using /home/force/Desktop/work/compliance_testing/our_riscv/work/riscof_work/C/src/cswsp-01.S/ref/Reference-sail_c_simulator.signature for test-signature output.
[Sail] Allocating new block 0x80000000
tohost located at 0x80001000
[Sail] Allocating new block 0x0

Running file ref.elf.
ELF Entry @ 0x80000000
begin_signature: 0x80003110
end_signature: 0x80003230
CSR mstatus <- 0x00000000 (input: 0x00000000)
mem[X,0x00001000] -> 0x0297
mem[X,0x00001002] -> 0x0000
[0] [M]: 0x00001000 (0x00000297) auipc t0, 0
x5 <- 0x00001000


mem[X,0x00001004] -> 0x8593
mem[X,0x00001006] -> 0x0202
[1] [M]: 0x00001004 (0x02028593) addi a1, t0, 32
x11 <- 0x00001020


mem[X,0x00001008] -> 0x2573
mem[X,0x0000100A] -> 0xF140
[2] [M]: 0x00001008 (0xF1402573) csrrs a0, mhartid, zero
CSR mhartid -> 0x00000000
x10 <- 0x00000000


mem[X,0x0000100C] -> 0xA283
mem[X,0x0000100E] -> 0x0182
[3] [M]: 0x0000100C (0x0182A283) lw t0, 24(t0)
mem[R,0x00001018] -> 0x80000000
x5 <- 0x80000000


mem[X,0x00001010] -> 0x8067
mem[X,0x00001012] -> 0x0002
[4] [M]: 0x00001010 (0x00028067) jalr zero, t0, 0


mem[X,0x80000000] -> 0xC0B7
mem[X,0x80000002] -> 0xFEED
[5] [M]: 0x80000000 (0xFEEDC0B7) lui ra, 1044188
x1 <- 0xFEEDC000


mem[X,0x80000004] -> 0x8093
mem[X,0x80000006] -> 0xEAD0
[6] [M]: 0x80000004 (0xEAD08093) addi ra, ra, 3757
x1 <- 0xFEEDBEAD


mem[X,0x80000008] -> 0xE137
mem[X,0x8000000A] -> 0xFF76
[7] [M]: 0x80000008 (0xFF76E137) lui sp, 1046382
x2 <- 0xFF76E000


mem[X,0x8000000C] -> 0x0113
mem[X,0x8000000E] -> 0xF561
[8] [M]: 0x8000000C (0xF5610113) addi sp, sp, 3926
x2 <- 0xFF76DF56


mem[X,0x80000010] -> 0x71B7
mem[X,0x80000012] -> 0x7FBB
[9] [M]: 0x80000010 (0x7FBB71B7) lui gp, 523191
x3 <- 0x7FBB7000


mem[X,0x80000014] -> 0x8193
mem[X,0x80000016] -> 0xFAB1
[10] [M]: 0x80000014 (0xFAB18193) addi gp, gp, 4011
x3 <- 0x7FBB6FAB


mem[X,0x80000018] -> 0xB237
mem[X,0x8000001A] -> 0xBFDD
[11] [M]: 0x80000018 (0xBFDDB237) lui tp, 785883
x4 <- 0xBFDDB000


mem[X,0x8000001C] -> 0x0213
mem[X,0x8000001E] -> 0x7D52
[12] [M]: 0x8000001C (0x7D520213) addi tp, tp, 2005
x4 <- 0xBFDDB7D5


mem[X,0x80000020] -> 0x0297
mem[X,0x80000022] -> 0x0000
[13] [M]: 0x80000020 (0x00000297) auipc t0, 0
x5 <- 0x80000020


mem[X,0x80000024] -> 0x8293
mem[X,0x80000026] -> 0x0882
[14] [M]: 0x80000024 (0x08828293) addi t0, t0, 136
x5 <- 0x800000A8


mem[X,0x80000028] -> 0x0013
mem[X,0x8000002A] -> 0x0000
[15] [M]: 0x80000028 (0x00000013) addi zero, zero, 0


mem[X,0x8000002C] -> 0x0013
mem[X,0x8000002E] -> 0x0000
[16] [M]: 0x8000002C (0x00000013) addi zero, zero, 0


mem[X,0x80000030] -> 0x0013
mem[X,0x80000032] -> 0x0000
[17] [M]: 0x80000030 (0x00000013) addi zero, zero, 0


mem[X,0x80000034] -> 0x0013
mem[X,0x80000036] -> 0x0000
[18] [M]: 0x80000034 (0x00000013) addi zero, zero, 0


mem[X,0x80000038] -> 0x0013
mem[X,0x8000003A] -> 0x0000
[19] [M]: 0x80000038 (0x00000013) addi zero, zero, 0


mem[X,0x8000003C] -> 0x0013
mem[X,0x8000003E] -> 0x0000
[20] [M]: 0x8000003C (0x00000013) addi zero, zero, 0


mem[X,0x80000040] -> 0x2317
mem[X,0x80000042] -> 0x0000
[21] [M]: 0x80000040 (0x00002317) auipc t1, 2
x6 <- 0x80002040


mem[X,0x80000044] -> 0x0313
mem[X,0x80000046] -> 0xFC03
[22] [M]: 0x80000044 (0xFC030313) addi t1, t1, 4032
x6 <- 0x80002000


mem[X,0x80000048] -> 0x0013
mem[X,0x8000004A] -> 0x0000
[23] [M]: 0x80000048 (0x00000013) addi zero, zero, 0


mem[X,0x8000004C] -> 0x0013
mem[X,0x8000004E] -> 0x0000
[24] [M]: 0x8000004C (0x00000013) addi zero, zero, 0


mem[X,0x80000050] -> 0x0013
mem[X,0x80000052] -> 0x0000
[25] [M]: 0x80000050 (0x00000013) addi zero, zero, 0


mem[X,0x80000054] -> 0x0013
mem[X,0x80000056] -> 0x0000
[26] [M]: 0x80000054 (0x00000013) addi zero, zero, 0


mem[X,0x80000058] -> 0x0013
mem[X,0x8000005A] -> 0x0000
[27] [M]: 0x80000058 (0x00000013) addi zero, zero, 0


mem[X,0x8000005C] -> 0x0013
mem[X,0x8000005E] -> 0x0000
[28] [M]: 0x8000005C (0x00000013) addi zero, zero, 0


mem[X,0x80000060] -> 0xB3B7
mem[X,0x80000062] -> 0xB7FB
[29] [M]: 0x80000060 (0xB7FBB3B7) lui t2, 753595
x7 <- 0xB7FBB000


mem[X,0x80000064] -> 0x8393
mem[X,0x80000066] -> 0x6FA3
[30] [M]: 0x80000064 (0x6FA38393) addi t2, t2, 1786
x7 <- 0xB7FBB6FA


mem[X,0x80000068] -> 0xE437
mem[X,0x8000006A] -> 0x5BFD
[31] [M]: 0x80000068 (0x5BFDE437) lui fp, 376798
x8 <- 0x5BFDE000


mem[X,0x8000006C] -> 0x0413
mem[X,0x8000006E] -> 0xB7D4
[32] [M]: 0x8000006C (0xB7D40413) addi fp, fp, 2941
x8 <- 0x5BFDDB7D


mem[X,0x80000070] -> 0xF4B7
mem[X,0x80000072] -> 0xADFE
[33] [M]: 0x80000070 (0xADFEF4B7) lui s1, 712687
x9 <- 0xADFEF000


mem[X,0x80000074] -> 0x8493
mem[X,0x80000076] -> 0xDBE4
[34] [M]: 0x80000074 (0xDBE48493) addi s1, s1, 3518
x9 <- 0xADFEEDBE


mem[X,0x80000078] -> 0x7537
mem[X,0x8000007A] -> 0x56FF
[35] [M]: 0x80000078 (0x56FF7537) lui a0, 356343
x10 <- 0x56FF7000


mem[X,0x8000007C] -> 0x0513
mem[X,0x8000007E] -> 0x6DF5
[36] [M]: 0x8000007C (0x6DF50513) addi a0, a0, 1759
x10 <- 0x56FF76DF


mem[X,0x80000080] -> 0xC5B7
mem[X,0x80000082] -> 0xAB7F
[37] [M]: 0x80000080 (0xAB7FC5B7) lui a1, 702460
x11 <- 0xAB7FC000


mem[X,0x80000084] -> 0x8593
mem[X,0x80000086] -> 0xB6F5
[38] [M]: 0x80000084 (0xB6F58593) addi a1, a1, 2927
x11 <- 0xAB7FBB6F


mem[X,0x80000088] -> 0xE637
mem[X,0x8000008A] -> 0xD5BF
[39] [M]: 0x80000088 (0xD5BFE637) lui a2, 875518
x12 <- 0xD5BFE000


mem[X,0x8000008C] -> 0x0613
mem[X,0x8000008E] -> 0xDB76
[40] [M]: 0x8000008C (0xDB760613) addi a2, a2, 3511
x12 <- 0xD5BFDDB7


mem[X,0x80000090] -> 0xF6B7
mem[X,0x80000092] -> 0xEADF
[41] [M]: 0x80000090 (0xEADFF6B7) lui a3, 962047
x13 <- 0xEADFF000


mem[X,0x80000094] -> 0x8693
mem[X,0x80000096] -> 0xEDB6
[42] [M]: 0x80000094 (0xEDB68693) addi a3, a3, 3803
x13 <- 0xEADFEEDB


mem[X,0x80000098] -> 0xF737
mem[X,0x8000009A] -> 0xF56F
[43] [M]: 0x80000098 (0xF56FF737) lui a4, 1005311
x14 <- 0xF56FF000


mem[X,0x8000009C] -> 0x0713
mem[X,0x8000009E] -> 0x76D7
[44] [M]: 0x8000009C (0x76D70713) addi a4, a4, 1901
x14 <- 0xF56FF76D


mem[X,0x800000A0] -> 0x07B7
mem[X,0x800000A2] -> 0xFAB8
[45] [M]: 0x800000A0 (0xFAB807B7) lui a5, 1026944
x15 <- 0xFAB80000


mem[X,0x800000A4] -> 0x8793
mem[X,0x800000A6] -> 0xBB67
[46] [M]: 0x800000A4 (0xBB678793) addi a5, a5, 2998
x15 <- 0xFAB7FBB6


mem[X,0x800000A8] -> 0x0013
mem[X,0x800000AA] -> 0x0000
[47] [M]: 0x800000A8 (0x00000013) addi zero, zero, 0


mem[X,0x800000AC] -> 0x0013
mem[X,0x800000AE] -> 0x0000
[48] [M]: 0x800000AC (0x00000013) addi zero, zero, 0


mem[X,0x800000B0] -> 0x0013
mem[X,0x800000B2] -> 0x0000
[49] [M]: 0x800000B0 (0x00000013) addi zero, zero, 0


mem[X,0x800000B4] -> 0x0013
mem[X,0x800000B6] -> 0x0000
[50] [M]: 0x800000B4 (0x00000013) addi zero, zero, 0


mem[X,0x800000B8] -> 0x0013
mem[X,0x800000BA] -> 0x0000
[51] [M]: 0x800000B8 (0x00000013) addi zero, zero, 0


mem[X,0x800000BC] -> 0x0013
mem[X,0x800000BE] -> 0x0000
[52] [M]: 0x800000BC (0x00000013) addi zero, zero, 0


mem[X,0x800000C0] -> 0x3417
mem[X,0x800000C2] -> 0x0000
[53] [M]: 0x800000C0 (0x00003417) auipc fp, 3
x8 <- 0x800030C0


mem[X,0x800000C4] -> 0x0413
mem[X,0x800000C6] -> 0x0544
[54] [M]: 0x800000C4 (0x05440413) addi fp, fp, 84
x8 <- 0x80003114


mem[X,0x800000C8] -> 0x0013
mem[X,0x800000CA] -> 0x0000
[55] [M]: 0x800000C8 (0x00000013) addi zero, zero, 0


mem[X,0x800000CC] -> 0x0013
mem[X,0x800000CE] -> 0x0000
[56] [M]: 0x800000CC (0x00000013) addi zero, zero, 0


mem[X,0x800000D0] -> 0x0013
mem[X,0x800000D2] -> 0x0000
[57] [M]: 0x800000D0 (0x00000013) addi zero, zero, 0


mem[X,0x800000D4] -> 0x0013
mem[X,0x800000D6] -> 0x0000
[58] [M]: 0x800000D4 (0x00000013) addi zero, zero, 0


mem[X,0x800000D8] -> 0x0013
mem[X,0x800000DA] -> 0x0000
[59] [M]: 0x800000D8 (0x00000013) addi zero, zero, 0


mem[X,0x800000DC] -> 0x0013
mem[X,0x800000DE] -> 0x0000
[60] [M]: 0x800000DC (0x00000013) addi zero, zero, 0


mem[X,0x800000E0] -> 0x0937
mem[X,0x800000E2] -> 0x8000
[61] [M]: 0x800000E0 (0x80000937) lui s2, 524288
x18 <- 0x80000000


mem[X,0x800000E4] -> 0x8122
[62] [M]: 0x800000E4 (0x8122) c.mv sp, fp
x2 <- 0x80003114


mem[X,0x800000E6] -> 0x45B1
[63] [M]: 0x800000E6 (0x45B1) c.li a1, 12
x11 <- 0x0000000C


mem[X,0x800000E8] -> 0x0133
mem[X,0x800000EA] -> 0x40B1
[64] [M]: 0x800000E8 (0x40B10133) sub sp, sp, a1
x2 <- 0x80003108


mem[X,0x800000EC] -> 0xC64A
[65] [M]: 0x800000EC (0xC64A) c.swsp s2, 3
mem[0x80003114] <- 0x80000000


mem[X,0x800000EE] -> 0x0001
[66] [M]: 0x800000EE (0x0001) c.nop


mem[X,0x800000F0] -> 0x0001
[67] [M]: 0x800000F0 (0x0001) c.nop


mem[X,0x800000F2] -> 0x4981
[68] [M]: 0x800000F2 (0x4981) c.li s3, 0
x19 <- 0x00000000


mem[X,0x800000F4] -> 0x0113
mem[X,0x800000F6] -> 0x0044
[69] [M]: 0x800000F4 (0x00440113) addi sp, fp, 4
x2 <- 0x80003118


mem[X,0x800000F8] -> 0x0593
mem[X,0x800000FA] -> 0x0380
[70] [M]: 0x800000F8 (0x03800593) addi a1, zero, 56
x11 <- 0x00000038


mem[X,0x800000FC] -> 0x0133
mem[X,0x800000FE] -> 0x40B1
[71] [M]: 0x800000FC (0x40B10133) sub sp, sp, a1
x2 <- 0x800030E0


mem[X,0x80000100] -> 0xDC4E
[72] [M]: 0x80000100 (0xDC4E) c.swsp s3, 14
mem[0x80003118] <- 0x00000000


mem[X,0x80000102] -> 0x0001
[73] [M]: 0x80000102 (0x0001) c.nop


mem[X,0x80000104] -> 0x0001
[74] [M]: 0x80000104 (0x0001) c.nop


mem[X,0x80000106] -> 0x0AB7
mem[X,0x80000108] -> 0x8000
[75] [M]: 0x80000106 (0x80000AB7) lui s5, 524288
x21 <- 0x80000000


mem[X,0x8000010A] -> 0x1AFD
[76] [M]: 0x8000010A (0x1AFD) c.addi s5, 63
x21 <- 0x7FFFFFFF


mem[X,0x8000010C] -> 0x0113
mem[X,0x8000010E] -> 0x0084
[77] [M]: 0x8000010C (0x00840113) addi sp, fp, 8
x2 <- 0x8000311C


mem[X,0x80000110] -> 0x45E1
[78] [M]: 0x80000110 (0x45E1) c.li a1, 24
x11 <- 0x00000018


mem[X,0x80000112] -> 0x0133
mem[X,0x80000114] -> 0x40B1
[79] [M]: 0x80000112 (0x40B10133) sub sp, sp, a1
x2 <- 0x80003104


mem[X,0x80000116] -> 0xCC56
[80] [M]: 0x80000116 (0xCC56) c.swsp s5, 6
mem[0x8000311C] <- 0x7FFFFFFF


mem[X,0x80000118] -> 0x0001
[81] [M]: 0x80000118 (0x0001) c.nop


mem[X,0x8000011A] -> 0x0001
[82] [M]: 0x8000011A (0x0001) c.nop


mem[X,0x8000011C] -> 0x4385
[83] [M]: 0x8000011C (0x4385) c.li t2, 1
x7 <- 0x00000001


mem[X,0x8000011E] -> 0x0113
mem[X,0x80000120] -> 0x00C4
[84] [M]: 0x8000011E (0x00C40113) addi sp, fp, 12
x2 <- 0x80003120


mem[X,0x80000122] -> 0x0593
mem[X,0x80000124] -> 0x02C0
[85] [M]: 0x80000122 (0x02C00593) addi a1, zero, 44
x11 <- 0x0000002C


mem[X,0x80000126] -> 0x0133
mem[X,0x80000128] -> 0x40B1
[86] [M]: 0x80000126 (0x40B10133) sub sp, sp, a1
x2 <- 0x800030F4


mem[X,0x8000012A] -> 0xD61E
[87] [M]: 0x8000012A (0xD61E) c.swsp t2, 11
mem[0x80003120] <- 0x00000001


mem[X,0x8000012C] -> 0x0001
[88] [M]: 0x8000012C (0x0001) c.nop


mem[X,0x8000012E] -> 0x0001
[89] [M]: 0x8000012E (0x0001) c.nop


mem[X,0x80000130] -> 0x0337
mem[X,0x80000132] -> 0x0008
[90] [M]: 0x80000130 (0x00080337) lui t1, 128
x6 <- 0x00080000


mem[X,0x80000134] -> 0x0113
mem[X,0x80000136] -> 0x0104
[91] [M]: 0x80000134 (0x01040113) addi sp, fp, 16
x2 <- 0x80003124


mem[X,0x80000138] -> 0x4581
[92] [M]: 0x80000138 (0x4581) c.li a1, 0
x11 <- 0x00000000


mem[X,0x8000013A] -> 0x0133
mem[X,0x8000013C] -> 0x40B1
[93] [M]: 0x8000013A (0x40B10133) sub sp, sp, a1
x2 <- 0x80003124


mem[X,0x8000013E] -> 0xC01A
[94] [M]: 0x8000013E (0xC01A) c.swsp t1, 0
mem[0x80003124] <- 0x00080000


mem[X,0x80000140] -> 0x0001
[95] [M]: 0x80000140 (0x0001) c.nop


mem[X,0x80000142] -> 0x0001
[96] [M]: 0x80000142 (0x0001) c.nop


mem[X,0x80000144] -> 0x4D09
[97] [M]: 0x80000144 (0x4D09) c.li s10, 2
x26 <- 0x00000002


mem[X,0x80000146] -> 0x0113
mem[X,0x80000148] -> 0x0144
[98] [M]: 0x80000146 (0x01440113) addi sp, fp, 20
x2 <- 0x80003128


mem[X,0x8000014A] -> 0x0593
mem[X,0x8000014C] -> 0x0480
[99] [M]: 0x8000014A (0x04800593) addi a1, zero, 72
x11 <- 0x00000048


clint::tick mtime <- 0x0000000000000001
 clint timer pending at mtime 0x0000000000000001
htif::tick 0x0000000000000000
mem[X,0x8000014E] -> 0x0133
mem[X,0x80000150] -> 0x40B1
[100] [M]: 0x8000014E (0x40B10133) sub sp, sp, a1
x2 <- 0x800030E0


mem[X,0x80000152] -> 0xC4EA
[101] [M]: 0x80000152 (0xC4EA) c.swsp s10, 18
mem[0x80003128] <- 0x00000002


mem[X,0x80000154] -> 0x0001
[102] [M]: 0x80000154 (0x0001) c.nop


mem[X,0x80000156] -> 0x0001
[103] [M]: 0x80000156 (0x0001) c.nop


mem[X,0x80000158] -> 0x4711
[104] [M]: 0x80000158 (0x4711) c.li a4, 4
x14 <- 0x00000004


mem[X,0x8000015A] -> 0x0113
mem[X,0x8000015C] -> 0x0184
[105] [M]: 0x8000015A (0x01840113) addi sp, fp, 24
x2 <- 0x8000312C


mem[X,0x8000015E] -> 0x0593
mem[X,0x80000160] -> 0x0400
[106] [M]: 0x8000015E (0x04000593) addi a1, zero, 64
x11 <- 0x00000040


mem[X,0x80000162] -> 0x0133
mem[X,0x80000164] -> 0x40B1
[107] [M]: 0x80000162 (0x40B10133) sub sp, sp, a1
x2 <- 0x800030EC


mem[X,0x80000166] -> 0xC0BA
[108] [M]: 0x80000166 (0xC0BA) c.swsp a4, 16
mem[0x8000312C] <- 0x00000004


mem[X,0x80000168] -> 0x0001
[109] [M]: 0x80000168 (0x0001) c.nop


mem[X,0x8000016A] -> 0x0001
[110] [M]: 0x8000016A (0x0001) c.nop


mem[X,0x8000016C] -> 0x41A1
[111] [M]: 0x8000016C (0x41A1) c.li gp, 8
x3 <- 0x00000008


mem[X,0x8000016E] -> 0x0113
mem[X,0x80000170] -> 0x01C4
[112] [M]: 0x8000016E (0x01C40113) addi sp, fp, 28
x2 <- 0x80003130


mem[X,0x80000172] -> 0x0593
mem[X,0x80000174] -> 0x0DC0
[113] [M]: 0x80000172 (0x0DC00593) addi a1, zero, 220
x11 <- 0x000000DC


mem[X,0x80000176] -> 0x0133
mem[X,0x80000178] -> 0x40B1
[114] [M]: 0x80000176 (0x40B10133) sub sp, sp, a1
x2 <- 0x80003054


mem[X,0x8000017A] -> 0xCF8E
[115] [M]: 0x8000017A (0xCF8E) c.swsp gp, 55
mem[0x80003130] <- 0x00000008


mem[X,0x8000017C] -> 0x0001
[116] [M]: 0x8000017C (0x0001) c.nop


mem[X,0x8000017E] -> 0x0001
[117] [M]: 0x8000017E (0x0001) c.nop


mem[X,0x80000180] -> 0x40C1
[118] [M]: 0x80000180 (0x40C1) c.li ra, 16
x1 <- 0x00000010


mem[X,0x80000182] -> 0x0113
mem[X,0x80000184] -> 0x0204
[119] [M]: 0x80000182 (0x02040113) addi sp, fp, 32
x2 <- 0x80003134


mem[X,0x80000186] -> 0x0593
mem[X,0x80000188] -> 0x04C0
[120] [M]: 0x80000186 (0x04C00593) addi a1, zero, 76
x11 <- 0x0000004C


mem[X,0x8000018A] -> 0x0133
mem[X,0x8000018C] -> 0x40B1
[121] [M]: 0x8000018A (0x40B10133) sub sp, sp, a1
x2 <- 0x800030E8


mem[X,0x8000018E] -> 0xC686
[122] [M]: 0x8000018E (0xC686) c.swsp ra, 19
mem[0x80003134] <- 0x00000010


mem[X,0x80000190] -> 0x0001
[123] [M]: 0x80000190 (0x0001) c.nop


mem[X,0x80000192] -> 0x0001
[124] [M]: 0x80000192 (0x0001) c.nop


mem[X,0x80000194] -> 0x0793
mem[X,0x80000196] -> 0x0200
[125] [M]: 0x80000194 (0x02000793) addi a5, zero, 32
x15 <- 0x00000020


mem[X,0x80000198] -> 0x0113
mem[X,0x8000019A] -> 0x0244
[126] [M]: 0x80000198 (0x02440113) addi sp, fp, 36
x2 <- 0x80003138


mem[X,0x8000019C] -> 0x0593
mem[X,0x8000019E] -> 0x0F40
[127] [M]: 0x8000019C (0x0F400593) addi a1, zero, 244
x11 <- 0x000000F4


mem[X,0x800001A0] -> 0x0133
mem[X,0x800001A2] -> 0x40B1
[128] [M]: 0x800001A0 (0x40B10133) sub sp, sp, a1
x2 <- 0x80003044


mem[X,0x800001A4] -> 0xDBBE
[129] [M]: 0x800001A4 (0xDBBE) c.swsp a5, 61
mem[0x80003138] <- 0x00000020


mem[X,0x800001A6] -> 0x0001
[130] [M]: 0x800001A6 (0x0001) c.nop


mem[X,0x800001A8] -> 0x0001
[131] [M]: 0x800001A8 (0x0001) c.nop


mem[X,0x800001AA] -> 0x0613
mem[X,0x800001AC] -> 0x0400
[132] [M]: 0x800001AA (0x04000613) addi a2, zero, 64
x12 <- 0x00000040


mem[X,0x800001AE] -> 0x0113
mem[X,0x800001B0] -> 0x0284
[133] [M]: 0x800001AE (0x02840113) addi sp, fp, 40
x2 <- 0x8000313C


mem[X,0x800001B2] -> 0x45D1
[134] [M]: 0x800001B2 (0x45D1) c.li a1, 20
x11 <- 0x00000014


mem[X,0x800001B4] -> 0x0133
mem[X,0x800001B6] -> 0x40B1
[135] [M]: 0x800001B4 (0x40B10133) sub sp, sp, a1
x2 <- 0x80003128


mem[X,0x800001B8] -> 0xCA32
[136] [M]: 0x800001B8 (0xCA32) c.swsp a2, 5
mem[0x8000313C] <- 0x00000040


mem[X,0x800001BA] -> 0x0001
[137] [M]: 0x800001BA (0x0001) c.nop


mem[X,0x800001BC] -> 0x0001
[138] [M]: 0x800001BC (0x0001) c.nop


mem[X,0x800001BE] -> 0x0813
mem[X,0x800001C0] -> 0x0800
[139] [M]: 0x800001BE (0x08000813) addi a6, zero, 128
x16 <- 0x00000080


mem[X,0x800001C2] -> 0x0113
mem[X,0x800001C4] -> 0x02C4
[140] [M]: 0x800001C2 (0x02C40113) addi sp, fp, 44
x2 <- 0x80003140


mem[X,0x800001C6] -> 0x0593
mem[X,0x800001C8] -> 0x0340
[141] [M]: 0x800001C6 (0x03400593) addi a1, zero, 52
x11 <- 0x00000034


mem[X,0x800001CA] -> 0x0133
mem[X,0x800001CC] -> 0x40B1
[142] [M]: 0x800001CA (0x40B10133) sub sp, sp, a1
x2 <- 0x8000310C


mem[X,0x800001CE] -> 0xDA42
[143] [M]: 0x800001CE (0xDA42) c.swsp a6, 13
mem[0x80003140] <- 0x00000080


mem[X,0x800001D0] -> 0x0001
[144] [M]: 0x800001D0 (0x0001) c.nop


mem[X,0x800001D2] -> 0x0001
[145] [M]: 0x800001D2 (0x0001) c.nop


mem[X,0x800001D4] -> 0x0F13
mem[X,0x800001D6] -> 0x1000
[146] [M]: 0x800001D4 (0x10000F13) addi t5, zero, 256
x30 <- 0x00000100


mem[X,0x800001D8] -> 0x0113
mem[X,0x800001DA] -> 0x0304
[147] [M]: 0x800001D8 (0x03040113) addi sp, fp, 48
x2 <- 0x80003144


mem[X,0x800001DC] -> 0x0593
mem[X,0x800001DE] -> 0x0200
[148] [M]: 0x800001DC (0x02000593) addi a1, zero, 32
x11 <- 0x00000020


mem[X,0x800001E0] -> 0x0133
mem[X,0x800001E2] -> 0x40B1
[149] [M]: 0x800001E0 (0x40B10133) sub sp, sp, a1
x2 <- 0x80003124


mem[X,0x800001E4] -> 0xD07A
[150] [M]: 0x800001E4 (0xD07A) c.swsp t5, 8
mem[0x80003144] <- 0x00000100


mem[X,0x800001E6] -> 0x0001
[151] [M]: 0x800001E6 (0x0001) c.nop


mem[X,0x800001E8] -> 0x0001
[152] [M]: 0x800001E8 (0x0001) c.nop


mem[X,0x800001EA] -> 0x0293
mem[X,0x800001EC] -> 0x2000
[153] [M]: 0x800001EA (0x20000293) addi t0, zero, 512
x5 <- 0x00000200


mem[X,0x800001EE] -> 0x0113
mem[X,0x800001F0] -> 0x0344
[154] [M]: 0x800001EE (0x03440113) addi sp, fp, 52
x2 <- 0x80003148


mem[X,0x800001F2] -> 0x0593
mem[X,0x800001F4] -> 0x0FC0
[155] [M]: 0x800001F2 (0x0FC00593) addi a1, zero, 252
x11 <- 0x000000FC


mem[X,0x800001F6] -> 0x0133
mem[X,0x800001F8] -> 0x40B1
[156] [M]: 0x800001F6 (0x40B10133) sub sp, sp, a1
x2 <- 0x8000304C


mem[X,0x800001FA] -> 0xDF96
[157] [M]: 0x800001FA (0xDF96) c.swsp t0, 63
mem[0x80003148] <- 0x00000200


mem[X,0x800001FC] -> 0x0001
[158] [M]: 0x800001FC (0x0001) c.nop


mem[X,0x800001FE] -> 0x0001
[159] [M]: 0x800001FE (0x0001) c.nop


mem[X,0x80000200] -> 0x0493
mem[X,0x80000202] -> 0x4000
[160] [M]: 0x80000200 (0x40000493) addi s1, zero, 1024
x9 <- 0x00000400


mem[X,0x80000204] -> 0x0113
mem[X,0x80000206] -> 0x0384
[161] [M]: 0x80000204 (0x03840113) addi sp, fp, 56
x2 <- 0x8000314C


mem[X,0x80000208] -> 0x0593
mem[X,0x8000020A] -> 0x03C0
[162] [M]: 0x80000208 (0x03C00593) addi a1, zero, 60
x11 <- 0x0000003C


mem[X,0x8000020C] -> 0x0133
mem[X,0x8000020E] -> 0x40B1
[163] [M]: 0x8000020C (0x40B10133) sub sp, sp, a1
x2 <- 0x80003110


mem[X,0x80000210] -> 0xDE26
[164] [M]: 0x80000210 (0xDE26) c.swsp s1, 15
mem[0x8000314C] <- 0x00000400


mem[X,0x80000212] -> 0x0001
[165] [M]: 0x80000212 (0x0001) c.nop


mem[X,0x80000214] -> 0x0001
[166] [M]: 0x80000214 (0x0001) c.nop


mem[X,0x80000216] -> 0x6C85
[167] [M]: 0x80000216 (0x6C85) c.lui s9, 1
x25 <- 0x00001000


mem[X,0x80000218] -> 0x8C93
mem[X,0x8000021A] -> 0x800C
[168] [M]: 0x80000218 (0x800C8C93) addi s9, s9, 2048
x25 <- 0x00000800


mem[X,0x8000021C] -> 0x0113
mem[X,0x8000021E] -> 0x03C4
[169] [M]: 0x8000021C (0x03C40113) addi sp, fp, 60
x2 <- 0x80003150


mem[X,0x80000220] -> 0x0593
mem[X,0x80000222] -> 0x0480
[170] [M]: 0x80000220 (0x04800593) addi a1, zero, 72
x11 <- 0x00000048


mem[X,0x80000224] -> 0x0133
mem[X,0x80000226] -> 0x40B1
[171] [M]: 0x80000224 (0x40B10133) sub sp, sp, a1
x2 <- 0x80003108


mem[X,0x80000228] -> 0xC4E6
[172] [M]: 0x80000228 (0xC4E6) c.swsp s9, 18
mem[0x80003150] <- 0x00000800


mem[X,0x8000022A] -> 0x0001
[173] [M]: 0x8000022A (0x0001) c.nop


mem[X,0x8000022C] -> 0x0001
[174] [M]: 0x8000022C (0x0001) c.nop


mem[X,0x8000022E] -> 0x6B05
[175] [M]: 0x8000022E (0x6B05) c.lui s6, 1
x22 <- 0x00001000


mem[X,0x80000230] -> 0x0113
mem[X,0x80000232] -> 0x0404
[176] [M]: 0x80000230 (0x04040113) addi sp, fp, 64
x2 <- 0x80003154


mem[X,0x80000234] -> 0x0593
mem[X,0x80000236] -> 0x0440
[177] [M]: 0x80000234 (0x04400593) addi a1, zero, 68
x11 <- 0x00000044


mem[X,0x80000238] -> 0x0133
mem[X,0x8000023A] -> 0x40B1
[178] [M]: 0x80000238 (0x40B10133) sub sp, sp, a1
x2 <- 0x80003110


mem[X,0x8000023C] -> 0xC2DA
[179] [M]: 0x8000023C (0xC2DA) c.swsp s6, 17
mem[0x80003154] <- 0x00001000


mem[X,0x8000023E] -> 0x0001
[180] [M]: 0x8000023E (0x0001) c.nop


mem[X,0x80000240] -> 0x0001
[181] [M]: 0x80000240 (0x0001) c.nop


mem[X,0x80000242] -> 0x6209
[182] [M]: 0x80000242 (0x6209) c.lui tp, 2
x4 <- 0x00002000


mem[X,0x80000244] -> 0x0113
mem[X,0x80000246] -> 0x0444
[183] [M]: 0x80000244 (0x04440113) addi sp, fp, 68
x2 <- 0x80003158


mem[X,0x80000248] -> 0x4591
[184] [M]: 0x80000248 (0x4591) c.li a1, 4
x11 <- 0x00000004


mem[X,0x8000024A] -> 0x0133
mem[X,0x8000024C] -> 0x40B1
[185] [M]: 0x8000024A (0x40B10133) sub sp, sp, a1
x2 <- 0x80003154


mem[X,0x8000024E] -> 0xC212
[186] [M]: 0x8000024E (0xC212) c.swsp tp, 1
mem[0x80003158] <- 0x00002000


mem[X,0x80000250] -> 0x0001
[187] [M]: 0x80000250 (0x0001) c.nop


mem[X,0x80000252] -> 0x0001
[188] [M]: 0x80000252 (0x0001) c.nop


mem[X,0x80000254] -> 0x6891
[189] [M]: 0x80000254 (0x6891) c.lui a7, 4
x17 <- 0x00004000


mem[X,0x80000256] -> 0x0113
mem[X,0x80000258] -> 0x0484
[190] [M]: 0x80000256 (0x04840113) addi sp, fp, 72
x2 <- 0x8000315C


mem[X,0x8000025A] -> 0x45A1
[191] [M]: 0x8000025A (0x45A1) c.li a1, 8
x11 <- 0x00000008


mem[X,0x8000025C] -> 0x0133
mem[X,0x8000025E] -> 0x40B1
[192] [M]: 0x8000025C (0x40B10133) sub sp, sp, a1
x2 <- 0x80003154


mem[X,0x80000260] -> 0xC446
[193] [M]: 0x80000260 (0xC446) c.swsp a7, 2
mem[0x8000315C] <- 0x00004000


mem[X,0x80000262] -> 0x0001
[194] [M]: 0x80000262 (0x0001) c.nop


mem[X,0x80000264] -> 0x0001
[195] [M]: 0x80000264 (0x0001) c.nop


mem[X,0x80000266] -> 0x6DA1
[196] [M]: 0x80000266 (0x6DA1) c.lui s11, 8
x27 <- 0x00008000


mem[X,0x80000268] -> 0x0113
mem[X,0x8000026A] -> 0x04C4
[197] [M]: 0x80000268 (0x04C40113) addi sp, fp, 76
x2 <- 0x80003160


mem[X,0x8000026C] -> 0x0593
mem[X,0x8000026E] -> 0x07C0
[198] [M]: 0x8000026C (0x07C00593) addi a1, zero, 124
x11 <- 0x0000007C


mem[X,0x80000270] -> 0x0133
mem[X,0x80000272] -> 0x40B1
[199] [M]: 0x80000270 (0x40B10133) sub sp, sp, a1
x2 <- 0x800030E4


clint::tick mtime <- 0x0000000000000002
 clint timer pending at mtime 0x0000000000000002
htif::tick 0x0000000000000000
mem[X,0x80000274] -> 0xDEEE
[200] [M]: 0x80000274 (0xDEEE) c.swsp s11, 31
mem[0x80003160] <- 0x00008000


mem[X,0x80000276] -> 0x0001
[201] [M]: 0x80000276 (0x0001) c.nop


mem[X,0x80000278] -> 0x0001
[202] [M]: 0x80000278 (0x0001) c.nop


mem[X,0x8000027A] -> 0x6C41
[203] [M]: 0x8000027A (0x6C41) c.lui s8, 16
x24 <- 0x00010000


mem[X,0x8000027C] -> 0x0113
mem[X,0x8000027E] -> 0x0504
[204] [M]: 0x8000027C (0x05040113) addi sp, fp, 80
x2 <- 0x80003164


mem[X,0x80000280] -> 0x0593
mem[X,0x80000282] -> 0x03C0
[205] [M]: 0x80000280 (0x03C00593) addi a1, zero, 60
x11 <- 0x0000003C


mem[X,0x80000284] -> 0x0133
mem[X,0x80000286] -> 0x40B1
[206] [M]: 0x80000284 (0x40B10133) sub sp, sp, a1
x2 <- 0x80003128


mem[X,0x80000288] -> 0xDE62
[207] [M]: 0x80000288 (0xDE62) c.swsp s8, 15
mem[0x80003164] <- 0x00010000


mem[X,0x8000028A] -> 0x0001
[208] [M]: 0x8000028A (0x0001) c.nop


mem[X,0x8000028C] -> 0x0001
[209] [M]: 0x8000028C (0x0001) c.nop


mem[X,0x8000028E] -> 0x0A37
mem[X,0x80000290] -> 0x0002
[210] [M]: 0x8000028E (0x00020A37) lui s4, 32
x20 <- 0x00020000


mem[X,0x80000292] -> 0x0113
mem[X,0x80000294] -> 0x0544
[211] [M]: 0x80000292 (0x05440113) addi sp, fp, 84
x2 <- 0x80003168


mem[X,0x80000296] -> 0x0593
mem[X,0x80000298] -> 0x0400
[212] [M]: 0x80000296 (0x04000593) addi a1, zero, 64
x11 <- 0x00000040


mem[X,0x8000029A] -> 0x0133
mem[X,0x8000029C] -> 0x40B1
[213] [M]: 0x8000029A (0x40B10133) sub sp, sp, a1
x2 <- 0x80003128


mem[X,0x8000029E] -> 0xC0D2
[214] [M]: 0x8000029E (0xC0D2) c.swsp s4, 16
mem[0x80003168] <- 0x00020000


mem[X,0x800002A0] -> 0x0001
[215] [M]: 0x800002A0 (0x0001) c.nop


mem[X,0x800002A2] -> 0x0001
[216] [M]: 0x800002A2 (0x0001) c.nop


mem[X,0x800002A4] -> 0x0537
mem[X,0x800002A6] -> 0x0004
[217] [M]: 0x800002A4 (0x00040537) lui a0, 64
x10 <- 0x00040000


mem[X,0x800002A8] -> 0x0113
mem[X,0x800002AA] -> 0x0584
[218] [M]: 0x800002A8 (0x05840113) addi sp, fp, 88
x2 <- 0x8000316C


mem[X,0x800002AC] -> 0x0593
mem[X,0x800002AE] -> 0x0F40
[219] [M]: 0x800002AC (0x0F400593) addi a1, zero, 244
x11 <- 0x000000F4


mem[X,0x800002B0] -> 0x0133
mem[X,0x800002B2] -> 0x40B1
[220] [M]: 0x800002B0 (0x40B10133) sub sp, sp, a1
x2 <- 0x80003078


mem[X,0x800002B4] -> 0xDBAA
[221] [M]: 0x800002B4 (0xDBAA) c.swsp a0, 61
mem[0x8000316C] <- 0x00040000


mem[X,0x800002B6] -> 0x0001
[222] [M]: 0x800002B6 (0x0001) c.nop


mem[X,0x800002B8] -> 0x0001
[223] [M]: 0x800002B8 (0x0001) c.nop


mem[X,0x800002BA] -> 0x0BB7
mem[X,0x800002BC] -> 0x0010
[224] [M]: 0x800002BA (0x00100BB7) lui s7, 256
x23 <- 0x00100000


mem[X,0x800002BE] -> 0x0113
mem[X,0x800002C0] -> 0x05C4
[225] [M]: 0x800002BE (0x05C40113) addi sp, fp, 92
x2 <- 0x80003170


mem[X,0x800002C2] -> 0x0593
mem[X,0x800002C4] -> 0x0FC0
[226] [M]: 0x800002C2 (0x0FC00593) addi a1, zero, 252
x11 <- 0x000000FC


mem[X,0x800002C6] -> 0x0133
mem[X,0x800002C8] -> 0x40B1
[227] [M]: 0x800002C6 (0x40B10133) sub sp, sp, a1
x2 <- 0x80003074


mem[X,0x800002CA] -> 0xDFDE
[228] [M]: 0x800002CA (0xDFDE) c.swsp s7, 63
mem[0x80003170] <- 0x00100000


mem[X,0x800002CC] -> 0x0001
[229] [M]: 0x800002CC (0x0001) c.nop


mem[X,0x800002CE] -> 0x0001
[230] [M]: 0x800002CE (0x0001) c.nop


mem[X,0x800002D0] -> 0x06B7
mem[X,0x800002D2] -> 0x0020
[231] [M]: 0x800002D0 (0x002006B7) lui a3, 512
x13 <- 0x00200000


mem[X,0x800002D4] -> 0x0113
mem[X,0x800002D6] -> 0x0604
[232] [M]: 0x800002D4 (0x06040113) addi sp, fp, 96
x2 <- 0x80003174


mem[X,0x800002D8] -> 0x45F1
[233] [M]: 0x800002D8 (0x45F1) c.li a1, 28
x11 <- 0x0000001C


mem[X,0x800002DA] -> 0x0133
mem[X,0x800002DC] -> 0x40B1
[234] [M]: 0x800002DA (0x40B10133) sub sp, sp, a1
x2 <- 0x80003158


mem[X,0x800002DE] -> 0xCE36
[235] [M]: 0x800002DE (0xCE36) c.swsp a3, 7
mem[0x80003174] <- 0x00200000


mem[X,0x800002E0] -> 0x0001
[236] [M]: 0x800002E0 (0x0001) c.nop


mem[X,0x800002E2] -> 0x0001
[237] [M]: 0x800002E2 (0x0001) c.nop


mem[X,0x800002E4] -> 0x0EB7
mem[X,0x800002E6] -> 0x0040
[238] [M]: 0x800002E4 (0x00400EB7) lui t4, 1024
x29 <- 0x00400000


mem[X,0x800002E8] -> 0x0113
mem[X,0x800002EA] -> 0x0644
[239] [M]: 0x800002E8 (0x06440113) addi sp, fp, 100
x2 <- 0x80003178


mem[X,0x800002EC] -> 0x0593
mem[X,0x800002EE] -> 0x0480
[240] [M]: 0x800002EC (0x04800593) addi a1, zero, 72
x11 <- 0x00000048


mem[X,0x800002F0] -> 0x0133
mem[X,0x800002F2] -> 0x40B1
[241] [M]: 0x800002F0 (0x40B10133) sub sp, sp, a1
x2 <- 0x80003130


mem[X,0x800002F4] -> 0xC4F6
[242] [M]: 0x800002F4 (0xC4F6) c.swsp t4, 18
mem[0x80003178] <- 0x00400000


mem[X,0x800002F6] -> 0x0001
[243] [M]: 0x800002F6 (0x0001) c.nop


mem[X,0x800002F8] -> 0x0001
[244] [M]: 0x800002F8 (0x0001) c.nop


mem[X,0x800002FA] -> 0x0FB7
mem[X,0x800002FC] -> 0x0080
[245] [M]: 0x800002FA (0x00800FB7) lui t6, 2048
x31 <- 0x00800000


mem[X,0x800002FE] -> 0x0113
mem[X,0x80000300] -> 0x0684
[246] [M]: 0x800002FE (0x06840113) addi sp, fp, 104
x2 <- 0x8000317C


mem[X,0x80000302] -> 0x41C1
[247] [M]: 0x80000302 (0x41C1) c.li gp, 16
x3 <- 0x00000010


mem[X,0x80000304] -> 0x0133
mem[X,0x80000306] -> 0x4031
[248] [M]: 0x80000304 (0x40310133) sub sp, sp, gp
x2 <- 0x8000316C


mem[X,0x80000308] -> 0xC87E
[249] [M]: 0x80000308 (0xC87E) c.swsp t6, 4
mem[0x8000317C] <- 0x00800000


mem[X,0x8000030A] -> 0x0001
[250] [M]: 0x8000030A (0x0001) c.nop


mem[X,0x8000030C] -> 0x0001
[251] [M]: 0x8000030C (0x0001) c.nop


mem[X,0x8000030E] -> 0x0013
mem[X,0x80000310] -> 0x0000
[252] [M]: 0x8000030E (0x00000013) addi zero, zero, 0


mem[X,0x80000312] -> 0x0013
mem[X,0x80000314] -> 0x0000
[253] [M]: 0x80000312 (0x00000013) addi zero, zero, 0


mem[X,0x80000316] -> 0x0013
mem[X,0x80000318] -> 0x0000
[254] [M]: 0x80000316 (0x00000013) addi zero, zero, 0


mem[X,0x8000031A] -> 0x0013
mem[X,0x8000031C] -> 0x0000
[255] [M]: 0x8000031A (0x00000013) addi zero, zero, 0


mem[X,0x8000031E] -> 0x0001
[256] [M]: 0x8000031E (0x0001) c.nop


mem[X,0x80000320] -> 0x3097
mem[X,0x80000322] -> 0x0000
[257] [M]: 0x80000320 (0x00003097) auipc ra, 3
x1 <- 0x80003320


mem[X,0x80000324] -> 0x8093
mem[X,0x80000326] -> 0xE600
[258] [M]: 0x80000324 (0xE6008093) addi ra, ra, 3680
x1 <- 0x80003180


mem[X,0x80000328] -> 0x0013
mem[X,0x8000032A] -> 0x0000
[259] [M]: 0x80000328 (0x00000013) addi zero, zero, 0


mem[X,0x8000032C] -> 0x0013
mem[X,0x8000032E] -> 0x0000
[260] [M]: 0x8000032C (0x00000013) addi zero, zero, 0


mem[X,0x80000330] -> 0x0013
mem[X,0x80000332] -> 0x0000
[261] [M]: 0x80000330 (0x00000013) addi zero, zero, 0


mem[X,0x80000334] -> 0x0013
mem[X,0x80000336] -> 0x0000
[262] [M]: 0x80000334 (0x00000013) addi zero, zero, 0


mem[X,0x80000338] -> 0x0013
mem[X,0x8000033A] -> 0x0000
[263] [M]: 0x80000338 (0x00000013) addi zero, zero, 0


mem[X,0x8000033C] -> 0x0013
mem[X,0x8000033E] -> 0x0000
[264] [M]: 0x8000033C (0x00000013) addi zero, zero, 0


mem[X,0x80000340] -> 0x05B7
mem[X,0x80000342] -> 0x0100
[265] [M]: 0x80000340 (0x010005B7) lui a1, 4096
x11 <- 0x01000000


mem[X,0x80000344] -> 0x8106
[266] [M]: 0x80000344 (0x8106) c.mv sp, ra
x2 <- 0x80003180


mem[X,0x80000346] -> 0x41B1
[267] [M]: 0x80000346 (0x41B1) c.li gp, 12
x3 <- 0x0000000C


mem[X,0x80000348] -> 0x0133
mem[X,0x8000034A] -> 0x4031
[268] [M]: 0x80000348 (0x40310133) sub sp, sp, gp
x2 <- 0x80003174


mem[X,0x8000034C] -> 0xC62E
[269] [M]: 0x8000034C (0xC62E) c.swsp a1, 3
mem[0x80003180] <- 0x01000000


mem[X,0x8000034E] -> 0x0001
[270] [M]: 0x8000034E (0x0001) c.nop


mem[X,0x80000350] -> 0x0001
[271] [M]: 0x80000350 (0x0001) c.nop


mem[X,0x80000352] -> 0x0437
mem[X,0x80000354] -> 0x0200
[272] [M]: 0x80000352 (0x02000437) lui fp, 8192
x8 <- 0x02000000


mem[X,0x80000356] -> 0x8113
mem[X,0x80000358] -> 0x0040
[273] [M]: 0x80000356 (0x00408113) addi sp, ra, 4
x2 <- 0x80003184


mem[X,0x8000035A] -> 0x0193
mem[X,0x8000035C] -> 0x0FC0
[274] [M]: 0x8000035A (0x0FC00193) addi gp, zero, 252
x3 <- 0x000000FC


mem[X,0x8000035E] -> 0x0133
mem[X,0x80000360] -> 0x4031
[275] [M]: 0x8000035E (0x40310133) sub sp, sp, gp
x2 <- 0x80003088


mem[X,0x80000362] -> 0xDFA2
[276] [M]: 0x80000362 (0xDFA2) c.swsp fp, 63
mem[0x80003184] <- 0x02000000


mem[X,0x80000364] -> 0x0001
[277] [M]: 0x80000364 (0x0001) c.nop


mem[X,0x80000366] -> 0x0001
[278] [M]: 0x80000366 (0x0001) c.nop


mem[X,0x80000368] -> 0x0E37
mem[X,0x8000036A] -> 0x0400
[279] [M]: 0x80000368 (0x04000E37) lui t3, 16384
x28 <- 0x04000000


mem[X,0x8000036C] -> 0x8113
mem[X,0x8000036E] -> 0x0080
[280] [M]: 0x8000036C (0x00808113) addi sp, ra, 8
x2 <- 0x80003188


mem[X,0x80000370] -> 0x0193
mem[X,0x80000372] -> 0x02C0
[281] [M]: 0x80000370 (0x02C00193) addi gp, zero, 44
x3 <- 0x0000002C


mem[X,0x80000374] -> 0x0133
mem[X,0x80000376] -> 0x4031
[282] [M]: 0x80000374 (0x40310133) sub sp, sp, gp
x2 <- 0x8000315C


mem[X,0x80000378] -> 0xD672
[283] [M]: 0x80000378 (0xD672) c.swsp t3, 11
mem[0x80003188] <- 0x04000000


mem[X,0x8000037A] -> 0x0001
[284] [M]: 0x8000037A (0x0001) c.nop


mem[X,0x8000037C] -> 0x0001
[285] [M]: 0x8000037C (0x0001) c.nop


mem[X,0x8000037E] -> 0x0537
mem[X,0x80000380] -> 0x0800
[286] [M]: 0x8000037E (0x08000537) lui a0, 32768
x10 <- 0x08000000


mem[X,0x80000382] -> 0x8113
mem[X,0x80000384] -> 0x00C0
[287] [M]: 0x80000382 (0x00C08113) addi sp, ra, 12
x2 <- 0x8000318C


mem[X,0x80000386] -> 0x41D1
[288] [M]: 0x80000386 (0x41D1) c.li gp, 20
x3 <- 0x00000014


mem[X,0x80000388] -> 0x0133
mem[X,0x8000038A] -> 0x4031
[289] [M]: 0x80000388 (0x40310133) sub sp, sp, gp
x2 <- 0x80003178


mem[X,0x8000038C] -> 0xCA2A
[290] [M]: 0x8000038C (0xCA2A) c.swsp a0, 5
mem[0x8000318C] <- 0x08000000


mem[X,0x8000038E] -> 0x0001
[291] [M]: 0x8000038E (0x0001) c.nop


mem[X,0x80000390] -> 0x0001
[292] [M]: 0x80000390 (0x0001) c.nop


mem[X,0x80000392] -> 0x0537
mem[X,0x80000394] -> 0x1000
[293] [M]: 0x80000392 (0x10000537) lui a0, 65536
x10 <- 0x10000000


mem[X,0x80000396] -> 0x8113
mem[X,0x80000398] -> 0x0100
[294] [M]: 0x80000396 (0x01008113) addi sp, ra, 16
x2 <- 0x80003190


mem[X,0x8000039A] -> 0x0193
mem[X,0x8000039C] -> 0x0800
[295] [M]: 0x8000039A (0x08000193) addi gp, zero, 128
x3 <- 0x00000080


mem[X,0x8000039E] -> 0x0133
mem[X,0x800003A0] -> 0x4031
[296] [M]: 0x8000039E (0x40310133) sub sp, sp, gp
x2 <- 0x80003110


mem[X,0x800003A2] -> 0xC12A
[297] [M]: 0x800003A2 (0xC12A) c.swsp a0, 32
mem[0x80003190] <- 0x10000000


mem[X,0x800003A4] -> 0x0001
[298] [M]: 0x800003A4 (0x0001) c.nop


mem[X,0x800003A6] -> 0x0001
[299] [M]: 0x800003A6 (0x0001) c.nop


clint::tick mtime <- 0x0000000000000003
 clint timer pending at mtime 0x0000000000000003
htif::tick 0x0000000000000000
mem[X,0x800003A8] -> 0x0537
mem[X,0x800003AA] -> 0x2000
[300] [M]: 0x800003A8 (0x20000537) lui a0, 131072
x10 <- 0x20000000


mem[X,0x800003AC] -> 0x8113
mem[X,0x800003AE] -> 0x0140
[301] [M]: 0x800003AC (0x01408113) addi sp, ra, 20
x2 <- 0x80003194


mem[X,0x800003B0] -> 0x4181
[302] [M]: 0x800003B0 (0x4181) c.li gp, 0
x3 <- 0x00000000


mem[X,0x800003B2] -> 0x0133
mem[X,0x800003B4] -> 0x4031
[303] [M]: 0x800003B2 (0x40310133) sub sp, sp, gp
x2 <- 0x80003194


mem[X,0x800003B6] -> 0xC02A
[304] [M]: 0x800003B6 (0xC02A) c.swsp a0, 0
mem[0x80003194] <- 0x20000000


mem[X,0x800003B8] -> 0x0001
[305] [M]: 0x800003B8 (0x0001) c.nop


mem[X,0x800003BA] -> 0x0001
[306] [M]: 0x800003BA (0x0001) c.nop


mem[X,0x800003BC] -> 0x0537
mem[X,0x800003BE] -> 0x4000
[307] [M]: 0x800003BC (0x40000537) lui a0, 262144
x10 <- 0x40000000


mem[X,0x800003C0] -> 0x8113
mem[X,0x800003C2] -> 0x0180
[308] [M]: 0x800003C0 (0x01808113) addi sp, ra, 24
x2 <- 0x80003198


mem[X,0x800003C4] -> 0x0193
mem[X,0x800003C6] -> 0x03C0
[309] [M]: 0x800003C4 (0x03C00193) addi gp, zero, 60
x3 <- 0x0000003C


mem[X,0x800003C8] -> 0x0133
mem[X,0x800003CA] -> 0x4031
[310] [M]: 0x800003C8 (0x40310133) sub sp, sp, gp
x2 <- 0x8000315C


mem[X,0x800003CC] -> 0xDE2A
[311] [M]: 0x800003CC (0xDE2A) c.swsp a0, 15
mem[0x80003198] <- 0x40000000


mem[X,0x800003CE] -> 0x0001
[312] [M]: 0x800003CE (0x0001) c.nop


mem[X,0x800003D0] -> 0x0001
[313] [M]: 0x800003D0 (0x0001) c.nop


mem[X,0x800003D2] -> 0x5579
[314] [M]: 0x800003D2 (0x5579) c.li a0, 62
x10 <- 0xFFFFFFFE


mem[X,0x800003D4] -> 0x8113
mem[X,0x800003D6] -> 0x01C0
[315] [M]: 0x800003D4 (0x01C08113) addi sp, ra, 28
x2 <- 0x8000319C


mem[X,0x800003D8] -> 0x0193
mem[X,0x800003DA] -> 0x0300
[316] [M]: 0x800003D8 (0x03000193) addi gp, zero, 48
x3 <- 0x00000030


mem[X,0x800003DC] -> 0x0133
mem[X,0x800003DE] -> 0x4031
[317] [M]: 0x800003DC (0x40310133) sub sp, sp, gp
x2 <- 0x8000316C


mem[X,0x800003E0] -> 0xD82A
[318] [M]: 0x800003E0 (0xD82A) c.swsp a0, 12
mem[0x8000319C] <- 0xFFFFFFFE


mem[X,0x800003E2] -> 0x0001
[319] [M]: 0x800003E2 (0x0001) c.nop


mem[X,0x800003E4] -> 0x0001
[320] [M]: 0x800003E4 (0x0001) c.nop


mem[X,0x800003E6] -> 0x5575
[321] [M]: 0x800003E6 (0x5575) c.li a0, 61
x10 <- 0xFFFFFFFD


mem[X,0x800003E8] -> 0x8113
mem[X,0x800003EA] -> 0x0200
[322] [M]: 0x800003E8 (0x02008113) addi sp, ra, 32
x2 <- 0x800031A0


mem[X,0x800003EC] -> 0x41B1
[323] [M]: 0x800003EC (0x41B1) c.li gp, 12
x3 <- 0x0000000C


mem[X,0x800003EE] -> 0x0133
mem[X,0x800003F0] -> 0x4031
[324] [M]: 0x800003EE (0x40310133) sub sp, sp, gp
x2 <- 0x80003194


mem[X,0x800003F2] -> 0xC62A
[325] [M]: 0x800003F2 (0xC62A) c.swsp a0, 3
mem[0x800031A0] <- 0xFFFFFFFD


mem[X,0x800003F4] -> 0x0001
[326] [M]: 0x800003F4 (0x0001) c.nop


mem[X,0x800003F6] -> 0x0001
[327] [M]: 0x800003F6 (0x0001) c.nop


mem[X,0x800003F8] -> 0x556D
[328] [M]: 0x800003F8 (0x556D) c.li a0, 59
x10 <- 0xFFFFFFFB


mem[X,0x800003FA] -> 0x8113
mem[X,0x800003FC] -> 0x0240
[329] [M]: 0x800003FA (0x02408113) addi sp, ra, 36
x2 <- 0x800031A4


mem[X,0x800003FE] -> 0x0193
mem[X,0x80000400] -> 0x0F80
[330] [M]: 0x800003FE (0x0F800193) addi gp, zero, 248
x3 <- 0x000000F8


mem[X,0x80000402] -> 0x0133
mem[X,0x80000404] -> 0x4031
[331] [M]: 0x80000402 (0x40310133) sub sp, sp, gp
x2 <- 0x800030AC


mem[X,0x80000406] -> 0xDDAA
[332] [M]: 0x80000406 (0xDDAA) c.swsp a0, 62
mem[0x800031A4] <- 0xFFFFFFFB


mem[X,0x80000408] -> 0x0001
[333] [M]: 0x80000408 (0x0001) c.nop


mem[X,0x8000040A] -> 0x0001
[334] [M]: 0x8000040A (0x0001) c.nop


mem[X,0x8000040C] -> 0x555D
[335] [M]: 0x8000040C (0x555D) c.li a0, 55
x10 <- 0xFFFFFFF7


mem[X,0x8000040E] -> 0x8113
mem[X,0x80000410] -> 0x0280
[336] [M]: 0x8000040E (0x02808113) addi sp, ra, 40
x2 <- 0x800031A8


mem[X,0x80000412] -> 0x41D1
[337] [M]: 0x80000412 (0x41D1) c.li gp, 20
x3 <- 0x00000014


mem[X,0x80000414] -> 0x0133
mem[X,0x80000416] -> 0x4031
[338] [M]: 0x80000414 (0x40310133) sub sp, sp, gp
x2 <- 0x80003194


mem[X,0x80000418] -> 0xCA2A
[339] [M]: 0x80000418 (0xCA2A) c.swsp a0, 5
mem[0x800031A8] <- 0xFFFFFFF7


mem[X,0x8000041A] -> 0x0001
[340] [M]: 0x8000041A (0x0001) c.nop


mem[X,0x8000041C] -> 0x0001
[341] [M]: 0x8000041C (0x0001) c.nop


mem[X,0x8000041E] -> 0x553D
[342] [M]: 0x8000041E (0x553D) c.li a0, 47
x10 <- 0xFFFFFFEF


mem[X,0x80000420] -> 0x8113
mem[X,0x80000422] -> 0x02C0
[343] [M]: 0x80000420 (0x02C08113) addi sp, ra, 44
x2 <- 0x800031AC


mem[X,0x80000424] -> 0x0193
mem[X,0x80000426] -> 0x02C0
[344] [M]: 0x80000424 (0x02C00193) addi gp, zero, 44
x3 <- 0x0000002C


mem[X,0x80000428] -> 0x0133
mem[X,0x8000042A] -> 0x4031
[345] [M]: 0x80000428 (0x40310133) sub sp, sp, gp
x2 <- 0x80003180


mem[X,0x8000042C] -> 0xD62A
[346] [M]: 0x8000042C (0xD62A) c.swsp a0, 11
mem[0x800031AC] <- 0xFFFFFFEF


mem[X,0x8000042E] -> 0x0001
[347] [M]: 0x8000042E (0x0001) c.nop


mem[X,0x80000430] -> 0x0001
[348] [M]: 0x80000430 (0x0001) c.nop


mem[X,0x80000432] -> 0x0513
mem[X,0x80000434] -> 0xFDF0
[349] [M]: 0x80000432 (0xFDF00513) addi a0, zero, 4063
x10 <- 0xFFFFFFDF


mem[X,0x80000436] -> 0x8113
mem[X,0x80000438] -> 0x0300
[350] [M]: 0x80000436 (0x03008113) addi sp, ra, 48
x2 <- 0x800031B0


mem[X,0x8000043A] -> 0x0193
mem[X,0x8000043C] -> 0x0340
[351] [M]: 0x8000043A (0x03400193) addi gp, zero, 52
x3 <- 0x00000034


mem[X,0x8000043E] -> 0x0133
mem[X,0x80000440] -> 0x4031
[352] [M]: 0x8000043E (0x40310133) sub sp, sp, gp
x2 <- 0x8000317C


mem[X,0x80000442] -> 0xDA2A
[353] [M]: 0x80000442 (0xDA2A) c.swsp a0, 13
mem[0x800031B0] <- 0xFFFFFFDF


mem[X,0x80000444] -> 0x0001
[354] [M]: 0x80000444 (0x0001) c.nop


mem[X,0x80000446] -> 0x0001
[355] [M]: 0x80000446 (0x0001) c.nop


mem[X,0x80000448] -> 0x0537
mem[X,0x8000044A] -> 0xF800
[356] [M]: 0x80000448 (0xF8000537) lui a0, 1015808
x10 <- 0xF8000000


mem[X,0x8000044C] -> 0x157D
[357] [M]: 0x8000044C (0x157D) c.addi a0, 63
x10 <- 0xF7FFFFFF


mem[X,0x8000044E] -> 0x8113
mem[X,0x80000450] -> 0x0340
[358] [M]: 0x8000044E (0x03408113) addi sp, ra, 52
x2 <- 0x800031B4


mem[X,0x80000452] -> 0x0193
mem[X,0x80000454] -> 0x0280
[359] [M]: 0x80000452 (0x02800193) addi gp, zero, 40
x3 <- 0x00000028


mem[X,0x80000456] -> 0x0133
mem[X,0x80000458] -> 0x4031
[360] [M]: 0x80000456 (0x40310133) sub sp, sp, gp
x2 <- 0x8000318C


mem[X,0x8000045A] -> 0xD42A
[361] [M]: 0x8000045A (0xD42A) c.swsp a0, 10
mem[0x800031B4] <- 0xF7FFFFFF


mem[X,0x8000045C] -> 0x0001
[362] [M]: 0x8000045C (0x0001) c.nop


mem[X,0x8000045E] -> 0x0001
[363] [M]: 0x8000045E (0x0001) c.nop


mem[X,0x80000460] -> 0x0537
mem[X,0x80000462] -> 0xF000
[364] [M]: 0x80000460 (0xF0000537) lui a0, 983040
x10 <- 0xF0000000


mem[X,0x80000464] -> 0x157D
[365] [M]: 0x80000464 (0x157D) c.addi a0, 63
x10 <- 0xEFFFFFFF


mem[X,0x80000466] -> 0x8113
mem[X,0x80000468] -> 0x0380
[366] [M]: 0x80000466 (0x03808113) addi sp, ra, 56
x2 <- 0x800031B8


mem[X,0x8000046A] -> 0x0193
mem[X,0x8000046C] -> 0x04C0
[367] [M]: 0x8000046A (0x04C00193) addi gp, zero, 76
x3 <- 0x0000004C


mem[X,0x8000046E] -> 0x0133
mem[X,0x80000470] -> 0x4031
[368] [M]: 0x8000046E (0x40310133) sub sp, sp, gp
x2 <- 0x8000316C


mem[X,0x80000472] -> 0xC6AA
[369] [M]: 0x80000472 (0xC6AA) c.swsp a0, 19
mem[0x800031B8] <- 0xEFFFFFFF


mem[X,0x80000474] -> 0x0001
[370] [M]: 0x80000474 (0x0001) c.nop


mem[X,0x80000476] -> 0x0001
[371] [M]: 0x80000476 (0x0001) c.nop


mem[X,0x80000478] -> 0x0537
mem[X,0x8000047A] -> 0xE000
[372] [M]: 0x80000478 (0xE0000537) lui a0, 917504
x10 <- 0xE0000000


mem[X,0x8000047C] -> 0x157D
[373] [M]: 0x8000047C (0x157D) c.addi a0, 63
x10 <- 0xDFFFFFFF


mem[X,0x8000047E] -> 0x8113
mem[X,0x80000480] -> 0x03C0
[374] [M]: 0x8000047E (0x03C08113) addi sp, ra, 60
x2 <- 0x800031BC


mem[X,0x80000482] -> 0x0193
mem[X,0x80000484] -> 0x0300
[375] [M]: 0x80000482 (0x03000193) addi gp, zero, 48
x3 <- 0x00000030


mem[X,0x80000486] -> 0x0133
mem[X,0x80000488] -> 0x4031
[376] [M]: 0x80000486 (0x40310133) sub sp, sp, gp
x2 <- 0x8000318C


mem[X,0x8000048A] -> 0xD82A
[377] [M]: 0x8000048A (0xD82A) c.swsp a0, 12
mem[0x800031BC] <- 0xDFFFFFFF


mem[X,0x8000048C] -> 0x0001
[378] [M]: 0x8000048C (0x0001) c.nop


mem[X,0x8000048E] -> 0x0001
[379] [M]: 0x8000048E (0x0001) c.nop


mem[X,0x80000490] -> 0x0537
mem[X,0x80000492] -> 0xC000
[380] [M]: 0x80000490 (0xC0000537) lui a0, 786432
x10 <- 0xC0000000


mem[X,0x80000494] -> 0x157D
[381] [M]: 0x80000494 (0x157D) c.addi a0, 63
x10 <- 0xBFFFFFFF


mem[X,0x80000496] -> 0x8113
mem[X,0x80000498] -> 0x0400
[382] [M]: 0x80000496 (0x04008113) addi sp, ra, 64
x2 <- 0x800031C0


mem[X,0x8000049A] -> 0x0193
mem[X,0x8000049C] -> 0x07C0
[383] [M]: 0x8000049A (0x07C00193) addi gp, zero, 124
x3 <- 0x0000007C


mem[X,0x8000049E] -> 0x0133
mem[X,0x800004A0] -> 0x4031
[384] [M]: 0x8000049E (0x40310133) sub sp, sp, gp
x2 <- 0x80003144


mem[X,0x800004A2] -> 0xDEAA
[385] [M]: 0x800004A2 (0xDEAA) c.swsp a0, 31
mem[0x800031C0] <- 0xBFFFFFFF


mem[X,0x800004A4] -> 0x0001
[386] [M]: 0x800004A4 (0x0001) c.nop


mem[X,0x800004A6] -> 0x0001
[387] [M]: 0x800004A6 (0x0001) c.nop


mem[X,0x800004A8] -> 0x5537
mem[X,0x800004AA] -> 0x5555
[388] [M]: 0x800004A8 (0x55555537) lui a0, 349525
x10 <- 0x55555000


mem[X,0x800004AC] -> 0x0513
mem[X,0x800004AE] -> 0x5555
[389] [M]: 0x800004AC (0x55550513) addi a0, a0, 1365
x10 <- 0x55555555


mem[X,0x800004B0] -> 0x8113
mem[X,0x800004B2] -> 0x0440
[390] [M]: 0x800004B0 (0x04408113) addi sp, ra, 68
x2 <- 0x800031C4


mem[X,0x800004B4] -> 0x0193
mem[X,0x800004B6] -> 0x0EC0
[391] [M]: 0x800004B4 (0x0EC00193) addi gp, zero, 236
x3 <- 0x000000EC


mem[X,0x800004B8] -> 0x0133
mem[X,0x800004BA] -> 0x4031
[392] [M]: 0x800004B8 (0x40310133) sub sp, sp, gp
x2 <- 0x800030D8


mem[X,0x800004BC] -> 0xD7AA
[393] [M]: 0x800004BC (0xD7AA) c.swsp a0, 59
mem[0x800031C4] <- 0x55555555


mem[X,0x800004BE] -> 0x0001
[394] [M]: 0x800004BE (0x0001) c.nop


mem[X,0x800004C0] -> 0x0001
[395] [M]: 0x800004C0 (0x0001) c.nop


mem[X,0x800004C2] -> 0xB537
mem[X,0x800004C4] -> 0xAAAA
[396] [M]: 0x800004C2 (0xAAAAB537) lui a0, 699051
x10 <- 0xAAAAB000


mem[X,0x800004C6] -> 0x0513
mem[X,0x800004C8] -> 0xAAA5
[397] [M]: 0x800004C6 (0xAAA50513) addi a0, a0, 2730
x10 <- 0xAAAAAAAA


mem[X,0x800004CA] -> 0x8113
mem[X,0x800004CC] -> 0x0480
[398] [M]: 0x800004CA (0x04808113) addi sp, ra, 72
x2 <- 0x800031C8


mem[X,0x800004CE] -> 0x0193
mem[X,0x800004D0] -> 0x0BC0
[399] [M]: 0x800004CE (0x0BC00193) addi gp, zero, 188
x3 <- 0x000000BC


clint::tick mtime <- 0x0000000000000004
 clint timer pending at mtime 0x0000000000000004
htif::tick 0x0000000000000000
mem[X,0x800004D2] -> 0x0133
mem[X,0x800004D4] -> 0x4031
[400] [M]: 0x800004D2 (0x40310133) sub sp, sp, gp
x2 <- 0x8000310C


mem[X,0x800004D6] -> 0xDF2A
[401] [M]: 0x800004D6 (0xDF2A) c.swsp a0, 47
mem[0x800031C8] <- 0xAAAAAAAA


mem[X,0x800004D8] -> 0x0001
[402] [M]: 0x800004D8 (0x0001) c.nop


mem[X,0x800004DA] -> 0x0001
[403] [M]: 0x800004DA (0x0001) c.nop


mem[X,0x800004DC] -> 0x0537
mem[X,0x800004DE] -> 0x0008
[404] [M]: 0x800004DC (0x00080537) lui a0, 128
x10 <- 0x00080000


mem[X,0x800004E0] -> 0x8113
mem[X,0x800004E2] -> 0x04C0
[405] [M]: 0x800004E0 (0x04C08113) addi sp, ra, 76
x2 <- 0x800031CC


mem[X,0x800004E4] -> 0x0193
mem[X,0x800004E6] -> 0x0540
[406] [M]: 0x800004E4 (0x05400193) addi gp, zero, 84
x3 <- 0x00000054


mem[X,0x800004E8] -> 0x0133
mem[X,0x800004EA] -> 0x4031
[407] [M]: 0x800004E8 (0x40310133) sub sp, sp, gp
x2 <- 0x80003178


mem[X,0x800004EC] -> 0xCAAA
[408] [M]: 0x800004EC (0xCAAA) c.swsp a0, 21
mem[0x800031CC] <- 0x00080000


mem[X,0x800004EE] -> 0x0001
[409] [M]: 0x800004EE (0x0001) c.nop


mem[X,0x800004F0] -> 0x0001
[410] [M]: 0x800004F0 (0x0001) c.nop


mem[X,0x800004F2] -> 0x0513
mem[X,0x800004F4] -> 0xFDF0
[411] [M]: 0x800004F2 (0xFDF00513) addi a0, zero, 4063
x10 <- 0xFFFFFFDF


mem[X,0x800004F6] -> 0x8113
mem[X,0x800004F8] -> 0x0500
[412] [M]: 0x800004F6 (0x05008113) addi sp, ra, 80
x2 <- 0x800031D0


mem[X,0x800004FA] -> 0x0193
mem[X,0x800004FC] -> 0x0A80
[413] [M]: 0x800004FA (0x0A800193) addi gp, zero, 168
x3 <- 0x000000A8


mem[X,0x800004FE] -> 0x0133
mem[X,0x80000500] -> 0x4031
[414] [M]: 0x800004FE (0x40310133) sub sp, sp, gp
x2 <- 0x80003128


mem[X,0x80000502] -> 0xD52A
[415] [M]: 0x80000502 (0xD52A) c.swsp a0, 42
mem[0x800031D0] <- 0xFFFFFFDF


mem[X,0x80000504] -> 0x0001
[416] [M]: 0x80000504 (0x0001) c.nop


mem[X,0x80000506] -> 0x0001
[417] [M]: 0x80000506 (0x0001) c.nop


mem[X,0x80000508] -> 0x0513
mem[X,0x8000050A] -> 0xFBF0
[418] [M]: 0x80000508 (0xFBF00513) addi a0, zero, 4031
x10 <- 0xFFFFFFBF


mem[X,0x8000050C] -> 0x8113
mem[X,0x8000050E] -> 0x0540
[419] [M]: 0x8000050C (0x05408113) addi sp, ra, 84
x2 <- 0x800031D4


mem[X,0x80000510] -> 0x0193
mem[X,0x80000512] -> 0x0DC0
[420] [M]: 0x80000510 (0x0DC00193) addi gp, zero, 220
x3 <- 0x000000DC


mem[X,0x80000514] -> 0x0133
mem[X,0x80000516] -> 0x4031
[421] [M]: 0x80000514 (0x40310133) sub sp, sp, gp
x2 <- 0x800030F8


mem[X,0x80000518] -> 0xCFAA
[422] [M]: 0x80000518 (0xCFAA) c.swsp a0, 55
mem[0x800031D4] <- 0xFFFFFFBF


mem[X,0x8000051A] -> 0x0001
[423] [M]: 0x8000051A (0x0001) c.nop


mem[X,0x8000051C] -> 0x0001
[424] [M]: 0x8000051C (0x0001) c.nop


mem[X,0x8000051E] -> 0x0513
mem[X,0x80000520] -> 0xF7F0
[425] [M]: 0x8000051E (0xF7F00513) addi a0, zero, 3967
x10 <- 0xFFFFFF7F


mem[X,0x80000522] -> 0x8113
mem[X,0x80000524] -> 0x0580
[426] [M]: 0x80000522 (0x05808113) addi sp, ra, 88
x2 <- 0x800031D8


mem[X,0x80000526] -> 0x0193
mem[X,0x80000528] -> 0x0F40
[427] [M]: 0x80000526 (0x0F400193) addi gp, zero, 244
x3 <- 0x000000F4


mem[X,0x8000052A] -> 0x0133
mem[X,0x8000052C] -> 0x4031
[428] [M]: 0x8000052A (0x40310133) sub sp, sp, gp
x2 <- 0x800030E4


mem[X,0x8000052E] -> 0xDBAA
[429] [M]: 0x8000052E (0xDBAA) c.swsp a0, 61
mem[0x800031D8] <- 0xFFFFFF7F


mem[X,0x80000530] -> 0x0001
[430] [M]: 0x80000530 (0x0001) c.nop


mem[X,0x80000532] -> 0x0001
[431] [M]: 0x80000532 (0x0001) c.nop


mem[X,0x80000534] -> 0x0513
mem[X,0x80000536] -> 0xEFF0
[432] [M]: 0x80000534 (0xEFF00513) addi a0, zero, 3839
x10 <- 0xFFFFFEFF


mem[X,0x80000538] -> 0x8113
mem[X,0x8000053A] -> 0x05C0
[433] [M]: 0x80000538 (0x05C08113) addi sp, ra, 92
x2 <- 0x800031DC


mem[X,0x8000053C] -> 0x0193
mem[X,0x8000053E] -> 0x0800
[434] [M]: 0x8000053C (0x08000193) addi gp, zero, 128
x3 <- 0x00000080


mem[X,0x80000540] -> 0x0133
mem[X,0x80000542] -> 0x4031
[435] [M]: 0x80000540 (0x40310133) sub sp, sp, gp
x2 <- 0x8000315C


mem[X,0x80000544] -> 0xC12A
[436] [M]: 0x80000544 (0xC12A) c.swsp a0, 32
mem[0x800031DC] <- 0xFFFFFEFF


mem[X,0x80000546] -> 0x0001
[437] [M]: 0x80000546 (0x0001) c.nop


mem[X,0x80000548] -> 0x0001
[438] [M]: 0x80000548 (0x0001) c.nop


mem[X,0x8000054A] -> 0x0513
mem[X,0x8000054C] -> 0xDFF0
[439] [M]: 0x8000054A (0xDFF00513) addi a0, zero, 3583
x10 <- 0xFFFFFDFF


mem[X,0x8000054E] -> 0x8113
mem[X,0x80000550] -> 0x0600
[440] [M]: 0x8000054E (0x06008113) addi sp, ra, 96
x2 <- 0x800031E0


mem[X,0x80000552] -> 0x41B1
[441] [M]: 0x80000552 (0x41B1) c.li gp, 12
x3 <- 0x0000000C


mem[X,0x80000554] -> 0x0133
mem[X,0x80000556] -> 0x4031
[442] [M]: 0x80000554 (0x40310133) sub sp, sp, gp
x2 <- 0x800031D4


mem[X,0x80000558] -> 0xC62A
[443] [M]: 0x80000558 (0xC62A) c.swsp a0, 3
mem[0x800031E0] <- 0xFFFFFDFF


mem[X,0x8000055A] -> 0x0001
[444] [M]: 0x8000055A (0x0001) c.nop


mem[X,0x8000055C] -> 0x0001
[445] [M]: 0x8000055C (0x0001) c.nop


mem[X,0x8000055E] -> 0x0513
mem[X,0x80000560] -> 0xBFF0
[446] [M]: 0x8000055E (0xBFF00513) addi a0, zero, 3071
x10 <- 0xFFFFFBFF


mem[X,0x80000562] -> 0x8113
mem[X,0x80000564] -> 0x0640
[447] [M]: 0x80000562 (0x06408113) addi sp, ra, 100
x2 <- 0x800031E4


mem[X,0x80000566] -> 0x0193
mem[X,0x80000568] -> 0x0200
[448] [M]: 0x80000566 (0x02000193) addi gp, zero, 32
x3 <- 0x00000020


mem[X,0x8000056A] -> 0x0133
mem[X,0x8000056C] -> 0x4031
[449] [M]: 0x8000056A (0x40310133) sub sp, sp, gp
x2 <- 0x800031C4


mem[X,0x8000056E] -> 0xD02A
[450] [M]: 0x8000056E (0xD02A) c.swsp a0, 8
mem[0x800031E4] <- 0xFFFFFBFF


mem[X,0x80000570] -> 0x0001
[451] [M]: 0x80000570 (0x0001) c.nop


mem[X,0x80000572] -> 0x0001
[452] [M]: 0x80000572 (0x0001) c.nop


mem[X,0x80000574] -> 0x757D
[453] [M]: 0x80000574 (0x757D) c.lui a0, 63
x10 <- 0xFFFFF000


mem[X,0x80000576] -> 0x0513
mem[X,0x80000578] -> 0x7FF5
[454] [M]: 0x80000576 (0x7FF50513) addi a0, a0, 2047
x10 <- 0xFFFFF7FF


mem[X,0x8000057A] -> 0x8113
mem[X,0x8000057C] -> 0x0680
[455] [M]: 0x8000057A (0x06808113) addi sp, ra, 104
x2 <- 0x800031E8


mem[X,0x8000057E] -> 0x0193
mem[X,0x80000580] -> 0x0400
[456] [M]: 0x8000057E (0x04000193) addi gp, zero, 64
x3 <- 0x00000040


mem[X,0x80000582] -> 0x0133
mem[X,0x80000584] -> 0x4031
[457] [M]: 0x80000582 (0x40310133) sub sp, sp, gp
x2 <- 0x800031A8


mem[X,0x80000586] -> 0xC0AA
[458] [M]: 0x80000586 (0xC0AA) c.swsp a0, 16
mem[0x800031E8] <- 0xFFFFF7FF


mem[X,0x80000588] -> 0x0001
[459] [M]: 0x80000588 (0x0001) c.nop


mem[X,0x8000058A] -> 0x0001
[460] [M]: 0x8000058A (0x0001) c.nop


mem[X,0x8000058C] -> 0x757D
[461] [M]: 0x8000058C (0x757D) c.lui a0, 63
x10 <- 0xFFFFF000


mem[X,0x8000058E] -> 0x157D
[462] [M]: 0x8000058E (0x157D) c.addi a0, 63
x10 <- 0xFFFFEFFF


mem[X,0x80000590] -> 0x8113
mem[X,0x80000592] -> 0x06C0
[463] [M]: 0x80000590 (0x06C08113) addi sp, ra, 108
x2 <- 0x800031EC


mem[X,0x80000594] -> 0x0193
mem[X,0x80000596] -> 0x0380
[464] [M]: 0x80000594 (0x03800193) addi gp, zero, 56
x3 <- 0x00000038


mem[X,0x80000598] -> 0x0133
mem[X,0x8000059A] -> 0x4031
[465] [M]: 0x80000598 (0x40310133) sub sp, sp, gp
x2 <- 0x800031B4


mem[X,0x8000059C] -> 0xDC2A
[466] [M]: 0x8000059C (0xDC2A) c.swsp a0, 14
mem[0x800031EC] <- 0xFFFFEFFF


mem[X,0x8000059E] -> 0x0001
[467] [M]: 0x8000059E (0x0001) c.nop


mem[X,0x800005A0] -> 0x0001
[468] [M]: 0x800005A0 (0x0001) c.nop


mem[X,0x800005A2] -> 0x7579
[469] [M]: 0x800005A2 (0x7579) c.lui a0, 62
x10 <- 0xFFFFE000


mem[X,0x800005A4] -> 0x157D
[470] [M]: 0x800005A4 (0x157D) c.addi a0, 63
x10 <- 0xFFFFDFFF


mem[X,0x800005A6] -> 0x8113
mem[X,0x800005A8] -> 0x0700
[471] [M]: 0x800005A6 (0x07008113) addi sp, ra, 112
x2 <- 0x800031F0


mem[X,0x800005AA] -> 0x0193
mem[X,0x800005AC] -> 0x0800
[472] [M]: 0x800005AA (0x08000193) addi gp, zero, 128
x3 <- 0x00000080


mem[X,0x800005AE] -> 0x0133
mem[X,0x800005B0] -> 0x4031
[473] [M]: 0x800005AE (0x40310133) sub sp, sp, gp
x2 <- 0x80003170


mem[X,0x800005B2] -> 0xC12A
[474] [M]: 0x800005B2 (0xC12A) c.swsp a0, 32
mem[0x800031F0] <- 0xFFFFDFFF


mem[X,0x800005B4] -> 0x0001
[475] [M]: 0x800005B4 (0x0001) c.nop


mem[X,0x800005B6] -> 0x0001
[476] [M]: 0x800005B6 (0x0001) c.nop


mem[X,0x800005B8] -> 0x7571
[477] [M]: 0x800005B8 (0x7571) c.lui a0, 60
x10 <- 0xFFFFC000


mem[X,0x800005BA] -> 0x157D
[478] [M]: 0x800005BA (0x157D) c.addi a0, 63
x10 <- 0xFFFFBFFF


mem[X,0x800005BC] -> 0x8113
mem[X,0x800005BE] -> 0x0740
[479] [M]: 0x800005BC (0x07408113) addi sp, ra, 116
x2 <- 0x800031F4


mem[X,0x800005C0] -> 0x0193
mem[X,0x800005C2] -> 0x0340
[480] [M]: 0x800005C0 (0x03400193) addi gp, zero, 52
x3 <- 0x00000034


mem[X,0x800005C4] -> 0x0133
mem[X,0x800005C6] -> 0x4031
[481] [M]: 0x800005C4 (0x40310133) sub sp, sp, gp
x2 <- 0x800031C0


mem[X,0x800005C8] -> 0xDA2A
[482] [M]: 0x800005C8 (0xDA2A) c.swsp a0, 13
mem[0x800031F4] <- 0xFFFFBFFF


mem[X,0x800005CA] -> 0x0001
[483] [M]: 0x800005CA (0x0001) c.nop


mem[X,0x800005CC] -> 0x0001
[484] [M]: 0x800005CC (0x0001) c.nop


mem[X,0x800005CE] -> 0x7561
[485] [M]: 0x800005CE (0x7561) c.lui a0, 56
x10 <- 0xFFFF8000


mem[X,0x800005D0] -> 0x157D
[486] [M]: 0x800005D0 (0x157D) c.addi a0, 63
x10 <- 0xFFFF7FFF


mem[X,0x800005D2] -> 0x8113
mem[X,0x800005D4] -> 0x0780
[487] [M]: 0x800005D2 (0x07808113) addi sp, ra, 120
x2 <- 0x800031F8


mem[X,0x800005D6] -> 0x0193
mem[X,0x800005D8] -> 0x0800
[488] [M]: 0x800005D6 (0x08000193) addi gp, zero, 128
x3 <- 0x00000080


mem[X,0x800005DA] -> 0x0133
mem[X,0x800005DC] -> 0x4031
[489] [M]: 0x800005DA (0x40310133) sub sp, sp, gp
x2 <- 0x80003178


mem[X,0x800005DE] -> 0xC12A
[490] [M]: 0x800005DE (0xC12A) c.swsp a0, 32
mem[0x800031F8] <- 0xFFFF7FFF


mem[X,0x800005E0] -> 0x0001
[491] [M]: 0x800005E0 (0x0001) c.nop


mem[X,0x800005E2] -> 0x0001
[492] [M]: 0x800005E2 (0x0001) c.nop


mem[X,0x800005E4] -> 0x7541
[493] [M]: 0x800005E4 (0x7541) c.lui a0, 48
x10 <- 0xFFFF0000


mem[X,0x800005E6] -> 0x157D
[494] [M]: 0x800005E6 (0x157D) c.addi a0, 63
x10 <- 0xFFFEFFFF


mem[X,0x800005E8] -> 0x8113
mem[X,0x800005EA] -> 0x07C0
[495] [M]: 0x800005E8 (0x07C08113) addi sp, ra, 124
x2 <- 0x800031FC


mem[X,0x800005EC] -> 0x0193
mem[X,0x800005EE] -> 0x02C0
[496] [M]: 0x800005EC (0x02C00193) addi gp, zero, 44
x3 <- 0x0000002C


mem[X,0x800005F0] -> 0x0133
mem[X,0x800005F2] -> 0x4031
[497] [M]: 0x800005F0 (0x40310133) sub sp, sp, gp
x2 <- 0x800031D0


mem[X,0x800005F4] -> 0xD62A
[498] [M]: 0x800005F4 (0xD62A) c.swsp a0, 11
mem[0x800031FC] <- 0xFFFEFFFF


mem[X,0x800005F6] -> 0x0001
[499] [M]: 0x800005F6 (0x0001) c.nop


clint::tick mtime <- 0x0000000000000005
 clint timer pending at mtime 0x0000000000000005
htif::tick 0x0000000000000000
mem[X,0x800005F8] -> 0x0001
[500] [M]: 0x800005F8 (0x0001) c.nop


mem[X,0x800005FA] -> 0x7501
[501] [M]: 0x800005FA (0x7501) c.lui a0, 32
x10 <- 0xFFFE0000


mem[X,0x800005FC] -> 0x157D
[502] [M]: 0x800005FC (0x157D) c.addi a0, 63
x10 <- 0xFFFDFFFF


mem[X,0x800005FE] -> 0x8113
mem[X,0x80000600] -> 0x0800
[503] [M]: 0x800005FE (0x08008113) addi sp, ra, 128
x2 <- 0x80003200


mem[X,0x80000602] -> 0x4191
[504] [M]: 0x80000602 (0x4191) c.li gp, 4
x3 <- 0x00000004


mem[X,0x80000604] -> 0x0133
mem[X,0x80000606] -> 0x4031
[505] [M]: 0x80000604 (0x40310133) sub sp, sp, gp
x2 <- 0x800031FC


mem[X,0x80000608] -> 0xC22A
[506] [M]: 0x80000608 (0xC22A) c.swsp a0, 1
mem[0x80003200] <- 0xFFFDFFFF


mem[X,0x8000060A] -> 0x0001
[507] [M]: 0x8000060A (0x0001) c.nop


mem[X,0x8000060C] -> 0x0001
[508] [M]: 0x8000060C (0x0001) c.nop


mem[X,0x8000060E] -> 0x0537
mem[X,0x80000610] -> 0xFFFC
[509] [M]: 0x8000060E (0xFFFC0537) lui a0, 1048512
x10 <- 0xFFFC0000


mem[X,0x80000612] -> 0x157D
[510] [M]: 0x80000612 (0x157D) c.addi a0, 63
x10 <- 0xFFFBFFFF


mem[X,0x80000614] -> 0x8113
mem[X,0x80000616] -> 0x0840
[511] [M]: 0x80000614 (0x08408113) addi sp, ra, 132
x2 <- 0x80003204


mem[X,0x80000618] -> 0x41E1
[512] [M]: 0x80000618 (0x41E1) c.li gp, 24
x3 <- 0x00000018


mem[X,0x8000061A] -> 0x0133
mem[X,0x8000061C] -> 0x4031
[513] [M]: 0x8000061A (0x40310133) sub sp, sp, gp
x2 <- 0x800031EC


mem[X,0x8000061E] -> 0xCC2A
[514] [M]: 0x8000061E (0xCC2A) c.swsp a0, 6
mem[0x80003204] <- 0xFFFBFFFF


mem[X,0x80000620] -> 0x0001
[515] [M]: 0x80000620 (0x0001) c.nop


mem[X,0x80000622] -> 0x0001
[516] [M]: 0x80000622 (0x0001) c.nop


mem[X,0x80000624] -> 0x0537
mem[X,0x80000626] -> 0xFFF8
[517] [M]: 0x80000624 (0xFFF80537) lui a0, 1048448
x10 <- 0xFFF80000


mem[X,0x80000628] -> 0x157D
[518] [M]: 0x80000628 (0x157D) c.addi a0, 63
x10 <- 0xFFF7FFFF


mem[X,0x8000062A] -> 0x8113
mem[X,0x8000062C] -> 0x0880
[519] [M]: 0x8000062A (0x08808113) addi sp, ra, 136
x2 <- 0x80003208


mem[X,0x8000062E] -> 0x0193
mem[X,0x80000630] -> 0x0240
[520] [M]: 0x8000062E (0x02400193) addi gp, zero, 36
x3 <- 0x00000024


mem[X,0x80000632] -> 0x0133
mem[X,0x80000634] -> 0x4031
[521] [M]: 0x80000632 (0x40310133) sub sp, sp, gp
x2 <- 0x800031E4


mem[X,0x80000636] -> 0xD22A
[522] [M]: 0x80000636 (0xD22A) c.swsp a0, 9
mem[0x80003208] <- 0xFFF7FFFF


mem[X,0x80000638] -> 0x0001
[523] [M]: 0x80000638 (0x0001) c.nop


mem[X,0x8000063A] -> 0x0001
[524] [M]: 0x8000063A (0x0001) c.nop


mem[X,0x8000063C] -> 0x0537
mem[X,0x8000063E] -> 0xFFF0
[525] [M]: 0x8000063C (0xFFF00537) lui a0, 1048320
x10 <- 0xFFF00000


mem[X,0x80000640] -> 0x157D
[526] [M]: 0x80000640 (0x157D) c.addi a0, 63
x10 <- 0xFFEFFFFF


mem[X,0x80000642] -> 0x8113
mem[X,0x80000644] -> 0x08C0
[527] [M]: 0x80000642 (0x08C08113) addi sp, ra, 140
x2 <- 0x8000320C


mem[X,0x80000646] -> 0x0193
mem[X,0x80000648] -> 0x0EC0
[528] [M]: 0x80000646 (0x0EC00193) addi gp, zero, 236
x3 <- 0x000000EC


mem[X,0x8000064A] -> 0x0133
mem[X,0x8000064C] -> 0x4031
[529] [M]: 0x8000064A (0x40310133) sub sp, sp, gp
x2 <- 0x80003120


mem[X,0x8000064E] -> 0xD7AA
[530] [M]: 0x8000064E (0xD7AA) c.swsp a0, 59
mem[0x8000320C] <- 0xFFEFFFFF


mem[X,0x80000650] -> 0x0001
[531] [M]: 0x80000650 (0x0001) c.nop


mem[X,0x80000652] -> 0x0001
[532] [M]: 0x80000652 (0x0001) c.nop


mem[X,0x80000654] -> 0x0537
mem[X,0x80000656] -> 0xFFE0
[533] [M]: 0x80000654 (0xFFE00537) lui a0, 1048064
x10 <- 0xFFE00000


mem[X,0x80000658] -> 0x157D
[534] [M]: 0x80000658 (0x157D) c.addi a0, 63
x10 <- 0xFFDFFFFF


mem[X,0x8000065A] -> 0x8113
mem[X,0x8000065C] -> 0x0900
[535] [M]: 0x8000065A (0x09008113) addi sp, ra, 144
x2 <- 0x80003210


mem[X,0x8000065E] -> 0x0193
mem[X,0x80000660] -> 0x0BC0
[536] [M]: 0x8000065E (0x0BC00193) addi gp, zero, 188
x3 <- 0x000000BC


mem[X,0x80000662] -> 0x0133
mem[X,0x80000664] -> 0x4031
[537] [M]: 0x80000662 (0x40310133) sub sp, sp, gp
x2 <- 0x80003154


mem[X,0x80000666] -> 0xDF2A
[538] [M]: 0x80000666 (0xDF2A) c.swsp a0, 47
mem[0x80003210] <- 0xFFDFFFFF


mem[X,0x80000668] -> 0x0001
[539] [M]: 0x80000668 (0x0001) c.nop


mem[X,0x8000066A] -> 0x0001
[540] [M]: 0x8000066A (0x0001) c.nop


mem[X,0x8000066C] -> 0x0537
mem[X,0x8000066E] -> 0xFFC0
[541] [M]: 0x8000066C (0xFFC00537) lui a0, 1047552
x10 <- 0xFFC00000


mem[X,0x80000670] -> 0x157D
[542] [M]: 0x80000670 (0x157D) c.addi a0, 63
x10 <- 0xFFBFFFFF


mem[X,0x80000672] -> 0x8113
mem[X,0x80000674] -> 0x0940
[543] [M]: 0x80000672 (0x09408113) addi sp, ra, 148
x2 <- 0x80003214


mem[X,0x80000676] -> 0x0193
mem[X,0x80000678] -> 0x0800
[544] [M]: 0x80000676 (0x08000193) addi gp, zero, 128
x3 <- 0x00000080


mem[X,0x8000067A] -> 0x0133
mem[X,0x8000067C] -> 0x4031
[545] [M]: 0x8000067A (0x40310133) sub sp, sp, gp
x2 <- 0x80003194


mem[X,0x8000067E] -> 0xC12A
[546] [M]: 0x8000067E (0xC12A) c.swsp a0, 32
mem[0x80003214] <- 0xFFBFFFFF


mem[X,0x80000680] -> 0x0001
[547] [M]: 0x80000680 (0x0001) c.nop


mem[X,0x80000682] -> 0x0001
[548] [M]: 0x80000682 (0x0001) c.nop


mem[X,0x80000684] -> 0x0537
mem[X,0x80000686] -> 0xFF80
[549] [M]: 0x80000684 (0xFF800537) lui a0, 1046528
x10 <- 0xFF800000


mem[X,0x80000688] -> 0x157D
[550] [M]: 0x80000688 (0x157D) c.addi a0, 63
x10 <- 0xFF7FFFFF


mem[X,0x8000068A] -> 0x8113
mem[X,0x8000068C] -> 0x0980
[551] [M]: 0x8000068A (0x09808113) addi sp, ra, 152
x2 <- 0x80003218


mem[X,0x8000068E] -> 0x4191
[552] [M]: 0x8000068E (0x4191) c.li gp, 4
x3 <- 0x00000004


mem[X,0x80000690] -> 0x0133
mem[X,0x80000692] -> 0x4031
[553] [M]: 0x80000690 (0x40310133) sub sp, sp, gp
x2 <- 0x80003214


mem[X,0x80000694] -> 0xC22A
[554] [M]: 0x80000694 (0xC22A) c.swsp a0, 1
mem[0x80003218] <- 0xFF7FFFFF


mem[X,0x80000696] -> 0x0001
[555] [M]: 0x80000696 (0x0001) c.nop


mem[X,0x80000698] -> 0x0001
[556] [M]: 0x80000698 (0x0001) c.nop


mem[X,0x8000069A] -> 0x0537
mem[X,0x8000069C] -> 0xFF00
[557] [M]: 0x8000069A (0xFF000537) lui a0, 1044480
x10 <- 0xFF000000


mem[X,0x8000069E] -> 0x157D
[558] [M]: 0x8000069E (0x157D) c.addi a0, 63
x10 <- 0xFEFFFFFF


mem[X,0x800006A0] -> 0x8113
mem[X,0x800006A2] -> 0x09C0
[559] [M]: 0x800006A0 (0x09C08113) addi sp, ra, 156
x2 <- 0x8000321C


mem[X,0x800006A4] -> 0x0193
mem[X,0x800006A6] -> 0x0F40
[560] [M]: 0x800006A4 (0x0F400193) addi gp, zero, 244
x3 <- 0x000000F4


mem[X,0x800006A8] -> 0x0133
mem[X,0x800006AA] -> 0x4031
[561] [M]: 0x800006A8 (0x40310133) sub sp, sp, gp
x2 <- 0x80003128


mem[X,0x800006AC] -> 0xDBAA
[562] [M]: 0x800006AC (0xDBAA) c.swsp a0, 61
mem[0x8000321C] <- 0xFEFFFFFF


mem[X,0x800006AE] -> 0x0001
[563] [M]: 0x800006AE (0x0001) c.nop


mem[X,0x800006B0] -> 0x0001
[564] [M]: 0x800006B0 (0x0001) c.nop


mem[X,0x800006B2] -> 0x0537
mem[X,0x800006B4] -> 0xFE00
[565] [M]: 0x800006B2 (0xFE000537) lui a0, 1040384
x10 <- 0xFE000000


mem[X,0x800006B6] -> 0x157D
[566] [M]: 0x800006B6 (0x157D) c.addi a0, 63
x10 <- 0xFDFFFFFF


mem[X,0x800006B8] -> 0x8113
mem[X,0x800006BA] -> 0x0A00
[567] [M]: 0x800006B8 (0x0A008113) addi sp, ra, 160
x2 <- 0x80003220


mem[X,0x800006BC] -> 0x0193
mem[X,0x800006BE] -> 0x04C0
[568] [M]: 0x800006BC (0x04C00193) addi gp, zero, 76
x3 <- 0x0000004C


mem[X,0x800006C0] -> 0x0133
mem[X,0x800006C2] -> 0x4031
[569] [M]: 0x800006C0 (0x40310133) sub sp, sp, gp
x2 <- 0x800031D4


mem[X,0x800006C4] -> 0xC6AA
[570] [M]: 0x800006C4 (0xC6AA) c.swsp a0, 19
mem[0x80003220] <- 0xFDFFFFFF


mem[X,0x800006C6] -> 0x0001
[571] [M]: 0x800006C6 (0x0001) c.nop


mem[X,0x800006C8] -> 0x0001
[572] [M]: 0x800006C8 (0x0001) c.nop


mem[X,0x800006CA] -> 0x0537
mem[X,0x800006CC] -> 0xFC00
[573] [M]: 0x800006CA (0xFC000537) lui a0, 1032192
x10 <- 0xFC000000


mem[X,0x800006CE] -> 0x157D
[574] [M]: 0x800006CE (0x157D) c.addi a0, 63
x10 <- 0xFBFFFFFF


mem[X,0x800006D0] -> 0x8113
mem[X,0x800006D2] -> 0x0A40
[575] [M]: 0x800006D0 (0x0A408113) addi sp, ra, 164
x2 <- 0x80003224


mem[X,0x800006D4] -> 0x41A1
[576] [M]: 0x800006D4 (0x41A1) c.li gp, 8
x3 <- 0x00000008


mem[X,0x800006D6] -> 0x0133
mem[X,0x800006D8] -> 0x4031
[577] [M]: 0x800006D6 (0x40310133) sub sp, sp, gp
x2 <- 0x8000321C


mem[X,0x800006DA] -> 0xC42A
[578] [M]: 0x800006DA (0xC42A) c.swsp a0, 2
mem[0x80003224] <- 0xFBFFFFFF


mem[X,0x800006DC] -> 0x0001
[579] [M]: 0x800006DC (0x0001) c.nop


mem[X,0x800006DE] -> 0x0001
[580] [M]: 0x800006DE (0x0001) c.nop


mem[X,0x800006E0] -> 0x006F
mem[X,0x800006E2] -> 0x0200
[581] [M]: 0x800006E0 (0x0200006F) jal zero, 32


mem[X,0x80000700] -> 0x4085
[582] [M]: 0x80000700 (0x4085) c.li ra, 1
x1 <- 0x00000001


mem[X,0x80000702] -> 0x1F17
mem[X,0x80000704] -> 0x0000
[583] [M]: 0x80000702 (0x00001F17) auipc t5, 1
x30 <- 0x80001702


mem[X,0x80000706] -> 0x2F23
mem[X,0x80000708] -> 0x8E1F
[584] [M]: 0x80000706 (0x8E1F2F23) sw ra, 2302(t5)
htif[0x80001000] <- 0x00000001


mem[X,0x8000070A] -> 0xBFE5
[585] [M]: 0x8000070A (0xBFE5) c.j 2044


mem[X,0x80000702] -> 0x1F17
mem[X,0x80000704] -> 0x0000
[586] [M]: 0x80000702 (0x00001F17) auipc t5, 1
x30 <- 0x80001702


mem[X,0x80000706] -> 0x2F23
mem[X,0x80000708] -> 0x8E1F
[587] [M]: 0x80000706 (0x8E1F2F23) sw ra, 2302(t5)
htif[0x80001000] <- 0x00000001


mem[X,0x8000070A] -> 0xBFE5
[588] [M]: 0x8000070A (0xBFE5) c.j 2044


mem[X,0x80000702] -> 0x1F17
mem[X,0x80000704] -> 0x0000
[589] [M]: 0x80000702 (0x00001F17) auipc t5, 1
x30 <- 0x80001702


mem[X,0x80000706] -> 0x2F23
mem[X,0x80000708] -> 0x8E1F
[590] [M]: 0x80000706 (0x8E1F2F23) sw ra, 2302(t5)
htif[0x80001000] <- 0x00000001
htif-syscall-proxy cmd: 0x000000000001

SUCCESS
