using /home/force/Desktop/work/compliance_testing/our_riscv/work/riscof_work/C/src/cjr-01.S/ref/Reference-sail_c_simulator.signature for test-signature output.
[Sail] Allocating new block 0x80000000
tohost located at 0x80002000
[Sail] Allocating new block 0x0

Running file ref.elf.
ELF Entry @ 0x80000000
begin_signature: 0x80004110
end_signature: 0x800041a0
CSR mstatus <- 0x00000000 (input: 0x00000000)
mem[X,0x00001000] -> 0x0297
mem[X,0x00001002] -> 0x0000
[0] [M]: 0x00001000 (0x00000297) auipc t0, 0
x5 <- 0x00001000


mem[X,0x00001004] -> 0x8593
mem[X,0x00001006] -> 0x0202
[1] [M]: 0x00001004 (0x02028593) addi a1, t0, 32
x11 <- 0x00001020


mem[X,0x00001008] -> 0x2573
mem[X,0x0000100A] -> 0xF140
[2] [M]: 0x00001008 (0xF1402573) csrrs a0, mhartid, zero
CSR mhartid -> 0x00000000
x10 <- 0x00000000


mem[X,0x0000100C] -> 0xA283
mem[X,0x0000100E] -> 0x0182
[3] [M]: 0x0000100C (0x0182A283) lw t0, 24(t0)
mem[R,0x00001018] -> 0x80000000
x5 <- 0x80000000


mem[X,0x00001010] -> 0x8067
mem[X,0x00001012] -> 0x0002
[4] [M]: 0x00001010 (0x00028067) jalr zero, t0, 0


mem[X,0x80000000] -> 0xC0B7
mem[X,0x80000002] -> 0xFEED
[5] [M]: 0x80000000 (0xFEEDC0B7) lui ra, 1044188
x1 <- 0xFEEDC000


mem[X,0x80000004] -> 0x8093
mem[X,0x80000006] -> 0xEAD0
[6] [M]: 0x80000004 (0xEAD08093) addi ra, ra, 3757
x1 <- 0xFEEDBEAD


mem[X,0x80000008] -> 0xE137
mem[X,0x8000000A] -> 0xFF76
[7] [M]: 0x80000008 (0xFF76E137) lui sp, 1046382
x2 <- 0xFF76E000


mem[X,0x8000000C] -> 0x0113
mem[X,0x8000000E] -> 0xF561
[8] [M]: 0x8000000C (0xF5610113) addi sp, sp, 3926
x2 <- 0xFF76DF56


mem[X,0x80000010] -> 0x71B7
mem[X,0x80000012] -> 0x7FBB
[9] [M]: 0x80000010 (0x7FBB71B7) lui gp, 523191
x3 <- 0x7FBB7000


mem[X,0x80000014] -> 0x8193
mem[X,0x80000016] -> 0xFAB1
[10] [M]: 0x80000014 (0xFAB18193) addi gp, gp, 4011
x3 <- 0x7FBB6FAB


mem[X,0x80000018] -> 0xB237
mem[X,0x8000001A] -> 0xBFDD
[11] [M]: 0x80000018 (0xBFDDB237) lui tp, 785883
x4 <- 0xBFDDB000


mem[X,0x8000001C] -> 0x0213
mem[X,0x8000001E] -> 0x7D52
[12] [M]: 0x8000001C (0x7D520213) addi tp, tp, 2005
x4 <- 0xBFDDB7D5


mem[X,0x80000020] -> 0x0297
mem[X,0x80000022] -> 0x0000
[13] [M]: 0x80000020 (0x00000297) auipc t0, 0
x5 <- 0x80000020


mem[X,0x80000024] -> 0x8293
mem[X,0x80000026] -> 0x0882
[14] [M]: 0x80000024 (0x08828293) addi t0, t0, 136
x5 <- 0x800000A8


mem[X,0x80000028] -> 0x0013
mem[X,0x8000002A] -> 0x0000
[15] [M]: 0x80000028 (0x00000013) addi zero, zero, 0


mem[X,0x8000002C] -> 0x0013
mem[X,0x8000002E] -> 0x0000
[16] [M]: 0x8000002C (0x00000013) addi zero, zero, 0


mem[X,0x80000030] -> 0x0013
mem[X,0x80000032] -> 0x0000
[17] [M]: 0x80000030 (0x00000013) addi zero, zero, 0


mem[X,0x80000034] -> 0x0013
mem[X,0x80000036] -> 0x0000
[18] [M]: 0x80000034 (0x00000013) addi zero, zero, 0


mem[X,0x80000038] -> 0x0013
mem[X,0x8000003A] -> 0x0000
[19] [M]: 0x80000038 (0x00000013) addi zero, zero, 0


mem[X,0x8000003C] -> 0x0013
mem[X,0x8000003E] -> 0x0000
[20] [M]: 0x8000003C (0x00000013) addi zero, zero, 0


mem[X,0x80000040] -> 0x3317
mem[X,0x80000042] -> 0x0000
[21] [M]: 0x80000040 (0x00003317) auipc t1, 3
x6 <- 0x80003040


mem[X,0x80000044] -> 0x0313
mem[X,0x80000046] -> 0xFC03
[22] [M]: 0x80000044 (0xFC030313) addi t1, t1, 4032
x6 <- 0x80003000


mem[X,0x80000048] -> 0x0013
mem[X,0x8000004A] -> 0x0000
[23] [M]: 0x80000048 (0x00000013) addi zero, zero, 0


mem[X,0x8000004C] -> 0x0013
mem[X,0x8000004E] -> 0x0000
[24] [M]: 0x8000004C (0x00000013) addi zero, zero, 0


mem[X,0x80000050] -> 0x0013
mem[X,0x80000052] -> 0x0000
[25] [M]: 0x80000050 (0x00000013) addi zero, zero, 0


mem[X,0x80000054] -> 0x0013
mem[X,0x80000056] -> 0x0000
[26] [M]: 0x80000054 (0x00000013) addi zero, zero, 0


mem[X,0x80000058] -> 0x0013
mem[X,0x8000005A] -> 0x0000
[27] [M]: 0x80000058 (0x00000013) addi zero, zero, 0


mem[X,0x8000005C] -> 0x0013
mem[X,0x8000005E] -> 0x0000
[28] [M]: 0x8000005C (0x00000013) addi zero, zero, 0


mem[X,0x80000060] -> 0xB3B7
mem[X,0x80000062] -> 0xB7FB
[29] [M]: 0x80000060 (0xB7FBB3B7) lui t2, 753595
x7 <- 0xB7FBB000


mem[X,0x80000064] -> 0x8393
mem[X,0x80000066] -> 0x6FA3
[30] [M]: 0x80000064 (0x6FA38393) addi t2, t2, 1786
x7 <- 0xB7FBB6FA


mem[X,0x80000068] -> 0xE437
mem[X,0x8000006A] -> 0x5BFD
[31] [M]: 0x80000068 (0x5BFDE437) lui fp, 376798
x8 <- 0x5BFDE000


mem[X,0x8000006C] -> 0x0413
mem[X,0x8000006E] -> 0xB7D4
[32] [M]: 0x8000006C (0xB7D40413) addi fp, fp, 2941
x8 <- 0x5BFDDB7D


mem[X,0x80000070] -> 0xF4B7
mem[X,0x80000072] -> 0xADFE
[33] [M]: 0x80000070 (0xADFEF4B7) lui s1, 712687
x9 <- 0xADFEF000


mem[X,0x80000074] -> 0x8493
mem[X,0x80000076] -> 0xDBE4
[34] [M]: 0x80000074 (0xDBE48493) addi s1, s1, 3518
x9 <- 0xADFEEDBE


mem[X,0x80000078] -> 0x7537
mem[X,0x8000007A] -> 0x56FF
[35] [M]: 0x80000078 (0x56FF7537) lui a0, 356343
x10 <- 0x56FF7000


mem[X,0x8000007C] -> 0x0513
mem[X,0x8000007E] -> 0x6DF5
[36] [M]: 0x8000007C (0x6DF50513) addi a0, a0, 1759
x10 <- 0x56FF76DF


mem[X,0x80000080] -> 0xC5B7
mem[X,0x80000082] -> 0xAB7F
[37] [M]: 0x80000080 (0xAB7FC5B7) lui a1, 702460
x11 <- 0xAB7FC000


mem[X,0x80000084] -> 0x8593
mem[X,0x80000086] -> 0xB6F5
[38] [M]: 0x80000084 (0xB6F58593) addi a1, a1, 2927
x11 <- 0xAB7FBB6F


mem[X,0x80000088] -> 0xE637
mem[X,0x8000008A] -> 0xD5BF
[39] [M]: 0x80000088 (0xD5BFE637) lui a2, 875518
x12 <- 0xD5BFE000


mem[X,0x8000008C] -> 0x0613
mem[X,0x8000008E] -> 0xDB76
[40] [M]: 0x8000008C (0xDB760613) addi a2, a2, 3511
x12 <- 0xD5BFDDB7


mem[X,0x80000090] -> 0xF6B7
mem[X,0x80000092] -> 0xEADF
[41] [M]: 0x80000090 (0xEADFF6B7) lui a3, 962047
x13 <- 0xEADFF000


mem[X,0x80000094] -> 0x8693
mem[X,0x80000096] -> 0xEDB6
[42] [M]: 0x80000094 (0xEDB68693) addi a3, a3, 3803
x13 <- 0xEADFEEDB


mem[X,0x80000098] -> 0xF737
mem[X,0x8000009A] -> 0xF56F
[43] [M]: 0x80000098 (0xF56FF737) lui a4, 1005311
x14 <- 0xF56FF000


mem[X,0x8000009C] -> 0x0713
mem[X,0x8000009E] -> 0x76D7
[44] [M]: 0x8000009C (0x76D70713) addi a4, a4, 1901
x14 <- 0xF56FF76D


mem[X,0x800000A0] -> 0x07B7
mem[X,0x800000A2] -> 0xFAB8
[45] [M]: 0x800000A0 (0xFAB807B7) lui a5, 1026944
x15 <- 0xFAB80000


mem[X,0x800000A4] -> 0x8793
mem[X,0x800000A6] -> 0xBB67
[46] [M]: 0x800000A4 (0xBB678793) addi a5, a5, 2998
x15 <- 0xFAB7FBB6


mem[X,0x800000A8] -> 0x0013
mem[X,0x800000AA] -> 0x0000
[47] [M]: 0x800000A8 (0x00000013) addi zero, zero, 0


mem[X,0x800000AC] -> 0x0013
mem[X,0x800000AE] -> 0x0000
[48] [M]: 0x800000AC (0x00000013) addi zero, zero, 0


mem[X,0x800000B0] -> 0x0013
mem[X,0x800000B2] -> 0x0000
[49] [M]: 0x800000B0 (0x00000013) addi zero, zero, 0


mem[X,0x800000B4] -> 0x0013
mem[X,0x800000B6] -> 0x0000
[50] [M]: 0x800000B4 (0x00000013) addi zero, zero, 0


mem[X,0x800000B8] -> 0x0013
mem[X,0x800000BA] -> 0x0000
[51] [M]: 0x800000B8 (0x00000013) addi zero, zero, 0


mem[X,0x800000BC] -> 0x0013
mem[X,0x800000BE] -> 0x0000
[52] [M]: 0x800000BC (0x00000013) addi zero, zero, 0


mem[X,0x800000C0] -> 0x4117
mem[X,0x800000C2] -> 0x0000
[53] [M]: 0x800000C0 (0x00004117) auipc sp, 4
x2 <- 0x800040C0


mem[X,0x800000C4] -> 0x0113
mem[X,0x800000C6] -> 0x0541
[54] [M]: 0x800000C4 (0x05410113) addi sp, sp, 84
x2 <- 0x80004114


mem[X,0x800000C8] -> 0x0013
mem[X,0x800000CA] -> 0x0000
[55] [M]: 0x800000C8 (0x00000013) addi zero, zero, 0


mem[X,0x800000CC] -> 0x0013
mem[X,0x800000CE] -> 0x0000
[56] [M]: 0x800000CC (0x00000013) addi zero, zero, 0


mem[X,0x800000D0] -> 0x0013
mem[X,0x800000D2] -> 0x0000
[57] [M]: 0x800000D0 (0x00000013) addi zero, zero, 0


mem[X,0x800000D4] -> 0x0013
mem[X,0x800000D6] -> 0x0000
[58] [M]: 0x800000D4 (0x00000013) addi zero, zero, 0


mem[X,0x800000D8] -> 0x0013
mem[X,0x800000DA] -> 0x0000
[59] [M]: 0x800000D8 (0x00000013) addi zero, zero, 0


mem[X,0x800000DC] -> 0x0013
mem[X,0x800000DE] -> 0x0000
[60] [M]: 0x800000DC (0x00000013) addi zero, zero, 0


mem[X,0x800000E0] -> 0x0A97
mem[X,0x800000E2] -> 0x0000
[61] [M]: 0x800000E0 (0x00000A97) auipc s5, 0
x21 <- 0x800000E0


mem[X,0x800000E4] -> 0x8A93
mem[X,0x800000E6] -> 0x028A
[62] [M]: 0x800000E4 (0x028A8A93) addi s5, s5, 40
x21 <- 0x80000108


mem[X,0x800000E8] -> 0x0013
mem[X,0x800000EA] -> 0x0000
[63] [M]: 0x800000E8 (0x00000013) addi zero, zero, 0


mem[X,0x800000EC] -> 0x0013
mem[X,0x800000EE] -> 0x0000
[64] [M]: 0x800000EC (0x00000013) addi zero, zero, 0


mem[X,0x800000F0] -> 0x0013
mem[X,0x800000F2] -> 0x0000
[65] [M]: 0x800000F0 (0x00000013) addi zero, zero, 0


mem[X,0x800000F4] -> 0x0013
mem[X,0x800000F6] -> 0x0000
[66] [M]: 0x800000F4 (0x00000013) addi zero, zero, 0


mem[X,0x800000F8] -> 0x0013
mem[X,0x800000FA] -> 0x0000
[67] [M]: 0x800000F8 (0x00000013) addi zero, zero, 0


mem[X,0x800000FC] -> 0x0013
mem[X,0x800000FE] -> 0x0000
[68] [M]: 0x800000FC (0x00000013) addi zero, zero, 0


mem[X,0x80000100] -> 0x8A82
[69] [M]: 0x80000100 (0x8A82) c.jr s5


mem[X,0x80000108] -> 0xCA93
mem[X,0x8000010A] -> 0x003A
[70] [M]: 0x80000108 (0x003ACA93) xori s5, s5, 3
x21 <- 0x8000010B


mem[X,0x8000010C] -> 0x0013
mem[X,0x8000010E] -> 0x0000
[71] [M]: 0x8000010C (0x00000013) addi zero, zero, 0


mem[X,0x80000110] -> 0x0013
mem[X,0x80000112] -> 0x0000
[72] [M]: 0x80000110 (0x00000013) addi zero, zero, 0


mem[X,0x80000114] -> 0x0013
mem[X,0x80000116] -> 0x0000
[73] [M]: 0x80000114 (0x00000013) addi zero, zero, 0


mem[X,0x80000118] -> 0x0013
mem[X,0x8000011A] -> 0x0000
[74] [M]: 0x80000118 (0x00000013) addi zero, zero, 0


mem[X,0x8000011C] -> 0x0013
mem[X,0x8000011E] -> 0x0000
[75] [M]: 0x8000011C (0x00000013) addi zero, zero, 0


mem[X,0x80000120] -> 0x0317
mem[X,0x80000122] -> 0x0000
[76] [M]: 0x80000120 (0x00000317) auipc t1, 0
x6 <- 0x80000120


mem[X,0x80000124] -> 0x0313
mem[X,0x80000126] -> 0xFC03
[77] [M]: 0x80000124 (0xFC030313) addi t1, t1, 4032
x6 <- 0x800000E0


mem[X,0x80000128] -> 0x0013
mem[X,0x8000012A] -> 0x0000
[78] [M]: 0x80000128 (0x00000013) addi zero, zero, 0


mem[X,0x8000012C] -> 0x0013
mem[X,0x8000012E] -> 0x0000
[79] [M]: 0x8000012C (0x00000013) addi zero, zero, 0


mem[X,0x80000130] -> 0x0013
mem[X,0x80000132] -> 0x0000
[80] [M]: 0x80000130 (0x00000013) addi zero, zero, 0


mem[X,0x80000134] -> 0x0013
mem[X,0x80000136] -> 0x0000
[81] [M]: 0x80000134 (0x00000013) addi zero, zero, 0


mem[X,0x80000138] -> 0x0013
mem[X,0x8000013A] -> 0x0000
[82] [M]: 0x80000138 (0x00000013) addi zero, zero, 0


mem[X,0x8000013C] -> 0x0013
mem[X,0x8000013E] -> 0x0000
[83] [M]: 0x8000013C (0x00000013) addi zero, zero, 0


mem[X,0x80000140] -> 0x7313
mem[X,0x80000142] -> 0xFFC3
[84] [M]: 0x80000140 (0xFFC37313) andi t1, t1, 4092
x6 <- 0x800000E0


mem[X,0x80000144] -> 0x8AB3
mem[X,0x80000146] -> 0x406A
[85] [M]: 0x80000144 (0x406A8AB3) sub s5, s5, t1
x21 <- 0x0000002B


mem[X,0x80000148] -> 0xC056
[86] [M]: 0x80000148 (0xC056) c.swsp s5, 0
mem[0x80004114] <- 0x0000002B


mem[X,0x8000014A] -> 0x0013
mem[X,0x8000014C] -> 0x0000
[87] [M]: 0x8000014A (0x00000013) addi zero, zero, 0


mem[X,0x8000014E] -> 0x0013
mem[X,0x80000150] -> 0x0000
[88] [M]: 0x8000014E (0x00000013) addi zero, zero, 0


mem[X,0x80000152] -> 0x0013
mem[X,0x80000154] -> 0x0000
[89] [M]: 0x80000152 (0x00000013) addi zero, zero, 0


mem[X,0x80000156] -> 0x0013
mem[X,0x80000158] -> 0x0000
[90] [M]: 0x80000156 (0x00000013) addi zero, zero, 0


mem[X,0x8000015A] -> 0x0013
mem[X,0x8000015C] -> 0x0000
[91] [M]: 0x8000015A (0x00000013) addi zero, zero, 0


mem[X,0x8000015E] -> 0x0001
[92] [M]: 0x8000015E (0x0001) c.nop


mem[X,0x80000160] -> 0x0F17
mem[X,0x80000162] -> 0x0000
[93] [M]: 0x80000160 (0x00000F17) auipc t5, 0
x30 <- 0x80000160


mem[X,0x80000164] -> 0x0F13
mem[X,0x80000166] -> 0x028F
[94] [M]: 0x80000164 (0x028F0F13) addi t5, t5, 40
x30 <- 0x80000188


mem[X,0x80000168] -> 0x0013
mem[X,0x8000016A] -> 0x0000
[95] [M]: 0x80000168 (0x00000013) addi zero, zero, 0


mem[X,0x8000016C] -> 0x0013
mem[X,0x8000016E] -> 0x0000
[96] [M]: 0x8000016C (0x00000013) addi zero, zero, 0


mem[X,0x80000170] -> 0x0013
mem[X,0x80000172] -> 0x0000
[97] [M]: 0x80000170 (0x00000013) addi zero, zero, 0


mem[X,0x80000174] -> 0x0013
mem[X,0x80000176] -> 0x0000
[98] [M]: 0x80000174 (0x00000013) addi zero, zero, 0


mem[X,0x80000178] -> 0x0013
mem[X,0x8000017A] -> 0x0000
[99] [M]: 0x80000178 (0x00000013) addi zero, zero, 0


clint::tick mtime <- 0x0000000000000001
 clint timer pending at mtime 0x0000000000000001
htif::tick 0x0000000000000000
mem[X,0x8000017C] -> 0x0013
mem[X,0x8000017E] -> 0x0000
[100] [M]: 0x8000017C (0x00000013) addi zero, zero, 0


mem[X,0x80000180] -> 0x8F02
[101] [M]: 0x80000180 (0x8F02) c.jr t5


mem[X,0x80000188] -> 0x4F13
mem[X,0x8000018A] -> 0x003F
[102] [M]: 0x80000188 (0x003F4F13) xori t5, t5, 3
x30 <- 0x8000018B


mem[X,0x8000018C] -> 0x0013
mem[X,0x8000018E] -> 0x0000
[103] [M]: 0x8000018C (0x00000013) addi zero, zero, 0


mem[X,0x80000190] -> 0x0013
mem[X,0x80000192] -> 0x0000
[104] [M]: 0x80000190 (0x00000013) addi zero, zero, 0


mem[X,0x80000194] -> 0x0013
mem[X,0x80000196] -> 0x0000
[105] [M]: 0x80000194 (0x00000013) addi zero, zero, 0


mem[X,0x80000198] -> 0x0013
mem[X,0x8000019A] -> 0x0000
[106] [M]: 0x80000198 (0x00000013) addi zero, zero, 0


mem[X,0x8000019C] -> 0x0013
mem[X,0x8000019E] -> 0x0000
[107] [M]: 0x8000019C (0x00000013) addi zero, zero, 0


mem[X,0x800001A0] -> 0x0317
mem[X,0x800001A2] -> 0x0000
[108] [M]: 0x800001A0 (0x00000317) auipc t1, 0
x6 <- 0x800001A0


mem[X,0x800001A4] -> 0x0313
mem[X,0x800001A6] -> 0xFAA3
[109] [M]: 0x800001A4 (0xFAA30313) addi t1, t1, 4010
x6 <- 0x8000014A


mem[X,0x800001A8] -> 0x0013
mem[X,0x800001AA] -> 0x0000
[110] [M]: 0x800001A8 (0x00000013) addi zero, zero, 0


mem[X,0x800001AC] -> 0x0013
mem[X,0x800001AE] -> 0x0000
[111] [M]: 0x800001AC (0x00000013) addi zero, zero, 0


mem[X,0x800001B0] -> 0x0013
mem[X,0x800001B2] -> 0x0000
[112] [M]: 0x800001B0 (0x00000013) addi zero, zero, 0


mem[X,0x800001B4] -> 0x0013
mem[X,0x800001B6] -> 0x0000
[113] [M]: 0x800001B4 (0x00000013) addi zero, zero, 0


mem[X,0x800001B8] -> 0x0013
mem[X,0x800001BA] -> 0x0000
[114] [M]: 0x800001B8 (0x00000013) addi zero, zero, 0


mem[X,0x800001BC] -> 0x0013
mem[X,0x800001BE] -> 0x0000
[115] [M]: 0x800001BC (0x00000013) addi zero, zero, 0


mem[X,0x800001C0] -> 0x7313
mem[X,0x800001C2] -> 0xFFC3
[116] [M]: 0x800001C0 (0xFFC37313) andi t1, t1, 4092
x6 <- 0x80000148


mem[X,0x800001C4] -> 0x0F33
mem[X,0x800001C6] -> 0x406F
[117] [M]: 0x800001C4 (0x406F0F33) sub t5, t5, t1
x30 <- 0x00000043


mem[X,0x800001C8] -> 0xC27A
[118] [M]: 0x800001C8 (0xC27A) c.swsp t5, 1
mem[0x80004118] <- 0x00000043


mem[X,0x800001CA] -> 0x0013
mem[X,0x800001CC] -> 0x0000
[119] [M]: 0x800001CA (0x00000013) addi zero, zero, 0


mem[X,0x800001CE] -> 0x0013
mem[X,0x800001D0] -> 0x0000
[120] [M]: 0x800001CE (0x00000013) addi zero, zero, 0


mem[X,0x800001D2] -> 0x0013
mem[X,0x800001D4] -> 0x0000
[121] [M]: 0x800001D2 (0x00000013) addi zero, zero, 0


mem[X,0x800001D6] -> 0x0013
mem[X,0x800001D8] -> 0x0000
[122] [M]: 0x800001D6 (0x00000013) addi zero, zero, 0


mem[X,0x800001DA] -> 0x0013
mem[X,0x800001DC] -> 0x0000
[123] [M]: 0x800001DA (0x00000013) addi zero, zero, 0


mem[X,0x800001DE] -> 0x0001
[124] [M]: 0x800001DE (0x0001) c.nop


mem[X,0x800001E0] -> 0x0A17
mem[X,0x800001E2] -> 0x0000
[125] [M]: 0x800001E0 (0x00000A17) auipc s4, 0
x20 <- 0x800001E0


mem[X,0x800001E4] -> 0x0A13
mem[X,0x800001E6] -> 0x028A
[126] [M]: 0x800001E4 (0x028A0A13) addi s4, s4, 40
x20 <- 0x80000208


mem[X,0x800001E8] -> 0x0013
mem[X,0x800001EA] -> 0x0000
[127] [M]: 0x800001E8 (0x00000013) addi zero, zero, 0


mem[X,0x800001EC] -> 0x0013
mem[X,0x800001EE] -> 0x0000
[128] [M]: 0x800001EC (0x00000013) addi zero, zero, 0


mem[X,0x800001F0] -> 0x0013
mem[X,0x800001F2] -> 0x0000
[129] [M]: 0x800001F0 (0x00000013) addi zero, zero, 0


mem[X,0x800001F4] -> 0x0013
mem[X,0x800001F6] -> 0x0000
[130] [M]: 0x800001F4 (0x00000013) addi zero, zero, 0


mem[X,0x800001F8] -> 0x0013
mem[X,0x800001FA] -> 0x0000
[131] [M]: 0x800001F8 (0x00000013) addi zero, zero, 0


mem[X,0x800001FC] -> 0x0013
mem[X,0x800001FE] -> 0x0000
[132] [M]: 0x800001FC (0x00000013) addi zero, zero, 0


mem[X,0x80000200] -> 0x8A02
[133] [M]: 0x80000200 (0x8A02) c.jr s4


mem[X,0x80000208] -> 0x4A13
mem[X,0x8000020A] -> 0x003A
[134] [M]: 0x80000208 (0x003A4A13) xori s4, s4, 3
x20 <- 0x8000020B


mem[X,0x8000020C] -> 0x0013
mem[X,0x8000020E] -> 0x0000
[135] [M]: 0x8000020C (0x00000013) addi zero, zero, 0


mem[X,0x80000210] -> 0x0013
mem[X,0x80000212] -> 0x0000
[136] [M]: 0x80000210 (0x00000013) addi zero, zero, 0


mem[X,0x80000214] -> 0x0013
mem[X,0x80000216] -> 0x0000
[137] [M]: 0x80000214 (0x00000013) addi zero, zero, 0


mem[X,0x80000218] -> 0x0013
mem[X,0x8000021A] -> 0x0000
[138] [M]: 0x80000218 (0x00000013) addi zero, zero, 0


mem[X,0x8000021C] -> 0x0013
mem[X,0x8000021E] -> 0x0000
[139] [M]: 0x8000021C (0x00000013) addi zero, zero, 0


mem[X,0x80000220] -> 0x0317
mem[X,0x80000222] -> 0x0000
[140] [M]: 0x80000220 (0x00000317) auipc t1, 0
x6 <- 0x80000220


mem[X,0x80000224] -> 0x0313
mem[X,0x80000226] -> 0xFAA3
[141] [M]: 0x80000224 (0xFAA30313) addi t1, t1, 4010
x6 <- 0x800001CA


mem[X,0x80000228] -> 0x0013
mem[X,0x8000022A] -> 0x0000
[142] [M]: 0x80000228 (0x00000013) addi zero, zero, 0


mem[X,0x8000022C] -> 0x0013
mem[X,0x8000022E] -> 0x0000
[143] [M]: 0x8000022C (0x00000013) addi zero, zero, 0


mem[X,0x80000230] -> 0x0013
mem[X,0x80000232] -> 0x0000
[144] [M]: 0x80000230 (0x00000013) addi zero, zero, 0


mem[X,0x80000234] -> 0x0013
mem[X,0x80000236] -> 0x0000
[145] [M]: 0x80000234 (0x00000013) addi zero, zero, 0


mem[X,0x80000238] -> 0x0013
mem[X,0x8000023A] -> 0x0000
[146] [M]: 0x80000238 (0x00000013) addi zero, zero, 0


mem[X,0x8000023C] -> 0x0013
mem[X,0x8000023E] -> 0x0000
[147] [M]: 0x8000023C (0x00000013) addi zero, zero, 0


mem[X,0x80000240] -> 0x7313
mem[X,0x80000242] -> 0xFFC3
[148] [M]: 0x80000240 (0xFFC37313) andi t1, t1, 4092
x6 <- 0x800001C8


mem[X,0x80000244] -> 0x0A33
mem[X,0x80000246] -> 0x406A
[149] [M]: 0x80000244 (0x406A0A33) sub s4, s4, t1
x20 <- 0x00000043


mem[X,0x80000248] -> 0xC452
[150] [M]: 0x80000248 (0xC452) c.swsp s4, 2
mem[0x8000411C] <- 0x00000043


mem[X,0x8000024A] -> 0x0013
mem[X,0x8000024C] -> 0x0000
[151] [M]: 0x8000024A (0x00000013) addi zero, zero, 0


mem[X,0x8000024E] -> 0x0013
mem[X,0x80000250] -> 0x0000
[152] [M]: 0x8000024E (0x00000013) addi zero, zero, 0


mem[X,0x80000252] -> 0x0013
mem[X,0x80000254] -> 0x0000
[153] [M]: 0x80000252 (0x00000013) addi zero, zero, 0


mem[X,0x80000256] -> 0x0013
mem[X,0x80000258] -> 0x0000
[154] [M]: 0x80000256 (0x00000013) addi zero, zero, 0


mem[X,0x8000025A] -> 0x0013
mem[X,0x8000025C] -> 0x0000
[155] [M]: 0x8000025A (0x00000013) addi zero, zero, 0


mem[X,0x8000025E] -> 0x0001
[156] [M]: 0x8000025E (0x0001) c.nop


mem[X,0x80000260] -> 0x0597
mem[X,0x80000262] -> 0x0000
[157] [M]: 0x80000260 (0x00000597) auipc a1, 0
x11 <- 0x80000260


mem[X,0x80000264] -> 0x8593
mem[X,0x80000266] -> 0x0285
[158] [M]: 0x80000264 (0x02858593) addi a1, a1, 40
x11 <- 0x80000288


mem[X,0x80000268] -> 0x0013
mem[X,0x8000026A] -> 0x0000
[159] [M]: 0x80000268 (0x00000013) addi zero, zero, 0


mem[X,0x8000026C] -> 0x0013
mem[X,0x8000026E] -> 0x0000
[160] [M]: 0x8000026C (0x00000013) addi zero, zero, 0


mem[X,0x80000270] -> 0x0013
mem[X,0x80000272] -> 0x0000
[161] [M]: 0x80000270 (0x00000013) addi zero, zero, 0


mem[X,0x80000274] -> 0x0013
mem[X,0x80000276] -> 0x0000
[162] [M]: 0x80000274 (0x00000013) addi zero, zero, 0


mem[X,0x80000278] -> 0x0013
mem[X,0x8000027A] -> 0x0000
[163] [M]: 0x80000278 (0x00000013) addi zero, zero, 0


mem[X,0x8000027C] -> 0x0013
mem[X,0x8000027E] -> 0x0000
[164] [M]: 0x8000027C (0x00000013) addi zero, zero, 0


mem[X,0x80000280] -> 0x8582
[165] [M]: 0x80000280 (0x8582) c.jr a1


mem[X,0x80000288] -> 0xC593
mem[X,0x8000028A] -> 0x0035
[166] [M]: 0x80000288 (0x0035C593) xori a1, a1, 3
x11 <- 0x8000028B


mem[X,0x8000028C] -> 0x0013
mem[X,0x8000028E] -> 0x0000
[167] [M]: 0x8000028C (0x00000013) addi zero, zero, 0


mem[X,0x80000290] -> 0x0013
mem[X,0x80000292] -> 0x0000
[168] [M]: 0x80000290 (0x00000013) addi zero, zero, 0


mem[X,0x80000294] -> 0x0013
mem[X,0x80000296] -> 0x0000
[169] [M]: 0x80000294 (0x00000013) addi zero, zero, 0


mem[X,0x80000298] -> 0x0013
mem[X,0x8000029A] -> 0x0000
[170] [M]: 0x80000298 (0x00000013) addi zero, zero, 0


mem[X,0x8000029C] -> 0x0013
mem[X,0x8000029E] -> 0x0000
[171] [M]: 0x8000029C (0x00000013) addi zero, zero, 0


mem[X,0x800002A0] -> 0x0317
mem[X,0x800002A2] -> 0x0000
[172] [M]: 0x800002A0 (0x00000317) auipc t1, 0
x6 <- 0x800002A0


mem[X,0x800002A4] -> 0x0313
mem[X,0x800002A6] -> 0xFAA3
[173] [M]: 0x800002A4 (0xFAA30313) addi t1, t1, 4010
x6 <- 0x8000024A


mem[X,0x800002A8] -> 0x0013
mem[X,0x800002AA] -> 0x0000
[174] [M]: 0x800002A8 (0x00000013) addi zero, zero, 0


mem[X,0x800002AC] -> 0x0013
mem[X,0x800002AE] -> 0x0000
[175] [M]: 0x800002AC (0x00000013) addi zero, zero, 0


mem[X,0x800002B0] -> 0x0013
mem[X,0x800002B2] -> 0x0000
[176] [M]: 0x800002B0 (0x00000013) addi zero, zero, 0


mem[X,0x800002B4] -> 0x0013
mem[X,0x800002B6] -> 0x0000
[177] [M]: 0x800002B4 (0x00000013) addi zero, zero, 0


mem[X,0x800002B8] -> 0x0013
mem[X,0x800002BA] -> 0x0000
[178] [M]: 0x800002B8 (0x00000013) addi zero, zero, 0


mem[X,0x800002BC] -> 0x0013
mem[X,0x800002BE] -> 0x0000
[179] [M]: 0x800002BC (0x00000013) addi zero, zero, 0


mem[X,0x800002C0] -> 0x7313
mem[X,0x800002C2] -> 0xFFC3
[180] [M]: 0x800002C0 (0xFFC37313) andi t1, t1, 4092
x6 <- 0x80000248


mem[X,0x800002C4] -> 0x85B3
mem[X,0x800002C6] -> 0x4065
[181] [M]: 0x800002C4 (0x406585B3) sub a1, a1, t1
x11 <- 0x00000043


mem[X,0x800002C8] -> 0xC62E
[182] [M]: 0x800002C8 (0xC62E) c.swsp a1, 3
mem[0x80004120] <- 0x00000043


mem[X,0x800002CA] -> 0x0013
mem[X,0x800002CC] -> 0x0000
[183] [M]: 0x800002CA (0x00000013) addi zero, zero, 0


mem[X,0x800002CE] -> 0x0013
mem[X,0x800002D0] -> 0x0000
[184] [M]: 0x800002CE (0x00000013) addi zero, zero, 0


mem[X,0x800002D2] -> 0x0013
mem[X,0x800002D4] -> 0x0000
[185] [M]: 0x800002D2 (0x00000013) addi zero, zero, 0


mem[X,0x800002D6] -> 0x0013
mem[X,0x800002D8] -> 0x0000
[186] [M]: 0x800002D6 (0x00000013) addi zero, zero, 0


mem[X,0x800002DA] -> 0x0013
mem[X,0x800002DC] -> 0x0000
[187] [M]: 0x800002DA (0x00000013) addi zero, zero, 0


mem[X,0x800002DE] -> 0x0001
[188] [M]: 0x800002DE (0x0001) c.nop


mem[X,0x800002E0] -> 0x0997
mem[X,0x800002E2] -> 0x0000
[189] [M]: 0x800002E0 (0x00000997) auipc s3, 0
x19 <- 0x800002E0


mem[X,0x800002E4] -> 0x8993
mem[X,0x800002E6] -> 0x0289
[190] [M]: 0x800002E4 (0x02898993) addi s3, s3, 40
x19 <- 0x80000308


mem[X,0x800002E8] -> 0x0013
mem[X,0x800002EA] -> 0x0000
[191] [M]: 0x800002E8 (0x00000013) addi zero, zero, 0


mem[X,0x800002EC] -> 0x0013
mem[X,0x800002EE] -> 0x0000
[192] [M]: 0x800002EC (0x00000013) addi zero, zero, 0


mem[X,0x800002F0] -> 0x0013
mem[X,0x800002F2] -> 0x0000
[193] [M]: 0x800002F0 (0x00000013) addi zero, zero, 0


mem[X,0x800002F4] -> 0x0013
mem[X,0x800002F6] -> 0x0000
[194] [M]: 0x800002F4 (0x00000013) addi zero, zero, 0


mem[X,0x800002F8] -> 0x0013
mem[X,0x800002FA] -> 0x0000
[195] [M]: 0x800002F8 (0x00000013) addi zero, zero, 0


mem[X,0x800002FC] -> 0x0013
mem[X,0x800002FE] -> 0x0000
[196] [M]: 0x800002FC (0x00000013) addi zero, zero, 0


mem[X,0x80000300] -> 0x8982
[197] [M]: 0x80000300 (0x8982) c.jr s3


mem[X,0x80000308] -> 0xC993
mem[X,0x8000030A] -> 0x0039
[198] [M]: 0x80000308 (0x0039C993) xori s3, s3, 3
x19 <- 0x8000030B


mem[X,0x8000030C] -> 0x0013
mem[X,0x8000030E] -> 0x0000
[199] [M]: 0x8000030C (0x00000013) addi zero, zero, 0


clint::tick mtime <- 0x0000000000000002
 clint timer pending at mtime 0x0000000000000002
htif::tick 0x0000000000000000
mem[X,0x80000310] -> 0x0013
mem[X,0x80000312] -> 0x0000
[200] [M]: 0x80000310 (0x00000013) addi zero, zero, 0


mem[X,0x80000314] -> 0x0013
mem[X,0x80000316] -> 0x0000
[201] [M]: 0x80000314 (0x00000013) addi zero, zero, 0


mem[X,0x80000318] -> 0x0013
mem[X,0x8000031A] -> 0x0000
[202] [M]: 0x80000318 (0x00000013) addi zero, zero, 0


mem[X,0x8000031C] -> 0x0013
mem[X,0x8000031E] -> 0x0000
[203] [M]: 0x8000031C (0x00000013) addi zero, zero, 0


mem[X,0x80000320] -> 0x0317
mem[X,0x80000322] -> 0x0000
[204] [M]: 0x80000320 (0x00000317) auipc t1, 0
x6 <- 0x80000320


mem[X,0x80000324] -> 0x0313
mem[X,0x80000326] -> 0xFAA3
[205] [M]: 0x80000324 (0xFAA30313) addi t1, t1, 4010
x6 <- 0x800002CA


mem[X,0x80000328] -> 0x0013
mem[X,0x8000032A] -> 0x0000
[206] [M]: 0x80000328 (0x00000013) addi zero, zero, 0


mem[X,0x8000032C] -> 0x0013
mem[X,0x8000032E] -> 0x0000
[207] [M]: 0x8000032C (0x00000013) addi zero, zero, 0


mem[X,0x80000330] -> 0x0013
mem[X,0x80000332] -> 0x0000
[208] [M]: 0x80000330 (0x00000013) addi zero, zero, 0


mem[X,0x80000334] -> 0x0013
mem[X,0x80000336] -> 0x0000
[209] [M]: 0x80000334 (0x00000013) addi zero, zero, 0


mem[X,0x80000338] -> 0x0013
mem[X,0x8000033A] -> 0x0000
[210] [M]: 0x80000338 (0x00000013) addi zero, zero, 0


mem[X,0x8000033C] -> 0x0013
mem[X,0x8000033E] -> 0x0000
[211] [M]: 0x8000033C (0x00000013) addi zero, zero, 0


mem[X,0x80000340] -> 0x7313
mem[X,0x80000342] -> 0xFFC3
[212] [M]: 0x80000340 (0xFFC37313) andi t1, t1, 4092
x6 <- 0x800002C8


mem[X,0x80000344] -> 0x89B3
mem[X,0x80000346] -> 0x4069
[213] [M]: 0x80000344 (0x406989B3) sub s3, s3, t1
x19 <- 0x00000043


mem[X,0x80000348] -> 0xC84E
[214] [M]: 0x80000348 (0xC84E) c.swsp s3, 4
mem[0x80004124] <- 0x00000043


mem[X,0x8000034A] -> 0x0013
mem[X,0x8000034C] -> 0x0000
[215] [M]: 0x8000034A (0x00000013) addi zero, zero, 0


mem[X,0x8000034E] -> 0x0013
mem[X,0x80000350] -> 0x0000
[216] [M]: 0x8000034E (0x00000013) addi zero, zero, 0


mem[X,0x80000352] -> 0x0013
mem[X,0x80000354] -> 0x0000
[217] [M]: 0x80000352 (0x00000013) addi zero, zero, 0


mem[X,0x80000356] -> 0x0013
mem[X,0x80000358] -> 0x0000
[218] [M]: 0x80000356 (0x00000013) addi zero, zero, 0


mem[X,0x8000035A] -> 0x0013
mem[X,0x8000035C] -> 0x0000
[219] [M]: 0x8000035A (0x00000013) addi zero, zero, 0


mem[X,0x8000035E] -> 0x0001
[220] [M]: 0x8000035E (0x0001) c.nop


mem[X,0x80000360] -> 0x0D97
mem[X,0x80000362] -> 0x0000
[221] [M]: 0x80000360 (0x00000D97) auipc s11, 0
x27 <- 0x80000360


mem[X,0x80000364] -> 0x8D93
mem[X,0x80000366] -> 0x028D
[222] [M]: 0x80000364 (0x028D8D93) addi s11, s11, 40
x27 <- 0x80000388


mem[X,0x80000368] -> 0x0013
mem[X,0x8000036A] -> 0x0000
[223] [M]: 0x80000368 (0x00000013) addi zero, zero, 0


mem[X,0x8000036C] -> 0x0013
mem[X,0x8000036E] -> 0x0000
[224] [M]: 0x8000036C (0x00000013) addi zero, zero, 0


mem[X,0x80000370] -> 0x0013
mem[X,0x80000372] -> 0x0000
[225] [M]: 0x80000370 (0x00000013) addi zero, zero, 0


mem[X,0x80000374] -> 0x0013
mem[X,0x80000376] -> 0x0000
[226] [M]: 0x80000374 (0x00000013) addi zero, zero, 0


mem[X,0x80000378] -> 0x0013
mem[X,0x8000037A] -> 0x0000
[227] [M]: 0x80000378 (0x00000013) addi zero, zero, 0


mem[X,0x8000037C] -> 0x0013
mem[X,0x8000037E] -> 0x0000
[228] [M]: 0x8000037C (0x00000013) addi zero, zero, 0


mem[X,0x80000380] -> 0x8D82
[229] [M]: 0x80000380 (0x8D82) c.jr s11


mem[X,0x80000388] -> 0xCD93
mem[X,0x8000038A] -> 0x003D
[230] [M]: 0x80000388 (0x003DCD93) xori s11, s11, 3
x27 <- 0x8000038B


mem[X,0x8000038C] -> 0x0013
mem[X,0x8000038E] -> 0x0000
[231] [M]: 0x8000038C (0x00000013) addi zero, zero, 0


mem[X,0x80000390] -> 0x0013
mem[X,0x80000392] -> 0x0000
[232] [M]: 0x80000390 (0x00000013) addi zero, zero, 0


mem[X,0x80000394] -> 0x0013
mem[X,0x80000396] -> 0x0000
[233] [M]: 0x80000394 (0x00000013) addi zero, zero, 0


mem[X,0x80000398] -> 0x0013
mem[X,0x8000039A] -> 0x0000
[234] [M]: 0x80000398 (0x00000013) addi zero, zero, 0


mem[X,0x8000039C] -> 0x0013
mem[X,0x8000039E] -> 0x0000
[235] [M]: 0x8000039C (0x00000013) addi zero, zero, 0


mem[X,0x800003A0] -> 0x0317
mem[X,0x800003A2] -> 0x0000
[236] [M]: 0x800003A0 (0x00000317) auipc t1, 0
x6 <- 0x800003A0


mem[X,0x800003A4] -> 0x0313
mem[X,0x800003A6] -> 0xFAA3
[237] [M]: 0x800003A4 (0xFAA30313) addi t1, t1, 4010
x6 <- 0x8000034A


mem[X,0x800003A8] -> 0x0013
mem[X,0x800003AA] -> 0x0000
[238] [M]: 0x800003A8 (0x00000013) addi zero, zero, 0


mem[X,0x800003AC] -> 0x0013
mem[X,0x800003AE] -> 0x0000
[239] [M]: 0x800003AC (0x00000013) addi zero, zero, 0


mem[X,0x800003B0] -> 0x0013
mem[X,0x800003B2] -> 0x0000
[240] [M]: 0x800003B0 (0x00000013) addi zero, zero, 0


mem[X,0x800003B4] -> 0x0013
mem[X,0x800003B6] -> 0x0000
[241] [M]: 0x800003B4 (0x00000013) addi zero, zero, 0


mem[X,0x800003B8] -> 0x0013
mem[X,0x800003BA] -> 0x0000
[242] [M]: 0x800003B8 (0x00000013) addi zero, zero, 0


mem[X,0x800003BC] -> 0x0013
mem[X,0x800003BE] -> 0x0000
[243] [M]: 0x800003BC (0x00000013) addi zero, zero, 0


mem[X,0x800003C0] -> 0x7313
mem[X,0x800003C2] -> 0xFFC3
[244] [M]: 0x800003C0 (0xFFC37313) andi t1, t1, 4092
x6 <- 0x80000348


mem[X,0x800003C4] -> 0x8DB3
mem[X,0x800003C6] -> 0x406D
[245] [M]: 0x800003C4 (0x406D8DB3) sub s11, s11, t1
x27 <- 0x00000043


mem[X,0x800003C8] -> 0xCA6E
[246] [M]: 0x800003C8 (0xCA6E) c.swsp s11, 5
mem[0x80004128] <- 0x00000043


mem[X,0x800003CA] -> 0x0013
mem[X,0x800003CC] -> 0x0000
[247] [M]: 0x800003CA (0x00000013) addi zero, zero, 0


mem[X,0x800003CE] -> 0x0013
mem[X,0x800003D0] -> 0x0000
[248] [M]: 0x800003CE (0x00000013) addi zero, zero, 0


mem[X,0x800003D2] -> 0x0013
mem[X,0x800003D4] -> 0x0000
[249] [M]: 0x800003D2 (0x00000013) addi zero, zero, 0


mem[X,0x800003D6] -> 0x0013
mem[X,0x800003D8] -> 0x0000
[250] [M]: 0x800003D6 (0x00000013) addi zero, zero, 0


mem[X,0x800003DA] -> 0x0013
mem[X,0x800003DC] -> 0x0000
[251] [M]: 0x800003DA (0x00000013) addi zero, zero, 0


mem[X,0x800003DE] -> 0x0001
[252] [M]: 0x800003DE (0x0001) c.nop


mem[X,0x800003E0] -> 0x0097
mem[X,0x800003E2] -> 0x0000
[253] [M]: 0x800003E0 (0x00000097) auipc ra, 0
x1 <- 0x800003E0


mem[X,0x800003E4] -> 0x8093
mem[X,0x800003E6] -> 0x0280
[254] [M]: 0x800003E4 (0x02808093) addi ra, ra, 40
x1 <- 0x80000408


mem[X,0x800003E8] -> 0x0013
mem[X,0x800003EA] -> 0x0000
[255] [M]: 0x800003E8 (0x00000013) addi zero, zero, 0


mem[X,0x800003EC] -> 0x0013
mem[X,0x800003EE] -> 0x0000
[256] [M]: 0x800003EC (0x00000013) addi zero, zero, 0


mem[X,0x800003F0] -> 0x0013
mem[X,0x800003F2] -> 0x0000
[257] [M]: 0x800003F0 (0x00000013) addi zero, zero, 0


mem[X,0x800003F4] -> 0x0013
mem[X,0x800003F6] -> 0x0000
[258] [M]: 0x800003F4 (0x00000013) addi zero, zero, 0


mem[X,0x800003F8] -> 0x0013
mem[X,0x800003FA] -> 0x0000
[259] [M]: 0x800003F8 (0x00000013) addi zero, zero, 0


mem[X,0x800003FC] -> 0x0013
mem[X,0x800003FE] -> 0x0000
[260] [M]: 0x800003FC (0x00000013) addi zero, zero, 0


mem[X,0x80000400] -> 0x8082
[261] [M]: 0x80000400 (0x8082) c.jr ra


mem[X,0x80000408] -> 0xC093
mem[X,0x8000040A] -> 0x0030
[262] [M]: 0x80000408 (0x0030C093) xori ra, ra, 3
x1 <- 0x8000040B


mem[X,0x8000040C] -> 0x0013
mem[X,0x8000040E] -> 0x0000
[263] [M]: 0x8000040C (0x00000013) addi zero, zero, 0


mem[X,0x80000410] -> 0x0013
mem[X,0x80000412] -> 0x0000
[264] [M]: 0x80000410 (0x00000013) addi zero, zero, 0


mem[X,0x80000414] -> 0x0013
mem[X,0x80000416] -> 0x0000
[265] [M]: 0x80000414 (0x00000013) addi zero, zero, 0


mem[X,0x80000418] -> 0x0013
mem[X,0x8000041A] -> 0x0000
[266] [M]: 0x80000418 (0x00000013) addi zero, zero, 0


mem[X,0x8000041C] -> 0x0013
mem[X,0x8000041E] -> 0x0000
[267] [M]: 0x8000041C (0x00000013) addi zero, zero, 0


mem[X,0x80000420] -> 0x0317
mem[X,0x80000422] -> 0x0000
[268] [M]: 0x80000420 (0x00000317) auipc t1, 0
x6 <- 0x80000420


mem[X,0x80000424] -> 0x0313
mem[X,0x80000426] -> 0xFAA3
[269] [M]: 0x80000424 (0xFAA30313) addi t1, t1, 4010
x6 <- 0x800003CA


mem[X,0x80000428] -> 0x0013
mem[X,0x8000042A] -> 0x0000
[270] [M]: 0x80000428 (0x00000013) addi zero, zero, 0


mem[X,0x8000042C] -> 0x0013
mem[X,0x8000042E] -> 0x0000
[271] [M]: 0x8000042C (0x00000013) addi zero, zero, 0


mem[X,0x80000430] -> 0x0013
mem[X,0x80000432] -> 0x0000
[272] [M]: 0x80000430 (0x00000013) addi zero, zero, 0


mem[X,0x80000434] -> 0x0013
mem[X,0x80000436] -> 0x0000
[273] [M]: 0x80000434 (0x00000013) addi zero, zero, 0


mem[X,0x80000438] -> 0x0013
mem[X,0x8000043A] -> 0x0000
[274] [M]: 0x80000438 (0x00000013) addi zero, zero, 0


mem[X,0x8000043C] -> 0x0013
mem[X,0x8000043E] -> 0x0000
[275] [M]: 0x8000043C (0x00000013) addi zero, zero, 0


mem[X,0x80000440] -> 0x7313
mem[X,0x80000442] -> 0xFFC3
[276] [M]: 0x80000440 (0xFFC37313) andi t1, t1, 4092
x6 <- 0x800003C8


mem[X,0x80000444] -> 0x80B3
mem[X,0x80000446] -> 0x4060
[277] [M]: 0x80000444 (0x406080B3) sub ra, ra, t1
x1 <- 0x00000043


mem[X,0x80000448] -> 0xCC06
[278] [M]: 0x80000448 (0xCC06) c.swsp ra, 6
mem[0x8000412C] <- 0x00000043


mem[X,0x8000044A] -> 0x0013
mem[X,0x8000044C] -> 0x0000
[279] [M]: 0x8000044A (0x00000013) addi zero, zero, 0


mem[X,0x8000044E] -> 0x0013
mem[X,0x80000450] -> 0x0000
[280] [M]: 0x8000044E (0x00000013) addi zero, zero, 0


mem[X,0x80000452] -> 0x0013
mem[X,0x80000454] -> 0x0000
[281] [M]: 0x80000452 (0x00000013) addi zero, zero, 0


mem[X,0x80000456] -> 0x0013
mem[X,0x80000458] -> 0x0000
[282] [M]: 0x80000456 (0x00000013) addi zero, zero, 0


mem[X,0x8000045A] -> 0x0013
mem[X,0x8000045C] -> 0x0000
[283] [M]: 0x8000045A (0x00000013) addi zero, zero, 0


mem[X,0x8000045E] -> 0x0001
[284] [M]: 0x8000045E (0x0001) c.nop


mem[X,0x80000460] -> 0x0497
mem[X,0x80000462] -> 0x0000
[285] [M]: 0x80000460 (0x00000497) auipc s1, 0
x9 <- 0x80000460


mem[X,0x80000464] -> 0x8493
mem[X,0x80000466] -> 0x0284
[286] [M]: 0x80000464 (0x02848493) addi s1, s1, 40
x9 <- 0x80000488


mem[X,0x80000468] -> 0x0013
mem[X,0x8000046A] -> 0x0000
[287] [M]: 0x80000468 (0x00000013) addi zero, zero, 0


mem[X,0x8000046C] -> 0x0013
mem[X,0x8000046E] -> 0x0000
[288] [M]: 0x8000046C (0x00000013) addi zero, zero, 0


mem[X,0x80000470] -> 0x0013
mem[X,0x80000472] -> 0x0000
[289] [M]: 0x80000470 (0x00000013) addi zero, zero, 0


mem[X,0x80000474] -> 0x0013
mem[X,0x80000476] -> 0x0000
[290] [M]: 0x80000474 (0x00000013) addi zero, zero, 0


mem[X,0x80000478] -> 0x0013
mem[X,0x8000047A] -> 0x0000
[291] [M]: 0x80000478 (0x00000013) addi zero, zero, 0


mem[X,0x8000047C] -> 0x0013
mem[X,0x8000047E] -> 0x0000
[292] [M]: 0x8000047C (0x00000013) addi zero, zero, 0


mem[X,0x80000480] -> 0x8482
[293] [M]: 0x80000480 (0x8482) c.jr s1


mem[X,0x80000488] -> 0xC493
mem[X,0x8000048A] -> 0x0034
[294] [M]: 0x80000488 (0x0034C493) xori s1, s1, 3
x9 <- 0x8000048B


mem[X,0x8000048C] -> 0x0013
mem[X,0x8000048E] -> 0x0000
[295] [M]: 0x8000048C (0x00000013) addi zero, zero, 0


mem[X,0x80000490] -> 0x0013
mem[X,0x80000492] -> 0x0000
[296] [M]: 0x80000490 (0x00000013) addi zero, zero, 0


mem[X,0x80000494] -> 0x0013
mem[X,0x80000496] -> 0x0000
[297] [M]: 0x80000494 (0x00000013) addi zero, zero, 0


mem[X,0x80000498] -> 0x0013
mem[X,0x8000049A] -> 0x0000
[298] [M]: 0x80000498 (0x00000013) addi zero, zero, 0


mem[X,0x8000049C] -> 0x0013
mem[X,0x8000049E] -> 0x0000
[299] [M]: 0x8000049C (0x00000013) addi zero, zero, 0


clint::tick mtime <- 0x0000000000000003
 clint timer pending at mtime 0x0000000000000003
htif::tick 0x0000000000000000
mem[X,0x800004A0] -> 0x0317
mem[X,0x800004A2] -> 0x0000
[300] [M]: 0x800004A0 (0x00000317) auipc t1, 0
x6 <- 0x800004A0


mem[X,0x800004A4] -> 0x0313
mem[X,0x800004A6] -> 0xFAA3
[301] [M]: 0x800004A4 (0xFAA30313) addi t1, t1, 4010
x6 <- 0x8000044A


mem[X,0x800004A8] -> 0x0013
mem[X,0x800004AA] -> 0x0000
[302] [M]: 0x800004A8 (0x00000013) addi zero, zero, 0


mem[X,0x800004AC] -> 0x0013
mem[X,0x800004AE] -> 0x0000
[303] [M]: 0x800004AC (0x00000013) addi zero, zero, 0


mem[X,0x800004B0] -> 0x0013
mem[X,0x800004B2] -> 0x0000
[304] [M]: 0x800004B0 (0x00000013) addi zero, zero, 0


mem[X,0x800004B4] -> 0x0013
mem[X,0x800004B6] -> 0x0000
[305] [M]: 0x800004B4 (0x00000013) addi zero, zero, 0


mem[X,0x800004B8] -> 0x0013
mem[X,0x800004BA] -> 0x0000
[306] [M]: 0x800004B8 (0x00000013) addi zero, zero, 0


mem[X,0x800004BC] -> 0x0013
mem[X,0x800004BE] -> 0x0000
[307] [M]: 0x800004BC (0x00000013) addi zero, zero, 0


mem[X,0x800004C0] -> 0x7313
mem[X,0x800004C2] -> 0xFFC3
[308] [M]: 0x800004C0 (0xFFC37313) andi t1, t1, 4092
x6 <- 0x80000448


mem[X,0x800004C4] -> 0x84B3
mem[X,0x800004C6] -> 0x4064
[309] [M]: 0x800004C4 (0x406484B3) sub s1, s1, t1
x9 <- 0x00000043


mem[X,0x800004C8] -> 0xCE26
[310] [M]: 0x800004C8 (0xCE26) c.swsp s1, 7
mem[0x80004130] <- 0x00000043


mem[X,0x800004CA] -> 0x0013
mem[X,0x800004CC] -> 0x0000
[311] [M]: 0x800004CA (0x00000013) addi zero, zero, 0


mem[X,0x800004CE] -> 0x0013
mem[X,0x800004D0] -> 0x0000
[312] [M]: 0x800004CE (0x00000013) addi zero, zero, 0


mem[X,0x800004D2] -> 0x0013
mem[X,0x800004D4] -> 0x0000
[313] [M]: 0x800004D2 (0x00000013) addi zero, zero, 0


mem[X,0x800004D6] -> 0x0013
mem[X,0x800004D8] -> 0x0000
[314] [M]: 0x800004D6 (0x00000013) addi zero, zero, 0


mem[X,0x800004DA] -> 0x0013
mem[X,0x800004DC] -> 0x0000
[315] [M]: 0x800004DA (0x00000013) addi zero, zero, 0


mem[X,0x800004DE] -> 0x0001
[316] [M]: 0x800004DE (0x0001) c.nop


mem[X,0x800004E0] -> 0x0B17
mem[X,0x800004E2] -> 0x0000
[317] [M]: 0x800004E0 (0x00000B17) auipc s6, 0
x22 <- 0x800004E0


mem[X,0x800004E4] -> 0x0B13
mem[X,0x800004E6] -> 0x028B
[318] [M]: 0x800004E4 (0x028B0B13) addi s6, s6, 40
x22 <- 0x80000508


mem[X,0x800004E8] -> 0x0013
mem[X,0x800004EA] -> 0x0000
[319] [M]: 0x800004E8 (0x00000013) addi zero, zero, 0


mem[X,0x800004EC] -> 0x0013
mem[X,0x800004EE] -> 0x0000
[320] [M]: 0x800004EC (0x00000013) addi zero, zero, 0


mem[X,0x800004F0] -> 0x0013
mem[X,0x800004F2] -> 0x0000
[321] [M]: 0x800004F0 (0x00000013) addi zero, zero, 0


mem[X,0x800004F4] -> 0x0013
mem[X,0x800004F6] -> 0x0000
[322] [M]: 0x800004F4 (0x00000013) addi zero, zero, 0


mem[X,0x800004F8] -> 0x0013
mem[X,0x800004FA] -> 0x0000
[323] [M]: 0x800004F8 (0x00000013) addi zero, zero, 0


mem[X,0x800004FC] -> 0x0013
mem[X,0x800004FE] -> 0x0000
[324] [M]: 0x800004FC (0x00000013) addi zero, zero, 0


mem[X,0x80000500] -> 0x8B02
[325] [M]: 0x80000500 (0x8B02) c.jr s6


mem[X,0x80000508] -> 0x4B13
mem[X,0x8000050A] -> 0x003B
[326] [M]: 0x80000508 (0x003B4B13) xori s6, s6, 3
x22 <- 0x8000050B


mem[X,0x8000050C] -> 0x0013
mem[X,0x8000050E] -> 0x0000
[327] [M]: 0x8000050C (0x00000013) addi zero, zero, 0


mem[X,0x80000510] -> 0x0013
mem[X,0x80000512] -> 0x0000
[328] [M]: 0x80000510 (0x00000013) addi zero, zero, 0


mem[X,0x80000514] -> 0x0013
mem[X,0x80000516] -> 0x0000
[329] [M]: 0x80000514 (0x00000013) addi zero, zero, 0


mem[X,0x80000518] -> 0x0013
mem[X,0x8000051A] -> 0x0000
[330] [M]: 0x80000518 (0x00000013) addi zero, zero, 0


mem[X,0x8000051C] -> 0x0013
mem[X,0x8000051E] -> 0x0000
[331] [M]: 0x8000051C (0x00000013) addi zero, zero, 0


mem[X,0x80000520] -> 0x0317
mem[X,0x80000522] -> 0x0000
[332] [M]: 0x80000520 (0x00000317) auipc t1, 0
x6 <- 0x80000520


mem[X,0x80000524] -> 0x0313
mem[X,0x80000526] -> 0xFAA3
[333] [M]: 0x80000524 (0xFAA30313) addi t1, t1, 4010
x6 <- 0x800004CA


mem[X,0x80000528] -> 0x0013
mem[X,0x8000052A] -> 0x0000
[334] [M]: 0x80000528 (0x00000013) addi zero, zero, 0


mem[X,0x8000052C] -> 0x0013
mem[X,0x8000052E] -> 0x0000
[335] [M]: 0x8000052C (0x00000013) addi zero, zero, 0


mem[X,0x80000530] -> 0x0013
mem[X,0x80000532] -> 0x0000
[336] [M]: 0x80000530 (0x00000013) addi zero, zero, 0


mem[X,0x80000534] -> 0x0013
mem[X,0x80000536] -> 0x0000
[337] [M]: 0x80000534 (0x00000013) addi zero, zero, 0


mem[X,0x80000538] -> 0x0013
mem[X,0x8000053A] -> 0x0000
[338] [M]: 0x80000538 (0x00000013) addi zero, zero, 0


mem[X,0x8000053C] -> 0x0013
mem[X,0x8000053E] -> 0x0000
[339] [M]: 0x8000053C (0x00000013) addi zero, zero, 0


mem[X,0x80000540] -> 0x7313
mem[X,0x80000542] -> 0xFFC3
[340] [M]: 0x80000540 (0xFFC37313) andi t1, t1, 4092
x6 <- 0x800004C8


mem[X,0x80000544] -> 0x0B33
mem[X,0x80000546] -> 0x406B
[341] [M]: 0x80000544 (0x406B0B33) sub s6, s6, t1
x22 <- 0x00000043


mem[X,0x80000548] -> 0xD05A
[342] [M]: 0x80000548 (0xD05A) c.swsp s6, 8
mem[0x80004134] <- 0x00000043


mem[X,0x8000054A] -> 0x0013
mem[X,0x8000054C] -> 0x0000
[343] [M]: 0x8000054A (0x00000013) addi zero, zero, 0


mem[X,0x8000054E] -> 0x0013
mem[X,0x80000550] -> 0x0000
[344] [M]: 0x8000054E (0x00000013) addi zero, zero, 0


mem[X,0x80000552] -> 0x0013
mem[X,0x80000554] -> 0x0000
[345] [M]: 0x80000552 (0x00000013) addi zero, zero, 0


mem[X,0x80000556] -> 0x0013
mem[X,0x80000558] -> 0x0000
[346] [M]: 0x80000556 (0x00000013) addi zero, zero, 0


mem[X,0x8000055A] -> 0x0013
mem[X,0x8000055C] -> 0x0000
[347] [M]: 0x8000055A (0x00000013) addi zero, zero, 0


mem[X,0x8000055E] -> 0x0001
[348] [M]: 0x8000055E (0x0001) c.nop


mem[X,0x80000560] -> 0x0197
mem[X,0x80000562] -> 0x0000
[349] [M]: 0x80000560 (0x00000197) auipc gp, 0
x3 <- 0x80000560


mem[X,0x80000564] -> 0x8193
mem[X,0x80000566] -> 0x0281
[350] [M]: 0x80000564 (0x02818193) addi gp, gp, 40
x3 <- 0x80000588


mem[X,0x80000568] -> 0x0013
mem[X,0x8000056A] -> 0x0000
[351] [M]: 0x80000568 (0x00000013) addi zero, zero, 0


mem[X,0x8000056C] -> 0x0013
mem[X,0x8000056E] -> 0x0000
[352] [M]: 0x8000056C (0x00000013) addi zero, zero, 0


mem[X,0x80000570] -> 0x0013
mem[X,0x80000572] -> 0x0000
[353] [M]: 0x80000570 (0x00000013) addi zero, zero, 0


mem[X,0x80000574] -> 0x0013
mem[X,0x80000576] -> 0x0000
[354] [M]: 0x80000574 (0x00000013) addi zero, zero, 0


mem[X,0x80000578] -> 0x0013
mem[X,0x8000057A] -> 0x0000
[355] [M]: 0x80000578 (0x00000013) addi zero, zero, 0


mem[X,0x8000057C] -> 0x0013
mem[X,0x8000057E] -> 0x0000
[356] [M]: 0x8000057C (0x00000013) addi zero, zero, 0


mem[X,0x80000580] -> 0x8182
[357] [M]: 0x80000580 (0x8182) c.jr gp


mem[X,0x80000588] -> 0xC193
mem[X,0x8000058A] -> 0x0031
[358] [M]: 0x80000588 (0x0031C193) xori gp, gp, 3
x3 <- 0x8000058B


mem[X,0x8000058C] -> 0x0013
mem[X,0x8000058E] -> 0x0000
[359] [M]: 0x8000058C (0x00000013) addi zero, zero, 0


mem[X,0x80000590] -> 0x0013
mem[X,0x80000592] -> 0x0000
[360] [M]: 0x80000590 (0x00000013) addi zero, zero, 0


mem[X,0x80000594] -> 0x0013
mem[X,0x80000596] -> 0x0000
[361] [M]: 0x80000594 (0x00000013) addi zero, zero, 0


mem[X,0x80000598] -> 0x0013
mem[X,0x8000059A] -> 0x0000
[362] [M]: 0x80000598 (0x00000013) addi zero, zero, 0


mem[X,0x8000059C] -> 0x0013
mem[X,0x8000059E] -> 0x0000
[363] [M]: 0x8000059C (0x00000013) addi zero, zero, 0


mem[X,0x800005A0] -> 0x0317
mem[X,0x800005A2] -> 0x0000
[364] [M]: 0x800005A0 (0x00000317) auipc t1, 0
x6 <- 0x800005A0


mem[X,0x800005A4] -> 0x0313
mem[X,0x800005A6] -> 0xFAA3
[365] [M]: 0x800005A4 (0xFAA30313) addi t1, t1, 4010
x6 <- 0x8000054A


mem[X,0x800005A8] -> 0x0013
mem[X,0x800005AA] -> 0x0000
[366] [M]: 0x800005A8 (0x00000013) addi zero, zero, 0


mem[X,0x800005AC] -> 0x0013
mem[X,0x800005AE] -> 0x0000
[367] [M]: 0x800005AC (0x00000013) addi zero, zero, 0


mem[X,0x800005B0] -> 0x0013
mem[X,0x800005B2] -> 0x0000
[368] [M]: 0x800005B0 (0x00000013) addi zero, zero, 0


mem[X,0x800005B4] -> 0x0013
mem[X,0x800005B6] -> 0x0000
[369] [M]: 0x800005B4 (0x00000013) addi zero, zero, 0


mem[X,0x800005B8] -> 0x0013
mem[X,0x800005BA] -> 0x0000
[370] [M]: 0x800005B8 (0x00000013) addi zero, zero, 0


mem[X,0x800005BC] -> 0x0013
mem[X,0x800005BE] -> 0x0000
[371] [M]: 0x800005BC (0x00000013) addi zero, zero, 0


mem[X,0x800005C0] -> 0x7313
mem[X,0x800005C2] -> 0xFFC3
[372] [M]: 0x800005C0 (0xFFC37313) andi t1, t1, 4092
x6 <- 0x80000548


mem[X,0x800005C4] -> 0x81B3
mem[X,0x800005C6] -> 0x4061
[373] [M]: 0x800005C4 (0x406181B3) sub gp, gp, t1
x3 <- 0x00000043


mem[X,0x800005C8] -> 0xD20E
[374] [M]: 0x800005C8 (0xD20E) c.swsp gp, 9
mem[0x80004138] <- 0x00000043


mem[X,0x800005CA] -> 0x0013
mem[X,0x800005CC] -> 0x0000
[375] [M]: 0x800005CA (0x00000013) addi zero, zero, 0


mem[X,0x800005CE] -> 0x0013
mem[X,0x800005D0] -> 0x0000
[376] [M]: 0x800005CE (0x00000013) addi zero, zero, 0


mem[X,0x800005D2] -> 0x0013
mem[X,0x800005D4] -> 0x0000
[377] [M]: 0x800005D2 (0x00000013) addi zero, zero, 0


mem[X,0x800005D6] -> 0x0013
mem[X,0x800005D8] -> 0x0000
[378] [M]: 0x800005D6 (0x00000013) addi zero, zero, 0


mem[X,0x800005DA] -> 0x0013
mem[X,0x800005DC] -> 0x0000
[379] [M]: 0x800005DA (0x00000013) addi zero, zero, 0


mem[X,0x800005DE] -> 0x0001
[380] [M]: 0x800005DE (0x0001) c.nop


mem[X,0x800005E0] -> 0x0297
mem[X,0x800005E2] -> 0x0000
[381] [M]: 0x800005E0 (0x00000297) auipc t0, 0
x5 <- 0x800005E0


mem[X,0x800005E4] -> 0x8293
mem[X,0x800005E6] -> 0x0282
[382] [M]: 0x800005E4 (0x02828293) addi t0, t0, 40
x5 <- 0x80000608


mem[X,0x800005E8] -> 0x0013
mem[X,0x800005EA] -> 0x0000
[383] [M]: 0x800005E8 (0x00000013) addi zero, zero, 0


mem[X,0x800005EC] -> 0x0013
mem[X,0x800005EE] -> 0x0000
[384] [M]: 0x800005EC (0x00000013) addi zero, zero, 0


mem[X,0x800005F0] -> 0x0013
mem[X,0x800005F2] -> 0x0000
[385] [M]: 0x800005F0 (0x00000013) addi zero, zero, 0


mem[X,0x800005F4] -> 0x0013
mem[X,0x800005F6] -> 0x0000
[386] [M]: 0x800005F4 (0x00000013) addi zero, zero, 0


mem[X,0x800005F8] -> 0x0013
mem[X,0x800005FA] -> 0x0000
[387] [M]: 0x800005F8 (0x00000013) addi zero, zero, 0


mem[X,0x800005FC] -> 0x0013
mem[X,0x800005FE] -> 0x0000
[388] [M]: 0x800005FC (0x00000013) addi zero, zero, 0


mem[X,0x80000600] -> 0x8282
[389] [M]: 0x80000600 (0x8282) c.jr t0


mem[X,0x80000608] -> 0xC293
mem[X,0x8000060A] -> 0x0032
[390] [M]: 0x80000608 (0x0032C293) xori t0, t0, 3
x5 <- 0x8000060B


mem[X,0x8000060C] -> 0x0013
mem[X,0x8000060E] -> 0x0000
[391] [M]: 0x8000060C (0x00000013) addi zero, zero, 0


mem[X,0x80000610] -> 0x0013
mem[X,0x80000612] -> 0x0000
[392] [M]: 0x80000610 (0x00000013) addi zero, zero, 0


mem[X,0x80000614] -> 0x0013
mem[X,0x80000616] -> 0x0000
[393] [M]: 0x80000614 (0x00000013) addi zero, zero, 0


mem[X,0x80000618] -> 0x0013
mem[X,0x8000061A] -> 0x0000
[394] [M]: 0x80000618 (0x00000013) addi zero, zero, 0


mem[X,0x8000061C] -> 0x0013
mem[X,0x8000061E] -> 0x0000
[395] [M]: 0x8000061C (0x00000013) addi zero, zero, 0


mem[X,0x80000620] -> 0x0317
mem[X,0x80000622] -> 0x0000
[396] [M]: 0x80000620 (0x00000317) auipc t1, 0
x6 <- 0x80000620


mem[X,0x80000624] -> 0x0313
mem[X,0x80000626] -> 0xFAA3
[397] [M]: 0x80000624 (0xFAA30313) addi t1, t1, 4010
x6 <- 0x800005CA


mem[X,0x80000628] -> 0x0013
mem[X,0x8000062A] -> 0x0000
[398] [M]: 0x80000628 (0x00000013) addi zero, zero, 0


mem[X,0x8000062C] -> 0x0013
mem[X,0x8000062E] -> 0x0000
[399] [M]: 0x8000062C (0x00000013) addi zero, zero, 0


clint::tick mtime <- 0x0000000000000004
 clint timer pending at mtime 0x0000000000000004
htif::tick 0x0000000000000000
mem[X,0x80000630] -> 0x0013
mem[X,0x80000632] -> 0x0000
[400] [M]: 0x80000630 (0x00000013) addi zero, zero, 0


mem[X,0x80000634] -> 0x0013
mem[X,0x80000636] -> 0x0000
[401] [M]: 0x80000634 (0x00000013) addi zero, zero, 0


mem[X,0x80000638] -> 0x0013
mem[X,0x8000063A] -> 0x0000
[402] [M]: 0x80000638 (0x00000013) addi zero, zero, 0


mem[X,0x8000063C] -> 0x0013
mem[X,0x8000063E] -> 0x0000
[403] [M]: 0x8000063C (0x00000013) addi zero, zero, 0


mem[X,0x80000640] -> 0x7313
mem[X,0x80000642] -> 0xFFC3
[404] [M]: 0x80000640 (0xFFC37313) andi t1, t1, 4092
x6 <- 0x800005C8


mem[X,0x80000644] -> 0x82B3
mem[X,0x80000646] -> 0x4062
[405] [M]: 0x80000644 (0x406282B3) sub t0, t0, t1
x5 <- 0x00000043


mem[X,0x80000648] -> 0xD416
[406] [M]: 0x80000648 (0xD416) c.swsp t0, 10
mem[0x8000413C] <- 0x00000043


mem[X,0x8000064A] -> 0x0013
mem[X,0x8000064C] -> 0x0000
[407] [M]: 0x8000064A (0x00000013) addi zero, zero, 0


mem[X,0x8000064E] -> 0x0013
mem[X,0x80000650] -> 0x0000
[408] [M]: 0x8000064E (0x00000013) addi zero, zero, 0


mem[X,0x80000652] -> 0x0013
mem[X,0x80000654] -> 0x0000
[409] [M]: 0x80000652 (0x00000013) addi zero, zero, 0


mem[X,0x80000656] -> 0x0013
mem[X,0x80000658] -> 0x0000
[410] [M]: 0x80000656 (0x00000013) addi zero, zero, 0


mem[X,0x8000065A] -> 0x0013
mem[X,0x8000065C] -> 0x0000
[411] [M]: 0x8000065A (0x00000013) addi zero, zero, 0


mem[X,0x8000065E] -> 0x0001
[412] [M]: 0x8000065E (0x0001) c.nop


mem[X,0x80000660] -> 0x0917
mem[X,0x80000662] -> 0x0000
[413] [M]: 0x80000660 (0x00000917) auipc s2, 0
x18 <- 0x80000660


mem[X,0x80000664] -> 0x0913
mem[X,0x80000666] -> 0x0289
[414] [M]: 0x80000664 (0x02890913) addi s2, s2, 40
x18 <- 0x80000688


mem[X,0x80000668] -> 0x0013
mem[X,0x8000066A] -> 0x0000
[415] [M]: 0x80000668 (0x00000013) addi zero, zero, 0


mem[X,0x8000066C] -> 0x0013
mem[X,0x8000066E] -> 0x0000
[416] [M]: 0x8000066C (0x00000013) addi zero, zero, 0


mem[X,0x80000670] -> 0x0013
mem[X,0x80000672] -> 0x0000
[417] [M]: 0x80000670 (0x00000013) addi zero, zero, 0


mem[X,0x80000674] -> 0x0013
mem[X,0x80000676] -> 0x0000
[418] [M]: 0x80000674 (0x00000013) addi zero, zero, 0


mem[X,0x80000678] -> 0x0013
mem[X,0x8000067A] -> 0x0000
[419] [M]: 0x80000678 (0x00000013) addi zero, zero, 0


mem[X,0x8000067C] -> 0x0013
mem[X,0x8000067E] -> 0x0000
[420] [M]: 0x8000067C (0x00000013) addi zero, zero, 0


mem[X,0x80000680] -> 0x8902
[421] [M]: 0x80000680 (0x8902) c.jr s2


mem[X,0x80000688] -> 0x4913
mem[X,0x8000068A] -> 0x0039
[422] [M]: 0x80000688 (0x00394913) xori s2, s2, 3
x18 <- 0x8000068B


mem[X,0x8000068C] -> 0x0013
mem[X,0x8000068E] -> 0x0000
[423] [M]: 0x8000068C (0x00000013) addi zero, zero, 0


mem[X,0x80000690] -> 0x0013
mem[X,0x80000692] -> 0x0000
[424] [M]: 0x80000690 (0x00000013) addi zero, zero, 0


mem[X,0x80000694] -> 0x0013
mem[X,0x80000696] -> 0x0000
[425] [M]: 0x80000694 (0x00000013) addi zero, zero, 0


mem[X,0x80000698] -> 0x0013
mem[X,0x8000069A] -> 0x0000
[426] [M]: 0x80000698 (0x00000013) addi zero, zero, 0


mem[X,0x8000069C] -> 0x0013
mem[X,0x8000069E] -> 0x0000
[427] [M]: 0x8000069C (0x00000013) addi zero, zero, 0


mem[X,0x800006A0] -> 0x0317
mem[X,0x800006A2] -> 0x0000
[428] [M]: 0x800006A0 (0x00000317) auipc t1, 0
x6 <- 0x800006A0


mem[X,0x800006A4] -> 0x0313
mem[X,0x800006A6] -> 0xFAA3
[429] [M]: 0x800006A4 (0xFAA30313) addi t1, t1, 4010
x6 <- 0x8000064A


mem[X,0x800006A8] -> 0x0013
mem[X,0x800006AA] -> 0x0000
[430] [M]: 0x800006A8 (0x00000013) addi zero, zero, 0


mem[X,0x800006AC] -> 0x0013
mem[X,0x800006AE] -> 0x0000
[431] [M]: 0x800006AC (0x00000013) addi zero, zero, 0


mem[X,0x800006B0] -> 0x0013
mem[X,0x800006B2] -> 0x0000
[432] [M]: 0x800006B0 (0x00000013) addi zero, zero, 0


mem[X,0x800006B4] -> 0x0013
mem[X,0x800006B6] -> 0x0000
[433] [M]: 0x800006B4 (0x00000013) addi zero, zero, 0


mem[X,0x800006B8] -> 0x0013
mem[X,0x800006BA] -> 0x0000
[434] [M]: 0x800006B8 (0x00000013) addi zero, zero, 0


mem[X,0x800006BC] -> 0x0013
mem[X,0x800006BE] -> 0x0000
[435] [M]: 0x800006BC (0x00000013) addi zero, zero, 0


mem[X,0x800006C0] -> 0x7313
mem[X,0x800006C2] -> 0xFFC3
[436] [M]: 0x800006C0 (0xFFC37313) andi t1, t1, 4092
x6 <- 0x80000648


mem[X,0x800006C4] -> 0x0933
mem[X,0x800006C6] -> 0x4069
[437] [M]: 0x800006C4 (0x40690933) sub s2, s2, t1
x18 <- 0x00000043


mem[X,0x800006C8] -> 0xD64A
[438] [M]: 0x800006C8 (0xD64A) c.swsp s2, 11
mem[0x80004140] <- 0x00000043


mem[X,0x800006CA] -> 0x0013
mem[X,0x800006CC] -> 0x0000
[439] [M]: 0x800006CA (0x00000013) addi zero, zero, 0


mem[X,0x800006CE] -> 0x0013
mem[X,0x800006D0] -> 0x0000
[440] [M]: 0x800006CE (0x00000013) addi zero, zero, 0


mem[X,0x800006D2] -> 0x0013
mem[X,0x800006D4] -> 0x0000
[441] [M]: 0x800006D2 (0x00000013) addi zero, zero, 0


mem[X,0x800006D6] -> 0x0013
mem[X,0x800006D8] -> 0x0000
[442] [M]: 0x800006D6 (0x00000013) addi zero, zero, 0


mem[X,0x800006DA] -> 0x0013
mem[X,0x800006DC] -> 0x0000
[443] [M]: 0x800006DA (0x00000013) addi zero, zero, 0


mem[X,0x800006DE] -> 0x0001
[444] [M]: 0x800006DE (0x0001) c.nop


mem[X,0x800006E0] -> 0x0C17
mem[X,0x800006E2] -> 0x0000
[445] [M]: 0x800006E0 (0x00000C17) auipc s8, 0
x24 <- 0x800006E0


mem[X,0x800006E4] -> 0x0C13
mem[X,0x800006E6] -> 0x028C
[446] [M]: 0x800006E4 (0x028C0C13) addi s8, s8, 40
x24 <- 0x80000708


mem[X,0x800006E8] -> 0x0013
mem[X,0x800006EA] -> 0x0000
[447] [M]: 0x800006E8 (0x00000013) addi zero, zero, 0


mem[X,0x800006EC] -> 0x0013
mem[X,0x800006EE] -> 0x0000
[448] [M]: 0x800006EC (0x00000013) addi zero, zero, 0


mem[X,0x800006F0] -> 0x0013
mem[X,0x800006F2] -> 0x0000
[449] [M]: 0x800006F0 (0x00000013) addi zero, zero, 0


mem[X,0x800006F4] -> 0x0013
mem[X,0x800006F6] -> 0x0000
[450] [M]: 0x800006F4 (0x00000013) addi zero, zero, 0


mem[X,0x800006F8] -> 0x0013
mem[X,0x800006FA] -> 0x0000
[451] [M]: 0x800006F8 (0x00000013) addi zero, zero, 0


mem[X,0x800006FC] -> 0x0013
mem[X,0x800006FE] -> 0x0000
[452] [M]: 0x800006FC (0x00000013) addi zero, zero, 0


mem[X,0x80000700] -> 0x8C02
[453] [M]: 0x80000700 (0x8C02) c.jr s8


mem[X,0x80000708] -> 0x4C13
mem[X,0x8000070A] -> 0x003C
[454] [M]: 0x80000708 (0x003C4C13) xori s8, s8, 3
x24 <- 0x8000070B


mem[X,0x8000070C] -> 0x0013
mem[X,0x8000070E] -> 0x0000
[455] [M]: 0x8000070C (0x00000013) addi zero, zero, 0


mem[X,0x80000710] -> 0x0013
mem[X,0x80000712] -> 0x0000
[456] [M]: 0x80000710 (0x00000013) addi zero, zero, 0


mem[X,0x80000714] -> 0x0013
mem[X,0x80000716] -> 0x0000
[457] [M]: 0x80000714 (0x00000013) addi zero, zero, 0


mem[X,0x80000718] -> 0x0013
mem[X,0x8000071A] -> 0x0000
[458] [M]: 0x80000718 (0x00000013) addi zero, zero, 0


mem[X,0x8000071C] -> 0x0013
mem[X,0x8000071E] -> 0x0000
[459] [M]: 0x8000071C (0x00000013) addi zero, zero, 0


mem[X,0x80000720] -> 0x0317
mem[X,0x80000722] -> 0x0000
[460] [M]: 0x80000720 (0x00000317) auipc t1, 0
x6 <- 0x80000720


mem[X,0x80000724] -> 0x0313
mem[X,0x80000726] -> 0xFAA3
[461] [M]: 0x80000724 (0xFAA30313) addi t1, t1, 4010
x6 <- 0x800006CA


mem[X,0x80000728] -> 0x0013
mem[X,0x8000072A] -> 0x0000
[462] [M]: 0x80000728 (0x00000013) addi zero, zero, 0


mem[X,0x8000072C] -> 0x0013
mem[X,0x8000072E] -> 0x0000
[463] [M]: 0x8000072C (0x00000013) addi zero, zero, 0


mem[X,0x80000730] -> 0x0013
mem[X,0x80000732] -> 0x0000
[464] [M]: 0x80000730 (0x00000013) addi zero, zero, 0


mem[X,0x80000734] -> 0x0013
mem[X,0x80000736] -> 0x0000
[465] [M]: 0x80000734 (0x00000013) addi zero, zero, 0


mem[X,0x80000738] -> 0x0013
mem[X,0x8000073A] -> 0x0000
[466] [M]: 0x80000738 (0x00000013) addi zero, zero, 0


mem[X,0x8000073C] -> 0x0013
mem[X,0x8000073E] -> 0x0000
[467] [M]: 0x8000073C (0x00000013) addi zero, zero, 0


mem[X,0x80000740] -> 0x7313
mem[X,0x80000742] -> 0xFFC3
[468] [M]: 0x80000740 (0xFFC37313) andi t1, t1, 4092
x6 <- 0x800006C8


mem[X,0x80000744] -> 0x0C33
mem[X,0x80000746] -> 0x406C
[469] [M]: 0x80000744 (0x406C0C33) sub s8, s8, t1
x24 <- 0x00000043


mem[X,0x80000748] -> 0xD862
[470] [M]: 0x80000748 (0xD862) c.swsp s8, 12
mem[0x80004144] <- 0x00000043


mem[X,0x8000074A] -> 0x0013
mem[X,0x8000074C] -> 0x0000
[471] [M]: 0x8000074A (0x00000013) addi zero, zero, 0


mem[X,0x8000074E] -> 0x0013
mem[X,0x80000750] -> 0x0000
[472] [M]: 0x8000074E (0x00000013) addi zero, zero, 0


mem[X,0x80000752] -> 0x0013
mem[X,0x80000754] -> 0x0000
[473] [M]: 0x80000752 (0x00000013) addi zero, zero, 0


mem[X,0x80000756] -> 0x0013
mem[X,0x80000758] -> 0x0000
[474] [M]: 0x80000756 (0x00000013) addi zero, zero, 0


mem[X,0x8000075A] -> 0x0013
mem[X,0x8000075C] -> 0x0000
[475] [M]: 0x8000075A (0x00000013) addi zero, zero, 0


mem[X,0x8000075E] -> 0x0001
[476] [M]: 0x8000075E (0x0001) c.nop


mem[X,0x80000760] -> 0x0C97
mem[X,0x80000762] -> 0x0000
[477] [M]: 0x80000760 (0x00000C97) auipc s9, 0
x25 <- 0x80000760


mem[X,0x80000764] -> 0x8C93
mem[X,0x80000766] -> 0x028C
[478] [M]: 0x80000764 (0x028C8C93) addi s9, s9, 40
x25 <- 0x80000788


mem[X,0x80000768] -> 0x0013
mem[X,0x8000076A] -> 0x0000
[479] [M]: 0x80000768 (0x00000013) addi zero, zero, 0


mem[X,0x8000076C] -> 0x0013
mem[X,0x8000076E] -> 0x0000
[480] [M]: 0x8000076C (0x00000013) addi zero, zero, 0


mem[X,0x80000770] -> 0x0013
mem[X,0x80000772] -> 0x0000
[481] [M]: 0x80000770 (0x00000013) addi zero, zero, 0


mem[X,0x80000774] -> 0x0013
mem[X,0x80000776] -> 0x0000
[482] [M]: 0x80000774 (0x00000013) addi zero, zero, 0


mem[X,0x80000778] -> 0x0013
mem[X,0x8000077A] -> 0x0000
[483] [M]: 0x80000778 (0x00000013) addi zero, zero, 0


mem[X,0x8000077C] -> 0x0013
mem[X,0x8000077E] -> 0x0000
[484] [M]: 0x8000077C (0x00000013) addi zero, zero, 0


mem[X,0x80000780] -> 0x8C82
[485] [M]: 0x80000780 (0x8C82) c.jr s9


mem[X,0x80000788] -> 0xCC93
mem[X,0x8000078A] -> 0x003C
[486] [M]: 0x80000788 (0x003CCC93) xori s9, s9, 3
x25 <- 0x8000078B


mem[X,0x8000078C] -> 0x0013
mem[X,0x8000078E] -> 0x0000
[487] [M]: 0x8000078C (0x00000013) addi zero, zero, 0


mem[X,0x80000790] -> 0x0013
mem[X,0x80000792] -> 0x0000
[488] [M]: 0x80000790 (0x00000013) addi zero, zero, 0


mem[X,0x80000794] -> 0x0013
mem[X,0x80000796] -> 0x0000
[489] [M]: 0x80000794 (0x00000013) addi zero, zero, 0


mem[X,0x80000798] -> 0x0013
mem[X,0x8000079A] -> 0x0000
[490] [M]: 0x80000798 (0x00000013) addi zero, zero, 0


mem[X,0x8000079C] -> 0x0013
mem[X,0x8000079E] -> 0x0000
[491] [M]: 0x8000079C (0x00000013) addi zero, zero, 0


mem[X,0x800007A0] -> 0x0317
mem[X,0x800007A2] -> 0x0000
[492] [M]: 0x800007A0 (0x00000317) auipc t1, 0
x6 <- 0x800007A0


mem[X,0x800007A4] -> 0x0313
mem[X,0x800007A6] -> 0xFAA3
[493] [M]: 0x800007A4 (0xFAA30313) addi t1, t1, 4010
x6 <- 0x8000074A


mem[X,0x800007A8] -> 0x0013
mem[X,0x800007AA] -> 0x0000
[494] [M]: 0x800007A8 (0x00000013) addi zero, zero, 0


mem[X,0x800007AC] -> 0x0013
mem[X,0x800007AE] -> 0x0000
[495] [M]: 0x800007AC (0x00000013) addi zero, zero, 0


mem[X,0x800007B0] -> 0x0013
mem[X,0x800007B2] -> 0x0000
[496] [M]: 0x800007B0 (0x00000013) addi zero, zero, 0


mem[X,0x800007B4] -> 0x0013
mem[X,0x800007B6] -> 0x0000
[497] [M]: 0x800007B4 (0x00000013) addi zero, zero, 0


mem[X,0x800007B8] -> 0x0013
mem[X,0x800007BA] -> 0x0000
[498] [M]: 0x800007B8 (0x00000013) addi zero, zero, 0


mem[X,0x800007BC] -> 0x0013
mem[X,0x800007BE] -> 0x0000
[499] [M]: 0x800007BC (0x00000013) addi zero, zero, 0


clint::tick mtime <- 0x0000000000000005
 clint timer pending at mtime 0x0000000000000005
htif::tick 0x0000000000000000
mem[X,0x800007C0] -> 0x7313
mem[X,0x800007C2] -> 0xFFC3
[500] [M]: 0x800007C0 (0xFFC37313) andi t1, t1, 4092
x6 <- 0x80000748


mem[X,0x800007C4] -> 0x8CB3
mem[X,0x800007C6] -> 0x406C
[501] [M]: 0x800007C4 (0x406C8CB3) sub s9, s9, t1
x25 <- 0x00000043


mem[X,0x800007C8] -> 0xDA66
[502] [M]: 0x800007C8 (0xDA66) c.swsp s9, 13
mem[0x80004148] <- 0x00000043


mem[X,0x800007CA] -> 0x0013
mem[X,0x800007CC] -> 0x0000
[503] [M]: 0x800007CA (0x00000013) addi zero, zero, 0


mem[X,0x800007CE] -> 0x0013
mem[X,0x800007D0] -> 0x0000
[504] [M]: 0x800007CE (0x00000013) addi zero, zero, 0


mem[X,0x800007D2] -> 0x0013
mem[X,0x800007D4] -> 0x0000
[505] [M]: 0x800007D2 (0x00000013) addi zero, zero, 0


mem[X,0x800007D6] -> 0x0013
mem[X,0x800007D8] -> 0x0000
[506] [M]: 0x800007D6 (0x00000013) addi zero, zero, 0


mem[X,0x800007DA] -> 0x0013
mem[X,0x800007DC] -> 0x0000
[507] [M]: 0x800007DA (0x00000013) addi zero, zero, 0


mem[X,0x800007DE] -> 0x0001
[508] [M]: 0x800007DE (0x0001) c.nop


mem[X,0x800007E0] -> 0x0417
mem[X,0x800007E2] -> 0x0000
[509] [M]: 0x800007E0 (0x00000417) auipc fp, 0
x8 <- 0x800007E0


mem[X,0x800007E4] -> 0x0413
mem[X,0x800007E6] -> 0x0284
[510] [M]: 0x800007E4 (0x02840413) addi fp, fp, 40
x8 <- 0x80000808


mem[X,0x800007E8] -> 0x0013
mem[X,0x800007EA] -> 0x0000
[511] [M]: 0x800007E8 (0x00000013) addi zero, zero, 0


mem[X,0x800007EC] -> 0x0013
mem[X,0x800007EE] -> 0x0000
[512] [M]: 0x800007EC (0x00000013) addi zero, zero, 0


mem[X,0x800007F0] -> 0x0013
mem[X,0x800007F2] -> 0x0000
[513] [M]: 0x800007F0 (0x00000013) addi zero, zero, 0


mem[X,0x800007F4] -> 0x0013
mem[X,0x800007F6] -> 0x0000
[514] [M]: 0x800007F4 (0x00000013) addi zero, zero, 0


mem[X,0x800007F8] -> 0x0013
mem[X,0x800007FA] -> 0x0000
[515] [M]: 0x800007F8 (0x00000013) addi zero, zero, 0


mem[X,0x800007FC] -> 0x0013
mem[X,0x800007FE] -> 0x0000
[516] [M]: 0x800007FC (0x00000013) addi zero, zero, 0


mem[X,0x80000800] -> 0x8402
[517] [M]: 0x80000800 (0x8402) c.jr fp


mem[X,0x80000808] -> 0x4413
mem[X,0x8000080A] -> 0x0034
[518] [M]: 0x80000808 (0x00344413) xori fp, fp, 3
x8 <- 0x8000080B


mem[X,0x8000080C] -> 0x0013
mem[X,0x8000080E] -> 0x0000
[519] [M]: 0x8000080C (0x00000013) addi zero, zero, 0


mem[X,0x80000810] -> 0x0013
mem[X,0x80000812] -> 0x0000
[520] [M]: 0x80000810 (0x00000013) addi zero, zero, 0


mem[X,0x80000814] -> 0x0013
mem[X,0x80000816] -> 0x0000
[521] [M]: 0x80000814 (0x00000013) addi zero, zero, 0


mem[X,0x80000818] -> 0x0013
mem[X,0x8000081A] -> 0x0000
[522] [M]: 0x80000818 (0x00000013) addi zero, zero, 0


mem[X,0x8000081C] -> 0x0013
mem[X,0x8000081E] -> 0x0000
[523] [M]: 0x8000081C (0x00000013) addi zero, zero, 0


mem[X,0x80000820] -> 0x0317
mem[X,0x80000822] -> 0x0000
[524] [M]: 0x80000820 (0x00000317) auipc t1, 0
x6 <- 0x80000820


mem[X,0x80000824] -> 0x0313
mem[X,0x80000826] -> 0xFAA3
[525] [M]: 0x80000824 (0xFAA30313) addi t1, t1, 4010
x6 <- 0x800007CA


mem[X,0x80000828] -> 0x0013
mem[X,0x8000082A] -> 0x0000
[526] [M]: 0x80000828 (0x00000013) addi zero, zero, 0


mem[X,0x8000082C] -> 0x0013
mem[X,0x8000082E] -> 0x0000
[527] [M]: 0x8000082C (0x00000013) addi zero, zero, 0


mem[X,0x80000830] -> 0x0013
mem[X,0x80000832] -> 0x0000
[528] [M]: 0x80000830 (0x00000013) addi zero, zero, 0


mem[X,0x80000834] -> 0x0013
mem[X,0x80000836] -> 0x0000
[529] [M]: 0x80000834 (0x00000013) addi zero, zero, 0


mem[X,0x80000838] -> 0x0013
mem[X,0x8000083A] -> 0x0000
[530] [M]: 0x80000838 (0x00000013) addi zero, zero, 0


mem[X,0x8000083C] -> 0x0013
mem[X,0x8000083E] -> 0x0000
[531] [M]: 0x8000083C (0x00000013) addi zero, zero, 0


mem[X,0x80000840] -> 0x7313
mem[X,0x80000842] -> 0xFFC3
[532] [M]: 0x80000840 (0xFFC37313) andi t1, t1, 4092
x6 <- 0x800007C8


mem[X,0x80000844] -> 0x0433
mem[X,0x80000846] -> 0x4064
[533] [M]: 0x80000844 (0x40640433) sub fp, fp, t1
x8 <- 0x00000043


mem[X,0x80000848] -> 0xDC22
[534] [M]: 0x80000848 (0xDC22) c.swsp fp, 14
mem[0x8000414C] <- 0x00000043


mem[X,0x8000084A] -> 0x0013
mem[X,0x8000084C] -> 0x0000
[535] [M]: 0x8000084A (0x00000013) addi zero, zero, 0


mem[X,0x8000084E] -> 0x0013
mem[X,0x80000850] -> 0x0000
[536] [M]: 0x8000084E (0x00000013) addi zero, zero, 0


mem[X,0x80000852] -> 0x0013
mem[X,0x80000854] -> 0x0000
[537] [M]: 0x80000852 (0x00000013) addi zero, zero, 0


mem[X,0x80000856] -> 0x0013
mem[X,0x80000858] -> 0x0000
[538] [M]: 0x80000856 (0x00000013) addi zero, zero, 0


mem[X,0x8000085A] -> 0x0013
mem[X,0x8000085C] -> 0x0000
[539] [M]: 0x8000085A (0x00000013) addi zero, zero, 0


mem[X,0x8000085E] -> 0x0001
[540] [M]: 0x8000085E (0x0001) c.nop


mem[X,0x80000860] -> 0x0E17
mem[X,0x80000862] -> 0x0000
[541] [M]: 0x80000860 (0x00000E17) auipc t3, 0
x28 <- 0x80000860


mem[X,0x80000864] -> 0x0E13
mem[X,0x80000866] -> 0x028E
[542] [M]: 0x80000864 (0x028E0E13) addi t3, t3, 40
x28 <- 0x80000888


mem[X,0x80000868] -> 0x0013
mem[X,0x8000086A] -> 0x0000
[543] [M]: 0x80000868 (0x00000013) addi zero, zero, 0


mem[X,0x8000086C] -> 0x0013
mem[X,0x8000086E] -> 0x0000
[544] [M]: 0x8000086C (0x00000013) addi zero, zero, 0


mem[X,0x80000870] -> 0x0013
mem[X,0x80000872] -> 0x0000
[545] [M]: 0x80000870 (0x00000013) addi zero, zero, 0


mem[X,0x80000874] -> 0x0013
mem[X,0x80000876] -> 0x0000
[546] [M]: 0x80000874 (0x00000013) addi zero, zero, 0


mem[X,0x80000878] -> 0x0013
mem[X,0x8000087A] -> 0x0000
[547] [M]: 0x80000878 (0x00000013) addi zero, zero, 0


mem[X,0x8000087C] -> 0x0013
mem[X,0x8000087E] -> 0x0000
[548] [M]: 0x8000087C (0x00000013) addi zero, zero, 0


mem[X,0x80000880] -> 0x8E02
[549] [M]: 0x80000880 (0x8E02) c.jr t3


mem[X,0x80000888] -> 0x4E13
mem[X,0x8000088A] -> 0x003E
[550] [M]: 0x80000888 (0x003E4E13) xori t3, t3, 3
x28 <- 0x8000088B


mem[X,0x8000088C] -> 0x0013
mem[X,0x8000088E] -> 0x0000
[551] [M]: 0x8000088C (0x00000013) addi zero, zero, 0


mem[X,0x80000890] -> 0x0013
mem[X,0x80000892] -> 0x0000
[552] [M]: 0x80000890 (0x00000013) addi zero, zero, 0


mem[X,0x80000894] -> 0x0013
mem[X,0x80000896] -> 0x0000
[553] [M]: 0x80000894 (0x00000013) addi zero, zero, 0


mem[X,0x80000898] -> 0x0013
mem[X,0x8000089A] -> 0x0000
[554] [M]: 0x80000898 (0x00000013) addi zero, zero, 0


mem[X,0x8000089C] -> 0x0013
mem[X,0x8000089E] -> 0x0000
[555] [M]: 0x8000089C (0x00000013) addi zero, zero, 0


mem[X,0x800008A0] -> 0x0317
mem[X,0x800008A2] -> 0x0000
[556] [M]: 0x800008A0 (0x00000317) auipc t1, 0
x6 <- 0x800008A0


mem[X,0x800008A4] -> 0x0313
mem[X,0x800008A6] -> 0xFAA3
[557] [M]: 0x800008A4 (0xFAA30313) addi t1, t1, 4010
x6 <- 0x8000084A


mem[X,0x800008A8] -> 0x0013
mem[X,0x800008AA] -> 0x0000
[558] [M]: 0x800008A8 (0x00000013) addi zero, zero, 0


mem[X,0x800008AC] -> 0x0013
mem[X,0x800008AE] -> 0x0000
[559] [M]: 0x800008AC (0x00000013) addi zero, zero, 0


mem[X,0x800008B0] -> 0x0013
mem[X,0x800008B2] -> 0x0000
[560] [M]: 0x800008B0 (0x00000013) addi zero, zero, 0


mem[X,0x800008B4] -> 0x0013
mem[X,0x800008B6] -> 0x0000
[561] [M]: 0x800008B4 (0x00000013) addi zero, zero, 0


mem[X,0x800008B8] -> 0x0013
mem[X,0x800008BA] -> 0x0000
[562] [M]: 0x800008B8 (0x00000013) addi zero, zero, 0


mem[X,0x800008BC] -> 0x0013
mem[X,0x800008BE] -> 0x0000
[563] [M]: 0x800008BC (0x00000013) addi zero, zero, 0


mem[X,0x800008C0] -> 0x7313
mem[X,0x800008C2] -> 0xFFC3
[564] [M]: 0x800008C0 (0xFFC37313) andi t1, t1, 4092
x6 <- 0x80000848


mem[X,0x800008C4] -> 0x0E33
mem[X,0x800008C6] -> 0x406E
[565] [M]: 0x800008C4 (0x406E0E33) sub t3, t3, t1
x28 <- 0x00000043


mem[X,0x800008C8] -> 0xDE72
[566] [M]: 0x800008C8 (0xDE72) c.swsp t3, 15
mem[0x80004150] <- 0x00000043


mem[X,0x800008CA] -> 0x0013
mem[X,0x800008CC] -> 0x0000
[567] [M]: 0x800008CA (0x00000013) addi zero, zero, 0


mem[X,0x800008CE] -> 0x0013
mem[X,0x800008D0] -> 0x0000
[568] [M]: 0x800008CE (0x00000013) addi zero, zero, 0


mem[X,0x800008D2] -> 0x0013
mem[X,0x800008D4] -> 0x0000
[569] [M]: 0x800008D2 (0x00000013) addi zero, zero, 0


mem[X,0x800008D6] -> 0x0013
mem[X,0x800008D8] -> 0x0000
[570] [M]: 0x800008D6 (0x00000013) addi zero, zero, 0


mem[X,0x800008DA] -> 0x0013
mem[X,0x800008DC] -> 0x0000
[571] [M]: 0x800008DA (0x00000013) addi zero, zero, 0


mem[X,0x800008DE] -> 0x0001
[572] [M]: 0x800008DE (0x0001) c.nop


mem[X,0x800008E0] -> 0x0717
mem[X,0x800008E2] -> 0x0000
[573] [M]: 0x800008E0 (0x00000717) auipc a4, 0
x14 <- 0x800008E0


mem[X,0x800008E4] -> 0x0713
mem[X,0x800008E6] -> 0x0287
[574] [M]: 0x800008E4 (0x02870713) addi a4, a4, 40
x14 <- 0x80000908


mem[X,0x800008E8] -> 0x0013
mem[X,0x800008EA] -> 0x0000
[575] [M]: 0x800008E8 (0x00000013) addi zero, zero, 0


mem[X,0x800008EC] -> 0x0013
mem[X,0x800008EE] -> 0x0000
[576] [M]: 0x800008EC (0x00000013) addi zero, zero, 0


mem[X,0x800008F0] -> 0x0013
mem[X,0x800008F2] -> 0x0000
[577] [M]: 0x800008F0 (0x00000013) addi zero, zero, 0


mem[X,0x800008F4] -> 0x0013
mem[X,0x800008F6] -> 0x0000
[578] [M]: 0x800008F4 (0x00000013) addi zero, zero, 0


mem[X,0x800008F8] -> 0x0013
mem[X,0x800008FA] -> 0x0000
[579] [M]: 0x800008F8 (0x00000013) addi zero, zero, 0


mem[X,0x800008FC] -> 0x0013
mem[X,0x800008FE] -> 0x0000
[580] [M]: 0x800008FC (0x00000013) addi zero, zero, 0


mem[X,0x80000900] -> 0x8702
[581] [M]: 0x80000900 (0x8702) c.jr a4


mem[X,0x80000908] -> 0x4713
mem[X,0x8000090A] -> 0x0037
[582] [M]: 0x80000908 (0x00374713) xori a4, a4, 3
x14 <- 0x8000090B


mem[X,0x8000090C] -> 0x0013
mem[X,0x8000090E] -> 0x0000
[583] [M]: 0x8000090C (0x00000013) addi zero, zero, 0


mem[X,0x80000910] -> 0x0013
mem[X,0x80000912] -> 0x0000
[584] [M]: 0x80000910 (0x00000013) addi zero, zero, 0


mem[X,0x80000914] -> 0x0013
mem[X,0x80000916] -> 0x0000
[585] [M]: 0x80000914 (0x00000013) addi zero, zero, 0


mem[X,0x80000918] -> 0x0013
mem[X,0x8000091A] -> 0x0000
[586] [M]: 0x80000918 (0x00000013) addi zero, zero, 0


mem[X,0x8000091C] -> 0x0013
mem[X,0x8000091E] -> 0x0000
[587] [M]: 0x8000091C (0x00000013) addi zero, zero, 0


mem[X,0x80000920] -> 0x0317
mem[X,0x80000922] -> 0x0000
[588] [M]: 0x80000920 (0x00000317) auipc t1, 0
x6 <- 0x80000920


mem[X,0x80000924] -> 0x0313
mem[X,0x80000926] -> 0xFAA3
[589] [M]: 0x80000924 (0xFAA30313) addi t1, t1, 4010
x6 <- 0x800008CA


mem[X,0x80000928] -> 0x0013
mem[X,0x8000092A] -> 0x0000
[590] [M]: 0x80000928 (0x00000013) addi zero, zero, 0


mem[X,0x8000092C] -> 0x0013
mem[X,0x8000092E] -> 0x0000
[591] [M]: 0x8000092C (0x00000013) addi zero, zero, 0


mem[X,0x80000930] -> 0x0013
mem[X,0x80000932] -> 0x0000
[592] [M]: 0x80000930 (0x00000013) addi zero, zero, 0


mem[X,0x80000934] -> 0x0013
mem[X,0x80000936] -> 0x0000
[593] [M]: 0x80000934 (0x00000013) addi zero, zero, 0


mem[X,0x80000938] -> 0x0013
mem[X,0x8000093A] -> 0x0000
[594] [M]: 0x80000938 (0x00000013) addi zero, zero, 0


mem[X,0x8000093C] -> 0x0013
mem[X,0x8000093E] -> 0x0000
[595] [M]: 0x8000093C (0x00000013) addi zero, zero, 0


mem[X,0x80000940] -> 0x7313
mem[X,0x80000942] -> 0xFFC3
[596] [M]: 0x80000940 (0xFFC37313) andi t1, t1, 4092
x6 <- 0x800008C8


mem[X,0x80000944] -> 0x0733
mem[X,0x80000946] -> 0x4067
[597] [M]: 0x80000944 (0x40670733) sub a4, a4, t1
x14 <- 0x00000043


mem[X,0x80000948] -> 0xC0BA
[598] [M]: 0x80000948 (0xC0BA) c.swsp a4, 16
mem[0x80004154] <- 0x00000043


mem[X,0x8000094A] -> 0x0013
mem[X,0x8000094C] -> 0x0000
[599] [M]: 0x8000094A (0x00000013) addi zero, zero, 0


clint::tick mtime <- 0x0000000000000006
 clint timer pending at mtime 0x0000000000000006
htif::tick 0x0000000000000000
mem[X,0x8000094E] -> 0x0013
mem[X,0x80000950] -> 0x0000
[600] [M]: 0x8000094E (0x00000013) addi zero, zero, 0


mem[X,0x80000952] -> 0x0013
mem[X,0x80000954] -> 0x0000
[601] [M]: 0x80000952 (0x00000013) addi zero, zero, 0


mem[X,0x80000956] -> 0x0013
mem[X,0x80000958] -> 0x0000
[602] [M]: 0x80000956 (0x00000013) addi zero, zero, 0


mem[X,0x8000095A] -> 0x0013
mem[X,0x8000095C] -> 0x0000
[603] [M]: 0x8000095A (0x00000013) addi zero, zero, 0


mem[X,0x8000095E] -> 0x0001
[604] [M]: 0x8000095E (0x0001) c.nop


mem[X,0x80000960] -> 0x0217
mem[X,0x80000962] -> 0x0000
[605] [M]: 0x80000960 (0x00000217) auipc tp, 0
x4 <- 0x80000960


mem[X,0x80000964] -> 0x0213
mem[X,0x80000966] -> 0x0282
[606] [M]: 0x80000964 (0x02820213) addi tp, tp, 40
x4 <- 0x80000988


mem[X,0x80000968] -> 0x0013
mem[X,0x8000096A] -> 0x0000
[607] [M]: 0x80000968 (0x00000013) addi zero, zero, 0


mem[X,0x8000096C] -> 0x0013
mem[X,0x8000096E] -> 0x0000
[608] [M]: 0x8000096C (0x00000013) addi zero, zero, 0


mem[X,0x80000970] -> 0x0013
mem[X,0x80000972] -> 0x0000
[609] [M]: 0x80000970 (0x00000013) addi zero, zero, 0


mem[X,0x80000974] -> 0x0013
mem[X,0x80000976] -> 0x0000
[610] [M]: 0x80000974 (0x00000013) addi zero, zero, 0


mem[X,0x80000978] -> 0x0013
mem[X,0x8000097A] -> 0x0000
[611] [M]: 0x80000978 (0x00000013) addi zero, zero, 0


mem[X,0x8000097C] -> 0x0013
mem[X,0x8000097E] -> 0x0000
[612] [M]: 0x8000097C (0x00000013) addi zero, zero, 0


mem[X,0x80000980] -> 0x8202
[613] [M]: 0x80000980 (0x8202) c.jr tp


mem[X,0x80000988] -> 0x4213
mem[X,0x8000098A] -> 0x0032
[614] [M]: 0x80000988 (0x00324213) xori tp, tp, 3
x4 <- 0x8000098B


mem[X,0x8000098C] -> 0x0013
mem[X,0x8000098E] -> 0x0000
[615] [M]: 0x8000098C (0x00000013) addi zero, zero, 0


mem[X,0x80000990] -> 0x0013
mem[X,0x80000992] -> 0x0000
[616] [M]: 0x80000990 (0x00000013) addi zero, zero, 0


mem[X,0x80000994] -> 0x0013
mem[X,0x80000996] -> 0x0000
[617] [M]: 0x80000994 (0x00000013) addi zero, zero, 0


mem[X,0x80000998] -> 0x0013
mem[X,0x8000099A] -> 0x0000
[618] [M]: 0x80000998 (0x00000013) addi zero, zero, 0


mem[X,0x8000099C] -> 0x0013
mem[X,0x8000099E] -> 0x0000
[619] [M]: 0x8000099C (0x00000013) addi zero, zero, 0


mem[X,0x800009A0] -> 0x0317
mem[X,0x800009A2] -> 0x0000
[620] [M]: 0x800009A0 (0x00000317) auipc t1, 0
x6 <- 0x800009A0


mem[X,0x800009A4] -> 0x0313
mem[X,0x800009A6] -> 0xFAA3
[621] [M]: 0x800009A4 (0xFAA30313) addi t1, t1, 4010
x6 <- 0x8000094A


mem[X,0x800009A8] -> 0x0013
mem[X,0x800009AA] -> 0x0000
[622] [M]: 0x800009A8 (0x00000013) addi zero, zero, 0


mem[X,0x800009AC] -> 0x0013
mem[X,0x800009AE] -> 0x0000
[623] [M]: 0x800009AC (0x00000013) addi zero, zero, 0


mem[X,0x800009B0] -> 0x0013
mem[X,0x800009B2] -> 0x0000
[624] [M]: 0x800009B0 (0x00000013) addi zero, zero, 0


mem[X,0x800009B4] -> 0x0013
mem[X,0x800009B6] -> 0x0000
[625] [M]: 0x800009B4 (0x00000013) addi zero, zero, 0


mem[X,0x800009B8] -> 0x0013
mem[X,0x800009BA] -> 0x0000
[626] [M]: 0x800009B8 (0x00000013) addi zero, zero, 0


mem[X,0x800009BC] -> 0x0013
mem[X,0x800009BE] -> 0x0000
[627] [M]: 0x800009BC (0x00000013) addi zero, zero, 0


mem[X,0x800009C0] -> 0x7313
mem[X,0x800009C2] -> 0xFFC3
[628] [M]: 0x800009C0 (0xFFC37313) andi t1, t1, 4092
x6 <- 0x80000948


mem[X,0x800009C4] -> 0x0233
mem[X,0x800009C6] -> 0x4062
[629] [M]: 0x800009C4 (0x40620233) sub tp, tp, t1
x4 <- 0x00000043


mem[X,0x800009C8] -> 0xC292
[630] [M]: 0x800009C8 (0xC292) c.swsp tp, 17
mem[0x80004158] <- 0x00000043


mem[X,0x800009CA] -> 0x0013
mem[X,0x800009CC] -> 0x0000
[631] [M]: 0x800009CA (0x00000013) addi zero, zero, 0


mem[X,0x800009CE] -> 0x0013
mem[X,0x800009D0] -> 0x0000
[632] [M]: 0x800009CE (0x00000013) addi zero, zero, 0


mem[X,0x800009D2] -> 0x0013
mem[X,0x800009D4] -> 0x0000
[633] [M]: 0x800009D2 (0x00000013) addi zero, zero, 0


mem[X,0x800009D6] -> 0x0013
mem[X,0x800009D8] -> 0x0000
[634] [M]: 0x800009D6 (0x00000013) addi zero, zero, 0


mem[X,0x800009DA] -> 0x0013
mem[X,0x800009DC] -> 0x0000
[635] [M]: 0x800009DA (0x00000013) addi zero, zero, 0


mem[X,0x800009DE] -> 0x0001
[636] [M]: 0x800009DE (0x0001) c.nop


mem[X,0x800009E0] -> 0x0797
mem[X,0x800009E2] -> 0x0000
[637] [M]: 0x800009E0 (0x00000797) auipc a5, 0
x15 <- 0x800009E0


mem[X,0x800009E4] -> 0x8793
mem[X,0x800009E6] -> 0x0287
[638] [M]: 0x800009E4 (0x02878793) addi a5, a5, 40
x15 <- 0x80000A08


mem[X,0x800009E8] -> 0x0013
mem[X,0x800009EA] -> 0x0000
[639] [M]: 0x800009E8 (0x00000013) addi zero, zero, 0


mem[X,0x800009EC] -> 0x0013
mem[X,0x800009EE] -> 0x0000
[640] [M]: 0x800009EC (0x00000013) addi zero, zero, 0


mem[X,0x800009F0] -> 0x0013
mem[X,0x800009F2] -> 0x0000
[641] [M]: 0x800009F0 (0x00000013) addi zero, zero, 0


mem[X,0x800009F4] -> 0x0013
mem[X,0x800009F6] -> 0x0000
[642] [M]: 0x800009F4 (0x00000013) addi zero, zero, 0


mem[X,0x800009F8] -> 0x0013
mem[X,0x800009FA] -> 0x0000
[643] [M]: 0x800009F8 (0x00000013) addi zero, zero, 0


mem[X,0x800009FC] -> 0x0013
mem[X,0x800009FE] -> 0x0000
[644] [M]: 0x800009FC (0x00000013) addi zero, zero, 0


mem[X,0x80000A00] -> 0x8782
[645] [M]: 0x80000A00 (0x8782) c.jr a5


mem[X,0x80000A08] -> 0xC793
mem[X,0x80000A0A] -> 0x0037
[646] [M]: 0x80000A08 (0x0037C793) xori a5, a5, 3
x15 <- 0x80000A0B


mem[X,0x80000A0C] -> 0x0013
mem[X,0x80000A0E] -> 0x0000
[647] [M]: 0x80000A0C (0x00000013) addi zero, zero, 0


mem[X,0x80000A10] -> 0x0013
mem[X,0x80000A12] -> 0x0000
[648] [M]: 0x80000A10 (0x00000013) addi zero, zero, 0


mem[X,0x80000A14] -> 0x0013
mem[X,0x80000A16] -> 0x0000
[649] [M]: 0x80000A14 (0x00000013) addi zero, zero, 0


mem[X,0x80000A18] -> 0x0013
mem[X,0x80000A1A] -> 0x0000
[650] [M]: 0x80000A18 (0x00000013) addi zero, zero, 0


mem[X,0x80000A1C] -> 0x0013
mem[X,0x80000A1E] -> 0x0000
[651] [M]: 0x80000A1C (0x00000013) addi zero, zero, 0


mem[X,0x80000A20] -> 0x0317
mem[X,0x80000A22] -> 0x0000
[652] [M]: 0x80000A20 (0x00000317) auipc t1, 0
x6 <- 0x80000A20


mem[X,0x80000A24] -> 0x0313
mem[X,0x80000A26] -> 0xFAA3
[653] [M]: 0x80000A24 (0xFAA30313) addi t1, t1, 4010
x6 <- 0x800009CA


mem[X,0x80000A28] -> 0x0013
mem[X,0x80000A2A] -> 0x0000
[654] [M]: 0x80000A28 (0x00000013) addi zero, zero, 0


mem[X,0x80000A2C] -> 0x0013
mem[X,0x80000A2E] -> 0x0000
[655] [M]: 0x80000A2C (0x00000013) addi zero, zero, 0


mem[X,0x80000A30] -> 0x0013
mem[X,0x80000A32] -> 0x0000
[656] [M]: 0x80000A30 (0x00000013) addi zero, zero, 0


mem[X,0x80000A34] -> 0x0013
mem[X,0x80000A36] -> 0x0000
[657] [M]: 0x80000A34 (0x00000013) addi zero, zero, 0


mem[X,0x80000A38] -> 0x0013
mem[X,0x80000A3A] -> 0x0000
[658] [M]: 0x80000A38 (0x00000013) addi zero, zero, 0


mem[X,0x80000A3C] -> 0x0013
mem[X,0x80000A3E] -> 0x0000
[659] [M]: 0x80000A3C (0x00000013) addi zero, zero, 0


mem[X,0x80000A40] -> 0x7313
mem[X,0x80000A42] -> 0xFFC3
[660] [M]: 0x80000A40 (0xFFC37313) andi t1, t1, 4092
x6 <- 0x800009C8


mem[X,0x80000A44] -> 0x87B3
mem[X,0x80000A46] -> 0x4067
[661] [M]: 0x80000A44 (0x406787B3) sub a5, a5, t1
x15 <- 0x00000043


mem[X,0x80000A48] -> 0xC4BE
[662] [M]: 0x80000A48 (0xC4BE) c.swsp a5, 18
mem[0x8000415C] <- 0x00000043


mem[X,0x80000A4A] -> 0x0013
mem[X,0x80000A4C] -> 0x0000
[663] [M]: 0x80000A4A (0x00000013) addi zero, zero, 0


mem[X,0x80000A4E] -> 0x0013
mem[X,0x80000A50] -> 0x0000
[664] [M]: 0x80000A4E (0x00000013) addi zero, zero, 0


mem[X,0x80000A52] -> 0x0013
mem[X,0x80000A54] -> 0x0000
[665] [M]: 0x80000A52 (0x00000013) addi zero, zero, 0


mem[X,0x80000A56] -> 0x0013
mem[X,0x80000A58] -> 0x0000
[666] [M]: 0x80000A56 (0x00000013) addi zero, zero, 0


mem[X,0x80000A5A] -> 0x0013
mem[X,0x80000A5C] -> 0x0000
[667] [M]: 0x80000A5A (0x00000013) addi zero, zero, 0


mem[X,0x80000A5E] -> 0x0001
[668] [M]: 0x80000A5E (0x0001) c.nop


mem[X,0x80000A60] -> 0x0617
mem[X,0x80000A62] -> 0x0000
[669] [M]: 0x80000A60 (0x00000617) auipc a2, 0
x12 <- 0x80000A60


mem[X,0x80000A64] -> 0x0613
mem[X,0x80000A66] -> 0x0286
[670] [M]: 0x80000A64 (0x02860613) addi a2, a2, 40
x12 <- 0x80000A88


mem[X,0x80000A68] -> 0x0013
mem[X,0x80000A6A] -> 0x0000
[671] [M]: 0x80000A68 (0x00000013) addi zero, zero, 0


mem[X,0x80000A6C] -> 0x0013
mem[X,0x80000A6E] -> 0x0000
[672] [M]: 0x80000A6C (0x00000013) addi zero, zero, 0


mem[X,0x80000A70] -> 0x0013
mem[X,0x80000A72] -> 0x0000
[673] [M]: 0x80000A70 (0x00000013) addi zero, zero, 0


mem[X,0x80000A74] -> 0x0013
mem[X,0x80000A76] -> 0x0000
[674] [M]: 0x80000A74 (0x00000013) addi zero, zero, 0


mem[X,0x80000A78] -> 0x0013
mem[X,0x80000A7A] -> 0x0000
[675] [M]: 0x80000A78 (0x00000013) addi zero, zero, 0


mem[X,0x80000A7C] -> 0x0013
mem[X,0x80000A7E] -> 0x0000
[676] [M]: 0x80000A7C (0x00000013) addi zero, zero, 0


mem[X,0x80000A80] -> 0x8602
[677] [M]: 0x80000A80 (0x8602) c.jr a2


mem[X,0x80000A88] -> 0x4613
mem[X,0x80000A8A] -> 0x0036
[678] [M]: 0x80000A88 (0x00364613) xori a2, a2, 3
x12 <- 0x80000A8B


mem[X,0x80000A8C] -> 0x0013
mem[X,0x80000A8E] -> 0x0000
[679] [M]: 0x80000A8C (0x00000013) addi zero, zero, 0


mem[X,0x80000A90] -> 0x0013
mem[X,0x80000A92] -> 0x0000
[680] [M]: 0x80000A90 (0x00000013) addi zero, zero, 0


mem[X,0x80000A94] -> 0x0013
mem[X,0x80000A96] -> 0x0000
[681] [M]: 0x80000A94 (0x00000013) addi zero, zero, 0


mem[X,0x80000A98] -> 0x0013
mem[X,0x80000A9A] -> 0x0000
[682] [M]: 0x80000A98 (0x00000013) addi zero, zero, 0


mem[X,0x80000A9C] -> 0x0013
mem[X,0x80000A9E] -> 0x0000
[683] [M]: 0x80000A9C (0x00000013) addi zero, zero, 0


mem[X,0x80000AA0] -> 0x0317
mem[X,0x80000AA2] -> 0x0000
[684] [M]: 0x80000AA0 (0x00000317) auipc t1, 0
x6 <- 0x80000AA0


mem[X,0x80000AA4] -> 0x0313
mem[X,0x80000AA6] -> 0xFAA3
[685] [M]: 0x80000AA4 (0xFAA30313) addi t1, t1, 4010
x6 <- 0x80000A4A


mem[X,0x80000AA8] -> 0x0013
mem[X,0x80000AAA] -> 0x0000
[686] [M]: 0x80000AA8 (0x00000013) addi zero, zero, 0


mem[X,0x80000AAC] -> 0x0013
mem[X,0x80000AAE] -> 0x0000
[687] [M]: 0x80000AAC (0x00000013) addi zero, zero, 0


mem[X,0x80000AB0] -> 0x0013
mem[X,0x80000AB2] -> 0x0000
[688] [M]: 0x80000AB0 (0x00000013) addi zero, zero, 0


mem[X,0x80000AB4] -> 0x0013
mem[X,0x80000AB6] -> 0x0000
[689] [M]: 0x80000AB4 (0x00000013) addi zero, zero, 0


mem[X,0x80000AB8] -> 0x0013
mem[X,0x80000ABA] -> 0x0000
[690] [M]: 0x80000AB8 (0x00000013) addi zero, zero, 0


mem[X,0x80000ABC] -> 0x0013
mem[X,0x80000ABE] -> 0x0000
[691] [M]: 0x80000ABC (0x00000013) addi zero, zero, 0


mem[X,0x80000AC0] -> 0x7313
mem[X,0x80000AC2] -> 0xFFC3
[692] [M]: 0x80000AC0 (0xFFC37313) andi t1, t1, 4092
x6 <- 0x80000A48


mem[X,0x80000AC4] -> 0x0633
mem[X,0x80000AC6] -> 0x4066
[693] [M]: 0x80000AC4 (0x40660633) sub a2, a2, t1
x12 <- 0x00000043


mem[X,0x80000AC8] -> 0xC6B2
[694] [M]: 0x80000AC8 (0xC6B2) c.swsp a2, 19
mem[0x80004160] <- 0x00000043


mem[X,0x80000ACA] -> 0x0013
mem[X,0x80000ACC] -> 0x0000
[695] [M]: 0x80000ACA (0x00000013) addi zero, zero, 0


mem[X,0x80000ACE] -> 0x0013
mem[X,0x80000AD0] -> 0x0000
[696] [M]: 0x80000ACE (0x00000013) addi zero, zero, 0


mem[X,0x80000AD2] -> 0x0013
mem[X,0x80000AD4] -> 0x0000
[697] [M]: 0x80000AD2 (0x00000013) addi zero, zero, 0


mem[X,0x80000AD6] -> 0x0013
mem[X,0x80000AD8] -> 0x0000
[698] [M]: 0x80000AD6 (0x00000013) addi zero, zero, 0


mem[X,0x80000ADA] -> 0x0013
mem[X,0x80000ADC] -> 0x0000
[699] [M]: 0x80000ADA (0x00000013) addi zero, zero, 0


clint::tick mtime <- 0x0000000000000007
 clint timer pending at mtime 0x0000000000000007
htif::tick 0x0000000000000000
mem[X,0x80000ADE] -> 0x0001
[700] [M]: 0x80000ADE (0x0001) c.nop


mem[X,0x80000AE0] -> 0x0E97
mem[X,0x80000AE2] -> 0x0000
[701] [M]: 0x80000AE0 (0x00000E97) auipc t4, 0
x29 <- 0x80000AE0


mem[X,0x80000AE4] -> 0x8E93
mem[X,0x80000AE6] -> 0x028E
[702] [M]: 0x80000AE4 (0x028E8E93) addi t4, t4, 40
x29 <- 0x80000B08


mem[X,0x80000AE8] -> 0x0013
mem[X,0x80000AEA] -> 0x0000
[703] [M]: 0x80000AE8 (0x00000013) addi zero, zero, 0


mem[X,0x80000AEC] -> 0x0013
mem[X,0x80000AEE] -> 0x0000
[704] [M]: 0x80000AEC (0x00000013) addi zero, zero, 0


mem[X,0x80000AF0] -> 0x0013
mem[X,0x80000AF2] -> 0x0000
[705] [M]: 0x80000AF0 (0x00000013) addi zero, zero, 0


mem[X,0x80000AF4] -> 0x0013
mem[X,0x80000AF6] -> 0x0000
[706] [M]: 0x80000AF4 (0x00000013) addi zero, zero, 0


mem[X,0x80000AF8] -> 0x0013
mem[X,0x80000AFA] -> 0x0000
[707] [M]: 0x80000AF8 (0x00000013) addi zero, zero, 0


mem[X,0x80000AFC] -> 0x0013
mem[X,0x80000AFE] -> 0x0000
[708] [M]: 0x80000AFC (0x00000013) addi zero, zero, 0


mem[X,0x80000B00] -> 0x8E82
[709] [M]: 0x80000B00 (0x8E82) c.jr t4


mem[X,0x80000B08] -> 0xCE93
mem[X,0x80000B0A] -> 0x003E
[710] [M]: 0x80000B08 (0x003ECE93) xori t4, t4, 3
x29 <- 0x80000B0B


mem[X,0x80000B0C] -> 0x0013
mem[X,0x80000B0E] -> 0x0000
[711] [M]: 0x80000B0C (0x00000013) addi zero, zero, 0


mem[X,0x80000B10] -> 0x0013
mem[X,0x80000B12] -> 0x0000
[712] [M]: 0x80000B10 (0x00000013) addi zero, zero, 0


mem[X,0x80000B14] -> 0x0013
mem[X,0x80000B16] -> 0x0000
[713] [M]: 0x80000B14 (0x00000013) addi zero, zero, 0


mem[X,0x80000B18] -> 0x0013
mem[X,0x80000B1A] -> 0x0000
[714] [M]: 0x80000B18 (0x00000013) addi zero, zero, 0


mem[X,0x80000B1C] -> 0x0013
mem[X,0x80000B1E] -> 0x0000
[715] [M]: 0x80000B1C (0x00000013) addi zero, zero, 0


mem[X,0x80000B20] -> 0x0317
mem[X,0x80000B22] -> 0x0000
[716] [M]: 0x80000B20 (0x00000317) auipc t1, 0
x6 <- 0x80000B20


mem[X,0x80000B24] -> 0x0313
mem[X,0x80000B26] -> 0xFAA3
[717] [M]: 0x80000B24 (0xFAA30313) addi t1, t1, 4010
x6 <- 0x80000ACA


mem[X,0x80000B28] -> 0x0013
mem[X,0x80000B2A] -> 0x0000
[718] [M]: 0x80000B28 (0x00000013) addi zero, zero, 0


mem[X,0x80000B2C] -> 0x0013
mem[X,0x80000B2E] -> 0x0000
[719] [M]: 0x80000B2C (0x00000013) addi zero, zero, 0


mem[X,0x80000B30] -> 0x0013
mem[X,0x80000B32] -> 0x0000
[720] [M]: 0x80000B30 (0x00000013) addi zero, zero, 0


mem[X,0x80000B34] -> 0x0013
mem[X,0x80000B36] -> 0x0000
[721] [M]: 0x80000B34 (0x00000013) addi zero, zero, 0


mem[X,0x80000B38] -> 0x0013
mem[X,0x80000B3A] -> 0x0000
[722] [M]: 0x80000B38 (0x00000013) addi zero, zero, 0


mem[X,0x80000B3C] -> 0x0013
mem[X,0x80000B3E] -> 0x0000
[723] [M]: 0x80000B3C (0x00000013) addi zero, zero, 0


mem[X,0x80000B40] -> 0x7313
mem[X,0x80000B42] -> 0xFFC3
[724] [M]: 0x80000B40 (0xFFC37313) andi t1, t1, 4092
x6 <- 0x80000AC8


mem[X,0x80000B44] -> 0x8EB3
mem[X,0x80000B46] -> 0x406E
[725] [M]: 0x80000B44 (0x406E8EB3) sub t4, t4, t1
x29 <- 0x00000043


mem[X,0x80000B48] -> 0xC8F6
[726] [M]: 0x80000B48 (0xC8F6) c.swsp t4, 20
mem[0x80004164] <- 0x00000043


mem[X,0x80000B4A] -> 0x0013
mem[X,0x80000B4C] -> 0x0000
[727] [M]: 0x80000B4A (0x00000013) addi zero, zero, 0


mem[X,0x80000B4E] -> 0x0013
mem[X,0x80000B50] -> 0x0000
[728] [M]: 0x80000B4E (0x00000013) addi zero, zero, 0


mem[X,0x80000B52] -> 0x0013
mem[X,0x80000B54] -> 0x0000
[729] [M]: 0x80000B52 (0x00000013) addi zero, zero, 0


mem[X,0x80000B56] -> 0x0013
mem[X,0x80000B58] -> 0x0000
[730] [M]: 0x80000B56 (0x00000013) addi zero, zero, 0


mem[X,0x80000B5A] -> 0x0013
mem[X,0x80000B5C] -> 0x0000
[731] [M]: 0x80000B5A (0x00000013) addi zero, zero, 0


mem[X,0x80000B5E] -> 0x0001
[732] [M]: 0x80000B5E (0x0001) c.nop


mem[X,0x80000B60] -> 0x0B97
mem[X,0x80000B62] -> 0x0000
[733] [M]: 0x80000B60 (0x00000B97) auipc s7, 0
x23 <- 0x80000B60


mem[X,0x80000B64] -> 0x8B93
mem[X,0x80000B66] -> 0x028B
[734] [M]: 0x80000B64 (0x028B8B93) addi s7, s7, 40
x23 <- 0x80000B88


mem[X,0x80000B68] -> 0x0013
mem[X,0x80000B6A] -> 0x0000
[735] [M]: 0x80000B68 (0x00000013) addi zero, zero, 0


mem[X,0x80000B6C] -> 0x0013
mem[X,0x80000B6E] -> 0x0000
[736] [M]: 0x80000B6C (0x00000013) addi zero, zero, 0


mem[X,0x80000B70] -> 0x0013
mem[X,0x80000B72] -> 0x0000
[737] [M]: 0x80000B70 (0x00000013) addi zero, zero, 0


mem[X,0x80000B74] -> 0x0013
mem[X,0x80000B76] -> 0x0000
[738] [M]: 0x80000B74 (0x00000013) addi zero, zero, 0


mem[X,0x80000B78] -> 0x0013
mem[X,0x80000B7A] -> 0x0000
[739] [M]: 0x80000B78 (0x00000013) addi zero, zero, 0


mem[X,0x80000B7C] -> 0x0013
mem[X,0x80000B7E] -> 0x0000
[740] [M]: 0x80000B7C (0x00000013) addi zero, zero, 0


mem[X,0x80000B80] -> 0x8B82
[741] [M]: 0x80000B80 (0x8B82) c.jr s7


mem[X,0x80000B88] -> 0xCB93
mem[X,0x80000B8A] -> 0x003B
[742] [M]: 0x80000B88 (0x003BCB93) xori s7, s7, 3
x23 <- 0x80000B8B


mem[X,0x80000B8C] -> 0x0013
mem[X,0x80000B8E] -> 0x0000
[743] [M]: 0x80000B8C (0x00000013) addi zero, zero, 0


mem[X,0x80000B90] -> 0x0013
mem[X,0x80000B92] -> 0x0000
[744] [M]: 0x80000B90 (0x00000013) addi zero, zero, 0


mem[X,0x80000B94] -> 0x0013
mem[X,0x80000B96] -> 0x0000
[745] [M]: 0x80000B94 (0x00000013) addi zero, zero, 0


mem[X,0x80000B98] -> 0x0013
mem[X,0x80000B9A] -> 0x0000
[746] [M]: 0x80000B98 (0x00000013) addi zero, zero, 0


mem[X,0x80000B9C] -> 0x0013
mem[X,0x80000B9E] -> 0x0000
[747] [M]: 0x80000B9C (0x00000013) addi zero, zero, 0


mem[X,0x80000BA0] -> 0x0317
mem[X,0x80000BA2] -> 0x0000
[748] [M]: 0x80000BA0 (0x00000317) auipc t1, 0
x6 <- 0x80000BA0


mem[X,0x80000BA4] -> 0x0313
mem[X,0x80000BA6] -> 0xFAA3
[749] [M]: 0x80000BA4 (0xFAA30313) addi t1, t1, 4010
x6 <- 0x80000B4A


mem[X,0x80000BA8] -> 0x0013
mem[X,0x80000BAA] -> 0x0000
[750] [M]: 0x80000BA8 (0x00000013) addi zero, zero, 0


mem[X,0x80000BAC] -> 0x0013
mem[X,0x80000BAE] -> 0x0000
[751] [M]: 0x80000BAC (0x00000013) addi zero, zero, 0


mem[X,0x80000BB0] -> 0x0013
mem[X,0x80000BB2] -> 0x0000
[752] [M]: 0x80000BB0 (0x00000013) addi zero, zero, 0


mem[X,0x80000BB4] -> 0x0013
mem[X,0x80000BB6] -> 0x0000
[753] [M]: 0x80000BB4 (0x00000013) addi zero, zero, 0


mem[X,0x80000BB8] -> 0x0013
mem[X,0x80000BBA] -> 0x0000
[754] [M]: 0x80000BB8 (0x00000013) addi zero, zero, 0


mem[X,0x80000BBC] -> 0x0013
mem[X,0x80000BBE] -> 0x0000
[755] [M]: 0x80000BBC (0x00000013) addi zero, zero, 0


mem[X,0x80000BC0] -> 0x7313
mem[X,0x80000BC2] -> 0xFFC3
[756] [M]: 0x80000BC0 (0xFFC37313) andi t1, t1, 4092
x6 <- 0x80000B48


mem[X,0x80000BC4] -> 0x8BB3
mem[X,0x80000BC6] -> 0x406B
[757] [M]: 0x80000BC4 (0x406B8BB3) sub s7, s7, t1
x23 <- 0x00000043


mem[X,0x80000BC8] -> 0xCADE
[758] [M]: 0x80000BC8 (0xCADE) c.swsp s7, 21
mem[0x80004168] <- 0x00000043


mem[X,0x80000BCA] -> 0x0013
mem[X,0x80000BCC] -> 0x0000
[759] [M]: 0x80000BCA (0x00000013) addi zero, zero, 0


mem[X,0x80000BCE] -> 0x0013
mem[X,0x80000BD0] -> 0x0000
[760] [M]: 0x80000BCE (0x00000013) addi zero, zero, 0


mem[X,0x80000BD2] -> 0x0013
mem[X,0x80000BD4] -> 0x0000
[761] [M]: 0x80000BD2 (0x00000013) addi zero, zero, 0


mem[X,0x80000BD6] -> 0x0013
mem[X,0x80000BD8] -> 0x0000
[762] [M]: 0x80000BD6 (0x00000013) addi zero, zero, 0


mem[X,0x80000BDA] -> 0x0013
mem[X,0x80000BDC] -> 0x0000
[763] [M]: 0x80000BDA (0x00000013) addi zero, zero, 0


mem[X,0x80000BDE] -> 0x0001
[764] [M]: 0x80000BDE (0x0001) c.nop


mem[X,0x80000BE0] -> 0x0F97
mem[X,0x80000BE2] -> 0x0000
[765] [M]: 0x80000BE0 (0x00000F97) auipc t6, 0
x31 <- 0x80000BE0


mem[X,0x80000BE4] -> 0x8F93
mem[X,0x80000BE6] -> 0x028F
[766] [M]: 0x80000BE4 (0x028F8F93) addi t6, t6, 40
x31 <- 0x80000C08


mem[X,0x80000BE8] -> 0x0013
mem[X,0x80000BEA] -> 0x0000
[767] [M]: 0x80000BE8 (0x00000013) addi zero, zero, 0


mem[X,0x80000BEC] -> 0x0013
mem[X,0x80000BEE] -> 0x0000
[768] [M]: 0x80000BEC (0x00000013) addi zero, zero, 0


mem[X,0x80000BF0] -> 0x0013
mem[X,0x80000BF2] -> 0x0000
[769] [M]: 0x80000BF0 (0x00000013) addi zero, zero, 0


mem[X,0x80000BF4] -> 0x0013
mem[X,0x80000BF6] -> 0x0000
[770] [M]: 0x80000BF4 (0x00000013) addi zero, zero, 0


mem[X,0x80000BF8] -> 0x0013
mem[X,0x80000BFA] -> 0x0000
[771] [M]: 0x80000BF8 (0x00000013) addi zero, zero, 0


mem[X,0x80000BFC] -> 0x0013
mem[X,0x80000BFE] -> 0x0000
[772] [M]: 0x80000BFC (0x00000013) addi zero, zero, 0


mem[X,0x80000C00] -> 0x8F82
[773] [M]: 0x80000C00 (0x8F82) c.jr t6


mem[X,0x80000C08] -> 0xCF93
mem[X,0x80000C0A] -> 0x003F
[774] [M]: 0x80000C08 (0x003FCF93) xori t6, t6, 3
x31 <- 0x80000C0B


mem[X,0x80000C0C] -> 0x0013
mem[X,0x80000C0E] -> 0x0000
[775] [M]: 0x80000C0C (0x00000013) addi zero, zero, 0


mem[X,0x80000C10] -> 0x0013
mem[X,0x80000C12] -> 0x0000
[776] [M]: 0x80000C10 (0x00000013) addi zero, zero, 0


mem[X,0x80000C14] -> 0x0013
mem[X,0x80000C16] -> 0x0000
[777] [M]: 0x80000C14 (0x00000013) addi zero, zero, 0


mem[X,0x80000C18] -> 0x0013
mem[X,0x80000C1A] -> 0x0000
[778] [M]: 0x80000C18 (0x00000013) addi zero, zero, 0


mem[X,0x80000C1C] -> 0x0013
mem[X,0x80000C1E] -> 0x0000
[779] [M]: 0x80000C1C (0x00000013) addi zero, zero, 0


mem[X,0x80000C20] -> 0x0317
mem[X,0x80000C22] -> 0x0000
[780] [M]: 0x80000C20 (0x00000317) auipc t1, 0
x6 <- 0x80000C20


mem[X,0x80000C24] -> 0x0313
mem[X,0x80000C26] -> 0xFAA3
[781] [M]: 0x80000C24 (0xFAA30313) addi t1, t1, 4010
x6 <- 0x80000BCA


mem[X,0x80000C28] -> 0x0013
mem[X,0x80000C2A] -> 0x0000
[782] [M]: 0x80000C28 (0x00000013) addi zero, zero, 0


mem[X,0x80000C2C] -> 0x0013
mem[X,0x80000C2E] -> 0x0000
[783] [M]: 0x80000C2C (0x00000013) addi zero, zero, 0


mem[X,0x80000C30] -> 0x0013
mem[X,0x80000C32] -> 0x0000
[784] [M]: 0x80000C30 (0x00000013) addi zero, zero, 0


mem[X,0x80000C34] -> 0x0013
mem[X,0x80000C36] -> 0x0000
[785] [M]: 0x80000C34 (0x00000013) addi zero, zero, 0


mem[X,0x80000C38] -> 0x0013
mem[X,0x80000C3A] -> 0x0000
[786] [M]: 0x80000C38 (0x00000013) addi zero, zero, 0


mem[X,0x80000C3C] -> 0x0013
mem[X,0x80000C3E] -> 0x0000
[787] [M]: 0x80000C3C (0x00000013) addi zero, zero, 0


mem[X,0x80000C40] -> 0x7313
mem[X,0x80000C42] -> 0xFFC3
[788] [M]: 0x80000C40 (0xFFC37313) andi t1, t1, 4092
x6 <- 0x80000BC8


mem[X,0x80000C44] -> 0x8FB3
mem[X,0x80000C46] -> 0x406F
[789] [M]: 0x80000C44 (0x406F8FB3) sub t6, t6, t1
x31 <- 0x00000043


mem[X,0x80000C48] -> 0xCCFE
[790] [M]: 0x80000C48 (0xCCFE) c.swsp t6, 22
mem[0x8000416C] <- 0x00000043


mem[X,0x80000C4A] -> 0x0013
mem[X,0x80000C4C] -> 0x0000
[791] [M]: 0x80000C4A (0x00000013) addi zero, zero, 0


mem[X,0x80000C4E] -> 0x0013
mem[X,0x80000C50] -> 0x0000
[792] [M]: 0x80000C4E (0x00000013) addi zero, zero, 0


mem[X,0x80000C52] -> 0x0013
mem[X,0x80000C54] -> 0x0000
[793] [M]: 0x80000C52 (0x00000013) addi zero, zero, 0


mem[X,0x80000C56] -> 0x0013
mem[X,0x80000C58] -> 0x0000
[794] [M]: 0x80000C56 (0x00000013) addi zero, zero, 0


mem[X,0x80000C5A] -> 0x0013
mem[X,0x80000C5C] -> 0x0000
[795] [M]: 0x80000C5A (0x00000013) addi zero, zero, 0


mem[X,0x80000C5E] -> 0x0001
[796] [M]: 0x80000C5E (0x0001) c.nop


mem[X,0x80000C60] -> 0x0D17
mem[X,0x80000C62] -> 0x0000
[797] [M]: 0x80000C60 (0x00000D17) auipc s10, 0
x26 <- 0x80000C60


mem[X,0x80000C64] -> 0x0D13
mem[X,0x80000C66] -> 0x028D
[798] [M]: 0x80000C64 (0x028D0D13) addi s10, s10, 40
x26 <- 0x80000C88


mem[X,0x80000C68] -> 0x0013
mem[X,0x80000C6A] -> 0x0000
[799] [M]: 0x80000C68 (0x00000013) addi zero, zero, 0


clint::tick mtime <- 0x0000000000000008
 clint timer pending at mtime 0x0000000000000008
htif::tick 0x0000000000000000
mem[X,0x80000C6C] -> 0x0013
mem[X,0x80000C6E] -> 0x0000
[800] [M]: 0x80000C6C (0x00000013) addi zero, zero, 0


mem[X,0x80000C70] -> 0x0013
mem[X,0x80000C72] -> 0x0000
[801] [M]: 0x80000C70 (0x00000013) addi zero, zero, 0


mem[X,0x80000C74] -> 0x0013
mem[X,0x80000C76] -> 0x0000
[802] [M]: 0x80000C74 (0x00000013) addi zero, zero, 0


mem[X,0x80000C78] -> 0x0013
mem[X,0x80000C7A] -> 0x0000
[803] [M]: 0x80000C78 (0x00000013) addi zero, zero, 0


mem[X,0x80000C7C] -> 0x0013
mem[X,0x80000C7E] -> 0x0000
[804] [M]: 0x80000C7C (0x00000013) addi zero, zero, 0


mem[X,0x80000C80] -> 0x8D02
[805] [M]: 0x80000C80 (0x8D02) c.jr s10


mem[X,0x80000C88] -> 0x4D13
mem[X,0x80000C8A] -> 0x003D
[806] [M]: 0x80000C88 (0x003D4D13) xori s10, s10, 3
x26 <- 0x80000C8B


mem[X,0x80000C8C] -> 0x0013
mem[X,0x80000C8E] -> 0x0000
[807] [M]: 0x80000C8C (0x00000013) addi zero, zero, 0


mem[X,0x80000C90] -> 0x0013
mem[X,0x80000C92] -> 0x0000
[808] [M]: 0x80000C90 (0x00000013) addi zero, zero, 0


mem[X,0x80000C94] -> 0x0013
mem[X,0x80000C96] -> 0x0000
[809] [M]: 0x80000C94 (0x00000013) addi zero, zero, 0


mem[X,0x80000C98] -> 0x0013
mem[X,0x80000C9A] -> 0x0000
[810] [M]: 0x80000C98 (0x00000013) addi zero, zero, 0


mem[X,0x80000C9C] -> 0x0013
mem[X,0x80000C9E] -> 0x0000
[811] [M]: 0x80000C9C (0x00000013) addi zero, zero, 0


mem[X,0x80000CA0] -> 0x0317
mem[X,0x80000CA2] -> 0x0000
[812] [M]: 0x80000CA0 (0x00000317) auipc t1, 0
x6 <- 0x80000CA0


mem[X,0x80000CA4] -> 0x0313
mem[X,0x80000CA6] -> 0xFAA3
[813] [M]: 0x80000CA4 (0xFAA30313) addi t1, t1, 4010
x6 <- 0x80000C4A


mem[X,0x80000CA8] -> 0x0013
mem[X,0x80000CAA] -> 0x0000
[814] [M]: 0x80000CA8 (0x00000013) addi zero, zero, 0


mem[X,0x80000CAC] -> 0x0013
mem[X,0x80000CAE] -> 0x0000
[815] [M]: 0x80000CAC (0x00000013) addi zero, zero, 0


mem[X,0x80000CB0] -> 0x0013
mem[X,0x80000CB2] -> 0x0000
[816] [M]: 0x80000CB0 (0x00000013) addi zero, zero, 0


mem[X,0x80000CB4] -> 0x0013
mem[X,0x80000CB6] -> 0x0000
[817] [M]: 0x80000CB4 (0x00000013) addi zero, zero, 0


mem[X,0x80000CB8] -> 0x0013
mem[X,0x80000CBA] -> 0x0000
[818] [M]: 0x80000CB8 (0x00000013) addi zero, zero, 0


mem[X,0x80000CBC] -> 0x0013
mem[X,0x80000CBE] -> 0x0000
[819] [M]: 0x80000CBC (0x00000013) addi zero, zero, 0


mem[X,0x80000CC0] -> 0x7313
mem[X,0x80000CC2] -> 0xFFC3
[820] [M]: 0x80000CC0 (0xFFC37313) andi t1, t1, 4092
x6 <- 0x80000C48


mem[X,0x80000CC4] -> 0x0D33
mem[X,0x80000CC6] -> 0x406D
[821] [M]: 0x80000CC4 (0x406D0D33) sub s10, s10, t1
x26 <- 0x00000043


mem[X,0x80000CC8] -> 0xCEEA
[822] [M]: 0x80000CC8 (0xCEEA) c.swsp s10, 23
mem[0x80004170] <- 0x00000043


mem[X,0x80000CCA] -> 0x0013
mem[X,0x80000CCC] -> 0x0000
[823] [M]: 0x80000CCA (0x00000013) addi zero, zero, 0


mem[X,0x80000CCE] -> 0x0013
mem[X,0x80000CD0] -> 0x0000
[824] [M]: 0x80000CCE (0x00000013) addi zero, zero, 0


mem[X,0x80000CD2] -> 0x0013
mem[X,0x80000CD4] -> 0x0000
[825] [M]: 0x80000CD2 (0x00000013) addi zero, zero, 0


mem[X,0x80000CD6] -> 0x0013
mem[X,0x80000CD8] -> 0x0000
[826] [M]: 0x80000CD6 (0x00000013) addi zero, zero, 0


mem[X,0x80000CDA] -> 0x0013
mem[X,0x80000CDC] -> 0x0000
[827] [M]: 0x80000CDA (0x00000013) addi zero, zero, 0


mem[X,0x80000CDE] -> 0x0001
[828] [M]: 0x80000CDE (0x0001) c.nop


mem[X,0x80000CE0] -> 0x0397
mem[X,0x80000CE2] -> 0x0000
[829] [M]: 0x80000CE0 (0x00000397) auipc t2, 0
x7 <- 0x80000CE0


mem[X,0x80000CE4] -> 0x8393
mem[X,0x80000CE6] -> 0x0283
[830] [M]: 0x80000CE4 (0x02838393) addi t2, t2, 40
x7 <- 0x80000D08


mem[X,0x80000CE8] -> 0x0013
mem[X,0x80000CEA] -> 0x0000
[831] [M]: 0x80000CE8 (0x00000013) addi zero, zero, 0


mem[X,0x80000CEC] -> 0x0013
mem[X,0x80000CEE] -> 0x0000
[832] [M]: 0x80000CEC (0x00000013) addi zero, zero, 0


mem[X,0x80000CF0] -> 0x0013
mem[X,0x80000CF2] -> 0x0000
[833] [M]: 0x80000CF0 (0x00000013) addi zero, zero, 0


mem[X,0x80000CF4] -> 0x0013
mem[X,0x80000CF6] -> 0x0000
[834] [M]: 0x80000CF4 (0x00000013) addi zero, zero, 0


mem[X,0x80000CF8] -> 0x0013
mem[X,0x80000CFA] -> 0x0000
[835] [M]: 0x80000CF8 (0x00000013) addi zero, zero, 0


mem[X,0x80000CFC] -> 0x0013
mem[X,0x80000CFE] -> 0x0000
[836] [M]: 0x80000CFC (0x00000013) addi zero, zero, 0


mem[X,0x80000D00] -> 0x8382
[837] [M]: 0x80000D00 (0x8382) c.jr t2


mem[X,0x80000D08] -> 0xC393
mem[X,0x80000D0A] -> 0x0033
[838] [M]: 0x80000D08 (0x0033C393) xori t2, t2, 3
x7 <- 0x80000D0B


mem[X,0x80000D0C] -> 0x0013
mem[X,0x80000D0E] -> 0x0000
[839] [M]: 0x80000D0C (0x00000013) addi zero, zero, 0


mem[X,0x80000D10] -> 0x0013
mem[X,0x80000D12] -> 0x0000
[840] [M]: 0x80000D10 (0x00000013) addi zero, zero, 0


mem[X,0x80000D14] -> 0x0013
mem[X,0x80000D16] -> 0x0000
[841] [M]: 0x80000D14 (0x00000013) addi zero, zero, 0


mem[X,0x80000D18] -> 0x0013
mem[X,0x80000D1A] -> 0x0000
[842] [M]: 0x80000D18 (0x00000013) addi zero, zero, 0


mem[X,0x80000D1C] -> 0x0013
mem[X,0x80000D1E] -> 0x0000
[843] [M]: 0x80000D1C (0x00000013) addi zero, zero, 0


mem[X,0x80000D20] -> 0x0317
mem[X,0x80000D22] -> 0x0000
[844] [M]: 0x80000D20 (0x00000317) auipc t1, 0
x6 <- 0x80000D20


mem[X,0x80000D24] -> 0x0313
mem[X,0x80000D26] -> 0xFAA3
[845] [M]: 0x80000D24 (0xFAA30313) addi t1, t1, 4010
x6 <- 0x80000CCA


mem[X,0x80000D28] -> 0x0013
mem[X,0x80000D2A] -> 0x0000
[846] [M]: 0x80000D28 (0x00000013) addi zero, zero, 0


mem[X,0x80000D2C] -> 0x0013
mem[X,0x80000D2E] -> 0x0000
[847] [M]: 0x80000D2C (0x00000013) addi zero, zero, 0


mem[X,0x80000D30] -> 0x0013
mem[X,0x80000D32] -> 0x0000
[848] [M]: 0x80000D30 (0x00000013) addi zero, zero, 0


mem[X,0x80000D34] -> 0x0013
mem[X,0x80000D36] -> 0x0000
[849] [M]: 0x80000D34 (0x00000013) addi zero, zero, 0


mem[X,0x80000D38] -> 0x0013
mem[X,0x80000D3A] -> 0x0000
[850] [M]: 0x80000D38 (0x00000013) addi zero, zero, 0


mem[X,0x80000D3C] -> 0x0013
mem[X,0x80000D3E] -> 0x0000
[851] [M]: 0x80000D3C (0x00000013) addi zero, zero, 0


mem[X,0x80000D40] -> 0x7313
mem[X,0x80000D42] -> 0xFFC3
[852] [M]: 0x80000D40 (0xFFC37313) andi t1, t1, 4092
x6 <- 0x80000CC8


mem[X,0x80000D44] -> 0x83B3
mem[X,0x80000D46] -> 0x4063
[853] [M]: 0x80000D44 (0x406383B3) sub t2, t2, t1
x7 <- 0x00000043


mem[X,0x80000D48] -> 0xD09E
[854] [M]: 0x80000D48 (0xD09E) c.swsp t2, 24
mem[0x80004174] <- 0x00000043


mem[X,0x80000D4A] -> 0x0013
mem[X,0x80000D4C] -> 0x0000
[855] [M]: 0x80000D4A (0x00000013) addi zero, zero, 0


mem[X,0x80000D4E] -> 0x0013
mem[X,0x80000D50] -> 0x0000
[856] [M]: 0x80000D4E (0x00000013) addi zero, zero, 0


mem[X,0x80000D52] -> 0x0013
mem[X,0x80000D54] -> 0x0000
[857] [M]: 0x80000D52 (0x00000013) addi zero, zero, 0


mem[X,0x80000D56] -> 0x0013
mem[X,0x80000D58] -> 0x0000
[858] [M]: 0x80000D56 (0x00000013) addi zero, zero, 0


mem[X,0x80000D5A] -> 0x0013
mem[X,0x80000D5C] -> 0x0000
[859] [M]: 0x80000D5A (0x00000013) addi zero, zero, 0


mem[X,0x80000D5E] -> 0x0001
[860] [M]: 0x80000D5E (0x0001) c.nop


mem[X,0x80000D60] -> 0x0697
mem[X,0x80000D62] -> 0x0000
[861] [M]: 0x80000D60 (0x00000697) auipc a3, 0
x13 <- 0x80000D60


mem[X,0x80000D64] -> 0x8693
mem[X,0x80000D66] -> 0x0286
[862] [M]: 0x80000D64 (0x02868693) addi a3, a3, 40
x13 <- 0x80000D88


mem[X,0x80000D68] -> 0x0013
mem[X,0x80000D6A] -> 0x0000
[863] [M]: 0x80000D68 (0x00000013) addi zero, zero, 0


mem[X,0x80000D6C] -> 0x0013
mem[X,0x80000D6E] -> 0x0000
[864] [M]: 0x80000D6C (0x00000013) addi zero, zero, 0


mem[X,0x80000D70] -> 0x0013
mem[X,0x80000D72] -> 0x0000
[865] [M]: 0x80000D70 (0x00000013) addi zero, zero, 0


mem[X,0x80000D74] -> 0x0013
mem[X,0x80000D76] -> 0x0000
[866] [M]: 0x80000D74 (0x00000013) addi zero, zero, 0


mem[X,0x80000D78] -> 0x0013
mem[X,0x80000D7A] -> 0x0000
[867] [M]: 0x80000D78 (0x00000013) addi zero, zero, 0


mem[X,0x80000D7C] -> 0x0013
mem[X,0x80000D7E] -> 0x0000
[868] [M]: 0x80000D7C (0x00000013) addi zero, zero, 0


mem[X,0x80000D80] -> 0x8682
[869] [M]: 0x80000D80 (0x8682) c.jr a3


mem[X,0x80000D88] -> 0xC693
mem[X,0x80000D8A] -> 0x0036
[870] [M]: 0x80000D88 (0x0036C693) xori a3, a3, 3
x13 <- 0x80000D8B


mem[X,0x80000D8C] -> 0x0013
mem[X,0x80000D8E] -> 0x0000
[871] [M]: 0x80000D8C (0x00000013) addi zero, zero, 0


mem[X,0x80000D90] -> 0x0013
mem[X,0x80000D92] -> 0x0000
[872] [M]: 0x80000D90 (0x00000013) addi zero, zero, 0


mem[X,0x80000D94] -> 0x0013
mem[X,0x80000D96] -> 0x0000
[873] [M]: 0x80000D94 (0x00000013) addi zero, zero, 0


mem[X,0x80000D98] -> 0x0013
mem[X,0x80000D9A] -> 0x0000
[874] [M]: 0x80000D98 (0x00000013) addi zero, zero, 0


mem[X,0x80000D9C] -> 0x0013
mem[X,0x80000D9E] -> 0x0000
[875] [M]: 0x80000D9C (0x00000013) addi zero, zero, 0


mem[X,0x80000DA0] -> 0x0317
mem[X,0x80000DA2] -> 0x0000
[876] [M]: 0x80000DA0 (0x00000317) auipc t1, 0
x6 <- 0x80000DA0


mem[X,0x80000DA4] -> 0x0313
mem[X,0x80000DA6] -> 0xFAA3
[877] [M]: 0x80000DA4 (0xFAA30313) addi t1, t1, 4010
x6 <- 0x80000D4A


mem[X,0x80000DA8] -> 0x0013
mem[X,0x80000DAA] -> 0x0000
[878] [M]: 0x80000DA8 (0x00000013) addi zero, zero, 0


mem[X,0x80000DAC] -> 0x0013
mem[X,0x80000DAE] -> 0x0000
[879] [M]: 0x80000DAC (0x00000013) addi zero, zero, 0


mem[X,0x80000DB0] -> 0x0013
mem[X,0x80000DB2] -> 0x0000
[880] [M]: 0x80000DB0 (0x00000013) addi zero, zero, 0


mem[X,0x80000DB4] -> 0x0013
mem[X,0x80000DB6] -> 0x0000
[881] [M]: 0x80000DB4 (0x00000013) addi zero, zero, 0


mem[X,0x80000DB8] -> 0x0013
mem[X,0x80000DBA] -> 0x0000
[882] [M]: 0x80000DB8 (0x00000013) addi zero, zero, 0


mem[X,0x80000DBC] -> 0x0013
mem[X,0x80000DBE] -> 0x0000
[883] [M]: 0x80000DBC (0x00000013) addi zero, zero, 0


mem[X,0x80000DC0] -> 0x7313
mem[X,0x80000DC2] -> 0xFFC3
[884] [M]: 0x80000DC0 (0xFFC37313) andi t1, t1, 4092
x6 <- 0x80000D48


mem[X,0x80000DC4] -> 0x86B3
mem[X,0x80000DC6] -> 0x4066
[885] [M]: 0x80000DC4 (0x406686B3) sub a3, a3, t1
x13 <- 0x00000043


mem[X,0x80000DC8] -> 0xD2B6
[886] [M]: 0x80000DC8 (0xD2B6) c.swsp a3, 25
mem[0x80004178] <- 0x00000043


mem[X,0x80000DCA] -> 0x0013
mem[X,0x80000DCC] -> 0x0000
[887] [M]: 0x80000DCA (0x00000013) addi zero, zero, 0


mem[X,0x80000DCE] -> 0x0013
mem[X,0x80000DD0] -> 0x0000
[888] [M]: 0x80000DCE (0x00000013) addi zero, zero, 0


mem[X,0x80000DD2] -> 0x0013
mem[X,0x80000DD4] -> 0x0000
[889] [M]: 0x80000DD2 (0x00000013) addi zero, zero, 0


mem[X,0x80000DD6] -> 0x0013
mem[X,0x80000DD8] -> 0x0000
[890] [M]: 0x80000DD6 (0x00000013) addi zero, zero, 0


mem[X,0x80000DDA] -> 0x0013
mem[X,0x80000DDC] -> 0x0000
[891] [M]: 0x80000DDA (0x00000013) addi zero, zero, 0


mem[X,0x80000DDE] -> 0x0001
[892] [M]: 0x80000DDE (0x0001) c.nop


mem[X,0x80000DE0] -> 0x0897
mem[X,0x80000DE2] -> 0x0000
[893] [M]: 0x80000DE0 (0x00000897) auipc a7, 0
x17 <- 0x80000DE0


mem[X,0x80000DE4] -> 0x8893
mem[X,0x80000DE6] -> 0x0288
[894] [M]: 0x80000DE4 (0x02888893) addi a7, a7, 40
x17 <- 0x80000E08


mem[X,0x80000DE8] -> 0x0013
mem[X,0x80000DEA] -> 0x0000
[895] [M]: 0x80000DE8 (0x00000013) addi zero, zero, 0


mem[X,0x80000DEC] -> 0x0013
mem[X,0x80000DEE] -> 0x0000
[896] [M]: 0x80000DEC (0x00000013) addi zero, zero, 0


mem[X,0x80000DF0] -> 0x0013
mem[X,0x80000DF2] -> 0x0000
[897] [M]: 0x80000DF0 (0x00000013) addi zero, zero, 0


mem[X,0x80000DF4] -> 0x0013
mem[X,0x80000DF6] -> 0x0000
[898] [M]: 0x80000DF4 (0x00000013) addi zero, zero, 0


mem[X,0x80000DF8] -> 0x0013
mem[X,0x80000DFA] -> 0x0000
[899] [M]: 0x80000DF8 (0x00000013) addi zero, zero, 0


clint::tick mtime <- 0x0000000000000009
 clint timer pending at mtime 0x0000000000000009
htif::tick 0x0000000000000000
mem[X,0x80000DFC] -> 0x0013
mem[X,0x80000DFE] -> 0x0000
[900] [M]: 0x80000DFC (0x00000013) addi zero, zero, 0


mem[X,0x80000E00] -> 0x8882
[901] [M]: 0x80000E00 (0x8882) c.jr a7


mem[X,0x80000E08] -> 0xC893
mem[X,0x80000E0A] -> 0x0038
[902] [M]: 0x80000E08 (0x0038C893) xori a7, a7, 3
x17 <- 0x80000E0B


mem[X,0x80000E0C] -> 0x0013
mem[X,0x80000E0E] -> 0x0000
[903] [M]: 0x80000E0C (0x00000013) addi zero, zero, 0


mem[X,0x80000E10] -> 0x0013
mem[X,0x80000E12] -> 0x0000
[904] [M]: 0x80000E10 (0x00000013) addi zero, zero, 0


mem[X,0x80000E14] -> 0x0013
mem[X,0x80000E16] -> 0x0000
[905] [M]: 0x80000E14 (0x00000013) addi zero, zero, 0


mem[X,0x80000E18] -> 0x0013
mem[X,0x80000E1A] -> 0x0000
[906] [M]: 0x80000E18 (0x00000013) addi zero, zero, 0


mem[X,0x80000E1C] -> 0x0013
mem[X,0x80000E1E] -> 0x0000
[907] [M]: 0x80000E1C (0x00000013) addi zero, zero, 0


mem[X,0x80000E20] -> 0x0197
mem[X,0x80000E22] -> 0x0000
[908] [M]: 0x80000E20 (0x00000197) auipc gp, 0
x3 <- 0x80000E20


mem[X,0x80000E24] -> 0x8193
mem[X,0x80000E26] -> 0xFAA1
[909] [M]: 0x80000E24 (0xFAA18193) addi gp, gp, 4010
x3 <- 0x80000DCA


mem[X,0x80000E28] -> 0x0013
mem[X,0x80000E2A] -> 0x0000
[910] [M]: 0x80000E28 (0x00000013) addi zero, zero, 0


mem[X,0x80000E2C] -> 0x0013
mem[X,0x80000E2E] -> 0x0000
[911] [M]: 0x80000E2C (0x00000013) addi zero, zero, 0


mem[X,0x80000E30] -> 0x0013
mem[X,0x80000E32] -> 0x0000
[912] [M]: 0x80000E30 (0x00000013) addi zero, zero, 0


mem[X,0x80000E34] -> 0x0013
mem[X,0x80000E36] -> 0x0000
[913] [M]: 0x80000E34 (0x00000013) addi zero, zero, 0


mem[X,0x80000E38] -> 0x0013
mem[X,0x80000E3A] -> 0x0000
[914] [M]: 0x80000E38 (0x00000013) addi zero, zero, 0


mem[X,0x80000E3C] -> 0x0013
mem[X,0x80000E3E] -> 0x0000
[915] [M]: 0x80000E3C (0x00000013) addi zero, zero, 0


mem[X,0x80000E40] -> 0xF193
mem[X,0x80000E42] -> 0xFFC1
[916] [M]: 0x80000E40 (0xFFC1F193) andi gp, gp, 4092
x3 <- 0x80000DC8


mem[X,0x80000E44] -> 0x88B3
mem[X,0x80000E46] -> 0x4038
[917] [M]: 0x80000E44 (0x403888B3) sub a7, a7, gp
x17 <- 0x00000043


mem[X,0x80000E48] -> 0xD4C6
[918] [M]: 0x80000E48 (0xD4C6) c.swsp a7, 26
mem[0x8000417C] <- 0x00000043


mem[X,0x80000E4A] -> 0x0013
mem[X,0x80000E4C] -> 0x0000
[919] [M]: 0x80000E4A (0x00000013) addi zero, zero, 0


mem[X,0x80000E4E] -> 0x0013
mem[X,0x80000E50] -> 0x0000
[920] [M]: 0x80000E4E (0x00000013) addi zero, zero, 0


mem[X,0x80000E52] -> 0x0013
mem[X,0x80000E54] -> 0x0000
[921] [M]: 0x80000E52 (0x00000013) addi zero, zero, 0


mem[X,0x80000E56] -> 0x0013
mem[X,0x80000E58] -> 0x0000
[922] [M]: 0x80000E56 (0x00000013) addi zero, zero, 0


mem[X,0x80000E5A] -> 0x0013
mem[X,0x80000E5C] -> 0x0000
[923] [M]: 0x80000E5A (0x00000013) addi zero, zero, 0


mem[X,0x80000E5E] -> 0x0001
[924] [M]: 0x80000E5E (0x0001) c.nop


mem[X,0x80000E60] -> 0x3097
mem[X,0x80000E62] -> 0x0000
[925] [M]: 0x80000E60 (0x00003097) auipc ra, 3
x1 <- 0x80003E60


mem[X,0x80000E64] -> 0x8093
mem[X,0x80000E66] -> 0x3200
[926] [M]: 0x80000E64 (0x32008093) addi ra, ra, 800
x1 <- 0x80004180


mem[X,0x80000E68] -> 0x0013
mem[X,0x80000E6A] -> 0x0000
[927] [M]: 0x80000E68 (0x00000013) addi zero, zero, 0


mem[X,0x80000E6C] -> 0x0013
mem[X,0x80000E6E] -> 0x0000
[928] [M]: 0x80000E6C (0x00000013) addi zero, zero, 0


mem[X,0x80000E70] -> 0x0013
mem[X,0x80000E72] -> 0x0000
[929] [M]: 0x80000E70 (0x00000013) addi zero, zero, 0


mem[X,0x80000E74] -> 0x0013
mem[X,0x80000E76] -> 0x0000
[930] [M]: 0x80000E74 (0x00000013) addi zero, zero, 0


mem[X,0x80000E78] -> 0x0013
mem[X,0x80000E7A] -> 0x0000
[931] [M]: 0x80000E78 (0x00000013) addi zero, zero, 0


mem[X,0x80000E7C] -> 0x0013
mem[X,0x80000E7E] -> 0x0000
[932] [M]: 0x80000E7C (0x00000013) addi zero, zero, 0


mem[X,0x80000E80] -> 0x0117
mem[X,0x80000E82] -> 0x0000
[933] [M]: 0x80000E80 (0x00000117) auipc sp, 0
x2 <- 0x80000E80


mem[X,0x80000E84] -> 0x0113
mem[X,0x80000E86] -> 0x0281
[934] [M]: 0x80000E84 (0x02810113) addi sp, sp, 40
x2 <- 0x80000EA8


mem[X,0x80000E88] -> 0x0013
mem[X,0x80000E8A] -> 0x0000
[935] [M]: 0x80000E88 (0x00000013) addi zero, zero, 0


mem[X,0x80000E8C] -> 0x0013
mem[X,0x80000E8E] -> 0x0000
[936] [M]: 0x80000E8C (0x00000013) addi zero, zero, 0


mem[X,0x80000E90] -> 0x0013
mem[X,0x80000E92] -> 0x0000
[937] [M]: 0x80000E90 (0x00000013) addi zero, zero, 0


mem[X,0x80000E94] -> 0x0013
mem[X,0x80000E96] -> 0x0000
[938] [M]: 0x80000E94 (0x00000013) addi zero, zero, 0


mem[X,0x80000E98] -> 0x0013
mem[X,0x80000E9A] -> 0x0000
[939] [M]: 0x80000E98 (0x00000013) addi zero, zero, 0


mem[X,0x80000E9C] -> 0x0013
mem[X,0x80000E9E] -> 0x0000
[940] [M]: 0x80000E9C (0x00000013) addi zero, zero, 0


mem[X,0x80000EA0] -> 0x8102
[941] [M]: 0x80000EA0 (0x8102) c.jr sp


mem[X,0x80000EA8] -> 0x4113
mem[X,0x80000EAA] -> 0x0031
[942] [M]: 0x80000EA8 (0x00314113) xori sp, sp, 3
x2 <- 0x80000EAB


mem[X,0x80000EAC] -> 0x0013
mem[X,0x80000EAE] -> 0x0000
[943] [M]: 0x80000EAC (0x00000013) addi zero, zero, 0


mem[X,0x80000EB0] -> 0x0013
mem[X,0x80000EB2] -> 0x0000
[944] [M]: 0x80000EB0 (0x00000013) addi zero, zero, 0


mem[X,0x80000EB4] -> 0x0013
mem[X,0x80000EB6] -> 0x0000
[945] [M]: 0x80000EB4 (0x00000013) addi zero, zero, 0


mem[X,0x80000EB8] -> 0x0013
mem[X,0x80000EBA] -> 0x0000
[946] [M]: 0x80000EB8 (0x00000013) addi zero, zero, 0


mem[X,0x80000EBC] -> 0x0013
mem[X,0x80000EBE] -> 0x0000
[947] [M]: 0x80000EBC (0x00000013) addi zero, zero, 0


mem[X,0x80000EC0] -> 0x0197
mem[X,0x80000EC2] -> 0x0000
[948] [M]: 0x80000EC0 (0x00000197) auipc gp, 0
x3 <- 0x80000EC0


mem[X,0x80000EC4] -> 0x8193
mem[X,0x80000EC6] -> 0xFC01
[949] [M]: 0x80000EC4 (0xFC018193) addi gp, gp, 4032
x3 <- 0x80000E80


mem[X,0x80000EC8] -> 0x0013
mem[X,0x80000ECA] -> 0x0000
[950] [M]: 0x80000EC8 (0x00000013) addi zero, zero, 0


mem[X,0x80000ECC] -> 0x0013
mem[X,0x80000ECE] -> 0x0000
[951] [M]: 0x80000ECC (0x00000013) addi zero, zero, 0


mem[X,0x80000ED0] -> 0x0013
mem[X,0x80000ED2] -> 0x0000
[952] [M]: 0x80000ED0 (0x00000013) addi zero, zero, 0


mem[X,0x80000ED4] -> 0x0013
mem[X,0x80000ED6] -> 0x0000
[953] [M]: 0x80000ED4 (0x00000013) addi zero, zero, 0


mem[X,0x80000ED8] -> 0x0013
mem[X,0x80000EDA] -> 0x0000
[954] [M]: 0x80000ED8 (0x00000013) addi zero, zero, 0


mem[X,0x80000EDC] -> 0x0013
mem[X,0x80000EDE] -> 0x0000
[955] [M]: 0x80000EDC (0x00000013) addi zero, zero, 0


mem[X,0x80000EE0] -> 0xF193
mem[X,0x80000EE2] -> 0xFFC1
[956] [M]: 0x80000EE0 (0xFFC1F193) andi gp, gp, 4092
x3 <- 0x80000E80


mem[X,0x80000EE4] -> 0x0133
mem[X,0x80000EE6] -> 0x4031
[957] [M]: 0x80000EE4 (0x40310133) sub sp, sp, gp
x2 <- 0x0000002B


mem[X,0x80000EE8] -> 0xA023
mem[X,0x80000EEA] -> 0x0020
[958] [M]: 0x80000EE8 (0x0020A023) sw sp, 0(ra)
mem[0x80004180] <- 0x0000002B


mem[X,0x80000EEC] -> 0x0013
mem[X,0x80000EEE] -> 0x0000
[959] [M]: 0x80000EEC (0x00000013) addi zero, zero, 0


mem[X,0x80000EF0] -> 0x0013
mem[X,0x80000EF2] -> 0x0000
[960] [M]: 0x80000EF0 (0x00000013) addi zero, zero, 0


mem[X,0x80000EF4] -> 0x0013
mem[X,0x80000EF6] -> 0x0000
[961] [M]: 0x80000EF4 (0x00000013) addi zero, zero, 0


mem[X,0x80000EF8] -> 0x0013
mem[X,0x80000EFA] -> 0x0000
[962] [M]: 0x80000EF8 (0x00000013) addi zero, zero, 0


mem[X,0x80000EFC] -> 0x0013
mem[X,0x80000EFE] -> 0x0000
[963] [M]: 0x80000EFC (0x00000013) addi zero, zero, 0


mem[X,0x80000F00] -> 0x0317
mem[X,0x80000F02] -> 0x0000
[964] [M]: 0x80000F00 (0x00000317) auipc t1, 0
x6 <- 0x80000F00


mem[X,0x80000F04] -> 0x0313
mem[X,0x80000F06] -> 0x0283
[965] [M]: 0x80000F04 (0x02830313) addi t1, t1, 40
x6 <- 0x80000F28


mem[X,0x80000F08] -> 0x0013
mem[X,0x80000F0A] -> 0x0000
[966] [M]: 0x80000F08 (0x00000013) addi zero, zero, 0


mem[X,0x80000F0C] -> 0x0013
mem[X,0x80000F0E] -> 0x0000
[967] [M]: 0x80000F0C (0x00000013) addi zero, zero, 0


mem[X,0x80000F10] -> 0x0013
mem[X,0x80000F12] -> 0x0000
[968] [M]: 0x80000F10 (0x00000013) addi zero, zero, 0


mem[X,0x80000F14] -> 0x0013
mem[X,0x80000F16] -> 0x0000
[969] [M]: 0x80000F14 (0x00000013) addi zero, zero, 0


mem[X,0x80000F18] -> 0x0013
mem[X,0x80000F1A] -> 0x0000
[970] [M]: 0x80000F18 (0x00000013) addi zero, zero, 0


mem[X,0x80000F1C] -> 0x0013
mem[X,0x80000F1E] -> 0x0000
[971] [M]: 0x80000F1C (0x00000013) addi zero, zero, 0


mem[X,0x80000F20] -> 0x8302
[972] [M]: 0x80000F20 (0x8302) c.jr t1


mem[X,0x80000F28] -> 0x4313
mem[X,0x80000F2A] -> 0x0033
[973] [M]: 0x80000F28 (0x00334313) xori t1, t1, 3
x6 <- 0x80000F2B


mem[X,0x80000F2C] -> 0x0013
mem[X,0x80000F2E] -> 0x0000
[974] [M]: 0x80000F2C (0x00000013) addi zero, zero, 0


mem[X,0x80000F30] -> 0x0013
mem[X,0x80000F32] -> 0x0000
[975] [M]: 0x80000F30 (0x00000013) addi zero, zero, 0


mem[X,0x80000F34] -> 0x0013
mem[X,0x80000F36] -> 0x0000
[976] [M]: 0x80000F34 (0x00000013) addi zero, zero, 0


mem[X,0x80000F38] -> 0x0013
mem[X,0x80000F3A] -> 0x0000
[977] [M]: 0x80000F38 (0x00000013) addi zero, zero, 0


mem[X,0x80000F3C] -> 0x0013
mem[X,0x80000F3E] -> 0x0000
[978] [M]: 0x80000F3C (0x00000013) addi zero, zero, 0


mem[X,0x80000F40] -> 0x0197
mem[X,0x80000F42] -> 0x0000
[979] [M]: 0x80000F40 (0x00000197) auipc gp, 0
x3 <- 0x80000F40


mem[X,0x80000F44] -> 0x8193
mem[X,0x80000F46] -> 0xFAC1
[980] [M]: 0x80000F44 (0xFAC18193) addi gp, gp, 4012
x3 <- 0x80000EEC


mem[X,0x80000F48] -> 0x0013
mem[X,0x80000F4A] -> 0x0000
[981] [M]: 0x80000F48 (0x00000013) addi zero, zero, 0


mem[X,0x80000F4C] -> 0x0013
mem[X,0x80000F4E] -> 0x0000
[982] [M]: 0x80000F4C (0x00000013) addi zero, zero, 0


mem[X,0x80000F50] -> 0x0013
mem[X,0x80000F52] -> 0x0000
[983] [M]: 0x80000F50 (0x00000013) addi zero, zero, 0


mem[X,0x80000F54] -> 0x0013
mem[X,0x80000F56] -> 0x0000
[984] [M]: 0x80000F54 (0x00000013) addi zero, zero, 0


mem[X,0x80000F58] -> 0x0013
mem[X,0x80000F5A] -> 0x0000
[985] [M]: 0x80000F58 (0x00000013) addi zero, zero, 0


mem[X,0x80000F5C] -> 0x0013
mem[X,0x80000F5E] -> 0x0000
[986] [M]: 0x80000F5C (0x00000013) addi zero, zero, 0


mem[X,0x80000F60] -> 0xF193
mem[X,0x80000F62] -> 0xFFC1
[987] [M]: 0x80000F60 (0xFFC1F193) andi gp, gp, 4092
x3 <- 0x80000EEC


mem[X,0x80000F64] -> 0x0333
mem[X,0x80000F66] -> 0x4033
[988] [M]: 0x80000F64 (0x40330333) sub t1, t1, gp
x6 <- 0x0000003F


mem[X,0x80000F68] -> 0xA223
mem[X,0x80000F6A] -> 0x0060
[989] [M]: 0x80000F68 (0x0060A223) sw t1, 4(ra)
mem[0x80004184] <- 0x0000003F


mem[X,0x80000F6C] -> 0x0013
mem[X,0x80000F6E] -> 0x0000
[990] [M]: 0x80000F6C (0x00000013) addi zero, zero, 0


mem[X,0x80000F70] -> 0x0013
mem[X,0x80000F72] -> 0x0000
[991] [M]: 0x80000F70 (0x00000013) addi zero, zero, 0


mem[X,0x80000F74] -> 0x0013
mem[X,0x80000F76] -> 0x0000
[992] [M]: 0x80000F74 (0x00000013) addi zero, zero, 0


mem[X,0x80000F78] -> 0x0013
mem[X,0x80000F7A] -> 0x0000
[993] [M]: 0x80000F78 (0x00000013) addi zero, zero, 0


mem[X,0x80000F7C] -> 0x0013
mem[X,0x80000F7E] -> 0x0000
[994] [M]: 0x80000F7C (0x00000013) addi zero, zero, 0


mem[X,0x80000F80] -> 0x0817
mem[X,0x80000F82] -> 0x0000
[995] [M]: 0x80000F80 (0x00000817) auipc a6, 0
x16 <- 0x80000F80


mem[X,0x80000F84] -> 0x0813
mem[X,0x80000F86] -> 0x0288
[996] [M]: 0x80000F84 (0x02880813) addi a6, a6, 40
x16 <- 0x80000FA8


mem[X,0x80000F88] -> 0x0013
mem[X,0x80000F8A] -> 0x0000
[997] [M]: 0x80000F88 (0x00000013) addi zero, zero, 0


mem[X,0x80000F8C] -> 0x0013
mem[X,0x80000F8E] -> 0x0000
[998] [M]: 0x80000F8C (0x00000013) addi zero, zero, 0


mem[X,0x80000F90] -> 0x0013
mem[X,0x80000F92] -> 0x0000
[999] [M]: 0x80000F90 (0x00000013) addi zero, zero, 0


clint::tick mtime <- 0x000000000000000A
 clint timer pending at mtime 0x000000000000000A
htif::tick 0x0000000000000000
mem[X,0x80000F94] -> 0x0013
mem[X,0x80000F96] -> 0x0000
[1000] [M]: 0x80000F94 (0x00000013) addi zero, zero, 0


mem[X,0x80000F98] -> 0x0013
mem[X,0x80000F9A] -> 0x0000
[1001] [M]: 0x80000F98 (0x00000013) addi zero, zero, 0


mem[X,0x80000F9C] -> 0x0013
mem[X,0x80000F9E] -> 0x0000
[1002] [M]: 0x80000F9C (0x00000013) addi zero, zero, 0


mem[X,0x80000FA0] -> 0x8802
[1003] [M]: 0x80000FA0 (0x8802) c.jr a6


mem[X,0x80000FA8] -> 0x4813
mem[X,0x80000FAA] -> 0x0038
[1004] [M]: 0x80000FA8 (0x00384813) xori a6, a6, 3
x16 <- 0x80000FAB


mem[X,0x80000FAC] -> 0x0013
mem[X,0x80000FAE] -> 0x0000
[1005] [M]: 0x80000FAC (0x00000013) addi zero, zero, 0


mem[X,0x80000FB0] -> 0x0013
mem[X,0x80000FB2] -> 0x0000
[1006] [M]: 0x80000FB0 (0x00000013) addi zero, zero, 0


mem[X,0x80000FB4] -> 0x0013
mem[X,0x80000FB6] -> 0x0000
[1007] [M]: 0x80000FB4 (0x00000013) addi zero, zero, 0


mem[X,0x80000FB8] -> 0x0013
mem[X,0x80000FBA] -> 0x0000
[1008] [M]: 0x80000FB8 (0x00000013) addi zero, zero, 0


mem[X,0x80000FBC] -> 0x0013
mem[X,0x80000FBE] -> 0x0000
[1009] [M]: 0x80000FBC (0x00000013) addi zero, zero, 0


mem[X,0x80000FC0] -> 0x0197
mem[X,0x80000FC2] -> 0x0000
[1010] [M]: 0x80000FC0 (0x00000197) auipc gp, 0
x3 <- 0x80000FC0


mem[X,0x80000FC4] -> 0x8193
mem[X,0x80000FC6] -> 0xFAC1
[1011] [M]: 0x80000FC4 (0xFAC18193) addi gp, gp, 4012
x3 <- 0x80000F6C


mem[X,0x80000FC8] -> 0x0013
mem[X,0x80000FCA] -> 0x0000
[1012] [M]: 0x80000FC8 (0x00000013) addi zero, zero, 0


mem[X,0x80000FCC] -> 0x0013
mem[X,0x80000FCE] -> 0x0000
[1013] [M]: 0x80000FCC (0x00000013) addi zero, zero, 0


mem[X,0x80000FD0] -> 0x0013
mem[X,0x80000FD2] -> 0x0000
[1014] [M]: 0x80000FD0 (0x00000013) addi zero, zero, 0


mem[X,0x80000FD4] -> 0x0013
mem[X,0x80000FD6] -> 0x0000
[1015] [M]: 0x80000FD4 (0x00000013) addi zero, zero, 0


mem[X,0x80000FD8] -> 0x0013
mem[X,0x80000FDA] -> 0x0000
[1016] [M]: 0x80000FD8 (0x00000013) addi zero, zero, 0


mem[X,0x80000FDC] -> 0x0013
mem[X,0x80000FDE] -> 0x0000
[1017] [M]: 0x80000FDC (0x00000013) addi zero, zero, 0


mem[X,0x80000FE0] -> 0xF193
mem[X,0x80000FE2] -> 0xFFC1
[1018] [M]: 0x80000FE0 (0xFFC1F193) andi gp, gp, 4092
x3 <- 0x80000F6C


mem[X,0x80000FE4] -> 0x0833
mem[X,0x80000FE6] -> 0x4038
[1019] [M]: 0x80000FE4 (0x40380833) sub a6, a6, gp
x16 <- 0x0000003F


mem[X,0x80000FE8] -> 0xA423
mem[X,0x80000FEA] -> 0x0100
[1020] [M]: 0x80000FE8 (0x0100A423) sw a6, 8(ra)
mem[0x80004188] <- 0x0000003F


mem[X,0x80000FEC] -> 0x0013
mem[X,0x80000FEE] -> 0x0000
[1021] [M]: 0x80000FEC (0x00000013) addi zero, zero, 0


mem[X,0x80000FF0] -> 0x0013
mem[X,0x80000FF2] -> 0x0000
[1022] [M]: 0x80000FF0 (0x00000013) addi zero, zero, 0


mem[X,0x80000FF4] -> 0x0013
mem[X,0x80000FF6] -> 0x0000
[1023] [M]: 0x80000FF4 (0x00000013) addi zero, zero, 0


mem[X,0x80000FF8] -> 0x0013
mem[X,0x80000FFA] -> 0x0000
[1024] [M]: 0x80000FF8 (0x00000013) addi zero, zero, 0


mem[X,0x80000FFC] -> 0x0013
mem[X,0x80000FFE] -> 0x0000
[1025] [M]: 0x80000FFC (0x00000013) addi zero, zero, 0


mem[X,0x80001000] -> 0x0517
mem[X,0x80001002] -> 0x0000
[1026] [M]: 0x80001000 (0x00000517) auipc a0, 0
x10 <- 0x80001000


mem[X,0x80001004] -> 0x0513
mem[X,0x80001006] -> 0x0285
[1027] [M]: 0x80001004 (0x02850513) addi a0, a0, 40
x10 <- 0x80001028


mem[X,0x80001008] -> 0x0013
mem[X,0x8000100A] -> 0x0000
[1028] [M]: 0x80001008 (0x00000013) addi zero, zero, 0


mem[X,0x8000100C] -> 0x0013
mem[X,0x8000100E] -> 0x0000
[1029] [M]: 0x8000100C (0x00000013) addi zero, zero, 0


mem[X,0x80001010] -> 0x0013
mem[X,0x80001012] -> 0x0000
[1030] [M]: 0x80001010 (0x00000013) addi zero, zero, 0


mem[X,0x80001014] -> 0x0013
mem[X,0x80001016] -> 0x0000
[1031] [M]: 0x80001014 (0x00000013) addi zero, zero, 0


mem[X,0x80001018] -> 0x0013
mem[X,0x8000101A] -> 0x0000
[1032] [M]: 0x80001018 (0x00000013) addi zero, zero, 0


mem[X,0x8000101C] -> 0x0013
mem[X,0x8000101E] -> 0x0000
[1033] [M]: 0x8000101C (0x00000013) addi zero, zero, 0


mem[X,0x80001020] -> 0x8502
[1034] [M]: 0x80001020 (0x8502) c.jr a0


mem[X,0x80001028] -> 0x4513
mem[X,0x8000102A] -> 0x0035
[1035] [M]: 0x80001028 (0x00354513) xori a0, a0, 3
x10 <- 0x8000102B


mem[X,0x8000102C] -> 0x0013
mem[X,0x8000102E] -> 0x0000
[1036] [M]: 0x8000102C (0x00000013) addi zero, zero, 0


mem[X,0x80001030] -> 0x0013
mem[X,0x80001032] -> 0x0000
[1037] [M]: 0x80001030 (0x00000013) addi zero, zero, 0


mem[X,0x80001034] -> 0x0013
mem[X,0x80001036] -> 0x0000
[1038] [M]: 0x80001034 (0x00000013) addi zero, zero, 0


mem[X,0x80001038] -> 0x0013
mem[X,0x8000103A] -> 0x0000
[1039] [M]: 0x80001038 (0x00000013) addi zero, zero, 0


mem[X,0x8000103C] -> 0x0013
mem[X,0x8000103E] -> 0x0000
[1040] [M]: 0x8000103C (0x00000013) addi zero, zero, 0


mem[X,0x80001040] -> 0x0197
mem[X,0x80001042] -> 0x0000
[1041] [M]: 0x80001040 (0x00000197) auipc gp, 0
x3 <- 0x80001040


mem[X,0x80001044] -> 0x8193
mem[X,0x80001046] -> 0xFAC1
[1042] [M]: 0x80001044 (0xFAC18193) addi gp, gp, 4012
x3 <- 0x80000FEC


mem[X,0x80001048] -> 0x0013
mem[X,0x8000104A] -> 0x0000
[1043] [M]: 0x80001048 (0x00000013) addi zero, zero, 0


mem[X,0x8000104C] -> 0x0013
mem[X,0x8000104E] -> 0x0000
[1044] [M]: 0x8000104C (0x00000013) addi zero, zero, 0


mem[X,0x80001050] -> 0x0013
mem[X,0x80001052] -> 0x0000
[1045] [M]: 0x80001050 (0x00000013) addi zero, zero, 0


mem[X,0x80001054] -> 0x0013
mem[X,0x80001056] -> 0x0000
[1046] [M]: 0x80001054 (0x00000013) addi zero, zero, 0


mem[X,0x80001058] -> 0x0013
mem[X,0x8000105A] -> 0x0000
[1047] [M]: 0x80001058 (0x00000013) addi zero, zero, 0


mem[X,0x8000105C] -> 0x0013
mem[X,0x8000105E] -> 0x0000
[1048] [M]: 0x8000105C (0x00000013) addi zero, zero, 0


mem[X,0x80001060] -> 0xF193
mem[X,0x80001062] -> 0xFFC1
[1049] [M]: 0x80001060 (0xFFC1F193) andi gp, gp, 4092
x3 <- 0x80000FEC


mem[X,0x80001064] -> 0x0533
mem[X,0x80001066] -> 0x4035
[1050] [M]: 0x80001064 (0x40350533) sub a0, a0, gp
x10 <- 0x0000003F


mem[X,0x80001068] -> 0xA623
mem[X,0x8000106A] -> 0x00A0
[1051] [M]: 0x80001068 (0x00A0A623) sw a0, 12(ra)
mem[0x8000418C] <- 0x0000003F


mem[X,0x8000106C] -> 0x006F
mem[X,0x8000106E] -> 0x0200
[1052] [M]: 0x8000106C (0x0200006F) jal zero, 32


mem[X,0x8000108C] -> 0x4085
[1053] [M]: 0x8000108C (0x4085) c.li ra, 1
x1 <- 0x00000001


mem[X,0x8000108E] -> 0x1F17
mem[X,0x80001090] -> 0x0000
[1054] [M]: 0x8000108E (0x00001F17) auipc t5, 1
x30 <- 0x8000208E


mem[X,0x80001092] -> 0x2923
mem[X,0x80001094] -> 0xF61F
[1055] [M]: 0x80001092 (0xF61F2923) sw ra, 3954(t5)
htif[0x80002000] <- 0x00000001


mem[X,0x80001096] -> 0xBFE5
[1056] [M]: 0x80001096 (0xBFE5) c.j 2044


mem[X,0x8000108E] -> 0x1F17
mem[X,0x80001090] -> 0x0000
[1057] [M]: 0x8000108E (0x00001F17) auipc t5, 1
x30 <- 0x8000208E


mem[X,0x80001092] -> 0x2923
mem[X,0x80001094] -> 0xF61F
[1058] [M]: 0x80001092 (0xF61F2923) sw ra, 3954(t5)
htif[0x80002000] <- 0x00000001


mem[X,0x80001096] -> 0xBFE5
[1059] [M]: 0x80001096 (0xBFE5) c.j 2044


mem[X,0x8000108E] -> 0x1F17
mem[X,0x80001090] -> 0x0000
[1060] [M]: 0x8000108E (0x00001F17) auipc t5, 1
x30 <- 0x8000208E


mem[X,0x80001092] -> 0x2923
mem[X,0x80001094] -> 0xF61F
[1061] [M]: 0x80001092 (0xF61F2923) sw ra, 3954(t5)
htif[0x80002000] <- 0x00000001
htif-syscall-proxy cmd: 0x000000000001

SUCCESS
