using /home/force/Desktop/work/compliance_testing/our_riscv/work/riscof_work/C/src/cjal-01.S/ref/Reference-sail_c_simulator.signature for test-signature output.
[Sail] Allocating new block 0x80000000
tohost located at 0x80003000
[Sail] Allocating new block 0x0

Running file ref.elf.
ELF Entry @ 0x80000000
begin_signature: 0x80005110
end_signature: 0x80005160
CSR mstatus <- 0x00000000 (input: 0x00000000)
mem[X,0x00001000] -> 0x0297
mem[X,0x00001002] -> 0x0000
[0] [M]: 0x00001000 (0x00000297) auipc t0, 0
x5 <- 0x00001000


mem[X,0x00001004] -> 0x8593
mem[X,0x00001006] -> 0x0202
[1] [M]: 0x00001004 (0x02028593) addi a1, t0, 32
x11 <- 0x00001020


mem[X,0x00001008] -> 0x2573
mem[X,0x0000100A] -> 0xF140
[2] [M]: 0x00001008 (0xF1402573) csrrs a0, mhartid, zero
CSR mhartid -> 0x00000000
x10 <- 0x00000000


mem[X,0x0000100C] -> 0xA283
mem[X,0x0000100E] -> 0x0182
[3] [M]: 0x0000100C (0x0182A283) lw t0, 24(t0)
mem[R,0x00001018] -> 0x80000000
x5 <- 0x80000000


mem[X,0x00001010] -> 0x8067
mem[X,0x00001012] -> 0x0002
[4] [M]: 0x00001010 (0x00028067) jalr zero, t0, 0


mem[X,0x80000000] -> 0xC0B7
mem[X,0x80000002] -> 0xFEED
[5] [M]: 0x80000000 (0xFEEDC0B7) lui ra, 1044188
x1 <- 0xFEEDC000


mem[X,0x80000004] -> 0x8093
mem[X,0x80000006] -> 0xEAD0
[6] [M]: 0x80000004 (0xEAD08093) addi ra, ra, 3757
x1 <- 0xFEEDBEAD


mem[X,0x80000008] -> 0xE137
mem[X,0x8000000A] -> 0xFF76
[7] [M]: 0x80000008 (0xFF76E137) lui sp, 1046382
x2 <- 0xFF76E000


mem[X,0x8000000C] -> 0x0113
mem[X,0x8000000E] -> 0xF561
[8] [M]: 0x8000000C (0xF5610113) addi sp, sp, 3926
x2 <- 0xFF76DF56


mem[X,0x80000010] -> 0x71B7
mem[X,0x80000012] -> 0x7FBB
[9] [M]: 0x80000010 (0x7FBB71B7) lui gp, 523191
x3 <- 0x7FBB7000


mem[X,0x80000014] -> 0x8193
mem[X,0x80000016] -> 0xFAB1
[10] [M]: 0x80000014 (0xFAB18193) addi gp, gp, 4011
x3 <- 0x7FBB6FAB


mem[X,0x80000018] -> 0xB237
mem[X,0x8000001A] -> 0xBFDD
[11] [M]: 0x80000018 (0xBFDDB237) lui tp, 785883
x4 <- 0xBFDDB000


mem[X,0x8000001C] -> 0x0213
mem[X,0x8000001E] -> 0x7D52
[12] [M]: 0x8000001C (0x7D520213) addi tp, tp, 2005
x4 <- 0xBFDDB7D5


mem[X,0x80000020] -> 0x0297
mem[X,0x80000022] -> 0x0000
[13] [M]: 0x80000020 (0x00000297) auipc t0, 0
x5 <- 0x80000020


mem[X,0x80000024] -> 0x8293
mem[X,0x80000026] -> 0x0882
[14] [M]: 0x80000024 (0x08828293) addi t0, t0, 136
x5 <- 0x800000A8


mem[X,0x80000028] -> 0x0013
mem[X,0x8000002A] -> 0x0000
[15] [M]: 0x80000028 (0x00000013) addi zero, zero, 0


mem[X,0x8000002C] -> 0x0013
mem[X,0x8000002E] -> 0x0000
[16] [M]: 0x8000002C (0x00000013) addi zero, zero, 0


mem[X,0x80000030] -> 0x0013
mem[X,0x80000032] -> 0x0000
[17] [M]: 0x80000030 (0x00000013) addi zero, zero, 0


mem[X,0x80000034] -> 0x0013
mem[X,0x80000036] -> 0x0000
[18] [M]: 0x80000034 (0x00000013) addi zero, zero, 0


mem[X,0x80000038] -> 0x0013
mem[X,0x8000003A] -> 0x0000
[19] [M]: 0x80000038 (0x00000013) addi zero, zero, 0


mem[X,0x8000003C] -> 0x0013
mem[X,0x8000003E] -> 0x0000
[20] [M]: 0x8000003C (0x00000013) addi zero, zero, 0


mem[X,0x80000040] -> 0x4317
mem[X,0x80000042] -> 0x0000
[21] [M]: 0x80000040 (0x00004317) auipc t1, 4
x6 <- 0x80004040


mem[X,0x80000044] -> 0x0313
mem[X,0x80000046] -> 0xFC03
[22] [M]: 0x80000044 (0xFC030313) addi t1, t1, 4032
x6 <- 0x80004000


mem[X,0x80000048] -> 0x0013
mem[X,0x8000004A] -> 0x0000
[23] [M]: 0x80000048 (0x00000013) addi zero, zero, 0


mem[X,0x8000004C] -> 0x0013
mem[X,0x8000004E] -> 0x0000
[24] [M]: 0x8000004C (0x00000013) addi zero, zero, 0


mem[X,0x80000050] -> 0x0013
mem[X,0x80000052] -> 0x0000
[25] [M]: 0x80000050 (0x00000013) addi zero, zero, 0


mem[X,0x80000054] -> 0x0013
mem[X,0x80000056] -> 0x0000
[26] [M]: 0x80000054 (0x00000013) addi zero, zero, 0


mem[X,0x80000058] -> 0x0013
mem[X,0x8000005A] -> 0x0000
[27] [M]: 0x80000058 (0x00000013) addi zero, zero, 0


mem[X,0x8000005C] -> 0x0013
mem[X,0x8000005E] -> 0x0000
[28] [M]: 0x8000005C (0x00000013) addi zero, zero, 0


mem[X,0x80000060] -> 0xB3B7
mem[X,0x80000062] -> 0xB7FB
[29] [M]: 0x80000060 (0xB7FBB3B7) lui t2, 753595
x7 <- 0xB7FBB000


mem[X,0x80000064] -> 0x8393
mem[X,0x80000066] -> 0x6FA3
[30] [M]: 0x80000064 (0x6FA38393) addi t2, t2, 1786
x7 <- 0xB7FBB6FA


mem[X,0x80000068] -> 0xE437
mem[X,0x8000006A] -> 0x5BFD
[31] [M]: 0x80000068 (0x5BFDE437) lui fp, 376798
x8 <- 0x5BFDE000


mem[X,0x8000006C] -> 0x0413
mem[X,0x8000006E] -> 0xB7D4
[32] [M]: 0x8000006C (0xB7D40413) addi fp, fp, 2941
x8 <- 0x5BFDDB7D


mem[X,0x80000070] -> 0xF4B7
mem[X,0x80000072] -> 0xADFE
[33] [M]: 0x80000070 (0xADFEF4B7) lui s1, 712687
x9 <- 0xADFEF000


mem[X,0x80000074] -> 0x8493
mem[X,0x80000076] -> 0xDBE4
[34] [M]: 0x80000074 (0xDBE48493) addi s1, s1, 3518
x9 <- 0xADFEEDBE


mem[X,0x80000078] -> 0x7537
mem[X,0x8000007A] -> 0x56FF
[35] [M]: 0x80000078 (0x56FF7537) lui a0, 356343
x10 <- 0x56FF7000


mem[X,0x8000007C] -> 0x0513
mem[X,0x8000007E] -> 0x6DF5
[36] [M]: 0x8000007C (0x6DF50513) addi a0, a0, 1759
x10 <- 0x56FF76DF


mem[X,0x80000080] -> 0xC5B7
mem[X,0x80000082] -> 0xAB7F
[37] [M]: 0x80000080 (0xAB7FC5B7) lui a1, 702460
x11 <- 0xAB7FC000


mem[X,0x80000084] -> 0x8593
mem[X,0x80000086] -> 0xB6F5
[38] [M]: 0x80000084 (0xB6F58593) addi a1, a1, 2927
x11 <- 0xAB7FBB6F


mem[X,0x80000088] -> 0xE637
mem[X,0x8000008A] -> 0xD5BF
[39] [M]: 0x80000088 (0xD5BFE637) lui a2, 875518
x12 <- 0xD5BFE000


mem[X,0x8000008C] -> 0x0613
mem[X,0x8000008E] -> 0xDB76
[40] [M]: 0x8000008C (0xDB760613) addi a2, a2, 3511
x12 <- 0xD5BFDDB7


mem[X,0x80000090] -> 0xF6B7
mem[X,0x80000092] -> 0xEADF
[41] [M]: 0x80000090 (0xEADFF6B7) lui a3, 962047
x13 <- 0xEADFF000


mem[X,0x80000094] -> 0x8693
mem[X,0x80000096] -> 0xEDB6
[42] [M]: 0x80000094 (0xEDB68693) addi a3, a3, 3803
x13 <- 0xEADFEEDB


mem[X,0x80000098] -> 0xF737
mem[X,0x8000009A] -> 0xF56F
[43] [M]: 0x80000098 (0xF56FF737) lui a4, 1005311
x14 <- 0xF56FF000


mem[X,0x8000009C] -> 0x0713
mem[X,0x8000009E] -> 0x76D7
[44] [M]: 0x8000009C (0x76D70713) addi a4, a4, 1901
x14 <- 0xF56FF76D


mem[X,0x800000A0] -> 0x07B7
mem[X,0x800000A2] -> 0xFAB8
[45] [M]: 0x800000A0 (0xFAB807B7) lui a5, 1026944
x15 <- 0xFAB80000


mem[X,0x800000A4] -> 0x8793
mem[X,0x800000A6] -> 0xBB67
[46] [M]: 0x800000A4 (0xBB678793) addi a5, a5, 2998
x15 <- 0xFAB7FBB6


mem[X,0x800000A8] -> 0x0013
mem[X,0x800000AA] -> 0x0000
[47] [M]: 0x800000A8 (0x00000013) addi zero, zero, 0


mem[X,0x800000AC] -> 0x0013
mem[X,0x800000AE] -> 0x0000
[48] [M]: 0x800000AC (0x00000013) addi zero, zero, 0


mem[X,0x800000B0] -> 0x0013
mem[X,0x800000B2] -> 0x0000
[49] [M]: 0x800000B0 (0x00000013) addi zero, zero, 0


mem[X,0x800000B4] -> 0x0013
mem[X,0x800000B6] -> 0x0000
[50] [M]: 0x800000B4 (0x00000013) addi zero, zero, 0


mem[X,0x800000B8] -> 0x0013
mem[X,0x800000BA] -> 0x0000
[51] [M]: 0x800000B8 (0x00000013) addi zero, zero, 0


mem[X,0x800000BC] -> 0x0013
mem[X,0x800000BE] -> 0x0000
[52] [M]: 0x800000BC (0x00000013) addi zero, zero, 0


mem[X,0x800000C0] -> 0x5117
mem[X,0x800000C2] -> 0x0000
[53] [M]: 0x800000C0 (0x00005117) auipc sp, 5
x2 <- 0x800050C0


mem[X,0x800000C4] -> 0x0113
mem[X,0x800000C6] -> 0x0541
[54] [M]: 0x800000C4 (0x05410113) addi sp, sp, 84
x2 <- 0x80005114


mem[X,0x800000C8] -> 0x0013
mem[X,0x800000CA] -> 0x0000
[55] [M]: 0x800000C8 (0x00000013) addi zero, zero, 0


mem[X,0x800000CC] -> 0x0013
mem[X,0x800000CE] -> 0x0000
[56] [M]: 0x800000CC (0x00000013) addi zero, zero, 0


mem[X,0x800000D0] -> 0x0013
mem[X,0x800000D2] -> 0x0000
[57] [M]: 0x800000D0 (0x00000013) addi zero, zero, 0


mem[X,0x800000D4] -> 0x0013
mem[X,0x800000D6] -> 0x0000
[58] [M]: 0x800000D4 (0x00000013) addi zero, zero, 0


mem[X,0x800000D8] -> 0x0013
mem[X,0x800000DA] -> 0x0000
[59] [M]: 0x800000D8 (0x00000013) addi zero, zero, 0


mem[X,0x800000DC] -> 0x0013
mem[X,0x800000DE] -> 0x0000
[60] [M]: 0x800000DC (0x00000013) addi zero, zero, 0


mem[X,0x800000E0] -> 0xA029
[61] [M]: 0x800000E0 (0xA029) c.j 5


mem[X,0x800000EA] -> 0x2029
[62] [M]: 0x800000EA (0x2029) c.jal 10
x1 <- 0x800000EC


mem[X,0x800000F4] -> 0xC093
mem[X,0x800000F6] -> 0x0030
[63] [M]: 0x800000F4 (0x0030C093) xori ra, ra, 3
x1 <- 0x800000EF


mem[X,0x800000F8] -> 0x0013
mem[X,0x800000FA] -> 0x0000
[64] [M]: 0x800000F8 (0x00000013) addi zero, zero, 0


mem[X,0x800000FC] -> 0x0013
mem[X,0x800000FE] -> 0x0000
[65] [M]: 0x800000FC (0x00000013) addi zero, zero, 0


mem[X,0x80000100] -> 0x0197
mem[X,0x80000102] -> 0x0000
[66] [M]: 0x80000100 (0x00000197) auipc gp, 0
x3 <- 0x80000100


mem[X,0x80000104] -> 0x8193
mem[X,0x80000106] -> 0xFE01
[67] [M]: 0x80000104 (0xFE018193) addi gp, gp, 4064
x3 <- 0x800000E0


mem[X,0x80000108] -> 0x0013
mem[X,0x8000010A] -> 0x0000
[68] [M]: 0x80000108 (0x00000013) addi zero, zero, 0


mem[X,0x8000010C] -> 0x0013
mem[X,0x8000010E] -> 0x0000
[69] [M]: 0x8000010C (0x00000013) addi zero, zero, 0


mem[X,0x80000110] -> 0x0013
mem[X,0x80000112] -> 0x0000
[70] [M]: 0x80000110 (0x00000013) addi zero, zero, 0


mem[X,0x80000114] -> 0x0013
mem[X,0x80000116] -> 0x0000
[71] [M]: 0x80000114 (0x00000013) addi zero, zero, 0


mem[X,0x80000118] -> 0x0013
mem[X,0x8000011A] -> 0x0000
[72] [M]: 0x80000118 (0x00000013) addi zero, zero, 0


mem[X,0x8000011C] -> 0x0013
mem[X,0x8000011E] -> 0x0000
[73] [M]: 0x8000011C (0x00000013) addi zero, zero, 0


mem[X,0x80000120] -> 0xF193
mem[X,0x80000122] -> 0xFFC1
[74] [M]: 0x80000120 (0xFFC1F193) andi gp, gp, 4092
x3 <- 0x800000E0


mem[X,0x80000124] -> 0x80B3
mem[X,0x80000126] -> 0x4030
[75] [M]: 0x80000124 (0x403080B3) sub ra, ra, gp
x1 <- 0x0000000F


mem[X,0x80000128] -> 0xC006
[76] [M]: 0x80000128 (0xC006) c.swsp ra, 0
mem[0x80005114] <- 0x0000000F


mem[X,0x8000012A] -> 0xA031
[77] [M]: 0x8000012A (0xA031) c.j 6


mem[X,0x80000136] -> 0x3FDD
[78] [M]: 0x80000136 (0x3FDD) c.jal 4086
x1 <- 0x80000138


mem[X,0x8000012C] -> 0xC093
mem[X,0x8000012E] -> 0x0010
[79] [M]: 0x8000012C (0x0010C093) xori ra, ra, 1
x1 <- 0x80000139


mem[X,0x80000130] -> 0x006F
mem[X,0x80000132] -> 0x0140
[80] [M]: 0x80000130 (0x0140006F) jal zero, 20


mem[X,0x80000144] -> 0x0013
mem[X,0x80000146] -> 0x0000
[81] [M]: 0x80000144 (0x00000013) addi zero, zero, 0


mem[X,0x80000148] -> 0x0013
mem[X,0x8000014A] -> 0x0000
[82] [M]: 0x80000148 (0x00000013) addi zero, zero, 0


mem[X,0x8000014C] -> 0x0013
mem[X,0x8000014E] -> 0x0000
[83] [M]: 0x8000014C (0x00000013) addi zero, zero, 0


mem[X,0x80000150] -> 0x0013
mem[X,0x80000152] -> 0x0000
[84] [M]: 0x80000150 (0x00000013) addi zero, zero, 0


mem[X,0x80000154] -> 0x0013
mem[X,0x80000156] -> 0x0000
[85] [M]: 0x80000154 (0x00000013) addi zero, zero, 0


mem[X,0x80000158] -> 0x0013
mem[X,0x8000015A] -> 0x0000
[86] [M]: 0x80000158 (0x00000013) addi zero, zero, 0


mem[X,0x8000015C] -> 0x0013
mem[X,0x8000015E] -> 0x0000
[87] [M]: 0x8000015C (0x00000013) addi zero, zero, 0


mem[X,0x80000160] -> 0x0197
mem[X,0x80000162] -> 0x0000
[88] [M]: 0x80000160 (0x00000197) auipc gp, 0
x3 <- 0x80000160


mem[X,0x80000164] -> 0x8193
mem[X,0x80000166] -> 0xFCA1
[89] [M]: 0x80000164 (0xFCA18193) addi gp, gp, 4042
x3 <- 0x8000012A


mem[X,0x80000168] -> 0x0013
mem[X,0x8000016A] -> 0x0000
[90] [M]: 0x80000168 (0x00000013) addi zero, zero, 0


mem[X,0x8000016C] -> 0x0013
mem[X,0x8000016E] -> 0x0000
[91] [M]: 0x8000016C (0x00000013) addi zero, zero, 0


mem[X,0x80000170] -> 0x0013
mem[X,0x80000172] -> 0x0000
[92] [M]: 0x80000170 (0x00000013) addi zero, zero, 0


mem[X,0x80000174] -> 0x0013
mem[X,0x80000176] -> 0x0000
[93] [M]: 0x80000174 (0x00000013) addi zero, zero, 0


mem[X,0x80000178] -> 0x0013
mem[X,0x8000017A] -> 0x0000
[94] [M]: 0x80000178 (0x00000013) addi zero, zero, 0


mem[X,0x8000017C] -> 0x0013
mem[X,0x8000017E] -> 0x0000
[95] [M]: 0x8000017C (0x00000013) addi zero, zero, 0


mem[X,0x80000180] -> 0xF193
mem[X,0x80000182] -> 0xFFC1
[96] [M]: 0x80000180 (0xFFC1F193) andi gp, gp, 4092
x3 <- 0x80000128


mem[X,0x80000184] -> 0x80B3
mem[X,0x80000186] -> 0x4030
[97] [M]: 0x80000184 (0x403080B3) sub ra, ra, gp
x1 <- 0x00000011


mem[X,0x80000188] -> 0xC206
[98] [M]: 0x80000188 (0xC206) c.swsp ra, 1
mem[0x80005118] <- 0x00000011


mem[X,0x8000018A] -> 0xA029
[99] [M]: 0x8000018A (0xA029) c.j 5


clint::tick mtime <- 0x0000000000000001
 clint timer pending at mtime 0x0000000000000001
htif::tick 0x0000000000000000
mem[X,0x80000194] -> 0x2801
[100] [M]: 0x80000194 (0x2801) c.jal 16
x1 <- 0x80000196


mem[X,0x800001A4] -> 0xC093
mem[X,0x800001A6] -> 0x0030
[101] [M]: 0x800001A4 (0x0030C093) xori ra, ra, 3
x1 <- 0x80000195


mem[X,0x800001A8] -> 0x0013
mem[X,0x800001AA] -> 0x0000
[102] [M]: 0x800001A8 (0x00000013) addi zero, zero, 0


mem[X,0x800001AC] -> 0x0013
mem[X,0x800001AE] -> 0x0000
[103] [M]: 0x800001AC (0x00000013) addi zero, zero, 0


mem[X,0x800001B0] -> 0x0013
mem[X,0x800001B2] -> 0x0000
[104] [M]: 0x800001B0 (0x00000013) addi zero, zero, 0


mem[X,0x800001B4] -> 0x0013
mem[X,0x800001B6] -> 0x0000
[105] [M]: 0x800001B4 (0x00000013) addi zero, zero, 0


mem[X,0x800001B8] -> 0x0013
mem[X,0x800001BA] -> 0x0000
[106] [M]: 0x800001B8 (0x00000013) addi zero, zero, 0


mem[X,0x800001BC] -> 0x0013
mem[X,0x800001BE] -> 0x0000
[107] [M]: 0x800001BC (0x00000013) addi zero, zero, 0


mem[X,0x800001C0] -> 0x0197
mem[X,0x800001C2] -> 0x0000
[108] [M]: 0x800001C0 (0x00000197) auipc gp, 0
x3 <- 0x800001C0


mem[X,0x800001C4] -> 0x8193
mem[X,0x800001C6] -> 0xFCA1
[109] [M]: 0x800001C4 (0xFCA18193) addi gp, gp, 4042
x3 <- 0x8000018A


mem[X,0x800001C8] -> 0x0013
mem[X,0x800001CA] -> 0x0000
[110] [M]: 0x800001C8 (0x00000013) addi zero, zero, 0


mem[X,0x800001CC] -> 0x0013
mem[X,0x800001CE] -> 0x0000
[111] [M]: 0x800001CC (0x00000013) addi zero, zero, 0


mem[X,0x800001D0] -> 0x0013
mem[X,0x800001D2] -> 0x0000
[112] [M]: 0x800001D0 (0x00000013) addi zero, zero, 0


mem[X,0x800001D4] -> 0x0013
mem[X,0x800001D6] -> 0x0000
[113] [M]: 0x800001D4 (0x00000013) addi zero, zero, 0


mem[X,0x800001D8] -> 0x0013
mem[X,0x800001DA] -> 0x0000
[114] [M]: 0x800001D8 (0x00000013) addi zero, zero, 0


mem[X,0x800001DC] -> 0x0013
mem[X,0x800001DE] -> 0x0000
[115] [M]: 0x800001DC (0x00000013) addi zero, zero, 0


mem[X,0x800001E0] -> 0xF193
mem[X,0x800001E2] -> 0xFFC1
[116] [M]: 0x800001E0 (0xFFC1F193) andi gp, gp, 4092
x3 <- 0x80000188


mem[X,0x800001E4] -> 0x80B3
mem[X,0x800001E6] -> 0x4030
[117] [M]: 0x800001E4 (0x403080B3) sub ra, ra, gp
x1 <- 0x0000000D


mem[X,0x800001E8] -> 0xC406
[118] [M]: 0x800001E8 (0xC406) c.swsp ra, 2
mem[0x8000511C] <- 0x0000000D


mem[X,0x800001EA] -> 0xA029
[119] [M]: 0x800001EA (0xA029) c.j 5


mem[X,0x800001F4] -> 0x2005
[120] [M]: 0x800001F4 (0x2005) c.jal 32
x1 <- 0x800001F6


mem[X,0x80000214] -> 0xC093
mem[X,0x80000216] -> 0x0030
[121] [M]: 0x80000214 (0x0030C093) xori ra, ra, 3
x1 <- 0x800001F5


mem[X,0x80000218] -> 0x0013
mem[X,0x8000021A] -> 0x0000
[122] [M]: 0x80000218 (0x00000013) addi zero, zero, 0


mem[X,0x8000021C] -> 0x0013
mem[X,0x8000021E] -> 0x0000
[123] [M]: 0x8000021C (0x00000013) addi zero, zero, 0


mem[X,0x80000220] -> 0x0197
mem[X,0x80000222] -> 0x0000
[124] [M]: 0x80000220 (0x00000197) auipc gp, 0
x3 <- 0x80000220


mem[X,0x80000224] -> 0x8193
mem[X,0x80000226] -> 0xFCA1
[125] [M]: 0x80000224 (0xFCA18193) addi gp, gp, 4042
x3 <- 0x800001EA


mem[X,0x80000228] -> 0x0013
mem[X,0x8000022A] -> 0x0000
[126] [M]: 0x80000228 (0x00000013) addi zero, zero, 0


mem[X,0x8000022C] -> 0x0013
mem[X,0x8000022E] -> 0x0000
[127] [M]: 0x8000022C (0x00000013) addi zero, zero, 0


mem[X,0x80000230] -> 0x0013
mem[X,0x80000232] -> 0x0000
[128] [M]: 0x80000230 (0x00000013) addi zero, zero, 0


mem[X,0x80000234] -> 0x0013
mem[X,0x80000236] -> 0x0000
[129] [M]: 0x80000234 (0x00000013) addi zero, zero, 0


mem[X,0x80000238] -> 0x0013
mem[X,0x8000023A] -> 0x0000
[130] [M]: 0x80000238 (0x00000013) addi zero, zero, 0


mem[X,0x8000023C] -> 0x0013
mem[X,0x8000023E] -> 0x0000
[131] [M]: 0x8000023C (0x00000013) addi zero, zero, 0


mem[X,0x80000240] -> 0xF193
mem[X,0x80000242] -> 0xFFC1
[132] [M]: 0x80000240 (0xFFC1F193) andi gp, gp, 4092
x3 <- 0x800001E8


mem[X,0x80000244] -> 0x80B3
mem[X,0x80000246] -> 0x4030
[133] [M]: 0x80000244 (0x403080B3) sub ra, ra, gp
x1 <- 0x0000000D


mem[X,0x80000248] -> 0xC606
[134] [M]: 0x80000248 (0xC606) c.swsp ra, 3
mem[0x80005120] <- 0x0000000D


mem[X,0x8000024A] -> 0xA029
[135] [M]: 0x8000024A (0xA029) c.j 5


mem[X,0x80000254] -> 0x2081
[136] [M]: 0x80000254 (0x2081) c.jal 64
x1 <- 0x80000256


mem[X,0x80000294] -> 0xC093
mem[X,0x80000296] -> 0x0030
[137] [M]: 0x80000294 (0x0030C093) xori ra, ra, 3
x1 <- 0x80000255


mem[X,0x80000298] -> 0x0013
mem[X,0x8000029A] -> 0x0000
[138] [M]: 0x80000298 (0x00000013) addi zero, zero, 0


mem[X,0x8000029C] -> 0x0013
mem[X,0x8000029E] -> 0x0000
[139] [M]: 0x8000029C (0x00000013) addi zero, zero, 0


mem[X,0x800002A0] -> 0x0197
mem[X,0x800002A2] -> 0x0000
[140] [M]: 0x800002A0 (0x00000197) auipc gp, 0
x3 <- 0x800002A0


mem[X,0x800002A4] -> 0x8193
mem[X,0x800002A6] -> 0xFAA1
[141] [M]: 0x800002A4 (0xFAA18193) addi gp, gp, 4010
x3 <- 0x8000024A


mem[X,0x800002A8] -> 0x0013
mem[X,0x800002AA] -> 0x0000
[142] [M]: 0x800002A8 (0x00000013) addi zero, zero, 0


mem[X,0x800002AC] -> 0x0013
mem[X,0x800002AE] -> 0x0000
[143] [M]: 0x800002AC (0x00000013) addi zero, zero, 0


mem[X,0x800002B0] -> 0x0013
mem[X,0x800002B2] -> 0x0000
[144] [M]: 0x800002B0 (0x00000013) addi zero, zero, 0


mem[X,0x800002B4] -> 0x0013
mem[X,0x800002B6] -> 0x0000
[145] [M]: 0x800002B4 (0x00000013) addi zero, zero, 0


mem[X,0x800002B8] -> 0x0013
mem[X,0x800002BA] -> 0x0000
[146] [M]: 0x800002B8 (0x00000013) addi zero, zero, 0


mem[X,0x800002BC] -> 0x0013
mem[X,0x800002BE] -> 0x0000
[147] [M]: 0x800002BC (0x00000013) addi zero, zero, 0


mem[X,0x800002C0] -> 0xF193
mem[X,0x800002C2] -> 0xFFC1
[148] [M]: 0x800002C0 (0xFFC1F193) andi gp, gp, 4092
x3 <- 0x80000248


mem[X,0x800002C4] -> 0x80B3
mem[X,0x800002C6] -> 0x4030
[149] [M]: 0x800002C4 (0x403080B3) sub ra, ra, gp
x1 <- 0x0000000D


mem[X,0x800002C8] -> 0xC806
[150] [M]: 0x800002C8 (0xC806) c.swsp ra, 4
mem[0x80005124] <- 0x0000000D


mem[X,0x800002CA] -> 0xA029
[151] [M]: 0x800002CA (0xA029) c.j 5


mem[X,0x800002D4] -> 0x2041
[152] [M]: 0x800002D4 (0x2041) c.jal 128
x1 <- 0x800002D6


mem[X,0x80000354] -> 0xC093
mem[X,0x80000356] -> 0x0030
[153] [M]: 0x80000354 (0x0030C093) xori ra, ra, 3
x1 <- 0x800002D5


mem[X,0x80000358] -> 0x0013
mem[X,0x8000035A] -> 0x0000
[154] [M]: 0x80000358 (0x00000013) addi zero, zero, 0


mem[X,0x8000035C] -> 0x0013
mem[X,0x8000035E] -> 0x0000
[155] [M]: 0x8000035C (0x00000013) addi zero, zero, 0


mem[X,0x80000360] -> 0x0197
mem[X,0x80000362] -> 0x0000
[156] [M]: 0x80000360 (0x00000197) auipc gp, 0
x3 <- 0x80000360


mem[X,0x80000364] -> 0x8193
mem[X,0x80000366] -> 0xF6A1
[157] [M]: 0x80000364 (0xF6A18193) addi gp, gp, 3946
x3 <- 0x800002CA


mem[X,0x80000368] -> 0x0013
mem[X,0x8000036A] -> 0x0000
[158] [M]: 0x80000368 (0x00000013) addi zero, zero, 0


mem[X,0x8000036C] -> 0x0013
mem[X,0x8000036E] -> 0x0000
[159] [M]: 0x8000036C (0x00000013) addi zero, zero, 0


mem[X,0x80000370] -> 0x0013
mem[X,0x80000372] -> 0x0000
[160] [M]: 0x80000370 (0x00000013) addi zero, zero, 0


mem[X,0x80000374] -> 0x0013
mem[X,0x80000376] -> 0x0000
[161] [M]: 0x80000374 (0x00000013) addi zero, zero, 0


mem[X,0x80000378] -> 0x0013
mem[X,0x8000037A] -> 0x0000
[162] [M]: 0x80000378 (0x00000013) addi zero, zero, 0


mem[X,0x8000037C] -> 0x0013
mem[X,0x8000037E] -> 0x0000
[163] [M]: 0x8000037C (0x00000013) addi zero, zero, 0


mem[X,0x80000380] -> 0xF193
mem[X,0x80000382] -> 0xFFC1
[164] [M]: 0x80000380 (0xFFC1F193) andi gp, gp, 4092
x3 <- 0x800002C8


mem[X,0x80000384] -> 0x80B3
mem[X,0x80000386] -> 0x4030
[165] [M]: 0x80000384 (0x403080B3) sub ra, ra, gp
x1 <- 0x0000000D


mem[X,0x80000388] -> 0xCA06
[166] [M]: 0x80000388 (0xCA06) c.swsp ra, 5
mem[0x80005128] <- 0x0000000D


mem[X,0x8000038A] -> 0xA029
[167] [M]: 0x8000038A (0xA029) c.j 5


mem[X,0x80000394] -> 0x2201
[168] [M]: 0x80000394 (0x2201) c.jal 256
x1 <- 0x80000396


mem[X,0x80000494] -> 0xC093
mem[X,0x80000496] -> 0x0030
[169] [M]: 0x80000494 (0x0030C093) xori ra, ra, 3
x1 <- 0x80000395


mem[X,0x80000498] -> 0x0013
mem[X,0x8000049A] -> 0x0000
[170] [M]: 0x80000498 (0x00000013) addi zero, zero, 0


mem[X,0x8000049C] -> 0x0013
mem[X,0x8000049E] -> 0x0000
[171] [M]: 0x8000049C (0x00000013) addi zero, zero, 0


mem[X,0x800004A0] -> 0x0197
mem[X,0x800004A2] -> 0x0000
[172] [M]: 0x800004A0 (0x00000197) auipc gp, 0
x3 <- 0x800004A0


mem[X,0x800004A4] -> 0x8193
mem[X,0x800004A6] -> 0xEEA1
[173] [M]: 0x800004A4 (0xEEA18193) addi gp, gp, 3818
x3 <- 0x8000038A


mem[X,0x800004A8] -> 0x0013
mem[X,0x800004AA] -> 0x0000
[174] [M]: 0x800004A8 (0x00000013) addi zero, zero, 0


mem[X,0x800004AC] -> 0x0013
mem[X,0x800004AE] -> 0x0000
[175] [M]: 0x800004AC (0x00000013) addi zero, zero, 0


mem[X,0x800004B0] -> 0x0013
mem[X,0x800004B2] -> 0x0000
[176] [M]: 0x800004B0 (0x00000013) addi zero, zero, 0


mem[X,0x800004B4] -> 0x0013
mem[X,0x800004B6] -> 0x0000
[177] [M]: 0x800004B4 (0x00000013) addi zero, zero, 0


mem[X,0x800004B8] -> 0x0013
mem[X,0x800004BA] -> 0x0000
[178] [M]: 0x800004B8 (0x00000013) addi zero, zero, 0


mem[X,0x800004BC] -> 0x0013
mem[X,0x800004BE] -> 0x0000
[179] [M]: 0x800004BC (0x00000013) addi zero, zero, 0


mem[X,0x800004C0] -> 0xF193
mem[X,0x800004C2] -> 0xFFC1
[180] [M]: 0x800004C0 (0xFFC1F193) andi gp, gp, 4092
x3 <- 0x80000388


mem[X,0x800004C4] -> 0x80B3
mem[X,0x800004C6] -> 0x4030
[181] [M]: 0x800004C4 (0x403080B3) sub ra, ra, gp
x1 <- 0x0000000D


mem[X,0x800004C8] -> 0xCC06
[182] [M]: 0x800004C8 (0xCC06) c.swsp ra, 6
mem[0x8000512C] <- 0x0000000D


mem[X,0x800004CA] -> 0xA029
[183] [M]: 0x800004CA (0xA029) c.j 5


mem[X,0x800004D4] -> 0x2401
[184] [M]: 0x800004D4 (0x2401) c.jal 512
x1 <- 0x800004D6


mem[X,0x800006D4] -> 0xC093
mem[X,0x800006D6] -> 0x0030
[185] [M]: 0x800006D4 (0x0030C093) xori ra, ra, 3
x1 <- 0x800004D5


mem[X,0x800006D8] -> 0x0013
mem[X,0x800006DA] -> 0x0000
[186] [M]: 0x800006D8 (0x00000013) addi zero, zero, 0


mem[X,0x800006DC] -> 0x0013
mem[X,0x800006DE] -> 0x0000
[187] [M]: 0x800006DC (0x00000013) addi zero, zero, 0


mem[X,0x800006E0] -> 0x0197
mem[X,0x800006E2] -> 0x0000
[188] [M]: 0x800006E0 (0x00000197) auipc gp, 0
x3 <- 0x800006E0


mem[X,0x800006E4] -> 0x8193
mem[X,0x800006E6] -> 0xDEA1
[189] [M]: 0x800006E4 (0xDEA18193) addi gp, gp, 3562
x3 <- 0x800004CA


mem[X,0x800006E8] -> 0x0013
mem[X,0x800006EA] -> 0x0000
[190] [M]: 0x800006E8 (0x00000013) addi zero, zero, 0


mem[X,0x800006EC] -> 0x0013
mem[X,0x800006EE] -> 0x0000
[191] [M]: 0x800006EC (0x00000013) addi zero, zero, 0


mem[X,0x800006F0] -> 0x0013
mem[X,0x800006F2] -> 0x0000
[192] [M]: 0x800006F0 (0x00000013) addi zero, zero, 0


mem[X,0x800006F4] -> 0x0013
mem[X,0x800006F6] -> 0x0000
[193] [M]: 0x800006F4 (0x00000013) addi zero, zero, 0


mem[X,0x800006F8] -> 0x0013
mem[X,0x800006FA] -> 0x0000
[194] [M]: 0x800006F8 (0x00000013) addi zero, zero, 0


mem[X,0x800006FC] -> 0x0013
mem[X,0x800006FE] -> 0x0000
[195] [M]: 0x800006FC (0x00000013) addi zero, zero, 0


mem[X,0x80000700] -> 0xF193
mem[X,0x80000702] -> 0xFFC1
[196] [M]: 0x80000700 (0xFFC1F193) andi gp, gp, 4092
x3 <- 0x800004C8


mem[X,0x80000704] -> 0x80B3
mem[X,0x80000706] -> 0x4030
[197] [M]: 0x80000704 (0x403080B3) sub ra, ra, gp
x1 <- 0x0000000D


mem[X,0x80000708] -> 0xCE06
[198] [M]: 0x80000708 (0xCE06) c.swsp ra, 7
mem[0x80005130] <- 0x0000000D


mem[X,0x8000070A] -> 0xA029
[199] [M]: 0x8000070A (0xA029) c.j 5


clint::tick mtime <- 0x0000000000000002
 clint timer pending at mtime 0x0000000000000002
htif::tick 0x0000000000000000
mem[X,0x80000714] -> 0x2101
[200] [M]: 0x80000714 (0x2101) c.jal 1024
x1 <- 0x80000716


mem[X,0x80000B14] -> 0xC093
mem[X,0x80000B16] -> 0x0030
[201] [M]: 0x80000B14 (0x0030C093) xori ra, ra, 3
x1 <- 0x80000715


mem[X,0x80000B18] -> 0x0013
mem[X,0x80000B1A] -> 0x0000
[202] [M]: 0x80000B18 (0x00000013) addi zero, zero, 0


mem[X,0x80000B1C] -> 0x0013
mem[X,0x80000B1E] -> 0x0000
[203] [M]: 0x80000B1C (0x00000013) addi zero, zero, 0


mem[X,0x80000B20] -> 0x0197
mem[X,0x80000B22] -> 0x0000
[204] [M]: 0x80000B20 (0x00000197) auipc gp, 0
x3 <- 0x80000B20


mem[X,0x80000B24] -> 0x8193
mem[X,0x80000B26] -> 0xBEA1
[205] [M]: 0x80000B24 (0xBEA18193) addi gp, gp, 3050
x3 <- 0x8000070A


mem[X,0x80000B28] -> 0x0013
mem[X,0x80000B2A] -> 0x0000
[206] [M]: 0x80000B28 (0x00000013) addi zero, zero, 0


mem[X,0x80000B2C] -> 0x0013
mem[X,0x80000B2E] -> 0x0000
[207] [M]: 0x80000B2C (0x00000013) addi zero, zero, 0


mem[X,0x80000B30] -> 0x0013
mem[X,0x80000B32] -> 0x0000
[208] [M]: 0x80000B30 (0x00000013) addi zero, zero, 0


mem[X,0x80000B34] -> 0x0013
mem[X,0x80000B36] -> 0x0000
[209] [M]: 0x80000B34 (0x00000013) addi zero, zero, 0


mem[X,0x80000B38] -> 0x0013
mem[X,0x80000B3A] -> 0x0000
[210] [M]: 0x80000B38 (0x00000013) addi zero, zero, 0


mem[X,0x80000B3C] -> 0x0013
mem[X,0x80000B3E] -> 0x0000
[211] [M]: 0x80000B3C (0x00000013) addi zero, zero, 0


mem[X,0x80000B40] -> 0xF193
mem[X,0x80000B42] -> 0xFFC1
[212] [M]: 0x80000B40 (0xFFC1F193) andi gp, gp, 4092
x3 <- 0x80000708


mem[X,0x80000B44] -> 0x80B3
mem[X,0x80000B46] -> 0x4030
[213] [M]: 0x80000B44 (0x403080B3) sub ra, ra, gp
x1 <- 0x0000000D


mem[X,0x80000B48] -> 0xD006
[214] [M]: 0x80000B48 (0xD006) c.swsp ra, 8
mem[0x80005134] <- 0x0000000D


mem[X,0x80000B4A] -> 0xA811
[215] [M]: 0x80000B4A (0xA811) c.j 10


mem[X,0x80000B5E] -> 0x37FD
[216] [M]: 0x80000B5E (0x37FD) c.jal 4078
x1 <- 0x80000B60


mem[X,0x80000B4C] -> 0xC093
mem[X,0x80000B4E] -> 0x0010
[217] [M]: 0x80000B4C (0x0010C093) xori ra, ra, 1
x1 <- 0x80000B61


mem[X,0x80000B50] -> 0x006F
mem[X,0x80000B52] -> 0x01C0
[218] [M]: 0x80000B50 (0x01C0006F) jal zero, 28


mem[X,0x80000B6C] -> 0x0013
mem[X,0x80000B6E] -> 0x0000
[219] [M]: 0x80000B6C (0x00000013) addi zero, zero, 0


mem[X,0x80000B70] -> 0x0013
mem[X,0x80000B72] -> 0x0000
[220] [M]: 0x80000B70 (0x00000013) addi zero, zero, 0


mem[X,0x80000B74] -> 0x0013
mem[X,0x80000B76] -> 0x0000
[221] [M]: 0x80000B74 (0x00000013) addi zero, zero, 0


mem[X,0x80000B78] -> 0x0013
mem[X,0x80000B7A] -> 0x0000
[222] [M]: 0x80000B78 (0x00000013) addi zero, zero, 0


mem[X,0x80000B7C] -> 0x0013
mem[X,0x80000B7E] -> 0x0000
[223] [M]: 0x80000B7C (0x00000013) addi zero, zero, 0


mem[X,0x80000B80] -> 0x0197
mem[X,0x80000B82] -> 0x0000
[224] [M]: 0x80000B80 (0x00000197) auipc gp, 0
x3 <- 0x80000B80


mem[X,0x80000B84] -> 0x8193
mem[X,0x80000B86] -> 0xFCA1
[225] [M]: 0x80000B84 (0xFCA18193) addi gp, gp, 4042
x3 <- 0x80000B4A


mem[X,0x80000B88] -> 0x0013
mem[X,0x80000B8A] -> 0x0000
[226] [M]: 0x80000B88 (0x00000013) addi zero, zero, 0


mem[X,0x80000B8C] -> 0x0013
mem[X,0x80000B8E] -> 0x0000
[227] [M]: 0x80000B8C (0x00000013) addi zero, zero, 0


mem[X,0x80000B90] -> 0x0013
mem[X,0x80000B92] -> 0x0000
[228] [M]: 0x80000B90 (0x00000013) addi zero, zero, 0


mem[X,0x80000B94] -> 0x0013
mem[X,0x80000B96] -> 0x0000
[229] [M]: 0x80000B94 (0x00000013) addi zero, zero, 0


mem[X,0x80000B98] -> 0x0013
mem[X,0x80000B9A] -> 0x0000
[230] [M]: 0x80000B98 (0x00000013) addi zero, zero, 0


mem[X,0x80000B9C] -> 0x0013
mem[X,0x80000B9E] -> 0x0000
[231] [M]: 0x80000B9C (0x00000013) addi zero, zero, 0


mem[X,0x80000BA0] -> 0xF193
mem[X,0x80000BA2] -> 0xFFC1
[232] [M]: 0x80000BA0 (0xFFC1F193) andi gp, gp, 4092
x3 <- 0x80000B48


mem[X,0x80000BA4] -> 0x80B3
mem[X,0x80000BA6] -> 0x4030
[233] [M]: 0x80000BA4 (0x403080B3) sub ra, ra, gp
x1 <- 0x00000019


mem[X,0x80000BA8] -> 0xD206
[234] [M]: 0x80000BA8 (0xD206) c.swsp ra, 9
mem[0x80005138] <- 0x00000019


mem[X,0x80000BAA] -> 0xA015
[235] [M]: 0x80000BAA (0xA015) c.j 18


mem[X,0x80000BCE] -> 0x3FF9
[236] [M]: 0x80000BCE (0x3FF9) c.jal 4062
x1 <- 0x80000BD0


mem[X,0x80000BAC] -> 0xC093
mem[X,0x80000BAE] -> 0x0010
[237] [M]: 0x80000BAC (0x0010C093) xori ra, ra, 1
x1 <- 0x80000BD1


mem[X,0x80000BB0] -> 0x006F
mem[X,0x80000BB2] -> 0x02C0
[238] [M]: 0x80000BB0 (0x02C0006F) jal zero, 44


mem[X,0x80000BDC] -> 0x0013
mem[X,0x80000BDE] -> 0x0000
[239] [M]: 0x80000BDC (0x00000013) addi zero, zero, 0


mem[X,0x80000BE0] -> 0x0197
mem[X,0x80000BE2] -> 0x0000
[240] [M]: 0x80000BE0 (0x00000197) auipc gp, 0
x3 <- 0x80000BE0


mem[X,0x80000BE4] -> 0x8193
mem[X,0x80000BE6] -> 0xFCA1
[241] [M]: 0x80000BE4 (0xFCA18193) addi gp, gp, 4042
x3 <- 0x80000BAA


mem[X,0x80000BE8] -> 0x0013
mem[X,0x80000BEA] -> 0x0000
[242] [M]: 0x80000BE8 (0x00000013) addi zero, zero, 0


mem[X,0x80000BEC] -> 0x0013
mem[X,0x80000BEE] -> 0x0000
[243] [M]: 0x80000BEC (0x00000013) addi zero, zero, 0


mem[X,0x80000BF0] -> 0x0013
mem[X,0x80000BF2] -> 0x0000
[244] [M]: 0x80000BF0 (0x00000013) addi zero, zero, 0


mem[X,0x80000BF4] -> 0x0013
mem[X,0x80000BF6] -> 0x0000
[245] [M]: 0x80000BF4 (0x00000013) addi zero, zero, 0


mem[X,0x80000BF8] -> 0x0013
mem[X,0x80000BFA] -> 0x0000
[246] [M]: 0x80000BF8 (0x00000013) addi zero, zero, 0


mem[X,0x80000BFC] -> 0x0013
mem[X,0x80000BFE] -> 0x0000
[247] [M]: 0x80000BFC (0x00000013) addi zero, zero, 0


mem[X,0x80000C00] -> 0xF193
mem[X,0x80000C02] -> 0xFFC1
[248] [M]: 0x80000C00 (0xFFC1F193) andi gp, gp, 4092
x3 <- 0x80000BA8


mem[X,0x80000C04] -> 0x80B3
mem[X,0x80000C06] -> 0x4030
[249] [M]: 0x80000C04 (0x403080B3) sub ra, ra, gp
x1 <- 0x00000029


mem[X,0x80000C08] -> 0xD406
[250] [M]: 0x80000C08 (0xD406) c.swsp ra, 10
mem[0x8000513C] <- 0x00000029


mem[X,0x80000C0A] -> 0xA111
[251] [M]: 0x80000C0A (0xA111) c.j 514


mem[X,0x8000100E] -> 0x3EFD
[252] [M]: 0x8000100E (0x3EFD) c.jal 3070
x1 <- 0x80001010


mem[X,0x80000C0C] -> 0xC093
mem[X,0x80000C0E] -> 0x0010
[253] [M]: 0x80000C0C (0x0010C093) xori ra, ra, 1
x1 <- 0x80001011


mem[X,0x80000C10] -> 0x006F
mem[X,0x80000C12] -> 0x40C0
[254] [M]: 0x80000C10 (0x40C0006F) jal zero, 1036


mem[X,0x8000101C] -> 0x0013
mem[X,0x8000101E] -> 0x0000
[255] [M]: 0x8000101C (0x00000013) addi zero, zero, 0


mem[X,0x80001020] -> 0x0197
mem[X,0x80001022] -> 0x0000
[256] [M]: 0x80001020 (0x00000197) auipc gp, 0
x3 <- 0x80001020


mem[X,0x80001024] -> 0x8193
mem[X,0x80001026] -> 0xBEA1
[257] [M]: 0x80001024 (0xBEA18193) addi gp, gp, 3050
x3 <- 0x80000C0A


mem[X,0x80001028] -> 0x0013
mem[X,0x8000102A] -> 0x0000
[258] [M]: 0x80001028 (0x00000013) addi zero, zero, 0


mem[X,0x8000102C] -> 0x0013
mem[X,0x8000102E] -> 0x0000
[259] [M]: 0x8000102C (0x00000013) addi zero, zero, 0


mem[X,0x80001030] -> 0x0013
mem[X,0x80001032] -> 0x0000
[260] [M]: 0x80001030 (0x00000013) addi zero, zero, 0


mem[X,0x80001034] -> 0x0013
mem[X,0x80001036] -> 0x0000
[261] [M]: 0x80001034 (0x00000013) addi zero, zero, 0


mem[X,0x80001038] -> 0x0013
mem[X,0x8000103A] -> 0x0000
[262] [M]: 0x80001038 (0x00000013) addi zero, zero, 0


mem[X,0x8000103C] -> 0x0013
mem[X,0x8000103E] -> 0x0000
[263] [M]: 0x8000103C (0x00000013) addi zero, zero, 0


mem[X,0x80001040] -> 0xF193
mem[X,0x80001042] -> 0xFFC1
[264] [M]: 0x80001040 (0xFFC1F193) andi gp, gp, 4092
x3 <- 0x80000C08


mem[X,0x80001044] -> 0x80B3
mem[X,0x80001046] -> 0x4030
[265] [M]: 0x80001044 (0x403080B3) sub ra, ra, gp
x1 <- 0x00000409


mem[X,0x80001048] -> 0xD606
[266] [M]: 0x80001048 (0xD606) c.swsp ra, 11
mem[0x80005140] <- 0x00000409


mem[X,0x8000104A] -> 0xABA1
[267] [M]: 0x8000104A (0xABA1) c.j 684


mem[X,0x800015A2] -> 0x346D
[268] [M]: 0x800015A2 (0x346D) c.jal 2730
x1 <- 0x800015A4


mem[X,0x8000104C] -> 0xC093
mem[X,0x8000104E] -> 0x0010
[269] [M]: 0x8000104C (0x0010C093) xori ra, ra, 1
x1 <- 0x800015A5


mem[X,0x80001050] -> 0x006F
mem[X,0x80001052] -> 0x5600
[270] [M]: 0x80001050 (0x5600006F) jal zero, 1376


mem[X,0x800015B0] -> 0x0013
mem[X,0x800015B2] -> 0x0000
[271] [M]: 0x800015B0 (0x00000013) addi zero, zero, 0


mem[X,0x800015B4] -> 0x0013
mem[X,0x800015B6] -> 0x0000
[272] [M]: 0x800015B4 (0x00000013) addi zero, zero, 0


mem[X,0x800015B8] -> 0x0013
mem[X,0x800015BA] -> 0x0000
[273] [M]: 0x800015B8 (0x00000013) addi zero, zero, 0


mem[X,0x800015BC] -> 0x0013
mem[X,0x800015BE] -> 0x0000
[274] [M]: 0x800015BC (0x00000013) addi zero, zero, 0


mem[X,0x800015C0] -> 0x0197
mem[X,0x800015C2] -> 0x0000
[275] [M]: 0x800015C0 (0x00000197) auipc gp, 0
x3 <- 0x800015C0


mem[X,0x800015C4] -> 0x8193
mem[X,0x800015C6] -> 0xA8A1
[276] [M]: 0x800015C4 (0xA8A18193) addi gp, gp, 2698
x3 <- 0x8000104A


mem[X,0x800015C8] -> 0x0013
mem[X,0x800015CA] -> 0x0000
[277] [M]: 0x800015C8 (0x00000013) addi zero, zero, 0


mem[X,0x800015CC] -> 0x0013
mem[X,0x800015CE] -> 0x0000
[278] [M]: 0x800015CC (0x00000013) addi zero, zero, 0


mem[X,0x800015D0] -> 0x0013
mem[X,0x800015D2] -> 0x0000
[279] [M]: 0x800015D0 (0x00000013) addi zero, zero, 0


mem[X,0x800015D4] -> 0x0013
mem[X,0x800015D6] -> 0x0000
[280] [M]: 0x800015D4 (0x00000013) addi zero, zero, 0


mem[X,0x800015D8] -> 0x0013
mem[X,0x800015DA] -> 0x0000
[281] [M]: 0x800015D8 (0x00000013) addi zero, zero, 0


mem[X,0x800015DC] -> 0x0013
mem[X,0x800015DE] -> 0x0000
[282] [M]: 0x800015DC (0x00000013) addi zero, zero, 0


mem[X,0x800015E0] -> 0xF193
mem[X,0x800015E2] -> 0xFFC1
[283] [M]: 0x800015E0 (0xFFC1F193) andi gp, gp, 4092
x3 <- 0x80001048


mem[X,0x800015E4] -> 0x80B3
mem[X,0x800015E6] -> 0x4030
[284] [M]: 0x800015E4 (0x403080B3) sub ra, ra, gp
x1 <- 0x0000055D


mem[X,0x800015E8] -> 0xD806
[285] [M]: 0x800015E8 (0xD806) c.swsp ra, 12
mem[0x80005144] <- 0x0000055D


mem[X,0x800015EA] -> 0xA029
[286] [M]: 0x800015EA (0xA029) c.j 5


mem[X,0x800015F4] -> 0x2B91
[287] [M]: 0x800015F4 (0x2B91) c.jal 1364
x1 <- 0x800015F6


mem[X,0x80001B48] -> 0xC093
mem[X,0x80001B4A] -> 0x0030
[288] [M]: 0x80001B48 (0x0030C093) xori ra, ra, 3
x1 <- 0x800015F5


mem[X,0x80001B4C] -> 0x0013
mem[X,0x80001B4E] -> 0x0000
[289] [M]: 0x80001B4C (0x00000013) addi zero, zero, 0


mem[X,0x80001B50] -> 0x0013
mem[X,0x80001B52] -> 0x0000
[290] [M]: 0x80001B50 (0x00000013) addi zero, zero, 0


mem[X,0x80001B54] -> 0x0013
mem[X,0x80001B56] -> 0x0000
[291] [M]: 0x80001B54 (0x00000013) addi zero, zero, 0


mem[X,0x80001B58] -> 0x0013
mem[X,0x80001B5A] -> 0x0000
[292] [M]: 0x80001B58 (0x00000013) addi zero, zero, 0


mem[X,0x80001B5C] -> 0x0013
mem[X,0x80001B5E] -> 0x0000
[293] [M]: 0x80001B5C (0x00000013) addi zero, zero, 0


mem[X,0x80001B60] -> 0x0197
mem[X,0x80001B62] -> 0x0000
[294] [M]: 0x80001B60 (0x00000197) auipc gp, 0
x3 <- 0x80001B60


mem[X,0x80001B64] -> 0x8193
mem[X,0x80001B66] -> 0xA8A1
[295] [M]: 0x80001B64 (0xA8A18193) addi gp, gp, 2698
x3 <- 0x800015EA


mem[X,0x80001B68] -> 0x0013
mem[X,0x80001B6A] -> 0x0000
[296] [M]: 0x80001B68 (0x00000013) addi zero, zero, 0


mem[X,0x80001B6C] -> 0x0013
mem[X,0x80001B6E] -> 0x0000
[297] [M]: 0x80001B6C (0x00000013) addi zero, zero, 0


mem[X,0x80001B70] -> 0x0013
mem[X,0x80001B72] -> 0x0000
[298] [M]: 0x80001B70 (0x00000013) addi zero, zero, 0


mem[X,0x80001B74] -> 0x0013
mem[X,0x80001B76] -> 0x0000
[299] [M]: 0x80001B74 (0x00000013) addi zero, zero, 0


clint::tick mtime <- 0x0000000000000003
 clint timer pending at mtime 0x0000000000000003
htif::tick 0x0000000000000000
mem[X,0x80001B78] -> 0x0013
mem[X,0x80001B7A] -> 0x0000
[300] [M]: 0x80001B78 (0x00000013) addi zero, zero, 0


mem[X,0x80001B7C] -> 0x0013
mem[X,0x80001B7E] -> 0x0000
[301] [M]: 0x80001B7C (0x00000013) addi zero, zero, 0


mem[X,0x80001B80] -> 0xF193
mem[X,0x80001B82] -> 0xFFC1
[302] [M]: 0x80001B80 (0xFFC1F193) andi gp, gp, 4092
x3 <- 0x800015E8


mem[X,0x80001B84] -> 0x80B3
mem[X,0x80001B86] -> 0x4030
[303] [M]: 0x80001B84 (0x403080B3) sub ra, ra, gp
x1 <- 0x0000000D


mem[X,0x80001B88] -> 0xDA06
[304] [M]: 0x80001B88 (0xDA06) c.swsp ra, 13
mem[0x80005148] <- 0x0000000D


mem[X,0x80001B8A] -> 0xA091
[305] [M]: 0x80001B8A (0xA091) c.j 34


mem[X,0x80001BCE] -> 0x3F7D
[306] [M]: 0x80001BCE (0x3F7D) c.jal 4030
x1 <- 0x80001BD0


mem[X,0x80001B8C] -> 0xC093
mem[X,0x80001B8E] -> 0x0010
[307] [M]: 0x80001B8C (0x0010C093) xori ra, ra, 1
x1 <- 0x80001BD1


mem[X,0x80001B90] -> 0x006F
mem[X,0x80001B92] -> 0x04C0
[308] [M]: 0x80001B90 (0x04C0006F) jal zero, 76


mem[X,0x80001BDC] -> 0x0013
mem[X,0x80001BDE] -> 0x0000
[309] [M]: 0x80001BDC (0x00000013) addi zero, zero, 0


mem[X,0x80001BE0] -> 0x0197
mem[X,0x80001BE2] -> 0x0000
[310] [M]: 0x80001BE0 (0x00000197) auipc gp, 0
x3 <- 0x80001BE0


mem[X,0x80001BE4] -> 0x8193
mem[X,0x80001BE6] -> 0xFAA1
[311] [M]: 0x80001BE4 (0xFAA18193) addi gp, gp, 4010
x3 <- 0x80001B8A


mem[X,0x80001BE8] -> 0x0013
mem[X,0x80001BEA] -> 0x0000
[312] [M]: 0x80001BE8 (0x00000013) addi zero, zero, 0


mem[X,0x80001BEC] -> 0x0013
mem[X,0x80001BEE] -> 0x0000
[313] [M]: 0x80001BEC (0x00000013) addi zero, zero, 0


mem[X,0x80001BF0] -> 0x0013
mem[X,0x80001BF2] -> 0x0000
[314] [M]: 0x80001BF0 (0x00000013) addi zero, zero, 0


mem[X,0x80001BF4] -> 0x0013
mem[X,0x80001BF6] -> 0x0000
[315] [M]: 0x80001BF4 (0x00000013) addi zero, zero, 0


mem[X,0x80001BF8] -> 0x0013
mem[X,0x80001BFA] -> 0x0000
[316] [M]: 0x80001BF8 (0x00000013) addi zero, zero, 0


mem[X,0x80001BFC] -> 0x0013
mem[X,0x80001BFE] -> 0x0000
[317] [M]: 0x80001BFC (0x00000013) addi zero, zero, 0


mem[X,0x80001C00] -> 0xF193
mem[X,0x80001C02] -> 0xFFC1
[318] [M]: 0x80001C00 (0xFFC1F193) andi gp, gp, 4092
x3 <- 0x80001B88


mem[X,0x80001C04] -> 0x80B3
mem[X,0x80001C06] -> 0x4030
[319] [M]: 0x80001C04 (0x403080B3) sub ra, ra, gp
x1 <- 0x00000049


mem[X,0x80001C08] -> 0xDC06
[320] [M]: 0x80001C08 (0xDC06) c.swsp ra, 14
mem[0x8000514C] <- 0x00000049


mem[X,0x80001C0A] -> 0xA051
[321] [M]: 0x80001C0A (0xA051) c.j 66


mem[X,0x80001C8E] -> 0x3FBD
[322] [M]: 0x80001C8E (0x3FBD) c.jal 3966
x1 <- 0x80001C90


mem[X,0x80001C0C] -> 0xC093
mem[X,0x80001C0E] -> 0x0010
[323] [M]: 0x80001C0C (0x0010C093) xori ra, ra, 1
x1 <- 0x80001C91


mem[X,0x80001C10] -> 0x006F
mem[X,0x80001C12] -> 0x08C0
[324] [M]: 0x80001C10 (0x08C0006F) jal zero, 140


mem[X,0x80001C9C] -> 0x0013
mem[X,0x80001C9E] -> 0x0000
[325] [M]: 0x80001C9C (0x00000013) addi zero, zero, 0


mem[X,0x80001CA0] -> 0x0197
mem[X,0x80001CA2] -> 0x0000
[326] [M]: 0x80001CA0 (0x00000197) auipc gp, 0
x3 <- 0x80001CA0


mem[X,0x80001CA4] -> 0x8193
mem[X,0x80001CA6] -> 0xF6A1
[327] [M]: 0x80001CA4 (0xF6A18193) addi gp, gp, 3946
x3 <- 0x80001C0A


mem[X,0x80001CA8] -> 0x0013
mem[X,0x80001CAA] -> 0x0000
[328] [M]: 0x80001CA8 (0x00000013) addi zero, zero, 0


mem[X,0x80001CAC] -> 0x0013
mem[X,0x80001CAE] -> 0x0000
[329] [M]: 0x80001CAC (0x00000013) addi zero, zero, 0


mem[X,0x80001CB0] -> 0x0013
mem[X,0x80001CB2] -> 0x0000
[330] [M]: 0x80001CB0 (0x00000013) addi zero, zero, 0


mem[X,0x80001CB4] -> 0x0013
mem[X,0x80001CB6] -> 0x0000
[331] [M]: 0x80001CB4 (0x00000013) addi zero, zero, 0


mem[X,0x80001CB8] -> 0x0013
mem[X,0x80001CBA] -> 0x0000
[332] [M]: 0x80001CB8 (0x00000013) addi zero, zero, 0


mem[X,0x80001CBC] -> 0x0013
mem[X,0x80001CBE] -> 0x0000
[333] [M]: 0x80001CBC (0x00000013) addi zero, zero, 0


mem[X,0x80001CC0] -> 0xF193
mem[X,0x80001CC2] -> 0xFFC1
[334] [M]: 0x80001CC0 (0xFFC1F193) andi gp, gp, 4092
x3 <- 0x80001C08


mem[X,0x80001CC4] -> 0x80B3
mem[X,0x80001CC6] -> 0x4030
[335] [M]: 0x80001CC4 (0x403080B3) sub ra, ra, gp
x1 <- 0x00000089


mem[X,0x80001CC8] -> 0xDE06
[336] [M]: 0x80001CC8 (0xDE06) c.swsp ra, 15
mem[0x80005150] <- 0x00000089


mem[X,0x80001CCA] -> 0xA211
[337] [M]: 0x80001CCA (0xA211) c.j 130


mem[X,0x80001DCE] -> 0x3DFD
[338] [M]: 0x80001DCE (0x3DFD) c.jal 3838
x1 <- 0x80001DD0


mem[X,0x80001CCC] -> 0xC093
mem[X,0x80001CCE] -> 0x0010
[339] [M]: 0x80001CCC (0x0010C093) xori ra, ra, 1
x1 <- 0x80001DD1


mem[X,0x80001CD0] -> 0x006F
mem[X,0x80001CD2] -> 0x10C0
[340] [M]: 0x80001CD0 (0x10C0006F) jal zero, 268


mem[X,0x80001DDC] -> 0x0013
mem[X,0x80001DDE] -> 0x0000
[341] [M]: 0x80001DDC (0x00000013) addi zero, zero, 0


mem[X,0x80001DE0] -> 0x0197
mem[X,0x80001DE2] -> 0x0000
[342] [M]: 0x80001DE0 (0x00000197) auipc gp, 0
x3 <- 0x80001DE0


mem[X,0x80001DE4] -> 0x8193
mem[X,0x80001DE6] -> 0xEEA1
[343] [M]: 0x80001DE4 (0xEEA18193) addi gp, gp, 3818
x3 <- 0x80001CCA


mem[X,0x80001DE8] -> 0x0013
mem[X,0x80001DEA] -> 0x0000
[344] [M]: 0x80001DE8 (0x00000013) addi zero, zero, 0


mem[X,0x80001DEC] -> 0x0013
mem[X,0x80001DEE] -> 0x0000
[345] [M]: 0x80001DEC (0x00000013) addi zero, zero, 0


mem[X,0x80001DF0] -> 0x0013
mem[X,0x80001DF2] -> 0x0000
[346] [M]: 0x80001DF0 (0x00000013) addi zero, zero, 0


mem[X,0x80001DF4] -> 0x0013
mem[X,0x80001DF6] -> 0x0000
[347] [M]: 0x80001DF4 (0x00000013) addi zero, zero, 0


mem[X,0x80001DF8] -> 0x0013
mem[X,0x80001DFA] -> 0x0000
[348] [M]: 0x80001DF8 (0x00000013) addi zero, zero, 0


mem[X,0x80001DFC] -> 0x0013
mem[X,0x80001DFE] -> 0x0000
[349] [M]: 0x80001DFC (0x00000013) addi zero, zero, 0


mem[X,0x80001E00] -> 0xF193
mem[X,0x80001E02] -> 0xFFC1
[350] [M]: 0x80001E00 (0xFFC1F193) andi gp, gp, 4092
x3 <- 0x80001CC8


mem[X,0x80001E04] -> 0x80B3
mem[X,0x80001E06] -> 0x4030
[351] [M]: 0x80001E04 (0x403080B3) sub ra, ra, gp
x1 <- 0x00000109


mem[X,0x80001E08] -> 0xC086
[352] [M]: 0x80001E08 (0xC086) c.swsp ra, 16
mem[0x80005154] <- 0x00000109


mem[X,0x80001E0A] -> 0xA411
[353] [M]: 0x80001E0A (0xA411) c.j 258


mem[X,0x8000200E] -> 0x3BFD
[354] [M]: 0x8000200E (0x3BFD) c.jal 3582
x1 <- 0x80002010


mem[X,0x80001E0C] -> 0xC093
mem[X,0x80001E0E] -> 0x0010
[355] [M]: 0x80001E0C (0x0010C093) xori ra, ra, 1
x1 <- 0x80002011


mem[X,0x80001E10] -> 0x006F
mem[X,0x80001E12] -> 0x20C0
[356] [M]: 0x80001E10 (0x20C0006F) jal zero, 524


mem[X,0x8000201C] -> 0x0013
mem[X,0x8000201E] -> 0x0000
[357] [M]: 0x8000201C (0x00000013) addi zero, zero, 0


mem[X,0x80002020] -> 0x0197
mem[X,0x80002022] -> 0x0000
[358] [M]: 0x80002020 (0x00000197) auipc gp, 0
x3 <- 0x80002020


mem[X,0x80002024] -> 0x8193
mem[X,0x80002026] -> 0xDEA1
[359] [M]: 0x80002024 (0xDEA18193) addi gp, gp, 3562
x3 <- 0x80001E0A


mem[X,0x80002028] -> 0x0013
mem[X,0x8000202A] -> 0x0000
[360] [M]: 0x80002028 (0x00000013) addi zero, zero, 0


mem[X,0x8000202C] -> 0x0013
mem[X,0x8000202E] -> 0x0000
[361] [M]: 0x8000202C (0x00000013) addi zero, zero, 0


mem[X,0x80002030] -> 0x0013
mem[X,0x80002032] -> 0x0000
[362] [M]: 0x80002030 (0x00000013) addi zero, zero, 0


mem[X,0x80002034] -> 0x0013
mem[X,0x80002036] -> 0x0000
[363] [M]: 0x80002034 (0x00000013) addi zero, zero, 0


mem[X,0x80002038] -> 0x0013
mem[X,0x8000203A] -> 0x0000
[364] [M]: 0x80002038 (0x00000013) addi zero, zero, 0


mem[X,0x8000203C] -> 0x0013
mem[X,0x8000203E] -> 0x0000
[365] [M]: 0x8000203C (0x00000013) addi zero, zero, 0


mem[X,0x80002040] -> 0xF193
mem[X,0x80002042] -> 0xFFC1
[366] [M]: 0x80002040 (0xFFC1F193) andi gp, gp, 4092
x3 <- 0x80001E08


mem[X,0x80002044] -> 0x80B3
mem[X,0x80002046] -> 0x4030
[367] [M]: 0x80002044 (0x403080B3) sub ra, ra, gp
x1 <- 0x00000209


mem[X,0x80002048] -> 0xC286
[368] [M]: 0x80002048 (0xC286) c.swsp ra, 17
mem[0x80005158] <- 0x00000209


mem[X,0x8000204A] -> 0x006F
mem[X,0x8000204C] -> 0x0200
[369] [M]: 0x8000204A (0x0200006F) jal zero, 32


mem[X,0x8000206A] -> 0x4085
[370] [M]: 0x8000206A (0x4085) c.li ra, 1
x1 <- 0x00000001


mem[X,0x8000206C] -> 0x1F17
mem[X,0x8000206E] -> 0x0000
[371] [M]: 0x8000206C (0x00001F17) auipc t5, 1
x30 <- 0x8000306C


mem[X,0x80002070] -> 0x2A23
mem[X,0x80002072] -> 0xF81F
[372] [M]: 0x80002070 (0xF81F2A23) sw ra, 3988(t5)
htif[0x80003000] <- 0x00000001


mem[X,0x80002074] -> 0xBFE5
[373] [M]: 0x80002074 (0xBFE5) c.j 2044


mem[X,0x8000206C] -> 0x1F17
mem[X,0x8000206E] -> 0x0000
[374] [M]: 0x8000206C (0x00001F17) auipc t5, 1
x30 <- 0x8000306C


mem[X,0x80002070] -> 0x2A23
mem[X,0x80002072] -> 0xF81F
[375] [M]: 0x80002070 (0xF81F2A23) sw ra, 3988(t5)
htif[0x80003000] <- 0x00000001


mem[X,0x80002074] -> 0xBFE5
[376] [M]: 0x80002074 (0xBFE5) c.j 2044


mem[X,0x8000206C] -> 0x1F17
mem[X,0x8000206E] -> 0x0000
[377] [M]: 0x8000206C (0x00001F17) auipc t5, 1
x30 <- 0x8000306C


mem[X,0x80002070] -> 0x2A23
mem[X,0x80002072] -> 0xF81F
[378] [M]: 0x80002070 (0xF81F2A23) sw ra, 3988(t5)
htif[0x80003000] <- 0x00000001
htif-syscall-proxy cmd: 0x000000000001

SUCCESS
