using /home/force/Desktop/work/compliance_testing/our_riscv/work/riscof_work/I/src/bne-01.S/ref/Reference-sail_c_simulator.signature for test-signature output.
[Sail] Allocating new block 0x80000000
tohost located at 0x80038000
[Sail] Allocating new block 0x0

Running file ref.elf.
ELF Entry @ 0x80000000
begin_signature: 0x8003a110
end_signature: 0x8003aa40
CSR mstatus <- 0x00000000 (input: 0x00000000)
mem[X,0x00001000] -> 0x0297
mem[X,0x00001002] -> 0x0000
[0] [M]: 0x00001000 (0x00000297) auipc t0, 0
x5 <- 0x00001000


mem[X,0x00001004] -> 0x8593
mem[X,0x00001006] -> 0x0202
[1] [M]: 0x00001004 (0x02028593) addi a1, t0, 32
x11 <- 0x00001020


mem[X,0x00001008] -> 0x2573
mem[X,0x0000100A] -> 0xF140
[2] [M]: 0x00001008 (0xF1402573) csrrs a0, mhartid, zero
CSR mhartid -> 0x00000000
x10 <- 0x00000000


mem[X,0x0000100C] -> 0xA283
mem[X,0x0000100E] -> 0x0182
[3] [M]: 0x0000100C (0x0182A283) lw t0, 24(t0)
mem[R,0x00001018] -> 0x80000000
x5 <- 0x80000000


mem[X,0x00001010] -> 0x8067
mem[X,0x00001012] -> 0x0002
[4] [M]: 0x00001010 (0x00028067) jalr zero, t0, 0


mem[X,0x80000000] -> 0xC0B7
mem[X,0x80000002] -> 0xFEED
[5] [M]: 0x80000000 (0xFEEDC0B7) lui ra, 1044188
x1 <- 0xFEEDC000


mem[X,0x80000004] -> 0x8093
mem[X,0x80000006] -> 0xEAD0
[6] [M]: 0x80000004 (0xEAD08093) addi ra, ra, 3757
x1 <- 0xFEEDBEAD


mem[X,0x80000008] -> 0xE137
mem[X,0x8000000A] -> 0xFF76
[7] [M]: 0x80000008 (0xFF76E137) lui sp, 1046382
x2 <- 0xFF76E000


mem[X,0x8000000C] -> 0x0113
mem[X,0x8000000E] -> 0xF561
[8] [M]: 0x8000000C (0xF5610113) addi sp, sp, 3926
x2 <- 0xFF76DF56


mem[X,0x80000010] -> 0x71B7
mem[X,0x80000012] -> 0x7FBB
[9] [M]: 0x80000010 (0x7FBB71B7) lui gp, 523191
x3 <- 0x7FBB7000


mem[X,0x80000014] -> 0x8193
mem[X,0x80000016] -> 0xFAB1
[10] [M]: 0x80000014 (0xFAB18193) addi gp, gp, 4011
x3 <- 0x7FBB6FAB


mem[X,0x80000018] -> 0xB237
mem[X,0x8000001A] -> 0xBFDD
[11] [M]: 0x80000018 (0xBFDDB237) lui tp, 785883
x4 <- 0xBFDDB000


mem[X,0x8000001C] -> 0x0213
mem[X,0x8000001E] -> 0x7D52
[12] [M]: 0x8000001C (0x7D520213) addi tp, tp, 2005
x4 <- 0xBFDDB7D5


mem[X,0x80000020] -> 0x0297
mem[X,0x80000022] -> 0x0000
[13] [M]: 0x80000020 (0x00000297) auipc t0, 0
x5 <- 0x80000020


mem[X,0x80000024] -> 0x8293
mem[X,0x80000026] -> 0x0882
[14] [M]: 0x80000024 (0x08828293) addi t0, t0, 136
x5 <- 0x800000A8


mem[X,0x80000028] -> 0x0013
mem[X,0x8000002A] -> 0x0000
[15] [M]: 0x80000028 (0x00000013) addi zero, zero, 0


mem[X,0x8000002C] -> 0x0013
mem[X,0x8000002E] -> 0x0000
[16] [M]: 0x8000002C (0x00000013) addi zero, zero, 0


mem[X,0x80000030] -> 0x0013
mem[X,0x80000032] -> 0x0000
[17] [M]: 0x80000030 (0x00000013) addi zero, zero, 0


mem[X,0x80000034] -> 0x0013
mem[X,0x80000036] -> 0x0000
[18] [M]: 0x80000034 (0x00000013) addi zero, zero, 0


mem[X,0x80000038] -> 0x0013
mem[X,0x8000003A] -> 0x0000
[19] [M]: 0x80000038 (0x00000013) addi zero, zero, 0


mem[X,0x8000003C] -> 0x0013
mem[X,0x8000003E] -> 0x0000
[20] [M]: 0x8000003C (0x00000013) addi zero, zero, 0


mem[X,0x80000040] -> 0x9317
mem[X,0x80000042] -> 0x0003
[21] [M]: 0x80000040 (0x00039317) auipc t1, 57
x6 <- 0x80039040


mem[X,0x80000044] -> 0x0313
mem[X,0x80000046] -> 0xFC03
[22] [M]: 0x80000044 (0xFC030313) addi t1, t1, 4032
x6 <- 0x80039000


mem[X,0x80000048] -> 0x0013
mem[X,0x8000004A] -> 0x0000
[23] [M]: 0x80000048 (0x00000013) addi zero, zero, 0


mem[X,0x8000004C] -> 0x0013
mem[X,0x8000004E] -> 0x0000
[24] [M]: 0x8000004C (0x00000013) addi zero, zero, 0


mem[X,0x80000050] -> 0x0013
mem[X,0x80000052] -> 0x0000
[25] [M]: 0x80000050 (0x00000013) addi zero, zero, 0


mem[X,0x80000054] -> 0x0013
mem[X,0x80000056] -> 0x0000
[26] [M]: 0x80000054 (0x00000013) addi zero, zero, 0


mem[X,0x80000058] -> 0x0013
mem[X,0x8000005A] -> 0x0000
[27] [M]: 0x80000058 (0x00000013) addi zero, zero, 0


mem[X,0x8000005C] -> 0x0013
mem[X,0x8000005E] -> 0x0000
[28] [M]: 0x8000005C (0x00000013) addi zero, zero, 0


mem[X,0x80000060] -> 0xB3B7
mem[X,0x80000062] -> 0xB7FB
[29] [M]: 0x80000060 (0xB7FBB3B7) lui t2, 753595
x7 <- 0xB7FBB000


mem[X,0x80000064] -> 0x8393
mem[X,0x80000066] -> 0x6FA3
[30] [M]: 0x80000064 (0x6FA38393) addi t2, t2, 1786
x7 <- 0xB7FBB6FA


mem[X,0x80000068] -> 0xE437
mem[X,0x8000006A] -> 0x5BFD
[31] [M]: 0x80000068 (0x5BFDE437) lui fp, 376798
x8 <- 0x5BFDE000


mem[X,0x8000006C] -> 0x0413
mem[X,0x8000006E] -> 0xB7D4
[32] [M]: 0x8000006C (0xB7D40413) addi fp, fp, 2941
x8 <- 0x5BFDDB7D


mem[X,0x80000070] -> 0xF4B7
mem[X,0x80000072] -> 0xADFE
[33] [M]: 0x80000070 (0xADFEF4B7) lui s1, 712687
x9 <- 0xADFEF000


mem[X,0x80000074] -> 0x8493
mem[X,0x80000076] -> 0xDBE4
[34] [M]: 0x80000074 (0xDBE48493) addi s1, s1, 3518
x9 <- 0xADFEEDBE


mem[X,0x80000078] -> 0x7537
mem[X,0x8000007A] -> 0x56FF
[35] [M]: 0x80000078 (0x56FF7537) lui a0, 356343
x10 <- 0x56FF7000


mem[X,0x8000007C] -> 0x0513
mem[X,0x8000007E] -> 0x6DF5
[36] [M]: 0x8000007C (0x6DF50513) addi a0, a0, 1759
x10 <- 0x56FF76DF


mem[X,0x80000080] -> 0xC5B7
mem[X,0x80000082] -> 0xAB7F
[37] [M]: 0x80000080 (0xAB7FC5B7) lui a1, 702460
x11 <- 0xAB7FC000


mem[X,0x80000084] -> 0x8593
mem[X,0x80000086] -> 0xB6F5
[38] [M]: 0x80000084 (0xB6F58593) addi a1, a1, 2927
x11 <- 0xAB7FBB6F


mem[X,0x80000088] -> 0xE637
mem[X,0x8000008A] -> 0xD5BF
[39] [M]: 0x80000088 (0xD5BFE637) lui a2, 875518
x12 <- 0xD5BFE000


mem[X,0x8000008C] -> 0x0613
mem[X,0x8000008E] -> 0xDB76
[40] [M]: 0x8000008C (0xDB760613) addi a2, a2, 3511
x12 <- 0xD5BFDDB7


mem[X,0x80000090] -> 0xF6B7
mem[X,0x80000092] -> 0xEADF
[41] [M]: 0x80000090 (0xEADFF6B7) lui a3, 962047
x13 <- 0xEADFF000


mem[X,0x80000094] -> 0x8693
mem[X,0x80000096] -> 0xEDB6
[42] [M]: 0x80000094 (0xEDB68693) addi a3, a3, 3803
x13 <- 0xEADFEEDB


mem[X,0x80000098] -> 0xF737
mem[X,0x8000009A] -> 0xF56F
[43] [M]: 0x80000098 (0xF56FF737) lui a4, 1005311
x14 <- 0xF56FF000


mem[X,0x8000009C] -> 0x0713
mem[X,0x8000009E] -> 0x76D7
[44] [M]: 0x8000009C (0x76D70713) addi a4, a4, 1901
x14 <- 0xF56FF76D


mem[X,0x800000A0] -> 0x07B7
mem[X,0x800000A2] -> 0xFAB8
[45] [M]: 0x800000A0 (0xFAB807B7) lui a5, 1026944
x15 <- 0xFAB80000


mem[X,0x800000A4] -> 0x8793
mem[X,0x800000A6] -> 0xBB67
[46] [M]: 0x800000A4 (0xBB678793) addi a5, a5, 2998
x15 <- 0xFAB7FBB6


mem[X,0x800000A8] -> 0x0013
mem[X,0x800000AA] -> 0x0000
[47] [M]: 0x800000A8 (0x00000013) addi zero, zero, 0


mem[X,0x800000AC] -> 0x0013
mem[X,0x800000AE] -> 0x0000
[48] [M]: 0x800000AC (0x00000013) addi zero, zero, 0


mem[X,0x800000B0] -> 0x0013
mem[X,0x800000B2] -> 0x0000
[49] [M]: 0x800000B0 (0x00000013) addi zero, zero, 0


mem[X,0x800000B4] -> 0x0013
mem[X,0x800000B6] -> 0x0000
[50] [M]: 0x800000B4 (0x00000013) addi zero, zero, 0


mem[X,0x800000B8] -> 0x0013
mem[X,0x800000BA] -> 0x0000
[51] [M]: 0x800000B8 (0x00000013) addi zero, zero, 0


mem[X,0x800000BC] -> 0x0013
mem[X,0x800000BE] -> 0x0000
[52] [M]: 0x800000BC (0x00000013) addi zero, zero, 0


mem[X,0x800000C0] -> 0xA297
mem[X,0x800000C2] -> 0x0003
[53] [M]: 0x800000C0 (0x0003A297) auipc t0, 58
x5 <- 0x8003A0C0


mem[X,0x800000C4] -> 0x8293
mem[X,0x800000C6] -> 0x0542
[54] [M]: 0x800000C4 (0x05428293) addi t0, t0, 84
x5 <- 0x8003A114


mem[X,0x800000C8] -> 0x0013
mem[X,0x800000CA] -> 0x0000
[55] [M]: 0x800000C8 (0x00000013) addi zero, zero, 0


mem[X,0x800000CC] -> 0x0013
mem[X,0x800000CE] -> 0x0000
[56] [M]: 0x800000CC (0x00000013) addi zero, zero, 0


mem[X,0x800000D0] -> 0x0013
mem[X,0x800000D2] -> 0x0000
[57] [M]: 0x800000D0 (0x00000013) addi zero, zero, 0


mem[X,0x800000D4] -> 0x0013
mem[X,0x800000D6] -> 0x0000
[58] [M]: 0x800000D4 (0x00000013) addi zero, zero, 0


mem[X,0x800000D8] -> 0x0013
mem[X,0x800000DA] -> 0x0000
[59] [M]: 0x800000D8 (0x00000013) addi zero, zero, 0


mem[X,0x800000DC] -> 0x0013
mem[X,0x800000DE] -> 0x0000
[60] [M]: 0x800000DC (0x00000013) addi zero, zero, 0


mem[X,0x800000E0] -> 0x5837
mem[X,0x800000E2] -> 0x5555
[61] [M]: 0x800000E0 (0x55555837) lui a6, 349525
x16 <- 0x55555000


mem[X,0x800000E4] -> 0x0813
mem[X,0x800000E6] -> 0x5548
[62] [M]: 0x800000E4 (0x55480813) addi a6, a6, 1364
x16 <- 0x55555554


mem[X,0x800000E8] -> 0x5837
mem[X,0x800000EA] -> 0x5555
[63] [M]: 0x800000E8 (0x55555837) lui a6, 349525
x16 <- 0x55555000


mem[X,0x800000EC] -> 0x0813
mem[X,0x800000EE] -> 0x5548
[64] [M]: 0x800000EC (0x55480813) addi a6, a6, 1364
x16 <- 0x55555554


mem[X,0x800000F0] -> 0x0A93
mem[X,0x800000F2] -> 0x0000
[65] [M]: 0x800000F0 (0x00000A93) addi s5, zero, 0
x21 <- 0x00000000


mem[X,0x800000F4] -> 0x006F
mem[X,0x800000F6] -> 0x00C0
[66] [M]: 0x800000F4 (0x00C0006F) jal zero, 12


mem[X,0x80000100] -> 0x1063
mem[X,0x80000102] -> 0x2108
[67] [M]: 0x80000100 (0x21081063) bne a6, a6, 512


mem[X,0x80000104] -> 0x8A93
mem[X,0x80000106] -> 0x002A
[68] [M]: 0x80000104 (0x002A8A93) addi s5, s5, 2
x21 <- 0x00000002


mem[X,0x80000108] -> 0x006F
mem[X,0x8000010A] -> 0x2000
[69] [M]: 0x80000108 (0x2000006F) jal zero, 512


mem[X,0x80000308] -> 0xA023
mem[X,0x8000030A] -> 0x0152
[70] [M]: 0x80000308 (0x0152A023) sw s5, 0(t0)
mem[0x8003A114] <- 0x00000002


mem[X,0x8000030C] -> 0x03B7
mem[X,0x8000030E] -> 0x0400
[71] [M]: 0x8000030C (0x040003B7) lui t2, 16384
x7 <- 0x04000000


mem[X,0x80000310] -> 0x0013
mem[X,0x80000312] -> 0x0000
[72] [M]: 0x80000310 (0x00000013) addi zero, zero, 0


mem[X,0x80000314] -> 0x0A93
mem[X,0x80000316] -> 0x0000
[73] [M]: 0x80000314 (0x00000A93) addi s5, zero, 0
x21 <- 0x00000000


mem[X,0x80000318] -> 0x006F
mem[X,0x8000031A] -> 0x00C0
[74] [M]: 0x80000318 (0x00C0006F) jal zero, 12


mem[X,0x80000324] -> 0x9063
mem[X,0x80000326] -> 0x2003
[75] [M]: 0x80000324 (0x20039063) bne t2, zero, 512


mem[X,0x80000524] -> 0x8A93
mem[X,0x80000526] -> 0x003A
[76] [M]: 0x80000524 (0x003A8A93) addi s5, s5, 3
x21 <- 0x00000003


mem[X,0x80000528] -> 0x006F
mem[X,0x8000052A] -> 0x0040
[77] [M]: 0x80000528 (0x0040006F) jal zero, 4


mem[X,0x8000052C] -> 0xA223
mem[X,0x8000052E] -> 0x0152
[78] [M]: 0x8000052C (0x0152A223) sw s5, 4(t0)
mem[0x8003A118] <- 0x00000003


mem[X,0x80000530] -> 0xF737
mem[X,0x80000532] -> 0xFFFF
[79] [M]: 0x80000530 (0xFFFFF737) lui a4, 1048575
x14 <- 0xFFFFF000


mem[X,0x80000534] -> 0x0713
mem[X,0x80000536] -> 0x7FF7
[80] [M]: 0x80000534 (0x7FF70713) addi a4, a4, 2047
x14 <- 0xFFFFF7FF


mem[X,0x80000538] -> 0x0D13
mem[X,0x8000053A] -> 0xFEF0
[81] [M]: 0x80000538 (0xFEF00D13) addi s10, zero, 4079
x26 <- 0xFFFFFFEF


mem[X,0x8000053C] -> 0x0A93
mem[X,0x8000053E] -> 0x0000
[82] [M]: 0x8000053C (0x00000A93) addi s5, zero, 0
x21 <- 0x00000000


mem[X,0x80000540] -> 0x006F
mem[X,0x80000542] -> 0x00C0
[83] [M]: 0x80000540 (0x00C0006F) jal zero, 12


mem[X,0x8000054C] -> 0x1063
mem[X,0x8000054E] -> 0x11A7
[84] [M]: 0x8000054C (0x11A71063) bne a4, s10, 256


mem[X,0x8000064C] -> 0x8A93
mem[X,0x8000064E] -> 0x003A
[85] [M]: 0x8000064C (0x003A8A93) addi s5, s5, 3
x21 <- 0x00000003


mem[X,0x80000650] -> 0x006F
mem[X,0x80000652] -> 0x0040
[86] [M]: 0x80000650 (0x0040006F) jal zero, 4


mem[X,0x80000654] -> 0xA423
mem[X,0x80000656] -> 0x0152
[87] [M]: 0x80000654 (0x0152A423) sw s5, 8(t0)
mem[0x8003A11C] <- 0x00000003


mem[X,0x80000658] -> 0x0493
mem[X,0x8000065A] -> 0xFBF0
[88] [M]: 0x80000658 (0xFBF00493) addi s1, zero, 4031
x9 <- 0xFFFFFFBF


mem[X,0x8000065C] -> 0x0CB7
mem[X,0x8000065E] -> 0x0200
[89] [M]: 0x8000065C (0x02000CB7) lui s9, 8192
x25 <- 0x02000000


mem[X,0x80000660] -> 0x0A93
mem[X,0x80000662] -> 0x0000
[90] [M]: 0x80000660 (0x00000A93) addi s5, zero, 0
x21 <- 0x00000000


mem[X,0x80000664] -> 0x006F
mem[X,0x80000666] -> 0x00C0
[91] [M]: 0x80000664 (0x00C0006F) jal zero, 12


mem[X,0x80000670] -> 0x9063
mem[X,0x80000672] -> 0x0394
[92] [M]: 0x80000670 (0x03949063) bne s1, s9, 32


mem[X,0x80000690] -> 0x8A93
mem[X,0x80000692] -> 0x003A
[93] [M]: 0x80000690 (0x003A8A93) addi s5, s5, 3
x21 <- 0x00000003


mem[X,0x80000694] -> 0x006F
mem[X,0x80000696] -> 0x0040
[94] [M]: 0x80000694 (0x0040006F) jal zero, 4


mem[X,0x80000698] -> 0xA623
mem[X,0x8000069A] -> 0x0152
[95] [M]: 0x80000698 (0x0152A623) sw s5, 12(t0)
mem[0x8003A120] <- 0x00000003


mem[X,0x8000069C] -> 0xFBB7
mem[X,0x8000069E] -> 0xFFFF
[96] [M]: 0x8000069C (0xFFFFFBB7) lui s7, 1048575
x23 <- 0xFFFFF000


mem[X,0x800006A0] -> 0x8B93
mem[X,0x800006A2] -> 0xFFFB
[97] [M]: 0x800006A0 (0xFFFB8B93) addi s7, s7, 4095
x23 <- 0xFFFFEFFF


mem[X,0x800006A4] -> 0xFB37
mem[X,0x800006A6] -> 0xFFFF
[98] [M]: 0x800006A4 (0xFFFFFB37) lui s6, 1048575
x22 <- 0xFFFFF000


mem[X,0x800006A8] -> 0x0B13
mem[X,0x800006AA] -> 0xFFFB
[99] [M]: 0x800006A8 (0xFFFB0B13) addi s6, s6, 4095
x22 <- 0xFFFFEFFF


clint::tick mtime <- 0x0000000000000001
 clint timer pending at mtime 0x0000000000000001
htif::tick 0x0000000000000000
mem[X,0x800006AC] -> 0x0A93
mem[X,0x800006AE] -> 0x0000
[100] [M]: 0x800006AC (0x00000A93) addi s5, zero, 0
x21 <- 0x00000000


mem[X,0x800006B0] -> 0x006F
mem[X,0x800006B2] -> 0x00C0
[101] [M]: 0x800006B0 (0x00C0006F) jal zero, 12


mem[X,0x800006BC] -> 0x9063
mem[X,0x800006BE] -> 0x096B
[102] [M]: 0x800006BC (0x096B9063) bne s7, s6, 128


mem[X,0x800006C0] -> 0x8A93
mem[X,0x800006C2] -> 0x002A
[103] [M]: 0x800006C0 (0x002A8A93) addi s5, s5, 2
x21 <- 0x00000002


mem[X,0x800006C4] -> 0x006F
mem[X,0x800006C6] -> 0x0800
[104] [M]: 0x800006C4 (0x0800006F) jal zero, 128


mem[X,0x80000744] -> 0xA823
mem[X,0x80000746] -> 0x0152
[105] [M]: 0x80000744 (0x0152A823) sw s5, 16(t0)
mem[0x8003A124] <- 0x00000002


mem[X,0x80000748] -> 0x59B7
mem[X,0x8000074A] -> 0xFFFF
[106] [M]: 0x80000748 (0xFFFF59B7) lui s3, 1048565
x19 <- 0xFFFF5000


mem[X,0x8000074C] -> 0x8993
mem[X,0x8000074E] -> 0xAFC9
[107] [M]: 0x8000074C (0xAFC98993) addi s3, s3, 2812
x19 <- 0xFFFF4AFC


mem[X,0x80000750] -> 0x5DB7
mem[X,0x80000752] -> 0xFFFF
[108] [M]: 0x80000750 (0xFFFF5DB7) lui s11, 1048565
x27 <- 0xFFFF5000


mem[X,0x80000754] -> 0x8D93
mem[X,0x80000756] -> 0xAFCD
[109] [M]: 0x80000754 (0xAFCD8D93) addi s11, s11, 2812
x27 <- 0xFFFF4AFC


mem[X,0x80000758] -> 0x0A93
mem[X,0x8000075A] -> 0x0000
[110] [M]: 0x80000758 (0x00000A93) addi s5, zero, 0
x21 <- 0x00000000


mem[X,0x8000075C] -> 0x006F
mem[X,0x8000075E] -> 0x00C0
[111] [M]: 0x8000075C (0x00C0006F) jal zero, 12


mem[X,0x80000768] -> 0x9CE3
mem[X,0x8000076A] -> 0xFFB9
[112] [M]: 0x80000768 (0xFFB99CE3) bne s3, s11, 8184


mem[X,0x8000076C] -> 0x8A93
mem[X,0x8000076E] -> 0x002A
[113] [M]: 0x8000076C (0x002A8A93) addi s5, s5, 2
x21 <- 0x00000002


mem[X,0x80000770] -> 0x006F
mem[X,0x80000772] -> 0x00C0
[114] [M]: 0x80000770 (0x00C0006F) jal zero, 12


mem[X,0x8000077C] -> 0xAA23
mem[X,0x8000077E] -> 0x0152
[115] [M]: 0x8000077C (0x0152AA23) sw s5, 20(t0)
mem[0x8003A128] <- 0x00000002


mem[X,0x80000780] -> 0x06B7
mem[X,0x80000782] -> 0x4000
[116] [M]: 0x80000780 (0x400006B7) lui a3, 262144
x13 <- 0x40000000


mem[X,0x80000784] -> 0x0213
mem[X,0x80000786] -> 0x0090
[117] [M]: 0x80000784 (0x00900213) addi tp, zero, 9
x4 <- 0x00000009


mem[X,0x80000788] -> 0x0A93
mem[X,0x8000078A] -> 0x0000
[118] [M]: 0x80000788 (0x00000A93) addi s5, zero, 0
x21 <- 0x00000000


mem[X,0x8000078C] -> 0x006F
mem[X,0x8000078E] -> 0x00C0
[119] [M]: 0x8000078C (0x00C0006F) jal zero, 12


mem[X,0x80000798] -> 0x9CE3
mem[X,0x8000079A] -> 0xFE46
[120] [M]: 0x80000798 (0xFE469CE3) bne a3, tp, 8184


mem[X,0x80000790] -> 0x8A93
mem[X,0x80000792] -> 0x001A
[121] [M]: 0x80000790 (0x001A8A93) addi s5, s5, 1
x21 <- 0x00000001


mem[X,0x80000794] -> 0x006F
mem[X,0x80000796] -> 0x0180
[122] [M]: 0x80000794 (0x0180006F) jal zero, 24


mem[X,0x800007AC] -> 0xAC23
mem[X,0x800007AE] -> 0x0152
[123] [M]: 0x800007AC (0x0152AC23) sw s5, 24(t0)
mem[0x8003A12C] <- 0x00000001


mem[X,0x800007B0] -> 0x0637
mem[X,0x800007B2] -> 0xC000
[124] [M]: 0x800007B0 (0xC0000637) lui a2, 786432
x12 <- 0xC0000000


mem[X,0x800007B4] -> 0x0437
mem[X,0x800007B6] -> 0xF000
[125] [M]: 0x800007B4 (0xF0000437) lui fp, 983040
x8 <- 0xF0000000


mem[X,0x800007B8] -> 0x0413
mem[X,0x800007BA] -> 0xFFF4
[126] [M]: 0x800007B8 (0xFFF40413) addi fp, fp, 4095
x8 <- 0xEFFFFFFF


mem[X,0x800007BC] -> 0x0A93
mem[X,0x800007BE] -> 0x0000
[127] [M]: 0x800007BC (0x00000A93) addi s5, zero, 0
x21 <- 0x00000000


mem[X,0x800007C0] -> 0x006F
mem[X,0x800007C2] -> 0x0140
[128] [M]: 0x800007C0 (0x0140006F) jal zero, 20


mem[X,0x800007D4] -> 0x18E3
mem[X,0x800007D6] -> 0xFE86
[129] [M]: 0x800007D4 (0xFE8618E3) bne a2, fp, 8176


mem[X,0x800007C4] -> 0x8A93
mem[X,0x800007C6] -> 0x001A
[130] [M]: 0x800007C4 (0x001A8A93) addi s5, s5, 1
x21 <- 0x00000001


mem[X,0x800007C8] -> 0x006F
mem[X,0x800007CA] -> 0x0200
[131] [M]: 0x800007C8 (0x0200006F) jal zero, 32


mem[X,0x800007E8] -> 0xAE23
mem[X,0x800007EA] -> 0x0152
[132] [M]: 0x800007E8 (0x0152AE23) sw s5, 28(t0)
mem[0x8003A130] <- 0x00000001


mem[X,0x800007EC] -> 0x0C13
mem[X,0x800007EE] -> 0xFFF0
[133] [M]: 0x800007EC (0xFFF00C13) addi s8, zero, 4095
x24 <- 0xFFFFFFFF


mem[X,0x800007F0] -> 0x0093
mem[X,0x800007F2] -> 0x0010
[134] [M]: 0x800007F0 (0x00100093) addi ra, zero, 1
x1 <- 0x00000001


mem[X,0x800007F4] -> 0x0A93
mem[X,0x800007F6] -> 0x0000
[135] [M]: 0x800007F4 (0x00000A93) addi s5, zero, 0
x21 <- 0x00000000


mem[X,0x800007F8] -> 0x006F
mem[X,0x800007FA] -> 0x00C0
[136] [M]: 0x800007F8 (0x00C0006F) jal zero, 12


mem[X,0x80000804] -> 0x1063
mem[X,0x80000806] -> 0x041C
[137] [M]: 0x80000804 (0x041C1063) bne s8, ra, 64


mem[X,0x80000844] -> 0x8A93
mem[X,0x80000846] -> 0x003A
[138] [M]: 0x80000844 (0x003A8A93) addi s5, s5, 3
x21 <- 0x00000003


mem[X,0x80000848] -> 0x006F
mem[X,0x8000084A] -> 0x0040
[139] [M]: 0x80000848 (0x0040006F) jal zero, 4


mem[X,0x8000084C] -> 0xA023
mem[X,0x8000084E] -> 0x0352
[140] [M]: 0x8000084C (0x0352A023) sw s5, 32(t0)
mem[0x8003A134] <- 0x00000003


mem[X,0x80000850] -> 0x00B7
mem[X,0x80000852] -> 0xFFF0
[141] [M]: 0x80000850 (0xFFF000B7) lui ra, 1048320
x1 <- 0xFFF00000


mem[X,0x80000854] -> 0x8093
mem[X,0x80000856] -> 0xFFF0
[142] [M]: 0x80000854 (0xFFF08093) addi ra, ra, 4095
x1 <- 0xFFEFFFFF


mem[X,0x80000858] -> 0x0513
mem[X,0x8000085A] -> 0x0020
[143] [M]: 0x80000858 (0x00200513) addi a0, zero, 2
x10 <- 0x00000002


mem[X,0x8000085C] -> 0x0A93
mem[X,0x8000085E] -> 0x0000
[144] [M]: 0x8000085C (0x00000A93) addi s5, zero, 0
x21 <- 0x00000000


mem[X,0x80000860] -> 0x006F
mem[X,0x80000862] -> 0x00C0
[145] [M]: 0x80000860 (0x00C0006F) jal zero, 12


mem[X,0x8000086C] -> 0x9063
mem[X,0x8000086E] -> 0x10A0
[146] [M]: 0x8000086C (0x10A09063) bne ra, a0, 256


mem[X,0x8000096C] -> 0x8A93
mem[X,0x8000096E] -> 0x003A
[147] [M]: 0x8000096C (0x003A8A93) addi s5, s5, 3
x21 <- 0x00000003


mem[X,0x80000970] -> 0x006F
mem[X,0x80000972] -> 0x0040
[148] [M]: 0x80000970 (0x0040006F) jal zero, 4


mem[X,0x80000974] -> 0xA223
mem[X,0x80000976] -> 0x0352
[149] [M]: 0x80000974 (0x0352A223) sw s5, 36(t0)
mem[0x8003A138] <- 0x00000003


mem[X,0x80000978] -> 0x6237
mem[X,0x8000097A] -> 0x6666
[150] [M]: 0x80000978 (0x66666237) lui tp, 419430
x4 <- 0x66666000


mem[X,0x8000097C] -> 0x0213
mem[X,0x8000097E] -> 0x6662
[151] [M]: 0x8000097C (0x66620213) addi tp, tp, 1638
x4 <- 0x66666666


mem[X,0x80000980] -> 0x0493
mem[X,0x80000982] -> 0x0040
[152] [M]: 0x80000980 (0x00400493) addi s1, zero, 4
x9 <- 0x00000004


mem[X,0x80000984] -> 0x0A93
mem[X,0x80000986] -> 0x0000
[153] [M]: 0x80000984 (0x00000A93) addi s5, zero, 0
x21 <- 0x00000000


mem[X,0x80000988] -> 0x006F
mem[X,0x8000098A] -> 0x2B10
[154] [M]: 0x80000988 (0x2B10006F) jal zero, 2736


mem[X,0x80001438] -> 0x1A63
mem[X,0x8000143A] -> 0xD492
[155] [M]: 0x80001438 (0xD4921A63) bne tp, s1, 5460


mem[X,0x8000098C] -> 0x8A93
mem[X,0x8000098E] -> 0x001A
[156] [M]: 0x8000098C (0x001A8A93) addi s5, s5, 1
x21 <- 0x00000001


mem[X,0x80000990] -> 0x006F
mem[X,0x80000992] -> 0x2BD0
[157] [M]: 0x80000990 (0x2BD0006F) jal zero, 2748


mem[X,0x8000144C] -> 0xA423
mem[X,0x8000144E] -> 0x0352
[158] [M]: 0x8000144C (0x0352A423) sw s5, 40(t0)
mem[0x8003A13C] <- 0x00000001


mem[X,0x80001450] -> 0x5437
mem[X,0x80001452] -> 0x5555
[159] [M]: 0x80001450 (0x55555437) lui fp, 349525
x8 <- 0x55555000


mem[X,0x80001454] -> 0x0413
mem[X,0x80001456] -> 0x5554
[160] [M]: 0x80001454 (0x55540413) addi fp, fp, 1365
x8 <- 0x55555555


mem[X,0x80001458] -> 0x0593
mem[X,0x8000145A] -> 0x0080
[161] [M]: 0x80001458 (0x00800593) addi a1, zero, 8
x11 <- 0x00000008


mem[X,0x8000145C] -> 0x0A93
mem[X,0x8000145E] -> 0x0000
[162] [M]: 0x8000145C (0x00000A93) addi s5, zero, 0
x21 <- 0x00000000


mem[X,0x80001460] -> 0x006F
mem[X,0x80001462] -> 0x00C0
[163] [M]: 0x80001460 (0x00C0006F) jal zero, 12


mem[X,0x8000146C] -> 0x1663
mem[X,0x8000146E] -> 0x00B4
[164] [M]: 0x8000146C (0x00B41663) bne fp, a1, 12


mem[X,0x80001478] -> 0x8A93
mem[X,0x8000147A] -> 0x003A
[165] [M]: 0x80001478 (0x003A8A93) addi s5, s5, 3
x21 <- 0x00000003


mem[X,0x8000147C] -> 0x006F
mem[X,0x8000147E] -> 0x0040
[166] [M]: 0x8000147C (0x0040006F) jal zero, 4


mem[X,0x80001480] -> 0xA623
mem[X,0x80001482] -> 0x0352
[167] [M]: 0x80001480 (0x0352A623) sw s5, 44(t0)
mem[0x8003A140] <- 0x00000003


mem[X,0x80001484] -> 0x0E37
mem[X,0x80001486] -> 0xFFFF
[168] [M]: 0x80001484 (0xFFFF0E37) lui t3, 1048560
x28 <- 0xFFFF0000


mem[X,0x80001488] -> 0x0E13
mem[X,0x8000148A] -> 0xFFFE
[169] [M]: 0x80001488 (0xFFFE0E13) addi t3, t3, 4095
x28 <- 0xFFFEFFFF


mem[X,0x8000148C] -> 0x0713
mem[X,0x8000148E] -> 0x0100
[170] [M]: 0x8000148C (0x01000713) addi a4, zero, 16
x14 <- 0x00000010


mem[X,0x80001490] -> 0x0A93
mem[X,0x80001492] -> 0x0000
[171] [M]: 0x80001490 (0x00000A93) addi s5, zero, 0
x21 <- 0x00000000


mem[X,0x80001494] -> 0x006F
mem[X,0x80001496] -> 0x0180
[172] [M]: 0x80001494 (0x0180006F) jal zero, 24


mem[X,0x800014AC] -> 0x16E3
mem[X,0x800014AE] -> 0xFEEE
[173] [M]: 0x800014AC (0xFEEE16E3) bne t3, a4, 8172


mem[X,0x80001498] -> 0x8A93
mem[X,0x8000149A] -> 0x001A
[174] [M]: 0x80001498 (0x001A8A93) addi s5, s5, 1
x21 <- 0x00000001


mem[X,0x8000149C] -> 0x006F
mem[X,0x8000149E] -> 0x0240
[175] [M]: 0x8000149C (0x0240006F) jal zero, 36


mem[X,0x800014C0] -> 0xA823
mem[X,0x800014C2] -> 0x0352
[176] [M]: 0x800014C0 (0x0352A823) sw s5, 48(t0)
mem[0x8003A144] <- 0x00000001


mem[X,0x800014C4] -> 0x0A13
mem[X,0x800014C6] -> 0x0010
[177] [M]: 0x800014C4 (0x00100A13) addi s4, zero, 1
x20 <- 0x00000001


mem[X,0x800014C8] -> 0x0E93
mem[X,0x800014CA] -> 0x0200
[178] [M]: 0x800014C8 (0x02000E93) addi t4, zero, 32
x29 <- 0x00000020


mem[X,0x800014CC] -> 0x0A93
mem[X,0x800014CE] -> 0x0000
[179] [M]: 0x800014CC (0x00000A93) addi s5, zero, 0
x21 <- 0x00000000


mem[X,0x800014D0] -> 0x006F
mem[X,0x800014D2] -> 0x0180
[180] [M]: 0x800014D0 (0x0180006F) jal zero, 24


mem[X,0x800014E8] -> 0x16E3
mem[X,0x800014EA] -> 0xFFDA
[181] [M]: 0x800014E8 (0xFFDA16E3) bne s4, t4, 8172


mem[X,0x800014D4] -> 0x8A93
mem[X,0x800014D6] -> 0x001A
[182] [M]: 0x800014D4 (0x001A8A93) addi s5, s5, 1
x21 <- 0x00000001


mem[X,0x800014D8] -> 0x006F
mem[X,0x800014DA] -> 0x0240
[183] [M]: 0x800014D8 (0x0240006F) jal zero, 36


mem[X,0x800014FC] -> 0xAA23
mem[X,0x800014FE] -> 0x0352
[184] [M]: 0x800014FC (0x0352AA23) sw s5, 52(t0)
mem[0x8003A148] <- 0x00000001


mem[X,0x80001500] -> 0xFCB7
mem[X,0x80001502] -> 0xFFFF
[185] [M]: 0x80001500 (0xFFFFFCB7) lui s9, 1048575
x25 <- 0xFFFFF000


mem[X,0x80001504] -> 0x8C93
mem[X,0x80001506] -> 0x7FFC
[186] [M]: 0x80001504 (0x7FFC8C93) addi s9, s9, 2047
x25 <- 0xFFFFF7FF


mem[X,0x80001508] -> 0x0693
mem[X,0x8000150A] -> 0x0400
[187] [M]: 0x80001508 (0x04000693) addi a3, zero, 64
x13 <- 0x00000040


mem[X,0x8000150C] -> 0x0A93
mem[X,0x8000150E] -> 0x0000
[188] [M]: 0x8000150C (0x00000A93) addi s5, zero, 0
x21 <- 0x00000000


mem[X,0x80001510] -> 0x006F
mem[X,0x80001512] -> 0x2B10
[189] [M]: 0x80001510 (0x2B10006F) jal zero, 2736


mem[X,0x80001FC0] -> 0x9A63
mem[X,0x80001FC2] -> 0xD4DC
[190] [M]: 0x80001FC0 (0xD4DC9A63) bne s9, a3, 5460


mem[X,0x80001514] -> 0x8A93
mem[X,0x80001516] -> 0x001A
[191] [M]: 0x80001514 (0x001A8A93) addi s5, s5, 1
x21 <- 0x00000001


mem[X,0x80001518] -> 0x006F
mem[X,0x8000151A] -> 0x2BD0
[192] [M]: 0x80001518 (0x2BD0006F) jal zero, 2748


mem[X,0x80001FD4] -> 0xAC23
mem[X,0x80001FD6] -> 0x0352
[193] [M]: 0x80001FD4 (0x0352AC23) sw s5, 56(t0)
mem[0x8003A14C] <- 0x00000001


mem[X,0x80001FD8] -> 0x0337
mem[X,0x80001FDA] -> 0x0100
[194] [M]: 0x80001FD8 (0x01000337) lui t1, 4096
x6 <- 0x01000000


mem[X,0x80001FDC] -> 0x0893
mem[X,0x80001FDE] -> 0x0800
[195] [M]: 0x80001FDC (0x08000893) addi a7, zero, 128
x17 <- 0x00000080


mem[X,0x80001FE0] -> 0x0A93
mem[X,0x80001FE2] -> 0x0000
[196] [M]: 0x80001FE0 (0x00000A93) addi s5, zero, 0
x21 <- 0x00000000


mem[X,0x80001FE4] -> 0x006F
mem[X,0x80001FE6] -> 0x00C0
[197] [M]: 0x80001FE4 (0x00C0006F) jal zero, 12


mem[X,0x80001FF0] -> 0x1063
mem[X,0x80001FF2] -> 0x2113
[198] [M]: 0x80001FF0 (0x21131063) bne t1, a7, 512


mem[X,0x800021F0] -> 0x8A93
mem[X,0x800021F2] -> 0x003A
[199] [M]: 0x800021F0 (0x003A8A93) addi s5, s5, 3
x21 <- 0x00000003


clint::tick mtime <- 0x0000000000000002
 clint timer pending at mtime 0x0000000000000002
htif::tick 0x0000000000000000
mem[X,0x800021F4] -> 0x006F
mem[X,0x800021F6] -> 0x0040
[200] [M]: 0x800021F4 (0x0040006F) jal zero, 4


mem[X,0x800021F8] -> 0xAE23
mem[X,0x800021FA] -> 0x0352
[201] [M]: 0x800021F8 (0x0352AE23) sw s5, 60(t0)
mem[0x8003A150] <- 0x00000003


mem[X,0x800021FC] -> 0x0513
mem[X,0x800021FE] -> 0x0000
[202] [M]: 0x800021FC (0x00000513) addi a0, zero, 0
x10 <- 0x00000000


mem[X,0x80002200] -> 0x0393
mem[X,0x80002202] -> 0x1000
[203] [M]: 0x80002200 (0x10000393) addi t2, zero, 256
x7 <- 0x00000100


mem[X,0x80002204] -> 0x0A93
mem[X,0x80002206] -> 0x0000
[204] [M]: 0x80002204 (0x00000A93) addi s5, zero, 0
x21 <- 0x00000000


mem[X,0x80002208] -> 0x006F
mem[X,0x8000220A] -> 0x00C0
[205] [M]: 0x80002208 (0x00C0006F) jal zero, 12


mem[X,0x80002214] -> 0x1663
mem[X,0x80002216] -> 0x0075
[206] [M]: 0x80002214 (0x00751663) bne a0, t2, 12


mem[X,0x80002220] -> 0x8A93
mem[X,0x80002222] -> 0x003A
[207] [M]: 0x80002220 (0x003A8A93) addi s5, s5, 3
x21 <- 0x00000003


mem[X,0x80002224] -> 0x006F
mem[X,0x80002226] -> 0x0040
[208] [M]: 0x80002224 (0x0040006F) jal zero, 4


mem[X,0x80002228] -> 0xA023
mem[X,0x8000222A] -> 0x0552
[209] [M]: 0x80002228 (0x0552A023) sw s5, 64(t0)
mem[0x8003A154] <- 0x00000003


mem[X,0x8000222C] -> 0x01B7
mem[X,0x8000222E] -> 0xFFC0
[210] [M]: 0x8000222C (0xFFC001B7) lui gp, 1047552
x3 <- 0xFFC00000


mem[X,0x80002230] -> 0x8193
mem[X,0x80002232] -> 0xFFF1
[211] [M]: 0x80002230 (0xFFF18193) addi gp, gp, 4095
x3 <- 0xFFBFFFFF


mem[X,0x80002234] -> 0x0C13
mem[X,0x80002236] -> 0x2000
[212] [M]: 0x80002234 (0x20000C13) addi s8, zero, 512
x24 <- 0x00000200


mem[X,0x80002238] -> 0x0A93
mem[X,0x8000223A] -> 0x0000
[213] [M]: 0x80002238 (0x00000A93) addi s5, zero, 0
x21 <- 0x00000000


mem[X,0x8000223C] -> 0x006F
mem[X,0x8000223E] -> 0x00C0
[214] [M]: 0x8000223C (0x00C0006F) jal zero, 12


mem[X,0x80002248] -> 0x9063
mem[X,0x8000224A] -> 0x4181
[215] [M]: 0x80002248 (0x41819063) bne gp, s8, 1024


mem[X,0x80002648] -> 0x8A93
mem[X,0x8000264A] -> 0x003A
[216] [M]: 0x80002648 (0x003A8A93) addi s5, s5, 3
x21 <- 0x00000003


mem[X,0x8000264C] -> 0x006F
mem[X,0x8000264E] -> 0x0040
[217] [M]: 0x8000264C (0x0040006F) jal zero, 4


mem[X,0x80002650] -> 0xA223
mem[X,0x80002652] -> 0x0552
[218] [M]: 0x80002650 (0x0552A223) sw s5, 68(t0)
mem[0x8003A158] <- 0x00000003


mem[X,0x80002654] -> 0x0013
mem[X,0x80002656] -> 0x0000
[219] [M]: 0x80002654 (0x00000013) addi zero, zero, 0


mem[X,0x80002658] -> 0x0793
mem[X,0x8000265A] -> 0x4000
[220] [M]: 0x80002658 (0x40000793) addi a5, zero, 1024
x15 <- 0x00000400


mem[X,0x8000265C] -> 0x0A93
mem[X,0x8000265E] -> 0x0000
[221] [M]: 0x8000265C (0x00000A93) addi s5, zero, 0
x21 <- 0x00000000


mem[X,0x80002660] -> 0x006F
mem[X,0x80002662] -> 0x00C0
[222] [M]: 0x80002660 (0x00C0006F) jal zero, 12


mem[X,0x8000266C] -> 0x1CE3
mem[X,0x8000266E] -> 0xFEF0
[223] [M]: 0x8000266C (0xFEF01CE3) bne zero, a5, 8184


mem[X,0x80002664] -> 0x8A93
mem[X,0x80002666] -> 0x001A
[224] [M]: 0x80002664 (0x001A8A93) addi s5, s5, 1
x21 <- 0x00000001


mem[X,0x80002668] -> 0x006F
mem[X,0x8000266A] -> 0x0180
[225] [M]: 0x80002668 (0x0180006F) jal zero, 24


mem[X,0x80002680] -> 0xA423
mem[X,0x80002682] -> 0x0552
[226] [M]: 0x80002680 (0x0552A423) sw s5, 72(t0)
mem[0x8003A15C] <- 0x00000001


mem[X,0x80002684] -> 0x6137
mem[X,0x80002686] -> 0x6666
[227] [M]: 0x80002684 (0x66666137) lui sp, 419430
x2 <- 0x66666000


mem[X,0x80002688] -> 0x0113
mem[X,0x8000268A] -> 0x6671
[228] [M]: 0x80002688 (0x66710113) addi sp, sp, 1639
x2 <- 0x66666667


mem[X,0x8000268C] -> 0x1937
mem[X,0x8000268E] -> 0x0000
[229] [M]: 0x8000268C (0x00001937) lui s2, 1
x18 <- 0x00001000


mem[X,0x80002690] -> 0x0913
mem[X,0x80002692] -> 0x8009
[230] [M]: 0x80002690 (0x80090913) addi s2, s2, 2048
x18 <- 0x00000800


mem[X,0x80002694] -> 0x0A93
mem[X,0x80002696] -> 0x0000
[231] [M]: 0x80002694 (0x00000A93) addi s5, zero, 0
x21 <- 0x00000000


mem[X,0x80002698] -> 0x006F
mem[X,0x8000269A] -> 0x00C0
[232] [M]: 0x80002698 (0x00C0006F) jal zero, 12


mem[X,0x800026A4] -> 0x1063
mem[X,0x800026A6] -> 0x4121
[233] [M]: 0x800026A4 (0x41211063) bne sp, s2, 1024


mem[X,0x80002AA4] -> 0x8A93
mem[X,0x80002AA6] -> 0x003A
[234] [M]: 0x80002AA4 (0x003A8A93) addi s5, s5, 3
x21 <- 0x00000003


mem[X,0x80002AA8] -> 0x006F
mem[X,0x80002AAA] -> 0x0040
[235] [M]: 0x80002AA8 (0x0040006F) jal zero, 4


mem[X,0x80002AAC] -> 0xA623
mem[X,0x80002AAE] -> 0x0552
[236] [M]: 0x80002AAC (0x0552A623) sw s5, 76(t0)
mem[0x8003A160] <- 0x00000003


mem[X,0x80002AB0] -> 0x0B13
mem[X,0x80002AB2] -> 0xFF60
[237] [M]: 0x80002AB0 (0xFF600B13) addi s6, zero, 4086
x22 <- 0xFFFFFFF6


mem[X,0x80002AB4] -> 0x1FB7
mem[X,0x80002AB6] -> 0x0000
[238] [M]: 0x80002AB4 (0x00001FB7) lui t6, 1
x31 <- 0x00001000


mem[X,0x80002AB8] -> 0x0213
mem[X,0x80002ABA] -> 0x0000
[239] [M]: 0x80002AB8 (0x00000213) addi tp, zero, 0
x4 <- 0x00000000


mem[X,0x80002ABC] -> 0x006F
mem[X,0x80002ABE] -> 0x00C0
[240] [M]: 0x80002ABC (0x00C0006F) jal zero, 12


mem[X,0x80002AC8] -> 0x1663
mem[X,0x80002ACA] -> 0x01FB
[241] [M]: 0x80002AC8 (0x01FB1663) bne s6, t6, 12


mem[X,0x80002AD4] -> 0x0213
mem[X,0x80002AD6] -> 0x0032
[242] [M]: 0x80002AD4 (0x00320213) addi tp, tp, 3
x4 <- 0x00000003


mem[X,0x80002AD8] -> 0x006F
mem[X,0x80002ADA] -> 0x0040
[243] [M]: 0x80002AD8 (0x0040006F) jal zero, 4


mem[X,0x80002ADC] -> 0xA823
mem[X,0x80002ADE] -> 0x0442
[244] [M]: 0x80002ADC (0x0442A823) sw tp, 80(t0)
mem[0x8003A164] <- 0x00000003


mem[X,0x80002AE0] -> 0x7097
mem[X,0x80002AE2] -> 0x0003
[245] [M]: 0x80002AE0 (0x00037097) auipc ra, 55
x1 <- 0x80039AE0


mem[X,0x80002AE4] -> 0x8093
mem[X,0x80002AE6] -> 0x6880
[246] [M]: 0x80002AE4 (0x68808093) addi ra, ra, 1672
x1 <- 0x8003A168


mem[X,0x80002AE8] -> 0x0013
mem[X,0x80002AEA] -> 0x0000
[247] [M]: 0x80002AE8 (0x00000013) addi zero, zero, 0


mem[X,0x80002AEC] -> 0x0013
mem[X,0x80002AEE] -> 0x0000
[248] [M]: 0x80002AEC (0x00000013) addi zero, zero, 0


mem[X,0x80002AF0] -> 0x0013
mem[X,0x80002AF2] -> 0x0000
[249] [M]: 0x80002AF0 (0x00000013) addi zero, zero, 0


mem[X,0x80002AF4] -> 0x0013
mem[X,0x80002AF6] -> 0x0000
[250] [M]: 0x80002AF4 (0x00000013) addi zero, zero, 0


mem[X,0x80002AF8] -> 0x0013
mem[X,0x80002AFA] -> 0x0000
[251] [M]: 0x80002AF8 (0x00000013) addi zero, zero, 0


mem[X,0x80002AFC] -> 0x0013
mem[X,0x80002AFE] -> 0x0000
[252] [M]: 0x80002AFC (0x00000013) addi zero, zero, 0


mem[X,0x80002B00] -> 0x4D37
mem[X,0x80002B02] -> 0x0000
[253] [M]: 0x80002B00 (0x00004D37) lui s10, 4
x26 <- 0x00004000


mem[X,0x80002B04] -> 0x2F37
mem[X,0x80002B06] -> 0x0000
[254] [M]: 0x80002B04 (0x00002F37) lui t5, 2
x30 <- 0x00002000


mem[X,0x80002B08] -> 0x0213
mem[X,0x80002B0A] -> 0x0000
[255] [M]: 0x80002B08 (0x00000213) addi tp, zero, 0
x4 <- 0x00000000


mem[X,0x80002B0C] -> 0x006F
mem[X,0x80002B0E] -> 0x00C0
[256] [M]: 0x80002B0C (0x00C0006F) jal zero, 12


mem[X,0x80002B18] -> 0x1663
mem[X,0x80002B1A] -> 0x01ED
[257] [M]: 0x80002B18 (0x01ED1663) bne s10, t5, 12


mem[X,0x80002B24] -> 0x0213
mem[X,0x80002B26] -> 0x0032
[258] [M]: 0x80002B24 (0x00320213) addi tp, tp, 3
x4 <- 0x00000003


mem[X,0x80002B28] -> 0x006F
mem[X,0x80002B2A] -> 0x0040
[259] [M]: 0x80002B28 (0x0040006F) jal zero, 4


mem[X,0x80002B2C] -> 0xA023
mem[X,0x80002B2E] -> 0x0040
[260] [M]: 0x80002B2C (0x0040A023) sw tp, 0(ra)
mem[0x8003A168] <- 0x00000003


mem[X,0x80002B30] -> 0x0D93
mem[X,0x80002B32] -> 0xFEF0
[261] [M]: 0x80002B30 (0xFEF00D93) addi s11, zero, 4079
x27 <- 0xFFFFFFEF


mem[X,0x80002B34] -> 0x4A37
mem[X,0x80002B36] -> 0x0000
[262] [M]: 0x80002B34 (0x00004A37) lui s4, 4
x20 <- 0x00004000


mem[X,0x80002B38] -> 0x0213
mem[X,0x80002B3A] -> 0x0000
[263] [M]: 0x80002B38 (0x00000213) addi tp, zero, 0
x4 <- 0x00000000


mem[X,0x80002B3C] -> 0x006F
mem[X,0x80002B3E] -> 0x00C0
[264] [M]: 0x80002B3C (0x00C0006F) jal zero, 12


mem[X,0x80002B48] -> 0x9863
mem[X,0x80002B4A] -> 0x014D
[265] [M]: 0x80002B48 (0x014D9863) bne s11, s4, 16


mem[X,0x80002B58] -> 0x0213
mem[X,0x80002B5A] -> 0x0032
[266] [M]: 0x80002B58 (0x00320213) addi tp, tp, 3
x4 <- 0x00000003


mem[X,0x80002B5C] -> 0x006F
mem[X,0x80002B5E] -> 0x0040
[267] [M]: 0x80002B5C (0x0040006F) jal zero, 4


mem[X,0x80002B60] -> 0xA223
mem[X,0x80002B62] -> 0x0040
[268] [M]: 0x80002B60 (0x0040A223) sw tp, 4(ra)
mem[0x8003A16C] <- 0x00000003


mem[X,0x80002B64] -> 0x05B7
mem[X,0x80002B66] -> 0x0400
[269] [M]: 0x80002B64 (0x040005B7) lui a1, 16384
x11 <- 0x04000000


mem[X,0x80002B68] -> 0x8637
mem[X,0x80002B6A] -> 0x0000
[270] [M]: 0x80002B68 (0x00008637) lui a2, 8
x12 <- 0x00008000


mem[X,0x80002B6C] -> 0x0213
mem[X,0x80002B6E] -> 0x0000
[271] [M]: 0x80002B6C (0x00000213) addi tp, zero, 0
x4 <- 0x00000000


mem[X,0x80002B70] -> 0x006F
mem[X,0x80002B72] -> 0x00C0
[272] [M]: 0x80002B70 (0x00C0006F) jal zero, 12


mem[X,0x80002B7C] -> 0x9063
mem[X,0x80002B7E] -> 0x40C5
[273] [M]: 0x80002B7C (0x40C59063) bne a1, a2, 1024


mem[X,0x80002F7C] -> 0x0213
mem[X,0x80002F7E] -> 0x0032
[274] [M]: 0x80002F7C (0x00320213) addi tp, tp, 3
x4 <- 0x00000003


mem[X,0x80002F80] -> 0x006F
mem[X,0x80002F82] -> 0x0040
[275] [M]: 0x80002F80 (0x0040006F) jal zero, 4


mem[X,0x80002F84] -> 0xA423
mem[X,0x80002F86] -> 0x0040
[276] [M]: 0x80002F84 (0x0040A423) sw tp, 8(ra)
mem[0x8003A170] <- 0x00000003


mem[X,0x80002F88] -> 0x0AB7
mem[X,0x80002F8A] -> 0x0800
[277] [M]: 0x80002F88 (0x08000AB7) lui s5, 32768
x21 <- 0x08000000


mem[X,0x80002F8C] -> 0x0337
mem[X,0x80002F8E] -> 0x0001
[278] [M]: 0x80002F8C (0x00010337) lui t1, 16
x6 <- 0x00010000


mem[X,0x80002F90] -> 0x0213
mem[X,0x80002F92] -> 0x0000
[279] [M]: 0x80002F90 (0x00000213) addi tp, zero, 0
x4 <- 0x00000000


mem[X,0x80002F94] -> 0x006F
mem[X,0x80002F96] -> 0x00C0
[280] [M]: 0x80002F94 (0x00C0006F) jal zero, 12


mem[X,0x80002FA0] -> 0x9063
mem[X,0x80002FA2] -> 0x106A
[281] [M]: 0x80002FA0 (0x106A9063) bne s5, t1, 256


mem[X,0x800030A0] -> 0x0213
mem[X,0x800030A2] -> 0x0032
[282] [M]: 0x800030A0 (0x00320213) addi tp, tp, 3
x4 <- 0x00000003


mem[X,0x800030A4] -> 0x006F
mem[X,0x800030A6] -> 0x0040
[283] [M]: 0x800030A4 (0x0040006F) jal zero, 4


mem[X,0x800030A8] -> 0xA623
mem[X,0x800030AA] -> 0x0040
[284] [M]: 0x800030A8 (0x0040A623) sw tp, 12(ra)
mem[0x8003A174] <- 0x00000003


mem[X,0x800030AC] -> 0x0F37
mem[X,0x800030AE] -> 0xFFE0
[285] [M]: 0x800030AC (0xFFE00F37) lui t5, 1048064
x30 <- 0xFFE00000


mem[X,0x800030B0] -> 0x0F13
mem[X,0x800030B2] -> 0xFFFF
[286] [M]: 0x800030B0 (0xFFFF0F13) addi t5, t5, 4095
x30 <- 0xFFDFFFFF


mem[X,0x800030B4] -> 0x0E37
mem[X,0x800030B6] -> 0x0002
[287] [M]: 0x800030B4 (0x00020E37) lui t3, 32
x28 <- 0x00020000


mem[X,0x800030B8] -> 0x0213
mem[X,0x800030BA] -> 0x0000
[288] [M]: 0x800030B8 (0x00000213) addi tp, zero, 0
x4 <- 0x00000000


mem[X,0x800030BC] -> 0x006F
mem[X,0x800030BE] -> 0x00C0
[289] [M]: 0x800030BC (0x00C0006F) jal zero, 12


mem[X,0x800030C8] -> 0x1CE3
mem[X,0x800030CA] -> 0xFFCF
[290] [M]: 0x800030C8 (0xFFCF1CE3) bne t5, t3, 8184


mem[X,0x800030C0] -> 0x0213
mem[X,0x800030C2] -> 0x0012
[291] [M]: 0x800030C0 (0x00120213) addi tp, tp, 1
x4 <- 0x00000001


mem[X,0x800030C4] -> 0x006F
mem[X,0x800030C6] -> 0x0180
[292] [M]: 0x800030C4 (0x0180006F) jal zero, 24


mem[X,0x800030DC] -> 0xA823
mem[X,0x800030DE] -> 0x0040
[293] [M]: 0x800030DC (0x0040A823) sw tp, 16(ra)
mem[0x8003A178] <- 0x00000001


mem[X,0x800030E0] -> 0x07B7
mem[X,0x800030E2] -> 0x1000
[294] [M]: 0x800030E0 (0x100007B7) lui a5, 65536
x15 <- 0x10000000


mem[X,0x800030E4] -> 0x0AB7
mem[X,0x800030E6] -> 0x0004
[295] [M]: 0x800030E4 (0x00040AB7) lui s5, 64
x21 <- 0x00040000


mem[X,0x800030E8] -> 0x0213
mem[X,0x800030EA] -> 0x0000
[296] [M]: 0x800030E8 (0x00000213) addi tp, zero, 0
x4 <- 0x00000000


mem[X,0x800030EC] -> 0x006F
mem[X,0x800030EE] -> 0x00C0
[297] [M]: 0x800030EC (0x00C0006F) jal zero, 12


mem[X,0x800030F8] -> 0x9663
mem[X,0x800030FA] -> 0x0157
[298] [M]: 0x800030F8 (0x01579663) bne a5, s5, 12


mem[X,0x80003104] -> 0x0213
mem[X,0x80003106] -> 0x0032
[299] [M]: 0x80003104 (0x00320213) addi tp, tp, 3
x4 <- 0x00000003


clint::tick mtime <- 0x0000000000000003
 clint timer pending at mtime 0x0000000000000003
htif::tick 0x0000000000000000
mem[X,0x80003108] -> 0x006F
mem[X,0x8000310A] -> 0x0040
[300] [M]: 0x80003108 (0x0040006F) jal zero, 4


mem[X,0x8000310C] -> 0xAA23
mem[X,0x8000310E] -> 0x0040
[301] [M]: 0x8000310C (0x0040AA23) sw tp, 20(ra)
mem[0x8003A17C] <- 0x00000003


mem[X,0x80003110] -> 0xBEB7
mem[X,0x80003112] -> 0x0000
[302] [M]: 0x80003110 (0x0000BEB7) lui t4, 11
x29 <- 0x0000B000


mem[X,0x80003114] -> 0x8E93
mem[X,0x80003116] -> 0x503E
[303] [M]: 0x80003114 (0x503E8E93) addi t4, t4, 1283
x29 <- 0x0000B503


mem[X,0x80003118] -> 0x0BB7
mem[X,0x8000311A] -> 0x0008
[304] [M]: 0x80003118 (0x00080BB7) lui s7, 128
x23 <- 0x00080000


mem[X,0x8000311C] -> 0x0213
mem[X,0x8000311E] -> 0x0000
[305] [M]: 0x8000311C (0x00000213) addi tp, zero, 0
x4 <- 0x00000000


mem[X,0x80003120] -> 0x006F
mem[X,0x80003122] -> 0x00C0
[306] [M]: 0x80003120 (0x00C0006F) jal zero, 12


mem[X,0x8000312C] -> 0x9663
mem[X,0x8000312E] -> 0x017E
[307] [M]: 0x8000312C (0x017E9663) bne t4, s7, 12


mem[X,0x80003138] -> 0x0213
mem[X,0x8000313A] -> 0x0032
[308] [M]: 0x80003138 (0x00320213) addi tp, tp, 3
x4 <- 0x00000003


mem[X,0x8000313C] -> 0x006F
mem[X,0x8000313E] -> 0x0040
[309] [M]: 0x8000313C (0x0040006F) jal zero, 4


mem[X,0x80003140] -> 0xAC23
mem[X,0x80003142] -> 0x0040
[310] [M]: 0x80003140 (0x0040AC23) sw tp, 24(ra)
mem[0x8003A180] <- 0x00000003


mem[X,0x80003144] -> 0xB8B7
mem[X,0x80003146] -> 0xAAAA
[311] [M]: 0x80003144 (0xAAAAB8B7) lui a7, 699051
x17 <- 0xAAAAB000


mem[X,0x80003148] -> 0x8893
mem[X,0x8000314A] -> 0xAAA8
[312] [M]: 0x80003148 (0xAAA88893) addi a7, a7, 2730
x17 <- 0xAAAAAAAA


mem[X,0x8000314C] -> 0x09B7
mem[X,0x8000314E] -> 0x0020
[313] [M]: 0x8000314C (0x002009B7) lui s3, 512
x19 <- 0x00200000


mem[X,0x80003150] -> 0x0213
mem[X,0x80003152] -> 0x0000
[314] [M]: 0x80003150 (0x00000213) addi tp, zero, 0
x4 <- 0x00000000


mem[X,0x80003154] -> 0x006F
mem[X,0x80003156] -> 0x00C0
[315] [M]: 0x80003154 (0x00C0006F) jal zero, 12


mem[X,0x80003160] -> 0x9663
mem[X,0x80003162] -> 0x0138
[316] [M]: 0x80003160 (0x01389663) bne a7, s3, 12


mem[X,0x8000316C] -> 0x0213
mem[X,0x8000316E] -> 0x0032
[317] [M]: 0x8000316C (0x00320213) addi tp, tp, 3
x4 <- 0x00000003


mem[X,0x80003170] -> 0x006F
mem[X,0x80003172] -> 0x0040
[318] [M]: 0x80003170 (0x0040006F) jal zero, 4


mem[X,0x80003174] -> 0xAE23
mem[X,0x80003176] -> 0x0040
[319] [M]: 0x80003174 (0x0040AE23) sw tp, 28(ra)
mem[0x8003A184] <- 0x00000003


mem[X,0x80003178] -> 0x0913
mem[X,0x8000317A] -> 0xBFF0
[320] [M]: 0x80003178 (0xBFF00913) addi s2, zero, 3071
x18 <- 0xFFFFFBFF


mem[X,0x8000317C] -> 0x02B7
mem[X,0x8000317E] -> 0x0040
[321] [M]: 0x8000317C (0x004002B7) lui t0, 1024
x5 <- 0x00400000


mem[X,0x80003180] -> 0x0213
mem[X,0x80003182] -> 0x0000
[322] [M]: 0x80003180 (0x00000213) addi tp, zero, 0
x4 <- 0x00000000


mem[X,0x80003184] -> 0x006F
mem[X,0x80003186] -> 0x0100
[323] [M]: 0x80003184 (0x0100006F) jal zero, 16


mem[X,0x80003194] -> 0x1AE3
mem[X,0x80003196] -> 0xFE59
[324] [M]: 0x80003194 (0xFE591AE3) bne s2, t0, 8180


mem[X,0x80003188] -> 0x0213
mem[X,0x8000318A] -> 0x0012
[325] [M]: 0x80003188 (0x00120213) addi tp, tp, 1
x4 <- 0x00000001


mem[X,0x8000318C] -> 0x006F
mem[X,0x8000318E] -> 0x01C0
[326] [M]: 0x8000318C (0x01C0006F) jal zero, 28


mem[X,0x800031A8] -> 0xA023
mem[X,0x800031AA] -> 0x0240
[327] [M]: 0x800031A8 (0x0240A023) sw tp, 32(ra)
mem[0x8003A188] <- 0x00000001


mem[X,0x800031AC] -> 0x0F93
mem[X,0x800031AE] -> 0x0200
[328] [M]: 0x800031AC (0x02000F93) addi t6, zero, 32
x31 <- 0x00000020


mem[X,0x800031B0] -> 0x01B7
mem[X,0x800031B2] -> 0x0080
[329] [M]: 0x800031B0 (0x008001B7) lui gp, 2048
x3 <- 0x00800000


mem[X,0x800031B4] -> 0x0213
mem[X,0x800031B6] -> 0x0000
[330] [M]: 0x800031B4 (0x00000213) addi tp, zero, 0
x4 <- 0x00000000


mem[X,0x800031B8] -> 0x006F
mem[X,0x800031BA] -> 0x00C0
[331] [M]: 0x800031B8 (0x00C0006F) jal zero, 12


mem[X,0x800031C4] -> 0x9CE3
mem[X,0x800031C6] -> 0xFE3F
[332] [M]: 0x800031C4 (0xFE3F9CE3) bne t6, gp, 8184


mem[X,0x800031BC] -> 0x0213
mem[X,0x800031BE] -> 0x0012
[333] [M]: 0x800031BC (0x00120213) addi tp, tp, 1
x4 <- 0x00000001


mem[X,0x800031C0] -> 0x006F
mem[X,0x800031C2] -> 0x0180
[334] [M]: 0x800031C0 (0x0180006F) jal zero, 24


mem[X,0x800031D8] -> 0xA223
mem[X,0x800031DA] -> 0x0240
[335] [M]: 0x800031D8 (0x0240A223) sw tp, 36(ra)
mem[0x8003A18C] <- 0x00000001


mem[X,0x800031DC] -> 0x02B7
mem[X,0x800031DE] -> 0xF000
[336] [M]: 0x800031DC (0xF00002B7) lui t0, 983040
x5 <- 0xF0000000


mem[X,0x800031E0] -> 0x8293
mem[X,0x800031E2] -> 0xFFF2
[337] [M]: 0x800031E0 (0xFFF28293) addi t0, t0, 4095
x5 <- 0xEFFFFFFF


mem[X,0x800031E4] -> 0x0137
mem[X,0x800031E6] -> 0x0100
[338] [M]: 0x800031E4 (0x01000137) lui sp, 4096
x2 <- 0x01000000


mem[X,0x800031E8] -> 0x0213
mem[X,0x800031EA] -> 0x0000
[339] [M]: 0x800031E8 (0x00000213) addi tp, zero, 0
x4 <- 0x00000000


mem[X,0x800031EC] -> 0x006F
mem[X,0x800031EE] -> 0x00C0
[340] [M]: 0x800031EC (0x00C0006F) jal zero, 12


mem[X,0x800031F8] -> 0x9CE3
mem[X,0x800031FA] -> 0xFE22
[341] [M]: 0x800031F8 (0xFE229CE3) bne t0, sp, 8184


mem[X,0x800031F0] -> 0x0213
mem[X,0x800031F2] -> 0x0012
[342] [M]: 0x800031F0 (0x00120213) addi tp, tp, 1
x4 <- 0x00000001


mem[X,0x800031F4] -> 0x006F
mem[X,0x800031F6] -> 0x0180
[343] [M]: 0x800031F4 (0x0180006F) jal zero, 24


mem[X,0x8000320C] -> 0xA423
mem[X,0x8000320E] -> 0x0240
[344] [M]: 0x8000320C (0x0240A423) sw tp, 40(ra)
mem[0x8003A190] <- 0x00000001


mem[X,0x80003210] -> 0x0513
mem[X,0x80003212] -> 0xFF90
[345] [M]: 0x80003210 (0xFF900513) addi a0, zero, 4089
x10 <- 0xFFFFFFF9


mem[X,0x80003214] -> 0x05B7
mem[X,0x80003216] -> 0x0400
[346] [M]: 0x80003214 (0x040005B7) lui a1, 16384
x11 <- 0x04000000


mem[X,0x80003218] -> 0x0213
mem[X,0x8000321A] -> 0x0000
[347] [M]: 0x80003218 (0x00000213) addi tp, zero, 0
x4 <- 0x00000000


mem[X,0x8000321C] -> 0x006F
mem[X,0x8000321E] -> 0x0100
[348] [M]: 0x8000321C (0x0100006F) jal zero, 16


mem[X,0x8000322C] -> 0x1AE3
mem[X,0x8000322E] -> 0xFEB5
[349] [M]: 0x8000322C (0xFEB51AE3) bne a0, a1, 8180


mem[X,0x80003220] -> 0x0213
mem[X,0x80003222] -> 0x0012
[350] [M]: 0x80003220 (0x00120213) addi tp, tp, 1
x4 <- 0x00000001


mem[X,0x80003224] -> 0x006F
mem[X,0x80003226] -> 0x01C0
[351] [M]: 0x80003224 (0x01C0006F) jal zero, 28


mem[X,0x80003240] -> 0xA623
mem[X,0x80003242] -> 0x0240
[352] [M]: 0x80003240 (0x0240A623) sw tp, 44(ra)
mem[0x8003A194] <- 0x00000001


mem[X,0x80003244] -> 0x0513
mem[X,0x80003246] -> 0x4000
[353] [M]: 0x80003244 (0x40000513) addi a0, zero, 1024
x10 <- 0x00000400


mem[X,0x80003248] -> 0x05B7
mem[X,0x8000324A] -> 0x0800
[354] [M]: 0x80003248 (0x080005B7) lui a1, 32768
x11 <- 0x08000000


mem[X,0x8000324C] -> 0x0213
mem[X,0x8000324E] -> 0x0000
[355] [M]: 0x8000324C (0x00000213) addi tp, zero, 0
x4 <- 0x00000000


mem[X,0x80003250] -> 0x006F
mem[X,0x80003252] -> 0x0140
[356] [M]: 0x80003250 (0x0140006F) jal zero, 20


mem[X,0x80003264] -> 0x18E3
mem[X,0x80003266] -> 0xFEB5
[357] [M]: 0x80003264 (0xFEB518E3) bne a0, a1, 8176


mem[X,0x80003254] -> 0x0213
mem[X,0x80003256] -> 0x0012
[358] [M]: 0x80003254 (0x00120213) addi tp, tp, 1
x4 <- 0x00000001


mem[X,0x80003258] -> 0x006F
mem[X,0x8000325A] -> 0x0200
[359] [M]: 0x80003258 (0x0200006F) jal zero, 32


mem[X,0x80003278] -> 0xA823
mem[X,0x8000327A] -> 0x0240
[360] [M]: 0x80003278 (0x0240A823) sw tp, 48(ra)
mem[0x8003A198] <- 0x00000001


mem[X,0x8000327C] -> 0x0513
mem[X,0x8000327E] -> 0x0020
[361] [M]: 0x8000327C (0x00200513) addi a0, zero, 2
x10 <- 0x00000002


mem[X,0x80003280] -> 0x05B7
mem[X,0x80003282] -> 0x1000
[362] [M]: 0x80003280 (0x100005B7) lui a1, 65536
x11 <- 0x10000000


mem[X,0x80003284] -> 0x0213
mem[X,0x80003286] -> 0x0000
[363] [M]: 0x80003284 (0x00000213) addi tp, zero, 0
x4 <- 0x00000000


mem[X,0x80003288] -> 0x006F
mem[X,0x8000328A] -> 0x2B10
[364] [M]: 0x80003288 (0x2B10006F) jal zero, 2736


mem[X,0x80003D38] -> 0x1A63
mem[X,0x80003D3A] -> 0xD4B5
[365] [M]: 0x80003D38 (0xD4B51A63) bne a0, a1, 5460


mem[X,0x8000328C] -> 0x0213
mem[X,0x8000328E] -> 0x0012
[366] [M]: 0x8000328C (0x00120213) addi tp, tp, 1
x4 <- 0x00000001


mem[X,0x80003290] -> 0x006F
mem[X,0x80003292] -> 0x2BD0
[367] [M]: 0x80003290 (0x2BD0006F) jal zero, 2748


mem[X,0x80003D4C] -> 0xAA23
mem[X,0x80003D4E] -> 0x0240
[368] [M]: 0x80003D4C (0x0240AA23) sw tp, 52(ra)
mem[0x8003A19C] <- 0x00000001


mem[X,0x80003D50] -> 0x0537
mem[X,0x80003D52] -> 0x0100
[369] [M]: 0x80003D50 (0x01000537) lui a0, 4096
x10 <- 0x01000000


mem[X,0x80003D54] -> 0x05B7
mem[X,0x80003D56] -> 0x2000
[370] [M]: 0x80003D54 (0x200005B7) lui a1, 131072
x11 <- 0x20000000


mem[X,0x80003D58] -> 0x0213
mem[X,0x80003D5A] -> 0x0000
[371] [M]: 0x80003D58 (0x00000213) addi tp, zero, 0
x4 <- 0x00000000


mem[X,0x80003D5C] -> 0x006F
mem[X,0x80003D5E] -> 0x0140
[372] [M]: 0x80003D5C (0x0140006F) jal zero, 20


mem[X,0x80003D70] -> 0x18E3
mem[X,0x80003D72] -> 0xFEB5
[373] [M]: 0x80003D70 (0xFEB518E3) bne a0, a1, 8176


mem[X,0x80003D60] -> 0x0213
mem[X,0x80003D62] -> 0x0012
[374] [M]: 0x80003D60 (0x00120213) addi tp, tp, 1
x4 <- 0x00000001


mem[X,0x80003D64] -> 0x006F
mem[X,0x80003D66] -> 0x0200
[375] [M]: 0x80003D64 (0x0200006F) jal zero, 32


mem[X,0x80003D84] -> 0xAC23
mem[X,0x80003D86] -> 0x0240
[376] [M]: 0x80003D84 (0x0240AC23) sw tp, 56(ra)
mem[0x8003A1A0] <- 0x00000001


mem[X,0x80003D88] -> 0x0513
mem[X,0x80003D8A] -> 0xFFB0
[377] [M]: 0x80003D88 (0xFFB00513) addi a0, zero, 4091
x10 <- 0xFFFFFFFB


mem[X,0x80003D8C] -> 0x05B7
mem[X,0x80003D8E] -> 0x4000
[378] [M]: 0x80003D8C (0x400005B7) lui a1, 262144
x11 <- 0x40000000


mem[X,0x80003D90] -> 0x0213
mem[X,0x80003D92] -> 0x0000
[379] [M]: 0x80003D90 (0x00000213) addi tp, zero, 0
x4 <- 0x00000000


mem[X,0x80003D94] -> 0x006F
mem[X,0x80003D96] -> 0x0180
[380] [M]: 0x80003D94 (0x0180006F) jal zero, 24


mem[X,0x80003DAC] -> 0x16E3
mem[X,0x80003DAE] -> 0xFEB5
[381] [M]: 0x80003DAC (0xFEB516E3) bne a0, a1, 8172


mem[X,0x80003D98] -> 0x0213
mem[X,0x80003D9A] -> 0x0012
[382] [M]: 0x80003D98 (0x00120213) addi tp, tp, 1
x4 <- 0x00000001


mem[X,0x80003D9C] -> 0x006F
mem[X,0x80003D9E] -> 0x0240
[383] [M]: 0x80003D9C (0x0240006F) jal zero, 36


mem[X,0x80003DC0] -> 0xAE23
mem[X,0x80003DC2] -> 0x0240
[384] [M]: 0x80003DC0 (0x0240AE23) sw tp, 60(ra)
mem[0x8003A1A4] <- 0x00000001


mem[X,0x80003DC4] -> 0x0513
mem[X,0x80003DC6] -> 0x0000
[385] [M]: 0x80003DC4 (0x00000513) addi a0, zero, 0
x10 <- 0x00000000


mem[X,0x80003DC8] -> 0x05B7
mem[X,0x80003DCA] -> 0x8000
[386] [M]: 0x80003DC8 (0x800005B7) lui a1, 524288
x11 <- 0x80000000


mem[X,0x80003DCC] -> 0x0213
mem[X,0x80003DCE] -> 0x0000
[387] [M]: 0x80003DCC (0x00000213) addi tp, zero, 0
x4 <- 0x00000000


mem[X,0x80003DD0] -> 0x006F
mem[X,0x80003DD2] -> 0x00C0
[388] [M]: 0x80003DD0 (0x00C0006F) jal zero, 12


mem[X,0x80003DDC] -> 0x1663
mem[X,0x80003DDE] -> 0x00B5
[389] [M]: 0x80003DDC (0x00B51663) bne a0, a1, 12


mem[X,0x80003DE8] -> 0x0213
mem[X,0x80003DEA] -> 0x0032
[390] [M]: 0x80003DE8 (0x00320213) addi tp, tp, 3
x4 <- 0x00000003


mem[X,0x80003DEC] -> 0x006F
mem[X,0x80003DEE] -> 0x0040
[391] [M]: 0x80003DEC (0x0040006F) jal zero, 4


mem[X,0x80003DF0] -> 0xA023
mem[X,0x80003DF2] -> 0x0440
[392] [M]: 0x80003DF0 (0x0440A023) sw tp, 64(ra)
mem[0x8003A1A8] <- 0x00000003


mem[X,0x80003DF4] -> 0x0537
mem[X,0x80003DF6] -> 0xFC00
[393] [M]: 0x80003DF4 (0xFC000537) lui a0, 1032192
x10 <- 0xFC000000


mem[X,0x80003DF8] -> 0x0513
mem[X,0x80003DFA] -> 0xFFF5
[394] [M]: 0x80003DF8 (0xFFF50513) addi a0, a0, 4095
x10 <- 0xFBFFFFFF


mem[X,0x80003DFC] -> 0x0593
mem[X,0x80003DFE] -> 0xFFE0
[395] [M]: 0x80003DFC (0xFFE00593) addi a1, zero, 4094
x11 <- 0xFFFFFFFE


mem[X,0x80003E00] -> 0x0213
mem[X,0x80003E02] -> 0x0000
[396] [M]: 0x80003E00 (0x00000213) addi tp, zero, 0
x4 <- 0x00000000


mem[X,0x80003E04] -> 0x006F
mem[X,0x80003E06] -> 0x0050
[397] [M]: 0x80003E04 (0x0050006F) jal zero, 2052


mem[X,0x80004608] -> 0x10E3
mem[X,0x8000460A] -> 0x80B5
[398] [M]: 0x80004608 (0x80B510E3) bne a0, a1, 6144


mem[X,0x80003E08] -> 0x0213
mem[X,0x80003E0A] -> 0x0012
[399] [M]: 0x80003E08 (0x00120213) addi tp, tp, 1
x4 <- 0x00000001


clint::tick mtime <- 0x0000000000000004
 clint timer pending at mtime 0x0000000000000004
htif::tick 0x0000000000000000
mem[X,0x80003E0C] -> 0x006F
mem[X,0x80003E0E] -> 0x0110
[400] [M]: 0x80003E0C (0x0110006F) jal zero, 2064


mem[X,0x8000461C] -> 0xA223
mem[X,0x8000461E] -> 0x0440
[401] [M]: 0x8000461C (0x0440A223) sw tp, 68(ra)
mem[0x8003A1AC] <- 0x00000001


mem[X,0x80004620] -> 0x5537
mem[X,0x80004622] -> 0x5555
[402] [M]: 0x80004620 (0x55555537) lui a0, 349525
x10 <- 0x55555000


mem[X,0x80004624] -> 0x0513
mem[X,0x80004626] -> 0x5565
[403] [M]: 0x80004624 (0x55650513) addi a0, a0, 1366
x10 <- 0x55555556


mem[X,0x80004628] -> 0x0593
mem[X,0x8000462A] -> 0xFFD0
[404] [M]: 0x80004628 (0xFFD00593) addi a1, zero, 4093
x11 <- 0xFFFFFFFD


mem[X,0x8000462C] -> 0x0213
mem[X,0x8000462E] -> 0x0000
[405] [M]: 0x8000462C (0x00000213) addi tp, zero, 0
x4 <- 0x00000000


mem[X,0x80004630] -> 0x006F
mem[X,0x80004632] -> 0x00C0
[406] [M]: 0x80004630 (0x00C0006F) jal zero, 12


mem[X,0x8000463C] -> 0x1063
mem[X,0x8000463E] -> 0x10B5
[407] [M]: 0x8000463C (0x10B51063) bne a0, a1, 256


mem[X,0x8000473C] -> 0x0213
mem[X,0x8000473E] -> 0x0032
[408] [M]: 0x8000473C (0x00320213) addi tp, tp, 3
x4 <- 0x00000003


mem[X,0x80004740] -> 0x006F
mem[X,0x80004742] -> 0x0040
[409] [M]: 0x80004740 (0x0040006F) jal zero, 4


mem[X,0x80004744] -> 0xA423
mem[X,0x80004746] -> 0x0440
[410] [M]: 0x80004744 (0x0440A423) sw tp, 72(ra)
mem[0x8003A1B0] <- 0x00000003


mem[X,0x80004748] -> 0x6537
mem[X,0x8000474A] -> 0x6666
[411] [M]: 0x80004748 (0x66666537) lui a0, 419430
x10 <- 0x66666000


mem[X,0x8000474C] -> 0x0513
mem[X,0x8000474E] -> 0x6665
[412] [M]: 0x8000474C (0x66650513) addi a0, a0, 1638
x10 <- 0x66666666


mem[X,0x80004750] -> 0x0593
mem[X,0x80004752] -> 0xFFB0
[413] [M]: 0x80004750 (0xFFB00593) addi a1, zero, 4091
x11 <- 0xFFFFFFFB


mem[X,0x80004754] -> 0x0213
mem[X,0x80004756] -> 0x0000
[414] [M]: 0x80004754 (0x00000213) addi tp, zero, 0
x4 <- 0x00000000


mem[X,0x80004758] -> 0x006F
mem[X,0x8000475A] -> 0x00C0
[415] [M]: 0x80004758 (0x00C0006F) jal zero, 12


mem[X,0x80004764] -> 0x1CE3
mem[X,0x80004766] -> 0xFEB5
[416] [M]: 0x80004764 (0xFEB51CE3) bne a0, a1, 8184


mem[X,0x8000475C] -> 0x0213
mem[X,0x8000475E] -> 0x0012
[417] [M]: 0x8000475C (0x00120213) addi tp, tp, 1
x4 <- 0x00000001


mem[X,0x80004760] -> 0x006F
mem[X,0x80004762] -> 0x0180
[418] [M]: 0x80004760 (0x0180006F) jal zero, 24


mem[X,0x80004778] -> 0xA623
mem[X,0x8000477A] -> 0x0440
[419] [M]: 0x80004778 (0x0440A623) sw tp, 76(ra)
mem[0x8003A1B4] <- 0x00000001


mem[X,0x8000477C] -> 0x0537
mem[X,0x8000477E] -> 0xFC00
[420] [M]: 0x8000477C (0xFC000537) lui a0, 1032192
x10 <- 0xFC000000


mem[X,0x80004780] -> 0x0513
mem[X,0x80004782] -> 0xFFF5
[421] [M]: 0x80004780 (0xFFF50513) addi a0, a0, 4095
x10 <- 0xFBFFFFFF


mem[X,0x80004784] -> 0x0593
mem[X,0x80004786] -> 0xFF70
[422] [M]: 0x80004784 (0xFF700593) addi a1, zero, 4087
x11 <- 0xFFFFFFF7


mem[X,0x80004788] -> 0x0213
mem[X,0x8000478A] -> 0x0000
[423] [M]: 0x80004788 (0x00000213) addi tp, zero, 0
x4 <- 0x00000000


mem[X,0x8000478C] -> 0x006F
mem[X,0x8000478E] -> 0x0140
[424] [M]: 0x8000478C (0x0140006F) jal zero, 20


mem[X,0x800047A0] -> 0x18E3
mem[X,0x800047A2] -> 0xFEB5
[425] [M]: 0x800047A0 (0xFEB518E3) bne a0, a1, 8176


mem[X,0x80004790] -> 0x0213
mem[X,0x80004792] -> 0x0012
[426] [M]: 0x80004790 (0x00120213) addi tp, tp, 1
x4 <- 0x00000001


mem[X,0x80004794] -> 0x006F
mem[X,0x80004796] -> 0x0200
[427] [M]: 0x80004794 (0x0200006F) jal zero, 32


mem[X,0x800047B4] -> 0xA823
mem[X,0x800047B6] -> 0x0440
[428] [M]: 0x800047B4 (0x0440A823) sw tp, 80(ra)
mem[0x8003A1B8] <- 0x00000001


mem[X,0x800047B8] -> 0x0537
mem[X,0x800047BA] -> 0x0002
[429] [M]: 0x800047B8 (0x00020537) lui a0, 32
x10 <- 0x00020000


mem[X,0x800047BC] -> 0x0593
mem[X,0x800047BE] -> 0xFDF0
[430] [M]: 0x800047BC (0xFDF00593) addi a1, zero, 4063
x11 <- 0xFFFFFFDF


mem[X,0x800047C0] -> 0x0213
mem[X,0x800047C2] -> 0x0000
[431] [M]: 0x800047C0 (0x00000213) addi tp, zero, 0
x4 <- 0x00000000


mem[X,0x800047C4] -> 0x006F
mem[X,0x800047C6] -> 0x00C0
[432] [M]: 0x800047C4 (0x00C0006F) jal zero, 12


mem[X,0x800047D0] -> 0x1663
mem[X,0x800047D2] -> 0x00B5
[433] [M]: 0x800047D0 (0x00B51663) bne a0, a1, 12


mem[X,0x800047DC] -> 0x0213
mem[X,0x800047DE] -> 0x0032
[434] [M]: 0x800047DC (0x00320213) addi tp, tp, 3
x4 <- 0x00000003


mem[X,0x800047E0] -> 0x006F
mem[X,0x800047E2] -> 0x0040
[435] [M]: 0x800047E0 (0x0040006F) jal zero, 4


mem[X,0x800047E4] -> 0xAA23
mem[X,0x800047E6] -> 0x0440
[436] [M]: 0x800047E4 (0x0440AA23) sw tp, 84(ra)
mem[0x8003A1BC] <- 0x00000003


mem[X,0x800047E8] -> 0x6537
mem[X,0x800047EA] -> 0x6666
[437] [M]: 0x800047E8 (0x66666537) lui a0, 419430
x10 <- 0x66666000


mem[X,0x800047EC] -> 0x0513
mem[X,0x800047EE] -> 0x6655
[438] [M]: 0x800047EC (0x66550513) addi a0, a0, 1637
x10 <- 0x66666665


mem[X,0x800047F0] -> 0x0593
mem[X,0x800047F2] -> 0xFBF0
[439] [M]: 0x800047F0 (0xFBF00593) addi a1, zero, 4031
x11 <- 0xFFFFFFBF


mem[X,0x800047F4] -> 0x0213
mem[X,0x800047F6] -> 0x0000
[440] [M]: 0x800047F4 (0x00000213) addi tp, zero, 0
x4 <- 0x00000000


mem[X,0x800047F8] -> 0x006F
mem[X,0x800047FA] -> 0x2B10
[441] [M]: 0x800047F8 (0x2B10006F) jal zero, 2736


mem[X,0x800052A8] -> 0x1A63
mem[X,0x800052AA] -> 0xD4B5
[442] [M]: 0x800052A8 (0xD4B51A63) bne a0, a1, 5460


mem[X,0x800047FC] -> 0x0213
mem[X,0x800047FE] -> 0x0012
[443] [M]: 0x800047FC (0x00120213) addi tp, tp, 1
x4 <- 0x00000001


mem[X,0x80004800] -> 0x006F
mem[X,0x80004802] -> 0x2BD0
[444] [M]: 0x80004800 (0x2BD0006F) jal zero, 2748


mem[X,0x800052BC] -> 0xAC23
mem[X,0x800052BE] -> 0x0440
[445] [M]: 0x800052BC (0x0440AC23) sw tp, 88(ra)
mem[0x8003A1C0] <- 0x00000001


mem[X,0x800052C0] -> 0x0513
mem[X,0x800052C2] -> 0x0100
[446] [M]: 0x800052C0 (0x01000513) addi a0, zero, 16
x10 <- 0x00000010


mem[X,0x800052C4] -> 0x0593
mem[X,0x800052C6] -> 0xF7F0
[447] [M]: 0x800052C4 (0xF7F00593) addi a1, zero, 3967
x11 <- 0xFFFFFF7F


mem[X,0x800052C8] -> 0x0213
mem[X,0x800052CA] -> 0x0000
[448] [M]: 0x800052C8 (0x00000213) addi tp, zero, 0
x4 <- 0x00000000


mem[X,0x800052CC] -> 0x006F
mem[X,0x800052CE] -> 0x00C0
[449] [M]: 0x800052CC (0x00C0006F) jal zero, 12


mem[X,0x800052D8] -> 0x1063
mem[X,0x800052DA] -> 0x10B5
[450] [M]: 0x800052D8 (0x10B51063) bne a0, a1, 256


mem[X,0x800053D8] -> 0x0213
mem[X,0x800053DA] -> 0x0032
[451] [M]: 0x800053D8 (0x00320213) addi tp, tp, 3
x4 <- 0x00000003


mem[X,0x800053DC] -> 0x006F
mem[X,0x800053DE] -> 0x0040
[452] [M]: 0x800053DC (0x0040006F) jal zero, 4


mem[X,0x800053E0] -> 0xAE23
mem[X,0x800053E2] -> 0x0440
[453] [M]: 0x800053E0 (0x0440AE23) sw tp, 92(ra)
mem[0x8003A1C4] <- 0x00000003


mem[X,0x800053E4] -> 0x0537
mem[X,0x800053E6] -> 0xFFFC
[454] [M]: 0x800053E4 (0xFFFC0537) lui a0, 1048512
x10 <- 0xFFFC0000


mem[X,0x800053E8] -> 0x0513
mem[X,0x800053EA] -> 0xFFF5
[455] [M]: 0x800053E8 (0xFFF50513) addi a0, a0, 4095
x10 <- 0xFFFBFFFF


mem[X,0x800053EC] -> 0x0593
mem[X,0x800053EE] -> 0xEFF0
[456] [M]: 0x800053EC (0xEFF00593) addi a1, zero, 3839
x11 <- 0xFFFFFEFF


mem[X,0x800053F0] -> 0x0213
mem[X,0x800053F2] -> 0x0000
[457] [M]: 0x800053F0 (0x00000213) addi tp, zero, 0
x4 <- 0x00000000


mem[X,0x800053F4] -> 0x006F
mem[X,0x800053F6] -> 0x00C0
[458] [M]: 0x800053F4 (0x00C0006F) jal zero, 12


mem[X,0x80005400] -> 0x1663
mem[X,0x80005402] -> 0x00B5
[459] [M]: 0x80005400 (0x00B51663) bne a0, a1, 12


mem[X,0x8000540C] -> 0x0213
mem[X,0x8000540E] -> 0x0032
[460] [M]: 0x8000540C (0x00320213) addi tp, tp, 3
x4 <- 0x00000003


mem[X,0x80005410] -> 0x006F
mem[X,0x80005412] -> 0x0040
[461] [M]: 0x80005410 (0x0040006F) jal zero, 4


mem[X,0x80005414] -> 0xA023
mem[X,0x80005416] -> 0x0640
[462] [M]: 0x80005414 (0x0640A023) sw tp, 96(ra)
mem[0x8003A1C8] <- 0x00000003


mem[X,0x80005418] -> 0x0537
mem[X,0x8000541A] -> 0xFFC0
[463] [M]: 0x80005418 (0xFFC00537) lui a0, 1047552
x10 <- 0xFFC00000


mem[X,0x8000541C] -> 0x0513
mem[X,0x8000541E] -> 0xFFF5
[464] [M]: 0x8000541C (0xFFF50513) addi a0, a0, 4095
x10 <- 0xFFBFFFFF


mem[X,0x80005420] -> 0x0593
mem[X,0x80005422] -> 0xDFF0
[465] [M]: 0x80005420 (0xDFF00593) addi a1, zero, 3583
x11 <- 0xFFFFFDFF


mem[X,0x80005424] -> 0x0213
mem[X,0x80005426] -> 0x0000
[466] [M]: 0x80005424 (0x00000213) addi tp, zero, 0
x4 <- 0x00000000


mem[X,0x80005428] -> 0x006F
mem[X,0x8000542A] -> 0x2B10
[467] [M]: 0x80005428 (0x2B10006F) jal zero, 2736


mem[X,0x80005ED8] -> 0x1A63
mem[X,0x80005EDA] -> 0xD4B5
[468] [M]: 0x80005ED8 (0xD4B51A63) bne a0, a1, 5460


mem[X,0x8000542C] -> 0x0213
mem[X,0x8000542E] -> 0x0012
[469] [M]: 0x8000542C (0x00120213) addi tp, tp, 1
x4 <- 0x00000001


mem[X,0x80005430] -> 0x006F
mem[X,0x80005432] -> 0x2BD0
[470] [M]: 0x80005430 (0x2BD0006F) jal zero, 2748


mem[X,0x80005EEC] -> 0xA223
mem[X,0x80005EEE] -> 0x0640
[471] [M]: 0x80005EEC (0x0640A223) sw tp, 100(ra)
mem[0x8003A1CC] <- 0x00000001


mem[X,0x80005EF0] -> 0x0537
mem[X,0x80005EF2] -> 0x4000
[472] [M]: 0x80005EF0 (0x40000537) lui a0, 262144
x10 <- 0x40000000


mem[X,0x80005EF4] -> 0x0593
mem[X,0x80005EF6] -> 0xBFF0
[473] [M]: 0x80005EF4 (0xBFF00593) addi a1, zero, 3071
x11 <- 0xFFFFFBFF


mem[X,0x80005EF8] -> 0x0213
mem[X,0x80005EFA] -> 0x0000
[474] [M]: 0x80005EF8 (0x00000213) addi tp, zero, 0
x4 <- 0x00000000


mem[X,0x80005EFC] -> 0x006F
mem[X,0x80005EFE] -> 0x00C0
[475] [M]: 0x80005EFC (0x00C0006F) jal zero, 12


mem[X,0x80005F08] -> 0x1863
mem[X,0x80005F0A] -> 0x00B5
[476] [M]: 0x80005F08 (0x00B51863) bne a0, a1, 16


mem[X,0x80005F18] -> 0x0213
mem[X,0x80005F1A] -> 0x0032
[477] [M]: 0x80005F18 (0x00320213) addi tp, tp, 3
x4 <- 0x00000003


mem[X,0x80005F1C] -> 0x006F
mem[X,0x80005F1E] -> 0x0040
[478] [M]: 0x80005F1C (0x0040006F) jal zero, 4


mem[X,0x80005F20] -> 0xA423
mem[X,0x80005F22] -> 0x0640
[479] [M]: 0x80005F20 (0x0640A423) sw tp, 104(ra)
mem[0x8003A1D0] <- 0x00000003


mem[X,0x80005F24] -> 0x0537
mem[X,0x80005F26] -> 0xFFF8
[480] [M]: 0x80005F24 (0xFFF80537) lui a0, 1048448
x10 <- 0xFFF80000


mem[X,0x80005F28] -> 0x0513
mem[X,0x80005F2A] -> 0xFFF5
[481] [M]: 0x80005F28 (0xFFF50513) addi a0, a0, 4095
x10 <- 0xFFF7FFFF


mem[X,0x80005F2C] -> 0xF5B7
mem[X,0x80005F2E] -> 0xFFFF
[482] [M]: 0x80005F2C (0xFFFFF5B7) lui a1, 1048575
x11 <- 0xFFFFF000


mem[X,0x80005F30] -> 0x8593
mem[X,0x80005F32] -> 0x7FF5
[483] [M]: 0x80005F30 (0x7FF58593) addi a1, a1, 2047
x11 <- 0xFFFFF7FF


mem[X,0x80005F34] -> 0x0213
mem[X,0x80005F36] -> 0x0000
[484] [M]: 0x80005F34 (0x00000213) addi tp, zero, 0
x4 <- 0x00000000


mem[X,0x80005F38] -> 0x006F
mem[X,0x80005F3A] -> 0x00C0
[485] [M]: 0x80005F38 (0x00C0006F) jal zero, 12


mem[X,0x80005F44] -> 0x1663
mem[X,0x80005F46] -> 0x00B5
[486] [M]: 0x80005F44 (0x00B51663) bne a0, a1, 12


mem[X,0x80005F50] -> 0x0213
mem[X,0x80005F52] -> 0x0032
[487] [M]: 0x80005F50 (0x00320213) addi tp, tp, 3
x4 <- 0x00000003


mem[X,0x80005F54] -> 0x006F
mem[X,0x80005F56] -> 0x0040
[488] [M]: 0x80005F54 (0x0040006F) jal zero, 4


mem[X,0x80005F58] -> 0xA623
mem[X,0x80005F5A] -> 0x0640
[489] [M]: 0x80005F58 (0x0640A623) sw tp, 108(ra)
mem[0x8003A1D4] <- 0x00000003


mem[X,0x80005F5C] -> 0xB537
mem[X,0x80005F5E] -> 0x0000
[490] [M]: 0x80005F5C (0x0000B537) lui a0, 11
x10 <- 0x0000B000


mem[X,0x80005F60] -> 0x0513
mem[X,0x80005F62] -> 0x5045
[491] [M]: 0x80005F60 (0x50450513) addi a0, a0, 1284
x10 <- 0x0000B504


mem[X,0x80005F64] -> 0xE5B7
mem[X,0x80005F66] -> 0xFFFF
[492] [M]: 0x80005F64 (0xFFFFE5B7) lui a1, 1048574
x11 <- 0xFFFFE000


mem[X,0x80005F68] -> 0x8593
mem[X,0x80005F6A] -> 0xFFF5
[493] [M]: 0x80005F68 (0xFFF58593) addi a1, a1, 4095
x11 <- 0xFFFFDFFF


mem[X,0x80005F6C] -> 0x0213
mem[X,0x80005F6E] -> 0x0000
[494] [M]: 0x80005F6C (0x00000213) addi tp, zero, 0
x4 <- 0x00000000


mem[X,0x80005F70] -> 0x006F
mem[X,0x80005F72] -> 0x0100
[495] [M]: 0x80005F70 (0x0100006F) jal zero, 16


mem[X,0x80005F80] -> 0x1AE3
mem[X,0x80005F82] -> 0xFEB5
[496] [M]: 0x80005F80 (0xFEB51AE3) bne a0, a1, 8180


mem[X,0x80005F74] -> 0x0213
mem[X,0x80005F76] -> 0x0012
[497] [M]: 0x80005F74 (0x00120213) addi tp, tp, 1
x4 <- 0x00000001


mem[X,0x80005F78] -> 0x006F
mem[X,0x80005F7A] -> 0x01C0
[498] [M]: 0x80005F78 (0x01C0006F) jal zero, 28


mem[X,0x80005F94] -> 0xA823
mem[X,0x80005F96] -> 0x0640
[499] [M]: 0x80005F94 (0x0640A823) sw tp, 112(ra)
mem[0x8003A1D8] <- 0x00000001


clint::tick mtime <- 0x0000000000000005
 clint timer pending at mtime 0x0000000000000005
htif::tick 0x0000000000000000
mem[X,0x80005F98] -> 0x0513
mem[X,0x80005F9A] -> 0xFFC0
[500] [M]: 0x80005F98 (0xFFC00513) addi a0, zero, 4092
x10 <- 0xFFFFFFFC


mem[X,0x80005F9C] -> 0xC5B7
mem[X,0x80005F9E] -> 0xFFFF
[501] [M]: 0x80005F9C (0xFFFFC5B7) lui a1, 1048572
x11 <- 0xFFFFC000


mem[X,0x80005FA0] -> 0x8593
mem[X,0x80005FA2] -> 0xFFF5
[502] [M]: 0x80005FA0 (0xFFF58593) addi a1, a1, 4095
x11 <- 0xFFFFBFFF


mem[X,0x80005FA4] -> 0x0213
mem[X,0x80005FA6] -> 0x0000
[503] [M]: 0x80005FA4 (0x00000213) addi tp, zero, 0
x4 <- 0x00000000


mem[X,0x80005FA8] -> 0x006F
mem[X,0x80005FAA] -> 0x00C0
[504] [M]: 0x80005FA8 (0x00C0006F) jal zero, 12


mem[X,0x80005FB4] -> 0x1CE3
mem[X,0x80005FB6] -> 0xFEB5
[505] [M]: 0x80005FB4 (0xFEB51CE3) bne a0, a1, 8184


mem[X,0x80005FAC] -> 0x0213
mem[X,0x80005FAE] -> 0x0012
[506] [M]: 0x80005FAC (0x00120213) addi tp, tp, 1
x4 <- 0x00000001


mem[X,0x80005FB0] -> 0x006F
mem[X,0x80005FB2] -> 0x0180
[507] [M]: 0x80005FB0 (0x0180006F) jal zero, 24


mem[X,0x80005FC8] -> 0xAA23
mem[X,0x80005FCA] -> 0x0640
[508] [M]: 0x80005FC8 (0x0640AA23) sw tp, 116(ra)
mem[0x8003A1DC] <- 0x00000001


mem[X,0x80005FCC] -> 0x0537
mem[X,0x80005FCE] -> 0xFFFE
[509] [M]: 0x80005FCC (0xFFFE0537) lui a0, 1048544
x10 <- 0xFFFE0000


mem[X,0x80005FD0] -> 0x0513
mem[X,0x80005FD2] -> 0xFFF5
[510] [M]: 0x80005FD0 (0xFFF50513) addi a0, a0, 4095
x10 <- 0xFFFDFFFF


mem[X,0x80005FD4] -> 0x85B7
mem[X,0x80005FD6] -> 0xFFFF
[511] [M]: 0x80005FD4 (0xFFFF85B7) lui a1, 1048568
x11 <- 0xFFFF8000


mem[X,0x80005FD8] -> 0x8593
mem[X,0x80005FDA] -> 0xFFF5
[512] [M]: 0x80005FD8 (0xFFF58593) addi a1, a1, 4095
x11 <- 0xFFFF7FFF


mem[X,0x80005FDC] -> 0x0213
mem[X,0x80005FDE] -> 0x0000
[513] [M]: 0x80005FDC (0x00000213) addi tp, zero, 0
x4 <- 0x00000000


mem[X,0x80005FE0] -> 0x006F
mem[X,0x80005FE2] -> 0x00C0
[514] [M]: 0x80005FE0 (0x00C0006F) jal zero, 12


mem[X,0x80005FEC] -> 0x1063
mem[X,0x80005FEE] -> 0x40B5
[515] [M]: 0x80005FEC (0x40B51063) bne a0, a1, 1024


mem[X,0x800063EC] -> 0x0213
mem[X,0x800063EE] -> 0x0032
[516] [M]: 0x800063EC (0x00320213) addi tp, tp, 3
x4 <- 0x00000003


mem[X,0x800063F0] -> 0x006F
mem[X,0x800063F2] -> 0x0040
[517] [M]: 0x800063F0 (0x0040006F) jal zero, 4


mem[X,0x800063F4] -> 0xAC23
mem[X,0x800063F6] -> 0x0640
[518] [M]: 0x800063F4 (0x0640AC23) sw tp, 120(ra)
mem[0x8003A1E0] <- 0x00000003


mem[X,0x800063F8] -> 0x0513
mem[X,0x800063FA] -> 0x0000
[519] [M]: 0x800063F8 (0x00000513) addi a0, zero, 0
x10 <- 0x00000000


mem[X,0x800063FC] -> 0x05B7
mem[X,0x800063FE] -> 0xFFFF
[520] [M]: 0x800063FC (0xFFFF05B7) lui a1, 1048560
x11 <- 0xFFFF0000


mem[X,0x80006400] -> 0x8593
mem[X,0x80006402] -> 0xFFF5
[521] [M]: 0x80006400 (0xFFF58593) addi a1, a1, 4095
x11 <- 0xFFFEFFFF


mem[X,0x80006404] -> 0x0213
mem[X,0x80006406] -> 0x0000
[522] [M]: 0x80006404 (0x00000213) addi tp, zero, 0
x4 <- 0x00000000


mem[X,0x80006408] -> 0x006F
mem[X,0x8000640A] -> 0x00C0
[523] [M]: 0x80006408 (0x00C0006F) jal zero, 12


mem[X,0x80006414] -> 0x1663
mem[X,0x80006416] -> 0x00B5
[524] [M]: 0x80006414 (0x00B51663) bne a0, a1, 12


mem[X,0x80006420] -> 0x0213
mem[X,0x80006422] -> 0x0032
[525] [M]: 0x80006420 (0x00320213) addi tp, tp, 3
x4 <- 0x00000003


mem[X,0x80006424] -> 0x006F
mem[X,0x80006426] -> 0x0040
[526] [M]: 0x80006424 (0x0040006F) jal zero, 4


mem[X,0x80006428] -> 0xAE23
mem[X,0x8000642A] -> 0x0640
[527] [M]: 0x80006428 (0x0640AE23) sw tp, 124(ra)
mem[0x8003A1E4] <- 0x00000003


mem[X,0x8000642C] -> 0x0537
mem[X,0x8000642E] -> 0xC000
[528] [M]: 0x8000642C (0xC0000537) lui a0, 786432
x10 <- 0xC0000000


mem[X,0x80006430] -> 0x05B7
mem[X,0x80006432] -> 0xFFFE
[529] [M]: 0x80006430 (0xFFFE05B7) lui a1, 1048544
x11 <- 0xFFFE0000


mem[X,0x80006434] -> 0x8593
mem[X,0x80006436] -> 0xFFF5
[530] [M]: 0x80006434 (0xFFF58593) addi a1, a1, 4095
x11 <- 0xFFFDFFFF


mem[X,0x80006438] -> 0x0213
mem[X,0x8000643A] -> 0x0000
[531] [M]: 0x80006438 (0x00000213) addi tp, zero, 0
x4 <- 0x00000000


mem[X,0x8000643C] -> 0x006F
mem[X,0x8000643E] -> 0x00C0
[532] [M]: 0x8000643C (0x00C0006F) jal zero, 12


mem[X,0x80006448] -> 0x1663
mem[X,0x8000644A] -> 0x00B5
[533] [M]: 0x80006448 (0x00B51663) bne a0, a1, 12


mem[X,0x80006454] -> 0x0213
mem[X,0x80006456] -> 0x0032
[534] [M]: 0x80006454 (0x00320213) addi tp, tp, 3
x4 <- 0x00000003


mem[X,0x80006458] -> 0x006F
mem[X,0x8000645A] -> 0x0040
[535] [M]: 0x80006458 (0x0040006F) jal zero, 4


mem[X,0x8000645C] -> 0xA023
mem[X,0x8000645E] -> 0x0840
[536] [M]: 0x8000645C (0x0840A023) sw tp, 128(ra)
mem[0x8003A1E8] <- 0x00000003


mem[X,0x80006460] -> 0x0513
mem[X,0x80006462] -> 0x0800
[537] [M]: 0x80006460 (0x08000513) addi a0, zero, 128
x10 <- 0x00000080


mem[X,0x80006464] -> 0x05B7
mem[X,0x80006466] -> 0xFFFC
[538] [M]: 0x80006464 (0xFFFC05B7) lui a1, 1048512
x11 <- 0xFFFC0000


mem[X,0x80006468] -> 0x8593
mem[X,0x8000646A] -> 0xFFF5
[539] [M]: 0x80006468 (0xFFF58593) addi a1, a1, 4095
x11 <- 0xFFFBFFFF


mem[X,0x8000646C] -> 0x0213
mem[X,0x8000646E] -> 0x0000
[540] [M]: 0x8000646C (0x00000213) addi tp, zero, 0
x4 <- 0x00000000


mem[X,0x80006470] -> 0x006F
mem[X,0x80006472] -> 0x00C0
[541] [M]: 0x80006470 (0x00C0006F) jal zero, 12


mem[X,0x8000647C] -> 0x1663
mem[X,0x8000647E] -> 0x00B5
[542] [M]: 0x8000647C (0x00B51663) bne a0, a1, 12


mem[X,0x80006488] -> 0x0213
mem[X,0x8000648A] -> 0x0032
[543] [M]: 0x80006488 (0x00320213) addi tp, tp, 3
x4 <- 0x00000003


mem[X,0x8000648C] -> 0x006F
mem[X,0x8000648E] -> 0x0040
[544] [M]: 0x8000648C (0x0040006F) jal zero, 4


mem[X,0x80006490] -> 0xA223
mem[X,0x80006492] -> 0x0840
[545] [M]: 0x80006490 (0x0840A223) sw tp, 132(ra)
mem[0x8003A1EC] <- 0x00000003


mem[X,0x80006494] -> 0x0513
mem[X,0x80006496] -> 0x4000
[546] [M]: 0x80006494 (0x40000513) addi a0, zero, 1024
x10 <- 0x00000400


mem[X,0x80006498] -> 0x05B7
mem[X,0x8000649A] -> 0xFFF8
[547] [M]: 0x80006498 (0xFFF805B7) lui a1, 1048448
x11 <- 0xFFF80000


mem[X,0x8000649C] -> 0x8593
mem[X,0x8000649E] -> 0xFFF5
[548] [M]: 0x8000649C (0xFFF58593) addi a1, a1, 4095
x11 <- 0xFFF7FFFF


mem[X,0x800064A0] -> 0x0213
mem[X,0x800064A2] -> 0x0000
[549] [M]: 0x800064A0 (0x00000213) addi tp, zero, 0
x4 <- 0x00000000


mem[X,0x800064A4] -> 0x006F
mem[X,0x800064A6] -> 0x00C0
[550] [M]: 0x800064A4 (0x00C0006F) jal zero, 12


mem[X,0x800064B0] -> 0x1063
mem[X,0x800064B2] -> 0x10B5
[551] [M]: 0x800064B0 (0x10B51063) bne a0, a1, 256


mem[X,0x800065B0] -> 0x0213
mem[X,0x800065B2] -> 0x0032
[552] [M]: 0x800065B0 (0x00320213) addi tp, tp, 3
x4 <- 0x00000003


mem[X,0x800065B4] -> 0x006F
mem[X,0x800065B6] -> 0x0040
[553] [M]: 0x800065B4 (0x0040006F) jal zero, 4


mem[X,0x800065B8] -> 0xA423
mem[X,0x800065BA] -> 0x0840
[554] [M]: 0x800065B8 (0x0840A423) sw tp, 136(ra)
mem[0x8003A1F0] <- 0x00000003


mem[X,0x800065BC] -> 0x0513
mem[X,0x800065BE] -> 0x0000
[555] [M]: 0x800065BC (0x00000513) addi a0, zero, 0
x10 <- 0x00000000


mem[X,0x800065C0] -> 0x05B7
mem[X,0x800065C2] -> 0xFFF0
[556] [M]: 0x800065C0 (0xFFF005B7) lui a1, 1048320
x11 <- 0xFFF00000


mem[X,0x800065C4] -> 0x8593
mem[X,0x800065C6] -> 0xFFF5
[557] [M]: 0x800065C4 (0xFFF58593) addi a1, a1, 4095
x11 <- 0xFFEFFFFF


mem[X,0x800065C8] -> 0x0213
mem[X,0x800065CA] -> 0x0000
[558] [M]: 0x800065C8 (0x00000213) addi tp, zero, 0
x4 <- 0x00000000


mem[X,0x800065CC] -> 0x006F
mem[X,0x800065CE] -> 0x00C0
[559] [M]: 0x800065CC (0x00C0006F) jal zero, 12


mem[X,0x800065D8] -> 0x1063
mem[X,0x800065DA] -> 0x10B5
[560] [M]: 0x800065D8 (0x10B51063) bne a0, a1, 256


mem[X,0x800066D8] -> 0x0213
mem[X,0x800066DA] -> 0x0032
[561] [M]: 0x800066D8 (0x00320213) addi tp, tp, 3
x4 <- 0x00000003


mem[X,0x800066DC] -> 0x006F
mem[X,0x800066DE] -> 0x0040
[562] [M]: 0x800066DC (0x0040006F) jal zero, 4


mem[X,0x800066E0] -> 0xA623
mem[X,0x800066E2] -> 0x0840
[563] [M]: 0x800066E0 (0x0840A623) sw tp, 140(ra)
mem[0x8003A1F4] <- 0x00000003


mem[X,0x800066E4] -> 0x0513
mem[X,0x800066E6] -> 0x0060
[564] [M]: 0x800066E4 (0x00600513) addi a0, zero, 6
x10 <- 0x00000006


mem[X,0x800066E8] -> 0x05B7
mem[X,0x800066EA] -> 0xFFE0
[565] [M]: 0x800066E8 (0xFFE005B7) lui a1, 1048064
x11 <- 0xFFE00000


mem[X,0x800066EC] -> 0x8593
mem[X,0x800066EE] -> 0xFFF5
[566] [M]: 0x800066EC (0xFFF58593) addi a1, a1, 4095
x11 <- 0xFFDFFFFF


mem[X,0x800066F0] -> 0x0213
mem[X,0x800066F2] -> 0x0000
[567] [M]: 0x800066F0 (0x00000213) addi tp, zero, 0
x4 <- 0x00000000


mem[X,0x800066F4] -> 0x006F
mem[X,0x800066F6] -> 0x00C0
[568] [M]: 0x800066F4 (0x00C0006F) jal zero, 12


mem[X,0x80006700] -> 0x1063
mem[X,0x80006702] -> 0x20B5
[569] [M]: 0x80006700 (0x20B51063) bne a0, a1, 512


mem[X,0x80006900] -> 0x0213
mem[X,0x80006902] -> 0x0032
[570] [M]: 0x80006900 (0x00320213) addi tp, tp, 3
x4 <- 0x00000003


mem[X,0x80006904] -> 0x006F
mem[X,0x80006906] -> 0x0040
[571] [M]: 0x80006904 (0x0040006F) jal zero, 4


mem[X,0x80006908] -> 0xA823
mem[X,0x8000690A] -> 0x0840
[572] [M]: 0x80006908 (0x0840A823) sw tp, 144(ra)
mem[0x8003A1F8] <- 0x00000003


mem[X,0x8000690C] -> 0x0537
mem[X,0x8000690E] -> 0x8000
[573] [M]: 0x8000690C (0x80000537) lui a0, 524288
x10 <- 0x80000000


mem[X,0x80006910] -> 0x05B7
mem[X,0x80006912] -> 0xFFC0
[574] [M]: 0x80006910 (0xFFC005B7) lui a1, 1047552
x11 <- 0xFFC00000


mem[X,0x80006914] -> 0x8593
mem[X,0x80006916] -> 0xFFF5
[575] [M]: 0x80006914 (0xFFF58593) addi a1, a1, 4095
x11 <- 0xFFBFFFFF


mem[X,0x80006918] -> 0x0213
mem[X,0x8000691A] -> 0x0000
[576] [M]: 0x80006918 (0x00000213) addi tp, zero, 0
x4 <- 0x00000000


mem[X,0x8000691C] -> 0x006F
mem[X,0x8000691E] -> 0x00C0
[577] [M]: 0x8000691C (0x00C0006F) jal zero, 12


mem[X,0x80006928] -> 0x1663
mem[X,0x8000692A] -> 0x00B5
[578] [M]: 0x80006928 (0x00B51663) bne a0, a1, 12


mem[X,0x80006934] -> 0x0213
mem[X,0x80006936] -> 0x0032
[579] [M]: 0x80006934 (0x00320213) addi tp, tp, 3
x4 <- 0x00000003


mem[X,0x80006938] -> 0x006F
mem[X,0x8000693A] -> 0x0040
[580] [M]: 0x80006938 (0x0040006F) jal zero, 4


mem[X,0x8000693C] -> 0xAA23
mem[X,0x8000693E] -> 0x0840
[581] [M]: 0x8000693C (0x0840AA23) sw tp, 148(ra)
mem[0x8003A1FC] <- 0x00000003


mem[X,0x80006940] -> 0x0513
mem[X,0x80006942] -> 0x0030
[582] [M]: 0x80006940 (0x00300513) addi a0, zero, 3
x10 <- 0x00000003


mem[X,0x80006944] -> 0x05B7
mem[X,0x80006946] -> 0xFF80
[583] [M]: 0x80006944 (0xFF8005B7) lui a1, 1046528
x11 <- 0xFF800000


mem[X,0x80006948] -> 0x8593
mem[X,0x8000694A] -> 0xFFF5
[584] [M]: 0x80006948 (0xFFF58593) addi a1, a1, 4095
x11 <- 0xFF7FFFFF


mem[X,0x8000694C] -> 0x0213
mem[X,0x8000694E] -> 0x0000
[585] [M]: 0x8000694C (0x00000213) addi tp, zero, 0
x4 <- 0x00000000


mem[X,0x80006950] -> 0x006F
mem[X,0x80006952] -> 0x00C0
[586] [M]: 0x80006950 (0x00C0006F) jal zero, 12


mem[X,0x8000695C] -> 0x1863
mem[X,0x8000695E] -> 0x00B5
[587] [M]: 0x8000695C (0x00B51863) bne a0, a1, 16


mem[X,0x8000696C] -> 0x0213
mem[X,0x8000696E] -> 0x0032
[588] [M]: 0x8000696C (0x00320213) addi tp, tp, 3
x4 <- 0x00000003


mem[X,0x80006970] -> 0x006F
mem[X,0x80006972] -> 0x0040
[589] [M]: 0x80006970 (0x0040006F) jal zero, 4


mem[X,0x80006974] -> 0xAC23
mem[X,0x80006976] -> 0x0840
[590] [M]: 0x80006974 (0x0840AC23) sw tp, 152(ra)
mem[0x8003A200] <- 0x00000003


mem[X,0x80006978] -> 0x0513
mem[X,0x8000697A] -> 0x0040
[591] [M]: 0x80006978 (0x00400513) addi a0, zero, 4
x10 <- 0x00000004


mem[X,0x8000697C] -> 0x05B7
mem[X,0x8000697E] -> 0xFF00
[592] [M]: 0x8000697C (0xFF0005B7) lui a1, 1044480
x11 <- 0xFF000000


mem[X,0x80006980] -> 0x8593
mem[X,0x80006982] -> 0xFFF5
[593] [M]: 0x80006980 (0xFFF58593) addi a1, a1, 4095
x11 <- 0xFEFFFFFF


mem[X,0x80006984] -> 0x0213
mem[X,0x80006986] -> 0x0000
[594] [M]: 0x80006984 (0x00000213) addi tp, zero, 0
x4 <- 0x00000000


mem[X,0x80006988] -> 0x006F
mem[X,0x8000698A] -> 0x00C0
[595] [M]: 0x80006988 (0x00C0006F) jal zero, 12


mem[X,0x80006994] -> 0x1063
mem[X,0x80006996] -> 0x08B5
[596] [M]: 0x80006994 (0x08B51063) bne a0, a1, 128


mem[X,0x80006A14] -> 0x0213
mem[X,0x80006A16] -> 0x0032
[597] [M]: 0x80006A14 (0x00320213) addi tp, tp, 3
x4 <- 0x00000003


mem[X,0x80006A18] -> 0x006F
mem[X,0x80006A1A] -> 0x0040
[598] [M]: 0x80006A18 (0x0040006F) jal zero, 4


mem[X,0x80006A1C] -> 0xAE23
mem[X,0x80006A1E] -> 0x0840
[599] [M]: 0x80006A1C (0x0840AE23) sw tp, 156(ra)
mem[0x8003A204] <- 0x00000003


clint::tick mtime <- 0x0000000000000006
 clint timer pending at mtime 0x0000000000000006
htif::tick 0x0000000000000000
mem[X,0x80006A20] -> 0x0513
mem[X,0x80006A22] -> 0xFFF0
[600] [M]: 0x80006A20 (0xFFF00513) addi a0, zero, 4095
x10 <- 0xFFFFFFFF


mem[X,0x80006A24] -> 0x05B7
mem[X,0x80006A26] -> 0xFE00
[601] [M]: 0x80006A24 (0xFE0005B7) lui a1, 1040384
x11 <- 0xFE000000


mem[X,0x80006A28] -> 0x8593
mem[X,0x80006A2A] -> 0xFFF5
[602] [M]: 0x80006A28 (0xFFF58593) addi a1, a1, 4095
x11 <- 0xFDFFFFFF


mem[X,0x80006A2C] -> 0x0213
mem[X,0x80006A2E] -> 0x0000
[603] [M]: 0x80006A2C (0x00000213) addi tp, zero, 0
x4 <- 0x00000000


mem[X,0x80006A30] -> 0x006F
mem[X,0x80006A32] -> 0x00C0
[604] [M]: 0x80006A30 (0x00C0006F) jal zero, 12


mem[X,0x80006A3C] -> 0x1063
mem[X,0x80006A3E] -> 0x04B5
[605] [M]: 0x80006A3C (0x04B51063) bne a0, a1, 64


mem[X,0x80006A7C] -> 0x0213
mem[X,0x80006A7E] -> 0x0032
[606] [M]: 0x80006A7C (0x00320213) addi tp, tp, 3
x4 <- 0x00000003


mem[X,0x80006A80] -> 0x006F
mem[X,0x80006A82] -> 0x0040
[607] [M]: 0x80006A80 (0x0040006F) jal zero, 4


mem[X,0x80006A84] -> 0xA023
mem[X,0x80006A86] -> 0x0A40
[608] [M]: 0x80006A84 (0x0A40A023) sw tp, 160(ra)
mem[0x8003A208] <- 0x00000003


mem[X,0x80006A88] -> 0x0513
mem[X,0x80006A8A] -> 0x0070
[609] [M]: 0x80006A88 (0x00700513) addi a0, zero, 7
x10 <- 0x00000007


mem[X,0x80006A8C] -> 0x05B7
mem[X,0x80006A8E] -> 0xFC00
[610] [M]: 0x80006A8C (0xFC0005B7) lui a1, 1032192
x11 <- 0xFC000000


mem[X,0x80006A90] -> 0x8593
mem[X,0x80006A92] -> 0xFFF5
[611] [M]: 0x80006A90 (0xFFF58593) addi a1, a1, 4095
x11 <- 0xFBFFFFFF


mem[X,0x80006A94] -> 0x0213
mem[X,0x80006A96] -> 0x0000
[612] [M]: 0x80006A94 (0x00000213) addi tp, zero, 0
x4 <- 0x00000000


mem[X,0x80006A98] -> 0x006F
mem[X,0x80006A9A] -> 0x0050
[613] [M]: 0x80006A98 (0x0050006F) jal zero, 2052


mem[X,0x8000729C] -> 0x10E3
mem[X,0x8000729E] -> 0x80B5
[614] [M]: 0x8000729C (0x80B510E3) bne a0, a1, 6144


mem[X,0x80006A9C] -> 0x0213
mem[X,0x80006A9E] -> 0x0012
[615] [M]: 0x80006A9C (0x00120213) addi tp, tp, 1
x4 <- 0x00000001


mem[X,0x80006AA0] -> 0x006F
mem[X,0x80006AA2] -> 0x0110
[616] [M]: 0x80006AA0 (0x0110006F) jal zero, 2064


mem[X,0x800072B0] -> 0xA223
mem[X,0x800072B2] -> 0x0A40
[617] [M]: 0x800072B0 (0x0A40A223) sw tp, 164(ra)
mem[0x8003A20C] <- 0x00000001


mem[X,0x800072B4] -> 0x0513
mem[X,0x800072B6] -> 0x0050
[618] [M]: 0x800072B4 (0x00500513) addi a0, zero, 5
x10 <- 0x00000005


mem[X,0x800072B8] -> 0x05B7
mem[X,0x800072BA] -> 0xF800
[619] [M]: 0x800072B8 (0xF80005B7) lui a1, 1015808
x11 <- 0xF8000000


mem[X,0x800072BC] -> 0x8593
mem[X,0x800072BE] -> 0xFFF5
[620] [M]: 0x800072BC (0xFFF58593) addi a1, a1, 4095
x11 <- 0xF7FFFFFF


mem[X,0x800072C0] -> 0x0213
mem[X,0x800072C2] -> 0x0000
[621] [M]: 0x800072C0 (0x00000213) addi tp, zero, 0
x4 <- 0x00000000


mem[X,0x800072C4] -> 0x006F
mem[X,0x800072C6] -> 0x00C0
[622] [M]: 0x800072C4 (0x00C0006F) jal zero, 12


mem[X,0x800072D0] -> 0x1CE3
mem[X,0x800072D2] -> 0xFEB5
[623] [M]: 0x800072D0 (0xFEB51CE3) bne a0, a1, 8184


mem[X,0x800072C8] -> 0x0213
mem[X,0x800072CA] -> 0x0012
[624] [M]: 0x800072C8 (0x00120213) addi tp, tp, 1
x4 <- 0x00000001


mem[X,0x800072CC] -> 0x006F
mem[X,0x800072CE] -> 0x0180
[625] [M]: 0x800072CC (0x0180006F) jal zero, 24


mem[X,0x800072E4] -> 0xA423
mem[X,0x800072E6] -> 0x0A40
[626] [M]: 0x800072E4 (0x0A40A423) sw tp, 168(ra)
mem[0x8003A210] <- 0x00000001


mem[X,0x800072E8] -> 0x0537
mem[X,0x800072EA] -> 0xFE00
[627] [M]: 0x800072E8 (0xFE000537) lui a0, 1040384
x10 <- 0xFE000000


mem[X,0x800072EC] -> 0x0513
mem[X,0x800072EE] -> 0xFFF5
[628] [M]: 0x800072EC (0xFFF50513) addi a0, a0, 4095
x10 <- 0xFDFFFFFF


mem[X,0x800072F0] -> 0x05B7
mem[X,0x800072F2] -> 0xE000
[629] [M]: 0x800072F0 (0xE00005B7) lui a1, 917504
x11 <- 0xE0000000


mem[X,0x800072F4] -> 0x8593
mem[X,0x800072F6] -> 0xFFF5
[630] [M]: 0x800072F4 (0xFFF58593) addi a1, a1, 4095
x11 <- 0xDFFFFFFF


mem[X,0x800072F8] -> 0x0213
mem[X,0x800072FA] -> 0x0000
[631] [M]: 0x800072F8 (0x00000213) addi tp, zero, 0
x4 <- 0x00000000


mem[X,0x800072FC] -> 0x006F
mem[X,0x800072FE] -> 0x00C0
[632] [M]: 0x800072FC (0x00C0006F) jal zero, 12


mem[X,0x80007308] -> 0x1063
mem[X,0x8000730A] -> 0x40B5
[633] [M]: 0x80007308 (0x40B51063) bne a0, a1, 1024


mem[X,0x80007708] -> 0x0213
mem[X,0x8000770A] -> 0x0032
[634] [M]: 0x80007708 (0x00320213) addi tp, tp, 3
x4 <- 0x00000003


mem[X,0x8000770C] -> 0x006F
mem[X,0x8000770E] -> 0x0040
[635] [M]: 0x8000770C (0x0040006F) jal zero, 4


mem[X,0x80007710] -> 0xA623
mem[X,0x80007712] -> 0x0A40
[636] [M]: 0x80007710 (0x0A40A623) sw tp, 172(ra)
mem[0x8003A214] <- 0x00000003


mem[X,0x80007714] -> 0x0537
mem[X,0x80007716] -> 0x4000
[637] [M]: 0x80007714 (0x40000537) lui a0, 262144
x10 <- 0x40000000


mem[X,0x80007718] -> 0x0513
mem[X,0x8000771A] -> 0xFFF5
[638] [M]: 0x80007718 (0xFFF50513) addi a0, a0, 4095
x10 <- 0x3FFFFFFF


mem[X,0x8000771C] -> 0x05B7
mem[X,0x8000771E] -> 0x8000
[639] [M]: 0x8000771C (0x800005B7) lui a1, 524288
x11 <- 0x80000000


mem[X,0x80007720] -> 0x8593
mem[X,0x80007722] -> 0xFFF5
[640] [M]: 0x80007720 (0xFFF58593) addi a1, a1, 4095
x11 <- 0x7FFFFFFF


mem[X,0x80007724] -> 0x0213
mem[X,0x80007726] -> 0x0000
[641] [M]: 0x80007724 (0x00000213) addi tp, zero, 0
x4 <- 0x00000000


mem[X,0x80007728] -> 0x006F
mem[X,0x8000772A] -> 0x00C0
[642] [M]: 0x80007728 (0x00C0006F) jal zero, 12


mem[X,0x80007734] -> 0x1063
mem[X,0x80007736] -> 0x20B5
[643] [M]: 0x80007734 (0x20B51063) bne a0, a1, 512


mem[X,0x80007934] -> 0x0213
mem[X,0x80007936] -> 0x0032
[644] [M]: 0x80007934 (0x00320213) addi tp, tp, 3
x4 <- 0x00000003


mem[X,0x80007938] -> 0x006F
mem[X,0x8000793A] -> 0x0040
[645] [M]: 0x80007938 (0x0040006F) jal zero, 4


mem[X,0x8000793C] -> 0xA823
mem[X,0x8000793E] -> 0x0A40
[646] [M]: 0x8000793C (0x0A40A823) sw tp, 176(ra)
mem[0x8003A218] <- 0x00000003


mem[X,0x80007940] -> 0x0513
mem[X,0x80007942] -> 0x0060
[647] [M]: 0x80007940 (0x00600513) addi a0, zero, 6
x10 <- 0x00000006


mem[X,0x80007944] -> 0x55B7
mem[X,0x80007946] -> 0x5555
[648] [M]: 0x80007944 (0x555555B7) lui a1, 349525
x11 <- 0x55555000


mem[X,0x80007948] -> 0x8593
mem[X,0x8000794A] -> 0x5555
[649] [M]: 0x80007948 (0x55558593) addi a1, a1, 1365
x11 <- 0x55555555


mem[X,0x8000794C] -> 0x0213
mem[X,0x8000794E] -> 0x0000
[650] [M]: 0x8000794C (0x00000213) addi tp, zero, 0
x4 <- 0x00000000


mem[X,0x80007950] -> 0x006F
mem[X,0x80007952] -> 0x00C0
[651] [M]: 0x80007950 (0x00C0006F) jal zero, 12


mem[X,0x8000795C] -> 0x1663
mem[X,0x8000795E] -> 0x00B5
[652] [M]: 0x8000795C (0x00B51663) bne a0, a1, 12


mem[X,0x80007968] -> 0x0213
mem[X,0x8000796A] -> 0x0032
[653] [M]: 0x80007968 (0x00320213) addi tp, tp, 3
x4 <- 0x00000003


mem[X,0x8000796C] -> 0x006F
mem[X,0x8000796E] -> 0x0040
[654] [M]: 0x8000796C (0x0040006F) jal zero, 4


mem[X,0x80007970] -> 0xAA23
mem[X,0x80007972] -> 0x0A40
[655] [M]: 0x80007970 (0x0A40AA23) sw tp, 180(ra)
mem[0x8003A21C] <- 0x00000003


mem[X,0x80007974] -> 0x0513
mem[X,0x80007976] -> 0xFEF0
[656] [M]: 0x80007974 (0xFEF00513) addi a0, zero, 4079
x10 <- 0xFFFFFFEF


mem[X,0x80007978] -> 0xB5B7
mem[X,0x8000797A] -> 0xAAAA
[657] [M]: 0x80007978 (0xAAAAB5B7) lui a1, 699051
x11 <- 0xAAAAB000


mem[X,0x8000797C] -> 0x8593
mem[X,0x8000797E] -> 0xAAA5
[658] [M]: 0x8000797C (0xAAA58593) addi a1, a1, 2730
x11 <- 0xAAAAAAAA


mem[X,0x80007980] -> 0x0213
mem[X,0x80007982] -> 0x0000
[659] [M]: 0x80007980 (0x00000213) addi tp, zero, 0
x4 <- 0x00000000


mem[X,0x80007984] -> 0x006F
mem[X,0x80007986] -> 0x00C0
[660] [M]: 0x80007984 (0x00C0006F) jal zero, 12


mem[X,0x80007990] -> 0x1063
mem[X,0x80007992] -> 0x10B5
[661] [M]: 0x80007990 (0x10B51063) bne a0, a1, 256


mem[X,0x80007A90] -> 0x0213
mem[X,0x80007A92] -> 0x0032
[662] [M]: 0x80007A90 (0x00320213) addi tp, tp, 3
x4 <- 0x00000003


mem[X,0x80007A94] -> 0x006F
mem[X,0x80007A96] -> 0x0040
[663] [M]: 0x80007A94 (0x0040006F) jal zero, 4


mem[X,0x80007A98] -> 0xAC23
mem[X,0x80007A9A] -> 0x0A40
[664] [M]: 0x80007A98 (0x0A40AC23) sw tp, 184(ra)
mem[0x8003A220] <- 0x00000003


mem[X,0x80007A9C] -> 0x0513
mem[X,0x80007A9E] -> 0x0080
[665] [M]: 0x80007A9C (0x00800513) addi a0, zero, 8
x10 <- 0x00000008


mem[X,0x80007AA0] -> 0x35B7
mem[X,0x80007AA2] -> 0x3333
[666] [M]: 0x80007AA0 (0x333335B7) lui a1, 209715
x11 <- 0x33333000


mem[X,0x80007AA4] -> 0x8593
mem[X,0x80007AA6] -> 0x3345
[667] [M]: 0x80007AA4 (0x33458593) addi a1, a1, 820
x11 <- 0x33333334


mem[X,0x80007AA8] -> 0x0213
mem[X,0x80007AAA] -> 0x0000
[668] [M]: 0x80007AA8 (0x00000213) addi tp, zero, 0
x4 <- 0x00000000


mem[X,0x80007AAC] -> 0x006F
mem[X,0x80007AAE] -> 0x00C0
[669] [M]: 0x80007AAC (0x00C0006F) jal zero, 12


mem[X,0x80007AB8] -> 0x1063
mem[X,0x80007ABA] -> 0x40B5
[670] [M]: 0x80007AB8 (0x40B51063) bne a0, a1, 1024


mem[X,0x80007EB8] -> 0x0213
mem[X,0x80007EBA] -> 0x0032
[671] [M]: 0x80007EB8 (0x00320213) addi tp, tp, 3
x4 <- 0x00000003


mem[X,0x80007EBC] -> 0x006F
mem[X,0x80007EBE] -> 0x0040
[672] [M]: 0x80007EBC (0x0040006F) jal zero, 4


mem[X,0x80007EC0] -> 0xAE23
mem[X,0x80007EC2] -> 0x0A40
[673] [M]: 0x80007EC0 (0x0A40AE23) sw tp, 188(ra)
mem[0x8003A224] <- 0x00000003


mem[X,0x80007EC4] -> 0x0513
mem[X,0x80007EC6] -> 0x0400
[674] [M]: 0x80007EC4 (0x04000513) addi a0, zero, 64
x10 <- 0x00000040


mem[X,0x80007EC8] -> 0x0593
mem[X,0x80007ECA] -> 0xFDF0
[675] [M]: 0x80007EC8 (0xFDF00593) addi a1, zero, 4063
x11 <- 0xFFFFFFDF


mem[X,0x80007ECC] -> 0x0213
mem[X,0x80007ECE] -> 0x0000
[676] [M]: 0x80007ECC (0x00000213) addi tp, zero, 0
x4 <- 0x00000000


mem[X,0x80007ED0] -> 0x006F
mem[X,0x80007ED2] -> 0x00C0
[677] [M]: 0x80007ED0 (0x00C0006F) jal zero, 12


mem[X,0x80007EDC] -> 0x1063
mem[X,0x80007EDE] -> 0x02B5
[678] [M]: 0x80007EDC (0x02B51063) bne a0, a1, 32


mem[X,0x80007EFC] -> 0x0213
mem[X,0x80007EFE] -> 0x0032
[679] [M]: 0x80007EFC (0x00320213) addi tp, tp, 3
x4 <- 0x00000003


mem[X,0x80007F00] -> 0x006F
mem[X,0x80007F02] -> 0x0040
[680] [M]: 0x80007F00 (0x0040006F) jal zero, 4


mem[X,0x80007F04] -> 0xA023
mem[X,0x80007F06] -> 0x0C40
[681] [M]: 0x80007F04 (0x0C40A023) sw tp, 192(ra)
mem[0x8003A228] <- 0x00000003


mem[X,0x80007F08] -> 0x0513
mem[X,0x80007F0A] -> 0x1000
[682] [M]: 0x80007F08 (0x10000513) addi a0, zero, 256
x10 <- 0x00000100


mem[X,0x80007F0C] -> 0x0593
mem[X,0x80007F0E] -> 0xEFF0
[683] [M]: 0x80007F0C (0xEFF00593) addi a1, zero, 3839
x11 <- 0xFFFFFEFF


mem[X,0x80007F10] -> 0x0213
mem[X,0x80007F12] -> 0x0000
[684] [M]: 0x80007F10 (0x00000213) addi tp, zero, 0
x4 <- 0x00000000


mem[X,0x80007F14] -> 0x006F
mem[X,0x80007F16] -> 0x00C0
[685] [M]: 0x80007F14 (0x00C0006F) jal zero, 12


mem[X,0x80007F20] -> 0x1663
mem[X,0x80007F22] -> 0x00B5
[686] [M]: 0x80007F20 (0x00B51663) bne a0, a1, 12


mem[X,0x80007F2C] -> 0x0213
mem[X,0x80007F2E] -> 0x0032
[687] [M]: 0x80007F2C (0x00320213) addi tp, tp, 3
x4 <- 0x00000003


mem[X,0x80007F30] -> 0x006F
mem[X,0x80007F32] -> 0x0040
[688] [M]: 0x80007F30 (0x0040006F) jal zero, 4


mem[X,0x80007F34] -> 0xA223
mem[X,0x80007F36] -> 0x0C40
[689] [M]: 0x80007F34 (0x0C40A223) sw tp, 196(ra)
mem[0x8003A22C] <- 0x00000003


mem[X,0x80007F38] -> 0x0513
mem[X,0x80007F3A] -> 0x2000
[690] [M]: 0x80007F38 (0x20000513) addi a0, zero, 512
x10 <- 0x00000200


mem[X,0x80007F3C] -> 0x05B7
mem[X,0x80007F3E] -> 0xFE00
[691] [M]: 0x80007F3C (0xFE0005B7) lui a1, 1040384
x11 <- 0xFE000000


mem[X,0x80007F40] -> 0x8593
mem[X,0x80007F42] -> 0xFFF5
[692] [M]: 0x80007F40 (0xFFF58593) addi a1, a1, 4095
x11 <- 0xFDFFFFFF


mem[X,0x80007F44] -> 0x0213
mem[X,0x80007F46] -> 0x0000
[693] [M]: 0x80007F44 (0x00000213) addi tp, zero, 0
x4 <- 0x00000000


mem[X,0x80007F48] -> 0x006F
mem[X,0x80007F4A] -> 0x0180
[694] [M]: 0x80007F48 (0x0180006F) jal zero, 24


mem[X,0x80007F60] -> 0x16E3
mem[X,0x80007F62] -> 0xFEB5
[695] [M]: 0x80007F60 (0xFEB516E3) bne a0, a1, 8172


mem[X,0x80007F4C] -> 0x0213
mem[X,0x80007F4E] -> 0x0012
[696] [M]: 0x80007F4C (0x00120213) addi tp, tp, 1
x4 <- 0x00000001


mem[X,0x80007F50] -> 0x006F
mem[X,0x80007F52] -> 0x0240
[697] [M]: 0x80007F50 (0x0240006F) jal zero, 36


mem[X,0x80007F74] -> 0xA423
mem[X,0x80007F76] -> 0x0C40
[698] [M]: 0x80007F74 (0x0C40A423) sw tp, 200(ra)
mem[0x8003A230] <- 0x00000001


mem[X,0x80007F78] -> 0x1537
mem[X,0x80007F7A] -> 0x0000
[699] [M]: 0x80007F78 (0x00001537) lui a0, 1
x10 <- 0x00001000


clint::tick mtime <- 0x0000000000000007
 clint timer pending at mtime 0x0000000000000007
htif::tick 0x0000000000000000
mem[X,0x80007F7C] -> 0x0513
mem[X,0x80007F7E] -> 0x8005
[700] [M]: 0x80007F7C (0x80050513) addi a0, a0, 2048
x10 <- 0x00000800


mem[X,0x80007F80] -> 0x65B7
mem[X,0x80007F82] -> 0x6666
[701] [M]: 0x80007F80 (0x666665B7) lui a1, 419430
x11 <- 0x66666000


mem[X,0x80007F84] -> 0x8593
mem[X,0x80007F86] -> 0x6665
[702] [M]: 0x80007F84 (0x66658593) addi a1, a1, 1638
x11 <- 0x66666666


mem[X,0x80007F88] -> 0x0213
mem[X,0x80007F8A] -> 0x0000
[703] [M]: 0x80007F88 (0x00000213) addi tp, zero, 0
x4 <- 0x00000000


mem[X,0x80007F8C] -> 0x006F
mem[X,0x80007F8E] -> 0x00C0
[704] [M]: 0x80007F8C (0x00C0006F) jal zero, 12


mem[X,0x80007F98] -> 0x1663
mem[X,0x80007F9A] -> 0x00B5
[705] [M]: 0x80007F98 (0x00B51663) bne a0, a1, 12


mem[X,0x80007FA4] -> 0x0213
mem[X,0x80007FA6] -> 0x0032
[706] [M]: 0x80007FA4 (0x00320213) addi tp, tp, 3
x4 <- 0x00000003


mem[X,0x80007FA8] -> 0x006F
mem[X,0x80007FAA] -> 0x0040
[707] [M]: 0x80007FA8 (0x0040006F) jal zero, 4


mem[X,0x80007FAC] -> 0xA623
mem[X,0x80007FAE] -> 0x0C40
[708] [M]: 0x80007FAC (0x0C40A623) sw tp, 204(ra)
mem[0x8003A234] <- 0x00000003


mem[X,0x80007FB0] -> 0x1537
mem[X,0x80007FB2] -> 0x0000
[709] [M]: 0x80007FB0 (0x00001537) lui a0, 1
x10 <- 0x00001000


mem[X,0x80007FB4] -> 0xB5B7
mem[X,0x80007FB6] -> 0x0000
[710] [M]: 0x80007FB4 (0x0000B5B7) lui a1, 11
x11 <- 0x0000B000


mem[X,0x80007FB8] -> 0x8593
mem[X,0x80007FBA] -> 0x5035
[711] [M]: 0x80007FB8 (0x50358593) addi a1, a1, 1283
x11 <- 0x0000B503


mem[X,0x80007FBC] -> 0x0213
mem[X,0x80007FBE] -> 0x0000
[712] [M]: 0x80007FBC (0x00000213) addi tp, zero, 0
x4 <- 0x00000000


mem[X,0x80007FC0] -> 0x006F
mem[X,0x80007FC2] -> 0x00C0
[713] [M]: 0x80007FC0 (0x00C0006F) jal zero, 12


mem[X,0x80007FCC] -> 0x1663
mem[X,0x80007FCE] -> 0x00B5
[714] [M]: 0x80007FCC (0x00B51663) bne a0, a1, 12


mem[X,0x80007FD8] -> 0x0213
mem[X,0x80007FDA] -> 0x0032
[715] [M]: 0x80007FD8 (0x00320213) addi tp, tp, 3
x4 <- 0x00000003


mem[X,0x80007FDC] -> 0x006F
mem[X,0x80007FDE] -> 0x0040
[716] [M]: 0x80007FDC (0x0040006F) jal zero, 4


mem[X,0x80007FE0] -> 0xA823
mem[X,0x80007FE2] -> 0x0C40
[717] [M]: 0x80007FE0 (0x0C40A823) sw tp, 208(ra)
mem[0x8003A238] <- 0x00000003


mem[X,0x80007FE4] -> 0x2537
mem[X,0x80007FE6] -> 0x0000
[718] [M]: 0x80007FE4 (0x00002537) lui a0, 2
x10 <- 0x00002000


mem[X,0x80007FE8] -> 0x05B7
mem[X,0x80007FEA] -> 0x2000
[719] [M]: 0x80007FE8 (0x200005B7) lui a1, 131072
x11 <- 0x20000000


mem[X,0x80007FEC] -> 0x0213
mem[X,0x80007FEE] -> 0x0000
[720] [M]: 0x80007FEC (0x00000213) addi tp, zero, 0
x4 <- 0x00000000


mem[X,0x80007FF0] -> 0x006F
mem[X,0x80007FF2] -> 0x00C0
[721] [M]: 0x80007FF0 (0x00C0006F) jal zero, 12


mem[X,0x80007FFC] -> 0x1663
mem[X,0x80007FFE] -> 0x00B5
[722] [M]: 0x80007FFC (0x00B51663) bne a0, a1, 12


mem[X,0x80008008] -> 0x0213
mem[X,0x8000800A] -> 0x0032
[723] [M]: 0x80008008 (0x00320213) addi tp, tp, 3
x4 <- 0x00000003


mem[X,0x8000800C] -> 0x006F
mem[X,0x8000800E] -> 0x0040
[724] [M]: 0x8000800C (0x0040006F) jal zero, 4


mem[X,0x80008010] -> 0xAA23
mem[X,0x80008012] -> 0x0C40
[725] [M]: 0x80008010 (0x0C40AA23) sw tp, 212(ra)
mem[0x8003A23C] <- 0x00000003


mem[X,0x80008014] -> 0x8537
mem[X,0x80008016] -> 0x0000
[726] [M]: 0x80008014 (0x00008537) lui a0, 8
x10 <- 0x00008000


mem[X,0x80008018] -> 0x65B7
mem[X,0x8000801A] -> 0x6666
[727] [M]: 0x80008018 (0x666665B7) lui a1, 419430
x11 <- 0x66666000


mem[X,0x8000801C] -> 0x8593
mem[X,0x8000801E] -> 0x6665
[728] [M]: 0x8000801C (0x66658593) addi a1, a1, 1638
x11 <- 0x66666666


mem[X,0x80008020] -> 0x0213
mem[X,0x80008022] -> 0x0000
[729] [M]: 0x80008020 (0x00000213) addi tp, zero, 0
x4 <- 0x00000000


mem[X,0x80008024] -> 0x006F
mem[X,0x80008026] -> 0x00C0
[730] [M]: 0x80008024 (0x00C0006F) jal zero, 12


mem[X,0x80008030] -> 0x1063
mem[X,0x80008032] -> 0x08B5
[731] [M]: 0x80008030 (0x08B51063) bne a0, a1, 128


mem[X,0x800080B0] -> 0x0213
mem[X,0x800080B2] -> 0x0032
[732] [M]: 0x800080B0 (0x00320213) addi tp, tp, 3
x4 <- 0x00000003


mem[X,0x800080B4] -> 0x006F
mem[X,0x800080B6] -> 0x0040
[733] [M]: 0x800080B4 (0x0040006F) jal zero, 4


mem[X,0x800080B8] -> 0xAC23
mem[X,0x800080BA] -> 0x0C40
[734] [M]: 0x800080B8 (0x0C40AC23) sw tp, 216(ra)
mem[0x8003A240] <- 0x00000003


mem[X,0x800080BC] -> 0x0537
mem[X,0x800080BE] -> 0x0001
[735] [M]: 0x800080BC (0x00010537) lui a0, 16
x10 <- 0x00010000


mem[X,0x800080C0] -> 0x0593
mem[X,0x800080C2] -> 0x0060
[736] [M]: 0x800080C0 (0x00600593) addi a1, zero, 6
x11 <- 0x00000006


mem[X,0x800080C4] -> 0x0213
mem[X,0x800080C6] -> 0x0000
[737] [M]: 0x800080C4 (0x00000213) addi tp, zero, 0
x4 <- 0x00000000


mem[X,0x800080C8] -> 0x006F
mem[X,0x800080CA] -> 0x00C0
[738] [M]: 0x800080C8 (0x00C0006F) jal zero, 12


mem[X,0x800080D4] -> 0x1063
mem[X,0x800080D6] -> 0x04B5
[739] [M]: 0x800080D4 (0x04B51063) bne a0, a1, 64


mem[X,0x80008114] -> 0x0213
mem[X,0x80008116] -> 0x0032
[740] [M]: 0x80008114 (0x00320213) addi tp, tp, 3
x4 <- 0x00000003


mem[X,0x80008118] -> 0x006F
mem[X,0x8000811A] -> 0x0040
[741] [M]: 0x80008118 (0x0040006F) jal zero, 4


mem[X,0x8000811C] -> 0xAE23
mem[X,0x8000811E] -> 0x0C40
[742] [M]: 0x8000811C (0x0C40AE23) sw tp, 220(ra)
mem[0x8003A244] <- 0x00000003


mem[X,0x80008120] -> 0x0537
mem[X,0x80008122] -> 0x0004
[743] [M]: 0x80008120 (0x00040537) lui a0, 64
x10 <- 0x00040000


mem[X,0x80008124] -> 0x05B7
mem[X,0x80008126] -> 0xF000
[744] [M]: 0x80008124 (0xF00005B7) lui a1, 983040
x11 <- 0xF0000000


mem[X,0x80008128] -> 0x8593
mem[X,0x8000812A] -> 0xFFF5
[745] [M]: 0x80008128 (0xFFF58593) addi a1, a1, 4095
x11 <- 0xEFFFFFFF


mem[X,0x8000812C] -> 0x0213
mem[X,0x8000812E] -> 0x0000
[746] [M]: 0x8000812C (0x00000213) addi tp, zero, 0
x4 <- 0x00000000


mem[X,0x80008130] -> 0x006F
mem[X,0x80008132] -> 0x00C0
[747] [M]: 0x80008130 (0x00C0006F) jal zero, 12


mem[X,0x8000813C] -> 0x1063
mem[X,0x8000813E] -> 0x02B5
[748] [M]: 0x8000813C (0x02B51063) bne a0, a1, 32


mem[X,0x8000815C] -> 0x0213
mem[X,0x8000815E] -> 0x0032
[749] [M]: 0x8000815C (0x00320213) addi tp, tp, 3
x4 <- 0x00000003


mem[X,0x80008160] -> 0x006F
mem[X,0x80008162] -> 0x0040
[750] [M]: 0x80008160 (0x0040006F) jal zero, 4


mem[X,0x80008164] -> 0xA023
mem[X,0x80008166] -> 0x0E40
[751] [M]: 0x80008164 (0x0E40A023) sw tp, 224(ra)
mem[0x8003A248] <- 0x00000003


mem[X,0x80008168] -> 0x0537
mem[X,0x8000816A] -> 0x0008
[752] [M]: 0x80008168 (0x00080537) lui a0, 128
x10 <- 0x00080000


mem[X,0x8000816C] -> 0x05B7
mem[X,0x8000816E] -> 0xC000
[753] [M]: 0x8000816C (0xC00005B7) lui a1, 786432
x11 <- 0xC0000000


mem[X,0x80008170] -> 0x0213
mem[X,0x80008172] -> 0x0000
[754] [M]: 0x80008170 (0x00000213) addi tp, zero, 0
x4 <- 0x00000000


mem[X,0x80008174] -> 0x006F
mem[X,0x80008176] -> 0x0140
[755] [M]: 0x80008174 (0x0140006F) jal zero, 20


mem[X,0x80008188] -> 0x18E3
mem[X,0x8000818A] -> 0xFEB5
[756] [M]: 0x80008188 (0xFEB518E3) bne a0, a1, 8176


mem[X,0x80008178] -> 0x0213
mem[X,0x8000817A] -> 0x0012
[757] [M]: 0x80008178 (0x00120213) addi tp, tp, 1
x4 <- 0x00000001


mem[X,0x8000817C] -> 0x006F
mem[X,0x8000817E] -> 0x0200
[758] [M]: 0x8000817C (0x0200006F) jal zero, 32


mem[X,0x8000819C] -> 0xA223
mem[X,0x8000819E] -> 0x0E40
[759] [M]: 0x8000819C (0x0E40A223) sw tp, 228(ra)
mem[0x8003A24C] <- 0x00000001


mem[X,0x800081A0] -> 0x0537
mem[X,0x800081A2] -> 0x0010
[760] [M]: 0x800081A0 (0x00100537) lui a0, 256
x10 <- 0x00100000


mem[X,0x800081A4] -> 0x0593
mem[X,0x800081A6] -> 0x0800
[761] [M]: 0x800081A4 (0x08000593) addi a1, zero, 128
x11 <- 0x00000080


mem[X,0x800081A8] -> 0x0213
mem[X,0x800081AA] -> 0x0000
[762] [M]: 0x800081A8 (0x00000213) addi tp, zero, 0
x4 <- 0x00000000


mem[X,0x800081AC] -> 0x006F
mem[X,0x800081AE] -> 0x00C0
[763] [M]: 0x800081AC (0x00C0006F) jal zero, 12


mem[X,0x800081B8] -> 0x1063
mem[X,0x800081BA] -> 0x40B5
[764] [M]: 0x800081B8 (0x40B51063) bne a0, a1, 1024


mem[X,0x800085B8] -> 0x0213
mem[X,0x800085BA] -> 0x0032
[765] [M]: 0x800085B8 (0x00320213) addi tp, tp, 3
x4 <- 0x00000003


mem[X,0x800085BC] -> 0x006F
mem[X,0x800085BE] -> 0x0040
[766] [M]: 0x800085BC (0x0040006F) jal zero, 4


mem[X,0x800085C0] -> 0xA423
mem[X,0x800085C2] -> 0x0E40
[767] [M]: 0x800085C0 (0x0E40A423) sw tp, 232(ra)
mem[0x8003A250] <- 0x00000003


mem[X,0x800085C4] -> 0x0537
mem[X,0x800085C6] -> 0x0020
[768] [M]: 0x800085C4 (0x00200537) lui a0, 512
x10 <- 0x00200000


mem[X,0x800085C8] -> 0x0593
mem[X,0x800085CA] -> 0x0030
[769] [M]: 0x800085C8 (0x00300593) addi a1, zero, 3
x11 <- 0x00000003


mem[X,0x800085CC] -> 0x0213
mem[X,0x800085CE] -> 0x0000
[770] [M]: 0x800085CC (0x00000213) addi tp, zero, 0
x4 <- 0x00000000


mem[X,0x800085D0] -> 0x006F
mem[X,0x800085D2] -> 0x00C0
[771] [M]: 0x800085D0 (0x00C0006F) jal zero, 12


mem[X,0x800085DC] -> 0x1663
mem[X,0x800085DE] -> 0x00B5
[772] [M]: 0x800085DC (0x00B51663) bne a0, a1, 12


mem[X,0x800085E8] -> 0x0213
mem[X,0x800085EA] -> 0x0032
[773] [M]: 0x800085E8 (0x00320213) addi tp, tp, 3
x4 <- 0x00000003


mem[X,0x800085EC] -> 0x006F
mem[X,0x800085EE] -> 0x0040
[774] [M]: 0x800085EC (0x0040006F) jal zero, 4


mem[X,0x800085F0] -> 0xA623
mem[X,0x800085F2] -> 0x0E40
[775] [M]: 0x800085F0 (0x0E40A623) sw tp, 236(ra)
mem[0x8003A254] <- 0x00000003


mem[X,0x800085F4] -> 0x0537
mem[X,0x800085F6] -> 0x0040
[776] [M]: 0x800085F4 (0x00400537) lui a0, 1024
x10 <- 0x00400000


mem[X,0x800085F8] -> 0x0593
mem[X,0x800085FA] -> 0x0000
[777] [M]: 0x800085F8 (0x00000593) addi a1, zero, 0
x11 <- 0x00000000


mem[X,0x800085FC] -> 0x0213
mem[X,0x800085FE] -> 0x0000
[778] [M]: 0x800085FC (0x00000213) addi tp, zero, 0
x4 <- 0x00000000


mem[X,0x80008600] -> 0x006F
mem[X,0x80008602] -> 0x00C0
[779] [M]: 0x80008600 (0x00C0006F) jal zero, 12


mem[X,0x8000860C] -> 0x1663
mem[X,0x8000860E] -> 0x00B5
[780] [M]: 0x8000860C (0x00B51663) bne a0, a1, 12


mem[X,0x80008618] -> 0x0213
mem[X,0x8000861A] -> 0x0032
[781] [M]: 0x80008618 (0x00320213) addi tp, tp, 3
x4 <- 0x00000003


mem[X,0x8000861C] -> 0x006F
mem[X,0x8000861E] -> 0x0040
[782] [M]: 0x8000861C (0x0040006F) jal zero, 4


mem[X,0x80008620] -> 0xA823
mem[X,0x80008622] -> 0x0E40
[783] [M]: 0x80008620 (0x0E40A823) sw tp, 240(ra)
mem[0x8003A258] <- 0x00000003


mem[X,0x80008624] -> 0x0537
mem[X,0x80008626] -> 0x0080
[784] [M]: 0x80008624 (0x00800537) lui a0, 2048
x10 <- 0x00800000


mem[X,0x80008628] -> 0x0593
mem[X,0x8000862A] -> 0x0040
[785] [M]: 0x80008628 (0x00400593) addi a1, zero, 4
x11 <- 0x00000004


mem[X,0x8000862C] -> 0x0213
mem[X,0x8000862E] -> 0x0000
[786] [M]: 0x8000862C (0x00000213) addi tp, zero, 0
x4 <- 0x00000000


mem[X,0x80008630] -> 0x006F
mem[X,0x80008632] -> 0x00C0
[787] [M]: 0x80008630 (0x00C0006F) jal zero, 12


mem[X,0x8000863C] -> 0x1663
mem[X,0x8000863E] -> 0x00B5
[788] [M]: 0x8000863C (0x00B51663) bne a0, a1, 12


mem[X,0x80008648] -> 0x0213
mem[X,0x8000864A] -> 0x0032
[789] [M]: 0x80008648 (0x00320213) addi tp, tp, 3
x4 <- 0x00000003


mem[X,0x8000864C] -> 0x006F
mem[X,0x8000864E] -> 0x0040
[790] [M]: 0x8000864C (0x0040006F) jal zero, 4


mem[X,0x80008650] -> 0xAA23
mem[X,0x80008652] -> 0x0E40
[791] [M]: 0x80008650 (0x0E40AA23) sw tp, 244(ra)
mem[0x8003A25C] <- 0x00000003


mem[X,0x80008654] -> 0x0537
mem[X,0x80008656] -> 0x0200
[792] [M]: 0x80008654 (0x02000537) lui a0, 8192
x10 <- 0x02000000


mem[X,0x80008658] -> 0x0593
mem[X,0x8000865A] -> 0xF7F0
[793] [M]: 0x80008658 (0xF7F00593) addi a1, zero, 3967
x11 <- 0xFFFFFF7F


mem[X,0x8000865C] -> 0x0213
mem[X,0x8000865E] -> 0x0000
[794] [M]: 0x8000865C (0x00000213) addi tp, zero, 0
x4 <- 0x00000000


mem[X,0x80008660] -> 0x006F
mem[X,0x80008662] -> 0x0140
[795] [M]: 0x80008660 (0x0140006F) jal zero, 20


mem[X,0x80008674] -> 0x18E3
mem[X,0x80008676] -> 0xFEB5
[796] [M]: 0x80008674 (0xFEB518E3) bne a0, a1, 8176


mem[X,0x80008664] -> 0x0213
mem[X,0x80008666] -> 0x0012
[797] [M]: 0x80008664 (0x00120213) addi tp, tp, 1
x4 <- 0x00000001


mem[X,0x80008668] -> 0x006F
mem[X,0x8000866A] -> 0x0200
[798] [M]: 0x80008668 (0x0200006F) jal zero, 32


mem[X,0x80008688] -> 0xAC23
mem[X,0x8000868A] -> 0x0E40
[799] [M]: 0x80008688 (0x0E40AC23) sw tp, 248(ra)
mem[0x8003A260] <- 0x00000001


clint::tick mtime <- 0x0000000000000008
 clint timer pending at mtime 0x0000000000000008
htif::tick 0x0000000000000000
mem[X,0x8000868C] -> 0x0537
mem[X,0x8000868E] -> 0x2000
[800] [M]: 0x8000868C (0x20000537) lui a0, 131072
x10 <- 0x20000000


mem[X,0x80008690] -> 0x0593
mem[X,0x80008692] -> 0x1000
[801] [M]: 0x80008690 (0x10000593) addi a1, zero, 256
x11 <- 0x00000100


mem[X,0x80008694] -> 0x0213
mem[X,0x80008696] -> 0x0000
[802] [M]: 0x80008694 (0x00000213) addi tp, zero, 0
x4 <- 0x00000000


mem[X,0x80008698] -> 0x006F
mem[X,0x8000869A] -> 0x00C0
[803] [M]: 0x80008698 (0x00C0006F) jal zero, 12


mem[X,0x800086A4] -> 0x1CE3
mem[X,0x800086A6] -> 0xFEB5
[804] [M]: 0x800086A4 (0xFEB51CE3) bne a0, a1, 8184


mem[X,0x8000869C] -> 0x0213
mem[X,0x8000869E] -> 0x0012
[805] [M]: 0x8000869C (0x00120213) addi tp, tp, 1
x4 <- 0x00000001


mem[X,0x800086A0] -> 0x006F
mem[X,0x800086A2] -> 0x0180
[806] [M]: 0x800086A0 (0x0180006F) jal zero, 24


mem[X,0x800086B8] -> 0xAE23
mem[X,0x800086BA] -> 0x0E40
[807] [M]: 0x800086B8 (0x0E40AE23) sw tp, 252(ra)
mem[0x8003A264] <- 0x00000001


mem[X,0x800086BC] -> 0x0513
mem[X,0x800086BE] -> 0xFFE0
[808] [M]: 0x800086BC (0xFFE00513) addi a0, zero, 4094
x10 <- 0xFFFFFFFE


mem[X,0x800086C0] -> 0x05B7
mem[X,0x800086C2] -> 0x0020
[809] [M]: 0x800086C0 (0x002005B7) lui a1, 512
x11 <- 0x00200000


mem[X,0x800086C4] -> 0x0213
mem[X,0x800086C6] -> 0x0000
[810] [M]: 0x800086C4 (0x00000213) addi tp, zero, 0
x4 <- 0x00000000


mem[X,0x800086C8] -> 0x006F
mem[X,0x800086CA] -> 0x00C0
[811] [M]: 0x800086C8 (0x00C0006F) jal zero, 12


mem[X,0x800086D4] -> 0x1663
mem[X,0x800086D6] -> 0x00B5
[812] [M]: 0x800086D4 (0x00B51663) bne a0, a1, 12


mem[X,0x800086E0] -> 0x0213
mem[X,0x800086E2] -> 0x0032
[813] [M]: 0x800086E0 (0x00320213) addi tp, tp, 3
x4 <- 0x00000003


mem[X,0x800086E4] -> 0x006F
mem[X,0x800086E6] -> 0x0040
[814] [M]: 0x800086E4 (0x0040006F) jal zero, 4


mem[X,0x800086E8] -> 0xA023
mem[X,0x800086EA] -> 0x1040
[815] [M]: 0x800086E8 (0x1040A023) sw tp, 256(ra)
mem[0x8003A268] <- 0x00000003


mem[X,0x800086EC] -> 0x0513
mem[X,0x800086EE] -> 0xFFD0
[816] [M]: 0x800086EC (0xFFD00513) addi a0, zero, 4093
x10 <- 0xFFFFFFFD


mem[X,0x800086F0] -> 0x0593
mem[X,0x800086F2] -> 0x0000
[817] [M]: 0x800086F0 (0x00000593) addi a1, zero, 0
x11 <- 0x00000000


mem[X,0x800086F4] -> 0x0213
mem[X,0x800086F6] -> 0x0000
[818] [M]: 0x800086F4 (0x00000213) addi tp, zero, 0
x4 <- 0x00000000


mem[X,0x800086F8] -> 0x006F
mem[X,0x800086FA] -> 0x00C0
[819] [M]: 0x800086F8 (0x00C0006F) jal zero, 12


mem[X,0x80008704] -> 0x1063
mem[X,0x80008706] -> 0x40B5
[820] [M]: 0x80008704 (0x40B51063) bne a0, a1, 1024


mem[X,0x80008B04] -> 0x0213
mem[X,0x80008B06] -> 0x0032
[821] [M]: 0x80008B04 (0x00320213) addi tp, tp, 3
x4 <- 0x00000003


mem[X,0x80008B08] -> 0x006F
mem[X,0x80008B0A] -> 0x0040
[822] [M]: 0x80008B08 (0x0040006F) jal zero, 4


mem[X,0x80008B0C] -> 0xA223
mem[X,0x80008B0E] -> 0x1040
[823] [M]: 0x80008B0C (0x1040A223) sw tp, 260(ra)
mem[0x8003A26C] <- 0x00000003


mem[X,0x80008B10] -> 0x0513
mem[X,0x80008B12] -> 0xFF70
[824] [M]: 0x80008B10 (0xFF700513) addi a0, zero, 4087
x10 <- 0xFFFFFFF7


mem[X,0x80008B14] -> 0x05B7
mem[X,0x80008B16] -> 0xFF00
[825] [M]: 0x80008B14 (0xFF0005B7) lui a1, 1044480
x11 <- 0xFF000000


mem[X,0x80008B18] -> 0x8593
mem[X,0x80008B1A] -> 0xFFF5
[826] [M]: 0x80008B18 (0xFFF58593) addi a1, a1, 4095
x11 <- 0xFEFFFFFF


mem[X,0x80008B1C] -> 0x0213
mem[X,0x80008B1E] -> 0x0000
[827] [M]: 0x80008B1C (0x00000213) addi tp, zero, 0
x4 <- 0x00000000


mem[X,0x80008B20] -> 0x006F
mem[X,0x80008B22] -> 0x00C0
[828] [M]: 0x80008B20 (0x00C0006F) jal zero, 12


mem[X,0x80008B2C] -> 0x1063
mem[X,0x80008B2E] -> 0x40B5
[829] [M]: 0x80008B2C (0x40B51063) bne a0, a1, 1024


mem[X,0x80008F2C] -> 0x0213
mem[X,0x80008F2E] -> 0x0032
[830] [M]: 0x80008F2C (0x00320213) addi tp, tp, 3
x4 <- 0x00000003


mem[X,0x80008F30] -> 0x006F
mem[X,0x80008F32] -> 0x0040
[831] [M]: 0x80008F30 (0x0040006F) jal zero, 4


mem[X,0x80008F34] -> 0xA423
mem[X,0x80008F36] -> 0x1040
[832] [M]: 0x80008F34 (0x1040A423) sw tp, 264(ra)
mem[0x8003A270] <- 0x00000003


mem[X,0x80008F38] -> 0x0513
mem[X,0x80008F3A] -> 0xFDF0
[833] [M]: 0x80008F38 (0xFDF00513) addi a0, zero, 4063
x10 <- 0xFFFFFFDF


mem[X,0x80008F3C] -> 0x35B7
mem[X,0x80008F3E] -> 0x3333
[834] [M]: 0x80008F3C (0x333335B7) lui a1, 209715
x11 <- 0x33333000


mem[X,0x80008F40] -> 0x8593
mem[X,0x80008F42] -> 0x3345
[835] [M]: 0x80008F40 (0x33458593) addi a1, a1, 820
x11 <- 0x33333334


mem[X,0x80008F44] -> 0x0213
mem[X,0x80008F46] -> 0x0000
[836] [M]: 0x80008F44 (0x00000213) addi tp, zero, 0
x4 <- 0x00000000


mem[X,0x80008F48] -> 0x006F
mem[X,0x80008F4A] -> 0x00C0
[837] [M]: 0x80008F48 (0x00C0006F) jal zero, 12


mem[X,0x80008F54] -> 0x1063
mem[X,0x80008F56] -> 0x10B5
[838] [M]: 0x80008F54 (0x10B51063) bne a0, a1, 256


mem[X,0x80009054] -> 0x0213
mem[X,0x80009056] -> 0x0032
[839] [M]: 0x80009054 (0x00320213) addi tp, tp, 3
x4 <- 0x00000003


mem[X,0x80009058] -> 0x006F
mem[X,0x8000905A] -> 0x0040
[840] [M]: 0x80009058 (0x0040006F) jal zero, 4


mem[X,0x8000905C] -> 0xA623
mem[X,0x8000905E] -> 0x1040
[841] [M]: 0x8000905C (0x1040A623) sw tp, 268(ra)
mem[0x8003A274] <- 0x00000003


mem[X,0x80009060] -> 0x0513
mem[X,0x80009062] -> 0xF7F0
[842] [M]: 0x80009060 (0xF7F00513) addi a0, zero, 3967
x10 <- 0xFFFFFF7F


mem[X,0x80009064] -> 0x0593
mem[X,0x80009066] -> 0x0050
[843] [M]: 0x80009064 (0x00500593) addi a1, zero, 5
x11 <- 0x00000005


mem[X,0x80009068] -> 0x0213
mem[X,0x8000906A] -> 0x0000
[844] [M]: 0x80009068 (0x00000213) addi tp, zero, 0
x4 <- 0x00000000


mem[X,0x8000906C] -> 0x006F
mem[X,0x8000906E] -> 0x00C0
[845] [M]: 0x8000906C (0x00C0006F) jal zero, 12


mem[X,0x80009078] -> 0x1063
mem[X,0x8000907A] -> 0x10B5
[846] [M]: 0x80009078 (0x10B51063) bne a0, a1, 256


mem[X,0x80009178] -> 0x0213
mem[X,0x8000917A] -> 0x0032
[847] [M]: 0x80009178 (0x00320213) addi tp, tp, 3
x4 <- 0x00000003


mem[X,0x8000917C] -> 0x006F
mem[X,0x8000917E] -> 0x0040
[848] [M]: 0x8000917C (0x0040006F) jal zero, 4


mem[X,0x80009180] -> 0xA823
mem[X,0x80009182] -> 0x1040
[849] [M]: 0x80009180 (0x1040A823) sw tp, 272(ra)
mem[0x8003A278] <- 0x00000003


mem[X,0x80009184] -> 0x0513
mem[X,0x80009186] -> 0xEFF0
[850] [M]: 0x80009184 (0xEFF00513) addi a0, zero, 3839
x10 <- 0xFFFFFEFF


mem[X,0x80009188] -> 0x0593
mem[X,0x8000918A] -> 0xFFD0
[851] [M]: 0x80009188 (0xFFD00593) addi a1, zero, 4093
x11 <- 0xFFFFFFFD


mem[X,0x8000918C] -> 0x0213
mem[X,0x8000918E] -> 0x0000
[852] [M]: 0x8000918C (0x00000213) addi tp, zero, 0
x4 <- 0x00000000


mem[X,0x80009190] -> 0x006F
mem[X,0x80009192] -> 0x00C0
[853] [M]: 0x80009190 (0x00C0006F) jal zero, 12


mem[X,0x8000919C] -> 0x1663
mem[X,0x8000919E] -> 0x00B5
[854] [M]: 0x8000919C (0x00B51663) bne a0, a1, 12


mem[X,0x800091A8] -> 0x0213
mem[X,0x800091AA] -> 0x0032
[855] [M]: 0x800091A8 (0x00320213) addi tp, tp, 3
x4 <- 0x00000003


mem[X,0x800091AC] -> 0x006F
mem[X,0x800091AE] -> 0x0040
[856] [M]: 0x800091AC (0x0040006F) jal zero, 4


mem[X,0x800091B0] -> 0xAA23
mem[X,0x800091B2] -> 0x1040
[857] [M]: 0x800091B0 (0x1040AA23) sw tp, 276(ra)
mem[0x8003A27C] <- 0x00000003


mem[X,0x800091B4] -> 0x0513
mem[X,0x800091B6] -> 0xDFF0
[858] [M]: 0x800091B4 (0xDFF00513) addi a0, zero, 3583
x10 <- 0xFFFFFDFF


mem[X,0x800091B8] -> 0x05B7
mem[X,0x800091BA] -> 0x2000
[859] [M]: 0x800091B8 (0x200005B7) lui a1, 131072
x11 <- 0x20000000


mem[X,0x800091BC] -> 0x0213
mem[X,0x800091BE] -> 0x0000
[860] [M]: 0x800091BC (0x00000213) addi tp, zero, 0
x4 <- 0x00000000


mem[X,0x800091C0] -> 0x006F
mem[X,0x800091C2] -> 0x00C0
[861] [M]: 0x800091C0 (0x00C0006F) jal zero, 12


mem[X,0x800091CC] -> 0x1863
mem[X,0x800091CE] -> 0x00B5
[862] [M]: 0x800091CC (0x00B51863) bne a0, a1, 16


mem[X,0x800091DC] -> 0x0213
mem[X,0x800091DE] -> 0x0032
[863] [M]: 0x800091DC (0x00320213) addi tp, tp, 3
x4 <- 0x00000003


mem[X,0x800091E0] -> 0x006F
mem[X,0x800091E2] -> 0x0040
[864] [M]: 0x800091E0 (0x0040006F) jal zero, 4


mem[X,0x800091E4] -> 0xAC23
mem[X,0x800091E6] -> 0x1040
[865] [M]: 0x800091E4 (0x1040AC23) sw tp, 280(ra)
mem[0x8003A280] <- 0x00000003


mem[X,0x800091E8] -> 0xE537
mem[X,0x800091EA] -> 0xFFFF
[866] [M]: 0x800091E8 (0xFFFFE537) lui a0, 1048574
x10 <- 0xFFFFE000


mem[X,0x800091EC] -> 0x0513
mem[X,0x800091EE] -> 0xFFF5
[867] [M]: 0x800091EC (0xFFF50513) addi a0, a0, 4095
x10 <- 0xFFFFDFFF


mem[X,0x800091F0] -> 0x05B7
mem[X,0x800091F2] -> 0xFF00
[868] [M]: 0x800091F0 (0xFF0005B7) lui a1, 1044480
x11 <- 0xFF000000


mem[X,0x800091F4] -> 0x8593
mem[X,0x800091F6] -> 0xFFF5
[869] [M]: 0x800091F4 (0xFFF58593) addi a1, a1, 4095
x11 <- 0xFEFFFFFF


mem[X,0x800091F8] -> 0x0213
mem[X,0x800091FA] -> 0x0000
[870] [M]: 0x800091F8 (0x00000213) addi tp, zero, 0
x4 <- 0x00000000


mem[X,0x800091FC] -> 0x006F
mem[X,0x800091FE] -> 0x00C0
[871] [M]: 0x800091FC (0x00C0006F) jal zero, 12


mem[X,0x80009208] -> 0x1CE3
mem[X,0x8000920A] -> 0xFEB5
[872] [M]: 0x80009208 (0xFEB51CE3) bne a0, a1, 8184


mem[X,0x80009200] -> 0x0213
mem[X,0x80009202] -> 0x0012
[873] [M]: 0x80009200 (0x00120213) addi tp, tp, 1
x4 <- 0x00000001


mem[X,0x80009204] -> 0x006F
mem[X,0x80009206] -> 0x0180
[874] [M]: 0x80009204 (0x0180006F) jal zero, 24


mem[X,0x8000921C] -> 0xAE23
mem[X,0x8000921E] -> 0x1040
[875] [M]: 0x8000921C (0x1040AE23) sw tp, 284(ra)
mem[0x8003A284] <- 0x00000001


mem[X,0x80009220] -> 0xC537
mem[X,0x80009222] -> 0xFFFF
[876] [M]: 0x80009220 (0xFFFFC537) lui a0, 1048572
x10 <- 0xFFFFC000


mem[X,0x80009224] -> 0x0513
mem[X,0x80009226] -> 0xFFF5
[877] [M]: 0x80009224 (0xFFF50513) addi a0, a0, 4095
x10 <- 0xFFFFBFFF


mem[X,0x80009228] -> 0x0593
mem[X,0x8000922A] -> 0x0060
[878] [M]: 0x80009228 (0x00600593) addi a1, zero, 6
x11 <- 0x00000006


mem[X,0x8000922C] -> 0x0213
mem[X,0x8000922E] -> 0x0000
[879] [M]: 0x8000922C (0x00000213) addi tp, zero, 0
x4 <- 0x00000000


mem[X,0x80009230] -> 0x006F
mem[X,0x80009232] -> 0x0140
[880] [M]: 0x80009230 (0x0140006F) jal zero, 20


mem[X,0x80009244] -> 0x18E3
mem[X,0x80009246] -> 0xFEB5
[881] [M]: 0x80009244 (0xFEB518E3) bne a0, a1, 8176


mem[X,0x80009234] -> 0x0213
mem[X,0x80009236] -> 0x0012
[882] [M]: 0x80009234 (0x00120213) addi tp, tp, 1
x4 <- 0x00000001


mem[X,0x80009238] -> 0x006F
mem[X,0x8000923A] -> 0x0200
[883] [M]: 0x80009238 (0x0200006F) jal zero, 32


mem[X,0x80009258] -> 0xA023
mem[X,0x8000925A] -> 0x1240
[884] [M]: 0x80009258 (0x1240A023) sw tp, 288(ra)
mem[0x8003A288] <- 0x00000001


mem[X,0x8000925C] -> 0x8537
mem[X,0x8000925E] -> 0xFFFF
[885] [M]: 0x8000925C (0xFFFF8537) lui a0, 1048568
x10 <- 0xFFFF8000


mem[X,0x80009260] -> 0x0513
mem[X,0x80009262] -> 0xFFF5
[886] [M]: 0x80009260 (0xFFF50513) addi a0, a0, 4095
x10 <- 0xFFFF7FFF


mem[X,0x80009264] -> 0x05B7
mem[X,0x80009266] -> 0xFFFC
[887] [M]: 0x80009264 (0xFFFC05B7) lui a1, 1048512
x11 <- 0xFFFC0000


mem[X,0x80009268] -> 0x8593
mem[X,0x8000926A] -> 0xFFF5
[888] [M]: 0x80009268 (0xFFF58593) addi a1, a1, 4095
x11 <- 0xFFFBFFFF


mem[X,0x8000926C] -> 0x0213
mem[X,0x8000926E] -> 0x0000
[889] [M]: 0x8000926C (0x00000213) addi tp, zero, 0
x4 <- 0x00000000


mem[X,0x80009270] -> 0x006F
mem[X,0x80009272] -> 0x00C0
[890] [M]: 0x80009270 (0x00C0006F) jal zero, 12


mem[X,0x8000927C] -> 0x1663
mem[X,0x8000927E] -> 0x00B5
[891] [M]: 0x8000927C (0x00B51663) bne a0, a1, 12


mem[X,0x80009288] -> 0x0213
mem[X,0x8000928A] -> 0x0032
[892] [M]: 0x80009288 (0x00320213) addi tp, tp, 3
x4 <- 0x00000003


mem[X,0x8000928C] -> 0x006F
mem[X,0x8000928E] -> 0x0040
[893] [M]: 0x8000928C (0x0040006F) jal zero, 4


mem[X,0x80009290] -> 0xA223
mem[X,0x80009292] -> 0x1240
[894] [M]: 0x80009290 (0x1240A223) sw tp, 292(ra)
mem[0x8003A28C] <- 0x00000003


mem[X,0x80009294] -> 0x0537
mem[X,0x80009296] -> 0xFF80
[895] [M]: 0x80009294 (0xFF800537) lui a0, 1046528
x10 <- 0xFF800000


mem[X,0x80009298] -> 0x0513
mem[X,0x8000929A] -> 0xFFF5
[896] [M]: 0x80009298 (0xFFF50513) addi a0, a0, 4095
x10 <- 0xFF7FFFFF


mem[X,0x8000929C] -> 0x05B7
mem[X,0x8000929E] -> 0xFE00
[897] [M]: 0x8000929C (0xFE0005B7) lui a1, 1040384
x11 <- 0xFE000000


mem[X,0x800092A0] -> 0x8593
mem[X,0x800092A2] -> 0xFFF5
[898] [M]: 0x800092A0 (0xFFF58593) addi a1, a1, 4095
x11 <- 0xFDFFFFFF


mem[X,0x800092A4] -> 0x0213
mem[X,0x800092A6] -> 0x0000
[899] [M]: 0x800092A4 (0x00000213) addi tp, zero, 0
x4 <- 0x00000000


clint::tick mtime <- 0x0000000000000009
 clint timer pending at mtime 0x0000000000000009
htif::tick 0x0000000000000000
mem[X,0x800092A8] -> 0x006F
mem[X,0x800092AA] -> 0x00C0
[900] [M]: 0x800092A8 (0x00C0006F) jal zero, 12


mem[X,0x800092B4] -> 0x1063
mem[X,0x800092B6] -> 0x02B5
[901] [M]: 0x800092B4 (0x02B51063) bne a0, a1, 32


mem[X,0x800092D4] -> 0x0213
mem[X,0x800092D6] -> 0x0032
[902] [M]: 0x800092D4 (0x00320213) addi tp, tp, 3
x4 <- 0x00000003


mem[X,0x800092D8] -> 0x006F
mem[X,0x800092DA] -> 0x0040
[903] [M]: 0x800092D8 (0x0040006F) jal zero, 4


mem[X,0x800092DC] -> 0xA423
mem[X,0x800092DE] -> 0x1240
[904] [M]: 0x800092DC (0x1240A423) sw tp, 296(ra)
mem[0x8003A290] <- 0x00000003


mem[X,0x800092E0] -> 0x0537
mem[X,0x800092E2] -> 0xFF00
[905] [M]: 0x800092E0 (0xFF000537) lui a0, 1044480
x10 <- 0xFF000000


mem[X,0x800092E4] -> 0x0513
mem[X,0x800092E6] -> 0xFFF5
[906] [M]: 0x800092E4 (0xFFF50513) addi a0, a0, 4095
x10 <- 0xFEFFFFFF


mem[X,0x800092E8] -> 0x0593
mem[X,0x800092EA] -> 0x4000
[907] [M]: 0x800092E8 (0x40000593) addi a1, zero, 1024
x11 <- 0x00000400


mem[X,0x800092EC] -> 0x0213
mem[X,0x800092EE] -> 0x0000
[908] [M]: 0x800092EC (0x00000213) addi tp, zero, 0
x4 <- 0x00000000


mem[X,0x800092F0] -> 0x006F
mem[X,0x800092F2] -> 0x00C0
[909] [M]: 0x800092F0 (0x00C0006F) jal zero, 12


mem[X,0x800092FC] -> 0x1663
mem[X,0x800092FE] -> 0x00B5
[910] [M]: 0x800092FC (0x00B51663) bne a0, a1, 12


mem[X,0x80009308] -> 0x0213
mem[X,0x8000930A] -> 0x0032
[911] [M]: 0x80009308 (0x00320213) addi tp, tp, 3
x4 <- 0x00000003


mem[X,0x8000930C] -> 0x006F
mem[X,0x8000930E] -> 0x0040
[912] [M]: 0x8000930C (0x0040006F) jal zero, 4


mem[X,0x80009310] -> 0xA623
mem[X,0x80009312] -> 0x1240
[913] [M]: 0x80009310 (0x1240A623) sw tp, 300(ra)
mem[0x8003A294] <- 0x00000003


mem[X,0x80009314] -> 0x0537
mem[X,0x80009316] -> 0xF800
[914] [M]: 0x80009314 (0xF8000537) lui a0, 1015808
x10 <- 0xF8000000


mem[X,0x80009318] -> 0x0513
mem[X,0x8000931A] -> 0xFFF5
[915] [M]: 0x80009318 (0xFFF50513) addi a0, a0, 4095
x10 <- 0xF7FFFFFF


mem[X,0x8000931C] -> 0x0593
mem[X,0x8000931E] -> 0xFF90
[916] [M]: 0x8000931C (0xFF900593) addi a1, zero, 4089
x11 <- 0xFFFFFFF9


mem[X,0x80009320] -> 0x0213
mem[X,0x80009322] -> 0x0000
[917] [M]: 0x80009320 (0x00000213) addi tp, zero, 0
x4 <- 0x00000000


mem[X,0x80009324] -> 0x006F
mem[X,0x80009326] -> 0x00C0
[918] [M]: 0x80009324 (0x00C0006F) jal zero, 12


mem[X,0x80009330] -> 0x1063
mem[X,0x80009332] -> 0x20B5
[919] [M]: 0x80009330 (0x20B51063) bne a0, a1, 512


mem[X,0x80009530] -> 0x0213
mem[X,0x80009532] -> 0x0032
[920] [M]: 0x80009530 (0x00320213) addi tp, tp, 3
x4 <- 0x00000003


mem[X,0x80009534] -> 0x006F
mem[X,0x80009536] -> 0x0040
[921] [M]: 0x80009534 (0x0040006F) jal zero, 4


mem[X,0x80009538] -> 0xA823
mem[X,0x8000953A] -> 0x1240
[922] [M]: 0x80009538 (0x1240A823) sw tp, 304(ra)
mem[0x8003A298] <- 0x00000003


mem[X,0x8000953C] -> 0x0537
mem[X,0x8000953E] -> 0xE000
[923] [M]: 0x8000953C (0xE0000537) lui a0, 917504
x10 <- 0xE0000000


mem[X,0x80009540] -> 0x0513
mem[X,0x80009542] -> 0xFFF5
[924] [M]: 0x80009540 (0xFFF50513) addi a0, a0, 4095
x10 <- 0xDFFFFFFF


mem[X,0x80009544] -> 0x0593
mem[X,0x80009546] -> 0x0020
[925] [M]: 0x80009544 (0x00200593) addi a1, zero, 2
x11 <- 0x00000002


mem[X,0x80009548] -> 0x0213
mem[X,0x8000954A] -> 0x0000
[926] [M]: 0x80009548 (0x00000213) addi tp, zero, 0
x4 <- 0x00000000


mem[X,0x8000954C] -> 0x006F
mem[X,0x8000954E] -> 0x2B10
[927] [M]: 0x8000954C (0x2B10006F) jal zero, 2736


mem[X,0x80009FFC] -> 0x1A63
mem[X,0x80009FFE] -> 0xD4B5
[928] [M]: 0x80009FFC (0xD4B51A63) bne a0, a1, 5460


mem[X,0x80009550] -> 0x0213
mem[X,0x80009552] -> 0x0012
[929] [M]: 0x80009550 (0x00120213) addi tp, tp, 1
x4 <- 0x00000001


mem[X,0x80009554] -> 0x006F
mem[X,0x80009556] -> 0x2BD0
[930] [M]: 0x80009554 (0x2BD0006F) jal zero, 2748


mem[X,0x8000A010] -> 0xAA23
mem[X,0x8000A012] -> 0x1240
[931] [M]: 0x8000A010 (0x1240AA23) sw tp, 308(ra)
mem[0x8003A29C] <- 0x00000001


mem[X,0x8000A014] -> 0x0537
mem[X,0x8000A016] -> 0xC000
[932] [M]: 0x8000A014 (0xC0000537) lui a0, 786432
x10 <- 0xC0000000


mem[X,0x8000A018] -> 0x0513
mem[X,0x8000A01A] -> 0xFFF5
[933] [M]: 0x8000A018 (0xFFF50513) addi a0, a0, 4095
x10 <- 0xBFFFFFFF


mem[X,0x8000A01C] -> 0x05B7
mem[X,0x8000A01E] -> 0x0040
[934] [M]: 0x8000A01C (0x004005B7) lui a1, 1024
x11 <- 0x00400000


mem[X,0x8000A020] -> 0x0213
mem[X,0x8000A022] -> 0x0000
[935] [M]: 0x8000A020 (0x00000213) addi tp, zero, 0
x4 <- 0x00000000


mem[X,0x8000A024] -> 0x006F
mem[X,0x8000A026] -> 0x00C0
[936] [M]: 0x8000A024 (0x00C0006F) jal zero, 12


mem[X,0x8000A030] -> 0x1063
mem[X,0x8000A032] -> 0x20B5
[937] [M]: 0x8000A030 (0x20B51063) bne a0, a1, 512


mem[X,0x8000A230] -> 0x0213
mem[X,0x8000A232] -> 0x0032
[938] [M]: 0x8000A230 (0x00320213) addi tp, tp, 3
x4 <- 0x00000003


mem[X,0x8000A234] -> 0x006F
mem[X,0x8000A236] -> 0x0040
[939] [M]: 0x8000A234 (0x0040006F) jal zero, 4


mem[X,0x8000A238] -> 0xAC23
mem[X,0x8000A23A] -> 0x1240
[940] [M]: 0x8000A238 (0x1240AC23) sw tp, 312(ra)
mem[0x8003A2A0] <- 0x00000003


mem[X,0x8000A23C] -> 0x0537
mem[X,0x8000A23E] -> 0x8000
[941] [M]: 0x8000A23C (0x80000537) lui a0, 524288
x10 <- 0x80000000


mem[X,0x8000A240] -> 0x0513
mem[X,0x8000A242] -> 0xFFF5
[942] [M]: 0x8000A240 (0xFFF50513) addi a0, a0, 4095
x10 <- 0x7FFFFFFF


mem[X,0x8000A244] -> 0x0593
mem[X,0x8000A246] -> 0x0000
[943] [M]: 0x8000A244 (0x00000593) addi a1, zero, 0
x11 <- 0x00000000


mem[X,0x8000A248] -> 0x0213
mem[X,0x8000A24A] -> 0x0000
[944] [M]: 0x8000A248 (0x00000213) addi tp, zero, 0
x4 <- 0x00000000


mem[X,0x8000A24C] -> 0x006F
mem[X,0x8000A24E] -> 0x00C0
[945] [M]: 0x8000A24C (0x00C0006F) jal zero, 12


mem[X,0x8000A258] -> 0x1863
mem[X,0x8000A25A] -> 0x00B5
[946] [M]: 0x8000A258 (0x00B51863) bne a0, a1, 16


mem[X,0x8000A268] -> 0x0213
mem[X,0x8000A26A] -> 0x0032
[947] [M]: 0x8000A268 (0x00320213) addi tp, tp, 3
x4 <- 0x00000003


mem[X,0x8000A26C] -> 0x006F
mem[X,0x8000A26E] -> 0x0040
[948] [M]: 0x8000A26C (0x0040006F) jal zero, 4


mem[X,0x8000A270] -> 0xAE23
mem[X,0x8000A272] -> 0x1240
[949] [M]: 0x8000A270 (0x1240AE23) sw tp, 316(ra)
mem[0x8003A2A4] <- 0x00000003


mem[X,0x8000A274] -> 0x0513
mem[X,0x8000A276] -> 0x0030
[950] [M]: 0x8000A274 (0x00300513) addi a0, zero, 3
x10 <- 0x00000003


mem[X,0x8000A278] -> 0x0593
mem[X,0x8000A27A] -> 0x0030
[951] [M]: 0x8000A278 (0x00300593) addi a1, zero, 3
x11 <- 0x00000003


mem[X,0x8000A27C] -> 0x0213
mem[X,0x8000A27E] -> 0x0000
[952] [M]: 0x8000A27C (0x00000213) addi tp, zero, 0
x4 <- 0x00000000


mem[X,0x8000A280] -> 0x006F
mem[X,0x8000A282] -> 0x00C0
[953] [M]: 0x8000A280 (0x00C0006F) jal zero, 12


mem[X,0x8000A28C] -> 0x1663
mem[X,0x8000A28E] -> 0x00B5
[954] [M]: 0x8000A28C (0x00B51663) bne a0, a1, 12


mem[X,0x8000A290] -> 0x0213
mem[X,0x8000A292] -> 0x0022
[955] [M]: 0x8000A290 (0x00220213) addi tp, tp, 2
x4 <- 0x00000002


mem[X,0x8000A294] -> 0x006F
mem[X,0x8000A296] -> 0x00C0
[956] [M]: 0x8000A294 (0x00C0006F) jal zero, 12


mem[X,0x8000A2A0] -> 0xA023
mem[X,0x8000A2A2] -> 0x1440
[957] [M]: 0x8000A2A0 (0x1440A023) sw tp, 320(ra)
mem[0x8003A2A8] <- 0x00000002


mem[X,0x8000A2A4] -> 0x0513
mem[X,0x8000A2A6] -> 0x0030
[958] [M]: 0x8000A2A4 (0x00300513) addi a0, zero, 3
x10 <- 0x00000003


mem[X,0x8000A2A8] -> 0x55B7
mem[X,0x8000A2AA] -> 0x5555
[959] [M]: 0x8000A2A8 (0x555555B7) lui a1, 349525
x11 <- 0x55555000


mem[X,0x8000A2AC] -> 0x8593
mem[X,0x8000A2AE] -> 0x5555
[960] [M]: 0x8000A2AC (0x55558593) addi a1, a1, 1365
x11 <- 0x55555555


mem[X,0x8000A2B0] -> 0x0213
mem[X,0x8000A2B2] -> 0x0000
[961] [M]: 0x8000A2B0 (0x00000213) addi tp, zero, 0
x4 <- 0x00000000


mem[X,0x8000A2B4] -> 0x006F
mem[X,0x8000A2B6] -> 0x00C0
[962] [M]: 0x8000A2B4 (0x00C0006F) jal zero, 12


mem[X,0x8000A2C0] -> 0x1063
mem[X,0x8000A2C2] -> 0x20B5
[963] [M]: 0x8000A2C0 (0x20B51063) bne a0, a1, 512


mem[X,0x8000A4C0] -> 0x0213
mem[X,0x8000A4C2] -> 0x0032
[964] [M]: 0x8000A4C0 (0x00320213) addi tp, tp, 3
x4 <- 0x00000003


mem[X,0x8000A4C4] -> 0x006F
mem[X,0x8000A4C6] -> 0x0040
[965] [M]: 0x8000A4C4 (0x0040006F) jal zero, 4


mem[X,0x8000A4C8] -> 0xA223
mem[X,0x8000A4CA] -> 0x1440
[966] [M]: 0x8000A4C8 (0x1440A223) sw tp, 324(ra)
mem[0x8003A2AC] <- 0x00000003


mem[X,0x8000A4CC] -> 0x0513
mem[X,0x8000A4CE] -> 0x0030
[967] [M]: 0x8000A4CC (0x00300513) addi a0, zero, 3
x10 <- 0x00000003


mem[X,0x8000A4D0] -> 0xB5B7
mem[X,0x8000A4D2] -> 0xAAAA
[968] [M]: 0x8000A4D0 (0xAAAAB5B7) lui a1, 699051
x11 <- 0xAAAAB000


mem[X,0x8000A4D4] -> 0x8593
mem[X,0x8000A4D6] -> 0xAAA5
[969] [M]: 0x8000A4D4 (0xAAA58593) addi a1, a1, 2730
x11 <- 0xAAAAAAAA


mem[X,0x8000A4D8] -> 0x0213
mem[X,0x8000A4DA] -> 0x0000
[970] [M]: 0x8000A4D8 (0x00000213) addi tp, zero, 0
x4 <- 0x00000000


mem[X,0x8000A4DC] -> 0x006F
mem[X,0x8000A4DE] -> 0x00C0
[971] [M]: 0x8000A4DC (0x00C0006F) jal zero, 12


mem[X,0x8000A4E8] -> 0x1063
mem[X,0x8000A4EA] -> 0x40B5
[972] [M]: 0x8000A4E8 (0x40B51063) bne a0, a1, 1024


mem[X,0x8000A8E8] -> 0x0213
mem[X,0x8000A8EA] -> 0x0032
[973] [M]: 0x8000A8E8 (0x00320213) addi tp, tp, 3
x4 <- 0x00000003


mem[X,0x8000A8EC] -> 0x006F
mem[X,0x8000A8EE] -> 0x0040
[974] [M]: 0x8000A8EC (0x0040006F) jal zero, 4


mem[X,0x8000A8F0] -> 0xA423
mem[X,0x8000A8F2] -> 0x1440
[975] [M]: 0x8000A8F0 (0x1440A423) sw tp, 328(ra)
mem[0x8003A2B0] <- 0x00000003


mem[X,0x8000A8F4] -> 0x0513
mem[X,0x8000A8F6] -> 0x0030
[976] [M]: 0x8000A8F4 (0x00300513) addi a0, zero, 3
x10 <- 0x00000003


mem[X,0x8000A8F8] -> 0x0593
mem[X,0x8000A8FA] -> 0x0050
[977] [M]: 0x8000A8F8 (0x00500593) addi a1, zero, 5
x11 <- 0x00000005


mem[X,0x8000A8FC] -> 0x0213
mem[X,0x8000A8FE] -> 0x0000
[978] [M]: 0x8000A8FC (0x00000213) addi tp, zero, 0
x4 <- 0x00000000


mem[X,0x8000A900] -> 0x006F
mem[X,0x8000A902] -> 0x00C0
[979] [M]: 0x8000A900 (0x00C0006F) jal zero, 12


mem[X,0x8000A90C] -> 0x1063
mem[X,0x8000A90E] -> 0x20B5
[980] [M]: 0x8000A90C (0x20B51063) bne a0, a1, 512


mem[X,0x8000AB0C] -> 0x0213
mem[X,0x8000AB0E] -> 0x0032
[981] [M]: 0x8000AB0C (0x00320213) addi tp, tp, 3
x4 <- 0x00000003


mem[X,0x8000AB10] -> 0x006F
mem[X,0x8000AB12] -> 0x0040
[982] [M]: 0x8000AB10 (0x0040006F) jal zero, 4


mem[X,0x8000AB14] -> 0xA623
mem[X,0x8000AB16] -> 0x1440
[983] [M]: 0x8000AB14 (0x1440A623) sw tp, 332(ra)
mem[0x8003A2B4] <- 0x00000003


mem[X,0x8000AB18] -> 0x0513
mem[X,0x8000AB1A] -> 0x0030
[984] [M]: 0x8000AB18 (0x00300513) addi a0, zero, 3
x10 <- 0x00000003


mem[X,0x8000AB1C] -> 0x35B7
mem[X,0x8000AB1E] -> 0x3333
[985] [M]: 0x8000AB1C (0x333335B7) lui a1, 209715
x11 <- 0x33333000


mem[X,0x8000AB20] -> 0x8593
mem[X,0x8000AB22] -> 0x3335
[986] [M]: 0x8000AB20 (0x33358593) addi a1, a1, 819
x11 <- 0x33333333


mem[X,0x8000AB24] -> 0x0213
mem[X,0x8000AB26] -> 0x0000
[987] [M]: 0x8000AB24 (0x00000213) addi tp, zero, 0
x4 <- 0x00000000


mem[X,0x8000AB28] -> 0x006F
mem[X,0x8000AB2A] -> 0x00C0
[988] [M]: 0x8000AB28 (0x00C0006F) jal zero, 12


mem[X,0x8000AB34] -> 0x1063
mem[X,0x8000AB36] -> 0x10B5
[989] [M]: 0x8000AB34 (0x10B51063) bne a0, a1, 256


mem[X,0x8000AC34] -> 0x0213
mem[X,0x8000AC36] -> 0x0032
[990] [M]: 0x8000AC34 (0x00320213) addi tp, tp, 3
x4 <- 0x00000003


mem[X,0x8000AC38] -> 0x006F
mem[X,0x8000AC3A] -> 0x0040
[991] [M]: 0x8000AC38 (0x0040006F) jal zero, 4


mem[X,0x8000AC3C] -> 0xA823
mem[X,0x8000AC3E] -> 0x1440
[992] [M]: 0x8000AC3C (0x1440A823) sw tp, 336(ra)
mem[0x8003A2B8] <- 0x00000003


mem[X,0x8000AC40] -> 0x0513
mem[X,0x8000AC42] -> 0x0030
[993] [M]: 0x8000AC40 (0x00300513) addi a0, zero, 3
x10 <- 0x00000003


mem[X,0x8000AC44] -> 0x65B7
mem[X,0x8000AC46] -> 0x6666
[994] [M]: 0x8000AC44 (0x666665B7) lui a1, 419430
x11 <- 0x66666000


mem[X,0x8000AC48] -> 0x8593
mem[X,0x8000AC4A] -> 0x6665
[995] [M]: 0x8000AC48 (0x66658593) addi a1, a1, 1638
x11 <- 0x66666666


mem[X,0x8000AC4C] -> 0x0213
mem[X,0x8000AC4E] -> 0x0000
[996] [M]: 0x8000AC4C (0x00000213) addi tp, zero, 0
x4 <- 0x00000000


mem[X,0x8000AC50] -> 0x006F
mem[X,0x8000AC52] -> 0x00C0
[997] [M]: 0x8000AC50 (0x00C0006F) jal zero, 12


mem[X,0x8000AC5C] -> 0x1063
mem[X,0x8000AC5E] -> 0x40B5
[998] [M]: 0x8000AC5C (0x40B51063) bne a0, a1, 1024


mem[X,0x8000B05C] -> 0x0213
mem[X,0x8000B05E] -> 0x0032
[999] [M]: 0x8000B05C (0x00320213) addi tp, tp, 3
x4 <- 0x00000003


clint::tick mtime <- 0x000000000000000A
 clint timer pending at mtime 0x000000000000000A
htif::tick 0x0000000000000000
mem[X,0x8000B060] -> 0x006F
mem[X,0x8000B062] -> 0x0040
[1000] [M]: 0x8000B060 (0x0040006F) jal zero, 4


mem[X,0x8000B064] -> 0xAA23
mem[X,0x8000B066] -> 0x1440
[1001] [M]: 0x8000B064 (0x1440AA23) sw tp, 340(ra)
mem[0x8003A2BC] <- 0x00000003


mem[X,0x8000B068] -> 0x0513
mem[X,0x8000B06A] -> 0x0030
[1002] [M]: 0x8000B068 (0x00300513) addi a0, zero, 3
x10 <- 0x00000003


mem[X,0x8000B06C] -> 0x55B7
mem[X,0x8000B06E] -> 0xFFFF
[1003] [M]: 0x8000B06C (0xFFFF55B7) lui a1, 1048565
x11 <- 0xFFFF5000


mem[X,0x8000B070] -> 0x8593
mem[X,0x8000B072] -> 0xAFC5
[1004] [M]: 0x8000B070 (0xAFC58593) addi a1, a1, 2812
x11 <- 0xFFFF4AFC


mem[X,0x8000B074] -> 0x0213
mem[X,0x8000B076] -> 0x0000
[1005] [M]: 0x8000B074 (0x00000213) addi tp, zero, 0
x4 <- 0x00000000


mem[X,0x8000B078] -> 0x006F
mem[X,0x8000B07A] -> 0x00C0
[1006] [M]: 0x8000B078 (0x00C0006F) jal zero, 12


mem[X,0x8000B084] -> 0x1863
mem[X,0x8000B086] -> 0x00B5
[1007] [M]: 0x8000B084 (0x00B51863) bne a0, a1, 16


mem[X,0x8000B094] -> 0x0213
mem[X,0x8000B096] -> 0x0032
[1008] [M]: 0x8000B094 (0x00320213) addi tp, tp, 3
x4 <- 0x00000003


mem[X,0x8000B098] -> 0x006F
mem[X,0x8000B09A] -> 0x0040
[1009] [M]: 0x8000B098 (0x0040006F) jal zero, 4


mem[X,0x8000B09C] -> 0xAC23
mem[X,0x8000B09E] -> 0x1440
[1010] [M]: 0x8000B09C (0x1440AC23) sw tp, 344(ra)
mem[0x8003A2C0] <- 0x00000003


mem[X,0x8000B0A0] -> 0x0513
mem[X,0x8000B0A2] -> 0x0030
[1011] [M]: 0x8000B0A0 (0x00300513) addi a0, zero, 3
x10 <- 0x00000003


mem[X,0x8000B0A4] -> 0xB5B7
mem[X,0x8000B0A6] -> 0x0000
[1012] [M]: 0x8000B0A4 (0x0000B5B7) lui a1, 11
x11 <- 0x0000B000


mem[X,0x8000B0A8] -> 0x8593
mem[X,0x8000B0AA] -> 0x5045
[1013] [M]: 0x8000B0A8 (0x50458593) addi a1, a1, 1284
x11 <- 0x0000B504


mem[X,0x8000B0AC] -> 0x0213
mem[X,0x8000B0AE] -> 0x0000
[1014] [M]: 0x8000B0AC (0x00000213) addi tp, zero, 0
x4 <- 0x00000000


mem[X,0x8000B0B0] -> 0x006F
mem[X,0x8000B0B2] -> 0x00C0
[1015] [M]: 0x8000B0B0 (0x00C0006F) jal zero, 12


mem[X,0x8000B0BC] -> 0x1663
mem[X,0x8000B0BE] -> 0x00B5
[1016] [M]: 0x8000B0BC (0x00B51663) bne a0, a1, 12


mem[X,0x8000B0C8] -> 0x0213
mem[X,0x8000B0CA] -> 0x0032
[1017] [M]: 0x8000B0C8 (0x00320213) addi tp, tp, 3
x4 <- 0x00000003


mem[X,0x8000B0CC] -> 0x006F
mem[X,0x8000B0CE] -> 0x0040
[1018] [M]: 0x8000B0CC (0x0040006F) jal zero, 4


mem[X,0x8000B0D0] -> 0xAE23
mem[X,0x8000B0D2] -> 0x1440
[1019] [M]: 0x8000B0D0 (0x1440AE23) sw tp, 348(ra)
mem[0x8003A2C4] <- 0x00000003


mem[X,0x8000B0D4] -> 0x0513
mem[X,0x8000B0D6] -> 0x0030
[1020] [M]: 0x8000B0D4 (0x00300513) addi a0, zero, 3
x10 <- 0x00000003


mem[X,0x8000B0D8] -> 0x0593
mem[X,0x8000B0DA] -> 0x0020
[1021] [M]: 0x8000B0D8 (0x00200593) addi a1, zero, 2
x11 <- 0x00000002


mem[X,0x8000B0DC] -> 0x0213
mem[X,0x8000B0DE] -> 0x0000
[1022] [M]: 0x8000B0DC (0x00000213) addi tp, zero, 0
x4 <- 0x00000000


mem[X,0x8000B0E0] -> 0x006F
mem[X,0x8000B0E2] -> 0x0180
[1023] [M]: 0x8000B0E0 (0x0180006F) jal zero, 24


mem[X,0x8000B0F8] -> 0x16E3
mem[X,0x8000B0FA] -> 0xFEB5
[1024] [M]: 0x8000B0F8 (0xFEB516E3) bne a0, a1, 8172


mem[X,0x8000B0E4] -> 0x0213
mem[X,0x8000B0E6] -> 0x0012
[1025] [M]: 0x8000B0E4 (0x00120213) addi tp, tp, 1
x4 <- 0x00000001


mem[X,0x8000B0E8] -> 0x006F
mem[X,0x8000B0EA] -> 0x0240
[1026] [M]: 0x8000B0E8 (0x0240006F) jal zero, 36


mem[X,0x8000B10C] -> 0xA023
mem[X,0x8000B10E] -> 0x1640
[1027] [M]: 0x8000B10C (0x1640A023) sw tp, 352(ra)
mem[0x8003A2C8] <- 0x00000001


mem[X,0x8000B110] -> 0x0513
mem[X,0x8000B112] -> 0x0030
[1028] [M]: 0x8000B110 (0x00300513) addi a0, zero, 3
x10 <- 0x00000003


mem[X,0x8000B114] -> 0x55B7
mem[X,0x8000B116] -> 0x5555
[1029] [M]: 0x8000B114 (0x555555B7) lui a1, 349525
x11 <- 0x55555000


mem[X,0x8000B118] -> 0x8593
mem[X,0x8000B11A] -> 0x5545
[1030] [M]: 0x8000B118 (0x55458593) addi a1, a1, 1364
x11 <- 0x55555554


mem[X,0x8000B11C] -> 0x0213
mem[X,0x8000B11E] -> 0x0000
[1031] [M]: 0x8000B11C (0x00000213) addi tp, zero, 0
x4 <- 0x00000000


mem[X,0x8000B120] -> 0x006F
mem[X,0x8000B122] -> 0x00C0
[1032] [M]: 0x8000B120 (0x00C0006F) jal zero, 12


mem[X,0x8000B12C] -> 0x1063
mem[X,0x8000B12E] -> 0x04B5
[1033] [M]: 0x8000B12C (0x04B51063) bne a0, a1, 64


mem[X,0x8000B16C] -> 0x0213
mem[X,0x8000B16E] -> 0x0032
[1034] [M]: 0x8000B16C (0x00320213) addi tp, tp, 3
x4 <- 0x00000003


mem[X,0x8000B170] -> 0x006F
mem[X,0x8000B172] -> 0x0040
[1035] [M]: 0x8000B170 (0x0040006F) jal zero, 4


mem[X,0x8000B174] -> 0xA223
mem[X,0x8000B176] -> 0x1640
[1036] [M]: 0x8000B174 (0x1640A223) sw tp, 356(ra)
mem[0x8003A2CC] <- 0x00000003


mem[X,0x8000B178] -> 0x0513
mem[X,0x8000B17A] -> 0x0030
[1037] [M]: 0x8000B178 (0x00300513) addi a0, zero, 3
x10 <- 0x00000003


mem[X,0x8000B17C] -> 0x0593
mem[X,0x8000B17E] -> 0x0000
[1038] [M]: 0x8000B17C (0x00000593) addi a1, zero, 0
x11 <- 0x00000000


mem[X,0x8000B180] -> 0x0213
mem[X,0x8000B182] -> 0x0000
[1039] [M]: 0x8000B180 (0x00000213) addi tp, zero, 0
x4 <- 0x00000000


mem[X,0x8000B184] -> 0x006F
mem[X,0x8000B186] -> 0x00C0
[1040] [M]: 0x8000B184 (0x00C0006F) jal zero, 12


mem[X,0x8000B190] -> 0x1CE3
mem[X,0x8000B192] -> 0xFEB5
[1041] [M]: 0x8000B190 (0xFEB51CE3) bne a0, a1, 8184


mem[X,0x8000B188] -> 0x0213
mem[X,0x8000B18A] -> 0x0012
[1042] [M]: 0x8000B188 (0x00120213) addi tp, tp, 1
x4 <- 0x00000001


mem[X,0x8000B18C] -> 0x006F
mem[X,0x8000B18E] -> 0x0180
[1043] [M]: 0x8000B18C (0x0180006F) jal zero, 24


mem[X,0x8000B1A4] -> 0xA423
mem[X,0x8000B1A6] -> 0x1640
[1044] [M]: 0x8000B1A4 (0x1640A423) sw tp, 360(ra)
mem[0x8003A2D0] <- 0x00000001


mem[X,0x8000B1A8] -> 0x0513
mem[X,0x8000B1AA] -> 0x0030
[1045] [M]: 0x8000B1A8 (0x00300513) addi a0, zero, 3
x10 <- 0x00000003


mem[X,0x8000B1AC] -> 0x0593
mem[X,0x8000B1AE] -> 0x0040
[1046] [M]: 0x8000B1AC (0x00400593) addi a1, zero, 4
x11 <- 0x00000004


mem[X,0x8000B1B0] -> 0x0213
mem[X,0x8000B1B2] -> 0x0000
[1047] [M]: 0x8000B1B0 (0x00000213) addi tp, zero, 0
x4 <- 0x00000000


mem[X,0x8000B1B4] -> 0x006F
mem[X,0x8000B1B6] -> 0x00C0
[1048] [M]: 0x8000B1B4 (0x00C0006F) jal zero, 12


mem[X,0x8000B1C0] -> 0x1063
mem[X,0x8000B1C2] -> 0x04B5
[1049] [M]: 0x8000B1C0 (0x04B51063) bne a0, a1, 64


mem[X,0x8000B200] -> 0x0213
mem[X,0x8000B202] -> 0x0032
[1050] [M]: 0x8000B200 (0x00320213) addi tp, tp, 3
x4 <- 0x00000003


mem[X,0x8000B204] -> 0x006F
mem[X,0x8000B206] -> 0x0040
[1051] [M]: 0x8000B204 (0x0040006F) jal zero, 4


mem[X,0x8000B208] -> 0xA623
mem[X,0x8000B20A] -> 0x1640
[1052] [M]: 0x8000B208 (0x1640A623) sw tp, 364(ra)
mem[0x8003A2D4] <- 0x00000003


mem[X,0x8000B20C] -> 0x0513
mem[X,0x8000B20E] -> 0x0030
[1053] [M]: 0x8000B20C (0x00300513) addi a0, zero, 3
x10 <- 0x00000003


mem[X,0x8000B210] -> 0x35B7
mem[X,0x8000B212] -> 0x3333
[1054] [M]: 0x8000B210 (0x333335B7) lui a1, 209715
x11 <- 0x33333000


mem[X,0x8000B214] -> 0x8593
mem[X,0x8000B216] -> 0x3325
[1055] [M]: 0x8000B214 (0x33258593) addi a1, a1, 818
x11 <- 0x33333332


mem[X,0x8000B218] -> 0x0213
mem[X,0x8000B21A] -> 0x0000
[1056] [M]: 0x8000B218 (0x00000213) addi tp, zero, 0
x4 <- 0x00000000


mem[X,0x8000B21C] -> 0x006F
mem[X,0x8000B21E] -> 0x00C0
[1057] [M]: 0x8000B21C (0x00C0006F) jal zero, 12


mem[X,0x8000B228] -> 0x1CE3
mem[X,0x8000B22A] -> 0xFEB5
[1058] [M]: 0x8000B228 (0xFEB51CE3) bne a0, a1, 8184


mem[X,0x8000B220] -> 0x0213
mem[X,0x8000B222] -> 0x0012
[1059] [M]: 0x8000B220 (0x00120213) addi tp, tp, 1
x4 <- 0x00000001


mem[X,0x8000B224] -> 0x006F
mem[X,0x8000B226] -> 0x0180
[1060] [M]: 0x8000B224 (0x0180006F) jal zero, 24


mem[X,0x8000B23C] -> 0xA823
mem[X,0x8000B23E] -> 0x1640
[1061] [M]: 0x8000B23C (0x1640A823) sw tp, 368(ra)
mem[0x8003A2D8] <- 0x00000001


mem[X,0x8000B240] -> 0x0513
mem[X,0x8000B242] -> 0x0030
[1062] [M]: 0x8000B240 (0x00300513) addi a0, zero, 3
x10 <- 0x00000003


mem[X,0x8000B244] -> 0x65B7
mem[X,0x8000B246] -> 0x6666
[1063] [M]: 0x8000B244 (0x666665B7) lui a1, 419430
x11 <- 0x66666000


mem[X,0x8000B248] -> 0x8593
mem[X,0x8000B24A] -> 0x6655
[1064] [M]: 0x8000B248 (0x66558593) addi a1, a1, 1637
x11 <- 0x66666665


mem[X,0x8000B24C] -> 0x0213
mem[X,0x8000B24E] -> 0x0000
[1065] [M]: 0x8000B24C (0x00000213) addi tp, zero, 0
x4 <- 0x00000000


mem[X,0x8000B250] -> 0x006F
mem[X,0x8000B252] -> 0x00C0
[1066] [M]: 0x8000B250 (0x00C0006F) jal zero, 12


mem[X,0x8000B25C] -> 0x1063
mem[X,0x8000B25E] -> 0x40B5
[1067] [M]: 0x8000B25C (0x40B51063) bne a0, a1, 1024


mem[X,0x8000B65C] -> 0x0213
mem[X,0x8000B65E] -> 0x0032
[1068] [M]: 0x8000B65C (0x00320213) addi tp, tp, 3
x4 <- 0x00000003


mem[X,0x8000B660] -> 0x006F
mem[X,0x8000B662] -> 0x0040
[1069] [M]: 0x8000B660 (0x0040006F) jal zero, 4


mem[X,0x8000B664] -> 0xAA23
mem[X,0x8000B666] -> 0x1640
[1070] [M]: 0x8000B664 (0x1640AA23) sw tp, 372(ra)
mem[0x8003A2DC] <- 0x00000003


mem[X,0x8000B668] -> 0x0513
mem[X,0x8000B66A] -> 0x0030
[1071] [M]: 0x8000B668 (0x00300513) addi a0, zero, 3
x10 <- 0x00000003


mem[X,0x8000B66C] -> 0xB5B7
mem[X,0x8000B66E] -> 0x0000
[1072] [M]: 0x8000B66C (0x0000B5B7) lui a1, 11
x11 <- 0x0000B000


mem[X,0x8000B670] -> 0x8593
mem[X,0x8000B672] -> 0x5035
[1073] [M]: 0x8000B670 (0x50358593) addi a1, a1, 1283
x11 <- 0x0000B503


mem[X,0x8000B674] -> 0x0213
mem[X,0x8000B676] -> 0x0000
[1074] [M]: 0x8000B674 (0x00000213) addi tp, zero, 0
x4 <- 0x00000000


mem[X,0x8000B678] -> 0x006F
mem[X,0x8000B67A] -> 0x00C0
[1075] [M]: 0x8000B678 (0x00C0006F) jal zero, 12


mem[X,0x8000B684] -> 0x1063
mem[X,0x8000B686] -> 0x02B5
[1076] [M]: 0x8000B684 (0x02B51063) bne a0, a1, 32


mem[X,0x8000B6A4] -> 0x0213
mem[X,0x8000B6A6] -> 0x0032
[1077] [M]: 0x8000B6A4 (0x00320213) addi tp, tp, 3
x4 <- 0x00000003


mem[X,0x8000B6A8] -> 0x006F
mem[X,0x8000B6AA] -> 0x0040
[1078] [M]: 0x8000B6A8 (0x0040006F) jal zero, 4


mem[X,0x8000B6AC] -> 0xAC23
mem[X,0x8000B6AE] -> 0x1640
[1079] [M]: 0x8000B6AC (0x1640AC23) sw tp, 376(ra)
mem[0x8003A2E0] <- 0x00000003


mem[X,0x8000B6B0] -> 0x0513
mem[X,0x8000B6B2] -> 0x0030
[1080] [M]: 0x8000B6B0 (0x00300513) addi a0, zero, 3
x10 <- 0x00000003


mem[X,0x8000B6B4] -> 0x55B7
mem[X,0x8000B6B6] -> 0x5555
[1081] [M]: 0x8000B6B4 (0x555555B7) lui a1, 349525
x11 <- 0x55555000


mem[X,0x8000B6B8] -> 0x8593
mem[X,0x8000B6BA] -> 0x5565
[1082] [M]: 0x8000B6B8 (0x55658593) addi a1, a1, 1366
x11 <- 0x55555556


mem[X,0x8000B6BC] -> 0x0213
mem[X,0x8000B6BE] -> 0x0000
[1083] [M]: 0x8000B6BC (0x00000213) addi tp, zero, 0
x4 <- 0x00000000


mem[X,0x8000B6C0] -> 0x006F
mem[X,0x8000B6C2] -> 0x2B10
[1084] [M]: 0x8000B6C0 (0x2B10006F) jal zero, 2736


mem[X,0x8000C170] -> 0x1A63
mem[X,0x8000C172] -> 0xD4B5
[1085] [M]: 0x8000C170 (0xD4B51A63) bne a0, a1, 5460


mem[X,0x8000B6C4] -> 0x0213
mem[X,0x8000B6C6] -> 0x0012
[1086] [M]: 0x8000B6C4 (0x00120213) addi tp, tp, 1
x4 <- 0x00000001


mem[X,0x8000B6C8] -> 0x006F
mem[X,0x8000B6CA] -> 0x2BD0
[1087] [M]: 0x8000B6C8 (0x2BD0006F) jal zero, 2748


mem[X,0x8000C184] -> 0xAE23
mem[X,0x8000C186] -> 0x1640
[1088] [M]: 0x8000C184 (0x1640AE23) sw tp, 380(ra)
mem[0x8003A2E4] <- 0x00000001


mem[X,0x8000C188] -> 0x0513
mem[X,0x8000C18A] -> 0x0030
[1089] [M]: 0x8000C188 (0x00300513) addi a0, zero, 3
x10 <- 0x00000003


mem[X,0x8000C18C] -> 0xB5B7
mem[X,0x8000C18E] -> 0xAAAA
[1090] [M]: 0x8000C18C (0xAAAAB5B7) lui a1, 699051
x11 <- 0xAAAAB000


mem[X,0x8000C190] -> 0x8593
mem[X,0x8000C192] -> 0xAAB5
[1091] [M]: 0x8000C190 (0xAAB58593) addi a1, a1, 2731
x11 <- 0xAAAAAAAB


mem[X,0x8000C194] -> 0x0213
mem[X,0x8000C196] -> 0x0000
[1092] [M]: 0x8000C194 (0x00000213) addi tp, zero, 0
x4 <- 0x00000000


mem[X,0x8000C198] -> 0x006F
mem[X,0x8000C19A] -> 0x00C0
[1093] [M]: 0x8000C198 (0x00C0006F) jal zero, 12


mem[X,0x8000C1A4] -> 0x1063
mem[X,0x8000C1A6] -> 0x08B5
[1094] [M]: 0x8000C1A4 (0x08B51063) bne a0, a1, 128


mem[X,0x8000C224] -> 0x0213
mem[X,0x8000C226] -> 0x0032
[1095] [M]: 0x8000C224 (0x00320213) addi tp, tp, 3
x4 <- 0x00000003


mem[X,0x8000C228] -> 0x006F
mem[X,0x8000C22A] -> 0x0040
[1096] [M]: 0x8000C228 (0x0040006F) jal zero, 4


mem[X,0x8000C22C] -> 0xA023
mem[X,0x8000C22E] -> 0x1840
[1097] [M]: 0x8000C22C (0x1840A023) sw tp, 384(ra)
mem[0x8003A2E8] <- 0x00000003


mem[X,0x8000C230] -> 0x0513
mem[X,0x8000C232] -> 0x0030
[1098] [M]: 0x8000C230 (0x00300513) addi a0, zero, 3
x10 <- 0x00000003


mem[X,0x8000C234] -> 0x0593
mem[X,0x8000C236] -> 0x0060
[1099] [M]: 0x8000C234 (0x00600593) addi a1, zero, 6
x11 <- 0x00000006


clint::tick mtime <- 0x000000000000000B
 clint timer pending at mtime 0x000000000000000B
htif::tick 0x0000000000000000
mem[X,0x8000C238] -> 0x0213
mem[X,0x8000C23A] -> 0x0000
[1100] [M]: 0x8000C238 (0x00000213) addi tp, zero, 0
x4 <- 0x00000000


mem[X,0x8000C23C] -> 0x006F
mem[X,0x8000C23E] -> 0x00C0
[1101] [M]: 0x8000C23C (0x00C0006F) jal zero, 12


mem[X,0x8000C248] -> 0x1CE3
mem[X,0x8000C24A] -> 0xFEB5
[1102] [M]: 0x8000C248 (0xFEB51CE3) bne a0, a1, 8184


mem[X,0x8000C240] -> 0x0213
mem[X,0x8000C242] -> 0x0012
[1103] [M]: 0x8000C240 (0x00120213) addi tp, tp, 1
x4 <- 0x00000001


mem[X,0x8000C244] -> 0x006F
mem[X,0x8000C246] -> 0x0180
[1104] [M]: 0x8000C244 (0x0180006F) jal zero, 24


mem[X,0x8000C25C] -> 0xA223
mem[X,0x8000C25E] -> 0x1840
[1105] [M]: 0x8000C25C (0x1840A223) sw tp, 388(ra)
mem[0x8003A2EC] <- 0x00000001


mem[X,0x8000C260] -> 0x0513
mem[X,0x8000C262] -> 0x0030
[1106] [M]: 0x8000C260 (0x00300513) addi a0, zero, 3
x10 <- 0x00000003


mem[X,0x8000C264] -> 0x35B7
mem[X,0x8000C266] -> 0x3333
[1107] [M]: 0x8000C264 (0x333335B7) lui a1, 209715
x11 <- 0x33333000


mem[X,0x8000C268] -> 0x8593
mem[X,0x8000C26A] -> 0x3345
[1108] [M]: 0x8000C268 (0x33458593) addi a1, a1, 820
x11 <- 0x33333334


mem[X,0x8000C26C] -> 0x0213
mem[X,0x8000C26E] -> 0x0000
[1109] [M]: 0x8000C26C (0x00000213) addi tp, zero, 0
x4 <- 0x00000000


mem[X,0x8000C270] -> 0x006F
mem[X,0x8000C272] -> 0x00C0
[1110] [M]: 0x8000C270 (0x00C0006F) jal zero, 12


mem[X,0x8000C27C] -> 0x1CE3
mem[X,0x8000C27E] -> 0xFEB5
[1111] [M]: 0x8000C27C (0xFEB51CE3) bne a0, a1, 8184


mem[X,0x8000C274] -> 0x0213
mem[X,0x8000C276] -> 0x0012
[1112] [M]: 0x8000C274 (0x00120213) addi tp, tp, 1
x4 <- 0x00000001


mem[X,0x8000C278] -> 0x006F
mem[X,0x8000C27A] -> 0x0180
[1113] [M]: 0x8000C278 (0x0180006F) jal zero, 24


mem[X,0x8000C290] -> 0xA423
mem[X,0x8000C292] -> 0x1840
[1114] [M]: 0x8000C290 (0x1840A423) sw tp, 392(ra)
mem[0x8003A2F0] <- 0x00000001


mem[X,0x8000C294] -> 0x0513
mem[X,0x8000C296] -> 0x0030
[1115] [M]: 0x8000C294 (0x00300513) addi a0, zero, 3
x10 <- 0x00000003


mem[X,0x8000C298] -> 0x65B7
mem[X,0x8000C29A] -> 0x6666
[1116] [M]: 0x8000C298 (0x666665B7) lui a1, 419430
x11 <- 0x66666000


mem[X,0x8000C29C] -> 0x8593
mem[X,0x8000C29E] -> 0x6675
[1117] [M]: 0x8000C29C (0x66758593) addi a1, a1, 1639
x11 <- 0x66666667


mem[X,0x8000C2A0] -> 0x0213
mem[X,0x8000C2A2] -> 0x0000
[1118] [M]: 0x8000C2A0 (0x00000213) addi tp, zero, 0
x4 <- 0x00000000


mem[X,0x8000C2A4] -> 0x006F
mem[X,0x8000C2A6] -> 0x00C0
[1119] [M]: 0x8000C2A4 (0x00C0006F) jal zero, 12


mem[X,0x8000C2B0] -> 0x1863
mem[X,0x8000C2B2] -> 0x00B5
[1120] [M]: 0x8000C2B0 (0x00B51863) bne a0, a1, 16


mem[X,0x8000C2C0] -> 0x0213
mem[X,0x8000C2C2] -> 0x0032
[1121] [M]: 0x8000C2C0 (0x00320213) addi tp, tp, 3
x4 <- 0x00000003


mem[X,0x8000C2C4] -> 0x006F
mem[X,0x8000C2C6] -> 0x0040
[1122] [M]: 0x8000C2C4 (0x0040006F) jal zero, 4


mem[X,0x8000C2C8] -> 0xA623
mem[X,0x8000C2CA] -> 0x1840
[1123] [M]: 0x8000C2C8 (0x1840A623) sw tp, 396(ra)
mem[0x8003A2F4] <- 0x00000003


mem[X,0x8000C2CC] -> 0x0513
mem[X,0x8000C2CE] -> 0x0030
[1124] [M]: 0x8000C2CC (0x00300513) addi a0, zero, 3
x10 <- 0x00000003


mem[X,0x8000C2D0] -> 0x55B7
mem[X,0x8000C2D2] -> 0xFFFF
[1125] [M]: 0x8000C2D0 (0xFFFF55B7) lui a1, 1048565
x11 <- 0xFFFF5000


mem[X,0x8000C2D4] -> 0x8593
mem[X,0x8000C2D6] -> 0xAFD5
[1126] [M]: 0x8000C2D4 (0xAFD58593) addi a1, a1, 2813
x11 <- 0xFFFF4AFD


mem[X,0x8000C2D8] -> 0x0213
mem[X,0x8000C2DA] -> 0x0000
[1127] [M]: 0x8000C2D8 (0x00000213) addi tp, zero, 0
x4 <- 0x00000000


mem[X,0x8000C2DC] -> 0x006F
mem[X,0x8000C2DE] -> 0x0140
[1128] [M]: 0x8000C2DC (0x0140006F) jal zero, 20


mem[X,0x8000C2F0] -> 0x18E3
mem[X,0x8000C2F2] -> 0xFEB5
[1129] [M]: 0x8000C2F0 (0xFEB518E3) bne a0, a1, 8176


mem[X,0x8000C2E0] -> 0x0213
mem[X,0x8000C2E2] -> 0x0012
[1130] [M]: 0x8000C2E0 (0x00120213) addi tp, tp, 1
x4 <- 0x00000001


mem[X,0x8000C2E4] -> 0x006F
mem[X,0x8000C2E6] -> 0x0200
[1131] [M]: 0x8000C2E4 (0x0200006F) jal zero, 32


mem[X,0x8000C304] -> 0xA823
mem[X,0x8000C306] -> 0x1840
[1132] [M]: 0x8000C304 (0x1840A823) sw tp, 400(ra)
mem[0x8003A2F8] <- 0x00000001


mem[X,0x8000C308] -> 0x0513
mem[X,0x8000C30A] -> 0x0030
[1133] [M]: 0x8000C308 (0x00300513) addi a0, zero, 3
x10 <- 0x00000003


mem[X,0x8000C30C] -> 0xB5B7
mem[X,0x8000C30E] -> 0x0000
[1134] [M]: 0x8000C30C (0x0000B5B7) lui a1, 11
x11 <- 0x0000B000


mem[X,0x8000C310] -> 0x8593
mem[X,0x8000C312] -> 0x5055
[1135] [M]: 0x8000C310 (0x50558593) addi a1, a1, 1285
x11 <- 0x0000B505


mem[X,0x8000C314] -> 0x0213
mem[X,0x8000C316] -> 0x0000
[1136] [M]: 0x8000C314 (0x00000213) addi tp, zero, 0
x4 <- 0x00000000


mem[X,0x8000C318] -> 0x006F
mem[X,0x8000C31A] -> 0x0100
[1137] [M]: 0x8000C318 (0x0100006F) jal zero, 16


mem[X,0x8000C328] -> 0x1AE3
mem[X,0x8000C32A] -> 0xFEB5
[1138] [M]: 0x8000C328 (0xFEB51AE3) bne a0, a1, 8180


mem[X,0x8000C31C] -> 0x0213
mem[X,0x8000C31E] -> 0x0012
[1139] [M]: 0x8000C31C (0x00120213) addi tp, tp, 1
x4 <- 0x00000001


mem[X,0x8000C320] -> 0x006F
mem[X,0x8000C322] -> 0x01C0
[1140] [M]: 0x8000C320 (0x01C0006F) jal zero, 28


mem[X,0x8000C33C] -> 0xAA23
mem[X,0x8000C33E] -> 0x1840
[1141] [M]: 0x8000C33C (0x1840AA23) sw tp, 404(ra)
mem[0x8003A2FC] <- 0x00000001


mem[X,0x8000C340] -> 0x5537
mem[X,0x8000C342] -> 0x5555
[1142] [M]: 0x8000C340 (0x55555537) lui a0, 349525
x10 <- 0x55555000


mem[X,0x8000C344] -> 0x0513
mem[X,0x8000C346] -> 0x5555
[1143] [M]: 0x8000C344 (0x55550513) addi a0, a0, 1365
x10 <- 0x55555555


mem[X,0x8000C348] -> 0x0593
mem[X,0x8000C34A] -> 0x0030
[1144] [M]: 0x8000C348 (0x00300593) addi a1, zero, 3
x11 <- 0x00000003


mem[X,0x8000C34C] -> 0x0213
mem[X,0x8000C34E] -> 0x0000
[1145] [M]: 0x8000C34C (0x00000213) addi tp, zero, 0
x4 <- 0x00000000


mem[X,0x8000C350] -> 0x006F
mem[X,0x8000C352] -> 0x00C0
[1146] [M]: 0x8000C350 (0x00C0006F) jal zero, 12


mem[X,0x8000C35C] -> 0x1063
mem[X,0x8000C35E] -> 0x04B5
[1147] [M]: 0x8000C35C (0x04B51063) bne a0, a1, 64


mem[X,0x8000C39C] -> 0x0213
mem[X,0x8000C39E] -> 0x0032
[1148] [M]: 0x8000C39C (0x00320213) addi tp, tp, 3
x4 <- 0x00000003


mem[X,0x8000C3A0] -> 0x006F
mem[X,0x8000C3A2] -> 0x0040
[1149] [M]: 0x8000C3A0 (0x0040006F) jal zero, 4


mem[X,0x8000C3A4] -> 0xAC23
mem[X,0x8000C3A6] -> 0x1840
[1150] [M]: 0x8000C3A4 (0x1840AC23) sw tp, 408(ra)
mem[0x8003A300] <- 0x00000003


mem[X,0x8000C3A8] -> 0x5537
mem[X,0x8000C3AA] -> 0x5555
[1151] [M]: 0x8000C3A8 (0x55555537) lui a0, 349525
x10 <- 0x55555000


mem[X,0x8000C3AC] -> 0x0513
mem[X,0x8000C3AE] -> 0x5555
[1152] [M]: 0x8000C3AC (0x55550513) addi a0, a0, 1365
x10 <- 0x55555555


mem[X,0x8000C3B0] -> 0x55B7
mem[X,0x8000C3B2] -> 0x5555
[1153] [M]: 0x8000C3B0 (0x555555B7) lui a1, 349525
x11 <- 0x55555000


mem[X,0x8000C3B4] -> 0x8593
mem[X,0x8000C3B6] -> 0x5555
[1154] [M]: 0x8000C3B4 (0x55558593) addi a1, a1, 1365
x11 <- 0x55555555


mem[X,0x8000C3B8] -> 0x0213
mem[X,0x8000C3BA] -> 0x0000
[1155] [M]: 0x8000C3B8 (0x00000213) addi tp, zero, 0
x4 <- 0x00000000


mem[X,0x8000C3BC] -> 0x006F
mem[X,0x8000C3BE] -> 0x00C0
[1156] [M]: 0x8000C3BC (0x00C0006F) jal zero, 12


mem[X,0x8000C3C8] -> 0x1063
mem[X,0x8000C3CA] -> 0x20B5
[1157] [M]: 0x8000C3C8 (0x20B51063) bne a0, a1, 512


mem[X,0x8000C3CC] -> 0x0213
mem[X,0x8000C3CE] -> 0x0022
[1158] [M]: 0x8000C3CC (0x00220213) addi tp, tp, 2
x4 <- 0x00000002


mem[X,0x8000C3D0] -> 0x006F
mem[X,0x8000C3D2] -> 0x2000
[1159] [M]: 0x8000C3D0 (0x2000006F) jal zero, 512


mem[X,0x8000C5D0] -> 0xAE23
mem[X,0x8000C5D2] -> 0x1840
[1160] [M]: 0x8000C5D0 (0x1840AE23) sw tp, 412(ra)
mem[0x8003A304] <- 0x00000002


mem[X,0x8000C5D4] -> 0x5537
mem[X,0x8000C5D6] -> 0x5555
[1161] [M]: 0x8000C5D4 (0x55555537) lui a0, 349525
x10 <- 0x55555000


mem[X,0x8000C5D8] -> 0x0513
mem[X,0x8000C5DA] -> 0x5555
[1162] [M]: 0x8000C5D8 (0x55550513) addi a0, a0, 1365
x10 <- 0x55555555


mem[X,0x8000C5DC] -> 0xB5B7
mem[X,0x8000C5DE] -> 0xAAAA
[1163] [M]: 0x8000C5DC (0xAAAAB5B7) lui a1, 699051
x11 <- 0xAAAAB000


mem[X,0x8000C5E0] -> 0x8593
mem[X,0x8000C5E2] -> 0xAAA5
[1164] [M]: 0x8000C5E0 (0xAAA58593) addi a1, a1, 2730
x11 <- 0xAAAAAAAA


mem[X,0x8000C5E4] -> 0x0213
mem[X,0x8000C5E6] -> 0x0000
[1165] [M]: 0x8000C5E4 (0x00000213) addi tp, zero, 0
x4 <- 0x00000000


mem[X,0x8000C5E8] -> 0x006F
mem[X,0x8000C5EA] -> 0x00C0
[1166] [M]: 0x8000C5E8 (0x00C0006F) jal zero, 12


mem[X,0x8000C5F4] -> 0x1663
mem[X,0x8000C5F6] -> 0x00B5
[1167] [M]: 0x8000C5F4 (0x00B51663) bne a0, a1, 12


mem[X,0x8000C600] -> 0x0213
mem[X,0x8000C602] -> 0x0032
[1168] [M]: 0x8000C600 (0x00320213) addi tp, tp, 3
x4 <- 0x00000003


mem[X,0x8000C604] -> 0x006F
mem[X,0x8000C606] -> 0x0040
[1169] [M]: 0x8000C604 (0x0040006F) jal zero, 4


mem[X,0x8000C608] -> 0xA023
mem[X,0x8000C60A] -> 0x1A40
[1170] [M]: 0x8000C608 (0x1A40A023) sw tp, 416(ra)
mem[0x8003A308] <- 0x00000003


mem[X,0x8000C60C] -> 0x5537
mem[X,0x8000C60E] -> 0x5555
[1171] [M]: 0x8000C60C (0x55555537) lui a0, 349525
x10 <- 0x55555000


mem[X,0x8000C610] -> 0x0513
mem[X,0x8000C612] -> 0x5555
[1172] [M]: 0x8000C610 (0x55550513) addi a0, a0, 1365
x10 <- 0x55555555


mem[X,0x8000C614] -> 0x0593
mem[X,0x8000C616] -> 0x0050
[1173] [M]: 0x8000C614 (0x00500593) addi a1, zero, 5
x11 <- 0x00000005


mem[X,0x8000C618] -> 0x0213
mem[X,0x8000C61A] -> 0x0000
[1174] [M]: 0x8000C618 (0x00000213) addi tp, zero, 0
x4 <- 0x00000000


mem[X,0x8000C61C] -> 0x006F
mem[X,0x8000C61E] -> 0x00C0
[1175] [M]: 0x8000C61C (0x00C0006F) jal zero, 12


mem[X,0x8000C628] -> 0x1663
mem[X,0x8000C62A] -> 0x00B5
[1176] [M]: 0x8000C628 (0x00B51663) bne a0, a1, 12


mem[X,0x8000C634] -> 0x0213
mem[X,0x8000C636] -> 0x0032
[1177] [M]: 0x8000C634 (0x00320213) addi tp, tp, 3
x4 <- 0x00000003


mem[X,0x8000C638] -> 0x006F
mem[X,0x8000C63A] -> 0x0040
[1178] [M]: 0x8000C638 (0x0040006F) jal zero, 4


mem[X,0x8000C63C] -> 0xA223
mem[X,0x8000C63E] -> 0x1A40
[1179] [M]: 0x8000C63C (0x1A40A223) sw tp, 420(ra)
mem[0x8003A30C] <- 0x00000003


mem[X,0x8000C640] -> 0x5537
mem[X,0x8000C642] -> 0x5555
[1180] [M]: 0x8000C640 (0x55555537) lui a0, 349525
x10 <- 0x55555000


mem[X,0x8000C644] -> 0x0513
mem[X,0x8000C646] -> 0x5555
[1181] [M]: 0x8000C644 (0x55550513) addi a0, a0, 1365
x10 <- 0x55555555


mem[X,0x8000C648] -> 0x35B7
mem[X,0x8000C64A] -> 0x3333
[1182] [M]: 0x8000C648 (0x333335B7) lui a1, 209715
x11 <- 0x33333000


mem[X,0x8000C64C] -> 0x8593
mem[X,0x8000C64E] -> 0x3335
[1183] [M]: 0x8000C64C (0x33358593) addi a1, a1, 819
x11 <- 0x33333333


mem[X,0x8000C650] -> 0x0213
mem[X,0x8000C652] -> 0x0000
[1184] [M]: 0x8000C650 (0x00000213) addi tp, zero, 0
x4 <- 0x00000000


mem[X,0x8000C654] -> 0x006F
mem[X,0x8000C656] -> 0x00C0
[1185] [M]: 0x8000C654 (0x00C0006F) jal zero, 12


mem[X,0x8000C660] -> 0x1063
mem[X,0x8000C662] -> 0x02B5
[1186] [M]: 0x8000C660 (0x02B51063) bne a0, a1, 32


mem[X,0x8000C680] -> 0x0213
mem[X,0x8000C682] -> 0x0032
[1187] [M]: 0x8000C680 (0x00320213) addi tp, tp, 3
x4 <- 0x00000003


mem[X,0x8000C684] -> 0x006F
mem[X,0x8000C686] -> 0x0040
[1188] [M]: 0x8000C684 (0x0040006F) jal zero, 4


mem[X,0x8000C688] -> 0xA423
mem[X,0x8000C68A] -> 0x1A40
[1189] [M]: 0x8000C688 (0x1A40A423) sw tp, 424(ra)
mem[0x8003A310] <- 0x00000003


mem[X,0x8000C68C] -> 0x5537
mem[X,0x8000C68E] -> 0x5555
[1190] [M]: 0x8000C68C (0x55555537) lui a0, 349525
x10 <- 0x55555000


mem[X,0x8000C690] -> 0x0513
mem[X,0x8000C692] -> 0x5555
[1191] [M]: 0x8000C690 (0x55550513) addi a0, a0, 1365
x10 <- 0x55555555


mem[X,0x8000C694] -> 0x65B7
mem[X,0x8000C696] -> 0x6666
[1192] [M]: 0x8000C694 (0x666665B7) lui a1, 419430
x11 <- 0x66666000


mem[X,0x8000C698] -> 0x8593
mem[X,0x8000C69A] -> 0x6665
[1193] [M]: 0x8000C698 (0x66658593) addi a1, a1, 1638
x11 <- 0x66666666


mem[X,0x8000C69C] -> 0x0213
mem[X,0x8000C69E] -> 0x0000
[1194] [M]: 0x8000C69C (0x00000213) addi tp, zero, 0
x4 <- 0x00000000


mem[X,0x8000C6A0] -> 0x006F
mem[X,0x8000C6A2] -> 0x2B10
[1195] [M]: 0x8000C6A0 (0x2B10006F) jal zero, 2736


mem[X,0x8000D150] -> 0x1A63
mem[X,0x8000D152] -> 0xD4B5
[1196] [M]: 0x8000D150 (0xD4B51A63) bne a0, a1, 5460


mem[X,0x8000C6A4] -> 0x0213
mem[X,0x8000C6A6] -> 0x0012
[1197] [M]: 0x8000C6A4 (0x00120213) addi tp, tp, 1
x4 <- 0x00000001


mem[X,0x8000C6A8] -> 0x006F
mem[X,0x8000C6AA] -> 0x2BD0
[1198] [M]: 0x8000C6A8 (0x2BD0006F) jal zero, 2748


mem[X,0x8000D164] -> 0xA623
mem[X,0x8000D166] -> 0x1A40
[1199] [M]: 0x8000D164 (0x1A40A623) sw tp, 428(ra)
mem[0x8003A314] <- 0x00000001


clint::tick mtime <- 0x000000000000000C
 clint timer pending at mtime 0x000000000000000C
htif::tick 0x0000000000000000
mem[X,0x8000D168] -> 0x5537
mem[X,0x8000D16A] -> 0x5555
[1200] [M]: 0x8000D168 (0x55555537) lui a0, 349525
x10 <- 0x55555000


mem[X,0x8000D16C] -> 0x0513
mem[X,0x8000D16E] -> 0x5555
[1201] [M]: 0x8000D16C (0x55550513) addi a0, a0, 1365
x10 <- 0x55555555


mem[X,0x8000D170] -> 0x55B7
mem[X,0x8000D172] -> 0xFFFF
[1202] [M]: 0x8000D170 (0xFFFF55B7) lui a1, 1048565
x11 <- 0xFFFF5000


mem[X,0x8000D174] -> 0x8593
mem[X,0x8000D176] -> 0xAFC5
[1203] [M]: 0x8000D174 (0xAFC58593) addi a1, a1, 2812
x11 <- 0xFFFF4AFC


mem[X,0x8000D178] -> 0x0213
mem[X,0x8000D17A] -> 0x0000
[1204] [M]: 0x8000D178 (0x00000213) addi tp, zero, 0
x4 <- 0x00000000


mem[X,0x8000D17C] -> 0x006F
mem[X,0x8000D17E] -> 0x00C0
[1205] [M]: 0x8000D17C (0x00C0006F) jal zero, 12


mem[X,0x8000D188] -> 0x1063
mem[X,0x8000D18A] -> 0x04B5
[1206] [M]: 0x8000D188 (0x04B51063) bne a0, a1, 64


mem[X,0x8000D1C8] -> 0x0213
mem[X,0x8000D1CA] -> 0x0032
[1207] [M]: 0x8000D1C8 (0x00320213) addi tp, tp, 3
x4 <- 0x00000003


mem[X,0x8000D1CC] -> 0x006F
mem[X,0x8000D1CE] -> 0x0040
[1208] [M]: 0x8000D1CC (0x0040006F) jal zero, 4


mem[X,0x8000D1D0] -> 0xA823
mem[X,0x8000D1D2] -> 0x1A40
[1209] [M]: 0x8000D1D0 (0x1A40A823) sw tp, 432(ra)
mem[0x8003A318] <- 0x00000003


mem[X,0x8000D1D4] -> 0x5537
mem[X,0x8000D1D6] -> 0x5555
[1210] [M]: 0x8000D1D4 (0x55555537) lui a0, 349525
x10 <- 0x55555000


mem[X,0x8000D1D8] -> 0x0513
mem[X,0x8000D1DA] -> 0x5555
[1211] [M]: 0x8000D1D8 (0x55550513) addi a0, a0, 1365
x10 <- 0x55555555


mem[X,0x8000D1DC] -> 0xB5B7
mem[X,0x8000D1DE] -> 0x0000
[1212] [M]: 0x8000D1DC (0x0000B5B7) lui a1, 11
x11 <- 0x0000B000


mem[X,0x8000D1E0] -> 0x8593
mem[X,0x8000D1E2] -> 0x5045
[1213] [M]: 0x8000D1E0 (0x50458593) addi a1, a1, 1284
x11 <- 0x0000B504


mem[X,0x8000D1E4] -> 0x0213
mem[X,0x8000D1E6] -> 0x0000
[1214] [M]: 0x8000D1E4 (0x00000213) addi tp, zero, 0
x4 <- 0x00000000


mem[X,0x8000D1E8] -> 0x006F
mem[X,0x8000D1EA] -> 0x00C0
[1215] [M]: 0x8000D1E8 (0x00C0006F) jal zero, 12


mem[X,0x8000D1F4] -> 0x1063
mem[X,0x8000D1F6] -> 0x10B5
[1216] [M]: 0x8000D1F4 (0x10B51063) bne a0, a1, 256


mem[X,0x8000D2F4] -> 0x0213
mem[X,0x8000D2F6] -> 0x0032
[1217] [M]: 0x8000D2F4 (0x00320213) addi tp, tp, 3
x4 <- 0x00000003


mem[X,0x8000D2F8] -> 0x006F
mem[X,0x8000D2FA] -> 0x0040
[1218] [M]: 0x8000D2F8 (0x0040006F) jal zero, 4


mem[X,0x8000D2FC] -> 0xAA23
mem[X,0x8000D2FE] -> 0x1A40
[1219] [M]: 0x8000D2FC (0x1A40AA23) sw tp, 436(ra)
mem[0x8003A31C] <- 0x00000003


mem[X,0x8000D300] -> 0x5537
mem[X,0x8000D302] -> 0x5555
[1220] [M]: 0x8000D300 (0x55555537) lui a0, 349525
x10 <- 0x55555000


mem[X,0x8000D304] -> 0x0513
mem[X,0x8000D306] -> 0x5555
[1221] [M]: 0x8000D304 (0x55550513) addi a0, a0, 1365
x10 <- 0x55555555


mem[X,0x8000D308] -> 0x0593
mem[X,0x8000D30A] -> 0x0020
[1222] [M]: 0x8000D308 (0x00200593) addi a1, zero, 2
x11 <- 0x00000002


mem[X,0x8000D30C] -> 0x0213
mem[X,0x8000D30E] -> 0x0000
[1223] [M]: 0x8000D30C (0x00000213) addi tp, zero, 0
x4 <- 0x00000000


mem[X,0x8000D310] -> 0x006F
mem[X,0x8000D312] -> 0x0140
[1224] [M]: 0x8000D310 (0x0140006F) jal zero, 20


mem[X,0x8000D324] -> 0x18E3
mem[X,0x8000D326] -> 0xFEB5
[1225] [M]: 0x8000D324 (0xFEB518E3) bne a0, a1, 8176


mem[X,0x8000D314] -> 0x0213
mem[X,0x8000D316] -> 0x0012
[1226] [M]: 0x8000D314 (0x00120213) addi tp, tp, 1
x4 <- 0x00000001


mem[X,0x8000D318] -> 0x006F
mem[X,0x8000D31A] -> 0x0200
[1227] [M]: 0x8000D318 (0x0200006F) jal zero, 32


mem[X,0x8000D338] -> 0xAC23
mem[X,0x8000D33A] -> 0x1A40
[1228] [M]: 0x8000D338 (0x1A40AC23) sw tp, 440(ra)
mem[0x8003A320] <- 0x00000001


mem[X,0x8000D33C] -> 0x5537
mem[X,0x8000D33E] -> 0x5555
[1229] [M]: 0x8000D33C (0x55555537) lui a0, 349525
x10 <- 0x55555000


mem[X,0x8000D340] -> 0x0513
mem[X,0x8000D342] -> 0x5555
[1230] [M]: 0x8000D340 (0x55550513) addi a0, a0, 1365
x10 <- 0x55555555


mem[X,0x8000D344] -> 0x55B7
mem[X,0x8000D346] -> 0x5555
[1231] [M]: 0x8000D344 (0x555555B7) lui a1, 349525
x11 <- 0x55555000


mem[X,0x8000D348] -> 0x8593
mem[X,0x8000D34A] -> 0x5545
[1232] [M]: 0x8000D348 (0x55458593) addi a1, a1, 1364
x11 <- 0x55555554


mem[X,0x8000D34C] -> 0x0213
mem[X,0x8000D34E] -> 0x0000
[1233] [M]: 0x8000D34C (0x00000213) addi tp, zero, 0
x4 <- 0x00000000


mem[X,0x8000D350] -> 0x006F
mem[X,0x8000D352] -> 0x00C0
[1234] [M]: 0x8000D350 (0x00C0006F) jal zero, 12


mem[X,0x8000D35C] -> 0x1663
mem[X,0x8000D35E] -> 0x00B5
[1235] [M]: 0x8000D35C (0x00B51663) bne a0, a1, 12


mem[X,0x8000D368] -> 0x0213
mem[X,0x8000D36A] -> 0x0032
[1236] [M]: 0x8000D368 (0x00320213) addi tp, tp, 3
x4 <- 0x00000003


mem[X,0x8000D36C] -> 0x006F
mem[X,0x8000D36E] -> 0x0040
[1237] [M]: 0x8000D36C (0x0040006F) jal zero, 4


mem[X,0x8000D370] -> 0xAE23
mem[X,0x8000D372] -> 0x1A40
[1238] [M]: 0x8000D370 (0x1A40AE23) sw tp, 444(ra)
mem[0x8003A324] <- 0x00000003


mem[X,0x8000D374] -> 0x5537
mem[X,0x8000D376] -> 0x5555
[1239] [M]: 0x8000D374 (0x55555537) lui a0, 349525
x10 <- 0x55555000


mem[X,0x8000D378] -> 0x0513
mem[X,0x8000D37A] -> 0x5555
[1240] [M]: 0x8000D378 (0x55550513) addi a0, a0, 1365
x10 <- 0x55555555


mem[X,0x8000D37C] -> 0x0593
mem[X,0x8000D37E] -> 0x0000
[1241] [M]: 0x8000D37C (0x00000593) addi a1, zero, 0
x11 <- 0x00000000


mem[X,0x8000D380] -> 0x0213
mem[X,0x8000D382] -> 0x0000
[1242] [M]: 0x8000D380 (0x00000213) addi tp, zero, 0
x4 <- 0x00000000


mem[X,0x8000D384] -> 0x006F
mem[X,0x8000D386] -> 0x00C0
[1243] [M]: 0x8000D384 (0x00C0006F) jal zero, 12


mem[X,0x8000D390] -> 0x1CE3
mem[X,0x8000D392] -> 0xFEB5
[1244] [M]: 0x8000D390 (0xFEB51CE3) bne a0, a1, 8184


mem[X,0x8000D388] -> 0x0213
mem[X,0x8000D38A] -> 0x0012
[1245] [M]: 0x8000D388 (0x00120213) addi tp, tp, 1
x4 <- 0x00000001


mem[X,0x8000D38C] -> 0x006F
mem[X,0x8000D38E] -> 0x0180
[1246] [M]: 0x8000D38C (0x0180006F) jal zero, 24


mem[X,0x8000D3A4] -> 0xA023
mem[X,0x8000D3A6] -> 0x1C40
[1247] [M]: 0x8000D3A4 (0x1C40A023) sw tp, 448(ra)
mem[0x8003A328] <- 0x00000001


mem[X,0x8000D3A8] -> 0x5537
mem[X,0x8000D3AA] -> 0x5555
[1248] [M]: 0x8000D3A8 (0x55555537) lui a0, 349525
x10 <- 0x55555000


mem[X,0x8000D3AC] -> 0x0513
mem[X,0x8000D3AE] -> 0x5555
[1249] [M]: 0x8000D3AC (0x55550513) addi a0, a0, 1365
x10 <- 0x55555555


mem[X,0x8000D3B0] -> 0x0593
mem[X,0x8000D3B2] -> 0x0040
[1250] [M]: 0x8000D3B0 (0x00400593) addi a1, zero, 4
x11 <- 0x00000004


mem[X,0x8000D3B4] -> 0x0213
mem[X,0x8000D3B6] -> 0x0000
[1251] [M]: 0x8000D3B4 (0x00000213) addi tp, zero, 0
x4 <- 0x00000000


mem[X,0x8000D3B8] -> 0x006F
mem[X,0x8000D3BA] -> 0x00C0
[1252] [M]: 0x8000D3B8 (0x00C0006F) jal zero, 12


mem[X,0x8000D3C4] -> 0x1063
mem[X,0x8000D3C6] -> 0x04B5
[1253] [M]: 0x8000D3C4 (0x04B51063) bne a0, a1, 64


mem[X,0x8000D404] -> 0x0213
mem[X,0x8000D406] -> 0x0032
[1254] [M]: 0x8000D404 (0x00320213) addi tp, tp, 3
x4 <- 0x00000003


mem[X,0x8000D408] -> 0x006F
mem[X,0x8000D40A] -> 0x0040
[1255] [M]: 0x8000D408 (0x0040006F) jal zero, 4


mem[X,0x8000D40C] -> 0xA223
mem[X,0x8000D40E] -> 0x1C40
[1256] [M]: 0x8000D40C (0x1C40A223) sw tp, 452(ra)
mem[0x8003A32C] <- 0x00000003


mem[X,0x8000D410] -> 0x5537
mem[X,0x8000D412] -> 0x5555
[1257] [M]: 0x8000D410 (0x55555537) lui a0, 349525
x10 <- 0x55555000


mem[X,0x8000D414] -> 0x0513
mem[X,0x8000D416] -> 0x5555
[1258] [M]: 0x8000D414 (0x55550513) addi a0, a0, 1365
x10 <- 0x55555555


mem[X,0x8000D418] -> 0x35B7
mem[X,0x8000D41A] -> 0x3333
[1259] [M]: 0x8000D418 (0x333335B7) lui a1, 209715
x11 <- 0x33333000


mem[X,0x8000D41C] -> 0x8593
mem[X,0x8000D41E] -> 0x3325
[1260] [M]: 0x8000D41C (0x33258593) addi a1, a1, 818
x11 <- 0x33333332


mem[X,0x8000D420] -> 0x0213
mem[X,0x8000D422] -> 0x0000
[1261] [M]: 0x8000D420 (0x00000213) addi tp, zero, 0
x4 <- 0x00000000


mem[X,0x8000D424] -> 0x006F
mem[X,0x8000D426] -> 0x0180
[1262] [M]: 0x8000D424 (0x0180006F) jal zero, 24


mem[X,0x8000D43C] -> 0x16E3
mem[X,0x8000D43E] -> 0xFEB5
[1263] [M]: 0x8000D43C (0xFEB516E3) bne a0, a1, 8172


mem[X,0x8000D428] -> 0x0213
mem[X,0x8000D42A] -> 0x0012
[1264] [M]: 0x8000D428 (0x00120213) addi tp, tp, 1
x4 <- 0x00000001


mem[X,0x8000D42C] -> 0x006F
mem[X,0x8000D42E] -> 0x0240
[1265] [M]: 0x8000D42C (0x0240006F) jal zero, 36


mem[X,0x8000D450] -> 0xA423
mem[X,0x8000D452] -> 0x1C40
[1266] [M]: 0x8000D450 (0x1C40A423) sw tp, 456(ra)
mem[0x8003A330] <- 0x00000001


mem[X,0x8000D454] -> 0x5537
mem[X,0x8000D456] -> 0x5555
[1267] [M]: 0x8000D454 (0x55555537) lui a0, 349525
x10 <- 0x55555000


mem[X,0x8000D458] -> 0x0513
mem[X,0x8000D45A] -> 0x5555
[1268] [M]: 0x8000D458 (0x55550513) addi a0, a0, 1365
x10 <- 0x55555555


mem[X,0x8000D45C] -> 0x65B7
mem[X,0x8000D45E] -> 0x6666
[1269] [M]: 0x8000D45C (0x666665B7) lui a1, 419430
x11 <- 0x66666000


mem[X,0x8000D460] -> 0x8593
mem[X,0x8000D462] -> 0x6655
[1270] [M]: 0x8000D460 (0x66558593) addi a1, a1, 1637
x11 <- 0x66666665


mem[X,0x8000D464] -> 0x0213
mem[X,0x8000D466] -> 0x0000
[1271] [M]: 0x8000D464 (0x00000213) addi tp, zero, 0
x4 <- 0x00000000


mem[X,0x8000D468] -> 0x006F
mem[X,0x8000D46A] -> 0x0100
[1272] [M]: 0x8000D468 (0x0100006F) jal zero, 16


mem[X,0x8000D478] -> 0x1AE3
mem[X,0x8000D47A] -> 0xFEB5
[1273] [M]: 0x8000D478 (0xFEB51AE3) bne a0, a1, 8180


mem[X,0x8000D46C] -> 0x0213
mem[X,0x8000D46E] -> 0x0012
[1274] [M]: 0x8000D46C (0x00120213) addi tp, tp, 1
x4 <- 0x00000001


mem[X,0x8000D470] -> 0x006F
mem[X,0x8000D472] -> 0x01C0
[1275] [M]: 0x8000D470 (0x01C0006F) jal zero, 28


mem[X,0x8000D48C] -> 0xA623
mem[X,0x8000D48E] -> 0x1C40
[1276] [M]: 0x8000D48C (0x1C40A623) sw tp, 460(ra)
mem[0x8003A334] <- 0x00000001


mem[X,0x8000D490] -> 0x5537
mem[X,0x8000D492] -> 0x5555
[1277] [M]: 0x8000D490 (0x55555537) lui a0, 349525
x10 <- 0x55555000


mem[X,0x8000D494] -> 0x0513
mem[X,0x8000D496] -> 0x5555
[1278] [M]: 0x8000D494 (0x55550513) addi a0, a0, 1365
x10 <- 0x55555555


mem[X,0x8000D498] -> 0xB5B7
mem[X,0x8000D49A] -> 0x0000
[1279] [M]: 0x8000D498 (0x0000B5B7) lui a1, 11
x11 <- 0x0000B000


mem[X,0x8000D49C] -> 0x8593
mem[X,0x8000D49E] -> 0x5035
[1280] [M]: 0x8000D49C (0x50358593) addi a1, a1, 1283
x11 <- 0x0000B503


mem[X,0x8000D4A0] -> 0x0213
mem[X,0x8000D4A2] -> 0x0000
[1281] [M]: 0x8000D4A0 (0x00000213) addi tp, zero, 0
x4 <- 0x00000000


mem[X,0x8000D4A4] -> 0x006F
mem[X,0x8000D4A6] -> 0x00C0
[1282] [M]: 0x8000D4A4 (0x00C0006F) jal zero, 12


mem[X,0x8000D4B0] -> 0x1063
mem[X,0x8000D4B2] -> 0x40B5
[1283] [M]: 0x8000D4B0 (0x40B51063) bne a0, a1, 1024


mem[X,0x8000D8B0] -> 0x0213
mem[X,0x8000D8B2] -> 0x0032
[1284] [M]: 0x8000D8B0 (0x00320213) addi tp, tp, 3
x4 <- 0x00000003


mem[X,0x8000D8B4] -> 0x006F
mem[X,0x8000D8B6] -> 0x0040
[1285] [M]: 0x8000D8B4 (0x0040006F) jal zero, 4


mem[X,0x8000D8B8] -> 0xA823
mem[X,0x8000D8BA] -> 0x1C40
[1286] [M]: 0x8000D8B8 (0x1C40A823) sw tp, 464(ra)
mem[0x8003A338] <- 0x00000003


mem[X,0x8000D8BC] -> 0x5537
mem[X,0x8000D8BE] -> 0x5555
[1287] [M]: 0x8000D8BC (0x55555537) lui a0, 349525
x10 <- 0x55555000


mem[X,0x8000D8C0] -> 0x0513
mem[X,0x8000D8C2] -> 0x5555
[1288] [M]: 0x8000D8C0 (0x55550513) addi a0, a0, 1365
x10 <- 0x55555555


mem[X,0x8000D8C4] -> 0x55B7
mem[X,0x8000D8C6] -> 0x5555
[1289] [M]: 0x8000D8C4 (0x555555B7) lui a1, 349525
x11 <- 0x55555000


mem[X,0x8000D8C8] -> 0x8593
mem[X,0x8000D8CA] -> 0x5565
[1290] [M]: 0x8000D8C8 (0x55658593) addi a1, a1, 1366
x11 <- 0x55555556


mem[X,0x8000D8CC] -> 0x0213
mem[X,0x8000D8CE] -> 0x0000
[1291] [M]: 0x8000D8CC (0x00000213) addi tp, zero, 0
x4 <- 0x00000000


mem[X,0x8000D8D0] -> 0x006F
mem[X,0x8000D8D2] -> 0x00C0
[1292] [M]: 0x8000D8D0 (0x00C0006F) jal zero, 12


mem[X,0x8000D8DC] -> 0x1063
mem[X,0x8000D8DE] -> 0x04B5
[1293] [M]: 0x8000D8DC (0x04B51063) bne a0, a1, 64


mem[X,0x8000D91C] -> 0x0213
mem[X,0x8000D91E] -> 0x0032
[1294] [M]: 0x8000D91C (0x00320213) addi tp, tp, 3
x4 <- 0x00000003


mem[X,0x8000D920] -> 0x006F
mem[X,0x8000D922] -> 0x0040
[1295] [M]: 0x8000D920 (0x0040006F) jal zero, 4


mem[X,0x8000D924] -> 0xAA23
mem[X,0x8000D926] -> 0x1C40
[1296] [M]: 0x8000D924 (0x1C40AA23) sw tp, 468(ra)
mem[0x8003A33C] <- 0x00000003


mem[X,0x8000D928] -> 0x5537
mem[X,0x8000D92A] -> 0x5555
[1297] [M]: 0x8000D928 (0x55555537) lui a0, 349525
x10 <- 0x55555000


mem[X,0x8000D92C] -> 0x0513
mem[X,0x8000D92E] -> 0x5555
[1298] [M]: 0x8000D92C (0x55550513) addi a0, a0, 1365
x10 <- 0x55555555


mem[X,0x8000D930] -> 0xB5B7
mem[X,0x8000D932] -> 0xAAAA
[1299] [M]: 0x8000D930 (0xAAAAB5B7) lui a1, 699051
x11 <- 0xAAAAB000


clint::tick mtime <- 0x000000000000000D
 clint timer pending at mtime 0x000000000000000D
htif::tick 0x0000000000000000
mem[X,0x8000D934] -> 0x8593
mem[X,0x8000D936] -> 0xAAB5
[1300] [M]: 0x8000D934 (0xAAB58593) addi a1, a1, 2731
x11 <- 0xAAAAAAAB


mem[X,0x8000D938] -> 0x0213
mem[X,0x8000D93A] -> 0x0000
[1301] [M]: 0x8000D938 (0x00000213) addi tp, zero, 0
x4 <- 0x00000000


mem[X,0x8000D93C] -> 0x006F
mem[X,0x8000D93E] -> 0x00C0
[1302] [M]: 0x8000D93C (0x00C0006F) jal zero, 12


mem[X,0x8000D948] -> 0x1663
mem[X,0x8000D94A] -> 0x00B5
[1303] [M]: 0x8000D948 (0x00B51663) bne a0, a1, 12


mem[X,0x8000D954] -> 0x0213
mem[X,0x8000D956] -> 0x0032
[1304] [M]: 0x8000D954 (0x00320213) addi tp, tp, 3
x4 <- 0x00000003


mem[X,0x8000D958] -> 0x006F
mem[X,0x8000D95A] -> 0x0040
[1305] [M]: 0x8000D958 (0x0040006F) jal zero, 4


mem[X,0x8000D95C] -> 0xAC23
mem[X,0x8000D95E] -> 0x1C40
[1306] [M]: 0x8000D95C (0x1C40AC23) sw tp, 472(ra)
mem[0x8003A340] <- 0x00000003


mem[X,0x8000D960] -> 0x5537
mem[X,0x8000D962] -> 0x5555
[1307] [M]: 0x8000D960 (0x55555537) lui a0, 349525
x10 <- 0x55555000


mem[X,0x8000D964] -> 0x0513
mem[X,0x8000D966] -> 0x5555
[1308] [M]: 0x8000D964 (0x55550513) addi a0, a0, 1365
x10 <- 0x55555555


mem[X,0x8000D968] -> 0x0593
mem[X,0x8000D96A] -> 0x0060
[1309] [M]: 0x8000D968 (0x00600593) addi a1, zero, 6
x11 <- 0x00000006


mem[X,0x8000D96C] -> 0x0213
mem[X,0x8000D96E] -> 0x0000
[1310] [M]: 0x8000D96C (0x00000213) addi tp, zero, 0
x4 <- 0x00000000


mem[X,0x8000D970] -> 0x006F
mem[X,0x8000D972] -> 0x00C0
[1311] [M]: 0x8000D970 (0x00C0006F) jal zero, 12


mem[X,0x8000D97C] -> 0x1663
mem[X,0x8000D97E] -> 0x00B5
[1312] [M]: 0x8000D97C (0x00B51663) bne a0, a1, 12


mem[X,0x8000D988] -> 0x0213
mem[X,0x8000D98A] -> 0x0032
[1313] [M]: 0x8000D988 (0x00320213) addi tp, tp, 3
x4 <- 0x00000003


mem[X,0x8000D98C] -> 0x006F
mem[X,0x8000D98E] -> 0x0040
[1314] [M]: 0x8000D98C (0x0040006F) jal zero, 4


mem[X,0x8000D990] -> 0xAE23
mem[X,0x8000D992] -> 0x1C40
[1315] [M]: 0x8000D990 (0x1C40AE23) sw tp, 476(ra)
mem[0x8003A344] <- 0x00000003


mem[X,0x8000D994] -> 0x5537
mem[X,0x8000D996] -> 0x5555
[1316] [M]: 0x8000D994 (0x55555537) lui a0, 349525
x10 <- 0x55555000


mem[X,0x8000D998] -> 0x0513
mem[X,0x8000D99A] -> 0x5555
[1317] [M]: 0x8000D998 (0x55550513) addi a0, a0, 1365
x10 <- 0x55555555


mem[X,0x8000D99C] -> 0x35B7
mem[X,0x8000D99E] -> 0x3333
[1318] [M]: 0x8000D99C (0x333335B7) lui a1, 209715
x11 <- 0x33333000


mem[X,0x8000D9A0] -> 0x8593
mem[X,0x8000D9A2] -> 0x3345
[1319] [M]: 0x8000D9A0 (0x33458593) addi a1, a1, 820
x11 <- 0x33333334


mem[X,0x8000D9A4] -> 0x0213
mem[X,0x8000D9A6] -> 0x0000
[1320] [M]: 0x8000D9A4 (0x00000213) addi tp, zero, 0
x4 <- 0x00000000


mem[X,0x8000D9A8] -> 0x006F
mem[X,0x8000D9AA] -> 0x00C0
[1321] [M]: 0x8000D9A8 (0x00C0006F) jal zero, 12


mem[X,0x8000D9B4] -> 0x1663
mem[X,0x8000D9B6] -> 0x00B5
[1322] [M]: 0x8000D9B4 (0x00B51663) bne a0, a1, 12


mem[X,0x8000D9C0] -> 0x0213
mem[X,0x8000D9C2] -> 0x0032
[1323] [M]: 0x8000D9C0 (0x00320213) addi tp, tp, 3
x4 <- 0x00000003


mem[X,0x8000D9C4] -> 0x006F
mem[X,0x8000D9C6] -> 0x0040
[1324] [M]: 0x8000D9C4 (0x0040006F) jal zero, 4


mem[X,0x8000D9C8] -> 0xA023
mem[X,0x8000D9CA] -> 0x1E40
[1325] [M]: 0x8000D9C8 (0x1E40A023) sw tp, 480(ra)
mem[0x8003A348] <- 0x00000003


mem[X,0x8000D9CC] -> 0x5537
mem[X,0x8000D9CE] -> 0x5555
[1326] [M]: 0x8000D9CC (0x55555537) lui a0, 349525
x10 <- 0x55555000


mem[X,0x8000D9D0] -> 0x0513
mem[X,0x8000D9D2] -> 0x5555
[1327] [M]: 0x8000D9D0 (0x55550513) addi a0, a0, 1365
x10 <- 0x55555555


mem[X,0x8000D9D4] -> 0x65B7
mem[X,0x8000D9D6] -> 0x6666
[1328] [M]: 0x8000D9D4 (0x666665B7) lui a1, 419430
x11 <- 0x66666000


mem[X,0x8000D9D8] -> 0x8593
mem[X,0x8000D9DA] -> 0x6675
[1329] [M]: 0x8000D9D8 (0x66758593) addi a1, a1, 1639
x11 <- 0x66666667


mem[X,0x8000D9DC] -> 0x0213
mem[X,0x8000D9DE] -> 0x0000
[1330] [M]: 0x8000D9DC (0x00000213) addi tp, zero, 0
x4 <- 0x00000000


mem[X,0x8000D9E0] -> 0x006F
mem[X,0x8000D9E2] -> 0x0050
[1331] [M]: 0x8000D9E0 (0x0050006F) jal zero, 2052


mem[X,0x8000E1E4] -> 0x10E3
mem[X,0x8000E1E6] -> 0x80B5
[1332] [M]: 0x8000E1E4 (0x80B510E3) bne a0, a1, 6144


mem[X,0x8000D9E4] -> 0x0213
mem[X,0x8000D9E6] -> 0x0012
[1333] [M]: 0x8000D9E4 (0x00120213) addi tp, tp, 1
x4 <- 0x00000001


mem[X,0x8000D9E8] -> 0x006F
mem[X,0x8000D9EA] -> 0x0110
[1334] [M]: 0x8000D9E8 (0x0110006F) jal zero, 2064


mem[X,0x8000E1F8] -> 0xA223
mem[X,0x8000E1FA] -> 0x1E40
[1335] [M]: 0x8000E1F8 (0x1E40A223) sw tp, 484(ra)
mem[0x8003A34C] <- 0x00000001


mem[X,0x8000E1FC] -> 0x5537
mem[X,0x8000E1FE] -> 0x5555
[1336] [M]: 0x8000E1FC (0x55555537) lui a0, 349525
x10 <- 0x55555000


mem[X,0x8000E200] -> 0x0513
mem[X,0x8000E202] -> 0x5555
[1337] [M]: 0x8000E200 (0x55550513) addi a0, a0, 1365
x10 <- 0x55555555


mem[X,0x8000E204] -> 0x55B7
mem[X,0x8000E206] -> 0xFFFF
[1338] [M]: 0x8000E204 (0xFFFF55B7) lui a1, 1048565
x11 <- 0xFFFF5000


mem[X,0x8000E208] -> 0x8593
mem[X,0x8000E20A] -> 0xAFD5
[1339] [M]: 0x8000E208 (0xAFD58593) addi a1, a1, 2813
x11 <- 0xFFFF4AFD


mem[X,0x8000E20C] -> 0x0213
mem[X,0x8000E20E] -> 0x0000
[1340] [M]: 0x8000E20C (0x00000213) addi tp, zero, 0
x4 <- 0x00000000


mem[X,0x8000E210] -> 0x006F
mem[X,0x8000E212] -> 0x00C0
[1341] [M]: 0x8000E210 (0x00C0006F) jal zero, 12


mem[X,0x8000E21C] -> 0x1CE3
mem[X,0x8000E21E] -> 0xFEB5
[1342] [M]: 0x8000E21C (0xFEB51CE3) bne a0, a1, 8184


mem[X,0x8000E214] -> 0x0213
mem[X,0x8000E216] -> 0x0012
[1343] [M]: 0x8000E214 (0x00120213) addi tp, tp, 1
x4 <- 0x00000001


mem[X,0x8000E218] -> 0x006F
mem[X,0x8000E21A] -> 0x0180
[1344] [M]: 0x8000E218 (0x0180006F) jal zero, 24


mem[X,0x8000E230] -> 0xA423
mem[X,0x8000E232] -> 0x1E40
[1345] [M]: 0x8000E230 (0x1E40A423) sw tp, 488(ra)
mem[0x8003A350] <- 0x00000001


mem[X,0x8000E234] -> 0x5537
mem[X,0x8000E236] -> 0x5555
[1346] [M]: 0x8000E234 (0x55555537) lui a0, 349525
x10 <- 0x55555000


mem[X,0x8000E238] -> 0x0513
mem[X,0x8000E23A] -> 0x5555
[1347] [M]: 0x8000E238 (0x55550513) addi a0, a0, 1365
x10 <- 0x55555555


mem[X,0x8000E23C] -> 0xB5B7
mem[X,0x8000E23E] -> 0x0000
[1348] [M]: 0x8000E23C (0x0000B5B7) lui a1, 11
x11 <- 0x0000B000


mem[X,0x8000E240] -> 0x8593
mem[X,0x8000E242] -> 0x5055
[1349] [M]: 0x8000E240 (0x50558593) addi a1, a1, 1285
x11 <- 0x0000B505


mem[X,0x8000E244] -> 0x0213
mem[X,0x8000E246] -> 0x0000
[1350] [M]: 0x8000E244 (0x00000213) addi tp, zero, 0
x4 <- 0x00000000


mem[X,0x8000E248] -> 0x006F
mem[X,0x8000E24A] -> 0x00C0
[1351] [M]: 0x8000E248 (0x00C0006F) jal zero, 12


mem[X,0x8000E254] -> 0x1063
mem[X,0x8000E256] -> 0x02B5
[1352] [M]: 0x8000E254 (0x02B51063) bne a0, a1, 32


mem[X,0x8000E274] -> 0x0213
mem[X,0x8000E276] -> 0x0032
[1353] [M]: 0x8000E274 (0x00320213) addi tp, tp, 3
x4 <- 0x00000003


mem[X,0x8000E278] -> 0x006F
mem[X,0x8000E27A] -> 0x0040
[1354] [M]: 0x8000E278 (0x0040006F) jal zero, 4


mem[X,0x8000E27C] -> 0xA623
mem[X,0x8000E27E] -> 0x1E40
[1355] [M]: 0x8000E27C (0x1E40A623) sw tp, 492(ra)
mem[0x8003A354] <- 0x00000003


mem[X,0x8000E280] -> 0xB537
mem[X,0x8000E282] -> 0xAAAA
[1356] [M]: 0x8000E280 (0xAAAAB537) lui a0, 699051
x10 <- 0xAAAAB000


mem[X,0x8000E284] -> 0x0513
mem[X,0x8000E286] -> 0xAAA5
[1357] [M]: 0x8000E284 (0xAAA50513) addi a0, a0, 2730
x10 <- 0xAAAAAAAA


mem[X,0x8000E288] -> 0x0593
mem[X,0x8000E28A] -> 0x0030
[1358] [M]: 0x8000E288 (0x00300593) addi a1, zero, 3
x11 <- 0x00000003


mem[X,0x8000E28C] -> 0x0213
mem[X,0x8000E28E] -> 0x0000
[1359] [M]: 0x8000E28C (0x00000213) addi tp, zero, 0
x4 <- 0x00000000


mem[X,0x8000E290] -> 0x006F
mem[X,0x8000E292] -> 0x0180
[1360] [M]: 0x8000E290 (0x0180006F) jal zero, 24


mem[X,0x8000E2A8] -> 0x16E3
mem[X,0x8000E2AA] -> 0xFEB5
[1361] [M]: 0x8000E2A8 (0xFEB516E3) bne a0, a1, 8172


mem[X,0x8000E294] -> 0x0213
mem[X,0x8000E296] -> 0x0012
[1362] [M]: 0x8000E294 (0x00120213) addi tp, tp, 1
x4 <- 0x00000001


mem[X,0x8000E298] -> 0x006F
mem[X,0x8000E29A] -> 0x0240
[1363] [M]: 0x8000E298 (0x0240006F) jal zero, 36


mem[X,0x8000E2BC] -> 0xA823
mem[X,0x8000E2BE] -> 0x1E40
[1364] [M]: 0x8000E2BC (0x1E40A823) sw tp, 496(ra)
mem[0x8003A358] <- 0x00000001


mem[X,0x8000E2C0] -> 0xB537
mem[X,0x8000E2C2] -> 0xAAAA
[1365] [M]: 0x8000E2C0 (0xAAAAB537) lui a0, 699051
x10 <- 0xAAAAB000


mem[X,0x8000E2C4] -> 0x0513
mem[X,0x8000E2C6] -> 0xAAA5
[1366] [M]: 0x8000E2C4 (0xAAA50513) addi a0, a0, 2730
x10 <- 0xAAAAAAAA


mem[X,0x8000E2C8] -> 0x55B7
mem[X,0x8000E2CA] -> 0x5555
[1367] [M]: 0x8000E2C8 (0x555555B7) lui a1, 349525
x11 <- 0x55555000


mem[X,0x8000E2CC] -> 0x8593
mem[X,0x8000E2CE] -> 0x5555
[1368] [M]: 0x8000E2CC (0x55558593) addi a1, a1, 1365
x11 <- 0x55555555


mem[X,0x8000E2D0] -> 0x0213
mem[X,0x8000E2D2] -> 0x0000
[1369] [M]: 0x8000E2D0 (0x00000213) addi tp, zero, 0
x4 <- 0x00000000


mem[X,0x8000E2D4] -> 0x006F
mem[X,0x8000E2D6] -> 0x00C0
[1370] [M]: 0x8000E2D4 (0x00C0006F) jal zero, 12


mem[X,0x8000E2E0] -> 0x1663
mem[X,0x8000E2E2] -> 0x00B5
[1371] [M]: 0x8000E2E0 (0x00B51663) bne a0, a1, 12


mem[X,0x8000E2EC] -> 0x0213
mem[X,0x8000E2EE] -> 0x0032
[1372] [M]: 0x8000E2EC (0x00320213) addi tp, tp, 3
x4 <- 0x00000003


mem[X,0x8000E2F0] -> 0x006F
mem[X,0x8000E2F2] -> 0x0040
[1373] [M]: 0x8000E2F0 (0x0040006F) jal zero, 4


mem[X,0x8000E2F4] -> 0xAA23
mem[X,0x8000E2F6] -> 0x1E40
[1374] [M]: 0x8000E2F4 (0x1E40AA23) sw tp, 500(ra)
mem[0x8003A35C] <- 0x00000003


mem[X,0x8000E2F8] -> 0xB537
mem[X,0x8000E2FA] -> 0xAAAA
[1375] [M]: 0x8000E2F8 (0xAAAAB537) lui a0, 699051
x10 <- 0xAAAAB000


mem[X,0x8000E2FC] -> 0x0513
mem[X,0x8000E2FE] -> 0xAAA5
[1376] [M]: 0x8000E2FC (0xAAA50513) addi a0, a0, 2730
x10 <- 0xAAAAAAAA


mem[X,0x8000E300] -> 0xB5B7
mem[X,0x8000E302] -> 0xAAAA
[1377] [M]: 0x8000E300 (0xAAAAB5B7) lui a1, 699051
x11 <- 0xAAAAB000


mem[X,0x8000E304] -> 0x8593
mem[X,0x8000E306] -> 0xAAA5
[1378] [M]: 0x8000E304 (0xAAA58593) addi a1, a1, 2730
x11 <- 0xAAAAAAAA


mem[X,0x8000E308] -> 0x0213
mem[X,0x8000E30A] -> 0x0000
[1379] [M]: 0x8000E308 (0x00000213) addi tp, zero, 0
x4 <- 0x00000000


mem[X,0x8000E30C] -> 0x006F
mem[X,0x8000E30E] -> 0x00C0
[1380] [M]: 0x8000E30C (0x00C0006F) jal zero, 12


mem[X,0x8000E318] -> 0x1863
mem[X,0x8000E31A] -> 0x00B5
[1381] [M]: 0x8000E318 (0x00B51863) bne a0, a1, 16


mem[X,0x8000E31C] -> 0x0213
mem[X,0x8000E31E] -> 0x0022
[1382] [M]: 0x8000E31C (0x00220213) addi tp, tp, 2
x4 <- 0x00000002


mem[X,0x8000E320] -> 0x006F
mem[X,0x8000E322] -> 0x0100
[1383] [M]: 0x8000E320 (0x0100006F) jal zero, 16


mem[X,0x8000E330] -> 0xAC23
mem[X,0x8000E332] -> 0x1E40
[1384] [M]: 0x8000E330 (0x1E40AC23) sw tp, 504(ra)
mem[0x8003A360] <- 0x00000002


mem[X,0x8000E334] -> 0xB537
mem[X,0x8000E336] -> 0xAAAA
[1385] [M]: 0x8000E334 (0xAAAAB537) lui a0, 699051
x10 <- 0xAAAAB000


mem[X,0x8000E338] -> 0x0513
mem[X,0x8000E33A] -> 0xAAA5
[1386] [M]: 0x8000E338 (0xAAA50513) addi a0, a0, 2730
x10 <- 0xAAAAAAAA


mem[X,0x8000E33C] -> 0x0593
mem[X,0x8000E33E] -> 0x0050
[1387] [M]: 0x8000E33C (0x00500593) addi a1, zero, 5
x11 <- 0x00000005


mem[X,0x8000E340] -> 0x0213
mem[X,0x8000E342] -> 0x0000
[1388] [M]: 0x8000E340 (0x00000213) addi tp, zero, 0
x4 <- 0x00000000


mem[X,0x8000E344] -> 0x006F
mem[X,0x8000E346] -> 0x00C0
[1389] [M]: 0x8000E344 (0x00C0006F) jal zero, 12


mem[X,0x8000E350] -> 0x1063
mem[X,0x8000E352] -> 0x40B5
[1390] [M]: 0x8000E350 (0x40B51063) bne a0, a1, 1024


mem[X,0x8000E750] -> 0x0213
mem[X,0x8000E752] -> 0x0032
[1391] [M]: 0x8000E750 (0x00320213) addi tp, tp, 3
x4 <- 0x00000003


mem[X,0x8000E754] -> 0x006F
mem[X,0x8000E756] -> 0x0040
[1392] [M]: 0x8000E754 (0x0040006F) jal zero, 4


mem[X,0x8000E758] -> 0xAE23
mem[X,0x8000E75A] -> 0x1E40
[1393] [M]: 0x8000E758 (0x1E40AE23) sw tp, 508(ra)
mem[0x8003A364] <- 0x00000003


mem[X,0x8000E75C] -> 0xB537
mem[X,0x8000E75E] -> 0xAAAA
[1394] [M]: 0x8000E75C (0xAAAAB537) lui a0, 699051
x10 <- 0xAAAAB000


mem[X,0x8000E760] -> 0x0513
mem[X,0x8000E762] -> 0xAAA5
[1395] [M]: 0x8000E760 (0xAAA50513) addi a0, a0, 2730
x10 <- 0xAAAAAAAA


mem[X,0x8000E764] -> 0x35B7
mem[X,0x8000E766] -> 0x3333
[1396] [M]: 0x8000E764 (0x333335B7) lui a1, 209715
x11 <- 0x33333000


mem[X,0x8000E768] -> 0x8593
mem[X,0x8000E76A] -> 0x3335
[1397] [M]: 0x8000E768 (0x33358593) addi a1, a1, 819
x11 <- 0x33333333


mem[X,0x8000E76C] -> 0x0213
mem[X,0x8000E76E] -> 0x0000
[1398] [M]: 0x8000E76C (0x00000213) addi tp, zero, 0
x4 <- 0x00000000


mem[X,0x8000E770] -> 0x006F
mem[X,0x8000E772] -> 0x00C0
[1399] [M]: 0x8000E770 (0x00C0006F) jal zero, 12


clint::tick mtime <- 0x000000000000000E
 clint timer pending at mtime 0x000000000000000E
htif::tick 0x0000000000000000
mem[X,0x8000E77C] -> 0x1863
mem[X,0x8000E77E] -> 0x00B5
[1400] [M]: 0x8000E77C (0x00B51863) bne a0, a1, 16


mem[X,0x8000E78C] -> 0x0213
mem[X,0x8000E78E] -> 0x0032
[1401] [M]: 0x8000E78C (0x00320213) addi tp, tp, 3
x4 <- 0x00000003


mem[X,0x8000E790] -> 0x006F
mem[X,0x8000E792] -> 0x0040
[1402] [M]: 0x8000E790 (0x0040006F) jal zero, 4


mem[X,0x8000E794] -> 0xA023
mem[X,0x8000E796] -> 0x2040
[1403] [M]: 0x8000E794 (0x2040A023) sw tp, 512(ra)
mem[0x8003A368] <- 0x00000003


mem[X,0x8000E798] -> 0xB537
mem[X,0x8000E79A] -> 0xAAAA
[1404] [M]: 0x8000E798 (0xAAAAB537) lui a0, 699051
x10 <- 0xAAAAB000


mem[X,0x8000E79C] -> 0x0513
mem[X,0x8000E79E] -> 0xAAA5
[1405] [M]: 0x8000E79C (0xAAA50513) addi a0, a0, 2730
x10 <- 0xAAAAAAAA


mem[X,0x8000E7A0] -> 0x65B7
mem[X,0x8000E7A2] -> 0x6666
[1406] [M]: 0x8000E7A0 (0x666665B7) lui a1, 419430
x11 <- 0x66666000


mem[X,0x8000E7A4] -> 0x8593
mem[X,0x8000E7A6] -> 0x6665
[1407] [M]: 0x8000E7A4 (0x66658593) addi a1, a1, 1638
x11 <- 0x66666666


mem[X,0x8000E7A8] -> 0x0213
mem[X,0x8000E7AA] -> 0x0000
[1408] [M]: 0x8000E7A8 (0x00000213) addi tp, zero, 0
x4 <- 0x00000000


mem[X,0x8000E7AC] -> 0x006F
mem[X,0x8000E7AE] -> 0x00C0
[1409] [M]: 0x8000E7AC (0x00C0006F) jal zero, 12


mem[X,0x8000E7B8] -> 0x1CE3
mem[X,0x8000E7BA] -> 0xFEB5
[1410] [M]: 0x8000E7B8 (0xFEB51CE3) bne a0, a1, 8184


mem[X,0x8000E7B0] -> 0x0213
mem[X,0x8000E7B2] -> 0x0012
[1411] [M]: 0x8000E7B0 (0x00120213) addi tp, tp, 1
x4 <- 0x00000001


mem[X,0x8000E7B4] -> 0x006F
mem[X,0x8000E7B6] -> 0x0180
[1412] [M]: 0x8000E7B4 (0x0180006F) jal zero, 24


mem[X,0x8000E7CC] -> 0xA223
mem[X,0x8000E7CE] -> 0x2040
[1413] [M]: 0x8000E7CC (0x2040A223) sw tp, 516(ra)
mem[0x8003A36C] <- 0x00000001


mem[X,0x8000E7D0] -> 0xB537
mem[X,0x8000E7D2] -> 0xAAAA
[1414] [M]: 0x8000E7D0 (0xAAAAB537) lui a0, 699051
x10 <- 0xAAAAB000


mem[X,0x8000E7D4] -> 0x0513
mem[X,0x8000E7D6] -> 0xAAA5
[1415] [M]: 0x8000E7D4 (0xAAA50513) addi a0, a0, 2730
x10 <- 0xAAAAAAAA


mem[X,0x8000E7D8] -> 0x55B7
mem[X,0x8000E7DA] -> 0xFFFF
[1416] [M]: 0x8000E7D8 (0xFFFF55B7) lui a1, 1048565
x11 <- 0xFFFF5000


mem[X,0x8000E7DC] -> 0x8593
mem[X,0x8000E7DE] -> 0xAFC5
[1417] [M]: 0x8000E7DC (0xAFC58593) addi a1, a1, 2812
x11 <- 0xFFFF4AFC


mem[X,0x8000E7E0] -> 0x0213
mem[X,0x8000E7E2] -> 0x0000
[1418] [M]: 0x8000E7E0 (0x00000213) addi tp, zero, 0
x4 <- 0x00000000


mem[X,0x8000E7E4] -> 0x006F
mem[X,0x8000E7E6] -> 0x00C0
[1419] [M]: 0x8000E7E4 (0x00C0006F) jal zero, 12


mem[X,0x8000E7F0] -> 0x1663
mem[X,0x8000E7F2] -> 0x00B5
[1420] [M]: 0x8000E7F0 (0x00B51663) bne a0, a1, 12


mem[X,0x8000E7FC] -> 0x0213
mem[X,0x8000E7FE] -> 0x0032
[1421] [M]: 0x8000E7FC (0x00320213) addi tp, tp, 3
x4 <- 0x00000003


mem[X,0x8000E800] -> 0x006F
mem[X,0x8000E802] -> 0x0040
[1422] [M]: 0x8000E800 (0x0040006F) jal zero, 4


mem[X,0x8000E804] -> 0xA423
mem[X,0x8000E806] -> 0x2040
[1423] [M]: 0x8000E804 (0x2040A423) sw tp, 520(ra)
mem[0x8003A370] <- 0x00000003


mem[X,0x8000E808] -> 0xB537
mem[X,0x8000E80A] -> 0xAAAA
[1424] [M]: 0x8000E808 (0xAAAAB537) lui a0, 699051
x10 <- 0xAAAAB000


mem[X,0x8000E80C] -> 0x0513
mem[X,0x8000E80E] -> 0xAAA5
[1425] [M]: 0x8000E80C (0xAAA50513) addi a0, a0, 2730
x10 <- 0xAAAAAAAA


mem[X,0x8000E810] -> 0xB5B7
mem[X,0x8000E812] -> 0x0000
[1426] [M]: 0x8000E810 (0x0000B5B7) lui a1, 11
x11 <- 0x0000B000


mem[X,0x8000E814] -> 0x8593
mem[X,0x8000E816] -> 0x5045
[1427] [M]: 0x8000E814 (0x50458593) addi a1, a1, 1284
x11 <- 0x0000B504


mem[X,0x8000E818] -> 0x0213
mem[X,0x8000E81A] -> 0x0000
[1428] [M]: 0x8000E818 (0x00000213) addi tp, zero, 0
x4 <- 0x00000000


mem[X,0x8000E81C] -> 0x006F
mem[X,0x8000E81E] -> 0x00C0
[1429] [M]: 0x8000E81C (0x00C0006F) jal zero, 12


mem[X,0x8000E828] -> 0x1063
mem[X,0x8000E82A] -> 0x02B5
[1430] [M]: 0x8000E828 (0x02B51063) bne a0, a1, 32


mem[X,0x8000E848] -> 0x0213
mem[X,0x8000E84A] -> 0x0032
[1431] [M]: 0x8000E848 (0x00320213) addi tp, tp, 3
x4 <- 0x00000003


mem[X,0x8000E84C] -> 0x006F
mem[X,0x8000E84E] -> 0x0040
[1432] [M]: 0x8000E84C (0x0040006F) jal zero, 4


mem[X,0x8000E850] -> 0xA623
mem[X,0x8000E852] -> 0x2040
[1433] [M]: 0x8000E850 (0x2040A623) sw tp, 524(ra)
mem[0x8003A374] <- 0x00000003


mem[X,0x8000E854] -> 0xB537
mem[X,0x8000E856] -> 0xAAAA
[1434] [M]: 0x8000E854 (0xAAAAB537) lui a0, 699051
x10 <- 0xAAAAB000


mem[X,0x8000E858] -> 0x0513
mem[X,0x8000E85A] -> 0xAAA5
[1435] [M]: 0x8000E858 (0xAAA50513) addi a0, a0, 2730
x10 <- 0xAAAAAAAA


mem[X,0x8000E85C] -> 0x0593
mem[X,0x8000E85E] -> 0x0020
[1436] [M]: 0x8000E85C (0x00200593) addi a1, zero, 2
x11 <- 0x00000002


mem[X,0x8000E860] -> 0x0213
mem[X,0x8000E862] -> 0x0000
[1437] [M]: 0x8000E860 (0x00000213) addi tp, zero, 0
x4 <- 0x00000000


mem[X,0x8000E864] -> 0x006F
mem[X,0x8000E866] -> 0x0180
[1438] [M]: 0x8000E864 (0x0180006F) jal zero, 24


mem[X,0x8000E87C] -> 0x16E3
mem[X,0x8000E87E] -> 0xFEB5
[1439] [M]: 0x8000E87C (0xFEB516E3) bne a0, a1, 8172


mem[X,0x8000E868] -> 0x0213
mem[X,0x8000E86A] -> 0x0012
[1440] [M]: 0x8000E868 (0x00120213) addi tp, tp, 1
x4 <- 0x00000001


mem[X,0x8000E86C] -> 0x006F
mem[X,0x8000E86E] -> 0x0240
[1441] [M]: 0x8000E86C (0x0240006F) jal zero, 36


mem[X,0x8000E890] -> 0xA823
mem[X,0x8000E892] -> 0x2040
[1442] [M]: 0x8000E890 (0x2040A823) sw tp, 528(ra)
mem[0x8003A378] <- 0x00000001


mem[X,0x8000E894] -> 0xB537
mem[X,0x8000E896] -> 0xAAAA
[1443] [M]: 0x8000E894 (0xAAAAB537) lui a0, 699051
x10 <- 0xAAAAB000


mem[X,0x8000E898] -> 0x0513
mem[X,0x8000E89A] -> 0xAAA5
[1444] [M]: 0x8000E898 (0xAAA50513) addi a0, a0, 2730
x10 <- 0xAAAAAAAA


mem[X,0x8000E89C] -> 0x55B7
mem[X,0x8000E89E] -> 0x5555
[1445] [M]: 0x8000E89C (0x555555B7) lui a1, 349525
x11 <- 0x55555000


mem[X,0x8000E8A0] -> 0x8593
mem[X,0x8000E8A2] -> 0x5545
[1446] [M]: 0x8000E8A0 (0x55458593) addi a1, a1, 1364
x11 <- 0x55555554


mem[X,0x8000E8A4] -> 0x0213
mem[X,0x8000E8A6] -> 0x0000
[1447] [M]: 0x8000E8A4 (0x00000213) addi tp, zero, 0
x4 <- 0x00000000


mem[X,0x8000E8A8] -> 0x006F
mem[X,0x8000E8AA] -> 0x00C0
[1448] [M]: 0x8000E8A8 (0x00C0006F) jal zero, 12


mem[X,0x8000E8B4] -> 0x1063
mem[X,0x8000E8B6] -> 0x04B5
[1449] [M]: 0x8000E8B4 (0x04B51063) bne a0, a1, 64


mem[X,0x8000E8F4] -> 0x0213
mem[X,0x8000E8F6] -> 0x0032
[1450] [M]: 0x8000E8F4 (0x00320213) addi tp, tp, 3
x4 <- 0x00000003


mem[X,0x8000E8F8] -> 0x006F
mem[X,0x8000E8FA] -> 0x0040
[1451] [M]: 0x8000E8F8 (0x0040006F) jal zero, 4


mem[X,0x8000E8FC] -> 0xAA23
mem[X,0x8000E8FE] -> 0x2040
[1452] [M]: 0x8000E8FC (0x2040AA23) sw tp, 532(ra)
mem[0x8003A37C] <- 0x00000003


mem[X,0x8000E900] -> 0xB537
mem[X,0x8000E902] -> 0xAAAA
[1453] [M]: 0x8000E900 (0xAAAAB537) lui a0, 699051
x10 <- 0xAAAAB000


mem[X,0x8000E904] -> 0x0513
mem[X,0x8000E906] -> 0xAAA5
[1454] [M]: 0x8000E904 (0xAAA50513) addi a0, a0, 2730
x10 <- 0xAAAAAAAA


mem[X,0x8000E908] -> 0x0593
mem[X,0x8000E90A] -> 0x0000
[1455] [M]: 0x8000E908 (0x00000593) addi a1, zero, 0
x11 <- 0x00000000


mem[X,0x8000E90C] -> 0x0213
mem[X,0x8000E90E] -> 0x0000
[1456] [M]: 0x8000E90C (0x00000213) addi tp, zero, 0
x4 <- 0x00000000


mem[X,0x8000E910] -> 0x006F
mem[X,0x8000E912] -> 0x00C0
[1457] [M]: 0x8000E910 (0x00C0006F) jal zero, 12


mem[X,0x8000E91C] -> 0x1CE3
mem[X,0x8000E91E] -> 0xFEB5
[1458] [M]: 0x8000E91C (0xFEB51CE3) bne a0, a1, 8184


mem[X,0x8000E914] -> 0x0213
mem[X,0x8000E916] -> 0x0012
[1459] [M]: 0x8000E914 (0x00120213) addi tp, tp, 1
x4 <- 0x00000001


mem[X,0x8000E918] -> 0x006F
mem[X,0x8000E91A] -> 0x0180
[1460] [M]: 0x8000E918 (0x0180006F) jal zero, 24


mem[X,0x8000E930] -> 0xAC23
mem[X,0x8000E932] -> 0x2040
[1461] [M]: 0x8000E930 (0x2040AC23) sw tp, 536(ra)
mem[0x8003A380] <- 0x00000001


mem[X,0x8000E934] -> 0xB537
mem[X,0x8000E936] -> 0xAAAA
[1462] [M]: 0x8000E934 (0xAAAAB537) lui a0, 699051
x10 <- 0xAAAAB000


mem[X,0x8000E938] -> 0x0513
mem[X,0x8000E93A] -> 0xAAA5
[1463] [M]: 0x8000E938 (0xAAA50513) addi a0, a0, 2730
x10 <- 0xAAAAAAAA


mem[X,0x8000E93C] -> 0x0593
mem[X,0x8000E93E] -> 0x0040
[1464] [M]: 0x8000E93C (0x00400593) addi a1, zero, 4
x11 <- 0x00000004


mem[X,0x8000E940] -> 0x0213
mem[X,0x8000E942] -> 0x0000
[1465] [M]: 0x8000E940 (0x00000213) addi tp, zero, 0
x4 <- 0x00000000


mem[X,0x8000E944] -> 0x006F
mem[X,0x8000E946] -> 0x00C0
[1466] [M]: 0x8000E944 (0x00C0006F) jal zero, 12


mem[X,0x8000E950] -> 0x1063
mem[X,0x8000E952] -> 0x20B5
[1467] [M]: 0x8000E950 (0x20B51063) bne a0, a1, 512


mem[X,0x8000EB50] -> 0x0213
mem[X,0x8000EB52] -> 0x0032
[1468] [M]: 0x8000EB50 (0x00320213) addi tp, tp, 3
x4 <- 0x00000003


mem[X,0x8000EB54] -> 0x006F
mem[X,0x8000EB56] -> 0x0040
[1469] [M]: 0x8000EB54 (0x0040006F) jal zero, 4


mem[X,0x8000EB58] -> 0xAE23
mem[X,0x8000EB5A] -> 0x2040
[1470] [M]: 0x8000EB58 (0x2040AE23) sw tp, 540(ra)
mem[0x8003A384] <- 0x00000003


mem[X,0x8000EB5C] -> 0xB537
mem[X,0x8000EB5E] -> 0xAAAA
[1471] [M]: 0x8000EB5C (0xAAAAB537) lui a0, 699051
x10 <- 0xAAAAB000


mem[X,0x8000EB60] -> 0x0513
mem[X,0x8000EB62] -> 0xAAA5
[1472] [M]: 0x8000EB60 (0xAAA50513) addi a0, a0, 2730
x10 <- 0xAAAAAAAA


mem[X,0x8000EB64] -> 0x35B7
mem[X,0x8000EB66] -> 0x3333
[1473] [M]: 0x8000EB64 (0x333335B7) lui a1, 209715
x11 <- 0x33333000


mem[X,0x8000EB68] -> 0x8593
mem[X,0x8000EB6A] -> 0x3325
[1474] [M]: 0x8000EB68 (0x33258593) addi a1, a1, 818
x11 <- 0x33333332


mem[X,0x8000EB6C] -> 0x0213
mem[X,0x8000EB6E] -> 0x0000
[1475] [M]: 0x8000EB6C (0x00000213) addi tp, zero, 0
x4 <- 0x00000000


mem[X,0x8000EB70] -> 0x006F
mem[X,0x8000EB72] -> 0x00C0
[1476] [M]: 0x8000EB70 (0x00C0006F) jal zero, 12


mem[X,0x8000EB7C] -> 0x1663
mem[X,0x8000EB7E] -> 0x00B5
[1477] [M]: 0x8000EB7C (0x00B51663) bne a0, a1, 12


mem[X,0x8000EB88] -> 0x0213
mem[X,0x8000EB8A] -> 0x0032
[1478] [M]: 0x8000EB88 (0x00320213) addi tp, tp, 3
x4 <- 0x00000003


mem[X,0x8000EB8C] -> 0x006F
mem[X,0x8000EB8E] -> 0x0040
[1479] [M]: 0x8000EB8C (0x0040006F) jal zero, 4


mem[X,0x8000EB90] -> 0xA023
mem[X,0x8000EB92] -> 0x2240
[1480] [M]: 0x8000EB90 (0x2240A023) sw tp, 544(ra)
mem[0x8003A388] <- 0x00000003


mem[X,0x8000EB94] -> 0xB537
mem[X,0x8000EB96] -> 0xAAAA
[1481] [M]: 0x8000EB94 (0xAAAAB537) lui a0, 699051
x10 <- 0xAAAAB000


mem[X,0x8000EB98] -> 0x0513
mem[X,0x8000EB9A] -> 0xAAA5
[1482] [M]: 0x8000EB98 (0xAAA50513) addi a0, a0, 2730
x10 <- 0xAAAAAAAA


mem[X,0x8000EB9C] -> 0x65B7
mem[X,0x8000EB9E] -> 0x6666
[1483] [M]: 0x8000EB9C (0x666665B7) lui a1, 419430
x11 <- 0x66666000


mem[X,0x8000EBA0] -> 0x8593
mem[X,0x8000EBA2] -> 0x6655
[1484] [M]: 0x8000EBA0 (0x66558593) addi a1, a1, 1637
x11 <- 0x66666665


mem[X,0x8000EBA4] -> 0x0213
mem[X,0x8000EBA6] -> 0x0000
[1485] [M]: 0x8000EBA4 (0x00000213) addi tp, zero, 0
x4 <- 0x00000000


mem[X,0x8000EBA8] -> 0x006F
mem[X,0x8000EBAA] -> 0x00C0
[1486] [M]: 0x8000EBA8 (0x00C0006F) jal zero, 12


mem[X,0x8000EBB4] -> 0x1663
mem[X,0x8000EBB6] -> 0x00B5
[1487] [M]: 0x8000EBB4 (0x00B51663) bne a0, a1, 12


mem[X,0x8000EBC0] -> 0x0213
mem[X,0x8000EBC2] -> 0x0032
[1488] [M]: 0x8000EBC0 (0x00320213) addi tp, tp, 3
x4 <- 0x00000003


mem[X,0x8000EBC4] -> 0x006F
mem[X,0x8000EBC6] -> 0x0040
[1489] [M]: 0x8000EBC4 (0x0040006F) jal zero, 4


mem[X,0x8000EBC8] -> 0xA223
mem[X,0x8000EBCA] -> 0x2240
[1490] [M]: 0x8000EBC8 (0x2240A223) sw tp, 548(ra)
mem[0x8003A38C] <- 0x00000003


mem[X,0x8000EBCC] -> 0xB537
mem[X,0x8000EBCE] -> 0xAAAA
[1491] [M]: 0x8000EBCC (0xAAAAB537) lui a0, 699051
x10 <- 0xAAAAB000


mem[X,0x8000EBD0] -> 0x0513
mem[X,0x8000EBD2] -> 0xAAA5
[1492] [M]: 0x8000EBD0 (0xAAA50513) addi a0, a0, 2730
x10 <- 0xAAAAAAAA


mem[X,0x8000EBD4] -> 0xB5B7
mem[X,0x8000EBD6] -> 0x0000
[1493] [M]: 0x8000EBD4 (0x0000B5B7) lui a1, 11
x11 <- 0x0000B000


mem[X,0x8000EBD8] -> 0x8593
mem[X,0x8000EBDA] -> 0x5035
[1494] [M]: 0x8000EBD8 (0x50358593) addi a1, a1, 1283
x11 <- 0x0000B503


mem[X,0x8000EBDC] -> 0x0213
mem[X,0x8000EBDE] -> 0x0000
[1495] [M]: 0x8000EBDC (0x00000213) addi tp, zero, 0
x4 <- 0x00000000


mem[X,0x8000EBE0] -> 0x006F
mem[X,0x8000EBE2] -> 0x0050
[1496] [M]: 0x8000EBE0 (0x0050006F) jal zero, 2052


mem[X,0x8000F3E4] -> 0x10E3
mem[X,0x8000F3E6] -> 0x80B5
[1497] [M]: 0x8000F3E4 (0x80B510E3) bne a0, a1, 6144


mem[X,0x8000EBE4] -> 0x0213
mem[X,0x8000EBE6] -> 0x0012
[1498] [M]: 0x8000EBE4 (0x00120213) addi tp, tp, 1
x4 <- 0x00000001


mem[X,0x8000EBE8] -> 0x006F
mem[X,0x8000EBEA] -> 0x0110
[1499] [M]: 0x8000EBE8 (0x0110006F) jal zero, 2064


clint::tick mtime <- 0x000000000000000F
 clint timer pending at mtime 0x000000000000000F
htif::tick 0x0000000000000000
mem[X,0x8000F3F8] -> 0xA423
mem[X,0x8000F3FA] -> 0x2240
[1500] [M]: 0x8000F3F8 (0x2240A423) sw tp, 552(ra)
mem[0x8003A390] <- 0x00000001


mem[X,0x8000F3FC] -> 0xB537
mem[X,0x8000F3FE] -> 0xAAAA
[1501] [M]: 0x8000F3FC (0xAAAAB537) lui a0, 699051
x10 <- 0xAAAAB000


mem[X,0x8000F400] -> 0x0513
mem[X,0x8000F402] -> 0xAAA5
[1502] [M]: 0x8000F400 (0xAAA50513) addi a0, a0, 2730
x10 <- 0xAAAAAAAA


mem[X,0x8000F404] -> 0x55B7
mem[X,0x8000F406] -> 0x5555
[1503] [M]: 0x8000F404 (0x555555B7) lui a1, 349525
x11 <- 0x55555000


mem[X,0x8000F408] -> 0x8593
mem[X,0x8000F40A] -> 0x5565
[1504] [M]: 0x8000F408 (0x55658593) addi a1, a1, 1366
x11 <- 0x55555556


mem[X,0x8000F40C] -> 0x0213
mem[X,0x8000F40E] -> 0x0000
[1505] [M]: 0x8000F40C (0x00000213) addi tp, zero, 0
x4 <- 0x00000000


mem[X,0x8000F410] -> 0x006F
mem[X,0x8000F412] -> 0x00C0
[1506] [M]: 0x8000F410 (0x00C0006F) jal zero, 12


mem[X,0x8000F41C] -> 0x1863
mem[X,0x8000F41E] -> 0x00B5
[1507] [M]: 0x8000F41C (0x00B51863) bne a0, a1, 16


mem[X,0x8000F42C] -> 0x0213
mem[X,0x8000F42E] -> 0x0032
[1508] [M]: 0x8000F42C (0x00320213) addi tp, tp, 3
x4 <- 0x00000003


mem[X,0x8000F430] -> 0x006F
mem[X,0x8000F432] -> 0x0040
[1509] [M]: 0x8000F430 (0x0040006F) jal zero, 4


mem[X,0x8000F434] -> 0xA623
mem[X,0x8000F436] -> 0x2240
[1510] [M]: 0x8000F434 (0x2240A623) sw tp, 556(ra)
mem[0x8003A394] <- 0x00000003


mem[X,0x8000F438] -> 0xB537
mem[X,0x8000F43A] -> 0xAAAA
[1511] [M]: 0x8000F438 (0xAAAAB537) lui a0, 699051
x10 <- 0xAAAAB000


mem[X,0x8000F43C] -> 0x0513
mem[X,0x8000F43E] -> 0xAAA5
[1512] [M]: 0x8000F43C (0xAAA50513) addi a0, a0, 2730
x10 <- 0xAAAAAAAA


mem[X,0x8000F440] -> 0xB5B7
mem[X,0x8000F442] -> 0xAAAA
[1513] [M]: 0x8000F440 (0xAAAAB5B7) lui a1, 699051
x11 <- 0xAAAAB000


mem[X,0x8000F444] -> 0x8593
mem[X,0x8000F446] -> 0xAAB5
[1514] [M]: 0x8000F444 (0xAAB58593) addi a1, a1, 2731
x11 <- 0xAAAAAAAB


mem[X,0x8000F448] -> 0x0213
mem[X,0x8000F44A] -> 0x0000
[1515] [M]: 0x8000F448 (0x00000213) addi tp, zero, 0
x4 <- 0x00000000


mem[X,0x8000F44C] -> 0x006F
mem[X,0x8000F44E] -> 0x00C0
[1516] [M]: 0x8000F44C (0x00C0006F) jal zero, 12


mem[X,0x8000F458] -> 0x1663
mem[X,0x8000F45A] -> 0x00B5
[1517] [M]: 0x8000F458 (0x00B51663) bne a0, a1, 12


mem[X,0x8000F464] -> 0x0213
mem[X,0x8000F466] -> 0x0032
[1518] [M]: 0x8000F464 (0x00320213) addi tp, tp, 3
x4 <- 0x00000003


mem[X,0x8000F468] -> 0x006F
mem[X,0x8000F46A] -> 0x0040
[1519] [M]: 0x8000F468 (0x0040006F) jal zero, 4


mem[X,0x8000F46C] -> 0xA823
mem[X,0x8000F46E] -> 0x2240
[1520] [M]: 0x8000F46C (0x2240A823) sw tp, 560(ra)
mem[0x8003A398] <- 0x00000003


mem[X,0x8000F470] -> 0xB537
mem[X,0x8000F472] -> 0xAAAA
[1521] [M]: 0x8000F470 (0xAAAAB537) lui a0, 699051
x10 <- 0xAAAAB000


mem[X,0x8000F474] -> 0x0513
mem[X,0x8000F476] -> 0xAAA5
[1522] [M]: 0x8000F474 (0xAAA50513) addi a0, a0, 2730
x10 <- 0xAAAAAAAA


mem[X,0x8000F478] -> 0x0593
mem[X,0x8000F47A] -> 0x0060
[1523] [M]: 0x8000F478 (0x00600593) addi a1, zero, 6
x11 <- 0x00000006


mem[X,0x8000F47C] -> 0x0213
mem[X,0x8000F47E] -> 0x0000
[1524] [M]: 0x8000F47C (0x00000213) addi tp, zero, 0
x4 <- 0x00000000


mem[X,0x8000F480] -> 0x006F
mem[X,0x8000F482] -> 0x00C0
[1525] [M]: 0x8000F480 (0x00C0006F) jal zero, 12


mem[X,0x8000F48C] -> 0x1663
mem[X,0x8000F48E] -> 0x00B5
[1526] [M]: 0x8000F48C (0x00B51663) bne a0, a1, 12


mem[X,0x8000F498] -> 0x0213
mem[X,0x8000F49A] -> 0x0032
[1527] [M]: 0x8000F498 (0x00320213) addi tp, tp, 3
x4 <- 0x00000003


mem[X,0x8000F49C] -> 0x006F
mem[X,0x8000F49E] -> 0x0040
[1528] [M]: 0x8000F49C (0x0040006F) jal zero, 4


mem[X,0x8000F4A0] -> 0xAA23
mem[X,0x8000F4A2] -> 0x2240
[1529] [M]: 0x8000F4A0 (0x2240AA23) sw tp, 564(ra)
mem[0x8003A39C] <- 0x00000003


mem[X,0x8000F4A4] -> 0xB537
mem[X,0x8000F4A6] -> 0xAAAA
[1530] [M]: 0x8000F4A4 (0xAAAAB537) lui a0, 699051
x10 <- 0xAAAAB000


mem[X,0x8000F4A8] -> 0x0513
mem[X,0x8000F4AA] -> 0xAAA5
[1531] [M]: 0x8000F4A8 (0xAAA50513) addi a0, a0, 2730
x10 <- 0xAAAAAAAA


mem[X,0x8000F4AC] -> 0x35B7
mem[X,0x8000F4AE] -> 0x3333
[1532] [M]: 0x8000F4AC (0x333335B7) lui a1, 209715
x11 <- 0x33333000


mem[X,0x8000F4B0] -> 0x8593
mem[X,0x8000F4B2] -> 0x3345
[1533] [M]: 0x8000F4B0 (0x33458593) addi a1, a1, 820
x11 <- 0x33333334


mem[X,0x8000F4B4] -> 0x0213
mem[X,0x8000F4B6] -> 0x0000
[1534] [M]: 0x8000F4B4 (0x00000213) addi tp, zero, 0
x4 <- 0x00000000


mem[X,0x8000F4B8] -> 0x006F
mem[X,0x8000F4BA] -> 0x00C0
[1535] [M]: 0x8000F4B8 (0x00C0006F) jal zero, 12


mem[X,0x8000F4C4] -> 0x1063
mem[X,0x8000F4C6] -> 0x08B5
[1536] [M]: 0x8000F4C4 (0x08B51063) bne a0, a1, 128


mem[X,0x8000F544] -> 0x0213
mem[X,0x8000F546] -> 0x0032
[1537] [M]: 0x8000F544 (0x00320213) addi tp, tp, 3
x4 <- 0x00000003


mem[X,0x8000F548] -> 0x006F
mem[X,0x8000F54A] -> 0x0040
[1538] [M]: 0x8000F548 (0x0040006F) jal zero, 4


mem[X,0x8000F54C] -> 0xAC23
mem[X,0x8000F54E] -> 0x2240
[1539] [M]: 0x8000F54C (0x2240AC23) sw tp, 568(ra)
mem[0x8003A3A0] <- 0x00000003


mem[X,0x8000F550] -> 0xB537
mem[X,0x8000F552] -> 0xAAAA
[1540] [M]: 0x8000F550 (0xAAAAB537) lui a0, 699051
x10 <- 0xAAAAB000


mem[X,0x8000F554] -> 0x0513
mem[X,0x8000F556] -> 0xAAA5
[1541] [M]: 0x8000F554 (0xAAA50513) addi a0, a0, 2730
x10 <- 0xAAAAAAAA


mem[X,0x8000F558] -> 0x65B7
mem[X,0x8000F55A] -> 0x6666
[1542] [M]: 0x8000F558 (0x666665B7) lui a1, 419430
x11 <- 0x66666000


mem[X,0x8000F55C] -> 0x8593
mem[X,0x8000F55E] -> 0x6675
[1543] [M]: 0x8000F55C (0x66758593) addi a1, a1, 1639
x11 <- 0x66666667


mem[X,0x8000F560] -> 0x0213
mem[X,0x8000F562] -> 0x0000
[1544] [M]: 0x8000F560 (0x00000213) addi tp, zero, 0
x4 <- 0x00000000


mem[X,0x8000F564] -> 0x006F
mem[X,0x8000F566] -> 0x0050
[1545] [M]: 0x8000F564 (0x0050006F) jal zero, 2052


mem[X,0x8000FD68] -> 0x10E3
mem[X,0x8000FD6A] -> 0x80B5
[1546] [M]: 0x8000FD68 (0x80B510E3) bne a0, a1, 6144


mem[X,0x8000F568] -> 0x0213
mem[X,0x8000F56A] -> 0x0012
[1547] [M]: 0x8000F568 (0x00120213) addi tp, tp, 1
x4 <- 0x00000001


mem[X,0x8000F56C] -> 0x006F
mem[X,0x8000F56E] -> 0x0110
[1548] [M]: 0x8000F56C (0x0110006F) jal zero, 2064


mem[X,0x8000FD7C] -> 0xAE23
mem[X,0x8000FD7E] -> 0x2240
[1549] [M]: 0x8000FD7C (0x2240AE23) sw tp, 572(ra)
mem[0x8003A3A4] <- 0x00000001


mem[X,0x8000FD80] -> 0xB537
mem[X,0x8000FD82] -> 0xAAAA
[1550] [M]: 0x8000FD80 (0xAAAAB537) lui a0, 699051
x10 <- 0xAAAAB000


mem[X,0x8000FD84] -> 0x0513
mem[X,0x8000FD86] -> 0xAAA5
[1551] [M]: 0x8000FD84 (0xAAA50513) addi a0, a0, 2730
x10 <- 0xAAAAAAAA


mem[X,0x8000FD88] -> 0x55B7
mem[X,0x8000FD8A] -> 0xFFFF
[1552] [M]: 0x8000FD88 (0xFFFF55B7) lui a1, 1048565
x11 <- 0xFFFF5000


mem[X,0x8000FD8C] -> 0x8593
mem[X,0x8000FD8E] -> 0xAFD5
[1553] [M]: 0x8000FD8C (0xAFD58593) addi a1, a1, 2813
x11 <- 0xFFFF4AFD


mem[X,0x8000FD90] -> 0x0213
mem[X,0x8000FD92] -> 0x0000
[1554] [M]: 0x8000FD90 (0x00000213) addi tp, zero, 0
x4 <- 0x00000000


mem[X,0x8000FD94] -> 0x006F
mem[X,0x8000FD96] -> 0x00C0
[1555] [M]: 0x8000FD94 (0x00C0006F) jal zero, 12


mem[X,0x8000FDA0] -> 0x1063
mem[X,0x8000FDA2] -> 0x08B5
[1556] [M]: 0x8000FDA0 (0x08B51063) bne a0, a1, 128


mem[X,0x8000FE20] -> 0x0213
mem[X,0x8000FE22] -> 0x0032
[1557] [M]: 0x8000FE20 (0x00320213) addi tp, tp, 3
x4 <- 0x00000003


mem[X,0x8000FE24] -> 0x006F
mem[X,0x8000FE26] -> 0x0040
[1558] [M]: 0x8000FE24 (0x0040006F) jal zero, 4


mem[X,0x8000FE28] -> 0xA023
mem[X,0x8000FE2A] -> 0x2440
[1559] [M]: 0x8000FE28 (0x2440A023) sw tp, 576(ra)
mem[0x8003A3A8] <- 0x00000003


mem[X,0x8000FE2C] -> 0xB537
mem[X,0x8000FE2E] -> 0xAAAA
[1560] [M]: 0x8000FE2C (0xAAAAB537) lui a0, 699051
x10 <- 0xAAAAB000


mem[X,0x8000FE30] -> 0x0513
mem[X,0x8000FE32] -> 0xAAA5
[1561] [M]: 0x8000FE30 (0xAAA50513) addi a0, a0, 2730
x10 <- 0xAAAAAAAA


mem[X,0x8000FE34] -> 0xB5B7
mem[X,0x8000FE36] -> 0x0000
[1562] [M]: 0x8000FE34 (0x0000B5B7) lui a1, 11
x11 <- 0x0000B000


mem[X,0x8000FE38] -> 0x8593
mem[X,0x8000FE3A] -> 0x5055
[1563] [M]: 0x8000FE38 (0x50558593) addi a1, a1, 1285
x11 <- 0x0000B505


mem[X,0x8000FE3C] -> 0x0213
mem[X,0x8000FE3E] -> 0x0000
[1564] [M]: 0x8000FE3C (0x00000213) addi tp, zero, 0
x4 <- 0x00000000


mem[X,0x8000FE40] -> 0x006F
mem[X,0x8000FE42] -> 0x00C0
[1565] [M]: 0x8000FE40 (0x00C0006F) jal zero, 12


mem[X,0x8000FE4C] -> 0x1063
mem[X,0x8000FE4E] -> 0x10B5
[1566] [M]: 0x8000FE4C (0x10B51063) bne a0, a1, 256


mem[X,0x8000FF4C] -> 0x0213
mem[X,0x8000FF4E] -> 0x0032
[1567] [M]: 0x8000FF4C (0x00320213) addi tp, tp, 3
x4 <- 0x00000003


mem[X,0x8000FF50] -> 0x006F
mem[X,0x8000FF52] -> 0x0040
[1568] [M]: 0x8000FF50 (0x0040006F) jal zero, 4


mem[X,0x8000FF54] -> 0xA223
mem[X,0x8000FF56] -> 0x2440
[1569] [M]: 0x8000FF54 (0x2440A223) sw tp, 580(ra)
mem[0x8003A3AC] <- 0x00000003


mem[X,0x8000FF58] -> 0x0513
mem[X,0x8000FF5A] -> 0x0050
[1570] [M]: 0x8000FF58 (0x00500513) addi a0, zero, 5
x10 <- 0x00000005


mem[X,0x8000FF5C] -> 0x0593
mem[X,0x8000FF5E] -> 0x0030
[1571] [M]: 0x8000FF5C (0x00300593) addi a1, zero, 3
x11 <- 0x00000003


mem[X,0x8000FF60] -> 0x0213
mem[X,0x8000FF62] -> 0x0000
[1572] [M]: 0x8000FF60 (0x00000213) addi tp, zero, 0
x4 <- 0x00000000


mem[X,0x8000FF64] -> 0x006F
mem[X,0x8000FF66] -> 0x00C0
[1573] [M]: 0x8000FF64 (0x00C0006F) jal zero, 12


mem[X,0x8000FF70] -> 0x1663
mem[X,0x8000FF72] -> 0x00B5
[1574] [M]: 0x8000FF70 (0x00B51663) bne a0, a1, 12


mem[X,0x8000FF7C] -> 0x0213
mem[X,0x8000FF7E] -> 0x0032
[1575] [M]: 0x8000FF7C (0x00320213) addi tp, tp, 3
x4 <- 0x00000003


mem[X,0x8000FF80] -> 0x006F
mem[X,0x8000FF82] -> 0x0040
[1576] [M]: 0x8000FF80 (0x0040006F) jal zero, 4


mem[X,0x8000FF84] -> 0xA423
mem[X,0x8000FF86] -> 0x2440
[1577] [M]: 0x8000FF84 (0x2440A423) sw tp, 584(ra)
mem[0x8003A3B0] <- 0x00000003


mem[X,0x8000FF88] -> 0x0513
mem[X,0x8000FF8A] -> 0x0050
[1578] [M]: 0x8000FF88 (0x00500513) addi a0, zero, 5
x10 <- 0x00000005


mem[X,0x8000FF8C] -> 0x55B7
mem[X,0x8000FF8E] -> 0x5555
[1579] [M]: 0x8000FF8C (0x555555B7) lui a1, 349525
x11 <- 0x55555000


mem[X,0x8000FF90] -> 0x8593
mem[X,0x8000FF92] -> 0x5555
[1580] [M]: 0x8000FF90 (0x55558593) addi a1, a1, 1365
x11 <- 0x55555555


mem[X,0x8000FF94] -> 0x0213
mem[X,0x8000FF96] -> 0x0000
[1581] [M]: 0x8000FF94 (0x00000213) addi tp, zero, 0
x4 <- 0x00000000


mem[X,0x8000FF98] -> 0x006F
mem[X,0x8000FF9A] -> 0x00C0
[1582] [M]: 0x8000FF98 (0x00C0006F) jal zero, 12


mem[X,0x8000FFA4] -> 0x1863
mem[X,0x8000FFA6] -> 0x00B5
[1583] [M]: 0x8000FFA4 (0x00B51863) bne a0, a1, 16


mem[X,0x8000FFB4] -> 0x0213
mem[X,0x8000FFB6] -> 0x0032
[1584] [M]: 0x8000FFB4 (0x00320213) addi tp, tp, 3
x4 <- 0x00000003


mem[X,0x8000FFB8] -> 0x006F
mem[X,0x8000FFBA] -> 0x0040
[1585] [M]: 0x8000FFB8 (0x0040006F) jal zero, 4


mem[X,0x8000FFBC] -> 0xA623
mem[X,0x8000FFBE] -> 0x2440
[1586] [M]: 0x8000FFBC (0x2440A623) sw tp, 588(ra)
mem[0x8003A3B4] <- 0x00000003


mem[X,0x8000FFC0] -> 0x0513
mem[X,0x8000FFC2] -> 0x0050
[1587] [M]: 0x8000FFC0 (0x00500513) addi a0, zero, 5
x10 <- 0x00000005


mem[X,0x8000FFC4] -> 0xB5B7
mem[X,0x8000FFC6] -> 0xAAAA
[1588] [M]: 0x8000FFC4 (0xAAAAB5B7) lui a1, 699051
x11 <- 0xAAAAB000


mem[X,0x8000FFC8] -> 0x8593
mem[X,0x8000FFCA] -> 0xAAA5
[1589] [M]: 0x8000FFC8 (0xAAA58593) addi a1, a1, 2730
x11 <- 0xAAAAAAAA


mem[X,0x8000FFCC] -> 0x0213
mem[X,0x8000FFCE] -> 0x0000
[1590] [M]: 0x8000FFCC (0x00000213) addi tp, zero, 0
x4 <- 0x00000000


mem[X,0x8000FFD0] -> 0x006F
mem[X,0x8000FFD2] -> 0x00C0
[1591] [M]: 0x8000FFD0 (0x00C0006F) jal zero, 12


mem[X,0x8000FFDC] -> 0x1063
mem[X,0x8000FFDE] -> 0x02B5
[1592] [M]: 0x8000FFDC (0x02B51063) bne a0, a1, 32


mem[X,0x8000FFFC] -> 0x0213
mem[X,0x8000FFFE] -> 0x0032
[1593] [M]: 0x8000FFFC (0x00320213) addi tp, tp, 3
x4 <- 0x00000003


mem[X,0x80010000] -> 0x006F
mem[X,0x80010002] -> 0x0040
[1594] [M]: 0x80010000 (0x0040006F) jal zero, 4


mem[X,0x80010004] -> 0xA823
mem[X,0x80010006] -> 0x2440
[1595] [M]: 0x80010004 (0x2440A823) sw tp, 592(ra)
mem[0x8003A3B8] <- 0x00000003


mem[X,0x80010008] -> 0x0513
mem[X,0x8001000A] -> 0x0050
[1596] [M]: 0x80010008 (0x00500513) addi a0, zero, 5
x10 <- 0x00000005


mem[X,0x8001000C] -> 0x0593
mem[X,0x8001000E] -> 0x0050
[1597] [M]: 0x8001000C (0x00500593) addi a1, zero, 5
x11 <- 0x00000005


mem[X,0x80010010] -> 0x0213
mem[X,0x80010012] -> 0x0000
[1598] [M]: 0x80010010 (0x00000213) addi tp, zero, 0
x4 <- 0x00000000


mem[X,0x80010014] -> 0x006F
mem[X,0x80010016] -> 0x00C0
[1599] [M]: 0x80010014 (0x00C0006F) jal zero, 12


clint::tick mtime <- 0x0000000000000010
 clint timer pending at mtime 0x0000000000000010
htif::tick 0x0000000000000000
mem[X,0x80010020] -> 0x1063
mem[X,0x80010022] -> 0x40B5
[1600] [M]: 0x80010020 (0x40B51063) bne a0, a1, 1024


mem[X,0x80010024] -> 0x0213
mem[X,0x80010026] -> 0x0022
[1601] [M]: 0x80010024 (0x00220213) addi tp, tp, 2
x4 <- 0x00000002


mem[X,0x80010028] -> 0x006F
mem[X,0x8001002A] -> 0x4000
[1602] [M]: 0x80010028 (0x4000006F) jal zero, 1024


mem[X,0x80010428] -> 0xAA23
mem[X,0x8001042A] -> 0x2440
[1603] [M]: 0x80010428 (0x2440AA23) sw tp, 596(ra)
mem[0x8003A3BC] <- 0x00000002


mem[X,0x8001042C] -> 0x0513
mem[X,0x8001042E] -> 0x0050
[1604] [M]: 0x8001042C (0x00500513) addi a0, zero, 5
x10 <- 0x00000005


mem[X,0x80010430] -> 0x35B7
mem[X,0x80010432] -> 0x3333
[1605] [M]: 0x80010430 (0x333335B7) lui a1, 209715
x11 <- 0x33333000


mem[X,0x80010434] -> 0x8593
mem[X,0x80010436] -> 0x3335
[1606] [M]: 0x80010434 (0x33358593) addi a1, a1, 819
x11 <- 0x33333333


mem[X,0x80010438] -> 0x0213
mem[X,0x8001043A] -> 0x0000
[1607] [M]: 0x80010438 (0x00000213) addi tp, zero, 0
x4 <- 0x00000000


mem[X,0x8001043C] -> 0x006F
mem[X,0x8001043E] -> 0x00C0
[1608] [M]: 0x8001043C (0x00C0006F) jal zero, 12


mem[X,0x80010448] -> 0x1063
mem[X,0x8001044A] -> 0x40B5
[1609] [M]: 0x80010448 (0x40B51063) bne a0, a1, 1024


mem[X,0x80010848] -> 0x0213
mem[X,0x8001084A] -> 0x0032
[1610] [M]: 0x80010848 (0x00320213) addi tp, tp, 3
x4 <- 0x00000003


mem[X,0x8001084C] -> 0x006F
mem[X,0x8001084E] -> 0x0040
[1611] [M]: 0x8001084C (0x0040006F) jal zero, 4


mem[X,0x80010850] -> 0xAC23
mem[X,0x80010852] -> 0x2440
[1612] [M]: 0x80010850 (0x2440AC23) sw tp, 600(ra)
mem[0x8003A3C0] <- 0x00000003


mem[X,0x80010854] -> 0x0513
mem[X,0x80010856] -> 0x0050
[1613] [M]: 0x80010854 (0x00500513) addi a0, zero, 5
x10 <- 0x00000005


mem[X,0x80010858] -> 0x65B7
mem[X,0x8001085A] -> 0x6666
[1614] [M]: 0x80010858 (0x666665B7) lui a1, 419430
x11 <- 0x66666000


mem[X,0x8001085C] -> 0x8593
mem[X,0x8001085E] -> 0x6665
[1615] [M]: 0x8001085C (0x66658593) addi a1, a1, 1638
x11 <- 0x66666666


mem[X,0x80010860] -> 0x0213
mem[X,0x80010862] -> 0x0000
[1616] [M]: 0x80010860 (0x00000213) addi tp, zero, 0
x4 <- 0x00000000


mem[X,0x80010864] -> 0x006F
mem[X,0x80010866] -> 0x00C0
[1617] [M]: 0x80010864 (0x00C0006F) jal zero, 12


mem[X,0x80010870] -> 0x1063
mem[X,0x80010872] -> 0x40B5
[1618] [M]: 0x80010870 (0x40B51063) bne a0, a1, 1024


mem[X,0x80010C70] -> 0x0213
mem[X,0x80010C72] -> 0x0032
[1619] [M]: 0x80010C70 (0x00320213) addi tp, tp, 3
x4 <- 0x00000003


mem[X,0x80010C74] -> 0x006F
mem[X,0x80010C76] -> 0x0040
[1620] [M]: 0x80010C74 (0x0040006F) jal zero, 4


mem[X,0x80010C78] -> 0xAE23
mem[X,0x80010C7A] -> 0x2440
[1621] [M]: 0x80010C78 (0x2440AE23) sw tp, 604(ra)
mem[0x8003A3C4] <- 0x00000003


mem[X,0x80010C7C] -> 0x0513
mem[X,0x80010C7E] -> 0x0050
[1622] [M]: 0x80010C7C (0x00500513) addi a0, zero, 5
x10 <- 0x00000005


mem[X,0x80010C80] -> 0x55B7
mem[X,0x80010C82] -> 0xFFFF
[1623] [M]: 0x80010C80 (0xFFFF55B7) lui a1, 1048565
x11 <- 0xFFFF5000


mem[X,0x80010C84] -> 0x8593
mem[X,0x80010C86] -> 0xAFC5
[1624] [M]: 0x80010C84 (0xAFC58593) addi a1, a1, 2812
x11 <- 0xFFFF4AFC


mem[X,0x80010C88] -> 0x0213
mem[X,0x80010C8A] -> 0x0000
[1625] [M]: 0x80010C88 (0x00000213) addi tp, zero, 0
x4 <- 0x00000000


mem[X,0x80010C8C] -> 0x006F
mem[X,0x80010C8E] -> 0x00C0
[1626] [M]: 0x80010C8C (0x00C0006F) jal zero, 12


mem[X,0x80010C98] -> 0x1063
mem[X,0x80010C9A] -> 0x08B5
[1627] [M]: 0x80010C98 (0x08B51063) bne a0, a1, 128


mem[X,0x80010D18] -> 0x0213
mem[X,0x80010D1A] -> 0x0032
[1628] [M]: 0x80010D18 (0x00320213) addi tp, tp, 3
x4 <- 0x00000003


mem[X,0x80010D1C] -> 0x006F
mem[X,0x80010D1E] -> 0x0040
[1629] [M]: 0x80010D1C (0x0040006F) jal zero, 4


mem[X,0x80010D20] -> 0xA023
mem[X,0x80010D22] -> 0x2640
[1630] [M]: 0x80010D20 (0x2640A023) sw tp, 608(ra)
mem[0x8003A3C8] <- 0x00000003


mem[X,0x80010D24] -> 0x0513
mem[X,0x80010D26] -> 0x0050
[1631] [M]: 0x80010D24 (0x00500513) addi a0, zero, 5
x10 <- 0x00000005


mem[X,0x80010D28] -> 0xB5B7
mem[X,0x80010D2A] -> 0x0000
[1632] [M]: 0x80010D28 (0x0000B5B7) lui a1, 11
x11 <- 0x0000B000


mem[X,0x80010D2C] -> 0x8593
mem[X,0x80010D2E] -> 0x5045
[1633] [M]: 0x80010D2C (0x50458593) addi a1, a1, 1284
x11 <- 0x0000B504


mem[X,0x80010D30] -> 0x0213
mem[X,0x80010D32] -> 0x0000
[1634] [M]: 0x80010D30 (0x00000213) addi tp, zero, 0
x4 <- 0x00000000


mem[X,0x80010D34] -> 0x006F
mem[X,0x80010D36] -> 0x00C0
[1635] [M]: 0x80010D34 (0x00C0006F) jal zero, 12


mem[X,0x80010D40] -> 0x1663
mem[X,0x80010D42] -> 0x00B5
[1636] [M]: 0x80010D40 (0x00B51663) bne a0, a1, 12


mem[X,0x80010D4C] -> 0x0213
mem[X,0x80010D4E] -> 0x0032
[1637] [M]: 0x80010D4C (0x00320213) addi tp, tp, 3
x4 <- 0x00000003


mem[X,0x80010D50] -> 0x006F
mem[X,0x80010D52] -> 0x0040
[1638] [M]: 0x80010D50 (0x0040006F) jal zero, 4


mem[X,0x80010D54] -> 0xA223
mem[X,0x80010D56] -> 0x2640
[1639] [M]: 0x80010D54 (0x2640A223) sw tp, 612(ra)
mem[0x8003A3CC] <- 0x00000003


mem[X,0x80010D58] -> 0x0513
mem[X,0x80010D5A] -> 0x0050
[1640] [M]: 0x80010D58 (0x00500513) addi a0, zero, 5
x10 <- 0x00000005


mem[X,0x80010D5C] -> 0x0593
mem[X,0x80010D5E] -> 0x0020
[1641] [M]: 0x80010D5C (0x00200593) addi a1, zero, 2
x11 <- 0x00000002


mem[X,0x80010D60] -> 0x0213
mem[X,0x80010D62] -> 0x0000
[1642] [M]: 0x80010D60 (0x00000213) addi tp, zero, 0
x4 <- 0x00000000


mem[X,0x80010D64] -> 0x006F
mem[X,0x80010D66] -> 0x00C0
[1643] [M]: 0x80010D64 (0x00C0006F) jal zero, 12


mem[X,0x80010D70] -> 0x1CE3
mem[X,0x80010D72] -> 0xFEB5
[1644] [M]: 0x80010D70 (0xFEB51CE3) bne a0, a1, 8184


mem[X,0x80010D68] -> 0x0213
mem[X,0x80010D6A] -> 0x0012
[1645] [M]: 0x80010D68 (0x00120213) addi tp, tp, 1
x4 <- 0x00000001


mem[X,0x80010D6C] -> 0x006F
mem[X,0x80010D6E] -> 0x0180
[1646] [M]: 0x80010D6C (0x0180006F) jal zero, 24


mem[X,0x80010D84] -> 0xA423
mem[X,0x80010D86] -> 0x2640
[1647] [M]: 0x80010D84 (0x2640A423) sw tp, 616(ra)
mem[0x8003A3D0] <- 0x00000001


mem[X,0x80010D88] -> 0x0513
mem[X,0x80010D8A] -> 0x0050
[1648] [M]: 0x80010D88 (0x00500513) addi a0, zero, 5
x10 <- 0x00000005


mem[X,0x80010D8C] -> 0x55B7
mem[X,0x80010D8E] -> 0x5555
[1649] [M]: 0x80010D8C (0x555555B7) lui a1, 349525
x11 <- 0x55555000


mem[X,0x80010D90] -> 0x8593
mem[X,0x80010D92] -> 0x5545
[1650] [M]: 0x80010D90 (0x55458593) addi a1, a1, 1364
x11 <- 0x55555554


mem[X,0x80010D94] -> 0x0213
mem[X,0x80010D96] -> 0x0000
[1651] [M]: 0x80010D94 (0x00000213) addi tp, zero, 0
x4 <- 0x00000000


mem[X,0x80010D98] -> 0x006F
mem[X,0x80010D9A] -> 0x00C0
[1652] [M]: 0x80010D98 (0x00C0006F) jal zero, 12


mem[X,0x80010DA4] -> 0x1CE3
mem[X,0x80010DA6] -> 0xFEB5
[1653] [M]: 0x80010DA4 (0xFEB51CE3) bne a0, a1, 8184


mem[X,0x80010D9C] -> 0x0213
mem[X,0x80010D9E] -> 0x0012
[1654] [M]: 0x80010D9C (0x00120213) addi tp, tp, 1
x4 <- 0x00000001


mem[X,0x80010DA0] -> 0x006F
mem[X,0x80010DA2] -> 0x0180
[1655] [M]: 0x80010DA0 (0x0180006F) jal zero, 24


mem[X,0x80010DB8] -> 0xA623
mem[X,0x80010DBA] -> 0x2640
[1656] [M]: 0x80010DB8 (0x2640A623) sw tp, 620(ra)
mem[0x8003A3D4] <- 0x00000001


mem[X,0x80010DBC] -> 0x0513
mem[X,0x80010DBE] -> 0x0050
[1657] [M]: 0x80010DBC (0x00500513) addi a0, zero, 5
x10 <- 0x00000005


mem[X,0x80010DC0] -> 0x0593
mem[X,0x80010DC2] -> 0x0000
[1658] [M]: 0x80010DC0 (0x00000593) addi a1, zero, 0
x11 <- 0x00000000


mem[X,0x80010DC4] -> 0x0213
mem[X,0x80010DC6] -> 0x0000
[1659] [M]: 0x80010DC4 (0x00000213) addi tp, zero, 0
x4 <- 0x00000000


mem[X,0x80010DC8] -> 0x006F
mem[X,0x80010DCA] -> 0x0180
[1660] [M]: 0x80010DC8 (0x0180006F) jal zero, 24


mem[X,0x80010DE0] -> 0x16E3
mem[X,0x80010DE2] -> 0xFEB5
[1661] [M]: 0x80010DE0 (0xFEB516E3) bne a0, a1, 8172


mem[X,0x80010DCC] -> 0x0213
mem[X,0x80010DCE] -> 0x0012
[1662] [M]: 0x80010DCC (0x00120213) addi tp, tp, 1
x4 <- 0x00000001


mem[X,0x80010DD0] -> 0x006F
mem[X,0x80010DD2] -> 0x0240
[1663] [M]: 0x80010DD0 (0x0240006F) jal zero, 36


mem[X,0x80010DF4] -> 0xA823
mem[X,0x80010DF6] -> 0x2640
[1664] [M]: 0x80010DF4 (0x2640A823) sw tp, 624(ra)
mem[0x8003A3D8] <- 0x00000001


mem[X,0x80010DF8] -> 0x0513
mem[X,0x80010DFA] -> 0x0050
[1665] [M]: 0x80010DF8 (0x00500513) addi a0, zero, 5
x10 <- 0x00000005


mem[X,0x80010DFC] -> 0x0593
mem[X,0x80010DFE] -> 0x0040
[1666] [M]: 0x80010DFC (0x00400593) addi a1, zero, 4
x11 <- 0x00000004


mem[X,0x80010E00] -> 0x0213
mem[X,0x80010E02] -> 0x0000
[1667] [M]: 0x80010E00 (0x00000213) addi tp, zero, 0
x4 <- 0x00000000


mem[X,0x80010E04] -> 0x006F
mem[X,0x80010E06] -> 0x00C0
[1668] [M]: 0x80010E04 (0x00C0006F) jal zero, 12


mem[X,0x80010E10] -> 0x1663
mem[X,0x80010E12] -> 0x00B5
[1669] [M]: 0x80010E10 (0x00B51663) bne a0, a1, 12


mem[X,0x80010E1C] -> 0x0213
mem[X,0x80010E1E] -> 0x0032
[1670] [M]: 0x80010E1C (0x00320213) addi tp, tp, 3
x4 <- 0x00000003


mem[X,0x80010E20] -> 0x006F
mem[X,0x80010E22] -> 0x0040
[1671] [M]: 0x80010E20 (0x0040006F) jal zero, 4


mem[X,0x80010E24] -> 0xAA23
mem[X,0x80010E26] -> 0x2640
[1672] [M]: 0x80010E24 (0x2640AA23) sw tp, 628(ra)
mem[0x8003A3DC] <- 0x00000003


mem[X,0x80010E28] -> 0x0513
mem[X,0x80010E2A] -> 0x0050
[1673] [M]: 0x80010E28 (0x00500513) addi a0, zero, 5
x10 <- 0x00000005


mem[X,0x80010E2C] -> 0x35B7
mem[X,0x80010E2E] -> 0x3333
[1674] [M]: 0x80010E2C (0x333335B7) lui a1, 209715
x11 <- 0x33333000


mem[X,0x80010E30] -> 0x8593
mem[X,0x80010E32] -> 0x3325
[1675] [M]: 0x80010E30 (0x33258593) addi a1, a1, 818
x11 <- 0x33333332


mem[X,0x80010E34] -> 0x0213
mem[X,0x80010E36] -> 0x0000
[1676] [M]: 0x80010E34 (0x00000213) addi tp, zero, 0
x4 <- 0x00000000


mem[X,0x80010E38] -> 0x006F
mem[X,0x80010E3A] -> 0x00C0
[1677] [M]: 0x80010E38 (0x00C0006F) jal zero, 12


mem[X,0x80010E44] -> 0x1063
mem[X,0x80010E46] -> 0x20B5
[1678] [M]: 0x80010E44 (0x20B51063) bne a0, a1, 512


mem[X,0x80011044] -> 0x0213
mem[X,0x80011046] -> 0x0032
[1679] [M]: 0x80011044 (0x00320213) addi tp, tp, 3
x4 <- 0x00000003


mem[X,0x80011048] -> 0x006F
mem[X,0x8001104A] -> 0x0040
[1680] [M]: 0x80011048 (0x0040006F) jal zero, 4


mem[X,0x8001104C] -> 0xAC23
mem[X,0x8001104E] -> 0x2640
[1681] [M]: 0x8001104C (0x2640AC23) sw tp, 632(ra)
mem[0x8003A3E0] <- 0x00000003


mem[X,0x80011050] -> 0x0513
mem[X,0x80011052] -> 0x0050
[1682] [M]: 0x80011050 (0x00500513) addi a0, zero, 5
x10 <- 0x00000005


mem[X,0x80011054] -> 0x65B7
mem[X,0x80011056] -> 0x6666
[1683] [M]: 0x80011054 (0x666665B7) lui a1, 419430
x11 <- 0x66666000


mem[X,0x80011058] -> 0x8593
mem[X,0x8001105A] -> 0x6655
[1684] [M]: 0x80011058 (0x66558593) addi a1, a1, 1637
x11 <- 0x66666665


mem[X,0x8001105C] -> 0x0213
mem[X,0x8001105E] -> 0x0000
[1685] [M]: 0x8001105C (0x00000213) addi tp, zero, 0
x4 <- 0x00000000


mem[X,0x80011060] -> 0x006F
mem[X,0x80011062] -> 0x00C0
[1686] [M]: 0x80011060 (0x00C0006F) jal zero, 12


mem[X,0x8001106C] -> 0x1663
mem[X,0x8001106E] -> 0x00B5
[1687] [M]: 0x8001106C (0x00B51663) bne a0, a1, 12


mem[X,0x80011078] -> 0x0213
mem[X,0x8001107A] -> 0x0032
[1688] [M]: 0x80011078 (0x00320213) addi tp, tp, 3
x4 <- 0x00000003


mem[X,0x8001107C] -> 0x006F
mem[X,0x8001107E] -> 0x0040
[1689] [M]: 0x8001107C (0x0040006F) jal zero, 4


mem[X,0x80011080] -> 0xAE23
mem[X,0x80011082] -> 0x2640
[1690] [M]: 0x80011080 (0x2640AE23) sw tp, 636(ra)
mem[0x8003A3E4] <- 0x00000003


mem[X,0x80011084] -> 0x0513
mem[X,0x80011086] -> 0x0050
[1691] [M]: 0x80011084 (0x00500513) addi a0, zero, 5
x10 <- 0x00000005


mem[X,0x80011088] -> 0xB5B7
mem[X,0x8001108A] -> 0x0000
[1692] [M]: 0x80011088 (0x0000B5B7) lui a1, 11
x11 <- 0x0000B000


mem[X,0x8001108C] -> 0x8593
mem[X,0x8001108E] -> 0x5035
[1693] [M]: 0x8001108C (0x50358593) addi a1, a1, 1283
x11 <- 0x0000B503


mem[X,0x80011090] -> 0x0213
mem[X,0x80011092] -> 0x0000
[1694] [M]: 0x80011090 (0x00000213) addi tp, zero, 0
x4 <- 0x00000000


mem[X,0x80011094] -> 0x006F
mem[X,0x80011096] -> 0x00C0
[1695] [M]: 0x80011094 (0x00C0006F) jal zero, 12


mem[X,0x800110A0] -> 0x1663
mem[X,0x800110A2] -> 0x00B5
[1696] [M]: 0x800110A0 (0x00B51663) bne a0, a1, 12


mem[X,0x800110AC] -> 0x0213
mem[X,0x800110AE] -> 0x0032
[1697] [M]: 0x800110AC (0x00320213) addi tp, tp, 3
x4 <- 0x00000003


mem[X,0x800110B0] -> 0x006F
mem[X,0x800110B2] -> 0x0040
[1698] [M]: 0x800110B0 (0x0040006F) jal zero, 4


mem[X,0x800110B4] -> 0xA023
mem[X,0x800110B6] -> 0x2840
[1699] [M]: 0x800110B4 (0x2840A023) sw tp, 640(ra)
mem[0x8003A3E8] <- 0x00000003


clint::tick mtime <- 0x0000000000000011
 clint timer pending at mtime 0x0000000000000011
htif::tick 0x0000000000000000
mem[X,0x800110B8] -> 0x0513
mem[X,0x800110BA] -> 0x0050
[1700] [M]: 0x800110B8 (0x00500513) addi a0, zero, 5
x10 <- 0x00000005


mem[X,0x800110BC] -> 0x55B7
mem[X,0x800110BE] -> 0x5555
[1701] [M]: 0x800110BC (0x555555B7) lui a1, 349525
x11 <- 0x55555000


mem[X,0x800110C0] -> 0x8593
mem[X,0x800110C2] -> 0x5565
[1702] [M]: 0x800110C0 (0x55658593) addi a1, a1, 1366
x11 <- 0x55555556


mem[X,0x800110C4] -> 0x0213
mem[X,0x800110C6] -> 0x0000
[1703] [M]: 0x800110C4 (0x00000213) addi tp, zero, 0
x4 <- 0x00000000


mem[X,0x800110C8] -> 0x006F
mem[X,0x800110CA] -> 0x00C0
[1704] [M]: 0x800110C8 (0x00C0006F) jal zero, 12


mem[X,0x800110D4] -> 0x1663
mem[X,0x800110D6] -> 0x00B5
[1705] [M]: 0x800110D4 (0x00B51663) bne a0, a1, 12


mem[X,0x800110E0] -> 0x0213
mem[X,0x800110E2] -> 0x0032
[1706] [M]: 0x800110E0 (0x00320213) addi tp, tp, 3
x4 <- 0x00000003


mem[X,0x800110E4] -> 0x006F
mem[X,0x800110E6] -> 0x0040
[1707] [M]: 0x800110E4 (0x0040006F) jal zero, 4


mem[X,0x800110E8] -> 0xA223
mem[X,0x800110EA] -> 0x2840
[1708] [M]: 0x800110E8 (0x2840A223) sw tp, 644(ra)
mem[0x8003A3EC] <- 0x00000003


mem[X,0x800110EC] -> 0x0513
mem[X,0x800110EE] -> 0x0050
[1709] [M]: 0x800110EC (0x00500513) addi a0, zero, 5
x10 <- 0x00000005


mem[X,0x800110F0] -> 0xB5B7
mem[X,0x800110F2] -> 0xAAAA
[1710] [M]: 0x800110F0 (0xAAAAB5B7) lui a1, 699051
x11 <- 0xAAAAB000


mem[X,0x800110F4] -> 0x8593
mem[X,0x800110F6] -> 0xAAB5
[1711] [M]: 0x800110F4 (0xAAB58593) addi a1, a1, 2731
x11 <- 0xAAAAAAAB


mem[X,0x800110F8] -> 0x0213
mem[X,0x800110FA] -> 0x0000
[1712] [M]: 0x800110F8 (0x00000213) addi tp, zero, 0
x4 <- 0x00000000


mem[X,0x800110FC] -> 0x006F
mem[X,0x800110FE] -> 0x00C0
[1713] [M]: 0x800110FC (0x00C0006F) jal zero, 12


mem[X,0x80011108] -> 0x1063
mem[X,0x8001110A] -> 0x02B5
[1714] [M]: 0x80011108 (0x02B51063) bne a0, a1, 32


mem[X,0x80011128] -> 0x0213
mem[X,0x8001112A] -> 0x0032
[1715] [M]: 0x80011128 (0x00320213) addi tp, tp, 3
x4 <- 0x00000003


mem[X,0x8001112C] -> 0x006F
mem[X,0x8001112E] -> 0x0040
[1716] [M]: 0x8001112C (0x0040006F) jal zero, 4


mem[X,0x80011130] -> 0xA423
mem[X,0x80011132] -> 0x2840
[1717] [M]: 0x80011130 (0x2840A423) sw tp, 648(ra)
mem[0x8003A3F0] <- 0x00000003


mem[X,0x80011134] -> 0x0513
mem[X,0x80011136] -> 0x0050
[1718] [M]: 0x80011134 (0x00500513) addi a0, zero, 5
x10 <- 0x00000005


mem[X,0x80011138] -> 0x0593
mem[X,0x8001113A] -> 0x0060
[1719] [M]: 0x80011138 (0x00600593) addi a1, zero, 6
x11 <- 0x00000006


mem[X,0x8001113C] -> 0x0213
mem[X,0x8001113E] -> 0x0000
[1720] [M]: 0x8001113C (0x00000213) addi tp, zero, 0
x4 <- 0x00000000


mem[X,0x80011140] -> 0x006F
mem[X,0x80011142] -> 0x00C0
[1721] [M]: 0x80011140 (0x00C0006F) jal zero, 12


mem[X,0x8001114C] -> 0x1063
mem[X,0x8001114E] -> 0x08B5
[1722] [M]: 0x8001114C (0x08B51063) bne a0, a1, 128


mem[X,0x800111CC] -> 0x0213
mem[X,0x800111CE] -> 0x0032
[1723] [M]: 0x800111CC (0x00320213) addi tp, tp, 3
x4 <- 0x00000003


mem[X,0x800111D0] -> 0x006F
mem[X,0x800111D2] -> 0x0040
[1724] [M]: 0x800111D0 (0x0040006F) jal zero, 4


mem[X,0x800111D4] -> 0xA623
mem[X,0x800111D6] -> 0x2840
[1725] [M]: 0x800111D4 (0x2840A623) sw tp, 652(ra)
mem[0x8003A3F4] <- 0x00000003


mem[X,0x800111D8] -> 0x0513
mem[X,0x800111DA] -> 0x0050
[1726] [M]: 0x800111D8 (0x00500513) addi a0, zero, 5
x10 <- 0x00000005


mem[X,0x800111DC] -> 0x35B7
mem[X,0x800111DE] -> 0x3333
[1727] [M]: 0x800111DC (0x333335B7) lui a1, 209715
x11 <- 0x33333000


mem[X,0x800111E0] -> 0x8593
mem[X,0x800111E2] -> 0x3345
[1728] [M]: 0x800111E0 (0x33458593) addi a1, a1, 820
x11 <- 0x33333334


mem[X,0x800111E4] -> 0x0213
mem[X,0x800111E6] -> 0x0000
[1729] [M]: 0x800111E4 (0x00000213) addi tp, zero, 0
x4 <- 0x00000000


mem[X,0x800111E8] -> 0x006F
mem[X,0x800111EA] -> 0x00C0
[1730] [M]: 0x800111E8 (0x00C0006F) jal zero, 12


mem[X,0x800111F4] -> 0x1063
mem[X,0x800111F6] -> 0x20B5
[1731] [M]: 0x800111F4 (0x20B51063) bne a0, a1, 512


mem[X,0x800113F4] -> 0x0213
mem[X,0x800113F6] -> 0x0032
[1732] [M]: 0x800113F4 (0x00320213) addi tp, tp, 3
x4 <- 0x00000003


mem[X,0x800113F8] -> 0x006F
mem[X,0x800113FA] -> 0x0040
[1733] [M]: 0x800113F8 (0x0040006F) jal zero, 4


mem[X,0x800113FC] -> 0xA823
mem[X,0x800113FE] -> 0x2840
[1734] [M]: 0x800113FC (0x2840A823) sw tp, 656(ra)
mem[0x8003A3F8] <- 0x00000003


mem[X,0x80011400] -> 0x0513
mem[X,0x80011402] -> 0x0050
[1735] [M]: 0x80011400 (0x00500513) addi a0, zero, 5
x10 <- 0x00000005


mem[X,0x80011404] -> 0x65B7
mem[X,0x80011406] -> 0x6666
[1736] [M]: 0x80011404 (0x666665B7) lui a1, 419430
x11 <- 0x66666000


mem[X,0x80011408] -> 0x8593
mem[X,0x8001140A] -> 0x6675
[1737] [M]: 0x80011408 (0x66758593) addi a1, a1, 1639
x11 <- 0x66666667


mem[X,0x8001140C] -> 0x0213
mem[X,0x8001140E] -> 0x0000
[1738] [M]: 0x8001140C (0x00000213) addi tp, zero, 0
x4 <- 0x00000000


mem[X,0x80011410] -> 0x006F
mem[X,0x80011412] -> 0x00C0
[1739] [M]: 0x80011410 (0x00C0006F) jal zero, 12


mem[X,0x8001141C] -> 0x1063
mem[X,0x8001141E] -> 0x10B5
[1740] [M]: 0x8001141C (0x10B51063) bne a0, a1, 256


mem[X,0x8001151C] -> 0x0213
mem[X,0x8001151E] -> 0x0032
[1741] [M]: 0x8001151C (0x00320213) addi tp, tp, 3
x4 <- 0x00000003


mem[X,0x80011520] -> 0x006F
mem[X,0x80011522] -> 0x0040
[1742] [M]: 0x80011520 (0x0040006F) jal zero, 4


mem[X,0x80011524] -> 0xAA23
mem[X,0x80011526] -> 0x2840
[1743] [M]: 0x80011524 (0x2840AA23) sw tp, 660(ra)
mem[0x8003A3FC] <- 0x00000003


mem[X,0x80011528] -> 0x0513
mem[X,0x8001152A] -> 0x0050
[1744] [M]: 0x80011528 (0x00500513) addi a0, zero, 5
x10 <- 0x00000005


mem[X,0x8001152C] -> 0x55B7
mem[X,0x8001152E] -> 0xFFFF
[1745] [M]: 0x8001152C (0xFFFF55B7) lui a1, 1048565
x11 <- 0xFFFF5000


mem[X,0x80011530] -> 0x8593
mem[X,0x80011532] -> 0xAFD5
[1746] [M]: 0x80011530 (0xAFD58593) addi a1, a1, 2813
x11 <- 0xFFFF4AFD


mem[X,0x80011534] -> 0x0213
mem[X,0x80011536] -> 0x0000
[1747] [M]: 0x80011534 (0x00000213) addi tp, zero, 0
x4 <- 0x00000000


mem[X,0x80011538] -> 0x006F
mem[X,0x8001153A] -> 0x00C0
[1748] [M]: 0x80011538 (0x00C0006F) jal zero, 12


mem[X,0x80011544] -> 0x1063
mem[X,0x80011546] -> 0x10B5
[1749] [M]: 0x80011544 (0x10B51063) bne a0, a1, 256


mem[X,0x80011644] -> 0x0213
mem[X,0x80011646] -> 0x0032
[1750] [M]: 0x80011644 (0x00320213) addi tp, tp, 3
x4 <- 0x00000003


mem[X,0x80011648] -> 0x006F
mem[X,0x8001164A] -> 0x0040
[1751] [M]: 0x80011648 (0x0040006F) jal zero, 4


mem[X,0x8001164C] -> 0xAC23
mem[X,0x8001164E] -> 0x2840
[1752] [M]: 0x8001164C (0x2840AC23) sw tp, 664(ra)
mem[0x8003A400] <- 0x00000003


mem[X,0x80011650] -> 0x0513
mem[X,0x80011652] -> 0x0050
[1753] [M]: 0x80011650 (0x00500513) addi a0, zero, 5
x10 <- 0x00000005


mem[X,0x80011654] -> 0xB5B7
mem[X,0x80011656] -> 0x0000
[1754] [M]: 0x80011654 (0x0000B5B7) lui a1, 11
x11 <- 0x0000B000


mem[X,0x80011658] -> 0x8593
mem[X,0x8001165A] -> 0x5055
[1755] [M]: 0x80011658 (0x50558593) addi a1, a1, 1285
x11 <- 0x0000B505


mem[X,0x8001165C] -> 0x0213
mem[X,0x8001165E] -> 0x0000
[1756] [M]: 0x8001165C (0x00000213) addi tp, zero, 0
x4 <- 0x00000000


mem[X,0x80011660] -> 0x006F
mem[X,0x80011662] -> 0x00C0
[1757] [M]: 0x80011660 (0x00C0006F) jal zero, 12


mem[X,0x8001166C] -> 0x1CE3
mem[X,0x8001166E] -> 0xFEB5
[1758] [M]: 0x8001166C (0xFEB51CE3) bne a0, a1, 8184


mem[X,0x80011664] -> 0x0213
mem[X,0x80011666] -> 0x0012
[1759] [M]: 0x80011664 (0x00120213) addi tp, tp, 1
x4 <- 0x00000001


mem[X,0x80011668] -> 0x006F
mem[X,0x8001166A] -> 0x0180
[1760] [M]: 0x80011668 (0x0180006F) jal zero, 24


mem[X,0x80011680] -> 0xAE23
mem[X,0x80011682] -> 0x2840
[1761] [M]: 0x80011680 (0x2840AE23) sw tp, 668(ra)
mem[0x8003A404] <- 0x00000001


mem[X,0x80011684] -> 0x3537
mem[X,0x80011686] -> 0x3333
[1762] [M]: 0x80011684 (0x33333537) lui a0, 209715
x10 <- 0x33333000


mem[X,0x80011688] -> 0x0513
mem[X,0x8001168A] -> 0x3335
[1763] [M]: 0x80011688 (0x33350513) addi a0, a0, 819
x10 <- 0x33333333


mem[X,0x8001168C] -> 0x0593
mem[X,0x8001168E] -> 0x0030
[1764] [M]: 0x8001168C (0x00300593) addi a1, zero, 3
x11 <- 0x00000003


mem[X,0x80011690] -> 0x0213
mem[X,0x80011692] -> 0x0000
[1765] [M]: 0x80011690 (0x00000213) addi tp, zero, 0
x4 <- 0x00000000


mem[X,0x80011694] -> 0x006F
mem[X,0x80011696] -> 0x00C0
[1766] [M]: 0x80011694 (0x00C0006F) jal zero, 12


mem[X,0x800116A0] -> 0x1063
mem[X,0x800116A2] -> 0x40B5
[1767] [M]: 0x800116A0 (0x40B51063) bne a0, a1, 1024


mem[X,0x80011AA0] -> 0x0213
mem[X,0x80011AA2] -> 0x0032
[1768] [M]: 0x80011AA0 (0x00320213) addi tp, tp, 3
x4 <- 0x00000003


mem[X,0x80011AA4] -> 0x006F
mem[X,0x80011AA6] -> 0x0040
[1769] [M]: 0x80011AA4 (0x0040006F) jal zero, 4


mem[X,0x80011AA8] -> 0xA023
mem[X,0x80011AAA] -> 0x2A40
[1770] [M]: 0x80011AA8 (0x2A40A023) sw tp, 672(ra)
mem[0x8003A408] <- 0x00000003


mem[X,0x80011AAC] -> 0x3537
mem[X,0x80011AAE] -> 0x3333
[1771] [M]: 0x80011AAC (0x33333537) lui a0, 209715
x10 <- 0x33333000


mem[X,0x80011AB0] -> 0x0513
mem[X,0x80011AB2] -> 0x3335
[1772] [M]: 0x80011AB0 (0x33350513) addi a0, a0, 819
x10 <- 0x33333333


mem[X,0x80011AB4] -> 0x55B7
mem[X,0x80011AB6] -> 0x5555
[1773] [M]: 0x80011AB4 (0x555555B7) lui a1, 349525
x11 <- 0x55555000


mem[X,0x80011AB8] -> 0x8593
mem[X,0x80011ABA] -> 0x5555
[1774] [M]: 0x80011AB8 (0x55558593) addi a1, a1, 1365
x11 <- 0x55555555


mem[X,0x80011ABC] -> 0x0213
mem[X,0x80011ABE] -> 0x0000
[1775] [M]: 0x80011ABC (0x00000213) addi tp, zero, 0
x4 <- 0x00000000


mem[X,0x80011AC0] -> 0x006F
mem[X,0x80011AC2] -> 0x00C0
[1776] [M]: 0x80011AC0 (0x00C0006F) jal zero, 12


mem[X,0x80011ACC] -> 0x1063
mem[X,0x80011ACE] -> 0x10B5
[1777] [M]: 0x80011ACC (0x10B51063) bne a0, a1, 256


mem[X,0x80011BCC] -> 0x0213
mem[X,0x80011BCE] -> 0x0032
[1778] [M]: 0x80011BCC (0x00320213) addi tp, tp, 3
x4 <- 0x00000003


mem[X,0x80011BD0] -> 0x006F
mem[X,0x80011BD2] -> 0x0040
[1779] [M]: 0x80011BD0 (0x0040006F) jal zero, 4


mem[X,0x80011BD4] -> 0xA223
mem[X,0x80011BD6] -> 0x2A40
[1780] [M]: 0x80011BD4 (0x2A40A223) sw tp, 676(ra)
mem[0x8003A40C] <- 0x00000003


mem[X,0x80011BD8] -> 0x3537
mem[X,0x80011BDA] -> 0x3333
[1781] [M]: 0x80011BD8 (0x33333537) lui a0, 209715
x10 <- 0x33333000


mem[X,0x80011BDC] -> 0x0513
mem[X,0x80011BDE] -> 0x3335
[1782] [M]: 0x80011BDC (0x33350513) addi a0, a0, 819
x10 <- 0x33333333


mem[X,0x80011BE0] -> 0xB5B7
mem[X,0x80011BE2] -> 0xAAAA
[1783] [M]: 0x80011BE0 (0xAAAAB5B7) lui a1, 699051
x11 <- 0xAAAAB000


mem[X,0x80011BE4] -> 0x8593
mem[X,0x80011BE6] -> 0xAAA5
[1784] [M]: 0x80011BE4 (0xAAA58593) addi a1, a1, 2730
x11 <- 0xAAAAAAAA


mem[X,0x80011BE8] -> 0x0213
mem[X,0x80011BEA] -> 0x0000
[1785] [M]: 0x80011BE8 (0x00000213) addi tp, zero, 0
x4 <- 0x00000000


mem[X,0x80011BEC] -> 0x006F
mem[X,0x80011BEE] -> 0x00C0
[1786] [M]: 0x80011BEC (0x00C0006F) jal zero, 12


mem[X,0x80011BF8] -> 0x1063
mem[X,0x80011BFA] -> 0x04B5
[1787] [M]: 0x80011BF8 (0x04B51063) bne a0, a1, 64


mem[X,0x80011C38] -> 0x0213
mem[X,0x80011C3A] -> 0x0032
[1788] [M]: 0x80011C38 (0x00320213) addi tp, tp, 3
x4 <- 0x00000003


mem[X,0x80011C3C] -> 0x006F
mem[X,0x80011C3E] -> 0x0040
[1789] [M]: 0x80011C3C (0x0040006F) jal zero, 4


mem[X,0x80011C40] -> 0xA423
mem[X,0x80011C42] -> 0x2A40
[1790] [M]: 0x80011C40 (0x2A40A423) sw tp, 680(ra)
mem[0x8003A410] <- 0x00000003


mem[X,0x80011C44] -> 0x3537
mem[X,0x80011C46] -> 0x3333
[1791] [M]: 0x80011C44 (0x33333537) lui a0, 209715
x10 <- 0x33333000


mem[X,0x80011C48] -> 0x0513
mem[X,0x80011C4A] -> 0x3335
[1792] [M]: 0x80011C48 (0x33350513) addi a0, a0, 819
x10 <- 0x33333333


mem[X,0x80011C4C] -> 0x0593
mem[X,0x80011C4E] -> 0x0050
[1793] [M]: 0x80011C4C (0x00500593) addi a1, zero, 5
x11 <- 0x00000005


mem[X,0x80011C50] -> 0x0213
mem[X,0x80011C52] -> 0x0000
[1794] [M]: 0x80011C50 (0x00000213) addi tp, zero, 0
x4 <- 0x00000000


mem[X,0x80011C54] -> 0x006F
mem[X,0x80011C56] -> 0x00C0
[1795] [M]: 0x80011C54 (0x00C0006F) jal zero, 12


mem[X,0x80011C60] -> 0x1663
mem[X,0x80011C62] -> 0x00B5
[1796] [M]: 0x80011C60 (0x00B51663) bne a0, a1, 12


mem[X,0x80011C6C] -> 0x0213
mem[X,0x80011C6E] -> 0x0032
[1797] [M]: 0x80011C6C (0x00320213) addi tp, tp, 3
x4 <- 0x00000003


mem[X,0x80011C70] -> 0x006F
mem[X,0x80011C72] -> 0x0040
[1798] [M]: 0x80011C70 (0x0040006F) jal zero, 4


mem[X,0x80011C74] -> 0xA623
mem[X,0x80011C76] -> 0x2A40
[1799] [M]: 0x80011C74 (0x2A40A623) sw tp, 684(ra)
mem[0x8003A414] <- 0x00000003


clint::tick mtime <- 0x0000000000000012
 clint timer pending at mtime 0x0000000000000012
htif::tick 0x0000000000000000
mem[X,0x80011C78] -> 0x3537
mem[X,0x80011C7A] -> 0x3333
[1800] [M]: 0x80011C78 (0x33333537) lui a0, 209715
x10 <- 0x33333000


mem[X,0x80011C7C] -> 0x0513
mem[X,0x80011C7E] -> 0x3335
[1801] [M]: 0x80011C7C (0x33350513) addi a0, a0, 819
x10 <- 0x33333333


mem[X,0x80011C80] -> 0x35B7
mem[X,0x80011C82] -> 0x3333
[1802] [M]: 0x80011C80 (0x333335B7) lui a1, 209715
x11 <- 0x33333000


mem[X,0x80011C84] -> 0x8593
mem[X,0x80011C86] -> 0x3335
[1803] [M]: 0x80011C84 (0x33358593) addi a1, a1, 819
x11 <- 0x33333333


mem[X,0x80011C88] -> 0x0213
mem[X,0x80011C8A] -> 0x0000
[1804] [M]: 0x80011C88 (0x00000213) addi tp, zero, 0
x4 <- 0x00000000


mem[X,0x80011C8C] -> 0x006F
mem[X,0x80011C8E] -> 0x00C0
[1805] [M]: 0x80011C8C (0x00C0006F) jal zero, 12


mem[X,0x80011C98] -> 0x1063
mem[X,0x80011C9A] -> 0x08B5
[1806] [M]: 0x80011C98 (0x08B51063) bne a0, a1, 128


mem[X,0x80011C9C] -> 0x0213
mem[X,0x80011C9E] -> 0x0022
[1807] [M]: 0x80011C9C (0x00220213) addi tp, tp, 2
x4 <- 0x00000002


mem[X,0x80011CA0] -> 0x006F
mem[X,0x80011CA2] -> 0x0800
[1808] [M]: 0x80011CA0 (0x0800006F) jal zero, 128


mem[X,0x80011D20] -> 0xA823
mem[X,0x80011D22] -> 0x2A40
[1809] [M]: 0x80011D20 (0x2A40A823) sw tp, 688(ra)
mem[0x8003A418] <- 0x00000002


mem[X,0x80011D24] -> 0x3537
mem[X,0x80011D26] -> 0x3333
[1810] [M]: 0x80011D24 (0x33333537) lui a0, 209715
x10 <- 0x33333000


mem[X,0x80011D28] -> 0x0513
mem[X,0x80011D2A] -> 0x3335
[1811] [M]: 0x80011D28 (0x33350513) addi a0, a0, 819
x10 <- 0x33333333


mem[X,0x80011D2C] -> 0x65B7
mem[X,0x80011D2E] -> 0x6666
[1812] [M]: 0x80011D2C (0x666665B7) lui a1, 419430
x11 <- 0x66666000


mem[X,0x80011D30] -> 0x8593
mem[X,0x80011D32] -> 0x6665
[1813] [M]: 0x80011D30 (0x66658593) addi a1, a1, 1638
x11 <- 0x66666666


mem[X,0x80011D34] -> 0x0213
mem[X,0x80011D36] -> 0x0000
[1814] [M]: 0x80011D34 (0x00000213) addi tp, zero, 0
x4 <- 0x00000000


mem[X,0x80011D38] -> 0x006F
mem[X,0x80011D3A] -> 0x00C0
[1815] [M]: 0x80011D38 (0x00C0006F) jal zero, 12


mem[X,0x80011D44] -> 0x1063
mem[X,0x80011D46] -> 0x10B5
[1816] [M]: 0x80011D44 (0x10B51063) bne a0, a1, 256


mem[X,0x80011E44] -> 0x0213
mem[X,0x80011E46] -> 0x0032
[1817] [M]: 0x80011E44 (0x00320213) addi tp, tp, 3
x4 <- 0x00000003


mem[X,0x80011E48] -> 0x006F
mem[X,0x80011E4A] -> 0x0040
[1818] [M]: 0x80011E48 (0x0040006F) jal zero, 4


mem[X,0x80011E4C] -> 0xAA23
mem[X,0x80011E4E] -> 0x2A40
[1819] [M]: 0x80011E4C (0x2A40AA23) sw tp, 692(ra)
mem[0x8003A41C] <- 0x00000003


mem[X,0x80011E50] -> 0x3537
mem[X,0x80011E52] -> 0x3333
[1820] [M]: 0x80011E50 (0x33333537) lui a0, 209715
x10 <- 0x33333000


mem[X,0x80011E54] -> 0x0513
mem[X,0x80011E56] -> 0x3335
[1821] [M]: 0x80011E54 (0x33350513) addi a0, a0, 819
x10 <- 0x33333333


mem[X,0x80011E58] -> 0x55B7
mem[X,0x80011E5A] -> 0xFFFF
[1822] [M]: 0x80011E58 (0xFFFF55B7) lui a1, 1048565
x11 <- 0xFFFF5000


mem[X,0x80011E5C] -> 0x8593
mem[X,0x80011E5E] -> 0xAFC5
[1823] [M]: 0x80011E5C (0xAFC58593) addi a1, a1, 2812
x11 <- 0xFFFF4AFC


mem[X,0x80011E60] -> 0x0213
mem[X,0x80011E62] -> 0x0000
[1824] [M]: 0x80011E60 (0x00000213) addi tp, zero, 0
x4 <- 0x00000000


mem[X,0x80011E64] -> 0x006F
mem[X,0x80011E66] -> 0x0180
[1825] [M]: 0x80011E64 (0x0180006F) jal zero, 24


mem[X,0x80011E7C] -> 0x16E3
mem[X,0x80011E7E] -> 0xFEB5
[1826] [M]: 0x80011E7C (0xFEB516E3) bne a0, a1, 8172


mem[X,0x80011E68] -> 0x0213
mem[X,0x80011E6A] -> 0x0012
[1827] [M]: 0x80011E68 (0x00120213) addi tp, tp, 1
x4 <- 0x00000001


mem[X,0x80011E6C] -> 0x006F
mem[X,0x80011E6E] -> 0x0240
[1828] [M]: 0x80011E6C (0x0240006F) jal zero, 36


mem[X,0x80011E90] -> 0xAC23
mem[X,0x80011E92] -> 0x2A40
[1829] [M]: 0x80011E90 (0x2A40AC23) sw tp, 696(ra)
mem[0x8003A420] <- 0x00000001


mem[X,0x80011E94] -> 0x3537
mem[X,0x80011E96] -> 0x3333
[1830] [M]: 0x80011E94 (0x33333537) lui a0, 209715
x10 <- 0x33333000


mem[X,0x80011E98] -> 0x0513
mem[X,0x80011E9A] -> 0x3335
[1831] [M]: 0x80011E98 (0x33350513) addi a0, a0, 819
x10 <- 0x33333333


mem[X,0x80011E9C] -> 0xB5B7
mem[X,0x80011E9E] -> 0x0000
[1832] [M]: 0x80011E9C (0x0000B5B7) lui a1, 11
x11 <- 0x0000B000


mem[X,0x80011EA0] -> 0x8593
mem[X,0x80011EA2] -> 0x5045
[1833] [M]: 0x80011EA0 (0x50458593) addi a1, a1, 1284
x11 <- 0x0000B504


mem[X,0x80011EA4] -> 0x0213
mem[X,0x80011EA6] -> 0x0000
[1834] [M]: 0x80011EA4 (0x00000213) addi tp, zero, 0
x4 <- 0x00000000


mem[X,0x80011EA8] -> 0x006F
mem[X,0x80011EAA] -> 0x00C0
[1835] [M]: 0x80011EA8 (0x00C0006F) jal zero, 12


mem[X,0x80011EB4] -> 0x1663
mem[X,0x80011EB6] -> 0x00B5
[1836] [M]: 0x80011EB4 (0x00B51663) bne a0, a1, 12


mem[X,0x80011EC0] -> 0x0213
mem[X,0x80011EC2] -> 0x0032
[1837] [M]: 0x80011EC0 (0x00320213) addi tp, tp, 3
x4 <- 0x00000003


mem[X,0x80011EC4] -> 0x006F
mem[X,0x80011EC6] -> 0x0040
[1838] [M]: 0x80011EC4 (0x0040006F) jal zero, 4


mem[X,0x80011EC8] -> 0xAE23
mem[X,0x80011ECA] -> 0x2A40
[1839] [M]: 0x80011EC8 (0x2A40AE23) sw tp, 700(ra)
mem[0x8003A424] <- 0x00000003


mem[X,0x80011ECC] -> 0x3537
mem[X,0x80011ECE] -> 0x3333
[1840] [M]: 0x80011ECC (0x33333537) lui a0, 209715
x10 <- 0x33333000


mem[X,0x80011ED0] -> 0x0513
mem[X,0x80011ED2] -> 0x3335
[1841] [M]: 0x80011ED0 (0x33350513) addi a0, a0, 819
x10 <- 0x33333333


mem[X,0x80011ED4] -> 0x0593
mem[X,0x80011ED6] -> 0x0020
[1842] [M]: 0x80011ED4 (0x00200593) addi a1, zero, 2
x11 <- 0x00000002


mem[X,0x80011ED8] -> 0x0213
mem[X,0x80011EDA] -> 0x0000
[1843] [M]: 0x80011ED8 (0x00000213) addi tp, zero, 0
x4 <- 0x00000000


mem[X,0x80011EDC] -> 0x006F
mem[X,0x80011EDE] -> 0x0050
[1844] [M]: 0x80011EDC (0x0050006F) jal zero, 2052


mem[X,0x800126E0] -> 0x10E3
mem[X,0x800126E2] -> 0x80B5
[1845] [M]: 0x800126E0 (0x80B510E3) bne a0, a1, 6144


mem[X,0x80011EE0] -> 0x0213
mem[X,0x80011EE2] -> 0x0012
[1846] [M]: 0x80011EE0 (0x00120213) addi tp, tp, 1
x4 <- 0x00000001


mem[X,0x80011EE4] -> 0x006F
mem[X,0x80011EE6] -> 0x0110
[1847] [M]: 0x80011EE4 (0x0110006F) jal zero, 2064


mem[X,0x800126F4] -> 0xA023
mem[X,0x800126F6] -> 0x2C40
[1848] [M]: 0x800126F4 (0x2C40A023) sw tp, 704(ra)
mem[0x8003A428] <- 0x00000001


mem[X,0x800126F8] -> 0x3537
mem[X,0x800126FA] -> 0x3333
[1849] [M]: 0x800126F8 (0x33333537) lui a0, 209715
x10 <- 0x33333000


mem[X,0x800126FC] -> 0x0513
mem[X,0x800126FE] -> 0x3335
[1850] [M]: 0x800126FC (0x33350513) addi a0, a0, 819
x10 <- 0x33333333


mem[X,0x80012700] -> 0x55B7
mem[X,0x80012702] -> 0x5555
[1851] [M]: 0x80012700 (0x555555B7) lui a1, 349525
x11 <- 0x55555000


mem[X,0x80012704] -> 0x8593
mem[X,0x80012706] -> 0x5545
[1852] [M]: 0x80012704 (0x55458593) addi a1, a1, 1364
x11 <- 0x55555554


mem[X,0x80012708] -> 0x0213
mem[X,0x8001270A] -> 0x0000
[1853] [M]: 0x80012708 (0x00000213) addi tp, zero, 0
x4 <- 0x00000000


mem[X,0x8001270C] -> 0x006F
mem[X,0x8001270E] -> 0x00C0
[1854] [M]: 0x8001270C (0x00C0006F) jal zero, 12


mem[X,0x80012718] -> 0x1663
mem[X,0x8001271A] -> 0x00B5
[1855] [M]: 0x80012718 (0x00B51663) bne a0, a1, 12


mem[X,0x80012724] -> 0x0213
mem[X,0x80012726] -> 0x0032
[1856] [M]: 0x80012724 (0x00320213) addi tp, tp, 3
x4 <- 0x00000003


mem[X,0x80012728] -> 0x006F
mem[X,0x8001272A] -> 0x0040
[1857] [M]: 0x80012728 (0x0040006F) jal zero, 4


mem[X,0x8001272C] -> 0xA223
mem[X,0x8001272E] -> 0x2C40
[1858] [M]: 0x8001272C (0x2C40A223) sw tp, 708(ra)
mem[0x8003A42C] <- 0x00000003


mem[X,0x80012730] -> 0x3537
mem[X,0x80012732] -> 0x3333
[1859] [M]: 0x80012730 (0x33333537) lui a0, 209715
x10 <- 0x33333000


mem[X,0x80012734] -> 0x0513
mem[X,0x80012736] -> 0x3335
[1860] [M]: 0x80012734 (0x33350513) addi a0, a0, 819
x10 <- 0x33333333


mem[X,0x80012738] -> 0x0593
mem[X,0x8001273A] -> 0x0000
[1861] [M]: 0x80012738 (0x00000593) addi a1, zero, 0
x11 <- 0x00000000


mem[X,0x8001273C] -> 0x0213
mem[X,0x8001273E] -> 0x0000
[1862] [M]: 0x8001273C (0x00000213) addi tp, zero, 0
x4 <- 0x00000000


mem[X,0x80012740] -> 0x006F
mem[X,0x80012742] -> 0x00C0
[1863] [M]: 0x80012740 (0x00C0006F) jal zero, 12


mem[X,0x8001274C] -> 0x1863
mem[X,0x8001274E] -> 0x00B5
[1864] [M]: 0x8001274C (0x00B51863) bne a0, a1, 16


mem[X,0x8001275C] -> 0x0213
mem[X,0x8001275E] -> 0x0032
[1865] [M]: 0x8001275C (0x00320213) addi tp, tp, 3
x4 <- 0x00000003


mem[X,0x80012760] -> 0x006F
mem[X,0x80012762] -> 0x0040
[1866] [M]: 0x80012760 (0x0040006F) jal zero, 4


mem[X,0x80012764] -> 0xA423
mem[X,0x80012766] -> 0x2C40
[1867] [M]: 0x80012764 (0x2C40A423) sw tp, 712(ra)
mem[0x8003A430] <- 0x00000003


mem[X,0x80012768] -> 0x3537
mem[X,0x8001276A] -> 0x3333
[1868] [M]: 0x80012768 (0x33333537) lui a0, 209715
x10 <- 0x33333000


mem[X,0x8001276C] -> 0x0513
mem[X,0x8001276E] -> 0x3335
[1869] [M]: 0x8001276C (0x33350513) addi a0, a0, 819
x10 <- 0x33333333


mem[X,0x80012770] -> 0x0593
mem[X,0x80012772] -> 0x0040
[1870] [M]: 0x80012770 (0x00400593) addi a1, zero, 4
x11 <- 0x00000004


mem[X,0x80012774] -> 0x0213
mem[X,0x80012776] -> 0x0000
[1871] [M]: 0x80012774 (0x00000213) addi tp, zero, 0
x4 <- 0x00000000


mem[X,0x80012778] -> 0x006F
mem[X,0x8001277A] -> 0x00C0
[1872] [M]: 0x80012778 (0x00C0006F) jal zero, 12


mem[X,0x80012784] -> 0x1063
mem[X,0x80012786] -> 0x02B5
[1873] [M]: 0x80012784 (0x02B51063) bne a0, a1, 32


mem[X,0x800127A4] -> 0x0213
mem[X,0x800127A6] -> 0x0032
[1874] [M]: 0x800127A4 (0x00320213) addi tp, tp, 3
x4 <- 0x00000003


mem[X,0x800127A8] -> 0x006F
mem[X,0x800127AA] -> 0x0040
[1875] [M]: 0x800127A8 (0x0040006F) jal zero, 4


mem[X,0x800127AC] -> 0xA623
mem[X,0x800127AE] -> 0x2C40
[1876] [M]: 0x800127AC (0x2C40A623) sw tp, 716(ra)
mem[0x8003A434] <- 0x00000003


mem[X,0x800127B0] -> 0x3537
mem[X,0x800127B2] -> 0x3333
[1877] [M]: 0x800127B0 (0x33333537) lui a0, 209715
x10 <- 0x33333000


mem[X,0x800127B4] -> 0x0513
mem[X,0x800127B6] -> 0x3335
[1878] [M]: 0x800127B4 (0x33350513) addi a0, a0, 819
x10 <- 0x33333333


mem[X,0x800127B8] -> 0x35B7
mem[X,0x800127BA] -> 0x3333
[1879] [M]: 0x800127B8 (0x333335B7) lui a1, 209715
x11 <- 0x33333000


mem[X,0x800127BC] -> 0x8593
mem[X,0x800127BE] -> 0x3325
[1880] [M]: 0x800127BC (0x33258593) addi a1, a1, 818
x11 <- 0x33333332


mem[X,0x800127C0] -> 0x0213
mem[X,0x800127C2] -> 0x0000
[1881] [M]: 0x800127C0 (0x00000213) addi tp, zero, 0
x4 <- 0x00000000


mem[X,0x800127C4] -> 0x006F
mem[X,0x800127C6] -> 0x00C0
[1882] [M]: 0x800127C4 (0x00C0006F) jal zero, 12


mem[X,0x800127D0] -> 0x1663
mem[X,0x800127D2] -> 0x00B5
[1883] [M]: 0x800127D0 (0x00B51663) bne a0, a1, 12


mem[X,0x800127DC] -> 0x0213
mem[X,0x800127DE] -> 0x0032
[1884] [M]: 0x800127DC (0x00320213) addi tp, tp, 3
x4 <- 0x00000003


mem[X,0x800127E0] -> 0x006F
mem[X,0x800127E2] -> 0x0040
[1885] [M]: 0x800127E0 (0x0040006F) jal zero, 4


mem[X,0x800127E4] -> 0xA823
mem[X,0x800127E6] -> 0x2C40
[1886] [M]: 0x800127E4 (0x2C40A823) sw tp, 720(ra)
mem[0x8003A438] <- 0x00000003


mem[X,0x800127E8] -> 0x3537
mem[X,0x800127EA] -> 0x3333
[1887] [M]: 0x800127E8 (0x33333537) lui a0, 209715
x10 <- 0x33333000


mem[X,0x800127EC] -> 0x0513
mem[X,0x800127EE] -> 0x3335
[1888] [M]: 0x800127EC (0x33350513) addi a0, a0, 819
x10 <- 0x33333333


mem[X,0x800127F0] -> 0x65B7
mem[X,0x800127F2] -> 0x6666
[1889] [M]: 0x800127F0 (0x666665B7) lui a1, 419430
x11 <- 0x66666000


mem[X,0x800127F4] -> 0x8593
mem[X,0x800127F6] -> 0x6655
[1890] [M]: 0x800127F4 (0x66558593) addi a1, a1, 1637
x11 <- 0x66666665


mem[X,0x800127F8] -> 0x0213
mem[X,0x800127FA] -> 0x0000
[1891] [M]: 0x800127F8 (0x00000213) addi tp, zero, 0
x4 <- 0x00000000


mem[X,0x800127FC] -> 0x006F
mem[X,0x800127FE] -> 0x00C0
[1892] [M]: 0x800127FC (0x00C0006F) jal zero, 12


mem[X,0x80012808] -> 0x1863
mem[X,0x8001280A] -> 0x00B5
[1893] [M]: 0x80012808 (0x00B51863) bne a0, a1, 16


mem[X,0x80012818] -> 0x0213
mem[X,0x8001281A] -> 0x0032
[1894] [M]: 0x80012818 (0x00320213) addi tp, tp, 3
x4 <- 0x00000003


mem[X,0x8001281C] -> 0x006F
mem[X,0x8001281E] -> 0x0040
[1895] [M]: 0x8001281C (0x0040006F) jal zero, 4


mem[X,0x80012820] -> 0xAA23
mem[X,0x80012822] -> 0x2C40
[1896] [M]: 0x80012820 (0x2C40AA23) sw tp, 724(ra)
mem[0x8003A43C] <- 0x00000003


mem[X,0x80012824] -> 0x3537
mem[X,0x80012826] -> 0x3333
[1897] [M]: 0x80012824 (0x33333537) lui a0, 209715
x10 <- 0x33333000


mem[X,0x80012828] -> 0x0513
mem[X,0x8001282A] -> 0x3335
[1898] [M]: 0x80012828 (0x33350513) addi a0, a0, 819
x10 <- 0x33333333


mem[X,0x8001282C] -> 0xB5B7
mem[X,0x8001282E] -> 0x0000
[1899] [M]: 0x8001282C (0x0000B5B7) lui a1, 11
x11 <- 0x0000B000


clint::tick mtime <- 0x0000000000000013
 clint timer pending at mtime 0x0000000000000013
htif::tick 0x0000000000000000
mem[X,0x80012830] -> 0x8593
mem[X,0x80012832] -> 0x5035
[1900] [M]: 0x80012830 (0x50358593) addi a1, a1, 1283
x11 <- 0x0000B503


mem[X,0x80012834] -> 0x0213
mem[X,0x80012836] -> 0x0000
[1901] [M]: 0x80012834 (0x00000213) addi tp, zero, 0
x4 <- 0x00000000


mem[X,0x80012838] -> 0x006F
mem[X,0x8001283A] -> 0x00C0
[1902] [M]: 0x80012838 (0x00C0006F) jal zero, 12


mem[X,0x80012844] -> 0x1663
mem[X,0x80012846] -> 0x00B5
[1903] [M]: 0x80012844 (0x00B51663) bne a0, a1, 12


mem[X,0x80012850] -> 0x0213
mem[X,0x80012852] -> 0x0032
[1904] [M]: 0x80012850 (0x00320213) addi tp, tp, 3
x4 <- 0x00000003


mem[X,0x80012854] -> 0x006F
mem[X,0x80012856] -> 0x0040
[1905] [M]: 0x80012854 (0x0040006F) jal zero, 4


mem[X,0x80012858] -> 0xAC23
mem[X,0x8001285A] -> 0x2C40
[1906] [M]: 0x80012858 (0x2C40AC23) sw tp, 728(ra)
mem[0x8003A440] <- 0x00000003


mem[X,0x8001285C] -> 0x3537
mem[X,0x8001285E] -> 0x3333
[1907] [M]: 0x8001285C (0x33333537) lui a0, 209715
x10 <- 0x33333000


mem[X,0x80012860] -> 0x0513
mem[X,0x80012862] -> 0x3335
[1908] [M]: 0x80012860 (0x33350513) addi a0, a0, 819
x10 <- 0x33333333


mem[X,0x80012864] -> 0x55B7
mem[X,0x80012866] -> 0x5555
[1909] [M]: 0x80012864 (0x555555B7) lui a1, 349525
x11 <- 0x55555000


mem[X,0x80012868] -> 0x8593
mem[X,0x8001286A] -> 0x5565
[1910] [M]: 0x80012868 (0x55658593) addi a1, a1, 1366
x11 <- 0x55555556


mem[X,0x8001286C] -> 0x0213
mem[X,0x8001286E] -> 0x0000
[1911] [M]: 0x8001286C (0x00000213) addi tp, zero, 0
x4 <- 0x00000000


mem[X,0x80012870] -> 0x006F
mem[X,0x80012872] -> 0x00C0
[1912] [M]: 0x80012870 (0x00C0006F) jal zero, 12


mem[X,0x8001287C] -> 0x1CE3
mem[X,0x8001287E] -> 0xFEB5
[1913] [M]: 0x8001287C (0xFEB51CE3) bne a0, a1, 8184


mem[X,0x80012874] -> 0x0213
mem[X,0x80012876] -> 0x0012
[1914] [M]: 0x80012874 (0x00120213) addi tp, tp, 1
x4 <- 0x00000001


mem[X,0x80012878] -> 0x006F
mem[X,0x8001287A] -> 0x0180
[1915] [M]: 0x80012878 (0x0180006F) jal zero, 24


mem[X,0x80012890] -> 0xAE23
mem[X,0x80012892] -> 0x2C40
[1916] [M]: 0x80012890 (0x2C40AE23) sw tp, 732(ra)
mem[0x8003A444] <- 0x00000001


mem[X,0x80012894] -> 0x3537
mem[X,0x80012896] -> 0x3333
[1917] [M]: 0x80012894 (0x33333537) lui a0, 209715
x10 <- 0x33333000


mem[X,0x80012898] -> 0x0513
mem[X,0x8001289A] -> 0x3335
[1918] [M]: 0x80012898 (0x33350513) addi a0, a0, 819
x10 <- 0x33333333


mem[X,0x8001289C] -> 0xB5B7
mem[X,0x8001289E] -> 0xAAAA
[1919] [M]: 0x8001289C (0xAAAAB5B7) lui a1, 699051
x11 <- 0xAAAAB000


mem[X,0x800128A0] -> 0x8593
mem[X,0x800128A2] -> 0xAAB5
[1920] [M]: 0x800128A0 (0xAAB58593) addi a1, a1, 2731
x11 <- 0xAAAAAAAB


mem[X,0x800128A4] -> 0x0213
mem[X,0x800128A6] -> 0x0000
[1921] [M]: 0x800128A4 (0x00000213) addi tp, zero, 0
x4 <- 0x00000000


mem[X,0x800128A8] -> 0x006F
mem[X,0x800128AA] -> 0x00C0
[1922] [M]: 0x800128A8 (0x00C0006F) jal zero, 12


mem[X,0x800128B4] -> 0x1663
mem[X,0x800128B6] -> 0x00B5
[1923] [M]: 0x800128B4 (0x00B51663) bne a0, a1, 12


mem[X,0x800128C0] -> 0x0213
mem[X,0x800128C2] -> 0x0032
[1924] [M]: 0x800128C0 (0x00320213) addi tp, tp, 3
x4 <- 0x00000003


mem[X,0x800128C4] -> 0x006F
mem[X,0x800128C6] -> 0x0040
[1925] [M]: 0x800128C4 (0x0040006F) jal zero, 4


mem[X,0x800128C8] -> 0xA023
mem[X,0x800128CA] -> 0x2E40
[1926] [M]: 0x800128C8 (0x2E40A023) sw tp, 736(ra)
mem[0x8003A448] <- 0x00000003


mem[X,0x800128CC] -> 0x3537
mem[X,0x800128CE] -> 0x3333
[1927] [M]: 0x800128CC (0x33333537) lui a0, 209715
x10 <- 0x33333000


mem[X,0x800128D0] -> 0x0513
mem[X,0x800128D2] -> 0x3335
[1928] [M]: 0x800128D0 (0x33350513) addi a0, a0, 819
x10 <- 0x33333333


mem[X,0x800128D4] -> 0x0593
mem[X,0x800128D6] -> 0x0060
[1929] [M]: 0x800128D4 (0x00600593) addi a1, zero, 6
x11 <- 0x00000006


mem[X,0x800128D8] -> 0x0213
mem[X,0x800128DA] -> 0x0000
[1930] [M]: 0x800128D8 (0x00000213) addi tp, zero, 0
x4 <- 0x00000000


mem[X,0x800128DC] -> 0x006F
mem[X,0x800128DE] -> 0x0050
[1931] [M]: 0x800128DC (0x0050006F) jal zero, 2052


mem[X,0x800130E0] -> 0x10E3
mem[X,0x800130E2] -> 0x80B5
[1932] [M]: 0x800130E0 (0x80B510E3) bne a0, a1, 6144


mem[X,0x800128E0] -> 0x0213
mem[X,0x800128E2] -> 0x0012
[1933] [M]: 0x800128E0 (0x00120213) addi tp, tp, 1
x4 <- 0x00000001


mem[X,0x800128E4] -> 0x006F
mem[X,0x800128E6] -> 0x0110
[1934] [M]: 0x800128E4 (0x0110006F) jal zero, 2064


mem[X,0x800130F4] -> 0xA223
mem[X,0x800130F6] -> 0x2E40
[1935] [M]: 0x800130F4 (0x2E40A223) sw tp, 740(ra)
mem[0x8003A44C] <- 0x00000001


mem[X,0x800130F8] -> 0x3537
mem[X,0x800130FA] -> 0x3333
[1936] [M]: 0x800130F8 (0x33333537) lui a0, 209715
x10 <- 0x33333000


mem[X,0x800130FC] -> 0x0513
mem[X,0x800130FE] -> 0x3335
[1937] [M]: 0x800130FC (0x33350513) addi a0, a0, 819
x10 <- 0x33333333


mem[X,0x80013100] -> 0x35B7
mem[X,0x80013102] -> 0x3333
[1938] [M]: 0x80013100 (0x333335B7) lui a1, 209715
x11 <- 0x33333000


mem[X,0x80013104] -> 0x8593
mem[X,0x80013106] -> 0x3345
[1939] [M]: 0x80013104 (0x33458593) addi a1, a1, 820
x11 <- 0x33333334


mem[X,0x80013108] -> 0x0213
mem[X,0x8001310A] -> 0x0000
[1940] [M]: 0x80013108 (0x00000213) addi tp, zero, 0
x4 <- 0x00000000


mem[X,0x8001310C] -> 0x006F
mem[X,0x8001310E] -> 0x00C0
[1941] [M]: 0x8001310C (0x00C0006F) jal zero, 12


mem[X,0x80013118] -> 0x1063
mem[X,0x8001311A] -> 0x02B5
[1942] [M]: 0x80013118 (0x02B51063) bne a0, a1, 32


mem[X,0x80013138] -> 0x0213
mem[X,0x8001313A] -> 0x0032
[1943] [M]: 0x80013138 (0x00320213) addi tp, tp, 3
x4 <- 0x00000003


mem[X,0x8001313C] -> 0x006F
mem[X,0x8001313E] -> 0x0040
[1944] [M]: 0x8001313C (0x0040006F) jal zero, 4


mem[X,0x80013140] -> 0xA423
mem[X,0x80013142] -> 0x2E40
[1945] [M]: 0x80013140 (0x2E40A423) sw tp, 744(ra)
mem[0x8003A450] <- 0x00000003


mem[X,0x80013144] -> 0x3537
mem[X,0x80013146] -> 0x3333
[1946] [M]: 0x80013144 (0x33333537) lui a0, 209715
x10 <- 0x33333000


mem[X,0x80013148] -> 0x0513
mem[X,0x8001314A] -> 0x3335
[1947] [M]: 0x80013148 (0x33350513) addi a0, a0, 819
x10 <- 0x33333333


mem[X,0x8001314C] -> 0x65B7
mem[X,0x8001314E] -> 0x6666
[1948] [M]: 0x8001314C (0x666665B7) lui a1, 419430
x11 <- 0x66666000


mem[X,0x80013150] -> 0x8593
mem[X,0x80013152] -> 0x6675
[1949] [M]: 0x80013150 (0x66758593) addi a1, a1, 1639
x11 <- 0x66666667


mem[X,0x80013154] -> 0x0213
mem[X,0x80013156] -> 0x0000
[1950] [M]: 0x80013154 (0x00000213) addi tp, zero, 0
x4 <- 0x00000000


mem[X,0x80013158] -> 0x006F
mem[X,0x8001315A] -> 0x00C0
[1951] [M]: 0x80013158 (0x00C0006F) jal zero, 12


mem[X,0x80013164] -> 0x1063
mem[X,0x80013166] -> 0x02B5
[1952] [M]: 0x80013164 (0x02B51063) bne a0, a1, 32


mem[X,0x80013184] -> 0x0213
mem[X,0x80013186] -> 0x0032
[1953] [M]: 0x80013184 (0x00320213) addi tp, tp, 3
x4 <- 0x00000003


mem[X,0x80013188] -> 0x006F
mem[X,0x8001318A] -> 0x0040
[1954] [M]: 0x80013188 (0x0040006F) jal zero, 4


mem[X,0x8001318C] -> 0xA623
mem[X,0x8001318E] -> 0x2E40
[1955] [M]: 0x8001318C (0x2E40A623) sw tp, 748(ra)
mem[0x8003A454] <- 0x00000003


mem[X,0x80013190] -> 0x3537
mem[X,0x80013192] -> 0x3333
[1956] [M]: 0x80013190 (0x33333537) lui a0, 209715
x10 <- 0x33333000


mem[X,0x80013194] -> 0x0513
mem[X,0x80013196] -> 0x3335
[1957] [M]: 0x80013194 (0x33350513) addi a0, a0, 819
x10 <- 0x33333333


mem[X,0x80013198] -> 0x55B7
mem[X,0x8001319A] -> 0xFFFF
[1958] [M]: 0x80013198 (0xFFFF55B7) lui a1, 1048565
x11 <- 0xFFFF5000


mem[X,0x8001319C] -> 0x8593
mem[X,0x8001319E] -> 0xAFD5
[1959] [M]: 0x8001319C (0xAFD58593) addi a1, a1, 2813
x11 <- 0xFFFF4AFD


mem[X,0x800131A0] -> 0x0213
mem[X,0x800131A2] -> 0x0000
[1960] [M]: 0x800131A0 (0x00000213) addi tp, zero, 0
x4 <- 0x00000000


mem[X,0x800131A4] -> 0x006F
mem[X,0x800131A6] -> 0x0100
[1961] [M]: 0x800131A4 (0x0100006F) jal zero, 16


mem[X,0x800131B4] -> 0x1AE3
mem[X,0x800131B6] -> 0xFEB5
[1962] [M]: 0x800131B4 (0xFEB51AE3) bne a0, a1, 8180


mem[X,0x800131A8] -> 0x0213
mem[X,0x800131AA] -> 0x0012
[1963] [M]: 0x800131A8 (0x00120213) addi tp, tp, 1
x4 <- 0x00000001


mem[X,0x800131AC] -> 0x006F
mem[X,0x800131AE] -> 0x01C0
[1964] [M]: 0x800131AC (0x01C0006F) jal zero, 28


mem[X,0x800131C8] -> 0xA823
mem[X,0x800131CA] -> 0x2E40
[1965] [M]: 0x800131C8 (0x2E40A823) sw tp, 752(ra)
mem[0x8003A458] <- 0x00000001


mem[X,0x800131CC] -> 0x3537
mem[X,0x800131CE] -> 0x3333
[1966] [M]: 0x800131CC (0x33333537) lui a0, 209715
x10 <- 0x33333000


mem[X,0x800131D0] -> 0x0513
mem[X,0x800131D2] -> 0x3335
[1967] [M]: 0x800131D0 (0x33350513) addi a0, a0, 819
x10 <- 0x33333333


mem[X,0x800131D4] -> 0xB5B7
mem[X,0x800131D6] -> 0x0000
[1968] [M]: 0x800131D4 (0x0000B5B7) lui a1, 11
x11 <- 0x0000B000


mem[X,0x800131D8] -> 0x8593
mem[X,0x800131DA] -> 0x5055
[1969] [M]: 0x800131D8 (0x50558593) addi a1, a1, 1285
x11 <- 0x0000B505


mem[X,0x800131DC] -> 0x0213
mem[X,0x800131DE] -> 0x0000
[1970] [M]: 0x800131DC (0x00000213) addi tp, zero, 0
x4 <- 0x00000000


mem[X,0x800131E0] -> 0x006F
mem[X,0x800131E2] -> 0x00C0
[1971] [M]: 0x800131E0 (0x00C0006F) jal zero, 12


mem[X,0x800131EC] -> 0x1063
mem[X,0x800131EE] -> 0x02B5
[1972] [M]: 0x800131EC (0x02B51063) bne a0, a1, 32


mem[X,0x8001320C] -> 0x0213
mem[X,0x8001320E] -> 0x0032
[1973] [M]: 0x8001320C (0x00320213) addi tp, tp, 3
x4 <- 0x00000003


mem[X,0x80013210] -> 0x006F
mem[X,0x80013212] -> 0x0040
[1974] [M]: 0x80013210 (0x0040006F) jal zero, 4


mem[X,0x80013214] -> 0xAA23
mem[X,0x80013216] -> 0x2E40
[1975] [M]: 0x80013214 (0x2E40AA23) sw tp, 756(ra)
mem[0x8003A45C] <- 0x00000003


mem[X,0x80013218] -> 0x6537
mem[X,0x8001321A] -> 0x6666
[1976] [M]: 0x80013218 (0x66666537) lui a0, 419430
x10 <- 0x66666000


mem[X,0x8001321C] -> 0x0513
mem[X,0x8001321E] -> 0x6665
[1977] [M]: 0x8001321C (0x66650513) addi a0, a0, 1638
x10 <- 0x66666666


mem[X,0x80013220] -> 0x0593
mem[X,0x80013222] -> 0x0030
[1978] [M]: 0x80013220 (0x00300593) addi a1, zero, 3
x11 <- 0x00000003


mem[X,0x80013224] -> 0x0213
mem[X,0x80013226] -> 0x0000
[1979] [M]: 0x80013224 (0x00000213) addi tp, zero, 0
x4 <- 0x00000000


mem[X,0x80013228] -> 0x006F
mem[X,0x8001322A] -> 0x0050
[1980] [M]: 0x80013228 (0x0050006F) jal zero, 2052


mem[X,0x80013A2C] -> 0x10E3
mem[X,0x80013A2E] -> 0x80B5
[1981] [M]: 0x80013A2C (0x80B510E3) bne a0, a1, 6144


mem[X,0x8001322C] -> 0x0213
mem[X,0x8001322E] -> 0x0012
[1982] [M]: 0x8001322C (0x00120213) addi tp, tp, 1
x4 <- 0x00000001


mem[X,0x80013230] -> 0x006F
mem[X,0x80013232] -> 0x0110
[1983] [M]: 0x80013230 (0x0110006F) jal zero, 2064


mem[X,0x80013A40] -> 0xAC23
mem[X,0x80013A42] -> 0x2E40
[1984] [M]: 0x80013A40 (0x2E40AC23) sw tp, 760(ra)
mem[0x8003A460] <- 0x00000001


mem[X,0x80013A44] -> 0x6537
mem[X,0x80013A46] -> 0x6666
[1985] [M]: 0x80013A44 (0x66666537) lui a0, 419430
x10 <- 0x66666000


mem[X,0x80013A48] -> 0x0513
mem[X,0x80013A4A] -> 0x6665
[1986] [M]: 0x80013A48 (0x66650513) addi a0, a0, 1638
x10 <- 0x66666666


mem[X,0x80013A4C] -> 0x55B7
mem[X,0x80013A4E] -> 0x5555
[1987] [M]: 0x80013A4C (0x555555B7) lui a1, 349525
x11 <- 0x55555000


mem[X,0x80013A50] -> 0x8593
mem[X,0x80013A52] -> 0x5555
[1988] [M]: 0x80013A50 (0x55558593) addi a1, a1, 1365
x11 <- 0x55555555


mem[X,0x80013A54] -> 0x0213
mem[X,0x80013A56] -> 0x0000
[1989] [M]: 0x80013A54 (0x00000213) addi tp, zero, 0
x4 <- 0x00000000


mem[X,0x80013A58] -> 0x006F
mem[X,0x80013A5A] -> 0x00C0
[1990] [M]: 0x80013A58 (0x00C0006F) jal zero, 12


mem[X,0x80013A64] -> 0x1CE3
mem[X,0x80013A66] -> 0xFEB5
[1991] [M]: 0x80013A64 (0xFEB51CE3) bne a0, a1, 8184


mem[X,0x80013A5C] -> 0x0213
mem[X,0x80013A5E] -> 0x0012
[1992] [M]: 0x80013A5C (0x00120213) addi tp, tp, 1
x4 <- 0x00000001


mem[X,0x80013A60] -> 0x006F
mem[X,0x80013A62] -> 0x0180
[1993] [M]: 0x80013A60 (0x0180006F) jal zero, 24


mem[X,0x80013A78] -> 0xAE23
mem[X,0x80013A7A] -> 0x2E40
[1994] [M]: 0x80013A78 (0x2E40AE23) sw tp, 764(ra)
mem[0x8003A464] <- 0x00000001


mem[X,0x80013A7C] -> 0x6537
mem[X,0x80013A7E] -> 0x6666
[1995] [M]: 0x80013A7C (0x66666537) lui a0, 419430
x10 <- 0x66666000


mem[X,0x80013A80] -> 0x0513
mem[X,0x80013A82] -> 0x6665
[1996] [M]: 0x80013A80 (0x66650513) addi a0, a0, 1638
x10 <- 0x66666666


mem[X,0x80013A84] -> 0xB5B7
mem[X,0x80013A86] -> 0xAAAA
[1997] [M]: 0x80013A84 (0xAAAAB5B7) lui a1, 699051
x11 <- 0xAAAAB000


mem[X,0x80013A88] -> 0x8593
mem[X,0x80013A8A] -> 0xAAA5
[1998] [M]: 0x80013A88 (0xAAA58593) addi a1, a1, 2730
x11 <- 0xAAAAAAAA


mem[X,0x80013A8C] -> 0x0213
mem[X,0x80013A8E] -> 0x0000
[1999] [M]: 0x80013A8C (0x00000213) addi tp, zero, 0
x4 <- 0x00000000


clint::tick mtime <- 0x0000000000000014
 clint timer pending at mtime 0x0000000000000014
htif::tick 0x0000000000000000
mem[X,0x80013A90] -> 0x006F
mem[X,0x80013A92] -> 0x00C0
[2000] [M]: 0x80013A90 (0x00C0006F) jal zero, 12


mem[X,0x80013A9C] -> 0x1063
mem[X,0x80013A9E] -> 0x40B5
[2001] [M]: 0x80013A9C (0x40B51063) bne a0, a1, 1024


mem[X,0x80013E9C] -> 0x0213
mem[X,0x80013E9E] -> 0x0032
[2002] [M]: 0x80013E9C (0x00320213) addi tp, tp, 3
x4 <- 0x00000003


mem[X,0x80013EA0] -> 0x006F
mem[X,0x80013EA2] -> 0x0040
[2003] [M]: 0x80013EA0 (0x0040006F) jal zero, 4


mem[X,0x80013EA4] -> 0xA023
mem[X,0x80013EA6] -> 0x3040
[2004] [M]: 0x80013EA4 (0x3040A023) sw tp, 768(ra)
mem[0x8003A468] <- 0x00000003


mem[X,0x80013EA8] -> 0x6537
mem[X,0x80013EAA] -> 0x6666
[2005] [M]: 0x80013EA8 (0x66666537) lui a0, 419430
x10 <- 0x66666000


mem[X,0x80013EAC] -> 0x0513
mem[X,0x80013EAE] -> 0x6665
[2006] [M]: 0x80013EAC (0x66650513) addi a0, a0, 1638
x10 <- 0x66666666


mem[X,0x80013EB0] -> 0x0593
mem[X,0x80013EB2] -> 0x0050
[2007] [M]: 0x80013EB0 (0x00500593) addi a1, zero, 5
x11 <- 0x00000005


mem[X,0x80013EB4] -> 0x0213
mem[X,0x80013EB6] -> 0x0000
[2008] [M]: 0x80013EB4 (0x00000213) addi tp, zero, 0
x4 <- 0x00000000


mem[X,0x80013EB8] -> 0x006F
mem[X,0x80013EBA] -> 0x00C0
[2009] [M]: 0x80013EB8 (0x00C0006F) jal zero, 12


mem[X,0x80013EC4] -> 0x1663
mem[X,0x80013EC6] -> 0x00B5
[2010] [M]: 0x80013EC4 (0x00B51663) bne a0, a1, 12


mem[X,0x80013ED0] -> 0x0213
mem[X,0x80013ED2] -> 0x0032
[2011] [M]: 0x80013ED0 (0x00320213) addi tp, tp, 3
x4 <- 0x00000003


mem[X,0x80013ED4] -> 0x006F
mem[X,0x80013ED6] -> 0x0040
[2012] [M]: 0x80013ED4 (0x0040006F) jal zero, 4


mem[X,0x80013ED8] -> 0xA223
mem[X,0x80013EDA] -> 0x3040
[2013] [M]: 0x80013ED8 (0x3040A223) sw tp, 772(ra)
mem[0x8003A46C] <- 0x00000003


mem[X,0x80013EDC] -> 0x6537
mem[X,0x80013EDE] -> 0x6666
[2014] [M]: 0x80013EDC (0x66666537) lui a0, 419430
x10 <- 0x66666000


mem[X,0x80013EE0] -> 0x0513
mem[X,0x80013EE2] -> 0x6665
[2015] [M]: 0x80013EE0 (0x66650513) addi a0, a0, 1638
x10 <- 0x66666666


mem[X,0x80013EE4] -> 0x35B7
mem[X,0x80013EE6] -> 0x3333
[2016] [M]: 0x80013EE4 (0x333335B7) lui a1, 209715
x11 <- 0x33333000


mem[X,0x80013EE8] -> 0x8593
mem[X,0x80013EEA] -> 0x3335
[2017] [M]: 0x80013EE8 (0x33358593) addi a1, a1, 819
x11 <- 0x33333333


mem[X,0x80013EEC] -> 0x0213
mem[X,0x80013EEE] -> 0x0000
[2018] [M]: 0x80013EEC (0x00000213) addi tp, zero, 0
x4 <- 0x00000000


mem[X,0x80013EF0] -> 0x006F
mem[X,0x80013EF2] -> 0x0140
[2019] [M]: 0x80013EF0 (0x0140006F) jal zero, 20


mem[X,0x80013F04] -> 0x18E3
mem[X,0x80013F06] -> 0xFEB5
[2020] [M]: 0x80013F04 (0xFEB518E3) bne a0, a1, 8176


mem[X,0x80013EF4] -> 0x0213
mem[X,0x80013EF6] -> 0x0012
[2021] [M]: 0x80013EF4 (0x00120213) addi tp, tp, 1
x4 <- 0x00000001


mem[X,0x80013EF8] -> 0x006F
mem[X,0x80013EFA] -> 0x0200
[2022] [M]: 0x80013EF8 (0x0200006F) jal zero, 32


mem[X,0x80013F18] -> 0xA423
mem[X,0x80013F1A] -> 0x3040
[2023] [M]: 0x80013F18 (0x3040A423) sw tp, 776(ra)
mem[0x8003A470] <- 0x00000001


mem[X,0x80013F1C] -> 0x6537
mem[X,0x80013F1E] -> 0x6666
[2024] [M]: 0x80013F1C (0x66666537) lui a0, 419430
x10 <- 0x66666000


mem[X,0x80013F20] -> 0x0513
mem[X,0x80013F22] -> 0x6665
[2025] [M]: 0x80013F20 (0x66650513) addi a0, a0, 1638
x10 <- 0x66666666


mem[X,0x80013F24] -> 0x65B7
mem[X,0x80013F26] -> 0x6666
[2026] [M]: 0x80013F24 (0x666665B7) lui a1, 419430
x11 <- 0x66666000


mem[X,0x80013F28] -> 0x8593
mem[X,0x80013F2A] -> 0x6665
[2027] [M]: 0x80013F28 (0x66658593) addi a1, a1, 1638
x11 <- 0x66666666


mem[X,0x80013F2C] -> 0x0213
mem[X,0x80013F2E] -> 0x0000
[2028] [M]: 0x80013F2C (0x00000213) addi tp, zero, 0
x4 <- 0x00000000


mem[X,0x80013F30] -> 0x006F
mem[X,0x80013F32] -> 0x00C0
[2029] [M]: 0x80013F30 (0x00C0006F) jal zero, 12


mem[X,0x80013F3C] -> 0x1CE3
mem[X,0x80013F3E] -> 0xFEB5
[2030] [M]: 0x80013F3C (0xFEB51CE3) bne a0, a1, 8184


mem[X,0x80013F40] -> 0x0213
mem[X,0x80013F42] -> 0x0022
[2031] [M]: 0x80013F40 (0x00220213) addi tp, tp, 2
x4 <- 0x00000002


mem[X,0x80013F44] -> 0x006F
mem[X,0x80013F46] -> 0x00C0
[2032] [M]: 0x80013F44 (0x00C0006F) jal zero, 12


mem[X,0x80013F50] -> 0xA623
mem[X,0x80013F52] -> 0x3040
[2033] [M]: 0x80013F50 (0x3040A623) sw tp, 780(ra)
mem[0x8003A474] <- 0x00000002


mem[X,0x80013F54] -> 0x6537
mem[X,0x80013F56] -> 0x6666
[2034] [M]: 0x80013F54 (0x66666537) lui a0, 419430
x10 <- 0x66666000


mem[X,0x80013F58] -> 0x0513
mem[X,0x80013F5A] -> 0x6665
[2035] [M]: 0x80013F58 (0x66650513) addi a0, a0, 1638
x10 <- 0x66666666


mem[X,0x80013F5C] -> 0x55B7
mem[X,0x80013F5E] -> 0xFFFF
[2036] [M]: 0x80013F5C (0xFFFF55B7) lui a1, 1048565
x11 <- 0xFFFF5000


mem[X,0x80013F60] -> 0x8593
mem[X,0x80013F62] -> 0xAFC5
[2037] [M]: 0x80013F60 (0xAFC58593) addi a1, a1, 2812
x11 <- 0xFFFF4AFC


mem[X,0x80013F64] -> 0x0213
mem[X,0x80013F66] -> 0x0000
[2038] [M]: 0x80013F64 (0x00000213) addi tp, zero, 0
x4 <- 0x00000000


mem[X,0x80013F68] -> 0x006F
mem[X,0x80013F6A] -> 0x0050
[2039] [M]: 0x80013F68 (0x0050006F) jal zero, 2052


mem[X,0x8001476C] -> 0x10E3
mem[X,0x8001476E] -> 0x80B5
[2040] [M]: 0x8001476C (0x80B510E3) bne a0, a1, 6144


mem[X,0x80013F6C] -> 0x0213
mem[X,0x80013F6E] -> 0x0012
[2041] [M]: 0x80013F6C (0x00120213) addi tp, tp, 1
x4 <- 0x00000001


mem[X,0x80013F70] -> 0x006F
mem[X,0x80013F72] -> 0x0110
[2042] [M]: 0x80013F70 (0x0110006F) jal zero, 2064


mem[X,0x80014780] -> 0xA823
mem[X,0x80014782] -> 0x3040
[2043] [M]: 0x80014780 (0x3040A823) sw tp, 784(ra)
mem[0x8003A478] <- 0x00000001


mem[X,0x80014784] -> 0x6537
mem[X,0x80014786] -> 0x6666
[2044] [M]: 0x80014784 (0x66666537) lui a0, 419430
x10 <- 0x66666000


mem[X,0x80014788] -> 0x0513
mem[X,0x8001478A] -> 0x6665
[2045] [M]: 0x80014788 (0x66650513) addi a0, a0, 1638
x10 <- 0x66666666


mem[X,0x8001478C] -> 0xB5B7
mem[X,0x8001478E] -> 0x0000
[2046] [M]: 0x8001478C (0x0000B5B7) lui a1, 11
x11 <- 0x0000B000


mem[X,0x80014790] -> 0x8593
mem[X,0x80014792] -> 0x5045
[2047] [M]: 0x80014790 (0x50458593) addi a1, a1, 1284
x11 <- 0x0000B504


mem[X,0x80014794] -> 0x0213
mem[X,0x80014796] -> 0x0000
[2048] [M]: 0x80014794 (0x00000213) addi tp, zero, 0
x4 <- 0x00000000


mem[X,0x80014798] -> 0x006F
mem[X,0x8001479A] -> 0x0180
[2049] [M]: 0x80014798 (0x0180006F) jal zero, 24


mem[X,0x800147B0] -> 0x16E3
mem[X,0x800147B2] -> 0xFEB5
[2050] [M]: 0x800147B0 (0xFEB516E3) bne a0, a1, 8172


mem[X,0x8001479C] -> 0x0213
mem[X,0x8001479E] -> 0x0012
[2051] [M]: 0x8001479C (0x00120213) addi tp, tp, 1
x4 <- 0x00000001


mem[X,0x800147A0] -> 0x006F
mem[X,0x800147A2] -> 0x0240
[2052] [M]: 0x800147A0 (0x0240006F) jal zero, 36


mem[X,0x800147C4] -> 0xAA23
mem[X,0x800147C6] -> 0x3040
[2053] [M]: 0x800147C4 (0x3040AA23) sw tp, 788(ra)
mem[0x8003A47C] <- 0x00000001


mem[X,0x800147C8] -> 0x6537
mem[X,0x800147CA] -> 0x6666
[2054] [M]: 0x800147C8 (0x66666537) lui a0, 419430
x10 <- 0x66666000


mem[X,0x800147CC] -> 0x0513
mem[X,0x800147CE] -> 0x6665
[2055] [M]: 0x800147CC (0x66650513) addi a0, a0, 1638
x10 <- 0x66666666


mem[X,0x800147D0] -> 0x0593
mem[X,0x800147D2] -> 0x0020
[2056] [M]: 0x800147D0 (0x00200593) addi a1, zero, 2
x11 <- 0x00000002


mem[X,0x800147D4] -> 0x0213
mem[X,0x800147D6] -> 0x0000
[2057] [M]: 0x800147D4 (0x00000213) addi tp, zero, 0
x4 <- 0x00000000


mem[X,0x800147D8] -> 0x006F
mem[X,0x800147DA] -> 0x2B10
[2058] [M]: 0x800147D8 (0x2B10006F) jal zero, 2736


mem[X,0x80015288] -> 0x1A63
mem[X,0x8001528A] -> 0xD4B5
[2059] [M]: 0x80015288 (0xD4B51A63) bne a0, a1, 5460


mem[X,0x800147DC] -> 0x0213
mem[X,0x800147DE] -> 0x0012
[2060] [M]: 0x800147DC (0x00120213) addi tp, tp, 1
x4 <- 0x00000001


mem[X,0x800147E0] -> 0x006F
mem[X,0x800147E2] -> 0x2BD0
[2061] [M]: 0x800147E0 (0x2BD0006F) jal zero, 2748


mem[X,0x8001529C] -> 0xAC23
mem[X,0x8001529E] -> 0x3040
[2062] [M]: 0x8001529C (0x3040AC23) sw tp, 792(ra)
mem[0x8003A480] <- 0x00000001


mem[X,0x800152A0] -> 0x6537
mem[X,0x800152A2] -> 0x6666
[2063] [M]: 0x800152A0 (0x66666537) lui a0, 419430
x10 <- 0x66666000


mem[X,0x800152A4] -> 0x0513
mem[X,0x800152A6] -> 0x6665
[2064] [M]: 0x800152A4 (0x66650513) addi a0, a0, 1638
x10 <- 0x66666666


mem[X,0x800152A8] -> 0x55B7
mem[X,0x800152AA] -> 0x5555
[2065] [M]: 0x800152A8 (0x555555B7) lui a1, 349525
x11 <- 0x55555000


mem[X,0x800152AC] -> 0x8593
mem[X,0x800152AE] -> 0x5545
[2066] [M]: 0x800152AC (0x55458593) addi a1, a1, 1364
x11 <- 0x55555554


mem[X,0x800152B0] -> 0x0213
mem[X,0x800152B2] -> 0x0000
[2067] [M]: 0x800152B0 (0x00000213) addi tp, zero, 0
x4 <- 0x00000000


mem[X,0x800152B4] -> 0x006F
mem[X,0x800152B6] -> 0x00C0
[2068] [M]: 0x800152B4 (0x00C0006F) jal zero, 12


mem[X,0x800152C0] -> 0x1663
mem[X,0x800152C2] -> 0x00B5
[2069] [M]: 0x800152C0 (0x00B51663) bne a0, a1, 12


mem[X,0x800152CC] -> 0x0213
mem[X,0x800152CE] -> 0x0032
[2070] [M]: 0x800152CC (0x00320213) addi tp, tp, 3
x4 <- 0x00000003


mem[X,0x800152D0] -> 0x006F
mem[X,0x800152D2] -> 0x0040
[2071] [M]: 0x800152D0 (0x0040006F) jal zero, 4


mem[X,0x800152D4] -> 0xAE23
mem[X,0x800152D6] -> 0x3040
[2072] [M]: 0x800152D4 (0x3040AE23) sw tp, 796(ra)
mem[0x8003A484] <- 0x00000003


mem[X,0x800152D8] -> 0x6537
mem[X,0x800152DA] -> 0x6666
[2073] [M]: 0x800152D8 (0x66666537) lui a0, 419430
x10 <- 0x66666000


mem[X,0x800152DC] -> 0x0513
mem[X,0x800152DE] -> 0x6665
[2074] [M]: 0x800152DC (0x66650513) addi a0, a0, 1638
x10 <- 0x66666666


mem[X,0x800152E0] -> 0x0593
mem[X,0x800152E2] -> 0x0000
[2075] [M]: 0x800152E0 (0x00000593) addi a1, zero, 0
x11 <- 0x00000000


mem[X,0x800152E4] -> 0x0213
mem[X,0x800152E6] -> 0x0000
[2076] [M]: 0x800152E4 (0x00000213) addi tp, zero, 0
x4 <- 0x00000000


mem[X,0x800152E8] -> 0x006F
mem[X,0x800152EA] -> 0x00C0
[2077] [M]: 0x800152E8 (0x00C0006F) jal zero, 12


mem[X,0x800152F4] -> 0x1663
mem[X,0x800152F6] -> 0x00B5
[2078] [M]: 0x800152F4 (0x00B51663) bne a0, a1, 12


mem[X,0x80015300] -> 0x0213
mem[X,0x80015302] -> 0x0032
[2079] [M]: 0x80015300 (0x00320213) addi tp, tp, 3
x4 <- 0x00000003


mem[X,0x80015304] -> 0x006F
mem[X,0x80015306] -> 0x0040
[2080] [M]: 0x80015304 (0x0040006F) jal zero, 4


mem[X,0x80015308] -> 0xA023
mem[X,0x8001530A] -> 0x3240
[2081] [M]: 0x80015308 (0x3240A023) sw tp, 800(ra)
mem[0x8003A488] <- 0x00000003


mem[X,0x8001530C] -> 0x6537
mem[X,0x8001530E] -> 0x6666
[2082] [M]: 0x8001530C (0x66666537) lui a0, 419430
x10 <- 0x66666000


mem[X,0x80015310] -> 0x0513
mem[X,0x80015312] -> 0x6665
[2083] [M]: 0x80015310 (0x66650513) addi a0, a0, 1638
x10 <- 0x66666666


mem[X,0x80015314] -> 0x35B7
mem[X,0x80015316] -> 0x3333
[2084] [M]: 0x80015314 (0x333335B7) lui a1, 209715
x11 <- 0x33333000


mem[X,0x80015318] -> 0x8593
mem[X,0x8001531A] -> 0x3325
[2085] [M]: 0x80015318 (0x33258593) addi a1, a1, 818
x11 <- 0x33333332


mem[X,0x8001531C] -> 0x0213
mem[X,0x8001531E] -> 0x0000
[2086] [M]: 0x8001531C (0x00000213) addi tp, zero, 0
x4 <- 0x00000000


mem[X,0x80015320] -> 0x006F
mem[X,0x80015322] -> 0x00C0
[2087] [M]: 0x80015320 (0x00C0006F) jal zero, 12


mem[X,0x8001532C] -> 0x1CE3
mem[X,0x8001532E] -> 0xFEB5
[2088] [M]: 0x8001532C (0xFEB51CE3) bne a0, a1, 8184


mem[X,0x80015324] -> 0x0213
mem[X,0x80015326] -> 0x0012
[2089] [M]: 0x80015324 (0x00120213) addi tp, tp, 1
x4 <- 0x00000001


mem[X,0x80015328] -> 0x006F
mem[X,0x8001532A] -> 0x0180
[2090] [M]: 0x80015328 (0x0180006F) jal zero, 24


mem[X,0x80015340] -> 0xA223
mem[X,0x80015342] -> 0x3240
[2091] [M]: 0x80015340 (0x3240A223) sw tp, 804(ra)
mem[0x8003A48C] <- 0x00000001


mem[X,0x80015344] -> 0x6537
mem[X,0x80015346] -> 0x6666
[2092] [M]: 0x80015344 (0x66666537) lui a0, 419430
x10 <- 0x66666000


mem[X,0x80015348] -> 0x0513
mem[X,0x8001534A] -> 0x6665
[2093] [M]: 0x80015348 (0x66650513) addi a0, a0, 1638
x10 <- 0x66666666


mem[X,0x8001534C] -> 0x65B7
mem[X,0x8001534E] -> 0x6666
[2094] [M]: 0x8001534C (0x666665B7) lui a1, 419430
x11 <- 0x66666000


mem[X,0x80015350] -> 0x8593
mem[X,0x80015352] -> 0x6655
[2095] [M]: 0x80015350 (0x66558593) addi a1, a1, 1637
x11 <- 0x66666665


mem[X,0x80015354] -> 0x0213
mem[X,0x80015356] -> 0x0000
[2096] [M]: 0x80015354 (0x00000213) addi tp, zero, 0
x4 <- 0x00000000


mem[X,0x80015358] -> 0x006F
mem[X,0x8001535A] -> 0x00C0
[2097] [M]: 0x80015358 (0x00C0006F) jal zero, 12


mem[X,0x80015364] -> 0x1663
mem[X,0x80015366] -> 0x00B5
[2098] [M]: 0x80015364 (0x00B51663) bne a0, a1, 12


mem[X,0x80015370] -> 0x0213
mem[X,0x80015372] -> 0x0032
[2099] [M]: 0x80015370 (0x00320213) addi tp, tp, 3
x4 <- 0x00000003


clint::tick mtime <- 0x0000000000000015
 clint timer pending at mtime 0x0000000000000015
htif::tick 0x0000000000000000
mem[X,0x80015374] -> 0x006F
mem[X,0x80015376] -> 0x0040
[2100] [M]: 0x80015374 (0x0040006F) jal zero, 4


mem[X,0x80015378] -> 0xA423
mem[X,0x8001537A] -> 0x3240
[2101] [M]: 0x80015378 (0x3240A423) sw tp, 808(ra)
mem[0x8003A490] <- 0x00000003


mem[X,0x8001537C] -> 0x6537
mem[X,0x8001537E] -> 0x6666
[2102] [M]: 0x8001537C (0x66666537) lui a0, 419430
x10 <- 0x66666000


mem[X,0x80015380] -> 0x0513
mem[X,0x80015382] -> 0x6665
[2103] [M]: 0x80015380 (0x66650513) addi a0, a0, 1638
x10 <- 0x66666666


mem[X,0x80015384] -> 0xB5B7
mem[X,0x80015386] -> 0x0000
[2104] [M]: 0x80015384 (0x0000B5B7) lui a1, 11
x11 <- 0x0000B000


mem[X,0x80015388] -> 0x8593
mem[X,0x8001538A] -> 0x5035
[2105] [M]: 0x80015388 (0x50358593) addi a1, a1, 1283
x11 <- 0x0000B503


mem[X,0x8001538C] -> 0x0213
mem[X,0x8001538E] -> 0x0000
[2106] [M]: 0x8001538C (0x00000213) addi tp, zero, 0
x4 <- 0x00000000


mem[X,0x80015390] -> 0x006F
mem[X,0x80015392] -> 0x00C0
[2107] [M]: 0x80015390 (0x00C0006F) jal zero, 12


mem[X,0x8001539C] -> 0x1063
mem[X,0x8001539E] -> 0x08B5
[2108] [M]: 0x8001539C (0x08B51063) bne a0, a1, 128


mem[X,0x8001541C] -> 0x0213
mem[X,0x8001541E] -> 0x0032
[2109] [M]: 0x8001541C (0x00320213) addi tp, tp, 3
x4 <- 0x00000003


mem[X,0x80015420] -> 0x006F
mem[X,0x80015422] -> 0x0040
[2110] [M]: 0x80015420 (0x0040006F) jal zero, 4


mem[X,0x80015424] -> 0xA623
mem[X,0x80015426] -> 0x3240
[2111] [M]: 0x80015424 (0x3240A623) sw tp, 812(ra)
mem[0x8003A494] <- 0x00000003


mem[X,0x80015428] -> 0x6537
mem[X,0x8001542A] -> 0x6666
[2112] [M]: 0x80015428 (0x66666537) lui a0, 419430
x10 <- 0x66666000


mem[X,0x8001542C] -> 0x0513
mem[X,0x8001542E] -> 0x6665
[2113] [M]: 0x8001542C (0x66650513) addi a0, a0, 1638
x10 <- 0x66666666


mem[X,0x80015430] -> 0x55B7
mem[X,0x80015432] -> 0x5555
[2114] [M]: 0x80015430 (0x555555B7) lui a1, 349525
x11 <- 0x55555000


mem[X,0x80015434] -> 0x8593
mem[X,0x80015436] -> 0x5565
[2115] [M]: 0x80015434 (0x55658593) addi a1, a1, 1366
x11 <- 0x55555556


mem[X,0x80015438] -> 0x0213
mem[X,0x8001543A] -> 0x0000
[2116] [M]: 0x80015438 (0x00000213) addi tp, zero, 0
x4 <- 0x00000000


mem[X,0x8001543C] -> 0x006F
mem[X,0x8001543E] -> 0x00C0
[2117] [M]: 0x8001543C (0x00C0006F) jal zero, 12


mem[X,0x80015448] -> 0x1063
mem[X,0x8001544A] -> 0x02B5
[2118] [M]: 0x80015448 (0x02B51063) bne a0, a1, 32


mem[X,0x80015468] -> 0x0213
mem[X,0x8001546A] -> 0x0032
[2119] [M]: 0x80015468 (0x00320213) addi tp, tp, 3
x4 <- 0x00000003


mem[X,0x8001546C] -> 0x006F
mem[X,0x8001546E] -> 0x0040
[2120] [M]: 0x8001546C (0x0040006F) jal zero, 4


mem[X,0x80015470] -> 0xA823
mem[X,0x80015472] -> 0x3240
[2121] [M]: 0x80015470 (0x3240A823) sw tp, 816(ra)
mem[0x8003A498] <- 0x00000003


mem[X,0x80015474] -> 0x6537
mem[X,0x80015476] -> 0x6666
[2122] [M]: 0x80015474 (0x66666537) lui a0, 419430
x10 <- 0x66666000


mem[X,0x80015478] -> 0x0513
mem[X,0x8001547A] -> 0x6665
[2123] [M]: 0x80015478 (0x66650513) addi a0, a0, 1638
x10 <- 0x66666666


mem[X,0x8001547C] -> 0xB5B7
mem[X,0x8001547E] -> 0xAAAA
[2124] [M]: 0x8001547C (0xAAAAB5B7) lui a1, 699051
x11 <- 0xAAAAB000


mem[X,0x80015480] -> 0x8593
mem[X,0x80015482] -> 0xAAB5
[2125] [M]: 0x80015480 (0xAAB58593) addi a1, a1, 2731
x11 <- 0xAAAAAAAB


mem[X,0x80015484] -> 0x0213
mem[X,0x80015486] -> 0x0000
[2126] [M]: 0x80015484 (0x00000213) addi tp, zero, 0
x4 <- 0x00000000


mem[X,0x80015488] -> 0x006F
mem[X,0x8001548A] -> 0x0050
[2127] [M]: 0x80015488 (0x0050006F) jal zero, 2052


mem[X,0x80015C8C] -> 0x10E3
mem[X,0x80015C8E] -> 0x80B5
[2128] [M]: 0x80015C8C (0x80B510E3) bne a0, a1, 6144


mem[X,0x8001548C] -> 0x0213
mem[X,0x8001548E] -> 0x0012
[2129] [M]: 0x8001548C (0x00120213) addi tp, tp, 1
x4 <- 0x00000001


mem[X,0x80015490] -> 0x006F
mem[X,0x80015492] -> 0x0110
[2130] [M]: 0x80015490 (0x0110006F) jal zero, 2064


mem[X,0x80015CA0] -> 0xAA23
mem[X,0x80015CA2] -> 0x3240
[2131] [M]: 0x80015CA0 (0x3240AA23) sw tp, 820(ra)
mem[0x8003A49C] <- 0x00000001


mem[X,0x80015CA4] -> 0x6537
mem[X,0x80015CA6] -> 0x6666
[2132] [M]: 0x80015CA4 (0x66666537) lui a0, 419430
x10 <- 0x66666000


mem[X,0x80015CA8] -> 0x0513
mem[X,0x80015CAA] -> 0x6665
[2133] [M]: 0x80015CA8 (0x66650513) addi a0, a0, 1638
x10 <- 0x66666666


mem[X,0x80015CAC] -> 0x0593
mem[X,0x80015CAE] -> 0x0060
[2134] [M]: 0x80015CAC (0x00600593) addi a1, zero, 6
x11 <- 0x00000006


mem[X,0x80015CB0] -> 0x0213
mem[X,0x80015CB2] -> 0x0000
[2135] [M]: 0x80015CB0 (0x00000213) addi tp, zero, 0
x4 <- 0x00000000


mem[X,0x80015CB4] -> 0x006F
mem[X,0x80015CB6] -> 0x00C0
[2136] [M]: 0x80015CB4 (0x00C0006F) jal zero, 12


mem[X,0x80015CC0] -> 0x1663
mem[X,0x80015CC2] -> 0x00B5
[2137] [M]: 0x80015CC0 (0x00B51663) bne a0, a1, 12


mem[X,0x80015CCC] -> 0x0213
mem[X,0x80015CCE] -> 0x0032
[2138] [M]: 0x80015CCC (0x00320213) addi tp, tp, 3
x4 <- 0x00000003


mem[X,0x80015CD0] -> 0x006F
mem[X,0x80015CD2] -> 0x0040
[2139] [M]: 0x80015CD0 (0x0040006F) jal zero, 4


mem[X,0x80015CD4] -> 0xAC23
mem[X,0x80015CD6] -> 0x3240
[2140] [M]: 0x80015CD4 (0x3240AC23) sw tp, 824(ra)
mem[0x8003A4A0] <- 0x00000003


mem[X,0x80015CD8] -> 0x6537
mem[X,0x80015CDA] -> 0x6666
[2141] [M]: 0x80015CD8 (0x66666537) lui a0, 419430
x10 <- 0x66666000


mem[X,0x80015CDC] -> 0x0513
mem[X,0x80015CDE] -> 0x6665
[2142] [M]: 0x80015CDC (0x66650513) addi a0, a0, 1638
x10 <- 0x66666666


mem[X,0x80015CE0] -> 0x35B7
mem[X,0x80015CE2] -> 0x3333
[2143] [M]: 0x80015CE0 (0x333335B7) lui a1, 209715
x11 <- 0x33333000


mem[X,0x80015CE4] -> 0x8593
mem[X,0x80015CE6] -> 0x3345
[2144] [M]: 0x80015CE4 (0x33458593) addi a1, a1, 820
x11 <- 0x33333334


mem[X,0x80015CE8] -> 0x0213
mem[X,0x80015CEA] -> 0x0000
[2145] [M]: 0x80015CE8 (0x00000213) addi tp, zero, 0
x4 <- 0x00000000


mem[X,0x80015CEC] -> 0x006F
mem[X,0x80015CEE] -> 0x0140
[2146] [M]: 0x80015CEC (0x0140006F) jal zero, 20


mem[X,0x80015D00] -> 0x18E3
mem[X,0x80015D02] -> 0xFEB5
[2147] [M]: 0x80015D00 (0xFEB518E3) bne a0, a1, 8176


mem[X,0x80015CF0] -> 0x0213
mem[X,0x80015CF2] -> 0x0012
[2148] [M]: 0x80015CF0 (0x00120213) addi tp, tp, 1
x4 <- 0x00000001


mem[X,0x80015CF4] -> 0x006F
mem[X,0x80015CF6] -> 0x0200
[2149] [M]: 0x80015CF4 (0x0200006F) jal zero, 32


mem[X,0x80015D14] -> 0xAE23
mem[X,0x80015D16] -> 0x3240
[2150] [M]: 0x80015D14 (0x3240AE23) sw tp, 828(ra)
mem[0x8003A4A4] <- 0x00000001


mem[X,0x80015D18] -> 0x6537
mem[X,0x80015D1A] -> 0x6666
[2151] [M]: 0x80015D18 (0x66666537) lui a0, 419430
x10 <- 0x66666000


mem[X,0x80015D1C] -> 0x0513
mem[X,0x80015D1E] -> 0x6665
[2152] [M]: 0x80015D1C (0x66650513) addi a0, a0, 1638
x10 <- 0x66666666


mem[X,0x80015D20] -> 0x65B7
mem[X,0x80015D22] -> 0x6666
[2153] [M]: 0x80015D20 (0x666665B7) lui a1, 419430
x11 <- 0x66666000


mem[X,0x80015D24] -> 0x8593
mem[X,0x80015D26] -> 0x6675
[2154] [M]: 0x80015D24 (0x66758593) addi a1, a1, 1639
x11 <- 0x66666667


mem[X,0x80015D28] -> 0x0213
mem[X,0x80015D2A] -> 0x0000
[2155] [M]: 0x80015D28 (0x00000213) addi tp, zero, 0
x4 <- 0x00000000


mem[X,0x80015D2C] -> 0x006F
mem[X,0x80015D2E] -> 0x00C0
[2156] [M]: 0x80015D2C (0x00C0006F) jal zero, 12


mem[X,0x80015D38] -> 0x1063
mem[X,0x80015D3A] -> 0x40B5
[2157] [M]: 0x80015D38 (0x40B51063) bne a0, a1, 1024


mem[X,0x80016138] -> 0x0213
mem[X,0x8001613A] -> 0x0032
[2158] [M]: 0x80016138 (0x00320213) addi tp, tp, 3
x4 <- 0x00000003


mem[X,0x8001613C] -> 0x006F
mem[X,0x8001613E] -> 0x0040
[2159] [M]: 0x8001613C (0x0040006F) jal zero, 4


mem[X,0x80016140] -> 0xA023
mem[X,0x80016142] -> 0x3440
[2160] [M]: 0x80016140 (0x3440A023) sw tp, 832(ra)
mem[0x8003A4A8] <- 0x00000003


mem[X,0x80016144] -> 0x6537
mem[X,0x80016146] -> 0x6666
[2161] [M]: 0x80016144 (0x66666537) lui a0, 419430
x10 <- 0x66666000


mem[X,0x80016148] -> 0x0513
mem[X,0x8001614A] -> 0x6665
[2162] [M]: 0x80016148 (0x66650513) addi a0, a0, 1638
x10 <- 0x66666666


mem[X,0x8001614C] -> 0x55B7
mem[X,0x8001614E] -> 0xFFFF
[2163] [M]: 0x8001614C (0xFFFF55B7) lui a1, 1048565
x11 <- 0xFFFF5000


mem[X,0x80016150] -> 0x8593
mem[X,0x80016152] -> 0xAFD5
[2164] [M]: 0x80016150 (0xAFD58593) addi a1, a1, 2813
x11 <- 0xFFFF4AFD


mem[X,0x80016154] -> 0x0213
mem[X,0x80016156] -> 0x0000
[2165] [M]: 0x80016154 (0x00000213) addi tp, zero, 0
x4 <- 0x00000000


mem[X,0x80016158] -> 0x006F
mem[X,0x8001615A] -> 0x00C0
[2166] [M]: 0x80016158 (0x00C0006F) jal zero, 12


mem[X,0x80016164] -> 0x1063
mem[X,0x80016166] -> 0x04B5
[2167] [M]: 0x80016164 (0x04B51063) bne a0, a1, 64


mem[X,0x800161A4] -> 0x0213
mem[X,0x800161A6] -> 0x0032
[2168] [M]: 0x800161A4 (0x00320213) addi tp, tp, 3
x4 <- 0x00000003


mem[X,0x800161A8] -> 0x006F
mem[X,0x800161AA] -> 0x0040
[2169] [M]: 0x800161A8 (0x0040006F) jal zero, 4


mem[X,0x800161AC] -> 0xA223
mem[X,0x800161AE] -> 0x3440
[2170] [M]: 0x800161AC (0x3440A223) sw tp, 836(ra)
mem[0x8003A4AC] <- 0x00000003


mem[X,0x800161B0] -> 0x6537
mem[X,0x800161B2] -> 0x6666
[2171] [M]: 0x800161B0 (0x66666537) lui a0, 419430
x10 <- 0x66666000


mem[X,0x800161B4] -> 0x0513
mem[X,0x800161B6] -> 0x6665
[2172] [M]: 0x800161B4 (0x66650513) addi a0, a0, 1638
x10 <- 0x66666666


mem[X,0x800161B8] -> 0xB5B7
mem[X,0x800161BA] -> 0x0000
[2173] [M]: 0x800161B8 (0x0000B5B7) lui a1, 11
x11 <- 0x0000B000


mem[X,0x800161BC] -> 0x8593
mem[X,0x800161BE] -> 0x5055
[2174] [M]: 0x800161BC (0x50558593) addi a1, a1, 1285
x11 <- 0x0000B505


mem[X,0x800161C0] -> 0x0213
mem[X,0x800161C2] -> 0x0000
[2175] [M]: 0x800161C0 (0x00000213) addi tp, zero, 0
x4 <- 0x00000000


mem[X,0x800161C4] -> 0x006F
mem[X,0x800161C6] -> 0x00C0
[2176] [M]: 0x800161C4 (0x00C0006F) jal zero, 12


mem[X,0x800161D0] -> 0x1063
mem[X,0x800161D2] -> 0x08B5
[2177] [M]: 0x800161D0 (0x08B51063) bne a0, a1, 128


mem[X,0x80016250] -> 0x0213
mem[X,0x80016252] -> 0x0032
[2178] [M]: 0x80016250 (0x00320213) addi tp, tp, 3
x4 <- 0x00000003


mem[X,0x80016254] -> 0x006F
mem[X,0x80016256] -> 0x0040
[2179] [M]: 0x80016254 (0x0040006F) jal zero, 4


mem[X,0x80016258] -> 0xA423
mem[X,0x8001625A] -> 0x3440
[2180] [M]: 0x80016258 (0x3440A423) sw tp, 840(ra)
mem[0x8003A4B0] <- 0x00000003


mem[X,0x8001625C] -> 0x5537
mem[X,0x8001625E] -> 0xFFFF
[2181] [M]: 0x8001625C (0xFFFF5537) lui a0, 1048565
x10 <- 0xFFFF5000


mem[X,0x80016260] -> 0x0513
mem[X,0x80016262] -> 0xAFC5
[2182] [M]: 0x80016260 (0xAFC50513) addi a0, a0, 2812
x10 <- 0xFFFF4AFC


mem[X,0x80016264] -> 0x0593
mem[X,0x80016266] -> 0x0030
[2183] [M]: 0x80016264 (0x00300593) addi a1, zero, 3
x11 <- 0x00000003


mem[X,0x80016268] -> 0x0213
mem[X,0x8001626A] -> 0x0000
[2184] [M]: 0x80016268 (0x00000213) addi tp, zero, 0
x4 <- 0x00000000


mem[X,0x8001626C] -> 0x006F
mem[X,0x8001626E] -> 0x00C0
[2185] [M]: 0x8001626C (0x00C0006F) jal zero, 12


mem[X,0x80016278] -> 0x1063
mem[X,0x8001627A] -> 0x40B5
[2186] [M]: 0x80016278 (0x40B51063) bne a0, a1, 1024


mem[X,0x80016678] -> 0x0213
mem[X,0x8001667A] -> 0x0032
[2187] [M]: 0x80016678 (0x00320213) addi tp, tp, 3
x4 <- 0x00000003


mem[X,0x8001667C] -> 0x006F
mem[X,0x8001667E] -> 0x0040
[2188] [M]: 0x8001667C (0x0040006F) jal zero, 4


mem[X,0x80016680] -> 0xA623
mem[X,0x80016682] -> 0x3440
[2189] [M]: 0x80016680 (0x3440A623) sw tp, 844(ra)
mem[0x8003A4B4] <- 0x00000003


mem[X,0x80016684] -> 0x5537
mem[X,0x80016686] -> 0xFFFF
[2190] [M]: 0x80016684 (0xFFFF5537) lui a0, 1048565
x10 <- 0xFFFF5000


mem[X,0x80016688] -> 0x0513
mem[X,0x8001668A] -> 0xAFC5
[2191] [M]: 0x80016688 (0xAFC50513) addi a0, a0, 2812
x10 <- 0xFFFF4AFC


mem[X,0x8001668C] -> 0x55B7
mem[X,0x8001668E] -> 0x5555
[2192] [M]: 0x8001668C (0x555555B7) lui a1, 349525
x11 <- 0x55555000


mem[X,0x80016690] -> 0x8593
mem[X,0x80016692] -> 0x5555
[2193] [M]: 0x80016690 (0x55558593) addi a1, a1, 1365
x11 <- 0x55555555


mem[X,0x80016694] -> 0x0213
mem[X,0x80016696] -> 0x0000
[2194] [M]: 0x80016694 (0x00000213) addi tp, zero, 0
x4 <- 0x00000000


mem[X,0x80016698] -> 0x006F
mem[X,0x8001669A] -> 0x00C0
[2195] [M]: 0x80016698 (0x00C0006F) jal zero, 12


mem[X,0x800166A4] -> 0x1663
mem[X,0x800166A6] -> 0x00B5
[2196] [M]: 0x800166A4 (0x00B51663) bne a0, a1, 12


mem[X,0x800166B0] -> 0x0213
mem[X,0x800166B2] -> 0x0032
[2197] [M]: 0x800166B0 (0x00320213) addi tp, tp, 3
x4 <- 0x00000003


mem[X,0x800166B4] -> 0x006F
mem[X,0x800166B6] -> 0x0040
[2198] [M]: 0x800166B4 (0x0040006F) jal zero, 4


mem[X,0x800166B8] -> 0xA823
mem[X,0x800166BA] -> 0x3440
[2199] [M]: 0x800166B8 (0x3440A823) sw tp, 848(ra)
mem[0x8003A4B8] <- 0x00000003


clint::tick mtime <- 0x0000000000000016
 clint timer pending at mtime 0x0000000000000016
htif::tick 0x0000000000000000
mem[X,0x800166BC] -> 0x5537
mem[X,0x800166BE] -> 0xFFFF
[2200] [M]: 0x800166BC (0xFFFF5537) lui a0, 1048565
x10 <- 0xFFFF5000


mem[X,0x800166C0] -> 0x0513
mem[X,0x800166C2] -> 0xAFC5
[2201] [M]: 0x800166C0 (0xAFC50513) addi a0, a0, 2812
x10 <- 0xFFFF4AFC


mem[X,0x800166C4] -> 0xB5B7
mem[X,0x800166C6] -> 0xAAAA
[2202] [M]: 0x800166C4 (0xAAAAB5B7) lui a1, 699051
x11 <- 0xAAAAB000


mem[X,0x800166C8] -> 0x8593
mem[X,0x800166CA] -> 0xAAA5
[2203] [M]: 0x800166C8 (0xAAA58593) addi a1, a1, 2730
x11 <- 0xAAAAAAAA


mem[X,0x800166CC] -> 0x0213
mem[X,0x800166CE] -> 0x0000
[2204] [M]: 0x800166CC (0x00000213) addi tp, zero, 0
x4 <- 0x00000000


mem[X,0x800166D0] -> 0x006F
mem[X,0x800166D2] -> 0x00C0
[2205] [M]: 0x800166D0 (0x00C0006F) jal zero, 12


mem[X,0x800166DC] -> 0x1063
mem[X,0x800166DE] -> 0x10B5
[2206] [M]: 0x800166DC (0x10B51063) bne a0, a1, 256


mem[X,0x800167DC] -> 0x0213
mem[X,0x800167DE] -> 0x0032
[2207] [M]: 0x800167DC (0x00320213) addi tp, tp, 3
x4 <- 0x00000003


mem[X,0x800167E0] -> 0x006F
mem[X,0x800167E2] -> 0x0040
[2208] [M]: 0x800167E0 (0x0040006F) jal zero, 4


mem[X,0x800167E4] -> 0xAA23
mem[X,0x800167E6] -> 0x3440
[2209] [M]: 0x800167E4 (0x3440AA23) sw tp, 852(ra)
mem[0x8003A4BC] <- 0x00000003


mem[X,0x800167E8] -> 0x5537
mem[X,0x800167EA] -> 0xFFFF
[2210] [M]: 0x800167E8 (0xFFFF5537) lui a0, 1048565
x10 <- 0xFFFF5000


mem[X,0x800167EC] -> 0x0513
mem[X,0x800167EE] -> 0xAFC5
[2211] [M]: 0x800167EC (0xAFC50513) addi a0, a0, 2812
x10 <- 0xFFFF4AFC


mem[X,0x800167F0] -> 0x0593
mem[X,0x800167F2] -> 0x0050
[2212] [M]: 0x800167F0 (0x00500593) addi a1, zero, 5
x11 <- 0x00000005


mem[X,0x800167F4] -> 0x0213
mem[X,0x800167F6] -> 0x0000
[2213] [M]: 0x800167F4 (0x00000213) addi tp, zero, 0
x4 <- 0x00000000


mem[X,0x800167F8] -> 0x006F
mem[X,0x800167FA] -> 0x00C0
[2214] [M]: 0x800167F8 (0x00C0006F) jal zero, 12


mem[X,0x80016804] -> 0x1663
mem[X,0x80016806] -> 0x00B5
[2215] [M]: 0x80016804 (0x00B51663) bne a0, a1, 12


mem[X,0x80016810] -> 0x0213
mem[X,0x80016812] -> 0x0032
[2216] [M]: 0x80016810 (0x00320213) addi tp, tp, 3
x4 <- 0x00000003


mem[X,0x80016814] -> 0x006F
mem[X,0x80016816] -> 0x0040
[2217] [M]: 0x80016814 (0x0040006F) jal zero, 4


mem[X,0x80016818] -> 0xAC23
mem[X,0x8001681A] -> 0x3440
[2218] [M]: 0x80016818 (0x3440AC23) sw tp, 856(ra)
mem[0x8003A4C0] <- 0x00000003


mem[X,0x8001681C] -> 0x5537
mem[X,0x8001681E] -> 0xFFFF
[2219] [M]: 0x8001681C (0xFFFF5537) lui a0, 1048565
x10 <- 0xFFFF5000


mem[X,0x80016820] -> 0x0513
mem[X,0x80016822] -> 0xAFC5
[2220] [M]: 0x80016820 (0xAFC50513) addi a0, a0, 2812
x10 <- 0xFFFF4AFC


mem[X,0x80016824] -> 0x35B7
mem[X,0x80016826] -> 0x3333
[2221] [M]: 0x80016824 (0x333335B7) lui a1, 209715
x11 <- 0x33333000


mem[X,0x80016828] -> 0x8593
mem[X,0x8001682A] -> 0x3335
[2222] [M]: 0x80016828 (0x33358593) addi a1, a1, 819
x11 <- 0x33333333


mem[X,0x8001682C] -> 0x0213
mem[X,0x8001682E] -> 0x0000
[2223] [M]: 0x8001682C (0x00000213) addi tp, zero, 0
x4 <- 0x00000000


mem[X,0x80016830] -> 0x006F
mem[X,0x80016832] -> 0x00C0
[2224] [M]: 0x80016830 (0x00C0006F) jal zero, 12


mem[X,0x8001683C] -> 0x1CE3
mem[X,0x8001683E] -> 0xFEB5
[2225] [M]: 0x8001683C (0xFEB51CE3) bne a0, a1, 8184


mem[X,0x80016834] -> 0x0213
mem[X,0x80016836] -> 0x0012
[2226] [M]: 0x80016834 (0x00120213) addi tp, tp, 1
x4 <- 0x00000001


mem[X,0x80016838] -> 0x006F
mem[X,0x8001683A] -> 0x0180
[2227] [M]: 0x80016838 (0x0180006F) jal zero, 24


mem[X,0x80016850] -> 0xAE23
mem[X,0x80016852] -> 0x3440
[2228] [M]: 0x80016850 (0x3440AE23) sw tp, 860(ra)
mem[0x8003A4C4] <- 0x00000001


mem[X,0x80016854] -> 0x5537
mem[X,0x80016856] -> 0xFFFF
[2229] [M]: 0x80016854 (0xFFFF5537) lui a0, 1048565
x10 <- 0xFFFF5000


mem[X,0x80016858] -> 0x0513
mem[X,0x8001685A] -> 0xAFC5
[2230] [M]: 0x80016858 (0xAFC50513) addi a0, a0, 2812
x10 <- 0xFFFF4AFC


mem[X,0x8001685C] -> 0x65B7
mem[X,0x8001685E] -> 0x6666
[2231] [M]: 0x8001685C (0x666665B7) lui a1, 419430
x11 <- 0x66666000


mem[X,0x80016860] -> 0x8593
mem[X,0x80016862] -> 0x6665
[2232] [M]: 0x80016860 (0x66658593) addi a1, a1, 1638
x11 <- 0x66666666


mem[X,0x80016864] -> 0x0213
mem[X,0x80016866] -> 0x0000
[2233] [M]: 0x80016864 (0x00000213) addi tp, zero, 0
x4 <- 0x00000000


mem[X,0x80016868] -> 0x006F
mem[X,0x8001686A] -> 0x00C0
[2234] [M]: 0x80016868 (0x00C0006F) jal zero, 12


mem[X,0x80016874] -> 0x1063
mem[X,0x80016876] -> 0x04B5
[2235] [M]: 0x80016874 (0x04B51063) bne a0, a1, 64


mem[X,0x800168B4] -> 0x0213
mem[X,0x800168B6] -> 0x0032
[2236] [M]: 0x800168B4 (0x00320213) addi tp, tp, 3
x4 <- 0x00000003


mem[X,0x800168B8] -> 0x006F
mem[X,0x800168BA] -> 0x0040
[2237] [M]: 0x800168B8 (0x0040006F) jal zero, 4


mem[X,0x800168BC] -> 0xA023
mem[X,0x800168BE] -> 0x3640
[2238] [M]: 0x800168BC (0x3640A023) sw tp, 864(ra)
mem[0x8003A4C8] <- 0x00000003


mem[X,0x800168C0] -> 0x5537
mem[X,0x800168C2] -> 0xFFFF
[2239] [M]: 0x800168C0 (0xFFFF5537) lui a0, 1048565
x10 <- 0xFFFF5000


mem[X,0x800168C4] -> 0x0513
mem[X,0x800168C6] -> 0xAFC5
[2240] [M]: 0x800168C4 (0xAFC50513) addi a0, a0, 2812
x10 <- 0xFFFF4AFC


mem[X,0x800168C8] -> 0xB5B7
mem[X,0x800168CA] -> 0x0000
[2241] [M]: 0x800168C8 (0x0000B5B7) lui a1, 11
x11 <- 0x0000B000


mem[X,0x800168CC] -> 0x8593
mem[X,0x800168CE] -> 0x5045
[2242] [M]: 0x800168CC (0x50458593) addi a1, a1, 1284
x11 <- 0x0000B504


mem[X,0x800168D0] -> 0x0213
mem[X,0x800168D2] -> 0x0000
[2243] [M]: 0x800168D0 (0x00000213) addi tp, zero, 0
x4 <- 0x00000000


mem[X,0x800168D4] -> 0x006F
mem[X,0x800168D6] -> 0x2B10
[2244] [M]: 0x800168D4 (0x2B10006F) jal zero, 2736


mem[X,0x80017384] -> 0x1A63
mem[X,0x80017386] -> 0xD4B5
[2245] [M]: 0x80017384 (0xD4B51A63) bne a0, a1, 5460


mem[X,0x800168D8] -> 0x0213
mem[X,0x800168DA] -> 0x0012
[2246] [M]: 0x800168D8 (0x00120213) addi tp, tp, 1
x4 <- 0x00000001


mem[X,0x800168DC] -> 0x006F
mem[X,0x800168DE] -> 0x2BD0
[2247] [M]: 0x800168DC (0x2BD0006F) jal zero, 2748


mem[X,0x80017398] -> 0xA223
mem[X,0x8001739A] -> 0x3640
[2248] [M]: 0x80017398 (0x3640A223) sw tp, 868(ra)
mem[0x8003A4CC] <- 0x00000001


mem[X,0x8001739C] -> 0x5537
mem[X,0x8001739E] -> 0xFFFF
[2249] [M]: 0x8001739C (0xFFFF5537) lui a0, 1048565
x10 <- 0xFFFF5000


mem[X,0x800173A0] -> 0x0513
mem[X,0x800173A2] -> 0xAFC5
[2250] [M]: 0x800173A0 (0xAFC50513) addi a0, a0, 2812
x10 <- 0xFFFF4AFC


mem[X,0x800173A4] -> 0x0593
mem[X,0x800173A6] -> 0x0020
[2251] [M]: 0x800173A4 (0x00200593) addi a1, zero, 2
x11 <- 0x00000002


mem[X,0x800173A8] -> 0x0213
mem[X,0x800173AA] -> 0x0000
[2252] [M]: 0x800173A8 (0x00000213) addi tp, zero, 0
x4 <- 0x00000000


mem[X,0x800173AC] -> 0x006F
mem[X,0x800173AE] -> 0x0100
[2253] [M]: 0x800173AC (0x0100006F) jal zero, 16


mem[X,0x800173BC] -> 0x1AE3
mem[X,0x800173BE] -> 0xFEB5
[2254] [M]: 0x800173BC (0xFEB51AE3) bne a0, a1, 8180


mem[X,0x800173B0] -> 0x0213
mem[X,0x800173B2] -> 0x0012
[2255] [M]: 0x800173B0 (0x00120213) addi tp, tp, 1
x4 <- 0x00000001


mem[X,0x800173B4] -> 0x006F
mem[X,0x800173B6] -> 0x01C0
[2256] [M]: 0x800173B4 (0x01C0006F) jal zero, 28


mem[X,0x800173D0] -> 0xA423
mem[X,0x800173D2] -> 0x3640
[2257] [M]: 0x800173D0 (0x3640A423) sw tp, 872(ra)
mem[0x8003A4D0] <- 0x00000001


mem[X,0x800173D4] -> 0x5537
mem[X,0x800173D6] -> 0xFFFF
[2258] [M]: 0x800173D4 (0xFFFF5537) lui a0, 1048565
x10 <- 0xFFFF5000


mem[X,0x800173D8] -> 0x0513
mem[X,0x800173DA] -> 0xAFC5
[2259] [M]: 0x800173D8 (0xAFC50513) addi a0, a0, 2812
x10 <- 0xFFFF4AFC


mem[X,0x800173DC] -> 0x55B7
mem[X,0x800173DE] -> 0x5555
[2260] [M]: 0x800173DC (0x555555B7) lui a1, 349525
x11 <- 0x55555000


mem[X,0x800173E0] -> 0x8593
mem[X,0x800173E2] -> 0x5545
[2261] [M]: 0x800173E0 (0x55458593) addi a1, a1, 1364
x11 <- 0x55555554


mem[X,0x800173E4] -> 0x0213
mem[X,0x800173E6] -> 0x0000
[2262] [M]: 0x800173E4 (0x00000213) addi tp, zero, 0
x4 <- 0x00000000


mem[X,0x800173E8] -> 0x006F
mem[X,0x800173EA] -> 0x00C0
[2263] [M]: 0x800173E8 (0x00C0006F) jal zero, 12


mem[X,0x800173F4] -> 0x1063
mem[X,0x800173F6] -> 0x02B5
[2264] [M]: 0x800173F4 (0x02B51063) bne a0, a1, 32


mem[X,0x80017414] -> 0x0213
mem[X,0x80017416] -> 0x0032
[2265] [M]: 0x80017414 (0x00320213) addi tp, tp, 3
x4 <- 0x00000003


mem[X,0x80017418] -> 0x006F
mem[X,0x8001741A] -> 0x0040
[2266] [M]: 0x80017418 (0x0040006F) jal zero, 4


mem[X,0x8001741C] -> 0xA623
mem[X,0x8001741E] -> 0x3640
[2267] [M]: 0x8001741C (0x3640A623) sw tp, 876(ra)
mem[0x8003A4D4] <- 0x00000003


mem[X,0x80017420] -> 0x5537
mem[X,0x80017422] -> 0xFFFF
[2268] [M]: 0x80017420 (0xFFFF5537) lui a0, 1048565
x10 <- 0xFFFF5000


mem[X,0x80017424] -> 0x0513
mem[X,0x80017426] -> 0xAFC5
[2269] [M]: 0x80017424 (0xAFC50513) addi a0, a0, 2812
x10 <- 0xFFFF4AFC


mem[X,0x80017428] -> 0x0593
mem[X,0x8001742A] -> 0x0000
[2270] [M]: 0x80017428 (0x00000593) addi a1, zero, 0
x11 <- 0x00000000


mem[X,0x8001742C] -> 0x0213
mem[X,0x8001742E] -> 0x0000
[2271] [M]: 0x8001742C (0x00000213) addi tp, zero, 0
x4 <- 0x00000000


mem[X,0x80017430] -> 0x006F
mem[X,0x80017432] -> 0x00C0
[2272] [M]: 0x80017430 (0x00C0006F) jal zero, 12


mem[X,0x8001743C] -> 0x1063
mem[X,0x8001743E] -> 0x08B5
[2273] [M]: 0x8001743C (0x08B51063) bne a0, a1, 128


mem[X,0x800174BC] -> 0x0213
mem[X,0x800174BE] -> 0x0032
[2274] [M]: 0x800174BC (0x00320213) addi tp, tp, 3
x4 <- 0x00000003


mem[X,0x800174C0] -> 0x006F
mem[X,0x800174C2] -> 0x0040
[2275] [M]: 0x800174C0 (0x0040006F) jal zero, 4


mem[X,0x800174C4] -> 0xA823
mem[X,0x800174C6] -> 0x3640
[2276] [M]: 0x800174C4 (0x3640A823) sw tp, 880(ra)
mem[0x8003A4D8] <- 0x00000003


mem[X,0x800174C8] -> 0x5537
mem[X,0x800174CA] -> 0xFFFF
[2277] [M]: 0x800174C8 (0xFFFF5537) lui a0, 1048565
x10 <- 0xFFFF5000


mem[X,0x800174CC] -> 0x0513
mem[X,0x800174CE] -> 0xAFC5
[2278] [M]: 0x800174CC (0xAFC50513) addi a0, a0, 2812
x10 <- 0xFFFF4AFC


mem[X,0x800174D0] -> 0x0593
mem[X,0x800174D2] -> 0x0040
[2279] [M]: 0x800174D0 (0x00400593) addi a1, zero, 4
x11 <- 0x00000004


mem[X,0x800174D4] -> 0x0213
mem[X,0x800174D6] -> 0x0000
[2280] [M]: 0x800174D4 (0x00000213) addi tp, zero, 0
x4 <- 0x00000000


mem[X,0x800174D8] -> 0x006F
mem[X,0x800174DA] -> 0x00C0
[2281] [M]: 0x800174D8 (0x00C0006F) jal zero, 12


mem[X,0x800174E4] -> 0x1663
mem[X,0x800174E6] -> 0x00B5
[2282] [M]: 0x800174E4 (0x00B51663) bne a0, a1, 12


mem[X,0x800174F0] -> 0x0213
mem[X,0x800174F2] -> 0x0032
[2283] [M]: 0x800174F0 (0x00320213) addi tp, tp, 3
x4 <- 0x00000003


mem[X,0x800174F4] -> 0x006F
mem[X,0x800174F6] -> 0x0040
[2284] [M]: 0x800174F4 (0x0040006F) jal zero, 4


mem[X,0x800174F8] -> 0xAA23
mem[X,0x800174FA] -> 0x3640
[2285] [M]: 0x800174F8 (0x3640AA23) sw tp, 884(ra)
mem[0x8003A4DC] <- 0x00000003


mem[X,0x800174FC] -> 0x5537
mem[X,0x800174FE] -> 0xFFFF
[2286] [M]: 0x800174FC (0xFFFF5537) lui a0, 1048565
x10 <- 0xFFFF5000


mem[X,0x80017500] -> 0x0513
mem[X,0x80017502] -> 0xAFC5
[2287] [M]: 0x80017500 (0xAFC50513) addi a0, a0, 2812
x10 <- 0xFFFF4AFC


mem[X,0x80017504] -> 0x35B7
mem[X,0x80017506] -> 0x3333
[2288] [M]: 0x80017504 (0x333335B7) lui a1, 209715
x11 <- 0x33333000


mem[X,0x80017508] -> 0x8593
mem[X,0x8001750A] -> 0x3325
[2289] [M]: 0x80017508 (0x33258593) addi a1, a1, 818
x11 <- 0x33333332


mem[X,0x8001750C] -> 0x0213
mem[X,0x8001750E] -> 0x0000
[2290] [M]: 0x8001750C (0x00000213) addi tp, zero, 0
x4 <- 0x00000000


mem[X,0x80017510] -> 0x006F
mem[X,0x80017512] -> 0x00C0
[2291] [M]: 0x80017510 (0x00C0006F) jal zero, 12


mem[X,0x8001751C] -> 0x1663
mem[X,0x8001751E] -> 0x00B5
[2292] [M]: 0x8001751C (0x00B51663) bne a0, a1, 12


mem[X,0x80017528] -> 0x0213
mem[X,0x8001752A] -> 0x0032
[2293] [M]: 0x80017528 (0x00320213) addi tp, tp, 3
x4 <- 0x00000003


mem[X,0x8001752C] -> 0x006F
mem[X,0x8001752E] -> 0x0040
[2294] [M]: 0x8001752C (0x0040006F) jal zero, 4


mem[X,0x80017530] -> 0xAC23
mem[X,0x80017532] -> 0x3640
[2295] [M]: 0x80017530 (0x3640AC23) sw tp, 888(ra)
mem[0x8003A4E0] <- 0x00000003


mem[X,0x80017534] -> 0x5537
mem[X,0x80017536] -> 0xFFFF
[2296] [M]: 0x80017534 (0xFFFF5537) lui a0, 1048565
x10 <- 0xFFFF5000


mem[X,0x80017538] -> 0x0513
mem[X,0x8001753A] -> 0xAFC5
[2297] [M]: 0x80017538 (0xAFC50513) addi a0, a0, 2812
x10 <- 0xFFFF4AFC


mem[X,0x8001753C] -> 0x65B7
mem[X,0x8001753E] -> 0x6666
[2298] [M]: 0x8001753C (0x666665B7) lui a1, 419430
x11 <- 0x66666000


mem[X,0x80017540] -> 0x8593
mem[X,0x80017542] -> 0x6655
[2299] [M]: 0x80017540 (0x66558593) addi a1, a1, 1637
x11 <- 0x66666665


clint::tick mtime <- 0x0000000000000017
 clint timer pending at mtime 0x0000000000000017
htif::tick 0x0000000000000000
mem[X,0x80017544] -> 0x0213
mem[X,0x80017546] -> 0x0000
[2300] [M]: 0x80017544 (0x00000213) addi tp, zero, 0
x4 <- 0x00000000


mem[X,0x80017548] -> 0x006F
mem[X,0x8001754A] -> 0x00C0
[2301] [M]: 0x80017548 (0x00C0006F) jal zero, 12


mem[X,0x80017554] -> 0x1CE3
mem[X,0x80017556] -> 0xFEB5
[2302] [M]: 0x80017554 (0xFEB51CE3) bne a0, a1, 8184


mem[X,0x8001754C] -> 0x0213
mem[X,0x8001754E] -> 0x0012
[2303] [M]: 0x8001754C (0x00120213) addi tp, tp, 1
x4 <- 0x00000001


mem[X,0x80017550] -> 0x006F
mem[X,0x80017552] -> 0x0180
[2304] [M]: 0x80017550 (0x0180006F) jal zero, 24


mem[X,0x80017568] -> 0xAE23
mem[X,0x8001756A] -> 0x3640
[2305] [M]: 0x80017568 (0x3640AE23) sw tp, 892(ra)
mem[0x8003A4E4] <- 0x00000001


mem[X,0x8001756C] -> 0x5537
mem[X,0x8001756E] -> 0xFFFF
[2306] [M]: 0x8001756C (0xFFFF5537) lui a0, 1048565
x10 <- 0xFFFF5000


mem[X,0x80017570] -> 0x0513
mem[X,0x80017572] -> 0xAFC5
[2307] [M]: 0x80017570 (0xAFC50513) addi a0, a0, 2812
x10 <- 0xFFFF4AFC


mem[X,0x80017574] -> 0xB5B7
mem[X,0x80017576] -> 0x0000
[2308] [M]: 0x80017574 (0x0000B5B7) lui a1, 11
x11 <- 0x0000B000


mem[X,0x80017578] -> 0x8593
mem[X,0x8001757A] -> 0x5035
[2309] [M]: 0x80017578 (0x50358593) addi a1, a1, 1283
x11 <- 0x0000B503


mem[X,0x8001757C] -> 0x0213
mem[X,0x8001757E] -> 0x0000
[2310] [M]: 0x8001757C (0x00000213) addi tp, zero, 0
x4 <- 0x00000000


mem[X,0x80017580] -> 0x006F
mem[X,0x80017582] -> 0x00C0
[2311] [M]: 0x80017580 (0x00C0006F) jal zero, 12


mem[X,0x8001758C] -> 0x1063
mem[X,0x8001758E] -> 0x40B5
[2312] [M]: 0x8001758C (0x40B51063) bne a0, a1, 1024


mem[X,0x8001798C] -> 0x0213
mem[X,0x8001798E] -> 0x0032
[2313] [M]: 0x8001798C (0x00320213) addi tp, tp, 3
x4 <- 0x00000003


mem[X,0x80017990] -> 0x006F
mem[X,0x80017992] -> 0x0040
[2314] [M]: 0x80017990 (0x0040006F) jal zero, 4


mem[X,0x80017994] -> 0xA023
mem[X,0x80017996] -> 0x3840
[2315] [M]: 0x80017994 (0x3840A023) sw tp, 896(ra)
mem[0x8003A4E8] <- 0x00000003


mem[X,0x80017998] -> 0x5537
mem[X,0x8001799A] -> 0xFFFF
[2316] [M]: 0x80017998 (0xFFFF5537) lui a0, 1048565
x10 <- 0xFFFF5000


mem[X,0x8001799C] -> 0x0513
mem[X,0x8001799E] -> 0xAFC5
[2317] [M]: 0x8001799C (0xAFC50513) addi a0, a0, 2812
x10 <- 0xFFFF4AFC


mem[X,0x800179A0] -> 0x55B7
mem[X,0x800179A2] -> 0x5555
[2318] [M]: 0x800179A0 (0x555555B7) lui a1, 349525
x11 <- 0x55555000


mem[X,0x800179A4] -> 0x8593
mem[X,0x800179A6] -> 0x5565
[2319] [M]: 0x800179A4 (0x55658593) addi a1, a1, 1366
x11 <- 0x55555556


mem[X,0x800179A8] -> 0x0213
mem[X,0x800179AA] -> 0x0000
[2320] [M]: 0x800179A8 (0x00000213) addi tp, zero, 0
x4 <- 0x00000000


mem[X,0x800179AC] -> 0x006F
mem[X,0x800179AE] -> 0x00C0
[2321] [M]: 0x800179AC (0x00C0006F) jal zero, 12


mem[X,0x800179B8] -> 0x1663
mem[X,0x800179BA] -> 0x00B5
[2322] [M]: 0x800179B8 (0x00B51663) bne a0, a1, 12


mem[X,0x800179C4] -> 0x0213
mem[X,0x800179C6] -> 0x0032
[2323] [M]: 0x800179C4 (0x00320213) addi tp, tp, 3
x4 <- 0x00000003


mem[X,0x800179C8] -> 0x006F
mem[X,0x800179CA] -> 0x0040
[2324] [M]: 0x800179C8 (0x0040006F) jal zero, 4


mem[X,0x800179CC] -> 0xA223
mem[X,0x800179CE] -> 0x3840
[2325] [M]: 0x800179CC (0x3840A223) sw tp, 900(ra)
mem[0x8003A4EC] <- 0x00000003


mem[X,0x800179D0] -> 0x5537
mem[X,0x800179D2] -> 0xFFFF
[2326] [M]: 0x800179D0 (0xFFFF5537) lui a0, 1048565
x10 <- 0xFFFF5000


mem[X,0x800179D4] -> 0x0513
mem[X,0x800179D6] -> 0xAFC5
[2327] [M]: 0x800179D4 (0xAFC50513) addi a0, a0, 2812
x10 <- 0xFFFF4AFC


mem[X,0x800179D8] -> 0xB5B7
mem[X,0x800179DA] -> 0xAAAA
[2328] [M]: 0x800179D8 (0xAAAAB5B7) lui a1, 699051
x11 <- 0xAAAAB000


mem[X,0x800179DC] -> 0x8593
mem[X,0x800179DE] -> 0xAAB5
[2329] [M]: 0x800179DC (0xAAB58593) addi a1, a1, 2731
x11 <- 0xAAAAAAAB


mem[X,0x800179E0] -> 0x0213
mem[X,0x800179E2] -> 0x0000
[2330] [M]: 0x800179E0 (0x00000213) addi tp, zero, 0
x4 <- 0x00000000


mem[X,0x800179E4] -> 0x006F
mem[X,0x800179E6] -> 0x00C0
[2331] [M]: 0x800179E4 (0x00C0006F) jal zero, 12


mem[X,0x800179F0] -> 0x1063
mem[X,0x800179F2] -> 0x40B5
[2332] [M]: 0x800179F0 (0x40B51063) bne a0, a1, 1024


mem[X,0x80017DF0] -> 0x0213
mem[X,0x80017DF2] -> 0x0032
[2333] [M]: 0x80017DF0 (0x00320213) addi tp, tp, 3
x4 <- 0x00000003


mem[X,0x80017DF4] -> 0x006F
mem[X,0x80017DF6] -> 0x0040
[2334] [M]: 0x80017DF4 (0x0040006F) jal zero, 4


mem[X,0x80017DF8] -> 0xA423
mem[X,0x80017DFA] -> 0x3840
[2335] [M]: 0x80017DF8 (0x3840A423) sw tp, 904(ra)
mem[0x8003A4F0] <- 0x00000003


mem[X,0x80017DFC] -> 0x5537
mem[X,0x80017DFE] -> 0xFFFF
[2336] [M]: 0x80017DFC (0xFFFF5537) lui a0, 1048565
x10 <- 0xFFFF5000


mem[X,0x80017E00] -> 0x0513
mem[X,0x80017E02] -> 0xAFC5
[2337] [M]: 0x80017E00 (0xAFC50513) addi a0, a0, 2812
x10 <- 0xFFFF4AFC


mem[X,0x80017E04] -> 0x0593
mem[X,0x80017E06] -> 0x0060
[2338] [M]: 0x80017E04 (0x00600593) addi a1, zero, 6
x11 <- 0x00000006


mem[X,0x80017E08] -> 0x0213
mem[X,0x80017E0A] -> 0x0000
[2339] [M]: 0x80017E08 (0x00000213) addi tp, zero, 0
x4 <- 0x00000000


mem[X,0x80017E0C] -> 0x006F
mem[X,0x80017E0E] -> 0x00C0
[2340] [M]: 0x80017E0C (0x00C0006F) jal zero, 12


mem[X,0x80017E18] -> 0x1063
mem[X,0x80017E1A] -> 0x08B5
[2341] [M]: 0x80017E18 (0x08B51063) bne a0, a1, 128


mem[X,0x80017E98] -> 0x0213
mem[X,0x80017E9A] -> 0x0032
[2342] [M]: 0x80017E98 (0x00320213) addi tp, tp, 3
x4 <- 0x00000003


mem[X,0x80017E9C] -> 0x006F
mem[X,0x80017E9E] -> 0x0040
[2343] [M]: 0x80017E9C (0x0040006F) jal zero, 4


mem[X,0x80017EA0] -> 0xA623
mem[X,0x80017EA2] -> 0x3840
[2344] [M]: 0x80017EA0 (0x3840A623) sw tp, 908(ra)
mem[0x8003A4F4] <- 0x00000003


mem[X,0x80017EA4] -> 0x5537
mem[X,0x80017EA6] -> 0xFFFF
[2345] [M]: 0x80017EA4 (0xFFFF5537) lui a0, 1048565
x10 <- 0xFFFF5000


mem[X,0x80017EA8] -> 0x0513
mem[X,0x80017EAA] -> 0xAFC5
[2346] [M]: 0x80017EA8 (0xAFC50513) addi a0, a0, 2812
x10 <- 0xFFFF4AFC


mem[X,0x80017EAC] -> 0x35B7
mem[X,0x80017EAE] -> 0x3333
[2347] [M]: 0x80017EAC (0x333335B7) lui a1, 209715
x11 <- 0x33333000


mem[X,0x80017EB0] -> 0x8593
mem[X,0x80017EB2] -> 0x3345
[2348] [M]: 0x80017EB0 (0x33458593) addi a1, a1, 820
x11 <- 0x33333334


mem[X,0x80017EB4] -> 0x0213
mem[X,0x80017EB6] -> 0x0000
[2349] [M]: 0x80017EB4 (0x00000213) addi tp, zero, 0
x4 <- 0x00000000


mem[X,0x80017EB8] -> 0x006F
mem[X,0x80017EBA] -> 0x00C0
[2350] [M]: 0x80017EB8 (0x00C0006F) jal zero, 12


mem[X,0x80017EC4] -> 0x1663
mem[X,0x80017EC6] -> 0x00B5
[2351] [M]: 0x80017EC4 (0x00B51663) bne a0, a1, 12


mem[X,0x80017ED0] -> 0x0213
mem[X,0x80017ED2] -> 0x0032
[2352] [M]: 0x80017ED0 (0x00320213) addi tp, tp, 3
x4 <- 0x00000003


mem[X,0x80017ED4] -> 0x006F
mem[X,0x80017ED6] -> 0x0040
[2353] [M]: 0x80017ED4 (0x0040006F) jal zero, 4


mem[X,0x80017ED8] -> 0xA823
mem[X,0x80017EDA] -> 0x3840
[2354] [M]: 0x80017ED8 (0x3840A823) sw tp, 912(ra)
mem[0x8003A4F8] <- 0x00000003


mem[X,0x80017EDC] -> 0x5537
mem[X,0x80017EDE] -> 0xFFFF
[2355] [M]: 0x80017EDC (0xFFFF5537) lui a0, 1048565
x10 <- 0xFFFF5000


mem[X,0x80017EE0] -> 0x0513
mem[X,0x80017EE2] -> 0xAFC5
[2356] [M]: 0x80017EE0 (0xAFC50513) addi a0, a0, 2812
x10 <- 0xFFFF4AFC


mem[X,0x80017EE4] -> 0x65B7
mem[X,0x80017EE6] -> 0x6666
[2357] [M]: 0x80017EE4 (0x666665B7) lui a1, 419430
x11 <- 0x66666000


mem[X,0x80017EE8] -> 0x8593
mem[X,0x80017EEA] -> 0x6675
[2358] [M]: 0x80017EE8 (0x66758593) addi a1, a1, 1639
x11 <- 0x66666667


mem[X,0x80017EEC] -> 0x0213
mem[X,0x80017EEE] -> 0x0000
[2359] [M]: 0x80017EEC (0x00000213) addi tp, zero, 0
x4 <- 0x00000000


mem[X,0x80017EF0] -> 0x006F
mem[X,0x80017EF2] -> 0x00C0
[2360] [M]: 0x80017EF0 (0x00C0006F) jal zero, 12


mem[X,0x80017EFC] -> 0x1063
mem[X,0x80017EFE] -> 0x02B5
[2361] [M]: 0x80017EFC (0x02B51063) bne a0, a1, 32


mem[X,0x80017F1C] -> 0x0213
mem[X,0x80017F1E] -> 0x0032
[2362] [M]: 0x80017F1C (0x00320213) addi tp, tp, 3
x4 <- 0x00000003


mem[X,0x80017F20] -> 0x006F
mem[X,0x80017F22] -> 0x0040
[2363] [M]: 0x80017F20 (0x0040006F) jal zero, 4


mem[X,0x80017F24] -> 0xAA23
mem[X,0x80017F26] -> 0x3840
[2364] [M]: 0x80017F24 (0x3840AA23) sw tp, 916(ra)
mem[0x8003A4FC] <- 0x00000003


mem[X,0x80017F28] -> 0x5537
mem[X,0x80017F2A] -> 0xFFFF
[2365] [M]: 0x80017F28 (0xFFFF5537) lui a0, 1048565
x10 <- 0xFFFF5000


mem[X,0x80017F2C] -> 0x0513
mem[X,0x80017F2E] -> 0xAFC5
[2366] [M]: 0x80017F2C (0xAFC50513) addi a0, a0, 2812
x10 <- 0xFFFF4AFC


mem[X,0x80017F30] -> 0x55B7
mem[X,0x80017F32] -> 0xFFFF
[2367] [M]: 0x80017F30 (0xFFFF55B7) lui a1, 1048565
x11 <- 0xFFFF5000


mem[X,0x80017F34] -> 0x8593
mem[X,0x80017F36] -> 0xAFD5
[2368] [M]: 0x80017F34 (0xAFD58593) addi a1, a1, 2813
x11 <- 0xFFFF4AFD


mem[X,0x80017F38] -> 0x0213
mem[X,0x80017F3A] -> 0x0000
[2369] [M]: 0x80017F38 (0x00000213) addi tp, zero, 0
x4 <- 0x00000000


mem[X,0x80017F3C] -> 0x006F
mem[X,0x80017F3E] -> 0x0100
[2370] [M]: 0x80017F3C (0x0100006F) jal zero, 16


mem[X,0x80017F4C] -> 0x1AE3
mem[X,0x80017F4E] -> 0xFEB5
[2371] [M]: 0x80017F4C (0xFEB51AE3) bne a0, a1, 8180


mem[X,0x80017F40] -> 0x0213
mem[X,0x80017F42] -> 0x0012
[2372] [M]: 0x80017F40 (0x00120213) addi tp, tp, 1
x4 <- 0x00000001


mem[X,0x80017F44] -> 0x006F
mem[X,0x80017F46] -> 0x01C0
[2373] [M]: 0x80017F44 (0x01C0006F) jal zero, 28


mem[X,0x80017F60] -> 0xAC23
mem[X,0x80017F62] -> 0x3840
[2374] [M]: 0x80017F60 (0x3840AC23) sw tp, 920(ra)
mem[0x8003A500] <- 0x00000001


mem[X,0x80017F64] -> 0x5537
mem[X,0x80017F66] -> 0xFFFF
[2375] [M]: 0x80017F64 (0xFFFF5537) lui a0, 1048565
x10 <- 0xFFFF5000


mem[X,0x80017F68] -> 0x0513
mem[X,0x80017F6A] -> 0xAFC5
[2376] [M]: 0x80017F68 (0xAFC50513) addi a0, a0, 2812
x10 <- 0xFFFF4AFC


mem[X,0x80017F6C] -> 0xB5B7
mem[X,0x80017F6E] -> 0x0000
[2377] [M]: 0x80017F6C (0x0000B5B7) lui a1, 11
x11 <- 0x0000B000


mem[X,0x80017F70] -> 0x8593
mem[X,0x80017F72] -> 0x5055
[2378] [M]: 0x80017F70 (0x50558593) addi a1, a1, 1285
x11 <- 0x0000B505


mem[X,0x80017F74] -> 0x0213
mem[X,0x80017F76] -> 0x0000
[2379] [M]: 0x80017F74 (0x00000213) addi tp, zero, 0
x4 <- 0x00000000


mem[X,0x80017F78] -> 0x006F
mem[X,0x80017F7A] -> 0x00C0
[2380] [M]: 0x80017F78 (0x00C0006F) jal zero, 12


mem[X,0x80017F84] -> 0x1063
mem[X,0x80017F86] -> 0x02B5
[2381] [M]: 0x80017F84 (0x02B51063) bne a0, a1, 32


mem[X,0x80017FA4] -> 0x0213
mem[X,0x80017FA6] -> 0x0032
[2382] [M]: 0x80017FA4 (0x00320213) addi tp, tp, 3
x4 <- 0x00000003


mem[X,0x80017FA8] -> 0x006F
mem[X,0x80017FAA] -> 0x0040
[2383] [M]: 0x80017FA8 (0x0040006F) jal zero, 4


mem[X,0x80017FAC] -> 0xAE23
mem[X,0x80017FAE] -> 0x3840
[2384] [M]: 0x80017FAC (0x3840AE23) sw tp, 924(ra)
mem[0x8003A504] <- 0x00000003


mem[X,0x80017FB0] -> 0xB537
mem[X,0x80017FB2] -> 0x0000
[2385] [M]: 0x80017FB0 (0x0000B537) lui a0, 11
x10 <- 0x0000B000


mem[X,0x80017FB4] -> 0x0513
mem[X,0x80017FB6] -> 0x5045
[2386] [M]: 0x80017FB4 (0x50450513) addi a0, a0, 1284
x10 <- 0x0000B504


mem[X,0x80017FB8] -> 0x0593
mem[X,0x80017FBA] -> 0x0030
[2387] [M]: 0x80017FB8 (0x00300593) addi a1, zero, 3
x11 <- 0x00000003


mem[X,0x80017FBC] -> 0x0213
mem[X,0x80017FBE] -> 0x0000
[2388] [M]: 0x80017FBC (0x00000213) addi tp, zero, 0
x4 <- 0x00000000


mem[X,0x80017FC0] -> 0x006F
mem[X,0x80017FC2] -> 0x00C0
[2389] [M]: 0x80017FC0 (0x00C0006F) jal zero, 12


mem[X,0x80017FCC] -> 0x1063
mem[X,0x80017FCE] -> 0x40B5
[2390] [M]: 0x80017FCC (0x40B51063) bne a0, a1, 1024


mem[X,0x800183CC] -> 0x0213
mem[X,0x800183CE] -> 0x0032
[2391] [M]: 0x800183CC (0x00320213) addi tp, tp, 3
x4 <- 0x00000003


mem[X,0x800183D0] -> 0x006F
mem[X,0x800183D2] -> 0x0040
[2392] [M]: 0x800183D0 (0x0040006F) jal zero, 4


mem[X,0x800183D4] -> 0xA023
mem[X,0x800183D6] -> 0x3A40
[2393] [M]: 0x800183D4 (0x3A40A023) sw tp, 928(ra)
mem[0x8003A508] <- 0x00000003


mem[X,0x800183D8] -> 0xB537
mem[X,0x800183DA] -> 0x0000
[2394] [M]: 0x800183D8 (0x0000B537) lui a0, 11
x10 <- 0x0000B000


mem[X,0x800183DC] -> 0x0513
mem[X,0x800183DE] -> 0x5045
[2395] [M]: 0x800183DC (0x50450513) addi a0, a0, 1284
x10 <- 0x0000B504


mem[X,0x800183E0] -> 0x55B7
mem[X,0x800183E2] -> 0x5555
[2396] [M]: 0x800183E0 (0x555555B7) lui a1, 349525
x11 <- 0x55555000


mem[X,0x800183E4] -> 0x8593
mem[X,0x800183E6] -> 0x5555
[2397] [M]: 0x800183E4 (0x55558593) addi a1, a1, 1365
x11 <- 0x55555555


mem[X,0x800183E8] -> 0x0213
mem[X,0x800183EA] -> 0x0000
[2398] [M]: 0x800183E8 (0x00000213) addi tp, zero, 0
x4 <- 0x00000000


mem[X,0x800183EC] -> 0x006F
mem[X,0x800183EE] -> 0x00C0
[2399] [M]: 0x800183EC (0x00C0006F) jal zero, 12


clint::tick mtime <- 0x0000000000000018
 clint timer pending at mtime 0x0000000000000018
htif::tick 0x0000000000000000
mem[X,0x800183F8] -> 0x1063
mem[X,0x800183FA] -> 0x04B5
[2400] [M]: 0x800183F8 (0x04B51063) bne a0, a1, 64


mem[X,0x80018438] -> 0x0213
mem[X,0x8001843A] -> 0x0032
[2401] [M]: 0x80018438 (0x00320213) addi tp, tp, 3
x4 <- 0x00000003


mem[X,0x8001843C] -> 0x006F
mem[X,0x8001843E] -> 0x0040
[2402] [M]: 0x8001843C (0x0040006F) jal zero, 4


mem[X,0x80018440] -> 0xA223
mem[X,0x80018442] -> 0x3A40
[2403] [M]: 0x80018440 (0x3A40A223) sw tp, 932(ra)
mem[0x8003A50C] <- 0x00000003


mem[X,0x80018444] -> 0xB537
mem[X,0x80018446] -> 0x0000
[2404] [M]: 0x80018444 (0x0000B537) lui a0, 11
x10 <- 0x0000B000


mem[X,0x80018448] -> 0x0513
mem[X,0x8001844A] -> 0x5045
[2405] [M]: 0x80018448 (0x50450513) addi a0, a0, 1284
x10 <- 0x0000B504


mem[X,0x8001844C] -> 0xB5B7
mem[X,0x8001844E] -> 0xAAAA
[2406] [M]: 0x8001844C (0xAAAAB5B7) lui a1, 699051
x11 <- 0xAAAAB000


mem[X,0x80018450] -> 0x8593
mem[X,0x80018452] -> 0xAAA5
[2407] [M]: 0x80018450 (0xAAA58593) addi a1, a1, 2730
x11 <- 0xAAAAAAAA


mem[X,0x80018454] -> 0x0213
mem[X,0x80018456] -> 0x0000
[2408] [M]: 0x80018454 (0x00000213) addi tp, zero, 0
x4 <- 0x00000000


mem[X,0x80018458] -> 0x006F
mem[X,0x8001845A] -> 0x00C0
[2409] [M]: 0x80018458 (0x00C0006F) jal zero, 12


mem[X,0x80018464] -> 0x1CE3
mem[X,0x80018466] -> 0xFEB5
[2410] [M]: 0x80018464 (0xFEB51CE3) bne a0, a1, 8184


mem[X,0x8001845C] -> 0x0213
mem[X,0x8001845E] -> 0x0012
[2411] [M]: 0x8001845C (0x00120213) addi tp, tp, 1
x4 <- 0x00000001


mem[X,0x80018460] -> 0x006F
mem[X,0x80018462] -> 0x0180
[2412] [M]: 0x80018460 (0x0180006F) jal zero, 24


mem[X,0x80018478] -> 0xA423
mem[X,0x8001847A] -> 0x3A40
[2413] [M]: 0x80018478 (0x3A40A423) sw tp, 936(ra)
mem[0x8003A510] <- 0x00000001


mem[X,0x8001847C] -> 0xB537
mem[X,0x8001847E] -> 0x0000
[2414] [M]: 0x8001847C (0x0000B537) lui a0, 11
x10 <- 0x0000B000


mem[X,0x80018480] -> 0x0513
mem[X,0x80018482] -> 0x5045
[2415] [M]: 0x80018480 (0x50450513) addi a0, a0, 1284
x10 <- 0x0000B504


mem[X,0x80018484] -> 0x0593
mem[X,0x80018486] -> 0x0050
[2416] [M]: 0x80018484 (0x00500593) addi a1, zero, 5
x11 <- 0x00000005


mem[X,0x80018488] -> 0x0213
mem[X,0x8001848A] -> 0x0000
[2417] [M]: 0x80018488 (0x00000213) addi tp, zero, 0
x4 <- 0x00000000


mem[X,0x8001848C] -> 0x006F
mem[X,0x8001848E] -> 0x0050
[2418] [M]: 0x8001848C (0x0050006F) jal zero, 2052


mem[X,0x80018C90] -> 0x10E3
mem[X,0x80018C92] -> 0x80B5
[2419] [M]: 0x80018C90 (0x80B510E3) bne a0, a1, 6144


mem[X,0x80018490] -> 0x0213
mem[X,0x80018492] -> 0x0012
[2420] [M]: 0x80018490 (0x00120213) addi tp, tp, 1
x4 <- 0x00000001


mem[X,0x80018494] -> 0x006F
mem[X,0x80018496] -> 0x0110
[2421] [M]: 0x80018494 (0x0110006F) jal zero, 2064


mem[X,0x80018CA4] -> 0xA623
mem[X,0x80018CA6] -> 0x3A40
[2422] [M]: 0x80018CA4 (0x3A40A623) sw tp, 940(ra)
mem[0x8003A514] <- 0x00000001


mem[X,0x80018CA8] -> 0xB537
mem[X,0x80018CAA] -> 0x0000
[2423] [M]: 0x80018CA8 (0x0000B537) lui a0, 11
x10 <- 0x0000B000


mem[X,0x80018CAC] -> 0x0513
mem[X,0x80018CAE] -> 0x5045
[2424] [M]: 0x80018CAC (0x50450513) addi a0, a0, 1284
x10 <- 0x0000B504


mem[X,0x80018CB0] -> 0x35B7
mem[X,0x80018CB2] -> 0x3333
[2425] [M]: 0x80018CB0 (0x333335B7) lui a1, 209715
x11 <- 0x33333000


mem[X,0x80018CB4] -> 0x8593
mem[X,0x80018CB6] -> 0x3335
[2426] [M]: 0x80018CB4 (0x33358593) addi a1, a1, 819
x11 <- 0x33333333


mem[X,0x80018CB8] -> 0x0213
mem[X,0x80018CBA] -> 0x0000
[2427] [M]: 0x80018CB8 (0x00000213) addi tp, zero, 0
x4 <- 0x00000000


mem[X,0x80018CBC] -> 0x006F
mem[X,0x80018CBE] -> 0x0050
[2428] [M]: 0x80018CBC (0x0050006F) jal zero, 2052


mem[X,0x800194C0] -> 0x10E3
mem[X,0x800194C2] -> 0x80B5
[2429] [M]: 0x800194C0 (0x80B510E3) bne a0, a1, 6144


mem[X,0x80018CC0] -> 0x0213
mem[X,0x80018CC2] -> 0x0012
[2430] [M]: 0x80018CC0 (0x00120213) addi tp, tp, 1
x4 <- 0x00000001


mem[X,0x80018CC4] -> 0x006F
mem[X,0x80018CC6] -> 0x0110
[2431] [M]: 0x80018CC4 (0x0110006F) jal zero, 2064


mem[X,0x800194D4] -> 0xA823
mem[X,0x800194D6] -> 0x3A40
[2432] [M]: 0x800194D4 (0x3A40A823) sw tp, 944(ra)
mem[0x8003A518] <- 0x00000001


mem[X,0x800194D8] -> 0xB537
mem[X,0x800194DA] -> 0x0000
[2433] [M]: 0x800194D8 (0x0000B537) lui a0, 11
x10 <- 0x0000B000


mem[X,0x800194DC] -> 0x0513
mem[X,0x800194DE] -> 0x5045
[2434] [M]: 0x800194DC (0x50450513) addi a0, a0, 1284
x10 <- 0x0000B504


mem[X,0x800194E0] -> 0x65B7
mem[X,0x800194E2] -> 0x6666
[2435] [M]: 0x800194E0 (0x666665B7) lui a1, 419430
x11 <- 0x66666000


mem[X,0x800194E4] -> 0x8593
mem[X,0x800194E6] -> 0x6665
[2436] [M]: 0x800194E4 (0x66658593) addi a1, a1, 1638
x11 <- 0x66666666


mem[X,0x800194E8] -> 0x0213
mem[X,0x800194EA] -> 0x0000
[2437] [M]: 0x800194E8 (0x00000213) addi tp, zero, 0
x4 <- 0x00000000


mem[X,0x800194EC] -> 0x006F
mem[X,0x800194EE] -> 0x00C0
[2438] [M]: 0x800194EC (0x00C0006F) jal zero, 12


mem[X,0x800194F8] -> 0x1863
mem[X,0x800194FA] -> 0x00B5
[2439] [M]: 0x800194F8 (0x00B51863) bne a0, a1, 16


mem[X,0x80019508] -> 0x0213
mem[X,0x8001950A] -> 0x0032
[2440] [M]: 0x80019508 (0x00320213) addi tp, tp, 3
x4 <- 0x00000003


mem[X,0x8001950C] -> 0x006F
mem[X,0x8001950E] -> 0x0040
[2441] [M]: 0x8001950C (0x0040006F) jal zero, 4


mem[X,0x80019510] -> 0xAA23
mem[X,0x80019512] -> 0x3A40
[2442] [M]: 0x80019510 (0x3A40AA23) sw tp, 948(ra)
mem[0x8003A51C] <- 0x00000003


mem[X,0x80019514] -> 0xB537
mem[X,0x80019516] -> 0x0000
[2443] [M]: 0x80019514 (0x0000B537) lui a0, 11
x10 <- 0x0000B000


mem[X,0x80019518] -> 0x0513
mem[X,0x8001951A] -> 0x5045
[2444] [M]: 0x80019518 (0x50450513) addi a0, a0, 1284
x10 <- 0x0000B504


mem[X,0x8001951C] -> 0x55B7
mem[X,0x8001951E] -> 0xFFFF
[2445] [M]: 0x8001951C (0xFFFF55B7) lui a1, 1048565
x11 <- 0xFFFF5000


mem[X,0x80019520] -> 0x8593
mem[X,0x80019522] -> 0xAFC5
[2446] [M]: 0x80019520 (0xAFC58593) addi a1, a1, 2812
x11 <- 0xFFFF4AFC


mem[X,0x80019524] -> 0x0213
mem[X,0x80019526] -> 0x0000
[2447] [M]: 0x80019524 (0x00000213) addi tp, zero, 0
x4 <- 0x00000000


mem[X,0x80019528] -> 0x006F
mem[X,0x8001952A] -> 0x0050
[2448] [M]: 0x80019528 (0x0050006F) jal zero, 2052


mem[X,0x80019D2C] -> 0x10E3
mem[X,0x80019D2E] -> 0x80B5
[2449] [M]: 0x80019D2C (0x80B510E3) bne a0, a1, 6144


mem[X,0x8001952C] -> 0x0213
mem[X,0x8001952E] -> 0x0012
[2450] [M]: 0x8001952C (0x00120213) addi tp, tp, 1
x4 <- 0x00000001


mem[X,0x80019530] -> 0x006F
mem[X,0x80019532] -> 0x0110
[2451] [M]: 0x80019530 (0x0110006F) jal zero, 2064


mem[X,0x80019D40] -> 0xAC23
mem[X,0x80019D42] -> 0x3A40
[2452] [M]: 0x80019D40 (0x3A40AC23) sw tp, 952(ra)
mem[0x8003A520] <- 0x00000001


mem[X,0x80019D44] -> 0xB537
mem[X,0x80019D46] -> 0x0000
[2453] [M]: 0x80019D44 (0x0000B537) lui a0, 11
x10 <- 0x0000B000


mem[X,0x80019D48] -> 0x0513
mem[X,0x80019D4A] -> 0x5045
[2454] [M]: 0x80019D48 (0x50450513) addi a0, a0, 1284
x10 <- 0x0000B504


mem[X,0x80019D4C] -> 0xB5B7
mem[X,0x80019D4E] -> 0x0000
[2455] [M]: 0x80019D4C (0x0000B5B7) lui a1, 11
x11 <- 0x0000B000


mem[X,0x80019D50] -> 0x8593
mem[X,0x80019D52] -> 0x5045
[2456] [M]: 0x80019D50 (0x50458593) addi a1, a1, 1284
x11 <- 0x0000B504


mem[X,0x80019D54] -> 0x0213
mem[X,0x80019D56] -> 0x0000
[2457] [M]: 0x80019D54 (0x00000213) addi tp, zero, 0
x4 <- 0x00000000


mem[X,0x80019D58] -> 0x006F
mem[X,0x80019D5A] -> 0x0180
[2458] [M]: 0x80019D58 (0x0180006F) jal zero, 24


mem[X,0x80019D70] -> 0x16E3
mem[X,0x80019D72] -> 0xFEB5
[2459] [M]: 0x80019D70 (0xFEB516E3) bne a0, a1, 8172


mem[X,0x80019D74] -> 0x0213
mem[X,0x80019D76] -> 0x0022
[2460] [M]: 0x80019D74 (0x00220213) addi tp, tp, 2
x4 <- 0x00000002


mem[X,0x80019D78] -> 0x006F
mem[X,0x80019D7A] -> 0x00C0
[2461] [M]: 0x80019D78 (0x00C0006F) jal zero, 12


mem[X,0x80019D84] -> 0xAE23
mem[X,0x80019D86] -> 0x3A40
[2462] [M]: 0x80019D84 (0x3A40AE23) sw tp, 956(ra)
mem[0x8003A524] <- 0x00000002


mem[X,0x80019D88] -> 0xB537
mem[X,0x80019D8A] -> 0x0000
[2463] [M]: 0x80019D88 (0x0000B537) lui a0, 11
x10 <- 0x0000B000


mem[X,0x80019D8C] -> 0x0513
mem[X,0x80019D8E] -> 0x5045
[2464] [M]: 0x80019D8C (0x50450513) addi a0, a0, 1284
x10 <- 0x0000B504


mem[X,0x80019D90] -> 0x0593
mem[X,0x80019D92] -> 0x0020
[2465] [M]: 0x80019D90 (0x00200593) addi a1, zero, 2
x11 <- 0x00000002


mem[X,0x80019D94] -> 0x0213
mem[X,0x80019D96] -> 0x0000
[2466] [M]: 0x80019D94 (0x00000213) addi tp, zero, 0
x4 <- 0x00000000


mem[X,0x80019D98] -> 0x006F
mem[X,0x80019D9A] -> 0x00C0
[2467] [M]: 0x80019D98 (0x00C0006F) jal zero, 12


mem[X,0x80019DA4] -> 0x1063
mem[X,0x80019DA6] -> 0x40B5
[2468] [M]: 0x80019DA4 (0x40B51063) bne a0, a1, 1024


mem[X,0x8001A1A4] -> 0x0213
mem[X,0x8001A1A6] -> 0x0032
[2469] [M]: 0x8001A1A4 (0x00320213) addi tp, tp, 3
x4 <- 0x00000003


mem[X,0x8001A1A8] -> 0x006F
mem[X,0x8001A1AA] -> 0x0040
[2470] [M]: 0x8001A1A8 (0x0040006F) jal zero, 4


mem[X,0x8001A1AC] -> 0xA023
mem[X,0x8001A1AE] -> 0x3C40
[2471] [M]: 0x8001A1AC (0x3C40A023) sw tp, 960(ra)
mem[0x8003A528] <- 0x00000003


mem[X,0x8001A1B0] -> 0xB537
mem[X,0x8001A1B2] -> 0x0000
[2472] [M]: 0x8001A1B0 (0x0000B537) lui a0, 11
x10 <- 0x0000B000


mem[X,0x8001A1B4] -> 0x0513
mem[X,0x8001A1B6] -> 0x5045
[2473] [M]: 0x8001A1B4 (0x50450513) addi a0, a0, 1284
x10 <- 0x0000B504


mem[X,0x8001A1B8] -> 0x55B7
mem[X,0x8001A1BA] -> 0x5555
[2474] [M]: 0x8001A1B8 (0x555555B7) lui a1, 349525
x11 <- 0x55555000


mem[X,0x8001A1BC] -> 0x8593
mem[X,0x8001A1BE] -> 0x5545
[2475] [M]: 0x8001A1BC (0x55458593) addi a1, a1, 1364
x11 <- 0x55555554


mem[X,0x8001A1C0] -> 0x0213
mem[X,0x8001A1C2] -> 0x0000
[2476] [M]: 0x8001A1C0 (0x00000213) addi tp, zero, 0
x4 <- 0x00000000


mem[X,0x8001A1C4] -> 0x006F
mem[X,0x8001A1C6] -> 0x00C0
[2477] [M]: 0x8001A1C4 (0x00C0006F) jal zero, 12


mem[X,0x8001A1D0] -> 0x1063
mem[X,0x8001A1D2] -> 0x04B5
[2478] [M]: 0x8001A1D0 (0x04B51063) bne a0, a1, 64


mem[X,0x8001A210] -> 0x0213
mem[X,0x8001A212] -> 0x0032
[2479] [M]: 0x8001A210 (0x00320213) addi tp, tp, 3
x4 <- 0x00000003


mem[X,0x8001A214] -> 0x006F
mem[X,0x8001A216] -> 0x0040
[2480] [M]: 0x8001A214 (0x0040006F) jal zero, 4


mem[X,0x8001A218] -> 0xA223
mem[X,0x8001A21A] -> 0x3C40
[2481] [M]: 0x8001A218 (0x3C40A223) sw tp, 964(ra)
mem[0x8003A52C] <- 0x00000003


mem[X,0x8001A21C] -> 0xB537
mem[X,0x8001A21E] -> 0x0000
[2482] [M]: 0x8001A21C (0x0000B537) lui a0, 11
x10 <- 0x0000B000


mem[X,0x8001A220] -> 0x0513
mem[X,0x8001A222] -> 0x5045
[2483] [M]: 0x8001A220 (0x50450513) addi a0, a0, 1284
x10 <- 0x0000B504


mem[X,0x8001A224] -> 0x0593
mem[X,0x8001A226] -> 0x0000
[2484] [M]: 0x8001A224 (0x00000593) addi a1, zero, 0
x11 <- 0x00000000


mem[X,0x8001A228] -> 0x0213
mem[X,0x8001A22A] -> 0x0000
[2485] [M]: 0x8001A228 (0x00000213) addi tp, zero, 0
x4 <- 0x00000000


mem[X,0x8001A22C] -> 0x006F
mem[X,0x8001A22E] -> 0x00C0
[2486] [M]: 0x8001A22C (0x00C0006F) jal zero, 12


mem[X,0x8001A238] -> 0x1063
mem[X,0x8001A23A] -> 0x40B5
[2487] [M]: 0x8001A238 (0x40B51063) bne a0, a1, 1024


mem[X,0x8001A638] -> 0x0213
mem[X,0x8001A63A] -> 0x0032
[2488] [M]: 0x8001A638 (0x00320213) addi tp, tp, 3
x4 <- 0x00000003


mem[X,0x8001A63C] -> 0x006F
mem[X,0x8001A63E] -> 0x0040
[2489] [M]: 0x8001A63C (0x0040006F) jal zero, 4


mem[X,0x8001A640] -> 0xA423
mem[X,0x8001A642] -> 0x3C40
[2490] [M]: 0x8001A640 (0x3C40A423) sw tp, 968(ra)
mem[0x8003A530] <- 0x00000003


mem[X,0x8001A644] -> 0xB537
mem[X,0x8001A646] -> 0x0000
[2491] [M]: 0x8001A644 (0x0000B537) lui a0, 11
x10 <- 0x0000B000


mem[X,0x8001A648] -> 0x0513
mem[X,0x8001A64A] -> 0x5045
[2492] [M]: 0x8001A648 (0x50450513) addi a0, a0, 1284
x10 <- 0x0000B504


mem[X,0x8001A64C] -> 0x0593
mem[X,0x8001A64E] -> 0x0040
[2493] [M]: 0x8001A64C (0x00400593) addi a1, zero, 4
x11 <- 0x00000004


mem[X,0x8001A650] -> 0x0213
mem[X,0x8001A652] -> 0x0000
[2494] [M]: 0x8001A650 (0x00000213) addi tp, zero, 0
x4 <- 0x00000000


mem[X,0x8001A654] -> 0x006F
mem[X,0x8001A656] -> 0x00C0
[2495] [M]: 0x8001A654 (0x00C0006F) jal zero, 12


mem[X,0x8001A660] -> 0x1063
mem[X,0x8001A662] -> 0x08B5
[2496] [M]: 0x8001A660 (0x08B51063) bne a0, a1, 128


mem[X,0x8001A6E0] -> 0x0213
mem[X,0x8001A6E2] -> 0x0032
[2497] [M]: 0x8001A6E0 (0x00320213) addi tp, tp, 3
x4 <- 0x00000003


mem[X,0x8001A6E4] -> 0x006F
mem[X,0x8001A6E6] -> 0x0040
[2498] [M]: 0x8001A6E4 (0x0040006F) jal zero, 4


mem[X,0x8001A6E8] -> 0xA623
mem[X,0x8001A6EA] -> 0x3C40
[2499] [M]: 0x8001A6E8 (0x3C40A623) sw tp, 972(ra)
mem[0x8003A534] <- 0x00000003


clint::tick mtime <- 0x0000000000000019
 clint timer pending at mtime 0x0000000000000019
htif::tick 0x0000000000000000
mem[X,0x8001A6EC] -> 0xB537
mem[X,0x8001A6EE] -> 0x0000
[2500] [M]: 0x8001A6EC (0x0000B537) lui a0, 11
x10 <- 0x0000B000


mem[X,0x8001A6F0] -> 0x0513
mem[X,0x8001A6F2] -> 0x5045
[2501] [M]: 0x8001A6F0 (0x50450513) addi a0, a0, 1284
x10 <- 0x0000B504


mem[X,0x8001A6F4] -> 0x35B7
mem[X,0x8001A6F6] -> 0x3333
[2502] [M]: 0x8001A6F4 (0x333335B7) lui a1, 209715
x11 <- 0x33333000


mem[X,0x8001A6F8] -> 0x8593
mem[X,0x8001A6FA] -> 0x3325
[2503] [M]: 0x8001A6F8 (0x33258593) addi a1, a1, 818
x11 <- 0x33333332


mem[X,0x8001A6FC] -> 0x0213
mem[X,0x8001A6FE] -> 0x0000
[2504] [M]: 0x8001A6FC (0x00000213) addi tp, zero, 0
x4 <- 0x00000000


mem[X,0x8001A700] -> 0x006F
mem[X,0x8001A702] -> 0x00C0
[2505] [M]: 0x8001A700 (0x00C0006F) jal zero, 12


mem[X,0x8001A70C] -> 0x1663
mem[X,0x8001A70E] -> 0x00B5
[2506] [M]: 0x8001A70C (0x00B51663) bne a0, a1, 12


mem[X,0x8001A718] -> 0x0213
mem[X,0x8001A71A] -> 0x0032
[2507] [M]: 0x8001A718 (0x00320213) addi tp, tp, 3
x4 <- 0x00000003


mem[X,0x8001A71C] -> 0x006F
mem[X,0x8001A71E] -> 0x0040
[2508] [M]: 0x8001A71C (0x0040006F) jal zero, 4


mem[X,0x8001A720] -> 0xA823
mem[X,0x8001A722] -> 0x3C40
[2509] [M]: 0x8001A720 (0x3C40A823) sw tp, 976(ra)
mem[0x8003A538] <- 0x00000003


mem[X,0x8001A724] -> 0xB537
mem[X,0x8001A726] -> 0x0000
[2510] [M]: 0x8001A724 (0x0000B537) lui a0, 11
x10 <- 0x0000B000


mem[X,0x8001A728] -> 0x0513
mem[X,0x8001A72A] -> 0x5045
[2511] [M]: 0x8001A728 (0x50450513) addi a0, a0, 1284
x10 <- 0x0000B504


mem[X,0x8001A72C] -> 0x65B7
mem[X,0x8001A72E] -> 0x6666
[2512] [M]: 0x8001A72C (0x666665B7) lui a1, 419430
x11 <- 0x66666000


mem[X,0x8001A730] -> 0x8593
mem[X,0x8001A732] -> 0x6655
[2513] [M]: 0x8001A730 (0x66558593) addi a1, a1, 1637
x11 <- 0x66666665


mem[X,0x8001A734] -> 0x0213
mem[X,0x8001A736] -> 0x0000
[2514] [M]: 0x8001A734 (0x00000213) addi tp, zero, 0
x4 <- 0x00000000


mem[X,0x8001A738] -> 0x006F
mem[X,0x8001A73A] -> 0x00C0
[2515] [M]: 0x8001A738 (0x00C0006F) jal zero, 12


mem[X,0x8001A744] -> 0x1663
mem[X,0x8001A746] -> 0x00B5
[2516] [M]: 0x8001A744 (0x00B51663) bne a0, a1, 12


mem[X,0x8001A750] -> 0x0213
mem[X,0x8001A752] -> 0x0032
[2517] [M]: 0x8001A750 (0x00320213) addi tp, tp, 3
x4 <- 0x00000003


mem[X,0x8001A754] -> 0x006F
mem[X,0x8001A756] -> 0x0040
[2518] [M]: 0x8001A754 (0x0040006F) jal zero, 4


mem[X,0x8001A758] -> 0xAA23
mem[X,0x8001A75A] -> 0x3C40
[2519] [M]: 0x8001A758 (0x3C40AA23) sw tp, 980(ra)
mem[0x8003A53C] <- 0x00000003


mem[X,0x8001A75C] -> 0xB537
mem[X,0x8001A75E] -> 0x0000
[2520] [M]: 0x8001A75C (0x0000B537) lui a0, 11
x10 <- 0x0000B000


mem[X,0x8001A760] -> 0x0513
mem[X,0x8001A762] -> 0x5045
[2521] [M]: 0x8001A760 (0x50450513) addi a0, a0, 1284
x10 <- 0x0000B504


mem[X,0x8001A764] -> 0xB5B7
mem[X,0x8001A766] -> 0x0000
[2522] [M]: 0x8001A764 (0x0000B5B7) lui a1, 11
x11 <- 0x0000B000


mem[X,0x8001A768] -> 0x8593
mem[X,0x8001A76A] -> 0x5035
[2523] [M]: 0x8001A768 (0x50358593) addi a1, a1, 1283
x11 <- 0x0000B503


mem[X,0x8001A76C] -> 0x0213
mem[X,0x8001A76E] -> 0x0000
[2524] [M]: 0x8001A76C (0x00000213) addi tp, zero, 0
x4 <- 0x00000000


mem[X,0x8001A770] -> 0x006F
mem[X,0x8001A772] -> 0x00C0
[2525] [M]: 0x8001A770 (0x00C0006F) jal zero, 12


mem[X,0x8001A77C] -> 0x1663
mem[X,0x8001A77E] -> 0x00B5
[2526] [M]: 0x8001A77C (0x00B51663) bne a0, a1, 12


mem[X,0x8001A788] -> 0x0213
mem[X,0x8001A78A] -> 0x0032
[2527] [M]: 0x8001A788 (0x00320213) addi tp, tp, 3
x4 <- 0x00000003


mem[X,0x8001A78C] -> 0x006F
mem[X,0x8001A78E] -> 0x0040
[2528] [M]: 0x8001A78C (0x0040006F) jal zero, 4


mem[X,0x8001A790] -> 0xAC23
mem[X,0x8001A792] -> 0x3C40
[2529] [M]: 0x8001A790 (0x3C40AC23) sw tp, 984(ra)
mem[0x8003A540] <- 0x00000003


mem[X,0x8001A794] -> 0xB537
mem[X,0x8001A796] -> 0x0000
[2530] [M]: 0x8001A794 (0x0000B537) lui a0, 11
x10 <- 0x0000B000


mem[X,0x8001A798] -> 0x0513
mem[X,0x8001A79A] -> 0x5045
[2531] [M]: 0x8001A798 (0x50450513) addi a0, a0, 1284
x10 <- 0x0000B504


mem[X,0x8001A79C] -> 0x55B7
mem[X,0x8001A79E] -> 0x5555
[2532] [M]: 0x8001A79C (0x555555B7) lui a1, 349525
x11 <- 0x55555000


mem[X,0x8001A7A0] -> 0x8593
mem[X,0x8001A7A2] -> 0x5565
[2533] [M]: 0x8001A7A0 (0x55658593) addi a1, a1, 1366
x11 <- 0x55555556


mem[X,0x8001A7A4] -> 0x0213
mem[X,0x8001A7A6] -> 0x0000
[2534] [M]: 0x8001A7A4 (0x00000213) addi tp, zero, 0
x4 <- 0x00000000


mem[X,0x8001A7A8] -> 0x006F
mem[X,0x8001A7AA] -> 0x00C0
[2535] [M]: 0x8001A7A8 (0x00C0006F) jal zero, 12


mem[X,0x8001A7B4] -> 0x1663
mem[X,0x8001A7B6] -> 0x00B5
[2536] [M]: 0x8001A7B4 (0x00B51663) bne a0, a1, 12


mem[X,0x8001A7C0] -> 0x0213
mem[X,0x8001A7C2] -> 0x0032
[2537] [M]: 0x8001A7C0 (0x00320213) addi tp, tp, 3
x4 <- 0x00000003


mem[X,0x8001A7C4] -> 0x006F
mem[X,0x8001A7C6] -> 0x0040
[2538] [M]: 0x8001A7C4 (0x0040006F) jal zero, 4


mem[X,0x8001A7C8] -> 0xAE23
mem[X,0x8001A7CA] -> 0x3C40
[2539] [M]: 0x8001A7C8 (0x3C40AE23) sw tp, 988(ra)
mem[0x8003A544] <- 0x00000003


mem[X,0x8001A7CC] -> 0xB537
mem[X,0x8001A7CE] -> 0x0000
[2540] [M]: 0x8001A7CC (0x0000B537) lui a0, 11
x10 <- 0x0000B000


mem[X,0x8001A7D0] -> 0x0513
mem[X,0x8001A7D2] -> 0x5045
[2541] [M]: 0x8001A7D0 (0x50450513) addi a0, a0, 1284
x10 <- 0x0000B504


mem[X,0x8001A7D4] -> 0xB5B7
mem[X,0x8001A7D6] -> 0xAAAA
[2542] [M]: 0x8001A7D4 (0xAAAAB5B7) lui a1, 699051
x11 <- 0xAAAAB000


mem[X,0x8001A7D8] -> 0x8593
mem[X,0x8001A7DA] -> 0xAAB5
[2543] [M]: 0x8001A7D8 (0xAAB58593) addi a1, a1, 2731
x11 <- 0xAAAAAAAB


mem[X,0x8001A7DC] -> 0x0213
mem[X,0x8001A7DE] -> 0x0000
[2544] [M]: 0x8001A7DC (0x00000213) addi tp, zero, 0
x4 <- 0x00000000


mem[X,0x8001A7E0] -> 0x006F
mem[X,0x8001A7E2] -> 0x00C0
[2545] [M]: 0x8001A7E0 (0x00C0006F) jal zero, 12


mem[X,0x8001A7EC] -> 0x1CE3
mem[X,0x8001A7EE] -> 0xFEB5
[2546] [M]: 0x8001A7EC (0xFEB51CE3) bne a0, a1, 8184


mem[X,0x8001A7E4] -> 0x0213
mem[X,0x8001A7E6] -> 0x0012
[2547] [M]: 0x8001A7E4 (0x00120213) addi tp, tp, 1
x4 <- 0x00000001


mem[X,0x8001A7E8] -> 0x006F
mem[X,0x8001A7EA] -> 0x0180
[2548] [M]: 0x8001A7E8 (0x0180006F) jal zero, 24


mem[X,0x8001A800] -> 0xA023
mem[X,0x8001A802] -> 0x3E40
[2549] [M]: 0x8001A800 (0x3E40A023) sw tp, 992(ra)
mem[0x8003A548] <- 0x00000001


mem[X,0x8001A804] -> 0xB537
mem[X,0x8001A806] -> 0x0000
[2550] [M]: 0x8001A804 (0x0000B537) lui a0, 11
x10 <- 0x0000B000


mem[X,0x8001A808] -> 0x0513
mem[X,0x8001A80A] -> 0x5045
[2551] [M]: 0x8001A808 (0x50450513) addi a0, a0, 1284
x10 <- 0x0000B504


mem[X,0x8001A80C] -> 0x0593
mem[X,0x8001A80E] -> 0x0060
[2552] [M]: 0x8001A80C (0x00600593) addi a1, zero, 6
x11 <- 0x00000006


mem[X,0x8001A810] -> 0x0213
mem[X,0x8001A812] -> 0x0000
[2553] [M]: 0x8001A810 (0x00000213) addi tp, zero, 0
x4 <- 0x00000000


mem[X,0x8001A814] -> 0x006F
mem[X,0x8001A816] -> 0x0180
[2554] [M]: 0x8001A814 (0x0180006F) jal zero, 24


mem[X,0x8001A82C] -> 0x16E3
mem[X,0x8001A82E] -> 0xFEB5
[2555] [M]: 0x8001A82C (0xFEB516E3) bne a0, a1, 8172


mem[X,0x8001A818] -> 0x0213
mem[X,0x8001A81A] -> 0x0012
[2556] [M]: 0x8001A818 (0x00120213) addi tp, tp, 1
x4 <- 0x00000001


mem[X,0x8001A81C] -> 0x006F
mem[X,0x8001A81E] -> 0x0240
[2557] [M]: 0x8001A81C (0x0240006F) jal zero, 36


mem[X,0x8001A840] -> 0xA223
mem[X,0x8001A842] -> 0x3E40
[2558] [M]: 0x8001A840 (0x3E40A223) sw tp, 996(ra)
mem[0x8003A54C] <- 0x00000001


mem[X,0x8001A844] -> 0xB537
mem[X,0x8001A846] -> 0x0000
[2559] [M]: 0x8001A844 (0x0000B537) lui a0, 11
x10 <- 0x0000B000


mem[X,0x8001A848] -> 0x0513
mem[X,0x8001A84A] -> 0x5045
[2560] [M]: 0x8001A848 (0x50450513) addi a0, a0, 1284
x10 <- 0x0000B504


mem[X,0x8001A84C] -> 0x35B7
mem[X,0x8001A84E] -> 0x3333
[2561] [M]: 0x8001A84C (0x333335B7) lui a1, 209715
x11 <- 0x33333000


mem[X,0x8001A850] -> 0x8593
mem[X,0x8001A852] -> 0x3345
[2562] [M]: 0x8001A850 (0x33458593) addi a1, a1, 820
x11 <- 0x33333334


mem[X,0x8001A854] -> 0x0213
mem[X,0x8001A856] -> 0x0000
[2563] [M]: 0x8001A854 (0x00000213) addi tp, zero, 0
x4 <- 0x00000000


mem[X,0x8001A858] -> 0x006F
mem[X,0x8001A85A] -> 0x00C0
[2564] [M]: 0x8001A858 (0x00C0006F) jal zero, 12


mem[X,0x8001A864] -> 0x1663
mem[X,0x8001A866] -> 0x00B5
[2565] [M]: 0x8001A864 (0x00B51663) bne a0, a1, 12


mem[X,0x8001A870] -> 0x0213
mem[X,0x8001A872] -> 0x0032
[2566] [M]: 0x8001A870 (0x00320213) addi tp, tp, 3
x4 <- 0x00000003


mem[X,0x8001A874] -> 0x006F
mem[X,0x8001A876] -> 0x0040
[2567] [M]: 0x8001A874 (0x0040006F) jal zero, 4


mem[X,0x8001A878] -> 0xA423
mem[X,0x8001A87A] -> 0x3E40
[2568] [M]: 0x8001A878 (0x3E40A423) sw tp, 1000(ra)
mem[0x8003A550] <- 0x00000003


mem[X,0x8001A87C] -> 0xB537
mem[X,0x8001A87E] -> 0x0000
[2569] [M]: 0x8001A87C (0x0000B537) lui a0, 11
x10 <- 0x0000B000


mem[X,0x8001A880] -> 0x0513
mem[X,0x8001A882] -> 0x5045
[2570] [M]: 0x8001A880 (0x50450513) addi a0, a0, 1284
x10 <- 0x0000B504


mem[X,0x8001A884] -> 0x65B7
mem[X,0x8001A886] -> 0x6666
[2571] [M]: 0x8001A884 (0x666665B7) lui a1, 419430
x11 <- 0x66666000


mem[X,0x8001A888] -> 0x8593
mem[X,0x8001A88A] -> 0x6675
[2572] [M]: 0x8001A888 (0x66758593) addi a1, a1, 1639
x11 <- 0x66666667


mem[X,0x8001A88C] -> 0x0213
mem[X,0x8001A88E] -> 0x0000
[2573] [M]: 0x8001A88C (0x00000213) addi tp, zero, 0
x4 <- 0x00000000


mem[X,0x8001A890] -> 0x006F
mem[X,0x8001A892] -> 0x2B10
[2574] [M]: 0x8001A890 (0x2B10006F) jal zero, 2736


mem[X,0x8001B340] -> 0x1A63
mem[X,0x8001B342] -> 0xD4B5
[2575] [M]: 0x8001B340 (0xD4B51A63) bne a0, a1, 5460


mem[X,0x8001A894] -> 0x0213
mem[X,0x8001A896] -> 0x0012
[2576] [M]: 0x8001A894 (0x00120213) addi tp, tp, 1
x4 <- 0x00000001


mem[X,0x8001A898] -> 0x006F
mem[X,0x8001A89A] -> 0x2BD0
[2577] [M]: 0x8001A898 (0x2BD0006F) jal zero, 2748


mem[X,0x8001B354] -> 0xA623
mem[X,0x8001B356] -> 0x3E40
[2578] [M]: 0x8001B354 (0x3E40A623) sw tp, 1004(ra)
mem[0x8003A554] <- 0x00000001


mem[X,0x8001B358] -> 0xB537
mem[X,0x8001B35A] -> 0x0000
[2579] [M]: 0x8001B358 (0x0000B537) lui a0, 11
x10 <- 0x0000B000


mem[X,0x8001B35C] -> 0x0513
mem[X,0x8001B35E] -> 0x5045
[2580] [M]: 0x8001B35C (0x50450513) addi a0, a0, 1284
x10 <- 0x0000B504


mem[X,0x8001B360] -> 0x55B7
mem[X,0x8001B362] -> 0xFFFF
[2581] [M]: 0x8001B360 (0xFFFF55B7) lui a1, 1048565
x11 <- 0xFFFF5000


mem[X,0x8001B364] -> 0x8593
mem[X,0x8001B366] -> 0xAFD5
[2582] [M]: 0x8001B364 (0xAFD58593) addi a1, a1, 2813
x11 <- 0xFFFF4AFD


mem[X,0x8001B368] -> 0x0213
mem[X,0x8001B36A] -> 0x0000
[2583] [M]: 0x8001B368 (0x00000213) addi tp, zero, 0
x4 <- 0x00000000


mem[X,0x8001B36C] -> 0x006F
mem[X,0x8001B36E] -> 0x00C0
[2584] [M]: 0x8001B36C (0x00C0006F) jal zero, 12


mem[X,0x8001B378] -> 0x1663
mem[X,0x8001B37A] -> 0x00B5
[2585] [M]: 0x8001B378 (0x00B51663) bne a0, a1, 12


mem[X,0x8001B384] -> 0x0213
mem[X,0x8001B386] -> 0x0032
[2586] [M]: 0x8001B384 (0x00320213) addi tp, tp, 3
x4 <- 0x00000003


mem[X,0x8001B388] -> 0x006F
mem[X,0x8001B38A] -> 0x0040
[2587] [M]: 0x8001B388 (0x0040006F) jal zero, 4


mem[X,0x8001B38C] -> 0xA823
mem[X,0x8001B38E] -> 0x3E40
[2588] [M]: 0x8001B38C (0x3E40A823) sw tp, 1008(ra)
mem[0x8003A558] <- 0x00000003


mem[X,0x8001B390] -> 0xB537
mem[X,0x8001B392] -> 0x0000
[2589] [M]: 0x8001B390 (0x0000B537) lui a0, 11
x10 <- 0x0000B000


mem[X,0x8001B394] -> 0x0513
mem[X,0x8001B396] -> 0x5045
[2590] [M]: 0x8001B394 (0x50450513) addi a0, a0, 1284
x10 <- 0x0000B504


mem[X,0x8001B398] -> 0xB5B7
mem[X,0x8001B39A] -> 0x0000
[2591] [M]: 0x8001B398 (0x0000B5B7) lui a1, 11
x11 <- 0x0000B000


mem[X,0x8001B39C] -> 0x8593
mem[X,0x8001B39E] -> 0x5055
[2592] [M]: 0x8001B39C (0x50558593) addi a1, a1, 1285
x11 <- 0x0000B505


mem[X,0x8001B3A0] -> 0x0213
mem[X,0x8001B3A2] -> 0x0000
[2593] [M]: 0x8001B3A0 (0x00000213) addi tp, zero, 0
x4 <- 0x00000000


mem[X,0x8001B3A4] -> 0x006F
mem[X,0x8001B3A6] -> 0x00C0
[2594] [M]: 0x8001B3A4 (0x00C0006F) jal zero, 12


mem[X,0x8001B3B0] -> 0x1663
mem[X,0x8001B3B2] -> 0x00B5
[2595] [M]: 0x8001B3B0 (0x00B51663) bne a0, a1, 12


mem[X,0x8001B3BC] -> 0x0213
mem[X,0x8001B3BE] -> 0x0032
[2596] [M]: 0x8001B3BC (0x00320213) addi tp, tp, 3
x4 <- 0x00000003


mem[X,0x8001B3C0] -> 0x006F
mem[X,0x8001B3C2] -> 0x0040
[2597] [M]: 0x8001B3C0 (0x0040006F) jal zero, 4


mem[X,0x8001B3C4] -> 0xAA23
mem[X,0x8001B3C6] -> 0x3E40
[2598] [M]: 0x8001B3C4 (0x3E40AA23) sw tp, 1012(ra)
mem[0x8003A55C] <- 0x00000003


mem[X,0x8001B3C8] -> 0x0513
mem[X,0x8001B3CA] -> 0x0020
[2599] [M]: 0x8001B3C8 (0x00200513) addi a0, zero, 2
x10 <- 0x00000002


clint::tick mtime <- 0x000000000000001A
 clint timer pending at mtime 0x000000000000001A
htif::tick 0x0000000000000000
mem[X,0x8001B3CC] -> 0x0593
mem[X,0x8001B3CE] -> 0x0030
[2600] [M]: 0x8001B3CC (0x00300593) addi a1, zero, 3
x11 <- 0x00000003


mem[X,0x8001B3D0] -> 0x0213
mem[X,0x8001B3D2] -> 0x0000
[2601] [M]: 0x8001B3D0 (0x00000213) addi tp, zero, 0
x4 <- 0x00000000


mem[X,0x8001B3D4] -> 0x006F
mem[X,0x8001B3D6] -> 0x00C0
[2602] [M]: 0x8001B3D4 (0x00C0006F) jal zero, 12


mem[X,0x8001B3E0] -> 0x1063
mem[X,0x8001B3E2] -> 0x04B5
[2603] [M]: 0x8001B3E0 (0x04B51063) bne a0, a1, 64


mem[X,0x8001B420] -> 0x0213
mem[X,0x8001B422] -> 0x0032
[2604] [M]: 0x8001B420 (0x00320213) addi tp, tp, 3
x4 <- 0x00000003


mem[X,0x8001B424] -> 0x006F
mem[X,0x8001B426] -> 0x0040
[2605] [M]: 0x8001B424 (0x0040006F) jal zero, 4


mem[X,0x8001B428] -> 0xAC23
mem[X,0x8001B42A] -> 0x3E40
[2606] [M]: 0x8001B428 (0x3E40AC23) sw tp, 1016(ra)
mem[0x8003A560] <- 0x00000003


mem[X,0x8001B42C] -> 0x0513
mem[X,0x8001B42E] -> 0x0020
[2607] [M]: 0x8001B42C (0x00200513) addi a0, zero, 2
x10 <- 0x00000002


mem[X,0x8001B430] -> 0x55B7
mem[X,0x8001B432] -> 0x5555
[2608] [M]: 0x8001B430 (0x555555B7) lui a1, 349525
x11 <- 0x55555000


mem[X,0x8001B434] -> 0x8593
mem[X,0x8001B436] -> 0x5555
[2609] [M]: 0x8001B434 (0x55558593) addi a1, a1, 1365
x11 <- 0x55555555


mem[X,0x8001B438] -> 0x0213
mem[X,0x8001B43A] -> 0x0000
[2610] [M]: 0x8001B438 (0x00000213) addi tp, zero, 0
x4 <- 0x00000000


mem[X,0x8001B43C] -> 0x006F
mem[X,0x8001B43E] -> 0x00C0
[2611] [M]: 0x8001B43C (0x00C0006F) jal zero, 12


mem[X,0x8001B448] -> 0x1063
mem[X,0x8001B44A] -> 0x04B5
[2612] [M]: 0x8001B448 (0x04B51063) bne a0, a1, 64


mem[X,0x8001B488] -> 0x0213
mem[X,0x8001B48A] -> 0x0032
[2613] [M]: 0x8001B488 (0x00320213) addi tp, tp, 3
x4 <- 0x00000003


mem[X,0x8001B48C] -> 0x006F
mem[X,0x8001B48E] -> 0x0040
[2614] [M]: 0x8001B48C (0x0040006F) jal zero, 4


mem[X,0x8001B490] -> 0xAE23
mem[X,0x8001B492] -> 0x3E40
[2615] [M]: 0x8001B490 (0x3E40AE23) sw tp, 1020(ra)
mem[0x8003A564] <- 0x00000003


mem[X,0x8001B494] -> 0x0513
mem[X,0x8001B496] -> 0x0020
[2616] [M]: 0x8001B494 (0x00200513) addi a0, zero, 2
x10 <- 0x00000002


mem[X,0x8001B498] -> 0xB5B7
mem[X,0x8001B49A] -> 0xAAAA
[2617] [M]: 0x8001B498 (0xAAAAB5B7) lui a1, 699051
x11 <- 0xAAAAB000


mem[X,0x8001B49C] -> 0x8593
mem[X,0x8001B49E] -> 0xAAA5
[2618] [M]: 0x8001B49C (0xAAA58593) addi a1, a1, 2730
x11 <- 0xAAAAAAAA


mem[X,0x8001B4A0] -> 0x0213
mem[X,0x8001B4A2] -> 0x0000
[2619] [M]: 0x8001B4A0 (0x00000213) addi tp, zero, 0
x4 <- 0x00000000


mem[X,0x8001B4A4] -> 0x006F
mem[X,0x8001B4A6] -> 0x0140
[2620] [M]: 0x8001B4A4 (0x0140006F) jal zero, 20


mem[X,0x8001B4B8] -> 0x18E3
mem[X,0x8001B4BA] -> 0xFEB5
[2621] [M]: 0x8001B4B8 (0xFEB518E3) bne a0, a1, 8176


mem[X,0x8001B4A8] -> 0x0213
mem[X,0x8001B4AA] -> 0x0012
[2622] [M]: 0x8001B4A8 (0x00120213) addi tp, tp, 1
x4 <- 0x00000001


mem[X,0x8001B4AC] -> 0x006F
mem[X,0x8001B4AE] -> 0x0200
[2623] [M]: 0x8001B4AC (0x0200006F) jal zero, 32


mem[X,0x8001B4CC] -> 0xA023
mem[X,0x8001B4CE] -> 0x4040
[2624] [M]: 0x8001B4CC (0x4040A023) sw tp, 1024(ra)
mem[0x8003A568] <- 0x00000001


mem[X,0x8001B4D0] -> 0x0513
mem[X,0x8001B4D2] -> 0x0020
[2625] [M]: 0x8001B4D0 (0x00200513) addi a0, zero, 2
x10 <- 0x00000002


mem[X,0x8001B4D4] -> 0x0593
mem[X,0x8001B4D6] -> 0x0050
[2626] [M]: 0x8001B4D4 (0x00500593) addi a1, zero, 5
x11 <- 0x00000005


mem[X,0x8001B4D8] -> 0x0213
mem[X,0x8001B4DA] -> 0x0000
[2627] [M]: 0x8001B4D8 (0x00000213) addi tp, zero, 0
x4 <- 0x00000000


mem[X,0x8001B4DC] -> 0x006F
mem[X,0x8001B4DE] -> 0x00C0
[2628] [M]: 0x8001B4DC (0x00C0006F) jal zero, 12


mem[X,0x8001B4E8] -> 0x1863
mem[X,0x8001B4EA] -> 0x00B5
[2629] [M]: 0x8001B4E8 (0x00B51863) bne a0, a1, 16


mem[X,0x8001B4F8] -> 0x0213
mem[X,0x8001B4FA] -> 0x0032
[2630] [M]: 0x8001B4F8 (0x00320213) addi tp, tp, 3
x4 <- 0x00000003


mem[X,0x8001B4FC] -> 0x006F
mem[X,0x8001B4FE] -> 0x0040
[2631] [M]: 0x8001B4FC (0x0040006F) jal zero, 4


mem[X,0x8001B500] -> 0xA223
mem[X,0x8001B502] -> 0x4040
[2632] [M]: 0x8001B500 (0x4040A223) sw tp, 1028(ra)
mem[0x8003A56C] <- 0x00000003


mem[X,0x8001B504] -> 0x0513
mem[X,0x8001B506] -> 0x0020
[2633] [M]: 0x8001B504 (0x00200513) addi a0, zero, 2
x10 <- 0x00000002


mem[X,0x8001B508] -> 0x35B7
mem[X,0x8001B50A] -> 0x3333
[2634] [M]: 0x8001B508 (0x333335B7) lui a1, 209715
x11 <- 0x33333000


mem[X,0x8001B50C] -> 0x8593
mem[X,0x8001B50E] -> 0x3335
[2635] [M]: 0x8001B50C (0x33358593) addi a1, a1, 819
x11 <- 0x33333333


mem[X,0x8001B510] -> 0x0213
mem[X,0x8001B512] -> 0x0000
[2636] [M]: 0x8001B510 (0x00000213) addi tp, zero, 0
x4 <- 0x00000000


mem[X,0x8001B514] -> 0x006F
mem[X,0x8001B516] -> 0x00C0
[2637] [M]: 0x8001B514 (0x00C0006F) jal zero, 12


mem[X,0x8001B520] -> 0x1063
mem[X,0x8001B522] -> 0x40B5
[2638] [M]: 0x8001B520 (0x40B51063) bne a0, a1, 1024


mem[X,0x8001B920] -> 0x0213
mem[X,0x8001B922] -> 0x0032
[2639] [M]: 0x8001B920 (0x00320213) addi tp, tp, 3
x4 <- 0x00000003


mem[X,0x8001B924] -> 0x006F
mem[X,0x8001B926] -> 0x0040
[2640] [M]: 0x8001B924 (0x0040006F) jal zero, 4


mem[X,0x8001B928] -> 0xA423
mem[X,0x8001B92A] -> 0x4040
[2641] [M]: 0x8001B928 (0x4040A423) sw tp, 1032(ra)
mem[0x8003A570] <- 0x00000003


mem[X,0x8001B92C] -> 0x0513
mem[X,0x8001B92E] -> 0x0020
[2642] [M]: 0x8001B92C (0x00200513) addi a0, zero, 2
x10 <- 0x00000002


mem[X,0x8001B930] -> 0x65B7
mem[X,0x8001B932] -> 0x6666
[2643] [M]: 0x8001B930 (0x666665B7) lui a1, 419430
x11 <- 0x66666000


mem[X,0x8001B934] -> 0x8593
mem[X,0x8001B936] -> 0x6665
[2644] [M]: 0x8001B934 (0x66658593) addi a1, a1, 1638
x11 <- 0x66666666


mem[X,0x8001B938] -> 0x0213
mem[X,0x8001B93A] -> 0x0000
[2645] [M]: 0x8001B938 (0x00000213) addi tp, zero, 0
x4 <- 0x00000000


mem[X,0x8001B93C] -> 0x006F
mem[X,0x8001B93E] -> 0x00C0
[2646] [M]: 0x8001B93C (0x00C0006F) jal zero, 12


mem[X,0x8001B948] -> 0x1063
mem[X,0x8001B94A] -> 0x10B5
[2647] [M]: 0x8001B948 (0x10B51063) bne a0, a1, 256


mem[X,0x8001BA48] -> 0x0213
mem[X,0x8001BA4A] -> 0x0032
[2648] [M]: 0x8001BA48 (0x00320213) addi tp, tp, 3
x4 <- 0x00000003


mem[X,0x8001BA4C] -> 0x006F
mem[X,0x8001BA4E] -> 0x0040
[2649] [M]: 0x8001BA4C (0x0040006F) jal zero, 4


mem[X,0x8001BA50] -> 0xA623
mem[X,0x8001BA52] -> 0x4040
[2650] [M]: 0x8001BA50 (0x4040A623) sw tp, 1036(ra)
mem[0x8003A574] <- 0x00000003


mem[X,0x8001BA54] -> 0x0513
mem[X,0x8001BA56] -> 0x0020
[2651] [M]: 0x8001BA54 (0x00200513) addi a0, zero, 2
x10 <- 0x00000002


mem[X,0x8001BA58] -> 0x55B7
mem[X,0x8001BA5A] -> 0xFFFF
[2652] [M]: 0x8001BA58 (0xFFFF55B7) lui a1, 1048565
x11 <- 0xFFFF5000


mem[X,0x8001BA5C] -> 0x8593
mem[X,0x8001BA5E] -> 0xAFC5
[2653] [M]: 0x8001BA5C (0xAFC58593) addi a1, a1, 2812
x11 <- 0xFFFF4AFC


mem[X,0x8001BA60] -> 0x0213
mem[X,0x8001BA62] -> 0x0000
[2654] [M]: 0x8001BA60 (0x00000213) addi tp, zero, 0
x4 <- 0x00000000


mem[X,0x8001BA64] -> 0x006F
mem[X,0x8001BA66] -> 0x0180
[2655] [M]: 0x8001BA64 (0x0180006F) jal zero, 24


mem[X,0x8001BA7C] -> 0x16E3
mem[X,0x8001BA7E] -> 0xFEB5
[2656] [M]: 0x8001BA7C (0xFEB516E3) bne a0, a1, 8172


mem[X,0x8001BA68] -> 0x0213
mem[X,0x8001BA6A] -> 0x0012
[2657] [M]: 0x8001BA68 (0x00120213) addi tp, tp, 1
x4 <- 0x00000001


mem[X,0x8001BA6C] -> 0x006F
mem[X,0x8001BA6E] -> 0x0240
[2658] [M]: 0x8001BA6C (0x0240006F) jal zero, 36


mem[X,0x8001BA90] -> 0xA823
mem[X,0x8001BA92] -> 0x4040
[2659] [M]: 0x8001BA90 (0x4040A823) sw tp, 1040(ra)
mem[0x8003A578] <- 0x00000001


mem[X,0x8001BA94] -> 0x0513
mem[X,0x8001BA96] -> 0x0020
[2660] [M]: 0x8001BA94 (0x00200513) addi a0, zero, 2
x10 <- 0x00000002


mem[X,0x8001BA98] -> 0xB5B7
mem[X,0x8001BA9A] -> 0x0000
[2661] [M]: 0x8001BA98 (0x0000B5B7) lui a1, 11
x11 <- 0x0000B000


mem[X,0x8001BA9C] -> 0x8593
mem[X,0x8001BA9E] -> 0x5045
[2662] [M]: 0x8001BA9C (0x50458593) addi a1, a1, 1284
x11 <- 0x0000B504


mem[X,0x8001BAA0] -> 0x0213
mem[X,0x8001BAA2] -> 0x0000
[2663] [M]: 0x8001BAA0 (0x00000213) addi tp, zero, 0
x4 <- 0x00000000


mem[X,0x8001BAA4] -> 0x006F
mem[X,0x8001BAA6] -> 0x00C0
[2664] [M]: 0x8001BAA4 (0x00C0006F) jal zero, 12


mem[X,0x8001BAB0] -> 0x1063
mem[X,0x8001BAB2] -> 0x08B5
[2665] [M]: 0x8001BAB0 (0x08B51063) bne a0, a1, 128


mem[X,0x8001BB30] -> 0x0213
mem[X,0x8001BB32] -> 0x0032
[2666] [M]: 0x8001BB30 (0x00320213) addi tp, tp, 3
x4 <- 0x00000003


mem[X,0x8001BB34] -> 0x006F
mem[X,0x8001BB36] -> 0x0040
[2667] [M]: 0x8001BB34 (0x0040006F) jal zero, 4


mem[X,0x8001BB38] -> 0xAA23
mem[X,0x8001BB3A] -> 0x4040
[2668] [M]: 0x8001BB38 (0x4040AA23) sw tp, 1044(ra)
mem[0x8003A57C] <- 0x00000003


mem[X,0x8001BB3C] -> 0x0513
mem[X,0x8001BB3E] -> 0x0020
[2669] [M]: 0x8001BB3C (0x00200513) addi a0, zero, 2
x10 <- 0x00000002


mem[X,0x8001BB40] -> 0x0593
mem[X,0x8001BB42] -> 0x0020
[2670] [M]: 0x8001BB40 (0x00200593) addi a1, zero, 2
x11 <- 0x00000002


mem[X,0x8001BB44] -> 0x0213
mem[X,0x8001BB46] -> 0x0000
[2671] [M]: 0x8001BB44 (0x00000213) addi tp, zero, 0
x4 <- 0x00000000


mem[X,0x8001BB48] -> 0x006F
mem[X,0x8001BB4A] -> 0x00C0
[2672] [M]: 0x8001BB48 (0x00C0006F) jal zero, 12


mem[X,0x8001BB54] -> 0x1863
mem[X,0x8001BB56] -> 0x00B5
[2673] [M]: 0x8001BB54 (0x00B51863) bne a0, a1, 16


mem[X,0x8001BB58] -> 0x0213
mem[X,0x8001BB5A] -> 0x0022
[2674] [M]: 0x8001BB58 (0x00220213) addi tp, tp, 2
x4 <- 0x00000002


mem[X,0x8001BB5C] -> 0x006F
mem[X,0x8001BB5E] -> 0x0100
[2675] [M]: 0x8001BB5C (0x0100006F) jal zero, 16


mem[X,0x8001BB6C] -> 0xAC23
mem[X,0x8001BB6E] -> 0x4040
[2676] [M]: 0x8001BB6C (0x4040AC23) sw tp, 1048(ra)
mem[0x8003A580] <- 0x00000002


mem[X,0x8001BB70] -> 0x0513
mem[X,0x8001BB72] -> 0x0020
[2677] [M]: 0x8001BB70 (0x00200513) addi a0, zero, 2
x10 <- 0x00000002


mem[X,0x8001BB74] -> 0x55B7
mem[X,0x8001BB76] -> 0x5555
[2678] [M]: 0x8001BB74 (0x555555B7) lui a1, 349525
x11 <- 0x55555000


mem[X,0x8001BB78] -> 0x8593
mem[X,0x8001BB7A] -> 0x5545
[2679] [M]: 0x8001BB78 (0x55458593) addi a1, a1, 1364
x11 <- 0x55555554


mem[X,0x8001BB7C] -> 0x0213
mem[X,0x8001BB7E] -> 0x0000
[2680] [M]: 0x8001BB7C (0x00000213) addi tp, zero, 0
x4 <- 0x00000000


mem[X,0x8001BB80] -> 0x006F
mem[X,0x8001BB82] -> 0x00C0
[2681] [M]: 0x8001BB80 (0x00C0006F) jal zero, 12


mem[X,0x8001BB8C] -> 0x1663
mem[X,0x8001BB8E] -> 0x00B5
[2682] [M]: 0x8001BB8C (0x00B51663) bne a0, a1, 12


mem[X,0x8001BB98] -> 0x0213
mem[X,0x8001BB9A] -> 0x0032
[2683] [M]: 0x8001BB98 (0x00320213) addi tp, tp, 3
x4 <- 0x00000003


mem[X,0x8001BB9C] -> 0x006F
mem[X,0x8001BB9E] -> 0x0040
[2684] [M]: 0x8001BB9C (0x0040006F) jal zero, 4


mem[X,0x8001BBA0] -> 0xAE23
mem[X,0x8001BBA2] -> 0x4040
[2685] [M]: 0x8001BBA0 (0x4040AE23) sw tp, 1052(ra)
mem[0x8003A584] <- 0x00000003


mem[X,0x8001BBA4] -> 0x0513
mem[X,0x8001BBA6] -> 0x0020
[2686] [M]: 0x8001BBA4 (0x00200513) addi a0, zero, 2
x10 <- 0x00000002


mem[X,0x8001BBA8] -> 0x0593
mem[X,0x8001BBAA] -> 0x0000
[2687] [M]: 0x8001BBA8 (0x00000593) addi a1, zero, 0
x11 <- 0x00000000


mem[X,0x8001BBAC] -> 0x0213
mem[X,0x8001BBAE] -> 0x0000
[2688] [M]: 0x8001BBAC (0x00000213) addi tp, zero, 0
x4 <- 0x00000000


mem[X,0x8001BBB0] -> 0x006F
mem[X,0x8001BBB2] -> 0x00C0
[2689] [M]: 0x8001BBB0 (0x00C0006F) jal zero, 12


mem[X,0x8001BBBC] -> 0x1063
mem[X,0x8001BBBE] -> 0x02B5
[2690] [M]: 0x8001BBBC (0x02B51063) bne a0, a1, 32


mem[X,0x8001BBDC] -> 0x0213
mem[X,0x8001BBDE] -> 0x0032
[2691] [M]: 0x8001BBDC (0x00320213) addi tp, tp, 3
x4 <- 0x00000003


mem[X,0x8001BBE0] -> 0x006F
mem[X,0x8001BBE2] -> 0x0040
[2692] [M]: 0x8001BBE0 (0x0040006F) jal zero, 4


mem[X,0x8001BBE4] -> 0xA023
mem[X,0x8001BBE6] -> 0x4240
[2693] [M]: 0x8001BBE4 (0x4240A023) sw tp, 1056(ra)
mem[0x8003A588] <- 0x00000003


mem[X,0x8001BBE8] -> 0x0513
mem[X,0x8001BBEA] -> 0x0020
[2694] [M]: 0x8001BBE8 (0x00200513) addi a0, zero, 2
x10 <- 0x00000002


mem[X,0x8001BBEC] -> 0x0593
mem[X,0x8001BBEE] -> 0x0040
[2695] [M]: 0x8001BBEC (0x00400593) addi a1, zero, 4
x11 <- 0x00000004


mem[X,0x8001BBF0] -> 0x0213
mem[X,0x8001BBF2] -> 0x0000
[2696] [M]: 0x8001BBF0 (0x00000213) addi tp, zero, 0
x4 <- 0x00000000


mem[X,0x8001BBF4] -> 0x006F
mem[X,0x8001BBF6] -> 0x00C0
[2697] [M]: 0x8001BBF4 (0x00C0006F) jal zero, 12


mem[X,0x8001BC00] -> 0x1663
mem[X,0x8001BC02] -> 0x00B5
[2698] [M]: 0x8001BC00 (0x00B51663) bne a0, a1, 12


mem[X,0x8001BC0C] -> 0x0213
mem[X,0x8001BC0E] -> 0x0032
[2699] [M]: 0x8001BC0C (0x00320213) addi tp, tp, 3
x4 <- 0x00000003


clint::tick mtime <- 0x000000000000001B
 clint timer pending at mtime 0x000000000000001B
htif::tick 0x0000000000000000
mem[X,0x8001BC10] -> 0x006F
mem[X,0x8001BC12] -> 0x0040
[2700] [M]: 0x8001BC10 (0x0040006F) jal zero, 4


mem[X,0x8001BC14] -> 0xA223
mem[X,0x8001BC16] -> 0x4240
[2701] [M]: 0x8001BC14 (0x4240A223) sw tp, 1060(ra)
mem[0x8003A58C] <- 0x00000003


mem[X,0x8001BC18] -> 0x0513
mem[X,0x8001BC1A] -> 0x0020
[2702] [M]: 0x8001BC18 (0x00200513) addi a0, zero, 2
x10 <- 0x00000002


mem[X,0x8001BC1C] -> 0x35B7
mem[X,0x8001BC1E] -> 0x3333
[2703] [M]: 0x8001BC1C (0x333335B7) lui a1, 209715
x11 <- 0x33333000


mem[X,0x8001BC20] -> 0x8593
mem[X,0x8001BC22] -> 0x3325
[2704] [M]: 0x8001BC20 (0x33258593) addi a1, a1, 818
x11 <- 0x33333332


mem[X,0x8001BC24] -> 0x0213
mem[X,0x8001BC26] -> 0x0000
[2705] [M]: 0x8001BC24 (0x00000213) addi tp, zero, 0
x4 <- 0x00000000


mem[X,0x8001BC28] -> 0x006F
mem[X,0x8001BC2A] -> 0x00C0
[2706] [M]: 0x8001BC28 (0x00C0006F) jal zero, 12


mem[X,0x8001BC34] -> 0x1063
mem[X,0x8001BC36] -> 0x02B5
[2707] [M]: 0x8001BC34 (0x02B51063) bne a0, a1, 32


mem[X,0x8001BC54] -> 0x0213
mem[X,0x8001BC56] -> 0x0032
[2708] [M]: 0x8001BC54 (0x00320213) addi tp, tp, 3
x4 <- 0x00000003


mem[X,0x8001BC58] -> 0x006F
mem[X,0x8001BC5A] -> 0x0040
[2709] [M]: 0x8001BC58 (0x0040006F) jal zero, 4


mem[X,0x8001BC5C] -> 0xA423
mem[X,0x8001BC5E] -> 0x4240
[2710] [M]: 0x8001BC5C (0x4240A423) sw tp, 1064(ra)
mem[0x8003A590] <- 0x00000003


mem[X,0x8001BC60] -> 0x0513
mem[X,0x8001BC62] -> 0x0020
[2711] [M]: 0x8001BC60 (0x00200513) addi a0, zero, 2
x10 <- 0x00000002


mem[X,0x8001BC64] -> 0x65B7
mem[X,0x8001BC66] -> 0x6666
[2712] [M]: 0x8001BC64 (0x666665B7) lui a1, 419430
x11 <- 0x66666000


mem[X,0x8001BC68] -> 0x8593
mem[X,0x8001BC6A] -> 0x6655
[2713] [M]: 0x8001BC68 (0x66558593) addi a1, a1, 1637
x11 <- 0x66666665


mem[X,0x8001BC6C] -> 0x0213
mem[X,0x8001BC6E] -> 0x0000
[2714] [M]: 0x8001BC6C (0x00000213) addi tp, zero, 0
x4 <- 0x00000000


mem[X,0x8001BC70] -> 0x006F
mem[X,0x8001BC72] -> 0x0180
[2715] [M]: 0x8001BC70 (0x0180006F) jal zero, 24


mem[X,0x8001BC88] -> 0x16E3
mem[X,0x8001BC8A] -> 0xFEB5
[2716] [M]: 0x8001BC88 (0xFEB516E3) bne a0, a1, 8172


mem[X,0x8001BC74] -> 0x0213
mem[X,0x8001BC76] -> 0x0012
[2717] [M]: 0x8001BC74 (0x00120213) addi tp, tp, 1
x4 <- 0x00000001


mem[X,0x8001BC78] -> 0x006F
mem[X,0x8001BC7A] -> 0x0240
[2718] [M]: 0x8001BC78 (0x0240006F) jal zero, 36


mem[X,0x8001BC9C] -> 0xA623
mem[X,0x8001BC9E] -> 0x4240
[2719] [M]: 0x8001BC9C (0x4240A623) sw tp, 1068(ra)
mem[0x8003A594] <- 0x00000001


mem[X,0x8001BCA0] -> 0x0513
mem[X,0x8001BCA2] -> 0x0020
[2720] [M]: 0x8001BCA0 (0x00200513) addi a0, zero, 2
x10 <- 0x00000002


mem[X,0x8001BCA4] -> 0xB5B7
mem[X,0x8001BCA6] -> 0x0000
[2721] [M]: 0x8001BCA4 (0x0000B5B7) lui a1, 11
x11 <- 0x0000B000


mem[X,0x8001BCA8] -> 0x8593
mem[X,0x8001BCAA] -> 0x5035
[2722] [M]: 0x8001BCA8 (0x50358593) addi a1, a1, 1283
x11 <- 0x0000B503


mem[X,0x8001BCAC] -> 0x0213
mem[X,0x8001BCAE] -> 0x0000
[2723] [M]: 0x8001BCAC (0x00000213) addi tp, zero, 0
x4 <- 0x00000000


mem[X,0x8001BCB0] -> 0x006F
mem[X,0x8001BCB2] -> 0x00C0
[2724] [M]: 0x8001BCB0 (0x00C0006F) jal zero, 12


mem[X,0x8001BCBC] -> 0x1863
mem[X,0x8001BCBE] -> 0x00B5
[2725] [M]: 0x8001BCBC (0x00B51863) bne a0, a1, 16


mem[X,0x8001BCCC] -> 0x0213
mem[X,0x8001BCCE] -> 0x0032
[2726] [M]: 0x8001BCCC (0x00320213) addi tp, tp, 3
x4 <- 0x00000003


mem[X,0x8001BCD0] -> 0x006F
mem[X,0x8001BCD2] -> 0x0040
[2727] [M]: 0x8001BCD0 (0x0040006F) jal zero, 4


mem[X,0x8001BCD4] -> 0xA823
mem[X,0x8001BCD6] -> 0x4240
[2728] [M]: 0x8001BCD4 (0x4240A823) sw tp, 1072(ra)
mem[0x8003A598] <- 0x00000003


mem[X,0x8001BCD8] -> 0x0513
mem[X,0x8001BCDA] -> 0x0020
[2729] [M]: 0x8001BCD8 (0x00200513) addi a0, zero, 2
x10 <- 0x00000002


mem[X,0x8001BCDC] -> 0x55B7
mem[X,0x8001BCDE] -> 0x5555
[2730] [M]: 0x8001BCDC (0x555555B7) lui a1, 349525
x11 <- 0x55555000


mem[X,0x8001BCE0] -> 0x8593
mem[X,0x8001BCE2] -> 0x5565
[2731] [M]: 0x8001BCE0 (0x55658593) addi a1, a1, 1366
x11 <- 0x55555556


mem[X,0x8001BCE4] -> 0x0213
mem[X,0x8001BCE6] -> 0x0000
[2732] [M]: 0x8001BCE4 (0x00000213) addi tp, zero, 0
x4 <- 0x00000000


mem[X,0x8001BCE8] -> 0x006F
mem[X,0x8001BCEA] -> 0x0050
[2733] [M]: 0x8001BCE8 (0x0050006F) jal zero, 2052


mem[X,0x8001C4EC] -> 0x10E3
mem[X,0x8001C4EE] -> 0x80B5
[2734] [M]: 0x8001C4EC (0x80B510E3) bne a0, a1, 6144


mem[X,0x8001BCEC] -> 0x0213
mem[X,0x8001BCEE] -> 0x0012
[2735] [M]: 0x8001BCEC (0x00120213) addi tp, tp, 1
x4 <- 0x00000001


mem[X,0x8001BCF0] -> 0x006F
mem[X,0x8001BCF2] -> 0x0110
[2736] [M]: 0x8001BCF0 (0x0110006F) jal zero, 2064


mem[X,0x8001C500] -> 0xAA23
mem[X,0x8001C502] -> 0x4240
[2737] [M]: 0x8001C500 (0x4240AA23) sw tp, 1076(ra)
mem[0x8003A59C] <- 0x00000001


mem[X,0x8001C504] -> 0x0513
mem[X,0x8001C506] -> 0x0020
[2738] [M]: 0x8001C504 (0x00200513) addi a0, zero, 2
x10 <- 0x00000002


mem[X,0x8001C508] -> 0xB5B7
mem[X,0x8001C50A] -> 0xAAAA
[2739] [M]: 0x8001C508 (0xAAAAB5B7) lui a1, 699051
x11 <- 0xAAAAB000


mem[X,0x8001C50C] -> 0x8593
mem[X,0x8001C50E] -> 0xAAB5
[2740] [M]: 0x8001C50C (0xAAB58593) addi a1, a1, 2731
x11 <- 0xAAAAAAAB


mem[X,0x8001C510] -> 0x0213
mem[X,0x8001C512] -> 0x0000
[2741] [M]: 0x8001C510 (0x00000213) addi tp, zero, 0
x4 <- 0x00000000


mem[X,0x8001C514] -> 0x006F
mem[X,0x8001C516] -> 0x0050
[2742] [M]: 0x8001C514 (0x0050006F) jal zero, 2052


mem[X,0x8001CD18] -> 0x10E3
mem[X,0x8001CD1A] -> 0x80B5
[2743] [M]: 0x8001CD18 (0x80B510E3) bne a0, a1, 6144


mem[X,0x8001C518] -> 0x0213
mem[X,0x8001C51A] -> 0x0012
[2744] [M]: 0x8001C518 (0x00120213) addi tp, tp, 1
x4 <- 0x00000001


mem[X,0x8001C51C] -> 0x006F
mem[X,0x8001C51E] -> 0x0110
[2745] [M]: 0x8001C51C (0x0110006F) jal zero, 2064


mem[X,0x8001CD2C] -> 0xAC23
mem[X,0x8001CD2E] -> 0x4240
[2746] [M]: 0x8001CD2C (0x4240AC23) sw tp, 1080(ra)
mem[0x8003A5A0] <- 0x00000001


mem[X,0x8001CD30] -> 0x0513
mem[X,0x8001CD32] -> 0x0020
[2747] [M]: 0x8001CD30 (0x00200513) addi a0, zero, 2
x10 <- 0x00000002


mem[X,0x8001CD34] -> 0x0593
mem[X,0x8001CD36] -> 0x0060
[2748] [M]: 0x8001CD34 (0x00600593) addi a1, zero, 6
x11 <- 0x00000006


mem[X,0x8001CD38] -> 0x0213
mem[X,0x8001CD3A] -> 0x0000
[2749] [M]: 0x8001CD38 (0x00000213) addi tp, zero, 0
x4 <- 0x00000000


mem[X,0x8001CD3C] -> 0x006F
mem[X,0x8001CD3E] -> 0x0180
[2750] [M]: 0x8001CD3C (0x0180006F) jal zero, 24


mem[X,0x8001CD54] -> 0x16E3
mem[X,0x8001CD56] -> 0xFEB5
[2751] [M]: 0x8001CD54 (0xFEB516E3) bne a0, a1, 8172


mem[X,0x8001CD40] -> 0x0213
mem[X,0x8001CD42] -> 0x0012
[2752] [M]: 0x8001CD40 (0x00120213) addi tp, tp, 1
x4 <- 0x00000001


mem[X,0x8001CD44] -> 0x006F
mem[X,0x8001CD46] -> 0x0240
[2753] [M]: 0x8001CD44 (0x0240006F) jal zero, 36


mem[X,0x8001CD68] -> 0xAE23
mem[X,0x8001CD6A] -> 0x4240
[2754] [M]: 0x8001CD68 (0x4240AE23) sw tp, 1084(ra)
mem[0x8003A5A4] <- 0x00000001


mem[X,0x8001CD6C] -> 0x0513
mem[X,0x8001CD6E] -> 0x0020
[2755] [M]: 0x8001CD6C (0x00200513) addi a0, zero, 2
x10 <- 0x00000002


mem[X,0x8001CD70] -> 0x35B7
mem[X,0x8001CD72] -> 0x3333
[2756] [M]: 0x8001CD70 (0x333335B7) lui a1, 209715
x11 <- 0x33333000


mem[X,0x8001CD74] -> 0x8593
mem[X,0x8001CD76] -> 0x3345
[2757] [M]: 0x8001CD74 (0x33458593) addi a1, a1, 820
x11 <- 0x33333334


mem[X,0x8001CD78] -> 0x0213
mem[X,0x8001CD7A] -> 0x0000
[2758] [M]: 0x8001CD78 (0x00000213) addi tp, zero, 0
x4 <- 0x00000000


mem[X,0x8001CD7C] -> 0x006F
mem[X,0x8001CD7E] -> 0x00C0
[2759] [M]: 0x8001CD7C (0x00C0006F) jal zero, 12


mem[X,0x8001CD88] -> 0x1663
mem[X,0x8001CD8A] -> 0x00B5
[2760] [M]: 0x8001CD88 (0x00B51663) bne a0, a1, 12


mem[X,0x8001CD94] -> 0x0213
mem[X,0x8001CD96] -> 0x0032
[2761] [M]: 0x8001CD94 (0x00320213) addi tp, tp, 3
x4 <- 0x00000003


mem[X,0x8001CD98] -> 0x006F
mem[X,0x8001CD9A] -> 0x0040
[2762] [M]: 0x8001CD98 (0x0040006F) jal zero, 4


mem[X,0x8001CD9C] -> 0xA023
mem[X,0x8001CD9E] -> 0x4440
[2763] [M]: 0x8001CD9C (0x4440A023) sw tp, 1088(ra)
mem[0x8003A5A8] <- 0x00000003


mem[X,0x8001CDA0] -> 0x0513
mem[X,0x8001CDA2] -> 0x0020
[2764] [M]: 0x8001CDA0 (0x00200513) addi a0, zero, 2
x10 <- 0x00000002


mem[X,0x8001CDA4] -> 0x65B7
mem[X,0x8001CDA6] -> 0x6666
[2765] [M]: 0x8001CDA4 (0x666665B7) lui a1, 419430
x11 <- 0x66666000


mem[X,0x8001CDA8] -> 0x8593
mem[X,0x8001CDAA] -> 0x6675
[2766] [M]: 0x8001CDA8 (0x66758593) addi a1, a1, 1639
x11 <- 0x66666667


mem[X,0x8001CDAC] -> 0x0213
mem[X,0x8001CDAE] -> 0x0000
[2767] [M]: 0x8001CDAC (0x00000213) addi tp, zero, 0
x4 <- 0x00000000


mem[X,0x8001CDB0] -> 0x006F
mem[X,0x8001CDB2] -> 0x0100
[2768] [M]: 0x8001CDB0 (0x0100006F) jal zero, 16


mem[X,0x8001CDC0] -> 0x1AE3
mem[X,0x8001CDC2] -> 0xFEB5
[2769] [M]: 0x8001CDC0 (0xFEB51AE3) bne a0, a1, 8180


mem[X,0x8001CDB4] -> 0x0213
mem[X,0x8001CDB6] -> 0x0012
[2770] [M]: 0x8001CDB4 (0x00120213) addi tp, tp, 1
x4 <- 0x00000001


mem[X,0x8001CDB8] -> 0x006F
mem[X,0x8001CDBA] -> 0x01C0
[2771] [M]: 0x8001CDB8 (0x01C0006F) jal zero, 28


mem[X,0x8001CDD4] -> 0xA223
mem[X,0x8001CDD6] -> 0x4440
[2772] [M]: 0x8001CDD4 (0x4440A223) sw tp, 1092(ra)
mem[0x8003A5AC] <- 0x00000001


mem[X,0x8001CDD8] -> 0x0513
mem[X,0x8001CDDA] -> 0x0020
[2773] [M]: 0x8001CDD8 (0x00200513) addi a0, zero, 2
x10 <- 0x00000002


mem[X,0x8001CDDC] -> 0x55B7
mem[X,0x8001CDDE] -> 0xFFFF
[2774] [M]: 0x8001CDDC (0xFFFF55B7) lui a1, 1048565
x11 <- 0xFFFF5000


mem[X,0x8001CDE0] -> 0x8593
mem[X,0x8001CDE2] -> 0xAFD5
[2775] [M]: 0x8001CDE0 (0xAFD58593) addi a1, a1, 2813
x11 <- 0xFFFF4AFD


mem[X,0x8001CDE4] -> 0x0213
mem[X,0x8001CDE6] -> 0x0000
[2776] [M]: 0x8001CDE4 (0x00000213) addi tp, zero, 0
x4 <- 0x00000000


mem[X,0x8001CDE8] -> 0x006F
mem[X,0x8001CDEA] -> 0x0140
[2777] [M]: 0x8001CDE8 (0x0140006F) jal zero, 20


mem[X,0x8001CDFC] -> 0x18E3
mem[X,0x8001CDFE] -> 0xFEB5
[2778] [M]: 0x8001CDFC (0xFEB518E3) bne a0, a1, 8176


mem[X,0x8001CDEC] -> 0x0213
mem[X,0x8001CDEE] -> 0x0012
[2779] [M]: 0x8001CDEC (0x00120213) addi tp, tp, 1
x4 <- 0x00000001


mem[X,0x8001CDF0] -> 0x006F
mem[X,0x8001CDF2] -> 0x0200
[2780] [M]: 0x8001CDF0 (0x0200006F) jal zero, 32


mem[X,0x8001CE10] -> 0xA423
mem[X,0x8001CE12] -> 0x4440
[2781] [M]: 0x8001CE10 (0x4440A423) sw tp, 1096(ra)
mem[0x8003A5B0] <- 0x00000001


mem[X,0x8001CE14] -> 0x0513
mem[X,0x8001CE16] -> 0x0020
[2782] [M]: 0x8001CE14 (0x00200513) addi a0, zero, 2
x10 <- 0x00000002


mem[X,0x8001CE18] -> 0xB5B7
mem[X,0x8001CE1A] -> 0x0000
[2783] [M]: 0x8001CE18 (0x0000B5B7) lui a1, 11
x11 <- 0x0000B000


mem[X,0x8001CE1C] -> 0x8593
mem[X,0x8001CE1E] -> 0x5055
[2784] [M]: 0x8001CE1C (0x50558593) addi a1, a1, 1285
x11 <- 0x0000B505


mem[X,0x8001CE20] -> 0x0213
mem[X,0x8001CE22] -> 0x0000
[2785] [M]: 0x8001CE20 (0x00000213) addi tp, zero, 0
x4 <- 0x00000000


mem[X,0x8001CE24] -> 0x006F
mem[X,0x8001CE26] -> 0x00C0
[2786] [M]: 0x8001CE24 (0x00C0006F) jal zero, 12


mem[X,0x8001CE30] -> 0x1063
mem[X,0x8001CE32] -> 0x40B5
[2787] [M]: 0x8001CE30 (0x40B51063) bne a0, a1, 1024


mem[X,0x8001D230] -> 0x0213
mem[X,0x8001D232] -> 0x0032
[2788] [M]: 0x8001D230 (0x00320213) addi tp, tp, 3
x4 <- 0x00000003


mem[X,0x8001D234] -> 0x006F
mem[X,0x8001D236] -> 0x0040
[2789] [M]: 0x8001D234 (0x0040006F) jal zero, 4


mem[X,0x8001D238] -> 0xA623
mem[X,0x8001D23A] -> 0x4440
[2790] [M]: 0x8001D238 (0x4440A623) sw tp, 1100(ra)
mem[0x8003A5B4] <- 0x00000003


mem[X,0x8001D23C] -> 0x5537
mem[X,0x8001D23E] -> 0x5555
[2791] [M]: 0x8001D23C (0x55555537) lui a0, 349525
x10 <- 0x55555000


mem[X,0x8001D240] -> 0x0513
mem[X,0x8001D242] -> 0x5545
[2792] [M]: 0x8001D240 (0x55450513) addi a0, a0, 1364
x10 <- 0x55555554


mem[X,0x8001D244] -> 0x0593
mem[X,0x8001D246] -> 0x0030
[2793] [M]: 0x8001D244 (0x00300593) addi a1, zero, 3
x11 <- 0x00000003


mem[X,0x8001D248] -> 0x0213
mem[X,0x8001D24A] -> 0x0000
[2794] [M]: 0x8001D248 (0x00000213) addi tp, zero, 0
x4 <- 0x00000000


mem[X,0x8001D24C] -> 0x006F
mem[X,0x8001D24E] -> 0x00C0
[2795] [M]: 0x8001D24C (0x00C0006F) jal zero, 12


mem[X,0x8001D258] -> 0x1CE3
mem[X,0x8001D25A] -> 0xFEB5
[2796] [M]: 0x8001D258 (0xFEB51CE3) bne a0, a1, 8184


mem[X,0x8001D250] -> 0x0213
mem[X,0x8001D252] -> 0x0012
[2797] [M]: 0x8001D250 (0x00120213) addi tp, tp, 1
x4 <- 0x00000001


mem[X,0x8001D254] -> 0x006F
mem[X,0x8001D256] -> 0x0180
[2798] [M]: 0x8001D254 (0x0180006F) jal zero, 24


mem[X,0x8001D26C] -> 0xA823
mem[X,0x8001D26E] -> 0x4440
[2799] [M]: 0x8001D26C (0x4440A823) sw tp, 1104(ra)
mem[0x8003A5B8] <- 0x00000001


clint::tick mtime <- 0x000000000000001C
 clint timer pending at mtime 0x000000000000001C
htif::tick 0x0000000000000000
mem[X,0x8001D270] -> 0x5537
mem[X,0x8001D272] -> 0x5555
[2800] [M]: 0x8001D270 (0x55555537) lui a0, 349525
x10 <- 0x55555000


mem[X,0x8001D274] -> 0x0513
mem[X,0x8001D276] -> 0x5545
[2801] [M]: 0x8001D274 (0x55450513) addi a0, a0, 1364
x10 <- 0x55555554


mem[X,0x8001D278] -> 0x55B7
mem[X,0x8001D27A] -> 0x5555
[2802] [M]: 0x8001D278 (0x555555B7) lui a1, 349525
x11 <- 0x55555000


mem[X,0x8001D27C] -> 0x8593
mem[X,0x8001D27E] -> 0x5555
[2803] [M]: 0x8001D27C (0x55558593) addi a1, a1, 1365
x11 <- 0x55555555


mem[X,0x8001D280] -> 0x0213
mem[X,0x8001D282] -> 0x0000
[2804] [M]: 0x8001D280 (0x00000213) addi tp, zero, 0
x4 <- 0x00000000


mem[X,0x8001D284] -> 0x006F
mem[X,0x8001D286] -> 0x00C0
[2805] [M]: 0x8001D284 (0x00C0006F) jal zero, 12


mem[X,0x8001D290] -> 0x1CE3
mem[X,0x8001D292] -> 0xFEB5
[2806] [M]: 0x8001D290 (0xFEB51CE3) bne a0, a1, 8184


mem[X,0x8001D288] -> 0x0213
mem[X,0x8001D28A] -> 0x0012
[2807] [M]: 0x8001D288 (0x00120213) addi tp, tp, 1
x4 <- 0x00000001


mem[X,0x8001D28C] -> 0x006F
mem[X,0x8001D28E] -> 0x0180
[2808] [M]: 0x8001D28C (0x0180006F) jal zero, 24


mem[X,0x8001D2A4] -> 0xAA23
mem[X,0x8001D2A6] -> 0x4440
[2809] [M]: 0x8001D2A4 (0x4440AA23) sw tp, 1108(ra)
mem[0x8003A5BC] <- 0x00000001


mem[X,0x8001D2A8] -> 0x5537
mem[X,0x8001D2AA] -> 0x5555
[2810] [M]: 0x8001D2A8 (0x55555537) lui a0, 349525
x10 <- 0x55555000


mem[X,0x8001D2AC] -> 0x0513
mem[X,0x8001D2AE] -> 0x5545
[2811] [M]: 0x8001D2AC (0x55450513) addi a0, a0, 1364
x10 <- 0x55555554


mem[X,0x8001D2B0] -> 0xB5B7
mem[X,0x8001D2B2] -> 0xAAAA
[2812] [M]: 0x8001D2B0 (0xAAAAB5B7) lui a1, 699051
x11 <- 0xAAAAB000


mem[X,0x8001D2B4] -> 0x8593
mem[X,0x8001D2B6] -> 0xAAA5
[2813] [M]: 0x8001D2B4 (0xAAA58593) addi a1, a1, 2730
x11 <- 0xAAAAAAAA


mem[X,0x8001D2B8] -> 0x0213
mem[X,0x8001D2BA] -> 0x0000
[2814] [M]: 0x8001D2B8 (0x00000213) addi tp, zero, 0
x4 <- 0x00000000


mem[X,0x8001D2BC] -> 0x006F
mem[X,0x8001D2BE] -> 0x00C0
[2815] [M]: 0x8001D2BC (0x00C0006F) jal zero, 12


mem[X,0x8001D2C8] -> 0x1063
mem[X,0x8001D2CA] -> 0x20B5
[2816] [M]: 0x8001D2C8 (0x20B51063) bne a0, a1, 512


mem[X,0x8001D4C8] -> 0x0213
mem[X,0x8001D4CA] -> 0x0032
[2817] [M]: 0x8001D4C8 (0x00320213) addi tp, tp, 3
x4 <- 0x00000003


mem[X,0x8001D4CC] -> 0x006F
mem[X,0x8001D4CE] -> 0x0040
[2818] [M]: 0x8001D4CC (0x0040006F) jal zero, 4


mem[X,0x8001D4D0] -> 0xAC23
mem[X,0x8001D4D2] -> 0x4440
[2819] [M]: 0x8001D4D0 (0x4440AC23) sw tp, 1112(ra)
mem[0x8003A5C0] <- 0x00000003


mem[X,0x8001D4D4] -> 0x5537
mem[X,0x8001D4D6] -> 0x5555
[2820] [M]: 0x8001D4D4 (0x55555537) lui a0, 349525
x10 <- 0x55555000


mem[X,0x8001D4D8] -> 0x0513
mem[X,0x8001D4DA] -> 0x5545
[2821] [M]: 0x8001D4D8 (0x55450513) addi a0, a0, 1364
x10 <- 0x55555554


mem[X,0x8001D4DC] -> 0x0593
mem[X,0x8001D4DE] -> 0x0050
[2822] [M]: 0x8001D4DC (0x00500593) addi a1, zero, 5
x11 <- 0x00000005


mem[X,0x8001D4E0] -> 0x0213
mem[X,0x8001D4E2] -> 0x0000
[2823] [M]: 0x8001D4E0 (0x00000213) addi tp, zero, 0
x4 <- 0x00000000


mem[X,0x8001D4E4] -> 0x006F
mem[X,0x8001D4E6] -> 0x00C0
[2824] [M]: 0x8001D4E4 (0x00C0006F) jal zero, 12


mem[X,0x8001D4F0] -> 0x1663
mem[X,0x8001D4F2] -> 0x00B5
[2825] [M]: 0x8001D4F0 (0x00B51663) bne a0, a1, 12


mem[X,0x8001D4FC] -> 0x0213
mem[X,0x8001D4FE] -> 0x0032
[2826] [M]: 0x8001D4FC (0x00320213) addi tp, tp, 3
x4 <- 0x00000003


mem[X,0x8001D500] -> 0x006F
mem[X,0x8001D502] -> 0x0040
[2827] [M]: 0x8001D500 (0x0040006F) jal zero, 4


mem[X,0x8001D504] -> 0xAE23
mem[X,0x8001D506] -> 0x4440
[2828] [M]: 0x8001D504 (0x4440AE23) sw tp, 1116(ra)
mem[0x8003A5C4] <- 0x00000003


mem[X,0x8001D508] -> 0x5537
mem[X,0x8001D50A] -> 0x5555
[2829] [M]: 0x8001D508 (0x55555537) lui a0, 349525
x10 <- 0x55555000


mem[X,0x8001D50C] -> 0x0513
mem[X,0x8001D50E] -> 0x5545
[2830] [M]: 0x8001D50C (0x55450513) addi a0, a0, 1364
x10 <- 0x55555554


mem[X,0x8001D510] -> 0x35B7
mem[X,0x8001D512] -> 0x3333
[2831] [M]: 0x8001D510 (0x333335B7) lui a1, 209715
x11 <- 0x33333000


mem[X,0x8001D514] -> 0x8593
mem[X,0x8001D516] -> 0x3335
[2832] [M]: 0x8001D514 (0x33358593) addi a1, a1, 819
x11 <- 0x33333333


mem[X,0x8001D518] -> 0x0213
mem[X,0x8001D51A] -> 0x0000
[2833] [M]: 0x8001D518 (0x00000213) addi tp, zero, 0
x4 <- 0x00000000


mem[X,0x8001D51C] -> 0x006F
mem[X,0x8001D51E] -> 0x00C0
[2834] [M]: 0x8001D51C (0x00C0006F) jal zero, 12


mem[X,0x8001D528] -> 0x1063
mem[X,0x8001D52A] -> 0x04B5
[2835] [M]: 0x8001D528 (0x04B51063) bne a0, a1, 64


mem[X,0x8001D568] -> 0x0213
mem[X,0x8001D56A] -> 0x0032
[2836] [M]: 0x8001D568 (0x00320213) addi tp, tp, 3
x4 <- 0x00000003


mem[X,0x8001D56C] -> 0x006F
mem[X,0x8001D56E] -> 0x0040
[2837] [M]: 0x8001D56C (0x0040006F) jal zero, 4


mem[X,0x8001D570] -> 0xA023
mem[X,0x8001D572] -> 0x4640
[2838] [M]: 0x8001D570 (0x4640A023) sw tp, 1120(ra)
mem[0x8003A5C8] <- 0x00000003


mem[X,0x8001D574] -> 0x5537
mem[X,0x8001D576] -> 0x5555
[2839] [M]: 0x8001D574 (0x55555537) lui a0, 349525
x10 <- 0x55555000


mem[X,0x8001D578] -> 0x0513
mem[X,0x8001D57A] -> 0x5545
[2840] [M]: 0x8001D578 (0x55450513) addi a0, a0, 1364
x10 <- 0x55555554


mem[X,0x8001D57C] -> 0x65B7
mem[X,0x8001D57E] -> 0x6666
[2841] [M]: 0x8001D57C (0x666665B7) lui a1, 419430
x11 <- 0x66666000


mem[X,0x8001D580] -> 0x8593
mem[X,0x8001D582] -> 0x6665
[2842] [M]: 0x8001D580 (0x66658593) addi a1, a1, 1638
x11 <- 0x66666666


mem[X,0x8001D584] -> 0x0213
mem[X,0x8001D586] -> 0x0000
[2843] [M]: 0x8001D584 (0x00000213) addi tp, zero, 0
x4 <- 0x00000000


mem[X,0x8001D588] -> 0x006F
mem[X,0x8001D58A] -> 0x2B10
[2844] [M]: 0x8001D588 (0x2B10006F) jal zero, 2736


mem[X,0x8001E038] -> 0x1A63
mem[X,0x8001E03A] -> 0xD4B5
[2845] [M]: 0x8001E038 (0xD4B51A63) bne a0, a1, 5460


mem[X,0x8001D58C] -> 0x0213
mem[X,0x8001D58E] -> 0x0012
[2846] [M]: 0x8001D58C (0x00120213) addi tp, tp, 1
x4 <- 0x00000001


mem[X,0x8001D590] -> 0x006F
mem[X,0x8001D592] -> 0x2BD0
[2847] [M]: 0x8001D590 (0x2BD0006F) jal zero, 2748


mem[X,0x8001E04C] -> 0xA223
mem[X,0x8001E04E] -> 0x4640
[2848] [M]: 0x8001E04C (0x4640A223) sw tp, 1124(ra)
mem[0x8003A5CC] <- 0x00000001


mem[X,0x8001E050] -> 0x5537
mem[X,0x8001E052] -> 0x5555
[2849] [M]: 0x8001E050 (0x55555537) lui a0, 349525
x10 <- 0x55555000


mem[X,0x8001E054] -> 0x0513
mem[X,0x8001E056] -> 0x5545
[2850] [M]: 0x8001E054 (0x55450513) addi a0, a0, 1364
x10 <- 0x55555554


mem[X,0x8001E058] -> 0x55B7
mem[X,0x8001E05A] -> 0xFFFF
[2851] [M]: 0x8001E058 (0xFFFF55B7) lui a1, 1048565
x11 <- 0xFFFF5000


mem[X,0x8001E05C] -> 0x8593
mem[X,0x8001E05E] -> 0xAFC5
[2852] [M]: 0x8001E05C (0xAFC58593) addi a1, a1, 2812
x11 <- 0xFFFF4AFC


mem[X,0x8001E060] -> 0x0213
mem[X,0x8001E062] -> 0x0000
[2853] [M]: 0x8001E060 (0x00000213) addi tp, zero, 0
x4 <- 0x00000000


mem[X,0x8001E064] -> 0x006F
mem[X,0x8001E066] -> 0x00C0
[2854] [M]: 0x8001E064 (0x00C0006F) jal zero, 12


mem[X,0x8001E070] -> 0x1063
mem[X,0x8001E072] -> 0x04B5
[2855] [M]: 0x8001E070 (0x04B51063) bne a0, a1, 64


mem[X,0x8001E0B0] -> 0x0213
mem[X,0x8001E0B2] -> 0x0032
[2856] [M]: 0x8001E0B0 (0x00320213) addi tp, tp, 3
x4 <- 0x00000003


mem[X,0x8001E0B4] -> 0x006F
mem[X,0x8001E0B6] -> 0x0040
[2857] [M]: 0x8001E0B4 (0x0040006F) jal zero, 4


mem[X,0x8001E0B8] -> 0xA423
mem[X,0x8001E0BA] -> 0x4640
[2858] [M]: 0x8001E0B8 (0x4640A423) sw tp, 1128(ra)
mem[0x8003A5D0] <- 0x00000003


mem[X,0x8001E0BC] -> 0x5537
mem[X,0x8001E0BE] -> 0x5555
[2859] [M]: 0x8001E0BC (0x55555537) lui a0, 349525
x10 <- 0x55555000


mem[X,0x8001E0C0] -> 0x0513
mem[X,0x8001E0C2] -> 0x5545
[2860] [M]: 0x8001E0C0 (0x55450513) addi a0, a0, 1364
x10 <- 0x55555554


mem[X,0x8001E0C4] -> 0xB5B7
mem[X,0x8001E0C6] -> 0x0000
[2861] [M]: 0x8001E0C4 (0x0000B5B7) lui a1, 11
x11 <- 0x0000B000


mem[X,0x8001E0C8] -> 0x8593
mem[X,0x8001E0CA] -> 0x5045
[2862] [M]: 0x8001E0C8 (0x50458593) addi a1, a1, 1284
x11 <- 0x0000B504


mem[X,0x8001E0CC] -> 0x0213
mem[X,0x8001E0CE] -> 0x0000
[2863] [M]: 0x8001E0CC (0x00000213) addi tp, zero, 0
x4 <- 0x00000000


mem[X,0x8001E0D0] -> 0x006F
mem[X,0x8001E0D2] -> 0x00C0
[2864] [M]: 0x8001E0D0 (0x00C0006F) jal zero, 12


mem[X,0x8001E0DC] -> 0x1663
mem[X,0x8001E0DE] -> 0x00B5
[2865] [M]: 0x8001E0DC (0x00B51663) bne a0, a1, 12


mem[X,0x8001E0E8] -> 0x0213
mem[X,0x8001E0EA] -> 0x0032
[2866] [M]: 0x8001E0E8 (0x00320213) addi tp, tp, 3
x4 <- 0x00000003


mem[X,0x8001E0EC] -> 0x006F
mem[X,0x8001E0EE] -> 0x0040
[2867] [M]: 0x8001E0EC (0x0040006F) jal zero, 4


mem[X,0x8001E0F0] -> 0xA623
mem[X,0x8001E0F2] -> 0x4640
[2868] [M]: 0x8001E0F0 (0x4640A623) sw tp, 1132(ra)
mem[0x8003A5D4] <- 0x00000003


mem[X,0x8001E0F4] -> 0x5537
mem[X,0x8001E0F6] -> 0x5555
[2869] [M]: 0x8001E0F4 (0x55555537) lui a0, 349525
x10 <- 0x55555000


mem[X,0x8001E0F8] -> 0x0513
mem[X,0x8001E0FA] -> 0x5545
[2870] [M]: 0x8001E0F8 (0x55450513) addi a0, a0, 1364
x10 <- 0x55555554


mem[X,0x8001E0FC] -> 0x0593
mem[X,0x8001E0FE] -> 0x0020
[2871] [M]: 0x8001E0FC (0x00200593) addi a1, zero, 2
x11 <- 0x00000002


mem[X,0x8001E100] -> 0x0213
mem[X,0x8001E102] -> 0x0000
[2872] [M]: 0x8001E100 (0x00000213) addi tp, zero, 0
x4 <- 0x00000000


mem[X,0x8001E104] -> 0x006F
mem[X,0x8001E106] -> 0x0050
[2873] [M]: 0x8001E104 (0x0050006F) jal zero, 2052


mem[X,0x8001E908] -> 0x10E3
mem[X,0x8001E90A] -> 0x80B5
[2874] [M]: 0x8001E908 (0x80B510E3) bne a0, a1, 6144


mem[X,0x8001E108] -> 0x0213
mem[X,0x8001E10A] -> 0x0012
[2875] [M]: 0x8001E108 (0x00120213) addi tp, tp, 1
x4 <- 0x00000001


mem[X,0x8001E10C] -> 0x006F
mem[X,0x8001E10E] -> 0x0110
[2876] [M]: 0x8001E10C (0x0110006F) jal zero, 2064


mem[X,0x8001E91C] -> 0xA823
mem[X,0x8001E91E] -> 0x4640
[2877] [M]: 0x8001E91C (0x4640A823) sw tp, 1136(ra)
mem[0x8003A5D8] <- 0x00000001


mem[X,0x8001E920] -> 0x5537
mem[X,0x8001E922] -> 0x5555
[2878] [M]: 0x8001E920 (0x55555537) lui a0, 349525
x10 <- 0x55555000


mem[X,0x8001E924] -> 0x0513
mem[X,0x8001E926] -> 0x5545
[2879] [M]: 0x8001E924 (0x55450513) addi a0, a0, 1364
x10 <- 0x55555554


mem[X,0x8001E928] -> 0x55B7
mem[X,0x8001E92A] -> 0x5555
[2880] [M]: 0x8001E928 (0x555555B7) lui a1, 349525
x11 <- 0x55555000


mem[X,0x8001E92C] -> 0x8593
mem[X,0x8001E92E] -> 0x5545
[2881] [M]: 0x8001E92C (0x55458593) addi a1, a1, 1364
x11 <- 0x55555554


mem[X,0x8001E930] -> 0x0213
mem[X,0x8001E932] -> 0x0000
[2882] [M]: 0x8001E930 (0x00000213) addi tp, zero, 0
x4 <- 0x00000000


mem[X,0x8001E934] -> 0x006F
mem[X,0x8001E936] -> 0x00C0
[2883] [M]: 0x8001E934 (0x00C0006F) jal zero, 12


mem[X,0x8001E940] -> 0x1063
mem[X,0x8001E942] -> 0x04B5
[2884] [M]: 0x8001E940 (0x04B51063) bne a0, a1, 64


mem[X,0x8001E944] -> 0x0213
mem[X,0x8001E946] -> 0x0022
[2885] [M]: 0x8001E944 (0x00220213) addi tp, tp, 2
x4 <- 0x00000002


mem[X,0x8001E948] -> 0x006F
mem[X,0x8001E94A] -> 0x0400
[2886] [M]: 0x8001E948 (0x0400006F) jal zero, 64


mem[X,0x8001E988] -> 0xAA23
mem[X,0x8001E98A] -> 0x4640
[2887] [M]: 0x8001E988 (0x4640AA23) sw tp, 1140(ra)
mem[0x8003A5DC] <- 0x00000002


mem[X,0x8001E98C] -> 0x5537
mem[X,0x8001E98E] -> 0x5555
[2888] [M]: 0x8001E98C (0x55555537) lui a0, 349525
x10 <- 0x55555000


mem[X,0x8001E990] -> 0x0513
mem[X,0x8001E992] -> 0x5545
[2889] [M]: 0x8001E990 (0x55450513) addi a0, a0, 1364
x10 <- 0x55555554


mem[X,0x8001E994] -> 0x0593
mem[X,0x8001E996] -> 0x0000
[2890] [M]: 0x8001E994 (0x00000593) addi a1, zero, 0
x11 <- 0x00000000


mem[X,0x8001E998] -> 0x0213
mem[X,0x8001E99A] -> 0x0000
[2891] [M]: 0x8001E998 (0x00000213) addi tp, zero, 0
x4 <- 0x00000000


mem[X,0x8001E99C] -> 0x006F
mem[X,0x8001E99E] -> 0x0140
[2892] [M]: 0x8001E99C (0x0140006F) jal zero, 20


mem[X,0x8001E9B0] -> 0x18E3
mem[X,0x8001E9B2] -> 0xFEB5
[2893] [M]: 0x8001E9B0 (0xFEB518E3) bne a0, a1, 8176


mem[X,0x8001E9A0] -> 0x0213
mem[X,0x8001E9A2] -> 0x0012
[2894] [M]: 0x8001E9A0 (0x00120213) addi tp, tp, 1
x4 <- 0x00000001


mem[X,0x8001E9A4] -> 0x006F
mem[X,0x8001E9A6] -> 0x0200
[2895] [M]: 0x8001E9A4 (0x0200006F) jal zero, 32


mem[X,0x8001E9C4] -> 0xAC23
mem[X,0x8001E9C6] -> 0x4640
[2896] [M]: 0x8001E9C4 (0x4640AC23) sw tp, 1144(ra)
mem[0x8003A5E0] <- 0x00000001


mem[X,0x8001E9C8] -> 0x5537
mem[X,0x8001E9CA] -> 0x5555
[2897] [M]: 0x8001E9C8 (0x55555537) lui a0, 349525
x10 <- 0x55555000


mem[X,0x8001E9CC] -> 0x0513
mem[X,0x8001E9CE] -> 0x5545
[2898] [M]: 0x8001E9CC (0x55450513) addi a0, a0, 1364
x10 <- 0x55555554


mem[X,0x8001E9D0] -> 0x0593
mem[X,0x8001E9D2] -> 0x0040
[2899] [M]: 0x8001E9D0 (0x00400593) addi a1, zero, 4
x11 <- 0x00000004


clint::tick mtime <- 0x000000000000001D
 clint timer pending at mtime 0x000000000000001D
htif::tick 0x0000000000000000
mem[X,0x8001E9D4] -> 0x0213
mem[X,0x8001E9D6] -> 0x0000
[2900] [M]: 0x8001E9D4 (0x00000213) addi tp, zero, 0
x4 <- 0x00000000


mem[X,0x8001E9D8] -> 0x006F
mem[X,0x8001E9DA] -> 0x0100
[2901] [M]: 0x8001E9D8 (0x0100006F) jal zero, 16


mem[X,0x8001E9E8] -> 0x1AE3
mem[X,0x8001E9EA] -> 0xFEB5
[2902] [M]: 0x8001E9E8 (0xFEB51AE3) bne a0, a1, 8180


mem[X,0x8001E9DC] -> 0x0213
mem[X,0x8001E9DE] -> 0x0012
[2903] [M]: 0x8001E9DC (0x00120213) addi tp, tp, 1
x4 <- 0x00000001


mem[X,0x8001E9E0] -> 0x006F
mem[X,0x8001E9E2] -> 0x01C0
[2904] [M]: 0x8001E9E0 (0x01C0006F) jal zero, 28


mem[X,0x8001E9FC] -> 0xAE23
mem[X,0x8001E9FE] -> 0x4640
[2905] [M]: 0x8001E9FC (0x4640AE23) sw tp, 1148(ra)
mem[0x8003A5E4] <- 0x00000001


mem[X,0x8001EA00] -> 0x5537
mem[X,0x8001EA02] -> 0x5555
[2906] [M]: 0x8001EA00 (0x55555537) lui a0, 349525
x10 <- 0x55555000


mem[X,0x8001EA04] -> 0x0513
mem[X,0x8001EA06] -> 0x5545
[2907] [M]: 0x8001EA04 (0x55450513) addi a0, a0, 1364
x10 <- 0x55555554


mem[X,0x8001EA08] -> 0x35B7
mem[X,0x8001EA0A] -> 0x3333
[2908] [M]: 0x8001EA08 (0x333335B7) lui a1, 209715
x11 <- 0x33333000


mem[X,0x8001EA0C] -> 0x8593
mem[X,0x8001EA0E] -> 0x3325
[2909] [M]: 0x8001EA0C (0x33258593) addi a1, a1, 818
x11 <- 0x33333332


mem[X,0x8001EA10] -> 0x0213
mem[X,0x8001EA12] -> 0x0000
[2910] [M]: 0x8001EA10 (0x00000213) addi tp, zero, 0
x4 <- 0x00000000


mem[X,0x8001EA14] -> 0x006F
mem[X,0x8001EA16] -> 0x00C0
[2911] [M]: 0x8001EA14 (0x00C0006F) jal zero, 12


mem[X,0x8001EA20] -> 0x1663
mem[X,0x8001EA22] -> 0x00B5
[2912] [M]: 0x8001EA20 (0x00B51663) bne a0, a1, 12


mem[X,0x8001EA2C] -> 0x0213
mem[X,0x8001EA2E] -> 0x0032
[2913] [M]: 0x8001EA2C (0x00320213) addi tp, tp, 3
x4 <- 0x00000003


mem[X,0x8001EA30] -> 0x006F
mem[X,0x8001EA32] -> 0x0040
[2914] [M]: 0x8001EA30 (0x0040006F) jal zero, 4


mem[X,0x8001EA34] -> 0xA023
mem[X,0x8001EA36] -> 0x4840
[2915] [M]: 0x8001EA34 (0x4840A023) sw tp, 1152(ra)
mem[0x8003A5E8] <- 0x00000003


mem[X,0x8001EA38] -> 0x5537
mem[X,0x8001EA3A] -> 0x5555
[2916] [M]: 0x8001EA38 (0x55555537) lui a0, 349525
x10 <- 0x55555000


mem[X,0x8001EA3C] -> 0x0513
mem[X,0x8001EA3E] -> 0x5545
[2917] [M]: 0x8001EA3C (0x55450513) addi a0, a0, 1364
x10 <- 0x55555554


mem[X,0x8001EA40] -> 0x65B7
mem[X,0x8001EA42] -> 0x6666
[2918] [M]: 0x8001EA40 (0x666665B7) lui a1, 419430
x11 <- 0x66666000


mem[X,0x8001EA44] -> 0x8593
mem[X,0x8001EA46] -> 0x6655
[2919] [M]: 0x8001EA44 (0x66558593) addi a1, a1, 1637
x11 <- 0x66666665


mem[X,0x8001EA48] -> 0x0213
mem[X,0x8001EA4A] -> 0x0000
[2920] [M]: 0x8001EA48 (0x00000213) addi tp, zero, 0
x4 <- 0x00000000


mem[X,0x8001EA4C] -> 0x006F
mem[X,0x8001EA4E] -> 0x00C0
[2921] [M]: 0x8001EA4C (0x00C0006F) jal zero, 12


mem[X,0x8001EA58] -> 0x1063
mem[X,0x8001EA5A] -> 0x10B5
[2922] [M]: 0x8001EA58 (0x10B51063) bne a0, a1, 256


mem[X,0x8001EB58] -> 0x0213
mem[X,0x8001EB5A] -> 0x0032
[2923] [M]: 0x8001EB58 (0x00320213) addi tp, tp, 3
x4 <- 0x00000003


mem[X,0x8001EB5C] -> 0x006F
mem[X,0x8001EB5E] -> 0x0040
[2924] [M]: 0x8001EB5C (0x0040006F) jal zero, 4


mem[X,0x8001EB60] -> 0xA223
mem[X,0x8001EB62] -> 0x4840
[2925] [M]: 0x8001EB60 (0x4840A223) sw tp, 1156(ra)
mem[0x8003A5EC] <- 0x00000003


mem[X,0x8001EB64] -> 0x5537
mem[X,0x8001EB66] -> 0x5555
[2926] [M]: 0x8001EB64 (0x55555537) lui a0, 349525
x10 <- 0x55555000


mem[X,0x8001EB68] -> 0x0513
mem[X,0x8001EB6A] -> 0x5545
[2927] [M]: 0x8001EB68 (0x55450513) addi a0, a0, 1364
x10 <- 0x55555554


mem[X,0x8001EB6C] -> 0xB5B7
mem[X,0x8001EB6E] -> 0x0000
[2928] [M]: 0x8001EB6C (0x0000B5B7) lui a1, 11
x11 <- 0x0000B000


mem[X,0x8001EB70] -> 0x8593
mem[X,0x8001EB72] -> 0x5035
[2929] [M]: 0x8001EB70 (0x50358593) addi a1, a1, 1283
x11 <- 0x0000B503


mem[X,0x8001EB74] -> 0x0213
mem[X,0x8001EB76] -> 0x0000
[2930] [M]: 0x8001EB74 (0x00000213) addi tp, zero, 0
x4 <- 0x00000000


mem[X,0x8001EB78] -> 0x006F
mem[X,0x8001EB7A] -> 0x0050
[2931] [M]: 0x8001EB78 (0x0050006F) jal zero, 2052


mem[X,0x8001F37C] -> 0x10E3
mem[X,0x8001F37E] -> 0x80B5
[2932] [M]: 0x8001F37C (0x80B510E3) bne a0, a1, 6144


mem[X,0x8001EB7C] -> 0x0213
mem[X,0x8001EB7E] -> 0x0012
[2933] [M]: 0x8001EB7C (0x00120213) addi tp, tp, 1
x4 <- 0x00000001


mem[X,0x8001EB80] -> 0x006F
mem[X,0x8001EB82] -> 0x0110
[2934] [M]: 0x8001EB80 (0x0110006F) jal zero, 2064


mem[X,0x8001F390] -> 0xA423
mem[X,0x8001F392] -> 0x4840
[2935] [M]: 0x8001F390 (0x4840A423) sw tp, 1160(ra)
mem[0x8003A5F0] <- 0x00000001


mem[X,0x8001F394] -> 0x5537
mem[X,0x8001F396] -> 0x5555
[2936] [M]: 0x8001F394 (0x55555537) lui a0, 349525
x10 <- 0x55555000


mem[X,0x8001F398] -> 0x0513
mem[X,0x8001F39A] -> 0x5545
[2937] [M]: 0x8001F398 (0x55450513) addi a0, a0, 1364
x10 <- 0x55555554


mem[X,0x8001F39C] -> 0x55B7
mem[X,0x8001F39E] -> 0x5555
[2938] [M]: 0x8001F39C (0x555555B7) lui a1, 349525
x11 <- 0x55555000


mem[X,0x8001F3A0] -> 0x8593
mem[X,0x8001F3A2] -> 0x5565
[2939] [M]: 0x8001F3A0 (0x55658593) addi a1, a1, 1366
x11 <- 0x55555556


mem[X,0x8001F3A4] -> 0x0213
mem[X,0x8001F3A6] -> 0x0000
[2940] [M]: 0x8001F3A4 (0x00000213) addi tp, zero, 0
x4 <- 0x00000000


mem[X,0x8001F3A8] -> 0x006F
mem[X,0x8001F3AA] -> 0x0140
[2941] [M]: 0x8001F3A8 (0x0140006F) jal zero, 20


mem[X,0x8001F3BC] -> 0x18E3
mem[X,0x8001F3BE] -> 0xFEB5
[2942] [M]: 0x8001F3BC (0xFEB518E3) bne a0, a1, 8176


mem[X,0x8001F3AC] -> 0x0213
mem[X,0x8001F3AE] -> 0x0012
[2943] [M]: 0x8001F3AC (0x00120213) addi tp, tp, 1
x4 <- 0x00000001


mem[X,0x8001F3B0] -> 0x006F
mem[X,0x8001F3B2] -> 0x0200
[2944] [M]: 0x8001F3B0 (0x0200006F) jal zero, 32


mem[X,0x8001F3D0] -> 0xA623
mem[X,0x8001F3D2] -> 0x4840
[2945] [M]: 0x8001F3D0 (0x4840A623) sw tp, 1164(ra)
mem[0x8003A5F4] <- 0x00000001


mem[X,0x8001F3D4] -> 0x5537
mem[X,0x8001F3D6] -> 0x5555
[2946] [M]: 0x8001F3D4 (0x55555537) lui a0, 349525
x10 <- 0x55555000


mem[X,0x8001F3D8] -> 0x0513
mem[X,0x8001F3DA] -> 0x5545
[2947] [M]: 0x8001F3D8 (0x55450513) addi a0, a0, 1364
x10 <- 0x55555554


mem[X,0x8001F3DC] -> 0xB5B7
mem[X,0x8001F3DE] -> 0xAAAA
[2948] [M]: 0x8001F3DC (0xAAAAB5B7) lui a1, 699051
x11 <- 0xAAAAB000


mem[X,0x8001F3E0] -> 0x8593
mem[X,0x8001F3E2] -> 0xAAB5
[2949] [M]: 0x8001F3E0 (0xAAB58593) addi a1, a1, 2731
x11 <- 0xAAAAAAAB


mem[X,0x8001F3E4] -> 0x0213
mem[X,0x8001F3E6] -> 0x0000
[2950] [M]: 0x8001F3E4 (0x00000213) addi tp, zero, 0
x4 <- 0x00000000


mem[X,0x8001F3E8] -> 0x006F
mem[X,0x8001F3EA] -> 0x2B10
[2951] [M]: 0x8001F3E8 (0x2B10006F) jal zero, 2736


mem[X,0x8001FE98] -> 0x1A63
mem[X,0x8001FE9A] -> 0xD4B5
[2952] [M]: 0x8001FE98 (0xD4B51A63) bne a0, a1, 5460


mem[X,0x8001F3EC] -> 0x0213
mem[X,0x8001F3EE] -> 0x0012
[2953] [M]: 0x8001F3EC (0x00120213) addi tp, tp, 1
x4 <- 0x00000001


mem[X,0x8001F3F0] -> 0x006F
mem[X,0x8001F3F2] -> 0x2BD0
[2954] [M]: 0x8001F3F0 (0x2BD0006F) jal zero, 2748


mem[X,0x8001FEAC] -> 0xA823
mem[X,0x8001FEAE] -> 0x4840
[2955] [M]: 0x8001FEAC (0x4840A823) sw tp, 1168(ra)
mem[0x8003A5F8] <- 0x00000001


mem[X,0x8001FEB0] -> 0x5537
mem[X,0x8001FEB2] -> 0x5555
[2956] [M]: 0x8001FEB0 (0x55555537) lui a0, 349525
x10 <- 0x55555000


mem[X,0x8001FEB4] -> 0x0513
mem[X,0x8001FEB6] -> 0x5545
[2957] [M]: 0x8001FEB4 (0x55450513) addi a0, a0, 1364
x10 <- 0x55555554


mem[X,0x8001FEB8] -> 0x0593
mem[X,0x8001FEBA] -> 0x0060
[2958] [M]: 0x8001FEB8 (0x00600593) addi a1, zero, 6
x11 <- 0x00000006


mem[X,0x8001FEBC] -> 0x0213
mem[X,0x8001FEBE] -> 0x0000
[2959] [M]: 0x8001FEBC (0x00000213) addi tp, zero, 0
x4 <- 0x00000000


mem[X,0x8001FEC0] -> 0x006F
mem[X,0x8001FEC2] -> 0x00C0
[2960] [M]: 0x8001FEC0 (0x00C0006F) jal zero, 12


mem[X,0x8001FECC] -> 0x1063
mem[X,0x8001FECE] -> 0x04B5
[2961] [M]: 0x8001FECC (0x04B51063) bne a0, a1, 64


mem[X,0x8001FF0C] -> 0x0213
mem[X,0x8001FF0E] -> 0x0032
[2962] [M]: 0x8001FF0C (0x00320213) addi tp, tp, 3
x4 <- 0x00000003


mem[X,0x8001FF10] -> 0x006F
mem[X,0x8001FF12] -> 0x0040
[2963] [M]: 0x8001FF10 (0x0040006F) jal zero, 4


mem[X,0x8001FF14] -> 0xAA23
mem[X,0x8001FF16] -> 0x4840
[2964] [M]: 0x8001FF14 (0x4840AA23) sw tp, 1172(ra)
mem[0x8003A5FC] <- 0x00000003


mem[X,0x8001FF18] -> 0x5537
mem[X,0x8001FF1A] -> 0x5555
[2965] [M]: 0x8001FF18 (0x55555537) lui a0, 349525
x10 <- 0x55555000


mem[X,0x8001FF1C] -> 0x0513
mem[X,0x8001FF1E] -> 0x5545
[2966] [M]: 0x8001FF1C (0x55450513) addi a0, a0, 1364
x10 <- 0x55555554


mem[X,0x8001FF20] -> 0x35B7
mem[X,0x8001FF22] -> 0x3333
[2967] [M]: 0x8001FF20 (0x333335B7) lui a1, 209715
x11 <- 0x33333000


mem[X,0x8001FF24] -> 0x8593
mem[X,0x8001FF26] -> 0x3345
[2968] [M]: 0x8001FF24 (0x33458593) addi a1, a1, 820
x11 <- 0x33333334


mem[X,0x8001FF28] -> 0x0213
mem[X,0x8001FF2A] -> 0x0000
[2969] [M]: 0x8001FF28 (0x00000213) addi tp, zero, 0
x4 <- 0x00000000


mem[X,0x8001FF2C] -> 0x006F
mem[X,0x8001FF2E] -> 0x00C0
[2970] [M]: 0x8001FF2C (0x00C0006F) jal zero, 12


mem[X,0x8001FF38] -> 0x1063
mem[X,0x8001FF3A] -> 0x20B5
[2971] [M]: 0x8001FF38 (0x20B51063) bne a0, a1, 512


mem[X,0x80020138] -> 0x0213
mem[X,0x8002013A] -> 0x0032
[2972] [M]: 0x80020138 (0x00320213) addi tp, tp, 3
x4 <- 0x00000003


mem[X,0x8002013C] -> 0x006F
mem[X,0x8002013E] -> 0x0040
[2973] [M]: 0x8002013C (0x0040006F) jal zero, 4


mem[X,0x80020140] -> 0xAC23
mem[X,0x80020142] -> 0x4840
[2974] [M]: 0x80020140 (0x4840AC23) sw tp, 1176(ra)
mem[0x8003A600] <- 0x00000003


mem[X,0x80020144] -> 0x5537
mem[X,0x80020146] -> 0x5555
[2975] [M]: 0x80020144 (0x55555537) lui a0, 349525
x10 <- 0x55555000


mem[X,0x80020148] -> 0x0513
mem[X,0x8002014A] -> 0x5545
[2976] [M]: 0x80020148 (0x55450513) addi a0, a0, 1364
x10 <- 0x55555554


mem[X,0x8002014C] -> 0x65B7
mem[X,0x8002014E] -> 0x6666
[2977] [M]: 0x8002014C (0x666665B7) lui a1, 419430
x11 <- 0x66666000


mem[X,0x80020150] -> 0x8593
mem[X,0x80020152] -> 0x6675
[2978] [M]: 0x80020150 (0x66758593) addi a1, a1, 1639
x11 <- 0x66666667


mem[X,0x80020154] -> 0x0213
mem[X,0x80020156] -> 0x0000
[2979] [M]: 0x80020154 (0x00000213) addi tp, zero, 0
x4 <- 0x00000000


mem[X,0x80020158] -> 0x006F
mem[X,0x8002015A] -> 0x00C0
[2980] [M]: 0x80020158 (0x00C0006F) jal zero, 12


mem[X,0x80020164] -> 0x1063
mem[X,0x80020166] -> 0x10B5
[2981] [M]: 0x80020164 (0x10B51063) bne a0, a1, 256


mem[X,0x80020264] -> 0x0213
mem[X,0x80020266] -> 0x0032
[2982] [M]: 0x80020264 (0x00320213) addi tp, tp, 3
x4 <- 0x00000003


mem[X,0x80020268] -> 0x006F
mem[X,0x8002026A] -> 0x0040
[2983] [M]: 0x80020268 (0x0040006F) jal zero, 4


mem[X,0x8002026C] -> 0xAE23
mem[X,0x8002026E] -> 0x4840
[2984] [M]: 0x8002026C (0x4840AE23) sw tp, 1180(ra)
mem[0x8003A604] <- 0x00000003


mem[X,0x80020270] -> 0x5537
mem[X,0x80020272] -> 0x5555
[2985] [M]: 0x80020270 (0x55555537) lui a0, 349525
x10 <- 0x55555000


mem[X,0x80020274] -> 0x0513
mem[X,0x80020276] -> 0x5545
[2986] [M]: 0x80020274 (0x55450513) addi a0, a0, 1364
x10 <- 0x55555554


mem[X,0x80020278] -> 0x55B7
mem[X,0x8002027A] -> 0xFFFF
[2987] [M]: 0x80020278 (0xFFFF55B7) lui a1, 1048565
x11 <- 0xFFFF5000


mem[X,0x8002027C] -> 0x8593
mem[X,0x8002027E] -> 0xAFD5
[2988] [M]: 0x8002027C (0xAFD58593) addi a1, a1, 2813
x11 <- 0xFFFF4AFD


mem[X,0x80020280] -> 0x0213
mem[X,0x80020282] -> 0x0000
[2989] [M]: 0x80020280 (0x00000213) addi tp, zero, 0
x4 <- 0x00000000


mem[X,0x80020284] -> 0x006F
mem[X,0x80020286] -> 0x00C0
[2990] [M]: 0x80020284 (0x00C0006F) jal zero, 12


mem[X,0x80020290] -> 0x1663
mem[X,0x80020292] -> 0x00B5
[2991] [M]: 0x80020290 (0x00B51663) bne a0, a1, 12


mem[X,0x8002029C] -> 0x0213
mem[X,0x8002029E] -> 0x0032
[2992] [M]: 0x8002029C (0x00320213) addi tp, tp, 3
x4 <- 0x00000003


mem[X,0x800202A0] -> 0x006F
mem[X,0x800202A2] -> 0x0040
[2993] [M]: 0x800202A0 (0x0040006F) jal zero, 4


mem[X,0x800202A4] -> 0xA023
mem[X,0x800202A6] -> 0x4A40
[2994] [M]: 0x800202A4 (0x4A40A023) sw tp, 1184(ra)
mem[0x8003A608] <- 0x00000003


mem[X,0x800202A8] -> 0x5537
mem[X,0x800202AA] -> 0x5555
[2995] [M]: 0x800202A8 (0x55555537) lui a0, 349525
x10 <- 0x55555000


mem[X,0x800202AC] -> 0x0513
mem[X,0x800202AE] -> 0x5545
[2996] [M]: 0x800202AC (0x55450513) addi a0, a0, 1364
x10 <- 0x55555554


mem[X,0x800202B0] -> 0xB5B7
mem[X,0x800202B2] -> 0x0000
[2997] [M]: 0x800202B0 (0x0000B5B7) lui a1, 11
x11 <- 0x0000B000


mem[X,0x800202B4] -> 0x8593
mem[X,0x800202B6] -> 0x5055
[2998] [M]: 0x800202B4 (0x50558593) addi a1, a1, 1285
x11 <- 0x0000B505


mem[X,0x800202B8] -> 0x0213
mem[X,0x800202BA] -> 0x0000
[2999] [M]: 0x800202B8 (0x00000213) addi tp, zero, 0
x4 <- 0x00000000


clint::tick mtime <- 0x000000000000001E
 clint timer pending at mtime 0x000000000000001E
htif::tick 0x0000000000000000
mem[X,0x800202BC] -> 0x006F
mem[X,0x800202BE] -> 0x00C0
[3000] [M]: 0x800202BC (0x00C0006F) jal zero, 12


mem[X,0x800202C8] -> 0x1CE3
mem[X,0x800202CA] -> 0xFEB5
[3001] [M]: 0x800202C8 (0xFEB51CE3) bne a0, a1, 8184


mem[X,0x800202C0] -> 0x0213
mem[X,0x800202C2] -> 0x0012
[3002] [M]: 0x800202C0 (0x00120213) addi tp, tp, 1
x4 <- 0x00000001


mem[X,0x800202C4] -> 0x006F
mem[X,0x800202C6] -> 0x0180
[3003] [M]: 0x800202C4 (0x0180006F) jal zero, 24


mem[X,0x800202DC] -> 0xA223
mem[X,0x800202DE] -> 0x4A40
[3004] [M]: 0x800202DC (0x4A40A223) sw tp, 1188(ra)
mem[0x8003A60C] <- 0x00000001


mem[X,0x800202E0] -> 0x0513
mem[X,0x800202E2] -> 0x0000
[3005] [M]: 0x800202E0 (0x00000513) addi a0, zero, 0
x10 <- 0x00000000


mem[X,0x800202E4] -> 0x0593
mem[X,0x800202E6] -> 0x0030
[3006] [M]: 0x800202E4 (0x00300593) addi a1, zero, 3
x11 <- 0x00000003


mem[X,0x800202E8] -> 0x0213
mem[X,0x800202EA] -> 0x0000
[3007] [M]: 0x800202E8 (0x00000213) addi tp, zero, 0
x4 <- 0x00000000


mem[X,0x800202EC] -> 0x006F
mem[X,0x800202EE] -> 0x00C0
[3008] [M]: 0x800202EC (0x00C0006F) jal zero, 12


mem[X,0x800202F8] -> 0x1663
mem[X,0x800202FA] -> 0x00B5
[3009] [M]: 0x800202F8 (0x00B51663) bne a0, a1, 12


mem[X,0x80020304] -> 0x0213
mem[X,0x80020306] -> 0x0032
[3010] [M]: 0x80020304 (0x00320213) addi tp, tp, 3
x4 <- 0x00000003


mem[X,0x80020308] -> 0x006F
mem[X,0x8002030A] -> 0x0040
[3011] [M]: 0x80020308 (0x0040006F) jal zero, 4


mem[X,0x8002030C] -> 0xA423
mem[X,0x8002030E] -> 0x4A40
[3012] [M]: 0x8002030C (0x4A40A423) sw tp, 1192(ra)
mem[0x8003A610] <- 0x00000003


mem[X,0x80020310] -> 0x0513
mem[X,0x80020312] -> 0x0000
[3013] [M]: 0x80020310 (0x00000513) addi a0, zero, 0
x10 <- 0x00000000


mem[X,0x80020314] -> 0x55B7
mem[X,0x80020316] -> 0x5555
[3014] [M]: 0x80020314 (0x555555B7) lui a1, 349525
x11 <- 0x55555000


mem[X,0x80020318] -> 0x8593
mem[X,0x8002031A] -> 0x5555
[3015] [M]: 0x80020318 (0x55558593) addi a1, a1, 1365
x11 <- 0x55555555


mem[X,0x8002031C] -> 0x0213
mem[X,0x8002031E] -> 0x0000
[3016] [M]: 0x8002031C (0x00000213) addi tp, zero, 0
x4 <- 0x00000000


mem[X,0x80020320] -> 0x006F
mem[X,0x80020322] -> 0x00C0
[3017] [M]: 0x80020320 (0x00C0006F) jal zero, 12


mem[X,0x8002032C] -> 0x1663
mem[X,0x8002032E] -> 0x00B5
[3018] [M]: 0x8002032C (0x00B51663) bne a0, a1, 12


mem[X,0x80020338] -> 0x0213
mem[X,0x8002033A] -> 0x0032
[3019] [M]: 0x80020338 (0x00320213) addi tp, tp, 3
x4 <- 0x00000003


mem[X,0x8002033C] -> 0x006F
mem[X,0x8002033E] -> 0x0040
[3020] [M]: 0x8002033C (0x0040006F) jal zero, 4


mem[X,0x80020340] -> 0xA623
mem[X,0x80020342] -> 0x4A40
[3021] [M]: 0x80020340 (0x4A40A623) sw tp, 1196(ra)
mem[0x8003A614] <- 0x00000003


mem[X,0x80020344] -> 0x0513
mem[X,0x80020346] -> 0x0000
[3022] [M]: 0x80020344 (0x00000513) addi a0, zero, 0
x10 <- 0x00000000


mem[X,0x80020348] -> 0xB5B7
mem[X,0x8002034A] -> 0xAAAA
[3023] [M]: 0x80020348 (0xAAAAB5B7) lui a1, 699051
x11 <- 0xAAAAB000


mem[X,0x8002034C] -> 0x8593
mem[X,0x8002034E] -> 0xAAA5
[3024] [M]: 0x8002034C (0xAAA58593) addi a1, a1, 2730
x11 <- 0xAAAAAAAA


mem[X,0x80020350] -> 0x0213
mem[X,0x80020352] -> 0x0000
[3025] [M]: 0x80020350 (0x00000213) addi tp, zero, 0
x4 <- 0x00000000


mem[X,0x80020354] -> 0x006F
mem[X,0x80020356] -> 0x00C0
[3026] [M]: 0x80020354 (0x00C0006F) jal zero, 12


mem[X,0x80020360] -> 0x1063
mem[X,0x80020362] -> 0x40B5
[3027] [M]: 0x80020360 (0x40B51063) bne a0, a1, 1024


mem[X,0x80020760] -> 0x0213
mem[X,0x80020762] -> 0x0032
[3028] [M]: 0x80020760 (0x00320213) addi tp, tp, 3
x4 <- 0x00000003


mem[X,0x80020764] -> 0x006F
mem[X,0x80020766] -> 0x0040
[3029] [M]: 0x80020764 (0x0040006F) jal zero, 4


mem[X,0x80020768] -> 0xA823
mem[X,0x8002076A] -> 0x4A40
[3030] [M]: 0x80020768 (0x4A40A823) sw tp, 1200(ra)
mem[0x8003A618] <- 0x00000003


mem[X,0x8002076C] -> 0x0513
mem[X,0x8002076E] -> 0x0000
[3031] [M]: 0x8002076C (0x00000513) addi a0, zero, 0
x10 <- 0x00000000


mem[X,0x80020770] -> 0x0593
mem[X,0x80020772] -> 0x0050
[3032] [M]: 0x80020770 (0x00500593) addi a1, zero, 5
x11 <- 0x00000005


mem[X,0x80020774] -> 0x0213
mem[X,0x80020776] -> 0x0000
[3033] [M]: 0x80020774 (0x00000213) addi tp, zero, 0
x4 <- 0x00000000


mem[X,0x80020778] -> 0x006F
mem[X,0x8002077A] -> 0x00C0
[3034] [M]: 0x80020778 (0x00C0006F) jal zero, 12


mem[X,0x80020784] -> 0x1663
mem[X,0x80020786] -> 0x00B5
[3035] [M]: 0x80020784 (0x00B51663) bne a0, a1, 12


mem[X,0x80020790] -> 0x0213
mem[X,0x80020792] -> 0x0032
[3036] [M]: 0x80020790 (0x00320213) addi tp, tp, 3
x4 <- 0x00000003


mem[X,0x80020794] -> 0x006F
mem[X,0x80020796] -> 0x0040
[3037] [M]: 0x80020794 (0x0040006F) jal zero, 4


mem[X,0x80020798] -> 0xAA23
mem[X,0x8002079A] -> 0x4A40
[3038] [M]: 0x80020798 (0x4A40AA23) sw tp, 1204(ra)
mem[0x8003A61C] <- 0x00000003


mem[X,0x8002079C] -> 0x0513
mem[X,0x8002079E] -> 0x0000
[3039] [M]: 0x8002079C (0x00000513) addi a0, zero, 0
x10 <- 0x00000000


mem[X,0x800207A0] -> 0x35B7
mem[X,0x800207A2] -> 0x3333
[3040] [M]: 0x800207A0 (0x333335B7) lui a1, 209715
x11 <- 0x33333000


mem[X,0x800207A4] -> 0x8593
mem[X,0x800207A6] -> 0x3335
[3041] [M]: 0x800207A4 (0x33358593) addi a1, a1, 819
x11 <- 0x33333333


mem[X,0x800207A8] -> 0x0213
mem[X,0x800207AA] -> 0x0000
[3042] [M]: 0x800207A8 (0x00000213) addi tp, zero, 0
x4 <- 0x00000000


mem[X,0x800207AC] -> 0x006F
mem[X,0x800207AE] -> 0x00C0
[3043] [M]: 0x800207AC (0x00C0006F) jal zero, 12


mem[X,0x800207B8] -> 0x1063
mem[X,0x800207BA] -> 0x20B5
[3044] [M]: 0x800207B8 (0x20B51063) bne a0, a1, 512


mem[X,0x800209B8] -> 0x0213
mem[X,0x800209BA] -> 0x0032
[3045] [M]: 0x800209B8 (0x00320213) addi tp, tp, 3
x4 <- 0x00000003


mem[X,0x800209BC] -> 0x006F
mem[X,0x800209BE] -> 0x0040
[3046] [M]: 0x800209BC (0x0040006F) jal zero, 4


mem[X,0x800209C0] -> 0xAC23
mem[X,0x800209C2] -> 0x4A40
[3047] [M]: 0x800209C0 (0x4A40AC23) sw tp, 1208(ra)
mem[0x8003A620] <- 0x00000003


mem[X,0x800209C4] -> 0x0513
mem[X,0x800209C6] -> 0x0000
[3048] [M]: 0x800209C4 (0x00000513) addi a0, zero, 0
x10 <- 0x00000000


mem[X,0x800209C8] -> 0x65B7
mem[X,0x800209CA] -> 0x6666
[3049] [M]: 0x800209C8 (0x666665B7) lui a1, 419430
x11 <- 0x66666000


mem[X,0x800209CC] -> 0x8593
mem[X,0x800209CE] -> 0x6665
[3050] [M]: 0x800209CC (0x66658593) addi a1, a1, 1638
x11 <- 0x66666666


mem[X,0x800209D0] -> 0x0213
mem[X,0x800209D2] -> 0x0000
[3051] [M]: 0x800209D0 (0x00000213) addi tp, zero, 0
x4 <- 0x00000000


mem[X,0x800209D4] -> 0x006F
mem[X,0x800209D6] -> 0x0100
[3052] [M]: 0x800209D4 (0x0100006F) jal zero, 16


mem[X,0x800209E4] -> 0x1AE3
mem[X,0x800209E6] -> 0xFEB5
[3053] [M]: 0x800209E4 (0xFEB51AE3) bne a0, a1, 8180


mem[X,0x800209D8] -> 0x0213
mem[X,0x800209DA] -> 0x0012
[3054] [M]: 0x800209D8 (0x00120213) addi tp, tp, 1
x4 <- 0x00000001


mem[X,0x800209DC] -> 0x006F
mem[X,0x800209DE] -> 0x01C0
[3055] [M]: 0x800209DC (0x01C0006F) jal zero, 28


mem[X,0x800209F8] -> 0xAE23
mem[X,0x800209FA] -> 0x4A40
[3056] [M]: 0x800209F8 (0x4A40AE23) sw tp, 1212(ra)
mem[0x8003A624] <- 0x00000001


mem[X,0x800209FC] -> 0x0513
mem[X,0x800209FE] -> 0x0000
[3057] [M]: 0x800209FC (0x00000513) addi a0, zero, 0
x10 <- 0x00000000


mem[X,0x80020A00] -> 0x55B7
mem[X,0x80020A02] -> 0xFFFF
[3058] [M]: 0x80020A00 (0xFFFF55B7) lui a1, 1048565
x11 <- 0xFFFF5000


mem[X,0x80020A04] -> 0x8593
mem[X,0x80020A06] -> 0xAFC5
[3059] [M]: 0x80020A04 (0xAFC58593) addi a1, a1, 2812
x11 <- 0xFFFF4AFC


mem[X,0x80020A08] -> 0x0213
mem[X,0x80020A0A] -> 0x0000
[3060] [M]: 0x80020A08 (0x00000213) addi tp, zero, 0
x4 <- 0x00000000


mem[X,0x80020A0C] -> 0x006F
mem[X,0x80020A0E] -> 0x00C0
[3061] [M]: 0x80020A0C (0x00C0006F) jal zero, 12


mem[X,0x80020A18] -> 0x1063
mem[X,0x80020A1A] -> 0x10B5
[3062] [M]: 0x80020A18 (0x10B51063) bne a0, a1, 256


mem[X,0x80020B18] -> 0x0213
mem[X,0x80020B1A] -> 0x0032
[3063] [M]: 0x80020B18 (0x00320213) addi tp, tp, 3
x4 <- 0x00000003


mem[X,0x80020B1C] -> 0x006F
mem[X,0x80020B1E] -> 0x0040
[3064] [M]: 0x80020B1C (0x0040006F) jal zero, 4


mem[X,0x80020B20] -> 0xA023
mem[X,0x80020B22] -> 0x4C40
[3065] [M]: 0x80020B20 (0x4C40A023) sw tp, 1216(ra)
mem[0x8003A628] <- 0x00000003


mem[X,0x80020B24] -> 0x0513
mem[X,0x80020B26] -> 0x0000
[3066] [M]: 0x80020B24 (0x00000513) addi a0, zero, 0
x10 <- 0x00000000


mem[X,0x80020B28] -> 0xB5B7
mem[X,0x80020B2A] -> 0x0000
[3067] [M]: 0x80020B28 (0x0000B5B7) lui a1, 11
x11 <- 0x0000B000


mem[X,0x80020B2C] -> 0x8593
mem[X,0x80020B2E] -> 0x5045
[3068] [M]: 0x80020B2C (0x50458593) addi a1, a1, 1284
x11 <- 0x0000B504


mem[X,0x80020B30] -> 0x0213
mem[X,0x80020B32] -> 0x0000
[3069] [M]: 0x80020B30 (0x00000213) addi tp, zero, 0
x4 <- 0x00000000


mem[X,0x80020B34] -> 0x006F
mem[X,0x80020B36] -> 0x00C0
[3070] [M]: 0x80020B34 (0x00C0006F) jal zero, 12


mem[X,0x80020B40] -> 0x1CE3
mem[X,0x80020B42] -> 0xFEB5
[3071] [M]: 0x80020B40 (0xFEB51CE3) bne a0, a1, 8184


mem[X,0x80020B38] -> 0x0213
mem[X,0x80020B3A] -> 0x0012
[3072] [M]: 0x80020B38 (0x00120213) addi tp, tp, 1
x4 <- 0x00000001


mem[X,0x80020B3C] -> 0x006F
mem[X,0x80020B3E] -> 0x0180
[3073] [M]: 0x80020B3C (0x0180006F) jal zero, 24


mem[X,0x80020B54] -> 0xA223
mem[X,0x80020B56] -> 0x4C40
[3074] [M]: 0x80020B54 (0x4C40A223) sw tp, 1220(ra)
mem[0x8003A62C] <- 0x00000001


mem[X,0x80020B58] -> 0xB537
mem[X,0x80020B5A] -> 0xAAAA
[3075] [M]: 0x80020B58 (0xAAAAB537) lui a0, 699051
x10 <- 0xAAAAB000


mem[X,0x80020B5C] -> 0x0513
mem[X,0x80020B5E] -> 0xAAB5
[3076] [M]: 0x80020B5C (0xAAB50513) addi a0, a0, 2731
x10 <- 0xAAAAAAAB


mem[X,0x80020B60] -> 0x35B7
mem[X,0x80020B62] -> 0x3333
[3077] [M]: 0x80020B60 (0x333335B7) lui a1, 209715
x11 <- 0x33333000


mem[X,0x80020B64] -> 0x8593
mem[X,0x80020B66] -> 0x3345
[3078] [M]: 0x80020B64 (0x33458593) addi a1, a1, 820
x11 <- 0x33333334


mem[X,0x80020B68] -> 0x0213
mem[X,0x80020B6A] -> 0x0000
[3079] [M]: 0x80020B68 (0x00000213) addi tp, zero, 0
x4 <- 0x00000000


mem[X,0x80020B6C] -> 0x006F
mem[X,0x80020B6E] -> 0x00C0
[3080] [M]: 0x80020B6C (0x00C0006F) jal zero, 12


mem[X,0x80020B78] -> 0x1CE3
mem[X,0x80020B7A] -> 0xFEB5
[3081] [M]: 0x80020B78 (0xFEB51CE3) bne a0, a1, 8184


mem[X,0x80020B70] -> 0x0213
mem[X,0x80020B72] -> 0x0012
[3082] [M]: 0x80020B70 (0x00120213) addi tp, tp, 1
x4 <- 0x00000001


mem[X,0x80020B74] -> 0x006F
mem[X,0x80020B76] -> 0x0180
[3083] [M]: 0x80020B74 (0x0180006F) jal zero, 24


mem[X,0x80020B8C] -> 0xA423
mem[X,0x80020B8E] -> 0x4C40
[3084] [M]: 0x80020B8C (0x4C40A423) sw tp, 1224(ra)
mem[0x8003A630] <- 0x00000001


mem[X,0x80020B90] -> 0xB537
mem[X,0x80020B92] -> 0xAAAA
[3085] [M]: 0x80020B90 (0xAAAAB537) lui a0, 699051
x10 <- 0xAAAAB000


mem[X,0x80020B94] -> 0x0513
mem[X,0x80020B96] -> 0xAAB5
[3086] [M]: 0x80020B94 (0xAAB50513) addi a0, a0, 2731
x10 <- 0xAAAAAAAB


mem[X,0x80020B98] -> 0x65B7
mem[X,0x80020B9A] -> 0x6666
[3087] [M]: 0x80020B98 (0x666665B7) lui a1, 419430
x11 <- 0x66666000


mem[X,0x80020B9C] -> 0x8593
mem[X,0x80020B9E] -> 0x6675
[3088] [M]: 0x80020B9C (0x66758593) addi a1, a1, 1639
x11 <- 0x66666667


mem[X,0x80020BA0] -> 0x0213
mem[X,0x80020BA2] -> 0x0000
[3089] [M]: 0x80020BA0 (0x00000213) addi tp, zero, 0
x4 <- 0x00000000


mem[X,0x80020BA4] -> 0x006F
mem[X,0x80020BA6] -> 0x00C0
[3090] [M]: 0x80020BA4 (0x00C0006F) jal zero, 12


mem[X,0x80020BB0] -> 0x1063
mem[X,0x80020BB2] -> 0x20B5
[3091] [M]: 0x80020BB0 (0x20B51063) bne a0, a1, 512


mem[X,0x80020DB0] -> 0x0213
mem[X,0x80020DB2] -> 0x0032
[3092] [M]: 0x80020DB0 (0x00320213) addi tp, tp, 3
x4 <- 0x00000003


mem[X,0x80020DB4] -> 0x006F
mem[X,0x80020DB6] -> 0x0040
[3093] [M]: 0x80020DB4 (0x0040006F) jal zero, 4


mem[X,0x80020DB8] -> 0xA623
mem[X,0x80020DBA] -> 0x4C40
[3094] [M]: 0x80020DB8 (0x4C40A623) sw tp, 1228(ra)
mem[0x8003A634] <- 0x00000003


mem[X,0x80020DBC] -> 0xB537
mem[X,0x80020DBE] -> 0xAAAA
[3095] [M]: 0x80020DBC (0xAAAAB537) lui a0, 699051
x10 <- 0xAAAAB000


mem[X,0x80020DC0] -> 0x0513
mem[X,0x80020DC2] -> 0xAAB5
[3096] [M]: 0x80020DC0 (0xAAB50513) addi a0, a0, 2731
x10 <- 0xAAAAAAAB


mem[X,0x80020DC4] -> 0x55B7
mem[X,0x80020DC6] -> 0xFFFF
[3097] [M]: 0x80020DC4 (0xFFFF55B7) lui a1, 1048565
x11 <- 0xFFFF5000


mem[X,0x80020DC8] -> 0x8593
mem[X,0x80020DCA] -> 0xAFD5
[3098] [M]: 0x80020DC8 (0xAFD58593) addi a1, a1, 2813
x11 <- 0xFFFF4AFD


mem[X,0x80020DCC] -> 0x0213
mem[X,0x80020DCE] -> 0x0000
[3099] [M]: 0x80020DCC (0x00000213) addi tp, zero, 0
x4 <- 0x00000000


clint::tick mtime <- 0x000000000000001F
 clint timer pending at mtime 0x000000000000001F
htif::tick 0x0000000000000000
mem[X,0x80020DD0] -> 0x006F
mem[X,0x80020DD2] -> 0x00C0
[3100] [M]: 0x80020DD0 (0x00C0006F) jal zero, 12


mem[X,0x80020DDC] -> 0x1063
mem[X,0x80020DDE] -> 0x02B5
[3101] [M]: 0x80020DDC (0x02B51063) bne a0, a1, 32


mem[X,0x80020DFC] -> 0x0213
mem[X,0x80020DFE] -> 0x0032
[3102] [M]: 0x80020DFC (0x00320213) addi tp, tp, 3
x4 <- 0x00000003


mem[X,0x80020E00] -> 0x006F
mem[X,0x80020E02] -> 0x0040
[3103] [M]: 0x80020E00 (0x0040006F) jal zero, 4


mem[X,0x80020E04] -> 0xA823
mem[X,0x80020E06] -> 0x4C40
[3104] [M]: 0x80020E04 (0x4C40A823) sw tp, 1232(ra)
mem[0x8003A638] <- 0x00000003


mem[X,0x80020E08] -> 0xB537
mem[X,0x80020E0A] -> 0xAAAA
[3105] [M]: 0x80020E08 (0xAAAAB537) lui a0, 699051
x10 <- 0xAAAAB000


mem[X,0x80020E0C] -> 0x0513
mem[X,0x80020E0E] -> 0xAAB5
[3106] [M]: 0x80020E0C (0xAAB50513) addi a0, a0, 2731
x10 <- 0xAAAAAAAB


mem[X,0x80020E10] -> 0xB5B7
mem[X,0x80020E12] -> 0x0000
[3107] [M]: 0x80020E10 (0x0000B5B7) lui a1, 11
x11 <- 0x0000B000


mem[X,0x80020E14] -> 0x8593
mem[X,0x80020E16] -> 0x5055
[3108] [M]: 0x80020E14 (0x50558593) addi a1, a1, 1285
x11 <- 0x0000B505


mem[X,0x80020E18] -> 0x0213
mem[X,0x80020E1A] -> 0x0000
[3109] [M]: 0x80020E18 (0x00000213) addi tp, zero, 0
x4 <- 0x00000000


mem[X,0x80020E1C] -> 0x006F
mem[X,0x80020E1E] -> 0x00C0
[3110] [M]: 0x80020E1C (0x00C0006F) jal zero, 12


mem[X,0x80020E28] -> 0x1063
mem[X,0x80020E2A] -> 0x20B5
[3111] [M]: 0x80020E28 (0x20B51063) bne a0, a1, 512


mem[X,0x80021028] -> 0x0213
mem[X,0x8002102A] -> 0x0032
[3112] [M]: 0x80021028 (0x00320213) addi tp, tp, 3
x4 <- 0x00000003


mem[X,0x8002102C] -> 0x006F
mem[X,0x8002102E] -> 0x0040
[3113] [M]: 0x8002102C (0x0040006F) jal zero, 4


mem[X,0x80021030] -> 0xAA23
mem[X,0x80021032] -> 0x4C40
[3114] [M]: 0x80021030 (0x4C40AA23) sw tp, 1236(ra)
mem[0x8003A63C] <- 0x00000003


mem[X,0x80021034] -> 0x0513
mem[X,0x80021036] -> 0x0060
[3115] [M]: 0x80021034 (0x00600513) addi a0, zero, 6
x10 <- 0x00000006


mem[X,0x80021038] -> 0x0593
mem[X,0x8002103A] -> 0x0030
[3116] [M]: 0x80021038 (0x00300593) addi a1, zero, 3
x11 <- 0x00000003


mem[X,0x8002103C] -> 0x0213
mem[X,0x8002103E] -> 0x0000
[3117] [M]: 0x8002103C (0x00000213) addi tp, zero, 0
x4 <- 0x00000000


mem[X,0x80021040] -> 0x006F
mem[X,0x80021042] -> 0x0140
[3118] [M]: 0x80021040 (0x0140006F) jal zero, 20


mem[X,0x80021054] -> 0x18E3
mem[X,0x80021056] -> 0xFEB5
[3119] [M]: 0x80021054 (0xFEB518E3) bne a0, a1, 8176


mem[X,0x80021044] -> 0x0213
mem[X,0x80021046] -> 0x0012
[3120] [M]: 0x80021044 (0x00120213) addi tp, tp, 1
x4 <- 0x00000001


mem[X,0x80021048] -> 0x006F
mem[X,0x8002104A] -> 0x0200
[3121] [M]: 0x80021048 (0x0200006F) jal zero, 32


mem[X,0x80021068] -> 0xAC23
mem[X,0x8002106A] -> 0x4C40
[3122] [M]: 0x80021068 (0x4C40AC23) sw tp, 1240(ra)
mem[0x8003A640] <- 0x00000001


mem[X,0x8002106C] -> 0x0513
mem[X,0x8002106E] -> 0x0060
[3123] [M]: 0x8002106C (0x00600513) addi a0, zero, 6
x10 <- 0x00000006


mem[X,0x80021070] -> 0xB5B7
mem[X,0x80021072] -> 0xAAAA
[3124] [M]: 0x80021070 (0xAAAAB5B7) lui a1, 699051
x11 <- 0xAAAAB000


mem[X,0x80021074] -> 0x8593
mem[X,0x80021076] -> 0xAAA5
[3125] [M]: 0x80021074 (0xAAA58593) addi a1, a1, 2730
x11 <- 0xAAAAAAAA


mem[X,0x80021078] -> 0x0213
mem[X,0x8002107A] -> 0x0000
[3126] [M]: 0x80021078 (0x00000213) addi tp, zero, 0
x4 <- 0x00000000


mem[X,0x8002107C] -> 0x006F
mem[X,0x8002107E] -> 0x00C0
[3127] [M]: 0x8002107C (0x00C0006F) jal zero, 12


mem[X,0x80021088] -> 0x1063
mem[X,0x8002108A] -> 0x04B5
[3128] [M]: 0x80021088 (0x04B51063) bne a0, a1, 64


mem[X,0x800210C8] -> 0x0213
mem[X,0x800210CA] -> 0x0032
[3129] [M]: 0x800210C8 (0x00320213) addi tp, tp, 3
x4 <- 0x00000003


mem[X,0x800210CC] -> 0x006F
mem[X,0x800210CE] -> 0x0040
[3130] [M]: 0x800210CC (0x0040006F) jal zero, 4


mem[X,0x800210D0] -> 0xAE23
mem[X,0x800210D2] -> 0x4C40
[3131] [M]: 0x800210D0 (0x4C40AE23) sw tp, 1244(ra)
mem[0x8003A644] <- 0x00000003


mem[X,0x800210D4] -> 0x0513
mem[X,0x800210D6] -> 0x0060
[3132] [M]: 0x800210D4 (0x00600513) addi a0, zero, 6
x10 <- 0x00000006


mem[X,0x800210D8] -> 0x0593
mem[X,0x800210DA] -> 0x0050
[3133] [M]: 0x800210D8 (0x00500593) addi a1, zero, 5
x11 <- 0x00000005


mem[X,0x800210DC] -> 0x0213
mem[X,0x800210DE] -> 0x0000
[3134] [M]: 0x800210DC (0x00000213) addi tp, zero, 0
x4 <- 0x00000000


mem[X,0x800210E0] -> 0x006F
mem[X,0x800210E2] -> 0x00C0
[3135] [M]: 0x800210E0 (0x00C0006F) jal zero, 12


mem[X,0x800210EC] -> 0x1063
mem[X,0x800210EE] -> 0x10B5
[3136] [M]: 0x800210EC (0x10B51063) bne a0, a1, 256


mem[X,0x800211EC] -> 0x0213
mem[X,0x800211EE] -> 0x0032
[3137] [M]: 0x800211EC (0x00320213) addi tp, tp, 3
x4 <- 0x00000003


mem[X,0x800211F0] -> 0x006F
mem[X,0x800211F2] -> 0x0040
[3138] [M]: 0x800211F0 (0x0040006F) jal zero, 4


mem[X,0x800211F4] -> 0xA023
mem[X,0x800211F6] -> 0x4E40
[3139] [M]: 0x800211F4 (0x4E40A023) sw tp, 1248(ra)
mem[0x8003A648] <- 0x00000003


mem[X,0x800211F8] -> 0x0513
mem[X,0x800211FA] -> 0x0060
[3140] [M]: 0x800211F8 (0x00600513) addi a0, zero, 6
x10 <- 0x00000006


mem[X,0x800211FC] -> 0x35B7
mem[X,0x800211FE] -> 0x3333
[3141] [M]: 0x800211FC (0x333335B7) lui a1, 209715
x11 <- 0x33333000


mem[X,0x80021200] -> 0x8593
mem[X,0x80021202] -> 0x3335
[3142] [M]: 0x80021200 (0x33358593) addi a1, a1, 819
x11 <- 0x33333333


mem[X,0x80021204] -> 0x0213
mem[X,0x80021206] -> 0x0000
[3143] [M]: 0x80021204 (0x00000213) addi tp, zero, 0
x4 <- 0x00000000


mem[X,0x80021208] -> 0x006F
mem[X,0x8002120A] -> 0x0140
[3144] [M]: 0x80021208 (0x0140006F) jal zero, 20


mem[X,0x8002121C] -> 0x18E3
mem[X,0x8002121E] -> 0xFEB5
[3145] [M]: 0x8002121C (0xFEB518E3) bne a0, a1, 8176


mem[X,0x8002120C] -> 0x0213
mem[X,0x8002120E] -> 0x0012
[3146] [M]: 0x8002120C (0x00120213) addi tp, tp, 1
x4 <- 0x00000001


mem[X,0x80021210] -> 0x006F
mem[X,0x80021212] -> 0x0200
[3147] [M]: 0x80021210 (0x0200006F) jal zero, 32


mem[X,0x80021230] -> 0xA223
mem[X,0x80021232] -> 0x4E40
[3148] [M]: 0x80021230 (0x4E40A223) sw tp, 1252(ra)
mem[0x8003A64C] <- 0x00000001


mem[X,0x80021234] -> 0x0513
mem[X,0x80021236] -> 0x0060
[3149] [M]: 0x80021234 (0x00600513) addi a0, zero, 6
x10 <- 0x00000006


mem[X,0x80021238] -> 0x65B7
mem[X,0x8002123A] -> 0x6666
[3150] [M]: 0x80021238 (0x666665B7) lui a1, 419430
x11 <- 0x66666000


mem[X,0x8002123C] -> 0x8593
mem[X,0x8002123E] -> 0x6665
[3151] [M]: 0x8002123C (0x66658593) addi a1, a1, 1638
x11 <- 0x66666666


mem[X,0x80021240] -> 0x0213
mem[X,0x80021242] -> 0x0000
[3152] [M]: 0x80021240 (0x00000213) addi tp, zero, 0
x4 <- 0x00000000


mem[X,0x80021244] -> 0x006F
mem[X,0x80021246] -> 0x00C0
[3153] [M]: 0x80021244 (0x00C0006F) jal zero, 12


mem[X,0x80021250] -> 0x1063
mem[X,0x80021252] -> 0x04B5
[3154] [M]: 0x80021250 (0x04B51063) bne a0, a1, 64


mem[X,0x80021290] -> 0x0213
mem[X,0x80021292] -> 0x0032
[3155] [M]: 0x80021290 (0x00320213) addi tp, tp, 3
x4 <- 0x00000003


mem[X,0x80021294] -> 0x006F
mem[X,0x80021296] -> 0x0040
[3156] [M]: 0x80021294 (0x0040006F) jal zero, 4


mem[X,0x80021298] -> 0xA423
mem[X,0x8002129A] -> 0x4E40
[3157] [M]: 0x80021298 (0x4E40A423) sw tp, 1256(ra)
mem[0x8003A650] <- 0x00000003


mem[X,0x8002129C] -> 0x0513
mem[X,0x8002129E] -> 0x0060
[3158] [M]: 0x8002129C (0x00600513) addi a0, zero, 6
x10 <- 0x00000006


mem[X,0x800212A0] -> 0x55B7
mem[X,0x800212A2] -> 0xFFFF
[3159] [M]: 0x800212A0 (0xFFFF55B7) lui a1, 1048565
x11 <- 0xFFFF5000


mem[X,0x800212A4] -> 0x8593
mem[X,0x800212A6] -> 0xAFC5
[3160] [M]: 0x800212A4 (0xAFC58593) addi a1, a1, 2812
x11 <- 0xFFFF4AFC


mem[X,0x800212A8] -> 0x0213
mem[X,0x800212AA] -> 0x0000
[3161] [M]: 0x800212A8 (0x00000213) addi tp, zero, 0
x4 <- 0x00000000


mem[X,0x800212AC] -> 0x006F
mem[X,0x800212AE] -> 0x00C0
[3162] [M]: 0x800212AC (0x00C0006F) jal zero, 12


mem[X,0x800212B8] -> 0x1063
mem[X,0x800212BA] -> 0x40B5
[3163] [M]: 0x800212B8 (0x40B51063) bne a0, a1, 1024


mem[X,0x800216B8] -> 0x0213
mem[X,0x800216BA] -> 0x0032
[3164] [M]: 0x800216B8 (0x00320213) addi tp, tp, 3
x4 <- 0x00000003


mem[X,0x800216BC] -> 0x006F
mem[X,0x800216BE] -> 0x0040
[3165] [M]: 0x800216BC (0x0040006F) jal zero, 4


mem[X,0x800216C0] -> 0xA623
mem[X,0x800216C2] -> 0x4E40
[3166] [M]: 0x800216C0 (0x4E40A623) sw tp, 1260(ra)
mem[0x8003A654] <- 0x00000003


mem[X,0x800216C4] -> 0x0513
mem[X,0x800216C6] -> 0x0060
[3167] [M]: 0x800216C4 (0x00600513) addi a0, zero, 6
x10 <- 0x00000006


mem[X,0x800216C8] -> 0xB5B7
mem[X,0x800216CA] -> 0x0000
[3168] [M]: 0x800216C8 (0x0000B5B7) lui a1, 11
x11 <- 0x0000B000


mem[X,0x800216CC] -> 0x8593
mem[X,0x800216CE] -> 0x5045
[3169] [M]: 0x800216CC (0x50458593) addi a1, a1, 1284
x11 <- 0x0000B504


mem[X,0x800216D0] -> 0x0213
mem[X,0x800216D2] -> 0x0000
[3170] [M]: 0x800216D0 (0x00000213) addi tp, zero, 0
x4 <- 0x00000000


mem[X,0x800216D4] -> 0x006F
mem[X,0x800216D6] -> 0x00C0
[3171] [M]: 0x800216D4 (0x00C0006F) jal zero, 12


mem[X,0x800216E0] -> 0x1CE3
mem[X,0x800216E2] -> 0xFEB5
[3172] [M]: 0x800216E0 (0xFEB51CE3) bne a0, a1, 8184


mem[X,0x800216D8] -> 0x0213
mem[X,0x800216DA] -> 0x0012
[3173] [M]: 0x800216D8 (0x00120213) addi tp, tp, 1
x4 <- 0x00000001


mem[X,0x800216DC] -> 0x006F
mem[X,0x800216DE] -> 0x0180
[3174] [M]: 0x800216DC (0x0180006F) jal zero, 24


mem[X,0x800216F4] -> 0xA823
mem[X,0x800216F6] -> 0x4E40
[3175] [M]: 0x800216F4 (0x4E40A823) sw tp, 1264(ra)
mem[0x8003A658] <- 0x00000001


mem[X,0x800216F8] -> 0x0513
mem[X,0x800216FA] -> 0x0060
[3176] [M]: 0x800216F8 (0x00600513) addi a0, zero, 6
x10 <- 0x00000006


mem[X,0x800216FC] -> 0x0593
mem[X,0x800216FE] -> 0x0020
[3177] [M]: 0x800216FC (0x00200593) addi a1, zero, 2
x11 <- 0x00000002


mem[X,0x80021700] -> 0x0213
mem[X,0x80021702] -> 0x0000
[3178] [M]: 0x80021700 (0x00000213) addi tp, zero, 0
x4 <- 0x00000000


mem[X,0x80021704] -> 0x006F
mem[X,0x80021706] -> 0x00C0
[3179] [M]: 0x80021704 (0x00C0006F) jal zero, 12


mem[X,0x80021710] -> 0x1663
mem[X,0x80021712] -> 0x00B5
[3180] [M]: 0x80021710 (0x00B51663) bne a0, a1, 12


mem[X,0x8002171C] -> 0x0213
mem[X,0x8002171E] -> 0x0032
[3181] [M]: 0x8002171C (0x00320213) addi tp, tp, 3
x4 <- 0x00000003


mem[X,0x80021720] -> 0x006F
mem[X,0x80021722] -> 0x0040
[3182] [M]: 0x80021720 (0x0040006F) jal zero, 4


mem[X,0x80021724] -> 0xAA23
mem[X,0x80021726] -> 0x4E40
[3183] [M]: 0x80021724 (0x4E40AA23) sw tp, 1268(ra)
mem[0x8003A65C] <- 0x00000003


mem[X,0x80021728] -> 0x0513
mem[X,0x8002172A] -> 0x0060
[3184] [M]: 0x80021728 (0x00600513) addi a0, zero, 6
x10 <- 0x00000006


mem[X,0x8002172C] -> 0x55B7
mem[X,0x8002172E] -> 0x5555
[3185] [M]: 0x8002172C (0x555555B7) lui a1, 349525
x11 <- 0x55555000


mem[X,0x80021730] -> 0x8593
mem[X,0x80021732] -> 0x5545
[3186] [M]: 0x80021730 (0x55458593) addi a1, a1, 1364
x11 <- 0x55555554


mem[X,0x80021734] -> 0x0213
mem[X,0x80021736] -> 0x0000
[3187] [M]: 0x80021734 (0x00000213) addi tp, zero, 0
x4 <- 0x00000000


mem[X,0x80021738] -> 0x006F
mem[X,0x8002173A] -> 0x0140
[3188] [M]: 0x80021738 (0x0140006F) jal zero, 20


mem[X,0x8002174C] -> 0x18E3
mem[X,0x8002174E] -> 0xFEB5
[3189] [M]: 0x8002174C (0xFEB518E3) bne a0, a1, 8176


mem[X,0x8002173C] -> 0x0213
mem[X,0x8002173E] -> 0x0012
[3190] [M]: 0x8002173C (0x00120213) addi tp, tp, 1
x4 <- 0x00000001


mem[X,0x80021740] -> 0x006F
mem[X,0x80021742] -> 0x0200
[3191] [M]: 0x80021740 (0x0200006F) jal zero, 32


mem[X,0x80021760] -> 0xAC23
mem[X,0x80021762] -> 0x4E40
[3192] [M]: 0x80021760 (0x4E40AC23) sw tp, 1272(ra)
mem[0x8003A660] <- 0x00000001


mem[X,0x80021764] -> 0x0513
mem[X,0x80021766] -> 0x0060
[3193] [M]: 0x80021764 (0x00600513) addi a0, zero, 6
x10 <- 0x00000006


mem[X,0x80021768] -> 0x0593
mem[X,0x8002176A] -> 0x0000
[3194] [M]: 0x80021768 (0x00000593) addi a1, zero, 0
x11 <- 0x00000000


mem[X,0x8002176C] -> 0x0213
mem[X,0x8002176E] -> 0x0000
[3195] [M]: 0x8002176C (0x00000213) addi tp, zero, 0
x4 <- 0x00000000


mem[X,0x80021770] -> 0x006F
mem[X,0x80021772] -> 0x00C0
[3196] [M]: 0x80021770 (0x00C0006F) jal zero, 12


mem[X,0x8002177C] -> 0x1063
mem[X,0x8002177E] -> 0x08B5
[3197] [M]: 0x8002177C (0x08B51063) bne a0, a1, 128


mem[X,0x800217FC] -> 0x0213
mem[X,0x800217FE] -> 0x0032
[3198] [M]: 0x800217FC (0x00320213) addi tp, tp, 3
x4 <- 0x00000003


mem[X,0x80021800] -> 0x006F
mem[X,0x80021802] -> 0x0040
[3199] [M]: 0x80021800 (0x0040006F) jal zero, 4


clint::tick mtime <- 0x0000000000000020
 clint timer pending at mtime 0x0000000000000020
htif::tick 0x0000000000000000
mem[X,0x80021804] -> 0xAE23
mem[X,0x80021806] -> 0x4E40
[3200] [M]: 0x80021804 (0x4E40AE23) sw tp, 1276(ra)
mem[0x8003A664] <- 0x00000003


mem[X,0x80021808] -> 0x0513
mem[X,0x8002180A] -> 0x0060
[3201] [M]: 0x80021808 (0x00600513) addi a0, zero, 6
x10 <- 0x00000006


mem[X,0x8002180C] -> 0x0593
mem[X,0x8002180E] -> 0x0040
[3202] [M]: 0x8002180C (0x00400593) addi a1, zero, 4
x11 <- 0x00000004


mem[X,0x80021810] -> 0x0213
mem[X,0x80021812] -> 0x0000
[3203] [M]: 0x80021810 (0x00000213) addi tp, zero, 0
x4 <- 0x00000000


mem[X,0x80021814] -> 0x006F
mem[X,0x80021816] -> 0x00C0
[3204] [M]: 0x80021814 (0x00C0006F) jal zero, 12


mem[X,0x80021820] -> 0x1063
mem[X,0x80021822] -> 0x08B5
[3205] [M]: 0x80021820 (0x08B51063) bne a0, a1, 128


mem[X,0x800218A0] -> 0x0213
mem[X,0x800218A2] -> 0x0032
[3206] [M]: 0x800218A0 (0x00320213) addi tp, tp, 3
x4 <- 0x00000003


mem[X,0x800218A4] -> 0x006F
mem[X,0x800218A6] -> 0x0040
[3207] [M]: 0x800218A4 (0x0040006F) jal zero, 4


mem[X,0x800218A8] -> 0xA023
mem[X,0x800218AA] -> 0x5040
[3208] [M]: 0x800218A8 (0x5040A023) sw tp, 1280(ra)
mem[0x8003A668] <- 0x00000003


mem[X,0x800218AC] -> 0x0513
mem[X,0x800218AE] -> 0x0060
[3209] [M]: 0x800218AC (0x00600513) addi a0, zero, 6
x10 <- 0x00000006


mem[X,0x800218B0] -> 0x35B7
mem[X,0x800218B2] -> 0x3333
[3210] [M]: 0x800218B0 (0x333335B7) lui a1, 209715
x11 <- 0x33333000


mem[X,0x800218B4] -> 0x8593
mem[X,0x800218B6] -> 0x3325
[3211] [M]: 0x800218B4 (0x33258593) addi a1, a1, 818
x11 <- 0x33333332


mem[X,0x800218B8] -> 0x0213
mem[X,0x800218BA] -> 0x0000
[3212] [M]: 0x800218B8 (0x00000213) addi tp, zero, 0
x4 <- 0x00000000


mem[X,0x800218BC] -> 0x006F
mem[X,0x800218BE] -> 0x0050
[3213] [M]: 0x800218BC (0x0050006F) jal zero, 2052


mem[X,0x800220C0] -> 0x10E3
mem[X,0x800220C2] -> 0x80B5
[3214] [M]: 0x800220C0 (0x80B510E3) bne a0, a1, 6144


mem[X,0x800218C0] -> 0x0213
mem[X,0x800218C2] -> 0x0012
[3215] [M]: 0x800218C0 (0x00120213) addi tp, tp, 1
x4 <- 0x00000001


mem[X,0x800218C4] -> 0x006F
mem[X,0x800218C6] -> 0x0110
[3216] [M]: 0x800218C4 (0x0110006F) jal zero, 2064


mem[X,0x800220D4] -> 0xA223
mem[X,0x800220D6] -> 0x5040
[3217] [M]: 0x800220D4 (0x5040A223) sw tp, 1284(ra)
mem[0x8003A66C] <- 0x00000001


mem[X,0x800220D8] -> 0x0513
mem[X,0x800220DA] -> 0x0060
[3218] [M]: 0x800220D8 (0x00600513) addi a0, zero, 6
x10 <- 0x00000006


mem[X,0x800220DC] -> 0x65B7
mem[X,0x800220DE] -> 0x6666
[3219] [M]: 0x800220DC (0x666665B7) lui a1, 419430
x11 <- 0x66666000


mem[X,0x800220E0] -> 0x8593
mem[X,0x800220E2] -> 0x6655
[3220] [M]: 0x800220E0 (0x66558593) addi a1, a1, 1637
x11 <- 0x66666665


mem[X,0x800220E4] -> 0x0213
mem[X,0x800220E6] -> 0x0000
[3221] [M]: 0x800220E4 (0x00000213) addi tp, zero, 0
x4 <- 0x00000000


mem[X,0x800220E8] -> 0x006F
mem[X,0x800220EA] -> 0x00C0
[3222] [M]: 0x800220E8 (0x00C0006F) jal zero, 12


mem[X,0x800220F4] -> 0x1863
mem[X,0x800220F6] -> 0x00B5
[3223] [M]: 0x800220F4 (0x00B51863) bne a0, a1, 16


mem[X,0x80022104] -> 0x0213
mem[X,0x80022106] -> 0x0032
[3224] [M]: 0x80022104 (0x00320213) addi tp, tp, 3
x4 <- 0x00000003


mem[X,0x80022108] -> 0x006F
mem[X,0x8002210A] -> 0x0040
[3225] [M]: 0x80022108 (0x0040006F) jal zero, 4


mem[X,0x8002210C] -> 0xA423
mem[X,0x8002210E] -> 0x5040
[3226] [M]: 0x8002210C (0x5040A423) sw tp, 1288(ra)
mem[0x8003A670] <- 0x00000003


mem[X,0x80022110] -> 0x0513
mem[X,0x80022112] -> 0x0060
[3227] [M]: 0x80022110 (0x00600513) addi a0, zero, 6
x10 <- 0x00000006


mem[X,0x80022114] -> 0xB5B7
mem[X,0x80022116] -> 0x0000
[3228] [M]: 0x80022114 (0x0000B5B7) lui a1, 11
x11 <- 0x0000B000


mem[X,0x80022118] -> 0x8593
mem[X,0x8002211A] -> 0x5035
[3229] [M]: 0x80022118 (0x50358593) addi a1, a1, 1283
x11 <- 0x0000B503


mem[X,0x8002211C] -> 0x0213
mem[X,0x8002211E] -> 0x0000
[3230] [M]: 0x8002211C (0x00000213) addi tp, zero, 0
x4 <- 0x00000000


mem[X,0x80022120] -> 0x006F
mem[X,0x80022122] -> 0x00C0
[3231] [M]: 0x80022120 (0x00C0006F) jal zero, 12


mem[X,0x8002212C] -> 0x1063
mem[X,0x8002212E] -> 0x20B5
[3232] [M]: 0x8002212C (0x20B51063) bne a0, a1, 512


mem[X,0x8002232C] -> 0x0213
mem[X,0x8002232E] -> 0x0032
[3233] [M]: 0x8002232C (0x00320213) addi tp, tp, 3
x4 <- 0x00000003


mem[X,0x80022330] -> 0x006F
mem[X,0x80022332] -> 0x0040
[3234] [M]: 0x80022330 (0x0040006F) jal zero, 4


mem[X,0x80022334] -> 0xA623
mem[X,0x80022336] -> 0x5040
[3235] [M]: 0x80022334 (0x5040A623) sw tp, 1292(ra)
mem[0x8003A674] <- 0x00000003


mem[X,0x80022338] -> 0x0513
mem[X,0x8002233A] -> 0x0060
[3236] [M]: 0x80022338 (0x00600513) addi a0, zero, 6
x10 <- 0x00000006


mem[X,0x8002233C] -> 0x55B7
mem[X,0x8002233E] -> 0x5555
[3237] [M]: 0x8002233C (0x555555B7) lui a1, 349525
x11 <- 0x55555000


mem[X,0x80022340] -> 0x8593
mem[X,0x80022342] -> 0x5565
[3238] [M]: 0x80022340 (0x55658593) addi a1, a1, 1366
x11 <- 0x55555556


mem[X,0x80022344] -> 0x0213
mem[X,0x80022346] -> 0x0000
[3239] [M]: 0x80022344 (0x00000213) addi tp, zero, 0
x4 <- 0x00000000


mem[X,0x80022348] -> 0x006F
mem[X,0x8002234A] -> 0x0140
[3240] [M]: 0x80022348 (0x0140006F) jal zero, 20


mem[X,0x8002235C] -> 0x18E3
mem[X,0x8002235E] -> 0xFEB5
[3241] [M]: 0x8002235C (0xFEB518E3) bne a0, a1, 8176


mem[X,0x8002234C] -> 0x0213
mem[X,0x8002234E] -> 0x0012
[3242] [M]: 0x8002234C (0x00120213) addi tp, tp, 1
x4 <- 0x00000001


mem[X,0x80022350] -> 0x006F
mem[X,0x80022352] -> 0x0200
[3243] [M]: 0x80022350 (0x0200006F) jal zero, 32


mem[X,0x80022370] -> 0xA823
mem[X,0x80022372] -> 0x5040
[3244] [M]: 0x80022370 (0x5040A823) sw tp, 1296(ra)
mem[0x8003A678] <- 0x00000001


mem[X,0x80022374] -> 0x0513
mem[X,0x80022376] -> 0x0060
[3245] [M]: 0x80022374 (0x00600513) addi a0, zero, 6
x10 <- 0x00000006


mem[X,0x80022378] -> 0xB5B7
mem[X,0x8002237A] -> 0xAAAA
[3246] [M]: 0x80022378 (0xAAAAB5B7) lui a1, 699051
x11 <- 0xAAAAB000


mem[X,0x8002237C] -> 0x8593
mem[X,0x8002237E] -> 0xAAB5
[3247] [M]: 0x8002237C (0xAAB58593) addi a1, a1, 2731
x11 <- 0xAAAAAAAB


mem[X,0x80022380] -> 0x0213
mem[X,0x80022382] -> 0x0000
[3248] [M]: 0x80022380 (0x00000213) addi tp, zero, 0
x4 <- 0x00000000


mem[X,0x80022384] -> 0x006F
mem[X,0x80022386] -> 0x00C0
[3249] [M]: 0x80022384 (0x00C0006F) jal zero, 12


mem[X,0x80022390] -> 0x1CE3
mem[X,0x80022392] -> 0xFEB5
[3250] [M]: 0x80022390 (0xFEB51CE3) bne a0, a1, 8184


mem[X,0x80022388] -> 0x0213
mem[X,0x8002238A] -> 0x0012
[3251] [M]: 0x80022388 (0x00120213) addi tp, tp, 1
x4 <- 0x00000001


mem[X,0x8002238C] -> 0x006F
mem[X,0x8002238E] -> 0x0180
[3252] [M]: 0x8002238C (0x0180006F) jal zero, 24


mem[X,0x800223A4] -> 0xAA23
mem[X,0x800223A6] -> 0x5040
[3253] [M]: 0x800223A4 (0x5040AA23) sw tp, 1300(ra)
mem[0x8003A67C] <- 0x00000001


mem[X,0x800223A8] -> 0x0513
mem[X,0x800223AA] -> 0x0060
[3254] [M]: 0x800223A8 (0x00600513) addi a0, zero, 6
x10 <- 0x00000006


mem[X,0x800223AC] -> 0x0593
mem[X,0x800223AE] -> 0x0060
[3255] [M]: 0x800223AC (0x00600593) addi a1, zero, 6
x11 <- 0x00000006


mem[X,0x800223B0] -> 0x0213
mem[X,0x800223B2] -> 0x0000
[3256] [M]: 0x800223B0 (0x00000213) addi tp, zero, 0
x4 <- 0x00000000


mem[X,0x800223B4] -> 0x006F
mem[X,0x800223B6] -> 0x00C0
[3257] [M]: 0x800223B4 (0x00C0006F) jal zero, 12


mem[X,0x800223C0] -> 0x1063
mem[X,0x800223C2] -> 0x10B5
[3258] [M]: 0x800223C0 (0x10B51063) bne a0, a1, 256


mem[X,0x800223C4] -> 0x0213
mem[X,0x800223C6] -> 0x0022
[3259] [M]: 0x800223C4 (0x00220213) addi tp, tp, 2
x4 <- 0x00000002


mem[X,0x800223C8] -> 0x006F
mem[X,0x800223CA] -> 0x1000
[3260] [M]: 0x800223C8 (0x1000006F) jal zero, 256


mem[X,0x800224C8] -> 0xAC23
mem[X,0x800224CA] -> 0x5040
[3261] [M]: 0x800224C8 (0x5040AC23) sw tp, 1304(ra)
mem[0x8003A680] <- 0x00000002


mem[X,0x800224CC] -> 0x0513
mem[X,0x800224CE] -> 0x0060
[3262] [M]: 0x800224CC (0x00600513) addi a0, zero, 6
x10 <- 0x00000006


mem[X,0x800224D0] -> 0x35B7
mem[X,0x800224D2] -> 0x3333
[3263] [M]: 0x800224D0 (0x333335B7) lui a1, 209715
x11 <- 0x33333000


mem[X,0x800224D4] -> 0x8593
mem[X,0x800224D6] -> 0x3345
[3264] [M]: 0x800224D4 (0x33458593) addi a1, a1, 820
x11 <- 0x33333334


mem[X,0x800224D8] -> 0x0213
mem[X,0x800224DA] -> 0x0000
[3265] [M]: 0x800224D8 (0x00000213) addi tp, zero, 0
x4 <- 0x00000000


mem[X,0x800224DC] -> 0x006F
mem[X,0x800224DE] -> 0x00C0
[3266] [M]: 0x800224DC (0x00C0006F) jal zero, 12


mem[X,0x800224E8] -> 0x1663
mem[X,0x800224EA] -> 0x00B5
[3267] [M]: 0x800224E8 (0x00B51663) bne a0, a1, 12


mem[X,0x800224F4] -> 0x0213
mem[X,0x800224F6] -> 0x0032
[3268] [M]: 0x800224F4 (0x00320213) addi tp, tp, 3
x4 <- 0x00000003


mem[X,0x800224F8] -> 0x006F
mem[X,0x800224FA] -> 0x0040
[3269] [M]: 0x800224F8 (0x0040006F) jal zero, 4


mem[X,0x800224FC] -> 0xAE23
mem[X,0x800224FE] -> 0x5040
[3270] [M]: 0x800224FC (0x5040AE23) sw tp, 1308(ra)
mem[0x8003A684] <- 0x00000003


mem[X,0x80022500] -> 0x0513
mem[X,0x80022502] -> 0x0060
[3271] [M]: 0x80022500 (0x00600513) addi a0, zero, 6
x10 <- 0x00000006


mem[X,0x80022504] -> 0x65B7
mem[X,0x80022506] -> 0x6666
[3272] [M]: 0x80022504 (0x666665B7) lui a1, 419430
x11 <- 0x66666000


mem[X,0x80022508] -> 0x8593
mem[X,0x8002250A] -> 0x6675
[3273] [M]: 0x80022508 (0x66758593) addi a1, a1, 1639
x11 <- 0x66666667


mem[X,0x8002250C] -> 0x0213
mem[X,0x8002250E] -> 0x0000
[3274] [M]: 0x8002250C (0x00000213) addi tp, zero, 0
x4 <- 0x00000000


mem[X,0x80022510] -> 0x006F
mem[X,0x80022512] -> 0x00C0
[3275] [M]: 0x80022510 (0x00C0006F) jal zero, 12


mem[X,0x8002251C] -> 0x1CE3
mem[X,0x8002251E] -> 0xFEB5
[3276] [M]: 0x8002251C (0xFEB51CE3) bne a0, a1, 8184


mem[X,0x80022514] -> 0x0213
mem[X,0x80022516] -> 0x0012
[3277] [M]: 0x80022514 (0x00120213) addi tp, tp, 1
x4 <- 0x00000001


mem[X,0x80022518] -> 0x006F
mem[X,0x8002251A] -> 0x0180
[3278] [M]: 0x80022518 (0x0180006F) jal zero, 24


mem[X,0x80022530] -> 0xA023
mem[X,0x80022532] -> 0x5240
[3279] [M]: 0x80022530 (0x5240A023) sw tp, 1312(ra)
mem[0x8003A688] <- 0x00000001


mem[X,0x80022534] -> 0x0513
mem[X,0x80022536] -> 0x0060
[3280] [M]: 0x80022534 (0x00600513) addi a0, zero, 6
x10 <- 0x00000006


mem[X,0x80022538] -> 0x55B7
mem[X,0x8002253A] -> 0xFFFF
[3281] [M]: 0x80022538 (0xFFFF55B7) lui a1, 1048565
x11 <- 0xFFFF5000


mem[X,0x8002253C] -> 0x8593
mem[X,0x8002253E] -> 0xAFD5
[3282] [M]: 0x8002253C (0xAFD58593) addi a1, a1, 2813
x11 <- 0xFFFF4AFD


mem[X,0x80022540] -> 0x0213
mem[X,0x80022542] -> 0x0000
[3283] [M]: 0x80022540 (0x00000213) addi tp, zero, 0
x4 <- 0x00000000


mem[X,0x80022544] -> 0x006F
mem[X,0x80022546] -> 0x00C0
[3284] [M]: 0x80022544 (0x00C0006F) jal zero, 12


mem[X,0x80022550] -> 0x1663
mem[X,0x80022552] -> 0x00B5
[3285] [M]: 0x80022550 (0x00B51663) bne a0, a1, 12


mem[X,0x8002255C] -> 0x0213
mem[X,0x8002255E] -> 0x0032
[3286] [M]: 0x8002255C (0x00320213) addi tp, tp, 3
x4 <- 0x00000003


mem[X,0x80022560] -> 0x006F
mem[X,0x80022562] -> 0x0040
[3287] [M]: 0x80022560 (0x0040006F) jal zero, 4


mem[X,0x80022564] -> 0xA223
mem[X,0x80022566] -> 0x5240
[3288] [M]: 0x80022564 (0x5240A223) sw tp, 1316(ra)
mem[0x8003A68C] <- 0x00000003


mem[X,0x80022568] -> 0x0513
mem[X,0x8002256A] -> 0x0060
[3289] [M]: 0x80022568 (0x00600513) addi a0, zero, 6
x10 <- 0x00000006


mem[X,0x8002256C] -> 0xB5B7
mem[X,0x8002256E] -> 0x0000
[3290] [M]: 0x8002256C (0x0000B5B7) lui a1, 11
x11 <- 0x0000B000


mem[X,0x80022570] -> 0x8593
mem[X,0x80022572] -> 0x5055
[3291] [M]: 0x80022570 (0x50558593) addi a1, a1, 1285
x11 <- 0x0000B505


mem[X,0x80022574] -> 0x0213
mem[X,0x80022576] -> 0x0000
[3292] [M]: 0x80022574 (0x00000213) addi tp, zero, 0
x4 <- 0x00000000


mem[X,0x80022578] -> 0x006F
mem[X,0x8002257A] -> 0x0140
[3293] [M]: 0x80022578 (0x0140006F) jal zero, 20


mem[X,0x8002258C] -> 0x18E3
mem[X,0x8002258E] -> 0xFEB5
[3294] [M]: 0x8002258C (0xFEB518E3) bne a0, a1, 8176


mem[X,0x8002257C] -> 0x0213
mem[X,0x8002257E] -> 0x0012
[3295] [M]: 0x8002257C (0x00120213) addi tp, tp, 1
x4 <- 0x00000001


mem[X,0x80022580] -> 0x006F
mem[X,0x80022582] -> 0x0200
[3296] [M]: 0x80022580 (0x0200006F) jal zero, 32


mem[X,0x800225A0] -> 0xA423
mem[X,0x800225A2] -> 0x5240
[3297] [M]: 0x800225A0 (0x5240A423) sw tp, 1320(ra)
mem[0x8003A690] <- 0x00000001


mem[X,0x800225A4] -> 0x3537
mem[X,0x800225A6] -> 0x3333
[3298] [M]: 0x800225A4 (0x33333537) lui a0, 209715
x10 <- 0x33333000


mem[X,0x800225A8] -> 0x0513
mem[X,0x800225AA] -> 0x3345
[3299] [M]: 0x800225A8 (0x33450513) addi a0, a0, 820
x10 <- 0x33333334


clint::tick mtime <- 0x0000000000000021
 clint timer pending at mtime 0x0000000000000021
htif::tick 0x0000000000000000
mem[X,0x800225AC] -> 0x0593
mem[X,0x800225AE] -> 0x0030
[3300] [M]: 0x800225AC (0x00300593) addi a1, zero, 3
x11 <- 0x00000003


mem[X,0x800225B0] -> 0x0213
mem[X,0x800225B2] -> 0x0000
[3301] [M]: 0x800225B0 (0x00000213) addi tp, zero, 0
x4 <- 0x00000000


mem[X,0x800225B4] -> 0x006F
mem[X,0x800225B6] -> 0x00C0
[3302] [M]: 0x800225B4 (0x00C0006F) jal zero, 12


mem[X,0x800225C0] -> 0x1663
mem[X,0x800225C2] -> 0x00B5
[3303] [M]: 0x800225C0 (0x00B51663) bne a0, a1, 12


mem[X,0x800225CC] -> 0x0213
mem[X,0x800225CE] -> 0x0032
[3304] [M]: 0x800225CC (0x00320213) addi tp, tp, 3
x4 <- 0x00000003


mem[X,0x800225D0] -> 0x006F
mem[X,0x800225D2] -> 0x0040
[3305] [M]: 0x800225D0 (0x0040006F) jal zero, 4


mem[X,0x800225D4] -> 0xA623
mem[X,0x800225D6] -> 0x5240
[3306] [M]: 0x800225D4 (0x5240A623) sw tp, 1324(ra)
mem[0x8003A694] <- 0x00000003


mem[X,0x800225D8] -> 0x3537
mem[X,0x800225DA] -> 0x3333
[3307] [M]: 0x800225D8 (0x33333537) lui a0, 209715
x10 <- 0x33333000


mem[X,0x800225DC] -> 0x0513
mem[X,0x800225DE] -> 0x3345
[3308] [M]: 0x800225DC (0x33450513) addi a0, a0, 820
x10 <- 0x33333334


mem[X,0x800225E0] -> 0x55B7
mem[X,0x800225E2] -> 0x5555
[3309] [M]: 0x800225E0 (0x555555B7) lui a1, 349525
x11 <- 0x55555000


mem[X,0x800225E4] -> 0x8593
mem[X,0x800225E6] -> 0x5555
[3310] [M]: 0x800225E4 (0x55558593) addi a1, a1, 1365
x11 <- 0x55555555


mem[X,0x800225E8] -> 0x0213
mem[X,0x800225EA] -> 0x0000
[3311] [M]: 0x800225E8 (0x00000213) addi tp, zero, 0
x4 <- 0x00000000


mem[X,0x800225EC] -> 0x006F
mem[X,0x800225EE] -> 0x00C0
[3312] [M]: 0x800225EC (0x00C0006F) jal zero, 12


mem[X,0x800225F8] -> 0x1CE3
mem[X,0x800225FA] -> 0xFEB5
[3313] [M]: 0x800225F8 (0xFEB51CE3) bne a0, a1, 8184


mem[X,0x800225F0] -> 0x0213
mem[X,0x800225F2] -> 0x0012
[3314] [M]: 0x800225F0 (0x00120213) addi tp, tp, 1
x4 <- 0x00000001


mem[X,0x800225F4] -> 0x006F
mem[X,0x800225F6] -> 0x0180
[3315] [M]: 0x800225F4 (0x0180006F) jal zero, 24


mem[X,0x8002260C] -> 0xA823
mem[X,0x8002260E] -> 0x5240
[3316] [M]: 0x8002260C (0x5240A823) sw tp, 1328(ra)
mem[0x8003A698] <- 0x00000001


mem[X,0x80022610] -> 0x3537
mem[X,0x80022612] -> 0x3333
[3317] [M]: 0x80022610 (0x33333537) lui a0, 209715
x10 <- 0x33333000


mem[X,0x80022614] -> 0x0513
mem[X,0x80022616] -> 0x3345
[3318] [M]: 0x80022614 (0x33450513) addi a0, a0, 820
x10 <- 0x33333334


mem[X,0x80022618] -> 0xB5B7
mem[X,0x8002261A] -> 0xAAAA
[3319] [M]: 0x80022618 (0xAAAAB5B7) lui a1, 699051
x11 <- 0xAAAAB000


mem[X,0x8002261C] -> 0x8593
mem[X,0x8002261E] -> 0xAAA5
[3320] [M]: 0x8002261C (0xAAA58593) addi a1, a1, 2730
x11 <- 0xAAAAAAAA


mem[X,0x80022620] -> 0x0213
mem[X,0x80022622] -> 0x0000
[3321] [M]: 0x80022620 (0x00000213) addi tp, zero, 0
x4 <- 0x00000000


mem[X,0x80022624] -> 0x006F
mem[X,0x80022626] -> 0x0050
[3322] [M]: 0x80022624 (0x0050006F) jal zero, 2052


mem[X,0x80022E28] -> 0x10E3
mem[X,0x80022E2A] -> 0x80B5
[3323] [M]: 0x80022E28 (0x80B510E3) bne a0, a1, 6144


mem[X,0x80022628] -> 0x0213
mem[X,0x8002262A] -> 0x0012
[3324] [M]: 0x80022628 (0x00120213) addi tp, tp, 1
x4 <- 0x00000001


mem[X,0x8002262C] -> 0x006F
mem[X,0x8002262E] -> 0x0110
[3325] [M]: 0x8002262C (0x0110006F) jal zero, 2064


mem[X,0x80022E3C] -> 0xAA23
mem[X,0x80022E3E] -> 0x5240
[3326] [M]: 0x80022E3C (0x5240AA23) sw tp, 1332(ra)
mem[0x8003A69C] <- 0x00000001


mem[X,0x80022E40] -> 0x3537
mem[X,0x80022E42] -> 0x3333
[3327] [M]: 0x80022E40 (0x33333537) lui a0, 209715
x10 <- 0x33333000


mem[X,0x80022E44] -> 0x0513
mem[X,0x80022E46] -> 0x3345
[3328] [M]: 0x80022E44 (0x33450513) addi a0, a0, 820
x10 <- 0x33333334


mem[X,0x80022E48] -> 0x0593
mem[X,0x80022E4A] -> 0x0050
[3329] [M]: 0x80022E48 (0x00500593) addi a1, zero, 5
x11 <- 0x00000005


mem[X,0x80022E4C] -> 0x0213
mem[X,0x80022E4E] -> 0x0000
[3330] [M]: 0x80022E4C (0x00000213) addi tp, zero, 0
x4 <- 0x00000000


mem[X,0x80022E50] -> 0x006F
mem[X,0x80022E52] -> 0x00C0
[3331] [M]: 0x80022E50 (0x00C0006F) jal zero, 12


mem[X,0x80022E5C] -> 0x1663
mem[X,0x80022E5E] -> 0x00B5
[3332] [M]: 0x80022E5C (0x00B51663) bne a0, a1, 12


mem[X,0x80022E68] -> 0x0213
mem[X,0x80022E6A] -> 0x0032
[3333] [M]: 0x80022E68 (0x00320213) addi tp, tp, 3
x4 <- 0x00000003


mem[X,0x80022E6C] -> 0x006F
mem[X,0x80022E6E] -> 0x0040
[3334] [M]: 0x80022E6C (0x0040006F) jal zero, 4


mem[X,0x80022E70] -> 0xAC23
mem[X,0x80022E72] -> 0x5240
[3335] [M]: 0x80022E70 (0x5240AC23) sw tp, 1336(ra)
mem[0x8003A6A0] <- 0x00000003


mem[X,0x80022E74] -> 0x3537
mem[X,0x80022E76] -> 0x3333
[3336] [M]: 0x80022E74 (0x33333537) lui a0, 209715
x10 <- 0x33333000


mem[X,0x80022E78] -> 0x0513
mem[X,0x80022E7A] -> 0x3345
[3337] [M]: 0x80022E78 (0x33450513) addi a0, a0, 820
x10 <- 0x33333334


mem[X,0x80022E7C] -> 0x35B7
mem[X,0x80022E7E] -> 0x3333
[3338] [M]: 0x80022E7C (0x333335B7) lui a1, 209715
x11 <- 0x33333000


mem[X,0x80022E80] -> 0x8593
mem[X,0x80022E82] -> 0x3335
[3339] [M]: 0x80022E80 (0x33358593) addi a1, a1, 819
x11 <- 0x33333333


mem[X,0x80022E84] -> 0x0213
mem[X,0x80022E86] -> 0x0000
[3340] [M]: 0x80022E84 (0x00000213) addi tp, zero, 0
x4 <- 0x00000000


mem[X,0x80022E88] -> 0x006F
mem[X,0x80022E8A] -> 0x00C0
[3341] [M]: 0x80022E88 (0x00C0006F) jal zero, 12


mem[X,0x80022E94] -> 0x1663
mem[X,0x80022E96] -> 0x00B5
[3342] [M]: 0x80022E94 (0x00B51663) bne a0, a1, 12


mem[X,0x80022EA0] -> 0x0213
mem[X,0x80022EA2] -> 0x0032
[3343] [M]: 0x80022EA0 (0x00320213) addi tp, tp, 3
x4 <- 0x00000003


mem[X,0x80022EA4] -> 0x006F
mem[X,0x80022EA6] -> 0x0040
[3344] [M]: 0x80022EA4 (0x0040006F) jal zero, 4


mem[X,0x80022EA8] -> 0xAE23
mem[X,0x80022EAA] -> 0x5240
[3345] [M]: 0x80022EA8 (0x5240AE23) sw tp, 1340(ra)
mem[0x8003A6A4] <- 0x00000003


mem[X,0x80022EAC] -> 0x3537
mem[X,0x80022EAE] -> 0x3333
[3346] [M]: 0x80022EAC (0x33333537) lui a0, 209715
x10 <- 0x33333000


mem[X,0x80022EB0] -> 0x0513
mem[X,0x80022EB2] -> 0x3345
[3347] [M]: 0x80022EB0 (0x33450513) addi a0, a0, 820
x10 <- 0x33333334


mem[X,0x80022EB4] -> 0x65B7
mem[X,0x80022EB6] -> 0x6666
[3348] [M]: 0x80022EB4 (0x666665B7) lui a1, 419430
x11 <- 0x66666000


mem[X,0x80022EB8] -> 0x8593
mem[X,0x80022EBA] -> 0x6665
[3349] [M]: 0x80022EB8 (0x66658593) addi a1, a1, 1638
x11 <- 0x66666666


mem[X,0x80022EBC] -> 0x0213
mem[X,0x80022EBE] -> 0x0000
[3350] [M]: 0x80022EBC (0x00000213) addi tp, zero, 0
x4 <- 0x00000000


mem[X,0x80022EC0] -> 0x006F
mem[X,0x80022EC2] -> 0x0180
[3351] [M]: 0x80022EC0 (0x0180006F) jal zero, 24


mem[X,0x80022ED8] -> 0x16E3
mem[X,0x80022EDA] -> 0xFEB5
[3352] [M]: 0x80022ED8 (0xFEB516E3) bne a0, a1, 8172


mem[X,0x80022EC4] -> 0x0213
mem[X,0x80022EC6] -> 0x0012
[3353] [M]: 0x80022EC4 (0x00120213) addi tp, tp, 1
x4 <- 0x00000001


mem[X,0x80022EC8] -> 0x006F
mem[X,0x80022ECA] -> 0x0240
[3354] [M]: 0x80022EC8 (0x0240006F) jal zero, 36


mem[X,0x80022EEC] -> 0xA023
mem[X,0x80022EEE] -> 0x5440
[3355] [M]: 0x80022EEC (0x5440A023) sw tp, 1344(ra)
mem[0x8003A6A8] <- 0x00000001


mem[X,0x80022EF0] -> 0x3537
mem[X,0x80022EF2] -> 0x3333
[3356] [M]: 0x80022EF0 (0x33333537) lui a0, 209715
x10 <- 0x33333000


mem[X,0x80022EF4] -> 0x0513
mem[X,0x80022EF6] -> 0x3345
[3357] [M]: 0x80022EF4 (0x33450513) addi a0, a0, 820
x10 <- 0x33333334


mem[X,0x80022EF8] -> 0x55B7
mem[X,0x80022EFA] -> 0xFFFF
[3358] [M]: 0x80022EF8 (0xFFFF55B7) lui a1, 1048565
x11 <- 0xFFFF5000


mem[X,0x80022EFC] -> 0x8593
mem[X,0x80022EFE] -> 0xAFC5
[3359] [M]: 0x80022EFC (0xAFC58593) addi a1, a1, 2812
x11 <- 0xFFFF4AFC


mem[X,0x80022F00] -> 0x0213
mem[X,0x80022F02] -> 0x0000
[3360] [M]: 0x80022F00 (0x00000213) addi tp, zero, 0
x4 <- 0x00000000


mem[X,0x80022F04] -> 0x006F
mem[X,0x80022F06] -> 0x0100
[3361] [M]: 0x80022F04 (0x0100006F) jal zero, 16


mem[X,0x80022F14] -> 0x1AE3
mem[X,0x80022F16] -> 0xFEB5
[3362] [M]: 0x80022F14 (0xFEB51AE3) bne a0, a1, 8180


mem[X,0x80022F08] -> 0x0213
mem[X,0x80022F0A] -> 0x0012
[3363] [M]: 0x80022F08 (0x00120213) addi tp, tp, 1
x4 <- 0x00000001


mem[X,0x80022F0C] -> 0x006F
mem[X,0x80022F0E] -> 0x01C0
[3364] [M]: 0x80022F0C (0x01C0006F) jal zero, 28


mem[X,0x80022F28] -> 0xA223
mem[X,0x80022F2A] -> 0x5440
[3365] [M]: 0x80022F28 (0x5440A223) sw tp, 1348(ra)
mem[0x8003A6AC] <- 0x00000001


mem[X,0x80022F2C] -> 0x3537
mem[X,0x80022F2E] -> 0x3333
[3366] [M]: 0x80022F2C (0x33333537) lui a0, 209715
x10 <- 0x33333000


mem[X,0x80022F30] -> 0x0513
mem[X,0x80022F32] -> 0x3345
[3367] [M]: 0x80022F30 (0x33450513) addi a0, a0, 820
x10 <- 0x33333334


mem[X,0x80022F34] -> 0xB5B7
mem[X,0x80022F36] -> 0x0000
[3368] [M]: 0x80022F34 (0x0000B5B7) lui a1, 11
x11 <- 0x0000B000


mem[X,0x80022F38] -> 0x8593
mem[X,0x80022F3A] -> 0x5045
[3369] [M]: 0x80022F38 (0x50458593) addi a1, a1, 1284
x11 <- 0x0000B504


mem[X,0x80022F3C] -> 0x0213
mem[X,0x80022F3E] -> 0x0000
[3370] [M]: 0x80022F3C (0x00000213) addi tp, zero, 0
x4 <- 0x00000000


mem[X,0x80022F40] -> 0x006F
mem[X,0x80022F42] -> 0x2B10
[3371] [M]: 0x80022F40 (0x2B10006F) jal zero, 2736


mem[X,0x800239F0] -> 0x1A63
mem[X,0x800239F2] -> 0xD4B5
[3372] [M]: 0x800239F0 (0xD4B51A63) bne a0, a1, 5460


mem[X,0x80022F44] -> 0x0213
mem[X,0x80022F46] -> 0x0012
[3373] [M]: 0x80022F44 (0x00120213) addi tp, tp, 1
x4 <- 0x00000001


mem[X,0x80022F48] -> 0x006F
mem[X,0x80022F4A] -> 0x2BD0
[3374] [M]: 0x80022F48 (0x2BD0006F) jal zero, 2748


mem[X,0x80023A04] -> 0xA423
mem[X,0x80023A06] -> 0x5440
[3375] [M]: 0x80023A04 (0x5440A423) sw tp, 1352(ra)
mem[0x8003A6B0] <- 0x00000001


mem[X,0x80023A08] -> 0x3537
mem[X,0x80023A0A] -> 0x3333
[3376] [M]: 0x80023A08 (0x33333537) lui a0, 209715
x10 <- 0x33333000


mem[X,0x80023A0C] -> 0x0513
mem[X,0x80023A0E] -> 0x3345
[3377] [M]: 0x80023A0C (0x33450513) addi a0, a0, 820
x10 <- 0x33333334


mem[X,0x80023A10] -> 0x0593
mem[X,0x80023A12] -> 0x0020
[3378] [M]: 0x80023A10 (0x00200593) addi a1, zero, 2
x11 <- 0x00000002


mem[X,0x80023A14] -> 0x0213
mem[X,0x80023A16] -> 0x0000
[3379] [M]: 0x80023A14 (0x00000213) addi tp, zero, 0
x4 <- 0x00000000


mem[X,0x80023A18] -> 0x006F
mem[X,0x80023A1A] -> 0x0050
[3380] [M]: 0x80023A18 (0x0050006F) jal zero, 2052


mem[X,0x8002421C] -> 0x10E3
mem[X,0x8002421E] -> 0x80B5
[3381] [M]: 0x8002421C (0x80B510E3) bne a0, a1, 6144


mem[X,0x80023A1C] -> 0x0213
mem[X,0x80023A1E] -> 0x0012
[3382] [M]: 0x80023A1C (0x00120213) addi tp, tp, 1
x4 <- 0x00000001


mem[X,0x80023A20] -> 0x006F
mem[X,0x80023A22] -> 0x0110
[3383] [M]: 0x80023A20 (0x0110006F) jal zero, 2064


mem[X,0x80024230] -> 0xA623
mem[X,0x80024232] -> 0x5440
[3384] [M]: 0x80024230 (0x5440A623) sw tp, 1356(ra)
mem[0x8003A6B4] <- 0x00000001


mem[X,0x80024234] -> 0x3537
mem[X,0x80024236] -> 0x3333
[3385] [M]: 0x80024234 (0x33333537) lui a0, 209715
x10 <- 0x33333000


mem[X,0x80024238] -> 0x0513
mem[X,0x8002423A] -> 0x3345
[3386] [M]: 0x80024238 (0x33450513) addi a0, a0, 820
x10 <- 0x33333334


mem[X,0x8002423C] -> 0x55B7
mem[X,0x8002423E] -> 0x5555
[3387] [M]: 0x8002423C (0x555555B7) lui a1, 349525
x11 <- 0x55555000


mem[X,0x80024240] -> 0x8593
mem[X,0x80024242] -> 0x5545
[3388] [M]: 0x80024240 (0x55458593) addi a1, a1, 1364
x11 <- 0x55555554


mem[X,0x80024244] -> 0x0213
mem[X,0x80024246] -> 0x0000
[3389] [M]: 0x80024244 (0x00000213) addi tp, zero, 0
x4 <- 0x00000000


mem[X,0x80024248] -> 0x006F
mem[X,0x8002424A] -> 0x00C0
[3390] [M]: 0x80024248 (0x00C0006F) jal zero, 12


mem[X,0x80024254] -> 0x1063
mem[X,0x80024256] -> 0x02B5
[3391] [M]: 0x80024254 (0x02B51063) bne a0, a1, 32


mem[X,0x80024274] -> 0x0213
mem[X,0x80024276] -> 0x0032
[3392] [M]: 0x80024274 (0x00320213) addi tp, tp, 3
x4 <- 0x00000003


mem[X,0x80024278] -> 0x006F
mem[X,0x8002427A] -> 0x0040
[3393] [M]: 0x80024278 (0x0040006F) jal zero, 4


mem[X,0x8002427C] -> 0xA823
mem[X,0x8002427E] -> 0x5440
[3394] [M]: 0x8002427C (0x5440A823) sw tp, 1360(ra)
mem[0x8003A6B8] <- 0x00000003


mem[X,0x80024280] -> 0x3537
mem[X,0x80024282] -> 0x3333
[3395] [M]: 0x80024280 (0x33333537) lui a0, 209715
x10 <- 0x33333000


mem[X,0x80024284] -> 0x0513
mem[X,0x80024286] -> 0x3345
[3396] [M]: 0x80024284 (0x33450513) addi a0, a0, 820
x10 <- 0x33333334


mem[X,0x80024288] -> 0x0593
mem[X,0x8002428A] -> 0x0000
[3397] [M]: 0x80024288 (0x00000593) addi a1, zero, 0
x11 <- 0x00000000


mem[X,0x8002428C] -> 0x0213
mem[X,0x8002428E] -> 0x0000
[3398] [M]: 0x8002428C (0x00000213) addi tp, zero, 0
x4 <- 0x00000000


mem[X,0x80024290] -> 0x006F
mem[X,0x80024292] -> 0x00C0
[3399] [M]: 0x80024290 (0x00C0006F) jal zero, 12


clint::tick mtime <- 0x0000000000000022
 clint timer pending at mtime 0x0000000000000022
htif::tick 0x0000000000000000
mem[X,0x8002429C] -> 0x1663
mem[X,0x8002429E] -> 0x00B5
[3400] [M]: 0x8002429C (0x00B51663) bne a0, a1, 12


mem[X,0x800242A8] -> 0x0213
mem[X,0x800242AA] -> 0x0032
[3401] [M]: 0x800242A8 (0x00320213) addi tp, tp, 3
x4 <- 0x00000003


mem[X,0x800242AC] -> 0x006F
mem[X,0x800242AE] -> 0x0040
[3402] [M]: 0x800242AC (0x0040006F) jal zero, 4


mem[X,0x800242B0] -> 0xAA23
mem[X,0x800242B2] -> 0x5440
[3403] [M]: 0x800242B0 (0x5440AA23) sw tp, 1364(ra)
mem[0x8003A6BC] <- 0x00000003


mem[X,0x800242B4] -> 0x3537
mem[X,0x800242B6] -> 0x3333
[3404] [M]: 0x800242B4 (0x33333537) lui a0, 209715
x10 <- 0x33333000


mem[X,0x800242B8] -> 0x0513
mem[X,0x800242BA] -> 0x3345
[3405] [M]: 0x800242B8 (0x33450513) addi a0, a0, 820
x10 <- 0x33333334


mem[X,0x800242BC] -> 0x0593
mem[X,0x800242BE] -> 0x0040
[3406] [M]: 0x800242BC (0x00400593) addi a1, zero, 4
x11 <- 0x00000004


mem[X,0x800242C0] -> 0x0213
mem[X,0x800242C2] -> 0x0000
[3407] [M]: 0x800242C0 (0x00000213) addi tp, zero, 0
x4 <- 0x00000000


mem[X,0x800242C4] -> 0x006F
mem[X,0x800242C6] -> 0x0180
[3408] [M]: 0x800242C4 (0x0180006F) jal zero, 24


mem[X,0x800242DC] -> 0x16E3
mem[X,0x800242DE] -> 0xFEB5
[3409] [M]: 0x800242DC (0xFEB516E3) bne a0, a1, 8172


mem[X,0x800242C8] -> 0x0213
mem[X,0x800242CA] -> 0x0012
[3410] [M]: 0x800242C8 (0x00120213) addi tp, tp, 1
x4 <- 0x00000001


mem[X,0x800242CC] -> 0x006F
mem[X,0x800242CE] -> 0x0240
[3411] [M]: 0x800242CC (0x0240006F) jal zero, 36


mem[X,0x800242F0] -> 0xAC23
mem[X,0x800242F2] -> 0x5440
[3412] [M]: 0x800242F0 (0x5440AC23) sw tp, 1368(ra)
mem[0x8003A6C0] <- 0x00000001


mem[X,0x800242F4] -> 0x3537
mem[X,0x800242F6] -> 0x3333
[3413] [M]: 0x800242F4 (0x33333537) lui a0, 209715
x10 <- 0x33333000


mem[X,0x800242F8] -> 0x0513
mem[X,0x800242FA] -> 0x3345
[3414] [M]: 0x800242F8 (0x33450513) addi a0, a0, 820
x10 <- 0x33333334


mem[X,0x800242FC] -> 0x35B7
mem[X,0x800242FE] -> 0x3333
[3415] [M]: 0x800242FC (0x333335B7) lui a1, 209715
x11 <- 0x33333000


mem[X,0x80024300] -> 0x8593
mem[X,0x80024302] -> 0x3325
[3416] [M]: 0x80024300 (0x33258593) addi a1, a1, 818
x11 <- 0x33333332


mem[X,0x80024304] -> 0x0213
mem[X,0x80024306] -> 0x0000
[3417] [M]: 0x80024304 (0x00000213) addi tp, zero, 0
x4 <- 0x00000000


mem[X,0x80024308] -> 0x006F
mem[X,0x8002430A] -> 0x0180
[3418] [M]: 0x80024308 (0x0180006F) jal zero, 24


mem[X,0x80024320] -> 0x16E3
mem[X,0x80024322] -> 0xFEB5
[3419] [M]: 0x80024320 (0xFEB516E3) bne a0, a1, 8172


mem[X,0x8002430C] -> 0x0213
mem[X,0x8002430E] -> 0x0012
[3420] [M]: 0x8002430C (0x00120213) addi tp, tp, 1
x4 <- 0x00000001


mem[X,0x80024310] -> 0x006F
mem[X,0x80024312] -> 0x0240
[3421] [M]: 0x80024310 (0x0240006F) jal zero, 36


mem[X,0x80024334] -> 0xAE23
mem[X,0x80024336] -> 0x5440
[3422] [M]: 0x80024334 (0x5440AE23) sw tp, 1372(ra)
mem[0x8003A6C4] <- 0x00000001


mem[X,0x80024338] -> 0x3537
mem[X,0x8002433A] -> 0x3333
[3423] [M]: 0x80024338 (0x33333537) lui a0, 209715
x10 <- 0x33333000


mem[X,0x8002433C] -> 0x0513
mem[X,0x8002433E] -> 0x3345
[3424] [M]: 0x8002433C (0x33450513) addi a0, a0, 820
x10 <- 0x33333334


mem[X,0x80024340] -> 0x65B7
mem[X,0x80024342] -> 0x6666
[3425] [M]: 0x80024340 (0x666665B7) lui a1, 419430
x11 <- 0x66666000


mem[X,0x80024344] -> 0x8593
mem[X,0x80024346] -> 0x6655
[3426] [M]: 0x80024344 (0x66558593) addi a1, a1, 1637
x11 <- 0x66666665


mem[X,0x80024348] -> 0x0213
mem[X,0x8002434A] -> 0x0000
[3427] [M]: 0x80024348 (0x00000213) addi tp, zero, 0
x4 <- 0x00000000


mem[X,0x8002434C] -> 0x006F
mem[X,0x8002434E] -> 0x00C0
[3428] [M]: 0x8002434C (0x00C0006F) jal zero, 12


mem[X,0x80024358] -> 0x1663
mem[X,0x8002435A] -> 0x00B5
[3429] [M]: 0x80024358 (0x00B51663) bne a0, a1, 12


mem[X,0x80024364] -> 0x0213
mem[X,0x80024366] -> 0x0032
[3430] [M]: 0x80024364 (0x00320213) addi tp, tp, 3
x4 <- 0x00000003


mem[X,0x80024368] -> 0x006F
mem[X,0x8002436A] -> 0x0040
[3431] [M]: 0x80024368 (0x0040006F) jal zero, 4


mem[X,0x8002436C] -> 0xA023
mem[X,0x8002436E] -> 0x5640
[3432] [M]: 0x8002436C (0x5640A023) sw tp, 1376(ra)
mem[0x8003A6C8] <- 0x00000003


mem[X,0x80024370] -> 0x3537
mem[X,0x80024372] -> 0x3333
[3433] [M]: 0x80024370 (0x33333537) lui a0, 209715
x10 <- 0x33333000


mem[X,0x80024374] -> 0x0513
mem[X,0x80024376] -> 0x3345
[3434] [M]: 0x80024374 (0x33450513) addi a0, a0, 820
x10 <- 0x33333334


mem[X,0x80024378] -> 0xB5B7
mem[X,0x8002437A] -> 0x0000
[3435] [M]: 0x80024378 (0x0000B5B7) lui a1, 11
x11 <- 0x0000B000


mem[X,0x8002437C] -> 0x8593
mem[X,0x8002437E] -> 0x5035
[3436] [M]: 0x8002437C (0x50358593) addi a1, a1, 1283
x11 <- 0x0000B503


mem[X,0x80024380] -> 0x0213
mem[X,0x80024382] -> 0x0000
[3437] [M]: 0x80024380 (0x00000213) addi tp, zero, 0
x4 <- 0x00000000


mem[X,0x80024384] -> 0x006F
mem[X,0x80024386] -> 0x00C0
[3438] [M]: 0x80024384 (0x00C0006F) jal zero, 12


mem[X,0x80024390] -> 0x1CE3
mem[X,0x80024392] -> 0xFEB5
[3439] [M]: 0x80024390 (0xFEB51CE3) bne a0, a1, 8184


mem[X,0x80024388] -> 0x0213
mem[X,0x8002438A] -> 0x0012
[3440] [M]: 0x80024388 (0x00120213) addi tp, tp, 1
x4 <- 0x00000001


mem[X,0x8002438C] -> 0x006F
mem[X,0x8002438E] -> 0x0180
[3441] [M]: 0x8002438C (0x0180006F) jal zero, 24


mem[X,0x800243A4] -> 0xA223
mem[X,0x800243A6] -> 0x5640
[3442] [M]: 0x800243A4 (0x5640A223) sw tp, 1380(ra)
mem[0x8003A6CC] <- 0x00000001


mem[X,0x800243A8] -> 0x3537
mem[X,0x800243AA] -> 0x3333
[3443] [M]: 0x800243A8 (0x33333537) lui a0, 209715
x10 <- 0x33333000


mem[X,0x800243AC] -> 0x0513
mem[X,0x800243AE] -> 0x3345
[3444] [M]: 0x800243AC (0x33450513) addi a0, a0, 820
x10 <- 0x33333334


mem[X,0x800243B0] -> 0x55B7
mem[X,0x800243B2] -> 0x5555
[3445] [M]: 0x800243B0 (0x555555B7) lui a1, 349525
x11 <- 0x55555000


mem[X,0x800243B4] -> 0x8593
mem[X,0x800243B6] -> 0x5565
[3446] [M]: 0x800243B4 (0x55658593) addi a1, a1, 1366
x11 <- 0x55555556


mem[X,0x800243B8] -> 0x0213
mem[X,0x800243BA] -> 0x0000
[3447] [M]: 0x800243B8 (0x00000213) addi tp, zero, 0
x4 <- 0x00000000


mem[X,0x800243BC] -> 0x006F
mem[X,0x800243BE] -> 0x00C0
[3448] [M]: 0x800243BC (0x00C0006F) jal zero, 12


mem[X,0x800243C8] -> 0x1663
mem[X,0x800243CA] -> 0x00B5
[3449] [M]: 0x800243C8 (0x00B51663) bne a0, a1, 12


mem[X,0x800243D4] -> 0x0213
mem[X,0x800243D6] -> 0x0032
[3450] [M]: 0x800243D4 (0x00320213) addi tp, tp, 3
x4 <- 0x00000003


mem[X,0x800243D8] -> 0x006F
mem[X,0x800243DA] -> 0x0040
[3451] [M]: 0x800243D8 (0x0040006F) jal zero, 4


mem[X,0x800243DC] -> 0xA423
mem[X,0x800243DE] -> 0x5640
[3452] [M]: 0x800243DC (0x5640A423) sw tp, 1384(ra)
mem[0x8003A6D0] <- 0x00000003


mem[X,0x800243E0] -> 0x3537
mem[X,0x800243E2] -> 0x3333
[3453] [M]: 0x800243E0 (0x33333537) lui a0, 209715
x10 <- 0x33333000


mem[X,0x800243E4] -> 0x0513
mem[X,0x800243E6] -> 0x3345
[3454] [M]: 0x800243E4 (0x33450513) addi a0, a0, 820
x10 <- 0x33333334


mem[X,0x800243E8] -> 0xB5B7
mem[X,0x800243EA] -> 0xAAAA
[3455] [M]: 0x800243E8 (0xAAAAB5B7) lui a1, 699051
x11 <- 0xAAAAB000


mem[X,0x800243EC] -> 0x8593
mem[X,0x800243EE] -> 0xAAB5
[3456] [M]: 0x800243EC (0xAAB58593) addi a1, a1, 2731
x11 <- 0xAAAAAAAB


mem[X,0x800243F0] -> 0x0213
mem[X,0x800243F2] -> 0x0000
[3457] [M]: 0x800243F0 (0x00000213) addi tp, zero, 0
x4 <- 0x00000000


mem[X,0x800243F4] -> 0x006F
mem[X,0x800243F6] -> 0x0100
[3458] [M]: 0x800243F4 (0x0100006F) jal zero, 16


mem[X,0x80024404] -> 0x1AE3
mem[X,0x80024406] -> 0xFEB5
[3459] [M]: 0x80024404 (0xFEB51AE3) bne a0, a1, 8180


mem[X,0x800243F8] -> 0x0213
mem[X,0x800243FA] -> 0x0012
[3460] [M]: 0x800243F8 (0x00120213) addi tp, tp, 1
x4 <- 0x00000001


mem[X,0x800243FC] -> 0x006F
mem[X,0x800243FE] -> 0x01C0
[3461] [M]: 0x800243FC (0x01C0006F) jal zero, 28


mem[X,0x80024418] -> 0xA623
mem[X,0x8002441A] -> 0x5640
[3462] [M]: 0x80024418 (0x5640A623) sw tp, 1388(ra)
mem[0x8003A6D4] <- 0x00000001


mem[X,0x8002441C] -> 0x3537
mem[X,0x8002441E] -> 0x3333
[3463] [M]: 0x8002441C (0x33333537) lui a0, 209715
x10 <- 0x33333000


mem[X,0x80024420] -> 0x0513
mem[X,0x80024422] -> 0x3345
[3464] [M]: 0x80024420 (0x33450513) addi a0, a0, 820
x10 <- 0x33333334


mem[X,0x80024424] -> 0x0593
mem[X,0x80024426] -> 0x0060
[3465] [M]: 0x80024424 (0x00600593) addi a1, zero, 6
x11 <- 0x00000006


mem[X,0x80024428] -> 0x0213
mem[X,0x8002442A] -> 0x0000
[3466] [M]: 0x80024428 (0x00000213) addi tp, zero, 0
x4 <- 0x00000000


mem[X,0x8002442C] -> 0x006F
mem[X,0x8002442E] -> 0x00C0
[3467] [M]: 0x8002442C (0x00C0006F) jal zero, 12


mem[X,0x80024438] -> 0x1063
mem[X,0x8002443A] -> 0x02B5
[3468] [M]: 0x80024438 (0x02B51063) bne a0, a1, 32


mem[X,0x80024458] -> 0x0213
mem[X,0x8002445A] -> 0x0032
[3469] [M]: 0x80024458 (0x00320213) addi tp, tp, 3
x4 <- 0x00000003


mem[X,0x8002445C] -> 0x006F
mem[X,0x8002445E] -> 0x0040
[3470] [M]: 0x8002445C (0x0040006F) jal zero, 4


mem[X,0x80024460] -> 0xA823
mem[X,0x80024462] -> 0x5640
[3471] [M]: 0x80024460 (0x5640A823) sw tp, 1392(ra)
mem[0x8003A6D8] <- 0x00000003


mem[X,0x80024464] -> 0x3537
mem[X,0x80024466] -> 0x3333
[3472] [M]: 0x80024464 (0x33333537) lui a0, 209715
x10 <- 0x33333000


mem[X,0x80024468] -> 0x0513
mem[X,0x8002446A] -> 0x3345
[3473] [M]: 0x80024468 (0x33450513) addi a0, a0, 820
x10 <- 0x33333334


mem[X,0x8002446C] -> 0x35B7
mem[X,0x8002446E] -> 0x3333
[3474] [M]: 0x8002446C (0x333335B7) lui a1, 209715
x11 <- 0x33333000


mem[X,0x80024470] -> 0x8593
mem[X,0x80024472] -> 0x3345
[3475] [M]: 0x80024470 (0x33458593) addi a1, a1, 820
x11 <- 0x33333334


mem[X,0x80024474] -> 0x0213
mem[X,0x80024476] -> 0x0000
[3476] [M]: 0x80024474 (0x00000213) addi tp, zero, 0
x4 <- 0x00000000


mem[X,0x80024478] -> 0x006F
mem[X,0x8002447A] -> 0x00C0
[3477] [M]: 0x80024478 (0x00C0006F) jal zero, 12


mem[X,0x80024484] -> 0x1663
mem[X,0x80024486] -> 0x00B5
[3478] [M]: 0x80024484 (0x00B51663) bne a0, a1, 12


mem[X,0x80024488] -> 0x0213
mem[X,0x8002448A] -> 0x0022
[3479] [M]: 0x80024488 (0x00220213) addi tp, tp, 2
x4 <- 0x00000002


mem[X,0x8002448C] -> 0x006F
mem[X,0x8002448E] -> 0x00C0
[3480] [M]: 0x8002448C (0x00C0006F) jal zero, 12


mem[X,0x80024498] -> 0xAA23
mem[X,0x8002449A] -> 0x5640
[3481] [M]: 0x80024498 (0x5640AA23) sw tp, 1396(ra)
mem[0x8003A6DC] <- 0x00000002


mem[X,0x8002449C] -> 0x3537
mem[X,0x8002449E] -> 0x3333
[3482] [M]: 0x8002449C (0x33333537) lui a0, 209715
x10 <- 0x33333000


mem[X,0x800244A0] -> 0x0513
mem[X,0x800244A2] -> 0x3345
[3483] [M]: 0x800244A0 (0x33450513) addi a0, a0, 820
x10 <- 0x33333334


mem[X,0x800244A4] -> 0x65B7
mem[X,0x800244A6] -> 0x6666
[3484] [M]: 0x800244A4 (0x666665B7) lui a1, 419430
x11 <- 0x66666000


mem[X,0x800244A8] -> 0x8593
mem[X,0x800244AA] -> 0x6675
[3485] [M]: 0x800244A8 (0x66758593) addi a1, a1, 1639
x11 <- 0x66666667


mem[X,0x800244AC] -> 0x0213
mem[X,0x800244AE] -> 0x0000
[3486] [M]: 0x800244AC (0x00000213) addi tp, zero, 0
x4 <- 0x00000000


mem[X,0x800244B0] -> 0x006F
mem[X,0x800244B2] -> 0x00C0
[3487] [M]: 0x800244B0 (0x00C0006F) jal zero, 12


mem[X,0x800244BC] -> 0x1663
mem[X,0x800244BE] -> 0x00B5
[3488] [M]: 0x800244BC (0x00B51663) bne a0, a1, 12


mem[X,0x800244C8] -> 0x0213
mem[X,0x800244CA] -> 0x0032
[3489] [M]: 0x800244C8 (0x00320213) addi tp, tp, 3
x4 <- 0x00000003


mem[X,0x800244CC] -> 0x006F
mem[X,0x800244CE] -> 0x0040
[3490] [M]: 0x800244CC (0x0040006F) jal zero, 4


mem[X,0x800244D0] -> 0xAC23
mem[X,0x800244D2] -> 0x5640
[3491] [M]: 0x800244D0 (0x5640AC23) sw tp, 1400(ra)
mem[0x8003A6E0] <- 0x00000003


mem[X,0x800244D4] -> 0x3537
mem[X,0x800244D6] -> 0x3333
[3492] [M]: 0x800244D4 (0x33333537) lui a0, 209715
x10 <- 0x33333000


mem[X,0x800244D8] -> 0x0513
mem[X,0x800244DA] -> 0x3345
[3493] [M]: 0x800244D8 (0x33450513) addi a0, a0, 820
x10 <- 0x33333334


mem[X,0x800244DC] -> 0x55B7
mem[X,0x800244DE] -> 0xFFFF
[3494] [M]: 0x800244DC (0xFFFF55B7) lui a1, 1048565
x11 <- 0xFFFF5000


mem[X,0x800244E0] -> 0x8593
mem[X,0x800244E2] -> 0xAFD5
[3495] [M]: 0x800244E0 (0xAFD58593) addi a1, a1, 2813
x11 <- 0xFFFF4AFD


mem[X,0x800244E4] -> 0x0213
mem[X,0x800244E6] -> 0x0000
[3496] [M]: 0x800244E4 (0x00000213) addi tp, zero, 0
x4 <- 0x00000000


mem[X,0x800244E8] -> 0x006F
mem[X,0x800244EA] -> 0x00C0
[3497] [M]: 0x800244E8 (0x00C0006F) jal zero, 12


mem[X,0x800244F4] -> 0x1663
mem[X,0x800244F6] -> 0x00B5
[3498] [M]: 0x800244F4 (0x00B51663) bne a0, a1, 12


mem[X,0x80024500] -> 0x0213
mem[X,0x80024502] -> 0x0032
[3499] [M]: 0x80024500 (0x00320213) addi tp, tp, 3
x4 <- 0x00000003


clint::tick mtime <- 0x0000000000000023
 clint timer pending at mtime 0x0000000000000023
htif::tick 0x0000000000000000
mem[X,0x80024504] -> 0x006F
mem[X,0x80024506] -> 0x0040
[3500] [M]: 0x80024504 (0x0040006F) jal zero, 4


mem[X,0x80024508] -> 0xAE23
mem[X,0x8002450A] -> 0x5640
[3501] [M]: 0x80024508 (0x5640AE23) sw tp, 1404(ra)
mem[0x8003A6E4] <- 0x00000003


mem[X,0x8002450C] -> 0x3537
mem[X,0x8002450E] -> 0x3333
[3502] [M]: 0x8002450C (0x33333537) lui a0, 209715
x10 <- 0x33333000


mem[X,0x80024510] -> 0x0513
mem[X,0x80024512] -> 0x3345
[3503] [M]: 0x80024510 (0x33450513) addi a0, a0, 820
x10 <- 0x33333334


mem[X,0x80024514] -> 0xB5B7
mem[X,0x80024516] -> 0x0000
[3504] [M]: 0x80024514 (0x0000B5B7) lui a1, 11
x11 <- 0x0000B000


mem[X,0x80024518] -> 0x8593
mem[X,0x8002451A] -> 0x5055
[3505] [M]: 0x80024518 (0x50558593) addi a1, a1, 1285
x11 <- 0x0000B505


mem[X,0x8002451C] -> 0x0213
mem[X,0x8002451E] -> 0x0000
[3506] [M]: 0x8002451C (0x00000213) addi tp, zero, 0
x4 <- 0x00000000


mem[X,0x80024520] -> 0x006F
mem[X,0x80024522] -> 0x00C0
[3507] [M]: 0x80024520 (0x00C0006F) jal zero, 12


mem[X,0x8002452C] -> 0x1063
mem[X,0x8002452E] -> 0x02B5
[3508] [M]: 0x8002452C (0x02B51063) bne a0, a1, 32


mem[X,0x8002454C] -> 0x0213
mem[X,0x8002454E] -> 0x0032
[3509] [M]: 0x8002454C (0x00320213) addi tp, tp, 3
x4 <- 0x00000003


mem[X,0x80024550] -> 0x006F
mem[X,0x80024552] -> 0x0040
[3510] [M]: 0x80024550 (0x0040006F) jal zero, 4


mem[X,0x80024554] -> 0xA023
mem[X,0x80024556] -> 0x5840
[3511] [M]: 0x80024554 (0x5840A023) sw tp, 1408(ra)
mem[0x8003A6E8] <- 0x00000003


mem[X,0x80024558] -> 0x6537
mem[X,0x8002455A] -> 0x6666
[3512] [M]: 0x80024558 (0x66666537) lui a0, 419430
x10 <- 0x66666000


mem[X,0x8002455C] -> 0x0513
mem[X,0x8002455E] -> 0x6675
[3513] [M]: 0x8002455C (0x66750513) addi a0, a0, 1639
x10 <- 0x66666667


mem[X,0x80024560] -> 0x0593
mem[X,0x80024562] -> 0x0030
[3514] [M]: 0x80024560 (0x00300593) addi a1, zero, 3
x11 <- 0x00000003


mem[X,0x80024564] -> 0x0213
mem[X,0x80024566] -> 0x0000
[3515] [M]: 0x80024564 (0x00000213) addi tp, zero, 0
x4 <- 0x00000000


mem[X,0x80024568] -> 0x006F
mem[X,0x8002456A] -> 0x00C0
[3516] [M]: 0x80024568 (0x00C0006F) jal zero, 12


mem[X,0x80024574] -> 0x1663
mem[X,0x80024576] -> 0x00B5
[3517] [M]: 0x80024574 (0x00B51663) bne a0, a1, 12


mem[X,0x80024580] -> 0x0213
mem[X,0x80024582] -> 0x0032
[3518] [M]: 0x80024580 (0x00320213) addi tp, tp, 3
x4 <- 0x00000003


mem[X,0x80024584] -> 0x006F
mem[X,0x80024586] -> 0x0040
[3519] [M]: 0x80024584 (0x0040006F) jal zero, 4


mem[X,0x80024588] -> 0xA223
mem[X,0x8002458A] -> 0x5840
[3520] [M]: 0x80024588 (0x5840A223) sw tp, 1412(ra)
mem[0x8003A6EC] <- 0x00000003


mem[X,0x8002458C] -> 0x6537
mem[X,0x8002458E] -> 0x6666
[3521] [M]: 0x8002458C (0x66666537) lui a0, 419430
x10 <- 0x66666000


mem[X,0x80024590] -> 0x0513
mem[X,0x80024592] -> 0x6675
[3522] [M]: 0x80024590 (0x66750513) addi a0, a0, 1639
x10 <- 0x66666667


mem[X,0x80024594] -> 0x55B7
mem[X,0x80024596] -> 0x5555
[3523] [M]: 0x80024594 (0x555555B7) lui a1, 349525
x11 <- 0x55555000


mem[X,0x80024598] -> 0x8593
mem[X,0x8002459A] -> 0x5555
[3524] [M]: 0x80024598 (0x55558593) addi a1, a1, 1365
x11 <- 0x55555555


mem[X,0x8002459C] -> 0x0213
mem[X,0x8002459E] -> 0x0000
[3525] [M]: 0x8002459C (0x00000213) addi tp, zero, 0
x4 <- 0x00000000


mem[X,0x800245A0] -> 0x006F
mem[X,0x800245A2] -> 0x00C0
[3526] [M]: 0x800245A0 (0x00C0006F) jal zero, 12


mem[X,0x800245AC] -> 0x1CE3
mem[X,0x800245AE] -> 0xFEB5
[3527] [M]: 0x800245AC (0xFEB51CE3) bne a0, a1, 8184


mem[X,0x800245A4] -> 0x0213
mem[X,0x800245A6] -> 0x0012
[3528] [M]: 0x800245A4 (0x00120213) addi tp, tp, 1
x4 <- 0x00000001


mem[X,0x800245A8] -> 0x006F
mem[X,0x800245AA] -> 0x0180
[3529] [M]: 0x800245A8 (0x0180006F) jal zero, 24


mem[X,0x800245C0] -> 0xA423
mem[X,0x800245C2] -> 0x5840
[3530] [M]: 0x800245C0 (0x5840A423) sw tp, 1416(ra)
mem[0x8003A6F0] <- 0x00000001


mem[X,0x800245C4] -> 0x6537
mem[X,0x800245C6] -> 0x6666
[3531] [M]: 0x800245C4 (0x66666537) lui a0, 419430
x10 <- 0x66666000


mem[X,0x800245C8] -> 0x0513
mem[X,0x800245CA] -> 0x6675
[3532] [M]: 0x800245C8 (0x66750513) addi a0, a0, 1639
x10 <- 0x66666667


mem[X,0x800245CC] -> 0xB5B7
mem[X,0x800245CE] -> 0xAAAA
[3533] [M]: 0x800245CC (0xAAAAB5B7) lui a1, 699051
x11 <- 0xAAAAB000


mem[X,0x800245D0] -> 0x8593
mem[X,0x800245D2] -> 0xAAA5
[3534] [M]: 0x800245D0 (0xAAA58593) addi a1, a1, 2730
x11 <- 0xAAAAAAAA


mem[X,0x800245D4] -> 0x0213
mem[X,0x800245D6] -> 0x0000
[3535] [M]: 0x800245D4 (0x00000213) addi tp, zero, 0
x4 <- 0x00000000


mem[X,0x800245D8] -> 0x006F
mem[X,0x800245DA] -> 0x00C0
[3536] [M]: 0x800245D8 (0x00C0006F) jal zero, 12


mem[X,0x800245E4] -> 0x1063
mem[X,0x800245E6] -> 0x20B5
[3537] [M]: 0x800245E4 (0x20B51063) bne a0, a1, 512


mem[X,0x800247E4] -> 0x0213
mem[X,0x800247E6] -> 0x0032
[3538] [M]: 0x800247E4 (0x00320213) addi tp, tp, 3
x4 <- 0x00000003


mem[X,0x800247E8] -> 0x006F
mem[X,0x800247EA] -> 0x0040
[3539] [M]: 0x800247E8 (0x0040006F) jal zero, 4


mem[X,0x800247EC] -> 0xA623
mem[X,0x800247EE] -> 0x5840
[3540] [M]: 0x800247EC (0x5840A623) sw tp, 1420(ra)
mem[0x8003A6F4] <- 0x00000003


mem[X,0x800247F0] -> 0x6537
mem[X,0x800247F2] -> 0x6666
[3541] [M]: 0x800247F0 (0x66666537) lui a0, 419430
x10 <- 0x66666000


mem[X,0x800247F4] -> 0x0513
mem[X,0x800247F6] -> 0x6675
[3542] [M]: 0x800247F4 (0x66750513) addi a0, a0, 1639
x10 <- 0x66666667


mem[X,0x800247F8] -> 0x0593
mem[X,0x800247FA] -> 0x0050
[3543] [M]: 0x800247F8 (0x00500593) addi a1, zero, 5
x11 <- 0x00000005


mem[X,0x800247FC] -> 0x0213
mem[X,0x800247FE] -> 0x0000
[3544] [M]: 0x800247FC (0x00000213) addi tp, zero, 0
x4 <- 0x00000000


mem[X,0x80024800] -> 0x006F
mem[X,0x80024802] -> 0x0140
[3545] [M]: 0x80024800 (0x0140006F) jal zero, 20


mem[X,0x80024814] -> 0x18E3
mem[X,0x80024816] -> 0xFEB5
[3546] [M]: 0x80024814 (0xFEB518E3) bne a0, a1, 8176


mem[X,0x80024804] -> 0x0213
mem[X,0x80024806] -> 0x0012
[3547] [M]: 0x80024804 (0x00120213) addi tp, tp, 1
x4 <- 0x00000001


mem[X,0x80024808] -> 0x006F
mem[X,0x8002480A] -> 0x0200
[3548] [M]: 0x80024808 (0x0200006F) jal zero, 32


mem[X,0x80024828] -> 0xA823
mem[X,0x8002482A] -> 0x5840
[3549] [M]: 0x80024828 (0x5840A823) sw tp, 1424(ra)
mem[0x8003A6F8] <- 0x00000001


mem[X,0x8002482C] -> 0x6537
mem[X,0x8002482E] -> 0x6666
[3550] [M]: 0x8002482C (0x66666537) lui a0, 419430
x10 <- 0x66666000


mem[X,0x80024830] -> 0x0513
mem[X,0x80024832] -> 0x6675
[3551] [M]: 0x80024830 (0x66750513) addi a0, a0, 1639
x10 <- 0x66666667


mem[X,0x80024834] -> 0x35B7
mem[X,0x80024836] -> 0x3333
[3552] [M]: 0x80024834 (0x333335B7) lui a1, 209715
x11 <- 0x33333000


mem[X,0x80024838] -> 0x8593
mem[X,0x8002483A] -> 0x3335
[3553] [M]: 0x80024838 (0x33358593) addi a1, a1, 819
x11 <- 0x33333333


mem[X,0x8002483C] -> 0x0213
mem[X,0x8002483E] -> 0x0000
[3554] [M]: 0x8002483C (0x00000213) addi tp, zero, 0
x4 <- 0x00000000


mem[X,0x80024840] -> 0x006F
mem[X,0x80024842] -> 0x00C0
[3555] [M]: 0x80024840 (0x00C0006F) jal zero, 12


mem[X,0x8002484C] -> 0x1663
mem[X,0x8002484E] -> 0x00B5
[3556] [M]: 0x8002484C (0x00B51663) bne a0, a1, 12


mem[X,0x80024858] -> 0x0213
mem[X,0x8002485A] -> 0x0032
[3557] [M]: 0x80024858 (0x00320213) addi tp, tp, 3
x4 <- 0x00000003


mem[X,0x8002485C] -> 0x006F
mem[X,0x8002485E] -> 0x0040
[3558] [M]: 0x8002485C (0x0040006F) jal zero, 4


mem[X,0x80024860] -> 0xAA23
mem[X,0x80024862] -> 0x5840
[3559] [M]: 0x80024860 (0x5840AA23) sw tp, 1428(ra)
mem[0x8003A6FC] <- 0x00000003


mem[X,0x80024864] -> 0x6537
mem[X,0x80024866] -> 0x6666
[3560] [M]: 0x80024864 (0x66666537) lui a0, 419430
x10 <- 0x66666000


mem[X,0x80024868] -> 0x0513
mem[X,0x8002486A] -> 0x6675
[3561] [M]: 0x80024868 (0x66750513) addi a0, a0, 1639
x10 <- 0x66666667


mem[X,0x8002486C] -> 0x65B7
mem[X,0x8002486E] -> 0x6666
[3562] [M]: 0x8002486C (0x666665B7) lui a1, 419430
x11 <- 0x66666000


mem[X,0x80024870] -> 0x8593
mem[X,0x80024872] -> 0x6665
[3563] [M]: 0x80024870 (0x66658593) addi a1, a1, 1638
x11 <- 0x66666666


mem[X,0x80024874] -> 0x0213
mem[X,0x80024876] -> 0x0000
[3564] [M]: 0x80024874 (0x00000213) addi tp, zero, 0
x4 <- 0x00000000


mem[X,0x80024878] -> 0x006F
mem[X,0x8002487A] -> 0x0100
[3565] [M]: 0x80024878 (0x0100006F) jal zero, 16


mem[X,0x80024888] -> 0x1AE3
mem[X,0x8002488A] -> 0xFEB5
[3566] [M]: 0x80024888 (0xFEB51AE3) bne a0, a1, 8180


mem[X,0x8002487C] -> 0x0213
mem[X,0x8002487E] -> 0x0012
[3567] [M]: 0x8002487C (0x00120213) addi tp, tp, 1
x4 <- 0x00000001


mem[X,0x80024880] -> 0x006F
mem[X,0x80024882] -> 0x01C0
[3568] [M]: 0x80024880 (0x01C0006F) jal zero, 28


mem[X,0x8002489C] -> 0xAC23
mem[X,0x8002489E] -> 0x5840
[3569] [M]: 0x8002489C (0x5840AC23) sw tp, 1432(ra)
mem[0x8003A700] <- 0x00000001


mem[X,0x800248A0] -> 0x6537
mem[X,0x800248A2] -> 0x6666
[3570] [M]: 0x800248A0 (0x66666537) lui a0, 419430
x10 <- 0x66666000


mem[X,0x800248A4] -> 0x0513
mem[X,0x800248A6] -> 0x6675
[3571] [M]: 0x800248A4 (0x66750513) addi a0, a0, 1639
x10 <- 0x66666667


mem[X,0x800248A8] -> 0x55B7
mem[X,0x800248AA] -> 0xFFFF
[3572] [M]: 0x800248A8 (0xFFFF55B7) lui a1, 1048565
x11 <- 0xFFFF5000


mem[X,0x800248AC] -> 0x8593
mem[X,0x800248AE] -> 0xAFC5
[3573] [M]: 0x800248AC (0xAFC58593) addi a1, a1, 2812
x11 <- 0xFFFF4AFC


mem[X,0x800248B0] -> 0x0213
mem[X,0x800248B2] -> 0x0000
[3574] [M]: 0x800248B0 (0x00000213) addi tp, zero, 0
x4 <- 0x00000000


mem[X,0x800248B4] -> 0x006F
mem[X,0x800248B6] -> 0x0140
[3575] [M]: 0x800248B4 (0x0140006F) jal zero, 20


mem[X,0x800248C8] -> 0x18E3
mem[X,0x800248CA] -> 0xFEB5
[3576] [M]: 0x800248C8 (0xFEB518E3) bne a0, a1, 8176


mem[X,0x800248B8] -> 0x0213
mem[X,0x800248BA] -> 0x0012
[3577] [M]: 0x800248B8 (0x00120213) addi tp, tp, 1
x4 <- 0x00000001


mem[X,0x800248BC] -> 0x006F
mem[X,0x800248BE] -> 0x0200
[3578] [M]: 0x800248BC (0x0200006F) jal zero, 32


mem[X,0x800248DC] -> 0xAE23
mem[X,0x800248DE] -> 0x5840
[3579] [M]: 0x800248DC (0x5840AE23) sw tp, 1436(ra)
mem[0x8003A704] <- 0x00000001


mem[X,0x800248E0] -> 0x6537
mem[X,0x800248E2] -> 0x6666
[3580] [M]: 0x800248E0 (0x66666537) lui a0, 419430
x10 <- 0x66666000


mem[X,0x800248E4] -> 0x0513
mem[X,0x800248E6] -> 0x6675
[3581] [M]: 0x800248E4 (0x66750513) addi a0, a0, 1639
x10 <- 0x66666667


mem[X,0x800248E8] -> 0xB5B7
mem[X,0x800248EA] -> 0x0000
[3582] [M]: 0x800248E8 (0x0000B5B7) lui a1, 11
x11 <- 0x0000B000


mem[X,0x800248EC] -> 0x8593
mem[X,0x800248EE] -> 0x5045
[3583] [M]: 0x800248EC (0x50458593) addi a1, a1, 1284
x11 <- 0x0000B504


mem[X,0x800248F0] -> 0x0213
mem[X,0x800248F2] -> 0x0000
[3584] [M]: 0x800248F0 (0x00000213) addi tp, zero, 0
x4 <- 0x00000000


mem[X,0x800248F4] -> 0x006F
mem[X,0x800248F6] -> 0x00C0
[3585] [M]: 0x800248F4 (0x00C0006F) jal zero, 12


mem[X,0x80024900] -> 0x1663
mem[X,0x80024902] -> 0x00B5
[3586] [M]: 0x80024900 (0x00B51663) bne a0, a1, 12


mem[X,0x8002490C] -> 0x0213
mem[X,0x8002490E] -> 0x0032
[3587] [M]: 0x8002490C (0x00320213) addi tp, tp, 3
x4 <- 0x00000003


mem[X,0x80024910] -> 0x006F
mem[X,0x80024912] -> 0x0040
[3588] [M]: 0x80024910 (0x0040006F) jal zero, 4


mem[X,0x80024914] -> 0xA023
mem[X,0x80024916] -> 0x5A40
[3589] [M]: 0x80024914 (0x5A40A023) sw tp, 1440(ra)
mem[0x8003A708] <- 0x00000003


mem[X,0x80024918] -> 0x6537
mem[X,0x8002491A] -> 0x6666
[3590] [M]: 0x80024918 (0x66666537) lui a0, 419430
x10 <- 0x66666000


mem[X,0x8002491C] -> 0x0513
mem[X,0x8002491E] -> 0x6675
[3591] [M]: 0x8002491C (0x66750513) addi a0, a0, 1639
x10 <- 0x66666667


mem[X,0x80024920] -> 0x0593
mem[X,0x80024922] -> 0x0020
[3592] [M]: 0x80024920 (0x00200593) addi a1, zero, 2
x11 <- 0x00000002


mem[X,0x80024924] -> 0x0213
mem[X,0x80024926] -> 0x0000
[3593] [M]: 0x80024924 (0x00000213) addi tp, zero, 0
x4 <- 0x00000000


mem[X,0x80024928] -> 0x006F
mem[X,0x8002492A] -> 0x00C0
[3594] [M]: 0x80024928 (0x00C0006F) jal zero, 12


mem[X,0x80024934] -> 0x1863
mem[X,0x80024936] -> 0x00B5
[3595] [M]: 0x80024934 (0x00B51863) bne a0, a1, 16


mem[X,0x80024944] -> 0x0213
mem[X,0x80024946] -> 0x0032
[3596] [M]: 0x80024944 (0x00320213) addi tp, tp, 3
x4 <- 0x00000003


mem[X,0x80024948] -> 0x006F
mem[X,0x8002494A] -> 0x0040
[3597] [M]: 0x80024948 (0x0040006F) jal zero, 4


mem[X,0x8002494C] -> 0xA223
mem[X,0x8002494E] -> 0x5A40
[3598] [M]: 0x8002494C (0x5A40A223) sw tp, 1444(ra)
mem[0x8003A70C] <- 0x00000003


mem[X,0x80024950] -> 0x6537
mem[X,0x80024952] -> 0x6666
[3599] [M]: 0x80024950 (0x66666537) lui a0, 419430
x10 <- 0x66666000


clint::tick mtime <- 0x0000000000000024
 clint timer pending at mtime 0x0000000000000024
htif::tick 0x0000000000000000
mem[X,0x80024954] -> 0x0513
mem[X,0x80024956] -> 0x6675
[3600] [M]: 0x80024954 (0x66750513) addi a0, a0, 1639
x10 <- 0x66666667


mem[X,0x80024958] -> 0x55B7
mem[X,0x8002495A] -> 0x5555
[3601] [M]: 0x80024958 (0x555555B7) lui a1, 349525
x11 <- 0x55555000


mem[X,0x8002495C] -> 0x8593
mem[X,0x8002495E] -> 0x5545
[3602] [M]: 0x8002495C (0x55458593) addi a1, a1, 1364
x11 <- 0x55555554


mem[X,0x80024960] -> 0x0213
mem[X,0x80024962] -> 0x0000
[3603] [M]: 0x80024960 (0x00000213) addi tp, zero, 0
x4 <- 0x00000000


mem[X,0x80024964] -> 0x006F
mem[X,0x80024966] -> 0x00C0
[3604] [M]: 0x80024964 (0x00C0006F) jal zero, 12


mem[X,0x80024970] -> 0x1CE3
mem[X,0x80024972] -> 0xFEB5
[3605] [M]: 0x80024970 (0xFEB51CE3) bne a0, a1, 8184


mem[X,0x80024968] -> 0x0213
mem[X,0x8002496A] -> 0x0012
[3606] [M]: 0x80024968 (0x00120213) addi tp, tp, 1
x4 <- 0x00000001


mem[X,0x8002496C] -> 0x006F
mem[X,0x8002496E] -> 0x0180
[3607] [M]: 0x8002496C (0x0180006F) jal zero, 24


mem[X,0x80024984] -> 0xA423
mem[X,0x80024986] -> 0x5A40
[3608] [M]: 0x80024984 (0x5A40A423) sw tp, 1448(ra)
mem[0x8003A710] <- 0x00000001


mem[X,0x80024988] -> 0x6537
mem[X,0x8002498A] -> 0x6666
[3609] [M]: 0x80024988 (0x66666537) lui a0, 419430
x10 <- 0x66666000


mem[X,0x8002498C] -> 0x0513
mem[X,0x8002498E] -> 0x6675
[3610] [M]: 0x8002498C (0x66750513) addi a0, a0, 1639
x10 <- 0x66666667


mem[X,0x80024990] -> 0x0593
mem[X,0x80024992] -> 0x0000
[3611] [M]: 0x80024990 (0x00000593) addi a1, zero, 0
x11 <- 0x00000000


mem[X,0x80024994] -> 0x0213
mem[X,0x80024996] -> 0x0000
[3612] [M]: 0x80024994 (0x00000213) addi tp, zero, 0
x4 <- 0x00000000


mem[X,0x80024998] -> 0x006F
mem[X,0x8002499A] -> 0x00C0
[3613] [M]: 0x80024998 (0x00C0006F) jal zero, 12


mem[X,0x800249A4] -> 0x1663
mem[X,0x800249A6] -> 0x00B5
[3614] [M]: 0x800249A4 (0x00B51663) bne a0, a1, 12


mem[X,0x800249B0] -> 0x0213
mem[X,0x800249B2] -> 0x0032
[3615] [M]: 0x800249B0 (0x00320213) addi tp, tp, 3
x4 <- 0x00000003


mem[X,0x800249B4] -> 0x006F
mem[X,0x800249B6] -> 0x0040
[3616] [M]: 0x800249B4 (0x0040006F) jal zero, 4


mem[X,0x800249B8] -> 0xA623
mem[X,0x800249BA] -> 0x5A40
[3617] [M]: 0x800249B8 (0x5A40A623) sw tp, 1452(ra)
mem[0x8003A714] <- 0x00000003


mem[X,0x800249BC] -> 0x6537
mem[X,0x800249BE] -> 0x6666
[3618] [M]: 0x800249BC (0x66666537) lui a0, 419430
x10 <- 0x66666000


mem[X,0x800249C0] -> 0x0513
mem[X,0x800249C2] -> 0x6675
[3619] [M]: 0x800249C0 (0x66750513) addi a0, a0, 1639
x10 <- 0x66666667


mem[X,0x800249C4] -> 0x0593
mem[X,0x800249C6] -> 0x0040
[3620] [M]: 0x800249C4 (0x00400593) addi a1, zero, 4
x11 <- 0x00000004


mem[X,0x800249C8] -> 0x0213
mem[X,0x800249CA] -> 0x0000
[3621] [M]: 0x800249C8 (0x00000213) addi tp, zero, 0
x4 <- 0x00000000


mem[X,0x800249CC] -> 0x006F
mem[X,0x800249CE] -> 0x00C0
[3622] [M]: 0x800249CC (0x00C0006F) jal zero, 12


mem[X,0x800249D8] -> 0x1063
mem[X,0x800249DA] -> 0x08B5
[3623] [M]: 0x800249D8 (0x08B51063) bne a0, a1, 128


mem[X,0x80024A58] -> 0x0213
mem[X,0x80024A5A] -> 0x0032
[3624] [M]: 0x80024A58 (0x00320213) addi tp, tp, 3
x4 <- 0x00000003


mem[X,0x80024A5C] -> 0x006F
mem[X,0x80024A5E] -> 0x0040
[3625] [M]: 0x80024A5C (0x0040006F) jal zero, 4


mem[X,0x80024A60] -> 0xA823
mem[X,0x80024A62] -> 0x5A40
[3626] [M]: 0x80024A60 (0x5A40A823) sw tp, 1456(ra)
mem[0x8003A718] <- 0x00000003


mem[X,0x80024A64] -> 0x6537
mem[X,0x80024A66] -> 0x6666
[3627] [M]: 0x80024A64 (0x66666537) lui a0, 419430
x10 <- 0x66666000


mem[X,0x80024A68] -> 0x0513
mem[X,0x80024A6A] -> 0x6675
[3628] [M]: 0x80024A68 (0x66750513) addi a0, a0, 1639
x10 <- 0x66666667


mem[X,0x80024A6C] -> 0x35B7
mem[X,0x80024A6E] -> 0x3333
[3629] [M]: 0x80024A6C (0x333335B7) lui a1, 209715
x11 <- 0x33333000


mem[X,0x80024A70] -> 0x8593
mem[X,0x80024A72] -> 0x3325
[3630] [M]: 0x80024A70 (0x33258593) addi a1, a1, 818
x11 <- 0x33333332


mem[X,0x80024A74] -> 0x0213
mem[X,0x80024A76] -> 0x0000
[3631] [M]: 0x80024A74 (0x00000213) addi tp, zero, 0
x4 <- 0x00000000


mem[X,0x80024A78] -> 0x006F
mem[X,0x80024A7A] -> 0x00C0
[3632] [M]: 0x80024A78 (0x00C0006F) jal zero, 12


mem[X,0x80024A84] -> 0x1063
mem[X,0x80024A86] -> 0x02B5
[3633] [M]: 0x80024A84 (0x02B51063) bne a0, a1, 32


mem[X,0x80024AA4] -> 0x0213
mem[X,0x80024AA6] -> 0x0032
[3634] [M]: 0x80024AA4 (0x00320213) addi tp, tp, 3
x4 <- 0x00000003


mem[X,0x80024AA8] -> 0x006F
mem[X,0x80024AAA] -> 0x0040
[3635] [M]: 0x80024AA8 (0x0040006F) jal zero, 4


mem[X,0x80024AAC] -> 0xAA23
mem[X,0x80024AAE] -> 0x5A40
[3636] [M]: 0x80024AAC (0x5A40AA23) sw tp, 1460(ra)
mem[0x8003A71C] <- 0x00000003


mem[X,0x80024AB0] -> 0x6537
mem[X,0x80024AB2] -> 0x6666
[3637] [M]: 0x80024AB0 (0x66666537) lui a0, 419430
x10 <- 0x66666000


mem[X,0x80024AB4] -> 0x0513
mem[X,0x80024AB6] -> 0x6675
[3638] [M]: 0x80024AB4 (0x66750513) addi a0, a0, 1639
x10 <- 0x66666667


mem[X,0x80024AB8] -> 0x65B7
mem[X,0x80024ABA] -> 0x6666
[3639] [M]: 0x80024AB8 (0x666665B7) lui a1, 419430
x11 <- 0x66666000


mem[X,0x80024ABC] -> 0x8593
mem[X,0x80024ABE] -> 0x6655
[3640] [M]: 0x80024ABC (0x66558593) addi a1, a1, 1637
x11 <- 0x66666665


mem[X,0x80024AC0] -> 0x0213
mem[X,0x80024AC2] -> 0x0000
[3641] [M]: 0x80024AC0 (0x00000213) addi tp, zero, 0
x4 <- 0x00000000


mem[X,0x80024AC4] -> 0x006F
mem[X,0x80024AC6] -> 0x0100
[3642] [M]: 0x80024AC4 (0x0100006F) jal zero, 16


mem[X,0x80024AD4] -> 0x1AE3
mem[X,0x80024AD6] -> 0xFEB5
[3643] [M]: 0x80024AD4 (0xFEB51AE3) bne a0, a1, 8180


mem[X,0x80024AC8] -> 0x0213
mem[X,0x80024ACA] -> 0x0012
[3644] [M]: 0x80024AC8 (0x00120213) addi tp, tp, 1
x4 <- 0x00000001


mem[X,0x80024ACC] -> 0x006F
mem[X,0x80024ACE] -> 0x01C0
[3645] [M]: 0x80024ACC (0x01C0006F) jal zero, 28


mem[X,0x80024AE8] -> 0xAC23
mem[X,0x80024AEA] -> 0x5A40
[3646] [M]: 0x80024AE8 (0x5A40AC23) sw tp, 1464(ra)
mem[0x8003A720] <- 0x00000001


mem[X,0x80024AEC] -> 0x6537
mem[X,0x80024AEE] -> 0x6666
[3647] [M]: 0x80024AEC (0x66666537) lui a0, 419430
x10 <- 0x66666000


mem[X,0x80024AF0] -> 0x0513
mem[X,0x80024AF2] -> 0x6675
[3648] [M]: 0x80024AF0 (0x66750513) addi a0, a0, 1639
x10 <- 0x66666667


mem[X,0x80024AF4] -> 0xB5B7
mem[X,0x80024AF6] -> 0x0000
[3649] [M]: 0x80024AF4 (0x0000B5B7) lui a1, 11
x11 <- 0x0000B000


mem[X,0x80024AF8] -> 0x8593
mem[X,0x80024AFA] -> 0x5035
[3650] [M]: 0x80024AF8 (0x50358593) addi a1, a1, 1283
x11 <- 0x0000B503


mem[X,0x80024AFC] -> 0x0213
mem[X,0x80024AFE] -> 0x0000
[3651] [M]: 0x80024AFC (0x00000213) addi tp, zero, 0
x4 <- 0x00000000


mem[X,0x80024B00] -> 0x006F
mem[X,0x80024B02] -> 0x00C0
[3652] [M]: 0x80024B00 (0x00C0006F) jal zero, 12


mem[X,0x80024B0C] -> 0x1663
mem[X,0x80024B0E] -> 0x00B5
[3653] [M]: 0x80024B0C (0x00B51663) bne a0, a1, 12


mem[X,0x80024B18] -> 0x0213
mem[X,0x80024B1A] -> 0x0032
[3654] [M]: 0x80024B18 (0x00320213) addi tp, tp, 3
x4 <- 0x00000003


mem[X,0x80024B1C] -> 0x006F
mem[X,0x80024B1E] -> 0x0040
[3655] [M]: 0x80024B1C (0x0040006F) jal zero, 4


mem[X,0x80024B20] -> 0xAE23
mem[X,0x80024B22] -> 0x5A40
[3656] [M]: 0x80024B20 (0x5A40AE23) sw tp, 1468(ra)
mem[0x8003A724] <- 0x00000003


mem[X,0x80024B24] -> 0x6537
mem[X,0x80024B26] -> 0x6666
[3657] [M]: 0x80024B24 (0x66666537) lui a0, 419430
x10 <- 0x66666000


mem[X,0x80024B28] -> 0x0513
mem[X,0x80024B2A] -> 0x6675
[3658] [M]: 0x80024B28 (0x66750513) addi a0, a0, 1639
x10 <- 0x66666667


mem[X,0x80024B2C] -> 0x55B7
mem[X,0x80024B2E] -> 0x5555
[3659] [M]: 0x80024B2C (0x555555B7) lui a1, 349525
x11 <- 0x55555000


mem[X,0x80024B30] -> 0x8593
mem[X,0x80024B32] -> 0x5565
[3660] [M]: 0x80024B30 (0x55658593) addi a1, a1, 1366
x11 <- 0x55555556


mem[X,0x80024B34] -> 0x0213
mem[X,0x80024B36] -> 0x0000
[3661] [M]: 0x80024B34 (0x00000213) addi tp, zero, 0
x4 <- 0x00000000


mem[X,0x80024B38] -> 0x006F
mem[X,0x80024B3A] -> 0x00C0
[3662] [M]: 0x80024B38 (0x00C0006F) jal zero, 12


mem[X,0x80024B44] -> 0x1663
mem[X,0x80024B46] -> 0x00B5
[3663] [M]: 0x80024B44 (0x00B51663) bne a0, a1, 12


mem[X,0x80024B50] -> 0x0213
mem[X,0x80024B52] -> 0x0032
[3664] [M]: 0x80024B50 (0x00320213) addi tp, tp, 3
x4 <- 0x00000003


mem[X,0x80024B54] -> 0x006F
mem[X,0x80024B56] -> 0x0040
[3665] [M]: 0x80024B54 (0x0040006F) jal zero, 4


mem[X,0x80024B58] -> 0xA023
mem[X,0x80024B5A] -> 0x5C40
[3666] [M]: 0x80024B58 (0x5C40A023) sw tp, 1472(ra)
mem[0x8003A728] <- 0x00000003


mem[X,0x80024B5C] -> 0x6537
mem[X,0x80024B5E] -> 0x6666
[3667] [M]: 0x80024B5C (0x66666537) lui a0, 419430
x10 <- 0x66666000


mem[X,0x80024B60] -> 0x0513
mem[X,0x80024B62] -> 0x6675
[3668] [M]: 0x80024B60 (0x66750513) addi a0, a0, 1639
x10 <- 0x66666667


mem[X,0x80024B64] -> 0xB5B7
mem[X,0x80024B66] -> 0xAAAA
[3669] [M]: 0x80024B64 (0xAAAAB5B7) lui a1, 699051
x11 <- 0xAAAAB000


mem[X,0x80024B68] -> 0x8593
mem[X,0x80024B6A] -> 0xAAB5
[3670] [M]: 0x80024B68 (0xAAB58593) addi a1, a1, 2731
x11 <- 0xAAAAAAAB


mem[X,0x80024B6C] -> 0x0213
mem[X,0x80024B6E] -> 0x0000
[3671] [M]: 0x80024B6C (0x00000213) addi tp, zero, 0
x4 <- 0x00000000


mem[X,0x80024B70] -> 0x006F
mem[X,0x80024B72] -> 0x00C0
[3672] [M]: 0x80024B70 (0x00C0006F) jal zero, 12


mem[X,0x80024B7C] -> 0x1663
mem[X,0x80024B7E] -> 0x00B5
[3673] [M]: 0x80024B7C (0x00B51663) bne a0, a1, 12


mem[X,0x80024B88] -> 0x0213
mem[X,0x80024B8A] -> 0x0032
[3674] [M]: 0x80024B88 (0x00320213) addi tp, tp, 3
x4 <- 0x00000003


mem[X,0x80024B8C] -> 0x006F
mem[X,0x80024B8E] -> 0x0040
[3675] [M]: 0x80024B8C (0x0040006F) jal zero, 4


mem[X,0x80024B90] -> 0xA223
mem[X,0x80024B92] -> 0x5C40
[3676] [M]: 0x80024B90 (0x5C40A223) sw tp, 1476(ra)
mem[0x8003A72C] <- 0x00000003


mem[X,0x80024B94] -> 0x6537
mem[X,0x80024B96] -> 0x6666
[3677] [M]: 0x80024B94 (0x66666537) lui a0, 419430
x10 <- 0x66666000


mem[X,0x80024B98] -> 0x0513
mem[X,0x80024B9A] -> 0x6675
[3678] [M]: 0x80024B98 (0x66750513) addi a0, a0, 1639
x10 <- 0x66666667


mem[X,0x80024B9C] -> 0x0593
mem[X,0x80024B9E] -> 0x0060
[3679] [M]: 0x80024B9C (0x00600593) addi a1, zero, 6
x11 <- 0x00000006


mem[X,0x80024BA0] -> 0x0213
mem[X,0x80024BA2] -> 0x0000
[3680] [M]: 0x80024BA0 (0x00000213) addi tp, zero, 0
x4 <- 0x00000000


mem[X,0x80024BA4] -> 0x006F
mem[X,0x80024BA6] -> 0x0100
[3681] [M]: 0x80024BA4 (0x0100006F) jal zero, 16


mem[X,0x80024BB4] -> 0x1AE3
mem[X,0x80024BB6] -> 0xFEB5
[3682] [M]: 0x80024BB4 (0xFEB51AE3) bne a0, a1, 8180


mem[X,0x80024BA8] -> 0x0213
mem[X,0x80024BAA] -> 0x0012
[3683] [M]: 0x80024BA8 (0x00120213) addi tp, tp, 1
x4 <- 0x00000001


mem[X,0x80024BAC] -> 0x006F
mem[X,0x80024BAE] -> 0x01C0
[3684] [M]: 0x80024BAC (0x01C0006F) jal zero, 28


mem[X,0x80024BC8] -> 0xA423
mem[X,0x80024BCA] -> 0x5C40
[3685] [M]: 0x80024BC8 (0x5C40A423) sw tp, 1480(ra)
mem[0x8003A730] <- 0x00000001


mem[X,0x80024BCC] -> 0x6537
mem[X,0x80024BCE] -> 0x6666
[3686] [M]: 0x80024BCC (0x66666537) lui a0, 419430
x10 <- 0x66666000


mem[X,0x80024BD0] -> 0x0513
mem[X,0x80024BD2] -> 0x6675
[3687] [M]: 0x80024BD0 (0x66750513) addi a0, a0, 1639
x10 <- 0x66666667


mem[X,0x80024BD4] -> 0x35B7
mem[X,0x80024BD6] -> 0x3333
[3688] [M]: 0x80024BD4 (0x333335B7) lui a1, 209715
x11 <- 0x33333000


mem[X,0x80024BD8] -> 0x8593
mem[X,0x80024BDA] -> 0x3345
[3689] [M]: 0x80024BD8 (0x33458593) addi a1, a1, 820
x11 <- 0x33333334


mem[X,0x80024BDC] -> 0x0213
mem[X,0x80024BDE] -> 0x0000
[3690] [M]: 0x80024BDC (0x00000213) addi tp, zero, 0
x4 <- 0x00000000


mem[X,0x80024BE0] -> 0x006F
mem[X,0x80024BE2] -> 0x00C0
[3691] [M]: 0x80024BE0 (0x00C0006F) jal zero, 12


mem[X,0x80024BEC] -> 0x1063
mem[X,0x80024BEE] -> 0x04B5
[3692] [M]: 0x80024BEC (0x04B51063) bne a0, a1, 64


mem[X,0x80024C2C] -> 0x0213
mem[X,0x80024C2E] -> 0x0032
[3693] [M]: 0x80024C2C (0x00320213) addi tp, tp, 3
x4 <- 0x00000003


mem[X,0x80024C30] -> 0x006F
mem[X,0x80024C32] -> 0x0040
[3694] [M]: 0x80024C30 (0x0040006F) jal zero, 4


mem[X,0x80024C34] -> 0xA623
mem[X,0x80024C36] -> 0x5C40
[3695] [M]: 0x80024C34 (0x5C40A623) sw tp, 1484(ra)
mem[0x8003A734] <- 0x00000003


mem[X,0x80024C38] -> 0x6537
mem[X,0x80024C3A] -> 0x6666
[3696] [M]: 0x80024C38 (0x66666537) lui a0, 419430
x10 <- 0x66666000


mem[X,0x80024C3C] -> 0x0513
mem[X,0x80024C3E] -> 0x6675
[3697] [M]: 0x80024C3C (0x66750513) addi a0, a0, 1639
x10 <- 0x66666667


mem[X,0x80024C40] -> 0x65B7
mem[X,0x80024C42] -> 0x6666
[3698] [M]: 0x80024C40 (0x666665B7) lui a1, 419430
x11 <- 0x66666000


mem[X,0x80024C44] -> 0x8593
mem[X,0x80024C46] -> 0x6675
[3699] [M]: 0x80024C44 (0x66758593) addi a1, a1, 1639
x11 <- 0x66666667


clint::tick mtime <- 0x0000000000000025
 clint timer pending at mtime 0x0000000000000025
htif::tick 0x0000000000000000
mem[X,0x80024C48] -> 0x0213
mem[X,0x80024C4A] -> 0x0000
[3700] [M]: 0x80024C48 (0x00000213) addi tp, zero, 0
x4 <- 0x00000000


mem[X,0x80024C4C] -> 0x006F
mem[X,0x80024C4E] -> 0x0050
[3701] [M]: 0x80024C4C (0x0050006F) jal zero, 2052


mem[X,0x80025450] -> 0x10E3
mem[X,0x80025452] -> 0x80B5
[3702] [M]: 0x80025450 (0x80B510E3) bne a0, a1, 6144


mem[X,0x80025454] -> 0x0213
mem[X,0x80025456] -> 0x0022
[3703] [M]: 0x80025454 (0x00220213) addi tp, tp, 2
x4 <- 0x00000002


mem[X,0x80025458] -> 0x006F
mem[X,0x8002545A] -> 0x00C0
[3704] [M]: 0x80025458 (0x00C0006F) jal zero, 12


mem[X,0x80025464] -> 0xA823
mem[X,0x80025466] -> 0x5C40
[3705] [M]: 0x80025464 (0x5C40A823) sw tp, 1488(ra)
mem[0x8003A738] <- 0x00000002


mem[X,0x80025468] -> 0x6537
mem[X,0x8002546A] -> 0x6666
[3706] [M]: 0x80025468 (0x66666537) lui a0, 419430
x10 <- 0x66666000


mem[X,0x8002546C] -> 0x0513
mem[X,0x8002546E] -> 0x6675
[3707] [M]: 0x8002546C (0x66750513) addi a0, a0, 1639
x10 <- 0x66666667


mem[X,0x80025470] -> 0x55B7
mem[X,0x80025472] -> 0xFFFF
[3708] [M]: 0x80025470 (0xFFFF55B7) lui a1, 1048565
x11 <- 0xFFFF5000


mem[X,0x80025474] -> 0x8593
mem[X,0x80025476] -> 0xAFD5
[3709] [M]: 0x80025474 (0xAFD58593) addi a1, a1, 2813
x11 <- 0xFFFF4AFD


mem[X,0x80025478] -> 0x0213
mem[X,0x8002547A] -> 0x0000
[3710] [M]: 0x80025478 (0x00000213) addi tp, zero, 0
x4 <- 0x00000000


mem[X,0x8002547C] -> 0x006F
mem[X,0x8002547E] -> 0x00C0
[3711] [M]: 0x8002547C (0x00C0006F) jal zero, 12


mem[X,0x80025488] -> 0x1CE3
mem[X,0x8002548A] -> 0xFEB5
[3712] [M]: 0x80025488 (0xFEB51CE3) bne a0, a1, 8184


mem[X,0x80025480] -> 0x0213
mem[X,0x80025482] -> 0x0012
[3713] [M]: 0x80025480 (0x00120213) addi tp, tp, 1
x4 <- 0x00000001


mem[X,0x80025484] -> 0x006F
mem[X,0x80025486] -> 0x0180
[3714] [M]: 0x80025484 (0x0180006F) jal zero, 24


mem[X,0x8002549C] -> 0xAA23
mem[X,0x8002549E] -> 0x5C40
[3715] [M]: 0x8002549C (0x5C40AA23) sw tp, 1492(ra)
mem[0x8003A73C] <- 0x00000001


mem[X,0x800254A0] -> 0x6537
mem[X,0x800254A2] -> 0x6666
[3716] [M]: 0x800254A0 (0x66666537) lui a0, 419430
x10 <- 0x66666000


mem[X,0x800254A4] -> 0x0513
mem[X,0x800254A6] -> 0x6675
[3717] [M]: 0x800254A4 (0x66750513) addi a0, a0, 1639
x10 <- 0x66666667


mem[X,0x800254A8] -> 0xB5B7
mem[X,0x800254AA] -> 0x0000
[3718] [M]: 0x800254A8 (0x0000B5B7) lui a1, 11
x11 <- 0x0000B000


mem[X,0x800254AC] -> 0x8593
mem[X,0x800254AE] -> 0x5055
[3719] [M]: 0x800254AC (0x50558593) addi a1, a1, 1285
x11 <- 0x0000B505


mem[X,0x800254B0] -> 0x0213
mem[X,0x800254B2] -> 0x0000
[3720] [M]: 0x800254B0 (0x00000213) addi tp, zero, 0
x4 <- 0x00000000


mem[X,0x800254B4] -> 0x006F
mem[X,0x800254B6] -> 0x00C0
[3721] [M]: 0x800254B4 (0x00C0006F) jal zero, 12


mem[X,0x800254C0] -> 0x1063
mem[X,0x800254C2] -> 0x08B5
[3722] [M]: 0x800254C0 (0x08B51063) bne a0, a1, 128


mem[X,0x80025540] -> 0x0213
mem[X,0x80025542] -> 0x0032
[3723] [M]: 0x80025540 (0x00320213) addi tp, tp, 3
x4 <- 0x00000003


mem[X,0x80025544] -> 0x006F
mem[X,0x80025546] -> 0x0040
[3724] [M]: 0x80025544 (0x0040006F) jal zero, 4


mem[X,0x80025548] -> 0xAC23
mem[X,0x8002554A] -> 0x5C40
[3725] [M]: 0x80025548 (0x5C40AC23) sw tp, 1496(ra)
mem[0x8003A740] <- 0x00000003


mem[X,0x8002554C] -> 0x5537
mem[X,0x8002554E] -> 0xFFFF
[3726] [M]: 0x8002554C (0xFFFF5537) lui a0, 1048565
x10 <- 0xFFFF5000


mem[X,0x80025550] -> 0x0513
mem[X,0x80025552] -> 0xAFD5
[3727] [M]: 0x80025550 (0xAFD50513) addi a0, a0, 2813
x10 <- 0xFFFF4AFD


mem[X,0x80025554] -> 0x0593
mem[X,0x80025556] -> 0x0030
[3728] [M]: 0x80025554 (0x00300593) addi a1, zero, 3
x11 <- 0x00000003


mem[X,0x80025558] -> 0x0213
mem[X,0x8002555A] -> 0x0000
[3729] [M]: 0x80025558 (0x00000213) addi tp, zero, 0
x4 <- 0x00000000


mem[X,0x8002555C] -> 0x006F
mem[X,0x8002555E] -> 0x00C0
[3730] [M]: 0x8002555C (0x00C0006F) jal zero, 12


mem[X,0x80025568] -> 0x1663
mem[X,0x8002556A] -> 0x00B5
[3731] [M]: 0x80025568 (0x00B51663) bne a0, a1, 12


mem[X,0x80025574] -> 0x0213
mem[X,0x80025576] -> 0x0032
[3732] [M]: 0x80025574 (0x00320213) addi tp, tp, 3
x4 <- 0x00000003


mem[X,0x80025578] -> 0x006F
mem[X,0x8002557A] -> 0x0040
[3733] [M]: 0x80025578 (0x0040006F) jal zero, 4


mem[X,0x8002557C] -> 0xAE23
mem[X,0x8002557E] -> 0x5C40
[3734] [M]: 0x8002557C (0x5C40AE23) sw tp, 1500(ra)
mem[0x8003A744] <- 0x00000003


mem[X,0x80025580] -> 0x5537
mem[X,0x80025582] -> 0xFFFF
[3735] [M]: 0x80025580 (0xFFFF5537) lui a0, 1048565
x10 <- 0xFFFF5000


mem[X,0x80025584] -> 0x0513
mem[X,0x80025586] -> 0xAFD5
[3736] [M]: 0x80025584 (0xAFD50513) addi a0, a0, 2813
x10 <- 0xFFFF4AFD


mem[X,0x80025588] -> 0x55B7
mem[X,0x8002558A] -> 0x5555
[3737] [M]: 0x80025588 (0x555555B7) lui a1, 349525
x11 <- 0x55555000


mem[X,0x8002558C] -> 0x8593
mem[X,0x8002558E] -> 0x5555
[3738] [M]: 0x8002558C (0x55558593) addi a1, a1, 1365
x11 <- 0x55555555


mem[X,0x80025590] -> 0x0213
mem[X,0x80025592] -> 0x0000
[3739] [M]: 0x80025590 (0x00000213) addi tp, zero, 0
x4 <- 0x00000000


mem[X,0x80025594] -> 0x006F
mem[X,0x80025596] -> 0x00C0
[3740] [M]: 0x80025594 (0x00C0006F) jal zero, 12


mem[X,0x800255A0] -> 0x1063
mem[X,0x800255A2] -> 0x02B5
[3741] [M]: 0x800255A0 (0x02B51063) bne a0, a1, 32


mem[X,0x800255C0] -> 0x0213
mem[X,0x800255C2] -> 0x0032
[3742] [M]: 0x800255C0 (0x00320213) addi tp, tp, 3
x4 <- 0x00000003


mem[X,0x800255C4] -> 0x006F
mem[X,0x800255C6] -> 0x0040
[3743] [M]: 0x800255C4 (0x0040006F) jal zero, 4


mem[X,0x800255C8] -> 0xA023
mem[X,0x800255CA] -> 0x5E40
[3744] [M]: 0x800255C8 (0x5E40A023) sw tp, 1504(ra)
mem[0x8003A748] <- 0x00000003


mem[X,0x800255CC] -> 0x5537
mem[X,0x800255CE] -> 0xFFFF
[3745] [M]: 0x800255CC (0xFFFF5537) lui a0, 1048565
x10 <- 0xFFFF5000


mem[X,0x800255D0] -> 0x0513
mem[X,0x800255D2] -> 0xAFD5
[3746] [M]: 0x800255D0 (0xAFD50513) addi a0, a0, 2813
x10 <- 0xFFFF4AFD


mem[X,0x800255D4] -> 0xB5B7
mem[X,0x800255D6] -> 0xAAAA
[3747] [M]: 0x800255D4 (0xAAAAB5B7) lui a1, 699051
x11 <- 0xAAAAB000


mem[X,0x800255D8] -> 0x8593
mem[X,0x800255DA] -> 0xAAA5
[3748] [M]: 0x800255D8 (0xAAA58593) addi a1, a1, 2730
x11 <- 0xAAAAAAAA


mem[X,0x800255DC] -> 0x0213
mem[X,0x800255DE] -> 0x0000
[3749] [M]: 0x800255DC (0x00000213) addi tp, zero, 0
x4 <- 0x00000000


mem[X,0x800255E0] -> 0x006F
mem[X,0x800255E2] -> 0x0100
[3750] [M]: 0x800255E0 (0x0100006F) jal zero, 16


mem[X,0x800255F0] -> 0x1AE3
mem[X,0x800255F2] -> 0xFEB5
[3751] [M]: 0x800255F0 (0xFEB51AE3) bne a0, a1, 8180


mem[X,0x800255E4] -> 0x0213
mem[X,0x800255E6] -> 0x0012
[3752] [M]: 0x800255E4 (0x00120213) addi tp, tp, 1
x4 <- 0x00000001


mem[X,0x800255E8] -> 0x006F
mem[X,0x800255EA] -> 0x01C0
[3753] [M]: 0x800255E8 (0x01C0006F) jal zero, 28


mem[X,0x80025604] -> 0xA223
mem[X,0x80025606] -> 0x5E40
[3754] [M]: 0x80025604 (0x5E40A223) sw tp, 1508(ra)
mem[0x8003A74C] <- 0x00000001


mem[X,0x80025608] -> 0x5537
mem[X,0x8002560A] -> 0xFFFF
[3755] [M]: 0x80025608 (0xFFFF5537) lui a0, 1048565
x10 <- 0xFFFF5000


mem[X,0x8002560C] -> 0x0513
mem[X,0x8002560E] -> 0xAFD5
[3756] [M]: 0x8002560C (0xAFD50513) addi a0, a0, 2813
x10 <- 0xFFFF4AFD


mem[X,0x80025610] -> 0x0593
mem[X,0x80025612] -> 0x0050
[3757] [M]: 0x80025610 (0x00500593) addi a1, zero, 5
x11 <- 0x00000005


mem[X,0x80025614] -> 0x0213
mem[X,0x80025616] -> 0x0000
[3758] [M]: 0x80025614 (0x00000213) addi tp, zero, 0
x4 <- 0x00000000


mem[X,0x80025618] -> 0x006F
mem[X,0x8002561A] -> 0x00C0
[3759] [M]: 0x80025618 (0x00C0006F) jal zero, 12


mem[X,0x80025624] -> 0x1663
mem[X,0x80025626] -> 0x00B5
[3760] [M]: 0x80025624 (0x00B51663) bne a0, a1, 12


mem[X,0x80025630] -> 0x0213
mem[X,0x80025632] -> 0x0032
[3761] [M]: 0x80025630 (0x00320213) addi tp, tp, 3
x4 <- 0x00000003


mem[X,0x80025634] -> 0x006F
mem[X,0x80025636] -> 0x0040
[3762] [M]: 0x80025634 (0x0040006F) jal zero, 4


mem[X,0x80025638] -> 0xA423
mem[X,0x8002563A] -> 0x5E40
[3763] [M]: 0x80025638 (0x5E40A423) sw tp, 1512(ra)
mem[0x8003A750] <- 0x00000003


mem[X,0x8002563C] -> 0x5537
mem[X,0x8002563E] -> 0xFFFF
[3764] [M]: 0x8002563C (0xFFFF5537) lui a0, 1048565
x10 <- 0xFFFF5000


mem[X,0x80025640] -> 0x0513
mem[X,0x80025642] -> 0xAFD5
[3765] [M]: 0x80025640 (0xAFD50513) addi a0, a0, 2813
x10 <- 0xFFFF4AFD


mem[X,0x80025644] -> 0x35B7
mem[X,0x80025646] -> 0x3333
[3766] [M]: 0x80025644 (0x333335B7) lui a1, 209715
x11 <- 0x33333000


mem[X,0x80025648] -> 0x8593
mem[X,0x8002564A] -> 0x3335
[3767] [M]: 0x80025648 (0x33358593) addi a1, a1, 819
x11 <- 0x33333333


mem[X,0x8002564C] -> 0x0213
mem[X,0x8002564E] -> 0x0000
[3768] [M]: 0x8002564C (0x00000213) addi tp, zero, 0
x4 <- 0x00000000


mem[X,0x80025650] -> 0x006F
mem[X,0x80025652] -> 0x00C0
[3769] [M]: 0x80025650 (0x00C0006F) jal zero, 12


mem[X,0x8002565C] -> 0x1663
mem[X,0x8002565E] -> 0x00B5
[3770] [M]: 0x8002565C (0x00B51663) bne a0, a1, 12


mem[X,0x80025668] -> 0x0213
mem[X,0x8002566A] -> 0x0032
[3771] [M]: 0x80025668 (0x00320213) addi tp, tp, 3
x4 <- 0x00000003


mem[X,0x8002566C] -> 0x006F
mem[X,0x8002566E] -> 0x0040
[3772] [M]: 0x8002566C (0x0040006F) jal zero, 4


mem[X,0x80025670] -> 0xA623
mem[X,0x80025672] -> 0x5E40
[3773] [M]: 0x80025670 (0x5E40A623) sw tp, 1516(ra)
mem[0x8003A754] <- 0x00000003


mem[X,0x80025674] -> 0x5537
mem[X,0x80025676] -> 0xFFFF
[3774] [M]: 0x80025674 (0xFFFF5537) lui a0, 1048565
x10 <- 0xFFFF5000


mem[X,0x80025678] -> 0x0513
mem[X,0x8002567A] -> 0xAFD5
[3775] [M]: 0x80025678 (0xAFD50513) addi a0, a0, 2813
x10 <- 0xFFFF4AFD


mem[X,0x8002567C] -> 0x65B7
mem[X,0x8002567E] -> 0x6666
[3776] [M]: 0x8002567C (0x666665B7) lui a1, 419430
x11 <- 0x66666000


mem[X,0x80025680] -> 0x8593
mem[X,0x80025682] -> 0x6665
[3777] [M]: 0x80025680 (0x66658593) addi a1, a1, 1638
x11 <- 0x66666666


mem[X,0x80025684] -> 0x0213
mem[X,0x80025686] -> 0x0000
[3778] [M]: 0x80025684 (0x00000213) addi tp, zero, 0
x4 <- 0x00000000


mem[X,0x80025688] -> 0x006F
mem[X,0x8002568A] -> 0x00C0
[3779] [M]: 0x80025688 (0x00C0006F) jal zero, 12


mem[X,0x80025694] -> 0x1663
mem[X,0x80025696] -> 0x00B5
[3780] [M]: 0x80025694 (0x00B51663) bne a0, a1, 12


mem[X,0x800256A0] -> 0x0213
mem[X,0x800256A2] -> 0x0032
[3781] [M]: 0x800256A0 (0x00320213) addi tp, tp, 3
x4 <- 0x00000003


mem[X,0x800256A4] -> 0x006F
mem[X,0x800256A6] -> 0x0040
[3782] [M]: 0x800256A4 (0x0040006F) jal zero, 4


mem[X,0x800256A8] -> 0xA823
mem[X,0x800256AA] -> 0x5E40
[3783] [M]: 0x800256A8 (0x5E40A823) sw tp, 1520(ra)
mem[0x8003A758] <- 0x00000003


mem[X,0x800256AC] -> 0x5537
mem[X,0x800256AE] -> 0xFFFF
[3784] [M]: 0x800256AC (0xFFFF5537) lui a0, 1048565
x10 <- 0xFFFF5000


mem[X,0x800256B0] -> 0x0513
mem[X,0x800256B2] -> 0xAFD5
[3785] [M]: 0x800256B0 (0xAFD50513) addi a0, a0, 2813
x10 <- 0xFFFF4AFD


mem[X,0x800256B4] -> 0x55B7
mem[X,0x800256B6] -> 0xFFFF
[3786] [M]: 0x800256B4 (0xFFFF55B7) lui a1, 1048565
x11 <- 0xFFFF5000


mem[X,0x800256B8] -> 0x8593
mem[X,0x800256BA] -> 0xAFC5
[3787] [M]: 0x800256B8 (0xAFC58593) addi a1, a1, 2812
x11 <- 0xFFFF4AFC


mem[X,0x800256BC] -> 0x0213
mem[X,0x800256BE] -> 0x0000
[3788] [M]: 0x800256BC (0x00000213) addi tp, zero, 0
x4 <- 0x00000000


mem[X,0x800256C0] -> 0x006F
mem[X,0x800256C2] -> 0x0140
[3789] [M]: 0x800256C0 (0x0140006F) jal zero, 20


mem[X,0x800256D4] -> 0x18E3
mem[X,0x800256D6] -> 0xFEB5
[3790] [M]: 0x800256D4 (0xFEB518E3) bne a0, a1, 8176


mem[X,0x800256C4] -> 0x0213
mem[X,0x800256C6] -> 0x0012
[3791] [M]: 0x800256C4 (0x00120213) addi tp, tp, 1
x4 <- 0x00000001


mem[X,0x800256C8] -> 0x006F
mem[X,0x800256CA] -> 0x0200
[3792] [M]: 0x800256C8 (0x0200006F) jal zero, 32


mem[X,0x800256E8] -> 0xAA23
mem[X,0x800256EA] -> 0x5E40
[3793] [M]: 0x800256E8 (0x5E40AA23) sw tp, 1524(ra)
mem[0x8003A75C] <- 0x00000001


mem[X,0x800256EC] -> 0x5537
mem[X,0x800256EE] -> 0xFFFF
[3794] [M]: 0x800256EC (0xFFFF5537) lui a0, 1048565
x10 <- 0xFFFF5000


mem[X,0x800256F0] -> 0x0513
mem[X,0x800256F2] -> 0xAFD5
[3795] [M]: 0x800256F0 (0xAFD50513) addi a0, a0, 2813
x10 <- 0xFFFF4AFD


mem[X,0x800256F4] -> 0xB5B7
mem[X,0x800256F6] -> 0x0000
[3796] [M]: 0x800256F4 (0x0000B5B7) lui a1, 11
x11 <- 0x0000B000


mem[X,0x800256F8] -> 0x8593
mem[X,0x800256FA] -> 0x5045
[3797] [M]: 0x800256F8 (0x50458593) addi a1, a1, 1284
x11 <- 0x0000B504


mem[X,0x800256FC] -> 0x0213
mem[X,0x800256FE] -> 0x0000
[3798] [M]: 0x800256FC (0x00000213) addi tp, zero, 0
x4 <- 0x00000000


mem[X,0x80025700] -> 0x006F
mem[X,0x80025702] -> 0x00C0
[3799] [M]: 0x80025700 (0x00C0006F) jal zero, 12


clint::tick mtime <- 0x0000000000000026
 clint timer pending at mtime 0x0000000000000026
htif::tick 0x0000000000000000
mem[X,0x8002570C] -> 0x1063
mem[X,0x8002570E] -> 0x40B5
[3800] [M]: 0x8002570C (0x40B51063) bne a0, a1, 1024


mem[X,0x80025B0C] -> 0x0213
mem[X,0x80025B0E] -> 0x0032
[3801] [M]: 0x80025B0C (0x00320213) addi tp, tp, 3
x4 <- 0x00000003


mem[X,0x80025B10] -> 0x006F
mem[X,0x80025B12] -> 0x0040
[3802] [M]: 0x80025B10 (0x0040006F) jal zero, 4


mem[X,0x80025B14] -> 0xAC23
mem[X,0x80025B16] -> 0x5E40
[3803] [M]: 0x80025B14 (0x5E40AC23) sw tp, 1528(ra)
mem[0x8003A760] <- 0x00000003


mem[X,0x80025B18] -> 0x5537
mem[X,0x80025B1A] -> 0xFFFF
[3804] [M]: 0x80025B18 (0xFFFF5537) lui a0, 1048565
x10 <- 0xFFFF5000


mem[X,0x80025B1C] -> 0x0513
mem[X,0x80025B1E] -> 0xAFD5
[3805] [M]: 0x80025B1C (0xAFD50513) addi a0, a0, 2813
x10 <- 0xFFFF4AFD


mem[X,0x80025B20] -> 0x0593
mem[X,0x80025B22] -> 0x0020
[3806] [M]: 0x80025B20 (0x00200593) addi a1, zero, 2
x11 <- 0x00000002


mem[X,0x80025B24] -> 0x0213
mem[X,0x80025B26] -> 0x0000
[3807] [M]: 0x80025B24 (0x00000213) addi tp, zero, 0
x4 <- 0x00000000


mem[X,0x80025B28] -> 0x006F
mem[X,0x80025B2A] -> 0x00C0
[3808] [M]: 0x80025B28 (0x00C0006F) jal zero, 12


mem[X,0x80025B34] -> 0x1063
mem[X,0x80025B36] -> 0x20B5
[3809] [M]: 0x80025B34 (0x20B51063) bne a0, a1, 512


mem[X,0x80025D34] -> 0x0213
mem[X,0x80025D36] -> 0x0032
[3810] [M]: 0x80025D34 (0x00320213) addi tp, tp, 3
x4 <- 0x00000003


mem[X,0x80025D38] -> 0x006F
mem[X,0x80025D3A] -> 0x0040
[3811] [M]: 0x80025D38 (0x0040006F) jal zero, 4


mem[X,0x80025D3C] -> 0xAE23
mem[X,0x80025D3E] -> 0x5E40
[3812] [M]: 0x80025D3C (0x5E40AE23) sw tp, 1532(ra)
mem[0x8003A764] <- 0x00000003


mem[X,0x80025D40] -> 0x5537
mem[X,0x80025D42] -> 0xFFFF
[3813] [M]: 0x80025D40 (0xFFFF5537) lui a0, 1048565
x10 <- 0xFFFF5000


mem[X,0x80025D44] -> 0x0513
mem[X,0x80025D46] -> 0xAFD5
[3814] [M]: 0x80025D44 (0xAFD50513) addi a0, a0, 2813
x10 <- 0xFFFF4AFD


mem[X,0x80025D48] -> 0x55B7
mem[X,0x80025D4A] -> 0x5555
[3815] [M]: 0x80025D48 (0x555555B7) lui a1, 349525
x11 <- 0x55555000


mem[X,0x80025D4C] -> 0x8593
mem[X,0x80025D4E] -> 0x5545
[3816] [M]: 0x80025D4C (0x55458593) addi a1, a1, 1364
x11 <- 0x55555554


mem[X,0x80025D50] -> 0x0213
mem[X,0x80025D52] -> 0x0000
[3817] [M]: 0x80025D50 (0x00000213) addi tp, zero, 0
x4 <- 0x00000000


mem[X,0x80025D54] -> 0x006F
mem[X,0x80025D56] -> 0x00C0
[3818] [M]: 0x80025D54 (0x00C0006F) jal zero, 12


mem[X,0x80025D60] -> 0x1063
mem[X,0x80025D62] -> 0x02B5
[3819] [M]: 0x80025D60 (0x02B51063) bne a0, a1, 32


mem[X,0x80025D80] -> 0x0213
mem[X,0x80025D82] -> 0x0032
[3820] [M]: 0x80025D80 (0x00320213) addi tp, tp, 3
x4 <- 0x00000003


mem[X,0x80025D84] -> 0x006F
mem[X,0x80025D86] -> 0x0040
[3821] [M]: 0x80025D84 (0x0040006F) jal zero, 4


mem[X,0x80025D88] -> 0xA023
mem[X,0x80025D8A] -> 0x6040
[3822] [M]: 0x80025D88 (0x6040A023) sw tp, 1536(ra)
mem[0x8003A768] <- 0x00000003


mem[X,0x80025D8C] -> 0x5537
mem[X,0x80025D8E] -> 0xFFFF
[3823] [M]: 0x80025D8C (0xFFFF5537) lui a0, 1048565
x10 <- 0xFFFF5000


mem[X,0x80025D90] -> 0x0513
mem[X,0x80025D92] -> 0xAFD5
[3824] [M]: 0x80025D90 (0xAFD50513) addi a0, a0, 2813
x10 <- 0xFFFF4AFD


mem[X,0x80025D94] -> 0x0593
mem[X,0x80025D96] -> 0x0000
[3825] [M]: 0x80025D94 (0x00000593) addi a1, zero, 0
x11 <- 0x00000000


mem[X,0x80025D98] -> 0x0213
mem[X,0x80025D9A] -> 0x0000
[3826] [M]: 0x80025D98 (0x00000213) addi tp, zero, 0
x4 <- 0x00000000


mem[X,0x80025D9C] -> 0x006F
mem[X,0x80025D9E] -> 0x00C0
[3827] [M]: 0x80025D9C (0x00C0006F) jal zero, 12


mem[X,0x80025DA8] -> 0x1863
mem[X,0x80025DAA] -> 0x00B5
[3828] [M]: 0x80025DA8 (0x00B51863) bne a0, a1, 16


mem[X,0x80025DB8] -> 0x0213
mem[X,0x80025DBA] -> 0x0032
[3829] [M]: 0x80025DB8 (0x00320213) addi tp, tp, 3
x4 <- 0x00000003


mem[X,0x80025DBC] -> 0x006F
mem[X,0x80025DBE] -> 0x0040
[3830] [M]: 0x80025DBC (0x0040006F) jal zero, 4


mem[X,0x80025DC0] -> 0xA223
mem[X,0x80025DC2] -> 0x6040
[3831] [M]: 0x80025DC0 (0x6040A223) sw tp, 1540(ra)
mem[0x8003A76C] <- 0x00000003


mem[X,0x80025DC4] -> 0x5537
mem[X,0x80025DC6] -> 0xFFFF
[3832] [M]: 0x80025DC4 (0xFFFF5537) lui a0, 1048565
x10 <- 0xFFFF5000


mem[X,0x80025DC8] -> 0x0513
mem[X,0x80025DCA] -> 0xAFD5
[3833] [M]: 0x80025DC8 (0xAFD50513) addi a0, a0, 2813
x10 <- 0xFFFF4AFD


mem[X,0x80025DCC] -> 0x0593
mem[X,0x80025DCE] -> 0x0040
[3834] [M]: 0x80025DCC (0x00400593) addi a1, zero, 4
x11 <- 0x00000004


mem[X,0x80025DD0] -> 0x0213
mem[X,0x80025DD2] -> 0x0000
[3835] [M]: 0x80025DD0 (0x00000213) addi tp, zero, 0
x4 <- 0x00000000


mem[X,0x80025DD4] -> 0x006F
mem[X,0x80025DD6] -> 0x00C0
[3836] [M]: 0x80025DD4 (0x00C0006F) jal zero, 12


mem[X,0x80025DE0] -> 0x1CE3
mem[X,0x80025DE2] -> 0xFEB5
[3837] [M]: 0x80025DE0 (0xFEB51CE3) bne a0, a1, 8184


mem[X,0x80025DD8] -> 0x0213
mem[X,0x80025DDA] -> 0x0012
[3838] [M]: 0x80025DD8 (0x00120213) addi tp, tp, 1
x4 <- 0x00000001


mem[X,0x80025DDC] -> 0x006F
mem[X,0x80025DDE] -> 0x0180
[3839] [M]: 0x80025DDC (0x0180006F) jal zero, 24


mem[X,0x80025DF4] -> 0xA423
mem[X,0x80025DF6] -> 0x6040
[3840] [M]: 0x80025DF4 (0x6040A423) sw tp, 1544(ra)
mem[0x8003A770] <- 0x00000001


mem[X,0x80025DF8] -> 0x5537
mem[X,0x80025DFA] -> 0xFFFF
[3841] [M]: 0x80025DF8 (0xFFFF5537) lui a0, 1048565
x10 <- 0xFFFF5000


mem[X,0x80025DFC] -> 0x0513
mem[X,0x80025DFE] -> 0xAFD5
[3842] [M]: 0x80025DFC (0xAFD50513) addi a0, a0, 2813
x10 <- 0xFFFF4AFD


mem[X,0x80025E00] -> 0x35B7
mem[X,0x80025E02] -> 0x3333
[3843] [M]: 0x80025E00 (0x333335B7) lui a1, 209715
x11 <- 0x33333000


mem[X,0x80025E04] -> 0x8593
mem[X,0x80025E06] -> 0x3325
[3844] [M]: 0x80025E04 (0x33258593) addi a1, a1, 818
x11 <- 0x33333332


mem[X,0x80025E08] -> 0x0213
mem[X,0x80025E0A] -> 0x0000
[3845] [M]: 0x80025E08 (0x00000213) addi tp, zero, 0
x4 <- 0x00000000


mem[X,0x80025E0C] -> 0x006F
mem[X,0x80025E0E] -> 0x00C0
[3846] [M]: 0x80025E0C (0x00C0006F) jal zero, 12


mem[X,0x80025E18] -> 0x1CE3
mem[X,0x80025E1A] -> 0xFEB5
[3847] [M]: 0x80025E18 (0xFEB51CE3) bne a0, a1, 8184


mem[X,0x80025E10] -> 0x0213
mem[X,0x80025E12] -> 0x0012
[3848] [M]: 0x80025E10 (0x00120213) addi tp, tp, 1
x4 <- 0x00000001


mem[X,0x80025E14] -> 0x006F
mem[X,0x80025E16] -> 0x0180
[3849] [M]: 0x80025E14 (0x0180006F) jal zero, 24


mem[X,0x80025E2C] -> 0xA623
mem[X,0x80025E2E] -> 0x6040
[3850] [M]: 0x80025E2C (0x6040A623) sw tp, 1548(ra)
mem[0x8003A774] <- 0x00000001


mem[X,0x80025E30] -> 0x5537
mem[X,0x80025E32] -> 0xFFFF
[3851] [M]: 0x80025E30 (0xFFFF5537) lui a0, 1048565
x10 <- 0xFFFF5000


mem[X,0x80025E34] -> 0x0513
mem[X,0x80025E36] -> 0xAFD5
[3852] [M]: 0x80025E34 (0xAFD50513) addi a0, a0, 2813
x10 <- 0xFFFF4AFD


mem[X,0x80025E38] -> 0x65B7
mem[X,0x80025E3A] -> 0x6666
[3853] [M]: 0x80025E38 (0x666665B7) lui a1, 419430
x11 <- 0x66666000


mem[X,0x80025E3C] -> 0x8593
mem[X,0x80025E3E] -> 0x6655
[3854] [M]: 0x80025E3C (0x66558593) addi a1, a1, 1637
x11 <- 0x66666665


mem[X,0x80025E40] -> 0x0213
mem[X,0x80025E42] -> 0x0000
[3855] [M]: 0x80025E40 (0x00000213) addi tp, zero, 0
x4 <- 0x00000000


mem[X,0x80025E44] -> 0x006F
mem[X,0x80025E46] -> 0x00C0
[3856] [M]: 0x80025E44 (0x00C0006F) jal zero, 12


mem[X,0x80025E50] -> 0x1CE3
mem[X,0x80025E52] -> 0xFEB5
[3857] [M]: 0x80025E50 (0xFEB51CE3) bne a0, a1, 8184


mem[X,0x80025E48] -> 0x0213
mem[X,0x80025E4A] -> 0x0012
[3858] [M]: 0x80025E48 (0x00120213) addi tp, tp, 1
x4 <- 0x00000001


mem[X,0x80025E4C] -> 0x006F
mem[X,0x80025E4E] -> 0x0180
[3859] [M]: 0x80025E4C (0x0180006F) jal zero, 24


mem[X,0x80025E64] -> 0xA823
mem[X,0x80025E66] -> 0x6040
[3860] [M]: 0x80025E64 (0x6040A823) sw tp, 1552(ra)
mem[0x8003A778] <- 0x00000001


mem[X,0x80025E68] -> 0x5537
mem[X,0x80025E6A] -> 0xFFFF
[3861] [M]: 0x80025E68 (0xFFFF5537) lui a0, 1048565
x10 <- 0xFFFF5000


mem[X,0x80025E6C] -> 0x0513
mem[X,0x80025E6E] -> 0xAFD5
[3862] [M]: 0x80025E6C (0xAFD50513) addi a0, a0, 2813
x10 <- 0xFFFF4AFD


mem[X,0x80025E70] -> 0xB5B7
mem[X,0x80025E72] -> 0x0000
[3863] [M]: 0x80025E70 (0x0000B5B7) lui a1, 11
x11 <- 0x0000B000


mem[X,0x80025E74] -> 0x8593
mem[X,0x80025E76] -> 0x5035
[3864] [M]: 0x80025E74 (0x50358593) addi a1, a1, 1283
x11 <- 0x0000B503


mem[X,0x80025E78] -> 0x0213
mem[X,0x80025E7A] -> 0x0000
[3865] [M]: 0x80025E78 (0x00000213) addi tp, zero, 0
x4 <- 0x00000000


mem[X,0x80025E7C] -> 0x006F
mem[X,0x80025E7E] -> 0x00C0
[3866] [M]: 0x80025E7C (0x00C0006F) jal zero, 12


mem[X,0x80025E88] -> 0x1663
mem[X,0x80025E8A] -> 0x00B5
[3867] [M]: 0x80025E88 (0x00B51663) bne a0, a1, 12


mem[X,0x80025E94] -> 0x0213
mem[X,0x80025E96] -> 0x0032
[3868] [M]: 0x80025E94 (0x00320213) addi tp, tp, 3
x4 <- 0x00000003


mem[X,0x80025E98] -> 0x006F
mem[X,0x80025E9A] -> 0x0040
[3869] [M]: 0x80025E98 (0x0040006F) jal zero, 4


mem[X,0x80025E9C] -> 0xAA23
mem[X,0x80025E9E] -> 0x6040
[3870] [M]: 0x80025E9C (0x6040AA23) sw tp, 1556(ra)
mem[0x8003A77C] <- 0x00000003


mem[X,0x80025EA0] -> 0x5537
mem[X,0x80025EA2] -> 0xFFFF
[3871] [M]: 0x80025EA0 (0xFFFF5537) lui a0, 1048565
x10 <- 0xFFFF5000


mem[X,0x80025EA4] -> 0x0513
mem[X,0x80025EA6] -> 0xAFD5
[3872] [M]: 0x80025EA4 (0xAFD50513) addi a0, a0, 2813
x10 <- 0xFFFF4AFD


mem[X,0x80025EA8] -> 0x55B7
mem[X,0x80025EAA] -> 0x5555
[3873] [M]: 0x80025EA8 (0x555555B7) lui a1, 349525
x11 <- 0x55555000


mem[X,0x80025EAC] -> 0x8593
mem[X,0x80025EAE] -> 0x5565
[3874] [M]: 0x80025EAC (0x55658593) addi a1, a1, 1366
x11 <- 0x55555556


mem[X,0x80025EB0] -> 0x0213
mem[X,0x80025EB2] -> 0x0000
[3875] [M]: 0x80025EB0 (0x00000213) addi tp, zero, 0
x4 <- 0x00000000


mem[X,0x80025EB4] -> 0x006F
mem[X,0x80025EB6] -> 0x00C0
[3876] [M]: 0x80025EB4 (0x00C0006F) jal zero, 12


mem[X,0x80025EC0] -> 0x1663
mem[X,0x80025EC2] -> 0x00B5
[3877] [M]: 0x80025EC0 (0x00B51663) bne a0, a1, 12


mem[X,0x80025ECC] -> 0x0213
mem[X,0x80025ECE] -> 0x0032
[3878] [M]: 0x80025ECC (0x00320213) addi tp, tp, 3
x4 <- 0x00000003


mem[X,0x80025ED0] -> 0x006F
mem[X,0x80025ED2] -> 0x0040
[3879] [M]: 0x80025ED0 (0x0040006F) jal zero, 4


mem[X,0x80025ED4] -> 0xAC23
mem[X,0x80025ED6] -> 0x6040
[3880] [M]: 0x80025ED4 (0x6040AC23) sw tp, 1560(ra)
mem[0x8003A780] <- 0x00000003


mem[X,0x80025ED8] -> 0x5537
mem[X,0x80025EDA] -> 0xFFFF
[3881] [M]: 0x80025ED8 (0xFFFF5537) lui a0, 1048565
x10 <- 0xFFFF5000


mem[X,0x80025EDC] -> 0x0513
mem[X,0x80025EDE] -> 0xAFD5
[3882] [M]: 0x80025EDC (0xAFD50513) addi a0, a0, 2813
x10 <- 0xFFFF4AFD


mem[X,0x80025EE0] -> 0xB5B7
mem[X,0x80025EE2] -> 0xAAAA
[3883] [M]: 0x80025EE0 (0xAAAAB5B7) lui a1, 699051
x11 <- 0xAAAAB000


mem[X,0x80025EE4] -> 0x8593
mem[X,0x80025EE6] -> 0xAAB5
[3884] [M]: 0x80025EE4 (0xAAB58593) addi a1, a1, 2731
x11 <- 0xAAAAAAAB


mem[X,0x80025EE8] -> 0x0213
mem[X,0x80025EEA] -> 0x0000
[3885] [M]: 0x80025EE8 (0x00000213) addi tp, zero, 0
x4 <- 0x00000000


mem[X,0x80025EEC] -> 0x006F
mem[X,0x80025EEE] -> 0x00C0
[3886] [M]: 0x80025EEC (0x00C0006F) jal zero, 12


mem[X,0x80025EF8] -> 0x1063
mem[X,0x80025EFA] -> 0x40B5
[3887] [M]: 0x80025EF8 (0x40B51063) bne a0, a1, 1024


mem[X,0x800262F8] -> 0x0213
mem[X,0x800262FA] -> 0x0032
[3888] [M]: 0x800262F8 (0x00320213) addi tp, tp, 3
x4 <- 0x00000003


mem[X,0x800262FC] -> 0x006F
mem[X,0x800262FE] -> 0x0040
[3889] [M]: 0x800262FC (0x0040006F) jal zero, 4


mem[X,0x80026300] -> 0xAE23
mem[X,0x80026302] -> 0x6040
[3890] [M]: 0x80026300 (0x6040AE23) sw tp, 1564(ra)
mem[0x8003A784] <- 0x00000003


mem[X,0x80026304] -> 0x5537
mem[X,0x80026306] -> 0xFFFF
[3891] [M]: 0x80026304 (0xFFFF5537) lui a0, 1048565
x10 <- 0xFFFF5000


mem[X,0x80026308] -> 0x0513
mem[X,0x8002630A] -> 0xAFD5
[3892] [M]: 0x80026308 (0xAFD50513) addi a0, a0, 2813
x10 <- 0xFFFF4AFD


mem[X,0x8002630C] -> 0x0593
mem[X,0x8002630E] -> 0x0060
[3893] [M]: 0x8002630C (0x00600593) addi a1, zero, 6
x11 <- 0x00000006


mem[X,0x80026310] -> 0x0213
mem[X,0x80026312] -> 0x0000
[3894] [M]: 0x80026310 (0x00000213) addi tp, zero, 0
x4 <- 0x00000000


mem[X,0x80026314] -> 0x006F
mem[X,0x80026316] -> 0x00C0
[3895] [M]: 0x80026314 (0x00C0006F) jal zero, 12


mem[X,0x80026320] -> 0x1063
mem[X,0x80026322] -> 0x04B5
[3896] [M]: 0x80026320 (0x04B51063) bne a0, a1, 64


mem[X,0x80026360] -> 0x0213
mem[X,0x80026362] -> 0x0032
[3897] [M]: 0x80026360 (0x00320213) addi tp, tp, 3
x4 <- 0x00000003


mem[X,0x80026364] -> 0x006F
mem[X,0x80026366] -> 0x0040
[3898] [M]: 0x80026364 (0x0040006F) jal zero, 4


mem[X,0x80026368] -> 0xA023
mem[X,0x8002636A] -> 0x6240
[3899] [M]: 0x80026368 (0x6240A023) sw tp, 1568(ra)
mem[0x8003A788] <- 0x00000003


clint::tick mtime <- 0x0000000000000027
 clint timer pending at mtime 0x0000000000000027
htif::tick 0x0000000000000000
mem[X,0x8002636C] -> 0x5537
mem[X,0x8002636E] -> 0xFFFF
[3900] [M]: 0x8002636C (0xFFFF5537) lui a0, 1048565
x10 <- 0xFFFF5000


mem[X,0x80026370] -> 0x0513
mem[X,0x80026372] -> 0xAFD5
[3901] [M]: 0x80026370 (0xAFD50513) addi a0, a0, 2813
x10 <- 0xFFFF4AFD


mem[X,0x80026374] -> 0x35B7
mem[X,0x80026376] -> 0x3333
[3902] [M]: 0x80026374 (0x333335B7) lui a1, 209715
x11 <- 0x33333000


mem[X,0x80026378] -> 0x8593
mem[X,0x8002637A] -> 0x3345
[3903] [M]: 0x80026378 (0x33458593) addi a1, a1, 820
x11 <- 0x33333334


mem[X,0x8002637C] -> 0x0213
mem[X,0x8002637E] -> 0x0000
[3904] [M]: 0x8002637C (0x00000213) addi tp, zero, 0
x4 <- 0x00000000


mem[X,0x80026380] -> 0x006F
mem[X,0x80026382] -> 0x00C0
[3905] [M]: 0x80026380 (0x00C0006F) jal zero, 12


mem[X,0x8002638C] -> 0x1663
mem[X,0x8002638E] -> 0x00B5
[3906] [M]: 0x8002638C (0x00B51663) bne a0, a1, 12


mem[X,0x80026398] -> 0x0213
mem[X,0x8002639A] -> 0x0032
[3907] [M]: 0x80026398 (0x00320213) addi tp, tp, 3
x4 <- 0x00000003


mem[X,0x8002639C] -> 0x006F
mem[X,0x8002639E] -> 0x0040
[3908] [M]: 0x8002639C (0x0040006F) jal zero, 4


mem[X,0x800263A0] -> 0xA223
mem[X,0x800263A2] -> 0x6240
[3909] [M]: 0x800263A0 (0x6240A223) sw tp, 1572(ra)
mem[0x8003A78C] <- 0x00000003


mem[X,0x800263A4] -> 0x5537
mem[X,0x800263A6] -> 0xFFFF
[3910] [M]: 0x800263A4 (0xFFFF5537) lui a0, 1048565
x10 <- 0xFFFF5000


mem[X,0x800263A8] -> 0x0513
mem[X,0x800263AA] -> 0xAFD5
[3911] [M]: 0x800263A8 (0xAFD50513) addi a0, a0, 2813
x10 <- 0xFFFF4AFD


mem[X,0x800263AC] -> 0x65B7
mem[X,0x800263AE] -> 0x6666
[3912] [M]: 0x800263AC (0x666665B7) lui a1, 419430
x11 <- 0x66666000


mem[X,0x800263B0] -> 0x8593
mem[X,0x800263B2] -> 0x6675
[3913] [M]: 0x800263B0 (0x66758593) addi a1, a1, 1639
x11 <- 0x66666667


mem[X,0x800263B4] -> 0x0213
mem[X,0x800263B6] -> 0x0000
[3914] [M]: 0x800263B4 (0x00000213) addi tp, zero, 0
x4 <- 0x00000000


mem[X,0x800263B8] -> 0x006F
mem[X,0x800263BA] -> 0x0140
[3915] [M]: 0x800263B8 (0x0140006F) jal zero, 20


mem[X,0x800263CC] -> 0x18E3
mem[X,0x800263CE] -> 0xFEB5
[3916] [M]: 0x800263CC (0xFEB518E3) bne a0, a1, 8176


mem[X,0x800263BC] -> 0x0213
mem[X,0x800263BE] -> 0x0012
[3917] [M]: 0x800263BC (0x00120213) addi tp, tp, 1
x4 <- 0x00000001


mem[X,0x800263C0] -> 0x006F
mem[X,0x800263C2] -> 0x0200
[3918] [M]: 0x800263C0 (0x0200006F) jal zero, 32


mem[X,0x800263E0] -> 0xA423
mem[X,0x800263E2] -> 0x6240
[3919] [M]: 0x800263E0 (0x6240A423) sw tp, 1576(ra)
mem[0x8003A790] <- 0x00000001


mem[X,0x800263E4] -> 0x5537
mem[X,0x800263E6] -> 0xFFFF
[3920] [M]: 0x800263E4 (0xFFFF5537) lui a0, 1048565
x10 <- 0xFFFF5000


mem[X,0x800263E8] -> 0x0513
mem[X,0x800263EA] -> 0xAFD5
[3921] [M]: 0x800263E8 (0xAFD50513) addi a0, a0, 2813
x10 <- 0xFFFF4AFD


mem[X,0x800263EC] -> 0x55B7
mem[X,0x800263EE] -> 0xFFFF
[3922] [M]: 0x800263EC (0xFFFF55B7) lui a1, 1048565
x11 <- 0xFFFF5000


mem[X,0x800263F0] -> 0x8593
mem[X,0x800263F2] -> 0xAFD5
[3923] [M]: 0x800263F0 (0xAFD58593) addi a1, a1, 2813
x11 <- 0xFFFF4AFD


mem[X,0x800263F4] -> 0x0213
mem[X,0x800263F6] -> 0x0000
[3924] [M]: 0x800263F4 (0x00000213) addi tp, zero, 0
x4 <- 0x00000000


mem[X,0x800263F8] -> 0x006F
mem[X,0x800263FA] -> 0x00C0
[3925] [M]: 0x800263F8 (0x00C0006F) jal zero, 12


mem[X,0x80026404] -> 0x1063
mem[X,0x80026406] -> 0x08B5
[3926] [M]: 0x80026404 (0x08B51063) bne a0, a1, 128


mem[X,0x80026408] -> 0x0213
mem[X,0x8002640A] -> 0x0022
[3927] [M]: 0x80026408 (0x00220213) addi tp, tp, 2
x4 <- 0x00000002


mem[X,0x8002640C] -> 0x006F
mem[X,0x8002640E] -> 0x0800
[3928] [M]: 0x8002640C (0x0800006F) jal zero, 128


mem[X,0x8002648C] -> 0xA623
mem[X,0x8002648E] -> 0x6240
[3929] [M]: 0x8002648C (0x6240A623) sw tp, 1580(ra)
mem[0x8003A794] <- 0x00000002


mem[X,0x80026490] -> 0x5537
mem[X,0x80026492] -> 0xFFFF
[3930] [M]: 0x80026490 (0xFFFF5537) lui a0, 1048565
x10 <- 0xFFFF5000


mem[X,0x80026494] -> 0x0513
mem[X,0x80026496] -> 0xAFD5
[3931] [M]: 0x80026494 (0xAFD50513) addi a0, a0, 2813
x10 <- 0xFFFF4AFD


mem[X,0x80026498] -> 0xB5B7
mem[X,0x8002649A] -> 0x0000
[3932] [M]: 0x80026498 (0x0000B5B7) lui a1, 11
x11 <- 0x0000B000


mem[X,0x8002649C] -> 0x8593
mem[X,0x8002649E] -> 0x5055
[3933] [M]: 0x8002649C (0x50558593) addi a1, a1, 1285
x11 <- 0x0000B505


mem[X,0x800264A0] -> 0x0213
mem[X,0x800264A2] -> 0x0000
[3934] [M]: 0x800264A0 (0x00000213) addi tp, zero, 0
x4 <- 0x00000000


mem[X,0x800264A4] -> 0x006F
mem[X,0x800264A6] -> 0x00C0
[3935] [M]: 0x800264A4 (0x00C0006F) jal zero, 12


mem[X,0x800264B0] -> 0x1CE3
mem[X,0x800264B2] -> 0xFEB5
[3936] [M]: 0x800264B0 (0xFEB51CE3) bne a0, a1, 8184


mem[X,0x800264A8] -> 0x0213
mem[X,0x800264AA] -> 0x0012
[3937] [M]: 0x800264A8 (0x00120213) addi tp, tp, 1
x4 <- 0x00000001


mem[X,0x800264AC] -> 0x006F
mem[X,0x800264AE] -> 0x0180
[3938] [M]: 0x800264AC (0x0180006F) jal zero, 24


mem[X,0x800264C4] -> 0xA823
mem[X,0x800264C6] -> 0x6240
[3939] [M]: 0x800264C4 (0x6240A823) sw tp, 1584(ra)
mem[0x8003A798] <- 0x00000001


mem[X,0x800264C8] -> 0xB537
mem[X,0x800264CA] -> 0x0000
[3940] [M]: 0x800264C8 (0x0000B537) lui a0, 11
x10 <- 0x0000B000


mem[X,0x800264CC] -> 0x0513
mem[X,0x800264CE] -> 0x5055
[3941] [M]: 0x800264CC (0x50550513) addi a0, a0, 1285
x10 <- 0x0000B505


mem[X,0x800264D0] -> 0x0593
mem[X,0x800264D2] -> 0x0030
[3942] [M]: 0x800264D0 (0x00300593) addi a1, zero, 3
x11 <- 0x00000003


mem[X,0x800264D4] -> 0x0213
mem[X,0x800264D6] -> 0x0000
[3943] [M]: 0x800264D4 (0x00000213) addi tp, zero, 0
x4 <- 0x00000000


mem[X,0x800264D8] -> 0x006F
mem[X,0x800264DA] -> 0x0100
[3944] [M]: 0x800264D8 (0x0100006F) jal zero, 16


mem[X,0x800264E8] -> 0x1AE3
mem[X,0x800264EA] -> 0xFEB5
[3945] [M]: 0x800264E8 (0xFEB51AE3) bne a0, a1, 8180


mem[X,0x800264DC] -> 0x0213
mem[X,0x800264DE] -> 0x0012
[3946] [M]: 0x800264DC (0x00120213) addi tp, tp, 1
x4 <- 0x00000001


mem[X,0x800264E0] -> 0x006F
mem[X,0x800264E2] -> 0x01C0
[3947] [M]: 0x800264E0 (0x01C0006F) jal zero, 28


mem[X,0x800264FC] -> 0xAA23
mem[X,0x800264FE] -> 0x6240
[3948] [M]: 0x800264FC (0x6240AA23) sw tp, 1588(ra)
mem[0x8003A79C] <- 0x00000001


mem[X,0x80026500] -> 0xB537
mem[X,0x80026502] -> 0x0000
[3949] [M]: 0x80026500 (0x0000B537) lui a0, 11
x10 <- 0x0000B000


mem[X,0x80026504] -> 0x0513
mem[X,0x80026506] -> 0x5055
[3950] [M]: 0x80026504 (0x50550513) addi a0, a0, 1285
x10 <- 0x0000B505


mem[X,0x80026508] -> 0x55B7
mem[X,0x8002650A] -> 0x5555
[3951] [M]: 0x80026508 (0x555555B7) lui a1, 349525
x11 <- 0x55555000


mem[X,0x8002650C] -> 0x8593
mem[X,0x8002650E] -> 0x5555
[3952] [M]: 0x8002650C (0x55558593) addi a1, a1, 1365
x11 <- 0x55555555


mem[X,0x80026510] -> 0x0213
mem[X,0x80026512] -> 0x0000
[3953] [M]: 0x80026510 (0x00000213) addi tp, zero, 0
x4 <- 0x00000000


mem[X,0x80026514] -> 0x006F
mem[X,0x80026516] -> 0x00C0
[3954] [M]: 0x80026514 (0x00C0006F) jal zero, 12


mem[X,0x80026520] -> 0x1863
mem[X,0x80026522] -> 0x00B5
[3955] [M]: 0x80026520 (0x00B51863) bne a0, a1, 16


mem[X,0x80026530] -> 0x0213
mem[X,0x80026532] -> 0x0032
[3956] [M]: 0x80026530 (0x00320213) addi tp, tp, 3
x4 <- 0x00000003


mem[X,0x80026534] -> 0x006F
mem[X,0x80026536] -> 0x0040
[3957] [M]: 0x80026534 (0x0040006F) jal zero, 4


mem[X,0x80026538] -> 0xAC23
mem[X,0x8002653A] -> 0x6240
[3958] [M]: 0x80026538 (0x6240AC23) sw tp, 1592(ra)
mem[0x8003A7A0] <- 0x00000003


mem[X,0x8002653C] -> 0xB537
mem[X,0x8002653E] -> 0x0000
[3959] [M]: 0x8002653C (0x0000B537) lui a0, 11
x10 <- 0x0000B000


mem[X,0x80026540] -> 0x0513
mem[X,0x80026542] -> 0x5055
[3960] [M]: 0x80026540 (0x50550513) addi a0, a0, 1285
x10 <- 0x0000B505


mem[X,0x80026544] -> 0xB5B7
mem[X,0x80026546] -> 0xAAAA
[3961] [M]: 0x80026544 (0xAAAAB5B7) lui a1, 699051
x11 <- 0xAAAAB000


mem[X,0x80026548] -> 0x8593
mem[X,0x8002654A] -> 0xAAA5
[3962] [M]: 0x80026548 (0xAAA58593) addi a1, a1, 2730
x11 <- 0xAAAAAAAA


mem[X,0x8002654C] -> 0x0213
mem[X,0x8002654E] -> 0x0000
[3963] [M]: 0x8002654C (0x00000213) addi tp, zero, 0
x4 <- 0x00000000


mem[X,0x80026550] -> 0x006F
mem[X,0x80026552] -> 0x00C0
[3964] [M]: 0x80026550 (0x00C0006F) jal zero, 12


mem[X,0x8002655C] -> 0x1063
mem[X,0x8002655E] -> 0x40B5
[3965] [M]: 0x8002655C (0x40B51063) bne a0, a1, 1024


mem[X,0x8002695C] -> 0x0213
mem[X,0x8002695E] -> 0x0032
[3966] [M]: 0x8002695C (0x00320213) addi tp, tp, 3
x4 <- 0x00000003


mem[X,0x80026960] -> 0x006F
mem[X,0x80026962] -> 0x0040
[3967] [M]: 0x80026960 (0x0040006F) jal zero, 4


mem[X,0x80026964] -> 0xAE23
mem[X,0x80026966] -> 0x6240
[3968] [M]: 0x80026964 (0x6240AE23) sw tp, 1596(ra)
mem[0x8003A7A4] <- 0x00000003


mem[X,0x80026968] -> 0xB537
mem[X,0x8002696A] -> 0x0000
[3969] [M]: 0x80026968 (0x0000B537) lui a0, 11
x10 <- 0x0000B000


mem[X,0x8002696C] -> 0x0513
mem[X,0x8002696E] -> 0x5055
[3970] [M]: 0x8002696C (0x50550513) addi a0, a0, 1285
x10 <- 0x0000B505


mem[X,0x80026970] -> 0x0593
mem[X,0x80026972] -> 0x0050
[3971] [M]: 0x80026970 (0x00500593) addi a1, zero, 5
x11 <- 0x00000005


mem[X,0x80026974] -> 0x0213
mem[X,0x80026976] -> 0x0000
[3972] [M]: 0x80026974 (0x00000213) addi tp, zero, 0
x4 <- 0x00000000


mem[X,0x80026978] -> 0x006F
mem[X,0x8002697A] -> 0x0140
[3973] [M]: 0x80026978 (0x0140006F) jal zero, 20


mem[X,0x8002698C] -> 0x18E3
mem[X,0x8002698E] -> 0xFEB5
[3974] [M]: 0x8002698C (0xFEB518E3) bne a0, a1, 8176


mem[X,0x8002697C] -> 0x0213
mem[X,0x8002697E] -> 0x0012
[3975] [M]: 0x8002697C (0x00120213) addi tp, tp, 1
x4 <- 0x00000001


mem[X,0x80026980] -> 0x006F
mem[X,0x80026982] -> 0x0200
[3976] [M]: 0x80026980 (0x0200006F) jal zero, 32


mem[X,0x800269A0] -> 0xA023
mem[X,0x800269A2] -> 0x6440
[3977] [M]: 0x800269A0 (0x6440A023) sw tp, 1600(ra)
mem[0x8003A7A8] <- 0x00000001


mem[X,0x800269A4] -> 0xB537
mem[X,0x800269A6] -> 0x0000
[3978] [M]: 0x800269A4 (0x0000B537) lui a0, 11
x10 <- 0x0000B000


mem[X,0x800269A8] -> 0x0513
mem[X,0x800269AA] -> 0x5055
[3979] [M]: 0x800269A8 (0x50550513) addi a0, a0, 1285
x10 <- 0x0000B505


mem[X,0x800269AC] -> 0x35B7
mem[X,0x800269AE] -> 0x3333
[3980] [M]: 0x800269AC (0x333335B7) lui a1, 209715
x11 <- 0x33333000


mem[X,0x800269B0] -> 0x8593
mem[X,0x800269B2] -> 0x3335
[3981] [M]: 0x800269B0 (0x33358593) addi a1, a1, 819
x11 <- 0x33333333


mem[X,0x800269B4] -> 0x0213
mem[X,0x800269B6] -> 0x0000
[3982] [M]: 0x800269B4 (0x00000213) addi tp, zero, 0
x4 <- 0x00000000


mem[X,0x800269B8] -> 0x006F
mem[X,0x800269BA] -> 0x00C0
[3983] [M]: 0x800269B8 (0x00C0006F) jal zero, 12


mem[X,0x800269C4] -> 0x1063
mem[X,0x800269C6] -> 0x40B5
[3984] [M]: 0x800269C4 (0x40B51063) bne a0, a1, 1024


mem[X,0x80026DC4] -> 0x0213
mem[X,0x80026DC6] -> 0x0032
[3985] [M]: 0x80026DC4 (0x00320213) addi tp, tp, 3
x4 <- 0x00000003


mem[X,0x80026DC8] -> 0x006F
mem[X,0x80026DCA] -> 0x0040
[3986] [M]: 0x80026DC8 (0x0040006F) jal zero, 4


mem[X,0x80026DCC] -> 0xA223
mem[X,0x80026DCE] -> 0x6440
[3987] [M]: 0x80026DCC (0x6440A223) sw tp, 1604(ra)
mem[0x8003A7AC] <- 0x00000003


mem[X,0x80026DD0] -> 0xB537
mem[X,0x80026DD2] -> 0x0000
[3988] [M]: 0x80026DD0 (0x0000B537) lui a0, 11
x10 <- 0x0000B000


mem[X,0x80026DD4] -> 0x0513
mem[X,0x80026DD6] -> 0x5055
[3989] [M]: 0x80026DD4 (0x50550513) addi a0, a0, 1285
x10 <- 0x0000B505


mem[X,0x80026DD8] -> 0x65B7
mem[X,0x80026DDA] -> 0x6666
[3990] [M]: 0x80026DD8 (0x666665B7) lui a1, 419430
x11 <- 0x66666000


mem[X,0x80026DDC] -> 0x8593
mem[X,0x80026DDE] -> 0x6665
[3991] [M]: 0x80026DDC (0x66658593) addi a1, a1, 1638
x11 <- 0x66666666


mem[X,0x80026DE0] -> 0x0213
mem[X,0x80026DE2] -> 0x0000
[3992] [M]: 0x80026DE0 (0x00000213) addi tp, zero, 0
x4 <- 0x00000000


mem[X,0x80026DE4] -> 0x006F
mem[X,0x80026DE6] -> 0x00C0
[3993] [M]: 0x80026DE4 (0x00C0006F) jal zero, 12


mem[X,0x80026DF0] -> 0x1663
mem[X,0x80026DF2] -> 0x00B5
[3994] [M]: 0x80026DF0 (0x00B51663) bne a0, a1, 12


mem[X,0x80026DFC] -> 0x0213
mem[X,0x80026DFE] -> 0x0032
[3995] [M]: 0x80026DFC (0x00320213) addi tp, tp, 3
x4 <- 0x00000003


mem[X,0x80026E00] -> 0x006F
mem[X,0x80026E02] -> 0x0040
[3996] [M]: 0x80026E00 (0x0040006F) jal zero, 4


mem[X,0x80026E04] -> 0xA423
mem[X,0x80026E06] -> 0x6440
[3997] [M]: 0x80026E04 (0x6440A423) sw tp, 1608(ra)
mem[0x8003A7B0] <- 0x00000003


mem[X,0x80026E08] -> 0xB537
mem[X,0x80026E0A] -> 0x0000
[3998] [M]: 0x80026E08 (0x0000B537) lui a0, 11
x10 <- 0x0000B000


mem[X,0x80026E0C] -> 0x0513
mem[X,0x80026E0E] -> 0x5055
[3999] [M]: 0x80026E0C (0x50550513) addi a0, a0, 1285
x10 <- 0x0000B505


clint::tick mtime <- 0x0000000000000028
 clint timer pending at mtime 0x0000000000000028
htif::tick 0x0000000000000000
mem[X,0x80026E10] -> 0x55B7
mem[X,0x80026E12] -> 0xFFFF
[4000] [M]: 0x80026E10 (0xFFFF55B7) lui a1, 1048565
x11 <- 0xFFFF5000


mem[X,0x80026E14] -> 0x8593
mem[X,0x80026E16] -> 0xAFC5
[4001] [M]: 0x80026E14 (0xAFC58593) addi a1, a1, 2812
x11 <- 0xFFFF4AFC


mem[X,0x80026E18] -> 0x0213
mem[X,0x80026E1A] -> 0x0000
[4002] [M]: 0x80026E18 (0x00000213) addi tp, zero, 0
x4 <- 0x00000000


mem[X,0x80026E1C] -> 0x006F
mem[X,0x80026E1E] -> 0x00C0
[4003] [M]: 0x80026E1C (0x00C0006F) jal zero, 12


mem[X,0x80026E28] -> 0x1063
mem[X,0x80026E2A] -> 0x02B5
[4004] [M]: 0x80026E28 (0x02B51063) bne a0, a1, 32


mem[X,0x80026E48] -> 0x0213
mem[X,0x80026E4A] -> 0x0032
[4005] [M]: 0x80026E48 (0x00320213) addi tp, tp, 3
x4 <- 0x00000003


mem[X,0x80026E4C] -> 0x006F
mem[X,0x80026E4E] -> 0x0040
[4006] [M]: 0x80026E4C (0x0040006F) jal zero, 4


mem[X,0x80026E50] -> 0xA623
mem[X,0x80026E52] -> 0x6440
[4007] [M]: 0x80026E50 (0x6440A623) sw tp, 1612(ra)
mem[0x8003A7B4] <- 0x00000003


mem[X,0x80026E54] -> 0xB537
mem[X,0x80026E56] -> 0x0000
[4008] [M]: 0x80026E54 (0x0000B537) lui a0, 11
x10 <- 0x0000B000


mem[X,0x80026E58] -> 0x0513
mem[X,0x80026E5A] -> 0x5055
[4009] [M]: 0x80026E58 (0x50550513) addi a0, a0, 1285
x10 <- 0x0000B505


mem[X,0x80026E5C] -> 0xB5B7
mem[X,0x80026E5E] -> 0x0000
[4010] [M]: 0x80026E5C (0x0000B5B7) lui a1, 11
x11 <- 0x0000B000


mem[X,0x80026E60] -> 0x8593
mem[X,0x80026E62] -> 0x5045
[4011] [M]: 0x80026E60 (0x50458593) addi a1, a1, 1284
x11 <- 0x0000B504


mem[X,0x80026E64] -> 0x0213
mem[X,0x80026E66] -> 0x0000
[4012] [M]: 0x80026E64 (0x00000213) addi tp, zero, 0
x4 <- 0x00000000


mem[X,0x80026E68] -> 0x006F
mem[X,0x80026E6A] -> 0x00C0
[4013] [M]: 0x80026E68 (0x00C0006F) jal zero, 12


mem[X,0x80026E74] -> 0x1063
mem[X,0x80026E76] -> 0x20B5
[4014] [M]: 0x80026E74 (0x20B51063) bne a0, a1, 512


mem[X,0x80027074] -> 0x0213
mem[X,0x80027076] -> 0x0032
[4015] [M]: 0x80027074 (0x00320213) addi tp, tp, 3
x4 <- 0x00000003


mem[X,0x80027078] -> 0x006F
mem[X,0x8002707A] -> 0x0040
[4016] [M]: 0x80027078 (0x0040006F) jal zero, 4


mem[X,0x8002707C] -> 0xA823
mem[X,0x8002707E] -> 0x6440
[4017] [M]: 0x8002707C (0x6440A823) sw tp, 1616(ra)
mem[0x8003A7B8] <- 0x00000003


mem[X,0x80027080] -> 0xB537
mem[X,0x80027082] -> 0x0000
[4018] [M]: 0x80027080 (0x0000B537) lui a0, 11
x10 <- 0x0000B000


mem[X,0x80027084] -> 0x0513
mem[X,0x80027086] -> 0x5055
[4019] [M]: 0x80027084 (0x50550513) addi a0, a0, 1285
x10 <- 0x0000B505


mem[X,0x80027088] -> 0x0593
mem[X,0x8002708A] -> 0x0020
[4020] [M]: 0x80027088 (0x00200593) addi a1, zero, 2
x11 <- 0x00000002


mem[X,0x8002708C] -> 0x0213
mem[X,0x8002708E] -> 0x0000
[4021] [M]: 0x8002708C (0x00000213) addi tp, zero, 0
x4 <- 0x00000000


mem[X,0x80027090] -> 0x006F
mem[X,0x80027092] -> 0x00C0
[4022] [M]: 0x80027090 (0x00C0006F) jal zero, 12


mem[X,0x8002709C] -> 0x1063
mem[X,0x8002709E] -> 0x20B5
[4023] [M]: 0x8002709C (0x20B51063) bne a0, a1, 512


mem[X,0x8002729C] -> 0x0213
mem[X,0x8002729E] -> 0x0032
[4024] [M]: 0x8002729C (0x00320213) addi tp, tp, 3
x4 <- 0x00000003


mem[X,0x800272A0] -> 0x006F
mem[X,0x800272A2] -> 0x0040
[4025] [M]: 0x800272A0 (0x0040006F) jal zero, 4


mem[X,0x800272A4] -> 0xAA23
mem[X,0x800272A6] -> 0x6440
[4026] [M]: 0x800272A4 (0x6440AA23) sw tp, 1620(ra)
mem[0x8003A7BC] <- 0x00000003


mem[X,0x800272A8] -> 0xB537
mem[X,0x800272AA] -> 0x0000
[4027] [M]: 0x800272A8 (0x0000B537) lui a0, 11
x10 <- 0x0000B000


mem[X,0x800272AC] -> 0x0513
mem[X,0x800272AE] -> 0x5055
[4028] [M]: 0x800272AC (0x50550513) addi a0, a0, 1285
x10 <- 0x0000B505


mem[X,0x800272B0] -> 0x55B7
mem[X,0x800272B2] -> 0x5555
[4029] [M]: 0x800272B0 (0x555555B7) lui a1, 349525
x11 <- 0x55555000


mem[X,0x800272B4] -> 0x8593
mem[X,0x800272B6] -> 0x5545
[4030] [M]: 0x800272B4 (0x55458593) addi a1, a1, 1364
x11 <- 0x55555554


mem[X,0x800272B8] -> 0x0213
mem[X,0x800272BA] -> 0x0000
[4031] [M]: 0x800272B8 (0x00000213) addi tp, zero, 0
x4 <- 0x00000000


mem[X,0x800272BC] -> 0x006F
mem[X,0x800272BE] -> 0x00C0
[4032] [M]: 0x800272BC (0x00C0006F) jal zero, 12


mem[X,0x800272C8] -> 0x1863
mem[X,0x800272CA] -> 0x00B5
[4033] [M]: 0x800272C8 (0x00B51863) bne a0, a1, 16


mem[X,0x800272D8] -> 0x0213
mem[X,0x800272DA] -> 0x0032
[4034] [M]: 0x800272D8 (0x00320213) addi tp, tp, 3
x4 <- 0x00000003


mem[X,0x800272DC] -> 0x006F
mem[X,0x800272DE] -> 0x0040
[4035] [M]: 0x800272DC (0x0040006F) jal zero, 4


mem[X,0x800272E0] -> 0xAC23
mem[X,0x800272E2] -> 0x6440
[4036] [M]: 0x800272E0 (0x6440AC23) sw tp, 1624(ra)
mem[0x8003A7C0] <- 0x00000003


mem[X,0x800272E4] -> 0xB537
mem[X,0x800272E6] -> 0x0000
[4037] [M]: 0x800272E4 (0x0000B537) lui a0, 11
x10 <- 0x0000B000


mem[X,0x800272E8] -> 0x0513
mem[X,0x800272EA] -> 0x5055
[4038] [M]: 0x800272E8 (0x50550513) addi a0, a0, 1285
x10 <- 0x0000B505


mem[X,0x800272EC] -> 0x0593
mem[X,0x800272EE] -> 0x0000
[4039] [M]: 0x800272EC (0x00000593) addi a1, zero, 0
x11 <- 0x00000000


mem[X,0x800272F0] -> 0x0213
mem[X,0x800272F2] -> 0x0000
[4040] [M]: 0x800272F0 (0x00000213) addi tp, zero, 0
x4 <- 0x00000000


mem[X,0x800272F4] -> 0x006F
mem[X,0x800272F6] -> 0x0180
[4041] [M]: 0x800272F4 (0x0180006F) jal zero, 24


mem[X,0x8002730C] -> 0x16E3
mem[X,0x8002730E] -> 0xFEB5
[4042] [M]: 0x8002730C (0xFEB516E3) bne a0, a1, 8172


mem[X,0x800272F8] -> 0x0213
mem[X,0x800272FA] -> 0x0012
[4043] [M]: 0x800272F8 (0x00120213) addi tp, tp, 1
x4 <- 0x00000001


mem[X,0x800272FC] -> 0x006F
mem[X,0x800272FE] -> 0x0240
[4044] [M]: 0x800272FC (0x0240006F) jal zero, 36


mem[X,0x80027320] -> 0xAE23
mem[X,0x80027322] -> 0x6440
[4045] [M]: 0x80027320 (0x6440AE23) sw tp, 1628(ra)
mem[0x8003A7C4] <- 0x00000001


mem[X,0x80027324] -> 0xB537
mem[X,0x80027326] -> 0x0000
[4046] [M]: 0x80027324 (0x0000B537) lui a0, 11
x10 <- 0x0000B000


mem[X,0x80027328] -> 0x0513
mem[X,0x8002732A] -> 0x5055
[4047] [M]: 0x80027328 (0x50550513) addi a0, a0, 1285
x10 <- 0x0000B505


mem[X,0x8002732C] -> 0x0593
mem[X,0x8002732E] -> 0x0040
[4048] [M]: 0x8002732C (0x00400593) addi a1, zero, 4
x11 <- 0x00000004


mem[X,0x80027330] -> 0x0213
mem[X,0x80027332] -> 0x0000
[4049] [M]: 0x80027330 (0x00000213) addi tp, zero, 0
x4 <- 0x00000000


mem[X,0x80027334] -> 0x006F
mem[X,0x80027336] -> 0x00C0
[4050] [M]: 0x80027334 (0x00C0006F) jal zero, 12


mem[X,0x80027340] -> 0x1063
mem[X,0x80027342] -> 0x08B5
[4051] [M]: 0x80027340 (0x08B51063) bne a0, a1, 128


mem[X,0x800273C0] -> 0x0213
mem[X,0x800273C2] -> 0x0032
[4052] [M]: 0x800273C0 (0x00320213) addi tp, tp, 3
x4 <- 0x00000003


mem[X,0x800273C4] -> 0x006F
mem[X,0x800273C6] -> 0x0040
[4053] [M]: 0x800273C4 (0x0040006F) jal zero, 4


mem[X,0x800273C8] -> 0xA023
mem[X,0x800273CA] -> 0x6640
[4054] [M]: 0x800273C8 (0x6640A023) sw tp, 1632(ra)
mem[0x8003A7C8] <- 0x00000003


mem[X,0x800273CC] -> 0xB537
mem[X,0x800273CE] -> 0x0000
[4055] [M]: 0x800273CC (0x0000B537) lui a0, 11
x10 <- 0x0000B000


mem[X,0x800273D0] -> 0x0513
mem[X,0x800273D2] -> 0x5055
[4056] [M]: 0x800273D0 (0x50550513) addi a0, a0, 1285
x10 <- 0x0000B505


mem[X,0x800273D4] -> 0x35B7
mem[X,0x800273D6] -> 0x3333
[4057] [M]: 0x800273D4 (0x333335B7) lui a1, 209715
x11 <- 0x33333000


mem[X,0x800273D8] -> 0x8593
mem[X,0x800273DA] -> 0x3325
[4058] [M]: 0x800273D8 (0x33258593) addi a1, a1, 818
x11 <- 0x33333332


mem[X,0x800273DC] -> 0x0213
mem[X,0x800273DE] -> 0x0000
[4059] [M]: 0x800273DC (0x00000213) addi tp, zero, 0
x4 <- 0x00000000


mem[X,0x800273E0] -> 0x006F
mem[X,0x800273E2] -> 0x00C0
[4060] [M]: 0x800273E0 (0x00C0006F) jal zero, 12


mem[X,0x800273EC] -> 0x1CE3
mem[X,0x800273EE] -> 0xFEB5
[4061] [M]: 0x800273EC (0xFEB51CE3) bne a0, a1, 8184


mem[X,0x800273E4] -> 0x0213
mem[X,0x800273E6] -> 0x0012
[4062] [M]: 0x800273E4 (0x00120213) addi tp, tp, 1
x4 <- 0x00000001


mem[X,0x800273E8] -> 0x006F
mem[X,0x800273EA] -> 0x0180
[4063] [M]: 0x800273E8 (0x0180006F) jal zero, 24


mem[X,0x80027400] -> 0xA223
mem[X,0x80027402] -> 0x6640
[4064] [M]: 0x80027400 (0x6640A223) sw tp, 1636(ra)
mem[0x8003A7CC] <- 0x00000001


mem[X,0x80027404] -> 0xB537
mem[X,0x80027406] -> 0x0000
[4065] [M]: 0x80027404 (0x0000B537) lui a0, 11
x10 <- 0x0000B000


mem[X,0x80027408] -> 0x0513
mem[X,0x8002740A] -> 0x5055
[4066] [M]: 0x80027408 (0x50550513) addi a0, a0, 1285
x10 <- 0x0000B505


mem[X,0x8002740C] -> 0x65B7
mem[X,0x8002740E] -> 0x6666
[4067] [M]: 0x8002740C (0x666665B7) lui a1, 419430
x11 <- 0x66666000


mem[X,0x80027410] -> 0x8593
mem[X,0x80027412] -> 0x6655
[4068] [M]: 0x80027410 (0x66558593) addi a1, a1, 1637
x11 <- 0x66666665


mem[X,0x80027414] -> 0x0213
mem[X,0x80027416] -> 0x0000
[4069] [M]: 0x80027414 (0x00000213) addi tp, zero, 0
x4 <- 0x00000000


mem[X,0x80027418] -> 0x006F
mem[X,0x8002741A] -> 0x00C0
[4070] [M]: 0x80027418 (0x00C0006F) jal zero, 12


mem[X,0x80027424] -> 0x1063
mem[X,0x80027426] -> 0x40B5
[4071] [M]: 0x80027424 (0x40B51063) bne a0, a1, 1024


mem[X,0x80027824] -> 0x0213
mem[X,0x80027826] -> 0x0032
[4072] [M]: 0x80027824 (0x00320213) addi tp, tp, 3
x4 <- 0x00000003


mem[X,0x80027828] -> 0x006F
mem[X,0x8002782A] -> 0x0040
[4073] [M]: 0x80027828 (0x0040006F) jal zero, 4


mem[X,0x8002782C] -> 0xA423
mem[X,0x8002782E] -> 0x6640
[4074] [M]: 0x8002782C (0x6640A423) sw tp, 1640(ra)
mem[0x8003A7D0] <- 0x00000003


mem[X,0x80027830] -> 0xB537
mem[X,0x80027832] -> 0x0000
[4075] [M]: 0x80027830 (0x0000B537) lui a0, 11
x10 <- 0x0000B000


mem[X,0x80027834] -> 0x0513
mem[X,0x80027836] -> 0x5055
[4076] [M]: 0x80027834 (0x50550513) addi a0, a0, 1285
x10 <- 0x0000B505


mem[X,0x80027838] -> 0xB5B7
mem[X,0x8002783A] -> 0x0000
[4077] [M]: 0x80027838 (0x0000B5B7) lui a1, 11
x11 <- 0x0000B000


mem[X,0x8002783C] -> 0x8593
mem[X,0x8002783E] -> 0x5035
[4078] [M]: 0x8002783C (0x50358593) addi a1, a1, 1283
x11 <- 0x0000B503


mem[X,0x80027840] -> 0x0213
mem[X,0x80027842] -> 0x0000
[4079] [M]: 0x80027840 (0x00000213) addi tp, zero, 0
x4 <- 0x00000000


mem[X,0x80027844] -> 0x006F
mem[X,0x80027846] -> 0x00C0
[4080] [M]: 0x80027844 (0x00C0006F) jal zero, 12


mem[X,0x80027850] -> 0x1063
mem[X,0x80027852] -> 0x04B5
[4081] [M]: 0x80027850 (0x04B51063) bne a0, a1, 64


mem[X,0x80027890] -> 0x0213
mem[X,0x80027892] -> 0x0032
[4082] [M]: 0x80027890 (0x00320213) addi tp, tp, 3
x4 <- 0x00000003


mem[X,0x80027894] -> 0x006F
mem[X,0x80027896] -> 0x0040
[4083] [M]: 0x80027894 (0x0040006F) jal zero, 4


mem[X,0x80027898] -> 0xA623
mem[X,0x8002789A] -> 0x6640
[4084] [M]: 0x80027898 (0x6640A623) sw tp, 1644(ra)
mem[0x8003A7D4] <- 0x00000003


mem[X,0x8002789C] -> 0xB537
mem[X,0x8002789E] -> 0x0000
[4085] [M]: 0x8002789C (0x0000B537) lui a0, 11
x10 <- 0x0000B000


mem[X,0x800278A0] -> 0x0513
mem[X,0x800278A2] -> 0x5055
[4086] [M]: 0x800278A0 (0x50550513) addi a0, a0, 1285
x10 <- 0x0000B505


mem[X,0x800278A4] -> 0x55B7
mem[X,0x800278A6] -> 0x5555
[4087] [M]: 0x800278A4 (0x555555B7) lui a1, 349525
x11 <- 0x55555000


mem[X,0x800278A8] -> 0x8593
mem[X,0x800278AA] -> 0x5565
[4088] [M]: 0x800278A8 (0x55658593) addi a1, a1, 1366
x11 <- 0x55555556


mem[X,0x800278AC] -> 0x0213
mem[X,0x800278AE] -> 0x0000
[4089] [M]: 0x800278AC (0x00000213) addi tp, zero, 0
x4 <- 0x00000000


mem[X,0x800278B0] -> 0x006F
mem[X,0x800278B2] -> 0x00C0
[4090] [M]: 0x800278B0 (0x00C0006F) jal zero, 12


mem[X,0x800278BC] -> 0x1063
mem[X,0x800278BE] -> 0x40B5
[4091] [M]: 0x800278BC (0x40B51063) bne a0, a1, 1024


mem[X,0x80027CBC] -> 0x0213
mem[X,0x80027CBE] -> 0x0032
[4092] [M]: 0x80027CBC (0x00320213) addi tp, tp, 3
x4 <- 0x00000003


mem[X,0x80027CC0] -> 0x006F
mem[X,0x80027CC2] -> 0x0040
[4093] [M]: 0x80027CC0 (0x0040006F) jal zero, 4


mem[X,0x80027CC4] -> 0xA823
mem[X,0x80027CC6] -> 0x6640
[4094] [M]: 0x80027CC4 (0x6640A823) sw tp, 1648(ra)
mem[0x8003A7D8] <- 0x00000003


mem[X,0x80027CC8] -> 0xB537
mem[X,0x80027CCA] -> 0x0000
[4095] [M]: 0x80027CC8 (0x0000B537) lui a0, 11
x10 <- 0x0000B000


mem[X,0x80027CCC] -> 0x0513
mem[X,0x80027CCE] -> 0x5055
[4096] [M]: 0x80027CCC (0x50550513) addi a0, a0, 1285
x10 <- 0x0000B505


mem[X,0x80027CD0] -> 0xB5B7
mem[X,0x80027CD2] -> 0xAAAA
[4097] [M]: 0x80027CD0 (0xAAAAB5B7) lui a1, 699051
x11 <- 0xAAAAB000


mem[X,0x80027CD4] -> 0x8593
mem[X,0x80027CD6] -> 0xAAB5
[4098] [M]: 0x80027CD4 (0xAAB58593) addi a1, a1, 2731
x11 <- 0xAAAAAAAB


mem[X,0x80027CD8] -> 0x0213
mem[X,0x80027CDA] -> 0x0000
[4099] [M]: 0x80027CD8 (0x00000213) addi tp, zero, 0
x4 <- 0x00000000


clint::tick mtime <- 0x0000000000000029
 clint timer pending at mtime 0x0000000000000029
htif::tick 0x0000000000000000
mem[X,0x80027CDC] -> 0x006F
mem[X,0x80027CDE] -> 0x00C0
[4100] [M]: 0x80027CDC (0x00C0006F) jal zero, 12


mem[X,0x80027CE8] -> 0x1663
mem[X,0x80027CEA] -> 0x00B5
[4101] [M]: 0x80027CE8 (0x00B51663) bne a0, a1, 12


mem[X,0x80027CF4] -> 0x0213
mem[X,0x80027CF6] -> 0x0032
[4102] [M]: 0x80027CF4 (0x00320213) addi tp, tp, 3
x4 <- 0x00000003


mem[X,0x80027CF8] -> 0x006F
mem[X,0x80027CFA] -> 0x0040
[4103] [M]: 0x80027CF8 (0x0040006F) jal zero, 4


mem[X,0x80027CFC] -> 0xAA23
mem[X,0x80027CFE] -> 0x6640
[4104] [M]: 0x80027CFC (0x6640AA23) sw tp, 1652(ra)
mem[0x8003A7DC] <- 0x00000003


mem[X,0x80027D00] -> 0xB537
mem[X,0x80027D02] -> 0x0000
[4105] [M]: 0x80027D00 (0x0000B537) lui a0, 11
x10 <- 0x0000B000


mem[X,0x80027D04] -> 0x0513
mem[X,0x80027D06] -> 0x5055
[4106] [M]: 0x80027D04 (0x50550513) addi a0, a0, 1285
x10 <- 0x0000B505


mem[X,0x80027D08] -> 0x0593
mem[X,0x80027D0A] -> 0x0060
[4107] [M]: 0x80027D08 (0x00600593) addi a1, zero, 6
x11 <- 0x00000006


mem[X,0x80027D0C] -> 0x0213
mem[X,0x80027D0E] -> 0x0000
[4108] [M]: 0x80027D0C (0x00000213) addi tp, zero, 0
x4 <- 0x00000000


mem[X,0x80027D10] -> 0x006F
mem[X,0x80027D12] -> 0x00C0
[4109] [M]: 0x80027D10 (0x00C0006F) jal zero, 12


mem[X,0x80027D1C] -> 0x1663
mem[X,0x80027D1E] -> 0x00B5
[4110] [M]: 0x80027D1C (0x00B51663) bne a0, a1, 12


mem[X,0x80027D28] -> 0x0213
mem[X,0x80027D2A] -> 0x0032
[4111] [M]: 0x80027D28 (0x00320213) addi tp, tp, 3
x4 <- 0x00000003


mem[X,0x80027D2C] -> 0x006F
mem[X,0x80027D2E] -> 0x0040
[4112] [M]: 0x80027D2C (0x0040006F) jal zero, 4


mem[X,0x80027D30] -> 0xAC23
mem[X,0x80027D32] -> 0x6640
[4113] [M]: 0x80027D30 (0x6640AC23) sw tp, 1656(ra)
mem[0x8003A7E0] <- 0x00000003


mem[X,0x80027D34] -> 0xB537
mem[X,0x80027D36] -> 0x0000
[4114] [M]: 0x80027D34 (0x0000B537) lui a0, 11
x10 <- 0x0000B000


mem[X,0x80027D38] -> 0x0513
mem[X,0x80027D3A] -> 0x5055
[4115] [M]: 0x80027D38 (0x50550513) addi a0, a0, 1285
x10 <- 0x0000B505


mem[X,0x80027D3C] -> 0x35B7
mem[X,0x80027D3E] -> 0x3333
[4116] [M]: 0x80027D3C (0x333335B7) lui a1, 209715
x11 <- 0x33333000


mem[X,0x80027D40] -> 0x8593
mem[X,0x80027D42] -> 0x3345
[4117] [M]: 0x80027D40 (0x33458593) addi a1, a1, 820
x11 <- 0x33333334


mem[X,0x80027D44] -> 0x0213
mem[X,0x80027D46] -> 0x0000
[4118] [M]: 0x80027D44 (0x00000213) addi tp, zero, 0
x4 <- 0x00000000


mem[X,0x80027D48] -> 0x006F
mem[X,0x80027D4A] -> 0x0100
[4119] [M]: 0x80027D48 (0x0100006F) jal zero, 16


mem[X,0x80027D58] -> 0x1AE3
mem[X,0x80027D5A] -> 0xFEB5
[4120] [M]: 0x80027D58 (0xFEB51AE3) bne a0, a1, 8180


mem[X,0x80027D4C] -> 0x0213
mem[X,0x80027D4E] -> 0x0012
[4121] [M]: 0x80027D4C (0x00120213) addi tp, tp, 1
x4 <- 0x00000001


mem[X,0x80027D50] -> 0x006F
mem[X,0x80027D52] -> 0x01C0
[4122] [M]: 0x80027D50 (0x01C0006F) jal zero, 28


mem[X,0x80027D6C] -> 0xAE23
mem[X,0x80027D6E] -> 0x6640
[4123] [M]: 0x80027D6C (0x6640AE23) sw tp, 1660(ra)
mem[0x8003A7E4] <- 0x00000001


mem[X,0x80027D70] -> 0xB537
mem[X,0x80027D72] -> 0x0000
[4124] [M]: 0x80027D70 (0x0000B537) lui a0, 11
x10 <- 0x0000B000


mem[X,0x80027D74] -> 0x0513
mem[X,0x80027D76] -> 0x5055
[4125] [M]: 0x80027D74 (0x50550513) addi a0, a0, 1285
x10 <- 0x0000B505


mem[X,0x80027D78] -> 0x65B7
mem[X,0x80027D7A] -> 0x6666
[4126] [M]: 0x80027D78 (0x666665B7) lui a1, 419430
x11 <- 0x66666000


mem[X,0x80027D7C] -> 0x8593
mem[X,0x80027D7E] -> 0x6675
[4127] [M]: 0x80027D7C (0x66758593) addi a1, a1, 1639
x11 <- 0x66666667


mem[X,0x80027D80] -> 0x0213
mem[X,0x80027D82] -> 0x0000
[4128] [M]: 0x80027D80 (0x00000213) addi tp, zero, 0
x4 <- 0x00000000


mem[X,0x80027D84] -> 0x006F
mem[X,0x80027D86] -> 0x00C0
[4129] [M]: 0x80027D84 (0x00C0006F) jal zero, 12


mem[X,0x80027D90] -> 0x1663
mem[X,0x80027D92] -> 0x00B5
[4130] [M]: 0x80027D90 (0x00B51663) bne a0, a1, 12


mem[X,0x80027D9C] -> 0x0213
mem[X,0x80027D9E] -> 0x0032
[4131] [M]: 0x80027D9C (0x00320213) addi tp, tp, 3
x4 <- 0x00000003


mem[X,0x80027DA0] -> 0x006F
mem[X,0x80027DA2] -> 0x0040
[4132] [M]: 0x80027DA0 (0x0040006F) jal zero, 4


mem[X,0x80027DA4] -> 0xA023
mem[X,0x80027DA6] -> 0x6840
[4133] [M]: 0x80027DA4 (0x6840A023) sw tp, 1664(ra)
mem[0x8003A7E8] <- 0x00000003


mem[X,0x80027DA8] -> 0xB537
mem[X,0x80027DAA] -> 0x0000
[4134] [M]: 0x80027DA8 (0x0000B537) lui a0, 11
x10 <- 0x0000B000


mem[X,0x80027DAC] -> 0x0513
mem[X,0x80027DAE] -> 0x5055
[4135] [M]: 0x80027DAC (0x50550513) addi a0, a0, 1285
x10 <- 0x0000B505


mem[X,0x80027DB0] -> 0x55B7
mem[X,0x80027DB2] -> 0xFFFF
[4136] [M]: 0x80027DB0 (0xFFFF55B7) lui a1, 1048565
x11 <- 0xFFFF5000


mem[X,0x80027DB4] -> 0x8593
mem[X,0x80027DB6] -> 0xAFD5
[4137] [M]: 0x80027DB4 (0xAFD58593) addi a1, a1, 2813
x11 <- 0xFFFF4AFD


mem[X,0x80027DB8] -> 0x0213
mem[X,0x80027DBA] -> 0x0000
[4138] [M]: 0x80027DB8 (0x00000213) addi tp, zero, 0
x4 <- 0x00000000


mem[X,0x80027DBC] -> 0x006F
mem[X,0x80027DBE] -> 0x0100
[4139] [M]: 0x80027DBC (0x0100006F) jal zero, 16


mem[X,0x80027DCC] -> 0x1AE3
mem[X,0x80027DCE] -> 0xFEB5
[4140] [M]: 0x80027DCC (0xFEB51AE3) bne a0, a1, 8180


mem[X,0x80027DC0] -> 0x0213
mem[X,0x80027DC2] -> 0x0012
[4141] [M]: 0x80027DC0 (0x00120213) addi tp, tp, 1
x4 <- 0x00000001


mem[X,0x80027DC4] -> 0x006F
mem[X,0x80027DC6] -> 0x01C0
[4142] [M]: 0x80027DC4 (0x01C0006F) jal zero, 28


mem[X,0x80027DE0] -> 0xA223
mem[X,0x80027DE2] -> 0x6840
[4143] [M]: 0x80027DE0 (0x6840A223) sw tp, 1668(ra)
mem[0x8003A7EC] <- 0x00000001


mem[X,0x80027DE4] -> 0xB537
mem[X,0x80027DE6] -> 0x0000
[4144] [M]: 0x80027DE4 (0x0000B537) lui a0, 11
x10 <- 0x0000B000


mem[X,0x80027DE8] -> 0x0513
mem[X,0x80027DEA] -> 0x5055
[4145] [M]: 0x80027DE8 (0x50550513) addi a0, a0, 1285
x10 <- 0x0000B505


mem[X,0x80027DEC] -> 0xB5B7
mem[X,0x80027DEE] -> 0x0000
[4146] [M]: 0x80027DEC (0x0000B5B7) lui a1, 11
x11 <- 0x0000B000


mem[X,0x80027DF0] -> 0x8593
mem[X,0x80027DF2] -> 0x5055
[4147] [M]: 0x80027DF0 (0x50558593) addi a1, a1, 1285
x11 <- 0x0000B505


mem[X,0x80027DF4] -> 0x0213
mem[X,0x80027DF6] -> 0x0000
[4148] [M]: 0x80027DF4 (0x00000213) addi tp, zero, 0
x4 <- 0x00000000


mem[X,0x80027DF8] -> 0x006F
mem[X,0x80027DFA] -> 0x00C0
[4149] [M]: 0x80027DF8 (0x00C0006F) jal zero, 12


mem[X,0x80027E04] -> 0x1063
mem[X,0x80027E06] -> 0x10B5
[4150] [M]: 0x80027E04 (0x10B51063) bne a0, a1, 256


mem[X,0x80027E08] -> 0x0213
mem[X,0x80027E0A] -> 0x0022
[4151] [M]: 0x80027E08 (0x00220213) addi tp, tp, 2
x4 <- 0x00000002


mem[X,0x80027E0C] -> 0x006F
mem[X,0x80027E0E] -> 0x1000
[4152] [M]: 0x80027E0C (0x1000006F) jal zero, 256


mem[X,0x80027F0C] -> 0xA423
mem[X,0x80027F0E] -> 0x6840
[4153] [M]: 0x80027F0C (0x6840A423) sw tp, 1672(ra)
mem[0x8003A7F0] <- 0x00000002


mem[X,0x80027F10] -> 0x0513
mem[X,0x80027F12] -> 0x0000
[4154] [M]: 0x80027F10 (0x00000513) addi a0, zero, 0
x10 <- 0x00000000


mem[X,0x80027F14] -> 0x0593
mem[X,0x80027F16] -> 0x0020
[4155] [M]: 0x80027F14 (0x00200593) addi a1, zero, 2
x11 <- 0x00000002


mem[X,0x80027F18] -> 0x0213
mem[X,0x80027F1A] -> 0x0000
[4156] [M]: 0x80027F18 (0x00000213) addi tp, zero, 0
x4 <- 0x00000000


mem[X,0x80027F1C] -> 0x006F
mem[X,0x80027F1E] -> 0x00C0
[4157] [M]: 0x80027F1C (0x00C0006F) jal zero, 12


mem[X,0x80027F28] -> 0x1663
mem[X,0x80027F2A] -> 0x00B5
[4158] [M]: 0x80027F28 (0x00B51663) bne a0, a1, 12


mem[X,0x80027F34] -> 0x0213
mem[X,0x80027F36] -> 0x0032
[4159] [M]: 0x80027F34 (0x00320213) addi tp, tp, 3
x4 <- 0x00000003


mem[X,0x80027F38] -> 0x006F
mem[X,0x80027F3A] -> 0x0040
[4160] [M]: 0x80027F38 (0x0040006F) jal zero, 4


mem[X,0x80027F3C] -> 0xA623
mem[X,0x80027F3E] -> 0x6840
[4161] [M]: 0x80027F3C (0x6840A623) sw tp, 1676(ra)
mem[0x8003A7F4] <- 0x00000003


mem[X,0x80027F40] -> 0x0513
mem[X,0x80027F42] -> 0x0000
[4162] [M]: 0x80027F40 (0x00000513) addi a0, zero, 0
x10 <- 0x00000000


mem[X,0x80027F44] -> 0x55B7
mem[X,0x80027F46] -> 0x5555
[4163] [M]: 0x80027F44 (0x555555B7) lui a1, 349525
x11 <- 0x55555000


mem[X,0x80027F48] -> 0x8593
mem[X,0x80027F4A] -> 0x5545
[4164] [M]: 0x80027F48 (0x55458593) addi a1, a1, 1364
x11 <- 0x55555554


mem[X,0x80027F4C] -> 0x0213
mem[X,0x80027F4E] -> 0x0000
[4165] [M]: 0x80027F4C (0x00000213) addi tp, zero, 0
x4 <- 0x00000000


mem[X,0x80027F50] -> 0x006F
mem[X,0x80027F52] -> 0x00C0
[4166] [M]: 0x80027F50 (0x00C0006F) jal zero, 12


mem[X,0x80027F5C] -> 0x1063
mem[X,0x80027F5E] -> 0x02B5
[4167] [M]: 0x80027F5C (0x02B51063) bne a0, a1, 32


mem[X,0x80027F7C] -> 0x0213
mem[X,0x80027F7E] -> 0x0032
[4168] [M]: 0x80027F7C (0x00320213) addi tp, tp, 3
x4 <- 0x00000003


mem[X,0x80027F80] -> 0x006F
mem[X,0x80027F82] -> 0x0040
[4169] [M]: 0x80027F80 (0x0040006F) jal zero, 4


mem[X,0x80027F84] -> 0xA823
mem[X,0x80027F86] -> 0x6840
[4170] [M]: 0x80027F84 (0x6840A823) sw tp, 1680(ra)
mem[0x8003A7F8] <- 0x00000003


mem[X,0x80027F88] -> 0x0513
mem[X,0x80027F8A] -> 0x0000
[4171] [M]: 0x80027F88 (0x00000513) addi a0, zero, 0
x10 <- 0x00000000


mem[X,0x80027F8C] -> 0x0593
mem[X,0x80027F8E] -> 0x0000
[4172] [M]: 0x80027F8C (0x00000593) addi a1, zero, 0
x11 <- 0x00000000


mem[X,0x80027F90] -> 0x0213
mem[X,0x80027F92] -> 0x0000
[4173] [M]: 0x80027F90 (0x00000213) addi tp, zero, 0
x4 <- 0x00000000


mem[X,0x80027F94] -> 0x006F
mem[X,0x80027F96] -> 0x00C0
[4174] [M]: 0x80027F94 (0x00C0006F) jal zero, 12


mem[X,0x80027FA0] -> 0x1063
mem[X,0x80027FA2] -> 0x10B5
[4175] [M]: 0x80027FA0 (0x10B51063) bne a0, a1, 256


mem[X,0x80027FA4] -> 0x0213
mem[X,0x80027FA6] -> 0x0022
[4176] [M]: 0x80027FA4 (0x00220213) addi tp, tp, 2
x4 <- 0x00000002


mem[X,0x80027FA8] -> 0x006F
mem[X,0x80027FAA] -> 0x1000
[4177] [M]: 0x80027FA8 (0x1000006F) jal zero, 256


mem[X,0x800280A8] -> 0xAA23
mem[X,0x800280AA] -> 0x6840
[4178] [M]: 0x800280A8 (0x6840AA23) sw tp, 1684(ra)
mem[0x8003A7FC] <- 0x00000002


mem[X,0x800280AC] -> 0x0513
mem[X,0x800280AE] -> 0x0000
[4179] [M]: 0x800280AC (0x00000513) addi a0, zero, 0
x10 <- 0x00000000


mem[X,0x800280B0] -> 0x0593
mem[X,0x800280B2] -> 0x0040
[4180] [M]: 0x800280B0 (0x00400593) addi a1, zero, 4
x11 <- 0x00000004


mem[X,0x800280B4] -> 0x0213
mem[X,0x800280B6] -> 0x0000
[4181] [M]: 0x800280B4 (0x00000213) addi tp, zero, 0
x4 <- 0x00000000


mem[X,0x800280B8] -> 0x006F
mem[X,0x800280BA] -> 0x00C0
[4182] [M]: 0x800280B8 (0x00C0006F) jal zero, 12


mem[X,0x800280C4] -> 0x1CE3
mem[X,0x800280C6] -> 0xFEB5
[4183] [M]: 0x800280C4 (0xFEB51CE3) bne a0, a1, 8184


mem[X,0x800280BC] -> 0x0213
mem[X,0x800280BE] -> 0x0012
[4184] [M]: 0x800280BC (0x00120213) addi tp, tp, 1
x4 <- 0x00000001


mem[X,0x800280C0] -> 0x006F
mem[X,0x800280C2] -> 0x0180
[4185] [M]: 0x800280C0 (0x0180006F) jal zero, 24


mem[X,0x800280D8] -> 0xAC23
mem[X,0x800280DA] -> 0x6840
[4186] [M]: 0x800280D8 (0x6840AC23) sw tp, 1688(ra)
mem[0x8003A800] <- 0x00000001


mem[X,0x800280DC] -> 0x0513
mem[X,0x800280DE] -> 0x0000
[4187] [M]: 0x800280DC (0x00000513) addi a0, zero, 0
x10 <- 0x00000000


mem[X,0x800280E0] -> 0x35B7
mem[X,0x800280E2] -> 0x3333
[4188] [M]: 0x800280E0 (0x333335B7) lui a1, 209715
x11 <- 0x33333000


mem[X,0x800280E4] -> 0x8593
mem[X,0x800280E6] -> 0x3325
[4189] [M]: 0x800280E4 (0x33258593) addi a1, a1, 818
x11 <- 0x33333332


mem[X,0x800280E8] -> 0x0213
mem[X,0x800280EA] -> 0x0000
[4190] [M]: 0x800280E8 (0x00000213) addi tp, zero, 0
x4 <- 0x00000000


mem[X,0x800280EC] -> 0x006F
mem[X,0x800280EE] -> 0x00C0
[4191] [M]: 0x800280EC (0x00C0006F) jal zero, 12


mem[X,0x800280F8] -> 0x1663
mem[X,0x800280FA] -> 0x00B5
[4192] [M]: 0x800280F8 (0x00B51663) bne a0, a1, 12


mem[X,0x80028104] -> 0x0213
mem[X,0x80028106] -> 0x0032
[4193] [M]: 0x80028104 (0x00320213) addi tp, tp, 3
x4 <- 0x00000003


mem[X,0x80028108] -> 0x006F
mem[X,0x8002810A] -> 0x0040
[4194] [M]: 0x80028108 (0x0040006F) jal zero, 4


mem[X,0x8002810C] -> 0xAE23
mem[X,0x8002810E] -> 0x6840
[4195] [M]: 0x8002810C (0x6840AE23) sw tp, 1692(ra)
mem[0x8003A804] <- 0x00000003


mem[X,0x80028110] -> 0x0513
mem[X,0x80028112] -> 0x0000
[4196] [M]: 0x80028110 (0x00000513) addi a0, zero, 0
x10 <- 0x00000000


mem[X,0x80028114] -> 0x65B7
mem[X,0x80028116] -> 0x6666
[4197] [M]: 0x80028114 (0x666665B7) lui a1, 419430
x11 <- 0x66666000


mem[X,0x80028118] -> 0x8593
mem[X,0x8002811A] -> 0x6655
[4198] [M]: 0x80028118 (0x66558593) addi a1, a1, 1637
x11 <- 0x66666665


mem[X,0x8002811C] -> 0x0213
mem[X,0x8002811E] -> 0x0000
[4199] [M]: 0x8002811C (0x00000213) addi tp, zero, 0
x4 <- 0x00000000


clint::tick mtime <- 0x000000000000002A
 clint timer pending at mtime 0x000000000000002A
htif::tick 0x0000000000000000
mem[X,0x80028120] -> 0x006F
mem[X,0x80028122] -> 0x00C0
[4200] [M]: 0x80028120 (0x00C0006F) jal zero, 12


mem[X,0x8002812C] -> 0x1CE3
mem[X,0x8002812E] -> 0xFEB5
[4201] [M]: 0x8002812C (0xFEB51CE3) bne a0, a1, 8184


mem[X,0x80028124] -> 0x0213
mem[X,0x80028126] -> 0x0012
[4202] [M]: 0x80028124 (0x00120213) addi tp, tp, 1
x4 <- 0x00000001


mem[X,0x80028128] -> 0x006F
mem[X,0x8002812A] -> 0x0180
[4203] [M]: 0x80028128 (0x0180006F) jal zero, 24


mem[X,0x80028140] -> 0xA023
mem[X,0x80028142] -> 0x6A40
[4204] [M]: 0x80028140 (0x6A40A023) sw tp, 1696(ra)
mem[0x8003A808] <- 0x00000001


mem[X,0x80028144] -> 0x0513
mem[X,0x80028146] -> 0x0000
[4205] [M]: 0x80028144 (0x00000513) addi a0, zero, 0
x10 <- 0x00000000


mem[X,0x80028148] -> 0xB5B7
mem[X,0x8002814A] -> 0x0000
[4206] [M]: 0x80028148 (0x0000B5B7) lui a1, 11
x11 <- 0x0000B000


mem[X,0x8002814C] -> 0x8593
mem[X,0x8002814E] -> 0x5035
[4207] [M]: 0x8002814C (0x50358593) addi a1, a1, 1283
x11 <- 0x0000B503


mem[X,0x80028150] -> 0x0213
mem[X,0x80028152] -> 0x0000
[4208] [M]: 0x80028150 (0x00000213) addi tp, zero, 0
x4 <- 0x00000000


mem[X,0x80028154] -> 0x006F
mem[X,0x80028156] -> 0x00C0
[4209] [M]: 0x80028154 (0x00C0006F) jal zero, 12


mem[X,0x80028160] -> 0x1CE3
mem[X,0x80028162] -> 0xFEB5
[4210] [M]: 0x80028160 (0xFEB51CE3) bne a0, a1, 8184


mem[X,0x80028158] -> 0x0213
mem[X,0x8002815A] -> 0x0012
[4211] [M]: 0x80028158 (0x00120213) addi tp, tp, 1
x4 <- 0x00000001


mem[X,0x8002815C] -> 0x006F
mem[X,0x8002815E] -> 0x0180
[4212] [M]: 0x8002815C (0x0180006F) jal zero, 24


mem[X,0x80028174] -> 0xA223
mem[X,0x80028176] -> 0x6A40
[4213] [M]: 0x80028174 (0x6A40A223) sw tp, 1700(ra)
mem[0x8003A80C] <- 0x00000001


mem[X,0x80028178] -> 0x0513
mem[X,0x8002817A] -> 0x0000
[4214] [M]: 0x80028178 (0x00000513) addi a0, zero, 0
x10 <- 0x00000000


mem[X,0x8002817C] -> 0x55B7
mem[X,0x8002817E] -> 0x5555
[4215] [M]: 0x8002817C (0x555555B7) lui a1, 349525
x11 <- 0x55555000


mem[X,0x80028180] -> 0x8593
mem[X,0x80028182] -> 0x5565
[4216] [M]: 0x80028180 (0x55658593) addi a1, a1, 1366
x11 <- 0x55555556


mem[X,0x80028184] -> 0x0213
mem[X,0x80028186] -> 0x0000
[4217] [M]: 0x80028184 (0x00000213) addi tp, zero, 0
x4 <- 0x00000000


mem[X,0x80028188] -> 0x006F
mem[X,0x8002818A] -> 0x00C0
[4218] [M]: 0x80028188 (0x00C0006F) jal zero, 12


mem[X,0x80028194] -> 0x1CE3
mem[X,0x80028196] -> 0xFEB5
[4219] [M]: 0x80028194 (0xFEB51CE3) bne a0, a1, 8184


mem[X,0x8002818C] -> 0x0213
mem[X,0x8002818E] -> 0x0012
[4220] [M]: 0x8002818C (0x00120213) addi tp, tp, 1
x4 <- 0x00000001


mem[X,0x80028190] -> 0x006F
mem[X,0x80028192] -> 0x0180
[4221] [M]: 0x80028190 (0x0180006F) jal zero, 24


mem[X,0x800281A8] -> 0xA423
mem[X,0x800281AA] -> 0x6A40
[4222] [M]: 0x800281A8 (0x6A40A423) sw tp, 1704(ra)
mem[0x8003A810] <- 0x00000001


mem[X,0x800281AC] -> 0x0513
mem[X,0x800281AE] -> 0x0000
[4223] [M]: 0x800281AC (0x00000513) addi a0, zero, 0
x10 <- 0x00000000


mem[X,0x800281B0] -> 0xB5B7
mem[X,0x800281B2] -> 0xAAAA
[4224] [M]: 0x800281B0 (0xAAAAB5B7) lui a1, 699051
x11 <- 0xAAAAB000


mem[X,0x800281B4] -> 0x8593
mem[X,0x800281B6] -> 0xAAB5
[4225] [M]: 0x800281B4 (0xAAB58593) addi a1, a1, 2731
x11 <- 0xAAAAAAAB


mem[X,0x800281B8] -> 0x0213
mem[X,0x800281BA] -> 0x0000
[4226] [M]: 0x800281B8 (0x00000213) addi tp, zero, 0
x4 <- 0x00000000


mem[X,0x800281BC] -> 0x006F
mem[X,0x800281BE] -> 0x00C0
[4227] [M]: 0x800281BC (0x00C0006F) jal zero, 12


mem[X,0x800281C8] -> 0x1CE3
mem[X,0x800281CA] -> 0xFEB5
[4228] [M]: 0x800281C8 (0xFEB51CE3) bne a0, a1, 8184


mem[X,0x800281C0] -> 0x0213
mem[X,0x800281C2] -> 0x0012
[4229] [M]: 0x800281C0 (0x00120213) addi tp, tp, 1
x4 <- 0x00000001


mem[X,0x800281C4] -> 0x006F
mem[X,0x800281C6] -> 0x0180
[4230] [M]: 0x800281C4 (0x0180006F) jal zero, 24


mem[X,0x800281DC] -> 0xA623
mem[X,0x800281DE] -> 0x6A40
[4231] [M]: 0x800281DC (0x6A40A623) sw tp, 1708(ra)
mem[0x8003A814] <- 0x00000001


mem[X,0x800281E0] -> 0x0513
mem[X,0x800281E2] -> 0x0000
[4232] [M]: 0x800281E0 (0x00000513) addi a0, zero, 0
x10 <- 0x00000000


mem[X,0x800281E4] -> 0x0593
mem[X,0x800281E6] -> 0x0060
[4233] [M]: 0x800281E4 (0x00600593) addi a1, zero, 6
x11 <- 0x00000006


mem[X,0x800281E8] -> 0x0213
mem[X,0x800281EA] -> 0x0000
[4234] [M]: 0x800281E8 (0x00000213) addi tp, zero, 0
x4 <- 0x00000000


mem[X,0x800281EC] -> 0x006F
mem[X,0x800281EE] -> 0x00C0
[4235] [M]: 0x800281EC (0x00C0006F) jal zero, 12


mem[X,0x800281F8] -> 0x1663
mem[X,0x800281FA] -> 0x00B5
[4236] [M]: 0x800281F8 (0x00B51663) bne a0, a1, 12


mem[X,0x80028204] -> 0x0213
mem[X,0x80028206] -> 0x0032
[4237] [M]: 0x80028204 (0x00320213) addi tp, tp, 3
x4 <- 0x00000003


mem[X,0x80028208] -> 0x006F
mem[X,0x8002820A] -> 0x0040
[4238] [M]: 0x80028208 (0x0040006F) jal zero, 4


mem[X,0x8002820C] -> 0xA823
mem[X,0x8002820E] -> 0x6A40
[4239] [M]: 0x8002820C (0x6A40A823) sw tp, 1712(ra)
mem[0x8003A818] <- 0x00000003


mem[X,0x80028210] -> 0x0513
mem[X,0x80028212] -> 0x0000
[4240] [M]: 0x80028210 (0x00000513) addi a0, zero, 0
x10 <- 0x00000000


mem[X,0x80028214] -> 0x35B7
mem[X,0x80028216] -> 0x3333
[4241] [M]: 0x80028214 (0x333335B7) lui a1, 209715
x11 <- 0x33333000


mem[X,0x80028218] -> 0x8593
mem[X,0x8002821A] -> 0x3345
[4242] [M]: 0x80028218 (0x33458593) addi a1, a1, 820
x11 <- 0x33333334


mem[X,0x8002821C] -> 0x0213
mem[X,0x8002821E] -> 0x0000
[4243] [M]: 0x8002821C (0x00000213) addi tp, zero, 0
x4 <- 0x00000000


mem[X,0x80028220] -> 0x006F
mem[X,0x80028222] -> 0x00C0
[4244] [M]: 0x80028220 (0x00C0006F) jal zero, 12


mem[X,0x8002822C] -> 0x1CE3
mem[X,0x8002822E] -> 0xFEB5
[4245] [M]: 0x8002822C (0xFEB51CE3) bne a0, a1, 8184


mem[X,0x80028224] -> 0x0213
mem[X,0x80028226] -> 0x0012
[4246] [M]: 0x80028224 (0x00120213) addi tp, tp, 1
x4 <- 0x00000001


mem[X,0x80028228] -> 0x006F
mem[X,0x8002822A] -> 0x0180
[4247] [M]: 0x80028228 (0x0180006F) jal zero, 24


mem[X,0x80028240] -> 0xAA23
mem[X,0x80028242] -> 0x6A40
[4248] [M]: 0x80028240 (0x6A40AA23) sw tp, 1716(ra)
mem[0x8003A81C] <- 0x00000001


mem[X,0x80028244] -> 0x0513
mem[X,0x80028246] -> 0x0000
[4249] [M]: 0x80028244 (0x00000513) addi a0, zero, 0
x10 <- 0x00000000


mem[X,0x80028248] -> 0x65B7
mem[X,0x8002824A] -> 0x6666
[4250] [M]: 0x80028248 (0x666665B7) lui a1, 419430
x11 <- 0x66666000


mem[X,0x8002824C] -> 0x8593
mem[X,0x8002824E] -> 0x6675
[4251] [M]: 0x8002824C (0x66758593) addi a1, a1, 1639
x11 <- 0x66666667


mem[X,0x80028250] -> 0x0213
mem[X,0x80028252] -> 0x0000
[4252] [M]: 0x80028250 (0x00000213) addi tp, zero, 0
x4 <- 0x00000000


mem[X,0x80028254] -> 0x006F
mem[X,0x80028256] -> 0x2B10
[4253] [M]: 0x80028254 (0x2B10006F) jal zero, 2736


mem[X,0x80028D04] -> 0x1A63
mem[X,0x80028D06] -> 0xD4B5
[4254] [M]: 0x80028D04 (0xD4B51A63) bne a0, a1, 5460


mem[X,0x80028258] -> 0x0213
mem[X,0x8002825A] -> 0x0012
[4255] [M]: 0x80028258 (0x00120213) addi tp, tp, 1
x4 <- 0x00000001


mem[X,0x8002825C] -> 0x006F
mem[X,0x8002825E] -> 0x2BD0
[4256] [M]: 0x8002825C (0x2BD0006F) jal zero, 2748


mem[X,0x80028D18] -> 0xAC23
mem[X,0x80028D1A] -> 0x6A40
[4257] [M]: 0x80028D18 (0x6A40AC23) sw tp, 1720(ra)
mem[0x8003A820] <- 0x00000001


mem[X,0x80028D1C] -> 0x0513
mem[X,0x80028D1E] -> 0x0000
[4258] [M]: 0x80028D1C (0x00000513) addi a0, zero, 0
x10 <- 0x00000000


mem[X,0x80028D20] -> 0x55B7
mem[X,0x80028D22] -> 0xFFFF
[4259] [M]: 0x80028D20 (0xFFFF55B7) lui a1, 1048565
x11 <- 0xFFFF5000


mem[X,0x80028D24] -> 0x8593
mem[X,0x80028D26] -> 0xAFD5
[4260] [M]: 0x80028D24 (0xAFD58593) addi a1, a1, 2813
x11 <- 0xFFFF4AFD


mem[X,0x80028D28] -> 0x0213
mem[X,0x80028D2A] -> 0x0000
[4261] [M]: 0x80028D28 (0x00000213) addi tp, zero, 0
x4 <- 0x00000000


mem[X,0x80028D2C] -> 0x006F
mem[X,0x80028D2E] -> 0x00C0
[4262] [M]: 0x80028D2C (0x00C0006F) jal zero, 12


mem[X,0x80028D38] -> 0x1063
mem[X,0x80028D3A] -> 0x02B5
[4263] [M]: 0x80028D38 (0x02B51063) bne a0, a1, 32


mem[X,0x80028D58] -> 0x0213
mem[X,0x80028D5A] -> 0x0032
[4264] [M]: 0x80028D58 (0x00320213) addi tp, tp, 3
x4 <- 0x00000003


mem[X,0x80028D5C] -> 0x006F
mem[X,0x80028D5E] -> 0x0040
[4265] [M]: 0x80028D5C (0x0040006F) jal zero, 4


mem[X,0x80028D60] -> 0xAE23
mem[X,0x80028D62] -> 0x6A40
[4266] [M]: 0x80028D60 (0x6A40AE23) sw tp, 1724(ra)
mem[0x8003A824] <- 0x00000003


mem[X,0x80028D64] -> 0x0513
mem[X,0x80028D66] -> 0x0000
[4267] [M]: 0x80028D64 (0x00000513) addi a0, zero, 0
x10 <- 0x00000000


mem[X,0x80028D68] -> 0xB5B7
mem[X,0x80028D6A] -> 0x0000
[4268] [M]: 0x80028D68 (0x0000B5B7) lui a1, 11
x11 <- 0x0000B000


mem[X,0x80028D6C] -> 0x8593
mem[X,0x80028D6E] -> 0x5055
[4269] [M]: 0x80028D6C (0x50558593) addi a1, a1, 1285
x11 <- 0x0000B505


mem[X,0x80028D70] -> 0x0213
mem[X,0x80028D72] -> 0x0000
[4270] [M]: 0x80028D70 (0x00000213) addi tp, zero, 0
x4 <- 0x00000000


mem[X,0x80028D74] -> 0x006F
mem[X,0x80028D76] -> 0x0050
[4271] [M]: 0x80028D74 (0x0050006F) jal zero, 2052


mem[X,0x80029578] -> 0x10E3
mem[X,0x8002957A] -> 0x80B5
[4272] [M]: 0x80029578 (0x80B510E3) bne a0, a1, 6144


mem[X,0x80028D78] -> 0x0213
mem[X,0x80028D7A] -> 0x0012
[4273] [M]: 0x80028D78 (0x00120213) addi tp, tp, 1
x4 <- 0x00000001


mem[X,0x80028D7C] -> 0x006F
mem[X,0x80028D7E] -> 0x0110
[4274] [M]: 0x80028D7C (0x0110006F) jal zero, 2064


mem[X,0x8002958C] -> 0xA023
mem[X,0x8002958E] -> 0x6C40
[4275] [M]: 0x8002958C (0x6C40A023) sw tp, 1728(ra)
mem[0x8003A828] <- 0x00000001


mem[X,0x80029590] -> 0x0513
mem[X,0x80029592] -> 0x0040
[4276] [M]: 0x80029590 (0x00400513) addi a0, zero, 4
x10 <- 0x00000004


mem[X,0x80029594] -> 0x0593
mem[X,0x80029596] -> 0x0030
[4277] [M]: 0x80029594 (0x00300593) addi a1, zero, 3
x11 <- 0x00000003


mem[X,0x80029598] -> 0x0213
mem[X,0x8002959A] -> 0x0000
[4278] [M]: 0x80029598 (0x00000213) addi tp, zero, 0
x4 <- 0x00000000


mem[X,0x8002959C] -> 0x006F
mem[X,0x8002959E] -> 0x00C0
[4279] [M]: 0x8002959C (0x00C0006F) jal zero, 12


mem[X,0x800295A8] -> 0x1063
mem[X,0x800295AA] -> 0x04B5
[4280] [M]: 0x800295A8 (0x04B51063) bne a0, a1, 64


mem[X,0x800295E8] -> 0x0213
mem[X,0x800295EA] -> 0x0032
[4281] [M]: 0x800295E8 (0x00320213) addi tp, tp, 3
x4 <- 0x00000003


mem[X,0x800295EC] -> 0x006F
mem[X,0x800295EE] -> 0x0040
[4282] [M]: 0x800295EC (0x0040006F) jal zero, 4


mem[X,0x800295F0] -> 0xA223
mem[X,0x800295F2] -> 0x6C40
[4283] [M]: 0x800295F0 (0x6C40A223) sw tp, 1732(ra)
mem[0x8003A82C] <- 0x00000003


mem[X,0x800295F4] -> 0x0513
mem[X,0x800295F6] -> 0x0040
[4284] [M]: 0x800295F4 (0x00400513) addi a0, zero, 4
x10 <- 0x00000004


mem[X,0x800295F8] -> 0x55B7
mem[X,0x800295FA] -> 0x5555
[4285] [M]: 0x800295F8 (0x555555B7) lui a1, 349525
x11 <- 0x55555000


mem[X,0x800295FC] -> 0x8593
mem[X,0x800295FE] -> 0x5555
[4286] [M]: 0x800295FC (0x55558593) addi a1, a1, 1365
x11 <- 0x55555555


mem[X,0x80029600] -> 0x0213
mem[X,0x80029602] -> 0x0000
[4287] [M]: 0x80029600 (0x00000213) addi tp, zero, 0
x4 <- 0x00000000


mem[X,0x80029604] -> 0x006F
mem[X,0x80029606] -> 0x00C0
[4288] [M]: 0x80029604 (0x00C0006F) jal zero, 12


mem[X,0x80029610] -> 0x1063
mem[X,0x80029612] -> 0x20B5
[4289] [M]: 0x80029610 (0x20B51063) bne a0, a1, 512


mem[X,0x80029810] -> 0x0213
mem[X,0x80029812] -> 0x0032
[4290] [M]: 0x80029810 (0x00320213) addi tp, tp, 3
x4 <- 0x00000003


mem[X,0x80029814] -> 0x006F
mem[X,0x80029816] -> 0x0040
[4291] [M]: 0x80029814 (0x0040006F) jal zero, 4


mem[X,0x80029818] -> 0xA423
mem[X,0x8002981A] -> 0x6C40
[4292] [M]: 0x80029818 (0x6C40A423) sw tp, 1736(ra)
mem[0x8003A830] <- 0x00000003


mem[X,0x8002981C] -> 0x0513
mem[X,0x8002981E] -> 0x0040
[4293] [M]: 0x8002981C (0x00400513) addi a0, zero, 4
x10 <- 0x00000004


mem[X,0x80029820] -> 0xB5B7
mem[X,0x80029822] -> 0xAAAA
[4294] [M]: 0x80029820 (0xAAAAB5B7) lui a1, 699051
x11 <- 0xAAAAB000


mem[X,0x80029824] -> 0x8593
mem[X,0x80029826] -> 0xAAA5
[4295] [M]: 0x80029824 (0xAAA58593) addi a1, a1, 2730
x11 <- 0xAAAAAAAA


mem[X,0x80029828] -> 0x0213
mem[X,0x8002982A] -> 0x0000
[4296] [M]: 0x80029828 (0x00000213) addi tp, zero, 0
x4 <- 0x00000000


mem[X,0x8002982C] -> 0x006F
mem[X,0x8002982E] -> 0x00C0
[4297] [M]: 0x8002982C (0x00C0006F) jal zero, 12


mem[X,0x80029838] -> 0x1063
mem[X,0x8002983A] -> 0x20B5
[4298] [M]: 0x80029838 (0x20B51063) bne a0, a1, 512


mem[X,0x80029A38] -> 0x0213
mem[X,0x80029A3A] -> 0x0032
[4299] [M]: 0x80029A38 (0x00320213) addi tp, tp, 3
x4 <- 0x00000003


clint::tick mtime <- 0x000000000000002B
 clint timer pending at mtime 0x000000000000002B
htif::tick 0x0000000000000000
mem[X,0x80029A3C] -> 0x006F
mem[X,0x80029A3E] -> 0x0040
[4300] [M]: 0x80029A3C (0x0040006F) jal zero, 4


mem[X,0x80029A40] -> 0xA623
mem[X,0x80029A42] -> 0x6C40
[4301] [M]: 0x80029A40 (0x6C40A623) sw tp, 1740(ra)
mem[0x8003A834] <- 0x00000003


mem[X,0x80029A44] -> 0x0513
mem[X,0x80029A46] -> 0x0040
[4302] [M]: 0x80029A44 (0x00400513) addi a0, zero, 4
x10 <- 0x00000004


mem[X,0x80029A48] -> 0x0593
mem[X,0x80029A4A] -> 0x0050
[4303] [M]: 0x80029A48 (0x00500593) addi a1, zero, 5
x11 <- 0x00000005


mem[X,0x80029A4C] -> 0x0213
mem[X,0x80029A4E] -> 0x0000
[4304] [M]: 0x80029A4C (0x00000213) addi tp, zero, 0
x4 <- 0x00000000


mem[X,0x80029A50] -> 0x006F
mem[X,0x80029A52] -> 0x00C0
[4305] [M]: 0x80029A50 (0x00C0006F) jal zero, 12


mem[X,0x80029A5C] -> 0x1063
mem[X,0x80029A5E] -> 0x02B5
[4306] [M]: 0x80029A5C (0x02B51063) bne a0, a1, 32


mem[X,0x80029A7C] -> 0x0213
mem[X,0x80029A7E] -> 0x0032
[4307] [M]: 0x80029A7C (0x00320213) addi tp, tp, 3
x4 <- 0x00000003


mem[X,0x80029A80] -> 0x006F
mem[X,0x80029A82] -> 0x0040
[4308] [M]: 0x80029A80 (0x0040006F) jal zero, 4


mem[X,0x80029A84] -> 0xA823
mem[X,0x80029A86] -> 0x6C40
[4309] [M]: 0x80029A84 (0x6C40A823) sw tp, 1744(ra)
mem[0x8003A838] <- 0x00000003


mem[X,0x80029A88] -> 0x0513
mem[X,0x80029A8A] -> 0x0040
[4310] [M]: 0x80029A88 (0x00400513) addi a0, zero, 4
x10 <- 0x00000004


mem[X,0x80029A8C] -> 0x35B7
mem[X,0x80029A8E] -> 0x3333
[4311] [M]: 0x80029A8C (0x333335B7) lui a1, 209715
x11 <- 0x33333000


mem[X,0x80029A90] -> 0x8593
mem[X,0x80029A92] -> 0x3335
[4312] [M]: 0x80029A90 (0x33358593) addi a1, a1, 819
x11 <- 0x33333333


mem[X,0x80029A94] -> 0x0213
mem[X,0x80029A96] -> 0x0000
[4313] [M]: 0x80029A94 (0x00000213) addi tp, zero, 0
x4 <- 0x00000000


mem[X,0x80029A98] -> 0x006F
mem[X,0x80029A9A] -> 0x00C0
[4314] [M]: 0x80029A98 (0x00C0006F) jal zero, 12


mem[X,0x80029AA4] -> 0x1CE3
mem[X,0x80029AA6] -> 0xFEB5
[4315] [M]: 0x80029AA4 (0xFEB51CE3) bne a0, a1, 8184


mem[X,0x80029A9C] -> 0x0213
mem[X,0x80029A9E] -> 0x0012
[4316] [M]: 0x80029A9C (0x00120213) addi tp, tp, 1
x4 <- 0x00000001


mem[X,0x80029AA0] -> 0x006F
mem[X,0x80029AA2] -> 0x0180
[4317] [M]: 0x80029AA0 (0x0180006F) jal zero, 24


mem[X,0x80029AB8] -> 0xAA23
mem[X,0x80029ABA] -> 0x6C40
[4318] [M]: 0x80029AB8 (0x6C40AA23) sw tp, 1748(ra)
mem[0x8003A83C] <- 0x00000001


mem[X,0x80029ABC] -> 0x0513
mem[X,0x80029ABE] -> 0x0040
[4319] [M]: 0x80029ABC (0x00400513) addi a0, zero, 4
x10 <- 0x00000004


mem[X,0x80029AC0] -> 0x65B7
mem[X,0x80029AC2] -> 0x6666
[4320] [M]: 0x80029AC0 (0x666665B7) lui a1, 419430
x11 <- 0x66666000


mem[X,0x80029AC4] -> 0x8593
mem[X,0x80029AC6] -> 0x6665
[4321] [M]: 0x80029AC4 (0x66658593) addi a1, a1, 1638
x11 <- 0x66666666


mem[X,0x80029AC8] -> 0x0213
mem[X,0x80029ACA] -> 0x0000
[4322] [M]: 0x80029AC8 (0x00000213) addi tp, zero, 0
x4 <- 0x00000000


mem[X,0x80029ACC] -> 0x006F
mem[X,0x80029ACE] -> 0x00C0
[4323] [M]: 0x80029ACC (0x00C0006F) jal zero, 12


mem[X,0x80029AD8] -> 0x1663
mem[X,0x80029ADA] -> 0x00B5
[4324] [M]: 0x80029AD8 (0x00B51663) bne a0, a1, 12


mem[X,0x80029AE4] -> 0x0213
mem[X,0x80029AE6] -> 0x0032
[4325] [M]: 0x80029AE4 (0x00320213) addi tp, tp, 3
x4 <- 0x00000003


mem[X,0x80029AE8] -> 0x006F
mem[X,0x80029AEA] -> 0x0040
[4326] [M]: 0x80029AE8 (0x0040006F) jal zero, 4


mem[X,0x80029AEC] -> 0xAC23
mem[X,0x80029AEE] -> 0x6C40
[4327] [M]: 0x80029AEC (0x6C40AC23) sw tp, 1752(ra)
mem[0x8003A840] <- 0x00000003


mem[X,0x80029AF0] -> 0x0513
mem[X,0x80029AF2] -> 0x0040
[4328] [M]: 0x80029AF0 (0x00400513) addi a0, zero, 4
x10 <- 0x00000004


mem[X,0x80029AF4] -> 0x55B7
mem[X,0x80029AF6] -> 0xFFFF
[4329] [M]: 0x80029AF4 (0xFFFF55B7) lui a1, 1048565
x11 <- 0xFFFF5000


mem[X,0x80029AF8] -> 0x8593
mem[X,0x80029AFA] -> 0xAFC5
[4330] [M]: 0x80029AF8 (0xAFC58593) addi a1, a1, 2812
x11 <- 0xFFFF4AFC


mem[X,0x80029AFC] -> 0x0213
mem[X,0x80029AFE] -> 0x0000
[4331] [M]: 0x80029AFC (0x00000213) addi tp, zero, 0
x4 <- 0x00000000


mem[X,0x80029B00] -> 0x006F
mem[X,0x80029B02] -> 0x0180
[4332] [M]: 0x80029B00 (0x0180006F) jal zero, 24


mem[X,0x80029B18] -> 0x16E3
mem[X,0x80029B1A] -> 0xFEB5
[4333] [M]: 0x80029B18 (0xFEB516E3) bne a0, a1, 8172


mem[X,0x80029B04] -> 0x0213
mem[X,0x80029B06] -> 0x0012
[4334] [M]: 0x80029B04 (0x00120213) addi tp, tp, 1
x4 <- 0x00000001


mem[X,0x80029B08] -> 0x006F
mem[X,0x80029B0A] -> 0x0240
[4335] [M]: 0x80029B08 (0x0240006F) jal zero, 36


mem[X,0x80029B2C] -> 0xAE23
mem[X,0x80029B2E] -> 0x6C40
[4336] [M]: 0x80029B2C (0x6C40AE23) sw tp, 1756(ra)
mem[0x8003A844] <- 0x00000001


mem[X,0x80029B30] -> 0x0513
mem[X,0x80029B32] -> 0x0040
[4337] [M]: 0x80029B30 (0x00400513) addi a0, zero, 4
x10 <- 0x00000004


mem[X,0x80029B34] -> 0xB5B7
mem[X,0x80029B36] -> 0x0000
[4338] [M]: 0x80029B34 (0x0000B5B7) lui a1, 11
x11 <- 0x0000B000


mem[X,0x80029B38] -> 0x8593
mem[X,0x80029B3A] -> 0x5045
[4339] [M]: 0x80029B38 (0x50458593) addi a1, a1, 1284
x11 <- 0x0000B504


mem[X,0x80029B3C] -> 0x0213
mem[X,0x80029B3E] -> 0x0000
[4340] [M]: 0x80029B3C (0x00000213) addi tp, zero, 0
x4 <- 0x00000000


mem[X,0x80029B40] -> 0x006F
mem[X,0x80029B42] -> 0x00C0
[4341] [M]: 0x80029B40 (0x00C0006F) jal zero, 12


mem[X,0x80029B4C] -> 0x1063
mem[X,0x80029B4E] -> 0x02B5
[4342] [M]: 0x80029B4C (0x02B51063) bne a0, a1, 32


mem[X,0x80029B6C] -> 0x0213
mem[X,0x80029B6E] -> 0x0032
[4343] [M]: 0x80029B6C (0x00320213) addi tp, tp, 3
x4 <- 0x00000003


mem[X,0x80029B70] -> 0x006F
mem[X,0x80029B72] -> 0x0040
[4344] [M]: 0x80029B70 (0x0040006F) jal zero, 4


mem[X,0x80029B74] -> 0xA023
mem[X,0x80029B76] -> 0x6E40
[4345] [M]: 0x80029B74 (0x6E40A023) sw tp, 1760(ra)
mem[0x8003A848] <- 0x00000003


mem[X,0x80029B78] -> 0x0513
mem[X,0x80029B7A] -> 0x0040
[4346] [M]: 0x80029B78 (0x00400513) addi a0, zero, 4
x10 <- 0x00000004


mem[X,0x80029B7C] -> 0x0593
mem[X,0x80029B7E] -> 0x0020
[4347] [M]: 0x80029B7C (0x00200593) addi a1, zero, 2
x11 <- 0x00000002


mem[X,0x80029B80] -> 0x0213
mem[X,0x80029B82] -> 0x0000
[4348] [M]: 0x80029B80 (0x00000213) addi tp, zero, 0
x4 <- 0x00000000


mem[X,0x80029B84] -> 0x006F
mem[X,0x80029B86] -> 0x2B10
[4349] [M]: 0x80029B84 (0x2B10006F) jal zero, 2736


mem[X,0x8002A634] -> 0x1A63
mem[X,0x8002A636] -> 0xD4B5
[4350] [M]: 0x8002A634 (0xD4B51A63) bne a0, a1, 5460


mem[X,0x80029B88] -> 0x0213
mem[X,0x80029B8A] -> 0x0012
[4351] [M]: 0x80029B88 (0x00120213) addi tp, tp, 1
x4 <- 0x00000001


mem[X,0x80029B8C] -> 0x006F
mem[X,0x80029B8E] -> 0x2BD0
[4352] [M]: 0x80029B8C (0x2BD0006F) jal zero, 2748


mem[X,0x8002A648] -> 0xA223
mem[X,0x8002A64A] -> 0x6E40
[4353] [M]: 0x8002A648 (0x6E40A223) sw tp, 1764(ra)
mem[0x8003A84C] <- 0x00000001


mem[X,0x8002A64C] -> 0x0513
mem[X,0x8002A64E] -> 0x0040
[4354] [M]: 0x8002A64C (0x00400513) addi a0, zero, 4
x10 <- 0x00000004


mem[X,0x8002A650] -> 0x55B7
mem[X,0x8002A652] -> 0x5555
[4355] [M]: 0x8002A650 (0x555555B7) lui a1, 349525
x11 <- 0x55555000


mem[X,0x8002A654] -> 0x8593
mem[X,0x8002A656] -> 0x5545
[4356] [M]: 0x8002A654 (0x55458593) addi a1, a1, 1364
x11 <- 0x55555554


mem[X,0x8002A658] -> 0x0213
mem[X,0x8002A65A] -> 0x0000
[4357] [M]: 0x8002A658 (0x00000213) addi tp, zero, 0
x4 <- 0x00000000


mem[X,0x8002A65C] -> 0x006F
mem[X,0x8002A65E] -> 0x00C0
[4358] [M]: 0x8002A65C (0x00C0006F) jal zero, 12


mem[X,0x8002A668] -> 0x1663
mem[X,0x8002A66A] -> 0x00B5
[4359] [M]: 0x8002A668 (0x00B51663) bne a0, a1, 12


mem[X,0x8002A674] -> 0x0213
mem[X,0x8002A676] -> 0x0032
[4360] [M]: 0x8002A674 (0x00320213) addi tp, tp, 3
x4 <- 0x00000003


mem[X,0x8002A678] -> 0x006F
mem[X,0x8002A67A] -> 0x0040
[4361] [M]: 0x8002A678 (0x0040006F) jal zero, 4


mem[X,0x8002A67C] -> 0xA423
mem[X,0x8002A67E] -> 0x6E40
[4362] [M]: 0x8002A67C (0x6E40A423) sw tp, 1768(ra)
mem[0x8003A850] <- 0x00000003


mem[X,0x8002A680] -> 0x0513
mem[X,0x8002A682] -> 0x0040
[4363] [M]: 0x8002A680 (0x00400513) addi a0, zero, 4
x10 <- 0x00000004


mem[X,0x8002A684] -> 0x0593
mem[X,0x8002A686] -> 0x0000
[4364] [M]: 0x8002A684 (0x00000593) addi a1, zero, 0
x11 <- 0x00000000


mem[X,0x8002A688] -> 0x0213
mem[X,0x8002A68A] -> 0x0000
[4365] [M]: 0x8002A688 (0x00000213) addi tp, zero, 0
x4 <- 0x00000000


mem[X,0x8002A68C] -> 0x006F
mem[X,0x8002A68E] -> 0x00C0
[4366] [M]: 0x8002A68C (0x00C0006F) jal zero, 12


mem[X,0x8002A698] -> 0x1CE3
mem[X,0x8002A69A] -> 0xFEB5
[4367] [M]: 0x8002A698 (0xFEB51CE3) bne a0, a1, 8184


mem[X,0x8002A690] -> 0x0213
mem[X,0x8002A692] -> 0x0012
[4368] [M]: 0x8002A690 (0x00120213) addi tp, tp, 1
x4 <- 0x00000001


mem[X,0x8002A694] -> 0x006F
mem[X,0x8002A696] -> 0x0180
[4369] [M]: 0x8002A694 (0x0180006F) jal zero, 24


mem[X,0x8002A6AC] -> 0xA623
mem[X,0x8002A6AE] -> 0x6E40
[4370] [M]: 0x8002A6AC (0x6E40A623) sw tp, 1772(ra)
mem[0x8003A854] <- 0x00000001


mem[X,0x8002A6B0] -> 0x0513
mem[X,0x8002A6B2] -> 0x0040
[4371] [M]: 0x8002A6B0 (0x00400513) addi a0, zero, 4
x10 <- 0x00000004


mem[X,0x8002A6B4] -> 0x0593
mem[X,0x8002A6B6] -> 0x0040
[4372] [M]: 0x8002A6B4 (0x00400593) addi a1, zero, 4
x11 <- 0x00000004


mem[X,0x8002A6B8] -> 0x0213
mem[X,0x8002A6BA] -> 0x0000
[4373] [M]: 0x8002A6B8 (0x00000213) addi tp, zero, 0
x4 <- 0x00000000


mem[X,0x8002A6BC] -> 0x006F
mem[X,0x8002A6BE] -> 0x0140
[4374] [M]: 0x8002A6BC (0x0140006F) jal zero, 20


mem[X,0x8002A6D0] -> 0x18E3
mem[X,0x8002A6D2] -> 0xFEB5
[4375] [M]: 0x8002A6D0 (0xFEB518E3) bne a0, a1, 8176


mem[X,0x8002A6D4] -> 0x0213
mem[X,0x8002A6D6] -> 0x0022
[4376] [M]: 0x8002A6D4 (0x00220213) addi tp, tp, 2
x4 <- 0x00000002


mem[X,0x8002A6D8] -> 0x006F
mem[X,0x8002A6DA] -> 0x00C0
[4377] [M]: 0x8002A6D8 (0x00C0006F) jal zero, 12


mem[X,0x8002A6E4] -> 0xA823
mem[X,0x8002A6E6] -> 0x6E40
[4378] [M]: 0x8002A6E4 (0x6E40A823) sw tp, 1776(ra)
mem[0x8003A858] <- 0x00000002


mem[X,0x8002A6E8] -> 0x0513
mem[X,0x8002A6EA] -> 0x0040
[4379] [M]: 0x8002A6E8 (0x00400513) addi a0, zero, 4
x10 <- 0x00000004


mem[X,0x8002A6EC] -> 0x35B7
mem[X,0x8002A6EE] -> 0x3333
[4380] [M]: 0x8002A6EC (0x333335B7) lui a1, 209715
x11 <- 0x33333000


mem[X,0x8002A6F0] -> 0x8593
mem[X,0x8002A6F2] -> 0x3325
[4381] [M]: 0x8002A6F0 (0x33258593) addi a1, a1, 818
x11 <- 0x33333332


mem[X,0x8002A6F4] -> 0x0213
mem[X,0x8002A6F6] -> 0x0000
[4382] [M]: 0x8002A6F4 (0x00000213) addi tp, zero, 0
x4 <- 0x00000000


mem[X,0x8002A6F8] -> 0x006F
mem[X,0x8002A6FA] -> 0x0100
[4383] [M]: 0x8002A6F8 (0x0100006F) jal zero, 16


mem[X,0x8002A708] -> 0x1AE3
mem[X,0x8002A70A] -> 0xFEB5
[4384] [M]: 0x8002A708 (0xFEB51AE3) bne a0, a1, 8180


mem[X,0x8002A6FC] -> 0x0213
mem[X,0x8002A6FE] -> 0x0012
[4385] [M]: 0x8002A6FC (0x00120213) addi tp, tp, 1
x4 <- 0x00000001


mem[X,0x8002A700] -> 0x006F
mem[X,0x8002A702] -> 0x01C0
[4386] [M]: 0x8002A700 (0x01C0006F) jal zero, 28


mem[X,0x8002A71C] -> 0xAA23
mem[X,0x8002A71E] -> 0x6E40
[4387] [M]: 0x8002A71C (0x6E40AA23) sw tp, 1780(ra)
mem[0x8003A85C] <- 0x00000001


mem[X,0x8002A720] -> 0x0513
mem[X,0x8002A722] -> 0x0040
[4388] [M]: 0x8002A720 (0x00400513) addi a0, zero, 4
x10 <- 0x00000004


mem[X,0x8002A724] -> 0x65B7
mem[X,0x8002A726] -> 0x6666
[4389] [M]: 0x8002A724 (0x666665B7) lui a1, 419430
x11 <- 0x66666000


mem[X,0x8002A728] -> 0x8593
mem[X,0x8002A72A] -> 0x6655
[4390] [M]: 0x8002A728 (0x66558593) addi a1, a1, 1637
x11 <- 0x66666665


mem[X,0x8002A72C] -> 0x0213
mem[X,0x8002A72E] -> 0x0000
[4391] [M]: 0x8002A72C (0x00000213) addi tp, zero, 0
x4 <- 0x00000000


mem[X,0x8002A730] -> 0x006F
mem[X,0x8002A732] -> 0x00C0
[4392] [M]: 0x8002A730 (0x00C0006F) jal zero, 12


mem[X,0x8002A73C] -> 0x1CE3
mem[X,0x8002A73E] -> 0xFEB5
[4393] [M]: 0x8002A73C (0xFEB51CE3) bne a0, a1, 8184


mem[X,0x8002A734] -> 0x0213
mem[X,0x8002A736] -> 0x0012
[4394] [M]: 0x8002A734 (0x00120213) addi tp, tp, 1
x4 <- 0x00000001


mem[X,0x8002A738] -> 0x006F
mem[X,0x8002A73A] -> 0x0180
[4395] [M]: 0x8002A738 (0x0180006F) jal zero, 24


mem[X,0x8002A750] -> 0xAC23
mem[X,0x8002A752] -> 0x6E40
[4396] [M]: 0x8002A750 (0x6E40AC23) sw tp, 1784(ra)
mem[0x8003A860] <- 0x00000001


mem[X,0x8002A754] -> 0x0513
mem[X,0x8002A756] -> 0x0040
[4397] [M]: 0x8002A754 (0x00400513) addi a0, zero, 4
x10 <- 0x00000004


mem[X,0x8002A758] -> 0xB5B7
mem[X,0x8002A75A] -> 0x0000
[4398] [M]: 0x8002A758 (0x0000B5B7) lui a1, 11
x11 <- 0x0000B000


mem[X,0x8002A75C] -> 0x8593
mem[X,0x8002A75E] -> 0x5035
[4399] [M]: 0x8002A75C (0x50358593) addi a1, a1, 1283
x11 <- 0x0000B503


clint::tick mtime <- 0x000000000000002C
 clint timer pending at mtime 0x000000000000002C
htif::tick 0x0000000000000000
mem[X,0x8002A760] -> 0x0213
mem[X,0x8002A762] -> 0x0000
[4400] [M]: 0x8002A760 (0x00000213) addi tp, zero, 0
x4 <- 0x00000000


mem[X,0x8002A764] -> 0x006F
mem[X,0x8002A766] -> 0x00C0
[4401] [M]: 0x8002A764 (0x00C0006F) jal zero, 12


mem[X,0x8002A770] -> 0x1063
mem[X,0x8002A772] -> 0x04B5
[4402] [M]: 0x8002A770 (0x04B51063) bne a0, a1, 64


mem[X,0x8002A7B0] -> 0x0213
mem[X,0x8002A7B2] -> 0x0032
[4403] [M]: 0x8002A7B0 (0x00320213) addi tp, tp, 3
x4 <- 0x00000003


mem[X,0x8002A7B4] -> 0x006F
mem[X,0x8002A7B6] -> 0x0040
[4404] [M]: 0x8002A7B4 (0x0040006F) jal zero, 4


mem[X,0x8002A7B8] -> 0xAE23
mem[X,0x8002A7BA] -> 0x6E40
[4405] [M]: 0x8002A7B8 (0x6E40AE23) sw tp, 1788(ra)
mem[0x8003A864] <- 0x00000003


mem[X,0x8002A7BC] -> 0x0513
mem[X,0x8002A7BE] -> 0x0040
[4406] [M]: 0x8002A7BC (0x00400513) addi a0, zero, 4
x10 <- 0x00000004


mem[X,0x8002A7C0] -> 0x55B7
mem[X,0x8002A7C2] -> 0x5555
[4407] [M]: 0x8002A7C0 (0x555555B7) lui a1, 349525
x11 <- 0x55555000


mem[X,0x8002A7C4] -> 0x8593
mem[X,0x8002A7C6] -> 0x5565
[4408] [M]: 0x8002A7C4 (0x55658593) addi a1, a1, 1366
x11 <- 0x55555556


mem[X,0x8002A7C8] -> 0x0213
mem[X,0x8002A7CA] -> 0x0000
[4409] [M]: 0x8002A7C8 (0x00000213) addi tp, zero, 0
x4 <- 0x00000000


mem[X,0x8002A7CC] -> 0x006F
mem[X,0x8002A7CE] -> 0x00C0
[4410] [M]: 0x8002A7CC (0x00C0006F) jal zero, 12


mem[X,0x8002A7D8] -> 0x1CE3
mem[X,0x8002A7DA] -> 0xFEB5
[4411] [M]: 0x8002A7D8 (0xFEB51CE3) bne a0, a1, 8184


mem[X,0x8002A7D0] -> 0x0213
mem[X,0x8002A7D2] -> 0x0012
[4412] [M]: 0x8002A7D0 (0x00120213) addi tp, tp, 1
x4 <- 0x00000001


mem[X,0x8002A7D4] -> 0x006F
mem[X,0x8002A7D6] -> 0x0180
[4413] [M]: 0x8002A7D4 (0x0180006F) jal zero, 24


mem[X,0x8002A7EC] -> 0xA023
mem[X,0x8002A7EE] -> 0x7040
[4414] [M]: 0x8002A7EC (0x7040A023) sw tp, 1792(ra)
mem[0x8003A868] <- 0x00000001


mem[X,0x8002A7F0] -> 0x0513
mem[X,0x8002A7F2] -> 0x0040
[4415] [M]: 0x8002A7F0 (0x00400513) addi a0, zero, 4
x10 <- 0x00000004


mem[X,0x8002A7F4] -> 0xB5B7
mem[X,0x8002A7F6] -> 0xAAAA
[4416] [M]: 0x8002A7F4 (0xAAAAB5B7) lui a1, 699051
x11 <- 0xAAAAB000


mem[X,0x8002A7F8] -> 0x8593
mem[X,0x8002A7FA] -> 0xAAB5
[4417] [M]: 0x8002A7F8 (0xAAB58593) addi a1, a1, 2731
x11 <- 0xAAAAAAAB


mem[X,0x8002A7FC] -> 0x0213
mem[X,0x8002A7FE] -> 0x0000
[4418] [M]: 0x8002A7FC (0x00000213) addi tp, zero, 0
x4 <- 0x00000000


mem[X,0x8002A800] -> 0x006F
mem[X,0x8002A802] -> 0x0100
[4419] [M]: 0x8002A800 (0x0100006F) jal zero, 16


mem[X,0x8002A810] -> 0x1AE3
mem[X,0x8002A812] -> 0xFEB5
[4420] [M]: 0x8002A810 (0xFEB51AE3) bne a0, a1, 8180


mem[X,0x8002A804] -> 0x0213
mem[X,0x8002A806] -> 0x0012
[4421] [M]: 0x8002A804 (0x00120213) addi tp, tp, 1
x4 <- 0x00000001


mem[X,0x8002A808] -> 0x006F
mem[X,0x8002A80A] -> 0x01C0
[4422] [M]: 0x8002A808 (0x01C0006F) jal zero, 28


mem[X,0x8002A824] -> 0xA223
mem[X,0x8002A826] -> 0x7040
[4423] [M]: 0x8002A824 (0x7040A223) sw tp, 1796(ra)
mem[0x8003A86C] <- 0x00000001


mem[X,0x8002A828] -> 0x0513
mem[X,0x8002A82A] -> 0x0040
[4424] [M]: 0x8002A828 (0x00400513) addi a0, zero, 4
x10 <- 0x00000004


mem[X,0x8002A82C] -> 0x0593
mem[X,0x8002A82E] -> 0x0060
[4425] [M]: 0x8002A82C (0x00600593) addi a1, zero, 6
x11 <- 0x00000006


mem[X,0x8002A830] -> 0x0213
mem[X,0x8002A832] -> 0x0000
[4426] [M]: 0x8002A830 (0x00000213) addi tp, zero, 0
x4 <- 0x00000000


mem[X,0x8002A834] -> 0x006F
mem[X,0x8002A836] -> 0x00C0
[4427] [M]: 0x8002A834 (0x00C0006F) jal zero, 12


mem[X,0x8002A840] -> 0x1663
mem[X,0x8002A842] -> 0x00B5
[4428] [M]: 0x8002A840 (0x00B51663) bne a0, a1, 12


mem[X,0x8002A84C] -> 0x0213
mem[X,0x8002A84E] -> 0x0032
[4429] [M]: 0x8002A84C (0x00320213) addi tp, tp, 3
x4 <- 0x00000003


mem[X,0x8002A850] -> 0x006F
mem[X,0x8002A852] -> 0x0040
[4430] [M]: 0x8002A850 (0x0040006F) jal zero, 4


mem[X,0x8002A854] -> 0xA423
mem[X,0x8002A856] -> 0x7040
[4431] [M]: 0x8002A854 (0x7040A423) sw tp, 1800(ra)
mem[0x8003A870] <- 0x00000003


mem[X,0x8002A858] -> 0x0513
mem[X,0x8002A85A] -> 0x0040
[4432] [M]: 0x8002A858 (0x00400513) addi a0, zero, 4
x10 <- 0x00000004


mem[X,0x8002A85C] -> 0x35B7
mem[X,0x8002A85E] -> 0x3333
[4433] [M]: 0x8002A85C (0x333335B7) lui a1, 209715
x11 <- 0x33333000


mem[X,0x8002A860] -> 0x8593
mem[X,0x8002A862] -> 0x3345
[4434] [M]: 0x8002A860 (0x33458593) addi a1, a1, 820
x11 <- 0x33333334


mem[X,0x8002A864] -> 0x0213
mem[X,0x8002A866] -> 0x0000
[4435] [M]: 0x8002A864 (0x00000213) addi tp, zero, 0
x4 <- 0x00000000


mem[X,0x8002A868] -> 0x006F
mem[X,0x8002A86A] -> 0x00C0
[4436] [M]: 0x8002A868 (0x00C0006F) jal zero, 12


mem[X,0x8002A874] -> 0x1663
mem[X,0x8002A876] -> 0x00B5
[4437] [M]: 0x8002A874 (0x00B51663) bne a0, a1, 12


mem[X,0x8002A880] -> 0x0213
mem[X,0x8002A882] -> 0x0032
[4438] [M]: 0x8002A880 (0x00320213) addi tp, tp, 3
x4 <- 0x00000003


mem[X,0x8002A884] -> 0x006F
mem[X,0x8002A886] -> 0x0040
[4439] [M]: 0x8002A884 (0x0040006F) jal zero, 4


mem[X,0x8002A888] -> 0xA623
mem[X,0x8002A88A] -> 0x7040
[4440] [M]: 0x8002A888 (0x7040A623) sw tp, 1804(ra)
mem[0x8003A874] <- 0x00000003


mem[X,0x8002A88C] -> 0x0513
mem[X,0x8002A88E] -> 0x0040
[4441] [M]: 0x8002A88C (0x00400513) addi a0, zero, 4
x10 <- 0x00000004


mem[X,0x8002A890] -> 0x65B7
mem[X,0x8002A892] -> 0x6666
[4442] [M]: 0x8002A890 (0x666665B7) lui a1, 419430
x11 <- 0x66666000


mem[X,0x8002A894] -> 0x8593
mem[X,0x8002A896] -> 0x6675
[4443] [M]: 0x8002A894 (0x66758593) addi a1, a1, 1639
x11 <- 0x66666667


mem[X,0x8002A898] -> 0x0213
mem[X,0x8002A89A] -> 0x0000
[4444] [M]: 0x8002A898 (0x00000213) addi tp, zero, 0
x4 <- 0x00000000


mem[X,0x8002A89C] -> 0x006F
mem[X,0x8002A89E] -> 0x00C0
[4445] [M]: 0x8002A89C (0x00C0006F) jal zero, 12


mem[X,0x8002A8A8] -> 0x1063
mem[X,0x8002A8AA] -> 0x08B5
[4446] [M]: 0x8002A8A8 (0x08B51063) bne a0, a1, 128


mem[X,0x8002A928] -> 0x0213
mem[X,0x8002A92A] -> 0x0032
[4447] [M]: 0x8002A928 (0x00320213) addi tp, tp, 3
x4 <- 0x00000003


mem[X,0x8002A92C] -> 0x006F
mem[X,0x8002A92E] -> 0x0040
[4448] [M]: 0x8002A92C (0x0040006F) jal zero, 4


mem[X,0x8002A930] -> 0xA823
mem[X,0x8002A932] -> 0x7040
[4449] [M]: 0x8002A930 (0x7040A823) sw tp, 1808(ra)
mem[0x8003A878] <- 0x00000003


mem[X,0x8002A934] -> 0x0513
mem[X,0x8002A936] -> 0x0040
[4450] [M]: 0x8002A934 (0x00400513) addi a0, zero, 4
x10 <- 0x00000004


mem[X,0x8002A938] -> 0x55B7
mem[X,0x8002A93A] -> 0xFFFF
[4451] [M]: 0x8002A938 (0xFFFF55B7) lui a1, 1048565
x11 <- 0xFFFF5000


mem[X,0x8002A93C] -> 0x8593
mem[X,0x8002A93E] -> 0xAFD5
[4452] [M]: 0x8002A93C (0xAFD58593) addi a1, a1, 2813
x11 <- 0xFFFF4AFD


mem[X,0x8002A940] -> 0x0213
mem[X,0x8002A942] -> 0x0000
[4453] [M]: 0x8002A940 (0x00000213) addi tp, zero, 0
x4 <- 0x00000000


mem[X,0x8002A944] -> 0x006F
mem[X,0x8002A946] -> 0x0050
[4454] [M]: 0x8002A944 (0x0050006F) jal zero, 2052


mem[X,0x8002B148] -> 0x10E3
mem[X,0x8002B14A] -> 0x80B5
[4455] [M]: 0x8002B148 (0x80B510E3) bne a0, a1, 6144


mem[X,0x8002A948] -> 0x0213
mem[X,0x8002A94A] -> 0x0012
[4456] [M]: 0x8002A948 (0x00120213) addi tp, tp, 1
x4 <- 0x00000001


mem[X,0x8002A94C] -> 0x006F
mem[X,0x8002A94E] -> 0x0110
[4457] [M]: 0x8002A94C (0x0110006F) jal zero, 2064


mem[X,0x8002B15C] -> 0xAA23
mem[X,0x8002B15E] -> 0x7040
[4458] [M]: 0x8002B15C (0x7040AA23) sw tp, 1812(ra)
mem[0x8003A87C] <- 0x00000001


mem[X,0x8002B160] -> 0x0513
mem[X,0x8002B162] -> 0x0040
[4459] [M]: 0x8002B160 (0x00400513) addi a0, zero, 4
x10 <- 0x00000004


mem[X,0x8002B164] -> 0xB5B7
mem[X,0x8002B166] -> 0x0000
[4460] [M]: 0x8002B164 (0x0000B5B7) lui a1, 11
x11 <- 0x0000B000


mem[X,0x8002B168] -> 0x8593
mem[X,0x8002B16A] -> 0x5055
[4461] [M]: 0x8002B168 (0x50558593) addi a1, a1, 1285
x11 <- 0x0000B505


mem[X,0x8002B16C] -> 0x0213
mem[X,0x8002B16E] -> 0x0000
[4462] [M]: 0x8002B16C (0x00000213) addi tp, zero, 0
x4 <- 0x00000000


mem[X,0x8002B170] -> 0x006F
mem[X,0x8002B172] -> 0x0100
[4463] [M]: 0x8002B170 (0x0100006F) jal zero, 16


mem[X,0x8002B180] -> 0x1AE3
mem[X,0x8002B182] -> 0xFEB5
[4464] [M]: 0x8002B180 (0xFEB51AE3) bne a0, a1, 8180


mem[X,0x8002B174] -> 0x0213
mem[X,0x8002B176] -> 0x0012
[4465] [M]: 0x8002B174 (0x00120213) addi tp, tp, 1
x4 <- 0x00000001


mem[X,0x8002B178] -> 0x006F
mem[X,0x8002B17A] -> 0x01C0
[4466] [M]: 0x8002B178 (0x01C0006F) jal zero, 28


mem[X,0x8002B194] -> 0xAC23
mem[X,0x8002B196] -> 0x7040
[4467] [M]: 0x8002B194 (0x7040AC23) sw tp, 1816(ra)
mem[0x8003A880] <- 0x00000001


mem[X,0x8002B198] -> 0x3537
mem[X,0x8002B19A] -> 0x3333
[4468] [M]: 0x8002B198 (0x33333537) lui a0, 209715
x10 <- 0x33333000


mem[X,0x8002B19C] -> 0x0513
mem[X,0x8002B19E] -> 0x3325
[4469] [M]: 0x8002B19C (0x33250513) addi a0, a0, 818
x10 <- 0x33333332


mem[X,0x8002B1A0] -> 0x0593
mem[X,0x8002B1A2] -> 0x0030
[4470] [M]: 0x8002B1A0 (0x00300593) addi a1, zero, 3
x11 <- 0x00000003


mem[X,0x8002B1A4] -> 0x0213
mem[X,0x8002B1A6] -> 0x0000
[4471] [M]: 0x8002B1A4 (0x00000213) addi tp, zero, 0
x4 <- 0x00000000


mem[X,0x8002B1A8] -> 0x006F
mem[X,0x8002B1AA] -> 0x00C0
[4472] [M]: 0x8002B1A8 (0x00C0006F) jal zero, 12


mem[X,0x8002B1B4] -> 0x1663
mem[X,0x8002B1B6] -> 0x00B5
[4473] [M]: 0x8002B1B4 (0x00B51663) bne a0, a1, 12


mem[X,0x8002B1C0] -> 0x0213
mem[X,0x8002B1C2] -> 0x0032
[4474] [M]: 0x8002B1C0 (0x00320213) addi tp, tp, 3
x4 <- 0x00000003


mem[X,0x8002B1C4] -> 0x006F
mem[X,0x8002B1C6] -> 0x0040
[4475] [M]: 0x8002B1C4 (0x0040006F) jal zero, 4


mem[X,0x8002B1C8] -> 0xAE23
mem[X,0x8002B1CA] -> 0x7040
[4476] [M]: 0x8002B1C8 (0x7040AE23) sw tp, 1820(ra)
mem[0x8003A884] <- 0x00000003


mem[X,0x8002B1CC] -> 0x3537
mem[X,0x8002B1CE] -> 0x3333
[4477] [M]: 0x8002B1CC (0x33333537) lui a0, 209715
x10 <- 0x33333000


mem[X,0x8002B1D0] -> 0x0513
mem[X,0x8002B1D2] -> 0x3325
[4478] [M]: 0x8002B1D0 (0x33250513) addi a0, a0, 818
x10 <- 0x33333332


mem[X,0x8002B1D4] -> 0x55B7
mem[X,0x8002B1D6] -> 0x5555
[4479] [M]: 0x8002B1D4 (0x555555B7) lui a1, 349525
x11 <- 0x55555000


mem[X,0x8002B1D8] -> 0x8593
mem[X,0x8002B1DA] -> 0x5555
[4480] [M]: 0x8002B1D8 (0x55558593) addi a1, a1, 1365
x11 <- 0x55555555


mem[X,0x8002B1DC] -> 0x0213
mem[X,0x8002B1DE] -> 0x0000
[4481] [M]: 0x8002B1DC (0x00000213) addi tp, zero, 0
x4 <- 0x00000000


mem[X,0x8002B1E0] -> 0x006F
mem[X,0x8002B1E2] -> 0x0050
[4482] [M]: 0x8002B1E0 (0x0050006F) jal zero, 2052


mem[X,0x8002B9E4] -> 0x10E3
mem[X,0x8002B9E6] -> 0x80B5
[4483] [M]: 0x8002B9E4 (0x80B510E3) bne a0, a1, 6144


mem[X,0x8002B1E4] -> 0x0213
mem[X,0x8002B1E6] -> 0x0012
[4484] [M]: 0x8002B1E4 (0x00120213) addi tp, tp, 1
x4 <- 0x00000001


mem[X,0x8002B1E8] -> 0x006F
mem[X,0x8002B1EA] -> 0x0110
[4485] [M]: 0x8002B1E8 (0x0110006F) jal zero, 2064


mem[X,0x8002B9F8] -> 0xA023
mem[X,0x8002B9FA] -> 0x7240
[4486] [M]: 0x8002B9F8 (0x7240A023) sw tp, 1824(ra)
mem[0x8003A888] <- 0x00000001


mem[X,0x8002B9FC] -> 0x3537
mem[X,0x8002B9FE] -> 0x3333
[4487] [M]: 0x8002B9FC (0x33333537) lui a0, 209715
x10 <- 0x33333000


mem[X,0x8002BA00] -> 0x0513
mem[X,0x8002BA02] -> 0x3325
[4488] [M]: 0x8002BA00 (0x33250513) addi a0, a0, 818
x10 <- 0x33333332


mem[X,0x8002BA04] -> 0xB5B7
mem[X,0x8002BA06] -> 0xAAAA
[4489] [M]: 0x8002BA04 (0xAAAAB5B7) lui a1, 699051
x11 <- 0xAAAAB000


mem[X,0x8002BA08] -> 0x8593
mem[X,0x8002BA0A] -> 0xAAA5
[4490] [M]: 0x8002BA08 (0xAAA58593) addi a1, a1, 2730
x11 <- 0xAAAAAAAA


mem[X,0x8002BA0C] -> 0x0213
mem[X,0x8002BA0E] -> 0x0000
[4491] [M]: 0x8002BA0C (0x00000213) addi tp, zero, 0
x4 <- 0x00000000


mem[X,0x8002BA10] -> 0x006F
mem[X,0x8002BA12] -> 0x00C0
[4492] [M]: 0x8002BA10 (0x00C0006F) jal zero, 12


mem[X,0x8002BA1C] -> 0x1663
mem[X,0x8002BA1E] -> 0x00B5
[4493] [M]: 0x8002BA1C (0x00B51663) bne a0, a1, 12


mem[X,0x8002BA28] -> 0x0213
mem[X,0x8002BA2A] -> 0x0032
[4494] [M]: 0x8002BA28 (0x00320213) addi tp, tp, 3
x4 <- 0x00000003


mem[X,0x8002BA2C] -> 0x006F
mem[X,0x8002BA2E] -> 0x0040
[4495] [M]: 0x8002BA2C (0x0040006F) jal zero, 4


mem[X,0x8002BA30] -> 0xA223
mem[X,0x8002BA32] -> 0x7240
[4496] [M]: 0x8002BA30 (0x7240A223) sw tp, 1828(ra)
mem[0x8003A88C] <- 0x00000003


mem[X,0x8002BA34] -> 0x3537
mem[X,0x8002BA36] -> 0x3333
[4497] [M]: 0x8002BA34 (0x33333537) lui a0, 209715
x10 <- 0x33333000


mem[X,0x8002BA38] -> 0x0513
mem[X,0x8002BA3A] -> 0x3325
[4498] [M]: 0x8002BA38 (0x33250513) addi a0, a0, 818
x10 <- 0x33333332


mem[X,0x8002BA3C] -> 0x0593
mem[X,0x8002BA3E] -> 0x0050
[4499] [M]: 0x8002BA3C (0x00500593) addi a1, zero, 5
x11 <- 0x00000005


clint::tick mtime <- 0x000000000000002D
 clint timer pending at mtime 0x000000000000002D
htif::tick 0x0000000000000000
mem[X,0x8002BA40] -> 0x0213
mem[X,0x8002BA42] -> 0x0000
[4500] [M]: 0x8002BA40 (0x00000213) addi tp, zero, 0
x4 <- 0x00000000


mem[X,0x8002BA44] -> 0x006F
mem[X,0x8002BA46] -> 0x0140
[4501] [M]: 0x8002BA44 (0x0140006F) jal zero, 20


mem[X,0x8002BA58] -> 0x18E3
mem[X,0x8002BA5A] -> 0xFEB5
[4502] [M]: 0x8002BA58 (0xFEB518E3) bne a0, a1, 8176


mem[X,0x8002BA48] -> 0x0213
mem[X,0x8002BA4A] -> 0x0012
[4503] [M]: 0x8002BA48 (0x00120213) addi tp, tp, 1
x4 <- 0x00000001


mem[X,0x8002BA4C] -> 0x006F
mem[X,0x8002BA4E] -> 0x0200
[4504] [M]: 0x8002BA4C (0x0200006F) jal zero, 32


mem[X,0x8002BA6C] -> 0xA423
mem[X,0x8002BA6E] -> 0x7240
[4505] [M]: 0x8002BA6C (0x7240A423) sw tp, 1832(ra)
mem[0x8003A890] <- 0x00000001


mem[X,0x8002BA70] -> 0x3537
mem[X,0x8002BA72] -> 0x3333
[4506] [M]: 0x8002BA70 (0x33333537) lui a0, 209715
x10 <- 0x33333000


mem[X,0x8002BA74] -> 0x0513
mem[X,0x8002BA76] -> 0x3325
[4507] [M]: 0x8002BA74 (0x33250513) addi a0, a0, 818
x10 <- 0x33333332


mem[X,0x8002BA78] -> 0x35B7
mem[X,0x8002BA7A] -> 0x3333
[4508] [M]: 0x8002BA78 (0x333335B7) lui a1, 209715
x11 <- 0x33333000


mem[X,0x8002BA7C] -> 0x8593
mem[X,0x8002BA7E] -> 0x3335
[4509] [M]: 0x8002BA7C (0x33358593) addi a1, a1, 819
x11 <- 0x33333333


mem[X,0x8002BA80] -> 0x0213
mem[X,0x8002BA82] -> 0x0000
[4510] [M]: 0x8002BA80 (0x00000213) addi tp, zero, 0
x4 <- 0x00000000


mem[X,0x8002BA84] -> 0x006F
mem[X,0x8002BA86] -> 0x00C0
[4511] [M]: 0x8002BA84 (0x00C0006F) jal zero, 12


mem[X,0x8002BA90] -> 0x1063
mem[X,0x8002BA92] -> 0x40B5
[4512] [M]: 0x8002BA90 (0x40B51063) bne a0, a1, 1024


mem[X,0x8002BE90] -> 0x0213
mem[X,0x8002BE92] -> 0x0032
[4513] [M]: 0x8002BE90 (0x00320213) addi tp, tp, 3
x4 <- 0x00000003


mem[X,0x8002BE94] -> 0x006F
mem[X,0x8002BE96] -> 0x0040
[4514] [M]: 0x8002BE94 (0x0040006F) jal zero, 4


mem[X,0x8002BE98] -> 0xA623
mem[X,0x8002BE9A] -> 0x7240
[4515] [M]: 0x8002BE98 (0x7240A623) sw tp, 1836(ra)
mem[0x8003A894] <- 0x00000003


mem[X,0x8002BE9C] -> 0x3537
mem[X,0x8002BE9E] -> 0x3333
[4516] [M]: 0x8002BE9C (0x33333537) lui a0, 209715
x10 <- 0x33333000


mem[X,0x8002BEA0] -> 0x0513
mem[X,0x8002BEA2] -> 0x3325
[4517] [M]: 0x8002BEA0 (0x33250513) addi a0, a0, 818
x10 <- 0x33333332


mem[X,0x8002BEA4] -> 0x65B7
mem[X,0x8002BEA6] -> 0x6666
[4518] [M]: 0x8002BEA4 (0x666665B7) lui a1, 419430
x11 <- 0x66666000


mem[X,0x8002BEA8] -> 0x8593
mem[X,0x8002BEAA] -> 0x6665
[4519] [M]: 0x8002BEA8 (0x66658593) addi a1, a1, 1638
x11 <- 0x66666666


mem[X,0x8002BEAC] -> 0x0213
mem[X,0x8002BEAE] -> 0x0000
[4520] [M]: 0x8002BEAC (0x00000213) addi tp, zero, 0
x4 <- 0x00000000


mem[X,0x8002BEB0] -> 0x006F
mem[X,0x8002BEB2] -> 0x00C0
[4521] [M]: 0x8002BEB0 (0x00C0006F) jal zero, 12


mem[X,0x8002BEBC] -> 0x1663
mem[X,0x8002BEBE] -> 0x00B5
[4522] [M]: 0x8002BEBC (0x00B51663) bne a0, a1, 12


mem[X,0x8002BEC8] -> 0x0213
mem[X,0x8002BECA] -> 0x0032
[4523] [M]: 0x8002BEC8 (0x00320213) addi tp, tp, 3
x4 <- 0x00000003


mem[X,0x8002BECC] -> 0x006F
mem[X,0x8002BECE] -> 0x0040
[4524] [M]: 0x8002BECC (0x0040006F) jal zero, 4


mem[X,0x8002BED0] -> 0xA823
mem[X,0x8002BED2] -> 0x7240
[4525] [M]: 0x8002BED0 (0x7240A823) sw tp, 1840(ra)
mem[0x8003A898] <- 0x00000003


mem[X,0x8002BED4] -> 0x3537
mem[X,0x8002BED6] -> 0x3333
[4526] [M]: 0x8002BED4 (0x33333537) lui a0, 209715
x10 <- 0x33333000


mem[X,0x8002BED8] -> 0x0513
mem[X,0x8002BEDA] -> 0x3325
[4527] [M]: 0x8002BED8 (0x33250513) addi a0, a0, 818
x10 <- 0x33333332


mem[X,0x8002BEDC] -> 0x55B7
mem[X,0x8002BEDE] -> 0xFFFF
[4528] [M]: 0x8002BEDC (0xFFFF55B7) lui a1, 1048565
x11 <- 0xFFFF5000


mem[X,0x8002BEE0] -> 0x8593
mem[X,0x8002BEE2] -> 0xAFC5
[4529] [M]: 0x8002BEE0 (0xAFC58593) addi a1, a1, 2812
x11 <- 0xFFFF4AFC


mem[X,0x8002BEE4] -> 0x0213
mem[X,0x8002BEE6] -> 0x0000
[4530] [M]: 0x8002BEE4 (0x00000213) addi tp, zero, 0
x4 <- 0x00000000


mem[X,0x8002BEE8] -> 0x006F
mem[X,0x8002BEEA] -> 0x0140
[4531] [M]: 0x8002BEE8 (0x0140006F) jal zero, 20


mem[X,0x8002BEFC] -> 0x18E3
mem[X,0x8002BEFE] -> 0xFEB5
[4532] [M]: 0x8002BEFC (0xFEB518E3) bne a0, a1, 8176


mem[X,0x8002BEEC] -> 0x0213
mem[X,0x8002BEEE] -> 0x0012
[4533] [M]: 0x8002BEEC (0x00120213) addi tp, tp, 1
x4 <- 0x00000001


mem[X,0x8002BEF0] -> 0x006F
mem[X,0x8002BEF2] -> 0x0200
[4534] [M]: 0x8002BEF0 (0x0200006F) jal zero, 32


mem[X,0x8002BF10] -> 0xAA23
mem[X,0x8002BF12] -> 0x7240
[4535] [M]: 0x8002BF10 (0x7240AA23) sw tp, 1844(ra)
mem[0x8003A89C] <- 0x00000001


mem[X,0x8002BF14] -> 0x3537
mem[X,0x8002BF16] -> 0x3333
[4536] [M]: 0x8002BF14 (0x33333537) lui a0, 209715
x10 <- 0x33333000


mem[X,0x8002BF18] -> 0x0513
mem[X,0x8002BF1A] -> 0x3325
[4537] [M]: 0x8002BF18 (0x33250513) addi a0, a0, 818
x10 <- 0x33333332


mem[X,0x8002BF1C] -> 0xB5B7
mem[X,0x8002BF1E] -> 0x0000
[4538] [M]: 0x8002BF1C (0x0000B5B7) lui a1, 11
x11 <- 0x0000B000


mem[X,0x8002BF20] -> 0x8593
mem[X,0x8002BF22] -> 0x5045
[4539] [M]: 0x8002BF20 (0x50458593) addi a1, a1, 1284
x11 <- 0x0000B504


mem[X,0x8002BF24] -> 0x0213
mem[X,0x8002BF26] -> 0x0000
[4540] [M]: 0x8002BF24 (0x00000213) addi tp, zero, 0
x4 <- 0x00000000


mem[X,0x8002BF28] -> 0x006F
mem[X,0x8002BF2A] -> 0x2B10
[4541] [M]: 0x8002BF28 (0x2B10006F) jal zero, 2736


mem[X,0x8002C9D8] -> 0x1A63
mem[X,0x8002C9DA] -> 0xD4B5
[4542] [M]: 0x8002C9D8 (0xD4B51A63) bne a0, a1, 5460


mem[X,0x8002BF2C] -> 0x0213
mem[X,0x8002BF2E] -> 0x0012
[4543] [M]: 0x8002BF2C (0x00120213) addi tp, tp, 1
x4 <- 0x00000001


mem[X,0x8002BF30] -> 0x006F
mem[X,0x8002BF32] -> 0x2BD0
[4544] [M]: 0x8002BF30 (0x2BD0006F) jal zero, 2748


mem[X,0x8002C9EC] -> 0xAC23
mem[X,0x8002C9EE] -> 0x7240
[4545] [M]: 0x8002C9EC (0x7240AC23) sw tp, 1848(ra)
mem[0x8003A8A0] <- 0x00000001


mem[X,0x8002C9F0] -> 0x3537
mem[X,0x8002C9F2] -> 0x3333
[4546] [M]: 0x8002C9F0 (0x33333537) lui a0, 209715
x10 <- 0x33333000


mem[X,0x8002C9F4] -> 0x0513
mem[X,0x8002C9F6] -> 0x3325
[4547] [M]: 0x8002C9F4 (0x33250513) addi a0, a0, 818
x10 <- 0x33333332


mem[X,0x8002C9F8] -> 0x0593
mem[X,0x8002C9FA] -> 0x0020
[4548] [M]: 0x8002C9F8 (0x00200593) addi a1, zero, 2
x11 <- 0x00000002


mem[X,0x8002C9FC] -> 0x0213
mem[X,0x8002C9FE] -> 0x0000
[4549] [M]: 0x8002C9FC (0x00000213) addi tp, zero, 0
x4 <- 0x00000000


mem[X,0x8002CA00] -> 0x006F
mem[X,0x8002CA02] -> 0x2B10
[4550] [M]: 0x8002CA00 (0x2B10006F) jal zero, 2736


mem[X,0x8002D4B0] -> 0x1A63
mem[X,0x8002D4B2] -> 0xD4B5
[4551] [M]: 0x8002D4B0 (0xD4B51A63) bne a0, a1, 5460


mem[X,0x8002CA04] -> 0x0213
mem[X,0x8002CA06] -> 0x0012
[4552] [M]: 0x8002CA04 (0x00120213) addi tp, tp, 1
x4 <- 0x00000001


mem[X,0x8002CA08] -> 0x006F
mem[X,0x8002CA0A] -> 0x2BD0
[4553] [M]: 0x8002CA08 (0x2BD0006F) jal zero, 2748


mem[X,0x8002D4C4] -> 0xAE23
mem[X,0x8002D4C6] -> 0x7240
[4554] [M]: 0x8002D4C4 (0x7240AE23) sw tp, 1852(ra)
mem[0x8003A8A4] <- 0x00000001


mem[X,0x8002D4C8] -> 0x3537
mem[X,0x8002D4CA] -> 0x3333
[4555] [M]: 0x8002D4C8 (0x33333537) lui a0, 209715
x10 <- 0x33333000


mem[X,0x8002D4CC] -> 0x0513
mem[X,0x8002D4CE] -> 0x3325
[4556] [M]: 0x8002D4CC (0x33250513) addi a0, a0, 818
x10 <- 0x33333332


mem[X,0x8002D4D0] -> 0x55B7
mem[X,0x8002D4D2] -> 0x5555
[4557] [M]: 0x8002D4D0 (0x555555B7) lui a1, 349525
x11 <- 0x55555000


mem[X,0x8002D4D4] -> 0x8593
mem[X,0x8002D4D6] -> 0x5545
[4558] [M]: 0x8002D4D4 (0x55458593) addi a1, a1, 1364
x11 <- 0x55555554


mem[X,0x8002D4D8] -> 0x0213
mem[X,0x8002D4DA] -> 0x0000
[4559] [M]: 0x8002D4D8 (0x00000213) addi tp, zero, 0
x4 <- 0x00000000


mem[X,0x8002D4DC] -> 0x006F
mem[X,0x8002D4DE] -> 0x00C0
[4560] [M]: 0x8002D4DC (0x00C0006F) jal zero, 12


mem[X,0x8002D4E8] -> 0x1663
mem[X,0x8002D4EA] -> 0x00B5
[4561] [M]: 0x8002D4E8 (0x00B51663) bne a0, a1, 12


mem[X,0x8002D4F4] -> 0x0213
mem[X,0x8002D4F6] -> 0x0032
[4562] [M]: 0x8002D4F4 (0x00320213) addi tp, tp, 3
x4 <- 0x00000003


mem[X,0x8002D4F8] -> 0x006F
mem[X,0x8002D4FA] -> 0x0040
[4563] [M]: 0x8002D4F8 (0x0040006F) jal zero, 4


mem[X,0x8002D4FC] -> 0xA023
mem[X,0x8002D4FE] -> 0x7440
[4564] [M]: 0x8002D4FC (0x7440A023) sw tp, 1856(ra)
mem[0x8003A8A8] <- 0x00000003


mem[X,0x8002D500] -> 0x3537
mem[X,0x8002D502] -> 0x3333
[4565] [M]: 0x8002D500 (0x33333537) lui a0, 209715
x10 <- 0x33333000


mem[X,0x8002D504] -> 0x0513
mem[X,0x8002D506] -> 0x3325
[4566] [M]: 0x8002D504 (0x33250513) addi a0, a0, 818
x10 <- 0x33333332


mem[X,0x8002D508] -> 0x0593
mem[X,0x8002D50A] -> 0x0000
[4567] [M]: 0x8002D508 (0x00000593) addi a1, zero, 0
x11 <- 0x00000000


mem[X,0x8002D50C] -> 0x0213
mem[X,0x8002D50E] -> 0x0000
[4568] [M]: 0x8002D50C (0x00000213) addi tp, zero, 0
x4 <- 0x00000000


mem[X,0x8002D510] -> 0x006F
mem[X,0x8002D512] -> 0x00C0
[4569] [M]: 0x8002D510 (0x00C0006F) jal zero, 12


mem[X,0x8002D51C] -> 0x1063
mem[X,0x8002D51E] -> 0x20B5
[4570] [M]: 0x8002D51C (0x20B51063) bne a0, a1, 512


mem[X,0x8002D71C] -> 0x0213
mem[X,0x8002D71E] -> 0x0032
[4571] [M]: 0x8002D71C (0x00320213) addi tp, tp, 3
x4 <- 0x00000003


mem[X,0x8002D720] -> 0x006F
mem[X,0x8002D722] -> 0x0040
[4572] [M]: 0x8002D720 (0x0040006F) jal zero, 4


mem[X,0x8002D724] -> 0xA223
mem[X,0x8002D726] -> 0x7440
[4573] [M]: 0x8002D724 (0x7440A223) sw tp, 1860(ra)
mem[0x8003A8AC] <- 0x00000003


mem[X,0x8002D728] -> 0x3537
mem[X,0x8002D72A] -> 0x3333
[4574] [M]: 0x8002D728 (0x33333537) lui a0, 209715
x10 <- 0x33333000


mem[X,0x8002D72C] -> 0x0513
mem[X,0x8002D72E] -> 0x3325
[4575] [M]: 0x8002D72C (0x33250513) addi a0, a0, 818
x10 <- 0x33333332


mem[X,0x8002D730] -> 0x0593
mem[X,0x8002D732] -> 0x0040
[4576] [M]: 0x8002D730 (0x00400593) addi a1, zero, 4
x11 <- 0x00000004


mem[X,0x8002D734] -> 0x0213
mem[X,0x8002D736] -> 0x0000
[4577] [M]: 0x8002D734 (0x00000213) addi tp, zero, 0
x4 <- 0x00000000


mem[X,0x8002D738] -> 0x006F
mem[X,0x8002D73A] -> 0x00C0
[4578] [M]: 0x8002D738 (0x00C0006F) jal zero, 12


mem[X,0x8002D744] -> 0x1063
mem[X,0x8002D746] -> 0x04B5
[4579] [M]: 0x8002D744 (0x04B51063) bne a0, a1, 64


mem[X,0x8002D784] -> 0x0213
mem[X,0x8002D786] -> 0x0032
[4580] [M]: 0x8002D784 (0x00320213) addi tp, tp, 3
x4 <- 0x00000003


mem[X,0x8002D788] -> 0x006F
mem[X,0x8002D78A] -> 0x0040
[4581] [M]: 0x8002D788 (0x0040006F) jal zero, 4


mem[X,0x8002D78C] -> 0xA423
mem[X,0x8002D78E] -> 0x7440
[4582] [M]: 0x8002D78C (0x7440A423) sw tp, 1864(ra)
mem[0x8003A8B0] <- 0x00000003


mem[X,0x8002D790] -> 0x3537
mem[X,0x8002D792] -> 0x3333
[4583] [M]: 0x8002D790 (0x33333537) lui a0, 209715
x10 <- 0x33333000


mem[X,0x8002D794] -> 0x0513
mem[X,0x8002D796] -> 0x3325
[4584] [M]: 0x8002D794 (0x33250513) addi a0, a0, 818
x10 <- 0x33333332


mem[X,0x8002D798] -> 0x35B7
mem[X,0x8002D79A] -> 0x3333
[4585] [M]: 0x8002D798 (0x333335B7) lui a1, 209715
x11 <- 0x33333000


mem[X,0x8002D79C] -> 0x8593
mem[X,0x8002D79E] -> 0x3325
[4586] [M]: 0x8002D79C (0x33258593) addi a1, a1, 818
x11 <- 0x33333332


mem[X,0x8002D7A0] -> 0x0213
mem[X,0x8002D7A2] -> 0x0000
[4587] [M]: 0x8002D7A0 (0x00000213) addi tp, zero, 0
x4 <- 0x00000000


mem[X,0x8002D7A4] -> 0x006F
mem[X,0x8002D7A6] -> 0x00C0
[4588] [M]: 0x8002D7A4 (0x00C0006F) jal zero, 12


mem[X,0x8002D7B0] -> 0x1663
mem[X,0x8002D7B2] -> 0x00B5
[4589] [M]: 0x8002D7B0 (0x00B51663) bne a0, a1, 12


mem[X,0x8002D7B4] -> 0x0213
mem[X,0x8002D7B6] -> 0x0022
[4590] [M]: 0x8002D7B4 (0x00220213) addi tp, tp, 2
x4 <- 0x00000002


mem[X,0x8002D7B8] -> 0x006F
mem[X,0x8002D7BA] -> 0x00C0
[4591] [M]: 0x8002D7B8 (0x00C0006F) jal zero, 12


mem[X,0x8002D7C4] -> 0xA623
mem[X,0x8002D7C6] -> 0x7440
[4592] [M]: 0x8002D7C4 (0x7440A623) sw tp, 1868(ra)
mem[0x8003A8B4] <- 0x00000002


mem[X,0x8002D7C8] -> 0x3537
mem[X,0x8002D7CA] -> 0x3333
[4593] [M]: 0x8002D7C8 (0x33333537) lui a0, 209715
x10 <- 0x33333000


mem[X,0x8002D7CC] -> 0x0513
mem[X,0x8002D7CE] -> 0x3325
[4594] [M]: 0x8002D7CC (0x33250513) addi a0, a0, 818
x10 <- 0x33333332


mem[X,0x8002D7D0] -> 0x65B7
mem[X,0x8002D7D2] -> 0x6666
[4595] [M]: 0x8002D7D0 (0x666665B7) lui a1, 419430
x11 <- 0x66666000


mem[X,0x8002D7D4] -> 0x8593
mem[X,0x8002D7D6] -> 0x6655
[4596] [M]: 0x8002D7D4 (0x66558593) addi a1, a1, 1637
x11 <- 0x66666665


mem[X,0x8002D7D8] -> 0x0213
mem[X,0x8002D7DA] -> 0x0000
[4597] [M]: 0x8002D7D8 (0x00000213) addi tp, zero, 0
x4 <- 0x00000000


mem[X,0x8002D7DC] -> 0x006F
mem[X,0x8002D7DE] -> 0x2B10
[4598] [M]: 0x8002D7DC (0x2B10006F) jal zero, 2736


mem[X,0x8002E28C] -> 0x1A63
mem[X,0x8002E28E] -> 0xD4B5
[4599] [M]: 0x8002E28C (0xD4B51A63) bne a0, a1, 5460


clint::tick mtime <- 0x000000000000002E
 clint timer pending at mtime 0x000000000000002E
htif::tick 0x0000000000000000
mem[X,0x8002D7E0] -> 0x0213
mem[X,0x8002D7E2] -> 0x0012
[4600] [M]: 0x8002D7E0 (0x00120213) addi tp, tp, 1
x4 <- 0x00000001


mem[X,0x8002D7E4] -> 0x006F
mem[X,0x8002D7E6] -> 0x2BD0
[4601] [M]: 0x8002D7E4 (0x2BD0006F) jal zero, 2748


mem[X,0x8002E2A0] -> 0xA823
mem[X,0x8002E2A2] -> 0x7440
[4602] [M]: 0x8002E2A0 (0x7440A823) sw tp, 1872(ra)
mem[0x8003A8B8] <- 0x00000001


mem[X,0x8002E2A4] -> 0x3537
mem[X,0x8002E2A6] -> 0x3333
[4603] [M]: 0x8002E2A4 (0x33333537) lui a0, 209715
x10 <- 0x33333000


mem[X,0x8002E2A8] -> 0x0513
mem[X,0x8002E2AA] -> 0x3325
[4604] [M]: 0x8002E2A8 (0x33250513) addi a0, a0, 818
x10 <- 0x33333332


mem[X,0x8002E2AC] -> 0xB5B7
mem[X,0x8002E2AE] -> 0x0000
[4605] [M]: 0x8002E2AC (0x0000B5B7) lui a1, 11
x11 <- 0x0000B000


mem[X,0x8002E2B0] -> 0x8593
mem[X,0x8002E2B2] -> 0x5035
[4606] [M]: 0x8002E2B0 (0x50358593) addi a1, a1, 1283
x11 <- 0x0000B503


mem[X,0x8002E2B4] -> 0x0213
mem[X,0x8002E2B6] -> 0x0000
[4607] [M]: 0x8002E2B4 (0x00000213) addi tp, zero, 0
x4 <- 0x00000000


mem[X,0x8002E2B8] -> 0x006F
mem[X,0x8002E2BA] -> 0x00C0
[4608] [M]: 0x8002E2B8 (0x00C0006F) jal zero, 12


mem[X,0x8002E2C4] -> 0x1663
mem[X,0x8002E2C6] -> 0x00B5
[4609] [M]: 0x8002E2C4 (0x00B51663) bne a0, a1, 12


mem[X,0x8002E2D0] -> 0x0213
mem[X,0x8002E2D2] -> 0x0032
[4610] [M]: 0x8002E2D0 (0x00320213) addi tp, tp, 3
x4 <- 0x00000003


mem[X,0x8002E2D4] -> 0x006F
mem[X,0x8002E2D6] -> 0x0040
[4611] [M]: 0x8002E2D4 (0x0040006F) jal zero, 4


mem[X,0x8002E2D8] -> 0xAA23
mem[X,0x8002E2DA] -> 0x7440
[4612] [M]: 0x8002E2D8 (0x7440AA23) sw tp, 1876(ra)
mem[0x8003A8BC] <- 0x00000003


mem[X,0x8002E2DC] -> 0x3537
mem[X,0x8002E2DE] -> 0x3333
[4613] [M]: 0x8002E2DC (0x33333537) lui a0, 209715
x10 <- 0x33333000


mem[X,0x8002E2E0] -> 0x0513
mem[X,0x8002E2E2] -> 0x3325
[4614] [M]: 0x8002E2E0 (0x33250513) addi a0, a0, 818
x10 <- 0x33333332


mem[X,0x8002E2E4] -> 0x55B7
mem[X,0x8002E2E6] -> 0x5555
[4615] [M]: 0x8002E2E4 (0x555555B7) lui a1, 349525
x11 <- 0x55555000


mem[X,0x8002E2E8] -> 0x8593
mem[X,0x8002E2EA] -> 0x5565
[4616] [M]: 0x8002E2E8 (0x55658593) addi a1, a1, 1366
x11 <- 0x55555556


mem[X,0x8002E2EC] -> 0x0213
mem[X,0x8002E2EE] -> 0x0000
[4617] [M]: 0x8002E2EC (0x00000213) addi tp, zero, 0
x4 <- 0x00000000


mem[X,0x8002E2F0] -> 0x006F
mem[X,0x8002E2F2] -> 0x00C0
[4618] [M]: 0x8002E2F0 (0x00C0006F) jal zero, 12


mem[X,0x8002E2FC] -> 0x1063
mem[X,0x8002E2FE] -> 0x40B5
[4619] [M]: 0x8002E2FC (0x40B51063) bne a0, a1, 1024


mem[X,0x8002E6FC] -> 0x0213
mem[X,0x8002E6FE] -> 0x0032
[4620] [M]: 0x8002E6FC (0x00320213) addi tp, tp, 3
x4 <- 0x00000003


mem[X,0x8002E700] -> 0x006F
mem[X,0x8002E702] -> 0x0040
[4621] [M]: 0x8002E700 (0x0040006F) jal zero, 4


mem[X,0x8002E704] -> 0xAC23
mem[X,0x8002E706] -> 0x7440
[4622] [M]: 0x8002E704 (0x7440AC23) sw tp, 1880(ra)
mem[0x8003A8C0] <- 0x00000003


mem[X,0x8002E708] -> 0x3537
mem[X,0x8002E70A] -> 0x3333
[4623] [M]: 0x8002E708 (0x33333537) lui a0, 209715
x10 <- 0x33333000


mem[X,0x8002E70C] -> 0x0513
mem[X,0x8002E70E] -> 0x3325
[4624] [M]: 0x8002E70C (0x33250513) addi a0, a0, 818
x10 <- 0x33333332


mem[X,0x8002E710] -> 0xB5B7
mem[X,0x8002E712] -> 0xAAAA
[4625] [M]: 0x8002E710 (0xAAAAB5B7) lui a1, 699051
x11 <- 0xAAAAB000


mem[X,0x8002E714] -> 0x8593
mem[X,0x8002E716] -> 0xAAB5
[4626] [M]: 0x8002E714 (0xAAB58593) addi a1, a1, 2731
x11 <- 0xAAAAAAAB


mem[X,0x8002E718] -> 0x0213
mem[X,0x8002E71A] -> 0x0000
[4627] [M]: 0x8002E718 (0x00000213) addi tp, zero, 0
x4 <- 0x00000000


mem[X,0x8002E71C] -> 0x006F
mem[X,0x8002E71E] -> 0x2B10
[4628] [M]: 0x8002E71C (0x2B10006F) jal zero, 2736


mem[X,0x8002F1CC] -> 0x1A63
mem[X,0x8002F1CE] -> 0xD4B5
[4629] [M]: 0x8002F1CC (0xD4B51A63) bne a0, a1, 5460


mem[X,0x8002E720] -> 0x0213
mem[X,0x8002E722] -> 0x0012
[4630] [M]: 0x8002E720 (0x00120213) addi tp, tp, 1
x4 <- 0x00000001


mem[X,0x8002E724] -> 0x006F
mem[X,0x8002E726] -> 0x2BD0
[4631] [M]: 0x8002E724 (0x2BD0006F) jal zero, 2748


mem[X,0x8002F1E0] -> 0xAE23
mem[X,0x8002F1E2] -> 0x7440
[4632] [M]: 0x8002F1E0 (0x7440AE23) sw tp, 1884(ra)
mem[0x8003A8C4] <- 0x00000001


mem[X,0x8002F1E4] -> 0x3537
mem[X,0x8002F1E6] -> 0x3333
[4633] [M]: 0x8002F1E4 (0x33333537) lui a0, 209715
x10 <- 0x33333000


mem[X,0x8002F1E8] -> 0x0513
mem[X,0x8002F1EA] -> 0x3325
[4634] [M]: 0x8002F1E8 (0x33250513) addi a0, a0, 818
x10 <- 0x33333332


mem[X,0x8002F1EC] -> 0x0593
mem[X,0x8002F1EE] -> 0x0060
[4635] [M]: 0x8002F1EC (0x00600593) addi a1, zero, 6
x11 <- 0x00000006


mem[X,0x8002F1F0] -> 0x0213
mem[X,0x8002F1F2] -> 0x0000
[4636] [M]: 0x8002F1F0 (0x00000213) addi tp, zero, 0
x4 <- 0x00000000


mem[X,0x8002F1F4] -> 0x006F
mem[X,0x8002F1F6] -> 0x00C0
[4637] [M]: 0x8002F1F4 (0x00C0006F) jal zero, 12


mem[X,0x8002F200] -> 0x1863
mem[X,0x8002F202] -> 0x00B5
[4638] [M]: 0x8002F200 (0x00B51863) bne a0, a1, 16


mem[X,0x8002F210] -> 0x0213
mem[X,0x8002F212] -> 0x0032
[4639] [M]: 0x8002F210 (0x00320213) addi tp, tp, 3
x4 <- 0x00000003


mem[X,0x8002F214] -> 0x006F
mem[X,0x8002F216] -> 0x0040
[4640] [M]: 0x8002F214 (0x0040006F) jal zero, 4


mem[X,0x8002F218] -> 0xA023
mem[X,0x8002F21A] -> 0x7640
[4641] [M]: 0x8002F218 (0x7640A023) sw tp, 1888(ra)
mem[0x8003A8C8] <- 0x00000003


mem[X,0x8002F21C] -> 0x3537
mem[X,0x8002F21E] -> 0x3333
[4642] [M]: 0x8002F21C (0x33333537) lui a0, 209715
x10 <- 0x33333000


mem[X,0x8002F220] -> 0x0513
mem[X,0x8002F222] -> 0x3325
[4643] [M]: 0x8002F220 (0x33250513) addi a0, a0, 818
x10 <- 0x33333332


mem[X,0x8002F224] -> 0x35B7
mem[X,0x8002F226] -> 0x3333
[4644] [M]: 0x8002F224 (0x333335B7) lui a1, 209715
x11 <- 0x33333000


mem[X,0x8002F228] -> 0x8593
mem[X,0x8002F22A] -> 0x3345
[4645] [M]: 0x8002F228 (0x33458593) addi a1, a1, 820
x11 <- 0x33333334


mem[X,0x8002F22C] -> 0x0213
mem[X,0x8002F22E] -> 0x0000
[4646] [M]: 0x8002F22C (0x00000213) addi tp, zero, 0
x4 <- 0x00000000


mem[X,0x8002F230] -> 0x006F
mem[X,0x8002F232] -> 0x00C0
[4647] [M]: 0x8002F230 (0x00C0006F) jal zero, 12


mem[X,0x8002F23C] -> 0x1663
mem[X,0x8002F23E] -> 0x00B5
[4648] [M]: 0x8002F23C (0x00B51663) bne a0, a1, 12


mem[X,0x8002F248] -> 0x0213
mem[X,0x8002F24A] -> 0x0032
[4649] [M]: 0x8002F248 (0x00320213) addi tp, tp, 3
x4 <- 0x00000003


mem[X,0x8002F24C] -> 0x006F
mem[X,0x8002F24E] -> 0x0040
[4650] [M]: 0x8002F24C (0x0040006F) jal zero, 4


mem[X,0x8002F250] -> 0xA223
mem[X,0x8002F252] -> 0x7640
[4651] [M]: 0x8002F250 (0x7640A223) sw tp, 1892(ra)
mem[0x8003A8CC] <- 0x00000003


mem[X,0x8002F254] -> 0x3537
mem[X,0x8002F256] -> 0x3333
[4652] [M]: 0x8002F254 (0x33333537) lui a0, 209715
x10 <- 0x33333000


mem[X,0x8002F258] -> 0x0513
mem[X,0x8002F25A] -> 0x3325
[4653] [M]: 0x8002F258 (0x33250513) addi a0, a0, 818
x10 <- 0x33333332


mem[X,0x8002F25C] -> 0x65B7
mem[X,0x8002F25E] -> 0x6666
[4654] [M]: 0x8002F25C (0x666665B7) lui a1, 419430
x11 <- 0x66666000


mem[X,0x8002F260] -> 0x8593
mem[X,0x8002F262] -> 0x6675
[4655] [M]: 0x8002F260 (0x66758593) addi a1, a1, 1639
x11 <- 0x66666667


mem[X,0x8002F264] -> 0x0213
mem[X,0x8002F266] -> 0x0000
[4656] [M]: 0x8002F264 (0x00000213) addi tp, zero, 0
x4 <- 0x00000000


mem[X,0x8002F268] -> 0x006F
mem[X,0x8002F26A] -> 0x00C0
[4657] [M]: 0x8002F268 (0x00C0006F) jal zero, 12


mem[X,0x8002F274] -> 0x1063
mem[X,0x8002F276] -> 0x20B5
[4658] [M]: 0x8002F274 (0x20B51063) bne a0, a1, 512


mem[X,0x8002F474] -> 0x0213
mem[X,0x8002F476] -> 0x0032
[4659] [M]: 0x8002F474 (0x00320213) addi tp, tp, 3
x4 <- 0x00000003


mem[X,0x8002F478] -> 0x006F
mem[X,0x8002F47A] -> 0x0040
[4660] [M]: 0x8002F478 (0x0040006F) jal zero, 4


mem[X,0x8002F47C] -> 0xA423
mem[X,0x8002F47E] -> 0x7640
[4661] [M]: 0x8002F47C (0x7640A423) sw tp, 1896(ra)
mem[0x8003A8D0] <- 0x00000003


mem[X,0x8002F480] -> 0x3537
mem[X,0x8002F482] -> 0x3333
[4662] [M]: 0x8002F480 (0x33333537) lui a0, 209715
x10 <- 0x33333000


mem[X,0x8002F484] -> 0x0513
mem[X,0x8002F486] -> 0x3325
[4663] [M]: 0x8002F484 (0x33250513) addi a0, a0, 818
x10 <- 0x33333332


mem[X,0x8002F488] -> 0x55B7
mem[X,0x8002F48A] -> 0xFFFF
[4664] [M]: 0x8002F488 (0xFFFF55B7) lui a1, 1048565
x11 <- 0xFFFF5000


mem[X,0x8002F48C] -> 0x8593
mem[X,0x8002F48E] -> 0xAFD5
[4665] [M]: 0x8002F48C (0xAFD58593) addi a1, a1, 2813
x11 <- 0xFFFF4AFD


mem[X,0x8002F490] -> 0x0213
mem[X,0x8002F492] -> 0x0000
[4666] [M]: 0x8002F490 (0x00000213) addi tp, zero, 0
x4 <- 0x00000000


mem[X,0x8002F494] -> 0x006F
mem[X,0x8002F496] -> 0x00C0
[4667] [M]: 0x8002F494 (0x00C0006F) jal zero, 12


mem[X,0x8002F4A0] -> 0x1663
mem[X,0x8002F4A2] -> 0x00B5
[4668] [M]: 0x8002F4A0 (0x00B51663) bne a0, a1, 12


mem[X,0x8002F4AC] -> 0x0213
mem[X,0x8002F4AE] -> 0x0032
[4669] [M]: 0x8002F4AC (0x00320213) addi tp, tp, 3
x4 <- 0x00000003


mem[X,0x8002F4B0] -> 0x006F
mem[X,0x8002F4B2] -> 0x0040
[4670] [M]: 0x8002F4B0 (0x0040006F) jal zero, 4


mem[X,0x8002F4B4] -> 0xA623
mem[X,0x8002F4B6] -> 0x7640
[4671] [M]: 0x8002F4B4 (0x7640A623) sw tp, 1900(ra)
mem[0x8003A8D4] <- 0x00000003


mem[X,0x8002F4B8] -> 0x3537
mem[X,0x8002F4BA] -> 0x3333
[4672] [M]: 0x8002F4B8 (0x33333537) lui a0, 209715
x10 <- 0x33333000


mem[X,0x8002F4BC] -> 0x0513
mem[X,0x8002F4BE] -> 0x3325
[4673] [M]: 0x8002F4BC (0x33250513) addi a0, a0, 818
x10 <- 0x33333332


mem[X,0x8002F4C0] -> 0xB5B7
mem[X,0x8002F4C2] -> 0x0000
[4674] [M]: 0x8002F4C0 (0x0000B5B7) lui a1, 11
x11 <- 0x0000B000


mem[X,0x8002F4C4] -> 0x8593
mem[X,0x8002F4C6] -> 0x5055
[4675] [M]: 0x8002F4C4 (0x50558593) addi a1, a1, 1285
x11 <- 0x0000B505


mem[X,0x8002F4C8] -> 0x0213
mem[X,0x8002F4CA] -> 0x0000
[4676] [M]: 0x8002F4C8 (0x00000213) addi tp, zero, 0
x4 <- 0x00000000


mem[X,0x8002F4CC] -> 0x006F
mem[X,0x8002F4CE] -> 0x00C0
[4677] [M]: 0x8002F4CC (0x00C0006F) jal zero, 12


mem[X,0x8002F4D8] -> 0x1063
mem[X,0x8002F4DA] -> 0x40B5
[4678] [M]: 0x8002F4D8 (0x40B51063) bne a0, a1, 1024


mem[X,0x8002F8D8] -> 0x0213
mem[X,0x8002F8DA] -> 0x0032
[4679] [M]: 0x8002F8D8 (0x00320213) addi tp, tp, 3
x4 <- 0x00000003


mem[X,0x8002F8DC] -> 0x006F
mem[X,0x8002F8DE] -> 0x0040
[4680] [M]: 0x8002F8DC (0x0040006F) jal zero, 4


mem[X,0x8002F8E0] -> 0xA823
mem[X,0x8002F8E2] -> 0x7640
[4681] [M]: 0x8002F8E0 (0x7640A823) sw tp, 1904(ra)
mem[0x8003A8D8] <- 0x00000003


mem[X,0x8002F8E4] -> 0x6537
mem[X,0x8002F8E6] -> 0x6666
[4682] [M]: 0x8002F8E4 (0x66666537) lui a0, 419430
x10 <- 0x66666000


mem[X,0x8002F8E8] -> 0x0513
mem[X,0x8002F8EA] -> 0x6655
[4683] [M]: 0x8002F8E8 (0x66550513) addi a0, a0, 1637
x10 <- 0x66666665


mem[X,0x8002F8EC] -> 0x0593
mem[X,0x8002F8EE] -> 0x0030
[4684] [M]: 0x8002F8EC (0x00300593) addi a1, zero, 3
x11 <- 0x00000003


mem[X,0x8002F8F0] -> 0x0213
mem[X,0x8002F8F2] -> 0x0000
[4685] [M]: 0x8002F8F0 (0x00000213) addi tp, zero, 0
x4 <- 0x00000000


mem[X,0x8002F8F4] -> 0x006F
mem[X,0x8002F8F6] -> 0x00C0
[4686] [M]: 0x8002F8F4 (0x00C0006F) jal zero, 12


mem[X,0x8002F900] -> 0x1063
mem[X,0x8002F902] -> 0x40B5
[4687] [M]: 0x8002F900 (0x40B51063) bne a0, a1, 1024


mem[X,0x8002FD00] -> 0x0213
mem[X,0x8002FD02] -> 0x0032
[4688] [M]: 0x8002FD00 (0x00320213) addi tp, tp, 3
x4 <- 0x00000003


mem[X,0x8002FD04] -> 0x006F
mem[X,0x8002FD06] -> 0x0040
[4689] [M]: 0x8002FD04 (0x0040006F) jal zero, 4


mem[X,0x8002FD08] -> 0xAA23
mem[X,0x8002FD0A] -> 0x7640
[4690] [M]: 0x8002FD08 (0x7640AA23) sw tp, 1908(ra)
mem[0x8003A8DC] <- 0x00000003


mem[X,0x8002FD0C] -> 0x6537
mem[X,0x8002FD0E] -> 0x6666
[4691] [M]: 0x8002FD0C (0x66666537) lui a0, 419430
x10 <- 0x66666000


mem[X,0x8002FD10] -> 0x0513
mem[X,0x8002FD12] -> 0x6655
[4692] [M]: 0x8002FD10 (0x66550513) addi a0, a0, 1637
x10 <- 0x66666665


mem[X,0x8002FD14] -> 0x55B7
mem[X,0x8002FD16] -> 0x5555
[4693] [M]: 0x8002FD14 (0x555555B7) lui a1, 349525
x11 <- 0x55555000


mem[X,0x8002FD18] -> 0x8593
mem[X,0x8002FD1A] -> 0x5555
[4694] [M]: 0x8002FD18 (0x55558593) addi a1, a1, 1365
x11 <- 0x55555555


mem[X,0x8002FD1C] -> 0x0213
mem[X,0x8002FD1E] -> 0x0000
[4695] [M]: 0x8002FD1C (0x00000213) addi tp, zero, 0
x4 <- 0x00000000


mem[X,0x8002FD20] -> 0x006F
mem[X,0x8002FD22] -> 0x00C0
[4696] [M]: 0x8002FD20 (0x00C0006F) jal zero, 12


mem[X,0x8002FD2C] -> 0x1863
mem[X,0x8002FD2E] -> 0x00B5
[4697] [M]: 0x8002FD2C (0x00B51863) bne a0, a1, 16


mem[X,0x8002FD3C] -> 0x0213
mem[X,0x8002FD3E] -> 0x0032
[4698] [M]: 0x8002FD3C (0x00320213) addi tp, tp, 3
x4 <- 0x00000003


mem[X,0x8002FD40] -> 0x006F
mem[X,0x8002FD42] -> 0x0040
[4699] [M]: 0x8002FD40 (0x0040006F) jal zero, 4


clint::tick mtime <- 0x000000000000002F
 clint timer pending at mtime 0x000000000000002F
htif::tick 0x0000000000000000
mem[X,0x8002FD44] -> 0xAC23
mem[X,0x8002FD46] -> 0x7640
[4700] [M]: 0x8002FD44 (0x7640AC23) sw tp, 1912(ra)
mem[0x8003A8E0] <- 0x00000003


mem[X,0x8002FD48] -> 0x6537
mem[X,0x8002FD4A] -> 0x6666
[4701] [M]: 0x8002FD48 (0x66666537) lui a0, 419430
x10 <- 0x66666000


mem[X,0x8002FD4C] -> 0x0513
mem[X,0x8002FD4E] -> 0x6655
[4702] [M]: 0x8002FD4C (0x66550513) addi a0, a0, 1637
x10 <- 0x66666665


mem[X,0x8002FD50] -> 0xB5B7
mem[X,0x8002FD52] -> 0xAAAA
[4703] [M]: 0x8002FD50 (0xAAAAB5B7) lui a1, 699051
x11 <- 0xAAAAB000


mem[X,0x8002FD54] -> 0x8593
mem[X,0x8002FD56] -> 0xAAA5
[4704] [M]: 0x8002FD54 (0xAAA58593) addi a1, a1, 2730
x11 <- 0xAAAAAAAA


mem[X,0x8002FD58] -> 0x0213
mem[X,0x8002FD5A] -> 0x0000
[4705] [M]: 0x8002FD58 (0x00000213) addi tp, zero, 0
x4 <- 0x00000000


mem[X,0x8002FD5C] -> 0x006F
mem[X,0x8002FD5E] -> 0x00C0
[4706] [M]: 0x8002FD5C (0x00C0006F) jal zero, 12


mem[X,0x8002FD68] -> 0x1663
mem[X,0x8002FD6A] -> 0x00B5
[4707] [M]: 0x8002FD68 (0x00B51663) bne a0, a1, 12


mem[X,0x8002FD74] -> 0x0213
mem[X,0x8002FD76] -> 0x0032
[4708] [M]: 0x8002FD74 (0x00320213) addi tp, tp, 3
x4 <- 0x00000003


mem[X,0x8002FD78] -> 0x006F
mem[X,0x8002FD7A] -> 0x0040
[4709] [M]: 0x8002FD78 (0x0040006F) jal zero, 4


mem[X,0x8002FD7C] -> 0xAE23
mem[X,0x8002FD7E] -> 0x7640
[4710] [M]: 0x8002FD7C (0x7640AE23) sw tp, 1916(ra)
mem[0x8003A8E4] <- 0x00000003


mem[X,0x8002FD80] -> 0x6537
mem[X,0x8002FD82] -> 0x6666
[4711] [M]: 0x8002FD80 (0x66666537) lui a0, 419430
x10 <- 0x66666000


mem[X,0x8002FD84] -> 0x0513
mem[X,0x8002FD86] -> 0x6655
[4712] [M]: 0x8002FD84 (0x66550513) addi a0, a0, 1637
x10 <- 0x66666665


mem[X,0x8002FD88] -> 0x0593
mem[X,0x8002FD8A] -> 0x0050
[4713] [M]: 0x8002FD88 (0x00500593) addi a1, zero, 5
x11 <- 0x00000005


mem[X,0x8002FD8C] -> 0x0213
mem[X,0x8002FD8E] -> 0x0000
[4714] [M]: 0x8002FD8C (0x00000213) addi tp, zero, 0
x4 <- 0x00000000


mem[X,0x8002FD90] -> 0x006F
mem[X,0x8002FD92] -> 0x00C0
[4715] [M]: 0x8002FD90 (0x00C0006F) jal zero, 12


mem[X,0x8002FD9C] -> 0x1663
mem[X,0x8002FD9E] -> 0x00B5
[4716] [M]: 0x8002FD9C (0x00B51663) bne a0, a1, 12


mem[X,0x8002FDA8] -> 0x0213
mem[X,0x8002FDAA] -> 0x0032
[4717] [M]: 0x8002FDA8 (0x00320213) addi tp, tp, 3
x4 <- 0x00000003


mem[X,0x8002FDAC] -> 0x006F
mem[X,0x8002FDAE] -> 0x0040
[4718] [M]: 0x8002FDAC (0x0040006F) jal zero, 4


mem[X,0x8002FDB0] -> 0xA023
mem[X,0x8002FDB2] -> 0x7840
[4719] [M]: 0x8002FDB0 (0x7840A023) sw tp, 1920(ra)
mem[0x8003A8E8] <- 0x00000003


mem[X,0x8002FDB4] -> 0x6537
mem[X,0x8002FDB6] -> 0x6666
[4720] [M]: 0x8002FDB4 (0x66666537) lui a0, 419430
x10 <- 0x66666000


mem[X,0x8002FDB8] -> 0x0513
mem[X,0x8002FDBA] -> 0x6655
[4721] [M]: 0x8002FDB8 (0x66550513) addi a0, a0, 1637
x10 <- 0x66666665


mem[X,0x8002FDBC] -> 0x35B7
mem[X,0x8002FDBE] -> 0x3333
[4722] [M]: 0x8002FDBC (0x333335B7) lui a1, 209715
x11 <- 0x33333000


mem[X,0x8002FDC0] -> 0x8593
mem[X,0x8002FDC2] -> 0x3335
[4723] [M]: 0x8002FDC0 (0x33358593) addi a1, a1, 819
x11 <- 0x33333333


mem[X,0x8002FDC4] -> 0x0213
mem[X,0x8002FDC6] -> 0x0000
[4724] [M]: 0x8002FDC4 (0x00000213) addi tp, zero, 0
x4 <- 0x00000000


mem[X,0x8002FDC8] -> 0x006F
mem[X,0x8002FDCA] -> 0x00C0
[4725] [M]: 0x8002FDC8 (0x00C0006F) jal zero, 12


mem[X,0x8002FDD4] -> 0x1663
mem[X,0x8002FDD6] -> 0x00B5
[4726] [M]: 0x8002FDD4 (0x00B51663) bne a0, a1, 12


mem[X,0x8002FDE0] -> 0x0213
mem[X,0x8002FDE2] -> 0x0032
[4727] [M]: 0x8002FDE0 (0x00320213) addi tp, tp, 3
x4 <- 0x00000003


mem[X,0x8002FDE4] -> 0x006F
mem[X,0x8002FDE6] -> 0x0040
[4728] [M]: 0x8002FDE4 (0x0040006F) jal zero, 4


mem[X,0x8002FDE8] -> 0xA223
mem[X,0x8002FDEA] -> 0x7840
[4729] [M]: 0x8002FDE8 (0x7840A223) sw tp, 1924(ra)
mem[0x8003A8EC] <- 0x00000003


mem[X,0x8002FDEC] -> 0x6537
mem[X,0x8002FDEE] -> 0x6666
[4730] [M]: 0x8002FDEC (0x66666537) lui a0, 419430
x10 <- 0x66666000


mem[X,0x8002FDF0] -> 0x0513
mem[X,0x8002FDF2] -> 0x6655
[4731] [M]: 0x8002FDF0 (0x66550513) addi a0, a0, 1637
x10 <- 0x66666665


mem[X,0x8002FDF4] -> 0x65B7
mem[X,0x8002FDF6] -> 0x6666
[4732] [M]: 0x8002FDF4 (0x666665B7) lui a1, 419430
x11 <- 0x66666000


mem[X,0x8002FDF8] -> 0x8593
mem[X,0x8002FDFA] -> 0x6665
[4733] [M]: 0x8002FDF8 (0x66658593) addi a1, a1, 1638
x11 <- 0x66666666


mem[X,0x8002FDFC] -> 0x0213
mem[X,0x8002FDFE] -> 0x0000
[4734] [M]: 0x8002FDFC (0x00000213) addi tp, zero, 0
x4 <- 0x00000000


mem[X,0x8002FE00] -> 0x006F
mem[X,0x8002FE02] -> 0x00C0
[4735] [M]: 0x8002FE00 (0x00C0006F) jal zero, 12


mem[X,0x8002FE0C] -> 0x1063
mem[X,0x8002FE0E] -> 0x10B5
[4736] [M]: 0x8002FE0C (0x10B51063) bne a0, a1, 256


mem[X,0x8002FF0C] -> 0x0213
mem[X,0x8002FF0E] -> 0x0032
[4737] [M]: 0x8002FF0C (0x00320213) addi tp, tp, 3
x4 <- 0x00000003


mem[X,0x8002FF10] -> 0x006F
mem[X,0x8002FF12] -> 0x0040
[4738] [M]: 0x8002FF10 (0x0040006F) jal zero, 4


mem[X,0x8002FF14] -> 0xA423
mem[X,0x8002FF16] -> 0x7840
[4739] [M]: 0x8002FF14 (0x7840A423) sw tp, 1928(ra)
mem[0x8003A8F0] <- 0x00000003


mem[X,0x8002FF18] -> 0x6537
mem[X,0x8002FF1A] -> 0x6666
[4740] [M]: 0x8002FF18 (0x66666537) lui a0, 419430
x10 <- 0x66666000


mem[X,0x8002FF1C] -> 0x0513
mem[X,0x8002FF1E] -> 0x6655
[4741] [M]: 0x8002FF1C (0x66550513) addi a0, a0, 1637
x10 <- 0x66666665


mem[X,0x8002FF20] -> 0x55B7
mem[X,0x8002FF22] -> 0xFFFF
[4742] [M]: 0x8002FF20 (0xFFFF55B7) lui a1, 1048565
x11 <- 0xFFFF5000


mem[X,0x8002FF24] -> 0x8593
mem[X,0x8002FF26] -> 0xAFC5
[4743] [M]: 0x8002FF24 (0xAFC58593) addi a1, a1, 2812
x11 <- 0xFFFF4AFC


mem[X,0x8002FF28] -> 0x0213
mem[X,0x8002FF2A] -> 0x0000
[4744] [M]: 0x8002FF28 (0x00000213) addi tp, zero, 0
x4 <- 0x00000000


mem[X,0x8002FF2C] -> 0x006F
mem[X,0x8002FF2E] -> 0x00C0
[4745] [M]: 0x8002FF2C (0x00C0006F) jal zero, 12


mem[X,0x8002FF38] -> 0x1063
mem[X,0x8002FF3A] -> 0x40B5
[4746] [M]: 0x8002FF38 (0x40B51063) bne a0, a1, 1024


mem[X,0x80030338] -> 0x0213
mem[X,0x8003033A] -> 0x0032
[4747] [M]: 0x80030338 (0x00320213) addi tp, tp, 3
x4 <- 0x00000003


mem[X,0x8003033C] -> 0x006F
mem[X,0x8003033E] -> 0x0040
[4748] [M]: 0x8003033C (0x0040006F) jal zero, 4


mem[X,0x80030340] -> 0xA623
mem[X,0x80030342] -> 0x7840
[4749] [M]: 0x80030340 (0x7840A623) sw tp, 1932(ra)
mem[0x8003A8F4] <- 0x00000003


mem[X,0x80030344] -> 0x6537
mem[X,0x80030346] -> 0x6666
[4750] [M]: 0x80030344 (0x66666537) lui a0, 419430
x10 <- 0x66666000


mem[X,0x80030348] -> 0x0513
mem[X,0x8003034A] -> 0x6655
[4751] [M]: 0x80030348 (0x66550513) addi a0, a0, 1637
x10 <- 0x66666665


mem[X,0x8003034C] -> 0xB5B7
mem[X,0x8003034E] -> 0x0000
[4752] [M]: 0x8003034C (0x0000B5B7) lui a1, 11
x11 <- 0x0000B000


mem[X,0x80030350] -> 0x8593
mem[X,0x80030352] -> 0x5045
[4753] [M]: 0x80030350 (0x50458593) addi a1, a1, 1284
x11 <- 0x0000B504


mem[X,0x80030354] -> 0x0213
mem[X,0x80030356] -> 0x0000
[4754] [M]: 0x80030354 (0x00000213) addi tp, zero, 0
x4 <- 0x00000000


mem[X,0x80030358] -> 0x006F
mem[X,0x8003035A] -> 0x00C0
[4755] [M]: 0x80030358 (0x00C0006F) jal zero, 12


mem[X,0x80030364] -> 0x1663
mem[X,0x80030366] -> 0x00B5
[4756] [M]: 0x80030364 (0x00B51663) bne a0, a1, 12


mem[X,0x80030370] -> 0x0213
mem[X,0x80030372] -> 0x0032
[4757] [M]: 0x80030370 (0x00320213) addi tp, tp, 3
x4 <- 0x00000003


mem[X,0x80030374] -> 0x006F
mem[X,0x80030376] -> 0x0040
[4758] [M]: 0x80030374 (0x0040006F) jal zero, 4


mem[X,0x80030378] -> 0xA823
mem[X,0x8003037A] -> 0x7840
[4759] [M]: 0x80030378 (0x7840A823) sw tp, 1936(ra)
mem[0x8003A8F8] <- 0x00000003


mem[X,0x8003037C] -> 0x6537
mem[X,0x8003037E] -> 0x6666
[4760] [M]: 0x8003037C (0x66666537) lui a0, 419430
x10 <- 0x66666000


mem[X,0x80030380] -> 0x0513
mem[X,0x80030382] -> 0x6655
[4761] [M]: 0x80030380 (0x66550513) addi a0, a0, 1637
x10 <- 0x66666665


mem[X,0x80030384] -> 0x0593
mem[X,0x80030386] -> 0x0020
[4762] [M]: 0x80030384 (0x00200593) addi a1, zero, 2
x11 <- 0x00000002


mem[X,0x80030388] -> 0x0213
mem[X,0x8003038A] -> 0x0000
[4763] [M]: 0x80030388 (0x00000213) addi tp, zero, 0
x4 <- 0x00000000


mem[X,0x8003038C] -> 0x006F
mem[X,0x8003038E] -> 0x0050
[4764] [M]: 0x8003038C (0x0050006F) jal zero, 2052


mem[X,0x80030B90] -> 0x10E3
mem[X,0x80030B92] -> 0x80B5
[4765] [M]: 0x80030B90 (0x80B510E3) bne a0, a1, 6144


mem[X,0x80030390] -> 0x0213
mem[X,0x80030392] -> 0x0012
[4766] [M]: 0x80030390 (0x00120213) addi tp, tp, 1
x4 <- 0x00000001


mem[X,0x80030394] -> 0x006F
mem[X,0x80030396] -> 0x0110
[4767] [M]: 0x80030394 (0x0110006F) jal zero, 2064


mem[X,0x80030BA4] -> 0xAA23
mem[X,0x80030BA6] -> 0x7840
[4768] [M]: 0x80030BA4 (0x7840AA23) sw tp, 1940(ra)
mem[0x8003A8FC] <- 0x00000001


mem[X,0x80030BA8] -> 0x6537
mem[X,0x80030BAA] -> 0x6666
[4769] [M]: 0x80030BA8 (0x66666537) lui a0, 419430
x10 <- 0x66666000


mem[X,0x80030BAC] -> 0x0513
mem[X,0x80030BAE] -> 0x6655
[4770] [M]: 0x80030BAC (0x66550513) addi a0, a0, 1637
x10 <- 0x66666665


mem[X,0x80030BB0] -> 0x55B7
mem[X,0x80030BB2] -> 0x5555
[4771] [M]: 0x80030BB0 (0x555555B7) lui a1, 349525
x11 <- 0x55555000


mem[X,0x80030BB4] -> 0x8593
mem[X,0x80030BB6] -> 0x5545
[4772] [M]: 0x80030BB4 (0x55458593) addi a1, a1, 1364
x11 <- 0x55555554


mem[X,0x80030BB8] -> 0x0213
mem[X,0x80030BBA] -> 0x0000
[4773] [M]: 0x80030BB8 (0x00000213) addi tp, zero, 0
x4 <- 0x00000000


mem[X,0x80030BBC] -> 0x006F
mem[X,0x80030BBE] -> 0x2B10
[4774] [M]: 0x80030BBC (0x2B10006F) jal zero, 2736


mem[X,0x8003166C] -> 0x1A63
mem[X,0x8003166E] -> 0xD4B5
[4775] [M]: 0x8003166C (0xD4B51A63) bne a0, a1, 5460


mem[X,0x80030BC0] -> 0x0213
mem[X,0x80030BC2] -> 0x0012
[4776] [M]: 0x80030BC0 (0x00120213) addi tp, tp, 1
x4 <- 0x00000001


mem[X,0x80030BC4] -> 0x006F
mem[X,0x80030BC6] -> 0x2BD0
[4777] [M]: 0x80030BC4 (0x2BD0006F) jal zero, 2748


mem[X,0x80031680] -> 0xAC23
mem[X,0x80031682] -> 0x7840
[4778] [M]: 0x80031680 (0x7840AC23) sw tp, 1944(ra)
mem[0x8003A900] <- 0x00000001


mem[X,0x80031684] -> 0x6537
mem[X,0x80031686] -> 0x6666
[4779] [M]: 0x80031684 (0x66666537) lui a0, 419430
x10 <- 0x66666000


mem[X,0x80031688] -> 0x0513
mem[X,0x8003168A] -> 0x6655
[4780] [M]: 0x80031688 (0x66550513) addi a0, a0, 1637
x10 <- 0x66666665


mem[X,0x8003168C] -> 0x0593
mem[X,0x8003168E] -> 0x0000
[4781] [M]: 0x8003168C (0x00000593) addi a1, zero, 0
x11 <- 0x00000000


mem[X,0x80031690] -> 0x0213
mem[X,0x80031692] -> 0x0000
[4782] [M]: 0x80031690 (0x00000213) addi tp, zero, 0
x4 <- 0x00000000


mem[X,0x80031694] -> 0x006F
mem[X,0x80031696] -> 0x00C0
[4783] [M]: 0x80031694 (0x00C0006F) jal zero, 12


mem[X,0x800316A0] -> 0x1663
mem[X,0x800316A2] -> 0x00B5
[4784] [M]: 0x800316A0 (0x00B51663) bne a0, a1, 12


mem[X,0x800316AC] -> 0x0213
mem[X,0x800316AE] -> 0x0032
[4785] [M]: 0x800316AC (0x00320213) addi tp, tp, 3
x4 <- 0x00000003


mem[X,0x800316B0] -> 0x006F
mem[X,0x800316B2] -> 0x0040
[4786] [M]: 0x800316B0 (0x0040006F) jal zero, 4


mem[X,0x800316B4] -> 0xAE23
mem[X,0x800316B6] -> 0x7840
[4787] [M]: 0x800316B4 (0x7840AE23) sw tp, 1948(ra)
mem[0x8003A904] <- 0x00000003


mem[X,0x800316B8] -> 0x6537
mem[X,0x800316BA] -> 0x6666
[4788] [M]: 0x800316B8 (0x66666537) lui a0, 419430
x10 <- 0x66666000


mem[X,0x800316BC] -> 0x0513
mem[X,0x800316BE] -> 0x6655
[4789] [M]: 0x800316BC (0x66550513) addi a0, a0, 1637
x10 <- 0x66666665


mem[X,0x800316C0] -> 0x0593
mem[X,0x800316C2] -> 0x0040
[4790] [M]: 0x800316C0 (0x00400593) addi a1, zero, 4
x11 <- 0x00000004


mem[X,0x800316C4] -> 0x0213
mem[X,0x800316C6] -> 0x0000
[4791] [M]: 0x800316C4 (0x00000213) addi tp, zero, 0
x4 <- 0x00000000


mem[X,0x800316C8] -> 0x006F
mem[X,0x800316CA] -> 0x00C0
[4792] [M]: 0x800316C8 (0x00C0006F) jal zero, 12


mem[X,0x800316D4] -> 0x1CE3
mem[X,0x800316D6] -> 0xFEB5
[4793] [M]: 0x800316D4 (0xFEB51CE3) bne a0, a1, 8184


mem[X,0x800316CC] -> 0x0213
mem[X,0x800316CE] -> 0x0012
[4794] [M]: 0x800316CC (0x00120213) addi tp, tp, 1
x4 <- 0x00000001


mem[X,0x800316D0] -> 0x006F
mem[X,0x800316D2] -> 0x0180
[4795] [M]: 0x800316D0 (0x0180006F) jal zero, 24


mem[X,0x800316E8] -> 0xA023
mem[X,0x800316EA] -> 0x7A40
[4796] [M]: 0x800316E8 (0x7A40A023) sw tp, 1952(ra)
mem[0x8003A908] <- 0x00000001


mem[X,0x800316EC] -> 0x6537
mem[X,0x800316EE] -> 0x6666
[4797] [M]: 0x800316EC (0x66666537) lui a0, 419430
x10 <- 0x66666000


mem[X,0x800316F0] -> 0x0513
mem[X,0x800316F2] -> 0x6655
[4798] [M]: 0x800316F0 (0x66550513) addi a0, a0, 1637
x10 <- 0x66666665


mem[X,0x800316F4] -> 0x35B7
mem[X,0x800316F6] -> 0x3333
[4799] [M]: 0x800316F4 (0x333335B7) lui a1, 209715
x11 <- 0x33333000


clint::tick mtime <- 0x0000000000000030
 clint timer pending at mtime 0x0000000000000030
htif::tick 0x0000000000000000
mem[X,0x800316F8] -> 0x8593
mem[X,0x800316FA] -> 0x3325
[4800] [M]: 0x800316F8 (0x33258593) addi a1, a1, 818
x11 <- 0x33333332


mem[X,0x800316FC] -> 0x0213
mem[X,0x800316FE] -> 0x0000
[4801] [M]: 0x800316FC (0x00000213) addi tp, zero, 0
x4 <- 0x00000000


mem[X,0x80031700] -> 0x006F
mem[X,0x80031702] -> 0x2B10
[4802] [M]: 0x80031700 (0x2B10006F) jal zero, 2736


mem[X,0x800321B0] -> 0x1A63
mem[X,0x800321B2] -> 0xD4B5
[4803] [M]: 0x800321B0 (0xD4B51A63) bne a0, a1, 5460


mem[X,0x80031704] -> 0x0213
mem[X,0x80031706] -> 0x0012
[4804] [M]: 0x80031704 (0x00120213) addi tp, tp, 1
x4 <- 0x00000001


mem[X,0x80031708] -> 0x006F
mem[X,0x8003170A] -> 0x2BD0
[4805] [M]: 0x80031708 (0x2BD0006F) jal zero, 2748


mem[X,0x800321C4] -> 0xA223
mem[X,0x800321C6] -> 0x7A40
[4806] [M]: 0x800321C4 (0x7A40A223) sw tp, 1956(ra)
mem[0x8003A90C] <- 0x00000001


mem[X,0x800321C8] -> 0x6537
mem[X,0x800321CA] -> 0x6666
[4807] [M]: 0x800321C8 (0x66666537) lui a0, 419430
x10 <- 0x66666000


mem[X,0x800321CC] -> 0x0513
mem[X,0x800321CE] -> 0x6655
[4808] [M]: 0x800321CC (0x66550513) addi a0, a0, 1637
x10 <- 0x66666665


mem[X,0x800321D0] -> 0x65B7
mem[X,0x800321D2] -> 0x6666
[4809] [M]: 0x800321D0 (0x666665B7) lui a1, 419430
x11 <- 0x66666000


mem[X,0x800321D4] -> 0x8593
mem[X,0x800321D6] -> 0x6655
[4810] [M]: 0x800321D4 (0x66558593) addi a1, a1, 1637
x11 <- 0x66666665


mem[X,0x800321D8] -> 0x0213
mem[X,0x800321DA] -> 0x0000
[4811] [M]: 0x800321D8 (0x00000213) addi tp, zero, 0
x4 <- 0x00000000


mem[X,0x800321DC] -> 0x006F
mem[X,0x800321DE] -> 0x00C0
[4812] [M]: 0x800321DC (0x00C0006F) jal zero, 12


mem[X,0x800321E8] -> 0x1063
mem[X,0x800321EA] -> 0x40B5
[4813] [M]: 0x800321E8 (0x40B51063) bne a0, a1, 1024


mem[X,0x800321EC] -> 0x0213
mem[X,0x800321EE] -> 0x0022
[4814] [M]: 0x800321EC (0x00220213) addi tp, tp, 2
x4 <- 0x00000002


mem[X,0x800321F0] -> 0x006F
mem[X,0x800321F2] -> 0x4000
[4815] [M]: 0x800321F0 (0x4000006F) jal zero, 1024


mem[X,0x800325F0] -> 0xA423
mem[X,0x800325F2] -> 0x7A40
[4816] [M]: 0x800325F0 (0x7A40A423) sw tp, 1960(ra)
mem[0x8003A910] <- 0x00000002


mem[X,0x800325F4] -> 0x6537
mem[X,0x800325F6] -> 0x6666
[4817] [M]: 0x800325F4 (0x66666537) lui a0, 419430
x10 <- 0x66666000


mem[X,0x800325F8] -> 0x0513
mem[X,0x800325FA] -> 0x6655
[4818] [M]: 0x800325F8 (0x66550513) addi a0, a0, 1637
x10 <- 0x66666665


mem[X,0x800325FC] -> 0xB5B7
mem[X,0x800325FE] -> 0x0000
[4819] [M]: 0x800325FC (0x0000B5B7) lui a1, 11
x11 <- 0x0000B000


mem[X,0x80032600] -> 0x8593
mem[X,0x80032602] -> 0x5035
[4820] [M]: 0x80032600 (0x50358593) addi a1, a1, 1283
x11 <- 0x0000B503


mem[X,0x80032604] -> 0x0213
mem[X,0x80032606] -> 0x0000
[4821] [M]: 0x80032604 (0x00000213) addi tp, zero, 0
x4 <- 0x00000000


mem[X,0x80032608] -> 0x006F
mem[X,0x8003260A] -> 0x0100
[4822] [M]: 0x80032608 (0x0100006F) jal zero, 16


mem[X,0x80032618] -> 0x1AE3
mem[X,0x8003261A] -> 0xFEB5
[4823] [M]: 0x80032618 (0xFEB51AE3) bne a0, a1, 8180


mem[X,0x8003260C] -> 0x0213
mem[X,0x8003260E] -> 0x0012
[4824] [M]: 0x8003260C (0x00120213) addi tp, tp, 1
x4 <- 0x00000001


mem[X,0x80032610] -> 0x006F
mem[X,0x80032612] -> 0x01C0
[4825] [M]: 0x80032610 (0x01C0006F) jal zero, 28


mem[X,0x8003262C] -> 0xA623
mem[X,0x8003262E] -> 0x7A40
[4826] [M]: 0x8003262C (0x7A40A623) sw tp, 1964(ra)
mem[0x8003A914] <- 0x00000001


mem[X,0x80032630] -> 0x6537
mem[X,0x80032632] -> 0x6666
[4827] [M]: 0x80032630 (0x66666537) lui a0, 419430
x10 <- 0x66666000


mem[X,0x80032634] -> 0x0513
mem[X,0x80032636] -> 0x6655
[4828] [M]: 0x80032634 (0x66550513) addi a0, a0, 1637
x10 <- 0x66666665


mem[X,0x80032638] -> 0x55B7
mem[X,0x8003263A] -> 0x5555
[4829] [M]: 0x80032638 (0x555555B7) lui a1, 349525
x11 <- 0x55555000


mem[X,0x8003263C] -> 0x8593
mem[X,0x8003263E] -> 0x5565
[4830] [M]: 0x8003263C (0x55658593) addi a1, a1, 1366
x11 <- 0x55555556


mem[X,0x80032640] -> 0x0213
mem[X,0x80032642] -> 0x0000
[4831] [M]: 0x80032640 (0x00000213) addi tp, zero, 0
x4 <- 0x00000000


mem[X,0x80032644] -> 0x006F
mem[X,0x80032646] -> 0x2B10
[4832] [M]: 0x80032644 (0x2B10006F) jal zero, 2736


mem[X,0x800330F4] -> 0x1A63
mem[X,0x800330F6] -> 0xD4B5
[4833] [M]: 0x800330F4 (0xD4B51A63) bne a0, a1, 5460


mem[X,0x80032648] -> 0x0213
mem[X,0x8003264A] -> 0x0012
[4834] [M]: 0x80032648 (0x00120213) addi tp, tp, 1
x4 <- 0x00000001


mem[X,0x8003264C] -> 0x006F
mem[X,0x8003264E] -> 0x2BD0
[4835] [M]: 0x8003264C (0x2BD0006F) jal zero, 2748


mem[X,0x80033108] -> 0xA823
mem[X,0x8003310A] -> 0x7A40
[4836] [M]: 0x80033108 (0x7A40A823) sw tp, 1968(ra)
mem[0x8003A918] <- 0x00000001


mem[X,0x8003310C] -> 0x6537
mem[X,0x8003310E] -> 0x6666
[4837] [M]: 0x8003310C (0x66666537) lui a0, 419430
x10 <- 0x66666000


mem[X,0x80033110] -> 0x0513
mem[X,0x80033112] -> 0x6655
[4838] [M]: 0x80033110 (0x66550513) addi a0, a0, 1637
x10 <- 0x66666665


mem[X,0x80033114] -> 0xB5B7
mem[X,0x80033116] -> 0xAAAA
[4839] [M]: 0x80033114 (0xAAAAB5B7) lui a1, 699051
x11 <- 0xAAAAB000


mem[X,0x80033118] -> 0x8593
mem[X,0x8003311A] -> 0xAAB5
[4840] [M]: 0x80033118 (0xAAB58593) addi a1, a1, 2731
x11 <- 0xAAAAAAAB


mem[X,0x8003311C] -> 0x0213
mem[X,0x8003311E] -> 0x0000
[4841] [M]: 0x8003311C (0x00000213) addi tp, zero, 0
x4 <- 0x00000000


mem[X,0x80033120] -> 0x006F
mem[X,0x80033122] -> 0x00C0
[4842] [M]: 0x80033120 (0x00C0006F) jal zero, 12


mem[X,0x8003312C] -> 0x1063
mem[X,0x8003312E] -> 0x02B5
[4843] [M]: 0x8003312C (0x02B51063) bne a0, a1, 32


mem[X,0x8003314C] -> 0x0213
mem[X,0x8003314E] -> 0x0032
[4844] [M]: 0x8003314C (0x00320213) addi tp, tp, 3
x4 <- 0x00000003


mem[X,0x80033150] -> 0x006F
mem[X,0x80033152] -> 0x0040
[4845] [M]: 0x80033150 (0x0040006F) jal zero, 4


mem[X,0x80033154] -> 0xAA23
mem[X,0x80033156] -> 0x7A40
[4846] [M]: 0x80033154 (0x7A40AA23) sw tp, 1972(ra)
mem[0x8003A91C] <- 0x00000003


mem[X,0x80033158] -> 0x6537
mem[X,0x8003315A] -> 0x6666
[4847] [M]: 0x80033158 (0x66666537) lui a0, 419430
x10 <- 0x66666000


mem[X,0x8003315C] -> 0x0513
mem[X,0x8003315E] -> 0x6655
[4848] [M]: 0x8003315C (0x66550513) addi a0, a0, 1637
x10 <- 0x66666665


mem[X,0x80033160] -> 0x0593
mem[X,0x80033162] -> 0x0060
[4849] [M]: 0x80033160 (0x00600593) addi a1, zero, 6
x11 <- 0x00000006


mem[X,0x80033164] -> 0x0213
mem[X,0x80033166] -> 0x0000
[4850] [M]: 0x80033164 (0x00000213) addi tp, zero, 0
x4 <- 0x00000000


mem[X,0x80033168] -> 0x006F
mem[X,0x8003316A] -> 0x00C0
[4851] [M]: 0x80033168 (0x00C0006F) jal zero, 12


mem[X,0x80033174] -> 0x1063
mem[X,0x80033176] -> 0x10B5
[4852] [M]: 0x80033174 (0x10B51063) bne a0, a1, 256


mem[X,0x80033274] -> 0x0213
mem[X,0x80033276] -> 0x0032
[4853] [M]: 0x80033274 (0x00320213) addi tp, tp, 3
x4 <- 0x00000003


mem[X,0x80033278] -> 0x006F
mem[X,0x8003327A] -> 0x0040
[4854] [M]: 0x80033278 (0x0040006F) jal zero, 4


mem[X,0x8003327C] -> 0xAC23
mem[X,0x8003327E] -> 0x7A40
[4855] [M]: 0x8003327C (0x7A40AC23) sw tp, 1976(ra)
mem[0x8003A920] <- 0x00000003


mem[X,0x80033280] -> 0x6537
mem[X,0x80033282] -> 0x6666
[4856] [M]: 0x80033280 (0x66666537) lui a0, 419430
x10 <- 0x66666000


mem[X,0x80033284] -> 0x0513
mem[X,0x80033286] -> 0x6655
[4857] [M]: 0x80033284 (0x66550513) addi a0, a0, 1637
x10 <- 0x66666665


mem[X,0x80033288] -> 0x35B7
mem[X,0x8003328A] -> 0x3333
[4858] [M]: 0x80033288 (0x333335B7) lui a1, 209715
x11 <- 0x33333000


mem[X,0x8003328C] -> 0x8593
mem[X,0x8003328E] -> 0x3345
[4859] [M]: 0x8003328C (0x33458593) addi a1, a1, 820
x11 <- 0x33333334


mem[X,0x80033290] -> 0x0213
mem[X,0x80033292] -> 0x0000
[4860] [M]: 0x80033290 (0x00000213) addi tp, zero, 0
x4 <- 0x00000000


mem[X,0x80033294] -> 0x006F
mem[X,0x80033296] -> 0x00C0
[4861] [M]: 0x80033294 (0x00C0006F) jal zero, 12


mem[X,0x800332A0] -> 0x1063
mem[X,0x800332A2] -> 0x20B5
[4862] [M]: 0x800332A0 (0x20B51063) bne a0, a1, 512


mem[X,0x800334A0] -> 0x0213
mem[X,0x800334A2] -> 0x0032
[4863] [M]: 0x800334A0 (0x00320213) addi tp, tp, 3
x4 <- 0x00000003


mem[X,0x800334A4] -> 0x006F
mem[X,0x800334A6] -> 0x0040
[4864] [M]: 0x800334A4 (0x0040006F) jal zero, 4


mem[X,0x800334A8] -> 0xAE23
mem[X,0x800334AA] -> 0x7A40
[4865] [M]: 0x800334A8 (0x7A40AE23) sw tp, 1980(ra)
mem[0x8003A924] <- 0x00000003


mem[X,0x800334AC] -> 0x6537
mem[X,0x800334AE] -> 0x6666
[4866] [M]: 0x800334AC (0x66666537) lui a0, 419430
x10 <- 0x66666000


mem[X,0x800334B0] -> 0x0513
mem[X,0x800334B2] -> 0x6655
[4867] [M]: 0x800334B0 (0x66550513) addi a0, a0, 1637
x10 <- 0x66666665


mem[X,0x800334B4] -> 0x65B7
mem[X,0x800334B6] -> 0x6666
[4868] [M]: 0x800334B4 (0x666665B7) lui a1, 419430
x11 <- 0x66666000


mem[X,0x800334B8] -> 0x8593
mem[X,0x800334BA] -> 0x6675
[4869] [M]: 0x800334B8 (0x66758593) addi a1, a1, 1639
x11 <- 0x66666667


mem[X,0x800334BC] -> 0x0213
mem[X,0x800334BE] -> 0x0000
[4870] [M]: 0x800334BC (0x00000213) addi tp, zero, 0
x4 <- 0x00000000


mem[X,0x800334C0] -> 0x006F
mem[X,0x800334C2] -> 0x00C0
[4871] [M]: 0x800334C0 (0x00C0006F) jal zero, 12


mem[X,0x800334CC] -> 0x1063
mem[X,0x800334CE] -> 0x04B5
[4872] [M]: 0x800334CC (0x04B51063) bne a0, a1, 64


mem[X,0x8003350C] -> 0x0213
mem[X,0x8003350E] -> 0x0032
[4873] [M]: 0x8003350C (0x00320213) addi tp, tp, 3
x4 <- 0x00000003


mem[X,0x80033510] -> 0x006F
mem[X,0x80033512] -> 0x0040
[4874] [M]: 0x80033510 (0x0040006F) jal zero, 4


mem[X,0x80033514] -> 0xA023
mem[X,0x80033516] -> 0x7C40
[4875] [M]: 0x80033514 (0x7C40A023) sw tp, 1984(ra)
mem[0x8003A928] <- 0x00000003


mem[X,0x80033518] -> 0x6537
mem[X,0x8003351A] -> 0x6666
[4876] [M]: 0x80033518 (0x66666537) lui a0, 419430
x10 <- 0x66666000


mem[X,0x8003351C] -> 0x0513
mem[X,0x8003351E] -> 0x6655
[4877] [M]: 0x8003351C (0x66550513) addi a0, a0, 1637
x10 <- 0x66666665


mem[X,0x80033520] -> 0x55B7
mem[X,0x80033522] -> 0xFFFF
[4878] [M]: 0x80033520 (0xFFFF55B7) lui a1, 1048565
x11 <- 0xFFFF5000


mem[X,0x80033524] -> 0x8593
mem[X,0x80033526] -> 0xAFD5
[4879] [M]: 0x80033524 (0xAFD58593) addi a1, a1, 2813
x11 <- 0xFFFF4AFD


mem[X,0x80033528] -> 0x0213
mem[X,0x8003352A] -> 0x0000
[4880] [M]: 0x80033528 (0x00000213) addi tp, zero, 0
x4 <- 0x00000000


mem[X,0x8003352C] -> 0x006F
mem[X,0x8003352E] -> 0x0180
[4881] [M]: 0x8003352C (0x0180006F) jal zero, 24


mem[X,0x80033544] -> 0x16E3
mem[X,0x80033546] -> 0xFEB5
[4882] [M]: 0x80033544 (0xFEB516E3) bne a0, a1, 8172


mem[X,0x80033530] -> 0x0213
mem[X,0x80033532] -> 0x0012
[4883] [M]: 0x80033530 (0x00120213) addi tp, tp, 1
x4 <- 0x00000001


mem[X,0x80033534] -> 0x006F
mem[X,0x80033536] -> 0x0240
[4884] [M]: 0x80033534 (0x0240006F) jal zero, 36


mem[X,0x80033558] -> 0xA223
mem[X,0x8003355A] -> 0x7C40
[4885] [M]: 0x80033558 (0x7C40A223) sw tp, 1988(ra)
mem[0x8003A92C] <- 0x00000001


mem[X,0x8003355C] -> 0x6537
mem[X,0x8003355E] -> 0x6666
[4886] [M]: 0x8003355C (0x66666537) lui a0, 419430
x10 <- 0x66666000


mem[X,0x80033560] -> 0x0513
mem[X,0x80033562] -> 0x6655
[4887] [M]: 0x80033560 (0x66550513) addi a0, a0, 1637
x10 <- 0x66666665


mem[X,0x80033564] -> 0xB5B7
mem[X,0x80033566] -> 0x0000
[4888] [M]: 0x80033564 (0x0000B5B7) lui a1, 11
x11 <- 0x0000B000


mem[X,0x80033568] -> 0x8593
mem[X,0x8003356A] -> 0x5055
[4889] [M]: 0x80033568 (0x50558593) addi a1, a1, 1285
x11 <- 0x0000B505


mem[X,0x8003356C] -> 0x0213
mem[X,0x8003356E] -> 0x0000
[4890] [M]: 0x8003356C (0x00000213) addi tp, zero, 0
x4 <- 0x00000000


mem[X,0x80033570] -> 0x006F
mem[X,0x80033572] -> 0x00C0
[4891] [M]: 0x80033570 (0x00C0006F) jal zero, 12


mem[X,0x8003357C] -> 0x1063
mem[X,0x8003357E] -> 0x40B5
[4892] [M]: 0x8003357C (0x40B51063) bne a0, a1, 1024


mem[X,0x8003397C] -> 0x0213
mem[X,0x8003397E] -> 0x0032
[4893] [M]: 0x8003397C (0x00320213) addi tp, tp, 3
x4 <- 0x00000003


mem[X,0x80033980] -> 0x006F
mem[X,0x80033982] -> 0x0040
[4894] [M]: 0x80033980 (0x0040006F) jal zero, 4


mem[X,0x80033984] -> 0xA423
mem[X,0x80033986] -> 0x7C40
[4895] [M]: 0x80033984 (0x7C40A423) sw tp, 1992(ra)
mem[0x8003A930] <- 0x00000003


mem[X,0x80033988] -> 0xB537
mem[X,0x8003398A] -> 0x0000
[4896] [M]: 0x80033988 (0x0000B537) lui a0, 11
x10 <- 0x0000B000


mem[X,0x8003398C] -> 0x0513
mem[X,0x8003398E] -> 0x5035
[4897] [M]: 0x8003398C (0x50350513) addi a0, a0, 1283
x10 <- 0x0000B503


mem[X,0x80033990] -> 0x0593
mem[X,0x80033992] -> 0x0030
[4898] [M]: 0x80033990 (0x00300593) addi a1, zero, 3
x11 <- 0x00000003


mem[X,0x80033994] -> 0x0213
mem[X,0x80033996] -> 0x0000
[4899] [M]: 0x80033994 (0x00000213) addi tp, zero, 0
x4 <- 0x00000000


clint::tick mtime <- 0x0000000000000031
 clint timer pending at mtime 0x0000000000000031
htif::tick 0x0000000000000000
mem[X,0x80033998] -> 0x006F
mem[X,0x8003399A] -> 0x0140
[4900] [M]: 0x80033998 (0x0140006F) jal zero, 20


mem[X,0x800339AC] -> 0x18E3
mem[X,0x800339AE] -> 0xFEB5
[4901] [M]: 0x800339AC (0xFEB518E3) bne a0, a1, 8176


mem[X,0x8003399C] -> 0x0213
mem[X,0x8003399E] -> 0x0012
[4902] [M]: 0x8003399C (0x00120213) addi tp, tp, 1
x4 <- 0x00000001


mem[X,0x800339A0] -> 0x006F
mem[X,0x800339A2] -> 0x0200
[4903] [M]: 0x800339A0 (0x0200006F) jal zero, 32


mem[X,0x800339C0] -> 0xA623
mem[X,0x800339C2] -> 0x7C40
[4904] [M]: 0x800339C0 (0x7C40A623) sw tp, 1996(ra)
mem[0x8003A934] <- 0x00000001


mem[X,0x800339C4] -> 0xB537
mem[X,0x800339C6] -> 0x0000
[4905] [M]: 0x800339C4 (0x0000B537) lui a0, 11
x10 <- 0x0000B000


mem[X,0x800339C8] -> 0x0513
mem[X,0x800339CA] -> 0x5035
[4906] [M]: 0x800339C8 (0x50350513) addi a0, a0, 1283
x10 <- 0x0000B503


mem[X,0x800339CC] -> 0x55B7
mem[X,0x800339CE] -> 0x5555
[4907] [M]: 0x800339CC (0x555555B7) lui a1, 349525
x11 <- 0x55555000


mem[X,0x800339D0] -> 0x8593
mem[X,0x800339D2] -> 0x5555
[4908] [M]: 0x800339D0 (0x55558593) addi a1, a1, 1365
x11 <- 0x55555555


mem[X,0x800339D4] -> 0x0213
mem[X,0x800339D6] -> 0x0000
[4909] [M]: 0x800339D4 (0x00000213) addi tp, zero, 0
x4 <- 0x00000000


mem[X,0x800339D8] -> 0x006F
mem[X,0x800339DA] -> 0x00C0
[4910] [M]: 0x800339D8 (0x00C0006F) jal zero, 12


mem[X,0x800339E4] -> 0x1063
mem[X,0x800339E6] -> 0x02B5
[4911] [M]: 0x800339E4 (0x02B51063) bne a0, a1, 32


mem[X,0x80033A04] -> 0x0213
mem[X,0x80033A06] -> 0x0032
[4912] [M]: 0x80033A04 (0x00320213) addi tp, tp, 3
x4 <- 0x00000003


mem[X,0x80033A08] -> 0x006F
mem[X,0x80033A0A] -> 0x0040
[4913] [M]: 0x80033A08 (0x0040006F) jal zero, 4


mem[X,0x80033A0C] -> 0xA823
mem[X,0x80033A0E] -> 0x7C40
[4914] [M]: 0x80033A0C (0x7C40A823) sw tp, 2000(ra)
mem[0x8003A938] <- 0x00000003


mem[X,0x80033A10] -> 0xB537
mem[X,0x80033A12] -> 0x0000
[4915] [M]: 0x80033A10 (0x0000B537) lui a0, 11
x10 <- 0x0000B000


mem[X,0x80033A14] -> 0x0513
mem[X,0x80033A16] -> 0x5035
[4916] [M]: 0x80033A14 (0x50350513) addi a0, a0, 1283
x10 <- 0x0000B503


mem[X,0x80033A18] -> 0xB5B7
mem[X,0x80033A1A] -> 0xAAAA
[4917] [M]: 0x80033A18 (0xAAAAB5B7) lui a1, 699051
x11 <- 0xAAAAB000


mem[X,0x80033A1C] -> 0x8593
mem[X,0x80033A1E] -> 0xAAA5
[4918] [M]: 0x80033A1C (0xAAA58593) addi a1, a1, 2730
x11 <- 0xAAAAAAAA


mem[X,0x80033A20] -> 0x0213
mem[X,0x80033A22] -> 0x0000
[4919] [M]: 0x80033A20 (0x00000213) addi tp, zero, 0
x4 <- 0x00000000


mem[X,0x80033A24] -> 0x006F
mem[X,0x80033A26] -> 0x00C0
[4920] [M]: 0x80033A24 (0x00C0006F) jal zero, 12


mem[X,0x80033A30] -> 0x1CE3
mem[X,0x80033A32] -> 0xFEB5
[4921] [M]: 0x80033A30 (0xFEB51CE3) bne a0, a1, 8184


mem[X,0x80033A28] -> 0x0213
mem[X,0x80033A2A] -> 0x0012
[4922] [M]: 0x80033A28 (0x00120213) addi tp, tp, 1
x4 <- 0x00000001


mem[X,0x80033A2C] -> 0x006F
mem[X,0x80033A2E] -> 0x0180
[4923] [M]: 0x80033A2C (0x0180006F) jal zero, 24


mem[X,0x80033A44] -> 0xAA23
mem[X,0x80033A46] -> 0x7C40
[4924] [M]: 0x80033A44 (0x7C40AA23) sw tp, 2004(ra)
mem[0x8003A93C] <- 0x00000001


mem[X,0x80033A48] -> 0xB537
mem[X,0x80033A4A] -> 0x0000
[4925] [M]: 0x80033A48 (0x0000B537) lui a0, 11
x10 <- 0x0000B000


mem[X,0x80033A4C] -> 0x0513
mem[X,0x80033A4E] -> 0x5035
[4926] [M]: 0x80033A4C (0x50350513) addi a0, a0, 1283
x10 <- 0x0000B503


mem[X,0x80033A50] -> 0x0593
mem[X,0x80033A52] -> 0x0050
[4927] [M]: 0x80033A50 (0x00500593) addi a1, zero, 5
x11 <- 0x00000005


mem[X,0x80033A54] -> 0x0213
mem[X,0x80033A56] -> 0x0000
[4928] [M]: 0x80033A54 (0x00000213) addi tp, zero, 0
x4 <- 0x00000000


mem[X,0x80033A58] -> 0x006F
mem[X,0x80033A5A] -> 0x00C0
[4929] [M]: 0x80033A58 (0x00C0006F) jal zero, 12


mem[X,0x80033A64] -> 0x1CE3
mem[X,0x80033A66] -> 0xFEB5
[4930] [M]: 0x80033A64 (0xFEB51CE3) bne a0, a1, 8184


mem[X,0x80033A5C] -> 0x0213
mem[X,0x80033A5E] -> 0x0012
[4931] [M]: 0x80033A5C (0x00120213) addi tp, tp, 1
x4 <- 0x00000001


mem[X,0x80033A60] -> 0x006F
mem[X,0x80033A62] -> 0x0180
[4932] [M]: 0x80033A60 (0x0180006F) jal zero, 24


mem[X,0x80033A78] -> 0xAC23
mem[X,0x80033A7A] -> 0x7C40
[4933] [M]: 0x80033A78 (0x7C40AC23) sw tp, 2008(ra)
mem[0x8003A940] <- 0x00000001


mem[X,0x80033A7C] -> 0xB537
mem[X,0x80033A7E] -> 0x0000
[4934] [M]: 0x80033A7C (0x0000B537) lui a0, 11
x10 <- 0x0000B000


mem[X,0x80033A80] -> 0x0513
mem[X,0x80033A82] -> 0x5035
[4935] [M]: 0x80033A80 (0x50350513) addi a0, a0, 1283
x10 <- 0x0000B503


mem[X,0x80033A84] -> 0x35B7
mem[X,0x80033A86] -> 0x3333
[4936] [M]: 0x80033A84 (0x333335B7) lui a1, 209715
x11 <- 0x33333000


mem[X,0x80033A88] -> 0x8593
mem[X,0x80033A8A] -> 0x3335
[4937] [M]: 0x80033A88 (0x33358593) addi a1, a1, 819
x11 <- 0x33333333


mem[X,0x80033A8C] -> 0x0213
mem[X,0x80033A8E] -> 0x0000
[4938] [M]: 0x80033A8C (0x00000213) addi tp, zero, 0
x4 <- 0x00000000


mem[X,0x80033A90] -> 0x006F
mem[X,0x80033A92] -> 0x00C0
[4939] [M]: 0x80033A90 (0x00C0006F) jal zero, 12


mem[X,0x80033A9C] -> 0x1CE3
mem[X,0x80033A9E] -> 0xFEB5
[4940] [M]: 0x80033A9C (0xFEB51CE3) bne a0, a1, 8184


mem[X,0x80033A94] -> 0x0213
mem[X,0x80033A96] -> 0x0012
[4941] [M]: 0x80033A94 (0x00120213) addi tp, tp, 1
x4 <- 0x00000001


mem[X,0x80033A98] -> 0x006F
mem[X,0x80033A9A] -> 0x0180
[4942] [M]: 0x80033A98 (0x0180006F) jal zero, 24


mem[X,0x80033AB0] -> 0xAE23
mem[X,0x80033AB2] -> 0x7C40
[4943] [M]: 0x80033AB0 (0x7C40AE23) sw tp, 2012(ra)
mem[0x8003A944] <- 0x00000001


mem[X,0x80033AB4] -> 0xB537
mem[X,0x80033AB6] -> 0x0000
[4944] [M]: 0x80033AB4 (0x0000B537) lui a0, 11
x10 <- 0x0000B000


mem[X,0x80033AB8] -> 0x0513
mem[X,0x80033ABA] -> 0x5035
[4945] [M]: 0x80033AB8 (0x50350513) addi a0, a0, 1283
x10 <- 0x0000B503


mem[X,0x80033ABC] -> 0x65B7
mem[X,0x80033ABE] -> 0x6666
[4946] [M]: 0x80033ABC (0x666665B7) lui a1, 419430
x11 <- 0x66666000


mem[X,0x80033AC0] -> 0x8593
mem[X,0x80033AC2] -> 0x6665
[4947] [M]: 0x80033AC0 (0x66658593) addi a1, a1, 1638
x11 <- 0x66666666


mem[X,0x80033AC4] -> 0x0213
mem[X,0x80033AC6] -> 0x0000
[4948] [M]: 0x80033AC4 (0x00000213) addi tp, zero, 0
x4 <- 0x00000000


mem[X,0x80033AC8] -> 0x006F
mem[X,0x80033ACA] -> 0x00C0
[4949] [M]: 0x80033AC8 (0x00C0006F) jal zero, 12


mem[X,0x80033AD4] -> 0x1063
mem[X,0x80033AD6] -> 0x08B5
[4950] [M]: 0x80033AD4 (0x08B51063) bne a0, a1, 128


mem[X,0x80033B54] -> 0x0213
mem[X,0x80033B56] -> 0x0032
[4951] [M]: 0x80033B54 (0x00320213) addi tp, tp, 3
x4 <- 0x00000003


mem[X,0x80033B58] -> 0x006F
mem[X,0x80033B5A] -> 0x0040
[4952] [M]: 0x80033B58 (0x0040006F) jal zero, 4


mem[X,0x80033B5C] -> 0xA023
mem[X,0x80033B5E] -> 0x7E40
[4953] [M]: 0x80033B5C (0x7E40A023) sw tp, 2016(ra)
mem[0x8003A948] <- 0x00000003


mem[X,0x80033B60] -> 0xB537
mem[X,0x80033B62] -> 0x0000
[4954] [M]: 0x80033B60 (0x0000B537) lui a0, 11
x10 <- 0x0000B000


mem[X,0x80033B64] -> 0x0513
mem[X,0x80033B66] -> 0x5035
[4955] [M]: 0x80033B64 (0x50350513) addi a0, a0, 1283
x10 <- 0x0000B503


mem[X,0x80033B68] -> 0x55B7
mem[X,0x80033B6A] -> 0xFFFF
[4956] [M]: 0x80033B68 (0xFFFF55B7) lui a1, 1048565
x11 <- 0xFFFF5000


mem[X,0x80033B6C] -> 0x8593
mem[X,0x80033B6E] -> 0xAFC5
[4957] [M]: 0x80033B6C (0xAFC58593) addi a1, a1, 2812
x11 <- 0xFFFF4AFC


mem[X,0x80033B70] -> 0x0213
mem[X,0x80033B72] -> 0x0000
[4958] [M]: 0x80033B70 (0x00000213) addi tp, zero, 0
x4 <- 0x00000000


mem[X,0x80033B74] -> 0x006F
mem[X,0x80033B76] -> 0x00C0
[4959] [M]: 0x80033B74 (0x00C0006F) jal zero, 12


mem[X,0x80033B80] -> 0x1CE3
mem[X,0x80033B82] -> 0xFEB5
[4960] [M]: 0x80033B80 (0xFEB51CE3) bne a0, a1, 8184


mem[X,0x80033B78] -> 0x0213
mem[X,0x80033B7A] -> 0x0012
[4961] [M]: 0x80033B78 (0x00120213) addi tp, tp, 1
x4 <- 0x00000001


mem[X,0x80033B7C] -> 0x006F
mem[X,0x80033B7E] -> 0x0180
[4962] [M]: 0x80033B7C (0x0180006F) jal zero, 24


mem[X,0x80033B94] -> 0xA223
mem[X,0x80033B96] -> 0x7E40
[4963] [M]: 0x80033B94 (0x7E40A223) sw tp, 2020(ra)
mem[0x8003A94C] <- 0x00000001


mem[X,0x80033B98] -> 0xB537
mem[X,0x80033B9A] -> 0x0000
[4964] [M]: 0x80033B98 (0x0000B537) lui a0, 11
x10 <- 0x0000B000


mem[X,0x80033B9C] -> 0x0513
mem[X,0x80033B9E] -> 0x5035
[4965] [M]: 0x80033B9C (0x50350513) addi a0, a0, 1283
x10 <- 0x0000B503


mem[X,0x80033BA0] -> 0xB5B7
mem[X,0x80033BA2] -> 0x0000
[4966] [M]: 0x80033BA0 (0x0000B5B7) lui a1, 11
x11 <- 0x0000B000


mem[X,0x80033BA4] -> 0x8593
mem[X,0x80033BA6] -> 0x5045
[4967] [M]: 0x80033BA4 (0x50458593) addi a1, a1, 1284
x11 <- 0x0000B504


mem[X,0x80033BA8] -> 0x0213
mem[X,0x80033BAA] -> 0x0000
[4968] [M]: 0x80033BA8 (0x00000213) addi tp, zero, 0
x4 <- 0x00000000


mem[X,0x80033BAC] -> 0x006F
mem[X,0x80033BAE] -> 0x0100
[4969] [M]: 0x80033BAC (0x0100006F) jal zero, 16


mem[X,0x80033BBC] -> 0x1AE3
mem[X,0x80033BBE] -> 0xFEB5
[4970] [M]: 0x80033BBC (0xFEB51AE3) bne a0, a1, 8180


mem[X,0x80033BB0] -> 0x0213
mem[X,0x80033BB2] -> 0x0012
[4971] [M]: 0x80033BB0 (0x00120213) addi tp, tp, 1
x4 <- 0x00000001


mem[X,0x80033BB4] -> 0x006F
mem[X,0x80033BB6] -> 0x01C0
[4972] [M]: 0x80033BB4 (0x01C0006F) jal zero, 28


mem[X,0x80033BD0] -> 0xA423
mem[X,0x80033BD2] -> 0x7E40
[4973] [M]: 0x80033BD0 (0x7E40A423) sw tp, 2024(ra)
mem[0x8003A950] <- 0x00000001


mem[X,0x80033BD4] -> 0xB537
mem[X,0x80033BD6] -> 0x0000
[4974] [M]: 0x80033BD4 (0x0000B537) lui a0, 11
x10 <- 0x0000B000


mem[X,0x80033BD8] -> 0x0513
mem[X,0x80033BDA] -> 0x5035
[4975] [M]: 0x80033BD8 (0x50350513) addi a0, a0, 1283
x10 <- 0x0000B503


mem[X,0x80033BDC] -> 0x0593
mem[X,0x80033BDE] -> 0x0020
[4976] [M]: 0x80033BDC (0x00200593) addi a1, zero, 2
x11 <- 0x00000002


mem[X,0x80033BE0] -> 0x0213
mem[X,0x80033BE2] -> 0x0000
[4977] [M]: 0x80033BE0 (0x00000213) addi tp, zero, 0
x4 <- 0x00000000


mem[X,0x80033BE4] -> 0x006F
mem[X,0x80033BE6] -> 0x00C0
[4978] [M]: 0x80033BE4 (0x00C0006F) jal zero, 12


mem[X,0x80033BF0] -> 0x1CE3
mem[X,0x80033BF2] -> 0xFEB5
[4979] [M]: 0x80033BF0 (0xFEB51CE3) bne a0, a1, 8184


mem[X,0x80033BE8] -> 0x0213
mem[X,0x80033BEA] -> 0x0012
[4980] [M]: 0x80033BE8 (0x00120213) addi tp, tp, 1
x4 <- 0x00000001


mem[X,0x80033BEC] -> 0x006F
mem[X,0x80033BEE] -> 0x0180
[4981] [M]: 0x80033BEC (0x0180006F) jal zero, 24


mem[X,0x80033C04] -> 0xA623
mem[X,0x80033C06] -> 0x7E40
[4982] [M]: 0x80033C04 (0x7E40A623) sw tp, 2028(ra)
mem[0x8003A954] <- 0x00000001


mem[X,0x80033C08] -> 0xB537
mem[X,0x80033C0A] -> 0x0000
[4983] [M]: 0x80033C08 (0x0000B537) lui a0, 11
x10 <- 0x0000B000


mem[X,0x80033C0C] -> 0x0513
mem[X,0x80033C0E] -> 0x5035
[4984] [M]: 0x80033C0C (0x50350513) addi a0, a0, 1283
x10 <- 0x0000B503


mem[X,0x80033C10] -> 0x55B7
mem[X,0x80033C12] -> 0x5555
[4985] [M]: 0x80033C10 (0x555555B7) lui a1, 349525
x11 <- 0x55555000


mem[X,0x80033C14] -> 0x8593
mem[X,0x80033C16] -> 0x5545
[4986] [M]: 0x80033C14 (0x55458593) addi a1, a1, 1364
x11 <- 0x55555554


mem[X,0x80033C18] -> 0x0213
mem[X,0x80033C1A] -> 0x0000
[4987] [M]: 0x80033C18 (0x00000213) addi tp, zero, 0
x4 <- 0x00000000


mem[X,0x80033C1C] -> 0x006F
mem[X,0x80033C1E] -> 0x00C0
[4988] [M]: 0x80033C1C (0x00C0006F) jal zero, 12


mem[X,0x80033C28] -> 0x1CE3
mem[X,0x80033C2A] -> 0xFEB5
[4989] [M]: 0x80033C28 (0xFEB51CE3) bne a0, a1, 8184


mem[X,0x80033C20] -> 0x0213
mem[X,0x80033C22] -> 0x0012
[4990] [M]: 0x80033C20 (0x00120213) addi tp, tp, 1
x4 <- 0x00000001


mem[X,0x80033C24] -> 0x006F
mem[X,0x80033C26] -> 0x0180
[4991] [M]: 0x80033C24 (0x0180006F) jal zero, 24


mem[X,0x80033C3C] -> 0xA823
mem[X,0x80033C3E] -> 0x7E40
[4992] [M]: 0x80033C3C (0x7E40A823) sw tp, 2032(ra)
mem[0x8003A958] <- 0x00000001


mem[X,0x80033C40] -> 0xB537
mem[X,0x80033C42] -> 0x0000
[4993] [M]: 0x80033C40 (0x0000B537) lui a0, 11
x10 <- 0x0000B000


mem[X,0x80033C44] -> 0x0513
mem[X,0x80033C46] -> 0x5035
[4994] [M]: 0x80033C44 (0x50350513) addi a0, a0, 1283
x10 <- 0x0000B503


mem[X,0x80033C48] -> 0x0593
mem[X,0x80033C4A] -> 0x0000
[4995] [M]: 0x80033C48 (0x00000593) addi a1, zero, 0
x11 <- 0x00000000


mem[X,0x80033C4C] -> 0x0213
mem[X,0x80033C4E] -> 0x0000
[4996] [M]: 0x80033C4C (0x00000213) addi tp, zero, 0
x4 <- 0x00000000


mem[X,0x80033C50] -> 0x006F
mem[X,0x80033C52] -> 0x2B10
[4997] [M]: 0x80033C50 (0x2B10006F) jal zero, 2736


mem[X,0x80034700] -> 0x1A63
mem[X,0x80034702] -> 0xD4B5
[4998] [M]: 0x80034700 (0xD4B51A63) bne a0, a1, 5460


mem[X,0x80033C54] -> 0x0213
mem[X,0x80033C56] -> 0x0012
[4999] [M]: 0x80033C54 (0x00120213) addi tp, tp, 1
x4 <- 0x00000001


clint::tick mtime <- 0x0000000000000032
 clint timer pending at mtime 0x0000000000000032
htif::tick 0x0000000000000000
mem[X,0x80033C58] -> 0x006F
mem[X,0x80033C5A] -> 0x2BD0
[5000] [M]: 0x80033C58 (0x2BD0006F) jal zero, 2748


mem[X,0x80034714] -> 0xAA23
mem[X,0x80034716] -> 0x7E40
[5001] [M]: 0x80034714 (0x7E40AA23) sw tp, 2036(ra)
mem[0x8003A95C] <- 0x00000001


mem[X,0x80034718] -> 0xB537
mem[X,0x8003471A] -> 0x0000
[5002] [M]: 0x80034718 (0x0000B537) lui a0, 11
x10 <- 0x0000B000


mem[X,0x8003471C] -> 0x0513
mem[X,0x8003471E] -> 0x5035
[5003] [M]: 0x8003471C (0x50350513) addi a0, a0, 1283
x10 <- 0x0000B503


mem[X,0x80034720] -> 0x0593
mem[X,0x80034722] -> 0x0040
[5004] [M]: 0x80034720 (0x00400593) addi a1, zero, 4
x11 <- 0x00000004


mem[X,0x80034724] -> 0x0213
mem[X,0x80034726] -> 0x0000
[5005] [M]: 0x80034724 (0x00000213) addi tp, zero, 0
x4 <- 0x00000000


mem[X,0x80034728] -> 0x006F
mem[X,0x8003472A] -> 0x0180
[5006] [M]: 0x80034728 (0x0180006F) jal zero, 24


mem[X,0x80034740] -> 0x16E3
mem[X,0x80034742] -> 0xFEB5
[5007] [M]: 0x80034740 (0xFEB516E3) bne a0, a1, 8172


mem[X,0x8003472C] -> 0x0213
mem[X,0x8003472E] -> 0x0012
[5008] [M]: 0x8003472C (0x00120213) addi tp, tp, 1
x4 <- 0x00000001


mem[X,0x80034730] -> 0x006F
mem[X,0x80034732] -> 0x0240
[5009] [M]: 0x80034730 (0x0240006F) jal zero, 36


mem[X,0x80034754] -> 0xAC23
mem[X,0x80034756] -> 0x7E40
[5010] [M]: 0x80034754 (0x7E40AC23) sw tp, 2040(ra)
mem[0x8003A960] <- 0x00000001


mem[X,0x80034758] -> 0xB537
mem[X,0x8003475A] -> 0x0000
[5011] [M]: 0x80034758 (0x0000B537) lui a0, 11
x10 <- 0x0000B000


mem[X,0x8003475C] -> 0x0513
mem[X,0x8003475E] -> 0x5035
[5012] [M]: 0x8003475C (0x50350513) addi a0, a0, 1283
x10 <- 0x0000B503


mem[X,0x80034760] -> 0x35B7
mem[X,0x80034762] -> 0x3333
[5013] [M]: 0x80034760 (0x333335B7) lui a1, 209715
x11 <- 0x33333000


mem[X,0x80034764] -> 0x8593
mem[X,0x80034766] -> 0x3325
[5014] [M]: 0x80034764 (0x33258593) addi a1, a1, 818
x11 <- 0x33333332


mem[X,0x80034768] -> 0x0213
mem[X,0x8003476A] -> 0x0000
[5015] [M]: 0x80034768 (0x00000213) addi tp, zero, 0
x4 <- 0x00000000


mem[X,0x8003476C] -> 0x006F
mem[X,0x8003476E] -> 0x00C0
[5016] [M]: 0x8003476C (0x00C0006F) jal zero, 12


mem[X,0x80034778] -> 0x1063
mem[X,0x8003477A] -> 0x02B5
[5017] [M]: 0x80034778 (0x02B51063) bne a0, a1, 32


mem[X,0x80034798] -> 0x0213
mem[X,0x8003479A] -> 0x0032
[5018] [M]: 0x80034798 (0x00320213) addi tp, tp, 3
x4 <- 0x00000003


mem[X,0x8003479C] -> 0x006F
mem[X,0x8003479E] -> 0x0040
[5019] [M]: 0x8003479C (0x0040006F) jal zero, 4


mem[X,0x800347A0] -> 0xAE23
mem[X,0x800347A2] -> 0x7E40
[5020] [M]: 0x800347A0 (0x7E40AE23) sw tp, 2044(ra)
mem[0x8003A964] <- 0x00000003


mem[X,0x800347A4] -> 0x0013
mem[X,0x800347A6] -> 0x0000
[5021] [M]: 0x800347A4 (0x00000013) addi zero, zero, 0


mem[X,0x800347A8] -> 0x0013
mem[X,0x800347AA] -> 0x0000
[5022] [M]: 0x800347A8 (0x00000013) addi zero, zero, 0


mem[X,0x800347AC] -> 0x0013
mem[X,0x800347AE] -> 0x0000
[5023] [M]: 0x800347AC (0x00000013) addi zero, zero, 0


mem[X,0x800347B0] -> 0x0013
mem[X,0x800347B2] -> 0x0000
[5024] [M]: 0x800347B0 (0x00000013) addi zero, zero, 0


mem[X,0x800347B4] -> 0x0013
mem[X,0x800347B6] -> 0x0000
[5025] [M]: 0x800347B4 (0x00000013) addi zero, zero, 0


mem[X,0x800347B8] -> 0x0013
mem[X,0x800347BA] -> 0x0000
[5026] [M]: 0x800347B8 (0x00000013) addi zero, zero, 0


mem[X,0x800347BC] -> 0x0013
mem[X,0x800347BE] -> 0x0000
[5027] [M]: 0x800347BC (0x00000013) addi zero, zero, 0


mem[X,0x800347C0] -> 0x6097
mem[X,0x800347C2] -> 0x0000
[5028] [M]: 0x800347C0 (0x00006097) auipc ra, 6
x1 <- 0x8003A7C0


mem[X,0x800347C4] -> 0x8093
mem[X,0x800347C6] -> 0x1A80
[5029] [M]: 0x800347C4 (0x1A808093) addi ra, ra, 424
x1 <- 0x8003A968


mem[X,0x800347C8] -> 0x0013
mem[X,0x800347CA] -> 0x0000
[5030] [M]: 0x800347C8 (0x00000013) addi zero, zero, 0


mem[X,0x800347CC] -> 0x0013
mem[X,0x800347CE] -> 0x0000
[5031] [M]: 0x800347CC (0x00000013) addi zero, zero, 0


mem[X,0x800347D0] -> 0x0013
mem[X,0x800347D2] -> 0x0000
[5032] [M]: 0x800347D0 (0x00000013) addi zero, zero, 0


mem[X,0x800347D4] -> 0x0013
mem[X,0x800347D6] -> 0x0000
[5033] [M]: 0x800347D4 (0x00000013) addi zero, zero, 0


mem[X,0x800347D8] -> 0x0013
mem[X,0x800347DA] -> 0x0000
[5034] [M]: 0x800347D8 (0x00000013) addi zero, zero, 0


mem[X,0x800347DC] -> 0x0013
mem[X,0x800347DE] -> 0x0000
[5035] [M]: 0x800347DC (0x00000013) addi zero, zero, 0


mem[X,0x800347E0] -> 0xB537
mem[X,0x800347E2] -> 0x0000
[5036] [M]: 0x800347E0 (0x0000B537) lui a0, 11
x10 <- 0x0000B000


mem[X,0x800347E4] -> 0x0513
mem[X,0x800347E6] -> 0x5035
[5037] [M]: 0x800347E4 (0x50350513) addi a0, a0, 1283
x10 <- 0x0000B503


mem[X,0x800347E8] -> 0x65B7
mem[X,0x800347EA] -> 0x6666
[5038] [M]: 0x800347E8 (0x666665B7) lui a1, 419430
x11 <- 0x66666000


mem[X,0x800347EC] -> 0x8593
mem[X,0x800347EE] -> 0x6655
[5039] [M]: 0x800347EC (0x66558593) addi a1, a1, 1637
x11 <- 0x66666665


mem[X,0x800347F0] -> 0x0213
mem[X,0x800347F2] -> 0x0000
[5040] [M]: 0x800347F0 (0x00000213) addi tp, zero, 0
x4 <- 0x00000000


mem[X,0x800347F4] -> 0x006F
mem[X,0x800347F6] -> 0x00C0
[5041] [M]: 0x800347F4 (0x00C0006F) jal zero, 12


mem[X,0x80034800] -> 0x1663
mem[X,0x80034802] -> 0x00B5
[5042] [M]: 0x80034800 (0x00B51663) bne a0, a1, 12


mem[X,0x8003480C] -> 0x0213
mem[X,0x8003480E] -> 0x0032
[5043] [M]: 0x8003480C (0x00320213) addi tp, tp, 3
x4 <- 0x00000003


mem[X,0x80034810] -> 0x006F
mem[X,0x80034812] -> 0x0040
[5044] [M]: 0x80034810 (0x0040006F) jal zero, 4


mem[X,0x80034814] -> 0xA023
mem[X,0x80034816] -> 0x0040
[5045] [M]: 0x80034814 (0x0040A023) sw tp, 0(ra)
mem[0x8003A968] <- 0x00000003


mem[X,0x80034818] -> 0xB537
mem[X,0x8003481A] -> 0x0000
[5046] [M]: 0x80034818 (0x0000B537) lui a0, 11
x10 <- 0x0000B000


mem[X,0x8003481C] -> 0x0513
mem[X,0x8003481E] -> 0x5035
[5047] [M]: 0x8003481C (0x50350513) addi a0, a0, 1283
x10 <- 0x0000B503


mem[X,0x80034820] -> 0xB5B7
mem[X,0x80034822] -> 0x0000
[5048] [M]: 0x80034820 (0x0000B5B7) lui a1, 11
x11 <- 0x0000B000


mem[X,0x80034824] -> 0x8593
mem[X,0x80034826] -> 0x5035
[5049] [M]: 0x80034824 (0x50358593) addi a1, a1, 1283
x11 <- 0x0000B503


mem[X,0x80034828] -> 0x0213
mem[X,0x8003482A] -> 0x0000
[5050] [M]: 0x80034828 (0x00000213) addi tp, zero, 0
x4 <- 0x00000000


mem[X,0x8003482C] -> 0x006F
mem[X,0x8003482E] -> 0x0100
[5051] [M]: 0x8003482C (0x0100006F) jal zero, 16


mem[X,0x8003483C] -> 0x1AE3
mem[X,0x8003483E] -> 0xFEB5
[5052] [M]: 0x8003483C (0xFEB51AE3) bne a0, a1, 8180


mem[X,0x80034840] -> 0x0213
mem[X,0x80034842] -> 0x0022
[5053] [M]: 0x80034840 (0x00220213) addi tp, tp, 2
x4 <- 0x00000002


mem[X,0x80034844] -> 0x006F
mem[X,0x80034846] -> 0x00C0
[5054] [M]: 0x80034844 (0x00C0006F) jal zero, 12


mem[X,0x80034850] -> 0xA223
mem[X,0x80034852] -> 0x0040
[5055] [M]: 0x80034850 (0x0040A223) sw tp, 4(ra)
mem[0x8003A96C] <- 0x00000002


mem[X,0x80034854] -> 0xB537
mem[X,0x80034856] -> 0x0000
[5056] [M]: 0x80034854 (0x0000B537) lui a0, 11
x10 <- 0x0000B000


mem[X,0x80034858] -> 0x0513
mem[X,0x8003485A] -> 0x5035
[5057] [M]: 0x80034858 (0x50350513) addi a0, a0, 1283
x10 <- 0x0000B503


mem[X,0x8003485C] -> 0x55B7
mem[X,0x8003485E] -> 0x5555
[5058] [M]: 0x8003485C (0x555555B7) lui a1, 349525
x11 <- 0x55555000


mem[X,0x80034860] -> 0x8593
mem[X,0x80034862] -> 0x5565
[5059] [M]: 0x80034860 (0x55658593) addi a1, a1, 1366
x11 <- 0x55555556


mem[X,0x80034864] -> 0x0213
mem[X,0x80034866] -> 0x0000
[5060] [M]: 0x80034864 (0x00000213) addi tp, zero, 0
x4 <- 0x00000000


mem[X,0x80034868] -> 0x006F
mem[X,0x8003486A] -> 0x00C0
[5061] [M]: 0x80034868 (0x00C0006F) jal zero, 12


mem[X,0x80034874] -> 0x1063
mem[X,0x80034876] -> 0x40B5
[5062] [M]: 0x80034874 (0x40B51063) bne a0, a1, 1024


mem[X,0x80034C74] -> 0x0213
mem[X,0x80034C76] -> 0x0032
[5063] [M]: 0x80034C74 (0x00320213) addi tp, tp, 3
x4 <- 0x00000003


mem[X,0x80034C78] -> 0x006F
mem[X,0x80034C7A] -> 0x0040
[5064] [M]: 0x80034C78 (0x0040006F) jal zero, 4


mem[X,0x80034C7C] -> 0xA423
mem[X,0x80034C7E] -> 0x0040
[5065] [M]: 0x80034C7C (0x0040A423) sw tp, 8(ra)
mem[0x8003A970] <- 0x00000003


mem[X,0x80034C80] -> 0xB537
mem[X,0x80034C82] -> 0x0000
[5066] [M]: 0x80034C80 (0x0000B537) lui a0, 11
x10 <- 0x0000B000


mem[X,0x80034C84] -> 0x0513
mem[X,0x80034C86] -> 0x5035
[5067] [M]: 0x80034C84 (0x50350513) addi a0, a0, 1283
x10 <- 0x0000B503


mem[X,0x80034C88] -> 0xB5B7
mem[X,0x80034C8A] -> 0xAAAA
[5068] [M]: 0x80034C88 (0xAAAAB5B7) lui a1, 699051
x11 <- 0xAAAAB000


mem[X,0x80034C8C] -> 0x8593
mem[X,0x80034C8E] -> 0xAAB5
[5069] [M]: 0x80034C8C (0xAAB58593) addi a1, a1, 2731
x11 <- 0xAAAAAAAB


mem[X,0x80034C90] -> 0x0213
mem[X,0x80034C92] -> 0x0000
[5070] [M]: 0x80034C90 (0x00000213) addi tp, zero, 0
x4 <- 0x00000000


mem[X,0x80034C94] -> 0x006F
mem[X,0x80034C96] -> 0x00C0
[5071] [M]: 0x80034C94 (0x00C0006F) jal zero, 12


mem[X,0x80034CA0] -> 0x1063
mem[X,0x80034CA2] -> 0x20B5
[5072] [M]: 0x80034CA0 (0x20B51063) bne a0, a1, 512


mem[X,0x80034EA0] -> 0x0213
mem[X,0x80034EA2] -> 0x0032
[5073] [M]: 0x80034EA0 (0x00320213) addi tp, tp, 3
x4 <- 0x00000003


mem[X,0x80034EA4] -> 0x006F
mem[X,0x80034EA6] -> 0x0040
[5074] [M]: 0x80034EA4 (0x0040006F) jal zero, 4


mem[X,0x80034EA8] -> 0xA623
mem[X,0x80034EAA] -> 0x0040
[5075] [M]: 0x80034EA8 (0x0040A623) sw tp, 12(ra)
mem[0x8003A974] <- 0x00000003


mem[X,0x80034EAC] -> 0xB537
mem[X,0x80034EAE] -> 0x0000
[5076] [M]: 0x80034EAC (0x0000B537) lui a0, 11
x10 <- 0x0000B000


mem[X,0x80034EB0] -> 0x0513
mem[X,0x80034EB2] -> 0x5035
[5077] [M]: 0x80034EB0 (0x50350513) addi a0, a0, 1283
x10 <- 0x0000B503


mem[X,0x80034EB4] -> 0x0593
mem[X,0x80034EB6] -> 0x0060
[5078] [M]: 0x80034EB4 (0x00600593) addi a1, zero, 6
x11 <- 0x00000006


mem[X,0x80034EB8] -> 0x0213
mem[X,0x80034EBA] -> 0x0000
[5079] [M]: 0x80034EB8 (0x00000213) addi tp, zero, 0
x4 <- 0x00000000


mem[X,0x80034EBC] -> 0x006F
mem[X,0x80034EBE] -> 0x00C0
[5080] [M]: 0x80034EBC (0x00C0006F) jal zero, 12


mem[X,0x80034EC8] -> 0x1063
mem[X,0x80034ECA] -> 0x10B5
[5081] [M]: 0x80034EC8 (0x10B51063) bne a0, a1, 256


mem[X,0x80034FC8] -> 0x0213
mem[X,0x80034FCA] -> 0x0032
[5082] [M]: 0x80034FC8 (0x00320213) addi tp, tp, 3
x4 <- 0x00000003


mem[X,0x80034FCC] -> 0x006F
mem[X,0x80034FCE] -> 0x0040
[5083] [M]: 0x80034FCC (0x0040006F) jal zero, 4


mem[X,0x80034FD0] -> 0xA823
mem[X,0x80034FD2] -> 0x0040
[5084] [M]: 0x80034FD0 (0x0040A823) sw tp, 16(ra)
mem[0x8003A978] <- 0x00000003


mem[X,0x80034FD4] -> 0xB537
mem[X,0x80034FD6] -> 0x0000
[5085] [M]: 0x80034FD4 (0x0000B537) lui a0, 11
x10 <- 0x0000B000


mem[X,0x80034FD8] -> 0x0513
mem[X,0x80034FDA] -> 0x5035
[5086] [M]: 0x80034FD8 (0x50350513) addi a0, a0, 1283
x10 <- 0x0000B503


mem[X,0x80034FDC] -> 0x35B7
mem[X,0x80034FDE] -> 0x3333
[5087] [M]: 0x80034FDC (0x333335B7) lui a1, 209715
x11 <- 0x33333000


mem[X,0x80034FE0] -> 0x8593
mem[X,0x80034FE2] -> 0x3345
[5088] [M]: 0x80034FE0 (0x33458593) addi a1, a1, 820
x11 <- 0x33333334


mem[X,0x80034FE4] -> 0x0213
mem[X,0x80034FE6] -> 0x0000
[5089] [M]: 0x80034FE4 (0x00000213) addi tp, zero, 0
x4 <- 0x00000000


mem[X,0x80034FE8] -> 0x006F
mem[X,0x80034FEA] -> 0x00C0
[5090] [M]: 0x80034FE8 (0x00C0006F) jal zero, 12


mem[X,0x80034FF4] -> 0x1063
mem[X,0x80034FF6] -> 0x10B5
[5091] [M]: 0x80034FF4 (0x10B51063) bne a0, a1, 256


mem[X,0x800350F4] -> 0x0213
mem[X,0x800350F6] -> 0x0032
[5092] [M]: 0x800350F4 (0x00320213) addi tp, tp, 3
x4 <- 0x00000003


mem[X,0x800350F8] -> 0x006F
mem[X,0x800350FA] -> 0x0040
[5093] [M]: 0x800350F8 (0x0040006F) jal zero, 4


mem[X,0x800350FC] -> 0xAA23
mem[X,0x800350FE] -> 0x0040
[5094] [M]: 0x800350FC (0x0040AA23) sw tp, 20(ra)
mem[0x8003A97C] <- 0x00000003


mem[X,0x80035100] -> 0xB537
mem[X,0x80035102] -> 0x0000
[5095] [M]: 0x80035100 (0x0000B537) lui a0, 11
x10 <- 0x0000B000


mem[X,0x80035104] -> 0x0513
mem[X,0x80035106] -> 0x5035
[5096] [M]: 0x80035104 (0x50350513) addi a0, a0, 1283
x10 <- 0x0000B503


mem[X,0x80035108] -> 0x65B7
mem[X,0x8003510A] -> 0x6666
[5097] [M]: 0x80035108 (0x666665B7) lui a1, 419430
x11 <- 0x66666000


mem[X,0x8003510C] -> 0x8593
mem[X,0x8003510E] -> 0x6675
[5098] [M]: 0x8003510C (0x66758593) addi a1, a1, 1639
x11 <- 0x66666667


mem[X,0x80035110] -> 0x0213
mem[X,0x80035112] -> 0x0000
[5099] [M]: 0x80035110 (0x00000213) addi tp, zero, 0
x4 <- 0x00000000


clint::tick mtime <- 0x0000000000000033
 clint timer pending at mtime 0x0000000000000033
htif::tick 0x0000000000000000
mem[X,0x80035114] -> 0x006F
mem[X,0x80035116] -> 0x00C0
[5100] [M]: 0x80035114 (0x00C0006F) jal zero, 12


mem[X,0x80035120] -> 0x1063
mem[X,0x80035122] -> 0x02B5
[5101] [M]: 0x80035120 (0x02B51063) bne a0, a1, 32


mem[X,0x80035140] -> 0x0213
mem[X,0x80035142] -> 0x0032
[5102] [M]: 0x80035140 (0x00320213) addi tp, tp, 3
x4 <- 0x00000003


mem[X,0x80035144] -> 0x006F
mem[X,0x80035146] -> 0x0040
[5103] [M]: 0x80035144 (0x0040006F) jal zero, 4


mem[X,0x80035148] -> 0xAC23
mem[X,0x8003514A] -> 0x0040
[5104] [M]: 0x80035148 (0x0040AC23) sw tp, 24(ra)
mem[0x8003A980] <- 0x00000003


mem[X,0x8003514C] -> 0xB537
mem[X,0x8003514E] -> 0x0000
[5105] [M]: 0x8003514C (0x0000B537) lui a0, 11
x10 <- 0x0000B000


mem[X,0x80035150] -> 0x0513
mem[X,0x80035152] -> 0x5035
[5106] [M]: 0x80035150 (0x50350513) addi a0, a0, 1283
x10 <- 0x0000B503


mem[X,0x80035154] -> 0x55B7
mem[X,0x80035156] -> 0xFFFF
[5107] [M]: 0x80035154 (0xFFFF55B7) lui a1, 1048565
x11 <- 0xFFFF5000


mem[X,0x80035158] -> 0x8593
mem[X,0x8003515A] -> 0xAFD5
[5108] [M]: 0x80035158 (0xAFD58593) addi a1, a1, 2813
x11 <- 0xFFFF4AFD


mem[X,0x8003515C] -> 0x0213
mem[X,0x8003515E] -> 0x0000
[5109] [M]: 0x8003515C (0x00000213) addi tp, zero, 0
x4 <- 0x00000000


mem[X,0x80035160] -> 0x006F
mem[X,0x80035162] -> 0x00C0
[5110] [M]: 0x80035160 (0x00C0006F) jal zero, 12


mem[X,0x8003516C] -> 0x1663
mem[X,0x8003516E] -> 0x00B5
[5111] [M]: 0x8003516C (0x00B51663) bne a0, a1, 12


mem[X,0x80035178] -> 0x0213
mem[X,0x8003517A] -> 0x0032
[5112] [M]: 0x80035178 (0x00320213) addi tp, tp, 3
x4 <- 0x00000003


mem[X,0x8003517C] -> 0x006F
mem[X,0x8003517E] -> 0x0040
[5113] [M]: 0x8003517C (0x0040006F) jal zero, 4


mem[X,0x80035180] -> 0xAE23
mem[X,0x80035182] -> 0x0040
[5114] [M]: 0x80035180 (0x0040AE23) sw tp, 28(ra)
mem[0x8003A984] <- 0x00000003


mem[X,0x80035184] -> 0xB537
mem[X,0x80035186] -> 0x0000
[5115] [M]: 0x80035184 (0x0000B537) lui a0, 11
x10 <- 0x0000B000


mem[X,0x80035188] -> 0x0513
mem[X,0x8003518A] -> 0x5035
[5116] [M]: 0x80035188 (0x50350513) addi a0, a0, 1283
x10 <- 0x0000B503


mem[X,0x8003518C] -> 0xB5B7
mem[X,0x8003518E] -> 0x0000
[5117] [M]: 0x8003518C (0x0000B5B7) lui a1, 11
x11 <- 0x0000B000


mem[X,0x80035190] -> 0x8593
mem[X,0x80035192] -> 0x5055
[5118] [M]: 0x80035190 (0x50558593) addi a1, a1, 1285
x11 <- 0x0000B505


mem[X,0x80035194] -> 0x0213
mem[X,0x80035196] -> 0x0000
[5119] [M]: 0x80035194 (0x00000213) addi tp, zero, 0
x4 <- 0x00000000


mem[X,0x80035198] -> 0x006F
mem[X,0x8003519A] -> 0x00C0
[5120] [M]: 0x80035198 (0x00C0006F) jal zero, 12


mem[X,0x800351A4] -> 0x1663
mem[X,0x800351A6] -> 0x00B5
[5121] [M]: 0x800351A4 (0x00B51663) bne a0, a1, 12


mem[X,0x800351B0] -> 0x0213
mem[X,0x800351B2] -> 0x0032
[5122] [M]: 0x800351B0 (0x00320213) addi tp, tp, 3
x4 <- 0x00000003


mem[X,0x800351B4] -> 0x006F
mem[X,0x800351B6] -> 0x0040
[5123] [M]: 0x800351B4 (0x0040006F) jal zero, 4


mem[X,0x800351B8] -> 0xA023
mem[X,0x800351BA] -> 0x0240
[5124] [M]: 0x800351B8 (0x0240A023) sw tp, 32(ra)
mem[0x8003A988] <- 0x00000003


mem[X,0x800351BC] -> 0x5537
mem[X,0x800351BE] -> 0x5555
[5125] [M]: 0x800351BC (0x55555537) lui a0, 349525
x10 <- 0x55555000


mem[X,0x800351C0] -> 0x0513
mem[X,0x800351C2] -> 0x5565
[5126] [M]: 0x800351C0 (0x55650513) addi a0, a0, 1366
x10 <- 0x55555556


mem[X,0x800351C4] -> 0x0593
mem[X,0x800351C6] -> 0x0030
[5127] [M]: 0x800351C4 (0x00300593) addi a1, zero, 3
x11 <- 0x00000003


mem[X,0x800351C8] -> 0x0213
mem[X,0x800351CA] -> 0x0000
[5128] [M]: 0x800351C8 (0x00000213) addi tp, zero, 0
x4 <- 0x00000000


mem[X,0x800351CC] -> 0x006F
mem[X,0x800351CE] -> 0x00C0
[5129] [M]: 0x800351CC (0x00C0006F) jal zero, 12


mem[X,0x800351D8] -> 0x1663
mem[X,0x800351DA] -> 0x00B5
[5130] [M]: 0x800351D8 (0x00B51663) bne a0, a1, 12


mem[X,0x800351E4] -> 0x0213
mem[X,0x800351E6] -> 0x0032
[5131] [M]: 0x800351E4 (0x00320213) addi tp, tp, 3
x4 <- 0x00000003


mem[X,0x800351E8] -> 0x006F
mem[X,0x800351EA] -> 0x0040
[5132] [M]: 0x800351E8 (0x0040006F) jal zero, 4


mem[X,0x800351EC] -> 0xA223
mem[X,0x800351EE] -> 0x0240
[5133] [M]: 0x800351EC (0x0240A223) sw tp, 36(ra)
mem[0x8003A98C] <- 0x00000003


mem[X,0x800351F0] -> 0x5537
mem[X,0x800351F2] -> 0x5555
[5134] [M]: 0x800351F0 (0x55555537) lui a0, 349525
x10 <- 0x55555000


mem[X,0x800351F4] -> 0x0513
mem[X,0x800351F6] -> 0x5565
[5135] [M]: 0x800351F4 (0x55650513) addi a0, a0, 1366
x10 <- 0x55555556


mem[X,0x800351F8] -> 0x55B7
mem[X,0x800351FA] -> 0x5555
[5136] [M]: 0x800351F8 (0x555555B7) lui a1, 349525
x11 <- 0x55555000


mem[X,0x800351FC] -> 0x8593
mem[X,0x800351FE] -> 0x5555
[5137] [M]: 0x800351FC (0x55558593) addi a1, a1, 1365
x11 <- 0x55555555


mem[X,0x80035200] -> 0x0213
mem[X,0x80035202] -> 0x0000
[5138] [M]: 0x80035200 (0x00000213) addi tp, zero, 0
x4 <- 0x00000000


mem[X,0x80035204] -> 0x006F
mem[X,0x80035206] -> 0x00C0
[5139] [M]: 0x80035204 (0x00C0006F) jal zero, 12


mem[X,0x80035210] -> 0x1063
mem[X,0x80035212] -> 0x20B5
[5140] [M]: 0x80035210 (0x20B51063) bne a0, a1, 512


mem[X,0x80035410] -> 0x0213
mem[X,0x80035412] -> 0x0032
[5141] [M]: 0x80035410 (0x00320213) addi tp, tp, 3
x4 <- 0x00000003


mem[X,0x80035414] -> 0x006F
mem[X,0x80035416] -> 0x0040
[5142] [M]: 0x80035414 (0x0040006F) jal zero, 4


mem[X,0x80035418] -> 0xA423
mem[X,0x8003541A] -> 0x0240
[5143] [M]: 0x80035418 (0x0240A423) sw tp, 40(ra)
mem[0x8003A990] <- 0x00000003


mem[X,0x8003541C] -> 0x5537
mem[X,0x8003541E] -> 0x5555
[5144] [M]: 0x8003541C (0x55555537) lui a0, 349525
x10 <- 0x55555000


mem[X,0x80035420] -> 0x0513
mem[X,0x80035422] -> 0x5565
[5145] [M]: 0x80035420 (0x55650513) addi a0, a0, 1366
x10 <- 0x55555556


mem[X,0x80035424] -> 0xB5B7
mem[X,0x80035426] -> 0xAAAA
[5146] [M]: 0x80035424 (0xAAAAB5B7) lui a1, 699051
x11 <- 0xAAAAB000


mem[X,0x80035428] -> 0x8593
mem[X,0x8003542A] -> 0xAAA5
[5147] [M]: 0x80035428 (0xAAA58593) addi a1, a1, 2730
x11 <- 0xAAAAAAAA


mem[X,0x8003542C] -> 0x0213
mem[X,0x8003542E] -> 0x0000
[5148] [M]: 0x8003542C (0x00000213) addi tp, zero, 0
x4 <- 0x00000000


mem[X,0x80035430] -> 0x006F
mem[X,0x80035432] -> 0x00C0
[5149] [M]: 0x80035430 (0x00C0006F) jal zero, 12


mem[X,0x8003543C] -> 0x1663
mem[X,0x8003543E] -> 0x00B5
[5150] [M]: 0x8003543C (0x00B51663) bne a0, a1, 12


mem[X,0x80035448] -> 0x0213
mem[X,0x8003544A] -> 0x0032
[5151] [M]: 0x80035448 (0x00320213) addi tp, tp, 3
x4 <- 0x00000003


mem[X,0x8003544C] -> 0x006F
mem[X,0x8003544E] -> 0x0040
[5152] [M]: 0x8003544C (0x0040006F) jal zero, 4


mem[X,0x80035450] -> 0xA623
mem[X,0x80035452] -> 0x0240
[5153] [M]: 0x80035450 (0x0240A623) sw tp, 44(ra)
mem[0x8003A994] <- 0x00000003


mem[X,0x80035454] -> 0x5537
mem[X,0x80035456] -> 0x5555
[5154] [M]: 0x80035454 (0x55555537) lui a0, 349525
x10 <- 0x55555000


mem[X,0x80035458] -> 0x0513
mem[X,0x8003545A] -> 0x5565
[5155] [M]: 0x80035458 (0x55650513) addi a0, a0, 1366
x10 <- 0x55555556


mem[X,0x8003545C] -> 0x0593
mem[X,0x8003545E] -> 0x0050
[5156] [M]: 0x8003545C (0x00500593) addi a1, zero, 5
x11 <- 0x00000005


mem[X,0x80035460] -> 0x0213
mem[X,0x80035462] -> 0x0000
[5157] [M]: 0x80035460 (0x00000213) addi tp, zero, 0
x4 <- 0x00000000


mem[X,0x80035464] -> 0x006F
mem[X,0x80035466] -> 0x00C0
[5158] [M]: 0x80035464 (0x00C0006F) jal zero, 12


mem[X,0x80035470] -> 0x1063
mem[X,0x80035472] -> 0x10B5
[5159] [M]: 0x80035470 (0x10B51063) bne a0, a1, 256


mem[X,0x80035570] -> 0x0213
mem[X,0x80035572] -> 0x0032
[5160] [M]: 0x80035570 (0x00320213) addi tp, tp, 3
x4 <- 0x00000003


mem[X,0x80035574] -> 0x006F
mem[X,0x80035576] -> 0x0040
[5161] [M]: 0x80035574 (0x0040006F) jal zero, 4


mem[X,0x80035578] -> 0xA823
mem[X,0x8003557A] -> 0x0240
[5162] [M]: 0x80035578 (0x0240A823) sw tp, 48(ra)
mem[0x8003A998] <- 0x00000003


mem[X,0x8003557C] -> 0x5537
mem[X,0x8003557E] -> 0x5555
[5163] [M]: 0x8003557C (0x55555537) lui a0, 349525
x10 <- 0x55555000


mem[X,0x80035580] -> 0x0513
mem[X,0x80035582] -> 0x5565
[5164] [M]: 0x80035580 (0x55650513) addi a0, a0, 1366
x10 <- 0x55555556


mem[X,0x80035584] -> 0x35B7
mem[X,0x80035586] -> 0x3333
[5165] [M]: 0x80035584 (0x333335B7) lui a1, 209715
x11 <- 0x33333000


mem[X,0x80035588] -> 0x8593
mem[X,0x8003558A] -> 0x3335
[5166] [M]: 0x80035588 (0x33358593) addi a1, a1, 819
x11 <- 0x33333333


mem[X,0x8003558C] -> 0x0213
mem[X,0x8003558E] -> 0x0000
[5167] [M]: 0x8003558C (0x00000213) addi tp, zero, 0
x4 <- 0x00000000


mem[X,0x80035590] -> 0x006F
mem[X,0x80035592] -> 0x00C0
[5168] [M]: 0x80035590 (0x00C0006F) jal zero, 12


mem[X,0x8003559C] -> 0x1063
mem[X,0x8003559E] -> 0x02B5
[5169] [M]: 0x8003559C (0x02B51063) bne a0, a1, 32


mem[X,0x800355BC] -> 0x0213
mem[X,0x800355BE] -> 0x0032
[5170] [M]: 0x800355BC (0x00320213) addi tp, tp, 3
x4 <- 0x00000003


mem[X,0x800355C0] -> 0x006F
mem[X,0x800355C2] -> 0x0040
[5171] [M]: 0x800355C0 (0x0040006F) jal zero, 4


mem[X,0x800355C4] -> 0xAA23
mem[X,0x800355C6] -> 0x0240
[5172] [M]: 0x800355C4 (0x0240AA23) sw tp, 52(ra)
mem[0x8003A99C] <- 0x00000003


mem[X,0x800355C8] -> 0x5537
mem[X,0x800355CA] -> 0x5555
[5173] [M]: 0x800355C8 (0x55555537) lui a0, 349525
x10 <- 0x55555000


mem[X,0x800355CC] -> 0x0513
mem[X,0x800355CE] -> 0x5565
[5174] [M]: 0x800355CC (0x55650513) addi a0, a0, 1366
x10 <- 0x55555556


mem[X,0x800355D0] -> 0x65B7
mem[X,0x800355D2] -> 0x6666
[5175] [M]: 0x800355D0 (0x666665B7) lui a1, 419430
x11 <- 0x66666000


mem[X,0x800355D4] -> 0x8593
mem[X,0x800355D6] -> 0x6665
[5176] [M]: 0x800355D4 (0x66658593) addi a1, a1, 1638
x11 <- 0x66666666


mem[X,0x800355D8] -> 0x0213
mem[X,0x800355DA] -> 0x0000
[5177] [M]: 0x800355D8 (0x00000213) addi tp, zero, 0
x4 <- 0x00000000


mem[X,0x800355DC] -> 0x006F
mem[X,0x800355DE] -> 0x00C0
[5178] [M]: 0x800355DC (0x00C0006F) jal zero, 12


mem[X,0x800355E8] -> 0x1063
mem[X,0x800355EA] -> 0x02B5
[5179] [M]: 0x800355E8 (0x02B51063) bne a0, a1, 32


mem[X,0x80035608] -> 0x0213
mem[X,0x8003560A] -> 0x0032
[5180] [M]: 0x80035608 (0x00320213) addi tp, tp, 3
x4 <- 0x00000003


mem[X,0x8003560C] -> 0x006F
mem[X,0x8003560E] -> 0x0040
[5181] [M]: 0x8003560C (0x0040006F) jal zero, 4


mem[X,0x80035610] -> 0xAC23
mem[X,0x80035612] -> 0x0240
[5182] [M]: 0x80035610 (0x0240AC23) sw tp, 56(ra)
mem[0x8003A9A0] <- 0x00000003


mem[X,0x80035614] -> 0x5537
mem[X,0x80035616] -> 0x5555
[5183] [M]: 0x80035614 (0x55555537) lui a0, 349525
x10 <- 0x55555000


mem[X,0x80035618] -> 0x0513
mem[X,0x8003561A] -> 0x5565
[5184] [M]: 0x80035618 (0x55650513) addi a0, a0, 1366
x10 <- 0x55555556


mem[X,0x8003561C] -> 0x55B7
mem[X,0x8003561E] -> 0xFFFF
[5185] [M]: 0x8003561C (0xFFFF55B7) lui a1, 1048565
x11 <- 0xFFFF5000


mem[X,0x80035620] -> 0x8593
mem[X,0x80035622] -> 0xAFC5
[5186] [M]: 0x80035620 (0xAFC58593) addi a1, a1, 2812
x11 <- 0xFFFF4AFC


mem[X,0x80035624] -> 0x0213
mem[X,0x80035626] -> 0x0000
[5187] [M]: 0x80035624 (0x00000213) addi tp, zero, 0
x4 <- 0x00000000


mem[X,0x80035628] -> 0x006F
mem[X,0x8003562A] -> 0x00C0
[5188] [M]: 0x80035628 (0x00C0006F) jal zero, 12


mem[X,0x80035634] -> 0x1663
mem[X,0x80035636] -> 0x00B5
[5189] [M]: 0x80035634 (0x00B51663) bne a0, a1, 12


mem[X,0x80035640] -> 0x0213
mem[X,0x80035642] -> 0x0032
[5190] [M]: 0x80035640 (0x00320213) addi tp, tp, 3
x4 <- 0x00000003


mem[X,0x80035644] -> 0x006F
mem[X,0x80035646] -> 0x0040
[5191] [M]: 0x80035644 (0x0040006F) jal zero, 4


mem[X,0x80035648] -> 0xAE23
mem[X,0x8003564A] -> 0x0240
[5192] [M]: 0x80035648 (0x0240AE23) sw tp, 60(ra)
mem[0x8003A9A4] <- 0x00000003


mem[X,0x8003564C] -> 0x5537
mem[X,0x8003564E] -> 0x5555
[5193] [M]: 0x8003564C (0x55555537) lui a0, 349525
x10 <- 0x55555000


mem[X,0x80035650] -> 0x0513
mem[X,0x80035652] -> 0x5565
[5194] [M]: 0x80035650 (0x55650513) addi a0, a0, 1366
x10 <- 0x55555556


mem[X,0x80035654] -> 0xB5B7
mem[X,0x80035656] -> 0x0000
[5195] [M]: 0x80035654 (0x0000B5B7) lui a1, 11
x11 <- 0x0000B000


mem[X,0x80035658] -> 0x8593
mem[X,0x8003565A] -> 0x5045
[5196] [M]: 0x80035658 (0x50458593) addi a1, a1, 1284
x11 <- 0x0000B504


mem[X,0x8003565C] -> 0x0213
mem[X,0x8003565E] -> 0x0000
[5197] [M]: 0x8003565C (0x00000213) addi tp, zero, 0
x4 <- 0x00000000


mem[X,0x80035660] -> 0x006F
mem[X,0x80035662] -> 0x00C0
[5198] [M]: 0x80035660 (0x00C0006F) jal zero, 12


mem[X,0x8003566C] -> 0x1063
mem[X,0x8003566E] -> 0x04B5
[5199] [M]: 0x8003566C (0x04B51063) bne a0, a1, 64


clint::tick mtime <- 0x0000000000000034
 clint timer pending at mtime 0x0000000000000034
htif::tick 0x0000000000000000
mem[X,0x800356AC] -> 0x0213
mem[X,0x800356AE] -> 0x0032
[5200] [M]: 0x800356AC (0x00320213) addi tp, tp, 3
x4 <- 0x00000003


mem[X,0x800356B0] -> 0x006F
mem[X,0x800356B2] -> 0x0040
[5201] [M]: 0x800356B0 (0x0040006F) jal zero, 4


mem[X,0x800356B4] -> 0xA023
mem[X,0x800356B6] -> 0x0440
[5202] [M]: 0x800356B4 (0x0440A023) sw tp, 64(ra)
mem[0x8003A9A8] <- 0x00000003


mem[X,0x800356B8] -> 0x5537
mem[X,0x800356BA] -> 0x5555
[5203] [M]: 0x800356B8 (0x55555537) lui a0, 349525
x10 <- 0x55555000


mem[X,0x800356BC] -> 0x0513
mem[X,0x800356BE] -> 0x5565
[5204] [M]: 0x800356BC (0x55650513) addi a0, a0, 1366
x10 <- 0x55555556


mem[X,0x800356C0] -> 0x0593
mem[X,0x800356C2] -> 0x0020
[5205] [M]: 0x800356C0 (0x00200593) addi a1, zero, 2
x11 <- 0x00000002


mem[X,0x800356C4] -> 0x0213
mem[X,0x800356C6] -> 0x0000
[5206] [M]: 0x800356C4 (0x00000213) addi tp, zero, 0
x4 <- 0x00000000


mem[X,0x800356C8] -> 0x006F
mem[X,0x800356CA] -> 0x00C0
[5207] [M]: 0x800356C8 (0x00C0006F) jal zero, 12


mem[X,0x800356D4] -> 0x1CE3
mem[X,0x800356D6] -> 0xFEB5
[5208] [M]: 0x800356D4 (0xFEB51CE3) bne a0, a1, 8184


mem[X,0x800356CC] -> 0x0213
mem[X,0x800356CE] -> 0x0012
[5209] [M]: 0x800356CC (0x00120213) addi tp, tp, 1
x4 <- 0x00000001


mem[X,0x800356D0] -> 0x006F
mem[X,0x800356D2] -> 0x0180
[5210] [M]: 0x800356D0 (0x0180006F) jal zero, 24


mem[X,0x800356E8] -> 0xA223
mem[X,0x800356EA] -> 0x0440
[5211] [M]: 0x800356E8 (0x0440A223) sw tp, 68(ra)
mem[0x8003A9AC] <- 0x00000001


mem[X,0x800356EC] -> 0x5537
mem[X,0x800356EE] -> 0x5555
[5212] [M]: 0x800356EC (0x55555537) lui a0, 349525
x10 <- 0x55555000


mem[X,0x800356F0] -> 0x0513
mem[X,0x800356F2] -> 0x5565
[5213] [M]: 0x800356F0 (0x55650513) addi a0, a0, 1366
x10 <- 0x55555556


mem[X,0x800356F4] -> 0x55B7
mem[X,0x800356F6] -> 0x5555
[5214] [M]: 0x800356F4 (0x555555B7) lui a1, 349525
x11 <- 0x55555000


mem[X,0x800356F8] -> 0x8593
mem[X,0x800356FA] -> 0x5545
[5215] [M]: 0x800356F8 (0x55458593) addi a1, a1, 1364
x11 <- 0x55555554


mem[X,0x800356FC] -> 0x0213
mem[X,0x800356FE] -> 0x0000
[5216] [M]: 0x800356FC (0x00000213) addi tp, zero, 0
x4 <- 0x00000000


mem[X,0x80035700] -> 0x006F
mem[X,0x80035702] -> 0x00C0
[5217] [M]: 0x80035700 (0x00C0006F) jal zero, 12


mem[X,0x8003570C] -> 0x1663
mem[X,0x8003570E] -> 0x00B5
[5218] [M]: 0x8003570C (0x00B51663) bne a0, a1, 12


mem[X,0x80035718] -> 0x0213
mem[X,0x8003571A] -> 0x0032
[5219] [M]: 0x80035718 (0x00320213) addi tp, tp, 3
x4 <- 0x00000003


mem[X,0x8003571C] -> 0x006F
mem[X,0x8003571E] -> 0x0040
[5220] [M]: 0x8003571C (0x0040006F) jal zero, 4


mem[X,0x80035720] -> 0xA423
mem[X,0x80035722] -> 0x0440
[5221] [M]: 0x80035720 (0x0440A423) sw tp, 72(ra)
mem[0x8003A9B0] <- 0x00000003


mem[X,0x80035724] -> 0x5537
mem[X,0x80035726] -> 0x5555
[5222] [M]: 0x80035724 (0x55555537) lui a0, 349525
x10 <- 0x55555000


mem[X,0x80035728] -> 0x0513
mem[X,0x8003572A] -> 0x5565
[5223] [M]: 0x80035728 (0x55650513) addi a0, a0, 1366
x10 <- 0x55555556


mem[X,0x8003572C] -> 0x0593
mem[X,0x8003572E] -> 0x0000
[5224] [M]: 0x8003572C (0x00000593) addi a1, zero, 0
x11 <- 0x00000000


mem[X,0x80035730] -> 0x0213
mem[X,0x80035732] -> 0x0000
[5225] [M]: 0x80035730 (0x00000213) addi tp, zero, 0
x4 <- 0x00000000


mem[X,0x80035734] -> 0x006F
mem[X,0x80035736] -> 0x00C0
[5226] [M]: 0x80035734 (0x00C0006F) jal zero, 12


mem[X,0x80035740] -> 0x1663
mem[X,0x80035742] -> 0x00B5
[5227] [M]: 0x80035740 (0x00B51663) bne a0, a1, 12


mem[X,0x8003574C] -> 0x0213
mem[X,0x8003574E] -> 0x0032
[5228] [M]: 0x8003574C (0x00320213) addi tp, tp, 3
x4 <- 0x00000003


mem[X,0x80035750] -> 0x006F
mem[X,0x80035752] -> 0x0040
[5229] [M]: 0x80035750 (0x0040006F) jal zero, 4


mem[X,0x80035754] -> 0xA623
mem[X,0x80035756] -> 0x0440
[5230] [M]: 0x80035754 (0x0440A623) sw tp, 76(ra)
mem[0x8003A9B4] <- 0x00000003


mem[X,0x80035758] -> 0x5537
mem[X,0x8003575A] -> 0x5555
[5231] [M]: 0x80035758 (0x55555537) lui a0, 349525
x10 <- 0x55555000


mem[X,0x8003575C] -> 0x0513
mem[X,0x8003575E] -> 0x5565
[5232] [M]: 0x8003575C (0x55650513) addi a0, a0, 1366
x10 <- 0x55555556


mem[X,0x80035760] -> 0x0593
mem[X,0x80035762] -> 0x0040
[5233] [M]: 0x80035760 (0x00400593) addi a1, zero, 4
x11 <- 0x00000004


mem[X,0x80035764] -> 0x0213
mem[X,0x80035766] -> 0x0000
[5234] [M]: 0x80035764 (0x00000213) addi tp, zero, 0
x4 <- 0x00000000


mem[X,0x80035768] -> 0x006F
mem[X,0x8003576A] -> 0x00C0
[5235] [M]: 0x80035768 (0x00C0006F) jal zero, 12


mem[X,0x80035774] -> 0x1063
mem[X,0x80035776] -> 0x10B5
[5236] [M]: 0x80035774 (0x10B51063) bne a0, a1, 256


mem[X,0x80035874] -> 0x0213
mem[X,0x80035876] -> 0x0032
[5237] [M]: 0x80035874 (0x00320213) addi tp, tp, 3
x4 <- 0x00000003


mem[X,0x80035878] -> 0x006F
mem[X,0x8003587A] -> 0x0040
[5238] [M]: 0x80035878 (0x0040006F) jal zero, 4


mem[X,0x8003587C] -> 0xA823
mem[X,0x8003587E] -> 0x0440
[5239] [M]: 0x8003587C (0x0440A823) sw tp, 80(ra)
mem[0x8003A9B8] <- 0x00000003


mem[X,0x80035880] -> 0x5537
mem[X,0x80035882] -> 0x5555
[5240] [M]: 0x80035880 (0x55555537) lui a0, 349525
x10 <- 0x55555000


mem[X,0x80035884] -> 0x0513
mem[X,0x80035886] -> 0x5565
[5241] [M]: 0x80035884 (0x55650513) addi a0, a0, 1366
x10 <- 0x55555556


mem[X,0x80035888] -> 0x35B7
mem[X,0x8003588A] -> 0x3333
[5242] [M]: 0x80035888 (0x333335B7) lui a1, 209715
x11 <- 0x33333000


mem[X,0x8003588C] -> 0x8593
mem[X,0x8003588E] -> 0x3325
[5243] [M]: 0x8003588C (0x33258593) addi a1, a1, 818
x11 <- 0x33333332


mem[X,0x80035890] -> 0x0213
mem[X,0x80035892] -> 0x0000
[5244] [M]: 0x80035890 (0x00000213) addi tp, zero, 0
x4 <- 0x00000000


mem[X,0x80035894] -> 0x006F
mem[X,0x80035896] -> 0x00C0
[5245] [M]: 0x80035894 (0x00C0006F) jal zero, 12


mem[X,0x800358A0] -> 0x1CE3
mem[X,0x800358A2] -> 0xFEB5
[5246] [M]: 0x800358A0 (0xFEB51CE3) bne a0, a1, 8184


mem[X,0x80035898] -> 0x0213
mem[X,0x8003589A] -> 0x0012
[5247] [M]: 0x80035898 (0x00120213) addi tp, tp, 1
x4 <- 0x00000001


mem[X,0x8003589C] -> 0x006F
mem[X,0x8003589E] -> 0x0180
[5248] [M]: 0x8003589C (0x0180006F) jal zero, 24


mem[X,0x800358B4] -> 0xAA23
mem[X,0x800358B6] -> 0x0440
[5249] [M]: 0x800358B4 (0x0440AA23) sw tp, 84(ra)
mem[0x8003A9BC] <- 0x00000001


mem[X,0x800358B8] -> 0x5537
mem[X,0x800358BA] -> 0x5555
[5250] [M]: 0x800358B8 (0x55555537) lui a0, 349525
x10 <- 0x55555000


mem[X,0x800358BC] -> 0x0513
mem[X,0x800358BE] -> 0x5565
[5251] [M]: 0x800358BC (0x55650513) addi a0, a0, 1366
x10 <- 0x55555556


mem[X,0x800358C0] -> 0x65B7
mem[X,0x800358C2] -> 0x6666
[5252] [M]: 0x800358C0 (0x666665B7) lui a1, 419430
x11 <- 0x66666000


mem[X,0x800358C4] -> 0x8593
mem[X,0x800358C6] -> 0x6655
[5253] [M]: 0x800358C4 (0x66558593) addi a1, a1, 1637
x11 <- 0x66666665


mem[X,0x800358C8] -> 0x0213
mem[X,0x800358CA] -> 0x0000
[5254] [M]: 0x800358C8 (0x00000213) addi tp, zero, 0
x4 <- 0x00000000


mem[X,0x800358CC] -> 0x006F
mem[X,0x800358CE] -> 0x00C0
[5255] [M]: 0x800358CC (0x00C0006F) jal zero, 12


mem[X,0x800358D8] -> 0x1063
mem[X,0x800358DA] -> 0x02B5
[5256] [M]: 0x800358D8 (0x02B51063) bne a0, a1, 32


mem[X,0x800358F8] -> 0x0213
mem[X,0x800358FA] -> 0x0032
[5257] [M]: 0x800358F8 (0x00320213) addi tp, tp, 3
x4 <- 0x00000003


mem[X,0x800358FC] -> 0x006F
mem[X,0x800358FE] -> 0x0040
[5258] [M]: 0x800358FC (0x0040006F) jal zero, 4


mem[X,0x80035900] -> 0xAC23
mem[X,0x80035902] -> 0x0440
[5259] [M]: 0x80035900 (0x0440AC23) sw tp, 88(ra)
mem[0x8003A9C0] <- 0x00000003


mem[X,0x80035904] -> 0x5537
mem[X,0x80035906] -> 0x5555
[5260] [M]: 0x80035904 (0x55555537) lui a0, 349525
x10 <- 0x55555000


mem[X,0x80035908] -> 0x0513
mem[X,0x8003590A] -> 0x5565
[5261] [M]: 0x80035908 (0x55650513) addi a0, a0, 1366
x10 <- 0x55555556


mem[X,0x8003590C] -> 0xB5B7
mem[X,0x8003590E] -> 0x0000
[5262] [M]: 0x8003590C (0x0000B5B7) lui a1, 11
x11 <- 0x0000B000


mem[X,0x80035910] -> 0x8593
mem[X,0x80035912] -> 0x5035
[5263] [M]: 0x80035910 (0x50358593) addi a1, a1, 1283
x11 <- 0x0000B503


mem[X,0x80035914] -> 0x0213
mem[X,0x80035916] -> 0x0000
[5264] [M]: 0x80035914 (0x00000213) addi tp, zero, 0
x4 <- 0x00000000


mem[X,0x80035918] -> 0x006F
mem[X,0x8003591A] -> 0x00C0
[5265] [M]: 0x80035918 (0x00C0006F) jal zero, 12


mem[X,0x80035924] -> 0x1063
mem[X,0x80035926] -> 0x02B5
[5266] [M]: 0x80035924 (0x02B51063) bne a0, a1, 32


mem[X,0x80035944] -> 0x0213
mem[X,0x80035946] -> 0x0032
[5267] [M]: 0x80035944 (0x00320213) addi tp, tp, 3
x4 <- 0x00000003


mem[X,0x80035948] -> 0x006F
mem[X,0x8003594A] -> 0x0040
[5268] [M]: 0x80035948 (0x0040006F) jal zero, 4


mem[X,0x8003594C] -> 0xAE23
mem[X,0x8003594E] -> 0x0440
[5269] [M]: 0x8003594C (0x0440AE23) sw tp, 92(ra)
mem[0x8003A9C4] <- 0x00000003


mem[X,0x80035950] -> 0x5537
mem[X,0x80035952] -> 0x5555
[5270] [M]: 0x80035950 (0x55555537) lui a0, 349525
x10 <- 0x55555000


mem[X,0x80035954] -> 0x0513
mem[X,0x80035956] -> 0x5565
[5271] [M]: 0x80035954 (0x55650513) addi a0, a0, 1366
x10 <- 0x55555556


mem[X,0x80035958] -> 0x55B7
mem[X,0x8003595A] -> 0x5555
[5272] [M]: 0x80035958 (0x555555B7) lui a1, 349525
x11 <- 0x55555000


mem[X,0x8003595C] -> 0x8593
mem[X,0x8003595E] -> 0x5565
[5273] [M]: 0x8003595C (0x55658593) addi a1, a1, 1366
x11 <- 0x55555556


mem[X,0x80035960] -> 0x0213
mem[X,0x80035962] -> 0x0000
[5274] [M]: 0x80035960 (0x00000213) addi tp, zero, 0
x4 <- 0x00000000


mem[X,0x80035964] -> 0x006F
mem[X,0x80035966] -> 0x00C0
[5275] [M]: 0x80035964 (0x00C0006F) jal zero, 12


mem[X,0x80035970] -> 0x1663
mem[X,0x80035972] -> 0x00B5
[5276] [M]: 0x80035970 (0x00B51663) bne a0, a1, 12


mem[X,0x80035974] -> 0x0213
mem[X,0x80035976] -> 0x0022
[5277] [M]: 0x80035974 (0x00220213) addi tp, tp, 2
x4 <- 0x00000002


mem[X,0x80035978] -> 0x006F
mem[X,0x8003597A] -> 0x00C0
[5278] [M]: 0x80035978 (0x00C0006F) jal zero, 12


mem[X,0x80035984] -> 0xA023
mem[X,0x80035986] -> 0x0640
[5279] [M]: 0x80035984 (0x0640A023) sw tp, 96(ra)
mem[0x8003A9C8] <- 0x00000002


mem[X,0x80035988] -> 0x5537
mem[X,0x8003598A] -> 0x5555
[5280] [M]: 0x80035988 (0x55555537) lui a0, 349525
x10 <- 0x55555000


mem[X,0x8003598C] -> 0x0513
mem[X,0x8003598E] -> 0x5565
[5281] [M]: 0x8003598C (0x55650513) addi a0, a0, 1366
x10 <- 0x55555556


mem[X,0x80035990] -> 0xB5B7
mem[X,0x80035992] -> 0xAAAA
[5282] [M]: 0x80035990 (0xAAAAB5B7) lui a1, 699051
x11 <- 0xAAAAB000


mem[X,0x80035994] -> 0x8593
mem[X,0x80035996] -> 0xAAB5
[5283] [M]: 0x80035994 (0xAAB58593) addi a1, a1, 2731
x11 <- 0xAAAAAAAB


mem[X,0x80035998] -> 0x0213
mem[X,0x8003599A] -> 0x0000
[5284] [M]: 0x80035998 (0x00000213) addi tp, zero, 0
x4 <- 0x00000000


mem[X,0x8003599C] -> 0x006F
mem[X,0x8003599E] -> 0x00C0
[5285] [M]: 0x8003599C (0x00C0006F) jal zero, 12


mem[X,0x800359A8] -> 0x1663
mem[X,0x800359AA] -> 0x00B5
[5286] [M]: 0x800359A8 (0x00B51663) bne a0, a1, 12


mem[X,0x800359B4] -> 0x0213
mem[X,0x800359B6] -> 0x0032
[5287] [M]: 0x800359B4 (0x00320213) addi tp, tp, 3
x4 <- 0x00000003


mem[X,0x800359B8] -> 0x006F
mem[X,0x800359BA] -> 0x0040
[5288] [M]: 0x800359B8 (0x0040006F) jal zero, 4


mem[X,0x800359BC] -> 0xA223
mem[X,0x800359BE] -> 0x0640
[5289] [M]: 0x800359BC (0x0640A223) sw tp, 100(ra)
mem[0x8003A9CC] <- 0x00000003


mem[X,0x800359C0] -> 0x5537
mem[X,0x800359C2] -> 0x5555
[5290] [M]: 0x800359C0 (0x55555537) lui a0, 349525
x10 <- 0x55555000


mem[X,0x800359C4] -> 0x0513
mem[X,0x800359C6] -> 0x5565
[5291] [M]: 0x800359C4 (0x55650513) addi a0, a0, 1366
x10 <- 0x55555556


mem[X,0x800359C8] -> 0x0593
mem[X,0x800359CA] -> 0x0060
[5292] [M]: 0x800359C8 (0x00600593) addi a1, zero, 6
x11 <- 0x00000006


mem[X,0x800359CC] -> 0x0213
mem[X,0x800359CE] -> 0x0000
[5293] [M]: 0x800359CC (0x00000213) addi tp, zero, 0
x4 <- 0x00000000


mem[X,0x800359D0] -> 0x006F
mem[X,0x800359D2] -> 0x00C0
[5294] [M]: 0x800359D0 (0x00C0006F) jal zero, 12


mem[X,0x800359DC] -> 0x1063
mem[X,0x800359DE] -> 0x20B5
[5295] [M]: 0x800359DC (0x20B51063) bne a0, a1, 512


mem[X,0x80035BDC] -> 0x0213
mem[X,0x80035BDE] -> 0x0032
[5296] [M]: 0x80035BDC (0x00320213) addi tp, tp, 3
x4 <- 0x00000003


mem[X,0x80035BE0] -> 0x006F
mem[X,0x80035BE2] -> 0x0040
[5297] [M]: 0x80035BE0 (0x0040006F) jal zero, 4


mem[X,0x80035BE4] -> 0xA423
mem[X,0x80035BE6] -> 0x0640
[5298] [M]: 0x80035BE4 (0x0640A423) sw tp, 104(ra)
mem[0x8003A9D0] <- 0x00000003


mem[X,0x80035BE8] -> 0x5537
mem[X,0x80035BEA] -> 0x5555
[5299] [M]: 0x80035BE8 (0x55555537) lui a0, 349525
x10 <- 0x55555000


clint::tick mtime <- 0x0000000000000035
 clint timer pending at mtime 0x0000000000000035
htif::tick 0x0000000000000000
mem[X,0x80035BEC] -> 0x0513
mem[X,0x80035BEE] -> 0x5565
[5300] [M]: 0x80035BEC (0x55650513) addi a0, a0, 1366
x10 <- 0x55555556


mem[X,0x80035BF0] -> 0x35B7
mem[X,0x80035BF2] -> 0x3333
[5301] [M]: 0x80035BF0 (0x333335B7) lui a1, 209715
x11 <- 0x33333000


mem[X,0x80035BF4] -> 0x8593
mem[X,0x80035BF6] -> 0x3345
[5302] [M]: 0x80035BF4 (0x33458593) addi a1, a1, 820
x11 <- 0x33333334


mem[X,0x80035BF8] -> 0x0213
mem[X,0x80035BFA] -> 0x0000
[5303] [M]: 0x80035BF8 (0x00000213) addi tp, zero, 0
x4 <- 0x00000000


mem[X,0x80035BFC] -> 0x006F
mem[X,0x80035BFE] -> 0x0100
[5304] [M]: 0x80035BFC (0x0100006F) jal zero, 16


mem[X,0x80035C0C] -> 0x1AE3
mem[X,0x80035C0E] -> 0xFEB5
[5305] [M]: 0x80035C0C (0xFEB51AE3) bne a0, a1, 8180


mem[X,0x80035C00] -> 0x0213
mem[X,0x80035C02] -> 0x0012
[5306] [M]: 0x80035C00 (0x00120213) addi tp, tp, 1
x4 <- 0x00000001


mem[X,0x80035C04] -> 0x006F
mem[X,0x80035C06] -> 0x01C0
[5307] [M]: 0x80035C04 (0x01C0006F) jal zero, 28


mem[X,0x80035C20] -> 0xA623
mem[X,0x80035C22] -> 0x0640
[5308] [M]: 0x80035C20 (0x0640A623) sw tp, 108(ra)
mem[0x8003A9D4] <- 0x00000001


mem[X,0x80035C24] -> 0x5537
mem[X,0x80035C26] -> 0x5555
[5309] [M]: 0x80035C24 (0x55555537) lui a0, 349525
x10 <- 0x55555000


mem[X,0x80035C28] -> 0x0513
mem[X,0x80035C2A] -> 0x5565
[5310] [M]: 0x80035C28 (0x55650513) addi a0, a0, 1366
x10 <- 0x55555556


mem[X,0x80035C2C] -> 0x65B7
mem[X,0x80035C2E] -> 0x6666
[5311] [M]: 0x80035C2C (0x666665B7) lui a1, 419430
x11 <- 0x66666000


mem[X,0x80035C30] -> 0x8593
mem[X,0x80035C32] -> 0x6675
[5312] [M]: 0x80035C30 (0x66758593) addi a1, a1, 1639
x11 <- 0x66666667


mem[X,0x80035C34] -> 0x0213
mem[X,0x80035C36] -> 0x0000
[5313] [M]: 0x80035C34 (0x00000213) addi tp, zero, 0
x4 <- 0x00000000


mem[X,0x80035C38] -> 0x006F
mem[X,0x80035C3A] -> 0x00C0
[5314] [M]: 0x80035C38 (0x00C0006F) jal zero, 12


mem[X,0x80035C44] -> 0x1063
mem[X,0x80035C46] -> 0x20B5
[5315] [M]: 0x80035C44 (0x20B51063) bne a0, a1, 512


mem[X,0x80035E44] -> 0x0213
mem[X,0x80035E46] -> 0x0032
[5316] [M]: 0x80035E44 (0x00320213) addi tp, tp, 3
x4 <- 0x00000003


mem[X,0x80035E48] -> 0x006F
mem[X,0x80035E4A] -> 0x0040
[5317] [M]: 0x80035E48 (0x0040006F) jal zero, 4


mem[X,0x80035E4C] -> 0xA823
mem[X,0x80035E4E] -> 0x0640
[5318] [M]: 0x80035E4C (0x0640A823) sw tp, 112(ra)
mem[0x8003A9D8] <- 0x00000003


mem[X,0x80035E50] -> 0x5537
mem[X,0x80035E52] -> 0x5555
[5319] [M]: 0x80035E50 (0x55555537) lui a0, 349525
x10 <- 0x55555000


mem[X,0x80035E54] -> 0x0513
mem[X,0x80035E56] -> 0x5565
[5320] [M]: 0x80035E54 (0x55650513) addi a0, a0, 1366
x10 <- 0x55555556


mem[X,0x80035E58] -> 0x55B7
mem[X,0x80035E5A] -> 0xFFFF
[5321] [M]: 0x80035E58 (0xFFFF55B7) lui a1, 1048565
x11 <- 0xFFFF5000


mem[X,0x80035E5C] -> 0x8593
mem[X,0x80035E5E] -> 0xAFD5
[5322] [M]: 0x80035E5C (0xAFD58593) addi a1, a1, 2813
x11 <- 0xFFFF4AFD


mem[X,0x80035E60] -> 0x0213
mem[X,0x80035E62] -> 0x0000
[5323] [M]: 0x80035E60 (0x00000213) addi tp, zero, 0
x4 <- 0x00000000


mem[X,0x80035E64] -> 0x006F
mem[X,0x80035E66] -> 0x0100
[5324] [M]: 0x80035E64 (0x0100006F) jal zero, 16


mem[X,0x80035E74] -> 0x1AE3
mem[X,0x80035E76] -> 0xFEB5
[5325] [M]: 0x80035E74 (0xFEB51AE3) bne a0, a1, 8180


mem[X,0x80035E68] -> 0x0213
mem[X,0x80035E6A] -> 0x0012
[5326] [M]: 0x80035E68 (0x00120213) addi tp, tp, 1
x4 <- 0x00000001


mem[X,0x80035E6C] -> 0x006F
mem[X,0x80035E6E] -> 0x01C0
[5327] [M]: 0x80035E6C (0x01C0006F) jal zero, 28


mem[X,0x80035E88] -> 0xAA23
mem[X,0x80035E8A] -> 0x0640
[5328] [M]: 0x80035E88 (0x0640AA23) sw tp, 116(ra)
mem[0x8003A9DC] <- 0x00000001


mem[X,0x80035E8C] -> 0x5537
mem[X,0x80035E8E] -> 0x5555
[5329] [M]: 0x80035E8C (0x55555537) lui a0, 349525
x10 <- 0x55555000


mem[X,0x80035E90] -> 0x0513
mem[X,0x80035E92] -> 0x5565
[5330] [M]: 0x80035E90 (0x55650513) addi a0, a0, 1366
x10 <- 0x55555556


mem[X,0x80035E94] -> 0xB5B7
mem[X,0x80035E96] -> 0x0000
[5331] [M]: 0x80035E94 (0x0000B5B7) lui a1, 11
x11 <- 0x0000B000


mem[X,0x80035E98] -> 0x8593
mem[X,0x80035E9A] -> 0x5055
[5332] [M]: 0x80035E98 (0x50558593) addi a1, a1, 1285
x11 <- 0x0000B505


mem[X,0x80035E9C] -> 0x0213
mem[X,0x80035E9E] -> 0x0000
[5333] [M]: 0x80035E9C (0x00000213) addi tp, zero, 0
x4 <- 0x00000000


mem[X,0x80035EA0] -> 0x006F
mem[X,0x80035EA2] -> 0x00C0
[5334] [M]: 0x80035EA0 (0x00C0006F) jal zero, 12


mem[X,0x80035EAC] -> 0x1863
mem[X,0x80035EAE] -> 0x00B5
[5335] [M]: 0x80035EAC (0x00B51863) bne a0, a1, 16


mem[X,0x80035EBC] -> 0x0213
mem[X,0x80035EBE] -> 0x0032
[5336] [M]: 0x80035EBC (0x00320213) addi tp, tp, 3
x4 <- 0x00000003


mem[X,0x80035EC0] -> 0x006F
mem[X,0x80035EC2] -> 0x0040
[5337] [M]: 0x80035EC0 (0x0040006F) jal zero, 4


mem[X,0x80035EC4] -> 0xAC23
mem[X,0x80035EC6] -> 0x0640
[5338] [M]: 0x80035EC4 (0x0640AC23) sw tp, 120(ra)
mem[0x8003A9E0] <- 0x00000003


mem[X,0x80035EC8] -> 0xB537
mem[X,0x80035ECA] -> 0xAAAA
[5339] [M]: 0x80035EC8 (0xAAAAB537) lui a0, 699051
x10 <- 0xAAAAB000


mem[X,0x80035ECC] -> 0x0513
mem[X,0x80035ECE] -> 0xAAB5
[5340] [M]: 0x80035ECC (0xAAB50513) addi a0, a0, 2731
x10 <- 0xAAAAAAAB


mem[X,0x80035ED0] -> 0x0593
mem[X,0x80035ED2] -> 0x0030
[5341] [M]: 0x80035ED0 (0x00300593) addi a1, zero, 3
x11 <- 0x00000003


mem[X,0x80035ED4] -> 0x0213
mem[X,0x80035ED6] -> 0x0000
[5342] [M]: 0x80035ED4 (0x00000213) addi tp, zero, 0
x4 <- 0x00000000


mem[X,0x80035ED8] -> 0x006F
mem[X,0x80035EDA] -> 0x00C0
[5343] [M]: 0x80035ED8 (0x00C0006F) jal zero, 12


mem[X,0x80035EE4] -> 0x1063
mem[X,0x80035EE6] -> 0x04B5
[5344] [M]: 0x80035EE4 (0x04B51063) bne a0, a1, 64


mem[X,0x80035F24] -> 0x0213
mem[X,0x80035F26] -> 0x0032
[5345] [M]: 0x80035F24 (0x00320213) addi tp, tp, 3
x4 <- 0x00000003


mem[X,0x80035F28] -> 0x006F
mem[X,0x80035F2A] -> 0x0040
[5346] [M]: 0x80035F28 (0x0040006F) jal zero, 4


mem[X,0x80035F2C] -> 0xAE23
mem[X,0x80035F2E] -> 0x0640
[5347] [M]: 0x80035F2C (0x0640AE23) sw tp, 124(ra)
mem[0x8003A9E4] <- 0x00000003


mem[X,0x80035F30] -> 0xB537
mem[X,0x80035F32] -> 0xAAAA
[5348] [M]: 0x80035F30 (0xAAAAB537) lui a0, 699051
x10 <- 0xAAAAB000


mem[X,0x80035F34] -> 0x0513
mem[X,0x80035F36] -> 0xAAB5
[5349] [M]: 0x80035F34 (0xAAB50513) addi a0, a0, 2731
x10 <- 0xAAAAAAAB


mem[X,0x80035F38] -> 0x55B7
mem[X,0x80035F3A] -> 0x5555
[5350] [M]: 0x80035F38 (0x555555B7) lui a1, 349525
x11 <- 0x55555000


mem[X,0x80035F3C] -> 0x8593
mem[X,0x80035F3E] -> 0x5555
[5351] [M]: 0x80035F3C (0x55558593) addi a1, a1, 1365
x11 <- 0x55555555


mem[X,0x80035F40] -> 0x0213
mem[X,0x80035F42] -> 0x0000
[5352] [M]: 0x80035F40 (0x00000213) addi tp, zero, 0
x4 <- 0x00000000


mem[X,0x80035F44] -> 0x006F
mem[X,0x80035F46] -> 0x00C0
[5353] [M]: 0x80035F44 (0x00C0006F) jal zero, 12


mem[X,0x80035F50] -> 0x1CE3
mem[X,0x80035F52] -> 0xFEB5
[5354] [M]: 0x80035F50 (0xFEB51CE3) bne a0, a1, 8184


mem[X,0x80035F48] -> 0x0213
mem[X,0x80035F4A] -> 0x0012
[5355] [M]: 0x80035F48 (0x00120213) addi tp, tp, 1
x4 <- 0x00000001


mem[X,0x80035F4C] -> 0x006F
mem[X,0x80035F4E] -> 0x0180
[5356] [M]: 0x80035F4C (0x0180006F) jal zero, 24


mem[X,0x80035F64] -> 0xA023
mem[X,0x80035F66] -> 0x0840
[5357] [M]: 0x80035F64 (0x0840A023) sw tp, 128(ra)
mem[0x8003A9E8] <- 0x00000001


mem[X,0x80035F68] -> 0xB537
mem[X,0x80035F6A] -> 0xAAAA
[5358] [M]: 0x80035F68 (0xAAAAB537) lui a0, 699051
x10 <- 0xAAAAB000


mem[X,0x80035F6C] -> 0x0513
mem[X,0x80035F6E] -> 0xAAB5
[5359] [M]: 0x80035F6C (0xAAB50513) addi a0, a0, 2731
x10 <- 0xAAAAAAAB


mem[X,0x80035F70] -> 0xB5B7
mem[X,0x80035F72] -> 0xAAAA
[5360] [M]: 0x80035F70 (0xAAAAB5B7) lui a1, 699051
x11 <- 0xAAAAB000


mem[X,0x80035F74] -> 0x8593
mem[X,0x80035F76] -> 0xAAA5
[5361] [M]: 0x80035F74 (0xAAA58593) addi a1, a1, 2730
x11 <- 0xAAAAAAAA


mem[X,0x80035F78] -> 0x0213
mem[X,0x80035F7A] -> 0x0000
[5362] [M]: 0x80035F78 (0x00000213) addi tp, zero, 0
x4 <- 0x00000000


mem[X,0x80035F7C] -> 0x006F
mem[X,0x80035F7E] -> 0x00C0
[5363] [M]: 0x80035F7C (0x00C0006F) jal zero, 12


mem[X,0x80035F88] -> 0x1663
mem[X,0x80035F8A] -> 0x00B5
[5364] [M]: 0x80035F88 (0x00B51663) bne a0, a1, 12


mem[X,0x80035F94] -> 0x0213
mem[X,0x80035F96] -> 0x0032
[5365] [M]: 0x80035F94 (0x00320213) addi tp, tp, 3
x4 <- 0x00000003


mem[X,0x80035F98] -> 0x006F
mem[X,0x80035F9A] -> 0x0040
[5366] [M]: 0x80035F98 (0x0040006F) jal zero, 4


mem[X,0x80035F9C] -> 0xA223
mem[X,0x80035F9E] -> 0x0840
[5367] [M]: 0x80035F9C (0x0840A223) sw tp, 132(ra)
mem[0x8003A9EC] <- 0x00000003


mem[X,0x80035FA0] -> 0xB537
mem[X,0x80035FA2] -> 0xAAAA
[5368] [M]: 0x80035FA0 (0xAAAAB537) lui a0, 699051
x10 <- 0xAAAAB000


mem[X,0x80035FA4] -> 0x0513
mem[X,0x80035FA6] -> 0xAAB5
[5369] [M]: 0x80035FA4 (0xAAB50513) addi a0, a0, 2731
x10 <- 0xAAAAAAAB


mem[X,0x80035FA8] -> 0x0593
mem[X,0x80035FAA] -> 0x0050
[5370] [M]: 0x80035FA8 (0x00500593) addi a1, zero, 5
x11 <- 0x00000005


mem[X,0x80035FAC] -> 0x0213
mem[X,0x80035FAE] -> 0x0000
[5371] [M]: 0x80035FAC (0x00000213) addi tp, zero, 0
x4 <- 0x00000000


mem[X,0x80035FB0] -> 0x006F
mem[X,0x80035FB2] -> 0x00C0
[5372] [M]: 0x80035FB0 (0x00C0006F) jal zero, 12


mem[X,0x80035FBC] -> 0x1063
mem[X,0x80035FBE] -> 0x08B5
[5373] [M]: 0x80035FBC (0x08B51063) bne a0, a1, 128


mem[X,0x8003603C] -> 0x0213
mem[X,0x8003603E] -> 0x0032
[5374] [M]: 0x8003603C (0x00320213) addi tp, tp, 3
x4 <- 0x00000003


mem[X,0x80036040] -> 0x006F
mem[X,0x80036042] -> 0x0040
[5375] [M]: 0x80036040 (0x0040006F) jal zero, 4


mem[X,0x80036044] -> 0xA423
mem[X,0x80036046] -> 0x0840
[5376] [M]: 0x80036044 (0x0840A423) sw tp, 136(ra)
mem[0x8003A9F0] <- 0x00000003


mem[X,0x80036048] -> 0xB537
mem[X,0x8003604A] -> 0xAAAA
[5377] [M]: 0x80036048 (0xAAAAB537) lui a0, 699051
x10 <- 0xAAAAB000


mem[X,0x8003604C] -> 0x0513
mem[X,0x8003604E] -> 0xAAB5
[5378] [M]: 0x8003604C (0xAAB50513) addi a0, a0, 2731
x10 <- 0xAAAAAAAB


mem[X,0x80036050] -> 0x35B7
mem[X,0x80036052] -> 0x3333
[5379] [M]: 0x80036050 (0x333335B7) lui a1, 209715
x11 <- 0x33333000


mem[X,0x80036054] -> 0x8593
mem[X,0x80036056] -> 0x3335
[5380] [M]: 0x80036054 (0x33358593) addi a1, a1, 819
x11 <- 0x33333333


mem[X,0x80036058] -> 0x0213
mem[X,0x8003605A] -> 0x0000
[5381] [M]: 0x80036058 (0x00000213) addi tp, zero, 0
x4 <- 0x00000000


mem[X,0x8003605C] -> 0x006F
mem[X,0x8003605E] -> 0x00C0
[5382] [M]: 0x8003605C (0x00C0006F) jal zero, 12


mem[X,0x80036068] -> 0x1063
mem[X,0x8003606A] -> 0x20B5
[5383] [M]: 0x80036068 (0x20B51063) bne a0, a1, 512


mem[X,0x80036268] -> 0x0213
mem[X,0x8003626A] -> 0x0032
[5384] [M]: 0x80036268 (0x00320213) addi tp, tp, 3
x4 <- 0x00000003


mem[X,0x8003626C] -> 0x006F
mem[X,0x8003626E] -> 0x0040
[5385] [M]: 0x8003626C (0x0040006F) jal zero, 4


mem[X,0x80036270] -> 0xA623
mem[X,0x80036272] -> 0x0840
[5386] [M]: 0x80036270 (0x0840A623) sw tp, 140(ra)
mem[0x8003A9F4] <- 0x00000003


mem[X,0x80036274] -> 0xB537
mem[X,0x80036276] -> 0xAAAA
[5387] [M]: 0x80036274 (0xAAAAB537) lui a0, 699051
x10 <- 0xAAAAB000


mem[X,0x80036278] -> 0x0513
mem[X,0x8003627A] -> 0xAAB5
[5388] [M]: 0x80036278 (0xAAB50513) addi a0, a0, 2731
x10 <- 0xAAAAAAAB


mem[X,0x8003627C] -> 0x65B7
mem[X,0x8003627E] -> 0x6666
[5389] [M]: 0x8003627C (0x666665B7) lui a1, 419430
x11 <- 0x66666000


mem[X,0x80036280] -> 0x8593
mem[X,0x80036282] -> 0x6665
[5390] [M]: 0x80036280 (0x66658593) addi a1, a1, 1638
x11 <- 0x66666666


mem[X,0x80036284] -> 0x0213
mem[X,0x80036286] -> 0x0000
[5391] [M]: 0x80036284 (0x00000213) addi tp, zero, 0
x4 <- 0x00000000


mem[X,0x80036288] -> 0x006F
mem[X,0x8003628A] -> 0x2B10
[5392] [M]: 0x80036288 (0x2B10006F) jal zero, 2736


mem[X,0x80036D38] -> 0x1A63
mem[X,0x80036D3A] -> 0xD4B5
[5393] [M]: 0x80036D38 (0xD4B51A63) bne a0, a1, 5460


mem[X,0x8003628C] -> 0x0213
mem[X,0x8003628E] -> 0x0012
[5394] [M]: 0x8003628C (0x00120213) addi tp, tp, 1
x4 <- 0x00000001


mem[X,0x80036290] -> 0x006F
mem[X,0x80036292] -> 0x2BD0
[5395] [M]: 0x80036290 (0x2BD0006F) jal zero, 2748


mem[X,0x80036D4C] -> 0xA823
mem[X,0x80036D4E] -> 0x0840
[5396] [M]: 0x80036D4C (0x0840A823) sw tp, 144(ra)
mem[0x8003A9F8] <- 0x00000001


mem[X,0x80036D50] -> 0xB537
mem[X,0x80036D52] -> 0xAAAA
[5397] [M]: 0x80036D50 (0xAAAAB537) lui a0, 699051
x10 <- 0xAAAAB000


mem[X,0x80036D54] -> 0x0513
mem[X,0x80036D56] -> 0xAAB5
[5398] [M]: 0x80036D54 (0xAAB50513) addi a0, a0, 2731
x10 <- 0xAAAAAAAB


mem[X,0x80036D58] -> 0x55B7
mem[X,0x80036D5A] -> 0xFFFF
[5399] [M]: 0x80036D58 (0xFFFF55B7) lui a1, 1048565
x11 <- 0xFFFF5000


clint::tick mtime <- 0x0000000000000036
 clint timer pending at mtime 0x0000000000000036
htif::tick 0x0000000000000000
mem[X,0x80036D5C] -> 0x8593
mem[X,0x80036D5E] -> 0xAFC5
[5400] [M]: 0x80036D5C (0xAFC58593) addi a1, a1, 2812
x11 <- 0xFFFF4AFC


mem[X,0x80036D60] -> 0x0213
mem[X,0x80036D62] -> 0x0000
[5401] [M]: 0x80036D60 (0x00000213) addi tp, zero, 0
x4 <- 0x00000000


mem[X,0x80036D64] -> 0x006F
mem[X,0x80036D66] -> 0x00C0
[5402] [M]: 0x80036D64 (0x00C0006F) jal zero, 12


mem[X,0x80036D70] -> 0x1063
mem[X,0x80036D72] -> 0x40B5
[5403] [M]: 0x80036D70 (0x40B51063) bne a0, a1, 1024


mem[X,0x80037170] -> 0x0213
mem[X,0x80037172] -> 0x0032
[5404] [M]: 0x80037170 (0x00320213) addi tp, tp, 3
x4 <- 0x00000003


mem[X,0x80037174] -> 0x006F
mem[X,0x80037176] -> 0x0040
[5405] [M]: 0x80037174 (0x0040006F) jal zero, 4


mem[X,0x80037178] -> 0xAA23
mem[X,0x8003717A] -> 0x0840
[5406] [M]: 0x80037178 (0x0840AA23) sw tp, 148(ra)
mem[0x8003A9FC] <- 0x00000003


mem[X,0x8003717C] -> 0xB537
mem[X,0x8003717E] -> 0xAAAA
[5407] [M]: 0x8003717C (0xAAAAB537) lui a0, 699051
x10 <- 0xAAAAB000


mem[X,0x80037180] -> 0x0513
mem[X,0x80037182] -> 0xAAB5
[5408] [M]: 0x80037180 (0xAAB50513) addi a0, a0, 2731
x10 <- 0xAAAAAAAB


mem[X,0x80037184] -> 0xB5B7
mem[X,0x80037186] -> 0x0000
[5409] [M]: 0x80037184 (0x0000B5B7) lui a1, 11
x11 <- 0x0000B000


mem[X,0x80037188] -> 0x8593
mem[X,0x8003718A] -> 0x5045
[5410] [M]: 0x80037188 (0x50458593) addi a1, a1, 1284
x11 <- 0x0000B504


mem[X,0x8003718C] -> 0x0213
mem[X,0x8003718E] -> 0x0000
[5411] [M]: 0x8003718C (0x00000213) addi tp, zero, 0
x4 <- 0x00000000


mem[X,0x80037190] -> 0x006F
mem[X,0x80037192] -> 0x00C0
[5412] [M]: 0x80037190 (0x00C0006F) jal zero, 12


mem[X,0x8003719C] -> 0x1063
mem[X,0x8003719E] -> 0x20B5
[5413] [M]: 0x8003719C (0x20B51063) bne a0, a1, 512


mem[X,0x8003739C] -> 0x0213
mem[X,0x8003739E] -> 0x0032
[5414] [M]: 0x8003739C (0x00320213) addi tp, tp, 3
x4 <- 0x00000003


mem[X,0x800373A0] -> 0x006F
mem[X,0x800373A2] -> 0x0040
[5415] [M]: 0x800373A0 (0x0040006F) jal zero, 4


mem[X,0x800373A4] -> 0xAC23
mem[X,0x800373A6] -> 0x0840
[5416] [M]: 0x800373A4 (0x0840AC23) sw tp, 152(ra)
mem[0x8003AA00] <- 0x00000003


mem[X,0x800373A8] -> 0xB537
mem[X,0x800373AA] -> 0xAAAA
[5417] [M]: 0x800373A8 (0xAAAAB537) lui a0, 699051
x10 <- 0xAAAAB000


mem[X,0x800373AC] -> 0x0513
mem[X,0x800373AE] -> 0xAAB5
[5418] [M]: 0x800373AC (0xAAB50513) addi a0, a0, 2731
x10 <- 0xAAAAAAAB


mem[X,0x800373B0] -> 0x0593
mem[X,0x800373B2] -> 0x0020
[5419] [M]: 0x800373B0 (0x00200593) addi a1, zero, 2
x11 <- 0x00000002


mem[X,0x800373B4] -> 0x0213
mem[X,0x800373B6] -> 0x0000
[5420] [M]: 0x800373B4 (0x00000213) addi tp, zero, 0
x4 <- 0x00000000


mem[X,0x800373B8] -> 0x006F
mem[X,0x800373BA] -> 0x0180
[5421] [M]: 0x800373B8 (0x0180006F) jal zero, 24


mem[X,0x800373D0] -> 0x16E3
mem[X,0x800373D2] -> 0xFEB5
[5422] [M]: 0x800373D0 (0xFEB516E3) bne a0, a1, 8172


mem[X,0x800373BC] -> 0x0213
mem[X,0x800373BE] -> 0x0012
[5423] [M]: 0x800373BC (0x00120213) addi tp, tp, 1
x4 <- 0x00000001


mem[X,0x800373C0] -> 0x006F
mem[X,0x800373C2] -> 0x0240
[5424] [M]: 0x800373C0 (0x0240006F) jal zero, 36


mem[X,0x800373E4] -> 0xAE23
mem[X,0x800373E6] -> 0x0840
[5425] [M]: 0x800373E4 (0x0840AE23) sw tp, 156(ra)
mem[0x8003AA04] <- 0x00000001


mem[X,0x800373E8] -> 0xB537
mem[X,0x800373EA] -> 0xAAAA
[5426] [M]: 0x800373E8 (0xAAAAB537) lui a0, 699051
x10 <- 0xAAAAB000


mem[X,0x800373EC] -> 0x0513
mem[X,0x800373EE] -> 0xAAB5
[5427] [M]: 0x800373EC (0xAAB50513) addi a0, a0, 2731
x10 <- 0xAAAAAAAB


mem[X,0x800373F0] -> 0x55B7
mem[X,0x800373F2] -> 0x5555
[5428] [M]: 0x800373F0 (0x555555B7) lui a1, 349525
x11 <- 0x55555000


mem[X,0x800373F4] -> 0x8593
mem[X,0x800373F6] -> 0x5545
[5429] [M]: 0x800373F4 (0x55458593) addi a1, a1, 1364
x11 <- 0x55555554


mem[X,0x800373F8] -> 0x0213
mem[X,0x800373FA] -> 0x0000
[5430] [M]: 0x800373F8 (0x00000213) addi tp, zero, 0
x4 <- 0x00000000


mem[X,0x800373FC] -> 0x006F
mem[X,0x800373FE] -> 0x00C0
[5431] [M]: 0x800373FC (0x00C0006F) jal zero, 12


mem[X,0x80037408] -> 0x1CE3
mem[X,0x8003740A] -> 0xFEB5
[5432] [M]: 0x80037408 (0xFEB51CE3) bne a0, a1, 8184


mem[X,0x80037400] -> 0x0213
mem[X,0x80037402] -> 0x0012
[5433] [M]: 0x80037400 (0x00120213) addi tp, tp, 1
x4 <- 0x00000001


mem[X,0x80037404] -> 0x006F
mem[X,0x80037406] -> 0x0180
[5434] [M]: 0x80037404 (0x0180006F) jal zero, 24


mem[X,0x8003741C] -> 0xA023
mem[X,0x8003741E] -> 0x0A40
[5435] [M]: 0x8003741C (0x0A40A023) sw tp, 160(ra)
mem[0x8003AA08] <- 0x00000001


mem[X,0x80037420] -> 0xB537
mem[X,0x80037422] -> 0xAAAA
[5436] [M]: 0x80037420 (0xAAAAB537) lui a0, 699051
x10 <- 0xAAAAB000


mem[X,0x80037424] -> 0x0513
mem[X,0x80037426] -> 0xAAB5
[5437] [M]: 0x80037424 (0xAAB50513) addi a0, a0, 2731
x10 <- 0xAAAAAAAB


mem[X,0x80037428] -> 0x0593
mem[X,0x8003742A] -> 0x0000
[5438] [M]: 0x80037428 (0x00000593) addi a1, zero, 0
x11 <- 0x00000000


mem[X,0x8003742C] -> 0x0213
mem[X,0x8003742E] -> 0x0000
[5439] [M]: 0x8003742C (0x00000213) addi tp, zero, 0
x4 <- 0x00000000


mem[X,0x80037430] -> 0x006F
mem[X,0x80037432] -> 0x00C0
[5440] [M]: 0x80037430 (0x00C0006F) jal zero, 12


mem[X,0x8003743C] -> 0x1663
mem[X,0x8003743E] -> 0x00B5
[5441] [M]: 0x8003743C (0x00B51663) bne a0, a1, 12


mem[X,0x80037448] -> 0x0213
mem[X,0x8003744A] -> 0x0032
[5442] [M]: 0x80037448 (0x00320213) addi tp, tp, 3
x4 <- 0x00000003


mem[X,0x8003744C] -> 0x006F
mem[X,0x8003744E] -> 0x0040
[5443] [M]: 0x8003744C (0x0040006F) jal zero, 4


mem[X,0x80037450] -> 0xA223
mem[X,0x80037452] -> 0x0A40
[5444] [M]: 0x80037450 (0x0A40A223) sw tp, 164(ra)
mem[0x8003AA0C] <- 0x00000003


mem[X,0x80037454] -> 0xB537
mem[X,0x80037456] -> 0xAAAA
[5445] [M]: 0x80037454 (0xAAAAB537) lui a0, 699051
x10 <- 0xAAAAB000


mem[X,0x80037458] -> 0x0513
mem[X,0x8003745A] -> 0xAAB5
[5446] [M]: 0x80037458 (0xAAB50513) addi a0, a0, 2731
x10 <- 0xAAAAAAAB


mem[X,0x8003745C] -> 0x0593
mem[X,0x8003745E] -> 0x0040
[5447] [M]: 0x8003745C (0x00400593) addi a1, zero, 4
x11 <- 0x00000004


mem[X,0x80037460] -> 0x0213
mem[X,0x80037462] -> 0x0000
[5448] [M]: 0x80037460 (0x00000213) addi tp, zero, 0
x4 <- 0x00000000


mem[X,0x80037464] -> 0x006F
mem[X,0x80037466] -> 0x00C0
[5449] [M]: 0x80037464 (0x00C0006F) jal zero, 12


mem[X,0x80037470] -> 0x1063
mem[X,0x80037472] -> 0x02B5
[5450] [M]: 0x80037470 (0x02B51063) bne a0, a1, 32


mem[X,0x80037490] -> 0x0213
mem[X,0x80037492] -> 0x0032
[5451] [M]: 0x80037490 (0x00320213) addi tp, tp, 3
x4 <- 0x00000003


mem[X,0x80037494] -> 0x006F
mem[X,0x80037496] -> 0x0040
[5452] [M]: 0x80037494 (0x0040006F) jal zero, 4


mem[X,0x80037498] -> 0xA423
mem[X,0x8003749A] -> 0x0A40
[5453] [M]: 0x80037498 (0x0A40A423) sw tp, 168(ra)
mem[0x8003AA10] <- 0x00000003


mem[X,0x8003749C] -> 0xB537
mem[X,0x8003749E] -> 0xAAAA
[5454] [M]: 0x8003749C (0xAAAAB537) lui a0, 699051
x10 <- 0xAAAAB000


mem[X,0x800374A0] -> 0x0513
mem[X,0x800374A2] -> 0xAAB5
[5455] [M]: 0x800374A0 (0xAAB50513) addi a0, a0, 2731
x10 <- 0xAAAAAAAB


mem[X,0x800374A4] -> 0x35B7
mem[X,0x800374A6] -> 0x3333
[5456] [M]: 0x800374A4 (0x333335B7) lui a1, 209715
x11 <- 0x33333000


mem[X,0x800374A8] -> 0x8593
mem[X,0x800374AA] -> 0x3325
[5457] [M]: 0x800374A8 (0x33258593) addi a1, a1, 818
x11 <- 0x33333332


mem[X,0x800374AC] -> 0x0213
mem[X,0x800374AE] -> 0x0000
[5458] [M]: 0x800374AC (0x00000213) addi tp, zero, 0
x4 <- 0x00000000


mem[X,0x800374B0] -> 0x006F
mem[X,0x800374B2] -> 0x00C0
[5459] [M]: 0x800374B0 (0x00C0006F) jal zero, 12


mem[X,0x800374BC] -> 0x1CE3
mem[X,0x800374BE] -> 0xFEB5
[5460] [M]: 0x800374BC (0xFEB51CE3) bne a0, a1, 8184


mem[X,0x800374B4] -> 0x0213
mem[X,0x800374B6] -> 0x0012
[5461] [M]: 0x800374B4 (0x00120213) addi tp, tp, 1
x4 <- 0x00000001


mem[X,0x800374B8] -> 0x006F
mem[X,0x800374BA] -> 0x0180
[5462] [M]: 0x800374B8 (0x0180006F) jal zero, 24


mem[X,0x800374D0] -> 0xA623
mem[X,0x800374D2] -> 0x0A40
[5463] [M]: 0x800374D0 (0x0A40A623) sw tp, 172(ra)
mem[0x8003AA14] <- 0x00000001


mem[X,0x800374D4] -> 0xB537
mem[X,0x800374D6] -> 0xAAAA
[5464] [M]: 0x800374D4 (0xAAAAB537) lui a0, 699051
x10 <- 0xAAAAB000


mem[X,0x800374D8] -> 0x0513
mem[X,0x800374DA] -> 0xAAB5
[5465] [M]: 0x800374D8 (0xAAB50513) addi a0, a0, 2731
x10 <- 0xAAAAAAAB


mem[X,0x800374DC] -> 0x65B7
mem[X,0x800374DE] -> 0x6666
[5466] [M]: 0x800374DC (0x666665B7) lui a1, 419430
x11 <- 0x66666000


mem[X,0x800374E0] -> 0x8593
mem[X,0x800374E2] -> 0x6655
[5467] [M]: 0x800374E0 (0x66558593) addi a1, a1, 1637
x11 <- 0x66666665


mem[X,0x800374E4] -> 0x0213
mem[X,0x800374E6] -> 0x0000
[5468] [M]: 0x800374E4 (0x00000213) addi tp, zero, 0
x4 <- 0x00000000


mem[X,0x800374E8] -> 0x006F
mem[X,0x800374EA] -> 0x00C0
[5469] [M]: 0x800374E8 (0x00C0006F) jal zero, 12


mem[X,0x800374F4] -> 0x1863
mem[X,0x800374F6] -> 0x00B5
[5470] [M]: 0x800374F4 (0x00B51863) bne a0, a1, 16


mem[X,0x80037504] -> 0x0213
mem[X,0x80037506] -> 0x0032
[5471] [M]: 0x80037504 (0x00320213) addi tp, tp, 3
x4 <- 0x00000003


mem[X,0x80037508] -> 0x006F
mem[X,0x8003750A] -> 0x0040
[5472] [M]: 0x80037508 (0x0040006F) jal zero, 4


mem[X,0x8003750C] -> 0xA823
mem[X,0x8003750E] -> 0x0A40
[5473] [M]: 0x8003750C (0x0A40A823) sw tp, 176(ra)
mem[0x8003AA18] <- 0x00000003


mem[X,0x80037510] -> 0xB537
mem[X,0x80037512] -> 0xAAAA
[5474] [M]: 0x80037510 (0xAAAAB537) lui a0, 699051
x10 <- 0xAAAAB000


mem[X,0x80037514] -> 0x0513
mem[X,0x80037516] -> 0xAAB5
[5475] [M]: 0x80037514 (0xAAB50513) addi a0, a0, 2731
x10 <- 0xAAAAAAAB


mem[X,0x80037518] -> 0xB5B7
mem[X,0x8003751A] -> 0x0000
[5476] [M]: 0x80037518 (0x0000B5B7) lui a1, 11
x11 <- 0x0000B000


mem[X,0x8003751C] -> 0x8593
mem[X,0x8003751E] -> 0x5035
[5477] [M]: 0x8003751C (0x50358593) addi a1, a1, 1283
x11 <- 0x0000B503


mem[X,0x80037520] -> 0x0213
mem[X,0x80037522] -> 0x0000
[5478] [M]: 0x80037520 (0x00000213) addi tp, zero, 0
x4 <- 0x00000000


mem[X,0x80037524] -> 0x006F
mem[X,0x80037526] -> 0x00C0
[5479] [M]: 0x80037524 (0x00C0006F) jal zero, 12


mem[X,0x80037530] -> 0x1CE3
mem[X,0x80037532] -> 0xFEB5
[5480] [M]: 0x80037530 (0xFEB51CE3) bne a0, a1, 8184


mem[X,0x80037528] -> 0x0213
mem[X,0x8003752A] -> 0x0012
[5481] [M]: 0x80037528 (0x00120213) addi tp, tp, 1
x4 <- 0x00000001


mem[X,0x8003752C] -> 0x006F
mem[X,0x8003752E] -> 0x0180
[5482] [M]: 0x8003752C (0x0180006F) jal zero, 24


mem[X,0x80037544] -> 0xAA23
mem[X,0x80037546] -> 0x0A40
[5483] [M]: 0x80037544 (0x0A40AA23) sw tp, 180(ra)
mem[0x8003AA1C] <- 0x00000001


mem[X,0x80037548] -> 0xB537
mem[X,0x8003754A] -> 0xAAAA
[5484] [M]: 0x80037548 (0xAAAAB537) lui a0, 699051
x10 <- 0xAAAAB000


mem[X,0x8003754C] -> 0x0513
mem[X,0x8003754E] -> 0xAAB5
[5485] [M]: 0x8003754C (0xAAB50513) addi a0, a0, 2731
x10 <- 0xAAAAAAAB


mem[X,0x80037550] -> 0x55B7
mem[X,0x80037552] -> 0x5555
[5486] [M]: 0x80037550 (0x555555B7) lui a1, 349525
x11 <- 0x55555000


mem[X,0x80037554] -> 0x8593
mem[X,0x80037556] -> 0x5565
[5487] [M]: 0x80037554 (0x55658593) addi a1, a1, 1366
x11 <- 0x55555556


mem[X,0x80037558] -> 0x0213
mem[X,0x8003755A] -> 0x0000
[5488] [M]: 0x80037558 (0x00000213) addi tp, zero, 0
x4 <- 0x00000000


mem[X,0x8003755C] -> 0x006F
mem[X,0x8003755E] -> 0x00C0
[5489] [M]: 0x8003755C (0x00C0006F) jal zero, 12


mem[X,0x80037568] -> 0x1663
mem[X,0x8003756A] -> 0x00B5
[5490] [M]: 0x80037568 (0x00B51663) bne a0, a1, 12


mem[X,0x80037574] -> 0x0213
mem[X,0x80037576] -> 0x0032
[5491] [M]: 0x80037574 (0x00320213) addi tp, tp, 3
x4 <- 0x00000003


mem[X,0x80037578] -> 0x006F
mem[X,0x8003757A] -> 0x0040
[5492] [M]: 0x80037578 (0x0040006F) jal zero, 4


mem[X,0x8003757C] -> 0xAC23
mem[X,0x8003757E] -> 0x0A40
[5493] [M]: 0x8003757C (0x0A40AC23) sw tp, 184(ra)
mem[0x8003AA20] <- 0x00000003


mem[X,0x80037580] -> 0xB537
mem[X,0x80037582] -> 0xAAAA
[5494] [M]: 0x80037580 (0xAAAAB537) lui a0, 699051
x10 <- 0xAAAAB000


mem[X,0x80037584] -> 0x0513
mem[X,0x80037586] -> 0xAAB5
[5495] [M]: 0x80037584 (0xAAB50513) addi a0, a0, 2731
x10 <- 0xAAAAAAAB


mem[X,0x80037588] -> 0xB5B7
mem[X,0x8003758A] -> 0xAAAA
[5496] [M]: 0x80037588 (0xAAAAB5B7) lui a1, 699051
x11 <- 0xAAAAB000


mem[X,0x8003758C] -> 0x8593
mem[X,0x8003758E] -> 0xAAB5
[5497] [M]: 0x8003758C (0xAAB58593) addi a1, a1, 2731
x11 <- 0xAAAAAAAB


mem[X,0x80037590] -> 0x0213
mem[X,0x80037592] -> 0x0000
[5498] [M]: 0x80037590 (0x00000213) addi tp, zero, 0
x4 <- 0x00000000


mem[X,0x80037594] -> 0x006F
mem[X,0x80037596] -> 0x00C0
[5499] [M]: 0x80037594 (0x00C0006F) jal zero, 12


clint::tick mtime <- 0x0000000000000037
 clint timer pending at mtime 0x0000000000000037
htif::tick 0x0000000000000000
mem[X,0x800375A0] -> 0x1CE3
mem[X,0x800375A2] -> 0xFEB5
[5500] [M]: 0x800375A0 (0xFEB51CE3) bne a0, a1, 8184


mem[X,0x800375A4] -> 0x0213
mem[X,0x800375A6] -> 0x0022
[5501] [M]: 0x800375A4 (0x00220213) addi tp, tp, 2
x4 <- 0x00000002


mem[X,0x800375A8] -> 0x006F
mem[X,0x800375AA] -> 0x00C0
[5502] [M]: 0x800375A8 (0x00C0006F) jal zero, 12


mem[X,0x800375B4] -> 0xAE23
mem[X,0x800375B6] -> 0x0A40
[5503] [M]: 0x800375B4 (0x0A40AE23) sw tp, 188(ra)
mem[0x8003AA24] <- 0x00000002


mem[X,0x800375B8] -> 0xB537
mem[X,0x800375BA] -> 0xAAAA
[5504] [M]: 0x800375B8 (0xAAAAB537) lui a0, 699051
x10 <- 0xAAAAB000


mem[X,0x800375BC] -> 0x0513
mem[X,0x800375BE] -> 0xAAB5
[5505] [M]: 0x800375BC (0xAAB50513) addi a0, a0, 2731
x10 <- 0xAAAAAAAB


mem[X,0x800375C0] -> 0x0593
mem[X,0x800375C2] -> 0x0060
[5506] [M]: 0x800375C0 (0x00600593) addi a1, zero, 6
x11 <- 0x00000006


mem[X,0x800375C4] -> 0x0213
mem[X,0x800375C6] -> 0x0000
[5507] [M]: 0x800375C4 (0x00000213) addi tp, zero, 0
x4 <- 0x00000000


mem[X,0x800375C8] -> 0x006F
mem[X,0x800375CA] -> 0x00C0
[5508] [M]: 0x800375C8 (0x00C0006F) jal zero, 12


mem[X,0x800375D4] -> 0x1663
mem[X,0x800375D6] -> 0x00B5
[5509] [M]: 0x800375D4 (0x00B51663) bne a0, a1, 12


mem[X,0x800375E0] -> 0x0213
mem[X,0x800375E2] -> 0x0032
[5510] [M]: 0x800375E0 (0x00320213) addi tp, tp, 3
x4 <- 0x00000003


mem[X,0x800375E4] -> 0x006F
mem[X,0x800375E6] -> 0x0040
[5511] [M]: 0x800375E4 (0x0040006F) jal zero, 4


mem[X,0x800375E8] -> 0xA023
mem[X,0x800375EA] -> 0x0C40
[5512] [M]: 0x800375E8 (0x0C40A023) sw tp, 192(ra)
mem[0x8003AA28] <- 0x00000003


mem[X,0x800375EC] -> 0x5537
mem[X,0x800375EE] -> 0x5555
[5513] [M]: 0x800375EC (0x55555537) lui a0, 349525
x10 <- 0x55555000


mem[X,0x800375F0] -> 0x0513
mem[X,0x800375F2] -> 0x5545
[5514] [M]: 0x800375F0 (0x55450513) addi a0, a0, 1364
x10 <- 0x55555554


mem[X,0x800375F4] -> 0x05B7
mem[X,0x800375F6] -> 0x0010
[5515] [M]: 0x800375F4 (0x001005B7) lui a1, 256
x11 <- 0x00100000


mem[X,0x800375F8] -> 0x0213
mem[X,0x800375FA] -> 0x0000
[5516] [M]: 0x800375F8 (0x00000213) addi tp, zero, 0
x4 <- 0x00000000


mem[X,0x800375FC] -> 0x006F
mem[X,0x800375FE] -> 0x00C0
[5517] [M]: 0x800375FC (0x00C0006F) jal zero, 12


mem[X,0x80037608] -> 0x1063
mem[X,0x8003760A] -> 0x20B5
[5518] [M]: 0x80037608 (0x20B51063) bne a0, a1, 512


mem[X,0x80037808] -> 0x0213
mem[X,0x8003780A] -> 0x0032
[5519] [M]: 0x80037808 (0x00320213) addi tp, tp, 3
x4 <- 0x00000003


mem[X,0x8003780C] -> 0x006F
mem[X,0x8003780E] -> 0x0040
[5520] [M]: 0x8003780C (0x0040006F) jal zero, 4


mem[X,0x80037810] -> 0xA223
mem[X,0x80037812] -> 0x0C40
[5521] [M]: 0x80037810 (0x0C40A223) sw tp, 196(ra)
mem[0x8003AA2C] <- 0x00000003


mem[X,0x80037814] -> 0x0537
mem[X,0x80037816] -> 0x0400
[5522] [M]: 0x80037814 (0x04000537) lui a0, 16384
x10 <- 0x04000000


mem[X,0x80037818] -> 0x05B7
mem[X,0x8003781A] -> 0xC000
[5523] [M]: 0x80037818 (0xC00005B7) lui a1, 786432
x11 <- 0xC0000000


mem[X,0x8003781C] -> 0x8593
mem[X,0x8003781E] -> 0xFFF5
[5524] [M]: 0x8003781C (0xFFF58593) addi a1, a1, 4095
x11 <- 0xBFFFFFFF


mem[X,0x80037820] -> 0x0213
mem[X,0x80037822] -> 0x0000
[5525] [M]: 0x80037820 (0x00000213) addi tp, zero, 0
x4 <- 0x00000000


mem[X,0x80037824] -> 0x006F
mem[X,0x80037826] -> 0x00C0
[5526] [M]: 0x80037824 (0x00C0006F) jal zero, 12


mem[X,0x80037830] -> 0x1063
mem[X,0x80037832] -> 0x20B5
[5527] [M]: 0x80037830 (0x20B51063) bne a0, a1, 512


mem[X,0x80037A30] -> 0x0213
mem[X,0x80037A32] -> 0x0032
[5528] [M]: 0x80037A30 (0x00320213) addi tp, tp, 3
x4 <- 0x00000003


mem[X,0x80037A34] -> 0x006F
mem[X,0x80037A36] -> 0x0040
[5529] [M]: 0x80037A34 (0x0040006F) jal zero, 4


mem[X,0x80037A38] -> 0xA423
mem[X,0x80037A3A] -> 0x0C40
[5530] [M]: 0x80037A38 (0x0C40A423) sw tp, 200(ra)
mem[0x8003AA30] <- 0x00000003


mem[X,0x80037A3C] -> 0x006F
mem[X,0x80037A3E] -> 0x0200
[5531] [M]: 0x80037A3C (0x0200006F) jal zero, 32


mem[X,0x80037A5C] -> 0x0093
mem[X,0x80037A5E] -> 0x0010
[5532] [M]: 0x80037A5C (0x00100093) addi ra, zero, 1
x1 <- 0x00000001


mem[X,0x80037A60] -> 0x0F17
mem[X,0x80037A62] -> 0x0000
[5533] [M]: 0x80037A60 (0x00000F17) auipc t5, 0
x30 <- 0x80037A60


mem[X,0x80037A64] -> 0x2023
mem[X,0x80037A66] -> 0x5A1F
[5534] [M]: 0x80037A64 (0x5A1F2023) sw ra, 1440(t5)
htif[0x80038000] <- 0x00000001


mem[X,0x80037A68] -> 0xF06F
mem[X,0x80037A6A] -> 0xFF9F
[5535] [M]: 0x80037A68 (0xFF9FF06F) jal zero, 2097144


mem[X,0x80037A60] -> 0x0F17
mem[X,0x80037A62] -> 0x0000
[5536] [M]: 0x80037A60 (0x00000F17) auipc t5, 0
x30 <- 0x80037A60


mem[X,0x80037A64] -> 0x2023
mem[X,0x80037A66] -> 0x5A1F
[5537] [M]: 0x80037A64 (0x5A1F2023) sw ra, 1440(t5)
htif[0x80038000] <- 0x00000001


mem[X,0x80037A68] -> 0xF06F
mem[X,0x80037A6A] -> 0xFF9F
[5538] [M]: 0x80037A68 (0xFF9FF06F) jal zero, 2097144


mem[X,0x80037A60] -> 0x0F17
mem[X,0x80037A62] -> 0x0000
[5539] [M]: 0x80037A60 (0x00000F17) auipc t5, 0
x30 <- 0x80037A60


mem[X,0x80037A64] -> 0x2023
mem[X,0x80037A66] -> 0x5A1F
[5540] [M]: 0x80037A64 (0x5A1F2023) sw ra, 1440(t5)
htif[0x80038000] <- 0x00000001
htif-syscall-proxy cmd: 0x000000000001

SUCCESS
