using /home/force/Desktop/work/compliance_testing/our_riscv/work/riscof_work/I/src/sw-align-01.S/ref/Reference-sail_c_simulator.signature for test-signature output.
[Sail] Allocating new block 0x80000000
tohost located at 0x80001000
[Sail] Allocating new block 0x0

Running file ref.elf.
ELF Entry @ 0x80000000
begin_signature: 0x80003110
end_signature: 0x80003230
CSR mstatus <- 0x00000000 (input: 0x00000000)
mem[X,0x00001000] -> 0x0297
mem[X,0x00001002] -> 0x0000
[0] [M]: 0x00001000 (0x00000297) auipc t0, 0
x5 <- 0x00001000


mem[X,0x00001004] -> 0x8593
mem[X,0x00001006] -> 0x0202
[1] [M]: 0x00001004 (0x02028593) addi a1, t0, 32
x11 <- 0x00001020


mem[X,0x00001008] -> 0x2573
mem[X,0x0000100A] -> 0xF140
[2] [M]: 0x00001008 (0xF1402573) csrrs a0, mhartid, zero
CSR mhartid -> 0x00000000
x10 <- 0x00000000


mem[X,0x0000100C] -> 0xA283
mem[X,0x0000100E] -> 0x0182
[3] [M]: 0x0000100C (0x0182A283) lw t0, 24(t0)
mem[R,0x00001018] -> 0x80000000
x5 <- 0x80000000


mem[X,0x00001010] -> 0x8067
mem[X,0x00001012] -> 0x0002
[4] [M]: 0x00001010 (0x00028067) jalr zero, t0, 0


mem[X,0x80000000] -> 0xC0B7
mem[X,0x80000002] -> 0xFEED
[5] [M]: 0x80000000 (0xFEEDC0B7) lui ra, 1044188
x1 <- 0xFEEDC000


mem[X,0x80000004] -> 0x8093
mem[X,0x80000006] -> 0xEAD0
[6] [M]: 0x80000004 (0xEAD08093) addi ra, ra, 3757
x1 <- 0xFEEDBEAD


mem[X,0x80000008] -> 0xE137
mem[X,0x8000000A] -> 0xFF76
[7] [M]: 0x80000008 (0xFF76E137) lui sp, 1046382
x2 <- 0xFF76E000


mem[X,0x8000000C] -> 0x0113
mem[X,0x8000000E] -> 0xF561
[8] [M]: 0x8000000C (0xF5610113) addi sp, sp, 3926
x2 <- 0xFF76DF56


mem[X,0x80000010] -> 0x71B7
mem[X,0x80000012] -> 0x7FBB
[9] [M]: 0x80000010 (0x7FBB71B7) lui gp, 523191
x3 <- 0x7FBB7000


mem[X,0x80000014] -> 0x8193
mem[X,0x80000016] -> 0xFAB1
[10] [M]: 0x80000014 (0xFAB18193) addi gp, gp, 4011
x3 <- 0x7FBB6FAB


mem[X,0x80000018] -> 0xB237
mem[X,0x8000001A] -> 0xBFDD
[11] [M]: 0x80000018 (0xBFDDB237) lui tp, 785883
x4 <- 0xBFDDB000


mem[X,0x8000001C] -> 0x0213
mem[X,0x8000001E] -> 0x7D52
[12] [M]: 0x8000001C (0x7D520213) addi tp, tp, 2005
x4 <- 0xBFDDB7D5


mem[X,0x80000020] -> 0x0297
mem[X,0x80000022] -> 0x0000
[13] [M]: 0x80000020 (0x00000297) auipc t0, 0
x5 <- 0x80000020


mem[X,0x80000024] -> 0x8293
mem[X,0x80000026] -> 0x0882
[14] [M]: 0x80000024 (0x08828293) addi t0, t0, 136
x5 <- 0x800000A8


mem[X,0x80000028] -> 0x0013
mem[X,0x8000002A] -> 0x0000
[15] [M]: 0x80000028 (0x00000013) addi zero, zero, 0


mem[X,0x8000002C] -> 0x0013
mem[X,0x8000002E] -> 0x0000
[16] [M]: 0x8000002C (0x00000013) addi zero, zero, 0


mem[X,0x80000030] -> 0x0013
mem[X,0x80000032] -> 0x0000
[17] [M]: 0x80000030 (0x00000013) addi zero, zero, 0


mem[X,0x80000034] -> 0x0013
mem[X,0x80000036] -> 0x0000
[18] [M]: 0x80000034 (0x00000013) addi zero, zero, 0


mem[X,0x80000038] -> 0x0013
mem[X,0x8000003A] -> 0x0000
[19] [M]: 0x80000038 (0x00000013) addi zero, zero, 0


mem[X,0x8000003C] -> 0x0013
mem[X,0x8000003E] -> 0x0000
[20] [M]: 0x8000003C (0x00000013) addi zero, zero, 0


mem[X,0x80000040] -> 0x2317
mem[X,0x80000042] -> 0x0000
[21] [M]: 0x80000040 (0x00002317) auipc t1, 2
x6 <- 0x80002040


mem[X,0x80000044] -> 0x0313
mem[X,0x80000046] -> 0xFC03
[22] [M]: 0x80000044 (0xFC030313) addi t1, t1, 4032
x6 <- 0x80002000


mem[X,0x80000048] -> 0x0013
mem[X,0x8000004A] -> 0x0000
[23] [M]: 0x80000048 (0x00000013) addi zero, zero, 0


mem[X,0x8000004C] -> 0x0013
mem[X,0x8000004E] -> 0x0000
[24] [M]: 0x8000004C (0x00000013) addi zero, zero, 0


mem[X,0x80000050] -> 0x0013
mem[X,0x80000052] -> 0x0000
[25] [M]: 0x80000050 (0x00000013) addi zero, zero, 0


mem[X,0x80000054] -> 0x0013
mem[X,0x80000056] -> 0x0000
[26] [M]: 0x80000054 (0x00000013) addi zero, zero, 0


mem[X,0x80000058] -> 0x0013
mem[X,0x8000005A] -> 0x0000
[27] [M]: 0x80000058 (0x00000013) addi zero, zero, 0


mem[X,0x8000005C] -> 0x0013
mem[X,0x8000005E] -> 0x0000
[28] [M]: 0x8000005C (0x00000013) addi zero, zero, 0


mem[X,0x80000060] -> 0xB3B7
mem[X,0x80000062] -> 0xB7FB
[29] [M]: 0x80000060 (0xB7FBB3B7) lui t2, 753595
x7 <- 0xB7FBB000


mem[X,0x80000064] -> 0x8393
mem[X,0x80000066] -> 0x6FA3
[30] [M]: 0x80000064 (0x6FA38393) addi t2, t2, 1786
x7 <- 0xB7FBB6FA


mem[X,0x80000068] -> 0xE437
mem[X,0x8000006A] -> 0x5BFD
[31] [M]: 0x80000068 (0x5BFDE437) lui fp, 376798
x8 <- 0x5BFDE000


mem[X,0x8000006C] -> 0x0413
mem[X,0x8000006E] -> 0xB7D4
[32] [M]: 0x8000006C (0xB7D40413) addi fp, fp, 2941
x8 <- 0x5BFDDB7D


mem[X,0x80000070] -> 0xF4B7
mem[X,0x80000072] -> 0xADFE
[33] [M]: 0x80000070 (0xADFEF4B7) lui s1, 712687
x9 <- 0xADFEF000


mem[X,0x80000074] -> 0x8493
mem[X,0x80000076] -> 0xDBE4
[34] [M]: 0x80000074 (0xDBE48493) addi s1, s1, 3518
x9 <- 0xADFEEDBE


mem[X,0x80000078] -> 0x7537
mem[X,0x8000007A] -> 0x56FF
[35] [M]: 0x80000078 (0x56FF7537) lui a0, 356343
x10 <- 0x56FF7000


mem[X,0x8000007C] -> 0x0513
mem[X,0x8000007E] -> 0x6DF5
[36] [M]: 0x8000007C (0x6DF50513) addi a0, a0, 1759
x10 <- 0x56FF76DF


mem[X,0x80000080] -> 0xC5B7
mem[X,0x80000082] -> 0xAB7F
[37] [M]: 0x80000080 (0xAB7FC5B7) lui a1, 702460
x11 <- 0xAB7FC000


mem[X,0x80000084] -> 0x8593
mem[X,0x80000086] -> 0xB6F5
[38] [M]: 0x80000084 (0xB6F58593) addi a1, a1, 2927
x11 <- 0xAB7FBB6F


mem[X,0x80000088] -> 0xE637
mem[X,0x8000008A] -> 0xD5BF
[39] [M]: 0x80000088 (0xD5BFE637) lui a2, 875518
x12 <- 0xD5BFE000


mem[X,0x8000008C] -> 0x0613
mem[X,0x8000008E] -> 0xDB76
[40] [M]: 0x8000008C (0xDB760613) addi a2, a2, 3511
x12 <- 0xD5BFDDB7


mem[X,0x80000090] -> 0xF6B7
mem[X,0x80000092] -> 0xEADF
[41] [M]: 0x80000090 (0xEADFF6B7) lui a3, 962047
x13 <- 0xEADFF000


mem[X,0x80000094] -> 0x8693
mem[X,0x80000096] -> 0xEDB6
[42] [M]: 0x80000094 (0xEDB68693) addi a3, a3, 3803
x13 <- 0xEADFEEDB


mem[X,0x80000098] -> 0xF737
mem[X,0x8000009A] -> 0xF56F
[43] [M]: 0x80000098 (0xF56FF737) lui a4, 1005311
x14 <- 0xF56FF000


mem[X,0x8000009C] -> 0x0713
mem[X,0x8000009E] -> 0x76D7
[44] [M]: 0x8000009C (0x76D70713) addi a4, a4, 1901
x14 <- 0xF56FF76D


mem[X,0x800000A0] -> 0x07B7
mem[X,0x800000A2] -> 0xFAB8
[45] [M]: 0x800000A0 (0xFAB807B7) lui a5, 1026944
x15 <- 0xFAB80000


mem[X,0x800000A4] -> 0x8793
mem[X,0x800000A6] -> 0xBB67
[46] [M]: 0x800000A4 (0xBB678793) addi a5, a5, 2998
x15 <- 0xFAB7FBB6


mem[X,0x800000A8] -> 0x0013
mem[X,0x800000AA] -> 0x0000
[47] [M]: 0x800000A8 (0x00000013) addi zero, zero, 0


mem[X,0x800000AC] -> 0x0013
mem[X,0x800000AE] -> 0x0000
[48] [M]: 0x800000AC (0x00000013) addi zero, zero, 0


mem[X,0x800000B0] -> 0x0013
mem[X,0x800000B2] -> 0x0000
[49] [M]: 0x800000B0 (0x00000013) addi zero, zero, 0


mem[X,0x800000B4] -> 0x0013
mem[X,0x800000B6] -> 0x0000
[50] [M]: 0x800000B4 (0x00000013) addi zero, zero, 0


mem[X,0x800000B8] -> 0x0013
mem[X,0x800000BA] -> 0x0000
[51] [M]: 0x800000B8 (0x00000013) addi zero, zero, 0


mem[X,0x800000BC] -> 0x0013
mem[X,0x800000BE] -> 0x0000
[52] [M]: 0x800000BC (0x00000013) addi zero, zero, 0


mem[X,0x800000C0] -> 0x3117
mem[X,0x800000C2] -> 0x0000
[53] [M]: 0x800000C0 (0x00003117) auipc sp, 3
x2 <- 0x800030C0


mem[X,0x800000C4] -> 0x0113
mem[X,0x800000C6] -> 0x0541
[54] [M]: 0x800000C4 (0x05410113) addi sp, sp, 84
x2 <- 0x80003114


mem[X,0x800000C8] -> 0x0013
mem[X,0x800000CA] -> 0x0000
[55] [M]: 0x800000C8 (0x00000013) addi zero, zero, 0


mem[X,0x800000CC] -> 0x0013
mem[X,0x800000CE] -> 0x0000
[56] [M]: 0x800000CC (0x00000013) addi zero, zero, 0


mem[X,0x800000D0] -> 0x0013
mem[X,0x800000D2] -> 0x0000
[57] [M]: 0x800000D0 (0x00000013) addi zero, zero, 0


mem[X,0x800000D4] -> 0x0013
mem[X,0x800000D6] -> 0x0000
[58] [M]: 0x800000D4 (0x00000013) addi zero, zero, 0


mem[X,0x800000D8] -> 0x0013
mem[X,0x800000DA] -> 0x0000
[59] [M]: 0x800000D8 (0x00000013) addi zero, zero, 0


mem[X,0x800000DC] -> 0x0013
mem[X,0x800000DE] -> 0x0000
[60] [M]: 0x800000DC (0x00000013) addi zero, zero, 0


mem[X,0x800000E0] -> 0x0F37
mem[X,0x800000E2] -> 0x8000
[61] [M]: 0x800000E0 (0x80000F37) lui t5, 524288
x30 <- 0x80000000


mem[X,0x800000E4] -> 0x0793
mem[X,0x800000E6] -> 0x0001
[62] [M]: 0x800000E4 (0x00010793) addi a5, sp, 0
x15 <- 0x80003114


mem[X,0x800000E8] -> 0x0293
mem[X,0x800000EA] -> 0x0800
[63] [M]: 0x800000E8 (0x08000293) addi t0, zero, 128
x5 <- 0x00000080


mem[X,0x800000EC] -> 0x87B3
mem[X,0x800000EE] -> 0x4057
[64] [M]: 0x800000EC (0x405787B3) sub a5, a5, t0
x15 <- 0x80003094


mem[X,0x800000F0] -> 0xA023
mem[X,0x800000F2] -> 0x09E7
[65] [M]: 0x800000F0 (0x09E7A023) sw t5, 128(a5)
mem[0x80003114] <- 0x80000000


mem[X,0x800000F4] -> 0x0013
mem[X,0x800000F6] -> 0x0000
[66] [M]: 0x800000F4 (0x00000013) addi zero, zero, 0


mem[X,0x800000F8] -> 0x0013
mem[X,0x800000FA] -> 0x0000
[67] [M]: 0x800000F8 (0x00000013) addi zero, zero, 0


mem[X,0x800000FC] -> 0x0993
mem[X,0x800000FE] -> 0x0000
[68] [M]: 0x800000FC (0x00000993) addi s3, zero, 0
x19 <- 0x00000000


mem[X,0x80000100] -> 0x0613
mem[X,0x80000102] -> 0x0041
[69] [M]: 0x80000100 (0x00410613) addi a2, sp, 4
x12 <- 0x80003118


mem[X,0x80000104] -> 0x0293
mem[X,0x80000106] -> 0xF7F0
[70] [M]: 0x80000104 (0xF7F00293) addi t0, zero, 3967
x5 <- 0xFFFFFF7F


mem[X,0x80000108] -> 0x0633
mem[X,0x8000010A] -> 0x4056
[71] [M]: 0x80000108 (0x40560633) sub a2, a2, t0
x12 <- 0x80003199


mem[X,0x8000010C] -> 0x2FA3
mem[X,0x8000010E] -> 0xF736
[72] [M]: 0x8000010C (0xF7362FA3) sw s3, 3967(a2)
mem[0x80003118] <- 0x00000000


mem[X,0x80000110] -> 0x0013
mem[X,0x80000112] -> 0x0000
[73] [M]: 0x80000110 (0x00000013) addi zero, zero, 0


mem[X,0x80000114] -> 0x0013
mem[X,0x80000116] -> 0x0000
[74] [M]: 0x80000114 (0x00000013) addi zero, zero, 0


mem[X,0x80000118] -> 0x0D37
mem[X,0x8000011A] -> 0x8000
[75] [M]: 0x80000118 (0x80000D37) lui s10, 524288
x26 <- 0x80000000


mem[X,0x8000011C] -> 0x0D13
mem[X,0x8000011E] -> 0xFFFD
[76] [M]: 0x8000011C (0xFFFD0D13) addi s10, s10, 4095
x26 <- 0x7FFFFFFF


mem[X,0x80000120] -> 0x0E93
mem[X,0x80000122] -> 0x0081
[77] [M]: 0x80000120 (0x00810E93) addi t4, sp, 8
x29 <- 0x8000311C


mem[X,0x80000124] -> 0x0293
mem[X,0x80000126] -> 0x3FF0
[78] [M]: 0x80000124 (0x3FF00293) addi t0, zero, 1023
x5 <- 0x000003FF


mem[X,0x80000128] -> 0x8EB3
mem[X,0x8000012A] -> 0x405E
[79] [M]: 0x80000128 (0x405E8EB3) sub t4, t4, t0
x29 <- 0x80002D1D


mem[X,0x8000012C] -> 0xAFA3
mem[X,0x8000012E] -> 0x3FAE
[80] [M]: 0x8000012C (0x3FAEAFA3) sw s10, 1023(t4)
mem[0x8000311C] <- 0x7FFFFFFF


mem[X,0x80000130] -> 0x0013
mem[X,0x80000132] -> 0x0000
[81] [M]: 0x80000130 (0x00000013) addi zero, zero, 0


mem[X,0x80000134] -> 0x0013
mem[X,0x80000136] -> 0x0000
[82] [M]: 0x80000134 (0x00000013) addi zero, zero, 0


mem[X,0x80000138] -> 0x0013
mem[X,0x8000013A] -> 0x0000
[83] [M]: 0x80000138 (0x00000013) addi zero, zero, 0


mem[X,0x8000013C] -> 0x0093
mem[X,0x8000013E] -> 0x00C1
[84] [M]: 0x8000013C (0x00C10093) addi ra, sp, 12
x1 <- 0x80003120


mem[X,0x80000140] -> 0x0293
mem[X,0x80000142] -> 0x5550
[85] [M]: 0x80000140 (0x55500293) addi t0, zero, 1365
x5 <- 0x00000555


mem[X,0x80000144] -> 0x80B3
mem[X,0x80000146] -> 0x4050
[86] [M]: 0x80000144 (0x405080B3) sub ra, ra, t0
x1 <- 0x80002BCB


mem[X,0x80000148] -> 0xAAA3
mem[X,0x8000014A] -> 0x5400
[87] [M]: 0x80000148 (0x5400AAA3) sw zero, 1365(ra)
mem[0x80003120] <- 0x00000000


mem[X,0x8000014C] -> 0x0013
mem[X,0x8000014E] -> 0x0000
[88] [M]: 0x8000014C (0x00000013) addi zero, zero, 0


mem[X,0x80000150] -> 0x0013
mem[X,0x80000152] -> 0x0000
[89] [M]: 0x80000150 (0x00000013) addi zero, zero, 0


mem[X,0x80000154] -> 0x8B37
mem[X,0x80000156] -> 0x0000
[90] [M]: 0x80000154 (0x00008B37) lui s6, 8
x22 <- 0x00008000


mem[X,0x80000158] -> 0x0E13
mem[X,0x8000015A] -> 0x0101
[91] [M]: 0x80000158 (0x01010E13) addi t3, sp, 16
x28 <- 0x80003124


mem[X,0x8000015C] -> 0x0293
mem[X,0x8000015E] -> 0xFFE0
[92] [M]: 0x8000015C (0xFFE00293) addi t0, zero, 4094
x5 <- 0xFFFFFFFE


mem[X,0x80000160] -> 0x0E33
mem[X,0x80000162] -> 0x405E
[93] [M]: 0x80000160 (0x405E0E33) sub t3, t3, t0
x28 <- 0x80003126


mem[X,0x80000164] -> 0x2F23
mem[X,0x80000166] -> 0xFF6E
[94] [M]: 0x80000164 (0xFF6E2F23) sw s6, 4094(t3)
mem[0x80003124] <- 0x00008000


mem[X,0x80000168] -> 0x0013
mem[X,0x8000016A] -> 0x0000
[95] [M]: 0x80000168 (0x00000013) addi zero, zero, 0


mem[X,0x8000016C] -> 0x0013
mem[X,0x8000016E] -> 0x0000
[96] [M]: 0x8000016C (0x00000013) addi zero, zero, 0


mem[X,0x80000170] -> 0x0813
mem[X,0x80000172] -> 0xFEF0
[97] [M]: 0x80000170 (0xFEF00813) addi a6, zero, 4079
x16 <- 0xFFFFFFEF


mem[X,0x80000174] -> 0x0913
mem[X,0x80000176] -> 0x0141
[98] [M]: 0x80000174 (0x01410913) addi s2, sp, 20
x18 <- 0x80003128


mem[X,0x80000178] -> 0x0293
mem[X,0x8000017A] -> 0x0000
[99] [M]: 0x80000178 (0x00000293) addi t0, zero, 0
x5 <- 0x00000000


clint::tick mtime <- 0x0000000000000001
 clint timer pending at mtime 0x0000000000000001
htif::tick 0x0000000000000000
mem[X,0x8000017C] -> 0x0933
mem[X,0x8000017E] -> 0x4059
[100] [M]: 0x8000017C (0x40590933) sub s2, s2, t0
x18 <- 0x80003128


mem[X,0x80000180] -> 0x2023
mem[X,0x80000182] -> 0x0109
[101] [M]: 0x80000180 (0x01092023) sw a6, 0(s2)
mem[0x80003128] <- 0xFFFFFFEF


mem[X,0x80000184] -> 0x0013
mem[X,0x80000186] -> 0x0000
[102] [M]: 0x80000184 (0x00000013) addi zero, zero, 0


mem[X,0x80000188] -> 0x0013
mem[X,0x8000018A] -> 0x0000
[103] [M]: 0x80000188 (0x00000013) addi zero, zero, 0


mem[X,0x8000018C] -> 0x0A13
mem[X,0x8000018E] -> 0x0020
[104] [M]: 0x8000018C (0x00200A13) addi s4, zero, 2
x20 <- 0x00000002


mem[X,0x80000190] -> 0x0D93
mem[X,0x80000192] -> 0x0181
[105] [M]: 0x80000190 (0x01810D93) addi s11, sp, 24
x27 <- 0x8000312C


mem[X,0x80000194] -> 0x0293
mem[X,0x80000196] -> 0x0090
[106] [M]: 0x80000194 (0x00900293) addi t0, zero, 9
x5 <- 0x00000009


mem[X,0x80000198] -> 0x8DB3
mem[X,0x8000019A] -> 0x405D
[107] [M]: 0x80000198 (0x405D8DB3) sub s11, s11, t0
x27 <- 0x80003123


mem[X,0x8000019C] -> 0xA4A3
mem[X,0x8000019E] -> 0x014D
[108] [M]: 0x8000019C (0x014DA4A3) sw s4, 9(s11)
mem[0x8000312C] <- 0x00000002


mem[X,0x800001A0] -> 0x0013
mem[X,0x800001A2] -> 0x0000
[109] [M]: 0x800001A0 (0x00000013) addi zero, zero, 0


mem[X,0x800001A4] -> 0x0013
mem[X,0x800001A6] -> 0x0000
[110] [M]: 0x800001A4 (0x00000013) addi zero, zero, 0


mem[X,0x800001A8] -> 0x0913
mem[X,0x800001AA] -> 0x0040
[111] [M]: 0x800001A8 (0x00400913) addi s2, zero, 4
x18 <- 0x00000004


mem[X,0x800001AC] -> 0x0B93
mem[X,0x800001AE] -> 0x01C1
[112] [M]: 0x800001AC (0x01C10B93) addi s7, sp, 28
x23 <- 0x80003130


mem[X,0x800001B0] -> 0x0293
mem[X,0x800001B2] -> 0xBFF0
[113] [M]: 0x800001B0 (0xBFF00293) addi t0, zero, 3071
x5 <- 0xFFFFFBFF


mem[X,0x800001B4] -> 0x8BB3
mem[X,0x800001B6] -> 0x405B
[114] [M]: 0x800001B4 (0x405B8BB3) sub s7, s7, t0
x23 <- 0x80003531


mem[X,0x800001B8] -> 0xAFA3
mem[X,0x800001BA] -> 0xBF2B
[115] [M]: 0x800001B8 (0xBF2BAFA3) sw s2, 3071(s7)
mem[0x80003130] <- 0x00000004


mem[X,0x800001BC] -> 0x0013
mem[X,0x800001BE] -> 0x0000
[116] [M]: 0x800001BC (0x00000013) addi zero, zero, 0


mem[X,0x800001C0] -> 0x0013
mem[X,0x800001C2] -> 0x0000
[117] [M]: 0x800001C0 (0x00000013) addi zero, zero, 0


mem[X,0x800001C4] -> 0x0F93
mem[X,0x800001C6] -> 0x0080
[118] [M]: 0x800001C4 (0x00800F93) addi t6, zero, 8
x31 <- 0x00000008


mem[X,0x800001C8] -> 0x0813
mem[X,0x800001CA] -> 0x0201
[119] [M]: 0x800001C8 (0x02010813) addi a6, sp, 32
x16 <- 0x80003134


mem[X,0x800001CC] -> 0x0293
mem[X,0x800001CE] -> 0x0040
[120] [M]: 0x800001CC (0x00400293) addi t0, zero, 4
x5 <- 0x00000004


mem[X,0x800001D0] -> 0x0833
mem[X,0x800001D2] -> 0x4058
[121] [M]: 0x800001D0 (0x40580833) sub a6, a6, t0
x16 <- 0x80003130


mem[X,0x800001D4] -> 0x2223
mem[X,0x800001D6] -> 0x01F8
[122] [M]: 0x800001D4 (0x01F82223) sw t6, 4(a6)
mem[0x80003134] <- 0x00000008


mem[X,0x800001D8] -> 0x0013
mem[X,0x800001DA] -> 0x0000
[123] [M]: 0x800001D8 (0x00000013) addi zero, zero, 0


mem[X,0x800001DC] -> 0x0013
mem[X,0x800001DE] -> 0x0000
[124] [M]: 0x800001DC (0x00000013) addi zero, zero, 0


mem[X,0x800001E0] -> 0x0A93
mem[X,0x800001E2] -> 0x0100
[125] [M]: 0x800001E0 (0x01000A93) addi s5, zero, 16
x21 <- 0x00000010


mem[X,0x800001E4] -> 0x0193
mem[X,0x800001E6] -> 0x0241
[126] [M]: 0x800001E4 (0x02410193) addi gp, sp, 36
x3 <- 0x80003138


mem[X,0x800001E8] -> 0x0293
mem[X,0x800001EA] -> 0x0070
[127] [M]: 0x800001E8 (0x00700293) addi t0, zero, 7
x5 <- 0x00000007


mem[X,0x800001EC] -> 0x81B3
mem[X,0x800001EE] -> 0x4051
[128] [M]: 0x800001EC (0x405181B3) sub gp, gp, t0
x3 <- 0x80003131


mem[X,0x800001F0] -> 0xA3A3
mem[X,0x800001F2] -> 0x0151
[129] [M]: 0x800001F0 (0x0151A3A3) sw s5, 7(gp)
mem[0x80003138] <- 0x00000010


mem[X,0x800001F4] -> 0x0013
mem[X,0x800001F6] -> 0x0000
[130] [M]: 0x800001F4 (0x00000013) addi zero, zero, 0


mem[X,0x800001F8] -> 0x0013
mem[X,0x800001FA] -> 0x0000
[131] [M]: 0x800001F8 (0x00000013) addi zero, zero, 0


mem[X,0x800001FC] -> 0x0B93
mem[X,0x800001FE] -> 0x0200
[132] [M]: 0x800001FC (0x02000B93) addi s7, zero, 32
x23 <- 0x00000020


mem[X,0x80000200] -> 0x0493
mem[X,0x80000202] -> 0x0281
[133] [M]: 0x80000200 (0x02810493) addi s1, sp, 40
x9 <- 0x8000313C


mem[X,0x80000204] -> 0x0293
mem[X,0x80000206] -> 0x0050
[134] [M]: 0x80000204 (0x00500293) addi t0, zero, 5
x5 <- 0x00000005


mem[X,0x80000208] -> 0x84B3
mem[X,0x8000020A] -> 0x4054
[135] [M]: 0x80000208 (0x405484B3) sub s1, s1, t0
x9 <- 0x80003137


mem[X,0x8000020C] -> 0xA2A3
mem[X,0x8000020E] -> 0x0174
[136] [M]: 0x8000020C (0x0174A2A3) sw s7, 5(s1)
mem[0x8000313C] <- 0x00000020


mem[X,0x80000210] -> 0x0013
mem[X,0x80000212] -> 0x0000
[137] [M]: 0x80000210 (0x00000013) addi zero, zero, 0


mem[X,0x80000214] -> 0x0013
mem[X,0x80000216] -> 0x0000
[138] [M]: 0x80000214 (0x00000013) addi zero, zero, 0


mem[X,0x80000218] -> 0x0E93
mem[X,0x8000021A] -> 0x0400
[139] [M]: 0x80000218 (0x04000E93) addi t4, zero, 64
x29 <- 0x00000040


mem[X,0x8000021C] -> 0x0413
mem[X,0x8000021E] -> 0x02C1
[140] [M]: 0x8000021C (0x02C10413) addi fp, sp, 44
x8 <- 0x80003140


mem[X,0x80000220] -> 0x0293
mem[X,0x80000222] -> 0xF7F0
[141] [M]: 0x80000220 (0xF7F00293) addi t0, zero, 3967
x5 <- 0xFFFFFF7F


mem[X,0x80000224] -> 0x0433
mem[X,0x80000226] -> 0x4054
[142] [M]: 0x80000224 (0x40540433) sub fp, fp, t0
x8 <- 0x800031C1


mem[X,0x80000228] -> 0x2FA3
mem[X,0x8000022A] -> 0xF7D4
[143] [M]: 0x80000228 (0xF7D42FA3) sw t4, 3967(fp)
mem[0x80003140] <- 0x00000040


mem[X,0x8000022C] -> 0x0013
mem[X,0x8000022E] -> 0x0000
[144] [M]: 0x8000022C (0x00000013) addi zero, zero, 0


mem[X,0x80000230] -> 0x0013
mem[X,0x80000232] -> 0x0000
[145] [M]: 0x80000230 (0x00000013) addi zero, zero, 0


mem[X,0x80000234] -> 0x0693
mem[X,0x80000236] -> 0x0800
[146] [M]: 0x80000234 (0x08000693) addi a3, zero, 128
x13 <- 0x00000080


mem[X,0x80000238] -> 0x0213
mem[X,0x8000023A] -> 0x0301
[147] [M]: 0x80000238 (0x03010213) addi tp, sp, 48
x4 <- 0x80003144


mem[X,0x8000023C] -> 0x0293
mem[X,0x8000023E] -> 0xFF70
[148] [M]: 0x8000023C (0xFF700293) addi t0, zero, 4087
x5 <- 0xFFFFFFF7


mem[X,0x80000240] -> 0x0233
mem[X,0x80000242] -> 0x4052
[149] [M]: 0x80000240 (0x40520233) sub tp, tp, t0
x4 <- 0x8000314D


mem[X,0x80000244] -> 0x2BA3
mem[X,0x80000246] -> 0xFED2
[150] [M]: 0x80000244 (0xFED22BA3) sw a3, 4087(tp)
mem[0x80003144] <- 0x00000080


mem[X,0x80000248] -> 0x0013
mem[X,0x8000024A] -> 0x0000
[151] [M]: 0x80000248 (0x00000013) addi zero, zero, 0


mem[X,0x8000024C] -> 0x0013
mem[X,0x8000024E] -> 0x0000
[152] [M]: 0x8000024C (0x00000013) addi zero, zero, 0


mem[X,0x80000250] -> 0x0793
mem[X,0x80000252] -> 0x1000
[153] [M]: 0x80000250 (0x10000793) addi a5, zero, 256
x15 <- 0x00000100


mem[X,0x80000254] -> 0x0F93
mem[X,0x80000256] -> 0x0341
[154] [M]: 0x80000254 (0x03410F93) addi t6, sp, 52
x31 <- 0x80003148


mem[X,0x80000258] -> 0x0293
mem[X,0x8000025A] -> 0xFFE0
[155] [M]: 0x80000258 (0xFFE00293) addi t0, zero, 4094
x5 <- 0xFFFFFFFE


mem[X,0x8000025C] -> 0x8FB3
mem[X,0x8000025E] -> 0x405F
[156] [M]: 0x8000025C (0x405F8FB3) sub t6, t6, t0
x31 <- 0x8000314A


mem[X,0x80000260] -> 0xAF23
mem[X,0x80000262] -> 0xFEFF
[157] [M]: 0x80000260 (0xFEFFAF23) sw a5, 4094(t6)
mem[0x80003148] <- 0x00000100


mem[X,0x80000264] -> 0x0013
mem[X,0x80000266] -> 0x0000
[158] [M]: 0x80000264 (0x00000013) addi zero, zero, 0


mem[X,0x80000268] -> 0x0013
mem[X,0x8000026A] -> 0x0000
[159] [M]: 0x80000268 (0x00000013) addi zero, zero, 0


mem[X,0x8000026C] -> 0x0613
mem[X,0x8000026E] -> 0x2000
[160] [M]: 0x8000026C (0x20000613) addi a2, zero, 512
x12 <- 0x00000200


mem[X,0x80000270] -> 0x0893
mem[X,0x80000272] -> 0x0381
[161] [M]: 0x80000270 (0x03810893) addi a7, sp, 56
x17 <- 0x8000314C


mem[X,0x80000274] -> 0x0293
mem[X,0x80000276] -> 0xDFF0
[162] [M]: 0x80000274 (0xDFF00293) addi t0, zero, 3583
x5 <- 0xFFFFFDFF


mem[X,0x80000278] -> 0x88B3
mem[X,0x8000027A] -> 0x4058
[163] [M]: 0x80000278 (0x405888B3) sub a7, a7, t0
x17 <- 0x8000334D


mem[X,0x8000027C] -> 0xAFA3
mem[X,0x8000027E] -> 0xDEC8
[164] [M]: 0x8000027C (0xDEC8AFA3) sw a2, 3583(a7)
mem[0x8000314C] <- 0x00000200


mem[X,0x80000280] -> 0x0013
mem[X,0x80000282] -> 0x0000
[165] [M]: 0x80000280 (0x00000013) addi zero, zero, 0


mem[X,0x80000284] -> 0x0013
mem[X,0x80000286] -> 0x0000
[166] [M]: 0x80000284 (0x00000013) addi zero, zero, 0


mem[X,0x80000288] -> 0x0513
mem[X,0x8000028A] -> 0x4000
[167] [M]: 0x80000288 (0x40000513) addi a0, zero, 1024
x10 <- 0x00000400


mem[X,0x8000028C] -> 0x0393
mem[X,0x8000028E] -> 0x03C1
[168] [M]: 0x8000028C (0x03C10393) addi t2, sp, 60
x7 <- 0x80003150


mem[X,0x80000290] -> 0x0293
mem[X,0x80000292] -> 0x0800
[169] [M]: 0x80000290 (0x08000293) addi t0, zero, 128
x5 <- 0x00000080


mem[X,0x80000294] -> 0x83B3
mem[X,0x80000296] -> 0x4053
[170] [M]: 0x80000294 (0x405383B3) sub t2, t2, t0
x7 <- 0x800030D0


mem[X,0x80000298] -> 0xA023
mem[X,0x8000029A] -> 0x08A3
[171] [M]: 0x80000298 (0x08A3A023) sw a0, 128(t2)
mem[0x80003150] <- 0x00000400


mem[X,0x8000029C] -> 0x0013
mem[X,0x8000029E] -> 0x0000
[172] [M]: 0x8000029C (0x00000013) addi zero, zero, 0


mem[X,0x800002A0] -> 0x0013
mem[X,0x800002A2] -> 0x0000
[173] [M]: 0x800002A0 (0x00000013) addi zero, zero, 0


mem[X,0x800002A4] -> 0x1CB7
mem[X,0x800002A6] -> 0x0000
[174] [M]: 0x800002A4 (0x00001CB7) lui s9, 1
x25 <- 0x00001000


mem[X,0x800002A8] -> 0x8C93
mem[X,0x800002AA] -> 0x800C
[175] [M]: 0x800002A8 (0x800C8C93) addi s9, s9, 2048
x25 <- 0x00000800


mem[X,0x800002AC] -> 0x0713
mem[X,0x800002AE] -> 0x0401
[176] [M]: 0x800002AC (0x04010713) addi a4, sp, 64
x14 <- 0x80003154


mem[X,0x800002B0] -> 0x0293
mem[X,0x800002B2] -> 0xFFE0
[177] [M]: 0x800002B0 (0xFFE00293) addi t0, zero, 4094
x5 <- 0xFFFFFFFE


mem[X,0x800002B4] -> 0x0733
mem[X,0x800002B6] -> 0x4057
[178] [M]: 0x800002B4 (0x40570733) sub a4, a4, t0
x14 <- 0x80003156


mem[X,0x800002B8] -> 0x2F23
mem[X,0x800002BA] -> 0xFF97
[179] [M]: 0x800002B8 (0xFF972F23) sw s9, 4094(a4)
mem[0x80003154] <- 0x00000800


mem[X,0x800002BC] -> 0x0013
mem[X,0x800002BE] -> 0x0000
[180] [M]: 0x800002BC (0x00000013) addi zero, zero, 0


mem[X,0x800002C0] -> 0x0013
mem[X,0x800002C2] -> 0x0000
[181] [M]: 0x800002C0 (0x00000013) addi zero, zero, 0


mem[X,0x800002C4] -> 0x1C37
mem[X,0x800002C6] -> 0x0000
[182] [M]: 0x800002C4 (0x00001C37) lui s8, 1
x24 <- 0x00001000


mem[X,0x800002C8] -> 0x0B13
mem[X,0x800002CA] -> 0x0441
[183] [M]: 0x800002C8 (0x04410B13) addi s6, sp, 68
x22 <- 0x80003158


mem[X,0x800002CC] -> 0x0293
mem[X,0x800002CE] -> 0xFFD0
[184] [M]: 0x800002CC (0xFFD00293) addi t0, zero, 4093
x5 <- 0xFFFFFFFD


mem[X,0x800002D0] -> 0x0B33
mem[X,0x800002D2] -> 0x405B
[185] [M]: 0x800002D0 (0x405B0B33) sub s6, s6, t0
x22 <- 0x8000315B


mem[X,0x800002D4] -> 0x2EA3
mem[X,0x800002D6] -> 0xFF8B
[186] [M]: 0x800002D4 (0xFF8B2EA3) sw s8, 4093(s6)
mem[0x80003158] <- 0x00001000


mem[X,0x800002D8] -> 0x0013
mem[X,0x800002DA] -> 0x0000
[187] [M]: 0x800002D8 (0x00000013) addi zero, zero, 0


mem[X,0x800002DC] -> 0x0013
mem[X,0x800002DE] -> 0x0000
[188] [M]: 0x800002DC (0x00000013) addi zero, zero, 0


mem[X,0x800002E0] -> 0x22B7
mem[X,0x800002E2] -> 0x0000
[189] [M]: 0x800002E0 (0x000022B7) lui t0, 2
x5 <- 0x00002000


mem[X,0x800002E4] -> 0x0C13
mem[X,0x800002E6] -> 0x0481
[190] [M]: 0x800002E4 (0x04810C13) addi s8, sp, 72
x24 <- 0x8000315C


mem[X,0x800002E8] -> 0x0793
mem[X,0x800002EA] -> 0x4000
[191] [M]: 0x800002E8 (0x40000793) addi a5, zero, 1024
x15 <- 0x00000400


mem[X,0x800002EC] -> 0x0C33
mem[X,0x800002EE] -> 0x40FC
[192] [M]: 0x800002EC (0x40FC0C33) sub s8, s8, a5
x24 <- 0x80002D5C


mem[X,0x800002F0] -> 0x2023
mem[X,0x800002F2] -> 0x405C
[193] [M]: 0x800002F0 (0x405C2023) sw t0, 1024(s8)
mem[0x8000315C] <- 0x00002000


mem[X,0x800002F4] -> 0x0013
mem[X,0x800002F6] -> 0x0000
[194] [M]: 0x800002F4 (0x00000013) addi zero, zero, 0


mem[X,0x800002F8] -> 0x0013
mem[X,0x800002FA] -> 0x0000
[195] [M]: 0x800002F8 (0x00000013) addi zero, zero, 0


mem[X,0x800002FC] -> 0x0013
mem[X,0x800002FE] -> 0x0000
[196] [M]: 0x800002FC (0x00000013) addi zero, zero, 0


mem[X,0x80000300] -> 0x3617
mem[X,0x80000302] -> 0x0000
[197] [M]: 0x80000300 (0x00003617) auipc a2, 3
x12 <- 0x80003300


mem[X,0x80000304] -> 0x0613
mem[X,0x80000306] -> 0xE606
[198] [M]: 0x80000304 (0xE6060613) addi a2, a2, 3680
x12 <- 0x80003160


mem[X,0x80000308] -> 0x0013
mem[X,0x8000030A] -> 0x0000
[199] [M]: 0x80000308 (0x00000013) addi zero, zero, 0


clint::tick mtime <- 0x0000000000000002
 clint timer pending at mtime 0x0000000000000002
htif::tick 0x0000000000000000
mem[X,0x8000030C] -> 0x0013
mem[X,0x8000030E] -> 0x0000
[200] [M]: 0x8000030C (0x00000013) addi zero, zero, 0


mem[X,0x80000310] -> 0x0013
mem[X,0x80000312] -> 0x0000
[201] [M]: 0x80000310 (0x00000013) addi zero, zero, 0


mem[X,0x80000314] -> 0x0013
mem[X,0x80000316] -> 0x0000
[202] [M]: 0x80000314 (0x00000013) addi zero, zero, 0


mem[X,0x80000318] -> 0x0013
mem[X,0x8000031A] -> 0x0000
[203] [M]: 0x80000318 (0x00000013) addi zero, zero, 0


mem[X,0x8000031C] -> 0x0013
mem[X,0x8000031E] -> 0x0000
[204] [M]: 0x8000031C (0x00000013) addi zero, zero, 0


mem[X,0x80000320] -> 0x40B7
mem[X,0x80000322] -> 0x0000
[205] [M]: 0x80000320 (0x000040B7) lui ra, 4
x1 <- 0x00004000


mem[X,0x80000324] -> 0x0693
mem[X,0x80000326] -> 0x0006
[206] [M]: 0x80000324 (0x00060693) addi a3, a2, 0
x13 <- 0x80003160


mem[X,0x80000328] -> 0x0793
mem[X,0x8000032A] -> 0xDFF0
[207] [M]: 0x80000328 (0xDFF00793) addi a5, zero, 3583
x15 <- 0xFFFFFDFF


mem[X,0x8000032C] -> 0x86B3
mem[X,0x8000032E] -> 0x40F6
[208] [M]: 0x8000032C (0x40F686B3) sub a3, a3, a5
x13 <- 0x80003361


mem[X,0x80000330] -> 0xAFA3
mem[X,0x80000332] -> 0xDE16
[209] [M]: 0x80000330 (0xDE16AFA3) sw ra, 3583(a3)
mem[0x80003160] <- 0x00004000


mem[X,0x80000334] -> 0x0013
mem[X,0x80000336] -> 0x0000
[210] [M]: 0x80000334 (0x00000013) addi zero, zero, 0


mem[X,0x80000338] -> 0x0013
mem[X,0x8000033A] -> 0x0000
[211] [M]: 0x80000338 (0x00000013) addi zero, zero, 0


mem[X,0x8000033C] -> 0x04B7
mem[X,0x8000033E] -> 0x0001
[212] [M]: 0x8000033C (0x000104B7) lui s1, 16
x9 <- 0x00010000


mem[X,0x80000340] -> 0x0593
mem[X,0x80000342] -> 0x0046
[213] [M]: 0x80000340 (0x00460593) addi a1, a2, 4
x11 <- 0x80003164


mem[X,0x80000344] -> 0x0793
mem[X,0x80000346] -> 0xFFB0
[214] [M]: 0x80000344 (0xFFB00793) addi a5, zero, 4091
x15 <- 0xFFFFFFFB


mem[X,0x80000348] -> 0x85B3
mem[X,0x8000034A] -> 0x40F5
[215] [M]: 0x80000348 (0x40F585B3) sub a1, a1, a5
x11 <- 0x80003169


mem[X,0x8000034C] -> 0xADA3
mem[X,0x8000034E] -> 0xFE95
[216] [M]: 0x8000034C (0xFE95ADA3) sw s1, 4091(a1)
mem[0x80003164] <- 0x00010000


mem[X,0x80000350] -> 0x0013
mem[X,0x80000352] -> 0x0000
[217] [M]: 0x80000350 (0x00000013) addi zero, zero, 0


mem[X,0x80000354] -> 0x0013
mem[X,0x80000356] -> 0x0000
[218] [M]: 0x80000354 (0x00000013) addi zero, zero, 0


mem[X,0x80000358] -> 0x0137
mem[X,0x8000035A] -> 0x0002
[219] [M]: 0x80000358 (0x00020137) lui sp, 32
x2 <- 0x00020000


mem[X,0x8000035C] -> 0x0A93
mem[X,0x8000035E] -> 0x0086
[220] [M]: 0x8000035C (0x00860A93) addi s5, a2, 8
x21 <- 0x80003168


mem[X,0x80000360] -> 0x0793
mem[X,0x80000362] -> 0x0070
[221] [M]: 0x80000360 (0x00700793) addi a5, zero, 7
x15 <- 0x00000007


mem[X,0x80000364] -> 0x8AB3
mem[X,0x80000366] -> 0x40FA
[222] [M]: 0x80000364 (0x40FA8AB3) sub s5, s5, a5
x21 <- 0x80003161


mem[X,0x80000368] -> 0xA3A3
mem[X,0x8000036A] -> 0x002A
[223] [M]: 0x80000368 (0x002AA3A3) sw sp, 7(s5)
mem[0x80003168] <- 0x00020000


mem[X,0x8000036C] -> 0x0013
mem[X,0x8000036E] -> 0x0000
[224] [M]: 0x8000036C (0x00000013) addi zero, zero, 0


mem[X,0x80000370] -> 0x0013
mem[X,0x80000372] -> 0x0000
[225] [M]: 0x80000370 (0x00000013) addi zero, zero, 0


mem[X,0x80000374] -> 0x0E37
mem[X,0x80000376] -> 0x0004
[226] [M]: 0x80000374 (0x00040E37) lui t3, 64
x28 <- 0x00040000


mem[X,0x80000378] -> 0x0993
mem[X,0x8000037A] -> 0x00C6
[227] [M]: 0x80000378 (0x00C60993) addi s3, a2, 12
x19 <- 0x8000316C


mem[X,0x8000037C] -> 0x0793
mem[X,0x8000037E] -> 0xFF70
[228] [M]: 0x8000037C (0xFF700793) addi a5, zero, 4087
x15 <- 0xFFFFFFF7


mem[X,0x80000380] -> 0x89B3
mem[X,0x80000382] -> 0x40F9
[229] [M]: 0x80000380 (0x40F989B3) sub s3, s3, a5
x19 <- 0x80003175


mem[X,0x80000384] -> 0xABA3
mem[X,0x80000386] -> 0xFFC9
[230] [M]: 0x80000384 (0xFFC9ABA3) sw t3, 4087(s3)
mem[0x8000316C] <- 0x00040000


mem[X,0x80000388] -> 0x0013
mem[X,0x8000038A] -> 0x0000
[231] [M]: 0x80000388 (0x00000013) addi zero, zero, 0


mem[X,0x8000038C] -> 0x0013
mem[X,0x8000038E] -> 0x0000
[232] [M]: 0x8000038C (0x00000013) addi zero, zero, 0


mem[X,0x80000390] -> 0x0437
mem[X,0x80000392] -> 0x0008
[233] [M]: 0x80000390 (0x00080437) lui fp, 128
x8 <- 0x00080000


mem[X,0x80000394] -> 0x0313
mem[X,0x80000396] -> 0x0106
[234] [M]: 0x80000394 (0x01060313) addi t1, a2, 16
x6 <- 0x80003170


mem[X,0x80000398] -> 0x0793
mem[X,0x8000039A] -> 0x0020
[235] [M]: 0x80000398 (0x00200793) addi a5, zero, 2
x15 <- 0x00000002


mem[X,0x8000039C] -> 0x0333
mem[X,0x8000039E] -> 0x40F3
[236] [M]: 0x8000039C (0x40F30333) sub t1, t1, a5
x6 <- 0x8000316E


mem[X,0x800003A0] -> 0x2123
mem[X,0x800003A2] -> 0x0083
[237] [M]: 0x800003A0 (0x00832123) sw fp, 2(t1)
mem[0x80003170] <- 0x00080000


mem[X,0x800003A4] -> 0x0013
mem[X,0x800003A6] -> 0x0000
[238] [M]: 0x800003A4 (0x00000013) addi zero, zero, 0


mem[X,0x800003A8] -> 0x0013
mem[X,0x800003AA] -> 0x0000
[239] [M]: 0x800003A8 (0x00000013) addi zero, zero, 0


mem[X,0x800003AC] -> 0x03B7
mem[X,0x800003AE] -> 0x0010
[240] [M]: 0x800003AC (0x001003B7) lui t2, 256
x7 <- 0x00100000


mem[X,0x800003B0] -> 0x0C93
mem[X,0x800003B2] -> 0x0146
[241] [M]: 0x800003B0 (0x01460C93) addi s9, a2, 20
x25 <- 0x80003174


mem[X,0x800003B4] -> 0x0793
mem[X,0x800003B6] -> 0xEFF0
[242] [M]: 0x800003B4 (0xEFF00793) addi a5, zero, 3839
x15 <- 0xFFFFFEFF


mem[X,0x800003B8] -> 0x8CB3
mem[X,0x800003BA] -> 0x40FC
[243] [M]: 0x800003B8 (0x40FC8CB3) sub s9, s9, a5
x25 <- 0x80003275


mem[X,0x800003BC] -> 0xAFA3
mem[X,0x800003BE] -> 0xEE7C
[244] [M]: 0x800003BC (0xEE7CAFA3) sw t2, 3839(s9)
mem[0x80003174] <- 0x00100000


mem[X,0x800003C0] -> 0x0013
mem[X,0x800003C2] -> 0x0000
[245] [M]: 0x800003C0 (0x00000013) addi zero, zero, 0


mem[X,0x800003C4] -> 0x0013
mem[X,0x800003C6] -> 0x0000
[246] [M]: 0x800003C4 (0x00000013) addi zero, zero, 0


mem[X,0x800003C8] -> 0x0337
mem[X,0x800003CA] -> 0x0020
[247] [M]: 0x800003C8 (0x00200337) lui t1, 512
x6 <- 0x00200000


mem[X,0x800003CC] -> 0x0513
mem[X,0x800003CE] -> 0x0186
[248] [M]: 0x800003CC (0x01860513) addi a0, a2, 24
x10 <- 0x80003178


mem[X,0x800003D0] -> 0x0793
mem[X,0x800003D2] -> 0x0040
[249] [M]: 0x800003D0 (0x00400793) addi a5, zero, 4
x15 <- 0x00000004


mem[X,0x800003D4] -> 0x0533
mem[X,0x800003D6] -> 0x40F5
[250] [M]: 0x800003D4 (0x40F50533) sub a0, a0, a5
x10 <- 0x80003174


mem[X,0x800003D8] -> 0x2223
mem[X,0x800003DA] -> 0x0065
[251] [M]: 0x800003D8 (0x00652223) sw t1, 4(a0)
mem[0x80003178] <- 0x00200000


mem[X,0x800003DC] -> 0x0013
mem[X,0x800003DE] -> 0x0000
[252] [M]: 0x800003DC (0x00000013) addi zero, zero, 0


mem[X,0x800003E0] -> 0x0013
mem[X,0x800003E2] -> 0x0000
[253] [M]: 0x800003E0 (0x00000013) addi zero, zero, 0


mem[X,0x800003E4] -> 0x0737
mem[X,0x800003E6] -> 0x0040
[254] [M]: 0x800003E4 (0x00400737) lui a4, 1024
x14 <- 0x00400000


mem[X,0x800003E8] -> 0x0F13
mem[X,0x800003EA] -> 0x01C6
[255] [M]: 0x800003E8 (0x01C60F13) addi t5, a2, 28
x30 <- 0x8000317C


mem[X,0x800003EC] -> 0x0793
mem[X,0x800003EE] -> 0xFFD0
[256] [M]: 0x800003EC (0xFFD00793) addi a5, zero, 4093
x15 <- 0xFFFFFFFD


mem[X,0x800003F0] -> 0x0F33
mem[X,0x800003F2] -> 0x40FF
[257] [M]: 0x800003F0 (0x40FF0F33) sub t5, t5, a5
x30 <- 0x8000317F


mem[X,0x800003F4] -> 0x2EA3
mem[X,0x800003F6] -> 0xFEEF
[258] [M]: 0x800003F4 (0xFEEF2EA3) sw a4, 4093(t5)
mem[0x8000317C] <- 0x00400000


mem[X,0x800003F8] -> 0x0013
mem[X,0x800003FA] -> 0x0000
[259] [M]: 0x800003F8 (0x00000013) addi zero, zero, 0


mem[X,0x800003FC] -> 0x0013
mem[X,0x800003FE] -> 0x0000
[260] [M]: 0x800003FC (0x00000013) addi zero, zero, 0


mem[X,0x80000400] -> 0x0237
mem[X,0x80000402] -> 0x0080
[261] [M]: 0x80000400 (0x00800237) lui tp, 2048
x4 <- 0x00800000


mem[X,0x80000404] -> 0x0D13
mem[X,0x80000406] -> 0x0206
[262] [M]: 0x80000404 (0x02060D13) addi s10, a2, 32
x26 <- 0x80003180


mem[X,0x80000408] -> 0x0793
mem[X,0x8000040A] -> 0x0010
[263] [M]: 0x80000408 (0x00100793) addi a5, zero, 1
x15 <- 0x00000001


mem[X,0x8000040C] -> 0x0D33
mem[X,0x8000040E] -> 0x40FD
[264] [M]: 0x8000040C (0x40FD0D33) sub s10, s10, a5
x26 <- 0x8000317F


mem[X,0x80000410] -> 0x20A3
mem[X,0x80000412] -> 0x004D
[265] [M]: 0x80000410 (0x004D20A3) sw tp, 1(s10)
mem[0x80003180] <- 0x00800000


mem[X,0x80000414] -> 0x0013
mem[X,0x80000416] -> 0x0000
[266] [M]: 0x80000414 (0x00000013) addi zero, zero, 0


mem[X,0x80000418] -> 0x0013
mem[X,0x8000041A] -> 0x0000
[267] [M]: 0x80000418 (0x00000013) addi zero, zero, 0


mem[X,0x8000041C] -> 0x08B7
mem[X,0x8000041E] -> 0x0100
[268] [M]: 0x8000041C (0x010008B7) lui a7, 4096
x17 <- 0x01000000


mem[X,0x80000420] -> 0x0113
mem[X,0x80000422] -> 0x0246
[269] [M]: 0x80000420 (0x02460113) addi sp, a2, 36
x2 <- 0x80003184


mem[X,0x80000424] -> 0x0793
mem[X,0x80000426] -> 0x0200
[270] [M]: 0x80000424 (0x02000793) addi a5, zero, 32
x15 <- 0x00000020


mem[X,0x80000428] -> 0x0133
mem[X,0x8000042A] -> 0x40F1
[271] [M]: 0x80000428 (0x40F10133) sub sp, sp, a5
x2 <- 0x80003164


mem[X,0x8000042C] -> 0x2023
mem[X,0x8000042E] -> 0x0311
[272] [M]: 0x8000042C (0x03112023) sw a7, 32(sp)
mem[0x80003184] <- 0x01000000


mem[X,0x80000430] -> 0x0013
mem[X,0x80000432] -> 0x0000
[273] [M]: 0x80000430 (0x00000013) addi zero, zero, 0


mem[X,0x80000434] -> 0x0013
mem[X,0x80000436] -> 0x0000
[274] [M]: 0x80000434 (0x00000013) addi zero, zero, 0


mem[X,0x80000438] -> 0x05B7
mem[X,0x8000043A] -> 0x0200
[275] [M]: 0x80000438 (0x020005B7) lui a1, 8192
x11 <- 0x02000000


mem[X,0x8000043C] -> 0x0A13
mem[X,0x8000043E] -> 0x0286
[276] [M]: 0x8000043C (0x02860A13) addi s4, a2, 40
x20 <- 0x80003188


mem[X,0x80000440] -> 0x0793
mem[X,0x80000442] -> 0xFF90
[277] [M]: 0x80000440 (0xFF900793) addi a5, zero, 4089
x15 <- 0xFFFFFFF9


mem[X,0x80000444] -> 0x0A33
mem[X,0x80000446] -> 0x40FA
[278] [M]: 0x80000444 (0x40FA0A33) sub s4, s4, a5
x20 <- 0x8000318F


mem[X,0x80000448] -> 0x2CA3
mem[X,0x8000044A] -> 0xFEBA
[279] [M]: 0x80000448 (0xFEBA2CA3) sw a1, 4089(s4)
mem[0x80003188] <- 0x02000000


mem[X,0x8000044C] -> 0x0013
mem[X,0x8000044E] -> 0x0000
[280] [M]: 0x8000044C (0x00000013) addi zero, zero, 0


mem[X,0x80000450] -> 0x0013
mem[X,0x80000452] -> 0x0000
[281] [M]: 0x80000450 (0x00000013) addi zero, zero, 0


mem[X,0x80000454] -> 0x0DB7
mem[X,0x80000456] -> 0x0400
[282] [M]: 0x80000454 (0x04000DB7) lui s11, 16384
x27 <- 0x04000000


mem[X,0x80000458] -> 0x0293
mem[X,0x8000045A] -> 0x02C6
[283] [M]: 0x80000458 (0x02C60293) addi t0, a2, 44
x5 <- 0x8000318C


mem[X,0x8000045C] -> 0x0793
mem[X,0x8000045E] -> 0xAAA0
[284] [M]: 0x8000045C (0xAAA00793) addi a5, zero, 2730
x15 <- 0xFFFFFAAA


mem[X,0x80000460] -> 0x82B3
mem[X,0x80000462] -> 0x40F2
[285] [M]: 0x80000460 (0x40F282B3) sub t0, t0, a5
x5 <- 0x800036E2


mem[X,0x80000464] -> 0xA523
mem[X,0x80000466] -> 0xABB2
[286] [M]: 0x80000464 (0xABB2A523) sw s11, 2730(t0)
mem[0x8000318C] <- 0x04000000


mem[X,0x80000468] -> 0x0013
mem[X,0x8000046A] -> 0x0000
[287] [M]: 0x80000468 (0x00000013) addi zero, zero, 0


mem[X,0x8000046C] -> 0x0013
mem[X,0x8000046E] -> 0x0000
[288] [M]: 0x8000046C (0x00000013) addi zero, zero, 0


mem[X,0x80000470] -> 0x01B7
mem[X,0x80000472] -> 0x0800
[289] [M]: 0x80000470 (0x080001B7) lui gp, 32768
x3 <- 0x08000000


mem[X,0x80000474] -> 0x0E13
mem[X,0x80000476] -> 0x0306
[290] [M]: 0x80000474 (0x03060E13) addi t3, a2, 48
x28 <- 0x80003190


mem[X,0x80000478] -> 0x0793
mem[X,0x8000047A] -> 0x0050
[291] [M]: 0x80000478 (0x00500793) addi a5, zero, 5
x15 <- 0x00000005


mem[X,0x8000047C] -> 0x0E33
mem[X,0x8000047E] -> 0x40FE
[292] [M]: 0x8000047C (0x40FE0E33) sub t3, t3, a5
x28 <- 0x8000318B


mem[X,0x80000480] -> 0x22A3
mem[X,0x80000482] -> 0x003E
[293] [M]: 0x80000480 (0x003E22A3) sw gp, 5(t3)
mem[0x80003190] <- 0x08000000


mem[X,0x80000484] -> 0x0013
mem[X,0x80000486] -> 0x0000
[294] [M]: 0x80000484 (0x00000013) addi zero, zero, 0


mem[X,0x80000488] -> 0x0013
mem[X,0x8000048A] -> 0x0000
[295] [M]: 0x80000488 (0x00000013) addi zero, zero, 0


mem[X,0x8000048C] -> 0x05B7
mem[X,0x8000048E] -> 0x1000
[296] [M]: 0x8000048C (0x100005B7) lui a1, 65536
x11 <- 0x10000000


mem[X,0x80000490] -> 0x0513
mem[X,0x80000492] -> 0x0346
[297] [M]: 0x80000490 (0x03460513) addi a0, a2, 52
x10 <- 0x80003194


mem[X,0x80000494] -> 0x0793
mem[X,0x80000496] -> 0xFEF0
[298] [M]: 0x80000494 (0xFEF00793) addi a5, zero, 4079
x15 <- 0xFFFFFFEF


mem[X,0x80000498] -> 0x0533
mem[X,0x8000049A] -> 0x40F5
[299] [M]: 0x80000498 (0x40F50533) sub a0, a0, a5
x10 <- 0x800031A5


clint::tick mtime <- 0x0000000000000003
 clint timer pending at mtime 0x0000000000000003
htif::tick 0x0000000000000000
mem[X,0x8000049C] -> 0x27A3
mem[X,0x8000049E] -> 0xFEB5
[300] [M]: 0x8000049C (0xFEB527A3) sw a1, 4079(a0)
mem[0x80003194] <- 0x10000000


mem[X,0x800004A0] -> 0x0013
mem[X,0x800004A2] -> 0x0000
[301] [M]: 0x800004A0 (0x00000013) addi zero, zero, 0


mem[X,0x800004A4] -> 0x0013
mem[X,0x800004A6] -> 0x0000
[302] [M]: 0x800004A4 (0x00000013) addi zero, zero, 0


mem[X,0x800004A8] -> 0x05B7
mem[X,0x800004AA] -> 0x2000
[303] [M]: 0x800004A8 (0x200005B7) lui a1, 131072
x11 <- 0x20000000


mem[X,0x800004AC] -> 0x0513
mem[X,0x800004AE] -> 0x0386
[304] [M]: 0x800004AC (0x03860513) addi a0, a2, 56
x10 <- 0x80003198


mem[X,0x800004B0] -> 0x0793
mem[X,0x800004B2] -> 0x3FF0
[305] [M]: 0x800004B0 (0x3FF00793) addi a5, zero, 1023
x15 <- 0x000003FF


mem[X,0x800004B4] -> 0x0533
mem[X,0x800004B6] -> 0x40F5
[306] [M]: 0x800004B4 (0x40F50533) sub a0, a0, a5
x10 <- 0x80002D99


mem[X,0x800004B8] -> 0x2FA3
mem[X,0x800004BA] -> 0x3EB5
[307] [M]: 0x800004B8 (0x3EB52FA3) sw a1, 1023(a0)
mem[0x80003198] <- 0x20000000


mem[X,0x800004BC] -> 0x0013
mem[X,0x800004BE] -> 0x0000
[308] [M]: 0x800004BC (0x00000013) addi zero, zero, 0


mem[X,0x800004C0] -> 0x0013
mem[X,0x800004C2] -> 0x0000
[309] [M]: 0x800004C0 (0x00000013) addi zero, zero, 0


mem[X,0x800004C4] -> 0x05B7
mem[X,0x800004C6] -> 0x4000
[310] [M]: 0x800004C4 (0x400005B7) lui a1, 262144
x11 <- 0x40000000


mem[X,0x800004C8] -> 0x0513
mem[X,0x800004CA] -> 0x03C6
[311] [M]: 0x800004C8 (0x03C60513) addi a0, a2, 60
x10 <- 0x8000319C


mem[X,0x800004CC] -> 0x0793
mem[X,0x800004CE] -> 0xFF80
[312] [M]: 0x800004CC (0xFF800793) addi a5, zero, 4088
x15 <- 0xFFFFFFF8


mem[X,0x800004D0] -> 0x0533
mem[X,0x800004D2] -> 0x40F5
[313] [M]: 0x800004D0 (0x40F50533) sub a0, a0, a5
x10 <- 0x800031A4


mem[X,0x800004D4] -> 0x2C23
mem[X,0x800004D6] -> 0xFEB5
[314] [M]: 0x800004D4 (0xFEB52C23) sw a1, 4088(a0)
mem[0x8000319C] <- 0x40000000


mem[X,0x800004D8] -> 0x0013
mem[X,0x800004DA] -> 0x0000
[315] [M]: 0x800004D8 (0x00000013) addi zero, zero, 0


mem[X,0x800004DC] -> 0x0013
mem[X,0x800004DE] -> 0x0000
[316] [M]: 0x800004DC (0x00000013) addi zero, zero, 0


mem[X,0x800004E0] -> 0x0593
mem[X,0x800004E2] -> 0xFFE0
[317] [M]: 0x800004E0 (0xFFE00593) addi a1, zero, 4094
x11 <- 0xFFFFFFFE


mem[X,0x800004E4] -> 0x0513
mem[X,0x800004E6] -> 0x0406
[318] [M]: 0x800004E4 (0x04060513) addi a0, a2, 64
x10 <- 0x800031A0


mem[X,0x800004E8] -> 0x0793
mem[X,0x800004EA] -> 0x0060
[319] [M]: 0x800004E8 (0x00600793) addi a5, zero, 6
x15 <- 0x00000006


mem[X,0x800004EC] -> 0x0533
mem[X,0x800004EE] -> 0x40F5
[320] [M]: 0x800004EC (0x40F50533) sub a0, a0, a5
x10 <- 0x8000319A


mem[X,0x800004F0] -> 0x2323
mem[X,0x800004F2] -> 0x00B5
[321] [M]: 0x800004F0 (0x00B52323) sw a1, 6(a0)
mem[0x800031A0] <- 0xFFFFFFFE


mem[X,0x800004F4] -> 0x0013
mem[X,0x800004F6] -> 0x0000
[322] [M]: 0x800004F4 (0x00000013) addi zero, zero, 0


mem[X,0x800004F8] -> 0x0013
mem[X,0x800004FA] -> 0x0000
[323] [M]: 0x800004F8 (0x00000013) addi zero, zero, 0


mem[X,0x800004FC] -> 0x05B7
mem[X,0x800004FE] -> 0xFFC0
[324] [M]: 0x800004FC (0xFFC005B7) lui a1, 1047552
x11 <- 0xFFC00000


mem[X,0x80000500] -> 0x8593
mem[X,0x80000502] -> 0xFFF5
[325] [M]: 0x80000500 (0xFFF58593) addi a1, a1, 4095
x11 <- 0xFFBFFFFF


mem[X,0x80000504] -> 0x0513
mem[X,0x80000506] -> 0x0446
[326] [M]: 0x80000504 (0x04460513) addi a0, a2, 68
x10 <- 0x800031A4


mem[X,0x80000508] -> 0x0793
mem[X,0x8000050A] -> 0x2000
[327] [M]: 0x80000508 (0x20000793) addi a5, zero, 512
x15 <- 0x00000200


mem[X,0x8000050C] -> 0x0533
mem[X,0x8000050E] -> 0x40F5
[328] [M]: 0x8000050C (0x40F50533) sub a0, a0, a5
x10 <- 0x80002FA4


mem[X,0x80000510] -> 0x2023
mem[X,0x80000512] -> 0x20B5
[329] [M]: 0x80000510 (0x20B52023) sw a1, 512(a0)
mem[0x800031A4] <- 0xFFBFFFFF


mem[X,0x80000514] -> 0x0013
mem[X,0x80000516] -> 0x0000
[330] [M]: 0x80000514 (0x00000013) addi zero, zero, 0


mem[X,0x80000518] -> 0x0013
mem[X,0x8000051A] -> 0x0000
[331] [M]: 0x80000518 (0x00000013) addi zero, zero, 0


mem[X,0x8000051C] -> 0x05B7
mem[X,0x8000051E] -> 0xFF80
[332] [M]: 0x8000051C (0xFF8005B7) lui a1, 1046528
x11 <- 0xFF800000


mem[X,0x80000520] -> 0x8593
mem[X,0x80000522] -> 0xFFF5
[333] [M]: 0x80000520 (0xFFF58593) addi a1, a1, 4095
x11 <- 0xFF7FFFFF


mem[X,0x80000524] -> 0x0513
mem[X,0x80000526] -> 0x0486
[334] [M]: 0x80000524 (0x04860513) addi a0, a2, 72
x10 <- 0x800031A8


mem[X,0x80000528] -> 0x0793
mem[X,0x8000052A] -> 0xFEF0
[335] [M]: 0x80000528 (0xFEF00793) addi a5, zero, 4079
x15 <- 0xFFFFFFEF


mem[X,0x8000052C] -> 0x0533
mem[X,0x8000052E] -> 0x40F5
[336] [M]: 0x8000052C (0x40F50533) sub a0, a0, a5
x10 <- 0x800031B9


mem[X,0x80000530] -> 0x27A3
mem[X,0x80000532] -> 0xFEB5
[337] [M]: 0x80000530 (0xFEB527A3) sw a1, 4079(a0)
mem[0x800031A8] <- 0xFF7FFFFF


mem[X,0x80000534] -> 0x0013
mem[X,0x80000536] -> 0x0000
[338] [M]: 0x80000534 (0x00000013) addi zero, zero, 0


mem[X,0x80000538] -> 0x0013
mem[X,0x8000053A] -> 0x0000
[339] [M]: 0x80000538 (0x00000013) addi zero, zero, 0


mem[X,0x8000053C] -> 0x05B7
mem[X,0x8000053E] -> 0xFF00
[340] [M]: 0x8000053C (0xFF0005B7) lui a1, 1044480
x11 <- 0xFF000000


mem[X,0x80000540] -> 0x8593
mem[X,0x80000542] -> 0xFFF5
[341] [M]: 0x80000540 (0xFFF58593) addi a1, a1, 4095
x11 <- 0xFEFFFFFF


mem[X,0x80000544] -> 0x0513
mem[X,0x80000546] -> 0x04C6
[342] [M]: 0x80000544 (0x04C60513) addi a0, a2, 76
x10 <- 0x800031AC


mem[X,0x80000548] -> 0x0793
mem[X,0x8000054A] -> 0x0040
[343] [M]: 0x80000548 (0x00400793) addi a5, zero, 4
x15 <- 0x00000004


mem[X,0x8000054C] -> 0x0533
mem[X,0x8000054E] -> 0x40F5
[344] [M]: 0x8000054C (0x40F50533) sub a0, a0, a5
x10 <- 0x800031A8


mem[X,0x80000550] -> 0x2223
mem[X,0x80000552] -> 0x00B5
[345] [M]: 0x80000550 (0x00B52223) sw a1, 4(a0)
mem[0x800031AC] <- 0xFEFFFFFF


mem[X,0x80000554] -> 0x0013
mem[X,0x80000556] -> 0x0000
[346] [M]: 0x80000554 (0x00000013) addi zero, zero, 0


mem[X,0x80000558] -> 0x0013
mem[X,0x8000055A] -> 0x0000
[347] [M]: 0x80000558 (0x00000013) addi zero, zero, 0


mem[X,0x8000055C] -> 0x05B7
mem[X,0x8000055E] -> 0xFE00
[348] [M]: 0x8000055C (0xFE0005B7) lui a1, 1040384
x11 <- 0xFE000000


mem[X,0x80000560] -> 0x8593
mem[X,0x80000562] -> 0xFFF5
[349] [M]: 0x80000560 (0xFFF58593) addi a1, a1, 4095
x11 <- 0xFDFFFFFF


mem[X,0x80000564] -> 0x0513
mem[X,0x80000566] -> 0x0506
[350] [M]: 0x80000564 (0x05060513) addi a0, a2, 80
x10 <- 0x800031B0


mem[X,0x80000568] -> 0x0793
mem[X,0x8000056A] -> 0x0100
[351] [M]: 0x80000568 (0x01000793) addi a5, zero, 16
x15 <- 0x00000010


mem[X,0x8000056C] -> 0x0533
mem[X,0x8000056E] -> 0x40F5
[352] [M]: 0x8000056C (0x40F50533) sub a0, a0, a5
x10 <- 0x800031A0


mem[X,0x80000570] -> 0x2823
mem[X,0x80000572] -> 0x00B5
[353] [M]: 0x80000570 (0x00B52823) sw a1, 16(a0)
mem[0x800031B0] <- 0xFDFFFFFF


mem[X,0x80000574] -> 0x0013
mem[X,0x80000576] -> 0x0000
[354] [M]: 0x80000574 (0x00000013) addi zero, zero, 0


mem[X,0x80000578] -> 0x0013
mem[X,0x8000057A] -> 0x0000
[355] [M]: 0x80000578 (0x00000013) addi zero, zero, 0


mem[X,0x8000057C] -> 0x05B7
mem[X,0x8000057E] -> 0xFC00
[356] [M]: 0x8000057C (0xFC0005B7) lui a1, 1032192
x11 <- 0xFC000000


mem[X,0x80000580] -> 0x8593
mem[X,0x80000582] -> 0xFFF5
[357] [M]: 0x80000580 (0xFFF58593) addi a1, a1, 4095
x11 <- 0xFBFFFFFF


mem[X,0x80000584] -> 0x0513
mem[X,0x80000586] -> 0x0546
[358] [M]: 0x80000584 (0x05460513) addi a0, a2, 84
x10 <- 0x800031B4


mem[X,0x80000588] -> 0x0793
mem[X,0x8000058A] -> 0xFFC0
[359] [M]: 0x80000588 (0xFFC00793) addi a5, zero, 4092
x15 <- 0xFFFFFFFC


mem[X,0x8000058C] -> 0x0533
mem[X,0x8000058E] -> 0x40F5
[360] [M]: 0x8000058C (0x40F50533) sub a0, a0, a5
x10 <- 0x800031B8


mem[X,0x80000590] -> 0x2E23
mem[X,0x80000592] -> 0xFEB5
[361] [M]: 0x80000590 (0xFEB52E23) sw a1, 4092(a0)
mem[0x800031B4] <- 0xFBFFFFFF


mem[X,0x80000594] -> 0x0013
mem[X,0x80000596] -> 0x0000
[362] [M]: 0x80000594 (0x00000013) addi zero, zero, 0


mem[X,0x80000598] -> 0x0013
mem[X,0x8000059A] -> 0x0000
[363] [M]: 0x80000598 (0x00000013) addi zero, zero, 0


mem[X,0x8000059C] -> 0x05B7
mem[X,0x8000059E] -> 0xF800
[364] [M]: 0x8000059C (0xF80005B7) lui a1, 1015808
x11 <- 0xF8000000


mem[X,0x800005A0] -> 0x8593
mem[X,0x800005A2] -> 0xFFF5
[365] [M]: 0x800005A0 (0xFFF58593) addi a1, a1, 4095
x11 <- 0xF7FFFFFF


mem[X,0x800005A4] -> 0x0513
mem[X,0x800005A6] -> 0x0586
[366] [M]: 0x800005A4 (0x05860513) addi a0, a2, 88
x10 <- 0x800031B8


mem[X,0x800005A8] -> 0x0793
mem[X,0x800005AA] -> 0x0800
[367] [M]: 0x800005A8 (0x08000793) addi a5, zero, 128
x15 <- 0x00000080


mem[X,0x800005AC] -> 0x0533
mem[X,0x800005AE] -> 0x40F5
[368] [M]: 0x800005AC (0x40F50533) sub a0, a0, a5
x10 <- 0x80003138


mem[X,0x800005B0] -> 0x2023
mem[X,0x800005B2] -> 0x08B5
[369] [M]: 0x800005B0 (0x08B52023) sw a1, 128(a0)
mem[0x800031B8] <- 0xF7FFFFFF


mem[X,0x800005B4] -> 0x0013
mem[X,0x800005B6] -> 0x0000
[370] [M]: 0x800005B4 (0x00000013) addi zero, zero, 0


mem[X,0x800005B8] -> 0x0013
mem[X,0x800005BA] -> 0x0000
[371] [M]: 0x800005B8 (0x00000013) addi zero, zero, 0


mem[X,0x800005BC] -> 0x05B7
mem[X,0x800005BE] -> 0xF000
[372] [M]: 0x800005BC (0xF00005B7) lui a1, 983040
x11 <- 0xF0000000


mem[X,0x800005C0] -> 0x8593
mem[X,0x800005C2] -> 0xFFF5
[373] [M]: 0x800005C0 (0xFFF58593) addi a1, a1, 4095
x11 <- 0xEFFFFFFF


mem[X,0x800005C4] -> 0x0513
mem[X,0x800005C6] -> 0x05C6
[374] [M]: 0x800005C4 (0x05C60513) addi a0, a2, 92
x10 <- 0x800031BC


mem[X,0x800005C8] -> 0x0793
mem[X,0x800005CA] -> 0xFF70
[375] [M]: 0x800005C8 (0xFF700793) addi a5, zero, 4087
x15 <- 0xFFFFFFF7


mem[X,0x800005CC] -> 0x0533
mem[X,0x800005CE] -> 0x40F5
[376] [M]: 0x800005CC (0x40F50533) sub a0, a0, a5
x10 <- 0x800031C5


mem[X,0x800005D0] -> 0x2BA3
mem[X,0x800005D2] -> 0xFEB5
[377] [M]: 0x800005D0 (0xFEB52BA3) sw a1, 4087(a0)
mem[0x800031BC] <- 0xEFFFFFFF


mem[X,0x800005D4] -> 0x0013
mem[X,0x800005D6] -> 0x0000
[378] [M]: 0x800005D4 (0x00000013) addi zero, zero, 0


mem[X,0x800005D8] -> 0x0013
mem[X,0x800005DA] -> 0x0000
[379] [M]: 0x800005D8 (0x00000013) addi zero, zero, 0


mem[X,0x800005DC] -> 0x05B7
mem[X,0x800005DE] -> 0xE000
[380] [M]: 0x800005DC (0xE00005B7) lui a1, 917504
x11 <- 0xE0000000


mem[X,0x800005E0] -> 0x8593
mem[X,0x800005E2] -> 0xFFF5
[381] [M]: 0x800005E0 (0xFFF58593) addi a1, a1, 4095
x11 <- 0xDFFFFFFF


mem[X,0x800005E4] -> 0x0513
mem[X,0x800005E6] -> 0x0606
[382] [M]: 0x800005E4 (0x06060513) addi a0, a2, 96
x10 <- 0x800031C0


mem[X,0x800005E8] -> 0x0793
mem[X,0x800005EA] -> 0x0030
[383] [M]: 0x800005E8 (0x00300793) addi a5, zero, 3
x15 <- 0x00000003


mem[X,0x800005EC] -> 0x0533
mem[X,0x800005EE] -> 0x40F5
[384] [M]: 0x800005EC (0x40F50533) sub a0, a0, a5
x10 <- 0x800031BD


mem[X,0x800005F0] -> 0x21A3
mem[X,0x800005F2] -> 0x00B5
[385] [M]: 0x800005F0 (0x00B521A3) sw a1, 3(a0)
mem[0x800031C0] <- 0xDFFFFFFF


mem[X,0x800005F4] -> 0x0013
mem[X,0x800005F6] -> 0x0000
[386] [M]: 0x800005F4 (0x00000013) addi zero, zero, 0


mem[X,0x800005F8] -> 0x0013
mem[X,0x800005FA] -> 0x0000
[387] [M]: 0x800005F8 (0x00000013) addi zero, zero, 0


mem[X,0x800005FC] -> 0x05B7
mem[X,0x800005FE] -> 0xC000
[388] [M]: 0x800005FC (0xC00005B7) lui a1, 786432
x11 <- 0xC0000000


mem[X,0x80000600] -> 0x8593
mem[X,0x80000602] -> 0xFFF5
[389] [M]: 0x80000600 (0xFFF58593) addi a1, a1, 4095
x11 <- 0xBFFFFFFF


mem[X,0x80000604] -> 0x0513
mem[X,0x80000606] -> 0x0646
[390] [M]: 0x80000604 (0x06460513) addi a0, a2, 100
x10 <- 0x800031C4


mem[X,0x80000608] -> 0x0793
mem[X,0x8000060A] -> 0x4000
[391] [M]: 0x80000608 (0x40000793) addi a5, zero, 1024
x15 <- 0x00000400


mem[X,0x8000060C] -> 0x0533
mem[X,0x8000060E] -> 0x40F5
[392] [M]: 0x8000060C (0x40F50533) sub a0, a0, a5
x10 <- 0x80002DC4


mem[X,0x80000610] -> 0x2023
mem[X,0x80000612] -> 0x40B5
[393] [M]: 0x80000610 (0x40B52023) sw a1, 1024(a0)
mem[0x800031C4] <- 0xBFFFFFFF


mem[X,0x80000614] -> 0x0013
mem[X,0x80000616] -> 0x0000
[394] [M]: 0x80000614 (0x00000013) addi zero, zero, 0


mem[X,0x80000618] -> 0x0013
mem[X,0x8000061A] -> 0x0000
[395] [M]: 0x80000618 (0x00000013) addi zero, zero, 0


mem[X,0x8000061C] -> 0x55B7
mem[X,0x8000061E] -> 0x5555
[396] [M]: 0x8000061C (0x555555B7) lui a1, 349525
x11 <- 0x55555000


mem[X,0x80000620] -> 0x8593
mem[X,0x80000622] -> 0x5555
[397] [M]: 0x80000620 (0x55558593) addi a1, a1, 1365
x11 <- 0x55555555


mem[X,0x80000624] -> 0x0513
mem[X,0x80000626] -> 0x0686
[398] [M]: 0x80000624 (0x06860513) addi a0, a2, 104
x10 <- 0x800031C8


mem[X,0x80000628] -> 0x0793
mem[X,0x8000062A] -> 0x0070
[399] [M]: 0x80000628 (0x00700793) addi a5, zero, 7
x15 <- 0x00000007


clint::tick mtime <- 0x0000000000000004
 clint timer pending at mtime 0x0000000000000004
htif::tick 0x0000000000000000
mem[X,0x8000062C] -> 0x0533
mem[X,0x8000062E] -> 0x40F5
[400] [M]: 0x8000062C (0x40F50533) sub a0, a0, a5
x10 <- 0x800031C1


mem[X,0x80000630] -> 0x23A3
mem[X,0x80000632] -> 0x00B5
[401] [M]: 0x80000630 (0x00B523A3) sw a1, 7(a0)
mem[0x800031C8] <- 0x55555555


mem[X,0x80000634] -> 0x0013
mem[X,0x80000636] -> 0x0000
[402] [M]: 0x80000634 (0x00000013) addi zero, zero, 0


mem[X,0x80000638] -> 0x0013
mem[X,0x8000063A] -> 0x0000
[403] [M]: 0x80000638 (0x00000013) addi zero, zero, 0


mem[X,0x8000063C] -> 0xB5B7
mem[X,0x8000063E] -> 0xAAAA
[404] [M]: 0x8000063C (0xAAAAB5B7) lui a1, 699051
x11 <- 0xAAAAB000


mem[X,0x80000640] -> 0x8593
mem[X,0x80000642] -> 0xAAA5
[405] [M]: 0x80000640 (0xAAA58593) addi a1, a1, 2730
x11 <- 0xAAAAAAAA


mem[X,0x80000644] -> 0x0513
mem[X,0x80000646] -> 0x06C6
[406] [M]: 0x80000644 (0x06C60513) addi a0, a2, 108
x10 <- 0x800031CC


mem[X,0x80000648] -> 0x0793
mem[X,0x8000064A] -> 0x0070
[407] [M]: 0x80000648 (0x00700793) addi a5, zero, 7
x15 <- 0x00000007


mem[X,0x8000064C] -> 0x0533
mem[X,0x8000064E] -> 0x40F5
[408] [M]: 0x8000064C (0x40F50533) sub a0, a0, a5
x10 <- 0x800031C5


mem[X,0x80000650] -> 0x23A3
mem[X,0x80000652] -> 0x00B5
[409] [M]: 0x80000650 (0x00B523A3) sw a1, 7(a0)
mem[0x800031CC] <- 0xAAAAAAAA


mem[X,0x80000654] -> 0x0013
mem[X,0x80000656] -> 0x0000
[410] [M]: 0x80000654 (0x00000013) addi zero, zero, 0


mem[X,0x80000658] -> 0x0013
mem[X,0x8000065A] -> 0x0000
[411] [M]: 0x80000658 (0x00000013) addi zero, zero, 0


mem[X,0x8000065C] -> 0x0593
mem[X,0x8000065E] -> 0xFFD0
[412] [M]: 0x8000065C (0xFFD00593) addi a1, zero, 4093
x11 <- 0xFFFFFFFD


mem[X,0x80000660] -> 0x0513
mem[X,0x80000662] -> 0x0706
[413] [M]: 0x80000660 (0x07060513) addi a0, a2, 112
x10 <- 0x800031D0


mem[X,0x80000664] -> 0x0793
mem[X,0x80000666] -> 0x0400
[414] [M]: 0x80000664 (0x04000793) addi a5, zero, 64
x15 <- 0x00000040


mem[X,0x80000668] -> 0x0533
mem[X,0x8000066A] -> 0x40F5
[415] [M]: 0x80000668 (0x40F50533) sub a0, a0, a5
x10 <- 0x80003190


mem[X,0x8000066C] -> 0x2023
mem[X,0x8000066E] -> 0x04B5
[416] [M]: 0x8000066C (0x04B52023) sw a1, 64(a0)
mem[0x800031D0] <- 0xFFFFFFFD


mem[X,0x80000670] -> 0x0013
mem[X,0x80000672] -> 0x0000
[417] [M]: 0x80000670 (0x00000013) addi zero, zero, 0


mem[X,0x80000674] -> 0x0013
mem[X,0x80000676] -> 0x0000
[418] [M]: 0x80000674 (0x00000013) addi zero, zero, 0


mem[X,0x80000678] -> 0x0593
mem[X,0x8000067A] -> 0xFFB0
[419] [M]: 0x80000678 (0xFFB00593) addi a1, zero, 4091
x11 <- 0xFFFFFFFB


mem[X,0x8000067C] -> 0x0513
mem[X,0x8000067E] -> 0x0746
[420] [M]: 0x8000067C (0x07460513) addi a0, a2, 116
x10 <- 0x800031D4


mem[X,0x80000680] -> 0x0793
mem[X,0x80000682] -> 0x7FF0
[421] [M]: 0x80000680 (0x7FF00793) addi a5, zero, 2047
x15 <- 0x000007FF


mem[X,0x80000684] -> 0x0533
mem[X,0x80000686] -> 0x40F5
[422] [M]: 0x80000684 (0x40F50533) sub a0, a0, a5
x10 <- 0x800029D5


mem[X,0x80000688] -> 0x2FA3
mem[X,0x8000068A] -> 0x7EB5
[423] [M]: 0x80000688 (0x7EB52FA3) sw a1, 2047(a0)
mem[0x800031D4] <- 0xFFFFFFFB


mem[X,0x8000068C] -> 0x0013
mem[X,0x8000068E] -> 0x0000
[424] [M]: 0x8000068C (0x00000013) addi zero, zero, 0


mem[X,0x80000690] -> 0x0013
mem[X,0x80000692] -> 0x0000
[425] [M]: 0x80000690 (0x00000013) addi zero, zero, 0


mem[X,0x80000694] -> 0x0593
mem[X,0x80000696] -> 0xFF70
[426] [M]: 0x80000694 (0xFF700593) addi a1, zero, 4087
x11 <- 0xFFFFFFF7


mem[X,0x80000698] -> 0x0513
mem[X,0x8000069A] -> 0x0786
[427] [M]: 0x80000698 (0x07860513) addi a0, a2, 120
x10 <- 0x800031D8


mem[X,0x8000069C] -> 0x0793
mem[X,0x8000069E] -> 0x2000
[428] [M]: 0x8000069C (0x20000793) addi a5, zero, 512
x15 <- 0x00000200


mem[X,0x800006A0] -> 0x0533
mem[X,0x800006A2] -> 0x40F5
[429] [M]: 0x800006A0 (0x40F50533) sub a0, a0, a5
x10 <- 0x80002FD8


mem[X,0x800006A4] -> 0x2023
mem[X,0x800006A6] -> 0x20B5
[430] [M]: 0x800006A4 (0x20B52023) sw a1, 512(a0)
mem[0x800031D8] <- 0xFFFFFFF7


mem[X,0x800006A8] -> 0x0013
mem[X,0x800006AA] -> 0x0000
[431] [M]: 0x800006A8 (0x00000013) addi zero, zero, 0


mem[X,0x800006AC] -> 0x0013
mem[X,0x800006AE] -> 0x0000
[432] [M]: 0x800006AC (0x00000013) addi zero, zero, 0


mem[X,0x800006B0] -> 0x0593
mem[X,0x800006B2] -> 0xFDF0
[433] [M]: 0x800006B0 (0xFDF00593) addi a1, zero, 4063
x11 <- 0xFFFFFFDF


mem[X,0x800006B4] -> 0x0513
mem[X,0x800006B6] -> 0x07C6
[434] [M]: 0x800006B4 (0x07C60513) addi a0, a2, 124
x10 <- 0x800031DC


mem[X,0x800006B8] -> 0x0793
mem[X,0x800006BA] -> 0x8000
[435] [M]: 0x800006B8 (0x80000793) addi a5, zero, 2048
x15 <- 0xFFFFF800


mem[X,0x800006BC] -> 0x0533
mem[X,0x800006BE] -> 0x40F5
[436] [M]: 0x800006BC (0x40F50533) sub a0, a0, a5
x10 <- 0x800039DC


mem[X,0x800006C0] -> 0x2023
mem[X,0x800006C2] -> 0x80B5
[437] [M]: 0x800006C0 (0x80B52023) sw a1, 2048(a0)
mem[0x800031DC] <- 0xFFFFFFDF


mem[X,0x800006C4] -> 0x0013
mem[X,0x800006C6] -> 0x0000
[438] [M]: 0x800006C4 (0x00000013) addi zero, zero, 0


mem[X,0x800006C8] -> 0x0013
mem[X,0x800006CA] -> 0x0000
[439] [M]: 0x800006C8 (0x00000013) addi zero, zero, 0


mem[X,0x800006CC] -> 0x0593
mem[X,0x800006CE] -> 0xFBF0
[440] [M]: 0x800006CC (0xFBF00593) addi a1, zero, 4031
x11 <- 0xFFFFFFBF


mem[X,0x800006D0] -> 0x0513
mem[X,0x800006D2] -> 0x0806
[441] [M]: 0x800006D0 (0x08060513) addi a0, a2, 128
x10 <- 0x800031E0


mem[X,0x800006D4] -> 0x0793
mem[X,0x800006D6] -> 0xFFE0
[442] [M]: 0x800006D4 (0xFFE00793) addi a5, zero, 4094
x15 <- 0xFFFFFFFE


mem[X,0x800006D8] -> 0x0533
mem[X,0x800006DA] -> 0x40F5
[443] [M]: 0x800006D8 (0x40F50533) sub a0, a0, a5
x10 <- 0x800031E2


mem[X,0x800006DC] -> 0x2F23
mem[X,0x800006DE] -> 0xFEB5
[444] [M]: 0x800006DC (0xFEB52F23) sw a1, 4094(a0)
mem[0x800031E0] <- 0xFFFFFFBF


mem[X,0x800006E0] -> 0x0013
mem[X,0x800006E2] -> 0x0000
[445] [M]: 0x800006E0 (0x00000013) addi zero, zero, 0


mem[X,0x800006E4] -> 0x0013
mem[X,0x800006E6] -> 0x0000
[446] [M]: 0x800006E4 (0x00000013) addi zero, zero, 0


mem[X,0x800006E8] -> 0x0593
mem[X,0x800006EA] -> 0xF7F0
[447] [M]: 0x800006E8 (0xF7F00593) addi a1, zero, 3967
x11 <- 0xFFFFFF7F


mem[X,0x800006EC] -> 0x0513
mem[X,0x800006EE] -> 0x0846
[448] [M]: 0x800006EC (0x08460513) addi a0, a2, 132
x10 <- 0x800031E4


mem[X,0x800006F0] -> 0x0793
mem[X,0x800006F2] -> 0xFF80
[449] [M]: 0x800006F0 (0xFF800793) addi a5, zero, 4088
x15 <- 0xFFFFFFF8


mem[X,0x800006F4] -> 0x0533
mem[X,0x800006F6] -> 0x40F5
[450] [M]: 0x800006F4 (0x40F50533) sub a0, a0, a5
x10 <- 0x800031EC


mem[X,0x800006F8] -> 0x2C23
mem[X,0x800006FA] -> 0xFEB5
[451] [M]: 0x800006F8 (0xFEB52C23) sw a1, 4088(a0)
mem[0x800031E4] <- 0xFFFFFF7F


mem[X,0x800006FC] -> 0x0013
mem[X,0x800006FE] -> 0x0000
[452] [M]: 0x800006FC (0x00000013) addi zero, zero, 0


mem[X,0x80000700] -> 0x0013
mem[X,0x80000702] -> 0x0000
[453] [M]: 0x80000700 (0x00000013) addi zero, zero, 0


mem[X,0x80000704] -> 0x0593
mem[X,0x80000706] -> 0xEFF0
[454] [M]: 0x80000704 (0xEFF00593) addi a1, zero, 3839
x11 <- 0xFFFFFEFF


mem[X,0x80000708] -> 0x0513
mem[X,0x8000070A] -> 0x0886
[455] [M]: 0x80000708 (0x08860513) addi a0, a2, 136
x10 <- 0x800031E8


mem[X,0x8000070C] -> 0x0793
mem[X,0x8000070E] -> 0xEFF0
[456] [M]: 0x8000070C (0xEFF00793) addi a5, zero, 3839
x15 <- 0xFFFFFEFF


mem[X,0x80000710] -> 0x0533
mem[X,0x80000712] -> 0x40F5
[457] [M]: 0x80000710 (0x40F50533) sub a0, a0, a5
x10 <- 0x800032E9


mem[X,0x80000714] -> 0x2FA3
mem[X,0x80000716] -> 0xEEB5
[458] [M]: 0x80000714 (0xEEB52FA3) sw a1, 3839(a0)
mem[0x800031E8] <- 0xFFFFFEFF


mem[X,0x80000718] -> 0x0013
mem[X,0x8000071A] -> 0x0000
[459] [M]: 0x80000718 (0x00000013) addi zero, zero, 0


mem[X,0x8000071C] -> 0x0013
mem[X,0x8000071E] -> 0x0000
[460] [M]: 0x8000071C (0x00000013) addi zero, zero, 0


mem[X,0x80000720] -> 0x0593
mem[X,0x80000722] -> 0xDFF0
[461] [M]: 0x80000720 (0xDFF00593) addi a1, zero, 3583
x11 <- 0xFFFFFDFF


mem[X,0x80000724] -> 0x0513
mem[X,0x80000726] -> 0x08C6
[462] [M]: 0x80000724 (0x08C60513) addi a0, a2, 140
x10 <- 0x800031EC


mem[X,0x80000728] -> 0x0793
mem[X,0x8000072A] -> 0xAAA0
[463] [M]: 0x80000728 (0xAAA00793) addi a5, zero, 2730
x15 <- 0xFFFFFAAA


mem[X,0x8000072C] -> 0x0533
mem[X,0x8000072E] -> 0x40F5
[464] [M]: 0x8000072C (0x40F50533) sub a0, a0, a5
x10 <- 0x80003742


mem[X,0x80000730] -> 0x2523
mem[X,0x80000732] -> 0xAAB5
[465] [M]: 0x80000730 (0xAAB52523) sw a1, 2730(a0)
mem[0x800031EC] <- 0xFFFFFDFF


mem[X,0x80000734] -> 0x0013
mem[X,0x80000736] -> 0x0000
[466] [M]: 0x80000734 (0x00000013) addi zero, zero, 0


mem[X,0x80000738] -> 0x0013
mem[X,0x8000073A] -> 0x0000
[467] [M]: 0x80000738 (0x00000013) addi zero, zero, 0


mem[X,0x8000073C] -> 0x0593
mem[X,0x8000073E] -> 0xBFF0
[468] [M]: 0x8000073C (0xBFF00593) addi a1, zero, 3071
x11 <- 0xFFFFFBFF


mem[X,0x80000740] -> 0x0513
mem[X,0x80000742] -> 0x0906
[469] [M]: 0x80000740 (0x09060513) addi a0, a2, 144
x10 <- 0x800031F0


mem[X,0x80000744] -> 0x0793
mem[X,0x80000746] -> 0xAAA0
[470] [M]: 0x80000744 (0xAAA00793) addi a5, zero, 2730
x15 <- 0xFFFFFAAA


mem[X,0x80000748] -> 0x0533
mem[X,0x8000074A] -> 0x40F5
[471] [M]: 0x80000748 (0x40F50533) sub a0, a0, a5
x10 <- 0x80003746


mem[X,0x8000074C] -> 0x2523
mem[X,0x8000074E] -> 0xAAB5
[472] [M]: 0x8000074C (0xAAB52523) sw a1, 2730(a0)
mem[0x800031F0] <- 0xFFFFFBFF


mem[X,0x80000750] -> 0x0013
mem[X,0x80000752] -> 0x0000
[473] [M]: 0x80000750 (0x00000013) addi zero, zero, 0


mem[X,0x80000754] -> 0x0013
mem[X,0x80000756] -> 0x0000
[474] [M]: 0x80000754 (0x00000013) addi zero, zero, 0


mem[X,0x80000758] -> 0xF5B7
mem[X,0x8000075A] -> 0xFFFF
[475] [M]: 0x80000758 (0xFFFFF5B7) lui a1, 1048575
x11 <- 0xFFFFF000


mem[X,0x8000075C] -> 0x8593
mem[X,0x8000075E] -> 0x7FF5
[476] [M]: 0x8000075C (0x7FF58593) addi a1, a1, 2047
x11 <- 0xFFFFF7FF


mem[X,0x80000760] -> 0x0513
mem[X,0x80000762] -> 0x0946
[477] [M]: 0x80000760 (0x09460513) addi a0, a2, 148
x10 <- 0x800031F4


mem[X,0x80000764] -> 0x0793
mem[X,0x80000766] -> 0x0050
[478] [M]: 0x80000764 (0x00500793) addi a5, zero, 5
x15 <- 0x00000005


mem[X,0x80000768] -> 0x0533
mem[X,0x8000076A] -> 0x40F5
[479] [M]: 0x80000768 (0x40F50533) sub a0, a0, a5
x10 <- 0x800031EF


mem[X,0x8000076C] -> 0x22A3
mem[X,0x8000076E] -> 0x00B5
[480] [M]: 0x8000076C (0x00B522A3) sw a1, 5(a0)
mem[0x800031F4] <- 0xFFFFF7FF


mem[X,0x80000770] -> 0x0013
mem[X,0x80000772] -> 0x0000
[481] [M]: 0x80000770 (0x00000013) addi zero, zero, 0


mem[X,0x80000774] -> 0x0013
mem[X,0x80000776] -> 0x0000
[482] [M]: 0x80000774 (0x00000013) addi zero, zero, 0


mem[X,0x80000778] -> 0xF5B7
mem[X,0x8000077A] -> 0xFFFF
[483] [M]: 0x80000778 (0xFFFFF5B7) lui a1, 1048575
x11 <- 0xFFFFF000


mem[X,0x8000077C] -> 0x8593
mem[X,0x8000077E] -> 0xFFF5
[484] [M]: 0x8000077C (0xFFF58593) addi a1, a1, 4095
x11 <- 0xFFFFEFFF


mem[X,0x80000780] -> 0x0513
mem[X,0x80000782] -> 0x0986
[485] [M]: 0x80000780 (0x09860513) addi a0, a2, 152
x10 <- 0x800031F8


mem[X,0x80000784] -> 0x0793
mem[X,0x80000786] -> 0xFFD0
[486] [M]: 0x80000784 (0xFFD00793) addi a5, zero, 4093
x15 <- 0xFFFFFFFD


mem[X,0x80000788] -> 0x0533
mem[X,0x8000078A] -> 0x40F5
[487] [M]: 0x80000788 (0x40F50533) sub a0, a0, a5
x10 <- 0x800031FB


mem[X,0x8000078C] -> 0x2EA3
mem[X,0x8000078E] -> 0xFEB5
[488] [M]: 0x8000078C (0xFEB52EA3) sw a1, 4093(a0)
mem[0x800031F8] <- 0xFFFFEFFF


mem[X,0x80000790] -> 0x0013
mem[X,0x80000792] -> 0x0000
[489] [M]: 0x80000790 (0x00000013) addi zero, zero, 0


mem[X,0x80000794] -> 0x0013
mem[X,0x80000796] -> 0x0000
[490] [M]: 0x80000794 (0x00000013) addi zero, zero, 0


mem[X,0x80000798] -> 0xE5B7
mem[X,0x8000079A] -> 0xFFFF
[491] [M]: 0x80000798 (0xFFFFE5B7) lui a1, 1048574
x11 <- 0xFFFFE000


mem[X,0x8000079C] -> 0x8593
mem[X,0x8000079E] -> 0xFFF5
[492] [M]: 0x8000079C (0xFFF58593) addi a1, a1, 4095
x11 <- 0xFFFFDFFF


mem[X,0x800007A0] -> 0x0513
mem[X,0x800007A2] -> 0x09C6
[493] [M]: 0x800007A0 (0x09C60513) addi a0, a2, 156
x10 <- 0x800031FC


mem[X,0x800007A4] -> 0x0793
mem[X,0x800007A6] -> 0xFEF0
[494] [M]: 0x800007A4 (0xFEF00793) addi a5, zero, 4079
x15 <- 0xFFFFFFEF


mem[X,0x800007A8] -> 0x0533
mem[X,0x800007AA] -> 0x40F5
[495] [M]: 0x800007A8 (0x40F50533) sub a0, a0, a5
x10 <- 0x8000320D


mem[X,0x800007AC] -> 0x27A3
mem[X,0x800007AE] -> 0xFEB5
[496] [M]: 0x800007AC (0xFEB527A3) sw a1, 4079(a0)
mem[0x800031FC] <- 0xFFFFDFFF


mem[X,0x800007B0] -> 0x0013
mem[X,0x800007B2] -> 0x0000
[497] [M]: 0x800007B0 (0x00000013) addi zero, zero, 0


mem[X,0x800007B4] -> 0x0013
mem[X,0x800007B6] -> 0x0000
[498] [M]: 0x800007B4 (0x00000013) addi zero, zero, 0


mem[X,0x800007B8] -> 0xC5B7
mem[X,0x800007BA] -> 0xFFFF
[499] [M]: 0x800007B8 (0xFFFFC5B7) lui a1, 1048572
x11 <- 0xFFFFC000


clint::tick mtime <- 0x0000000000000005
 clint timer pending at mtime 0x0000000000000005
htif::tick 0x0000000000000000
mem[X,0x800007BC] -> 0x8593
mem[X,0x800007BE] -> 0xFFF5
[500] [M]: 0x800007BC (0xFFF58593) addi a1, a1, 4095
x11 <- 0xFFFFBFFF


mem[X,0x800007C0] -> 0x0513
mem[X,0x800007C2] -> 0x0A06
[501] [M]: 0x800007C0 (0x0A060513) addi a0, a2, 160
x10 <- 0x80003200


mem[X,0x800007C4] -> 0x0793
mem[X,0x800007C6] -> 0x0060
[502] [M]: 0x800007C4 (0x00600793) addi a5, zero, 6
x15 <- 0x00000006


mem[X,0x800007C8] -> 0x0533
mem[X,0x800007CA] -> 0x40F5
[503] [M]: 0x800007C8 (0x40F50533) sub a0, a0, a5
x10 <- 0x800031FA


mem[X,0x800007CC] -> 0x2323
mem[X,0x800007CE] -> 0x00B5
[504] [M]: 0x800007CC (0x00B52323) sw a1, 6(a0)
mem[0x80003200] <- 0xFFFFBFFF


mem[X,0x800007D0] -> 0x0013
mem[X,0x800007D2] -> 0x0000
[505] [M]: 0x800007D0 (0x00000013) addi zero, zero, 0


mem[X,0x800007D4] -> 0x0013
mem[X,0x800007D6] -> 0x0000
[506] [M]: 0x800007D4 (0x00000013) addi zero, zero, 0


mem[X,0x800007D8] -> 0x85B7
mem[X,0x800007DA] -> 0xFFFF
[507] [M]: 0x800007D8 (0xFFFF85B7) lui a1, 1048568
x11 <- 0xFFFF8000


mem[X,0x800007DC] -> 0x8593
mem[X,0x800007DE] -> 0xFFF5
[508] [M]: 0x800007DC (0xFFF58593) addi a1, a1, 4095
x11 <- 0xFFFF7FFF


mem[X,0x800007E0] -> 0x0513
mem[X,0x800007E2] -> 0x0A46
[509] [M]: 0x800007E0 (0x0A460513) addi a0, a2, 164
x10 <- 0x80003204


mem[X,0x800007E4] -> 0x0793
mem[X,0x800007E6] -> 0xFBF0
[510] [M]: 0x800007E4 (0xFBF00793) addi a5, zero, 4031
x15 <- 0xFFFFFFBF


mem[X,0x800007E8] -> 0x0533
mem[X,0x800007EA] -> 0x40F5
[511] [M]: 0x800007E8 (0x40F50533) sub a0, a0, a5
x10 <- 0x80003245


mem[X,0x800007EC] -> 0x2FA3
mem[X,0x800007EE] -> 0xFAB5
[512] [M]: 0x800007EC (0xFAB52FA3) sw a1, 4031(a0)
mem[0x80003204] <- 0xFFFF7FFF


mem[X,0x800007F0] -> 0x0013
mem[X,0x800007F2] -> 0x0000
[513] [M]: 0x800007F0 (0x00000013) addi zero, zero, 0


mem[X,0x800007F4] -> 0x0013
mem[X,0x800007F6] -> 0x0000
[514] [M]: 0x800007F4 (0x00000013) addi zero, zero, 0


mem[X,0x800007F8] -> 0x05B7
mem[X,0x800007FA] -> 0xFFFF
[515] [M]: 0x800007F8 (0xFFFF05B7) lui a1, 1048560
x11 <- 0xFFFF0000


mem[X,0x800007FC] -> 0x8593
mem[X,0x800007FE] -> 0xFFF5
[516] [M]: 0x800007FC (0xFFF58593) addi a1, a1, 4095
x11 <- 0xFFFEFFFF


mem[X,0x80000800] -> 0x0513
mem[X,0x80000802] -> 0x0A86
[517] [M]: 0x80000800 (0x0A860513) addi a0, a2, 168
x10 <- 0x80003208


mem[X,0x80000804] -> 0x0793
mem[X,0x80000806] -> 0xFF70
[518] [M]: 0x80000804 (0xFF700793) addi a5, zero, 4087
x15 <- 0xFFFFFFF7


mem[X,0x80000808] -> 0x0533
mem[X,0x8000080A] -> 0x40F5
[519] [M]: 0x80000808 (0x40F50533) sub a0, a0, a5
x10 <- 0x80003211


mem[X,0x8000080C] -> 0x2BA3
mem[X,0x8000080E] -> 0xFEB5
[520] [M]: 0x8000080C (0xFEB52BA3) sw a1, 4087(a0)
mem[0x80003208] <- 0xFFFEFFFF


mem[X,0x80000810] -> 0x0013
mem[X,0x80000812] -> 0x0000
[521] [M]: 0x80000810 (0x00000013) addi zero, zero, 0


mem[X,0x80000814] -> 0x0013
mem[X,0x80000816] -> 0x0000
[522] [M]: 0x80000814 (0x00000013) addi zero, zero, 0


mem[X,0x80000818] -> 0x05B7
mem[X,0x8000081A] -> 0xFFFE
[523] [M]: 0x80000818 (0xFFFE05B7) lui a1, 1048544
x11 <- 0xFFFE0000


mem[X,0x8000081C] -> 0x8593
mem[X,0x8000081E] -> 0xFFF5
[524] [M]: 0x8000081C (0xFFF58593) addi a1, a1, 4095
x11 <- 0xFFFDFFFF


mem[X,0x80000820] -> 0x0513
mem[X,0x80000822] -> 0x0AC6
[525] [M]: 0x80000820 (0x0AC60513) addi a0, a2, 172
x10 <- 0x8000320C


mem[X,0x80000824] -> 0x0793
mem[X,0x80000826] -> 0xFFF0
[526] [M]: 0x80000824 (0xFFF00793) addi a5, zero, 4095
x15 <- 0xFFFFFFFF


mem[X,0x80000828] -> 0x0533
mem[X,0x8000082A] -> 0x40F5
[527] [M]: 0x80000828 (0x40F50533) sub a0, a0, a5
x10 <- 0x8000320D


mem[X,0x8000082C] -> 0x2FA3
mem[X,0x8000082E] -> 0xFEB5
[528] [M]: 0x8000082C (0xFEB52FA3) sw a1, 4095(a0)
mem[0x8000320C] <- 0xFFFDFFFF


mem[X,0x80000830] -> 0x0013
mem[X,0x80000832] -> 0x0000
[529] [M]: 0x80000830 (0x00000013) addi zero, zero, 0


mem[X,0x80000834] -> 0x0013
mem[X,0x80000836] -> 0x0000
[530] [M]: 0x80000834 (0x00000013) addi zero, zero, 0


mem[X,0x80000838] -> 0x05B7
mem[X,0x8000083A] -> 0xFFFC
[531] [M]: 0x80000838 (0xFFFC05B7) lui a1, 1048512
x11 <- 0xFFFC0000


mem[X,0x8000083C] -> 0x8593
mem[X,0x8000083E] -> 0xFFF5
[532] [M]: 0x8000083C (0xFFF58593) addi a1, a1, 4095
x11 <- 0xFFFBFFFF


mem[X,0x80000840] -> 0x0513
mem[X,0x80000842] -> 0x0B06
[533] [M]: 0x80000840 (0x0B060513) addi a0, a2, 176
x10 <- 0x80003210


mem[X,0x80000844] -> 0x0793
mem[X,0x80000846] -> 0x4000
[534] [M]: 0x80000844 (0x40000793) addi a5, zero, 1024
x15 <- 0x00000400


mem[X,0x80000848] -> 0x0533
mem[X,0x8000084A] -> 0x40F5
[535] [M]: 0x80000848 (0x40F50533) sub a0, a0, a5
x10 <- 0x80002E10


mem[X,0x8000084C] -> 0x2023
mem[X,0x8000084E] -> 0x40B5
[536] [M]: 0x8000084C (0x40B52023) sw a1, 1024(a0)
mem[0x80003210] <- 0xFFFBFFFF


mem[X,0x80000850] -> 0x0013
mem[X,0x80000852] -> 0x0000
[537] [M]: 0x80000850 (0x00000013) addi zero, zero, 0


mem[X,0x80000854] -> 0x0013
mem[X,0x80000856] -> 0x0000
[538] [M]: 0x80000854 (0x00000013) addi zero, zero, 0


mem[X,0x80000858] -> 0x05B7
mem[X,0x8000085A] -> 0xFFF8
[539] [M]: 0x80000858 (0xFFF805B7) lui a1, 1048448
x11 <- 0xFFF80000


mem[X,0x8000085C] -> 0x8593
mem[X,0x8000085E] -> 0xFFF5
[540] [M]: 0x8000085C (0xFFF58593) addi a1, a1, 4095
x11 <- 0xFFF7FFFF


mem[X,0x80000860] -> 0x0513
mem[X,0x80000862] -> 0x0B46
[541] [M]: 0x80000860 (0x0B460513) addi a0, a2, 180
x10 <- 0x80003214


mem[X,0x80000864] -> 0x0793
mem[X,0x80000866] -> 0x0090
[542] [M]: 0x80000864 (0x00900793) addi a5, zero, 9
x15 <- 0x00000009


mem[X,0x80000868] -> 0x0533
mem[X,0x8000086A] -> 0x40F5
[543] [M]: 0x80000868 (0x40F50533) sub a0, a0, a5
x10 <- 0x8000320B


mem[X,0x8000086C] -> 0x24A3
mem[X,0x8000086E] -> 0x00B5
[544] [M]: 0x8000086C (0x00B524A3) sw a1, 9(a0)
mem[0x80003214] <- 0xFFF7FFFF


mem[X,0x80000870] -> 0x0013
mem[X,0x80000872] -> 0x0000
[545] [M]: 0x80000870 (0x00000013) addi zero, zero, 0


mem[X,0x80000874] -> 0x0013
mem[X,0x80000876] -> 0x0000
[546] [M]: 0x80000874 (0x00000013) addi zero, zero, 0


mem[X,0x80000878] -> 0x05B7
mem[X,0x8000087A] -> 0xFFF0
[547] [M]: 0x80000878 (0xFFF005B7) lui a1, 1048320
x11 <- 0xFFF00000


mem[X,0x8000087C] -> 0x8593
mem[X,0x8000087E] -> 0xFFF5
[548] [M]: 0x8000087C (0xFFF58593) addi a1, a1, 4095
x11 <- 0xFFEFFFFF


mem[X,0x80000880] -> 0x0513
mem[X,0x80000882] -> 0x0B86
[549] [M]: 0x80000880 (0x0B860513) addi a0, a2, 184
x10 <- 0x80003218


mem[X,0x80000884] -> 0x0793
mem[X,0x80000886] -> 0x0010
[550] [M]: 0x80000884 (0x00100793) addi a5, zero, 1
x15 <- 0x00000001


mem[X,0x80000888] -> 0x0533
mem[X,0x8000088A] -> 0x40F5
[551] [M]: 0x80000888 (0x40F50533) sub a0, a0, a5
x10 <- 0x80003217


mem[X,0x8000088C] -> 0x20A3
mem[X,0x8000088E] -> 0x00B5
[552] [M]: 0x8000088C (0x00B520A3) sw a1, 1(a0)
mem[0x80003218] <- 0xFFEFFFFF


mem[X,0x80000890] -> 0x0013
mem[X,0x80000892] -> 0x0000
[553] [M]: 0x80000890 (0x00000013) addi zero, zero, 0


mem[X,0x80000894] -> 0x0013
mem[X,0x80000896] -> 0x0000
[554] [M]: 0x80000894 (0x00000013) addi zero, zero, 0


mem[X,0x80000898] -> 0x05B7
mem[X,0x8000089A] -> 0xFFE0
[555] [M]: 0x80000898 (0xFFE005B7) lui a1, 1048064
x11 <- 0xFFE00000


mem[X,0x8000089C] -> 0x8593
mem[X,0x8000089E] -> 0xFFF5
[556] [M]: 0x8000089C (0xFFF58593) addi a1, a1, 4095
x11 <- 0xFFDFFFFF


mem[X,0x800008A0] -> 0x0513
mem[X,0x800008A2] -> 0x0BC6
[557] [M]: 0x800008A0 (0x0BC60513) addi a0, a2, 188
x10 <- 0x8000321C


mem[X,0x800008A4] -> 0x0793
mem[X,0x800008A6] -> 0x0200
[558] [M]: 0x800008A4 (0x02000793) addi a5, zero, 32
x15 <- 0x00000020


mem[X,0x800008A8] -> 0x0533
mem[X,0x800008AA] -> 0x40F5
[559] [M]: 0x800008A8 (0x40F50533) sub a0, a0, a5
x10 <- 0x800031FC


mem[X,0x800008AC] -> 0x2023
mem[X,0x800008AE] -> 0x02B5
[560] [M]: 0x800008AC (0x02B52023) sw a1, 32(a0)
mem[0x8000321C] <- 0xFFDFFFFF


mem[X,0x800008B0] -> 0x0013
mem[X,0x800008B2] -> 0x0000
[561] [M]: 0x800008B0 (0x00000013) addi zero, zero, 0


mem[X,0x800008B4] -> 0x0013
mem[X,0x800008B6] -> 0x0000
[562] [M]: 0x800008B4 (0x00000013) addi zero, zero, 0


mem[X,0x800008B8] -> 0x0593
mem[X,0x800008BA] -> 0x0010
[563] [M]: 0x800008B8 (0x00100593) addi a1, zero, 1
x11 <- 0x00000001


mem[X,0x800008BC] -> 0x0513
mem[X,0x800008BE] -> 0x0C06
[564] [M]: 0x800008BC (0x0C060513) addi a0, a2, 192
x10 <- 0x80003220


mem[X,0x800008C0] -> 0x0793
mem[X,0x800008C2] -> 0x5550
[565] [M]: 0x800008C0 (0x55500793) addi a5, zero, 1365
x15 <- 0x00000555


mem[X,0x800008C4] -> 0x0533
mem[X,0x800008C6] -> 0x40F5
[566] [M]: 0x800008C4 (0x40F50533) sub a0, a0, a5
x10 <- 0x80002CCB


mem[X,0x800008C8] -> 0x2AA3
mem[X,0x800008CA] -> 0x54B5
[567] [M]: 0x800008C8 (0x54B52AA3) sw a1, 1365(a0)
mem[0x80003220] <- 0x00000001


mem[X,0x800008CC] -> 0x0013
mem[X,0x800008CE] -> 0x0000
[568] [M]: 0x800008CC (0x00000013) addi zero, zero, 0


mem[X,0x800008D0] -> 0x0013
mem[X,0x800008D2] -> 0x0000
[569] [M]: 0x800008D0 (0x00000013) addi zero, zero, 0


mem[X,0x800008D4] -> 0x006F
mem[X,0x800008D6] -> 0x0200
[570] [M]: 0x800008D4 (0x0200006F) jal zero, 32


mem[X,0x800008F4] -> 0x0093
mem[X,0x800008F6] -> 0x0010
[571] [M]: 0x800008F4 (0x00100093) addi ra, zero, 1
x1 <- 0x00000001


mem[X,0x800008F8] -> 0x0F17
mem[X,0x800008FA] -> 0x0000
[572] [M]: 0x800008F8 (0x00000F17) auipc t5, 0
x30 <- 0x800008F8


mem[X,0x800008FC] -> 0x2423
mem[X,0x800008FE] -> 0x701F
[573] [M]: 0x800008FC (0x701F2423) sw ra, 1800(t5)
htif[0x80001000] <- 0x00000001


mem[X,0x80000900] -> 0xF06F
mem[X,0x80000902] -> 0xFF9F
[574] [M]: 0x80000900 (0xFF9FF06F) jal zero, 2097144


mem[X,0x800008F8] -> 0x0F17
mem[X,0x800008FA] -> 0x0000
[575] [M]: 0x800008F8 (0x00000F17) auipc t5, 0
x30 <- 0x800008F8


mem[X,0x800008FC] -> 0x2423
mem[X,0x800008FE] -> 0x701F
[576] [M]: 0x800008FC (0x701F2423) sw ra, 1800(t5)
htif[0x80001000] <- 0x00000001


mem[X,0x80000900] -> 0xF06F
mem[X,0x80000902] -> 0xFF9F
[577] [M]: 0x80000900 (0xFF9FF06F) jal zero, 2097144


mem[X,0x800008F8] -> 0x0F17
mem[X,0x800008FA] -> 0x0000
[578] [M]: 0x800008F8 (0x00000F17) auipc t5, 0
x30 <- 0x800008F8


mem[X,0x800008FC] -> 0x2423
mem[X,0x800008FE] -> 0x701F
[579] [M]: 0x800008FC (0x701F2423) sw ra, 1800(t5)
htif[0x80001000] <- 0x00000001
htif-syscall-proxy cmd: 0x000000000001

SUCCESS
