using /home/force/Desktop/work/compliance_testing/our_riscv/work/riscof_work/I/src/beq-01.S/ref/Reference-sail_c_simulator.signature for test-signature output.
[Sail] Allocating new block 0x80000000
tohost located at 0x80038000
[Sail] Allocating new block 0x0

Running file ref.elf.
ELF Entry @ 0x80000000
begin_signature: 0x8003a110
end_signature: 0x8003aa40
CSR mstatus <- 0x00000000 (input: 0x00000000)
mem[X,0x00001000] -> 0x0297
mem[X,0x00001002] -> 0x0000
[0] [M]: 0x00001000 (0x00000297) auipc t0, 0
x5 <- 0x00001000


mem[X,0x00001004] -> 0x8593
mem[X,0x00001006] -> 0x0202
[1] [M]: 0x00001004 (0x02028593) addi a1, t0, 32
x11 <- 0x00001020


mem[X,0x00001008] -> 0x2573
mem[X,0x0000100A] -> 0xF140
[2] [M]: 0x00001008 (0xF1402573) csrrs a0, mhartid, zero
CSR mhartid -> 0x00000000
x10 <- 0x00000000


mem[X,0x0000100C] -> 0xA283
mem[X,0x0000100E] -> 0x0182
[3] [M]: 0x0000100C (0x0182A283) lw t0, 24(t0)
mem[R,0x00001018] -> 0x80000000
x5 <- 0x80000000


mem[X,0x00001010] -> 0x8067
mem[X,0x00001012] -> 0x0002
[4] [M]: 0x00001010 (0x00028067) jalr zero, t0, 0


mem[X,0x80000000] -> 0xC0B7
mem[X,0x80000002] -> 0xFEED
[5] [M]: 0x80000000 (0xFEEDC0B7) lui ra, 1044188
x1 <- 0xFEEDC000


mem[X,0x80000004] -> 0x8093
mem[X,0x80000006] -> 0xEAD0
[6] [M]: 0x80000004 (0xEAD08093) addi ra, ra, 3757
x1 <- 0xFEEDBEAD


mem[X,0x80000008] -> 0xE137
mem[X,0x8000000A] -> 0xFF76
[7] [M]: 0x80000008 (0xFF76E137) lui sp, 1046382
x2 <- 0xFF76E000


mem[X,0x8000000C] -> 0x0113
mem[X,0x8000000E] -> 0xF561
[8] [M]: 0x8000000C (0xF5610113) addi sp, sp, 3926
x2 <- 0xFF76DF56


mem[X,0x80000010] -> 0x71B7
mem[X,0x80000012] -> 0x7FBB
[9] [M]: 0x80000010 (0x7FBB71B7) lui gp, 523191
x3 <- 0x7FBB7000


mem[X,0x80000014] -> 0x8193
mem[X,0x80000016] -> 0xFAB1
[10] [M]: 0x80000014 (0xFAB18193) addi gp, gp, 4011
x3 <- 0x7FBB6FAB


mem[X,0x80000018] -> 0xB237
mem[X,0x8000001A] -> 0xBFDD
[11] [M]: 0x80000018 (0xBFDDB237) lui tp, 785883
x4 <- 0xBFDDB000


mem[X,0x8000001C] -> 0x0213
mem[X,0x8000001E] -> 0x7D52
[12] [M]: 0x8000001C (0x7D520213) addi tp, tp, 2005
x4 <- 0xBFDDB7D5


mem[X,0x80000020] -> 0x0297
mem[X,0x80000022] -> 0x0000
[13] [M]: 0x80000020 (0x00000297) auipc t0, 0
x5 <- 0x80000020


mem[X,0x80000024] -> 0x8293
mem[X,0x80000026] -> 0x0882
[14] [M]: 0x80000024 (0x08828293) addi t0, t0, 136
x5 <- 0x800000A8


mem[X,0x80000028] -> 0x0013
mem[X,0x8000002A] -> 0x0000
[15] [M]: 0x80000028 (0x00000013) addi zero, zero, 0


mem[X,0x8000002C] -> 0x0013
mem[X,0x8000002E] -> 0x0000
[16] [M]: 0x8000002C (0x00000013) addi zero, zero, 0


mem[X,0x80000030] -> 0x0013
mem[X,0x80000032] -> 0x0000
[17] [M]: 0x80000030 (0x00000013) addi zero, zero, 0


mem[X,0x80000034] -> 0x0013
mem[X,0x80000036] -> 0x0000
[18] [M]: 0x80000034 (0x00000013) addi zero, zero, 0


mem[X,0x80000038] -> 0x0013
mem[X,0x8000003A] -> 0x0000
[19] [M]: 0x80000038 (0x00000013) addi zero, zero, 0


mem[X,0x8000003C] -> 0x0013
mem[X,0x8000003E] -> 0x0000
[20] [M]: 0x8000003C (0x00000013) addi zero, zero, 0


mem[X,0x80000040] -> 0x9317
mem[X,0x80000042] -> 0x0003
[21] [M]: 0x80000040 (0x00039317) auipc t1, 57
x6 <- 0x80039040


mem[X,0x80000044] -> 0x0313
mem[X,0x80000046] -> 0xFC03
[22] [M]: 0x80000044 (0xFC030313) addi t1, t1, 4032
x6 <- 0x80039000


mem[X,0x80000048] -> 0x0013
mem[X,0x8000004A] -> 0x0000
[23] [M]: 0x80000048 (0x00000013) addi zero, zero, 0


mem[X,0x8000004C] -> 0x0013
mem[X,0x8000004E] -> 0x0000
[24] [M]: 0x8000004C (0x00000013) addi zero, zero, 0


mem[X,0x80000050] -> 0x0013
mem[X,0x80000052] -> 0x0000
[25] [M]: 0x80000050 (0x00000013) addi zero, zero, 0


mem[X,0x80000054] -> 0x0013
mem[X,0x80000056] -> 0x0000
[26] [M]: 0x80000054 (0x00000013) addi zero, zero, 0


mem[X,0x80000058] -> 0x0013
mem[X,0x8000005A] -> 0x0000
[27] [M]: 0x80000058 (0x00000013) addi zero, zero, 0


mem[X,0x8000005C] -> 0x0013
mem[X,0x8000005E] -> 0x0000
[28] [M]: 0x8000005C (0x00000013) addi zero, zero, 0


mem[X,0x80000060] -> 0xB3B7
mem[X,0x80000062] -> 0xB7FB
[29] [M]: 0x80000060 (0xB7FBB3B7) lui t2, 753595
x7 <- 0xB7FBB000


mem[X,0x80000064] -> 0x8393
mem[X,0x80000066] -> 0x6FA3
[30] [M]: 0x80000064 (0x6FA38393) addi t2, t2, 1786
x7 <- 0xB7FBB6FA


mem[X,0x80000068] -> 0xE437
mem[X,0x8000006A] -> 0x5BFD
[31] [M]: 0x80000068 (0x5BFDE437) lui fp, 376798
x8 <- 0x5BFDE000


mem[X,0x8000006C] -> 0x0413
mem[X,0x8000006E] -> 0xB7D4
[32] [M]: 0x8000006C (0xB7D40413) addi fp, fp, 2941
x8 <- 0x5BFDDB7D


mem[X,0x80000070] -> 0xF4B7
mem[X,0x80000072] -> 0xADFE
[33] [M]: 0x80000070 (0xADFEF4B7) lui s1, 712687
x9 <- 0xADFEF000


mem[X,0x80000074] -> 0x8493
mem[X,0x80000076] -> 0xDBE4
[34] [M]: 0x80000074 (0xDBE48493) addi s1, s1, 3518
x9 <- 0xADFEEDBE


mem[X,0x80000078] -> 0x7537
mem[X,0x8000007A] -> 0x56FF
[35] [M]: 0x80000078 (0x56FF7537) lui a0, 356343
x10 <- 0x56FF7000


mem[X,0x8000007C] -> 0x0513
mem[X,0x8000007E] -> 0x6DF5
[36] [M]: 0x8000007C (0x6DF50513) addi a0, a0, 1759
x10 <- 0x56FF76DF


mem[X,0x80000080] -> 0xC5B7
mem[X,0x80000082] -> 0xAB7F
[37] [M]: 0x80000080 (0xAB7FC5B7) lui a1, 702460
x11 <- 0xAB7FC000


mem[X,0x80000084] -> 0x8593
mem[X,0x80000086] -> 0xB6F5
[38] [M]: 0x80000084 (0xB6F58593) addi a1, a1, 2927
x11 <- 0xAB7FBB6F


mem[X,0x80000088] -> 0xE637
mem[X,0x8000008A] -> 0xD5BF
[39] [M]: 0x80000088 (0xD5BFE637) lui a2, 875518
x12 <- 0xD5BFE000


mem[X,0x8000008C] -> 0x0613
mem[X,0x8000008E] -> 0xDB76
[40] [M]: 0x8000008C (0xDB760613) addi a2, a2, 3511
x12 <- 0xD5BFDDB7


mem[X,0x80000090] -> 0xF6B7
mem[X,0x80000092] -> 0xEADF
[41] [M]: 0x80000090 (0xEADFF6B7) lui a3, 962047
x13 <- 0xEADFF000


mem[X,0x80000094] -> 0x8693
mem[X,0x80000096] -> 0xEDB6
[42] [M]: 0x80000094 (0xEDB68693) addi a3, a3, 3803
x13 <- 0xEADFEEDB


mem[X,0x80000098] -> 0xF737
mem[X,0x8000009A] -> 0xF56F
[43] [M]: 0x80000098 (0xF56FF737) lui a4, 1005311
x14 <- 0xF56FF000


mem[X,0x8000009C] -> 0x0713
mem[X,0x8000009E] -> 0x76D7
[44] [M]: 0x8000009C (0x76D70713) addi a4, a4, 1901
x14 <- 0xF56FF76D


mem[X,0x800000A0] -> 0x07B7
mem[X,0x800000A2] -> 0xFAB8
[45] [M]: 0x800000A0 (0xFAB807B7) lui a5, 1026944
x15 <- 0xFAB80000


mem[X,0x800000A4] -> 0x8793
mem[X,0x800000A6] -> 0xBB67
[46] [M]: 0x800000A4 (0xBB678793) addi a5, a5, 2998
x15 <- 0xFAB7FBB6


mem[X,0x800000A8] -> 0x0013
mem[X,0x800000AA] -> 0x0000
[47] [M]: 0x800000A8 (0x00000013) addi zero, zero, 0


mem[X,0x800000AC] -> 0x0013
mem[X,0x800000AE] -> 0x0000
[48] [M]: 0x800000AC (0x00000013) addi zero, zero, 0


mem[X,0x800000B0] -> 0x0013
mem[X,0x800000B2] -> 0x0000
[49] [M]: 0x800000B0 (0x00000013) addi zero, zero, 0


mem[X,0x800000B4] -> 0x0013
mem[X,0x800000B6] -> 0x0000
[50] [M]: 0x800000B4 (0x00000013) addi zero, zero, 0


mem[X,0x800000B8] -> 0x0013
mem[X,0x800000BA] -> 0x0000
[51] [M]: 0x800000B8 (0x00000013) addi zero, zero, 0


mem[X,0x800000BC] -> 0x0013
mem[X,0x800000BE] -> 0x0000
[52] [M]: 0x800000BC (0x00000013) addi zero, zero, 0


mem[X,0x800000C0] -> 0xA297
mem[X,0x800000C2] -> 0x0003
[53] [M]: 0x800000C0 (0x0003A297) auipc t0, 58
x5 <- 0x8003A0C0


mem[X,0x800000C4] -> 0x8293
mem[X,0x800000C6] -> 0x0542
[54] [M]: 0x800000C4 (0x05428293) addi t0, t0, 84
x5 <- 0x8003A114


mem[X,0x800000C8] -> 0x0013
mem[X,0x800000CA] -> 0x0000
[55] [M]: 0x800000C8 (0x00000013) addi zero, zero, 0


mem[X,0x800000CC] -> 0x0013
mem[X,0x800000CE] -> 0x0000
[56] [M]: 0x800000CC (0x00000013) addi zero, zero, 0


mem[X,0x800000D0] -> 0x0013
mem[X,0x800000D2] -> 0x0000
[57] [M]: 0x800000D0 (0x00000013) addi zero, zero, 0


mem[X,0x800000D4] -> 0x0013
mem[X,0x800000D6] -> 0x0000
[58] [M]: 0x800000D4 (0x00000013) addi zero, zero, 0


mem[X,0x800000D8] -> 0x0013
mem[X,0x800000DA] -> 0x0000
[59] [M]: 0x800000D8 (0x00000013) addi zero, zero, 0


mem[X,0x800000DC] -> 0x0013
mem[X,0x800000DE] -> 0x0000
[60] [M]: 0x800000DC (0x00000013) addi zero, zero, 0


mem[X,0x800000E0] -> 0x59B7
mem[X,0x800000E2] -> 0x5555
[61] [M]: 0x800000E0 (0x555559B7) lui s3, 349525
x19 <- 0x55555000


mem[X,0x800000E4] -> 0x8993
mem[X,0x800000E6] -> 0x5559
[62] [M]: 0x800000E4 (0x55598993) addi s3, s3, 1365
x19 <- 0x55555555


mem[X,0x800000E8] -> 0x59B7
mem[X,0x800000EA] -> 0x5555
[63] [M]: 0x800000E8 (0x555559B7) lui s3, 349525
x19 <- 0x55555000


mem[X,0x800000EC] -> 0x8993
mem[X,0x800000EE] -> 0x5559
[64] [M]: 0x800000EC (0x55598993) addi s3, s3, 1365
x19 <- 0x55555555


mem[X,0x800000F0] -> 0x0593
mem[X,0x800000F2] -> 0x0000
[65] [M]: 0x800000F0 (0x00000593) addi a1, zero, 0
x11 <- 0x00000000


mem[X,0x800000F4] -> 0x006F
mem[X,0x800000F6] -> 0x0050
[66] [M]: 0x800000F4 (0x0050006F) jal zero, 2052


mem[X,0x800008F8] -> 0x80E3
mem[X,0x800008FA] -> 0x8139
[67] [M]: 0x800008F8 (0x813980E3) beq s3, s3, 6144


mem[X,0x800000F8] -> 0x8593
mem[X,0x800000FA] -> 0x0015
[68] [M]: 0x800000F8 (0x00158593) addi a1, a1, 1
x11 <- 0x00000001


mem[X,0x800000FC] -> 0x006F
mem[X,0x800000FE] -> 0x0110
[69] [M]: 0x800000FC (0x0110006F) jal zero, 2064


mem[X,0x8000090C] -> 0xA023
mem[X,0x8000090E] -> 0x00B2
[70] [M]: 0x8000090C (0x00B2A023) sw a1, 0(t0)
mem[0x8003A114] <- 0x00000001


mem[X,0x80000910] -> 0x0013
mem[X,0x80000912] -> 0x0000
[71] [M]: 0x80000910 (0x00000013) addi zero, zero, 0


mem[X,0x80000914] -> 0x5737
mem[X,0x80000916] -> 0xFFFF
[72] [M]: 0x80000914 (0xFFFF5737) lui a4, 1048565
x14 <- 0xFFFF5000


mem[X,0x80000918] -> 0x0713
mem[X,0x8000091A] -> 0xAFC7
[73] [M]: 0x80000918 (0xAFC70713) addi a4, a4, 2812
x14 <- 0xFFFF4AFC


mem[X,0x8000091C] -> 0x0593
mem[X,0x8000091E] -> 0x0000
[74] [M]: 0x8000091C (0x00000593) addi a1, zero, 0
x11 <- 0x00000000


mem[X,0x80000920] -> 0x006F
mem[X,0x80000922] -> 0x00C0
[75] [M]: 0x80000920 (0x00C0006F) jal zero, 12


mem[X,0x8000092C] -> 0x0063
mem[X,0x8000092E] -> 0x02E0
[76] [M]: 0x8000092C (0x02E00063) beq zero, a4, 32


mem[X,0x80000930] -> 0x8593
mem[X,0x80000932] -> 0x0025
[77] [M]: 0x80000930 (0x00258593) addi a1, a1, 2
x11 <- 0x00000002


mem[X,0x80000934] -> 0x006F
mem[X,0x80000936] -> 0x0200
[78] [M]: 0x80000934 (0x0200006F) jal zero, 32


mem[X,0x80000954] -> 0xA223
mem[X,0x80000956] -> 0x00B2
[79] [M]: 0x80000954 (0x00B2A223) sw a1, 4(t0)
mem[0x8003A118] <- 0x00000002


mem[X,0x80000958] -> 0x0C37
mem[X,0x8000095A] -> 0xFFFE
[80] [M]: 0x80000958 (0xFFFE0C37) lui s8, 1048544
x24 <- 0xFFFE0000


mem[X,0x8000095C] -> 0x0C13
mem[X,0x8000095E] -> 0xFFFC
[81] [M]: 0x8000095C (0xFFFC0C13) addi s8, s8, 4095
x24 <- 0xFFFDFFFF


mem[X,0x80000960] -> 0x0113
mem[X,0x80000962] -> 0xBFF0
[82] [M]: 0x80000960 (0xBFF00113) addi sp, zero, 3071
x2 <- 0xFFFFFBFF


mem[X,0x80000964] -> 0x0593
mem[X,0x80000966] -> 0x0000
[83] [M]: 0x80000964 (0x00000593) addi a1, zero, 0
x11 <- 0x00000000


mem[X,0x80000968] -> 0x006F
mem[X,0x8000096A] -> 0x00C0
[84] [M]: 0x80000968 (0x00C0006F) jal zero, 12


mem[X,0x80000974] -> 0x0663
mem[X,0x80000976] -> 0x002C
[85] [M]: 0x80000974 (0x002C0663) beq s8, sp, 12


mem[X,0x80000978] -> 0x8593
mem[X,0x8000097A] -> 0x0025
[86] [M]: 0x80000978 (0x00258593) addi a1, a1, 2
x11 <- 0x00000002


mem[X,0x8000097C] -> 0x006F
mem[X,0x8000097E] -> 0x00C0
[87] [M]: 0x8000097C (0x00C0006F) jal zero, 12


mem[X,0x80000988] -> 0xA423
mem[X,0x8000098A] -> 0x00B2
[88] [M]: 0x80000988 (0x00B2A423) sw a1, 8(t0)
mem[0x8003A11C] <- 0x00000002


mem[X,0x8000098C] -> 0xF437
mem[X,0x8000098E] -> 0xFFFF
[89] [M]: 0x8000098C (0xFFFFF437) lui fp, 1048575
x8 <- 0xFFFFF000


mem[X,0x80000990] -> 0x0413
mem[X,0x80000992] -> 0xFFF4
[90] [M]: 0x80000990 (0xFFF40413) addi fp, fp, 4095
x8 <- 0xFFFFEFFF


mem[X,0x80000994] -> 0x0237
mem[X,0x80000996] -> 0x0002
[91] [M]: 0x80000994 (0x00020237) lui tp, 32
x4 <- 0x00020000


mem[X,0x80000998] -> 0x0593
mem[X,0x8000099A] -> 0x0000
[92] [M]: 0x80000998 (0x00000593) addi a1, zero, 0
x11 <- 0x00000000


mem[X,0x8000099C] -> 0x006F
mem[X,0x8000099E] -> 0x00C0
[93] [M]: 0x8000099C (0x00C0006F) jal zero, 12


mem[X,0x800009A8] -> 0x0663
mem[X,0x800009AA] -> 0x0044
[94] [M]: 0x800009A8 (0x00440663) beq fp, tp, 12


mem[X,0x800009AC] -> 0x8593
mem[X,0x800009AE] -> 0x0025
[95] [M]: 0x800009AC (0x00258593) addi a1, a1, 2
x11 <- 0x00000002


mem[X,0x800009B0] -> 0x006F
mem[X,0x800009B2] -> 0x00C0
[96] [M]: 0x800009B0 (0x00C0006F) jal zero, 12


mem[X,0x800009BC] -> 0xA623
mem[X,0x800009BE] -> 0x00B2
[97] [M]: 0x800009BC (0x00B2A623) sw a1, 12(t0)
mem[0x8003A120] <- 0x00000002


mem[X,0x800009C0] -> 0x0113
mem[X,0x800009C2] -> 0xDFF0
[98] [M]: 0x800009C0 (0xDFF00113) addi sp, zero, 3583
x2 <- 0xFFFFFDFF


mem[X,0x800009C4] -> 0x0F13
mem[X,0x800009C6] -> 0xDFF0
[99] [M]: 0x800009C4 (0xDFF00F13) addi t5, zero, 3583
x30 <- 0xFFFFFDFF


clint::tick mtime <- 0x0000000000000001
 clint timer pending at mtime 0x0000000000000001
htif::tick 0x0000000000000000
mem[X,0x800009C8] -> 0x0593
mem[X,0x800009CA] -> 0x0000
[100] [M]: 0x800009C8 (0x00000593) addi a1, zero, 0
x11 <- 0x00000000


mem[X,0x800009CC] -> 0x006F
mem[X,0x800009CE] -> 0x00C0
[101] [M]: 0x800009CC (0x00C0006F) jal zero, 12


mem[X,0x800009D8] -> 0x0063
mem[X,0x800009DA] -> 0x11E1
[102] [M]: 0x800009D8 (0x11E10063) beq sp, t5, 256


mem[X,0x80000AD8] -> 0x8593
mem[X,0x80000ADA] -> 0x0035
[103] [M]: 0x80000AD8 (0x00358593) addi a1, a1, 3
x11 <- 0x00000003


mem[X,0x80000ADC] -> 0x006F
mem[X,0x80000ADE] -> 0x0040
[104] [M]: 0x80000ADC (0x0040006F) jal zero, 4


mem[X,0x80000AE0] -> 0xA823
mem[X,0x80000AE2] -> 0x00B2
[105] [M]: 0x80000AE0 (0x00B2A823) sw a1, 16(t0)
mem[0x8003A124] <- 0x00000003


mem[X,0x80000AE4] -> 0x0A13
mem[X,0x80000AE6] -> 0x0800
[106] [M]: 0x80000AE4 (0x08000A13) addi s4, zero, 128
x20 <- 0x00000080


mem[X,0x80000AE8] -> 0x0C93
mem[X,0x80000AEA] -> 0x0800
[107] [M]: 0x80000AE8 (0x08000C93) addi s9, zero, 128
x25 <- 0x00000080


mem[X,0x80000AEC] -> 0x0593
mem[X,0x80000AEE] -> 0x0000
[108] [M]: 0x80000AEC (0x00000593) addi a1, zero, 0
x11 <- 0x00000000


mem[X,0x80000AF0] -> 0x006F
mem[X,0x80000AF2] -> 0x0140
[109] [M]: 0x80000AF0 (0x0140006F) jal zero, 20


mem[X,0x80000B04] -> 0x08E3
mem[X,0x80000B06] -> 0xFF9A
[110] [M]: 0x80000B04 (0xFF9A08E3) beq s4, s9, 8176


mem[X,0x80000AF4] -> 0x8593
mem[X,0x80000AF6] -> 0x0015
[111] [M]: 0x80000AF4 (0x00158593) addi a1, a1, 1
x11 <- 0x00000001


mem[X,0x80000AF8] -> 0x006F
mem[X,0x80000AFA] -> 0x0200
[112] [M]: 0x80000AF8 (0x0200006F) jal zero, 32


mem[X,0x80000B18] -> 0xAA23
mem[X,0x80000B1A] -> 0x00B2
[113] [M]: 0x80000B18 (0x00B2AA23) sw a1, 20(t0)
mem[0x8003A128] <- 0x00000001


mem[X,0x80000B1C] -> 0x0D37
mem[X,0x80000B1E] -> 0xFFC0
[114] [M]: 0x80000B1C (0xFFC00D37) lui s10, 1047552
x26 <- 0xFFC00000


mem[X,0x80000B20] -> 0x0D13
mem[X,0x80000B22] -> 0xFFFD
[115] [M]: 0x80000B20 (0xFFFD0D13) addi s10, s10, 4095
x26 <- 0xFFBFFFFF


mem[X,0x80000B24] -> 0x27B7
mem[X,0x80000B26] -> 0x0000
[116] [M]: 0x80000B24 (0x000027B7) lui a5, 2
x15 <- 0x00002000


mem[X,0x80000B28] -> 0x0593
mem[X,0x80000B2A] -> 0x0000
[117] [M]: 0x80000B28 (0x00000593) addi a1, zero, 0
x11 <- 0x00000000


mem[X,0x80000B2C] -> 0x006F
mem[X,0x80000B2E] -> 0x0140
[118] [M]: 0x80000B2C (0x0140006F) jal zero, 20


mem[X,0x80000B40] -> 0x08E3
mem[X,0x80000B42] -> 0xFEFD
[119] [M]: 0x80000B40 (0xFEFD08E3) beq s10, a5, 8176


mem[X,0x80000B44] -> 0x8593
mem[X,0x80000B46] -> 0x0025
[120] [M]: 0x80000B44 (0x00258593) addi a1, a1, 2
x11 <- 0x00000002


mem[X,0x80000B48] -> 0x006F
mem[X,0x80000B4A] -> 0x00C0
[121] [M]: 0x80000B48 (0x00C0006F) jal zero, 12


mem[X,0x80000B54] -> 0xAC23
mem[X,0x80000B56] -> 0x00B2
[122] [M]: 0x80000B54 (0x00B2AC23) sw a1, 24(t0)
mem[0x8003A12C] <- 0x00000002


mem[X,0x80000B58] -> 0x0B13
mem[X,0x80000B5A] -> 0x0050
[123] [M]: 0x80000B58 (0x00500B13) addi s6, zero, 5
x22 <- 0x00000005


mem[X,0x80000B5C] -> 0x0493
mem[X,0x80000B5E] -> 0x0010
[124] [M]: 0x80000B5C (0x00100493) addi s1, zero, 1
x9 <- 0x00000001


mem[X,0x80000B60] -> 0x0593
mem[X,0x80000B62] -> 0x0000
[125] [M]: 0x80000B60 (0x00000593) addi a1, zero, 0
x11 <- 0x00000000


mem[X,0x80000B64] -> 0x006F
mem[X,0x80000B66] -> 0x00C0
[126] [M]: 0x80000B64 (0x00C0006F) jal zero, 12


mem[X,0x80000B70] -> 0x0CE3
mem[X,0x80000B72] -> 0xFE9B
[127] [M]: 0x80000B70 (0xFE9B0CE3) beq s6, s1, 8184


mem[X,0x80000B74] -> 0x8593
mem[X,0x80000B76] -> 0x0025
[128] [M]: 0x80000B74 (0x00258593) addi a1, a1, 2
x11 <- 0x00000002


mem[X,0x80000B78] -> 0x006F
mem[X,0x80000B7A] -> 0x00C0
[129] [M]: 0x80000B78 (0x00C0006F) jal zero, 12


mem[X,0x80000B84] -> 0xAE23
mem[X,0x80000B86] -> 0x00B2
[130] [M]: 0x80000B84 (0x00B2AE23) sw a1, 28(t0)
mem[0x8003A130] <- 0x00000002


mem[X,0x80000B88] -> 0x3AB7
mem[X,0x80000B8A] -> 0x3333
[131] [M]: 0x80000B88 (0x33333AB7) lui s5, 209715
x21 <- 0x33333000


mem[X,0x80000B8C] -> 0x8A93
mem[X,0x80000B8E] -> 0x333A
[132] [M]: 0x80000B8C (0x333A8A93) addi s5, s5, 819
x21 <- 0x33333333


mem[X,0x80000B90] -> 0x0513
mem[X,0x80000B92] -> 0x0020
[133] [M]: 0x80000B90 (0x00200513) addi a0, zero, 2
x10 <- 0x00000002


mem[X,0x80000B94] -> 0x0593
mem[X,0x80000B96] -> 0x0000
[134] [M]: 0x80000B94 (0x00000593) addi a1, zero, 0
x11 <- 0x00000000


mem[X,0x80000B98] -> 0x006F
mem[X,0x80000B9A] -> 0x00C0
[135] [M]: 0x80000B98 (0x00C0006F) jal zero, 12


mem[X,0x80000BA4] -> 0x8063
mem[X,0x80000BA6] -> 0x04AA
[136] [M]: 0x80000BA4 (0x04AA8063) beq s5, a0, 64


mem[X,0x80000BA8] -> 0x8593
mem[X,0x80000BAA] -> 0x0025
[137] [M]: 0x80000BA8 (0x00258593) addi a1, a1, 2
x11 <- 0x00000002


mem[X,0x80000BAC] -> 0x006F
mem[X,0x80000BAE] -> 0x0400
[138] [M]: 0x80000BAC (0x0400006F) jal zero, 64


mem[X,0x80000BEC] -> 0xA023
mem[X,0x80000BEE] -> 0x02B2
[139] [M]: 0x80000BEC (0x02B2A023) sw a1, 32(t0)
mem[0x8003A134] <- 0x00000002


mem[X,0x80000BF0] -> 0x0F13
mem[X,0x80000BF2] -> 0x0060
[140] [M]: 0x80000BF0 (0x00600F13) addi t5, zero, 6
x30 <- 0x00000006


mem[X,0x80000BF4] -> 0x0B93
mem[X,0x80000BF6] -> 0x0040
[141] [M]: 0x80000BF4 (0x00400B93) addi s7, zero, 4
x23 <- 0x00000004


mem[X,0x80000BF8] -> 0x0593
mem[X,0x80000BFA] -> 0x0000
[142] [M]: 0x80000BF8 (0x00000593) addi a1, zero, 0
x11 <- 0x00000000


mem[X,0x80000BFC] -> 0x006F
mem[X,0x80000BFE] -> 0x00C0
[143] [M]: 0x80000BFC (0x00C0006F) jal zero, 12


mem[X,0x80000C08] -> 0x0063
mem[X,0x80000C0A] -> 0x057F
[144] [M]: 0x80000C08 (0x057F0063) beq t5, s7, 64


mem[X,0x80000C0C] -> 0x8593
mem[X,0x80000C0E] -> 0x0025
[145] [M]: 0x80000C0C (0x00258593) addi a1, a1, 2
x11 <- 0x00000002


mem[X,0x80000C10] -> 0x006F
mem[X,0x80000C12] -> 0x0400
[146] [M]: 0x80000C10 (0x0400006F) jal zero, 64


mem[X,0x80000C50] -> 0xA223
mem[X,0x80000C52] -> 0x02B2
[147] [M]: 0x80000C50 (0x02B2A223) sw a1, 36(t0)
mem[0x8003A138] <- 0x00000002


mem[X,0x80000C54] -> 0xF1B7
mem[X,0x80000C56] -> 0xFFFF
[148] [M]: 0x80000C54 (0xFFFFF1B7) lui gp, 1048575
x3 <- 0xFFFFF000


mem[X,0x80000C58] -> 0x8193
mem[X,0x80000C5A] -> 0xFFF1
[149] [M]: 0x80000C58 (0xFFF18193) addi gp, gp, 4095
x3 <- 0xFFFFEFFF


mem[X,0x80000C5C] -> 0x0893
mem[X,0x80000C5E] -> 0x0080
[150] [M]: 0x80000C5C (0x00800893) addi a7, zero, 8
x17 <- 0x00000008


mem[X,0x80000C60] -> 0x0593
mem[X,0x80000C62] -> 0x0000
[151] [M]: 0x80000C60 (0x00000593) addi a1, zero, 0
x11 <- 0x00000000


mem[X,0x80000C64] -> 0x006F
mem[X,0x80000C66] -> 0x00C0
[152] [M]: 0x80000C64 (0x00C0006F) jal zero, 12


mem[X,0x80000C70] -> 0x8CE3
mem[X,0x80000C72] -> 0xFF11
[153] [M]: 0x80000C70 (0xFF118CE3) beq gp, a7, 8184


mem[X,0x80000C74] -> 0x8593
mem[X,0x80000C76] -> 0x0025
[154] [M]: 0x80000C74 (0x00258593) addi a1, a1, 2
x11 <- 0x00000002


mem[X,0x80000C78] -> 0x006F
mem[X,0x80000C7A] -> 0x00C0
[155] [M]: 0x80000C78 (0x00C0006F) jal zero, 12


mem[X,0x80000C84] -> 0xA423
mem[X,0x80000C86] -> 0x02B2
[156] [M]: 0x80000C84 (0x02B2A423) sw a1, 40(t0)
mem[0x8003A13C] <- 0x00000002


mem[X,0x80000C88] -> 0x0E93
mem[X,0x80000C8A] -> 0x0060
[157] [M]: 0x80000C88 (0x00600E93) addi t4, zero, 6
x29 <- 0x00000006


mem[X,0x80000C8C] -> 0x0E13
mem[X,0x80000C8E] -> 0x0100
[158] [M]: 0x80000C8C (0x01000E13) addi t3, zero, 16
x28 <- 0x00000010


mem[X,0x80000C90] -> 0x0593
mem[X,0x80000C92] -> 0x0000
[159] [M]: 0x80000C90 (0x00000593) addi a1, zero, 0
x11 <- 0x00000000


mem[X,0x80000C94] -> 0x006F
mem[X,0x80000C96] -> 0x00C0
[160] [M]: 0x80000C94 (0x00C0006F) jal zero, 12


mem[X,0x80000CA0] -> 0x8663
mem[X,0x80000CA2] -> 0x01CE
[161] [M]: 0x80000CA0 (0x01CE8663) beq t4, t3, 12


mem[X,0x80000CA4] -> 0x8593
mem[X,0x80000CA6] -> 0x0025
[162] [M]: 0x80000CA4 (0x00258593) addi a1, a1, 2
x11 <- 0x00000002


mem[X,0x80000CA8] -> 0x006F
mem[X,0x80000CAA] -> 0x00C0
[163] [M]: 0x80000CA8 (0x00C0006F) jal zero, 12


mem[X,0x80000CB4] -> 0xA623
mem[X,0x80000CB6] -> 0x02B2
[164] [M]: 0x80000CB4 (0x02B2A623) sw a1, 44(t0)
mem[0x8003A140] <- 0x00000002


mem[X,0x80000CB8] -> 0xE837
mem[X,0x80000CBA] -> 0xFFFF
[165] [M]: 0x80000CB8 (0xFFFFE837) lui a6, 1048574
x16 <- 0xFFFFE000


mem[X,0x80000CBC] -> 0x0813
mem[X,0x80000CBE] -> 0xFFF8
[166] [M]: 0x80000CBC (0xFFF80813) addi a6, a6, 4095
x16 <- 0xFFFFDFFF


mem[X,0x80000CC0] -> 0x0913
mem[X,0x80000CC2] -> 0x0200
[167] [M]: 0x80000CC0 (0x02000913) addi s2, zero, 32
x18 <- 0x00000020


mem[X,0x80000CC4] -> 0x0593
mem[X,0x80000CC6] -> 0x0000
[168] [M]: 0x80000CC4 (0x00000593) addi a1, zero, 0
x11 <- 0x00000000


mem[X,0x80000CC8] -> 0x006F
mem[X,0x80000CCA] -> 0x0050
[169] [M]: 0x80000CC8 (0x0050006F) jal zero, 2052


mem[X,0x800014CC] -> 0x00E3
mem[X,0x800014CE] -> 0x8128
[170] [M]: 0x800014CC (0x812800E3) beq a6, s2, 6144


mem[X,0x800014D0] -> 0x8593
mem[X,0x800014D2] -> 0x0025
[171] [M]: 0x800014D0 (0x00258593) addi a1, a1, 2
x11 <- 0x00000002


mem[X,0x800014D4] -> 0x006F
mem[X,0x800014D6] -> 0x00C0
[172] [M]: 0x800014D4 (0x00C0006F) jal zero, 12


mem[X,0x800014E0] -> 0xA823
mem[X,0x800014E2] -> 0x02B2
[173] [M]: 0x800014E0 (0x02B2A823) sw a1, 48(t0)
mem[0x8003A144] <- 0x00000002


mem[X,0x800014E4] -> 0x0793
mem[X,0x800014E6] -> 0x2000
[174] [M]: 0x800014E4 (0x20000793) addi a5, zero, 512
x15 <- 0x00000200


mem[X,0x800014E8] -> 0x0C13
mem[X,0x800014EA] -> 0x0400
[175] [M]: 0x800014E8 (0x04000C13) addi s8, zero, 64
x24 <- 0x00000040


mem[X,0x800014EC] -> 0x0593
mem[X,0x800014EE] -> 0x0000
[176] [M]: 0x800014EC (0x00000593) addi a1, zero, 0
x11 <- 0x00000000


mem[X,0x800014F0] -> 0x006F
mem[X,0x800014F2] -> 0x00C0
[177] [M]: 0x800014F0 (0x00C0006F) jal zero, 12


mem[X,0x800014FC] -> 0x8063
mem[X,0x800014FE] -> 0x1187
[178] [M]: 0x800014FC (0x11878063) beq a5, s8, 256


mem[X,0x80001500] -> 0x8593
mem[X,0x80001502] -> 0x0025
[179] [M]: 0x80001500 (0x00258593) addi a1, a1, 2
x11 <- 0x00000002


mem[X,0x80001504] -> 0x006F
mem[X,0x80001506] -> 0x1000
[180] [M]: 0x80001504 (0x1000006F) jal zero, 256


mem[X,0x80001604] -> 0xAA23
mem[X,0x80001606] -> 0x02B2
[181] [M]: 0x80001604 (0x02B2AA23) sw a1, 52(t0)
mem[0x8003A148] <- 0x00000002


mem[X,0x80001608] -> 0x0893
mem[X,0x8000160A] -> 0x0000
[182] [M]: 0x80001608 (0x00000893) addi a7, zero, 0
x17 <- 0x00000000


mem[X,0x8000160C] -> 0x0313
mem[X,0x8000160E] -> 0x1000
[183] [M]: 0x8000160C (0x10000313) addi t1, zero, 256
x6 <- 0x00000100


mem[X,0x80001610] -> 0x0593
mem[X,0x80001612] -> 0x0000
[184] [M]: 0x80001610 (0x00000593) addi a1, zero, 0
x11 <- 0x00000000


mem[X,0x80001614] -> 0x006F
mem[X,0x80001616] -> 0x00C0
[185] [M]: 0x80001614 (0x00C0006F) jal zero, 12


mem[X,0x80001620] -> 0x8863
mem[X,0x80001622] -> 0x0068
[186] [M]: 0x80001620 (0x00688863) beq a7, t1, 16


mem[X,0x80001624] -> 0x8593
mem[X,0x80001626] -> 0x0025
[187] [M]: 0x80001624 (0x00258593) addi a1, a1, 2
x11 <- 0x00000002


mem[X,0x80001628] -> 0x006F
mem[X,0x8000162A] -> 0x0100
[188] [M]: 0x80001628 (0x0100006F) jal zero, 16


mem[X,0x80001638] -> 0xAC23
mem[X,0x8000163A] -> 0x02B2
[189] [M]: 0x80001638 (0x02B2AC23) sw a1, 56(t0)
mem[0x8003A14C] <- 0x00000002


mem[X,0x8000163C] -> 0x23B7
mem[X,0x8000163E] -> 0x0000
[190] [M]: 0x8000163C (0x000023B7) lui t2, 2
x7 <- 0x00002000


mem[X,0x80001640] -> 0x0613
mem[X,0x80001642] -> 0x2000
[191] [M]: 0x80001640 (0x20000613) addi a2, zero, 512
x12 <- 0x00000200


mem[X,0x80001644] -> 0x0593
mem[X,0x80001646] -> 0x0000
[192] [M]: 0x80001644 (0x00000593) addi a1, zero, 0
x11 <- 0x00000000


mem[X,0x80001648] -> 0x006F
mem[X,0x8000164A] -> 0x0180
[193] [M]: 0x80001648 (0x0180006F) jal zero, 24


mem[X,0x80001660] -> 0x86E3
mem[X,0x80001662] -> 0xFEC3
[194] [M]: 0x80001660 (0xFEC386E3) beq t2, a2, 8172


mem[X,0x80001664] -> 0x8593
mem[X,0x80001666] -> 0x0025
[195] [M]: 0x80001664 (0x00258593) addi a1, a1, 2
x11 <- 0x00000002


mem[X,0x80001668] -> 0x006F
mem[X,0x8000166A] -> 0x00C0
[196] [M]: 0x80001668 (0x00C0006F) jal zero, 12


mem[X,0x80001674] -> 0xAE23
mem[X,0x80001676] -> 0x02B2
[197] [M]: 0x80001674 (0x02B2AE23) sw a1, 60(t0)
mem[0x8003A150] <- 0x00000002


mem[X,0x80001678] -> 0x0C93
mem[X,0x8000167A] -> 0x0060
[198] [M]: 0x80001678 (0x00600C93) addi s9, zero, 6
x25 <- 0x00000006


mem[X,0x8000167C] -> 0x0813
mem[X,0x8000167E] -> 0x4000
[199] [M]: 0x8000167C (0x40000813) addi a6, zero, 1024
x16 <- 0x00000400


clint::tick mtime <- 0x0000000000000002
 clint timer pending at mtime 0x0000000000000002
htif::tick 0x0000000000000000
mem[X,0x80001680] -> 0x0593
mem[X,0x80001682] -> 0x0000
[200] [M]: 0x80001680 (0x00000593) addi a1, zero, 0
x11 <- 0x00000000


mem[X,0x80001684] -> 0x006F
mem[X,0x80001686] -> 0x00C0
[201] [M]: 0x80001684 (0x00C0006F) jal zero, 12


mem[X,0x80001690] -> 0x8063
mem[X,0x80001692] -> 0x090C
[202] [M]: 0x80001690 (0x090C8063) beq s9, a6, 128


mem[X,0x80001694] -> 0x8593
mem[X,0x80001696] -> 0x0025
[203] [M]: 0x80001694 (0x00258593) addi a1, a1, 2
x11 <- 0x00000002


mem[X,0x80001698] -> 0x006F
mem[X,0x8000169A] -> 0x0800
[204] [M]: 0x80001698 (0x0800006F) jal zero, 128


mem[X,0x80001718] -> 0xA023
mem[X,0x8000171A] -> 0x04B2
[205] [M]: 0x80001718 (0x04B2A023) sw a1, 64(t0)
mem[0x8003A154] <- 0x00000002


mem[X,0x8000171C] -> 0x0E13
mem[X,0x8000171E] -> 0x0040
[206] [M]: 0x8000171C (0x00400E13) addi t3, zero, 4
x28 <- 0x00000004


mem[X,0x80001720] -> 0x10B7
mem[X,0x80001722] -> 0x0000
[207] [M]: 0x80001720 (0x000010B7) lui ra, 1
x1 <- 0x00001000


mem[X,0x80001724] -> 0x8093
mem[X,0x80001726] -> 0x8000
[208] [M]: 0x80001724 (0x80008093) addi ra, ra, 2048
x1 <- 0x00000800


mem[X,0x80001728] -> 0x0593
mem[X,0x8000172A] -> 0x0000
[209] [M]: 0x80001728 (0x00000593) addi a1, zero, 0
x11 <- 0x00000000


mem[X,0x8000172C] -> 0x006F
mem[X,0x8000172E] -> 0x0100
[210] [M]: 0x8000172C (0x0100006F) jal zero, 16


mem[X,0x8000173C] -> 0x0AE3
mem[X,0x8000173E] -> 0xFE1E
[211] [M]: 0x8000173C (0xFE1E0AE3) beq t3, ra, 8180


mem[X,0x80001740] -> 0x8593
mem[X,0x80001742] -> 0x0025
[212] [M]: 0x80001740 (0x00258593) addi a1, a1, 2
x11 <- 0x00000002


mem[X,0x80001744] -> 0x006F
mem[X,0x80001746] -> 0x00C0
[213] [M]: 0x80001744 (0x00C0006F) jal zero, 12


mem[X,0x80001750] -> 0xA223
mem[X,0x80001752] -> 0x04B2
[214] [M]: 0x80001750 (0x04B2A223) sw a1, 68(t0)
mem[0x8003A158] <- 0x00000002


mem[X,0x80001754] -> 0x00B7
mem[X,0x80001756] -> 0xF800
[215] [M]: 0x80001754 (0xF80000B7) lui ra, 1015808
x1 <- 0xF8000000


mem[X,0x80001758] -> 0x8093
mem[X,0x8000175A] -> 0xFFF0
[216] [M]: 0x80001758 (0xFFF08093) addi ra, ra, 4095
x1 <- 0xF7FFFFFF


mem[X,0x8000175C] -> 0x1FB7
mem[X,0x8000175E] -> 0x0000
[217] [M]: 0x8000175C (0x00001FB7) lui t6, 1
x31 <- 0x00001000


mem[X,0x80001760] -> 0x0593
mem[X,0x80001762] -> 0x0000
[218] [M]: 0x80001760 (0x00000593) addi a1, zero, 0
x11 <- 0x00000000


mem[X,0x80001764] -> 0x006F
mem[X,0x80001766] -> 0x00C0
[219] [M]: 0x80001764 (0x00C0006F) jal zero, 12


mem[X,0x80001770] -> 0x8CE3
mem[X,0x80001772] -> 0xFFF0
[220] [M]: 0x80001770 (0xFFF08CE3) beq ra, t6, 8184


mem[X,0x80001774] -> 0x8593
mem[X,0x80001776] -> 0x0025
[221] [M]: 0x80001774 (0x00258593) addi a1, a1, 2
x11 <- 0x00000002


mem[X,0x80001778] -> 0x006F
mem[X,0x8000177A] -> 0x00C0
[222] [M]: 0x80001778 (0x00C0006F) jal zero, 12


mem[X,0x80001784] -> 0xA423
mem[X,0x80001786] -> 0x04B2
[223] [M]: 0x80001784 (0x04B2A423) sw a1, 72(t0)
mem[0x8003A15C] <- 0x00000002


mem[X,0x80001788] -> 0x0213
mem[X,0x8000178A] -> 0xDFF0
[224] [M]: 0x80001788 (0xDFF00213) addi tp, zero, 3583
x4 <- 0xFFFFFDFF


mem[X,0x8000178C] -> 0x4B37
mem[X,0x8000178E] -> 0x0000
[225] [M]: 0x8000178C (0x00004B37) lui s6, 4
x22 <- 0x00004000


mem[X,0x80001790] -> 0x0113
mem[X,0x80001792] -> 0x0000
[226] [M]: 0x80001790 (0x00000113) addi sp, zero, 0
x2 <- 0x00000000


mem[X,0x80001794] -> 0x006F
mem[X,0x80001796] -> 0x00C0
[227] [M]: 0x80001794 (0x00C0006F) jal zero, 12


mem[X,0x800017A0] -> 0x0CE3
mem[X,0x800017A2] -> 0xFF62
[228] [M]: 0x800017A0 (0xFF620CE3) beq tp, s6, 8184


mem[X,0x800017A4] -> 0x0113
mem[X,0x800017A6] -> 0x0021
[229] [M]: 0x800017A4 (0x00210113) addi sp, sp, 2
x2 <- 0x00000002


mem[X,0x800017A8] -> 0x006F
mem[X,0x800017AA] -> 0x00C0
[230] [M]: 0x800017A8 (0x00C0006F) jal zero, 12


mem[X,0x800017B4] -> 0xA623
mem[X,0x800017B6] -> 0x0422
[231] [M]: 0x800017B4 (0x0422A623) sw sp, 76(t0)
mem[0x8003A160] <- 0x00000002


mem[X,0x800017B8] -> 0x06B7
mem[X,0x800017BA] -> 0x0010
[232] [M]: 0x800017B8 (0x001006B7) lui a3, 256
x13 <- 0x00100000


mem[X,0x800017BC] -> 0x0013
mem[X,0x800017BE] -> 0x0000
[233] [M]: 0x800017BC (0x00000013) addi zero, zero, 0


mem[X,0x800017C0] -> 0x0113
mem[X,0x800017C2] -> 0x0000
[234] [M]: 0x800017C0 (0x00000113) addi sp, zero, 0
x2 <- 0x00000000


mem[X,0x800017C4] -> 0x006F
mem[X,0x800017C6] -> 0x00C0
[235] [M]: 0x800017C4 (0x00C0006F) jal zero, 12


mem[X,0x800017D0] -> 0x8063
mem[X,0x800017D2] -> 0x1006
[236] [M]: 0x800017D0 (0x10068063) beq a3, zero, 256


mem[X,0x800017D4] -> 0x0113
mem[X,0x800017D6] -> 0x0021
[237] [M]: 0x800017D4 (0x00210113) addi sp, sp, 2
x2 <- 0x00000002


mem[X,0x800017D8] -> 0x006F
mem[X,0x800017DA] -> 0x1000
[238] [M]: 0x800017D8 (0x1000006F) jal zero, 256


mem[X,0x800018D8] -> 0xA823
mem[X,0x800018DA] -> 0x0422
[239] [M]: 0x800018D8 (0x0422A823) sw sp, 80(t0)
mem[0x8003A164] <- 0x00000002


mem[X,0x800018DC] -> 0x0013
mem[X,0x800018DE] -> 0x0000
[240] [M]: 0x800018DC (0x00000013) addi zero, zero, 0


mem[X,0x800018E0] -> 0x9097
mem[X,0x800018E2] -> 0x0003
[241] [M]: 0x800018E0 (0x00039097) auipc ra, 57
x1 <- 0x8003A8E0


mem[X,0x800018E4] -> 0x8093
mem[X,0x800018E6] -> 0x8880
[242] [M]: 0x800018E4 (0x88808093) addi ra, ra, 2184
x1 <- 0x8003A168


mem[X,0x800018E8] -> 0x0013
mem[X,0x800018EA] -> 0x0000
[243] [M]: 0x800018E8 (0x00000013) addi zero, zero, 0


mem[X,0x800018EC] -> 0x0013
mem[X,0x800018EE] -> 0x0000
[244] [M]: 0x800018EC (0x00000013) addi zero, zero, 0


mem[X,0x800018F0] -> 0x0013
mem[X,0x800018F2] -> 0x0000
[245] [M]: 0x800018F0 (0x00000013) addi zero, zero, 0


mem[X,0x800018F4] -> 0x0013
mem[X,0x800018F6] -> 0x0000
[246] [M]: 0x800018F4 (0x00000013) addi zero, zero, 0


mem[X,0x800018F8] -> 0x0013
mem[X,0x800018FA] -> 0x0000
[247] [M]: 0x800018F8 (0x00000013) addi zero, zero, 0


mem[X,0x800018FC] -> 0x0013
mem[X,0x800018FE] -> 0x0000
[248] [M]: 0x800018FC (0x00000013) addi zero, zero, 0


mem[X,0x80001900] -> 0x0F93
mem[X,0x80001902] -> 0xFFF0
[249] [M]: 0x80001900 (0xFFF00F93) addi t6, zero, 4095
x31 <- 0xFFFFFFFF


mem[X,0x80001904] -> 0x0D37
mem[X,0x80001906] -> 0x0001
[250] [M]: 0x80001904 (0x00010D37) lui s10, 16
x26 <- 0x00010000


mem[X,0x80001908] -> 0x0113
mem[X,0x8000190A] -> 0x0000
[251] [M]: 0x80001908 (0x00000113) addi sp, zero, 0
x2 <- 0x00000000


mem[X,0x8000190C] -> 0x006F
mem[X,0x8000190E] -> 0x0180
[252] [M]: 0x8000190C (0x0180006F) jal zero, 24


mem[X,0x80001924] -> 0x86E3
mem[X,0x80001926] -> 0xFFAF
[253] [M]: 0x80001924 (0xFFAF86E3) beq t6, s10, 8172


mem[X,0x80001928] -> 0x0113
mem[X,0x8000192A] -> 0x0021
[254] [M]: 0x80001928 (0x00210113) addi sp, sp, 2
x2 <- 0x00000002


mem[X,0x8000192C] -> 0x006F
mem[X,0x8000192E] -> 0x00C0
[255] [M]: 0x8000192C (0x00C0006F) jal zero, 12


mem[X,0x80001938] -> 0xA023
mem[X,0x8000193A] -> 0x0020
[256] [M]: 0x80001938 (0x0020A023) sw sp, 0(ra)
mem[0x8003A168] <- 0x00000002


mem[X,0x8000193C] -> 0x02B7
mem[X,0x8000193E] -> 0x0400
[257] [M]: 0x8000193C (0x040002B7) lui t0, 16384
x5 <- 0x04000000


mem[X,0x80001940] -> 0x0DB7
mem[X,0x80001942] -> 0x0008
[258] [M]: 0x80001940 (0x00080DB7) lui s11, 128
x27 <- 0x00080000


mem[X,0x80001944] -> 0x0113
mem[X,0x80001946] -> 0x0000
[259] [M]: 0x80001944 (0x00000113) addi sp, zero, 0
x2 <- 0x00000000


mem[X,0x80001948] -> 0x006F
mem[X,0x8000194A] -> 0x00C0
[260] [M]: 0x80001948 (0x00C0006F) jal zero, 12


mem[X,0x80001954] -> 0x8CE3
mem[X,0x80001956] -> 0xFFB2
[261] [M]: 0x80001954 (0xFFB28CE3) beq t0, s11, 8184


mem[X,0x80001958] -> 0x0113
mem[X,0x8000195A] -> 0x0021
[262] [M]: 0x80001958 (0x00210113) addi sp, sp, 2
x2 <- 0x00000002


mem[X,0x8000195C] -> 0x006F
mem[X,0x8000195E] -> 0x00C0
[263] [M]: 0x8000195C (0x00C0006F) jal zero, 12


mem[X,0x80001968] -> 0xA223
mem[X,0x8000196A] -> 0x0020
[264] [M]: 0x80001968 (0x0020A223) sw sp, 4(ra)
mem[0x8003A16C] <- 0x00000002


mem[X,0x8000196C] -> 0xCBB7
mem[X,0x8000196E] -> 0xFFFF
[265] [M]: 0x8000196C (0xFFFFCBB7) lui s7, 1048572
x23 <- 0xFFFFC000


mem[X,0x80001970] -> 0x8B93
mem[X,0x80001972] -> 0xFFFB
[266] [M]: 0x80001970 (0xFFFB8B93) addi s7, s7, 4095
x23 <- 0xFFFFBFFF


mem[X,0x80001974] -> 0x0EB7
mem[X,0x80001976] -> 0x0010
[267] [M]: 0x80001974 (0x00100EB7) lui t4, 256
x29 <- 0x00100000


mem[X,0x80001978] -> 0x0113
mem[X,0x8000197A] -> 0x0000
[268] [M]: 0x80001978 (0x00000113) addi sp, zero, 0
x2 <- 0x00000000


mem[X,0x8000197C] -> 0x006F
mem[X,0x8000197E] -> 0x00C0
[269] [M]: 0x8000197C (0x00C0006F) jal zero, 12


mem[X,0x80001988] -> 0x8663
mem[X,0x8000198A] -> 0x01DB
[270] [M]: 0x80001988 (0x01DB8663) beq s7, t4, 12


mem[X,0x8000198C] -> 0x0113
mem[X,0x8000198E] -> 0x0021
[271] [M]: 0x8000198C (0x00210113) addi sp, sp, 2
x2 <- 0x00000002


mem[X,0x80001990] -> 0x006F
mem[X,0x80001992] -> 0x00C0
[272] [M]: 0x80001990 (0x00C0006F) jal zero, 12


mem[X,0x8000199C] -> 0xA423
mem[X,0x8000199E] -> 0x0020
[273] [M]: 0x8000199C (0x0020A423) sw sp, 8(ra)
mem[0x8003A170] <- 0x00000002


mem[X,0x800019A0] -> 0x0737
mem[X,0x800019A2] -> 0xFF00
[274] [M]: 0x800019A0 (0xFF000737) lui a4, 1044480
x14 <- 0xFF000000


mem[X,0x800019A4] -> 0x0713
mem[X,0x800019A6] -> 0xFFF7
[275] [M]: 0x800019A4 (0xFFF70713) addi a4, a4, 4095
x14 <- 0xFEFFFFFF


mem[X,0x800019A8] -> 0x05B7
mem[X,0x800019AA] -> 0x0020
[276] [M]: 0x800019A8 (0x002005B7) lui a1, 512
x11 <- 0x00200000


mem[X,0x800019AC] -> 0x0113
mem[X,0x800019AE] -> 0x0000
[277] [M]: 0x800019AC (0x00000113) addi sp, zero, 0
x2 <- 0x00000000


mem[X,0x800019B0] -> 0x006F
mem[X,0x800019B2] -> 0x0100
[278] [M]: 0x800019B0 (0x0100006F) jal zero, 16


mem[X,0x800019C0] -> 0x0AE3
mem[X,0x800019C2] -> 0xFEB7
[279] [M]: 0x800019C0 (0xFEB70AE3) beq a4, a1, 8180


mem[X,0x800019C4] -> 0x0113
mem[X,0x800019C6] -> 0x0021
[280] [M]: 0x800019C4 (0x00210113) addi sp, sp, 2
x2 <- 0x00000002


mem[X,0x800019C8] -> 0x006F
mem[X,0x800019CA] -> 0x00C0
[281] [M]: 0x800019C8 (0x00C0006F) jal zero, 12


mem[X,0x800019D4] -> 0xA623
mem[X,0x800019D6] -> 0x0020
[282] [M]: 0x800019D4 (0x0020A623) sw sp, 12(ra)
mem[0x8003A174] <- 0x00000002


mem[X,0x800019D8] -> 0xFDB7
mem[X,0x800019DA] -> 0xFFFF
[283] [M]: 0x800019D8 (0xFFFFFDB7) lui s11, 1048575
x27 <- 0xFFFFF000


mem[X,0x800019DC] -> 0x8D93
mem[X,0x800019DE] -> 0x7FFD
[284] [M]: 0x800019DC (0x7FFD8D93) addi s11, s11, 2047
x27 <- 0xFFFFF7FF


mem[X,0x800019E0] -> 0x03B7
mem[X,0x800019E2] -> 0x0040
[285] [M]: 0x800019E0 (0x004003B7) lui t2, 1024
x7 <- 0x00400000


mem[X,0x800019E4] -> 0x0113
mem[X,0x800019E6] -> 0x0000
[286] [M]: 0x800019E4 (0x00000113) addi sp, zero, 0
x2 <- 0x00000000


mem[X,0x800019E8] -> 0x006F
mem[X,0x800019EA] -> 0x0140
[287] [M]: 0x800019E8 (0x0140006F) jal zero, 20


mem[X,0x800019FC] -> 0x88E3
mem[X,0x800019FE] -> 0xFE7D
[288] [M]: 0x800019FC (0xFE7D88E3) beq s11, t2, 8176


mem[X,0x80001A00] -> 0x0113
mem[X,0x80001A02] -> 0x0021
[289] [M]: 0x80001A00 (0x00210113) addi sp, sp, 2
x2 <- 0x00000002


mem[X,0x80001A04] -> 0x006F
mem[X,0x80001A06] -> 0x00C0
[290] [M]: 0x80001A04 (0x00C0006F) jal zero, 12


mem[X,0x80001A10] -> 0xA823
mem[X,0x80001A12] -> 0x0020
[291] [M]: 0x80001A10 (0x0020A823) sw sp, 16(ra)
mem[0x8003A178] <- 0x00000002


mem[X,0x80001A14] -> 0x3537
mem[X,0x80001A16] -> 0x3333
[292] [M]: 0x80001A14 (0x33333537) lui a0, 209715
x10 <- 0x33333000


mem[X,0x80001A18] -> 0x0513
mem[X,0x80001A1A] -> 0x3335
[293] [M]: 0x80001A18 (0x33350513) addi a0, a0, 819
x10 <- 0x33333333


mem[X,0x80001A1C] -> 0x0437
mem[X,0x80001A1E] -> 0x0080
[294] [M]: 0x80001A1C (0x00800437) lui fp, 2048
x8 <- 0x00800000


mem[X,0x80001A20] -> 0x0113
mem[X,0x80001A22] -> 0x0000
[295] [M]: 0x80001A20 (0x00000113) addi sp, zero, 0
x2 <- 0x00000000


mem[X,0x80001A24] -> 0x006F
mem[X,0x80001A26] -> 0x00C0
[296] [M]: 0x80001A24 (0x00C0006F) jal zero, 12


mem[X,0x80001A30] -> 0x0063
mem[X,0x80001A32] -> 0x0885
[297] [M]: 0x80001A30 (0x08850063) beq a0, fp, 128


mem[X,0x80001A34] -> 0x0113
mem[X,0x80001A36] -> 0x0021
[298] [M]: 0x80001A34 (0x00210113) addi sp, sp, 2
x2 <- 0x00000002


mem[X,0x80001A38] -> 0x006F
mem[X,0x80001A3A] -> 0x0800
[299] [M]: 0x80001A38 (0x0800006F) jal zero, 128


clint::tick mtime <- 0x0000000000000003
 clint timer pending at mtime 0x0000000000000003
htif::tick 0x0000000000000000
mem[X,0x80001AB8] -> 0xAA23
mem[X,0x80001ABA] -> 0x0020
[300] [M]: 0x80001AB8 (0x0020AA23) sw sp, 20(ra)
mem[0x8003A17C] <- 0x00000002


mem[X,0x80001ABC] -> 0x0637
mem[X,0x80001ABE] -> 0xFFE0
[301] [M]: 0x80001ABC (0xFFE00637) lui a2, 1048064
x12 <- 0xFFE00000


mem[X,0x80001AC0] -> 0x0613
mem[X,0x80001AC2] -> 0xFFF6
[302] [M]: 0x80001AC0 (0xFFF60613) addi a2, a2, 4095
x12 <- 0xFFDFFFFF


mem[X,0x80001AC4] -> 0x0AB7
mem[X,0x80001AC6] -> 0x0100
[303] [M]: 0x80001AC4 (0x01000AB7) lui s5, 4096
x21 <- 0x01000000


mem[X,0x80001AC8] -> 0x0113
mem[X,0x80001ACA] -> 0x0000
[304] [M]: 0x80001AC8 (0x00000113) addi sp, zero, 0
x2 <- 0x00000000


mem[X,0x80001ACC] -> 0x006F
mem[X,0x80001ACE] -> 0x00C0
[305] [M]: 0x80001ACC (0x00C0006F) jal zero, 12


mem[X,0x80001AD8] -> 0x0663
mem[X,0x80001ADA] -> 0x0156
[306] [M]: 0x80001AD8 (0x01560663) beq a2, s5, 12


mem[X,0x80001ADC] -> 0x0113
mem[X,0x80001ADE] -> 0x0021
[307] [M]: 0x80001ADC (0x00210113) addi sp, sp, 2
x2 <- 0x00000002


mem[X,0x80001AE0] -> 0x006F
mem[X,0x80001AE2] -> 0x00C0
[308] [M]: 0x80001AE0 (0x00C0006F) jal zero, 12


mem[X,0x80001AEC] -> 0xAC23
mem[X,0x80001AEE] -> 0x0020
[309] [M]: 0x80001AEC (0x0020AC23) sw sp, 24(ra)
mem[0x8003A180] <- 0x00000002


mem[X,0x80001AF0] -> 0x0937
mem[X,0x80001AF2] -> 0xFFFE
[310] [M]: 0x80001AF0 (0xFFFE0937) lui s2, 1048544
x18 <- 0xFFFE0000


mem[X,0x80001AF4] -> 0x0913
mem[X,0x80001AF6] -> 0xFFF9
[311] [M]: 0x80001AF4 (0xFFF90913) addi s2, s2, 4095
x18 <- 0xFFFDFFFF


mem[X,0x80001AF8] -> 0x06B7
mem[X,0x80001AFA] -> 0x0200
[312] [M]: 0x80001AF8 (0x020006B7) lui a3, 8192
x13 <- 0x02000000


mem[X,0x80001AFC] -> 0x0113
mem[X,0x80001AFE] -> 0x0000
[313] [M]: 0x80001AFC (0x00000113) addi sp, zero, 0
x2 <- 0x00000000


mem[X,0x80001B00] -> 0x006F
mem[X,0x80001B02] -> 0x00C0
[314] [M]: 0x80001B00 (0x00C0006F) jal zero, 12


mem[X,0x80001B0C] -> 0x0CE3
mem[X,0x80001B0E] -> 0xFED9
[315] [M]: 0x80001B0C (0xFED90CE3) beq s2, a3, 8184


mem[X,0x80001B10] -> 0x0113
mem[X,0x80001B12] -> 0x0021
[316] [M]: 0x80001B10 (0x00210113) addi sp, sp, 2
x2 <- 0x00000002


mem[X,0x80001B14] -> 0x006F
mem[X,0x80001B16] -> 0x00C0
[317] [M]: 0x80001B14 (0x00C0006F) jal zero, 12


mem[X,0x80001B20] -> 0xAE23
mem[X,0x80001B22] -> 0x0020
[318] [M]: 0x80001B20 (0x0020AE23) sw sp, 28(ra)
mem[0x8003A184] <- 0x00000002


mem[X,0x80001B24] -> 0x84B7
mem[X,0x80001B26] -> 0x0000
[319] [M]: 0x80001B24 (0x000084B7) lui s1, 8
x9 <- 0x00008000


mem[X,0x80001B28] -> 0x02B7
mem[X,0x80001B2A] -> 0x0400
[320] [M]: 0x80001B28 (0x040002B7) lui t0, 16384
x5 <- 0x04000000


mem[X,0x80001B2C] -> 0x0113
mem[X,0x80001B2E] -> 0x0000
[321] [M]: 0x80001B2C (0x00000113) addi sp, zero, 0
x2 <- 0x00000000


mem[X,0x80001B30] -> 0x006F
mem[X,0x80001B32] -> 0x00C0
[322] [M]: 0x80001B30 (0x00C0006F) jal zero, 12


mem[X,0x80001B3C] -> 0x8063
mem[X,0x80001B3E] -> 0x0254
[323] [M]: 0x80001B3C (0x02548063) beq s1, t0, 32


mem[X,0x80001B40] -> 0x0113
mem[X,0x80001B42] -> 0x0021
[324] [M]: 0x80001B40 (0x00210113) addi sp, sp, 2
x2 <- 0x00000002


mem[X,0x80001B44] -> 0x006F
mem[X,0x80001B46] -> 0x0200
[325] [M]: 0x80001B44 (0x0200006F) jal zero, 32


mem[X,0x80001B64] -> 0xA023
mem[X,0x80001B66] -> 0x0220
[326] [M]: 0x80001B64 (0x0220A023) sw sp, 32(ra)
mem[0x8003A188] <- 0x00000002


mem[X,0x80001B68] -> 0x0337
mem[X,0x80001B6A] -> 0x0100
[327] [M]: 0x80001B68 (0x01000337) lui t1, 4096
x6 <- 0x01000000


mem[X,0x80001B6C] -> 0x01B7
mem[X,0x80001B6E] -> 0x0800
[328] [M]: 0x80001B6C (0x080001B7) lui gp, 32768
x3 <- 0x08000000


mem[X,0x80001B70] -> 0x0113
mem[X,0x80001B72] -> 0x0000
[329] [M]: 0x80001B70 (0x00000113) addi sp, zero, 0
x2 <- 0x00000000


mem[X,0x80001B74] -> 0x006F
mem[X,0x80001B76] -> 0x00C0
[330] [M]: 0x80001B74 (0x00C0006F) jal zero, 12


mem[X,0x80001B80] -> 0x0863
mem[X,0x80001B82] -> 0x0033
[331] [M]: 0x80001B80 (0x00330863) beq t1, gp, 16


mem[X,0x80001B84] -> 0x0113
mem[X,0x80001B86] -> 0x0021
[332] [M]: 0x80001B84 (0x00210113) addi sp, sp, 2
x2 <- 0x00000002


mem[X,0x80001B88] -> 0x006F
mem[X,0x80001B8A] -> 0x0100
[333] [M]: 0x80001B88 (0x0100006F) jal zero, 16


mem[X,0x80001B98] -> 0xA223
mem[X,0x80001B9A] -> 0x0220
[334] [M]: 0x80001B98 (0x0220A223) sw sp, 36(ra)
mem[0x8003A18C] <- 0x00000002


mem[X,0x80001B9C] -> 0x35B7
mem[X,0x80001B9E] -> 0x3333
[335] [M]: 0x80001B9C (0x333335B7) lui a1, 209715
x11 <- 0x33333000


mem[X,0x80001BA0] -> 0x8593
mem[X,0x80001BA2] -> 0x3335
[336] [M]: 0x80001BA0 (0x33358593) addi a1, a1, 819
x11 <- 0x33333333


mem[X,0x80001BA4] -> 0x0A37
mem[X,0x80001BA6] -> 0x1000
[337] [M]: 0x80001BA4 (0x10000A37) lui s4, 65536
x20 <- 0x10000000


mem[X,0x80001BA8] -> 0x0113
mem[X,0x80001BAA] -> 0x0000
[338] [M]: 0x80001BA8 (0x00000113) addi sp, zero, 0
x2 <- 0x00000000


mem[X,0x80001BAC] -> 0x006F
mem[X,0x80001BAE] -> 0x00C0
[339] [M]: 0x80001BAC (0x00C0006F) jal zero, 12


mem[X,0x80001BB8] -> 0x8663
mem[X,0x80001BBA] -> 0x0145
[340] [M]: 0x80001BB8 (0x01458663) beq a1, s4, 12


mem[X,0x80001BBC] -> 0x0113
mem[X,0x80001BBE] -> 0x0021
[341] [M]: 0x80001BBC (0x00210113) addi sp, sp, 2
x2 <- 0x00000002


mem[X,0x80001BC0] -> 0x006F
mem[X,0x80001BC2] -> 0x00C0
[342] [M]: 0x80001BC0 (0x00C0006F) jal zero, 12


mem[X,0x80001BCC] -> 0xA423
mem[X,0x80001BCE] -> 0x0220
[343] [M]: 0x80001BCC (0x0220A423) sw sp, 40(ra)
mem[0x8003A190] <- 0x00000002


mem[X,0x80001BD0] -> 0x0513
mem[X,0x80001BD2] -> 0x0080
[344] [M]: 0x80001BD0 (0x00800513) addi a0, zero, 8
x10 <- 0x00000008


mem[X,0x80001BD4] -> 0x05B7
mem[X,0x80001BD6] -> 0x2000
[345] [M]: 0x80001BD4 (0x200005B7) lui a1, 131072
x11 <- 0x20000000


mem[X,0x80001BD8] -> 0x0113
mem[X,0x80001BDA] -> 0x0000
[346] [M]: 0x80001BD8 (0x00000113) addi sp, zero, 0
x2 <- 0x00000000


mem[X,0x80001BDC] -> 0x006F
mem[X,0x80001BDE] -> 0x00C0
[347] [M]: 0x80001BDC (0x00C0006F) jal zero, 12


mem[X,0x80001BE8] -> 0x0663
mem[X,0x80001BEA] -> 0x00B5
[348] [M]: 0x80001BE8 (0x00B50663) beq a0, a1, 12


mem[X,0x80001BEC] -> 0x0113
mem[X,0x80001BEE] -> 0x0021
[349] [M]: 0x80001BEC (0x00210113) addi sp, sp, 2
x2 <- 0x00000002


mem[X,0x80001BF0] -> 0x006F
mem[X,0x80001BF2] -> 0x00C0
[350] [M]: 0x80001BF0 (0x00C0006F) jal zero, 12


mem[X,0x80001BFC] -> 0xA623
mem[X,0x80001BFE] -> 0x0220
[351] [M]: 0x80001BFC (0x0220A623) sw sp, 44(ra)
mem[0x8003A194] <- 0x00000002


mem[X,0x80001C00] -> 0x0513
mem[X,0x80001C02] -> 0xFF80
[352] [M]: 0x80001C00 (0xFF800513) addi a0, zero, 4088
x10 <- 0xFFFFFFF8


mem[X,0x80001C04] -> 0x05B7
mem[X,0x80001C06] -> 0x4000
[353] [M]: 0x80001C04 (0x400005B7) lui a1, 262144
x11 <- 0x40000000


mem[X,0x80001C08] -> 0x0113
mem[X,0x80001C0A] -> 0x0000
[354] [M]: 0x80001C08 (0x00000113) addi sp, zero, 0
x2 <- 0x00000000


mem[X,0x80001C0C] -> 0x006F
mem[X,0x80001C0E] -> 0x00C0
[355] [M]: 0x80001C0C (0x00C0006F) jal zero, 12


mem[X,0x80001C18] -> 0x0063
mem[X,0x80001C1A] -> 0x20B5
[356] [M]: 0x80001C18 (0x20B50063) beq a0, a1, 512


mem[X,0x80001C1C] -> 0x0113
mem[X,0x80001C1E] -> 0x0021
[357] [M]: 0x80001C1C (0x00210113) addi sp, sp, 2
x2 <- 0x00000002


mem[X,0x80001C20] -> 0x006F
mem[X,0x80001C22] -> 0x2000
[358] [M]: 0x80001C20 (0x2000006F) jal zero, 512


mem[X,0x80001E20] -> 0xA823
mem[X,0x80001E22] -> 0x0220
[359] [M]: 0x80001E20 (0x0220A823) sw sp, 48(ra)
mem[0x8003A198] <- 0x00000002


mem[X,0x80001E24] -> 0x0537
mem[X,0x80001E26] -> 0x4000
[360] [M]: 0x80001E24 (0x40000537) lui a0, 262144
x10 <- 0x40000000


mem[X,0x80001E28] -> 0x0513
mem[X,0x80001E2A] -> 0xFFF5
[361] [M]: 0x80001E28 (0xFFF50513) addi a0, a0, 4095
x10 <- 0x3FFFFFFF


mem[X,0x80001E2C] -> 0x05B7
mem[X,0x80001E2E] -> 0x8000
[362] [M]: 0x80001E2C (0x800005B7) lui a1, 524288
x11 <- 0x80000000


mem[X,0x80001E30] -> 0x0113
mem[X,0x80001E32] -> 0x0000
[363] [M]: 0x80001E30 (0x00000113) addi sp, zero, 0
x2 <- 0x00000000


mem[X,0x80001E34] -> 0x006F
mem[X,0x80001E36] -> 0x00C0
[364] [M]: 0x80001E34 (0x00C0006F) jal zero, 12


mem[X,0x80001E40] -> 0x0063
mem[X,0x80001E42] -> 0x08B5
[365] [M]: 0x80001E40 (0x08B50063) beq a0, a1, 128


mem[X,0x80001E44] -> 0x0113
mem[X,0x80001E46] -> 0x0021
[366] [M]: 0x80001E44 (0x00210113) addi sp, sp, 2
x2 <- 0x00000002


mem[X,0x80001E48] -> 0x006F
mem[X,0x80001E4A] -> 0x0800
[367] [M]: 0x80001E48 (0x0800006F) jal zero, 128


mem[X,0x80001EC8] -> 0xAA23
mem[X,0x80001ECA] -> 0x0220
[368] [M]: 0x80001EC8 (0x0220AA23) sw sp, 52(ra)
mem[0x8003A19C] <- 0x00000002


mem[X,0x80001ECC] -> 0x0513
mem[X,0x80001ECE] -> 0x0040
[369] [M]: 0x80001ECC (0x00400513) addi a0, zero, 4
x10 <- 0x00000004


mem[X,0x80001ED0] -> 0x0593
mem[X,0x80001ED2] -> 0xFFE0
[370] [M]: 0x80001ED0 (0xFFE00593) addi a1, zero, 4094
x11 <- 0xFFFFFFFE


mem[X,0x80001ED4] -> 0x0113
mem[X,0x80001ED6] -> 0x0000
[371] [M]: 0x80001ED4 (0x00000113) addi sp, zero, 0
x2 <- 0x00000000


mem[X,0x80001ED8] -> 0x006F
mem[X,0x80001EDA] -> 0x00C0
[372] [M]: 0x80001ED8 (0x00C0006F) jal zero, 12


mem[X,0x80001EE4] -> 0x0663
mem[X,0x80001EE6] -> 0x00B5
[373] [M]: 0x80001EE4 (0x00B50663) beq a0, a1, 12


mem[X,0x80001EE8] -> 0x0113
mem[X,0x80001EEA] -> 0x0021
[374] [M]: 0x80001EE8 (0x00210113) addi sp, sp, 2
x2 <- 0x00000002


mem[X,0x80001EEC] -> 0x006F
mem[X,0x80001EEE] -> 0x00C0
[375] [M]: 0x80001EEC (0x00C0006F) jal zero, 12


mem[X,0x80001EF8] -> 0xAC23
mem[X,0x80001EFA] -> 0x0220
[376] [M]: 0x80001EF8 (0x0220AC23) sw sp, 56(ra)
mem[0x8003A1A0] <- 0x00000002


mem[X,0x80001EFC] -> 0x0537
mem[X,0x80001EFE] -> 0x0020
[377] [M]: 0x80001EFC (0x00200537) lui a0, 512
x10 <- 0x00200000


mem[X,0x80001F00] -> 0x0593
mem[X,0x80001F02] -> 0xFFD0
[378] [M]: 0x80001F00 (0xFFD00593) addi a1, zero, 4093
x11 <- 0xFFFFFFFD


mem[X,0x80001F04] -> 0x0113
mem[X,0x80001F06] -> 0x0000
[379] [M]: 0x80001F04 (0x00000113) addi sp, zero, 0
x2 <- 0x00000000


mem[X,0x80001F08] -> 0x006F
mem[X,0x80001F0A] -> 0x00C0
[380] [M]: 0x80001F08 (0x00C0006F) jal zero, 12


mem[X,0x80001F14] -> 0x0CE3
mem[X,0x80001F16] -> 0xFEB5
[381] [M]: 0x80001F14 (0xFEB50CE3) beq a0, a1, 8184


mem[X,0x80001F18] -> 0x0113
mem[X,0x80001F1A] -> 0x0021
[382] [M]: 0x80001F18 (0x00210113) addi sp, sp, 2
x2 <- 0x00000002


mem[X,0x80001F1C] -> 0x006F
mem[X,0x80001F1E] -> 0x00C0
[383] [M]: 0x80001F1C (0x00C0006F) jal zero, 12


mem[X,0x80001F28] -> 0xAE23
mem[X,0x80001F2A] -> 0x0220
[384] [M]: 0x80001F28 (0x0220AE23) sw sp, 60(ra)
mem[0x8003A1A4] <- 0x00000002


mem[X,0x80001F2C] -> 0x0513
mem[X,0x80001F2E] -> 0x0030
[385] [M]: 0x80001F2C (0x00300513) addi a0, zero, 3
x10 <- 0x00000003


mem[X,0x80001F30] -> 0x0593
mem[X,0x80001F32] -> 0xFFB0
[386] [M]: 0x80001F30 (0xFFB00593) addi a1, zero, 4091
x11 <- 0xFFFFFFFB


mem[X,0x80001F34] -> 0x0113
mem[X,0x80001F36] -> 0x0000
[387] [M]: 0x80001F34 (0x00000113) addi sp, zero, 0
x2 <- 0x00000000


mem[X,0x80001F38] -> 0x006F
mem[X,0x80001F3A] -> 0x00C0
[388] [M]: 0x80001F38 (0x00C0006F) jal zero, 12


mem[X,0x80001F44] -> 0x0663
mem[X,0x80001F46] -> 0x00B5
[389] [M]: 0x80001F44 (0x00B50663) beq a0, a1, 12


mem[X,0x80001F48] -> 0x0113
mem[X,0x80001F4A] -> 0x0021
[390] [M]: 0x80001F48 (0x00210113) addi sp, sp, 2
x2 <- 0x00000002


mem[X,0x80001F4C] -> 0x006F
mem[X,0x80001F4E] -> 0x00C0
[391] [M]: 0x80001F4C (0x00C0006F) jal zero, 12


mem[X,0x80001F58] -> 0xA023
mem[X,0x80001F5A] -> 0x0420
[392] [M]: 0x80001F58 (0x0420A023) sw sp, 64(ra)
mem[0x8003A1A8] <- 0x00000002


mem[X,0x80001F5C] -> 0xF537
mem[X,0x80001F5E] -> 0xFFFF
[393] [M]: 0x80001F5C (0xFFFFF537) lui a0, 1048575
x10 <- 0xFFFFF000


mem[X,0x80001F60] -> 0x0513
mem[X,0x80001F62] -> 0xFFF5
[394] [M]: 0x80001F60 (0xFFF50513) addi a0, a0, 4095
x10 <- 0xFFFFEFFF


mem[X,0x80001F64] -> 0x0593
mem[X,0x80001F66] -> 0xFF70
[395] [M]: 0x80001F64 (0xFF700593) addi a1, zero, 4087
x11 <- 0xFFFFFFF7


mem[X,0x80001F68] -> 0x0113
mem[X,0x80001F6A] -> 0x0000
[396] [M]: 0x80001F68 (0x00000113) addi sp, zero, 0
x2 <- 0x00000000


mem[X,0x80001F6C] -> 0x006F
mem[X,0x80001F6E] -> 0x00C0
[397] [M]: 0x80001F6C (0x00C0006F) jal zero, 12


mem[X,0x80001F78] -> 0x0663
mem[X,0x80001F7A] -> 0x00B5
[398] [M]: 0x80001F78 (0x00B50663) beq a0, a1, 12


mem[X,0x80001F7C] -> 0x0113
mem[X,0x80001F7E] -> 0x0021
[399] [M]: 0x80001F7C (0x00210113) addi sp, sp, 2
x2 <- 0x00000002


clint::tick mtime <- 0x0000000000000004
 clint timer pending at mtime 0x0000000000000004
htif::tick 0x0000000000000000
mem[X,0x80001F80] -> 0x006F
mem[X,0x80001F82] -> 0x00C0
[400] [M]: 0x80001F80 (0x00C0006F) jal zero, 12


mem[X,0x80001F8C] -> 0xA223
mem[X,0x80001F8E] -> 0x0420
[401] [M]: 0x80001F8C (0x0420A223) sw sp, 68(ra)
mem[0x8003A1AC] <- 0x00000002


mem[X,0x80001F90] -> 0x0537
mem[X,0x80001F92] -> 0x0008
[402] [M]: 0x80001F90 (0x00080537) lui a0, 128
x10 <- 0x00080000


mem[X,0x80001F94] -> 0x0593
mem[X,0x80001F96] -> 0xFEF0
[403] [M]: 0x80001F94 (0xFEF00593) addi a1, zero, 4079
x11 <- 0xFFFFFFEF


mem[X,0x80001F98] -> 0x0113
mem[X,0x80001F9A] -> 0x0000
[404] [M]: 0x80001F98 (0x00000113) addi sp, zero, 0
x2 <- 0x00000000


mem[X,0x80001F9C] -> 0x006F
mem[X,0x80001F9E] -> 0x00C0
[405] [M]: 0x80001F9C (0x00C0006F) jal zero, 12


mem[X,0x80001FA8] -> 0x0663
mem[X,0x80001FAA] -> 0x00B5
[406] [M]: 0x80001FA8 (0x00B50663) beq a0, a1, 12


mem[X,0x80001FAC] -> 0x0113
mem[X,0x80001FAE] -> 0x0021
[407] [M]: 0x80001FAC (0x00210113) addi sp, sp, 2
x2 <- 0x00000002


mem[X,0x80001FB0] -> 0x006F
mem[X,0x80001FB2] -> 0x00C0
[408] [M]: 0x80001FB0 (0x00C0006F) jal zero, 12


mem[X,0x80001FBC] -> 0xA423
mem[X,0x80001FBE] -> 0x0420
[409] [M]: 0x80001FBC (0x0420A423) sw sp, 72(ra)
mem[0x8003A1B0] <- 0x00000002


mem[X,0x80001FC0] -> 0x0537
mem[X,0x80001FC2] -> 0xFFFE
[410] [M]: 0x80001FC0 (0xFFFE0537) lui a0, 1048544
x10 <- 0xFFFE0000


mem[X,0x80001FC4] -> 0x0513
mem[X,0x80001FC6] -> 0xFFF5
[411] [M]: 0x80001FC4 (0xFFF50513) addi a0, a0, 4095
x10 <- 0xFFFDFFFF


mem[X,0x80001FC8] -> 0x0593
mem[X,0x80001FCA] -> 0xFDF0
[412] [M]: 0x80001FC8 (0xFDF00593) addi a1, zero, 4063
x11 <- 0xFFFFFFDF


mem[X,0x80001FCC] -> 0x0113
mem[X,0x80001FCE] -> 0x0000
[413] [M]: 0x80001FCC (0x00000113) addi sp, zero, 0
x2 <- 0x00000000


mem[X,0x80001FD0] -> 0x006F
mem[X,0x80001FD2] -> 0x0100
[414] [M]: 0x80001FD0 (0x0100006F) jal zero, 16


mem[X,0x80001FE0] -> 0x0AE3
mem[X,0x80001FE2] -> 0xFEB5
[415] [M]: 0x80001FE0 (0xFEB50AE3) beq a0, a1, 8180


mem[X,0x80001FE4] -> 0x0113
mem[X,0x80001FE6] -> 0x0021
[416] [M]: 0x80001FE4 (0x00210113) addi sp, sp, 2
x2 <- 0x00000002


mem[X,0x80001FE8] -> 0x006F
mem[X,0x80001FEA] -> 0x00C0
[417] [M]: 0x80001FE8 (0x00C0006F) jal zero, 12


mem[X,0x80001FF4] -> 0xA623
mem[X,0x80001FF6] -> 0x0420
[418] [M]: 0x80001FF4 (0x0420A623) sw sp, 76(ra)
mem[0x8003A1B4] <- 0x00000002


mem[X,0x80001FF8] -> 0xB537
mem[X,0x80001FFA] -> 0xAAAA
[419] [M]: 0x80001FF8 (0xAAAAB537) lui a0, 699051
x10 <- 0xAAAAB000


mem[X,0x80001FFC] -> 0x0513
mem[X,0x80001FFE] -> 0xAAA5
[420] [M]: 0x80001FFC (0xAAA50513) addi a0, a0, 2730
x10 <- 0xAAAAAAAA


mem[X,0x80002000] -> 0x0593
mem[X,0x80002002] -> 0xFBF0
[421] [M]: 0x80002000 (0xFBF00593) addi a1, zero, 4031
x11 <- 0xFFFFFFBF


mem[X,0x80002004] -> 0x0113
mem[X,0x80002006] -> 0x0000
[422] [M]: 0x80002004 (0x00000113) addi sp, zero, 0
x2 <- 0x00000000


mem[X,0x80002008] -> 0x006F
mem[X,0x8000200A] -> 0x0140
[423] [M]: 0x80002008 (0x0140006F) jal zero, 20


mem[X,0x8000201C] -> 0x08E3
mem[X,0x8000201E] -> 0xFEB5
[424] [M]: 0x8000201C (0xFEB508E3) beq a0, a1, 8176


mem[X,0x80002020] -> 0x0113
mem[X,0x80002022] -> 0x0021
[425] [M]: 0x80002020 (0x00210113) addi sp, sp, 2
x2 <- 0x00000002


mem[X,0x80002024] -> 0x006F
mem[X,0x80002026] -> 0x00C0
[426] [M]: 0x80002024 (0x00C0006F) jal zero, 12


mem[X,0x80002030] -> 0xA823
mem[X,0x80002032] -> 0x0420
[427] [M]: 0x80002030 (0x0420A823) sw sp, 80(ra)
mem[0x8003A1B8] <- 0x00000002


mem[X,0x80002034] -> 0x0537
mem[X,0x80002036] -> 0x0040
[428] [M]: 0x80002034 (0x00400537) lui a0, 1024
x10 <- 0x00400000


mem[X,0x80002038] -> 0x0593
mem[X,0x8000203A] -> 0xF7F0
[429] [M]: 0x80002038 (0xF7F00593) addi a1, zero, 3967
x11 <- 0xFFFFFF7F


mem[X,0x8000203C] -> 0x0113
mem[X,0x8000203E] -> 0x0000
[430] [M]: 0x8000203C (0x00000113) addi sp, zero, 0
x2 <- 0x00000000


mem[X,0x80002040] -> 0x006F
mem[X,0x80002042] -> 0x0100
[431] [M]: 0x80002040 (0x0100006F) jal zero, 16


mem[X,0x80002050] -> 0x0AE3
mem[X,0x80002052] -> 0xFEB5
[432] [M]: 0x80002050 (0xFEB50AE3) beq a0, a1, 8180


mem[X,0x80002054] -> 0x0113
mem[X,0x80002056] -> 0x0021
[433] [M]: 0x80002054 (0x00210113) addi sp, sp, 2
x2 <- 0x00000002


mem[X,0x80002058] -> 0x006F
mem[X,0x8000205A] -> 0x00C0
[434] [M]: 0x80002058 (0x00C0006F) jal zero, 12


mem[X,0x80002064] -> 0xAA23
mem[X,0x80002066] -> 0x0420
[435] [M]: 0x80002064 (0x0420AA23) sw sp, 84(ra)
mem[0x8003A1BC] <- 0x00000002


mem[X,0x80002068] -> 0xB537
mem[X,0x8000206A] -> 0x0000
[436] [M]: 0x80002068 (0x0000B537) lui a0, 11
x10 <- 0x0000B000


mem[X,0x8000206C] -> 0x0513
mem[X,0x8000206E] -> 0x5045
[437] [M]: 0x8000206C (0x50450513) addi a0, a0, 1284
x10 <- 0x0000B504


mem[X,0x80002070] -> 0x0593
mem[X,0x80002072] -> 0xEFF0
[438] [M]: 0x80002070 (0xEFF00593) addi a1, zero, 3839
x11 <- 0xFFFFFEFF


mem[X,0x80002074] -> 0x0113
mem[X,0x80002076] -> 0x0000
[439] [M]: 0x80002074 (0x00000113) addi sp, zero, 0
x2 <- 0x00000000


mem[X,0x80002078] -> 0x006F
mem[X,0x8000207A] -> 0x00C0
[440] [M]: 0x80002078 (0x00C0006F) jal zero, 12


mem[X,0x80002084] -> 0x0663
mem[X,0x80002086] -> 0x00B5
[441] [M]: 0x80002084 (0x00B50663) beq a0, a1, 12


mem[X,0x80002088] -> 0x0113
mem[X,0x8000208A] -> 0x0021
[442] [M]: 0x80002088 (0x00210113) addi sp, sp, 2
x2 <- 0x00000002


mem[X,0x8000208C] -> 0x006F
mem[X,0x8000208E] -> 0x00C0
[443] [M]: 0x8000208C (0x00C0006F) jal zero, 12


mem[X,0x80002098] -> 0xAC23
mem[X,0x8000209A] -> 0x0420
[444] [M]: 0x80002098 (0x0420AC23) sw sp, 88(ra)
mem[0x8003A1C0] <- 0x00000002


mem[X,0x8000209C] -> 0x0513
mem[X,0x8000209E] -> 0xEFF0
[445] [M]: 0x8000209C (0xEFF00513) addi a0, zero, 3839
x10 <- 0xFFFFFEFF


mem[X,0x800020A0] -> 0xF5B7
mem[X,0x800020A2] -> 0xFFFF
[446] [M]: 0x800020A0 (0xFFFFF5B7) lui a1, 1048575
x11 <- 0xFFFFF000


mem[X,0x800020A4] -> 0x8593
mem[X,0x800020A6] -> 0x7FF5
[447] [M]: 0x800020A4 (0x7FF58593) addi a1, a1, 2047
x11 <- 0xFFFFF7FF


mem[X,0x800020A8] -> 0x0113
mem[X,0x800020AA] -> 0x0000
[448] [M]: 0x800020A8 (0x00000113) addi sp, zero, 0
x2 <- 0x00000000


mem[X,0x800020AC] -> 0x006F
mem[X,0x800020AE] -> 0x0050
[449] [M]: 0x800020AC (0x0050006F) jal zero, 2052


mem[X,0x800028B0] -> 0x00E3
mem[X,0x800028B2] -> 0x80B5
[450] [M]: 0x800028B0 (0x80B500E3) beq a0, a1, 6144


mem[X,0x800028B4] -> 0x0113
mem[X,0x800028B6] -> 0x0021
[451] [M]: 0x800028B4 (0x00210113) addi sp, sp, 2
x2 <- 0x00000002


mem[X,0x800028B8] -> 0x006F
mem[X,0x800028BA] -> 0x00C0
[452] [M]: 0x800028B8 (0x00C0006F) jal zero, 12


mem[X,0x800028C4] -> 0xAE23
mem[X,0x800028C6] -> 0x0420
[453] [M]: 0x800028C4 (0x0420AE23) sw sp, 92(ra)
mem[0x8003A1C4] <- 0x00000002


mem[X,0x800028C8] -> 0x5537
mem[X,0x800028CA] -> 0xFFFF
[454] [M]: 0x800028C8 (0xFFFF5537) lui a0, 1048565
x10 <- 0xFFFF5000


mem[X,0x800028CC] -> 0x0513
mem[X,0x800028CE] -> 0xAFC5
[455] [M]: 0x800028CC (0xAFC50513) addi a0, a0, 2812
x10 <- 0xFFFF4AFC


mem[X,0x800028D0] -> 0xF5B7
mem[X,0x800028D2] -> 0xFFFF
[456] [M]: 0x800028D0 (0xFFFFF5B7) lui a1, 1048575
x11 <- 0xFFFFF000


mem[X,0x800028D4] -> 0x8593
mem[X,0x800028D6] -> 0xFFF5
[457] [M]: 0x800028D4 (0xFFF58593) addi a1, a1, 4095
x11 <- 0xFFFFEFFF


mem[X,0x800028D8] -> 0x0113
mem[X,0x800028DA] -> 0x0000
[458] [M]: 0x800028D8 (0x00000113) addi sp, zero, 0
x2 <- 0x00000000


mem[X,0x800028DC] -> 0x006F
mem[X,0x800028DE] -> 0x0180
[459] [M]: 0x800028DC (0x0180006F) jal zero, 24


mem[X,0x800028F4] -> 0x06E3
mem[X,0x800028F6] -> 0xFEB5
[460] [M]: 0x800028F4 (0xFEB506E3) beq a0, a1, 8172


mem[X,0x800028F8] -> 0x0113
mem[X,0x800028FA] -> 0x0021
[461] [M]: 0x800028F8 (0x00210113) addi sp, sp, 2
x2 <- 0x00000002


mem[X,0x800028FC] -> 0x006F
mem[X,0x800028FE] -> 0x00C0
[462] [M]: 0x800028FC (0x00C0006F) jal zero, 12


mem[X,0x80002908] -> 0xA023
mem[X,0x8000290A] -> 0x0620
[463] [M]: 0x80002908 (0x0620A023) sw sp, 96(ra)
mem[0x8003A1C8] <- 0x00000002


mem[X,0x8000290C] -> 0x0513
mem[X,0x8000290E] -> 0xFF60
[464] [M]: 0x8000290C (0xFF600513) addi a0, zero, 4086
x10 <- 0xFFFFFFF6


mem[X,0x80002910] -> 0xE5B7
mem[X,0x80002912] -> 0xFFFF
[465] [M]: 0x80002910 (0xFFFFE5B7) lui a1, 1048574
x11 <- 0xFFFFE000


mem[X,0x80002914] -> 0x8593
mem[X,0x80002916] -> 0xFFF5
[466] [M]: 0x80002914 (0xFFF58593) addi a1, a1, 4095
x11 <- 0xFFFFDFFF


mem[X,0x80002918] -> 0x0113
mem[X,0x8000291A] -> 0x0000
[467] [M]: 0x80002918 (0x00000113) addi sp, zero, 0
x2 <- 0x00000000


mem[X,0x8000291C] -> 0x006F
mem[X,0x8000291E] -> 0x2B10
[468] [M]: 0x8000291C (0x2B10006F) jal zero, 2736


mem[X,0x800033CC] -> 0x0A63
mem[X,0x800033CE] -> 0xD4B5
[469] [M]: 0x800033CC (0xD4B50A63) beq a0, a1, 5460


mem[X,0x800033D0] -> 0x0113
mem[X,0x800033D2] -> 0x0021
[470] [M]: 0x800033D0 (0x00210113) addi sp, sp, 2
x2 <- 0x00000002


mem[X,0x800033D4] -> 0x006F
mem[X,0x800033D6] -> 0x00C0
[471] [M]: 0x800033D4 (0x00C0006F) jal zero, 12


mem[X,0x800033E0] -> 0xA223
mem[X,0x800033E2] -> 0x0620
[472] [M]: 0x800033E0 (0x0620A223) sw sp, 100(ra)
mem[0x8003A1CC] <- 0x00000002


mem[X,0x800033E4] -> 0x1537
mem[X,0x800033E6] -> 0x0000
[473] [M]: 0x800033E4 (0x00001537) lui a0, 1
x10 <- 0x00001000


mem[X,0x800033E8] -> 0x0513
mem[X,0x800033EA] -> 0x8005
[474] [M]: 0x800033E8 (0x80050513) addi a0, a0, 2048
x10 <- 0x00000800


mem[X,0x800033EC] -> 0xC5B7
mem[X,0x800033EE] -> 0xFFFF
[475] [M]: 0x800033EC (0xFFFFC5B7) lui a1, 1048572
x11 <- 0xFFFFC000


mem[X,0x800033F0] -> 0x8593
mem[X,0x800033F2] -> 0xFFF5
[476] [M]: 0x800033F0 (0xFFF58593) addi a1, a1, 4095
x11 <- 0xFFFFBFFF


mem[X,0x800033F4] -> 0x0113
mem[X,0x800033F6] -> 0x0000
[477] [M]: 0x800033F4 (0x00000113) addi sp, zero, 0
x2 <- 0x00000000


mem[X,0x800033F8] -> 0x006F
mem[X,0x800033FA] -> 0x0180
[478] [M]: 0x800033F8 (0x0180006F) jal zero, 24


mem[X,0x80003410] -> 0x06E3
mem[X,0x80003412] -> 0xFEB5
[479] [M]: 0x80003410 (0xFEB506E3) beq a0, a1, 8172


mem[X,0x80003414] -> 0x0113
mem[X,0x80003416] -> 0x0021
[480] [M]: 0x80003414 (0x00210113) addi sp, sp, 2
x2 <- 0x00000002


mem[X,0x80003418] -> 0x006F
mem[X,0x8000341A] -> 0x00C0
[481] [M]: 0x80003418 (0x00C0006F) jal zero, 12


mem[X,0x80003424] -> 0xA423
mem[X,0x80003426] -> 0x0620
[482] [M]: 0x80003424 (0x0620A423) sw sp, 104(ra)
mem[0x8003A1D0] <- 0x00000002


mem[X,0x80003428] -> 0x0537
mem[X,0x8000342A] -> 0x8000
[483] [M]: 0x80003428 (0x80000537) lui a0, 524288
x10 <- 0x80000000


mem[X,0x8000342C] -> 0x85B7
mem[X,0x8000342E] -> 0xFFFF
[484] [M]: 0x8000342C (0xFFFF85B7) lui a1, 1048568
x11 <- 0xFFFF8000


mem[X,0x80003430] -> 0x8593
mem[X,0x80003432] -> 0xFFF5
[485] [M]: 0x80003430 (0xFFF58593) addi a1, a1, 4095
x11 <- 0xFFFF7FFF


mem[X,0x80003434] -> 0x0113
mem[X,0x80003436] -> 0x0000
[486] [M]: 0x80003434 (0x00000113) addi sp, zero, 0
x2 <- 0x00000000


mem[X,0x80003438] -> 0x006F
mem[X,0x8000343A] -> 0x00C0
[487] [M]: 0x80003438 (0x00C0006F) jal zero, 12


mem[X,0x80003444] -> 0x0863
mem[X,0x80003446] -> 0x00B5
[488] [M]: 0x80003444 (0x00B50863) beq a0, a1, 16


mem[X,0x80003448] -> 0x0113
mem[X,0x8000344A] -> 0x0021
[489] [M]: 0x80003448 (0x00210113) addi sp, sp, 2
x2 <- 0x00000002


mem[X,0x8000344C] -> 0x006F
mem[X,0x8000344E] -> 0x0100
[490] [M]: 0x8000344C (0x0100006F) jal zero, 16


mem[X,0x8000345C] -> 0xA623
mem[X,0x8000345E] -> 0x0620
[491] [M]: 0x8000345C (0x0620A623) sw sp, 108(ra)
mem[0x8003A1D4] <- 0x00000002


mem[X,0x80003460] -> 0xF537
mem[X,0x80003462] -> 0xFFFF
[492] [M]: 0x80003460 (0xFFFFF537) lui a0, 1048575
x10 <- 0xFFFFF000


mem[X,0x80003464] -> 0x0513
mem[X,0x80003466] -> 0xFFF5
[493] [M]: 0x80003464 (0xFFF50513) addi a0, a0, 4095
x10 <- 0xFFFFEFFF


mem[X,0x80003468] -> 0x05B7
mem[X,0x8000346A] -> 0xFFFF
[494] [M]: 0x80003468 (0xFFFF05B7) lui a1, 1048560
x11 <- 0xFFFF0000


mem[X,0x8000346C] -> 0x8593
mem[X,0x8000346E] -> 0xFFF5
[495] [M]: 0x8000346C (0xFFF58593) addi a1, a1, 4095
x11 <- 0xFFFEFFFF


mem[X,0x80003470] -> 0x0113
mem[X,0x80003472] -> 0x0000
[496] [M]: 0x80003470 (0x00000113) addi sp, zero, 0
x2 <- 0x00000000


mem[X,0x80003474] -> 0x006F
mem[X,0x80003476] -> 0x0140
[497] [M]: 0x80003474 (0x0140006F) jal zero, 20


mem[X,0x80003488] -> 0x08E3
mem[X,0x8000348A] -> 0xFEB5
[498] [M]: 0x80003488 (0xFEB508E3) beq a0, a1, 8176


mem[X,0x8000348C] -> 0x0113
mem[X,0x8000348E] -> 0x0021
[499] [M]: 0x8000348C (0x00210113) addi sp, sp, 2
x2 <- 0x00000002


clint::tick mtime <- 0x0000000000000005
 clint timer pending at mtime 0x0000000000000005
htif::tick 0x0000000000000000
mem[X,0x80003490] -> 0x006F
mem[X,0x80003492] -> 0x00C0
[500] [M]: 0x80003490 (0x00C0006F) jal zero, 12


mem[X,0x8000349C] -> 0xA823
mem[X,0x8000349E] -> 0x0620
[501] [M]: 0x8000349C (0x0620A823) sw sp, 112(ra)
mem[0x8003A1D8] <- 0x00000002


mem[X,0x800034A0] -> 0x0513
mem[X,0x800034A2] -> 0x0000
[502] [M]: 0x800034A0 (0x00000513) addi a0, zero, 0
x10 <- 0x00000000


mem[X,0x800034A4] -> 0x05B7
mem[X,0x800034A6] -> 0xFFFE
[503] [M]: 0x800034A4 (0xFFFE05B7) lui a1, 1048544
x11 <- 0xFFFE0000


mem[X,0x800034A8] -> 0x8593
mem[X,0x800034AA] -> 0xFFF5
[504] [M]: 0x800034A8 (0xFFF58593) addi a1, a1, 4095
x11 <- 0xFFFDFFFF


mem[X,0x800034AC] -> 0x0113
mem[X,0x800034AE] -> 0x0000
[505] [M]: 0x800034AC (0x00000113) addi sp, zero, 0
x2 <- 0x00000000


mem[X,0x800034B0] -> 0x006F
mem[X,0x800034B2] -> 0x00C0
[506] [M]: 0x800034B0 (0x00C0006F) jal zero, 12


mem[X,0x800034BC] -> 0x0063
mem[X,0x800034BE] -> 0x04B5
[507] [M]: 0x800034BC (0x04B50063) beq a0, a1, 64


mem[X,0x800034C0] -> 0x0113
mem[X,0x800034C2] -> 0x0021
[508] [M]: 0x800034C0 (0x00210113) addi sp, sp, 2
x2 <- 0x00000002


mem[X,0x800034C4] -> 0x006F
mem[X,0x800034C6] -> 0x0400
[509] [M]: 0x800034C4 (0x0400006F) jal zero, 64


mem[X,0x80003504] -> 0xAA23
mem[X,0x80003506] -> 0x0620
[510] [M]: 0x80003504 (0x0620AA23) sw sp, 116(ra)
mem[0x8003A1DC] <- 0x00000002


mem[X,0x80003508] -> 0x0513
mem[X,0x8000350A] -> 0xFEF0
[511] [M]: 0x80003508 (0xFEF00513) addi a0, zero, 4079
x10 <- 0xFFFFFFEF


mem[X,0x8000350C] -> 0x05B7
mem[X,0x8000350E] -> 0xFFFC
[512] [M]: 0x8000350C (0xFFFC05B7) lui a1, 1048512
x11 <- 0xFFFC0000


mem[X,0x80003510] -> 0x8593
mem[X,0x80003512] -> 0xFFF5
[513] [M]: 0x80003510 (0xFFF58593) addi a1, a1, 4095
x11 <- 0xFFFBFFFF


mem[X,0x80003514] -> 0x0113
mem[X,0x80003516] -> 0x0000
[514] [M]: 0x80003514 (0x00000113) addi sp, zero, 0
x2 <- 0x00000000


mem[X,0x80003518] -> 0x006F
mem[X,0x8000351A] -> 0x00C0
[515] [M]: 0x80003518 (0x00C0006F) jal zero, 12


mem[X,0x80003524] -> 0x0063
mem[X,0x80003526] -> 0x08B5
[516] [M]: 0x80003524 (0x08B50063) beq a0, a1, 128


mem[X,0x80003528] -> 0x0113
mem[X,0x8000352A] -> 0x0021
[517] [M]: 0x80003528 (0x00210113) addi sp, sp, 2
x2 <- 0x00000002


mem[X,0x8000352C] -> 0x006F
mem[X,0x8000352E] -> 0x0800
[518] [M]: 0x8000352C (0x0800006F) jal zero, 128


mem[X,0x800035AC] -> 0xAC23
mem[X,0x800035AE] -> 0x0620
[519] [M]: 0x800035AC (0x0620AC23) sw sp, 120(ra)
mem[0x8003A1E0] <- 0x00000002


mem[X,0x800035B0] -> 0x0513
mem[X,0x800035B2] -> 0xDFF0
[520] [M]: 0x800035B0 (0xDFF00513) addi a0, zero, 3583
x10 <- 0xFFFFFDFF


mem[X,0x800035B4] -> 0x05B7
mem[X,0x800035B6] -> 0xFFF8
[521] [M]: 0x800035B4 (0xFFF805B7) lui a1, 1048448
x11 <- 0xFFF80000


mem[X,0x800035B8] -> 0x8593
mem[X,0x800035BA] -> 0xFFF5
[522] [M]: 0x800035B8 (0xFFF58593) addi a1, a1, 4095
x11 <- 0xFFF7FFFF


mem[X,0x800035BC] -> 0x0113
mem[X,0x800035BE] -> 0x0000
[523] [M]: 0x800035BC (0x00000113) addi sp, zero, 0
x2 <- 0x00000000


mem[X,0x800035C0] -> 0x006F
mem[X,0x800035C2] -> 0x0180
[524] [M]: 0x800035C0 (0x0180006F) jal zero, 24


mem[X,0x800035D8] -> 0x06E3
mem[X,0x800035DA] -> 0xFEB5
[525] [M]: 0x800035D8 (0xFEB506E3) beq a0, a1, 8172


mem[X,0x800035DC] -> 0x0113
mem[X,0x800035DE] -> 0x0021
[526] [M]: 0x800035DC (0x00210113) addi sp, sp, 2
x2 <- 0x00000002


mem[X,0x800035E0] -> 0x006F
mem[X,0x800035E2] -> 0x00C0
[527] [M]: 0x800035E0 (0x00C0006F) jal zero, 12


mem[X,0x800035EC] -> 0xAE23
mem[X,0x800035EE] -> 0x0620
[528] [M]: 0x800035EC (0x0620AE23) sw sp, 124(ra)
mem[0x8003A1E4] <- 0x00000002


mem[X,0x800035F0] -> 0xF537
mem[X,0x800035F2] -> 0xFFFF
[529] [M]: 0x800035F0 (0xFFFFF537) lui a0, 1048575
x10 <- 0xFFFFF000


mem[X,0x800035F4] -> 0x0513
mem[X,0x800035F6] -> 0x7FF5
[530] [M]: 0x800035F4 (0x7FF50513) addi a0, a0, 2047
x10 <- 0xFFFFF7FF


mem[X,0x800035F8] -> 0x05B7
mem[X,0x800035FA] -> 0xFFF0
[531] [M]: 0x800035F8 (0xFFF005B7) lui a1, 1048320
x11 <- 0xFFF00000


mem[X,0x800035FC] -> 0x8593
mem[X,0x800035FE] -> 0xFFF5
[532] [M]: 0x800035FC (0xFFF58593) addi a1, a1, 4095
x11 <- 0xFFEFFFFF


mem[X,0x80003600] -> 0x0113
mem[X,0x80003602] -> 0x0000
[533] [M]: 0x80003600 (0x00000113) addi sp, zero, 0
x2 <- 0x00000000


mem[X,0x80003604] -> 0x006F
mem[X,0x80003606] -> 0x2B10
[534] [M]: 0x80003604 (0x2B10006F) jal zero, 2736


mem[X,0x800040B4] -> 0x0A63
mem[X,0x800040B6] -> 0xD4B5
[535] [M]: 0x800040B4 (0xD4B50A63) beq a0, a1, 5460


mem[X,0x800040B8] -> 0x0113
mem[X,0x800040BA] -> 0x0021
[536] [M]: 0x800040B8 (0x00210113) addi sp, sp, 2
x2 <- 0x00000002


mem[X,0x800040BC] -> 0x006F
mem[X,0x800040BE] -> 0x00C0
[537] [M]: 0x800040BC (0x00C0006F) jal zero, 12


mem[X,0x800040C8] -> 0xA023
mem[X,0x800040CA] -> 0x0820
[538] [M]: 0x800040C8 (0x0820A023) sw sp, 128(ra)
mem[0x8003A1E8] <- 0x00000002


mem[X,0x800040CC] -> 0x6537
mem[X,0x800040CE] -> 0x6666
[539] [M]: 0x800040CC (0x66666537) lui a0, 419430
x10 <- 0x66666000


mem[X,0x800040D0] -> 0x0513
mem[X,0x800040D2] -> 0x6665
[540] [M]: 0x800040D0 (0x66650513) addi a0, a0, 1638
x10 <- 0x66666666


mem[X,0x800040D4] -> 0x05B7
mem[X,0x800040D6] -> 0xFFE0
[541] [M]: 0x800040D4 (0xFFE005B7) lui a1, 1048064
x11 <- 0xFFE00000


mem[X,0x800040D8] -> 0x8593
mem[X,0x800040DA] -> 0xFFF5
[542] [M]: 0x800040D8 (0xFFF58593) addi a1, a1, 4095
x11 <- 0xFFDFFFFF


mem[X,0x800040DC] -> 0x0113
mem[X,0x800040DE] -> 0x0000
[543] [M]: 0x800040DC (0x00000113) addi sp, zero, 0
x2 <- 0x00000000


mem[X,0x800040E0] -> 0x006F
mem[X,0x800040E2] -> 0x00C0
[544] [M]: 0x800040E0 (0x00C0006F) jal zero, 12


mem[X,0x800040EC] -> 0x0663
mem[X,0x800040EE] -> 0x00B5
[545] [M]: 0x800040EC (0x00B50663) beq a0, a1, 12


mem[X,0x800040F0] -> 0x0113
mem[X,0x800040F2] -> 0x0021
[546] [M]: 0x800040F0 (0x00210113) addi sp, sp, 2
x2 <- 0x00000002


mem[X,0x800040F4] -> 0x006F
mem[X,0x800040F6] -> 0x00C0
[547] [M]: 0x800040F4 (0x00C0006F) jal zero, 12


mem[X,0x80004100] -> 0xA223
mem[X,0x80004102] -> 0x0820
[548] [M]: 0x80004100 (0x0820A223) sw sp, 132(ra)
mem[0x8003A1EC] <- 0x00000002


mem[X,0x80004104] -> 0xB537
mem[X,0x80004106] -> 0x0000
[549] [M]: 0x80004104 (0x0000B537) lui a0, 11
x10 <- 0x0000B000


mem[X,0x80004108] -> 0x0513
mem[X,0x8000410A] -> 0x5045
[550] [M]: 0x80004108 (0x50450513) addi a0, a0, 1284
x10 <- 0x0000B504


mem[X,0x8000410C] -> 0x05B7
mem[X,0x8000410E] -> 0xFFC0
[551] [M]: 0x8000410C (0xFFC005B7) lui a1, 1047552
x11 <- 0xFFC00000


mem[X,0x80004110] -> 0x8593
mem[X,0x80004112] -> 0xFFF5
[552] [M]: 0x80004110 (0xFFF58593) addi a1, a1, 4095
x11 <- 0xFFBFFFFF


mem[X,0x80004114] -> 0x0113
mem[X,0x80004116] -> 0x0000
[553] [M]: 0x80004114 (0x00000113) addi sp, zero, 0
x2 <- 0x00000000


mem[X,0x80004118] -> 0x006F
mem[X,0x8000411A] -> 0x00C0
[554] [M]: 0x80004118 (0x00C0006F) jal zero, 12


mem[X,0x80004124] -> 0x0863
mem[X,0x80004126] -> 0x00B5
[555] [M]: 0x80004124 (0x00B50863) beq a0, a1, 16


mem[X,0x80004128] -> 0x0113
mem[X,0x8000412A] -> 0x0021
[556] [M]: 0x80004128 (0x00210113) addi sp, sp, 2
x2 <- 0x00000002


mem[X,0x8000412C] -> 0x006F
mem[X,0x8000412E] -> 0x0100
[557] [M]: 0x8000412C (0x0100006F) jal zero, 16


mem[X,0x8000413C] -> 0xA423
mem[X,0x8000413E] -> 0x0820
[558] [M]: 0x8000413C (0x0820A423) sw sp, 136(ra)
mem[0x8003A1F0] <- 0x00000002


mem[X,0x80004140] -> 0x0513
mem[X,0x80004142] -> 0xFFE0
[559] [M]: 0x80004140 (0xFFE00513) addi a0, zero, 4094
x10 <- 0xFFFFFFFE


mem[X,0x80004144] -> 0x05B7
mem[X,0x80004146] -> 0xFF80
[560] [M]: 0x80004144 (0xFF8005B7) lui a1, 1046528
x11 <- 0xFF800000


mem[X,0x80004148] -> 0x8593
mem[X,0x8000414A] -> 0xFFF5
[561] [M]: 0x80004148 (0xFFF58593) addi a1, a1, 4095
x11 <- 0xFF7FFFFF


mem[X,0x8000414C] -> 0x0113
mem[X,0x8000414E] -> 0x0000
[562] [M]: 0x8000414C (0x00000113) addi sp, zero, 0
x2 <- 0x00000000


mem[X,0x80004150] -> 0x006F
mem[X,0x80004152] -> 0x00C0
[563] [M]: 0x80004150 (0x00C0006F) jal zero, 12


mem[X,0x8000415C] -> 0x0063
mem[X,0x8000415E] -> 0x08B5
[564] [M]: 0x8000415C (0x08B50063) beq a0, a1, 128


mem[X,0x80004160] -> 0x0113
mem[X,0x80004162] -> 0x0021
[565] [M]: 0x80004160 (0x00210113) addi sp, sp, 2
x2 <- 0x00000002


mem[X,0x80004164] -> 0x006F
mem[X,0x80004166] -> 0x0800
[566] [M]: 0x80004164 (0x0800006F) jal zero, 128


mem[X,0x800041E4] -> 0xA623
mem[X,0x800041E6] -> 0x0820
[567] [M]: 0x800041E4 (0x0820A623) sw sp, 140(ra)
mem[0x8003A1F4] <- 0x00000002


mem[X,0x800041E8] -> 0xB537
mem[X,0x800041EA] -> 0xAAAA
[568] [M]: 0x800041E8 (0xAAAAB537) lui a0, 699051
x10 <- 0xAAAAB000


mem[X,0x800041EC] -> 0x0513
mem[X,0x800041EE] -> 0xAAA5
[569] [M]: 0x800041EC (0xAAA50513) addi a0, a0, 2730
x10 <- 0xAAAAAAAA


mem[X,0x800041F0] -> 0x05B7
mem[X,0x800041F2] -> 0xFF00
[570] [M]: 0x800041F0 (0xFF0005B7) lui a1, 1044480
x11 <- 0xFF000000


mem[X,0x800041F4] -> 0x8593
mem[X,0x800041F6] -> 0xFFF5
[571] [M]: 0x800041F4 (0xFFF58593) addi a1, a1, 4095
x11 <- 0xFEFFFFFF


mem[X,0x800041F8] -> 0x0113
mem[X,0x800041FA] -> 0x0000
[572] [M]: 0x800041F8 (0x00000113) addi sp, zero, 0
x2 <- 0x00000000


mem[X,0x800041FC] -> 0x006F
mem[X,0x800041FE] -> 0x0050
[573] [M]: 0x800041FC (0x0050006F) jal zero, 2052


mem[X,0x80004A00] -> 0x00E3
mem[X,0x80004A02] -> 0x80B5
[574] [M]: 0x80004A00 (0x80B500E3) beq a0, a1, 6144


mem[X,0x80004A04] -> 0x0113
mem[X,0x80004A06] -> 0x0021
[575] [M]: 0x80004A04 (0x00210113) addi sp, sp, 2
x2 <- 0x00000002


mem[X,0x80004A08] -> 0x006F
mem[X,0x80004A0A] -> 0x00C0
[576] [M]: 0x80004A08 (0x00C0006F) jal zero, 12


mem[X,0x80004A14] -> 0xA823
mem[X,0x80004A16] -> 0x0820
[577] [M]: 0x80004A14 (0x0820A823) sw sp, 144(ra)
mem[0x8003A1F8] <- 0x00000002


mem[X,0x80004A18] -> 0x0513
mem[X,0x80004A1A] -> 0x0090
[578] [M]: 0x80004A18 (0x00900513) addi a0, zero, 9
x10 <- 0x00000009


mem[X,0x80004A1C] -> 0x05B7
mem[X,0x80004A1E] -> 0xFE00
[579] [M]: 0x80004A1C (0xFE0005B7) lui a1, 1040384
x11 <- 0xFE000000


mem[X,0x80004A20] -> 0x8593
mem[X,0x80004A22] -> 0xFFF5
[580] [M]: 0x80004A20 (0xFFF58593) addi a1, a1, 4095
x11 <- 0xFDFFFFFF


mem[X,0x80004A24] -> 0x0113
mem[X,0x80004A26] -> 0x0000
[581] [M]: 0x80004A24 (0x00000113) addi sp, zero, 0
x2 <- 0x00000000


mem[X,0x80004A28] -> 0x006F
mem[X,0x80004A2A] -> 0x00C0
[582] [M]: 0x80004A28 (0x00C0006F) jal zero, 12


mem[X,0x80004A34] -> 0x0CE3
mem[X,0x80004A36] -> 0xFEB5
[583] [M]: 0x80004A34 (0xFEB50CE3) beq a0, a1, 8184


mem[X,0x80004A38] -> 0x0113
mem[X,0x80004A3A] -> 0x0021
[584] [M]: 0x80004A38 (0x00210113) addi sp, sp, 2
x2 <- 0x00000002


mem[X,0x80004A3C] -> 0x006F
mem[X,0x80004A3E] -> 0x00C0
[585] [M]: 0x80004A3C (0x00C0006F) jal zero, 12


mem[X,0x80004A48] -> 0xAA23
mem[X,0x80004A4A] -> 0x0820
[586] [M]: 0x80004A48 (0x0820AA23) sw sp, 148(ra)
mem[0x8003A1FC] <- 0x00000002


mem[X,0x80004A4C] -> 0x0513
mem[X,0x80004A4E] -> 0x4000
[587] [M]: 0x80004A4C (0x40000513) addi a0, zero, 1024
x10 <- 0x00000400


mem[X,0x80004A50] -> 0x05B7
mem[X,0x80004A52] -> 0xFC00
[588] [M]: 0x80004A50 (0xFC0005B7) lui a1, 1032192
x11 <- 0xFC000000


mem[X,0x80004A54] -> 0x8593
mem[X,0x80004A56] -> 0xFFF5
[589] [M]: 0x80004A54 (0xFFF58593) addi a1, a1, 4095
x11 <- 0xFBFFFFFF


mem[X,0x80004A58] -> 0x0113
mem[X,0x80004A5A] -> 0x0000
[590] [M]: 0x80004A58 (0x00000113) addi sp, zero, 0
x2 <- 0x00000000


mem[X,0x80004A5C] -> 0x006F
mem[X,0x80004A5E] -> 0x00C0
[591] [M]: 0x80004A5C (0x00C0006F) jal zero, 12


mem[X,0x80004A68] -> 0x0663
mem[X,0x80004A6A] -> 0x00B5
[592] [M]: 0x80004A68 (0x00B50663) beq a0, a1, 12


mem[X,0x80004A6C] -> 0x0113
mem[X,0x80004A6E] -> 0x0021
[593] [M]: 0x80004A6C (0x00210113) addi sp, sp, 2
x2 <- 0x00000002


mem[X,0x80004A70] -> 0x006F
mem[X,0x80004A72] -> 0x00C0
[594] [M]: 0x80004A70 (0x00C0006F) jal zero, 12


mem[X,0x80004A7C] -> 0xAC23
mem[X,0x80004A7E] -> 0x0820
[595] [M]: 0x80004A7C (0x0820AC23) sw sp, 152(ra)
mem[0x8003A200] <- 0x00000002


mem[X,0x80004A80] -> 0x0513
mem[X,0x80004A82] -> 0xFFD0
[596] [M]: 0x80004A80 (0xFFD00513) addi a0, zero, 4093
x10 <- 0xFFFFFFFD


mem[X,0x80004A84] -> 0x05B7
mem[X,0x80004A86] -> 0xF800
[597] [M]: 0x80004A84 (0xF80005B7) lui a1, 1015808
x11 <- 0xF8000000


mem[X,0x80004A88] -> 0x8593
mem[X,0x80004A8A] -> 0xFFF5
[598] [M]: 0x80004A88 (0xFFF58593) addi a1, a1, 4095
x11 <- 0xF7FFFFFF


mem[X,0x80004A8C] -> 0x0113
mem[X,0x80004A8E] -> 0x0000
[599] [M]: 0x80004A8C (0x00000113) addi sp, zero, 0
x2 <- 0x00000000


clint::tick mtime <- 0x0000000000000006
 clint timer pending at mtime 0x0000000000000006
htif::tick 0x0000000000000000
mem[X,0x80004A90] -> 0x006F
mem[X,0x80004A92] -> 0x0050
[600] [M]: 0x80004A90 (0x0050006F) jal zero, 2052


mem[X,0x80005294] -> 0x00E3
mem[X,0x80005296] -> 0x80B5
[601] [M]: 0x80005294 (0x80B500E3) beq a0, a1, 6144


mem[X,0x80005298] -> 0x0113
mem[X,0x8000529A] -> 0x0021
[602] [M]: 0x80005298 (0x00210113) addi sp, sp, 2
x2 <- 0x00000002


mem[X,0x8000529C] -> 0x006F
mem[X,0x8000529E] -> 0x00C0
[603] [M]: 0x8000529C (0x00C0006F) jal zero, 12


mem[X,0x800052A8] -> 0xAE23
mem[X,0x800052AA] -> 0x0820
[604] [M]: 0x800052A8 (0x0820AE23) sw sp, 156(ra)
mem[0x8003A204] <- 0x00000002


mem[X,0x800052AC] -> 0x0513
mem[X,0x800052AE] -> 0xFFF0
[605] [M]: 0x800052AC (0xFFF00513) addi a0, zero, 4095
x10 <- 0xFFFFFFFF


mem[X,0x800052B0] -> 0x05B7
mem[X,0x800052B2] -> 0xF000
[606] [M]: 0x800052B0 (0xF00005B7) lui a1, 983040
x11 <- 0xF0000000


mem[X,0x800052B4] -> 0x8593
mem[X,0x800052B6] -> 0xFFF5
[607] [M]: 0x800052B4 (0xFFF58593) addi a1, a1, 4095
x11 <- 0xEFFFFFFF


mem[X,0x800052B8] -> 0x0113
mem[X,0x800052BA] -> 0x0000
[608] [M]: 0x800052B8 (0x00000113) addi sp, zero, 0
x2 <- 0x00000000


mem[X,0x800052BC] -> 0x006F
mem[X,0x800052BE] -> 0x0180
[609] [M]: 0x800052BC (0x0180006F) jal zero, 24


mem[X,0x800052D4] -> 0x06E3
mem[X,0x800052D6] -> 0xFEB5
[610] [M]: 0x800052D4 (0xFEB506E3) beq a0, a1, 8172


mem[X,0x800052D8] -> 0x0113
mem[X,0x800052DA] -> 0x0021
[611] [M]: 0x800052D8 (0x00210113) addi sp, sp, 2
x2 <- 0x00000002


mem[X,0x800052DC] -> 0x006F
mem[X,0x800052DE] -> 0x00C0
[612] [M]: 0x800052DC (0x00C0006F) jal zero, 12


mem[X,0x800052E8] -> 0xA023
mem[X,0x800052EA] -> 0x0A20
[613] [M]: 0x800052E8 (0x0A20A023) sw sp, 160(ra)
mem[0x8003A208] <- 0x00000002


mem[X,0x800052EC] -> 0x2537
mem[X,0x800052EE] -> 0x0000
[614] [M]: 0x800052EC (0x00002537) lui a0, 2
x10 <- 0x00002000


mem[X,0x800052F0] -> 0x05B7
mem[X,0x800052F2] -> 0xE000
[615] [M]: 0x800052F0 (0xE00005B7) lui a1, 917504
x11 <- 0xE0000000


mem[X,0x800052F4] -> 0x8593
mem[X,0x800052F6] -> 0xFFF5
[616] [M]: 0x800052F4 (0xFFF58593) addi a1, a1, 4095
x11 <- 0xDFFFFFFF


mem[X,0x800052F8] -> 0x0113
mem[X,0x800052FA] -> 0x0000
[617] [M]: 0x800052F8 (0x00000113) addi sp, zero, 0
x2 <- 0x00000000


mem[X,0x800052FC] -> 0x006F
mem[X,0x800052FE] -> 0x00C0
[618] [M]: 0x800052FC (0x00C0006F) jal zero, 12


mem[X,0x80005308] -> 0x0063
mem[X,0x8000530A] -> 0x08B5
[619] [M]: 0x80005308 (0x08B50063) beq a0, a1, 128


mem[X,0x8000530C] -> 0x0113
mem[X,0x8000530E] -> 0x0021
[620] [M]: 0x8000530C (0x00210113) addi sp, sp, 2
x2 <- 0x00000002


mem[X,0x80005310] -> 0x006F
mem[X,0x80005312] -> 0x0800
[621] [M]: 0x80005310 (0x0800006F) jal zero, 128


mem[X,0x80005390] -> 0xA223
mem[X,0x80005392] -> 0x0A20
[622] [M]: 0x80005390 (0x0A20A223) sw sp, 164(ra)
mem[0x8003A20C] <- 0x00000002


mem[X,0x80005394] -> 0x0513
mem[X,0x80005396] -> 0x0040
[623] [M]: 0x80005394 (0x00400513) addi a0, zero, 4
x10 <- 0x00000004


mem[X,0x80005398] -> 0x05B7
mem[X,0x8000539A] -> 0xC000
[624] [M]: 0x80005398 (0xC00005B7) lui a1, 786432
x11 <- 0xC0000000


mem[X,0x8000539C] -> 0x8593
mem[X,0x8000539E] -> 0xFFF5
[625] [M]: 0x8000539C (0xFFF58593) addi a1, a1, 4095
x11 <- 0xBFFFFFFF


mem[X,0x800053A0] -> 0x0113
mem[X,0x800053A2] -> 0x0000
[626] [M]: 0x800053A0 (0x00000113) addi sp, zero, 0
x2 <- 0x00000000


mem[X,0x800053A4] -> 0x006F
mem[X,0x800053A6] -> 0x00C0
[627] [M]: 0x800053A4 (0x00C0006F) jal zero, 12


mem[X,0x800053B0] -> 0x0663
mem[X,0x800053B2] -> 0x00B5
[628] [M]: 0x800053B0 (0x00B50663) beq a0, a1, 12


mem[X,0x800053B4] -> 0x0113
mem[X,0x800053B6] -> 0x0021
[629] [M]: 0x800053B4 (0x00210113) addi sp, sp, 2
x2 <- 0x00000002


mem[X,0x800053B8] -> 0x006F
mem[X,0x800053BA] -> 0x00C0
[630] [M]: 0x800053B8 (0x00C0006F) jal zero, 12


mem[X,0x800053C4] -> 0xA423
mem[X,0x800053C6] -> 0x0A20
[631] [M]: 0x800053C4 (0x0A20A423) sw sp, 168(ra)
mem[0x8003A210] <- 0x00000002


mem[X,0x800053C8] -> 0x0537
mem[X,0x800053CA] -> 0xFE00
[632] [M]: 0x800053C8 (0xFE000537) lui a0, 1040384
x10 <- 0xFE000000


mem[X,0x800053CC] -> 0x0513
mem[X,0x800053CE] -> 0xFFF5
[633] [M]: 0x800053CC (0xFFF50513) addi a0, a0, 4095
x10 <- 0xFDFFFFFF


mem[X,0x800053D0] -> 0x05B7
mem[X,0x800053D2] -> 0x8000
[634] [M]: 0x800053D0 (0x800005B7) lui a1, 524288
x11 <- 0x80000000


mem[X,0x800053D4] -> 0x8593
mem[X,0x800053D6] -> 0xFFF5
[635] [M]: 0x800053D4 (0xFFF58593) addi a1, a1, 4095
x11 <- 0x7FFFFFFF


mem[X,0x800053D8] -> 0x0113
mem[X,0x800053DA] -> 0x0000
[636] [M]: 0x800053D8 (0x00000113) addi sp, zero, 0
x2 <- 0x00000000


mem[X,0x800053DC] -> 0x006F
mem[X,0x800053DE] -> 0x00C0
[637] [M]: 0x800053DC (0x00C0006F) jal zero, 12


mem[X,0x800053E8] -> 0x0663
mem[X,0x800053EA] -> 0x00B5
[638] [M]: 0x800053E8 (0x00B50663) beq a0, a1, 12


mem[X,0x800053EC] -> 0x0113
mem[X,0x800053EE] -> 0x0021
[639] [M]: 0x800053EC (0x00210113) addi sp, sp, 2
x2 <- 0x00000002


mem[X,0x800053F0] -> 0x006F
mem[X,0x800053F2] -> 0x00C0
[640] [M]: 0x800053F0 (0x00C0006F) jal zero, 12


mem[X,0x800053FC] -> 0xA623
mem[X,0x800053FE] -> 0x0A20
[641] [M]: 0x800053FC (0x0A20A623) sw sp, 172(ra)
mem[0x8003A214] <- 0x00000002


mem[X,0x80005400] -> 0x0537
mem[X,0x80005402] -> 0x0008
[642] [M]: 0x80005400 (0x00080537) lui a0, 128
x10 <- 0x00080000


mem[X,0x80005404] -> 0x55B7
mem[X,0x80005406] -> 0x5555
[643] [M]: 0x80005404 (0x555555B7) lui a1, 349525
x11 <- 0x55555000


mem[X,0x80005408] -> 0x8593
mem[X,0x8000540A] -> 0x5555
[644] [M]: 0x80005408 (0x55558593) addi a1, a1, 1365
x11 <- 0x55555555


mem[X,0x8000540C] -> 0x0113
mem[X,0x8000540E] -> 0x0000
[645] [M]: 0x8000540C (0x00000113) addi sp, zero, 0
x2 <- 0x00000000


mem[X,0x80005410] -> 0x006F
mem[X,0x80005412] -> 0x00C0
[646] [M]: 0x80005410 (0x00C0006F) jal zero, 12


mem[X,0x8000541C] -> 0x0063
mem[X,0x8000541E] -> 0x40B5
[647] [M]: 0x8000541C (0x40B50063) beq a0, a1, 1024


mem[X,0x80005420] -> 0x0113
mem[X,0x80005422] -> 0x0021
[648] [M]: 0x80005420 (0x00210113) addi sp, sp, 2
x2 <- 0x00000002


mem[X,0x80005424] -> 0x006F
mem[X,0x80005426] -> 0x4000
[649] [M]: 0x80005424 (0x4000006F) jal zero, 1024


mem[X,0x80005824] -> 0xA823
mem[X,0x80005826] -> 0x0A20
[650] [M]: 0x80005824 (0x0A20A823) sw sp, 176(ra)
mem[0x8003A218] <- 0x00000002


mem[X,0x80005828] -> 0xB537
mem[X,0x8000582A] -> 0x0000
[651] [M]: 0x80005828 (0x0000B537) lui a0, 11
x10 <- 0x0000B000


mem[X,0x8000582C] -> 0x0513
mem[X,0x8000582E] -> 0x5045
[652] [M]: 0x8000582C (0x50450513) addi a0, a0, 1284
x10 <- 0x0000B504


mem[X,0x80005830] -> 0xB5B7
mem[X,0x80005832] -> 0xAAAA
[653] [M]: 0x80005830 (0xAAAAB5B7) lui a1, 699051
x11 <- 0xAAAAB000


mem[X,0x80005834] -> 0x8593
mem[X,0x80005836] -> 0xAAA5
[654] [M]: 0x80005834 (0xAAA58593) addi a1, a1, 2730
x11 <- 0xAAAAAAAA


mem[X,0x80005838] -> 0x0113
mem[X,0x8000583A] -> 0x0000
[655] [M]: 0x80005838 (0x00000113) addi sp, zero, 0
x2 <- 0x00000000


mem[X,0x8000583C] -> 0x006F
mem[X,0x8000583E] -> 0x0100
[656] [M]: 0x8000583C (0x0100006F) jal zero, 16


mem[X,0x8000584C] -> 0x0AE3
mem[X,0x8000584E] -> 0xFEB5
[657] [M]: 0x8000584C (0xFEB50AE3) beq a0, a1, 8180


mem[X,0x80005850] -> 0x0113
mem[X,0x80005852] -> 0x0021
[658] [M]: 0x80005850 (0x00210113) addi sp, sp, 2
x2 <- 0x00000002


mem[X,0x80005854] -> 0x006F
mem[X,0x80005856] -> 0x00C0
[659] [M]: 0x80005854 (0x00C0006F) jal zero, 12


mem[X,0x80005860] -> 0xAA23
mem[X,0x80005862] -> 0x0A20
[660] [M]: 0x80005860 (0x0A20AA23) sw sp, 180(ra)
mem[0x8003A21C] <- 0x00000002


mem[X,0x80005864] -> 0x0513
mem[X,0x80005866] -> 0x0010
[661] [M]: 0x80005864 (0x00100513) addi a0, zero, 1
x10 <- 0x00000001


mem[X,0x80005868] -> 0x05B7
mem[X,0x8000586A] -> 0x0008
[662] [M]: 0x80005868 (0x000805B7) lui a1, 128
x11 <- 0x00080000


mem[X,0x8000586C] -> 0x0113
mem[X,0x8000586E] -> 0x0000
[663] [M]: 0x8000586C (0x00000113) addi sp, zero, 0
x2 <- 0x00000000


mem[X,0x80005870] -> 0x006F
mem[X,0x80005872] -> 0x00C0
[664] [M]: 0x80005870 (0x00C0006F) jal zero, 12


mem[X,0x8000587C] -> 0x0063
mem[X,0x8000587E] -> 0x10B5
[665] [M]: 0x8000587C (0x10B50063) beq a0, a1, 256


mem[X,0x80005880] -> 0x0113
mem[X,0x80005882] -> 0x0021
[666] [M]: 0x80005880 (0x00210113) addi sp, sp, 2
x2 <- 0x00000002


mem[X,0x80005884] -> 0x006F
mem[X,0x80005886] -> 0x1000
[667] [M]: 0x80005884 (0x1000006F) jal zero, 256


mem[X,0x80005984] -> 0xAC23
mem[X,0x80005986] -> 0x0A20
[668] [M]: 0x80005984 (0x0A20AC23) sw sp, 184(ra)
mem[0x8003A220] <- 0x00000002


mem[X,0x80005988] -> 0x0513
mem[X,0x8000598A] -> 0x0020
[669] [M]: 0x80005988 (0x00200513) addi a0, zero, 2
x10 <- 0x00000002


mem[X,0x8000598C] -> 0x0593
mem[X,0x8000598E] -> 0x0040
[670] [M]: 0x8000598C (0x00400593) addi a1, zero, 4
x11 <- 0x00000004


mem[X,0x80005990] -> 0x0113
mem[X,0x80005992] -> 0x0000
[671] [M]: 0x80005990 (0x00000113) addi sp, zero, 0
x2 <- 0x00000000


mem[X,0x80005994] -> 0x006F
mem[X,0x80005996] -> 0x00C0
[672] [M]: 0x80005994 (0x00C0006F) jal zero, 12


mem[X,0x800059A0] -> 0x0663
mem[X,0x800059A2] -> 0x00B5
[673] [M]: 0x800059A0 (0x00B50663) beq a0, a1, 12


mem[X,0x800059A4] -> 0x0113
mem[X,0x800059A6] -> 0x0021
[674] [M]: 0x800059A4 (0x00210113) addi sp, sp, 2
x2 <- 0x00000002


mem[X,0x800059A8] -> 0x006F
mem[X,0x800059AA] -> 0x00C0
[675] [M]: 0x800059A8 (0x00C0006F) jal zero, 12


mem[X,0x800059B4] -> 0xAE23
mem[X,0x800059B6] -> 0x0A20
[676] [M]: 0x800059B4 (0x0A20AE23) sw sp, 188(ra)
mem[0x8003A224] <- 0x00000002


mem[X,0x800059B8] -> 0x0513
mem[X,0x800059BA] -> 0x0100
[677] [M]: 0x800059B8 (0x01000513) addi a0, zero, 16
x10 <- 0x00000010


mem[X,0x800059BC] -> 0x0593
mem[X,0x800059BE] -> 0x0800
[678] [M]: 0x800059BC (0x08000593) addi a1, zero, 128
x11 <- 0x00000080


mem[X,0x800059C0] -> 0x0113
mem[X,0x800059C2] -> 0x0000
[679] [M]: 0x800059C0 (0x00000113) addi sp, zero, 0
x2 <- 0x00000000


mem[X,0x800059C4] -> 0x006F
mem[X,0x800059C6] -> 0x00C0
[680] [M]: 0x800059C4 (0x00C0006F) jal zero, 12


mem[X,0x800059D0] -> 0x0063
mem[X,0x800059D2] -> 0x08B5
[681] [M]: 0x800059D0 (0x08B50063) beq a0, a1, 128


mem[X,0x800059D4] -> 0x0113
mem[X,0x800059D6] -> 0x0021
[682] [M]: 0x800059D4 (0x00210113) addi sp, sp, 2
x2 <- 0x00000002


mem[X,0x800059D8] -> 0x006F
mem[X,0x800059DA] -> 0x0800
[683] [M]: 0x800059D8 (0x0800006F) jal zero, 128


mem[X,0x80005A58] -> 0xA023
mem[X,0x80005A5A] -> 0x0C20
[684] [M]: 0x80005A58 (0x0C20A023) sw sp, 192(ra)
mem[0x8003A228] <- 0x00000002


mem[X,0x80005A5C] -> 0x0513
mem[X,0x80005A5E] -> 0x0200
[685] [M]: 0x80005A5C (0x02000513) addi a0, zero, 32
x10 <- 0x00000020


mem[X,0x80005A60] -> 0x05B7
mem[X,0x80005A62] -> 0x4000
[686] [M]: 0x80005A60 (0x400005B7) lui a1, 262144
x11 <- 0x40000000


mem[X,0x80005A64] -> 0x8593
mem[X,0x80005A66] -> 0xFFF5
[687] [M]: 0x80005A64 (0xFFF58593) addi a1, a1, 4095
x11 <- 0x3FFFFFFF


mem[X,0x80005A68] -> 0x0113
mem[X,0x80005A6A] -> 0x0000
[688] [M]: 0x80005A68 (0x00000113) addi sp, zero, 0
x2 <- 0x00000000


mem[X,0x80005A6C] -> 0x006F
mem[X,0x80005A6E] -> 0x00C0
[689] [M]: 0x80005A6C (0x00C0006F) jal zero, 12


mem[X,0x80005A78] -> 0x0663
mem[X,0x80005A7A] -> 0x00B5
[690] [M]: 0x80005A78 (0x00B50663) beq a0, a1, 12


mem[X,0x80005A7C] -> 0x0113
mem[X,0x80005A7E] -> 0x0021
[691] [M]: 0x80005A7C (0x00210113) addi sp, sp, 2
x2 <- 0x00000002


mem[X,0x80005A80] -> 0x006F
mem[X,0x80005A82] -> 0x00C0
[692] [M]: 0x80005A80 (0x00C0006F) jal zero, 12


mem[X,0x80005A8C] -> 0xA223
mem[X,0x80005A8E] -> 0x0C20
[693] [M]: 0x80005A8C (0x0C20A223) sw sp, 196(ra)
mem[0x8003A22C] <- 0x00000002


mem[X,0x80005A90] -> 0x0513
mem[X,0x80005A92] -> 0x0400
[694] [M]: 0x80005A90 (0x04000513) addi a0, zero, 64
x10 <- 0x00000040


mem[X,0x80005A94] -> 0x0593
mem[X,0x80005A96] -> 0x0010
[695] [M]: 0x80005A94 (0x00100593) addi a1, zero, 1
x11 <- 0x00000001


mem[X,0x80005A98] -> 0x0113
mem[X,0x80005A9A] -> 0x0000
[696] [M]: 0x80005A98 (0x00000113) addi sp, zero, 0
x2 <- 0x00000000


mem[X,0x80005A9C] -> 0x006F
mem[X,0x80005A9E] -> 0x0180
[697] [M]: 0x80005A9C (0x0180006F) jal zero, 24


mem[X,0x80005AB4] -> 0x06E3
mem[X,0x80005AB6] -> 0xFEB5
[698] [M]: 0x80005AB4 (0xFEB506E3) beq a0, a1, 8172


mem[X,0x80005AB8] -> 0x0113
mem[X,0x80005ABA] -> 0x0021
[699] [M]: 0x80005AB8 (0x00210113) addi sp, sp, 2
x2 <- 0x00000002


clint::tick mtime <- 0x0000000000000007
 clint timer pending at mtime 0x0000000000000007
htif::tick 0x0000000000000000
mem[X,0x80005ABC] -> 0x006F
mem[X,0x80005ABE] -> 0x00C0
[700] [M]: 0x80005ABC (0x00C0006F) jal zero, 12


mem[X,0x80005AC8] -> 0xA423
mem[X,0x80005ACA] -> 0x0C20
[701] [M]: 0x80005AC8 (0x0C20A423) sw sp, 200(ra)
mem[0x8003A230] <- 0x00000002


mem[X,0x80005ACC] -> 0x0513
mem[X,0x80005ACE] -> 0x1000
[702] [M]: 0x80005ACC (0x10000513) addi a0, zero, 256
x10 <- 0x00000100


mem[X,0x80005AD0] -> 0x35B7
mem[X,0x80005AD2] -> 0x3333
[703] [M]: 0x80005AD0 (0x333335B7) lui a1, 209715
x11 <- 0x33333000


mem[X,0x80005AD4] -> 0x8593
mem[X,0x80005AD6] -> 0x3325
[704] [M]: 0x80005AD4 (0x33258593) addi a1, a1, 818
x11 <- 0x33333332


mem[X,0x80005AD8] -> 0x0113
mem[X,0x80005ADA] -> 0x0000
[705] [M]: 0x80005AD8 (0x00000113) addi sp, zero, 0
x2 <- 0x00000000


mem[X,0x80005ADC] -> 0x006F
mem[X,0x80005ADE] -> 0x00C0
[706] [M]: 0x80005ADC (0x00C0006F) jal zero, 12


mem[X,0x80005AE8] -> 0x0663
mem[X,0x80005AEA] -> 0x00B5
[707] [M]: 0x80005AE8 (0x00B50663) beq a0, a1, 12


mem[X,0x80005AEC] -> 0x0113
mem[X,0x80005AEE] -> 0x0021
[708] [M]: 0x80005AEC (0x00210113) addi sp, sp, 2
x2 <- 0x00000002


mem[X,0x80005AF0] -> 0x006F
mem[X,0x80005AF2] -> 0x00C0
[709] [M]: 0x80005AF0 (0x00C0006F) jal zero, 12


mem[X,0x80005AFC] -> 0xA623
mem[X,0x80005AFE] -> 0x0C20
[710] [M]: 0x80005AFC (0x0C20A623) sw sp, 204(ra)
mem[0x8003A234] <- 0x00000002


mem[X,0x80005B00] -> 0x1537
mem[X,0x80005B02] -> 0x0000
[711] [M]: 0x80005B00 (0x00001537) lui a0, 1
x10 <- 0x00001000


mem[X,0x80005B04] -> 0x0593
mem[X,0x80005B06] -> 0x1000
[712] [M]: 0x80005B04 (0x10000593) addi a1, zero, 256
x11 <- 0x00000100


mem[X,0x80005B08] -> 0x0113
mem[X,0x80005B0A] -> 0x0000
[713] [M]: 0x80005B08 (0x00000113) addi sp, zero, 0
x2 <- 0x00000000


mem[X,0x80005B0C] -> 0x006F
mem[X,0x80005B0E] -> 0x2B10
[714] [M]: 0x80005B0C (0x2B10006F) jal zero, 2736


mem[X,0x800065BC] -> 0x0A63
mem[X,0x800065BE] -> 0xD4B5
[715] [M]: 0x800065BC (0xD4B50A63) beq a0, a1, 5460


mem[X,0x800065C0] -> 0x0113
mem[X,0x800065C2] -> 0x0021
[716] [M]: 0x800065C0 (0x00210113) addi sp, sp, 2
x2 <- 0x00000002


mem[X,0x800065C4] -> 0x006F
mem[X,0x800065C6] -> 0x00C0
[717] [M]: 0x800065C4 (0x00C0006F) jal zero, 12


mem[X,0x800065D0] -> 0xA823
mem[X,0x800065D2] -> 0x0C20
[718] [M]: 0x800065D0 (0x0C20A823) sw sp, 208(ra)
mem[0x8003A238] <- 0x00000002


mem[X,0x800065D4] -> 0x4537
mem[X,0x800065D6] -> 0x0000
[719] [M]: 0x800065D4 (0x00004537) lui a0, 4
x10 <- 0x00004000


mem[X,0x800065D8] -> 0x0593
mem[X,0x800065DA] -> 0xFF60
[720] [M]: 0x800065D8 (0xFF600593) addi a1, zero, 4086
x11 <- 0xFFFFFFF6


mem[X,0x800065DC] -> 0x0113
mem[X,0x800065DE] -> 0x0000
[721] [M]: 0x800065DC (0x00000113) addi sp, zero, 0
x2 <- 0x00000000


mem[X,0x800065E0] -> 0x006F
mem[X,0x800065E2] -> 0x00C0
[722] [M]: 0x800065E0 (0x00C0006F) jal zero, 12


mem[X,0x800065EC] -> 0x0663
mem[X,0x800065EE] -> 0x00B5
[723] [M]: 0x800065EC (0x00B50663) beq a0, a1, 12


mem[X,0x800065F0] -> 0x0113
mem[X,0x800065F2] -> 0x0021
[724] [M]: 0x800065F0 (0x00210113) addi sp, sp, 2
x2 <- 0x00000002


mem[X,0x800065F4] -> 0x006F
mem[X,0x800065F6] -> 0x00C0
[725] [M]: 0x800065F4 (0x00C0006F) jal zero, 12


mem[X,0x80006600] -> 0xAA23
mem[X,0x80006602] -> 0x0C20
[726] [M]: 0x80006600 (0x0C20AA23) sw sp, 212(ra)
mem[0x8003A23C] <- 0x00000002


mem[X,0x80006604] -> 0x0537
mem[X,0x80006606] -> 0x0001
[727] [M]: 0x80006604 (0x00010537) lui a0, 16
x10 <- 0x00010000


mem[X,0x80006608] -> 0x0593
mem[X,0x8000660A] -> 0xFF80
[728] [M]: 0x80006608 (0xFF800593) addi a1, zero, 4088
x11 <- 0xFFFFFFF8


mem[X,0x8000660C] -> 0x0113
mem[X,0x8000660E] -> 0x0000
[729] [M]: 0x8000660C (0x00000113) addi sp, zero, 0
x2 <- 0x00000000


mem[X,0x80006610] -> 0x006F
mem[X,0x80006612] -> 0x00C0
[730] [M]: 0x80006610 (0x00C0006F) jal zero, 12


mem[X,0x8000661C] -> 0x0663
mem[X,0x8000661E] -> 0x00B5
[731] [M]: 0x8000661C (0x00B50663) beq a0, a1, 12


mem[X,0x80006620] -> 0x0113
mem[X,0x80006622] -> 0x0021
[732] [M]: 0x80006620 (0x00210113) addi sp, sp, 2
x2 <- 0x00000002


mem[X,0x80006624] -> 0x006F
mem[X,0x80006626] -> 0x00C0
[733] [M]: 0x80006624 (0x00C0006F) jal zero, 12


mem[X,0x80006630] -> 0xAC23
mem[X,0x80006632] -> 0x0C20
[734] [M]: 0x80006630 (0x0C20AC23) sw sp, 216(ra)
mem[0x8003A240] <- 0x00000002


mem[X,0x80006634] -> 0x0537
mem[X,0x80006636] -> 0x0002
[735] [M]: 0x80006634 (0x00020537) lui a0, 32
x10 <- 0x00020000


mem[X,0x80006638] -> 0x55B7
mem[X,0x8000663A] -> 0x5555
[736] [M]: 0x80006638 (0x555555B7) lui a1, 349525
x11 <- 0x55555000


mem[X,0x8000663C] -> 0x8593
mem[X,0x8000663E] -> 0x5555
[737] [M]: 0x8000663C (0x55558593) addi a1, a1, 1365
x11 <- 0x55555555


mem[X,0x80006640] -> 0x0113
mem[X,0x80006642] -> 0x0000
[738] [M]: 0x80006640 (0x00000113) addi sp, zero, 0
x2 <- 0x00000000


mem[X,0x80006644] -> 0x006F
mem[X,0x80006646] -> 0x0050
[739] [M]: 0x80006644 (0x0050006F) jal zero, 2052


mem[X,0x80006E48] -> 0x00E3
mem[X,0x80006E4A] -> 0x80B5
[740] [M]: 0x80006E48 (0x80B500E3) beq a0, a1, 6144


mem[X,0x80006E4C] -> 0x0113
mem[X,0x80006E4E] -> 0x0021
[741] [M]: 0x80006E4C (0x00210113) addi sp, sp, 2
x2 <- 0x00000002


mem[X,0x80006E50] -> 0x006F
mem[X,0x80006E52] -> 0x00C0
[742] [M]: 0x80006E50 (0x00C0006F) jal zero, 12


mem[X,0x80006E5C] -> 0xAE23
mem[X,0x80006E5E] -> 0x0C20
[743] [M]: 0x80006E5C (0x0C20AE23) sw sp, 220(ra)
mem[0x8003A244] <- 0x00000002


mem[X,0x80006E60] -> 0x0537
mem[X,0x80006E62] -> 0x0004
[744] [M]: 0x80006E60 (0x00040537) lui a0, 64
x10 <- 0x00040000


mem[X,0x80006E64] -> 0xF5B7
mem[X,0x80006E66] -> 0xFFFF
[745] [M]: 0x80006E64 (0xFFFFF5B7) lui a1, 1048575
x11 <- 0xFFFFF000


mem[X,0x80006E68] -> 0x8593
mem[X,0x80006E6A] -> 0xFFF5
[746] [M]: 0x80006E68 (0xFFF58593) addi a1, a1, 4095
x11 <- 0xFFFFEFFF


mem[X,0x80006E6C] -> 0x0113
mem[X,0x80006E6E] -> 0x0000
[747] [M]: 0x80006E6C (0x00000113) addi sp, zero, 0
x2 <- 0x00000000


mem[X,0x80006E70] -> 0x006F
mem[X,0x80006E72] -> 0x00C0
[748] [M]: 0x80006E70 (0x00C0006F) jal zero, 12


mem[X,0x80006E7C] -> 0x0063
mem[X,0x80006E7E] -> 0x02B5
[749] [M]: 0x80006E7C (0x02B50063) beq a0, a1, 32


mem[X,0x80006E80] -> 0x0113
mem[X,0x80006E82] -> 0x0021
[750] [M]: 0x80006E80 (0x00210113) addi sp, sp, 2
x2 <- 0x00000002


mem[X,0x80006E84] -> 0x006F
mem[X,0x80006E86] -> 0x0200
[751] [M]: 0x80006E84 (0x0200006F) jal zero, 32


mem[X,0x80006EA4] -> 0xA023
mem[X,0x80006EA6] -> 0x0E20
[752] [M]: 0x80006EA4 (0x0E20A023) sw sp, 224(ra)
mem[0x8003A248] <- 0x00000002


mem[X,0x80006EA8] -> 0x0537
mem[X,0x80006EAA] -> 0x0080
[753] [M]: 0x80006EA8 (0x00800537) lui a0, 2048
x10 <- 0x00800000


mem[X,0x80006EAC] -> 0x05B7
mem[X,0x80006EAE] -> 0xFFC0
[754] [M]: 0x80006EAC (0xFFC005B7) lui a1, 1047552
x11 <- 0xFFC00000


mem[X,0x80006EB0] -> 0x8593
mem[X,0x80006EB2] -> 0xFFF5
[755] [M]: 0x80006EB0 (0xFFF58593) addi a1, a1, 4095
x11 <- 0xFFBFFFFF


mem[X,0x80006EB4] -> 0x0113
mem[X,0x80006EB6] -> 0x0000
[756] [M]: 0x80006EB4 (0x00000113) addi sp, zero, 0
x2 <- 0x00000000


mem[X,0x80006EB8] -> 0x006F
mem[X,0x80006EBA] -> 0x00C0
[757] [M]: 0x80006EB8 (0x00C0006F) jal zero, 12


mem[X,0x80006EC4] -> 0x0063
mem[X,0x80006EC6] -> 0x40B5
[758] [M]: 0x80006EC4 (0x40B50063) beq a0, a1, 1024


mem[X,0x80006EC8] -> 0x0113
mem[X,0x80006ECA] -> 0x0021
[759] [M]: 0x80006EC8 (0x00210113) addi sp, sp, 2
x2 <- 0x00000002


mem[X,0x80006ECC] -> 0x006F
mem[X,0x80006ECE] -> 0x4000
[760] [M]: 0x80006ECC (0x4000006F) jal zero, 1024


mem[X,0x800072CC] -> 0xA223
mem[X,0x800072CE] -> 0x0E20
[761] [M]: 0x800072CC (0x0E20A223) sw sp, 228(ra)
mem[0x8003A24C] <- 0x00000002


mem[X,0x800072D0] -> 0x0537
mem[X,0x800072D2] -> 0x0200
[762] [M]: 0x800072D0 (0x02000537) lui a0, 8192
x10 <- 0x02000000


mem[X,0x800072D4] -> 0x0593
mem[X,0x800072D6] -> 0xFBF0
[763] [M]: 0x800072D4 (0xFBF00593) addi a1, zero, 4031
x11 <- 0xFFFFFFBF


mem[X,0x800072D8] -> 0x0113
mem[X,0x800072DA] -> 0x0000
[764] [M]: 0x800072D8 (0x00000113) addi sp, zero, 0
x2 <- 0x00000000


mem[X,0x800072DC] -> 0x006F
mem[X,0x800072DE] -> 0x00C0
[765] [M]: 0x800072DC (0x00C0006F) jal zero, 12


mem[X,0x800072E8] -> 0x0063
mem[X,0x800072EA] -> 0x40B5
[766] [M]: 0x800072E8 (0x40B50063) beq a0, a1, 1024


mem[X,0x800072EC] -> 0x0113
mem[X,0x800072EE] -> 0x0021
[767] [M]: 0x800072EC (0x00210113) addi sp, sp, 2
x2 <- 0x00000002


mem[X,0x800072F0] -> 0x006F
mem[X,0x800072F2] -> 0x4000
[768] [M]: 0x800072F0 (0x4000006F) jal zero, 1024


mem[X,0x800076F0] -> 0xA423
mem[X,0x800076F2] -> 0x0E20
[769] [M]: 0x800076F0 (0x0E20A423) sw sp, 232(ra)
mem[0x8003A250] <- 0x00000002


mem[X,0x800076F4] -> 0x0537
mem[X,0x800076F6] -> 0x0800
[770] [M]: 0x800076F4 (0x08000537) lui a0, 32768
x10 <- 0x08000000


mem[X,0x800076F8] -> 0x0593
mem[X,0x800076FA] -> 0x0030
[771] [M]: 0x800076F8 (0x00300593) addi a1, zero, 3
x11 <- 0x00000003


mem[X,0x800076FC] -> 0x0113
mem[X,0x800076FE] -> 0x0000
[772] [M]: 0x800076FC (0x00000113) addi sp, zero, 0
x2 <- 0x00000000


mem[X,0x80007700] -> 0x006F
mem[X,0x80007702] -> 0x00C0
[773] [M]: 0x80007700 (0x00C0006F) jal zero, 12


mem[X,0x8000770C] -> 0x0663
mem[X,0x8000770E] -> 0x00B5
[774] [M]: 0x8000770C (0x00B50663) beq a0, a1, 12


mem[X,0x80007710] -> 0x0113
mem[X,0x80007712] -> 0x0021
[775] [M]: 0x80007710 (0x00210113) addi sp, sp, 2
x2 <- 0x00000002


mem[X,0x80007714] -> 0x006F
mem[X,0x80007716] -> 0x00C0
[776] [M]: 0x80007714 (0x00C0006F) jal zero, 12


mem[X,0x80007720] -> 0xA623
mem[X,0x80007722] -> 0x0E20
[777] [M]: 0x80007720 (0x0E20A623) sw sp, 236(ra)
mem[0x8003A254] <- 0x00000002


mem[X,0x80007724] -> 0x0537
mem[X,0x80007726] -> 0x1000
[778] [M]: 0x80007724 (0x10000537) lui a0, 65536
x10 <- 0x10000000


mem[X,0x80007728] -> 0x0593
mem[X,0x8000772A] -> 0x0080
[779] [M]: 0x80007728 (0x00800593) addi a1, zero, 8
x11 <- 0x00000008


mem[X,0x8000772C] -> 0x0113
mem[X,0x8000772E] -> 0x0000
[780] [M]: 0x8000772C (0x00000113) addi sp, zero, 0
x2 <- 0x00000000


mem[X,0x80007730] -> 0x006F
mem[X,0x80007732] -> 0x0180
[781] [M]: 0x80007730 (0x0180006F) jal zero, 24


mem[X,0x80007748] -> 0x06E3
mem[X,0x8000774A] -> 0xFEB5
[782] [M]: 0x80007748 (0xFEB506E3) beq a0, a1, 8172


mem[X,0x8000774C] -> 0x0113
mem[X,0x8000774E] -> 0x0021
[783] [M]: 0x8000774C (0x00210113) addi sp, sp, 2
x2 <- 0x00000002


mem[X,0x80007750] -> 0x006F
mem[X,0x80007752] -> 0x00C0
[784] [M]: 0x80007750 (0x00C0006F) jal zero, 12


mem[X,0x8000775C] -> 0xA823
mem[X,0x8000775E] -> 0x0E20
[785] [M]: 0x8000775C (0x0E20A823) sw sp, 240(ra)
mem[0x8003A258] <- 0x00000002


mem[X,0x80007760] -> 0x0537
mem[X,0x80007762] -> 0x4000
[786] [M]: 0x80007760 (0x40000537) lui a0, 262144
x10 <- 0x40000000


mem[X,0x80007764] -> 0x35B7
mem[X,0x80007766] -> 0x3333
[787] [M]: 0x80007764 (0x333335B7) lui a1, 209715
x11 <- 0x33333000


mem[X,0x80007768] -> 0x8593
mem[X,0x8000776A] -> 0x3335
[788] [M]: 0x80007768 (0x33358593) addi a1, a1, 819
x11 <- 0x33333333


mem[X,0x8000776C] -> 0x0113
mem[X,0x8000776E] -> 0x0000
[789] [M]: 0x8000776C (0x00000113) addi sp, zero, 0
x2 <- 0x00000000


mem[X,0x80007770] -> 0x006F
mem[X,0x80007772] -> 0x00C0
[790] [M]: 0x80007770 (0x00C0006F) jal zero, 12


mem[X,0x8000777C] -> 0x0CE3
mem[X,0x8000777E] -> 0xFEB5
[791] [M]: 0x8000777C (0xFEB50CE3) beq a0, a1, 8184


mem[X,0x80007780] -> 0x0113
mem[X,0x80007782] -> 0x0021
[792] [M]: 0x80007780 (0x00210113) addi sp, sp, 2
x2 <- 0x00000002


mem[X,0x80007784] -> 0x006F
mem[X,0x80007786] -> 0x00C0
[793] [M]: 0x80007784 (0x00C0006F) jal zero, 12


mem[X,0x80007790] -> 0xAA23
mem[X,0x80007792] -> 0x0E20
[794] [M]: 0x80007790 (0x0E20AA23) sw sp, 244(ra)
mem[0x8003A25C] <- 0x00000002


mem[X,0x80007794] -> 0x0513
mem[X,0x80007796] -> 0xFFB0
[795] [M]: 0x80007794 (0xFFB00513) addi a0, zero, 4091
x10 <- 0xFFFFFFFB


mem[X,0x80007798] -> 0x0593
mem[X,0x8000779A] -> 0xFF60
[796] [M]: 0x80007798 (0xFF600593) addi a1, zero, 4086
x11 <- 0xFFFFFFF6


mem[X,0x8000779C] -> 0x0113
mem[X,0x8000779E] -> 0x0000
[797] [M]: 0x8000779C (0x00000113) addi sp, zero, 0
x2 <- 0x00000000


mem[X,0x800077A0] -> 0x006F
mem[X,0x800077A2] -> 0x0050
[798] [M]: 0x800077A0 (0x0050006F) jal zero, 2052


mem[X,0x80007FA4] -> 0x00E3
mem[X,0x80007FA6] -> 0x80B5
[799] [M]: 0x80007FA4 (0x80B500E3) beq a0, a1, 6144


clint::tick mtime <- 0x0000000000000008
 clint timer pending at mtime 0x0000000000000008
htif::tick 0x0000000000000000
mem[X,0x80007FA8] -> 0x0113
mem[X,0x80007FAA] -> 0x0021
[800] [M]: 0x80007FA8 (0x00210113) addi sp, sp, 2
x2 <- 0x00000002


mem[X,0x80007FAC] -> 0x006F
mem[X,0x80007FAE] -> 0x00C0
[801] [M]: 0x80007FAC (0x00C0006F) jal zero, 12


mem[X,0x80007FB8] -> 0xAC23
mem[X,0x80007FBA] -> 0x0E20
[802] [M]: 0x80007FB8 (0x0E20AC23) sw sp, 248(ra)
mem[0x8003A260] <- 0x00000002


mem[X,0x80007FBC] -> 0x0513
mem[X,0x80007FBE] -> 0xFF70
[803] [M]: 0x80007FBC (0xFF700513) addi a0, zero, 4087
x10 <- 0xFFFFFFF7


mem[X,0x80007FC0] -> 0x0593
mem[X,0x80007FC2] -> 0xBFF0
[804] [M]: 0x80007FC0 (0xBFF00593) addi a1, zero, 3071
x11 <- 0xFFFFFBFF


mem[X,0x80007FC4] -> 0x0113
mem[X,0x80007FC6] -> 0x0000
[805] [M]: 0x80007FC4 (0x00000113) addi sp, zero, 0
x2 <- 0x00000000


mem[X,0x80007FC8] -> 0x006F
mem[X,0x80007FCA] -> 0x00C0
[806] [M]: 0x80007FC8 (0x00C0006F) jal zero, 12


mem[X,0x80007FD4] -> 0x0663
mem[X,0x80007FD6] -> 0x00B5
[807] [M]: 0x80007FD4 (0x00B50663) beq a0, a1, 12


mem[X,0x80007FD8] -> 0x0113
mem[X,0x80007FDA] -> 0x0021
[808] [M]: 0x80007FD8 (0x00210113) addi sp, sp, 2
x2 <- 0x00000002


mem[X,0x80007FDC] -> 0x006F
mem[X,0x80007FDE] -> 0x00C0
[809] [M]: 0x80007FDC (0x00C0006F) jal zero, 12


mem[X,0x80007FE8] -> 0xAE23
mem[X,0x80007FEA] -> 0x0E20
[810] [M]: 0x80007FE8 (0x0E20AE23) sw sp, 252(ra)
mem[0x8003A264] <- 0x00000002


mem[X,0x80007FEC] -> 0x0513
mem[X,0x80007FEE] -> 0xFDF0
[811] [M]: 0x80007FEC (0xFDF00513) addi a0, zero, 4063
x10 <- 0xFFFFFFDF


mem[X,0x80007FF0] -> 0xF5B7
mem[X,0x80007FF2] -> 0xFFFF
[812] [M]: 0x80007FF0 (0xFFFFF5B7) lui a1, 1048575
x11 <- 0xFFFFF000


mem[X,0x80007FF4] -> 0x8593
mem[X,0x80007FF6] -> 0x7FF5
[813] [M]: 0x80007FF4 (0x7FF58593) addi a1, a1, 2047
x11 <- 0xFFFFF7FF


mem[X,0x80007FF8] -> 0x0113
mem[X,0x80007FFA] -> 0x0000
[814] [M]: 0x80007FF8 (0x00000113) addi sp, zero, 0
x2 <- 0x00000000


mem[X,0x80007FFC] -> 0x006F
mem[X,0x80007FFE] -> 0x00C0
[815] [M]: 0x80007FFC (0x00C0006F) jal zero, 12


mem[X,0x80008008] -> 0x0663
mem[X,0x8000800A] -> 0x00B5
[816] [M]: 0x80008008 (0x00B50663) beq a0, a1, 12


mem[X,0x8000800C] -> 0x0113
mem[X,0x8000800E] -> 0x0021
[817] [M]: 0x8000800C (0x00210113) addi sp, sp, 2
x2 <- 0x00000002


mem[X,0x80008010] -> 0x006F
mem[X,0x80008012] -> 0x00C0
[818] [M]: 0x80008010 (0x00C0006F) jal zero, 12


mem[X,0x8000801C] -> 0xA023
mem[X,0x8000801E] -> 0x1020
[819] [M]: 0x8000801C (0x1020A023) sw sp, 256(ra)
mem[0x8003A268] <- 0x00000002


mem[X,0x80008020] -> 0x0513
mem[X,0x80008022] -> 0xFBF0
[820] [M]: 0x80008020 (0xFBF00513) addi a0, zero, 4031
x10 <- 0xFFFFFFBF


mem[X,0x80008024] -> 0x0593
mem[X,0x80008026] -> 0x4000
[821] [M]: 0x80008024 (0x40000593) addi a1, zero, 1024
x11 <- 0x00000400


mem[X,0x80008028] -> 0x0113
mem[X,0x8000802A] -> 0x0000
[822] [M]: 0x80008028 (0x00000113) addi sp, zero, 0
x2 <- 0x00000000


mem[X,0x8000802C] -> 0x006F
mem[X,0x8000802E] -> 0x0100
[823] [M]: 0x8000802C (0x0100006F) jal zero, 16


mem[X,0x8000803C] -> 0x0AE3
mem[X,0x8000803E] -> 0xFEB5
[824] [M]: 0x8000803C (0xFEB50AE3) beq a0, a1, 8180


mem[X,0x80008040] -> 0x0113
mem[X,0x80008042] -> 0x0021
[825] [M]: 0x80008040 (0x00210113) addi sp, sp, 2
x2 <- 0x00000002


mem[X,0x80008044] -> 0x006F
mem[X,0x80008046] -> 0x00C0
[826] [M]: 0x80008044 (0x00C0006F) jal zero, 12


mem[X,0x80008050] -> 0xA223
mem[X,0x80008052] -> 0x1020
[827] [M]: 0x80008050 (0x1020A223) sw sp, 260(ra)
mem[0x8003A26C] <- 0x00000002


mem[X,0x80008054] -> 0x0513
mem[X,0x80008056] -> 0xF7F0
[828] [M]: 0x80008054 (0xF7F00513) addi a0, zero, 3967
x10 <- 0xFFFFFF7F


mem[X,0x80008058] -> 0x55B7
mem[X,0x8000805A] -> 0x5555
[829] [M]: 0x80008058 (0x555555B7) lui a1, 349525
x11 <- 0x55555000


mem[X,0x8000805C] -> 0x8593
mem[X,0x8000805E] -> 0x5555
[830] [M]: 0x8000805C (0x55558593) addi a1, a1, 1365
x11 <- 0x55555555


mem[X,0x80008060] -> 0x0113
mem[X,0x80008062] -> 0x0000
[831] [M]: 0x80008060 (0x00000113) addi sp, zero, 0
x2 <- 0x00000000


mem[X,0x80008064] -> 0x006F
mem[X,0x80008066] -> 0x00C0
[832] [M]: 0x80008064 (0x00C0006F) jal zero, 12


mem[X,0x80008070] -> 0x0063
mem[X,0x80008072] -> 0x10B5
[833] [M]: 0x80008070 (0x10B50063) beq a0, a1, 256


mem[X,0x80008074] -> 0x0113
mem[X,0x80008076] -> 0x0021
[834] [M]: 0x80008074 (0x00210113) addi sp, sp, 2
x2 <- 0x00000002


mem[X,0x80008078] -> 0x006F
mem[X,0x8000807A] -> 0x1000
[835] [M]: 0x80008078 (0x1000006F) jal zero, 256


mem[X,0x80008178] -> 0xA423
mem[X,0x8000817A] -> 0x1020
[836] [M]: 0x80008178 (0x1020A423) sw sp, 264(ra)
mem[0x8003A270] <- 0x00000002


mem[X,0x8000817C] -> 0x0513
mem[X,0x8000817E] -> 0xBFF0
[837] [M]: 0x8000817C (0xBFF00513) addi a0, zero, 3071
x10 <- 0xFFFFFBFF


mem[X,0x80008180] -> 0x0593
mem[X,0x80008182] -> 0x0000
[838] [M]: 0x80008180 (0x00000593) addi a1, zero, 0
x11 <- 0x00000000


mem[X,0x80008184] -> 0x0113
mem[X,0x80008186] -> 0x0000
[839] [M]: 0x80008184 (0x00000113) addi sp, zero, 0
x2 <- 0x00000000


mem[X,0x80008188] -> 0x006F
mem[X,0x8000818A] -> 0x00C0
[840] [M]: 0x80008188 (0x00C0006F) jal zero, 12


mem[X,0x80008194] -> 0x0CE3
mem[X,0x80008196] -> 0xFEB5
[841] [M]: 0x80008194 (0xFEB50CE3) beq a0, a1, 8184


mem[X,0x80008198] -> 0x0113
mem[X,0x8000819A] -> 0x0021
[842] [M]: 0x80008198 (0x00210113) addi sp, sp, 2
x2 <- 0x00000002


mem[X,0x8000819C] -> 0x006F
mem[X,0x8000819E] -> 0x00C0
[843] [M]: 0x8000819C (0x00C0006F) jal zero, 12


mem[X,0x800081A8] -> 0xA623
mem[X,0x800081AA] -> 0x1020
[844] [M]: 0x800081A8 (0x1020A623) sw sp, 268(ra)
mem[0x8003A274] <- 0x00000002


mem[X,0x800081AC] -> 0x8537
mem[X,0x800081AE] -> 0xFFFF
[845] [M]: 0x800081AC (0xFFFF8537) lui a0, 1048568
x10 <- 0xFFFF8000


mem[X,0x800081B0] -> 0x0513
mem[X,0x800081B2] -> 0xFFF5
[846] [M]: 0x800081B0 (0xFFF50513) addi a0, a0, 4095
x10 <- 0xFFFF7FFF


mem[X,0x800081B4] -> 0x0593
mem[X,0x800081B6] -> 0xFFC0
[847] [M]: 0x800081B4 (0xFFC00593) addi a1, zero, 4092
x11 <- 0xFFFFFFFC


mem[X,0x800081B8] -> 0x0113
mem[X,0x800081BA] -> 0x0000
[848] [M]: 0x800081B8 (0x00000113) addi sp, zero, 0
x2 <- 0x00000000


mem[X,0x800081BC] -> 0x006F
mem[X,0x800081BE] -> 0x0140
[849] [M]: 0x800081BC (0x0140006F) jal zero, 20


mem[X,0x800081D0] -> 0x08E3
mem[X,0x800081D2] -> 0xFEB5
[850] [M]: 0x800081D0 (0xFEB508E3) beq a0, a1, 8176


mem[X,0x800081D4] -> 0x0113
mem[X,0x800081D6] -> 0x0021
[851] [M]: 0x800081D4 (0x00210113) addi sp, sp, 2
x2 <- 0x00000002


mem[X,0x800081D8] -> 0x006F
mem[X,0x800081DA] -> 0x00C0
[852] [M]: 0x800081D8 (0x00C0006F) jal zero, 12


mem[X,0x800081E4] -> 0xA823
mem[X,0x800081E6] -> 0x1020
[853] [M]: 0x800081E4 (0x1020A823) sw sp, 272(ra)
mem[0x8003A278] <- 0x00000002


mem[X,0x800081E8] -> 0x0537
mem[X,0x800081EA] -> 0xFFFF
[854] [M]: 0x800081E8 (0xFFFF0537) lui a0, 1048560
x10 <- 0xFFFF0000


mem[X,0x800081EC] -> 0x0513
mem[X,0x800081EE] -> 0xFFF5
[855] [M]: 0x800081EC (0xFFF50513) addi a0, a0, 4095
x10 <- 0xFFFEFFFF


mem[X,0x800081F0] -> 0x0593
mem[X,0x800081F2] -> 0x0020
[856] [M]: 0x800081F0 (0x00200593) addi a1, zero, 2
x11 <- 0x00000002


mem[X,0x800081F4] -> 0x0113
mem[X,0x800081F6] -> 0x0000
[857] [M]: 0x800081F4 (0x00000113) addi sp, zero, 0
x2 <- 0x00000000


mem[X,0x800081F8] -> 0x006F
mem[X,0x800081FA] -> 0x0180
[858] [M]: 0x800081F8 (0x0180006F) jal zero, 24


mem[X,0x80008210] -> 0x06E3
mem[X,0x80008212] -> 0xFEB5
[859] [M]: 0x80008210 (0xFEB506E3) beq a0, a1, 8172


mem[X,0x80008214] -> 0x0113
mem[X,0x80008216] -> 0x0021
[860] [M]: 0x80008214 (0x00210113) addi sp, sp, 2
x2 <- 0x00000002


mem[X,0x80008218] -> 0x006F
mem[X,0x8000821A] -> 0x00C0
[861] [M]: 0x80008218 (0x00C0006F) jal zero, 12


mem[X,0x80008224] -> 0xAA23
mem[X,0x80008226] -> 0x1020
[862] [M]: 0x80008224 (0x1020AA23) sw sp, 276(ra)
mem[0x8003A27C] <- 0x00000002


mem[X,0x80008228] -> 0x0537
mem[X,0x8000822A] -> 0xFFFC
[863] [M]: 0x80008228 (0xFFFC0537) lui a0, 1048512
x10 <- 0xFFFC0000


mem[X,0x8000822C] -> 0x0513
mem[X,0x8000822E] -> 0xFFF5
[864] [M]: 0x8000822C (0xFFF50513) addi a0, a0, 4095
x10 <- 0xFFFBFFFF


mem[X,0x80008230] -> 0x55B7
mem[X,0x80008232] -> 0x5555
[865] [M]: 0x80008230 (0x555555B7) lui a1, 349525
x11 <- 0x55555000


mem[X,0x80008234] -> 0x8593
mem[X,0x80008236] -> 0x5555
[866] [M]: 0x80008234 (0x55558593) addi a1, a1, 1365
x11 <- 0x55555555


mem[X,0x80008238] -> 0x0113
mem[X,0x8000823A] -> 0x0000
[867] [M]: 0x80008238 (0x00000113) addi sp, zero, 0
x2 <- 0x00000000


mem[X,0x8000823C] -> 0x006F
mem[X,0x8000823E] -> 0x00C0
[868] [M]: 0x8000823C (0x00C0006F) jal zero, 12


mem[X,0x80008248] -> 0x0663
mem[X,0x8000824A] -> 0x00B5
[869] [M]: 0x80008248 (0x00B50663) beq a0, a1, 12


mem[X,0x8000824C] -> 0x0113
mem[X,0x8000824E] -> 0x0021
[870] [M]: 0x8000824C (0x00210113) addi sp, sp, 2
x2 <- 0x00000002


mem[X,0x80008250] -> 0x006F
mem[X,0x80008252] -> 0x00C0
[871] [M]: 0x80008250 (0x00C0006F) jal zero, 12


mem[X,0x8000825C] -> 0xAC23
mem[X,0x8000825E] -> 0x1020
[872] [M]: 0x8000825C (0x1020AC23) sw sp, 280(ra)
mem[0x8003A280] <- 0x00000002


mem[X,0x80008260] -> 0x0537
mem[X,0x80008262] -> 0xFFF8
[873] [M]: 0x80008260 (0xFFF80537) lui a0, 1048448
x10 <- 0xFFF80000


mem[X,0x80008264] -> 0x0513
mem[X,0x80008266] -> 0xFFF5
[874] [M]: 0x80008264 (0xFFF50513) addi a0, a0, 4095
x10 <- 0xFFF7FFFF


mem[X,0x80008268] -> 0x0593
mem[X,0x8000826A] -> 0xFBF0
[875] [M]: 0x80008268 (0xFBF00593) addi a1, zero, 4031
x11 <- 0xFFFFFFBF


mem[X,0x8000826C] -> 0x0113
mem[X,0x8000826E] -> 0x0000
[876] [M]: 0x8000826C (0x00000113) addi sp, zero, 0
x2 <- 0x00000000


mem[X,0x80008270] -> 0x006F
mem[X,0x80008272] -> 0x00C0
[877] [M]: 0x80008270 (0x00C0006F) jal zero, 12


mem[X,0x8000827C] -> 0x0063
mem[X,0x8000827E] -> 0x20B5
[878] [M]: 0x8000827C (0x20B50063) beq a0, a1, 512


mem[X,0x80008280] -> 0x0113
mem[X,0x80008282] -> 0x0021
[879] [M]: 0x80008280 (0x00210113) addi sp, sp, 2
x2 <- 0x00000002


mem[X,0x80008284] -> 0x006F
mem[X,0x80008286] -> 0x2000
[880] [M]: 0x80008284 (0x2000006F) jal zero, 512


mem[X,0x80008484] -> 0xAE23
mem[X,0x80008486] -> 0x1020
[881] [M]: 0x80008484 (0x1020AE23) sw sp, 284(ra)
mem[0x8003A284] <- 0x00000002


mem[X,0x80008488] -> 0x0537
mem[X,0x8000848A] -> 0xFFF0
[882] [M]: 0x80008488 (0xFFF00537) lui a0, 1048320
x10 <- 0xFFF00000


mem[X,0x8000848C] -> 0x0513
mem[X,0x8000848E] -> 0xFFF5
[883] [M]: 0x8000848C (0xFFF50513) addi a0, a0, 4095
x10 <- 0xFFEFFFFF


mem[X,0x80008490] -> 0x05B7
mem[X,0x80008492] -> 0x0200
[884] [M]: 0x80008490 (0x020005B7) lui a1, 8192
x11 <- 0x02000000


mem[X,0x80008494] -> 0x0113
mem[X,0x80008496] -> 0x0000
[885] [M]: 0x80008494 (0x00000113) addi sp, zero, 0
x2 <- 0x00000000


mem[X,0x80008498] -> 0x006F
mem[X,0x8000849A] -> 0x00C0
[886] [M]: 0x80008498 (0x00C0006F) jal zero, 12


mem[X,0x800084A4] -> 0x0063
mem[X,0x800084A6] -> 0x08B5
[887] [M]: 0x800084A4 (0x08B50063) beq a0, a1, 128


mem[X,0x800084A8] -> 0x0113
mem[X,0x800084AA] -> 0x0021
[888] [M]: 0x800084A8 (0x00210113) addi sp, sp, 2
x2 <- 0x00000002


mem[X,0x800084AC] -> 0x006F
mem[X,0x800084AE] -> 0x0800
[889] [M]: 0x800084AC (0x0800006F) jal zero, 128


mem[X,0x8000852C] -> 0xA023
mem[X,0x8000852E] -> 0x1220
[890] [M]: 0x8000852C (0x1220A023) sw sp, 288(ra)
mem[0x8003A288] <- 0x00000002


mem[X,0x80008530] -> 0x0537
mem[X,0x80008532] -> 0xFF80
[891] [M]: 0x80008530 (0xFF800537) lui a0, 1046528
x10 <- 0xFF800000


mem[X,0x80008534] -> 0x0513
mem[X,0x80008536] -> 0xFFF5
[892] [M]: 0x80008534 (0xFFF50513) addi a0, a0, 4095
x10 <- 0xFF7FFFFF


mem[X,0x80008538] -> 0x05B7
mem[X,0x8000853A] -> 0x0002
[893] [M]: 0x80008538 (0x000205B7) lui a1, 32
x11 <- 0x00020000


mem[X,0x8000853C] -> 0x0113
mem[X,0x8000853E] -> 0x0000
[894] [M]: 0x8000853C (0x00000113) addi sp, zero, 0
x2 <- 0x00000000


mem[X,0x80008540] -> 0x006F
mem[X,0x80008542] -> 0x00C0
[895] [M]: 0x80008540 (0x00C0006F) jal zero, 12


mem[X,0x8000854C] -> 0x0063
mem[X,0x8000854E] -> 0x04B5
[896] [M]: 0x8000854C (0x04B50063) beq a0, a1, 64


mem[X,0x80008550] -> 0x0113
mem[X,0x80008552] -> 0x0021
[897] [M]: 0x80008550 (0x00210113) addi sp, sp, 2
x2 <- 0x00000002


mem[X,0x80008554] -> 0x006F
mem[X,0x80008556] -> 0x0400
[898] [M]: 0x80008554 (0x0400006F) jal zero, 64


mem[X,0x80008594] -> 0xA223
mem[X,0x80008596] -> 0x1220
[899] [M]: 0x80008594 (0x1220A223) sw sp, 292(ra)
mem[0x8003A28C] <- 0x00000002


clint::tick mtime <- 0x0000000000000009
 clint timer pending at mtime 0x0000000000000009
htif::tick 0x0000000000000000
mem[X,0x80008598] -> 0x0537
mem[X,0x8000859A] -> 0xFC00
[900] [M]: 0x80008598 (0xFC000537) lui a0, 1032192
x10 <- 0xFC000000


mem[X,0x8000859C] -> 0x0513
mem[X,0x8000859E] -> 0xFFF5
[901] [M]: 0x8000859C (0xFFF50513) addi a0, a0, 4095
x10 <- 0xFBFFFFFF


mem[X,0x800085A0] -> 0xF5B7
mem[X,0x800085A2] -> 0xFFFF
[902] [M]: 0x800085A0 (0xFFFFF5B7) lui a1, 1048575
x11 <- 0xFFFFF000


mem[X,0x800085A4] -> 0x8593
mem[X,0x800085A6] -> 0x7FF5
[903] [M]: 0x800085A4 (0x7FF58593) addi a1, a1, 2047
x11 <- 0xFFFFF7FF


mem[X,0x800085A8] -> 0x0113
mem[X,0x800085AA] -> 0x0000
[904] [M]: 0x800085A8 (0x00000113) addi sp, zero, 0
x2 <- 0x00000000


mem[X,0x800085AC] -> 0x006F
mem[X,0x800085AE] -> 0x0140
[905] [M]: 0x800085AC (0x0140006F) jal zero, 20


mem[X,0x800085C0] -> 0x08E3
mem[X,0x800085C2] -> 0xFEB5
[906] [M]: 0x800085C0 (0xFEB508E3) beq a0, a1, 8176


mem[X,0x800085C4] -> 0x0113
mem[X,0x800085C6] -> 0x0021
[907] [M]: 0x800085C4 (0x00210113) addi sp, sp, 2
x2 <- 0x00000002


mem[X,0x800085C8] -> 0x006F
mem[X,0x800085CA] -> 0x00C0
[908] [M]: 0x800085C8 (0x00C0006F) jal zero, 12


mem[X,0x800085D4] -> 0xA423
mem[X,0x800085D6] -> 0x1220
[909] [M]: 0x800085D4 (0x1220A423) sw sp, 296(ra)
mem[0x8003A290] <- 0x00000002


mem[X,0x800085D8] -> 0x0537
mem[X,0x800085DA] -> 0xF000
[910] [M]: 0x800085D8 (0xF0000537) lui a0, 983040
x10 <- 0xF0000000


mem[X,0x800085DC] -> 0x0513
mem[X,0x800085DE] -> 0xFFF5
[911] [M]: 0x800085DC (0xFFF50513) addi a0, a0, 4095
x10 <- 0xEFFFFFFF


mem[X,0x800085E0] -> 0xF5B7
mem[X,0x800085E2] -> 0xFFFF
[912] [M]: 0x800085E0 (0xFFFFF5B7) lui a1, 1048575
x11 <- 0xFFFFF000


mem[X,0x800085E4] -> 0x8593
mem[X,0x800085E6] -> 0xFFF5
[913] [M]: 0x800085E4 (0xFFF58593) addi a1, a1, 4095
x11 <- 0xFFFFEFFF


mem[X,0x800085E8] -> 0x0113
mem[X,0x800085EA] -> 0x0000
[914] [M]: 0x800085E8 (0x00000113) addi sp, zero, 0
x2 <- 0x00000000


mem[X,0x800085EC] -> 0x006F
mem[X,0x800085EE] -> 0x00C0
[915] [M]: 0x800085EC (0x00C0006F) jal zero, 12


mem[X,0x800085F8] -> 0x0CE3
mem[X,0x800085FA] -> 0xFEB5
[916] [M]: 0x800085F8 (0xFEB50CE3) beq a0, a1, 8184


mem[X,0x800085FC] -> 0x0113
mem[X,0x800085FE] -> 0x0021
[917] [M]: 0x800085FC (0x00210113) addi sp, sp, 2
x2 <- 0x00000002


mem[X,0x80008600] -> 0x006F
mem[X,0x80008602] -> 0x00C0
[918] [M]: 0x80008600 (0x00C0006F) jal zero, 12


mem[X,0x8000860C] -> 0xA623
mem[X,0x8000860E] -> 0x1220
[919] [M]: 0x8000860C (0x1220A623) sw sp, 300(ra)
mem[0x8003A294] <- 0x00000002


mem[X,0x80008610] -> 0x0537
mem[X,0x80008612] -> 0xE000
[920] [M]: 0x80008610 (0xE0000537) lui a0, 917504
x10 <- 0xE0000000


mem[X,0x80008614] -> 0x0513
mem[X,0x80008616] -> 0xFFF5
[921] [M]: 0x80008614 (0xFFF50513) addi a0, a0, 4095
x10 <- 0xDFFFFFFF


mem[X,0x80008618] -> 0x0593
mem[X,0x8000861A] -> 0xFDF0
[922] [M]: 0x80008618 (0xFDF00593) addi a1, zero, 4063
x11 <- 0xFFFFFFDF


mem[X,0x8000861C] -> 0x0113
mem[X,0x8000861E] -> 0x0000
[923] [M]: 0x8000861C (0x00000113) addi sp, zero, 0
x2 <- 0x00000000


mem[X,0x80008620] -> 0x006F
mem[X,0x80008622] -> 0x0100
[924] [M]: 0x80008620 (0x0100006F) jal zero, 16


mem[X,0x80008630] -> 0x0AE3
mem[X,0x80008632] -> 0xFEB5
[925] [M]: 0x80008630 (0xFEB50AE3) beq a0, a1, 8180


mem[X,0x80008634] -> 0x0113
mem[X,0x80008636] -> 0x0021
[926] [M]: 0x80008634 (0x00210113) addi sp, sp, 2
x2 <- 0x00000002


mem[X,0x80008638] -> 0x006F
mem[X,0x8000863A] -> 0x00C0
[927] [M]: 0x80008638 (0x00C0006F) jal zero, 12


mem[X,0x80008644] -> 0xA823
mem[X,0x80008646] -> 0x1220
[928] [M]: 0x80008644 (0x1220A823) sw sp, 304(ra)
mem[0x8003A298] <- 0x00000002


mem[X,0x80008648] -> 0x0537
mem[X,0x8000864A] -> 0xC000
[929] [M]: 0x80008648 (0xC0000537) lui a0, 786432
x10 <- 0xC0000000


mem[X,0x8000864C] -> 0x0513
mem[X,0x8000864E] -> 0xFFF5
[930] [M]: 0x8000864C (0xFFF50513) addi a0, a0, 4095
x10 <- 0xBFFFFFFF


mem[X,0x80008650] -> 0x0593
mem[X,0x80008652] -> 0xFF60
[931] [M]: 0x80008650 (0xFF600593) addi a1, zero, 4086
x11 <- 0xFFFFFFF6


mem[X,0x80008654] -> 0x0113
mem[X,0x80008656] -> 0x0000
[932] [M]: 0x80008654 (0x00000113) addi sp, zero, 0
x2 <- 0x00000000


mem[X,0x80008658] -> 0x006F
mem[X,0x8000865A] -> 0x00C0
[933] [M]: 0x80008658 (0x00C0006F) jal zero, 12


mem[X,0x80008664] -> 0x0663
mem[X,0x80008666] -> 0x00B5
[934] [M]: 0x80008664 (0x00B50663) beq a0, a1, 12


mem[X,0x80008668] -> 0x0113
mem[X,0x8000866A] -> 0x0021
[935] [M]: 0x80008668 (0x00210113) addi sp, sp, 2
x2 <- 0x00000002


mem[X,0x8000866C] -> 0x006F
mem[X,0x8000866E] -> 0x00C0
[936] [M]: 0x8000866C (0x00C0006F) jal zero, 12


mem[X,0x80008678] -> 0xAA23
mem[X,0x8000867A] -> 0x1220
[937] [M]: 0x80008678 (0x1220AA23) sw sp, 308(ra)
mem[0x8003A29C] <- 0x00000002


mem[X,0x8000867C] -> 0x0537
mem[X,0x8000867E] -> 0x8000
[938] [M]: 0x8000867C (0x80000537) lui a0, 524288
x10 <- 0x80000000


mem[X,0x80008680] -> 0x0513
mem[X,0x80008682] -> 0xFFF5
[939] [M]: 0x80008680 (0xFFF50513) addi a0, a0, 4095
x10 <- 0x7FFFFFFF


mem[X,0x80008684] -> 0x05B7
mem[X,0x80008686] -> 0xC000
[940] [M]: 0x80008684 (0xC00005B7) lui a1, 786432
x11 <- 0xC0000000


mem[X,0x80008688] -> 0x0113
mem[X,0x8000868A] -> 0x0000
[941] [M]: 0x80008688 (0x00000113) addi sp, zero, 0
x2 <- 0x00000000


mem[X,0x8000868C] -> 0x006F
mem[X,0x8000868E] -> 0x0140
[942] [M]: 0x8000868C (0x0140006F) jal zero, 20


mem[X,0x800086A0] -> 0x08E3
mem[X,0x800086A2] -> 0xFEB5
[943] [M]: 0x800086A0 (0xFEB508E3) beq a0, a1, 8176


mem[X,0x800086A4] -> 0x0113
mem[X,0x800086A6] -> 0x0021
[944] [M]: 0x800086A4 (0x00210113) addi sp, sp, 2
x2 <- 0x00000002


mem[X,0x800086A8] -> 0x006F
mem[X,0x800086AA] -> 0x00C0
[945] [M]: 0x800086A8 (0x00C0006F) jal zero, 12


mem[X,0x800086B4] -> 0xAC23
mem[X,0x800086B6] -> 0x1220
[946] [M]: 0x800086B4 (0x1220AC23) sw sp, 312(ra)
mem[0x8003A2A0] <- 0x00000002


mem[X,0x800086B8] -> 0x0513
mem[X,0x800086BA] -> 0x0030
[947] [M]: 0x800086B8 (0x00300513) addi a0, zero, 3
x10 <- 0x00000003


mem[X,0x800086BC] -> 0x0593
mem[X,0x800086BE] -> 0x0030
[948] [M]: 0x800086BC (0x00300593) addi a1, zero, 3
x11 <- 0x00000003


mem[X,0x800086C0] -> 0x0113
mem[X,0x800086C2] -> 0x0000
[949] [M]: 0x800086C0 (0x00000113) addi sp, zero, 0
x2 <- 0x00000000


mem[X,0x800086C4] -> 0x006F
mem[X,0x800086C6] -> 0x00C0
[950] [M]: 0x800086C4 (0x00C0006F) jal zero, 12


mem[X,0x800086D0] -> 0x0063
mem[X,0x800086D2] -> 0x02B5
[951] [M]: 0x800086D0 (0x02B50063) beq a0, a1, 32


mem[X,0x800086F0] -> 0x0113
mem[X,0x800086F2] -> 0x0031
[952] [M]: 0x800086F0 (0x00310113) addi sp, sp, 3
x2 <- 0x00000003


mem[X,0x800086F4] -> 0x006F
mem[X,0x800086F6] -> 0x0040
[953] [M]: 0x800086F4 (0x0040006F) jal zero, 4


mem[X,0x800086F8] -> 0xAE23
mem[X,0x800086FA] -> 0x1220
[954] [M]: 0x800086F8 (0x1220AE23) sw sp, 316(ra)
mem[0x8003A2A4] <- 0x00000003


mem[X,0x800086FC] -> 0x0513
mem[X,0x800086FE] -> 0x0030
[955] [M]: 0x800086FC (0x00300513) addi a0, zero, 3
x10 <- 0x00000003


mem[X,0x80008700] -> 0x55B7
mem[X,0x80008702] -> 0x5555
[956] [M]: 0x80008700 (0x555555B7) lui a1, 349525
x11 <- 0x55555000


mem[X,0x80008704] -> 0x8593
mem[X,0x80008706] -> 0x5555
[957] [M]: 0x80008704 (0x55558593) addi a1, a1, 1365
x11 <- 0x55555555


mem[X,0x80008708] -> 0x0113
mem[X,0x8000870A] -> 0x0000
[958] [M]: 0x80008708 (0x00000113) addi sp, zero, 0
x2 <- 0x00000000


mem[X,0x8000870C] -> 0x006F
mem[X,0x8000870E] -> 0x00C0
[959] [M]: 0x8000870C (0x00C0006F) jal zero, 12


mem[X,0x80008718] -> 0x0CE3
mem[X,0x8000871A] -> 0xFEB5
[960] [M]: 0x80008718 (0xFEB50CE3) beq a0, a1, 8184


mem[X,0x8000871C] -> 0x0113
mem[X,0x8000871E] -> 0x0021
[961] [M]: 0x8000871C (0x00210113) addi sp, sp, 2
x2 <- 0x00000002


mem[X,0x80008720] -> 0x006F
mem[X,0x80008722] -> 0x00C0
[962] [M]: 0x80008720 (0x00C0006F) jal zero, 12


mem[X,0x8000872C] -> 0xA023
mem[X,0x8000872E] -> 0x1420
[963] [M]: 0x8000872C (0x1420A023) sw sp, 320(ra)
mem[0x8003A2A8] <- 0x00000002


mem[X,0x80008730] -> 0x0513
mem[X,0x80008732] -> 0x0030
[964] [M]: 0x80008730 (0x00300513) addi a0, zero, 3
x10 <- 0x00000003


mem[X,0x80008734] -> 0xB5B7
mem[X,0x80008736] -> 0xAAAA
[965] [M]: 0x80008734 (0xAAAAB5B7) lui a1, 699051
x11 <- 0xAAAAB000


mem[X,0x80008738] -> 0x8593
mem[X,0x8000873A] -> 0xAAA5
[966] [M]: 0x80008738 (0xAAA58593) addi a1, a1, 2730
x11 <- 0xAAAAAAAA


mem[X,0x8000873C] -> 0x0113
mem[X,0x8000873E] -> 0x0000
[967] [M]: 0x8000873C (0x00000113) addi sp, zero, 0
x2 <- 0x00000000


mem[X,0x80008740] -> 0x006F
mem[X,0x80008742] -> 0x0100
[968] [M]: 0x80008740 (0x0100006F) jal zero, 16


mem[X,0x80008750] -> 0x0AE3
mem[X,0x80008752] -> 0xFEB5
[969] [M]: 0x80008750 (0xFEB50AE3) beq a0, a1, 8180


mem[X,0x80008754] -> 0x0113
mem[X,0x80008756] -> 0x0021
[970] [M]: 0x80008754 (0x00210113) addi sp, sp, 2
x2 <- 0x00000002


mem[X,0x80008758] -> 0x006F
mem[X,0x8000875A] -> 0x00C0
[971] [M]: 0x80008758 (0x00C0006F) jal zero, 12


mem[X,0x80008764] -> 0xA223
mem[X,0x80008766] -> 0x1420
[972] [M]: 0x80008764 (0x1420A223) sw sp, 324(ra)
mem[0x8003A2AC] <- 0x00000002


mem[X,0x80008768] -> 0x0513
mem[X,0x8000876A] -> 0x0030
[973] [M]: 0x80008768 (0x00300513) addi a0, zero, 3
x10 <- 0x00000003


mem[X,0x8000876C] -> 0x0593
mem[X,0x8000876E] -> 0x0050
[974] [M]: 0x8000876C (0x00500593) addi a1, zero, 5
x11 <- 0x00000005


mem[X,0x80008770] -> 0x0113
mem[X,0x80008772] -> 0x0000
[975] [M]: 0x80008770 (0x00000113) addi sp, zero, 0
x2 <- 0x00000000


mem[X,0x80008774] -> 0x006F
mem[X,0x80008776] -> 0x00C0
[976] [M]: 0x80008774 (0x00C0006F) jal zero, 12


mem[X,0x80008780] -> 0x0863
mem[X,0x80008782] -> 0x00B5
[977] [M]: 0x80008780 (0x00B50863) beq a0, a1, 16


mem[X,0x80008784] -> 0x0113
mem[X,0x80008786] -> 0x0021
[978] [M]: 0x80008784 (0x00210113) addi sp, sp, 2
x2 <- 0x00000002


mem[X,0x80008788] -> 0x006F
mem[X,0x8000878A] -> 0x0100
[979] [M]: 0x80008788 (0x0100006F) jal zero, 16


mem[X,0x80008798] -> 0xA423
mem[X,0x8000879A] -> 0x1420
[980] [M]: 0x80008798 (0x1420A423) sw sp, 328(ra)
mem[0x8003A2B0] <- 0x00000002


mem[X,0x8000879C] -> 0x0513
mem[X,0x8000879E] -> 0x0030
[981] [M]: 0x8000879C (0x00300513) addi a0, zero, 3
x10 <- 0x00000003


mem[X,0x800087A0] -> 0x35B7
mem[X,0x800087A2] -> 0x3333
[982] [M]: 0x800087A0 (0x333335B7) lui a1, 209715
x11 <- 0x33333000


mem[X,0x800087A4] -> 0x8593
mem[X,0x800087A6] -> 0x3335
[983] [M]: 0x800087A4 (0x33358593) addi a1, a1, 819
x11 <- 0x33333333


mem[X,0x800087A8] -> 0x0113
mem[X,0x800087AA] -> 0x0000
[984] [M]: 0x800087A8 (0x00000113) addi sp, zero, 0
x2 <- 0x00000000


mem[X,0x800087AC] -> 0x006F
mem[X,0x800087AE] -> 0x00C0
[985] [M]: 0x800087AC (0x00C0006F) jal zero, 12


mem[X,0x800087B8] -> 0x0063
mem[X,0x800087BA] -> 0x04B5
[986] [M]: 0x800087B8 (0x04B50063) beq a0, a1, 64


mem[X,0x800087BC] -> 0x0113
mem[X,0x800087BE] -> 0x0021
[987] [M]: 0x800087BC (0x00210113) addi sp, sp, 2
x2 <- 0x00000002


mem[X,0x800087C0] -> 0x006F
mem[X,0x800087C2] -> 0x0400
[988] [M]: 0x800087C0 (0x0400006F) jal zero, 64


mem[X,0x80008800] -> 0xA623
mem[X,0x80008802] -> 0x1420
[989] [M]: 0x80008800 (0x1420A623) sw sp, 332(ra)
mem[0x8003A2B4] <- 0x00000002


mem[X,0x80008804] -> 0x0513
mem[X,0x80008806] -> 0x0030
[990] [M]: 0x80008804 (0x00300513) addi a0, zero, 3
x10 <- 0x00000003


mem[X,0x80008808] -> 0x65B7
mem[X,0x8000880A] -> 0x6666
[991] [M]: 0x80008808 (0x666665B7) lui a1, 419430
x11 <- 0x66666000


mem[X,0x8000880C] -> 0x8593
mem[X,0x8000880E] -> 0x6665
[992] [M]: 0x8000880C (0x66658593) addi a1, a1, 1638
x11 <- 0x66666666


mem[X,0x80008810] -> 0x0113
mem[X,0x80008812] -> 0x0000
[993] [M]: 0x80008810 (0x00000113) addi sp, zero, 0
x2 <- 0x00000000


mem[X,0x80008814] -> 0x006F
mem[X,0x80008816] -> 0x0180
[994] [M]: 0x80008814 (0x0180006F) jal zero, 24


mem[X,0x8000882C] -> 0x06E3
mem[X,0x8000882E] -> 0xFEB5
[995] [M]: 0x8000882C (0xFEB506E3) beq a0, a1, 8172


mem[X,0x80008830] -> 0x0113
mem[X,0x80008832] -> 0x0021
[996] [M]: 0x80008830 (0x00210113) addi sp, sp, 2
x2 <- 0x00000002


mem[X,0x80008834] -> 0x006F
mem[X,0x80008836] -> 0x00C0
[997] [M]: 0x80008834 (0x00C0006F) jal zero, 12


mem[X,0x80008840] -> 0xA823
mem[X,0x80008842] -> 0x1420
[998] [M]: 0x80008840 (0x1420A823) sw sp, 336(ra)
mem[0x8003A2B8] <- 0x00000002


mem[X,0x80008844] -> 0x0513
mem[X,0x80008846] -> 0x0030
[999] [M]: 0x80008844 (0x00300513) addi a0, zero, 3
x10 <- 0x00000003


clint::tick mtime <- 0x000000000000000A
 clint timer pending at mtime 0x000000000000000A
htif::tick 0x0000000000000000
mem[X,0x80008848] -> 0x55B7
mem[X,0x8000884A] -> 0xFFFF
[1000] [M]: 0x80008848 (0xFFFF55B7) lui a1, 1048565
x11 <- 0xFFFF5000


mem[X,0x8000884C] -> 0x8593
mem[X,0x8000884E] -> 0xAFC5
[1001] [M]: 0x8000884C (0xAFC58593) addi a1, a1, 2812
x11 <- 0xFFFF4AFC


mem[X,0x80008850] -> 0x0113
mem[X,0x80008852] -> 0x0000
[1002] [M]: 0x80008850 (0x00000113) addi sp, zero, 0
x2 <- 0x00000000


mem[X,0x80008854] -> 0x006F
mem[X,0x80008856] -> 0x0140
[1003] [M]: 0x80008854 (0x0140006F) jal zero, 20


mem[X,0x80008868] -> 0x08E3
mem[X,0x8000886A] -> 0xFEB5
[1004] [M]: 0x80008868 (0xFEB508E3) beq a0, a1, 8176


mem[X,0x8000886C] -> 0x0113
mem[X,0x8000886E] -> 0x0021
[1005] [M]: 0x8000886C (0x00210113) addi sp, sp, 2
x2 <- 0x00000002


mem[X,0x80008870] -> 0x006F
mem[X,0x80008872] -> 0x00C0
[1006] [M]: 0x80008870 (0x00C0006F) jal zero, 12


mem[X,0x8000887C] -> 0xAA23
mem[X,0x8000887E] -> 0x1420
[1007] [M]: 0x8000887C (0x1420AA23) sw sp, 340(ra)
mem[0x8003A2BC] <- 0x00000002


mem[X,0x80008880] -> 0x0513
mem[X,0x80008882] -> 0x0030
[1008] [M]: 0x80008880 (0x00300513) addi a0, zero, 3
x10 <- 0x00000003


mem[X,0x80008884] -> 0xB5B7
mem[X,0x80008886] -> 0x0000
[1009] [M]: 0x80008884 (0x0000B5B7) lui a1, 11
x11 <- 0x0000B000


mem[X,0x80008888] -> 0x8593
mem[X,0x8000888A] -> 0x5045
[1010] [M]: 0x80008888 (0x50458593) addi a1, a1, 1284
x11 <- 0x0000B504


mem[X,0x8000888C] -> 0x0113
mem[X,0x8000888E] -> 0x0000
[1011] [M]: 0x8000888C (0x00000113) addi sp, zero, 0
x2 <- 0x00000000


mem[X,0x80008890] -> 0x006F
mem[X,0x80008892] -> 0x00C0
[1012] [M]: 0x80008890 (0x00C0006F) jal zero, 12


mem[X,0x8000889C] -> 0x0663
mem[X,0x8000889E] -> 0x00B5
[1013] [M]: 0x8000889C (0x00B50663) beq a0, a1, 12


mem[X,0x800088A0] -> 0x0113
mem[X,0x800088A2] -> 0x0021
[1014] [M]: 0x800088A0 (0x00210113) addi sp, sp, 2
x2 <- 0x00000002


mem[X,0x800088A4] -> 0x006F
mem[X,0x800088A6] -> 0x00C0
[1015] [M]: 0x800088A4 (0x00C0006F) jal zero, 12


mem[X,0x800088B0] -> 0xAC23
mem[X,0x800088B2] -> 0x1420
[1016] [M]: 0x800088B0 (0x1420AC23) sw sp, 344(ra)
mem[0x8003A2C0] <- 0x00000002


mem[X,0x800088B4] -> 0x0513
mem[X,0x800088B6] -> 0x0030
[1017] [M]: 0x800088B4 (0x00300513) addi a0, zero, 3
x10 <- 0x00000003


mem[X,0x800088B8] -> 0x0593
mem[X,0x800088BA] -> 0x0020
[1018] [M]: 0x800088B8 (0x00200593) addi a1, zero, 2
x11 <- 0x00000002


mem[X,0x800088BC] -> 0x0113
mem[X,0x800088BE] -> 0x0000
[1019] [M]: 0x800088BC (0x00000113) addi sp, zero, 0
x2 <- 0x00000000


mem[X,0x800088C0] -> 0x006F
mem[X,0x800088C2] -> 0x00C0
[1020] [M]: 0x800088C0 (0x00C0006F) jal zero, 12


mem[X,0x800088CC] -> 0x0063
mem[X,0x800088CE] -> 0x04B5
[1021] [M]: 0x800088CC (0x04B50063) beq a0, a1, 64


mem[X,0x800088D0] -> 0x0113
mem[X,0x800088D2] -> 0x0021
[1022] [M]: 0x800088D0 (0x00210113) addi sp, sp, 2
x2 <- 0x00000002


mem[X,0x800088D4] -> 0x006F
mem[X,0x800088D6] -> 0x0400
[1023] [M]: 0x800088D4 (0x0400006F) jal zero, 64


mem[X,0x80008914] -> 0xAE23
mem[X,0x80008916] -> 0x1420
[1024] [M]: 0x80008914 (0x1420AE23) sw sp, 348(ra)
mem[0x8003A2C4] <- 0x00000002


mem[X,0x80008918] -> 0x0513
mem[X,0x8000891A] -> 0x0030
[1025] [M]: 0x80008918 (0x00300513) addi a0, zero, 3
x10 <- 0x00000003


mem[X,0x8000891C] -> 0x55B7
mem[X,0x8000891E] -> 0x5555
[1026] [M]: 0x8000891C (0x555555B7) lui a1, 349525
x11 <- 0x55555000


mem[X,0x80008920] -> 0x8593
mem[X,0x80008922] -> 0x5545
[1027] [M]: 0x80008920 (0x55458593) addi a1, a1, 1364
x11 <- 0x55555554


mem[X,0x80008924] -> 0x0113
mem[X,0x80008926] -> 0x0000
[1028] [M]: 0x80008924 (0x00000113) addi sp, zero, 0
x2 <- 0x00000000


mem[X,0x80008928] -> 0x006F
mem[X,0x8000892A] -> 0x00C0
[1029] [M]: 0x80008928 (0x00C0006F) jal zero, 12


mem[X,0x80008934] -> 0x0063
mem[X,0x80008936] -> 0x08B5
[1030] [M]: 0x80008934 (0x08B50063) beq a0, a1, 128


mem[X,0x80008938] -> 0x0113
mem[X,0x8000893A] -> 0x0021
[1031] [M]: 0x80008938 (0x00210113) addi sp, sp, 2
x2 <- 0x00000002


mem[X,0x8000893C] -> 0x006F
mem[X,0x8000893E] -> 0x0800
[1032] [M]: 0x8000893C (0x0800006F) jal zero, 128


mem[X,0x800089BC] -> 0xA023
mem[X,0x800089BE] -> 0x1620
[1033] [M]: 0x800089BC (0x1620A023) sw sp, 352(ra)
mem[0x8003A2C8] <- 0x00000002


mem[X,0x800089C0] -> 0x0513
mem[X,0x800089C2] -> 0x0030
[1034] [M]: 0x800089C0 (0x00300513) addi a0, zero, 3
x10 <- 0x00000003


mem[X,0x800089C4] -> 0x0593
mem[X,0x800089C6] -> 0x0000
[1035] [M]: 0x800089C4 (0x00000593) addi a1, zero, 0
x11 <- 0x00000000


mem[X,0x800089C8] -> 0x0113
mem[X,0x800089CA] -> 0x0000
[1036] [M]: 0x800089C8 (0x00000113) addi sp, zero, 0
x2 <- 0x00000000


mem[X,0x800089CC] -> 0x006F
mem[X,0x800089CE] -> 0x00C0
[1037] [M]: 0x800089CC (0x00C0006F) jal zero, 12


mem[X,0x800089D8] -> 0x0CE3
mem[X,0x800089DA] -> 0xFEB5
[1038] [M]: 0x800089D8 (0xFEB50CE3) beq a0, a1, 8184


mem[X,0x800089DC] -> 0x0113
mem[X,0x800089DE] -> 0x0021
[1039] [M]: 0x800089DC (0x00210113) addi sp, sp, 2
x2 <- 0x00000002


mem[X,0x800089E0] -> 0x006F
mem[X,0x800089E2] -> 0x00C0
[1040] [M]: 0x800089E0 (0x00C0006F) jal zero, 12


mem[X,0x800089EC] -> 0xA223
mem[X,0x800089EE] -> 0x1620
[1041] [M]: 0x800089EC (0x1620A223) sw sp, 356(ra)
mem[0x8003A2CC] <- 0x00000002


mem[X,0x800089F0] -> 0x0513
mem[X,0x800089F2] -> 0x0030
[1042] [M]: 0x800089F0 (0x00300513) addi a0, zero, 3
x10 <- 0x00000003


mem[X,0x800089F4] -> 0x0593
mem[X,0x800089F6] -> 0x0040
[1043] [M]: 0x800089F4 (0x00400593) addi a1, zero, 4
x11 <- 0x00000004


mem[X,0x800089F8] -> 0x0113
mem[X,0x800089FA] -> 0x0000
[1044] [M]: 0x800089F8 (0x00000113) addi sp, zero, 0
x2 <- 0x00000000


mem[X,0x800089FC] -> 0x006F
mem[X,0x800089FE] -> 0x0140
[1045] [M]: 0x800089FC (0x0140006F) jal zero, 20


mem[X,0x80008A10] -> 0x08E3
mem[X,0x80008A12] -> 0xFEB5
[1046] [M]: 0x80008A10 (0xFEB508E3) beq a0, a1, 8176


mem[X,0x80008A14] -> 0x0113
mem[X,0x80008A16] -> 0x0021
[1047] [M]: 0x80008A14 (0x00210113) addi sp, sp, 2
x2 <- 0x00000002


mem[X,0x80008A18] -> 0x006F
mem[X,0x80008A1A] -> 0x00C0
[1048] [M]: 0x80008A18 (0x00C0006F) jal zero, 12


mem[X,0x80008A24] -> 0xA423
mem[X,0x80008A26] -> 0x1620
[1049] [M]: 0x80008A24 (0x1620A423) sw sp, 360(ra)
mem[0x8003A2D0] <- 0x00000002


mem[X,0x80008A28] -> 0x0513
mem[X,0x80008A2A] -> 0x0030
[1050] [M]: 0x80008A28 (0x00300513) addi a0, zero, 3
x10 <- 0x00000003


mem[X,0x80008A2C] -> 0x35B7
mem[X,0x80008A2E] -> 0x3333
[1051] [M]: 0x80008A2C (0x333335B7) lui a1, 209715
x11 <- 0x33333000


mem[X,0x80008A30] -> 0x8593
mem[X,0x80008A32] -> 0x3325
[1052] [M]: 0x80008A30 (0x33258593) addi a1, a1, 818
x11 <- 0x33333332


mem[X,0x80008A34] -> 0x0113
mem[X,0x80008A36] -> 0x0000
[1053] [M]: 0x80008A34 (0x00000113) addi sp, zero, 0
x2 <- 0x00000000


mem[X,0x80008A38] -> 0x006F
mem[X,0x80008A3A] -> 0x0180
[1054] [M]: 0x80008A38 (0x0180006F) jal zero, 24


mem[X,0x80008A50] -> 0x06E3
mem[X,0x80008A52] -> 0xFEB5
[1055] [M]: 0x80008A50 (0xFEB506E3) beq a0, a1, 8172


mem[X,0x80008A54] -> 0x0113
mem[X,0x80008A56] -> 0x0021
[1056] [M]: 0x80008A54 (0x00210113) addi sp, sp, 2
x2 <- 0x00000002


mem[X,0x80008A58] -> 0x006F
mem[X,0x80008A5A] -> 0x00C0
[1057] [M]: 0x80008A58 (0x00C0006F) jal zero, 12


mem[X,0x80008A64] -> 0xA623
mem[X,0x80008A66] -> 0x1620
[1058] [M]: 0x80008A64 (0x1620A623) sw sp, 364(ra)
mem[0x8003A2D4] <- 0x00000002


mem[X,0x80008A68] -> 0x0513
mem[X,0x80008A6A] -> 0x0030
[1059] [M]: 0x80008A68 (0x00300513) addi a0, zero, 3
x10 <- 0x00000003


mem[X,0x80008A6C] -> 0x65B7
mem[X,0x80008A6E] -> 0x6666
[1060] [M]: 0x80008A6C (0x666665B7) lui a1, 419430
x11 <- 0x66666000


mem[X,0x80008A70] -> 0x8593
mem[X,0x80008A72] -> 0x6655
[1061] [M]: 0x80008A70 (0x66558593) addi a1, a1, 1637
x11 <- 0x66666665


mem[X,0x80008A74] -> 0x0113
mem[X,0x80008A76] -> 0x0000
[1062] [M]: 0x80008A74 (0x00000113) addi sp, zero, 0
x2 <- 0x00000000


mem[X,0x80008A78] -> 0x006F
mem[X,0x80008A7A] -> 0x00C0
[1063] [M]: 0x80008A78 (0x00C0006F) jal zero, 12


mem[X,0x80008A84] -> 0x0CE3
mem[X,0x80008A86] -> 0xFEB5
[1064] [M]: 0x80008A84 (0xFEB50CE3) beq a0, a1, 8184


mem[X,0x80008A88] -> 0x0113
mem[X,0x80008A8A] -> 0x0021
[1065] [M]: 0x80008A88 (0x00210113) addi sp, sp, 2
x2 <- 0x00000002


mem[X,0x80008A8C] -> 0x006F
mem[X,0x80008A8E] -> 0x00C0
[1066] [M]: 0x80008A8C (0x00C0006F) jal zero, 12


mem[X,0x80008A98] -> 0xA823
mem[X,0x80008A9A] -> 0x1620
[1067] [M]: 0x80008A98 (0x1620A823) sw sp, 368(ra)
mem[0x8003A2D8] <- 0x00000002


mem[X,0x80008A9C] -> 0x0513
mem[X,0x80008A9E] -> 0x0030
[1068] [M]: 0x80008A9C (0x00300513) addi a0, zero, 3
x10 <- 0x00000003


mem[X,0x80008AA0] -> 0xB5B7
mem[X,0x80008AA2] -> 0x0000
[1069] [M]: 0x80008AA0 (0x0000B5B7) lui a1, 11
x11 <- 0x0000B000


mem[X,0x80008AA4] -> 0x8593
mem[X,0x80008AA6] -> 0x5035
[1070] [M]: 0x80008AA4 (0x50358593) addi a1, a1, 1283
x11 <- 0x0000B503


mem[X,0x80008AA8] -> 0x0113
mem[X,0x80008AAA] -> 0x0000
[1071] [M]: 0x80008AA8 (0x00000113) addi sp, zero, 0
x2 <- 0x00000000


mem[X,0x80008AAC] -> 0x006F
mem[X,0x80008AAE] -> 0x00C0
[1072] [M]: 0x80008AAC (0x00C0006F) jal zero, 12


mem[X,0x80008AB8] -> 0x0CE3
mem[X,0x80008ABA] -> 0xFEB5
[1073] [M]: 0x80008AB8 (0xFEB50CE3) beq a0, a1, 8184


mem[X,0x80008ABC] -> 0x0113
mem[X,0x80008ABE] -> 0x0021
[1074] [M]: 0x80008ABC (0x00210113) addi sp, sp, 2
x2 <- 0x00000002


mem[X,0x80008AC0] -> 0x006F
mem[X,0x80008AC2] -> 0x00C0
[1075] [M]: 0x80008AC0 (0x00C0006F) jal zero, 12


mem[X,0x80008ACC] -> 0xAA23
mem[X,0x80008ACE] -> 0x1620
[1076] [M]: 0x80008ACC (0x1620AA23) sw sp, 372(ra)
mem[0x8003A2DC] <- 0x00000002


mem[X,0x80008AD0] -> 0x0513
mem[X,0x80008AD2] -> 0x0030
[1077] [M]: 0x80008AD0 (0x00300513) addi a0, zero, 3
x10 <- 0x00000003


mem[X,0x80008AD4] -> 0x55B7
mem[X,0x80008AD6] -> 0x5555
[1078] [M]: 0x80008AD4 (0x555555B7) lui a1, 349525
x11 <- 0x55555000


mem[X,0x80008AD8] -> 0x8593
mem[X,0x80008ADA] -> 0x5565
[1079] [M]: 0x80008AD8 (0x55658593) addi a1, a1, 1366
x11 <- 0x55555556


mem[X,0x80008ADC] -> 0x0113
mem[X,0x80008ADE] -> 0x0000
[1080] [M]: 0x80008ADC (0x00000113) addi sp, zero, 0
x2 <- 0x00000000


mem[X,0x80008AE0] -> 0x006F
mem[X,0x80008AE2] -> 0x00C0
[1081] [M]: 0x80008AE0 (0x00C0006F) jal zero, 12


mem[X,0x80008AEC] -> 0x0663
mem[X,0x80008AEE] -> 0x00B5
[1082] [M]: 0x80008AEC (0x00B50663) beq a0, a1, 12


mem[X,0x80008AF0] -> 0x0113
mem[X,0x80008AF2] -> 0x0021
[1083] [M]: 0x80008AF0 (0x00210113) addi sp, sp, 2
x2 <- 0x00000002


mem[X,0x80008AF4] -> 0x006F
mem[X,0x80008AF6] -> 0x00C0
[1084] [M]: 0x80008AF4 (0x00C0006F) jal zero, 12


mem[X,0x80008B00] -> 0xAC23
mem[X,0x80008B02] -> 0x1620
[1085] [M]: 0x80008B00 (0x1620AC23) sw sp, 376(ra)
mem[0x8003A2E0] <- 0x00000002


mem[X,0x80008B04] -> 0x0513
mem[X,0x80008B06] -> 0x0030
[1086] [M]: 0x80008B04 (0x00300513) addi a0, zero, 3
x10 <- 0x00000003


mem[X,0x80008B08] -> 0xB5B7
mem[X,0x80008B0A] -> 0xAAAA
[1087] [M]: 0x80008B08 (0xAAAAB5B7) lui a1, 699051
x11 <- 0xAAAAB000


mem[X,0x80008B0C] -> 0x8593
mem[X,0x80008B0E] -> 0xAAB5
[1088] [M]: 0x80008B0C (0xAAB58593) addi a1, a1, 2731
x11 <- 0xAAAAAAAB


mem[X,0x80008B10] -> 0x0113
mem[X,0x80008B12] -> 0x0000
[1089] [M]: 0x80008B10 (0x00000113) addi sp, zero, 0
x2 <- 0x00000000


mem[X,0x80008B14] -> 0x006F
mem[X,0x80008B16] -> 0x0180
[1090] [M]: 0x80008B14 (0x0180006F) jal zero, 24


mem[X,0x80008B2C] -> 0x06E3
mem[X,0x80008B2E] -> 0xFEB5
[1091] [M]: 0x80008B2C (0xFEB506E3) beq a0, a1, 8172


mem[X,0x80008B30] -> 0x0113
mem[X,0x80008B32] -> 0x0021
[1092] [M]: 0x80008B30 (0x00210113) addi sp, sp, 2
x2 <- 0x00000002


mem[X,0x80008B34] -> 0x006F
mem[X,0x80008B36] -> 0x00C0
[1093] [M]: 0x80008B34 (0x00C0006F) jal zero, 12


mem[X,0x80008B40] -> 0xAE23
mem[X,0x80008B42] -> 0x1620
[1094] [M]: 0x80008B40 (0x1620AE23) sw sp, 380(ra)
mem[0x8003A2E4] <- 0x00000002


mem[X,0x80008B44] -> 0x0513
mem[X,0x80008B46] -> 0x0030
[1095] [M]: 0x80008B44 (0x00300513) addi a0, zero, 3
x10 <- 0x00000003


mem[X,0x80008B48] -> 0x0593
mem[X,0x80008B4A] -> 0x0060
[1096] [M]: 0x80008B48 (0x00600593) addi a1, zero, 6
x11 <- 0x00000006


mem[X,0x80008B4C] -> 0x0113
mem[X,0x80008B4E] -> 0x0000
[1097] [M]: 0x80008B4C (0x00000113) addi sp, zero, 0
x2 <- 0x00000000


mem[X,0x80008B50] -> 0x006F
mem[X,0x80008B52] -> 0x00C0
[1098] [M]: 0x80008B50 (0x00C0006F) jal zero, 12


mem[X,0x80008B5C] -> 0x0863
mem[X,0x80008B5E] -> 0x00B5
[1099] [M]: 0x80008B5C (0x00B50863) beq a0, a1, 16


clint::tick mtime <- 0x000000000000000B
 clint timer pending at mtime 0x000000000000000B
htif::tick 0x0000000000000000
mem[X,0x80008B60] -> 0x0113
mem[X,0x80008B62] -> 0x0021
[1100] [M]: 0x80008B60 (0x00210113) addi sp, sp, 2
x2 <- 0x00000002


mem[X,0x80008B64] -> 0x006F
mem[X,0x80008B66] -> 0x0100
[1101] [M]: 0x80008B64 (0x0100006F) jal zero, 16


mem[X,0x80008B74] -> 0xA023
mem[X,0x80008B76] -> 0x1820
[1102] [M]: 0x80008B74 (0x1820A023) sw sp, 384(ra)
mem[0x8003A2E8] <- 0x00000002


mem[X,0x80008B78] -> 0x0513
mem[X,0x80008B7A] -> 0x0030
[1103] [M]: 0x80008B78 (0x00300513) addi a0, zero, 3
x10 <- 0x00000003


mem[X,0x80008B7C] -> 0x35B7
mem[X,0x80008B7E] -> 0x3333
[1104] [M]: 0x80008B7C (0x333335B7) lui a1, 209715
x11 <- 0x33333000


mem[X,0x80008B80] -> 0x8593
mem[X,0x80008B82] -> 0x3345
[1105] [M]: 0x80008B80 (0x33458593) addi a1, a1, 820
x11 <- 0x33333334


mem[X,0x80008B84] -> 0x0113
mem[X,0x80008B86] -> 0x0000
[1106] [M]: 0x80008B84 (0x00000113) addi sp, zero, 0
x2 <- 0x00000000


mem[X,0x80008B88] -> 0x006F
mem[X,0x80008B8A] -> 0x00C0
[1107] [M]: 0x80008B88 (0x00C0006F) jal zero, 12


mem[X,0x80008B94] -> 0x0063
mem[X,0x80008B96] -> 0x04B5
[1108] [M]: 0x80008B94 (0x04B50063) beq a0, a1, 64


mem[X,0x80008B98] -> 0x0113
mem[X,0x80008B9A] -> 0x0021
[1109] [M]: 0x80008B98 (0x00210113) addi sp, sp, 2
x2 <- 0x00000002


mem[X,0x80008B9C] -> 0x006F
mem[X,0x80008B9E] -> 0x0400
[1110] [M]: 0x80008B9C (0x0400006F) jal zero, 64


mem[X,0x80008BDC] -> 0xA223
mem[X,0x80008BDE] -> 0x1820
[1111] [M]: 0x80008BDC (0x1820A223) sw sp, 388(ra)
mem[0x8003A2EC] <- 0x00000002


mem[X,0x80008BE0] -> 0x0513
mem[X,0x80008BE2] -> 0x0030
[1112] [M]: 0x80008BE0 (0x00300513) addi a0, zero, 3
x10 <- 0x00000003


mem[X,0x80008BE4] -> 0x65B7
mem[X,0x80008BE6] -> 0x6666
[1113] [M]: 0x80008BE4 (0x666665B7) lui a1, 419430
x11 <- 0x66666000


mem[X,0x80008BE8] -> 0x8593
mem[X,0x80008BEA] -> 0x6675
[1114] [M]: 0x80008BE8 (0x66758593) addi a1, a1, 1639
x11 <- 0x66666667


mem[X,0x80008BEC] -> 0x0113
mem[X,0x80008BEE] -> 0x0000
[1115] [M]: 0x80008BEC (0x00000113) addi sp, zero, 0
x2 <- 0x00000000


mem[X,0x80008BF0] -> 0x006F
mem[X,0x80008BF2] -> 0x00C0
[1116] [M]: 0x80008BF0 (0x00C0006F) jal zero, 12


mem[X,0x80008BFC] -> 0x0063
mem[X,0x80008BFE] -> 0x40B5
[1117] [M]: 0x80008BFC (0x40B50063) beq a0, a1, 1024


mem[X,0x80008C00] -> 0x0113
mem[X,0x80008C02] -> 0x0021
[1118] [M]: 0x80008C00 (0x00210113) addi sp, sp, 2
x2 <- 0x00000002


mem[X,0x80008C04] -> 0x006F
mem[X,0x80008C06] -> 0x4000
[1119] [M]: 0x80008C04 (0x4000006F) jal zero, 1024


mem[X,0x80009004] -> 0xA423
mem[X,0x80009006] -> 0x1820
[1120] [M]: 0x80009004 (0x1820A423) sw sp, 392(ra)
mem[0x8003A2F0] <- 0x00000002


mem[X,0x80009008] -> 0x0513
mem[X,0x8000900A] -> 0x0030
[1121] [M]: 0x80009008 (0x00300513) addi a0, zero, 3
x10 <- 0x00000003


mem[X,0x8000900C] -> 0x55B7
mem[X,0x8000900E] -> 0xFFFF
[1122] [M]: 0x8000900C (0xFFFF55B7) lui a1, 1048565
x11 <- 0xFFFF5000


mem[X,0x80009010] -> 0x8593
mem[X,0x80009012] -> 0xAFD5
[1123] [M]: 0x80009010 (0xAFD58593) addi a1, a1, 2813
x11 <- 0xFFFF4AFD


mem[X,0x80009014] -> 0x0113
mem[X,0x80009016] -> 0x0000
[1124] [M]: 0x80009014 (0x00000113) addi sp, zero, 0
x2 <- 0x00000000


mem[X,0x80009018] -> 0x006F
mem[X,0x8000901A] -> 0x00C0
[1125] [M]: 0x80009018 (0x00C0006F) jal zero, 12


mem[X,0x80009024] -> 0x0663
mem[X,0x80009026] -> 0x00B5
[1126] [M]: 0x80009024 (0x00B50663) beq a0, a1, 12


mem[X,0x80009028] -> 0x0113
mem[X,0x8000902A] -> 0x0021
[1127] [M]: 0x80009028 (0x00210113) addi sp, sp, 2
x2 <- 0x00000002


mem[X,0x8000902C] -> 0x006F
mem[X,0x8000902E] -> 0x00C0
[1128] [M]: 0x8000902C (0x00C0006F) jal zero, 12


mem[X,0x80009038] -> 0xA623
mem[X,0x8000903A] -> 0x1820
[1129] [M]: 0x80009038 (0x1820A623) sw sp, 396(ra)
mem[0x8003A2F4] <- 0x00000002


mem[X,0x8000903C] -> 0x0513
mem[X,0x8000903E] -> 0x0030
[1130] [M]: 0x8000903C (0x00300513) addi a0, zero, 3
x10 <- 0x00000003


mem[X,0x80009040] -> 0xB5B7
mem[X,0x80009042] -> 0x0000
[1131] [M]: 0x80009040 (0x0000B5B7) lui a1, 11
x11 <- 0x0000B000


mem[X,0x80009044] -> 0x8593
mem[X,0x80009046] -> 0x5055
[1132] [M]: 0x80009044 (0x50558593) addi a1, a1, 1285
x11 <- 0x0000B505


mem[X,0x80009048] -> 0x0113
mem[X,0x8000904A] -> 0x0000
[1133] [M]: 0x80009048 (0x00000113) addi sp, zero, 0
x2 <- 0x00000000


mem[X,0x8000904C] -> 0x006F
mem[X,0x8000904E] -> 0x00C0
[1134] [M]: 0x8000904C (0x00C0006F) jal zero, 12


mem[X,0x80009058] -> 0x0663
mem[X,0x8000905A] -> 0x00B5
[1135] [M]: 0x80009058 (0x00B50663) beq a0, a1, 12


mem[X,0x8000905C] -> 0x0113
mem[X,0x8000905E] -> 0x0021
[1136] [M]: 0x8000905C (0x00210113) addi sp, sp, 2
x2 <- 0x00000002


mem[X,0x80009060] -> 0x006F
mem[X,0x80009062] -> 0x00C0
[1137] [M]: 0x80009060 (0x00C0006F) jal zero, 12


mem[X,0x8000906C] -> 0xA823
mem[X,0x8000906E] -> 0x1820
[1138] [M]: 0x8000906C (0x1820A823) sw sp, 400(ra)
mem[0x8003A2F8] <- 0x00000002


mem[X,0x80009070] -> 0x5537
mem[X,0x80009072] -> 0x5555
[1139] [M]: 0x80009070 (0x55555537) lui a0, 349525
x10 <- 0x55555000


mem[X,0x80009074] -> 0x0513
mem[X,0x80009076] -> 0x5555
[1140] [M]: 0x80009074 (0x55550513) addi a0, a0, 1365
x10 <- 0x55555555


mem[X,0x80009078] -> 0x0593
mem[X,0x8000907A] -> 0x0030
[1141] [M]: 0x80009078 (0x00300593) addi a1, zero, 3
x11 <- 0x00000003


mem[X,0x8000907C] -> 0x0113
mem[X,0x8000907E] -> 0x0000
[1142] [M]: 0x8000907C (0x00000113) addi sp, zero, 0
x2 <- 0x00000000


mem[X,0x80009080] -> 0x006F
mem[X,0x80009082] -> 0x00C0
[1143] [M]: 0x80009080 (0x00C0006F) jal zero, 12


mem[X,0x8000908C] -> 0x0663
mem[X,0x8000908E] -> 0x00B5
[1144] [M]: 0x8000908C (0x00B50663) beq a0, a1, 12


mem[X,0x80009090] -> 0x0113
mem[X,0x80009092] -> 0x0021
[1145] [M]: 0x80009090 (0x00210113) addi sp, sp, 2
x2 <- 0x00000002


mem[X,0x80009094] -> 0x006F
mem[X,0x80009096] -> 0x00C0
[1146] [M]: 0x80009094 (0x00C0006F) jal zero, 12


mem[X,0x800090A0] -> 0xAA23
mem[X,0x800090A2] -> 0x1820
[1147] [M]: 0x800090A0 (0x1820AA23) sw sp, 404(ra)
mem[0x8003A2FC] <- 0x00000002


mem[X,0x800090A4] -> 0x5537
mem[X,0x800090A6] -> 0x5555
[1148] [M]: 0x800090A4 (0x55555537) lui a0, 349525
x10 <- 0x55555000


mem[X,0x800090A8] -> 0x0513
mem[X,0x800090AA] -> 0x5555
[1149] [M]: 0x800090A8 (0x55550513) addi a0, a0, 1365
x10 <- 0x55555555


mem[X,0x800090AC] -> 0x55B7
mem[X,0x800090AE] -> 0x5555
[1150] [M]: 0x800090AC (0x555555B7) lui a1, 349525
x11 <- 0x55555000


mem[X,0x800090B0] -> 0x8593
mem[X,0x800090B2] -> 0x5555
[1151] [M]: 0x800090B0 (0x55558593) addi a1, a1, 1365
x11 <- 0x55555555


mem[X,0x800090B4] -> 0x0113
mem[X,0x800090B6] -> 0x0000
[1152] [M]: 0x800090B4 (0x00000113) addi sp, zero, 0
x2 <- 0x00000000


mem[X,0x800090B8] -> 0x006F
mem[X,0x800090BA] -> 0x00C0
[1153] [M]: 0x800090B8 (0x00C0006F) jal zero, 12


mem[X,0x800090C4] -> 0x0063
mem[X,0x800090C6] -> 0x40B5
[1154] [M]: 0x800090C4 (0x40B50063) beq a0, a1, 1024


mem[X,0x800094C4] -> 0x0113
mem[X,0x800094C6] -> 0x0031
[1155] [M]: 0x800094C4 (0x00310113) addi sp, sp, 3
x2 <- 0x00000003


mem[X,0x800094C8] -> 0x006F
mem[X,0x800094CA] -> 0x0040
[1156] [M]: 0x800094C8 (0x0040006F) jal zero, 4


mem[X,0x800094CC] -> 0xAC23
mem[X,0x800094CE] -> 0x1820
[1157] [M]: 0x800094CC (0x1820AC23) sw sp, 408(ra)
mem[0x8003A300] <- 0x00000003


mem[X,0x800094D0] -> 0x5537
mem[X,0x800094D2] -> 0x5555
[1158] [M]: 0x800094D0 (0x55555537) lui a0, 349525
x10 <- 0x55555000


mem[X,0x800094D4] -> 0x0513
mem[X,0x800094D6] -> 0x5555
[1159] [M]: 0x800094D4 (0x55550513) addi a0, a0, 1365
x10 <- 0x55555555


mem[X,0x800094D8] -> 0xB5B7
mem[X,0x800094DA] -> 0xAAAA
[1160] [M]: 0x800094D8 (0xAAAAB5B7) lui a1, 699051
x11 <- 0xAAAAB000


mem[X,0x800094DC] -> 0x8593
mem[X,0x800094DE] -> 0xAAA5
[1161] [M]: 0x800094DC (0xAAA58593) addi a1, a1, 2730
x11 <- 0xAAAAAAAA


mem[X,0x800094E0] -> 0x0113
mem[X,0x800094E2] -> 0x0000
[1162] [M]: 0x800094E0 (0x00000113) addi sp, zero, 0
x2 <- 0x00000000


mem[X,0x800094E4] -> 0x006F
mem[X,0x800094E6] -> 0x00C0
[1163] [M]: 0x800094E4 (0x00C0006F) jal zero, 12


mem[X,0x800094F0] -> 0x0063
mem[X,0x800094F2] -> 0x20B5
[1164] [M]: 0x800094F0 (0x20B50063) beq a0, a1, 512


mem[X,0x800094F4] -> 0x0113
mem[X,0x800094F6] -> 0x0021
[1165] [M]: 0x800094F4 (0x00210113) addi sp, sp, 2
x2 <- 0x00000002


mem[X,0x800094F8] -> 0x006F
mem[X,0x800094FA] -> 0x2000
[1166] [M]: 0x800094F8 (0x2000006F) jal zero, 512


mem[X,0x800096F8] -> 0xAE23
mem[X,0x800096FA] -> 0x1820
[1167] [M]: 0x800096F8 (0x1820AE23) sw sp, 412(ra)
mem[0x8003A304] <- 0x00000002


mem[X,0x800096FC] -> 0x5537
mem[X,0x800096FE] -> 0x5555
[1168] [M]: 0x800096FC (0x55555537) lui a0, 349525
x10 <- 0x55555000


mem[X,0x80009700] -> 0x0513
mem[X,0x80009702] -> 0x5555
[1169] [M]: 0x80009700 (0x55550513) addi a0, a0, 1365
x10 <- 0x55555555


mem[X,0x80009704] -> 0x0593
mem[X,0x80009706] -> 0x0050
[1170] [M]: 0x80009704 (0x00500593) addi a1, zero, 5
x11 <- 0x00000005


mem[X,0x80009708] -> 0x0113
mem[X,0x8000970A] -> 0x0000
[1171] [M]: 0x80009708 (0x00000113) addi sp, zero, 0
x2 <- 0x00000000


mem[X,0x8000970C] -> 0x006F
mem[X,0x8000970E] -> 0x0140
[1172] [M]: 0x8000970C (0x0140006F) jal zero, 20


mem[X,0x80009720] -> 0x08E3
mem[X,0x80009722] -> 0xFEB5
[1173] [M]: 0x80009720 (0xFEB508E3) beq a0, a1, 8176


mem[X,0x80009724] -> 0x0113
mem[X,0x80009726] -> 0x0021
[1174] [M]: 0x80009724 (0x00210113) addi sp, sp, 2
x2 <- 0x00000002


mem[X,0x80009728] -> 0x006F
mem[X,0x8000972A] -> 0x00C0
[1175] [M]: 0x80009728 (0x00C0006F) jal zero, 12


mem[X,0x80009734] -> 0xA023
mem[X,0x80009736] -> 0x1A20
[1176] [M]: 0x80009734 (0x1A20A023) sw sp, 416(ra)
mem[0x8003A308] <- 0x00000002


mem[X,0x80009738] -> 0x5537
mem[X,0x8000973A] -> 0x5555
[1177] [M]: 0x80009738 (0x55555537) lui a0, 349525
x10 <- 0x55555000


mem[X,0x8000973C] -> 0x0513
mem[X,0x8000973E] -> 0x5555
[1178] [M]: 0x8000973C (0x55550513) addi a0, a0, 1365
x10 <- 0x55555555


mem[X,0x80009740] -> 0x35B7
mem[X,0x80009742] -> 0x3333
[1179] [M]: 0x80009740 (0x333335B7) lui a1, 209715
x11 <- 0x33333000


mem[X,0x80009744] -> 0x8593
mem[X,0x80009746] -> 0x3335
[1180] [M]: 0x80009744 (0x33358593) addi a1, a1, 819
x11 <- 0x33333333


mem[X,0x80009748] -> 0x0113
mem[X,0x8000974A] -> 0x0000
[1181] [M]: 0x80009748 (0x00000113) addi sp, zero, 0
x2 <- 0x00000000


mem[X,0x8000974C] -> 0x006F
mem[X,0x8000974E] -> 0x00C0
[1182] [M]: 0x8000974C (0x00C0006F) jal zero, 12


mem[X,0x80009758] -> 0x0063
mem[X,0x8000975A] -> 0x10B5
[1183] [M]: 0x80009758 (0x10B50063) beq a0, a1, 256


mem[X,0x8000975C] -> 0x0113
mem[X,0x8000975E] -> 0x0021
[1184] [M]: 0x8000975C (0x00210113) addi sp, sp, 2
x2 <- 0x00000002


mem[X,0x80009760] -> 0x006F
mem[X,0x80009762] -> 0x1000
[1185] [M]: 0x80009760 (0x1000006F) jal zero, 256


mem[X,0x80009860] -> 0xA223
mem[X,0x80009862] -> 0x1A20
[1186] [M]: 0x80009860 (0x1A20A223) sw sp, 420(ra)
mem[0x8003A30C] <- 0x00000002


mem[X,0x80009864] -> 0x5537
mem[X,0x80009866] -> 0x5555
[1187] [M]: 0x80009864 (0x55555537) lui a0, 349525
x10 <- 0x55555000


mem[X,0x80009868] -> 0x0513
mem[X,0x8000986A] -> 0x5555
[1188] [M]: 0x80009868 (0x55550513) addi a0, a0, 1365
x10 <- 0x55555555


mem[X,0x8000986C] -> 0x65B7
mem[X,0x8000986E] -> 0x6666
[1189] [M]: 0x8000986C (0x666665B7) lui a1, 419430
x11 <- 0x66666000


mem[X,0x80009870] -> 0x8593
mem[X,0x80009872] -> 0x6665
[1190] [M]: 0x80009870 (0x66658593) addi a1, a1, 1638
x11 <- 0x66666666


mem[X,0x80009874] -> 0x0113
mem[X,0x80009876] -> 0x0000
[1191] [M]: 0x80009874 (0x00000113) addi sp, zero, 0
x2 <- 0x00000000


mem[X,0x80009878] -> 0x006F
mem[X,0x8000987A] -> 0x00C0
[1192] [M]: 0x80009878 (0x00C0006F) jal zero, 12


mem[X,0x80009884] -> 0x0063
mem[X,0x80009886] -> 0x02B5
[1193] [M]: 0x80009884 (0x02B50063) beq a0, a1, 32


mem[X,0x80009888] -> 0x0113
mem[X,0x8000988A] -> 0x0021
[1194] [M]: 0x80009888 (0x00210113) addi sp, sp, 2
x2 <- 0x00000002


mem[X,0x8000988C] -> 0x006F
mem[X,0x8000988E] -> 0x0200
[1195] [M]: 0x8000988C (0x0200006F) jal zero, 32


mem[X,0x800098AC] -> 0xA423
mem[X,0x800098AE] -> 0x1A20
[1196] [M]: 0x800098AC (0x1A20A423) sw sp, 424(ra)
mem[0x8003A310] <- 0x00000002


mem[X,0x800098B0] -> 0x5537
mem[X,0x800098B2] -> 0x5555
[1197] [M]: 0x800098B0 (0x55555537) lui a0, 349525
x10 <- 0x55555000


mem[X,0x800098B4] -> 0x0513
mem[X,0x800098B6] -> 0x5555
[1198] [M]: 0x800098B4 (0x55550513) addi a0, a0, 1365
x10 <- 0x55555555


mem[X,0x800098B8] -> 0x55B7
mem[X,0x800098BA] -> 0xFFFF
[1199] [M]: 0x800098B8 (0xFFFF55B7) lui a1, 1048565
x11 <- 0xFFFF5000


clint::tick mtime <- 0x000000000000000C
 clint timer pending at mtime 0x000000000000000C
htif::tick 0x0000000000000000
mem[X,0x800098BC] -> 0x8593
mem[X,0x800098BE] -> 0xAFC5
[1200] [M]: 0x800098BC (0xAFC58593) addi a1, a1, 2812
x11 <- 0xFFFF4AFC


mem[X,0x800098C0] -> 0x0113
mem[X,0x800098C2] -> 0x0000
[1201] [M]: 0x800098C0 (0x00000113) addi sp, zero, 0
x2 <- 0x00000000


mem[X,0x800098C4] -> 0x006F
mem[X,0x800098C6] -> 0x0140
[1202] [M]: 0x800098C4 (0x0140006F) jal zero, 20


mem[X,0x800098D8] -> 0x08E3
mem[X,0x800098DA] -> 0xFEB5
[1203] [M]: 0x800098D8 (0xFEB508E3) beq a0, a1, 8176


mem[X,0x800098DC] -> 0x0113
mem[X,0x800098DE] -> 0x0021
[1204] [M]: 0x800098DC (0x00210113) addi sp, sp, 2
x2 <- 0x00000002


mem[X,0x800098E0] -> 0x006F
mem[X,0x800098E2] -> 0x00C0
[1205] [M]: 0x800098E0 (0x00C0006F) jal zero, 12


mem[X,0x800098EC] -> 0xA623
mem[X,0x800098EE] -> 0x1A20
[1206] [M]: 0x800098EC (0x1A20A623) sw sp, 428(ra)
mem[0x8003A314] <- 0x00000002


mem[X,0x800098F0] -> 0x5537
mem[X,0x800098F2] -> 0x5555
[1207] [M]: 0x800098F0 (0x55555537) lui a0, 349525
x10 <- 0x55555000


mem[X,0x800098F4] -> 0x0513
mem[X,0x800098F6] -> 0x5555
[1208] [M]: 0x800098F4 (0x55550513) addi a0, a0, 1365
x10 <- 0x55555555


mem[X,0x800098F8] -> 0xB5B7
mem[X,0x800098FA] -> 0x0000
[1209] [M]: 0x800098F8 (0x0000B5B7) lui a1, 11
x11 <- 0x0000B000


mem[X,0x800098FC] -> 0x8593
mem[X,0x800098FE] -> 0x5045
[1210] [M]: 0x800098FC (0x50458593) addi a1, a1, 1284
x11 <- 0x0000B504


mem[X,0x80009900] -> 0x0113
mem[X,0x80009902] -> 0x0000
[1211] [M]: 0x80009900 (0x00000113) addi sp, zero, 0
x2 <- 0x00000000


mem[X,0x80009904] -> 0x006F
mem[X,0x80009906] -> 0x00C0
[1212] [M]: 0x80009904 (0x00C0006F) jal zero, 12


mem[X,0x80009910] -> 0x0CE3
mem[X,0x80009912] -> 0xFEB5
[1213] [M]: 0x80009910 (0xFEB50CE3) beq a0, a1, 8184


mem[X,0x80009914] -> 0x0113
mem[X,0x80009916] -> 0x0021
[1214] [M]: 0x80009914 (0x00210113) addi sp, sp, 2
x2 <- 0x00000002


mem[X,0x80009918] -> 0x006F
mem[X,0x8000991A] -> 0x00C0
[1215] [M]: 0x80009918 (0x00C0006F) jal zero, 12


mem[X,0x80009924] -> 0xA823
mem[X,0x80009926] -> 0x1A20
[1216] [M]: 0x80009924 (0x1A20A823) sw sp, 432(ra)
mem[0x8003A318] <- 0x00000002


mem[X,0x80009928] -> 0x5537
mem[X,0x8000992A] -> 0x5555
[1217] [M]: 0x80009928 (0x55555537) lui a0, 349525
x10 <- 0x55555000


mem[X,0x8000992C] -> 0x0513
mem[X,0x8000992E] -> 0x5555
[1218] [M]: 0x8000992C (0x55550513) addi a0, a0, 1365
x10 <- 0x55555555


mem[X,0x80009930] -> 0x0593
mem[X,0x80009932] -> 0x0020
[1219] [M]: 0x80009930 (0x00200593) addi a1, zero, 2
x11 <- 0x00000002


mem[X,0x80009934] -> 0x0113
mem[X,0x80009936] -> 0x0000
[1220] [M]: 0x80009934 (0x00000113) addi sp, zero, 0
x2 <- 0x00000000


mem[X,0x80009938] -> 0x006F
mem[X,0x8000993A] -> 0x0180
[1221] [M]: 0x80009938 (0x0180006F) jal zero, 24


mem[X,0x80009950] -> 0x06E3
mem[X,0x80009952] -> 0xFEB5
[1222] [M]: 0x80009950 (0xFEB506E3) beq a0, a1, 8172


mem[X,0x80009954] -> 0x0113
mem[X,0x80009956] -> 0x0021
[1223] [M]: 0x80009954 (0x00210113) addi sp, sp, 2
x2 <- 0x00000002


mem[X,0x80009958] -> 0x006F
mem[X,0x8000995A] -> 0x00C0
[1224] [M]: 0x80009958 (0x00C0006F) jal zero, 12


mem[X,0x80009964] -> 0xAA23
mem[X,0x80009966] -> 0x1A20
[1225] [M]: 0x80009964 (0x1A20AA23) sw sp, 436(ra)
mem[0x8003A31C] <- 0x00000002


mem[X,0x80009968] -> 0x5537
mem[X,0x8000996A] -> 0x5555
[1226] [M]: 0x80009968 (0x55555537) lui a0, 349525
x10 <- 0x55555000


mem[X,0x8000996C] -> 0x0513
mem[X,0x8000996E] -> 0x5555
[1227] [M]: 0x8000996C (0x55550513) addi a0, a0, 1365
x10 <- 0x55555555


mem[X,0x80009970] -> 0x55B7
mem[X,0x80009972] -> 0x5555
[1228] [M]: 0x80009970 (0x555555B7) lui a1, 349525
x11 <- 0x55555000


mem[X,0x80009974] -> 0x8593
mem[X,0x80009976] -> 0x5545
[1229] [M]: 0x80009974 (0x55458593) addi a1, a1, 1364
x11 <- 0x55555554


mem[X,0x80009978] -> 0x0113
mem[X,0x8000997A] -> 0x0000
[1230] [M]: 0x80009978 (0x00000113) addi sp, zero, 0
x2 <- 0x00000000


mem[X,0x8000997C] -> 0x006F
mem[X,0x8000997E] -> 0x00C0
[1231] [M]: 0x8000997C (0x00C0006F) jal zero, 12


mem[X,0x80009988] -> 0x0063
mem[X,0x8000998A] -> 0x10B5
[1232] [M]: 0x80009988 (0x10B50063) beq a0, a1, 256


mem[X,0x8000998C] -> 0x0113
mem[X,0x8000998E] -> 0x0021
[1233] [M]: 0x8000998C (0x00210113) addi sp, sp, 2
x2 <- 0x00000002


mem[X,0x80009990] -> 0x006F
mem[X,0x80009992] -> 0x1000
[1234] [M]: 0x80009990 (0x1000006F) jal zero, 256


mem[X,0x80009A90] -> 0xAC23
mem[X,0x80009A92] -> 0x1A20
[1235] [M]: 0x80009A90 (0x1A20AC23) sw sp, 440(ra)
mem[0x8003A320] <- 0x00000002


mem[X,0x80009A94] -> 0x5537
mem[X,0x80009A96] -> 0x5555
[1236] [M]: 0x80009A94 (0x55555537) lui a0, 349525
x10 <- 0x55555000


mem[X,0x80009A98] -> 0x0513
mem[X,0x80009A9A] -> 0x5555
[1237] [M]: 0x80009A98 (0x55550513) addi a0, a0, 1365
x10 <- 0x55555555


mem[X,0x80009A9C] -> 0x0593
mem[X,0x80009A9E] -> 0x0000
[1238] [M]: 0x80009A9C (0x00000593) addi a1, zero, 0
x11 <- 0x00000000


mem[X,0x80009AA0] -> 0x0113
mem[X,0x80009AA2] -> 0x0000
[1239] [M]: 0x80009AA0 (0x00000113) addi sp, zero, 0
x2 <- 0x00000000


mem[X,0x80009AA4] -> 0x006F
mem[X,0x80009AA6] -> 0x00C0
[1240] [M]: 0x80009AA4 (0x00C0006F) jal zero, 12


mem[X,0x80009AB0] -> 0x0663
mem[X,0x80009AB2] -> 0x00B5
[1241] [M]: 0x80009AB0 (0x00B50663) beq a0, a1, 12


mem[X,0x80009AB4] -> 0x0113
mem[X,0x80009AB6] -> 0x0021
[1242] [M]: 0x80009AB4 (0x00210113) addi sp, sp, 2
x2 <- 0x00000002


mem[X,0x80009AB8] -> 0x006F
mem[X,0x80009ABA] -> 0x00C0
[1243] [M]: 0x80009AB8 (0x00C0006F) jal zero, 12


mem[X,0x80009AC4] -> 0xAE23
mem[X,0x80009AC6] -> 0x1A20
[1244] [M]: 0x80009AC4 (0x1A20AE23) sw sp, 444(ra)
mem[0x8003A324] <- 0x00000002


mem[X,0x80009AC8] -> 0x5537
mem[X,0x80009ACA] -> 0x5555
[1245] [M]: 0x80009AC8 (0x55555537) lui a0, 349525
x10 <- 0x55555000


mem[X,0x80009ACC] -> 0x0513
mem[X,0x80009ACE] -> 0x5555
[1246] [M]: 0x80009ACC (0x55550513) addi a0, a0, 1365
x10 <- 0x55555555


mem[X,0x80009AD0] -> 0x0593
mem[X,0x80009AD2] -> 0x0040
[1247] [M]: 0x80009AD0 (0x00400593) addi a1, zero, 4
x11 <- 0x00000004


mem[X,0x80009AD4] -> 0x0113
mem[X,0x80009AD6] -> 0x0000
[1248] [M]: 0x80009AD4 (0x00000113) addi sp, zero, 0
x2 <- 0x00000000


mem[X,0x80009AD8] -> 0x006F
mem[X,0x80009ADA] -> 0x0180
[1249] [M]: 0x80009AD8 (0x0180006F) jal zero, 24


mem[X,0x80009AF0] -> 0x06E3
mem[X,0x80009AF2] -> 0xFEB5
[1250] [M]: 0x80009AF0 (0xFEB506E3) beq a0, a1, 8172


mem[X,0x80009AF4] -> 0x0113
mem[X,0x80009AF6] -> 0x0021
[1251] [M]: 0x80009AF4 (0x00210113) addi sp, sp, 2
x2 <- 0x00000002


mem[X,0x80009AF8] -> 0x006F
mem[X,0x80009AFA] -> 0x00C0
[1252] [M]: 0x80009AF8 (0x00C0006F) jal zero, 12


mem[X,0x80009B04] -> 0xA023
mem[X,0x80009B06] -> 0x1C20
[1253] [M]: 0x80009B04 (0x1C20A023) sw sp, 448(ra)
mem[0x8003A328] <- 0x00000002


mem[X,0x80009B08] -> 0x5537
mem[X,0x80009B0A] -> 0x5555
[1254] [M]: 0x80009B08 (0x55555537) lui a0, 349525
x10 <- 0x55555000


mem[X,0x80009B0C] -> 0x0513
mem[X,0x80009B0E] -> 0x5555
[1255] [M]: 0x80009B0C (0x55550513) addi a0, a0, 1365
x10 <- 0x55555555


mem[X,0x80009B10] -> 0x35B7
mem[X,0x80009B12] -> 0x3333
[1256] [M]: 0x80009B10 (0x333335B7) lui a1, 209715
x11 <- 0x33333000


mem[X,0x80009B14] -> 0x8593
mem[X,0x80009B16] -> 0x3325
[1257] [M]: 0x80009B14 (0x33258593) addi a1, a1, 818
x11 <- 0x33333332


mem[X,0x80009B18] -> 0x0113
mem[X,0x80009B1A] -> 0x0000
[1258] [M]: 0x80009B18 (0x00000113) addi sp, zero, 0
x2 <- 0x00000000


mem[X,0x80009B1C] -> 0x006F
mem[X,0x80009B1E] -> 0x2B10
[1259] [M]: 0x80009B1C (0x2B10006F) jal zero, 2736


mem[X,0x8000A5CC] -> 0x0A63
mem[X,0x8000A5CE] -> 0xD4B5
[1260] [M]: 0x8000A5CC (0xD4B50A63) beq a0, a1, 5460


mem[X,0x8000A5D0] -> 0x0113
mem[X,0x8000A5D2] -> 0x0021
[1261] [M]: 0x8000A5D0 (0x00210113) addi sp, sp, 2
x2 <- 0x00000002


mem[X,0x8000A5D4] -> 0x006F
mem[X,0x8000A5D6] -> 0x00C0
[1262] [M]: 0x8000A5D4 (0x00C0006F) jal zero, 12


mem[X,0x8000A5E0] -> 0xA223
mem[X,0x8000A5E2] -> 0x1C20
[1263] [M]: 0x8000A5E0 (0x1C20A223) sw sp, 452(ra)
mem[0x8003A32C] <- 0x00000002


mem[X,0x8000A5E4] -> 0x5537
mem[X,0x8000A5E6] -> 0x5555
[1264] [M]: 0x8000A5E4 (0x55555537) lui a0, 349525
x10 <- 0x55555000


mem[X,0x8000A5E8] -> 0x0513
mem[X,0x8000A5EA] -> 0x5555
[1265] [M]: 0x8000A5E8 (0x55550513) addi a0, a0, 1365
x10 <- 0x55555555


mem[X,0x8000A5EC] -> 0x65B7
mem[X,0x8000A5EE] -> 0x6666
[1266] [M]: 0x8000A5EC (0x666665B7) lui a1, 419430
x11 <- 0x66666000


mem[X,0x8000A5F0] -> 0x8593
mem[X,0x8000A5F2] -> 0x6655
[1267] [M]: 0x8000A5F0 (0x66558593) addi a1, a1, 1637
x11 <- 0x66666665


mem[X,0x8000A5F4] -> 0x0113
mem[X,0x8000A5F6] -> 0x0000
[1268] [M]: 0x8000A5F4 (0x00000113) addi sp, zero, 0
x2 <- 0x00000000


mem[X,0x8000A5F8] -> 0x006F
mem[X,0x8000A5FA] -> 0x2B10
[1269] [M]: 0x8000A5F8 (0x2B10006F) jal zero, 2736


mem[X,0x8000B0A8] -> 0x0A63
mem[X,0x8000B0AA] -> 0xD4B5
[1270] [M]: 0x8000B0A8 (0xD4B50A63) beq a0, a1, 5460


mem[X,0x8000B0AC] -> 0x0113
mem[X,0x8000B0AE] -> 0x0021
[1271] [M]: 0x8000B0AC (0x00210113) addi sp, sp, 2
x2 <- 0x00000002


mem[X,0x8000B0B0] -> 0x006F
mem[X,0x8000B0B2] -> 0x00C0
[1272] [M]: 0x8000B0B0 (0x00C0006F) jal zero, 12


mem[X,0x8000B0BC] -> 0xA423
mem[X,0x8000B0BE] -> 0x1C20
[1273] [M]: 0x8000B0BC (0x1C20A423) sw sp, 456(ra)
mem[0x8003A330] <- 0x00000002


mem[X,0x8000B0C0] -> 0x5537
mem[X,0x8000B0C2] -> 0x5555
[1274] [M]: 0x8000B0C0 (0x55555537) lui a0, 349525
x10 <- 0x55555000


mem[X,0x8000B0C4] -> 0x0513
mem[X,0x8000B0C6] -> 0x5555
[1275] [M]: 0x8000B0C4 (0x55550513) addi a0, a0, 1365
x10 <- 0x55555555


mem[X,0x8000B0C8] -> 0xB5B7
mem[X,0x8000B0CA] -> 0x0000
[1276] [M]: 0x8000B0C8 (0x0000B5B7) lui a1, 11
x11 <- 0x0000B000


mem[X,0x8000B0CC] -> 0x8593
mem[X,0x8000B0CE] -> 0x5035
[1277] [M]: 0x8000B0CC (0x50358593) addi a1, a1, 1283
x11 <- 0x0000B503


mem[X,0x8000B0D0] -> 0x0113
mem[X,0x8000B0D2] -> 0x0000
[1278] [M]: 0x8000B0D0 (0x00000113) addi sp, zero, 0
x2 <- 0x00000000


mem[X,0x8000B0D4] -> 0x006F
mem[X,0x8000B0D6] -> 0x00C0
[1279] [M]: 0x8000B0D4 (0x00C0006F) jal zero, 12


mem[X,0x8000B0E0] -> 0x0CE3
mem[X,0x8000B0E2] -> 0xFEB5
[1280] [M]: 0x8000B0E0 (0xFEB50CE3) beq a0, a1, 8184


mem[X,0x8000B0E4] -> 0x0113
mem[X,0x8000B0E6] -> 0x0021
[1281] [M]: 0x8000B0E4 (0x00210113) addi sp, sp, 2
x2 <- 0x00000002


mem[X,0x8000B0E8] -> 0x006F
mem[X,0x8000B0EA] -> 0x00C0
[1282] [M]: 0x8000B0E8 (0x00C0006F) jal zero, 12


mem[X,0x8000B0F4] -> 0xA623
mem[X,0x8000B0F6] -> 0x1C20
[1283] [M]: 0x8000B0F4 (0x1C20A623) sw sp, 460(ra)
mem[0x8003A334] <- 0x00000002


mem[X,0x8000B0F8] -> 0x5537
mem[X,0x8000B0FA] -> 0x5555
[1284] [M]: 0x8000B0F8 (0x55555537) lui a0, 349525
x10 <- 0x55555000


mem[X,0x8000B0FC] -> 0x0513
mem[X,0x8000B0FE] -> 0x5555
[1285] [M]: 0x8000B0FC (0x55550513) addi a0, a0, 1365
x10 <- 0x55555555


mem[X,0x8000B100] -> 0x55B7
mem[X,0x8000B102] -> 0x5555
[1286] [M]: 0x8000B100 (0x555555B7) lui a1, 349525
x11 <- 0x55555000


mem[X,0x8000B104] -> 0x8593
mem[X,0x8000B106] -> 0x5565
[1287] [M]: 0x8000B104 (0x55658593) addi a1, a1, 1366
x11 <- 0x55555556


mem[X,0x8000B108] -> 0x0113
mem[X,0x8000B10A] -> 0x0000
[1288] [M]: 0x8000B108 (0x00000113) addi sp, zero, 0
x2 <- 0x00000000


mem[X,0x8000B10C] -> 0x006F
mem[X,0x8000B10E] -> 0x00C0
[1289] [M]: 0x8000B10C (0x00C0006F) jal zero, 12


mem[X,0x8000B118] -> 0x0063
mem[X,0x8000B11A] -> 0x10B5
[1290] [M]: 0x8000B118 (0x10B50063) beq a0, a1, 256


mem[X,0x8000B11C] -> 0x0113
mem[X,0x8000B11E] -> 0x0021
[1291] [M]: 0x8000B11C (0x00210113) addi sp, sp, 2
x2 <- 0x00000002


mem[X,0x8000B120] -> 0x006F
mem[X,0x8000B122] -> 0x1000
[1292] [M]: 0x8000B120 (0x1000006F) jal zero, 256


mem[X,0x8000B220] -> 0xA823
mem[X,0x8000B222] -> 0x1C20
[1293] [M]: 0x8000B220 (0x1C20A823) sw sp, 464(ra)
mem[0x8003A338] <- 0x00000002


mem[X,0x8000B224] -> 0x5537
mem[X,0x8000B226] -> 0x5555
[1294] [M]: 0x8000B224 (0x55555537) lui a0, 349525
x10 <- 0x55555000


mem[X,0x8000B228] -> 0x0513
mem[X,0x8000B22A] -> 0x5555
[1295] [M]: 0x8000B228 (0x55550513) addi a0, a0, 1365
x10 <- 0x55555555


mem[X,0x8000B22C] -> 0xB5B7
mem[X,0x8000B22E] -> 0xAAAA
[1296] [M]: 0x8000B22C (0xAAAAB5B7) lui a1, 699051
x11 <- 0xAAAAB000


mem[X,0x8000B230] -> 0x8593
mem[X,0x8000B232] -> 0xAAB5
[1297] [M]: 0x8000B230 (0xAAB58593) addi a1, a1, 2731
x11 <- 0xAAAAAAAB


mem[X,0x8000B234] -> 0x0113
mem[X,0x8000B236] -> 0x0000
[1298] [M]: 0x8000B234 (0x00000113) addi sp, zero, 0
x2 <- 0x00000000


mem[X,0x8000B238] -> 0x006F
mem[X,0x8000B23A] -> 0x00C0
[1299] [M]: 0x8000B238 (0x00C0006F) jal zero, 12


clint::tick mtime <- 0x000000000000000D
 clint timer pending at mtime 0x000000000000000D
htif::tick 0x0000000000000000
mem[X,0x8000B244] -> 0x0063
mem[X,0x8000B246] -> 0x02B5
[1300] [M]: 0x8000B244 (0x02B50063) beq a0, a1, 32


mem[X,0x8000B248] -> 0x0113
mem[X,0x8000B24A] -> 0x0021
[1301] [M]: 0x8000B248 (0x00210113) addi sp, sp, 2
x2 <- 0x00000002


mem[X,0x8000B24C] -> 0x006F
mem[X,0x8000B24E] -> 0x0200
[1302] [M]: 0x8000B24C (0x0200006F) jal zero, 32


mem[X,0x8000B26C] -> 0xAA23
mem[X,0x8000B26E] -> 0x1C20
[1303] [M]: 0x8000B26C (0x1C20AA23) sw sp, 468(ra)
mem[0x8003A33C] <- 0x00000002


mem[X,0x8000B270] -> 0x5537
mem[X,0x8000B272] -> 0x5555
[1304] [M]: 0x8000B270 (0x55555537) lui a0, 349525
x10 <- 0x55555000


mem[X,0x8000B274] -> 0x0513
mem[X,0x8000B276] -> 0x5555
[1305] [M]: 0x8000B274 (0x55550513) addi a0, a0, 1365
x10 <- 0x55555555


mem[X,0x8000B278] -> 0x0593
mem[X,0x8000B27A] -> 0x0060
[1306] [M]: 0x8000B278 (0x00600593) addi a1, zero, 6
x11 <- 0x00000006


mem[X,0x8000B27C] -> 0x0113
mem[X,0x8000B27E] -> 0x0000
[1307] [M]: 0x8000B27C (0x00000113) addi sp, zero, 0
x2 <- 0x00000000


mem[X,0x8000B280] -> 0x006F
mem[X,0x8000B282] -> 0x00C0
[1308] [M]: 0x8000B280 (0x00C0006F) jal zero, 12


mem[X,0x8000B28C] -> 0x0663
mem[X,0x8000B28E] -> 0x00B5
[1309] [M]: 0x8000B28C (0x00B50663) beq a0, a1, 12


mem[X,0x8000B290] -> 0x0113
mem[X,0x8000B292] -> 0x0021
[1310] [M]: 0x8000B290 (0x00210113) addi sp, sp, 2
x2 <- 0x00000002


mem[X,0x8000B294] -> 0x006F
mem[X,0x8000B296] -> 0x00C0
[1311] [M]: 0x8000B294 (0x00C0006F) jal zero, 12


mem[X,0x8000B2A0] -> 0xAC23
mem[X,0x8000B2A2] -> 0x1C20
[1312] [M]: 0x8000B2A0 (0x1C20AC23) sw sp, 472(ra)
mem[0x8003A340] <- 0x00000002


mem[X,0x8000B2A4] -> 0x5537
mem[X,0x8000B2A6] -> 0x5555
[1313] [M]: 0x8000B2A4 (0x55555537) lui a0, 349525
x10 <- 0x55555000


mem[X,0x8000B2A8] -> 0x0513
mem[X,0x8000B2AA] -> 0x5555
[1314] [M]: 0x8000B2A8 (0x55550513) addi a0, a0, 1365
x10 <- 0x55555555


mem[X,0x8000B2AC] -> 0x35B7
mem[X,0x8000B2AE] -> 0x3333
[1315] [M]: 0x8000B2AC (0x333335B7) lui a1, 209715
x11 <- 0x33333000


mem[X,0x8000B2B0] -> 0x8593
mem[X,0x8000B2B2] -> 0x3345
[1316] [M]: 0x8000B2B0 (0x33458593) addi a1, a1, 820
x11 <- 0x33333334


mem[X,0x8000B2B4] -> 0x0113
mem[X,0x8000B2B6] -> 0x0000
[1317] [M]: 0x8000B2B4 (0x00000113) addi sp, zero, 0
x2 <- 0x00000000


mem[X,0x8000B2B8] -> 0x006F
mem[X,0x8000B2BA] -> 0x00C0
[1318] [M]: 0x8000B2B8 (0x00C0006F) jal zero, 12


mem[X,0x8000B2C4] -> 0x0863
mem[X,0x8000B2C6] -> 0x00B5
[1319] [M]: 0x8000B2C4 (0x00B50863) beq a0, a1, 16


mem[X,0x8000B2C8] -> 0x0113
mem[X,0x8000B2CA] -> 0x0021
[1320] [M]: 0x8000B2C8 (0x00210113) addi sp, sp, 2
x2 <- 0x00000002


mem[X,0x8000B2CC] -> 0x006F
mem[X,0x8000B2CE] -> 0x0100
[1321] [M]: 0x8000B2CC (0x0100006F) jal zero, 16


mem[X,0x8000B2DC] -> 0xAE23
mem[X,0x8000B2DE] -> 0x1C20
[1322] [M]: 0x8000B2DC (0x1C20AE23) sw sp, 476(ra)
mem[0x8003A344] <- 0x00000002


mem[X,0x8000B2E0] -> 0x5537
mem[X,0x8000B2E2] -> 0x5555
[1323] [M]: 0x8000B2E0 (0x55555537) lui a0, 349525
x10 <- 0x55555000


mem[X,0x8000B2E4] -> 0x0513
mem[X,0x8000B2E6] -> 0x5555
[1324] [M]: 0x8000B2E4 (0x55550513) addi a0, a0, 1365
x10 <- 0x55555555


mem[X,0x8000B2E8] -> 0x65B7
mem[X,0x8000B2EA] -> 0x6666
[1325] [M]: 0x8000B2E8 (0x666665B7) lui a1, 419430
x11 <- 0x66666000


mem[X,0x8000B2EC] -> 0x8593
mem[X,0x8000B2EE] -> 0x6675
[1326] [M]: 0x8000B2EC (0x66758593) addi a1, a1, 1639
x11 <- 0x66666667


mem[X,0x8000B2F0] -> 0x0113
mem[X,0x8000B2F2] -> 0x0000
[1327] [M]: 0x8000B2F0 (0x00000113) addi sp, zero, 0
x2 <- 0x00000000


mem[X,0x8000B2F4] -> 0x006F
mem[X,0x8000B2F6] -> 0x00C0
[1328] [M]: 0x8000B2F4 (0x00C0006F) jal zero, 12


mem[X,0x8000B300] -> 0x0063
mem[X,0x8000B302] -> 0x02B5
[1329] [M]: 0x8000B300 (0x02B50063) beq a0, a1, 32


mem[X,0x8000B304] -> 0x0113
mem[X,0x8000B306] -> 0x0021
[1330] [M]: 0x8000B304 (0x00210113) addi sp, sp, 2
x2 <- 0x00000002


mem[X,0x8000B308] -> 0x006F
mem[X,0x8000B30A] -> 0x0200
[1331] [M]: 0x8000B308 (0x0200006F) jal zero, 32


mem[X,0x8000B328] -> 0xA023
mem[X,0x8000B32A] -> 0x1E20
[1332] [M]: 0x8000B328 (0x1E20A023) sw sp, 480(ra)
mem[0x8003A348] <- 0x00000002


mem[X,0x8000B32C] -> 0x5537
mem[X,0x8000B32E] -> 0x5555
[1333] [M]: 0x8000B32C (0x55555537) lui a0, 349525
x10 <- 0x55555000


mem[X,0x8000B330] -> 0x0513
mem[X,0x8000B332] -> 0x5555
[1334] [M]: 0x8000B330 (0x55550513) addi a0, a0, 1365
x10 <- 0x55555555


mem[X,0x8000B334] -> 0x55B7
mem[X,0x8000B336] -> 0xFFFF
[1335] [M]: 0x8000B334 (0xFFFF55B7) lui a1, 1048565
x11 <- 0xFFFF5000


mem[X,0x8000B338] -> 0x8593
mem[X,0x8000B33A] -> 0xAFD5
[1336] [M]: 0x8000B338 (0xAFD58593) addi a1, a1, 2813
x11 <- 0xFFFF4AFD


mem[X,0x8000B33C] -> 0x0113
mem[X,0x8000B33E] -> 0x0000
[1337] [M]: 0x8000B33C (0x00000113) addi sp, zero, 0
x2 <- 0x00000000


mem[X,0x8000B340] -> 0x006F
mem[X,0x8000B342] -> 0x00C0
[1338] [M]: 0x8000B340 (0x00C0006F) jal zero, 12


mem[X,0x8000B34C] -> 0x0663
mem[X,0x8000B34E] -> 0x00B5
[1339] [M]: 0x8000B34C (0x00B50663) beq a0, a1, 12


mem[X,0x8000B350] -> 0x0113
mem[X,0x8000B352] -> 0x0021
[1340] [M]: 0x8000B350 (0x00210113) addi sp, sp, 2
x2 <- 0x00000002


mem[X,0x8000B354] -> 0x006F
mem[X,0x8000B356] -> 0x00C0
[1341] [M]: 0x8000B354 (0x00C0006F) jal zero, 12


mem[X,0x8000B360] -> 0xA223
mem[X,0x8000B362] -> 0x1E20
[1342] [M]: 0x8000B360 (0x1E20A223) sw sp, 484(ra)
mem[0x8003A34C] <- 0x00000002


mem[X,0x8000B364] -> 0x5537
mem[X,0x8000B366] -> 0x5555
[1343] [M]: 0x8000B364 (0x55555537) lui a0, 349525
x10 <- 0x55555000


mem[X,0x8000B368] -> 0x0513
mem[X,0x8000B36A] -> 0x5555
[1344] [M]: 0x8000B368 (0x55550513) addi a0, a0, 1365
x10 <- 0x55555555


mem[X,0x8000B36C] -> 0xB5B7
mem[X,0x8000B36E] -> 0x0000
[1345] [M]: 0x8000B36C (0x0000B5B7) lui a1, 11
x11 <- 0x0000B000


mem[X,0x8000B370] -> 0x8593
mem[X,0x8000B372] -> 0x5055
[1346] [M]: 0x8000B370 (0x50558593) addi a1, a1, 1285
x11 <- 0x0000B505


mem[X,0x8000B374] -> 0x0113
mem[X,0x8000B376] -> 0x0000
[1347] [M]: 0x8000B374 (0x00000113) addi sp, zero, 0
x2 <- 0x00000000


mem[X,0x8000B378] -> 0x006F
mem[X,0x8000B37A] -> 0x0100
[1348] [M]: 0x8000B378 (0x0100006F) jal zero, 16


mem[X,0x8000B388] -> 0x0AE3
mem[X,0x8000B38A] -> 0xFEB5
[1349] [M]: 0x8000B388 (0xFEB50AE3) beq a0, a1, 8180


mem[X,0x8000B38C] -> 0x0113
mem[X,0x8000B38E] -> 0x0021
[1350] [M]: 0x8000B38C (0x00210113) addi sp, sp, 2
x2 <- 0x00000002


mem[X,0x8000B390] -> 0x006F
mem[X,0x8000B392] -> 0x00C0
[1351] [M]: 0x8000B390 (0x00C0006F) jal zero, 12


mem[X,0x8000B39C] -> 0xA423
mem[X,0x8000B39E] -> 0x1E20
[1352] [M]: 0x8000B39C (0x1E20A423) sw sp, 488(ra)
mem[0x8003A350] <- 0x00000002


mem[X,0x8000B3A0] -> 0xB537
mem[X,0x8000B3A2] -> 0xAAAA
[1353] [M]: 0x8000B3A0 (0xAAAAB537) lui a0, 699051
x10 <- 0xAAAAB000


mem[X,0x8000B3A4] -> 0x0513
mem[X,0x8000B3A6] -> 0xAAA5
[1354] [M]: 0x8000B3A4 (0xAAA50513) addi a0, a0, 2730
x10 <- 0xAAAAAAAA


mem[X,0x8000B3A8] -> 0x0593
mem[X,0x8000B3AA] -> 0x0030
[1355] [M]: 0x8000B3A8 (0x00300593) addi a1, zero, 3
x11 <- 0x00000003


mem[X,0x8000B3AC] -> 0x0113
mem[X,0x8000B3AE] -> 0x0000
[1356] [M]: 0x8000B3AC (0x00000113) addi sp, zero, 0
x2 <- 0x00000000


mem[X,0x8000B3B0] -> 0x006F
mem[X,0x8000B3B2] -> 0x00C0
[1357] [M]: 0x8000B3B0 (0x00C0006F) jal zero, 12


mem[X,0x8000B3BC] -> 0x0CE3
mem[X,0x8000B3BE] -> 0xFEB5
[1358] [M]: 0x8000B3BC (0xFEB50CE3) beq a0, a1, 8184


mem[X,0x8000B3C0] -> 0x0113
mem[X,0x8000B3C2] -> 0x0021
[1359] [M]: 0x8000B3C0 (0x00210113) addi sp, sp, 2
x2 <- 0x00000002


mem[X,0x8000B3C4] -> 0x006F
mem[X,0x8000B3C6] -> 0x00C0
[1360] [M]: 0x8000B3C4 (0x00C0006F) jal zero, 12


mem[X,0x8000B3D0] -> 0xA623
mem[X,0x8000B3D2] -> 0x1E20
[1361] [M]: 0x8000B3D0 (0x1E20A623) sw sp, 492(ra)
mem[0x8003A354] <- 0x00000002


mem[X,0x8000B3D4] -> 0xB537
mem[X,0x8000B3D6] -> 0xAAAA
[1362] [M]: 0x8000B3D4 (0xAAAAB537) lui a0, 699051
x10 <- 0xAAAAB000


mem[X,0x8000B3D8] -> 0x0513
mem[X,0x8000B3DA] -> 0xAAA5
[1363] [M]: 0x8000B3D8 (0xAAA50513) addi a0, a0, 2730
x10 <- 0xAAAAAAAA


mem[X,0x8000B3DC] -> 0x55B7
mem[X,0x8000B3DE] -> 0x5555
[1364] [M]: 0x8000B3DC (0x555555B7) lui a1, 349525
x11 <- 0x55555000


mem[X,0x8000B3E0] -> 0x8593
mem[X,0x8000B3E2] -> 0x5555
[1365] [M]: 0x8000B3E0 (0x55558593) addi a1, a1, 1365
x11 <- 0x55555555


mem[X,0x8000B3E4] -> 0x0113
mem[X,0x8000B3E6] -> 0x0000
[1366] [M]: 0x8000B3E4 (0x00000113) addi sp, zero, 0
x2 <- 0x00000000


mem[X,0x8000B3E8] -> 0x006F
mem[X,0x8000B3EA] -> 0x2B10
[1367] [M]: 0x8000B3E8 (0x2B10006F) jal zero, 2736


mem[X,0x8000BE98] -> 0x0A63
mem[X,0x8000BE9A] -> 0xD4B5
[1368] [M]: 0x8000BE98 (0xD4B50A63) beq a0, a1, 5460


mem[X,0x8000BE9C] -> 0x0113
mem[X,0x8000BE9E] -> 0x0021
[1369] [M]: 0x8000BE9C (0x00210113) addi sp, sp, 2
x2 <- 0x00000002


mem[X,0x8000BEA0] -> 0x006F
mem[X,0x8000BEA2] -> 0x00C0
[1370] [M]: 0x8000BEA0 (0x00C0006F) jal zero, 12


mem[X,0x8000BEAC] -> 0xA823
mem[X,0x8000BEAE] -> 0x1E20
[1371] [M]: 0x8000BEAC (0x1E20A823) sw sp, 496(ra)
mem[0x8003A358] <- 0x00000002


mem[X,0x8000BEB0] -> 0xB537
mem[X,0x8000BEB2] -> 0xAAAA
[1372] [M]: 0x8000BEB0 (0xAAAAB537) lui a0, 699051
x10 <- 0xAAAAB000


mem[X,0x8000BEB4] -> 0x0513
mem[X,0x8000BEB6] -> 0xAAA5
[1373] [M]: 0x8000BEB4 (0xAAA50513) addi a0, a0, 2730
x10 <- 0xAAAAAAAA


mem[X,0x8000BEB8] -> 0xB5B7
mem[X,0x8000BEBA] -> 0xAAAA
[1374] [M]: 0x8000BEB8 (0xAAAAB5B7) lui a1, 699051
x11 <- 0xAAAAB000


mem[X,0x8000BEBC] -> 0x8593
mem[X,0x8000BEBE] -> 0xAAA5
[1375] [M]: 0x8000BEBC (0xAAA58593) addi a1, a1, 2730
x11 <- 0xAAAAAAAA


mem[X,0x8000BEC0] -> 0x0113
mem[X,0x8000BEC2] -> 0x0000
[1376] [M]: 0x8000BEC0 (0x00000113) addi sp, zero, 0
x2 <- 0x00000000


mem[X,0x8000BEC4] -> 0x006F
mem[X,0x8000BEC6] -> 0x00C0
[1377] [M]: 0x8000BEC4 (0x00C0006F) jal zero, 12


mem[X,0x8000BED0] -> 0x0063
mem[X,0x8000BED2] -> 0x10B5
[1378] [M]: 0x8000BED0 (0x10B50063) beq a0, a1, 256


mem[X,0x8000BFD0] -> 0x0113
mem[X,0x8000BFD2] -> 0x0031
[1379] [M]: 0x8000BFD0 (0x00310113) addi sp, sp, 3
x2 <- 0x00000003


mem[X,0x8000BFD4] -> 0x006F
mem[X,0x8000BFD6] -> 0x0040
[1380] [M]: 0x8000BFD4 (0x0040006F) jal zero, 4


mem[X,0x8000BFD8] -> 0xAA23
mem[X,0x8000BFDA] -> 0x1E20
[1381] [M]: 0x8000BFD8 (0x1E20AA23) sw sp, 500(ra)
mem[0x8003A35C] <- 0x00000003


mem[X,0x8000BFDC] -> 0xB537
mem[X,0x8000BFDE] -> 0xAAAA
[1382] [M]: 0x8000BFDC (0xAAAAB537) lui a0, 699051
x10 <- 0xAAAAB000


mem[X,0x8000BFE0] -> 0x0513
mem[X,0x8000BFE2] -> 0xAAA5
[1383] [M]: 0x8000BFE0 (0xAAA50513) addi a0, a0, 2730
x10 <- 0xAAAAAAAA


mem[X,0x8000BFE4] -> 0x0593
mem[X,0x8000BFE6] -> 0x0050
[1384] [M]: 0x8000BFE4 (0x00500593) addi a1, zero, 5
x11 <- 0x00000005


mem[X,0x8000BFE8] -> 0x0113
mem[X,0x8000BFEA] -> 0x0000
[1385] [M]: 0x8000BFE8 (0x00000113) addi sp, zero, 0
x2 <- 0x00000000


mem[X,0x8000BFEC] -> 0x006F
mem[X,0x8000BFEE] -> 0x00C0
[1386] [M]: 0x8000BFEC (0x00C0006F) jal zero, 12


mem[X,0x8000BFF8] -> 0x0663
mem[X,0x8000BFFA] -> 0x00B5
[1387] [M]: 0x8000BFF8 (0x00B50663) beq a0, a1, 12


mem[X,0x8000BFFC] -> 0x0113
mem[X,0x8000BFFE] -> 0x0021
[1388] [M]: 0x8000BFFC (0x00210113) addi sp, sp, 2
x2 <- 0x00000002


mem[X,0x8000C000] -> 0x006F
mem[X,0x8000C002] -> 0x00C0
[1389] [M]: 0x8000C000 (0x00C0006F) jal zero, 12


mem[X,0x8000C00C] -> 0xAC23
mem[X,0x8000C00E] -> 0x1E20
[1390] [M]: 0x8000C00C (0x1E20AC23) sw sp, 504(ra)
mem[0x8003A360] <- 0x00000002


mem[X,0x8000C010] -> 0xB537
mem[X,0x8000C012] -> 0xAAAA
[1391] [M]: 0x8000C010 (0xAAAAB537) lui a0, 699051
x10 <- 0xAAAAB000


mem[X,0x8000C014] -> 0x0513
mem[X,0x8000C016] -> 0xAAA5
[1392] [M]: 0x8000C014 (0xAAA50513) addi a0, a0, 2730
x10 <- 0xAAAAAAAA


mem[X,0x8000C018] -> 0x35B7
mem[X,0x8000C01A] -> 0x3333
[1393] [M]: 0x8000C018 (0x333335B7) lui a1, 209715
x11 <- 0x33333000


mem[X,0x8000C01C] -> 0x8593
mem[X,0x8000C01E] -> 0x3335
[1394] [M]: 0x8000C01C (0x33358593) addi a1, a1, 819
x11 <- 0x33333333


mem[X,0x8000C020] -> 0x0113
mem[X,0x8000C022] -> 0x0000
[1395] [M]: 0x8000C020 (0x00000113) addi sp, zero, 0
x2 <- 0x00000000


mem[X,0x8000C024] -> 0x006F
mem[X,0x8000C026] -> 0x00C0
[1396] [M]: 0x8000C024 (0x00C0006F) jal zero, 12


mem[X,0x8000C030] -> 0x0063
mem[X,0x8000C032] -> 0x40B5
[1397] [M]: 0x8000C030 (0x40B50063) beq a0, a1, 1024


mem[X,0x8000C034] -> 0x0113
mem[X,0x8000C036] -> 0x0021
[1398] [M]: 0x8000C034 (0x00210113) addi sp, sp, 2
x2 <- 0x00000002


mem[X,0x8000C038] -> 0x006F
mem[X,0x8000C03A] -> 0x4000
[1399] [M]: 0x8000C038 (0x4000006F) jal zero, 1024


clint::tick mtime <- 0x000000000000000E
 clint timer pending at mtime 0x000000000000000E
htif::tick 0x0000000000000000
mem[X,0x8000C438] -> 0xAE23
mem[X,0x8000C43A] -> 0x1E20
[1400] [M]: 0x8000C438 (0x1E20AE23) sw sp, 508(ra)
mem[0x8003A364] <- 0x00000002


mem[X,0x8000C43C] -> 0xB537
mem[X,0x8000C43E] -> 0xAAAA
[1401] [M]: 0x8000C43C (0xAAAAB537) lui a0, 699051
x10 <- 0xAAAAB000


mem[X,0x8000C440] -> 0x0513
mem[X,0x8000C442] -> 0xAAA5
[1402] [M]: 0x8000C440 (0xAAA50513) addi a0, a0, 2730
x10 <- 0xAAAAAAAA


mem[X,0x8000C444] -> 0x65B7
mem[X,0x8000C446] -> 0x6666
[1403] [M]: 0x8000C444 (0x666665B7) lui a1, 419430
x11 <- 0x66666000


mem[X,0x8000C448] -> 0x8593
mem[X,0x8000C44A] -> 0x6665
[1404] [M]: 0x8000C448 (0x66658593) addi a1, a1, 1638
x11 <- 0x66666666


mem[X,0x8000C44C] -> 0x0113
mem[X,0x8000C44E] -> 0x0000
[1405] [M]: 0x8000C44C (0x00000113) addi sp, zero, 0
x2 <- 0x00000000


mem[X,0x8000C450] -> 0x006F
mem[X,0x8000C452] -> 0x00C0
[1406] [M]: 0x8000C450 (0x00C0006F) jal zero, 12


mem[X,0x8000C45C] -> 0x0063
mem[X,0x8000C45E] -> 0x08B5
[1407] [M]: 0x8000C45C (0x08B50063) beq a0, a1, 128


mem[X,0x8000C460] -> 0x0113
mem[X,0x8000C462] -> 0x0021
[1408] [M]: 0x8000C460 (0x00210113) addi sp, sp, 2
x2 <- 0x00000002


mem[X,0x8000C464] -> 0x006F
mem[X,0x8000C466] -> 0x0800
[1409] [M]: 0x8000C464 (0x0800006F) jal zero, 128


mem[X,0x8000C4E4] -> 0xA023
mem[X,0x8000C4E6] -> 0x2020
[1410] [M]: 0x8000C4E4 (0x2020A023) sw sp, 512(ra)
mem[0x8003A368] <- 0x00000002


mem[X,0x8000C4E8] -> 0xB537
mem[X,0x8000C4EA] -> 0xAAAA
[1411] [M]: 0x8000C4E8 (0xAAAAB537) lui a0, 699051
x10 <- 0xAAAAB000


mem[X,0x8000C4EC] -> 0x0513
mem[X,0x8000C4EE] -> 0xAAA5
[1412] [M]: 0x8000C4EC (0xAAA50513) addi a0, a0, 2730
x10 <- 0xAAAAAAAA


mem[X,0x8000C4F0] -> 0x55B7
mem[X,0x8000C4F2] -> 0xFFFF
[1413] [M]: 0x8000C4F0 (0xFFFF55B7) lui a1, 1048565
x11 <- 0xFFFF5000


mem[X,0x8000C4F4] -> 0x8593
mem[X,0x8000C4F6] -> 0xAFC5
[1414] [M]: 0x8000C4F4 (0xAFC58593) addi a1, a1, 2812
x11 <- 0xFFFF4AFC


mem[X,0x8000C4F8] -> 0x0113
mem[X,0x8000C4FA] -> 0x0000
[1415] [M]: 0x8000C4F8 (0x00000113) addi sp, zero, 0
x2 <- 0x00000000


mem[X,0x8000C4FC] -> 0x006F
mem[X,0x8000C4FE] -> 0x00C0
[1416] [M]: 0x8000C4FC (0x00C0006F) jal zero, 12


mem[X,0x8000C508] -> 0x0CE3
mem[X,0x8000C50A] -> 0xFEB5
[1417] [M]: 0x8000C508 (0xFEB50CE3) beq a0, a1, 8184


mem[X,0x8000C50C] -> 0x0113
mem[X,0x8000C50E] -> 0x0021
[1418] [M]: 0x8000C50C (0x00210113) addi sp, sp, 2
x2 <- 0x00000002


mem[X,0x8000C510] -> 0x006F
mem[X,0x8000C512] -> 0x00C0
[1419] [M]: 0x8000C510 (0x00C0006F) jal zero, 12


mem[X,0x8000C51C] -> 0xA223
mem[X,0x8000C51E] -> 0x2020
[1420] [M]: 0x8000C51C (0x2020A223) sw sp, 516(ra)
mem[0x8003A36C] <- 0x00000002


mem[X,0x8000C520] -> 0xB537
mem[X,0x8000C522] -> 0xAAAA
[1421] [M]: 0x8000C520 (0xAAAAB537) lui a0, 699051
x10 <- 0xAAAAB000


mem[X,0x8000C524] -> 0x0513
mem[X,0x8000C526] -> 0xAAA5
[1422] [M]: 0x8000C524 (0xAAA50513) addi a0, a0, 2730
x10 <- 0xAAAAAAAA


mem[X,0x8000C528] -> 0xB5B7
mem[X,0x8000C52A] -> 0x0000
[1423] [M]: 0x8000C528 (0x0000B5B7) lui a1, 11
x11 <- 0x0000B000


mem[X,0x8000C52C] -> 0x8593
mem[X,0x8000C52E] -> 0x5045
[1424] [M]: 0x8000C52C (0x50458593) addi a1, a1, 1284
x11 <- 0x0000B504


mem[X,0x8000C530] -> 0x0113
mem[X,0x8000C532] -> 0x0000
[1425] [M]: 0x8000C530 (0x00000113) addi sp, zero, 0
x2 <- 0x00000000


mem[X,0x8000C534] -> 0x006F
mem[X,0x8000C536] -> 0x00C0
[1426] [M]: 0x8000C534 (0x00C0006F) jal zero, 12


mem[X,0x8000C540] -> 0x0CE3
mem[X,0x8000C542] -> 0xFEB5
[1427] [M]: 0x8000C540 (0xFEB50CE3) beq a0, a1, 8184


mem[X,0x8000C544] -> 0x0113
mem[X,0x8000C546] -> 0x0021
[1428] [M]: 0x8000C544 (0x00210113) addi sp, sp, 2
x2 <- 0x00000002


mem[X,0x8000C548] -> 0x006F
mem[X,0x8000C54A] -> 0x00C0
[1429] [M]: 0x8000C548 (0x00C0006F) jal zero, 12


mem[X,0x8000C554] -> 0xA423
mem[X,0x8000C556] -> 0x2020
[1430] [M]: 0x8000C554 (0x2020A423) sw sp, 520(ra)
mem[0x8003A370] <- 0x00000002


mem[X,0x8000C558] -> 0xB537
mem[X,0x8000C55A] -> 0xAAAA
[1431] [M]: 0x8000C558 (0xAAAAB537) lui a0, 699051
x10 <- 0xAAAAB000


mem[X,0x8000C55C] -> 0x0513
mem[X,0x8000C55E] -> 0xAAA5
[1432] [M]: 0x8000C55C (0xAAA50513) addi a0, a0, 2730
x10 <- 0xAAAAAAAA


mem[X,0x8000C560] -> 0x0593
mem[X,0x8000C562] -> 0x0020
[1433] [M]: 0x8000C560 (0x00200593) addi a1, zero, 2
x11 <- 0x00000002


mem[X,0x8000C564] -> 0x0113
mem[X,0x8000C566] -> 0x0000
[1434] [M]: 0x8000C564 (0x00000113) addi sp, zero, 0
x2 <- 0x00000000


mem[X,0x8000C568] -> 0x006F
mem[X,0x8000C56A] -> 0x00C0
[1435] [M]: 0x8000C568 (0x00C0006F) jal zero, 12


mem[X,0x8000C574] -> 0x0CE3
mem[X,0x8000C576] -> 0xFEB5
[1436] [M]: 0x8000C574 (0xFEB50CE3) beq a0, a1, 8184


mem[X,0x8000C578] -> 0x0113
mem[X,0x8000C57A] -> 0x0021
[1437] [M]: 0x8000C578 (0x00210113) addi sp, sp, 2
x2 <- 0x00000002


mem[X,0x8000C57C] -> 0x006F
mem[X,0x8000C57E] -> 0x00C0
[1438] [M]: 0x8000C57C (0x00C0006F) jal zero, 12


mem[X,0x8000C588] -> 0xA623
mem[X,0x8000C58A] -> 0x2020
[1439] [M]: 0x8000C588 (0x2020A623) sw sp, 524(ra)
mem[0x8003A374] <- 0x00000002


mem[X,0x8000C58C] -> 0xB537
mem[X,0x8000C58E] -> 0xAAAA
[1440] [M]: 0x8000C58C (0xAAAAB537) lui a0, 699051
x10 <- 0xAAAAB000


mem[X,0x8000C590] -> 0x0513
mem[X,0x8000C592] -> 0xAAA5
[1441] [M]: 0x8000C590 (0xAAA50513) addi a0, a0, 2730
x10 <- 0xAAAAAAAA


mem[X,0x8000C594] -> 0x55B7
mem[X,0x8000C596] -> 0x5555
[1442] [M]: 0x8000C594 (0x555555B7) lui a1, 349525
x11 <- 0x55555000


mem[X,0x8000C598] -> 0x8593
mem[X,0x8000C59A] -> 0x5545
[1443] [M]: 0x8000C598 (0x55458593) addi a1, a1, 1364
x11 <- 0x55555554


mem[X,0x8000C59C] -> 0x0113
mem[X,0x8000C59E] -> 0x0000
[1444] [M]: 0x8000C59C (0x00000113) addi sp, zero, 0
x2 <- 0x00000000


mem[X,0x8000C5A0] -> 0x006F
mem[X,0x8000C5A2] -> 0x00C0
[1445] [M]: 0x8000C5A0 (0x00C0006F) jal zero, 12


mem[X,0x8000C5AC] -> 0x0663
mem[X,0x8000C5AE] -> 0x00B5
[1446] [M]: 0x8000C5AC (0x00B50663) beq a0, a1, 12


mem[X,0x8000C5B0] -> 0x0113
mem[X,0x8000C5B2] -> 0x0021
[1447] [M]: 0x8000C5B0 (0x00210113) addi sp, sp, 2
x2 <- 0x00000002


mem[X,0x8000C5B4] -> 0x006F
mem[X,0x8000C5B6] -> 0x00C0
[1448] [M]: 0x8000C5B4 (0x00C0006F) jal zero, 12


mem[X,0x8000C5C0] -> 0xA823
mem[X,0x8000C5C2] -> 0x2020
[1449] [M]: 0x8000C5C0 (0x2020A823) sw sp, 528(ra)
mem[0x8003A378] <- 0x00000002


mem[X,0x8000C5C4] -> 0xB537
mem[X,0x8000C5C6] -> 0xAAAA
[1450] [M]: 0x8000C5C4 (0xAAAAB537) lui a0, 699051
x10 <- 0xAAAAB000


mem[X,0x8000C5C8] -> 0x0513
mem[X,0x8000C5CA] -> 0xAAA5
[1451] [M]: 0x8000C5C8 (0xAAA50513) addi a0, a0, 2730
x10 <- 0xAAAAAAAA


mem[X,0x8000C5CC] -> 0x0593
mem[X,0x8000C5CE] -> 0x0000
[1452] [M]: 0x8000C5CC (0x00000593) addi a1, zero, 0
x11 <- 0x00000000


mem[X,0x8000C5D0] -> 0x0113
mem[X,0x8000C5D2] -> 0x0000
[1453] [M]: 0x8000C5D0 (0x00000113) addi sp, zero, 0
x2 <- 0x00000000


mem[X,0x8000C5D4] -> 0x006F
mem[X,0x8000C5D6] -> 0x0100
[1454] [M]: 0x8000C5D4 (0x0100006F) jal zero, 16


mem[X,0x8000C5E4] -> 0x0AE3
mem[X,0x8000C5E6] -> 0xFEB5
[1455] [M]: 0x8000C5E4 (0xFEB50AE3) beq a0, a1, 8180


mem[X,0x8000C5E8] -> 0x0113
mem[X,0x8000C5EA] -> 0x0021
[1456] [M]: 0x8000C5E8 (0x00210113) addi sp, sp, 2
x2 <- 0x00000002


mem[X,0x8000C5EC] -> 0x006F
mem[X,0x8000C5EE] -> 0x00C0
[1457] [M]: 0x8000C5EC (0x00C0006F) jal zero, 12


mem[X,0x8000C5F8] -> 0xAA23
mem[X,0x8000C5FA] -> 0x2020
[1458] [M]: 0x8000C5F8 (0x2020AA23) sw sp, 532(ra)
mem[0x8003A37C] <- 0x00000002


mem[X,0x8000C5FC] -> 0xB537
mem[X,0x8000C5FE] -> 0xAAAA
[1459] [M]: 0x8000C5FC (0xAAAAB537) lui a0, 699051
x10 <- 0xAAAAB000


mem[X,0x8000C600] -> 0x0513
mem[X,0x8000C602] -> 0xAAA5
[1460] [M]: 0x8000C600 (0xAAA50513) addi a0, a0, 2730
x10 <- 0xAAAAAAAA


mem[X,0x8000C604] -> 0x0593
mem[X,0x8000C606] -> 0x0040
[1461] [M]: 0x8000C604 (0x00400593) addi a1, zero, 4
x11 <- 0x00000004


mem[X,0x8000C608] -> 0x0113
mem[X,0x8000C60A] -> 0x0000
[1462] [M]: 0x8000C608 (0x00000113) addi sp, zero, 0
x2 <- 0x00000000


mem[X,0x8000C60C] -> 0x006F
mem[X,0x8000C60E] -> 0x00C0
[1463] [M]: 0x8000C60C (0x00C0006F) jal zero, 12


mem[X,0x8000C618] -> 0x0663
mem[X,0x8000C61A] -> 0x00B5
[1464] [M]: 0x8000C618 (0x00B50663) beq a0, a1, 12


mem[X,0x8000C61C] -> 0x0113
mem[X,0x8000C61E] -> 0x0021
[1465] [M]: 0x8000C61C (0x00210113) addi sp, sp, 2
x2 <- 0x00000002


mem[X,0x8000C620] -> 0x006F
mem[X,0x8000C622] -> 0x00C0
[1466] [M]: 0x8000C620 (0x00C0006F) jal zero, 12


mem[X,0x8000C62C] -> 0xAC23
mem[X,0x8000C62E] -> 0x2020
[1467] [M]: 0x8000C62C (0x2020AC23) sw sp, 536(ra)
mem[0x8003A380] <- 0x00000002


mem[X,0x8000C630] -> 0xB537
mem[X,0x8000C632] -> 0xAAAA
[1468] [M]: 0x8000C630 (0xAAAAB537) lui a0, 699051
x10 <- 0xAAAAB000


mem[X,0x8000C634] -> 0x0513
mem[X,0x8000C636] -> 0xAAA5
[1469] [M]: 0x8000C634 (0xAAA50513) addi a0, a0, 2730
x10 <- 0xAAAAAAAA


mem[X,0x8000C638] -> 0x35B7
mem[X,0x8000C63A] -> 0x3333
[1470] [M]: 0x8000C638 (0x333335B7) lui a1, 209715
x11 <- 0x33333000


mem[X,0x8000C63C] -> 0x8593
mem[X,0x8000C63E] -> 0x3325
[1471] [M]: 0x8000C63C (0x33258593) addi a1, a1, 818
x11 <- 0x33333332


mem[X,0x8000C640] -> 0x0113
mem[X,0x8000C642] -> 0x0000
[1472] [M]: 0x8000C640 (0x00000113) addi sp, zero, 0
x2 <- 0x00000000


mem[X,0x8000C644] -> 0x006F
mem[X,0x8000C646] -> 0x00C0
[1473] [M]: 0x8000C644 (0x00C0006F) jal zero, 12


mem[X,0x8000C650] -> 0x0063
mem[X,0x8000C652] -> 0x20B5
[1474] [M]: 0x8000C650 (0x20B50063) beq a0, a1, 512


mem[X,0x8000C654] -> 0x0113
mem[X,0x8000C656] -> 0x0021
[1475] [M]: 0x8000C654 (0x00210113) addi sp, sp, 2
x2 <- 0x00000002


mem[X,0x8000C658] -> 0x006F
mem[X,0x8000C65A] -> 0x2000
[1476] [M]: 0x8000C658 (0x2000006F) jal zero, 512


mem[X,0x8000C858] -> 0xAE23
mem[X,0x8000C85A] -> 0x2020
[1477] [M]: 0x8000C858 (0x2020AE23) sw sp, 540(ra)
mem[0x8003A384] <- 0x00000002


mem[X,0x8000C85C] -> 0xB537
mem[X,0x8000C85E] -> 0xAAAA
[1478] [M]: 0x8000C85C (0xAAAAB537) lui a0, 699051
x10 <- 0xAAAAB000


mem[X,0x8000C860] -> 0x0513
mem[X,0x8000C862] -> 0xAAA5
[1479] [M]: 0x8000C860 (0xAAA50513) addi a0, a0, 2730
x10 <- 0xAAAAAAAA


mem[X,0x8000C864] -> 0x65B7
mem[X,0x8000C866] -> 0x6666
[1480] [M]: 0x8000C864 (0x666665B7) lui a1, 419430
x11 <- 0x66666000


mem[X,0x8000C868] -> 0x8593
mem[X,0x8000C86A] -> 0x6655
[1481] [M]: 0x8000C868 (0x66558593) addi a1, a1, 1637
x11 <- 0x66666665


mem[X,0x8000C86C] -> 0x0113
mem[X,0x8000C86E] -> 0x0000
[1482] [M]: 0x8000C86C (0x00000113) addi sp, zero, 0
x2 <- 0x00000000


mem[X,0x8000C870] -> 0x006F
mem[X,0x8000C872] -> 0x00C0
[1483] [M]: 0x8000C870 (0x00C0006F) jal zero, 12


mem[X,0x8000C87C] -> 0x0663
mem[X,0x8000C87E] -> 0x00B5
[1484] [M]: 0x8000C87C (0x00B50663) beq a0, a1, 12


mem[X,0x8000C880] -> 0x0113
mem[X,0x8000C882] -> 0x0021
[1485] [M]: 0x8000C880 (0x00210113) addi sp, sp, 2
x2 <- 0x00000002


mem[X,0x8000C884] -> 0x006F
mem[X,0x8000C886] -> 0x00C0
[1486] [M]: 0x8000C884 (0x00C0006F) jal zero, 12


mem[X,0x8000C890] -> 0xA023
mem[X,0x8000C892] -> 0x2220
[1487] [M]: 0x8000C890 (0x2220A023) sw sp, 544(ra)
mem[0x8003A388] <- 0x00000002


mem[X,0x8000C894] -> 0xB537
mem[X,0x8000C896] -> 0xAAAA
[1488] [M]: 0x8000C894 (0xAAAAB537) lui a0, 699051
x10 <- 0xAAAAB000


mem[X,0x8000C898] -> 0x0513
mem[X,0x8000C89A] -> 0xAAA5
[1489] [M]: 0x8000C898 (0xAAA50513) addi a0, a0, 2730
x10 <- 0xAAAAAAAA


mem[X,0x8000C89C] -> 0xB5B7
mem[X,0x8000C89E] -> 0x0000
[1490] [M]: 0x8000C89C (0x0000B5B7) lui a1, 11
x11 <- 0x0000B000


mem[X,0x8000C8A0] -> 0x8593
mem[X,0x8000C8A2] -> 0x5035
[1491] [M]: 0x8000C8A0 (0x50358593) addi a1, a1, 1283
x11 <- 0x0000B503


mem[X,0x8000C8A4] -> 0x0113
mem[X,0x8000C8A6] -> 0x0000
[1492] [M]: 0x8000C8A4 (0x00000113) addi sp, zero, 0
x2 <- 0x00000000


mem[X,0x8000C8A8] -> 0x006F
mem[X,0x8000C8AA] -> 0x00C0
[1493] [M]: 0x8000C8A8 (0x00C0006F) jal zero, 12


mem[X,0x8000C8B4] -> 0x0063
mem[X,0x8000C8B6] -> 0x02B5
[1494] [M]: 0x8000C8B4 (0x02B50063) beq a0, a1, 32


mem[X,0x8000C8B8] -> 0x0113
mem[X,0x8000C8BA] -> 0x0021
[1495] [M]: 0x8000C8B8 (0x00210113) addi sp, sp, 2
x2 <- 0x00000002


mem[X,0x8000C8BC] -> 0x006F
mem[X,0x8000C8BE] -> 0x0200
[1496] [M]: 0x8000C8BC (0x0200006F) jal zero, 32


mem[X,0x8000C8DC] -> 0xA223
mem[X,0x8000C8DE] -> 0x2220
[1497] [M]: 0x8000C8DC (0x2220A223) sw sp, 548(ra)
mem[0x8003A38C] <- 0x00000002


mem[X,0x8000C8E0] -> 0xB537
mem[X,0x8000C8E2] -> 0xAAAA
[1498] [M]: 0x8000C8E0 (0xAAAAB537) lui a0, 699051
x10 <- 0xAAAAB000


mem[X,0x8000C8E4] -> 0x0513
mem[X,0x8000C8E6] -> 0xAAA5
[1499] [M]: 0x8000C8E4 (0xAAA50513) addi a0, a0, 2730
x10 <- 0xAAAAAAAA


clint::tick mtime <- 0x000000000000000F
 clint timer pending at mtime 0x000000000000000F
htif::tick 0x0000000000000000
mem[X,0x8000C8E8] -> 0x55B7
mem[X,0x8000C8EA] -> 0x5555
[1500] [M]: 0x8000C8E8 (0x555555B7) lui a1, 349525
x11 <- 0x55555000


mem[X,0x8000C8EC] -> 0x8593
mem[X,0x8000C8EE] -> 0x5565
[1501] [M]: 0x8000C8EC (0x55658593) addi a1, a1, 1366
x11 <- 0x55555556


mem[X,0x8000C8F0] -> 0x0113
mem[X,0x8000C8F2] -> 0x0000
[1502] [M]: 0x8000C8F0 (0x00000113) addi sp, zero, 0
x2 <- 0x00000000


mem[X,0x8000C8F4] -> 0x006F
mem[X,0x8000C8F6] -> 0x0180
[1503] [M]: 0x8000C8F4 (0x0180006F) jal zero, 24


mem[X,0x8000C90C] -> 0x06E3
mem[X,0x8000C90E] -> 0xFEB5
[1504] [M]: 0x8000C90C (0xFEB506E3) beq a0, a1, 8172


mem[X,0x8000C910] -> 0x0113
mem[X,0x8000C912] -> 0x0021
[1505] [M]: 0x8000C910 (0x00210113) addi sp, sp, 2
x2 <- 0x00000002


mem[X,0x8000C914] -> 0x006F
mem[X,0x8000C916] -> 0x00C0
[1506] [M]: 0x8000C914 (0x00C0006F) jal zero, 12


mem[X,0x8000C920] -> 0xA423
mem[X,0x8000C922] -> 0x2220
[1507] [M]: 0x8000C920 (0x2220A423) sw sp, 552(ra)
mem[0x8003A390] <- 0x00000002


mem[X,0x8000C924] -> 0xB537
mem[X,0x8000C926] -> 0xAAAA
[1508] [M]: 0x8000C924 (0xAAAAB537) lui a0, 699051
x10 <- 0xAAAAB000


mem[X,0x8000C928] -> 0x0513
mem[X,0x8000C92A] -> 0xAAA5
[1509] [M]: 0x8000C928 (0xAAA50513) addi a0, a0, 2730
x10 <- 0xAAAAAAAA


mem[X,0x8000C92C] -> 0xB5B7
mem[X,0x8000C92E] -> 0xAAAA
[1510] [M]: 0x8000C92C (0xAAAAB5B7) lui a1, 699051
x11 <- 0xAAAAB000


mem[X,0x8000C930] -> 0x8593
mem[X,0x8000C932] -> 0xAAB5
[1511] [M]: 0x8000C930 (0xAAB58593) addi a1, a1, 2731
x11 <- 0xAAAAAAAB


mem[X,0x8000C934] -> 0x0113
mem[X,0x8000C936] -> 0x0000
[1512] [M]: 0x8000C934 (0x00000113) addi sp, zero, 0
x2 <- 0x00000000


mem[X,0x8000C938] -> 0x006F
mem[X,0x8000C93A] -> 0x00C0
[1513] [M]: 0x8000C938 (0x00C0006F) jal zero, 12


mem[X,0x8000C944] -> 0x0CE3
mem[X,0x8000C946] -> 0xFEB5
[1514] [M]: 0x8000C944 (0xFEB50CE3) beq a0, a1, 8184


mem[X,0x8000C948] -> 0x0113
mem[X,0x8000C94A] -> 0x0021
[1515] [M]: 0x8000C948 (0x00210113) addi sp, sp, 2
x2 <- 0x00000002


mem[X,0x8000C94C] -> 0x006F
mem[X,0x8000C94E] -> 0x00C0
[1516] [M]: 0x8000C94C (0x00C0006F) jal zero, 12


mem[X,0x8000C958] -> 0xA623
mem[X,0x8000C95A] -> 0x2220
[1517] [M]: 0x8000C958 (0x2220A623) sw sp, 556(ra)
mem[0x8003A394] <- 0x00000002


mem[X,0x8000C95C] -> 0xB537
mem[X,0x8000C95E] -> 0xAAAA
[1518] [M]: 0x8000C95C (0xAAAAB537) lui a0, 699051
x10 <- 0xAAAAB000


mem[X,0x8000C960] -> 0x0513
mem[X,0x8000C962] -> 0xAAA5
[1519] [M]: 0x8000C960 (0xAAA50513) addi a0, a0, 2730
x10 <- 0xAAAAAAAA


mem[X,0x8000C964] -> 0x0593
mem[X,0x8000C966] -> 0x0060
[1520] [M]: 0x8000C964 (0x00600593) addi a1, zero, 6
x11 <- 0x00000006


mem[X,0x8000C968] -> 0x0113
mem[X,0x8000C96A] -> 0x0000
[1521] [M]: 0x8000C968 (0x00000113) addi sp, zero, 0
x2 <- 0x00000000


mem[X,0x8000C96C] -> 0x006F
mem[X,0x8000C96E] -> 0x00C0
[1522] [M]: 0x8000C96C (0x00C0006F) jal zero, 12


mem[X,0x8000C978] -> 0x0663
mem[X,0x8000C97A] -> 0x00B5
[1523] [M]: 0x8000C978 (0x00B50663) beq a0, a1, 12


mem[X,0x8000C97C] -> 0x0113
mem[X,0x8000C97E] -> 0x0021
[1524] [M]: 0x8000C97C (0x00210113) addi sp, sp, 2
x2 <- 0x00000002


mem[X,0x8000C980] -> 0x006F
mem[X,0x8000C982] -> 0x00C0
[1525] [M]: 0x8000C980 (0x00C0006F) jal zero, 12


mem[X,0x8000C98C] -> 0xA823
mem[X,0x8000C98E] -> 0x2220
[1526] [M]: 0x8000C98C (0x2220A823) sw sp, 560(ra)
mem[0x8003A398] <- 0x00000002


mem[X,0x8000C990] -> 0xB537
mem[X,0x8000C992] -> 0xAAAA
[1527] [M]: 0x8000C990 (0xAAAAB537) lui a0, 699051
x10 <- 0xAAAAB000


mem[X,0x8000C994] -> 0x0513
mem[X,0x8000C996] -> 0xAAA5
[1528] [M]: 0x8000C994 (0xAAA50513) addi a0, a0, 2730
x10 <- 0xAAAAAAAA


mem[X,0x8000C998] -> 0x35B7
mem[X,0x8000C99A] -> 0x3333
[1529] [M]: 0x8000C998 (0x333335B7) lui a1, 209715
x11 <- 0x33333000


mem[X,0x8000C99C] -> 0x8593
mem[X,0x8000C99E] -> 0x3345
[1530] [M]: 0x8000C99C (0x33458593) addi a1, a1, 820
x11 <- 0x33333334


mem[X,0x8000C9A0] -> 0x0113
mem[X,0x8000C9A2] -> 0x0000
[1531] [M]: 0x8000C9A0 (0x00000113) addi sp, zero, 0
x2 <- 0x00000000


mem[X,0x8000C9A4] -> 0x006F
mem[X,0x8000C9A6] -> 0x00C0
[1532] [M]: 0x8000C9A4 (0x00C0006F) jal zero, 12


mem[X,0x8000C9B0] -> 0x0CE3
mem[X,0x8000C9B2] -> 0xFEB5
[1533] [M]: 0x8000C9B0 (0xFEB50CE3) beq a0, a1, 8184


mem[X,0x8000C9B4] -> 0x0113
mem[X,0x8000C9B6] -> 0x0021
[1534] [M]: 0x8000C9B4 (0x00210113) addi sp, sp, 2
x2 <- 0x00000002


mem[X,0x8000C9B8] -> 0x006F
mem[X,0x8000C9BA] -> 0x00C0
[1535] [M]: 0x8000C9B8 (0x00C0006F) jal zero, 12


mem[X,0x8000C9C4] -> 0xAA23
mem[X,0x8000C9C6] -> 0x2220
[1536] [M]: 0x8000C9C4 (0x2220AA23) sw sp, 564(ra)
mem[0x8003A39C] <- 0x00000002


mem[X,0x8000C9C8] -> 0xB537
mem[X,0x8000C9CA] -> 0xAAAA
[1537] [M]: 0x8000C9C8 (0xAAAAB537) lui a0, 699051
x10 <- 0xAAAAB000


mem[X,0x8000C9CC] -> 0x0513
mem[X,0x8000C9CE] -> 0xAAA5
[1538] [M]: 0x8000C9CC (0xAAA50513) addi a0, a0, 2730
x10 <- 0xAAAAAAAA


mem[X,0x8000C9D0] -> 0x65B7
mem[X,0x8000C9D2] -> 0x6666
[1539] [M]: 0x8000C9D0 (0x666665B7) lui a1, 419430
x11 <- 0x66666000


mem[X,0x8000C9D4] -> 0x8593
mem[X,0x8000C9D6] -> 0x6675
[1540] [M]: 0x8000C9D4 (0x66758593) addi a1, a1, 1639
x11 <- 0x66666667


mem[X,0x8000C9D8] -> 0x0113
mem[X,0x8000C9DA] -> 0x0000
[1541] [M]: 0x8000C9D8 (0x00000113) addi sp, zero, 0
x2 <- 0x00000000


mem[X,0x8000C9DC] -> 0x006F
mem[X,0x8000C9DE] -> 0x00C0
[1542] [M]: 0x8000C9DC (0x00C0006F) jal zero, 12


mem[X,0x8000C9E8] -> 0x0063
mem[X,0x8000C9EA] -> 0x04B5
[1543] [M]: 0x8000C9E8 (0x04B50063) beq a0, a1, 64


mem[X,0x8000C9EC] -> 0x0113
mem[X,0x8000C9EE] -> 0x0021
[1544] [M]: 0x8000C9EC (0x00210113) addi sp, sp, 2
x2 <- 0x00000002


mem[X,0x8000C9F0] -> 0x006F
mem[X,0x8000C9F2] -> 0x0400
[1545] [M]: 0x8000C9F0 (0x0400006F) jal zero, 64


mem[X,0x8000CA30] -> 0xAC23
mem[X,0x8000CA32] -> 0x2220
[1546] [M]: 0x8000CA30 (0x2220AC23) sw sp, 568(ra)
mem[0x8003A3A0] <- 0x00000002


mem[X,0x8000CA34] -> 0xB537
mem[X,0x8000CA36] -> 0xAAAA
[1547] [M]: 0x8000CA34 (0xAAAAB537) lui a0, 699051
x10 <- 0xAAAAB000


mem[X,0x8000CA38] -> 0x0513
mem[X,0x8000CA3A] -> 0xAAA5
[1548] [M]: 0x8000CA38 (0xAAA50513) addi a0, a0, 2730
x10 <- 0xAAAAAAAA


mem[X,0x8000CA3C] -> 0x55B7
mem[X,0x8000CA3E] -> 0xFFFF
[1549] [M]: 0x8000CA3C (0xFFFF55B7) lui a1, 1048565
x11 <- 0xFFFF5000


mem[X,0x8000CA40] -> 0x8593
mem[X,0x8000CA42] -> 0xAFD5
[1550] [M]: 0x8000CA40 (0xAFD58593) addi a1, a1, 2813
x11 <- 0xFFFF4AFD


mem[X,0x8000CA44] -> 0x0113
mem[X,0x8000CA46] -> 0x0000
[1551] [M]: 0x8000CA44 (0x00000113) addi sp, zero, 0
x2 <- 0x00000000


mem[X,0x8000CA48] -> 0x006F
mem[X,0x8000CA4A] -> 0x00C0
[1552] [M]: 0x8000CA48 (0x00C0006F) jal zero, 12


mem[X,0x8000CA54] -> 0x0063
mem[X,0x8000CA56] -> 0x10B5
[1553] [M]: 0x8000CA54 (0x10B50063) beq a0, a1, 256


mem[X,0x8000CA58] -> 0x0113
mem[X,0x8000CA5A] -> 0x0021
[1554] [M]: 0x8000CA58 (0x00210113) addi sp, sp, 2
x2 <- 0x00000002


mem[X,0x8000CA5C] -> 0x006F
mem[X,0x8000CA5E] -> 0x1000
[1555] [M]: 0x8000CA5C (0x1000006F) jal zero, 256


mem[X,0x8000CB5C] -> 0xAE23
mem[X,0x8000CB5E] -> 0x2220
[1556] [M]: 0x8000CB5C (0x2220AE23) sw sp, 572(ra)
mem[0x8003A3A4] <- 0x00000002


mem[X,0x8000CB60] -> 0xB537
mem[X,0x8000CB62] -> 0xAAAA
[1557] [M]: 0x8000CB60 (0xAAAAB537) lui a0, 699051
x10 <- 0xAAAAB000


mem[X,0x8000CB64] -> 0x0513
mem[X,0x8000CB66] -> 0xAAA5
[1558] [M]: 0x8000CB64 (0xAAA50513) addi a0, a0, 2730
x10 <- 0xAAAAAAAA


mem[X,0x8000CB68] -> 0xB5B7
mem[X,0x8000CB6A] -> 0x0000
[1559] [M]: 0x8000CB68 (0x0000B5B7) lui a1, 11
x11 <- 0x0000B000


mem[X,0x8000CB6C] -> 0x8593
mem[X,0x8000CB6E] -> 0x5055
[1560] [M]: 0x8000CB6C (0x50558593) addi a1, a1, 1285
x11 <- 0x0000B505


mem[X,0x8000CB70] -> 0x0113
mem[X,0x8000CB72] -> 0x0000
[1561] [M]: 0x8000CB70 (0x00000113) addi sp, zero, 0
x2 <- 0x00000000


mem[X,0x8000CB74] -> 0x006F
mem[X,0x8000CB76] -> 0x00C0
[1562] [M]: 0x8000CB74 (0x00C0006F) jal zero, 12


mem[X,0x8000CB80] -> 0x0663
mem[X,0x8000CB82] -> 0x00B5
[1563] [M]: 0x8000CB80 (0x00B50663) beq a0, a1, 12


mem[X,0x8000CB84] -> 0x0113
mem[X,0x8000CB86] -> 0x0021
[1564] [M]: 0x8000CB84 (0x00210113) addi sp, sp, 2
x2 <- 0x00000002


mem[X,0x8000CB88] -> 0x006F
mem[X,0x8000CB8A] -> 0x00C0
[1565] [M]: 0x8000CB88 (0x00C0006F) jal zero, 12


mem[X,0x8000CB94] -> 0xA023
mem[X,0x8000CB96] -> 0x2420
[1566] [M]: 0x8000CB94 (0x2420A023) sw sp, 576(ra)
mem[0x8003A3A8] <- 0x00000002


mem[X,0x8000CB98] -> 0x0513
mem[X,0x8000CB9A] -> 0x0050
[1567] [M]: 0x8000CB98 (0x00500513) addi a0, zero, 5
x10 <- 0x00000005


mem[X,0x8000CB9C] -> 0x0593
mem[X,0x8000CB9E] -> 0x0030
[1568] [M]: 0x8000CB9C (0x00300593) addi a1, zero, 3
x11 <- 0x00000003


mem[X,0x8000CBA0] -> 0x0113
mem[X,0x8000CBA2] -> 0x0000
[1569] [M]: 0x8000CBA0 (0x00000113) addi sp, zero, 0
x2 <- 0x00000000


mem[X,0x8000CBA4] -> 0x006F
mem[X,0x8000CBA6] -> 0x00C0
[1570] [M]: 0x8000CBA4 (0x00C0006F) jal zero, 12


mem[X,0x8000CBB0] -> 0x0663
mem[X,0x8000CBB2] -> 0x00B5
[1571] [M]: 0x8000CBB0 (0x00B50663) beq a0, a1, 12


mem[X,0x8000CBB4] -> 0x0113
mem[X,0x8000CBB6] -> 0x0021
[1572] [M]: 0x8000CBB4 (0x00210113) addi sp, sp, 2
x2 <- 0x00000002


mem[X,0x8000CBB8] -> 0x006F
mem[X,0x8000CBBA] -> 0x00C0
[1573] [M]: 0x8000CBB8 (0x00C0006F) jal zero, 12


mem[X,0x8000CBC4] -> 0xA223
mem[X,0x8000CBC6] -> 0x2420
[1574] [M]: 0x8000CBC4 (0x2420A223) sw sp, 580(ra)
mem[0x8003A3AC] <- 0x00000002


mem[X,0x8000CBC8] -> 0x0513
mem[X,0x8000CBCA] -> 0x0050
[1575] [M]: 0x8000CBC8 (0x00500513) addi a0, zero, 5
x10 <- 0x00000005


mem[X,0x8000CBCC] -> 0x55B7
mem[X,0x8000CBCE] -> 0x5555
[1576] [M]: 0x8000CBCC (0x555555B7) lui a1, 349525
x11 <- 0x55555000


mem[X,0x8000CBD0] -> 0x8593
mem[X,0x8000CBD2] -> 0x5555
[1577] [M]: 0x8000CBD0 (0x55558593) addi a1, a1, 1365
x11 <- 0x55555555


mem[X,0x8000CBD4] -> 0x0113
mem[X,0x8000CBD6] -> 0x0000
[1578] [M]: 0x8000CBD4 (0x00000113) addi sp, zero, 0
x2 <- 0x00000000


mem[X,0x8000CBD8] -> 0x006F
mem[X,0x8000CBDA] -> 0x0100
[1579] [M]: 0x8000CBD8 (0x0100006F) jal zero, 16


mem[X,0x8000CBE8] -> 0x0AE3
mem[X,0x8000CBEA] -> 0xFEB5
[1580] [M]: 0x8000CBE8 (0xFEB50AE3) beq a0, a1, 8180


mem[X,0x8000CBEC] -> 0x0113
mem[X,0x8000CBEE] -> 0x0021
[1581] [M]: 0x8000CBEC (0x00210113) addi sp, sp, 2
x2 <- 0x00000002


mem[X,0x8000CBF0] -> 0x006F
mem[X,0x8000CBF2] -> 0x00C0
[1582] [M]: 0x8000CBF0 (0x00C0006F) jal zero, 12


mem[X,0x8000CBFC] -> 0xA423
mem[X,0x8000CBFE] -> 0x2420
[1583] [M]: 0x8000CBFC (0x2420A423) sw sp, 584(ra)
mem[0x8003A3B0] <- 0x00000002


mem[X,0x8000CC00] -> 0x0513
mem[X,0x8000CC02] -> 0x0050
[1584] [M]: 0x8000CC00 (0x00500513) addi a0, zero, 5
x10 <- 0x00000005


mem[X,0x8000CC04] -> 0xB5B7
mem[X,0x8000CC06] -> 0xAAAA
[1585] [M]: 0x8000CC04 (0xAAAAB5B7) lui a1, 699051
x11 <- 0xAAAAB000


mem[X,0x8000CC08] -> 0x8593
mem[X,0x8000CC0A] -> 0xAAA5
[1586] [M]: 0x8000CC08 (0xAAA58593) addi a1, a1, 2730
x11 <- 0xAAAAAAAA


mem[X,0x8000CC0C] -> 0x0113
mem[X,0x8000CC0E] -> 0x0000
[1587] [M]: 0x8000CC0C (0x00000113) addi sp, zero, 0
x2 <- 0x00000000


mem[X,0x8000CC10] -> 0x006F
mem[X,0x8000CC12] -> 0x0140
[1588] [M]: 0x8000CC10 (0x0140006F) jal zero, 20


mem[X,0x8000CC24] -> 0x08E3
mem[X,0x8000CC26] -> 0xFEB5
[1589] [M]: 0x8000CC24 (0xFEB508E3) beq a0, a1, 8176


mem[X,0x8000CC28] -> 0x0113
mem[X,0x8000CC2A] -> 0x0021
[1590] [M]: 0x8000CC28 (0x00210113) addi sp, sp, 2
x2 <- 0x00000002


mem[X,0x8000CC2C] -> 0x006F
mem[X,0x8000CC2E] -> 0x00C0
[1591] [M]: 0x8000CC2C (0x00C0006F) jal zero, 12


mem[X,0x8000CC38] -> 0xA623
mem[X,0x8000CC3A] -> 0x2420
[1592] [M]: 0x8000CC38 (0x2420A623) sw sp, 588(ra)
mem[0x8003A3B4] <- 0x00000002


mem[X,0x8000CC3C] -> 0x0513
mem[X,0x8000CC3E] -> 0x0050
[1593] [M]: 0x8000CC3C (0x00500513) addi a0, zero, 5
x10 <- 0x00000005


mem[X,0x8000CC40] -> 0x0593
mem[X,0x8000CC42] -> 0x0050
[1594] [M]: 0x8000CC40 (0x00500593) addi a1, zero, 5
x11 <- 0x00000005


mem[X,0x8000CC44] -> 0x0113
mem[X,0x8000CC46] -> 0x0000
[1595] [M]: 0x8000CC44 (0x00000113) addi sp, zero, 0
x2 <- 0x00000000


mem[X,0x8000CC48] -> 0x006F
mem[X,0x8000CC4A] -> 0x2B10
[1596] [M]: 0x8000CC48 (0x2B10006F) jal zero, 2736


mem[X,0x8000D6F8] -> 0x0A63
mem[X,0x8000D6FA] -> 0xD4B5
[1597] [M]: 0x8000D6F8 (0xD4B50A63) beq a0, a1, 5460


mem[X,0x8000CC4C] -> 0x0113
mem[X,0x8000CC4E] -> 0x0011
[1598] [M]: 0x8000CC4C (0x00110113) addi sp, sp, 1
x2 <- 0x00000001


mem[X,0x8000CC50] -> 0x006F
mem[X,0x8000CC52] -> 0x2BD0
[1599] [M]: 0x8000CC50 (0x2BD0006F) jal zero, 2748


clint::tick mtime <- 0x0000000000000010
 clint timer pending at mtime 0x0000000000000010
htif::tick 0x0000000000000000
mem[X,0x8000D70C] -> 0xA823
mem[X,0x8000D70E] -> 0x2420
[1600] [M]: 0x8000D70C (0x2420A823) sw sp, 592(ra)
mem[0x8003A3B8] <- 0x00000001


mem[X,0x8000D710] -> 0x0513
mem[X,0x8000D712] -> 0x0050
[1601] [M]: 0x8000D710 (0x00500513) addi a0, zero, 5
x10 <- 0x00000005


mem[X,0x8000D714] -> 0x35B7
mem[X,0x8000D716] -> 0x3333
[1602] [M]: 0x8000D714 (0x333335B7) lui a1, 209715
x11 <- 0x33333000


mem[X,0x8000D718] -> 0x8593
mem[X,0x8000D71A] -> 0x3335
[1603] [M]: 0x8000D718 (0x33358593) addi a1, a1, 819
x11 <- 0x33333333


mem[X,0x8000D71C] -> 0x0113
mem[X,0x8000D71E] -> 0x0000
[1604] [M]: 0x8000D71C (0x00000113) addi sp, zero, 0
x2 <- 0x00000000


mem[X,0x8000D720] -> 0x006F
mem[X,0x8000D722] -> 0x00C0
[1605] [M]: 0x8000D720 (0x00C0006F) jal zero, 12


mem[X,0x8000D72C] -> 0x0063
mem[X,0x8000D72E] -> 0x08B5
[1606] [M]: 0x8000D72C (0x08B50063) beq a0, a1, 128


mem[X,0x8000D730] -> 0x0113
mem[X,0x8000D732] -> 0x0021
[1607] [M]: 0x8000D730 (0x00210113) addi sp, sp, 2
x2 <- 0x00000002


mem[X,0x8000D734] -> 0x006F
mem[X,0x8000D736] -> 0x0800
[1608] [M]: 0x8000D734 (0x0800006F) jal zero, 128


mem[X,0x8000D7B4] -> 0xAA23
mem[X,0x8000D7B6] -> 0x2420
[1609] [M]: 0x8000D7B4 (0x2420AA23) sw sp, 596(ra)
mem[0x8003A3BC] <- 0x00000002


mem[X,0x8000D7B8] -> 0x0513
mem[X,0x8000D7BA] -> 0x0050
[1610] [M]: 0x8000D7B8 (0x00500513) addi a0, zero, 5
x10 <- 0x00000005


mem[X,0x8000D7BC] -> 0x65B7
mem[X,0x8000D7BE] -> 0x6666
[1611] [M]: 0x8000D7BC (0x666665B7) lui a1, 419430
x11 <- 0x66666000


mem[X,0x8000D7C0] -> 0x8593
mem[X,0x8000D7C2] -> 0x6665
[1612] [M]: 0x8000D7C0 (0x66658593) addi a1, a1, 1638
x11 <- 0x66666666


mem[X,0x8000D7C4] -> 0x0113
mem[X,0x8000D7C6] -> 0x0000
[1613] [M]: 0x8000D7C4 (0x00000113) addi sp, zero, 0
x2 <- 0x00000000


mem[X,0x8000D7C8] -> 0x006F
mem[X,0x8000D7CA] -> 0x0100
[1614] [M]: 0x8000D7C8 (0x0100006F) jal zero, 16


mem[X,0x8000D7D8] -> 0x0AE3
mem[X,0x8000D7DA] -> 0xFEB5
[1615] [M]: 0x8000D7D8 (0xFEB50AE3) beq a0, a1, 8180


mem[X,0x8000D7DC] -> 0x0113
mem[X,0x8000D7DE] -> 0x0021
[1616] [M]: 0x8000D7DC (0x00210113) addi sp, sp, 2
x2 <- 0x00000002


mem[X,0x8000D7E0] -> 0x006F
mem[X,0x8000D7E2] -> 0x00C0
[1617] [M]: 0x8000D7E0 (0x00C0006F) jal zero, 12


mem[X,0x8000D7EC] -> 0xAC23
mem[X,0x8000D7EE] -> 0x2420
[1618] [M]: 0x8000D7EC (0x2420AC23) sw sp, 600(ra)
mem[0x8003A3C0] <- 0x00000002


mem[X,0x8000D7F0] -> 0x0513
mem[X,0x8000D7F2] -> 0x0050
[1619] [M]: 0x8000D7F0 (0x00500513) addi a0, zero, 5
x10 <- 0x00000005


mem[X,0x8000D7F4] -> 0x55B7
mem[X,0x8000D7F6] -> 0xFFFF
[1620] [M]: 0x8000D7F4 (0xFFFF55B7) lui a1, 1048565
x11 <- 0xFFFF5000


mem[X,0x8000D7F8] -> 0x8593
mem[X,0x8000D7FA] -> 0xAFC5
[1621] [M]: 0x8000D7F8 (0xAFC58593) addi a1, a1, 2812
x11 <- 0xFFFF4AFC


mem[X,0x8000D7FC] -> 0x0113
mem[X,0x8000D7FE] -> 0x0000
[1622] [M]: 0x8000D7FC (0x00000113) addi sp, zero, 0
x2 <- 0x00000000


mem[X,0x8000D800] -> 0x006F
mem[X,0x8000D802] -> 0x00C0
[1623] [M]: 0x8000D800 (0x00C0006F) jal zero, 12


mem[X,0x8000D80C] -> 0x0663
mem[X,0x8000D80E] -> 0x00B5
[1624] [M]: 0x8000D80C (0x00B50663) beq a0, a1, 12


mem[X,0x8000D810] -> 0x0113
mem[X,0x8000D812] -> 0x0021
[1625] [M]: 0x8000D810 (0x00210113) addi sp, sp, 2
x2 <- 0x00000002


mem[X,0x8000D814] -> 0x006F
mem[X,0x8000D816] -> 0x00C0
[1626] [M]: 0x8000D814 (0x00C0006F) jal zero, 12


mem[X,0x8000D820] -> 0xAE23
mem[X,0x8000D822] -> 0x2420
[1627] [M]: 0x8000D820 (0x2420AE23) sw sp, 604(ra)
mem[0x8003A3C4] <- 0x00000002


mem[X,0x8000D824] -> 0x0513
mem[X,0x8000D826] -> 0x0050
[1628] [M]: 0x8000D824 (0x00500513) addi a0, zero, 5
x10 <- 0x00000005


mem[X,0x8000D828] -> 0xB5B7
mem[X,0x8000D82A] -> 0x0000
[1629] [M]: 0x8000D828 (0x0000B5B7) lui a1, 11
x11 <- 0x0000B000


mem[X,0x8000D82C] -> 0x8593
mem[X,0x8000D82E] -> 0x5045
[1630] [M]: 0x8000D82C (0x50458593) addi a1, a1, 1284
x11 <- 0x0000B504


mem[X,0x8000D830] -> 0x0113
mem[X,0x8000D832] -> 0x0000
[1631] [M]: 0x8000D830 (0x00000113) addi sp, zero, 0
x2 <- 0x00000000


mem[X,0x8000D834] -> 0x006F
mem[X,0x8000D836] -> 0x0140
[1632] [M]: 0x8000D834 (0x0140006F) jal zero, 20


mem[X,0x8000D848] -> 0x08E3
mem[X,0x8000D84A] -> 0xFEB5
[1633] [M]: 0x8000D848 (0xFEB508E3) beq a0, a1, 8176


mem[X,0x8000D84C] -> 0x0113
mem[X,0x8000D84E] -> 0x0021
[1634] [M]: 0x8000D84C (0x00210113) addi sp, sp, 2
x2 <- 0x00000002


mem[X,0x8000D850] -> 0x006F
mem[X,0x8000D852] -> 0x00C0
[1635] [M]: 0x8000D850 (0x00C0006F) jal zero, 12


mem[X,0x8000D85C] -> 0xA023
mem[X,0x8000D85E] -> 0x2620
[1636] [M]: 0x8000D85C (0x2620A023) sw sp, 608(ra)
mem[0x8003A3C8] <- 0x00000002


mem[X,0x8000D860] -> 0x0513
mem[X,0x8000D862] -> 0x0050
[1637] [M]: 0x8000D860 (0x00500513) addi a0, zero, 5
x10 <- 0x00000005


mem[X,0x8000D864] -> 0x0593
mem[X,0x8000D866] -> 0x0020
[1638] [M]: 0x8000D864 (0x00200593) addi a1, zero, 2
x11 <- 0x00000002


mem[X,0x8000D868] -> 0x0113
mem[X,0x8000D86A] -> 0x0000
[1639] [M]: 0x8000D868 (0x00000113) addi sp, zero, 0
x2 <- 0x00000000


mem[X,0x8000D86C] -> 0x006F
mem[X,0x8000D86E] -> 0x00C0
[1640] [M]: 0x8000D86C (0x00C0006F) jal zero, 12


mem[X,0x8000D878] -> 0x0663
mem[X,0x8000D87A] -> 0x00B5
[1641] [M]: 0x8000D878 (0x00B50663) beq a0, a1, 12


mem[X,0x8000D87C] -> 0x0113
mem[X,0x8000D87E] -> 0x0021
[1642] [M]: 0x8000D87C (0x00210113) addi sp, sp, 2
x2 <- 0x00000002


mem[X,0x8000D880] -> 0x006F
mem[X,0x8000D882] -> 0x00C0
[1643] [M]: 0x8000D880 (0x00C0006F) jal zero, 12


mem[X,0x8000D88C] -> 0xA223
mem[X,0x8000D88E] -> 0x2620
[1644] [M]: 0x8000D88C (0x2620A223) sw sp, 612(ra)
mem[0x8003A3CC] <- 0x00000002


mem[X,0x8000D890] -> 0x0513
mem[X,0x8000D892] -> 0x0050
[1645] [M]: 0x8000D890 (0x00500513) addi a0, zero, 5
x10 <- 0x00000005


mem[X,0x8000D894] -> 0x55B7
mem[X,0x8000D896] -> 0x5555
[1646] [M]: 0x8000D894 (0x555555B7) lui a1, 349525
x11 <- 0x55555000


mem[X,0x8000D898] -> 0x8593
mem[X,0x8000D89A] -> 0x5545
[1647] [M]: 0x8000D898 (0x55458593) addi a1, a1, 1364
x11 <- 0x55555554


mem[X,0x8000D89C] -> 0x0113
mem[X,0x8000D89E] -> 0x0000
[1648] [M]: 0x8000D89C (0x00000113) addi sp, zero, 0
x2 <- 0x00000000


mem[X,0x8000D8A0] -> 0x006F
mem[X,0x8000D8A2] -> 0x00C0
[1649] [M]: 0x8000D8A0 (0x00C0006F) jal zero, 12


mem[X,0x8000D8AC] -> 0x0663
mem[X,0x8000D8AE] -> 0x00B5
[1650] [M]: 0x8000D8AC (0x00B50663) beq a0, a1, 12


mem[X,0x8000D8B0] -> 0x0113
mem[X,0x8000D8B2] -> 0x0021
[1651] [M]: 0x8000D8B0 (0x00210113) addi sp, sp, 2
x2 <- 0x00000002


mem[X,0x8000D8B4] -> 0x006F
mem[X,0x8000D8B6] -> 0x00C0
[1652] [M]: 0x8000D8B4 (0x00C0006F) jal zero, 12


mem[X,0x8000D8C0] -> 0xA423
mem[X,0x8000D8C2] -> 0x2620
[1653] [M]: 0x8000D8C0 (0x2620A423) sw sp, 616(ra)
mem[0x8003A3D0] <- 0x00000002


mem[X,0x8000D8C4] -> 0x0513
mem[X,0x8000D8C6] -> 0x0050
[1654] [M]: 0x8000D8C4 (0x00500513) addi a0, zero, 5
x10 <- 0x00000005


mem[X,0x8000D8C8] -> 0x0593
mem[X,0x8000D8CA] -> 0x0000
[1655] [M]: 0x8000D8C8 (0x00000593) addi a1, zero, 0
x11 <- 0x00000000


mem[X,0x8000D8CC] -> 0x0113
mem[X,0x8000D8CE] -> 0x0000
[1656] [M]: 0x8000D8CC (0x00000113) addi sp, zero, 0
x2 <- 0x00000000


mem[X,0x8000D8D0] -> 0x006F
mem[X,0x8000D8D2] -> 0x00C0
[1657] [M]: 0x8000D8D0 (0x00C0006F) jal zero, 12


mem[X,0x8000D8DC] -> 0x0063
mem[X,0x8000D8DE] -> 0x08B5
[1658] [M]: 0x8000D8DC (0x08B50063) beq a0, a1, 128


mem[X,0x8000D8E0] -> 0x0113
mem[X,0x8000D8E2] -> 0x0021
[1659] [M]: 0x8000D8E0 (0x00210113) addi sp, sp, 2
x2 <- 0x00000002


mem[X,0x8000D8E4] -> 0x006F
mem[X,0x8000D8E6] -> 0x0800
[1660] [M]: 0x8000D8E4 (0x0800006F) jal zero, 128


mem[X,0x8000D964] -> 0xA623
mem[X,0x8000D966] -> 0x2620
[1661] [M]: 0x8000D964 (0x2620A623) sw sp, 620(ra)
mem[0x8003A3D4] <- 0x00000002


mem[X,0x8000D968] -> 0x0513
mem[X,0x8000D96A] -> 0x0050
[1662] [M]: 0x8000D968 (0x00500513) addi a0, zero, 5
x10 <- 0x00000005


mem[X,0x8000D96C] -> 0x0593
mem[X,0x8000D96E] -> 0x0040
[1663] [M]: 0x8000D96C (0x00400593) addi a1, zero, 4
x11 <- 0x00000004


mem[X,0x8000D970] -> 0x0113
mem[X,0x8000D972] -> 0x0000
[1664] [M]: 0x8000D970 (0x00000113) addi sp, zero, 0
x2 <- 0x00000000


mem[X,0x8000D974] -> 0x006F
mem[X,0x8000D976] -> 0x0140
[1665] [M]: 0x8000D974 (0x0140006F) jal zero, 20


mem[X,0x8000D988] -> 0x08E3
mem[X,0x8000D98A] -> 0xFEB5
[1666] [M]: 0x8000D988 (0xFEB508E3) beq a0, a1, 8176


mem[X,0x8000D98C] -> 0x0113
mem[X,0x8000D98E] -> 0x0021
[1667] [M]: 0x8000D98C (0x00210113) addi sp, sp, 2
x2 <- 0x00000002


mem[X,0x8000D990] -> 0x006F
mem[X,0x8000D992] -> 0x00C0
[1668] [M]: 0x8000D990 (0x00C0006F) jal zero, 12


mem[X,0x8000D99C] -> 0xA823
mem[X,0x8000D99E] -> 0x2620
[1669] [M]: 0x8000D99C (0x2620A823) sw sp, 624(ra)
mem[0x8003A3D8] <- 0x00000002


mem[X,0x8000D9A0] -> 0x0513
mem[X,0x8000D9A2] -> 0x0050
[1670] [M]: 0x8000D9A0 (0x00500513) addi a0, zero, 5
x10 <- 0x00000005


mem[X,0x8000D9A4] -> 0x35B7
mem[X,0x8000D9A6] -> 0x3333
[1671] [M]: 0x8000D9A4 (0x333335B7) lui a1, 209715
x11 <- 0x33333000


mem[X,0x8000D9A8] -> 0x8593
mem[X,0x8000D9AA] -> 0x3325
[1672] [M]: 0x8000D9A8 (0x33258593) addi a1, a1, 818
x11 <- 0x33333332


mem[X,0x8000D9AC] -> 0x0113
mem[X,0x8000D9AE] -> 0x0000
[1673] [M]: 0x8000D9AC (0x00000113) addi sp, zero, 0
x2 <- 0x00000000


mem[X,0x8000D9B0] -> 0x006F
mem[X,0x8000D9B2] -> 0x00C0
[1674] [M]: 0x8000D9B0 (0x00C0006F) jal zero, 12


mem[X,0x8000D9BC] -> 0x0063
mem[X,0x8000D9BE] -> 0x40B5
[1675] [M]: 0x8000D9BC (0x40B50063) beq a0, a1, 1024


mem[X,0x8000D9C0] -> 0x0113
mem[X,0x8000D9C2] -> 0x0021
[1676] [M]: 0x8000D9C0 (0x00210113) addi sp, sp, 2
x2 <- 0x00000002


mem[X,0x8000D9C4] -> 0x006F
mem[X,0x8000D9C6] -> 0x4000
[1677] [M]: 0x8000D9C4 (0x4000006F) jal zero, 1024


mem[X,0x8000DDC4] -> 0xAA23
mem[X,0x8000DDC6] -> 0x2620
[1678] [M]: 0x8000DDC4 (0x2620AA23) sw sp, 628(ra)
mem[0x8003A3DC] <- 0x00000002


mem[X,0x8000DDC8] -> 0x0513
mem[X,0x8000DDCA] -> 0x0050
[1679] [M]: 0x8000DDC8 (0x00500513) addi a0, zero, 5
x10 <- 0x00000005


mem[X,0x8000DDCC] -> 0x65B7
mem[X,0x8000DDCE] -> 0x6666
[1680] [M]: 0x8000DDCC (0x666665B7) lui a1, 419430
x11 <- 0x66666000


mem[X,0x8000DDD0] -> 0x8593
mem[X,0x8000DDD2] -> 0x6655
[1681] [M]: 0x8000DDD0 (0x66558593) addi a1, a1, 1637
x11 <- 0x66666665


mem[X,0x8000DDD4] -> 0x0113
mem[X,0x8000DDD6] -> 0x0000
[1682] [M]: 0x8000DDD4 (0x00000113) addi sp, zero, 0
x2 <- 0x00000000


mem[X,0x8000DDD8] -> 0x006F
mem[X,0x8000DDDA] -> 0x00C0
[1683] [M]: 0x8000DDD8 (0x00C0006F) jal zero, 12


mem[X,0x8000DDE4] -> 0x0CE3
mem[X,0x8000DDE6] -> 0xFEB5
[1684] [M]: 0x8000DDE4 (0xFEB50CE3) beq a0, a1, 8184


mem[X,0x8000DDE8] -> 0x0113
mem[X,0x8000DDEA] -> 0x0021
[1685] [M]: 0x8000DDE8 (0x00210113) addi sp, sp, 2
x2 <- 0x00000002


mem[X,0x8000DDEC] -> 0x006F
mem[X,0x8000DDEE] -> 0x00C0
[1686] [M]: 0x8000DDEC (0x00C0006F) jal zero, 12


mem[X,0x8000DDF8] -> 0xAC23
mem[X,0x8000DDFA] -> 0x2620
[1687] [M]: 0x8000DDF8 (0x2620AC23) sw sp, 632(ra)
mem[0x8003A3E0] <- 0x00000002


mem[X,0x8000DDFC] -> 0x0513
mem[X,0x8000DDFE] -> 0x0050
[1688] [M]: 0x8000DDFC (0x00500513) addi a0, zero, 5
x10 <- 0x00000005


mem[X,0x8000DE00] -> 0xB5B7
mem[X,0x8000DE02] -> 0x0000
[1689] [M]: 0x8000DE00 (0x0000B5B7) lui a1, 11
x11 <- 0x0000B000


mem[X,0x8000DE04] -> 0x8593
mem[X,0x8000DE06] -> 0x5035
[1690] [M]: 0x8000DE04 (0x50358593) addi a1, a1, 1283
x11 <- 0x0000B503


mem[X,0x8000DE08] -> 0x0113
mem[X,0x8000DE0A] -> 0x0000
[1691] [M]: 0x8000DE08 (0x00000113) addi sp, zero, 0
x2 <- 0x00000000


mem[X,0x8000DE0C] -> 0x006F
mem[X,0x8000DE0E] -> 0x0180
[1692] [M]: 0x8000DE0C (0x0180006F) jal zero, 24


mem[X,0x8000DE24] -> 0x06E3
mem[X,0x8000DE26] -> 0xFEB5
[1693] [M]: 0x8000DE24 (0xFEB506E3) beq a0, a1, 8172


mem[X,0x8000DE28] -> 0x0113
mem[X,0x8000DE2A] -> 0x0021
[1694] [M]: 0x8000DE28 (0x00210113) addi sp, sp, 2
x2 <- 0x00000002


mem[X,0x8000DE2C] -> 0x006F
mem[X,0x8000DE2E] -> 0x00C0
[1695] [M]: 0x8000DE2C (0x00C0006F) jal zero, 12


mem[X,0x8000DE38] -> 0xAE23
mem[X,0x8000DE3A] -> 0x2620
[1696] [M]: 0x8000DE38 (0x2620AE23) sw sp, 636(ra)
mem[0x8003A3E4] <- 0x00000002


mem[X,0x8000DE3C] -> 0x0513
mem[X,0x8000DE3E] -> 0x0050
[1697] [M]: 0x8000DE3C (0x00500513) addi a0, zero, 5
x10 <- 0x00000005


mem[X,0x8000DE40] -> 0x55B7
mem[X,0x8000DE42] -> 0x5555
[1698] [M]: 0x8000DE40 (0x555555B7) lui a1, 349525
x11 <- 0x55555000


mem[X,0x8000DE44] -> 0x8593
mem[X,0x8000DE46] -> 0x5565
[1699] [M]: 0x8000DE44 (0x55658593) addi a1, a1, 1366
x11 <- 0x55555556


clint::tick mtime <- 0x0000000000000011
 clint timer pending at mtime 0x0000000000000011
htif::tick 0x0000000000000000
mem[X,0x8000DE48] -> 0x0113
mem[X,0x8000DE4A] -> 0x0000
[1700] [M]: 0x8000DE48 (0x00000113) addi sp, zero, 0
x2 <- 0x00000000


mem[X,0x8000DE4C] -> 0x006F
mem[X,0x8000DE4E] -> 0x00C0
[1701] [M]: 0x8000DE4C (0x00C0006F) jal zero, 12


mem[X,0x8000DE58] -> 0x0863
mem[X,0x8000DE5A] -> 0x00B5
[1702] [M]: 0x8000DE58 (0x00B50863) beq a0, a1, 16


mem[X,0x8000DE5C] -> 0x0113
mem[X,0x8000DE5E] -> 0x0021
[1703] [M]: 0x8000DE5C (0x00210113) addi sp, sp, 2
x2 <- 0x00000002


mem[X,0x8000DE60] -> 0x006F
mem[X,0x8000DE62] -> 0x0100
[1704] [M]: 0x8000DE60 (0x0100006F) jal zero, 16


mem[X,0x8000DE70] -> 0xA023
mem[X,0x8000DE72] -> 0x2820
[1705] [M]: 0x8000DE70 (0x2820A023) sw sp, 640(ra)
mem[0x8003A3E8] <- 0x00000002


mem[X,0x8000DE74] -> 0x0513
mem[X,0x8000DE76] -> 0x0050
[1706] [M]: 0x8000DE74 (0x00500513) addi a0, zero, 5
x10 <- 0x00000005


mem[X,0x8000DE78] -> 0xB5B7
mem[X,0x8000DE7A] -> 0xAAAA
[1707] [M]: 0x8000DE78 (0xAAAAB5B7) lui a1, 699051
x11 <- 0xAAAAB000


mem[X,0x8000DE7C] -> 0x8593
mem[X,0x8000DE7E] -> 0xAAB5
[1708] [M]: 0x8000DE7C (0xAAB58593) addi a1, a1, 2731
x11 <- 0xAAAAAAAB


mem[X,0x8000DE80] -> 0x0113
mem[X,0x8000DE82] -> 0x0000
[1709] [M]: 0x8000DE80 (0x00000113) addi sp, zero, 0
x2 <- 0x00000000


mem[X,0x8000DE84] -> 0x006F
mem[X,0x8000DE86] -> 0x00C0
[1710] [M]: 0x8000DE84 (0x00C0006F) jal zero, 12


mem[X,0x8000DE90] -> 0x0863
mem[X,0x8000DE92] -> 0x00B5
[1711] [M]: 0x8000DE90 (0x00B50863) beq a0, a1, 16


mem[X,0x8000DE94] -> 0x0113
mem[X,0x8000DE96] -> 0x0021
[1712] [M]: 0x8000DE94 (0x00210113) addi sp, sp, 2
x2 <- 0x00000002


mem[X,0x8000DE98] -> 0x006F
mem[X,0x8000DE9A] -> 0x0100
[1713] [M]: 0x8000DE98 (0x0100006F) jal zero, 16


mem[X,0x8000DEA8] -> 0xA223
mem[X,0x8000DEAA] -> 0x2820
[1714] [M]: 0x8000DEA8 (0x2820A223) sw sp, 644(ra)
mem[0x8003A3EC] <- 0x00000002


mem[X,0x8000DEAC] -> 0x0513
mem[X,0x8000DEAE] -> 0x0050
[1715] [M]: 0x8000DEAC (0x00500513) addi a0, zero, 5
x10 <- 0x00000005


mem[X,0x8000DEB0] -> 0x0593
mem[X,0x8000DEB2] -> 0x0060
[1716] [M]: 0x8000DEB0 (0x00600593) addi a1, zero, 6
x11 <- 0x00000006


mem[X,0x8000DEB4] -> 0x0113
mem[X,0x8000DEB6] -> 0x0000
[1717] [M]: 0x8000DEB4 (0x00000113) addi sp, zero, 0
x2 <- 0x00000000


mem[X,0x8000DEB8] -> 0x006F
mem[X,0x8000DEBA] -> 0x0140
[1718] [M]: 0x8000DEB8 (0x0140006F) jal zero, 20


mem[X,0x8000DECC] -> 0x08E3
mem[X,0x8000DECE] -> 0xFEB5
[1719] [M]: 0x8000DECC (0xFEB508E3) beq a0, a1, 8176


mem[X,0x8000DED0] -> 0x0113
mem[X,0x8000DED2] -> 0x0021
[1720] [M]: 0x8000DED0 (0x00210113) addi sp, sp, 2
x2 <- 0x00000002


mem[X,0x8000DED4] -> 0x006F
mem[X,0x8000DED6] -> 0x00C0
[1721] [M]: 0x8000DED4 (0x00C0006F) jal zero, 12


mem[X,0x8000DEE0] -> 0xA423
mem[X,0x8000DEE2] -> 0x2820
[1722] [M]: 0x8000DEE0 (0x2820A423) sw sp, 648(ra)
mem[0x8003A3F0] <- 0x00000002


mem[X,0x8000DEE4] -> 0x0513
mem[X,0x8000DEE6] -> 0x0050
[1723] [M]: 0x8000DEE4 (0x00500513) addi a0, zero, 5
x10 <- 0x00000005


mem[X,0x8000DEE8] -> 0x35B7
mem[X,0x8000DEEA] -> 0x3333
[1724] [M]: 0x8000DEE8 (0x333335B7) lui a1, 209715
x11 <- 0x33333000


mem[X,0x8000DEEC] -> 0x8593
mem[X,0x8000DEEE] -> 0x3345
[1725] [M]: 0x8000DEEC (0x33458593) addi a1, a1, 820
x11 <- 0x33333334


mem[X,0x8000DEF0] -> 0x0113
mem[X,0x8000DEF2] -> 0x0000
[1726] [M]: 0x8000DEF0 (0x00000113) addi sp, zero, 0
x2 <- 0x00000000


mem[X,0x8000DEF4] -> 0x006F
mem[X,0x8000DEF6] -> 0x00C0
[1727] [M]: 0x8000DEF4 (0x00C0006F) jal zero, 12


mem[X,0x8000DF00] -> 0x0663
mem[X,0x8000DF02] -> 0x00B5
[1728] [M]: 0x8000DF00 (0x00B50663) beq a0, a1, 12


mem[X,0x8000DF04] -> 0x0113
mem[X,0x8000DF06] -> 0x0021
[1729] [M]: 0x8000DF04 (0x00210113) addi sp, sp, 2
x2 <- 0x00000002


mem[X,0x8000DF08] -> 0x006F
mem[X,0x8000DF0A] -> 0x00C0
[1730] [M]: 0x8000DF08 (0x00C0006F) jal zero, 12


mem[X,0x8000DF14] -> 0xA623
mem[X,0x8000DF16] -> 0x2820
[1731] [M]: 0x8000DF14 (0x2820A623) sw sp, 652(ra)
mem[0x8003A3F4] <- 0x00000002


mem[X,0x8000DF18] -> 0x0513
mem[X,0x8000DF1A] -> 0x0050
[1732] [M]: 0x8000DF18 (0x00500513) addi a0, zero, 5
x10 <- 0x00000005


mem[X,0x8000DF1C] -> 0x65B7
mem[X,0x8000DF1E] -> 0x6666
[1733] [M]: 0x8000DF1C (0x666665B7) lui a1, 419430
x11 <- 0x66666000


mem[X,0x8000DF20] -> 0x8593
mem[X,0x8000DF22] -> 0x6675
[1734] [M]: 0x8000DF20 (0x66758593) addi a1, a1, 1639
x11 <- 0x66666667


mem[X,0x8000DF24] -> 0x0113
mem[X,0x8000DF26] -> 0x0000
[1735] [M]: 0x8000DF24 (0x00000113) addi sp, zero, 0
x2 <- 0x00000000


mem[X,0x8000DF28] -> 0x006F
mem[X,0x8000DF2A] -> 0x00C0
[1736] [M]: 0x8000DF28 (0x00C0006F) jal zero, 12


mem[X,0x8000DF34] -> 0x0863
mem[X,0x8000DF36] -> 0x00B5
[1737] [M]: 0x8000DF34 (0x00B50863) beq a0, a1, 16


mem[X,0x8000DF38] -> 0x0113
mem[X,0x8000DF3A] -> 0x0021
[1738] [M]: 0x8000DF38 (0x00210113) addi sp, sp, 2
x2 <- 0x00000002


mem[X,0x8000DF3C] -> 0x006F
mem[X,0x8000DF3E] -> 0x0100
[1739] [M]: 0x8000DF3C (0x0100006F) jal zero, 16


mem[X,0x8000DF4C] -> 0xA823
mem[X,0x8000DF4E] -> 0x2820
[1740] [M]: 0x8000DF4C (0x2820A823) sw sp, 656(ra)
mem[0x8003A3F8] <- 0x00000002


mem[X,0x8000DF50] -> 0x0513
mem[X,0x8000DF52] -> 0x0050
[1741] [M]: 0x8000DF50 (0x00500513) addi a0, zero, 5
x10 <- 0x00000005


mem[X,0x8000DF54] -> 0x55B7
mem[X,0x8000DF56] -> 0xFFFF
[1742] [M]: 0x8000DF54 (0xFFFF55B7) lui a1, 1048565
x11 <- 0xFFFF5000


mem[X,0x8000DF58] -> 0x8593
mem[X,0x8000DF5A] -> 0xAFD5
[1743] [M]: 0x8000DF58 (0xAFD58593) addi a1, a1, 2813
x11 <- 0xFFFF4AFD


mem[X,0x8000DF5C] -> 0x0113
mem[X,0x8000DF5E] -> 0x0000
[1744] [M]: 0x8000DF5C (0x00000113) addi sp, zero, 0
x2 <- 0x00000000


mem[X,0x8000DF60] -> 0x006F
mem[X,0x8000DF62] -> 0x00C0
[1745] [M]: 0x8000DF60 (0x00C0006F) jal zero, 12


mem[X,0x8000DF6C] -> 0x0063
mem[X,0x8000DF6E] -> 0x40B5
[1746] [M]: 0x8000DF6C (0x40B50063) beq a0, a1, 1024


mem[X,0x8000DF70] -> 0x0113
mem[X,0x8000DF72] -> 0x0021
[1747] [M]: 0x8000DF70 (0x00210113) addi sp, sp, 2
x2 <- 0x00000002


mem[X,0x8000DF74] -> 0x006F
mem[X,0x8000DF76] -> 0x4000
[1748] [M]: 0x8000DF74 (0x4000006F) jal zero, 1024


mem[X,0x8000E374] -> 0xAA23
mem[X,0x8000E376] -> 0x2820
[1749] [M]: 0x8000E374 (0x2820AA23) sw sp, 660(ra)
mem[0x8003A3FC] <- 0x00000002


mem[X,0x8000E378] -> 0x0513
mem[X,0x8000E37A] -> 0x0050
[1750] [M]: 0x8000E378 (0x00500513) addi a0, zero, 5
x10 <- 0x00000005


mem[X,0x8000E37C] -> 0xB5B7
mem[X,0x8000E37E] -> 0x0000
[1751] [M]: 0x8000E37C (0x0000B5B7) lui a1, 11
x11 <- 0x0000B000


mem[X,0x8000E380] -> 0x8593
mem[X,0x8000E382] -> 0x5055
[1752] [M]: 0x8000E380 (0x50558593) addi a1, a1, 1285
x11 <- 0x0000B505


mem[X,0x8000E384] -> 0x0113
mem[X,0x8000E386] -> 0x0000
[1753] [M]: 0x8000E384 (0x00000113) addi sp, zero, 0
x2 <- 0x00000000


mem[X,0x8000E388] -> 0x006F
mem[X,0x8000E38A] -> 0x00C0
[1754] [M]: 0x8000E388 (0x00C0006F) jal zero, 12


mem[X,0x8000E394] -> 0x0063
mem[X,0x8000E396] -> 0x20B5
[1755] [M]: 0x8000E394 (0x20B50063) beq a0, a1, 512


mem[X,0x8000E398] -> 0x0113
mem[X,0x8000E39A] -> 0x0021
[1756] [M]: 0x8000E398 (0x00210113) addi sp, sp, 2
x2 <- 0x00000002


mem[X,0x8000E39C] -> 0x006F
mem[X,0x8000E39E] -> 0x2000
[1757] [M]: 0x8000E39C (0x2000006F) jal zero, 512


mem[X,0x8000E59C] -> 0xAC23
mem[X,0x8000E59E] -> 0x2820
[1758] [M]: 0x8000E59C (0x2820AC23) sw sp, 664(ra)
mem[0x8003A400] <- 0x00000002


mem[X,0x8000E5A0] -> 0x3537
mem[X,0x8000E5A2] -> 0x3333
[1759] [M]: 0x8000E5A0 (0x33333537) lui a0, 209715
x10 <- 0x33333000


mem[X,0x8000E5A4] -> 0x0513
mem[X,0x8000E5A6] -> 0x3335
[1760] [M]: 0x8000E5A4 (0x33350513) addi a0, a0, 819
x10 <- 0x33333333


mem[X,0x8000E5A8] -> 0x0593
mem[X,0x8000E5AA] -> 0x0030
[1761] [M]: 0x8000E5A8 (0x00300593) addi a1, zero, 3
x11 <- 0x00000003


mem[X,0x8000E5AC] -> 0x0113
mem[X,0x8000E5AE] -> 0x0000
[1762] [M]: 0x8000E5AC (0x00000113) addi sp, zero, 0
x2 <- 0x00000000


mem[X,0x8000E5B0] -> 0x006F
mem[X,0x8000E5B2] -> 0x0050
[1763] [M]: 0x8000E5B0 (0x0050006F) jal zero, 2052


mem[X,0x8000EDB4] -> 0x00E3
mem[X,0x8000EDB6] -> 0x80B5
[1764] [M]: 0x8000EDB4 (0x80B500E3) beq a0, a1, 6144


mem[X,0x8000EDB8] -> 0x0113
mem[X,0x8000EDBA] -> 0x0021
[1765] [M]: 0x8000EDB8 (0x00210113) addi sp, sp, 2
x2 <- 0x00000002


mem[X,0x8000EDBC] -> 0x006F
mem[X,0x8000EDBE] -> 0x00C0
[1766] [M]: 0x8000EDBC (0x00C0006F) jal zero, 12


mem[X,0x8000EDC8] -> 0xAE23
mem[X,0x8000EDCA] -> 0x2820
[1767] [M]: 0x8000EDC8 (0x2820AE23) sw sp, 668(ra)
mem[0x8003A404] <- 0x00000002


mem[X,0x8000EDCC] -> 0x3537
mem[X,0x8000EDCE] -> 0x3333
[1768] [M]: 0x8000EDCC (0x33333537) lui a0, 209715
x10 <- 0x33333000


mem[X,0x8000EDD0] -> 0x0513
mem[X,0x8000EDD2] -> 0x3335
[1769] [M]: 0x8000EDD0 (0x33350513) addi a0, a0, 819
x10 <- 0x33333333


mem[X,0x8000EDD4] -> 0x55B7
mem[X,0x8000EDD6] -> 0x5555
[1770] [M]: 0x8000EDD4 (0x555555B7) lui a1, 349525
x11 <- 0x55555000


mem[X,0x8000EDD8] -> 0x8593
mem[X,0x8000EDDA] -> 0x5555
[1771] [M]: 0x8000EDD8 (0x55558593) addi a1, a1, 1365
x11 <- 0x55555555


mem[X,0x8000EDDC] -> 0x0113
mem[X,0x8000EDDE] -> 0x0000
[1772] [M]: 0x8000EDDC (0x00000113) addi sp, zero, 0
x2 <- 0x00000000


mem[X,0x8000EDE0] -> 0x006F
mem[X,0x8000EDE2] -> 0x00C0
[1773] [M]: 0x8000EDE0 (0x00C0006F) jal zero, 12


mem[X,0x8000EDEC] -> 0x0863
mem[X,0x8000EDEE] -> 0x00B5
[1774] [M]: 0x8000EDEC (0x00B50863) beq a0, a1, 16


mem[X,0x8000EDF0] -> 0x0113
mem[X,0x8000EDF2] -> 0x0021
[1775] [M]: 0x8000EDF0 (0x00210113) addi sp, sp, 2
x2 <- 0x00000002


mem[X,0x8000EDF4] -> 0x006F
mem[X,0x8000EDF6] -> 0x0100
[1776] [M]: 0x8000EDF4 (0x0100006F) jal zero, 16


mem[X,0x8000EE04] -> 0xA023
mem[X,0x8000EE06] -> 0x2A20
[1777] [M]: 0x8000EE04 (0x2A20A023) sw sp, 672(ra)
mem[0x8003A408] <- 0x00000002


mem[X,0x8000EE08] -> 0x3537
mem[X,0x8000EE0A] -> 0x3333
[1778] [M]: 0x8000EE08 (0x33333537) lui a0, 209715
x10 <- 0x33333000


mem[X,0x8000EE0C] -> 0x0513
mem[X,0x8000EE0E] -> 0x3335
[1779] [M]: 0x8000EE0C (0x33350513) addi a0, a0, 819
x10 <- 0x33333333


mem[X,0x8000EE10] -> 0xB5B7
mem[X,0x8000EE12] -> 0xAAAA
[1780] [M]: 0x8000EE10 (0xAAAAB5B7) lui a1, 699051
x11 <- 0xAAAAB000


mem[X,0x8000EE14] -> 0x8593
mem[X,0x8000EE16] -> 0xAAA5
[1781] [M]: 0x8000EE14 (0xAAA58593) addi a1, a1, 2730
x11 <- 0xAAAAAAAA


mem[X,0x8000EE18] -> 0x0113
mem[X,0x8000EE1A] -> 0x0000
[1782] [M]: 0x8000EE18 (0x00000113) addi sp, zero, 0
x2 <- 0x00000000


mem[X,0x8000EE1C] -> 0x006F
mem[X,0x8000EE1E] -> 0x00C0
[1783] [M]: 0x8000EE1C (0x00C0006F) jal zero, 12


mem[X,0x8000EE28] -> 0x0CE3
mem[X,0x8000EE2A] -> 0xFEB5
[1784] [M]: 0x8000EE28 (0xFEB50CE3) beq a0, a1, 8184


mem[X,0x8000EE2C] -> 0x0113
mem[X,0x8000EE2E] -> 0x0021
[1785] [M]: 0x8000EE2C (0x00210113) addi sp, sp, 2
x2 <- 0x00000002


mem[X,0x8000EE30] -> 0x006F
mem[X,0x8000EE32] -> 0x00C0
[1786] [M]: 0x8000EE30 (0x00C0006F) jal zero, 12


mem[X,0x8000EE3C] -> 0xA223
mem[X,0x8000EE3E] -> 0x2A20
[1787] [M]: 0x8000EE3C (0x2A20A223) sw sp, 676(ra)
mem[0x8003A40C] <- 0x00000002


mem[X,0x8000EE40] -> 0x3537
mem[X,0x8000EE42] -> 0x3333
[1788] [M]: 0x8000EE40 (0x33333537) lui a0, 209715
x10 <- 0x33333000


mem[X,0x8000EE44] -> 0x0513
mem[X,0x8000EE46] -> 0x3335
[1789] [M]: 0x8000EE44 (0x33350513) addi a0, a0, 819
x10 <- 0x33333333


mem[X,0x8000EE48] -> 0x0593
mem[X,0x8000EE4A] -> 0x0050
[1790] [M]: 0x8000EE48 (0x00500593) addi a1, zero, 5
x11 <- 0x00000005


mem[X,0x8000EE4C] -> 0x0113
mem[X,0x8000EE4E] -> 0x0000
[1791] [M]: 0x8000EE4C (0x00000113) addi sp, zero, 0
x2 <- 0x00000000


mem[X,0x8000EE50] -> 0x006F
mem[X,0x8000EE52] -> 0x00C0
[1792] [M]: 0x8000EE50 (0x00C0006F) jal zero, 12


mem[X,0x8000EE5C] -> 0x0CE3
mem[X,0x8000EE5E] -> 0xFEB5
[1793] [M]: 0x8000EE5C (0xFEB50CE3) beq a0, a1, 8184


mem[X,0x8000EE60] -> 0x0113
mem[X,0x8000EE62] -> 0x0021
[1794] [M]: 0x8000EE60 (0x00210113) addi sp, sp, 2
x2 <- 0x00000002


mem[X,0x8000EE64] -> 0x006F
mem[X,0x8000EE66] -> 0x00C0
[1795] [M]: 0x8000EE64 (0x00C0006F) jal zero, 12


mem[X,0x8000EE70] -> 0xA423
mem[X,0x8000EE72] -> 0x2A20
[1796] [M]: 0x8000EE70 (0x2A20A423) sw sp, 680(ra)
mem[0x8003A410] <- 0x00000002


mem[X,0x8000EE74] -> 0x3537
mem[X,0x8000EE76] -> 0x3333
[1797] [M]: 0x8000EE74 (0x33333537) lui a0, 209715
x10 <- 0x33333000


mem[X,0x8000EE78] -> 0x0513
mem[X,0x8000EE7A] -> 0x3335
[1798] [M]: 0x8000EE78 (0x33350513) addi a0, a0, 819
x10 <- 0x33333333


mem[X,0x8000EE7C] -> 0x35B7
mem[X,0x8000EE7E] -> 0x3333
[1799] [M]: 0x8000EE7C (0x333335B7) lui a1, 209715
x11 <- 0x33333000


clint::tick mtime <- 0x0000000000000012
 clint timer pending at mtime 0x0000000000000012
htif::tick 0x0000000000000000
mem[X,0x8000EE80] -> 0x8593
mem[X,0x8000EE82] -> 0x3335
[1800] [M]: 0x8000EE80 (0x33358593) addi a1, a1, 819
x11 <- 0x33333333


mem[X,0x8000EE84] -> 0x0113
mem[X,0x8000EE86] -> 0x0000
[1801] [M]: 0x8000EE84 (0x00000113) addi sp, zero, 0
x2 <- 0x00000000


mem[X,0x8000EE88] -> 0x006F
mem[X,0x8000EE8A] -> 0x00C0
[1802] [M]: 0x8000EE88 (0x00C0006F) jal zero, 12


mem[X,0x8000EE94] -> 0x0863
mem[X,0x8000EE96] -> 0x00B5
[1803] [M]: 0x8000EE94 (0x00B50863) beq a0, a1, 16


mem[X,0x8000EEA4] -> 0x0113
mem[X,0x8000EEA6] -> 0x0031
[1804] [M]: 0x8000EEA4 (0x00310113) addi sp, sp, 3
x2 <- 0x00000003


mem[X,0x8000EEA8] -> 0x006F
mem[X,0x8000EEAA] -> 0x0040
[1805] [M]: 0x8000EEA8 (0x0040006F) jal zero, 4


mem[X,0x8000EEAC] -> 0xA623
mem[X,0x8000EEAE] -> 0x2A20
[1806] [M]: 0x8000EEAC (0x2A20A623) sw sp, 684(ra)
mem[0x8003A414] <- 0x00000003


mem[X,0x8000EEB0] -> 0x3537
mem[X,0x8000EEB2] -> 0x3333
[1807] [M]: 0x8000EEB0 (0x33333537) lui a0, 209715
x10 <- 0x33333000


mem[X,0x8000EEB4] -> 0x0513
mem[X,0x8000EEB6] -> 0x3335
[1808] [M]: 0x8000EEB4 (0x33350513) addi a0, a0, 819
x10 <- 0x33333333


mem[X,0x8000EEB8] -> 0x65B7
mem[X,0x8000EEBA] -> 0x6666
[1809] [M]: 0x8000EEB8 (0x666665B7) lui a1, 419430
x11 <- 0x66666000


mem[X,0x8000EEBC] -> 0x8593
mem[X,0x8000EEBE] -> 0x6665
[1810] [M]: 0x8000EEBC (0x66658593) addi a1, a1, 1638
x11 <- 0x66666666


mem[X,0x8000EEC0] -> 0x0113
mem[X,0x8000EEC2] -> 0x0000
[1811] [M]: 0x8000EEC0 (0x00000113) addi sp, zero, 0
x2 <- 0x00000000


mem[X,0x8000EEC4] -> 0x006F
mem[X,0x8000EEC6] -> 0x00C0
[1812] [M]: 0x8000EEC4 (0x00C0006F) jal zero, 12


mem[X,0x8000EED0] -> 0x0663
mem[X,0x8000EED2] -> 0x00B5
[1813] [M]: 0x8000EED0 (0x00B50663) beq a0, a1, 12


mem[X,0x8000EED4] -> 0x0113
mem[X,0x8000EED6] -> 0x0021
[1814] [M]: 0x8000EED4 (0x00210113) addi sp, sp, 2
x2 <- 0x00000002


mem[X,0x8000EED8] -> 0x006F
mem[X,0x8000EEDA] -> 0x00C0
[1815] [M]: 0x8000EED8 (0x00C0006F) jal zero, 12


mem[X,0x8000EEE4] -> 0xA823
mem[X,0x8000EEE6] -> 0x2A20
[1816] [M]: 0x8000EEE4 (0x2A20A823) sw sp, 688(ra)
mem[0x8003A418] <- 0x00000002


mem[X,0x8000EEE8] -> 0x3537
mem[X,0x8000EEEA] -> 0x3333
[1817] [M]: 0x8000EEE8 (0x33333537) lui a0, 209715
x10 <- 0x33333000


mem[X,0x8000EEEC] -> 0x0513
mem[X,0x8000EEEE] -> 0x3335
[1818] [M]: 0x8000EEEC (0x33350513) addi a0, a0, 819
x10 <- 0x33333333


mem[X,0x8000EEF0] -> 0x55B7
mem[X,0x8000EEF2] -> 0xFFFF
[1819] [M]: 0x8000EEF0 (0xFFFF55B7) lui a1, 1048565
x11 <- 0xFFFF5000


mem[X,0x8000EEF4] -> 0x8593
mem[X,0x8000EEF6] -> 0xAFC5
[1820] [M]: 0x8000EEF4 (0xAFC58593) addi a1, a1, 2812
x11 <- 0xFFFF4AFC


mem[X,0x8000EEF8] -> 0x0113
mem[X,0x8000EEFA] -> 0x0000
[1821] [M]: 0x8000EEF8 (0x00000113) addi sp, zero, 0
x2 <- 0x00000000


mem[X,0x8000EEFC] -> 0x006F
mem[X,0x8000EEFE] -> 0x0180
[1822] [M]: 0x8000EEFC (0x0180006F) jal zero, 24


mem[X,0x8000EF14] -> 0x06E3
mem[X,0x8000EF16] -> 0xFEB5
[1823] [M]: 0x8000EF14 (0xFEB506E3) beq a0, a1, 8172


mem[X,0x8000EF18] -> 0x0113
mem[X,0x8000EF1A] -> 0x0021
[1824] [M]: 0x8000EF18 (0x00210113) addi sp, sp, 2
x2 <- 0x00000002


mem[X,0x8000EF1C] -> 0x006F
mem[X,0x8000EF1E] -> 0x00C0
[1825] [M]: 0x8000EF1C (0x00C0006F) jal zero, 12


mem[X,0x8000EF28] -> 0xAA23
mem[X,0x8000EF2A] -> 0x2A20
[1826] [M]: 0x8000EF28 (0x2A20AA23) sw sp, 692(ra)
mem[0x8003A41C] <- 0x00000002


mem[X,0x8000EF2C] -> 0x3537
mem[X,0x8000EF2E] -> 0x3333
[1827] [M]: 0x8000EF2C (0x33333537) lui a0, 209715
x10 <- 0x33333000


mem[X,0x8000EF30] -> 0x0513
mem[X,0x8000EF32] -> 0x3335
[1828] [M]: 0x8000EF30 (0x33350513) addi a0, a0, 819
x10 <- 0x33333333


mem[X,0x8000EF34] -> 0xB5B7
mem[X,0x8000EF36] -> 0x0000
[1829] [M]: 0x8000EF34 (0x0000B5B7) lui a1, 11
x11 <- 0x0000B000


mem[X,0x8000EF38] -> 0x8593
mem[X,0x8000EF3A] -> 0x5045
[1830] [M]: 0x8000EF38 (0x50458593) addi a1, a1, 1284
x11 <- 0x0000B504


mem[X,0x8000EF3C] -> 0x0113
mem[X,0x8000EF3E] -> 0x0000
[1831] [M]: 0x8000EF3C (0x00000113) addi sp, zero, 0
x2 <- 0x00000000


mem[X,0x8000EF40] -> 0x006F
mem[X,0x8000EF42] -> 0x00C0
[1832] [M]: 0x8000EF40 (0x00C0006F) jal zero, 12


mem[X,0x8000EF4C] -> 0x0063
mem[X,0x8000EF4E] -> 0x20B5
[1833] [M]: 0x8000EF4C (0x20B50063) beq a0, a1, 512


mem[X,0x8000EF50] -> 0x0113
mem[X,0x8000EF52] -> 0x0021
[1834] [M]: 0x8000EF50 (0x00210113) addi sp, sp, 2
x2 <- 0x00000002


mem[X,0x8000EF54] -> 0x006F
mem[X,0x8000EF56] -> 0x2000
[1835] [M]: 0x8000EF54 (0x2000006F) jal zero, 512


mem[X,0x8000F154] -> 0xAC23
mem[X,0x8000F156] -> 0x2A20
[1836] [M]: 0x8000F154 (0x2A20AC23) sw sp, 696(ra)
mem[0x8003A420] <- 0x00000002


mem[X,0x8000F158] -> 0x3537
mem[X,0x8000F15A] -> 0x3333
[1837] [M]: 0x8000F158 (0x33333537) lui a0, 209715
x10 <- 0x33333000


mem[X,0x8000F15C] -> 0x0513
mem[X,0x8000F15E] -> 0x3335
[1838] [M]: 0x8000F15C (0x33350513) addi a0, a0, 819
x10 <- 0x33333333


mem[X,0x8000F160] -> 0x55B7
mem[X,0x8000F162] -> 0x5555
[1839] [M]: 0x8000F160 (0x555555B7) lui a1, 349525
x11 <- 0x55555000


mem[X,0x8000F164] -> 0x8593
mem[X,0x8000F166] -> 0x5545
[1840] [M]: 0x8000F164 (0x55458593) addi a1, a1, 1364
x11 <- 0x55555554


mem[X,0x8000F168] -> 0x0113
mem[X,0x8000F16A] -> 0x0000
[1841] [M]: 0x8000F168 (0x00000113) addi sp, zero, 0
x2 <- 0x00000000


mem[X,0x8000F16C] -> 0x006F
mem[X,0x8000F16E] -> 0x2B10
[1842] [M]: 0x8000F16C (0x2B10006F) jal zero, 2736


mem[X,0x8000FC1C] -> 0x0A63
mem[X,0x8000FC1E] -> 0xD4B5
[1843] [M]: 0x8000FC1C (0xD4B50A63) beq a0, a1, 5460


mem[X,0x8000FC20] -> 0x0113
mem[X,0x8000FC22] -> 0x0021
[1844] [M]: 0x8000FC20 (0x00210113) addi sp, sp, 2
x2 <- 0x00000002


mem[X,0x8000FC24] -> 0x006F
mem[X,0x8000FC26] -> 0x00C0
[1845] [M]: 0x8000FC24 (0x00C0006F) jal zero, 12


mem[X,0x8000FC30] -> 0xAE23
mem[X,0x8000FC32] -> 0x2A20
[1846] [M]: 0x8000FC30 (0x2A20AE23) sw sp, 700(ra)
mem[0x8003A424] <- 0x00000002


mem[X,0x8000FC34] -> 0x3537
mem[X,0x8000FC36] -> 0x3333
[1847] [M]: 0x8000FC34 (0x33333537) lui a0, 209715
x10 <- 0x33333000


mem[X,0x8000FC38] -> 0x0513
mem[X,0x8000FC3A] -> 0x3335
[1848] [M]: 0x8000FC38 (0x33350513) addi a0, a0, 819
x10 <- 0x33333333


mem[X,0x8000FC3C] -> 0x0593
mem[X,0x8000FC3E] -> 0x0000
[1849] [M]: 0x8000FC3C (0x00000593) addi a1, zero, 0
x11 <- 0x00000000


mem[X,0x8000FC40] -> 0x0113
mem[X,0x8000FC42] -> 0x0000
[1850] [M]: 0x8000FC40 (0x00000113) addi sp, zero, 0
x2 <- 0x00000000


mem[X,0x8000FC44] -> 0x006F
mem[X,0x8000FC46] -> 0x00C0
[1851] [M]: 0x8000FC44 (0x00C0006F) jal zero, 12


mem[X,0x8000FC50] -> 0x0063
mem[X,0x8000FC52] -> 0x04B5
[1852] [M]: 0x8000FC50 (0x04B50063) beq a0, a1, 64


mem[X,0x8000FC54] -> 0x0113
mem[X,0x8000FC56] -> 0x0021
[1853] [M]: 0x8000FC54 (0x00210113) addi sp, sp, 2
x2 <- 0x00000002


mem[X,0x8000FC58] -> 0x006F
mem[X,0x8000FC5A] -> 0x0400
[1854] [M]: 0x8000FC58 (0x0400006F) jal zero, 64


mem[X,0x8000FC98] -> 0xA023
mem[X,0x8000FC9A] -> 0x2C20
[1855] [M]: 0x8000FC98 (0x2C20A023) sw sp, 704(ra)
mem[0x8003A428] <- 0x00000002


mem[X,0x8000FC9C] -> 0x3537
mem[X,0x8000FC9E] -> 0x3333
[1856] [M]: 0x8000FC9C (0x33333537) lui a0, 209715
x10 <- 0x33333000


mem[X,0x8000FCA0] -> 0x0513
mem[X,0x8000FCA2] -> 0x3335
[1857] [M]: 0x8000FCA0 (0x33350513) addi a0, a0, 819
x10 <- 0x33333333


mem[X,0x8000FCA4] -> 0x0593
mem[X,0x8000FCA6] -> 0x0040
[1858] [M]: 0x8000FCA4 (0x00400593) addi a1, zero, 4
x11 <- 0x00000004


mem[X,0x8000FCA8] -> 0x0113
mem[X,0x8000FCAA] -> 0x0000
[1859] [M]: 0x8000FCA8 (0x00000113) addi sp, zero, 0
x2 <- 0x00000000


mem[X,0x8000FCAC] -> 0x006F
mem[X,0x8000FCAE] -> 0x00C0
[1860] [M]: 0x8000FCAC (0x00C0006F) jal zero, 12


mem[X,0x8000FCB8] -> 0x0663
mem[X,0x8000FCBA] -> 0x00B5
[1861] [M]: 0x8000FCB8 (0x00B50663) beq a0, a1, 12


mem[X,0x8000FCBC] -> 0x0113
mem[X,0x8000FCBE] -> 0x0021
[1862] [M]: 0x8000FCBC (0x00210113) addi sp, sp, 2
x2 <- 0x00000002


mem[X,0x8000FCC0] -> 0x006F
mem[X,0x8000FCC2] -> 0x00C0
[1863] [M]: 0x8000FCC0 (0x00C0006F) jal zero, 12


mem[X,0x8000FCCC] -> 0xA223
mem[X,0x8000FCCE] -> 0x2C20
[1864] [M]: 0x8000FCCC (0x2C20A223) sw sp, 708(ra)
mem[0x8003A42C] <- 0x00000002


mem[X,0x8000FCD0] -> 0x3537
mem[X,0x8000FCD2] -> 0x3333
[1865] [M]: 0x8000FCD0 (0x33333537) lui a0, 209715
x10 <- 0x33333000


mem[X,0x8000FCD4] -> 0x0513
mem[X,0x8000FCD6] -> 0x3335
[1866] [M]: 0x8000FCD4 (0x33350513) addi a0, a0, 819
x10 <- 0x33333333


mem[X,0x8000FCD8] -> 0x35B7
mem[X,0x8000FCDA] -> 0x3333
[1867] [M]: 0x8000FCD8 (0x333335B7) lui a1, 209715
x11 <- 0x33333000


mem[X,0x8000FCDC] -> 0x8593
mem[X,0x8000FCDE] -> 0x3325
[1868] [M]: 0x8000FCDC (0x33258593) addi a1, a1, 818
x11 <- 0x33333332


mem[X,0x8000FCE0] -> 0x0113
mem[X,0x8000FCE2] -> 0x0000
[1869] [M]: 0x8000FCE0 (0x00000113) addi sp, zero, 0
x2 <- 0x00000000


mem[X,0x8000FCE4] -> 0x006F
mem[X,0x8000FCE6] -> 0x00C0
[1870] [M]: 0x8000FCE4 (0x00C0006F) jal zero, 12


mem[X,0x8000FCF0] -> 0x0663
mem[X,0x8000FCF2] -> 0x00B5
[1871] [M]: 0x8000FCF0 (0x00B50663) beq a0, a1, 12


mem[X,0x8000FCF4] -> 0x0113
mem[X,0x8000FCF6] -> 0x0021
[1872] [M]: 0x8000FCF4 (0x00210113) addi sp, sp, 2
x2 <- 0x00000002


mem[X,0x8000FCF8] -> 0x006F
mem[X,0x8000FCFA] -> 0x00C0
[1873] [M]: 0x8000FCF8 (0x00C0006F) jal zero, 12


mem[X,0x8000FD04] -> 0xA423
mem[X,0x8000FD06] -> 0x2C20
[1874] [M]: 0x8000FD04 (0x2C20A423) sw sp, 712(ra)
mem[0x8003A430] <- 0x00000002


mem[X,0x8000FD08] -> 0x3537
mem[X,0x8000FD0A] -> 0x3333
[1875] [M]: 0x8000FD08 (0x33333537) lui a0, 209715
x10 <- 0x33333000


mem[X,0x8000FD0C] -> 0x0513
mem[X,0x8000FD0E] -> 0x3335
[1876] [M]: 0x8000FD0C (0x33350513) addi a0, a0, 819
x10 <- 0x33333333


mem[X,0x8000FD10] -> 0x65B7
mem[X,0x8000FD12] -> 0x6666
[1877] [M]: 0x8000FD10 (0x666665B7) lui a1, 419430
x11 <- 0x66666000


mem[X,0x8000FD14] -> 0x8593
mem[X,0x8000FD16] -> 0x6655
[1878] [M]: 0x8000FD14 (0x66558593) addi a1, a1, 1637
x11 <- 0x66666665


mem[X,0x8000FD18] -> 0x0113
mem[X,0x8000FD1A] -> 0x0000
[1879] [M]: 0x8000FD18 (0x00000113) addi sp, zero, 0
x2 <- 0x00000000


mem[X,0x8000FD1C] -> 0x006F
mem[X,0x8000FD1E] -> 0x0180
[1880] [M]: 0x8000FD1C (0x0180006F) jal zero, 24


mem[X,0x8000FD34] -> 0x06E3
mem[X,0x8000FD36] -> 0xFEB5
[1881] [M]: 0x8000FD34 (0xFEB506E3) beq a0, a1, 8172


mem[X,0x8000FD38] -> 0x0113
mem[X,0x8000FD3A] -> 0x0021
[1882] [M]: 0x8000FD38 (0x00210113) addi sp, sp, 2
x2 <- 0x00000002


mem[X,0x8000FD3C] -> 0x006F
mem[X,0x8000FD3E] -> 0x00C0
[1883] [M]: 0x8000FD3C (0x00C0006F) jal zero, 12


mem[X,0x8000FD48] -> 0xA623
mem[X,0x8000FD4A] -> 0x2C20
[1884] [M]: 0x8000FD48 (0x2C20A623) sw sp, 716(ra)
mem[0x8003A434] <- 0x00000002


mem[X,0x8000FD4C] -> 0x3537
mem[X,0x8000FD4E] -> 0x3333
[1885] [M]: 0x8000FD4C (0x33333537) lui a0, 209715
x10 <- 0x33333000


mem[X,0x8000FD50] -> 0x0513
mem[X,0x8000FD52] -> 0x3335
[1886] [M]: 0x8000FD50 (0x33350513) addi a0, a0, 819
x10 <- 0x33333333


mem[X,0x8000FD54] -> 0xB5B7
mem[X,0x8000FD56] -> 0x0000
[1887] [M]: 0x8000FD54 (0x0000B5B7) lui a1, 11
x11 <- 0x0000B000


mem[X,0x8000FD58] -> 0x8593
mem[X,0x8000FD5A] -> 0x5035
[1888] [M]: 0x8000FD58 (0x50358593) addi a1, a1, 1283
x11 <- 0x0000B503


mem[X,0x8000FD5C] -> 0x0113
mem[X,0x8000FD5E] -> 0x0000
[1889] [M]: 0x8000FD5C (0x00000113) addi sp, zero, 0
x2 <- 0x00000000


mem[X,0x8000FD60] -> 0x006F
mem[X,0x8000FD62] -> 0x00C0
[1890] [M]: 0x8000FD60 (0x00C0006F) jal zero, 12


mem[X,0x8000FD6C] -> 0x0063
mem[X,0x8000FD6E] -> 0x40B5
[1891] [M]: 0x8000FD6C (0x40B50063) beq a0, a1, 1024


mem[X,0x8000FD70] -> 0x0113
mem[X,0x8000FD72] -> 0x0021
[1892] [M]: 0x8000FD70 (0x00210113) addi sp, sp, 2
x2 <- 0x00000002


mem[X,0x8000FD74] -> 0x006F
mem[X,0x8000FD76] -> 0x4000
[1893] [M]: 0x8000FD74 (0x4000006F) jal zero, 1024


mem[X,0x80010174] -> 0xA823
mem[X,0x80010176] -> 0x2C20
[1894] [M]: 0x80010174 (0x2C20A823) sw sp, 720(ra)
mem[0x8003A438] <- 0x00000002


mem[X,0x80010178] -> 0x3537
mem[X,0x8001017A] -> 0x3333
[1895] [M]: 0x80010178 (0x33333537) lui a0, 209715
x10 <- 0x33333000


mem[X,0x8001017C] -> 0x0513
mem[X,0x8001017E] -> 0x3335
[1896] [M]: 0x8001017C (0x33350513) addi a0, a0, 819
x10 <- 0x33333333


mem[X,0x80010180] -> 0x55B7
mem[X,0x80010182] -> 0x5555
[1897] [M]: 0x80010180 (0x555555B7) lui a1, 349525
x11 <- 0x55555000


mem[X,0x80010184] -> 0x8593
mem[X,0x80010186] -> 0x5565
[1898] [M]: 0x80010184 (0x55658593) addi a1, a1, 1366
x11 <- 0x55555556


mem[X,0x80010188] -> 0x0113
mem[X,0x8001018A] -> 0x0000
[1899] [M]: 0x80010188 (0x00000113) addi sp, zero, 0
x2 <- 0x00000000


clint::tick mtime <- 0x0000000000000013
 clint timer pending at mtime 0x0000000000000013
htif::tick 0x0000000000000000
mem[X,0x8001018C] -> 0x006F
mem[X,0x8001018E] -> 0x0050
[1900] [M]: 0x8001018C (0x0050006F) jal zero, 2052


mem[X,0x80010990] -> 0x00E3
mem[X,0x80010992] -> 0x80B5
[1901] [M]: 0x80010990 (0x80B500E3) beq a0, a1, 6144


mem[X,0x80010994] -> 0x0113
mem[X,0x80010996] -> 0x0021
[1902] [M]: 0x80010994 (0x00210113) addi sp, sp, 2
x2 <- 0x00000002


mem[X,0x80010998] -> 0x006F
mem[X,0x8001099A] -> 0x00C0
[1903] [M]: 0x80010998 (0x00C0006F) jal zero, 12


mem[X,0x800109A4] -> 0xAA23
mem[X,0x800109A6] -> 0x2C20
[1904] [M]: 0x800109A4 (0x2C20AA23) sw sp, 724(ra)
mem[0x8003A43C] <- 0x00000002


mem[X,0x800109A8] -> 0x3537
mem[X,0x800109AA] -> 0x3333
[1905] [M]: 0x800109A8 (0x33333537) lui a0, 209715
x10 <- 0x33333000


mem[X,0x800109AC] -> 0x0513
mem[X,0x800109AE] -> 0x3335
[1906] [M]: 0x800109AC (0x33350513) addi a0, a0, 819
x10 <- 0x33333333


mem[X,0x800109B0] -> 0xB5B7
mem[X,0x800109B2] -> 0xAAAA
[1907] [M]: 0x800109B0 (0xAAAAB5B7) lui a1, 699051
x11 <- 0xAAAAB000


mem[X,0x800109B4] -> 0x8593
mem[X,0x800109B6] -> 0xAAB5
[1908] [M]: 0x800109B4 (0xAAB58593) addi a1, a1, 2731
x11 <- 0xAAAAAAAB


mem[X,0x800109B8] -> 0x0113
mem[X,0x800109BA] -> 0x0000
[1909] [M]: 0x800109B8 (0x00000113) addi sp, zero, 0
x2 <- 0x00000000


mem[X,0x800109BC] -> 0x006F
mem[X,0x800109BE] -> 0x00C0
[1910] [M]: 0x800109BC (0x00C0006F) jal zero, 12


mem[X,0x800109C8] -> 0x0063
mem[X,0x800109CA] -> 0x10B5
[1911] [M]: 0x800109C8 (0x10B50063) beq a0, a1, 256


mem[X,0x800109CC] -> 0x0113
mem[X,0x800109CE] -> 0x0021
[1912] [M]: 0x800109CC (0x00210113) addi sp, sp, 2
x2 <- 0x00000002


mem[X,0x800109D0] -> 0x006F
mem[X,0x800109D2] -> 0x1000
[1913] [M]: 0x800109D0 (0x1000006F) jal zero, 256


mem[X,0x80010AD0] -> 0xAC23
mem[X,0x80010AD2] -> 0x2C20
[1914] [M]: 0x80010AD0 (0x2C20AC23) sw sp, 728(ra)
mem[0x8003A440] <- 0x00000002


mem[X,0x80010AD4] -> 0x3537
mem[X,0x80010AD6] -> 0x3333
[1915] [M]: 0x80010AD4 (0x33333537) lui a0, 209715
x10 <- 0x33333000


mem[X,0x80010AD8] -> 0x0513
mem[X,0x80010ADA] -> 0x3335
[1916] [M]: 0x80010AD8 (0x33350513) addi a0, a0, 819
x10 <- 0x33333333


mem[X,0x80010ADC] -> 0x0593
mem[X,0x80010ADE] -> 0x0060
[1917] [M]: 0x80010ADC (0x00600593) addi a1, zero, 6
x11 <- 0x00000006


mem[X,0x80010AE0] -> 0x0113
mem[X,0x80010AE2] -> 0x0000
[1918] [M]: 0x80010AE0 (0x00000113) addi sp, zero, 0
x2 <- 0x00000000


mem[X,0x80010AE4] -> 0x006F
mem[X,0x80010AE6] -> 0x00C0
[1919] [M]: 0x80010AE4 (0x00C0006F) jal zero, 12


mem[X,0x80010AF0] -> 0x0063
mem[X,0x80010AF2] -> 0x20B5
[1920] [M]: 0x80010AF0 (0x20B50063) beq a0, a1, 512


mem[X,0x80010AF4] -> 0x0113
mem[X,0x80010AF6] -> 0x0021
[1921] [M]: 0x80010AF4 (0x00210113) addi sp, sp, 2
x2 <- 0x00000002


mem[X,0x80010AF8] -> 0x006F
mem[X,0x80010AFA] -> 0x2000
[1922] [M]: 0x80010AF8 (0x2000006F) jal zero, 512


mem[X,0x80010CF8] -> 0xAE23
mem[X,0x80010CFA] -> 0x2C20
[1923] [M]: 0x80010CF8 (0x2C20AE23) sw sp, 732(ra)
mem[0x8003A444] <- 0x00000002


mem[X,0x80010CFC] -> 0x3537
mem[X,0x80010CFE] -> 0x3333
[1924] [M]: 0x80010CFC (0x33333537) lui a0, 209715
x10 <- 0x33333000


mem[X,0x80010D00] -> 0x0513
mem[X,0x80010D02] -> 0x3335
[1925] [M]: 0x80010D00 (0x33350513) addi a0, a0, 819
x10 <- 0x33333333


mem[X,0x80010D04] -> 0x35B7
mem[X,0x80010D06] -> 0x3333
[1926] [M]: 0x80010D04 (0x333335B7) lui a1, 209715
x11 <- 0x33333000


mem[X,0x80010D08] -> 0x8593
mem[X,0x80010D0A] -> 0x3345
[1927] [M]: 0x80010D08 (0x33458593) addi a1, a1, 820
x11 <- 0x33333334


mem[X,0x80010D0C] -> 0x0113
mem[X,0x80010D0E] -> 0x0000
[1928] [M]: 0x80010D0C (0x00000113) addi sp, zero, 0
x2 <- 0x00000000


mem[X,0x80010D10] -> 0x006F
mem[X,0x80010D12] -> 0x00C0
[1929] [M]: 0x80010D10 (0x00C0006F) jal zero, 12


mem[X,0x80010D1C] -> 0x0063
mem[X,0x80010D1E] -> 0x20B5
[1930] [M]: 0x80010D1C (0x20B50063) beq a0, a1, 512


mem[X,0x80010D20] -> 0x0113
mem[X,0x80010D22] -> 0x0021
[1931] [M]: 0x80010D20 (0x00210113) addi sp, sp, 2
x2 <- 0x00000002


mem[X,0x80010D24] -> 0x006F
mem[X,0x80010D26] -> 0x2000
[1932] [M]: 0x80010D24 (0x2000006F) jal zero, 512


mem[X,0x80010F24] -> 0xA023
mem[X,0x80010F26] -> 0x2E20
[1933] [M]: 0x80010F24 (0x2E20A023) sw sp, 736(ra)
mem[0x8003A448] <- 0x00000002


mem[X,0x80010F28] -> 0x3537
mem[X,0x80010F2A] -> 0x3333
[1934] [M]: 0x80010F28 (0x33333537) lui a0, 209715
x10 <- 0x33333000


mem[X,0x80010F2C] -> 0x0513
mem[X,0x80010F2E] -> 0x3335
[1935] [M]: 0x80010F2C (0x33350513) addi a0, a0, 819
x10 <- 0x33333333


mem[X,0x80010F30] -> 0x65B7
mem[X,0x80010F32] -> 0x6666
[1936] [M]: 0x80010F30 (0x666665B7) lui a1, 419430
x11 <- 0x66666000


mem[X,0x80010F34] -> 0x8593
mem[X,0x80010F36] -> 0x6675
[1937] [M]: 0x80010F34 (0x66758593) addi a1, a1, 1639
x11 <- 0x66666667


mem[X,0x80010F38] -> 0x0113
mem[X,0x80010F3A] -> 0x0000
[1938] [M]: 0x80010F38 (0x00000113) addi sp, zero, 0
x2 <- 0x00000000


mem[X,0x80010F3C] -> 0x006F
mem[X,0x80010F3E] -> 0x00C0
[1939] [M]: 0x80010F3C (0x00C0006F) jal zero, 12


mem[X,0x80010F48] -> 0x0063
mem[X,0x80010F4A] -> 0x40B5
[1940] [M]: 0x80010F48 (0x40B50063) beq a0, a1, 1024


mem[X,0x80010F4C] -> 0x0113
mem[X,0x80010F4E] -> 0x0021
[1941] [M]: 0x80010F4C (0x00210113) addi sp, sp, 2
x2 <- 0x00000002


mem[X,0x80010F50] -> 0x006F
mem[X,0x80010F52] -> 0x4000
[1942] [M]: 0x80010F50 (0x4000006F) jal zero, 1024


mem[X,0x80011350] -> 0xA223
mem[X,0x80011352] -> 0x2E20
[1943] [M]: 0x80011350 (0x2E20A223) sw sp, 740(ra)
mem[0x8003A44C] <- 0x00000002


mem[X,0x80011354] -> 0x3537
mem[X,0x80011356] -> 0x3333
[1944] [M]: 0x80011354 (0x33333537) lui a0, 209715
x10 <- 0x33333000


mem[X,0x80011358] -> 0x0513
mem[X,0x8001135A] -> 0x3335
[1945] [M]: 0x80011358 (0x33350513) addi a0, a0, 819
x10 <- 0x33333333


mem[X,0x8001135C] -> 0x55B7
mem[X,0x8001135E] -> 0xFFFF
[1946] [M]: 0x8001135C (0xFFFF55B7) lui a1, 1048565
x11 <- 0xFFFF5000


mem[X,0x80011360] -> 0x8593
mem[X,0x80011362] -> 0xAFD5
[1947] [M]: 0x80011360 (0xAFD58593) addi a1, a1, 2813
x11 <- 0xFFFF4AFD


mem[X,0x80011364] -> 0x0113
mem[X,0x80011366] -> 0x0000
[1948] [M]: 0x80011364 (0x00000113) addi sp, zero, 0
x2 <- 0x00000000


mem[X,0x80011368] -> 0x006F
mem[X,0x8001136A] -> 0x0140
[1949] [M]: 0x80011368 (0x0140006F) jal zero, 20


mem[X,0x8001137C] -> 0x08E3
mem[X,0x8001137E] -> 0xFEB5
[1950] [M]: 0x8001137C (0xFEB508E3) beq a0, a1, 8176


mem[X,0x80011380] -> 0x0113
mem[X,0x80011382] -> 0x0021
[1951] [M]: 0x80011380 (0x00210113) addi sp, sp, 2
x2 <- 0x00000002


mem[X,0x80011384] -> 0x006F
mem[X,0x80011386] -> 0x00C0
[1952] [M]: 0x80011384 (0x00C0006F) jal zero, 12


mem[X,0x80011390] -> 0xA423
mem[X,0x80011392] -> 0x2E20
[1953] [M]: 0x80011390 (0x2E20A423) sw sp, 744(ra)
mem[0x8003A450] <- 0x00000002


mem[X,0x80011394] -> 0x3537
mem[X,0x80011396] -> 0x3333
[1954] [M]: 0x80011394 (0x33333537) lui a0, 209715
x10 <- 0x33333000


mem[X,0x80011398] -> 0x0513
mem[X,0x8001139A] -> 0x3335
[1955] [M]: 0x80011398 (0x33350513) addi a0, a0, 819
x10 <- 0x33333333


mem[X,0x8001139C] -> 0xB5B7
mem[X,0x8001139E] -> 0x0000
[1956] [M]: 0x8001139C (0x0000B5B7) lui a1, 11
x11 <- 0x0000B000


mem[X,0x800113A0] -> 0x8593
mem[X,0x800113A2] -> 0x5055
[1957] [M]: 0x800113A0 (0x50558593) addi a1, a1, 1285
x11 <- 0x0000B505


mem[X,0x800113A4] -> 0x0113
mem[X,0x800113A6] -> 0x0000
[1958] [M]: 0x800113A4 (0x00000113) addi sp, zero, 0
x2 <- 0x00000000


mem[X,0x800113A8] -> 0x006F
mem[X,0x800113AA] -> 0x0140
[1959] [M]: 0x800113A8 (0x0140006F) jal zero, 20


mem[X,0x800113BC] -> 0x08E3
mem[X,0x800113BE] -> 0xFEB5
[1960] [M]: 0x800113BC (0xFEB508E3) beq a0, a1, 8176


mem[X,0x800113C0] -> 0x0113
mem[X,0x800113C2] -> 0x0021
[1961] [M]: 0x800113C0 (0x00210113) addi sp, sp, 2
x2 <- 0x00000002


mem[X,0x800113C4] -> 0x006F
mem[X,0x800113C6] -> 0x00C0
[1962] [M]: 0x800113C4 (0x00C0006F) jal zero, 12


mem[X,0x800113D0] -> 0xA623
mem[X,0x800113D2] -> 0x2E20
[1963] [M]: 0x800113D0 (0x2E20A623) sw sp, 748(ra)
mem[0x8003A454] <- 0x00000002


mem[X,0x800113D4] -> 0x6537
mem[X,0x800113D6] -> 0x6666
[1964] [M]: 0x800113D4 (0x66666537) lui a0, 419430
x10 <- 0x66666000


mem[X,0x800113D8] -> 0x0513
mem[X,0x800113DA] -> 0x6665
[1965] [M]: 0x800113D8 (0x66650513) addi a0, a0, 1638
x10 <- 0x66666666


mem[X,0x800113DC] -> 0x0593
mem[X,0x800113DE] -> 0x0030
[1966] [M]: 0x800113DC (0x00300593) addi a1, zero, 3
x11 <- 0x00000003


mem[X,0x800113E0] -> 0x0113
mem[X,0x800113E2] -> 0x0000
[1967] [M]: 0x800113E0 (0x00000113) addi sp, zero, 0
x2 <- 0x00000000


mem[X,0x800113E4] -> 0x006F
mem[X,0x800113E6] -> 0x00C0
[1968] [M]: 0x800113E4 (0x00C0006F) jal zero, 12


mem[X,0x800113F0] -> 0x0CE3
mem[X,0x800113F2] -> 0xFEB5
[1969] [M]: 0x800113F0 (0xFEB50CE3) beq a0, a1, 8184


mem[X,0x800113F4] -> 0x0113
mem[X,0x800113F6] -> 0x0021
[1970] [M]: 0x800113F4 (0x00210113) addi sp, sp, 2
x2 <- 0x00000002


mem[X,0x800113F8] -> 0x006F
mem[X,0x800113FA] -> 0x00C0
[1971] [M]: 0x800113F8 (0x00C0006F) jal zero, 12


mem[X,0x80011404] -> 0xA823
mem[X,0x80011406] -> 0x2E20
[1972] [M]: 0x80011404 (0x2E20A823) sw sp, 752(ra)
mem[0x8003A458] <- 0x00000002


mem[X,0x80011408] -> 0x6537
mem[X,0x8001140A] -> 0x6666
[1973] [M]: 0x80011408 (0x66666537) lui a0, 419430
x10 <- 0x66666000


mem[X,0x8001140C] -> 0x0513
mem[X,0x8001140E] -> 0x6665
[1974] [M]: 0x8001140C (0x66650513) addi a0, a0, 1638
x10 <- 0x66666666


mem[X,0x80011410] -> 0x55B7
mem[X,0x80011412] -> 0x5555
[1975] [M]: 0x80011410 (0x555555B7) lui a1, 349525
x11 <- 0x55555000


mem[X,0x80011414] -> 0x8593
mem[X,0x80011416] -> 0x5555
[1976] [M]: 0x80011414 (0x55558593) addi a1, a1, 1365
x11 <- 0x55555555


mem[X,0x80011418] -> 0x0113
mem[X,0x8001141A] -> 0x0000
[1977] [M]: 0x80011418 (0x00000113) addi sp, zero, 0
x2 <- 0x00000000


mem[X,0x8001141C] -> 0x006F
mem[X,0x8001141E] -> 0x00C0
[1978] [M]: 0x8001141C (0x00C0006F) jal zero, 12


mem[X,0x80011428] -> 0x0CE3
mem[X,0x8001142A] -> 0xFEB5
[1979] [M]: 0x80011428 (0xFEB50CE3) beq a0, a1, 8184


mem[X,0x8001142C] -> 0x0113
mem[X,0x8001142E] -> 0x0021
[1980] [M]: 0x8001142C (0x00210113) addi sp, sp, 2
x2 <- 0x00000002


mem[X,0x80011430] -> 0x006F
mem[X,0x80011432] -> 0x00C0
[1981] [M]: 0x80011430 (0x00C0006F) jal zero, 12


mem[X,0x8001143C] -> 0xAA23
mem[X,0x8001143E] -> 0x2E20
[1982] [M]: 0x8001143C (0x2E20AA23) sw sp, 756(ra)
mem[0x8003A45C] <- 0x00000002


mem[X,0x80011440] -> 0x6537
mem[X,0x80011442] -> 0x6666
[1983] [M]: 0x80011440 (0x66666537) lui a0, 419430
x10 <- 0x66666000


mem[X,0x80011444] -> 0x0513
mem[X,0x80011446] -> 0x6665
[1984] [M]: 0x80011444 (0x66650513) addi a0, a0, 1638
x10 <- 0x66666666


mem[X,0x80011448] -> 0xB5B7
mem[X,0x8001144A] -> 0xAAAA
[1985] [M]: 0x80011448 (0xAAAAB5B7) lui a1, 699051
x11 <- 0xAAAAB000


mem[X,0x8001144C] -> 0x8593
mem[X,0x8001144E] -> 0xAAA5
[1986] [M]: 0x8001144C (0xAAA58593) addi a1, a1, 2730
x11 <- 0xAAAAAAAA


mem[X,0x80011450] -> 0x0113
mem[X,0x80011452] -> 0x0000
[1987] [M]: 0x80011450 (0x00000113) addi sp, zero, 0
x2 <- 0x00000000


mem[X,0x80011454] -> 0x006F
mem[X,0x80011456] -> 0x00C0
[1988] [M]: 0x80011454 (0x00C0006F) jal zero, 12


mem[X,0x80011460] -> 0x0CE3
mem[X,0x80011462] -> 0xFEB5
[1989] [M]: 0x80011460 (0xFEB50CE3) beq a0, a1, 8184


mem[X,0x80011464] -> 0x0113
mem[X,0x80011466] -> 0x0021
[1990] [M]: 0x80011464 (0x00210113) addi sp, sp, 2
x2 <- 0x00000002


mem[X,0x80011468] -> 0x006F
mem[X,0x8001146A] -> 0x00C0
[1991] [M]: 0x80011468 (0x00C0006F) jal zero, 12


mem[X,0x80011474] -> 0xAC23
mem[X,0x80011476] -> 0x2E20
[1992] [M]: 0x80011474 (0x2E20AC23) sw sp, 760(ra)
mem[0x8003A460] <- 0x00000002


mem[X,0x80011478] -> 0x6537
mem[X,0x8001147A] -> 0x6666
[1993] [M]: 0x80011478 (0x66666537) lui a0, 419430
x10 <- 0x66666000


mem[X,0x8001147C] -> 0x0513
mem[X,0x8001147E] -> 0x6665
[1994] [M]: 0x8001147C (0x66650513) addi a0, a0, 1638
x10 <- 0x66666666


mem[X,0x80011480] -> 0x0593
mem[X,0x80011482] -> 0x0050
[1995] [M]: 0x80011480 (0x00500593) addi a1, zero, 5
x11 <- 0x00000005


mem[X,0x80011484] -> 0x0113
mem[X,0x80011486] -> 0x0000
[1996] [M]: 0x80011484 (0x00000113) addi sp, zero, 0
x2 <- 0x00000000


mem[X,0x80011488] -> 0x006F
mem[X,0x8001148A] -> 0x0050
[1997] [M]: 0x80011488 (0x0050006F) jal zero, 2052


mem[X,0x80011C8C] -> 0x00E3
mem[X,0x80011C8E] -> 0x80B5
[1998] [M]: 0x80011C8C (0x80B500E3) beq a0, a1, 6144


mem[X,0x80011C90] -> 0x0113
mem[X,0x80011C92] -> 0x0021
[1999] [M]: 0x80011C90 (0x00210113) addi sp, sp, 2
x2 <- 0x00000002


clint::tick mtime <- 0x0000000000000014
 clint timer pending at mtime 0x0000000000000014
htif::tick 0x0000000000000000
mem[X,0x80011C94] -> 0x006F
mem[X,0x80011C96] -> 0x00C0
[2000] [M]: 0x80011C94 (0x00C0006F) jal zero, 12


mem[X,0x80011CA0] -> 0xAE23
mem[X,0x80011CA2] -> 0x2E20
[2001] [M]: 0x80011CA0 (0x2E20AE23) sw sp, 764(ra)
mem[0x8003A464] <- 0x00000002


mem[X,0x80011CA4] -> 0x6537
mem[X,0x80011CA6] -> 0x6666
[2002] [M]: 0x80011CA4 (0x66666537) lui a0, 419430
x10 <- 0x66666000


mem[X,0x80011CA8] -> 0x0513
mem[X,0x80011CAA] -> 0x6665
[2003] [M]: 0x80011CA8 (0x66650513) addi a0, a0, 1638
x10 <- 0x66666666


mem[X,0x80011CAC] -> 0x35B7
mem[X,0x80011CAE] -> 0x3333
[2004] [M]: 0x80011CAC (0x333335B7) lui a1, 209715
x11 <- 0x33333000


mem[X,0x80011CB0] -> 0x8593
mem[X,0x80011CB2] -> 0x3335
[2005] [M]: 0x80011CB0 (0x33358593) addi a1, a1, 819
x11 <- 0x33333333


mem[X,0x80011CB4] -> 0x0113
mem[X,0x80011CB6] -> 0x0000
[2006] [M]: 0x80011CB4 (0x00000113) addi sp, zero, 0
x2 <- 0x00000000


mem[X,0x80011CB8] -> 0x006F
mem[X,0x80011CBA] -> 0x00C0
[2007] [M]: 0x80011CB8 (0x00C0006F) jal zero, 12


mem[X,0x80011CC4] -> 0x0663
mem[X,0x80011CC6] -> 0x00B5
[2008] [M]: 0x80011CC4 (0x00B50663) beq a0, a1, 12


mem[X,0x80011CC8] -> 0x0113
mem[X,0x80011CCA] -> 0x0021
[2009] [M]: 0x80011CC8 (0x00210113) addi sp, sp, 2
x2 <- 0x00000002


mem[X,0x80011CCC] -> 0x006F
mem[X,0x80011CCE] -> 0x00C0
[2010] [M]: 0x80011CCC (0x00C0006F) jal zero, 12


mem[X,0x80011CD8] -> 0xA023
mem[X,0x80011CDA] -> 0x3020
[2011] [M]: 0x80011CD8 (0x3020A023) sw sp, 768(ra)
mem[0x8003A468] <- 0x00000002


mem[X,0x80011CDC] -> 0x6537
mem[X,0x80011CDE] -> 0x6666
[2012] [M]: 0x80011CDC (0x66666537) lui a0, 419430
x10 <- 0x66666000


mem[X,0x80011CE0] -> 0x0513
mem[X,0x80011CE2] -> 0x6665
[2013] [M]: 0x80011CE0 (0x66650513) addi a0, a0, 1638
x10 <- 0x66666666


mem[X,0x80011CE4] -> 0x65B7
mem[X,0x80011CE6] -> 0x6666
[2014] [M]: 0x80011CE4 (0x666665B7) lui a1, 419430
x11 <- 0x66666000


mem[X,0x80011CE8] -> 0x8593
mem[X,0x80011CEA] -> 0x6665
[2015] [M]: 0x80011CE8 (0x66658593) addi a1, a1, 1638
x11 <- 0x66666666


mem[X,0x80011CEC] -> 0x0113
mem[X,0x80011CEE] -> 0x0000
[2016] [M]: 0x80011CEC (0x00000113) addi sp, zero, 0
x2 <- 0x00000000


mem[X,0x80011CF0] -> 0x006F
mem[X,0x80011CF2] -> 0x0180
[2017] [M]: 0x80011CF0 (0x0180006F) jal zero, 24


mem[X,0x80011D08] -> 0x06E3
mem[X,0x80011D0A] -> 0xFEB5
[2018] [M]: 0x80011D08 (0xFEB506E3) beq a0, a1, 8172


mem[X,0x80011CF4] -> 0x0113
mem[X,0x80011CF6] -> 0x0011
[2019] [M]: 0x80011CF4 (0x00110113) addi sp, sp, 1
x2 <- 0x00000001


mem[X,0x80011CF8] -> 0x006F
mem[X,0x80011CFA] -> 0x0240
[2020] [M]: 0x80011CF8 (0x0240006F) jal zero, 36


mem[X,0x80011D1C] -> 0xA223
mem[X,0x80011D1E] -> 0x3020
[2021] [M]: 0x80011D1C (0x3020A223) sw sp, 772(ra)
mem[0x8003A46C] <- 0x00000001


mem[X,0x80011D20] -> 0x6537
mem[X,0x80011D22] -> 0x6666
[2022] [M]: 0x80011D20 (0x66666537) lui a0, 419430
x10 <- 0x66666000


mem[X,0x80011D24] -> 0x0513
mem[X,0x80011D26] -> 0x6665
[2023] [M]: 0x80011D24 (0x66650513) addi a0, a0, 1638
x10 <- 0x66666666


mem[X,0x80011D28] -> 0x55B7
mem[X,0x80011D2A] -> 0xFFFF
[2024] [M]: 0x80011D28 (0xFFFF55B7) lui a1, 1048565
x11 <- 0xFFFF5000


mem[X,0x80011D2C] -> 0x8593
mem[X,0x80011D2E] -> 0xAFC5
[2025] [M]: 0x80011D2C (0xAFC58593) addi a1, a1, 2812
x11 <- 0xFFFF4AFC


mem[X,0x80011D30] -> 0x0113
mem[X,0x80011D32] -> 0x0000
[2026] [M]: 0x80011D30 (0x00000113) addi sp, zero, 0
x2 <- 0x00000000


mem[X,0x80011D34] -> 0x006F
mem[X,0x80011D36] -> 0x00C0
[2027] [M]: 0x80011D34 (0x00C0006F) jal zero, 12


mem[X,0x80011D40] -> 0x0663
mem[X,0x80011D42] -> 0x00B5
[2028] [M]: 0x80011D40 (0x00B50663) beq a0, a1, 12


mem[X,0x80011D44] -> 0x0113
mem[X,0x80011D46] -> 0x0021
[2029] [M]: 0x80011D44 (0x00210113) addi sp, sp, 2
x2 <- 0x00000002


mem[X,0x80011D48] -> 0x006F
mem[X,0x80011D4A] -> 0x00C0
[2030] [M]: 0x80011D48 (0x00C0006F) jal zero, 12


mem[X,0x80011D54] -> 0xA423
mem[X,0x80011D56] -> 0x3020
[2031] [M]: 0x80011D54 (0x3020A423) sw sp, 776(ra)
mem[0x8003A470] <- 0x00000002


mem[X,0x80011D58] -> 0x6537
mem[X,0x80011D5A] -> 0x6666
[2032] [M]: 0x80011D58 (0x66666537) lui a0, 419430
x10 <- 0x66666000


mem[X,0x80011D5C] -> 0x0513
mem[X,0x80011D5E] -> 0x6665
[2033] [M]: 0x80011D5C (0x66650513) addi a0, a0, 1638
x10 <- 0x66666666


mem[X,0x80011D60] -> 0xB5B7
mem[X,0x80011D62] -> 0x0000
[2034] [M]: 0x80011D60 (0x0000B5B7) lui a1, 11
x11 <- 0x0000B000


mem[X,0x80011D64] -> 0x8593
mem[X,0x80011D66] -> 0x5045
[2035] [M]: 0x80011D64 (0x50458593) addi a1, a1, 1284
x11 <- 0x0000B504


mem[X,0x80011D68] -> 0x0113
mem[X,0x80011D6A] -> 0x0000
[2036] [M]: 0x80011D68 (0x00000113) addi sp, zero, 0
x2 <- 0x00000000


mem[X,0x80011D6C] -> 0x006F
mem[X,0x80011D6E] -> 0x00C0
[2037] [M]: 0x80011D6C (0x00C0006F) jal zero, 12


mem[X,0x80011D78] -> 0x0CE3
mem[X,0x80011D7A] -> 0xFEB5
[2038] [M]: 0x80011D78 (0xFEB50CE3) beq a0, a1, 8184


mem[X,0x80011D7C] -> 0x0113
mem[X,0x80011D7E] -> 0x0021
[2039] [M]: 0x80011D7C (0x00210113) addi sp, sp, 2
x2 <- 0x00000002


mem[X,0x80011D80] -> 0x006F
mem[X,0x80011D82] -> 0x00C0
[2040] [M]: 0x80011D80 (0x00C0006F) jal zero, 12


mem[X,0x80011D8C] -> 0xA623
mem[X,0x80011D8E] -> 0x3020
[2041] [M]: 0x80011D8C (0x3020A623) sw sp, 780(ra)
mem[0x8003A474] <- 0x00000002


mem[X,0x80011D90] -> 0x6537
mem[X,0x80011D92] -> 0x6666
[2042] [M]: 0x80011D90 (0x66666537) lui a0, 419430
x10 <- 0x66666000


mem[X,0x80011D94] -> 0x0513
mem[X,0x80011D96] -> 0x6665
[2043] [M]: 0x80011D94 (0x66650513) addi a0, a0, 1638
x10 <- 0x66666666


mem[X,0x80011D98] -> 0x0593
mem[X,0x80011D9A] -> 0x0020
[2044] [M]: 0x80011D98 (0x00200593) addi a1, zero, 2
x11 <- 0x00000002


mem[X,0x80011D9C] -> 0x0113
mem[X,0x80011D9E] -> 0x0000
[2045] [M]: 0x80011D9C (0x00000113) addi sp, zero, 0
x2 <- 0x00000000


mem[X,0x80011DA0] -> 0x006F
mem[X,0x80011DA2] -> 0x0100
[2046] [M]: 0x80011DA0 (0x0100006F) jal zero, 16


mem[X,0x80011DB0] -> 0x0AE3
mem[X,0x80011DB2] -> 0xFEB5
[2047] [M]: 0x80011DB0 (0xFEB50AE3) beq a0, a1, 8180


mem[X,0x80011DB4] -> 0x0113
mem[X,0x80011DB6] -> 0x0021
[2048] [M]: 0x80011DB4 (0x00210113) addi sp, sp, 2
x2 <- 0x00000002


mem[X,0x80011DB8] -> 0x006F
mem[X,0x80011DBA] -> 0x00C0
[2049] [M]: 0x80011DB8 (0x00C0006F) jal zero, 12


mem[X,0x80011DC4] -> 0xA823
mem[X,0x80011DC6] -> 0x3020
[2050] [M]: 0x80011DC4 (0x3020A823) sw sp, 784(ra)
mem[0x8003A478] <- 0x00000002


mem[X,0x80011DC8] -> 0x6537
mem[X,0x80011DCA] -> 0x6666
[2051] [M]: 0x80011DC8 (0x66666537) lui a0, 419430
x10 <- 0x66666000


mem[X,0x80011DCC] -> 0x0513
mem[X,0x80011DCE] -> 0x6665
[2052] [M]: 0x80011DCC (0x66650513) addi a0, a0, 1638
x10 <- 0x66666666


mem[X,0x80011DD0] -> 0x55B7
mem[X,0x80011DD2] -> 0x5555
[2053] [M]: 0x80011DD0 (0x555555B7) lui a1, 349525
x11 <- 0x55555000


mem[X,0x80011DD4] -> 0x8593
mem[X,0x80011DD6] -> 0x5545
[2054] [M]: 0x80011DD4 (0x55458593) addi a1, a1, 1364
x11 <- 0x55555554


mem[X,0x80011DD8] -> 0x0113
mem[X,0x80011DDA] -> 0x0000
[2055] [M]: 0x80011DD8 (0x00000113) addi sp, zero, 0
x2 <- 0x00000000


mem[X,0x80011DDC] -> 0x006F
mem[X,0x80011DDE] -> 0x00C0
[2056] [M]: 0x80011DDC (0x00C0006F) jal zero, 12


mem[X,0x80011DE8] -> 0x0CE3
mem[X,0x80011DEA] -> 0xFEB5
[2057] [M]: 0x80011DE8 (0xFEB50CE3) beq a0, a1, 8184


mem[X,0x80011DEC] -> 0x0113
mem[X,0x80011DEE] -> 0x0021
[2058] [M]: 0x80011DEC (0x00210113) addi sp, sp, 2
x2 <- 0x00000002


mem[X,0x80011DF0] -> 0x006F
mem[X,0x80011DF2] -> 0x00C0
[2059] [M]: 0x80011DF0 (0x00C0006F) jal zero, 12


mem[X,0x80011DFC] -> 0xAA23
mem[X,0x80011DFE] -> 0x3020
[2060] [M]: 0x80011DFC (0x3020AA23) sw sp, 788(ra)
mem[0x8003A47C] <- 0x00000002


mem[X,0x80011E00] -> 0x6537
mem[X,0x80011E02] -> 0x6666
[2061] [M]: 0x80011E00 (0x66666537) lui a0, 419430
x10 <- 0x66666000


mem[X,0x80011E04] -> 0x0513
mem[X,0x80011E06] -> 0x6665
[2062] [M]: 0x80011E04 (0x66650513) addi a0, a0, 1638
x10 <- 0x66666666


mem[X,0x80011E08] -> 0x0593
mem[X,0x80011E0A] -> 0x0000
[2063] [M]: 0x80011E08 (0x00000593) addi a1, zero, 0
x11 <- 0x00000000


mem[X,0x80011E0C] -> 0x0113
mem[X,0x80011E0E] -> 0x0000
[2064] [M]: 0x80011E0C (0x00000113) addi sp, zero, 0
x2 <- 0x00000000


mem[X,0x80011E10] -> 0x006F
mem[X,0x80011E12] -> 0x00C0
[2065] [M]: 0x80011E10 (0x00C0006F) jal zero, 12


mem[X,0x80011E1C] -> 0x0663
mem[X,0x80011E1E] -> 0x00B5
[2066] [M]: 0x80011E1C (0x00B50663) beq a0, a1, 12


mem[X,0x80011E20] -> 0x0113
mem[X,0x80011E22] -> 0x0021
[2067] [M]: 0x80011E20 (0x00210113) addi sp, sp, 2
x2 <- 0x00000002


mem[X,0x80011E24] -> 0x006F
mem[X,0x80011E26] -> 0x00C0
[2068] [M]: 0x80011E24 (0x00C0006F) jal zero, 12


mem[X,0x80011E30] -> 0xAC23
mem[X,0x80011E32] -> 0x3020
[2069] [M]: 0x80011E30 (0x3020AC23) sw sp, 792(ra)
mem[0x8003A480] <- 0x00000002


mem[X,0x80011E34] -> 0x6537
mem[X,0x80011E36] -> 0x6666
[2070] [M]: 0x80011E34 (0x66666537) lui a0, 419430
x10 <- 0x66666000


mem[X,0x80011E38] -> 0x0513
mem[X,0x80011E3A] -> 0x6665
[2071] [M]: 0x80011E38 (0x66650513) addi a0, a0, 1638
x10 <- 0x66666666


mem[X,0x80011E3C] -> 0x0593
mem[X,0x80011E3E] -> 0x0040
[2072] [M]: 0x80011E3C (0x00400593) addi a1, zero, 4
x11 <- 0x00000004


mem[X,0x80011E40] -> 0x0113
mem[X,0x80011E42] -> 0x0000
[2073] [M]: 0x80011E40 (0x00000113) addi sp, zero, 0
x2 <- 0x00000000


mem[X,0x80011E44] -> 0x006F
mem[X,0x80011E46] -> 0x00C0
[2074] [M]: 0x80011E44 (0x00C0006F) jal zero, 12


mem[X,0x80011E50] -> 0x0063
mem[X,0x80011E52] -> 0x02B5
[2075] [M]: 0x80011E50 (0x02B50063) beq a0, a1, 32


mem[X,0x80011E54] -> 0x0113
mem[X,0x80011E56] -> 0x0021
[2076] [M]: 0x80011E54 (0x00210113) addi sp, sp, 2
x2 <- 0x00000002


mem[X,0x80011E58] -> 0x006F
mem[X,0x80011E5A] -> 0x0200
[2077] [M]: 0x80011E58 (0x0200006F) jal zero, 32


mem[X,0x80011E78] -> 0xAE23
mem[X,0x80011E7A] -> 0x3020
[2078] [M]: 0x80011E78 (0x3020AE23) sw sp, 796(ra)
mem[0x8003A484] <- 0x00000002


mem[X,0x80011E7C] -> 0x6537
mem[X,0x80011E7E] -> 0x6666
[2079] [M]: 0x80011E7C (0x66666537) lui a0, 419430
x10 <- 0x66666000


mem[X,0x80011E80] -> 0x0513
mem[X,0x80011E82] -> 0x6665
[2080] [M]: 0x80011E80 (0x66650513) addi a0, a0, 1638
x10 <- 0x66666666


mem[X,0x80011E84] -> 0x35B7
mem[X,0x80011E86] -> 0x3333
[2081] [M]: 0x80011E84 (0x333335B7) lui a1, 209715
x11 <- 0x33333000


mem[X,0x80011E88] -> 0x8593
mem[X,0x80011E8A] -> 0x3325
[2082] [M]: 0x80011E88 (0x33258593) addi a1, a1, 818
x11 <- 0x33333332


mem[X,0x80011E8C] -> 0x0113
mem[X,0x80011E8E] -> 0x0000
[2083] [M]: 0x80011E8C (0x00000113) addi sp, zero, 0
x2 <- 0x00000000


mem[X,0x80011E90] -> 0x006F
mem[X,0x80011E92] -> 0x00C0
[2084] [M]: 0x80011E90 (0x00C0006F) jal zero, 12


mem[X,0x80011E9C] -> 0x0063
mem[X,0x80011E9E] -> 0x20B5
[2085] [M]: 0x80011E9C (0x20B50063) beq a0, a1, 512


mem[X,0x80011EA0] -> 0x0113
mem[X,0x80011EA2] -> 0x0021
[2086] [M]: 0x80011EA0 (0x00210113) addi sp, sp, 2
x2 <- 0x00000002


mem[X,0x80011EA4] -> 0x006F
mem[X,0x80011EA6] -> 0x2000
[2087] [M]: 0x80011EA4 (0x2000006F) jal zero, 512


mem[X,0x800120A4] -> 0xA023
mem[X,0x800120A6] -> 0x3220
[2088] [M]: 0x800120A4 (0x3220A023) sw sp, 800(ra)
mem[0x8003A488] <- 0x00000002


mem[X,0x800120A8] -> 0x6537
mem[X,0x800120AA] -> 0x6666
[2089] [M]: 0x800120A8 (0x66666537) lui a0, 419430
x10 <- 0x66666000


mem[X,0x800120AC] -> 0x0513
mem[X,0x800120AE] -> 0x6665
[2090] [M]: 0x800120AC (0x66650513) addi a0, a0, 1638
x10 <- 0x66666666


mem[X,0x800120B0] -> 0x65B7
mem[X,0x800120B2] -> 0x6666
[2091] [M]: 0x800120B0 (0x666665B7) lui a1, 419430
x11 <- 0x66666000


mem[X,0x800120B4] -> 0x8593
mem[X,0x800120B6] -> 0x6655
[2092] [M]: 0x800120B4 (0x66558593) addi a1, a1, 1637
x11 <- 0x66666665


mem[X,0x800120B8] -> 0x0113
mem[X,0x800120BA] -> 0x0000
[2093] [M]: 0x800120B8 (0x00000113) addi sp, zero, 0
x2 <- 0x00000000


mem[X,0x800120BC] -> 0x006F
mem[X,0x800120BE] -> 0x00C0
[2094] [M]: 0x800120BC (0x00C0006F) jal zero, 12


mem[X,0x800120C8] -> 0x0663
mem[X,0x800120CA] -> 0x00B5
[2095] [M]: 0x800120C8 (0x00B50663) beq a0, a1, 12


mem[X,0x800120CC] -> 0x0113
mem[X,0x800120CE] -> 0x0021
[2096] [M]: 0x800120CC (0x00210113) addi sp, sp, 2
x2 <- 0x00000002


mem[X,0x800120D0] -> 0x006F
mem[X,0x800120D2] -> 0x00C0
[2097] [M]: 0x800120D0 (0x00C0006F) jal zero, 12


mem[X,0x800120DC] -> 0xA223
mem[X,0x800120DE] -> 0x3220
[2098] [M]: 0x800120DC (0x3220A223) sw sp, 804(ra)
mem[0x8003A48C] <- 0x00000002


mem[X,0x800120E0] -> 0x6537
mem[X,0x800120E2] -> 0x6666
[2099] [M]: 0x800120E0 (0x66666537) lui a0, 419430
x10 <- 0x66666000


clint::tick mtime <- 0x0000000000000015
 clint timer pending at mtime 0x0000000000000015
htif::tick 0x0000000000000000
mem[X,0x800120E4] -> 0x0513
mem[X,0x800120E6] -> 0x6665
[2100] [M]: 0x800120E4 (0x66650513) addi a0, a0, 1638
x10 <- 0x66666666


mem[X,0x800120E8] -> 0xB5B7
mem[X,0x800120EA] -> 0x0000
[2101] [M]: 0x800120E8 (0x0000B5B7) lui a1, 11
x11 <- 0x0000B000


mem[X,0x800120EC] -> 0x8593
mem[X,0x800120EE] -> 0x5035
[2102] [M]: 0x800120EC (0x50358593) addi a1, a1, 1283
x11 <- 0x0000B503


mem[X,0x800120F0] -> 0x0113
mem[X,0x800120F2] -> 0x0000
[2103] [M]: 0x800120F0 (0x00000113) addi sp, zero, 0
x2 <- 0x00000000


mem[X,0x800120F4] -> 0x006F
mem[X,0x800120F6] -> 0x00C0
[2104] [M]: 0x800120F4 (0x00C0006F) jal zero, 12


mem[X,0x80012100] -> 0x0663
mem[X,0x80012102] -> 0x00B5
[2105] [M]: 0x80012100 (0x00B50663) beq a0, a1, 12


mem[X,0x80012104] -> 0x0113
mem[X,0x80012106] -> 0x0021
[2106] [M]: 0x80012104 (0x00210113) addi sp, sp, 2
x2 <- 0x00000002


mem[X,0x80012108] -> 0x006F
mem[X,0x8001210A] -> 0x00C0
[2107] [M]: 0x80012108 (0x00C0006F) jal zero, 12


mem[X,0x80012114] -> 0xA423
mem[X,0x80012116] -> 0x3220
[2108] [M]: 0x80012114 (0x3220A423) sw sp, 808(ra)
mem[0x8003A490] <- 0x00000002


mem[X,0x80012118] -> 0x6537
mem[X,0x8001211A] -> 0x6666
[2109] [M]: 0x80012118 (0x66666537) lui a0, 419430
x10 <- 0x66666000


mem[X,0x8001211C] -> 0x0513
mem[X,0x8001211E] -> 0x6665
[2110] [M]: 0x8001211C (0x66650513) addi a0, a0, 1638
x10 <- 0x66666666


mem[X,0x80012120] -> 0x55B7
mem[X,0x80012122] -> 0x5555
[2111] [M]: 0x80012120 (0x555555B7) lui a1, 349525
x11 <- 0x55555000


mem[X,0x80012124] -> 0x8593
mem[X,0x80012126] -> 0x5565
[2112] [M]: 0x80012124 (0x55658593) addi a1, a1, 1366
x11 <- 0x55555556


mem[X,0x80012128] -> 0x0113
mem[X,0x8001212A] -> 0x0000
[2113] [M]: 0x80012128 (0x00000113) addi sp, zero, 0
x2 <- 0x00000000


mem[X,0x8001212C] -> 0x006F
mem[X,0x8001212E] -> 0x2B10
[2114] [M]: 0x8001212C (0x2B10006F) jal zero, 2736


mem[X,0x80012BDC] -> 0x0A63
mem[X,0x80012BDE] -> 0xD4B5
[2115] [M]: 0x80012BDC (0xD4B50A63) beq a0, a1, 5460


mem[X,0x80012BE0] -> 0x0113
mem[X,0x80012BE2] -> 0x0021
[2116] [M]: 0x80012BE0 (0x00210113) addi sp, sp, 2
x2 <- 0x00000002


mem[X,0x80012BE4] -> 0x006F
mem[X,0x80012BE6] -> 0x00C0
[2117] [M]: 0x80012BE4 (0x00C0006F) jal zero, 12


mem[X,0x80012BF0] -> 0xA623
mem[X,0x80012BF2] -> 0x3220
[2118] [M]: 0x80012BF0 (0x3220A623) sw sp, 812(ra)
mem[0x8003A494] <- 0x00000002


mem[X,0x80012BF4] -> 0x6537
mem[X,0x80012BF6] -> 0x6666
[2119] [M]: 0x80012BF4 (0x66666537) lui a0, 419430
x10 <- 0x66666000


mem[X,0x80012BF8] -> 0x0513
mem[X,0x80012BFA] -> 0x6665
[2120] [M]: 0x80012BF8 (0x66650513) addi a0, a0, 1638
x10 <- 0x66666666


mem[X,0x80012BFC] -> 0xB5B7
mem[X,0x80012BFE] -> 0xAAAA
[2121] [M]: 0x80012BFC (0xAAAAB5B7) lui a1, 699051
x11 <- 0xAAAAB000


mem[X,0x80012C00] -> 0x8593
mem[X,0x80012C02] -> 0xAAB5
[2122] [M]: 0x80012C00 (0xAAB58593) addi a1, a1, 2731
x11 <- 0xAAAAAAAB


mem[X,0x80012C04] -> 0x0113
mem[X,0x80012C06] -> 0x0000
[2123] [M]: 0x80012C04 (0x00000113) addi sp, zero, 0
x2 <- 0x00000000


mem[X,0x80012C08] -> 0x006F
mem[X,0x80012C0A] -> 0x00C0
[2124] [M]: 0x80012C08 (0x00C0006F) jal zero, 12


mem[X,0x80012C14] -> 0x0663
mem[X,0x80012C16] -> 0x00B5
[2125] [M]: 0x80012C14 (0x00B50663) beq a0, a1, 12


mem[X,0x80012C18] -> 0x0113
mem[X,0x80012C1A] -> 0x0021
[2126] [M]: 0x80012C18 (0x00210113) addi sp, sp, 2
x2 <- 0x00000002


mem[X,0x80012C1C] -> 0x006F
mem[X,0x80012C1E] -> 0x00C0
[2127] [M]: 0x80012C1C (0x00C0006F) jal zero, 12


mem[X,0x80012C28] -> 0xA823
mem[X,0x80012C2A] -> 0x3220
[2128] [M]: 0x80012C28 (0x3220A823) sw sp, 816(ra)
mem[0x8003A498] <- 0x00000002


mem[X,0x80012C2C] -> 0x6537
mem[X,0x80012C2E] -> 0x6666
[2129] [M]: 0x80012C2C (0x66666537) lui a0, 419430
x10 <- 0x66666000


mem[X,0x80012C30] -> 0x0513
mem[X,0x80012C32] -> 0x6665
[2130] [M]: 0x80012C30 (0x66650513) addi a0, a0, 1638
x10 <- 0x66666666


mem[X,0x80012C34] -> 0x0593
mem[X,0x80012C36] -> 0x0060
[2131] [M]: 0x80012C34 (0x00600593) addi a1, zero, 6
x11 <- 0x00000006


mem[X,0x80012C38] -> 0x0113
mem[X,0x80012C3A] -> 0x0000
[2132] [M]: 0x80012C38 (0x00000113) addi sp, zero, 0
x2 <- 0x00000000


mem[X,0x80012C3C] -> 0x006F
mem[X,0x80012C3E] -> 0x0140
[2133] [M]: 0x80012C3C (0x0140006F) jal zero, 20


mem[X,0x80012C50] -> 0x08E3
mem[X,0x80012C52] -> 0xFEB5
[2134] [M]: 0x80012C50 (0xFEB508E3) beq a0, a1, 8176


mem[X,0x80012C54] -> 0x0113
mem[X,0x80012C56] -> 0x0021
[2135] [M]: 0x80012C54 (0x00210113) addi sp, sp, 2
x2 <- 0x00000002


mem[X,0x80012C58] -> 0x006F
mem[X,0x80012C5A] -> 0x00C0
[2136] [M]: 0x80012C58 (0x00C0006F) jal zero, 12


mem[X,0x80012C64] -> 0xAA23
mem[X,0x80012C66] -> 0x3220
[2137] [M]: 0x80012C64 (0x3220AA23) sw sp, 820(ra)
mem[0x8003A49C] <- 0x00000002


mem[X,0x80012C68] -> 0x6537
mem[X,0x80012C6A] -> 0x6666
[2138] [M]: 0x80012C68 (0x66666537) lui a0, 419430
x10 <- 0x66666000


mem[X,0x80012C6C] -> 0x0513
mem[X,0x80012C6E] -> 0x6665
[2139] [M]: 0x80012C6C (0x66650513) addi a0, a0, 1638
x10 <- 0x66666666


mem[X,0x80012C70] -> 0x35B7
mem[X,0x80012C72] -> 0x3333
[2140] [M]: 0x80012C70 (0x333335B7) lui a1, 209715
x11 <- 0x33333000


mem[X,0x80012C74] -> 0x8593
mem[X,0x80012C76] -> 0x3345
[2141] [M]: 0x80012C74 (0x33458593) addi a1, a1, 820
x11 <- 0x33333334


mem[X,0x80012C78] -> 0x0113
mem[X,0x80012C7A] -> 0x0000
[2142] [M]: 0x80012C78 (0x00000113) addi sp, zero, 0
x2 <- 0x00000000


mem[X,0x80012C7C] -> 0x006F
mem[X,0x80012C7E] -> 0x00C0
[2143] [M]: 0x80012C7C (0x00C0006F) jal zero, 12


mem[X,0x80012C88] -> 0x0063
mem[X,0x80012C8A] -> 0x40B5
[2144] [M]: 0x80012C88 (0x40B50063) beq a0, a1, 1024


mem[X,0x80012C8C] -> 0x0113
mem[X,0x80012C8E] -> 0x0021
[2145] [M]: 0x80012C8C (0x00210113) addi sp, sp, 2
x2 <- 0x00000002


mem[X,0x80012C90] -> 0x006F
mem[X,0x80012C92] -> 0x4000
[2146] [M]: 0x80012C90 (0x4000006F) jal zero, 1024


mem[X,0x80013090] -> 0xAC23
mem[X,0x80013092] -> 0x3220
[2147] [M]: 0x80013090 (0x3220AC23) sw sp, 824(ra)
mem[0x8003A4A0] <- 0x00000002


mem[X,0x80013094] -> 0x6537
mem[X,0x80013096] -> 0x6666
[2148] [M]: 0x80013094 (0x66666537) lui a0, 419430
x10 <- 0x66666000


mem[X,0x80013098] -> 0x0513
mem[X,0x8001309A] -> 0x6665
[2149] [M]: 0x80013098 (0x66650513) addi a0, a0, 1638
x10 <- 0x66666666


mem[X,0x8001309C] -> 0x65B7
mem[X,0x8001309E] -> 0x6666
[2150] [M]: 0x8001309C (0x666665B7) lui a1, 419430
x11 <- 0x66666000


mem[X,0x800130A0] -> 0x8593
mem[X,0x800130A2] -> 0x6675
[2151] [M]: 0x800130A0 (0x66758593) addi a1, a1, 1639
x11 <- 0x66666667


mem[X,0x800130A4] -> 0x0113
mem[X,0x800130A6] -> 0x0000
[2152] [M]: 0x800130A4 (0x00000113) addi sp, zero, 0
x2 <- 0x00000000


mem[X,0x800130A8] -> 0x006F
mem[X,0x800130AA] -> 0x00C0
[2153] [M]: 0x800130A8 (0x00C0006F) jal zero, 12


mem[X,0x800130B4] -> 0x0063
mem[X,0x800130B6] -> 0x10B5
[2154] [M]: 0x800130B4 (0x10B50063) beq a0, a1, 256


mem[X,0x800130B8] -> 0x0113
mem[X,0x800130BA] -> 0x0021
[2155] [M]: 0x800130B8 (0x00210113) addi sp, sp, 2
x2 <- 0x00000002


mem[X,0x800130BC] -> 0x006F
mem[X,0x800130BE] -> 0x1000
[2156] [M]: 0x800130BC (0x1000006F) jal zero, 256


mem[X,0x800131BC] -> 0xAE23
mem[X,0x800131BE] -> 0x3220
[2157] [M]: 0x800131BC (0x3220AE23) sw sp, 828(ra)
mem[0x8003A4A4] <- 0x00000002


mem[X,0x800131C0] -> 0x6537
mem[X,0x800131C2] -> 0x6666
[2158] [M]: 0x800131C0 (0x66666537) lui a0, 419430
x10 <- 0x66666000


mem[X,0x800131C4] -> 0x0513
mem[X,0x800131C6] -> 0x6665
[2159] [M]: 0x800131C4 (0x66650513) addi a0, a0, 1638
x10 <- 0x66666666


mem[X,0x800131C8] -> 0x55B7
mem[X,0x800131CA] -> 0xFFFF
[2160] [M]: 0x800131C8 (0xFFFF55B7) lui a1, 1048565
x11 <- 0xFFFF5000


mem[X,0x800131CC] -> 0x8593
mem[X,0x800131CE] -> 0xAFD5
[2161] [M]: 0x800131CC (0xAFD58593) addi a1, a1, 2813
x11 <- 0xFFFF4AFD


mem[X,0x800131D0] -> 0x0113
mem[X,0x800131D2] -> 0x0000
[2162] [M]: 0x800131D0 (0x00000113) addi sp, zero, 0
x2 <- 0x00000000


mem[X,0x800131D4] -> 0x006F
mem[X,0x800131D6] -> 0x00C0
[2163] [M]: 0x800131D4 (0x00C0006F) jal zero, 12


mem[X,0x800131E0] -> 0x0063
mem[X,0x800131E2] -> 0x02B5
[2164] [M]: 0x800131E0 (0x02B50063) beq a0, a1, 32


mem[X,0x800131E4] -> 0x0113
mem[X,0x800131E6] -> 0x0021
[2165] [M]: 0x800131E4 (0x00210113) addi sp, sp, 2
x2 <- 0x00000002


mem[X,0x800131E8] -> 0x006F
mem[X,0x800131EA] -> 0x0200
[2166] [M]: 0x800131E8 (0x0200006F) jal zero, 32


mem[X,0x80013208] -> 0xA023
mem[X,0x8001320A] -> 0x3420
[2167] [M]: 0x80013208 (0x3420A023) sw sp, 832(ra)
mem[0x8003A4A8] <- 0x00000002


mem[X,0x8001320C] -> 0x6537
mem[X,0x8001320E] -> 0x6666
[2168] [M]: 0x8001320C (0x66666537) lui a0, 419430
x10 <- 0x66666000


mem[X,0x80013210] -> 0x0513
mem[X,0x80013212] -> 0x6665
[2169] [M]: 0x80013210 (0x66650513) addi a0, a0, 1638
x10 <- 0x66666666


mem[X,0x80013214] -> 0xB5B7
mem[X,0x80013216] -> 0x0000
[2170] [M]: 0x80013214 (0x0000B5B7) lui a1, 11
x11 <- 0x0000B000


mem[X,0x80013218] -> 0x8593
mem[X,0x8001321A] -> 0x5055
[2171] [M]: 0x80013218 (0x50558593) addi a1, a1, 1285
x11 <- 0x0000B505


mem[X,0x8001321C] -> 0x0113
mem[X,0x8001321E] -> 0x0000
[2172] [M]: 0x8001321C (0x00000113) addi sp, zero, 0
x2 <- 0x00000000


mem[X,0x80013220] -> 0x006F
mem[X,0x80013222] -> 0x00C0
[2173] [M]: 0x80013220 (0x00C0006F) jal zero, 12


mem[X,0x8001322C] -> 0x0063
mem[X,0x8001322E] -> 0x40B5
[2174] [M]: 0x8001322C (0x40B50063) beq a0, a1, 1024


mem[X,0x80013230] -> 0x0113
mem[X,0x80013232] -> 0x0021
[2175] [M]: 0x80013230 (0x00210113) addi sp, sp, 2
x2 <- 0x00000002


mem[X,0x80013234] -> 0x006F
mem[X,0x80013236] -> 0x4000
[2176] [M]: 0x80013234 (0x4000006F) jal zero, 1024


mem[X,0x80013634] -> 0xA223
mem[X,0x80013636] -> 0x3420
[2177] [M]: 0x80013634 (0x3420A223) sw sp, 836(ra)
mem[0x8003A4AC] <- 0x00000002


mem[X,0x80013638] -> 0x5537
mem[X,0x8001363A] -> 0xFFFF
[2178] [M]: 0x80013638 (0xFFFF5537) lui a0, 1048565
x10 <- 0xFFFF5000


mem[X,0x8001363C] -> 0x0513
mem[X,0x8001363E] -> 0xAFC5
[2179] [M]: 0x8001363C (0xAFC50513) addi a0, a0, 2812
x10 <- 0xFFFF4AFC


mem[X,0x80013640] -> 0x0593
mem[X,0x80013642] -> 0x0030
[2180] [M]: 0x80013640 (0x00300593) addi a1, zero, 3
x11 <- 0x00000003


mem[X,0x80013644] -> 0x0113
mem[X,0x80013646] -> 0x0000
[2181] [M]: 0x80013644 (0x00000113) addi sp, zero, 0
x2 <- 0x00000000


mem[X,0x80013648] -> 0x006F
mem[X,0x8001364A] -> 0x00C0
[2182] [M]: 0x80013648 (0x00C0006F) jal zero, 12


mem[X,0x80013654] -> 0x0663
mem[X,0x80013656] -> 0x00B5
[2183] [M]: 0x80013654 (0x00B50663) beq a0, a1, 12


mem[X,0x80013658] -> 0x0113
mem[X,0x8001365A] -> 0x0021
[2184] [M]: 0x80013658 (0x00210113) addi sp, sp, 2
x2 <- 0x00000002


mem[X,0x8001365C] -> 0x006F
mem[X,0x8001365E] -> 0x00C0
[2185] [M]: 0x8001365C (0x00C0006F) jal zero, 12


mem[X,0x80013668] -> 0xA423
mem[X,0x8001366A] -> 0x3420
[2186] [M]: 0x80013668 (0x3420A423) sw sp, 840(ra)
mem[0x8003A4B0] <- 0x00000002


mem[X,0x8001366C] -> 0x5537
mem[X,0x8001366E] -> 0xFFFF
[2187] [M]: 0x8001366C (0xFFFF5537) lui a0, 1048565
x10 <- 0xFFFF5000


mem[X,0x80013670] -> 0x0513
mem[X,0x80013672] -> 0xAFC5
[2188] [M]: 0x80013670 (0xAFC50513) addi a0, a0, 2812
x10 <- 0xFFFF4AFC


mem[X,0x80013674] -> 0x55B7
mem[X,0x80013676] -> 0x5555
[2189] [M]: 0x80013674 (0x555555B7) lui a1, 349525
x11 <- 0x55555000


mem[X,0x80013678] -> 0x8593
mem[X,0x8001367A] -> 0x5555
[2190] [M]: 0x80013678 (0x55558593) addi a1, a1, 1365
x11 <- 0x55555555


mem[X,0x8001367C] -> 0x0113
mem[X,0x8001367E] -> 0x0000
[2191] [M]: 0x8001367C (0x00000113) addi sp, zero, 0
x2 <- 0x00000000


mem[X,0x80013680] -> 0x006F
mem[X,0x80013682] -> 0x2B10
[2192] [M]: 0x80013680 (0x2B10006F) jal zero, 2736


mem[X,0x80014130] -> 0x0A63
mem[X,0x80014132] -> 0xD4B5
[2193] [M]: 0x80014130 (0xD4B50A63) beq a0, a1, 5460


mem[X,0x80014134] -> 0x0113
mem[X,0x80014136] -> 0x0021
[2194] [M]: 0x80014134 (0x00210113) addi sp, sp, 2
x2 <- 0x00000002


mem[X,0x80014138] -> 0x006F
mem[X,0x8001413A] -> 0x00C0
[2195] [M]: 0x80014138 (0x00C0006F) jal zero, 12


mem[X,0x80014144] -> 0xA623
mem[X,0x80014146] -> 0x3420
[2196] [M]: 0x80014144 (0x3420A623) sw sp, 844(ra)
mem[0x8003A4B4] <- 0x00000002


mem[X,0x80014148] -> 0x5537
mem[X,0x8001414A] -> 0xFFFF
[2197] [M]: 0x80014148 (0xFFFF5537) lui a0, 1048565
x10 <- 0xFFFF5000


mem[X,0x8001414C] -> 0x0513
mem[X,0x8001414E] -> 0xAFC5
[2198] [M]: 0x8001414C (0xAFC50513) addi a0, a0, 2812
x10 <- 0xFFFF4AFC


mem[X,0x80014150] -> 0xB5B7
mem[X,0x80014152] -> 0xAAAA
[2199] [M]: 0x80014150 (0xAAAAB5B7) lui a1, 699051
x11 <- 0xAAAAB000


clint::tick mtime <- 0x0000000000000016
 clint timer pending at mtime 0x0000000000000016
htif::tick 0x0000000000000000
mem[X,0x80014154] -> 0x8593
mem[X,0x80014156] -> 0xAAA5
[2200] [M]: 0x80014154 (0xAAA58593) addi a1, a1, 2730
x11 <- 0xAAAAAAAA


mem[X,0x80014158] -> 0x0113
mem[X,0x8001415A] -> 0x0000
[2201] [M]: 0x80014158 (0x00000113) addi sp, zero, 0
x2 <- 0x00000000


mem[X,0x8001415C] -> 0x006F
mem[X,0x8001415E] -> 0x00C0
[2202] [M]: 0x8001415C (0x00C0006F) jal zero, 12


mem[X,0x80014168] -> 0x0063
mem[X,0x8001416A] -> 0x20B5
[2203] [M]: 0x80014168 (0x20B50063) beq a0, a1, 512


mem[X,0x8001416C] -> 0x0113
mem[X,0x8001416E] -> 0x0021
[2204] [M]: 0x8001416C (0x00210113) addi sp, sp, 2
x2 <- 0x00000002


mem[X,0x80014170] -> 0x006F
mem[X,0x80014172] -> 0x2000
[2205] [M]: 0x80014170 (0x2000006F) jal zero, 512


mem[X,0x80014370] -> 0xA823
mem[X,0x80014372] -> 0x3420
[2206] [M]: 0x80014370 (0x3420A823) sw sp, 848(ra)
mem[0x8003A4B8] <- 0x00000002


mem[X,0x80014374] -> 0x5537
mem[X,0x80014376] -> 0xFFFF
[2207] [M]: 0x80014374 (0xFFFF5537) lui a0, 1048565
x10 <- 0xFFFF5000


mem[X,0x80014378] -> 0x0513
mem[X,0x8001437A] -> 0xAFC5
[2208] [M]: 0x80014378 (0xAFC50513) addi a0, a0, 2812
x10 <- 0xFFFF4AFC


mem[X,0x8001437C] -> 0x0593
mem[X,0x8001437E] -> 0x0050
[2209] [M]: 0x8001437C (0x00500593) addi a1, zero, 5
x11 <- 0x00000005


mem[X,0x80014380] -> 0x0113
mem[X,0x80014382] -> 0x0000
[2210] [M]: 0x80014380 (0x00000113) addi sp, zero, 0
x2 <- 0x00000000


mem[X,0x80014384] -> 0x006F
mem[X,0x80014386] -> 0x0100
[2211] [M]: 0x80014384 (0x0100006F) jal zero, 16


mem[X,0x80014394] -> 0x0AE3
mem[X,0x80014396] -> 0xFEB5
[2212] [M]: 0x80014394 (0xFEB50AE3) beq a0, a1, 8180


mem[X,0x80014398] -> 0x0113
mem[X,0x8001439A] -> 0x0021
[2213] [M]: 0x80014398 (0x00210113) addi sp, sp, 2
x2 <- 0x00000002


mem[X,0x8001439C] -> 0x006F
mem[X,0x8001439E] -> 0x00C0
[2214] [M]: 0x8001439C (0x00C0006F) jal zero, 12


mem[X,0x800143A8] -> 0xAA23
mem[X,0x800143AA] -> 0x3420
[2215] [M]: 0x800143A8 (0x3420AA23) sw sp, 852(ra)
mem[0x8003A4BC] <- 0x00000002


mem[X,0x800143AC] -> 0x5537
mem[X,0x800143AE] -> 0xFFFF
[2216] [M]: 0x800143AC (0xFFFF5537) lui a0, 1048565
x10 <- 0xFFFF5000


mem[X,0x800143B0] -> 0x0513
mem[X,0x800143B2] -> 0xAFC5
[2217] [M]: 0x800143B0 (0xAFC50513) addi a0, a0, 2812
x10 <- 0xFFFF4AFC


mem[X,0x800143B4] -> 0x35B7
mem[X,0x800143B6] -> 0x3333
[2218] [M]: 0x800143B4 (0x333335B7) lui a1, 209715
x11 <- 0x33333000


mem[X,0x800143B8] -> 0x8593
mem[X,0x800143BA] -> 0x3335
[2219] [M]: 0x800143B8 (0x33358593) addi a1, a1, 819
x11 <- 0x33333333


mem[X,0x800143BC] -> 0x0113
mem[X,0x800143BE] -> 0x0000
[2220] [M]: 0x800143BC (0x00000113) addi sp, zero, 0
x2 <- 0x00000000


mem[X,0x800143C0] -> 0x006F
mem[X,0x800143C2] -> 0x0180
[2221] [M]: 0x800143C0 (0x0180006F) jal zero, 24


mem[X,0x800143D8] -> 0x06E3
mem[X,0x800143DA] -> 0xFEB5
[2222] [M]: 0x800143D8 (0xFEB506E3) beq a0, a1, 8172


mem[X,0x800143DC] -> 0x0113
mem[X,0x800143DE] -> 0x0021
[2223] [M]: 0x800143DC (0x00210113) addi sp, sp, 2
x2 <- 0x00000002


mem[X,0x800143E0] -> 0x006F
mem[X,0x800143E2] -> 0x00C0
[2224] [M]: 0x800143E0 (0x00C0006F) jal zero, 12


mem[X,0x800143EC] -> 0xAC23
mem[X,0x800143EE] -> 0x3420
[2225] [M]: 0x800143EC (0x3420AC23) sw sp, 856(ra)
mem[0x8003A4C0] <- 0x00000002


mem[X,0x800143F0] -> 0x5537
mem[X,0x800143F2] -> 0xFFFF
[2226] [M]: 0x800143F0 (0xFFFF5537) lui a0, 1048565
x10 <- 0xFFFF5000


mem[X,0x800143F4] -> 0x0513
mem[X,0x800143F6] -> 0xAFC5
[2227] [M]: 0x800143F4 (0xAFC50513) addi a0, a0, 2812
x10 <- 0xFFFF4AFC


mem[X,0x800143F8] -> 0x65B7
mem[X,0x800143FA] -> 0x6666
[2228] [M]: 0x800143F8 (0x666665B7) lui a1, 419430
x11 <- 0x66666000


mem[X,0x800143FC] -> 0x8593
mem[X,0x800143FE] -> 0x6665
[2229] [M]: 0x800143FC (0x66658593) addi a1, a1, 1638
x11 <- 0x66666666


mem[X,0x80014400] -> 0x0113
mem[X,0x80014402] -> 0x0000
[2230] [M]: 0x80014400 (0x00000113) addi sp, zero, 0
x2 <- 0x00000000


mem[X,0x80014404] -> 0x006F
mem[X,0x80014406] -> 0x00C0
[2231] [M]: 0x80014404 (0x00C0006F) jal zero, 12


mem[X,0x80014410] -> 0x0663
mem[X,0x80014412] -> 0x00B5
[2232] [M]: 0x80014410 (0x00B50663) beq a0, a1, 12


mem[X,0x80014414] -> 0x0113
mem[X,0x80014416] -> 0x0021
[2233] [M]: 0x80014414 (0x00210113) addi sp, sp, 2
x2 <- 0x00000002


mem[X,0x80014418] -> 0x006F
mem[X,0x8001441A] -> 0x00C0
[2234] [M]: 0x80014418 (0x00C0006F) jal zero, 12


mem[X,0x80014424] -> 0xAE23
mem[X,0x80014426] -> 0x3420
[2235] [M]: 0x80014424 (0x3420AE23) sw sp, 860(ra)
mem[0x8003A4C4] <- 0x00000002


mem[X,0x80014428] -> 0x5537
mem[X,0x8001442A] -> 0xFFFF
[2236] [M]: 0x80014428 (0xFFFF5537) lui a0, 1048565
x10 <- 0xFFFF5000


mem[X,0x8001442C] -> 0x0513
mem[X,0x8001442E] -> 0xAFC5
[2237] [M]: 0x8001442C (0xAFC50513) addi a0, a0, 2812
x10 <- 0xFFFF4AFC


mem[X,0x80014430] -> 0x55B7
mem[X,0x80014432] -> 0xFFFF
[2238] [M]: 0x80014430 (0xFFFF55B7) lui a1, 1048565
x11 <- 0xFFFF5000


mem[X,0x80014434] -> 0x8593
mem[X,0x80014436] -> 0xAFC5
[2239] [M]: 0x80014434 (0xAFC58593) addi a1, a1, 2812
x11 <- 0xFFFF4AFC


mem[X,0x80014438] -> 0x0113
mem[X,0x8001443A] -> 0x0000
[2240] [M]: 0x80014438 (0x00000113) addi sp, zero, 0
x2 <- 0x00000000


mem[X,0x8001443C] -> 0x006F
mem[X,0x8001443E] -> 0x00C0
[2241] [M]: 0x8001443C (0x00C0006F) jal zero, 12


mem[X,0x80014448] -> 0x0663
mem[X,0x8001444A] -> 0x00B5
[2242] [M]: 0x80014448 (0x00B50663) beq a0, a1, 12


mem[X,0x80014454] -> 0x0113
mem[X,0x80014456] -> 0x0031
[2243] [M]: 0x80014454 (0x00310113) addi sp, sp, 3
x2 <- 0x00000003


mem[X,0x80014458] -> 0x006F
mem[X,0x8001445A] -> 0x0040
[2244] [M]: 0x80014458 (0x0040006F) jal zero, 4


mem[X,0x8001445C] -> 0xA023
mem[X,0x8001445E] -> 0x3620
[2245] [M]: 0x8001445C (0x3620A023) sw sp, 864(ra)
mem[0x8003A4C8] <- 0x00000003


mem[X,0x80014460] -> 0x5537
mem[X,0x80014462] -> 0xFFFF
[2246] [M]: 0x80014460 (0xFFFF5537) lui a0, 1048565
x10 <- 0xFFFF5000


mem[X,0x80014464] -> 0x0513
mem[X,0x80014466] -> 0xAFC5
[2247] [M]: 0x80014464 (0xAFC50513) addi a0, a0, 2812
x10 <- 0xFFFF4AFC


mem[X,0x80014468] -> 0xB5B7
mem[X,0x8001446A] -> 0x0000
[2248] [M]: 0x80014468 (0x0000B5B7) lui a1, 11
x11 <- 0x0000B000


mem[X,0x8001446C] -> 0x8593
mem[X,0x8001446E] -> 0x5045
[2249] [M]: 0x8001446C (0x50458593) addi a1, a1, 1284
x11 <- 0x0000B504


mem[X,0x80014470] -> 0x0113
mem[X,0x80014472] -> 0x0000
[2250] [M]: 0x80014470 (0x00000113) addi sp, zero, 0
x2 <- 0x00000000


mem[X,0x80014474] -> 0x006F
mem[X,0x80014476] -> 0x00C0
[2251] [M]: 0x80014474 (0x00C0006F) jal zero, 12


mem[X,0x80014480] -> 0x0CE3
mem[X,0x80014482] -> 0xFEB5
[2252] [M]: 0x80014480 (0xFEB50CE3) beq a0, a1, 8184


mem[X,0x80014484] -> 0x0113
mem[X,0x80014486] -> 0x0021
[2253] [M]: 0x80014484 (0x00210113) addi sp, sp, 2
x2 <- 0x00000002


mem[X,0x80014488] -> 0x006F
mem[X,0x8001448A] -> 0x00C0
[2254] [M]: 0x80014488 (0x00C0006F) jal zero, 12


mem[X,0x80014494] -> 0xA223
mem[X,0x80014496] -> 0x3620
[2255] [M]: 0x80014494 (0x3620A223) sw sp, 868(ra)
mem[0x8003A4CC] <- 0x00000002


mem[X,0x80014498] -> 0x5537
mem[X,0x8001449A] -> 0xFFFF
[2256] [M]: 0x80014498 (0xFFFF5537) lui a0, 1048565
x10 <- 0xFFFF5000


mem[X,0x8001449C] -> 0x0513
mem[X,0x8001449E] -> 0xAFC5
[2257] [M]: 0x8001449C (0xAFC50513) addi a0, a0, 2812
x10 <- 0xFFFF4AFC


mem[X,0x800144A0] -> 0x0593
mem[X,0x800144A2] -> 0x0020
[2258] [M]: 0x800144A0 (0x00200593) addi a1, zero, 2
x11 <- 0x00000002


mem[X,0x800144A4] -> 0x0113
mem[X,0x800144A6] -> 0x0000
[2259] [M]: 0x800144A4 (0x00000113) addi sp, zero, 0
x2 <- 0x00000000


mem[X,0x800144A8] -> 0x006F
mem[X,0x800144AA] -> 0x00C0
[2260] [M]: 0x800144A8 (0x00C0006F) jal zero, 12


mem[X,0x800144B4] -> 0x0063
mem[X,0x800144B6] -> 0x04B5
[2261] [M]: 0x800144B4 (0x04B50063) beq a0, a1, 64


mem[X,0x800144B8] -> 0x0113
mem[X,0x800144BA] -> 0x0021
[2262] [M]: 0x800144B8 (0x00210113) addi sp, sp, 2
x2 <- 0x00000002


mem[X,0x800144BC] -> 0x006F
mem[X,0x800144BE] -> 0x0400
[2263] [M]: 0x800144BC (0x0400006F) jal zero, 64


mem[X,0x800144FC] -> 0xA423
mem[X,0x800144FE] -> 0x3620
[2264] [M]: 0x800144FC (0x3620A423) sw sp, 872(ra)
mem[0x8003A4D0] <- 0x00000002


mem[X,0x80014500] -> 0x5537
mem[X,0x80014502] -> 0xFFFF
[2265] [M]: 0x80014500 (0xFFFF5537) lui a0, 1048565
x10 <- 0xFFFF5000


mem[X,0x80014504] -> 0x0513
mem[X,0x80014506] -> 0xAFC5
[2266] [M]: 0x80014504 (0xAFC50513) addi a0, a0, 2812
x10 <- 0xFFFF4AFC


mem[X,0x80014508] -> 0x55B7
mem[X,0x8001450A] -> 0x5555
[2267] [M]: 0x80014508 (0x555555B7) lui a1, 349525
x11 <- 0x55555000


mem[X,0x8001450C] -> 0x8593
mem[X,0x8001450E] -> 0x5545
[2268] [M]: 0x8001450C (0x55458593) addi a1, a1, 1364
x11 <- 0x55555554


mem[X,0x80014510] -> 0x0113
mem[X,0x80014512] -> 0x0000
[2269] [M]: 0x80014510 (0x00000113) addi sp, zero, 0
x2 <- 0x00000000


mem[X,0x80014514] -> 0x006F
mem[X,0x80014516] -> 0x00C0
[2270] [M]: 0x80014514 (0x00C0006F) jal zero, 12


mem[X,0x80014520] -> 0x0063
mem[X,0x80014522] -> 0x08B5
[2271] [M]: 0x80014520 (0x08B50063) beq a0, a1, 128


mem[X,0x80014524] -> 0x0113
mem[X,0x80014526] -> 0x0021
[2272] [M]: 0x80014524 (0x00210113) addi sp, sp, 2
x2 <- 0x00000002


mem[X,0x80014528] -> 0x006F
mem[X,0x8001452A] -> 0x0800
[2273] [M]: 0x80014528 (0x0800006F) jal zero, 128


mem[X,0x800145A8] -> 0xA623
mem[X,0x800145AA] -> 0x3620
[2274] [M]: 0x800145A8 (0x3620A623) sw sp, 876(ra)
mem[0x8003A4D4] <- 0x00000002


mem[X,0x800145AC] -> 0x5537
mem[X,0x800145AE] -> 0xFFFF
[2275] [M]: 0x800145AC (0xFFFF5537) lui a0, 1048565
x10 <- 0xFFFF5000


mem[X,0x800145B0] -> 0x0513
mem[X,0x800145B2] -> 0xAFC5
[2276] [M]: 0x800145B0 (0xAFC50513) addi a0, a0, 2812
x10 <- 0xFFFF4AFC


mem[X,0x800145B4] -> 0x0593
mem[X,0x800145B6] -> 0x0000
[2277] [M]: 0x800145B4 (0x00000593) addi a1, zero, 0
x11 <- 0x00000000


mem[X,0x800145B8] -> 0x0113
mem[X,0x800145BA] -> 0x0000
[2278] [M]: 0x800145B8 (0x00000113) addi sp, zero, 0
x2 <- 0x00000000


mem[X,0x800145BC] -> 0x006F
mem[X,0x800145BE] -> 0x0050
[2279] [M]: 0x800145BC (0x0050006F) jal zero, 2052


mem[X,0x80014DC0] -> 0x00E3
mem[X,0x80014DC2] -> 0x80B5
[2280] [M]: 0x80014DC0 (0x80B500E3) beq a0, a1, 6144


mem[X,0x80014DC4] -> 0x0113
mem[X,0x80014DC6] -> 0x0021
[2281] [M]: 0x80014DC4 (0x00210113) addi sp, sp, 2
x2 <- 0x00000002


mem[X,0x80014DC8] -> 0x006F
mem[X,0x80014DCA] -> 0x00C0
[2282] [M]: 0x80014DC8 (0x00C0006F) jal zero, 12


mem[X,0x80014DD4] -> 0xA823
mem[X,0x80014DD6] -> 0x3620
[2283] [M]: 0x80014DD4 (0x3620A823) sw sp, 880(ra)
mem[0x8003A4D8] <- 0x00000002


mem[X,0x80014DD8] -> 0x5537
mem[X,0x80014DDA] -> 0xFFFF
[2284] [M]: 0x80014DD8 (0xFFFF5537) lui a0, 1048565
x10 <- 0xFFFF5000


mem[X,0x80014DDC] -> 0x0513
mem[X,0x80014DDE] -> 0xAFC5
[2285] [M]: 0x80014DDC (0xAFC50513) addi a0, a0, 2812
x10 <- 0xFFFF4AFC


mem[X,0x80014DE0] -> 0x0593
mem[X,0x80014DE2] -> 0x0040
[2286] [M]: 0x80014DE0 (0x00400593) addi a1, zero, 4
x11 <- 0x00000004


mem[X,0x80014DE4] -> 0x0113
mem[X,0x80014DE6] -> 0x0000
[2287] [M]: 0x80014DE4 (0x00000113) addi sp, zero, 0
x2 <- 0x00000000


mem[X,0x80014DE8] -> 0x006F
mem[X,0x80014DEA] -> 0x0140
[2288] [M]: 0x80014DE8 (0x0140006F) jal zero, 20


mem[X,0x80014DFC] -> 0x08E3
mem[X,0x80014DFE] -> 0xFEB5
[2289] [M]: 0x80014DFC (0xFEB508E3) beq a0, a1, 8176


mem[X,0x80014E00] -> 0x0113
mem[X,0x80014E02] -> 0x0021
[2290] [M]: 0x80014E00 (0x00210113) addi sp, sp, 2
x2 <- 0x00000002


mem[X,0x80014E04] -> 0x006F
mem[X,0x80014E06] -> 0x00C0
[2291] [M]: 0x80014E04 (0x00C0006F) jal zero, 12


mem[X,0x80014E10] -> 0xAA23
mem[X,0x80014E12] -> 0x3620
[2292] [M]: 0x80014E10 (0x3620AA23) sw sp, 884(ra)
mem[0x8003A4DC] <- 0x00000002


mem[X,0x80014E14] -> 0x5537
mem[X,0x80014E16] -> 0xFFFF
[2293] [M]: 0x80014E14 (0xFFFF5537) lui a0, 1048565
x10 <- 0xFFFF5000


mem[X,0x80014E18] -> 0x0513
mem[X,0x80014E1A] -> 0xAFC5
[2294] [M]: 0x80014E18 (0xAFC50513) addi a0, a0, 2812
x10 <- 0xFFFF4AFC


mem[X,0x80014E1C] -> 0x35B7
mem[X,0x80014E1E] -> 0x3333
[2295] [M]: 0x80014E1C (0x333335B7) lui a1, 209715
x11 <- 0x33333000


mem[X,0x80014E20] -> 0x8593
mem[X,0x80014E22] -> 0x3325
[2296] [M]: 0x80014E20 (0x33258593) addi a1, a1, 818
x11 <- 0x33333332


mem[X,0x80014E24] -> 0x0113
mem[X,0x80014E26] -> 0x0000
[2297] [M]: 0x80014E24 (0x00000113) addi sp, zero, 0
x2 <- 0x00000000


mem[X,0x80014E28] -> 0x006F
mem[X,0x80014E2A] -> 0x00C0
[2298] [M]: 0x80014E28 (0x00C0006F) jal zero, 12


mem[X,0x80014E34] -> 0x0CE3
mem[X,0x80014E36] -> 0xFEB5
[2299] [M]: 0x80014E34 (0xFEB50CE3) beq a0, a1, 8184


clint::tick mtime <- 0x0000000000000017
 clint timer pending at mtime 0x0000000000000017
htif::tick 0x0000000000000000
mem[X,0x80014E38] -> 0x0113
mem[X,0x80014E3A] -> 0x0021
[2300] [M]: 0x80014E38 (0x00210113) addi sp, sp, 2
x2 <- 0x00000002


mem[X,0x80014E3C] -> 0x006F
mem[X,0x80014E3E] -> 0x00C0
[2301] [M]: 0x80014E3C (0x00C0006F) jal zero, 12


mem[X,0x80014E48] -> 0xAC23
mem[X,0x80014E4A] -> 0x3620
[2302] [M]: 0x80014E48 (0x3620AC23) sw sp, 888(ra)
mem[0x8003A4E0] <- 0x00000002


mem[X,0x80014E4C] -> 0x5537
mem[X,0x80014E4E] -> 0xFFFF
[2303] [M]: 0x80014E4C (0xFFFF5537) lui a0, 1048565
x10 <- 0xFFFF5000


mem[X,0x80014E50] -> 0x0513
mem[X,0x80014E52] -> 0xAFC5
[2304] [M]: 0x80014E50 (0xAFC50513) addi a0, a0, 2812
x10 <- 0xFFFF4AFC


mem[X,0x80014E54] -> 0x65B7
mem[X,0x80014E56] -> 0x6666
[2305] [M]: 0x80014E54 (0x666665B7) lui a1, 419430
x11 <- 0x66666000


mem[X,0x80014E58] -> 0x8593
mem[X,0x80014E5A] -> 0x6655
[2306] [M]: 0x80014E58 (0x66558593) addi a1, a1, 1637
x11 <- 0x66666665


mem[X,0x80014E5C] -> 0x0113
mem[X,0x80014E5E] -> 0x0000
[2307] [M]: 0x80014E5C (0x00000113) addi sp, zero, 0
x2 <- 0x00000000


mem[X,0x80014E60] -> 0x006F
mem[X,0x80014E62] -> 0x00C0
[2308] [M]: 0x80014E60 (0x00C0006F) jal zero, 12


mem[X,0x80014E6C] -> 0x0063
mem[X,0x80014E6E] -> 0x10B5
[2309] [M]: 0x80014E6C (0x10B50063) beq a0, a1, 256


mem[X,0x80014E70] -> 0x0113
mem[X,0x80014E72] -> 0x0021
[2310] [M]: 0x80014E70 (0x00210113) addi sp, sp, 2
x2 <- 0x00000002


mem[X,0x80014E74] -> 0x006F
mem[X,0x80014E76] -> 0x1000
[2311] [M]: 0x80014E74 (0x1000006F) jal zero, 256


mem[X,0x80014F74] -> 0xAE23
mem[X,0x80014F76] -> 0x3620
[2312] [M]: 0x80014F74 (0x3620AE23) sw sp, 892(ra)
mem[0x8003A4E4] <- 0x00000002


mem[X,0x80014F78] -> 0x5537
mem[X,0x80014F7A] -> 0xFFFF
[2313] [M]: 0x80014F78 (0xFFFF5537) lui a0, 1048565
x10 <- 0xFFFF5000


mem[X,0x80014F7C] -> 0x0513
mem[X,0x80014F7E] -> 0xAFC5
[2314] [M]: 0x80014F7C (0xAFC50513) addi a0, a0, 2812
x10 <- 0xFFFF4AFC


mem[X,0x80014F80] -> 0xB5B7
mem[X,0x80014F82] -> 0x0000
[2315] [M]: 0x80014F80 (0x0000B5B7) lui a1, 11
x11 <- 0x0000B000


mem[X,0x80014F84] -> 0x8593
mem[X,0x80014F86] -> 0x5035
[2316] [M]: 0x80014F84 (0x50358593) addi a1, a1, 1283
x11 <- 0x0000B503


mem[X,0x80014F88] -> 0x0113
mem[X,0x80014F8A] -> 0x0000
[2317] [M]: 0x80014F88 (0x00000113) addi sp, zero, 0
x2 <- 0x00000000


mem[X,0x80014F8C] -> 0x006F
mem[X,0x80014F8E] -> 0x00C0
[2318] [M]: 0x80014F8C (0x00C0006F) jal zero, 12


mem[X,0x80014F98] -> 0x0663
mem[X,0x80014F9A] -> 0x00B5
[2319] [M]: 0x80014F98 (0x00B50663) beq a0, a1, 12


mem[X,0x80014F9C] -> 0x0113
mem[X,0x80014F9E] -> 0x0021
[2320] [M]: 0x80014F9C (0x00210113) addi sp, sp, 2
x2 <- 0x00000002


mem[X,0x80014FA0] -> 0x006F
mem[X,0x80014FA2] -> 0x00C0
[2321] [M]: 0x80014FA0 (0x00C0006F) jal zero, 12


mem[X,0x80014FAC] -> 0xA023
mem[X,0x80014FAE] -> 0x3820
[2322] [M]: 0x80014FAC (0x3820A023) sw sp, 896(ra)
mem[0x8003A4E8] <- 0x00000002


mem[X,0x80014FB0] -> 0x5537
mem[X,0x80014FB2] -> 0xFFFF
[2323] [M]: 0x80014FB0 (0xFFFF5537) lui a0, 1048565
x10 <- 0xFFFF5000


mem[X,0x80014FB4] -> 0x0513
mem[X,0x80014FB6] -> 0xAFC5
[2324] [M]: 0x80014FB4 (0xAFC50513) addi a0, a0, 2812
x10 <- 0xFFFF4AFC


mem[X,0x80014FB8] -> 0x55B7
mem[X,0x80014FBA] -> 0x5555
[2325] [M]: 0x80014FB8 (0x555555B7) lui a1, 349525
x11 <- 0x55555000


mem[X,0x80014FBC] -> 0x8593
mem[X,0x80014FBE] -> 0x5565
[2326] [M]: 0x80014FBC (0x55658593) addi a1, a1, 1366
x11 <- 0x55555556


mem[X,0x80014FC0] -> 0x0113
mem[X,0x80014FC2] -> 0x0000
[2327] [M]: 0x80014FC0 (0x00000113) addi sp, zero, 0
x2 <- 0x00000000


mem[X,0x80014FC4] -> 0x006F
mem[X,0x80014FC6] -> 0x00C0
[2328] [M]: 0x80014FC4 (0x00C0006F) jal zero, 12


mem[X,0x80014FD0] -> 0x0663
mem[X,0x80014FD2] -> 0x00B5
[2329] [M]: 0x80014FD0 (0x00B50663) beq a0, a1, 12


mem[X,0x80014FD4] -> 0x0113
mem[X,0x80014FD6] -> 0x0021
[2330] [M]: 0x80014FD4 (0x00210113) addi sp, sp, 2
x2 <- 0x00000002


mem[X,0x80014FD8] -> 0x006F
mem[X,0x80014FDA] -> 0x00C0
[2331] [M]: 0x80014FD8 (0x00C0006F) jal zero, 12


mem[X,0x80014FE4] -> 0xA223
mem[X,0x80014FE6] -> 0x3820
[2332] [M]: 0x80014FE4 (0x3820A223) sw sp, 900(ra)
mem[0x8003A4EC] <- 0x00000002


mem[X,0x80014FE8] -> 0x5537
mem[X,0x80014FEA] -> 0xFFFF
[2333] [M]: 0x80014FE8 (0xFFFF5537) lui a0, 1048565
x10 <- 0xFFFF5000


mem[X,0x80014FEC] -> 0x0513
mem[X,0x80014FEE] -> 0xAFC5
[2334] [M]: 0x80014FEC (0xAFC50513) addi a0, a0, 2812
x10 <- 0xFFFF4AFC


mem[X,0x80014FF0] -> 0xB5B7
mem[X,0x80014FF2] -> 0xAAAA
[2335] [M]: 0x80014FF0 (0xAAAAB5B7) lui a1, 699051
x11 <- 0xAAAAB000


mem[X,0x80014FF4] -> 0x8593
mem[X,0x80014FF6] -> 0xAAB5
[2336] [M]: 0x80014FF4 (0xAAB58593) addi a1, a1, 2731
x11 <- 0xAAAAAAAB


mem[X,0x80014FF8] -> 0x0113
mem[X,0x80014FFA] -> 0x0000
[2337] [M]: 0x80014FF8 (0x00000113) addi sp, zero, 0
x2 <- 0x00000000


mem[X,0x80014FFC] -> 0x006F
mem[X,0x80014FFE] -> 0x00C0
[2338] [M]: 0x80014FFC (0x00C0006F) jal zero, 12


mem[X,0x80015008] -> 0x0CE3
mem[X,0x8001500A] -> 0xFEB5
[2339] [M]: 0x80015008 (0xFEB50CE3) beq a0, a1, 8184


mem[X,0x8001500C] -> 0x0113
mem[X,0x8001500E] -> 0x0021
[2340] [M]: 0x8001500C (0x00210113) addi sp, sp, 2
x2 <- 0x00000002


mem[X,0x80015010] -> 0x006F
mem[X,0x80015012] -> 0x00C0
[2341] [M]: 0x80015010 (0x00C0006F) jal zero, 12


mem[X,0x8001501C] -> 0xA423
mem[X,0x8001501E] -> 0x3820
[2342] [M]: 0x8001501C (0x3820A423) sw sp, 904(ra)
mem[0x8003A4F0] <- 0x00000002


mem[X,0x80015020] -> 0x5537
mem[X,0x80015022] -> 0xFFFF
[2343] [M]: 0x80015020 (0xFFFF5537) lui a0, 1048565
x10 <- 0xFFFF5000


mem[X,0x80015024] -> 0x0513
mem[X,0x80015026] -> 0xAFC5
[2344] [M]: 0x80015024 (0xAFC50513) addi a0, a0, 2812
x10 <- 0xFFFF4AFC


mem[X,0x80015028] -> 0x0593
mem[X,0x8001502A] -> 0x0060
[2345] [M]: 0x80015028 (0x00600593) addi a1, zero, 6
x11 <- 0x00000006


mem[X,0x8001502C] -> 0x0113
mem[X,0x8001502E] -> 0x0000
[2346] [M]: 0x8001502C (0x00000113) addi sp, zero, 0
x2 <- 0x00000000


mem[X,0x80015030] -> 0x006F
mem[X,0x80015032] -> 0x00C0
[2347] [M]: 0x80015030 (0x00C0006F) jal zero, 12


mem[X,0x8001503C] -> 0x0863
mem[X,0x8001503E] -> 0x00B5
[2348] [M]: 0x8001503C (0x00B50863) beq a0, a1, 16


mem[X,0x80015040] -> 0x0113
mem[X,0x80015042] -> 0x0021
[2349] [M]: 0x80015040 (0x00210113) addi sp, sp, 2
x2 <- 0x00000002


mem[X,0x80015044] -> 0x006F
mem[X,0x80015046] -> 0x0100
[2350] [M]: 0x80015044 (0x0100006F) jal zero, 16


mem[X,0x80015054] -> 0xA623
mem[X,0x80015056] -> 0x3820
[2351] [M]: 0x80015054 (0x3820A623) sw sp, 908(ra)
mem[0x8003A4F4] <- 0x00000002


mem[X,0x80015058] -> 0x5537
mem[X,0x8001505A] -> 0xFFFF
[2352] [M]: 0x80015058 (0xFFFF5537) lui a0, 1048565
x10 <- 0xFFFF5000


mem[X,0x8001505C] -> 0x0513
mem[X,0x8001505E] -> 0xAFC5
[2353] [M]: 0x8001505C (0xAFC50513) addi a0, a0, 2812
x10 <- 0xFFFF4AFC


mem[X,0x80015060] -> 0x35B7
mem[X,0x80015062] -> 0x3333
[2354] [M]: 0x80015060 (0x333335B7) lui a1, 209715
x11 <- 0x33333000


mem[X,0x80015064] -> 0x8593
mem[X,0x80015066] -> 0x3345
[2355] [M]: 0x80015064 (0x33458593) addi a1, a1, 820
x11 <- 0x33333334


mem[X,0x80015068] -> 0x0113
mem[X,0x8001506A] -> 0x0000
[2356] [M]: 0x80015068 (0x00000113) addi sp, zero, 0
x2 <- 0x00000000


mem[X,0x8001506C] -> 0x006F
mem[X,0x8001506E] -> 0x00C0
[2357] [M]: 0x8001506C (0x00C0006F) jal zero, 12


mem[X,0x80015078] -> 0x0663
mem[X,0x8001507A] -> 0x00B5
[2358] [M]: 0x80015078 (0x00B50663) beq a0, a1, 12


mem[X,0x8001507C] -> 0x0113
mem[X,0x8001507E] -> 0x0021
[2359] [M]: 0x8001507C (0x00210113) addi sp, sp, 2
x2 <- 0x00000002


mem[X,0x80015080] -> 0x006F
mem[X,0x80015082] -> 0x00C0
[2360] [M]: 0x80015080 (0x00C0006F) jal zero, 12


mem[X,0x8001508C] -> 0xA823
mem[X,0x8001508E] -> 0x3820
[2361] [M]: 0x8001508C (0x3820A823) sw sp, 912(ra)
mem[0x8003A4F8] <- 0x00000002


mem[X,0x80015090] -> 0x5537
mem[X,0x80015092] -> 0xFFFF
[2362] [M]: 0x80015090 (0xFFFF5537) lui a0, 1048565
x10 <- 0xFFFF5000


mem[X,0x80015094] -> 0x0513
mem[X,0x80015096] -> 0xAFC5
[2363] [M]: 0x80015094 (0xAFC50513) addi a0, a0, 2812
x10 <- 0xFFFF4AFC


mem[X,0x80015098] -> 0x65B7
mem[X,0x8001509A] -> 0x6666
[2364] [M]: 0x80015098 (0x666665B7) lui a1, 419430
x11 <- 0x66666000


mem[X,0x8001509C] -> 0x8593
mem[X,0x8001509E] -> 0x6675
[2365] [M]: 0x8001509C (0x66758593) addi a1, a1, 1639
x11 <- 0x66666667


mem[X,0x800150A0] -> 0x0113
mem[X,0x800150A2] -> 0x0000
[2366] [M]: 0x800150A0 (0x00000113) addi sp, zero, 0
x2 <- 0x00000000


mem[X,0x800150A4] -> 0x006F
mem[X,0x800150A6] -> 0x00C0
[2367] [M]: 0x800150A4 (0x00C0006F) jal zero, 12


mem[X,0x800150B0] -> 0x0663
mem[X,0x800150B2] -> 0x00B5
[2368] [M]: 0x800150B0 (0x00B50663) beq a0, a1, 12


mem[X,0x800150B4] -> 0x0113
mem[X,0x800150B6] -> 0x0021
[2369] [M]: 0x800150B4 (0x00210113) addi sp, sp, 2
x2 <- 0x00000002


mem[X,0x800150B8] -> 0x006F
mem[X,0x800150BA] -> 0x00C0
[2370] [M]: 0x800150B8 (0x00C0006F) jal zero, 12


mem[X,0x800150C4] -> 0xAA23
mem[X,0x800150C6] -> 0x3820
[2371] [M]: 0x800150C4 (0x3820AA23) sw sp, 916(ra)
mem[0x8003A4FC] <- 0x00000002


mem[X,0x800150C8] -> 0x5537
mem[X,0x800150CA] -> 0xFFFF
[2372] [M]: 0x800150C8 (0xFFFF5537) lui a0, 1048565
x10 <- 0xFFFF5000


mem[X,0x800150CC] -> 0x0513
mem[X,0x800150CE] -> 0xAFC5
[2373] [M]: 0x800150CC (0xAFC50513) addi a0, a0, 2812
x10 <- 0xFFFF4AFC


mem[X,0x800150D0] -> 0x55B7
mem[X,0x800150D2] -> 0xFFFF
[2374] [M]: 0x800150D0 (0xFFFF55B7) lui a1, 1048565
x11 <- 0xFFFF5000


mem[X,0x800150D4] -> 0x8593
mem[X,0x800150D6] -> 0xAFD5
[2375] [M]: 0x800150D4 (0xAFD58593) addi a1, a1, 2813
x11 <- 0xFFFF4AFD


mem[X,0x800150D8] -> 0x0113
mem[X,0x800150DA] -> 0x0000
[2376] [M]: 0x800150D8 (0x00000113) addi sp, zero, 0
x2 <- 0x00000000


mem[X,0x800150DC] -> 0x006F
mem[X,0x800150DE] -> 0x0180
[2377] [M]: 0x800150DC (0x0180006F) jal zero, 24


mem[X,0x800150F4] -> 0x06E3
mem[X,0x800150F6] -> 0xFEB5
[2378] [M]: 0x800150F4 (0xFEB506E3) beq a0, a1, 8172


mem[X,0x800150F8] -> 0x0113
mem[X,0x800150FA] -> 0x0021
[2379] [M]: 0x800150F8 (0x00210113) addi sp, sp, 2
x2 <- 0x00000002


mem[X,0x800150FC] -> 0x006F
mem[X,0x800150FE] -> 0x00C0
[2380] [M]: 0x800150FC (0x00C0006F) jal zero, 12


mem[X,0x80015108] -> 0xAC23
mem[X,0x8001510A] -> 0x3820
[2381] [M]: 0x80015108 (0x3820AC23) sw sp, 920(ra)
mem[0x8003A500] <- 0x00000002


mem[X,0x8001510C] -> 0x5537
mem[X,0x8001510E] -> 0xFFFF
[2382] [M]: 0x8001510C (0xFFFF5537) lui a0, 1048565
x10 <- 0xFFFF5000


mem[X,0x80015110] -> 0x0513
mem[X,0x80015112] -> 0xAFC5
[2383] [M]: 0x80015110 (0xAFC50513) addi a0, a0, 2812
x10 <- 0xFFFF4AFC


mem[X,0x80015114] -> 0xB5B7
mem[X,0x80015116] -> 0x0000
[2384] [M]: 0x80015114 (0x0000B5B7) lui a1, 11
x11 <- 0x0000B000


mem[X,0x80015118] -> 0x8593
mem[X,0x8001511A] -> 0x5055
[2385] [M]: 0x80015118 (0x50558593) addi a1, a1, 1285
x11 <- 0x0000B505


mem[X,0x8001511C] -> 0x0113
mem[X,0x8001511E] -> 0x0000
[2386] [M]: 0x8001511C (0x00000113) addi sp, zero, 0
x2 <- 0x00000000


mem[X,0x80015120] -> 0x006F
mem[X,0x80015122] -> 0x00C0
[2387] [M]: 0x80015120 (0x00C0006F) jal zero, 12


mem[X,0x8001512C] -> 0x0063
mem[X,0x8001512E] -> 0x40B5
[2388] [M]: 0x8001512C (0x40B50063) beq a0, a1, 1024


mem[X,0x80015130] -> 0x0113
mem[X,0x80015132] -> 0x0021
[2389] [M]: 0x80015130 (0x00210113) addi sp, sp, 2
x2 <- 0x00000002


mem[X,0x80015134] -> 0x006F
mem[X,0x80015136] -> 0x4000
[2390] [M]: 0x80015134 (0x4000006F) jal zero, 1024


mem[X,0x80015534] -> 0xAE23
mem[X,0x80015536] -> 0x3820
[2391] [M]: 0x80015534 (0x3820AE23) sw sp, 924(ra)
mem[0x8003A504] <- 0x00000002


mem[X,0x80015538] -> 0xB537
mem[X,0x8001553A] -> 0x0000
[2392] [M]: 0x80015538 (0x0000B537) lui a0, 11
x10 <- 0x0000B000


mem[X,0x8001553C] -> 0x0513
mem[X,0x8001553E] -> 0x5045
[2393] [M]: 0x8001553C (0x50450513) addi a0, a0, 1284
x10 <- 0x0000B504


mem[X,0x80015540] -> 0x0593
mem[X,0x80015542] -> 0x0030
[2394] [M]: 0x80015540 (0x00300593) addi a1, zero, 3
x11 <- 0x00000003


mem[X,0x80015544] -> 0x0113
mem[X,0x80015546] -> 0x0000
[2395] [M]: 0x80015544 (0x00000113) addi sp, zero, 0
x2 <- 0x00000000


mem[X,0x80015548] -> 0x006F
mem[X,0x8001554A] -> 0x00C0
[2396] [M]: 0x80015548 (0x00C0006F) jal zero, 12


mem[X,0x80015554] -> 0x0063
mem[X,0x80015556] -> 0x20B5
[2397] [M]: 0x80015554 (0x20B50063) beq a0, a1, 512


mem[X,0x80015558] -> 0x0113
mem[X,0x8001555A] -> 0x0021
[2398] [M]: 0x80015558 (0x00210113) addi sp, sp, 2
x2 <- 0x00000002


mem[X,0x8001555C] -> 0x006F
mem[X,0x8001555E] -> 0x2000
[2399] [M]: 0x8001555C (0x2000006F) jal zero, 512


clint::tick mtime <- 0x0000000000000018
 clint timer pending at mtime 0x0000000000000018
htif::tick 0x0000000000000000
mem[X,0x8001575C] -> 0xA023
mem[X,0x8001575E] -> 0x3A20
[2400] [M]: 0x8001575C (0x3A20A023) sw sp, 928(ra)
mem[0x8003A508] <- 0x00000002


mem[X,0x80015760] -> 0xB537
mem[X,0x80015762] -> 0x0000
[2401] [M]: 0x80015760 (0x0000B537) lui a0, 11
x10 <- 0x0000B000


mem[X,0x80015764] -> 0x0513
mem[X,0x80015766] -> 0x5045
[2402] [M]: 0x80015764 (0x50450513) addi a0, a0, 1284
x10 <- 0x0000B504


mem[X,0x80015768] -> 0x55B7
mem[X,0x8001576A] -> 0x5555
[2403] [M]: 0x80015768 (0x555555B7) lui a1, 349525
x11 <- 0x55555000


mem[X,0x8001576C] -> 0x8593
mem[X,0x8001576E] -> 0x5555
[2404] [M]: 0x8001576C (0x55558593) addi a1, a1, 1365
x11 <- 0x55555555


mem[X,0x80015770] -> 0x0113
mem[X,0x80015772] -> 0x0000
[2405] [M]: 0x80015770 (0x00000113) addi sp, zero, 0
x2 <- 0x00000000


mem[X,0x80015774] -> 0x006F
mem[X,0x80015776] -> 0x00C0
[2406] [M]: 0x80015774 (0x00C0006F) jal zero, 12


mem[X,0x80015780] -> 0x0063
mem[X,0x80015782] -> 0x02B5
[2407] [M]: 0x80015780 (0x02B50063) beq a0, a1, 32


mem[X,0x80015784] -> 0x0113
mem[X,0x80015786] -> 0x0021
[2408] [M]: 0x80015784 (0x00210113) addi sp, sp, 2
x2 <- 0x00000002


mem[X,0x80015788] -> 0x006F
mem[X,0x8001578A] -> 0x0200
[2409] [M]: 0x80015788 (0x0200006F) jal zero, 32


mem[X,0x800157A8] -> 0xA223
mem[X,0x800157AA] -> 0x3A20
[2410] [M]: 0x800157A8 (0x3A20A223) sw sp, 932(ra)
mem[0x8003A50C] <- 0x00000002


mem[X,0x800157AC] -> 0xB537
mem[X,0x800157AE] -> 0x0000
[2411] [M]: 0x800157AC (0x0000B537) lui a0, 11
x10 <- 0x0000B000


mem[X,0x800157B0] -> 0x0513
mem[X,0x800157B2] -> 0x5045
[2412] [M]: 0x800157B0 (0x50450513) addi a0, a0, 1284
x10 <- 0x0000B504


mem[X,0x800157B4] -> 0x0593
mem[X,0x800157B6] -> 0x0050
[2413] [M]: 0x800157B4 (0x00500593) addi a1, zero, 5
x11 <- 0x00000005


mem[X,0x800157B8] -> 0x0113
mem[X,0x800157BA] -> 0x0000
[2414] [M]: 0x800157B8 (0x00000113) addi sp, zero, 0
x2 <- 0x00000000


mem[X,0x800157BC] -> 0x006F
mem[X,0x800157BE] -> 0x00C0
[2415] [M]: 0x800157BC (0x00C0006F) jal zero, 12


mem[X,0x800157C8] -> 0x0663
mem[X,0x800157CA] -> 0x00B5
[2416] [M]: 0x800157C8 (0x00B50663) beq a0, a1, 12


mem[X,0x800157CC] -> 0x0113
mem[X,0x800157CE] -> 0x0021
[2417] [M]: 0x800157CC (0x00210113) addi sp, sp, 2
x2 <- 0x00000002


mem[X,0x800157D0] -> 0x006F
mem[X,0x800157D2] -> 0x00C0
[2418] [M]: 0x800157D0 (0x00C0006F) jal zero, 12


mem[X,0x800157DC] -> 0xA423
mem[X,0x800157DE] -> 0x3A20
[2419] [M]: 0x800157DC (0x3A20A423) sw sp, 936(ra)
mem[0x8003A510] <- 0x00000002


mem[X,0x800157E0] -> 0xB537
mem[X,0x800157E2] -> 0x0000
[2420] [M]: 0x800157E0 (0x0000B537) lui a0, 11
x10 <- 0x0000B000


mem[X,0x800157E4] -> 0x0513
mem[X,0x800157E6] -> 0x5045
[2421] [M]: 0x800157E4 (0x50450513) addi a0, a0, 1284
x10 <- 0x0000B504


mem[X,0x800157E8] -> 0x35B7
mem[X,0x800157EA] -> 0x3333
[2422] [M]: 0x800157E8 (0x333335B7) lui a1, 209715
x11 <- 0x33333000


mem[X,0x800157EC] -> 0x8593
mem[X,0x800157EE] -> 0x3335
[2423] [M]: 0x800157EC (0x33358593) addi a1, a1, 819
x11 <- 0x33333333


mem[X,0x800157F0] -> 0x0113
mem[X,0x800157F2] -> 0x0000
[2424] [M]: 0x800157F0 (0x00000113) addi sp, zero, 0
x2 <- 0x00000000


mem[X,0x800157F4] -> 0x006F
mem[X,0x800157F6] -> 0x0180
[2425] [M]: 0x800157F4 (0x0180006F) jal zero, 24


mem[X,0x8001580C] -> 0x06E3
mem[X,0x8001580E] -> 0xFEB5
[2426] [M]: 0x8001580C (0xFEB506E3) beq a0, a1, 8172


mem[X,0x80015810] -> 0x0113
mem[X,0x80015812] -> 0x0021
[2427] [M]: 0x80015810 (0x00210113) addi sp, sp, 2
x2 <- 0x00000002


mem[X,0x80015814] -> 0x006F
mem[X,0x80015816] -> 0x00C0
[2428] [M]: 0x80015814 (0x00C0006F) jal zero, 12


mem[X,0x80015820] -> 0xA623
mem[X,0x80015822] -> 0x3A20
[2429] [M]: 0x80015820 (0x3A20A623) sw sp, 940(ra)
mem[0x8003A514] <- 0x00000002


mem[X,0x80015824] -> 0xB537
mem[X,0x80015826] -> 0x0000
[2430] [M]: 0x80015824 (0x0000B537) lui a0, 11
x10 <- 0x0000B000


mem[X,0x80015828] -> 0x0513
mem[X,0x8001582A] -> 0x5045
[2431] [M]: 0x80015828 (0x50450513) addi a0, a0, 1284
x10 <- 0x0000B504


mem[X,0x8001582C] -> 0x65B7
mem[X,0x8001582E] -> 0x6666
[2432] [M]: 0x8001582C (0x666665B7) lui a1, 419430
x11 <- 0x66666000


mem[X,0x80015830] -> 0x8593
mem[X,0x80015832] -> 0x6665
[2433] [M]: 0x80015830 (0x66658593) addi a1, a1, 1638
x11 <- 0x66666666


mem[X,0x80015834] -> 0x0113
mem[X,0x80015836] -> 0x0000
[2434] [M]: 0x80015834 (0x00000113) addi sp, zero, 0
x2 <- 0x00000000


mem[X,0x80015838] -> 0x006F
mem[X,0x8001583A] -> 0x00C0
[2435] [M]: 0x80015838 (0x00C0006F) jal zero, 12


mem[X,0x80015844] -> 0x0063
mem[X,0x80015846] -> 0x10B5
[2436] [M]: 0x80015844 (0x10B50063) beq a0, a1, 256


mem[X,0x80015848] -> 0x0113
mem[X,0x8001584A] -> 0x0021
[2437] [M]: 0x80015848 (0x00210113) addi sp, sp, 2
x2 <- 0x00000002


mem[X,0x8001584C] -> 0x006F
mem[X,0x8001584E] -> 0x1000
[2438] [M]: 0x8001584C (0x1000006F) jal zero, 256


mem[X,0x8001594C] -> 0xA823
mem[X,0x8001594E] -> 0x3A20
[2439] [M]: 0x8001594C (0x3A20A823) sw sp, 944(ra)
mem[0x8003A518] <- 0x00000002


mem[X,0x80015950] -> 0xB537
mem[X,0x80015952] -> 0x0000
[2440] [M]: 0x80015950 (0x0000B537) lui a0, 11
x10 <- 0x0000B000


mem[X,0x80015954] -> 0x0513
mem[X,0x80015956] -> 0x5045
[2441] [M]: 0x80015954 (0x50450513) addi a0, a0, 1284
x10 <- 0x0000B504


mem[X,0x80015958] -> 0x55B7
mem[X,0x8001595A] -> 0xFFFF
[2442] [M]: 0x80015958 (0xFFFF55B7) lui a1, 1048565
x11 <- 0xFFFF5000


mem[X,0x8001595C] -> 0x8593
mem[X,0x8001595E] -> 0xAFC5
[2443] [M]: 0x8001595C (0xAFC58593) addi a1, a1, 2812
x11 <- 0xFFFF4AFC


mem[X,0x80015960] -> 0x0113
mem[X,0x80015962] -> 0x0000
[2444] [M]: 0x80015960 (0x00000113) addi sp, zero, 0
x2 <- 0x00000000


mem[X,0x80015964] -> 0x006F
mem[X,0x80015966] -> 0x2B10
[2445] [M]: 0x80015964 (0x2B10006F) jal zero, 2736


mem[X,0x80016414] -> 0x0A63
mem[X,0x80016416] -> 0xD4B5
[2446] [M]: 0x80016414 (0xD4B50A63) beq a0, a1, 5460


mem[X,0x80016418] -> 0x0113
mem[X,0x8001641A] -> 0x0021
[2447] [M]: 0x80016418 (0x00210113) addi sp, sp, 2
x2 <- 0x00000002


mem[X,0x8001641C] -> 0x006F
mem[X,0x8001641E] -> 0x00C0
[2448] [M]: 0x8001641C (0x00C0006F) jal zero, 12


mem[X,0x80016428] -> 0xAA23
mem[X,0x8001642A] -> 0x3A20
[2449] [M]: 0x80016428 (0x3A20AA23) sw sp, 948(ra)
mem[0x8003A51C] <- 0x00000002


mem[X,0x8001642C] -> 0xB537
mem[X,0x8001642E] -> 0x0000
[2450] [M]: 0x8001642C (0x0000B537) lui a0, 11
x10 <- 0x0000B000


mem[X,0x80016430] -> 0x0513
mem[X,0x80016432] -> 0x5045
[2451] [M]: 0x80016430 (0x50450513) addi a0, a0, 1284
x10 <- 0x0000B504


mem[X,0x80016434] -> 0xB5B7
mem[X,0x80016436] -> 0x0000
[2452] [M]: 0x80016434 (0x0000B5B7) lui a1, 11
x11 <- 0x0000B000


mem[X,0x80016438] -> 0x8593
mem[X,0x8001643A] -> 0x5045
[2453] [M]: 0x80016438 (0x50458593) addi a1, a1, 1284
x11 <- 0x0000B504


mem[X,0x8001643C] -> 0x0113
mem[X,0x8001643E] -> 0x0000
[2454] [M]: 0x8001643C (0x00000113) addi sp, zero, 0
x2 <- 0x00000000


mem[X,0x80016440] -> 0x006F
mem[X,0x80016442] -> 0x00C0
[2455] [M]: 0x80016440 (0x00C0006F) jal zero, 12


mem[X,0x8001644C] -> 0x0663
mem[X,0x8001644E] -> 0x00B5
[2456] [M]: 0x8001644C (0x00B50663) beq a0, a1, 12


mem[X,0x80016458] -> 0x0113
mem[X,0x8001645A] -> 0x0031
[2457] [M]: 0x80016458 (0x00310113) addi sp, sp, 3
x2 <- 0x00000003


mem[X,0x8001645C] -> 0x006F
mem[X,0x8001645E] -> 0x0040
[2458] [M]: 0x8001645C (0x0040006F) jal zero, 4


mem[X,0x80016460] -> 0xAC23
mem[X,0x80016462] -> 0x3A20
[2459] [M]: 0x80016460 (0x3A20AC23) sw sp, 952(ra)
mem[0x8003A520] <- 0x00000003


mem[X,0x80016464] -> 0xB537
mem[X,0x80016466] -> 0x0000
[2460] [M]: 0x80016464 (0x0000B537) lui a0, 11
x10 <- 0x0000B000


mem[X,0x80016468] -> 0x0513
mem[X,0x8001646A] -> 0x5045
[2461] [M]: 0x80016468 (0x50450513) addi a0, a0, 1284
x10 <- 0x0000B504


mem[X,0x8001646C] -> 0x0593
mem[X,0x8001646E] -> 0x0020
[2462] [M]: 0x8001646C (0x00200593) addi a1, zero, 2
x11 <- 0x00000002


mem[X,0x80016470] -> 0x0113
mem[X,0x80016472] -> 0x0000
[2463] [M]: 0x80016470 (0x00000113) addi sp, zero, 0
x2 <- 0x00000000


mem[X,0x80016474] -> 0x006F
mem[X,0x80016476] -> 0x00C0
[2464] [M]: 0x80016474 (0x00C0006F) jal zero, 12


mem[X,0x80016480] -> 0x0663
mem[X,0x80016482] -> 0x00B5
[2465] [M]: 0x80016480 (0x00B50663) beq a0, a1, 12


mem[X,0x80016484] -> 0x0113
mem[X,0x80016486] -> 0x0021
[2466] [M]: 0x80016484 (0x00210113) addi sp, sp, 2
x2 <- 0x00000002


mem[X,0x80016488] -> 0x006F
mem[X,0x8001648A] -> 0x00C0
[2467] [M]: 0x80016488 (0x00C0006F) jal zero, 12


mem[X,0x80016494] -> 0xAE23
mem[X,0x80016496] -> 0x3A20
[2468] [M]: 0x80016494 (0x3A20AE23) sw sp, 956(ra)
mem[0x8003A524] <- 0x00000002


mem[X,0x80016498] -> 0xB537
mem[X,0x8001649A] -> 0x0000
[2469] [M]: 0x80016498 (0x0000B537) lui a0, 11
x10 <- 0x0000B000


mem[X,0x8001649C] -> 0x0513
mem[X,0x8001649E] -> 0x5045
[2470] [M]: 0x8001649C (0x50450513) addi a0, a0, 1284
x10 <- 0x0000B504


mem[X,0x800164A0] -> 0x55B7
mem[X,0x800164A2] -> 0x5555
[2471] [M]: 0x800164A0 (0x555555B7) lui a1, 349525
x11 <- 0x55555000


mem[X,0x800164A4] -> 0x8593
mem[X,0x800164A6] -> 0x5545
[2472] [M]: 0x800164A4 (0x55458593) addi a1, a1, 1364
x11 <- 0x55555554


mem[X,0x800164A8] -> 0x0113
mem[X,0x800164AA] -> 0x0000
[2473] [M]: 0x800164A8 (0x00000113) addi sp, zero, 0
x2 <- 0x00000000


mem[X,0x800164AC] -> 0x006F
mem[X,0x800164AE] -> 0x00C0
[2474] [M]: 0x800164AC (0x00C0006F) jal zero, 12


mem[X,0x800164B8] -> 0x0CE3
mem[X,0x800164BA] -> 0xFEB5
[2475] [M]: 0x800164B8 (0xFEB50CE3) beq a0, a1, 8184


mem[X,0x800164BC] -> 0x0113
mem[X,0x800164BE] -> 0x0021
[2476] [M]: 0x800164BC (0x00210113) addi sp, sp, 2
x2 <- 0x00000002


mem[X,0x800164C0] -> 0x006F
mem[X,0x800164C2] -> 0x00C0
[2477] [M]: 0x800164C0 (0x00C0006F) jal zero, 12


mem[X,0x800164CC] -> 0xA023
mem[X,0x800164CE] -> 0x3C20
[2478] [M]: 0x800164CC (0x3C20A023) sw sp, 960(ra)
mem[0x8003A528] <- 0x00000002


mem[X,0x800164D0] -> 0xB537
mem[X,0x800164D2] -> 0x0000
[2479] [M]: 0x800164D0 (0x0000B537) lui a0, 11
x10 <- 0x0000B000


mem[X,0x800164D4] -> 0x0513
mem[X,0x800164D6] -> 0x5045
[2480] [M]: 0x800164D4 (0x50450513) addi a0, a0, 1284
x10 <- 0x0000B504


mem[X,0x800164D8] -> 0x0593
mem[X,0x800164DA] -> 0x0000
[2481] [M]: 0x800164D8 (0x00000593) addi a1, zero, 0
x11 <- 0x00000000


mem[X,0x800164DC] -> 0x0113
mem[X,0x800164DE] -> 0x0000
[2482] [M]: 0x800164DC (0x00000113) addi sp, zero, 0
x2 <- 0x00000000


mem[X,0x800164E0] -> 0x006F
mem[X,0x800164E2] -> 0x00C0
[2483] [M]: 0x800164E0 (0x00C0006F) jal zero, 12


mem[X,0x800164EC] -> 0x0CE3
mem[X,0x800164EE] -> 0xFEB5
[2484] [M]: 0x800164EC (0xFEB50CE3) beq a0, a1, 8184


mem[X,0x800164F0] -> 0x0113
mem[X,0x800164F2] -> 0x0021
[2485] [M]: 0x800164F0 (0x00210113) addi sp, sp, 2
x2 <- 0x00000002


mem[X,0x800164F4] -> 0x006F
mem[X,0x800164F6] -> 0x00C0
[2486] [M]: 0x800164F4 (0x00C0006F) jal zero, 12


mem[X,0x80016500] -> 0xA223
mem[X,0x80016502] -> 0x3C20
[2487] [M]: 0x80016500 (0x3C20A223) sw sp, 964(ra)
mem[0x8003A52C] <- 0x00000002


mem[X,0x80016504] -> 0xB537
mem[X,0x80016506] -> 0x0000
[2488] [M]: 0x80016504 (0x0000B537) lui a0, 11
x10 <- 0x0000B000


mem[X,0x80016508] -> 0x0513
mem[X,0x8001650A] -> 0x5045
[2489] [M]: 0x80016508 (0x50450513) addi a0, a0, 1284
x10 <- 0x0000B504


mem[X,0x8001650C] -> 0x0593
mem[X,0x8001650E] -> 0x0040
[2490] [M]: 0x8001650C (0x00400593) addi a1, zero, 4
x11 <- 0x00000004


mem[X,0x80016510] -> 0x0113
mem[X,0x80016512] -> 0x0000
[2491] [M]: 0x80016510 (0x00000113) addi sp, zero, 0
x2 <- 0x00000000


mem[X,0x80016514] -> 0x006F
mem[X,0x80016516] -> 0x00C0
[2492] [M]: 0x80016514 (0x00C0006F) jal zero, 12


mem[X,0x80016520] -> 0x0663
mem[X,0x80016522] -> 0x00B5
[2493] [M]: 0x80016520 (0x00B50663) beq a0, a1, 12


mem[X,0x80016524] -> 0x0113
mem[X,0x80016526] -> 0x0021
[2494] [M]: 0x80016524 (0x00210113) addi sp, sp, 2
x2 <- 0x00000002


mem[X,0x80016528] -> 0x006F
mem[X,0x8001652A] -> 0x00C0
[2495] [M]: 0x80016528 (0x00C0006F) jal zero, 12


mem[X,0x80016534] -> 0xA423
mem[X,0x80016536] -> 0x3C20
[2496] [M]: 0x80016534 (0x3C20A423) sw sp, 968(ra)
mem[0x8003A530] <- 0x00000002


mem[X,0x80016538] -> 0xB537
mem[X,0x8001653A] -> 0x0000
[2497] [M]: 0x80016538 (0x0000B537) lui a0, 11
x10 <- 0x0000B000


mem[X,0x8001653C] -> 0x0513
mem[X,0x8001653E] -> 0x5045
[2498] [M]: 0x8001653C (0x50450513) addi a0, a0, 1284
x10 <- 0x0000B504


mem[X,0x80016540] -> 0x35B7
mem[X,0x80016542] -> 0x3333
[2499] [M]: 0x80016540 (0x333335B7) lui a1, 209715
x11 <- 0x33333000


clint::tick mtime <- 0x0000000000000019
 clint timer pending at mtime 0x0000000000000019
htif::tick 0x0000000000000000
mem[X,0x80016544] -> 0x8593
mem[X,0x80016546] -> 0x3325
[2500] [M]: 0x80016544 (0x33258593) addi a1, a1, 818
x11 <- 0x33333332


mem[X,0x80016548] -> 0x0113
mem[X,0x8001654A] -> 0x0000
[2501] [M]: 0x80016548 (0x00000113) addi sp, zero, 0
x2 <- 0x00000000


mem[X,0x8001654C] -> 0x006F
mem[X,0x8001654E] -> 0x0100
[2502] [M]: 0x8001654C (0x0100006F) jal zero, 16


mem[X,0x8001655C] -> 0x0AE3
mem[X,0x8001655E] -> 0xFEB5
[2503] [M]: 0x8001655C (0xFEB50AE3) beq a0, a1, 8180


mem[X,0x80016560] -> 0x0113
mem[X,0x80016562] -> 0x0021
[2504] [M]: 0x80016560 (0x00210113) addi sp, sp, 2
x2 <- 0x00000002


mem[X,0x80016564] -> 0x006F
mem[X,0x80016566] -> 0x00C0
[2505] [M]: 0x80016564 (0x00C0006F) jal zero, 12


mem[X,0x80016570] -> 0xA623
mem[X,0x80016572] -> 0x3C20
[2506] [M]: 0x80016570 (0x3C20A623) sw sp, 972(ra)
mem[0x8003A534] <- 0x00000002


mem[X,0x80016574] -> 0xB537
mem[X,0x80016576] -> 0x0000
[2507] [M]: 0x80016574 (0x0000B537) lui a0, 11
x10 <- 0x0000B000


mem[X,0x80016578] -> 0x0513
mem[X,0x8001657A] -> 0x5045
[2508] [M]: 0x80016578 (0x50450513) addi a0, a0, 1284
x10 <- 0x0000B504


mem[X,0x8001657C] -> 0x65B7
mem[X,0x8001657E] -> 0x6666
[2509] [M]: 0x8001657C (0x666665B7) lui a1, 419430
x11 <- 0x66666000


mem[X,0x80016580] -> 0x8593
mem[X,0x80016582] -> 0x6655
[2510] [M]: 0x80016580 (0x66558593) addi a1, a1, 1637
x11 <- 0x66666665


mem[X,0x80016584] -> 0x0113
mem[X,0x80016586] -> 0x0000
[2511] [M]: 0x80016584 (0x00000113) addi sp, zero, 0
x2 <- 0x00000000


mem[X,0x80016588] -> 0x006F
mem[X,0x8001658A] -> 0x00C0
[2512] [M]: 0x80016588 (0x00C0006F) jal zero, 12


mem[X,0x80016594] -> 0x0863
mem[X,0x80016596] -> 0x00B5
[2513] [M]: 0x80016594 (0x00B50863) beq a0, a1, 16


mem[X,0x80016598] -> 0x0113
mem[X,0x8001659A] -> 0x0021
[2514] [M]: 0x80016598 (0x00210113) addi sp, sp, 2
x2 <- 0x00000002


mem[X,0x8001659C] -> 0x006F
mem[X,0x8001659E] -> 0x0100
[2515] [M]: 0x8001659C (0x0100006F) jal zero, 16


mem[X,0x800165AC] -> 0xA823
mem[X,0x800165AE] -> 0x3C20
[2516] [M]: 0x800165AC (0x3C20A823) sw sp, 976(ra)
mem[0x8003A538] <- 0x00000002


mem[X,0x800165B0] -> 0xB537
mem[X,0x800165B2] -> 0x0000
[2517] [M]: 0x800165B0 (0x0000B537) lui a0, 11
x10 <- 0x0000B000


mem[X,0x800165B4] -> 0x0513
mem[X,0x800165B6] -> 0x5045
[2518] [M]: 0x800165B4 (0x50450513) addi a0, a0, 1284
x10 <- 0x0000B504


mem[X,0x800165B8] -> 0xB5B7
mem[X,0x800165BA] -> 0x0000
[2519] [M]: 0x800165B8 (0x0000B5B7) lui a1, 11
x11 <- 0x0000B000


mem[X,0x800165BC] -> 0x8593
mem[X,0x800165BE] -> 0x5035
[2520] [M]: 0x800165BC (0x50358593) addi a1, a1, 1283
x11 <- 0x0000B503


mem[X,0x800165C0] -> 0x0113
mem[X,0x800165C2] -> 0x0000
[2521] [M]: 0x800165C0 (0x00000113) addi sp, zero, 0
x2 <- 0x00000000


mem[X,0x800165C4] -> 0x006F
mem[X,0x800165C6] -> 0x0140
[2522] [M]: 0x800165C4 (0x0140006F) jal zero, 20


mem[X,0x800165D8] -> 0x08E3
mem[X,0x800165DA] -> 0xFEB5
[2523] [M]: 0x800165D8 (0xFEB508E3) beq a0, a1, 8176


mem[X,0x800165DC] -> 0x0113
mem[X,0x800165DE] -> 0x0021
[2524] [M]: 0x800165DC (0x00210113) addi sp, sp, 2
x2 <- 0x00000002


mem[X,0x800165E0] -> 0x006F
mem[X,0x800165E2] -> 0x00C0
[2525] [M]: 0x800165E0 (0x00C0006F) jal zero, 12


mem[X,0x800165EC] -> 0xAA23
mem[X,0x800165EE] -> 0x3C20
[2526] [M]: 0x800165EC (0x3C20AA23) sw sp, 980(ra)
mem[0x8003A53C] <- 0x00000002


mem[X,0x800165F0] -> 0xB537
mem[X,0x800165F2] -> 0x0000
[2527] [M]: 0x800165F0 (0x0000B537) lui a0, 11
x10 <- 0x0000B000


mem[X,0x800165F4] -> 0x0513
mem[X,0x800165F6] -> 0x5045
[2528] [M]: 0x800165F4 (0x50450513) addi a0, a0, 1284
x10 <- 0x0000B504


mem[X,0x800165F8] -> 0x55B7
mem[X,0x800165FA] -> 0x5555
[2529] [M]: 0x800165F8 (0x555555B7) lui a1, 349525
x11 <- 0x55555000


mem[X,0x800165FC] -> 0x8593
mem[X,0x800165FE] -> 0x5565
[2530] [M]: 0x800165FC (0x55658593) addi a1, a1, 1366
x11 <- 0x55555556


mem[X,0x80016600] -> 0x0113
mem[X,0x80016602] -> 0x0000
[2531] [M]: 0x80016600 (0x00000113) addi sp, zero, 0
x2 <- 0x00000000


mem[X,0x80016604] -> 0x006F
mem[X,0x80016606] -> 0x00C0
[2532] [M]: 0x80016604 (0x00C0006F) jal zero, 12


mem[X,0x80016610] -> 0x0663
mem[X,0x80016612] -> 0x00B5
[2533] [M]: 0x80016610 (0x00B50663) beq a0, a1, 12


mem[X,0x80016614] -> 0x0113
mem[X,0x80016616] -> 0x0021
[2534] [M]: 0x80016614 (0x00210113) addi sp, sp, 2
x2 <- 0x00000002


mem[X,0x80016618] -> 0x006F
mem[X,0x8001661A] -> 0x00C0
[2535] [M]: 0x80016618 (0x00C0006F) jal zero, 12


mem[X,0x80016624] -> 0xAC23
mem[X,0x80016626] -> 0x3C20
[2536] [M]: 0x80016624 (0x3C20AC23) sw sp, 984(ra)
mem[0x8003A540] <- 0x00000002


mem[X,0x80016628] -> 0xB537
mem[X,0x8001662A] -> 0x0000
[2537] [M]: 0x80016628 (0x0000B537) lui a0, 11
x10 <- 0x0000B000


mem[X,0x8001662C] -> 0x0513
mem[X,0x8001662E] -> 0x5045
[2538] [M]: 0x8001662C (0x50450513) addi a0, a0, 1284
x10 <- 0x0000B504


mem[X,0x80016630] -> 0xB5B7
mem[X,0x80016632] -> 0xAAAA
[2539] [M]: 0x80016630 (0xAAAAB5B7) lui a1, 699051
x11 <- 0xAAAAB000


mem[X,0x80016634] -> 0x8593
mem[X,0x80016636] -> 0xAAB5
[2540] [M]: 0x80016634 (0xAAB58593) addi a1, a1, 2731
x11 <- 0xAAAAAAAB


mem[X,0x80016638] -> 0x0113
mem[X,0x8001663A] -> 0x0000
[2541] [M]: 0x80016638 (0x00000113) addi sp, zero, 0
x2 <- 0x00000000


mem[X,0x8001663C] -> 0x006F
mem[X,0x8001663E] -> 0x00C0
[2542] [M]: 0x8001663C (0x00C0006F) jal zero, 12


mem[X,0x80016648] -> 0x0063
mem[X,0x8001664A] -> 0x02B5
[2543] [M]: 0x80016648 (0x02B50063) beq a0, a1, 32


mem[X,0x8001664C] -> 0x0113
mem[X,0x8001664E] -> 0x0021
[2544] [M]: 0x8001664C (0x00210113) addi sp, sp, 2
x2 <- 0x00000002


mem[X,0x80016650] -> 0x006F
mem[X,0x80016652] -> 0x0200
[2545] [M]: 0x80016650 (0x0200006F) jal zero, 32


mem[X,0x80016670] -> 0xAE23
mem[X,0x80016672] -> 0x3C20
[2546] [M]: 0x80016670 (0x3C20AE23) sw sp, 988(ra)
mem[0x8003A544] <- 0x00000002


mem[X,0x80016674] -> 0xB537
mem[X,0x80016676] -> 0x0000
[2547] [M]: 0x80016674 (0x0000B537) lui a0, 11
x10 <- 0x0000B000


mem[X,0x80016678] -> 0x0513
mem[X,0x8001667A] -> 0x5045
[2548] [M]: 0x80016678 (0x50450513) addi a0, a0, 1284
x10 <- 0x0000B504


mem[X,0x8001667C] -> 0x0593
mem[X,0x8001667E] -> 0x0060
[2549] [M]: 0x8001667C (0x00600593) addi a1, zero, 6
x11 <- 0x00000006


mem[X,0x80016680] -> 0x0113
mem[X,0x80016682] -> 0x0000
[2550] [M]: 0x80016680 (0x00000113) addi sp, zero, 0
x2 <- 0x00000000


mem[X,0x80016684] -> 0x006F
mem[X,0x80016686] -> 0x00C0
[2551] [M]: 0x80016684 (0x00C0006F) jal zero, 12


mem[X,0x80016690] -> 0x0063
mem[X,0x80016692] -> 0x40B5
[2552] [M]: 0x80016690 (0x40B50063) beq a0, a1, 1024


mem[X,0x80016694] -> 0x0113
mem[X,0x80016696] -> 0x0021
[2553] [M]: 0x80016694 (0x00210113) addi sp, sp, 2
x2 <- 0x00000002


mem[X,0x80016698] -> 0x006F
mem[X,0x8001669A] -> 0x4000
[2554] [M]: 0x80016698 (0x4000006F) jal zero, 1024


mem[X,0x80016A98] -> 0xA023
mem[X,0x80016A9A] -> 0x3E20
[2555] [M]: 0x80016A98 (0x3E20A023) sw sp, 992(ra)
mem[0x8003A548] <- 0x00000002


mem[X,0x80016A9C] -> 0xB537
mem[X,0x80016A9E] -> 0x0000
[2556] [M]: 0x80016A9C (0x0000B537) lui a0, 11
x10 <- 0x0000B000


mem[X,0x80016AA0] -> 0x0513
mem[X,0x80016AA2] -> 0x5045
[2557] [M]: 0x80016AA0 (0x50450513) addi a0, a0, 1284
x10 <- 0x0000B504


mem[X,0x80016AA4] -> 0x35B7
mem[X,0x80016AA6] -> 0x3333
[2558] [M]: 0x80016AA4 (0x333335B7) lui a1, 209715
x11 <- 0x33333000


mem[X,0x80016AA8] -> 0x8593
mem[X,0x80016AAA] -> 0x3345
[2559] [M]: 0x80016AA8 (0x33458593) addi a1, a1, 820
x11 <- 0x33333334


mem[X,0x80016AAC] -> 0x0113
mem[X,0x80016AAE] -> 0x0000
[2560] [M]: 0x80016AAC (0x00000113) addi sp, zero, 0
x2 <- 0x00000000


mem[X,0x80016AB0] -> 0x006F
mem[X,0x80016AB2] -> 0x00C0
[2561] [M]: 0x80016AB0 (0x00C0006F) jal zero, 12


mem[X,0x80016ABC] -> 0x0063
mem[X,0x80016ABE] -> 0x10B5
[2562] [M]: 0x80016ABC (0x10B50063) beq a0, a1, 256


mem[X,0x80016AC0] -> 0x0113
mem[X,0x80016AC2] -> 0x0021
[2563] [M]: 0x80016AC0 (0x00210113) addi sp, sp, 2
x2 <- 0x00000002


mem[X,0x80016AC4] -> 0x006F
mem[X,0x80016AC6] -> 0x1000
[2564] [M]: 0x80016AC4 (0x1000006F) jal zero, 256


mem[X,0x80016BC4] -> 0xA223
mem[X,0x80016BC6] -> 0x3E20
[2565] [M]: 0x80016BC4 (0x3E20A223) sw sp, 996(ra)
mem[0x8003A54C] <- 0x00000002


mem[X,0x80016BC8] -> 0xB537
mem[X,0x80016BCA] -> 0x0000
[2566] [M]: 0x80016BC8 (0x0000B537) lui a0, 11
x10 <- 0x0000B000


mem[X,0x80016BCC] -> 0x0513
mem[X,0x80016BCE] -> 0x5045
[2567] [M]: 0x80016BCC (0x50450513) addi a0, a0, 1284
x10 <- 0x0000B504


mem[X,0x80016BD0] -> 0x65B7
mem[X,0x80016BD2] -> 0x6666
[2568] [M]: 0x80016BD0 (0x666665B7) lui a1, 419430
x11 <- 0x66666000


mem[X,0x80016BD4] -> 0x8593
mem[X,0x80016BD6] -> 0x6675
[2569] [M]: 0x80016BD4 (0x66758593) addi a1, a1, 1639
x11 <- 0x66666667


mem[X,0x80016BD8] -> 0x0113
mem[X,0x80016BDA] -> 0x0000
[2570] [M]: 0x80016BD8 (0x00000113) addi sp, zero, 0
x2 <- 0x00000000


mem[X,0x80016BDC] -> 0x006F
mem[X,0x80016BDE] -> 0x00C0
[2571] [M]: 0x80016BDC (0x00C0006F) jal zero, 12


mem[X,0x80016BE8] -> 0x0863
mem[X,0x80016BEA] -> 0x00B5
[2572] [M]: 0x80016BE8 (0x00B50863) beq a0, a1, 16


mem[X,0x80016BEC] -> 0x0113
mem[X,0x80016BEE] -> 0x0021
[2573] [M]: 0x80016BEC (0x00210113) addi sp, sp, 2
x2 <- 0x00000002


mem[X,0x80016BF0] -> 0x006F
mem[X,0x80016BF2] -> 0x0100
[2574] [M]: 0x80016BF0 (0x0100006F) jal zero, 16


mem[X,0x80016C00] -> 0xA423
mem[X,0x80016C02] -> 0x3E20
[2575] [M]: 0x80016C00 (0x3E20A423) sw sp, 1000(ra)
mem[0x8003A550] <- 0x00000002


mem[X,0x80016C04] -> 0xB537
mem[X,0x80016C06] -> 0x0000
[2576] [M]: 0x80016C04 (0x0000B537) lui a0, 11
x10 <- 0x0000B000


mem[X,0x80016C08] -> 0x0513
mem[X,0x80016C0A] -> 0x5045
[2577] [M]: 0x80016C08 (0x50450513) addi a0, a0, 1284
x10 <- 0x0000B504


mem[X,0x80016C0C] -> 0x55B7
mem[X,0x80016C0E] -> 0xFFFF
[2578] [M]: 0x80016C0C (0xFFFF55B7) lui a1, 1048565
x11 <- 0xFFFF5000


mem[X,0x80016C10] -> 0x8593
mem[X,0x80016C12] -> 0xAFD5
[2579] [M]: 0x80016C10 (0xAFD58593) addi a1, a1, 2813
x11 <- 0xFFFF4AFD


mem[X,0x80016C14] -> 0x0113
mem[X,0x80016C16] -> 0x0000
[2580] [M]: 0x80016C14 (0x00000113) addi sp, zero, 0
x2 <- 0x00000000


mem[X,0x80016C18] -> 0x006F
mem[X,0x80016C1A] -> 0x00C0
[2581] [M]: 0x80016C18 (0x00C0006F) jal zero, 12


mem[X,0x80016C24] -> 0x0663
mem[X,0x80016C26] -> 0x00B5
[2582] [M]: 0x80016C24 (0x00B50663) beq a0, a1, 12


mem[X,0x80016C28] -> 0x0113
mem[X,0x80016C2A] -> 0x0021
[2583] [M]: 0x80016C28 (0x00210113) addi sp, sp, 2
x2 <- 0x00000002


mem[X,0x80016C2C] -> 0x006F
mem[X,0x80016C2E] -> 0x00C0
[2584] [M]: 0x80016C2C (0x00C0006F) jal zero, 12


mem[X,0x80016C38] -> 0xA623
mem[X,0x80016C3A] -> 0x3E20
[2585] [M]: 0x80016C38 (0x3E20A623) sw sp, 1004(ra)
mem[0x8003A554] <- 0x00000002


mem[X,0x80016C3C] -> 0xB537
mem[X,0x80016C3E] -> 0x0000
[2586] [M]: 0x80016C3C (0x0000B537) lui a0, 11
x10 <- 0x0000B000


mem[X,0x80016C40] -> 0x0513
mem[X,0x80016C42] -> 0x5045
[2587] [M]: 0x80016C40 (0x50450513) addi a0, a0, 1284
x10 <- 0x0000B504


mem[X,0x80016C44] -> 0xB5B7
mem[X,0x80016C46] -> 0x0000
[2588] [M]: 0x80016C44 (0x0000B5B7) lui a1, 11
x11 <- 0x0000B000


mem[X,0x80016C48] -> 0x8593
mem[X,0x80016C4A] -> 0x5055
[2589] [M]: 0x80016C48 (0x50558593) addi a1, a1, 1285
x11 <- 0x0000B505


mem[X,0x80016C4C] -> 0x0113
mem[X,0x80016C4E] -> 0x0000
[2590] [M]: 0x80016C4C (0x00000113) addi sp, zero, 0
x2 <- 0x00000000


mem[X,0x80016C50] -> 0x006F
mem[X,0x80016C52] -> 0x00C0
[2591] [M]: 0x80016C50 (0x00C0006F) jal zero, 12


mem[X,0x80016C5C] -> 0x0663
mem[X,0x80016C5E] -> 0x00B5
[2592] [M]: 0x80016C5C (0x00B50663) beq a0, a1, 12


mem[X,0x80016C60] -> 0x0113
mem[X,0x80016C62] -> 0x0021
[2593] [M]: 0x80016C60 (0x00210113) addi sp, sp, 2
x2 <- 0x00000002


mem[X,0x80016C64] -> 0x006F
mem[X,0x80016C66] -> 0x00C0
[2594] [M]: 0x80016C64 (0x00C0006F) jal zero, 12


mem[X,0x80016C70] -> 0xA823
mem[X,0x80016C72] -> 0x3E20
[2595] [M]: 0x80016C70 (0x3E20A823) sw sp, 1008(ra)
mem[0x8003A558] <- 0x00000002


mem[X,0x80016C74] -> 0x0513
mem[X,0x80016C76] -> 0x0020
[2596] [M]: 0x80016C74 (0x00200513) addi a0, zero, 2
x10 <- 0x00000002


mem[X,0x80016C78] -> 0x0593
mem[X,0x80016C7A] -> 0x0030
[2597] [M]: 0x80016C78 (0x00300593) addi a1, zero, 3
x11 <- 0x00000003


mem[X,0x80016C7C] -> 0x0113
mem[X,0x80016C7E] -> 0x0000
[2598] [M]: 0x80016C7C (0x00000113) addi sp, zero, 0
x2 <- 0x00000000


mem[X,0x80016C80] -> 0x006F
mem[X,0x80016C82] -> 0x00C0
[2599] [M]: 0x80016C80 (0x00C0006F) jal zero, 12


clint::tick mtime <- 0x000000000000001A
 clint timer pending at mtime 0x000000000000001A
htif::tick 0x0000000000000000
mem[X,0x80016C8C] -> 0x0063
mem[X,0x80016C8E] -> 0x08B5
[2600] [M]: 0x80016C8C (0x08B50063) beq a0, a1, 128


mem[X,0x80016C90] -> 0x0113
mem[X,0x80016C92] -> 0x0021
[2601] [M]: 0x80016C90 (0x00210113) addi sp, sp, 2
x2 <- 0x00000002


mem[X,0x80016C94] -> 0x006F
mem[X,0x80016C96] -> 0x0800
[2602] [M]: 0x80016C94 (0x0800006F) jal zero, 128


mem[X,0x80016D14] -> 0xAA23
mem[X,0x80016D16] -> 0x3E20
[2603] [M]: 0x80016D14 (0x3E20AA23) sw sp, 1012(ra)
mem[0x8003A55C] <- 0x00000002


mem[X,0x80016D18] -> 0x0513
mem[X,0x80016D1A] -> 0x0020
[2604] [M]: 0x80016D18 (0x00200513) addi a0, zero, 2
x10 <- 0x00000002


mem[X,0x80016D1C] -> 0x55B7
mem[X,0x80016D1E] -> 0x5555
[2605] [M]: 0x80016D1C (0x555555B7) lui a1, 349525
x11 <- 0x55555000


mem[X,0x80016D20] -> 0x8593
mem[X,0x80016D22] -> 0x5555
[2606] [M]: 0x80016D20 (0x55558593) addi a1, a1, 1365
x11 <- 0x55555555


mem[X,0x80016D24] -> 0x0113
mem[X,0x80016D26] -> 0x0000
[2607] [M]: 0x80016D24 (0x00000113) addi sp, zero, 0
x2 <- 0x00000000


mem[X,0x80016D28] -> 0x006F
mem[X,0x80016D2A] -> 0x00C0
[2608] [M]: 0x80016D28 (0x00C0006F) jal zero, 12


mem[X,0x80016D34] -> 0x0063
mem[X,0x80016D36] -> 0x04B5
[2609] [M]: 0x80016D34 (0x04B50063) beq a0, a1, 64


mem[X,0x80016D38] -> 0x0113
mem[X,0x80016D3A] -> 0x0021
[2610] [M]: 0x80016D38 (0x00210113) addi sp, sp, 2
x2 <- 0x00000002


mem[X,0x80016D3C] -> 0x006F
mem[X,0x80016D3E] -> 0x0400
[2611] [M]: 0x80016D3C (0x0400006F) jal zero, 64


mem[X,0x80016D7C] -> 0xAC23
mem[X,0x80016D7E] -> 0x3E20
[2612] [M]: 0x80016D7C (0x3E20AC23) sw sp, 1016(ra)
mem[0x8003A560] <- 0x00000002


mem[X,0x80016D80] -> 0x0513
mem[X,0x80016D82] -> 0x0020
[2613] [M]: 0x80016D80 (0x00200513) addi a0, zero, 2
x10 <- 0x00000002


mem[X,0x80016D84] -> 0xB5B7
mem[X,0x80016D86] -> 0xAAAA
[2614] [M]: 0x80016D84 (0xAAAAB5B7) lui a1, 699051
x11 <- 0xAAAAB000


mem[X,0x80016D88] -> 0x8593
mem[X,0x80016D8A] -> 0xAAA5
[2615] [M]: 0x80016D88 (0xAAA58593) addi a1, a1, 2730
x11 <- 0xAAAAAAAA


mem[X,0x80016D8C] -> 0x0113
mem[X,0x80016D8E] -> 0x0000
[2616] [M]: 0x80016D8C (0x00000113) addi sp, zero, 0
x2 <- 0x00000000


mem[X,0x80016D90] -> 0x006F
mem[X,0x80016D92] -> 0x0050
[2617] [M]: 0x80016D90 (0x0050006F) jal zero, 2052


mem[X,0x80017594] -> 0x00E3
mem[X,0x80017596] -> 0x80B5
[2618] [M]: 0x80017594 (0x80B500E3) beq a0, a1, 6144


mem[X,0x80017598] -> 0x0113
mem[X,0x8001759A] -> 0x0021
[2619] [M]: 0x80017598 (0x00210113) addi sp, sp, 2
x2 <- 0x00000002


mem[X,0x8001759C] -> 0x006F
mem[X,0x8001759E] -> 0x00C0
[2620] [M]: 0x8001759C (0x00C0006F) jal zero, 12


mem[X,0x800175A8] -> 0xAE23
mem[X,0x800175AA] -> 0x3E20
[2621] [M]: 0x800175A8 (0x3E20AE23) sw sp, 1020(ra)
mem[0x8003A564] <- 0x00000002


mem[X,0x800175AC] -> 0x0513
mem[X,0x800175AE] -> 0x0020
[2622] [M]: 0x800175AC (0x00200513) addi a0, zero, 2
x10 <- 0x00000002


mem[X,0x800175B0] -> 0x0593
mem[X,0x800175B2] -> 0x0050
[2623] [M]: 0x800175B0 (0x00500593) addi a1, zero, 5
x11 <- 0x00000005


mem[X,0x800175B4] -> 0x0113
mem[X,0x800175B6] -> 0x0000
[2624] [M]: 0x800175B4 (0x00000113) addi sp, zero, 0
x2 <- 0x00000000


mem[X,0x800175B8] -> 0x006F
mem[X,0x800175BA] -> 0x0050
[2625] [M]: 0x800175B8 (0x0050006F) jal zero, 2052


mem[X,0x80017DBC] -> 0x00E3
mem[X,0x80017DBE] -> 0x80B5
[2626] [M]: 0x80017DBC (0x80B500E3) beq a0, a1, 6144


mem[X,0x80017DC0] -> 0x0113
mem[X,0x80017DC2] -> 0x0021
[2627] [M]: 0x80017DC0 (0x00210113) addi sp, sp, 2
x2 <- 0x00000002


mem[X,0x80017DC4] -> 0x006F
mem[X,0x80017DC6] -> 0x00C0
[2628] [M]: 0x80017DC4 (0x00C0006F) jal zero, 12


mem[X,0x80017DD0] -> 0xA023
mem[X,0x80017DD2] -> 0x4020
[2629] [M]: 0x80017DD0 (0x4020A023) sw sp, 1024(ra)
mem[0x8003A568] <- 0x00000002


mem[X,0x80017DD4] -> 0x0513
mem[X,0x80017DD6] -> 0x0020
[2630] [M]: 0x80017DD4 (0x00200513) addi a0, zero, 2
x10 <- 0x00000002


mem[X,0x80017DD8] -> 0x35B7
mem[X,0x80017DDA] -> 0x3333
[2631] [M]: 0x80017DD8 (0x333335B7) lui a1, 209715
x11 <- 0x33333000


mem[X,0x80017DDC] -> 0x8593
mem[X,0x80017DDE] -> 0x3335
[2632] [M]: 0x80017DDC (0x33358593) addi a1, a1, 819
x11 <- 0x33333333


mem[X,0x80017DE0] -> 0x0113
mem[X,0x80017DE2] -> 0x0000
[2633] [M]: 0x80017DE0 (0x00000113) addi sp, zero, 0
x2 <- 0x00000000


mem[X,0x80017DE4] -> 0x006F
mem[X,0x80017DE6] -> 0x0180
[2634] [M]: 0x80017DE4 (0x0180006F) jal zero, 24


mem[X,0x80017DFC] -> 0x06E3
mem[X,0x80017DFE] -> 0xFEB5
[2635] [M]: 0x80017DFC (0xFEB506E3) beq a0, a1, 8172


mem[X,0x80017E00] -> 0x0113
mem[X,0x80017E02] -> 0x0021
[2636] [M]: 0x80017E00 (0x00210113) addi sp, sp, 2
x2 <- 0x00000002


mem[X,0x80017E04] -> 0x006F
mem[X,0x80017E06] -> 0x00C0
[2637] [M]: 0x80017E04 (0x00C0006F) jal zero, 12


mem[X,0x80017E10] -> 0xA223
mem[X,0x80017E12] -> 0x4020
[2638] [M]: 0x80017E10 (0x4020A223) sw sp, 1028(ra)
mem[0x8003A56C] <- 0x00000002


mem[X,0x80017E14] -> 0x0513
mem[X,0x80017E16] -> 0x0020
[2639] [M]: 0x80017E14 (0x00200513) addi a0, zero, 2
x10 <- 0x00000002


mem[X,0x80017E18] -> 0x65B7
mem[X,0x80017E1A] -> 0x6666
[2640] [M]: 0x80017E18 (0x666665B7) lui a1, 419430
x11 <- 0x66666000


mem[X,0x80017E1C] -> 0x8593
mem[X,0x80017E1E] -> 0x6665
[2641] [M]: 0x80017E1C (0x66658593) addi a1, a1, 1638
x11 <- 0x66666666


mem[X,0x80017E20] -> 0x0113
mem[X,0x80017E22] -> 0x0000
[2642] [M]: 0x80017E20 (0x00000113) addi sp, zero, 0
x2 <- 0x00000000


mem[X,0x80017E24] -> 0x006F
mem[X,0x80017E26] -> 0x0050
[2643] [M]: 0x80017E24 (0x0050006F) jal zero, 2052


mem[X,0x80018628] -> 0x00E3
mem[X,0x8001862A] -> 0x80B5
[2644] [M]: 0x80018628 (0x80B500E3) beq a0, a1, 6144


mem[X,0x8001862C] -> 0x0113
mem[X,0x8001862E] -> 0x0021
[2645] [M]: 0x8001862C (0x00210113) addi sp, sp, 2
x2 <- 0x00000002


mem[X,0x80018630] -> 0x006F
mem[X,0x80018632] -> 0x00C0
[2646] [M]: 0x80018630 (0x00C0006F) jal zero, 12


mem[X,0x8001863C] -> 0xA423
mem[X,0x8001863E] -> 0x4020
[2647] [M]: 0x8001863C (0x4020A423) sw sp, 1032(ra)
mem[0x8003A570] <- 0x00000002


mem[X,0x80018640] -> 0x0513
mem[X,0x80018642] -> 0x0020
[2648] [M]: 0x80018640 (0x00200513) addi a0, zero, 2
x10 <- 0x00000002


mem[X,0x80018644] -> 0x55B7
mem[X,0x80018646] -> 0xFFFF
[2649] [M]: 0x80018644 (0xFFFF55B7) lui a1, 1048565
x11 <- 0xFFFF5000


mem[X,0x80018648] -> 0x8593
mem[X,0x8001864A] -> 0xAFC5
[2650] [M]: 0x80018648 (0xAFC58593) addi a1, a1, 2812
x11 <- 0xFFFF4AFC


mem[X,0x8001864C] -> 0x0113
mem[X,0x8001864E] -> 0x0000
[2651] [M]: 0x8001864C (0x00000113) addi sp, zero, 0
x2 <- 0x00000000


mem[X,0x80018650] -> 0x006F
mem[X,0x80018652] -> 0x00C0
[2652] [M]: 0x80018650 (0x00C0006F) jal zero, 12


mem[X,0x8001865C] -> 0x0663
mem[X,0x8001865E] -> 0x00B5
[2653] [M]: 0x8001865C (0x00B50663) beq a0, a1, 12


mem[X,0x80018660] -> 0x0113
mem[X,0x80018662] -> 0x0021
[2654] [M]: 0x80018660 (0x00210113) addi sp, sp, 2
x2 <- 0x00000002


mem[X,0x80018664] -> 0x006F
mem[X,0x80018666] -> 0x00C0
[2655] [M]: 0x80018664 (0x00C0006F) jal zero, 12


mem[X,0x80018670] -> 0xA623
mem[X,0x80018672] -> 0x4020
[2656] [M]: 0x80018670 (0x4020A623) sw sp, 1036(ra)
mem[0x8003A574] <- 0x00000002


mem[X,0x80018674] -> 0x0513
mem[X,0x80018676] -> 0x0020
[2657] [M]: 0x80018674 (0x00200513) addi a0, zero, 2
x10 <- 0x00000002


mem[X,0x80018678] -> 0xB5B7
mem[X,0x8001867A] -> 0x0000
[2658] [M]: 0x80018678 (0x0000B5B7) lui a1, 11
x11 <- 0x0000B000


mem[X,0x8001867C] -> 0x8593
mem[X,0x8001867E] -> 0x5045
[2659] [M]: 0x8001867C (0x50458593) addi a1, a1, 1284
x11 <- 0x0000B504


mem[X,0x80018680] -> 0x0113
mem[X,0x80018682] -> 0x0000
[2660] [M]: 0x80018680 (0x00000113) addi sp, zero, 0
x2 <- 0x00000000


mem[X,0x80018684] -> 0x006F
mem[X,0x80018686] -> 0x2B10
[2661] [M]: 0x80018684 (0x2B10006F) jal zero, 2736


mem[X,0x80019134] -> 0x0A63
mem[X,0x80019136] -> 0xD4B5
[2662] [M]: 0x80019134 (0xD4B50A63) beq a0, a1, 5460


mem[X,0x80019138] -> 0x0113
mem[X,0x8001913A] -> 0x0021
[2663] [M]: 0x80019138 (0x00210113) addi sp, sp, 2
x2 <- 0x00000002


mem[X,0x8001913C] -> 0x006F
mem[X,0x8001913E] -> 0x00C0
[2664] [M]: 0x8001913C (0x00C0006F) jal zero, 12


mem[X,0x80019148] -> 0xA823
mem[X,0x8001914A] -> 0x4020
[2665] [M]: 0x80019148 (0x4020A823) sw sp, 1040(ra)
mem[0x8003A578] <- 0x00000002


mem[X,0x8001914C] -> 0x0513
mem[X,0x8001914E] -> 0x0020
[2666] [M]: 0x8001914C (0x00200513) addi a0, zero, 2
x10 <- 0x00000002


mem[X,0x80019150] -> 0x0593
mem[X,0x80019152] -> 0x0020
[2667] [M]: 0x80019150 (0x00200593) addi a1, zero, 2
x11 <- 0x00000002


mem[X,0x80019154] -> 0x0113
mem[X,0x80019156] -> 0x0000
[2668] [M]: 0x80019154 (0x00000113) addi sp, zero, 0
x2 <- 0x00000000


mem[X,0x80019158] -> 0x006F
mem[X,0x8001915A] -> 0x00C0
[2669] [M]: 0x80019158 (0x00C0006F) jal zero, 12


mem[X,0x80019164] -> 0x0663
mem[X,0x80019166] -> 0x00B5
[2670] [M]: 0x80019164 (0x00B50663) beq a0, a1, 12


mem[X,0x80019170] -> 0x0113
mem[X,0x80019172] -> 0x0031
[2671] [M]: 0x80019170 (0x00310113) addi sp, sp, 3
x2 <- 0x00000003


mem[X,0x80019174] -> 0x006F
mem[X,0x80019176] -> 0x0040
[2672] [M]: 0x80019174 (0x0040006F) jal zero, 4


mem[X,0x80019178] -> 0xAA23
mem[X,0x8001917A] -> 0x4020
[2673] [M]: 0x80019178 (0x4020AA23) sw sp, 1044(ra)
mem[0x8003A57C] <- 0x00000003


mem[X,0x8001917C] -> 0x0513
mem[X,0x8001917E] -> 0x0020
[2674] [M]: 0x8001917C (0x00200513) addi a0, zero, 2
x10 <- 0x00000002


mem[X,0x80019180] -> 0x55B7
mem[X,0x80019182] -> 0x5555
[2675] [M]: 0x80019180 (0x555555B7) lui a1, 349525
x11 <- 0x55555000


mem[X,0x80019184] -> 0x8593
mem[X,0x80019186] -> 0x5545
[2676] [M]: 0x80019184 (0x55458593) addi a1, a1, 1364
x11 <- 0x55555554


mem[X,0x80019188] -> 0x0113
mem[X,0x8001918A] -> 0x0000
[2677] [M]: 0x80019188 (0x00000113) addi sp, zero, 0
x2 <- 0x00000000


mem[X,0x8001918C] -> 0x006F
mem[X,0x8001918E] -> 0x00C0
[2678] [M]: 0x8001918C (0x00C0006F) jal zero, 12


mem[X,0x80019198] -> 0x0663
mem[X,0x8001919A] -> 0x00B5
[2679] [M]: 0x80019198 (0x00B50663) beq a0, a1, 12


mem[X,0x8001919C] -> 0x0113
mem[X,0x8001919E] -> 0x0021
[2680] [M]: 0x8001919C (0x00210113) addi sp, sp, 2
x2 <- 0x00000002


mem[X,0x800191A0] -> 0x006F
mem[X,0x800191A2] -> 0x00C0
[2681] [M]: 0x800191A0 (0x00C0006F) jal zero, 12


mem[X,0x800191AC] -> 0xAC23
mem[X,0x800191AE] -> 0x4020
[2682] [M]: 0x800191AC (0x4020AC23) sw sp, 1048(ra)
mem[0x8003A580] <- 0x00000002


mem[X,0x800191B0] -> 0x0513
mem[X,0x800191B2] -> 0x0020
[2683] [M]: 0x800191B0 (0x00200513) addi a0, zero, 2
x10 <- 0x00000002


mem[X,0x800191B4] -> 0x0593
mem[X,0x800191B6] -> 0x0000
[2684] [M]: 0x800191B4 (0x00000593) addi a1, zero, 0
x11 <- 0x00000000


mem[X,0x800191B8] -> 0x0113
mem[X,0x800191BA] -> 0x0000
[2685] [M]: 0x800191B8 (0x00000113) addi sp, zero, 0
x2 <- 0x00000000


mem[X,0x800191BC] -> 0x006F
mem[X,0x800191BE] -> 0x00C0
[2686] [M]: 0x800191BC (0x00C0006F) jal zero, 12


mem[X,0x800191C8] -> 0x0063
mem[X,0x800191CA] -> 0x10B5
[2687] [M]: 0x800191C8 (0x10B50063) beq a0, a1, 256


mem[X,0x800191CC] -> 0x0113
mem[X,0x800191CE] -> 0x0021
[2688] [M]: 0x800191CC (0x00210113) addi sp, sp, 2
x2 <- 0x00000002


mem[X,0x800191D0] -> 0x006F
mem[X,0x800191D2] -> 0x1000
[2689] [M]: 0x800191D0 (0x1000006F) jal zero, 256


mem[X,0x800192D0] -> 0xAE23
mem[X,0x800192D2] -> 0x4020
[2690] [M]: 0x800192D0 (0x4020AE23) sw sp, 1052(ra)
mem[0x8003A584] <- 0x00000002


mem[X,0x800192D4] -> 0x0513
mem[X,0x800192D6] -> 0x0020
[2691] [M]: 0x800192D4 (0x00200513) addi a0, zero, 2
x10 <- 0x00000002


mem[X,0x800192D8] -> 0x35B7
mem[X,0x800192DA] -> 0x3333
[2692] [M]: 0x800192D8 (0x333335B7) lui a1, 209715
x11 <- 0x33333000


mem[X,0x800192DC] -> 0x8593
mem[X,0x800192DE] -> 0x3325
[2693] [M]: 0x800192DC (0x33258593) addi a1, a1, 818
x11 <- 0x33333332


mem[X,0x800192E0] -> 0x0113
mem[X,0x800192E2] -> 0x0000
[2694] [M]: 0x800192E0 (0x00000113) addi sp, zero, 0
x2 <- 0x00000000


mem[X,0x800192E4] -> 0x006F
mem[X,0x800192E6] -> 0x00C0
[2695] [M]: 0x800192E4 (0x00C0006F) jal zero, 12


mem[X,0x800192F0] -> 0x0663
mem[X,0x800192F2] -> 0x00B5
[2696] [M]: 0x800192F0 (0x00B50663) beq a0, a1, 12


mem[X,0x800192F4] -> 0x0113
mem[X,0x800192F6] -> 0x0021
[2697] [M]: 0x800192F4 (0x00210113) addi sp, sp, 2
x2 <- 0x00000002


mem[X,0x800192F8] -> 0x006F
mem[X,0x800192FA] -> 0x00C0
[2698] [M]: 0x800192F8 (0x00C0006F) jal zero, 12


mem[X,0x80019304] -> 0xA023
mem[X,0x80019306] -> 0x4220
[2699] [M]: 0x80019304 (0x4220A023) sw sp, 1056(ra)
mem[0x8003A588] <- 0x00000002


clint::tick mtime <- 0x000000000000001B
 clint timer pending at mtime 0x000000000000001B
htif::tick 0x0000000000000000
mem[X,0x80019308] -> 0x0513
mem[X,0x8001930A] -> 0x0020
[2700] [M]: 0x80019308 (0x00200513) addi a0, zero, 2
x10 <- 0x00000002


mem[X,0x8001930C] -> 0x65B7
mem[X,0x8001930E] -> 0x6666
[2701] [M]: 0x8001930C (0x666665B7) lui a1, 419430
x11 <- 0x66666000


mem[X,0x80019310] -> 0x8593
mem[X,0x80019312] -> 0x6655
[2702] [M]: 0x80019310 (0x66558593) addi a1, a1, 1637
x11 <- 0x66666665


mem[X,0x80019314] -> 0x0113
mem[X,0x80019316] -> 0x0000
[2703] [M]: 0x80019314 (0x00000113) addi sp, zero, 0
x2 <- 0x00000000


mem[X,0x80019318] -> 0x006F
mem[X,0x8001931A] -> 0x0140
[2704] [M]: 0x80019318 (0x0140006F) jal zero, 20


mem[X,0x8001932C] -> 0x08E3
mem[X,0x8001932E] -> 0xFEB5
[2705] [M]: 0x8001932C (0xFEB508E3) beq a0, a1, 8176


mem[X,0x80019330] -> 0x0113
mem[X,0x80019332] -> 0x0021
[2706] [M]: 0x80019330 (0x00210113) addi sp, sp, 2
x2 <- 0x00000002


mem[X,0x80019334] -> 0x006F
mem[X,0x80019336] -> 0x00C0
[2707] [M]: 0x80019334 (0x00C0006F) jal zero, 12


mem[X,0x80019340] -> 0xA223
mem[X,0x80019342] -> 0x4220
[2708] [M]: 0x80019340 (0x4220A223) sw sp, 1060(ra)
mem[0x8003A58C] <- 0x00000002


mem[X,0x80019344] -> 0x0513
mem[X,0x80019346] -> 0x0020
[2709] [M]: 0x80019344 (0x00200513) addi a0, zero, 2
x10 <- 0x00000002


mem[X,0x80019348] -> 0xB5B7
mem[X,0x8001934A] -> 0x0000
[2710] [M]: 0x80019348 (0x0000B5B7) lui a1, 11
x11 <- 0x0000B000


mem[X,0x8001934C] -> 0x8593
mem[X,0x8001934E] -> 0x5035
[2711] [M]: 0x8001934C (0x50358593) addi a1, a1, 1283
x11 <- 0x0000B503


mem[X,0x80019350] -> 0x0113
mem[X,0x80019352] -> 0x0000
[2712] [M]: 0x80019350 (0x00000113) addi sp, zero, 0
x2 <- 0x00000000


mem[X,0x80019354] -> 0x006F
mem[X,0x80019356] -> 0x00C0
[2713] [M]: 0x80019354 (0x00C0006F) jal zero, 12


mem[X,0x80019360] -> 0x0063
mem[X,0x80019362] -> 0x02B5
[2714] [M]: 0x80019360 (0x02B50063) beq a0, a1, 32


mem[X,0x80019364] -> 0x0113
mem[X,0x80019366] -> 0x0021
[2715] [M]: 0x80019364 (0x00210113) addi sp, sp, 2
x2 <- 0x00000002


mem[X,0x80019368] -> 0x006F
mem[X,0x8001936A] -> 0x0200
[2716] [M]: 0x80019368 (0x0200006F) jal zero, 32


mem[X,0x80019388] -> 0xA423
mem[X,0x8001938A] -> 0x4220
[2717] [M]: 0x80019388 (0x4220A423) sw sp, 1064(ra)
mem[0x8003A590] <- 0x00000002


mem[X,0x8001938C] -> 0x0513
mem[X,0x8001938E] -> 0x0020
[2718] [M]: 0x8001938C (0x00200513) addi a0, zero, 2
x10 <- 0x00000002


mem[X,0x80019390] -> 0x55B7
mem[X,0x80019392] -> 0x5555
[2719] [M]: 0x80019390 (0x555555B7) lui a1, 349525
x11 <- 0x55555000


mem[X,0x80019394] -> 0x8593
mem[X,0x80019396] -> 0x5565
[2720] [M]: 0x80019394 (0x55658593) addi a1, a1, 1366
x11 <- 0x55555556


mem[X,0x80019398] -> 0x0113
mem[X,0x8001939A] -> 0x0000
[2721] [M]: 0x80019398 (0x00000113) addi sp, zero, 0
x2 <- 0x00000000


mem[X,0x8001939C] -> 0x006F
mem[X,0x8001939E] -> 0x00C0
[2722] [M]: 0x8001939C (0x00C0006F) jal zero, 12


mem[X,0x800193A8] -> 0x0063
mem[X,0x800193AA] -> 0x04B5
[2723] [M]: 0x800193A8 (0x04B50063) beq a0, a1, 64


mem[X,0x800193AC] -> 0x0113
mem[X,0x800193AE] -> 0x0021
[2724] [M]: 0x800193AC (0x00210113) addi sp, sp, 2
x2 <- 0x00000002


mem[X,0x800193B0] -> 0x006F
mem[X,0x800193B2] -> 0x0400
[2725] [M]: 0x800193B0 (0x0400006F) jal zero, 64


mem[X,0x800193F0] -> 0xA623
mem[X,0x800193F2] -> 0x4220
[2726] [M]: 0x800193F0 (0x4220A623) sw sp, 1068(ra)
mem[0x8003A594] <- 0x00000002


mem[X,0x800193F4] -> 0x0513
mem[X,0x800193F6] -> 0x0020
[2727] [M]: 0x800193F4 (0x00200513) addi a0, zero, 2
x10 <- 0x00000002


mem[X,0x800193F8] -> 0xB5B7
mem[X,0x800193FA] -> 0xAAAA
[2728] [M]: 0x800193F8 (0xAAAAB5B7) lui a1, 699051
x11 <- 0xAAAAB000


mem[X,0x800193FC] -> 0x8593
mem[X,0x800193FE] -> 0xAAB5
[2729] [M]: 0x800193FC (0xAAB58593) addi a1, a1, 2731
x11 <- 0xAAAAAAAB


mem[X,0x80019400] -> 0x0113
mem[X,0x80019402] -> 0x0000
[2730] [M]: 0x80019400 (0x00000113) addi sp, zero, 0
x2 <- 0x00000000


mem[X,0x80019404] -> 0x006F
mem[X,0x80019406] -> 0x00C0
[2731] [M]: 0x80019404 (0x00C0006F) jal zero, 12


mem[X,0x80019410] -> 0x0063
mem[X,0x80019412] -> 0x20B5
[2732] [M]: 0x80019410 (0x20B50063) beq a0, a1, 512


mem[X,0x80019414] -> 0x0113
mem[X,0x80019416] -> 0x0021
[2733] [M]: 0x80019414 (0x00210113) addi sp, sp, 2
x2 <- 0x00000002


mem[X,0x80019418] -> 0x006F
mem[X,0x8001941A] -> 0x2000
[2734] [M]: 0x80019418 (0x2000006F) jal zero, 512


mem[X,0x80019618] -> 0xA823
mem[X,0x8001961A] -> 0x4220
[2735] [M]: 0x80019618 (0x4220A823) sw sp, 1072(ra)
mem[0x8003A598] <- 0x00000002


mem[X,0x8001961C] -> 0x0513
mem[X,0x8001961E] -> 0x0020
[2736] [M]: 0x8001961C (0x00200513) addi a0, zero, 2
x10 <- 0x00000002


mem[X,0x80019620] -> 0x0593
mem[X,0x80019622] -> 0x0060
[2737] [M]: 0x80019620 (0x00600593) addi a1, zero, 6
x11 <- 0x00000006


mem[X,0x80019624] -> 0x0113
mem[X,0x80019626] -> 0x0000
[2738] [M]: 0x80019624 (0x00000113) addi sp, zero, 0
x2 <- 0x00000000


mem[X,0x80019628] -> 0x006F
mem[X,0x8001962A] -> 0x00C0
[2739] [M]: 0x80019628 (0x00C0006F) jal zero, 12


mem[X,0x80019634] -> 0x0063
mem[X,0x80019636] -> 0x04B5
[2740] [M]: 0x80019634 (0x04B50063) beq a0, a1, 64


mem[X,0x80019638] -> 0x0113
mem[X,0x8001963A] -> 0x0021
[2741] [M]: 0x80019638 (0x00210113) addi sp, sp, 2
x2 <- 0x00000002


mem[X,0x8001963C] -> 0x006F
mem[X,0x8001963E] -> 0x0400
[2742] [M]: 0x8001963C (0x0400006F) jal zero, 64


mem[X,0x8001967C] -> 0xAA23
mem[X,0x8001967E] -> 0x4220
[2743] [M]: 0x8001967C (0x4220AA23) sw sp, 1076(ra)
mem[0x8003A59C] <- 0x00000002


mem[X,0x80019680] -> 0x0513
mem[X,0x80019682] -> 0x0020
[2744] [M]: 0x80019680 (0x00200513) addi a0, zero, 2
x10 <- 0x00000002


mem[X,0x80019684] -> 0x35B7
mem[X,0x80019686] -> 0x3333
[2745] [M]: 0x80019684 (0x333335B7) lui a1, 209715
x11 <- 0x33333000


mem[X,0x80019688] -> 0x8593
mem[X,0x8001968A] -> 0x3345
[2746] [M]: 0x80019688 (0x33458593) addi a1, a1, 820
x11 <- 0x33333334


mem[X,0x8001968C] -> 0x0113
mem[X,0x8001968E] -> 0x0000
[2747] [M]: 0x8001968C (0x00000113) addi sp, zero, 0
x2 <- 0x00000000


mem[X,0x80019690] -> 0x006F
mem[X,0x80019692] -> 0x0050
[2748] [M]: 0x80019690 (0x0050006F) jal zero, 2052


mem[X,0x80019E94] -> 0x00E3
mem[X,0x80019E96] -> 0x80B5
[2749] [M]: 0x80019E94 (0x80B500E3) beq a0, a1, 6144


mem[X,0x80019E98] -> 0x0113
mem[X,0x80019E9A] -> 0x0021
[2750] [M]: 0x80019E98 (0x00210113) addi sp, sp, 2
x2 <- 0x00000002


mem[X,0x80019E9C] -> 0x006F
mem[X,0x80019E9E] -> 0x00C0
[2751] [M]: 0x80019E9C (0x00C0006F) jal zero, 12


mem[X,0x80019EA8] -> 0xAC23
mem[X,0x80019EAA] -> 0x4220
[2752] [M]: 0x80019EA8 (0x4220AC23) sw sp, 1080(ra)
mem[0x8003A5A0] <- 0x00000002


mem[X,0x80019EAC] -> 0x0513
mem[X,0x80019EAE] -> 0x0020
[2753] [M]: 0x80019EAC (0x00200513) addi a0, zero, 2
x10 <- 0x00000002


mem[X,0x80019EB0] -> 0x65B7
mem[X,0x80019EB2] -> 0x6666
[2754] [M]: 0x80019EB0 (0x666665B7) lui a1, 419430
x11 <- 0x66666000


mem[X,0x80019EB4] -> 0x8593
mem[X,0x80019EB6] -> 0x6675
[2755] [M]: 0x80019EB4 (0x66758593) addi a1, a1, 1639
x11 <- 0x66666667


mem[X,0x80019EB8] -> 0x0113
mem[X,0x80019EBA] -> 0x0000
[2756] [M]: 0x80019EB8 (0x00000113) addi sp, zero, 0
x2 <- 0x00000000


mem[X,0x80019EBC] -> 0x006F
mem[X,0x80019EBE] -> 0x00C0
[2757] [M]: 0x80019EBC (0x00C0006F) jal zero, 12


mem[X,0x80019EC8] -> 0x0CE3
mem[X,0x80019ECA] -> 0xFEB5
[2758] [M]: 0x80019EC8 (0xFEB50CE3) beq a0, a1, 8184


mem[X,0x80019ECC] -> 0x0113
mem[X,0x80019ECE] -> 0x0021
[2759] [M]: 0x80019ECC (0x00210113) addi sp, sp, 2
x2 <- 0x00000002


mem[X,0x80019ED0] -> 0x006F
mem[X,0x80019ED2] -> 0x00C0
[2760] [M]: 0x80019ED0 (0x00C0006F) jal zero, 12


mem[X,0x80019EDC] -> 0xAE23
mem[X,0x80019EDE] -> 0x4220
[2761] [M]: 0x80019EDC (0x4220AE23) sw sp, 1084(ra)
mem[0x8003A5A4] <- 0x00000002


mem[X,0x80019EE0] -> 0x0513
mem[X,0x80019EE2] -> 0x0020
[2762] [M]: 0x80019EE0 (0x00200513) addi a0, zero, 2
x10 <- 0x00000002


mem[X,0x80019EE4] -> 0x55B7
mem[X,0x80019EE6] -> 0xFFFF
[2763] [M]: 0x80019EE4 (0xFFFF55B7) lui a1, 1048565
x11 <- 0xFFFF5000


mem[X,0x80019EE8] -> 0x8593
mem[X,0x80019EEA] -> 0xAFD5
[2764] [M]: 0x80019EE8 (0xAFD58593) addi a1, a1, 2813
x11 <- 0xFFFF4AFD


mem[X,0x80019EEC] -> 0x0113
mem[X,0x80019EEE] -> 0x0000
[2765] [M]: 0x80019EEC (0x00000113) addi sp, zero, 0
x2 <- 0x00000000


mem[X,0x80019EF0] -> 0x006F
mem[X,0x80019EF2] -> 0x00C0
[2766] [M]: 0x80019EF0 (0x00C0006F) jal zero, 12


mem[X,0x80019EFC] -> 0x0663
mem[X,0x80019EFE] -> 0x00B5
[2767] [M]: 0x80019EFC (0x00B50663) beq a0, a1, 12


mem[X,0x80019F00] -> 0x0113
mem[X,0x80019F02] -> 0x0021
[2768] [M]: 0x80019F00 (0x00210113) addi sp, sp, 2
x2 <- 0x00000002


mem[X,0x80019F04] -> 0x006F
mem[X,0x80019F06] -> 0x00C0
[2769] [M]: 0x80019F04 (0x00C0006F) jal zero, 12


mem[X,0x80019F10] -> 0xA023
mem[X,0x80019F12] -> 0x4420
[2770] [M]: 0x80019F10 (0x4420A023) sw sp, 1088(ra)
mem[0x8003A5A8] <- 0x00000002


mem[X,0x80019F14] -> 0x0513
mem[X,0x80019F16] -> 0x0020
[2771] [M]: 0x80019F14 (0x00200513) addi a0, zero, 2
x10 <- 0x00000002


mem[X,0x80019F18] -> 0xB5B7
mem[X,0x80019F1A] -> 0x0000
[2772] [M]: 0x80019F18 (0x0000B5B7) lui a1, 11
x11 <- 0x0000B000


mem[X,0x80019F1C] -> 0x8593
mem[X,0x80019F1E] -> 0x5055
[2773] [M]: 0x80019F1C (0x50558593) addi a1, a1, 1285
x11 <- 0x0000B505


mem[X,0x80019F20] -> 0x0113
mem[X,0x80019F22] -> 0x0000
[2774] [M]: 0x80019F20 (0x00000113) addi sp, zero, 0
x2 <- 0x00000000


mem[X,0x80019F24] -> 0x006F
mem[X,0x80019F26] -> 0x00C0
[2775] [M]: 0x80019F24 (0x00C0006F) jal zero, 12


mem[X,0x80019F30] -> 0x0663
mem[X,0x80019F32] -> 0x00B5
[2776] [M]: 0x80019F30 (0x00B50663) beq a0, a1, 12


mem[X,0x80019F34] -> 0x0113
mem[X,0x80019F36] -> 0x0021
[2777] [M]: 0x80019F34 (0x00210113) addi sp, sp, 2
x2 <- 0x00000002


mem[X,0x80019F38] -> 0x006F
mem[X,0x80019F3A] -> 0x00C0
[2778] [M]: 0x80019F38 (0x00C0006F) jal zero, 12


mem[X,0x80019F44] -> 0xA223
mem[X,0x80019F46] -> 0x4420
[2779] [M]: 0x80019F44 (0x4420A223) sw sp, 1092(ra)
mem[0x8003A5AC] <- 0x00000002


mem[X,0x80019F48] -> 0x5537
mem[X,0x80019F4A] -> 0x5555
[2780] [M]: 0x80019F48 (0x55555537) lui a0, 349525
x10 <- 0x55555000


mem[X,0x80019F4C] -> 0x0513
mem[X,0x80019F4E] -> 0x5545
[2781] [M]: 0x80019F4C (0x55450513) addi a0, a0, 1364
x10 <- 0x55555554


mem[X,0x80019F50] -> 0x0593
mem[X,0x80019F52] -> 0x0030
[2782] [M]: 0x80019F50 (0x00300593) addi a1, zero, 3
x11 <- 0x00000003


mem[X,0x80019F54] -> 0x0113
mem[X,0x80019F56] -> 0x0000
[2783] [M]: 0x80019F54 (0x00000113) addi sp, zero, 0
x2 <- 0x00000000


mem[X,0x80019F58] -> 0x006F
mem[X,0x80019F5A] -> 0x00C0
[2784] [M]: 0x80019F58 (0x00C0006F) jal zero, 12


mem[X,0x80019F64] -> 0x0CE3
mem[X,0x80019F66] -> 0xFEB5
[2785] [M]: 0x80019F64 (0xFEB50CE3) beq a0, a1, 8184


mem[X,0x80019F68] -> 0x0113
mem[X,0x80019F6A] -> 0x0021
[2786] [M]: 0x80019F68 (0x00210113) addi sp, sp, 2
x2 <- 0x00000002


mem[X,0x80019F6C] -> 0x006F
mem[X,0x80019F6E] -> 0x00C0
[2787] [M]: 0x80019F6C (0x00C0006F) jal zero, 12


mem[X,0x80019F78] -> 0xA423
mem[X,0x80019F7A] -> 0x4420
[2788] [M]: 0x80019F78 (0x4420A423) sw sp, 1096(ra)
mem[0x8003A5B0] <- 0x00000002


mem[X,0x80019F7C] -> 0x5537
mem[X,0x80019F7E] -> 0x5555
[2789] [M]: 0x80019F7C (0x55555537) lui a0, 349525
x10 <- 0x55555000


mem[X,0x80019F80] -> 0x0513
mem[X,0x80019F82] -> 0x5545
[2790] [M]: 0x80019F80 (0x55450513) addi a0, a0, 1364
x10 <- 0x55555554


mem[X,0x80019F84] -> 0x55B7
mem[X,0x80019F86] -> 0x5555
[2791] [M]: 0x80019F84 (0x555555B7) lui a1, 349525
x11 <- 0x55555000


mem[X,0x80019F88] -> 0x8593
mem[X,0x80019F8A] -> 0x5555
[2792] [M]: 0x80019F88 (0x55558593) addi a1, a1, 1365
x11 <- 0x55555555


mem[X,0x80019F8C] -> 0x0113
mem[X,0x80019F8E] -> 0x0000
[2793] [M]: 0x80019F8C (0x00000113) addi sp, zero, 0
x2 <- 0x00000000


mem[X,0x80019F90] -> 0x006F
mem[X,0x80019F92] -> 0x00C0
[2794] [M]: 0x80019F90 (0x00C0006F) jal zero, 12


mem[X,0x80019F9C] -> 0x0CE3
mem[X,0x80019F9E] -> 0xFEB5
[2795] [M]: 0x80019F9C (0xFEB50CE3) beq a0, a1, 8184


mem[X,0x80019FA0] -> 0x0113
mem[X,0x80019FA2] -> 0x0021
[2796] [M]: 0x80019FA0 (0x00210113) addi sp, sp, 2
x2 <- 0x00000002


mem[X,0x80019FA4] -> 0x006F
mem[X,0x80019FA6] -> 0x00C0
[2797] [M]: 0x80019FA4 (0x00C0006F) jal zero, 12


mem[X,0x80019FB0] -> 0xA623
mem[X,0x80019FB2] -> 0x4420
[2798] [M]: 0x80019FB0 (0x4420A623) sw sp, 1100(ra)
mem[0x8003A5B4] <- 0x00000002


mem[X,0x80019FB4] -> 0x5537
mem[X,0x80019FB6] -> 0x5555
[2799] [M]: 0x80019FB4 (0x55555537) lui a0, 349525
x10 <- 0x55555000


clint::tick mtime <- 0x000000000000001C
 clint timer pending at mtime 0x000000000000001C
htif::tick 0x0000000000000000
mem[X,0x80019FB8] -> 0x0513
mem[X,0x80019FBA] -> 0x5545
[2800] [M]: 0x80019FB8 (0x55450513) addi a0, a0, 1364
x10 <- 0x55555554


mem[X,0x80019FBC] -> 0xB5B7
mem[X,0x80019FBE] -> 0xAAAA
[2801] [M]: 0x80019FBC (0xAAAAB5B7) lui a1, 699051
x11 <- 0xAAAAB000


mem[X,0x80019FC0] -> 0x8593
mem[X,0x80019FC2] -> 0xAAA5
[2802] [M]: 0x80019FC0 (0xAAA58593) addi a1, a1, 2730
x11 <- 0xAAAAAAAA


mem[X,0x80019FC4] -> 0x0113
mem[X,0x80019FC6] -> 0x0000
[2803] [M]: 0x80019FC4 (0x00000113) addi sp, zero, 0
x2 <- 0x00000000


mem[X,0x80019FC8] -> 0x006F
mem[X,0x80019FCA] -> 0x00C0
[2804] [M]: 0x80019FC8 (0x00C0006F) jal zero, 12


mem[X,0x80019FD4] -> 0x0663
mem[X,0x80019FD6] -> 0x00B5
[2805] [M]: 0x80019FD4 (0x00B50663) beq a0, a1, 12


mem[X,0x80019FD8] -> 0x0113
mem[X,0x80019FDA] -> 0x0021
[2806] [M]: 0x80019FD8 (0x00210113) addi sp, sp, 2
x2 <- 0x00000002


mem[X,0x80019FDC] -> 0x006F
mem[X,0x80019FDE] -> 0x00C0
[2807] [M]: 0x80019FDC (0x00C0006F) jal zero, 12


mem[X,0x80019FE8] -> 0xA823
mem[X,0x80019FEA] -> 0x4420
[2808] [M]: 0x80019FE8 (0x4420A823) sw sp, 1104(ra)
mem[0x8003A5B8] <- 0x00000002


mem[X,0x80019FEC] -> 0x5537
mem[X,0x80019FEE] -> 0x5555
[2809] [M]: 0x80019FEC (0x55555537) lui a0, 349525
x10 <- 0x55555000


mem[X,0x80019FF0] -> 0x0513
mem[X,0x80019FF2] -> 0x5545
[2810] [M]: 0x80019FF0 (0x55450513) addi a0, a0, 1364
x10 <- 0x55555554


mem[X,0x80019FF4] -> 0x0593
mem[X,0x80019FF6] -> 0x0050
[2811] [M]: 0x80019FF4 (0x00500593) addi a1, zero, 5
x11 <- 0x00000005


mem[X,0x80019FF8] -> 0x0113
mem[X,0x80019FFA] -> 0x0000
[2812] [M]: 0x80019FF8 (0x00000113) addi sp, zero, 0
x2 <- 0x00000000


mem[X,0x80019FFC] -> 0x006F
mem[X,0x80019FFE] -> 0x00C0
[2813] [M]: 0x80019FFC (0x00C0006F) jal zero, 12


mem[X,0x8001A008] -> 0x0663
mem[X,0x8001A00A] -> 0x00B5
[2814] [M]: 0x8001A008 (0x00B50663) beq a0, a1, 12


mem[X,0x8001A00C] -> 0x0113
mem[X,0x8001A00E] -> 0x0021
[2815] [M]: 0x8001A00C (0x00210113) addi sp, sp, 2
x2 <- 0x00000002


mem[X,0x8001A010] -> 0x006F
mem[X,0x8001A012] -> 0x00C0
[2816] [M]: 0x8001A010 (0x00C0006F) jal zero, 12


mem[X,0x8001A01C] -> 0xAA23
mem[X,0x8001A01E] -> 0x4420
[2817] [M]: 0x8001A01C (0x4420AA23) sw sp, 1108(ra)
mem[0x8003A5BC] <- 0x00000002


mem[X,0x8001A020] -> 0x5537
mem[X,0x8001A022] -> 0x5555
[2818] [M]: 0x8001A020 (0x55555537) lui a0, 349525
x10 <- 0x55555000


mem[X,0x8001A024] -> 0x0513
mem[X,0x8001A026] -> 0x5545
[2819] [M]: 0x8001A024 (0x55450513) addi a0, a0, 1364
x10 <- 0x55555554


mem[X,0x8001A028] -> 0x35B7
mem[X,0x8001A02A] -> 0x3333
[2820] [M]: 0x8001A028 (0x333335B7) lui a1, 209715
x11 <- 0x33333000


mem[X,0x8001A02C] -> 0x8593
mem[X,0x8001A02E] -> 0x3335
[2821] [M]: 0x8001A02C (0x33358593) addi a1, a1, 819
x11 <- 0x33333333


mem[X,0x8001A030] -> 0x0113
mem[X,0x8001A032] -> 0x0000
[2822] [M]: 0x8001A030 (0x00000113) addi sp, zero, 0
x2 <- 0x00000000


mem[X,0x8001A034] -> 0x006F
mem[X,0x8001A036] -> 0x00C0
[2823] [M]: 0x8001A034 (0x00C0006F) jal zero, 12


mem[X,0x8001A040] -> 0x0CE3
mem[X,0x8001A042] -> 0xFEB5
[2824] [M]: 0x8001A040 (0xFEB50CE3) beq a0, a1, 8184


mem[X,0x8001A044] -> 0x0113
mem[X,0x8001A046] -> 0x0021
[2825] [M]: 0x8001A044 (0x00210113) addi sp, sp, 2
x2 <- 0x00000002


mem[X,0x8001A048] -> 0x006F
mem[X,0x8001A04A] -> 0x00C0
[2826] [M]: 0x8001A048 (0x00C0006F) jal zero, 12


mem[X,0x8001A054] -> 0xAC23
mem[X,0x8001A056] -> 0x4420
[2827] [M]: 0x8001A054 (0x4420AC23) sw sp, 1112(ra)
mem[0x8003A5C0] <- 0x00000002


mem[X,0x8001A058] -> 0x5537
mem[X,0x8001A05A] -> 0x5555
[2828] [M]: 0x8001A058 (0x55555537) lui a0, 349525
x10 <- 0x55555000


mem[X,0x8001A05C] -> 0x0513
mem[X,0x8001A05E] -> 0x5545
[2829] [M]: 0x8001A05C (0x55450513) addi a0, a0, 1364
x10 <- 0x55555554


mem[X,0x8001A060] -> 0x65B7
mem[X,0x8001A062] -> 0x6666
[2830] [M]: 0x8001A060 (0x666665B7) lui a1, 419430
x11 <- 0x66666000


mem[X,0x8001A064] -> 0x8593
mem[X,0x8001A066] -> 0x6665
[2831] [M]: 0x8001A064 (0x66658593) addi a1, a1, 1638
x11 <- 0x66666666


mem[X,0x8001A068] -> 0x0113
mem[X,0x8001A06A] -> 0x0000
[2832] [M]: 0x8001A068 (0x00000113) addi sp, zero, 0
x2 <- 0x00000000


mem[X,0x8001A06C] -> 0x006F
mem[X,0x8001A06E] -> 0x00C0
[2833] [M]: 0x8001A06C (0x00C0006F) jal zero, 12


mem[X,0x8001A078] -> 0x0CE3
mem[X,0x8001A07A] -> 0xFEB5
[2834] [M]: 0x8001A078 (0xFEB50CE3) beq a0, a1, 8184


mem[X,0x8001A07C] -> 0x0113
mem[X,0x8001A07E] -> 0x0021
[2835] [M]: 0x8001A07C (0x00210113) addi sp, sp, 2
x2 <- 0x00000002


mem[X,0x8001A080] -> 0x006F
mem[X,0x8001A082] -> 0x00C0
[2836] [M]: 0x8001A080 (0x00C0006F) jal zero, 12


mem[X,0x8001A08C] -> 0xAE23
mem[X,0x8001A08E] -> 0x4420
[2837] [M]: 0x8001A08C (0x4420AE23) sw sp, 1116(ra)
mem[0x8003A5C4] <- 0x00000002


mem[X,0x8001A090] -> 0x5537
mem[X,0x8001A092] -> 0x5555
[2838] [M]: 0x8001A090 (0x55555537) lui a0, 349525
x10 <- 0x55555000


mem[X,0x8001A094] -> 0x0513
mem[X,0x8001A096] -> 0x5545
[2839] [M]: 0x8001A094 (0x55450513) addi a0, a0, 1364
x10 <- 0x55555554


mem[X,0x8001A098] -> 0x55B7
mem[X,0x8001A09A] -> 0xFFFF
[2840] [M]: 0x8001A098 (0xFFFF55B7) lui a1, 1048565
x11 <- 0xFFFF5000


mem[X,0x8001A09C] -> 0x8593
mem[X,0x8001A09E] -> 0xAFC5
[2841] [M]: 0x8001A09C (0xAFC58593) addi a1, a1, 2812
x11 <- 0xFFFF4AFC


mem[X,0x8001A0A0] -> 0x0113
mem[X,0x8001A0A2] -> 0x0000
[2842] [M]: 0x8001A0A0 (0x00000113) addi sp, zero, 0
x2 <- 0x00000000


mem[X,0x8001A0A4] -> 0x006F
mem[X,0x8001A0A6] -> 0x0050
[2843] [M]: 0x8001A0A4 (0x0050006F) jal zero, 2052


mem[X,0x8001A8A8] -> 0x00E3
mem[X,0x8001A8AA] -> 0x80B5
[2844] [M]: 0x8001A8A8 (0x80B500E3) beq a0, a1, 6144


mem[X,0x8001A8AC] -> 0x0113
mem[X,0x8001A8AE] -> 0x0021
[2845] [M]: 0x8001A8AC (0x00210113) addi sp, sp, 2
x2 <- 0x00000002


mem[X,0x8001A8B0] -> 0x006F
mem[X,0x8001A8B2] -> 0x00C0
[2846] [M]: 0x8001A8B0 (0x00C0006F) jal zero, 12


mem[X,0x8001A8BC] -> 0xA023
mem[X,0x8001A8BE] -> 0x4620
[2847] [M]: 0x8001A8BC (0x4620A023) sw sp, 1120(ra)
mem[0x8003A5C8] <- 0x00000002


mem[X,0x8001A8C0] -> 0x5537
mem[X,0x8001A8C2] -> 0x5555
[2848] [M]: 0x8001A8C0 (0x55555537) lui a0, 349525
x10 <- 0x55555000


mem[X,0x8001A8C4] -> 0x0513
mem[X,0x8001A8C6] -> 0x5545
[2849] [M]: 0x8001A8C4 (0x55450513) addi a0, a0, 1364
x10 <- 0x55555554


mem[X,0x8001A8C8] -> 0xB5B7
mem[X,0x8001A8CA] -> 0x0000
[2850] [M]: 0x8001A8C8 (0x0000B5B7) lui a1, 11
x11 <- 0x0000B000


mem[X,0x8001A8CC] -> 0x8593
mem[X,0x8001A8CE] -> 0x5045
[2851] [M]: 0x8001A8CC (0x50458593) addi a1, a1, 1284
x11 <- 0x0000B504


mem[X,0x8001A8D0] -> 0x0113
mem[X,0x8001A8D2] -> 0x0000
[2852] [M]: 0x8001A8D0 (0x00000113) addi sp, zero, 0
x2 <- 0x00000000


mem[X,0x8001A8D4] -> 0x006F
mem[X,0x8001A8D6] -> 0x00C0
[2853] [M]: 0x8001A8D4 (0x00C0006F) jal zero, 12


mem[X,0x8001A8E0] -> 0x0063
mem[X,0x8001A8E2] -> 0x10B5
[2854] [M]: 0x8001A8E0 (0x10B50063) beq a0, a1, 256


mem[X,0x8001A8E4] -> 0x0113
mem[X,0x8001A8E6] -> 0x0021
[2855] [M]: 0x8001A8E4 (0x00210113) addi sp, sp, 2
x2 <- 0x00000002


mem[X,0x8001A8E8] -> 0x006F
mem[X,0x8001A8EA] -> 0x1000
[2856] [M]: 0x8001A8E8 (0x1000006F) jal zero, 256


mem[X,0x8001A9E8] -> 0xA223
mem[X,0x8001A9EA] -> 0x4620
[2857] [M]: 0x8001A9E8 (0x4620A223) sw sp, 1124(ra)
mem[0x8003A5CC] <- 0x00000002


mem[X,0x8001A9EC] -> 0x5537
mem[X,0x8001A9EE] -> 0x5555
[2858] [M]: 0x8001A9EC (0x55555537) lui a0, 349525
x10 <- 0x55555000


mem[X,0x8001A9F0] -> 0x0513
mem[X,0x8001A9F2] -> 0x5545
[2859] [M]: 0x8001A9F0 (0x55450513) addi a0, a0, 1364
x10 <- 0x55555554


mem[X,0x8001A9F4] -> 0x0593
mem[X,0x8001A9F6] -> 0x0020
[2860] [M]: 0x8001A9F4 (0x00200593) addi a1, zero, 2
x11 <- 0x00000002


mem[X,0x8001A9F8] -> 0x0113
mem[X,0x8001A9FA] -> 0x0000
[2861] [M]: 0x8001A9F8 (0x00000113) addi sp, zero, 0
x2 <- 0x00000000


mem[X,0x8001A9FC] -> 0x006F
mem[X,0x8001A9FE] -> 0x00C0
[2862] [M]: 0x8001A9FC (0x00C0006F) jal zero, 12


mem[X,0x8001AA08] -> 0x0063
mem[X,0x8001AA0A] -> 0x08B5
[2863] [M]: 0x8001AA08 (0x08B50063) beq a0, a1, 128


mem[X,0x8001AA0C] -> 0x0113
mem[X,0x8001AA0E] -> 0x0021
[2864] [M]: 0x8001AA0C (0x00210113) addi sp, sp, 2
x2 <- 0x00000002


mem[X,0x8001AA10] -> 0x006F
mem[X,0x8001AA12] -> 0x0800
[2865] [M]: 0x8001AA10 (0x0800006F) jal zero, 128


mem[X,0x8001AA90] -> 0xA423
mem[X,0x8001AA92] -> 0x4620
[2866] [M]: 0x8001AA90 (0x4620A423) sw sp, 1128(ra)
mem[0x8003A5D0] <- 0x00000002


mem[X,0x8001AA94] -> 0x5537
mem[X,0x8001AA96] -> 0x5555
[2867] [M]: 0x8001AA94 (0x55555537) lui a0, 349525
x10 <- 0x55555000


mem[X,0x8001AA98] -> 0x0513
mem[X,0x8001AA9A] -> 0x5545
[2868] [M]: 0x8001AA98 (0x55450513) addi a0, a0, 1364
x10 <- 0x55555554


mem[X,0x8001AA9C] -> 0x55B7
mem[X,0x8001AA9E] -> 0x5555
[2869] [M]: 0x8001AA9C (0x555555B7) lui a1, 349525
x11 <- 0x55555000


mem[X,0x8001AAA0] -> 0x8593
mem[X,0x8001AAA2] -> 0x5545
[2870] [M]: 0x8001AAA0 (0x55458593) addi a1, a1, 1364
x11 <- 0x55555554


mem[X,0x8001AAA4] -> 0x0113
mem[X,0x8001AAA6] -> 0x0000
[2871] [M]: 0x8001AAA4 (0x00000113) addi sp, zero, 0
x2 <- 0x00000000


mem[X,0x8001AAA8] -> 0x006F
mem[X,0x8001AAAA] -> 0x00C0
[2872] [M]: 0x8001AAA8 (0x00C0006F) jal zero, 12


mem[X,0x8001AAB4] -> 0x0063
mem[X,0x8001AAB6] -> 0x08B5
[2873] [M]: 0x8001AAB4 (0x08B50063) beq a0, a1, 128


mem[X,0x8001AB34] -> 0x0113
mem[X,0x8001AB36] -> 0x0031
[2874] [M]: 0x8001AB34 (0x00310113) addi sp, sp, 3
x2 <- 0x00000003


mem[X,0x8001AB38] -> 0x006F
mem[X,0x8001AB3A] -> 0x0040
[2875] [M]: 0x8001AB38 (0x0040006F) jal zero, 4


mem[X,0x8001AB3C] -> 0xA623
mem[X,0x8001AB3E] -> 0x4620
[2876] [M]: 0x8001AB3C (0x4620A623) sw sp, 1132(ra)
mem[0x8003A5D4] <- 0x00000003


mem[X,0x8001AB40] -> 0x5537
mem[X,0x8001AB42] -> 0x5555
[2877] [M]: 0x8001AB40 (0x55555537) lui a0, 349525
x10 <- 0x55555000


mem[X,0x8001AB44] -> 0x0513
mem[X,0x8001AB46] -> 0x5545
[2878] [M]: 0x8001AB44 (0x55450513) addi a0, a0, 1364
x10 <- 0x55555554


mem[X,0x8001AB48] -> 0x0593
mem[X,0x8001AB4A] -> 0x0000
[2879] [M]: 0x8001AB48 (0x00000593) addi a1, zero, 0
x11 <- 0x00000000


mem[X,0x8001AB4C] -> 0x0113
mem[X,0x8001AB4E] -> 0x0000
[2880] [M]: 0x8001AB4C (0x00000113) addi sp, zero, 0
x2 <- 0x00000000


mem[X,0x8001AB50] -> 0x006F
mem[X,0x8001AB52] -> 0x00C0
[2881] [M]: 0x8001AB50 (0x00C0006F) jal zero, 12


mem[X,0x8001AB5C] -> 0x0663
mem[X,0x8001AB5E] -> 0x00B5
[2882] [M]: 0x8001AB5C (0x00B50663) beq a0, a1, 12


mem[X,0x8001AB60] -> 0x0113
mem[X,0x8001AB62] -> 0x0021
[2883] [M]: 0x8001AB60 (0x00210113) addi sp, sp, 2
x2 <- 0x00000002


mem[X,0x8001AB64] -> 0x006F
mem[X,0x8001AB66] -> 0x00C0
[2884] [M]: 0x8001AB64 (0x00C0006F) jal zero, 12


mem[X,0x8001AB70] -> 0xA823
mem[X,0x8001AB72] -> 0x4620
[2885] [M]: 0x8001AB70 (0x4620A823) sw sp, 1136(ra)
mem[0x8003A5D8] <- 0x00000002


mem[X,0x8001AB74] -> 0x5537
mem[X,0x8001AB76] -> 0x5555
[2886] [M]: 0x8001AB74 (0x55555537) lui a0, 349525
x10 <- 0x55555000


mem[X,0x8001AB78] -> 0x0513
mem[X,0x8001AB7A] -> 0x5545
[2887] [M]: 0x8001AB78 (0x55450513) addi a0, a0, 1364
x10 <- 0x55555554


mem[X,0x8001AB7C] -> 0x0593
mem[X,0x8001AB7E] -> 0x0040
[2888] [M]: 0x8001AB7C (0x00400593) addi a1, zero, 4
x11 <- 0x00000004


mem[X,0x8001AB80] -> 0x0113
mem[X,0x8001AB82] -> 0x0000
[2889] [M]: 0x8001AB80 (0x00000113) addi sp, zero, 0
x2 <- 0x00000000


mem[X,0x8001AB84] -> 0x006F
mem[X,0x8001AB86] -> 0x0140
[2890] [M]: 0x8001AB84 (0x0140006F) jal zero, 20


mem[X,0x8001AB98] -> 0x08E3
mem[X,0x8001AB9A] -> 0xFEB5
[2891] [M]: 0x8001AB98 (0xFEB508E3) beq a0, a1, 8176


mem[X,0x8001AB9C] -> 0x0113
mem[X,0x8001AB9E] -> 0x0021
[2892] [M]: 0x8001AB9C (0x00210113) addi sp, sp, 2
x2 <- 0x00000002


mem[X,0x8001ABA0] -> 0x006F
mem[X,0x8001ABA2] -> 0x00C0
[2893] [M]: 0x8001ABA0 (0x00C0006F) jal zero, 12


mem[X,0x8001ABAC] -> 0xAA23
mem[X,0x8001ABAE] -> 0x4620
[2894] [M]: 0x8001ABAC (0x4620AA23) sw sp, 1140(ra)
mem[0x8003A5DC] <- 0x00000002


mem[X,0x8001ABB0] -> 0x5537
mem[X,0x8001ABB2] -> 0x5555
[2895] [M]: 0x8001ABB0 (0x55555537) lui a0, 349525
x10 <- 0x55555000


mem[X,0x8001ABB4] -> 0x0513
mem[X,0x8001ABB6] -> 0x5545
[2896] [M]: 0x8001ABB4 (0x55450513) addi a0, a0, 1364
x10 <- 0x55555554


mem[X,0x8001ABB8] -> 0x35B7
mem[X,0x8001ABBA] -> 0x3333
[2897] [M]: 0x8001ABB8 (0x333335B7) lui a1, 209715
x11 <- 0x33333000


mem[X,0x8001ABBC] -> 0x8593
mem[X,0x8001ABBE] -> 0x3325
[2898] [M]: 0x8001ABBC (0x33258593) addi a1, a1, 818
x11 <- 0x33333332


mem[X,0x8001ABC0] -> 0x0113
mem[X,0x8001ABC2] -> 0x0000
[2899] [M]: 0x8001ABC0 (0x00000113) addi sp, zero, 0
x2 <- 0x00000000


clint::tick mtime <- 0x000000000000001D
 clint timer pending at mtime 0x000000000000001D
htif::tick 0x0000000000000000
mem[X,0x8001ABC4] -> 0x006F
mem[X,0x8001ABC6] -> 0x00C0
[2900] [M]: 0x8001ABC4 (0x00C0006F) jal zero, 12


mem[X,0x8001ABD0] -> 0x0663
mem[X,0x8001ABD2] -> 0x00B5
[2901] [M]: 0x8001ABD0 (0x00B50663) beq a0, a1, 12


mem[X,0x8001ABD4] -> 0x0113
mem[X,0x8001ABD6] -> 0x0021
[2902] [M]: 0x8001ABD4 (0x00210113) addi sp, sp, 2
x2 <- 0x00000002


mem[X,0x8001ABD8] -> 0x006F
mem[X,0x8001ABDA] -> 0x00C0
[2903] [M]: 0x8001ABD8 (0x00C0006F) jal zero, 12


mem[X,0x8001ABE4] -> 0xAC23
mem[X,0x8001ABE6] -> 0x4620
[2904] [M]: 0x8001ABE4 (0x4620AC23) sw sp, 1144(ra)
mem[0x8003A5E0] <- 0x00000002


mem[X,0x8001ABE8] -> 0x5537
mem[X,0x8001ABEA] -> 0x5555
[2905] [M]: 0x8001ABE8 (0x55555537) lui a0, 349525
x10 <- 0x55555000


mem[X,0x8001ABEC] -> 0x0513
mem[X,0x8001ABEE] -> 0x5545
[2906] [M]: 0x8001ABEC (0x55450513) addi a0, a0, 1364
x10 <- 0x55555554


mem[X,0x8001ABF0] -> 0x65B7
mem[X,0x8001ABF2] -> 0x6666
[2907] [M]: 0x8001ABF0 (0x666665B7) lui a1, 419430
x11 <- 0x66666000


mem[X,0x8001ABF4] -> 0x8593
mem[X,0x8001ABF6] -> 0x6655
[2908] [M]: 0x8001ABF4 (0x66558593) addi a1, a1, 1637
x11 <- 0x66666665


mem[X,0x8001ABF8] -> 0x0113
mem[X,0x8001ABFA] -> 0x0000
[2909] [M]: 0x8001ABF8 (0x00000113) addi sp, zero, 0
x2 <- 0x00000000


mem[X,0x8001ABFC] -> 0x006F
mem[X,0x8001ABFE] -> 0x00C0
[2910] [M]: 0x8001ABFC (0x00C0006F) jal zero, 12


mem[X,0x8001AC08] -> 0x0063
mem[X,0x8001AC0A] -> 0x02B5
[2911] [M]: 0x8001AC08 (0x02B50063) beq a0, a1, 32


mem[X,0x8001AC0C] -> 0x0113
mem[X,0x8001AC0E] -> 0x0021
[2912] [M]: 0x8001AC0C (0x00210113) addi sp, sp, 2
x2 <- 0x00000002


mem[X,0x8001AC10] -> 0x006F
mem[X,0x8001AC12] -> 0x0200
[2913] [M]: 0x8001AC10 (0x0200006F) jal zero, 32


mem[X,0x8001AC30] -> 0xAE23
mem[X,0x8001AC32] -> 0x4620
[2914] [M]: 0x8001AC30 (0x4620AE23) sw sp, 1148(ra)
mem[0x8003A5E4] <- 0x00000002


mem[X,0x8001AC34] -> 0x5537
mem[X,0x8001AC36] -> 0x5555
[2915] [M]: 0x8001AC34 (0x55555537) lui a0, 349525
x10 <- 0x55555000


mem[X,0x8001AC38] -> 0x0513
mem[X,0x8001AC3A] -> 0x5545
[2916] [M]: 0x8001AC38 (0x55450513) addi a0, a0, 1364
x10 <- 0x55555554


mem[X,0x8001AC3C] -> 0xB5B7
mem[X,0x8001AC3E] -> 0x0000
[2917] [M]: 0x8001AC3C (0x0000B5B7) lui a1, 11
x11 <- 0x0000B000


mem[X,0x8001AC40] -> 0x8593
mem[X,0x8001AC42] -> 0x5035
[2918] [M]: 0x8001AC40 (0x50358593) addi a1, a1, 1283
x11 <- 0x0000B503


mem[X,0x8001AC44] -> 0x0113
mem[X,0x8001AC46] -> 0x0000
[2919] [M]: 0x8001AC44 (0x00000113) addi sp, zero, 0
x2 <- 0x00000000


mem[X,0x8001AC48] -> 0x006F
mem[X,0x8001AC4A] -> 0x00C0
[2920] [M]: 0x8001AC48 (0x00C0006F) jal zero, 12


mem[X,0x8001AC54] -> 0x0CE3
mem[X,0x8001AC56] -> 0xFEB5
[2921] [M]: 0x8001AC54 (0xFEB50CE3) beq a0, a1, 8184


mem[X,0x8001AC58] -> 0x0113
mem[X,0x8001AC5A] -> 0x0021
[2922] [M]: 0x8001AC58 (0x00210113) addi sp, sp, 2
x2 <- 0x00000002


mem[X,0x8001AC5C] -> 0x006F
mem[X,0x8001AC5E] -> 0x00C0
[2923] [M]: 0x8001AC5C (0x00C0006F) jal zero, 12


mem[X,0x8001AC68] -> 0xA023
mem[X,0x8001AC6A] -> 0x4820
[2924] [M]: 0x8001AC68 (0x4820A023) sw sp, 1152(ra)
mem[0x8003A5E8] <- 0x00000002


mem[X,0x8001AC6C] -> 0x5537
mem[X,0x8001AC6E] -> 0x5555
[2925] [M]: 0x8001AC6C (0x55555537) lui a0, 349525
x10 <- 0x55555000


mem[X,0x8001AC70] -> 0x0513
mem[X,0x8001AC72] -> 0x5545
[2926] [M]: 0x8001AC70 (0x55450513) addi a0, a0, 1364
x10 <- 0x55555554


mem[X,0x8001AC74] -> 0x55B7
mem[X,0x8001AC76] -> 0x5555
[2927] [M]: 0x8001AC74 (0x555555B7) lui a1, 349525
x11 <- 0x55555000


mem[X,0x8001AC78] -> 0x8593
mem[X,0x8001AC7A] -> 0x5565
[2928] [M]: 0x8001AC78 (0x55658593) addi a1, a1, 1366
x11 <- 0x55555556


mem[X,0x8001AC7C] -> 0x0113
mem[X,0x8001AC7E] -> 0x0000
[2929] [M]: 0x8001AC7C (0x00000113) addi sp, zero, 0
x2 <- 0x00000000


mem[X,0x8001AC80] -> 0x006F
mem[X,0x8001AC82] -> 0x00C0
[2930] [M]: 0x8001AC80 (0x00C0006F) jal zero, 12


mem[X,0x8001AC8C] -> 0x0CE3
mem[X,0x8001AC8E] -> 0xFEB5
[2931] [M]: 0x8001AC8C (0xFEB50CE3) beq a0, a1, 8184


mem[X,0x8001AC90] -> 0x0113
mem[X,0x8001AC92] -> 0x0021
[2932] [M]: 0x8001AC90 (0x00210113) addi sp, sp, 2
x2 <- 0x00000002


mem[X,0x8001AC94] -> 0x006F
mem[X,0x8001AC96] -> 0x00C0
[2933] [M]: 0x8001AC94 (0x00C0006F) jal zero, 12


mem[X,0x8001ACA0] -> 0xA223
mem[X,0x8001ACA2] -> 0x4820
[2934] [M]: 0x8001ACA0 (0x4820A223) sw sp, 1156(ra)
mem[0x8003A5EC] <- 0x00000002


mem[X,0x8001ACA4] -> 0x5537
mem[X,0x8001ACA6] -> 0x5555
[2935] [M]: 0x8001ACA4 (0x55555537) lui a0, 349525
x10 <- 0x55555000


mem[X,0x8001ACA8] -> 0x0513
mem[X,0x8001ACAA] -> 0x5545
[2936] [M]: 0x8001ACA8 (0x55450513) addi a0, a0, 1364
x10 <- 0x55555554


mem[X,0x8001ACAC] -> 0xB5B7
mem[X,0x8001ACAE] -> 0xAAAA
[2937] [M]: 0x8001ACAC (0xAAAAB5B7) lui a1, 699051
x11 <- 0xAAAAB000


mem[X,0x8001ACB0] -> 0x8593
mem[X,0x8001ACB2] -> 0xAAB5
[2938] [M]: 0x8001ACB0 (0xAAB58593) addi a1, a1, 2731
x11 <- 0xAAAAAAAB


mem[X,0x8001ACB4] -> 0x0113
mem[X,0x8001ACB6] -> 0x0000
[2939] [M]: 0x8001ACB4 (0x00000113) addi sp, zero, 0
x2 <- 0x00000000


mem[X,0x8001ACB8] -> 0x006F
mem[X,0x8001ACBA] -> 0x00C0
[2940] [M]: 0x8001ACB8 (0x00C0006F) jal zero, 12


mem[X,0x8001ACC4] -> 0x0063
mem[X,0x8001ACC6] -> 0x10B5
[2941] [M]: 0x8001ACC4 (0x10B50063) beq a0, a1, 256


mem[X,0x8001ACC8] -> 0x0113
mem[X,0x8001ACCA] -> 0x0021
[2942] [M]: 0x8001ACC8 (0x00210113) addi sp, sp, 2
x2 <- 0x00000002


mem[X,0x8001ACCC] -> 0x006F
mem[X,0x8001ACCE] -> 0x1000
[2943] [M]: 0x8001ACCC (0x1000006F) jal zero, 256


mem[X,0x8001ADCC] -> 0xA423
mem[X,0x8001ADCE] -> 0x4820
[2944] [M]: 0x8001ADCC (0x4820A423) sw sp, 1160(ra)
mem[0x8003A5F0] <- 0x00000002


mem[X,0x8001ADD0] -> 0x5537
mem[X,0x8001ADD2] -> 0x5555
[2945] [M]: 0x8001ADD0 (0x55555537) lui a0, 349525
x10 <- 0x55555000


mem[X,0x8001ADD4] -> 0x0513
mem[X,0x8001ADD6] -> 0x5545
[2946] [M]: 0x8001ADD4 (0x55450513) addi a0, a0, 1364
x10 <- 0x55555554


mem[X,0x8001ADD8] -> 0x0593
mem[X,0x8001ADDA] -> 0x0060
[2947] [M]: 0x8001ADD8 (0x00600593) addi a1, zero, 6
x11 <- 0x00000006


mem[X,0x8001ADDC] -> 0x0113
mem[X,0x8001ADDE] -> 0x0000
[2948] [M]: 0x8001ADDC (0x00000113) addi sp, zero, 0
x2 <- 0x00000000


mem[X,0x8001ADE0] -> 0x006F
mem[X,0x8001ADE2] -> 0x00C0
[2949] [M]: 0x8001ADE0 (0x00C0006F) jal zero, 12


mem[X,0x8001ADEC] -> 0x0063
mem[X,0x8001ADEE] -> 0x20B5
[2950] [M]: 0x8001ADEC (0x20B50063) beq a0, a1, 512


mem[X,0x8001ADF0] -> 0x0113
mem[X,0x8001ADF2] -> 0x0021
[2951] [M]: 0x8001ADF0 (0x00210113) addi sp, sp, 2
x2 <- 0x00000002


mem[X,0x8001ADF4] -> 0x006F
mem[X,0x8001ADF6] -> 0x2000
[2952] [M]: 0x8001ADF4 (0x2000006F) jal zero, 512


mem[X,0x8001AFF4] -> 0xA623
mem[X,0x8001AFF6] -> 0x4820
[2953] [M]: 0x8001AFF4 (0x4820A623) sw sp, 1164(ra)
mem[0x8003A5F4] <- 0x00000002


mem[X,0x8001AFF8] -> 0x5537
mem[X,0x8001AFFA] -> 0x5555
[2954] [M]: 0x8001AFF8 (0x55555537) lui a0, 349525
x10 <- 0x55555000


mem[X,0x8001AFFC] -> 0x0513
mem[X,0x8001AFFE] -> 0x5545
[2955] [M]: 0x8001AFFC (0x55450513) addi a0, a0, 1364
x10 <- 0x55555554


mem[X,0x8001B000] -> 0x35B7
mem[X,0x8001B002] -> 0x3333
[2956] [M]: 0x8001B000 (0x333335B7) lui a1, 209715
x11 <- 0x33333000


mem[X,0x8001B004] -> 0x8593
mem[X,0x8001B006] -> 0x3345
[2957] [M]: 0x8001B004 (0x33458593) addi a1, a1, 820
x11 <- 0x33333334


mem[X,0x8001B008] -> 0x0113
mem[X,0x8001B00A] -> 0x0000
[2958] [M]: 0x8001B008 (0x00000113) addi sp, zero, 0
x2 <- 0x00000000


mem[X,0x8001B00C] -> 0x006F
mem[X,0x8001B00E] -> 0x00C0
[2959] [M]: 0x8001B00C (0x00C0006F) jal zero, 12


mem[X,0x8001B018] -> 0x0063
mem[X,0x8001B01A] -> 0x40B5
[2960] [M]: 0x8001B018 (0x40B50063) beq a0, a1, 1024


mem[X,0x8001B01C] -> 0x0113
mem[X,0x8001B01E] -> 0x0021
[2961] [M]: 0x8001B01C (0x00210113) addi sp, sp, 2
x2 <- 0x00000002


mem[X,0x8001B020] -> 0x006F
mem[X,0x8001B022] -> 0x4000
[2962] [M]: 0x8001B020 (0x4000006F) jal zero, 1024


mem[X,0x8001B420] -> 0xA823
mem[X,0x8001B422] -> 0x4820
[2963] [M]: 0x8001B420 (0x4820A823) sw sp, 1168(ra)
mem[0x8003A5F8] <- 0x00000002


mem[X,0x8001B424] -> 0x5537
mem[X,0x8001B426] -> 0x5555
[2964] [M]: 0x8001B424 (0x55555537) lui a0, 349525
x10 <- 0x55555000


mem[X,0x8001B428] -> 0x0513
mem[X,0x8001B42A] -> 0x5545
[2965] [M]: 0x8001B428 (0x55450513) addi a0, a0, 1364
x10 <- 0x55555554


mem[X,0x8001B42C] -> 0x65B7
mem[X,0x8001B42E] -> 0x6666
[2966] [M]: 0x8001B42C (0x666665B7) lui a1, 419430
x11 <- 0x66666000


mem[X,0x8001B430] -> 0x8593
mem[X,0x8001B432] -> 0x6675
[2967] [M]: 0x8001B430 (0x66758593) addi a1, a1, 1639
x11 <- 0x66666667


mem[X,0x8001B434] -> 0x0113
mem[X,0x8001B436] -> 0x0000
[2968] [M]: 0x8001B434 (0x00000113) addi sp, zero, 0
x2 <- 0x00000000


mem[X,0x8001B438] -> 0x006F
mem[X,0x8001B43A] -> 0x00C0
[2969] [M]: 0x8001B438 (0x00C0006F) jal zero, 12


mem[X,0x8001B444] -> 0x0CE3
mem[X,0x8001B446] -> 0xFEB5
[2970] [M]: 0x8001B444 (0xFEB50CE3) beq a0, a1, 8184


mem[X,0x8001B448] -> 0x0113
mem[X,0x8001B44A] -> 0x0021
[2971] [M]: 0x8001B448 (0x00210113) addi sp, sp, 2
x2 <- 0x00000002


mem[X,0x8001B44C] -> 0x006F
mem[X,0x8001B44E] -> 0x00C0
[2972] [M]: 0x8001B44C (0x00C0006F) jal zero, 12


mem[X,0x8001B458] -> 0xAA23
mem[X,0x8001B45A] -> 0x4820
[2973] [M]: 0x8001B458 (0x4820AA23) sw sp, 1172(ra)
mem[0x8003A5FC] <- 0x00000002


mem[X,0x8001B45C] -> 0x5537
mem[X,0x8001B45E] -> 0x5555
[2974] [M]: 0x8001B45C (0x55555537) lui a0, 349525
x10 <- 0x55555000


mem[X,0x8001B460] -> 0x0513
mem[X,0x8001B462] -> 0x5545
[2975] [M]: 0x8001B460 (0x55450513) addi a0, a0, 1364
x10 <- 0x55555554


mem[X,0x8001B464] -> 0x55B7
mem[X,0x8001B466] -> 0xFFFF
[2976] [M]: 0x8001B464 (0xFFFF55B7) lui a1, 1048565
x11 <- 0xFFFF5000


mem[X,0x8001B468] -> 0x8593
mem[X,0x8001B46A] -> 0xAFD5
[2977] [M]: 0x8001B468 (0xAFD58593) addi a1, a1, 2813
x11 <- 0xFFFF4AFD


mem[X,0x8001B46C] -> 0x0113
mem[X,0x8001B46E] -> 0x0000
[2978] [M]: 0x8001B46C (0x00000113) addi sp, zero, 0
x2 <- 0x00000000


mem[X,0x8001B470] -> 0x006F
mem[X,0x8001B472] -> 0x00C0
[2979] [M]: 0x8001B470 (0x00C0006F) jal zero, 12


mem[X,0x8001B47C] -> 0x0CE3
mem[X,0x8001B47E] -> 0xFEB5
[2980] [M]: 0x8001B47C (0xFEB50CE3) beq a0, a1, 8184


mem[X,0x8001B480] -> 0x0113
mem[X,0x8001B482] -> 0x0021
[2981] [M]: 0x8001B480 (0x00210113) addi sp, sp, 2
x2 <- 0x00000002


mem[X,0x8001B484] -> 0x006F
mem[X,0x8001B486] -> 0x00C0
[2982] [M]: 0x8001B484 (0x00C0006F) jal zero, 12


mem[X,0x8001B490] -> 0xAC23
mem[X,0x8001B492] -> 0x4820
[2983] [M]: 0x8001B490 (0x4820AC23) sw sp, 1176(ra)
mem[0x8003A600] <- 0x00000002


mem[X,0x8001B494] -> 0x5537
mem[X,0x8001B496] -> 0x5555
[2984] [M]: 0x8001B494 (0x55555537) lui a0, 349525
x10 <- 0x55555000


mem[X,0x8001B498] -> 0x0513
mem[X,0x8001B49A] -> 0x5545
[2985] [M]: 0x8001B498 (0x55450513) addi a0, a0, 1364
x10 <- 0x55555554


mem[X,0x8001B49C] -> 0xB5B7
mem[X,0x8001B49E] -> 0x0000
[2986] [M]: 0x8001B49C (0x0000B5B7) lui a1, 11
x11 <- 0x0000B000


mem[X,0x8001B4A0] -> 0x8593
mem[X,0x8001B4A2] -> 0x5055
[2987] [M]: 0x8001B4A0 (0x50558593) addi a1, a1, 1285
x11 <- 0x0000B505


mem[X,0x8001B4A4] -> 0x0113
mem[X,0x8001B4A6] -> 0x0000
[2988] [M]: 0x8001B4A4 (0x00000113) addi sp, zero, 0
x2 <- 0x00000000


mem[X,0x8001B4A8] -> 0x006F
mem[X,0x8001B4AA] -> 0x00C0
[2989] [M]: 0x8001B4A8 (0x00C0006F) jal zero, 12


mem[X,0x8001B4B4] -> 0x0063
mem[X,0x8001B4B6] -> 0x04B5
[2990] [M]: 0x8001B4B4 (0x04B50063) beq a0, a1, 64


mem[X,0x8001B4B8] -> 0x0113
mem[X,0x8001B4BA] -> 0x0021
[2991] [M]: 0x8001B4B8 (0x00210113) addi sp, sp, 2
x2 <- 0x00000002


mem[X,0x8001B4BC] -> 0x006F
mem[X,0x8001B4BE] -> 0x0400
[2992] [M]: 0x8001B4BC (0x0400006F) jal zero, 64


mem[X,0x8001B4FC] -> 0xAE23
mem[X,0x8001B4FE] -> 0x4820
[2993] [M]: 0x8001B4FC (0x4820AE23) sw sp, 1180(ra)
mem[0x8003A604] <- 0x00000002


mem[X,0x8001B500] -> 0x0513
mem[X,0x8001B502] -> 0x0000
[2994] [M]: 0x8001B500 (0x00000513) addi a0, zero, 0
x10 <- 0x00000000


mem[X,0x8001B504] -> 0x0593
mem[X,0x8001B506] -> 0x0030
[2995] [M]: 0x8001B504 (0x00300593) addi a1, zero, 3
x11 <- 0x00000003


mem[X,0x8001B508] -> 0x0113
mem[X,0x8001B50A] -> 0x0000
[2996] [M]: 0x8001B508 (0x00000113) addi sp, zero, 0
x2 <- 0x00000000


mem[X,0x8001B50C] -> 0x006F
mem[X,0x8001B50E] -> 0x00C0
[2997] [M]: 0x8001B50C (0x00C0006F) jal zero, 12


mem[X,0x8001B518] -> 0x0663
mem[X,0x8001B51A] -> 0x00B5
[2998] [M]: 0x8001B518 (0x00B50663) beq a0, a1, 12


mem[X,0x8001B51C] -> 0x0113
mem[X,0x8001B51E] -> 0x0021
[2999] [M]: 0x8001B51C (0x00210113) addi sp, sp, 2
x2 <- 0x00000002


clint::tick mtime <- 0x000000000000001E
 clint timer pending at mtime 0x000000000000001E
htif::tick 0x0000000000000000
mem[X,0x8001B520] -> 0x006F
mem[X,0x8001B522] -> 0x00C0
[3000] [M]: 0x8001B520 (0x00C0006F) jal zero, 12


mem[X,0x8001B52C] -> 0xA023
mem[X,0x8001B52E] -> 0x4A20
[3001] [M]: 0x8001B52C (0x4A20A023) sw sp, 1184(ra)
mem[0x8003A608] <- 0x00000002


mem[X,0x8001B530] -> 0x0513
mem[X,0x8001B532] -> 0x0000
[3002] [M]: 0x8001B530 (0x00000513) addi a0, zero, 0
x10 <- 0x00000000


mem[X,0x8001B534] -> 0x55B7
mem[X,0x8001B536] -> 0x5555
[3003] [M]: 0x8001B534 (0x555555B7) lui a1, 349525
x11 <- 0x55555000


mem[X,0x8001B538] -> 0x8593
mem[X,0x8001B53A] -> 0x5555
[3004] [M]: 0x8001B538 (0x55558593) addi a1, a1, 1365
x11 <- 0x55555555


mem[X,0x8001B53C] -> 0x0113
mem[X,0x8001B53E] -> 0x0000
[3005] [M]: 0x8001B53C (0x00000113) addi sp, zero, 0
x2 <- 0x00000000


mem[X,0x8001B540] -> 0x006F
mem[X,0x8001B542] -> 0x00C0
[3006] [M]: 0x8001B540 (0x00C0006F) jal zero, 12


mem[X,0x8001B54C] -> 0x0663
mem[X,0x8001B54E] -> 0x00B5
[3007] [M]: 0x8001B54C (0x00B50663) beq a0, a1, 12


mem[X,0x8001B550] -> 0x0113
mem[X,0x8001B552] -> 0x0021
[3008] [M]: 0x8001B550 (0x00210113) addi sp, sp, 2
x2 <- 0x00000002


mem[X,0x8001B554] -> 0x006F
mem[X,0x8001B556] -> 0x00C0
[3009] [M]: 0x8001B554 (0x00C0006F) jal zero, 12


mem[X,0x8001B560] -> 0xA223
mem[X,0x8001B562] -> 0x4A20
[3010] [M]: 0x8001B560 (0x4A20A223) sw sp, 1188(ra)
mem[0x8003A60C] <- 0x00000002


mem[X,0x8001B564] -> 0x0513
mem[X,0x8001B566] -> 0x0000
[3011] [M]: 0x8001B564 (0x00000513) addi a0, zero, 0
x10 <- 0x00000000


mem[X,0x8001B568] -> 0xB5B7
mem[X,0x8001B56A] -> 0xAAAA
[3012] [M]: 0x8001B568 (0xAAAAB5B7) lui a1, 699051
x11 <- 0xAAAAB000


mem[X,0x8001B56C] -> 0x8593
mem[X,0x8001B56E] -> 0xAAA5
[3013] [M]: 0x8001B56C (0xAAA58593) addi a1, a1, 2730
x11 <- 0xAAAAAAAA


mem[X,0x8001B570] -> 0x0113
mem[X,0x8001B572] -> 0x0000
[3014] [M]: 0x8001B570 (0x00000113) addi sp, zero, 0
x2 <- 0x00000000


mem[X,0x8001B574] -> 0x006F
mem[X,0x8001B576] -> 0x00C0
[3015] [M]: 0x8001B574 (0x00C0006F) jal zero, 12


mem[X,0x8001B580] -> 0x0063
mem[X,0x8001B582] -> 0x40B5
[3016] [M]: 0x8001B580 (0x40B50063) beq a0, a1, 1024


mem[X,0x8001B584] -> 0x0113
mem[X,0x8001B586] -> 0x0021
[3017] [M]: 0x8001B584 (0x00210113) addi sp, sp, 2
x2 <- 0x00000002


mem[X,0x8001B588] -> 0x006F
mem[X,0x8001B58A] -> 0x4000
[3018] [M]: 0x8001B588 (0x4000006F) jal zero, 1024


mem[X,0x8001B988] -> 0xA423
mem[X,0x8001B98A] -> 0x4A20
[3019] [M]: 0x8001B988 (0x4A20A423) sw sp, 1192(ra)
mem[0x8003A610] <- 0x00000002


mem[X,0x8001B98C] -> 0x0513
mem[X,0x8001B98E] -> 0x0000
[3020] [M]: 0x8001B98C (0x00000513) addi a0, zero, 0
x10 <- 0x00000000


mem[X,0x8001B990] -> 0x0593
mem[X,0x8001B992] -> 0x0050
[3021] [M]: 0x8001B990 (0x00500593) addi a1, zero, 5
x11 <- 0x00000005


mem[X,0x8001B994] -> 0x0113
mem[X,0x8001B996] -> 0x0000
[3022] [M]: 0x8001B994 (0x00000113) addi sp, zero, 0
x2 <- 0x00000000


mem[X,0x8001B998] -> 0x006F
mem[X,0x8001B99A] -> 0x00C0
[3023] [M]: 0x8001B998 (0x00C0006F) jal zero, 12


mem[X,0x8001B9A4] -> 0x0063
mem[X,0x8001B9A6] -> 0x04B5
[3024] [M]: 0x8001B9A4 (0x04B50063) beq a0, a1, 64


mem[X,0x8001B9A8] -> 0x0113
mem[X,0x8001B9AA] -> 0x0021
[3025] [M]: 0x8001B9A8 (0x00210113) addi sp, sp, 2
x2 <- 0x00000002


mem[X,0x8001B9AC] -> 0x006F
mem[X,0x8001B9AE] -> 0x0400
[3026] [M]: 0x8001B9AC (0x0400006F) jal zero, 64


mem[X,0x8001B9EC] -> 0xA623
mem[X,0x8001B9EE] -> 0x4A20
[3027] [M]: 0x8001B9EC (0x4A20A623) sw sp, 1196(ra)
mem[0x8003A614] <- 0x00000002


mem[X,0x8001B9F0] -> 0x0513
mem[X,0x8001B9F2] -> 0x0000
[3028] [M]: 0x8001B9F0 (0x00000513) addi a0, zero, 0
x10 <- 0x00000000


mem[X,0x8001B9F4] -> 0x35B7
mem[X,0x8001B9F6] -> 0x3333
[3029] [M]: 0x8001B9F4 (0x333335B7) lui a1, 209715
x11 <- 0x33333000


mem[X,0x8001B9F8] -> 0x8593
mem[X,0x8001B9FA] -> 0x3335
[3030] [M]: 0x8001B9F8 (0x33358593) addi a1, a1, 819
x11 <- 0x33333333


mem[X,0x8001B9FC] -> 0x0113
mem[X,0x8001B9FE] -> 0x0000
[3031] [M]: 0x8001B9FC (0x00000113) addi sp, zero, 0
x2 <- 0x00000000


mem[X,0x8001BA00] -> 0x006F
mem[X,0x8001BA02] -> 0x00C0
[3032] [M]: 0x8001BA00 (0x00C0006F) jal zero, 12


mem[X,0x8001BA0C] -> 0x0063
mem[X,0x8001BA0E] -> 0x04B5
[3033] [M]: 0x8001BA0C (0x04B50063) beq a0, a1, 64


mem[X,0x8001BA10] -> 0x0113
mem[X,0x8001BA12] -> 0x0021
[3034] [M]: 0x8001BA10 (0x00210113) addi sp, sp, 2
x2 <- 0x00000002


mem[X,0x8001BA14] -> 0x006F
mem[X,0x8001BA16] -> 0x0400
[3035] [M]: 0x8001BA14 (0x0400006F) jal zero, 64


mem[X,0x8001BA54] -> 0xA823
mem[X,0x8001BA56] -> 0x4A20
[3036] [M]: 0x8001BA54 (0x4A20A823) sw sp, 1200(ra)
mem[0x8003A618] <- 0x00000002


mem[X,0x8001BA58] -> 0x0513
mem[X,0x8001BA5A] -> 0x0000
[3037] [M]: 0x8001BA58 (0x00000513) addi a0, zero, 0
x10 <- 0x00000000


mem[X,0x8001BA5C] -> 0x65B7
mem[X,0x8001BA5E] -> 0x6666
[3038] [M]: 0x8001BA5C (0x666665B7) lui a1, 419430
x11 <- 0x66666000


mem[X,0x8001BA60] -> 0x8593
mem[X,0x8001BA62] -> 0x6665
[3039] [M]: 0x8001BA60 (0x66658593) addi a1, a1, 1638
x11 <- 0x66666666


mem[X,0x8001BA64] -> 0x0113
mem[X,0x8001BA66] -> 0x0000
[3040] [M]: 0x8001BA64 (0x00000113) addi sp, zero, 0
x2 <- 0x00000000


mem[X,0x8001BA68] -> 0x006F
mem[X,0x8001BA6A] -> 0x00C0
[3041] [M]: 0x8001BA68 (0x00C0006F) jal zero, 12


mem[X,0x8001BA74] -> 0x0CE3
mem[X,0x8001BA76] -> 0xFEB5
[3042] [M]: 0x8001BA74 (0xFEB50CE3) beq a0, a1, 8184


mem[X,0x8001BA78] -> 0x0113
mem[X,0x8001BA7A] -> 0x0021
[3043] [M]: 0x8001BA78 (0x00210113) addi sp, sp, 2
x2 <- 0x00000002


mem[X,0x8001BA7C] -> 0x006F
mem[X,0x8001BA7E] -> 0x00C0
[3044] [M]: 0x8001BA7C (0x00C0006F) jal zero, 12


mem[X,0x8001BA88] -> 0xAA23
mem[X,0x8001BA8A] -> 0x4A20
[3045] [M]: 0x8001BA88 (0x4A20AA23) sw sp, 1204(ra)
mem[0x8003A61C] <- 0x00000002


mem[X,0x8001BA8C] -> 0x0513
mem[X,0x8001BA8E] -> 0x0000
[3046] [M]: 0x8001BA8C (0x00000513) addi a0, zero, 0
x10 <- 0x00000000


mem[X,0x8001BA90] -> 0x55B7
mem[X,0x8001BA92] -> 0xFFFF
[3047] [M]: 0x8001BA90 (0xFFFF55B7) lui a1, 1048565
x11 <- 0xFFFF5000


mem[X,0x8001BA94] -> 0x8593
mem[X,0x8001BA96] -> 0xAFC5
[3048] [M]: 0x8001BA94 (0xAFC58593) addi a1, a1, 2812
x11 <- 0xFFFF4AFC


mem[X,0x8001BA98] -> 0x0113
mem[X,0x8001BA9A] -> 0x0000
[3049] [M]: 0x8001BA98 (0x00000113) addi sp, zero, 0
x2 <- 0x00000000


mem[X,0x8001BA9C] -> 0x006F
mem[X,0x8001BA9E] -> 0x00C0
[3050] [M]: 0x8001BA9C (0x00C0006F) jal zero, 12


mem[X,0x8001BAA8] -> 0x0663
mem[X,0x8001BAAA] -> 0x00B5
[3051] [M]: 0x8001BAA8 (0x00B50663) beq a0, a1, 12


mem[X,0x8001BAAC] -> 0x0113
mem[X,0x8001BAAE] -> 0x0021
[3052] [M]: 0x8001BAAC (0x00210113) addi sp, sp, 2
x2 <- 0x00000002


mem[X,0x8001BAB0] -> 0x006F
mem[X,0x8001BAB2] -> 0x00C0
[3053] [M]: 0x8001BAB0 (0x00C0006F) jal zero, 12


mem[X,0x8001BABC] -> 0xAC23
mem[X,0x8001BABE] -> 0x4A20
[3054] [M]: 0x8001BABC (0x4A20AC23) sw sp, 1208(ra)
mem[0x8003A620] <- 0x00000002


mem[X,0x8001BAC0] -> 0x0513
mem[X,0x8001BAC2] -> 0x0000
[3055] [M]: 0x8001BAC0 (0x00000513) addi a0, zero, 0
x10 <- 0x00000000


mem[X,0x8001BAC4] -> 0xB5B7
mem[X,0x8001BAC6] -> 0x0000
[3056] [M]: 0x8001BAC4 (0x0000B5B7) lui a1, 11
x11 <- 0x0000B000


mem[X,0x8001BAC8] -> 0x8593
mem[X,0x8001BACA] -> 0x5045
[3057] [M]: 0x8001BAC8 (0x50458593) addi a1, a1, 1284
x11 <- 0x0000B504


mem[X,0x8001BACC] -> 0x0113
mem[X,0x8001BACE] -> 0x0000
[3058] [M]: 0x8001BACC (0x00000113) addi sp, zero, 0
x2 <- 0x00000000


mem[X,0x8001BAD0] -> 0x006F
mem[X,0x8001BAD2] -> 0x0100
[3059] [M]: 0x8001BAD0 (0x0100006F) jal zero, 16


mem[X,0x8001BAE0] -> 0x0AE3
mem[X,0x8001BAE2] -> 0xFEB5
[3060] [M]: 0x8001BAE0 (0xFEB50AE3) beq a0, a1, 8180


mem[X,0x8001BAE4] -> 0x0113
mem[X,0x8001BAE6] -> 0x0021
[3061] [M]: 0x8001BAE4 (0x00210113) addi sp, sp, 2
x2 <- 0x00000002


mem[X,0x8001BAE8] -> 0x006F
mem[X,0x8001BAEA] -> 0x00C0
[3062] [M]: 0x8001BAE8 (0x00C0006F) jal zero, 12


mem[X,0x8001BAF4] -> 0xAE23
mem[X,0x8001BAF6] -> 0x4A20
[3063] [M]: 0x8001BAF4 (0x4A20AE23) sw sp, 1212(ra)
mem[0x8003A624] <- 0x00000002


mem[X,0x8001BAF8] -> 0xB537
mem[X,0x8001BAFA] -> 0xAAAA
[3064] [M]: 0x8001BAF8 (0xAAAAB537) lui a0, 699051
x10 <- 0xAAAAB000


mem[X,0x8001BAFC] -> 0x0513
mem[X,0x8001BAFE] -> 0xAAB5
[3065] [M]: 0x8001BAFC (0xAAB50513) addi a0, a0, 2731
x10 <- 0xAAAAAAAB


mem[X,0x8001BB00] -> 0x35B7
mem[X,0x8001BB02] -> 0x3333
[3066] [M]: 0x8001BB00 (0x333335B7) lui a1, 209715
x11 <- 0x33333000


mem[X,0x8001BB04] -> 0x8593
mem[X,0x8001BB06] -> 0x3345
[3067] [M]: 0x8001BB04 (0x33458593) addi a1, a1, 820
x11 <- 0x33333334


mem[X,0x8001BB08] -> 0x0113
mem[X,0x8001BB0A] -> 0x0000
[3068] [M]: 0x8001BB08 (0x00000113) addi sp, zero, 0
x2 <- 0x00000000


mem[X,0x8001BB0C] -> 0x006F
mem[X,0x8001BB0E] -> 0x2B10
[3069] [M]: 0x8001BB0C (0x2B10006F) jal zero, 2736


mem[X,0x8001C5BC] -> 0x0A63
mem[X,0x8001C5BE] -> 0xD4B5
[3070] [M]: 0x8001C5BC (0xD4B50A63) beq a0, a1, 5460


mem[X,0x8001C5C0] -> 0x0113
mem[X,0x8001C5C2] -> 0x0021
[3071] [M]: 0x8001C5C0 (0x00210113) addi sp, sp, 2
x2 <- 0x00000002


mem[X,0x8001C5C4] -> 0x006F
mem[X,0x8001C5C6] -> 0x00C0
[3072] [M]: 0x8001C5C4 (0x00C0006F) jal zero, 12


mem[X,0x8001C5D0] -> 0xA023
mem[X,0x8001C5D2] -> 0x4C20
[3073] [M]: 0x8001C5D0 (0x4C20A023) sw sp, 1216(ra)
mem[0x8003A628] <- 0x00000002


mem[X,0x8001C5D4] -> 0xB537
mem[X,0x8001C5D6] -> 0xAAAA
[3074] [M]: 0x8001C5D4 (0xAAAAB537) lui a0, 699051
x10 <- 0xAAAAB000


mem[X,0x8001C5D8] -> 0x0513
mem[X,0x8001C5DA] -> 0xAAB5
[3075] [M]: 0x8001C5D8 (0xAAB50513) addi a0, a0, 2731
x10 <- 0xAAAAAAAB


mem[X,0x8001C5DC] -> 0x65B7
mem[X,0x8001C5DE] -> 0x6666
[3076] [M]: 0x8001C5DC (0x666665B7) lui a1, 419430
x11 <- 0x66666000


mem[X,0x8001C5E0] -> 0x8593
mem[X,0x8001C5E2] -> 0x6675
[3077] [M]: 0x8001C5E0 (0x66758593) addi a1, a1, 1639
x11 <- 0x66666667


mem[X,0x8001C5E4] -> 0x0113
mem[X,0x8001C5E6] -> 0x0000
[3078] [M]: 0x8001C5E4 (0x00000113) addi sp, zero, 0
x2 <- 0x00000000


mem[X,0x8001C5E8] -> 0x006F
mem[X,0x8001C5EA] -> 0x00C0
[3079] [M]: 0x8001C5E8 (0x00C0006F) jal zero, 12


mem[X,0x8001C5F4] -> 0x0663
mem[X,0x8001C5F6] -> 0x00B5
[3080] [M]: 0x8001C5F4 (0x00B50663) beq a0, a1, 12


mem[X,0x8001C5F8] -> 0x0113
mem[X,0x8001C5FA] -> 0x0021
[3081] [M]: 0x8001C5F8 (0x00210113) addi sp, sp, 2
x2 <- 0x00000002


mem[X,0x8001C5FC] -> 0x006F
mem[X,0x8001C5FE] -> 0x00C0
[3082] [M]: 0x8001C5FC (0x00C0006F) jal zero, 12


mem[X,0x8001C608] -> 0xA223
mem[X,0x8001C60A] -> 0x4C20
[3083] [M]: 0x8001C608 (0x4C20A223) sw sp, 1220(ra)
mem[0x8003A62C] <- 0x00000002


mem[X,0x8001C60C] -> 0xB537
mem[X,0x8001C60E] -> 0xAAAA
[3084] [M]: 0x8001C60C (0xAAAAB537) lui a0, 699051
x10 <- 0xAAAAB000


mem[X,0x8001C610] -> 0x0513
mem[X,0x8001C612] -> 0xAAB5
[3085] [M]: 0x8001C610 (0xAAB50513) addi a0, a0, 2731
x10 <- 0xAAAAAAAB


mem[X,0x8001C614] -> 0x55B7
mem[X,0x8001C616] -> 0xFFFF
[3086] [M]: 0x8001C614 (0xFFFF55B7) lui a1, 1048565
x11 <- 0xFFFF5000


mem[X,0x8001C618] -> 0x8593
mem[X,0x8001C61A] -> 0xAFD5
[3087] [M]: 0x8001C618 (0xAFD58593) addi a1, a1, 2813
x11 <- 0xFFFF4AFD


mem[X,0x8001C61C] -> 0x0113
mem[X,0x8001C61E] -> 0x0000
[3088] [M]: 0x8001C61C (0x00000113) addi sp, zero, 0
x2 <- 0x00000000


mem[X,0x8001C620] -> 0x006F
mem[X,0x8001C622] -> 0x00C0
[3089] [M]: 0x8001C620 (0x00C0006F) jal zero, 12


mem[X,0x8001C62C] -> 0x0063
mem[X,0x8001C62E] -> 0x20B5
[3090] [M]: 0x8001C62C (0x20B50063) beq a0, a1, 512


mem[X,0x8001C630] -> 0x0113
mem[X,0x8001C632] -> 0x0021
[3091] [M]: 0x8001C630 (0x00210113) addi sp, sp, 2
x2 <- 0x00000002


mem[X,0x8001C634] -> 0x006F
mem[X,0x8001C636] -> 0x2000
[3092] [M]: 0x8001C634 (0x2000006F) jal zero, 512


mem[X,0x8001C834] -> 0xA423
mem[X,0x8001C836] -> 0x4C20
[3093] [M]: 0x8001C834 (0x4C20A423) sw sp, 1224(ra)
mem[0x8003A630] <- 0x00000002


mem[X,0x8001C838] -> 0xB537
mem[X,0x8001C83A] -> 0xAAAA
[3094] [M]: 0x8001C838 (0xAAAAB537) lui a0, 699051
x10 <- 0xAAAAB000


mem[X,0x8001C83C] -> 0x0513
mem[X,0x8001C83E] -> 0xAAB5
[3095] [M]: 0x8001C83C (0xAAB50513) addi a0, a0, 2731
x10 <- 0xAAAAAAAB


mem[X,0x8001C840] -> 0xB5B7
mem[X,0x8001C842] -> 0x0000
[3096] [M]: 0x8001C840 (0x0000B5B7) lui a1, 11
x11 <- 0x0000B000


mem[X,0x8001C844] -> 0x8593
mem[X,0x8001C846] -> 0x5055
[3097] [M]: 0x8001C844 (0x50558593) addi a1, a1, 1285
x11 <- 0x0000B505


mem[X,0x8001C848] -> 0x0113
mem[X,0x8001C84A] -> 0x0000
[3098] [M]: 0x8001C848 (0x00000113) addi sp, zero, 0
x2 <- 0x00000000


mem[X,0x8001C84C] -> 0x006F
mem[X,0x8001C84E] -> 0x00C0
[3099] [M]: 0x8001C84C (0x00C0006F) jal zero, 12


clint::tick mtime <- 0x000000000000001F
 clint timer pending at mtime 0x000000000000001F
htif::tick 0x0000000000000000
mem[X,0x8001C858] -> 0x0063
mem[X,0x8001C85A] -> 0x20B5
[3100] [M]: 0x8001C858 (0x20B50063) beq a0, a1, 512


mem[X,0x8001C85C] -> 0x0113
mem[X,0x8001C85E] -> 0x0021
[3101] [M]: 0x8001C85C (0x00210113) addi sp, sp, 2
x2 <- 0x00000002


mem[X,0x8001C860] -> 0x006F
mem[X,0x8001C862] -> 0x2000
[3102] [M]: 0x8001C860 (0x2000006F) jal zero, 512


mem[X,0x8001CA60] -> 0xA623
mem[X,0x8001CA62] -> 0x4C20
[3103] [M]: 0x8001CA60 (0x4C20A623) sw sp, 1228(ra)
mem[0x8003A634] <- 0x00000002


mem[X,0x8001CA64] -> 0x0513
mem[X,0x8001CA66] -> 0x0060
[3104] [M]: 0x8001CA64 (0x00600513) addi a0, zero, 6
x10 <- 0x00000006


mem[X,0x8001CA68] -> 0x0593
mem[X,0x8001CA6A] -> 0x0030
[3105] [M]: 0x8001CA68 (0x00300593) addi a1, zero, 3
x11 <- 0x00000003


mem[X,0x8001CA6C] -> 0x0113
mem[X,0x8001CA6E] -> 0x0000
[3106] [M]: 0x8001CA6C (0x00000113) addi sp, zero, 0
x2 <- 0x00000000


mem[X,0x8001CA70] -> 0x006F
mem[X,0x8001CA72] -> 0x00C0
[3107] [M]: 0x8001CA70 (0x00C0006F) jal zero, 12


mem[X,0x8001CA7C] -> 0x0063
mem[X,0x8001CA7E] -> 0x40B5
[3108] [M]: 0x8001CA7C (0x40B50063) beq a0, a1, 1024


mem[X,0x8001CA80] -> 0x0113
mem[X,0x8001CA82] -> 0x0021
[3109] [M]: 0x8001CA80 (0x00210113) addi sp, sp, 2
x2 <- 0x00000002


mem[X,0x8001CA84] -> 0x006F
mem[X,0x8001CA86] -> 0x4000
[3110] [M]: 0x8001CA84 (0x4000006F) jal zero, 1024


mem[X,0x8001CE84] -> 0xA823
mem[X,0x8001CE86] -> 0x4C20
[3111] [M]: 0x8001CE84 (0x4C20A823) sw sp, 1232(ra)
mem[0x8003A638] <- 0x00000002


mem[X,0x8001CE88] -> 0x0513
mem[X,0x8001CE8A] -> 0x0060
[3112] [M]: 0x8001CE88 (0x00600513) addi a0, zero, 6
x10 <- 0x00000006


mem[X,0x8001CE8C] -> 0x55B7
mem[X,0x8001CE8E] -> 0x5555
[3113] [M]: 0x8001CE8C (0x555555B7) lui a1, 349525
x11 <- 0x55555000


mem[X,0x8001CE90] -> 0x8593
mem[X,0x8001CE92] -> 0x5555
[3114] [M]: 0x8001CE90 (0x55558593) addi a1, a1, 1365
x11 <- 0x55555555


mem[X,0x8001CE94] -> 0x0113
mem[X,0x8001CE96] -> 0x0000
[3115] [M]: 0x8001CE94 (0x00000113) addi sp, zero, 0
x2 <- 0x00000000


mem[X,0x8001CE98] -> 0x006F
mem[X,0x8001CE9A] -> 0x2B10
[3116] [M]: 0x8001CE98 (0x2B10006F) jal zero, 2736


mem[X,0x8001D948] -> 0x0A63
mem[X,0x8001D94A] -> 0xD4B5
[3117] [M]: 0x8001D948 (0xD4B50A63) beq a0, a1, 5460


mem[X,0x8001D94C] -> 0x0113
mem[X,0x8001D94E] -> 0x0021
[3118] [M]: 0x8001D94C (0x00210113) addi sp, sp, 2
x2 <- 0x00000002


mem[X,0x8001D950] -> 0x006F
mem[X,0x8001D952] -> 0x00C0
[3119] [M]: 0x8001D950 (0x00C0006F) jal zero, 12


mem[X,0x8001D95C] -> 0xAA23
mem[X,0x8001D95E] -> 0x4C20
[3120] [M]: 0x8001D95C (0x4C20AA23) sw sp, 1236(ra)
mem[0x8003A63C] <- 0x00000002


mem[X,0x8001D960] -> 0x0513
mem[X,0x8001D962] -> 0x0060
[3121] [M]: 0x8001D960 (0x00600513) addi a0, zero, 6
x10 <- 0x00000006


mem[X,0x8001D964] -> 0xB5B7
mem[X,0x8001D966] -> 0xAAAA
[3122] [M]: 0x8001D964 (0xAAAAB5B7) lui a1, 699051
x11 <- 0xAAAAB000


mem[X,0x8001D968] -> 0x8593
mem[X,0x8001D96A] -> 0xAAA5
[3123] [M]: 0x8001D968 (0xAAA58593) addi a1, a1, 2730
x11 <- 0xAAAAAAAA


mem[X,0x8001D96C] -> 0x0113
mem[X,0x8001D96E] -> 0x0000
[3124] [M]: 0x8001D96C (0x00000113) addi sp, zero, 0
x2 <- 0x00000000


mem[X,0x8001D970] -> 0x006F
mem[X,0x8001D972] -> 0x0100
[3125] [M]: 0x8001D970 (0x0100006F) jal zero, 16


mem[X,0x8001D980] -> 0x0AE3
mem[X,0x8001D982] -> 0xFEB5
[3126] [M]: 0x8001D980 (0xFEB50AE3) beq a0, a1, 8180


mem[X,0x8001D984] -> 0x0113
mem[X,0x8001D986] -> 0x0021
[3127] [M]: 0x8001D984 (0x00210113) addi sp, sp, 2
x2 <- 0x00000002


mem[X,0x8001D988] -> 0x006F
mem[X,0x8001D98A] -> 0x00C0
[3128] [M]: 0x8001D988 (0x00C0006F) jal zero, 12


mem[X,0x8001D994] -> 0xAC23
mem[X,0x8001D996] -> 0x4C20
[3129] [M]: 0x8001D994 (0x4C20AC23) sw sp, 1240(ra)
mem[0x8003A640] <- 0x00000002


mem[X,0x8001D998] -> 0x0513
mem[X,0x8001D99A] -> 0x0060
[3130] [M]: 0x8001D998 (0x00600513) addi a0, zero, 6
x10 <- 0x00000006


mem[X,0x8001D99C] -> 0x0593
mem[X,0x8001D99E] -> 0x0050
[3131] [M]: 0x8001D99C (0x00500593) addi a1, zero, 5
x11 <- 0x00000005


mem[X,0x8001D9A0] -> 0x0113
mem[X,0x8001D9A2] -> 0x0000
[3132] [M]: 0x8001D9A0 (0x00000113) addi sp, zero, 0
x2 <- 0x00000000


mem[X,0x8001D9A4] -> 0x006F
mem[X,0x8001D9A6] -> 0x0050
[3133] [M]: 0x8001D9A4 (0x0050006F) jal zero, 2052


mem[X,0x8001E1A8] -> 0x00E3
mem[X,0x8001E1AA] -> 0x80B5
[3134] [M]: 0x8001E1A8 (0x80B500E3) beq a0, a1, 6144


mem[X,0x8001E1AC] -> 0x0113
mem[X,0x8001E1AE] -> 0x0021
[3135] [M]: 0x8001E1AC (0x00210113) addi sp, sp, 2
x2 <- 0x00000002


mem[X,0x8001E1B0] -> 0x006F
mem[X,0x8001E1B2] -> 0x00C0
[3136] [M]: 0x8001E1B0 (0x00C0006F) jal zero, 12


mem[X,0x8001E1BC] -> 0xAE23
mem[X,0x8001E1BE] -> 0x4C20
[3137] [M]: 0x8001E1BC (0x4C20AE23) sw sp, 1244(ra)
mem[0x8003A644] <- 0x00000002


mem[X,0x8001E1C0] -> 0x0513
mem[X,0x8001E1C2] -> 0x0060
[3138] [M]: 0x8001E1C0 (0x00600513) addi a0, zero, 6
x10 <- 0x00000006


mem[X,0x8001E1C4] -> 0x35B7
mem[X,0x8001E1C6] -> 0x3333
[3139] [M]: 0x8001E1C4 (0x333335B7) lui a1, 209715
x11 <- 0x33333000


mem[X,0x8001E1C8] -> 0x8593
mem[X,0x8001E1CA] -> 0x3335
[3140] [M]: 0x8001E1C8 (0x33358593) addi a1, a1, 819
x11 <- 0x33333333


mem[X,0x8001E1CC] -> 0x0113
mem[X,0x8001E1CE] -> 0x0000
[3141] [M]: 0x8001E1CC (0x00000113) addi sp, zero, 0
x2 <- 0x00000000


mem[X,0x8001E1D0] -> 0x006F
mem[X,0x8001E1D2] -> 0x00C0
[3142] [M]: 0x8001E1D0 (0x00C0006F) jal zero, 12


mem[X,0x8001E1DC] -> 0x0663
mem[X,0x8001E1DE] -> 0x00B5
[3143] [M]: 0x8001E1DC (0x00B50663) beq a0, a1, 12


mem[X,0x8001E1E0] -> 0x0113
mem[X,0x8001E1E2] -> 0x0021
[3144] [M]: 0x8001E1E0 (0x00210113) addi sp, sp, 2
x2 <- 0x00000002


mem[X,0x8001E1E4] -> 0x006F
mem[X,0x8001E1E6] -> 0x00C0
[3145] [M]: 0x8001E1E4 (0x00C0006F) jal zero, 12


mem[X,0x8001E1F0] -> 0xA023
mem[X,0x8001E1F2] -> 0x4E20
[3146] [M]: 0x8001E1F0 (0x4E20A023) sw sp, 1248(ra)
mem[0x8003A648] <- 0x00000002


mem[X,0x8001E1F4] -> 0x0513
mem[X,0x8001E1F6] -> 0x0060
[3147] [M]: 0x8001E1F4 (0x00600513) addi a0, zero, 6
x10 <- 0x00000006


mem[X,0x8001E1F8] -> 0x65B7
mem[X,0x8001E1FA] -> 0x6666
[3148] [M]: 0x8001E1F8 (0x666665B7) lui a1, 419430
x11 <- 0x66666000


mem[X,0x8001E1FC] -> 0x8593
mem[X,0x8001E1FE] -> 0x6665
[3149] [M]: 0x8001E1FC (0x66658593) addi a1, a1, 1638
x11 <- 0x66666666


mem[X,0x8001E200] -> 0x0113
mem[X,0x8001E202] -> 0x0000
[3150] [M]: 0x8001E200 (0x00000113) addi sp, zero, 0
x2 <- 0x00000000


mem[X,0x8001E204] -> 0x006F
mem[X,0x8001E206] -> 0x0050
[3151] [M]: 0x8001E204 (0x0050006F) jal zero, 2052


mem[X,0x8001EA08] -> 0x00E3
mem[X,0x8001EA0A] -> 0x80B5
[3152] [M]: 0x8001EA08 (0x80B500E3) beq a0, a1, 6144


mem[X,0x8001EA0C] -> 0x0113
mem[X,0x8001EA0E] -> 0x0021
[3153] [M]: 0x8001EA0C (0x00210113) addi sp, sp, 2
x2 <- 0x00000002


mem[X,0x8001EA10] -> 0x006F
mem[X,0x8001EA12] -> 0x00C0
[3154] [M]: 0x8001EA10 (0x00C0006F) jal zero, 12


mem[X,0x8001EA1C] -> 0xA223
mem[X,0x8001EA1E] -> 0x4E20
[3155] [M]: 0x8001EA1C (0x4E20A223) sw sp, 1252(ra)
mem[0x8003A64C] <- 0x00000002


mem[X,0x8001EA20] -> 0x0513
mem[X,0x8001EA22] -> 0x0060
[3156] [M]: 0x8001EA20 (0x00600513) addi a0, zero, 6
x10 <- 0x00000006


mem[X,0x8001EA24] -> 0x55B7
mem[X,0x8001EA26] -> 0xFFFF
[3157] [M]: 0x8001EA24 (0xFFFF55B7) lui a1, 1048565
x11 <- 0xFFFF5000


mem[X,0x8001EA28] -> 0x8593
mem[X,0x8001EA2A] -> 0xAFC5
[3158] [M]: 0x8001EA28 (0xAFC58593) addi a1, a1, 2812
x11 <- 0xFFFF4AFC


mem[X,0x8001EA2C] -> 0x0113
mem[X,0x8001EA2E] -> 0x0000
[3159] [M]: 0x8001EA2C (0x00000113) addi sp, zero, 0
x2 <- 0x00000000


mem[X,0x8001EA30] -> 0x006F
mem[X,0x8001EA32] -> 0x00C0
[3160] [M]: 0x8001EA30 (0x00C0006F) jal zero, 12


mem[X,0x8001EA3C] -> 0x0063
mem[X,0x8001EA3E] -> 0x08B5
[3161] [M]: 0x8001EA3C (0x08B50063) beq a0, a1, 128


mem[X,0x8001EA40] -> 0x0113
mem[X,0x8001EA42] -> 0x0021
[3162] [M]: 0x8001EA40 (0x00210113) addi sp, sp, 2
x2 <- 0x00000002


mem[X,0x8001EA44] -> 0x006F
mem[X,0x8001EA46] -> 0x0800
[3163] [M]: 0x8001EA44 (0x0800006F) jal zero, 128


mem[X,0x8001EAC4] -> 0xA423
mem[X,0x8001EAC6] -> 0x4E20
[3164] [M]: 0x8001EAC4 (0x4E20A423) sw sp, 1256(ra)
mem[0x8003A650] <- 0x00000002


mem[X,0x8001EAC8] -> 0x0513
mem[X,0x8001EACA] -> 0x0060
[3165] [M]: 0x8001EAC8 (0x00600513) addi a0, zero, 6
x10 <- 0x00000006


mem[X,0x8001EACC] -> 0xB5B7
mem[X,0x8001EACE] -> 0x0000
[3166] [M]: 0x8001EACC (0x0000B5B7) lui a1, 11
x11 <- 0x0000B000


mem[X,0x8001EAD0] -> 0x8593
mem[X,0x8001EAD2] -> 0x5045
[3167] [M]: 0x8001EAD0 (0x50458593) addi a1, a1, 1284
x11 <- 0x0000B504


mem[X,0x8001EAD4] -> 0x0113
mem[X,0x8001EAD6] -> 0x0000
[3168] [M]: 0x8001EAD4 (0x00000113) addi sp, zero, 0
x2 <- 0x00000000


mem[X,0x8001EAD8] -> 0x006F
mem[X,0x8001EADA] -> 0x00C0
[3169] [M]: 0x8001EAD8 (0x00C0006F) jal zero, 12


mem[X,0x8001EAE4] -> 0x0063
mem[X,0x8001EAE6] -> 0x04B5
[3170] [M]: 0x8001EAE4 (0x04B50063) beq a0, a1, 64


mem[X,0x8001EAE8] -> 0x0113
mem[X,0x8001EAEA] -> 0x0021
[3171] [M]: 0x8001EAE8 (0x00210113) addi sp, sp, 2
x2 <- 0x00000002


mem[X,0x8001EAEC] -> 0x006F
mem[X,0x8001EAEE] -> 0x0400
[3172] [M]: 0x8001EAEC (0x0400006F) jal zero, 64


mem[X,0x8001EB2C] -> 0xA623
mem[X,0x8001EB2E] -> 0x4E20
[3173] [M]: 0x8001EB2C (0x4E20A623) sw sp, 1260(ra)
mem[0x8003A654] <- 0x00000002


mem[X,0x8001EB30] -> 0x0513
mem[X,0x8001EB32] -> 0x0060
[3174] [M]: 0x8001EB30 (0x00600513) addi a0, zero, 6
x10 <- 0x00000006


mem[X,0x8001EB34] -> 0x0593
mem[X,0x8001EB36] -> 0x0020
[3175] [M]: 0x8001EB34 (0x00200593) addi a1, zero, 2
x11 <- 0x00000002


mem[X,0x8001EB38] -> 0x0113
mem[X,0x8001EB3A] -> 0x0000
[3176] [M]: 0x8001EB38 (0x00000113) addi sp, zero, 0
x2 <- 0x00000000


mem[X,0x8001EB3C] -> 0x006F
mem[X,0x8001EB3E] -> 0x00C0
[3177] [M]: 0x8001EB3C (0x00C0006F) jal zero, 12


mem[X,0x8001EB48] -> 0x0663
mem[X,0x8001EB4A] -> 0x00B5
[3178] [M]: 0x8001EB48 (0x00B50663) beq a0, a1, 12


mem[X,0x8001EB4C] -> 0x0113
mem[X,0x8001EB4E] -> 0x0021
[3179] [M]: 0x8001EB4C (0x00210113) addi sp, sp, 2
x2 <- 0x00000002


mem[X,0x8001EB50] -> 0x006F
mem[X,0x8001EB52] -> 0x00C0
[3180] [M]: 0x8001EB50 (0x00C0006F) jal zero, 12


mem[X,0x8001EB5C] -> 0xA823
mem[X,0x8001EB5E] -> 0x4E20
[3181] [M]: 0x8001EB5C (0x4E20A823) sw sp, 1264(ra)
mem[0x8003A658] <- 0x00000002


mem[X,0x8001EB60] -> 0x0513
mem[X,0x8001EB62] -> 0x0060
[3182] [M]: 0x8001EB60 (0x00600513) addi a0, zero, 6
x10 <- 0x00000006


mem[X,0x8001EB64] -> 0x55B7
mem[X,0x8001EB66] -> 0x5555
[3183] [M]: 0x8001EB64 (0x555555B7) lui a1, 349525
x11 <- 0x55555000


mem[X,0x8001EB68] -> 0x8593
mem[X,0x8001EB6A] -> 0x5545
[3184] [M]: 0x8001EB68 (0x55458593) addi a1, a1, 1364
x11 <- 0x55555554


mem[X,0x8001EB6C] -> 0x0113
mem[X,0x8001EB6E] -> 0x0000
[3185] [M]: 0x8001EB6C (0x00000113) addi sp, zero, 0
x2 <- 0x00000000


mem[X,0x8001EB70] -> 0x006F
mem[X,0x8001EB72] -> 0x00C0
[3186] [M]: 0x8001EB70 (0x00C0006F) jal zero, 12


mem[X,0x8001EB7C] -> 0x0063
mem[X,0x8001EB7E] -> 0x20B5
[3187] [M]: 0x8001EB7C (0x20B50063) beq a0, a1, 512


mem[X,0x8001EB80] -> 0x0113
mem[X,0x8001EB82] -> 0x0021
[3188] [M]: 0x8001EB80 (0x00210113) addi sp, sp, 2
x2 <- 0x00000002


mem[X,0x8001EB84] -> 0x006F
mem[X,0x8001EB86] -> 0x2000
[3189] [M]: 0x8001EB84 (0x2000006F) jal zero, 512


mem[X,0x8001ED84] -> 0xAA23
mem[X,0x8001ED86] -> 0x4E20
[3190] [M]: 0x8001ED84 (0x4E20AA23) sw sp, 1268(ra)
mem[0x8003A65C] <- 0x00000002


mem[X,0x8001ED88] -> 0x0513
mem[X,0x8001ED8A] -> 0x0060
[3191] [M]: 0x8001ED88 (0x00600513) addi a0, zero, 6
x10 <- 0x00000006


mem[X,0x8001ED8C] -> 0x0593
mem[X,0x8001ED8E] -> 0x0000
[3192] [M]: 0x8001ED8C (0x00000593) addi a1, zero, 0
x11 <- 0x00000000


mem[X,0x8001ED90] -> 0x0113
mem[X,0x8001ED92] -> 0x0000
[3193] [M]: 0x8001ED90 (0x00000113) addi sp, zero, 0
x2 <- 0x00000000


mem[X,0x8001ED94] -> 0x006F
mem[X,0x8001ED96] -> 0x0100
[3194] [M]: 0x8001ED94 (0x0100006F) jal zero, 16


mem[X,0x8001EDA4] -> 0x0AE3
mem[X,0x8001EDA6] -> 0xFEB5
[3195] [M]: 0x8001EDA4 (0xFEB50AE3) beq a0, a1, 8180


mem[X,0x8001EDA8] -> 0x0113
mem[X,0x8001EDAA] -> 0x0021
[3196] [M]: 0x8001EDA8 (0x00210113) addi sp, sp, 2
x2 <- 0x00000002


mem[X,0x8001EDAC] -> 0x006F
mem[X,0x8001EDAE] -> 0x00C0
[3197] [M]: 0x8001EDAC (0x00C0006F) jal zero, 12


mem[X,0x8001EDB8] -> 0xAC23
mem[X,0x8001EDBA] -> 0x4E20
[3198] [M]: 0x8001EDB8 (0x4E20AC23) sw sp, 1272(ra)
mem[0x8003A660] <- 0x00000002


mem[X,0x8001EDBC] -> 0x0513
mem[X,0x8001EDBE] -> 0x0060
[3199] [M]: 0x8001EDBC (0x00600513) addi a0, zero, 6
x10 <- 0x00000006


clint::tick mtime <- 0x0000000000000020
 clint timer pending at mtime 0x0000000000000020
htif::tick 0x0000000000000000
mem[X,0x8001EDC0] -> 0x35B7
mem[X,0x8001EDC2] -> 0x3333
[3200] [M]: 0x8001EDC0 (0x333335B7) lui a1, 209715
x11 <- 0x33333000


mem[X,0x8001EDC4] -> 0x8593
mem[X,0x8001EDC6] -> 0x3325
[3201] [M]: 0x8001EDC4 (0x33258593) addi a1, a1, 818
x11 <- 0x33333332


mem[X,0x8001EDC8] -> 0x0113
mem[X,0x8001EDCA] -> 0x0000
[3202] [M]: 0x8001EDC8 (0x00000113) addi sp, zero, 0
x2 <- 0x00000000


mem[X,0x8001EDCC] -> 0x006F
mem[X,0x8001EDCE] -> 0x0180
[3203] [M]: 0x8001EDCC (0x0180006F) jal zero, 24


mem[X,0x8001EDE4] -> 0x06E3
mem[X,0x8001EDE6] -> 0xFEB5
[3204] [M]: 0x8001EDE4 (0xFEB506E3) beq a0, a1, 8172


mem[X,0x8001EDE8] -> 0x0113
mem[X,0x8001EDEA] -> 0x0021
[3205] [M]: 0x8001EDE8 (0x00210113) addi sp, sp, 2
x2 <- 0x00000002


mem[X,0x8001EDEC] -> 0x006F
mem[X,0x8001EDEE] -> 0x00C0
[3206] [M]: 0x8001EDEC (0x00C0006F) jal zero, 12


mem[X,0x8001EDF8] -> 0xAE23
mem[X,0x8001EDFA] -> 0x4E20
[3207] [M]: 0x8001EDF8 (0x4E20AE23) sw sp, 1276(ra)
mem[0x8003A664] <- 0x00000002


mem[X,0x8001EDFC] -> 0x0513
mem[X,0x8001EDFE] -> 0x0060
[3208] [M]: 0x8001EDFC (0x00600513) addi a0, zero, 6
x10 <- 0x00000006


mem[X,0x8001EE00] -> 0x65B7
mem[X,0x8001EE02] -> 0x6666
[3209] [M]: 0x8001EE00 (0x666665B7) lui a1, 419430
x11 <- 0x66666000


mem[X,0x8001EE04] -> 0x8593
mem[X,0x8001EE06] -> 0x6655
[3210] [M]: 0x8001EE04 (0x66558593) addi a1, a1, 1637
x11 <- 0x66666665


mem[X,0x8001EE08] -> 0x0113
mem[X,0x8001EE0A] -> 0x0000
[3211] [M]: 0x8001EE08 (0x00000113) addi sp, zero, 0
x2 <- 0x00000000


mem[X,0x8001EE0C] -> 0x006F
mem[X,0x8001EE0E] -> 0x00C0
[3212] [M]: 0x8001EE0C (0x00C0006F) jal zero, 12


mem[X,0x8001EE18] -> 0x0663
mem[X,0x8001EE1A] -> 0x00B5
[3213] [M]: 0x8001EE18 (0x00B50663) beq a0, a1, 12


mem[X,0x8001EE1C] -> 0x0113
mem[X,0x8001EE1E] -> 0x0021
[3214] [M]: 0x8001EE1C (0x00210113) addi sp, sp, 2
x2 <- 0x00000002


mem[X,0x8001EE20] -> 0x006F
mem[X,0x8001EE22] -> 0x00C0
[3215] [M]: 0x8001EE20 (0x00C0006F) jal zero, 12


mem[X,0x8001EE2C] -> 0xA023
mem[X,0x8001EE2E] -> 0x5020
[3216] [M]: 0x8001EE2C (0x5020A023) sw sp, 1280(ra)
mem[0x8003A668] <- 0x00000002


mem[X,0x8001EE30] -> 0x0513
mem[X,0x8001EE32] -> 0x0060
[3217] [M]: 0x8001EE30 (0x00600513) addi a0, zero, 6
x10 <- 0x00000006


mem[X,0x8001EE34] -> 0xB5B7
mem[X,0x8001EE36] -> 0x0000
[3218] [M]: 0x8001EE34 (0x0000B5B7) lui a1, 11
x11 <- 0x0000B000


mem[X,0x8001EE38] -> 0x8593
mem[X,0x8001EE3A] -> 0x5035
[3219] [M]: 0x8001EE38 (0x50358593) addi a1, a1, 1283
x11 <- 0x0000B503


mem[X,0x8001EE3C] -> 0x0113
mem[X,0x8001EE3E] -> 0x0000
[3220] [M]: 0x8001EE3C (0x00000113) addi sp, zero, 0
x2 <- 0x00000000


mem[X,0x8001EE40] -> 0x006F
mem[X,0x8001EE42] -> 0x00C0
[3221] [M]: 0x8001EE40 (0x00C0006F) jal zero, 12


mem[X,0x8001EE4C] -> 0x0063
mem[X,0x8001EE4E] -> 0x20B5
[3222] [M]: 0x8001EE4C (0x20B50063) beq a0, a1, 512


mem[X,0x8001EE50] -> 0x0113
mem[X,0x8001EE52] -> 0x0021
[3223] [M]: 0x8001EE50 (0x00210113) addi sp, sp, 2
x2 <- 0x00000002


mem[X,0x8001EE54] -> 0x006F
mem[X,0x8001EE56] -> 0x2000
[3224] [M]: 0x8001EE54 (0x2000006F) jal zero, 512


mem[X,0x8001F054] -> 0xA223
mem[X,0x8001F056] -> 0x5020
[3225] [M]: 0x8001F054 (0x5020A223) sw sp, 1284(ra)
mem[0x8003A66C] <- 0x00000002


mem[X,0x8001F058] -> 0x0513
mem[X,0x8001F05A] -> 0x0060
[3226] [M]: 0x8001F058 (0x00600513) addi a0, zero, 6
x10 <- 0x00000006


mem[X,0x8001F05C] -> 0x55B7
mem[X,0x8001F05E] -> 0x5555
[3227] [M]: 0x8001F05C (0x555555B7) lui a1, 349525
x11 <- 0x55555000


mem[X,0x8001F060] -> 0x8593
mem[X,0x8001F062] -> 0x5565
[3228] [M]: 0x8001F060 (0x55658593) addi a1, a1, 1366
x11 <- 0x55555556


mem[X,0x8001F064] -> 0x0113
mem[X,0x8001F066] -> 0x0000
[3229] [M]: 0x8001F064 (0x00000113) addi sp, zero, 0
x2 <- 0x00000000


mem[X,0x8001F068] -> 0x006F
mem[X,0x8001F06A] -> 0x0100
[3230] [M]: 0x8001F068 (0x0100006F) jal zero, 16


mem[X,0x8001F078] -> 0x0AE3
mem[X,0x8001F07A] -> 0xFEB5
[3231] [M]: 0x8001F078 (0xFEB50AE3) beq a0, a1, 8180


mem[X,0x8001F07C] -> 0x0113
mem[X,0x8001F07E] -> 0x0021
[3232] [M]: 0x8001F07C (0x00210113) addi sp, sp, 2
x2 <- 0x00000002


mem[X,0x8001F080] -> 0x006F
mem[X,0x8001F082] -> 0x00C0
[3233] [M]: 0x8001F080 (0x00C0006F) jal zero, 12


mem[X,0x8001F08C] -> 0xA423
mem[X,0x8001F08E] -> 0x5020
[3234] [M]: 0x8001F08C (0x5020A423) sw sp, 1288(ra)
mem[0x8003A670] <- 0x00000002


mem[X,0x8001F090] -> 0x0513
mem[X,0x8001F092] -> 0x0060
[3235] [M]: 0x8001F090 (0x00600513) addi a0, zero, 6
x10 <- 0x00000006


mem[X,0x8001F094] -> 0xB5B7
mem[X,0x8001F096] -> 0xAAAA
[3236] [M]: 0x8001F094 (0xAAAAB5B7) lui a1, 699051
x11 <- 0xAAAAB000


mem[X,0x8001F098] -> 0x8593
mem[X,0x8001F09A] -> 0xAAB5
[3237] [M]: 0x8001F098 (0xAAB58593) addi a1, a1, 2731
x11 <- 0xAAAAAAAB


mem[X,0x8001F09C] -> 0x0113
mem[X,0x8001F09E] -> 0x0000
[3238] [M]: 0x8001F09C (0x00000113) addi sp, zero, 0
x2 <- 0x00000000


mem[X,0x8001F0A0] -> 0x006F
mem[X,0x8001F0A2] -> 0x00C0
[3239] [M]: 0x8001F0A0 (0x00C0006F) jal zero, 12


mem[X,0x8001F0AC] -> 0x0663
mem[X,0x8001F0AE] -> 0x00B5
[3240] [M]: 0x8001F0AC (0x00B50663) beq a0, a1, 12


mem[X,0x8001F0B0] -> 0x0113
mem[X,0x8001F0B2] -> 0x0021
[3241] [M]: 0x8001F0B0 (0x00210113) addi sp, sp, 2
x2 <- 0x00000002


mem[X,0x8001F0B4] -> 0x006F
mem[X,0x8001F0B6] -> 0x00C0
[3242] [M]: 0x8001F0B4 (0x00C0006F) jal zero, 12


mem[X,0x8001F0C0] -> 0xA623
mem[X,0x8001F0C2] -> 0x5020
[3243] [M]: 0x8001F0C0 (0x5020A623) sw sp, 1292(ra)
mem[0x8003A674] <- 0x00000002


mem[X,0x8001F0C4] -> 0x0513
mem[X,0x8001F0C6] -> 0x0060
[3244] [M]: 0x8001F0C4 (0x00600513) addi a0, zero, 6
x10 <- 0x00000006


mem[X,0x8001F0C8] -> 0x0593
mem[X,0x8001F0CA] -> 0x0060
[3245] [M]: 0x8001F0C8 (0x00600593) addi a1, zero, 6
x11 <- 0x00000006


mem[X,0x8001F0CC] -> 0x0113
mem[X,0x8001F0CE] -> 0x0000
[3246] [M]: 0x8001F0CC (0x00000113) addi sp, zero, 0
x2 <- 0x00000000


mem[X,0x8001F0D0] -> 0x006F
mem[X,0x8001F0D2] -> 0x00C0
[3247] [M]: 0x8001F0D0 (0x00C0006F) jal zero, 12


mem[X,0x8001F0DC] -> 0x0863
mem[X,0x8001F0DE] -> 0x00B5
[3248] [M]: 0x8001F0DC (0x00B50863) beq a0, a1, 16


mem[X,0x8001F0EC] -> 0x0113
mem[X,0x8001F0EE] -> 0x0031
[3249] [M]: 0x8001F0EC (0x00310113) addi sp, sp, 3
x2 <- 0x00000003


mem[X,0x8001F0F0] -> 0x006F
mem[X,0x8001F0F2] -> 0x0040
[3250] [M]: 0x8001F0F0 (0x0040006F) jal zero, 4


mem[X,0x8001F0F4] -> 0xA823
mem[X,0x8001F0F6] -> 0x5020
[3251] [M]: 0x8001F0F4 (0x5020A823) sw sp, 1296(ra)
mem[0x8003A678] <- 0x00000003


mem[X,0x8001F0F8] -> 0x0513
mem[X,0x8001F0FA] -> 0x0060
[3252] [M]: 0x8001F0F8 (0x00600513) addi a0, zero, 6
x10 <- 0x00000006


mem[X,0x8001F0FC] -> 0x35B7
mem[X,0x8001F0FE] -> 0x3333
[3253] [M]: 0x8001F0FC (0x333335B7) lui a1, 209715
x11 <- 0x33333000


mem[X,0x8001F100] -> 0x8593
mem[X,0x8001F102] -> 0x3345
[3254] [M]: 0x8001F100 (0x33458593) addi a1, a1, 820
x11 <- 0x33333334


mem[X,0x8001F104] -> 0x0113
mem[X,0x8001F106] -> 0x0000
[3255] [M]: 0x8001F104 (0x00000113) addi sp, zero, 0
x2 <- 0x00000000


mem[X,0x8001F108] -> 0x006F
mem[X,0x8001F10A] -> 0x00C0
[3256] [M]: 0x8001F108 (0x00C0006F) jal zero, 12


mem[X,0x8001F114] -> 0x0063
mem[X,0x8001F116] -> 0x02B5
[3257] [M]: 0x8001F114 (0x02B50063) beq a0, a1, 32


mem[X,0x8001F118] -> 0x0113
mem[X,0x8001F11A] -> 0x0021
[3258] [M]: 0x8001F118 (0x00210113) addi sp, sp, 2
x2 <- 0x00000002


mem[X,0x8001F11C] -> 0x006F
mem[X,0x8001F11E] -> 0x0200
[3259] [M]: 0x8001F11C (0x0200006F) jal zero, 32


mem[X,0x8001F13C] -> 0xAA23
mem[X,0x8001F13E] -> 0x5020
[3260] [M]: 0x8001F13C (0x5020AA23) sw sp, 1300(ra)
mem[0x8003A67C] <- 0x00000002


mem[X,0x8001F140] -> 0x0513
mem[X,0x8001F142] -> 0x0060
[3261] [M]: 0x8001F140 (0x00600513) addi a0, zero, 6
x10 <- 0x00000006


mem[X,0x8001F144] -> 0x65B7
mem[X,0x8001F146] -> 0x6666
[3262] [M]: 0x8001F144 (0x666665B7) lui a1, 419430
x11 <- 0x66666000


mem[X,0x8001F148] -> 0x8593
mem[X,0x8001F14A] -> 0x6675
[3263] [M]: 0x8001F148 (0x66758593) addi a1, a1, 1639
x11 <- 0x66666667


mem[X,0x8001F14C] -> 0x0113
mem[X,0x8001F14E] -> 0x0000
[3264] [M]: 0x8001F14C (0x00000113) addi sp, zero, 0
x2 <- 0x00000000


mem[X,0x8001F150] -> 0x006F
mem[X,0x8001F152] -> 0x00C0
[3265] [M]: 0x8001F150 (0x00C0006F) jal zero, 12


mem[X,0x8001F15C] -> 0x0063
mem[X,0x8001F15E] -> 0x04B5
[3266] [M]: 0x8001F15C (0x04B50063) beq a0, a1, 64


mem[X,0x8001F160] -> 0x0113
mem[X,0x8001F162] -> 0x0021
[3267] [M]: 0x8001F160 (0x00210113) addi sp, sp, 2
x2 <- 0x00000002


mem[X,0x8001F164] -> 0x006F
mem[X,0x8001F166] -> 0x0400
[3268] [M]: 0x8001F164 (0x0400006F) jal zero, 64


mem[X,0x8001F1A4] -> 0xAC23
mem[X,0x8001F1A6] -> 0x5020
[3269] [M]: 0x8001F1A4 (0x5020AC23) sw sp, 1304(ra)
mem[0x8003A680] <- 0x00000002


mem[X,0x8001F1A8] -> 0x0513
mem[X,0x8001F1AA] -> 0x0060
[3270] [M]: 0x8001F1A8 (0x00600513) addi a0, zero, 6
x10 <- 0x00000006


mem[X,0x8001F1AC] -> 0x55B7
mem[X,0x8001F1AE] -> 0xFFFF
[3271] [M]: 0x8001F1AC (0xFFFF55B7) lui a1, 1048565
x11 <- 0xFFFF5000


mem[X,0x8001F1B0] -> 0x8593
mem[X,0x8001F1B2] -> 0xAFD5
[3272] [M]: 0x8001F1B0 (0xAFD58593) addi a1, a1, 2813
x11 <- 0xFFFF4AFD


mem[X,0x8001F1B4] -> 0x0113
mem[X,0x8001F1B6] -> 0x0000
[3273] [M]: 0x8001F1B4 (0x00000113) addi sp, zero, 0
x2 <- 0x00000000


mem[X,0x8001F1B8] -> 0x006F
mem[X,0x8001F1BA] -> 0x00C0
[3274] [M]: 0x8001F1B8 (0x00C0006F) jal zero, 12


mem[X,0x8001F1C4] -> 0x0CE3
mem[X,0x8001F1C6] -> 0xFEB5
[3275] [M]: 0x8001F1C4 (0xFEB50CE3) beq a0, a1, 8184


mem[X,0x8001F1C8] -> 0x0113
mem[X,0x8001F1CA] -> 0x0021
[3276] [M]: 0x8001F1C8 (0x00210113) addi sp, sp, 2
x2 <- 0x00000002


mem[X,0x8001F1CC] -> 0x006F
mem[X,0x8001F1CE] -> 0x00C0
[3277] [M]: 0x8001F1CC (0x00C0006F) jal zero, 12


mem[X,0x8001F1D8] -> 0xAE23
mem[X,0x8001F1DA] -> 0x5020
[3278] [M]: 0x8001F1D8 (0x5020AE23) sw sp, 1308(ra)
mem[0x8003A684] <- 0x00000002


mem[X,0x8001F1DC] -> 0x0513
mem[X,0x8001F1DE] -> 0x0060
[3279] [M]: 0x8001F1DC (0x00600513) addi a0, zero, 6
x10 <- 0x00000006


mem[X,0x8001F1E0] -> 0xB5B7
mem[X,0x8001F1E2] -> 0x0000
[3280] [M]: 0x8001F1E0 (0x0000B5B7) lui a1, 11
x11 <- 0x0000B000


mem[X,0x8001F1E4] -> 0x8593
mem[X,0x8001F1E6] -> 0x5055
[3281] [M]: 0x8001F1E4 (0x50558593) addi a1, a1, 1285
x11 <- 0x0000B505


mem[X,0x8001F1E8] -> 0x0113
mem[X,0x8001F1EA] -> 0x0000
[3282] [M]: 0x8001F1E8 (0x00000113) addi sp, zero, 0
x2 <- 0x00000000


mem[X,0x8001F1EC] -> 0x006F
mem[X,0x8001F1EE] -> 0x00C0
[3283] [M]: 0x8001F1EC (0x00C0006F) jal zero, 12


mem[X,0x8001F1F8] -> 0x0663
mem[X,0x8001F1FA] -> 0x00B5
[3284] [M]: 0x8001F1F8 (0x00B50663) beq a0, a1, 12


mem[X,0x8001F1FC] -> 0x0113
mem[X,0x8001F1FE] -> 0x0021
[3285] [M]: 0x8001F1FC (0x00210113) addi sp, sp, 2
x2 <- 0x00000002


mem[X,0x8001F200] -> 0x006F
mem[X,0x8001F202] -> 0x00C0
[3286] [M]: 0x8001F200 (0x00C0006F) jal zero, 12


mem[X,0x8001F20C] -> 0xA023
mem[X,0x8001F20E] -> 0x5220
[3287] [M]: 0x8001F20C (0x5220A023) sw sp, 1312(ra)
mem[0x8003A688] <- 0x00000002


mem[X,0x8001F210] -> 0x3537
mem[X,0x8001F212] -> 0x3333
[3288] [M]: 0x8001F210 (0x33333537) lui a0, 209715
x10 <- 0x33333000


mem[X,0x8001F214] -> 0x0513
mem[X,0x8001F216] -> 0x3345
[3289] [M]: 0x8001F214 (0x33450513) addi a0, a0, 820
x10 <- 0x33333334


mem[X,0x8001F218] -> 0x0593
mem[X,0x8001F21A] -> 0x0030
[3290] [M]: 0x8001F218 (0x00300593) addi a1, zero, 3
x11 <- 0x00000003


mem[X,0x8001F21C] -> 0x0113
mem[X,0x8001F21E] -> 0x0000
[3291] [M]: 0x8001F21C (0x00000113) addi sp, zero, 0
x2 <- 0x00000000


mem[X,0x8001F220] -> 0x006F
mem[X,0x8001F222] -> 0x00C0
[3292] [M]: 0x8001F220 (0x00C0006F) jal zero, 12


mem[X,0x8001F22C] -> 0x0663
mem[X,0x8001F22E] -> 0x00B5
[3293] [M]: 0x8001F22C (0x00B50663) beq a0, a1, 12


mem[X,0x8001F230] -> 0x0113
mem[X,0x8001F232] -> 0x0021
[3294] [M]: 0x8001F230 (0x00210113) addi sp, sp, 2
x2 <- 0x00000002


mem[X,0x8001F234] -> 0x006F
mem[X,0x8001F236] -> 0x00C0
[3295] [M]: 0x8001F234 (0x00C0006F) jal zero, 12


mem[X,0x8001F240] -> 0xA223
mem[X,0x8001F242] -> 0x5220
[3296] [M]: 0x8001F240 (0x5220A223) sw sp, 1316(ra)
mem[0x8003A68C] <- 0x00000002


mem[X,0x8001F244] -> 0x3537
mem[X,0x8001F246] -> 0x3333
[3297] [M]: 0x8001F244 (0x33333537) lui a0, 209715
x10 <- 0x33333000


mem[X,0x8001F248] -> 0x0513
mem[X,0x8001F24A] -> 0x3345
[3298] [M]: 0x8001F248 (0x33450513) addi a0, a0, 820
x10 <- 0x33333334


mem[X,0x8001F24C] -> 0x55B7
mem[X,0x8001F24E] -> 0x5555
[3299] [M]: 0x8001F24C (0x555555B7) lui a1, 349525
x11 <- 0x55555000


clint::tick mtime <- 0x0000000000000021
 clint timer pending at mtime 0x0000000000000021
htif::tick 0x0000000000000000
mem[X,0x8001F250] -> 0x8593
mem[X,0x8001F252] -> 0x5555
[3300] [M]: 0x8001F250 (0x55558593) addi a1, a1, 1365
x11 <- 0x55555555


mem[X,0x8001F254] -> 0x0113
mem[X,0x8001F256] -> 0x0000
[3301] [M]: 0x8001F254 (0x00000113) addi sp, zero, 0
x2 <- 0x00000000


mem[X,0x8001F258] -> 0x006F
mem[X,0x8001F25A] -> 0x0050
[3302] [M]: 0x8001F258 (0x0050006F) jal zero, 2052


mem[X,0x8001FA5C] -> 0x00E3
mem[X,0x8001FA5E] -> 0x80B5
[3303] [M]: 0x8001FA5C (0x80B500E3) beq a0, a1, 6144


mem[X,0x8001FA60] -> 0x0113
mem[X,0x8001FA62] -> 0x0021
[3304] [M]: 0x8001FA60 (0x00210113) addi sp, sp, 2
x2 <- 0x00000002


mem[X,0x8001FA64] -> 0x006F
mem[X,0x8001FA66] -> 0x00C0
[3305] [M]: 0x8001FA64 (0x00C0006F) jal zero, 12


mem[X,0x8001FA70] -> 0xA423
mem[X,0x8001FA72] -> 0x5220
[3306] [M]: 0x8001FA70 (0x5220A423) sw sp, 1320(ra)
mem[0x8003A690] <- 0x00000002


mem[X,0x8001FA74] -> 0x3537
mem[X,0x8001FA76] -> 0x3333
[3307] [M]: 0x8001FA74 (0x33333537) lui a0, 209715
x10 <- 0x33333000


mem[X,0x8001FA78] -> 0x0513
mem[X,0x8001FA7A] -> 0x3345
[3308] [M]: 0x8001FA78 (0x33450513) addi a0, a0, 820
x10 <- 0x33333334


mem[X,0x8001FA7C] -> 0xB5B7
mem[X,0x8001FA7E] -> 0xAAAA
[3309] [M]: 0x8001FA7C (0xAAAAB5B7) lui a1, 699051
x11 <- 0xAAAAB000


mem[X,0x8001FA80] -> 0x8593
mem[X,0x8001FA82] -> 0xAAA5
[3310] [M]: 0x8001FA80 (0xAAA58593) addi a1, a1, 2730
x11 <- 0xAAAAAAAA


mem[X,0x8001FA84] -> 0x0113
mem[X,0x8001FA86] -> 0x0000
[3311] [M]: 0x8001FA84 (0x00000113) addi sp, zero, 0
x2 <- 0x00000000


mem[X,0x8001FA88] -> 0x006F
mem[X,0x8001FA8A] -> 0x00C0
[3312] [M]: 0x8001FA88 (0x00C0006F) jal zero, 12


mem[X,0x8001FA94] -> 0x0CE3
mem[X,0x8001FA96] -> 0xFEB5
[3313] [M]: 0x8001FA94 (0xFEB50CE3) beq a0, a1, 8184


mem[X,0x8001FA98] -> 0x0113
mem[X,0x8001FA9A] -> 0x0021
[3314] [M]: 0x8001FA98 (0x00210113) addi sp, sp, 2
x2 <- 0x00000002


mem[X,0x8001FA9C] -> 0x006F
mem[X,0x8001FA9E] -> 0x00C0
[3315] [M]: 0x8001FA9C (0x00C0006F) jal zero, 12


mem[X,0x8001FAA8] -> 0xA623
mem[X,0x8001FAAA] -> 0x5220
[3316] [M]: 0x8001FAA8 (0x5220A623) sw sp, 1324(ra)
mem[0x8003A694] <- 0x00000002


mem[X,0x8001FAAC] -> 0x3537
mem[X,0x8001FAAE] -> 0x3333
[3317] [M]: 0x8001FAAC (0x33333537) lui a0, 209715
x10 <- 0x33333000


mem[X,0x8001FAB0] -> 0x0513
mem[X,0x8001FAB2] -> 0x3345
[3318] [M]: 0x8001FAB0 (0x33450513) addi a0, a0, 820
x10 <- 0x33333334


mem[X,0x8001FAB4] -> 0x0593
mem[X,0x8001FAB6] -> 0x0050
[3319] [M]: 0x8001FAB4 (0x00500593) addi a1, zero, 5
x11 <- 0x00000005


mem[X,0x8001FAB8] -> 0x0113
mem[X,0x8001FABA] -> 0x0000
[3320] [M]: 0x8001FAB8 (0x00000113) addi sp, zero, 0
x2 <- 0x00000000


mem[X,0x8001FABC] -> 0x006F
mem[X,0x8001FABE] -> 0x00C0
[3321] [M]: 0x8001FABC (0x00C0006F) jal zero, 12


mem[X,0x8001FAC8] -> 0x0CE3
mem[X,0x8001FACA] -> 0xFEB5
[3322] [M]: 0x8001FAC8 (0xFEB50CE3) beq a0, a1, 8184


mem[X,0x8001FACC] -> 0x0113
mem[X,0x8001FACE] -> 0x0021
[3323] [M]: 0x8001FACC (0x00210113) addi sp, sp, 2
x2 <- 0x00000002


mem[X,0x8001FAD0] -> 0x006F
mem[X,0x8001FAD2] -> 0x00C0
[3324] [M]: 0x8001FAD0 (0x00C0006F) jal zero, 12


mem[X,0x8001FADC] -> 0xA823
mem[X,0x8001FADE] -> 0x5220
[3325] [M]: 0x8001FADC (0x5220A823) sw sp, 1328(ra)
mem[0x8003A698] <- 0x00000002


mem[X,0x8001FAE0] -> 0x3537
mem[X,0x8001FAE2] -> 0x3333
[3326] [M]: 0x8001FAE0 (0x33333537) lui a0, 209715
x10 <- 0x33333000


mem[X,0x8001FAE4] -> 0x0513
mem[X,0x8001FAE6] -> 0x3345
[3327] [M]: 0x8001FAE4 (0x33450513) addi a0, a0, 820
x10 <- 0x33333334


mem[X,0x8001FAE8] -> 0x35B7
mem[X,0x8001FAEA] -> 0x3333
[3328] [M]: 0x8001FAE8 (0x333335B7) lui a1, 209715
x11 <- 0x33333000


mem[X,0x8001FAEC] -> 0x8593
mem[X,0x8001FAEE] -> 0x3335
[3329] [M]: 0x8001FAEC (0x33358593) addi a1, a1, 819
x11 <- 0x33333333


mem[X,0x8001FAF0] -> 0x0113
mem[X,0x8001FAF2] -> 0x0000
[3330] [M]: 0x8001FAF0 (0x00000113) addi sp, zero, 0
x2 <- 0x00000000


mem[X,0x8001FAF4] -> 0x006F
mem[X,0x8001FAF6] -> 0x00C0
[3331] [M]: 0x8001FAF4 (0x00C0006F) jal zero, 12


mem[X,0x8001FB00] -> 0x0063
mem[X,0x8001FB02] -> 0x02B5
[3332] [M]: 0x8001FB00 (0x02B50063) beq a0, a1, 32


mem[X,0x8001FB04] -> 0x0113
mem[X,0x8001FB06] -> 0x0021
[3333] [M]: 0x8001FB04 (0x00210113) addi sp, sp, 2
x2 <- 0x00000002


mem[X,0x8001FB08] -> 0x006F
mem[X,0x8001FB0A] -> 0x0200
[3334] [M]: 0x8001FB08 (0x0200006F) jal zero, 32


mem[X,0x8001FB28] -> 0xAA23
mem[X,0x8001FB2A] -> 0x5220
[3335] [M]: 0x8001FB28 (0x5220AA23) sw sp, 1332(ra)
mem[0x8003A69C] <- 0x00000002


mem[X,0x8001FB2C] -> 0x3537
mem[X,0x8001FB2E] -> 0x3333
[3336] [M]: 0x8001FB2C (0x33333537) lui a0, 209715
x10 <- 0x33333000


mem[X,0x8001FB30] -> 0x0513
mem[X,0x8001FB32] -> 0x3345
[3337] [M]: 0x8001FB30 (0x33450513) addi a0, a0, 820
x10 <- 0x33333334


mem[X,0x8001FB34] -> 0x65B7
mem[X,0x8001FB36] -> 0x6666
[3338] [M]: 0x8001FB34 (0x666665B7) lui a1, 419430
x11 <- 0x66666000


mem[X,0x8001FB38] -> 0x8593
mem[X,0x8001FB3A] -> 0x6665
[3339] [M]: 0x8001FB38 (0x66658593) addi a1, a1, 1638
x11 <- 0x66666666


mem[X,0x8001FB3C] -> 0x0113
mem[X,0x8001FB3E] -> 0x0000
[3340] [M]: 0x8001FB3C (0x00000113) addi sp, zero, 0
x2 <- 0x00000000


mem[X,0x8001FB40] -> 0x006F
mem[X,0x8001FB42] -> 0x00C0
[3341] [M]: 0x8001FB40 (0x00C0006F) jal zero, 12


mem[X,0x8001FB4C] -> 0x0063
mem[X,0x8001FB4E] -> 0x20B5
[3342] [M]: 0x8001FB4C (0x20B50063) beq a0, a1, 512


mem[X,0x8001FB50] -> 0x0113
mem[X,0x8001FB52] -> 0x0021
[3343] [M]: 0x8001FB50 (0x00210113) addi sp, sp, 2
x2 <- 0x00000002


mem[X,0x8001FB54] -> 0x006F
mem[X,0x8001FB56] -> 0x2000
[3344] [M]: 0x8001FB54 (0x2000006F) jal zero, 512


mem[X,0x8001FD54] -> 0xAC23
mem[X,0x8001FD56] -> 0x5220
[3345] [M]: 0x8001FD54 (0x5220AC23) sw sp, 1336(ra)
mem[0x8003A6A0] <- 0x00000002


mem[X,0x8001FD58] -> 0x3537
mem[X,0x8001FD5A] -> 0x3333
[3346] [M]: 0x8001FD58 (0x33333537) lui a0, 209715
x10 <- 0x33333000


mem[X,0x8001FD5C] -> 0x0513
mem[X,0x8001FD5E] -> 0x3345
[3347] [M]: 0x8001FD5C (0x33450513) addi a0, a0, 820
x10 <- 0x33333334


mem[X,0x8001FD60] -> 0x55B7
mem[X,0x8001FD62] -> 0xFFFF
[3348] [M]: 0x8001FD60 (0xFFFF55B7) lui a1, 1048565
x11 <- 0xFFFF5000


mem[X,0x8001FD64] -> 0x8593
mem[X,0x8001FD66] -> 0xAFC5
[3349] [M]: 0x8001FD64 (0xAFC58593) addi a1, a1, 2812
x11 <- 0xFFFF4AFC


mem[X,0x8001FD68] -> 0x0113
mem[X,0x8001FD6A] -> 0x0000
[3350] [M]: 0x8001FD68 (0x00000113) addi sp, zero, 0
x2 <- 0x00000000


mem[X,0x8001FD6C] -> 0x006F
mem[X,0x8001FD6E] -> 0x0140
[3351] [M]: 0x8001FD6C (0x0140006F) jal zero, 20


mem[X,0x8001FD80] -> 0x08E3
mem[X,0x8001FD82] -> 0xFEB5
[3352] [M]: 0x8001FD80 (0xFEB508E3) beq a0, a1, 8176


mem[X,0x8001FD84] -> 0x0113
mem[X,0x8001FD86] -> 0x0021
[3353] [M]: 0x8001FD84 (0x00210113) addi sp, sp, 2
x2 <- 0x00000002


mem[X,0x8001FD88] -> 0x006F
mem[X,0x8001FD8A] -> 0x00C0
[3354] [M]: 0x8001FD88 (0x00C0006F) jal zero, 12


mem[X,0x8001FD94] -> 0xAE23
mem[X,0x8001FD96] -> 0x5220
[3355] [M]: 0x8001FD94 (0x5220AE23) sw sp, 1340(ra)
mem[0x8003A6A4] <- 0x00000002


mem[X,0x8001FD98] -> 0x3537
mem[X,0x8001FD9A] -> 0x3333
[3356] [M]: 0x8001FD98 (0x33333537) lui a0, 209715
x10 <- 0x33333000


mem[X,0x8001FD9C] -> 0x0513
mem[X,0x8001FD9E] -> 0x3345
[3357] [M]: 0x8001FD9C (0x33450513) addi a0, a0, 820
x10 <- 0x33333334


mem[X,0x8001FDA0] -> 0xB5B7
mem[X,0x8001FDA2] -> 0x0000
[3358] [M]: 0x8001FDA0 (0x0000B5B7) lui a1, 11
x11 <- 0x0000B000


mem[X,0x8001FDA4] -> 0x8593
mem[X,0x8001FDA6] -> 0x5045
[3359] [M]: 0x8001FDA4 (0x50458593) addi a1, a1, 1284
x11 <- 0x0000B504


mem[X,0x8001FDA8] -> 0x0113
mem[X,0x8001FDAA] -> 0x0000
[3360] [M]: 0x8001FDA8 (0x00000113) addi sp, zero, 0
x2 <- 0x00000000


mem[X,0x8001FDAC] -> 0x006F
mem[X,0x8001FDAE] -> 0x00C0
[3361] [M]: 0x8001FDAC (0x00C0006F) jal zero, 12


mem[X,0x8001FDB8] -> 0x0CE3
mem[X,0x8001FDBA] -> 0xFEB5
[3362] [M]: 0x8001FDB8 (0xFEB50CE3) beq a0, a1, 8184


mem[X,0x8001FDBC] -> 0x0113
mem[X,0x8001FDBE] -> 0x0021
[3363] [M]: 0x8001FDBC (0x00210113) addi sp, sp, 2
x2 <- 0x00000002


mem[X,0x8001FDC0] -> 0x006F
mem[X,0x8001FDC2] -> 0x00C0
[3364] [M]: 0x8001FDC0 (0x00C0006F) jal zero, 12


mem[X,0x8001FDCC] -> 0xA023
mem[X,0x8001FDCE] -> 0x5420
[3365] [M]: 0x8001FDCC (0x5420A023) sw sp, 1344(ra)
mem[0x8003A6A8] <- 0x00000002


mem[X,0x8001FDD0] -> 0x3537
mem[X,0x8001FDD2] -> 0x3333
[3366] [M]: 0x8001FDD0 (0x33333537) lui a0, 209715
x10 <- 0x33333000


mem[X,0x8001FDD4] -> 0x0513
mem[X,0x8001FDD6] -> 0x3345
[3367] [M]: 0x8001FDD4 (0x33450513) addi a0, a0, 820
x10 <- 0x33333334


mem[X,0x8001FDD8] -> 0x0593
mem[X,0x8001FDDA] -> 0x0020
[3368] [M]: 0x8001FDD8 (0x00200593) addi a1, zero, 2
x11 <- 0x00000002


mem[X,0x8001FDDC] -> 0x0113
mem[X,0x8001FDDE] -> 0x0000
[3369] [M]: 0x8001FDDC (0x00000113) addi sp, zero, 0
x2 <- 0x00000000


mem[X,0x8001FDE0] -> 0x006F
mem[X,0x8001FDE2] -> 0x00C0
[3370] [M]: 0x8001FDE0 (0x00C0006F) jal zero, 12


mem[X,0x8001FDEC] -> 0x0CE3
mem[X,0x8001FDEE] -> 0xFEB5
[3371] [M]: 0x8001FDEC (0xFEB50CE3) beq a0, a1, 8184


mem[X,0x8001FDF0] -> 0x0113
mem[X,0x8001FDF2] -> 0x0021
[3372] [M]: 0x8001FDF0 (0x00210113) addi sp, sp, 2
x2 <- 0x00000002


mem[X,0x8001FDF4] -> 0x006F
mem[X,0x8001FDF6] -> 0x00C0
[3373] [M]: 0x8001FDF4 (0x00C0006F) jal zero, 12


mem[X,0x8001FE00] -> 0xA223
mem[X,0x8001FE02] -> 0x5420
[3374] [M]: 0x8001FE00 (0x5420A223) sw sp, 1348(ra)
mem[0x8003A6AC] <- 0x00000002


mem[X,0x8001FE04] -> 0x3537
mem[X,0x8001FE06] -> 0x3333
[3375] [M]: 0x8001FE04 (0x33333537) lui a0, 209715
x10 <- 0x33333000


mem[X,0x8001FE08] -> 0x0513
mem[X,0x8001FE0A] -> 0x3345
[3376] [M]: 0x8001FE08 (0x33450513) addi a0, a0, 820
x10 <- 0x33333334


mem[X,0x8001FE0C] -> 0x55B7
mem[X,0x8001FE0E] -> 0x5555
[3377] [M]: 0x8001FE0C (0x555555B7) lui a1, 349525
x11 <- 0x55555000


mem[X,0x8001FE10] -> 0x8593
mem[X,0x8001FE12] -> 0x5545
[3378] [M]: 0x8001FE10 (0x55458593) addi a1, a1, 1364
x11 <- 0x55555554


mem[X,0x8001FE14] -> 0x0113
mem[X,0x8001FE16] -> 0x0000
[3379] [M]: 0x8001FE14 (0x00000113) addi sp, zero, 0
x2 <- 0x00000000


mem[X,0x8001FE18] -> 0x006F
mem[X,0x8001FE1A] -> 0x00C0
[3380] [M]: 0x8001FE18 (0x00C0006F) jal zero, 12


mem[X,0x8001FE24] -> 0x0CE3
mem[X,0x8001FE26] -> 0xFEB5
[3381] [M]: 0x8001FE24 (0xFEB50CE3) beq a0, a1, 8184


mem[X,0x8001FE28] -> 0x0113
mem[X,0x8001FE2A] -> 0x0021
[3382] [M]: 0x8001FE28 (0x00210113) addi sp, sp, 2
x2 <- 0x00000002


mem[X,0x8001FE2C] -> 0x006F
mem[X,0x8001FE2E] -> 0x00C0
[3383] [M]: 0x8001FE2C (0x00C0006F) jal zero, 12


mem[X,0x8001FE38] -> 0xA423
mem[X,0x8001FE3A] -> 0x5420
[3384] [M]: 0x8001FE38 (0x5420A423) sw sp, 1352(ra)
mem[0x8003A6B0] <- 0x00000002


mem[X,0x8001FE3C] -> 0x3537
mem[X,0x8001FE3E] -> 0x3333
[3385] [M]: 0x8001FE3C (0x33333537) lui a0, 209715
x10 <- 0x33333000


mem[X,0x8001FE40] -> 0x0513
mem[X,0x8001FE42] -> 0x3345
[3386] [M]: 0x8001FE40 (0x33450513) addi a0, a0, 820
x10 <- 0x33333334


mem[X,0x8001FE44] -> 0x0593
mem[X,0x8001FE46] -> 0x0000
[3387] [M]: 0x8001FE44 (0x00000593) addi a1, zero, 0
x11 <- 0x00000000


mem[X,0x8001FE48] -> 0x0113
mem[X,0x8001FE4A] -> 0x0000
[3388] [M]: 0x8001FE48 (0x00000113) addi sp, zero, 0
x2 <- 0x00000000


mem[X,0x8001FE4C] -> 0x006F
mem[X,0x8001FE4E] -> 0x00C0
[3389] [M]: 0x8001FE4C (0x00C0006F) jal zero, 12


mem[X,0x8001FE58] -> 0x0063
mem[X,0x8001FE5A] -> 0x02B5
[3390] [M]: 0x8001FE58 (0x02B50063) beq a0, a1, 32


mem[X,0x8001FE5C] -> 0x0113
mem[X,0x8001FE5E] -> 0x0021
[3391] [M]: 0x8001FE5C (0x00210113) addi sp, sp, 2
x2 <- 0x00000002


mem[X,0x8001FE60] -> 0x006F
mem[X,0x8001FE62] -> 0x0200
[3392] [M]: 0x8001FE60 (0x0200006F) jal zero, 32


mem[X,0x8001FE80] -> 0xA623
mem[X,0x8001FE82] -> 0x5420
[3393] [M]: 0x8001FE80 (0x5420A623) sw sp, 1356(ra)
mem[0x8003A6B4] <- 0x00000002


mem[X,0x8001FE84] -> 0x3537
mem[X,0x8001FE86] -> 0x3333
[3394] [M]: 0x8001FE84 (0x33333537) lui a0, 209715
x10 <- 0x33333000


mem[X,0x8001FE88] -> 0x0513
mem[X,0x8001FE8A] -> 0x3345
[3395] [M]: 0x8001FE88 (0x33450513) addi a0, a0, 820
x10 <- 0x33333334


mem[X,0x8001FE8C] -> 0x0593
mem[X,0x8001FE8E] -> 0x0040
[3396] [M]: 0x8001FE8C (0x00400593) addi a1, zero, 4
x11 <- 0x00000004


mem[X,0x8001FE90] -> 0x0113
mem[X,0x8001FE92] -> 0x0000
[3397] [M]: 0x8001FE90 (0x00000113) addi sp, zero, 0
x2 <- 0x00000000


mem[X,0x8001FE94] -> 0x006F
mem[X,0x8001FE96] -> 0x00C0
[3398] [M]: 0x8001FE94 (0x00C0006F) jal zero, 12


mem[X,0x8001FEA0] -> 0x0663
mem[X,0x8001FEA2] -> 0x00B5
[3399] [M]: 0x8001FEA0 (0x00B50663) beq a0, a1, 12


clint::tick mtime <- 0x0000000000000022
 clint timer pending at mtime 0x0000000000000022
htif::tick 0x0000000000000000
mem[X,0x8001FEA4] -> 0x0113
mem[X,0x8001FEA6] -> 0x0021
[3400] [M]: 0x8001FEA4 (0x00210113) addi sp, sp, 2
x2 <- 0x00000002


mem[X,0x8001FEA8] -> 0x006F
mem[X,0x8001FEAA] -> 0x00C0
[3401] [M]: 0x8001FEA8 (0x00C0006F) jal zero, 12


mem[X,0x8001FEB4] -> 0xA823
mem[X,0x8001FEB6] -> 0x5420
[3402] [M]: 0x8001FEB4 (0x5420A823) sw sp, 1360(ra)
mem[0x8003A6B8] <- 0x00000002


mem[X,0x8001FEB8] -> 0x3537
mem[X,0x8001FEBA] -> 0x3333
[3403] [M]: 0x8001FEB8 (0x33333537) lui a0, 209715
x10 <- 0x33333000


mem[X,0x8001FEBC] -> 0x0513
mem[X,0x8001FEBE] -> 0x3345
[3404] [M]: 0x8001FEBC (0x33450513) addi a0, a0, 820
x10 <- 0x33333334


mem[X,0x8001FEC0] -> 0x35B7
mem[X,0x8001FEC2] -> 0x3333
[3405] [M]: 0x8001FEC0 (0x333335B7) lui a1, 209715
x11 <- 0x33333000


mem[X,0x8001FEC4] -> 0x8593
mem[X,0x8001FEC6] -> 0x3325
[3406] [M]: 0x8001FEC4 (0x33258593) addi a1, a1, 818
x11 <- 0x33333332


mem[X,0x8001FEC8] -> 0x0113
mem[X,0x8001FECA] -> 0x0000
[3407] [M]: 0x8001FEC8 (0x00000113) addi sp, zero, 0
x2 <- 0x00000000


mem[X,0x8001FECC] -> 0x006F
mem[X,0x8001FECE] -> 0x00C0
[3408] [M]: 0x8001FECC (0x00C0006F) jal zero, 12


mem[X,0x8001FED8] -> 0x0663
mem[X,0x8001FEDA] -> 0x00B5
[3409] [M]: 0x8001FED8 (0x00B50663) beq a0, a1, 12


mem[X,0x8001FEDC] -> 0x0113
mem[X,0x8001FEDE] -> 0x0021
[3410] [M]: 0x8001FEDC (0x00210113) addi sp, sp, 2
x2 <- 0x00000002


mem[X,0x8001FEE0] -> 0x006F
mem[X,0x8001FEE2] -> 0x00C0
[3411] [M]: 0x8001FEE0 (0x00C0006F) jal zero, 12


mem[X,0x8001FEEC] -> 0xAA23
mem[X,0x8001FEEE] -> 0x5420
[3412] [M]: 0x8001FEEC (0x5420AA23) sw sp, 1364(ra)
mem[0x8003A6BC] <- 0x00000002


mem[X,0x8001FEF0] -> 0x3537
mem[X,0x8001FEF2] -> 0x3333
[3413] [M]: 0x8001FEF0 (0x33333537) lui a0, 209715
x10 <- 0x33333000


mem[X,0x8001FEF4] -> 0x0513
mem[X,0x8001FEF6] -> 0x3345
[3414] [M]: 0x8001FEF4 (0x33450513) addi a0, a0, 820
x10 <- 0x33333334


mem[X,0x8001FEF8] -> 0x65B7
mem[X,0x8001FEFA] -> 0x6666
[3415] [M]: 0x8001FEF8 (0x666665B7) lui a1, 419430
x11 <- 0x66666000


mem[X,0x8001FEFC] -> 0x8593
mem[X,0x8001FEFE] -> 0x6655
[3416] [M]: 0x8001FEFC (0x66558593) addi a1, a1, 1637
x11 <- 0x66666665


mem[X,0x8001FF00] -> 0x0113
mem[X,0x8001FF02] -> 0x0000
[3417] [M]: 0x8001FF00 (0x00000113) addi sp, zero, 0
x2 <- 0x00000000


mem[X,0x8001FF04] -> 0x006F
mem[X,0x8001FF06] -> 0x00C0
[3418] [M]: 0x8001FF04 (0x00C0006F) jal zero, 12


mem[X,0x8001FF10] -> 0x0CE3
mem[X,0x8001FF12] -> 0xFEB5
[3419] [M]: 0x8001FF10 (0xFEB50CE3) beq a0, a1, 8184


mem[X,0x8001FF14] -> 0x0113
mem[X,0x8001FF16] -> 0x0021
[3420] [M]: 0x8001FF14 (0x00210113) addi sp, sp, 2
x2 <- 0x00000002


mem[X,0x8001FF18] -> 0x006F
mem[X,0x8001FF1A] -> 0x00C0
[3421] [M]: 0x8001FF18 (0x00C0006F) jal zero, 12


mem[X,0x8001FF24] -> 0xAC23
mem[X,0x8001FF26] -> 0x5420
[3422] [M]: 0x8001FF24 (0x5420AC23) sw sp, 1368(ra)
mem[0x8003A6C0] <- 0x00000002


mem[X,0x8001FF28] -> 0x3537
mem[X,0x8001FF2A] -> 0x3333
[3423] [M]: 0x8001FF28 (0x33333537) lui a0, 209715
x10 <- 0x33333000


mem[X,0x8001FF2C] -> 0x0513
mem[X,0x8001FF2E] -> 0x3345
[3424] [M]: 0x8001FF2C (0x33450513) addi a0, a0, 820
x10 <- 0x33333334


mem[X,0x8001FF30] -> 0xB5B7
mem[X,0x8001FF32] -> 0x0000
[3425] [M]: 0x8001FF30 (0x0000B5B7) lui a1, 11
x11 <- 0x0000B000


mem[X,0x8001FF34] -> 0x8593
mem[X,0x8001FF36] -> 0x5035
[3426] [M]: 0x8001FF34 (0x50358593) addi a1, a1, 1283
x11 <- 0x0000B503


mem[X,0x8001FF38] -> 0x0113
mem[X,0x8001FF3A] -> 0x0000
[3427] [M]: 0x8001FF38 (0x00000113) addi sp, zero, 0
x2 <- 0x00000000


mem[X,0x8001FF3C] -> 0x006F
mem[X,0x8001FF3E] -> 0x00C0
[3428] [M]: 0x8001FF3C (0x00C0006F) jal zero, 12


mem[X,0x8001FF48] -> 0x0CE3
mem[X,0x8001FF4A] -> 0xFEB5
[3429] [M]: 0x8001FF48 (0xFEB50CE3) beq a0, a1, 8184


mem[X,0x8001FF4C] -> 0x0113
mem[X,0x8001FF4E] -> 0x0021
[3430] [M]: 0x8001FF4C (0x00210113) addi sp, sp, 2
x2 <- 0x00000002


mem[X,0x8001FF50] -> 0x006F
mem[X,0x8001FF52] -> 0x00C0
[3431] [M]: 0x8001FF50 (0x00C0006F) jal zero, 12


mem[X,0x8001FF5C] -> 0xAE23
mem[X,0x8001FF5E] -> 0x5420
[3432] [M]: 0x8001FF5C (0x5420AE23) sw sp, 1372(ra)
mem[0x8003A6C4] <- 0x00000002


mem[X,0x8001FF60] -> 0x3537
mem[X,0x8001FF62] -> 0x3333
[3433] [M]: 0x8001FF60 (0x33333537) lui a0, 209715
x10 <- 0x33333000


mem[X,0x8001FF64] -> 0x0513
mem[X,0x8001FF66] -> 0x3345
[3434] [M]: 0x8001FF64 (0x33450513) addi a0, a0, 820
x10 <- 0x33333334


mem[X,0x8001FF68] -> 0x55B7
mem[X,0x8001FF6A] -> 0x5555
[3435] [M]: 0x8001FF68 (0x555555B7) lui a1, 349525
x11 <- 0x55555000


mem[X,0x8001FF6C] -> 0x8593
mem[X,0x8001FF6E] -> 0x5565
[3436] [M]: 0x8001FF6C (0x55658593) addi a1, a1, 1366
x11 <- 0x55555556


mem[X,0x8001FF70] -> 0x0113
mem[X,0x8001FF72] -> 0x0000
[3437] [M]: 0x8001FF70 (0x00000113) addi sp, zero, 0
x2 <- 0x00000000


mem[X,0x8001FF74] -> 0x006F
mem[X,0x8001FF76] -> 0x00C0
[3438] [M]: 0x8001FF74 (0x00C0006F) jal zero, 12


mem[X,0x8001FF80] -> 0x0663
mem[X,0x8001FF82] -> 0x00B5
[3439] [M]: 0x8001FF80 (0x00B50663) beq a0, a1, 12


mem[X,0x8001FF84] -> 0x0113
mem[X,0x8001FF86] -> 0x0021
[3440] [M]: 0x8001FF84 (0x00210113) addi sp, sp, 2
x2 <- 0x00000002


mem[X,0x8001FF88] -> 0x006F
mem[X,0x8001FF8A] -> 0x00C0
[3441] [M]: 0x8001FF88 (0x00C0006F) jal zero, 12


mem[X,0x8001FF94] -> 0xA023
mem[X,0x8001FF96] -> 0x5620
[3442] [M]: 0x8001FF94 (0x5620A023) sw sp, 1376(ra)
mem[0x8003A6C8] <- 0x00000002


mem[X,0x8001FF98] -> 0x3537
mem[X,0x8001FF9A] -> 0x3333
[3443] [M]: 0x8001FF98 (0x33333537) lui a0, 209715
x10 <- 0x33333000


mem[X,0x8001FF9C] -> 0x0513
mem[X,0x8001FF9E] -> 0x3345
[3444] [M]: 0x8001FF9C (0x33450513) addi a0, a0, 820
x10 <- 0x33333334


mem[X,0x8001FFA0] -> 0xB5B7
mem[X,0x8001FFA2] -> 0xAAAA
[3445] [M]: 0x8001FFA0 (0xAAAAB5B7) lui a1, 699051
x11 <- 0xAAAAB000


mem[X,0x8001FFA4] -> 0x8593
mem[X,0x8001FFA6] -> 0xAAB5
[3446] [M]: 0x8001FFA4 (0xAAB58593) addi a1, a1, 2731
x11 <- 0xAAAAAAAB


mem[X,0x8001FFA8] -> 0x0113
mem[X,0x8001FFAA] -> 0x0000
[3447] [M]: 0x8001FFA8 (0x00000113) addi sp, zero, 0
x2 <- 0x00000000


mem[X,0x8001FFAC] -> 0x006F
mem[X,0x8001FFAE] -> 0x00C0
[3448] [M]: 0x8001FFAC (0x00C0006F) jal zero, 12


mem[X,0x8001FFB8] -> 0x0663
mem[X,0x8001FFBA] -> 0x00B5
[3449] [M]: 0x8001FFB8 (0x00B50663) beq a0, a1, 12


mem[X,0x8001FFBC] -> 0x0113
mem[X,0x8001FFBE] -> 0x0021
[3450] [M]: 0x8001FFBC (0x00210113) addi sp, sp, 2
x2 <- 0x00000002


mem[X,0x8001FFC0] -> 0x006F
mem[X,0x8001FFC2] -> 0x00C0
[3451] [M]: 0x8001FFC0 (0x00C0006F) jal zero, 12


mem[X,0x8001FFCC] -> 0xA223
mem[X,0x8001FFCE] -> 0x5620
[3452] [M]: 0x8001FFCC (0x5620A223) sw sp, 1380(ra)
mem[0x8003A6CC] <- 0x00000002


mem[X,0x8001FFD0] -> 0x3537
mem[X,0x8001FFD2] -> 0x3333
[3453] [M]: 0x8001FFD0 (0x33333537) lui a0, 209715
x10 <- 0x33333000


mem[X,0x8001FFD4] -> 0x0513
mem[X,0x8001FFD6] -> 0x3345
[3454] [M]: 0x8001FFD4 (0x33450513) addi a0, a0, 820
x10 <- 0x33333334


mem[X,0x8001FFD8] -> 0x0593
mem[X,0x8001FFDA] -> 0x0060
[3455] [M]: 0x8001FFD8 (0x00600593) addi a1, zero, 6
x11 <- 0x00000006


mem[X,0x8001FFDC] -> 0x0113
mem[X,0x8001FFDE] -> 0x0000
[3456] [M]: 0x8001FFDC (0x00000113) addi sp, zero, 0
x2 <- 0x00000000


mem[X,0x8001FFE0] -> 0x006F
mem[X,0x8001FFE2] -> 0x00C0
[3457] [M]: 0x8001FFE0 (0x00C0006F) jal zero, 12


mem[X,0x8001FFEC] -> 0x0CE3
mem[X,0x8001FFEE] -> 0xFEB5
[3458] [M]: 0x8001FFEC (0xFEB50CE3) beq a0, a1, 8184


mem[X,0x8001FFF0] -> 0x0113
mem[X,0x8001FFF2] -> 0x0021
[3459] [M]: 0x8001FFF0 (0x00210113) addi sp, sp, 2
x2 <- 0x00000002


mem[X,0x8001FFF4] -> 0x006F
mem[X,0x8001FFF6] -> 0x00C0
[3460] [M]: 0x8001FFF4 (0x00C0006F) jal zero, 12


mem[X,0x80020000] -> 0xA423
mem[X,0x80020002] -> 0x5620
[3461] [M]: 0x80020000 (0x5620A423) sw sp, 1384(ra)
mem[0x8003A6D0] <- 0x00000002


mem[X,0x80020004] -> 0x3537
mem[X,0x80020006] -> 0x3333
[3462] [M]: 0x80020004 (0x33333537) lui a0, 209715
x10 <- 0x33333000


mem[X,0x80020008] -> 0x0513
mem[X,0x8002000A] -> 0x3345
[3463] [M]: 0x80020008 (0x33450513) addi a0, a0, 820
x10 <- 0x33333334


mem[X,0x8002000C] -> 0x35B7
mem[X,0x8002000E] -> 0x3333
[3464] [M]: 0x8002000C (0x333335B7) lui a1, 209715
x11 <- 0x33333000


mem[X,0x80020010] -> 0x8593
mem[X,0x80020012] -> 0x3345
[3465] [M]: 0x80020010 (0x33458593) addi a1, a1, 820
x11 <- 0x33333334


mem[X,0x80020014] -> 0x0113
mem[X,0x80020016] -> 0x0000
[3466] [M]: 0x80020014 (0x00000113) addi sp, zero, 0
x2 <- 0x00000000


mem[X,0x80020018] -> 0x006F
mem[X,0x8002001A] -> 0x00C0
[3467] [M]: 0x80020018 (0x00C0006F) jal zero, 12


mem[X,0x80020024] -> 0x0663
mem[X,0x80020026] -> 0x00B5
[3468] [M]: 0x80020024 (0x00B50663) beq a0, a1, 12


mem[X,0x80020030] -> 0x0113
mem[X,0x80020032] -> 0x0031
[3469] [M]: 0x80020030 (0x00310113) addi sp, sp, 3
x2 <- 0x00000003


mem[X,0x80020034] -> 0x006F
mem[X,0x80020036] -> 0x0040
[3470] [M]: 0x80020034 (0x0040006F) jal zero, 4


mem[X,0x80020038] -> 0xA623
mem[X,0x8002003A] -> 0x5620
[3471] [M]: 0x80020038 (0x5620A623) sw sp, 1388(ra)
mem[0x8003A6D4] <- 0x00000003


mem[X,0x8002003C] -> 0x3537
mem[X,0x8002003E] -> 0x3333
[3472] [M]: 0x8002003C (0x33333537) lui a0, 209715
x10 <- 0x33333000


mem[X,0x80020040] -> 0x0513
mem[X,0x80020042] -> 0x3345
[3473] [M]: 0x80020040 (0x33450513) addi a0, a0, 820
x10 <- 0x33333334


mem[X,0x80020044] -> 0x65B7
mem[X,0x80020046] -> 0x6666
[3474] [M]: 0x80020044 (0x666665B7) lui a1, 419430
x11 <- 0x66666000


mem[X,0x80020048] -> 0x8593
mem[X,0x8002004A] -> 0x6675
[3475] [M]: 0x80020048 (0x66758593) addi a1, a1, 1639
x11 <- 0x66666667


mem[X,0x8002004C] -> 0x0113
mem[X,0x8002004E] -> 0x0000
[3476] [M]: 0x8002004C (0x00000113) addi sp, zero, 0
x2 <- 0x00000000


mem[X,0x80020050] -> 0x006F
mem[X,0x80020052] -> 0x0140
[3477] [M]: 0x80020050 (0x0140006F) jal zero, 20


mem[X,0x80020064] -> 0x08E3
mem[X,0x80020066] -> 0xFEB5
[3478] [M]: 0x80020064 (0xFEB508E3) beq a0, a1, 8176


mem[X,0x80020068] -> 0x0113
mem[X,0x8002006A] -> 0x0021
[3479] [M]: 0x80020068 (0x00210113) addi sp, sp, 2
x2 <- 0x00000002


mem[X,0x8002006C] -> 0x006F
mem[X,0x8002006E] -> 0x00C0
[3480] [M]: 0x8002006C (0x00C0006F) jal zero, 12


mem[X,0x80020078] -> 0xA823
mem[X,0x8002007A] -> 0x5620
[3481] [M]: 0x80020078 (0x5620A823) sw sp, 1392(ra)
mem[0x8003A6D8] <- 0x00000002


mem[X,0x8002007C] -> 0x3537
mem[X,0x8002007E] -> 0x3333
[3482] [M]: 0x8002007C (0x33333537) lui a0, 209715
x10 <- 0x33333000


mem[X,0x80020080] -> 0x0513
mem[X,0x80020082] -> 0x3345
[3483] [M]: 0x80020080 (0x33450513) addi a0, a0, 820
x10 <- 0x33333334


mem[X,0x80020084] -> 0x55B7
mem[X,0x80020086] -> 0xFFFF
[3484] [M]: 0x80020084 (0xFFFF55B7) lui a1, 1048565
x11 <- 0xFFFF5000


mem[X,0x80020088] -> 0x8593
mem[X,0x8002008A] -> 0xAFD5
[3485] [M]: 0x80020088 (0xAFD58593) addi a1, a1, 2813
x11 <- 0xFFFF4AFD


mem[X,0x8002008C] -> 0x0113
mem[X,0x8002008E] -> 0x0000
[3486] [M]: 0x8002008C (0x00000113) addi sp, zero, 0
x2 <- 0x00000000


mem[X,0x80020090] -> 0x006F
mem[X,0x80020092] -> 0x00C0
[3487] [M]: 0x80020090 (0x00C0006F) jal zero, 12


mem[X,0x8002009C] -> 0x0063
mem[X,0x8002009E] -> 0x40B5
[3488] [M]: 0x8002009C (0x40B50063) beq a0, a1, 1024


mem[X,0x800200A0] -> 0x0113
mem[X,0x800200A2] -> 0x0021
[3489] [M]: 0x800200A0 (0x00210113) addi sp, sp, 2
x2 <- 0x00000002


mem[X,0x800200A4] -> 0x006F
mem[X,0x800200A6] -> 0x4000
[3490] [M]: 0x800200A4 (0x4000006F) jal zero, 1024


mem[X,0x800204A4] -> 0xAA23
mem[X,0x800204A6] -> 0x5620
[3491] [M]: 0x800204A4 (0x5620AA23) sw sp, 1396(ra)
mem[0x8003A6DC] <- 0x00000002


mem[X,0x800204A8] -> 0x3537
mem[X,0x800204AA] -> 0x3333
[3492] [M]: 0x800204A8 (0x33333537) lui a0, 209715
x10 <- 0x33333000


mem[X,0x800204AC] -> 0x0513
mem[X,0x800204AE] -> 0x3345
[3493] [M]: 0x800204AC (0x33450513) addi a0, a0, 820
x10 <- 0x33333334


mem[X,0x800204B0] -> 0xB5B7
mem[X,0x800204B2] -> 0x0000
[3494] [M]: 0x800204B0 (0x0000B5B7) lui a1, 11
x11 <- 0x0000B000


mem[X,0x800204B4] -> 0x8593
mem[X,0x800204B6] -> 0x5055
[3495] [M]: 0x800204B4 (0x50558593) addi a1, a1, 1285
x11 <- 0x0000B505


mem[X,0x800204B8] -> 0x0113
mem[X,0x800204BA] -> 0x0000
[3496] [M]: 0x800204B8 (0x00000113) addi sp, zero, 0
x2 <- 0x00000000


mem[X,0x800204BC] -> 0x006F
mem[X,0x800204BE] -> 0x0050
[3497] [M]: 0x800204BC (0x0050006F) jal zero, 2052


mem[X,0x80020CC0] -> 0x00E3
mem[X,0x80020CC2] -> 0x80B5
[3498] [M]: 0x80020CC0 (0x80B500E3) beq a0, a1, 6144


mem[X,0x80020CC4] -> 0x0113
mem[X,0x80020CC6] -> 0x0021
[3499] [M]: 0x80020CC4 (0x00210113) addi sp, sp, 2
x2 <- 0x00000002


clint::tick mtime <- 0x0000000000000023
 clint timer pending at mtime 0x0000000000000023
htif::tick 0x0000000000000000
mem[X,0x80020CC8] -> 0x006F
mem[X,0x80020CCA] -> 0x00C0
[3500] [M]: 0x80020CC8 (0x00C0006F) jal zero, 12


mem[X,0x80020CD4] -> 0xAC23
mem[X,0x80020CD6] -> 0x5620
[3501] [M]: 0x80020CD4 (0x5620AC23) sw sp, 1400(ra)
mem[0x8003A6E0] <- 0x00000002


mem[X,0x80020CD8] -> 0x6537
mem[X,0x80020CDA] -> 0x6666
[3502] [M]: 0x80020CD8 (0x66666537) lui a0, 419430
x10 <- 0x66666000


mem[X,0x80020CDC] -> 0x0513
mem[X,0x80020CDE] -> 0x6675
[3503] [M]: 0x80020CDC (0x66750513) addi a0, a0, 1639
x10 <- 0x66666667


mem[X,0x80020CE0] -> 0x0593
mem[X,0x80020CE2] -> 0x0030
[3504] [M]: 0x80020CE0 (0x00300593) addi a1, zero, 3
x11 <- 0x00000003


mem[X,0x80020CE4] -> 0x0113
mem[X,0x80020CE6] -> 0x0000
[3505] [M]: 0x80020CE4 (0x00000113) addi sp, zero, 0
x2 <- 0x00000000


mem[X,0x80020CE8] -> 0x006F
mem[X,0x80020CEA] -> 0x00C0
[3506] [M]: 0x80020CE8 (0x00C0006F) jal zero, 12


mem[X,0x80020CF4] -> 0x0063
mem[X,0x80020CF6] -> 0x20B5
[3507] [M]: 0x80020CF4 (0x20B50063) beq a0, a1, 512


mem[X,0x80020CF8] -> 0x0113
mem[X,0x80020CFA] -> 0x0021
[3508] [M]: 0x80020CF8 (0x00210113) addi sp, sp, 2
x2 <- 0x00000002


mem[X,0x80020CFC] -> 0x006F
mem[X,0x80020CFE] -> 0x2000
[3509] [M]: 0x80020CFC (0x2000006F) jal zero, 512


mem[X,0x80020EFC] -> 0xAE23
mem[X,0x80020EFE] -> 0x5620
[3510] [M]: 0x80020EFC (0x5620AE23) sw sp, 1404(ra)
mem[0x8003A6E4] <- 0x00000002


mem[X,0x80020F00] -> 0x6537
mem[X,0x80020F02] -> 0x6666
[3511] [M]: 0x80020F00 (0x66666537) lui a0, 419430
x10 <- 0x66666000


mem[X,0x80020F04] -> 0x0513
mem[X,0x80020F06] -> 0x6675
[3512] [M]: 0x80020F04 (0x66750513) addi a0, a0, 1639
x10 <- 0x66666667


mem[X,0x80020F08] -> 0x55B7
mem[X,0x80020F0A] -> 0x5555
[3513] [M]: 0x80020F08 (0x555555B7) lui a1, 349525
x11 <- 0x55555000


mem[X,0x80020F0C] -> 0x8593
mem[X,0x80020F0E] -> 0x5555
[3514] [M]: 0x80020F0C (0x55558593) addi a1, a1, 1365
x11 <- 0x55555555


mem[X,0x80020F10] -> 0x0113
mem[X,0x80020F12] -> 0x0000
[3515] [M]: 0x80020F10 (0x00000113) addi sp, zero, 0
x2 <- 0x00000000


mem[X,0x80020F14] -> 0x006F
mem[X,0x80020F16] -> 0x00C0
[3516] [M]: 0x80020F14 (0x00C0006F) jal zero, 12


mem[X,0x80020F20] -> 0x0CE3
mem[X,0x80020F22] -> 0xFEB5
[3517] [M]: 0x80020F20 (0xFEB50CE3) beq a0, a1, 8184


mem[X,0x80020F24] -> 0x0113
mem[X,0x80020F26] -> 0x0021
[3518] [M]: 0x80020F24 (0x00210113) addi sp, sp, 2
x2 <- 0x00000002


mem[X,0x80020F28] -> 0x006F
mem[X,0x80020F2A] -> 0x00C0
[3519] [M]: 0x80020F28 (0x00C0006F) jal zero, 12


mem[X,0x80020F34] -> 0xA023
mem[X,0x80020F36] -> 0x5820
[3520] [M]: 0x80020F34 (0x5820A023) sw sp, 1408(ra)
mem[0x8003A6E8] <- 0x00000002


mem[X,0x80020F38] -> 0x6537
mem[X,0x80020F3A] -> 0x6666
[3521] [M]: 0x80020F38 (0x66666537) lui a0, 419430
x10 <- 0x66666000


mem[X,0x80020F3C] -> 0x0513
mem[X,0x80020F3E] -> 0x6675
[3522] [M]: 0x80020F3C (0x66750513) addi a0, a0, 1639
x10 <- 0x66666667


mem[X,0x80020F40] -> 0xB5B7
mem[X,0x80020F42] -> 0xAAAA
[3523] [M]: 0x80020F40 (0xAAAAB5B7) lui a1, 699051
x11 <- 0xAAAAB000


mem[X,0x80020F44] -> 0x8593
mem[X,0x80020F46] -> 0xAAA5
[3524] [M]: 0x80020F44 (0xAAA58593) addi a1, a1, 2730
x11 <- 0xAAAAAAAA


mem[X,0x80020F48] -> 0x0113
mem[X,0x80020F4A] -> 0x0000
[3525] [M]: 0x80020F48 (0x00000113) addi sp, zero, 0
x2 <- 0x00000000


mem[X,0x80020F4C] -> 0x006F
mem[X,0x80020F4E] -> 0x00C0
[3526] [M]: 0x80020F4C (0x00C0006F) jal zero, 12


mem[X,0x80020F58] -> 0x0CE3
mem[X,0x80020F5A] -> 0xFEB5
[3527] [M]: 0x80020F58 (0xFEB50CE3) beq a0, a1, 8184


mem[X,0x80020F5C] -> 0x0113
mem[X,0x80020F5E] -> 0x0021
[3528] [M]: 0x80020F5C (0x00210113) addi sp, sp, 2
x2 <- 0x00000002


mem[X,0x80020F60] -> 0x006F
mem[X,0x80020F62] -> 0x00C0
[3529] [M]: 0x80020F60 (0x00C0006F) jal zero, 12


mem[X,0x80020F6C] -> 0xA223
mem[X,0x80020F6E] -> 0x5820
[3530] [M]: 0x80020F6C (0x5820A223) sw sp, 1412(ra)
mem[0x8003A6EC] <- 0x00000002


mem[X,0x80020F70] -> 0x6537
mem[X,0x80020F72] -> 0x6666
[3531] [M]: 0x80020F70 (0x66666537) lui a0, 419430
x10 <- 0x66666000


mem[X,0x80020F74] -> 0x0513
mem[X,0x80020F76] -> 0x6675
[3532] [M]: 0x80020F74 (0x66750513) addi a0, a0, 1639
x10 <- 0x66666667


mem[X,0x80020F78] -> 0x0593
mem[X,0x80020F7A] -> 0x0050
[3533] [M]: 0x80020F78 (0x00500593) addi a1, zero, 5
x11 <- 0x00000005


mem[X,0x80020F7C] -> 0x0113
mem[X,0x80020F7E] -> 0x0000
[3534] [M]: 0x80020F7C (0x00000113) addi sp, zero, 0
x2 <- 0x00000000


mem[X,0x80020F80] -> 0x006F
mem[X,0x80020F82] -> 0x00C0
[3535] [M]: 0x80020F80 (0x00C0006F) jal zero, 12


mem[X,0x80020F8C] -> 0x0663
mem[X,0x80020F8E] -> 0x00B5
[3536] [M]: 0x80020F8C (0x00B50663) beq a0, a1, 12


mem[X,0x80020F90] -> 0x0113
mem[X,0x80020F92] -> 0x0021
[3537] [M]: 0x80020F90 (0x00210113) addi sp, sp, 2
x2 <- 0x00000002


mem[X,0x80020F94] -> 0x006F
mem[X,0x80020F96] -> 0x00C0
[3538] [M]: 0x80020F94 (0x00C0006F) jal zero, 12


mem[X,0x80020FA0] -> 0xA423
mem[X,0x80020FA2] -> 0x5820
[3539] [M]: 0x80020FA0 (0x5820A423) sw sp, 1416(ra)
mem[0x8003A6F0] <- 0x00000002


mem[X,0x80020FA4] -> 0x6537
mem[X,0x80020FA6] -> 0x6666
[3540] [M]: 0x80020FA4 (0x66666537) lui a0, 419430
x10 <- 0x66666000


mem[X,0x80020FA8] -> 0x0513
mem[X,0x80020FAA] -> 0x6675
[3541] [M]: 0x80020FA8 (0x66750513) addi a0, a0, 1639
x10 <- 0x66666667


mem[X,0x80020FAC] -> 0x35B7
mem[X,0x80020FAE] -> 0x3333
[3542] [M]: 0x80020FAC (0x333335B7) lui a1, 209715
x11 <- 0x33333000


mem[X,0x80020FB0] -> 0x8593
mem[X,0x80020FB2] -> 0x3335
[3543] [M]: 0x80020FB0 (0x33358593) addi a1, a1, 819
x11 <- 0x33333333


mem[X,0x80020FB4] -> 0x0113
mem[X,0x80020FB6] -> 0x0000
[3544] [M]: 0x80020FB4 (0x00000113) addi sp, zero, 0
x2 <- 0x00000000


mem[X,0x80020FB8] -> 0x006F
mem[X,0x80020FBA] -> 0x0100
[3545] [M]: 0x80020FB8 (0x0100006F) jal zero, 16


mem[X,0x80020FC8] -> 0x0AE3
mem[X,0x80020FCA] -> 0xFEB5
[3546] [M]: 0x80020FC8 (0xFEB50AE3) beq a0, a1, 8180


mem[X,0x80020FCC] -> 0x0113
mem[X,0x80020FCE] -> 0x0021
[3547] [M]: 0x80020FCC (0x00210113) addi sp, sp, 2
x2 <- 0x00000002


mem[X,0x80020FD0] -> 0x006F
mem[X,0x80020FD2] -> 0x00C0
[3548] [M]: 0x80020FD0 (0x00C0006F) jal zero, 12


mem[X,0x80020FDC] -> 0xA623
mem[X,0x80020FDE] -> 0x5820
[3549] [M]: 0x80020FDC (0x5820A623) sw sp, 1420(ra)
mem[0x8003A6F4] <- 0x00000002


mem[X,0x80020FE0] -> 0x6537
mem[X,0x80020FE2] -> 0x6666
[3550] [M]: 0x80020FE0 (0x66666537) lui a0, 419430
x10 <- 0x66666000


mem[X,0x80020FE4] -> 0x0513
mem[X,0x80020FE6] -> 0x6675
[3551] [M]: 0x80020FE4 (0x66750513) addi a0, a0, 1639
x10 <- 0x66666667


mem[X,0x80020FE8] -> 0x65B7
mem[X,0x80020FEA] -> 0x6666
[3552] [M]: 0x80020FE8 (0x666665B7) lui a1, 419430
x11 <- 0x66666000


mem[X,0x80020FEC] -> 0x8593
mem[X,0x80020FEE] -> 0x6665
[3553] [M]: 0x80020FEC (0x66658593) addi a1, a1, 1638
x11 <- 0x66666666


mem[X,0x80020FF0] -> 0x0113
mem[X,0x80020FF2] -> 0x0000
[3554] [M]: 0x80020FF0 (0x00000113) addi sp, zero, 0
x2 <- 0x00000000


mem[X,0x80020FF4] -> 0x006F
mem[X,0x80020FF6] -> 0x0100
[3555] [M]: 0x80020FF4 (0x0100006F) jal zero, 16


mem[X,0x80021004] -> 0x0AE3
mem[X,0x80021006] -> 0xFEB5
[3556] [M]: 0x80021004 (0xFEB50AE3) beq a0, a1, 8180


mem[X,0x80021008] -> 0x0113
mem[X,0x8002100A] -> 0x0021
[3557] [M]: 0x80021008 (0x00210113) addi sp, sp, 2
x2 <- 0x00000002


mem[X,0x8002100C] -> 0x006F
mem[X,0x8002100E] -> 0x00C0
[3558] [M]: 0x8002100C (0x00C0006F) jal zero, 12


mem[X,0x80021018] -> 0xA823
mem[X,0x8002101A] -> 0x5820
[3559] [M]: 0x80021018 (0x5820A823) sw sp, 1424(ra)
mem[0x8003A6F8] <- 0x00000002


mem[X,0x8002101C] -> 0x6537
mem[X,0x8002101E] -> 0x6666
[3560] [M]: 0x8002101C (0x66666537) lui a0, 419430
x10 <- 0x66666000


mem[X,0x80021020] -> 0x0513
mem[X,0x80021022] -> 0x6675
[3561] [M]: 0x80021020 (0x66750513) addi a0, a0, 1639
x10 <- 0x66666667


mem[X,0x80021024] -> 0x55B7
mem[X,0x80021026] -> 0xFFFF
[3562] [M]: 0x80021024 (0xFFFF55B7) lui a1, 1048565
x11 <- 0xFFFF5000


mem[X,0x80021028] -> 0x8593
mem[X,0x8002102A] -> 0xAFC5
[3563] [M]: 0x80021028 (0xAFC58593) addi a1, a1, 2812
x11 <- 0xFFFF4AFC


mem[X,0x8002102C] -> 0x0113
mem[X,0x8002102E] -> 0x0000
[3564] [M]: 0x8002102C (0x00000113) addi sp, zero, 0
x2 <- 0x00000000


mem[X,0x80021030] -> 0x006F
mem[X,0x80021032] -> 0x00C0
[3565] [M]: 0x80021030 (0x00C0006F) jal zero, 12


mem[X,0x8002103C] -> 0x0663
mem[X,0x8002103E] -> 0x00B5
[3566] [M]: 0x8002103C (0x00B50663) beq a0, a1, 12


mem[X,0x80021040] -> 0x0113
mem[X,0x80021042] -> 0x0021
[3567] [M]: 0x80021040 (0x00210113) addi sp, sp, 2
x2 <- 0x00000002


mem[X,0x80021044] -> 0x006F
mem[X,0x80021046] -> 0x00C0
[3568] [M]: 0x80021044 (0x00C0006F) jal zero, 12


mem[X,0x80021050] -> 0xAA23
mem[X,0x80021052] -> 0x5820
[3569] [M]: 0x80021050 (0x5820AA23) sw sp, 1428(ra)
mem[0x8003A6FC] <- 0x00000002


mem[X,0x80021054] -> 0x6537
mem[X,0x80021056] -> 0x6666
[3570] [M]: 0x80021054 (0x66666537) lui a0, 419430
x10 <- 0x66666000


mem[X,0x80021058] -> 0x0513
mem[X,0x8002105A] -> 0x6675
[3571] [M]: 0x80021058 (0x66750513) addi a0, a0, 1639
x10 <- 0x66666667


mem[X,0x8002105C] -> 0xB5B7
mem[X,0x8002105E] -> 0x0000
[3572] [M]: 0x8002105C (0x0000B5B7) lui a1, 11
x11 <- 0x0000B000


mem[X,0x80021060] -> 0x8593
mem[X,0x80021062] -> 0x5045
[3573] [M]: 0x80021060 (0x50458593) addi a1, a1, 1284
x11 <- 0x0000B504


mem[X,0x80021064] -> 0x0113
mem[X,0x80021066] -> 0x0000
[3574] [M]: 0x80021064 (0x00000113) addi sp, zero, 0
x2 <- 0x00000000


mem[X,0x80021068] -> 0x006F
mem[X,0x8002106A] -> 0x00C0
[3575] [M]: 0x80021068 (0x00C0006F) jal zero, 12


mem[X,0x80021074] -> 0x0063
mem[X,0x80021076] -> 0x10B5
[3576] [M]: 0x80021074 (0x10B50063) beq a0, a1, 256


mem[X,0x80021078] -> 0x0113
mem[X,0x8002107A] -> 0x0021
[3577] [M]: 0x80021078 (0x00210113) addi sp, sp, 2
x2 <- 0x00000002


mem[X,0x8002107C] -> 0x006F
mem[X,0x8002107E] -> 0x1000
[3578] [M]: 0x8002107C (0x1000006F) jal zero, 256


mem[X,0x8002117C] -> 0xAC23
mem[X,0x8002117E] -> 0x5820
[3579] [M]: 0x8002117C (0x5820AC23) sw sp, 1432(ra)
mem[0x8003A700] <- 0x00000002


mem[X,0x80021180] -> 0x6537
mem[X,0x80021182] -> 0x6666
[3580] [M]: 0x80021180 (0x66666537) lui a0, 419430
x10 <- 0x66666000


mem[X,0x80021184] -> 0x0513
mem[X,0x80021186] -> 0x6675
[3581] [M]: 0x80021184 (0x66750513) addi a0, a0, 1639
x10 <- 0x66666667


mem[X,0x80021188] -> 0x0593
mem[X,0x8002118A] -> 0x0020
[3582] [M]: 0x80021188 (0x00200593) addi a1, zero, 2
x11 <- 0x00000002


mem[X,0x8002118C] -> 0x0113
mem[X,0x8002118E] -> 0x0000
[3583] [M]: 0x8002118C (0x00000113) addi sp, zero, 0
x2 <- 0x00000000


mem[X,0x80021190] -> 0x006F
mem[X,0x80021192] -> 0x00C0
[3584] [M]: 0x80021190 (0x00C0006F) jal zero, 12


mem[X,0x8002119C] -> 0x0063
mem[X,0x8002119E] -> 0x08B5
[3585] [M]: 0x8002119C (0x08B50063) beq a0, a1, 128


mem[X,0x800211A0] -> 0x0113
mem[X,0x800211A2] -> 0x0021
[3586] [M]: 0x800211A0 (0x00210113) addi sp, sp, 2
x2 <- 0x00000002


mem[X,0x800211A4] -> 0x006F
mem[X,0x800211A6] -> 0x0800
[3587] [M]: 0x800211A4 (0x0800006F) jal zero, 128


mem[X,0x80021224] -> 0xAE23
mem[X,0x80021226] -> 0x5820
[3588] [M]: 0x80021224 (0x5820AE23) sw sp, 1436(ra)
mem[0x8003A704] <- 0x00000002


mem[X,0x80021228] -> 0x6537
mem[X,0x8002122A] -> 0x6666
[3589] [M]: 0x80021228 (0x66666537) lui a0, 419430
x10 <- 0x66666000


mem[X,0x8002122C] -> 0x0513
mem[X,0x8002122E] -> 0x6675
[3590] [M]: 0x8002122C (0x66750513) addi a0, a0, 1639
x10 <- 0x66666667


mem[X,0x80021230] -> 0x55B7
mem[X,0x80021232] -> 0x5555
[3591] [M]: 0x80021230 (0x555555B7) lui a1, 349525
x11 <- 0x55555000


mem[X,0x80021234] -> 0x8593
mem[X,0x80021236] -> 0x5545
[3592] [M]: 0x80021234 (0x55458593) addi a1, a1, 1364
x11 <- 0x55555554


mem[X,0x80021238] -> 0x0113
mem[X,0x8002123A] -> 0x0000
[3593] [M]: 0x80021238 (0x00000113) addi sp, zero, 0
x2 <- 0x00000000


mem[X,0x8002123C] -> 0x006F
mem[X,0x8002123E] -> 0x00C0
[3594] [M]: 0x8002123C (0x00C0006F) jal zero, 12


mem[X,0x80021248] -> 0x0663
mem[X,0x8002124A] -> 0x00B5
[3595] [M]: 0x80021248 (0x00B50663) beq a0, a1, 12


mem[X,0x8002124C] -> 0x0113
mem[X,0x8002124E] -> 0x0021
[3596] [M]: 0x8002124C (0x00210113) addi sp, sp, 2
x2 <- 0x00000002


mem[X,0x80021250] -> 0x006F
mem[X,0x80021252] -> 0x00C0
[3597] [M]: 0x80021250 (0x00C0006F) jal zero, 12


mem[X,0x8002125C] -> 0xA023
mem[X,0x8002125E] -> 0x5A20
[3598] [M]: 0x8002125C (0x5A20A023) sw sp, 1440(ra)
mem[0x8003A708] <- 0x00000002


mem[X,0x80021260] -> 0x6537
mem[X,0x80021262] -> 0x6666
[3599] [M]: 0x80021260 (0x66666537) lui a0, 419430
x10 <- 0x66666000


clint::tick mtime <- 0x0000000000000024
 clint timer pending at mtime 0x0000000000000024
htif::tick 0x0000000000000000
mem[X,0x80021264] -> 0x0513
mem[X,0x80021266] -> 0x6675
[3600] [M]: 0x80021264 (0x66750513) addi a0, a0, 1639
x10 <- 0x66666667


mem[X,0x80021268] -> 0x0593
mem[X,0x8002126A] -> 0x0000
[3601] [M]: 0x80021268 (0x00000593) addi a1, zero, 0
x11 <- 0x00000000


mem[X,0x8002126C] -> 0x0113
mem[X,0x8002126E] -> 0x0000
[3602] [M]: 0x8002126C (0x00000113) addi sp, zero, 0
x2 <- 0x00000000


mem[X,0x80021270] -> 0x006F
mem[X,0x80021272] -> 0x00C0
[3603] [M]: 0x80021270 (0x00C0006F) jal zero, 12


mem[X,0x8002127C] -> 0x0063
mem[X,0x8002127E] -> 0x02B5
[3604] [M]: 0x8002127C (0x02B50063) beq a0, a1, 32


mem[X,0x80021280] -> 0x0113
mem[X,0x80021282] -> 0x0021
[3605] [M]: 0x80021280 (0x00210113) addi sp, sp, 2
x2 <- 0x00000002


mem[X,0x80021284] -> 0x006F
mem[X,0x80021286] -> 0x0200
[3606] [M]: 0x80021284 (0x0200006F) jal zero, 32


mem[X,0x800212A4] -> 0xA223
mem[X,0x800212A6] -> 0x5A20
[3607] [M]: 0x800212A4 (0x5A20A223) sw sp, 1444(ra)
mem[0x8003A70C] <- 0x00000002


mem[X,0x800212A8] -> 0x6537
mem[X,0x800212AA] -> 0x6666
[3608] [M]: 0x800212A8 (0x66666537) lui a0, 419430
x10 <- 0x66666000


mem[X,0x800212AC] -> 0x0513
mem[X,0x800212AE] -> 0x6675
[3609] [M]: 0x800212AC (0x66750513) addi a0, a0, 1639
x10 <- 0x66666667


mem[X,0x800212B0] -> 0x0593
mem[X,0x800212B2] -> 0x0040
[3610] [M]: 0x800212B0 (0x00400593) addi a1, zero, 4
x11 <- 0x00000004


mem[X,0x800212B4] -> 0x0113
mem[X,0x800212B6] -> 0x0000
[3611] [M]: 0x800212B4 (0x00000113) addi sp, zero, 0
x2 <- 0x00000000


mem[X,0x800212B8] -> 0x006F
mem[X,0x800212BA] -> 0x0050
[3612] [M]: 0x800212B8 (0x0050006F) jal zero, 2052


mem[X,0x80021ABC] -> 0x00E3
mem[X,0x80021ABE] -> 0x80B5
[3613] [M]: 0x80021ABC (0x80B500E3) beq a0, a1, 6144


mem[X,0x80021AC0] -> 0x0113
mem[X,0x80021AC2] -> 0x0021
[3614] [M]: 0x80021AC0 (0x00210113) addi sp, sp, 2
x2 <- 0x00000002


mem[X,0x80021AC4] -> 0x006F
mem[X,0x80021AC6] -> 0x00C0
[3615] [M]: 0x80021AC4 (0x00C0006F) jal zero, 12


mem[X,0x80021AD0] -> 0xA423
mem[X,0x80021AD2] -> 0x5A20
[3616] [M]: 0x80021AD0 (0x5A20A423) sw sp, 1448(ra)
mem[0x8003A710] <- 0x00000002


mem[X,0x80021AD4] -> 0x6537
mem[X,0x80021AD6] -> 0x6666
[3617] [M]: 0x80021AD4 (0x66666537) lui a0, 419430
x10 <- 0x66666000


mem[X,0x80021AD8] -> 0x0513
mem[X,0x80021ADA] -> 0x6675
[3618] [M]: 0x80021AD8 (0x66750513) addi a0, a0, 1639
x10 <- 0x66666667


mem[X,0x80021ADC] -> 0x35B7
mem[X,0x80021ADE] -> 0x3333
[3619] [M]: 0x80021ADC (0x333335B7) lui a1, 209715
x11 <- 0x33333000


mem[X,0x80021AE0] -> 0x8593
mem[X,0x80021AE2] -> 0x3325
[3620] [M]: 0x80021AE0 (0x33258593) addi a1, a1, 818
x11 <- 0x33333332


mem[X,0x80021AE4] -> 0x0113
mem[X,0x80021AE6] -> 0x0000
[3621] [M]: 0x80021AE4 (0x00000113) addi sp, zero, 0
x2 <- 0x00000000


mem[X,0x80021AE8] -> 0x006F
mem[X,0x80021AEA] -> 0x00C0
[3622] [M]: 0x80021AE8 (0x00C0006F) jal zero, 12


mem[X,0x80021AF4] -> 0x0CE3
mem[X,0x80021AF6] -> 0xFEB5
[3623] [M]: 0x80021AF4 (0xFEB50CE3) beq a0, a1, 8184


mem[X,0x80021AF8] -> 0x0113
mem[X,0x80021AFA] -> 0x0021
[3624] [M]: 0x80021AF8 (0x00210113) addi sp, sp, 2
x2 <- 0x00000002


mem[X,0x80021AFC] -> 0x006F
mem[X,0x80021AFE] -> 0x00C0
[3625] [M]: 0x80021AFC (0x00C0006F) jal zero, 12


mem[X,0x80021B08] -> 0xA623
mem[X,0x80021B0A] -> 0x5A20
[3626] [M]: 0x80021B08 (0x5A20A623) sw sp, 1452(ra)
mem[0x8003A714] <- 0x00000002


mem[X,0x80021B0C] -> 0x6537
mem[X,0x80021B0E] -> 0x6666
[3627] [M]: 0x80021B0C (0x66666537) lui a0, 419430
x10 <- 0x66666000


mem[X,0x80021B10] -> 0x0513
mem[X,0x80021B12] -> 0x6675
[3628] [M]: 0x80021B10 (0x66750513) addi a0, a0, 1639
x10 <- 0x66666667


mem[X,0x80021B14] -> 0x65B7
mem[X,0x80021B16] -> 0x6666
[3629] [M]: 0x80021B14 (0x666665B7) lui a1, 419430
x11 <- 0x66666000


mem[X,0x80021B18] -> 0x8593
mem[X,0x80021B1A] -> 0x6655
[3630] [M]: 0x80021B18 (0x66558593) addi a1, a1, 1637
x11 <- 0x66666665


mem[X,0x80021B1C] -> 0x0113
mem[X,0x80021B1E] -> 0x0000
[3631] [M]: 0x80021B1C (0x00000113) addi sp, zero, 0
x2 <- 0x00000000


mem[X,0x80021B20] -> 0x006F
mem[X,0x80021B22] -> 0x00C0
[3632] [M]: 0x80021B20 (0x00C0006F) jal zero, 12


mem[X,0x80021B2C] -> 0x0063
mem[X,0x80021B2E] -> 0x40B5
[3633] [M]: 0x80021B2C (0x40B50063) beq a0, a1, 1024


mem[X,0x80021B30] -> 0x0113
mem[X,0x80021B32] -> 0x0021
[3634] [M]: 0x80021B30 (0x00210113) addi sp, sp, 2
x2 <- 0x00000002


mem[X,0x80021B34] -> 0x006F
mem[X,0x80021B36] -> 0x4000
[3635] [M]: 0x80021B34 (0x4000006F) jal zero, 1024


mem[X,0x80021F34] -> 0xA823
mem[X,0x80021F36] -> 0x5A20
[3636] [M]: 0x80021F34 (0x5A20A823) sw sp, 1456(ra)
mem[0x8003A718] <- 0x00000002


mem[X,0x80021F38] -> 0x6537
mem[X,0x80021F3A] -> 0x6666
[3637] [M]: 0x80021F38 (0x66666537) lui a0, 419430
x10 <- 0x66666000


mem[X,0x80021F3C] -> 0x0513
mem[X,0x80021F3E] -> 0x6675
[3638] [M]: 0x80021F3C (0x66750513) addi a0, a0, 1639
x10 <- 0x66666667


mem[X,0x80021F40] -> 0xB5B7
mem[X,0x80021F42] -> 0x0000
[3639] [M]: 0x80021F40 (0x0000B5B7) lui a1, 11
x11 <- 0x0000B000


mem[X,0x80021F44] -> 0x8593
mem[X,0x80021F46] -> 0x5035
[3640] [M]: 0x80021F44 (0x50358593) addi a1, a1, 1283
x11 <- 0x0000B503


mem[X,0x80021F48] -> 0x0113
mem[X,0x80021F4A] -> 0x0000
[3641] [M]: 0x80021F48 (0x00000113) addi sp, zero, 0
x2 <- 0x00000000


mem[X,0x80021F4C] -> 0x006F
mem[X,0x80021F4E] -> 0x00C0
[3642] [M]: 0x80021F4C (0x00C0006F) jal zero, 12


mem[X,0x80021F58] -> 0x0CE3
mem[X,0x80021F5A] -> 0xFEB5
[3643] [M]: 0x80021F58 (0xFEB50CE3) beq a0, a1, 8184


mem[X,0x80021F5C] -> 0x0113
mem[X,0x80021F5E] -> 0x0021
[3644] [M]: 0x80021F5C (0x00210113) addi sp, sp, 2
x2 <- 0x00000002


mem[X,0x80021F60] -> 0x006F
mem[X,0x80021F62] -> 0x00C0
[3645] [M]: 0x80021F60 (0x00C0006F) jal zero, 12


mem[X,0x80021F6C] -> 0xAA23
mem[X,0x80021F6E] -> 0x5A20
[3646] [M]: 0x80021F6C (0x5A20AA23) sw sp, 1460(ra)
mem[0x8003A71C] <- 0x00000002


mem[X,0x80021F70] -> 0x6537
mem[X,0x80021F72] -> 0x6666
[3647] [M]: 0x80021F70 (0x66666537) lui a0, 419430
x10 <- 0x66666000


mem[X,0x80021F74] -> 0x0513
mem[X,0x80021F76] -> 0x6675
[3648] [M]: 0x80021F74 (0x66750513) addi a0, a0, 1639
x10 <- 0x66666667


mem[X,0x80021F78] -> 0x55B7
mem[X,0x80021F7A] -> 0x5555
[3649] [M]: 0x80021F78 (0x555555B7) lui a1, 349525
x11 <- 0x55555000


mem[X,0x80021F7C] -> 0x8593
mem[X,0x80021F7E] -> 0x5565
[3650] [M]: 0x80021F7C (0x55658593) addi a1, a1, 1366
x11 <- 0x55555556


mem[X,0x80021F80] -> 0x0113
mem[X,0x80021F82] -> 0x0000
[3651] [M]: 0x80021F80 (0x00000113) addi sp, zero, 0
x2 <- 0x00000000


mem[X,0x80021F84] -> 0x006F
mem[X,0x80021F86] -> 0x00C0
[3652] [M]: 0x80021F84 (0x00C0006F) jal zero, 12


mem[X,0x80021F90] -> 0x0063
mem[X,0x80021F92] -> 0x10B5
[3653] [M]: 0x80021F90 (0x10B50063) beq a0, a1, 256


mem[X,0x80021F94] -> 0x0113
mem[X,0x80021F96] -> 0x0021
[3654] [M]: 0x80021F94 (0x00210113) addi sp, sp, 2
x2 <- 0x00000002


mem[X,0x80021F98] -> 0x006F
mem[X,0x80021F9A] -> 0x1000
[3655] [M]: 0x80021F98 (0x1000006F) jal zero, 256


mem[X,0x80022098] -> 0xAC23
mem[X,0x8002209A] -> 0x5A20
[3656] [M]: 0x80022098 (0x5A20AC23) sw sp, 1464(ra)
mem[0x8003A720] <- 0x00000002


mem[X,0x8002209C] -> 0x6537
mem[X,0x8002209E] -> 0x6666
[3657] [M]: 0x8002209C (0x66666537) lui a0, 419430
x10 <- 0x66666000


mem[X,0x800220A0] -> 0x0513
mem[X,0x800220A2] -> 0x6675
[3658] [M]: 0x800220A0 (0x66750513) addi a0, a0, 1639
x10 <- 0x66666667


mem[X,0x800220A4] -> 0xB5B7
mem[X,0x800220A6] -> 0xAAAA
[3659] [M]: 0x800220A4 (0xAAAAB5B7) lui a1, 699051
x11 <- 0xAAAAB000


mem[X,0x800220A8] -> 0x8593
mem[X,0x800220AA] -> 0xAAB5
[3660] [M]: 0x800220A8 (0xAAB58593) addi a1, a1, 2731
x11 <- 0xAAAAAAAB


mem[X,0x800220AC] -> 0x0113
mem[X,0x800220AE] -> 0x0000
[3661] [M]: 0x800220AC (0x00000113) addi sp, zero, 0
x2 <- 0x00000000


mem[X,0x800220B0] -> 0x006F
mem[X,0x800220B2] -> 0x00C0
[3662] [M]: 0x800220B0 (0x00C0006F) jal zero, 12


mem[X,0x800220BC] -> 0x0063
mem[X,0x800220BE] -> 0x20B5
[3663] [M]: 0x800220BC (0x20B50063) beq a0, a1, 512


mem[X,0x800220C0] -> 0x0113
mem[X,0x800220C2] -> 0x0021
[3664] [M]: 0x800220C0 (0x00210113) addi sp, sp, 2
x2 <- 0x00000002


mem[X,0x800220C4] -> 0x006F
mem[X,0x800220C6] -> 0x2000
[3665] [M]: 0x800220C4 (0x2000006F) jal zero, 512


mem[X,0x800222C4] -> 0xAE23
mem[X,0x800222C6] -> 0x5A20
[3666] [M]: 0x800222C4 (0x5A20AE23) sw sp, 1468(ra)
mem[0x8003A724] <- 0x00000002


mem[X,0x800222C8] -> 0x6537
mem[X,0x800222CA] -> 0x6666
[3667] [M]: 0x800222C8 (0x66666537) lui a0, 419430
x10 <- 0x66666000


mem[X,0x800222CC] -> 0x0513
mem[X,0x800222CE] -> 0x6675
[3668] [M]: 0x800222CC (0x66750513) addi a0, a0, 1639
x10 <- 0x66666667


mem[X,0x800222D0] -> 0x0593
mem[X,0x800222D2] -> 0x0060
[3669] [M]: 0x800222D0 (0x00600593) addi a1, zero, 6
x11 <- 0x00000006


mem[X,0x800222D4] -> 0x0113
mem[X,0x800222D6] -> 0x0000
[3670] [M]: 0x800222D4 (0x00000113) addi sp, zero, 0
x2 <- 0x00000000


mem[X,0x800222D8] -> 0x006F
mem[X,0x800222DA] -> 0x00C0
[3671] [M]: 0x800222D8 (0x00C0006F) jal zero, 12


mem[X,0x800222E4] -> 0x0663
mem[X,0x800222E6] -> 0x00B5
[3672] [M]: 0x800222E4 (0x00B50663) beq a0, a1, 12


mem[X,0x800222E8] -> 0x0113
mem[X,0x800222EA] -> 0x0021
[3673] [M]: 0x800222E8 (0x00210113) addi sp, sp, 2
x2 <- 0x00000002


mem[X,0x800222EC] -> 0x006F
mem[X,0x800222EE] -> 0x00C0
[3674] [M]: 0x800222EC (0x00C0006F) jal zero, 12


mem[X,0x800222F8] -> 0xA023
mem[X,0x800222FA] -> 0x5C20
[3675] [M]: 0x800222F8 (0x5C20A023) sw sp, 1472(ra)
mem[0x8003A728] <- 0x00000002


mem[X,0x800222FC] -> 0x6537
mem[X,0x800222FE] -> 0x6666
[3676] [M]: 0x800222FC (0x66666537) lui a0, 419430
x10 <- 0x66666000


mem[X,0x80022300] -> 0x0513
mem[X,0x80022302] -> 0x6675
[3677] [M]: 0x80022300 (0x66750513) addi a0, a0, 1639
x10 <- 0x66666667


mem[X,0x80022304] -> 0x35B7
mem[X,0x80022306] -> 0x3333
[3678] [M]: 0x80022304 (0x333335B7) lui a1, 209715
x11 <- 0x33333000


mem[X,0x80022308] -> 0x8593
mem[X,0x8002230A] -> 0x3345
[3679] [M]: 0x80022308 (0x33458593) addi a1, a1, 820
x11 <- 0x33333334


mem[X,0x8002230C] -> 0x0113
mem[X,0x8002230E] -> 0x0000
[3680] [M]: 0x8002230C (0x00000113) addi sp, zero, 0
x2 <- 0x00000000


mem[X,0x80022310] -> 0x006F
mem[X,0x80022312] -> 0x00C0
[3681] [M]: 0x80022310 (0x00C0006F) jal zero, 12


mem[X,0x8002231C] -> 0x0063
mem[X,0x8002231E] -> 0x02B5
[3682] [M]: 0x8002231C (0x02B50063) beq a0, a1, 32


mem[X,0x80022320] -> 0x0113
mem[X,0x80022322] -> 0x0021
[3683] [M]: 0x80022320 (0x00210113) addi sp, sp, 2
x2 <- 0x00000002


mem[X,0x80022324] -> 0x006F
mem[X,0x80022326] -> 0x0200
[3684] [M]: 0x80022324 (0x0200006F) jal zero, 32


mem[X,0x80022344] -> 0xA223
mem[X,0x80022346] -> 0x5C20
[3685] [M]: 0x80022344 (0x5C20A223) sw sp, 1476(ra)
mem[0x8003A72C] <- 0x00000002


mem[X,0x80022348] -> 0x6537
mem[X,0x8002234A] -> 0x6666
[3686] [M]: 0x80022348 (0x66666537) lui a0, 419430
x10 <- 0x66666000


mem[X,0x8002234C] -> 0x0513
mem[X,0x8002234E] -> 0x6675
[3687] [M]: 0x8002234C (0x66750513) addi a0, a0, 1639
x10 <- 0x66666667


mem[X,0x80022350] -> 0x65B7
mem[X,0x80022352] -> 0x6666
[3688] [M]: 0x80022350 (0x666665B7) lui a1, 419430
x11 <- 0x66666000


mem[X,0x80022354] -> 0x8593
mem[X,0x80022356] -> 0x6675
[3689] [M]: 0x80022354 (0x66758593) addi a1, a1, 1639
x11 <- 0x66666667


mem[X,0x80022358] -> 0x0113
mem[X,0x8002235A] -> 0x0000
[3690] [M]: 0x80022358 (0x00000113) addi sp, zero, 0
x2 <- 0x00000000


mem[X,0x8002235C] -> 0x006F
mem[X,0x8002235E] -> 0x00C0
[3691] [M]: 0x8002235C (0x00C0006F) jal zero, 12


mem[X,0x80022368] -> 0x0CE3
mem[X,0x8002236A] -> 0xFEB5
[3692] [M]: 0x80022368 (0xFEB50CE3) beq a0, a1, 8184


mem[X,0x80022360] -> 0x0113
mem[X,0x80022362] -> 0x0011
[3693] [M]: 0x80022360 (0x00110113) addi sp, sp, 1
x2 <- 0x00000001


mem[X,0x80022364] -> 0x006F
mem[X,0x80022366] -> 0x0180
[3694] [M]: 0x80022364 (0x0180006F) jal zero, 24


mem[X,0x8002237C] -> 0xA423
mem[X,0x8002237E] -> 0x5C20
[3695] [M]: 0x8002237C (0x5C20A423) sw sp, 1480(ra)
mem[0x8003A730] <- 0x00000001


mem[X,0x80022380] -> 0x6537
mem[X,0x80022382] -> 0x6666
[3696] [M]: 0x80022380 (0x66666537) lui a0, 419430
x10 <- 0x66666000


mem[X,0x80022384] -> 0x0513
mem[X,0x80022386] -> 0x6675
[3697] [M]: 0x80022384 (0x66750513) addi a0, a0, 1639
x10 <- 0x66666667


mem[X,0x80022388] -> 0x55B7
mem[X,0x8002238A] -> 0xFFFF
[3698] [M]: 0x80022388 (0xFFFF55B7) lui a1, 1048565
x11 <- 0xFFFF5000


mem[X,0x8002238C] -> 0x8593
mem[X,0x8002238E] -> 0xAFD5
[3699] [M]: 0x8002238C (0xAFD58593) addi a1, a1, 2813
x11 <- 0xFFFF4AFD


clint::tick mtime <- 0x0000000000000025
 clint timer pending at mtime 0x0000000000000025
htif::tick 0x0000000000000000
mem[X,0x80022390] -> 0x0113
mem[X,0x80022392] -> 0x0000
[3700] [M]: 0x80022390 (0x00000113) addi sp, zero, 0
x2 <- 0x00000000


mem[X,0x80022394] -> 0x006F
mem[X,0x80022396] -> 0x0140
[3701] [M]: 0x80022394 (0x0140006F) jal zero, 20


mem[X,0x800223A8] -> 0x08E3
mem[X,0x800223AA] -> 0xFEB5
[3702] [M]: 0x800223A8 (0xFEB508E3) beq a0, a1, 8176


mem[X,0x800223AC] -> 0x0113
mem[X,0x800223AE] -> 0x0021
[3703] [M]: 0x800223AC (0x00210113) addi sp, sp, 2
x2 <- 0x00000002


mem[X,0x800223B0] -> 0x006F
mem[X,0x800223B2] -> 0x00C0
[3704] [M]: 0x800223B0 (0x00C0006F) jal zero, 12


mem[X,0x800223BC] -> 0xA623
mem[X,0x800223BE] -> 0x5C20
[3705] [M]: 0x800223BC (0x5C20A623) sw sp, 1484(ra)
mem[0x8003A734] <- 0x00000002


mem[X,0x800223C0] -> 0x6537
mem[X,0x800223C2] -> 0x6666
[3706] [M]: 0x800223C0 (0x66666537) lui a0, 419430
x10 <- 0x66666000


mem[X,0x800223C4] -> 0x0513
mem[X,0x800223C6] -> 0x6675
[3707] [M]: 0x800223C4 (0x66750513) addi a0, a0, 1639
x10 <- 0x66666667


mem[X,0x800223C8] -> 0xB5B7
mem[X,0x800223CA] -> 0x0000
[3708] [M]: 0x800223C8 (0x0000B5B7) lui a1, 11
x11 <- 0x0000B000


mem[X,0x800223CC] -> 0x8593
mem[X,0x800223CE] -> 0x5055
[3709] [M]: 0x800223CC (0x50558593) addi a1, a1, 1285
x11 <- 0x0000B505


mem[X,0x800223D0] -> 0x0113
mem[X,0x800223D2] -> 0x0000
[3710] [M]: 0x800223D0 (0x00000113) addi sp, zero, 0
x2 <- 0x00000000


mem[X,0x800223D4] -> 0x006F
mem[X,0x800223D6] -> 0x00C0
[3711] [M]: 0x800223D4 (0x00C0006F) jal zero, 12


mem[X,0x800223E0] -> 0x0663
mem[X,0x800223E2] -> 0x00B5
[3712] [M]: 0x800223E0 (0x00B50663) beq a0, a1, 12


mem[X,0x800223E4] -> 0x0113
mem[X,0x800223E6] -> 0x0021
[3713] [M]: 0x800223E4 (0x00210113) addi sp, sp, 2
x2 <- 0x00000002


mem[X,0x800223E8] -> 0x006F
mem[X,0x800223EA] -> 0x00C0
[3714] [M]: 0x800223E8 (0x00C0006F) jal zero, 12


mem[X,0x800223F4] -> 0xA823
mem[X,0x800223F6] -> 0x5C20
[3715] [M]: 0x800223F4 (0x5C20A823) sw sp, 1488(ra)
mem[0x8003A738] <- 0x00000002


mem[X,0x800223F8] -> 0x5537
mem[X,0x800223FA] -> 0xFFFF
[3716] [M]: 0x800223F8 (0xFFFF5537) lui a0, 1048565
x10 <- 0xFFFF5000


mem[X,0x800223FC] -> 0x0513
mem[X,0x800223FE] -> 0xAFD5
[3717] [M]: 0x800223FC (0xAFD50513) addi a0, a0, 2813
x10 <- 0xFFFF4AFD


mem[X,0x80022400] -> 0x0593
mem[X,0x80022402] -> 0x0030
[3718] [M]: 0x80022400 (0x00300593) addi a1, zero, 3
x11 <- 0x00000003


mem[X,0x80022404] -> 0x0113
mem[X,0x80022406] -> 0x0000
[3719] [M]: 0x80022404 (0x00000113) addi sp, zero, 0
x2 <- 0x00000000


mem[X,0x80022408] -> 0x006F
mem[X,0x8002240A] -> 0x00C0
[3720] [M]: 0x80022408 (0x00C0006F) jal zero, 12


mem[X,0x80022414] -> 0x0663
mem[X,0x80022416] -> 0x00B5
[3721] [M]: 0x80022414 (0x00B50663) beq a0, a1, 12


mem[X,0x80022418] -> 0x0113
mem[X,0x8002241A] -> 0x0021
[3722] [M]: 0x80022418 (0x00210113) addi sp, sp, 2
x2 <- 0x00000002


mem[X,0x8002241C] -> 0x006F
mem[X,0x8002241E] -> 0x00C0
[3723] [M]: 0x8002241C (0x00C0006F) jal zero, 12


mem[X,0x80022428] -> 0xAA23
mem[X,0x8002242A] -> 0x5C20
[3724] [M]: 0x80022428 (0x5C20AA23) sw sp, 1492(ra)
mem[0x8003A73C] <- 0x00000002


mem[X,0x8002242C] -> 0x5537
mem[X,0x8002242E] -> 0xFFFF
[3725] [M]: 0x8002242C (0xFFFF5537) lui a0, 1048565
x10 <- 0xFFFF5000


mem[X,0x80022430] -> 0x0513
mem[X,0x80022432] -> 0xAFD5
[3726] [M]: 0x80022430 (0xAFD50513) addi a0, a0, 2813
x10 <- 0xFFFF4AFD


mem[X,0x80022434] -> 0x55B7
mem[X,0x80022436] -> 0x5555
[3727] [M]: 0x80022434 (0x555555B7) lui a1, 349525
x11 <- 0x55555000


mem[X,0x80022438] -> 0x8593
mem[X,0x8002243A] -> 0x5555
[3728] [M]: 0x80022438 (0x55558593) addi a1, a1, 1365
x11 <- 0x55555555


mem[X,0x8002243C] -> 0x0113
mem[X,0x8002243E] -> 0x0000
[3729] [M]: 0x8002243C (0x00000113) addi sp, zero, 0
x2 <- 0x00000000


mem[X,0x80022440] -> 0x006F
mem[X,0x80022442] -> 0x00C0
[3730] [M]: 0x80022440 (0x00C0006F) jal zero, 12


mem[X,0x8002244C] -> 0x0063
mem[X,0x8002244E] -> 0x02B5
[3731] [M]: 0x8002244C (0x02B50063) beq a0, a1, 32


mem[X,0x80022450] -> 0x0113
mem[X,0x80022452] -> 0x0021
[3732] [M]: 0x80022450 (0x00210113) addi sp, sp, 2
x2 <- 0x00000002


mem[X,0x80022454] -> 0x006F
mem[X,0x80022456] -> 0x0200
[3733] [M]: 0x80022454 (0x0200006F) jal zero, 32


mem[X,0x80022474] -> 0xAC23
mem[X,0x80022476] -> 0x5C20
[3734] [M]: 0x80022474 (0x5C20AC23) sw sp, 1496(ra)
mem[0x8003A740] <- 0x00000002


mem[X,0x80022478] -> 0x5537
mem[X,0x8002247A] -> 0xFFFF
[3735] [M]: 0x80022478 (0xFFFF5537) lui a0, 1048565
x10 <- 0xFFFF5000


mem[X,0x8002247C] -> 0x0513
mem[X,0x8002247E] -> 0xAFD5
[3736] [M]: 0x8002247C (0xAFD50513) addi a0, a0, 2813
x10 <- 0xFFFF4AFD


mem[X,0x80022480] -> 0xB5B7
mem[X,0x80022482] -> 0xAAAA
[3737] [M]: 0x80022480 (0xAAAAB5B7) lui a1, 699051
x11 <- 0xAAAAB000


mem[X,0x80022484] -> 0x8593
mem[X,0x80022486] -> 0xAAA5
[3738] [M]: 0x80022484 (0xAAA58593) addi a1, a1, 2730
x11 <- 0xAAAAAAAA


mem[X,0x80022488] -> 0x0113
mem[X,0x8002248A] -> 0x0000
[3739] [M]: 0x80022488 (0x00000113) addi sp, zero, 0
x2 <- 0x00000000


mem[X,0x8002248C] -> 0x006F
mem[X,0x8002248E] -> 0x00C0
[3740] [M]: 0x8002248C (0x00C0006F) jal zero, 12


mem[X,0x80022498] -> 0x0663
mem[X,0x8002249A] -> 0x00B5
[3741] [M]: 0x80022498 (0x00B50663) beq a0, a1, 12


mem[X,0x8002249C] -> 0x0113
mem[X,0x8002249E] -> 0x0021
[3742] [M]: 0x8002249C (0x00210113) addi sp, sp, 2
x2 <- 0x00000002


mem[X,0x800224A0] -> 0x006F
mem[X,0x800224A2] -> 0x00C0
[3743] [M]: 0x800224A0 (0x00C0006F) jal zero, 12


mem[X,0x800224AC] -> 0xAE23
mem[X,0x800224AE] -> 0x5C20
[3744] [M]: 0x800224AC (0x5C20AE23) sw sp, 1500(ra)
mem[0x8003A744] <- 0x00000002


mem[X,0x800224B0] -> 0x5537
mem[X,0x800224B2] -> 0xFFFF
[3745] [M]: 0x800224B0 (0xFFFF5537) lui a0, 1048565
x10 <- 0xFFFF5000


mem[X,0x800224B4] -> 0x0513
mem[X,0x800224B6] -> 0xAFD5
[3746] [M]: 0x800224B4 (0xAFD50513) addi a0, a0, 2813
x10 <- 0xFFFF4AFD


mem[X,0x800224B8] -> 0x0593
mem[X,0x800224BA] -> 0x0050
[3747] [M]: 0x800224B8 (0x00500593) addi a1, zero, 5
x11 <- 0x00000005


mem[X,0x800224BC] -> 0x0113
mem[X,0x800224BE] -> 0x0000
[3748] [M]: 0x800224BC (0x00000113) addi sp, zero, 0
x2 <- 0x00000000


mem[X,0x800224C0] -> 0x006F
mem[X,0x800224C2] -> 0x0100
[3749] [M]: 0x800224C0 (0x0100006F) jal zero, 16


mem[X,0x800224D0] -> 0x0AE3
mem[X,0x800224D2] -> 0xFEB5
[3750] [M]: 0x800224D0 (0xFEB50AE3) beq a0, a1, 8180


mem[X,0x800224D4] -> 0x0113
mem[X,0x800224D6] -> 0x0021
[3751] [M]: 0x800224D4 (0x00210113) addi sp, sp, 2
x2 <- 0x00000002


mem[X,0x800224D8] -> 0x006F
mem[X,0x800224DA] -> 0x00C0
[3752] [M]: 0x800224D8 (0x00C0006F) jal zero, 12


mem[X,0x800224E4] -> 0xA023
mem[X,0x800224E6] -> 0x5E20
[3753] [M]: 0x800224E4 (0x5E20A023) sw sp, 1504(ra)
mem[0x8003A748] <- 0x00000002


mem[X,0x800224E8] -> 0x5537
mem[X,0x800224EA] -> 0xFFFF
[3754] [M]: 0x800224E8 (0xFFFF5537) lui a0, 1048565
x10 <- 0xFFFF5000


mem[X,0x800224EC] -> 0x0513
mem[X,0x800224EE] -> 0xAFD5
[3755] [M]: 0x800224EC (0xAFD50513) addi a0, a0, 2813
x10 <- 0xFFFF4AFD


mem[X,0x800224F0] -> 0x35B7
mem[X,0x800224F2] -> 0x3333
[3756] [M]: 0x800224F0 (0x333335B7) lui a1, 209715
x11 <- 0x33333000


mem[X,0x800224F4] -> 0x8593
mem[X,0x800224F6] -> 0x3335
[3757] [M]: 0x800224F4 (0x33358593) addi a1, a1, 819
x11 <- 0x33333333


mem[X,0x800224F8] -> 0x0113
mem[X,0x800224FA] -> 0x0000
[3758] [M]: 0x800224F8 (0x00000113) addi sp, zero, 0
x2 <- 0x00000000


mem[X,0x800224FC] -> 0x006F
mem[X,0x800224FE] -> 0x00C0
[3759] [M]: 0x800224FC (0x00C0006F) jal zero, 12


mem[X,0x80022508] -> 0x0063
mem[X,0x8002250A] -> 0x04B5
[3760] [M]: 0x80022508 (0x04B50063) beq a0, a1, 64


mem[X,0x8002250C] -> 0x0113
mem[X,0x8002250E] -> 0x0021
[3761] [M]: 0x8002250C (0x00210113) addi sp, sp, 2
x2 <- 0x00000002


mem[X,0x80022510] -> 0x006F
mem[X,0x80022512] -> 0x0400
[3762] [M]: 0x80022510 (0x0400006F) jal zero, 64


mem[X,0x80022550] -> 0xA223
mem[X,0x80022552] -> 0x5E20
[3763] [M]: 0x80022550 (0x5E20A223) sw sp, 1508(ra)
mem[0x8003A74C] <- 0x00000002


mem[X,0x80022554] -> 0x5537
mem[X,0x80022556] -> 0xFFFF
[3764] [M]: 0x80022554 (0xFFFF5537) lui a0, 1048565
x10 <- 0xFFFF5000


mem[X,0x80022558] -> 0x0513
mem[X,0x8002255A] -> 0xAFD5
[3765] [M]: 0x80022558 (0xAFD50513) addi a0, a0, 2813
x10 <- 0xFFFF4AFD


mem[X,0x8002255C] -> 0x65B7
mem[X,0x8002255E] -> 0x6666
[3766] [M]: 0x8002255C (0x666665B7) lui a1, 419430
x11 <- 0x66666000


mem[X,0x80022560] -> 0x8593
mem[X,0x80022562] -> 0x6665
[3767] [M]: 0x80022560 (0x66658593) addi a1, a1, 1638
x11 <- 0x66666666


mem[X,0x80022564] -> 0x0113
mem[X,0x80022566] -> 0x0000
[3768] [M]: 0x80022564 (0x00000113) addi sp, zero, 0
x2 <- 0x00000000


mem[X,0x80022568] -> 0x006F
mem[X,0x8002256A] -> 0x0100
[3769] [M]: 0x80022568 (0x0100006F) jal zero, 16


mem[X,0x80022578] -> 0x0AE3
mem[X,0x8002257A] -> 0xFEB5
[3770] [M]: 0x80022578 (0xFEB50AE3) beq a0, a1, 8180


mem[X,0x8002257C] -> 0x0113
mem[X,0x8002257E] -> 0x0021
[3771] [M]: 0x8002257C (0x00210113) addi sp, sp, 2
x2 <- 0x00000002


mem[X,0x80022580] -> 0x006F
mem[X,0x80022582] -> 0x00C0
[3772] [M]: 0x80022580 (0x00C0006F) jal zero, 12


mem[X,0x8002258C] -> 0xA423
mem[X,0x8002258E] -> 0x5E20
[3773] [M]: 0x8002258C (0x5E20A423) sw sp, 1512(ra)
mem[0x8003A750] <- 0x00000002


mem[X,0x80022590] -> 0x5537
mem[X,0x80022592] -> 0xFFFF
[3774] [M]: 0x80022590 (0xFFFF5537) lui a0, 1048565
x10 <- 0xFFFF5000


mem[X,0x80022594] -> 0x0513
mem[X,0x80022596] -> 0xAFD5
[3775] [M]: 0x80022594 (0xAFD50513) addi a0, a0, 2813
x10 <- 0xFFFF4AFD


mem[X,0x80022598] -> 0x55B7
mem[X,0x8002259A] -> 0xFFFF
[3776] [M]: 0x80022598 (0xFFFF55B7) lui a1, 1048565
x11 <- 0xFFFF5000


mem[X,0x8002259C] -> 0x8593
mem[X,0x8002259E] -> 0xAFC5
[3777] [M]: 0x8002259C (0xAFC58593) addi a1, a1, 2812
x11 <- 0xFFFF4AFC


mem[X,0x800225A0] -> 0x0113
mem[X,0x800225A2] -> 0x0000
[3778] [M]: 0x800225A0 (0x00000113) addi sp, zero, 0
x2 <- 0x00000000


mem[X,0x800225A4] -> 0x006F
mem[X,0x800225A6] -> 0x00C0
[3779] [M]: 0x800225A4 (0x00C0006F) jal zero, 12


mem[X,0x800225B0] -> 0x0663
mem[X,0x800225B2] -> 0x00B5
[3780] [M]: 0x800225B0 (0x00B50663) beq a0, a1, 12


mem[X,0x800225B4] -> 0x0113
mem[X,0x800225B6] -> 0x0021
[3781] [M]: 0x800225B4 (0x00210113) addi sp, sp, 2
x2 <- 0x00000002


mem[X,0x800225B8] -> 0x006F
mem[X,0x800225BA] -> 0x00C0
[3782] [M]: 0x800225B8 (0x00C0006F) jal zero, 12


mem[X,0x800225C4] -> 0xA623
mem[X,0x800225C6] -> 0x5E20
[3783] [M]: 0x800225C4 (0x5E20A623) sw sp, 1516(ra)
mem[0x8003A754] <- 0x00000002


mem[X,0x800225C8] -> 0x5537
mem[X,0x800225CA] -> 0xFFFF
[3784] [M]: 0x800225C8 (0xFFFF5537) lui a0, 1048565
x10 <- 0xFFFF5000


mem[X,0x800225CC] -> 0x0513
mem[X,0x800225CE] -> 0xAFD5
[3785] [M]: 0x800225CC (0xAFD50513) addi a0, a0, 2813
x10 <- 0xFFFF4AFD


mem[X,0x800225D0] -> 0xB5B7
mem[X,0x800225D2] -> 0x0000
[3786] [M]: 0x800225D0 (0x0000B5B7) lui a1, 11
x11 <- 0x0000B000


mem[X,0x800225D4] -> 0x8593
mem[X,0x800225D6] -> 0x5045
[3787] [M]: 0x800225D4 (0x50458593) addi a1, a1, 1284
x11 <- 0x0000B504


mem[X,0x800225D8] -> 0x0113
mem[X,0x800225DA] -> 0x0000
[3788] [M]: 0x800225D8 (0x00000113) addi sp, zero, 0
x2 <- 0x00000000


mem[X,0x800225DC] -> 0x006F
mem[X,0x800225DE] -> 0x00C0
[3789] [M]: 0x800225DC (0x00C0006F) jal zero, 12


mem[X,0x800225E8] -> 0x0CE3
mem[X,0x800225EA] -> 0xFEB5
[3790] [M]: 0x800225E8 (0xFEB50CE3) beq a0, a1, 8184


mem[X,0x800225EC] -> 0x0113
mem[X,0x800225EE] -> 0x0021
[3791] [M]: 0x800225EC (0x00210113) addi sp, sp, 2
x2 <- 0x00000002


mem[X,0x800225F0] -> 0x006F
mem[X,0x800225F2] -> 0x00C0
[3792] [M]: 0x800225F0 (0x00C0006F) jal zero, 12


mem[X,0x800225FC] -> 0xA823
mem[X,0x800225FE] -> 0x5E20
[3793] [M]: 0x800225FC (0x5E20A823) sw sp, 1520(ra)
mem[0x8003A758] <- 0x00000002


mem[X,0x80022600] -> 0x5537
mem[X,0x80022602] -> 0xFFFF
[3794] [M]: 0x80022600 (0xFFFF5537) lui a0, 1048565
x10 <- 0xFFFF5000


mem[X,0x80022604] -> 0x0513
mem[X,0x80022606] -> 0xAFD5
[3795] [M]: 0x80022604 (0xAFD50513) addi a0, a0, 2813
x10 <- 0xFFFF4AFD


mem[X,0x80022608] -> 0x0593
mem[X,0x8002260A] -> 0x0020
[3796] [M]: 0x80022608 (0x00200593) addi a1, zero, 2
x11 <- 0x00000002


mem[X,0x8002260C] -> 0x0113
mem[X,0x8002260E] -> 0x0000
[3797] [M]: 0x8002260C (0x00000113) addi sp, zero, 0
x2 <- 0x00000000


mem[X,0x80022610] -> 0x006F
mem[X,0x80022612] -> 0x00C0
[3798] [M]: 0x80022610 (0x00C0006F) jal zero, 12


mem[X,0x8002261C] -> 0x0063
mem[X,0x8002261E] -> 0x04B5
[3799] [M]: 0x8002261C (0x04B50063) beq a0, a1, 64


clint::tick mtime <- 0x0000000000000026
 clint timer pending at mtime 0x0000000000000026
htif::tick 0x0000000000000000
mem[X,0x80022620] -> 0x0113
mem[X,0x80022622] -> 0x0021
[3800] [M]: 0x80022620 (0x00210113) addi sp, sp, 2
x2 <- 0x00000002


mem[X,0x80022624] -> 0x006F
mem[X,0x80022626] -> 0x0400
[3801] [M]: 0x80022624 (0x0400006F) jal zero, 64


mem[X,0x80022664] -> 0xAA23
mem[X,0x80022666] -> 0x5E20
[3802] [M]: 0x80022664 (0x5E20AA23) sw sp, 1524(ra)
mem[0x8003A75C] <- 0x00000002


mem[X,0x80022668] -> 0x5537
mem[X,0x8002266A] -> 0xFFFF
[3803] [M]: 0x80022668 (0xFFFF5537) lui a0, 1048565
x10 <- 0xFFFF5000


mem[X,0x8002266C] -> 0x0513
mem[X,0x8002266E] -> 0xAFD5
[3804] [M]: 0x8002266C (0xAFD50513) addi a0, a0, 2813
x10 <- 0xFFFF4AFD


mem[X,0x80022670] -> 0x55B7
mem[X,0x80022672] -> 0x5555
[3805] [M]: 0x80022670 (0x555555B7) lui a1, 349525
x11 <- 0x55555000


mem[X,0x80022674] -> 0x8593
mem[X,0x80022676] -> 0x5545
[3806] [M]: 0x80022674 (0x55458593) addi a1, a1, 1364
x11 <- 0x55555554


mem[X,0x80022678] -> 0x0113
mem[X,0x8002267A] -> 0x0000
[3807] [M]: 0x80022678 (0x00000113) addi sp, zero, 0
x2 <- 0x00000000


mem[X,0x8002267C] -> 0x006F
mem[X,0x8002267E] -> 0x00C0
[3808] [M]: 0x8002267C (0x00C0006F) jal zero, 12


mem[X,0x80022688] -> 0x0663
mem[X,0x8002268A] -> 0x00B5
[3809] [M]: 0x80022688 (0x00B50663) beq a0, a1, 12


mem[X,0x8002268C] -> 0x0113
mem[X,0x8002268E] -> 0x0021
[3810] [M]: 0x8002268C (0x00210113) addi sp, sp, 2
x2 <- 0x00000002


mem[X,0x80022690] -> 0x006F
mem[X,0x80022692] -> 0x00C0
[3811] [M]: 0x80022690 (0x00C0006F) jal zero, 12


mem[X,0x8002269C] -> 0xAC23
mem[X,0x8002269E] -> 0x5E20
[3812] [M]: 0x8002269C (0x5E20AC23) sw sp, 1528(ra)
mem[0x8003A760] <- 0x00000002


mem[X,0x800226A0] -> 0x5537
mem[X,0x800226A2] -> 0xFFFF
[3813] [M]: 0x800226A0 (0xFFFF5537) lui a0, 1048565
x10 <- 0xFFFF5000


mem[X,0x800226A4] -> 0x0513
mem[X,0x800226A6] -> 0xAFD5
[3814] [M]: 0x800226A4 (0xAFD50513) addi a0, a0, 2813
x10 <- 0xFFFF4AFD


mem[X,0x800226A8] -> 0x0593
mem[X,0x800226AA] -> 0x0000
[3815] [M]: 0x800226A8 (0x00000593) addi a1, zero, 0
x11 <- 0x00000000


mem[X,0x800226AC] -> 0x0113
mem[X,0x800226AE] -> 0x0000
[3816] [M]: 0x800226AC (0x00000113) addi sp, zero, 0
x2 <- 0x00000000


mem[X,0x800226B0] -> 0x006F
mem[X,0x800226B2] -> 0x00C0
[3817] [M]: 0x800226B0 (0x00C0006F) jal zero, 12


mem[X,0x800226BC] -> 0x0663
mem[X,0x800226BE] -> 0x00B5
[3818] [M]: 0x800226BC (0x00B50663) beq a0, a1, 12


mem[X,0x800226C0] -> 0x0113
mem[X,0x800226C2] -> 0x0021
[3819] [M]: 0x800226C0 (0x00210113) addi sp, sp, 2
x2 <- 0x00000002


mem[X,0x800226C4] -> 0x006F
mem[X,0x800226C6] -> 0x00C0
[3820] [M]: 0x800226C4 (0x00C0006F) jal zero, 12


mem[X,0x800226D0] -> 0xAE23
mem[X,0x800226D2] -> 0x5E20
[3821] [M]: 0x800226D0 (0x5E20AE23) sw sp, 1532(ra)
mem[0x8003A764] <- 0x00000002


mem[X,0x800226D4] -> 0x5537
mem[X,0x800226D6] -> 0xFFFF
[3822] [M]: 0x800226D4 (0xFFFF5537) lui a0, 1048565
x10 <- 0xFFFF5000


mem[X,0x800226D8] -> 0x0513
mem[X,0x800226DA] -> 0xAFD5
[3823] [M]: 0x800226D8 (0xAFD50513) addi a0, a0, 2813
x10 <- 0xFFFF4AFD


mem[X,0x800226DC] -> 0x0593
mem[X,0x800226DE] -> 0x0040
[3824] [M]: 0x800226DC (0x00400593) addi a1, zero, 4
x11 <- 0x00000004


mem[X,0x800226E0] -> 0x0113
mem[X,0x800226E2] -> 0x0000
[3825] [M]: 0x800226E0 (0x00000113) addi sp, zero, 0
x2 <- 0x00000000


mem[X,0x800226E4] -> 0x006F
mem[X,0x800226E6] -> 0x00C0
[3826] [M]: 0x800226E4 (0x00C0006F) jal zero, 12


mem[X,0x800226F0] -> 0x0063
mem[X,0x800226F2] -> 0x04B5
[3827] [M]: 0x800226F0 (0x04B50063) beq a0, a1, 64


mem[X,0x800226F4] -> 0x0113
mem[X,0x800226F6] -> 0x0021
[3828] [M]: 0x800226F4 (0x00210113) addi sp, sp, 2
x2 <- 0x00000002


mem[X,0x800226F8] -> 0x006F
mem[X,0x800226FA] -> 0x0400
[3829] [M]: 0x800226F8 (0x0400006F) jal zero, 64


mem[X,0x80022738] -> 0xA023
mem[X,0x8002273A] -> 0x6020
[3830] [M]: 0x80022738 (0x6020A023) sw sp, 1536(ra)
mem[0x8003A768] <- 0x00000002


mem[X,0x8002273C] -> 0x5537
mem[X,0x8002273E] -> 0xFFFF
[3831] [M]: 0x8002273C (0xFFFF5537) lui a0, 1048565
x10 <- 0xFFFF5000


mem[X,0x80022740] -> 0x0513
mem[X,0x80022742] -> 0xAFD5
[3832] [M]: 0x80022740 (0xAFD50513) addi a0, a0, 2813
x10 <- 0xFFFF4AFD


mem[X,0x80022744] -> 0x35B7
mem[X,0x80022746] -> 0x3333
[3833] [M]: 0x80022744 (0x333335B7) lui a1, 209715
x11 <- 0x33333000


mem[X,0x80022748] -> 0x8593
mem[X,0x8002274A] -> 0x3325
[3834] [M]: 0x80022748 (0x33258593) addi a1, a1, 818
x11 <- 0x33333332


mem[X,0x8002274C] -> 0x0113
mem[X,0x8002274E] -> 0x0000
[3835] [M]: 0x8002274C (0x00000113) addi sp, zero, 0
x2 <- 0x00000000


mem[X,0x80022750] -> 0x006F
mem[X,0x80022752] -> 0x00C0
[3836] [M]: 0x80022750 (0x00C0006F) jal zero, 12


mem[X,0x8002275C] -> 0x0063
mem[X,0x8002275E] -> 0x40B5
[3837] [M]: 0x8002275C (0x40B50063) beq a0, a1, 1024


mem[X,0x80022760] -> 0x0113
mem[X,0x80022762] -> 0x0021
[3838] [M]: 0x80022760 (0x00210113) addi sp, sp, 2
x2 <- 0x00000002


mem[X,0x80022764] -> 0x006F
mem[X,0x80022766] -> 0x4000
[3839] [M]: 0x80022764 (0x4000006F) jal zero, 1024


mem[X,0x80022B64] -> 0xA223
mem[X,0x80022B66] -> 0x6020
[3840] [M]: 0x80022B64 (0x6020A223) sw sp, 1540(ra)
mem[0x8003A76C] <- 0x00000002


mem[X,0x80022B68] -> 0x5537
mem[X,0x80022B6A] -> 0xFFFF
[3841] [M]: 0x80022B68 (0xFFFF5537) lui a0, 1048565
x10 <- 0xFFFF5000


mem[X,0x80022B6C] -> 0x0513
mem[X,0x80022B6E] -> 0xAFD5
[3842] [M]: 0x80022B6C (0xAFD50513) addi a0, a0, 2813
x10 <- 0xFFFF4AFD


mem[X,0x80022B70] -> 0x65B7
mem[X,0x80022B72] -> 0x6666
[3843] [M]: 0x80022B70 (0x666665B7) lui a1, 419430
x11 <- 0x66666000


mem[X,0x80022B74] -> 0x8593
mem[X,0x80022B76] -> 0x6655
[3844] [M]: 0x80022B74 (0x66558593) addi a1, a1, 1637
x11 <- 0x66666665


mem[X,0x80022B78] -> 0x0113
mem[X,0x80022B7A] -> 0x0000
[3845] [M]: 0x80022B78 (0x00000113) addi sp, zero, 0
x2 <- 0x00000000


mem[X,0x80022B7C] -> 0x006F
mem[X,0x80022B7E] -> 0x00C0
[3846] [M]: 0x80022B7C (0x00C0006F) jal zero, 12


mem[X,0x80022B88] -> 0x0063
mem[X,0x80022B8A] -> 0x40B5
[3847] [M]: 0x80022B88 (0x40B50063) beq a0, a1, 1024


mem[X,0x80022B8C] -> 0x0113
mem[X,0x80022B8E] -> 0x0021
[3848] [M]: 0x80022B8C (0x00210113) addi sp, sp, 2
x2 <- 0x00000002


mem[X,0x80022B90] -> 0x006F
mem[X,0x80022B92] -> 0x4000
[3849] [M]: 0x80022B90 (0x4000006F) jal zero, 1024


mem[X,0x80022F90] -> 0xA423
mem[X,0x80022F92] -> 0x6020
[3850] [M]: 0x80022F90 (0x6020A423) sw sp, 1544(ra)
mem[0x8003A770] <- 0x00000002


mem[X,0x80022F94] -> 0x5537
mem[X,0x80022F96] -> 0xFFFF
[3851] [M]: 0x80022F94 (0xFFFF5537) lui a0, 1048565
x10 <- 0xFFFF5000


mem[X,0x80022F98] -> 0x0513
mem[X,0x80022F9A] -> 0xAFD5
[3852] [M]: 0x80022F98 (0xAFD50513) addi a0, a0, 2813
x10 <- 0xFFFF4AFD


mem[X,0x80022F9C] -> 0xB5B7
mem[X,0x80022F9E] -> 0x0000
[3853] [M]: 0x80022F9C (0x0000B5B7) lui a1, 11
x11 <- 0x0000B000


mem[X,0x80022FA0] -> 0x8593
mem[X,0x80022FA2] -> 0x5035
[3854] [M]: 0x80022FA0 (0x50358593) addi a1, a1, 1283
x11 <- 0x0000B503


mem[X,0x80022FA4] -> 0x0113
mem[X,0x80022FA6] -> 0x0000
[3855] [M]: 0x80022FA4 (0x00000113) addi sp, zero, 0
x2 <- 0x00000000


mem[X,0x80022FA8] -> 0x006F
mem[X,0x80022FAA] -> 0x00C0
[3856] [M]: 0x80022FA8 (0x00C0006F) jal zero, 12


mem[X,0x80022FB4] -> 0x0663
mem[X,0x80022FB6] -> 0x00B5
[3857] [M]: 0x80022FB4 (0x00B50663) beq a0, a1, 12


mem[X,0x80022FB8] -> 0x0113
mem[X,0x80022FBA] -> 0x0021
[3858] [M]: 0x80022FB8 (0x00210113) addi sp, sp, 2
x2 <- 0x00000002


mem[X,0x80022FBC] -> 0x006F
mem[X,0x80022FBE] -> 0x00C0
[3859] [M]: 0x80022FBC (0x00C0006F) jal zero, 12


mem[X,0x80022FC8] -> 0xA623
mem[X,0x80022FCA] -> 0x6020
[3860] [M]: 0x80022FC8 (0x6020A623) sw sp, 1548(ra)
mem[0x8003A774] <- 0x00000002


mem[X,0x80022FCC] -> 0x5537
mem[X,0x80022FCE] -> 0xFFFF
[3861] [M]: 0x80022FCC (0xFFFF5537) lui a0, 1048565
x10 <- 0xFFFF5000


mem[X,0x80022FD0] -> 0x0513
mem[X,0x80022FD2] -> 0xAFD5
[3862] [M]: 0x80022FD0 (0xAFD50513) addi a0, a0, 2813
x10 <- 0xFFFF4AFD


mem[X,0x80022FD4] -> 0x55B7
mem[X,0x80022FD6] -> 0x5555
[3863] [M]: 0x80022FD4 (0x555555B7) lui a1, 349525
x11 <- 0x55555000


mem[X,0x80022FD8] -> 0x8593
mem[X,0x80022FDA] -> 0x5565
[3864] [M]: 0x80022FD8 (0x55658593) addi a1, a1, 1366
x11 <- 0x55555556


mem[X,0x80022FDC] -> 0x0113
mem[X,0x80022FDE] -> 0x0000
[3865] [M]: 0x80022FDC (0x00000113) addi sp, zero, 0
x2 <- 0x00000000


mem[X,0x80022FE0] -> 0x006F
mem[X,0x80022FE2] -> 0x00C0
[3866] [M]: 0x80022FE0 (0x00C0006F) jal zero, 12


mem[X,0x80022FEC] -> 0x0CE3
mem[X,0x80022FEE] -> 0xFEB5
[3867] [M]: 0x80022FEC (0xFEB50CE3) beq a0, a1, 8184


mem[X,0x80022FF0] -> 0x0113
mem[X,0x80022FF2] -> 0x0021
[3868] [M]: 0x80022FF0 (0x00210113) addi sp, sp, 2
x2 <- 0x00000002


mem[X,0x80022FF4] -> 0x006F
mem[X,0x80022FF6] -> 0x00C0
[3869] [M]: 0x80022FF4 (0x00C0006F) jal zero, 12


mem[X,0x80023000] -> 0xA823
mem[X,0x80023002] -> 0x6020
[3870] [M]: 0x80023000 (0x6020A823) sw sp, 1552(ra)
mem[0x8003A778] <- 0x00000002


mem[X,0x80023004] -> 0x5537
mem[X,0x80023006] -> 0xFFFF
[3871] [M]: 0x80023004 (0xFFFF5537) lui a0, 1048565
x10 <- 0xFFFF5000


mem[X,0x80023008] -> 0x0513
mem[X,0x8002300A] -> 0xAFD5
[3872] [M]: 0x80023008 (0xAFD50513) addi a0, a0, 2813
x10 <- 0xFFFF4AFD


mem[X,0x8002300C] -> 0xB5B7
mem[X,0x8002300E] -> 0xAAAA
[3873] [M]: 0x8002300C (0xAAAAB5B7) lui a1, 699051
x11 <- 0xAAAAB000


mem[X,0x80023010] -> 0x8593
mem[X,0x80023012] -> 0xAAB5
[3874] [M]: 0x80023010 (0xAAB58593) addi a1, a1, 2731
x11 <- 0xAAAAAAAB


mem[X,0x80023014] -> 0x0113
mem[X,0x80023016] -> 0x0000
[3875] [M]: 0x80023014 (0x00000113) addi sp, zero, 0
x2 <- 0x00000000


mem[X,0x80023018] -> 0x006F
mem[X,0x8002301A] -> 0x00C0
[3876] [M]: 0x80023018 (0x00C0006F) jal zero, 12


mem[X,0x80023024] -> 0x0663
mem[X,0x80023026] -> 0x00B5
[3877] [M]: 0x80023024 (0x00B50663) beq a0, a1, 12


mem[X,0x80023028] -> 0x0113
mem[X,0x8002302A] -> 0x0021
[3878] [M]: 0x80023028 (0x00210113) addi sp, sp, 2
x2 <- 0x00000002


mem[X,0x8002302C] -> 0x006F
mem[X,0x8002302E] -> 0x00C0
[3879] [M]: 0x8002302C (0x00C0006F) jal zero, 12


mem[X,0x80023038] -> 0xAA23
mem[X,0x8002303A] -> 0x6020
[3880] [M]: 0x80023038 (0x6020AA23) sw sp, 1556(ra)
mem[0x8003A77C] <- 0x00000002


mem[X,0x8002303C] -> 0x5537
mem[X,0x8002303E] -> 0xFFFF
[3881] [M]: 0x8002303C (0xFFFF5537) lui a0, 1048565
x10 <- 0xFFFF5000


mem[X,0x80023040] -> 0x0513
mem[X,0x80023042] -> 0xAFD5
[3882] [M]: 0x80023040 (0xAFD50513) addi a0, a0, 2813
x10 <- 0xFFFF4AFD


mem[X,0x80023044] -> 0x0593
mem[X,0x80023046] -> 0x0060
[3883] [M]: 0x80023044 (0x00600593) addi a1, zero, 6
x11 <- 0x00000006


mem[X,0x80023048] -> 0x0113
mem[X,0x8002304A] -> 0x0000
[3884] [M]: 0x80023048 (0x00000113) addi sp, zero, 0
x2 <- 0x00000000


mem[X,0x8002304C] -> 0x006F
mem[X,0x8002304E] -> 0x0100
[3885] [M]: 0x8002304C (0x0100006F) jal zero, 16


mem[X,0x8002305C] -> 0x0AE3
mem[X,0x8002305E] -> 0xFEB5
[3886] [M]: 0x8002305C (0xFEB50AE3) beq a0, a1, 8180


mem[X,0x80023060] -> 0x0113
mem[X,0x80023062] -> 0x0021
[3887] [M]: 0x80023060 (0x00210113) addi sp, sp, 2
x2 <- 0x00000002


mem[X,0x80023064] -> 0x006F
mem[X,0x80023066] -> 0x00C0
[3888] [M]: 0x80023064 (0x00C0006F) jal zero, 12


mem[X,0x80023070] -> 0xAC23
mem[X,0x80023072] -> 0x6020
[3889] [M]: 0x80023070 (0x6020AC23) sw sp, 1560(ra)
mem[0x8003A780] <- 0x00000002


mem[X,0x80023074] -> 0x5537
mem[X,0x80023076] -> 0xFFFF
[3890] [M]: 0x80023074 (0xFFFF5537) lui a0, 1048565
x10 <- 0xFFFF5000


mem[X,0x80023078] -> 0x0513
mem[X,0x8002307A] -> 0xAFD5
[3891] [M]: 0x80023078 (0xAFD50513) addi a0, a0, 2813
x10 <- 0xFFFF4AFD


mem[X,0x8002307C] -> 0x35B7
mem[X,0x8002307E] -> 0x3333
[3892] [M]: 0x8002307C (0x333335B7) lui a1, 209715
x11 <- 0x33333000


mem[X,0x80023080] -> 0x8593
mem[X,0x80023082] -> 0x3345
[3893] [M]: 0x80023080 (0x33458593) addi a1, a1, 820
x11 <- 0x33333334


mem[X,0x80023084] -> 0x0113
mem[X,0x80023086] -> 0x0000
[3894] [M]: 0x80023084 (0x00000113) addi sp, zero, 0
x2 <- 0x00000000


mem[X,0x80023088] -> 0x006F
mem[X,0x8002308A] -> 0x00C0
[3895] [M]: 0x80023088 (0x00C0006F) jal zero, 12


mem[X,0x80023094] -> 0x0063
mem[X,0x80023096] -> 0x08B5
[3896] [M]: 0x80023094 (0x08B50063) beq a0, a1, 128


mem[X,0x80023098] -> 0x0113
mem[X,0x8002309A] -> 0x0021
[3897] [M]: 0x80023098 (0x00210113) addi sp, sp, 2
x2 <- 0x00000002


mem[X,0x8002309C] -> 0x006F
mem[X,0x8002309E] -> 0x0800
[3898] [M]: 0x8002309C (0x0800006F) jal zero, 128


mem[X,0x8002311C] -> 0xAE23
mem[X,0x8002311E] -> 0x6020
[3899] [M]: 0x8002311C (0x6020AE23) sw sp, 1564(ra)
mem[0x8003A784] <- 0x00000002


clint::tick mtime <- 0x0000000000000027
 clint timer pending at mtime 0x0000000000000027
htif::tick 0x0000000000000000
mem[X,0x80023120] -> 0x5537
mem[X,0x80023122] -> 0xFFFF
[3900] [M]: 0x80023120 (0xFFFF5537) lui a0, 1048565
x10 <- 0xFFFF5000


mem[X,0x80023124] -> 0x0513
mem[X,0x80023126] -> 0xAFD5
[3901] [M]: 0x80023124 (0xAFD50513) addi a0, a0, 2813
x10 <- 0xFFFF4AFD


mem[X,0x80023128] -> 0x65B7
mem[X,0x8002312A] -> 0x6666
[3902] [M]: 0x80023128 (0x666665B7) lui a1, 419430
x11 <- 0x66666000


mem[X,0x8002312C] -> 0x8593
mem[X,0x8002312E] -> 0x6675
[3903] [M]: 0x8002312C (0x66758593) addi a1, a1, 1639
x11 <- 0x66666667


mem[X,0x80023130] -> 0x0113
mem[X,0x80023132] -> 0x0000
[3904] [M]: 0x80023130 (0x00000113) addi sp, zero, 0
x2 <- 0x00000000


mem[X,0x80023134] -> 0x006F
mem[X,0x80023136] -> 0x00C0
[3905] [M]: 0x80023134 (0x00C0006F) jal zero, 12


mem[X,0x80023140] -> 0x0063
mem[X,0x80023142] -> 0x08B5
[3906] [M]: 0x80023140 (0x08B50063) beq a0, a1, 128


mem[X,0x80023144] -> 0x0113
mem[X,0x80023146] -> 0x0021
[3907] [M]: 0x80023144 (0x00210113) addi sp, sp, 2
x2 <- 0x00000002


mem[X,0x80023148] -> 0x006F
mem[X,0x8002314A] -> 0x0800
[3908] [M]: 0x80023148 (0x0800006F) jal zero, 128


mem[X,0x800231C8] -> 0xA023
mem[X,0x800231CA] -> 0x6220
[3909] [M]: 0x800231C8 (0x6220A023) sw sp, 1568(ra)
mem[0x8003A788] <- 0x00000002


mem[X,0x800231CC] -> 0x5537
mem[X,0x800231CE] -> 0xFFFF
[3910] [M]: 0x800231CC (0xFFFF5537) lui a0, 1048565
x10 <- 0xFFFF5000


mem[X,0x800231D0] -> 0x0513
mem[X,0x800231D2] -> 0xAFD5
[3911] [M]: 0x800231D0 (0xAFD50513) addi a0, a0, 2813
x10 <- 0xFFFF4AFD


mem[X,0x800231D4] -> 0x55B7
mem[X,0x800231D6] -> 0xFFFF
[3912] [M]: 0x800231D4 (0xFFFF55B7) lui a1, 1048565
x11 <- 0xFFFF5000


mem[X,0x800231D8] -> 0x8593
mem[X,0x800231DA] -> 0xAFD5
[3913] [M]: 0x800231D8 (0xAFD58593) addi a1, a1, 2813
x11 <- 0xFFFF4AFD


mem[X,0x800231DC] -> 0x0113
mem[X,0x800231DE] -> 0x0000
[3914] [M]: 0x800231DC (0x00000113) addi sp, zero, 0
x2 <- 0x00000000


mem[X,0x800231E0] -> 0x006F
mem[X,0x800231E2] -> 0x0180
[3915] [M]: 0x800231E0 (0x0180006F) jal zero, 24


mem[X,0x800231F8] -> 0x06E3
mem[X,0x800231FA] -> 0xFEB5
[3916] [M]: 0x800231F8 (0xFEB506E3) beq a0, a1, 8172


mem[X,0x800231E4] -> 0x0113
mem[X,0x800231E6] -> 0x0011
[3917] [M]: 0x800231E4 (0x00110113) addi sp, sp, 1
x2 <- 0x00000001


mem[X,0x800231E8] -> 0x006F
mem[X,0x800231EA] -> 0x0240
[3918] [M]: 0x800231E8 (0x0240006F) jal zero, 36


mem[X,0x8002320C] -> 0xA223
mem[X,0x8002320E] -> 0x6220
[3919] [M]: 0x8002320C (0x6220A223) sw sp, 1572(ra)
mem[0x8003A78C] <- 0x00000001


mem[X,0x80023210] -> 0x5537
mem[X,0x80023212] -> 0xFFFF
[3920] [M]: 0x80023210 (0xFFFF5537) lui a0, 1048565
x10 <- 0xFFFF5000


mem[X,0x80023214] -> 0x0513
mem[X,0x80023216] -> 0xAFD5
[3921] [M]: 0x80023214 (0xAFD50513) addi a0, a0, 2813
x10 <- 0xFFFF4AFD


mem[X,0x80023218] -> 0xB5B7
mem[X,0x8002321A] -> 0x0000
[3922] [M]: 0x80023218 (0x0000B5B7) lui a1, 11
x11 <- 0x0000B000


mem[X,0x8002321C] -> 0x8593
mem[X,0x8002321E] -> 0x5055
[3923] [M]: 0x8002321C (0x50558593) addi a1, a1, 1285
x11 <- 0x0000B505


mem[X,0x80023220] -> 0x0113
mem[X,0x80023222] -> 0x0000
[3924] [M]: 0x80023220 (0x00000113) addi sp, zero, 0
x2 <- 0x00000000


mem[X,0x80023224] -> 0x006F
mem[X,0x80023226] -> 0x00C0
[3925] [M]: 0x80023224 (0x00C0006F) jal zero, 12


mem[X,0x80023230] -> 0x0063
mem[X,0x80023232] -> 0x10B5
[3926] [M]: 0x80023230 (0x10B50063) beq a0, a1, 256


mem[X,0x80023234] -> 0x0113
mem[X,0x80023236] -> 0x0021
[3927] [M]: 0x80023234 (0x00210113) addi sp, sp, 2
x2 <- 0x00000002


mem[X,0x80023238] -> 0x006F
mem[X,0x8002323A] -> 0x1000
[3928] [M]: 0x80023238 (0x1000006F) jal zero, 256


mem[X,0x80023338] -> 0xA423
mem[X,0x8002333A] -> 0x6220
[3929] [M]: 0x80023338 (0x6220A423) sw sp, 1576(ra)
mem[0x8003A790] <- 0x00000002


mem[X,0x8002333C] -> 0xB537
mem[X,0x8002333E] -> 0x0000
[3930] [M]: 0x8002333C (0x0000B537) lui a0, 11
x10 <- 0x0000B000


mem[X,0x80023340] -> 0x0513
mem[X,0x80023342] -> 0x5055
[3931] [M]: 0x80023340 (0x50550513) addi a0, a0, 1285
x10 <- 0x0000B505


mem[X,0x80023344] -> 0x0593
mem[X,0x80023346] -> 0x0030
[3932] [M]: 0x80023344 (0x00300593) addi a1, zero, 3
x11 <- 0x00000003


mem[X,0x80023348] -> 0x0113
mem[X,0x8002334A] -> 0x0000
[3933] [M]: 0x80023348 (0x00000113) addi sp, zero, 0
x2 <- 0x00000000


mem[X,0x8002334C] -> 0x006F
mem[X,0x8002334E] -> 0x0140
[3934] [M]: 0x8002334C (0x0140006F) jal zero, 20


mem[X,0x80023360] -> 0x08E3
mem[X,0x80023362] -> 0xFEB5
[3935] [M]: 0x80023360 (0xFEB508E3) beq a0, a1, 8176


mem[X,0x80023364] -> 0x0113
mem[X,0x80023366] -> 0x0021
[3936] [M]: 0x80023364 (0x00210113) addi sp, sp, 2
x2 <- 0x00000002


mem[X,0x80023368] -> 0x006F
mem[X,0x8002336A] -> 0x00C0
[3937] [M]: 0x80023368 (0x00C0006F) jal zero, 12


mem[X,0x80023374] -> 0xA623
mem[X,0x80023376] -> 0x6220
[3938] [M]: 0x80023374 (0x6220A623) sw sp, 1580(ra)
mem[0x8003A794] <- 0x00000002


mem[X,0x80023378] -> 0xB537
mem[X,0x8002337A] -> 0x0000
[3939] [M]: 0x80023378 (0x0000B537) lui a0, 11
x10 <- 0x0000B000


mem[X,0x8002337C] -> 0x0513
mem[X,0x8002337E] -> 0x5055
[3940] [M]: 0x8002337C (0x50550513) addi a0, a0, 1285
x10 <- 0x0000B505


mem[X,0x80023380] -> 0x55B7
mem[X,0x80023382] -> 0x5555
[3941] [M]: 0x80023380 (0x555555B7) lui a1, 349525
x11 <- 0x55555000


mem[X,0x80023384] -> 0x8593
mem[X,0x80023386] -> 0x5555
[3942] [M]: 0x80023384 (0x55558593) addi a1, a1, 1365
x11 <- 0x55555555


mem[X,0x80023388] -> 0x0113
mem[X,0x8002338A] -> 0x0000
[3943] [M]: 0x80023388 (0x00000113) addi sp, zero, 0
x2 <- 0x00000000


mem[X,0x8002338C] -> 0x006F
mem[X,0x8002338E] -> 0x00C0
[3944] [M]: 0x8002338C (0x00C0006F) jal zero, 12


mem[X,0x80023398] -> 0x0CE3
mem[X,0x8002339A] -> 0xFEB5
[3945] [M]: 0x80023398 (0xFEB50CE3) beq a0, a1, 8184


mem[X,0x8002339C] -> 0x0113
mem[X,0x8002339E] -> 0x0021
[3946] [M]: 0x8002339C (0x00210113) addi sp, sp, 2
x2 <- 0x00000002


mem[X,0x800233A0] -> 0x006F
mem[X,0x800233A2] -> 0x00C0
[3947] [M]: 0x800233A0 (0x00C0006F) jal zero, 12


mem[X,0x800233AC] -> 0xA823
mem[X,0x800233AE] -> 0x6220
[3948] [M]: 0x800233AC (0x6220A823) sw sp, 1584(ra)
mem[0x8003A798] <- 0x00000002


mem[X,0x800233B0] -> 0xB537
mem[X,0x800233B2] -> 0x0000
[3949] [M]: 0x800233B0 (0x0000B537) lui a0, 11
x10 <- 0x0000B000


mem[X,0x800233B4] -> 0x0513
mem[X,0x800233B6] -> 0x5055
[3950] [M]: 0x800233B4 (0x50550513) addi a0, a0, 1285
x10 <- 0x0000B505


mem[X,0x800233B8] -> 0xB5B7
mem[X,0x800233BA] -> 0xAAAA
[3951] [M]: 0x800233B8 (0xAAAAB5B7) lui a1, 699051
x11 <- 0xAAAAB000


mem[X,0x800233BC] -> 0x8593
mem[X,0x800233BE] -> 0xAAA5
[3952] [M]: 0x800233BC (0xAAA58593) addi a1, a1, 2730
x11 <- 0xAAAAAAAA


mem[X,0x800233C0] -> 0x0113
mem[X,0x800233C2] -> 0x0000
[3953] [M]: 0x800233C0 (0x00000113) addi sp, zero, 0
x2 <- 0x00000000


mem[X,0x800233C4] -> 0x006F
mem[X,0x800233C6] -> 0x2B10
[3954] [M]: 0x800233C4 (0x2B10006F) jal zero, 2736


mem[X,0x80023E74] -> 0x0A63
mem[X,0x80023E76] -> 0xD4B5
[3955] [M]: 0x80023E74 (0xD4B50A63) beq a0, a1, 5460


mem[X,0x80023E78] -> 0x0113
mem[X,0x80023E7A] -> 0x0021
[3956] [M]: 0x80023E78 (0x00210113) addi sp, sp, 2
x2 <- 0x00000002


mem[X,0x80023E7C] -> 0x006F
mem[X,0x80023E7E] -> 0x00C0
[3957] [M]: 0x80023E7C (0x00C0006F) jal zero, 12


mem[X,0x80023E88] -> 0xAA23
mem[X,0x80023E8A] -> 0x6220
[3958] [M]: 0x80023E88 (0x6220AA23) sw sp, 1588(ra)
mem[0x8003A79C] <- 0x00000002


mem[X,0x80023E8C] -> 0xB537
mem[X,0x80023E8E] -> 0x0000
[3959] [M]: 0x80023E8C (0x0000B537) lui a0, 11
x10 <- 0x0000B000


mem[X,0x80023E90] -> 0x0513
mem[X,0x80023E92] -> 0x5055
[3960] [M]: 0x80023E90 (0x50550513) addi a0, a0, 1285
x10 <- 0x0000B505


mem[X,0x80023E94] -> 0x0593
mem[X,0x80023E96] -> 0x0050
[3961] [M]: 0x80023E94 (0x00500593) addi a1, zero, 5
x11 <- 0x00000005


mem[X,0x80023E98] -> 0x0113
mem[X,0x80023E9A] -> 0x0000
[3962] [M]: 0x80023E98 (0x00000113) addi sp, zero, 0
x2 <- 0x00000000


mem[X,0x80023E9C] -> 0x006F
mem[X,0x80023E9E] -> 0x00C0
[3963] [M]: 0x80023E9C (0x00C0006F) jal zero, 12


mem[X,0x80023EA8] -> 0x0063
mem[X,0x80023EAA] -> 0x08B5
[3964] [M]: 0x80023EA8 (0x08B50063) beq a0, a1, 128


mem[X,0x80023EAC] -> 0x0113
mem[X,0x80023EAE] -> 0x0021
[3965] [M]: 0x80023EAC (0x00210113) addi sp, sp, 2
x2 <- 0x00000002


mem[X,0x80023EB0] -> 0x006F
mem[X,0x80023EB2] -> 0x0800
[3966] [M]: 0x80023EB0 (0x0800006F) jal zero, 128


mem[X,0x80023F30] -> 0xAC23
mem[X,0x80023F32] -> 0x6220
[3967] [M]: 0x80023F30 (0x6220AC23) sw sp, 1592(ra)
mem[0x8003A7A0] <- 0x00000002


mem[X,0x80023F34] -> 0xB537
mem[X,0x80023F36] -> 0x0000
[3968] [M]: 0x80023F34 (0x0000B537) lui a0, 11
x10 <- 0x0000B000


mem[X,0x80023F38] -> 0x0513
mem[X,0x80023F3A] -> 0x5055
[3969] [M]: 0x80023F38 (0x50550513) addi a0, a0, 1285
x10 <- 0x0000B505


mem[X,0x80023F3C] -> 0x35B7
mem[X,0x80023F3E] -> 0x3333
[3970] [M]: 0x80023F3C (0x333335B7) lui a1, 209715
x11 <- 0x33333000


mem[X,0x80023F40] -> 0x8593
mem[X,0x80023F42] -> 0x3335
[3971] [M]: 0x80023F40 (0x33358593) addi a1, a1, 819
x11 <- 0x33333333


mem[X,0x80023F44] -> 0x0113
mem[X,0x80023F46] -> 0x0000
[3972] [M]: 0x80023F44 (0x00000113) addi sp, zero, 0
x2 <- 0x00000000


mem[X,0x80023F48] -> 0x006F
mem[X,0x80023F4A] -> 0x00C0
[3973] [M]: 0x80023F48 (0x00C0006F) jal zero, 12


mem[X,0x80023F54] -> 0x0CE3
mem[X,0x80023F56] -> 0xFEB5
[3974] [M]: 0x80023F54 (0xFEB50CE3) beq a0, a1, 8184


mem[X,0x80023F58] -> 0x0113
mem[X,0x80023F5A] -> 0x0021
[3975] [M]: 0x80023F58 (0x00210113) addi sp, sp, 2
x2 <- 0x00000002


mem[X,0x80023F5C] -> 0x006F
mem[X,0x80023F5E] -> 0x00C0
[3976] [M]: 0x80023F5C (0x00C0006F) jal zero, 12


mem[X,0x80023F68] -> 0xAE23
mem[X,0x80023F6A] -> 0x6220
[3977] [M]: 0x80023F68 (0x6220AE23) sw sp, 1596(ra)
mem[0x8003A7A4] <- 0x00000002


mem[X,0x80023F6C] -> 0xB537
mem[X,0x80023F6E] -> 0x0000
[3978] [M]: 0x80023F6C (0x0000B537) lui a0, 11
x10 <- 0x0000B000


mem[X,0x80023F70] -> 0x0513
mem[X,0x80023F72] -> 0x5055
[3979] [M]: 0x80023F70 (0x50550513) addi a0, a0, 1285
x10 <- 0x0000B505


mem[X,0x80023F74] -> 0x65B7
mem[X,0x80023F76] -> 0x6666
[3980] [M]: 0x80023F74 (0x666665B7) lui a1, 419430
x11 <- 0x66666000


mem[X,0x80023F78] -> 0x8593
mem[X,0x80023F7A] -> 0x6665
[3981] [M]: 0x80023F78 (0x66658593) addi a1, a1, 1638
x11 <- 0x66666666


mem[X,0x80023F7C] -> 0x0113
mem[X,0x80023F7E] -> 0x0000
[3982] [M]: 0x80023F7C (0x00000113) addi sp, zero, 0
x2 <- 0x00000000


mem[X,0x80023F80] -> 0x006F
mem[X,0x80023F82] -> 0x00C0
[3983] [M]: 0x80023F80 (0x00C0006F) jal zero, 12


mem[X,0x80023F8C] -> 0x0063
mem[X,0x80023F8E] -> 0x40B5
[3984] [M]: 0x80023F8C (0x40B50063) beq a0, a1, 1024


mem[X,0x80023F90] -> 0x0113
mem[X,0x80023F92] -> 0x0021
[3985] [M]: 0x80023F90 (0x00210113) addi sp, sp, 2
x2 <- 0x00000002


mem[X,0x80023F94] -> 0x006F
mem[X,0x80023F96] -> 0x4000
[3986] [M]: 0x80023F94 (0x4000006F) jal zero, 1024


mem[X,0x80024394] -> 0xA023
mem[X,0x80024396] -> 0x6420
[3987] [M]: 0x80024394 (0x6420A023) sw sp, 1600(ra)
mem[0x8003A7A8] <- 0x00000002


mem[X,0x80024398] -> 0xB537
mem[X,0x8002439A] -> 0x0000
[3988] [M]: 0x80024398 (0x0000B537) lui a0, 11
x10 <- 0x0000B000


mem[X,0x8002439C] -> 0x0513
mem[X,0x8002439E] -> 0x5055
[3989] [M]: 0x8002439C (0x50550513) addi a0, a0, 1285
x10 <- 0x0000B505


mem[X,0x800243A0] -> 0x55B7
mem[X,0x800243A2] -> 0xFFFF
[3990] [M]: 0x800243A0 (0xFFFF55B7) lui a1, 1048565
x11 <- 0xFFFF5000


mem[X,0x800243A4] -> 0x8593
mem[X,0x800243A6] -> 0xAFC5
[3991] [M]: 0x800243A4 (0xAFC58593) addi a1, a1, 2812
x11 <- 0xFFFF4AFC


mem[X,0x800243A8] -> 0x0113
mem[X,0x800243AA] -> 0x0000
[3992] [M]: 0x800243A8 (0x00000113) addi sp, zero, 0
x2 <- 0x00000000


mem[X,0x800243AC] -> 0x006F
mem[X,0x800243AE] -> 0x00C0
[3993] [M]: 0x800243AC (0x00C0006F) jal zero, 12


mem[X,0x800243B8] -> 0x0863
mem[X,0x800243BA] -> 0x00B5
[3994] [M]: 0x800243B8 (0x00B50863) beq a0, a1, 16


mem[X,0x800243BC] -> 0x0113
mem[X,0x800243BE] -> 0x0021
[3995] [M]: 0x800243BC (0x00210113) addi sp, sp, 2
x2 <- 0x00000002


mem[X,0x800243C0] -> 0x006F
mem[X,0x800243C2] -> 0x0100
[3996] [M]: 0x800243C0 (0x0100006F) jal zero, 16


mem[X,0x800243D0] -> 0xA223
mem[X,0x800243D2] -> 0x6420
[3997] [M]: 0x800243D0 (0x6420A223) sw sp, 1604(ra)
mem[0x8003A7AC] <- 0x00000002


mem[X,0x800243D4] -> 0xB537
mem[X,0x800243D6] -> 0x0000
[3998] [M]: 0x800243D4 (0x0000B537) lui a0, 11
x10 <- 0x0000B000


mem[X,0x800243D8] -> 0x0513
mem[X,0x800243DA] -> 0x5055
[3999] [M]: 0x800243D8 (0x50550513) addi a0, a0, 1285
x10 <- 0x0000B505


clint::tick mtime <- 0x0000000000000028
 clint timer pending at mtime 0x0000000000000028
htif::tick 0x0000000000000000
mem[X,0x800243DC] -> 0xB5B7
mem[X,0x800243DE] -> 0x0000
[4000] [M]: 0x800243DC (0x0000B5B7) lui a1, 11
x11 <- 0x0000B000


mem[X,0x800243E0] -> 0x8593
mem[X,0x800243E2] -> 0x5045
[4001] [M]: 0x800243E0 (0x50458593) addi a1, a1, 1284
x11 <- 0x0000B504


mem[X,0x800243E4] -> 0x0113
mem[X,0x800243E6] -> 0x0000
[4002] [M]: 0x800243E4 (0x00000113) addi sp, zero, 0
x2 <- 0x00000000


mem[X,0x800243E8] -> 0x006F
mem[X,0x800243EA] -> 0x0180
[4003] [M]: 0x800243E8 (0x0180006F) jal zero, 24


mem[X,0x80024400] -> 0x06E3
mem[X,0x80024402] -> 0xFEB5
[4004] [M]: 0x80024400 (0xFEB506E3) beq a0, a1, 8172


mem[X,0x80024404] -> 0x0113
mem[X,0x80024406] -> 0x0021
[4005] [M]: 0x80024404 (0x00210113) addi sp, sp, 2
x2 <- 0x00000002


mem[X,0x80024408] -> 0x006F
mem[X,0x8002440A] -> 0x00C0
[4006] [M]: 0x80024408 (0x00C0006F) jal zero, 12


mem[X,0x80024414] -> 0xA423
mem[X,0x80024416] -> 0x6420
[4007] [M]: 0x80024414 (0x6420A423) sw sp, 1608(ra)
mem[0x8003A7B0] <- 0x00000002


mem[X,0x80024418] -> 0xB537
mem[X,0x8002441A] -> 0x0000
[4008] [M]: 0x80024418 (0x0000B537) lui a0, 11
x10 <- 0x0000B000


mem[X,0x8002441C] -> 0x0513
mem[X,0x8002441E] -> 0x5055
[4009] [M]: 0x8002441C (0x50550513) addi a0, a0, 1285
x10 <- 0x0000B505


mem[X,0x80024420] -> 0x0593
mem[X,0x80024422] -> 0x0020
[4010] [M]: 0x80024420 (0x00200593) addi a1, zero, 2
x11 <- 0x00000002


mem[X,0x80024424] -> 0x0113
mem[X,0x80024426] -> 0x0000
[4011] [M]: 0x80024424 (0x00000113) addi sp, zero, 0
x2 <- 0x00000000


mem[X,0x80024428] -> 0x006F
mem[X,0x8002442A] -> 0x00C0
[4012] [M]: 0x80024428 (0x00C0006F) jal zero, 12


mem[X,0x80024434] -> 0x0CE3
mem[X,0x80024436] -> 0xFEB5
[4013] [M]: 0x80024434 (0xFEB50CE3) beq a0, a1, 8184


mem[X,0x80024438] -> 0x0113
mem[X,0x8002443A] -> 0x0021
[4014] [M]: 0x80024438 (0x00210113) addi sp, sp, 2
x2 <- 0x00000002


mem[X,0x8002443C] -> 0x006F
mem[X,0x8002443E] -> 0x00C0
[4015] [M]: 0x8002443C (0x00C0006F) jal zero, 12


mem[X,0x80024448] -> 0xA623
mem[X,0x8002444A] -> 0x6420
[4016] [M]: 0x80024448 (0x6420A623) sw sp, 1612(ra)
mem[0x8003A7B4] <- 0x00000002


mem[X,0x8002444C] -> 0xB537
mem[X,0x8002444E] -> 0x0000
[4017] [M]: 0x8002444C (0x0000B537) lui a0, 11
x10 <- 0x0000B000


mem[X,0x80024450] -> 0x0513
mem[X,0x80024452] -> 0x5055
[4018] [M]: 0x80024450 (0x50550513) addi a0, a0, 1285
x10 <- 0x0000B505


mem[X,0x80024454] -> 0x55B7
mem[X,0x80024456] -> 0x5555
[4019] [M]: 0x80024454 (0x555555B7) lui a1, 349525
x11 <- 0x55555000


mem[X,0x80024458] -> 0x8593
mem[X,0x8002445A] -> 0x5545
[4020] [M]: 0x80024458 (0x55458593) addi a1, a1, 1364
x11 <- 0x55555554


mem[X,0x8002445C] -> 0x0113
mem[X,0x8002445E] -> 0x0000
[4021] [M]: 0x8002445C (0x00000113) addi sp, zero, 0
x2 <- 0x00000000


mem[X,0x80024460] -> 0x006F
mem[X,0x80024462] -> 0x00C0
[4022] [M]: 0x80024460 (0x00C0006F) jal zero, 12


mem[X,0x8002446C] -> 0x0663
mem[X,0x8002446E] -> 0x00B5
[4023] [M]: 0x8002446C (0x00B50663) beq a0, a1, 12


mem[X,0x80024470] -> 0x0113
mem[X,0x80024472] -> 0x0021
[4024] [M]: 0x80024470 (0x00210113) addi sp, sp, 2
x2 <- 0x00000002


mem[X,0x80024474] -> 0x006F
mem[X,0x80024476] -> 0x00C0
[4025] [M]: 0x80024474 (0x00C0006F) jal zero, 12


mem[X,0x80024480] -> 0xA823
mem[X,0x80024482] -> 0x6420
[4026] [M]: 0x80024480 (0x6420A823) sw sp, 1616(ra)
mem[0x8003A7B8] <- 0x00000002


mem[X,0x80024484] -> 0xB537
mem[X,0x80024486] -> 0x0000
[4027] [M]: 0x80024484 (0x0000B537) lui a0, 11
x10 <- 0x0000B000


mem[X,0x80024488] -> 0x0513
mem[X,0x8002448A] -> 0x5055
[4028] [M]: 0x80024488 (0x50550513) addi a0, a0, 1285
x10 <- 0x0000B505


mem[X,0x8002448C] -> 0x0593
mem[X,0x8002448E] -> 0x0000
[4029] [M]: 0x8002448C (0x00000593) addi a1, zero, 0
x11 <- 0x00000000


mem[X,0x80024490] -> 0x0113
mem[X,0x80024492] -> 0x0000
[4030] [M]: 0x80024490 (0x00000113) addi sp, zero, 0
x2 <- 0x00000000


mem[X,0x80024494] -> 0x006F
mem[X,0x80024496] -> 0x00C0
[4031] [M]: 0x80024494 (0x00C0006F) jal zero, 12


mem[X,0x800244A0] -> 0x0663
mem[X,0x800244A2] -> 0x00B5
[4032] [M]: 0x800244A0 (0x00B50663) beq a0, a1, 12


mem[X,0x800244A4] -> 0x0113
mem[X,0x800244A6] -> 0x0021
[4033] [M]: 0x800244A4 (0x00210113) addi sp, sp, 2
x2 <- 0x00000002


mem[X,0x800244A8] -> 0x006F
mem[X,0x800244AA] -> 0x00C0
[4034] [M]: 0x800244A8 (0x00C0006F) jal zero, 12


mem[X,0x800244B4] -> 0xAA23
mem[X,0x800244B6] -> 0x6420
[4035] [M]: 0x800244B4 (0x6420AA23) sw sp, 1620(ra)
mem[0x8003A7BC] <- 0x00000002


mem[X,0x800244B8] -> 0xB537
mem[X,0x800244BA] -> 0x0000
[4036] [M]: 0x800244B8 (0x0000B537) lui a0, 11
x10 <- 0x0000B000


mem[X,0x800244BC] -> 0x0513
mem[X,0x800244BE] -> 0x5055
[4037] [M]: 0x800244BC (0x50550513) addi a0, a0, 1285
x10 <- 0x0000B505


mem[X,0x800244C0] -> 0x0593
mem[X,0x800244C2] -> 0x0040
[4038] [M]: 0x800244C0 (0x00400593) addi a1, zero, 4
x11 <- 0x00000004


mem[X,0x800244C4] -> 0x0113
mem[X,0x800244C6] -> 0x0000
[4039] [M]: 0x800244C4 (0x00000113) addi sp, zero, 0
x2 <- 0x00000000


mem[X,0x800244C8] -> 0x006F
mem[X,0x800244CA] -> 0x00C0
[4040] [M]: 0x800244C8 (0x00C0006F) jal zero, 12


mem[X,0x800244D4] -> 0x0663
mem[X,0x800244D6] -> 0x00B5
[4041] [M]: 0x800244D4 (0x00B50663) beq a0, a1, 12


mem[X,0x800244D8] -> 0x0113
mem[X,0x800244DA] -> 0x0021
[4042] [M]: 0x800244D8 (0x00210113) addi sp, sp, 2
x2 <- 0x00000002


mem[X,0x800244DC] -> 0x006F
mem[X,0x800244DE] -> 0x00C0
[4043] [M]: 0x800244DC (0x00C0006F) jal zero, 12


mem[X,0x800244E8] -> 0xAC23
mem[X,0x800244EA] -> 0x6420
[4044] [M]: 0x800244E8 (0x6420AC23) sw sp, 1624(ra)
mem[0x8003A7C0] <- 0x00000002


mem[X,0x800244EC] -> 0xB537
mem[X,0x800244EE] -> 0x0000
[4045] [M]: 0x800244EC (0x0000B537) lui a0, 11
x10 <- 0x0000B000


mem[X,0x800244F0] -> 0x0513
mem[X,0x800244F2] -> 0x5055
[4046] [M]: 0x800244F0 (0x50550513) addi a0, a0, 1285
x10 <- 0x0000B505


mem[X,0x800244F4] -> 0x35B7
mem[X,0x800244F6] -> 0x3333
[4047] [M]: 0x800244F4 (0x333335B7) lui a1, 209715
x11 <- 0x33333000


mem[X,0x800244F8] -> 0x8593
mem[X,0x800244FA] -> 0x3325
[4048] [M]: 0x800244F8 (0x33258593) addi a1, a1, 818
x11 <- 0x33333332


mem[X,0x800244FC] -> 0x0113
mem[X,0x800244FE] -> 0x0000
[4049] [M]: 0x800244FC (0x00000113) addi sp, zero, 0
x2 <- 0x00000000


mem[X,0x80024500] -> 0x006F
mem[X,0x80024502] -> 0x0140
[4050] [M]: 0x80024500 (0x0140006F) jal zero, 20


mem[X,0x80024514] -> 0x08E3
mem[X,0x80024516] -> 0xFEB5
[4051] [M]: 0x80024514 (0xFEB508E3) beq a0, a1, 8176


mem[X,0x80024518] -> 0x0113
mem[X,0x8002451A] -> 0x0021
[4052] [M]: 0x80024518 (0x00210113) addi sp, sp, 2
x2 <- 0x00000002


mem[X,0x8002451C] -> 0x006F
mem[X,0x8002451E] -> 0x00C0
[4053] [M]: 0x8002451C (0x00C0006F) jal zero, 12


mem[X,0x80024528] -> 0xAE23
mem[X,0x8002452A] -> 0x6420
[4054] [M]: 0x80024528 (0x6420AE23) sw sp, 1628(ra)
mem[0x8003A7C4] <- 0x00000002


mem[X,0x8002452C] -> 0xB537
mem[X,0x8002452E] -> 0x0000
[4055] [M]: 0x8002452C (0x0000B537) lui a0, 11
x10 <- 0x0000B000


mem[X,0x80024530] -> 0x0513
mem[X,0x80024532] -> 0x5055
[4056] [M]: 0x80024530 (0x50550513) addi a0, a0, 1285
x10 <- 0x0000B505


mem[X,0x80024534] -> 0x65B7
mem[X,0x80024536] -> 0x6666
[4057] [M]: 0x80024534 (0x666665B7) lui a1, 419430
x11 <- 0x66666000


mem[X,0x80024538] -> 0x8593
mem[X,0x8002453A] -> 0x6655
[4058] [M]: 0x80024538 (0x66558593) addi a1, a1, 1637
x11 <- 0x66666665


mem[X,0x8002453C] -> 0x0113
mem[X,0x8002453E] -> 0x0000
[4059] [M]: 0x8002453C (0x00000113) addi sp, zero, 0
x2 <- 0x00000000


mem[X,0x80024540] -> 0x006F
mem[X,0x80024542] -> 0x2B10
[4060] [M]: 0x80024540 (0x2B10006F) jal zero, 2736


mem[X,0x80024FF0] -> 0x0A63
mem[X,0x80024FF2] -> 0xD4B5
[4061] [M]: 0x80024FF0 (0xD4B50A63) beq a0, a1, 5460


mem[X,0x80024FF4] -> 0x0113
mem[X,0x80024FF6] -> 0x0021
[4062] [M]: 0x80024FF4 (0x00210113) addi sp, sp, 2
x2 <- 0x00000002


mem[X,0x80024FF8] -> 0x006F
mem[X,0x80024FFA] -> 0x00C0
[4063] [M]: 0x80024FF8 (0x00C0006F) jal zero, 12


mem[X,0x80025004] -> 0xA023
mem[X,0x80025006] -> 0x6620
[4064] [M]: 0x80025004 (0x6620A023) sw sp, 1632(ra)
mem[0x8003A7C8] <- 0x00000002


mem[X,0x80025008] -> 0xB537
mem[X,0x8002500A] -> 0x0000
[4065] [M]: 0x80025008 (0x0000B537) lui a0, 11
x10 <- 0x0000B000


mem[X,0x8002500C] -> 0x0513
mem[X,0x8002500E] -> 0x5055
[4066] [M]: 0x8002500C (0x50550513) addi a0, a0, 1285
x10 <- 0x0000B505


mem[X,0x80025010] -> 0xB5B7
mem[X,0x80025012] -> 0x0000
[4067] [M]: 0x80025010 (0x0000B5B7) lui a1, 11
x11 <- 0x0000B000


mem[X,0x80025014] -> 0x8593
mem[X,0x80025016] -> 0x5035
[4068] [M]: 0x80025014 (0x50358593) addi a1, a1, 1283
x11 <- 0x0000B503


mem[X,0x80025018] -> 0x0113
mem[X,0x8002501A] -> 0x0000
[4069] [M]: 0x80025018 (0x00000113) addi sp, zero, 0
x2 <- 0x00000000


mem[X,0x8002501C] -> 0x006F
mem[X,0x8002501E] -> 0x00C0
[4070] [M]: 0x8002501C (0x00C0006F) jal zero, 12


mem[X,0x80025028] -> 0x0663
mem[X,0x8002502A] -> 0x00B5
[4071] [M]: 0x80025028 (0x00B50663) beq a0, a1, 12


mem[X,0x8002502C] -> 0x0113
mem[X,0x8002502E] -> 0x0021
[4072] [M]: 0x8002502C (0x00210113) addi sp, sp, 2
x2 <- 0x00000002


mem[X,0x80025030] -> 0x006F
mem[X,0x80025032] -> 0x00C0
[4073] [M]: 0x80025030 (0x00C0006F) jal zero, 12


mem[X,0x8002503C] -> 0xA223
mem[X,0x8002503E] -> 0x6620
[4074] [M]: 0x8002503C (0x6620A223) sw sp, 1636(ra)
mem[0x8003A7CC] <- 0x00000002


mem[X,0x80025040] -> 0xB537
mem[X,0x80025042] -> 0x0000
[4075] [M]: 0x80025040 (0x0000B537) lui a0, 11
x10 <- 0x0000B000


mem[X,0x80025044] -> 0x0513
mem[X,0x80025046] -> 0x5055
[4076] [M]: 0x80025044 (0x50550513) addi a0, a0, 1285
x10 <- 0x0000B505


mem[X,0x80025048] -> 0x55B7
mem[X,0x8002504A] -> 0x5555
[4077] [M]: 0x80025048 (0x555555B7) lui a1, 349525
x11 <- 0x55555000


mem[X,0x8002504C] -> 0x8593
mem[X,0x8002504E] -> 0x5565
[4078] [M]: 0x8002504C (0x55658593) addi a1, a1, 1366
x11 <- 0x55555556


mem[X,0x80025050] -> 0x0113
mem[X,0x80025052] -> 0x0000
[4079] [M]: 0x80025050 (0x00000113) addi sp, zero, 0
x2 <- 0x00000000


mem[X,0x80025054] -> 0x006F
mem[X,0x80025056] -> 0x00C0
[4080] [M]: 0x80025054 (0x00C0006F) jal zero, 12


mem[X,0x80025060] -> 0x0063
mem[X,0x80025062] -> 0x20B5
[4081] [M]: 0x80025060 (0x20B50063) beq a0, a1, 512


mem[X,0x80025064] -> 0x0113
mem[X,0x80025066] -> 0x0021
[4082] [M]: 0x80025064 (0x00210113) addi sp, sp, 2
x2 <- 0x00000002


mem[X,0x80025068] -> 0x006F
mem[X,0x8002506A] -> 0x2000
[4083] [M]: 0x80025068 (0x2000006F) jal zero, 512


mem[X,0x80025268] -> 0xA423
mem[X,0x8002526A] -> 0x6620
[4084] [M]: 0x80025268 (0x6620A423) sw sp, 1640(ra)
mem[0x8003A7D0] <- 0x00000002


mem[X,0x8002526C] -> 0xB537
mem[X,0x8002526E] -> 0x0000
[4085] [M]: 0x8002526C (0x0000B537) lui a0, 11
x10 <- 0x0000B000


mem[X,0x80025270] -> 0x0513
mem[X,0x80025272] -> 0x5055
[4086] [M]: 0x80025270 (0x50550513) addi a0, a0, 1285
x10 <- 0x0000B505


mem[X,0x80025274] -> 0xB5B7
mem[X,0x80025276] -> 0xAAAA
[4087] [M]: 0x80025274 (0xAAAAB5B7) lui a1, 699051
x11 <- 0xAAAAB000


mem[X,0x80025278] -> 0x8593
mem[X,0x8002527A] -> 0xAAB5
[4088] [M]: 0x80025278 (0xAAB58593) addi a1, a1, 2731
x11 <- 0xAAAAAAAB


mem[X,0x8002527C] -> 0x0113
mem[X,0x8002527E] -> 0x0000
[4089] [M]: 0x8002527C (0x00000113) addi sp, zero, 0
x2 <- 0x00000000


mem[X,0x80025280] -> 0x006F
mem[X,0x80025282] -> 0x00C0
[4090] [M]: 0x80025280 (0x00C0006F) jal zero, 12


mem[X,0x8002528C] -> 0x0863
mem[X,0x8002528E] -> 0x00B5
[4091] [M]: 0x8002528C (0x00B50863) beq a0, a1, 16


mem[X,0x80025290] -> 0x0113
mem[X,0x80025292] -> 0x0021
[4092] [M]: 0x80025290 (0x00210113) addi sp, sp, 2
x2 <- 0x00000002


mem[X,0x80025294] -> 0x006F
mem[X,0x80025296] -> 0x0100
[4093] [M]: 0x80025294 (0x0100006F) jal zero, 16


mem[X,0x800252A4] -> 0xA623
mem[X,0x800252A6] -> 0x6620
[4094] [M]: 0x800252A4 (0x6620A623) sw sp, 1644(ra)
mem[0x8003A7D4] <- 0x00000002


mem[X,0x800252A8] -> 0xB537
mem[X,0x800252AA] -> 0x0000
[4095] [M]: 0x800252A8 (0x0000B537) lui a0, 11
x10 <- 0x0000B000


mem[X,0x800252AC] -> 0x0513
mem[X,0x800252AE] -> 0x5055
[4096] [M]: 0x800252AC (0x50550513) addi a0, a0, 1285
x10 <- 0x0000B505


mem[X,0x800252B0] -> 0x0593
mem[X,0x800252B2] -> 0x0060
[4097] [M]: 0x800252B0 (0x00600593) addi a1, zero, 6
x11 <- 0x00000006


mem[X,0x800252B4] -> 0x0113
mem[X,0x800252B6] -> 0x0000
[4098] [M]: 0x800252B4 (0x00000113) addi sp, zero, 0
x2 <- 0x00000000


mem[X,0x800252B8] -> 0x006F
mem[X,0x800252BA] -> 0x00C0
[4099] [M]: 0x800252B8 (0x00C0006F) jal zero, 12


clint::tick mtime <- 0x0000000000000029
 clint timer pending at mtime 0x0000000000000029
htif::tick 0x0000000000000000
mem[X,0x800252C4] -> 0x0663
mem[X,0x800252C6] -> 0x00B5
[4100] [M]: 0x800252C4 (0x00B50663) beq a0, a1, 12


mem[X,0x800252C8] -> 0x0113
mem[X,0x800252CA] -> 0x0021
[4101] [M]: 0x800252C8 (0x00210113) addi sp, sp, 2
x2 <- 0x00000002


mem[X,0x800252CC] -> 0x006F
mem[X,0x800252CE] -> 0x00C0
[4102] [M]: 0x800252CC (0x00C0006F) jal zero, 12


mem[X,0x800252D8] -> 0xA823
mem[X,0x800252DA] -> 0x6620
[4103] [M]: 0x800252D8 (0x6620A823) sw sp, 1648(ra)
mem[0x8003A7D8] <- 0x00000002


mem[X,0x800252DC] -> 0xB537
mem[X,0x800252DE] -> 0x0000
[4104] [M]: 0x800252DC (0x0000B537) lui a0, 11
x10 <- 0x0000B000


mem[X,0x800252E0] -> 0x0513
mem[X,0x800252E2] -> 0x5055
[4105] [M]: 0x800252E0 (0x50550513) addi a0, a0, 1285
x10 <- 0x0000B505


mem[X,0x800252E4] -> 0x35B7
mem[X,0x800252E6] -> 0x3333
[4106] [M]: 0x800252E4 (0x333335B7) lui a1, 209715
x11 <- 0x33333000


mem[X,0x800252E8] -> 0x8593
mem[X,0x800252EA] -> 0x3345
[4107] [M]: 0x800252E8 (0x33458593) addi a1, a1, 820
x11 <- 0x33333334


mem[X,0x800252EC] -> 0x0113
mem[X,0x800252EE] -> 0x0000
[4108] [M]: 0x800252EC (0x00000113) addi sp, zero, 0
x2 <- 0x00000000


mem[X,0x800252F0] -> 0x006F
mem[X,0x800252F2] -> 0x00C0
[4109] [M]: 0x800252F0 (0x00C0006F) jal zero, 12


mem[X,0x800252FC] -> 0x0663
mem[X,0x800252FE] -> 0x00B5
[4110] [M]: 0x800252FC (0x00B50663) beq a0, a1, 12


mem[X,0x80025300] -> 0x0113
mem[X,0x80025302] -> 0x0021
[4111] [M]: 0x80025300 (0x00210113) addi sp, sp, 2
x2 <- 0x00000002


mem[X,0x80025304] -> 0x006F
mem[X,0x80025306] -> 0x00C0
[4112] [M]: 0x80025304 (0x00C0006F) jal zero, 12


mem[X,0x80025310] -> 0xAA23
mem[X,0x80025312] -> 0x6620
[4113] [M]: 0x80025310 (0x6620AA23) sw sp, 1652(ra)
mem[0x8003A7DC] <- 0x00000002


mem[X,0x80025314] -> 0xB537
mem[X,0x80025316] -> 0x0000
[4114] [M]: 0x80025314 (0x0000B537) lui a0, 11
x10 <- 0x0000B000


mem[X,0x80025318] -> 0x0513
mem[X,0x8002531A] -> 0x5055
[4115] [M]: 0x80025318 (0x50550513) addi a0, a0, 1285
x10 <- 0x0000B505


mem[X,0x8002531C] -> 0x65B7
mem[X,0x8002531E] -> 0x6666
[4116] [M]: 0x8002531C (0x666665B7) lui a1, 419430
x11 <- 0x66666000


mem[X,0x80025320] -> 0x8593
mem[X,0x80025322] -> 0x6675
[4117] [M]: 0x80025320 (0x66758593) addi a1, a1, 1639
x11 <- 0x66666667


mem[X,0x80025324] -> 0x0113
mem[X,0x80025326] -> 0x0000
[4118] [M]: 0x80025324 (0x00000113) addi sp, zero, 0
x2 <- 0x00000000


mem[X,0x80025328] -> 0x006F
mem[X,0x8002532A] -> 0x00C0
[4119] [M]: 0x80025328 (0x00C0006F) jal zero, 12


mem[X,0x80025334] -> 0x0663
mem[X,0x80025336] -> 0x00B5
[4120] [M]: 0x80025334 (0x00B50663) beq a0, a1, 12


mem[X,0x80025338] -> 0x0113
mem[X,0x8002533A] -> 0x0021
[4121] [M]: 0x80025338 (0x00210113) addi sp, sp, 2
x2 <- 0x00000002


mem[X,0x8002533C] -> 0x006F
mem[X,0x8002533E] -> 0x00C0
[4122] [M]: 0x8002533C (0x00C0006F) jal zero, 12


mem[X,0x80025348] -> 0xAC23
mem[X,0x8002534A] -> 0x6620
[4123] [M]: 0x80025348 (0x6620AC23) sw sp, 1656(ra)
mem[0x8003A7E0] <- 0x00000002


mem[X,0x8002534C] -> 0xB537
mem[X,0x8002534E] -> 0x0000
[4124] [M]: 0x8002534C (0x0000B537) lui a0, 11
x10 <- 0x0000B000


mem[X,0x80025350] -> 0x0513
mem[X,0x80025352] -> 0x5055
[4125] [M]: 0x80025350 (0x50550513) addi a0, a0, 1285
x10 <- 0x0000B505


mem[X,0x80025354] -> 0x55B7
mem[X,0x80025356] -> 0xFFFF
[4126] [M]: 0x80025354 (0xFFFF55B7) lui a1, 1048565
x11 <- 0xFFFF5000


mem[X,0x80025358] -> 0x8593
mem[X,0x8002535A] -> 0xAFD5
[4127] [M]: 0x80025358 (0xAFD58593) addi a1, a1, 2813
x11 <- 0xFFFF4AFD


mem[X,0x8002535C] -> 0x0113
mem[X,0x8002535E] -> 0x0000
[4128] [M]: 0x8002535C (0x00000113) addi sp, zero, 0
x2 <- 0x00000000


mem[X,0x80025360] -> 0x006F
mem[X,0x80025362] -> 0x00C0
[4129] [M]: 0x80025360 (0x00C0006F) jal zero, 12


mem[X,0x8002536C] -> 0x0063
mem[X,0x8002536E] -> 0x10B5
[4130] [M]: 0x8002536C (0x10B50063) beq a0, a1, 256


mem[X,0x80025370] -> 0x0113
mem[X,0x80025372] -> 0x0021
[4131] [M]: 0x80025370 (0x00210113) addi sp, sp, 2
x2 <- 0x00000002


mem[X,0x80025374] -> 0x006F
mem[X,0x80025376] -> 0x1000
[4132] [M]: 0x80025374 (0x1000006F) jal zero, 256


mem[X,0x80025474] -> 0xAE23
mem[X,0x80025476] -> 0x6620
[4133] [M]: 0x80025474 (0x6620AE23) sw sp, 1660(ra)
mem[0x8003A7E4] <- 0x00000002


mem[X,0x80025478] -> 0xB537
mem[X,0x8002547A] -> 0x0000
[4134] [M]: 0x80025478 (0x0000B537) lui a0, 11
x10 <- 0x0000B000


mem[X,0x8002547C] -> 0x0513
mem[X,0x8002547E] -> 0x5055
[4135] [M]: 0x8002547C (0x50550513) addi a0, a0, 1285
x10 <- 0x0000B505


mem[X,0x80025480] -> 0xB5B7
mem[X,0x80025482] -> 0x0000
[4136] [M]: 0x80025480 (0x0000B5B7) lui a1, 11
x11 <- 0x0000B000


mem[X,0x80025484] -> 0x8593
mem[X,0x80025486] -> 0x5055
[4137] [M]: 0x80025484 (0x50558593) addi a1, a1, 1285
x11 <- 0x0000B505


mem[X,0x80025488] -> 0x0113
mem[X,0x8002548A] -> 0x0000
[4138] [M]: 0x80025488 (0x00000113) addi sp, zero, 0
x2 <- 0x00000000


mem[X,0x8002548C] -> 0x006F
mem[X,0x8002548E] -> 0x00C0
[4139] [M]: 0x8002548C (0x00C0006F) jal zero, 12


mem[X,0x80025498] -> 0x0663
mem[X,0x8002549A] -> 0x00B5
[4140] [M]: 0x80025498 (0x00B50663) beq a0, a1, 12


mem[X,0x800254A4] -> 0x0113
mem[X,0x800254A6] -> 0x0031
[4141] [M]: 0x800254A4 (0x00310113) addi sp, sp, 3
x2 <- 0x00000003


mem[X,0x800254A8] -> 0x006F
mem[X,0x800254AA] -> 0x0040
[4142] [M]: 0x800254A8 (0x0040006F) jal zero, 4


mem[X,0x800254AC] -> 0xA023
mem[X,0x800254AE] -> 0x6820
[4143] [M]: 0x800254AC (0x6820A023) sw sp, 1664(ra)
mem[0x8003A7E8] <- 0x00000003


mem[X,0x800254B0] -> 0x0513
mem[X,0x800254B2] -> 0x0000
[4144] [M]: 0x800254B0 (0x00000513) addi a0, zero, 0
x10 <- 0x00000000


mem[X,0x800254B4] -> 0x0593
mem[X,0x800254B6] -> 0x0020
[4145] [M]: 0x800254B4 (0x00200593) addi a1, zero, 2
x11 <- 0x00000002


mem[X,0x800254B8] -> 0x0113
mem[X,0x800254BA] -> 0x0000
[4146] [M]: 0x800254B8 (0x00000113) addi sp, zero, 0
x2 <- 0x00000000


mem[X,0x800254BC] -> 0x006F
mem[X,0x800254BE] -> 0x00C0
[4147] [M]: 0x800254BC (0x00C0006F) jal zero, 12


mem[X,0x800254C8] -> 0x0063
mem[X,0x800254CA] -> 0x40B5
[4148] [M]: 0x800254C8 (0x40B50063) beq a0, a1, 1024


mem[X,0x800254CC] -> 0x0113
mem[X,0x800254CE] -> 0x0021
[4149] [M]: 0x800254CC (0x00210113) addi sp, sp, 2
x2 <- 0x00000002


mem[X,0x800254D0] -> 0x006F
mem[X,0x800254D2] -> 0x4000
[4150] [M]: 0x800254D0 (0x4000006F) jal zero, 1024


mem[X,0x800258D0] -> 0xA223
mem[X,0x800258D2] -> 0x6820
[4151] [M]: 0x800258D0 (0x6820A223) sw sp, 1668(ra)
mem[0x8003A7EC] <- 0x00000002


mem[X,0x800258D4] -> 0x0513
mem[X,0x800258D6] -> 0x0000
[4152] [M]: 0x800258D4 (0x00000513) addi a0, zero, 0
x10 <- 0x00000000


mem[X,0x800258D8] -> 0x55B7
mem[X,0x800258DA] -> 0x5555
[4153] [M]: 0x800258D8 (0x555555B7) lui a1, 349525
x11 <- 0x55555000


mem[X,0x800258DC] -> 0x8593
mem[X,0x800258DE] -> 0x5545
[4154] [M]: 0x800258DC (0x55458593) addi a1, a1, 1364
x11 <- 0x55555554


mem[X,0x800258E0] -> 0x0113
mem[X,0x800258E2] -> 0x0000
[4155] [M]: 0x800258E0 (0x00000113) addi sp, zero, 0
x2 <- 0x00000000


mem[X,0x800258E4] -> 0x006F
mem[X,0x800258E6] -> 0x00C0
[4156] [M]: 0x800258E4 (0x00C0006F) jal zero, 12


mem[X,0x800258F0] -> 0x0663
mem[X,0x800258F2] -> 0x00B5
[4157] [M]: 0x800258F0 (0x00B50663) beq a0, a1, 12


mem[X,0x800258F4] -> 0x0113
mem[X,0x800258F6] -> 0x0021
[4158] [M]: 0x800258F4 (0x00210113) addi sp, sp, 2
x2 <- 0x00000002


mem[X,0x800258F8] -> 0x006F
mem[X,0x800258FA] -> 0x00C0
[4159] [M]: 0x800258F8 (0x00C0006F) jal zero, 12


mem[X,0x80025904] -> 0xA423
mem[X,0x80025906] -> 0x6820
[4160] [M]: 0x80025904 (0x6820A423) sw sp, 1672(ra)
mem[0x8003A7F0] <- 0x00000002


mem[X,0x80025908] -> 0x0513
mem[X,0x8002590A] -> 0x0000
[4161] [M]: 0x80025908 (0x00000513) addi a0, zero, 0
x10 <- 0x00000000


mem[X,0x8002590C] -> 0x0593
mem[X,0x8002590E] -> 0x0000
[4162] [M]: 0x8002590C (0x00000593) addi a1, zero, 0
x11 <- 0x00000000


mem[X,0x80025910] -> 0x0113
mem[X,0x80025912] -> 0x0000
[4163] [M]: 0x80025910 (0x00000113) addi sp, zero, 0
x2 <- 0x00000000


mem[X,0x80025914] -> 0x006F
mem[X,0x80025916] -> 0x00C0
[4164] [M]: 0x80025914 (0x00C0006F) jal zero, 12


mem[X,0x80025920] -> 0x0063
mem[X,0x80025922] -> 0x40B5
[4165] [M]: 0x80025920 (0x40B50063) beq a0, a1, 1024


mem[X,0x80025D20] -> 0x0113
mem[X,0x80025D22] -> 0x0031
[4166] [M]: 0x80025D20 (0x00310113) addi sp, sp, 3
x2 <- 0x00000003


mem[X,0x80025D24] -> 0x006F
mem[X,0x80025D26] -> 0x0040
[4167] [M]: 0x80025D24 (0x0040006F) jal zero, 4


mem[X,0x80025D28] -> 0xA623
mem[X,0x80025D2A] -> 0x6820
[4168] [M]: 0x80025D28 (0x6820A623) sw sp, 1676(ra)
mem[0x8003A7F4] <- 0x00000003


mem[X,0x80025D2C] -> 0x0513
mem[X,0x80025D2E] -> 0x0000
[4169] [M]: 0x80025D2C (0x00000513) addi a0, zero, 0
x10 <- 0x00000000


mem[X,0x80025D30] -> 0x0593
mem[X,0x80025D32] -> 0x0040
[4170] [M]: 0x80025D30 (0x00400593) addi a1, zero, 4
x11 <- 0x00000004


mem[X,0x80025D34] -> 0x0113
mem[X,0x80025D36] -> 0x0000
[4171] [M]: 0x80025D34 (0x00000113) addi sp, zero, 0
x2 <- 0x00000000


mem[X,0x80025D38] -> 0x006F
mem[X,0x80025D3A] -> 0x2B10
[4172] [M]: 0x80025D38 (0x2B10006F) jal zero, 2736


mem[X,0x800267E8] -> 0x0A63
mem[X,0x800267EA] -> 0xD4B5
[4173] [M]: 0x800267E8 (0xD4B50A63) beq a0, a1, 5460


mem[X,0x800267EC] -> 0x0113
mem[X,0x800267EE] -> 0x0021
[4174] [M]: 0x800267EC (0x00210113) addi sp, sp, 2
x2 <- 0x00000002


mem[X,0x800267F0] -> 0x006F
mem[X,0x800267F2] -> 0x00C0
[4175] [M]: 0x800267F0 (0x00C0006F) jal zero, 12


mem[X,0x800267FC] -> 0xA823
mem[X,0x800267FE] -> 0x6820
[4176] [M]: 0x800267FC (0x6820A823) sw sp, 1680(ra)
mem[0x8003A7F8] <- 0x00000002


mem[X,0x80026800] -> 0x0513
mem[X,0x80026802] -> 0x0000
[4177] [M]: 0x80026800 (0x00000513) addi a0, zero, 0
x10 <- 0x00000000


mem[X,0x80026804] -> 0x35B7
mem[X,0x80026806] -> 0x3333
[4178] [M]: 0x80026804 (0x333335B7) lui a1, 209715
x11 <- 0x33333000


mem[X,0x80026808] -> 0x8593
mem[X,0x8002680A] -> 0x3325
[4179] [M]: 0x80026808 (0x33258593) addi a1, a1, 818
x11 <- 0x33333332


mem[X,0x8002680C] -> 0x0113
mem[X,0x8002680E] -> 0x0000
[4180] [M]: 0x8002680C (0x00000113) addi sp, zero, 0
x2 <- 0x00000000


mem[X,0x80026810] -> 0x006F
mem[X,0x80026812] -> 0x00C0
[4181] [M]: 0x80026810 (0x00C0006F) jal zero, 12


mem[X,0x8002681C] -> 0x0CE3
mem[X,0x8002681E] -> 0xFEB5
[4182] [M]: 0x8002681C (0xFEB50CE3) beq a0, a1, 8184


mem[X,0x80026820] -> 0x0113
mem[X,0x80026822] -> 0x0021
[4183] [M]: 0x80026820 (0x00210113) addi sp, sp, 2
x2 <- 0x00000002


mem[X,0x80026824] -> 0x006F
mem[X,0x80026826] -> 0x00C0
[4184] [M]: 0x80026824 (0x00C0006F) jal zero, 12


mem[X,0x80026830] -> 0xAA23
mem[X,0x80026832] -> 0x6820
[4185] [M]: 0x80026830 (0x6820AA23) sw sp, 1684(ra)
mem[0x8003A7FC] <- 0x00000002


mem[X,0x80026834] -> 0x0513
mem[X,0x80026836] -> 0x0000
[4186] [M]: 0x80026834 (0x00000513) addi a0, zero, 0
x10 <- 0x00000000


mem[X,0x80026838] -> 0x65B7
mem[X,0x8002683A] -> 0x6666
[4187] [M]: 0x80026838 (0x666665B7) lui a1, 419430
x11 <- 0x66666000


mem[X,0x8002683C] -> 0x8593
mem[X,0x8002683E] -> 0x6655
[4188] [M]: 0x8002683C (0x66558593) addi a1, a1, 1637
x11 <- 0x66666665


mem[X,0x80026840] -> 0x0113
mem[X,0x80026842] -> 0x0000
[4189] [M]: 0x80026840 (0x00000113) addi sp, zero, 0
x2 <- 0x00000000


mem[X,0x80026844] -> 0x006F
mem[X,0x80026846] -> 0x00C0
[4190] [M]: 0x80026844 (0x00C0006F) jal zero, 12


mem[X,0x80026850] -> 0x0863
mem[X,0x80026852] -> 0x00B5
[4191] [M]: 0x80026850 (0x00B50863) beq a0, a1, 16


mem[X,0x80026854] -> 0x0113
mem[X,0x80026856] -> 0x0021
[4192] [M]: 0x80026854 (0x00210113) addi sp, sp, 2
x2 <- 0x00000002


mem[X,0x80026858] -> 0x006F
mem[X,0x8002685A] -> 0x0100
[4193] [M]: 0x80026858 (0x0100006F) jal zero, 16


mem[X,0x80026868] -> 0xAC23
mem[X,0x8002686A] -> 0x6820
[4194] [M]: 0x80026868 (0x6820AC23) sw sp, 1688(ra)
mem[0x8003A800] <- 0x00000002


mem[X,0x8002686C] -> 0x0513
mem[X,0x8002686E] -> 0x0000
[4195] [M]: 0x8002686C (0x00000513) addi a0, zero, 0
x10 <- 0x00000000


mem[X,0x80026870] -> 0xB5B7
mem[X,0x80026872] -> 0x0000
[4196] [M]: 0x80026870 (0x0000B5B7) lui a1, 11
x11 <- 0x0000B000


mem[X,0x80026874] -> 0x8593
mem[X,0x80026876] -> 0x5035
[4197] [M]: 0x80026874 (0x50358593) addi a1, a1, 1283
x11 <- 0x0000B503


mem[X,0x80026878] -> 0x0113
mem[X,0x8002687A] -> 0x0000
[4198] [M]: 0x80026878 (0x00000113) addi sp, zero, 0
x2 <- 0x00000000


mem[X,0x8002687C] -> 0x006F
mem[X,0x8002687E] -> 0x00C0
[4199] [M]: 0x8002687C (0x00C0006F) jal zero, 12


clint::tick mtime <- 0x000000000000002A
 clint timer pending at mtime 0x000000000000002A
htif::tick 0x0000000000000000
mem[X,0x80026888] -> 0x0663
mem[X,0x8002688A] -> 0x00B5
[4200] [M]: 0x80026888 (0x00B50663) beq a0, a1, 12


mem[X,0x8002688C] -> 0x0113
mem[X,0x8002688E] -> 0x0021
[4201] [M]: 0x8002688C (0x00210113) addi sp, sp, 2
x2 <- 0x00000002


mem[X,0x80026890] -> 0x006F
mem[X,0x80026892] -> 0x00C0
[4202] [M]: 0x80026890 (0x00C0006F) jal zero, 12


mem[X,0x8002689C] -> 0xAE23
mem[X,0x8002689E] -> 0x6820
[4203] [M]: 0x8002689C (0x6820AE23) sw sp, 1692(ra)
mem[0x8003A804] <- 0x00000002


mem[X,0x800268A0] -> 0x0513
mem[X,0x800268A2] -> 0x0000
[4204] [M]: 0x800268A0 (0x00000513) addi a0, zero, 0
x10 <- 0x00000000


mem[X,0x800268A4] -> 0x55B7
mem[X,0x800268A6] -> 0x5555
[4205] [M]: 0x800268A4 (0x555555B7) lui a1, 349525
x11 <- 0x55555000


mem[X,0x800268A8] -> 0x8593
mem[X,0x800268AA] -> 0x5565
[4206] [M]: 0x800268A8 (0x55658593) addi a1, a1, 1366
x11 <- 0x55555556


mem[X,0x800268AC] -> 0x0113
mem[X,0x800268AE] -> 0x0000
[4207] [M]: 0x800268AC (0x00000113) addi sp, zero, 0
x2 <- 0x00000000


mem[X,0x800268B0] -> 0x006F
mem[X,0x800268B2] -> 0x00C0
[4208] [M]: 0x800268B0 (0x00C0006F) jal zero, 12


mem[X,0x800268BC] -> 0x0063
mem[X,0x800268BE] -> 0x40B5
[4209] [M]: 0x800268BC (0x40B50063) beq a0, a1, 1024


mem[X,0x800268C0] -> 0x0113
mem[X,0x800268C2] -> 0x0021
[4210] [M]: 0x800268C0 (0x00210113) addi sp, sp, 2
x2 <- 0x00000002


mem[X,0x800268C4] -> 0x006F
mem[X,0x800268C6] -> 0x4000
[4211] [M]: 0x800268C4 (0x4000006F) jal zero, 1024


mem[X,0x80026CC4] -> 0xA023
mem[X,0x80026CC6] -> 0x6A20
[4212] [M]: 0x80026CC4 (0x6A20A023) sw sp, 1696(ra)
mem[0x8003A808] <- 0x00000002


mem[X,0x80026CC8] -> 0x0513
mem[X,0x80026CCA] -> 0x0000
[4213] [M]: 0x80026CC8 (0x00000513) addi a0, zero, 0
x10 <- 0x00000000


mem[X,0x80026CCC] -> 0xB5B7
mem[X,0x80026CCE] -> 0xAAAA
[4214] [M]: 0x80026CCC (0xAAAAB5B7) lui a1, 699051
x11 <- 0xAAAAB000


mem[X,0x80026CD0] -> 0x8593
mem[X,0x80026CD2] -> 0xAAB5
[4215] [M]: 0x80026CD0 (0xAAB58593) addi a1, a1, 2731
x11 <- 0xAAAAAAAB


mem[X,0x80026CD4] -> 0x0113
mem[X,0x80026CD6] -> 0x0000
[4216] [M]: 0x80026CD4 (0x00000113) addi sp, zero, 0
x2 <- 0x00000000


mem[X,0x80026CD8] -> 0x006F
mem[X,0x80026CDA] -> 0x00C0
[4217] [M]: 0x80026CD8 (0x00C0006F) jal zero, 12


mem[X,0x80026CE4] -> 0x0CE3
mem[X,0x80026CE6] -> 0xFEB5
[4218] [M]: 0x80026CE4 (0xFEB50CE3) beq a0, a1, 8184


mem[X,0x80026CE8] -> 0x0113
mem[X,0x80026CEA] -> 0x0021
[4219] [M]: 0x80026CE8 (0x00210113) addi sp, sp, 2
x2 <- 0x00000002


mem[X,0x80026CEC] -> 0x006F
mem[X,0x80026CEE] -> 0x00C0
[4220] [M]: 0x80026CEC (0x00C0006F) jal zero, 12


mem[X,0x80026CF8] -> 0xA223
mem[X,0x80026CFA] -> 0x6A20
[4221] [M]: 0x80026CF8 (0x6A20A223) sw sp, 1700(ra)
mem[0x8003A80C] <- 0x00000002


mem[X,0x80026CFC] -> 0x0513
mem[X,0x80026CFE] -> 0x0000
[4222] [M]: 0x80026CFC (0x00000513) addi a0, zero, 0
x10 <- 0x00000000


mem[X,0x80026D00] -> 0x0593
mem[X,0x80026D02] -> 0x0060
[4223] [M]: 0x80026D00 (0x00600593) addi a1, zero, 6
x11 <- 0x00000006


mem[X,0x80026D04] -> 0x0113
mem[X,0x80026D06] -> 0x0000
[4224] [M]: 0x80026D04 (0x00000113) addi sp, zero, 0
x2 <- 0x00000000


mem[X,0x80026D08] -> 0x006F
mem[X,0x80026D0A] -> 0x00C0
[4225] [M]: 0x80026D08 (0x00C0006F) jal zero, 12


mem[X,0x80026D14] -> 0x0863
mem[X,0x80026D16] -> 0x00B5
[4226] [M]: 0x80026D14 (0x00B50863) beq a0, a1, 16


mem[X,0x80026D18] -> 0x0113
mem[X,0x80026D1A] -> 0x0021
[4227] [M]: 0x80026D18 (0x00210113) addi sp, sp, 2
x2 <- 0x00000002


mem[X,0x80026D1C] -> 0x006F
mem[X,0x80026D1E] -> 0x0100
[4228] [M]: 0x80026D1C (0x0100006F) jal zero, 16


mem[X,0x80026D2C] -> 0xA423
mem[X,0x80026D2E] -> 0x6A20
[4229] [M]: 0x80026D2C (0x6A20A423) sw sp, 1704(ra)
mem[0x8003A810] <- 0x00000002


mem[X,0x80026D30] -> 0x0513
mem[X,0x80026D32] -> 0x0000
[4230] [M]: 0x80026D30 (0x00000513) addi a0, zero, 0
x10 <- 0x00000000


mem[X,0x80026D34] -> 0x35B7
mem[X,0x80026D36] -> 0x3333
[4231] [M]: 0x80026D34 (0x333335B7) lui a1, 209715
x11 <- 0x33333000


mem[X,0x80026D38] -> 0x8593
mem[X,0x80026D3A] -> 0x3345
[4232] [M]: 0x80026D38 (0x33458593) addi a1, a1, 820
x11 <- 0x33333334


mem[X,0x80026D3C] -> 0x0113
mem[X,0x80026D3E] -> 0x0000
[4233] [M]: 0x80026D3C (0x00000113) addi sp, zero, 0
x2 <- 0x00000000


mem[X,0x80026D40] -> 0x006F
mem[X,0x80026D42] -> 0x0050
[4234] [M]: 0x80026D40 (0x0050006F) jal zero, 2052


mem[X,0x80027544] -> 0x00E3
mem[X,0x80027546] -> 0x80B5
[4235] [M]: 0x80027544 (0x80B500E3) beq a0, a1, 6144


mem[X,0x80027548] -> 0x0113
mem[X,0x8002754A] -> 0x0021
[4236] [M]: 0x80027548 (0x00210113) addi sp, sp, 2
x2 <- 0x00000002


mem[X,0x8002754C] -> 0x006F
mem[X,0x8002754E] -> 0x00C0
[4237] [M]: 0x8002754C (0x00C0006F) jal zero, 12


mem[X,0x80027558] -> 0xA623
mem[X,0x8002755A] -> 0x6A20
[4238] [M]: 0x80027558 (0x6A20A623) sw sp, 1708(ra)
mem[0x8003A814] <- 0x00000002


mem[X,0x8002755C] -> 0x0513
mem[X,0x8002755E] -> 0x0000
[4239] [M]: 0x8002755C (0x00000513) addi a0, zero, 0
x10 <- 0x00000000


mem[X,0x80027560] -> 0x65B7
mem[X,0x80027562] -> 0x6666
[4240] [M]: 0x80027560 (0x666665B7) lui a1, 419430
x11 <- 0x66666000


mem[X,0x80027564] -> 0x8593
mem[X,0x80027566] -> 0x6675
[4241] [M]: 0x80027564 (0x66758593) addi a1, a1, 1639
x11 <- 0x66666667


mem[X,0x80027568] -> 0x0113
mem[X,0x8002756A] -> 0x0000
[4242] [M]: 0x80027568 (0x00000113) addi sp, zero, 0
x2 <- 0x00000000


mem[X,0x8002756C] -> 0x006F
mem[X,0x8002756E] -> 0x0140
[4243] [M]: 0x8002756C (0x0140006F) jal zero, 20


mem[X,0x80027580] -> 0x08E3
mem[X,0x80027582] -> 0xFEB5
[4244] [M]: 0x80027580 (0xFEB508E3) beq a0, a1, 8176


mem[X,0x80027584] -> 0x0113
mem[X,0x80027586] -> 0x0021
[4245] [M]: 0x80027584 (0x00210113) addi sp, sp, 2
x2 <- 0x00000002


mem[X,0x80027588] -> 0x006F
mem[X,0x8002758A] -> 0x00C0
[4246] [M]: 0x80027588 (0x00C0006F) jal zero, 12


mem[X,0x80027594] -> 0xA823
mem[X,0x80027596] -> 0x6A20
[4247] [M]: 0x80027594 (0x6A20A823) sw sp, 1712(ra)
mem[0x8003A818] <- 0x00000002


mem[X,0x80027598] -> 0x0513
mem[X,0x8002759A] -> 0x0000
[4248] [M]: 0x80027598 (0x00000513) addi a0, zero, 0
x10 <- 0x00000000


mem[X,0x8002759C] -> 0x55B7
mem[X,0x8002759E] -> 0xFFFF
[4249] [M]: 0x8002759C (0xFFFF55B7) lui a1, 1048565
x11 <- 0xFFFF5000


mem[X,0x800275A0] -> 0x8593
mem[X,0x800275A2] -> 0xAFD5
[4250] [M]: 0x800275A0 (0xAFD58593) addi a1, a1, 2813
x11 <- 0xFFFF4AFD


mem[X,0x800275A4] -> 0x0113
mem[X,0x800275A6] -> 0x0000
[4251] [M]: 0x800275A4 (0x00000113) addi sp, zero, 0
x2 <- 0x00000000


mem[X,0x800275A8] -> 0x006F
mem[X,0x800275AA] -> 0x00C0
[4252] [M]: 0x800275A8 (0x00C0006F) jal zero, 12


mem[X,0x800275B4] -> 0x0063
mem[X,0x800275B6] -> 0x40B5
[4253] [M]: 0x800275B4 (0x40B50063) beq a0, a1, 1024


mem[X,0x800275B8] -> 0x0113
mem[X,0x800275BA] -> 0x0021
[4254] [M]: 0x800275B8 (0x00210113) addi sp, sp, 2
x2 <- 0x00000002


mem[X,0x800275BC] -> 0x006F
mem[X,0x800275BE] -> 0x4000
[4255] [M]: 0x800275BC (0x4000006F) jal zero, 1024


mem[X,0x800279BC] -> 0xAA23
mem[X,0x800279BE] -> 0x6A20
[4256] [M]: 0x800279BC (0x6A20AA23) sw sp, 1716(ra)
mem[0x8003A81C] <- 0x00000002


mem[X,0x800279C0] -> 0x0513
mem[X,0x800279C2] -> 0x0000
[4257] [M]: 0x800279C0 (0x00000513) addi a0, zero, 0
x10 <- 0x00000000


mem[X,0x800279C4] -> 0xB5B7
mem[X,0x800279C6] -> 0x0000
[4258] [M]: 0x800279C4 (0x0000B5B7) lui a1, 11
x11 <- 0x0000B000


mem[X,0x800279C8] -> 0x8593
mem[X,0x800279CA] -> 0x5055
[4259] [M]: 0x800279C8 (0x50558593) addi a1, a1, 1285
x11 <- 0x0000B505


mem[X,0x800279CC] -> 0x0113
mem[X,0x800279CE] -> 0x0000
[4260] [M]: 0x800279CC (0x00000113) addi sp, zero, 0
x2 <- 0x00000000


mem[X,0x800279D0] -> 0x006F
mem[X,0x800279D2] -> 0x00C0
[4261] [M]: 0x800279D0 (0x00C0006F) jal zero, 12


mem[X,0x800279DC] -> 0x0CE3
mem[X,0x800279DE] -> 0xFEB5
[4262] [M]: 0x800279DC (0xFEB50CE3) beq a0, a1, 8184


mem[X,0x800279E0] -> 0x0113
mem[X,0x800279E2] -> 0x0021
[4263] [M]: 0x800279E0 (0x00210113) addi sp, sp, 2
x2 <- 0x00000002


mem[X,0x800279E4] -> 0x006F
mem[X,0x800279E6] -> 0x00C0
[4264] [M]: 0x800279E4 (0x00C0006F) jal zero, 12


mem[X,0x800279F0] -> 0xAC23
mem[X,0x800279F2] -> 0x6A20
[4265] [M]: 0x800279F0 (0x6A20AC23) sw sp, 1720(ra)
mem[0x8003A820] <- 0x00000002


mem[X,0x800279F4] -> 0x0513
mem[X,0x800279F6] -> 0x0040
[4266] [M]: 0x800279F4 (0x00400513) addi a0, zero, 4
x10 <- 0x00000004


mem[X,0x800279F8] -> 0x0593
mem[X,0x800279FA] -> 0x0030
[4267] [M]: 0x800279F8 (0x00300593) addi a1, zero, 3
x11 <- 0x00000003


mem[X,0x800279FC] -> 0x0113
mem[X,0x800279FE] -> 0x0000
[4268] [M]: 0x800279FC (0x00000113) addi sp, zero, 0
x2 <- 0x00000000


mem[X,0x80027A00] -> 0x006F
mem[X,0x80027A02] -> 0x0140
[4269] [M]: 0x80027A00 (0x0140006F) jal zero, 20


mem[X,0x80027A14] -> 0x08E3
mem[X,0x80027A16] -> 0xFEB5
[4270] [M]: 0x80027A14 (0xFEB508E3) beq a0, a1, 8176


mem[X,0x80027A18] -> 0x0113
mem[X,0x80027A1A] -> 0x0021
[4271] [M]: 0x80027A18 (0x00210113) addi sp, sp, 2
x2 <- 0x00000002


mem[X,0x80027A1C] -> 0x006F
mem[X,0x80027A1E] -> 0x00C0
[4272] [M]: 0x80027A1C (0x00C0006F) jal zero, 12


mem[X,0x80027A28] -> 0xAE23
mem[X,0x80027A2A] -> 0x6A20
[4273] [M]: 0x80027A28 (0x6A20AE23) sw sp, 1724(ra)
mem[0x8003A824] <- 0x00000002


mem[X,0x80027A2C] -> 0x0513
mem[X,0x80027A2E] -> 0x0040
[4274] [M]: 0x80027A2C (0x00400513) addi a0, zero, 4
x10 <- 0x00000004


mem[X,0x80027A30] -> 0x55B7
mem[X,0x80027A32] -> 0x5555
[4275] [M]: 0x80027A30 (0x555555B7) lui a1, 349525
x11 <- 0x55555000


mem[X,0x80027A34] -> 0x8593
mem[X,0x80027A36] -> 0x5555
[4276] [M]: 0x80027A34 (0x55558593) addi a1, a1, 1365
x11 <- 0x55555555


mem[X,0x80027A38] -> 0x0113
mem[X,0x80027A3A] -> 0x0000
[4277] [M]: 0x80027A38 (0x00000113) addi sp, zero, 0
x2 <- 0x00000000


mem[X,0x80027A3C] -> 0x006F
mem[X,0x80027A3E] -> 0x0050
[4278] [M]: 0x80027A3C (0x0050006F) jal zero, 2052


mem[X,0x80028240] -> 0x00E3
mem[X,0x80028242] -> 0x80B5
[4279] [M]: 0x80028240 (0x80B500E3) beq a0, a1, 6144


mem[X,0x80028244] -> 0x0113
mem[X,0x80028246] -> 0x0021
[4280] [M]: 0x80028244 (0x00210113) addi sp, sp, 2
x2 <- 0x00000002


mem[X,0x80028248] -> 0x006F
mem[X,0x8002824A] -> 0x00C0
[4281] [M]: 0x80028248 (0x00C0006F) jal zero, 12


mem[X,0x80028254] -> 0xA023
mem[X,0x80028256] -> 0x6C20
[4282] [M]: 0x80028254 (0x6C20A023) sw sp, 1728(ra)
mem[0x8003A828] <- 0x00000002


mem[X,0x80028258] -> 0x0513
mem[X,0x8002825A] -> 0x0040
[4283] [M]: 0x80028258 (0x00400513) addi a0, zero, 4
x10 <- 0x00000004


mem[X,0x8002825C] -> 0xB5B7
mem[X,0x8002825E] -> 0xAAAA
[4284] [M]: 0x8002825C (0xAAAAB5B7) lui a1, 699051
x11 <- 0xAAAAB000


mem[X,0x80028260] -> 0x8593
mem[X,0x80028262] -> 0xAAA5
[4285] [M]: 0x80028260 (0xAAA58593) addi a1, a1, 2730
x11 <- 0xAAAAAAAA


mem[X,0x80028264] -> 0x0113
mem[X,0x80028266] -> 0x0000
[4286] [M]: 0x80028264 (0x00000113) addi sp, zero, 0
x2 <- 0x00000000


mem[X,0x80028268] -> 0x006F
mem[X,0x8002826A] -> 0x00C0
[4287] [M]: 0x80028268 (0x00C0006F) jal zero, 12


mem[X,0x80028274] -> 0x0063
mem[X,0x80028276] -> 0x08B5
[4288] [M]: 0x80028274 (0x08B50063) beq a0, a1, 128


mem[X,0x80028278] -> 0x0113
mem[X,0x8002827A] -> 0x0021
[4289] [M]: 0x80028278 (0x00210113) addi sp, sp, 2
x2 <- 0x00000002


mem[X,0x8002827C] -> 0x006F
mem[X,0x8002827E] -> 0x0800
[4290] [M]: 0x8002827C (0x0800006F) jal zero, 128


mem[X,0x800282FC] -> 0xA223
mem[X,0x800282FE] -> 0x6C20
[4291] [M]: 0x800282FC (0x6C20A223) sw sp, 1732(ra)
mem[0x8003A82C] <- 0x00000002


mem[X,0x80028300] -> 0x0513
mem[X,0x80028302] -> 0x0040
[4292] [M]: 0x80028300 (0x00400513) addi a0, zero, 4
x10 <- 0x00000004


mem[X,0x80028304] -> 0x0593
mem[X,0x80028306] -> 0x0050
[4293] [M]: 0x80028304 (0x00500593) addi a1, zero, 5
x11 <- 0x00000005


mem[X,0x80028308] -> 0x0113
mem[X,0x8002830A] -> 0x0000
[4294] [M]: 0x80028308 (0x00000113) addi sp, zero, 0
x2 <- 0x00000000


mem[X,0x8002830C] -> 0x006F
mem[X,0x8002830E] -> 0x00C0
[4295] [M]: 0x8002830C (0x00C0006F) jal zero, 12


mem[X,0x80028318] -> 0x0063
mem[X,0x8002831A] -> 0x04B5
[4296] [M]: 0x80028318 (0x04B50063) beq a0, a1, 64


mem[X,0x8002831C] -> 0x0113
mem[X,0x8002831E] -> 0x0021
[4297] [M]: 0x8002831C (0x00210113) addi sp, sp, 2
x2 <- 0x00000002


mem[X,0x80028320] -> 0x006F
mem[X,0x80028322] -> 0x0400
[4298] [M]: 0x80028320 (0x0400006F) jal zero, 64


mem[X,0x80028360] -> 0xA423
mem[X,0x80028362] -> 0x6C20
[4299] [M]: 0x80028360 (0x6C20A423) sw sp, 1736(ra)
mem[0x8003A830] <- 0x00000002


clint::tick mtime <- 0x000000000000002B
 clint timer pending at mtime 0x000000000000002B
htif::tick 0x0000000000000000
mem[X,0x80028364] -> 0x0513
mem[X,0x80028366] -> 0x0040
[4300] [M]: 0x80028364 (0x00400513) addi a0, zero, 4
x10 <- 0x00000004


mem[X,0x80028368] -> 0x35B7
mem[X,0x8002836A] -> 0x3333
[4301] [M]: 0x80028368 (0x333335B7) lui a1, 209715
x11 <- 0x33333000


mem[X,0x8002836C] -> 0x8593
mem[X,0x8002836E] -> 0x3335
[4302] [M]: 0x8002836C (0x33358593) addi a1, a1, 819
x11 <- 0x33333333


mem[X,0x80028370] -> 0x0113
mem[X,0x80028372] -> 0x0000
[4303] [M]: 0x80028370 (0x00000113) addi sp, zero, 0
x2 <- 0x00000000


mem[X,0x80028374] -> 0x006F
mem[X,0x80028376] -> 0x00C0
[4304] [M]: 0x80028374 (0x00C0006F) jal zero, 12


mem[X,0x80028380] -> 0x0063
mem[X,0x80028382] -> 0x20B5
[4305] [M]: 0x80028380 (0x20B50063) beq a0, a1, 512


mem[X,0x80028384] -> 0x0113
mem[X,0x80028386] -> 0x0021
[4306] [M]: 0x80028384 (0x00210113) addi sp, sp, 2
x2 <- 0x00000002


mem[X,0x80028388] -> 0x006F
mem[X,0x8002838A] -> 0x2000
[4307] [M]: 0x80028388 (0x2000006F) jal zero, 512


mem[X,0x80028588] -> 0xA623
mem[X,0x8002858A] -> 0x6C20
[4308] [M]: 0x80028588 (0x6C20A623) sw sp, 1740(ra)
mem[0x8003A834] <- 0x00000002


mem[X,0x8002858C] -> 0x0513
mem[X,0x8002858E] -> 0x0040
[4309] [M]: 0x8002858C (0x00400513) addi a0, zero, 4
x10 <- 0x00000004


mem[X,0x80028590] -> 0x65B7
mem[X,0x80028592] -> 0x6666
[4310] [M]: 0x80028590 (0x666665B7) lui a1, 419430
x11 <- 0x66666000


mem[X,0x80028594] -> 0x8593
mem[X,0x80028596] -> 0x6665
[4311] [M]: 0x80028594 (0x66658593) addi a1, a1, 1638
x11 <- 0x66666666


mem[X,0x80028598] -> 0x0113
mem[X,0x8002859A] -> 0x0000
[4312] [M]: 0x80028598 (0x00000113) addi sp, zero, 0
x2 <- 0x00000000


mem[X,0x8002859C] -> 0x006F
mem[X,0x8002859E] -> 0x00C0
[4313] [M]: 0x8002859C (0x00C0006F) jal zero, 12


mem[X,0x800285A8] -> 0x0663
mem[X,0x800285AA] -> 0x00B5
[4314] [M]: 0x800285A8 (0x00B50663) beq a0, a1, 12


mem[X,0x800285AC] -> 0x0113
mem[X,0x800285AE] -> 0x0021
[4315] [M]: 0x800285AC (0x00210113) addi sp, sp, 2
x2 <- 0x00000002


mem[X,0x800285B0] -> 0x006F
mem[X,0x800285B2] -> 0x00C0
[4316] [M]: 0x800285B0 (0x00C0006F) jal zero, 12


mem[X,0x800285BC] -> 0xA823
mem[X,0x800285BE] -> 0x6C20
[4317] [M]: 0x800285BC (0x6C20A823) sw sp, 1744(ra)
mem[0x8003A838] <- 0x00000002


mem[X,0x800285C0] -> 0x0513
mem[X,0x800285C2] -> 0x0040
[4318] [M]: 0x800285C0 (0x00400513) addi a0, zero, 4
x10 <- 0x00000004


mem[X,0x800285C4] -> 0x55B7
mem[X,0x800285C6] -> 0xFFFF
[4319] [M]: 0x800285C4 (0xFFFF55B7) lui a1, 1048565
x11 <- 0xFFFF5000


mem[X,0x800285C8] -> 0x8593
mem[X,0x800285CA] -> 0xAFC5
[4320] [M]: 0x800285C8 (0xAFC58593) addi a1, a1, 2812
x11 <- 0xFFFF4AFC


mem[X,0x800285CC] -> 0x0113
mem[X,0x800285CE] -> 0x0000
[4321] [M]: 0x800285CC (0x00000113) addi sp, zero, 0
x2 <- 0x00000000


mem[X,0x800285D0] -> 0x006F
mem[X,0x800285D2] -> 0x00C0
[4322] [M]: 0x800285D0 (0x00C0006F) jal zero, 12


mem[X,0x800285DC] -> 0x0063
mem[X,0x800285DE] -> 0x20B5
[4323] [M]: 0x800285DC (0x20B50063) beq a0, a1, 512


mem[X,0x800285E0] -> 0x0113
mem[X,0x800285E2] -> 0x0021
[4324] [M]: 0x800285E0 (0x00210113) addi sp, sp, 2
x2 <- 0x00000002


mem[X,0x800285E4] -> 0x006F
mem[X,0x800285E6] -> 0x2000
[4325] [M]: 0x800285E4 (0x2000006F) jal zero, 512


mem[X,0x800287E4] -> 0xAA23
mem[X,0x800287E6] -> 0x6C20
[4326] [M]: 0x800287E4 (0x6C20AA23) sw sp, 1748(ra)
mem[0x8003A83C] <- 0x00000002


mem[X,0x800287E8] -> 0x0513
mem[X,0x800287EA] -> 0x0040
[4327] [M]: 0x800287E8 (0x00400513) addi a0, zero, 4
x10 <- 0x00000004


mem[X,0x800287EC] -> 0xB5B7
mem[X,0x800287EE] -> 0x0000
[4328] [M]: 0x800287EC (0x0000B5B7) lui a1, 11
x11 <- 0x0000B000


mem[X,0x800287F0] -> 0x8593
mem[X,0x800287F2] -> 0x5045
[4329] [M]: 0x800287F0 (0x50458593) addi a1, a1, 1284
x11 <- 0x0000B504


mem[X,0x800287F4] -> 0x0113
mem[X,0x800287F6] -> 0x0000
[4330] [M]: 0x800287F4 (0x00000113) addi sp, zero, 0
x2 <- 0x00000000


mem[X,0x800287F8] -> 0x006F
mem[X,0x800287FA] -> 0x0180
[4331] [M]: 0x800287F8 (0x0180006F) jal zero, 24


mem[X,0x80028810] -> 0x06E3
mem[X,0x80028812] -> 0xFEB5
[4332] [M]: 0x80028810 (0xFEB506E3) beq a0, a1, 8172


mem[X,0x80028814] -> 0x0113
mem[X,0x80028816] -> 0x0021
[4333] [M]: 0x80028814 (0x00210113) addi sp, sp, 2
x2 <- 0x00000002


mem[X,0x80028818] -> 0x006F
mem[X,0x8002881A] -> 0x00C0
[4334] [M]: 0x80028818 (0x00C0006F) jal zero, 12


mem[X,0x80028824] -> 0xAC23
mem[X,0x80028826] -> 0x6C20
[4335] [M]: 0x80028824 (0x6C20AC23) sw sp, 1752(ra)
mem[0x8003A840] <- 0x00000002


mem[X,0x80028828] -> 0x0513
mem[X,0x8002882A] -> 0x0040
[4336] [M]: 0x80028828 (0x00400513) addi a0, zero, 4
x10 <- 0x00000004


mem[X,0x8002882C] -> 0x0593
mem[X,0x8002882E] -> 0x0020
[4337] [M]: 0x8002882C (0x00200593) addi a1, zero, 2
x11 <- 0x00000002


mem[X,0x80028830] -> 0x0113
mem[X,0x80028832] -> 0x0000
[4338] [M]: 0x80028830 (0x00000113) addi sp, zero, 0
x2 <- 0x00000000


mem[X,0x80028834] -> 0x006F
mem[X,0x80028836] -> 0x0140
[4339] [M]: 0x80028834 (0x0140006F) jal zero, 20


mem[X,0x80028848] -> 0x08E3
mem[X,0x8002884A] -> 0xFEB5
[4340] [M]: 0x80028848 (0xFEB508E3) beq a0, a1, 8176


mem[X,0x8002884C] -> 0x0113
mem[X,0x8002884E] -> 0x0021
[4341] [M]: 0x8002884C (0x00210113) addi sp, sp, 2
x2 <- 0x00000002


mem[X,0x80028850] -> 0x006F
mem[X,0x80028852] -> 0x00C0
[4342] [M]: 0x80028850 (0x00C0006F) jal zero, 12


mem[X,0x8002885C] -> 0xAE23
mem[X,0x8002885E] -> 0x6C20
[4343] [M]: 0x8002885C (0x6C20AE23) sw sp, 1756(ra)
mem[0x8003A844] <- 0x00000002


mem[X,0x80028860] -> 0x0513
mem[X,0x80028862] -> 0x0040
[4344] [M]: 0x80028860 (0x00400513) addi a0, zero, 4
x10 <- 0x00000004


mem[X,0x80028864] -> 0x55B7
mem[X,0x80028866] -> 0x5555
[4345] [M]: 0x80028864 (0x555555B7) lui a1, 349525
x11 <- 0x55555000


mem[X,0x80028868] -> 0x8593
mem[X,0x8002886A] -> 0x5545
[4346] [M]: 0x80028868 (0x55458593) addi a1, a1, 1364
x11 <- 0x55555554


mem[X,0x8002886C] -> 0x0113
mem[X,0x8002886E] -> 0x0000
[4347] [M]: 0x8002886C (0x00000113) addi sp, zero, 0
x2 <- 0x00000000


mem[X,0x80028870] -> 0x006F
mem[X,0x80028872] -> 0x00C0
[4348] [M]: 0x80028870 (0x00C0006F) jal zero, 12


mem[X,0x8002887C] -> 0x0CE3
mem[X,0x8002887E] -> 0xFEB5
[4349] [M]: 0x8002887C (0xFEB50CE3) beq a0, a1, 8184


mem[X,0x80028880] -> 0x0113
mem[X,0x80028882] -> 0x0021
[4350] [M]: 0x80028880 (0x00210113) addi sp, sp, 2
x2 <- 0x00000002


mem[X,0x80028884] -> 0x006F
mem[X,0x80028886] -> 0x00C0
[4351] [M]: 0x80028884 (0x00C0006F) jal zero, 12


mem[X,0x80028890] -> 0xA023
mem[X,0x80028892] -> 0x6E20
[4352] [M]: 0x80028890 (0x6E20A023) sw sp, 1760(ra)
mem[0x8003A848] <- 0x00000002


mem[X,0x80028894] -> 0x0513
mem[X,0x80028896] -> 0x0040
[4353] [M]: 0x80028894 (0x00400513) addi a0, zero, 4
x10 <- 0x00000004


mem[X,0x80028898] -> 0x0593
mem[X,0x8002889A] -> 0x0000
[4354] [M]: 0x80028898 (0x00000593) addi a1, zero, 0
x11 <- 0x00000000


mem[X,0x8002889C] -> 0x0113
mem[X,0x8002889E] -> 0x0000
[4355] [M]: 0x8002889C (0x00000113) addi sp, zero, 0
x2 <- 0x00000000


mem[X,0x800288A0] -> 0x006F
mem[X,0x800288A2] -> 0x00C0
[4356] [M]: 0x800288A0 (0x00C0006F) jal zero, 12


mem[X,0x800288AC] -> 0x0063
mem[X,0x800288AE] -> 0x04B5
[4357] [M]: 0x800288AC (0x04B50063) beq a0, a1, 64


mem[X,0x800288B0] -> 0x0113
mem[X,0x800288B2] -> 0x0021
[4358] [M]: 0x800288B0 (0x00210113) addi sp, sp, 2
x2 <- 0x00000002


mem[X,0x800288B4] -> 0x006F
mem[X,0x800288B6] -> 0x0400
[4359] [M]: 0x800288B4 (0x0400006F) jal zero, 64


mem[X,0x800288F4] -> 0xA223
mem[X,0x800288F6] -> 0x6E20
[4360] [M]: 0x800288F4 (0x6E20A223) sw sp, 1764(ra)
mem[0x8003A84C] <- 0x00000002


mem[X,0x800288F8] -> 0x0513
mem[X,0x800288FA] -> 0x0040
[4361] [M]: 0x800288F8 (0x00400513) addi a0, zero, 4
x10 <- 0x00000004


mem[X,0x800288FC] -> 0x0593
mem[X,0x800288FE] -> 0x0040
[4362] [M]: 0x800288FC (0x00400593) addi a1, zero, 4
x11 <- 0x00000004


mem[X,0x80028900] -> 0x0113
mem[X,0x80028902] -> 0x0000
[4363] [M]: 0x80028900 (0x00000113) addi sp, zero, 0
x2 <- 0x00000000


mem[X,0x80028904] -> 0x006F
mem[X,0x80028906] -> 0x0050
[4364] [M]: 0x80028904 (0x0050006F) jal zero, 2052


mem[X,0x80029108] -> 0x00E3
mem[X,0x8002910A] -> 0x80B5
[4365] [M]: 0x80029108 (0x80B500E3) beq a0, a1, 6144


mem[X,0x80028908] -> 0x0113
mem[X,0x8002890A] -> 0x0011
[4366] [M]: 0x80028908 (0x00110113) addi sp, sp, 1
x2 <- 0x00000001


mem[X,0x8002890C] -> 0x006F
mem[X,0x8002890E] -> 0x0110
[4367] [M]: 0x8002890C (0x0110006F) jal zero, 2064


mem[X,0x8002911C] -> 0xA423
mem[X,0x8002911E] -> 0x6E20
[4368] [M]: 0x8002911C (0x6E20A423) sw sp, 1768(ra)
mem[0x8003A850] <- 0x00000001


mem[X,0x80029120] -> 0x0513
mem[X,0x80029122] -> 0x0040
[4369] [M]: 0x80029120 (0x00400513) addi a0, zero, 4
x10 <- 0x00000004


mem[X,0x80029124] -> 0x35B7
mem[X,0x80029126] -> 0x3333
[4370] [M]: 0x80029124 (0x333335B7) lui a1, 209715
x11 <- 0x33333000


mem[X,0x80029128] -> 0x8593
mem[X,0x8002912A] -> 0x3325
[4371] [M]: 0x80029128 (0x33258593) addi a1, a1, 818
x11 <- 0x33333332


mem[X,0x8002912C] -> 0x0113
mem[X,0x8002912E] -> 0x0000
[4372] [M]: 0x8002912C (0x00000113) addi sp, zero, 0
x2 <- 0x00000000


mem[X,0x80029130] -> 0x006F
mem[X,0x80029132] -> 0x0050
[4373] [M]: 0x80029130 (0x0050006F) jal zero, 2052


mem[X,0x80029934] -> 0x00E3
mem[X,0x80029936] -> 0x80B5
[4374] [M]: 0x80029934 (0x80B500E3) beq a0, a1, 6144


mem[X,0x80029938] -> 0x0113
mem[X,0x8002993A] -> 0x0021
[4375] [M]: 0x80029938 (0x00210113) addi sp, sp, 2
x2 <- 0x00000002


mem[X,0x8002993C] -> 0x006F
mem[X,0x8002993E] -> 0x00C0
[4376] [M]: 0x8002993C (0x00C0006F) jal zero, 12


mem[X,0x80029948] -> 0xA623
mem[X,0x8002994A] -> 0x6E20
[4377] [M]: 0x80029948 (0x6E20A623) sw sp, 1772(ra)
mem[0x8003A854] <- 0x00000002


mem[X,0x8002994C] -> 0x0513
mem[X,0x8002994E] -> 0x0040
[4378] [M]: 0x8002994C (0x00400513) addi a0, zero, 4
x10 <- 0x00000004


mem[X,0x80029950] -> 0x65B7
mem[X,0x80029952] -> 0x6666
[4379] [M]: 0x80029950 (0x666665B7) lui a1, 419430
x11 <- 0x66666000


mem[X,0x80029954] -> 0x8593
mem[X,0x80029956] -> 0x6655
[4380] [M]: 0x80029954 (0x66558593) addi a1, a1, 1637
x11 <- 0x66666665


mem[X,0x80029958] -> 0x0113
mem[X,0x8002995A] -> 0x0000
[4381] [M]: 0x80029958 (0x00000113) addi sp, zero, 0
x2 <- 0x00000000


mem[X,0x8002995C] -> 0x006F
mem[X,0x8002995E] -> 0x0050
[4382] [M]: 0x8002995C (0x0050006F) jal zero, 2052


mem[X,0x8002A160] -> 0x00E3
mem[X,0x8002A162] -> 0x80B5
[4383] [M]: 0x8002A160 (0x80B500E3) beq a0, a1, 6144


mem[X,0x8002A164] -> 0x0113
mem[X,0x8002A166] -> 0x0021
[4384] [M]: 0x8002A164 (0x00210113) addi sp, sp, 2
x2 <- 0x00000002


mem[X,0x8002A168] -> 0x006F
mem[X,0x8002A16A] -> 0x00C0
[4385] [M]: 0x8002A168 (0x00C0006F) jal zero, 12


mem[X,0x8002A174] -> 0xA823
mem[X,0x8002A176] -> 0x6E20
[4386] [M]: 0x8002A174 (0x6E20A823) sw sp, 1776(ra)
mem[0x8003A858] <- 0x00000002


mem[X,0x8002A178] -> 0x0513
mem[X,0x8002A17A] -> 0x0040
[4387] [M]: 0x8002A178 (0x00400513) addi a0, zero, 4
x10 <- 0x00000004


mem[X,0x8002A17C] -> 0xB5B7
mem[X,0x8002A17E] -> 0x0000
[4388] [M]: 0x8002A17C (0x0000B5B7) lui a1, 11
x11 <- 0x0000B000


mem[X,0x8002A180] -> 0x8593
mem[X,0x8002A182] -> 0x5035
[4389] [M]: 0x8002A180 (0x50358593) addi a1, a1, 1283
x11 <- 0x0000B503


mem[X,0x8002A184] -> 0x0113
mem[X,0x8002A186] -> 0x0000
[4390] [M]: 0x8002A184 (0x00000113) addi sp, zero, 0
x2 <- 0x00000000


mem[X,0x8002A188] -> 0x006F
mem[X,0x8002A18A] -> 0x00C0
[4391] [M]: 0x8002A188 (0x00C0006F) jal zero, 12


mem[X,0x8002A194] -> 0x0CE3
mem[X,0x8002A196] -> 0xFEB5
[4392] [M]: 0x8002A194 (0xFEB50CE3) beq a0, a1, 8184


mem[X,0x8002A198] -> 0x0113
mem[X,0x8002A19A] -> 0x0021
[4393] [M]: 0x8002A198 (0x00210113) addi sp, sp, 2
x2 <- 0x00000002


mem[X,0x8002A19C] -> 0x006F
mem[X,0x8002A19E] -> 0x00C0
[4394] [M]: 0x8002A19C (0x00C0006F) jal zero, 12


mem[X,0x8002A1A8] -> 0xAA23
mem[X,0x8002A1AA] -> 0x6E20
[4395] [M]: 0x8002A1A8 (0x6E20AA23) sw sp, 1780(ra)
mem[0x8003A85C] <- 0x00000002


mem[X,0x8002A1AC] -> 0x0513
mem[X,0x8002A1AE] -> 0x0040
[4396] [M]: 0x8002A1AC (0x00400513) addi a0, zero, 4
x10 <- 0x00000004


mem[X,0x8002A1B0] -> 0x55B7
mem[X,0x8002A1B2] -> 0x5555
[4397] [M]: 0x8002A1B0 (0x555555B7) lui a1, 349525
x11 <- 0x55555000


mem[X,0x8002A1B4] -> 0x8593
mem[X,0x8002A1B6] -> 0x5565
[4398] [M]: 0x8002A1B4 (0x55658593) addi a1, a1, 1366
x11 <- 0x55555556


mem[X,0x8002A1B8] -> 0x0113
mem[X,0x8002A1BA] -> 0x0000
[4399] [M]: 0x8002A1B8 (0x00000113) addi sp, zero, 0
x2 <- 0x00000000


clint::tick mtime <- 0x000000000000002C
 clint timer pending at mtime 0x000000000000002C
htif::tick 0x0000000000000000
mem[X,0x8002A1BC] -> 0x006F
mem[X,0x8002A1BE] -> 0x00C0
[4400] [M]: 0x8002A1BC (0x00C0006F) jal zero, 12


mem[X,0x8002A1C8] -> 0x0663
mem[X,0x8002A1CA] -> 0x00B5
[4401] [M]: 0x8002A1C8 (0x00B50663) beq a0, a1, 12


mem[X,0x8002A1CC] -> 0x0113
mem[X,0x8002A1CE] -> 0x0021
[4402] [M]: 0x8002A1CC (0x00210113) addi sp, sp, 2
x2 <- 0x00000002


mem[X,0x8002A1D0] -> 0x006F
mem[X,0x8002A1D2] -> 0x00C0
[4403] [M]: 0x8002A1D0 (0x00C0006F) jal zero, 12


mem[X,0x8002A1DC] -> 0xAC23
mem[X,0x8002A1DE] -> 0x6E20
[4404] [M]: 0x8002A1DC (0x6E20AC23) sw sp, 1784(ra)
mem[0x8003A860] <- 0x00000002


mem[X,0x8002A1E0] -> 0x0513
mem[X,0x8002A1E2] -> 0x0040
[4405] [M]: 0x8002A1E0 (0x00400513) addi a0, zero, 4
x10 <- 0x00000004


mem[X,0x8002A1E4] -> 0xB5B7
mem[X,0x8002A1E6] -> 0xAAAA
[4406] [M]: 0x8002A1E4 (0xAAAAB5B7) lui a1, 699051
x11 <- 0xAAAAB000


mem[X,0x8002A1E8] -> 0x8593
mem[X,0x8002A1EA] -> 0xAAB5
[4407] [M]: 0x8002A1E8 (0xAAB58593) addi a1, a1, 2731
x11 <- 0xAAAAAAAB


mem[X,0x8002A1EC] -> 0x0113
mem[X,0x8002A1EE] -> 0x0000
[4408] [M]: 0x8002A1EC (0x00000113) addi sp, zero, 0
x2 <- 0x00000000


mem[X,0x8002A1F0] -> 0x006F
mem[X,0x8002A1F2] -> 0x0100
[4409] [M]: 0x8002A1F0 (0x0100006F) jal zero, 16


mem[X,0x8002A200] -> 0x0AE3
mem[X,0x8002A202] -> 0xFEB5
[4410] [M]: 0x8002A200 (0xFEB50AE3) beq a0, a1, 8180


mem[X,0x8002A204] -> 0x0113
mem[X,0x8002A206] -> 0x0021
[4411] [M]: 0x8002A204 (0x00210113) addi sp, sp, 2
x2 <- 0x00000002


mem[X,0x8002A208] -> 0x006F
mem[X,0x8002A20A] -> 0x00C0
[4412] [M]: 0x8002A208 (0x00C0006F) jal zero, 12


mem[X,0x8002A214] -> 0xAE23
mem[X,0x8002A216] -> 0x6E20
[4413] [M]: 0x8002A214 (0x6E20AE23) sw sp, 1788(ra)
mem[0x8003A864] <- 0x00000002


mem[X,0x8002A218] -> 0x0513
mem[X,0x8002A21A] -> 0x0040
[4414] [M]: 0x8002A218 (0x00400513) addi a0, zero, 4
x10 <- 0x00000004


mem[X,0x8002A21C] -> 0x0593
mem[X,0x8002A21E] -> 0x0060
[4415] [M]: 0x8002A21C (0x00600593) addi a1, zero, 6
x11 <- 0x00000006


mem[X,0x8002A220] -> 0x0113
mem[X,0x8002A222] -> 0x0000
[4416] [M]: 0x8002A220 (0x00000113) addi sp, zero, 0
x2 <- 0x00000000


mem[X,0x8002A224] -> 0x006F
mem[X,0x8002A226] -> 0x00C0
[4417] [M]: 0x8002A224 (0x00C0006F) jal zero, 12


mem[X,0x8002A230] -> 0x0863
mem[X,0x8002A232] -> 0x00B5
[4418] [M]: 0x8002A230 (0x00B50863) beq a0, a1, 16


mem[X,0x8002A234] -> 0x0113
mem[X,0x8002A236] -> 0x0021
[4419] [M]: 0x8002A234 (0x00210113) addi sp, sp, 2
x2 <- 0x00000002


mem[X,0x8002A238] -> 0x006F
mem[X,0x8002A23A] -> 0x0100
[4420] [M]: 0x8002A238 (0x0100006F) jal zero, 16


mem[X,0x8002A248] -> 0xA023
mem[X,0x8002A24A] -> 0x7020
[4421] [M]: 0x8002A248 (0x7020A023) sw sp, 1792(ra)
mem[0x8003A868] <- 0x00000002


mem[X,0x8002A24C] -> 0x0513
mem[X,0x8002A24E] -> 0x0040
[4422] [M]: 0x8002A24C (0x00400513) addi a0, zero, 4
x10 <- 0x00000004


mem[X,0x8002A250] -> 0x35B7
mem[X,0x8002A252] -> 0x3333
[4423] [M]: 0x8002A250 (0x333335B7) lui a1, 209715
x11 <- 0x33333000


mem[X,0x8002A254] -> 0x8593
mem[X,0x8002A256] -> 0x3345
[4424] [M]: 0x8002A254 (0x33458593) addi a1, a1, 820
x11 <- 0x33333334


mem[X,0x8002A258] -> 0x0113
mem[X,0x8002A25A] -> 0x0000
[4425] [M]: 0x8002A258 (0x00000113) addi sp, zero, 0
x2 <- 0x00000000


mem[X,0x8002A25C] -> 0x006F
mem[X,0x8002A25E] -> 0x2B10
[4426] [M]: 0x8002A25C (0x2B10006F) jal zero, 2736


mem[X,0x8002AD0C] -> 0x0A63
mem[X,0x8002AD0E] -> 0xD4B5
[4427] [M]: 0x8002AD0C (0xD4B50A63) beq a0, a1, 5460


mem[X,0x8002AD10] -> 0x0113
mem[X,0x8002AD12] -> 0x0021
[4428] [M]: 0x8002AD10 (0x00210113) addi sp, sp, 2
x2 <- 0x00000002


mem[X,0x8002AD14] -> 0x006F
mem[X,0x8002AD16] -> 0x00C0
[4429] [M]: 0x8002AD14 (0x00C0006F) jal zero, 12


mem[X,0x8002AD20] -> 0xA223
mem[X,0x8002AD22] -> 0x7020
[4430] [M]: 0x8002AD20 (0x7020A223) sw sp, 1796(ra)
mem[0x8003A86C] <- 0x00000002


mem[X,0x8002AD24] -> 0x0513
mem[X,0x8002AD26] -> 0x0040
[4431] [M]: 0x8002AD24 (0x00400513) addi a0, zero, 4
x10 <- 0x00000004


mem[X,0x8002AD28] -> 0x65B7
mem[X,0x8002AD2A] -> 0x6666
[4432] [M]: 0x8002AD28 (0x666665B7) lui a1, 419430
x11 <- 0x66666000


mem[X,0x8002AD2C] -> 0x8593
mem[X,0x8002AD2E] -> 0x6675
[4433] [M]: 0x8002AD2C (0x66758593) addi a1, a1, 1639
x11 <- 0x66666667


mem[X,0x8002AD30] -> 0x0113
mem[X,0x8002AD32] -> 0x0000
[4434] [M]: 0x8002AD30 (0x00000113) addi sp, zero, 0
x2 <- 0x00000000


mem[X,0x8002AD34] -> 0x006F
mem[X,0x8002AD36] -> 0x00C0
[4435] [M]: 0x8002AD34 (0x00C0006F) jal zero, 12


mem[X,0x8002AD40] -> 0x0CE3
mem[X,0x8002AD42] -> 0xFEB5
[4436] [M]: 0x8002AD40 (0xFEB50CE3) beq a0, a1, 8184


mem[X,0x8002AD44] -> 0x0113
mem[X,0x8002AD46] -> 0x0021
[4437] [M]: 0x8002AD44 (0x00210113) addi sp, sp, 2
x2 <- 0x00000002


mem[X,0x8002AD48] -> 0x006F
mem[X,0x8002AD4A] -> 0x00C0
[4438] [M]: 0x8002AD48 (0x00C0006F) jal zero, 12


mem[X,0x8002AD54] -> 0xA423
mem[X,0x8002AD56] -> 0x7020
[4439] [M]: 0x8002AD54 (0x7020A423) sw sp, 1800(ra)
mem[0x8003A870] <- 0x00000002


mem[X,0x8002AD58] -> 0x0513
mem[X,0x8002AD5A] -> 0x0040
[4440] [M]: 0x8002AD58 (0x00400513) addi a0, zero, 4
x10 <- 0x00000004


mem[X,0x8002AD5C] -> 0x55B7
mem[X,0x8002AD5E] -> 0xFFFF
[4441] [M]: 0x8002AD5C (0xFFFF55B7) lui a1, 1048565
x11 <- 0xFFFF5000


mem[X,0x8002AD60] -> 0x8593
mem[X,0x8002AD62] -> 0xAFD5
[4442] [M]: 0x8002AD60 (0xAFD58593) addi a1, a1, 2813
x11 <- 0xFFFF4AFD


mem[X,0x8002AD64] -> 0x0113
mem[X,0x8002AD66] -> 0x0000
[4443] [M]: 0x8002AD64 (0x00000113) addi sp, zero, 0
x2 <- 0x00000000


mem[X,0x8002AD68] -> 0x006F
mem[X,0x8002AD6A] -> 0x00C0
[4444] [M]: 0x8002AD68 (0x00C0006F) jal zero, 12


mem[X,0x8002AD74] -> 0x0863
mem[X,0x8002AD76] -> 0x00B5
[4445] [M]: 0x8002AD74 (0x00B50863) beq a0, a1, 16


mem[X,0x8002AD78] -> 0x0113
mem[X,0x8002AD7A] -> 0x0021
[4446] [M]: 0x8002AD78 (0x00210113) addi sp, sp, 2
x2 <- 0x00000002


mem[X,0x8002AD7C] -> 0x006F
mem[X,0x8002AD7E] -> 0x0100
[4447] [M]: 0x8002AD7C (0x0100006F) jal zero, 16


mem[X,0x8002AD8C] -> 0xA623
mem[X,0x8002AD8E] -> 0x7020
[4448] [M]: 0x8002AD8C (0x7020A623) sw sp, 1804(ra)
mem[0x8003A874] <- 0x00000002


mem[X,0x8002AD90] -> 0x0513
mem[X,0x8002AD92] -> 0x0040
[4449] [M]: 0x8002AD90 (0x00400513) addi a0, zero, 4
x10 <- 0x00000004


mem[X,0x8002AD94] -> 0xB5B7
mem[X,0x8002AD96] -> 0x0000
[4450] [M]: 0x8002AD94 (0x0000B5B7) lui a1, 11
x11 <- 0x0000B000


mem[X,0x8002AD98] -> 0x8593
mem[X,0x8002AD9A] -> 0x5055
[4451] [M]: 0x8002AD98 (0x50558593) addi a1, a1, 1285
x11 <- 0x0000B505


mem[X,0x8002AD9C] -> 0x0113
mem[X,0x8002AD9E] -> 0x0000
[4452] [M]: 0x8002AD9C (0x00000113) addi sp, zero, 0
x2 <- 0x00000000


mem[X,0x8002ADA0] -> 0x006F
mem[X,0x8002ADA2] -> 0x00C0
[4453] [M]: 0x8002ADA0 (0x00C0006F) jal zero, 12


mem[X,0x8002ADAC] -> 0x0063
mem[X,0x8002ADAE] -> 0x20B5
[4454] [M]: 0x8002ADAC (0x20B50063) beq a0, a1, 512


mem[X,0x8002ADB0] -> 0x0113
mem[X,0x8002ADB2] -> 0x0021
[4455] [M]: 0x8002ADB0 (0x00210113) addi sp, sp, 2
x2 <- 0x00000002


mem[X,0x8002ADB4] -> 0x006F
mem[X,0x8002ADB6] -> 0x2000
[4456] [M]: 0x8002ADB4 (0x2000006F) jal zero, 512


mem[X,0x8002AFB4] -> 0xA823
mem[X,0x8002AFB6] -> 0x7020
[4457] [M]: 0x8002AFB4 (0x7020A823) sw sp, 1808(ra)
mem[0x8003A878] <- 0x00000002


mem[X,0x8002AFB8] -> 0x3537
mem[X,0x8002AFBA] -> 0x3333
[4458] [M]: 0x8002AFB8 (0x33333537) lui a0, 209715
x10 <- 0x33333000


mem[X,0x8002AFBC] -> 0x0513
mem[X,0x8002AFBE] -> 0x3325
[4459] [M]: 0x8002AFBC (0x33250513) addi a0, a0, 818
x10 <- 0x33333332


mem[X,0x8002AFC0] -> 0x0593
mem[X,0x8002AFC2] -> 0x0030
[4460] [M]: 0x8002AFC0 (0x00300593) addi a1, zero, 3
x11 <- 0x00000003


mem[X,0x8002AFC4] -> 0x0113
mem[X,0x8002AFC6] -> 0x0000
[4461] [M]: 0x8002AFC4 (0x00000113) addi sp, zero, 0
x2 <- 0x00000000


mem[X,0x8002AFC8] -> 0x006F
mem[X,0x8002AFCA] -> 0x00C0
[4462] [M]: 0x8002AFC8 (0x00C0006F) jal zero, 12


mem[X,0x8002AFD4] -> 0x0063
mem[X,0x8002AFD6] -> 0x20B5
[4463] [M]: 0x8002AFD4 (0x20B50063) beq a0, a1, 512


mem[X,0x8002AFD8] -> 0x0113
mem[X,0x8002AFDA] -> 0x0021
[4464] [M]: 0x8002AFD8 (0x00210113) addi sp, sp, 2
x2 <- 0x00000002


mem[X,0x8002AFDC] -> 0x006F
mem[X,0x8002AFDE] -> 0x2000
[4465] [M]: 0x8002AFDC (0x2000006F) jal zero, 512


mem[X,0x8002B1DC] -> 0xAA23
mem[X,0x8002B1DE] -> 0x7020
[4466] [M]: 0x8002B1DC (0x7020AA23) sw sp, 1812(ra)
mem[0x8003A87C] <- 0x00000002


mem[X,0x8002B1E0] -> 0x3537
mem[X,0x8002B1E2] -> 0x3333
[4467] [M]: 0x8002B1E0 (0x33333537) lui a0, 209715
x10 <- 0x33333000


mem[X,0x8002B1E4] -> 0x0513
mem[X,0x8002B1E6] -> 0x3325
[4468] [M]: 0x8002B1E4 (0x33250513) addi a0, a0, 818
x10 <- 0x33333332


mem[X,0x8002B1E8] -> 0x55B7
mem[X,0x8002B1EA] -> 0x5555
[4469] [M]: 0x8002B1E8 (0x555555B7) lui a1, 349525
x11 <- 0x55555000


mem[X,0x8002B1EC] -> 0x8593
mem[X,0x8002B1EE] -> 0x5555
[4470] [M]: 0x8002B1EC (0x55558593) addi a1, a1, 1365
x11 <- 0x55555555


mem[X,0x8002B1F0] -> 0x0113
mem[X,0x8002B1F2] -> 0x0000
[4471] [M]: 0x8002B1F0 (0x00000113) addi sp, zero, 0
x2 <- 0x00000000


mem[X,0x8002B1F4] -> 0x006F
mem[X,0x8002B1F6] -> 0x00C0
[4472] [M]: 0x8002B1F4 (0x00C0006F) jal zero, 12


mem[X,0x8002B200] -> 0x0663
mem[X,0x8002B202] -> 0x00B5
[4473] [M]: 0x8002B200 (0x00B50663) beq a0, a1, 12


mem[X,0x8002B204] -> 0x0113
mem[X,0x8002B206] -> 0x0021
[4474] [M]: 0x8002B204 (0x00210113) addi sp, sp, 2
x2 <- 0x00000002


mem[X,0x8002B208] -> 0x006F
mem[X,0x8002B20A] -> 0x00C0
[4475] [M]: 0x8002B208 (0x00C0006F) jal zero, 12


mem[X,0x8002B214] -> 0xAC23
mem[X,0x8002B216] -> 0x7020
[4476] [M]: 0x8002B214 (0x7020AC23) sw sp, 1816(ra)
mem[0x8003A880] <- 0x00000002


mem[X,0x8002B218] -> 0x3537
mem[X,0x8002B21A] -> 0x3333
[4477] [M]: 0x8002B218 (0x33333537) lui a0, 209715
x10 <- 0x33333000


mem[X,0x8002B21C] -> 0x0513
mem[X,0x8002B21E] -> 0x3325
[4478] [M]: 0x8002B21C (0x33250513) addi a0, a0, 818
x10 <- 0x33333332


mem[X,0x8002B220] -> 0xB5B7
mem[X,0x8002B222] -> 0xAAAA
[4479] [M]: 0x8002B220 (0xAAAAB5B7) lui a1, 699051
x11 <- 0xAAAAB000


mem[X,0x8002B224] -> 0x8593
mem[X,0x8002B226] -> 0xAAA5
[4480] [M]: 0x8002B224 (0xAAA58593) addi a1, a1, 2730
x11 <- 0xAAAAAAAA


mem[X,0x8002B228] -> 0x0113
mem[X,0x8002B22A] -> 0x0000
[4481] [M]: 0x8002B228 (0x00000113) addi sp, zero, 0
x2 <- 0x00000000


mem[X,0x8002B22C] -> 0x006F
mem[X,0x8002B22E] -> 0x2B10
[4482] [M]: 0x8002B22C (0x2B10006F) jal zero, 2736


mem[X,0x8002BCDC] -> 0x0A63
mem[X,0x8002BCDE] -> 0xD4B5
[4483] [M]: 0x8002BCDC (0xD4B50A63) beq a0, a1, 5460


mem[X,0x8002BCE0] -> 0x0113
mem[X,0x8002BCE2] -> 0x0021
[4484] [M]: 0x8002BCE0 (0x00210113) addi sp, sp, 2
x2 <- 0x00000002


mem[X,0x8002BCE4] -> 0x006F
mem[X,0x8002BCE6] -> 0x00C0
[4485] [M]: 0x8002BCE4 (0x00C0006F) jal zero, 12


mem[X,0x8002BCF0] -> 0xAE23
mem[X,0x8002BCF2] -> 0x7020
[4486] [M]: 0x8002BCF0 (0x7020AE23) sw sp, 1820(ra)
mem[0x8003A884] <- 0x00000002


mem[X,0x8002BCF4] -> 0x3537
mem[X,0x8002BCF6] -> 0x3333
[4487] [M]: 0x8002BCF4 (0x33333537) lui a0, 209715
x10 <- 0x33333000


mem[X,0x8002BCF8] -> 0x0513
mem[X,0x8002BCFA] -> 0x3325
[4488] [M]: 0x8002BCF8 (0x33250513) addi a0, a0, 818
x10 <- 0x33333332


mem[X,0x8002BCFC] -> 0x0593
mem[X,0x8002BCFE] -> 0x0050
[4489] [M]: 0x8002BCFC (0x00500593) addi a1, zero, 5
x11 <- 0x00000005


mem[X,0x8002BD00] -> 0x0113
mem[X,0x8002BD02] -> 0x0000
[4490] [M]: 0x8002BD00 (0x00000113) addi sp, zero, 0
x2 <- 0x00000000


mem[X,0x8002BD04] -> 0x006F
mem[X,0x8002BD06] -> 0x0140
[4491] [M]: 0x8002BD04 (0x0140006F) jal zero, 20


mem[X,0x8002BD18] -> 0x08E3
mem[X,0x8002BD1A] -> 0xFEB5
[4492] [M]: 0x8002BD18 (0xFEB508E3) beq a0, a1, 8176


mem[X,0x8002BD1C] -> 0x0113
mem[X,0x8002BD1E] -> 0x0021
[4493] [M]: 0x8002BD1C (0x00210113) addi sp, sp, 2
x2 <- 0x00000002


mem[X,0x8002BD20] -> 0x006F
mem[X,0x8002BD22] -> 0x00C0
[4494] [M]: 0x8002BD20 (0x00C0006F) jal zero, 12


mem[X,0x8002BD2C] -> 0xA023
mem[X,0x8002BD2E] -> 0x7220
[4495] [M]: 0x8002BD2C (0x7220A023) sw sp, 1824(ra)
mem[0x8003A888] <- 0x00000002


mem[X,0x8002BD30] -> 0x3537
mem[X,0x8002BD32] -> 0x3333
[4496] [M]: 0x8002BD30 (0x33333537) lui a0, 209715
x10 <- 0x33333000


mem[X,0x8002BD34] -> 0x0513
mem[X,0x8002BD36] -> 0x3325
[4497] [M]: 0x8002BD34 (0x33250513) addi a0, a0, 818
x10 <- 0x33333332


mem[X,0x8002BD38] -> 0x35B7
mem[X,0x8002BD3A] -> 0x3333
[4498] [M]: 0x8002BD38 (0x333335B7) lui a1, 209715
x11 <- 0x33333000


mem[X,0x8002BD3C] -> 0x8593
mem[X,0x8002BD3E] -> 0x3335
[4499] [M]: 0x8002BD3C (0x33358593) addi a1, a1, 819
x11 <- 0x33333333


clint::tick mtime <- 0x000000000000002D
 clint timer pending at mtime 0x000000000000002D
htif::tick 0x0000000000000000
mem[X,0x8002BD40] -> 0x0113
mem[X,0x8002BD42] -> 0x0000
[4500] [M]: 0x8002BD40 (0x00000113) addi sp, zero, 0
x2 <- 0x00000000


mem[X,0x8002BD44] -> 0x006F
mem[X,0x8002BD46] -> 0x00C0
[4501] [M]: 0x8002BD44 (0x00C0006F) jal zero, 12


mem[X,0x8002BD50] -> 0x0063
mem[X,0x8002BD52] -> 0x04B5
[4502] [M]: 0x8002BD50 (0x04B50063) beq a0, a1, 64


mem[X,0x8002BD54] -> 0x0113
mem[X,0x8002BD56] -> 0x0021
[4503] [M]: 0x8002BD54 (0x00210113) addi sp, sp, 2
x2 <- 0x00000002


mem[X,0x8002BD58] -> 0x006F
mem[X,0x8002BD5A] -> 0x0400
[4504] [M]: 0x8002BD58 (0x0400006F) jal zero, 64


mem[X,0x8002BD98] -> 0xA223
mem[X,0x8002BD9A] -> 0x7220
[4505] [M]: 0x8002BD98 (0x7220A223) sw sp, 1828(ra)
mem[0x8003A88C] <- 0x00000002


mem[X,0x8002BD9C] -> 0x3537
mem[X,0x8002BD9E] -> 0x3333
[4506] [M]: 0x8002BD9C (0x33333537) lui a0, 209715
x10 <- 0x33333000


mem[X,0x8002BDA0] -> 0x0513
mem[X,0x8002BDA2] -> 0x3325
[4507] [M]: 0x8002BDA0 (0x33250513) addi a0, a0, 818
x10 <- 0x33333332


mem[X,0x8002BDA4] -> 0x65B7
mem[X,0x8002BDA6] -> 0x6666
[4508] [M]: 0x8002BDA4 (0x666665B7) lui a1, 419430
x11 <- 0x66666000


mem[X,0x8002BDA8] -> 0x8593
mem[X,0x8002BDAA] -> 0x6665
[4509] [M]: 0x8002BDA8 (0x66658593) addi a1, a1, 1638
x11 <- 0x66666666


mem[X,0x8002BDAC] -> 0x0113
mem[X,0x8002BDAE] -> 0x0000
[4510] [M]: 0x8002BDAC (0x00000113) addi sp, zero, 0
x2 <- 0x00000000


mem[X,0x8002BDB0] -> 0x006F
mem[X,0x8002BDB2] -> 0x00C0
[4511] [M]: 0x8002BDB0 (0x00C0006F) jal zero, 12


mem[X,0x8002BDBC] -> 0x0663
mem[X,0x8002BDBE] -> 0x00B5
[4512] [M]: 0x8002BDBC (0x00B50663) beq a0, a1, 12


mem[X,0x8002BDC0] -> 0x0113
mem[X,0x8002BDC2] -> 0x0021
[4513] [M]: 0x8002BDC0 (0x00210113) addi sp, sp, 2
x2 <- 0x00000002


mem[X,0x8002BDC4] -> 0x006F
mem[X,0x8002BDC6] -> 0x00C0
[4514] [M]: 0x8002BDC4 (0x00C0006F) jal zero, 12


mem[X,0x8002BDD0] -> 0xA423
mem[X,0x8002BDD2] -> 0x7220
[4515] [M]: 0x8002BDD0 (0x7220A423) sw sp, 1832(ra)
mem[0x8003A890] <- 0x00000002


mem[X,0x8002BDD4] -> 0x3537
mem[X,0x8002BDD6] -> 0x3333
[4516] [M]: 0x8002BDD4 (0x33333537) lui a0, 209715
x10 <- 0x33333000


mem[X,0x8002BDD8] -> 0x0513
mem[X,0x8002BDDA] -> 0x3325
[4517] [M]: 0x8002BDD8 (0x33250513) addi a0, a0, 818
x10 <- 0x33333332


mem[X,0x8002BDDC] -> 0x55B7
mem[X,0x8002BDDE] -> 0xFFFF
[4518] [M]: 0x8002BDDC (0xFFFF55B7) lui a1, 1048565
x11 <- 0xFFFF5000


mem[X,0x8002BDE0] -> 0x8593
mem[X,0x8002BDE2] -> 0xAFC5
[4519] [M]: 0x8002BDE0 (0xAFC58593) addi a1, a1, 2812
x11 <- 0xFFFF4AFC


mem[X,0x8002BDE4] -> 0x0113
mem[X,0x8002BDE6] -> 0x0000
[4520] [M]: 0x8002BDE4 (0x00000113) addi sp, zero, 0
x2 <- 0x00000000


mem[X,0x8002BDE8] -> 0x006F
mem[X,0x8002BDEA] -> 0x00C0
[4521] [M]: 0x8002BDE8 (0x00C0006F) jal zero, 12


mem[X,0x8002BDF4] -> 0x0063
mem[X,0x8002BDF6] -> 0x20B5
[4522] [M]: 0x8002BDF4 (0x20B50063) beq a0, a1, 512


mem[X,0x8002BDF8] -> 0x0113
mem[X,0x8002BDFA] -> 0x0021
[4523] [M]: 0x8002BDF8 (0x00210113) addi sp, sp, 2
x2 <- 0x00000002


mem[X,0x8002BDFC] -> 0x006F
mem[X,0x8002BDFE] -> 0x2000
[4524] [M]: 0x8002BDFC (0x2000006F) jal zero, 512


mem[X,0x8002BFFC] -> 0xA623
mem[X,0x8002BFFE] -> 0x7220
[4525] [M]: 0x8002BFFC (0x7220A623) sw sp, 1836(ra)
mem[0x8003A894] <- 0x00000002


mem[X,0x8002C000] -> 0x3537
mem[X,0x8002C002] -> 0x3333
[4526] [M]: 0x8002C000 (0x33333537) lui a0, 209715
x10 <- 0x33333000


mem[X,0x8002C004] -> 0x0513
mem[X,0x8002C006] -> 0x3325
[4527] [M]: 0x8002C004 (0x33250513) addi a0, a0, 818
x10 <- 0x33333332


mem[X,0x8002C008] -> 0xB5B7
mem[X,0x8002C00A] -> 0x0000
[4528] [M]: 0x8002C008 (0x0000B5B7) lui a1, 11
x11 <- 0x0000B000


mem[X,0x8002C00C] -> 0x8593
mem[X,0x8002C00E] -> 0x5045
[4529] [M]: 0x8002C00C (0x50458593) addi a1, a1, 1284
x11 <- 0x0000B504


mem[X,0x8002C010] -> 0x0113
mem[X,0x8002C012] -> 0x0000
[4530] [M]: 0x8002C010 (0x00000113) addi sp, zero, 0
x2 <- 0x00000000


mem[X,0x8002C014] -> 0x006F
mem[X,0x8002C016] -> 0x00C0
[4531] [M]: 0x8002C014 (0x00C0006F) jal zero, 12


mem[X,0x8002C020] -> 0x0063
mem[X,0x8002C022] -> 0x04B5
[4532] [M]: 0x8002C020 (0x04B50063) beq a0, a1, 64


mem[X,0x8002C024] -> 0x0113
mem[X,0x8002C026] -> 0x0021
[4533] [M]: 0x8002C024 (0x00210113) addi sp, sp, 2
x2 <- 0x00000002


mem[X,0x8002C028] -> 0x006F
mem[X,0x8002C02A] -> 0x0400
[4534] [M]: 0x8002C028 (0x0400006F) jal zero, 64


mem[X,0x8002C068] -> 0xA823
mem[X,0x8002C06A] -> 0x7220
[4535] [M]: 0x8002C068 (0x7220A823) sw sp, 1840(ra)
mem[0x8003A898] <- 0x00000002


mem[X,0x8002C06C] -> 0x3537
mem[X,0x8002C06E] -> 0x3333
[4536] [M]: 0x8002C06C (0x33333537) lui a0, 209715
x10 <- 0x33333000


mem[X,0x8002C070] -> 0x0513
mem[X,0x8002C072] -> 0x3325
[4537] [M]: 0x8002C070 (0x33250513) addi a0, a0, 818
x10 <- 0x33333332


mem[X,0x8002C074] -> 0x0593
mem[X,0x8002C076] -> 0x0020
[4538] [M]: 0x8002C074 (0x00200593) addi a1, zero, 2
x11 <- 0x00000002


mem[X,0x8002C078] -> 0x0113
mem[X,0x8002C07A] -> 0x0000
[4539] [M]: 0x8002C078 (0x00000113) addi sp, zero, 0
x2 <- 0x00000000


mem[X,0x8002C07C] -> 0x006F
mem[X,0x8002C07E] -> 0x00C0
[4540] [M]: 0x8002C07C (0x00C0006F) jal zero, 12


mem[X,0x8002C088] -> 0x0863
mem[X,0x8002C08A] -> 0x00B5
[4541] [M]: 0x8002C088 (0x00B50863) beq a0, a1, 16


mem[X,0x8002C08C] -> 0x0113
mem[X,0x8002C08E] -> 0x0021
[4542] [M]: 0x8002C08C (0x00210113) addi sp, sp, 2
x2 <- 0x00000002


mem[X,0x8002C090] -> 0x006F
mem[X,0x8002C092] -> 0x0100
[4543] [M]: 0x8002C090 (0x0100006F) jal zero, 16


mem[X,0x8002C0A0] -> 0xAA23
mem[X,0x8002C0A2] -> 0x7220
[4544] [M]: 0x8002C0A0 (0x7220AA23) sw sp, 1844(ra)
mem[0x8003A89C] <- 0x00000002


mem[X,0x8002C0A4] -> 0x3537
mem[X,0x8002C0A6] -> 0x3333
[4545] [M]: 0x8002C0A4 (0x33333537) lui a0, 209715
x10 <- 0x33333000


mem[X,0x8002C0A8] -> 0x0513
mem[X,0x8002C0AA] -> 0x3325
[4546] [M]: 0x8002C0A8 (0x33250513) addi a0, a0, 818
x10 <- 0x33333332


mem[X,0x8002C0AC] -> 0x55B7
mem[X,0x8002C0AE] -> 0x5555
[4547] [M]: 0x8002C0AC (0x555555B7) lui a1, 349525
x11 <- 0x55555000


mem[X,0x8002C0B0] -> 0x8593
mem[X,0x8002C0B2] -> 0x5545
[4548] [M]: 0x8002C0B0 (0x55458593) addi a1, a1, 1364
x11 <- 0x55555554


mem[X,0x8002C0B4] -> 0x0113
mem[X,0x8002C0B6] -> 0x0000
[4549] [M]: 0x8002C0B4 (0x00000113) addi sp, zero, 0
x2 <- 0x00000000


mem[X,0x8002C0B8] -> 0x006F
mem[X,0x8002C0BA] -> 0x2B10
[4550] [M]: 0x8002C0B8 (0x2B10006F) jal zero, 2736


mem[X,0x8002CB68] -> 0x0A63
mem[X,0x8002CB6A] -> 0xD4B5
[4551] [M]: 0x8002CB68 (0xD4B50A63) beq a0, a1, 5460


mem[X,0x8002CB6C] -> 0x0113
mem[X,0x8002CB6E] -> 0x0021
[4552] [M]: 0x8002CB6C (0x00210113) addi sp, sp, 2
x2 <- 0x00000002


mem[X,0x8002CB70] -> 0x006F
mem[X,0x8002CB72] -> 0x00C0
[4553] [M]: 0x8002CB70 (0x00C0006F) jal zero, 12


mem[X,0x8002CB7C] -> 0xAC23
mem[X,0x8002CB7E] -> 0x7220
[4554] [M]: 0x8002CB7C (0x7220AC23) sw sp, 1848(ra)
mem[0x8003A8A0] <- 0x00000002


mem[X,0x8002CB80] -> 0x3537
mem[X,0x8002CB82] -> 0x3333
[4555] [M]: 0x8002CB80 (0x33333537) lui a0, 209715
x10 <- 0x33333000


mem[X,0x8002CB84] -> 0x0513
mem[X,0x8002CB86] -> 0x3325
[4556] [M]: 0x8002CB84 (0x33250513) addi a0, a0, 818
x10 <- 0x33333332


mem[X,0x8002CB88] -> 0x0593
mem[X,0x8002CB8A] -> 0x0000
[4557] [M]: 0x8002CB88 (0x00000593) addi a1, zero, 0
x11 <- 0x00000000


mem[X,0x8002CB8C] -> 0x0113
mem[X,0x8002CB8E] -> 0x0000
[4558] [M]: 0x8002CB8C (0x00000113) addi sp, zero, 0
x2 <- 0x00000000


mem[X,0x8002CB90] -> 0x006F
mem[X,0x8002CB92] -> 0x0140
[4559] [M]: 0x8002CB90 (0x0140006F) jal zero, 20


mem[X,0x8002CBA4] -> 0x08E3
mem[X,0x8002CBA6] -> 0xFEB5
[4560] [M]: 0x8002CBA4 (0xFEB508E3) beq a0, a1, 8176


mem[X,0x8002CBA8] -> 0x0113
mem[X,0x8002CBAA] -> 0x0021
[4561] [M]: 0x8002CBA8 (0x00210113) addi sp, sp, 2
x2 <- 0x00000002


mem[X,0x8002CBAC] -> 0x006F
mem[X,0x8002CBAE] -> 0x00C0
[4562] [M]: 0x8002CBAC (0x00C0006F) jal zero, 12


mem[X,0x8002CBB8] -> 0xAE23
mem[X,0x8002CBBA] -> 0x7220
[4563] [M]: 0x8002CBB8 (0x7220AE23) sw sp, 1852(ra)
mem[0x8003A8A4] <- 0x00000002


mem[X,0x8002CBBC] -> 0x3537
mem[X,0x8002CBBE] -> 0x3333
[4564] [M]: 0x8002CBBC (0x33333537) lui a0, 209715
x10 <- 0x33333000


mem[X,0x8002CBC0] -> 0x0513
mem[X,0x8002CBC2] -> 0x3325
[4565] [M]: 0x8002CBC0 (0x33250513) addi a0, a0, 818
x10 <- 0x33333332


mem[X,0x8002CBC4] -> 0x0593
mem[X,0x8002CBC6] -> 0x0040
[4566] [M]: 0x8002CBC4 (0x00400593) addi a1, zero, 4
x11 <- 0x00000004


mem[X,0x8002CBC8] -> 0x0113
mem[X,0x8002CBCA] -> 0x0000
[4567] [M]: 0x8002CBC8 (0x00000113) addi sp, zero, 0
x2 <- 0x00000000


mem[X,0x8002CBCC] -> 0x006F
mem[X,0x8002CBCE] -> 0x2B10
[4568] [M]: 0x8002CBCC (0x2B10006F) jal zero, 2736


mem[X,0x8002D67C] -> 0x0A63
mem[X,0x8002D67E] -> 0xD4B5
[4569] [M]: 0x8002D67C (0xD4B50A63) beq a0, a1, 5460


mem[X,0x8002D680] -> 0x0113
mem[X,0x8002D682] -> 0x0021
[4570] [M]: 0x8002D680 (0x00210113) addi sp, sp, 2
x2 <- 0x00000002


mem[X,0x8002D684] -> 0x006F
mem[X,0x8002D686] -> 0x00C0
[4571] [M]: 0x8002D684 (0x00C0006F) jal zero, 12


mem[X,0x8002D690] -> 0xA023
mem[X,0x8002D692] -> 0x7420
[4572] [M]: 0x8002D690 (0x7420A023) sw sp, 1856(ra)
mem[0x8003A8A8] <- 0x00000002


mem[X,0x8002D694] -> 0x3537
mem[X,0x8002D696] -> 0x3333
[4573] [M]: 0x8002D694 (0x33333537) lui a0, 209715
x10 <- 0x33333000


mem[X,0x8002D698] -> 0x0513
mem[X,0x8002D69A] -> 0x3325
[4574] [M]: 0x8002D698 (0x33250513) addi a0, a0, 818
x10 <- 0x33333332


mem[X,0x8002D69C] -> 0x35B7
mem[X,0x8002D69E] -> 0x3333
[4575] [M]: 0x8002D69C (0x333335B7) lui a1, 209715
x11 <- 0x33333000


mem[X,0x8002D6A0] -> 0x8593
mem[X,0x8002D6A2] -> 0x3325
[4576] [M]: 0x8002D6A0 (0x33258593) addi a1, a1, 818
x11 <- 0x33333332


mem[X,0x8002D6A4] -> 0x0113
mem[X,0x8002D6A6] -> 0x0000
[4577] [M]: 0x8002D6A4 (0x00000113) addi sp, zero, 0
x2 <- 0x00000000


mem[X,0x8002D6A8] -> 0x006F
mem[X,0x8002D6AA] -> 0x00C0
[4578] [M]: 0x8002D6A8 (0x00C0006F) jal zero, 12


mem[X,0x8002D6B4] -> 0x0663
mem[X,0x8002D6B6] -> 0x00B5
[4579] [M]: 0x8002D6B4 (0x00B50663) beq a0, a1, 12


mem[X,0x8002D6C0] -> 0x0113
mem[X,0x8002D6C2] -> 0x0031
[4580] [M]: 0x8002D6C0 (0x00310113) addi sp, sp, 3
x2 <- 0x00000003


mem[X,0x8002D6C4] -> 0x006F
mem[X,0x8002D6C6] -> 0x0040
[4581] [M]: 0x8002D6C4 (0x0040006F) jal zero, 4


mem[X,0x8002D6C8] -> 0xA223
mem[X,0x8002D6CA] -> 0x7420
[4582] [M]: 0x8002D6C8 (0x7420A223) sw sp, 1860(ra)
mem[0x8003A8AC] <- 0x00000003


mem[X,0x8002D6CC] -> 0x3537
mem[X,0x8002D6CE] -> 0x3333
[4583] [M]: 0x8002D6CC (0x33333537) lui a0, 209715
x10 <- 0x33333000


mem[X,0x8002D6D0] -> 0x0513
mem[X,0x8002D6D2] -> 0x3325
[4584] [M]: 0x8002D6D0 (0x33250513) addi a0, a0, 818
x10 <- 0x33333332


mem[X,0x8002D6D4] -> 0x65B7
mem[X,0x8002D6D6] -> 0x6666
[4585] [M]: 0x8002D6D4 (0x666665B7) lui a1, 419430
x11 <- 0x66666000


mem[X,0x8002D6D8] -> 0x8593
mem[X,0x8002D6DA] -> 0x6655
[4586] [M]: 0x8002D6D8 (0x66558593) addi a1, a1, 1637
x11 <- 0x66666665


mem[X,0x8002D6DC] -> 0x0113
mem[X,0x8002D6DE] -> 0x0000
[4587] [M]: 0x8002D6DC (0x00000113) addi sp, zero, 0
x2 <- 0x00000000


mem[X,0x8002D6E0] -> 0x006F
mem[X,0x8002D6E2] -> 0x00C0
[4588] [M]: 0x8002D6E0 (0x00C0006F) jal zero, 12


mem[X,0x8002D6EC] -> 0x0063
mem[X,0x8002D6EE] -> 0x20B5
[4589] [M]: 0x8002D6EC (0x20B50063) beq a0, a1, 512


mem[X,0x8002D6F0] -> 0x0113
mem[X,0x8002D6F2] -> 0x0021
[4590] [M]: 0x8002D6F0 (0x00210113) addi sp, sp, 2
x2 <- 0x00000002


mem[X,0x8002D6F4] -> 0x006F
mem[X,0x8002D6F6] -> 0x2000
[4591] [M]: 0x8002D6F4 (0x2000006F) jal zero, 512


mem[X,0x8002D8F4] -> 0xA423
mem[X,0x8002D8F6] -> 0x7420
[4592] [M]: 0x8002D8F4 (0x7420A423) sw sp, 1864(ra)
mem[0x8003A8B0] <- 0x00000002


mem[X,0x8002D8F8] -> 0x3537
mem[X,0x8002D8FA] -> 0x3333
[4593] [M]: 0x8002D8F8 (0x33333537) lui a0, 209715
x10 <- 0x33333000


mem[X,0x8002D8FC] -> 0x0513
mem[X,0x8002D8FE] -> 0x3325
[4594] [M]: 0x8002D8FC (0x33250513) addi a0, a0, 818
x10 <- 0x33333332


mem[X,0x8002D900] -> 0xB5B7
mem[X,0x8002D902] -> 0x0000
[4595] [M]: 0x8002D900 (0x0000B5B7) lui a1, 11
x11 <- 0x0000B000


mem[X,0x8002D904] -> 0x8593
mem[X,0x8002D906] -> 0x5035
[4596] [M]: 0x8002D904 (0x50358593) addi a1, a1, 1283
x11 <- 0x0000B503


mem[X,0x8002D908] -> 0x0113
mem[X,0x8002D90A] -> 0x0000
[4597] [M]: 0x8002D908 (0x00000113) addi sp, zero, 0
x2 <- 0x00000000


mem[X,0x8002D90C] -> 0x006F
mem[X,0x8002D90E] -> 0x00C0
[4598] [M]: 0x8002D90C (0x00C0006F) jal zero, 12


mem[X,0x8002D918] -> 0x0CE3
mem[X,0x8002D91A] -> 0xFEB5
[4599] [M]: 0x8002D918 (0xFEB50CE3) beq a0, a1, 8184


clint::tick mtime <- 0x000000000000002E
 clint timer pending at mtime 0x000000000000002E
htif::tick 0x0000000000000000
mem[X,0x8002D91C] -> 0x0113
mem[X,0x8002D91E] -> 0x0021
[4600] [M]: 0x8002D91C (0x00210113) addi sp, sp, 2
x2 <- 0x00000002


mem[X,0x8002D920] -> 0x006F
mem[X,0x8002D922] -> 0x00C0
[4601] [M]: 0x8002D920 (0x00C0006F) jal zero, 12


mem[X,0x8002D92C] -> 0xA623
mem[X,0x8002D92E] -> 0x7420
[4602] [M]: 0x8002D92C (0x7420A623) sw sp, 1868(ra)
mem[0x8003A8B4] <- 0x00000002


mem[X,0x8002D930] -> 0x3537
mem[X,0x8002D932] -> 0x3333
[4603] [M]: 0x8002D930 (0x33333537) lui a0, 209715
x10 <- 0x33333000


mem[X,0x8002D934] -> 0x0513
mem[X,0x8002D936] -> 0x3325
[4604] [M]: 0x8002D934 (0x33250513) addi a0, a0, 818
x10 <- 0x33333332


mem[X,0x8002D938] -> 0x55B7
mem[X,0x8002D93A] -> 0x5555
[4605] [M]: 0x8002D938 (0x555555B7) lui a1, 349525
x11 <- 0x55555000


mem[X,0x8002D93C] -> 0x8593
mem[X,0x8002D93E] -> 0x5565
[4606] [M]: 0x8002D93C (0x55658593) addi a1, a1, 1366
x11 <- 0x55555556


mem[X,0x8002D940] -> 0x0113
mem[X,0x8002D942] -> 0x0000
[4607] [M]: 0x8002D940 (0x00000113) addi sp, zero, 0
x2 <- 0x00000000


mem[X,0x8002D944] -> 0x006F
mem[X,0x8002D946] -> 0x00C0
[4608] [M]: 0x8002D944 (0x00C0006F) jal zero, 12


mem[X,0x8002D950] -> 0x0863
mem[X,0x8002D952] -> 0x00B5
[4609] [M]: 0x8002D950 (0x00B50863) beq a0, a1, 16


mem[X,0x8002D954] -> 0x0113
mem[X,0x8002D956] -> 0x0021
[4610] [M]: 0x8002D954 (0x00210113) addi sp, sp, 2
x2 <- 0x00000002


mem[X,0x8002D958] -> 0x006F
mem[X,0x8002D95A] -> 0x0100
[4611] [M]: 0x8002D958 (0x0100006F) jal zero, 16


mem[X,0x8002D968] -> 0xA823
mem[X,0x8002D96A] -> 0x7420
[4612] [M]: 0x8002D968 (0x7420A823) sw sp, 1872(ra)
mem[0x8003A8B8] <- 0x00000002


mem[X,0x8002D96C] -> 0x3537
mem[X,0x8002D96E] -> 0x3333
[4613] [M]: 0x8002D96C (0x33333537) lui a0, 209715
x10 <- 0x33333000


mem[X,0x8002D970] -> 0x0513
mem[X,0x8002D972] -> 0x3325
[4614] [M]: 0x8002D970 (0x33250513) addi a0, a0, 818
x10 <- 0x33333332


mem[X,0x8002D974] -> 0xB5B7
mem[X,0x8002D976] -> 0xAAAA
[4615] [M]: 0x8002D974 (0xAAAAB5B7) lui a1, 699051
x11 <- 0xAAAAB000


mem[X,0x8002D978] -> 0x8593
mem[X,0x8002D97A] -> 0xAAB5
[4616] [M]: 0x8002D978 (0xAAB58593) addi a1, a1, 2731
x11 <- 0xAAAAAAAB


mem[X,0x8002D97C] -> 0x0113
mem[X,0x8002D97E] -> 0x0000
[4617] [M]: 0x8002D97C (0x00000113) addi sp, zero, 0
x2 <- 0x00000000


mem[X,0x8002D980] -> 0x006F
mem[X,0x8002D982] -> 0x00C0
[4618] [M]: 0x8002D980 (0x00C0006F) jal zero, 12


mem[X,0x8002D98C] -> 0x0663
mem[X,0x8002D98E] -> 0x00B5
[4619] [M]: 0x8002D98C (0x00B50663) beq a0, a1, 12


mem[X,0x8002D990] -> 0x0113
mem[X,0x8002D992] -> 0x0021
[4620] [M]: 0x8002D990 (0x00210113) addi sp, sp, 2
x2 <- 0x00000002


mem[X,0x8002D994] -> 0x006F
mem[X,0x8002D996] -> 0x00C0
[4621] [M]: 0x8002D994 (0x00C0006F) jal zero, 12


mem[X,0x8002D9A0] -> 0xAA23
mem[X,0x8002D9A2] -> 0x7420
[4622] [M]: 0x8002D9A0 (0x7420AA23) sw sp, 1876(ra)
mem[0x8003A8BC] <- 0x00000002


mem[X,0x8002D9A4] -> 0x3537
mem[X,0x8002D9A6] -> 0x3333
[4623] [M]: 0x8002D9A4 (0x33333537) lui a0, 209715
x10 <- 0x33333000


mem[X,0x8002D9A8] -> 0x0513
mem[X,0x8002D9AA] -> 0x3325
[4624] [M]: 0x8002D9A8 (0x33250513) addi a0, a0, 818
x10 <- 0x33333332


mem[X,0x8002D9AC] -> 0x0593
mem[X,0x8002D9AE] -> 0x0060
[4625] [M]: 0x8002D9AC (0x00600593) addi a1, zero, 6
x11 <- 0x00000006


mem[X,0x8002D9B0] -> 0x0113
mem[X,0x8002D9B2] -> 0x0000
[4626] [M]: 0x8002D9B0 (0x00000113) addi sp, zero, 0
x2 <- 0x00000000


mem[X,0x8002D9B4] -> 0x006F
mem[X,0x8002D9B6] -> 0x00C0
[4627] [M]: 0x8002D9B4 (0x00C0006F) jal zero, 12


mem[X,0x8002D9C0] -> 0x0063
mem[X,0x8002D9C2] -> 0x10B5
[4628] [M]: 0x8002D9C0 (0x10B50063) beq a0, a1, 256


mem[X,0x8002D9C4] -> 0x0113
mem[X,0x8002D9C6] -> 0x0021
[4629] [M]: 0x8002D9C4 (0x00210113) addi sp, sp, 2
x2 <- 0x00000002


mem[X,0x8002D9C8] -> 0x006F
mem[X,0x8002D9CA] -> 0x1000
[4630] [M]: 0x8002D9C8 (0x1000006F) jal zero, 256


mem[X,0x8002DAC8] -> 0xAC23
mem[X,0x8002DACA] -> 0x7420
[4631] [M]: 0x8002DAC8 (0x7420AC23) sw sp, 1880(ra)
mem[0x8003A8C0] <- 0x00000002


mem[X,0x8002DACC] -> 0x3537
mem[X,0x8002DACE] -> 0x3333
[4632] [M]: 0x8002DACC (0x33333537) lui a0, 209715
x10 <- 0x33333000


mem[X,0x8002DAD0] -> 0x0513
mem[X,0x8002DAD2] -> 0x3325
[4633] [M]: 0x8002DAD0 (0x33250513) addi a0, a0, 818
x10 <- 0x33333332


mem[X,0x8002DAD4] -> 0x35B7
mem[X,0x8002DAD6] -> 0x3333
[4634] [M]: 0x8002DAD4 (0x333335B7) lui a1, 209715
x11 <- 0x33333000


mem[X,0x8002DAD8] -> 0x8593
mem[X,0x8002DADA] -> 0x3345
[4635] [M]: 0x8002DAD8 (0x33458593) addi a1, a1, 820
x11 <- 0x33333334


mem[X,0x8002DADC] -> 0x0113
mem[X,0x8002DADE] -> 0x0000
[4636] [M]: 0x8002DADC (0x00000113) addi sp, zero, 0
x2 <- 0x00000000


mem[X,0x8002DAE0] -> 0x006F
mem[X,0x8002DAE2] -> 0x00C0
[4637] [M]: 0x8002DAE0 (0x00C0006F) jal zero, 12


mem[X,0x8002DAEC] -> 0x0063
mem[X,0x8002DAEE] -> 0x20B5
[4638] [M]: 0x8002DAEC (0x20B50063) beq a0, a1, 512


mem[X,0x8002DAF0] -> 0x0113
mem[X,0x8002DAF2] -> 0x0021
[4639] [M]: 0x8002DAF0 (0x00210113) addi sp, sp, 2
x2 <- 0x00000002


mem[X,0x8002DAF4] -> 0x006F
mem[X,0x8002DAF6] -> 0x2000
[4640] [M]: 0x8002DAF4 (0x2000006F) jal zero, 512


mem[X,0x8002DCF4] -> 0xAE23
mem[X,0x8002DCF6] -> 0x7420
[4641] [M]: 0x8002DCF4 (0x7420AE23) sw sp, 1884(ra)
mem[0x8003A8C4] <- 0x00000002


mem[X,0x8002DCF8] -> 0x3537
mem[X,0x8002DCFA] -> 0x3333
[4642] [M]: 0x8002DCF8 (0x33333537) lui a0, 209715
x10 <- 0x33333000


mem[X,0x8002DCFC] -> 0x0513
mem[X,0x8002DCFE] -> 0x3325
[4643] [M]: 0x8002DCFC (0x33250513) addi a0, a0, 818
x10 <- 0x33333332


mem[X,0x8002DD00] -> 0x65B7
mem[X,0x8002DD02] -> 0x6666
[4644] [M]: 0x8002DD00 (0x666665B7) lui a1, 419430
x11 <- 0x66666000


mem[X,0x8002DD04] -> 0x8593
mem[X,0x8002DD06] -> 0x6675
[4645] [M]: 0x8002DD04 (0x66758593) addi a1, a1, 1639
x11 <- 0x66666667


mem[X,0x8002DD08] -> 0x0113
mem[X,0x8002DD0A] -> 0x0000
[4646] [M]: 0x8002DD08 (0x00000113) addi sp, zero, 0
x2 <- 0x00000000


mem[X,0x8002DD0C] -> 0x006F
mem[X,0x8002DD0E] -> 0x00C0
[4647] [M]: 0x8002DD0C (0x00C0006F) jal zero, 12


mem[X,0x8002DD18] -> 0x0863
mem[X,0x8002DD1A] -> 0x00B5
[4648] [M]: 0x8002DD18 (0x00B50863) beq a0, a1, 16


mem[X,0x8002DD1C] -> 0x0113
mem[X,0x8002DD1E] -> 0x0021
[4649] [M]: 0x8002DD1C (0x00210113) addi sp, sp, 2
x2 <- 0x00000002


mem[X,0x8002DD20] -> 0x006F
mem[X,0x8002DD22] -> 0x0100
[4650] [M]: 0x8002DD20 (0x0100006F) jal zero, 16


mem[X,0x8002DD30] -> 0xA023
mem[X,0x8002DD32] -> 0x7620
[4651] [M]: 0x8002DD30 (0x7620A023) sw sp, 1888(ra)
mem[0x8003A8C8] <- 0x00000002


mem[X,0x8002DD34] -> 0x3537
mem[X,0x8002DD36] -> 0x3333
[4652] [M]: 0x8002DD34 (0x33333537) lui a0, 209715
x10 <- 0x33333000


mem[X,0x8002DD38] -> 0x0513
mem[X,0x8002DD3A] -> 0x3325
[4653] [M]: 0x8002DD38 (0x33250513) addi a0, a0, 818
x10 <- 0x33333332


mem[X,0x8002DD3C] -> 0x55B7
mem[X,0x8002DD3E] -> 0xFFFF
[4654] [M]: 0x8002DD3C (0xFFFF55B7) lui a1, 1048565
x11 <- 0xFFFF5000


mem[X,0x8002DD40] -> 0x8593
mem[X,0x8002DD42] -> 0xAFD5
[4655] [M]: 0x8002DD40 (0xAFD58593) addi a1, a1, 2813
x11 <- 0xFFFF4AFD


mem[X,0x8002DD44] -> 0x0113
mem[X,0x8002DD46] -> 0x0000
[4656] [M]: 0x8002DD44 (0x00000113) addi sp, zero, 0
x2 <- 0x00000000


mem[X,0x8002DD48] -> 0x006F
mem[X,0x8002DD4A] -> 0x0140
[4657] [M]: 0x8002DD48 (0x0140006F) jal zero, 20


mem[X,0x8002DD5C] -> 0x08E3
mem[X,0x8002DD5E] -> 0xFEB5
[4658] [M]: 0x8002DD5C (0xFEB508E3) beq a0, a1, 8176


mem[X,0x8002DD60] -> 0x0113
mem[X,0x8002DD62] -> 0x0021
[4659] [M]: 0x8002DD60 (0x00210113) addi sp, sp, 2
x2 <- 0x00000002


mem[X,0x8002DD64] -> 0x006F
mem[X,0x8002DD66] -> 0x00C0
[4660] [M]: 0x8002DD64 (0x00C0006F) jal zero, 12


mem[X,0x8002DD70] -> 0xA223
mem[X,0x8002DD72] -> 0x7620
[4661] [M]: 0x8002DD70 (0x7620A223) sw sp, 1892(ra)
mem[0x8003A8CC] <- 0x00000002


mem[X,0x8002DD74] -> 0x3537
mem[X,0x8002DD76] -> 0x3333
[4662] [M]: 0x8002DD74 (0x33333537) lui a0, 209715
x10 <- 0x33333000


mem[X,0x8002DD78] -> 0x0513
mem[X,0x8002DD7A] -> 0x3325
[4663] [M]: 0x8002DD78 (0x33250513) addi a0, a0, 818
x10 <- 0x33333332


mem[X,0x8002DD7C] -> 0xB5B7
mem[X,0x8002DD7E] -> 0x0000
[4664] [M]: 0x8002DD7C (0x0000B5B7) lui a1, 11
x11 <- 0x0000B000


mem[X,0x8002DD80] -> 0x8593
mem[X,0x8002DD82] -> 0x5055
[4665] [M]: 0x8002DD80 (0x50558593) addi a1, a1, 1285
x11 <- 0x0000B505


mem[X,0x8002DD84] -> 0x0113
mem[X,0x8002DD86] -> 0x0000
[4666] [M]: 0x8002DD84 (0x00000113) addi sp, zero, 0
x2 <- 0x00000000


mem[X,0x8002DD88] -> 0x006F
mem[X,0x8002DD8A] -> 0x0140
[4667] [M]: 0x8002DD88 (0x0140006F) jal zero, 20


mem[X,0x8002DD9C] -> 0x08E3
mem[X,0x8002DD9E] -> 0xFEB5
[4668] [M]: 0x8002DD9C (0xFEB508E3) beq a0, a1, 8176


mem[X,0x8002DDA0] -> 0x0113
mem[X,0x8002DDA2] -> 0x0021
[4669] [M]: 0x8002DDA0 (0x00210113) addi sp, sp, 2
x2 <- 0x00000002


mem[X,0x8002DDA4] -> 0x006F
mem[X,0x8002DDA6] -> 0x00C0
[4670] [M]: 0x8002DDA4 (0x00C0006F) jal zero, 12


mem[X,0x8002DDB0] -> 0xA423
mem[X,0x8002DDB2] -> 0x7620
[4671] [M]: 0x8002DDB0 (0x7620A423) sw sp, 1896(ra)
mem[0x8003A8D0] <- 0x00000002


mem[X,0x8002DDB4] -> 0x6537
mem[X,0x8002DDB6] -> 0x6666
[4672] [M]: 0x8002DDB4 (0x66666537) lui a0, 419430
x10 <- 0x66666000


mem[X,0x8002DDB8] -> 0x0513
mem[X,0x8002DDBA] -> 0x6655
[4673] [M]: 0x8002DDB8 (0x66550513) addi a0, a0, 1637
x10 <- 0x66666665


mem[X,0x8002DDBC] -> 0x0593
mem[X,0x8002DDBE] -> 0x0030
[4674] [M]: 0x8002DDBC (0x00300593) addi a1, zero, 3
x11 <- 0x00000003


mem[X,0x8002DDC0] -> 0x0113
mem[X,0x8002DDC2] -> 0x0000
[4675] [M]: 0x8002DDC0 (0x00000113) addi sp, zero, 0
x2 <- 0x00000000


mem[X,0x8002DDC4] -> 0x006F
mem[X,0x8002DDC6] -> 0x00C0
[4676] [M]: 0x8002DDC4 (0x00C0006F) jal zero, 12


mem[X,0x8002DDD0] -> 0x0663
mem[X,0x8002DDD2] -> 0x00B5
[4677] [M]: 0x8002DDD0 (0x00B50663) beq a0, a1, 12


mem[X,0x8002DDD4] -> 0x0113
mem[X,0x8002DDD6] -> 0x0021
[4678] [M]: 0x8002DDD4 (0x00210113) addi sp, sp, 2
x2 <- 0x00000002


mem[X,0x8002DDD8] -> 0x006F
mem[X,0x8002DDDA] -> 0x00C0
[4679] [M]: 0x8002DDD8 (0x00C0006F) jal zero, 12


mem[X,0x8002DDE4] -> 0xA623
mem[X,0x8002DDE6] -> 0x7620
[4680] [M]: 0x8002DDE4 (0x7620A623) sw sp, 1900(ra)
mem[0x8003A8D4] <- 0x00000002


mem[X,0x8002DDE8] -> 0x6537
mem[X,0x8002DDEA] -> 0x6666
[4681] [M]: 0x8002DDE8 (0x66666537) lui a0, 419430
x10 <- 0x66666000


mem[X,0x8002DDEC] -> 0x0513
mem[X,0x8002DDEE] -> 0x6655
[4682] [M]: 0x8002DDEC (0x66550513) addi a0, a0, 1637
x10 <- 0x66666665


mem[X,0x8002DDF0] -> 0x55B7
mem[X,0x8002DDF2] -> 0x5555
[4683] [M]: 0x8002DDF0 (0x555555B7) lui a1, 349525
x11 <- 0x55555000


mem[X,0x8002DDF4] -> 0x8593
mem[X,0x8002DDF6] -> 0x5555
[4684] [M]: 0x8002DDF4 (0x55558593) addi a1, a1, 1365
x11 <- 0x55555555


mem[X,0x8002DDF8] -> 0x0113
mem[X,0x8002DDFA] -> 0x0000
[4685] [M]: 0x8002DDF8 (0x00000113) addi sp, zero, 0
x2 <- 0x00000000


mem[X,0x8002DDFC] -> 0x006F
mem[X,0x8002DDFE] -> 0x00C0
[4686] [M]: 0x8002DDFC (0x00C0006F) jal zero, 12


mem[X,0x8002DE08] -> 0x0663
mem[X,0x8002DE0A] -> 0x00B5
[4687] [M]: 0x8002DE08 (0x00B50663) beq a0, a1, 12


mem[X,0x8002DE0C] -> 0x0113
mem[X,0x8002DE0E] -> 0x0021
[4688] [M]: 0x8002DE0C (0x00210113) addi sp, sp, 2
x2 <- 0x00000002


mem[X,0x8002DE10] -> 0x006F
mem[X,0x8002DE12] -> 0x00C0
[4689] [M]: 0x8002DE10 (0x00C0006F) jal zero, 12


mem[X,0x8002DE1C] -> 0xA823
mem[X,0x8002DE1E] -> 0x7620
[4690] [M]: 0x8002DE1C (0x7620A823) sw sp, 1904(ra)
mem[0x8003A8D8] <- 0x00000002


mem[X,0x8002DE20] -> 0x6537
mem[X,0x8002DE22] -> 0x6666
[4691] [M]: 0x8002DE20 (0x66666537) lui a0, 419430
x10 <- 0x66666000


mem[X,0x8002DE24] -> 0x0513
mem[X,0x8002DE26] -> 0x6655
[4692] [M]: 0x8002DE24 (0x66550513) addi a0, a0, 1637
x10 <- 0x66666665


mem[X,0x8002DE28] -> 0xB5B7
mem[X,0x8002DE2A] -> 0xAAAA
[4693] [M]: 0x8002DE28 (0xAAAAB5B7) lui a1, 699051
x11 <- 0xAAAAB000


mem[X,0x8002DE2C] -> 0x8593
mem[X,0x8002DE2E] -> 0xAAA5
[4694] [M]: 0x8002DE2C (0xAAA58593) addi a1, a1, 2730
x11 <- 0xAAAAAAAA


mem[X,0x8002DE30] -> 0x0113
mem[X,0x8002DE32] -> 0x0000
[4695] [M]: 0x8002DE30 (0x00000113) addi sp, zero, 0
x2 <- 0x00000000


mem[X,0x8002DE34] -> 0x006F
mem[X,0x8002DE36] -> 0x00C0
[4696] [M]: 0x8002DE34 (0x00C0006F) jal zero, 12


mem[X,0x8002DE40] -> 0x0063
mem[X,0x8002DE42] -> 0x08B5
[4697] [M]: 0x8002DE40 (0x08B50063) beq a0, a1, 128


mem[X,0x8002DE44] -> 0x0113
mem[X,0x8002DE46] -> 0x0021
[4698] [M]: 0x8002DE44 (0x00210113) addi sp, sp, 2
x2 <- 0x00000002


mem[X,0x8002DE48] -> 0x006F
mem[X,0x8002DE4A] -> 0x0800
[4699] [M]: 0x8002DE48 (0x0800006F) jal zero, 128


clint::tick mtime <- 0x000000000000002F
 clint timer pending at mtime 0x000000000000002F
htif::tick 0x0000000000000000
mem[X,0x8002DEC8] -> 0xAA23
mem[X,0x8002DECA] -> 0x7620
[4700] [M]: 0x8002DEC8 (0x7620AA23) sw sp, 1908(ra)
mem[0x8003A8DC] <- 0x00000002


mem[X,0x8002DECC] -> 0x6537
mem[X,0x8002DECE] -> 0x6666
[4701] [M]: 0x8002DECC (0x66666537) lui a0, 419430
x10 <- 0x66666000


mem[X,0x8002DED0] -> 0x0513
mem[X,0x8002DED2] -> 0x6655
[4702] [M]: 0x8002DED0 (0x66550513) addi a0, a0, 1637
x10 <- 0x66666665


mem[X,0x8002DED4] -> 0x0593
mem[X,0x8002DED6] -> 0x0050
[4703] [M]: 0x8002DED4 (0x00500593) addi a1, zero, 5
x11 <- 0x00000005


mem[X,0x8002DED8] -> 0x0113
mem[X,0x8002DEDA] -> 0x0000
[4704] [M]: 0x8002DED8 (0x00000113) addi sp, zero, 0
x2 <- 0x00000000


mem[X,0x8002DEDC] -> 0x006F
mem[X,0x8002DEDE] -> 0x00C0
[4705] [M]: 0x8002DEDC (0x00C0006F) jal zero, 12


mem[X,0x8002DEE8] -> 0x0CE3
mem[X,0x8002DEEA] -> 0xFEB5
[4706] [M]: 0x8002DEE8 (0xFEB50CE3) beq a0, a1, 8184


mem[X,0x8002DEEC] -> 0x0113
mem[X,0x8002DEEE] -> 0x0021
[4707] [M]: 0x8002DEEC (0x00210113) addi sp, sp, 2
x2 <- 0x00000002


mem[X,0x8002DEF0] -> 0x006F
mem[X,0x8002DEF2] -> 0x00C0
[4708] [M]: 0x8002DEF0 (0x00C0006F) jal zero, 12


mem[X,0x8002DEFC] -> 0xAC23
mem[X,0x8002DEFE] -> 0x7620
[4709] [M]: 0x8002DEFC (0x7620AC23) sw sp, 1912(ra)
mem[0x8003A8E0] <- 0x00000002


mem[X,0x8002DF00] -> 0x6537
mem[X,0x8002DF02] -> 0x6666
[4710] [M]: 0x8002DF00 (0x66666537) lui a0, 419430
x10 <- 0x66666000


mem[X,0x8002DF04] -> 0x0513
mem[X,0x8002DF06] -> 0x6655
[4711] [M]: 0x8002DF04 (0x66550513) addi a0, a0, 1637
x10 <- 0x66666665


mem[X,0x8002DF08] -> 0x35B7
mem[X,0x8002DF0A] -> 0x3333
[4712] [M]: 0x8002DF08 (0x333335B7) lui a1, 209715
x11 <- 0x33333000


mem[X,0x8002DF0C] -> 0x8593
mem[X,0x8002DF0E] -> 0x3335
[4713] [M]: 0x8002DF0C (0x33358593) addi a1, a1, 819
x11 <- 0x33333333


mem[X,0x8002DF10] -> 0x0113
mem[X,0x8002DF12] -> 0x0000
[4714] [M]: 0x8002DF10 (0x00000113) addi sp, zero, 0
x2 <- 0x00000000


mem[X,0x8002DF14] -> 0x006F
mem[X,0x8002DF16] -> 0x00C0
[4715] [M]: 0x8002DF14 (0x00C0006F) jal zero, 12


mem[X,0x8002DF20] -> 0x0CE3
mem[X,0x8002DF22] -> 0xFEB5
[4716] [M]: 0x8002DF20 (0xFEB50CE3) beq a0, a1, 8184


mem[X,0x8002DF24] -> 0x0113
mem[X,0x8002DF26] -> 0x0021
[4717] [M]: 0x8002DF24 (0x00210113) addi sp, sp, 2
x2 <- 0x00000002


mem[X,0x8002DF28] -> 0x006F
mem[X,0x8002DF2A] -> 0x00C0
[4718] [M]: 0x8002DF28 (0x00C0006F) jal zero, 12


mem[X,0x8002DF34] -> 0xAE23
mem[X,0x8002DF36] -> 0x7620
[4719] [M]: 0x8002DF34 (0x7620AE23) sw sp, 1916(ra)
mem[0x8003A8E4] <- 0x00000002


mem[X,0x8002DF38] -> 0x6537
mem[X,0x8002DF3A] -> 0x6666
[4720] [M]: 0x8002DF38 (0x66666537) lui a0, 419430
x10 <- 0x66666000


mem[X,0x8002DF3C] -> 0x0513
mem[X,0x8002DF3E] -> 0x6655
[4721] [M]: 0x8002DF3C (0x66550513) addi a0, a0, 1637
x10 <- 0x66666665


mem[X,0x8002DF40] -> 0x65B7
mem[X,0x8002DF42] -> 0x6666
[4722] [M]: 0x8002DF40 (0x666665B7) lui a1, 419430
x11 <- 0x66666000


mem[X,0x8002DF44] -> 0x8593
mem[X,0x8002DF46] -> 0x6665
[4723] [M]: 0x8002DF44 (0x66658593) addi a1, a1, 1638
x11 <- 0x66666666


mem[X,0x8002DF48] -> 0x0113
mem[X,0x8002DF4A] -> 0x0000
[4724] [M]: 0x8002DF48 (0x00000113) addi sp, zero, 0
x2 <- 0x00000000


mem[X,0x8002DF4C] -> 0x006F
mem[X,0x8002DF4E] -> 0x0180
[4725] [M]: 0x8002DF4C (0x0180006F) jal zero, 24


mem[X,0x8002DF64] -> 0x06E3
mem[X,0x8002DF66] -> 0xFEB5
[4726] [M]: 0x8002DF64 (0xFEB506E3) beq a0, a1, 8172


mem[X,0x8002DF68] -> 0x0113
mem[X,0x8002DF6A] -> 0x0021
[4727] [M]: 0x8002DF68 (0x00210113) addi sp, sp, 2
x2 <- 0x00000002


mem[X,0x8002DF6C] -> 0x006F
mem[X,0x8002DF6E] -> 0x00C0
[4728] [M]: 0x8002DF6C (0x00C0006F) jal zero, 12


mem[X,0x8002DF78] -> 0xA023
mem[X,0x8002DF7A] -> 0x7820
[4729] [M]: 0x8002DF78 (0x7820A023) sw sp, 1920(ra)
mem[0x8003A8E8] <- 0x00000002


mem[X,0x8002DF7C] -> 0x6537
mem[X,0x8002DF7E] -> 0x6666
[4730] [M]: 0x8002DF7C (0x66666537) lui a0, 419430
x10 <- 0x66666000


mem[X,0x8002DF80] -> 0x0513
mem[X,0x8002DF82] -> 0x6655
[4731] [M]: 0x8002DF80 (0x66550513) addi a0, a0, 1637
x10 <- 0x66666665


mem[X,0x8002DF84] -> 0x55B7
mem[X,0x8002DF86] -> 0xFFFF
[4732] [M]: 0x8002DF84 (0xFFFF55B7) lui a1, 1048565
x11 <- 0xFFFF5000


mem[X,0x8002DF88] -> 0x8593
mem[X,0x8002DF8A] -> 0xAFC5
[4733] [M]: 0x8002DF88 (0xAFC58593) addi a1, a1, 2812
x11 <- 0xFFFF4AFC


mem[X,0x8002DF8C] -> 0x0113
mem[X,0x8002DF8E] -> 0x0000
[4734] [M]: 0x8002DF8C (0x00000113) addi sp, zero, 0
x2 <- 0x00000000


mem[X,0x8002DF90] -> 0x006F
mem[X,0x8002DF92] -> 0x00C0
[4735] [M]: 0x8002DF90 (0x00C0006F) jal zero, 12


mem[X,0x8002DF9C] -> 0x0063
mem[X,0x8002DF9E] -> 0x08B5
[4736] [M]: 0x8002DF9C (0x08B50063) beq a0, a1, 128


mem[X,0x8002DFA0] -> 0x0113
mem[X,0x8002DFA2] -> 0x0021
[4737] [M]: 0x8002DFA0 (0x00210113) addi sp, sp, 2
x2 <- 0x00000002


mem[X,0x8002DFA4] -> 0x006F
mem[X,0x8002DFA6] -> 0x0800
[4738] [M]: 0x8002DFA4 (0x0800006F) jal zero, 128


mem[X,0x8002E024] -> 0xA223
mem[X,0x8002E026] -> 0x7820
[4739] [M]: 0x8002E024 (0x7820A223) sw sp, 1924(ra)
mem[0x8003A8EC] <- 0x00000002


mem[X,0x8002E028] -> 0x6537
mem[X,0x8002E02A] -> 0x6666
[4740] [M]: 0x8002E028 (0x66666537) lui a0, 419430
x10 <- 0x66666000


mem[X,0x8002E02C] -> 0x0513
mem[X,0x8002E02E] -> 0x6655
[4741] [M]: 0x8002E02C (0x66550513) addi a0, a0, 1637
x10 <- 0x66666665


mem[X,0x8002E030] -> 0xB5B7
mem[X,0x8002E032] -> 0x0000
[4742] [M]: 0x8002E030 (0x0000B5B7) lui a1, 11
x11 <- 0x0000B000


mem[X,0x8002E034] -> 0x8593
mem[X,0x8002E036] -> 0x5045
[4743] [M]: 0x8002E034 (0x50458593) addi a1, a1, 1284
x11 <- 0x0000B504


mem[X,0x8002E038] -> 0x0113
mem[X,0x8002E03A] -> 0x0000
[4744] [M]: 0x8002E038 (0x00000113) addi sp, zero, 0
x2 <- 0x00000000


mem[X,0x8002E03C] -> 0x006F
mem[X,0x8002E03E] -> 0x0050
[4745] [M]: 0x8002E03C (0x0050006F) jal zero, 2052


mem[X,0x8002E840] -> 0x00E3
mem[X,0x8002E842] -> 0x80B5
[4746] [M]: 0x8002E840 (0x80B500E3) beq a0, a1, 6144


mem[X,0x8002E844] -> 0x0113
mem[X,0x8002E846] -> 0x0021
[4747] [M]: 0x8002E844 (0x00210113) addi sp, sp, 2
x2 <- 0x00000002


mem[X,0x8002E848] -> 0x006F
mem[X,0x8002E84A] -> 0x00C0
[4748] [M]: 0x8002E848 (0x00C0006F) jal zero, 12


mem[X,0x8002E854] -> 0xA423
mem[X,0x8002E856] -> 0x7820
[4749] [M]: 0x8002E854 (0x7820A423) sw sp, 1928(ra)
mem[0x8003A8F0] <- 0x00000002


mem[X,0x8002E858] -> 0x6537
mem[X,0x8002E85A] -> 0x6666
[4750] [M]: 0x8002E858 (0x66666537) lui a0, 419430
x10 <- 0x66666000


mem[X,0x8002E85C] -> 0x0513
mem[X,0x8002E85E] -> 0x6655
[4751] [M]: 0x8002E85C (0x66550513) addi a0, a0, 1637
x10 <- 0x66666665


mem[X,0x8002E860] -> 0x0593
mem[X,0x8002E862] -> 0x0020
[4752] [M]: 0x8002E860 (0x00200593) addi a1, zero, 2
x11 <- 0x00000002


mem[X,0x8002E864] -> 0x0113
mem[X,0x8002E866] -> 0x0000
[4753] [M]: 0x8002E864 (0x00000113) addi sp, zero, 0
x2 <- 0x00000000


mem[X,0x8002E868] -> 0x006F
mem[X,0x8002E86A] -> 0x00C0
[4754] [M]: 0x8002E868 (0x00C0006F) jal zero, 12


mem[X,0x8002E874] -> 0x0063
mem[X,0x8002E876] -> 0x10B5
[4755] [M]: 0x8002E874 (0x10B50063) beq a0, a1, 256


mem[X,0x8002E878] -> 0x0113
mem[X,0x8002E87A] -> 0x0021
[4756] [M]: 0x8002E878 (0x00210113) addi sp, sp, 2
x2 <- 0x00000002


mem[X,0x8002E87C] -> 0x006F
mem[X,0x8002E87E] -> 0x1000
[4757] [M]: 0x8002E87C (0x1000006F) jal zero, 256


mem[X,0x8002E97C] -> 0xA623
mem[X,0x8002E97E] -> 0x7820
[4758] [M]: 0x8002E97C (0x7820A623) sw sp, 1932(ra)
mem[0x8003A8F4] <- 0x00000002


mem[X,0x8002E980] -> 0x6537
mem[X,0x8002E982] -> 0x6666
[4759] [M]: 0x8002E980 (0x66666537) lui a0, 419430
x10 <- 0x66666000


mem[X,0x8002E984] -> 0x0513
mem[X,0x8002E986] -> 0x6655
[4760] [M]: 0x8002E984 (0x66550513) addi a0, a0, 1637
x10 <- 0x66666665


mem[X,0x8002E988] -> 0x55B7
mem[X,0x8002E98A] -> 0x5555
[4761] [M]: 0x8002E988 (0x555555B7) lui a1, 349525
x11 <- 0x55555000


mem[X,0x8002E98C] -> 0x8593
mem[X,0x8002E98E] -> 0x5545
[4762] [M]: 0x8002E98C (0x55458593) addi a1, a1, 1364
x11 <- 0x55555554


mem[X,0x8002E990] -> 0x0113
mem[X,0x8002E992] -> 0x0000
[4763] [M]: 0x8002E990 (0x00000113) addi sp, zero, 0
x2 <- 0x00000000


mem[X,0x8002E994] -> 0x006F
mem[X,0x8002E996] -> 0x0050
[4764] [M]: 0x8002E994 (0x0050006F) jal zero, 2052


mem[X,0x8002F198] -> 0x00E3
mem[X,0x8002F19A] -> 0x80B5
[4765] [M]: 0x8002F198 (0x80B500E3) beq a0, a1, 6144


mem[X,0x8002F19C] -> 0x0113
mem[X,0x8002F19E] -> 0x0021
[4766] [M]: 0x8002F19C (0x00210113) addi sp, sp, 2
x2 <- 0x00000002


mem[X,0x8002F1A0] -> 0x006F
mem[X,0x8002F1A2] -> 0x00C0
[4767] [M]: 0x8002F1A0 (0x00C0006F) jal zero, 12


mem[X,0x8002F1AC] -> 0xA823
mem[X,0x8002F1AE] -> 0x7820
[4768] [M]: 0x8002F1AC (0x7820A823) sw sp, 1936(ra)
mem[0x8003A8F8] <- 0x00000002


mem[X,0x8002F1B0] -> 0x6537
mem[X,0x8002F1B2] -> 0x6666
[4769] [M]: 0x8002F1B0 (0x66666537) lui a0, 419430
x10 <- 0x66666000


mem[X,0x8002F1B4] -> 0x0513
mem[X,0x8002F1B6] -> 0x6655
[4770] [M]: 0x8002F1B4 (0x66550513) addi a0, a0, 1637
x10 <- 0x66666665


mem[X,0x8002F1B8] -> 0x0593
mem[X,0x8002F1BA] -> 0x0000
[4771] [M]: 0x8002F1B8 (0x00000593) addi a1, zero, 0
x11 <- 0x00000000


mem[X,0x8002F1BC] -> 0x0113
mem[X,0x8002F1BE] -> 0x0000
[4772] [M]: 0x8002F1BC (0x00000113) addi sp, zero, 0
x2 <- 0x00000000


mem[X,0x8002F1C0] -> 0x006F
mem[X,0x8002F1C2] -> 0x00C0
[4773] [M]: 0x8002F1C0 (0x00C0006F) jal zero, 12


mem[X,0x8002F1CC] -> 0x0063
mem[X,0x8002F1CE] -> 0x04B5
[4774] [M]: 0x8002F1CC (0x04B50063) beq a0, a1, 64


mem[X,0x8002F1D0] -> 0x0113
mem[X,0x8002F1D2] -> 0x0021
[4775] [M]: 0x8002F1D0 (0x00210113) addi sp, sp, 2
x2 <- 0x00000002


mem[X,0x8002F1D4] -> 0x006F
mem[X,0x8002F1D6] -> 0x0400
[4776] [M]: 0x8002F1D4 (0x0400006F) jal zero, 64


mem[X,0x8002F214] -> 0xAA23
mem[X,0x8002F216] -> 0x7820
[4777] [M]: 0x8002F214 (0x7820AA23) sw sp, 1940(ra)
mem[0x8003A8FC] <- 0x00000002


mem[X,0x8002F218] -> 0x6537
mem[X,0x8002F21A] -> 0x6666
[4778] [M]: 0x8002F218 (0x66666537) lui a0, 419430
x10 <- 0x66666000


mem[X,0x8002F21C] -> 0x0513
mem[X,0x8002F21E] -> 0x6655
[4779] [M]: 0x8002F21C (0x66550513) addi a0, a0, 1637
x10 <- 0x66666665


mem[X,0x8002F220] -> 0x0593
mem[X,0x8002F222] -> 0x0040
[4780] [M]: 0x8002F220 (0x00400593) addi a1, zero, 4
x11 <- 0x00000004


mem[X,0x8002F224] -> 0x0113
mem[X,0x8002F226] -> 0x0000
[4781] [M]: 0x8002F224 (0x00000113) addi sp, zero, 0
x2 <- 0x00000000


mem[X,0x8002F228] -> 0x006F
mem[X,0x8002F22A] -> 0x0140
[4782] [M]: 0x8002F228 (0x0140006F) jal zero, 20


mem[X,0x8002F23C] -> 0x08E3
mem[X,0x8002F23E] -> 0xFEB5
[4783] [M]: 0x8002F23C (0xFEB508E3) beq a0, a1, 8176


mem[X,0x8002F240] -> 0x0113
mem[X,0x8002F242] -> 0x0021
[4784] [M]: 0x8002F240 (0x00210113) addi sp, sp, 2
x2 <- 0x00000002


mem[X,0x8002F244] -> 0x006F
mem[X,0x8002F246] -> 0x00C0
[4785] [M]: 0x8002F244 (0x00C0006F) jal zero, 12


mem[X,0x8002F250] -> 0xAC23
mem[X,0x8002F252] -> 0x7820
[4786] [M]: 0x8002F250 (0x7820AC23) sw sp, 1944(ra)
mem[0x8003A900] <- 0x00000002


mem[X,0x8002F254] -> 0x6537
mem[X,0x8002F256] -> 0x6666
[4787] [M]: 0x8002F254 (0x66666537) lui a0, 419430
x10 <- 0x66666000


mem[X,0x8002F258] -> 0x0513
mem[X,0x8002F25A] -> 0x6655
[4788] [M]: 0x8002F258 (0x66550513) addi a0, a0, 1637
x10 <- 0x66666665


mem[X,0x8002F25C] -> 0x35B7
mem[X,0x8002F25E] -> 0x3333
[4789] [M]: 0x8002F25C (0x333335B7) lui a1, 209715
x11 <- 0x33333000


mem[X,0x8002F260] -> 0x8593
mem[X,0x8002F262] -> 0x3325
[4790] [M]: 0x8002F260 (0x33258593) addi a1, a1, 818
x11 <- 0x33333332


mem[X,0x8002F264] -> 0x0113
mem[X,0x8002F266] -> 0x0000
[4791] [M]: 0x8002F264 (0x00000113) addi sp, zero, 0
x2 <- 0x00000000


mem[X,0x8002F268] -> 0x006F
mem[X,0x8002F26A] -> 0x00C0
[4792] [M]: 0x8002F268 (0x00C0006F) jal zero, 12


mem[X,0x8002F274] -> 0x0063
mem[X,0x8002F276] -> 0x02B5
[4793] [M]: 0x8002F274 (0x02B50063) beq a0, a1, 32


mem[X,0x8002F278] -> 0x0113
mem[X,0x8002F27A] -> 0x0021
[4794] [M]: 0x8002F278 (0x00210113) addi sp, sp, 2
x2 <- 0x00000002


mem[X,0x8002F27C] -> 0x006F
mem[X,0x8002F27E] -> 0x0200
[4795] [M]: 0x8002F27C (0x0200006F) jal zero, 32


mem[X,0x8002F29C] -> 0xAE23
mem[X,0x8002F29E] -> 0x7820
[4796] [M]: 0x8002F29C (0x7820AE23) sw sp, 1948(ra)
mem[0x8003A904] <- 0x00000002


mem[X,0x8002F2A0] -> 0x6537
mem[X,0x8002F2A2] -> 0x6666
[4797] [M]: 0x8002F2A0 (0x66666537) lui a0, 419430
x10 <- 0x66666000


mem[X,0x8002F2A4] -> 0x0513
mem[X,0x8002F2A6] -> 0x6655
[4798] [M]: 0x8002F2A4 (0x66550513) addi a0, a0, 1637
x10 <- 0x66666665


mem[X,0x8002F2A8] -> 0x65B7
mem[X,0x8002F2AA] -> 0x6666
[4799] [M]: 0x8002F2A8 (0x666665B7) lui a1, 419430
x11 <- 0x66666000


clint::tick mtime <- 0x0000000000000030
 clint timer pending at mtime 0x0000000000000030
htif::tick 0x0000000000000000
mem[X,0x8002F2AC] -> 0x8593
mem[X,0x8002F2AE] -> 0x6655
[4800] [M]: 0x8002F2AC (0x66558593) addi a1, a1, 1637
x11 <- 0x66666665


mem[X,0x8002F2B0] -> 0x0113
mem[X,0x8002F2B2] -> 0x0000
[4801] [M]: 0x8002F2B0 (0x00000113) addi sp, zero, 0
x2 <- 0x00000000


mem[X,0x8002F2B4] -> 0x006F
mem[X,0x8002F2B6] -> 0x0050
[4802] [M]: 0x8002F2B4 (0x0050006F) jal zero, 2052


mem[X,0x8002FAB8] -> 0x00E3
mem[X,0x8002FABA] -> 0x80B5
[4803] [M]: 0x8002FAB8 (0x80B500E3) beq a0, a1, 6144


mem[X,0x8002F2B8] -> 0x0113
mem[X,0x8002F2BA] -> 0x0011
[4804] [M]: 0x8002F2B8 (0x00110113) addi sp, sp, 1
x2 <- 0x00000001


mem[X,0x8002F2BC] -> 0x006F
mem[X,0x8002F2BE] -> 0x0110
[4805] [M]: 0x8002F2BC (0x0110006F) jal zero, 2064


mem[X,0x8002FACC] -> 0xA023
mem[X,0x8002FACE] -> 0x7A20
[4806] [M]: 0x8002FACC (0x7A20A023) sw sp, 1952(ra)
mem[0x8003A908] <- 0x00000001


mem[X,0x8002FAD0] -> 0x6537
mem[X,0x8002FAD2] -> 0x6666
[4807] [M]: 0x8002FAD0 (0x66666537) lui a0, 419430
x10 <- 0x66666000


mem[X,0x8002FAD4] -> 0x0513
mem[X,0x8002FAD6] -> 0x6655
[4808] [M]: 0x8002FAD4 (0x66550513) addi a0, a0, 1637
x10 <- 0x66666665


mem[X,0x8002FAD8] -> 0xB5B7
mem[X,0x8002FADA] -> 0x0000
[4809] [M]: 0x8002FAD8 (0x0000B5B7) lui a1, 11
x11 <- 0x0000B000


mem[X,0x8002FADC] -> 0x8593
mem[X,0x8002FADE] -> 0x5035
[4810] [M]: 0x8002FADC (0x50358593) addi a1, a1, 1283
x11 <- 0x0000B503


mem[X,0x8002FAE0] -> 0x0113
mem[X,0x8002FAE2] -> 0x0000
[4811] [M]: 0x8002FAE0 (0x00000113) addi sp, zero, 0
x2 <- 0x00000000


mem[X,0x8002FAE4] -> 0x006F
mem[X,0x8002FAE6] -> 0x00C0
[4812] [M]: 0x8002FAE4 (0x00C0006F) jal zero, 12


mem[X,0x8002FAF0] -> 0x0663
mem[X,0x8002FAF2] -> 0x00B5
[4813] [M]: 0x8002FAF0 (0x00B50663) beq a0, a1, 12


mem[X,0x8002FAF4] -> 0x0113
mem[X,0x8002FAF6] -> 0x0021
[4814] [M]: 0x8002FAF4 (0x00210113) addi sp, sp, 2
x2 <- 0x00000002


mem[X,0x8002FAF8] -> 0x006F
mem[X,0x8002FAFA] -> 0x00C0
[4815] [M]: 0x8002FAF8 (0x00C0006F) jal zero, 12


mem[X,0x8002FB04] -> 0xA223
mem[X,0x8002FB06] -> 0x7A20
[4816] [M]: 0x8002FB04 (0x7A20A223) sw sp, 1956(ra)
mem[0x8003A90C] <- 0x00000002


mem[X,0x8002FB08] -> 0x6537
mem[X,0x8002FB0A] -> 0x6666
[4817] [M]: 0x8002FB08 (0x66666537) lui a0, 419430
x10 <- 0x66666000


mem[X,0x8002FB0C] -> 0x0513
mem[X,0x8002FB0E] -> 0x6655
[4818] [M]: 0x8002FB0C (0x66550513) addi a0, a0, 1637
x10 <- 0x66666665


mem[X,0x8002FB10] -> 0x55B7
mem[X,0x8002FB12] -> 0x5555
[4819] [M]: 0x8002FB10 (0x555555B7) lui a1, 349525
x11 <- 0x55555000


mem[X,0x8002FB14] -> 0x8593
mem[X,0x8002FB16] -> 0x5565
[4820] [M]: 0x8002FB14 (0x55658593) addi a1, a1, 1366
x11 <- 0x55555556


mem[X,0x8002FB18] -> 0x0113
mem[X,0x8002FB1A] -> 0x0000
[4821] [M]: 0x8002FB18 (0x00000113) addi sp, zero, 0
x2 <- 0x00000000


mem[X,0x8002FB1C] -> 0x006F
mem[X,0x8002FB1E] -> 0x00C0
[4822] [M]: 0x8002FB1C (0x00C0006F) jal zero, 12


mem[X,0x8002FB28] -> 0x0063
mem[X,0x8002FB2A] -> 0x08B5
[4823] [M]: 0x8002FB28 (0x08B50063) beq a0, a1, 128


mem[X,0x8002FB2C] -> 0x0113
mem[X,0x8002FB2E] -> 0x0021
[4824] [M]: 0x8002FB2C (0x00210113) addi sp, sp, 2
x2 <- 0x00000002


mem[X,0x8002FB30] -> 0x006F
mem[X,0x8002FB32] -> 0x0800
[4825] [M]: 0x8002FB30 (0x0800006F) jal zero, 128


mem[X,0x8002FBB0] -> 0xA423
mem[X,0x8002FBB2] -> 0x7A20
[4826] [M]: 0x8002FBB0 (0x7A20A423) sw sp, 1960(ra)
mem[0x8003A910] <- 0x00000002


mem[X,0x8002FBB4] -> 0x6537
mem[X,0x8002FBB6] -> 0x6666
[4827] [M]: 0x8002FBB4 (0x66666537) lui a0, 419430
x10 <- 0x66666000


mem[X,0x8002FBB8] -> 0x0513
mem[X,0x8002FBBA] -> 0x6655
[4828] [M]: 0x8002FBB8 (0x66550513) addi a0, a0, 1637
x10 <- 0x66666665


mem[X,0x8002FBBC] -> 0xB5B7
mem[X,0x8002FBBE] -> 0xAAAA
[4829] [M]: 0x8002FBBC (0xAAAAB5B7) lui a1, 699051
x11 <- 0xAAAAB000


mem[X,0x8002FBC0] -> 0x8593
mem[X,0x8002FBC2] -> 0xAAB5
[4830] [M]: 0x8002FBC0 (0xAAB58593) addi a1, a1, 2731
x11 <- 0xAAAAAAAB


mem[X,0x8002FBC4] -> 0x0113
mem[X,0x8002FBC6] -> 0x0000
[4831] [M]: 0x8002FBC4 (0x00000113) addi sp, zero, 0
x2 <- 0x00000000


mem[X,0x8002FBC8] -> 0x006F
mem[X,0x8002FBCA] -> 0x00C0
[4832] [M]: 0x8002FBC8 (0x00C0006F) jal zero, 12


mem[X,0x8002FBD4] -> 0x0663
mem[X,0x8002FBD6] -> 0x00B5
[4833] [M]: 0x8002FBD4 (0x00B50663) beq a0, a1, 12


mem[X,0x8002FBD8] -> 0x0113
mem[X,0x8002FBDA] -> 0x0021
[4834] [M]: 0x8002FBD8 (0x00210113) addi sp, sp, 2
x2 <- 0x00000002


mem[X,0x8002FBDC] -> 0x006F
mem[X,0x8002FBDE] -> 0x00C0
[4835] [M]: 0x8002FBDC (0x00C0006F) jal zero, 12


mem[X,0x8002FBE8] -> 0xA623
mem[X,0x8002FBEA] -> 0x7A20
[4836] [M]: 0x8002FBE8 (0x7A20A623) sw sp, 1964(ra)
mem[0x8003A914] <- 0x00000002


mem[X,0x8002FBEC] -> 0x6537
mem[X,0x8002FBEE] -> 0x6666
[4837] [M]: 0x8002FBEC (0x66666537) lui a0, 419430
x10 <- 0x66666000


mem[X,0x8002FBF0] -> 0x0513
mem[X,0x8002FBF2] -> 0x6655
[4838] [M]: 0x8002FBF0 (0x66550513) addi a0, a0, 1637
x10 <- 0x66666665


mem[X,0x8002FBF4] -> 0x0593
mem[X,0x8002FBF6] -> 0x0060
[4839] [M]: 0x8002FBF4 (0x00600593) addi a1, zero, 6
x11 <- 0x00000006


mem[X,0x8002FBF8] -> 0x0113
mem[X,0x8002FBFA] -> 0x0000
[4840] [M]: 0x8002FBF8 (0x00000113) addi sp, zero, 0
x2 <- 0x00000000


mem[X,0x8002FBFC] -> 0x006F
mem[X,0x8002FBFE] -> 0x00C0
[4841] [M]: 0x8002FBFC (0x00C0006F) jal zero, 12


mem[X,0x8002FC08] -> 0x0CE3
mem[X,0x8002FC0A] -> 0xFEB5
[4842] [M]: 0x8002FC08 (0xFEB50CE3) beq a0, a1, 8184


mem[X,0x8002FC0C] -> 0x0113
mem[X,0x8002FC0E] -> 0x0021
[4843] [M]: 0x8002FC0C (0x00210113) addi sp, sp, 2
x2 <- 0x00000002


mem[X,0x8002FC10] -> 0x006F
mem[X,0x8002FC12] -> 0x00C0
[4844] [M]: 0x8002FC10 (0x00C0006F) jal zero, 12


mem[X,0x8002FC1C] -> 0xA823
mem[X,0x8002FC1E] -> 0x7A20
[4845] [M]: 0x8002FC1C (0x7A20A823) sw sp, 1968(ra)
mem[0x8003A918] <- 0x00000002


mem[X,0x8002FC20] -> 0x6537
mem[X,0x8002FC22] -> 0x6666
[4846] [M]: 0x8002FC20 (0x66666537) lui a0, 419430
x10 <- 0x66666000


mem[X,0x8002FC24] -> 0x0513
mem[X,0x8002FC26] -> 0x6655
[4847] [M]: 0x8002FC24 (0x66550513) addi a0, a0, 1637
x10 <- 0x66666665


mem[X,0x8002FC28] -> 0x35B7
mem[X,0x8002FC2A] -> 0x3333
[4848] [M]: 0x8002FC28 (0x333335B7) lui a1, 209715
x11 <- 0x33333000


mem[X,0x8002FC2C] -> 0x8593
mem[X,0x8002FC2E] -> 0x3345
[4849] [M]: 0x8002FC2C (0x33458593) addi a1, a1, 820
x11 <- 0x33333334


mem[X,0x8002FC30] -> 0x0113
mem[X,0x8002FC32] -> 0x0000
[4850] [M]: 0x8002FC30 (0x00000113) addi sp, zero, 0
x2 <- 0x00000000


mem[X,0x8002FC34] -> 0x006F
mem[X,0x8002FC36] -> 0x00C0
[4851] [M]: 0x8002FC34 (0x00C0006F) jal zero, 12


mem[X,0x8002FC40] -> 0x0663
mem[X,0x8002FC42] -> 0x00B5
[4852] [M]: 0x8002FC40 (0x00B50663) beq a0, a1, 12


mem[X,0x8002FC44] -> 0x0113
mem[X,0x8002FC46] -> 0x0021
[4853] [M]: 0x8002FC44 (0x00210113) addi sp, sp, 2
x2 <- 0x00000002


mem[X,0x8002FC48] -> 0x006F
mem[X,0x8002FC4A] -> 0x00C0
[4854] [M]: 0x8002FC48 (0x00C0006F) jal zero, 12


mem[X,0x8002FC54] -> 0xAA23
mem[X,0x8002FC56] -> 0x7A20
[4855] [M]: 0x8002FC54 (0x7A20AA23) sw sp, 1972(ra)
mem[0x8003A91C] <- 0x00000002


mem[X,0x8002FC58] -> 0x6537
mem[X,0x8002FC5A] -> 0x6666
[4856] [M]: 0x8002FC58 (0x66666537) lui a0, 419430
x10 <- 0x66666000


mem[X,0x8002FC5C] -> 0x0513
mem[X,0x8002FC5E] -> 0x6655
[4857] [M]: 0x8002FC5C (0x66550513) addi a0, a0, 1637
x10 <- 0x66666665


mem[X,0x8002FC60] -> 0x65B7
mem[X,0x8002FC62] -> 0x6666
[4858] [M]: 0x8002FC60 (0x666665B7) lui a1, 419430
x11 <- 0x66666000


mem[X,0x8002FC64] -> 0x8593
mem[X,0x8002FC66] -> 0x6675
[4859] [M]: 0x8002FC64 (0x66758593) addi a1, a1, 1639
x11 <- 0x66666667


mem[X,0x8002FC68] -> 0x0113
mem[X,0x8002FC6A] -> 0x0000
[4860] [M]: 0x8002FC68 (0x00000113) addi sp, zero, 0
x2 <- 0x00000000


mem[X,0x8002FC6C] -> 0x006F
mem[X,0x8002FC6E] -> 0x0050
[4861] [M]: 0x8002FC6C (0x0050006F) jal zero, 2052


mem[X,0x80030470] -> 0x00E3
mem[X,0x80030472] -> 0x80B5
[4862] [M]: 0x80030470 (0x80B500E3) beq a0, a1, 6144


mem[X,0x80030474] -> 0x0113
mem[X,0x80030476] -> 0x0021
[4863] [M]: 0x80030474 (0x00210113) addi sp, sp, 2
x2 <- 0x00000002


mem[X,0x80030478] -> 0x006F
mem[X,0x8003047A] -> 0x00C0
[4864] [M]: 0x80030478 (0x00C0006F) jal zero, 12


mem[X,0x80030484] -> 0xAC23
mem[X,0x80030486] -> 0x7A20
[4865] [M]: 0x80030484 (0x7A20AC23) sw sp, 1976(ra)
mem[0x8003A920] <- 0x00000002


mem[X,0x80030488] -> 0x6537
mem[X,0x8003048A] -> 0x6666
[4866] [M]: 0x80030488 (0x66666537) lui a0, 419430
x10 <- 0x66666000


mem[X,0x8003048C] -> 0x0513
mem[X,0x8003048E] -> 0x6655
[4867] [M]: 0x8003048C (0x66550513) addi a0, a0, 1637
x10 <- 0x66666665


mem[X,0x80030490] -> 0x55B7
mem[X,0x80030492] -> 0xFFFF
[4868] [M]: 0x80030490 (0xFFFF55B7) lui a1, 1048565
x11 <- 0xFFFF5000


mem[X,0x80030494] -> 0x8593
mem[X,0x80030496] -> 0xAFD5
[4869] [M]: 0x80030494 (0xAFD58593) addi a1, a1, 2813
x11 <- 0xFFFF4AFD


mem[X,0x80030498] -> 0x0113
mem[X,0x8003049A] -> 0x0000
[4870] [M]: 0x80030498 (0x00000113) addi sp, zero, 0
x2 <- 0x00000000


mem[X,0x8003049C] -> 0x006F
mem[X,0x8003049E] -> 0x00C0
[4871] [M]: 0x8003049C (0x00C0006F) jal zero, 12


mem[X,0x800304A8] -> 0x0CE3
mem[X,0x800304AA] -> 0xFEB5
[4872] [M]: 0x800304A8 (0xFEB50CE3) beq a0, a1, 8184


mem[X,0x800304AC] -> 0x0113
mem[X,0x800304AE] -> 0x0021
[4873] [M]: 0x800304AC (0x00210113) addi sp, sp, 2
x2 <- 0x00000002


mem[X,0x800304B0] -> 0x006F
mem[X,0x800304B2] -> 0x00C0
[4874] [M]: 0x800304B0 (0x00C0006F) jal zero, 12


mem[X,0x800304BC] -> 0xAE23
mem[X,0x800304BE] -> 0x7A20
[4875] [M]: 0x800304BC (0x7A20AE23) sw sp, 1980(ra)
mem[0x8003A924] <- 0x00000002


mem[X,0x800304C0] -> 0x6537
mem[X,0x800304C2] -> 0x6666
[4876] [M]: 0x800304C0 (0x66666537) lui a0, 419430
x10 <- 0x66666000


mem[X,0x800304C4] -> 0x0513
mem[X,0x800304C6] -> 0x6655
[4877] [M]: 0x800304C4 (0x66550513) addi a0, a0, 1637
x10 <- 0x66666665


mem[X,0x800304C8] -> 0xB5B7
mem[X,0x800304CA] -> 0x0000
[4878] [M]: 0x800304C8 (0x0000B5B7) lui a1, 11
x11 <- 0x0000B000


mem[X,0x800304CC] -> 0x8593
mem[X,0x800304CE] -> 0x5055
[4879] [M]: 0x800304CC (0x50558593) addi a1, a1, 1285
x11 <- 0x0000B505


mem[X,0x800304D0] -> 0x0113
mem[X,0x800304D2] -> 0x0000
[4880] [M]: 0x800304D0 (0x00000113) addi sp, zero, 0
x2 <- 0x00000000


mem[X,0x800304D4] -> 0x006F
mem[X,0x800304D6] -> 0x00C0
[4881] [M]: 0x800304D4 (0x00C0006F) jal zero, 12


mem[X,0x800304E0] -> 0x0063
mem[X,0x800304E2] -> 0x20B5
[4882] [M]: 0x800304E0 (0x20B50063) beq a0, a1, 512


mem[X,0x800304E4] -> 0x0113
mem[X,0x800304E6] -> 0x0021
[4883] [M]: 0x800304E4 (0x00210113) addi sp, sp, 2
x2 <- 0x00000002


mem[X,0x800304E8] -> 0x006F
mem[X,0x800304EA] -> 0x2000
[4884] [M]: 0x800304E8 (0x2000006F) jal zero, 512


mem[X,0x800306E8] -> 0xA023
mem[X,0x800306EA] -> 0x7C20
[4885] [M]: 0x800306E8 (0x7C20A023) sw sp, 1984(ra)
mem[0x8003A928] <- 0x00000002


mem[X,0x800306EC] -> 0xB537
mem[X,0x800306EE] -> 0x0000
[4886] [M]: 0x800306EC (0x0000B537) lui a0, 11
x10 <- 0x0000B000


mem[X,0x800306F0] -> 0x0513
mem[X,0x800306F2] -> 0x5035
[4887] [M]: 0x800306F0 (0x50350513) addi a0, a0, 1283
x10 <- 0x0000B503


mem[X,0x800306F4] -> 0x0593
mem[X,0x800306F6] -> 0x0030
[4888] [M]: 0x800306F4 (0x00300593) addi a1, zero, 3
x11 <- 0x00000003


mem[X,0x800306F8] -> 0x0113
mem[X,0x800306FA] -> 0x0000
[4889] [M]: 0x800306F8 (0x00000113) addi sp, zero, 0
x2 <- 0x00000000


mem[X,0x800306FC] -> 0x006F
mem[X,0x800306FE] -> 0x0180
[4890] [M]: 0x800306FC (0x0180006F) jal zero, 24


mem[X,0x80030714] -> 0x06E3
mem[X,0x80030716] -> 0xFEB5
[4891] [M]: 0x80030714 (0xFEB506E3) beq a0, a1, 8172


mem[X,0x80030718] -> 0x0113
mem[X,0x8003071A] -> 0x0021
[4892] [M]: 0x80030718 (0x00210113) addi sp, sp, 2
x2 <- 0x00000002


mem[X,0x8003071C] -> 0x006F
mem[X,0x8003071E] -> 0x00C0
[4893] [M]: 0x8003071C (0x00C0006F) jal zero, 12


mem[X,0x80030728] -> 0xA223
mem[X,0x8003072A] -> 0x7C20
[4894] [M]: 0x80030728 (0x7C20A223) sw sp, 1988(ra)
mem[0x8003A92C] <- 0x00000002


mem[X,0x8003072C] -> 0xB537
mem[X,0x8003072E] -> 0x0000
[4895] [M]: 0x8003072C (0x0000B537) lui a0, 11
x10 <- 0x0000B000


mem[X,0x80030730] -> 0x0513
mem[X,0x80030732] -> 0x5035
[4896] [M]: 0x80030730 (0x50350513) addi a0, a0, 1283
x10 <- 0x0000B503


mem[X,0x80030734] -> 0x55B7
mem[X,0x80030736] -> 0x5555
[4897] [M]: 0x80030734 (0x555555B7) lui a1, 349525
x11 <- 0x55555000


mem[X,0x80030738] -> 0x8593
mem[X,0x8003073A] -> 0x5555
[4898] [M]: 0x80030738 (0x55558593) addi a1, a1, 1365
x11 <- 0x55555555


mem[X,0x8003073C] -> 0x0113
mem[X,0x8003073E] -> 0x0000
[4899] [M]: 0x8003073C (0x00000113) addi sp, zero, 0
x2 <- 0x00000000


clint::tick mtime <- 0x0000000000000031
 clint timer pending at mtime 0x0000000000000031
htif::tick 0x0000000000000000
mem[X,0x80030740] -> 0x006F
mem[X,0x80030742] -> 0x0100
[4900] [M]: 0x80030740 (0x0100006F) jal zero, 16


mem[X,0x80030750] -> 0x0AE3
mem[X,0x80030752] -> 0xFEB5
[4901] [M]: 0x80030750 (0xFEB50AE3) beq a0, a1, 8180


mem[X,0x80030754] -> 0x0113
mem[X,0x80030756] -> 0x0021
[4902] [M]: 0x80030754 (0x00210113) addi sp, sp, 2
x2 <- 0x00000002


mem[X,0x80030758] -> 0x006F
mem[X,0x8003075A] -> 0x00C0
[4903] [M]: 0x80030758 (0x00C0006F) jal zero, 12


mem[X,0x80030764] -> 0xA423
mem[X,0x80030766] -> 0x7C20
[4904] [M]: 0x80030764 (0x7C20A423) sw sp, 1992(ra)
mem[0x8003A930] <- 0x00000002


mem[X,0x80030768] -> 0xB537
mem[X,0x8003076A] -> 0x0000
[4905] [M]: 0x80030768 (0x0000B537) lui a0, 11
x10 <- 0x0000B000


mem[X,0x8003076C] -> 0x0513
mem[X,0x8003076E] -> 0x5035
[4906] [M]: 0x8003076C (0x50350513) addi a0, a0, 1283
x10 <- 0x0000B503


mem[X,0x80030770] -> 0xB5B7
mem[X,0x80030772] -> 0xAAAA
[4907] [M]: 0x80030770 (0xAAAAB5B7) lui a1, 699051
x11 <- 0xAAAAB000


mem[X,0x80030774] -> 0x8593
mem[X,0x80030776] -> 0xAAA5
[4908] [M]: 0x80030774 (0xAAA58593) addi a1, a1, 2730
x11 <- 0xAAAAAAAA


mem[X,0x80030778] -> 0x0113
mem[X,0x8003077A] -> 0x0000
[4909] [M]: 0x80030778 (0x00000113) addi sp, zero, 0
x2 <- 0x00000000


mem[X,0x8003077C] -> 0x006F
mem[X,0x8003077E] -> 0x00C0
[4910] [M]: 0x8003077C (0x00C0006F) jal zero, 12


mem[X,0x80030788] -> 0x0CE3
mem[X,0x8003078A] -> 0xFEB5
[4911] [M]: 0x80030788 (0xFEB50CE3) beq a0, a1, 8184


mem[X,0x8003078C] -> 0x0113
mem[X,0x8003078E] -> 0x0021
[4912] [M]: 0x8003078C (0x00210113) addi sp, sp, 2
x2 <- 0x00000002


mem[X,0x80030790] -> 0x006F
mem[X,0x80030792] -> 0x00C0
[4913] [M]: 0x80030790 (0x00C0006F) jal zero, 12


mem[X,0x8003079C] -> 0xA623
mem[X,0x8003079E] -> 0x7C20
[4914] [M]: 0x8003079C (0x7C20A623) sw sp, 1996(ra)
mem[0x8003A934] <- 0x00000002


mem[X,0x800307A0] -> 0xB537
mem[X,0x800307A2] -> 0x0000
[4915] [M]: 0x800307A0 (0x0000B537) lui a0, 11
x10 <- 0x0000B000


mem[X,0x800307A4] -> 0x0513
mem[X,0x800307A6] -> 0x5035
[4916] [M]: 0x800307A4 (0x50350513) addi a0, a0, 1283
x10 <- 0x0000B503


mem[X,0x800307A8] -> 0x0593
mem[X,0x800307AA] -> 0x0050
[4917] [M]: 0x800307A8 (0x00500593) addi a1, zero, 5
x11 <- 0x00000005


mem[X,0x800307AC] -> 0x0113
mem[X,0x800307AE] -> 0x0000
[4918] [M]: 0x800307AC (0x00000113) addi sp, zero, 0
x2 <- 0x00000000


mem[X,0x800307B0] -> 0x006F
mem[X,0x800307B2] -> 0x00C0
[4919] [M]: 0x800307B0 (0x00C0006F) jal zero, 12


mem[X,0x800307BC] -> 0x0063
mem[X,0x800307BE] -> 0x04B5
[4920] [M]: 0x800307BC (0x04B50063) beq a0, a1, 64


mem[X,0x800307C0] -> 0x0113
mem[X,0x800307C2] -> 0x0021
[4921] [M]: 0x800307C0 (0x00210113) addi sp, sp, 2
x2 <- 0x00000002


mem[X,0x800307C4] -> 0x006F
mem[X,0x800307C6] -> 0x0400
[4922] [M]: 0x800307C4 (0x0400006F) jal zero, 64


mem[X,0x80030804] -> 0xA823
mem[X,0x80030806] -> 0x7C20
[4923] [M]: 0x80030804 (0x7C20A823) sw sp, 2000(ra)
mem[0x8003A938] <- 0x00000002


mem[X,0x80030808] -> 0xB537
mem[X,0x8003080A] -> 0x0000
[4924] [M]: 0x80030808 (0x0000B537) lui a0, 11
x10 <- 0x0000B000


mem[X,0x8003080C] -> 0x0513
mem[X,0x8003080E] -> 0x5035
[4925] [M]: 0x8003080C (0x50350513) addi a0, a0, 1283
x10 <- 0x0000B503


mem[X,0x80030810] -> 0x35B7
mem[X,0x80030812] -> 0x3333
[4926] [M]: 0x80030810 (0x333335B7) lui a1, 209715
x11 <- 0x33333000


mem[X,0x80030814] -> 0x8593
mem[X,0x80030816] -> 0x3335
[4927] [M]: 0x80030814 (0x33358593) addi a1, a1, 819
x11 <- 0x33333333


mem[X,0x80030818] -> 0x0113
mem[X,0x8003081A] -> 0x0000
[4928] [M]: 0x80030818 (0x00000113) addi sp, zero, 0
x2 <- 0x00000000


mem[X,0x8003081C] -> 0x006F
mem[X,0x8003081E] -> 0x00C0
[4929] [M]: 0x8003081C (0x00C0006F) jal zero, 12


mem[X,0x80030828] -> 0x0063
mem[X,0x8003082A] -> 0x10B5
[4930] [M]: 0x80030828 (0x10B50063) beq a0, a1, 256


mem[X,0x8003082C] -> 0x0113
mem[X,0x8003082E] -> 0x0021
[4931] [M]: 0x8003082C (0x00210113) addi sp, sp, 2
x2 <- 0x00000002


mem[X,0x80030830] -> 0x006F
mem[X,0x80030832] -> 0x1000
[4932] [M]: 0x80030830 (0x1000006F) jal zero, 256


mem[X,0x80030930] -> 0xAA23
mem[X,0x80030932] -> 0x7C20
[4933] [M]: 0x80030930 (0x7C20AA23) sw sp, 2004(ra)
mem[0x8003A93C] <- 0x00000002


mem[X,0x80030934] -> 0xB537
mem[X,0x80030936] -> 0x0000
[4934] [M]: 0x80030934 (0x0000B537) lui a0, 11
x10 <- 0x0000B000


mem[X,0x80030938] -> 0x0513
mem[X,0x8003093A] -> 0x5035
[4935] [M]: 0x80030938 (0x50350513) addi a0, a0, 1283
x10 <- 0x0000B503


mem[X,0x8003093C] -> 0x65B7
mem[X,0x8003093E] -> 0x6666
[4936] [M]: 0x8003093C (0x666665B7) lui a1, 419430
x11 <- 0x66666000


mem[X,0x80030940] -> 0x8593
mem[X,0x80030942] -> 0x6665
[4937] [M]: 0x80030940 (0x66658593) addi a1, a1, 1638
x11 <- 0x66666666


mem[X,0x80030944] -> 0x0113
mem[X,0x80030946] -> 0x0000
[4938] [M]: 0x80030944 (0x00000113) addi sp, zero, 0
x2 <- 0x00000000


mem[X,0x80030948] -> 0x006F
mem[X,0x8003094A] -> 0x00C0
[4939] [M]: 0x80030948 (0x00C0006F) jal zero, 12


mem[X,0x80030954] -> 0x0CE3
mem[X,0x80030956] -> 0xFEB5
[4940] [M]: 0x80030954 (0xFEB50CE3) beq a0, a1, 8184


mem[X,0x80030958] -> 0x0113
mem[X,0x8003095A] -> 0x0021
[4941] [M]: 0x80030958 (0x00210113) addi sp, sp, 2
x2 <- 0x00000002


mem[X,0x8003095C] -> 0x006F
mem[X,0x8003095E] -> 0x00C0
[4942] [M]: 0x8003095C (0x00C0006F) jal zero, 12


mem[X,0x80030968] -> 0xAC23
mem[X,0x8003096A] -> 0x7C20
[4943] [M]: 0x80030968 (0x7C20AC23) sw sp, 2008(ra)
mem[0x8003A940] <- 0x00000002


mem[X,0x8003096C] -> 0xB537
mem[X,0x8003096E] -> 0x0000
[4944] [M]: 0x8003096C (0x0000B537) lui a0, 11
x10 <- 0x0000B000


mem[X,0x80030970] -> 0x0513
mem[X,0x80030972] -> 0x5035
[4945] [M]: 0x80030970 (0x50350513) addi a0, a0, 1283
x10 <- 0x0000B503


mem[X,0x80030974] -> 0x55B7
mem[X,0x80030976] -> 0xFFFF
[4946] [M]: 0x80030974 (0xFFFF55B7) lui a1, 1048565
x11 <- 0xFFFF5000


mem[X,0x80030978] -> 0x8593
mem[X,0x8003097A] -> 0xAFC5
[4947] [M]: 0x80030978 (0xAFC58593) addi a1, a1, 2812
x11 <- 0xFFFF4AFC


mem[X,0x8003097C] -> 0x0113
mem[X,0x8003097E] -> 0x0000
[4948] [M]: 0x8003097C (0x00000113) addi sp, zero, 0
x2 <- 0x00000000


mem[X,0x80030980] -> 0x006F
mem[X,0x80030982] -> 0x00C0
[4949] [M]: 0x80030980 (0x00C0006F) jal zero, 12


mem[X,0x8003098C] -> 0x0663
mem[X,0x8003098E] -> 0x00B5
[4950] [M]: 0x8003098C (0x00B50663) beq a0, a1, 12


mem[X,0x80030990] -> 0x0113
mem[X,0x80030992] -> 0x0021
[4951] [M]: 0x80030990 (0x00210113) addi sp, sp, 2
x2 <- 0x00000002


mem[X,0x80030994] -> 0x006F
mem[X,0x80030996] -> 0x00C0
[4952] [M]: 0x80030994 (0x00C0006F) jal zero, 12


mem[X,0x800309A0] -> 0xAE23
mem[X,0x800309A2] -> 0x7C20
[4953] [M]: 0x800309A0 (0x7C20AE23) sw sp, 2012(ra)
mem[0x8003A944] <- 0x00000002


mem[X,0x800309A4] -> 0xB537
mem[X,0x800309A6] -> 0x0000
[4954] [M]: 0x800309A4 (0x0000B537) lui a0, 11
x10 <- 0x0000B000


mem[X,0x800309A8] -> 0x0513
mem[X,0x800309AA] -> 0x5035
[4955] [M]: 0x800309A8 (0x50350513) addi a0, a0, 1283
x10 <- 0x0000B503


mem[X,0x800309AC] -> 0xB5B7
mem[X,0x800309AE] -> 0x0000
[4956] [M]: 0x800309AC (0x0000B5B7) lui a1, 11
x11 <- 0x0000B000


mem[X,0x800309B0] -> 0x8593
mem[X,0x800309B2] -> 0x5045
[4957] [M]: 0x800309B0 (0x50458593) addi a1, a1, 1284
x11 <- 0x0000B504


mem[X,0x800309B4] -> 0x0113
mem[X,0x800309B6] -> 0x0000
[4958] [M]: 0x800309B4 (0x00000113) addi sp, zero, 0
x2 <- 0x00000000


mem[X,0x800309B8] -> 0x006F
mem[X,0x800309BA] -> 0x0050
[4959] [M]: 0x800309B8 (0x0050006F) jal zero, 2052


mem[X,0x800311BC] -> 0x00E3
mem[X,0x800311BE] -> 0x80B5
[4960] [M]: 0x800311BC (0x80B500E3) beq a0, a1, 6144


mem[X,0x800311C0] -> 0x0113
mem[X,0x800311C2] -> 0x0021
[4961] [M]: 0x800311C0 (0x00210113) addi sp, sp, 2
x2 <- 0x00000002


mem[X,0x800311C4] -> 0x006F
mem[X,0x800311C6] -> 0x00C0
[4962] [M]: 0x800311C4 (0x00C0006F) jal zero, 12


mem[X,0x800311D0] -> 0xA023
mem[X,0x800311D2] -> 0x7E20
[4963] [M]: 0x800311D0 (0x7E20A023) sw sp, 2016(ra)
mem[0x8003A948] <- 0x00000002


mem[X,0x800311D4] -> 0xB537
mem[X,0x800311D6] -> 0x0000
[4964] [M]: 0x800311D4 (0x0000B537) lui a0, 11
x10 <- 0x0000B000


mem[X,0x800311D8] -> 0x0513
mem[X,0x800311DA] -> 0x5035
[4965] [M]: 0x800311D8 (0x50350513) addi a0, a0, 1283
x10 <- 0x0000B503


mem[X,0x800311DC] -> 0x0593
mem[X,0x800311DE] -> 0x0020
[4966] [M]: 0x800311DC (0x00200593) addi a1, zero, 2
x11 <- 0x00000002


mem[X,0x800311E0] -> 0x0113
mem[X,0x800311E2] -> 0x0000
[4967] [M]: 0x800311E0 (0x00000113) addi sp, zero, 0
x2 <- 0x00000000


mem[X,0x800311E4] -> 0x006F
mem[X,0x800311E6] -> 0x00C0
[4968] [M]: 0x800311E4 (0x00C0006F) jal zero, 12


mem[X,0x800311F0] -> 0x0663
mem[X,0x800311F2] -> 0x00B5
[4969] [M]: 0x800311F0 (0x00B50663) beq a0, a1, 12


mem[X,0x800311F4] -> 0x0113
mem[X,0x800311F6] -> 0x0021
[4970] [M]: 0x800311F4 (0x00210113) addi sp, sp, 2
x2 <- 0x00000002


mem[X,0x800311F8] -> 0x006F
mem[X,0x800311FA] -> 0x00C0
[4971] [M]: 0x800311F8 (0x00C0006F) jal zero, 12


mem[X,0x80031204] -> 0xA223
mem[X,0x80031206] -> 0x7E20
[4972] [M]: 0x80031204 (0x7E20A223) sw sp, 2020(ra)
mem[0x8003A94C] <- 0x00000002


mem[X,0x80031208] -> 0xB537
mem[X,0x8003120A] -> 0x0000
[4973] [M]: 0x80031208 (0x0000B537) lui a0, 11
x10 <- 0x0000B000


mem[X,0x8003120C] -> 0x0513
mem[X,0x8003120E] -> 0x5035
[4974] [M]: 0x8003120C (0x50350513) addi a0, a0, 1283
x10 <- 0x0000B503


mem[X,0x80031210] -> 0x55B7
mem[X,0x80031212] -> 0x5555
[4975] [M]: 0x80031210 (0x555555B7) lui a1, 349525
x11 <- 0x55555000


mem[X,0x80031214] -> 0x8593
mem[X,0x80031216] -> 0x5545
[4976] [M]: 0x80031214 (0x55458593) addi a1, a1, 1364
x11 <- 0x55555554


mem[X,0x80031218] -> 0x0113
mem[X,0x8003121A] -> 0x0000
[4977] [M]: 0x80031218 (0x00000113) addi sp, zero, 0
x2 <- 0x00000000


mem[X,0x8003121C] -> 0x006F
mem[X,0x8003121E] -> 0x00C0
[4978] [M]: 0x8003121C (0x00C0006F) jal zero, 12


mem[X,0x80031228] -> 0x0663
mem[X,0x8003122A] -> 0x00B5
[4979] [M]: 0x80031228 (0x00B50663) beq a0, a1, 12


mem[X,0x8003122C] -> 0x0113
mem[X,0x8003122E] -> 0x0021
[4980] [M]: 0x8003122C (0x00210113) addi sp, sp, 2
x2 <- 0x00000002


mem[X,0x80031230] -> 0x006F
mem[X,0x80031232] -> 0x00C0
[4981] [M]: 0x80031230 (0x00C0006F) jal zero, 12


mem[X,0x8003123C] -> 0xA423
mem[X,0x8003123E] -> 0x7E20
[4982] [M]: 0x8003123C (0x7E20A423) sw sp, 2024(ra)
mem[0x8003A950] <- 0x00000002


mem[X,0x80031240] -> 0xB537
mem[X,0x80031242] -> 0x0000
[4983] [M]: 0x80031240 (0x0000B537) lui a0, 11
x10 <- 0x0000B000


mem[X,0x80031244] -> 0x0513
mem[X,0x80031246] -> 0x5035
[4984] [M]: 0x80031244 (0x50350513) addi a0, a0, 1283
x10 <- 0x0000B503


mem[X,0x80031248] -> 0x0593
mem[X,0x8003124A] -> 0x0000
[4985] [M]: 0x80031248 (0x00000593) addi a1, zero, 0
x11 <- 0x00000000


mem[X,0x8003124C] -> 0x0113
mem[X,0x8003124E] -> 0x0000
[4986] [M]: 0x8003124C (0x00000113) addi sp, zero, 0
x2 <- 0x00000000


mem[X,0x80031250] -> 0x006F
mem[X,0x80031252] -> 0x0180
[4987] [M]: 0x80031250 (0x0180006F) jal zero, 24


mem[X,0x80031268] -> 0x06E3
mem[X,0x8003126A] -> 0xFEB5
[4988] [M]: 0x80031268 (0xFEB506E3) beq a0, a1, 8172


mem[X,0x8003126C] -> 0x0113
mem[X,0x8003126E] -> 0x0021
[4989] [M]: 0x8003126C (0x00210113) addi sp, sp, 2
x2 <- 0x00000002


mem[X,0x80031270] -> 0x006F
mem[X,0x80031272] -> 0x00C0
[4990] [M]: 0x80031270 (0x00C0006F) jal zero, 12


mem[X,0x8003127C] -> 0xA623
mem[X,0x8003127E] -> 0x7E20
[4991] [M]: 0x8003127C (0x7E20A623) sw sp, 2028(ra)
mem[0x8003A954] <- 0x00000002


mem[X,0x80031280] -> 0xB537
mem[X,0x80031282] -> 0x0000
[4992] [M]: 0x80031280 (0x0000B537) lui a0, 11
x10 <- 0x0000B000


mem[X,0x80031284] -> 0x0513
mem[X,0x80031286] -> 0x5035
[4993] [M]: 0x80031284 (0x50350513) addi a0, a0, 1283
x10 <- 0x0000B503


mem[X,0x80031288] -> 0x0593
mem[X,0x8003128A] -> 0x0040
[4994] [M]: 0x80031288 (0x00400593) addi a1, zero, 4
x11 <- 0x00000004


mem[X,0x8003128C] -> 0x0113
mem[X,0x8003128E] -> 0x0000
[4995] [M]: 0x8003128C (0x00000113) addi sp, zero, 0
x2 <- 0x00000000


mem[X,0x80031290] -> 0x006F
mem[X,0x80031292] -> 0x00C0
[4996] [M]: 0x80031290 (0x00C0006F) jal zero, 12


mem[X,0x8003129C] -> 0x0063
mem[X,0x8003129E] -> 0x10B5
[4997] [M]: 0x8003129C (0x10B50063) beq a0, a1, 256


mem[X,0x800312A0] -> 0x0113
mem[X,0x800312A2] -> 0x0021
[4998] [M]: 0x800312A0 (0x00210113) addi sp, sp, 2
x2 <- 0x00000002


mem[X,0x800312A4] -> 0x006F
mem[X,0x800312A6] -> 0x1000
[4999] [M]: 0x800312A4 (0x1000006F) jal zero, 256


clint::tick mtime <- 0x0000000000000032
 clint timer pending at mtime 0x0000000000000032
htif::tick 0x0000000000000000
mem[X,0x800313A4] -> 0xA823
mem[X,0x800313A6] -> 0x7E20
[5000] [M]: 0x800313A4 (0x7E20A823) sw sp, 2032(ra)
mem[0x8003A958] <- 0x00000002


mem[X,0x800313A8] -> 0xB537
mem[X,0x800313AA] -> 0x0000
[5001] [M]: 0x800313A8 (0x0000B537) lui a0, 11
x10 <- 0x0000B000


mem[X,0x800313AC] -> 0x0513
mem[X,0x800313AE] -> 0x5035
[5002] [M]: 0x800313AC (0x50350513) addi a0, a0, 1283
x10 <- 0x0000B503


mem[X,0x800313B0] -> 0x35B7
mem[X,0x800313B2] -> 0x3333
[5003] [M]: 0x800313B0 (0x333335B7) lui a1, 209715
x11 <- 0x33333000


mem[X,0x800313B4] -> 0x8593
mem[X,0x800313B6] -> 0x3325
[5004] [M]: 0x800313B4 (0x33258593) addi a1, a1, 818
x11 <- 0x33333332


mem[X,0x800313B8] -> 0x0113
mem[X,0x800313BA] -> 0x0000
[5005] [M]: 0x800313B8 (0x00000113) addi sp, zero, 0
x2 <- 0x00000000


mem[X,0x800313BC] -> 0x006F
mem[X,0x800313BE] -> 0x00C0
[5006] [M]: 0x800313BC (0x00C0006F) jal zero, 12


mem[X,0x800313C8] -> 0x0CE3
mem[X,0x800313CA] -> 0xFEB5
[5007] [M]: 0x800313C8 (0xFEB50CE3) beq a0, a1, 8184


mem[X,0x800313CC] -> 0x0113
mem[X,0x800313CE] -> 0x0021
[5008] [M]: 0x800313CC (0x00210113) addi sp, sp, 2
x2 <- 0x00000002


mem[X,0x800313D0] -> 0x006F
mem[X,0x800313D2] -> 0x00C0
[5009] [M]: 0x800313D0 (0x00C0006F) jal zero, 12


mem[X,0x800313DC] -> 0xAA23
mem[X,0x800313DE] -> 0x7E20
[5010] [M]: 0x800313DC (0x7E20AA23) sw sp, 2036(ra)
mem[0x8003A95C] <- 0x00000002


mem[X,0x800313E0] -> 0xB537
mem[X,0x800313E2] -> 0x0000
[5011] [M]: 0x800313E0 (0x0000B537) lui a0, 11
x10 <- 0x0000B000


mem[X,0x800313E4] -> 0x0513
mem[X,0x800313E6] -> 0x5035
[5012] [M]: 0x800313E4 (0x50350513) addi a0, a0, 1283
x10 <- 0x0000B503


mem[X,0x800313E8] -> 0x65B7
mem[X,0x800313EA] -> 0x6666
[5013] [M]: 0x800313E8 (0x666665B7) lui a1, 419430
x11 <- 0x66666000


mem[X,0x800313EC] -> 0x8593
mem[X,0x800313EE] -> 0x6655
[5014] [M]: 0x800313EC (0x66558593) addi a1, a1, 1637
x11 <- 0x66666665


mem[X,0x800313F0] -> 0x0113
mem[X,0x800313F2] -> 0x0000
[5015] [M]: 0x800313F0 (0x00000113) addi sp, zero, 0
x2 <- 0x00000000


mem[X,0x800313F4] -> 0x006F
mem[X,0x800313F6] -> 0x00C0
[5016] [M]: 0x800313F4 (0x00C0006F) jal zero, 12


mem[X,0x80031400] -> 0x0663
mem[X,0x80031402] -> 0x00B5
[5017] [M]: 0x80031400 (0x00B50663) beq a0, a1, 12


mem[X,0x80031404] -> 0x0113
mem[X,0x80031406] -> 0x0021
[5018] [M]: 0x80031404 (0x00210113) addi sp, sp, 2
x2 <- 0x00000002


mem[X,0x80031408] -> 0x006F
mem[X,0x8003140A] -> 0x00C0
[5019] [M]: 0x80031408 (0x00C0006F) jal zero, 12


mem[X,0x80031414] -> 0xAC23
mem[X,0x80031416] -> 0x7E20
[5020] [M]: 0x80031414 (0x7E20AC23) sw sp, 2040(ra)
mem[0x8003A960] <- 0x00000002


mem[X,0x80031418] -> 0xB537
mem[X,0x8003141A] -> 0x0000
[5021] [M]: 0x80031418 (0x0000B537) lui a0, 11
x10 <- 0x0000B000


mem[X,0x8003141C] -> 0x0513
mem[X,0x8003141E] -> 0x5035
[5022] [M]: 0x8003141C (0x50350513) addi a0, a0, 1283
x10 <- 0x0000B503


mem[X,0x80031420] -> 0xB5B7
mem[X,0x80031422] -> 0x0000
[5023] [M]: 0x80031420 (0x0000B5B7) lui a1, 11
x11 <- 0x0000B000


mem[X,0x80031424] -> 0x8593
mem[X,0x80031426] -> 0x5035
[5024] [M]: 0x80031424 (0x50358593) addi a1, a1, 1283
x11 <- 0x0000B503


mem[X,0x80031428] -> 0x0113
mem[X,0x8003142A] -> 0x0000
[5025] [M]: 0x80031428 (0x00000113) addi sp, zero, 0
x2 <- 0x00000000


mem[X,0x8003142C] -> 0x006F
mem[X,0x8003142E] -> 0x00C0
[5026] [M]: 0x8003142C (0x00C0006F) jal zero, 12


mem[X,0x80031438] -> 0x0CE3
mem[X,0x8003143A] -> 0xFEB5
[5027] [M]: 0x80031438 (0xFEB50CE3) beq a0, a1, 8184


mem[X,0x80031430] -> 0x0113
mem[X,0x80031432] -> 0x0011
[5028] [M]: 0x80031430 (0x00110113) addi sp, sp, 1
x2 <- 0x00000001


mem[X,0x80031434] -> 0x006F
mem[X,0x80031436] -> 0x0180
[5029] [M]: 0x80031434 (0x0180006F) jal zero, 24


mem[X,0x8003144C] -> 0xAE23
mem[X,0x8003144E] -> 0x7E20
[5030] [M]: 0x8003144C (0x7E20AE23) sw sp, 2044(ra)
mem[0x8003A964] <- 0x00000001


mem[X,0x80031450] -> 0x0013
mem[X,0x80031452] -> 0x0000
[5031] [M]: 0x80031450 (0x00000013) addi zero, zero, 0


mem[X,0x80031454] -> 0x0013
mem[X,0x80031456] -> 0x0000
[5032] [M]: 0x80031454 (0x00000013) addi zero, zero, 0


mem[X,0x80031458] -> 0x0013
mem[X,0x8003145A] -> 0x0000
[5033] [M]: 0x80031458 (0x00000013) addi zero, zero, 0


mem[X,0x8003145C] -> 0x0013
mem[X,0x8003145E] -> 0x0000
[5034] [M]: 0x8003145C (0x00000013) addi zero, zero, 0


mem[X,0x80031460] -> 0x9097
mem[X,0x80031462] -> 0x0000
[5035] [M]: 0x80031460 (0x00009097) auipc ra, 9
x1 <- 0x8003A460


mem[X,0x80031464] -> 0x8093
mem[X,0x80031466] -> 0x5080
[5036] [M]: 0x80031464 (0x50808093) addi ra, ra, 1288
x1 <- 0x8003A968


mem[X,0x80031468] -> 0x0013
mem[X,0x8003146A] -> 0x0000
[5037] [M]: 0x80031468 (0x00000013) addi zero, zero, 0


mem[X,0x8003146C] -> 0x0013
mem[X,0x8003146E] -> 0x0000
[5038] [M]: 0x8003146C (0x00000013) addi zero, zero, 0


mem[X,0x80031470] -> 0x0013
mem[X,0x80031472] -> 0x0000
[5039] [M]: 0x80031470 (0x00000013) addi zero, zero, 0


mem[X,0x80031474] -> 0x0013
mem[X,0x80031476] -> 0x0000
[5040] [M]: 0x80031474 (0x00000013) addi zero, zero, 0


mem[X,0x80031478] -> 0x0013
mem[X,0x8003147A] -> 0x0000
[5041] [M]: 0x80031478 (0x00000013) addi zero, zero, 0


mem[X,0x8003147C] -> 0x0013
mem[X,0x8003147E] -> 0x0000
[5042] [M]: 0x8003147C (0x00000013) addi zero, zero, 0


mem[X,0x80031480] -> 0xB537
mem[X,0x80031482] -> 0x0000
[5043] [M]: 0x80031480 (0x0000B537) lui a0, 11
x10 <- 0x0000B000


mem[X,0x80031484] -> 0x0513
mem[X,0x80031486] -> 0x5035
[5044] [M]: 0x80031484 (0x50350513) addi a0, a0, 1283
x10 <- 0x0000B503


mem[X,0x80031488] -> 0x55B7
mem[X,0x8003148A] -> 0x5555
[5045] [M]: 0x80031488 (0x555555B7) lui a1, 349525
x11 <- 0x55555000


mem[X,0x8003148C] -> 0x8593
mem[X,0x8003148E] -> 0x5565
[5046] [M]: 0x8003148C (0x55658593) addi a1, a1, 1366
x11 <- 0x55555556


mem[X,0x80031490] -> 0x0113
mem[X,0x80031492] -> 0x0000
[5047] [M]: 0x80031490 (0x00000113) addi sp, zero, 0
x2 <- 0x00000000


mem[X,0x80031494] -> 0x006F
mem[X,0x80031496] -> 0x00C0
[5048] [M]: 0x80031494 (0x00C0006F) jal zero, 12


mem[X,0x800314A0] -> 0x0CE3
mem[X,0x800314A2] -> 0xFEB5
[5049] [M]: 0x800314A0 (0xFEB50CE3) beq a0, a1, 8184


mem[X,0x800314A4] -> 0x0113
mem[X,0x800314A6] -> 0x0021
[5050] [M]: 0x800314A4 (0x00210113) addi sp, sp, 2
x2 <- 0x00000002


mem[X,0x800314A8] -> 0x006F
mem[X,0x800314AA] -> 0x00C0
[5051] [M]: 0x800314A8 (0x00C0006F) jal zero, 12


mem[X,0x800314B4] -> 0xA023
mem[X,0x800314B6] -> 0x0020
[5052] [M]: 0x800314B4 (0x0020A023) sw sp, 0(ra)
mem[0x8003A968] <- 0x00000002


mem[X,0x800314B8] -> 0xB537
mem[X,0x800314BA] -> 0x0000
[5053] [M]: 0x800314B8 (0x0000B537) lui a0, 11
x10 <- 0x0000B000


mem[X,0x800314BC] -> 0x0513
mem[X,0x800314BE] -> 0x5035
[5054] [M]: 0x800314BC (0x50350513) addi a0, a0, 1283
x10 <- 0x0000B503


mem[X,0x800314C0] -> 0xB5B7
mem[X,0x800314C2] -> 0xAAAA
[5055] [M]: 0x800314C0 (0xAAAAB5B7) lui a1, 699051
x11 <- 0xAAAAB000


mem[X,0x800314C4] -> 0x8593
mem[X,0x800314C6] -> 0xAAB5
[5056] [M]: 0x800314C4 (0xAAB58593) addi a1, a1, 2731
x11 <- 0xAAAAAAAB


mem[X,0x800314C8] -> 0x0113
mem[X,0x800314CA] -> 0x0000
[5057] [M]: 0x800314C8 (0x00000113) addi sp, zero, 0
x2 <- 0x00000000


mem[X,0x800314CC] -> 0x006F
mem[X,0x800314CE] -> 0x00C0
[5058] [M]: 0x800314CC (0x00C0006F) jal zero, 12


mem[X,0x800314D8] -> 0x0663
mem[X,0x800314DA] -> 0x00B5
[5059] [M]: 0x800314D8 (0x00B50663) beq a0, a1, 12


mem[X,0x800314DC] -> 0x0113
mem[X,0x800314DE] -> 0x0021
[5060] [M]: 0x800314DC (0x00210113) addi sp, sp, 2
x2 <- 0x00000002


mem[X,0x800314E0] -> 0x006F
mem[X,0x800314E2] -> 0x00C0
[5061] [M]: 0x800314E0 (0x00C0006F) jal zero, 12


mem[X,0x800314EC] -> 0xA223
mem[X,0x800314EE] -> 0x0020
[5062] [M]: 0x800314EC (0x0020A223) sw sp, 4(ra)
mem[0x8003A96C] <- 0x00000002


mem[X,0x800314F0] -> 0xB537
mem[X,0x800314F2] -> 0x0000
[5063] [M]: 0x800314F0 (0x0000B537) lui a0, 11
x10 <- 0x0000B000


mem[X,0x800314F4] -> 0x0513
mem[X,0x800314F6] -> 0x5035
[5064] [M]: 0x800314F4 (0x50350513) addi a0, a0, 1283
x10 <- 0x0000B503


mem[X,0x800314F8] -> 0x0593
mem[X,0x800314FA] -> 0x0060
[5065] [M]: 0x800314F8 (0x00600593) addi a1, zero, 6
x11 <- 0x00000006


mem[X,0x800314FC] -> 0x0113
mem[X,0x800314FE] -> 0x0000
[5066] [M]: 0x800314FC (0x00000113) addi sp, zero, 0
x2 <- 0x00000000


mem[X,0x80031500] -> 0x006F
mem[X,0x80031502] -> 0x0140
[5067] [M]: 0x80031500 (0x0140006F) jal zero, 20


mem[X,0x80031514] -> 0x08E3
mem[X,0x80031516] -> 0xFEB5
[5068] [M]: 0x80031514 (0xFEB508E3) beq a0, a1, 8176


mem[X,0x80031518] -> 0x0113
mem[X,0x8003151A] -> 0x0021
[5069] [M]: 0x80031518 (0x00210113) addi sp, sp, 2
x2 <- 0x00000002


mem[X,0x8003151C] -> 0x006F
mem[X,0x8003151E] -> 0x00C0
[5070] [M]: 0x8003151C (0x00C0006F) jal zero, 12


mem[X,0x80031528] -> 0xA423
mem[X,0x8003152A] -> 0x0020
[5071] [M]: 0x80031528 (0x0020A423) sw sp, 8(ra)
mem[0x8003A970] <- 0x00000002


mem[X,0x8003152C] -> 0xB537
mem[X,0x8003152E] -> 0x0000
[5072] [M]: 0x8003152C (0x0000B537) lui a0, 11
x10 <- 0x0000B000


mem[X,0x80031530] -> 0x0513
mem[X,0x80031532] -> 0x5035
[5073] [M]: 0x80031530 (0x50350513) addi a0, a0, 1283
x10 <- 0x0000B503


mem[X,0x80031534] -> 0x35B7
mem[X,0x80031536] -> 0x3333
[5074] [M]: 0x80031534 (0x333335B7) lui a1, 209715
x11 <- 0x33333000


mem[X,0x80031538] -> 0x8593
mem[X,0x8003153A] -> 0x3345
[5075] [M]: 0x80031538 (0x33458593) addi a1, a1, 820
x11 <- 0x33333334


mem[X,0x8003153C] -> 0x0113
mem[X,0x8003153E] -> 0x0000
[5076] [M]: 0x8003153C (0x00000113) addi sp, zero, 0
x2 <- 0x00000000


mem[X,0x80031540] -> 0x006F
mem[X,0x80031542] -> 0x00C0
[5077] [M]: 0x80031540 (0x00C0006F) jal zero, 12


mem[X,0x8003154C] -> 0x0063
mem[X,0x8003154E] -> 0x04B5
[5078] [M]: 0x8003154C (0x04B50063) beq a0, a1, 64


mem[X,0x80031550] -> 0x0113
mem[X,0x80031552] -> 0x0021
[5079] [M]: 0x80031550 (0x00210113) addi sp, sp, 2
x2 <- 0x00000002


mem[X,0x80031554] -> 0x006F
mem[X,0x80031556] -> 0x0400
[5080] [M]: 0x80031554 (0x0400006F) jal zero, 64


mem[X,0x80031594] -> 0xA623
mem[X,0x80031596] -> 0x0020
[5081] [M]: 0x80031594 (0x0020A623) sw sp, 12(ra)
mem[0x8003A974] <- 0x00000002


mem[X,0x80031598] -> 0xB537
mem[X,0x8003159A] -> 0x0000
[5082] [M]: 0x80031598 (0x0000B537) lui a0, 11
x10 <- 0x0000B000


mem[X,0x8003159C] -> 0x0513
mem[X,0x8003159E] -> 0x5035
[5083] [M]: 0x8003159C (0x50350513) addi a0, a0, 1283
x10 <- 0x0000B503


mem[X,0x800315A0] -> 0x65B7
mem[X,0x800315A2] -> 0x6666
[5084] [M]: 0x800315A0 (0x666665B7) lui a1, 419430
x11 <- 0x66666000


mem[X,0x800315A4] -> 0x8593
mem[X,0x800315A6] -> 0x6675
[5085] [M]: 0x800315A4 (0x66758593) addi a1, a1, 1639
x11 <- 0x66666667


mem[X,0x800315A8] -> 0x0113
mem[X,0x800315AA] -> 0x0000
[5086] [M]: 0x800315A8 (0x00000113) addi sp, zero, 0
x2 <- 0x00000000


mem[X,0x800315AC] -> 0x006F
mem[X,0x800315AE] -> 0x00C0
[5087] [M]: 0x800315AC (0x00C0006F) jal zero, 12


mem[X,0x800315B8] -> 0x0663
mem[X,0x800315BA] -> 0x00B5
[5088] [M]: 0x800315B8 (0x00B50663) beq a0, a1, 12


mem[X,0x800315BC] -> 0x0113
mem[X,0x800315BE] -> 0x0021
[5089] [M]: 0x800315BC (0x00210113) addi sp, sp, 2
x2 <- 0x00000002


mem[X,0x800315C0] -> 0x006F
mem[X,0x800315C2] -> 0x00C0
[5090] [M]: 0x800315C0 (0x00C0006F) jal zero, 12


mem[X,0x800315CC] -> 0xA823
mem[X,0x800315CE] -> 0x0020
[5091] [M]: 0x800315CC (0x0020A823) sw sp, 16(ra)
mem[0x8003A978] <- 0x00000002


mem[X,0x800315D0] -> 0xB537
mem[X,0x800315D2] -> 0x0000
[5092] [M]: 0x800315D0 (0x0000B537) lui a0, 11
x10 <- 0x0000B000


mem[X,0x800315D4] -> 0x0513
mem[X,0x800315D6] -> 0x5035
[5093] [M]: 0x800315D4 (0x50350513) addi a0, a0, 1283
x10 <- 0x0000B503


mem[X,0x800315D8] -> 0x55B7
mem[X,0x800315DA] -> 0xFFFF
[5094] [M]: 0x800315D8 (0xFFFF55B7) lui a1, 1048565
x11 <- 0xFFFF5000


mem[X,0x800315DC] -> 0x8593
mem[X,0x800315DE] -> 0xAFD5
[5095] [M]: 0x800315DC (0xAFD58593) addi a1, a1, 2813
x11 <- 0xFFFF4AFD


mem[X,0x800315E0] -> 0x0113
mem[X,0x800315E2] -> 0x0000
[5096] [M]: 0x800315E0 (0x00000113) addi sp, zero, 0
x2 <- 0x00000000


mem[X,0x800315E4] -> 0x006F
mem[X,0x800315E6] -> 0x00C0
[5097] [M]: 0x800315E4 (0x00C0006F) jal zero, 12


mem[X,0x800315F0] -> 0x0063
mem[X,0x800315F2] -> 0x10B5
[5098] [M]: 0x800315F0 (0x10B50063) beq a0, a1, 256


mem[X,0x800315F4] -> 0x0113
mem[X,0x800315F6] -> 0x0021
[5099] [M]: 0x800315F4 (0x00210113) addi sp, sp, 2
x2 <- 0x00000002


clint::tick mtime <- 0x0000000000000033
 clint timer pending at mtime 0x0000000000000033
htif::tick 0x0000000000000000
mem[X,0x800315F8] -> 0x006F
mem[X,0x800315FA] -> 0x1000
[5100] [M]: 0x800315F8 (0x1000006F) jal zero, 256


mem[X,0x800316F8] -> 0xAA23
mem[X,0x800316FA] -> 0x0020
[5101] [M]: 0x800316F8 (0x0020AA23) sw sp, 20(ra)
mem[0x8003A97C] <- 0x00000002


mem[X,0x800316FC] -> 0xB537
mem[X,0x800316FE] -> 0x0000
[5102] [M]: 0x800316FC (0x0000B537) lui a0, 11
x10 <- 0x0000B000


mem[X,0x80031700] -> 0x0513
mem[X,0x80031702] -> 0x5035
[5103] [M]: 0x80031700 (0x50350513) addi a0, a0, 1283
x10 <- 0x0000B503


mem[X,0x80031704] -> 0xB5B7
mem[X,0x80031706] -> 0x0000
[5104] [M]: 0x80031704 (0x0000B5B7) lui a1, 11
x11 <- 0x0000B000


mem[X,0x80031708] -> 0x8593
mem[X,0x8003170A] -> 0x5055
[5105] [M]: 0x80031708 (0x50558593) addi a1, a1, 1285
x11 <- 0x0000B505


mem[X,0x8003170C] -> 0x0113
mem[X,0x8003170E] -> 0x0000
[5106] [M]: 0x8003170C (0x00000113) addi sp, zero, 0
x2 <- 0x00000000


mem[X,0x80031710] -> 0x006F
mem[X,0x80031712] -> 0x00C0
[5107] [M]: 0x80031710 (0x00C0006F) jal zero, 12


mem[X,0x8003171C] -> 0x0CE3
mem[X,0x8003171E] -> 0xFEB5
[5108] [M]: 0x8003171C (0xFEB50CE3) beq a0, a1, 8184


mem[X,0x80031720] -> 0x0113
mem[X,0x80031722] -> 0x0021
[5109] [M]: 0x80031720 (0x00210113) addi sp, sp, 2
x2 <- 0x00000002


mem[X,0x80031724] -> 0x006F
mem[X,0x80031726] -> 0x00C0
[5110] [M]: 0x80031724 (0x00C0006F) jal zero, 12


mem[X,0x80031730] -> 0xAC23
mem[X,0x80031732] -> 0x0020
[5111] [M]: 0x80031730 (0x0020AC23) sw sp, 24(ra)
mem[0x8003A980] <- 0x00000002


mem[X,0x80031734] -> 0x5537
mem[X,0x80031736] -> 0x5555
[5112] [M]: 0x80031734 (0x55555537) lui a0, 349525
x10 <- 0x55555000


mem[X,0x80031738] -> 0x0513
mem[X,0x8003173A] -> 0x5565
[5113] [M]: 0x80031738 (0x55650513) addi a0, a0, 1366
x10 <- 0x55555556


mem[X,0x8003173C] -> 0x0593
mem[X,0x8003173E] -> 0x0030
[5114] [M]: 0x8003173C (0x00300593) addi a1, zero, 3
x11 <- 0x00000003


mem[X,0x80031740] -> 0x0113
mem[X,0x80031742] -> 0x0000
[5115] [M]: 0x80031740 (0x00000113) addi sp, zero, 0
x2 <- 0x00000000


mem[X,0x80031744] -> 0x006F
mem[X,0x80031746] -> 0x00C0
[5116] [M]: 0x80031744 (0x00C0006F) jal zero, 12


mem[X,0x80031750] -> 0x0CE3
mem[X,0x80031752] -> 0xFEB5
[5117] [M]: 0x80031750 (0xFEB50CE3) beq a0, a1, 8184


mem[X,0x80031754] -> 0x0113
mem[X,0x80031756] -> 0x0021
[5118] [M]: 0x80031754 (0x00210113) addi sp, sp, 2
x2 <- 0x00000002


mem[X,0x80031758] -> 0x006F
mem[X,0x8003175A] -> 0x00C0
[5119] [M]: 0x80031758 (0x00C0006F) jal zero, 12


mem[X,0x80031764] -> 0xAE23
mem[X,0x80031766] -> 0x0020
[5120] [M]: 0x80031764 (0x0020AE23) sw sp, 28(ra)
mem[0x8003A984] <- 0x00000002


mem[X,0x80031768] -> 0x5537
mem[X,0x8003176A] -> 0x5555
[5121] [M]: 0x80031768 (0x55555537) lui a0, 349525
x10 <- 0x55555000


mem[X,0x8003176C] -> 0x0513
mem[X,0x8003176E] -> 0x5565
[5122] [M]: 0x8003176C (0x55650513) addi a0, a0, 1366
x10 <- 0x55555556


mem[X,0x80031770] -> 0x55B7
mem[X,0x80031772] -> 0x5555
[5123] [M]: 0x80031770 (0x555555B7) lui a1, 349525
x11 <- 0x55555000


mem[X,0x80031774] -> 0x8593
mem[X,0x80031776] -> 0x5555
[5124] [M]: 0x80031774 (0x55558593) addi a1, a1, 1365
x11 <- 0x55555555


mem[X,0x80031778] -> 0x0113
mem[X,0x8003177A] -> 0x0000
[5125] [M]: 0x80031778 (0x00000113) addi sp, zero, 0
x2 <- 0x00000000


mem[X,0x8003177C] -> 0x006F
mem[X,0x8003177E] -> 0x00C0
[5126] [M]: 0x8003177C (0x00C0006F) jal zero, 12


mem[X,0x80031788] -> 0x0663
mem[X,0x8003178A] -> 0x00B5
[5127] [M]: 0x80031788 (0x00B50663) beq a0, a1, 12


mem[X,0x8003178C] -> 0x0113
mem[X,0x8003178E] -> 0x0021
[5128] [M]: 0x8003178C (0x00210113) addi sp, sp, 2
x2 <- 0x00000002


mem[X,0x80031790] -> 0x006F
mem[X,0x80031792] -> 0x00C0
[5129] [M]: 0x80031790 (0x00C0006F) jal zero, 12


mem[X,0x8003179C] -> 0xA023
mem[X,0x8003179E] -> 0x0220
[5130] [M]: 0x8003179C (0x0220A023) sw sp, 32(ra)
mem[0x8003A988] <- 0x00000002


mem[X,0x800317A0] -> 0x5537
mem[X,0x800317A2] -> 0x5555
[5131] [M]: 0x800317A0 (0x55555537) lui a0, 349525
x10 <- 0x55555000


mem[X,0x800317A4] -> 0x0513
mem[X,0x800317A6] -> 0x5565
[5132] [M]: 0x800317A4 (0x55650513) addi a0, a0, 1366
x10 <- 0x55555556


mem[X,0x800317A8] -> 0xB5B7
mem[X,0x800317AA] -> 0xAAAA
[5133] [M]: 0x800317A8 (0xAAAAB5B7) lui a1, 699051
x11 <- 0xAAAAB000


mem[X,0x800317AC] -> 0x8593
mem[X,0x800317AE] -> 0xAAA5
[5134] [M]: 0x800317AC (0xAAA58593) addi a1, a1, 2730
x11 <- 0xAAAAAAAA


mem[X,0x800317B0] -> 0x0113
mem[X,0x800317B2] -> 0x0000
[5135] [M]: 0x800317B0 (0x00000113) addi sp, zero, 0
x2 <- 0x00000000


mem[X,0x800317B4] -> 0x006F
mem[X,0x800317B6] -> 0x00C0
[5136] [M]: 0x800317B4 (0x00C0006F) jal zero, 12


mem[X,0x800317C0] -> 0x0CE3
mem[X,0x800317C2] -> 0xFEB5
[5137] [M]: 0x800317C0 (0xFEB50CE3) beq a0, a1, 8184


mem[X,0x800317C4] -> 0x0113
mem[X,0x800317C6] -> 0x0021
[5138] [M]: 0x800317C4 (0x00210113) addi sp, sp, 2
x2 <- 0x00000002


mem[X,0x800317C8] -> 0x006F
mem[X,0x800317CA] -> 0x00C0
[5139] [M]: 0x800317C8 (0x00C0006F) jal zero, 12


mem[X,0x800317D4] -> 0xA223
mem[X,0x800317D6] -> 0x0220
[5140] [M]: 0x800317D4 (0x0220A223) sw sp, 36(ra)
mem[0x8003A98C] <- 0x00000002


mem[X,0x800317D8] -> 0x5537
mem[X,0x800317DA] -> 0x5555
[5141] [M]: 0x800317D8 (0x55555537) lui a0, 349525
x10 <- 0x55555000


mem[X,0x800317DC] -> 0x0513
mem[X,0x800317DE] -> 0x5565
[5142] [M]: 0x800317DC (0x55650513) addi a0, a0, 1366
x10 <- 0x55555556


mem[X,0x800317E0] -> 0x0593
mem[X,0x800317E2] -> 0x0050
[5143] [M]: 0x800317E0 (0x00500593) addi a1, zero, 5
x11 <- 0x00000005


mem[X,0x800317E4] -> 0x0113
mem[X,0x800317E6] -> 0x0000
[5144] [M]: 0x800317E4 (0x00000113) addi sp, zero, 0
x2 <- 0x00000000


mem[X,0x800317E8] -> 0x006F
mem[X,0x800317EA] -> 0x0100
[5145] [M]: 0x800317E8 (0x0100006F) jal zero, 16


mem[X,0x800317F8] -> 0x0AE3
mem[X,0x800317FA] -> 0xFEB5
[5146] [M]: 0x800317F8 (0xFEB50AE3) beq a0, a1, 8180


mem[X,0x800317FC] -> 0x0113
mem[X,0x800317FE] -> 0x0021
[5147] [M]: 0x800317FC (0x00210113) addi sp, sp, 2
x2 <- 0x00000002


mem[X,0x80031800] -> 0x006F
mem[X,0x80031802] -> 0x00C0
[5148] [M]: 0x80031800 (0x00C0006F) jal zero, 12


mem[X,0x8003180C] -> 0xA423
mem[X,0x8003180E] -> 0x0220
[5149] [M]: 0x8003180C (0x0220A423) sw sp, 40(ra)
mem[0x8003A990] <- 0x00000002


mem[X,0x80031810] -> 0x5537
mem[X,0x80031812] -> 0x5555
[5150] [M]: 0x80031810 (0x55555537) lui a0, 349525
x10 <- 0x55555000


mem[X,0x80031814] -> 0x0513
mem[X,0x80031816] -> 0x5565
[5151] [M]: 0x80031814 (0x55650513) addi a0, a0, 1366
x10 <- 0x55555556


mem[X,0x80031818] -> 0x35B7
mem[X,0x8003181A] -> 0x3333
[5152] [M]: 0x80031818 (0x333335B7) lui a1, 209715
x11 <- 0x33333000


mem[X,0x8003181C] -> 0x8593
mem[X,0x8003181E] -> 0x3335
[5153] [M]: 0x8003181C (0x33358593) addi a1, a1, 819
x11 <- 0x33333333


mem[X,0x80031820] -> 0x0113
mem[X,0x80031822] -> 0x0000
[5154] [M]: 0x80031820 (0x00000113) addi sp, zero, 0
x2 <- 0x00000000


mem[X,0x80031824] -> 0x006F
mem[X,0x80031826] -> 0x2B10
[5155] [M]: 0x80031824 (0x2B10006F) jal zero, 2736


mem[X,0x800322D4] -> 0x0A63
mem[X,0x800322D6] -> 0xD4B5
[5156] [M]: 0x800322D4 (0xD4B50A63) beq a0, a1, 5460


mem[X,0x800322D8] -> 0x0113
mem[X,0x800322DA] -> 0x0021
[5157] [M]: 0x800322D8 (0x00210113) addi sp, sp, 2
x2 <- 0x00000002


mem[X,0x800322DC] -> 0x006F
mem[X,0x800322DE] -> 0x00C0
[5158] [M]: 0x800322DC (0x00C0006F) jal zero, 12


mem[X,0x800322E8] -> 0xA623
mem[X,0x800322EA] -> 0x0220
[5159] [M]: 0x800322E8 (0x0220A623) sw sp, 44(ra)
mem[0x8003A994] <- 0x00000002


mem[X,0x800322EC] -> 0x5537
mem[X,0x800322EE] -> 0x5555
[5160] [M]: 0x800322EC (0x55555537) lui a0, 349525
x10 <- 0x55555000


mem[X,0x800322F0] -> 0x0513
mem[X,0x800322F2] -> 0x5565
[5161] [M]: 0x800322F0 (0x55650513) addi a0, a0, 1366
x10 <- 0x55555556


mem[X,0x800322F4] -> 0x65B7
mem[X,0x800322F6] -> 0x6666
[5162] [M]: 0x800322F4 (0x666665B7) lui a1, 419430
x11 <- 0x66666000


mem[X,0x800322F8] -> 0x8593
mem[X,0x800322FA] -> 0x6665
[5163] [M]: 0x800322F8 (0x66658593) addi a1, a1, 1638
x11 <- 0x66666666


mem[X,0x800322FC] -> 0x0113
mem[X,0x800322FE] -> 0x0000
[5164] [M]: 0x800322FC (0x00000113) addi sp, zero, 0
x2 <- 0x00000000


mem[X,0x80032300] -> 0x006F
mem[X,0x80032302] -> 0x0050
[5165] [M]: 0x80032300 (0x0050006F) jal zero, 2052


mem[X,0x80032B04] -> 0x00E3
mem[X,0x80032B06] -> 0x80B5
[5166] [M]: 0x80032B04 (0x80B500E3) beq a0, a1, 6144


mem[X,0x80032B08] -> 0x0113
mem[X,0x80032B0A] -> 0x0021
[5167] [M]: 0x80032B08 (0x00210113) addi sp, sp, 2
x2 <- 0x00000002


mem[X,0x80032B0C] -> 0x006F
mem[X,0x80032B0E] -> 0x00C0
[5168] [M]: 0x80032B0C (0x00C0006F) jal zero, 12


mem[X,0x80032B18] -> 0xA823
mem[X,0x80032B1A] -> 0x0220
[5169] [M]: 0x80032B18 (0x0220A823) sw sp, 48(ra)
mem[0x8003A998] <- 0x00000002


mem[X,0x80032B1C] -> 0x5537
mem[X,0x80032B1E] -> 0x5555
[5170] [M]: 0x80032B1C (0x55555537) lui a0, 349525
x10 <- 0x55555000


mem[X,0x80032B20] -> 0x0513
mem[X,0x80032B22] -> 0x5565
[5171] [M]: 0x80032B20 (0x55650513) addi a0, a0, 1366
x10 <- 0x55555556


mem[X,0x80032B24] -> 0x55B7
mem[X,0x80032B26] -> 0xFFFF
[5172] [M]: 0x80032B24 (0xFFFF55B7) lui a1, 1048565
x11 <- 0xFFFF5000


mem[X,0x80032B28] -> 0x8593
mem[X,0x80032B2A] -> 0xAFC5
[5173] [M]: 0x80032B28 (0xAFC58593) addi a1, a1, 2812
x11 <- 0xFFFF4AFC


mem[X,0x80032B2C] -> 0x0113
mem[X,0x80032B2E] -> 0x0000
[5174] [M]: 0x80032B2C (0x00000113) addi sp, zero, 0
x2 <- 0x00000000


mem[X,0x80032B30] -> 0x006F
mem[X,0x80032B32] -> 0x00C0
[5175] [M]: 0x80032B30 (0x00C0006F) jal zero, 12


mem[X,0x80032B3C] -> 0x0663
mem[X,0x80032B3E] -> 0x00B5
[5176] [M]: 0x80032B3C (0x00B50663) beq a0, a1, 12


mem[X,0x80032B40] -> 0x0113
mem[X,0x80032B42] -> 0x0021
[5177] [M]: 0x80032B40 (0x00210113) addi sp, sp, 2
x2 <- 0x00000002


mem[X,0x80032B44] -> 0x006F
mem[X,0x80032B46] -> 0x00C0
[5178] [M]: 0x80032B44 (0x00C0006F) jal zero, 12


mem[X,0x80032B50] -> 0xAA23
mem[X,0x80032B52] -> 0x0220
[5179] [M]: 0x80032B50 (0x0220AA23) sw sp, 52(ra)
mem[0x8003A99C] <- 0x00000002


mem[X,0x80032B54] -> 0x5537
mem[X,0x80032B56] -> 0x5555
[5180] [M]: 0x80032B54 (0x55555537) lui a0, 349525
x10 <- 0x55555000


mem[X,0x80032B58] -> 0x0513
mem[X,0x80032B5A] -> 0x5565
[5181] [M]: 0x80032B58 (0x55650513) addi a0, a0, 1366
x10 <- 0x55555556


mem[X,0x80032B5C] -> 0xB5B7
mem[X,0x80032B5E] -> 0x0000
[5182] [M]: 0x80032B5C (0x0000B5B7) lui a1, 11
x11 <- 0x0000B000


mem[X,0x80032B60] -> 0x8593
mem[X,0x80032B62] -> 0x5045
[5183] [M]: 0x80032B60 (0x50458593) addi a1, a1, 1284
x11 <- 0x0000B504


mem[X,0x80032B64] -> 0x0113
mem[X,0x80032B66] -> 0x0000
[5184] [M]: 0x80032B64 (0x00000113) addi sp, zero, 0
x2 <- 0x00000000


mem[X,0x80032B68] -> 0x006F
mem[X,0x80032B6A] -> 0x00C0
[5185] [M]: 0x80032B68 (0x00C0006F) jal zero, 12


mem[X,0x80032B74] -> 0x0063
mem[X,0x80032B76] -> 0x10B5
[5186] [M]: 0x80032B74 (0x10B50063) beq a0, a1, 256


mem[X,0x80032B78] -> 0x0113
mem[X,0x80032B7A] -> 0x0021
[5187] [M]: 0x80032B78 (0x00210113) addi sp, sp, 2
x2 <- 0x00000002


mem[X,0x80032B7C] -> 0x006F
mem[X,0x80032B7E] -> 0x1000
[5188] [M]: 0x80032B7C (0x1000006F) jal zero, 256


mem[X,0x80032C7C] -> 0xAC23
mem[X,0x80032C7E] -> 0x0220
[5189] [M]: 0x80032C7C (0x0220AC23) sw sp, 56(ra)
mem[0x8003A9A0] <- 0x00000002


mem[X,0x80032C80] -> 0x5537
mem[X,0x80032C82] -> 0x5555
[5190] [M]: 0x80032C80 (0x55555537) lui a0, 349525
x10 <- 0x55555000


mem[X,0x80032C84] -> 0x0513
mem[X,0x80032C86] -> 0x5565
[5191] [M]: 0x80032C84 (0x55650513) addi a0, a0, 1366
x10 <- 0x55555556


mem[X,0x80032C88] -> 0x0593
mem[X,0x80032C8A] -> 0x0020
[5192] [M]: 0x80032C88 (0x00200593) addi a1, zero, 2
x11 <- 0x00000002


mem[X,0x80032C8C] -> 0x0113
mem[X,0x80032C8E] -> 0x0000
[5193] [M]: 0x80032C8C (0x00000113) addi sp, zero, 0
x2 <- 0x00000000


mem[X,0x80032C90] -> 0x006F
mem[X,0x80032C92] -> 0x00C0
[5194] [M]: 0x80032C90 (0x00C0006F) jal zero, 12


mem[X,0x80032C9C] -> 0x0663
mem[X,0x80032C9E] -> 0x00B5
[5195] [M]: 0x80032C9C (0x00B50663) beq a0, a1, 12


mem[X,0x80032CA0] -> 0x0113
mem[X,0x80032CA2] -> 0x0021
[5196] [M]: 0x80032CA0 (0x00210113) addi sp, sp, 2
x2 <- 0x00000002


mem[X,0x80032CA4] -> 0x006F
mem[X,0x80032CA6] -> 0x00C0
[5197] [M]: 0x80032CA4 (0x00C0006F) jal zero, 12


mem[X,0x80032CB0] -> 0xAE23
mem[X,0x80032CB2] -> 0x0220
[5198] [M]: 0x80032CB0 (0x0220AE23) sw sp, 60(ra)
mem[0x8003A9A4] <- 0x00000002


mem[X,0x80032CB4] -> 0x5537
mem[X,0x80032CB6] -> 0x5555
[5199] [M]: 0x80032CB4 (0x55555537) lui a0, 349525
x10 <- 0x55555000


clint::tick mtime <- 0x0000000000000034
 clint timer pending at mtime 0x0000000000000034
htif::tick 0x0000000000000000
mem[X,0x80032CB8] -> 0x0513
mem[X,0x80032CBA] -> 0x5565
[5200] [M]: 0x80032CB8 (0x55650513) addi a0, a0, 1366
x10 <- 0x55555556


mem[X,0x80032CBC] -> 0x55B7
mem[X,0x80032CBE] -> 0x5555
[5201] [M]: 0x80032CBC (0x555555B7) lui a1, 349525
x11 <- 0x55555000


mem[X,0x80032CC0] -> 0x8593
mem[X,0x80032CC2] -> 0x5545
[5202] [M]: 0x80032CC0 (0x55458593) addi a1, a1, 1364
x11 <- 0x55555554


mem[X,0x80032CC4] -> 0x0113
mem[X,0x80032CC6] -> 0x0000
[5203] [M]: 0x80032CC4 (0x00000113) addi sp, zero, 0
x2 <- 0x00000000


mem[X,0x80032CC8] -> 0x006F
mem[X,0x80032CCA] -> 0x00C0
[5204] [M]: 0x80032CC8 (0x00C0006F) jal zero, 12


mem[X,0x80032CD4] -> 0x0663
mem[X,0x80032CD6] -> 0x00B5
[5205] [M]: 0x80032CD4 (0x00B50663) beq a0, a1, 12


mem[X,0x80032CD8] -> 0x0113
mem[X,0x80032CDA] -> 0x0021
[5206] [M]: 0x80032CD8 (0x00210113) addi sp, sp, 2
x2 <- 0x00000002


mem[X,0x80032CDC] -> 0x006F
mem[X,0x80032CDE] -> 0x00C0
[5207] [M]: 0x80032CDC (0x00C0006F) jal zero, 12


mem[X,0x80032CE8] -> 0xA023
mem[X,0x80032CEA] -> 0x0420
[5208] [M]: 0x80032CE8 (0x0420A023) sw sp, 64(ra)
mem[0x8003A9A8] <- 0x00000002


mem[X,0x80032CEC] -> 0x5537
mem[X,0x80032CEE] -> 0x5555
[5209] [M]: 0x80032CEC (0x55555537) lui a0, 349525
x10 <- 0x55555000


mem[X,0x80032CF0] -> 0x0513
mem[X,0x80032CF2] -> 0x5565
[5210] [M]: 0x80032CF0 (0x55650513) addi a0, a0, 1366
x10 <- 0x55555556


mem[X,0x80032CF4] -> 0x0593
mem[X,0x80032CF6] -> 0x0000
[5211] [M]: 0x80032CF4 (0x00000593) addi a1, zero, 0
x11 <- 0x00000000


mem[X,0x80032CF8] -> 0x0113
mem[X,0x80032CFA] -> 0x0000
[5212] [M]: 0x80032CF8 (0x00000113) addi sp, zero, 0
x2 <- 0x00000000


mem[X,0x80032CFC] -> 0x006F
mem[X,0x80032CFE] -> 0x0180
[5213] [M]: 0x80032CFC (0x0180006F) jal zero, 24


mem[X,0x80032D14] -> 0x06E3
mem[X,0x80032D16] -> 0xFEB5
[5214] [M]: 0x80032D14 (0xFEB506E3) beq a0, a1, 8172


mem[X,0x80032D18] -> 0x0113
mem[X,0x80032D1A] -> 0x0021
[5215] [M]: 0x80032D18 (0x00210113) addi sp, sp, 2
x2 <- 0x00000002


mem[X,0x80032D1C] -> 0x006F
mem[X,0x80032D1E] -> 0x00C0
[5216] [M]: 0x80032D1C (0x00C0006F) jal zero, 12


mem[X,0x80032D28] -> 0xA223
mem[X,0x80032D2A] -> 0x0420
[5217] [M]: 0x80032D28 (0x0420A223) sw sp, 68(ra)
mem[0x8003A9AC] <- 0x00000002


mem[X,0x80032D2C] -> 0x5537
mem[X,0x80032D2E] -> 0x5555
[5218] [M]: 0x80032D2C (0x55555537) lui a0, 349525
x10 <- 0x55555000


mem[X,0x80032D30] -> 0x0513
mem[X,0x80032D32] -> 0x5565
[5219] [M]: 0x80032D30 (0x55650513) addi a0, a0, 1366
x10 <- 0x55555556


mem[X,0x80032D34] -> 0x0593
mem[X,0x80032D36] -> 0x0040
[5220] [M]: 0x80032D34 (0x00400593) addi a1, zero, 4
x11 <- 0x00000004


mem[X,0x80032D38] -> 0x0113
mem[X,0x80032D3A] -> 0x0000
[5221] [M]: 0x80032D38 (0x00000113) addi sp, zero, 0
x2 <- 0x00000000


mem[X,0x80032D3C] -> 0x006F
mem[X,0x80032D3E] -> 0x0100
[5222] [M]: 0x80032D3C (0x0100006F) jal zero, 16


mem[X,0x80032D4C] -> 0x0AE3
mem[X,0x80032D4E] -> 0xFEB5
[5223] [M]: 0x80032D4C (0xFEB50AE3) beq a0, a1, 8180


mem[X,0x80032D50] -> 0x0113
mem[X,0x80032D52] -> 0x0021
[5224] [M]: 0x80032D50 (0x00210113) addi sp, sp, 2
x2 <- 0x00000002


mem[X,0x80032D54] -> 0x006F
mem[X,0x80032D56] -> 0x00C0
[5225] [M]: 0x80032D54 (0x00C0006F) jal zero, 12


mem[X,0x80032D60] -> 0xA423
mem[X,0x80032D62] -> 0x0420
[5226] [M]: 0x80032D60 (0x0420A423) sw sp, 72(ra)
mem[0x8003A9B0] <- 0x00000002


mem[X,0x80032D64] -> 0x5537
mem[X,0x80032D66] -> 0x5555
[5227] [M]: 0x80032D64 (0x55555537) lui a0, 349525
x10 <- 0x55555000


mem[X,0x80032D68] -> 0x0513
mem[X,0x80032D6A] -> 0x5565
[5228] [M]: 0x80032D68 (0x55650513) addi a0, a0, 1366
x10 <- 0x55555556


mem[X,0x80032D6C] -> 0x35B7
mem[X,0x80032D6E] -> 0x3333
[5229] [M]: 0x80032D6C (0x333335B7) lui a1, 209715
x11 <- 0x33333000


mem[X,0x80032D70] -> 0x8593
mem[X,0x80032D72] -> 0x3325
[5230] [M]: 0x80032D70 (0x33258593) addi a1, a1, 818
x11 <- 0x33333332


mem[X,0x80032D74] -> 0x0113
mem[X,0x80032D76] -> 0x0000
[5231] [M]: 0x80032D74 (0x00000113) addi sp, zero, 0
x2 <- 0x00000000


mem[X,0x80032D78] -> 0x006F
mem[X,0x80032D7A] -> 0x0140
[5232] [M]: 0x80032D78 (0x0140006F) jal zero, 20


mem[X,0x80032D8C] -> 0x08E3
mem[X,0x80032D8E] -> 0xFEB5
[5233] [M]: 0x80032D8C (0xFEB508E3) beq a0, a1, 8176


mem[X,0x80032D90] -> 0x0113
mem[X,0x80032D92] -> 0x0021
[5234] [M]: 0x80032D90 (0x00210113) addi sp, sp, 2
x2 <- 0x00000002


mem[X,0x80032D94] -> 0x006F
mem[X,0x80032D96] -> 0x00C0
[5235] [M]: 0x80032D94 (0x00C0006F) jal zero, 12


mem[X,0x80032DA0] -> 0xA623
mem[X,0x80032DA2] -> 0x0420
[5236] [M]: 0x80032DA0 (0x0420A623) sw sp, 76(ra)
mem[0x8003A9B4] <- 0x00000002


mem[X,0x80032DA4] -> 0x5537
mem[X,0x80032DA6] -> 0x5555
[5237] [M]: 0x80032DA4 (0x55555537) lui a0, 349525
x10 <- 0x55555000


mem[X,0x80032DA8] -> 0x0513
mem[X,0x80032DAA] -> 0x5565
[5238] [M]: 0x80032DA8 (0x55650513) addi a0, a0, 1366
x10 <- 0x55555556


mem[X,0x80032DAC] -> 0x65B7
mem[X,0x80032DAE] -> 0x6666
[5239] [M]: 0x80032DAC (0x666665B7) lui a1, 419430
x11 <- 0x66666000


mem[X,0x80032DB0] -> 0x8593
mem[X,0x80032DB2] -> 0x6655
[5240] [M]: 0x80032DB0 (0x66558593) addi a1, a1, 1637
x11 <- 0x66666665


mem[X,0x80032DB4] -> 0x0113
mem[X,0x80032DB6] -> 0x0000
[5241] [M]: 0x80032DB4 (0x00000113) addi sp, zero, 0
x2 <- 0x00000000


mem[X,0x80032DB8] -> 0x006F
mem[X,0x80032DBA] -> 0x00C0
[5242] [M]: 0x80032DB8 (0x00C0006F) jal zero, 12


mem[X,0x80032DC4] -> 0x0663
mem[X,0x80032DC6] -> 0x00B5
[5243] [M]: 0x80032DC4 (0x00B50663) beq a0, a1, 12


mem[X,0x80032DC8] -> 0x0113
mem[X,0x80032DCA] -> 0x0021
[5244] [M]: 0x80032DC8 (0x00210113) addi sp, sp, 2
x2 <- 0x00000002


mem[X,0x80032DCC] -> 0x006F
mem[X,0x80032DCE] -> 0x00C0
[5245] [M]: 0x80032DCC (0x00C0006F) jal zero, 12


mem[X,0x80032DD8] -> 0xA823
mem[X,0x80032DDA] -> 0x0420
[5246] [M]: 0x80032DD8 (0x0420A823) sw sp, 80(ra)
mem[0x8003A9B8] <- 0x00000002


mem[X,0x80032DDC] -> 0x5537
mem[X,0x80032DDE] -> 0x5555
[5247] [M]: 0x80032DDC (0x55555537) lui a0, 349525
x10 <- 0x55555000


mem[X,0x80032DE0] -> 0x0513
mem[X,0x80032DE2] -> 0x5565
[5248] [M]: 0x80032DE0 (0x55650513) addi a0, a0, 1366
x10 <- 0x55555556


mem[X,0x80032DE4] -> 0xB5B7
mem[X,0x80032DE6] -> 0x0000
[5249] [M]: 0x80032DE4 (0x0000B5B7) lui a1, 11
x11 <- 0x0000B000


mem[X,0x80032DE8] -> 0x8593
mem[X,0x80032DEA] -> 0x5035
[5250] [M]: 0x80032DE8 (0x50358593) addi a1, a1, 1283
x11 <- 0x0000B503


mem[X,0x80032DEC] -> 0x0113
mem[X,0x80032DEE] -> 0x0000
[5251] [M]: 0x80032DEC (0x00000113) addi sp, zero, 0
x2 <- 0x00000000


mem[X,0x80032DF0] -> 0x006F
mem[X,0x80032DF2] -> 0x0100
[5252] [M]: 0x80032DF0 (0x0100006F) jal zero, 16


mem[X,0x80032E00] -> 0x0AE3
mem[X,0x80032E02] -> 0xFEB5
[5253] [M]: 0x80032E00 (0xFEB50AE3) beq a0, a1, 8180


mem[X,0x80032E04] -> 0x0113
mem[X,0x80032E06] -> 0x0021
[5254] [M]: 0x80032E04 (0x00210113) addi sp, sp, 2
x2 <- 0x00000002


mem[X,0x80032E08] -> 0x006F
mem[X,0x80032E0A] -> 0x00C0
[5255] [M]: 0x80032E08 (0x00C0006F) jal zero, 12


mem[X,0x80032E14] -> 0xAA23
mem[X,0x80032E16] -> 0x0420
[5256] [M]: 0x80032E14 (0x0420AA23) sw sp, 84(ra)
mem[0x8003A9BC] <- 0x00000002


mem[X,0x80032E18] -> 0x5537
mem[X,0x80032E1A] -> 0x5555
[5257] [M]: 0x80032E18 (0x55555537) lui a0, 349525
x10 <- 0x55555000


mem[X,0x80032E1C] -> 0x0513
mem[X,0x80032E1E] -> 0x5565
[5258] [M]: 0x80032E1C (0x55650513) addi a0, a0, 1366
x10 <- 0x55555556


mem[X,0x80032E20] -> 0x55B7
mem[X,0x80032E22] -> 0x5555
[5259] [M]: 0x80032E20 (0x555555B7) lui a1, 349525
x11 <- 0x55555000


mem[X,0x80032E24] -> 0x8593
mem[X,0x80032E26] -> 0x5565
[5260] [M]: 0x80032E24 (0x55658593) addi a1, a1, 1366
x11 <- 0x55555556


mem[X,0x80032E28] -> 0x0113
mem[X,0x80032E2A] -> 0x0000
[5261] [M]: 0x80032E28 (0x00000113) addi sp, zero, 0
x2 <- 0x00000000


mem[X,0x80032E2C] -> 0x006F
mem[X,0x80032E2E] -> 0x2B10
[5262] [M]: 0x80032E2C (0x2B10006F) jal zero, 2736


mem[X,0x800338DC] -> 0x0A63
mem[X,0x800338DE] -> 0xD4B5
[5263] [M]: 0x800338DC (0xD4B50A63) beq a0, a1, 5460


mem[X,0x80032E30] -> 0x0113
mem[X,0x80032E32] -> 0x0011
[5264] [M]: 0x80032E30 (0x00110113) addi sp, sp, 1
x2 <- 0x00000001


mem[X,0x80032E34] -> 0x006F
mem[X,0x80032E36] -> 0x2BD0
[5265] [M]: 0x80032E34 (0x2BD0006F) jal zero, 2748


mem[X,0x800338F0] -> 0xAC23
mem[X,0x800338F2] -> 0x0420
[5266] [M]: 0x800338F0 (0x0420AC23) sw sp, 88(ra)
mem[0x8003A9C0] <- 0x00000001


mem[X,0x800338F4] -> 0x5537
mem[X,0x800338F6] -> 0x5555
[5267] [M]: 0x800338F4 (0x55555537) lui a0, 349525
x10 <- 0x55555000


mem[X,0x800338F8] -> 0x0513
mem[X,0x800338FA] -> 0x5565
[5268] [M]: 0x800338F8 (0x55650513) addi a0, a0, 1366
x10 <- 0x55555556


mem[X,0x800338FC] -> 0xB5B7
mem[X,0x800338FE] -> 0xAAAA
[5269] [M]: 0x800338FC (0xAAAAB5B7) lui a1, 699051
x11 <- 0xAAAAB000


mem[X,0x80033900] -> 0x8593
mem[X,0x80033902] -> 0xAAB5
[5270] [M]: 0x80033900 (0xAAB58593) addi a1, a1, 2731
x11 <- 0xAAAAAAAB


mem[X,0x80033904] -> 0x0113
mem[X,0x80033906] -> 0x0000
[5271] [M]: 0x80033904 (0x00000113) addi sp, zero, 0
x2 <- 0x00000000


mem[X,0x80033908] -> 0x006F
mem[X,0x8003390A] -> 0x00C0
[5272] [M]: 0x80033908 (0x00C0006F) jal zero, 12


mem[X,0x80033914] -> 0x0CE3
mem[X,0x80033916] -> 0xFEB5
[5273] [M]: 0x80033914 (0xFEB50CE3) beq a0, a1, 8184


mem[X,0x80033918] -> 0x0113
mem[X,0x8003391A] -> 0x0021
[5274] [M]: 0x80033918 (0x00210113) addi sp, sp, 2
x2 <- 0x00000002


mem[X,0x8003391C] -> 0x006F
mem[X,0x8003391E] -> 0x00C0
[5275] [M]: 0x8003391C (0x00C0006F) jal zero, 12


mem[X,0x80033928] -> 0xAE23
mem[X,0x8003392A] -> 0x0420
[5276] [M]: 0x80033928 (0x0420AE23) sw sp, 92(ra)
mem[0x8003A9C4] <- 0x00000002


mem[X,0x8003392C] -> 0x5537
mem[X,0x8003392E] -> 0x5555
[5277] [M]: 0x8003392C (0x55555537) lui a0, 349525
x10 <- 0x55555000


mem[X,0x80033930] -> 0x0513
mem[X,0x80033932] -> 0x5565
[5278] [M]: 0x80033930 (0x55650513) addi a0, a0, 1366
x10 <- 0x55555556


mem[X,0x80033934] -> 0x0593
mem[X,0x80033936] -> 0x0060
[5279] [M]: 0x80033934 (0x00600593) addi a1, zero, 6
x11 <- 0x00000006


mem[X,0x80033938] -> 0x0113
mem[X,0x8003393A] -> 0x0000
[5280] [M]: 0x80033938 (0x00000113) addi sp, zero, 0
x2 <- 0x00000000


mem[X,0x8003393C] -> 0x006F
mem[X,0x8003393E] -> 0x00C0
[5281] [M]: 0x8003393C (0x00C0006F) jal zero, 12


mem[X,0x80033948] -> 0x0063
mem[X,0x8003394A] -> 0x40B5
[5282] [M]: 0x80033948 (0x40B50063) beq a0, a1, 1024


mem[X,0x8003394C] -> 0x0113
mem[X,0x8003394E] -> 0x0021
[5283] [M]: 0x8003394C (0x00210113) addi sp, sp, 2
x2 <- 0x00000002


mem[X,0x80033950] -> 0x006F
mem[X,0x80033952] -> 0x4000
[5284] [M]: 0x80033950 (0x4000006F) jal zero, 1024


mem[X,0x80033D50] -> 0xA023
mem[X,0x80033D52] -> 0x0620
[5285] [M]: 0x80033D50 (0x0620A023) sw sp, 96(ra)
mem[0x8003A9C8] <- 0x00000002


mem[X,0x80033D54] -> 0x5537
mem[X,0x80033D56] -> 0x5555
[5286] [M]: 0x80033D54 (0x55555537) lui a0, 349525
x10 <- 0x55555000


mem[X,0x80033D58] -> 0x0513
mem[X,0x80033D5A] -> 0x5565
[5287] [M]: 0x80033D58 (0x55650513) addi a0, a0, 1366
x10 <- 0x55555556


mem[X,0x80033D5C] -> 0x35B7
mem[X,0x80033D5E] -> 0x3333
[5288] [M]: 0x80033D5C (0x333335B7) lui a1, 209715
x11 <- 0x33333000


mem[X,0x80033D60] -> 0x8593
mem[X,0x80033D62] -> 0x3345
[5289] [M]: 0x80033D60 (0x33458593) addi a1, a1, 820
x11 <- 0x33333334


mem[X,0x80033D64] -> 0x0113
mem[X,0x80033D66] -> 0x0000
[5290] [M]: 0x80033D64 (0x00000113) addi sp, zero, 0
x2 <- 0x00000000


mem[X,0x80033D68] -> 0x006F
mem[X,0x80033D6A] -> 0x0050
[5291] [M]: 0x80033D68 (0x0050006F) jal zero, 2052


mem[X,0x8003456C] -> 0x00E3
mem[X,0x8003456E] -> 0x80B5
[5292] [M]: 0x8003456C (0x80B500E3) beq a0, a1, 6144


mem[X,0x80034570] -> 0x0113
mem[X,0x80034572] -> 0x0021
[5293] [M]: 0x80034570 (0x00210113) addi sp, sp, 2
x2 <- 0x00000002


mem[X,0x80034574] -> 0x006F
mem[X,0x80034576] -> 0x00C0
[5294] [M]: 0x80034574 (0x00C0006F) jal zero, 12


mem[X,0x80034580] -> 0xA223
mem[X,0x80034582] -> 0x0620
[5295] [M]: 0x80034580 (0x0620A223) sw sp, 100(ra)
mem[0x8003A9CC] <- 0x00000002


mem[X,0x80034584] -> 0x5537
mem[X,0x80034586] -> 0x5555
[5296] [M]: 0x80034584 (0x55555537) lui a0, 349525
x10 <- 0x55555000


mem[X,0x80034588] -> 0x0513
mem[X,0x8003458A] -> 0x5565
[5297] [M]: 0x80034588 (0x55650513) addi a0, a0, 1366
x10 <- 0x55555556


mem[X,0x8003458C] -> 0x65B7
mem[X,0x8003458E] -> 0x6666
[5298] [M]: 0x8003458C (0x666665B7) lui a1, 419430
x11 <- 0x66666000


mem[X,0x80034590] -> 0x8593
mem[X,0x80034592] -> 0x6675
[5299] [M]: 0x80034590 (0x66758593) addi a1, a1, 1639
x11 <- 0x66666667


clint::tick mtime <- 0x0000000000000035
 clint timer pending at mtime 0x0000000000000035
htif::tick 0x0000000000000000
mem[X,0x80034594] -> 0x0113
mem[X,0x80034596] -> 0x0000
[5300] [M]: 0x80034594 (0x00000113) addi sp, zero, 0
x2 <- 0x00000000


mem[X,0x80034598] -> 0x006F
mem[X,0x8003459A] -> 0x2B10
[5301] [M]: 0x80034598 (0x2B10006F) jal zero, 2736


mem[X,0x80035048] -> 0x0A63
mem[X,0x8003504A] -> 0xD4B5
[5302] [M]: 0x80035048 (0xD4B50A63) beq a0, a1, 5460


mem[X,0x8003504C] -> 0x0113
mem[X,0x8003504E] -> 0x0021
[5303] [M]: 0x8003504C (0x00210113) addi sp, sp, 2
x2 <- 0x00000002


mem[X,0x80035050] -> 0x006F
mem[X,0x80035052] -> 0x00C0
[5304] [M]: 0x80035050 (0x00C0006F) jal zero, 12


mem[X,0x8003505C] -> 0xA423
mem[X,0x8003505E] -> 0x0620
[5305] [M]: 0x8003505C (0x0620A423) sw sp, 104(ra)
mem[0x8003A9D0] <- 0x00000002


mem[X,0x80035060] -> 0x5537
mem[X,0x80035062] -> 0x5555
[5306] [M]: 0x80035060 (0x55555537) lui a0, 349525
x10 <- 0x55555000


mem[X,0x80035064] -> 0x0513
mem[X,0x80035066] -> 0x5565
[5307] [M]: 0x80035064 (0x55650513) addi a0, a0, 1366
x10 <- 0x55555556


mem[X,0x80035068] -> 0x55B7
mem[X,0x8003506A] -> 0xFFFF
[5308] [M]: 0x80035068 (0xFFFF55B7) lui a1, 1048565
x11 <- 0xFFFF5000


mem[X,0x8003506C] -> 0x8593
mem[X,0x8003506E] -> 0xAFD5
[5309] [M]: 0x8003506C (0xAFD58593) addi a1, a1, 2813
x11 <- 0xFFFF4AFD


mem[X,0x80035070] -> 0x0113
mem[X,0x80035072] -> 0x0000
[5310] [M]: 0x80035070 (0x00000113) addi sp, zero, 0
x2 <- 0x00000000


mem[X,0x80035074] -> 0x006F
mem[X,0x80035076] -> 0x00C0
[5311] [M]: 0x80035074 (0x00C0006F) jal zero, 12


mem[X,0x80035080] -> 0x0063
mem[X,0x80035082] -> 0x20B5
[5312] [M]: 0x80035080 (0x20B50063) beq a0, a1, 512


mem[X,0x80035084] -> 0x0113
mem[X,0x80035086] -> 0x0021
[5313] [M]: 0x80035084 (0x00210113) addi sp, sp, 2
x2 <- 0x00000002


mem[X,0x80035088] -> 0x006F
mem[X,0x8003508A] -> 0x2000
[5314] [M]: 0x80035088 (0x2000006F) jal zero, 512


mem[X,0x80035288] -> 0xA623
mem[X,0x8003528A] -> 0x0620
[5315] [M]: 0x80035288 (0x0620A623) sw sp, 108(ra)
mem[0x8003A9D4] <- 0x00000002


mem[X,0x8003528C] -> 0x5537
mem[X,0x8003528E] -> 0x5555
[5316] [M]: 0x8003528C (0x55555537) lui a0, 349525
x10 <- 0x55555000


mem[X,0x80035290] -> 0x0513
mem[X,0x80035292] -> 0x5565
[5317] [M]: 0x80035290 (0x55650513) addi a0, a0, 1366
x10 <- 0x55555556


mem[X,0x80035294] -> 0xB5B7
mem[X,0x80035296] -> 0x0000
[5318] [M]: 0x80035294 (0x0000B5B7) lui a1, 11
x11 <- 0x0000B000


mem[X,0x80035298] -> 0x8593
mem[X,0x8003529A] -> 0x5055
[5319] [M]: 0x80035298 (0x50558593) addi a1, a1, 1285
x11 <- 0x0000B505


mem[X,0x8003529C] -> 0x0113
mem[X,0x8003529E] -> 0x0000
[5320] [M]: 0x8003529C (0x00000113) addi sp, zero, 0
x2 <- 0x00000000


mem[X,0x800352A0] -> 0x006F
mem[X,0x800352A2] -> 0x00C0
[5321] [M]: 0x800352A0 (0x00C0006F) jal zero, 12


mem[X,0x800352AC] -> 0x0063
mem[X,0x800352AE] -> 0x02B5
[5322] [M]: 0x800352AC (0x02B50063) beq a0, a1, 32


mem[X,0x800352B0] -> 0x0113
mem[X,0x800352B2] -> 0x0021
[5323] [M]: 0x800352B0 (0x00210113) addi sp, sp, 2
x2 <- 0x00000002


mem[X,0x800352B4] -> 0x006F
mem[X,0x800352B6] -> 0x0200
[5324] [M]: 0x800352B4 (0x0200006F) jal zero, 32


mem[X,0x800352D4] -> 0xA823
mem[X,0x800352D6] -> 0x0620
[5325] [M]: 0x800352D4 (0x0620A823) sw sp, 112(ra)
mem[0x8003A9D8] <- 0x00000002


mem[X,0x800352D8] -> 0xB537
mem[X,0x800352DA] -> 0xAAAA
[5326] [M]: 0x800352D8 (0xAAAAB537) lui a0, 699051
x10 <- 0xAAAAB000


mem[X,0x800352DC] -> 0x0513
mem[X,0x800352DE] -> 0xAAB5
[5327] [M]: 0x800352DC (0xAAB50513) addi a0, a0, 2731
x10 <- 0xAAAAAAAB


mem[X,0x800352E0] -> 0x0593
mem[X,0x800352E2] -> 0x0030
[5328] [M]: 0x800352E0 (0x00300593) addi a1, zero, 3
x11 <- 0x00000003


mem[X,0x800352E4] -> 0x0113
mem[X,0x800352E6] -> 0x0000
[5329] [M]: 0x800352E4 (0x00000113) addi sp, zero, 0
x2 <- 0x00000000


mem[X,0x800352E8] -> 0x006F
mem[X,0x800352EA] -> 0x00C0
[5330] [M]: 0x800352E8 (0x00C0006F) jal zero, 12


mem[X,0x800352F4] -> 0x0663
mem[X,0x800352F6] -> 0x00B5
[5331] [M]: 0x800352F4 (0x00B50663) beq a0, a1, 12


mem[X,0x800352F8] -> 0x0113
mem[X,0x800352FA] -> 0x0021
[5332] [M]: 0x800352F8 (0x00210113) addi sp, sp, 2
x2 <- 0x00000002


mem[X,0x800352FC] -> 0x006F
mem[X,0x800352FE] -> 0x00C0
[5333] [M]: 0x800352FC (0x00C0006F) jal zero, 12


mem[X,0x80035308] -> 0xAA23
mem[X,0x8003530A] -> 0x0620
[5334] [M]: 0x80035308 (0x0620AA23) sw sp, 116(ra)
mem[0x8003A9DC] <- 0x00000002


mem[X,0x8003530C] -> 0xB537
mem[X,0x8003530E] -> 0xAAAA
[5335] [M]: 0x8003530C (0xAAAAB537) lui a0, 699051
x10 <- 0xAAAAB000


mem[X,0x80035310] -> 0x0513
mem[X,0x80035312] -> 0xAAB5
[5336] [M]: 0x80035310 (0xAAB50513) addi a0, a0, 2731
x10 <- 0xAAAAAAAB


mem[X,0x80035314] -> 0x55B7
mem[X,0x80035316] -> 0x5555
[5337] [M]: 0x80035314 (0x555555B7) lui a1, 349525
x11 <- 0x55555000


mem[X,0x80035318] -> 0x8593
mem[X,0x8003531A] -> 0x5555
[5338] [M]: 0x80035318 (0x55558593) addi a1, a1, 1365
x11 <- 0x55555555


mem[X,0x8003531C] -> 0x0113
mem[X,0x8003531E] -> 0x0000
[5339] [M]: 0x8003531C (0x00000113) addi sp, zero, 0
x2 <- 0x00000000


mem[X,0x80035320] -> 0x006F
mem[X,0x80035322] -> 0x0180
[5340] [M]: 0x80035320 (0x0180006F) jal zero, 24


mem[X,0x80035338] -> 0x06E3
mem[X,0x8003533A] -> 0xFEB5
[5341] [M]: 0x80035338 (0xFEB506E3) beq a0, a1, 8172


mem[X,0x8003533C] -> 0x0113
mem[X,0x8003533E] -> 0x0021
[5342] [M]: 0x8003533C (0x00210113) addi sp, sp, 2
x2 <- 0x00000002


mem[X,0x80035340] -> 0x006F
mem[X,0x80035342] -> 0x00C0
[5343] [M]: 0x80035340 (0x00C0006F) jal zero, 12


mem[X,0x8003534C] -> 0xAC23
mem[X,0x8003534E] -> 0x0620
[5344] [M]: 0x8003534C (0x0620AC23) sw sp, 120(ra)
mem[0x8003A9E0] <- 0x00000002


mem[X,0x80035350] -> 0xB537
mem[X,0x80035352] -> 0xAAAA
[5345] [M]: 0x80035350 (0xAAAAB537) lui a0, 699051
x10 <- 0xAAAAB000


mem[X,0x80035354] -> 0x0513
mem[X,0x80035356] -> 0xAAB5
[5346] [M]: 0x80035354 (0xAAB50513) addi a0, a0, 2731
x10 <- 0xAAAAAAAB


mem[X,0x80035358] -> 0xB5B7
mem[X,0x8003535A] -> 0xAAAA
[5347] [M]: 0x80035358 (0xAAAAB5B7) lui a1, 699051
x11 <- 0xAAAAB000


mem[X,0x8003535C] -> 0x8593
mem[X,0x8003535E] -> 0xAAA5
[5348] [M]: 0x8003535C (0xAAA58593) addi a1, a1, 2730
x11 <- 0xAAAAAAAA


mem[X,0x80035360] -> 0x0113
mem[X,0x80035362] -> 0x0000
[5349] [M]: 0x80035360 (0x00000113) addi sp, zero, 0
x2 <- 0x00000000


mem[X,0x80035364] -> 0x006F
mem[X,0x80035366] -> 0x00C0
[5350] [M]: 0x80035364 (0x00C0006F) jal zero, 12


mem[X,0x80035370] -> 0x0063
mem[X,0x80035372] -> 0x02B5
[5351] [M]: 0x80035370 (0x02B50063) beq a0, a1, 32


mem[X,0x80035374] -> 0x0113
mem[X,0x80035376] -> 0x0021
[5352] [M]: 0x80035374 (0x00210113) addi sp, sp, 2
x2 <- 0x00000002


mem[X,0x80035378] -> 0x006F
mem[X,0x8003537A] -> 0x0200
[5353] [M]: 0x80035378 (0x0200006F) jal zero, 32


mem[X,0x80035398] -> 0xAE23
mem[X,0x8003539A] -> 0x0620
[5354] [M]: 0x80035398 (0x0620AE23) sw sp, 124(ra)
mem[0x8003A9E4] <- 0x00000002


mem[X,0x8003539C] -> 0xB537
mem[X,0x8003539E] -> 0xAAAA
[5355] [M]: 0x8003539C (0xAAAAB537) lui a0, 699051
x10 <- 0xAAAAB000


mem[X,0x800353A0] -> 0x0513
mem[X,0x800353A2] -> 0xAAB5
[5356] [M]: 0x800353A0 (0xAAB50513) addi a0, a0, 2731
x10 <- 0xAAAAAAAB


mem[X,0x800353A4] -> 0x0593
mem[X,0x800353A6] -> 0x0050
[5357] [M]: 0x800353A4 (0x00500593) addi a1, zero, 5
x11 <- 0x00000005


mem[X,0x800353A8] -> 0x0113
mem[X,0x800353AA] -> 0x0000
[5358] [M]: 0x800353A8 (0x00000113) addi sp, zero, 0
x2 <- 0x00000000


mem[X,0x800353AC] -> 0x006F
mem[X,0x800353AE] -> 0x00C0
[5359] [M]: 0x800353AC (0x00C0006F) jal zero, 12


mem[X,0x800353B8] -> 0x0063
mem[X,0x800353BA] -> 0x20B5
[5360] [M]: 0x800353B8 (0x20B50063) beq a0, a1, 512


mem[X,0x800353BC] -> 0x0113
mem[X,0x800353BE] -> 0x0021
[5361] [M]: 0x800353BC (0x00210113) addi sp, sp, 2
x2 <- 0x00000002


mem[X,0x800353C0] -> 0x006F
mem[X,0x800353C2] -> 0x2000
[5362] [M]: 0x800353C0 (0x2000006F) jal zero, 512


mem[X,0x800355C0] -> 0xA023
mem[X,0x800355C2] -> 0x0820
[5363] [M]: 0x800355C0 (0x0820A023) sw sp, 128(ra)
mem[0x8003A9E8] <- 0x00000002


mem[X,0x800355C4] -> 0xB537
mem[X,0x800355C6] -> 0xAAAA
[5364] [M]: 0x800355C4 (0xAAAAB537) lui a0, 699051
x10 <- 0xAAAAB000


mem[X,0x800355C8] -> 0x0513
mem[X,0x800355CA] -> 0xAAB5
[5365] [M]: 0x800355C8 (0xAAB50513) addi a0, a0, 2731
x10 <- 0xAAAAAAAB


mem[X,0x800355CC] -> 0x35B7
mem[X,0x800355CE] -> 0x3333
[5366] [M]: 0x800355CC (0x333335B7) lui a1, 209715
x11 <- 0x33333000


mem[X,0x800355D0] -> 0x8593
mem[X,0x800355D2] -> 0x3335
[5367] [M]: 0x800355D0 (0x33358593) addi a1, a1, 819
x11 <- 0x33333333


mem[X,0x800355D4] -> 0x0113
mem[X,0x800355D6] -> 0x0000
[5368] [M]: 0x800355D4 (0x00000113) addi sp, zero, 0
x2 <- 0x00000000


mem[X,0x800355D8] -> 0x006F
mem[X,0x800355DA] -> 0x00C0
[5369] [M]: 0x800355D8 (0x00C0006F) jal zero, 12


mem[X,0x800355E4] -> 0x0063
mem[X,0x800355E6] -> 0x04B5
[5370] [M]: 0x800355E4 (0x04B50063) beq a0, a1, 64


mem[X,0x800355E8] -> 0x0113
mem[X,0x800355EA] -> 0x0021
[5371] [M]: 0x800355E8 (0x00210113) addi sp, sp, 2
x2 <- 0x00000002


mem[X,0x800355EC] -> 0x006F
mem[X,0x800355EE] -> 0x0400
[5372] [M]: 0x800355EC (0x0400006F) jal zero, 64


mem[X,0x8003562C] -> 0xA223
mem[X,0x8003562E] -> 0x0820
[5373] [M]: 0x8003562C (0x0820A223) sw sp, 132(ra)
mem[0x8003A9EC] <- 0x00000002


mem[X,0x80035630] -> 0xB537
mem[X,0x80035632] -> 0xAAAA
[5374] [M]: 0x80035630 (0xAAAAB537) lui a0, 699051
x10 <- 0xAAAAB000


mem[X,0x80035634] -> 0x0513
mem[X,0x80035636] -> 0xAAB5
[5375] [M]: 0x80035634 (0xAAB50513) addi a0, a0, 2731
x10 <- 0xAAAAAAAB


mem[X,0x80035638] -> 0x65B7
mem[X,0x8003563A] -> 0x6666
[5376] [M]: 0x80035638 (0x666665B7) lui a1, 419430
x11 <- 0x66666000


mem[X,0x8003563C] -> 0x8593
mem[X,0x8003563E] -> 0x6665
[5377] [M]: 0x8003563C (0x66658593) addi a1, a1, 1638
x11 <- 0x66666666


mem[X,0x80035640] -> 0x0113
mem[X,0x80035642] -> 0x0000
[5378] [M]: 0x80035640 (0x00000113) addi sp, zero, 0
x2 <- 0x00000000


mem[X,0x80035644] -> 0x006F
mem[X,0x80035646] -> 0x00C0
[5379] [M]: 0x80035644 (0x00C0006F) jal zero, 12


mem[X,0x80035650] -> 0x0663
mem[X,0x80035652] -> 0x00B5
[5380] [M]: 0x80035650 (0x00B50663) beq a0, a1, 12


mem[X,0x80035654] -> 0x0113
mem[X,0x80035656] -> 0x0021
[5381] [M]: 0x80035654 (0x00210113) addi sp, sp, 2
x2 <- 0x00000002


mem[X,0x80035658] -> 0x006F
mem[X,0x8003565A] -> 0x00C0
[5382] [M]: 0x80035658 (0x00C0006F) jal zero, 12


mem[X,0x80035664] -> 0xA423
mem[X,0x80035666] -> 0x0820
[5383] [M]: 0x80035664 (0x0820A423) sw sp, 136(ra)
mem[0x8003A9F0] <- 0x00000002


mem[X,0x80035668] -> 0xB537
mem[X,0x8003566A] -> 0xAAAA
[5384] [M]: 0x80035668 (0xAAAAB537) lui a0, 699051
x10 <- 0xAAAAB000


mem[X,0x8003566C] -> 0x0513
mem[X,0x8003566E] -> 0xAAB5
[5385] [M]: 0x8003566C (0xAAB50513) addi a0, a0, 2731
x10 <- 0xAAAAAAAB


mem[X,0x80035670] -> 0x55B7
mem[X,0x80035672] -> 0xFFFF
[5386] [M]: 0x80035670 (0xFFFF55B7) lui a1, 1048565
x11 <- 0xFFFF5000


mem[X,0x80035674] -> 0x8593
mem[X,0x80035676] -> 0xAFC5
[5387] [M]: 0x80035674 (0xAFC58593) addi a1, a1, 2812
x11 <- 0xFFFF4AFC


mem[X,0x80035678] -> 0x0113
mem[X,0x8003567A] -> 0x0000
[5388] [M]: 0x80035678 (0x00000113) addi sp, zero, 0
x2 <- 0x00000000


mem[X,0x8003567C] -> 0x006F
mem[X,0x8003567E] -> 0x00C0
[5389] [M]: 0x8003567C (0x00C0006F) jal zero, 12


mem[X,0x80035688] -> 0x0663
mem[X,0x8003568A] -> 0x00B5
[5390] [M]: 0x80035688 (0x00B50663) beq a0, a1, 12


mem[X,0x8003568C] -> 0x0113
mem[X,0x8003568E] -> 0x0021
[5391] [M]: 0x8003568C (0x00210113) addi sp, sp, 2
x2 <- 0x00000002


mem[X,0x80035690] -> 0x006F
mem[X,0x80035692] -> 0x00C0
[5392] [M]: 0x80035690 (0x00C0006F) jal zero, 12


mem[X,0x8003569C] -> 0xA623
mem[X,0x8003569E] -> 0x0820
[5393] [M]: 0x8003569C (0x0820A623) sw sp, 140(ra)
mem[0x8003A9F4] <- 0x00000002


mem[X,0x800356A0] -> 0xB537
mem[X,0x800356A2] -> 0xAAAA
[5394] [M]: 0x800356A0 (0xAAAAB537) lui a0, 699051
x10 <- 0xAAAAB000


mem[X,0x800356A4] -> 0x0513
mem[X,0x800356A6] -> 0xAAB5
[5395] [M]: 0x800356A4 (0xAAB50513) addi a0, a0, 2731
x10 <- 0xAAAAAAAB


mem[X,0x800356A8] -> 0xB5B7
mem[X,0x800356AA] -> 0x0000
[5396] [M]: 0x800356A8 (0x0000B5B7) lui a1, 11
x11 <- 0x0000B000


mem[X,0x800356AC] -> 0x8593
mem[X,0x800356AE] -> 0x5045
[5397] [M]: 0x800356AC (0x50458593) addi a1, a1, 1284
x11 <- 0x0000B504


mem[X,0x800356B0] -> 0x0113
mem[X,0x800356B2] -> 0x0000
[5398] [M]: 0x800356B0 (0x00000113) addi sp, zero, 0
x2 <- 0x00000000


mem[X,0x800356B4] -> 0x006F
mem[X,0x800356B6] -> 0x00C0
[5399] [M]: 0x800356B4 (0x00C0006F) jal zero, 12


clint::tick mtime <- 0x0000000000000036
 clint timer pending at mtime 0x0000000000000036
htif::tick 0x0000000000000000
mem[X,0x800356C0] -> 0x0063
mem[X,0x800356C2] -> 0x10B5
[5400] [M]: 0x800356C0 (0x10B50063) beq a0, a1, 256


mem[X,0x800356C4] -> 0x0113
mem[X,0x800356C6] -> 0x0021
[5401] [M]: 0x800356C4 (0x00210113) addi sp, sp, 2
x2 <- 0x00000002


mem[X,0x800356C8] -> 0x006F
mem[X,0x800356CA] -> 0x1000
[5402] [M]: 0x800356C8 (0x1000006F) jal zero, 256


mem[X,0x800357C8] -> 0xA823
mem[X,0x800357CA] -> 0x0820
[5403] [M]: 0x800357C8 (0x0820A823) sw sp, 144(ra)
mem[0x8003A9F8] <- 0x00000002


mem[X,0x800357CC] -> 0xB537
mem[X,0x800357CE] -> 0xAAAA
[5404] [M]: 0x800357CC (0xAAAAB537) lui a0, 699051
x10 <- 0xAAAAB000


mem[X,0x800357D0] -> 0x0513
mem[X,0x800357D2] -> 0xAAB5
[5405] [M]: 0x800357D0 (0xAAB50513) addi a0, a0, 2731
x10 <- 0xAAAAAAAB


mem[X,0x800357D4] -> 0x0593
mem[X,0x800357D6] -> 0x0020
[5406] [M]: 0x800357D4 (0x00200593) addi a1, zero, 2
x11 <- 0x00000002


mem[X,0x800357D8] -> 0x0113
mem[X,0x800357DA] -> 0x0000
[5407] [M]: 0x800357D8 (0x00000113) addi sp, zero, 0
x2 <- 0x00000000


mem[X,0x800357DC] -> 0x006F
mem[X,0x800357DE] -> 0x00C0
[5408] [M]: 0x800357DC (0x00C0006F) jal zero, 12


mem[X,0x800357E8] -> 0x0CE3
mem[X,0x800357EA] -> 0xFEB5
[5409] [M]: 0x800357E8 (0xFEB50CE3) beq a0, a1, 8184


mem[X,0x800357EC] -> 0x0113
mem[X,0x800357EE] -> 0x0021
[5410] [M]: 0x800357EC (0x00210113) addi sp, sp, 2
x2 <- 0x00000002


mem[X,0x800357F0] -> 0x006F
mem[X,0x800357F2] -> 0x00C0
[5411] [M]: 0x800357F0 (0x00C0006F) jal zero, 12


mem[X,0x800357FC] -> 0xAA23
mem[X,0x800357FE] -> 0x0820
[5412] [M]: 0x800357FC (0x0820AA23) sw sp, 148(ra)
mem[0x8003A9FC] <- 0x00000002


mem[X,0x80035800] -> 0xB537
mem[X,0x80035802] -> 0xAAAA
[5413] [M]: 0x80035800 (0xAAAAB537) lui a0, 699051
x10 <- 0xAAAAB000


mem[X,0x80035804] -> 0x0513
mem[X,0x80035806] -> 0xAAB5
[5414] [M]: 0x80035804 (0xAAB50513) addi a0, a0, 2731
x10 <- 0xAAAAAAAB


mem[X,0x80035808] -> 0x55B7
mem[X,0x8003580A] -> 0x5555
[5415] [M]: 0x80035808 (0x555555B7) lui a1, 349525
x11 <- 0x55555000


mem[X,0x8003580C] -> 0x8593
mem[X,0x8003580E] -> 0x5545
[5416] [M]: 0x8003580C (0x55458593) addi a1, a1, 1364
x11 <- 0x55555554


mem[X,0x80035810] -> 0x0113
mem[X,0x80035812] -> 0x0000
[5417] [M]: 0x80035810 (0x00000113) addi sp, zero, 0
x2 <- 0x00000000


mem[X,0x80035814] -> 0x006F
mem[X,0x80035816] -> 0x00C0
[5418] [M]: 0x80035814 (0x00C0006F) jal zero, 12


mem[X,0x80035820] -> 0x0063
mem[X,0x80035822] -> 0x20B5
[5419] [M]: 0x80035820 (0x20B50063) beq a0, a1, 512


mem[X,0x80035824] -> 0x0113
mem[X,0x80035826] -> 0x0021
[5420] [M]: 0x80035824 (0x00210113) addi sp, sp, 2
x2 <- 0x00000002


mem[X,0x80035828] -> 0x006F
mem[X,0x8003582A] -> 0x2000
[5421] [M]: 0x80035828 (0x2000006F) jal zero, 512


mem[X,0x80035A28] -> 0xAC23
mem[X,0x80035A2A] -> 0x0820
[5422] [M]: 0x80035A28 (0x0820AC23) sw sp, 152(ra)
mem[0x8003AA00] <- 0x00000002


mem[X,0x80035A2C] -> 0xB537
mem[X,0x80035A2E] -> 0xAAAA
[5423] [M]: 0x80035A2C (0xAAAAB537) lui a0, 699051
x10 <- 0xAAAAB000


mem[X,0x80035A30] -> 0x0513
mem[X,0x80035A32] -> 0xAAB5
[5424] [M]: 0x80035A30 (0xAAB50513) addi a0, a0, 2731
x10 <- 0xAAAAAAAB


mem[X,0x80035A34] -> 0x0593
mem[X,0x80035A36] -> 0x0000
[5425] [M]: 0x80035A34 (0x00000593) addi a1, zero, 0
x11 <- 0x00000000


mem[X,0x80035A38] -> 0x0113
mem[X,0x80035A3A] -> 0x0000
[5426] [M]: 0x80035A38 (0x00000113) addi sp, zero, 0
x2 <- 0x00000000


mem[X,0x80035A3C] -> 0x006F
mem[X,0x80035A3E] -> 0x00C0
[5427] [M]: 0x80035A3C (0x00C0006F) jal zero, 12


mem[X,0x80035A48] -> 0x0CE3
mem[X,0x80035A4A] -> 0xFEB5
[5428] [M]: 0x80035A48 (0xFEB50CE3) beq a0, a1, 8184


mem[X,0x80035A4C] -> 0x0113
mem[X,0x80035A4E] -> 0x0021
[5429] [M]: 0x80035A4C (0x00210113) addi sp, sp, 2
x2 <- 0x00000002


mem[X,0x80035A50] -> 0x006F
mem[X,0x80035A52] -> 0x00C0
[5430] [M]: 0x80035A50 (0x00C0006F) jal zero, 12


mem[X,0x80035A5C] -> 0xAE23
mem[X,0x80035A5E] -> 0x0820
[5431] [M]: 0x80035A5C (0x0820AE23) sw sp, 156(ra)
mem[0x8003AA04] <- 0x00000002


mem[X,0x80035A60] -> 0xB537
mem[X,0x80035A62] -> 0xAAAA
[5432] [M]: 0x80035A60 (0xAAAAB537) lui a0, 699051
x10 <- 0xAAAAB000


mem[X,0x80035A64] -> 0x0513
mem[X,0x80035A66] -> 0xAAB5
[5433] [M]: 0x80035A64 (0xAAB50513) addi a0, a0, 2731
x10 <- 0xAAAAAAAB


mem[X,0x80035A68] -> 0x0593
mem[X,0x80035A6A] -> 0x0040
[5434] [M]: 0x80035A68 (0x00400593) addi a1, zero, 4
x11 <- 0x00000004


mem[X,0x80035A6C] -> 0x0113
mem[X,0x80035A6E] -> 0x0000
[5435] [M]: 0x80035A6C (0x00000113) addi sp, zero, 0
x2 <- 0x00000000


mem[X,0x80035A70] -> 0x006F
mem[X,0x80035A72] -> 0x00C0
[5436] [M]: 0x80035A70 (0x00C0006F) jal zero, 12


mem[X,0x80035A7C] -> 0x0663
mem[X,0x80035A7E] -> 0x00B5
[5437] [M]: 0x80035A7C (0x00B50663) beq a0, a1, 12


mem[X,0x80035A80] -> 0x0113
mem[X,0x80035A82] -> 0x0021
[5438] [M]: 0x80035A80 (0x00210113) addi sp, sp, 2
x2 <- 0x00000002


mem[X,0x80035A84] -> 0x006F
mem[X,0x80035A86] -> 0x00C0
[5439] [M]: 0x80035A84 (0x00C0006F) jal zero, 12


mem[X,0x80035A90] -> 0xA023
mem[X,0x80035A92] -> 0x0A20
[5440] [M]: 0x80035A90 (0x0A20A023) sw sp, 160(ra)
mem[0x8003AA08] <- 0x00000002


mem[X,0x80035A94] -> 0xB537
mem[X,0x80035A96] -> 0xAAAA
[5441] [M]: 0x80035A94 (0xAAAAB537) lui a0, 699051
x10 <- 0xAAAAB000


mem[X,0x80035A98] -> 0x0513
mem[X,0x80035A9A] -> 0xAAB5
[5442] [M]: 0x80035A98 (0xAAB50513) addi a0, a0, 2731
x10 <- 0xAAAAAAAB


mem[X,0x80035A9C] -> 0x35B7
mem[X,0x80035A9E] -> 0x3333
[5443] [M]: 0x80035A9C (0x333335B7) lui a1, 209715
x11 <- 0x33333000


mem[X,0x80035AA0] -> 0x8593
mem[X,0x80035AA2] -> 0x3325
[5444] [M]: 0x80035AA0 (0x33258593) addi a1, a1, 818
x11 <- 0x33333332


mem[X,0x80035AA4] -> 0x0113
mem[X,0x80035AA6] -> 0x0000
[5445] [M]: 0x80035AA4 (0x00000113) addi sp, zero, 0
x2 <- 0x00000000


mem[X,0x80035AA8] -> 0x006F
mem[X,0x80035AAA] -> 0x00C0
[5446] [M]: 0x80035AA8 (0x00C0006F) jal zero, 12


mem[X,0x80035AB4] -> 0x0063
mem[X,0x80035AB6] -> 0x40B5
[5447] [M]: 0x80035AB4 (0x40B50063) beq a0, a1, 1024


mem[X,0x80035AB8] -> 0x0113
mem[X,0x80035ABA] -> 0x0021
[5448] [M]: 0x80035AB8 (0x00210113) addi sp, sp, 2
x2 <- 0x00000002


mem[X,0x80035ABC] -> 0x006F
mem[X,0x80035ABE] -> 0x4000
[5449] [M]: 0x80035ABC (0x4000006F) jal zero, 1024


mem[X,0x80035EBC] -> 0xA223
mem[X,0x80035EBE] -> 0x0A20
[5450] [M]: 0x80035EBC (0x0A20A223) sw sp, 164(ra)
mem[0x8003AA0C] <- 0x00000002


mem[X,0x80035EC0] -> 0xB537
mem[X,0x80035EC2] -> 0xAAAA
[5451] [M]: 0x80035EC0 (0xAAAAB537) lui a0, 699051
x10 <- 0xAAAAB000


mem[X,0x80035EC4] -> 0x0513
mem[X,0x80035EC6] -> 0xAAB5
[5452] [M]: 0x80035EC4 (0xAAB50513) addi a0, a0, 2731
x10 <- 0xAAAAAAAB


mem[X,0x80035EC8] -> 0x65B7
mem[X,0x80035ECA] -> 0x6666
[5453] [M]: 0x80035EC8 (0x666665B7) lui a1, 419430
x11 <- 0x66666000


mem[X,0x80035ECC] -> 0x8593
mem[X,0x80035ECE] -> 0x6655
[5454] [M]: 0x80035ECC (0x66558593) addi a1, a1, 1637
x11 <- 0x66666665


mem[X,0x80035ED0] -> 0x0113
mem[X,0x80035ED2] -> 0x0000
[5455] [M]: 0x80035ED0 (0x00000113) addi sp, zero, 0
x2 <- 0x00000000


mem[X,0x80035ED4] -> 0x006F
mem[X,0x80035ED6] -> 0x00C0
[5456] [M]: 0x80035ED4 (0x00C0006F) jal zero, 12


mem[X,0x80035EE0] -> 0x0063
mem[X,0x80035EE2] -> 0x04B5
[5457] [M]: 0x80035EE0 (0x04B50063) beq a0, a1, 64


mem[X,0x80035EE4] -> 0x0113
mem[X,0x80035EE6] -> 0x0021
[5458] [M]: 0x80035EE4 (0x00210113) addi sp, sp, 2
x2 <- 0x00000002


mem[X,0x80035EE8] -> 0x006F
mem[X,0x80035EEA] -> 0x0400
[5459] [M]: 0x80035EE8 (0x0400006F) jal zero, 64


mem[X,0x80035F28] -> 0xA423
mem[X,0x80035F2A] -> 0x0A20
[5460] [M]: 0x80035F28 (0x0A20A423) sw sp, 168(ra)
mem[0x8003AA10] <- 0x00000002


mem[X,0x80035F2C] -> 0xB537
mem[X,0x80035F2E] -> 0xAAAA
[5461] [M]: 0x80035F2C (0xAAAAB537) lui a0, 699051
x10 <- 0xAAAAB000


mem[X,0x80035F30] -> 0x0513
mem[X,0x80035F32] -> 0xAAB5
[5462] [M]: 0x80035F30 (0xAAB50513) addi a0, a0, 2731
x10 <- 0xAAAAAAAB


mem[X,0x80035F34] -> 0xB5B7
mem[X,0x80035F36] -> 0x0000
[5463] [M]: 0x80035F34 (0x0000B5B7) lui a1, 11
x11 <- 0x0000B000


mem[X,0x80035F38] -> 0x8593
mem[X,0x80035F3A] -> 0x5035
[5464] [M]: 0x80035F38 (0x50358593) addi a1, a1, 1283
x11 <- 0x0000B503


mem[X,0x80035F3C] -> 0x0113
mem[X,0x80035F3E] -> 0x0000
[5465] [M]: 0x80035F3C (0x00000113) addi sp, zero, 0
x2 <- 0x00000000


mem[X,0x80035F40] -> 0x006F
mem[X,0x80035F42] -> 0x00C0
[5466] [M]: 0x80035F40 (0x00C0006F) jal zero, 12


mem[X,0x80035F4C] -> 0x0863
mem[X,0x80035F4E] -> 0x00B5
[5467] [M]: 0x80035F4C (0x00B50863) beq a0, a1, 16


mem[X,0x80035F50] -> 0x0113
mem[X,0x80035F52] -> 0x0021
[5468] [M]: 0x80035F50 (0x00210113) addi sp, sp, 2
x2 <- 0x00000002


mem[X,0x80035F54] -> 0x006F
mem[X,0x80035F56] -> 0x0100
[5469] [M]: 0x80035F54 (0x0100006F) jal zero, 16


mem[X,0x80035F64] -> 0xA623
mem[X,0x80035F66] -> 0x0A20
[5470] [M]: 0x80035F64 (0x0A20A623) sw sp, 172(ra)
mem[0x8003AA14] <- 0x00000002


mem[X,0x80035F68] -> 0xB537
mem[X,0x80035F6A] -> 0xAAAA
[5471] [M]: 0x80035F68 (0xAAAAB537) lui a0, 699051
x10 <- 0xAAAAB000


mem[X,0x80035F6C] -> 0x0513
mem[X,0x80035F6E] -> 0xAAB5
[5472] [M]: 0x80035F6C (0xAAB50513) addi a0, a0, 2731
x10 <- 0xAAAAAAAB


mem[X,0x80035F70] -> 0x55B7
mem[X,0x80035F72] -> 0x5555
[5473] [M]: 0x80035F70 (0x555555B7) lui a1, 349525
x11 <- 0x55555000


mem[X,0x80035F74] -> 0x8593
mem[X,0x80035F76] -> 0x5565
[5474] [M]: 0x80035F74 (0x55658593) addi a1, a1, 1366
x11 <- 0x55555556


mem[X,0x80035F78] -> 0x0113
mem[X,0x80035F7A] -> 0x0000
[5475] [M]: 0x80035F78 (0x00000113) addi sp, zero, 0
x2 <- 0x00000000


mem[X,0x80035F7C] -> 0x006F
mem[X,0x80035F7E] -> 0x0050
[5476] [M]: 0x80035F7C (0x0050006F) jal zero, 2052


mem[X,0x80036780] -> 0x00E3
mem[X,0x80036782] -> 0x80B5
[5477] [M]: 0x80036780 (0x80B500E3) beq a0, a1, 6144


mem[X,0x80036784] -> 0x0113
mem[X,0x80036786] -> 0x0021
[5478] [M]: 0x80036784 (0x00210113) addi sp, sp, 2
x2 <- 0x00000002


mem[X,0x80036788] -> 0x006F
mem[X,0x8003678A] -> 0x00C0
[5479] [M]: 0x80036788 (0x00C0006F) jal zero, 12


mem[X,0x80036794] -> 0xA823
mem[X,0x80036796] -> 0x0A20
[5480] [M]: 0x80036794 (0x0A20A823) sw sp, 176(ra)
mem[0x8003AA18] <- 0x00000002


mem[X,0x80036798] -> 0xB537
mem[X,0x8003679A] -> 0xAAAA
[5481] [M]: 0x80036798 (0xAAAAB537) lui a0, 699051
x10 <- 0xAAAAB000


mem[X,0x8003679C] -> 0x0513
mem[X,0x8003679E] -> 0xAAB5
[5482] [M]: 0x8003679C (0xAAB50513) addi a0, a0, 2731
x10 <- 0xAAAAAAAB


mem[X,0x800367A0] -> 0xB5B7
mem[X,0x800367A2] -> 0xAAAA
[5483] [M]: 0x800367A0 (0xAAAAB5B7) lui a1, 699051
x11 <- 0xAAAAB000


mem[X,0x800367A4] -> 0x8593
mem[X,0x800367A6] -> 0xAAB5
[5484] [M]: 0x800367A4 (0xAAB58593) addi a1, a1, 2731
x11 <- 0xAAAAAAAB


mem[X,0x800367A8] -> 0x0113
mem[X,0x800367AA] -> 0x0000
[5485] [M]: 0x800367A8 (0x00000113) addi sp, zero, 0
x2 <- 0x00000000


mem[X,0x800367AC] -> 0x006F
mem[X,0x800367AE] -> 0x00C0
[5486] [M]: 0x800367AC (0x00C0006F) jal zero, 12


mem[X,0x800367B8] -> 0x0063
mem[X,0x800367BA] -> 0x04B5
[5487] [M]: 0x800367B8 (0x04B50063) beq a0, a1, 64


mem[X,0x800367F8] -> 0x0113
mem[X,0x800367FA] -> 0x0031
[5488] [M]: 0x800367F8 (0x00310113) addi sp, sp, 3
x2 <- 0x00000003


mem[X,0x800367FC] -> 0x006F
mem[X,0x800367FE] -> 0x0040
[5489] [M]: 0x800367FC (0x0040006F) jal zero, 4


mem[X,0x80036800] -> 0xAA23
mem[X,0x80036802] -> 0x0A20
[5490] [M]: 0x80036800 (0x0A20AA23) sw sp, 180(ra)
mem[0x8003AA1C] <- 0x00000003


mem[X,0x80036804] -> 0xB537
mem[X,0x80036806] -> 0xAAAA
[5491] [M]: 0x80036804 (0xAAAAB537) lui a0, 699051
x10 <- 0xAAAAB000


mem[X,0x80036808] -> 0x0513
mem[X,0x8003680A] -> 0xAAB5
[5492] [M]: 0x80036808 (0xAAB50513) addi a0, a0, 2731
x10 <- 0xAAAAAAAB


mem[X,0x8003680C] -> 0x0593
mem[X,0x8003680E] -> 0x0060
[5493] [M]: 0x8003680C (0x00600593) addi a1, zero, 6
x11 <- 0x00000006


mem[X,0x80036810] -> 0x0113
mem[X,0x80036812] -> 0x0000
[5494] [M]: 0x80036810 (0x00000113) addi sp, zero, 0
x2 <- 0x00000000


mem[X,0x80036814] -> 0x006F
mem[X,0x80036816] -> 0x00C0
[5495] [M]: 0x80036814 (0x00C0006F) jal zero, 12


mem[X,0x80036820] -> 0x0063
mem[X,0x80036822] -> 0x04B5
[5496] [M]: 0x80036820 (0x04B50063) beq a0, a1, 64


mem[X,0x80036824] -> 0x0113
mem[X,0x80036826] -> 0x0021
[5497] [M]: 0x80036824 (0x00210113) addi sp, sp, 2
x2 <- 0x00000002


mem[X,0x80036828] -> 0x006F
mem[X,0x8003682A] -> 0x0400
[5498] [M]: 0x80036828 (0x0400006F) jal zero, 64


mem[X,0x80036868] -> 0xAC23
mem[X,0x8003686A] -> 0x0A20
[5499] [M]: 0x80036868 (0x0A20AC23) sw sp, 184(ra)
mem[0x8003AA20] <- 0x00000002


clint::tick mtime <- 0x0000000000000037
 clint timer pending at mtime 0x0000000000000037
htif::tick 0x0000000000000000
mem[X,0x8003686C] -> 0x5537
mem[X,0x8003686E] -> 0x5555
[5500] [M]: 0x8003686C (0x55555537) lui a0, 349525
x10 <- 0x55555000


mem[X,0x80036870] -> 0x0513
mem[X,0x80036872] -> 0x5555
[5501] [M]: 0x80036870 (0x55550513) addi a0, a0, 1365
x10 <- 0x55555555


mem[X,0x80036874] -> 0x05B7
mem[X,0x80036876] -> 0x0004
[5502] [M]: 0x80036874 (0x000405B7) lui a1, 64
x11 <- 0x00040000


mem[X,0x80036878] -> 0x0113
mem[X,0x8003687A] -> 0x0000
[5503] [M]: 0x80036878 (0x00000113) addi sp, zero, 0
x2 <- 0x00000000


mem[X,0x8003687C] -> 0x006F
mem[X,0x8003687E] -> 0x0050
[5504] [M]: 0x8003687C (0x0050006F) jal zero, 2052


mem[X,0x80037080] -> 0x00E3
mem[X,0x80037082] -> 0x80B5
[5505] [M]: 0x80037080 (0x80B500E3) beq a0, a1, 6144


mem[X,0x80037084] -> 0x0113
mem[X,0x80037086] -> 0x0021
[5506] [M]: 0x80037084 (0x00210113) addi sp, sp, 2
x2 <- 0x00000002


mem[X,0x80037088] -> 0x006F
mem[X,0x8003708A] -> 0x00C0
[5507] [M]: 0x80037088 (0x00C0006F) jal zero, 12


mem[X,0x80037094] -> 0xAE23
mem[X,0x80037096] -> 0x0A20
[5508] [M]: 0x80037094 (0x0A20AE23) sw sp, 188(ra)
mem[0x8003AA24] <- 0x00000002


mem[X,0x80037098] -> 0x0537
mem[X,0x8003709A] -> 0x2000
[5509] [M]: 0x80037098 (0x20000537) lui a0, 131072
x10 <- 0x20000000


mem[X,0x8003709C] -> 0x55B7
mem[X,0x8003709E] -> 0xFFFF
[5510] [M]: 0x8003709C (0xFFFF55B7) lui a1, 1048565
x11 <- 0xFFFF5000


mem[X,0x800370A0] -> 0x8593
mem[X,0x800370A2] -> 0xAFC5
[5511] [M]: 0x800370A0 (0xAFC58593) addi a1, a1, 2812
x11 <- 0xFFFF4AFC


mem[X,0x800370A4] -> 0x0113
mem[X,0x800370A6] -> 0x0000
[5512] [M]: 0x800370A4 (0x00000113) addi sp, zero, 0
x2 <- 0x00000000


mem[X,0x800370A8] -> 0x006F
mem[X,0x800370AA] -> 0x00C0
[5513] [M]: 0x800370A8 (0x00C0006F) jal zero, 12


mem[X,0x800370B4] -> 0x0063
mem[X,0x800370B6] -> 0x02B5
[5514] [M]: 0x800370B4 (0x02B50063) beq a0, a1, 32


mem[X,0x800370B8] -> 0x0113
mem[X,0x800370BA] -> 0x0021
[5515] [M]: 0x800370B8 (0x00210113) addi sp, sp, 2
x2 <- 0x00000002


mem[X,0x800370BC] -> 0x006F
mem[X,0x800370BE] -> 0x0200
[5516] [M]: 0x800370BC (0x0200006F) jal zero, 32


mem[X,0x800370DC] -> 0xA023
mem[X,0x800370DE] -> 0x0C20
[5517] [M]: 0x800370DC (0x0C20A023) sw sp, 192(ra)
mem[0x8003AA28] <- 0x00000002


mem[X,0x800370E0] -> 0x0537
mem[X,0x800370E2] -> 0x0010
[5518] [M]: 0x800370E0 (0x00100537) lui a0, 256
x10 <- 0x00100000


mem[X,0x800370E4] -> 0x85B7
mem[X,0x800370E6] -> 0x0000
[5519] [M]: 0x800370E4 (0x000085B7) lui a1, 8
x11 <- 0x00008000


mem[X,0x800370E8] -> 0x0113
mem[X,0x800370EA] -> 0x0000
[5520] [M]: 0x800370E8 (0x00000113) addi sp, zero, 0
x2 <- 0x00000000


mem[X,0x800370EC] -> 0x006F
mem[X,0x800370EE] -> 0x00C0
[5521] [M]: 0x800370EC (0x00C0006F) jal zero, 12


mem[X,0x800370F8] -> 0x0063
mem[X,0x800370FA] -> 0x10B5
[5522] [M]: 0x800370F8 (0x10B50063) beq a0, a1, 256


mem[X,0x800370FC] -> 0x0113
mem[X,0x800370FE] -> 0x0021
[5523] [M]: 0x800370FC (0x00210113) addi sp, sp, 2
x2 <- 0x00000002


mem[X,0x80037100] -> 0x006F
mem[X,0x80037102] -> 0x1000
[5524] [M]: 0x80037100 (0x1000006F) jal zero, 256


mem[X,0x80037200] -> 0xA223
mem[X,0x80037202] -> 0x0C20
[5525] [M]: 0x80037200 (0x0C20A223) sw sp, 196(ra)
mem[0x8003AA2C] <- 0x00000002


mem[X,0x80037204] -> 0x006F
mem[X,0x80037206] -> 0x0200
[5526] [M]: 0x80037204 (0x0200006F) jal zero, 32


mem[X,0x80037224] -> 0x0093
mem[X,0x80037226] -> 0x0010
[5527] [M]: 0x80037224 (0x00100093) addi ra, zero, 1
x1 <- 0x00000001


mem[X,0x80037228] -> 0x1F17
mem[X,0x8003722A] -> 0x0000
[5528] [M]: 0x80037228 (0x00001F17) auipc t5, 1
x30 <- 0x80038228


mem[X,0x8003722C] -> 0x2C23
mem[X,0x8003722E] -> 0xDC1F
[5529] [M]: 0x8003722C (0xDC1F2C23) sw ra, 3544(t5)
htif[0x80038000] <- 0x00000001


mem[X,0x80037230] -> 0xF06F
mem[X,0x80037232] -> 0xFF9F
[5530] [M]: 0x80037230 (0xFF9FF06F) jal zero, 2097144


mem[X,0x80037228] -> 0x1F17
mem[X,0x8003722A] -> 0x0000
[5531] [M]: 0x80037228 (0x00001F17) auipc t5, 1
x30 <- 0x80038228


mem[X,0x8003722C] -> 0x2C23
mem[X,0x8003722E] -> 0xDC1F
[5532] [M]: 0x8003722C (0xDC1F2C23) sw ra, 3544(t5)
htif[0x80038000] <- 0x00000001


mem[X,0x80037230] -> 0xF06F
mem[X,0x80037232] -> 0xFF9F
[5533] [M]: 0x80037230 (0xFF9FF06F) jal zero, 2097144


mem[X,0x80037228] -> 0x1F17
mem[X,0x8003722A] -> 0x0000
[5534] [M]: 0x80037228 (0x00001F17) auipc t5, 1
x30 <- 0x80038228


mem[X,0x8003722C] -> 0x2C23
mem[X,0x8003722E] -> 0xDC1F
[5535] [M]: 0x8003722C (0xDC1F2C23) sw ra, 3544(t5)
htif[0x80038000] <- 0x00000001
htif-syscall-proxy cmd: 0x000000000001

SUCCESS
