using /home/force/Desktop/work/compliance_testing/our_riscv/work/riscof_work/privilege/src/misalign2-jalr-01.S/ref/Reference-sail_c_simulator.signature for test-signature output.
[Sail] Allocating new block 0x80000000
tohost located at 0x80001000
[Sail] Allocating new block 0x0

Running file ref.elf.
ELF Entry @ 0x80000000
begin_signature: 0x80003110
end_signature: 0x80003230
CSR mstatus <- 0x00000000 (input: 0x00000000)
mem[X,0x00001000] -> 0x0297
mem[X,0x00001002] -> 0x0000
[0] [M]: 0x00001000 (0x00000297) auipc t0, 0
x5 <- 0x00001000


mem[X,0x00001004] -> 0x8593
mem[X,0x00001006] -> 0x0202
[1] [M]: 0x00001004 (0x02028593) addi a1, t0, 32
x11 <- 0x00001020


mem[X,0x00001008] -> 0x2573
mem[X,0x0000100A] -> 0xF140
[2] [M]: 0x00001008 (0xF1402573) csrrs a0, mhartid, zero
CSR mhartid -> 0x00000000
x10 <- 0x00000000


mem[X,0x0000100C] -> 0xA283
mem[X,0x0000100E] -> 0x0182
[3] [M]: 0x0000100C (0x0182A283) lw t0, 24(t0)
mem[R,0x00001018] -> 0x80000000
x5 <- 0x80000000


mem[X,0x00001010] -> 0x8067
mem[X,0x00001012] -> 0x0002
[4] [M]: 0x00001010 (0x00028067) jalr zero, t0, 0


mem[X,0x80000000] -> 0x2317
mem[X,0x80000002] -> 0x0000
[5] [M]: 0x80000000 (0x00002317) auipc t1, 2
x6 <- 0x80002000


mem[X,0x80000004] -> 0x0313
mem[X,0x80000006] -> 0x0003
[6] [M]: 0x80000004 (0x00030313) addi t1, t1, 0
x6 <- 0x80002000


mem[X,0x80000008] -> 0x0013
mem[X,0x8000000A] -> 0x0000
[7] [M]: 0x80000008 (0x00000013) addi zero, zero, 0


mem[X,0x8000000C] -> 0x0013
mem[X,0x8000000E] -> 0x0000
[8] [M]: 0x8000000C (0x00000013) addi zero, zero, 0


mem[X,0x80000010] -> 0x0013
mem[X,0x80000012] -> 0x0000
[9] [M]: 0x80000010 (0x00000013) addi zero, zero, 0


mem[X,0x80000014] -> 0x0013
mem[X,0x80000016] -> 0x0000
[10] [M]: 0x80000014 (0x00000013) addi zero, zero, 0


mem[X,0x80000018] -> 0x0013
mem[X,0x8000001A] -> 0x0000
[11] [M]: 0x80000018 (0x00000013) addi zero, zero, 0


mem[X,0x8000001C] -> 0x0013
mem[X,0x8000001E] -> 0x0000
[12] [M]: 0x8000001C (0x00000013) addi zero, zero, 0


mem[X,0x80000020] -> 0x1E73
mem[X,0x80000022] -> 0x3403
[13] [M]: 0x80000020 (0x34031E73) csrrw t3, mscratch, t1
CSR mscratch -> 0x00000000
CSR mscratch <- 0x80002000 (input: 0x80002000)
x28 <- 0x00000000


mem[X,0x80000024] -> 0x2423
mem[X,0x80000026] -> 0x1DC3
[14] [M]: 0x80000024 (0x1DC32423) sw t3, 456(t1)
mem[0x800021C8] <- 0x00000000


mem[X,0x80000028] -> 0x0393
mem[X,0x8000002A] -> 0x0000
[15] [M]: 0x80000028 (0x00000393) addi t2, zero, 0
x7 <- 0x00000000


mem[X,0x8000002C] -> 0x2823
mem[X,0x8000002E] -> 0x1A73
[16] [M]: 0x8000002C (0x1A732823) sw t2, 432(t1)
mem[0x800021B0] <- 0x00000000


mem[X,0x80000030] -> 0x0013
mem[X,0x80000032] -> 0x0000
[17] [M]: 0x80000030 (0x00000013) addi zero, zero, 0


mem[X,0x80000034] -> 0x0013
mem[X,0x80000036] -> 0x0000
[18] [M]: 0x80000034 (0x00000013) addi zero, zero, 0


mem[X,0x80000038] -> 0x0013
mem[X,0x8000003A] -> 0x0000
[19] [M]: 0x80000038 (0x00000013) addi zero, zero, 0


mem[X,0x8000003C] -> 0x0013
mem[X,0x8000003E] -> 0x0000
[20] [M]: 0x8000003C (0x00000013) addi zero, zero, 0


mem[X,0x80000040] -> 0x0E97
mem[X,0x80000042] -> 0x0000
[21] [M]: 0x80000040 (0x00000E97) auipc t4, 0
x29 <- 0x80000040


mem[X,0x80000044] -> 0x8E93
mem[X,0x80000046] -> 0x2C0E
[22] [M]: 0x80000044 (0x2C0E8E93) addi t4, t4, 704
x29 <- 0x80000300


mem[X,0x80000048] -> 0x0013
mem[X,0x8000004A] -> 0x0000
[23] [M]: 0x80000048 (0x00000013) addi zero, zero, 0


mem[X,0x8000004C] -> 0x0013
mem[X,0x8000004E] -> 0x0000
[24] [M]: 0x8000004C (0x00000013) addi zero, zero, 0


mem[X,0x80000050] -> 0x0013
mem[X,0x80000052] -> 0x0000
[25] [M]: 0x80000050 (0x00000013) addi zero, zero, 0


mem[X,0x80000054] -> 0x0013
mem[X,0x80000056] -> 0x0000
[26] [M]: 0x80000054 (0x00000013) addi zero, zero, 0


mem[X,0x80000058] -> 0x0013
mem[X,0x8000005A] -> 0x0000
[27] [M]: 0x80000058 (0x00000013) addi zero, zero, 0


mem[X,0x8000005C] -> 0x0013
mem[X,0x8000005E] -> 0x0000
[28] [M]: 0x8000005C (0x00000013) addi zero, zero, 0


mem[X,0x80000060] -> 0x2E73
mem[X,0x80000062] -> 0x3050
[29] [M]: 0x80000060 (0x30502E73) csrrs t3, mtvec, zero
CSR mtvec -> 0x00000000
x28 <- 0x00000000


mem[X,0x80000064] -> 0x2023
mem[X,0x80000066] -> 0x1DC3
[30] [M]: 0x80000064 (0x1DC32023) sw t3, 448(t1)
mem[0x800021C0] <- 0x00000000


mem[X,0x80000068] -> 0x7393
mem[X,0x8000006A] -> 0x003E
[31] [M]: 0x80000068 (0x003E7393) andi t2, t3, 3
x7 <- 0x00000000


mem[X,0x8000006C] -> 0xE3B3
mem[X,0x8000006E] -> 0x007E
[32] [M]: 0x8000006C (0x007EE3B3) or t2, t4, t2
x7 <- 0x80000300


mem[X,0x80000070] -> 0x2C23
mem[X,0x80000072] -> 0x1A73
[33] [M]: 0x80000070 (0x1A732C23) sw t2, 440(t1)
mem[0x800021B8] <- 0x80000300


mem[X,0x80000074] -> 0x9073
mem[X,0x80000076] -> 0x3053
[34] [M]: 0x80000074 (0x30539073) csrrw zero, mtvec, t2
CSR mtvec -> 0x00000000
CSR mtvec <- 0x80000300 (input: 0x80000300)


mem[X,0x80000078] -> 0x2F73
mem[X,0x8000007A] -> 0x3050
[35] [M]: 0x80000078 (0x30502F73) csrrs t5, mtvec, zero
CSR mtvec -> 0x80000300
x30 <- 0x80000300


mem[X,0x8000007C] -> 0x0463
mem[X,0x8000007E] -> 0x087F
[36] [M]: 0x8000007C (0x087F0463) beq t5, t2, 136


mem[X,0x80000104] -> 0xC0B7
mem[X,0x80000106] -> 0xFEED
[37] [M]: 0x80000104 (0xFEEDC0B7) lui ra, 1044188
x1 <- 0xFEEDC000


mem[X,0x80000108] -> 0x8093
mem[X,0x8000010A] -> 0xEAD0
[38] [M]: 0x80000108 (0xEAD08093) addi ra, ra, 3757
x1 <- 0xFEEDBEAD


mem[X,0x8000010C] -> 0xE137
mem[X,0x8000010E] -> 0xFF76
[39] [M]: 0x8000010C (0xFF76E137) lui sp, 1046382
x2 <- 0xFF76E000


mem[X,0x80000110] -> 0x0113
mem[X,0x80000112] -> 0xF561
[40] [M]: 0x80000110 (0xF5610113) addi sp, sp, 3926
x2 <- 0xFF76DF56


mem[X,0x80000114] -> 0x71B7
mem[X,0x80000116] -> 0x7FBB
[41] [M]: 0x80000114 (0x7FBB71B7) lui gp, 523191
x3 <- 0x7FBB7000


mem[X,0x80000118] -> 0x8193
mem[X,0x8000011A] -> 0xFAB1
[42] [M]: 0x80000118 (0xFAB18193) addi gp, gp, 4011
x3 <- 0x7FBB6FAB


mem[X,0x8000011C] -> 0xB237
mem[X,0x8000011E] -> 0xBFDD
[43] [M]: 0x8000011C (0xBFDDB237) lui tp, 785883
x4 <- 0xBFDDB000


mem[X,0x80000120] -> 0x0213
mem[X,0x80000122] -> 0x7D52
[44] [M]: 0x80000120 (0x7D520213) addi tp, tp, 2005
x4 <- 0xBFDDB7D5


mem[X,0x80000124] -> 0x0013
mem[X,0x80000126] -> 0x0000
[45] [M]: 0x80000124 (0x00000013) addi zero, zero, 0


mem[X,0x80000128] -> 0x0013
mem[X,0x8000012A] -> 0x0000
[46] [M]: 0x80000128 (0x00000013) addi zero, zero, 0


mem[X,0x8000012C] -> 0x0013
mem[X,0x8000012E] -> 0x0000
[47] [M]: 0x8000012C (0x00000013) addi zero, zero, 0


mem[X,0x80000130] -> 0x0013
mem[X,0x80000132] -> 0x0000
[48] [M]: 0x80000130 (0x00000013) addi zero, zero, 0


mem[X,0x80000134] -> 0x0013
mem[X,0x80000136] -> 0x0000
[49] [M]: 0x80000134 (0x00000013) addi zero, zero, 0


mem[X,0x80000138] -> 0x0013
mem[X,0x8000013A] -> 0x0000
[50] [M]: 0x80000138 (0x00000013) addi zero, zero, 0


mem[X,0x8000013C] -> 0x0013
mem[X,0x8000013E] -> 0x0000
[51] [M]: 0x8000013C (0x00000013) addi zero, zero, 0


mem[X,0x80000140] -> 0x0297
mem[X,0x80000142] -> 0x0000
[52] [M]: 0x80000140 (0x00000297) auipc t0, 0
x5 <- 0x80000140


mem[X,0x80000144] -> 0x8293
mem[X,0x80000146] -> 0x0882
[53] [M]: 0x80000144 (0x08828293) addi t0, t0, 136
x5 <- 0x800001C8


mem[X,0x80000148] -> 0x0013
mem[X,0x8000014A] -> 0x0000
[54] [M]: 0x80000148 (0x00000013) addi zero, zero, 0


mem[X,0x8000014C] -> 0x0013
mem[X,0x8000014E] -> 0x0000
[55] [M]: 0x8000014C (0x00000013) addi zero, zero, 0


mem[X,0x80000150] -> 0x0013
mem[X,0x80000152] -> 0x0000
[56] [M]: 0x80000150 (0x00000013) addi zero, zero, 0


mem[X,0x80000154] -> 0x0013
mem[X,0x80000156] -> 0x0000
[57] [M]: 0x80000154 (0x00000013) addi zero, zero, 0


mem[X,0x80000158] -> 0x0013
mem[X,0x8000015A] -> 0x0000
[58] [M]: 0x80000158 (0x00000013) addi zero, zero, 0


mem[X,0x8000015C] -> 0x0013
mem[X,0x8000015E] -> 0x0000
[59] [M]: 0x8000015C (0x00000013) addi zero, zero, 0


mem[X,0x80000160] -> 0x2317
mem[X,0x80000162] -> 0x0000
[60] [M]: 0x80000160 (0x00002317) auipc t1, 2
x6 <- 0x80002160


mem[X,0x80000164] -> 0x0313
mem[X,0x80000166] -> 0x0903
[61] [M]: 0x80000164 (0x09030313) addi t1, t1, 144
x6 <- 0x800021F0


mem[X,0x80000168] -> 0x0013
mem[X,0x8000016A] -> 0x0000
[62] [M]: 0x80000168 (0x00000013) addi zero, zero, 0


mem[X,0x8000016C] -> 0x0013
mem[X,0x8000016E] -> 0x0000
[63] [M]: 0x8000016C (0x00000013) addi zero, zero, 0


mem[X,0x80000170] -> 0x0013
mem[X,0x80000172] -> 0x0000
[64] [M]: 0x80000170 (0x00000013) addi zero, zero, 0


mem[X,0x80000174] -> 0x0013
mem[X,0x80000176] -> 0x0000
[65] [M]: 0x80000174 (0x00000013) addi zero, zero, 0


mem[X,0x80000178] -> 0x0013
mem[X,0x8000017A] -> 0x0000
[66] [M]: 0x80000178 (0x00000013) addi zero, zero, 0


mem[X,0x8000017C] -> 0x0013
mem[X,0x8000017E] -> 0x0000
[67] [M]: 0x8000017C (0x00000013) addi zero, zero, 0


mem[X,0x80000180] -> 0xB3B7
mem[X,0x80000182] -> 0xB7FB
[68] [M]: 0x80000180 (0xB7FBB3B7) lui t2, 753595
x7 <- 0xB7FBB000


mem[X,0x80000184] -> 0x8393
mem[X,0x80000186] -> 0x6FA3
[69] [M]: 0x80000184 (0x6FA38393) addi t2, t2, 1786
x7 <- 0xB7FBB6FA


mem[X,0x80000188] -> 0xE437
mem[X,0x8000018A] -> 0x5BFD
[70] [M]: 0x80000188 (0x5BFDE437) lui fp, 376798
x8 <- 0x5BFDE000


mem[X,0x8000018C] -> 0x0413
mem[X,0x8000018E] -> 0xB7D4
[71] [M]: 0x8000018C (0xB7D40413) addi fp, fp, 2941
x8 <- 0x5BFDDB7D


mem[X,0x80000190] -> 0xF4B7
mem[X,0x80000192] -> 0xADFE
[72] [M]: 0x80000190 (0xADFEF4B7) lui s1, 712687
x9 <- 0xADFEF000


mem[X,0x80000194] -> 0x8493
mem[X,0x80000196] -> 0xDBE4
[73] [M]: 0x80000194 (0xDBE48493) addi s1, s1, 3518
x9 <- 0xADFEEDBE


mem[X,0x80000198] -> 0x7537
mem[X,0x8000019A] -> 0x56FF
[74] [M]: 0x80000198 (0x56FF7537) lui a0, 356343
x10 <- 0x56FF7000


mem[X,0x8000019C] -> 0x0513
mem[X,0x8000019E] -> 0x6DF5
[75] [M]: 0x8000019C (0x6DF50513) addi a0, a0, 1759
x10 <- 0x56FF76DF


mem[X,0x800001A0] -> 0xC5B7
mem[X,0x800001A2] -> 0xAB7F
[76] [M]: 0x800001A0 (0xAB7FC5B7) lui a1, 702460
x11 <- 0xAB7FC000


mem[X,0x800001A4] -> 0x8593
mem[X,0x800001A6] -> 0xB6F5
[77] [M]: 0x800001A4 (0xB6F58593) addi a1, a1, 2927
x11 <- 0xAB7FBB6F


mem[X,0x800001A8] -> 0xE637
mem[X,0x800001AA] -> 0xD5BF
[78] [M]: 0x800001A8 (0xD5BFE637) lui a2, 875518
x12 <- 0xD5BFE000


mem[X,0x800001AC] -> 0x0613
mem[X,0x800001AE] -> 0xDB76
[79] [M]: 0x800001AC (0xDB760613) addi a2, a2, 3511
x12 <- 0xD5BFDDB7


mem[X,0x800001B0] -> 0xF6B7
mem[X,0x800001B2] -> 0xEADF
[80] [M]: 0x800001B0 (0xEADFF6B7) lui a3, 962047
x13 <- 0xEADFF000


mem[X,0x800001B4] -> 0x8693
mem[X,0x800001B6] -> 0xEDB6
[81] [M]: 0x800001B4 (0xEDB68693) addi a3, a3, 3803
x13 <- 0xEADFEEDB


mem[X,0x800001B8] -> 0xF737
mem[X,0x800001BA] -> 0xF56F
[82] [M]: 0x800001B8 (0xF56FF737) lui a4, 1005311
x14 <- 0xF56FF000


mem[X,0x800001BC] -> 0x0713
mem[X,0x800001BE] -> 0x76D7
[83] [M]: 0x800001BC (0x76D70713) addi a4, a4, 1901
x14 <- 0xF56FF76D


mem[X,0x800001C0] -> 0x07B7
mem[X,0x800001C2] -> 0xFAB8
[84] [M]: 0x800001C0 (0xFAB807B7) lui a5, 1026944
x15 <- 0xFAB80000


mem[X,0x800001C4] -> 0x8793
mem[X,0x800001C6] -> 0xBB67
[85] [M]: 0x800001C4 (0xBB678793) addi a5, a5, 2998
x15 <- 0xFAB7FBB6


mem[X,0x800001C8] -> 0x0013
mem[X,0x800001CA] -> 0x0000
[86] [M]: 0x800001C8 (0x00000013) addi zero, zero, 0


mem[X,0x800001CC] -> 0x0013
mem[X,0x800001CE] -> 0x0000
[87] [M]: 0x800001CC (0x00000013) addi zero, zero, 0


mem[X,0x800001D0] -> 0x0013
mem[X,0x800001D2] -> 0x0000
[88] [M]: 0x800001D0 (0x00000013) addi zero, zero, 0


mem[X,0x800001D4] -> 0x0013
mem[X,0x800001D6] -> 0x0000
[89] [M]: 0x800001D4 (0x00000013) addi zero, zero, 0


mem[X,0x800001D8] -> 0x0013
mem[X,0x800001DA] -> 0x0000
[90] [M]: 0x800001D8 (0x00000013) addi zero, zero, 0


mem[X,0x800001DC] -> 0x0013
mem[X,0x800001DE] -> 0x0000
[91] [M]: 0x800001DC (0x00000013) addi zero, zero, 0


mem[X,0x800001E0] -> 0x3097
mem[X,0x800001E2] -> 0x0000
[92] [M]: 0x800001E0 (0x00003097) auipc ra, 3
x1 <- 0x800031E0


mem[X,0x800001E4] -> 0x8093
mem[X,0x800001E6] -> 0xF340
[93] [M]: 0x800001E4 (0xF3408093) addi ra, ra, 3892
x1 <- 0x80003114


mem[X,0x800001E8] -> 0x0013
mem[X,0x800001EA] -> 0x0000
[94] [M]: 0x800001E8 (0x00000013) addi zero, zero, 0


mem[X,0x800001EC] -> 0x0013
mem[X,0x800001EE] -> 0x0000
[95] [M]: 0x800001EC (0x00000013) addi zero, zero, 0


mem[X,0x800001F0] -> 0x0013
mem[X,0x800001F2] -> 0x0000
[96] [M]: 0x800001F0 (0x00000013) addi zero, zero, 0


mem[X,0x800001F4] -> 0x0013
mem[X,0x800001F6] -> 0x0000
[97] [M]: 0x800001F4 (0x00000013) addi zero, zero, 0


mem[X,0x800001F8] -> 0x0013
mem[X,0x800001FA] -> 0x0000
[98] [M]: 0x800001F8 (0x00000013) addi zero, zero, 0


mem[X,0x800001FC] -> 0x0013
mem[X,0x800001FE] -> 0x0000
[99] [M]: 0x800001FC (0x00000013) addi zero, zero, 0


clint::tick mtime <- 0x0000000000000001
 clint timer pending at mtime 0x0000000000000001
htif::tick 0x0000000000000000
mem[X,0x80000200] -> 0x0597
mem[X,0x80000202] -> 0x0000
[100] [M]: 0x80000200 (0x00000597) auipc a1, 0
x11 <- 0x80000200


mem[X,0x80000204] -> 0x8593
mem[X,0x80000206] -> 0x0005
[101] [M]: 0x80000204 (0x00058593) addi a1, a1, 0
x11 <- 0x80000200


mem[X,0x80000208] -> 0x0013
mem[X,0x8000020A] -> 0x0000
[102] [M]: 0x80000208 (0x00000013) addi zero, zero, 0


mem[X,0x8000020C] -> 0x0013
mem[X,0x8000020E] -> 0x0000
[103] [M]: 0x8000020C (0x00000013) addi zero, zero, 0


mem[X,0x80000210] -> 0x0013
mem[X,0x80000212] -> 0x0000
[104] [M]: 0x80000210 (0x00000013) addi zero, zero, 0


mem[X,0x80000214] -> 0x0013
mem[X,0x80000216] -> 0x0000
[105] [M]: 0x80000214 (0x00000013) addi zero, zero, 0


mem[X,0x80000218] -> 0x0013
mem[X,0x8000021A] -> 0x0000
[106] [M]: 0x80000218 (0x00000013) addi zero, zero, 0


mem[X,0x8000021C] -> 0x0013
mem[X,0x8000021E] -> 0x0000
[107] [M]: 0x8000021C (0x00000013) addi zero, zero, 0


mem[X,0x80000220] -> 0x0517
mem[X,0x80000222] -> 0x0000
[108] [M]: 0x80000220 (0x00000517) auipc a0, 0
x10 <- 0x80000220


mem[X,0x80000224] -> 0x0513
mem[X,0x80000226] -> 0x2375
[109] [M]: 0x80000224 (0x23750513) addi a0, a0, 567
x10 <- 0x80000457


mem[X,0x80000228] -> 0x0013
mem[X,0x8000022A] -> 0x0000
[110] [M]: 0x80000228 (0x00000013) addi zero, zero, 0


mem[X,0x8000022C] -> 0x0013
mem[X,0x8000022E] -> 0x0000
[111] [M]: 0x8000022C (0x00000013) addi zero, zero, 0


mem[X,0x80000230] -> 0x0013
mem[X,0x80000232] -> 0x0000
[112] [M]: 0x80000230 (0x00000013) addi zero, zero, 0


mem[X,0x80000234] -> 0x0013
mem[X,0x80000236] -> 0x0000
[113] [M]: 0x80000234 (0x00000013) addi zero, zero, 0


mem[X,0x80000238] -> 0x0013
mem[X,0x8000023A] -> 0x0000
[114] [M]: 0x80000238 (0x00000013) addi zero, zero, 0


mem[X,0x8000023C] -> 0x0013
mem[X,0x8000023E] -> 0x0000
[115] [M]: 0x8000023C (0x00000013) addi zero, zero, 0


mem[X,0x80000240] -> 0x05E7
mem[X,0x80000242] -> 0xDFF5
[116] [M]: 0x80000240 (0xDFF505E7) jalr a1, a0, 3583
x11 <- 0x80000244


mem[X,0x80000256] -> 0xC593
mem[X,0x80000258] -> 0x0035
[117] [M]: 0x80000256 (0x0035C593) xori a1, a1, 3
x11 <- 0x80000247


mem[X,0x8000025A] -> 0x006F
mem[X,0x8000025C] -> 0x0060
[118] [M]: 0x8000025A (0x0060006F) jal zero, 6


mem[X,0x80000260] -> 0x0117
mem[X,0x80000262] -> 0x0000
[119] [M]: 0x80000260 (0x00000117) auipc sp, 0
x2 <- 0x80000260


mem[X,0x80000264] -> 0x0113
mem[X,0x80000266] -> 0xFA01
[120] [M]: 0x80000264 (0xFA010113) addi sp, sp, 4000
x2 <- 0x80000200


mem[X,0x80000268] -> 0x0013
mem[X,0x8000026A] -> 0x0000
[121] [M]: 0x80000268 (0x00000013) addi zero, zero, 0


mem[X,0x8000026C] -> 0x0013
mem[X,0x8000026E] -> 0x0000
[122] [M]: 0x8000026C (0x00000013) addi zero, zero, 0


mem[X,0x80000270] -> 0x0013
mem[X,0x80000272] -> 0x0000
[123] [M]: 0x80000270 (0x00000013) addi zero, zero, 0


mem[X,0x80000274] -> 0x0013
mem[X,0x80000276] -> 0x0000
[124] [M]: 0x80000274 (0x00000013) addi zero, zero, 0


mem[X,0x80000278] -> 0x0013
mem[X,0x8000027A] -> 0x0000
[125] [M]: 0x80000278 (0x00000013) addi zero, zero, 0


mem[X,0x8000027C] -> 0x0013
mem[X,0x8000027E] -> 0x0000
[126] [M]: 0x8000027C (0x00000013) addi zero, zero, 0


mem[X,0x80000280] -> 0x7113
mem[X,0x80000282] -> 0xFFC1
[127] [M]: 0x80000280 (0xFFC17113) andi sp, sp, 4092
x2 <- 0x80000200


mem[X,0x80000284] -> 0x85B3
mem[X,0x80000286] -> 0x4025
[128] [M]: 0x80000284 (0x402585B3) sub a1, a1, sp
x11 <- 0x00000047


mem[X,0x80000288] -> 0xA023
mem[X,0x8000028A] -> 0x00B0
[129] [M]: 0x80000288 (0x00B0A023) sw a1, 0(ra)
mem[0x80003114] <- 0x00000047


mem[X,0x8000028C] -> 0x0113
mem[X,0x8000028E] -> 0x0000
[130] [M]: 0x8000028C (0x00000113) addi sp, zero, 0
x2 <- 0x00000000


mem[X,0x80000290] -> 0x0073
mem[X,0x80000292] -> 0x0000
[131] [M]: 0x80000290 (0x00000073) ecall
trapping from M to M to handle m-call
handling exc#0x0B at priv M with tval 0x00000000
CSR mstatus <- 0x00001800


mem[X,0x80000300] -> 0x006F
mem[X,0x80000302] -> 0x0800
[132] [M]: 0x80000300 (0x0800006F) jal zero, 128


mem[X,0x80000380] -> 0x1173
mem[X,0x80000382] -> 0x3401
[133] [M]: 0x80000380 (0x34011173) csrrw sp, mscratch, sp
CSR mscratch -> 0x80002000
CSR mscratch <- 0x00000000 (input: 0x00000000)
x2 <- 0x80002000


mem[X,0x80000384] -> 0x2423
mem[X,0x80000386] -> 0x1FF1
[134] [M]: 0x80000384 (0x1FF12423) sw t6, 488(sp)
mem[0x800021E8] <- 0x00000000


mem[X,0x80000388] -> 0x0FEF
mem[X,0x8000038A] -> 0x0B80
[135] [M]: 0x80000388 (0x0B800FEF) jal t6, 184
x31 <- 0x8000038C


mem[X,0x80000440] -> 0x2223
mem[X,0x80000442] -> 0x1FE1
[136] [M]: 0x80000440 (0x1FE12223) sw t5, 484(sp)
mem[0x800021E4] <- 0x80000300


mem[X,0x80000444] -> 0x1F73
mem[X,0x80000446] -> 0x3401
[137] [M]: 0x80000444 (0x34011F73) csrrw t5, mscratch, sp
CSR mscratch -> 0x00000000
CSR mscratch <- 0x80002000 (input: 0x80002000)
x30 <- 0x00000000


mem[X,0x80000448] -> 0x2623
mem[X,0x8000044A] -> 0x1FE1
[138] [M]: 0x80000448 (0x1FE12623) sw t5, 492(sp)
mem[0x800021EC] <- 0x00000000


mem[X,0x8000044C] -> 0x0F17
mem[X,0x8000044E] -> 0x0000
[139] [M]: 0x8000044C (0x00000F17) auipc t5, 0
x30 <- 0x8000044C


mem[X,0x80000450] -> 0x0F13
mem[X,0x80000452] -> 0x00CF
[140] [M]: 0x80000450 (0x00CF0F13) addi t5, t5, 12
x30 <- 0x80000458


mem[X,0x80000454] -> 0x0067
mem[X,0x80000456] -> 0x000F
[141] [M]: 0x80000454 (0x000F0067) jalr zero, t5, 0


mem[X,0x80000458] -> 0x2023
mem[X,0x8000045A] -> 0x1FD1
[142] [M]: 0x80000458 (0x1FD12023) sw t4, 480(sp)
mem[0x800021E0] <- 0x80000300


mem[X,0x8000045C] -> 0x2E23
mem[X,0x8000045E] -> 0x1DC1
[143] [M]: 0x8000045C (0x1DC12E23) sw t3, 476(sp)
mem[0x800021DC] <- 0x00000000


mem[X,0x80000460] -> 0x2C23
mem[X,0x80000462] -> 0x1C71
[144] [M]: 0x80000460 (0x1C712C23) sw t2, 472(sp)
mem[0x800021D8] <- 0xB7FBB6FA


mem[X,0x80000464] -> 0x2A23
mem[X,0x80000466] -> 0x1C61
[145] [M]: 0x80000464 (0x1C612A23) sw t1, 468(sp)
mem[0x800021D4] <- 0x800021F0


mem[X,0x80000468] -> 0x2F73
mem[X,0x8000046A] -> 0x3420
[146] [M]: 0x80000468 (0x34202F73) csrrs t5, mcause, zero
CSR mcause -> 0x0000000B
x30 <- 0x0000000B


mem[X,0x8000046C] -> 0x0E93
mem[X,0x8000046E] -> 0xFF8F
[147] [M]: 0x8000046C (0xFF8F0E93) addi t4, t5, 4088
x29 <- 0x00000003


mem[X,0x80000470] -> 0xFE93
mem[X,0x80000472] -> 0xFFCE
[148] [M]: 0x80000470 (0xFFCEFE93) andi t4, t4, 4092
x29 <- 0x00000000


mem[X,0x80000474] -> 0x9663
mem[X,0x80000476] -> 0x000E
[149] [M]: 0x80000474 (0x000E9663) bne t4, zero, 12


mem[X,0x80000478] -> 0x2383
mem[X,0x8000047A] -> 0x1EC1
[150] [M]: 0x80000478 (0x1EC12383) lw t2, 492(sp)
mem[R,0x800021EC] -> 0x00000000
x7 <- 0x00000000


mem[X,0x8000047C] -> 0x8C63
mem[X,0x8000047E] -> 0x4403
[151] [M]: 0x8000047C (0x44038C63) beq t2, zero, 1112


mem[X,0x800008D4] -> 0x0E93
mem[X,0x800008D6] -> 0xFF5F
[152] [M]: 0x800008D4 (0xFF5F0E93) addi t4, t5, 4085
x29 <- 0x00000000


mem[X,0x800008D8] -> 0x8063
mem[X,0x800008DA] -> 0x020E
[153] [M]: 0x800008D8 (0x020E8063) beq t4, zero, 32


mem[X,0x800008F8] -> 0x23F3
mem[X,0x800008FA] -> 0x3410
[154] [M]: 0x800008F8 (0x341023F3) csrrs t2, mepc, zero
CSR mepc -> 0x80000290
x7 <- 0x80000290


mem[X,0x800008FC] -> 0x83B3
mem[X,0x800008FE] -> 0x01D3
[155] [M]: 0x800008FC (0x01D383B3) add t2, t2, t4
x7 <- 0x80000290


mem[X,0x80000900] -> 0x2303
mem[X,0x80000902] -> 0x1D41
[156] [M]: 0x80000900 (0x1D412303) lw t1, 468(sp)
mem[R,0x800021D4] -> 0x800021F0
x6 <- 0x800021F0


mem[X,0x80000904] -> 0x2E03
mem[X,0x80000906] -> 0x1DC1
[157] [M]: 0x80000904 (0x1DC12E03) lw t3, 476(sp)
mem[R,0x800021DC] -> 0x00000000
x28 <- 0x00000000


mem[X,0x80000908] -> 0x2E83
mem[X,0x8000090A] -> 0x1E01
[158] [M]: 0x80000908 (0x1E012E83) lw t4, 480(sp)
mem[R,0x800021E0] -> 0x80000300
x29 <- 0x80000300


mem[X,0x8000090C] -> 0x2F03
mem[X,0x8000090E] -> 0x1E41
[159] [M]: 0x8000090C (0x1E412F03) lw t5, 484(sp)
mem[R,0x800021E4] -> 0x80000300
x30 <- 0x80000300


mem[X,0x80000910] -> 0x2F83
mem[X,0x80000912] -> 0x1E81
[160] [M]: 0x80000910 (0x1E812F83) lw t6, 488(sp)
mem[R,0x800021E8] -> 0x00000000
x31 <- 0x00000000


mem[X,0x80000914] -> 0x2103
mem[X,0x80000916] -> 0x1EC1
[161] [M]: 0x80000914 (0x1EC12103) lw sp, 492(sp)
mem[R,0x800021EC] -> 0x00000000
x2 <- 0x00000000


mem[X,0x80000918] -> 0x8067
mem[X,0x8000091A] -> 0x0043
[162] [M]: 0x80000918 (0x00438067) jalr zero, t2, 4


mem[X,0x80000294] -> 0x2373
mem[X,0x80000296] -> 0x3400
[163] [M]: 0x80000294 (0x34002373) csrrs t1, mscratch, zero
CSR mscratch -> 0x80002000
x6 <- 0x80002000


mem[X,0x80000298] -> 0x2383
mem[X,0x8000029A] -> 0x1B03
[164] [M]: 0x80000298 (0x1B032383) lw t2, 432(t1)
mem[R,0x800021B0] -> 0x00000000
x7 <- 0x00000000


mem[X,0x8000029C] -> 0x2F03
mem[X,0x8000029E] -> 0x1C83
[165] [M]: 0x8000029C (0x1C832F03) lw t5, 456(t1)
mem[R,0x800021C8] -> 0x00000000
x30 <- 0x00000000


mem[X,0x800002A0] -> 0x1073
mem[X,0x800002A2] -> 0x340F
[166] [M]: 0x800002A0 (0x340F1073) csrrw zero, mscratch, t5
CSR mscratch -> 0x80002000
CSR mscratch <- 0x00000000 (input: 0x00000000)


mem[X,0x800002A4] -> 0x2E83
mem[X,0x800002A6] -> 0x1C03
[167] [M]: 0x800002A4 (0x1C032E83) lw t4, 448(t1)
mem[R,0x800021C0] -> 0x00000000
x29 <- 0x00000000


mem[X,0x800002A8] -> 0x93F3
mem[X,0x800002AA] -> 0x305E
[168] [M]: 0x800002A8 (0x305E93F3) csrrw t2, mtvec, t4
CSR mtvec -> 0x80000300
CSR mtvec <- 0x00000000 (input: 0x00000000)
x7 <- 0x80000300


mem[X,0x800002AC] -> 0xFE93
mem[X,0x800002AE] -> 0xFFCE
[169] [M]: 0x800002AC (0xFFCEFE93) andi t4, t4, 4092
x29 <- 0x00000000


mem[X,0x800002B0] -> 0xF393
mem[X,0x800002B2] -> 0xFFC3
[170] [M]: 0x800002B0 (0xFFC3F393) andi t2, t2, 4092
x7 <- 0x80000300


mem[X,0x800002B4] -> 0x9063
mem[X,0x800002B6] -> 0x027E
[171] [M]: 0x800002B4 (0x027E9063) bne t4, t2, 32


mem[X,0x800002D4] -> 0x006F
mem[X,0x800002D6] -> 0x6480
[172] [M]: 0x800002D4 (0x6480006F) jal zero, 1608


mem[X,0x8000091C] -> 0x0093
mem[X,0x8000091E] -> 0x0010
[173] [M]: 0x8000091C (0x00100093) addi ra, zero, 1
x1 <- 0x00000001


mem[X,0x80000920] -> 0x0F17
mem[X,0x80000922] -> 0x0000
[174] [M]: 0x80000920 (0x00000F17) auipc t5, 0
x30 <- 0x80000920


mem[X,0x80000924] -> 0x2023
mem[X,0x80000926] -> 0x6E1F
[175] [M]: 0x80000924 (0x6E1F2023) sw ra, 1760(t5)
htif[0x80001000] <- 0x00000001


mem[X,0x80000928] -> 0xF06F
mem[X,0x8000092A] -> 0xFF9F
[176] [M]: 0x80000928 (0xFF9FF06F) jal zero, 2097144


mem[X,0x80000920] -> 0x0F17
mem[X,0x80000922] -> 0x0000
[177] [M]: 0x80000920 (0x00000F17) auipc t5, 0
x30 <- 0x80000920


mem[X,0x80000924] -> 0x2023
mem[X,0x80000926] -> 0x6E1F
[178] [M]: 0x80000924 (0x6E1F2023) sw ra, 1760(t5)
htif[0x80001000] <- 0x00000001


mem[X,0x80000928] -> 0xF06F
mem[X,0x8000092A] -> 0xFF9F
[179] [M]: 0x80000928 (0xFF9FF06F) jal zero, 2097144


mem[X,0x80000920] -> 0x0F17
mem[X,0x80000922] -> 0x0000
[180] [M]: 0x80000920 (0x00000F17) auipc t5, 0
x30 <- 0x80000920


mem[X,0x80000924] -> 0x2023
mem[X,0x80000926] -> 0x6E1F
[181] [M]: 0x80000924 (0x6E1F2023) sw ra, 1760(t5)
htif[0x80001000] <- 0x00000001
htif-syscall-proxy cmd: 0x000000000001

SUCCESS
