using /home/force/Desktop/work/compliance_testing/our_riscv/work/riscof_work/C/src/cbnez-01.S/ref/Reference-sail_c_simulator.signature for test-signature output.
[Sail] Allocating new block 0x80000000
tohost located at 0x80002000
[Sail] Allocating new block 0x0

Running file ref.elf.
ELF Entry @ 0x80000000
begin_signature: 0x80004110
end_signature: 0x80004270
CSR mstatus <- 0x00000000 (input: 0x00000000)
mem[X,0x00001000] -> 0x0297
mem[X,0x00001002] -> 0x0000
[0] [M]: 0x00001000 (0x00000297) auipc t0, 0
x5 <- 0x00001000


mem[X,0x00001004] -> 0x8593
mem[X,0x00001006] -> 0x0202
[1] [M]: 0x00001004 (0x02028593) addi a1, t0, 32
x11 <- 0x00001020


mem[X,0x00001008] -> 0x2573
mem[X,0x0000100A] -> 0xF140
[2] [M]: 0x00001008 (0xF1402573) csrrs a0, mhartid, zero
CSR mhartid -> 0x00000000
x10 <- 0x00000000


mem[X,0x0000100C] -> 0xA283
mem[X,0x0000100E] -> 0x0182
[3] [M]: 0x0000100C (0x0182A283) lw t0, 24(t0)
mem[R,0x00001018] -> 0x80000000
x5 <- 0x80000000


mem[X,0x00001010] -> 0x8067
mem[X,0x00001012] -> 0x0002
[4] [M]: 0x00001010 (0x00028067) jalr zero, t0, 0


mem[X,0x80000000] -> 0xC0B7
mem[X,0x80000002] -> 0xFEED
[5] [M]: 0x80000000 (0xFEEDC0B7) lui ra, 1044188
x1 <- 0xFEEDC000


mem[X,0x80000004] -> 0x8093
mem[X,0x80000006] -> 0xEAD0
[6] [M]: 0x80000004 (0xEAD08093) addi ra, ra, 3757
x1 <- 0xFEEDBEAD


mem[X,0x80000008] -> 0xE137
mem[X,0x8000000A] -> 0xFF76
[7] [M]: 0x80000008 (0xFF76E137) lui sp, 1046382
x2 <- 0xFF76E000


mem[X,0x8000000C] -> 0x0113
mem[X,0x8000000E] -> 0xF561
[8] [M]: 0x8000000C (0xF5610113) addi sp, sp, 3926
x2 <- 0xFF76DF56


mem[X,0x80000010] -> 0x71B7
mem[X,0x80000012] -> 0x7FBB
[9] [M]: 0x80000010 (0x7FBB71B7) lui gp, 523191
x3 <- 0x7FBB7000


mem[X,0x80000014] -> 0x8193
mem[X,0x80000016] -> 0xFAB1
[10] [M]: 0x80000014 (0xFAB18193) addi gp, gp, 4011
x3 <- 0x7FBB6FAB


mem[X,0x80000018] -> 0xB237
mem[X,0x8000001A] -> 0xBFDD
[11] [M]: 0x80000018 (0xBFDDB237) lui tp, 785883
x4 <- 0xBFDDB000


mem[X,0x8000001C] -> 0x0213
mem[X,0x8000001E] -> 0x7D52
[12] [M]: 0x8000001C (0x7D520213) addi tp, tp, 2005
x4 <- 0xBFDDB7D5


mem[X,0x80000020] -> 0x0297
mem[X,0x80000022] -> 0x0000
[13] [M]: 0x80000020 (0x00000297) auipc t0, 0
x5 <- 0x80000020


mem[X,0x80000024] -> 0x8293
mem[X,0x80000026] -> 0x0882
[14] [M]: 0x80000024 (0x08828293) addi t0, t0, 136
x5 <- 0x800000A8


mem[X,0x80000028] -> 0x0013
mem[X,0x8000002A] -> 0x0000
[15] [M]: 0x80000028 (0x00000013) addi zero, zero, 0


mem[X,0x8000002C] -> 0x0013
mem[X,0x8000002E] -> 0x0000
[16] [M]: 0x8000002C (0x00000013) addi zero, zero, 0


mem[X,0x80000030] -> 0x0013
mem[X,0x80000032] -> 0x0000
[17] [M]: 0x80000030 (0x00000013) addi zero, zero, 0


mem[X,0x80000034] -> 0x0013
mem[X,0x80000036] -> 0x0000
[18] [M]: 0x80000034 (0x00000013) addi zero, zero, 0


mem[X,0x80000038] -> 0x0013
mem[X,0x8000003A] -> 0x0000
[19] [M]: 0x80000038 (0x00000013) addi zero, zero, 0


mem[X,0x8000003C] -> 0x0013
mem[X,0x8000003E] -> 0x0000
[20] [M]: 0x8000003C (0x00000013) addi zero, zero, 0


mem[X,0x80000040] -> 0x3317
mem[X,0x80000042] -> 0x0000
[21] [M]: 0x80000040 (0x00003317) auipc t1, 3
x6 <- 0x80003040


mem[X,0x80000044] -> 0x0313
mem[X,0x80000046] -> 0xFC03
[22] [M]: 0x80000044 (0xFC030313) addi t1, t1, 4032
x6 <- 0x80003000


mem[X,0x80000048] -> 0x0013
mem[X,0x8000004A] -> 0x0000
[23] [M]: 0x80000048 (0x00000013) addi zero, zero, 0


mem[X,0x8000004C] -> 0x0013
mem[X,0x8000004E] -> 0x0000
[24] [M]: 0x8000004C (0x00000013) addi zero, zero, 0


mem[X,0x80000050] -> 0x0013
mem[X,0x80000052] -> 0x0000
[25] [M]: 0x80000050 (0x00000013) addi zero, zero, 0


mem[X,0x80000054] -> 0x0013
mem[X,0x80000056] -> 0x0000
[26] [M]: 0x80000054 (0x00000013) addi zero, zero, 0


mem[X,0x80000058] -> 0x0013
mem[X,0x8000005A] -> 0x0000
[27] [M]: 0x80000058 (0x00000013) addi zero, zero, 0


mem[X,0x8000005C] -> 0x0013
mem[X,0x8000005E] -> 0x0000
[28] [M]: 0x8000005C (0x00000013) addi zero, zero, 0


mem[X,0x80000060] -> 0xB3B7
mem[X,0x80000062] -> 0xB7FB
[29] [M]: 0x80000060 (0xB7FBB3B7) lui t2, 753595
x7 <- 0xB7FBB000


mem[X,0x80000064] -> 0x8393
mem[X,0x80000066] -> 0x6FA3
[30] [M]: 0x80000064 (0x6FA38393) addi t2, t2, 1786
x7 <- 0xB7FBB6FA


mem[X,0x80000068] -> 0xE437
mem[X,0x8000006A] -> 0x5BFD
[31] [M]: 0x80000068 (0x5BFDE437) lui fp, 376798
x8 <- 0x5BFDE000


mem[X,0x8000006C] -> 0x0413
mem[X,0x8000006E] -> 0xB7D4
[32] [M]: 0x8000006C (0xB7D40413) addi fp, fp, 2941
x8 <- 0x5BFDDB7D


mem[X,0x80000070] -> 0xF4B7
mem[X,0x80000072] -> 0xADFE
[33] [M]: 0x80000070 (0xADFEF4B7) lui s1, 712687
x9 <- 0xADFEF000


mem[X,0x80000074] -> 0x8493
mem[X,0x80000076] -> 0xDBE4
[34] [M]: 0x80000074 (0xDBE48493) addi s1, s1, 3518
x9 <- 0xADFEEDBE


mem[X,0x80000078] -> 0x7537
mem[X,0x8000007A] -> 0x56FF
[35] [M]: 0x80000078 (0x56FF7537) lui a0, 356343
x10 <- 0x56FF7000


mem[X,0x8000007C] -> 0x0513
mem[X,0x8000007E] -> 0x6DF5
[36] [M]: 0x8000007C (0x6DF50513) addi a0, a0, 1759
x10 <- 0x56FF76DF


mem[X,0x80000080] -> 0xC5B7
mem[X,0x80000082] -> 0xAB7F
[37] [M]: 0x80000080 (0xAB7FC5B7) lui a1, 702460
x11 <- 0xAB7FC000


mem[X,0x80000084] -> 0x8593
mem[X,0x80000086] -> 0xB6F5
[38] [M]: 0x80000084 (0xB6F58593) addi a1, a1, 2927
x11 <- 0xAB7FBB6F


mem[X,0x80000088] -> 0xE637
mem[X,0x8000008A] -> 0xD5BF
[39] [M]: 0x80000088 (0xD5BFE637) lui a2, 875518
x12 <- 0xD5BFE000


mem[X,0x8000008C] -> 0x0613
mem[X,0x8000008E] -> 0xDB76
[40] [M]: 0x8000008C (0xDB760613) addi a2, a2, 3511
x12 <- 0xD5BFDDB7


mem[X,0x80000090] -> 0xF6B7
mem[X,0x80000092] -> 0xEADF
[41] [M]: 0x80000090 (0xEADFF6B7) lui a3, 962047
x13 <- 0xEADFF000


mem[X,0x80000094] -> 0x8693
mem[X,0x80000096] -> 0xEDB6
[42] [M]: 0x80000094 (0xEDB68693) addi a3, a3, 3803
x13 <- 0xEADFEEDB


mem[X,0x80000098] -> 0xF737
mem[X,0x8000009A] -> 0xF56F
[43] [M]: 0x80000098 (0xF56FF737) lui a4, 1005311
x14 <- 0xF56FF000


mem[X,0x8000009C] -> 0x0713
mem[X,0x8000009E] -> 0x76D7
[44] [M]: 0x8000009C (0x76D70713) addi a4, a4, 1901
x14 <- 0xF56FF76D


mem[X,0x800000A0] -> 0x07B7
mem[X,0x800000A2] -> 0xFAB8
[45] [M]: 0x800000A0 (0xFAB807B7) lui a5, 1026944
x15 <- 0xFAB80000


mem[X,0x800000A4] -> 0x8793
mem[X,0x800000A6] -> 0xBB67
[46] [M]: 0x800000A4 (0xBB678793) addi a5, a5, 2998
x15 <- 0xFAB7FBB6


mem[X,0x800000A8] -> 0x0013
mem[X,0x800000AA] -> 0x0000
[47] [M]: 0x800000A8 (0x00000013) addi zero, zero, 0


mem[X,0x800000AC] -> 0x0013
mem[X,0x800000AE] -> 0x0000
[48] [M]: 0x800000AC (0x00000013) addi zero, zero, 0


mem[X,0x800000B0] -> 0x0013
mem[X,0x800000B2] -> 0x0000
[49] [M]: 0x800000B0 (0x00000013) addi zero, zero, 0


mem[X,0x800000B4] -> 0x0013
mem[X,0x800000B6] -> 0x0000
[50] [M]: 0x800000B4 (0x00000013) addi zero, zero, 0


mem[X,0x800000B8] -> 0x0013
mem[X,0x800000BA] -> 0x0000
[51] [M]: 0x800000B8 (0x00000013) addi zero, zero, 0


mem[X,0x800000BC] -> 0x0013
mem[X,0x800000BE] -> 0x0000
[52] [M]: 0x800000BC (0x00000013) addi zero, zero, 0


mem[X,0x800000C0] -> 0x4097
mem[X,0x800000C2] -> 0x0000
[53] [M]: 0x800000C0 (0x00004097) auipc ra, 4
x1 <- 0x800040C0


mem[X,0x800000C4] -> 0x8093
mem[X,0x800000C6] -> 0x0540
[54] [M]: 0x800000C4 (0x05408093) addi ra, ra, 84
x1 <- 0x80004114


mem[X,0x800000C8] -> 0x0013
mem[X,0x800000CA] -> 0x0000
[55] [M]: 0x800000C8 (0x00000013) addi zero, zero, 0


mem[X,0x800000CC] -> 0x0013
mem[X,0x800000CE] -> 0x0000
[56] [M]: 0x800000CC (0x00000013) addi zero, zero, 0


mem[X,0x800000D0] -> 0x0013
mem[X,0x800000D2] -> 0x0000
[57] [M]: 0x800000D0 (0x00000013) addi zero, zero, 0


mem[X,0x800000D4] -> 0x0013
mem[X,0x800000D6] -> 0x0000
[58] [M]: 0x800000D4 (0x00000013) addi zero, zero, 0


mem[X,0x800000D8] -> 0x0013
mem[X,0x800000DA] -> 0x0000
[59] [M]: 0x800000D8 (0x00000013) addi zero, zero, 0


mem[X,0x800000DC] -> 0x0013
mem[X,0x800000DE] -> 0x0000
[60] [M]: 0x800000DC (0x00000013) addi zero, zero, 0


mem[X,0x800000E0] -> 0x0537
mem[X,0x800000E2] -> 0x8000
[61] [M]: 0x800000E0 (0x80000537) lui a0, 524288
x10 <- 0x80000000


mem[X,0x800000E4] -> 0xA031
[62] [M]: 0x800000E4 (0xA031) c.j 6


mem[X,0x800000F0] -> 0xED3D
[63] [M]: 0x800000F0 (0xED3D) c.bnez a0, 63


mem[X,0x8000016E] -> 0x010D
[64] [M]: 0x8000016E (0x010D) c.addi sp, 3
x2 <- 0xFF76DF59


mem[X,0x80000170] -> 0xA023
mem[X,0x80000172] -> 0x0020
[65] [M]: 0x80000170 (0x0020A023) sw sp, 0(ra)
mem[0x80004114] <- 0xFF76DF59


mem[X,0x80000174] -> 0x4781
[66] [M]: 0x80000174 (0x4781) c.li a5, 0
x15 <- 0x00000000


mem[X,0x80000176] -> 0xA845
[67] [M]: 0x80000176 (0xA845) c.j 88


mem[X,0x80000226] -> 0xFBB1
[68] [M]: 0x80000226 (0xFBB1) c.bnez a5, 170


mem[X,0x80000228] -> 0x0113
mem[X,0x8000022A] -> 0x0021
[69] [M]: 0x80000228 (0x00210113) addi sp, sp, 2
x2 <- 0xFF76DF5B


mem[X,0x8000022C] -> 0x006F
mem[X,0x8000022E] -> 0x0060
[70] [M]: 0x8000022C (0x0060006F) jal zero, 6


mem[X,0x80000232] -> 0xA223
mem[X,0x80000234] -> 0x0020
[71] [M]: 0x80000232 (0x0020A223) sw sp, 4(ra)
mem[0x80004118] <- 0xFF76DF5B


mem[X,0x80000236] -> 0x05B7
mem[X,0x80000238] -> 0x8000
[72] [M]: 0x80000236 (0x800005B7) lui a1, 524288
x11 <- 0x80000000


mem[X,0x8000023A] -> 0x15FD
[73] [M]: 0x8000023A (0x15FD) c.addi a1, 63
x11 <- 0x7FFFFFFF


mem[X,0x8000023C] -> 0xA031
[74] [M]: 0x8000023C (0xA031) c.j 6


mem[X,0x80000248] -> 0xE1C1
[75] [M]: 0x80000248 (0xE1C1) c.bnez a1, 64


mem[X,0x800002C8] -> 0x010D
[76] [M]: 0x800002C8 (0x010D) c.addi sp, 3
x2 <- 0xFF76DF5E


mem[X,0x800002CA] -> 0xA423
mem[X,0x800002CC] -> 0x0020
[77] [M]: 0x800002CA (0x0020A423) sw sp, 8(ra)
mem[0x8000411C] <- 0xFF76DF5E


mem[X,0x800002CE] -> 0x4705
[78] [M]: 0x800002CE (0x4705) c.li a4, 1
x14 <- 0x00000001


mem[X,0x800002D0] -> 0xA031
[79] [M]: 0x800002D0 (0xA031) c.j 6


mem[X,0x800002DC] -> 0xE719
[80] [M]: 0x800002DC (0xE719) c.bnez a4, 7


mem[X,0x800002EA] -> 0x010D
[81] [M]: 0x800002EA (0x010D) c.addi sp, 3
x2 <- 0xFF76DF61


mem[X,0x800002EC] -> 0xA623
mem[X,0x800002EE] -> 0x0020
[82] [M]: 0x800002EC (0x0020A623) sw sp, 12(ra)
mem[0x80004120] <- 0xFF76DF61


mem[X,0x800002F0] -> 0x4601
[83] [M]: 0x800002F0 (0x4601) c.li a2, 0
x12 <- 0x00000000


mem[X,0x800002F2] -> 0xA031
[84] [M]: 0x800002F2 (0xA031) c.j 6


mem[X,0x800002FE] -> 0xE64D
[85] [M]: 0x800002FE (0xE64D) c.bnez a2, 85


mem[X,0x80000300] -> 0x0113
mem[X,0x80000302] -> 0x0021
[86] [M]: 0x80000300 (0x00210113) addi sp, sp, 2
x2 <- 0xFF76DF63


mem[X,0x80000304] -> 0x006F
mem[X,0x80000306] -> 0x0A60
[87] [M]: 0x80000304 (0x0A60006F) jal zero, 166


mem[X,0x800003AA] -> 0xA823
mem[X,0x800003AC] -> 0x0020
[88] [M]: 0x800003AA (0x0020A823) sw sp, 16(ra)
mem[0x80004124] <- 0xFF76DF63


mem[X,0x800003AE] -> 0x34B7
mem[X,0x800003B0] -> 0x3333
[89] [M]: 0x800003AE (0x333334B7) lui s1, 209715
x9 <- 0x33333000


mem[X,0x800003B2] -> 0x8493
mem[X,0x800003B4] -> 0x3334
[90] [M]: 0x800003B2 (0x33348493) addi s1, s1, 819
x9 <- 0x33333333


mem[X,0x800003B6] -> 0xA031
[91] [M]: 0x800003B6 (0xA031) c.j 6


mem[X,0x800003C2] -> 0xFCE5
[92] [M]: 0x800003C2 (0xFCE5) c.bnez s1, 252


mem[X,0x800003BA] -> 0x0113
mem[X,0x800003BC] -> 0x0011
[93] [M]: 0x800003BA (0x00110113) addi sp, sp, 1
x2 <- 0xFF76DF64


mem[X,0x800003BE] -> 0x006F
mem[X,0x800003C0] -> 0x0100
[94] [M]: 0x800003BE (0x0100006F) jal zero, 16


mem[X,0x800003CE] -> 0xAA23
mem[X,0x800003D0] -> 0x0020
[95] [M]: 0x800003CE (0x0020AA23) sw sp, 20(ra)
mem[0x80004128] <- 0xFF76DF64


mem[X,0x800003D2] -> 0x546D
[96] [M]: 0x800003D2 (0x546D) c.li fp, 59
x8 <- 0xFFFFFFFB


mem[X,0x800003D4] -> 0xA01D
[97] [M]: 0x800003D4 (0xA01D) c.j 19


mem[X,0x800003FA] -> 0xFC79
[98] [M]: 0x800003FA (0xFC79) c.bnez s0, 239


mem[X,0x800003D8] -> 0x0113
mem[X,0x800003DA] -> 0x0011
[99] [M]: 0x800003D8 (0x00110113) addi sp, sp, 1
x2 <- 0xFF76DF65


clint::tick mtime <- 0x0000000000000001
 clint timer pending at mtime 0x0000000000000001
htif::tick 0x0000000000000000
mem[X,0x800003DC] -> 0x006F
mem[X,0x800003DE] -> 0x02A0
[100] [M]: 0x800003DC (0x02A0006F) jal zero, 42


mem[X,0x80000406] -> 0xAC23
mem[X,0x80000408] -> 0x0020
[101] [M]: 0x80000406 (0x0020AC23) sw sp, 24(ra)
mem[0x8000412C] <- 0xFF76DF65


mem[X,0x8000040A] -> 0x4689
[102] [M]: 0x8000040A (0x4689) c.li a3, 2
x13 <- 0x00000002


mem[X,0x8000040C] -> 0xA031
[103] [M]: 0x8000040C (0xA031) c.j 6


mem[X,0x80000418] -> 0xEA81
[104] [M]: 0x80000418 (0xEA81) c.bnez a3, 8


mem[X,0x80000428] -> 0x010D
[105] [M]: 0x80000428 (0x010D) c.addi sp, 3
x2 <- 0xFF76DF68


mem[X,0x8000042A] -> 0xAE23
mem[X,0x8000042C] -> 0x0020
[106] [M]: 0x8000042A (0x0020AE23) sw sp, 28(ra)
mem[0x80004130] <- 0xFF76DF68


mem[X,0x8000042E] -> 0x4511
[107] [M]: 0x8000042E (0x4511) c.li a0, 4
x10 <- 0x00000004


mem[X,0x80000430] -> 0xA031
[108] [M]: 0x80000430 (0xA031) c.j 6


mem[X,0x8000043C] -> 0xE509
[109] [M]: 0x8000043C (0xE509) c.bnez a0, 5


mem[X,0x80000446] -> 0x010D
[110] [M]: 0x80000446 (0x010D) c.addi sp, 3
x2 <- 0xFF76DF6B


mem[X,0x80000448] -> 0xA023
mem[X,0x8000044A] -> 0x0220
[111] [M]: 0x80000448 (0x0220A023) sw sp, 32(ra)
mem[0x80004134] <- 0xFF76DF6B


mem[X,0x8000044C] -> 0x4521
[112] [M]: 0x8000044C (0x4521) c.li a0, 8
x10 <- 0x00000008


mem[X,0x8000044E] -> 0xA819
[113] [M]: 0x8000044E (0xA819) c.j 11


mem[X,0x80000464] -> 0xF57D
[114] [M]: 0x80000464 (0xF57D) c.bnez a0, 247


mem[X,0x80000452] -> 0x0113
mem[X,0x80000454] -> 0x0011
[115] [M]: 0x80000452 (0x00110113) addi sp, sp, 1
x2 <- 0xFF76DF6C


mem[X,0x80000456] -> 0x006F
mem[X,0x80000458] -> 0x01A0
[116] [M]: 0x80000456 (0x01A0006F) jal zero, 26


mem[X,0x80000470] -> 0xA223
mem[X,0x80000472] -> 0x0220
[117] [M]: 0x80000470 (0x0220A223) sw sp, 36(ra)
mem[0x80004138] <- 0xFF76DF6C


mem[X,0x80000474] -> 0x4541
[118] [M]: 0x80000474 (0x4541) c.li a0, 16
x10 <- 0x00000010


mem[X,0x80000476] -> 0xA01D
[119] [M]: 0x80000476 (0xA01D) c.j 19


mem[X,0x8000049C] -> 0xFD79
[120] [M]: 0x8000049C (0xFD79) c.bnez a0, 239


mem[X,0x8000047A] -> 0x0113
mem[X,0x8000047C] -> 0x0011
[121] [M]: 0x8000047A (0x00110113) addi sp, sp, 1
x2 <- 0xFF76DF6D


mem[X,0x8000047E] -> 0x006F
mem[X,0x80000480] -> 0x02A0
[122] [M]: 0x8000047E (0x02A0006F) jal zero, 42


mem[X,0x800004A8] -> 0xA423
mem[X,0x800004AA] -> 0x0220
[123] [M]: 0x800004A8 (0x0220A423) sw sp, 40(ra)
mem[0x8000413C] <- 0xFF76DF6D


mem[X,0x800004AC] -> 0x0513
mem[X,0x800004AE] -> 0x0200
[124] [M]: 0x800004AC (0x02000513) addi a0, zero, 32
x10 <- 0x00000020


mem[X,0x800004B0] -> 0xA031
[125] [M]: 0x800004B0 (0xA031) c.j 6


mem[X,0x800004BC] -> 0xED3D
[126] [M]: 0x800004BC (0xED3D) c.bnez a0, 63


mem[X,0x8000053A] -> 0x010D
[127] [M]: 0x8000053A (0x010D) c.addi sp, 3
x2 <- 0xFF76DF70


mem[X,0x8000053C] -> 0xA623
mem[X,0x8000053E] -> 0x0220
[128] [M]: 0x8000053C (0x0220A623) sw sp, 44(ra)
mem[0x80004140] <- 0xFF76DF70


mem[X,0x80000540] -> 0x0513
mem[X,0x80000542] -> 0x0400
[129] [M]: 0x80000540 (0x04000513) addi a0, zero, 64
x10 <- 0x00000040


mem[X,0x80000544] -> 0xA031
[130] [M]: 0x80000544 (0xA031) c.j 6


mem[X,0x80000550] -> 0xE105
[131] [M]: 0x80000550 (0xE105) c.bnez a0, 16


mem[X,0x80000570] -> 0x010D
[132] [M]: 0x80000570 (0x010D) c.addi sp, 3
x2 <- 0xFF76DF73


mem[X,0x80000572] -> 0xA823
mem[X,0x80000574] -> 0x0220
[133] [M]: 0x80000572 (0x0220A823) sw sp, 48(ra)
mem[0x80004144] <- 0xFF76DF73


mem[X,0x80000576] -> 0x0513
mem[X,0x80000578] -> 0x0800
[134] [M]: 0x80000576 (0x08000513) addi a0, zero, 128
x10 <- 0x00000080


mem[X,0x8000057A] -> 0xA031
[135] [M]: 0x8000057A (0xA031) c.j 6


mem[X,0x80000586] -> 0xFD65
[136] [M]: 0x80000586 (0xFD65) c.bnez a0, 252


mem[X,0x8000057E] -> 0x0113
mem[X,0x80000580] -> 0x0011
[137] [M]: 0x8000057E (0x00110113) addi sp, sp, 1
x2 <- 0xFF76DF74


mem[X,0x80000582] -> 0x006F
mem[X,0x80000584] -> 0x0100
[138] [M]: 0x80000582 (0x0100006F) jal zero, 16


mem[X,0x80000592] -> 0xAA23
mem[X,0x80000594] -> 0x0220
[139] [M]: 0x80000592 (0x0220AA23) sw sp, 52(ra)
mem[0x80004148] <- 0xFF76DF74


mem[X,0x80000596] -> 0x0513
mem[X,0x80000598] -> 0x1000
[140] [M]: 0x80000596 (0x10000513) addi a0, zero, 256
x10 <- 0x00000100


mem[X,0x8000059A] -> 0xA031
[141] [M]: 0x8000059A (0xA031) c.j 6


mem[X,0x800005A6] -> 0xFD65
[142] [M]: 0x800005A6 (0xFD65) c.bnez a0, 252


mem[X,0x8000059E] -> 0x0113
mem[X,0x800005A0] -> 0x0011
[143] [M]: 0x8000059E (0x00110113) addi sp, sp, 1
x2 <- 0xFF76DF75


mem[X,0x800005A2] -> 0x006F
mem[X,0x800005A4] -> 0x0100
[144] [M]: 0x800005A2 (0x0100006F) jal zero, 16


mem[X,0x800005B2] -> 0xAC23
mem[X,0x800005B4] -> 0x0220
[145] [M]: 0x800005B2 (0x0220AC23) sw sp, 56(ra)
mem[0x8000414C] <- 0xFF76DF75


mem[X,0x800005B6] -> 0x0513
mem[X,0x800005B8] -> 0x2000
[146] [M]: 0x800005B6 (0x20000513) addi a0, zero, 512
x10 <- 0x00000200


mem[X,0x800005BA] -> 0xA845
[147] [M]: 0x800005BA (0xA845) c.j 88


mem[X,0x8000066A] -> 0xF931
[148] [M]: 0x8000066A (0xF931) c.bnez a0, 170


mem[X,0x800005BE] -> 0x0113
mem[X,0x800005C0] -> 0x0011
[149] [M]: 0x800005BE (0x00110113) addi sp, sp, 1
x2 <- 0xFF76DF76


mem[X,0x800005C2] -> 0x006F
mem[X,0x800005C4] -> 0x0B40
[150] [M]: 0x800005C2 (0x0B40006F) jal zero, 180


mem[X,0x80000676] -> 0xAE23
mem[X,0x80000678] -> 0x0220
[151] [M]: 0x80000676 (0x0220AE23) sw sp, 60(ra)
mem[0x80004150] <- 0xFF76DF76


mem[X,0x8000067A] -> 0x0513
mem[X,0x8000067C] -> 0x4000
[152] [M]: 0x8000067A (0x40000513) addi a0, zero, 1024
x10 <- 0x00000400


mem[X,0x8000067E] -> 0xA031
[153] [M]: 0x8000067E (0xA031) c.j 6


mem[X,0x8000068A] -> 0xE909
[154] [M]: 0x8000068A (0xE909) c.bnez a0, 9


mem[X,0x8000069C] -> 0x010D
[155] [M]: 0x8000069C (0x010D) c.addi sp, 3
x2 <- 0xFF76DF79


mem[X,0x8000069E] -> 0xA023
mem[X,0x800006A0] -> 0x0420
[156] [M]: 0x8000069E (0x0420A023) sw sp, 64(ra)
mem[0x80004154] <- 0xFF76DF79


mem[X,0x800006A2] -> 0x6505
[157] [M]: 0x800006A2 (0x6505) c.lui a0, 1
x10 <- 0x00001000


mem[X,0x800006A4] -> 0x0513
mem[X,0x800006A6] -> 0x8005
[158] [M]: 0x800006A4 (0x80050513) addi a0, a0, 2048
x10 <- 0x00000800


mem[X,0x800006A8] -> 0xA031
[159] [M]: 0x800006A8 (0xA031) c.j 6


mem[X,0x800006B4] -> 0xE141
[160] [M]: 0x800006B4 (0xE141) c.bnez a0, 64


mem[X,0x80000734] -> 0x010D
[161] [M]: 0x80000734 (0x010D) c.addi sp, 3
x2 <- 0xFF76DF7C


mem[X,0x80000736] -> 0xA223
mem[X,0x80000738] -> 0x0420
[162] [M]: 0x80000736 (0x0420A223) sw sp, 68(ra)
mem[0x80004158] <- 0xFF76DF7C


mem[X,0x8000073A] -> 0x6505
[163] [M]: 0x8000073A (0x6505) c.lui a0, 1
x10 <- 0x00001000


mem[X,0x8000073C] -> 0xA819
[164] [M]: 0x8000073C (0xA819) c.j 11


mem[X,0x80000752] -> 0xF57D
[165] [M]: 0x80000752 (0xF57D) c.bnez a0, 247


mem[X,0x80000740] -> 0x0113
mem[X,0x80000742] -> 0x0011
[166] [M]: 0x80000740 (0x00110113) addi sp, sp, 1
x2 <- 0xFF76DF7D


mem[X,0x80000744] -> 0x006F
mem[X,0x80000746] -> 0x01A0
[167] [M]: 0x80000744 (0x01A0006F) jal zero, 26


mem[X,0x8000075E] -> 0xA423
mem[X,0x80000760] -> 0x0420
[168] [M]: 0x8000075E (0x0420A423) sw sp, 72(ra)
mem[0x8000415C] <- 0xFF76DF7D


mem[X,0x80000762] -> 0x6509
[169] [M]: 0x80000762 (0x6509) c.lui a0, 2
x10 <- 0x00002000


mem[X,0x80000764] -> 0xA031
[170] [M]: 0x80000764 (0xA031) c.j 6


mem[X,0x80000770] -> 0xE509
[171] [M]: 0x80000770 (0xE509) c.bnez a0, 5


mem[X,0x8000077A] -> 0x010D
[172] [M]: 0x8000077A (0x010D) c.addi sp, 3
x2 <- 0xFF76DF80


mem[X,0x8000077C] -> 0xA623
mem[X,0x8000077E] -> 0x0420
[173] [M]: 0x8000077C (0x0420A623) sw sp, 76(ra)
mem[0x80004160] <- 0xFF76DF80


mem[X,0x80000780] -> 0x6511
[174] [M]: 0x80000780 (0x6511) c.lui a0, 4
x10 <- 0x00004000


mem[X,0x80000782] -> 0xA031
[175] [M]: 0x80000782 (0xA031) c.j 6


mem[X,0x8000078E] -> 0xE509
[176] [M]: 0x8000078E (0xE509) c.bnez a0, 5


mem[X,0x80000798] -> 0x010D
[177] [M]: 0x80000798 (0x010D) c.addi sp, 3
x2 <- 0xFF76DF83


mem[X,0x8000079A] -> 0xA823
mem[X,0x8000079C] -> 0x0420
[178] [M]: 0x8000079A (0x0420A823) sw sp, 80(ra)
mem[0x80004164] <- 0xFF76DF83


mem[X,0x8000079E] -> 0x6521
[179] [M]: 0x8000079E (0x6521) c.lui a0, 8
x10 <- 0x00008000


mem[X,0x800007A0] -> 0xA819
[180] [M]: 0x800007A0 (0xA819) c.j 11


mem[X,0x800007B6] -> 0xF57D
[181] [M]: 0x800007B6 (0xF57D) c.bnez a0, 247


mem[X,0x800007A4] -> 0x0113
mem[X,0x800007A6] -> 0x0011
[182] [M]: 0x800007A4 (0x00110113) addi sp, sp, 1
x2 <- 0xFF76DF84


mem[X,0x800007A8] -> 0x006F
mem[X,0x800007AA] -> 0x01A0
[183] [M]: 0x800007A8 (0x01A0006F) jal zero, 26


mem[X,0x800007C2] -> 0xAA23
mem[X,0x800007C4] -> 0x0420
[184] [M]: 0x800007C2 (0x0420AA23) sw sp, 84(ra)
mem[0x80004168] <- 0xFF76DF84


mem[X,0x800007C6] -> 0x6541
[185] [M]: 0x800007C6 (0x6541) c.lui a0, 16
x10 <- 0x00010000


mem[X,0x800007C8] -> 0xA031
[186] [M]: 0x800007C8 (0xA031) c.j 6


mem[X,0x800007D4] -> 0xFD65
[187] [M]: 0x800007D4 (0xFD65) c.bnez a0, 252


mem[X,0x800007CC] -> 0x0113
mem[X,0x800007CE] -> 0x0011
[188] [M]: 0x800007CC (0x00110113) addi sp, sp, 1
x2 <- 0xFF76DF85


mem[X,0x800007D0] -> 0x006F
mem[X,0x800007D2] -> 0x0100
[189] [M]: 0x800007D0 (0x0100006F) jal zero, 16


mem[X,0x800007E0] -> 0xAC23
mem[X,0x800007E2] -> 0x0420
[190] [M]: 0x800007E0 (0x0420AC23) sw sp, 88(ra)
mem[0x8000416C] <- 0xFF76DF85


mem[X,0x800007E4] -> 0x0537
mem[X,0x800007E6] -> 0x0002
[191] [M]: 0x800007E4 (0x00020537) lui a0, 32
x10 <- 0x00020000


mem[X,0x800007E8] -> 0xA099
[192] [M]: 0x800007E8 (0xA099) c.j 35


mem[X,0x8000082E] -> 0xFD5D
[193] [M]: 0x8000082E (0xFD5D) c.bnez a0, 223


mem[X,0x800007EC] -> 0x0113
mem[X,0x800007EE] -> 0x0011
[194] [M]: 0x800007EC (0x00110113) addi sp, sp, 1
x2 <- 0xFF76DF86


mem[X,0x800007F0] -> 0x006F
mem[X,0x800007F2] -> 0x04A0
[195] [M]: 0x800007F0 (0x04A0006F) jal zero, 74


mem[X,0x8000083A] -> 0xAE23
mem[X,0x8000083C] -> 0x0420
[196] [M]: 0x8000083A (0x0420AE23) sw sp, 92(ra)
mem[0x80004170] <- 0xFF76DF86


mem[X,0x8000083E] -> 0x0537
mem[X,0x80000840] -> 0x0004
[197] [M]: 0x8000083E (0x00040537) lui a0, 64
x10 <- 0x00040000


mem[X,0x80000842] -> 0xA845
[198] [M]: 0x80000842 (0xA845) c.j 88


mem[X,0x800008F2] -> 0xF931
[199] [M]: 0x800008F2 (0xF931) c.bnez a0, 170


clint::tick mtime <- 0x0000000000000002
 clint timer pending at mtime 0x0000000000000002
htif::tick 0x0000000000000000
mem[X,0x80000846] -> 0x0113
mem[X,0x80000848] -> 0x0011
[200] [M]: 0x80000846 (0x00110113) addi sp, sp, 1
x2 <- 0xFF76DF87


mem[X,0x8000084A] -> 0x006F
mem[X,0x8000084C] -> 0x0B40
[201] [M]: 0x8000084A (0x0B40006F) jal zero, 180


mem[X,0x800008FE] -> 0xA023
mem[X,0x80000900] -> 0x0620
[202] [M]: 0x800008FE (0x0620A023) sw sp, 96(ra)
mem[0x80004174] <- 0xFF76DF87


mem[X,0x80000902] -> 0x0537
mem[X,0x80000904] -> 0x0008
[203] [M]: 0x80000902 (0x00080537) lui a0, 128
x10 <- 0x00080000


mem[X,0x80000906] -> 0xA819
[204] [M]: 0x80000906 (0xA819) c.j 11


mem[X,0x8000091C] -> 0xF57D
[205] [M]: 0x8000091C (0xF57D) c.bnez a0, 247


mem[X,0x8000090A] -> 0x0113
mem[X,0x8000090C] -> 0x0011
[206] [M]: 0x8000090A (0x00110113) addi sp, sp, 1
x2 <- 0xFF76DF88


mem[X,0x8000090E] -> 0x006F
mem[X,0x80000910] -> 0x01A0
[207] [M]: 0x8000090E (0x01A0006F) jal zero, 26


mem[X,0x80000928] -> 0xA223
mem[X,0x8000092A] -> 0x0620
[208] [M]: 0x80000928 (0x0620A223) sw sp, 100(ra)
mem[0x80004178] <- 0xFF76DF88


mem[X,0x8000092C] -> 0x0537
mem[X,0x8000092E] -> 0x0010
[209] [M]: 0x8000092C (0x00100537) lui a0, 256
x10 <- 0x00100000


mem[X,0x80000930] -> 0xA821
[210] [M]: 0x80000930 (0xA821) c.j 12


mem[X,0x80000948] -> 0xF575
[211] [M]: 0x80000948 (0xF575) c.bnez a0, 246


mem[X,0x80000934] -> 0x0113
mem[X,0x80000936] -> 0x0011
[212] [M]: 0x80000934 (0x00110113) addi sp, sp, 1
x2 <- 0xFF76DF89


mem[X,0x80000938] -> 0x006F
mem[X,0x8000093A] -> 0x01C0
[213] [M]: 0x80000938 (0x01C0006F) jal zero, 28


mem[X,0x80000954] -> 0xA423
mem[X,0x80000956] -> 0x0620
[214] [M]: 0x80000954 (0x0620A423) sw sp, 104(ra)
mem[0x8000417C] <- 0xFF76DF89


mem[X,0x80000958] -> 0x0537
mem[X,0x8000095A] -> 0x0020
[215] [M]: 0x80000958 (0x00200537) lui a0, 512
x10 <- 0x00200000


mem[X,0x8000095C] -> 0xA031
[216] [M]: 0x8000095C (0xA031) c.j 6


mem[X,0x80000968] -> 0xFD65
[217] [M]: 0x80000968 (0xFD65) c.bnez a0, 252


mem[X,0x80000960] -> 0x0113
mem[X,0x80000962] -> 0x0011
[218] [M]: 0x80000960 (0x00110113) addi sp, sp, 1
x2 <- 0xFF76DF8A


mem[X,0x80000964] -> 0x006F
mem[X,0x80000966] -> 0x0100
[219] [M]: 0x80000964 (0x0100006F) jal zero, 16


mem[X,0x80000974] -> 0xA623
mem[X,0x80000976] -> 0x0620
[220] [M]: 0x80000974 (0x0620A623) sw sp, 108(ra)
mem[0x80004180] <- 0xFF76DF8A


mem[X,0x80000978] -> 0x0537
mem[X,0x8000097A] -> 0x0040
[221] [M]: 0x80000978 (0x00400537) lui a0, 1024
x10 <- 0x00400000


mem[X,0x8000097C] -> 0xA031
[222] [M]: 0x8000097C (0xA031) c.j 6


mem[X,0x80000988] -> 0xE519
[223] [M]: 0x80000988 (0xE519) c.bnez a0, 7


mem[X,0x80000996] -> 0x010D
[224] [M]: 0x80000996 (0x010D) c.addi sp, 3
x2 <- 0xFF76DF8D


mem[X,0x80000998] -> 0xA823
mem[X,0x8000099A] -> 0x0620
[225] [M]: 0x80000998 (0x0620A823) sw sp, 112(ra)
mem[0x80004184] <- 0xFF76DF8D


mem[X,0x8000099C] -> 0x0537
mem[X,0x8000099E] -> 0x0080
[226] [M]: 0x8000099C (0x00800537) lui a0, 2048
x10 <- 0x00800000


mem[X,0x800009A0] -> 0xA809
[227] [M]: 0x800009A0 (0xA809) c.j 9


mem[X,0x800009B2] -> 0xF96D
[228] [M]: 0x800009B2 (0xF96D) c.bnez a0, 249


mem[X,0x800009A4] -> 0x0113
mem[X,0x800009A6] -> 0x0011
[229] [M]: 0x800009A4 (0x00110113) addi sp, sp, 1
x2 <- 0xFF76DF8E


mem[X,0x800009A8] -> 0x006F
mem[X,0x800009AA] -> 0x0160
[230] [M]: 0x800009A8 (0x0160006F) jal zero, 22


mem[X,0x800009BE] -> 0xAA23
mem[X,0x800009C0] -> 0x0620
[231] [M]: 0x800009BE (0x0620AA23) sw sp, 116(ra)
mem[0x80004188] <- 0xFF76DF8E


mem[X,0x800009C2] -> 0x0537
mem[X,0x800009C4] -> 0x0100
[232] [M]: 0x800009C2 (0x01000537) lui a0, 4096
x10 <- 0x01000000


mem[X,0x800009C6] -> 0xA031
[233] [M]: 0x800009C6 (0xA031) c.j 6


mem[X,0x800009D2] -> 0xE519
[234] [M]: 0x800009D2 (0xE519) c.bnez a0, 7


mem[X,0x800009E0] -> 0x010D
[235] [M]: 0x800009E0 (0x010D) c.addi sp, 3
x2 <- 0xFF76DF91


mem[X,0x800009E2] -> 0xAC23
mem[X,0x800009E4] -> 0x0620
[236] [M]: 0x800009E2 (0x0620AC23) sw sp, 120(ra)
mem[0x8000418C] <- 0xFF76DF91


mem[X,0x800009E6] -> 0x0537
mem[X,0x800009E8] -> 0x0200
[237] [M]: 0x800009E6 (0x02000537) lui a0, 8192
x10 <- 0x02000000


mem[X,0x800009EA] -> 0xA845
[238] [M]: 0x800009EA (0xA845) c.j 88


mem[X,0x80000A9A] -> 0xF931
[239] [M]: 0x80000A9A (0xF931) c.bnez a0, 170


mem[X,0x800009EE] -> 0x0113
mem[X,0x800009F0] -> 0x0011
[240] [M]: 0x800009EE (0x00110113) addi sp, sp, 1
x2 <- 0xFF76DF92


mem[X,0x800009F2] -> 0x006F
mem[X,0x800009F4] -> 0x0B40
[241] [M]: 0x800009F2 (0x0B40006F) jal zero, 180


mem[X,0x80000AA6] -> 0xAE23
mem[X,0x80000AA8] -> 0x0620
[242] [M]: 0x80000AA6 (0x0620AE23) sw sp, 124(ra)
mem[0x80004190] <- 0xFF76DF92


mem[X,0x80000AAA] -> 0x0537
mem[X,0x80000AAC] -> 0x0400
[243] [M]: 0x80000AAA (0x04000537) lui a0, 16384
x10 <- 0x04000000


mem[X,0x80000AAE] -> 0xA031
[244] [M]: 0x80000AAE (0xA031) c.j 6


mem[X,0x80000ABA] -> 0xFD65
[245] [M]: 0x80000ABA (0xFD65) c.bnez a0, 252


mem[X,0x80000AB2] -> 0x0113
mem[X,0x80000AB4] -> 0x0011
[246] [M]: 0x80000AB2 (0x00110113) addi sp, sp, 1
x2 <- 0xFF76DF93


mem[X,0x80000AB6] -> 0x006F
mem[X,0x80000AB8] -> 0x0100
[247] [M]: 0x80000AB6 (0x0100006F) jal zero, 16


mem[X,0x80000AC6] -> 0xA023
mem[X,0x80000AC8] -> 0x0820
[248] [M]: 0x80000AC6 (0x0820A023) sw sp, 128(ra)
mem[0x80004194] <- 0xFF76DF93


mem[X,0x80000ACA] -> 0x0537
mem[X,0x80000ACC] -> 0x0800
[249] [M]: 0x80000ACA (0x08000537) lui a0, 32768
x10 <- 0x08000000


mem[X,0x80000ACE] -> 0xA039
[250] [M]: 0x80000ACE (0xA039) c.j 7


mem[X,0x80000ADC] -> 0xF97D
[251] [M]: 0x80000ADC (0xF97D) c.bnez a0, 251


mem[X,0x80000AD2] -> 0x0113
mem[X,0x80000AD4] -> 0x0011
[252] [M]: 0x80000AD2 (0x00110113) addi sp, sp, 1
x2 <- 0xFF76DF94


mem[X,0x80000AD6] -> 0x006F
mem[X,0x80000AD8] -> 0x0120
[253] [M]: 0x80000AD6 (0x0120006F) jal zero, 18


mem[X,0x80000AE8] -> 0xA223
mem[X,0x80000AEA] -> 0x0820
[254] [M]: 0x80000AE8 (0x0820A223) sw sp, 132(ra)
mem[0x80004198] <- 0xFF76DF94


mem[X,0x80000AEC] -> 0x0537
mem[X,0x80000AEE] -> 0x1000
[255] [M]: 0x80000AEC (0x10000537) lui a0, 65536
x10 <- 0x10000000


mem[X,0x80000AF0] -> 0xA031
[256] [M]: 0x80000AF0 (0xA031) c.j 6


mem[X,0x80000AFC] -> 0xE901
[257] [M]: 0x80000AFC (0xE901) c.bnez a0, 8


mem[X,0x80000B0C] -> 0x010D
[258] [M]: 0x80000B0C (0x010D) c.addi sp, 3
x2 <- 0xFF76DF97


mem[X,0x80000B0E] -> 0xA423
mem[X,0x80000B10] -> 0x0820
[259] [M]: 0x80000B0E (0x0820A423) sw sp, 136(ra)
mem[0x8000419C] <- 0xFF76DF97


mem[X,0x80000B12] -> 0x0537
mem[X,0x80000B14] -> 0x2000
[260] [M]: 0x80000B12 (0x20000537) lui a0, 131072
x10 <- 0x20000000


mem[X,0x80000B16] -> 0xA031
[261] [M]: 0x80000B16 (0xA031) c.j 6


mem[X,0x80000B22] -> 0xFD65
[262] [M]: 0x80000B22 (0xFD65) c.bnez a0, 252


mem[X,0x80000B1A] -> 0x0113
mem[X,0x80000B1C] -> 0x0011
[263] [M]: 0x80000B1A (0x00110113) addi sp, sp, 1
x2 <- 0xFF76DF98


mem[X,0x80000B1E] -> 0x006F
mem[X,0x80000B20] -> 0x0100
[264] [M]: 0x80000B1E (0x0100006F) jal zero, 16


mem[X,0x80000B2E] -> 0xA623
mem[X,0x80000B30] -> 0x0820
[265] [M]: 0x80000B2E (0x0820A623) sw sp, 140(ra)
mem[0x800041A0] <- 0xFF76DF98


mem[X,0x80000B32] -> 0x0537
mem[X,0x80000B34] -> 0x4000
[266] [M]: 0x80000B32 (0x40000537) lui a0, 262144
x10 <- 0x40000000


mem[X,0x80000B36] -> 0xA031
[267] [M]: 0x80000B36 (0xA031) c.j 6


mem[X,0x80000B42] -> 0xE54D
[268] [M]: 0x80000B42 (0xE54D) c.bnez a0, 85


mem[X,0x80000BEC] -> 0x010D
[269] [M]: 0x80000BEC (0x010D) c.addi sp, 3
x2 <- 0xFF76DF9B


mem[X,0x80000BEE] -> 0xA823
mem[X,0x80000BF0] -> 0x0820
[270] [M]: 0x80000BEE (0x0820A823) sw sp, 144(ra)
mem[0x800041A4] <- 0xFF76DF9B


mem[X,0x80000BF2] -> 0x5579
[271] [M]: 0x80000BF2 (0x5579) c.li a0, 62
x10 <- 0xFFFFFFFE


mem[X,0x80000BF4] -> 0xA031
[272] [M]: 0x80000BF4 (0xA031) c.j 6


mem[X,0x80000C00] -> 0xFD65
[273] [M]: 0x80000C00 (0xFD65) c.bnez a0, 252


mem[X,0x80000BF8] -> 0x0113
mem[X,0x80000BFA] -> 0x0011
[274] [M]: 0x80000BF8 (0x00110113) addi sp, sp, 1
x2 <- 0xFF76DF9C


mem[X,0x80000BFC] -> 0x006F
mem[X,0x80000BFE] -> 0x0100
[275] [M]: 0x80000BFC (0x0100006F) jal zero, 16


mem[X,0x80000C0C] -> 0xAA23
mem[X,0x80000C0E] -> 0x0820
[276] [M]: 0x80000C0C (0x0820AA23) sw sp, 148(ra)
mem[0x800041A8] <- 0xFF76DF9C


mem[X,0x80000C10] -> 0x5575
[277] [M]: 0x80000C10 (0x5575) c.li a0, 61
x10 <- 0xFFFFFFFD


mem[X,0x80000C12] -> 0xA031
[278] [M]: 0x80000C12 (0xA031) c.j 6


mem[X,0x80000C1E] -> 0xE909
[279] [M]: 0x80000C1E (0xE909) c.bnez a0, 9


mem[X,0x80000C30] -> 0x010D
[280] [M]: 0x80000C30 (0x010D) c.addi sp, 3
x2 <- 0xFF76DF9F


mem[X,0x80000C32] -> 0xAC23
mem[X,0x80000C34] -> 0x0820
[281] [M]: 0x80000C32 (0x0820AC23) sw sp, 152(ra)
mem[0x800041AC] <- 0xFF76DF9F


mem[X,0x80000C36] -> 0x555D
[282] [M]: 0x80000C36 (0x555D) c.li a0, 55
x10 <- 0xFFFFFFF7


mem[X,0x80000C38] -> 0xA01D
[283] [M]: 0x80000C38 (0xA01D) c.j 19


mem[X,0x80000C5E] -> 0xFD79
[284] [M]: 0x80000C5E (0xFD79) c.bnez a0, 239


mem[X,0x80000C3C] -> 0x0113
mem[X,0x80000C3E] -> 0x0011
[285] [M]: 0x80000C3C (0x00110113) addi sp, sp, 1
x2 <- 0xFF76DFA0


mem[X,0x80000C40] -> 0x006F
mem[X,0x80000C42] -> 0x02A0
[286] [M]: 0x80000C40 (0x02A0006F) jal zero, 42


mem[X,0x80000C6A] -> 0xAE23
mem[X,0x80000C6C] -> 0x0820
[287] [M]: 0x80000C6A (0x0820AE23) sw sp, 156(ra)
mem[0x800041B0] <- 0xFF76DFA0


mem[X,0x80000C6E] -> 0x553D
[288] [M]: 0x80000C6E (0x553D) c.li a0, 47
x10 <- 0xFFFFFFEF


mem[X,0x80000C70] -> 0xA031
[289] [M]: 0x80000C70 (0xA031) c.j 6


mem[X,0x80000C7C] -> 0xE509
[290] [M]: 0x80000C7C (0xE509) c.bnez a0, 5


mem[X,0x80000C86] -> 0x010D
[291] [M]: 0x80000C86 (0x010D) c.addi sp, 3
x2 <- 0xFF76DFA3


mem[X,0x80000C88] -> 0xA023
mem[X,0x80000C8A] -> 0x0A20
[292] [M]: 0x80000C88 (0x0A20A023) sw sp, 160(ra)
mem[0x800041B4] <- 0xFF76DFA3


mem[X,0x80000C8C] -> 0x0513
mem[X,0x80000C8E] -> 0xFDF0
[293] [M]: 0x80000C8C (0xFDF00513) addi a0, zero, 4063
x10 <- 0xFFFFFFDF


mem[X,0x80000C90] -> 0xA051
[294] [M]: 0x80000C90 (0xA051) c.j 66


mem[X,0x80000D14] -> 0xF141
[295] [M]: 0x80000D14 (0xF141) c.bnez a0, 192


mem[X,0x80000C94] -> 0x0113
mem[X,0x80000C96] -> 0x0011
[296] [M]: 0x80000C94 (0x00110113) addi sp, sp, 1
x2 <- 0xFF76DFA4


mem[X,0x80000C98] -> 0x006F
mem[X,0x80000C9A] -> 0x0880
[297] [M]: 0x80000C98 (0x0880006F) jal zero, 136


mem[X,0x80000D20] -> 0xA223
mem[X,0x80000D22] -> 0x0A20
[298] [M]: 0x80000D20 (0x0A20A223) sw sp, 164(ra)
mem[0x800041B8] <- 0xFF76DFA4


mem[X,0x80000D24] -> 0x0513
mem[X,0x80000D26] -> 0xFBF0
[299] [M]: 0x80000D24 (0xFBF00513) addi a0, zero, 4031
x10 <- 0xFFFFFFBF


clint::tick mtime <- 0x0000000000000003
 clint timer pending at mtime 0x0000000000000003
htif::tick 0x0000000000000000
mem[X,0x80000D28] -> 0xA031
[300] [M]: 0x80000D28 (0xA031) c.j 6


mem[X,0x80000D34] -> 0xFD65
[301] [M]: 0x80000D34 (0xFD65) c.bnez a0, 252


mem[X,0x80000D2C] -> 0x0113
mem[X,0x80000D2E] -> 0x0011
[302] [M]: 0x80000D2C (0x00110113) addi sp, sp, 1
x2 <- 0xFF76DFA5


mem[X,0x80000D30] -> 0x006F
mem[X,0x80000D32] -> 0x0100
[303] [M]: 0x80000D30 (0x0100006F) jal zero, 16


mem[X,0x80000D40] -> 0xA423
mem[X,0x80000D42] -> 0x0A20
[304] [M]: 0x80000D40 (0x0A20A423) sw sp, 168(ra)
mem[0x800041BC] <- 0xFF76DFA5


mem[X,0x80000D44] -> 0x0513
mem[X,0x80000D46] -> 0xF7F0
[305] [M]: 0x80000D44 (0xF7F00513) addi a0, zero, 3967
x10 <- 0xFFFFFF7F


mem[X,0x80000D48] -> 0xA031
[306] [M]: 0x80000D48 (0xA031) c.j 6


mem[X,0x80000D54] -> 0xFD65
[307] [M]: 0x80000D54 (0xFD65) c.bnez a0, 252


mem[X,0x80000D4C] -> 0x0113
mem[X,0x80000D4E] -> 0x0011
[308] [M]: 0x80000D4C (0x00110113) addi sp, sp, 1
x2 <- 0xFF76DFA6


mem[X,0x80000D50] -> 0x006F
mem[X,0x80000D52] -> 0x0100
[309] [M]: 0x80000D50 (0x0100006F) jal zero, 16


mem[X,0x80000D60] -> 0xA623
mem[X,0x80000D62] -> 0x0A20
[310] [M]: 0x80000D60 (0x0A20A623) sw sp, 172(ra)
mem[0x800041C0] <- 0xFF76DFA6


mem[X,0x80000D64] -> 0x0513
mem[X,0x80000D66] -> 0xEFF0
[311] [M]: 0x80000D64 (0xEFF00513) addi a0, zero, 3839
x10 <- 0xFFFFFEFF


mem[X,0x80000D68] -> 0xA821
[312] [M]: 0x80000D68 (0xA821) c.j 12


mem[X,0x80000D80] -> 0xF575
[313] [M]: 0x80000D80 (0xF575) c.bnez a0, 246


mem[X,0x80000D6C] -> 0x0113
mem[X,0x80000D6E] -> 0x0011
[314] [M]: 0x80000D6C (0x00110113) addi sp, sp, 1
x2 <- 0xFF76DFA7


mem[X,0x80000D70] -> 0x006F
mem[X,0x80000D72] -> 0x01C0
[315] [M]: 0x80000D70 (0x01C0006F) jal zero, 28


mem[X,0x80000D8C] -> 0xA823
mem[X,0x80000D8E] -> 0x0A20
[316] [M]: 0x80000D8C (0x0A20A823) sw sp, 176(ra)
mem[0x800041C4] <- 0xFF76DFA7


mem[X,0x80000D90] -> 0x0513
mem[X,0x80000D92] -> 0xDFF0
[317] [M]: 0x80000D90 (0xDFF00513) addi a0, zero, 3583
x10 <- 0xFFFFFDFF


mem[X,0x80000D94] -> 0xA059
[318] [M]: 0x80000D94 (0xA059) c.j 67


mem[X,0x80000E1A] -> 0xFD3D
[319] [M]: 0x80000E1A (0xFD3D) c.bnez a0, 191


mem[X,0x80000D98] -> 0x0113
mem[X,0x80000D9A] -> 0x0011
[320] [M]: 0x80000D98 (0x00110113) addi sp, sp, 1
x2 <- 0xFF76DFA8


mem[X,0x80000D9C] -> 0x006F
mem[X,0x80000D9E] -> 0x08A0
[321] [M]: 0x80000D9C (0x08A0006F) jal zero, 138


mem[X,0x80000E26] -> 0xAA23
mem[X,0x80000E28] -> 0x0A20
[322] [M]: 0x80000E26 (0x0A20AA23) sw sp, 180(ra)
mem[0x800041C8] <- 0xFF76DFA8


mem[X,0x80000E2A] -> 0x0513
mem[X,0x80000E2C] -> 0xBFF0
[323] [M]: 0x80000E2A (0xBFF00513) addi a0, zero, 3071
x10 <- 0xFFFFFBFF


mem[X,0x80000E2E] -> 0xA031
[324] [M]: 0x80000E2E (0xA031) c.j 6


mem[X,0x80000E3A] -> 0xE909
[325] [M]: 0x80000E3A (0xE909) c.bnez a0, 9


mem[X,0x80000E4C] -> 0x010D
[326] [M]: 0x80000E4C (0x010D) c.addi sp, 3
x2 <- 0xFF76DFAB


mem[X,0x80000E4E] -> 0xAC23
mem[X,0x80000E50] -> 0x0A20
[327] [M]: 0x80000E4E (0x0A20AC23) sw sp, 184(ra)
mem[0x800041CC] <- 0xFF76DFAB


mem[X,0x80000E52] -> 0x757D
[328] [M]: 0x80000E52 (0x757D) c.lui a0, 63
x10 <- 0xFFFFF000


mem[X,0x80000E54] -> 0x0513
mem[X,0x80000E56] -> 0x7FF5
[329] [M]: 0x80000E54 (0x7FF50513) addi a0, a0, 2047
x10 <- 0xFFFFF7FF


mem[X,0x80000E58] -> 0xA031
[330] [M]: 0x80000E58 (0xA031) c.j 6


mem[X,0x80000E64] -> 0xE509
[331] [M]: 0x80000E64 (0xE509) c.bnez a0, 5


mem[X,0x80000E6E] -> 0x010D
[332] [M]: 0x80000E6E (0x010D) c.addi sp, 3
x2 <- 0xFF76DFAE


mem[X,0x80000E70] -> 0xAE23
mem[X,0x80000E72] -> 0x0A20
[333] [M]: 0x80000E70 (0x0A20AE23) sw sp, 188(ra)
mem[0x800041D0] <- 0xFF76DFAE


mem[X,0x80000E74] -> 0x757D
[334] [M]: 0x80000E74 (0x757D) c.lui a0, 63
x10 <- 0xFFFFF000


mem[X,0x80000E76] -> 0x157D
[335] [M]: 0x80000E76 (0x157D) c.addi a0, 63
x10 <- 0xFFFFEFFF


mem[X,0x80000E78] -> 0xA801
[336] [M]: 0x80000E78 (0xA801) c.j 8


mem[X,0x80000E88] -> 0xF975
[337] [M]: 0x80000E88 (0xF975) c.bnez a0, 250


mem[X,0x80000E7C] -> 0x0113
mem[X,0x80000E7E] -> 0x0011
[338] [M]: 0x80000E7C (0x00110113) addi sp, sp, 1
x2 <- 0xFF76DFAF


mem[X,0x80000E80] -> 0x006F
mem[X,0x80000E82] -> 0x0140
[339] [M]: 0x80000E80 (0x0140006F) jal zero, 20


mem[X,0x80000E94] -> 0xA023
mem[X,0x80000E96] -> 0x0C20
[340] [M]: 0x80000E94 (0x0C20A023) sw sp, 192(ra)
mem[0x800041D4] <- 0xFF76DFAF


mem[X,0x80000E98] -> 0x7579
[341] [M]: 0x80000E98 (0x7579) c.lui a0, 62
x10 <- 0xFFFFE000


mem[X,0x80000E9A] -> 0x157D
[342] [M]: 0x80000E9A (0x157D) c.addi a0, 63
x10 <- 0xFFFFDFFF


mem[X,0x80000E9C] -> 0xA809
[343] [M]: 0x80000E9C (0xA809) c.j 9


mem[X,0x80000EAE] -> 0xF96D
[344] [M]: 0x80000EAE (0xF96D) c.bnez a0, 249


mem[X,0x80000EA0] -> 0x0113
mem[X,0x80000EA2] -> 0x0011
[345] [M]: 0x80000EA0 (0x00110113) addi sp, sp, 1
x2 <- 0xFF76DFB0


mem[X,0x80000EA4] -> 0x006F
mem[X,0x80000EA6] -> 0x0160
[346] [M]: 0x80000EA4 (0x0160006F) jal zero, 22


mem[X,0x80000EBA] -> 0xA223
mem[X,0x80000EBC] -> 0x0C20
[347] [M]: 0x80000EBA (0x0C20A223) sw sp, 196(ra)
mem[0x800041D8] <- 0xFF76DFB0


mem[X,0x80000EBE] -> 0x7571
[348] [M]: 0x80000EBE (0x7571) c.lui a0, 60
x10 <- 0xFFFFC000


mem[X,0x80000EC0] -> 0x157D
[349] [M]: 0x80000EC0 (0x157D) c.addi a0, 63
x10 <- 0xFFFFBFFF


mem[X,0x80000EC2] -> 0xA01D
[350] [M]: 0x80000EC2 (0xA01D) c.j 19


mem[X,0x80000EE8] -> 0xFD79
[351] [M]: 0x80000EE8 (0xFD79) c.bnez a0, 239


mem[X,0x80000EC6] -> 0x0113
mem[X,0x80000EC8] -> 0x0011
[352] [M]: 0x80000EC6 (0x00110113) addi sp, sp, 1
x2 <- 0xFF76DFB1


mem[X,0x80000ECA] -> 0x006F
mem[X,0x80000ECC] -> 0x02A0
[353] [M]: 0x80000ECA (0x02A0006F) jal zero, 42


mem[X,0x80000EF4] -> 0xA423
mem[X,0x80000EF6] -> 0x0C20
[354] [M]: 0x80000EF4 (0x0C20A423) sw sp, 200(ra)
mem[0x800041DC] <- 0xFF76DFB1


mem[X,0x80000EF8] -> 0x7561
[355] [M]: 0x80000EF8 (0x7561) c.lui a0, 56
x10 <- 0xFFFF8000


mem[X,0x80000EFA] -> 0x157D
[356] [M]: 0x80000EFA (0x157D) c.addi a0, 63
x10 <- 0xFFFF7FFF


mem[X,0x80000EFC] -> 0xA031
[357] [M]: 0x80000EFC (0xA031) c.j 6


mem[X,0x80000F08] -> 0xE511
[358] [M]: 0x80000F08 (0xE511) c.bnez a0, 6


mem[X,0x80000F14] -> 0x010D
[359] [M]: 0x80000F14 (0x010D) c.addi sp, 3
x2 <- 0xFF76DFB4


mem[X,0x80000F16] -> 0xA623
mem[X,0x80000F18] -> 0x0C20
[360] [M]: 0x80000F16 (0x0C20A623) sw sp, 204(ra)
mem[0x800041E0] <- 0xFF76DFB4


mem[X,0x80000F1A] -> 0x7541
[361] [M]: 0x80000F1A (0x7541) c.lui a0, 48
x10 <- 0xFFFF0000


mem[X,0x80000F1C] -> 0x157D
[362] [M]: 0x80000F1C (0x157D) c.addi a0, 63
x10 <- 0xFFFEFFFF


mem[X,0x80000F1E] -> 0xA821
[363] [M]: 0x80000F1E (0xA821) c.j 12


mem[X,0x80000F36] -> 0xF575
[364] [M]: 0x80000F36 (0xF575) c.bnez a0, 246


mem[X,0x80000F22] -> 0x0113
mem[X,0x80000F24] -> 0x0011
[365] [M]: 0x80000F22 (0x00110113) addi sp, sp, 1
x2 <- 0xFF76DFB5


mem[X,0x80000F26] -> 0x006F
mem[X,0x80000F28] -> 0x01C0
[366] [M]: 0x80000F26 (0x01C0006F) jal zero, 28


mem[X,0x80000F42] -> 0xA823
mem[X,0x80000F44] -> 0x0C20
[367] [M]: 0x80000F42 (0x0C20A823) sw sp, 208(ra)
mem[0x800041E4] <- 0xFF76DFB5


mem[X,0x80000F46] -> 0x7501
[368] [M]: 0x80000F46 (0x7501) c.lui a0, 32
x10 <- 0xFFFE0000


mem[X,0x80000F48] -> 0x157D
[369] [M]: 0x80000F48 (0x157D) c.addi a0, 63
x10 <- 0xFFFDFFFF


mem[X,0x80000F4A] -> 0xA099
[370] [M]: 0x80000F4A (0xA099) c.j 35


mem[X,0x80000F90] -> 0xFD5D
[371] [M]: 0x80000F90 (0xFD5D) c.bnez a0, 223


mem[X,0x80000F4E] -> 0x0113
mem[X,0x80000F50] -> 0x0011
[372] [M]: 0x80000F4E (0x00110113) addi sp, sp, 1
x2 <- 0xFF76DFB6


mem[X,0x80000F52] -> 0x006F
mem[X,0x80000F54] -> 0x04A0
[373] [M]: 0x80000F52 (0x04A0006F) jal zero, 74


mem[X,0x80000F9C] -> 0xAA23
mem[X,0x80000F9E] -> 0x0C20
[374] [M]: 0x80000F9C (0x0C20AA23) sw sp, 212(ra)
mem[0x800041E8] <- 0xFF76DFB6


mem[X,0x80000FA0] -> 0x0537
mem[X,0x80000FA2] -> 0xFFFC
[375] [M]: 0x80000FA0 (0xFFFC0537) lui a0, 1048512
x10 <- 0xFFFC0000


mem[X,0x80000FA4] -> 0x157D
[376] [M]: 0x80000FA4 (0x157D) c.addi a0, 63
x10 <- 0xFFFBFFFF


mem[X,0x80000FA6] -> 0xA031
[377] [M]: 0x80000FA6 (0xA031) c.j 6


mem[X,0x80000FB2] -> 0xE121
[378] [M]: 0x80000FB2 (0xE121) c.bnez a0, 32


mem[X,0x80000FF2] -> 0x010D
[379] [M]: 0x80000FF2 (0x010D) c.addi sp, 3
x2 <- 0xFF76DFB9


mem[X,0x80000FF4] -> 0xAC23
mem[X,0x80000FF6] -> 0x0C20
[380] [M]: 0x80000FF4 (0x0C20AC23) sw sp, 216(ra)
mem[0x800041EC] <- 0xFF76DFB9


mem[X,0x80000FF8] -> 0x0537
mem[X,0x80000FFA] -> 0xFFF8
[381] [M]: 0x80000FF8 (0xFFF80537) lui a0, 1048448
x10 <- 0xFFF80000


mem[X,0x80000FFC] -> 0x157D
[382] [M]: 0x80000FFC (0x157D) c.addi a0, 63
x10 <- 0xFFF7FFFF


mem[X,0x80000FFE] -> 0xA031
[383] [M]: 0x80000FFE (0xA031) c.j 6


mem[X,0x8000100A] -> 0xE509
[384] [M]: 0x8000100A (0xE509) c.bnez a0, 5


mem[X,0x80001014] -> 0x010D
[385] [M]: 0x80001014 (0x010D) c.addi sp, 3
x2 <- 0xFF76DFBC


mem[X,0x80001016] -> 0xAE23
mem[X,0x80001018] -> 0x0C20
[386] [M]: 0x80001016 (0x0C20AE23) sw sp, 220(ra)
mem[0x800041F0] <- 0xFF76DFBC


mem[X,0x8000101A] -> 0x0537
mem[X,0x8000101C] -> 0xFF80
[387] [M]: 0x8000101A (0xFF800537) lui a0, 1046528
x10 <- 0xFF800000


mem[X,0x8000101E] -> 0x157D
[388] [M]: 0x8000101E (0x157D) c.addi a0, 63
x10 <- 0xFF7FFFFF


mem[X,0x80001020] -> 0xA051
[389] [M]: 0x80001020 (0xA051) c.j 66


mem[X,0x800010A4] -> 0xF141
[390] [M]: 0x800010A4 (0xF141) c.bnez a0, 192


mem[X,0x80001024] -> 0x0113
mem[X,0x80001026] -> 0x0011
[391] [M]: 0x80001024 (0x00110113) addi sp, sp, 1
x2 <- 0xFF76DFBD


mem[X,0x80001028] -> 0x006F
mem[X,0x8000102A] -> 0x0880
[392] [M]: 0x80001028 (0x0880006F) jal zero, 136


mem[X,0x800010B0] -> 0xA023
mem[X,0x800010B2] -> 0x0E20
[393] [M]: 0x800010B0 (0x0E20A023) sw sp, 224(ra)
mem[0x800041F4] <- 0xFF76DFBD


mem[X,0x800010B4] -> 0x0537
mem[X,0x800010B6] -> 0xFF00
[394] [M]: 0x800010B4 (0xFF000537) lui a0, 1044480
x10 <- 0xFF000000


mem[X,0x800010B8] -> 0x157D
[395] [M]: 0x800010B8 (0x157D) c.addi a0, 63
x10 <- 0xFEFFFFFF


mem[X,0x800010BA] -> 0xA031
[396] [M]: 0x800010BA (0xA031) c.j 6


mem[X,0x800010C6] -> 0xE509
[397] [M]: 0x800010C6 (0xE509) c.bnez a0, 5


mem[X,0x800010D0] -> 0x010D
[398] [M]: 0x800010D0 (0x010D) c.addi sp, 3
x2 <- 0xFF76DFC0


mem[X,0x800010D2] -> 0xA223
mem[X,0x800010D4] -> 0x0E20
[399] [M]: 0x800010D2 (0x0E20A223) sw sp, 228(ra)
mem[0x800041F8] <- 0xFF76DFC0


clint::tick mtime <- 0x0000000000000004
 clint timer pending at mtime 0x0000000000000004
htif::tick 0x0000000000000000
mem[X,0x800010D6] -> 0x0537
mem[X,0x800010D8] -> 0xFE00
[400] [M]: 0x800010D6 (0xFE000537) lui a0, 1040384
x10 <- 0xFE000000


mem[X,0x800010DA] -> 0x157D
[401] [M]: 0x800010DA (0x157D) c.addi a0, 63
x10 <- 0xFDFFFFFF


mem[X,0x800010DC] -> 0xA821
[402] [M]: 0x800010DC (0xA821) c.j 12


mem[X,0x800010F4] -> 0xF575
[403] [M]: 0x800010F4 (0xF575) c.bnez a0, 246


mem[X,0x800010E0] -> 0x0113
mem[X,0x800010E2] -> 0x0011
[404] [M]: 0x800010E0 (0x00110113) addi sp, sp, 1
x2 <- 0xFF76DFC1


mem[X,0x800010E4] -> 0x006F
mem[X,0x800010E6] -> 0x01C0
[405] [M]: 0x800010E4 (0x01C0006F) jal zero, 28


mem[X,0x80001100] -> 0xA423
mem[X,0x80001102] -> 0x0E20
[406] [M]: 0x80001100 (0x0E20A423) sw sp, 232(ra)
mem[0x800041FC] <- 0xFF76DFC1


mem[X,0x80001104] -> 0x0537
mem[X,0x80001106] -> 0xFC00
[407] [M]: 0x80001104 (0xFC000537) lui a0, 1032192
x10 <- 0xFC000000


mem[X,0x80001108] -> 0x157D
[408] [M]: 0x80001108 (0x157D) c.addi a0, 63
x10 <- 0xFBFFFFFF


mem[X,0x8000110A] -> 0xA031
[409] [M]: 0x8000110A (0xA031) c.j 6


mem[X,0x80001116] -> 0xED3D
[410] [M]: 0x80001116 (0xED3D) c.bnez a0, 63


mem[X,0x80001194] -> 0x010D
[411] [M]: 0x80001194 (0x010D) c.addi sp, 3
x2 <- 0xFF76DFC4


mem[X,0x80001196] -> 0xA623
mem[X,0x80001198] -> 0x0E20
[412] [M]: 0x80001196 (0x0E20A623) sw sp, 236(ra)
mem[0x80004200] <- 0xFF76DFC4


mem[X,0x8000119A] -> 0x0537
mem[X,0x8000119C] -> 0xF800
[413] [M]: 0x8000119A (0xF8000537) lui a0, 1015808
x10 <- 0xF8000000


mem[X,0x8000119E] -> 0x157D
[414] [M]: 0x8000119E (0x157D) c.addi a0, 63
x10 <- 0xF7FFFFFF


mem[X,0x800011A0] -> 0xA031
[415] [M]: 0x800011A0 (0xA031) c.j 6


mem[X,0x800011AC] -> 0xE141
[416] [M]: 0x800011AC (0xE141) c.bnez a0, 64


mem[X,0x8000122C] -> 0x010D
[417] [M]: 0x8000122C (0x010D) c.addi sp, 3
x2 <- 0xFF76DFC7


mem[X,0x8000122E] -> 0xA823
mem[X,0x80001230] -> 0x0E20
[418] [M]: 0x8000122E (0x0E20A823) sw sp, 240(ra)
mem[0x80004204] <- 0xFF76DFC7


mem[X,0x80001232] -> 0x0537
mem[X,0x80001234] -> 0xF000
[419] [M]: 0x80001232 (0xF0000537) lui a0, 983040
x10 <- 0xF0000000


mem[X,0x80001236] -> 0x157D
[420] [M]: 0x80001236 (0x157D) c.addi a0, 63
x10 <- 0xEFFFFFFF


mem[X,0x80001238] -> 0xA819
[421] [M]: 0x80001238 (0xA819) c.j 11


mem[X,0x8000124E] -> 0xF57D
[422] [M]: 0x8000124E (0xF57D) c.bnez a0, 247


mem[X,0x8000123C] -> 0x0113
mem[X,0x8000123E] -> 0x0011
[423] [M]: 0x8000123C (0x00110113) addi sp, sp, 1
x2 <- 0xFF76DFC8


mem[X,0x80001240] -> 0x006F
mem[X,0x80001242] -> 0x01A0
[424] [M]: 0x80001240 (0x01A0006F) jal zero, 26


mem[X,0x8000125A] -> 0xAA23
mem[X,0x8000125C] -> 0x0E20
[425] [M]: 0x8000125A (0x0E20AA23) sw sp, 244(ra)
mem[0x80004208] <- 0xFF76DFC8


mem[X,0x8000125E] -> 0x0537
mem[X,0x80001260] -> 0xE000
[426] [M]: 0x8000125E (0xE0000537) lui a0, 917504
x10 <- 0xE0000000


mem[X,0x80001262] -> 0x157D
[427] [M]: 0x80001262 (0x157D) c.addi a0, 63
x10 <- 0xDFFFFFFF


mem[X,0x80001264] -> 0xA809
[428] [M]: 0x80001264 (0xA809) c.j 9


mem[X,0x80001276] -> 0xF96D
[429] [M]: 0x80001276 (0xF96D) c.bnez a0, 249


mem[X,0x80001268] -> 0x0113
mem[X,0x8000126A] -> 0x0011
[430] [M]: 0x80001268 (0x00110113) addi sp, sp, 1
x2 <- 0xFF76DFC9


mem[X,0x8000126C] -> 0x006F
mem[X,0x8000126E] -> 0x0160
[431] [M]: 0x8000126C (0x0160006F) jal zero, 22


mem[X,0x80001282] -> 0xAC23
mem[X,0x80001284] -> 0x0E20
[432] [M]: 0x80001282 (0x0E20AC23) sw sp, 248(ra)
mem[0x8000420C] <- 0xFF76DFC9


mem[X,0x80001286] -> 0x0537
mem[X,0x80001288] -> 0xC000
[433] [M]: 0x80001286 (0xC0000537) lui a0, 786432
x10 <- 0xC0000000


mem[X,0x8000128A] -> 0x157D
[434] [M]: 0x8000128A (0x157D) c.addi a0, 63
x10 <- 0xBFFFFFFF


mem[X,0x8000128C] -> 0xA809
[435] [M]: 0x8000128C (0xA809) c.j 9


mem[X,0x8000129E] -> 0xF96D
[436] [M]: 0x8000129E (0xF96D) c.bnez a0, 249


mem[X,0x80001290] -> 0x0113
mem[X,0x80001292] -> 0x0011
[437] [M]: 0x80001290 (0x00110113) addi sp, sp, 1
x2 <- 0xFF76DFCA


mem[X,0x80001294] -> 0x006F
mem[X,0x80001296] -> 0x0160
[438] [M]: 0x80001294 (0x0160006F) jal zero, 22


mem[X,0x800012AA] -> 0xAE23
mem[X,0x800012AC] -> 0x0E20
[439] [M]: 0x800012AA (0x0E20AE23) sw sp, 252(ra)
mem[0x80004210] <- 0xFF76DFCA


mem[X,0x800012AE] -> 0x5537
mem[X,0x800012B0] -> 0x5555
[440] [M]: 0x800012AE (0x55555537) lui a0, 349525
x10 <- 0x55555000


mem[X,0x800012B2] -> 0x0513
mem[X,0x800012B4] -> 0x5555
[441] [M]: 0x800012B2 (0x55550513) addi a0, a0, 1365
x10 <- 0x55555555


mem[X,0x800012B6] -> 0xA801
[442] [M]: 0x800012B6 (0xA801) c.j 8


mem[X,0x800012C6] -> 0xF975
[443] [M]: 0x800012C6 (0xF975) c.bnez a0, 250


mem[X,0x800012BA] -> 0x0113
mem[X,0x800012BC] -> 0x0011
[444] [M]: 0x800012BA (0x00110113) addi sp, sp, 1
x2 <- 0xFF76DFCB


mem[X,0x800012BE] -> 0x006F
mem[X,0x800012C0] -> 0x0140
[445] [M]: 0x800012BE (0x0140006F) jal zero, 20


mem[X,0x800012D2] -> 0xA023
mem[X,0x800012D4] -> 0x1020
[446] [M]: 0x800012D2 (0x1020A023) sw sp, 256(ra)
mem[0x80004214] <- 0xFF76DFCB


mem[X,0x800012D6] -> 0xB537
mem[X,0x800012D8] -> 0xAAAA
[447] [M]: 0x800012D6 (0xAAAAB537) lui a0, 699051
x10 <- 0xAAAAB000


mem[X,0x800012DA] -> 0x0513
mem[X,0x800012DC] -> 0xAAA5
[448] [M]: 0x800012DA (0xAAA50513) addi a0, a0, 2730
x10 <- 0xAAAAAAAA


mem[X,0x800012DE] -> 0xA031
[449] [M]: 0x800012DE (0xA031) c.j 6


mem[X,0x800012EA] -> 0xE141
[450] [M]: 0x800012EA (0xE141) c.bnez a0, 64


mem[X,0x8000136A] -> 0x010D
[451] [M]: 0x8000136A (0x010D) c.addi sp, 3
x2 <- 0xFF76DFCE


mem[X,0x8000136C] -> 0xA223
mem[X,0x8000136E] -> 0x1020
[452] [M]: 0x8000136C (0x1020A223) sw sp, 260(ra)
mem[0x80004218] <- 0xFF76DFCE


mem[X,0x80001370] -> 0x450D
[453] [M]: 0x80001370 (0x450D) c.li a0, 3
x10 <- 0x00000003


mem[X,0x80001372] -> 0xA811
[454] [M]: 0x80001372 (0xA811) c.j 10


mem[X,0x80001386] -> 0xF965
[455] [M]: 0x80001386 (0xF965) c.bnez a0, 248


mem[X,0x80001376] -> 0x0113
mem[X,0x80001378] -> 0x0011
[456] [M]: 0x80001376 (0x00110113) addi sp, sp, 1
x2 <- 0xFF76DFCF


mem[X,0x8000137A] -> 0x006F
mem[X,0x8000137C] -> 0x0180
[457] [M]: 0x8000137A (0x0180006F) jal zero, 24


mem[X,0x80001392] -> 0xA423
mem[X,0x80001394] -> 0x1020
[458] [M]: 0x80001392 (0x1020A423) sw sp, 264(ra)
mem[0x8000421C] <- 0xFF76DFCF


mem[X,0x80001396] -> 0x4515
[459] [M]: 0x80001396 (0x4515) c.li a0, 5
x10 <- 0x00000005


mem[X,0x80001398] -> 0xA051
[460] [M]: 0x80001398 (0xA051) c.j 66


mem[X,0x8000141C] -> 0xF141
[461] [M]: 0x8000141C (0xF141) c.bnez a0, 192


mem[X,0x8000139C] -> 0x0113
mem[X,0x8000139E] -> 0x0011
[462] [M]: 0x8000139C (0x00110113) addi sp, sp, 1
x2 <- 0xFF76DFD0


mem[X,0x800013A0] -> 0x006F
mem[X,0x800013A2] -> 0x0880
[463] [M]: 0x800013A0 (0x0880006F) jal zero, 136


mem[X,0x80001428] -> 0xA623
mem[X,0x8000142A] -> 0x1020
[464] [M]: 0x80001428 (0x1020A623) sw sp, 268(ra)
mem[0x80004220] <- 0xFF76DFD0


mem[X,0x8000142C] -> 0x6537
mem[X,0x8000142E] -> 0x6666
[465] [M]: 0x8000142C (0x66666537) lui a0, 419430
x10 <- 0x66666000


mem[X,0x80001430] -> 0x0513
mem[X,0x80001432] -> 0x6665
[466] [M]: 0x80001430 (0x66650513) addi a0, a0, 1638
x10 <- 0x66666666


mem[X,0x80001434] -> 0xA031
[467] [M]: 0x80001434 (0xA031) c.j 6


mem[X,0x80001440] -> 0xE909
[468] [M]: 0x80001440 (0xE909) c.bnez a0, 9


mem[X,0x80001452] -> 0x010D
[469] [M]: 0x80001452 (0x010D) c.addi sp, 3
x2 <- 0xFF76DFD3


mem[X,0x80001454] -> 0xA823
mem[X,0x80001456] -> 0x1020
[470] [M]: 0x80001454 (0x1020A823) sw sp, 272(ra)
mem[0x80004224] <- 0xFF76DFD3


mem[X,0x80001458] -> 0x7555
[471] [M]: 0x80001458 (0x7555) c.lui a0, 53
x10 <- 0xFFFF5000


mem[X,0x8000145A] -> 0x0513
mem[X,0x8000145C] -> 0xAFC5
[472] [M]: 0x8000145A (0xAFC50513) addi a0, a0, 2812
x10 <- 0xFFFF4AFC


mem[X,0x8000145E] -> 0xA031
[473] [M]: 0x8000145E (0xA031) c.j 6


mem[X,0x8000146A] -> 0xED3D
[474] [M]: 0x8000146A (0xED3D) c.bnez a0, 63


mem[X,0x800014E8] -> 0x010D
[475] [M]: 0x800014E8 (0x010D) c.addi sp, 3
x2 <- 0xFF76DFD6


mem[X,0x800014EA] -> 0xAA23
mem[X,0x800014EC] -> 0x1020
[476] [M]: 0x800014EA (0x1020AA23) sw sp, 276(ra)
mem[0x80004228] <- 0xFF76DFD6


mem[X,0x800014EE] -> 0x652D
[477] [M]: 0x800014EE (0x652D) c.lui a0, 11
x10 <- 0x0000B000


mem[X,0x800014F0] -> 0x0513
mem[X,0x800014F2] -> 0x5055
[478] [M]: 0x800014F0 (0x50550513) addi a0, a0, 1285
x10 <- 0x0000B505


mem[X,0x800014F4] -> 0xA811
[479] [M]: 0x800014F4 (0xA811) c.j 10


mem[X,0x80001508] -> 0xF965
[480] [M]: 0x80001508 (0xF965) c.bnez a0, 248


mem[X,0x800014F8] -> 0x0113
mem[X,0x800014FA] -> 0x0011
[481] [M]: 0x800014F8 (0x00110113) addi sp, sp, 1
x2 <- 0xFF76DFD7


mem[X,0x800014FC] -> 0x006F
mem[X,0x800014FE] -> 0x0180
[482] [M]: 0x800014FC (0x0180006F) jal zero, 24


mem[X,0x80001514] -> 0xAC23
mem[X,0x80001516] -> 0x1020
[483] [M]: 0x80001514 (0x1020AC23) sw sp, 280(ra)
mem[0x8000422C] <- 0xFF76DFD7


mem[X,0x80001518] -> 0x7555
[484] [M]: 0x80001518 (0x7555) c.lui a0, 53
x10 <- 0xFFFF5000


mem[X,0x8000151A] -> 0x0513
mem[X,0x8000151C] -> 0xAFD5
[485] [M]: 0x8000151A (0xAFD50513) addi a0, a0, 2813
x10 <- 0xFFFF4AFD


mem[X,0x8000151E] -> 0xA809
[486] [M]: 0x8000151E (0xA809) c.j 9


mem[X,0x80001530] -> 0xF96D
[487] [M]: 0x80001530 (0xF96D) c.bnez a0, 249


mem[X,0x80001522] -> 0x0113
mem[X,0x80001524] -> 0x0011
[488] [M]: 0x80001522 (0x00110113) addi sp, sp, 1
x2 <- 0xFF76DFD8


mem[X,0x80001526] -> 0x006F
mem[X,0x80001528] -> 0x0160
[489] [M]: 0x80001526 (0x0160006F) jal zero, 22


mem[X,0x8000153C] -> 0xAE23
mem[X,0x8000153E] -> 0x1020
[490] [M]: 0x8000153C (0x1020AE23) sw sp, 284(ra)
mem[0x80004230] <- 0xFF76DFD8


mem[X,0x80001540] -> 0x652D
[491] [M]: 0x80001540 (0x652D) c.lui a0, 11
x10 <- 0x0000B000


mem[X,0x80001542] -> 0x0513
mem[X,0x80001544] -> 0x5045
[492] [M]: 0x80001542 (0x50450513) addi a0, a0, 1284
x10 <- 0x0000B504


mem[X,0x80001546] -> 0xA031
[493] [M]: 0x80001546 (0xA031) c.j 6


mem[X,0x80001552] -> 0xE141
[494] [M]: 0x80001552 (0xE141) c.bnez a0, 64


mem[X,0x800015D2] -> 0x010D
[495] [M]: 0x800015D2 (0x010D) c.addi sp, 3
x2 <- 0xFF76DFDB


mem[X,0x800015D4] -> 0xA023
mem[X,0x800015D6] -> 0x1220
[496] [M]: 0x800015D4 (0x1220A023) sw sp, 288(ra)
mem[0x80004234] <- 0xFF76DFDB


mem[X,0x800015D8] -> 0x5537
mem[X,0x800015DA] -> 0x5555
[497] [M]: 0x800015D8 (0x55555537) lui a0, 349525
x10 <- 0x55555000


mem[X,0x800015DC] -> 0x0513
mem[X,0x800015DE] -> 0x5545
[498] [M]: 0x800015DC (0x55450513) addi a0, a0, 1364
x10 <- 0x55555554


mem[X,0x800015E0] -> 0xA031
[499] [M]: 0x800015E0 (0xA031) c.j 6


clint::tick mtime <- 0x0000000000000005
 clint timer pending at mtime 0x0000000000000005
htif::tick 0x0000000000000000
mem[X,0x800015EC] -> 0xE509
[500] [M]: 0x800015EC (0xE509) c.bnez a0, 5


mem[X,0x800015F6] -> 0x010D
[501] [M]: 0x800015F6 (0x010D) c.addi sp, 3
x2 <- 0xFF76DFDE


mem[X,0x800015F8] -> 0xA223
mem[X,0x800015FA] -> 0x1220
[502] [M]: 0x800015F8 (0x1220A223) sw sp, 292(ra)
mem[0x80004238] <- 0xFF76DFDE


mem[X,0x800015FC] -> 0x0537
mem[X,0x800015FE] -> 0xFFF0
[503] [M]: 0x800015FC (0xFFF00537) lui a0, 1048320
x10 <- 0xFFF00000


mem[X,0x80001600] -> 0x157D
[504] [M]: 0x80001600 (0x157D) c.addi a0, 63
x10 <- 0xFFEFFFFF


mem[X,0x80001602] -> 0xA819
[505] [M]: 0x80001602 (0xA819) c.j 11


mem[X,0x80001618] -> 0xF57D
[506] [M]: 0x80001618 (0xF57D) c.bnez a0, 247


mem[X,0x80001606] -> 0x0113
mem[X,0x80001608] -> 0x0011
[507] [M]: 0x80001606 (0x00110113) addi sp, sp, 1
x2 <- 0xFF76DFDF


mem[X,0x8000160A] -> 0x006F
mem[X,0x8000160C] -> 0x01A0
[508] [M]: 0x8000160A (0x01A0006F) jal zero, 26


mem[X,0x80001624] -> 0xA423
mem[X,0x80001626] -> 0x1220
[509] [M]: 0x80001624 (0x1220A423) sw sp, 296(ra)
mem[0x8000423C] <- 0xFF76DFDF


mem[X,0x80001628] -> 0x6537
mem[X,0x8000162A] -> 0x6666
[510] [M]: 0x80001628 (0x66666537) lui a0, 419430
x10 <- 0x66666000


mem[X,0x8000162C] -> 0x0513
mem[X,0x8000162E] -> 0x6675
[511] [M]: 0x8000162C (0x66750513) addi a0, a0, 1639
x10 <- 0x66666667


mem[X,0x80001630] -> 0xA031
[512] [M]: 0x80001630 (0xA031) c.j 6


mem[X,0x8000163C] -> 0xE105
[513] [M]: 0x8000163C (0xE105) c.bnez a0, 16


mem[X,0x8000165C] -> 0x010D
[514] [M]: 0x8000165C (0x010D) c.addi sp, 3
x2 <- 0xFF76DFE2


mem[X,0x8000165E] -> 0xA623
mem[X,0x80001660] -> 0x1220
[515] [M]: 0x8000165E (0x1220A623) sw sp, 300(ra)
mem[0x80004240] <- 0xFF76DFE2


mem[X,0x80001662] -> 0x3537
mem[X,0x80001664] -> 0x3333
[516] [M]: 0x80001662 (0x33333537) lui a0, 209715
x10 <- 0x33333000


mem[X,0x80001666] -> 0x0513
mem[X,0x80001668] -> 0x3325
[517] [M]: 0x80001666 (0x33250513) addi a0, a0, 818
x10 <- 0x33333332


mem[X,0x8000166A] -> 0xA811
[518] [M]: 0x8000166A (0xA811) c.j 10


mem[X,0x8000167E] -> 0xF965
[519] [M]: 0x8000167E (0xF965) c.bnez a0, 248


mem[X,0x8000166E] -> 0x0113
mem[X,0x80001670] -> 0x0011
[520] [M]: 0x8000166E (0x00110113) addi sp, sp, 1
x2 <- 0xFF76DFE3


mem[X,0x80001672] -> 0x006F
mem[X,0x80001674] -> 0x0180
[521] [M]: 0x80001672 (0x0180006F) jal zero, 24


mem[X,0x8000168A] -> 0xA823
mem[X,0x8000168C] -> 0x1220
[522] [M]: 0x8000168A (0x1220A823) sw sp, 304(ra)
mem[0x80004244] <- 0xFF76DFE3


mem[X,0x8000168E] -> 0x6537
mem[X,0x80001690] -> 0x6666
[523] [M]: 0x8000168E (0x66666537) lui a0, 419430
x10 <- 0x66666000


mem[X,0x80001692] -> 0x0513
mem[X,0x80001694] -> 0x6655
[524] [M]: 0x80001692 (0x66550513) addi a0, a0, 1637
x10 <- 0x66666665


mem[X,0x80001696] -> 0xA031
[525] [M]: 0x80001696 (0xA031) c.j 6


mem[X,0x800016A2] -> 0xE121
[526] [M]: 0x800016A2 (0xE121) c.bnez a0, 32


mem[X,0x800016E2] -> 0x010D
[527] [M]: 0x800016E2 (0x010D) c.addi sp, 3
x2 <- 0xFF76DFE6


mem[X,0x800016E4] -> 0xAA23
mem[X,0x800016E6] -> 0x1220
[528] [M]: 0x800016E4 (0x1220AA23) sw sp, 308(ra)
mem[0x80004248] <- 0xFF76DFE6


mem[X,0x800016E8] -> 0x652D
[529] [M]: 0x800016E8 (0x652D) c.lui a0, 11
x10 <- 0x0000B000


mem[X,0x800016EA] -> 0x0513
mem[X,0x800016EC] -> 0x5035
[530] [M]: 0x800016EA (0x50350513) addi a0, a0, 1283
x10 <- 0x0000B503


mem[X,0x800016EE] -> 0xA099
[531] [M]: 0x800016EE (0xA099) c.j 35


mem[X,0x80001734] -> 0xFD5D
[532] [M]: 0x80001734 (0xFD5D) c.bnez a0, 223


mem[X,0x800016F2] -> 0x0113
mem[X,0x800016F4] -> 0x0011
[533] [M]: 0x800016F2 (0x00110113) addi sp, sp, 1
x2 <- 0xFF76DFE7


mem[X,0x800016F6] -> 0x006F
mem[X,0x800016F8] -> 0x04A0
[534] [M]: 0x800016F6 (0x04A0006F) jal zero, 74


mem[X,0x80001740] -> 0xAC23
mem[X,0x80001742] -> 0x1220
[535] [M]: 0x80001740 (0x1220AC23) sw sp, 312(ra)
mem[0x8000424C] <- 0xFF76DFE7


mem[X,0x80001744] -> 0x5537
mem[X,0x80001746] -> 0x5555
[536] [M]: 0x80001744 (0x55555537) lui a0, 349525
x10 <- 0x55555000


mem[X,0x80001748] -> 0x0513
mem[X,0x8000174A] -> 0x5565
[537] [M]: 0x80001748 (0x55650513) addi a0, a0, 1366
x10 <- 0x55555556


mem[X,0x8000174C] -> 0xA031
[538] [M]: 0x8000174C (0xA031) c.j 6


mem[X,0x80001758] -> 0xE509
[539] [M]: 0x80001758 (0xE509) c.bnez a0, 5


mem[X,0x80001762] -> 0x010D
[540] [M]: 0x80001762 (0x010D) c.addi sp, 3
x2 <- 0xFF76DFEA


mem[X,0x80001764] -> 0xAE23
mem[X,0x80001766] -> 0x1220
[541] [M]: 0x80001764 (0x1220AE23) sw sp, 316(ra)
mem[0x80004250] <- 0xFF76DFEA


mem[X,0x80001768] -> 0xB537
mem[X,0x8000176A] -> 0xAAAA
[542] [M]: 0x80001768 (0xAAAAB537) lui a0, 699051
x10 <- 0xAAAAB000


mem[X,0x8000176C] -> 0x0513
mem[X,0x8000176E] -> 0xAAB5
[543] [M]: 0x8000176C (0xAAB50513) addi a0, a0, 2731
x10 <- 0xAAAAAAAB


mem[X,0x80001770] -> 0xA809
[544] [M]: 0x80001770 (0xA809) c.j 9


mem[X,0x80001782] -> 0xF96D
[545] [M]: 0x80001782 (0xF96D) c.bnez a0, 249


mem[X,0x80001774] -> 0x0113
mem[X,0x80001776] -> 0x0011
[546] [M]: 0x80001774 (0x00110113) addi sp, sp, 1
x2 <- 0xFF76DFEB


mem[X,0x80001778] -> 0x006F
mem[X,0x8000177A] -> 0x0160
[547] [M]: 0x80001778 (0x0160006F) jal zero, 22


mem[X,0x8000178E] -> 0xA023
mem[X,0x80001790] -> 0x1420
[548] [M]: 0x8000178E (0x1420A023) sw sp, 320(ra)
mem[0x80004254] <- 0xFF76DFEB


mem[X,0x80001792] -> 0x4519
[549] [M]: 0x80001792 (0x4519) c.li a0, 6
x10 <- 0x00000006


mem[X,0x80001794] -> 0xA051
[550] [M]: 0x80001794 (0xA051) c.j 66


mem[X,0x80001818] -> 0xF141
[551] [M]: 0x80001818 (0xF141) c.bnez a0, 192


mem[X,0x80001798] -> 0x0113
mem[X,0x8000179A] -> 0x0011
[552] [M]: 0x80001798 (0x00110113) addi sp, sp, 1
x2 <- 0xFF76DFEC


mem[X,0x8000179C] -> 0x006F
mem[X,0x8000179E] -> 0x0880
[553] [M]: 0x8000179C (0x0880006F) jal zero, 136


mem[X,0x80001824] -> 0xA223
mem[X,0x80001826] -> 0x1420
[554] [M]: 0x80001824 (0x1420A223) sw sp, 324(ra)
mem[0x80004258] <- 0xFF76DFEC


mem[X,0x80001828] -> 0x3537
mem[X,0x8000182A] -> 0x3333
[555] [M]: 0x80001828 (0x33333537) lui a0, 209715
x10 <- 0x33333000


mem[X,0x8000182C] -> 0x0513
mem[X,0x8000182E] -> 0x3345
[556] [M]: 0x8000182C (0x33450513) addi a0, a0, 820
x10 <- 0x33333334


mem[X,0x80001830] -> 0xA809
[557] [M]: 0x80001830 (0xA809) c.j 9


mem[X,0x80001842] -> 0xF96D
[558] [M]: 0x80001842 (0xF96D) c.bnez a0, 249


mem[X,0x80001834] -> 0x0113
mem[X,0x80001836] -> 0x0011
[559] [M]: 0x80001834 (0x00110113) addi sp, sp, 1
x2 <- 0xFF76DFED


mem[X,0x80001838] -> 0x006F
mem[X,0x8000183A] -> 0x0160
[560] [M]: 0x80001838 (0x0160006F) jal zero, 22


mem[X,0x8000184E] -> 0xA423
mem[X,0x80001850] -> 0x1420
[561] [M]: 0x8000184E (0x1420A423) sw sp, 328(ra)
mem[0x8000425C] <- 0xFF76DFED


mem[X,0x80001852] -> 0x0537
mem[X,0x80001854] -> 0xFFE0
[562] [M]: 0x80001852 (0xFFE00537) lui a0, 1048064
x10 <- 0xFFE00000


mem[X,0x80001856] -> 0x157D
[563] [M]: 0x80001856 (0x157D) c.addi a0, 63
x10 <- 0xFFDFFFFF


mem[X,0x80001858] -> 0xA845
[564] [M]: 0x80001858 (0xA845) c.j 88


mem[X,0x80001908] -> 0xF931
[565] [M]: 0x80001908 (0xF931) c.bnez a0, 170


mem[X,0x8000185C] -> 0x0113
mem[X,0x8000185E] -> 0x0011
[566] [M]: 0x8000185C (0x00110113) addi sp, sp, 1
x2 <- 0xFF76DFEE


mem[X,0x80001860] -> 0x006F
mem[X,0x80001862] -> 0x0B40
[567] [M]: 0x80001860 (0x0B40006F) jal zero, 180


mem[X,0x80001914] -> 0xA623
mem[X,0x80001916] -> 0x1420
[568] [M]: 0x80001914 (0x1420A623) sw sp, 332(ra)
mem[0x80004260] <- 0xFF76DFEE


mem[X,0x80001918] -> 0x0537
mem[X,0x8000191A] -> 0xFFC0
[569] [M]: 0x80001918 (0xFFC00537) lui a0, 1047552
x10 <- 0xFFC00000


mem[X,0x8000191C] -> 0x157D
[570] [M]: 0x8000191C (0x157D) c.addi a0, 63
x10 <- 0xFFBFFFFF


mem[X,0x8000191E] -> 0xA819
[571] [M]: 0x8000191E (0xA819) c.j 11


mem[X,0x80001934] -> 0xF57D
[572] [M]: 0x80001934 (0xF57D) c.bnez a0, 247


mem[X,0x80001922] -> 0x0113
mem[X,0x80001924] -> 0x0011
[573] [M]: 0x80001922 (0x00110113) addi sp, sp, 1
x2 <- 0xFF76DFEF


mem[X,0x80001926] -> 0x006F
mem[X,0x80001928] -> 0x01A0
[574] [M]: 0x80001926 (0x01A0006F) jal zero, 26


mem[X,0x80001940] -> 0xA823
mem[X,0x80001942] -> 0x1420
[575] [M]: 0x80001940 (0x1420A823) sw sp, 336(ra)
mem[0x80004264] <- 0xFF76DFEF


mem[X,0x80001944] -> 0x006F
mem[X,0x80001946] -> 0x0200
[576] [M]: 0x80001944 (0x0200006F) jal zero, 32


mem[X,0x80001964] -> 0x4085
[577] [M]: 0x80001964 (0x4085) c.li ra, 1
x1 <- 0x00000001


mem[X,0x80001966] -> 0x0F17
mem[X,0x80001968] -> 0x0000
[578] [M]: 0x80001966 (0x00000F17) auipc t5, 0
x30 <- 0x80001966


mem[X,0x8000196A] -> 0x2D23
mem[X,0x8000196C] -> 0x681F
[579] [M]: 0x8000196A (0x681F2D23) sw ra, 1690(t5)
htif[0x80002000] <- 0x00000001


mem[X,0x8000196E] -> 0xBFE5
[580] [M]: 0x8000196E (0xBFE5) c.j 2044


mem[X,0x80001966] -> 0x0F17
mem[X,0x80001968] -> 0x0000
[581] [M]: 0x80001966 (0x00000F17) auipc t5, 0
x30 <- 0x80001966


mem[X,0x8000196A] -> 0x2D23
mem[X,0x8000196C] -> 0x681F
[582] [M]: 0x8000196A (0x681F2D23) sw ra, 1690(t5)
htif[0x80002000] <- 0x00000001


mem[X,0x8000196E] -> 0xBFE5
[583] [M]: 0x8000196E (0xBFE5) c.j 2044


mem[X,0x80001966] -> 0x0F17
mem[X,0x80001968] -> 0x0000
[584] [M]: 0x80001966 (0x00000F17) auipc t5, 0
x30 <- 0x80001966


mem[X,0x8000196A] -> 0x2D23
mem[X,0x8000196C] -> 0x681F
[585] [M]: 0x8000196A (0x681F2D23) sw ra, 1690(t5)
htif[0x80002000] <- 0x00000001
htif-syscall-proxy cmd: 0x000000000001

SUCCESS
