using /home/force/Desktop/work/compliance_testing/our_riscv/work/riscof_work/I/src/blt-01.S/ref/Reference-sail_c_simulator.signature for test-signature output.
[Sail] Allocating new block 0x80000000
tohost located at 0x80037000
[Sail] Allocating new block 0x0

Running file ref.elf.
ELF Entry @ 0x80000000
begin_signature: 0x80039110
end_signature: 0x80039a30
CSR mstatus <- 0x00000000 (input: 0x00000000)
mem[X,0x00001000] -> 0x0297
mem[X,0x00001002] -> 0x0000
[0] [M]: 0x00001000 (0x00000297) auipc t0, 0
x5 <- 0x00001000


mem[X,0x00001004] -> 0x8593
mem[X,0x00001006] -> 0x0202
[1] [M]: 0x00001004 (0x02028593) addi a1, t0, 32
x11 <- 0x00001020


mem[X,0x00001008] -> 0x2573
mem[X,0x0000100A] -> 0xF140
[2] [M]: 0x00001008 (0xF1402573) csrrs a0, mhartid, zero
CSR mhartid -> 0x00000000
x10 <- 0x00000000


mem[X,0x0000100C] -> 0xA283
mem[X,0x0000100E] -> 0x0182
[3] [M]: 0x0000100C (0x0182A283) lw t0, 24(t0)
mem[R,0x00001018] -> 0x80000000
x5 <- 0x80000000


mem[X,0x00001010] -> 0x8067
mem[X,0x00001012] -> 0x0002
[4] [M]: 0x00001010 (0x00028067) jalr zero, t0, 0


mem[X,0x80000000] -> 0xC0B7
mem[X,0x80000002] -> 0xFEED
[5] [M]: 0x80000000 (0xFEEDC0B7) lui ra, 1044188
x1 <- 0xFEEDC000


mem[X,0x80000004] -> 0x8093
mem[X,0x80000006] -> 0xEAD0
[6] [M]: 0x80000004 (0xEAD08093) addi ra, ra, 3757
x1 <- 0xFEEDBEAD


mem[X,0x80000008] -> 0xE137
mem[X,0x8000000A] -> 0xFF76
[7] [M]: 0x80000008 (0xFF76E137) lui sp, 1046382
x2 <- 0xFF76E000


mem[X,0x8000000C] -> 0x0113
mem[X,0x8000000E] -> 0xF561
[8] [M]: 0x8000000C (0xF5610113) addi sp, sp, 3926
x2 <- 0xFF76DF56


mem[X,0x80000010] -> 0x71B7
mem[X,0x80000012] -> 0x7FBB
[9] [M]: 0x80000010 (0x7FBB71B7) lui gp, 523191
x3 <- 0x7FBB7000


mem[X,0x80000014] -> 0x8193
mem[X,0x80000016] -> 0xFAB1
[10] [M]: 0x80000014 (0xFAB18193) addi gp, gp, 4011
x3 <- 0x7FBB6FAB


mem[X,0x80000018] -> 0xB237
mem[X,0x8000001A] -> 0xBFDD
[11] [M]: 0x80000018 (0xBFDDB237) lui tp, 785883
x4 <- 0xBFDDB000


mem[X,0x8000001C] -> 0x0213
mem[X,0x8000001E] -> 0x7D52
[12] [M]: 0x8000001C (0x7D520213) addi tp, tp, 2005
x4 <- 0xBFDDB7D5


mem[X,0x80000020] -> 0x0297
mem[X,0x80000022] -> 0x0000
[13] [M]: 0x80000020 (0x00000297) auipc t0, 0
x5 <- 0x80000020


mem[X,0x80000024] -> 0x8293
mem[X,0x80000026] -> 0x0882
[14] [M]: 0x80000024 (0x08828293) addi t0, t0, 136
x5 <- 0x800000A8


mem[X,0x80000028] -> 0x0013
mem[X,0x8000002A] -> 0x0000
[15] [M]: 0x80000028 (0x00000013) addi zero, zero, 0


mem[X,0x8000002C] -> 0x0013
mem[X,0x8000002E] -> 0x0000
[16] [M]: 0x8000002C (0x00000013) addi zero, zero, 0


mem[X,0x80000030] -> 0x0013
mem[X,0x80000032] -> 0x0000
[17] [M]: 0x80000030 (0x00000013) addi zero, zero, 0


mem[X,0x80000034] -> 0x0013
mem[X,0x80000036] -> 0x0000
[18] [M]: 0x80000034 (0x00000013) addi zero, zero, 0


mem[X,0x80000038] -> 0x0013
mem[X,0x8000003A] -> 0x0000
[19] [M]: 0x80000038 (0x00000013) addi zero, zero, 0


mem[X,0x8000003C] -> 0x0013
mem[X,0x8000003E] -> 0x0000
[20] [M]: 0x8000003C (0x00000013) addi zero, zero, 0


mem[X,0x80000040] -> 0x8317
mem[X,0x80000042] -> 0x0003
[21] [M]: 0x80000040 (0x00038317) auipc t1, 56
x6 <- 0x80038040


mem[X,0x80000044] -> 0x0313
mem[X,0x80000046] -> 0xFC03
[22] [M]: 0x80000044 (0xFC030313) addi t1, t1, 4032
x6 <- 0x80038000


mem[X,0x80000048] -> 0x0013
mem[X,0x8000004A] -> 0x0000
[23] [M]: 0x80000048 (0x00000013) addi zero, zero, 0


mem[X,0x8000004C] -> 0x0013
mem[X,0x8000004E] -> 0x0000
[24] [M]: 0x8000004C (0x00000013) addi zero, zero, 0


mem[X,0x80000050] -> 0x0013
mem[X,0x80000052] -> 0x0000
[25] [M]: 0x80000050 (0x00000013) addi zero, zero, 0


mem[X,0x80000054] -> 0x0013
mem[X,0x80000056] -> 0x0000
[26] [M]: 0x80000054 (0x00000013) addi zero, zero, 0


mem[X,0x80000058] -> 0x0013
mem[X,0x8000005A] -> 0x0000
[27] [M]: 0x80000058 (0x00000013) addi zero, zero, 0


mem[X,0x8000005C] -> 0x0013
mem[X,0x8000005E] -> 0x0000
[28] [M]: 0x8000005C (0x00000013) addi zero, zero, 0


mem[X,0x80000060] -> 0xB3B7
mem[X,0x80000062] -> 0xB7FB
[29] [M]: 0x80000060 (0xB7FBB3B7) lui t2, 753595
x7 <- 0xB7FBB000


mem[X,0x80000064] -> 0x8393
mem[X,0x80000066] -> 0x6FA3
[30] [M]: 0x80000064 (0x6FA38393) addi t2, t2, 1786
x7 <- 0xB7FBB6FA


mem[X,0x80000068] -> 0xE437
mem[X,0x8000006A] -> 0x5BFD
[31] [M]: 0x80000068 (0x5BFDE437) lui fp, 376798
x8 <- 0x5BFDE000


mem[X,0x8000006C] -> 0x0413
mem[X,0x8000006E] -> 0xB7D4
[32] [M]: 0x8000006C (0xB7D40413) addi fp, fp, 2941
x8 <- 0x5BFDDB7D


mem[X,0x80000070] -> 0xF4B7
mem[X,0x80000072] -> 0xADFE
[33] [M]: 0x80000070 (0xADFEF4B7) lui s1, 712687
x9 <- 0xADFEF000


mem[X,0x80000074] -> 0x8493
mem[X,0x80000076] -> 0xDBE4
[34] [M]: 0x80000074 (0xDBE48493) addi s1, s1, 3518
x9 <- 0xADFEEDBE


mem[X,0x80000078] -> 0x7537
mem[X,0x8000007A] -> 0x56FF
[35] [M]: 0x80000078 (0x56FF7537) lui a0, 356343
x10 <- 0x56FF7000


mem[X,0x8000007C] -> 0x0513
mem[X,0x8000007E] -> 0x6DF5
[36] [M]: 0x8000007C (0x6DF50513) addi a0, a0, 1759
x10 <- 0x56FF76DF


mem[X,0x80000080] -> 0xC5B7
mem[X,0x80000082] -> 0xAB7F
[37] [M]: 0x80000080 (0xAB7FC5B7) lui a1, 702460
x11 <- 0xAB7FC000


mem[X,0x80000084] -> 0x8593
mem[X,0x80000086] -> 0xB6F5
[38] [M]: 0x80000084 (0xB6F58593) addi a1, a1, 2927
x11 <- 0xAB7FBB6F


mem[X,0x80000088] -> 0xE637
mem[X,0x8000008A] -> 0xD5BF
[39] [M]: 0x80000088 (0xD5BFE637) lui a2, 875518
x12 <- 0xD5BFE000


mem[X,0x8000008C] -> 0x0613
mem[X,0x8000008E] -> 0xDB76
[40] [M]: 0x8000008C (0xDB760613) addi a2, a2, 3511
x12 <- 0xD5BFDDB7


mem[X,0x80000090] -> 0xF6B7
mem[X,0x80000092] -> 0xEADF
[41] [M]: 0x80000090 (0xEADFF6B7) lui a3, 962047
x13 <- 0xEADFF000


mem[X,0x80000094] -> 0x8693
mem[X,0x80000096] -> 0xEDB6
[42] [M]: 0x80000094 (0xEDB68693) addi a3, a3, 3803
x13 <- 0xEADFEEDB


mem[X,0x80000098] -> 0xF737
mem[X,0x8000009A] -> 0xF56F
[43] [M]: 0x80000098 (0xF56FF737) lui a4, 1005311
x14 <- 0xF56FF000


mem[X,0x8000009C] -> 0x0713
mem[X,0x8000009E] -> 0x76D7
[44] [M]: 0x8000009C (0x76D70713) addi a4, a4, 1901
x14 <- 0xF56FF76D


mem[X,0x800000A0] -> 0x07B7
mem[X,0x800000A2] -> 0xFAB8
[45] [M]: 0x800000A0 (0xFAB807B7) lui a5, 1026944
x15 <- 0xFAB80000


mem[X,0x800000A4] -> 0x8793
mem[X,0x800000A6] -> 0xBB67
[46] [M]: 0x800000A4 (0xBB678793) addi a5, a5, 2998
x15 <- 0xFAB7FBB6


mem[X,0x800000A8] -> 0x0013
mem[X,0x800000AA] -> 0x0000
[47] [M]: 0x800000A8 (0x00000013) addi zero, zero, 0


mem[X,0x800000AC] -> 0x0013
mem[X,0x800000AE] -> 0x0000
[48] [M]: 0x800000AC (0x00000013) addi zero, zero, 0


mem[X,0x800000B0] -> 0x0013
mem[X,0x800000B2] -> 0x0000
[49] [M]: 0x800000B0 (0x00000013) addi zero, zero, 0


mem[X,0x800000B4] -> 0x0013
mem[X,0x800000B6] -> 0x0000
[50] [M]: 0x800000B4 (0x00000013) addi zero, zero, 0


mem[X,0x800000B8] -> 0x0013
mem[X,0x800000BA] -> 0x0000
[51] [M]: 0x800000B8 (0x00000013) addi zero, zero, 0


mem[X,0x800000BC] -> 0x0013
mem[X,0x800000BE] -> 0x0000
[52] [M]: 0x800000BC (0x00000013) addi zero, zero, 0


mem[X,0x800000C0] -> 0x9297
mem[X,0x800000C2] -> 0x0003
[53] [M]: 0x800000C0 (0x00039297) auipc t0, 57
x5 <- 0x800390C0


mem[X,0x800000C4] -> 0x8293
mem[X,0x800000C6] -> 0x0542
[54] [M]: 0x800000C4 (0x05428293) addi t0, t0, 84
x5 <- 0x80039114


mem[X,0x800000C8] -> 0x0013
mem[X,0x800000CA] -> 0x0000
[55] [M]: 0x800000C8 (0x00000013) addi zero, zero, 0


mem[X,0x800000CC] -> 0x0013
mem[X,0x800000CE] -> 0x0000
[56] [M]: 0x800000CC (0x00000013) addi zero, zero, 0


mem[X,0x800000D0] -> 0x0013
mem[X,0x800000D2] -> 0x0000
[57] [M]: 0x800000D0 (0x00000013) addi zero, zero, 0


mem[X,0x800000D4] -> 0x0013
mem[X,0x800000D6] -> 0x0000
[58] [M]: 0x800000D4 (0x00000013) addi zero, zero, 0


mem[X,0x800000D8] -> 0x0013
mem[X,0x800000DA] -> 0x0000
[59] [M]: 0x800000D8 (0x00000013) addi zero, zero, 0


mem[X,0x800000DC] -> 0x0013
mem[X,0x800000DE] -> 0x0000
[60] [M]: 0x800000DC (0x00000013) addi zero, zero, 0


mem[X,0x800000E0] -> 0x0093
mem[X,0x800000E2] -> 0x0040
[61] [M]: 0x800000E0 (0x00400093) addi ra, zero, 4
x1 <- 0x00000004


mem[X,0x800000E4] -> 0x0093
mem[X,0x800000E6] -> 0x0040
[62] [M]: 0x800000E4 (0x00400093) addi ra, zero, 4
x1 <- 0x00000004


mem[X,0x800000E8] -> 0x0613
mem[X,0x800000EA] -> 0x0000
[63] [M]: 0x800000E8 (0x00000613) addi a2, zero, 0
x12 <- 0x00000000


mem[X,0x800000EC] -> 0x006F
mem[X,0x800000EE] -> 0x00C0
[64] [M]: 0x800000EC (0x00C0006F) jal zero, 12


mem[X,0x800000F8] -> 0xC063
mem[X,0x800000FA] -> 0x0810
[65] [M]: 0x800000F8 (0x0810C063) blt ra, ra, 128


mem[X,0x800000FC] -> 0x0613
mem[X,0x800000FE] -> 0x0026
[66] [M]: 0x800000FC (0x00260613) addi a2, a2, 2
x12 <- 0x00000002


mem[X,0x80000100] -> 0x006F
mem[X,0x80000102] -> 0x0800
[67] [M]: 0x80000100 (0x0800006F) jal zero, 128


mem[X,0x80000180] -> 0xA023
mem[X,0x80000182] -> 0x00C2
[68] [M]: 0x80000180 (0x00C2A023) sw a2, 0(t0)
mem[0x80039114] <- 0x00000002


mem[X,0x80000184] -> 0x0713
mem[X,0x80000186] -> 0x0040
[69] [M]: 0x80000184 (0x00400713) addi a4, zero, 4
x14 <- 0x00000004


mem[X,0x80000188] -> 0x05B7
mem[X,0x8000018A] -> 0xE000
[70] [M]: 0x80000188 (0xE00005B7) lui a1, 917504
x11 <- 0xE0000000


mem[X,0x8000018C] -> 0x8593
mem[X,0x8000018E] -> 0xFFF5
[71] [M]: 0x8000018C (0xFFF58593) addi a1, a1, 4095
x11 <- 0xDFFFFFFF


mem[X,0x80000190] -> 0x0613
mem[X,0x80000192] -> 0x0000
[72] [M]: 0x80000190 (0x00000613) addi a2, zero, 0
x12 <- 0x00000000


mem[X,0x80000194] -> 0x006F
mem[X,0x80000196] -> 0x00C0
[73] [M]: 0x80000194 (0x00C0006F) jal zero, 12


mem[X,0x800001A0] -> 0x4663
mem[X,0x800001A2] -> 0x00B7
[74] [M]: 0x800001A0 (0x00B74663) blt a4, a1, 12


mem[X,0x800001A4] -> 0x0613
mem[X,0x800001A6] -> 0x0026
[75] [M]: 0x800001A4 (0x00260613) addi a2, a2, 2
x12 <- 0x00000002


mem[X,0x800001A8] -> 0x006F
mem[X,0x800001AA] -> 0x00C0
[76] [M]: 0x800001A8 (0x00C0006F) jal zero, 12


mem[X,0x800001B4] -> 0xA223
mem[X,0x800001B6] -> 0x00C2
[77] [M]: 0x800001B4 (0x00C2A223) sw a2, 4(t0)
mem[0x80039118] <- 0x00000002


mem[X,0x800001B8] -> 0x0237
mem[X,0x800001BA] -> 0xE000
[78] [M]: 0x800001B8 (0xE0000237) lui tp, 917504
x4 <- 0xE0000000


mem[X,0x800001BC] -> 0x0213
mem[X,0x800001BE] -> 0xFFF2
[79] [M]: 0x800001BC (0xFFF20213) addi tp, tp, 4095
x4 <- 0xDFFFFFFF


mem[X,0x800001C0] -> 0x0B37
mem[X,0x800001C2] -> 0xC000
[80] [M]: 0x800001C0 (0xC0000B37) lui s6, 786432
x22 <- 0xC0000000


mem[X,0x800001C4] -> 0x0613
mem[X,0x800001C6] -> 0x0000
[81] [M]: 0x800001C4 (0x00000613) addi a2, zero, 0
x12 <- 0x00000000


mem[X,0x800001C8] -> 0x006F
mem[X,0x800001CA] -> 0x0140
[82] [M]: 0x800001C8 (0x0140006F) jal zero, 20


mem[X,0x800001DC] -> 0x48E3
mem[X,0x800001DE] -> 0xFF62
[83] [M]: 0x800001DC (0xFF6248E3) blt tp, s6, 8176


mem[X,0x800001E0] -> 0x0613
mem[X,0x800001E2] -> 0x0026
[84] [M]: 0x800001E0 (0x00260613) addi a2, a2, 2
x12 <- 0x00000002


mem[X,0x800001E4] -> 0x006F
mem[X,0x800001E6] -> 0x00C0
[85] [M]: 0x800001E4 (0x00C0006F) jal zero, 12


mem[X,0x800001F0] -> 0xA423
mem[X,0x800001F2] -> 0x00C2
[86] [M]: 0x800001F0 (0x00C2A423) sw a2, 8(t0)
mem[0x8003911C] <- 0x00000002


mem[X,0x800001F4] -> 0x0A37
mem[X,0x800001F6] -> 0xFFF0
[87] [M]: 0x800001F4 (0xFFF00A37) lui s4, 1048320
x20 <- 0xFFF00000


mem[X,0x800001F8] -> 0x0A13
mem[X,0x800001FA] -> 0xFFFA
[88] [M]: 0x800001F8 (0xFFFA0A13) addi s4, s4, 4095
x20 <- 0xFFEFFFFF


mem[X,0x800001FC] -> 0x0C93
mem[X,0x800001FE] -> 0x0010
[89] [M]: 0x800001FC (0x00100C93) addi s9, zero, 1
x25 <- 0x00000001


mem[X,0x80000200] -> 0x0613
mem[X,0x80000202] -> 0x0000
[90] [M]: 0x80000200 (0x00000613) addi a2, zero, 0
x12 <- 0x00000000


mem[X,0x80000204] -> 0x006F
mem[X,0x80000206] -> 0x00C0
[91] [M]: 0x80000204 (0x00C0006F) jal zero, 12


mem[X,0x80000210] -> 0x4063
mem[X,0x80000212] -> 0x039A
[92] [M]: 0x80000210 (0x039A4063) blt s4, s9, 32


mem[X,0x80000230] -> 0x0613
mem[X,0x80000232] -> 0x0036
[93] [M]: 0x80000230 (0x00360613) addi a2, a2, 3
x12 <- 0x00000003


mem[X,0x80000234] -> 0x006F
mem[X,0x80000236] -> 0x0040
[94] [M]: 0x80000234 (0x0040006F) jal zero, 4


mem[X,0x80000238] -> 0xA623
mem[X,0x8000023A] -> 0x00C2
[95] [M]: 0x80000238 (0x00C2A623) sw a2, 12(t0)
mem[0x80039120] <- 0x00000003


mem[X,0x8000023C] -> 0x06B7
mem[X,0x8000023E] -> 0x8000
[96] [M]: 0x8000023C (0x800006B7) lui a3, 524288
x13 <- 0x80000000


mem[X,0x80000240] -> 0x0EB7
mem[X,0x80000242] -> 0x8000
[97] [M]: 0x80000240 (0x80000EB7) lui t4, 524288
x29 <- 0x80000000


mem[X,0x80000244] -> 0x0613
mem[X,0x80000246] -> 0x0000
[98] [M]: 0x80000244 (0x00000613) addi a2, zero, 0
x12 <- 0x00000000


mem[X,0x80000248] -> 0x006F
mem[X,0x8000024A] -> 0x00C0
[99] [M]: 0x80000248 (0x00C0006F) jal zero, 12


clint::tick mtime <- 0x0000000000000001
 clint timer pending at mtime 0x0000000000000001
htif::tick 0x0000000000000000
mem[X,0x80000254] -> 0xC663
mem[X,0x80000256] -> 0x01D6
[100] [M]: 0x80000254 (0x01D6C663) blt a3, t4, 12


mem[X,0x80000258] -> 0x0613
mem[X,0x8000025A] -> 0x0026
[101] [M]: 0x80000258 (0x00260613) addi a2, a2, 2
x12 <- 0x00000002


mem[X,0x8000025C] -> 0x006F
mem[X,0x8000025E] -> 0x00C0
[102] [M]: 0x8000025C (0x00C0006F) jal zero, 12


mem[X,0x80000268] -> 0xA823
mem[X,0x8000026A] -> 0x00C2
[103] [M]: 0x80000268 (0x00C2A823) sw a2, 16(t0)
mem[0x80039124] <- 0x00000002


mem[X,0x8000026C] -> 0x0C37
mem[X,0x8000026E] -> 0x0100
[104] [M]: 0x8000026C (0x01000C37) lui s8, 4096
x24 <- 0x01000000


mem[X,0x80000270] -> 0x01B7
mem[X,0x80000272] -> 0x0100
[105] [M]: 0x80000270 (0x010001B7) lui gp, 4096
x3 <- 0x01000000


mem[X,0x80000274] -> 0x0613
mem[X,0x80000276] -> 0x0000
[106] [M]: 0x80000274 (0x00000613) addi a2, zero, 0
x12 <- 0x00000000


mem[X,0x80000278] -> 0x006F
mem[X,0x8000027A] -> 0x0050
[107] [M]: 0x80000278 (0x0050006F) jal zero, 2052


mem[X,0x80000A7C] -> 0x40E3
mem[X,0x80000A7E] -> 0x803C
[108] [M]: 0x80000A7C (0x803C40E3) blt s8, gp, 6144


mem[X,0x80000A80] -> 0x0613
mem[X,0x80000A82] -> 0x0026
[109] [M]: 0x80000A80 (0x00260613) addi a2, a2, 2
x12 <- 0x00000002


mem[X,0x80000A84] -> 0x006F
mem[X,0x80000A86] -> 0x00C0
[110] [M]: 0x80000A84 (0x00C0006F) jal zero, 12


mem[X,0x80000A90] -> 0xAA23
mem[X,0x80000A92] -> 0x00C2
[111] [M]: 0x80000A90 (0x00C2AA23) sw a2, 20(t0)
mem[0x80039128] <- 0x00000002


mem[X,0x80000A94] -> 0x0893
mem[X,0x80000A96] -> 0xFEF0
[112] [M]: 0x80000A94 (0xFEF00893) addi a7, zero, 4079
x17 <- 0xFFFFFFEF


mem[X,0x80000A98] -> 0x2437
mem[X,0x80000A9A] -> 0x0000
[113] [M]: 0x80000A98 (0x00002437) lui fp, 2
x8 <- 0x00002000


mem[X,0x80000A9C] -> 0x0613
mem[X,0x80000A9E] -> 0x0000
[114] [M]: 0x80000A9C (0x00000613) addi a2, zero, 0
x12 <- 0x00000000


mem[X,0x80000AA0] -> 0x006F
mem[X,0x80000AA2] -> 0x00C0
[115] [M]: 0x80000AA0 (0x00C0006F) jal zero, 12


mem[X,0x80000AAC] -> 0xCCE3
mem[X,0x80000AAE] -> 0xFE88
[116] [M]: 0x80000AAC (0xFE88CCE3) blt a7, fp, 8184


mem[X,0x80000AA4] -> 0x0613
mem[X,0x80000AA6] -> 0x0016
[117] [M]: 0x80000AA4 (0x00160613) addi a2, a2, 1
x12 <- 0x00000001


mem[X,0x80000AA8] -> 0x006F
mem[X,0x80000AAA] -> 0x0180
[118] [M]: 0x80000AA8 (0x0180006F) jal zero, 24


mem[X,0x80000AC0] -> 0xAC23
mem[X,0x80000AC2] -> 0x00C2
[119] [M]: 0x80000AC0 (0x00C2AC23) sw a2, 24(t0)
mem[0x8003912C] <- 0x00000001


mem[X,0x80000AC4] -> 0x0137
mem[X,0x80000AC6] -> 0x0020
[120] [M]: 0x80000AC4 (0x00200137) lui sp, 512
x2 <- 0x00200000


mem[X,0x80000AC8] -> 0x0013
mem[X,0x80000ACA] -> 0x0000
[121] [M]: 0x80000AC8 (0x00000013) addi zero, zero, 0


mem[X,0x80000ACC] -> 0x0613
mem[X,0x80000ACE] -> 0x0000
[122] [M]: 0x80000ACC (0x00000613) addi a2, zero, 0
x12 <- 0x00000000


mem[X,0x80000AD0] -> 0x006F
mem[X,0x80000AD2] -> 0x0140
[123] [M]: 0x80000AD0 (0x0140006F) jal zero, 20


mem[X,0x80000AE4] -> 0x48E3
mem[X,0x80000AE6] -> 0xFE01
[124] [M]: 0x80000AE4 (0xFE0148E3) blt sp, zero, 8176


mem[X,0x80000AE8] -> 0x0613
mem[X,0x80000AEA] -> 0x0026
[125] [M]: 0x80000AE8 (0x00260613) addi a2, a2, 2
x12 <- 0x00000002


mem[X,0x80000AEC] -> 0x006F
mem[X,0x80000AEE] -> 0x00C0
[126] [M]: 0x80000AEC (0x00C0006F) jal zero, 12


mem[X,0x80000AF8] -> 0xAE23
mem[X,0x80000AFA] -> 0x00C2
[127] [M]: 0x80000AF8 (0x00C2AE23) sw a2, 28(t0)
mem[0x80039130] <- 0x00000002


mem[X,0x80000AFC] -> 0x0F93
mem[X,0x80000AFE] -> 0x0050
[128] [M]: 0x80000AFC (0x00500F93) addi t6, zero, 5
x31 <- 0x00000005


mem[X,0x80000B00] -> 0x0A93
mem[X,0x80000B02] -> 0x0080
[129] [M]: 0x80000B00 (0x00800A93) addi s5, zero, 8
x21 <- 0x00000008


mem[X,0x80000B04] -> 0x0613
mem[X,0x80000B06] -> 0x0000
[130] [M]: 0x80000B04 (0x00000613) addi a2, zero, 0
x12 <- 0x00000000


mem[X,0x80000B08] -> 0x006F
mem[X,0x80000B0A] -> 0x00C0
[131] [M]: 0x80000B08 (0x00C0006F) jal zero, 12


mem[X,0x80000B14] -> 0xCCE3
mem[X,0x80000B16] -> 0xFF5F
[132] [M]: 0x80000B14 (0xFF5FCCE3) blt t6, s5, 8184


mem[X,0x80000B0C] -> 0x0613
mem[X,0x80000B0E] -> 0x0016
[133] [M]: 0x80000B0C (0x00160613) addi a2, a2, 1
x12 <- 0x00000001


mem[X,0x80000B10] -> 0x006F
mem[X,0x80000B12] -> 0x0180
[134] [M]: 0x80000B10 (0x0180006F) jal zero, 24


mem[X,0x80000B28] -> 0xA023
mem[X,0x80000B2A] -> 0x02C2
[135] [M]: 0x80000B28 (0x02C2A023) sw a2, 32(t0)
mem[0x80039134] <- 0x00000001


mem[X,0x80000B2C] -> 0x8E37
mem[X,0x80000B2E] -> 0xFFFF
[136] [M]: 0x80000B2C (0xFFFF8E37) lui t3, 1048568
x28 <- 0xFFFF8000


mem[X,0x80000B30] -> 0x0E13
mem[X,0x80000B32] -> 0xFFFE
[137] [M]: 0x80000B30 (0xFFFE0E13) addi t3, t3, 4095
x28 <- 0xFFFF7FFF


mem[X,0x80000B34] -> 0x0313
mem[X,0x80000B36] -> 0x0100
[138] [M]: 0x80000B34 (0x01000313) addi t1, zero, 16
x6 <- 0x00000010


mem[X,0x80000B38] -> 0x0613
mem[X,0x80000B3A] -> 0x0000
[139] [M]: 0x80000B38 (0x00000613) addi a2, zero, 0
x12 <- 0x00000000


mem[X,0x80000B3C] -> 0x006F
mem[X,0x80000B3E] -> 0x0050
[140] [M]: 0x80000B3C (0x0050006F) jal zero, 2052


mem[X,0x80001340] -> 0x40E3
mem[X,0x80001342] -> 0x806E
[141] [M]: 0x80001340 (0x806E40E3) blt t3, t1, 6144


mem[X,0x80000B40] -> 0x0613
mem[X,0x80000B42] -> 0x0016
[142] [M]: 0x80000B40 (0x00160613) addi a2, a2, 1
x12 <- 0x00000001


mem[X,0x80000B44] -> 0x006F
mem[X,0x80000B46] -> 0x0110
[143] [M]: 0x80000B44 (0x0110006F) jal zero, 2064


mem[X,0x80001354] -> 0xA223
mem[X,0x80001356] -> 0x02C2
[144] [M]: 0x80001354 (0x02C2A223) sw a2, 36(t0)
mem[0x80039138] <- 0x00000001


mem[X,0x80001358] -> 0x1F37
mem[X,0x8000135A] -> 0x0000
[145] [M]: 0x80001358 (0x00001F37) lui t5, 1
x30 <- 0x00001000


mem[X,0x8000135C] -> 0x0113
mem[X,0x8000135E] -> 0x0200
[146] [M]: 0x8000135C (0x02000113) addi sp, zero, 32
x2 <- 0x00000020


mem[X,0x80001360] -> 0x0613
mem[X,0x80001362] -> 0x0000
[147] [M]: 0x80001360 (0x00000613) addi a2, zero, 0
x12 <- 0x00000000


mem[X,0x80001364] -> 0x006F
mem[X,0x80001366] -> 0x00C0
[148] [M]: 0x80001364 (0x00C0006F) jal zero, 12


mem[X,0x80001370] -> 0x4663
mem[X,0x80001372] -> 0x002F
[149] [M]: 0x80001370 (0x002F4663) blt t5, sp, 12


mem[X,0x80001374] -> 0x0613
mem[X,0x80001376] -> 0x0026
[150] [M]: 0x80001374 (0x00260613) addi a2, a2, 2
x12 <- 0x00000002


mem[X,0x80001378] -> 0x006F
mem[X,0x8000137A] -> 0x00C0
[151] [M]: 0x80001378 (0x00C0006F) jal zero, 12


mem[X,0x80001384] -> 0xA423
mem[X,0x80001386] -> 0x02C2
[152] [M]: 0x80001384 (0x02C2A423) sw a2, 40(t0)
mem[0x8003913C] <- 0x00000002


mem[X,0x80001388] -> 0xB9B7
mem[X,0x8000138A] -> 0x0000
[153] [M]: 0x80001388 (0x0000B9B7) lui s3, 11
x19 <- 0x0000B000


mem[X,0x8000138C] -> 0x8993
mem[X,0x8000138E] -> 0x5059
[154] [M]: 0x8000138C (0x50598993) addi s3, s3, 1285
x19 <- 0x0000B505


mem[X,0x80001390] -> 0x0913
mem[X,0x80001392] -> 0x0400
[155] [M]: 0x80001390 (0x04000913) addi s2, zero, 64
x18 <- 0x00000040


mem[X,0x80001394] -> 0x0613
mem[X,0x80001396] -> 0x0000
[156] [M]: 0x80001394 (0x00000613) addi a2, zero, 0
x12 <- 0x00000000


mem[X,0x80001398] -> 0x006F
mem[X,0x8000139A] -> 0x2B10
[157] [M]: 0x80001398 (0x2B10006F) jal zero, 2736


mem[X,0x80001E48] -> 0xCA63
mem[X,0x80001E4A] -> 0xD529
[158] [M]: 0x80001E48 (0xD529CA63) blt s3, s2, 5460


mem[X,0x80001E4C] -> 0x0613
mem[X,0x80001E4E] -> 0x0026
[159] [M]: 0x80001E4C (0x00260613) addi a2, a2, 2
x12 <- 0x00000002


mem[X,0x80001E50] -> 0x006F
mem[X,0x80001E52] -> 0x00C0
[160] [M]: 0x80001E50 (0x00C0006F) jal zero, 12


mem[X,0x80001E5C] -> 0xA623
mem[X,0x80001E5E] -> 0x02C2
[161] [M]: 0x80001E5C (0x02C2A623) sw a2, 44(t0)
mem[0x80039140] <- 0x00000002


mem[X,0x80001E60] -> 0x0C93
mem[X,0x80001E62] -> 0x0040
[162] [M]: 0x80001E60 (0x00400C93) addi s9, zero, 4
x25 <- 0x00000004


mem[X,0x80001E64] -> 0x0C13
mem[X,0x80001E66] -> 0x0800
[163] [M]: 0x80001E64 (0x08000C13) addi s8, zero, 128
x24 <- 0x00000080


mem[X,0x80001E68] -> 0x0613
mem[X,0x80001E6A] -> 0x0000
[164] [M]: 0x80001E68 (0x00000613) addi a2, zero, 0
x12 <- 0x00000000


mem[X,0x80001E6C] -> 0x006F
mem[X,0x80001E6E] -> 0x00C0
[165] [M]: 0x80001E6C (0x00C0006F) jal zero, 12


mem[X,0x80001E78] -> 0xC663
mem[X,0x80001E7A] -> 0x018C
[166] [M]: 0x80001E78 (0x018CC663) blt s9, s8, 12


mem[X,0x80001E84] -> 0x0613
mem[X,0x80001E86] -> 0x0036
[167] [M]: 0x80001E84 (0x00360613) addi a2, a2, 3
x12 <- 0x00000003


mem[X,0x80001E88] -> 0x006F
mem[X,0x80001E8A] -> 0x0040
[168] [M]: 0x80001E88 (0x0040006F) jal zero, 4


mem[X,0x80001E8C] -> 0xA823
mem[X,0x80001E8E] -> 0x02C2
[169] [M]: 0x80001E8C (0x02C2A823) sw a2, 48(t0)
mem[0x80039144] <- 0x00000003


mem[X,0x80001E90] -> 0x63B7
mem[X,0x80001E92] -> 0x6666
[170] [M]: 0x80001E90 (0x666663B7) lui t2, 419430
x7 <- 0x66666000


mem[X,0x80001E94] -> 0x8393
mem[X,0x80001E96] -> 0x6673
[171] [M]: 0x80001E94 (0x66738393) addi t2, t2, 1639
x7 <- 0x66666667


mem[X,0x80001E98] -> 0x0793
mem[X,0x80001E9A] -> 0x1000
[172] [M]: 0x80001E98 (0x10000793) addi a5, zero, 256
x15 <- 0x00000100


mem[X,0x80001E9C] -> 0x0613
mem[X,0x80001E9E] -> 0x0000
[173] [M]: 0x80001E9C (0x00000613) addi a2, zero, 0
x12 <- 0x00000000


mem[X,0x80001EA0] -> 0x006F
mem[X,0x80001EA2] -> 0x00C0
[174] [M]: 0x80001EA0 (0x00C0006F) jal zero, 12


mem[X,0x80001EAC] -> 0xC063
mem[X,0x80001EAE] -> 0x40F3
[175] [M]: 0x80001EAC (0x40F3C063) blt t2, a5, 1024


mem[X,0x80001EB0] -> 0x0613
mem[X,0x80001EB2] -> 0x0026
[176] [M]: 0x80001EB0 (0x00260613) addi a2, a2, 2
x12 <- 0x00000002


mem[X,0x80001EB4] -> 0x006F
mem[X,0x80001EB6] -> 0x4000
[177] [M]: 0x80001EB4 (0x4000006F) jal zero, 1024


mem[X,0x800022B4] -> 0xAA23
mem[X,0x800022B6] -> 0x02C2
[178] [M]: 0x800022B4 (0x02C2AA23) sw a2, 52(t0)
mem[0x80039148] <- 0x00000002


mem[X,0x800022B8] -> 0x0013
mem[X,0x800022BA] -> 0x0000
[179] [M]: 0x800022B8 (0x00000013) addi zero, zero, 0


mem[X,0x800022BC] -> 0x0493
mem[X,0x800022BE] -> 0x2000
[180] [M]: 0x800022BC (0x20000493) addi s1, zero, 512
x9 <- 0x00000200


mem[X,0x800022C0] -> 0x0613
mem[X,0x800022C2] -> 0x0000
[181] [M]: 0x800022C0 (0x00000613) addi a2, zero, 0
x12 <- 0x00000000


mem[X,0x800022C4] -> 0x006F
mem[X,0x800022C6] -> 0x00C0
[182] [M]: 0x800022C4 (0x00C0006F) jal zero, 12


mem[X,0x800022D0] -> 0x4063
mem[X,0x800022D2] -> 0x2090
[183] [M]: 0x800022D0 (0x20904063) blt zero, s1, 512


mem[X,0x800024D0] -> 0x0613
mem[X,0x800024D2] -> 0x0036
[184] [M]: 0x800024D0 (0x00360613) addi a2, a2, 3
x12 <- 0x00000003


mem[X,0x800024D4] -> 0x006F
mem[X,0x800024D6] -> 0x0040
[185] [M]: 0x800024D4 (0x0040006F) jal zero, 4


mem[X,0x800024D8] -> 0xAC23
mem[X,0x800024DA] -> 0x02C2
[186] [M]: 0x800024D8 (0x02C2AC23) sw a2, 56(t0)
mem[0x8003914C] <- 0x00000003


mem[X,0x800024DC] -> 0x0537
mem[X,0x800024DE] -> 0x0040
[187] [M]: 0x800024DC (0x00400537) lui a0, 1024
x10 <- 0x00400000


mem[X,0x800024E0] -> 0x0893
mem[X,0x800024E2] -> 0x4000
[188] [M]: 0x800024E0 (0x40000893) addi a7, zero, 1024
x17 <- 0x00000400


mem[X,0x800024E4] -> 0x0613
mem[X,0x800024E6] -> 0x0000
[189] [M]: 0x800024E4 (0x00000613) addi a2, zero, 0
x12 <- 0x00000000


mem[X,0x800024E8] -> 0x006F
mem[X,0x800024EA] -> 0x00C0
[190] [M]: 0x800024E8 (0x00C0006F) jal zero, 12


mem[X,0x800024F4] -> 0x4663
mem[X,0x800024F6] -> 0x0115
[191] [M]: 0x800024F4 (0x01154663) blt a0, a7, 12


mem[X,0x800024F8] -> 0x0613
mem[X,0x800024FA] -> 0x0026
[192] [M]: 0x800024F8 (0x00260613) addi a2, a2, 2
x12 <- 0x00000002


mem[X,0x800024FC] -> 0x006F
mem[X,0x800024FE] -> 0x00C0
[193] [M]: 0x800024FC (0x00C0006F) jal zero, 12


mem[X,0x80002508] -> 0xAE23
mem[X,0x8000250A] -> 0x02C2
[194] [M]: 0x80002508 (0x02C2AE23) sw a2, 60(t0)
mem[0x80039150] <- 0x00000002


mem[X,0x8000250C] -> 0x0837
mem[X,0x8000250E] -> 0xFC00
[195] [M]: 0x8000250C (0xFC000837) lui a6, 1032192
x16 <- 0xFC000000


mem[X,0x80002510] -> 0x0813
mem[X,0x80002512] -> 0xFFF8
[196] [M]: 0x80002510 (0xFFF80813) addi a6, a6, 4095
x16 <- 0xFBFFFFFF


mem[X,0x80002514] -> 0x1E37
mem[X,0x80002516] -> 0x0000
[197] [M]: 0x80002514 (0x00001E37) lui t3, 1
x28 <- 0x00001000


mem[X,0x80002518] -> 0x0E13
mem[X,0x8000251A] -> 0x800E
[198] [M]: 0x80002518 (0x800E0E13) addi t3, t3, 2048
x28 <- 0x00000800


mem[X,0x8000251C] -> 0x0613
mem[X,0x8000251E] -> 0x0000
[199] [M]: 0x8000251C (0x00000613) addi a2, zero, 0
x12 <- 0x00000000


clint::tick mtime <- 0x0000000000000002
 clint timer pending at mtime 0x0000000000000002
htif::tick 0x0000000000000000
mem[X,0x80002520] -> 0x006F
mem[X,0x80002522] -> 0x00C0
[200] [M]: 0x80002520 (0x00C0006F) jal zero, 12


mem[X,0x8000252C] -> 0x4663
mem[X,0x8000252E] -> 0x01C8
[201] [M]: 0x8000252C (0x01C84663) blt a6, t3, 12


mem[X,0x80002538] -> 0x0613
mem[X,0x8000253A] -> 0x0036
[202] [M]: 0x80002538 (0x00360613) addi a2, a2, 3
x12 <- 0x00000003


mem[X,0x8000253C] -> 0x006F
mem[X,0x8000253E] -> 0x0040
[203] [M]: 0x8000253C (0x0040006F) jal zero, 4


mem[X,0x80002540] -> 0xA023
mem[X,0x80002542] -> 0x04C2
[204] [M]: 0x80002540 (0x04C2A023) sw a2, 64(t0)
mem[0x80039154] <- 0x00000003


mem[X,0x80002544] -> 0x0413
mem[X,0x80002546] -> 0x0080
[205] [M]: 0x80002544 (0x00800413) addi fp, zero, 8
x8 <- 0x00000008


mem[X,0x80002548] -> 0x1DB7
mem[X,0x8000254A] -> 0x0000
[206] [M]: 0x80002548 (0x00001DB7) lui s11, 1
x27 <- 0x00001000


mem[X,0x8000254C] -> 0x0613
mem[X,0x8000254E] -> 0x0000
[207] [M]: 0x8000254C (0x00000613) addi a2, zero, 0
x12 <- 0x00000000


mem[X,0x80002550] -> 0x006F
mem[X,0x80002552] -> 0x0180
[208] [M]: 0x80002550 (0x0180006F) jal zero, 24


mem[X,0x80002568] -> 0x46E3
mem[X,0x8000256A] -> 0xFFB4
[209] [M]: 0x80002568 (0xFFB446E3) blt fp, s11, 8172


mem[X,0x80002554] -> 0x0613
mem[X,0x80002556] -> 0x0016
[210] [M]: 0x80002554 (0x00160613) addi a2, a2, 1
x12 <- 0x00000001


mem[X,0x80002558] -> 0x006F
mem[X,0x8000255A] -> 0x0240
[211] [M]: 0x80002558 (0x0240006F) jal zero, 36


mem[X,0x8000257C] -> 0xA223
mem[X,0x8000257E] -> 0x04C2
[212] [M]: 0x8000257C (0x04C2A223) sw a2, 68(t0)
mem[0x80039158] <- 0x00000001


mem[X,0x80002580] -> 0x0313
mem[X,0x80002582] -> 0x0030
[213] [M]: 0x80002580 (0x00300313) addi t1, zero, 3
x6 <- 0x00000003


mem[X,0x80002584] -> 0x4A37
mem[X,0x80002586] -> 0x0000
[214] [M]: 0x80002584 (0x00004A37) lui s4, 4
x20 <- 0x00004000


mem[X,0x80002588] -> 0x0113
mem[X,0x8000258A] -> 0x0000
[215] [M]: 0x80002588 (0x00000113) addi sp, zero, 0
x2 <- 0x00000000


mem[X,0x8000258C] -> 0x006F
mem[X,0x8000258E] -> 0x0140
[216] [M]: 0x8000258C (0x0140006F) jal zero, 20


mem[X,0x800025A0] -> 0x48E3
mem[X,0x800025A2] -> 0xFF43
[217] [M]: 0x800025A0 (0xFF4348E3) blt t1, s4, 8176


mem[X,0x80002590] -> 0x0113
mem[X,0x80002592] -> 0x0011
[218] [M]: 0x80002590 (0x00110113) addi sp, sp, 1
x2 <- 0x00000001


mem[X,0x80002594] -> 0x006F
mem[X,0x80002596] -> 0x0200
[219] [M]: 0x80002594 (0x0200006F) jal zero, 32


mem[X,0x800025B4] -> 0xA423
mem[X,0x800025B6] -> 0x0422
[220] [M]: 0x800025B4 (0x0422A423) sw sp, 72(t0)
mem[0x8003915C] <- 0x00000001


mem[X,0x800025B8] -> 0xF5B7
mem[X,0x800025BA] -> 0xFFFF
[221] [M]: 0x800025B8 (0xFFFFF5B7) lui a1, 1048575
x11 <- 0xFFFFF000


mem[X,0x800025BC] -> 0x8593
mem[X,0x800025BE] -> 0xFFF5
[222] [M]: 0x800025BC (0xFFF58593) addi a1, a1, 4095
x11 <- 0xFFFFEFFF


mem[X,0x800025C0] -> 0x8737
mem[X,0x800025C2] -> 0x0000
[223] [M]: 0x800025C0 (0x00008737) lui a4, 8
x14 <- 0x00008000


mem[X,0x800025C4] -> 0x0113
mem[X,0x800025C6] -> 0x0000
[224] [M]: 0x800025C4 (0x00000113) addi sp, zero, 0
x2 <- 0x00000000


mem[X,0x800025C8] -> 0x006F
mem[X,0x800025CA] -> 0x0100
[225] [M]: 0x800025C8 (0x0100006F) jal zero, 16


mem[X,0x800025D8] -> 0xCAE3
mem[X,0x800025DA] -> 0xFEE5
[226] [M]: 0x800025D8 (0xFEE5CAE3) blt a1, a4, 8180


mem[X,0x800025CC] -> 0x0113
mem[X,0x800025CE] -> 0x0011
[227] [M]: 0x800025CC (0x00110113) addi sp, sp, 1
x2 <- 0x00000001


mem[X,0x800025D0] -> 0x006F
mem[X,0x800025D2] -> 0x01C0
[228] [M]: 0x800025D0 (0x01C0006F) jal zero, 28


mem[X,0x800025EC] -> 0xA623
mem[X,0x800025EE] -> 0x0422
[229] [M]: 0x800025EC (0x0422A623) sw sp, 76(t0)
mem[0x80039160] <- 0x00000001


mem[X,0x800025F0] -> 0x07B7
mem[X,0x800025F2] -> 0xF800
[230] [M]: 0x800025F0 (0xF80007B7) lui a5, 1015808
x15 <- 0xF8000000


mem[X,0x800025F4] -> 0x8793
mem[X,0x800025F6] -> 0xFFF7
[231] [M]: 0x800025F4 (0xFFF78793) addi a5, a5, 4095
x15 <- 0xF7FFFFFF


mem[X,0x800025F8] -> 0x0BB7
mem[X,0x800025FA] -> 0x0001
[232] [M]: 0x800025F8 (0x00010BB7) lui s7, 16
x23 <- 0x00010000


mem[X,0x800025FC] -> 0x0113
mem[X,0x800025FE] -> 0x0000
[233] [M]: 0x800025FC (0x00000113) addi sp, zero, 0
x2 <- 0x00000000


mem[X,0x80002600] -> 0x006F
mem[X,0x80002602] -> 0x0050
[234] [M]: 0x80002600 (0x0050006F) jal zero, 2052


mem[X,0x80002E04] -> 0xC0E3
mem[X,0x80002E06] -> 0x8177
[235] [M]: 0x80002E04 (0x8177C0E3) blt a5, s7, 6144


mem[X,0x80002604] -> 0x0113
mem[X,0x80002606] -> 0x0011
[236] [M]: 0x80002604 (0x00110113) addi sp, sp, 1
x2 <- 0x00000001


mem[X,0x80002608] -> 0x006F
mem[X,0x8000260A] -> 0x0110
[237] [M]: 0x80002608 (0x0110006F) jal zero, 2064


mem[X,0x80002E18] -> 0xA823
mem[X,0x80002E1A] -> 0x0422
[238] [M]: 0x80002E18 (0x0422A823) sw sp, 80(t0)
mem[0x80039164] <- 0x00000001


mem[X,0x80002E1C] -> 0x0013
mem[X,0x80002E1E] -> 0x0000
[239] [M]: 0x80002E1C (0x00000013) addi zero, zero, 0


mem[X,0x80002E20] -> 0x6097
mem[X,0x80002E22] -> 0x0003
[240] [M]: 0x80002E20 (0x00036097) auipc ra, 54
x1 <- 0x80038E20


mem[X,0x80002E24] -> 0x8093
mem[X,0x80002E26] -> 0x3480
[241] [M]: 0x80002E24 (0x34808093) addi ra, ra, 840
x1 <- 0x80039168


mem[X,0x80002E28] -> 0x0013
mem[X,0x80002E2A] -> 0x0000
[242] [M]: 0x80002E28 (0x00000013) addi zero, zero, 0


mem[X,0x80002E2C] -> 0x0013
mem[X,0x80002E2E] -> 0x0000
[243] [M]: 0x80002E2C (0x00000013) addi zero, zero, 0


mem[X,0x80002E30] -> 0x0013
mem[X,0x80002E32] -> 0x0000
[244] [M]: 0x80002E30 (0x00000013) addi zero, zero, 0


mem[X,0x80002E34] -> 0x0013
mem[X,0x80002E36] -> 0x0000
[245] [M]: 0x80002E34 (0x00000013) addi zero, zero, 0


mem[X,0x80002E38] -> 0x0013
mem[X,0x80002E3A] -> 0x0000
[246] [M]: 0x80002E38 (0x00000013) addi zero, zero, 0


mem[X,0x80002E3C] -> 0x0013
mem[X,0x80002E3E] -> 0x0000
[247] [M]: 0x80002E3C (0x00000013) addi zero, zero, 0


mem[X,0x80002E40] -> 0x4937
mem[X,0x80002E42] -> 0x0000
[248] [M]: 0x80002E40 (0x00004937) lui s2, 4
x18 <- 0x00004000


mem[X,0x80002E44] -> 0x0FB7
mem[X,0x80002E46] -> 0x0002
[249] [M]: 0x80002E44 (0x00020FB7) lui t6, 32
x31 <- 0x00020000


mem[X,0x80002E48] -> 0x0113
mem[X,0x80002E4A] -> 0x0000
[250] [M]: 0x80002E48 (0x00000113) addi sp, zero, 0
x2 <- 0x00000000


mem[X,0x80002E4C] -> 0x006F
mem[X,0x80002E4E] -> 0x00C0
[251] [M]: 0x80002E4C (0x00C0006F) jal zero, 12


mem[X,0x80002E58] -> 0x4063
mem[X,0x80002E5A] -> 0x05F9
[252] [M]: 0x80002E58 (0x05F94063) blt s2, t6, 64


mem[X,0x80002E98] -> 0x0113
mem[X,0x80002E9A] -> 0x0031
[253] [M]: 0x80002E98 (0x00310113) addi sp, sp, 3
x2 <- 0x00000003


mem[X,0x80002E9C] -> 0x006F
mem[X,0x80002E9E] -> 0x0040
[254] [M]: 0x80002E9C (0x0040006F) jal zero, 4


mem[X,0x80002EA0] -> 0xA023
mem[X,0x80002EA2] -> 0x0020
[255] [M]: 0x80002EA0 (0x0020A023) sw sp, 0(ra)
mem[0x80039168] <- 0x00000003


mem[X,0x80002EA4] -> 0x1AB7
mem[X,0x80002EA6] -> 0x0000
[256] [M]: 0x80002EA4 (0x00001AB7) lui s5, 1
x21 <- 0x00001000


mem[X,0x80002EA8] -> 0x0D37
mem[X,0x80002EAA] -> 0x0004
[257] [M]: 0x80002EA8 (0x00040D37) lui s10, 64
x26 <- 0x00040000


mem[X,0x80002EAC] -> 0x0113
mem[X,0x80002EAE] -> 0x0000
[258] [M]: 0x80002EAC (0x00000113) addi sp, zero, 0
x2 <- 0x00000000


mem[X,0x80002EB0] -> 0x006F
mem[X,0x80002EB2] -> 0x00C0
[259] [M]: 0x80002EB0 (0x00C0006F) jal zero, 12


mem[X,0x80002EBC] -> 0xCCE3
mem[X,0x80002EBE] -> 0xFFAA
[260] [M]: 0x80002EBC (0xFFAACCE3) blt s5, s10, 8184


mem[X,0x80002EB4] -> 0x0113
mem[X,0x80002EB6] -> 0x0011
[261] [M]: 0x80002EB4 (0x00110113) addi sp, sp, 1
x2 <- 0x00000001


mem[X,0x80002EB8] -> 0x006F
mem[X,0x80002EBA] -> 0x0180
[262] [M]: 0x80002EB8 (0x0180006F) jal zero, 24


mem[X,0x80002ED0] -> 0xA223
mem[X,0x80002ED2] -> 0x0020
[263] [M]: 0x80002ED0 (0x0020A223) sw sp, 4(ra)
mem[0x8003916C] <- 0x00000001


mem[X,0x80002ED4] -> 0x0D37
mem[X,0x80002ED6] -> 0x1000
[264] [M]: 0x80002ED4 (0x10000D37) lui s10, 65536
x26 <- 0x10000000


mem[X,0x80002ED8] -> 0x0237
mem[X,0x80002EDA] -> 0x0008
[265] [M]: 0x80002ED8 (0x00080237) lui tp, 128
x4 <- 0x00080000


mem[X,0x80002EDC] -> 0x0113
mem[X,0x80002EDE] -> 0x0000
[266] [M]: 0x80002EDC (0x00000113) addi sp, zero, 0
x2 <- 0x00000000


mem[X,0x80002EE0] -> 0x006F
mem[X,0x80002EE2] -> 0x00C0
[267] [M]: 0x80002EE0 (0x00C0006F) jal zero, 12


mem[X,0x80002EEC] -> 0x4CE3
mem[X,0x80002EEE] -> 0xFE4D
[268] [M]: 0x80002EEC (0xFE4D4CE3) blt s10, tp, 8184


mem[X,0x80002EF0] -> 0x0113
mem[X,0x80002EF2] -> 0x0021
[269] [M]: 0x80002EF0 (0x00210113) addi sp, sp, 2
x2 <- 0x00000002


mem[X,0x80002EF4] -> 0x006F
mem[X,0x80002EF6] -> 0x00C0
[270] [M]: 0x80002EF4 (0x00C0006F) jal zero, 12


mem[X,0x80002F00] -> 0xA423
mem[X,0x80002F02] -> 0x0020
[271] [M]: 0x80002F00 (0x0020A423) sw sp, 8(ra)
mem[0x80039170] <- 0x00000002


mem[X,0x80002F04] -> 0x3EB7
mem[X,0x80002F06] -> 0x3333
[272] [M]: 0x80002F04 (0x33333EB7) lui t4, 209715
x29 <- 0x33333000


mem[X,0x80002F08] -> 0x8E93
mem[X,0x80002F0A] -> 0x334E
[273] [M]: 0x80002F08 (0x334E8E93) addi t4, t4, 820
x29 <- 0x33333334


mem[X,0x80002F0C] -> 0x09B7
mem[X,0x80002F0E] -> 0x0010
[274] [M]: 0x80002F0C (0x001009B7) lui s3, 256
x19 <- 0x00100000


mem[X,0x80002F10] -> 0x0113
mem[X,0x80002F12] -> 0x0000
[275] [M]: 0x80002F10 (0x00000113) addi sp, zero, 0
x2 <- 0x00000000


mem[X,0x80002F14] -> 0x006F
mem[X,0x80002F16] -> 0x00C0
[276] [M]: 0x80002F14 (0x00C0006F) jal zero, 12


mem[X,0x80002F20] -> 0xC063
mem[X,0x80002F22] -> 0x113E
[277] [M]: 0x80002F20 (0x113EC063) blt t4, s3, 256


mem[X,0x80002F24] -> 0x0113
mem[X,0x80002F26] -> 0x0021
[278] [M]: 0x80002F24 (0x00210113) addi sp, sp, 2
x2 <- 0x00000002


mem[X,0x80002F28] -> 0x006F
mem[X,0x80002F2A] -> 0x1000
[279] [M]: 0x80002F28 (0x1000006F) jal zero, 256


mem[X,0x80003028] -> 0xA623
mem[X,0x8000302A] -> 0x0020
[280] [M]: 0x80003028 (0x0020A623) sw sp, 12(ra)
mem[0x80039174] <- 0x00000002


mem[X,0x8000302C] -> 0x0293
mem[X,0x8000302E] -> 0xFF70
[281] [M]: 0x8000302C (0xFF700293) addi t0, zero, 4087
x5 <- 0xFFFFFFF7


mem[X,0x80003030] -> 0x0637
mem[X,0x80003032] -> 0x0020
[282] [M]: 0x80003030 (0x00200637) lui a2, 512
x12 <- 0x00200000


mem[X,0x80003034] -> 0x0113
mem[X,0x80003036] -> 0x0000
[283] [M]: 0x80003034 (0x00000113) addi sp, zero, 0
x2 <- 0x00000000


mem[X,0x80003038] -> 0x006F
mem[X,0x8000303A] -> 0x00C0
[284] [M]: 0x80003038 (0x00C0006F) jal zero, 12


mem[X,0x80003044] -> 0xC063
mem[X,0x80003046] -> 0x08C2
[285] [M]: 0x80003044 (0x08C2C063) blt t0, a2, 128


mem[X,0x800030C4] -> 0x0113
mem[X,0x800030C6] -> 0x0031
[286] [M]: 0x800030C4 (0x00310113) addi sp, sp, 3
x2 <- 0x00000003


mem[X,0x800030C8] -> 0x006F
mem[X,0x800030CA] -> 0x0040
[287] [M]: 0x800030C8 (0x0040006F) jal zero, 4


mem[X,0x800030CC] -> 0xA823
mem[X,0x800030CE] -> 0x0020
[288] [M]: 0x800030CC (0x0020A823) sw sp, 16(ra)
mem[0x80039178] <- 0x00000003


mem[X,0x800030D0] -> 0x0193
mem[X,0x800030D2] -> 0x0020
[289] [M]: 0x800030D0 (0x00200193) addi gp, zero, 2
x3 <- 0x00000002


mem[X,0x800030D4] -> 0x02B7
mem[X,0x800030D6] -> 0x0040
[290] [M]: 0x800030D4 (0x004002B7) lui t0, 1024
x5 <- 0x00400000


mem[X,0x800030D8] -> 0x0113
mem[X,0x800030DA] -> 0x0000
[291] [M]: 0x800030D8 (0x00000113) addi sp, zero, 0
x2 <- 0x00000000


mem[X,0x800030DC] -> 0x006F
mem[X,0x800030DE] -> 0x00C0
[292] [M]: 0x800030DC (0x00C0006F) jal zero, 12


mem[X,0x800030E8] -> 0xC863
mem[X,0x800030EA] -> 0x0051
[293] [M]: 0x800030E8 (0x0051C863) blt gp, t0, 16


mem[X,0x800030F8] -> 0x0113
mem[X,0x800030FA] -> 0x0031
[294] [M]: 0x800030F8 (0x00310113) addi sp, sp, 3
x2 <- 0x00000003


mem[X,0x800030FC] -> 0x006F
mem[X,0x800030FE] -> 0x0040
[295] [M]: 0x800030FC (0x0040006F) jal zero, 4


mem[X,0x80003100] -> 0xAA23
mem[X,0x80003102] -> 0x0020
[296] [M]: 0x80003100 (0x0020AA23) sw sp, 20(ra)
mem[0x8003917C] <- 0x00000003


mem[X,0x80003104] -> 0x0DB7
mem[X,0x80003106] -> 0x0080
[297] [M]: 0x80003104 (0x00800DB7) lui s11, 2048
x27 <- 0x00800000


mem[X,0x80003108] -> 0x0537
mem[X,0x8000310A] -> 0x0080
[298] [M]: 0x80003108 (0x00800537) lui a0, 2048
x10 <- 0x00800000


mem[X,0x8000310C] -> 0x0113
mem[X,0x8000310E] -> 0x0000
[299] [M]: 0x8000310C (0x00000113) addi sp, zero, 0
x2 <- 0x00000000


clint::tick mtime <- 0x0000000000000003
 clint timer pending at mtime 0x0000000000000003
htif::tick 0x0000000000000000
mem[X,0x80003110] -> 0x006F
mem[X,0x80003112] -> 0x00C0
[300] [M]: 0x80003110 (0x00C0006F) jal zero, 12


mem[X,0x8000311C] -> 0xC863
mem[X,0x8000311E] -> 0x00AD
[301] [M]: 0x8000311C (0x00ADC863) blt s11, a0, 16


mem[X,0x80003120] -> 0x0113
mem[X,0x80003122] -> 0x0021
[302] [M]: 0x80003120 (0x00210113) addi sp, sp, 2
x2 <- 0x00000002


mem[X,0x80003124] -> 0x006F
mem[X,0x80003126] -> 0x0100
[303] [M]: 0x80003124 (0x0100006F) jal zero, 16


mem[X,0x80003134] -> 0xAC23
mem[X,0x80003136] -> 0x0020
[304] [M]: 0x80003134 (0x0020AC23) sw sp, 24(ra)
mem[0x80039180] <- 0x00000002


mem[X,0x80003138] -> 0x0BB7
mem[X,0x8000313A] -> 0xFF80
[305] [M]: 0x80003138 (0xFF800BB7) lui s7, 1046528
x23 <- 0xFF800000


mem[X,0x8000313C] -> 0x8B93
mem[X,0x8000313E] -> 0xFFFB
[306] [M]: 0x8000313C (0xFFFB8B93) addi s7, s7, 4095
x23 <- 0xFF7FFFFF


mem[X,0x80003140] -> 0x0F37
mem[X,0x80003142] -> 0x0200
[307] [M]: 0x80003140 (0x02000F37) lui t5, 8192
x30 <- 0x02000000


mem[X,0x80003144] -> 0x0113
mem[X,0x80003146] -> 0x0000
[308] [M]: 0x80003144 (0x00000113) addi sp, zero, 0
x2 <- 0x00000000


mem[X,0x80003148] -> 0x006F
mem[X,0x8000314A] -> 0x00C0
[309] [M]: 0x80003148 (0x00C0006F) jal zero, 12


mem[X,0x80003154] -> 0xC863
mem[X,0x80003156] -> 0x01EB
[310] [M]: 0x80003154 (0x01EBC863) blt s7, t5, 16


mem[X,0x80003164] -> 0x0113
mem[X,0x80003166] -> 0x0031
[311] [M]: 0x80003164 (0x00310113) addi sp, sp, 3
x2 <- 0x00000003


mem[X,0x80003168] -> 0x006F
mem[X,0x8000316A] -> 0x0040
[312] [M]: 0x80003168 (0x0040006F) jal zero, 4


mem[X,0x8000316C] -> 0xAE23
mem[X,0x8000316E] -> 0x0020
[313] [M]: 0x8000316C (0x0020AE23) sw sp, 28(ra)
mem[0x80039184] <- 0x00000003


mem[X,0x80003170] -> 0x0613
mem[X,0x80003172] -> 0x0020
[314] [M]: 0x80003170 (0x00200613) addi a2, zero, 2
x12 <- 0x00000002


mem[X,0x80003174] -> 0x0837
mem[X,0x80003176] -> 0x0400
[315] [M]: 0x80003174 (0x04000837) lui a6, 16384
x16 <- 0x04000000


mem[X,0x80003178] -> 0x0113
mem[X,0x8000317A] -> 0x0000
[316] [M]: 0x80003178 (0x00000113) addi sp, zero, 0
x2 <- 0x00000000


mem[X,0x8000317C] -> 0x006F
mem[X,0x8000317E] -> 0x00C0
[317] [M]: 0x8000317C (0x00C0006F) jal zero, 12


mem[X,0x80003188] -> 0x4CE3
mem[X,0x8000318A] -> 0xFF06
[318] [M]: 0x80003188 (0xFF064CE3) blt a2, a6, 8184


mem[X,0x80003180] -> 0x0113
mem[X,0x80003182] -> 0x0011
[319] [M]: 0x80003180 (0x00110113) addi sp, sp, 1
x2 <- 0x00000001


mem[X,0x80003184] -> 0x006F
mem[X,0x80003186] -> 0x0180
[320] [M]: 0x80003184 (0x0180006F) jal zero, 24


mem[X,0x8000319C] -> 0xA023
mem[X,0x8000319E] -> 0x0220
[321] [M]: 0x8000319C (0x0220A023) sw sp, 32(ra)
mem[0x80039188] <- 0x00000001


mem[X,0x800031A0] -> 0x0B13
mem[X,0x800031A2] -> 0x2000
[322] [M]: 0x800031A0 (0x20000B13) addi s6, zero, 512
x22 <- 0x00000200


mem[X,0x800031A4] -> 0x03B7
mem[X,0x800031A6] -> 0x0800
[323] [M]: 0x800031A4 (0x080003B7) lui t2, 32768
x7 <- 0x08000000


mem[X,0x800031A8] -> 0x0113
mem[X,0x800031AA] -> 0x0000
[324] [M]: 0x800031A8 (0x00000113) addi sp, zero, 0
x2 <- 0x00000000


mem[X,0x800031AC] -> 0x006F
mem[X,0x800031AE] -> 0x00C0
[325] [M]: 0x800031AC (0x00C0006F) jal zero, 12


mem[X,0x800031B8] -> 0x4063
mem[X,0x800031BA] -> 0x087B
[326] [M]: 0x800031B8 (0x087B4063) blt s6, t2, 128


mem[X,0x80003238] -> 0x0113
mem[X,0x8000323A] -> 0x0031
[327] [M]: 0x80003238 (0x00310113) addi sp, sp, 3
x2 <- 0x00000003


mem[X,0x8000323C] -> 0x006F
mem[X,0x8000323E] -> 0x0040
[328] [M]: 0x8000323C (0x0040006F) jal zero, 4


mem[X,0x80003240] -> 0xA223
mem[X,0x80003242] -> 0x0220
[329] [M]: 0x80003240 (0x0220A223) sw sp, 36(ra)
mem[0x8003918C] <- 0x00000003


mem[X,0x80003244] -> 0x04B7
mem[X,0x80003246] -> 0xFFC0
[330] [M]: 0x80003244 (0xFFC004B7) lui s1, 1047552
x9 <- 0xFFC00000


mem[X,0x80003248] -> 0x8493
mem[X,0x8000324A] -> 0xFFF4
[331] [M]: 0x80003248 (0xFFF48493) addi s1, s1, 4095
x9 <- 0xFFBFFFFF


mem[X,0x8000324C] -> 0x06B7
mem[X,0x8000324E] -> 0x1000
[332] [M]: 0x8000324C (0x100006B7) lui a3, 65536
x13 <- 0x10000000


mem[X,0x80003250] -> 0x0113
mem[X,0x80003252] -> 0x0000
[333] [M]: 0x80003250 (0x00000113) addi sp, zero, 0
x2 <- 0x00000000


mem[X,0x80003254] -> 0x006F
mem[X,0x80003256] -> 0x00C0
[334] [M]: 0x80003254 (0x00C0006F) jal zero, 12


mem[X,0x80003260] -> 0xC063
mem[X,0x80003262] -> 0x10D4
[335] [M]: 0x80003260 (0x10D4C063) blt s1, a3, 256


mem[X,0x80003360] -> 0x0113
mem[X,0x80003362] -> 0x0031
[336] [M]: 0x80003360 (0x00310113) addi sp, sp, 3
x2 <- 0x00000003


mem[X,0x80003364] -> 0x006F
mem[X,0x80003366] -> 0x0040
[337] [M]: 0x80003364 (0x0040006F) jal zero, 4


mem[X,0x80003368] -> 0xA423
mem[X,0x8000336A] -> 0x0220
[338] [M]: 0x80003368 (0x0220A423) sw sp, 40(ra)
mem[0x80039190] <- 0x00000003


mem[X,0x8000336C] -> 0x0513
mem[X,0x8000336E] -> 0x0030
[339] [M]: 0x8000336C (0x00300513) addi a0, zero, 3
x10 <- 0x00000003


mem[X,0x80003370] -> 0x05B7
mem[X,0x80003372] -> 0x2000
[340] [M]: 0x80003370 (0x200005B7) lui a1, 131072
x11 <- 0x20000000


mem[X,0x80003374] -> 0x0113
mem[X,0x80003376] -> 0x0000
[341] [M]: 0x80003374 (0x00000113) addi sp, zero, 0
x2 <- 0x00000000


mem[X,0x80003378] -> 0x006F
mem[X,0x8000337A] -> 0x00C0
[342] [M]: 0x80003378 (0x00C0006F) jal zero, 12


mem[X,0x80003384] -> 0x4663
mem[X,0x80003386] -> 0x00B5
[343] [M]: 0x80003384 (0x00B54663) blt a0, a1, 12


mem[X,0x80003390] -> 0x0113
mem[X,0x80003392] -> 0x0031
[344] [M]: 0x80003390 (0x00310113) addi sp, sp, 3
x2 <- 0x00000003


mem[X,0x80003394] -> 0x006F
mem[X,0x80003396] -> 0x0040
[345] [M]: 0x80003394 (0x0040006F) jal zero, 4


mem[X,0x80003398] -> 0xA623
mem[X,0x8000339A] -> 0x0220
[346] [M]: 0x80003398 (0x0220A623) sw sp, 44(ra)
mem[0x80039194] <- 0x00000003


mem[X,0x8000339C] -> 0x2537
mem[X,0x8000339E] -> 0x0000
[347] [M]: 0x8000339C (0x00002537) lui a0, 2
x10 <- 0x00002000


mem[X,0x800033A0] -> 0x05B7
mem[X,0x800033A2] -> 0x4000
[348] [M]: 0x800033A0 (0x400005B7) lui a1, 262144
x11 <- 0x40000000


mem[X,0x800033A4] -> 0x0113
mem[X,0x800033A6] -> 0x0000
[349] [M]: 0x800033A4 (0x00000113) addi sp, zero, 0
x2 <- 0x00000000


mem[X,0x800033A8] -> 0x006F
mem[X,0x800033AA] -> 0x0100
[350] [M]: 0x800033A8 (0x0100006F) jal zero, 16


mem[X,0x800033B8] -> 0x4AE3
mem[X,0x800033BA] -> 0xFEB5
[351] [M]: 0x800033B8 (0xFEB54AE3) blt a0, a1, 8180


mem[X,0x800033AC] -> 0x0113
mem[X,0x800033AE] -> 0x0011
[352] [M]: 0x800033AC (0x00110113) addi sp, sp, 1
x2 <- 0x00000001


mem[X,0x800033B0] -> 0x006F
mem[X,0x800033B2] -> 0x01C0
[353] [M]: 0x800033B0 (0x01C0006F) jal zero, 28


mem[X,0x800033CC] -> 0xA823
mem[X,0x800033CE] -> 0x0220
[354] [M]: 0x800033CC (0x0220A823) sw sp, 48(ra)
mem[0x80039198] <- 0x00000001


mem[X,0x800033D0] -> 0x0513
mem[X,0x800033D2] -> 0x0040
[355] [M]: 0x800033D0 (0x00400513) addi a0, zero, 4
x10 <- 0x00000004


mem[X,0x800033D4] -> 0x0593
mem[X,0x800033D6] -> 0xFFE0
[356] [M]: 0x800033D4 (0xFFE00593) addi a1, zero, 4094
x11 <- 0xFFFFFFFE


mem[X,0x800033D8] -> 0x0113
mem[X,0x800033DA] -> 0x0000
[357] [M]: 0x800033D8 (0x00000113) addi sp, zero, 0
x2 <- 0x00000000


mem[X,0x800033DC] -> 0x006F
mem[X,0x800033DE] -> 0x2B10
[358] [M]: 0x800033DC (0x2B10006F) jal zero, 2736


mem[X,0x80003E8C] -> 0x4A63
mem[X,0x80003E8E] -> 0xD4B5
[359] [M]: 0x80003E8C (0xD4B54A63) blt a0, a1, 5460


mem[X,0x80003E90] -> 0x0113
mem[X,0x80003E92] -> 0x0021
[360] [M]: 0x80003E90 (0x00210113) addi sp, sp, 2
x2 <- 0x00000002


mem[X,0x80003E94] -> 0x006F
mem[X,0x80003E96] -> 0x00C0
[361] [M]: 0x80003E94 (0x00C0006F) jal zero, 12


mem[X,0x80003EA0] -> 0xAA23
mem[X,0x80003EA2] -> 0x0220
[362] [M]: 0x80003EA0 (0x0220AA23) sw sp, 52(ra)
mem[0x8003919C] <- 0x00000002


mem[X,0x80003EA4] -> 0x0513
mem[X,0x80003EA6] -> 0x0060
[363] [M]: 0x80003EA4 (0x00600513) addi a0, zero, 6
x10 <- 0x00000006


mem[X,0x80003EA8] -> 0x0593
mem[X,0x80003EAA] -> 0xFFD0
[364] [M]: 0x80003EA8 (0xFFD00593) addi a1, zero, 4093
x11 <- 0xFFFFFFFD


mem[X,0x80003EAC] -> 0x0113
mem[X,0x80003EAE] -> 0x0000
[365] [M]: 0x80003EAC (0x00000113) addi sp, zero, 0
x2 <- 0x00000000


mem[X,0x80003EB0] -> 0x006F
mem[X,0x80003EB2] -> 0x00C0
[366] [M]: 0x80003EB0 (0x00C0006F) jal zero, 12


mem[X,0x80003EBC] -> 0x4CE3
mem[X,0x80003EBE] -> 0xFEB5
[367] [M]: 0x80003EBC (0xFEB54CE3) blt a0, a1, 8184


mem[X,0x80003EC0] -> 0x0113
mem[X,0x80003EC2] -> 0x0021
[368] [M]: 0x80003EC0 (0x00210113) addi sp, sp, 2
x2 <- 0x00000002


mem[X,0x80003EC4] -> 0x006F
mem[X,0x80003EC6] -> 0x00C0
[369] [M]: 0x80003EC4 (0x00C0006F) jal zero, 12


mem[X,0x80003ED0] -> 0xAC23
mem[X,0x80003ED2] -> 0x0220
[370] [M]: 0x80003ED0 (0x0220AC23) sw sp, 56(ra)
mem[0x800391A0] <- 0x00000002


mem[X,0x80003ED4] -> 0x0513
mem[X,0x80003ED6] -> 0xDFF0
[371] [M]: 0x80003ED4 (0xDFF00513) addi a0, zero, 3583
x10 <- 0xFFFFFDFF


mem[X,0x80003ED8] -> 0x0593
mem[X,0x80003EDA] -> 0xFFB0
[372] [M]: 0x80003ED8 (0xFFB00593) addi a1, zero, 4091
x11 <- 0xFFFFFFFB


mem[X,0x80003EDC] -> 0x0113
mem[X,0x80003EDE] -> 0x0000
[373] [M]: 0x80003EDC (0x00000113) addi sp, zero, 0
x2 <- 0x00000000


mem[X,0x80003EE0] -> 0x006F
mem[X,0x80003EE2] -> 0x00C0
[374] [M]: 0x80003EE0 (0x00C0006F) jal zero, 12


mem[X,0x80003EEC] -> 0x4063
mem[X,0x80003EEE] -> 0x40B5
[375] [M]: 0x80003EEC (0x40B54063) blt a0, a1, 1024


mem[X,0x800042EC] -> 0x0113
mem[X,0x800042EE] -> 0x0031
[376] [M]: 0x800042EC (0x00310113) addi sp, sp, 3
x2 <- 0x00000003


mem[X,0x800042F0] -> 0x006F
mem[X,0x800042F2] -> 0x0040
[377] [M]: 0x800042F0 (0x0040006F) jal zero, 4


mem[X,0x800042F4] -> 0xAE23
mem[X,0x800042F6] -> 0x0220
[378] [M]: 0x800042F4 (0x0220AE23) sw sp, 60(ra)
mem[0x800391A4] <- 0x00000003


mem[X,0x800042F8] -> 0x0537
mem[X,0x800042FA] -> 0xFFF8
[379] [M]: 0x800042F8 (0xFFF80537) lui a0, 1048448
x10 <- 0xFFF80000


mem[X,0x800042FC] -> 0x0513
mem[X,0x800042FE] -> 0xFFF5
[380] [M]: 0x800042FC (0xFFF50513) addi a0, a0, 4095
x10 <- 0xFFF7FFFF


mem[X,0x80004300] -> 0x0593
mem[X,0x80004302] -> 0xFF70
[381] [M]: 0x80004300 (0xFF700593) addi a1, zero, 4087
x11 <- 0xFFFFFFF7


mem[X,0x80004304] -> 0x0113
mem[X,0x80004306] -> 0x0000
[382] [M]: 0x80004304 (0x00000113) addi sp, zero, 0
x2 <- 0x00000000


mem[X,0x80004308] -> 0x006F
mem[X,0x8000430A] -> 0x00C0
[383] [M]: 0x80004308 (0x00C0006F) jal zero, 12


mem[X,0x80004314] -> 0x4663
mem[X,0x80004316] -> 0x00B5
[384] [M]: 0x80004314 (0x00B54663) blt a0, a1, 12


mem[X,0x80004320] -> 0x0113
mem[X,0x80004322] -> 0x0031
[385] [M]: 0x80004320 (0x00310113) addi sp, sp, 3
x2 <- 0x00000003


mem[X,0x80004324] -> 0x006F
mem[X,0x80004326] -> 0x0040
[386] [M]: 0x80004324 (0x0040006F) jal zero, 4


mem[X,0x80004328] -> 0xA023
mem[X,0x8000432A] -> 0x0420
[387] [M]: 0x80004328 (0x0420A023) sw sp, 64(ra)
mem[0x800391A8] <- 0x00000003


mem[X,0x8000432C] -> 0x0513
mem[X,0x8000432E] -> 0x0090
[388] [M]: 0x8000432C (0x00900513) addi a0, zero, 9
x10 <- 0x00000009


mem[X,0x80004330] -> 0x0593
mem[X,0x80004332] -> 0xFEF0
[389] [M]: 0x80004330 (0xFEF00593) addi a1, zero, 4079
x11 <- 0xFFFFFFEF


mem[X,0x80004334] -> 0x0113
mem[X,0x80004336] -> 0x0000
[390] [M]: 0x80004334 (0x00000113) addi sp, zero, 0
x2 <- 0x00000000


mem[X,0x80004338] -> 0x006F
mem[X,0x8000433A] -> 0x00C0
[391] [M]: 0x80004338 (0x00C0006F) jal zero, 12


mem[X,0x80004344] -> 0x4663
mem[X,0x80004346] -> 0x00B5
[392] [M]: 0x80004344 (0x00B54663) blt a0, a1, 12


mem[X,0x80004348] -> 0x0113
mem[X,0x8000434A] -> 0x0021
[393] [M]: 0x80004348 (0x00210113) addi sp, sp, 2
x2 <- 0x00000002


mem[X,0x8000434C] -> 0x006F
mem[X,0x8000434E] -> 0x00C0
[394] [M]: 0x8000434C (0x00C0006F) jal zero, 12


mem[X,0x80004358] -> 0xA223
mem[X,0x8000435A] -> 0x0420
[395] [M]: 0x80004358 (0x0420A223) sw sp, 68(ra)
mem[0x800391AC] <- 0x00000002


mem[X,0x8000435C] -> 0x0513
mem[X,0x8000435E] -> 0xFF80
[396] [M]: 0x8000435C (0xFF800513) addi a0, zero, 4088
x10 <- 0xFFFFFFF8


mem[X,0x80004360] -> 0x0593
mem[X,0x80004362] -> 0xFDF0
[397] [M]: 0x80004360 (0xFDF00593) addi a1, zero, 4063
x11 <- 0xFFFFFFDF


mem[X,0x80004364] -> 0x0113
mem[X,0x80004366] -> 0x0000
[398] [M]: 0x80004364 (0x00000113) addi sp, zero, 0
x2 <- 0x00000000


mem[X,0x80004368] -> 0x006F
mem[X,0x8000436A] -> 0x00C0
[399] [M]: 0x80004368 (0x00C0006F) jal zero, 12


clint::tick mtime <- 0x0000000000000004
 clint timer pending at mtime 0x0000000000000004
htif::tick 0x0000000000000000
mem[X,0x80004374] -> 0x4063
mem[X,0x80004376] -> 0x04B5
[400] [M]: 0x80004374 (0x04B54063) blt a0, a1, 64


mem[X,0x80004378] -> 0x0113
mem[X,0x8000437A] -> 0x0021
[401] [M]: 0x80004378 (0x00210113) addi sp, sp, 2
x2 <- 0x00000002


mem[X,0x8000437C] -> 0x006F
mem[X,0x8000437E] -> 0x0400
[402] [M]: 0x8000437C (0x0400006F) jal zero, 64


mem[X,0x800043BC] -> 0xA423
mem[X,0x800043BE] -> 0x0420
[403] [M]: 0x800043BC (0x0420A423) sw sp, 72(ra)
mem[0x800391B0] <- 0x00000002


mem[X,0x800043C0] -> 0x0513
mem[X,0x800043C2] -> 0x0070
[404] [M]: 0x800043C0 (0x00700513) addi a0, zero, 7
x10 <- 0x00000007


mem[X,0x800043C4] -> 0x0593
mem[X,0x800043C6] -> 0xFBF0
[405] [M]: 0x800043C4 (0xFBF00593) addi a1, zero, 4031
x11 <- 0xFFFFFFBF


mem[X,0x800043C8] -> 0x0113
mem[X,0x800043CA] -> 0x0000
[406] [M]: 0x800043C8 (0x00000113) addi sp, zero, 0
x2 <- 0x00000000


mem[X,0x800043CC] -> 0x006F
mem[X,0x800043CE] -> 0x00C0
[407] [M]: 0x800043CC (0x00C0006F) jal zero, 12


mem[X,0x800043D8] -> 0x4663
mem[X,0x800043DA] -> 0x00B5
[408] [M]: 0x800043D8 (0x00B54663) blt a0, a1, 12


mem[X,0x800043DC] -> 0x0113
mem[X,0x800043DE] -> 0x0021
[409] [M]: 0x800043DC (0x00210113) addi sp, sp, 2
x2 <- 0x00000002


mem[X,0x800043E0] -> 0x006F
mem[X,0x800043E2] -> 0x00C0
[410] [M]: 0x800043E0 (0x00C0006F) jal zero, 12


mem[X,0x800043EC] -> 0xA623
mem[X,0x800043EE] -> 0x0420
[411] [M]: 0x800043EC (0x0420A623) sw sp, 76(ra)
mem[0x800391B4] <- 0x00000002


mem[X,0x800043F0] -> 0x0513
mem[X,0x800043F2] -> 0x0010
[412] [M]: 0x800043F0 (0x00100513) addi a0, zero, 1
x10 <- 0x00000001


mem[X,0x800043F4] -> 0x0593
mem[X,0x800043F6] -> 0xF7F0
[413] [M]: 0x800043F4 (0xF7F00593) addi a1, zero, 3967
x11 <- 0xFFFFFF7F


mem[X,0x800043F8] -> 0x0113
mem[X,0x800043FA] -> 0x0000
[414] [M]: 0x800043F8 (0x00000113) addi sp, zero, 0
x2 <- 0x00000000


mem[X,0x800043FC] -> 0x006F
mem[X,0x800043FE] -> 0x00C0
[415] [M]: 0x800043FC (0x00C0006F) jal zero, 12


mem[X,0x80004408] -> 0x4863
mem[X,0x8000440A] -> 0x00B5
[416] [M]: 0x80004408 (0x00B54863) blt a0, a1, 16


mem[X,0x8000440C] -> 0x0113
mem[X,0x8000440E] -> 0x0021
[417] [M]: 0x8000440C (0x00210113) addi sp, sp, 2
x2 <- 0x00000002


mem[X,0x80004410] -> 0x006F
mem[X,0x80004412] -> 0x0100
[418] [M]: 0x80004410 (0x0100006F) jal zero, 16


mem[X,0x80004420] -> 0xA823
mem[X,0x80004422] -> 0x0420
[419] [M]: 0x80004420 (0x0420A823) sw sp, 80(ra)
mem[0x800391B8] <- 0x00000002


mem[X,0x80004424] -> 0x0513
mem[X,0x80004426] -> 0xEFF0
[420] [M]: 0x80004424 (0xEFF00513) addi a0, zero, 3839
x10 <- 0xFFFFFEFF


mem[X,0x80004428] -> 0x0593
mem[X,0x8000442A] -> 0xEFF0
[421] [M]: 0x80004428 (0xEFF00593) addi a1, zero, 3839
x11 <- 0xFFFFFEFF


mem[X,0x8000442C] -> 0x0113
mem[X,0x8000442E] -> 0x0000
[422] [M]: 0x8000442C (0x00000113) addi sp, zero, 0
x2 <- 0x00000000


mem[X,0x80004430] -> 0x006F
mem[X,0x80004432] -> 0x00C0
[423] [M]: 0x80004430 (0x00C0006F) jal zero, 12


mem[X,0x8000443C] -> 0x4663
mem[X,0x8000443E] -> 0x00B5
[424] [M]: 0x8000443C (0x00B54663) blt a0, a1, 12


mem[X,0x80004440] -> 0x0113
mem[X,0x80004442] -> 0x0021
[425] [M]: 0x80004440 (0x00210113) addi sp, sp, 2
x2 <- 0x00000002


mem[X,0x80004444] -> 0x006F
mem[X,0x80004446] -> 0x00C0
[426] [M]: 0x80004444 (0x00C0006F) jal zero, 12


mem[X,0x80004450] -> 0xAA23
mem[X,0x80004452] -> 0x0420
[427] [M]: 0x80004450 (0x0420AA23) sw sp, 84(ra)
mem[0x800391BC] <- 0x00000002


mem[X,0x80004454] -> 0x8537
mem[X,0x80004456] -> 0xFFFF
[428] [M]: 0x80004454 (0xFFFF8537) lui a0, 1048568
x10 <- 0xFFFF8000


mem[X,0x80004458] -> 0x0513
mem[X,0x8000445A] -> 0xFFF5
[429] [M]: 0x80004458 (0xFFF50513) addi a0, a0, 4095
x10 <- 0xFFFF7FFF


mem[X,0x8000445C] -> 0x0593
mem[X,0x8000445E] -> 0xDFF0
[430] [M]: 0x8000445C (0xDFF00593) addi a1, zero, 3583
x11 <- 0xFFFFFDFF


mem[X,0x80004460] -> 0x0113
mem[X,0x80004462] -> 0x0000
[431] [M]: 0x80004460 (0x00000113) addi sp, zero, 0
x2 <- 0x00000000


mem[X,0x80004464] -> 0x006F
mem[X,0x80004466] -> 0x00C0
[432] [M]: 0x80004464 (0x00C0006F) jal zero, 12


mem[X,0x80004470] -> 0x4663
mem[X,0x80004472] -> 0x00B5
[433] [M]: 0x80004470 (0x00B54663) blt a0, a1, 12


mem[X,0x8000447C] -> 0x0113
mem[X,0x8000447E] -> 0x0031
[434] [M]: 0x8000447C (0x00310113) addi sp, sp, 3
x2 <- 0x00000003


mem[X,0x80004480] -> 0x006F
mem[X,0x80004482] -> 0x0040
[435] [M]: 0x80004480 (0x0040006F) jal zero, 4


mem[X,0x80004484] -> 0xAC23
mem[X,0x80004486] -> 0x0420
[436] [M]: 0x80004484 (0x0420AC23) sw sp, 88(ra)
mem[0x800391C0] <- 0x00000003


mem[X,0x80004488] -> 0x0513
mem[X,0x8000448A] -> 0x0200
[437] [M]: 0x80004488 (0x02000513) addi a0, zero, 32
x10 <- 0x00000020


mem[X,0x8000448C] -> 0x0593
mem[X,0x8000448E] -> 0xBFF0
[438] [M]: 0x8000448C (0xBFF00593) addi a1, zero, 3071
x11 <- 0xFFFFFBFF


mem[X,0x80004490] -> 0x0113
mem[X,0x80004492] -> 0x0000
[439] [M]: 0x80004490 (0x00000113) addi sp, zero, 0
x2 <- 0x00000000


mem[X,0x80004494] -> 0x006F
mem[X,0x80004496] -> 0x00C0
[440] [M]: 0x80004494 (0x00C0006F) jal zero, 12


mem[X,0x800044A0] -> 0x4063
mem[X,0x800044A2] -> 0x40B5
[441] [M]: 0x800044A0 (0x40B54063) blt a0, a1, 1024


mem[X,0x800044A4] -> 0x0113
mem[X,0x800044A6] -> 0x0021
[442] [M]: 0x800044A4 (0x00210113) addi sp, sp, 2
x2 <- 0x00000002


mem[X,0x800044A8] -> 0x006F
mem[X,0x800044AA] -> 0x4000
[443] [M]: 0x800044A8 (0x4000006F) jal zero, 1024


mem[X,0x800048A8] -> 0xAE23
mem[X,0x800048AA] -> 0x0420
[444] [M]: 0x800048A8 (0x0420AE23) sw sp, 92(ra)
mem[0x800391C4] <- 0x00000002


mem[X,0x800048AC] -> 0x0513
mem[X,0x800048AE] -> 0x0800
[445] [M]: 0x800048AC (0x08000513) addi a0, zero, 128
x10 <- 0x00000080


mem[X,0x800048B0] -> 0xF5B7
mem[X,0x800048B2] -> 0xFFFF
[446] [M]: 0x800048B0 (0xFFFFF5B7) lui a1, 1048575
x11 <- 0xFFFFF000


mem[X,0x800048B4] -> 0x8593
mem[X,0x800048B6] -> 0x7FF5
[447] [M]: 0x800048B4 (0x7FF58593) addi a1, a1, 2047
x11 <- 0xFFFFF7FF


mem[X,0x800048B8] -> 0x0113
mem[X,0x800048BA] -> 0x0000
[448] [M]: 0x800048B8 (0x00000113) addi sp, zero, 0
x2 <- 0x00000000


mem[X,0x800048BC] -> 0x006F
mem[X,0x800048BE] -> 0x00C0
[449] [M]: 0x800048BC (0x00C0006F) jal zero, 12


mem[X,0x800048C8] -> 0x4063
mem[X,0x800048CA] -> 0x02B5
[450] [M]: 0x800048C8 (0x02B54063) blt a0, a1, 32


mem[X,0x800048CC] -> 0x0113
mem[X,0x800048CE] -> 0x0021
[451] [M]: 0x800048CC (0x00210113) addi sp, sp, 2
x2 <- 0x00000002


mem[X,0x800048D0] -> 0x006F
mem[X,0x800048D2] -> 0x0200
[452] [M]: 0x800048D0 (0x0200006F) jal zero, 32


mem[X,0x800048F0] -> 0xA023
mem[X,0x800048F2] -> 0x0620
[453] [M]: 0x800048F0 (0x0620A023) sw sp, 96(ra)
mem[0x800391C8] <- 0x00000002


mem[X,0x800048F4] -> 0xB537
mem[X,0x800048F6] -> 0xAAAA
[454] [M]: 0x800048F4 (0xAAAAB537) lui a0, 699051
x10 <- 0xAAAAB000


mem[X,0x800048F8] -> 0x0513
mem[X,0x800048FA] -> 0xAAA5
[455] [M]: 0x800048F8 (0xAAA50513) addi a0, a0, 2730
x10 <- 0xAAAAAAAA


mem[X,0x800048FC] -> 0xF5B7
mem[X,0x800048FE] -> 0xFFFF
[456] [M]: 0x800048FC (0xFFFFF5B7) lui a1, 1048575
x11 <- 0xFFFFF000


mem[X,0x80004900] -> 0x8593
mem[X,0x80004902] -> 0xFFF5
[457] [M]: 0x80004900 (0xFFF58593) addi a1, a1, 4095
x11 <- 0xFFFFEFFF


mem[X,0x80004904] -> 0x0113
mem[X,0x80004906] -> 0x0000
[458] [M]: 0x80004904 (0x00000113) addi sp, zero, 0
x2 <- 0x00000000


mem[X,0x80004908] -> 0x006F
mem[X,0x8000490A] -> 0x00C0
[459] [M]: 0x80004908 (0x00C0006F) jal zero, 12


mem[X,0x80004914] -> 0x4063
mem[X,0x80004916] -> 0x40B5
[460] [M]: 0x80004914 (0x40B54063) blt a0, a1, 1024


mem[X,0x80004D14] -> 0x0113
mem[X,0x80004D16] -> 0x0031
[461] [M]: 0x80004D14 (0x00310113) addi sp, sp, 3
x2 <- 0x00000003


mem[X,0x80004D18] -> 0x006F
mem[X,0x80004D1A] -> 0x0040
[462] [M]: 0x80004D18 (0x0040006F) jal zero, 4


mem[X,0x80004D1C] -> 0xA223
mem[X,0x80004D1E] -> 0x0620
[463] [M]: 0x80004D1C (0x0620A223) sw sp, 100(ra)
mem[0x800391CC] <- 0x00000003


mem[X,0x80004D20] -> 0x0537
mem[X,0x80004D22] -> 0x0004
[464] [M]: 0x80004D20 (0x00040537) lui a0, 64
x10 <- 0x00040000


mem[X,0x80004D24] -> 0xE5B7
mem[X,0x80004D26] -> 0xFFFF
[465] [M]: 0x80004D24 (0xFFFFE5B7) lui a1, 1048574
x11 <- 0xFFFFE000


mem[X,0x80004D28] -> 0x8593
mem[X,0x80004D2A] -> 0xFFF5
[466] [M]: 0x80004D28 (0xFFF58593) addi a1, a1, 4095
x11 <- 0xFFFFDFFF


mem[X,0x80004D2C] -> 0x0113
mem[X,0x80004D2E] -> 0x0000
[467] [M]: 0x80004D2C (0x00000113) addi sp, zero, 0
x2 <- 0x00000000


mem[X,0x80004D30] -> 0x006F
mem[X,0x80004D32] -> 0x0140
[468] [M]: 0x80004D30 (0x0140006F) jal zero, 20


mem[X,0x80004D44] -> 0x48E3
mem[X,0x80004D46] -> 0xFEB5
[469] [M]: 0x80004D44 (0xFEB548E3) blt a0, a1, 8176


mem[X,0x80004D48] -> 0x0113
mem[X,0x80004D4A] -> 0x0021
[470] [M]: 0x80004D48 (0x00210113) addi sp, sp, 2
x2 <- 0x00000002


mem[X,0x80004D4C] -> 0x006F
mem[X,0x80004D4E] -> 0x00C0
[471] [M]: 0x80004D4C (0x00C0006F) jal zero, 12


mem[X,0x80004D58] -> 0xA423
mem[X,0x80004D5A] -> 0x0620
[472] [M]: 0x80004D58 (0x0620A423) sw sp, 104(ra)
mem[0x800391D0] <- 0x00000002


mem[X,0x80004D5C] -> 0x0537
mem[X,0x80004D5E] -> 0x0010
[473] [M]: 0x80004D5C (0x00100537) lui a0, 256
x10 <- 0x00100000


mem[X,0x80004D60] -> 0xC5B7
mem[X,0x80004D62] -> 0xFFFF
[474] [M]: 0x80004D60 (0xFFFFC5B7) lui a1, 1048572
x11 <- 0xFFFFC000


mem[X,0x80004D64] -> 0x8593
mem[X,0x80004D66] -> 0xFFF5
[475] [M]: 0x80004D64 (0xFFF58593) addi a1, a1, 4095
x11 <- 0xFFFFBFFF


mem[X,0x80004D68] -> 0x0113
mem[X,0x80004D6A] -> 0x0000
[476] [M]: 0x80004D68 (0x00000113) addi sp, zero, 0
x2 <- 0x00000000


mem[X,0x80004D6C] -> 0x006F
mem[X,0x80004D6E] -> 0x0140
[477] [M]: 0x80004D6C (0x0140006F) jal zero, 20


mem[X,0x80004D80] -> 0x48E3
mem[X,0x80004D82] -> 0xFEB5
[478] [M]: 0x80004D80 (0xFEB548E3) blt a0, a1, 8176


mem[X,0x80004D84] -> 0x0113
mem[X,0x80004D86] -> 0x0021
[479] [M]: 0x80004D84 (0x00210113) addi sp, sp, 2
x2 <- 0x00000002


mem[X,0x80004D88] -> 0x006F
mem[X,0x80004D8A] -> 0x00C0
[480] [M]: 0x80004D88 (0x00C0006F) jal zero, 12


mem[X,0x80004D94] -> 0xA623
mem[X,0x80004D96] -> 0x0620
[481] [M]: 0x80004D94 (0x0620A623) sw sp, 108(ra)
mem[0x800391D4] <- 0x00000002


mem[X,0x80004D98] -> 0x0537
mem[X,0x80004D9A] -> 0xFFE0
[482] [M]: 0x80004D98 (0xFFE00537) lui a0, 1048064
x10 <- 0xFFE00000


mem[X,0x80004D9C] -> 0x0513
mem[X,0x80004D9E] -> 0xFFF5
[483] [M]: 0x80004D9C (0xFFF50513) addi a0, a0, 4095
x10 <- 0xFFDFFFFF


mem[X,0x80004DA0] -> 0x85B7
mem[X,0x80004DA2] -> 0xFFFF
[484] [M]: 0x80004DA0 (0xFFFF85B7) lui a1, 1048568
x11 <- 0xFFFF8000


mem[X,0x80004DA4] -> 0x8593
mem[X,0x80004DA6] -> 0xFFF5
[485] [M]: 0x80004DA4 (0xFFF58593) addi a1, a1, 4095
x11 <- 0xFFFF7FFF


mem[X,0x80004DA8] -> 0x0113
mem[X,0x80004DAA] -> 0x0000
[486] [M]: 0x80004DA8 (0x00000113) addi sp, zero, 0
x2 <- 0x00000000


mem[X,0x80004DAC] -> 0x006F
mem[X,0x80004DAE] -> 0x00C0
[487] [M]: 0x80004DAC (0x00C0006F) jal zero, 12


mem[X,0x80004DB8] -> 0x4CE3
mem[X,0x80004DBA] -> 0xFEB5
[488] [M]: 0x80004DB8 (0xFEB54CE3) blt a0, a1, 8184


mem[X,0x80004DB0] -> 0x0113
mem[X,0x80004DB2] -> 0x0011
[489] [M]: 0x80004DB0 (0x00110113) addi sp, sp, 1
x2 <- 0x00000001


mem[X,0x80004DB4] -> 0x006F
mem[X,0x80004DB6] -> 0x0180
[490] [M]: 0x80004DB4 (0x0180006F) jal zero, 24


mem[X,0x80004DCC] -> 0xA823
mem[X,0x80004DCE] -> 0x0620
[491] [M]: 0x80004DCC (0x0620A823) sw sp, 112(ra)
mem[0x800391D8] <- 0x00000001


mem[X,0x80004DD0] -> 0x0513
mem[X,0x80004DD2] -> 0x1000
[492] [M]: 0x80004DD0 (0x10000513) addi a0, zero, 256
x10 <- 0x00000100


mem[X,0x80004DD4] -> 0x05B7
mem[X,0x80004DD6] -> 0xFFFF
[493] [M]: 0x80004DD4 (0xFFFF05B7) lui a1, 1048560
x11 <- 0xFFFF0000


mem[X,0x80004DD8] -> 0x8593
mem[X,0x80004DDA] -> 0xFFF5
[494] [M]: 0x80004DD8 (0xFFF58593) addi a1, a1, 4095
x11 <- 0xFFFEFFFF


mem[X,0x80004DDC] -> 0x0113
mem[X,0x80004DDE] -> 0x0000
[495] [M]: 0x80004DDC (0x00000113) addi sp, zero, 0
x2 <- 0x00000000


mem[X,0x80004DE0] -> 0x006F
mem[X,0x80004DE2] -> 0x00C0
[496] [M]: 0x80004DE0 (0x00C0006F) jal zero, 12


mem[X,0x80004DEC] -> 0x4063
mem[X,0x80004DEE] -> 0x10B5
[497] [M]: 0x80004DEC (0x10B54063) blt a0, a1, 256


mem[X,0x80004DF0] -> 0x0113
mem[X,0x80004DF2] -> 0x0021
[498] [M]: 0x80004DF0 (0x00210113) addi sp, sp, 2
x2 <- 0x00000002


mem[X,0x80004DF4] -> 0x006F
mem[X,0x80004DF6] -> 0x1000
[499] [M]: 0x80004DF4 (0x1000006F) jal zero, 256


clint::tick mtime <- 0x0000000000000005
 clint timer pending at mtime 0x0000000000000005
htif::tick 0x0000000000000000
mem[X,0x80004EF4] -> 0xAA23
mem[X,0x80004EF6] -> 0x0620
[500] [M]: 0x80004EF4 (0x0620AA23) sw sp, 116(ra)
mem[0x800391DC] <- 0x00000002


mem[X,0x80004EF8] -> 0x0513
mem[X,0x80004EFA] -> 0x0030
[501] [M]: 0x80004EF8 (0x00300513) addi a0, zero, 3
x10 <- 0x00000003


mem[X,0x80004EFC] -> 0x05B7
mem[X,0x80004EFE] -> 0xFFFE
[502] [M]: 0x80004EFC (0xFFFE05B7) lui a1, 1048544
x11 <- 0xFFFE0000


mem[X,0x80004F00] -> 0x8593
mem[X,0x80004F02] -> 0xFFF5
[503] [M]: 0x80004F00 (0xFFF58593) addi a1, a1, 4095
x11 <- 0xFFFDFFFF


mem[X,0x80004F04] -> 0x0113
mem[X,0x80004F06] -> 0x0000
[504] [M]: 0x80004F04 (0x00000113) addi sp, zero, 0
x2 <- 0x00000000


mem[X,0x80004F08] -> 0x006F
mem[X,0x80004F0A] -> 0x00C0
[505] [M]: 0x80004F08 (0x00C0006F) jal zero, 12


mem[X,0x80004F14] -> 0x4063
mem[X,0x80004F16] -> 0x08B5
[506] [M]: 0x80004F14 (0x08B54063) blt a0, a1, 128


mem[X,0x80004F18] -> 0x0113
mem[X,0x80004F1A] -> 0x0021
[507] [M]: 0x80004F18 (0x00210113) addi sp, sp, 2
x2 <- 0x00000002


mem[X,0x80004F1C] -> 0x006F
mem[X,0x80004F1E] -> 0x0800
[508] [M]: 0x80004F1C (0x0800006F) jal zero, 128


mem[X,0x80004F9C] -> 0xAC23
mem[X,0x80004F9E] -> 0x0620
[509] [M]: 0x80004F9C (0x0620AC23) sw sp, 120(ra)
mem[0x800391E0] <- 0x00000002


mem[X,0x80004FA0] -> 0x0537
mem[X,0x80004FA2] -> 0x0008
[510] [M]: 0x80004FA0 (0x00080537) lui a0, 128
x10 <- 0x00080000


mem[X,0x80004FA4] -> 0x05B7
mem[X,0x80004FA6] -> 0xFFFC
[511] [M]: 0x80004FA4 (0xFFFC05B7) lui a1, 1048512
x11 <- 0xFFFC0000


mem[X,0x80004FA8] -> 0x8593
mem[X,0x80004FAA] -> 0xFFF5
[512] [M]: 0x80004FA8 (0xFFF58593) addi a1, a1, 4095
x11 <- 0xFFFBFFFF


mem[X,0x80004FAC] -> 0x0113
mem[X,0x80004FAE] -> 0x0000
[513] [M]: 0x80004FAC (0x00000113) addi sp, zero, 0
x2 <- 0x00000000


mem[X,0x80004FB0] -> 0x006F
mem[X,0x80004FB2] -> 0x0180
[514] [M]: 0x80004FB0 (0x0180006F) jal zero, 24


mem[X,0x80004FC8] -> 0x46E3
mem[X,0x80004FCA] -> 0xFEB5
[515] [M]: 0x80004FC8 (0xFEB546E3) blt a0, a1, 8172


mem[X,0x80004FCC] -> 0x0113
mem[X,0x80004FCE] -> 0x0021
[516] [M]: 0x80004FCC (0x00210113) addi sp, sp, 2
x2 <- 0x00000002


mem[X,0x80004FD0] -> 0x006F
mem[X,0x80004FD2] -> 0x00C0
[517] [M]: 0x80004FD0 (0x00C0006F) jal zero, 12


mem[X,0x80004FDC] -> 0xAE23
mem[X,0x80004FDE] -> 0x0620
[518] [M]: 0x80004FDC (0x0620AE23) sw sp, 124(ra)
mem[0x800391E4] <- 0x00000002


mem[X,0x80004FE0] -> 0x1537
mem[X,0x80004FE2] -> 0x0000
[519] [M]: 0x80004FE0 (0x00001537) lui a0, 1
x10 <- 0x00001000


mem[X,0x80004FE4] -> 0x05B7
mem[X,0x80004FE6] -> 0xFFF8
[520] [M]: 0x80004FE4 (0xFFF805B7) lui a1, 1048448
x11 <- 0xFFF80000


mem[X,0x80004FE8] -> 0x8593
mem[X,0x80004FEA] -> 0xFFF5
[521] [M]: 0x80004FE8 (0xFFF58593) addi a1, a1, 4095
x11 <- 0xFFF7FFFF


mem[X,0x80004FEC] -> 0x0113
mem[X,0x80004FEE] -> 0x0000
[522] [M]: 0x80004FEC (0x00000113) addi sp, zero, 0
x2 <- 0x00000000


mem[X,0x80004FF0] -> 0x006F
mem[X,0x80004FF2] -> 0x00C0
[523] [M]: 0x80004FF0 (0x00C0006F) jal zero, 12


mem[X,0x80004FFC] -> 0x4663
mem[X,0x80004FFE] -> 0x00B5
[524] [M]: 0x80004FFC (0x00B54663) blt a0, a1, 12


mem[X,0x80005000] -> 0x0113
mem[X,0x80005002] -> 0x0021
[525] [M]: 0x80005000 (0x00210113) addi sp, sp, 2
x2 <- 0x00000002


mem[X,0x80005004] -> 0x006F
mem[X,0x80005006] -> 0x00C0
[526] [M]: 0x80005004 (0x00C0006F) jal zero, 12


mem[X,0x80005010] -> 0xA023
mem[X,0x80005012] -> 0x0820
[527] [M]: 0x80005010 (0x0820A023) sw sp, 128(ra)
mem[0x800391E8] <- 0x00000002


mem[X,0x80005014] -> 0x6537
mem[X,0x80005016] -> 0x6666
[528] [M]: 0x80005014 (0x66666537) lui a0, 419430
x10 <- 0x66666000


mem[X,0x80005018] -> 0x0513
mem[X,0x8000501A] -> 0x6675
[529] [M]: 0x80005018 (0x66750513) addi a0, a0, 1639
x10 <- 0x66666667


mem[X,0x8000501C] -> 0x05B7
mem[X,0x8000501E] -> 0xFFF0
[530] [M]: 0x8000501C (0xFFF005B7) lui a1, 1048320
x11 <- 0xFFF00000


mem[X,0x80005020] -> 0x8593
mem[X,0x80005022] -> 0xFFF5
[531] [M]: 0x80005020 (0xFFF58593) addi a1, a1, 4095
x11 <- 0xFFEFFFFF


mem[X,0x80005024] -> 0x0113
mem[X,0x80005026] -> 0x0000
[532] [M]: 0x80005024 (0x00000113) addi sp, zero, 0
x2 <- 0x00000000


mem[X,0x80005028] -> 0x006F
mem[X,0x8000502A] -> 0x00C0
[533] [M]: 0x80005028 (0x00C0006F) jal zero, 12


mem[X,0x80005034] -> 0x4663
mem[X,0x80005036] -> 0x00B5
[534] [M]: 0x80005034 (0x00B54663) blt a0, a1, 12


mem[X,0x80005038] -> 0x0113
mem[X,0x8000503A] -> 0x0021
[535] [M]: 0x80005038 (0x00210113) addi sp, sp, 2
x2 <- 0x00000002


mem[X,0x8000503C] -> 0x006F
mem[X,0x8000503E] -> 0x00C0
[536] [M]: 0x8000503C (0x00C0006F) jal zero, 12


mem[X,0x80005048] -> 0xA223
mem[X,0x8000504A] -> 0x0820
[537] [M]: 0x80005048 (0x0820A223) sw sp, 132(ra)
mem[0x800391EC] <- 0x00000002


mem[X,0x8000504C] -> 0x0513
mem[X,0x8000504E] -> 0x0090
[538] [M]: 0x8000504C (0x00900513) addi a0, zero, 9
x10 <- 0x00000009


mem[X,0x80005050] -> 0x05B7
mem[X,0x80005052] -> 0xFFE0
[539] [M]: 0x80005050 (0xFFE005B7) lui a1, 1048064
x11 <- 0xFFE00000


mem[X,0x80005054] -> 0x8593
mem[X,0x80005056] -> 0xFFF5
[540] [M]: 0x80005054 (0xFFF58593) addi a1, a1, 4095
x11 <- 0xFFDFFFFF


mem[X,0x80005058] -> 0x0113
mem[X,0x8000505A] -> 0x0000
[541] [M]: 0x80005058 (0x00000113) addi sp, zero, 0
x2 <- 0x00000000


mem[X,0x8000505C] -> 0x006F
mem[X,0x8000505E] -> 0x00C0
[542] [M]: 0x8000505C (0x00C0006F) jal zero, 12


mem[X,0x80005068] -> 0x4663
mem[X,0x8000506A] -> 0x00B5
[543] [M]: 0x80005068 (0x00B54663) blt a0, a1, 12


mem[X,0x8000506C] -> 0x0113
mem[X,0x8000506E] -> 0x0021
[544] [M]: 0x8000506C (0x00210113) addi sp, sp, 2
x2 <- 0x00000002


mem[X,0x80005070] -> 0x006F
mem[X,0x80005072] -> 0x00C0
[545] [M]: 0x80005070 (0x00C0006F) jal zero, 12


mem[X,0x8000507C] -> 0xA423
mem[X,0x8000507E] -> 0x0820
[546] [M]: 0x8000507C (0x0820A423) sw sp, 136(ra)
mem[0x800391F0] <- 0x00000002


mem[X,0x80005080] -> 0x0513
mem[X,0x80005082] -> 0x0050
[547] [M]: 0x80005080 (0x00500513) addi a0, zero, 5
x10 <- 0x00000005


mem[X,0x80005084] -> 0x05B7
mem[X,0x80005086] -> 0xFFC0
[548] [M]: 0x80005084 (0xFFC005B7) lui a1, 1047552
x11 <- 0xFFC00000


mem[X,0x80005088] -> 0x8593
mem[X,0x8000508A] -> 0xFFF5
[549] [M]: 0x80005088 (0xFFF58593) addi a1, a1, 4095
x11 <- 0xFFBFFFFF


mem[X,0x8000508C] -> 0x0113
mem[X,0x8000508E] -> 0x0000
[550] [M]: 0x8000508C (0x00000113) addi sp, zero, 0
x2 <- 0x00000000


mem[X,0x80005090] -> 0x006F
mem[X,0x80005092] -> 0x0100
[551] [M]: 0x80005090 (0x0100006F) jal zero, 16


mem[X,0x800050A0] -> 0x4AE3
mem[X,0x800050A2] -> 0xFEB5
[552] [M]: 0x800050A0 (0xFEB54AE3) blt a0, a1, 8180


mem[X,0x800050A4] -> 0x0113
mem[X,0x800050A6] -> 0x0021
[553] [M]: 0x800050A4 (0x00210113) addi sp, sp, 2
x2 <- 0x00000002


mem[X,0x800050A8] -> 0x006F
mem[X,0x800050AA] -> 0x00C0
[554] [M]: 0x800050A8 (0x00C0006F) jal zero, 12


mem[X,0x800050B4] -> 0xA623
mem[X,0x800050B6] -> 0x0820
[555] [M]: 0x800050B4 (0x0820A623) sw sp, 140(ra)
mem[0x800391F4] <- 0x00000002


mem[X,0x800050B8] -> 0x0537
mem[X,0x800050BA] -> 0xFFFF
[556] [M]: 0x800050B8 (0xFFFF0537) lui a0, 1048560
x10 <- 0xFFFF0000


mem[X,0x800050BC] -> 0x0513
mem[X,0x800050BE] -> 0xFFF5
[557] [M]: 0x800050BC (0xFFF50513) addi a0, a0, 4095
x10 <- 0xFFFEFFFF


mem[X,0x800050C0] -> 0x05B7
mem[X,0x800050C2] -> 0xFF80
[558] [M]: 0x800050C0 (0xFF8005B7) lui a1, 1046528
x11 <- 0xFF800000


mem[X,0x800050C4] -> 0x8593
mem[X,0x800050C6] -> 0xFFF5
[559] [M]: 0x800050C4 (0xFFF58593) addi a1, a1, 4095
x11 <- 0xFF7FFFFF


mem[X,0x800050C8] -> 0x0113
mem[X,0x800050CA] -> 0x0000
[560] [M]: 0x800050C8 (0x00000113) addi sp, zero, 0
x2 <- 0x00000000


mem[X,0x800050CC] -> 0x006F
mem[X,0x800050CE] -> 0x00C0
[561] [M]: 0x800050CC (0x00C0006F) jal zero, 12


mem[X,0x800050D8] -> 0x4663
mem[X,0x800050DA] -> 0x00B5
[562] [M]: 0x800050D8 (0x00B54663) blt a0, a1, 12


mem[X,0x800050DC] -> 0x0113
mem[X,0x800050DE] -> 0x0021
[563] [M]: 0x800050DC (0x00210113) addi sp, sp, 2
x2 <- 0x00000002


mem[X,0x800050E0] -> 0x006F
mem[X,0x800050E2] -> 0x00C0
[564] [M]: 0x800050E0 (0x00C0006F) jal zero, 12


mem[X,0x800050EC] -> 0xA823
mem[X,0x800050EE] -> 0x0820
[565] [M]: 0x800050EC (0x0820A823) sw sp, 144(ra)
mem[0x800391F8] <- 0x00000002


mem[X,0x800050F0] -> 0x0513
mem[X,0x800050F2] -> 0x0050
[566] [M]: 0x800050F0 (0x00500513) addi a0, zero, 5
x10 <- 0x00000005


mem[X,0x800050F4] -> 0x05B7
mem[X,0x800050F6] -> 0xFF00
[567] [M]: 0x800050F4 (0xFF0005B7) lui a1, 1044480
x11 <- 0xFF000000


mem[X,0x800050F8] -> 0x8593
mem[X,0x800050FA] -> 0xFFF5
[568] [M]: 0x800050F8 (0xFFF58593) addi a1, a1, 4095
x11 <- 0xFEFFFFFF


mem[X,0x800050FC] -> 0x0113
mem[X,0x800050FE] -> 0x0000
[569] [M]: 0x800050FC (0x00000113) addi sp, zero, 0
x2 <- 0x00000000


mem[X,0x80005100] -> 0x006F
mem[X,0x80005102] -> 0x00C0
[570] [M]: 0x80005100 (0x00C0006F) jal zero, 12


mem[X,0x8000510C] -> 0x4063
mem[X,0x8000510E] -> 0x20B5
[571] [M]: 0x8000510C (0x20B54063) blt a0, a1, 512


mem[X,0x80005110] -> 0x0113
mem[X,0x80005112] -> 0x0021
[572] [M]: 0x80005110 (0x00210113) addi sp, sp, 2
x2 <- 0x00000002


mem[X,0x80005114] -> 0x006F
mem[X,0x80005116] -> 0x2000
[573] [M]: 0x80005114 (0x2000006F) jal zero, 512


mem[X,0x80005314] -> 0xAA23
mem[X,0x80005316] -> 0x0820
[574] [M]: 0x80005314 (0x0820AA23) sw sp, 148(ra)
mem[0x800391FC] <- 0x00000002


mem[X,0x80005318] -> 0x0513
mem[X,0x8000531A] -> 0x0040
[575] [M]: 0x80005318 (0x00400513) addi a0, zero, 4
x10 <- 0x00000004


mem[X,0x8000531C] -> 0x05B7
mem[X,0x8000531E] -> 0xFE00
[576] [M]: 0x8000531C (0xFE0005B7) lui a1, 1040384
x11 <- 0xFE000000


mem[X,0x80005320] -> 0x8593
mem[X,0x80005322] -> 0xFFF5
[577] [M]: 0x80005320 (0xFFF58593) addi a1, a1, 4095
x11 <- 0xFDFFFFFF


mem[X,0x80005324] -> 0x0113
mem[X,0x80005326] -> 0x0000
[578] [M]: 0x80005324 (0x00000113) addi sp, zero, 0
x2 <- 0x00000000


mem[X,0x80005328] -> 0x006F
mem[X,0x8000532A] -> 0x0100
[579] [M]: 0x80005328 (0x0100006F) jal zero, 16


mem[X,0x80005338] -> 0x4AE3
mem[X,0x8000533A] -> 0xFEB5
[580] [M]: 0x80005338 (0xFEB54AE3) blt a0, a1, 8180


mem[X,0x8000533C] -> 0x0113
mem[X,0x8000533E] -> 0x0021
[581] [M]: 0x8000533C (0x00210113) addi sp, sp, 2
x2 <- 0x00000002


mem[X,0x80005340] -> 0x006F
mem[X,0x80005342] -> 0x00C0
[582] [M]: 0x80005340 (0x00C0006F) jal zero, 12


mem[X,0x8000534C] -> 0xAC23
mem[X,0x8000534E] -> 0x0820
[583] [M]: 0x8000534C (0x0820AC23) sw sp, 152(ra)
mem[0x80039200] <- 0x00000002


mem[X,0x80005350] -> 0x0537
mem[X,0x80005352] -> 0x0010
[584] [M]: 0x80005350 (0x00100537) lui a0, 256
x10 <- 0x00100000


mem[X,0x80005354] -> 0x05B7
mem[X,0x80005356] -> 0xFC00
[585] [M]: 0x80005354 (0xFC0005B7) lui a1, 1032192
x11 <- 0xFC000000


mem[X,0x80005358] -> 0x8593
mem[X,0x8000535A] -> 0xFFF5
[586] [M]: 0x80005358 (0xFFF58593) addi a1, a1, 4095
x11 <- 0xFBFFFFFF


mem[X,0x8000535C] -> 0x0113
mem[X,0x8000535E] -> 0x0000
[587] [M]: 0x8000535C (0x00000113) addi sp, zero, 0
x2 <- 0x00000000


mem[X,0x80005360] -> 0x006F
mem[X,0x80005362] -> 0x00C0
[588] [M]: 0x80005360 (0x00C0006F) jal zero, 12


mem[X,0x8000536C] -> 0x4663
mem[X,0x8000536E] -> 0x00B5
[589] [M]: 0x8000536C (0x00B54663) blt a0, a1, 12


mem[X,0x80005370] -> 0x0113
mem[X,0x80005372] -> 0x0021
[590] [M]: 0x80005370 (0x00210113) addi sp, sp, 2
x2 <- 0x00000002


mem[X,0x80005374] -> 0x006F
mem[X,0x80005376] -> 0x00C0
[591] [M]: 0x80005374 (0x00C0006F) jal zero, 12


mem[X,0x80005380] -> 0xAE23
mem[X,0x80005382] -> 0x0820
[592] [M]: 0x80005380 (0x0820AE23) sw sp, 156(ra)
mem[0x80039204] <- 0x00000002


mem[X,0x80005384] -> 0x0537
mem[X,0x80005386] -> 0xFFFF
[593] [M]: 0x80005384 (0xFFFF0537) lui a0, 1048560
x10 <- 0xFFFF0000


mem[X,0x80005388] -> 0x0513
mem[X,0x8000538A] -> 0xFFF5
[594] [M]: 0x80005388 (0xFFF50513) addi a0, a0, 4095
x10 <- 0xFFFEFFFF


mem[X,0x8000538C] -> 0x05B7
mem[X,0x8000538E] -> 0xF800
[595] [M]: 0x8000538C (0xF80005B7) lui a1, 1015808
x11 <- 0xF8000000


mem[X,0x80005390] -> 0x8593
mem[X,0x80005392] -> 0xFFF5
[596] [M]: 0x80005390 (0xFFF58593) addi a1, a1, 4095
x11 <- 0xF7FFFFFF


mem[X,0x80005394] -> 0x0113
mem[X,0x80005396] -> 0x0000
[597] [M]: 0x80005394 (0x00000113) addi sp, zero, 0
x2 <- 0x00000000


mem[X,0x80005398] -> 0x006F
mem[X,0x8000539A] -> 0x0180
[598] [M]: 0x80005398 (0x0180006F) jal zero, 24


mem[X,0x800053B0] -> 0x46E3
mem[X,0x800053B2] -> 0xFEB5
[599] [M]: 0x800053B0 (0xFEB546E3) blt a0, a1, 8172


clint::tick mtime <- 0x0000000000000006
 clint timer pending at mtime 0x0000000000000006
htif::tick 0x0000000000000000
mem[X,0x800053B4] -> 0x0113
mem[X,0x800053B6] -> 0x0021
[600] [M]: 0x800053B4 (0x00210113) addi sp, sp, 2
x2 <- 0x00000002


mem[X,0x800053B8] -> 0x006F
mem[X,0x800053BA] -> 0x00C0
[601] [M]: 0x800053B8 (0x00C0006F) jal zero, 12


mem[X,0x800053C4] -> 0xA023
mem[X,0x800053C6] -> 0x0A20
[602] [M]: 0x800053C4 (0x0A20A023) sw sp, 160(ra)
mem[0x80039208] <- 0x00000002


mem[X,0x800053C8] -> 0x0537
mem[X,0x800053CA] -> 0xFFFE
[603] [M]: 0x800053C8 (0xFFFE0537) lui a0, 1048544
x10 <- 0xFFFE0000


mem[X,0x800053CC] -> 0x0513
mem[X,0x800053CE] -> 0xFFF5
[604] [M]: 0x800053CC (0xFFF50513) addi a0, a0, 4095
x10 <- 0xFFFDFFFF


mem[X,0x800053D0] -> 0x05B7
mem[X,0x800053D2] -> 0xF000
[605] [M]: 0x800053D0 (0xF00005B7) lui a1, 983040
x11 <- 0xF0000000


mem[X,0x800053D4] -> 0x8593
mem[X,0x800053D6] -> 0xFFF5
[606] [M]: 0x800053D4 (0xFFF58593) addi a1, a1, 4095
x11 <- 0xEFFFFFFF


mem[X,0x800053D8] -> 0x0113
mem[X,0x800053DA] -> 0x0000
[607] [M]: 0x800053D8 (0x00000113) addi sp, zero, 0
x2 <- 0x00000000


mem[X,0x800053DC] -> 0x006F
mem[X,0x800053DE] -> 0x00C0
[608] [M]: 0x800053DC (0x00C0006F) jal zero, 12


mem[X,0x800053E8] -> 0x4663
mem[X,0x800053EA] -> 0x00B5
[609] [M]: 0x800053E8 (0x00B54663) blt a0, a1, 12


mem[X,0x800053EC] -> 0x0113
mem[X,0x800053EE] -> 0x0021
[610] [M]: 0x800053EC (0x00210113) addi sp, sp, 2
x2 <- 0x00000002


mem[X,0x800053F0] -> 0x006F
mem[X,0x800053F2] -> 0x00C0
[611] [M]: 0x800053F0 (0x00C0006F) jal zero, 12


mem[X,0x800053FC] -> 0xA223
mem[X,0x800053FE] -> 0x0A20
[612] [M]: 0x800053FC (0x0A20A223) sw sp, 164(ra)
mem[0x8003920C] <- 0x00000002


mem[X,0x80005400] -> 0x0513
mem[X,0x80005402] -> 0x0060
[613] [M]: 0x80005400 (0x00600513) addi a0, zero, 6
x10 <- 0x00000006


mem[X,0x80005404] -> 0x05B7
mem[X,0x80005406] -> 0xC000
[614] [M]: 0x80005404 (0xC00005B7) lui a1, 786432
x11 <- 0xC0000000


mem[X,0x80005408] -> 0x8593
mem[X,0x8000540A] -> 0xFFF5
[615] [M]: 0x80005408 (0xFFF58593) addi a1, a1, 4095
x11 <- 0xBFFFFFFF


mem[X,0x8000540C] -> 0x0113
mem[X,0x8000540E] -> 0x0000
[616] [M]: 0x8000540C (0x00000113) addi sp, zero, 0
x2 <- 0x00000000


mem[X,0x80005410] -> 0x006F
mem[X,0x80005412] -> 0x0180
[617] [M]: 0x80005410 (0x0180006F) jal zero, 24


mem[X,0x80005428] -> 0x46E3
mem[X,0x8000542A] -> 0xFEB5
[618] [M]: 0x80005428 (0xFEB546E3) blt a0, a1, 8172


mem[X,0x8000542C] -> 0x0113
mem[X,0x8000542E] -> 0x0021
[619] [M]: 0x8000542C (0x00210113) addi sp, sp, 2
x2 <- 0x00000002


mem[X,0x80005430] -> 0x006F
mem[X,0x80005432] -> 0x00C0
[620] [M]: 0x80005430 (0x00C0006F) jal zero, 12


mem[X,0x8000543C] -> 0xA423
mem[X,0x8000543E] -> 0x0A20
[621] [M]: 0x8000543C (0x0A20A423) sw sp, 168(ra)
mem[0x80039210] <- 0x00000002


mem[X,0x80005440] -> 0xB537
mem[X,0x80005442] -> 0x0000
[622] [M]: 0x80005440 (0x0000B537) lui a0, 11
x10 <- 0x0000B000


mem[X,0x80005444] -> 0x0513
mem[X,0x80005446] -> 0x5055
[623] [M]: 0x80005444 (0x50550513) addi a0, a0, 1285
x10 <- 0x0000B505


mem[X,0x80005448] -> 0x05B7
mem[X,0x8000544A] -> 0x8000
[624] [M]: 0x80005448 (0x800005B7) lui a1, 524288
x11 <- 0x80000000


mem[X,0x8000544C] -> 0x8593
mem[X,0x8000544E] -> 0xFFF5
[625] [M]: 0x8000544C (0xFFF58593) addi a1, a1, 4095
x11 <- 0x7FFFFFFF


mem[X,0x80005450] -> 0x0113
mem[X,0x80005452] -> 0x0000
[626] [M]: 0x80005450 (0x00000113) addi sp, zero, 0
x2 <- 0x00000000


mem[X,0x80005454] -> 0x006F
mem[X,0x80005456] -> 0x2B10
[627] [M]: 0x80005454 (0x2B10006F) jal zero, 2736


mem[X,0x80005F04] -> 0x4A63
mem[X,0x80005F06] -> 0xD4B5
[628] [M]: 0x80005F04 (0xD4B54A63) blt a0, a1, 5460


mem[X,0x80005458] -> 0x0113
mem[X,0x8000545A] -> 0x0011
[629] [M]: 0x80005458 (0x00110113) addi sp, sp, 1
x2 <- 0x00000001


mem[X,0x8000545C] -> 0x006F
mem[X,0x8000545E] -> 0x2BD0
[630] [M]: 0x8000545C (0x2BD0006F) jal zero, 2748


mem[X,0x80005F18] -> 0xA623
mem[X,0x80005F1A] -> 0x0A20
[631] [M]: 0x80005F18 (0x0A20A623) sw sp, 172(ra)
mem[0x80039214] <- 0x00000001


mem[X,0x80005F1C] -> 0x0513
mem[X,0x80005F1E] -> 0xFFD0
[632] [M]: 0x80005F1C (0xFFD00513) addi a0, zero, 4093
x10 <- 0xFFFFFFFD


mem[X,0x80005F20] -> 0x55B7
mem[X,0x80005F22] -> 0x5555
[633] [M]: 0x80005F20 (0x555555B7) lui a1, 349525
x11 <- 0x55555000


mem[X,0x80005F24] -> 0x8593
mem[X,0x80005F26] -> 0x5555
[634] [M]: 0x80005F24 (0x55558593) addi a1, a1, 1365
x11 <- 0x55555555


mem[X,0x80005F28] -> 0x0113
mem[X,0x80005F2A] -> 0x0000
[635] [M]: 0x80005F28 (0x00000113) addi sp, zero, 0
x2 <- 0x00000000


mem[X,0x80005F2C] -> 0x006F
mem[X,0x80005F2E] -> 0x0050
[636] [M]: 0x80005F2C (0x0050006F) jal zero, 2052


mem[X,0x80006730] -> 0x40E3
mem[X,0x80006732] -> 0x80B5
[637] [M]: 0x80006730 (0x80B540E3) blt a0, a1, 6144


mem[X,0x80005F30] -> 0x0113
mem[X,0x80005F32] -> 0x0011
[638] [M]: 0x80005F30 (0x00110113) addi sp, sp, 1
x2 <- 0x00000001


mem[X,0x80005F34] -> 0x006F
mem[X,0x80005F36] -> 0x0110
[639] [M]: 0x80005F34 (0x0110006F) jal zero, 2064


mem[X,0x80006744] -> 0xA823
mem[X,0x80006746] -> 0x0A20
[640] [M]: 0x80006744 (0x0A20A823) sw sp, 176(ra)
mem[0x80039218] <- 0x00000001


mem[X,0x80006748] -> 0x0537
mem[X,0x8000674A] -> 0x0080
[641] [M]: 0x80006748 (0x00800537) lui a0, 2048
x10 <- 0x00800000


mem[X,0x8000674C] -> 0xB5B7
mem[X,0x8000674E] -> 0xAAAA
[642] [M]: 0x8000674C (0xAAAAB5B7) lui a1, 699051
x11 <- 0xAAAAB000


mem[X,0x80006750] -> 0x8593
mem[X,0x80006752] -> 0xAAA5
[643] [M]: 0x80006750 (0xAAA58593) addi a1, a1, 2730
x11 <- 0xAAAAAAAA


mem[X,0x80006754] -> 0x0113
mem[X,0x80006756] -> 0x0000
[644] [M]: 0x80006754 (0x00000113) addi sp, zero, 0
x2 <- 0x00000000


mem[X,0x80006758] -> 0x006F
mem[X,0x8000675A] -> 0x00C0
[645] [M]: 0x80006758 (0x00C0006F) jal zero, 12


mem[X,0x80006764] -> 0x4063
mem[X,0x80006766] -> 0x10B5
[646] [M]: 0x80006764 (0x10B54063) blt a0, a1, 256


mem[X,0x80006768] -> 0x0113
mem[X,0x8000676A] -> 0x0021
[647] [M]: 0x80006768 (0x00210113) addi sp, sp, 2
x2 <- 0x00000002


mem[X,0x8000676C] -> 0x006F
mem[X,0x8000676E] -> 0x1000
[648] [M]: 0x8000676C (0x1000006F) jal zero, 256


mem[X,0x8000686C] -> 0xAA23
mem[X,0x8000686E] -> 0x0A20
[649] [M]: 0x8000686C (0x0A20AA23) sw sp, 180(ra)
mem[0x8003921C] <- 0x00000002


mem[X,0x80006870] -> 0x0513
mem[X,0x80006872] -> 0x0100
[650] [M]: 0x80006870 (0x01000513) addi a0, zero, 16
x10 <- 0x00000010


mem[X,0x80006874] -> 0x05B7
mem[X,0x80006876] -> 0x0100
[651] [M]: 0x80006874 (0x010005B7) lui a1, 4096
x11 <- 0x01000000


mem[X,0x80006878] -> 0x0113
mem[X,0x8000687A] -> 0x0000
[652] [M]: 0x80006878 (0x00000113) addi sp, zero, 0
x2 <- 0x00000000


mem[X,0x8000687C] -> 0x006F
mem[X,0x8000687E] -> 0x0180
[653] [M]: 0x8000687C (0x0180006F) jal zero, 24


mem[X,0x80006894] -> 0x46E3
mem[X,0x80006896] -> 0xFEB5
[654] [M]: 0x80006894 (0xFEB546E3) blt a0, a1, 8172


mem[X,0x80006880] -> 0x0113
mem[X,0x80006882] -> 0x0011
[655] [M]: 0x80006880 (0x00110113) addi sp, sp, 1
x2 <- 0x00000001


mem[X,0x80006884] -> 0x006F
mem[X,0x80006886] -> 0x0240
[656] [M]: 0x80006884 (0x0240006F) jal zero, 36


mem[X,0x800068A8] -> 0xAC23
mem[X,0x800068AA] -> 0x0A20
[657] [M]: 0x800068A8 (0x0A20AC23) sw sp, 184(ra)
mem[0x80039220] <- 0x00000001


mem[X,0x800068AC] -> 0x0513
mem[X,0x800068AE] -> 0x0400
[658] [M]: 0x800068AC (0x04000513) addi a0, zero, 64
x10 <- 0x00000040


mem[X,0x800068B0] -> 0x05B7
mem[X,0x800068B2] -> 0x0002
[659] [M]: 0x800068B0 (0x000205B7) lui a1, 32
x11 <- 0x00020000


mem[X,0x800068B4] -> 0x0113
mem[X,0x800068B6] -> 0x0000
[660] [M]: 0x800068B4 (0x00000113) addi sp, zero, 0
x2 <- 0x00000000


mem[X,0x800068B8] -> 0x006F
mem[X,0x800068BA] -> 0x0180
[661] [M]: 0x800068B8 (0x0180006F) jal zero, 24


mem[X,0x800068D0] -> 0x46E3
mem[X,0x800068D2] -> 0xFEB5
[662] [M]: 0x800068D0 (0xFEB546E3) blt a0, a1, 8172


mem[X,0x800068BC] -> 0x0113
mem[X,0x800068BE] -> 0x0011
[663] [M]: 0x800068BC (0x00110113) addi sp, sp, 1
x2 <- 0x00000001


mem[X,0x800068C0] -> 0x006F
mem[X,0x800068C2] -> 0x0240
[664] [M]: 0x800068C0 (0x0240006F) jal zero, 36


mem[X,0x800068E4] -> 0xAE23
mem[X,0x800068E6] -> 0x0A20
[665] [M]: 0x800068E4 (0x0A20AE23) sw sp, 188(ra)
mem[0x80039224] <- 0x00000001


mem[X,0x800068E8] -> 0x0513
mem[X,0x800068EA] -> 0x4000
[666] [M]: 0x800068E8 (0x40000513) addi a0, zero, 1024
x10 <- 0x00000400


mem[X,0x800068EC] -> 0x05B7
mem[X,0x800068EE] -> 0xF800
[667] [M]: 0x800068EC (0xF80005B7) lui a1, 1015808
x11 <- 0xF8000000


mem[X,0x800068F0] -> 0x8593
mem[X,0x800068F2] -> 0xFFF5
[668] [M]: 0x800068F0 (0xFFF58593) addi a1, a1, 4095
x11 <- 0xF7FFFFFF


mem[X,0x800068F4] -> 0x0113
mem[X,0x800068F6] -> 0x0000
[669] [M]: 0x800068F4 (0x00000113) addi sp, zero, 0
x2 <- 0x00000000


mem[X,0x800068F8] -> 0x006F
mem[X,0x800068FA] -> 0x00C0
[670] [M]: 0x800068F8 (0x00C0006F) jal zero, 12


mem[X,0x80006904] -> 0x4063
mem[X,0x80006906] -> 0x20B5
[671] [M]: 0x80006904 (0x20B54063) blt a0, a1, 512


mem[X,0x80006908] -> 0x0113
mem[X,0x8000690A] -> 0x0021
[672] [M]: 0x80006908 (0x00210113) addi sp, sp, 2
x2 <- 0x00000002


mem[X,0x8000690C] -> 0x006F
mem[X,0x8000690E] -> 0x2000
[673] [M]: 0x8000690C (0x2000006F) jal zero, 512


mem[X,0x80006B0C] -> 0xA023
mem[X,0x80006B0E] -> 0x0C20
[674] [M]: 0x80006B0C (0x0C20A023) sw sp, 192(ra)
mem[0x80039228] <- 0x00000002


mem[X,0x80006B10] -> 0x1537
mem[X,0x80006B12] -> 0x0000
[675] [M]: 0x80006B10 (0x00001537) lui a0, 1
x10 <- 0x00001000


mem[X,0x80006B14] -> 0x0513
mem[X,0x80006B16] -> 0x8005
[676] [M]: 0x80006B14 (0x80050513) addi a0, a0, 2048
x10 <- 0x00000800


mem[X,0x80006B18] -> 0x0593
mem[X,0x80006B1A] -> 0x4000
[677] [M]: 0x80006B18 (0x40000593) addi a1, zero, 1024
x11 <- 0x00000400


mem[X,0x80006B1C] -> 0x0113
mem[X,0x80006B1E] -> 0x0000
[678] [M]: 0x80006B1C (0x00000113) addi sp, zero, 0
x2 <- 0x00000000


mem[X,0x80006B20] -> 0x006F
mem[X,0x80006B22] -> 0x00C0
[679] [M]: 0x80006B20 (0x00C0006F) jal zero, 12


mem[X,0x80006B2C] -> 0x4CE3
mem[X,0x80006B2E] -> 0xFEB5
[680] [M]: 0x80006B2C (0xFEB54CE3) blt a0, a1, 8184


mem[X,0x80006B30] -> 0x0113
mem[X,0x80006B32] -> 0x0021
[681] [M]: 0x80006B30 (0x00210113) addi sp, sp, 2
x2 <- 0x00000002


mem[X,0x80006B34] -> 0x006F
mem[X,0x80006B36] -> 0x00C0
[682] [M]: 0x80006B34 (0x00C0006F) jal zero, 12


mem[X,0x80006B40] -> 0xA223
mem[X,0x80006B42] -> 0x0C20
[683] [M]: 0x80006B40 (0x0C20A223) sw sp, 196(ra)
mem[0x8003922C] <- 0x00000002


mem[X,0x80006B44] -> 0x8537
mem[X,0x80006B46] -> 0x0000
[684] [M]: 0x80006B44 (0x00008537) lui a0, 8
x10 <- 0x00008000


mem[X,0x80006B48] -> 0x05B7
mem[X,0x80006B4A] -> 0x0010
[685] [M]: 0x80006B48 (0x001005B7) lui a1, 256
x11 <- 0x00100000


mem[X,0x80006B4C] -> 0x0113
mem[X,0x80006B4E] -> 0x0000
[686] [M]: 0x80006B4C (0x00000113) addi sp, zero, 0
x2 <- 0x00000000


mem[X,0x80006B50] -> 0x006F
mem[X,0x80006B52] -> 0x00C0
[687] [M]: 0x80006B50 (0x00C0006F) jal zero, 12


mem[X,0x80006B5C] -> 0x4CE3
mem[X,0x80006B5E] -> 0xFEB5
[688] [M]: 0x80006B5C (0xFEB54CE3) blt a0, a1, 8184


mem[X,0x80006B54] -> 0x0113
mem[X,0x80006B56] -> 0x0011
[689] [M]: 0x80006B54 (0x00110113) addi sp, sp, 1
x2 <- 0x00000001


mem[X,0x80006B58] -> 0x006F
mem[X,0x80006B5A] -> 0x0180
[690] [M]: 0x80006B58 (0x0180006F) jal zero, 24


mem[X,0x80006B70] -> 0xA423
mem[X,0x80006B72] -> 0x0C20
[691] [M]: 0x80006B70 (0x0C20A423) sw sp, 200(ra)
mem[0x80039230] <- 0x00000001


mem[X,0x80006B74] -> 0x0537
mem[X,0x80006B76] -> 0x0001
[692] [M]: 0x80006B74 (0x00010537) lui a0, 16
x10 <- 0x00010000


mem[X,0x80006B78] -> 0x0593
mem[X,0x80006B7A] -> 0xBFF0
[693] [M]: 0x80006B78 (0xBFF00593) addi a1, zero, 3071
x11 <- 0xFFFFFBFF


mem[X,0x80006B7C] -> 0x0113
mem[X,0x80006B7E] -> 0x0000
[694] [M]: 0x80006B7C (0x00000113) addi sp, zero, 0
x2 <- 0x00000000


mem[X,0x80006B80] -> 0x006F
mem[X,0x80006B82] -> 0x00C0
[695] [M]: 0x80006B80 (0x00C0006F) jal zero, 12


mem[X,0x80006B8C] -> 0x4063
mem[X,0x80006B8E] -> 0x40B5
[696] [M]: 0x80006B8C (0x40B54063) blt a0, a1, 1024


mem[X,0x80006B90] -> 0x0113
mem[X,0x80006B92] -> 0x0021
[697] [M]: 0x80006B90 (0x00210113) addi sp, sp, 2
x2 <- 0x00000002


mem[X,0x80006B94] -> 0x006F
mem[X,0x80006B96] -> 0x4000
[698] [M]: 0x80006B94 (0x4000006F) jal zero, 1024


mem[X,0x80006F94] -> 0xA623
mem[X,0x80006F96] -> 0x0C20
[699] [M]: 0x80006F94 (0x0C20A623) sw sp, 204(ra)
mem[0x80039234] <- 0x00000002


clint::tick mtime <- 0x0000000000000007
 clint timer pending at mtime 0x0000000000000007
htif::tick 0x0000000000000000
mem[X,0x80006F98] -> 0x0537
mem[X,0x80006F9A] -> 0x0002
[700] [M]: 0x80006F98 (0x00020537) lui a0, 32
x10 <- 0x00020000


mem[X,0x80006F9C] -> 0xC5B7
mem[X,0x80006F9E] -> 0xFFFF
[701] [M]: 0x80006F9C (0xFFFFC5B7) lui a1, 1048572
x11 <- 0xFFFFC000


mem[X,0x80006FA0] -> 0x8593
mem[X,0x80006FA2] -> 0xFFF5
[702] [M]: 0x80006FA0 (0xFFF58593) addi a1, a1, 4095
x11 <- 0xFFFFBFFF


mem[X,0x80006FA4] -> 0x0113
mem[X,0x80006FA6] -> 0x0000
[703] [M]: 0x80006FA4 (0x00000113) addi sp, zero, 0
x2 <- 0x00000000


mem[X,0x80006FA8] -> 0x006F
mem[X,0x80006FAA] -> 0x00C0
[704] [M]: 0x80006FA8 (0x00C0006F) jal zero, 12


mem[X,0x80006FB4] -> 0x4063
mem[X,0x80006FB6] -> 0x10B5
[705] [M]: 0x80006FB4 (0x10B54063) blt a0, a1, 256


mem[X,0x80006FB8] -> 0x0113
mem[X,0x80006FBA] -> 0x0021
[706] [M]: 0x80006FB8 (0x00210113) addi sp, sp, 2
x2 <- 0x00000002


mem[X,0x80006FBC] -> 0x006F
mem[X,0x80006FBE] -> 0x1000
[707] [M]: 0x80006FBC (0x1000006F) jal zero, 256


mem[X,0x800070BC] -> 0xA823
mem[X,0x800070BE] -> 0x0C20
[708] [M]: 0x800070BC (0x0C20A823) sw sp, 208(ra)
mem[0x80039238] <- 0x00000002


mem[X,0x800070C0] -> 0x0537
mem[X,0x800070C2] -> 0x0200
[709] [M]: 0x800070C0 (0x02000537) lui a0, 8192
x10 <- 0x02000000


mem[X,0x800070C4] -> 0x05B7
mem[X,0x800070C6] -> 0x0080
[710] [M]: 0x800070C4 (0x008005B7) lui a1, 2048
x11 <- 0x00800000


mem[X,0x800070C8] -> 0x0113
mem[X,0x800070CA] -> 0x0000
[711] [M]: 0x800070C8 (0x00000113) addi sp, zero, 0
x2 <- 0x00000000


mem[X,0x800070CC] -> 0x006F
mem[X,0x800070CE] -> 0x00C0
[712] [M]: 0x800070CC (0x00C0006F) jal zero, 12


mem[X,0x800070D8] -> 0x4CE3
mem[X,0x800070DA] -> 0xFEB5
[713] [M]: 0x800070D8 (0xFEB54CE3) blt a0, a1, 8184


mem[X,0x800070DC] -> 0x0113
mem[X,0x800070DE] -> 0x0021
[714] [M]: 0x800070DC (0x00210113) addi sp, sp, 2
x2 <- 0x00000002


mem[X,0x800070E0] -> 0x006F
mem[X,0x800070E2] -> 0x00C0
[715] [M]: 0x800070E0 (0x00C0006F) jal zero, 12


mem[X,0x800070EC] -> 0xAA23
mem[X,0x800070EE] -> 0x0C20
[716] [M]: 0x800070EC (0x0C20AA23) sw sp, 212(ra)
mem[0x8003923C] <- 0x00000002


mem[X,0x800070F0] -> 0x0537
mem[X,0x800070F2] -> 0x0400
[717] [M]: 0x800070F0 (0x04000537) lui a0, 16384
x10 <- 0x04000000


mem[X,0x800070F4] -> 0x0593
mem[X,0x800070F6] -> 0x0050
[718] [M]: 0x800070F4 (0x00500593) addi a1, zero, 5
x11 <- 0x00000005


mem[X,0x800070F8] -> 0x0113
mem[X,0x800070FA] -> 0x0000
[719] [M]: 0x800070F8 (0x00000113) addi sp, zero, 0
x2 <- 0x00000000


mem[X,0x800070FC] -> 0x006F
mem[X,0x800070FE] -> 0x00C0
[720] [M]: 0x800070FC (0x00C0006F) jal zero, 12


mem[X,0x80007108] -> 0x4863
mem[X,0x8000710A] -> 0x00B5
[721] [M]: 0x80007108 (0x00B54863) blt a0, a1, 16


mem[X,0x8000710C] -> 0x0113
mem[X,0x8000710E] -> 0x0021
[722] [M]: 0x8000710C (0x00210113) addi sp, sp, 2
x2 <- 0x00000002


mem[X,0x80007110] -> 0x006F
mem[X,0x80007112] -> 0x0100
[723] [M]: 0x80007110 (0x0100006F) jal zero, 16


mem[X,0x80007120] -> 0xAC23
mem[X,0x80007122] -> 0x0C20
[724] [M]: 0x80007120 (0x0C20AC23) sw sp, 216(ra)
mem[0x80039240] <- 0x00000002


mem[X,0x80007124] -> 0x0537
mem[X,0x80007126] -> 0x0800
[725] [M]: 0x80007124 (0x08000537) lui a0, 32768
x10 <- 0x08000000


mem[X,0x80007128] -> 0x0593
mem[X,0x8000712A] -> 0x0080
[726] [M]: 0x80007128 (0x00800593) addi a1, zero, 8
x11 <- 0x00000008


mem[X,0x8000712C] -> 0x0113
mem[X,0x8000712E] -> 0x0000
[727] [M]: 0x8000712C (0x00000113) addi sp, zero, 0
x2 <- 0x00000000


mem[X,0x80007130] -> 0x006F
mem[X,0x80007132] -> 0x00C0
[728] [M]: 0x80007130 (0x00C0006F) jal zero, 12


mem[X,0x8000713C] -> 0x4063
mem[X,0x8000713E] -> 0x04B5
[729] [M]: 0x8000713C (0x04B54063) blt a0, a1, 64


mem[X,0x80007140] -> 0x0113
mem[X,0x80007142] -> 0x0021
[730] [M]: 0x80007140 (0x00210113) addi sp, sp, 2
x2 <- 0x00000002


mem[X,0x80007144] -> 0x006F
mem[X,0x80007146] -> 0x0400
[731] [M]: 0x80007144 (0x0400006F) jal zero, 64


mem[X,0x80007184] -> 0xAE23
mem[X,0x80007186] -> 0x0C20
[732] [M]: 0x80007184 (0x0C20AE23) sw sp, 220(ra)
mem[0x80039244] <- 0x00000002


mem[X,0x80007188] -> 0x0537
mem[X,0x8000718A] -> 0x2000
[733] [M]: 0x80007188 (0x20000537) lui a0, 131072
x10 <- 0x20000000


mem[X,0x8000718C] -> 0x05B7
mem[X,0x8000718E] -> 0xFFE0
[734] [M]: 0x8000718C (0xFFE005B7) lui a1, 1048064
x11 <- 0xFFE00000


mem[X,0x80007190] -> 0x8593
mem[X,0x80007192] -> 0xFFF5
[735] [M]: 0x80007190 (0xFFF58593) addi a1, a1, 4095
x11 <- 0xFFDFFFFF


mem[X,0x80007194] -> 0x0113
mem[X,0x80007196] -> 0x0000
[736] [M]: 0x80007194 (0x00000113) addi sp, zero, 0
x2 <- 0x00000000


mem[X,0x80007198] -> 0x006F
mem[X,0x8000719A] -> 0x00C0
[737] [M]: 0x80007198 (0x00C0006F) jal zero, 12


mem[X,0x800071A4] -> 0x4663
mem[X,0x800071A6] -> 0x00B5
[738] [M]: 0x800071A4 (0x00B54663) blt a0, a1, 12


mem[X,0x800071A8] -> 0x0113
mem[X,0x800071AA] -> 0x0021
[739] [M]: 0x800071A8 (0x00210113) addi sp, sp, 2
x2 <- 0x00000002


mem[X,0x800071AC] -> 0x006F
mem[X,0x800071AE] -> 0x00C0
[740] [M]: 0x800071AC (0x00C0006F) jal zero, 12


mem[X,0x800071B8] -> 0xA023
mem[X,0x800071BA] -> 0x0E20
[741] [M]: 0x800071B8 (0x0E20A023) sw sp, 224(ra)
mem[0x80039248] <- 0x00000002


mem[X,0x800071BC] -> 0x0537
mem[X,0x800071BE] -> 0x4000
[742] [M]: 0x800071BC (0x40000537) lui a0, 262144
x10 <- 0x40000000


mem[X,0x800071C0] -> 0xF5B7
mem[X,0x800071C2] -> 0xFFFF
[743] [M]: 0x800071C0 (0xFFFFF5B7) lui a1, 1048575
x11 <- 0xFFFFF000


mem[X,0x800071C4] -> 0x8593
mem[X,0x800071C6] -> 0x7FF5
[744] [M]: 0x800071C4 (0x7FF58593) addi a1, a1, 2047
x11 <- 0xFFFFF7FF


mem[X,0x800071C8] -> 0x0113
mem[X,0x800071CA] -> 0x0000
[745] [M]: 0x800071C8 (0x00000113) addi sp, zero, 0
x2 <- 0x00000000


mem[X,0x800071CC] -> 0x006F
mem[X,0x800071CE] -> 0x00C0
[746] [M]: 0x800071CC (0x00C0006F) jal zero, 12


mem[X,0x800071D8] -> 0x4063
mem[X,0x800071DA] -> 0x40B5
[747] [M]: 0x800071D8 (0x40B54063) blt a0, a1, 1024


mem[X,0x800071DC] -> 0x0113
mem[X,0x800071DE] -> 0x0021
[748] [M]: 0x800071DC (0x00210113) addi sp, sp, 2
x2 <- 0x00000002


mem[X,0x800071E0] -> 0x006F
mem[X,0x800071E2] -> 0x4000
[749] [M]: 0x800071E0 (0x4000006F) jal zero, 1024


mem[X,0x800075E0] -> 0xA223
mem[X,0x800075E2] -> 0x0E20
[750] [M]: 0x800075E0 (0x0E20A223) sw sp, 228(ra)
mem[0x8003924C] <- 0x00000002


mem[X,0x800075E4] -> 0x0513
mem[X,0x800075E6] -> 0xFFE0
[751] [M]: 0x800075E4 (0xFFE00513) addi a0, zero, 4094
x10 <- 0xFFFFFFFE


mem[X,0x800075E8] -> 0x05B7
mem[X,0x800075EA] -> 0x0004
[752] [M]: 0x800075E8 (0x000405B7) lui a1, 64
x11 <- 0x00040000


mem[X,0x800075EC] -> 0x0113
mem[X,0x800075EE] -> 0x0000
[753] [M]: 0x800075EC (0x00000113) addi sp, zero, 0
x2 <- 0x00000000


mem[X,0x800075F0] -> 0x006F
mem[X,0x800075F2] -> 0x00C0
[754] [M]: 0x800075F0 (0x00C0006F) jal zero, 12


mem[X,0x800075FC] -> 0x4063
mem[X,0x800075FE] -> 0x08B5
[755] [M]: 0x800075FC (0x08B54063) blt a0, a1, 128


mem[X,0x8000767C] -> 0x0113
mem[X,0x8000767E] -> 0x0031
[756] [M]: 0x8000767C (0x00310113) addi sp, sp, 3
x2 <- 0x00000003


mem[X,0x80007680] -> 0x006F
mem[X,0x80007682] -> 0x0040
[757] [M]: 0x80007680 (0x0040006F) jal zero, 4


mem[X,0x80007684] -> 0xA423
mem[X,0x80007686] -> 0x0E20
[758] [M]: 0x80007684 (0x0E20A423) sw sp, 232(ra)
mem[0x80039250] <- 0x00000003


mem[X,0x80007688] -> 0x0513
mem[X,0x8000768A] -> 0xFFB0
[759] [M]: 0x80007688 (0xFFB00513) addi a0, zero, 4091
x10 <- 0xFFFFFFFB


mem[X,0x8000768C] -> 0xB5B7
mem[X,0x8000768E] -> 0xAAAA
[760] [M]: 0x8000768C (0xAAAAB5B7) lui a1, 699051
x11 <- 0xAAAAB000


mem[X,0x80007690] -> 0x8593
mem[X,0x80007692] -> 0xAAB5
[761] [M]: 0x80007690 (0xAAB58593) addi a1, a1, 2731
x11 <- 0xAAAAAAAB


mem[X,0x80007694] -> 0x0113
mem[X,0x80007696] -> 0x0000
[762] [M]: 0x80007694 (0x00000113) addi sp, zero, 0
x2 <- 0x00000000


mem[X,0x80007698] -> 0x006F
mem[X,0x8000769A] -> 0x00C0
[763] [M]: 0x80007698 (0x00C0006F) jal zero, 12


mem[X,0x800076A4] -> 0x4663
mem[X,0x800076A6] -> 0x00B5
[764] [M]: 0x800076A4 (0x00B54663) blt a0, a1, 12


mem[X,0x800076A8] -> 0x0113
mem[X,0x800076AA] -> 0x0021
[765] [M]: 0x800076A8 (0x00210113) addi sp, sp, 2
x2 <- 0x00000002


mem[X,0x800076AC] -> 0x006F
mem[X,0x800076AE] -> 0x00C0
[766] [M]: 0x800076AC (0x00C0006F) jal zero, 12


mem[X,0x800076B8] -> 0xA623
mem[X,0x800076BA] -> 0x0E20
[767] [M]: 0x800076B8 (0x0E20A623) sw sp, 236(ra)
mem[0x80039254] <- 0x00000002


mem[X,0x800076BC] -> 0x0513
mem[X,0x800076BE] -> 0xFDF0
[768] [M]: 0x800076BC (0xFDF00513) addi a0, zero, 4063
x10 <- 0xFFFFFFDF


mem[X,0x800076C0] -> 0x05B7
mem[X,0x800076C2] -> 0x0001
[769] [M]: 0x800076C0 (0x000105B7) lui a1, 16
x11 <- 0x00010000


mem[X,0x800076C4] -> 0x0113
mem[X,0x800076C6] -> 0x0000
[770] [M]: 0x800076C4 (0x00000113) addi sp, zero, 0
x2 <- 0x00000000


mem[X,0x800076C8] -> 0x006F
mem[X,0x800076CA] -> 0x00C0
[771] [M]: 0x800076C8 (0x00C0006F) jal zero, 12


mem[X,0x800076D4] -> 0x4CE3
mem[X,0x800076D6] -> 0xFEB5
[772] [M]: 0x800076D4 (0xFEB54CE3) blt a0, a1, 8184


mem[X,0x800076CC] -> 0x0113
mem[X,0x800076CE] -> 0x0011
[773] [M]: 0x800076CC (0x00110113) addi sp, sp, 1
x2 <- 0x00000001


mem[X,0x800076D0] -> 0x006F
mem[X,0x800076D2] -> 0x0180
[774] [M]: 0x800076D0 (0x0180006F) jal zero, 24


mem[X,0x800076E8] -> 0xA823
mem[X,0x800076EA] -> 0x0E20
[775] [M]: 0x800076E8 (0x0E20A823) sw sp, 240(ra)
mem[0x80039258] <- 0x00000001


mem[X,0x800076EC] -> 0x0513
mem[X,0x800076EE] -> 0xFBF0
[776] [M]: 0x800076EC (0xFBF00513) addi a0, zero, 4031
x10 <- 0xFFFFFFBF


mem[X,0x800076F0] -> 0xB5B7
mem[X,0x800076F2] -> 0x0000
[777] [M]: 0x800076F0 (0x0000B5B7) lui a1, 11
x11 <- 0x0000B000


mem[X,0x800076F4] -> 0x8593
mem[X,0x800076F6] -> 0x5045
[778] [M]: 0x800076F4 (0x50458593) addi a1, a1, 1284
x11 <- 0x0000B504


mem[X,0x800076F8] -> 0x0113
mem[X,0x800076FA] -> 0x0000
[779] [M]: 0x800076F8 (0x00000113) addi sp, zero, 0
x2 <- 0x00000000


mem[X,0x800076FC] -> 0x006F
mem[X,0x800076FE] -> 0x00C0
[780] [M]: 0x800076FC (0x00C0006F) jal zero, 12


mem[X,0x80007708] -> 0x4663
mem[X,0x8000770A] -> 0x00B5
[781] [M]: 0x80007708 (0x00B54663) blt a0, a1, 12


mem[X,0x80007714] -> 0x0113
mem[X,0x80007716] -> 0x0031
[782] [M]: 0x80007714 (0x00310113) addi sp, sp, 3
x2 <- 0x00000003


mem[X,0x80007718] -> 0x006F
mem[X,0x8000771A] -> 0x0040
[783] [M]: 0x80007718 (0x0040006F) jal zero, 4


mem[X,0x8000771C] -> 0xAA23
mem[X,0x8000771E] -> 0x0E20
[784] [M]: 0x8000771C (0x0E20AA23) sw sp, 244(ra)
mem[0x8003925C] <- 0x00000003


mem[X,0x80007720] -> 0x0513
mem[X,0x80007722] -> 0xF7F0
[785] [M]: 0x80007720 (0xF7F00513) addi a0, zero, 3967
x10 <- 0xFFFFFF7F


mem[X,0x80007724] -> 0x05B7
mem[X,0x80007726] -> 0xFFFF
[786] [M]: 0x80007724 (0xFFFF05B7) lui a1, 1048560
x11 <- 0xFFFF0000


mem[X,0x80007728] -> 0x8593
mem[X,0x8000772A] -> 0xFFF5
[787] [M]: 0x80007728 (0xFFF58593) addi a1, a1, 4095
x11 <- 0xFFFEFFFF


mem[X,0x8000772C] -> 0x0113
mem[X,0x8000772E] -> 0x0000
[788] [M]: 0x8000772C (0x00000113) addi sp, zero, 0
x2 <- 0x00000000


mem[X,0x80007730] -> 0x006F
mem[X,0x80007732] -> 0x00C0
[789] [M]: 0x80007730 (0x00C0006F) jal zero, 12


mem[X,0x8000773C] -> 0x4063
mem[X,0x8000773E] -> 0x40B5
[790] [M]: 0x8000773C (0x40B54063) blt a0, a1, 1024


mem[X,0x80007740] -> 0x0113
mem[X,0x80007742] -> 0x0021
[791] [M]: 0x80007740 (0x00210113) addi sp, sp, 2
x2 <- 0x00000002


mem[X,0x80007744] -> 0x006F
mem[X,0x80007746] -> 0x4000
[792] [M]: 0x80007744 (0x4000006F) jal zero, 1024


mem[X,0x80007B44] -> 0xAC23
mem[X,0x80007B46] -> 0x0E20
[793] [M]: 0x80007B44 (0x0E20AC23) sw sp, 248(ra)
mem[0x80039260] <- 0x00000002


mem[X,0x80007B48] -> 0x0513
mem[X,0x80007B4A] -> 0xBFF0
[794] [M]: 0x80007B48 (0xBFF00513) addi a0, zero, 3071
x10 <- 0xFFFFFBFF


mem[X,0x80007B4C] -> 0x0593
mem[X,0x80007B4E] -> 0x0400
[795] [M]: 0x80007B4C (0x04000593) addi a1, zero, 64
x11 <- 0x00000040


mem[X,0x80007B50] -> 0x0113
mem[X,0x80007B52] -> 0x0000
[796] [M]: 0x80007B50 (0x00000113) addi sp, zero, 0
x2 <- 0x00000000


mem[X,0x80007B54] -> 0x006F
mem[X,0x80007B56] -> 0x00C0
[797] [M]: 0x80007B54 (0x00C0006F) jal zero, 12


mem[X,0x80007B60] -> 0x4663
mem[X,0x80007B62] -> 0x00B5
[798] [M]: 0x80007B60 (0x00B54663) blt a0, a1, 12


mem[X,0x80007B6C] -> 0x0113
mem[X,0x80007B6E] -> 0x0031
[799] [M]: 0x80007B6C (0x00310113) addi sp, sp, 3
x2 <- 0x00000003


clint::tick mtime <- 0x0000000000000008
 clint timer pending at mtime 0x0000000000000008
htif::tick 0x0000000000000000
mem[X,0x80007B70] -> 0x006F
mem[X,0x80007B72] -> 0x0040
[800] [M]: 0x80007B70 (0x0040006F) jal zero, 4


mem[X,0x80007B74] -> 0xAE23
mem[X,0x80007B76] -> 0x0E20
[801] [M]: 0x80007B74 (0x0E20AE23) sw sp, 252(ra)
mem[0x80039264] <- 0x00000003


mem[X,0x80007B78] -> 0xF537
mem[X,0x80007B7A] -> 0xFFFF
[802] [M]: 0x80007B78 (0xFFFFF537) lui a0, 1048575
x10 <- 0xFFFFF000


mem[X,0x80007B7C] -> 0x0513
mem[X,0x80007B7E] -> 0x7FF5
[803] [M]: 0x80007B7C (0x7FF50513) addi a0, a0, 2047
x10 <- 0xFFFFF7FF


mem[X,0x80007B80] -> 0x0593
mem[X,0x80007B82] -> 0x0090
[804] [M]: 0x80007B80 (0x00900593) addi a1, zero, 9
x11 <- 0x00000009


mem[X,0x80007B84] -> 0x0113
mem[X,0x80007B86] -> 0x0000
[805] [M]: 0x80007B84 (0x00000113) addi sp, zero, 0
x2 <- 0x00000000


mem[X,0x80007B88] -> 0x006F
mem[X,0x80007B8A] -> 0x00C0
[806] [M]: 0x80007B88 (0x00C0006F) jal zero, 12


mem[X,0x80007B94] -> 0x4CE3
mem[X,0x80007B96] -> 0xFEB5
[807] [M]: 0x80007B94 (0xFEB54CE3) blt a0, a1, 8184


mem[X,0x80007B8C] -> 0x0113
mem[X,0x80007B8E] -> 0x0011
[808] [M]: 0x80007B8C (0x00110113) addi sp, sp, 1
x2 <- 0x00000001


mem[X,0x80007B90] -> 0x006F
mem[X,0x80007B92] -> 0x0180
[809] [M]: 0x80007B90 (0x0180006F) jal zero, 24


mem[X,0x80007BA8] -> 0xA023
mem[X,0x80007BAA] -> 0x1020
[810] [M]: 0x80007BA8 (0x1020A023) sw sp, 256(ra)
mem[0x80039268] <- 0x00000001


mem[X,0x80007BAC] -> 0xE537
mem[X,0x80007BAE] -> 0xFFFF
[811] [M]: 0x80007BAC (0xFFFFE537) lui a0, 1048574
x10 <- 0xFFFFE000


mem[X,0x80007BB0] -> 0x0513
mem[X,0x80007BB2] -> 0xFFF5
[812] [M]: 0x80007BB0 (0xFFF50513) addi a0, a0, 4095
x10 <- 0xFFFFDFFF


mem[X,0x80007BB4] -> 0x0593
mem[X,0x80007BB6] -> 0x0080
[813] [M]: 0x80007BB4 (0x00800593) addi a1, zero, 8
x11 <- 0x00000008


mem[X,0x80007BB8] -> 0x0113
mem[X,0x80007BBA] -> 0x0000
[814] [M]: 0x80007BB8 (0x00000113) addi sp, zero, 0
x2 <- 0x00000000


mem[X,0x80007BBC] -> 0x006F
mem[X,0x80007BBE] -> 0x00C0
[815] [M]: 0x80007BBC (0x00C0006F) jal zero, 12


mem[X,0x80007BC8] -> 0x4CE3
mem[X,0x80007BCA] -> 0xFEB5
[816] [M]: 0x80007BC8 (0xFEB54CE3) blt a0, a1, 8184


mem[X,0x80007BC0] -> 0x0113
mem[X,0x80007BC2] -> 0x0011
[817] [M]: 0x80007BC0 (0x00110113) addi sp, sp, 1
x2 <- 0x00000001


mem[X,0x80007BC4] -> 0x006F
mem[X,0x80007BC6] -> 0x0180
[818] [M]: 0x80007BC4 (0x0180006F) jal zero, 24


mem[X,0x80007BDC] -> 0xA223
mem[X,0x80007BDE] -> 0x1020
[819] [M]: 0x80007BDC (0x1020A223) sw sp, 260(ra)
mem[0x8003926C] <- 0x00000001


mem[X,0x80007BE0] -> 0xC537
mem[X,0x80007BE2] -> 0xFFFF
[820] [M]: 0x80007BE0 (0xFFFFC537) lui a0, 1048572
x10 <- 0xFFFFC000


mem[X,0x80007BE4] -> 0x0513
mem[X,0x80007BE6] -> 0xFFF5
[821] [M]: 0x80007BE4 (0xFFF50513) addi a0, a0, 4095
x10 <- 0xFFFFBFFF


mem[X,0x80007BE8] -> 0x85B7
mem[X,0x80007BEA] -> 0x0000
[822] [M]: 0x80007BE8 (0x000085B7) lui a1, 8
x11 <- 0x00008000


mem[X,0x80007BEC] -> 0x0113
mem[X,0x80007BEE] -> 0x0000
[823] [M]: 0x80007BEC (0x00000113) addi sp, zero, 0
x2 <- 0x00000000


mem[X,0x80007BF0] -> 0x006F
mem[X,0x80007BF2] -> 0x00C0
[824] [M]: 0x80007BF0 (0x00C0006F) jal zero, 12


mem[X,0x80007BFC] -> 0x4663
mem[X,0x80007BFE] -> 0x00B5
[825] [M]: 0x80007BFC (0x00B54663) blt a0, a1, 12


mem[X,0x80007C08] -> 0x0113
mem[X,0x80007C0A] -> 0x0031
[826] [M]: 0x80007C08 (0x00310113) addi sp, sp, 3
x2 <- 0x00000003


mem[X,0x80007C0C] -> 0x006F
mem[X,0x80007C0E] -> 0x0040
[827] [M]: 0x80007C0C (0x0040006F) jal zero, 4


mem[X,0x80007C10] -> 0xA423
mem[X,0x80007C12] -> 0x1020
[828] [M]: 0x80007C10 (0x1020A423) sw sp, 264(ra)
mem[0x80039270] <- 0x00000003


mem[X,0x80007C14] -> 0x0537
mem[X,0x80007C16] -> 0xFFFC
[829] [M]: 0x80007C14 (0xFFFC0537) lui a0, 1048512
x10 <- 0xFFFC0000


mem[X,0x80007C18] -> 0x0513
mem[X,0x80007C1A] -> 0xFFF5
[830] [M]: 0x80007C18 (0xFFF50513) addi a0, a0, 4095
x10 <- 0xFFFBFFFF


mem[X,0x80007C1C] -> 0x05B7
mem[X,0x80007C1E] -> 0x0040
[831] [M]: 0x80007C1C (0x004005B7) lui a1, 1024
x11 <- 0x00400000


mem[X,0x80007C20] -> 0x0113
mem[X,0x80007C22] -> 0x0000
[832] [M]: 0x80007C20 (0x00000113) addi sp, zero, 0
x2 <- 0x00000000


mem[X,0x80007C24] -> 0x006F
mem[X,0x80007C26] -> 0x00C0
[833] [M]: 0x80007C24 (0x00C0006F) jal zero, 12


mem[X,0x80007C30] -> 0x4663
mem[X,0x80007C32] -> 0x00B5
[834] [M]: 0x80007C30 (0x00B54663) blt a0, a1, 12


mem[X,0x80007C3C] -> 0x0113
mem[X,0x80007C3E] -> 0x0031
[835] [M]: 0x80007C3C (0x00310113) addi sp, sp, 3
x2 <- 0x00000003


mem[X,0x80007C40] -> 0x006F
mem[X,0x80007C42] -> 0x0040
[836] [M]: 0x80007C40 (0x0040006F) jal zero, 4


mem[X,0x80007C44] -> 0xA623
mem[X,0x80007C46] -> 0x1020
[837] [M]: 0x80007C44 (0x1020A623) sw sp, 268(ra)
mem[0x80039274] <- 0x00000003


mem[X,0x80007C48] -> 0x0537
mem[X,0x80007C4A] -> 0xFF00
[838] [M]: 0x80007C48 (0xFF000537) lui a0, 1044480
x10 <- 0xFF000000


mem[X,0x80007C4C] -> 0x0513
mem[X,0x80007C4E] -> 0xFFF5
[839] [M]: 0x80007C4C (0xFFF50513) addi a0, a0, 4095
x10 <- 0xFEFFFFFF


mem[X,0x80007C50] -> 0x05B7
mem[X,0x80007C52] -> 0x0040
[840] [M]: 0x80007C50 (0x004005B7) lui a1, 1024
x11 <- 0x00400000


mem[X,0x80007C54] -> 0x0113
mem[X,0x80007C56] -> 0x0000
[841] [M]: 0x80007C54 (0x00000113) addi sp, zero, 0
x2 <- 0x00000000


mem[X,0x80007C58] -> 0x006F
mem[X,0x80007C5A] -> 0x00C0
[842] [M]: 0x80007C58 (0x00C0006F) jal zero, 12


mem[X,0x80007C64] -> 0x4063
mem[X,0x80007C66] -> 0x10B5
[843] [M]: 0x80007C64 (0x10B54063) blt a0, a1, 256


mem[X,0x80007D64] -> 0x0113
mem[X,0x80007D66] -> 0x0031
[844] [M]: 0x80007D64 (0x00310113) addi sp, sp, 3
x2 <- 0x00000003


mem[X,0x80007D68] -> 0x006F
mem[X,0x80007D6A] -> 0x0040
[845] [M]: 0x80007D68 (0x0040006F) jal zero, 4


mem[X,0x80007D6C] -> 0xA823
mem[X,0x80007D6E] -> 0x1020
[846] [M]: 0x80007D6C (0x1020A823) sw sp, 272(ra)
mem[0x80039278] <- 0x00000003


mem[X,0x80007D70] -> 0x0537
mem[X,0x80007D72] -> 0xFE00
[847] [M]: 0x80007D70 (0xFE000537) lui a0, 1040384
x10 <- 0xFE000000


mem[X,0x80007D74] -> 0x0513
mem[X,0x80007D76] -> 0xFFF5
[848] [M]: 0x80007D74 (0xFFF50513) addi a0, a0, 4095
x10 <- 0xFDFFFFFF


mem[X,0x80007D78] -> 0xF5B7
mem[X,0x80007D7A] -> 0xFFFF
[849] [M]: 0x80007D78 (0xFFFFF5B7) lui a1, 1048575
x11 <- 0xFFFFF000


mem[X,0x80007D7C] -> 0x8593
mem[X,0x80007D7E] -> 0xFFF5
[850] [M]: 0x80007D7C (0xFFF58593) addi a1, a1, 4095
x11 <- 0xFFFFEFFF


mem[X,0x80007D80] -> 0x0113
mem[X,0x80007D82] -> 0x0000
[851] [M]: 0x80007D80 (0x00000113) addi sp, zero, 0
x2 <- 0x00000000


mem[X,0x80007D84] -> 0x006F
mem[X,0x80007D86] -> 0x2B10
[852] [M]: 0x80007D84 (0x2B10006F) jal zero, 2736


mem[X,0x80008834] -> 0x4A63
mem[X,0x80008836] -> 0xD4B5
[853] [M]: 0x80008834 (0xD4B54A63) blt a0, a1, 5460


mem[X,0x80007D88] -> 0x0113
mem[X,0x80007D8A] -> 0x0011
[854] [M]: 0x80007D88 (0x00110113) addi sp, sp, 1
x2 <- 0x00000001


mem[X,0x80007D8C] -> 0x006F
mem[X,0x80007D8E] -> 0x2BD0
[855] [M]: 0x80007D8C (0x2BD0006F) jal zero, 2748


mem[X,0x80008848] -> 0xAA23
mem[X,0x8000884A] -> 0x1020
[856] [M]: 0x80008848 (0x1020AA23) sw sp, 276(ra)
mem[0x8003927C] <- 0x00000001


mem[X,0x8000884C] -> 0x0537
mem[X,0x8000884E] -> 0xF000
[857] [M]: 0x8000884C (0xF0000537) lui a0, 983040
x10 <- 0xF0000000


mem[X,0x80008850] -> 0x0513
mem[X,0x80008852] -> 0xFFF5
[858] [M]: 0x80008850 (0xFFF50513) addi a0, a0, 4095
x10 <- 0xEFFFFFFF


mem[X,0x80008854] -> 0x55B7
mem[X,0x80008856] -> 0xFFFF
[859] [M]: 0x80008854 (0xFFFF55B7) lui a1, 1048565
x11 <- 0xFFFF5000


mem[X,0x80008858] -> 0x8593
mem[X,0x8000885A] -> 0xAFC5
[860] [M]: 0x80008858 (0xAFC58593) addi a1, a1, 2812
x11 <- 0xFFFF4AFC


mem[X,0x8000885C] -> 0x0113
mem[X,0x8000885E] -> 0x0000
[861] [M]: 0x8000885C (0x00000113) addi sp, zero, 0
x2 <- 0x00000000


mem[X,0x80008860] -> 0x006F
mem[X,0x80008862] -> 0x00C0
[862] [M]: 0x80008860 (0x00C0006F) jal zero, 12


mem[X,0x8000886C] -> 0x4CE3
mem[X,0x8000886E] -> 0xFEB5
[863] [M]: 0x8000886C (0xFEB54CE3) blt a0, a1, 8184


mem[X,0x80008864] -> 0x0113
mem[X,0x80008866] -> 0x0011
[864] [M]: 0x80008864 (0x00110113) addi sp, sp, 1
x2 <- 0x00000001


mem[X,0x80008868] -> 0x006F
mem[X,0x8000886A] -> 0x0180
[865] [M]: 0x80008868 (0x0180006F) jal zero, 24


mem[X,0x80008880] -> 0xAC23
mem[X,0x80008882] -> 0x1020
[866] [M]: 0x80008880 (0x1020AC23) sw sp, 280(ra)
mem[0x80039280] <- 0x00000001


mem[X,0x80008884] -> 0x0537
mem[X,0x80008886] -> 0xC000
[867] [M]: 0x80008884 (0xC0000537) lui a0, 786432
x10 <- 0xC0000000


mem[X,0x80008888] -> 0x0513
mem[X,0x8000888A] -> 0xFFF5
[868] [M]: 0x80008888 (0xFFF50513) addi a0, a0, 4095
x10 <- 0xBFFFFFFF


mem[X,0x8000888C] -> 0x0593
mem[X,0x8000888E] -> 0xFF80
[869] [M]: 0x8000888C (0xFF800593) addi a1, zero, 4088
x11 <- 0xFFFFFFF8


mem[X,0x80008890] -> 0x0113
mem[X,0x80008892] -> 0x0000
[870] [M]: 0x80008890 (0x00000113) addi sp, zero, 0
x2 <- 0x00000000


mem[X,0x80008894] -> 0x006F
mem[X,0x80008896] -> 0x00C0
[871] [M]: 0x80008894 (0x00C0006F) jal zero, 12


mem[X,0x800088A0] -> 0x4CE3
mem[X,0x800088A2] -> 0xFEB5
[872] [M]: 0x800088A0 (0xFEB54CE3) blt a0, a1, 8184


mem[X,0x80008898] -> 0x0113
mem[X,0x8000889A] -> 0x0011
[873] [M]: 0x80008898 (0x00110113) addi sp, sp, 1
x2 <- 0x00000001


mem[X,0x8000889C] -> 0x006F
mem[X,0x8000889E] -> 0x0180
[874] [M]: 0x8000889C (0x0180006F) jal zero, 24


mem[X,0x800088B4] -> 0xAE23
mem[X,0x800088B6] -> 0x1020
[875] [M]: 0x800088B4 (0x1020AE23) sw sp, 284(ra)
mem[0x80039284] <- 0x00000001


mem[X,0x800088B8] -> 0x5537
mem[X,0x800088BA] -> 0x5555
[876] [M]: 0x800088B8 (0x55555537) lui a0, 349525
x10 <- 0x55555000


mem[X,0x800088BC] -> 0x0513
mem[X,0x800088BE] -> 0x5555
[877] [M]: 0x800088BC (0x55550513) addi a0, a0, 1365
x10 <- 0x55555555


mem[X,0x800088C0] -> 0x25B7
mem[X,0x800088C2] -> 0x0000
[878] [M]: 0x800088C0 (0x000025B7) lui a1, 2
x11 <- 0x00002000


mem[X,0x800088C4] -> 0x0113
mem[X,0x800088C6] -> 0x0000
[879] [M]: 0x800088C4 (0x00000113) addi sp, zero, 0
x2 <- 0x00000000


mem[X,0x800088C8] -> 0x006F
mem[X,0x800088CA] -> 0x0100
[880] [M]: 0x800088C8 (0x0100006F) jal zero, 16


mem[X,0x800088D8] -> 0x4AE3
mem[X,0x800088DA] -> 0xFEB5
[881] [M]: 0x800088D8 (0xFEB54AE3) blt a0, a1, 8180


mem[X,0x800088DC] -> 0x0113
mem[X,0x800088DE] -> 0x0021
[882] [M]: 0x800088DC (0x00210113) addi sp, sp, 2
x2 <- 0x00000002


mem[X,0x800088E0] -> 0x006F
mem[X,0x800088E2] -> 0x00C0
[883] [M]: 0x800088E0 (0x00C0006F) jal zero, 12


mem[X,0x800088EC] -> 0xA023
mem[X,0x800088EE] -> 0x1220
[884] [M]: 0x800088EC (0x1220A023) sw sp, 288(ra)
mem[0x80039288] <- 0x00000002


mem[X,0x800088F0] -> 0x0513
mem[X,0x800088F2] -> 0x0030
[885] [M]: 0x800088F0 (0x00300513) addi a0, zero, 3
x10 <- 0x00000003


mem[X,0x800088F4] -> 0x0593
mem[X,0x800088F6] -> 0x0030
[886] [M]: 0x800088F4 (0x00300593) addi a1, zero, 3
x11 <- 0x00000003


mem[X,0x800088F8] -> 0x0113
mem[X,0x800088FA] -> 0x0000
[887] [M]: 0x800088F8 (0x00000113) addi sp, zero, 0
x2 <- 0x00000000


mem[X,0x800088FC] -> 0x006F
mem[X,0x800088FE] -> 0x00C0
[888] [M]: 0x800088FC (0x00C0006F) jal zero, 12


mem[X,0x80008908] -> 0x4663
mem[X,0x8000890A] -> 0x00B5
[889] [M]: 0x80008908 (0x00B54663) blt a0, a1, 12


mem[X,0x8000890C] -> 0x0113
mem[X,0x8000890E] -> 0x0021
[890] [M]: 0x8000890C (0x00210113) addi sp, sp, 2
x2 <- 0x00000002


mem[X,0x80008910] -> 0x006F
mem[X,0x80008912] -> 0x00C0
[891] [M]: 0x80008910 (0x00C0006F) jal zero, 12


mem[X,0x8000891C] -> 0xA223
mem[X,0x8000891E] -> 0x1220
[892] [M]: 0x8000891C (0x1220A223) sw sp, 292(ra)
mem[0x8003928C] <- 0x00000002


mem[X,0x80008920] -> 0x0513
mem[X,0x80008922] -> 0x0030
[893] [M]: 0x80008920 (0x00300513) addi a0, zero, 3
x10 <- 0x00000003


mem[X,0x80008924] -> 0x55B7
mem[X,0x80008926] -> 0x5555
[894] [M]: 0x80008924 (0x555555B7) lui a1, 349525
x11 <- 0x55555000


mem[X,0x80008928] -> 0x8593
mem[X,0x8000892A] -> 0x5555
[895] [M]: 0x80008928 (0x55558593) addi a1, a1, 1365
x11 <- 0x55555555


mem[X,0x8000892C] -> 0x0113
mem[X,0x8000892E] -> 0x0000
[896] [M]: 0x8000892C (0x00000113) addi sp, zero, 0
x2 <- 0x00000000


mem[X,0x80008930] -> 0x006F
mem[X,0x80008932] -> 0x00C0
[897] [M]: 0x80008930 (0x00C0006F) jal zero, 12


mem[X,0x8000893C] -> 0x4063
mem[X,0x8000893E] -> 0x10B5
[898] [M]: 0x8000893C (0x10B54063) blt a0, a1, 256


mem[X,0x80008A3C] -> 0x0113
mem[X,0x80008A3E] -> 0x0031
[899] [M]: 0x80008A3C (0x00310113) addi sp, sp, 3
x2 <- 0x00000003


clint::tick mtime <- 0x0000000000000009
 clint timer pending at mtime 0x0000000000000009
htif::tick 0x0000000000000000
mem[X,0x80008A40] -> 0x006F
mem[X,0x80008A42] -> 0x0040
[900] [M]: 0x80008A40 (0x0040006F) jal zero, 4


mem[X,0x80008A44] -> 0xA423
mem[X,0x80008A46] -> 0x1220
[901] [M]: 0x80008A44 (0x1220A423) sw sp, 296(ra)
mem[0x80039290] <- 0x00000003


mem[X,0x80008A48] -> 0x0513
mem[X,0x80008A4A] -> 0x0030
[902] [M]: 0x80008A48 (0x00300513) addi a0, zero, 3
x10 <- 0x00000003


mem[X,0x80008A4C] -> 0xB5B7
mem[X,0x80008A4E] -> 0xAAAA
[903] [M]: 0x80008A4C (0xAAAAB5B7) lui a1, 699051
x11 <- 0xAAAAB000


mem[X,0x80008A50] -> 0x8593
mem[X,0x80008A52] -> 0xAAA5
[904] [M]: 0x80008A50 (0xAAA58593) addi a1, a1, 2730
x11 <- 0xAAAAAAAA


mem[X,0x80008A54] -> 0x0113
mem[X,0x80008A56] -> 0x0000
[905] [M]: 0x80008A54 (0x00000113) addi sp, zero, 0
x2 <- 0x00000000


mem[X,0x80008A58] -> 0x006F
mem[X,0x80008A5A] -> 0x00C0
[906] [M]: 0x80008A58 (0x00C0006F) jal zero, 12


mem[X,0x80008A64] -> 0x4063
mem[X,0x80008A66] -> 0x08B5
[907] [M]: 0x80008A64 (0x08B54063) blt a0, a1, 128


mem[X,0x80008A68] -> 0x0113
mem[X,0x80008A6A] -> 0x0021
[908] [M]: 0x80008A68 (0x00210113) addi sp, sp, 2
x2 <- 0x00000002


mem[X,0x80008A6C] -> 0x006F
mem[X,0x80008A6E] -> 0x0800
[909] [M]: 0x80008A6C (0x0800006F) jal zero, 128


mem[X,0x80008AEC] -> 0xA623
mem[X,0x80008AEE] -> 0x1220
[910] [M]: 0x80008AEC (0x1220A623) sw sp, 300(ra)
mem[0x80039294] <- 0x00000002


mem[X,0x80008AF0] -> 0x0513
mem[X,0x80008AF2] -> 0x0030
[911] [M]: 0x80008AF0 (0x00300513) addi a0, zero, 3
x10 <- 0x00000003


mem[X,0x80008AF4] -> 0x0593
mem[X,0x80008AF6] -> 0x0050
[912] [M]: 0x80008AF4 (0x00500593) addi a1, zero, 5
x11 <- 0x00000005


mem[X,0x80008AF8] -> 0x0113
mem[X,0x80008AFA] -> 0x0000
[913] [M]: 0x80008AF8 (0x00000113) addi sp, zero, 0
x2 <- 0x00000000


mem[X,0x80008AFC] -> 0x006F
mem[X,0x80008AFE] -> 0x00C0
[914] [M]: 0x80008AFC (0x00C0006F) jal zero, 12


mem[X,0x80008B08] -> 0x4063
mem[X,0x80008B0A] -> 0x40B5
[915] [M]: 0x80008B08 (0x40B54063) blt a0, a1, 1024


mem[X,0x80008F08] -> 0x0113
mem[X,0x80008F0A] -> 0x0031
[916] [M]: 0x80008F08 (0x00310113) addi sp, sp, 3
x2 <- 0x00000003


mem[X,0x80008F0C] -> 0x006F
mem[X,0x80008F0E] -> 0x0040
[917] [M]: 0x80008F0C (0x0040006F) jal zero, 4


mem[X,0x80008F10] -> 0xA823
mem[X,0x80008F12] -> 0x1220
[918] [M]: 0x80008F10 (0x1220A823) sw sp, 304(ra)
mem[0x80039298] <- 0x00000003


mem[X,0x80008F14] -> 0x0513
mem[X,0x80008F16] -> 0x0030
[919] [M]: 0x80008F14 (0x00300513) addi a0, zero, 3
x10 <- 0x00000003


mem[X,0x80008F18] -> 0x35B7
mem[X,0x80008F1A] -> 0x3333
[920] [M]: 0x80008F18 (0x333335B7) lui a1, 209715
x11 <- 0x33333000


mem[X,0x80008F1C] -> 0x8593
mem[X,0x80008F1E] -> 0x3335
[921] [M]: 0x80008F1C (0x33358593) addi a1, a1, 819
x11 <- 0x33333333


mem[X,0x80008F20] -> 0x0113
mem[X,0x80008F22] -> 0x0000
[922] [M]: 0x80008F20 (0x00000113) addi sp, zero, 0
x2 <- 0x00000000


mem[X,0x80008F24] -> 0x006F
mem[X,0x80008F26] -> 0x00C0
[923] [M]: 0x80008F24 (0x00C0006F) jal zero, 12


mem[X,0x80008F30] -> 0x4663
mem[X,0x80008F32] -> 0x00B5
[924] [M]: 0x80008F30 (0x00B54663) blt a0, a1, 12


mem[X,0x80008F3C] -> 0x0113
mem[X,0x80008F3E] -> 0x0031
[925] [M]: 0x80008F3C (0x00310113) addi sp, sp, 3
x2 <- 0x00000003


mem[X,0x80008F40] -> 0x006F
mem[X,0x80008F42] -> 0x0040
[926] [M]: 0x80008F40 (0x0040006F) jal zero, 4


mem[X,0x80008F44] -> 0xAA23
mem[X,0x80008F46] -> 0x1220
[927] [M]: 0x80008F44 (0x1220AA23) sw sp, 308(ra)
mem[0x8003929C] <- 0x00000003


mem[X,0x80008F48] -> 0x0513
mem[X,0x80008F4A] -> 0x0030
[928] [M]: 0x80008F48 (0x00300513) addi a0, zero, 3
x10 <- 0x00000003


mem[X,0x80008F4C] -> 0x65B7
mem[X,0x80008F4E] -> 0x6666
[929] [M]: 0x80008F4C (0x666665B7) lui a1, 419430
x11 <- 0x66666000


mem[X,0x80008F50] -> 0x8593
mem[X,0x80008F52] -> 0x6665
[930] [M]: 0x80008F50 (0x66658593) addi a1, a1, 1638
x11 <- 0x66666666


mem[X,0x80008F54] -> 0x0113
mem[X,0x80008F56] -> 0x0000
[931] [M]: 0x80008F54 (0x00000113) addi sp, zero, 0
x2 <- 0x00000000


mem[X,0x80008F58] -> 0x006F
mem[X,0x80008F5A] -> 0x00C0
[932] [M]: 0x80008F58 (0x00C0006F) jal zero, 12


mem[X,0x80008F64] -> 0x4063
mem[X,0x80008F66] -> 0x02B5
[933] [M]: 0x80008F64 (0x02B54063) blt a0, a1, 32


mem[X,0x80008F84] -> 0x0113
mem[X,0x80008F86] -> 0x0031
[934] [M]: 0x80008F84 (0x00310113) addi sp, sp, 3
x2 <- 0x00000003


mem[X,0x80008F88] -> 0x006F
mem[X,0x80008F8A] -> 0x0040
[935] [M]: 0x80008F88 (0x0040006F) jal zero, 4


mem[X,0x80008F8C] -> 0xAC23
mem[X,0x80008F8E] -> 0x1220
[936] [M]: 0x80008F8C (0x1220AC23) sw sp, 312(ra)
mem[0x800392A0] <- 0x00000003


mem[X,0x80008F90] -> 0x0513
mem[X,0x80008F92] -> 0x0030
[937] [M]: 0x80008F90 (0x00300513) addi a0, zero, 3
x10 <- 0x00000003


mem[X,0x80008F94] -> 0x55B7
mem[X,0x80008F96] -> 0xFFFF
[938] [M]: 0x80008F94 (0xFFFF55B7) lui a1, 1048565
x11 <- 0xFFFF5000


mem[X,0x80008F98] -> 0x8593
mem[X,0x80008F9A] -> 0xAFC5
[939] [M]: 0x80008F98 (0xAFC58593) addi a1, a1, 2812
x11 <- 0xFFFF4AFC


mem[X,0x80008F9C] -> 0x0113
mem[X,0x80008F9E] -> 0x0000
[940] [M]: 0x80008F9C (0x00000113) addi sp, zero, 0
x2 <- 0x00000000


mem[X,0x80008FA0] -> 0x006F
mem[X,0x80008FA2] -> 0x00C0
[941] [M]: 0x80008FA0 (0x00C0006F) jal zero, 12


mem[X,0x80008FAC] -> 0x4063
mem[X,0x80008FAE] -> 0x40B5
[942] [M]: 0x80008FAC (0x40B54063) blt a0, a1, 1024


mem[X,0x80008FB0] -> 0x0113
mem[X,0x80008FB2] -> 0x0021
[943] [M]: 0x80008FB0 (0x00210113) addi sp, sp, 2
x2 <- 0x00000002


mem[X,0x80008FB4] -> 0x006F
mem[X,0x80008FB6] -> 0x4000
[944] [M]: 0x80008FB4 (0x4000006F) jal zero, 1024


mem[X,0x800093B4] -> 0xAE23
mem[X,0x800093B6] -> 0x1220
[945] [M]: 0x800093B4 (0x1220AE23) sw sp, 316(ra)
mem[0x800392A4] <- 0x00000002


mem[X,0x800093B8] -> 0x0513
mem[X,0x800093BA] -> 0x0030
[946] [M]: 0x800093B8 (0x00300513) addi a0, zero, 3
x10 <- 0x00000003


mem[X,0x800093BC] -> 0xB5B7
mem[X,0x800093BE] -> 0x0000
[947] [M]: 0x800093BC (0x0000B5B7) lui a1, 11
x11 <- 0x0000B000


mem[X,0x800093C0] -> 0x8593
mem[X,0x800093C2] -> 0x5045
[948] [M]: 0x800093C0 (0x50458593) addi a1, a1, 1284
x11 <- 0x0000B504


mem[X,0x800093C4] -> 0x0113
mem[X,0x800093C6] -> 0x0000
[949] [M]: 0x800093C4 (0x00000113) addi sp, zero, 0
x2 <- 0x00000000


mem[X,0x800093C8] -> 0x006F
mem[X,0x800093CA] -> 0x00C0
[950] [M]: 0x800093C8 (0x00C0006F) jal zero, 12


mem[X,0x800093D4] -> 0x4063
mem[X,0x800093D6] -> 0x20B5
[951] [M]: 0x800093D4 (0x20B54063) blt a0, a1, 512


mem[X,0x800095D4] -> 0x0113
mem[X,0x800095D6] -> 0x0031
[952] [M]: 0x800095D4 (0x00310113) addi sp, sp, 3
x2 <- 0x00000003


mem[X,0x800095D8] -> 0x006F
mem[X,0x800095DA] -> 0x0040
[953] [M]: 0x800095D8 (0x0040006F) jal zero, 4


mem[X,0x800095DC] -> 0xA023
mem[X,0x800095DE] -> 0x1420
[954] [M]: 0x800095DC (0x1420A023) sw sp, 320(ra)
mem[0x800392A8] <- 0x00000003


mem[X,0x800095E0] -> 0x0513
mem[X,0x800095E2] -> 0x0030
[955] [M]: 0x800095E0 (0x00300513) addi a0, zero, 3
x10 <- 0x00000003


mem[X,0x800095E4] -> 0x0593
mem[X,0x800095E6] -> 0x0020
[956] [M]: 0x800095E4 (0x00200593) addi a1, zero, 2
x11 <- 0x00000002


mem[X,0x800095E8] -> 0x0113
mem[X,0x800095EA] -> 0x0000
[957] [M]: 0x800095E8 (0x00000113) addi sp, zero, 0
x2 <- 0x00000000


mem[X,0x800095EC] -> 0x006F
mem[X,0x800095EE] -> 0x2B10
[958] [M]: 0x800095EC (0x2B10006F) jal zero, 2736


mem[X,0x8000A09C] -> 0x4A63
mem[X,0x8000A09E] -> 0xD4B5
[959] [M]: 0x8000A09C (0xD4B54A63) blt a0, a1, 5460


mem[X,0x8000A0A0] -> 0x0113
mem[X,0x8000A0A2] -> 0x0021
[960] [M]: 0x8000A0A0 (0x00210113) addi sp, sp, 2
x2 <- 0x00000002


mem[X,0x8000A0A4] -> 0x006F
mem[X,0x8000A0A6] -> 0x00C0
[961] [M]: 0x8000A0A4 (0x00C0006F) jal zero, 12


mem[X,0x8000A0B0] -> 0xA223
mem[X,0x8000A0B2] -> 0x1420
[962] [M]: 0x8000A0B0 (0x1420A223) sw sp, 324(ra)
mem[0x800392AC] <- 0x00000002


mem[X,0x8000A0B4] -> 0x0513
mem[X,0x8000A0B6] -> 0x0030
[963] [M]: 0x8000A0B4 (0x00300513) addi a0, zero, 3
x10 <- 0x00000003


mem[X,0x8000A0B8] -> 0x55B7
mem[X,0x8000A0BA] -> 0x5555
[964] [M]: 0x8000A0B8 (0x555555B7) lui a1, 349525
x11 <- 0x55555000


mem[X,0x8000A0BC] -> 0x8593
mem[X,0x8000A0BE] -> 0x5545
[965] [M]: 0x8000A0BC (0x55458593) addi a1, a1, 1364
x11 <- 0x55555554


mem[X,0x8000A0C0] -> 0x0113
mem[X,0x8000A0C2] -> 0x0000
[966] [M]: 0x8000A0C0 (0x00000113) addi sp, zero, 0
x2 <- 0x00000000


mem[X,0x8000A0C4] -> 0x006F
mem[X,0x8000A0C6] -> 0x2B10
[967] [M]: 0x8000A0C4 (0x2B10006F) jal zero, 2736


mem[X,0x8000AB74] -> 0x4A63
mem[X,0x8000AB76] -> 0xD4B5
[968] [M]: 0x8000AB74 (0xD4B54A63) blt a0, a1, 5460


mem[X,0x8000A0C8] -> 0x0113
mem[X,0x8000A0CA] -> 0x0011
[969] [M]: 0x8000A0C8 (0x00110113) addi sp, sp, 1
x2 <- 0x00000001


mem[X,0x8000A0CC] -> 0x006F
mem[X,0x8000A0CE] -> 0x2BD0
[970] [M]: 0x8000A0CC (0x2BD0006F) jal zero, 2748


mem[X,0x8000AB88] -> 0xA423
mem[X,0x8000AB8A] -> 0x1420
[971] [M]: 0x8000AB88 (0x1420A423) sw sp, 328(ra)
mem[0x800392B0] <- 0x00000001


mem[X,0x8000AB8C] -> 0x0513
mem[X,0x8000AB8E] -> 0x0030
[972] [M]: 0x8000AB8C (0x00300513) addi a0, zero, 3
x10 <- 0x00000003


mem[X,0x8000AB90] -> 0x0593
mem[X,0x8000AB92] -> 0x0000
[973] [M]: 0x8000AB90 (0x00000593) addi a1, zero, 0
x11 <- 0x00000000


mem[X,0x8000AB94] -> 0x0113
mem[X,0x8000AB96] -> 0x0000
[974] [M]: 0x8000AB94 (0x00000113) addi sp, zero, 0
x2 <- 0x00000000


mem[X,0x8000AB98] -> 0x006F
mem[X,0x8000AB9A] -> 0x00C0
[975] [M]: 0x8000AB98 (0x00C0006F) jal zero, 12


mem[X,0x8000ABA4] -> 0x4663
mem[X,0x8000ABA6] -> 0x00B5
[976] [M]: 0x8000ABA4 (0x00B54663) blt a0, a1, 12


mem[X,0x8000ABA8] -> 0x0113
mem[X,0x8000ABAA] -> 0x0021
[977] [M]: 0x8000ABA8 (0x00210113) addi sp, sp, 2
x2 <- 0x00000002


mem[X,0x8000ABAC] -> 0x006F
mem[X,0x8000ABAE] -> 0x00C0
[978] [M]: 0x8000ABAC (0x00C0006F) jal zero, 12


mem[X,0x8000ABB8] -> 0xA623
mem[X,0x8000ABBA] -> 0x1420
[979] [M]: 0x8000ABB8 (0x1420A623) sw sp, 332(ra)
mem[0x800392B4] <- 0x00000002


mem[X,0x8000ABBC] -> 0x0513
mem[X,0x8000ABBE] -> 0x0030
[980] [M]: 0x8000ABBC (0x00300513) addi a0, zero, 3
x10 <- 0x00000003


mem[X,0x8000ABC0] -> 0x0593
mem[X,0x8000ABC2] -> 0x0040
[981] [M]: 0x8000ABC0 (0x00400593) addi a1, zero, 4
x11 <- 0x00000004


mem[X,0x8000ABC4] -> 0x0113
mem[X,0x8000ABC6] -> 0x0000
[982] [M]: 0x8000ABC4 (0x00000113) addi sp, zero, 0
x2 <- 0x00000000


mem[X,0x8000ABC8] -> 0x006F
mem[X,0x8000ABCA] -> 0x2B10
[983] [M]: 0x8000ABC8 (0x2B10006F) jal zero, 2736


mem[X,0x8000B678] -> 0x4A63
mem[X,0x8000B67A] -> 0xD4B5
[984] [M]: 0x8000B678 (0xD4B54A63) blt a0, a1, 5460


mem[X,0x8000ABCC] -> 0x0113
mem[X,0x8000ABCE] -> 0x0011
[985] [M]: 0x8000ABCC (0x00110113) addi sp, sp, 1
x2 <- 0x00000001


mem[X,0x8000ABD0] -> 0x006F
mem[X,0x8000ABD2] -> 0x2BD0
[986] [M]: 0x8000ABD0 (0x2BD0006F) jal zero, 2748


mem[X,0x8000B68C] -> 0xA823
mem[X,0x8000B68E] -> 0x1420
[987] [M]: 0x8000B68C (0x1420A823) sw sp, 336(ra)
mem[0x800392B8] <- 0x00000001


mem[X,0x8000B690] -> 0x0513
mem[X,0x8000B692] -> 0x0030
[988] [M]: 0x8000B690 (0x00300513) addi a0, zero, 3
x10 <- 0x00000003


mem[X,0x8000B694] -> 0x35B7
mem[X,0x8000B696] -> 0x3333
[989] [M]: 0x8000B694 (0x333335B7) lui a1, 209715
x11 <- 0x33333000


mem[X,0x8000B698] -> 0x8593
mem[X,0x8000B69A] -> 0x3325
[990] [M]: 0x8000B698 (0x33258593) addi a1, a1, 818
x11 <- 0x33333332


mem[X,0x8000B69C] -> 0x0113
mem[X,0x8000B69E] -> 0x0000
[991] [M]: 0x8000B69C (0x00000113) addi sp, zero, 0
x2 <- 0x00000000


mem[X,0x8000B6A0] -> 0x006F
mem[X,0x8000B6A2] -> 0x00C0
[992] [M]: 0x8000B6A0 (0x00C0006F) jal zero, 12


mem[X,0x8000B6AC] -> 0x4063
mem[X,0x8000B6AE] -> 0x20B5
[993] [M]: 0x8000B6AC (0x20B54063) blt a0, a1, 512


mem[X,0x8000B8AC] -> 0x0113
mem[X,0x8000B8AE] -> 0x0031
[994] [M]: 0x8000B8AC (0x00310113) addi sp, sp, 3
x2 <- 0x00000003


mem[X,0x8000B8B0] -> 0x006F
mem[X,0x8000B8B2] -> 0x0040
[995] [M]: 0x8000B8B0 (0x0040006F) jal zero, 4


mem[X,0x8000B8B4] -> 0xAA23
mem[X,0x8000B8B6] -> 0x1420
[996] [M]: 0x8000B8B4 (0x1420AA23) sw sp, 340(ra)
mem[0x800392BC] <- 0x00000003


mem[X,0x8000B8B8] -> 0x0513
mem[X,0x8000B8BA] -> 0x0030
[997] [M]: 0x8000B8B8 (0x00300513) addi a0, zero, 3
x10 <- 0x00000003


mem[X,0x8000B8BC] -> 0x65B7
mem[X,0x8000B8BE] -> 0x6666
[998] [M]: 0x8000B8BC (0x666665B7) lui a1, 419430
x11 <- 0x66666000


mem[X,0x8000B8C0] -> 0x8593
mem[X,0x8000B8C2] -> 0x6655
[999] [M]: 0x8000B8C0 (0x66558593) addi a1, a1, 1637
x11 <- 0x66666665


clint::tick mtime <- 0x000000000000000A
 clint timer pending at mtime 0x000000000000000A
htif::tick 0x0000000000000000
mem[X,0x8000B8C4] -> 0x0113
mem[X,0x8000B8C6] -> 0x0000
[1000] [M]: 0x8000B8C4 (0x00000113) addi sp, zero, 0
x2 <- 0x00000000


mem[X,0x8000B8C8] -> 0x006F
mem[X,0x8000B8CA] -> 0x0140
[1001] [M]: 0x8000B8C8 (0x0140006F) jal zero, 20


mem[X,0x8000B8DC] -> 0x48E3
mem[X,0x8000B8DE] -> 0xFEB5
[1002] [M]: 0x8000B8DC (0xFEB548E3) blt a0, a1, 8176


mem[X,0x8000B8CC] -> 0x0113
mem[X,0x8000B8CE] -> 0x0011
[1003] [M]: 0x8000B8CC (0x00110113) addi sp, sp, 1
x2 <- 0x00000001


mem[X,0x8000B8D0] -> 0x006F
mem[X,0x8000B8D2] -> 0x0200
[1004] [M]: 0x8000B8D0 (0x0200006F) jal zero, 32


mem[X,0x8000B8F0] -> 0xAC23
mem[X,0x8000B8F2] -> 0x1420
[1005] [M]: 0x8000B8F0 (0x1420AC23) sw sp, 344(ra)
mem[0x800392C0] <- 0x00000001


mem[X,0x8000B8F4] -> 0x0513
mem[X,0x8000B8F6] -> 0x0030
[1006] [M]: 0x8000B8F4 (0x00300513) addi a0, zero, 3
x10 <- 0x00000003


mem[X,0x8000B8F8] -> 0xB5B7
mem[X,0x8000B8FA] -> 0x0000
[1007] [M]: 0x8000B8F8 (0x0000B5B7) lui a1, 11
x11 <- 0x0000B000


mem[X,0x8000B8FC] -> 0x8593
mem[X,0x8000B8FE] -> 0x5035
[1008] [M]: 0x8000B8FC (0x50358593) addi a1, a1, 1283
x11 <- 0x0000B503


mem[X,0x8000B900] -> 0x0113
mem[X,0x8000B902] -> 0x0000
[1009] [M]: 0x8000B900 (0x00000113) addi sp, zero, 0
x2 <- 0x00000000


mem[X,0x8000B904] -> 0x006F
mem[X,0x8000B906] -> 0x00C0
[1010] [M]: 0x8000B904 (0x00C0006F) jal zero, 12


mem[X,0x8000B910] -> 0x4063
mem[X,0x8000B912] -> 0x20B5
[1011] [M]: 0x8000B910 (0x20B54063) blt a0, a1, 512


mem[X,0x8000BB10] -> 0x0113
mem[X,0x8000BB12] -> 0x0031
[1012] [M]: 0x8000BB10 (0x00310113) addi sp, sp, 3
x2 <- 0x00000003


mem[X,0x8000BB14] -> 0x006F
mem[X,0x8000BB16] -> 0x0040
[1013] [M]: 0x8000BB14 (0x0040006F) jal zero, 4


mem[X,0x8000BB18] -> 0xAE23
mem[X,0x8000BB1A] -> 0x1420
[1014] [M]: 0x8000BB18 (0x1420AE23) sw sp, 348(ra)
mem[0x800392C4] <- 0x00000003


mem[X,0x8000BB1C] -> 0x0513
mem[X,0x8000BB1E] -> 0x0030
[1015] [M]: 0x8000BB1C (0x00300513) addi a0, zero, 3
x10 <- 0x00000003


mem[X,0x8000BB20] -> 0x55B7
mem[X,0x8000BB22] -> 0x5555
[1016] [M]: 0x8000BB20 (0x555555B7) lui a1, 349525
x11 <- 0x55555000


mem[X,0x8000BB24] -> 0x8593
mem[X,0x8000BB26] -> 0x5565
[1017] [M]: 0x8000BB24 (0x55658593) addi a1, a1, 1366
x11 <- 0x55555556


mem[X,0x8000BB28] -> 0x0113
mem[X,0x8000BB2A] -> 0x0000
[1018] [M]: 0x8000BB28 (0x00000113) addi sp, zero, 0
x2 <- 0x00000000


mem[X,0x8000BB2C] -> 0x006F
mem[X,0x8000BB2E] -> 0x00C0
[1019] [M]: 0x8000BB2C (0x00C0006F) jal zero, 12


mem[X,0x8000BB38] -> 0x4063
mem[X,0x8000BB3A] -> 0x40B5
[1020] [M]: 0x8000BB38 (0x40B54063) blt a0, a1, 1024


mem[X,0x8000BF38] -> 0x0113
mem[X,0x8000BF3A] -> 0x0031
[1021] [M]: 0x8000BF38 (0x00310113) addi sp, sp, 3
x2 <- 0x00000003


mem[X,0x8000BF3C] -> 0x006F
mem[X,0x8000BF3E] -> 0x0040
[1022] [M]: 0x8000BF3C (0x0040006F) jal zero, 4


mem[X,0x8000BF40] -> 0xA023
mem[X,0x8000BF42] -> 0x1620
[1023] [M]: 0x8000BF40 (0x1620A023) sw sp, 352(ra)
mem[0x800392C8] <- 0x00000003


mem[X,0x8000BF44] -> 0x0513
mem[X,0x8000BF46] -> 0x0030
[1024] [M]: 0x8000BF44 (0x00300513) addi a0, zero, 3
x10 <- 0x00000003


mem[X,0x8000BF48] -> 0xB5B7
mem[X,0x8000BF4A] -> 0xAAAA
[1025] [M]: 0x8000BF48 (0xAAAAB5B7) lui a1, 699051
x11 <- 0xAAAAB000


mem[X,0x8000BF4C] -> 0x8593
mem[X,0x8000BF4E] -> 0xAAB5
[1026] [M]: 0x8000BF4C (0xAAB58593) addi a1, a1, 2731
x11 <- 0xAAAAAAAB


mem[X,0x8000BF50] -> 0x0113
mem[X,0x8000BF52] -> 0x0000
[1027] [M]: 0x8000BF50 (0x00000113) addi sp, zero, 0
x2 <- 0x00000000


mem[X,0x8000BF54] -> 0x006F
mem[X,0x8000BF56] -> 0x00C0
[1028] [M]: 0x8000BF54 (0x00C0006F) jal zero, 12


mem[X,0x8000BF60] -> 0x4863
mem[X,0x8000BF62] -> 0x00B5
[1029] [M]: 0x8000BF60 (0x00B54863) blt a0, a1, 16


mem[X,0x8000BF64] -> 0x0113
mem[X,0x8000BF66] -> 0x0021
[1030] [M]: 0x8000BF64 (0x00210113) addi sp, sp, 2
x2 <- 0x00000002


mem[X,0x8000BF68] -> 0x006F
mem[X,0x8000BF6A] -> 0x0100
[1031] [M]: 0x8000BF68 (0x0100006F) jal zero, 16


mem[X,0x8000BF78] -> 0xA223
mem[X,0x8000BF7A] -> 0x1620
[1032] [M]: 0x8000BF78 (0x1620A223) sw sp, 356(ra)
mem[0x800392CC] <- 0x00000002


mem[X,0x8000BF7C] -> 0x0513
mem[X,0x8000BF7E] -> 0x0030
[1033] [M]: 0x8000BF7C (0x00300513) addi a0, zero, 3
x10 <- 0x00000003


mem[X,0x8000BF80] -> 0x0593
mem[X,0x8000BF82] -> 0x0060
[1034] [M]: 0x8000BF80 (0x00600593) addi a1, zero, 6
x11 <- 0x00000006


mem[X,0x8000BF84] -> 0x0113
mem[X,0x8000BF86] -> 0x0000
[1035] [M]: 0x8000BF84 (0x00000113) addi sp, zero, 0
x2 <- 0x00000000


mem[X,0x8000BF88] -> 0x006F
mem[X,0x8000BF8A] -> 0x0140
[1036] [M]: 0x8000BF88 (0x0140006F) jal zero, 20


mem[X,0x8000BF9C] -> 0x48E3
mem[X,0x8000BF9E] -> 0xFEB5
[1037] [M]: 0x8000BF9C (0xFEB548E3) blt a0, a1, 8176


mem[X,0x8000BF8C] -> 0x0113
mem[X,0x8000BF8E] -> 0x0011
[1038] [M]: 0x8000BF8C (0x00110113) addi sp, sp, 1
x2 <- 0x00000001


mem[X,0x8000BF90] -> 0x006F
mem[X,0x8000BF92] -> 0x0200
[1039] [M]: 0x8000BF90 (0x0200006F) jal zero, 32


mem[X,0x8000BFB0] -> 0xA423
mem[X,0x8000BFB2] -> 0x1620
[1040] [M]: 0x8000BFB0 (0x1620A423) sw sp, 360(ra)
mem[0x800392D0] <- 0x00000001


mem[X,0x8000BFB4] -> 0x0513
mem[X,0x8000BFB6] -> 0x0030
[1041] [M]: 0x8000BFB4 (0x00300513) addi a0, zero, 3
x10 <- 0x00000003


mem[X,0x8000BFB8] -> 0x35B7
mem[X,0x8000BFBA] -> 0x3333
[1042] [M]: 0x8000BFB8 (0x333335B7) lui a1, 209715
x11 <- 0x33333000


mem[X,0x8000BFBC] -> 0x8593
mem[X,0x8000BFBE] -> 0x3345
[1043] [M]: 0x8000BFBC (0x33458593) addi a1, a1, 820
x11 <- 0x33333334


mem[X,0x8000BFC0] -> 0x0113
mem[X,0x8000BFC2] -> 0x0000
[1044] [M]: 0x8000BFC0 (0x00000113) addi sp, zero, 0
x2 <- 0x00000000


mem[X,0x8000BFC4] -> 0x006F
mem[X,0x8000BFC6] -> 0x00C0
[1045] [M]: 0x8000BFC4 (0x00C0006F) jal zero, 12


mem[X,0x8000BFD0] -> 0x4CE3
mem[X,0x8000BFD2] -> 0xFEB5
[1046] [M]: 0x8000BFD0 (0xFEB54CE3) blt a0, a1, 8184


mem[X,0x8000BFC8] -> 0x0113
mem[X,0x8000BFCA] -> 0x0011
[1047] [M]: 0x8000BFC8 (0x00110113) addi sp, sp, 1
x2 <- 0x00000001


mem[X,0x8000BFCC] -> 0x006F
mem[X,0x8000BFCE] -> 0x0180
[1048] [M]: 0x8000BFCC (0x0180006F) jal zero, 24


mem[X,0x8000BFE4] -> 0xA623
mem[X,0x8000BFE6] -> 0x1620
[1049] [M]: 0x8000BFE4 (0x1620A623) sw sp, 364(ra)
mem[0x800392D4] <- 0x00000001


mem[X,0x8000BFE8] -> 0x0513
mem[X,0x8000BFEA] -> 0x0030
[1050] [M]: 0x8000BFE8 (0x00300513) addi a0, zero, 3
x10 <- 0x00000003


mem[X,0x8000BFEC] -> 0x65B7
mem[X,0x8000BFEE] -> 0x6666
[1051] [M]: 0x8000BFEC (0x666665B7) lui a1, 419430
x11 <- 0x66666000


mem[X,0x8000BFF0] -> 0x8593
mem[X,0x8000BFF2] -> 0x6675
[1052] [M]: 0x8000BFF0 (0x66758593) addi a1, a1, 1639
x11 <- 0x66666667


mem[X,0x8000BFF4] -> 0x0113
mem[X,0x8000BFF6] -> 0x0000
[1053] [M]: 0x8000BFF4 (0x00000113) addi sp, zero, 0
x2 <- 0x00000000


mem[X,0x8000BFF8] -> 0x006F
mem[X,0x8000BFFA] -> 0x00C0
[1054] [M]: 0x8000BFF8 (0x00C0006F) jal zero, 12


mem[X,0x8000C004] -> 0x4663
mem[X,0x8000C006] -> 0x00B5
[1055] [M]: 0x8000C004 (0x00B54663) blt a0, a1, 12


mem[X,0x8000C010] -> 0x0113
mem[X,0x8000C012] -> 0x0031
[1056] [M]: 0x8000C010 (0x00310113) addi sp, sp, 3
x2 <- 0x00000003


mem[X,0x8000C014] -> 0x006F
mem[X,0x8000C016] -> 0x0040
[1057] [M]: 0x8000C014 (0x0040006F) jal zero, 4


mem[X,0x8000C018] -> 0xA823
mem[X,0x8000C01A] -> 0x1620
[1058] [M]: 0x8000C018 (0x1620A823) sw sp, 368(ra)
mem[0x800392D8] <- 0x00000003


mem[X,0x8000C01C] -> 0x0513
mem[X,0x8000C01E] -> 0x0030
[1059] [M]: 0x8000C01C (0x00300513) addi a0, zero, 3
x10 <- 0x00000003


mem[X,0x8000C020] -> 0x55B7
mem[X,0x8000C022] -> 0xFFFF
[1060] [M]: 0x8000C020 (0xFFFF55B7) lui a1, 1048565
x11 <- 0xFFFF5000


mem[X,0x8000C024] -> 0x8593
mem[X,0x8000C026] -> 0xAFD5
[1061] [M]: 0x8000C024 (0xAFD58593) addi a1, a1, 2813
x11 <- 0xFFFF4AFD


mem[X,0x8000C028] -> 0x0113
mem[X,0x8000C02A] -> 0x0000
[1062] [M]: 0x8000C028 (0x00000113) addi sp, zero, 0
x2 <- 0x00000000


mem[X,0x8000C02C] -> 0x006F
mem[X,0x8000C02E] -> 0x0100
[1063] [M]: 0x8000C02C (0x0100006F) jal zero, 16


mem[X,0x8000C03C] -> 0x4AE3
mem[X,0x8000C03E] -> 0xFEB5
[1064] [M]: 0x8000C03C (0xFEB54AE3) blt a0, a1, 8180


mem[X,0x8000C040] -> 0x0113
mem[X,0x8000C042] -> 0x0021
[1065] [M]: 0x8000C040 (0x00210113) addi sp, sp, 2
x2 <- 0x00000002


mem[X,0x8000C044] -> 0x006F
mem[X,0x8000C046] -> 0x00C0
[1066] [M]: 0x8000C044 (0x00C0006F) jal zero, 12


mem[X,0x8000C050] -> 0xAA23
mem[X,0x8000C052] -> 0x1620
[1067] [M]: 0x8000C050 (0x1620AA23) sw sp, 372(ra)
mem[0x800392DC] <- 0x00000002


mem[X,0x8000C054] -> 0x0513
mem[X,0x8000C056] -> 0x0030
[1068] [M]: 0x8000C054 (0x00300513) addi a0, zero, 3
x10 <- 0x00000003


mem[X,0x8000C058] -> 0xB5B7
mem[X,0x8000C05A] -> 0x0000
[1069] [M]: 0x8000C058 (0x0000B5B7) lui a1, 11
x11 <- 0x0000B000


mem[X,0x8000C05C] -> 0x8593
mem[X,0x8000C05E] -> 0x5055
[1070] [M]: 0x8000C05C (0x50558593) addi a1, a1, 1285
x11 <- 0x0000B505


mem[X,0x8000C060] -> 0x0113
mem[X,0x8000C062] -> 0x0000
[1071] [M]: 0x8000C060 (0x00000113) addi sp, zero, 0
x2 <- 0x00000000


mem[X,0x8000C064] -> 0x006F
mem[X,0x8000C066] -> 0x00C0
[1072] [M]: 0x8000C064 (0x00C0006F) jal zero, 12


mem[X,0x8000C070] -> 0x4063
mem[X,0x8000C072] -> 0x10B5
[1073] [M]: 0x8000C070 (0x10B54063) blt a0, a1, 256


mem[X,0x8000C170] -> 0x0113
mem[X,0x8000C172] -> 0x0031
[1074] [M]: 0x8000C170 (0x00310113) addi sp, sp, 3
x2 <- 0x00000003


mem[X,0x8000C174] -> 0x006F
mem[X,0x8000C176] -> 0x0040
[1075] [M]: 0x8000C174 (0x0040006F) jal zero, 4


mem[X,0x8000C178] -> 0xAC23
mem[X,0x8000C17A] -> 0x1620
[1076] [M]: 0x8000C178 (0x1620AC23) sw sp, 376(ra)
mem[0x800392E0] <- 0x00000003


mem[X,0x8000C17C] -> 0x5537
mem[X,0x8000C17E] -> 0x5555
[1077] [M]: 0x8000C17C (0x55555537) lui a0, 349525
x10 <- 0x55555000


mem[X,0x8000C180] -> 0x0513
mem[X,0x8000C182] -> 0x5555
[1078] [M]: 0x8000C180 (0x55550513) addi a0, a0, 1365
x10 <- 0x55555555


mem[X,0x8000C184] -> 0x0593
mem[X,0x8000C186] -> 0x0030
[1079] [M]: 0x8000C184 (0x00300593) addi a1, zero, 3
x11 <- 0x00000003


mem[X,0x8000C188] -> 0x0113
mem[X,0x8000C18A] -> 0x0000
[1080] [M]: 0x8000C188 (0x00000113) addi sp, zero, 0
x2 <- 0x00000000


mem[X,0x8000C18C] -> 0x006F
mem[X,0x8000C18E] -> 0x00C0
[1081] [M]: 0x8000C18C (0x00C0006F) jal zero, 12


mem[X,0x8000C198] -> 0x4CE3
mem[X,0x8000C19A] -> 0xFEB5
[1082] [M]: 0x8000C198 (0xFEB54CE3) blt a0, a1, 8184


mem[X,0x8000C19C] -> 0x0113
mem[X,0x8000C19E] -> 0x0021
[1083] [M]: 0x8000C19C (0x00210113) addi sp, sp, 2
x2 <- 0x00000002


mem[X,0x8000C1A0] -> 0x006F
mem[X,0x8000C1A2] -> 0x00C0
[1084] [M]: 0x8000C1A0 (0x00C0006F) jal zero, 12


mem[X,0x8000C1AC] -> 0xAE23
mem[X,0x8000C1AE] -> 0x1620
[1085] [M]: 0x8000C1AC (0x1620AE23) sw sp, 380(ra)
mem[0x800392E4] <- 0x00000002


mem[X,0x8000C1B0] -> 0x5537
mem[X,0x8000C1B2] -> 0x5555
[1086] [M]: 0x8000C1B0 (0x55555537) lui a0, 349525
x10 <- 0x55555000


mem[X,0x8000C1B4] -> 0x0513
mem[X,0x8000C1B6] -> 0x5555
[1087] [M]: 0x8000C1B4 (0x55550513) addi a0, a0, 1365
x10 <- 0x55555555


mem[X,0x8000C1B8] -> 0x55B7
mem[X,0x8000C1BA] -> 0x5555
[1088] [M]: 0x8000C1B8 (0x555555B7) lui a1, 349525
x11 <- 0x55555000


mem[X,0x8000C1BC] -> 0x8593
mem[X,0x8000C1BE] -> 0x5555
[1089] [M]: 0x8000C1BC (0x55558593) addi a1, a1, 1365
x11 <- 0x55555555


mem[X,0x8000C1C0] -> 0x0113
mem[X,0x8000C1C2] -> 0x0000
[1090] [M]: 0x8000C1C0 (0x00000113) addi sp, zero, 0
x2 <- 0x00000000


mem[X,0x8000C1C4] -> 0x006F
mem[X,0x8000C1C6] -> 0x00C0
[1091] [M]: 0x8000C1C4 (0x00C0006F) jal zero, 12


mem[X,0x8000C1D0] -> 0x4863
mem[X,0x8000C1D2] -> 0x00B5
[1092] [M]: 0x8000C1D0 (0x00B54863) blt a0, a1, 16


mem[X,0x8000C1D4] -> 0x0113
mem[X,0x8000C1D6] -> 0x0021
[1093] [M]: 0x8000C1D4 (0x00210113) addi sp, sp, 2
x2 <- 0x00000002


mem[X,0x8000C1D8] -> 0x006F
mem[X,0x8000C1DA] -> 0x0100
[1094] [M]: 0x8000C1D8 (0x0100006F) jal zero, 16


mem[X,0x8000C1E8] -> 0xA023
mem[X,0x8000C1EA] -> 0x1820
[1095] [M]: 0x8000C1E8 (0x1820A023) sw sp, 384(ra)
mem[0x800392E8] <- 0x00000002


mem[X,0x8000C1EC] -> 0x5537
mem[X,0x8000C1EE] -> 0x5555
[1096] [M]: 0x8000C1EC (0x55555537) lui a0, 349525
x10 <- 0x55555000


mem[X,0x8000C1F0] -> 0x0513
mem[X,0x8000C1F2] -> 0x5555
[1097] [M]: 0x8000C1F0 (0x55550513) addi a0, a0, 1365
x10 <- 0x55555555


mem[X,0x8000C1F4] -> 0xB5B7
mem[X,0x8000C1F6] -> 0xAAAA
[1098] [M]: 0x8000C1F4 (0xAAAAB5B7) lui a1, 699051
x11 <- 0xAAAAB000


mem[X,0x8000C1F8] -> 0x8593
mem[X,0x8000C1FA] -> 0xAAA5
[1099] [M]: 0x8000C1F8 (0xAAA58593) addi a1, a1, 2730
x11 <- 0xAAAAAAAA


clint::tick mtime <- 0x000000000000000B
 clint timer pending at mtime 0x000000000000000B
htif::tick 0x0000000000000000
mem[X,0x8000C1FC] -> 0x0113
mem[X,0x8000C1FE] -> 0x0000
[1100] [M]: 0x8000C1FC (0x00000113) addi sp, zero, 0
x2 <- 0x00000000


mem[X,0x8000C200] -> 0x006F
mem[X,0x8000C202] -> 0x00C0
[1101] [M]: 0x8000C200 (0x00C0006F) jal zero, 12


mem[X,0x8000C20C] -> 0x4063
mem[X,0x8000C20E] -> 0x20B5
[1102] [M]: 0x8000C20C (0x20B54063) blt a0, a1, 512


mem[X,0x8000C210] -> 0x0113
mem[X,0x8000C212] -> 0x0021
[1103] [M]: 0x8000C210 (0x00210113) addi sp, sp, 2
x2 <- 0x00000002


mem[X,0x8000C214] -> 0x006F
mem[X,0x8000C216] -> 0x2000
[1104] [M]: 0x8000C214 (0x2000006F) jal zero, 512


mem[X,0x8000C414] -> 0xA223
mem[X,0x8000C416] -> 0x1820
[1105] [M]: 0x8000C414 (0x1820A223) sw sp, 388(ra)
mem[0x800392EC] <- 0x00000002


mem[X,0x8000C418] -> 0x5537
mem[X,0x8000C41A] -> 0x5555
[1106] [M]: 0x8000C418 (0x55555537) lui a0, 349525
x10 <- 0x55555000


mem[X,0x8000C41C] -> 0x0513
mem[X,0x8000C41E] -> 0x5555
[1107] [M]: 0x8000C41C (0x55550513) addi a0, a0, 1365
x10 <- 0x55555555


mem[X,0x8000C420] -> 0x0593
mem[X,0x8000C422] -> 0x0050
[1108] [M]: 0x8000C420 (0x00500593) addi a1, zero, 5
x11 <- 0x00000005


mem[X,0x8000C424] -> 0x0113
mem[X,0x8000C426] -> 0x0000
[1109] [M]: 0x8000C424 (0x00000113) addi sp, zero, 0
x2 <- 0x00000000


mem[X,0x8000C428] -> 0x006F
mem[X,0x8000C42A] -> 0x00C0
[1110] [M]: 0x8000C428 (0x00C0006F) jal zero, 12


mem[X,0x8000C434] -> 0x4063
mem[X,0x8000C436] -> 0x10B5
[1111] [M]: 0x8000C434 (0x10B54063) blt a0, a1, 256


mem[X,0x8000C438] -> 0x0113
mem[X,0x8000C43A] -> 0x0021
[1112] [M]: 0x8000C438 (0x00210113) addi sp, sp, 2
x2 <- 0x00000002


mem[X,0x8000C43C] -> 0x006F
mem[X,0x8000C43E] -> 0x1000
[1113] [M]: 0x8000C43C (0x1000006F) jal zero, 256


mem[X,0x8000C53C] -> 0xA423
mem[X,0x8000C53E] -> 0x1820
[1114] [M]: 0x8000C53C (0x1820A423) sw sp, 392(ra)
mem[0x800392F0] <- 0x00000002


mem[X,0x8000C540] -> 0x5537
mem[X,0x8000C542] -> 0x5555
[1115] [M]: 0x8000C540 (0x55555537) lui a0, 349525
x10 <- 0x55555000


mem[X,0x8000C544] -> 0x0513
mem[X,0x8000C546] -> 0x5555
[1116] [M]: 0x8000C544 (0x55550513) addi a0, a0, 1365
x10 <- 0x55555555


mem[X,0x8000C548] -> 0x35B7
mem[X,0x8000C54A] -> 0x3333
[1117] [M]: 0x8000C548 (0x333335B7) lui a1, 209715
x11 <- 0x33333000


mem[X,0x8000C54C] -> 0x8593
mem[X,0x8000C54E] -> 0x3335
[1118] [M]: 0x8000C54C (0x33358593) addi a1, a1, 819
x11 <- 0x33333333


mem[X,0x8000C550] -> 0x0113
mem[X,0x8000C552] -> 0x0000
[1119] [M]: 0x8000C550 (0x00000113) addi sp, zero, 0
x2 <- 0x00000000


mem[X,0x8000C554] -> 0x006F
mem[X,0x8000C556] -> 0x00C0
[1120] [M]: 0x8000C554 (0x00C0006F) jal zero, 12


mem[X,0x8000C560] -> 0x4663
mem[X,0x8000C562] -> 0x00B5
[1121] [M]: 0x8000C560 (0x00B54663) blt a0, a1, 12


mem[X,0x8000C564] -> 0x0113
mem[X,0x8000C566] -> 0x0021
[1122] [M]: 0x8000C564 (0x00210113) addi sp, sp, 2
x2 <- 0x00000002


mem[X,0x8000C568] -> 0x006F
mem[X,0x8000C56A] -> 0x00C0
[1123] [M]: 0x8000C568 (0x00C0006F) jal zero, 12


mem[X,0x8000C574] -> 0xA623
mem[X,0x8000C576] -> 0x1820
[1124] [M]: 0x8000C574 (0x1820A623) sw sp, 396(ra)
mem[0x800392F4] <- 0x00000002


mem[X,0x8000C578] -> 0x5537
mem[X,0x8000C57A] -> 0x5555
[1125] [M]: 0x8000C578 (0x55555537) lui a0, 349525
x10 <- 0x55555000


mem[X,0x8000C57C] -> 0x0513
mem[X,0x8000C57E] -> 0x5555
[1126] [M]: 0x8000C57C (0x55550513) addi a0, a0, 1365
x10 <- 0x55555555


mem[X,0x8000C580] -> 0x65B7
mem[X,0x8000C582] -> 0x6666
[1127] [M]: 0x8000C580 (0x666665B7) lui a1, 419430
x11 <- 0x66666000


mem[X,0x8000C584] -> 0x8593
mem[X,0x8000C586] -> 0x6665
[1128] [M]: 0x8000C584 (0x66658593) addi a1, a1, 1638
x11 <- 0x66666666


mem[X,0x8000C588] -> 0x0113
mem[X,0x8000C58A] -> 0x0000
[1129] [M]: 0x8000C588 (0x00000113) addi sp, zero, 0
x2 <- 0x00000000


mem[X,0x8000C58C] -> 0x006F
mem[X,0x8000C58E] -> 0x00C0
[1130] [M]: 0x8000C58C (0x00C0006F) jal zero, 12


mem[X,0x8000C598] -> 0x4663
mem[X,0x8000C59A] -> 0x00B5
[1131] [M]: 0x8000C598 (0x00B54663) blt a0, a1, 12


mem[X,0x8000C5A4] -> 0x0113
mem[X,0x8000C5A6] -> 0x0031
[1132] [M]: 0x8000C5A4 (0x00310113) addi sp, sp, 3
x2 <- 0x00000003


mem[X,0x8000C5A8] -> 0x006F
mem[X,0x8000C5AA] -> 0x0040
[1133] [M]: 0x8000C5A8 (0x0040006F) jal zero, 4


mem[X,0x8000C5AC] -> 0xA823
mem[X,0x8000C5AE] -> 0x1820
[1134] [M]: 0x8000C5AC (0x1820A823) sw sp, 400(ra)
mem[0x800392F8] <- 0x00000003


mem[X,0x8000C5B0] -> 0x5537
mem[X,0x8000C5B2] -> 0x5555
[1135] [M]: 0x8000C5B0 (0x55555537) lui a0, 349525
x10 <- 0x55555000


mem[X,0x8000C5B4] -> 0x0513
mem[X,0x8000C5B6] -> 0x5555
[1136] [M]: 0x8000C5B4 (0x55550513) addi a0, a0, 1365
x10 <- 0x55555555


mem[X,0x8000C5B8] -> 0x55B7
mem[X,0x8000C5BA] -> 0xFFFF
[1137] [M]: 0x8000C5B8 (0xFFFF55B7) lui a1, 1048565
x11 <- 0xFFFF5000


mem[X,0x8000C5BC] -> 0x8593
mem[X,0x8000C5BE] -> 0xAFC5
[1138] [M]: 0x8000C5BC (0xAFC58593) addi a1, a1, 2812
x11 <- 0xFFFF4AFC


mem[X,0x8000C5C0] -> 0x0113
mem[X,0x8000C5C2] -> 0x0000
[1139] [M]: 0x8000C5C0 (0x00000113) addi sp, zero, 0
x2 <- 0x00000000


mem[X,0x8000C5C4] -> 0x006F
mem[X,0x8000C5C6] -> 0x0140
[1140] [M]: 0x8000C5C4 (0x0140006F) jal zero, 20


mem[X,0x8000C5D8] -> 0x48E3
mem[X,0x8000C5DA] -> 0xFEB5
[1141] [M]: 0x8000C5D8 (0xFEB548E3) blt a0, a1, 8176


mem[X,0x8000C5DC] -> 0x0113
mem[X,0x8000C5DE] -> 0x0021
[1142] [M]: 0x8000C5DC (0x00210113) addi sp, sp, 2
x2 <- 0x00000002


mem[X,0x8000C5E0] -> 0x006F
mem[X,0x8000C5E2] -> 0x00C0
[1143] [M]: 0x8000C5E0 (0x00C0006F) jal zero, 12


mem[X,0x8000C5EC] -> 0xAA23
mem[X,0x8000C5EE] -> 0x1820
[1144] [M]: 0x8000C5EC (0x1820AA23) sw sp, 404(ra)
mem[0x800392FC] <- 0x00000002


mem[X,0x8000C5F0] -> 0x5537
mem[X,0x8000C5F2] -> 0x5555
[1145] [M]: 0x8000C5F0 (0x55555537) lui a0, 349525
x10 <- 0x55555000


mem[X,0x8000C5F4] -> 0x0513
mem[X,0x8000C5F6] -> 0x5555
[1146] [M]: 0x8000C5F4 (0x55550513) addi a0, a0, 1365
x10 <- 0x55555555


mem[X,0x8000C5F8] -> 0xB5B7
mem[X,0x8000C5FA] -> 0x0000
[1147] [M]: 0x8000C5F8 (0x0000B5B7) lui a1, 11
x11 <- 0x0000B000


mem[X,0x8000C5FC] -> 0x8593
mem[X,0x8000C5FE] -> 0x5045
[1148] [M]: 0x8000C5FC (0x50458593) addi a1, a1, 1284
x11 <- 0x0000B504


mem[X,0x8000C600] -> 0x0113
mem[X,0x8000C602] -> 0x0000
[1149] [M]: 0x8000C600 (0x00000113) addi sp, zero, 0
x2 <- 0x00000000


mem[X,0x8000C604] -> 0x006F
mem[X,0x8000C606] -> 0x0050
[1150] [M]: 0x8000C604 (0x0050006F) jal zero, 2052


mem[X,0x8000CE08] -> 0x40E3
mem[X,0x8000CE0A] -> 0x80B5
[1151] [M]: 0x8000CE08 (0x80B540E3) blt a0, a1, 6144


mem[X,0x8000CE0C] -> 0x0113
mem[X,0x8000CE0E] -> 0x0021
[1152] [M]: 0x8000CE0C (0x00210113) addi sp, sp, 2
x2 <- 0x00000002


mem[X,0x8000CE10] -> 0x006F
mem[X,0x8000CE12] -> 0x00C0
[1153] [M]: 0x8000CE10 (0x00C0006F) jal zero, 12


mem[X,0x8000CE1C] -> 0xAC23
mem[X,0x8000CE1E] -> 0x1820
[1154] [M]: 0x8000CE1C (0x1820AC23) sw sp, 408(ra)
mem[0x80039300] <- 0x00000002


mem[X,0x8000CE20] -> 0x5537
mem[X,0x8000CE22] -> 0x5555
[1155] [M]: 0x8000CE20 (0x55555537) lui a0, 349525
x10 <- 0x55555000


mem[X,0x8000CE24] -> 0x0513
mem[X,0x8000CE26] -> 0x5555
[1156] [M]: 0x8000CE24 (0x55550513) addi a0, a0, 1365
x10 <- 0x55555555


mem[X,0x8000CE28] -> 0x0593
mem[X,0x8000CE2A] -> 0x0020
[1157] [M]: 0x8000CE28 (0x00200593) addi a1, zero, 2
x11 <- 0x00000002


mem[X,0x8000CE2C] -> 0x0113
mem[X,0x8000CE2E] -> 0x0000
[1158] [M]: 0x8000CE2C (0x00000113) addi sp, zero, 0
x2 <- 0x00000000


mem[X,0x8000CE30] -> 0x006F
mem[X,0x8000CE32] -> 0x00C0
[1159] [M]: 0x8000CE30 (0x00C0006F) jal zero, 12


mem[X,0x8000CE3C] -> 0x4CE3
mem[X,0x8000CE3E] -> 0xFEB5
[1160] [M]: 0x8000CE3C (0xFEB54CE3) blt a0, a1, 8184


mem[X,0x8000CE40] -> 0x0113
mem[X,0x8000CE42] -> 0x0021
[1161] [M]: 0x8000CE40 (0x00210113) addi sp, sp, 2
x2 <- 0x00000002


mem[X,0x8000CE44] -> 0x006F
mem[X,0x8000CE46] -> 0x00C0
[1162] [M]: 0x8000CE44 (0x00C0006F) jal zero, 12


mem[X,0x8000CE50] -> 0xAE23
mem[X,0x8000CE52] -> 0x1820
[1163] [M]: 0x8000CE50 (0x1820AE23) sw sp, 412(ra)
mem[0x80039304] <- 0x00000002


mem[X,0x8000CE54] -> 0x5537
mem[X,0x8000CE56] -> 0x5555
[1164] [M]: 0x8000CE54 (0x55555537) lui a0, 349525
x10 <- 0x55555000


mem[X,0x8000CE58] -> 0x0513
mem[X,0x8000CE5A] -> 0x5555
[1165] [M]: 0x8000CE58 (0x55550513) addi a0, a0, 1365
x10 <- 0x55555555


mem[X,0x8000CE5C] -> 0x55B7
mem[X,0x8000CE5E] -> 0x5555
[1166] [M]: 0x8000CE5C (0x555555B7) lui a1, 349525
x11 <- 0x55555000


mem[X,0x8000CE60] -> 0x8593
mem[X,0x8000CE62] -> 0x5545
[1167] [M]: 0x8000CE60 (0x55458593) addi a1, a1, 1364
x11 <- 0x55555554


mem[X,0x8000CE64] -> 0x0113
mem[X,0x8000CE66] -> 0x0000
[1168] [M]: 0x8000CE64 (0x00000113) addi sp, zero, 0
x2 <- 0x00000000


mem[X,0x8000CE68] -> 0x006F
mem[X,0x8000CE6A] -> 0x00C0
[1169] [M]: 0x8000CE68 (0x00C0006F) jal zero, 12


mem[X,0x8000CE74] -> 0x4663
mem[X,0x8000CE76] -> 0x00B5
[1170] [M]: 0x8000CE74 (0x00B54663) blt a0, a1, 12


mem[X,0x8000CE78] -> 0x0113
mem[X,0x8000CE7A] -> 0x0021
[1171] [M]: 0x8000CE78 (0x00210113) addi sp, sp, 2
x2 <- 0x00000002


mem[X,0x8000CE7C] -> 0x006F
mem[X,0x8000CE7E] -> 0x00C0
[1172] [M]: 0x8000CE7C (0x00C0006F) jal zero, 12


mem[X,0x8000CE88] -> 0xA023
mem[X,0x8000CE8A] -> 0x1A20
[1173] [M]: 0x8000CE88 (0x1A20A023) sw sp, 416(ra)
mem[0x80039308] <- 0x00000002


mem[X,0x8000CE8C] -> 0x5537
mem[X,0x8000CE8E] -> 0x5555
[1174] [M]: 0x8000CE8C (0x55555537) lui a0, 349525
x10 <- 0x55555000


mem[X,0x8000CE90] -> 0x0513
mem[X,0x8000CE92] -> 0x5555
[1175] [M]: 0x8000CE90 (0x55550513) addi a0, a0, 1365
x10 <- 0x55555555


mem[X,0x8000CE94] -> 0x0593
mem[X,0x8000CE96] -> 0x0000
[1176] [M]: 0x8000CE94 (0x00000593) addi a1, zero, 0
x11 <- 0x00000000


mem[X,0x8000CE98] -> 0x0113
mem[X,0x8000CE9A] -> 0x0000
[1177] [M]: 0x8000CE98 (0x00000113) addi sp, zero, 0
x2 <- 0x00000000


mem[X,0x8000CE9C] -> 0x006F
mem[X,0x8000CE9E] -> 0x0050
[1178] [M]: 0x8000CE9C (0x0050006F) jal zero, 2052


mem[X,0x8000D6A0] -> 0x40E3
mem[X,0x8000D6A2] -> 0x80B5
[1179] [M]: 0x8000D6A0 (0x80B540E3) blt a0, a1, 6144


mem[X,0x8000D6A4] -> 0x0113
mem[X,0x8000D6A6] -> 0x0021
[1180] [M]: 0x8000D6A4 (0x00210113) addi sp, sp, 2
x2 <- 0x00000002


mem[X,0x8000D6A8] -> 0x006F
mem[X,0x8000D6AA] -> 0x00C0
[1181] [M]: 0x8000D6A8 (0x00C0006F) jal zero, 12


mem[X,0x8000D6B4] -> 0xA223
mem[X,0x8000D6B6] -> 0x1A20
[1182] [M]: 0x8000D6B4 (0x1A20A223) sw sp, 420(ra)
mem[0x8003930C] <- 0x00000002


mem[X,0x8000D6B8] -> 0x5537
mem[X,0x8000D6BA] -> 0x5555
[1183] [M]: 0x8000D6B8 (0x55555537) lui a0, 349525
x10 <- 0x55555000


mem[X,0x8000D6BC] -> 0x0513
mem[X,0x8000D6BE] -> 0x5555
[1184] [M]: 0x8000D6BC (0x55550513) addi a0, a0, 1365
x10 <- 0x55555555


mem[X,0x8000D6C0] -> 0x0593
mem[X,0x8000D6C2] -> 0x0040
[1185] [M]: 0x8000D6C0 (0x00400593) addi a1, zero, 4
x11 <- 0x00000004


mem[X,0x8000D6C4] -> 0x0113
mem[X,0x8000D6C6] -> 0x0000
[1186] [M]: 0x8000D6C4 (0x00000113) addi sp, zero, 0
x2 <- 0x00000000


mem[X,0x8000D6C8] -> 0x006F
mem[X,0x8000D6CA] -> 0x0100
[1187] [M]: 0x8000D6C8 (0x0100006F) jal zero, 16


mem[X,0x8000D6D8] -> 0x4AE3
mem[X,0x8000D6DA] -> 0xFEB5
[1188] [M]: 0x8000D6D8 (0xFEB54AE3) blt a0, a1, 8180


mem[X,0x8000D6DC] -> 0x0113
mem[X,0x8000D6DE] -> 0x0021
[1189] [M]: 0x8000D6DC (0x00210113) addi sp, sp, 2
x2 <- 0x00000002


mem[X,0x8000D6E0] -> 0x006F
mem[X,0x8000D6E2] -> 0x00C0
[1190] [M]: 0x8000D6E0 (0x00C0006F) jal zero, 12


mem[X,0x8000D6EC] -> 0xA423
mem[X,0x8000D6EE] -> 0x1A20
[1191] [M]: 0x8000D6EC (0x1A20A423) sw sp, 424(ra)
mem[0x80039310] <- 0x00000002


mem[X,0x8000D6F0] -> 0x5537
mem[X,0x8000D6F2] -> 0x5555
[1192] [M]: 0x8000D6F0 (0x55555537) lui a0, 349525
x10 <- 0x55555000


mem[X,0x8000D6F4] -> 0x0513
mem[X,0x8000D6F6] -> 0x5555
[1193] [M]: 0x8000D6F4 (0x55550513) addi a0, a0, 1365
x10 <- 0x55555555


mem[X,0x8000D6F8] -> 0x35B7
mem[X,0x8000D6FA] -> 0x3333
[1194] [M]: 0x8000D6F8 (0x333335B7) lui a1, 209715
x11 <- 0x33333000


mem[X,0x8000D6FC] -> 0x8593
mem[X,0x8000D6FE] -> 0x3325
[1195] [M]: 0x8000D6FC (0x33258593) addi a1, a1, 818
x11 <- 0x33333332


mem[X,0x8000D700] -> 0x0113
mem[X,0x8000D702] -> 0x0000
[1196] [M]: 0x8000D700 (0x00000113) addi sp, zero, 0
x2 <- 0x00000000


mem[X,0x8000D704] -> 0x006F
mem[X,0x8000D706] -> 0x0180
[1197] [M]: 0x8000D704 (0x0180006F) jal zero, 24


mem[X,0x8000D71C] -> 0x46E3
mem[X,0x8000D71E] -> 0xFEB5
[1198] [M]: 0x8000D71C (0xFEB546E3) blt a0, a1, 8172


mem[X,0x8000D720] -> 0x0113
mem[X,0x8000D722] -> 0x0021
[1199] [M]: 0x8000D720 (0x00210113) addi sp, sp, 2
x2 <- 0x00000002


clint::tick mtime <- 0x000000000000000C
 clint timer pending at mtime 0x000000000000000C
htif::tick 0x0000000000000000
mem[X,0x8000D724] -> 0x006F
mem[X,0x8000D726] -> 0x00C0
[1200] [M]: 0x8000D724 (0x00C0006F) jal zero, 12


mem[X,0x8000D730] -> 0xA623
mem[X,0x8000D732] -> 0x1A20
[1201] [M]: 0x8000D730 (0x1A20A623) sw sp, 428(ra)
mem[0x80039314] <- 0x00000002


mem[X,0x8000D734] -> 0x5537
mem[X,0x8000D736] -> 0x5555
[1202] [M]: 0x8000D734 (0x55555537) lui a0, 349525
x10 <- 0x55555000


mem[X,0x8000D738] -> 0x0513
mem[X,0x8000D73A] -> 0x5555
[1203] [M]: 0x8000D738 (0x55550513) addi a0, a0, 1365
x10 <- 0x55555555


mem[X,0x8000D73C] -> 0x65B7
mem[X,0x8000D73E] -> 0x6666
[1204] [M]: 0x8000D73C (0x666665B7) lui a1, 419430
x11 <- 0x66666000


mem[X,0x8000D740] -> 0x8593
mem[X,0x8000D742] -> 0x6655
[1205] [M]: 0x8000D740 (0x66558593) addi a1, a1, 1637
x11 <- 0x66666665


mem[X,0x8000D744] -> 0x0113
mem[X,0x8000D746] -> 0x0000
[1206] [M]: 0x8000D744 (0x00000113) addi sp, zero, 0
x2 <- 0x00000000


mem[X,0x8000D748] -> 0x006F
mem[X,0x8000D74A] -> 0x00C0
[1207] [M]: 0x8000D748 (0x00C0006F) jal zero, 12


mem[X,0x8000D754] -> 0x4663
mem[X,0x8000D756] -> 0x00B5
[1208] [M]: 0x8000D754 (0x00B54663) blt a0, a1, 12


mem[X,0x8000D760] -> 0x0113
mem[X,0x8000D762] -> 0x0031
[1209] [M]: 0x8000D760 (0x00310113) addi sp, sp, 3
x2 <- 0x00000003


mem[X,0x8000D764] -> 0x006F
mem[X,0x8000D766] -> 0x0040
[1210] [M]: 0x8000D764 (0x0040006F) jal zero, 4


mem[X,0x8000D768] -> 0xA823
mem[X,0x8000D76A] -> 0x1A20
[1211] [M]: 0x8000D768 (0x1A20A823) sw sp, 432(ra)
mem[0x80039318] <- 0x00000003


mem[X,0x8000D76C] -> 0x5537
mem[X,0x8000D76E] -> 0x5555
[1212] [M]: 0x8000D76C (0x55555537) lui a0, 349525
x10 <- 0x55555000


mem[X,0x8000D770] -> 0x0513
mem[X,0x8000D772] -> 0x5555
[1213] [M]: 0x8000D770 (0x55550513) addi a0, a0, 1365
x10 <- 0x55555555


mem[X,0x8000D774] -> 0xB5B7
mem[X,0x8000D776] -> 0x0000
[1214] [M]: 0x8000D774 (0x0000B5B7) lui a1, 11
x11 <- 0x0000B000


mem[X,0x8000D778] -> 0x8593
mem[X,0x8000D77A] -> 0x5035
[1215] [M]: 0x8000D778 (0x50358593) addi a1, a1, 1283
x11 <- 0x0000B503


mem[X,0x8000D77C] -> 0x0113
mem[X,0x8000D77E] -> 0x0000
[1216] [M]: 0x8000D77C (0x00000113) addi sp, zero, 0
x2 <- 0x00000000


mem[X,0x8000D780] -> 0x006F
mem[X,0x8000D782] -> 0x00C0
[1217] [M]: 0x8000D780 (0x00C0006F) jal zero, 12


mem[X,0x8000D78C] -> 0x4063
mem[X,0x8000D78E] -> 0x04B5
[1218] [M]: 0x8000D78C (0x04B54063) blt a0, a1, 64


mem[X,0x8000D790] -> 0x0113
mem[X,0x8000D792] -> 0x0021
[1219] [M]: 0x8000D790 (0x00210113) addi sp, sp, 2
x2 <- 0x00000002


mem[X,0x8000D794] -> 0x006F
mem[X,0x8000D796] -> 0x0400
[1220] [M]: 0x8000D794 (0x0400006F) jal zero, 64


mem[X,0x8000D7D4] -> 0xAA23
mem[X,0x8000D7D6] -> 0x1A20
[1221] [M]: 0x8000D7D4 (0x1A20AA23) sw sp, 436(ra)
mem[0x8003931C] <- 0x00000002


mem[X,0x8000D7D8] -> 0x5537
mem[X,0x8000D7DA] -> 0x5555
[1222] [M]: 0x8000D7D8 (0x55555537) lui a0, 349525
x10 <- 0x55555000


mem[X,0x8000D7DC] -> 0x0513
mem[X,0x8000D7DE] -> 0x5555
[1223] [M]: 0x8000D7DC (0x55550513) addi a0, a0, 1365
x10 <- 0x55555555


mem[X,0x8000D7E0] -> 0x55B7
mem[X,0x8000D7E2] -> 0x5555
[1224] [M]: 0x8000D7E0 (0x555555B7) lui a1, 349525
x11 <- 0x55555000


mem[X,0x8000D7E4] -> 0x8593
mem[X,0x8000D7E6] -> 0x5565
[1225] [M]: 0x8000D7E4 (0x55658593) addi a1, a1, 1366
x11 <- 0x55555556


mem[X,0x8000D7E8] -> 0x0113
mem[X,0x8000D7EA] -> 0x0000
[1226] [M]: 0x8000D7E8 (0x00000113) addi sp, zero, 0
x2 <- 0x00000000


mem[X,0x8000D7EC] -> 0x006F
mem[X,0x8000D7EE] -> 0x0140
[1227] [M]: 0x8000D7EC (0x0140006F) jal zero, 20


mem[X,0x8000D800] -> 0x48E3
mem[X,0x8000D802] -> 0xFEB5
[1228] [M]: 0x8000D800 (0xFEB548E3) blt a0, a1, 8176


mem[X,0x8000D7F0] -> 0x0113
mem[X,0x8000D7F2] -> 0x0011
[1229] [M]: 0x8000D7F0 (0x00110113) addi sp, sp, 1
x2 <- 0x00000001


mem[X,0x8000D7F4] -> 0x006F
mem[X,0x8000D7F6] -> 0x0200
[1230] [M]: 0x8000D7F4 (0x0200006F) jal zero, 32


mem[X,0x8000D814] -> 0xAC23
mem[X,0x8000D816] -> 0x1A20
[1231] [M]: 0x8000D814 (0x1A20AC23) sw sp, 440(ra)
mem[0x80039320] <- 0x00000001


mem[X,0x8000D818] -> 0x5537
mem[X,0x8000D81A] -> 0x5555
[1232] [M]: 0x8000D818 (0x55555537) lui a0, 349525
x10 <- 0x55555000


mem[X,0x8000D81C] -> 0x0513
mem[X,0x8000D81E] -> 0x5555
[1233] [M]: 0x8000D81C (0x55550513) addi a0, a0, 1365
x10 <- 0x55555555


mem[X,0x8000D820] -> 0xB5B7
mem[X,0x8000D822] -> 0xAAAA
[1234] [M]: 0x8000D820 (0xAAAAB5B7) lui a1, 699051
x11 <- 0xAAAAB000


mem[X,0x8000D824] -> 0x8593
mem[X,0x8000D826] -> 0xAAB5
[1235] [M]: 0x8000D824 (0xAAB58593) addi a1, a1, 2731
x11 <- 0xAAAAAAAB


mem[X,0x8000D828] -> 0x0113
mem[X,0x8000D82A] -> 0x0000
[1236] [M]: 0x8000D828 (0x00000113) addi sp, zero, 0
x2 <- 0x00000000


mem[X,0x8000D82C] -> 0x006F
mem[X,0x8000D82E] -> 0x00C0
[1237] [M]: 0x8000D82C (0x00C0006F) jal zero, 12


mem[X,0x8000D838] -> 0x4063
mem[X,0x8000D83A] -> 0x40B5
[1238] [M]: 0x8000D838 (0x40B54063) blt a0, a1, 1024


mem[X,0x8000D83C] -> 0x0113
mem[X,0x8000D83E] -> 0x0021
[1239] [M]: 0x8000D83C (0x00210113) addi sp, sp, 2
x2 <- 0x00000002


mem[X,0x8000D840] -> 0x006F
mem[X,0x8000D842] -> 0x4000
[1240] [M]: 0x8000D840 (0x4000006F) jal zero, 1024


mem[X,0x8000DC40] -> 0xAE23
mem[X,0x8000DC42] -> 0x1A20
[1241] [M]: 0x8000DC40 (0x1A20AE23) sw sp, 444(ra)
mem[0x80039324] <- 0x00000002


mem[X,0x8000DC44] -> 0x5537
mem[X,0x8000DC46] -> 0x5555
[1242] [M]: 0x8000DC44 (0x55555537) lui a0, 349525
x10 <- 0x55555000


mem[X,0x8000DC48] -> 0x0513
mem[X,0x8000DC4A] -> 0x5555
[1243] [M]: 0x8000DC48 (0x55550513) addi a0, a0, 1365
x10 <- 0x55555555


mem[X,0x8000DC4C] -> 0x0593
mem[X,0x8000DC4E] -> 0x0060
[1244] [M]: 0x8000DC4C (0x00600593) addi a1, zero, 6
x11 <- 0x00000006


mem[X,0x8000DC50] -> 0x0113
mem[X,0x8000DC52] -> 0x0000
[1245] [M]: 0x8000DC50 (0x00000113) addi sp, zero, 0
x2 <- 0x00000000


mem[X,0x8000DC54] -> 0x006F
mem[X,0x8000DC56] -> 0x00C0
[1246] [M]: 0x8000DC54 (0x00C0006F) jal zero, 12


mem[X,0x8000DC60] -> 0x4063
mem[X,0x8000DC62] -> 0x02B5
[1247] [M]: 0x8000DC60 (0x02B54063) blt a0, a1, 32


mem[X,0x8000DC64] -> 0x0113
mem[X,0x8000DC66] -> 0x0021
[1248] [M]: 0x8000DC64 (0x00210113) addi sp, sp, 2
x2 <- 0x00000002


mem[X,0x8000DC68] -> 0x006F
mem[X,0x8000DC6A] -> 0x0200
[1249] [M]: 0x8000DC68 (0x0200006F) jal zero, 32


mem[X,0x8000DC88] -> 0xA023
mem[X,0x8000DC8A] -> 0x1C20
[1250] [M]: 0x8000DC88 (0x1C20A023) sw sp, 448(ra)
mem[0x80039328] <- 0x00000002


mem[X,0x8000DC8C] -> 0x5537
mem[X,0x8000DC8E] -> 0x5555
[1251] [M]: 0x8000DC8C (0x55555537) lui a0, 349525
x10 <- 0x55555000


mem[X,0x8000DC90] -> 0x0513
mem[X,0x8000DC92] -> 0x5555
[1252] [M]: 0x8000DC90 (0x55550513) addi a0, a0, 1365
x10 <- 0x55555555


mem[X,0x8000DC94] -> 0x35B7
mem[X,0x8000DC96] -> 0x3333
[1253] [M]: 0x8000DC94 (0x333335B7) lui a1, 209715
x11 <- 0x33333000


mem[X,0x8000DC98] -> 0x8593
mem[X,0x8000DC9A] -> 0x3345
[1254] [M]: 0x8000DC98 (0x33458593) addi a1, a1, 820
x11 <- 0x33333334


mem[X,0x8000DC9C] -> 0x0113
mem[X,0x8000DC9E] -> 0x0000
[1255] [M]: 0x8000DC9C (0x00000113) addi sp, zero, 0
x2 <- 0x00000000


mem[X,0x8000DCA0] -> 0x006F
mem[X,0x8000DCA2] -> 0x00C0
[1256] [M]: 0x8000DCA0 (0x00C0006F) jal zero, 12


mem[X,0x8000DCAC] -> 0x4CE3
mem[X,0x8000DCAE] -> 0xFEB5
[1257] [M]: 0x8000DCAC (0xFEB54CE3) blt a0, a1, 8184


mem[X,0x8000DCB0] -> 0x0113
mem[X,0x8000DCB2] -> 0x0021
[1258] [M]: 0x8000DCB0 (0x00210113) addi sp, sp, 2
x2 <- 0x00000002


mem[X,0x8000DCB4] -> 0x006F
mem[X,0x8000DCB6] -> 0x00C0
[1259] [M]: 0x8000DCB4 (0x00C0006F) jal zero, 12


mem[X,0x8000DCC0] -> 0xA223
mem[X,0x8000DCC2] -> 0x1C20
[1260] [M]: 0x8000DCC0 (0x1C20A223) sw sp, 452(ra)
mem[0x8003932C] <- 0x00000002


mem[X,0x8000DCC4] -> 0x5537
mem[X,0x8000DCC6] -> 0x5555
[1261] [M]: 0x8000DCC4 (0x55555537) lui a0, 349525
x10 <- 0x55555000


mem[X,0x8000DCC8] -> 0x0513
mem[X,0x8000DCCA] -> 0x5555
[1262] [M]: 0x8000DCC8 (0x55550513) addi a0, a0, 1365
x10 <- 0x55555555


mem[X,0x8000DCCC] -> 0x65B7
mem[X,0x8000DCCE] -> 0x6666
[1263] [M]: 0x8000DCCC (0x666665B7) lui a1, 419430
x11 <- 0x66666000


mem[X,0x8000DCD0] -> 0x8593
mem[X,0x8000DCD2] -> 0x6675
[1264] [M]: 0x8000DCD0 (0x66758593) addi a1, a1, 1639
x11 <- 0x66666667


mem[X,0x8000DCD4] -> 0x0113
mem[X,0x8000DCD6] -> 0x0000
[1265] [M]: 0x8000DCD4 (0x00000113) addi sp, zero, 0
x2 <- 0x00000000


mem[X,0x8000DCD8] -> 0x006F
mem[X,0x8000DCDA] -> 0x00C0
[1266] [M]: 0x8000DCD8 (0x00C0006F) jal zero, 12


mem[X,0x8000DCE4] -> 0x4CE3
mem[X,0x8000DCE6] -> 0xFEB5
[1267] [M]: 0x8000DCE4 (0xFEB54CE3) blt a0, a1, 8184


mem[X,0x8000DCDC] -> 0x0113
mem[X,0x8000DCDE] -> 0x0011
[1268] [M]: 0x8000DCDC (0x00110113) addi sp, sp, 1
x2 <- 0x00000001


mem[X,0x8000DCE0] -> 0x006F
mem[X,0x8000DCE2] -> 0x0180
[1269] [M]: 0x8000DCE0 (0x0180006F) jal zero, 24


mem[X,0x8000DCF8] -> 0xA423
mem[X,0x8000DCFA] -> 0x1C20
[1270] [M]: 0x8000DCF8 (0x1C20A423) sw sp, 456(ra)
mem[0x80039330] <- 0x00000001


mem[X,0x8000DCFC] -> 0x5537
mem[X,0x8000DCFE] -> 0x5555
[1271] [M]: 0x8000DCFC (0x55555537) lui a0, 349525
x10 <- 0x55555000


mem[X,0x8000DD00] -> 0x0513
mem[X,0x8000DD02] -> 0x5555
[1272] [M]: 0x8000DD00 (0x55550513) addi a0, a0, 1365
x10 <- 0x55555555


mem[X,0x8000DD04] -> 0x55B7
mem[X,0x8000DD06] -> 0xFFFF
[1273] [M]: 0x8000DD04 (0xFFFF55B7) lui a1, 1048565
x11 <- 0xFFFF5000


mem[X,0x8000DD08] -> 0x8593
mem[X,0x8000DD0A] -> 0xAFD5
[1274] [M]: 0x8000DD08 (0xAFD58593) addi a1, a1, 2813
x11 <- 0xFFFF4AFD


mem[X,0x8000DD0C] -> 0x0113
mem[X,0x8000DD0E] -> 0x0000
[1275] [M]: 0x8000DD0C (0x00000113) addi sp, zero, 0
x2 <- 0x00000000


mem[X,0x8000DD10] -> 0x006F
mem[X,0x8000DD12] -> 0x0100
[1276] [M]: 0x8000DD10 (0x0100006F) jal zero, 16


mem[X,0x8000DD20] -> 0x4AE3
mem[X,0x8000DD22] -> 0xFEB5
[1277] [M]: 0x8000DD20 (0xFEB54AE3) blt a0, a1, 8180


mem[X,0x8000DD24] -> 0x0113
mem[X,0x8000DD26] -> 0x0021
[1278] [M]: 0x8000DD24 (0x00210113) addi sp, sp, 2
x2 <- 0x00000002


mem[X,0x8000DD28] -> 0x006F
mem[X,0x8000DD2A] -> 0x00C0
[1279] [M]: 0x8000DD28 (0x00C0006F) jal zero, 12


mem[X,0x8000DD34] -> 0xA623
mem[X,0x8000DD36] -> 0x1C20
[1280] [M]: 0x8000DD34 (0x1C20A623) sw sp, 460(ra)
mem[0x80039334] <- 0x00000002


mem[X,0x8000DD38] -> 0x5537
mem[X,0x8000DD3A] -> 0x5555
[1281] [M]: 0x8000DD38 (0x55555537) lui a0, 349525
x10 <- 0x55555000


mem[X,0x8000DD3C] -> 0x0513
mem[X,0x8000DD3E] -> 0x5555
[1282] [M]: 0x8000DD3C (0x55550513) addi a0, a0, 1365
x10 <- 0x55555555


mem[X,0x8000DD40] -> 0xB5B7
mem[X,0x8000DD42] -> 0x0000
[1283] [M]: 0x8000DD40 (0x0000B5B7) lui a1, 11
x11 <- 0x0000B000


mem[X,0x8000DD44] -> 0x8593
mem[X,0x8000DD46] -> 0x5055
[1284] [M]: 0x8000DD44 (0x50558593) addi a1, a1, 1285
x11 <- 0x0000B505


mem[X,0x8000DD48] -> 0x0113
mem[X,0x8000DD4A] -> 0x0000
[1285] [M]: 0x8000DD48 (0x00000113) addi sp, zero, 0
x2 <- 0x00000000


mem[X,0x8000DD4C] -> 0x006F
mem[X,0x8000DD4E] -> 0x00C0
[1286] [M]: 0x8000DD4C (0x00C0006F) jal zero, 12


mem[X,0x8000DD58] -> 0x4063
mem[X,0x8000DD5A] -> 0x20B5
[1287] [M]: 0x8000DD58 (0x20B54063) blt a0, a1, 512


mem[X,0x8000DD5C] -> 0x0113
mem[X,0x8000DD5E] -> 0x0021
[1288] [M]: 0x8000DD5C (0x00210113) addi sp, sp, 2
x2 <- 0x00000002


mem[X,0x8000DD60] -> 0x006F
mem[X,0x8000DD62] -> 0x2000
[1289] [M]: 0x8000DD60 (0x2000006F) jal zero, 512


mem[X,0x8000DF60] -> 0xA823
mem[X,0x8000DF62] -> 0x1C20
[1290] [M]: 0x8000DF60 (0x1C20A823) sw sp, 464(ra)
mem[0x80039338] <- 0x00000002


mem[X,0x8000DF64] -> 0xB537
mem[X,0x8000DF66] -> 0xAAAA
[1291] [M]: 0x8000DF64 (0xAAAAB537) lui a0, 699051
x10 <- 0xAAAAB000


mem[X,0x8000DF68] -> 0x0513
mem[X,0x8000DF6A] -> 0xAAA5
[1292] [M]: 0x8000DF68 (0xAAA50513) addi a0, a0, 2730
x10 <- 0xAAAAAAAA


mem[X,0x8000DF6C] -> 0x0593
mem[X,0x8000DF6E] -> 0x0030
[1293] [M]: 0x8000DF6C (0x00300593) addi a1, zero, 3
x11 <- 0x00000003


mem[X,0x8000DF70] -> 0x0113
mem[X,0x8000DF72] -> 0x0000
[1294] [M]: 0x8000DF70 (0x00000113) addi sp, zero, 0
x2 <- 0x00000000


mem[X,0x8000DF74] -> 0x006F
mem[X,0x8000DF76] -> 0x00C0
[1295] [M]: 0x8000DF74 (0x00C0006F) jal zero, 12


mem[X,0x8000DF80] -> 0x4CE3
mem[X,0x8000DF82] -> 0xFEB5
[1296] [M]: 0x8000DF80 (0xFEB54CE3) blt a0, a1, 8184


mem[X,0x8000DF78] -> 0x0113
mem[X,0x8000DF7A] -> 0x0011
[1297] [M]: 0x8000DF78 (0x00110113) addi sp, sp, 1
x2 <- 0x00000001


mem[X,0x8000DF7C] -> 0x006F
mem[X,0x8000DF7E] -> 0x0180
[1298] [M]: 0x8000DF7C (0x0180006F) jal zero, 24


mem[X,0x8000DF94] -> 0xAA23
mem[X,0x8000DF96] -> 0x1C20
[1299] [M]: 0x8000DF94 (0x1C20AA23) sw sp, 468(ra)
mem[0x8003933C] <- 0x00000001


clint::tick mtime <- 0x000000000000000D
 clint timer pending at mtime 0x000000000000000D
htif::tick 0x0000000000000000
mem[X,0x8000DF98] -> 0xB537
mem[X,0x8000DF9A] -> 0xAAAA
[1300] [M]: 0x8000DF98 (0xAAAAB537) lui a0, 699051
x10 <- 0xAAAAB000


mem[X,0x8000DF9C] -> 0x0513
mem[X,0x8000DF9E] -> 0xAAA5
[1301] [M]: 0x8000DF9C (0xAAA50513) addi a0, a0, 2730
x10 <- 0xAAAAAAAA


mem[X,0x8000DFA0] -> 0x55B7
mem[X,0x8000DFA2] -> 0x5555
[1302] [M]: 0x8000DFA0 (0x555555B7) lui a1, 349525
x11 <- 0x55555000


mem[X,0x8000DFA4] -> 0x8593
mem[X,0x8000DFA6] -> 0x5555
[1303] [M]: 0x8000DFA4 (0x55558593) addi a1, a1, 1365
x11 <- 0x55555555


mem[X,0x8000DFA8] -> 0x0113
mem[X,0x8000DFAA] -> 0x0000
[1304] [M]: 0x8000DFA8 (0x00000113) addi sp, zero, 0
x2 <- 0x00000000


mem[X,0x8000DFAC] -> 0x006F
mem[X,0x8000DFAE] -> 0x0050
[1305] [M]: 0x8000DFAC (0x0050006F) jal zero, 2052


mem[X,0x8000E7B0] -> 0x40E3
mem[X,0x8000E7B2] -> 0x80B5
[1306] [M]: 0x8000E7B0 (0x80B540E3) blt a0, a1, 6144


mem[X,0x8000DFB0] -> 0x0113
mem[X,0x8000DFB2] -> 0x0011
[1307] [M]: 0x8000DFB0 (0x00110113) addi sp, sp, 1
x2 <- 0x00000001


mem[X,0x8000DFB4] -> 0x006F
mem[X,0x8000DFB6] -> 0x0110
[1308] [M]: 0x8000DFB4 (0x0110006F) jal zero, 2064


mem[X,0x8000E7C4] -> 0xAC23
mem[X,0x8000E7C6] -> 0x1C20
[1309] [M]: 0x8000E7C4 (0x1C20AC23) sw sp, 472(ra)
mem[0x80039340] <- 0x00000001


mem[X,0x8000E7C8] -> 0xB537
mem[X,0x8000E7CA] -> 0xAAAA
[1310] [M]: 0x8000E7C8 (0xAAAAB537) lui a0, 699051
x10 <- 0xAAAAB000


mem[X,0x8000E7CC] -> 0x0513
mem[X,0x8000E7CE] -> 0xAAA5
[1311] [M]: 0x8000E7CC (0xAAA50513) addi a0, a0, 2730
x10 <- 0xAAAAAAAA


mem[X,0x8000E7D0] -> 0xB5B7
mem[X,0x8000E7D2] -> 0xAAAA
[1312] [M]: 0x8000E7D0 (0xAAAAB5B7) lui a1, 699051
x11 <- 0xAAAAB000


mem[X,0x8000E7D4] -> 0x8593
mem[X,0x8000E7D6] -> 0xAAA5
[1313] [M]: 0x8000E7D4 (0xAAA58593) addi a1, a1, 2730
x11 <- 0xAAAAAAAA


mem[X,0x8000E7D8] -> 0x0113
mem[X,0x8000E7DA] -> 0x0000
[1314] [M]: 0x8000E7D8 (0x00000113) addi sp, zero, 0
x2 <- 0x00000000


mem[X,0x8000E7DC] -> 0x006F
mem[X,0x8000E7DE] -> 0x0140
[1315] [M]: 0x8000E7DC (0x0140006F) jal zero, 20


mem[X,0x8000E7F0] -> 0x48E3
mem[X,0x8000E7F2] -> 0xFEB5
[1316] [M]: 0x8000E7F0 (0xFEB548E3) blt a0, a1, 8176


mem[X,0x8000E7F4] -> 0x0113
mem[X,0x8000E7F6] -> 0x0021
[1317] [M]: 0x8000E7F4 (0x00210113) addi sp, sp, 2
x2 <- 0x00000002


mem[X,0x8000E7F8] -> 0x006F
mem[X,0x8000E7FA] -> 0x00C0
[1318] [M]: 0x8000E7F8 (0x00C0006F) jal zero, 12


mem[X,0x8000E804] -> 0xAE23
mem[X,0x8000E806] -> 0x1C20
[1319] [M]: 0x8000E804 (0x1C20AE23) sw sp, 476(ra)
mem[0x80039344] <- 0x00000002


mem[X,0x8000E808] -> 0xB537
mem[X,0x8000E80A] -> 0xAAAA
[1320] [M]: 0x8000E808 (0xAAAAB537) lui a0, 699051
x10 <- 0xAAAAB000


mem[X,0x8000E80C] -> 0x0513
mem[X,0x8000E80E] -> 0xAAA5
[1321] [M]: 0x8000E80C (0xAAA50513) addi a0, a0, 2730
x10 <- 0xAAAAAAAA


mem[X,0x8000E810] -> 0x0593
mem[X,0x8000E812] -> 0x0050
[1322] [M]: 0x8000E810 (0x00500593) addi a1, zero, 5
x11 <- 0x00000005


mem[X,0x8000E814] -> 0x0113
mem[X,0x8000E816] -> 0x0000
[1323] [M]: 0x8000E814 (0x00000113) addi sp, zero, 0
x2 <- 0x00000000


mem[X,0x8000E818] -> 0x006F
mem[X,0x8000E81A] -> 0x00C0
[1324] [M]: 0x8000E818 (0x00C0006F) jal zero, 12


mem[X,0x8000E824] -> 0x4863
mem[X,0x8000E826] -> 0x00B5
[1325] [M]: 0x8000E824 (0x00B54863) blt a0, a1, 16


mem[X,0x8000E834] -> 0x0113
mem[X,0x8000E836] -> 0x0031
[1326] [M]: 0x8000E834 (0x00310113) addi sp, sp, 3
x2 <- 0x00000003


mem[X,0x8000E838] -> 0x006F
mem[X,0x8000E83A] -> 0x0040
[1327] [M]: 0x8000E838 (0x0040006F) jal zero, 4


mem[X,0x8000E83C] -> 0xA023
mem[X,0x8000E83E] -> 0x1E20
[1328] [M]: 0x8000E83C (0x1E20A023) sw sp, 480(ra)
mem[0x80039348] <- 0x00000003


mem[X,0x8000E840] -> 0xB537
mem[X,0x8000E842] -> 0xAAAA
[1329] [M]: 0x8000E840 (0xAAAAB537) lui a0, 699051
x10 <- 0xAAAAB000


mem[X,0x8000E844] -> 0x0513
mem[X,0x8000E846] -> 0xAAA5
[1330] [M]: 0x8000E844 (0xAAA50513) addi a0, a0, 2730
x10 <- 0xAAAAAAAA


mem[X,0x8000E848] -> 0x35B7
mem[X,0x8000E84A] -> 0x3333
[1331] [M]: 0x8000E848 (0x333335B7) lui a1, 209715
x11 <- 0x33333000


mem[X,0x8000E84C] -> 0x8593
mem[X,0x8000E84E] -> 0x3335
[1332] [M]: 0x8000E84C (0x33358593) addi a1, a1, 819
x11 <- 0x33333333


mem[X,0x8000E850] -> 0x0113
mem[X,0x8000E852] -> 0x0000
[1333] [M]: 0x8000E850 (0x00000113) addi sp, zero, 0
x2 <- 0x00000000


mem[X,0x8000E854] -> 0x006F
mem[X,0x8000E856] -> 0x00C0
[1334] [M]: 0x8000E854 (0x00C0006F) jal zero, 12


mem[X,0x8000E860] -> 0x4CE3
mem[X,0x8000E862] -> 0xFEB5
[1335] [M]: 0x8000E860 (0xFEB54CE3) blt a0, a1, 8184


mem[X,0x8000E858] -> 0x0113
mem[X,0x8000E85A] -> 0x0011
[1336] [M]: 0x8000E858 (0x00110113) addi sp, sp, 1
x2 <- 0x00000001


mem[X,0x8000E85C] -> 0x006F
mem[X,0x8000E85E] -> 0x0180
[1337] [M]: 0x8000E85C (0x0180006F) jal zero, 24


mem[X,0x8000E874] -> 0xA223
mem[X,0x8000E876] -> 0x1E20
[1338] [M]: 0x8000E874 (0x1E20A223) sw sp, 484(ra)
mem[0x8003934C] <- 0x00000001


mem[X,0x8000E878] -> 0xB537
mem[X,0x8000E87A] -> 0xAAAA
[1339] [M]: 0x8000E878 (0xAAAAB537) lui a0, 699051
x10 <- 0xAAAAB000


mem[X,0x8000E87C] -> 0x0513
mem[X,0x8000E87E] -> 0xAAA5
[1340] [M]: 0x8000E87C (0xAAA50513) addi a0, a0, 2730
x10 <- 0xAAAAAAAA


mem[X,0x8000E880] -> 0x65B7
mem[X,0x8000E882] -> 0x6666
[1341] [M]: 0x8000E880 (0x666665B7) lui a1, 419430
x11 <- 0x66666000


mem[X,0x8000E884] -> 0x8593
mem[X,0x8000E886] -> 0x6665
[1342] [M]: 0x8000E884 (0x66658593) addi a1, a1, 1638
x11 <- 0x66666666


mem[X,0x8000E888] -> 0x0113
mem[X,0x8000E88A] -> 0x0000
[1343] [M]: 0x8000E888 (0x00000113) addi sp, zero, 0
x2 <- 0x00000000


mem[X,0x8000E88C] -> 0x006F
mem[X,0x8000E88E] -> 0x0100
[1344] [M]: 0x8000E88C (0x0100006F) jal zero, 16


mem[X,0x8000E89C] -> 0x4AE3
mem[X,0x8000E89E] -> 0xFEB5
[1345] [M]: 0x8000E89C (0xFEB54AE3) blt a0, a1, 8180


mem[X,0x8000E890] -> 0x0113
mem[X,0x8000E892] -> 0x0011
[1346] [M]: 0x8000E890 (0x00110113) addi sp, sp, 1
x2 <- 0x00000001


mem[X,0x8000E894] -> 0x006F
mem[X,0x8000E896] -> 0x01C0
[1347] [M]: 0x8000E894 (0x01C0006F) jal zero, 28


mem[X,0x8000E8B0] -> 0xA423
mem[X,0x8000E8B2] -> 0x1E20
[1348] [M]: 0x8000E8B0 (0x1E20A423) sw sp, 488(ra)
mem[0x80039350] <- 0x00000001


mem[X,0x8000E8B4] -> 0xB537
mem[X,0x8000E8B6] -> 0xAAAA
[1349] [M]: 0x8000E8B4 (0xAAAAB537) lui a0, 699051
x10 <- 0xAAAAB000


mem[X,0x8000E8B8] -> 0x0513
mem[X,0x8000E8BA] -> 0xAAA5
[1350] [M]: 0x8000E8B8 (0xAAA50513) addi a0, a0, 2730
x10 <- 0xAAAAAAAA


mem[X,0x8000E8BC] -> 0x55B7
mem[X,0x8000E8BE] -> 0xFFFF
[1351] [M]: 0x8000E8BC (0xFFFF55B7) lui a1, 1048565
x11 <- 0xFFFF5000


mem[X,0x8000E8C0] -> 0x8593
mem[X,0x8000E8C2] -> 0xAFC5
[1352] [M]: 0x8000E8C0 (0xAFC58593) addi a1, a1, 2812
x11 <- 0xFFFF4AFC


mem[X,0x8000E8C4] -> 0x0113
mem[X,0x8000E8C6] -> 0x0000
[1353] [M]: 0x8000E8C4 (0x00000113) addi sp, zero, 0
x2 <- 0x00000000


mem[X,0x8000E8C8] -> 0x006F
mem[X,0x8000E8CA] -> 0x00C0
[1354] [M]: 0x8000E8C8 (0x00C0006F) jal zero, 12


mem[X,0x8000E8D4] -> 0x4063
mem[X,0x8000E8D6] -> 0x08B5
[1355] [M]: 0x8000E8D4 (0x08B54063) blt a0, a1, 128


mem[X,0x8000E954] -> 0x0113
mem[X,0x8000E956] -> 0x0031
[1356] [M]: 0x8000E954 (0x00310113) addi sp, sp, 3
x2 <- 0x00000003


mem[X,0x8000E958] -> 0x006F
mem[X,0x8000E95A] -> 0x0040
[1357] [M]: 0x8000E958 (0x0040006F) jal zero, 4


mem[X,0x8000E95C] -> 0xA623
mem[X,0x8000E95E] -> 0x1E20
[1358] [M]: 0x8000E95C (0x1E20A623) sw sp, 492(ra)
mem[0x80039354] <- 0x00000003


mem[X,0x8000E960] -> 0xB537
mem[X,0x8000E962] -> 0xAAAA
[1359] [M]: 0x8000E960 (0xAAAAB537) lui a0, 699051
x10 <- 0xAAAAB000


mem[X,0x8000E964] -> 0x0513
mem[X,0x8000E966] -> 0xAAA5
[1360] [M]: 0x8000E964 (0xAAA50513) addi a0, a0, 2730
x10 <- 0xAAAAAAAA


mem[X,0x8000E968] -> 0xB5B7
mem[X,0x8000E96A] -> 0x0000
[1361] [M]: 0x8000E968 (0x0000B5B7) lui a1, 11
x11 <- 0x0000B000


mem[X,0x8000E96C] -> 0x8593
mem[X,0x8000E96E] -> 0x5045
[1362] [M]: 0x8000E96C (0x50458593) addi a1, a1, 1284
x11 <- 0x0000B504


mem[X,0x8000E970] -> 0x0113
mem[X,0x8000E972] -> 0x0000
[1363] [M]: 0x8000E970 (0x00000113) addi sp, zero, 0
x2 <- 0x00000000


mem[X,0x8000E974] -> 0x006F
mem[X,0x8000E976] -> 0x00C0
[1364] [M]: 0x8000E974 (0x00C0006F) jal zero, 12


mem[X,0x8000E980] -> 0x4063
mem[X,0x8000E982] -> 0x02B5
[1365] [M]: 0x8000E980 (0x02B54063) blt a0, a1, 32


mem[X,0x8000E9A0] -> 0x0113
mem[X,0x8000E9A2] -> 0x0031
[1366] [M]: 0x8000E9A0 (0x00310113) addi sp, sp, 3
x2 <- 0x00000003


mem[X,0x8000E9A4] -> 0x006F
mem[X,0x8000E9A6] -> 0x0040
[1367] [M]: 0x8000E9A4 (0x0040006F) jal zero, 4


mem[X,0x8000E9A8] -> 0xA823
mem[X,0x8000E9AA] -> 0x1E20
[1368] [M]: 0x8000E9A8 (0x1E20A823) sw sp, 496(ra)
mem[0x80039358] <- 0x00000003


mem[X,0x8000E9AC] -> 0xB537
mem[X,0x8000E9AE] -> 0xAAAA
[1369] [M]: 0x8000E9AC (0xAAAAB537) lui a0, 699051
x10 <- 0xAAAAB000


mem[X,0x8000E9B0] -> 0x0513
mem[X,0x8000E9B2] -> 0xAAA5
[1370] [M]: 0x8000E9B0 (0xAAA50513) addi a0, a0, 2730
x10 <- 0xAAAAAAAA


mem[X,0x8000E9B4] -> 0x0593
mem[X,0x8000E9B6] -> 0x0020
[1371] [M]: 0x8000E9B4 (0x00200593) addi a1, zero, 2
x11 <- 0x00000002


mem[X,0x8000E9B8] -> 0x0113
mem[X,0x8000E9BA] -> 0x0000
[1372] [M]: 0x8000E9B8 (0x00000113) addi sp, zero, 0
x2 <- 0x00000000


mem[X,0x8000E9BC] -> 0x006F
mem[X,0x8000E9BE] -> 0x0100
[1373] [M]: 0x8000E9BC (0x0100006F) jal zero, 16


mem[X,0x8000E9CC] -> 0x4AE3
mem[X,0x8000E9CE] -> 0xFEB5
[1374] [M]: 0x8000E9CC (0xFEB54AE3) blt a0, a1, 8180


mem[X,0x8000E9C0] -> 0x0113
mem[X,0x8000E9C2] -> 0x0011
[1375] [M]: 0x8000E9C0 (0x00110113) addi sp, sp, 1
x2 <- 0x00000001


mem[X,0x8000E9C4] -> 0x006F
mem[X,0x8000E9C6] -> 0x01C0
[1376] [M]: 0x8000E9C4 (0x01C0006F) jal zero, 28


mem[X,0x8000E9E0] -> 0xAA23
mem[X,0x8000E9E2] -> 0x1E20
[1377] [M]: 0x8000E9E0 (0x1E20AA23) sw sp, 500(ra)
mem[0x8003935C] <- 0x00000001


mem[X,0x8000E9E4] -> 0xB537
mem[X,0x8000E9E6] -> 0xAAAA
[1378] [M]: 0x8000E9E4 (0xAAAAB537) lui a0, 699051
x10 <- 0xAAAAB000


mem[X,0x8000E9E8] -> 0x0513
mem[X,0x8000E9EA] -> 0xAAA5
[1379] [M]: 0x8000E9E8 (0xAAA50513) addi a0, a0, 2730
x10 <- 0xAAAAAAAA


mem[X,0x8000E9EC] -> 0x55B7
mem[X,0x8000E9EE] -> 0x5555
[1380] [M]: 0x8000E9EC (0x555555B7) lui a1, 349525
x11 <- 0x55555000


mem[X,0x8000E9F0] -> 0x8593
mem[X,0x8000E9F2] -> 0x5545
[1381] [M]: 0x8000E9F0 (0x55458593) addi a1, a1, 1364
x11 <- 0x55555554


mem[X,0x8000E9F4] -> 0x0113
mem[X,0x8000E9F6] -> 0x0000
[1382] [M]: 0x8000E9F4 (0x00000113) addi sp, zero, 0
x2 <- 0x00000000


mem[X,0x8000E9F8] -> 0x006F
mem[X,0x8000E9FA] -> 0x00C0
[1383] [M]: 0x8000E9F8 (0x00C0006F) jal zero, 12


mem[X,0x8000EA04] -> 0x4063
mem[X,0x8000EA06] -> 0x02B5
[1384] [M]: 0x8000EA04 (0x02B54063) blt a0, a1, 32


mem[X,0x8000EA24] -> 0x0113
mem[X,0x8000EA26] -> 0x0031
[1385] [M]: 0x8000EA24 (0x00310113) addi sp, sp, 3
x2 <- 0x00000003


mem[X,0x8000EA28] -> 0x006F
mem[X,0x8000EA2A] -> 0x0040
[1386] [M]: 0x8000EA28 (0x0040006F) jal zero, 4


mem[X,0x8000EA2C] -> 0xAC23
mem[X,0x8000EA2E] -> 0x1E20
[1387] [M]: 0x8000EA2C (0x1E20AC23) sw sp, 504(ra)
mem[0x80039360] <- 0x00000003


mem[X,0x8000EA30] -> 0xB537
mem[X,0x8000EA32] -> 0xAAAA
[1388] [M]: 0x8000EA30 (0xAAAAB537) lui a0, 699051
x10 <- 0xAAAAB000


mem[X,0x8000EA34] -> 0x0513
mem[X,0x8000EA36] -> 0xAAA5
[1389] [M]: 0x8000EA34 (0xAAA50513) addi a0, a0, 2730
x10 <- 0xAAAAAAAA


mem[X,0x8000EA38] -> 0x0593
mem[X,0x8000EA3A] -> 0x0000
[1390] [M]: 0x8000EA38 (0x00000593) addi a1, zero, 0
x11 <- 0x00000000


mem[X,0x8000EA3C] -> 0x0113
mem[X,0x8000EA3E] -> 0x0000
[1391] [M]: 0x8000EA3C (0x00000113) addi sp, zero, 0
x2 <- 0x00000000


mem[X,0x8000EA40] -> 0x006F
mem[X,0x8000EA42] -> 0x00C0
[1392] [M]: 0x8000EA40 (0x00C0006F) jal zero, 12


mem[X,0x8000EA4C] -> 0x4663
mem[X,0x8000EA4E] -> 0x00B5
[1393] [M]: 0x8000EA4C (0x00B54663) blt a0, a1, 12


mem[X,0x8000EA58] -> 0x0113
mem[X,0x8000EA5A] -> 0x0031
[1394] [M]: 0x8000EA58 (0x00310113) addi sp, sp, 3
x2 <- 0x00000003


mem[X,0x8000EA5C] -> 0x006F
mem[X,0x8000EA5E] -> 0x0040
[1395] [M]: 0x8000EA5C (0x0040006F) jal zero, 4


mem[X,0x8000EA60] -> 0xAE23
mem[X,0x8000EA62] -> 0x1E20
[1396] [M]: 0x8000EA60 (0x1E20AE23) sw sp, 508(ra)
mem[0x80039364] <- 0x00000003


mem[X,0x8000EA64] -> 0xB537
mem[X,0x8000EA66] -> 0xAAAA
[1397] [M]: 0x8000EA64 (0xAAAAB537) lui a0, 699051
x10 <- 0xAAAAB000


mem[X,0x8000EA68] -> 0x0513
mem[X,0x8000EA6A] -> 0xAAA5
[1398] [M]: 0x8000EA68 (0xAAA50513) addi a0, a0, 2730
x10 <- 0xAAAAAAAA


mem[X,0x8000EA6C] -> 0x0593
mem[X,0x8000EA6E] -> 0x0040
[1399] [M]: 0x8000EA6C (0x00400593) addi a1, zero, 4
x11 <- 0x00000004


clint::tick mtime <- 0x000000000000000E
 clint timer pending at mtime 0x000000000000000E
htif::tick 0x0000000000000000
mem[X,0x8000EA70] -> 0x0113
mem[X,0x8000EA72] -> 0x0000
[1400] [M]: 0x8000EA70 (0x00000113) addi sp, zero, 0
x2 <- 0x00000000


mem[X,0x8000EA74] -> 0x006F
mem[X,0x8000EA76] -> 0x00C0
[1401] [M]: 0x8000EA74 (0x00C0006F) jal zero, 12


mem[X,0x8000EA80] -> 0x4CE3
mem[X,0x8000EA82] -> 0xFEB5
[1402] [M]: 0x8000EA80 (0xFEB54CE3) blt a0, a1, 8184


mem[X,0x8000EA78] -> 0x0113
mem[X,0x8000EA7A] -> 0x0011
[1403] [M]: 0x8000EA78 (0x00110113) addi sp, sp, 1
x2 <- 0x00000001


mem[X,0x8000EA7C] -> 0x006F
mem[X,0x8000EA7E] -> 0x0180
[1404] [M]: 0x8000EA7C (0x0180006F) jal zero, 24


mem[X,0x8000EA94] -> 0xA023
mem[X,0x8000EA96] -> 0x2020
[1405] [M]: 0x8000EA94 (0x2020A023) sw sp, 512(ra)
mem[0x80039368] <- 0x00000001


mem[X,0x8000EA98] -> 0xB537
mem[X,0x8000EA9A] -> 0xAAAA
[1406] [M]: 0x8000EA98 (0xAAAAB537) lui a0, 699051
x10 <- 0xAAAAB000


mem[X,0x8000EA9C] -> 0x0513
mem[X,0x8000EA9E] -> 0xAAA5
[1407] [M]: 0x8000EA9C (0xAAA50513) addi a0, a0, 2730
x10 <- 0xAAAAAAAA


mem[X,0x8000EAA0] -> 0x35B7
mem[X,0x8000EAA2] -> 0x3333
[1408] [M]: 0x8000EAA0 (0x333335B7) lui a1, 209715
x11 <- 0x33333000


mem[X,0x8000EAA4] -> 0x8593
mem[X,0x8000EAA6] -> 0x3325
[1409] [M]: 0x8000EAA4 (0x33258593) addi a1, a1, 818
x11 <- 0x33333332


mem[X,0x8000EAA8] -> 0x0113
mem[X,0x8000EAAA] -> 0x0000
[1410] [M]: 0x8000EAA8 (0x00000113) addi sp, zero, 0
x2 <- 0x00000000


mem[X,0x8000EAAC] -> 0x006F
mem[X,0x8000EAAE] -> 0x00C0
[1411] [M]: 0x8000EAAC (0x00C0006F) jal zero, 12


mem[X,0x8000EAB8] -> 0x4663
mem[X,0x8000EABA] -> 0x00B5
[1412] [M]: 0x8000EAB8 (0x00B54663) blt a0, a1, 12


mem[X,0x8000EAC4] -> 0x0113
mem[X,0x8000EAC6] -> 0x0031
[1413] [M]: 0x8000EAC4 (0x00310113) addi sp, sp, 3
x2 <- 0x00000003


mem[X,0x8000EAC8] -> 0x006F
mem[X,0x8000EACA] -> 0x0040
[1414] [M]: 0x8000EAC8 (0x0040006F) jal zero, 4


mem[X,0x8000EACC] -> 0xA223
mem[X,0x8000EACE] -> 0x2020
[1415] [M]: 0x8000EACC (0x2020A223) sw sp, 516(ra)
mem[0x8003936C] <- 0x00000003


mem[X,0x8000EAD0] -> 0xB537
mem[X,0x8000EAD2] -> 0xAAAA
[1416] [M]: 0x8000EAD0 (0xAAAAB537) lui a0, 699051
x10 <- 0xAAAAB000


mem[X,0x8000EAD4] -> 0x0513
mem[X,0x8000EAD6] -> 0xAAA5
[1417] [M]: 0x8000EAD4 (0xAAA50513) addi a0, a0, 2730
x10 <- 0xAAAAAAAA


mem[X,0x8000EAD8] -> 0x65B7
mem[X,0x8000EADA] -> 0x6666
[1418] [M]: 0x8000EAD8 (0x666665B7) lui a1, 419430
x11 <- 0x66666000


mem[X,0x8000EADC] -> 0x8593
mem[X,0x8000EADE] -> 0x6655
[1419] [M]: 0x8000EADC (0x66558593) addi a1, a1, 1637
x11 <- 0x66666665


mem[X,0x8000EAE0] -> 0x0113
mem[X,0x8000EAE2] -> 0x0000
[1420] [M]: 0x8000EAE0 (0x00000113) addi sp, zero, 0
x2 <- 0x00000000


mem[X,0x8000EAE4] -> 0x006F
mem[X,0x8000EAE6] -> 0x00C0
[1421] [M]: 0x8000EAE4 (0x00C0006F) jal zero, 12


mem[X,0x8000EAF0] -> 0x4063
mem[X,0x8000EAF2] -> 0x04B5
[1422] [M]: 0x8000EAF0 (0x04B54063) blt a0, a1, 64


mem[X,0x8000EB30] -> 0x0113
mem[X,0x8000EB32] -> 0x0031
[1423] [M]: 0x8000EB30 (0x00310113) addi sp, sp, 3
x2 <- 0x00000003


mem[X,0x8000EB34] -> 0x006F
mem[X,0x8000EB36] -> 0x0040
[1424] [M]: 0x8000EB34 (0x0040006F) jal zero, 4


mem[X,0x8000EB38] -> 0xA423
mem[X,0x8000EB3A] -> 0x2020
[1425] [M]: 0x8000EB38 (0x2020A423) sw sp, 520(ra)
mem[0x80039370] <- 0x00000003


mem[X,0x8000EB3C] -> 0xB537
mem[X,0x8000EB3E] -> 0xAAAA
[1426] [M]: 0x8000EB3C (0xAAAAB537) lui a0, 699051
x10 <- 0xAAAAB000


mem[X,0x8000EB40] -> 0x0513
mem[X,0x8000EB42] -> 0xAAA5
[1427] [M]: 0x8000EB40 (0xAAA50513) addi a0, a0, 2730
x10 <- 0xAAAAAAAA


mem[X,0x8000EB44] -> 0xB5B7
mem[X,0x8000EB46] -> 0x0000
[1428] [M]: 0x8000EB44 (0x0000B5B7) lui a1, 11
x11 <- 0x0000B000


mem[X,0x8000EB48] -> 0x8593
mem[X,0x8000EB4A] -> 0x5035
[1429] [M]: 0x8000EB48 (0x50358593) addi a1, a1, 1283
x11 <- 0x0000B503


mem[X,0x8000EB4C] -> 0x0113
mem[X,0x8000EB4E] -> 0x0000
[1430] [M]: 0x8000EB4C (0x00000113) addi sp, zero, 0
x2 <- 0x00000000


mem[X,0x8000EB50] -> 0x006F
mem[X,0x8000EB52] -> 0x2B10
[1431] [M]: 0x8000EB50 (0x2B10006F) jal zero, 2736


mem[X,0x8000F600] -> 0x4A63
mem[X,0x8000F602] -> 0xD4B5
[1432] [M]: 0x8000F600 (0xD4B54A63) blt a0, a1, 5460


mem[X,0x8000EB54] -> 0x0113
mem[X,0x8000EB56] -> 0x0011
[1433] [M]: 0x8000EB54 (0x00110113) addi sp, sp, 1
x2 <- 0x00000001


mem[X,0x8000EB58] -> 0x006F
mem[X,0x8000EB5A] -> 0x2BD0
[1434] [M]: 0x8000EB58 (0x2BD0006F) jal zero, 2748


mem[X,0x8000F614] -> 0xA623
mem[X,0x8000F616] -> 0x2020
[1435] [M]: 0x8000F614 (0x2020A623) sw sp, 524(ra)
mem[0x80039374] <- 0x00000001


mem[X,0x8000F618] -> 0xB537
mem[X,0x8000F61A] -> 0xAAAA
[1436] [M]: 0x8000F618 (0xAAAAB537) lui a0, 699051
x10 <- 0xAAAAB000


mem[X,0x8000F61C] -> 0x0513
mem[X,0x8000F61E] -> 0xAAA5
[1437] [M]: 0x8000F61C (0xAAA50513) addi a0, a0, 2730
x10 <- 0xAAAAAAAA


mem[X,0x8000F620] -> 0x55B7
mem[X,0x8000F622] -> 0x5555
[1438] [M]: 0x8000F620 (0x555555B7) lui a1, 349525
x11 <- 0x55555000


mem[X,0x8000F624] -> 0x8593
mem[X,0x8000F626] -> 0x5565
[1439] [M]: 0x8000F624 (0x55658593) addi a1, a1, 1366
x11 <- 0x55555556


mem[X,0x8000F628] -> 0x0113
mem[X,0x8000F62A] -> 0x0000
[1440] [M]: 0x8000F628 (0x00000113) addi sp, zero, 0
x2 <- 0x00000000


mem[X,0x8000F62C] -> 0x006F
mem[X,0x8000F62E] -> 0x00C0
[1441] [M]: 0x8000F62C (0x00C0006F) jal zero, 12


mem[X,0x8000F638] -> 0x4CE3
mem[X,0x8000F63A] -> 0xFEB5
[1442] [M]: 0x8000F638 (0xFEB54CE3) blt a0, a1, 8184


mem[X,0x8000F630] -> 0x0113
mem[X,0x8000F632] -> 0x0011
[1443] [M]: 0x8000F630 (0x00110113) addi sp, sp, 1
x2 <- 0x00000001


mem[X,0x8000F634] -> 0x006F
mem[X,0x8000F636] -> 0x0180
[1444] [M]: 0x8000F634 (0x0180006F) jal zero, 24


mem[X,0x8000F64C] -> 0xA823
mem[X,0x8000F64E] -> 0x2020
[1445] [M]: 0x8000F64C (0x2020A823) sw sp, 528(ra)
mem[0x80039378] <- 0x00000001


mem[X,0x8000F650] -> 0xB537
mem[X,0x8000F652] -> 0xAAAA
[1446] [M]: 0x8000F650 (0xAAAAB537) lui a0, 699051
x10 <- 0xAAAAB000


mem[X,0x8000F654] -> 0x0513
mem[X,0x8000F656] -> 0xAAA5
[1447] [M]: 0x8000F654 (0xAAA50513) addi a0, a0, 2730
x10 <- 0xAAAAAAAA


mem[X,0x8000F658] -> 0xB5B7
mem[X,0x8000F65A] -> 0xAAAA
[1448] [M]: 0x8000F658 (0xAAAAB5B7) lui a1, 699051
x11 <- 0xAAAAB000


mem[X,0x8000F65C] -> 0x8593
mem[X,0x8000F65E] -> 0xAAB5
[1449] [M]: 0x8000F65C (0xAAB58593) addi a1, a1, 2731
x11 <- 0xAAAAAAAB


mem[X,0x8000F660] -> 0x0113
mem[X,0x8000F662] -> 0x0000
[1450] [M]: 0x8000F660 (0x00000113) addi sp, zero, 0
x2 <- 0x00000000


mem[X,0x8000F664] -> 0x006F
mem[X,0x8000F666] -> 0x00C0
[1451] [M]: 0x8000F664 (0x00C0006F) jal zero, 12


mem[X,0x8000F670] -> 0x4663
mem[X,0x8000F672] -> 0x00B5
[1452] [M]: 0x8000F670 (0x00B54663) blt a0, a1, 12


mem[X,0x8000F67C] -> 0x0113
mem[X,0x8000F67E] -> 0x0031
[1453] [M]: 0x8000F67C (0x00310113) addi sp, sp, 3
x2 <- 0x00000003


mem[X,0x8000F680] -> 0x006F
mem[X,0x8000F682] -> 0x0040
[1454] [M]: 0x8000F680 (0x0040006F) jal zero, 4


mem[X,0x8000F684] -> 0xAA23
mem[X,0x8000F686] -> 0x2020
[1455] [M]: 0x8000F684 (0x2020AA23) sw sp, 532(ra)
mem[0x8003937C] <- 0x00000003


mem[X,0x8000F688] -> 0xB537
mem[X,0x8000F68A] -> 0xAAAA
[1456] [M]: 0x8000F688 (0xAAAAB537) lui a0, 699051
x10 <- 0xAAAAB000


mem[X,0x8000F68C] -> 0x0513
mem[X,0x8000F68E] -> 0xAAA5
[1457] [M]: 0x8000F68C (0xAAA50513) addi a0, a0, 2730
x10 <- 0xAAAAAAAA


mem[X,0x8000F690] -> 0x0593
mem[X,0x8000F692] -> 0x0060
[1458] [M]: 0x8000F690 (0x00600593) addi a1, zero, 6
x11 <- 0x00000006


mem[X,0x8000F694] -> 0x0113
mem[X,0x8000F696] -> 0x0000
[1459] [M]: 0x8000F694 (0x00000113) addi sp, zero, 0
x2 <- 0x00000000


mem[X,0x8000F698] -> 0x006F
mem[X,0x8000F69A] -> 0x00C0
[1460] [M]: 0x8000F698 (0x00C0006F) jal zero, 12


mem[X,0x8000F6A4] -> 0x4CE3
mem[X,0x8000F6A6] -> 0xFEB5
[1461] [M]: 0x8000F6A4 (0xFEB54CE3) blt a0, a1, 8184


mem[X,0x8000F69C] -> 0x0113
mem[X,0x8000F69E] -> 0x0011
[1462] [M]: 0x8000F69C (0x00110113) addi sp, sp, 1
x2 <- 0x00000001


mem[X,0x8000F6A0] -> 0x006F
mem[X,0x8000F6A2] -> 0x0180
[1463] [M]: 0x8000F6A0 (0x0180006F) jal zero, 24


mem[X,0x8000F6B8] -> 0xAC23
mem[X,0x8000F6BA] -> 0x2020
[1464] [M]: 0x8000F6B8 (0x2020AC23) sw sp, 536(ra)
mem[0x80039380] <- 0x00000001


mem[X,0x8000F6BC] -> 0xB537
mem[X,0x8000F6BE] -> 0xAAAA
[1465] [M]: 0x8000F6BC (0xAAAAB537) lui a0, 699051
x10 <- 0xAAAAB000


mem[X,0x8000F6C0] -> 0x0513
mem[X,0x8000F6C2] -> 0xAAA5
[1466] [M]: 0x8000F6C0 (0xAAA50513) addi a0, a0, 2730
x10 <- 0xAAAAAAAA


mem[X,0x8000F6C4] -> 0x35B7
mem[X,0x8000F6C6] -> 0x3333
[1467] [M]: 0x8000F6C4 (0x333335B7) lui a1, 209715
x11 <- 0x33333000


mem[X,0x8000F6C8] -> 0x8593
mem[X,0x8000F6CA] -> 0x3345
[1468] [M]: 0x8000F6C8 (0x33458593) addi a1, a1, 820
x11 <- 0x33333334


mem[X,0x8000F6CC] -> 0x0113
mem[X,0x8000F6CE] -> 0x0000
[1469] [M]: 0x8000F6CC (0x00000113) addi sp, zero, 0
x2 <- 0x00000000


mem[X,0x8000F6D0] -> 0x006F
mem[X,0x8000F6D2] -> 0x00C0
[1470] [M]: 0x8000F6D0 (0x00C0006F) jal zero, 12


mem[X,0x8000F6DC] -> 0x4663
mem[X,0x8000F6DE] -> 0x00B5
[1471] [M]: 0x8000F6DC (0x00B54663) blt a0, a1, 12


mem[X,0x8000F6E8] -> 0x0113
mem[X,0x8000F6EA] -> 0x0031
[1472] [M]: 0x8000F6E8 (0x00310113) addi sp, sp, 3
x2 <- 0x00000003


mem[X,0x8000F6EC] -> 0x006F
mem[X,0x8000F6EE] -> 0x0040
[1473] [M]: 0x8000F6EC (0x0040006F) jal zero, 4


mem[X,0x8000F6F0] -> 0xAE23
mem[X,0x8000F6F2] -> 0x2020
[1474] [M]: 0x8000F6F0 (0x2020AE23) sw sp, 540(ra)
mem[0x80039384] <- 0x00000003


mem[X,0x8000F6F4] -> 0xB537
mem[X,0x8000F6F6] -> 0xAAAA
[1475] [M]: 0x8000F6F4 (0xAAAAB537) lui a0, 699051
x10 <- 0xAAAAB000


mem[X,0x8000F6F8] -> 0x0513
mem[X,0x8000F6FA] -> 0xAAA5
[1476] [M]: 0x8000F6F8 (0xAAA50513) addi a0, a0, 2730
x10 <- 0xAAAAAAAA


mem[X,0x8000F6FC] -> 0x65B7
mem[X,0x8000F6FE] -> 0x6666
[1477] [M]: 0x8000F6FC (0x666665B7) lui a1, 419430
x11 <- 0x66666000


mem[X,0x8000F700] -> 0x8593
mem[X,0x8000F702] -> 0x6675
[1478] [M]: 0x8000F700 (0x66758593) addi a1, a1, 1639
x11 <- 0x66666667


mem[X,0x8000F704] -> 0x0113
mem[X,0x8000F706] -> 0x0000
[1479] [M]: 0x8000F704 (0x00000113) addi sp, zero, 0
x2 <- 0x00000000


mem[X,0x8000F708] -> 0x006F
mem[X,0x8000F70A] -> 0x0180
[1480] [M]: 0x8000F708 (0x0180006F) jal zero, 24


mem[X,0x8000F720] -> 0x46E3
mem[X,0x8000F722] -> 0xFEB5
[1481] [M]: 0x8000F720 (0xFEB546E3) blt a0, a1, 8172


mem[X,0x8000F70C] -> 0x0113
mem[X,0x8000F70E] -> 0x0011
[1482] [M]: 0x8000F70C (0x00110113) addi sp, sp, 1
x2 <- 0x00000001


mem[X,0x8000F710] -> 0x006F
mem[X,0x8000F712] -> 0x0240
[1483] [M]: 0x8000F710 (0x0240006F) jal zero, 36


mem[X,0x8000F734] -> 0xA023
mem[X,0x8000F736] -> 0x2220
[1484] [M]: 0x8000F734 (0x2220A023) sw sp, 544(ra)
mem[0x80039388] <- 0x00000001


mem[X,0x8000F738] -> 0xB537
mem[X,0x8000F73A] -> 0xAAAA
[1485] [M]: 0x8000F738 (0xAAAAB537) lui a0, 699051
x10 <- 0xAAAAB000


mem[X,0x8000F73C] -> 0x0513
mem[X,0x8000F73E] -> 0xAAA5
[1486] [M]: 0x8000F73C (0xAAA50513) addi a0, a0, 2730
x10 <- 0xAAAAAAAA


mem[X,0x8000F740] -> 0x55B7
mem[X,0x8000F742] -> 0xFFFF
[1487] [M]: 0x8000F740 (0xFFFF55B7) lui a1, 1048565
x11 <- 0xFFFF5000


mem[X,0x8000F744] -> 0x8593
mem[X,0x8000F746] -> 0xAFD5
[1488] [M]: 0x8000F744 (0xAFD58593) addi a1, a1, 2813
x11 <- 0xFFFF4AFD


mem[X,0x8000F748] -> 0x0113
mem[X,0x8000F74A] -> 0x0000
[1489] [M]: 0x8000F748 (0x00000113) addi sp, zero, 0
x2 <- 0x00000000


mem[X,0x8000F74C] -> 0x006F
mem[X,0x8000F74E] -> 0x0140
[1490] [M]: 0x8000F74C (0x0140006F) jal zero, 20


mem[X,0x8000F760] -> 0x48E3
mem[X,0x8000F762] -> 0xFEB5
[1491] [M]: 0x8000F760 (0xFEB548E3) blt a0, a1, 8176


mem[X,0x8000F750] -> 0x0113
mem[X,0x8000F752] -> 0x0011
[1492] [M]: 0x8000F750 (0x00110113) addi sp, sp, 1
x2 <- 0x00000001


mem[X,0x8000F754] -> 0x006F
mem[X,0x8000F756] -> 0x0200
[1493] [M]: 0x8000F754 (0x0200006F) jal zero, 32


mem[X,0x8000F774] -> 0xA223
mem[X,0x8000F776] -> 0x2220
[1494] [M]: 0x8000F774 (0x2220A223) sw sp, 548(ra)
mem[0x8003938C] <- 0x00000001


mem[X,0x8000F778] -> 0xB537
mem[X,0x8000F77A] -> 0xAAAA
[1495] [M]: 0x8000F778 (0xAAAAB537) lui a0, 699051
x10 <- 0xAAAAB000


mem[X,0x8000F77C] -> 0x0513
mem[X,0x8000F77E] -> 0xAAA5
[1496] [M]: 0x8000F77C (0xAAA50513) addi a0, a0, 2730
x10 <- 0xAAAAAAAA


mem[X,0x8000F780] -> 0xB5B7
mem[X,0x8000F782] -> 0x0000
[1497] [M]: 0x8000F780 (0x0000B5B7) lui a1, 11
x11 <- 0x0000B000


mem[X,0x8000F784] -> 0x8593
mem[X,0x8000F786] -> 0x5055
[1498] [M]: 0x8000F784 (0x50558593) addi a1, a1, 1285
x11 <- 0x0000B505


mem[X,0x8000F788] -> 0x0113
mem[X,0x8000F78A] -> 0x0000
[1499] [M]: 0x8000F788 (0x00000113) addi sp, zero, 0
x2 <- 0x00000000


clint::tick mtime <- 0x000000000000000F
 clint timer pending at mtime 0x000000000000000F
htif::tick 0x0000000000000000
mem[X,0x8000F78C] -> 0x006F
mem[X,0x8000F78E] -> 0x00C0
[1500] [M]: 0x8000F78C (0x00C0006F) jal zero, 12


mem[X,0x8000F798] -> 0x4663
mem[X,0x8000F79A] -> 0x00B5
[1501] [M]: 0x8000F798 (0x00B54663) blt a0, a1, 12


mem[X,0x8000F7A4] -> 0x0113
mem[X,0x8000F7A6] -> 0x0031
[1502] [M]: 0x8000F7A4 (0x00310113) addi sp, sp, 3
x2 <- 0x00000003


mem[X,0x8000F7A8] -> 0x006F
mem[X,0x8000F7AA] -> 0x0040
[1503] [M]: 0x8000F7A8 (0x0040006F) jal zero, 4


mem[X,0x8000F7AC] -> 0xA423
mem[X,0x8000F7AE] -> 0x2220
[1504] [M]: 0x8000F7AC (0x2220A423) sw sp, 552(ra)
mem[0x80039390] <- 0x00000003


mem[X,0x8000F7B0] -> 0x0513
mem[X,0x8000F7B2] -> 0x0050
[1505] [M]: 0x8000F7B0 (0x00500513) addi a0, zero, 5
x10 <- 0x00000005


mem[X,0x8000F7B4] -> 0x0593
mem[X,0x8000F7B6] -> 0x0030
[1506] [M]: 0x8000F7B4 (0x00300593) addi a1, zero, 3
x11 <- 0x00000003


mem[X,0x8000F7B8] -> 0x0113
mem[X,0x8000F7BA] -> 0x0000
[1507] [M]: 0x8000F7B8 (0x00000113) addi sp, zero, 0
x2 <- 0x00000000


mem[X,0x8000F7BC] -> 0x006F
mem[X,0x8000F7BE] -> 0x0140
[1508] [M]: 0x8000F7BC (0x0140006F) jal zero, 20


mem[X,0x8000F7D0] -> 0x48E3
mem[X,0x8000F7D2] -> 0xFEB5
[1509] [M]: 0x8000F7D0 (0xFEB548E3) blt a0, a1, 8176


mem[X,0x8000F7D4] -> 0x0113
mem[X,0x8000F7D6] -> 0x0021
[1510] [M]: 0x8000F7D4 (0x00210113) addi sp, sp, 2
x2 <- 0x00000002


mem[X,0x8000F7D8] -> 0x006F
mem[X,0x8000F7DA] -> 0x00C0
[1511] [M]: 0x8000F7D8 (0x00C0006F) jal zero, 12


mem[X,0x8000F7E4] -> 0xA623
mem[X,0x8000F7E6] -> 0x2220
[1512] [M]: 0x8000F7E4 (0x2220A623) sw sp, 556(ra)
mem[0x80039394] <- 0x00000002


mem[X,0x8000F7E8] -> 0x0513
mem[X,0x8000F7EA] -> 0x0050
[1513] [M]: 0x8000F7E8 (0x00500513) addi a0, zero, 5
x10 <- 0x00000005


mem[X,0x8000F7EC] -> 0x55B7
mem[X,0x8000F7EE] -> 0x5555
[1514] [M]: 0x8000F7EC (0x555555B7) lui a1, 349525
x11 <- 0x55555000


mem[X,0x8000F7F0] -> 0x8593
mem[X,0x8000F7F2] -> 0x5555
[1515] [M]: 0x8000F7F0 (0x55558593) addi a1, a1, 1365
x11 <- 0x55555555


mem[X,0x8000F7F4] -> 0x0113
mem[X,0x8000F7F6] -> 0x0000
[1516] [M]: 0x8000F7F4 (0x00000113) addi sp, zero, 0
x2 <- 0x00000000


mem[X,0x8000F7F8] -> 0x006F
mem[X,0x8000F7FA] -> 0x00C0
[1517] [M]: 0x8000F7F8 (0x00C0006F) jal zero, 12


mem[X,0x8000F804] -> 0x4063
mem[X,0x8000F806] -> 0x02B5
[1518] [M]: 0x8000F804 (0x02B54063) blt a0, a1, 32


mem[X,0x8000F824] -> 0x0113
mem[X,0x8000F826] -> 0x0031
[1519] [M]: 0x8000F824 (0x00310113) addi sp, sp, 3
x2 <- 0x00000003


mem[X,0x8000F828] -> 0x006F
mem[X,0x8000F82A] -> 0x0040
[1520] [M]: 0x8000F828 (0x0040006F) jal zero, 4


mem[X,0x8000F82C] -> 0xA823
mem[X,0x8000F82E] -> 0x2220
[1521] [M]: 0x8000F82C (0x2220A823) sw sp, 560(ra)
mem[0x80039398] <- 0x00000003


mem[X,0x8000F830] -> 0x0513
mem[X,0x8000F832] -> 0x0050
[1522] [M]: 0x8000F830 (0x00500513) addi a0, zero, 5
x10 <- 0x00000005


mem[X,0x8000F834] -> 0xB5B7
mem[X,0x8000F836] -> 0xAAAA
[1523] [M]: 0x8000F834 (0xAAAAB5B7) lui a1, 699051
x11 <- 0xAAAAB000


mem[X,0x8000F838] -> 0x8593
mem[X,0x8000F83A] -> 0xAAA5
[1524] [M]: 0x8000F838 (0xAAA58593) addi a1, a1, 2730
x11 <- 0xAAAAAAAA


mem[X,0x8000F83C] -> 0x0113
mem[X,0x8000F83E] -> 0x0000
[1525] [M]: 0x8000F83C (0x00000113) addi sp, zero, 0
x2 <- 0x00000000


mem[X,0x8000F840] -> 0x006F
mem[X,0x8000F842] -> 0x00C0
[1526] [M]: 0x8000F840 (0x00C0006F) jal zero, 12


mem[X,0x8000F84C] -> 0x4CE3
mem[X,0x8000F84E] -> 0xFEB5
[1527] [M]: 0x8000F84C (0xFEB54CE3) blt a0, a1, 8184


mem[X,0x8000F850] -> 0x0113
mem[X,0x8000F852] -> 0x0021
[1528] [M]: 0x8000F850 (0x00210113) addi sp, sp, 2
x2 <- 0x00000002


mem[X,0x8000F854] -> 0x006F
mem[X,0x8000F856] -> 0x00C0
[1529] [M]: 0x8000F854 (0x00C0006F) jal zero, 12


mem[X,0x8000F860] -> 0xAA23
mem[X,0x8000F862] -> 0x2220
[1530] [M]: 0x8000F860 (0x2220AA23) sw sp, 564(ra)
mem[0x8003939C] <- 0x00000002


mem[X,0x8000F864] -> 0x0513
mem[X,0x8000F866] -> 0x0050
[1531] [M]: 0x8000F864 (0x00500513) addi a0, zero, 5
x10 <- 0x00000005


mem[X,0x8000F868] -> 0x0593
mem[X,0x8000F86A] -> 0x0050
[1532] [M]: 0x8000F868 (0x00500593) addi a1, zero, 5
x11 <- 0x00000005


mem[X,0x8000F86C] -> 0x0113
mem[X,0x8000F86E] -> 0x0000
[1533] [M]: 0x8000F86C (0x00000113) addi sp, zero, 0
x2 <- 0x00000000


mem[X,0x8000F870] -> 0x006F
mem[X,0x8000F872] -> 0x00C0
[1534] [M]: 0x8000F870 (0x00C0006F) jal zero, 12


mem[X,0x8000F87C] -> 0x4663
mem[X,0x8000F87E] -> 0x00B5
[1535] [M]: 0x8000F87C (0x00B54663) blt a0, a1, 12


mem[X,0x8000F880] -> 0x0113
mem[X,0x8000F882] -> 0x0021
[1536] [M]: 0x8000F880 (0x00210113) addi sp, sp, 2
x2 <- 0x00000002


mem[X,0x8000F884] -> 0x006F
mem[X,0x8000F886] -> 0x00C0
[1537] [M]: 0x8000F884 (0x00C0006F) jal zero, 12


mem[X,0x8000F890] -> 0xAC23
mem[X,0x8000F892] -> 0x2220
[1538] [M]: 0x8000F890 (0x2220AC23) sw sp, 568(ra)
mem[0x800393A0] <- 0x00000002


mem[X,0x8000F894] -> 0x0513
mem[X,0x8000F896] -> 0x0050
[1539] [M]: 0x8000F894 (0x00500513) addi a0, zero, 5
x10 <- 0x00000005


mem[X,0x8000F898] -> 0x35B7
mem[X,0x8000F89A] -> 0x3333
[1540] [M]: 0x8000F898 (0x333335B7) lui a1, 209715
x11 <- 0x33333000


mem[X,0x8000F89C] -> 0x8593
mem[X,0x8000F89E] -> 0x3335
[1541] [M]: 0x8000F89C (0x33358593) addi a1, a1, 819
x11 <- 0x33333333


mem[X,0x8000F8A0] -> 0x0113
mem[X,0x8000F8A2] -> 0x0000
[1542] [M]: 0x8000F8A0 (0x00000113) addi sp, zero, 0
x2 <- 0x00000000


mem[X,0x8000F8A4] -> 0x006F
mem[X,0x8000F8A6] -> 0x00C0
[1543] [M]: 0x8000F8A4 (0x00C0006F) jal zero, 12


mem[X,0x8000F8B0] -> 0x4CE3
mem[X,0x8000F8B2] -> 0xFEB5
[1544] [M]: 0x8000F8B0 (0xFEB54CE3) blt a0, a1, 8184


mem[X,0x8000F8A8] -> 0x0113
mem[X,0x8000F8AA] -> 0x0011
[1545] [M]: 0x8000F8A8 (0x00110113) addi sp, sp, 1
x2 <- 0x00000001


mem[X,0x8000F8AC] -> 0x006F
mem[X,0x8000F8AE] -> 0x0180
[1546] [M]: 0x8000F8AC (0x0180006F) jal zero, 24


mem[X,0x8000F8C4] -> 0xAE23
mem[X,0x8000F8C6] -> 0x2220
[1547] [M]: 0x8000F8C4 (0x2220AE23) sw sp, 572(ra)
mem[0x800393A4] <- 0x00000001


mem[X,0x8000F8C8] -> 0x0513
mem[X,0x8000F8CA] -> 0x0050
[1548] [M]: 0x8000F8C8 (0x00500513) addi a0, zero, 5
x10 <- 0x00000005


mem[X,0x8000F8CC] -> 0x65B7
mem[X,0x8000F8CE] -> 0x6666
[1549] [M]: 0x8000F8CC (0x666665B7) lui a1, 419430
x11 <- 0x66666000


mem[X,0x8000F8D0] -> 0x8593
mem[X,0x8000F8D2] -> 0x6665
[1550] [M]: 0x8000F8D0 (0x66658593) addi a1, a1, 1638
x11 <- 0x66666666


mem[X,0x8000F8D4] -> 0x0113
mem[X,0x8000F8D6] -> 0x0000
[1551] [M]: 0x8000F8D4 (0x00000113) addi sp, zero, 0
x2 <- 0x00000000


mem[X,0x8000F8D8] -> 0x006F
mem[X,0x8000F8DA] -> 0x00C0
[1552] [M]: 0x8000F8D8 (0x00C0006F) jal zero, 12


mem[X,0x8000F8E4] -> 0x4663
mem[X,0x8000F8E6] -> 0x00B5
[1553] [M]: 0x8000F8E4 (0x00B54663) blt a0, a1, 12


mem[X,0x8000F8F0] -> 0x0113
mem[X,0x8000F8F2] -> 0x0031
[1554] [M]: 0x8000F8F0 (0x00310113) addi sp, sp, 3
x2 <- 0x00000003


mem[X,0x8000F8F4] -> 0x006F
mem[X,0x8000F8F6] -> 0x0040
[1555] [M]: 0x8000F8F4 (0x0040006F) jal zero, 4


mem[X,0x8000F8F8] -> 0xA023
mem[X,0x8000F8FA] -> 0x2420
[1556] [M]: 0x8000F8F8 (0x2420A023) sw sp, 576(ra)
mem[0x800393A8] <- 0x00000003


mem[X,0x8000F8FC] -> 0x0513
mem[X,0x8000F8FE] -> 0x0050
[1557] [M]: 0x8000F8FC (0x00500513) addi a0, zero, 5
x10 <- 0x00000005


mem[X,0x8000F900] -> 0x55B7
mem[X,0x8000F902] -> 0xFFFF
[1558] [M]: 0x8000F900 (0xFFFF55B7) lui a1, 1048565
x11 <- 0xFFFF5000


mem[X,0x8000F904] -> 0x8593
mem[X,0x8000F906] -> 0xAFC5
[1559] [M]: 0x8000F904 (0xAFC58593) addi a1, a1, 2812
x11 <- 0xFFFF4AFC


mem[X,0x8000F908] -> 0x0113
mem[X,0x8000F90A] -> 0x0000
[1560] [M]: 0x8000F908 (0x00000113) addi sp, zero, 0
x2 <- 0x00000000


mem[X,0x8000F90C] -> 0x006F
mem[X,0x8000F90E] -> 0x00C0
[1561] [M]: 0x8000F90C (0x00C0006F) jal zero, 12


mem[X,0x8000F918] -> 0x4CE3
mem[X,0x8000F91A] -> 0xFEB5
[1562] [M]: 0x8000F918 (0xFEB54CE3) blt a0, a1, 8184


mem[X,0x8000F91C] -> 0x0113
mem[X,0x8000F91E] -> 0x0021
[1563] [M]: 0x8000F91C (0x00210113) addi sp, sp, 2
x2 <- 0x00000002


mem[X,0x8000F920] -> 0x006F
mem[X,0x8000F922] -> 0x00C0
[1564] [M]: 0x8000F920 (0x00C0006F) jal zero, 12


mem[X,0x8000F92C] -> 0xA223
mem[X,0x8000F92E] -> 0x2420
[1565] [M]: 0x8000F92C (0x2420A223) sw sp, 580(ra)
mem[0x800393AC] <- 0x00000002


mem[X,0x8000F930] -> 0x0513
mem[X,0x8000F932] -> 0x0050
[1566] [M]: 0x8000F930 (0x00500513) addi a0, zero, 5
x10 <- 0x00000005


mem[X,0x8000F934] -> 0xB5B7
mem[X,0x8000F936] -> 0x0000
[1567] [M]: 0x8000F934 (0x0000B5B7) lui a1, 11
x11 <- 0x0000B000


mem[X,0x8000F938] -> 0x8593
mem[X,0x8000F93A] -> 0x5045
[1568] [M]: 0x8000F938 (0x50458593) addi a1, a1, 1284
x11 <- 0x0000B504


mem[X,0x8000F93C] -> 0x0113
mem[X,0x8000F93E] -> 0x0000
[1569] [M]: 0x8000F93C (0x00000113) addi sp, zero, 0
x2 <- 0x00000000


mem[X,0x8000F940] -> 0x006F
mem[X,0x8000F942] -> 0x00C0
[1570] [M]: 0x8000F940 (0x00C0006F) jal zero, 12


mem[X,0x8000F94C] -> 0x4663
mem[X,0x8000F94E] -> 0x00B5
[1571] [M]: 0x8000F94C (0x00B54663) blt a0, a1, 12


mem[X,0x8000F958] -> 0x0113
mem[X,0x8000F95A] -> 0x0031
[1572] [M]: 0x8000F958 (0x00310113) addi sp, sp, 3
x2 <- 0x00000003


mem[X,0x8000F95C] -> 0x006F
mem[X,0x8000F95E] -> 0x0040
[1573] [M]: 0x8000F95C (0x0040006F) jal zero, 4


mem[X,0x8000F960] -> 0xA423
mem[X,0x8000F962] -> 0x2420
[1574] [M]: 0x8000F960 (0x2420A423) sw sp, 584(ra)
mem[0x800393B0] <- 0x00000003


mem[X,0x8000F964] -> 0x0513
mem[X,0x8000F966] -> 0x0050
[1575] [M]: 0x8000F964 (0x00500513) addi a0, zero, 5
x10 <- 0x00000005


mem[X,0x8000F968] -> 0x0593
mem[X,0x8000F96A] -> 0x0020
[1576] [M]: 0x8000F968 (0x00200593) addi a1, zero, 2
x11 <- 0x00000002


mem[X,0x8000F96C] -> 0x0113
mem[X,0x8000F96E] -> 0x0000
[1577] [M]: 0x8000F96C (0x00000113) addi sp, zero, 0
x2 <- 0x00000000


mem[X,0x8000F970] -> 0x006F
mem[X,0x8000F972] -> 0x0100
[1578] [M]: 0x8000F970 (0x0100006F) jal zero, 16


mem[X,0x8000F980] -> 0x4AE3
mem[X,0x8000F982] -> 0xFEB5
[1579] [M]: 0x8000F980 (0xFEB54AE3) blt a0, a1, 8180


mem[X,0x8000F984] -> 0x0113
mem[X,0x8000F986] -> 0x0021
[1580] [M]: 0x8000F984 (0x00210113) addi sp, sp, 2
x2 <- 0x00000002


mem[X,0x8000F988] -> 0x006F
mem[X,0x8000F98A] -> 0x00C0
[1581] [M]: 0x8000F988 (0x00C0006F) jal zero, 12


mem[X,0x8000F994] -> 0xA623
mem[X,0x8000F996] -> 0x2420
[1582] [M]: 0x8000F994 (0x2420A623) sw sp, 588(ra)
mem[0x800393B4] <- 0x00000002


mem[X,0x8000F998] -> 0x0513
mem[X,0x8000F99A] -> 0x0050
[1583] [M]: 0x8000F998 (0x00500513) addi a0, zero, 5
x10 <- 0x00000005


mem[X,0x8000F99C] -> 0x55B7
mem[X,0x8000F99E] -> 0x5555
[1584] [M]: 0x8000F99C (0x555555B7) lui a1, 349525
x11 <- 0x55555000


mem[X,0x8000F9A0] -> 0x8593
mem[X,0x8000F9A2] -> 0x5545
[1585] [M]: 0x8000F9A0 (0x55458593) addi a1, a1, 1364
x11 <- 0x55555554


mem[X,0x8000F9A4] -> 0x0113
mem[X,0x8000F9A6] -> 0x0000
[1586] [M]: 0x8000F9A4 (0x00000113) addi sp, zero, 0
x2 <- 0x00000000


mem[X,0x8000F9A8] -> 0x006F
mem[X,0x8000F9AA] -> 0x0140
[1587] [M]: 0x8000F9A8 (0x0140006F) jal zero, 20


mem[X,0x8000F9BC] -> 0x48E3
mem[X,0x8000F9BE] -> 0xFEB5
[1588] [M]: 0x8000F9BC (0xFEB548E3) blt a0, a1, 8176


mem[X,0x8000F9AC] -> 0x0113
mem[X,0x8000F9AE] -> 0x0011
[1589] [M]: 0x8000F9AC (0x00110113) addi sp, sp, 1
x2 <- 0x00000001


mem[X,0x8000F9B0] -> 0x006F
mem[X,0x8000F9B2] -> 0x0200
[1590] [M]: 0x8000F9B0 (0x0200006F) jal zero, 32


mem[X,0x8000F9D0] -> 0xA823
mem[X,0x8000F9D2] -> 0x2420
[1591] [M]: 0x8000F9D0 (0x2420A823) sw sp, 592(ra)
mem[0x800393B8] <- 0x00000001


mem[X,0x8000F9D4] -> 0x0513
mem[X,0x8000F9D6] -> 0x0050
[1592] [M]: 0x8000F9D4 (0x00500513) addi a0, zero, 5
x10 <- 0x00000005


mem[X,0x8000F9D8] -> 0x0593
mem[X,0x8000F9DA] -> 0x0000
[1593] [M]: 0x8000F9D8 (0x00000593) addi a1, zero, 0
x11 <- 0x00000000


mem[X,0x8000F9DC] -> 0x0113
mem[X,0x8000F9DE] -> 0x0000
[1594] [M]: 0x8000F9DC (0x00000113) addi sp, zero, 0
x2 <- 0x00000000


mem[X,0x8000F9E0] -> 0x006F
mem[X,0x8000F9E2] -> 0x0140
[1595] [M]: 0x8000F9E0 (0x0140006F) jal zero, 20


mem[X,0x8000F9F4] -> 0x48E3
mem[X,0x8000F9F6] -> 0xFEB5
[1596] [M]: 0x8000F9F4 (0xFEB548E3) blt a0, a1, 8176


mem[X,0x8000F9F8] -> 0x0113
mem[X,0x8000F9FA] -> 0x0021
[1597] [M]: 0x8000F9F8 (0x00210113) addi sp, sp, 2
x2 <- 0x00000002


mem[X,0x8000F9FC] -> 0x006F
mem[X,0x8000F9FE] -> 0x00C0
[1598] [M]: 0x8000F9FC (0x00C0006F) jal zero, 12


mem[X,0x8000FA08] -> 0xAA23
mem[X,0x8000FA0A] -> 0x2420
[1599] [M]: 0x8000FA08 (0x2420AA23) sw sp, 596(ra)
mem[0x800393BC] <- 0x00000002


clint::tick mtime <- 0x0000000000000010
 clint timer pending at mtime 0x0000000000000010
htif::tick 0x0000000000000000
mem[X,0x8000FA0C] -> 0x0513
mem[X,0x8000FA0E] -> 0x0050
[1600] [M]: 0x8000FA0C (0x00500513) addi a0, zero, 5
x10 <- 0x00000005


mem[X,0x8000FA10] -> 0x0593
mem[X,0x8000FA12] -> 0x0040
[1601] [M]: 0x8000FA10 (0x00400593) addi a1, zero, 4
x11 <- 0x00000004


mem[X,0x8000FA14] -> 0x0113
mem[X,0x8000FA16] -> 0x0000
[1602] [M]: 0x8000FA14 (0x00000113) addi sp, zero, 0
x2 <- 0x00000000


mem[X,0x8000FA18] -> 0x006F
mem[X,0x8000FA1A] -> 0x00C0
[1603] [M]: 0x8000FA18 (0x00C0006F) jal zero, 12


mem[X,0x8000FA24] -> 0x4663
mem[X,0x8000FA26] -> 0x00B5
[1604] [M]: 0x8000FA24 (0x00B54663) blt a0, a1, 12


mem[X,0x8000FA28] -> 0x0113
mem[X,0x8000FA2A] -> 0x0021
[1605] [M]: 0x8000FA28 (0x00210113) addi sp, sp, 2
x2 <- 0x00000002


mem[X,0x8000FA2C] -> 0x006F
mem[X,0x8000FA2E] -> 0x00C0
[1606] [M]: 0x8000FA2C (0x00C0006F) jal zero, 12


mem[X,0x8000FA38] -> 0xAC23
mem[X,0x8000FA3A] -> 0x2420
[1607] [M]: 0x8000FA38 (0x2420AC23) sw sp, 600(ra)
mem[0x800393C0] <- 0x00000002


mem[X,0x8000FA3C] -> 0x0513
mem[X,0x8000FA3E] -> 0x0050
[1608] [M]: 0x8000FA3C (0x00500513) addi a0, zero, 5
x10 <- 0x00000005


mem[X,0x8000FA40] -> 0x35B7
mem[X,0x8000FA42] -> 0x3333
[1609] [M]: 0x8000FA40 (0x333335B7) lui a1, 209715
x11 <- 0x33333000


mem[X,0x8000FA44] -> 0x8593
mem[X,0x8000FA46] -> 0x3325
[1610] [M]: 0x8000FA44 (0x33258593) addi a1, a1, 818
x11 <- 0x33333332


mem[X,0x8000FA48] -> 0x0113
mem[X,0x8000FA4A] -> 0x0000
[1611] [M]: 0x8000FA48 (0x00000113) addi sp, zero, 0
x2 <- 0x00000000


mem[X,0x8000FA4C] -> 0x006F
mem[X,0x8000FA4E] -> 0x00C0
[1612] [M]: 0x8000FA4C (0x00C0006F) jal zero, 12


mem[X,0x8000FA58] -> 0x4063
mem[X,0x8000FA5A] -> 0x02B5
[1613] [M]: 0x8000FA58 (0x02B54063) blt a0, a1, 32


mem[X,0x8000FA78] -> 0x0113
mem[X,0x8000FA7A] -> 0x0031
[1614] [M]: 0x8000FA78 (0x00310113) addi sp, sp, 3
x2 <- 0x00000003


mem[X,0x8000FA7C] -> 0x006F
mem[X,0x8000FA7E] -> 0x0040
[1615] [M]: 0x8000FA7C (0x0040006F) jal zero, 4


mem[X,0x8000FA80] -> 0xAE23
mem[X,0x8000FA82] -> 0x2420
[1616] [M]: 0x8000FA80 (0x2420AE23) sw sp, 604(ra)
mem[0x800393C4] <- 0x00000003


mem[X,0x8000FA84] -> 0x0513
mem[X,0x8000FA86] -> 0x0050
[1617] [M]: 0x8000FA84 (0x00500513) addi a0, zero, 5
x10 <- 0x00000005


mem[X,0x8000FA88] -> 0x65B7
mem[X,0x8000FA8A] -> 0x6666
[1618] [M]: 0x8000FA88 (0x666665B7) lui a1, 419430
x11 <- 0x66666000


mem[X,0x8000FA8C] -> 0x8593
mem[X,0x8000FA8E] -> 0x6655
[1619] [M]: 0x8000FA8C (0x66558593) addi a1, a1, 1637
x11 <- 0x66666665


mem[X,0x8000FA90] -> 0x0113
mem[X,0x8000FA92] -> 0x0000
[1620] [M]: 0x8000FA90 (0x00000113) addi sp, zero, 0
x2 <- 0x00000000


mem[X,0x8000FA94] -> 0x006F
mem[X,0x8000FA96] -> 0x00C0
[1621] [M]: 0x8000FA94 (0x00C0006F) jal zero, 12


mem[X,0x8000FAA0] -> 0x4663
mem[X,0x8000FAA2] -> 0x00B5
[1622] [M]: 0x8000FAA0 (0x00B54663) blt a0, a1, 12


mem[X,0x8000FAAC] -> 0x0113
mem[X,0x8000FAAE] -> 0x0031
[1623] [M]: 0x8000FAAC (0x00310113) addi sp, sp, 3
x2 <- 0x00000003


mem[X,0x8000FAB0] -> 0x006F
mem[X,0x8000FAB2] -> 0x0040
[1624] [M]: 0x8000FAB0 (0x0040006F) jal zero, 4


mem[X,0x8000FAB4] -> 0xA023
mem[X,0x8000FAB6] -> 0x2620
[1625] [M]: 0x8000FAB4 (0x2620A023) sw sp, 608(ra)
mem[0x800393C8] <- 0x00000003


mem[X,0x8000FAB8] -> 0x0513
mem[X,0x8000FABA] -> 0x0050
[1626] [M]: 0x8000FAB8 (0x00500513) addi a0, zero, 5
x10 <- 0x00000005


mem[X,0x8000FABC] -> 0xB5B7
mem[X,0x8000FABE] -> 0x0000
[1627] [M]: 0x8000FABC (0x0000B5B7) lui a1, 11
x11 <- 0x0000B000


mem[X,0x8000FAC0] -> 0x8593
mem[X,0x8000FAC2] -> 0x5035
[1628] [M]: 0x8000FAC0 (0x50358593) addi a1, a1, 1283
x11 <- 0x0000B503


mem[X,0x8000FAC4] -> 0x0113
mem[X,0x8000FAC6] -> 0x0000
[1629] [M]: 0x8000FAC4 (0x00000113) addi sp, zero, 0
x2 <- 0x00000000


mem[X,0x8000FAC8] -> 0x006F
mem[X,0x8000FACA] -> 0x00C0
[1630] [M]: 0x8000FAC8 (0x00C0006F) jal zero, 12


mem[X,0x8000FAD4] -> 0x4063
mem[X,0x8000FAD6] -> 0x04B5
[1631] [M]: 0x8000FAD4 (0x04B54063) blt a0, a1, 64


mem[X,0x8000FB14] -> 0x0113
mem[X,0x8000FB16] -> 0x0031
[1632] [M]: 0x8000FB14 (0x00310113) addi sp, sp, 3
x2 <- 0x00000003


mem[X,0x8000FB18] -> 0x006F
mem[X,0x8000FB1A] -> 0x0040
[1633] [M]: 0x8000FB18 (0x0040006F) jal zero, 4


mem[X,0x8000FB1C] -> 0xA223
mem[X,0x8000FB1E] -> 0x2620
[1634] [M]: 0x8000FB1C (0x2620A223) sw sp, 612(ra)
mem[0x800393CC] <- 0x00000003


mem[X,0x8000FB20] -> 0x0513
mem[X,0x8000FB22] -> 0x0050
[1635] [M]: 0x8000FB20 (0x00500513) addi a0, zero, 5
x10 <- 0x00000005


mem[X,0x8000FB24] -> 0x55B7
mem[X,0x8000FB26] -> 0x5555
[1636] [M]: 0x8000FB24 (0x555555B7) lui a1, 349525
x11 <- 0x55555000


mem[X,0x8000FB28] -> 0x8593
mem[X,0x8000FB2A] -> 0x5565
[1637] [M]: 0x8000FB28 (0x55658593) addi a1, a1, 1366
x11 <- 0x55555556


mem[X,0x8000FB2C] -> 0x0113
mem[X,0x8000FB2E] -> 0x0000
[1638] [M]: 0x8000FB2C (0x00000113) addi sp, zero, 0
x2 <- 0x00000000


mem[X,0x8000FB30] -> 0x006F
mem[X,0x8000FB32] -> 0x0050
[1639] [M]: 0x8000FB30 (0x0050006F) jal zero, 2052


mem[X,0x80010334] -> 0x40E3
mem[X,0x80010336] -> 0x80B5
[1640] [M]: 0x80010334 (0x80B540E3) blt a0, a1, 6144


mem[X,0x8000FB34] -> 0x0113
mem[X,0x8000FB36] -> 0x0011
[1641] [M]: 0x8000FB34 (0x00110113) addi sp, sp, 1
x2 <- 0x00000001


mem[X,0x8000FB38] -> 0x006F
mem[X,0x8000FB3A] -> 0x0110
[1642] [M]: 0x8000FB38 (0x0110006F) jal zero, 2064


mem[X,0x80010348] -> 0xA423
mem[X,0x8001034A] -> 0x2620
[1643] [M]: 0x80010348 (0x2620A423) sw sp, 616(ra)
mem[0x800393D0] <- 0x00000001


mem[X,0x8001034C] -> 0x0513
mem[X,0x8001034E] -> 0x0050
[1644] [M]: 0x8001034C (0x00500513) addi a0, zero, 5
x10 <- 0x00000005


mem[X,0x80010350] -> 0xB5B7
mem[X,0x80010352] -> 0xAAAA
[1645] [M]: 0x80010350 (0xAAAAB5B7) lui a1, 699051
x11 <- 0xAAAAB000


mem[X,0x80010354] -> 0x8593
mem[X,0x80010356] -> 0xAAB5
[1646] [M]: 0x80010354 (0xAAB58593) addi a1, a1, 2731
x11 <- 0xAAAAAAAB


mem[X,0x80010358] -> 0x0113
mem[X,0x8001035A] -> 0x0000
[1647] [M]: 0x80010358 (0x00000113) addi sp, zero, 0
x2 <- 0x00000000


mem[X,0x8001035C] -> 0x006F
mem[X,0x8001035E] -> 0x00C0
[1648] [M]: 0x8001035C (0x00C0006F) jal zero, 12


mem[X,0x80010368] -> 0x4CE3
mem[X,0x8001036A] -> 0xFEB5
[1649] [M]: 0x80010368 (0xFEB54CE3) blt a0, a1, 8184


mem[X,0x8001036C] -> 0x0113
mem[X,0x8001036E] -> 0x0021
[1650] [M]: 0x8001036C (0x00210113) addi sp, sp, 2
x2 <- 0x00000002


mem[X,0x80010370] -> 0x006F
mem[X,0x80010372] -> 0x00C0
[1651] [M]: 0x80010370 (0x00C0006F) jal zero, 12


mem[X,0x8001037C] -> 0xA623
mem[X,0x8001037E] -> 0x2620
[1652] [M]: 0x8001037C (0x2620A623) sw sp, 620(ra)
mem[0x800393D4] <- 0x00000002


mem[X,0x80010380] -> 0x0513
mem[X,0x80010382] -> 0x0050
[1653] [M]: 0x80010380 (0x00500513) addi a0, zero, 5
x10 <- 0x00000005


mem[X,0x80010384] -> 0x0593
mem[X,0x80010386] -> 0x0060
[1654] [M]: 0x80010384 (0x00600593) addi a1, zero, 6
x11 <- 0x00000006


mem[X,0x80010388] -> 0x0113
mem[X,0x8001038A] -> 0x0000
[1655] [M]: 0x80010388 (0x00000113) addi sp, zero, 0
x2 <- 0x00000000


mem[X,0x8001038C] -> 0x006F
mem[X,0x8001038E] -> 0x00C0
[1656] [M]: 0x8001038C (0x00C0006F) jal zero, 12


mem[X,0x80010398] -> 0x4863
mem[X,0x8001039A] -> 0x00B5
[1657] [M]: 0x80010398 (0x00B54863) blt a0, a1, 16


mem[X,0x800103A8] -> 0x0113
mem[X,0x800103AA] -> 0x0031
[1658] [M]: 0x800103A8 (0x00310113) addi sp, sp, 3
x2 <- 0x00000003


mem[X,0x800103AC] -> 0x006F
mem[X,0x800103AE] -> 0x0040
[1659] [M]: 0x800103AC (0x0040006F) jal zero, 4


mem[X,0x800103B0] -> 0xA823
mem[X,0x800103B2] -> 0x2620
[1660] [M]: 0x800103B0 (0x2620A823) sw sp, 624(ra)
mem[0x800393D8] <- 0x00000003


mem[X,0x800103B4] -> 0x0513
mem[X,0x800103B6] -> 0x0050
[1661] [M]: 0x800103B4 (0x00500513) addi a0, zero, 5
x10 <- 0x00000005


mem[X,0x800103B8] -> 0x35B7
mem[X,0x800103BA] -> 0x3333
[1662] [M]: 0x800103B8 (0x333335B7) lui a1, 209715
x11 <- 0x33333000


mem[X,0x800103BC] -> 0x8593
mem[X,0x800103BE] -> 0x3345
[1663] [M]: 0x800103BC (0x33458593) addi a1, a1, 820
x11 <- 0x33333334


mem[X,0x800103C0] -> 0x0113
mem[X,0x800103C2] -> 0x0000
[1664] [M]: 0x800103C0 (0x00000113) addi sp, zero, 0
x2 <- 0x00000000


mem[X,0x800103C4] -> 0x006F
mem[X,0x800103C6] -> 0x00C0
[1665] [M]: 0x800103C4 (0x00C0006F) jal zero, 12


mem[X,0x800103D0] -> 0x4CE3
mem[X,0x800103D2] -> 0xFEB5
[1666] [M]: 0x800103D0 (0xFEB54CE3) blt a0, a1, 8184


mem[X,0x800103C8] -> 0x0113
mem[X,0x800103CA] -> 0x0011
[1667] [M]: 0x800103C8 (0x00110113) addi sp, sp, 1
x2 <- 0x00000001


mem[X,0x800103CC] -> 0x006F
mem[X,0x800103CE] -> 0x0180
[1668] [M]: 0x800103CC (0x0180006F) jal zero, 24


mem[X,0x800103E4] -> 0xAA23
mem[X,0x800103E6] -> 0x2620
[1669] [M]: 0x800103E4 (0x2620AA23) sw sp, 628(ra)
mem[0x800393DC] <- 0x00000001


mem[X,0x800103E8] -> 0x0513
mem[X,0x800103EA] -> 0x0050
[1670] [M]: 0x800103E8 (0x00500513) addi a0, zero, 5
x10 <- 0x00000005


mem[X,0x800103EC] -> 0x65B7
mem[X,0x800103EE] -> 0x6666
[1671] [M]: 0x800103EC (0x666665B7) lui a1, 419430
x11 <- 0x66666000


mem[X,0x800103F0] -> 0x8593
mem[X,0x800103F2] -> 0x6675
[1672] [M]: 0x800103F0 (0x66758593) addi a1, a1, 1639
x11 <- 0x66666667


mem[X,0x800103F4] -> 0x0113
mem[X,0x800103F6] -> 0x0000
[1673] [M]: 0x800103F4 (0x00000113) addi sp, zero, 0
x2 <- 0x00000000


mem[X,0x800103F8] -> 0x006F
mem[X,0x800103FA] -> 0x00C0
[1674] [M]: 0x800103F8 (0x00C0006F) jal zero, 12


mem[X,0x80010404] -> 0x4063
mem[X,0x80010406] -> 0x02B5
[1675] [M]: 0x80010404 (0x02B54063) blt a0, a1, 32


mem[X,0x80010424] -> 0x0113
mem[X,0x80010426] -> 0x0031
[1676] [M]: 0x80010424 (0x00310113) addi sp, sp, 3
x2 <- 0x00000003


mem[X,0x80010428] -> 0x006F
mem[X,0x8001042A] -> 0x0040
[1677] [M]: 0x80010428 (0x0040006F) jal zero, 4


mem[X,0x8001042C] -> 0xAC23
mem[X,0x8001042E] -> 0x2620
[1678] [M]: 0x8001042C (0x2620AC23) sw sp, 632(ra)
mem[0x800393E0] <- 0x00000003


mem[X,0x80010430] -> 0x0513
mem[X,0x80010432] -> 0x0050
[1679] [M]: 0x80010430 (0x00500513) addi a0, zero, 5
x10 <- 0x00000005


mem[X,0x80010434] -> 0x55B7
mem[X,0x80010436] -> 0xFFFF
[1680] [M]: 0x80010434 (0xFFFF55B7) lui a1, 1048565
x11 <- 0xFFFF5000


mem[X,0x80010438] -> 0x8593
mem[X,0x8001043A] -> 0xAFD5
[1681] [M]: 0x80010438 (0xAFD58593) addi a1, a1, 2813
x11 <- 0xFFFF4AFD


mem[X,0x8001043C] -> 0x0113
mem[X,0x8001043E] -> 0x0000
[1682] [M]: 0x8001043C (0x00000113) addi sp, zero, 0
x2 <- 0x00000000


mem[X,0x80010440] -> 0x006F
mem[X,0x80010442] -> 0x00C0
[1683] [M]: 0x80010440 (0x00C0006F) jal zero, 12


mem[X,0x8001044C] -> 0x4063
mem[X,0x8001044E] -> 0x10B5
[1684] [M]: 0x8001044C (0x10B54063) blt a0, a1, 256


mem[X,0x80010450] -> 0x0113
mem[X,0x80010452] -> 0x0021
[1685] [M]: 0x80010450 (0x00210113) addi sp, sp, 2
x2 <- 0x00000002


mem[X,0x80010454] -> 0x006F
mem[X,0x80010456] -> 0x1000
[1686] [M]: 0x80010454 (0x1000006F) jal zero, 256


mem[X,0x80010554] -> 0xAE23
mem[X,0x80010556] -> 0x2620
[1687] [M]: 0x80010554 (0x2620AE23) sw sp, 636(ra)
mem[0x800393E4] <- 0x00000002


mem[X,0x80010558] -> 0x0513
mem[X,0x8001055A] -> 0x0050
[1688] [M]: 0x80010558 (0x00500513) addi a0, zero, 5
x10 <- 0x00000005


mem[X,0x8001055C] -> 0xB5B7
mem[X,0x8001055E] -> 0x0000
[1689] [M]: 0x8001055C (0x0000B5B7) lui a1, 11
x11 <- 0x0000B000


mem[X,0x80010560] -> 0x8593
mem[X,0x80010562] -> 0x5055
[1690] [M]: 0x80010560 (0x50558593) addi a1, a1, 1285
x11 <- 0x0000B505


mem[X,0x80010564] -> 0x0113
mem[X,0x80010566] -> 0x0000
[1691] [M]: 0x80010564 (0x00000113) addi sp, zero, 0
x2 <- 0x00000000


mem[X,0x80010568] -> 0x006F
mem[X,0x8001056A] -> 0x00C0
[1692] [M]: 0x80010568 (0x00C0006F) jal zero, 12


mem[X,0x80010574] -> 0x4663
mem[X,0x80010576] -> 0x00B5
[1693] [M]: 0x80010574 (0x00B54663) blt a0, a1, 12


mem[X,0x80010580] -> 0x0113
mem[X,0x80010582] -> 0x0031
[1694] [M]: 0x80010580 (0x00310113) addi sp, sp, 3
x2 <- 0x00000003


mem[X,0x80010584] -> 0x006F
mem[X,0x80010586] -> 0x0040
[1695] [M]: 0x80010584 (0x0040006F) jal zero, 4


mem[X,0x80010588] -> 0xA023
mem[X,0x8001058A] -> 0x2820
[1696] [M]: 0x80010588 (0x2820A023) sw sp, 640(ra)
mem[0x800393E8] <- 0x00000003


mem[X,0x8001058C] -> 0x3537
mem[X,0x8001058E] -> 0x3333
[1697] [M]: 0x8001058C (0x33333537) lui a0, 209715
x10 <- 0x33333000


mem[X,0x80010590] -> 0x0513
mem[X,0x80010592] -> 0x3335
[1698] [M]: 0x80010590 (0x33350513) addi a0, a0, 819
x10 <- 0x33333333


mem[X,0x80010594] -> 0x0593
mem[X,0x80010596] -> 0x0030
[1699] [M]: 0x80010594 (0x00300593) addi a1, zero, 3
x11 <- 0x00000003


clint::tick mtime <- 0x0000000000000011
 clint timer pending at mtime 0x0000000000000011
htif::tick 0x0000000000000000
mem[X,0x80010598] -> 0x0113
mem[X,0x8001059A] -> 0x0000
[1700] [M]: 0x80010598 (0x00000113) addi sp, zero, 0
x2 <- 0x00000000


mem[X,0x8001059C] -> 0x006F
mem[X,0x8001059E] -> 0x00C0
[1701] [M]: 0x8001059C (0x00C0006F) jal zero, 12


mem[X,0x800105A8] -> 0x4063
mem[X,0x800105AA] -> 0x40B5
[1702] [M]: 0x800105A8 (0x40B54063) blt a0, a1, 1024


mem[X,0x800105AC] -> 0x0113
mem[X,0x800105AE] -> 0x0021
[1703] [M]: 0x800105AC (0x00210113) addi sp, sp, 2
x2 <- 0x00000002


mem[X,0x800105B0] -> 0x006F
mem[X,0x800105B2] -> 0x4000
[1704] [M]: 0x800105B0 (0x4000006F) jal zero, 1024


mem[X,0x800109B0] -> 0xA223
mem[X,0x800109B2] -> 0x2820
[1705] [M]: 0x800109B0 (0x2820A223) sw sp, 644(ra)
mem[0x800393EC] <- 0x00000002


mem[X,0x800109B4] -> 0x3537
mem[X,0x800109B6] -> 0x3333
[1706] [M]: 0x800109B4 (0x33333537) lui a0, 209715
x10 <- 0x33333000


mem[X,0x800109B8] -> 0x0513
mem[X,0x800109BA] -> 0x3335
[1707] [M]: 0x800109B8 (0x33350513) addi a0, a0, 819
x10 <- 0x33333333


mem[X,0x800109BC] -> 0x55B7
mem[X,0x800109BE] -> 0x5555
[1708] [M]: 0x800109BC (0x555555B7) lui a1, 349525
x11 <- 0x55555000


mem[X,0x800109C0] -> 0x8593
mem[X,0x800109C2] -> 0x5555
[1709] [M]: 0x800109C0 (0x55558593) addi a1, a1, 1365
x11 <- 0x55555555


mem[X,0x800109C4] -> 0x0113
mem[X,0x800109C6] -> 0x0000
[1710] [M]: 0x800109C4 (0x00000113) addi sp, zero, 0
x2 <- 0x00000000


mem[X,0x800109C8] -> 0x006F
mem[X,0x800109CA] -> 0x00C0
[1711] [M]: 0x800109C8 (0x00C0006F) jal zero, 12


mem[X,0x800109D4] -> 0x4063
mem[X,0x800109D6] -> 0x10B5
[1712] [M]: 0x800109D4 (0x10B54063) blt a0, a1, 256


mem[X,0x80010AD4] -> 0x0113
mem[X,0x80010AD6] -> 0x0031
[1713] [M]: 0x80010AD4 (0x00310113) addi sp, sp, 3
x2 <- 0x00000003


mem[X,0x80010AD8] -> 0x006F
mem[X,0x80010ADA] -> 0x0040
[1714] [M]: 0x80010AD8 (0x0040006F) jal zero, 4


mem[X,0x80010ADC] -> 0xA423
mem[X,0x80010ADE] -> 0x2820
[1715] [M]: 0x80010ADC (0x2820A423) sw sp, 648(ra)
mem[0x800393F0] <- 0x00000003


mem[X,0x80010AE0] -> 0x3537
mem[X,0x80010AE2] -> 0x3333
[1716] [M]: 0x80010AE0 (0x33333537) lui a0, 209715
x10 <- 0x33333000


mem[X,0x80010AE4] -> 0x0513
mem[X,0x80010AE6] -> 0x3335
[1717] [M]: 0x80010AE4 (0x33350513) addi a0, a0, 819
x10 <- 0x33333333


mem[X,0x80010AE8] -> 0xB5B7
mem[X,0x80010AEA] -> 0xAAAA
[1718] [M]: 0x80010AE8 (0xAAAAB5B7) lui a1, 699051
x11 <- 0xAAAAB000


mem[X,0x80010AEC] -> 0x8593
mem[X,0x80010AEE] -> 0xAAA5
[1719] [M]: 0x80010AEC (0xAAA58593) addi a1, a1, 2730
x11 <- 0xAAAAAAAA


mem[X,0x80010AF0] -> 0x0113
mem[X,0x80010AF2] -> 0x0000
[1720] [M]: 0x80010AF0 (0x00000113) addi sp, zero, 0
x2 <- 0x00000000


mem[X,0x80010AF4] -> 0x006F
mem[X,0x80010AF6] -> 0x00C0
[1721] [M]: 0x80010AF4 (0x00C0006F) jal zero, 12


mem[X,0x80010B00] -> 0x4063
mem[X,0x80010B02] -> 0x08B5
[1722] [M]: 0x80010B00 (0x08B54063) blt a0, a1, 128


mem[X,0x80010B04] -> 0x0113
mem[X,0x80010B06] -> 0x0021
[1723] [M]: 0x80010B04 (0x00210113) addi sp, sp, 2
x2 <- 0x00000002


mem[X,0x80010B08] -> 0x006F
mem[X,0x80010B0A] -> 0x0800
[1724] [M]: 0x80010B08 (0x0800006F) jal zero, 128


mem[X,0x80010B88] -> 0xA623
mem[X,0x80010B8A] -> 0x2820
[1725] [M]: 0x80010B88 (0x2820A623) sw sp, 652(ra)
mem[0x800393F4] <- 0x00000002


mem[X,0x80010B8C] -> 0x3537
mem[X,0x80010B8E] -> 0x3333
[1726] [M]: 0x80010B8C (0x33333537) lui a0, 209715
x10 <- 0x33333000


mem[X,0x80010B90] -> 0x0513
mem[X,0x80010B92] -> 0x3335
[1727] [M]: 0x80010B90 (0x33350513) addi a0, a0, 819
x10 <- 0x33333333


mem[X,0x80010B94] -> 0x0593
mem[X,0x80010B96] -> 0x0050
[1728] [M]: 0x80010B94 (0x00500593) addi a1, zero, 5
x11 <- 0x00000005


mem[X,0x80010B98] -> 0x0113
mem[X,0x80010B9A] -> 0x0000
[1729] [M]: 0x80010B98 (0x00000113) addi sp, zero, 0
x2 <- 0x00000000


mem[X,0x80010B9C] -> 0x006F
mem[X,0x80010B9E] -> 0x00C0
[1730] [M]: 0x80010B9C (0x00C0006F) jal zero, 12


mem[X,0x80010BA8] -> 0x4CE3
mem[X,0x80010BAA] -> 0xFEB5
[1731] [M]: 0x80010BA8 (0xFEB54CE3) blt a0, a1, 8184


mem[X,0x80010BAC] -> 0x0113
mem[X,0x80010BAE] -> 0x0021
[1732] [M]: 0x80010BAC (0x00210113) addi sp, sp, 2
x2 <- 0x00000002


mem[X,0x80010BB0] -> 0x006F
mem[X,0x80010BB2] -> 0x00C0
[1733] [M]: 0x80010BB0 (0x00C0006F) jal zero, 12


mem[X,0x80010BBC] -> 0xA823
mem[X,0x80010BBE] -> 0x2820
[1734] [M]: 0x80010BBC (0x2820A823) sw sp, 656(ra)
mem[0x800393F8] <- 0x00000002


mem[X,0x80010BC0] -> 0x3537
mem[X,0x80010BC2] -> 0x3333
[1735] [M]: 0x80010BC0 (0x33333537) lui a0, 209715
x10 <- 0x33333000


mem[X,0x80010BC4] -> 0x0513
mem[X,0x80010BC6] -> 0x3335
[1736] [M]: 0x80010BC4 (0x33350513) addi a0, a0, 819
x10 <- 0x33333333


mem[X,0x80010BC8] -> 0x35B7
mem[X,0x80010BCA] -> 0x3333
[1737] [M]: 0x80010BC8 (0x333335B7) lui a1, 209715
x11 <- 0x33333000


mem[X,0x80010BCC] -> 0x8593
mem[X,0x80010BCE] -> 0x3335
[1738] [M]: 0x80010BCC (0x33358593) addi a1, a1, 819
x11 <- 0x33333333


mem[X,0x80010BD0] -> 0x0113
mem[X,0x80010BD2] -> 0x0000
[1739] [M]: 0x80010BD0 (0x00000113) addi sp, zero, 0
x2 <- 0x00000000


mem[X,0x80010BD4] -> 0x006F
mem[X,0x80010BD6] -> 0x00C0
[1740] [M]: 0x80010BD4 (0x00C0006F) jal zero, 12


mem[X,0x80010BE0] -> 0x4063
mem[X,0x80010BE2] -> 0x20B5
[1741] [M]: 0x80010BE0 (0x20B54063) blt a0, a1, 512


mem[X,0x80010BE4] -> 0x0113
mem[X,0x80010BE6] -> 0x0021
[1742] [M]: 0x80010BE4 (0x00210113) addi sp, sp, 2
x2 <- 0x00000002


mem[X,0x80010BE8] -> 0x006F
mem[X,0x80010BEA] -> 0x2000
[1743] [M]: 0x80010BE8 (0x2000006F) jal zero, 512


mem[X,0x80010DE8] -> 0xAA23
mem[X,0x80010DEA] -> 0x2820
[1744] [M]: 0x80010DE8 (0x2820AA23) sw sp, 660(ra)
mem[0x800393FC] <- 0x00000002


mem[X,0x80010DEC] -> 0x3537
mem[X,0x80010DEE] -> 0x3333
[1745] [M]: 0x80010DEC (0x33333537) lui a0, 209715
x10 <- 0x33333000


mem[X,0x80010DF0] -> 0x0513
mem[X,0x80010DF2] -> 0x3335
[1746] [M]: 0x80010DF0 (0x33350513) addi a0, a0, 819
x10 <- 0x33333333


mem[X,0x80010DF4] -> 0x65B7
mem[X,0x80010DF6] -> 0x6666
[1747] [M]: 0x80010DF4 (0x666665B7) lui a1, 419430
x11 <- 0x66666000


mem[X,0x80010DF8] -> 0x8593
mem[X,0x80010DFA] -> 0x6665
[1748] [M]: 0x80010DF8 (0x66658593) addi a1, a1, 1638
x11 <- 0x66666666


mem[X,0x80010DFC] -> 0x0113
mem[X,0x80010DFE] -> 0x0000
[1749] [M]: 0x80010DFC (0x00000113) addi sp, zero, 0
x2 <- 0x00000000


mem[X,0x80010E00] -> 0x006F
mem[X,0x80010E02] -> 0x00C0
[1750] [M]: 0x80010E00 (0x00C0006F) jal zero, 12


mem[X,0x80010E0C] -> 0x4663
mem[X,0x80010E0E] -> 0x00B5
[1751] [M]: 0x80010E0C (0x00B54663) blt a0, a1, 12


mem[X,0x80010E18] -> 0x0113
mem[X,0x80010E1A] -> 0x0031
[1752] [M]: 0x80010E18 (0x00310113) addi sp, sp, 3
x2 <- 0x00000003


mem[X,0x80010E1C] -> 0x006F
mem[X,0x80010E1E] -> 0x0040
[1753] [M]: 0x80010E1C (0x0040006F) jal zero, 4


mem[X,0x80010E20] -> 0xAC23
mem[X,0x80010E22] -> 0x2820
[1754] [M]: 0x80010E20 (0x2820AC23) sw sp, 664(ra)
mem[0x80039400] <- 0x00000003


mem[X,0x80010E24] -> 0x3537
mem[X,0x80010E26] -> 0x3333
[1755] [M]: 0x80010E24 (0x33333537) lui a0, 209715
x10 <- 0x33333000


mem[X,0x80010E28] -> 0x0513
mem[X,0x80010E2A] -> 0x3335
[1756] [M]: 0x80010E28 (0x33350513) addi a0, a0, 819
x10 <- 0x33333333


mem[X,0x80010E2C] -> 0x55B7
mem[X,0x80010E2E] -> 0xFFFF
[1757] [M]: 0x80010E2C (0xFFFF55B7) lui a1, 1048565
x11 <- 0xFFFF5000


mem[X,0x80010E30] -> 0x8593
mem[X,0x80010E32] -> 0xAFC5
[1758] [M]: 0x80010E30 (0xAFC58593) addi a1, a1, 2812
x11 <- 0xFFFF4AFC


mem[X,0x80010E34] -> 0x0113
mem[X,0x80010E36] -> 0x0000
[1759] [M]: 0x80010E34 (0x00000113) addi sp, zero, 0
x2 <- 0x00000000


mem[X,0x80010E38] -> 0x006F
mem[X,0x80010E3A] -> 0x0100
[1760] [M]: 0x80010E38 (0x0100006F) jal zero, 16


mem[X,0x80010E48] -> 0x4AE3
mem[X,0x80010E4A] -> 0xFEB5
[1761] [M]: 0x80010E48 (0xFEB54AE3) blt a0, a1, 8180


mem[X,0x80010E4C] -> 0x0113
mem[X,0x80010E4E] -> 0x0021
[1762] [M]: 0x80010E4C (0x00210113) addi sp, sp, 2
x2 <- 0x00000002


mem[X,0x80010E50] -> 0x006F
mem[X,0x80010E52] -> 0x00C0
[1763] [M]: 0x80010E50 (0x00C0006F) jal zero, 12


mem[X,0x80010E5C] -> 0xAE23
mem[X,0x80010E5E] -> 0x2820
[1764] [M]: 0x80010E5C (0x2820AE23) sw sp, 668(ra)
mem[0x80039404] <- 0x00000002


mem[X,0x80010E60] -> 0x3537
mem[X,0x80010E62] -> 0x3333
[1765] [M]: 0x80010E60 (0x33333537) lui a0, 209715
x10 <- 0x33333000


mem[X,0x80010E64] -> 0x0513
mem[X,0x80010E66] -> 0x3335
[1766] [M]: 0x80010E64 (0x33350513) addi a0, a0, 819
x10 <- 0x33333333


mem[X,0x80010E68] -> 0xB5B7
mem[X,0x80010E6A] -> 0x0000
[1767] [M]: 0x80010E68 (0x0000B5B7) lui a1, 11
x11 <- 0x0000B000


mem[X,0x80010E6C] -> 0x8593
mem[X,0x80010E6E] -> 0x5045
[1768] [M]: 0x80010E6C (0x50458593) addi a1, a1, 1284
x11 <- 0x0000B504


mem[X,0x80010E70] -> 0x0113
mem[X,0x80010E72] -> 0x0000
[1769] [M]: 0x80010E70 (0x00000113) addi sp, zero, 0
x2 <- 0x00000000


mem[X,0x80010E74] -> 0x006F
mem[X,0x80010E76] -> 0x00C0
[1770] [M]: 0x80010E74 (0x00C0006F) jal zero, 12


mem[X,0x80010E80] -> 0x4CE3
mem[X,0x80010E82] -> 0xFEB5
[1771] [M]: 0x80010E80 (0xFEB54CE3) blt a0, a1, 8184


mem[X,0x80010E84] -> 0x0113
mem[X,0x80010E86] -> 0x0021
[1772] [M]: 0x80010E84 (0x00210113) addi sp, sp, 2
x2 <- 0x00000002


mem[X,0x80010E88] -> 0x006F
mem[X,0x80010E8A] -> 0x00C0
[1773] [M]: 0x80010E88 (0x00C0006F) jal zero, 12


mem[X,0x80010E94] -> 0xA023
mem[X,0x80010E96] -> 0x2A20
[1774] [M]: 0x80010E94 (0x2A20A023) sw sp, 672(ra)
mem[0x80039408] <- 0x00000002


mem[X,0x80010E98] -> 0x3537
mem[X,0x80010E9A] -> 0x3333
[1775] [M]: 0x80010E98 (0x33333537) lui a0, 209715
x10 <- 0x33333000


mem[X,0x80010E9C] -> 0x0513
mem[X,0x80010E9E] -> 0x3335
[1776] [M]: 0x80010E9C (0x33350513) addi a0, a0, 819
x10 <- 0x33333333


mem[X,0x80010EA0] -> 0x0593
mem[X,0x80010EA2] -> 0x0020
[1777] [M]: 0x80010EA0 (0x00200593) addi a1, zero, 2
x11 <- 0x00000002


mem[X,0x80010EA4] -> 0x0113
mem[X,0x80010EA6] -> 0x0000
[1778] [M]: 0x80010EA4 (0x00000113) addi sp, zero, 0
x2 <- 0x00000000


mem[X,0x80010EA8] -> 0x006F
mem[X,0x80010EAA] -> 0x00C0
[1779] [M]: 0x80010EA8 (0x00C0006F) jal zero, 12


mem[X,0x80010EB4] -> 0x4863
mem[X,0x80010EB6] -> 0x00B5
[1780] [M]: 0x80010EB4 (0x00B54863) blt a0, a1, 16


mem[X,0x80010EB8] -> 0x0113
mem[X,0x80010EBA] -> 0x0021
[1781] [M]: 0x80010EB8 (0x00210113) addi sp, sp, 2
x2 <- 0x00000002


mem[X,0x80010EBC] -> 0x006F
mem[X,0x80010EBE] -> 0x0100
[1782] [M]: 0x80010EBC (0x0100006F) jal zero, 16


mem[X,0x80010ECC] -> 0xA223
mem[X,0x80010ECE] -> 0x2A20
[1783] [M]: 0x80010ECC (0x2A20A223) sw sp, 676(ra)
mem[0x8003940C] <- 0x00000002


mem[X,0x80010ED0] -> 0x3537
mem[X,0x80010ED2] -> 0x3333
[1784] [M]: 0x80010ED0 (0x33333537) lui a0, 209715
x10 <- 0x33333000


mem[X,0x80010ED4] -> 0x0513
mem[X,0x80010ED6] -> 0x3335
[1785] [M]: 0x80010ED4 (0x33350513) addi a0, a0, 819
x10 <- 0x33333333


mem[X,0x80010ED8] -> 0x55B7
mem[X,0x80010EDA] -> 0x5555
[1786] [M]: 0x80010ED8 (0x555555B7) lui a1, 349525
x11 <- 0x55555000


mem[X,0x80010EDC] -> 0x8593
mem[X,0x80010EDE] -> 0x5545
[1787] [M]: 0x80010EDC (0x55458593) addi a1, a1, 1364
x11 <- 0x55555554


mem[X,0x80010EE0] -> 0x0113
mem[X,0x80010EE2] -> 0x0000
[1788] [M]: 0x80010EE0 (0x00000113) addi sp, zero, 0
x2 <- 0x00000000


mem[X,0x80010EE4] -> 0x006F
mem[X,0x80010EE6] -> 0x00C0
[1789] [M]: 0x80010EE4 (0x00C0006F) jal zero, 12


mem[X,0x80010EF0] -> 0x4063
mem[X,0x80010EF2] -> 0x08B5
[1790] [M]: 0x80010EF0 (0x08B54063) blt a0, a1, 128


mem[X,0x80010F70] -> 0x0113
mem[X,0x80010F72] -> 0x0031
[1791] [M]: 0x80010F70 (0x00310113) addi sp, sp, 3
x2 <- 0x00000003


mem[X,0x80010F74] -> 0x006F
mem[X,0x80010F76] -> 0x0040
[1792] [M]: 0x80010F74 (0x0040006F) jal zero, 4


mem[X,0x80010F78] -> 0xA423
mem[X,0x80010F7A] -> 0x2A20
[1793] [M]: 0x80010F78 (0x2A20A423) sw sp, 680(ra)
mem[0x80039410] <- 0x00000003


mem[X,0x80010F7C] -> 0x3537
mem[X,0x80010F7E] -> 0x3333
[1794] [M]: 0x80010F7C (0x33333537) lui a0, 209715
x10 <- 0x33333000


mem[X,0x80010F80] -> 0x0513
mem[X,0x80010F82] -> 0x3335
[1795] [M]: 0x80010F80 (0x33350513) addi a0, a0, 819
x10 <- 0x33333333


mem[X,0x80010F84] -> 0x0593
mem[X,0x80010F86] -> 0x0000
[1796] [M]: 0x80010F84 (0x00000593) addi a1, zero, 0
x11 <- 0x00000000


mem[X,0x80010F88] -> 0x0113
mem[X,0x80010F8A] -> 0x0000
[1797] [M]: 0x80010F88 (0x00000113) addi sp, zero, 0
x2 <- 0x00000000


mem[X,0x80010F8C] -> 0x006F
mem[X,0x80010F8E] -> 0x00C0
[1798] [M]: 0x80010F8C (0x00C0006F) jal zero, 12


mem[X,0x80010F98] -> 0x4063
mem[X,0x80010F9A] -> 0x10B5
[1799] [M]: 0x80010F98 (0x10B54063) blt a0, a1, 256


clint::tick mtime <- 0x0000000000000012
 clint timer pending at mtime 0x0000000000000012
htif::tick 0x0000000000000000
mem[X,0x80010F9C] -> 0x0113
mem[X,0x80010F9E] -> 0x0021
[1800] [M]: 0x80010F9C (0x00210113) addi sp, sp, 2
x2 <- 0x00000002


mem[X,0x80010FA0] -> 0x006F
mem[X,0x80010FA2] -> 0x1000
[1801] [M]: 0x80010FA0 (0x1000006F) jal zero, 256


mem[X,0x800110A0] -> 0xA623
mem[X,0x800110A2] -> 0x2A20
[1802] [M]: 0x800110A0 (0x2A20A623) sw sp, 684(ra)
mem[0x80039414] <- 0x00000002


mem[X,0x800110A4] -> 0x3537
mem[X,0x800110A6] -> 0x3333
[1803] [M]: 0x800110A4 (0x33333537) lui a0, 209715
x10 <- 0x33333000


mem[X,0x800110A8] -> 0x0513
mem[X,0x800110AA] -> 0x3335
[1804] [M]: 0x800110A8 (0x33350513) addi a0, a0, 819
x10 <- 0x33333333


mem[X,0x800110AC] -> 0x0593
mem[X,0x800110AE] -> 0x0040
[1805] [M]: 0x800110AC (0x00400593) addi a1, zero, 4
x11 <- 0x00000004


mem[X,0x800110B0] -> 0x0113
mem[X,0x800110B2] -> 0x0000
[1806] [M]: 0x800110B0 (0x00000113) addi sp, zero, 0
x2 <- 0x00000000


mem[X,0x800110B4] -> 0x006F
mem[X,0x800110B6] -> 0x00C0
[1807] [M]: 0x800110B4 (0x00C0006F) jal zero, 12


mem[X,0x800110C0] -> 0x4CE3
mem[X,0x800110C2] -> 0xFEB5
[1808] [M]: 0x800110C0 (0xFEB54CE3) blt a0, a1, 8184


mem[X,0x800110C4] -> 0x0113
mem[X,0x800110C6] -> 0x0021
[1809] [M]: 0x800110C4 (0x00210113) addi sp, sp, 2
x2 <- 0x00000002


mem[X,0x800110C8] -> 0x006F
mem[X,0x800110CA] -> 0x00C0
[1810] [M]: 0x800110C8 (0x00C0006F) jal zero, 12


mem[X,0x800110D4] -> 0xA823
mem[X,0x800110D6] -> 0x2A20
[1811] [M]: 0x800110D4 (0x2A20A823) sw sp, 688(ra)
mem[0x80039418] <- 0x00000002


mem[X,0x800110D8] -> 0x3537
mem[X,0x800110DA] -> 0x3333
[1812] [M]: 0x800110D8 (0x33333537) lui a0, 209715
x10 <- 0x33333000


mem[X,0x800110DC] -> 0x0513
mem[X,0x800110DE] -> 0x3335
[1813] [M]: 0x800110DC (0x33350513) addi a0, a0, 819
x10 <- 0x33333333


mem[X,0x800110E0] -> 0x35B7
mem[X,0x800110E2] -> 0x3333
[1814] [M]: 0x800110E0 (0x333335B7) lui a1, 209715
x11 <- 0x33333000


mem[X,0x800110E4] -> 0x8593
mem[X,0x800110E6] -> 0x3325
[1815] [M]: 0x800110E4 (0x33258593) addi a1, a1, 818
x11 <- 0x33333332


mem[X,0x800110E8] -> 0x0113
mem[X,0x800110EA] -> 0x0000
[1816] [M]: 0x800110E8 (0x00000113) addi sp, zero, 0
x2 <- 0x00000000


mem[X,0x800110EC] -> 0x006F
mem[X,0x800110EE] -> 0x0100
[1817] [M]: 0x800110EC (0x0100006F) jal zero, 16


mem[X,0x800110FC] -> 0x4AE3
mem[X,0x800110FE] -> 0xFEB5
[1818] [M]: 0x800110FC (0xFEB54AE3) blt a0, a1, 8180


mem[X,0x80011100] -> 0x0113
mem[X,0x80011102] -> 0x0021
[1819] [M]: 0x80011100 (0x00210113) addi sp, sp, 2
x2 <- 0x00000002


mem[X,0x80011104] -> 0x006F
mem[X,0x80011106] -> 0x00C0
[1820] [M]: 0x80011104 (0x00C0006F) jal zero, 12


mem[X,0x80011110] -> 0xAA23
mem[X,0x80011112] -> 0x2A20
[1821] [M]: 0x80011110 (0x2A20AA23) sw sp, 692(ra)
mem[0x8003941C] <- 0x00000002


mem[X,0x80011114] -> 0x3537
mem[X,0x80011116] -> 0x3333
[1822] [M]: 0x80011114 (0x33333537) lui a0, 209715
x10 <- 0x33333000


mem[X,0x80011118] -> 0x0513
mem[X,0x8001111A] -> 0x3335
[1823] [M]: 0x80011118 (0x33350513) addi a0, a0, 819
x10 <- 0x33333333


mem[X,0x8001111C] -> 0x65B7
mem[X,0x8001111E] -> 0x6666
[1824] [M]: 0x8001111C (0x666665B7) lui a1, 419430
x11 <- 0x66666000


mem[X,0x80011120] -> 0x8593
mem[X,0x80011122] -> 0x6655
[1825] [M]: 0x80011120 (0x66558593) addi a1, a1, 1637
x11 <- 0x66666665


mem[X,0x80011124] -> 0x0113
mem[X,0x80011126] -> 0x0000
[1826] [M]: 0x80011124 (0x00000113) addi sp, zero, 0
x2 <- 0x00000000


mem[X,0x80011128] -> 0x006F
mem[X,0x8001112A] -> 0x00C0
[1827] [M]: 0x80011128 (0x00C0006F) jal zero, 12


mem[X,0x80011134] -> 0x4CE3
mem[X,0x80011136] -> 0xFEB5
[1828] [M]: 0x80011134 (0xFEB54CE3) blt a0, a1, 8184


mem[X,0x8001112C] -> 0x0113
mem[X,0x8001112E] -> 0x0011
[1829] [M]: 0x8001112C (0x00110113) addi sp, sp, 1
x2 <- 0x00000001


mem[X,0x80011130] -> 0x006F
mem[X,0x80011132] -> 0x0180
[1830] [M]: 0x80011130 (0x0180006F) jal zero, 24


mem[X,0x80011148] -> 0xAC23
mem[X,0x8001114A] -> 0x2A20
[1831] [M]: 0x80011148 (0x2A20AC23) sw sp, 696(ra)
mem[0x80039420] <- 0x00000001


mem[X,0x8001114C] -> 0x3537
mem[X,0x8001114E] -> 0x3333
[1832] [M]: 0x8001114C (0x33333537) lui a0, 209715
x10 <- 0x33333000


mem[X,0x80011150] -> 0x0513
mem[X,0x80011152] -> 0x3335
[1833] [M]: 0x80011150 (0x33350513) addi a0, a0, 819
x10 <- 0x33333333


mem[X,0x80011154] -> 0xB5B7
mem[X,0x80011156] -> 0x0000
[1834] [M]: 0x80011154 (0x0000B5B7) lui a1, 11
x11 <- 0x0000B000


mem[X,0x80011158] -> 0x8593
mem[X,0x8001115A] -> 0x5035
[1835] [M]: 0x80011158 (0x50358593) addi a1, a1, 1283
x11 <- 0x0000B503


mem[X,0x8001115C] -> 0x0113
mem[X,0x8001115E] -> 0x0000
[1836] [M]: 0x8001115C (0x00000113) addi sp, zero, 0
x2 <- 0x00000000


mem[X,0x80011160] -> 0x006F
mem[X,0x80011162] -> 0x00C0
[1837] [M]: 0x80011160 (0x00C0006F) jal zero, 12


mem[X,0x8001116C] -> 0x4063
mem[X,0x8001116E] -> 0x04B5
[1838] [M]: 0x8001116C (0x04B54063) blt a0, a1, 64


mem[X,0x80011170] -> 0x0113
mem[X,0x80011172] -> 0x0021
[1839] [M]: 0x80011170 (0x00210113) addi sp, sp, 2
x2 <- 0x00000002


mem[X,0x80011174] -> 0x006F
mem[X,0x80011176] -> 0x0400
[1840] [M]: 0x80011174 (0x0400006F) jal zero, 64


mem[X,0x800111B4] -> 0xAE23
mem[X,0x800111B6] -> 0x2A20
[1841] [M]: 0x800111B4 (0x2A20AE23) sw sp, 700(ra)
mem[0x80039424] <- 0x00000002


mem[X,0x800111B8] -> 0x3537
mem[X,0x800111BA] -> 0x3333
[1842] [M]: 0x800111B8 (0x33333537) lui a0, 209715
x10 <- 0x33333000


mem[X,0x800111BC] -> 0x0513
mem[X,0x800111BE] -> 0x3335
[1843] [M]: 0x800111BC (0x33350513) addi a0, a0, 819
x10 <- 0x33333333


mem[X,0x800111C0] -> 0x55B7
mem[X,0x800111C2] -> 0x5555
[1844] [M]: 0x800111C0 (0x555555B7) lui a1, 349525
x11 <- 0x55555000


mem[X,0x800111C4] -> 0x8593
mem[X,0x800111C6] -> 0x5565
[1845] [M]: 0x800111C4 (0x55658593) addi a1, a1, 1366
x11 <- 0x55555556


mem[X,0x800111C8] -> 0x0113
mem[X,0x800111CA] -> 0x0000
[1846] [M]: 0x800111C8 (0x00000113) addi sp, zero, 0
x2 <- 0x00000000


mem[X,0x800111CC] -> 0x006F
mem[X,0x800111CE] -> 0x00C0
[1847] [M]: 0x800111CC (0x00C0006F) jal zero, 12


mem[X,0x800111D8] -> 0x4863
mem[X,0x800111DA] -> 0x00B5
[1848] [M]: 0x800111D8 (0x00B54863) blt a0, a1, 16


mem[X,0x800111E8] -> 0x0113
mem[X,0x800111EA] -> 0x0031
[1849] [M]: 0x800111E8 (0x00310113) addi sp, sp, 3
x2 <- 0x00000003


mem[X,0x800111EC] -> 0x006F
mem[X,0x800111EE] -> 0x0040
[1850] [M]: 0x800111EC (0x0040006F) jal zero, 4


mem[X,0x800111F0] -> 0xA023
mem[X,0x800111F2] -> 0x2C20
[1851] [M]: 0x800111F0 (0x2C20A023) sw sp, 704(ra)
mem[0x80039428] <- 0x00000003


mem[X,0x800111F4] -> 0x3537
mem[X,0x800111F6] -> 0x3333
[1852] [M]: 0x800111F4 (0x33333537) lui a0, 209715
x10 <- 0x33333000


mem[X,0x800111F8] -> 0x0513
mem[X,0x800111FA] -> 0x3335
[1853] [M]: 0x800111F8 (0x33350513) addi a0, a0, 819
x10 <- 0x33333333


mem[X,0x800111FC] -> 0xB5B7
mem[X,0x800111FE] -> 0xAAAA
[1854] [M]: 0x800111FC (0xAAAAB5B7) lui a1, 699051
x11 <- 0xAAAAB000


mem[X,0x80011200] -> 0x8593
mem[X,0x80011202] -> 0xAAB5
[1855] [M]: 0x80011200 (0xAAB58593) addi a1, a1, 2731
x11 <- 0xAAAAAAAB


mem[X,0x80011204] -> 0x0113
mem[X,0x80011206] -> 0x0000
[1856] [M]: 0x80011204 (0x00000113) addi sp, zero, 0
x2 <- 0x00000000


mem[X,0x80011208] -> 0x006F
mem[X,0x8001120A] -> 0x00C0
[1857] [M]: 0x80011208 (0x00C0006F) jal zero, 12


mem[X,0x80011214] -> 0x4663
mem[X,0x80011216] -> 0x00B5
[1858] [M]: 0x80011214 (0x00B54663) blt a0, a1, 12


mem[X,0x80011218] -> 0x0113
mem[X,0x8001121A] -> 0x0021
[1859] [M]: 0x80011218 (0x00210113) addi sp, sp, 2
x2 <- 0x00000002


mem[X,0x8001121C] -> 0x006F
mem[X,0x8001121E] -> 0x00C0
[1860] [M]: 0x8001121C (0x00C0006F) jal zero, 12


mem[X,0x80011228] -> 0xA223
mem[X,0x8001122A] -> 0x2C20
[1861] [M]: 0x80011228 (0x2C20A223) sw sp, 708(ra)
mem[0x8003942C] <- 0x00000002


mem[X,0x8001122C] -> 0x3537
mem[X,0x8001122E] -> 0x3333
[1862] [M]: 0x8001122C (0x33333537) lui a0, 209715
x10 <- 0x33333000


mem[X,0x80011230] -> 0x0513
mem[X,0x80011232] -> 0x3335
[1863] [M]: 0x80011230 (0x33350513) addi a0, a0, 819
x10 <- 0x33333333


mem[X,0x80011234] -> 0x0593
mem[X,0x80011236] -> 0x0060
[1864] [M]: 0x80011234 (0x00600593) addi a1, zero, 6
x11 <- 0x00000006


mem[X,0x80011238] -> 0x0113
mem[X,0x8001123A] -> 0x0000
[1865] [M]: 0x80011238 (0x00000113) addi sp, zero, 0
x2 <- 0x00000000


mem[X,0x8001123C] -> 0x006F
mem[X,0x8001123E] -> 0x0180
[1866] [M]: 0x8001123C (0x0180006F) jal zero, 24


mem[X,0x80011254] -> 0x46E3
mem[X,0x80011256] -> 0xFEB5
[1867] [M]: 0x80011254 (0xFEB546E3) blt a0, a1, 8172


mem[X,0x80011258] -> 0x0113
mem[X,0x8001125A] -> 0x0021
[1868] [M]: 0x80011258 (0x00210113) addi sp, sp, 2
x2 <- 0x00000002


mem[X,0x8001125C] -> 0x006F
mem[X,0x8001125E] -> 0x00C0
[1869] [M]: 0x8001125C (0x00C0006F) jal zero, 12


mem[X,0x80011268] -> 0xA423
mem[X,0x8001126A] -> 0x2C20
[1870] [M]: 0x80011268 (0x2C20A423) sw sp, 712(ra)
mem[0x80039430] <- 0x00000002


mem[X,0x8001126C] -> 0x3537
mem[X,0x8001126E] -> 0x3333
[1871] [M]: 0x8001126C (0x33333537) lui a0, 209715
x10 <- 0x33333000


mem[X,0x80011270] -> 0x0513
mem[X,0x80011272] -> 0x3335
[1872] [M]: 0x80011270 (0x33350513) addi a0, a0, 819
x10 <- 0x33333333


mem[X,0x80011274] -> 0x35B7
mem[X,0x80011276] -> 0x3333
[1873] [M]: 0x80011274 (0x333335B7) lui a1, 209715
x11 <- 0x33333000


mem[X,0x80011278] -> 0x8593
mem[X,0x8001127A] -> 0x3345
[1874] [M]: 0x80011278 (0x33458593) addi a1, a1, 820
x11 <- 0x33333334


mem[X,0x8001127C] -> 0x0113
mem[X,0x8001127E] -> 0x0000
[1875] [M]: 0x8001127C (0x00000113) addi sp, zero, 0
x2 <- 0x00000000


mem[X,0x80011280] -> 0x006F
mem[X,0x80011282] -> 0x00C0
[1876] [M]: 0x80011280 (0x00C0006F) jal zero, 12


mem[X,0x8001128C] -> 0x4CE3
mem[X,0x8001128E] -> 0xFEB5
[1877] [M]: 0x8001128C (0xFEB54CE3) blt a0, a1, 8184


mem[X,0x80011284] -> 0x0113
mem[X,0x80011286] -> 0x0011
[1878] [M]: 0x80011284 (0x00110113) addi sp, sp, 1
x2 <- 0x00000001


mem[X,0x80011288] -> 0x006F
mem[X,0x8001128A] -> 0x0180
[1879] [M]: 0x80011288 (0x0180006F) jal zero, 24


mem[X,0x800112A0] -> 0xA623
mem[X,0x800112A2] -> 0x2C20
[1880] [M]: 0x800112A0 (0x2C20A623) sw sp, 716(ra)
mem[0x80039434] <- 0x00000001


mem[X,0x800112A4] -> 0x3537
mem[X,0x800112A6] -> 0x3333
[1881] [M]: 0x800112A4 (0x33333537) lui a0, 209715
x10 <- 0x33333000


mem[X,0x800112A8] -> 0x0513
mem[X,0x800112AA] -> 0x3335
[1882] [M]: 0x800112A8 (0x33350513) addi a0, a0, 819
x10 <- 0x33333333


mem[X,0x800112AC] -> 0x65B7
mem[X,0x800112AE] -> 0x6666
[1883] [M]: 0x800112AC (0x666665B7) lui a1, 419430
x11 <- 0x66666000


mem[X,0x800112B0] -> 0x8593
mem[X,0x800112B2] -> 0x6675
[1884] [M]: 0x800112B0 (0x66758593) addi a1, a1, 1639
x11 <- 0x66666667


mem[X,0x800112B4] -> 0x0113
mem[X,0x800112B6] -> 0x0000
[1885] [M]: 0x800112B4 (0x00000113) addi sp, zero, 0
x2 <- 0x00000000


mem[X,0x800112B8] -> 0x006F
mem[X,0x800112BA] -> 0x00C0
[1886] [M]: 0x800112B8 (0x00C0006F) jal zero, 12


mem[X,0x800112C4] -> 0x4CE3
mem[X,0x800112C6] -> 0xFEB5
[1887] [M]: 0x800112C4 (0xFEB54CE3) blt a0, a1, 8184


mem[X,0x800112BC] -> 0x0113
mem[X,0x800112BE] -> 0x0011
[1888] [M]: 0x800112BC (0x00110113) addi sp, sp, 1
x2 <- 0x00000001


mem[X,0x800112C0] -> 0x006F
mem[X,0x800112C2] -> 0x0180
[1889] [M]: 0x800112C0 (0x0180006F) jal zero, 24


mem[X,0x800112D8] -> 0xA823
mem[X,0x800112DA] -> 0x2C20
[1890] [M]: 0x800112D8 (0x2C20A823) sw sp, 720(ra)
mem[0x80039438] <- 0x00000001


mem[X,0x800112DC] -> 0x3537
mem[X,0x800112DE] -> 0x3333
[1891] [M]: 0x800112DC (0x33333537) lui a0, 209715
x10 <- 0x33333000


mem[X,0x800112E0] -> 0x0513
mem[X,0x800112E2] -> 0x3335
[1892] [M]: 0x800112E0 (0x33350513) addi a0, a0, 819
x10 <- 0x33333333


mem[X,0x800112E4] -> 0x55B7
mem[X,0x800112E6] -> 0xFFFF
[1893] [M]: 0x800112E4 (0xFFFF55B7) lui a1, 1048565
x11 <- 0xFFFF5000


mem[X,0x800112E8] -> 0x8593
mem[X,0x800112EA] -> 0xAFD5
[1894] [M]: 0x800112E8 (0xAFD58593) addi a1, a1, 2813
x11 <- 0xFFFF4AFD


mem[X,0x800112EC] -> 0x0113
mem[X,0x800112EE] -> 0x0000
[1895] [M]: 0x800112EC (0x00000113) addi sp, zero, 0
x2 <- 0x00000000


mem[X,0x800112F0] -> 0x006F
mem[X,0x800112F2] -> 0x00C0
[1896] [M]: 0x800112F0 (0x00C0006F) jal zero, 12


mem[X,0x800112FC] -> 0x4CE3
mem[X,0x800112FE] -> 0xFEB5
[1897] [M]: 0x800112FC (0xFEB54CE3) blt a0, a1, 8184


mem[X,0x80011300] -> 0x0113
mem[X,0x80011302] -> 0x0021
[1898] [M]: 0x80011300 (0x00210113) addi sp, sp, 2
x2 <- 0x00000002


mem[X,0x80011304] -> 0x006F
mem[X,0x80011306] -> 0x00C0
[1899] [M]: 0x80011304 (0x00C0006F) jal zero, 12


clint::tick mtime <- 0x0000000000000013
 clint timer pending at mtime 0x0000000000000013
htif::tick 0x0000000000000000
mem[X,0x80011310] -> 0xAA23
mem[X,0x80011312] -> 0x2C20
[1900] [M]: 0x80011310 (0x2C20AA23) sw sp, 724(ra)
mem[0x8003943C] <- 0x00000002


mem[X,0x80011314] -> 0x3537
mem[X,0x80011316] -> 0x3333
[1901] [M]: 0x80011314 (0x33333537) lui a0, 209715
x10 <- 0x33333000


mem[X,0x80011318] -> 0x0513
mem[X,0x8001131A] -> 0x3335
[1902] [M]: 0x80011318 (0x33350513) addi a0, a0, 819
x10 <- 0x33333333


mem[X,0x8001131C] -> 0xB5B7
mem[X,0x8001131E] -> 0x0000
[1903] [M]: 0x8001131C (0x0000B5B7) lui a1, 11
x11 <- 0x0000B000


mem[X,0x80011320] -> 0x8593
mem[X,0x80011322] -> 0x5055
[1904] [M]: 0x80011320 (0x50558593) addi a1, a1, 1285
x11 <- 0x0000B505


mem[X,0x80011324] -> 0x0113
mem[X,0x80011326] -> 0x0000
[1905] [M]: 0x80011324 (0x00000113) addi sp, zero, 0
x2 <- 0x00000000


mem[X,0x80011328] -> 0x006F
mem[X,0x8001132A] -> 0x00C0
[1906] [M]: 0x80011328 (0x00C0006F) jal zero, 12


mem[X,0x80011334] -> 0x4CE3
mem[X,0x80011336] -> 0xFEB5
[1907] [M]: 0x80011334 (0xFEB54CE3) blt a0, a1, 8184


mem[X,0x80011338] -> 0x0113
mem[X,0x8001133A] -> 0x0021
[1908] [M]: 0x80011338 (0x00210113) addi sp, sp, 2
x2 <- 0x00000002


mem[X,0x8001133C] -> 0x006F
mem[X,0x8001133E] -> 0x00C0
[1909] [M]: 0x8001133C (0x00C0006F) jal zero, 12


mem[X,0x80011348] -> 0xAC23
mem[X,0x8001134A] -> 0x2C20
[1910] [M]: 0x80011348 (0x2C20AC23) sw sp, 728(ra)
mem[0x80039440] <- 0x00000002


mem[X,0x8001134C] -> 0x6537
mem[X,0x8001134E] -> 0x6666
[1911] [M]: 0x8001134C (0x66666537) lui a0, 419430
x10 <- 0x66666000


mem[X,0x80011350] -> 0x0513
mem[X,0x80011352] -> 0x6665
[1912] [M]: 0x80011350 (0x66650513) addi a0, a0, 1638
x10 <- 0x66666666


mem[X,0x80011354] -> 0x0593
mem[X,0x80011356] -> 0x0030
[1913] [M]: 0x80011354 (0x00300593) addi a1, zero, 3
x11 <- 0x00000003


mem[X,0x80011358] -> 0x0113
mem[X,0x8001135A] -> 0x0000
[1914] [M]: 0x80011358 (0x00000113) addi sp, zero, 0
x2 <- 0x00000000


mem[X,0x8001135C] -> 0x006F
mem[X,0x8001135E] -> 0x00C0
[1915] [M]: 0x8001135C (0x00C0006F) jal zero, 12


mem[X,0x80011368] -> 0x4663
mem[X,0x8001136A] -> 0x00B5
[1916] [M]: 0x80011368 (0x00B54663) blt a0, a1, 12


mem[X,0x8001136C] -> 0x0113
mem[X,0x8001136E] -> 0x0021
[1917] [M]: 0x8001136C (0x00210113) addi sp, sp, 2
x2 <- 0x00000002


mem[X,0x80011370] -> 0x006F
mem[X,0x80011372] -> 0x00C0
[1918] [M]: 0x80011370 (0x00C0006F) jal zero, 12


mem[X,0x8001137C] -> 0xAE23
mem[X,0x8001137E] -> 0x2C20
[1919] [M]: 0x8001137C (0x2C20AE23) sw sp, 732(ra)
mem[0x80039444] <- 0x00000002


mem[X,0x80011380] -> 0x6537
mem[X,0x80011382] -> 0x6666
[1920] [M]: 0x80011380 (0x66666537) lui a0, 419430
x10 <- 0x66666000


mem[X,0x80011384] -> 0x0513
mem[X,0x80011386] -> 0x6665
[1921] [M]: 0x80011384 (0x66650513) addi a0, a0, 1638
x10 <- 0x66666666


mem[X,0x80011388] -> 0x55B7
mem[X,0x8001138A] -> 0x5555
[1922] [M]: 0x80011388 (0x555555B7) lui a1, 349525
x11 <- 0x55555000


mem[X,0x8001138C] -> 0x8593
mem[X,0x8001138E] -> 0x5555
[1923] [M]: 0x8001138C (0x55558593) addi a1, a1, 1365
x11 <- 0x55555555


mem[X,0x80011390] -> 0x0113
mem[X,0x80011392] -> 0x0000
[1924] [M]: 0x80011390 (0x00000113) addi sp, zero, 0
x2 <- 0x00000000


mem[X,0x80011394] -> 0x006F
mem[X,0x80011396] -> 0x00C0
[1925] [M]: 0x80011394 (0x00C0006F) jal zero, 12


mem[X,0x800113A0] -> 0x4CE3
mem[X,0x800113A2] -> 0xFEB5
[1926] [M]: 0x800113A0 (0xFEB54CE3) blt a0, a1, 8184


mem[X,0x800113A4] -> 0x0113
mem[X,0x800113A6] -> 0x0021
[1927] [M]: 0x800113A4 (0x00210113) addi sp, sp, 2
x2 <- 0x00000002


mem[X,0x800113A8] -> 0x006F
mem[X,0x800113AA] -> 0x00C0
[1928] [M]: 0x800113A8 (0x00C0006F) jal zero, 12


mem[X,0x800113B4] -> 0xA023
mem[X,0x800113B6] -> 0x2E20
[1929] [M]: 0x800113B4 (0x2E20A023) sw sp, 736(ra)
mem[0x80039448] <- 0x00000002


mem[X,0x800113B8] -> 0x6537
mem[X,0x800113BA] -> 0x6666
[1930] [M]: 0x800113B8 (0x66666537) lui a0, 419430
x10 <- 0x66666000


mem[X,0x800113BC] -> 0x0513
mem[X,0x800113BE] -> 0x6665
[1931] [M]: 0x800113BC (0x66650513) addi a0, a0, 1638
x10 <- 0x66666666


mem[X,0x800113C0] -> 0xB5B7
mem[X,0x800113C2] -> 0xAAAA
[1932] [M]: 0x800113C0 (0xAAAAB5B7) lui a1, 699051
x11 <- 0xAAAAB000


mem[X,0x800113C4] -> 0x8593
mem[X,0x800113C6] -> 0xAAA5
[1933] [M]: 0x800113C4 (0xAAA58593) addi a1, a1, 2730
x11 <- 0xAAAAAAAA


mem[X,0x800113C8] -> 0x0113
mem[X,0x800113CA] -> 0x0000
[1934] [M]: 0x800113C8 (0x00000113) addi sp, zero, 0
x2 <- 0x00000000


mem[X,0x800113CC] -> 0x006F
mem[X,0x800113CE] -> 0x2B10
[1935] [M]: 0x800113CC (0x2B10006F) jal zero, 2736


mem[X,0x80011E7C] -> 0x4A63
mem[X,0x80011E7E] -> 0xD4B5
[1936] [M]: 0x80011E7C (0xD4B54A63) blt a0, a1, 5460


mem[X,0x80011E80] -> 0x0113
mem[X,0x80011E82] -> 0x0021
[1937] [M]: 0x80011E80 (0x00210113) addi sp, sp, 2
x2 <- 0x00000002


mem[X,0x80011E84] -> 0x006F
mem[X,0x80011E86] -> 0x00C0
[1938] [M]: 0x80011E84 (0x00C0006F) jal zero, 12


mem[X,0x80011E90] -> 0xA223
mem[X,0x80011E92] -> 0x2E20
[1939] [M]: 0x80011E90 (0x2E20A223) sw sp, 740(ra)
mem[0x8003944C] <- 0x00000002


mem[X,0x80011E94] -> 0x6537
mem[X,0x80011E96] -> 0x6666
[1940] [M]: 0x80011E94 (0x66666537) lui a0, 419430
x10 <- 0x66666000


mem[X,0x80011E98] -> 0x0513
mem[X,0x80011E9A] -> 0x6665
[1941] [M]: 0x80011E98 (0x66650513) addi a0, a0, 1638
x10 <- 0x66666666


mem[X,0x80011E9C] -> 0x0593
mem[X,0x80011E9E] -> 0x0050
[1942] [M]: 0x80011E9C (0x00500593) addi a1, zero, 5
x11 <- 0x00000005


mem[X,0x80011EA0] -> 0x0113
mem[X,0x80011EA2] -> 0x0000
[1943] [M]: 0x80011EA0 (0x00000113) addi sp, zero, 0
x2 <- 0x00000000


mem[X,0x80011EA4] -> 0x006F
mem[X,0x80011EA6] -> 0x00C0
[1944] [M]: 0x80011EA4 (0x00C0006F) jal zero, 12


mem[X,0x80011EB0] -> 0x4063
mem[X,0x80011EB2] -> 0x04B5
[1945] [M]: 0x80011EB0 (0x04B54063) blt a0, a1, 64


mem[X,0x80011EB4] -> 0x0113
mem[X,0x80011EB6] -> 0x0021
[1946] [M]: 0x80011EB4 (0x00210113) addi sp, sp, 2
x2 <- 0x00000002


mem[X,0x80011EB8] -> 0x006F
mem[X,0x80011EBA] -> 0x0400
[1947] [M]: 0x80011EB8 (0x0400006F) jal zero, 64


mem[X,0x80011EF8] -> 0xA423
mem[X,0x80011EFA] -> 0x2E20
[1948] [M]: 0x80011EF8 (0x2E20A423) sw sp, 744(ra)
mem[0x80039450] <- 0x00000002


mem[X,0x80011EFC] -> 0x6537
mem[X,0x80011EFE] -> 0x6666
[1949] [M]: 0x80011EFC (0x66666537) lui a0, 419430
x10 <- 0x66666000


mem[X,0x80011F00] -> 0x0513
mem[X,0x80011F02] -> 0x6665
[1950] [M]: 0x80011F00 (0x66650513) addi a0, a0, 1638
x10 <- 0x66666666


mem[X,0x80011F04] -> 0x35B7
mem[X,0x80011F06] -> 0x3333
[1951] [M]: 0x80011F04 (0x333335B7) lui a1, 209715
x11 <- 0x33333000


mem[X,0x80011F08] -> 0x8593
mem[X,0x80011F0A] -> 0x3335
[1952] [M]: 0x80011F08 (0x33358593) addi a1, a1, 819
x11 <- 0x33333333


mem[X,0x80011F0C] -> 0x0113
mem[X,0x80011F0E] -> 0x0000
[1953] [M]: 0x80011F0C (0x00000113) addi sp, zero, 0
x2 <- 0x00000000


mem[X,0x80011F10] -> 0x006F
mem[X,0x80011F12] -> 0x2B10
[1954] [M]: 0x80011F10 (0x2B10006F) jal zero, 2736


mem[X,0x800129C0] -> 0x4A63
mem[X,0x800129C2] -> 0xD4B5
[1955] [M]: 0x800129C0 (0xD4B54A63) blt a0, a1, 5460


mem[X,0x800129C4] -> 0x0113
mem[X,0x800129C6] -> 0x0021
[1956] [M]: 0x800129C4 (0x00210113) addi sp, sp, 2
x2 <- 0x00000002


mem[X,0x800129C8] -> 0x006F
mem[X,0x800129CA] -> 0x00C0
[1957] [M]: 0x800129C8 (0x00C0006F) jal zero, 12


mem[X,0x800129D4] -> 0xA623
mem[X,0x800129D6] -> 0x2E20
[1958] [M]: 0x800129D4 (0x2E20A623) sw sp, 748(ra)
mem[0x80039454] <- 0x00000002


mem[X,0x800129D8] -> 0x6537
mem[X,0x800129DA] -> 0x6666
[1959] [M]: 0x800129D8 (0x66666537) lui a0, 419430
x10 <- 0x66666000


mem[X,0x800129DC] -> 0x0513
mem[X,0x800129DE] -> 0x6665
[1960] [M]: 0x800129DC (0x66650513) addi a0, a0, 1638
x10 <- 0x66666666


mem[X,0x800129E0] -> 0x65B7
mem[X,0x800129E2] -> 0x6666
[1961] [M]: 0x800129E0 (0x666665B7) lui a1, 419430
x11 <- 0x66666000


mem[X,0x800129E4] -> 0x8593
mem[X,0x800129E6] -> 0x6665
[1962] [M]: 0x800129E4 (0x66658593) addi a1, a1, 1638
x11 <- 0x66666666


mem[X,0x800129E8] -> 0x0113
mem[X,0x800129EA] -> 0x0000
[1963] [M]: 0x800129E8 (0x00000113) addi sp, zero, 0
x2 <- 0x00000000


mem[X,0x800129EC] -> 0x006F
mem[X,0x800129EE] -> 0x00C0
[1964] [M]: 0x800129EC (0x00C0006F) jal zero, 12


mem[X,0x800129F8] -> 0x4663
mem[X,0x800129FA] -> 0x00B5
[1965] [M]: 0x800129F8 (0x00B54663) blt a0, a1, 12


mem[X,0x800129FC] -> 0x0113
mem[X,0x800129FE] -> 0x0021
[1966] [M]: 0x800129FC (0x00210113) addi sp, sp, 2
x2 <- 0x00000002


mem[X,0x80012A00] -> 0x006F
mem[X,0x80012A02] -> 0x00C0
[1967] [M]: 0x80012A00 (0x00C0006F) jal zero, 12


mem[X,0x80012A0C] -> 0xA823
mem[X,0x80012A0E] -> 0x2E20
[1968] [M]: 0x80012A0C (0x2E20A823) sw sp, 752(ra)
mem[0x80039458] <- 0x00000002


mem[X,0x80012A10] -> 0x6537
mem[X,0x80012A12] -> 0x6666
[1969] [M]: 0x80012A10 (0x66666537) lui a0, 419430
x10 <- 0x66666000


mem[X,0x80012A14] -> 0x0513
mem[X,0x80012A16] -> 0x6665
[1970] [M]: 0x80012A14 (0x66650513) addi a0, a0, 1638
x10 <- 0x66666666


mem[X,0x80012A18] -> 0x55B7
mem[X,0x80012A1A] -> 0xFFFF
[1971] [M]: 0x80012A18 (0xFFFF55B7) lui a1, 1048565
x11 <- 0xFFFF5000


mem[X,0x80012A1C] -> 0x8593
mem[X,0x80012A1E] -> 0xAFC5
[1972] [M]: 0x80012A1C (0xAFC58593) addi a1, a1, 2812
x11 <- 0xFFFF4AFC


mem[X,0x80012A20] -> 0x0113
mem[X,0x80012A22] -> 0x0000
[1973] [M]: 0x80012A20 (0x00000113) addi sp, zero, 0
x2 <- 0x00000000


mem[X,0x80012A24] -> 0x006F
mem[X,0x80012A26] -> 0x00C0
[1974] [M]: 0x80012A24 (0x00C0006F) jal zero, 12


mem[X,0x80012A30] -> 0x4663
mem[X,0x80012A32] -> 0x00B5
[1975] [M]: 0x80012A30 (0x00B54663) blt a0, a1, 12


mem[X,0x80012A34] -> 0x0113
mem[X,0x80012A36] -> 0x0021
[1976] [M]: 0x80012A34 (0x00210113) addi sp, sp, 2
x2 <- 0x00000002


mem[X,0x80012A38] -> 0x006F
mem[X,0x80012A3A] -> 0x00C0
[1977] [M]: 0x80012A38 (0x00C0006F) jal zero, 12


mem[X,0x80012A44] -> 0xAA23
mem[X,0x80012A46] -> 0x2E20
[1978] [M]: 0x80012A44 (0x2E20AA23) sw sp, 756(ra)
mem[0x8003945C] <- 0x00000002


mem[X,0x80012A48] -> 0x6537
mem[X,0x80012A4A] -> 0x6666
[1979] [M]: 0x80012A48 (0x66666537) lui a0, 419430
x10 <- 0x66666000


mem[X,0x80012A4C] -> 0x0513
mem[X,0x80012A4E] -> 0x6665
[1980] [M]: 0x80012A4C (0x66650513) addi a0, a0, 1638
x10 <- 0x66666666


mem[X,0x80012A50] -> 0xB5B7
mem[X,0x80012A52] -> 0x0000
[1981] [M]: 0x80012A50 (0x0000B5B7) lui a1, 11
x11 <- 0x0000B000


mem[X,0x80012A54] -> 0x8593
mem[X,0x80012A56] -> 0x5045
[1982] [M]: 0x80012A54 (0x50458593) addi a1, a1, 1284
x11 <- 0x0000B504


mem[X,0x80012A58] -> 0x0113
mem[X,0x80012A5A] -> 0x0000
[1983] [M]: 0x80012A58 (0x00000113) addi sp, zero, 0
x2 <- 0x00000000


mem[X,0x80012A5C] -> 0x006F
mem[X,0x80012A5E] -> 0x00C0
[1984] [M]: 0x80012A5C (0x00C0006F) jal zero, 12


mem[X,0x80012A68] -> 0x4663
mem[X,0x80012A6A] -> 0x00B5
[1985] [M]: 0x80012A68 (0x00B54663) blt a0, a1, 12


mem[X,0x80012A6C] -> 0x0113
mem[X,0x80012A6E] -> 0x0021
[1986] [M]: 0x80012A6C (0x00210113) addi sp, sp, 2
x2 <- 0x00000002


mem[X,0x80012A70] -> 0x006F
mem[X,0x80012A72] -> 0x00C0
[1987] [M]: 0x80012A70 (0x00C0006F) jal zero, 12


mem[X,0x80012A7C] -> 0xAC23
mem[X,0x80012A7E] -> 0x2E20
[1988] [M]: 0x80012A7C (0x2E20AC23) sw sp, 760(ra)
mem[0x80039460] <- 0x00000002


mem[X,0x80012A80] -> 0x6537
mem[X,0x80012A82] -> 0x6666
[1989] [M]: 0x80012A80 (0x66666537) lui a0, 419430
x10 <- 0x66666000


mem[X,0x80012A84] -> 0x0513
mem[X,0x80012A86] -> 0x6665
[1990] [M]: 0x80012A84 (0x66650513) addi a0, a0, 1638
x10 <- 0x66666666


mem[X,0x80012A88] -> 0x0593
mem[X,0x80012A8A] -> 0x0020
[1991] [M]: 0x80012A88 (0x00200593) addi a1, zero, 2
x11 <- 0x00000002


mem[X,0x80012A8C] -> 0x0113
mem[X,0x80012A8E] -> 0x0000
[1992] [M]: 0x80012A8C (0x00000113) addi sp, zero, 0
x2 <- 0x00000000


mem[X,0x80012A90] -> 0x006F
mem[X,0x80012A92] -> 0x0140
[1993] [M]: 0x80012A90 (0x0140006F) jal zero, 20


mem[X,0x80012AA4] -> 0x48E3
mem[X,0x80012AA6] -> 0xFEB5
[1994] [M]: 0x80012AA4 (0xFEB548E3) blt a0, a1, 8176


mem[X,0x80012AA8] -> 0x0113
mem[X,0x80012AAA] -> 0x0021
[1995] [M]: 0x80012AA8 (0x00210113) addi sp, sp, 2
x2 <- 0x00000002


mem[X,0x80012AAC] -> 0x006F
mem[X,0x80012AAE] -> 0x00C0
[1996] [M]: 0x80012AAC (0x00C0006F) jal zero, 12


mem[X,0x80012AB8] -> 0xAE23
mem[X,0x80012ABA] -> 0x2E20
[1997] [M]: 0x80012AB8 (0x2E20AE23) sw sp, 764(ra)
mem[0x80039464] <- 0x00000002


mem[X,0x80012ABC] -> 0x6537
mem[X,0x80012ABE] -> 0x6666
[1998] [M]: 0x80012ABC (0x66666537) lui a0, 419430
x10 <- 0x66666000


mem[X,0x80012AC0] -> 0x0513
mem[X,0x80012AC2] -> 0x6665
[1999] [M]: 0x80012AC0 (0x66650513) addi a0, a0, 1638
x10 <- 0x66666666


clint::tick mtime <- 0x0000000000000014
 clint timer pending at mtime 0x0000000000000014
htif::tick 0x0000000000000000
mem[X,0x80012AC4] -> 0x55B7
mem[X,0x80012AC6] -> 0x5555
[2000] [M]: 0x80012AC4 (0x555555B7) lui a1, 349525
x11 <- 0x55555000


mem[X,0x80012AC8] -> 0x8593
mem[X,0x80012ACA] -> 0x5545
[2001] [M]: 0x80012AC8 (0x55458593) addi a1, a1, 1364
x11 <- 0x55555554


mem[X,0x80012ACC] -> 0x0113
mem[X,0x80012ACE] -> 0x0000
[2002] [M]: 0x80012ACC (0x00000113) addi sp, zero, 0
x2 <- 0x00000000


mem[X,0x80012AD0] -> 0x006F
mem[X,0x80012AD2] -> 0x00C0
[2003] [M]: 0x80012AD0 (0x00C0006F) jal zero, 12


mem[X,0x80012ADC] -> 0x4663
mem[X,0x80012ADE] -> 0x00B5
[2004] [M]: 0x80012ADC (0x00B54663) blt a0, a1, 12


mem[X,0x80012AE0] -> 0x0113
mem[X,0x80012AE2] -> 0x0021
[2005] [M]: 0x80012AE0 (0x00210113) addi sp, sp, 2
x2 <- 0x00000002


mem[X,0x80012AE4] -> 0x006F
mem[X,0x80012AE6] -> 0x00C0
[2006] [M]: 0x80012AE4 (0x00C0006F) jal zero, 12


mem[X,0x80012AF0] -> 0xA023
mem[X,0x80012AF2] -> 0x3020
[2007] [M]: 0x80012AF0 (0x3020A023) sw sp, 768(ra)
mem[0x80039468] <- 0x00000002


mem[X,0x80012AF4] -> 0x6537
mem[X,0x80012AF6] -> 0x6666
[2008] [M]: 0x80012AF4 (0x66666537) lui a0, 419430
x10 <- 0x66666000


mem[X,0x80012AF8] -> 0x0513
mem[X,0x80012AFA] -> 0x6665
[2009] [M]: 0x80012AF8 (0x66650513) addi a0, a0, 1638
x10 <- 0x66666666


mem[X,0x80012AFC] -> 0x0593
mem[X,0x80012AFE] -> 0x0000
[2010] [M]: 0x80012AFC (0x00000593) addi a1, zero, 0
x11 <- 0x00000000


mem[X,0x80012B00] -> 0x0113
mem[X,0x80012B02] -> 0x0000
[2011] [M]: 0x80012B00 (0x00000113) addi sp, zero, 0
x2 <- 0x00000000


mem[X,0x80012B04] -> 0x006F
mem[X,0x80012B06] -> 0x0100
[2012] [M]: 0x80012B04 (0x0100006F) jal zero, 16


mem[X,0x80012B14] -> 0x4AE3
mem[X,0x80012B16] -> 0xFEB5
[2013] [M]: 0x80012B14 (0xFEB54AE3) blt a0, a1, 8180


mem[X,0x80012B18] -> 0x0113
mem[X,0x80012B1A] -> 0x0021
[2014] [M]: 0x80012B18 (0x00210113) addi sp, sp, 2
x2 <- 0x00000002


mem[X,0x80012B1C] -> 0x006F
mem[X,0x80012B1E] -> 0x00C0
[2015] [M]: 0x80012B1C (0x00C0006F) jal zero, 12


mem[X,0x80012B28] -> 0xA223
mem[X,0x80012B2A] -> 0x3020
[2016] [M]: 0x80012B28 (0x3020A223) sw sp, 772(ra)
mem[0x8003946C] <- 0x00000002


mem[X,0x80012B2C] -> 0x6537
mem[X,0x80012B2E] -> 0x6666
[2017] [M]: 0x80012B2C (0x66666537) lui a0, 419430
x10 <- 0x66666000


mem[X,0x80012B30] -> 0x0513
mem[X,0x80012B32] -> 0x6665
[2018] [M]: 0x80012B30 (0x66650513) addi a0, a0, 1638
x10 <- 0x66666666


mem[X,0x80012B34] -> 0x0593
mem[X,0x80012B36] -> 0x0040
[2019] [M]: 0x80012B34 (0x00400593) addi a1, zero, 4
x11 <- 0x00000004


mem[X,0x80012B38] -> 0x0113
mem[X,0x80012B3A] -> 0x0000
[2020] [M]: 0x80012B38 (0x00000113) addi sp, zero, 0
x2 <- 0x00000000


mem[X,0x80012B3C] -> 0x006F
mem[X,0x80012B3E] -> 0x00C0
[2021] [M]: 0x80012B3C (0x00C0006F) jal zero, 12


mem[X,0x80012B48] -> 0x4063
mem[X,0x80012B4A] -> 0x04B5
[2022] [M]: 0x80012B48 (0x04B54063) blt a0, a1, 64


mem[X,0x80012B4C] -> 0x0113
mem[X,0x80012B4E] -> 0x0021
[2023] [M]: 0x80012B4C (0x00210113) addi sp, sp, 2
x2 <- 0x00000002


mem[X,0x80012B50] -> 0x006F
mem[X,0x80012B52] -> 0x0400
[2024] [M]: 0x80012B50 (0x0400006F) jal zero, 64


mem[X,0x80012B90] -> 0xA423
mem[X,0x80012B92] -> 0x3020
[2025] [M]: 0x80012B90 (0x3020A423) sw sp, 776(ra)
mem[0x80039470] <- 0x00000002


mem[X,0x80012B94] -> 0x6537
mem[X,0x80012B96] -> 0x6666
[2026] [M]: 0x80012B94 (0x66666537) lui a0, 419430
x10 <- 0x66666000


mem[X,0x80012B98] -> 0x0513
mem[X,0x80012B9A] -> 0x6665
[2027] [M]: 0x80012B98 (0x66650513) addi a0, a0, 1638
x10 <- 0x66666666


mem[X,0x80012B9C] -> 0x35B7
mem[X,0x80012B9E] -> 0x3333
[2028] [M]: 0x80012B9C (0x333335B7) lui a1, 209715
x11 <- 0x33333000


mem[X,0x80012BA0] -> 0x8593
mem[X,0x80012BA2] -> 0x3325
[2029] [M]: 0x80012BA0 (0x33258593) addi a1, a1, 818
x11 <- 0x33333332


mem[X,0x80012BA4] -> 0x0113
mem[X,0x80012BA6] -> 0x0000
[2030] [M]: 0x80012BA4 (0x00000113) addi sp, zero, 0
x2 <- 0x00000000


mem[X,0x80012BA8] -> 0x006F
mem[X,0x80012BAA] -> 0x0180
[2031] [M]: 0x80012BA8 (0x0180006F) jal zero, 24


mem[X,0x80012BC0] -> 0x46E3
mem[X,0x80012BC2] -> 0xFEB5
[2032] [M]: 0x80012BC0 (0xFEB546E3) blt a0, a1, 8172


mem[X,0x80012BC4] -> 0x0113
mem[X,0x80012BC6] -> 0x0021
[2033] [M]: 0x80012BC4 (0x00210113) addi sp, sp, 2
x2 <- 0x00000002


mem[X,0x80012BC8] -> 0x006F
mem[X,0x80012BCA] -> 0x00C0
[2034] [M]: 0x80012BC8 (0x00C0006F) jal zero, 12


mem[X,0x80012BD4] -> 0xA623
mem[X,0x80012BD6] -> 0x3020
[2035] [M]: 0x80012BD4 (0x3020A623) sw sp, 780(ra)
mem[0x80039474] <- 0x00000002


mem[X,0x80012BD8] -> 0x6537
mem[X,0x80012BDA] -> 0x6666
[2036] [M]: 0x80012BD8 (0x66666537) lui a0, 419430
x10 <- 0x66666000


mem[X,0x80012BDC] -> 0x0513
mem[X,0x80012BDE] -> 0x6665
[2037] [M]: 0x80012BDC (0x66650513) addi a0, a0, 1638
x10 <- 0x66666666


mem[X,0x80012BE0] -> 0x65B7
mem[X,0x80012BE2] -> 0x6666
[2038] [M]: 0x80012BE0 (0x666665B7) lui a1, 419430
x11 <- 0x66666000


mem[X,0x80012BE4] -> 0x8593
mem[X,0x80012BE6] -> 0x6655
[2039] [M]: 0x80012BE4 (0x66558593) addi a1, a1, 1637
x11 <- 0x66666665


mem[X,0x80012BE8] -> 0x0113
mem[X,0x80012BEA] -> 0x0000
[2040] [M]: 0x80012BE8 (0x00000113) addi sp, zero, 0
x2 <- 0x00000000


mem[X,0x80012BEC] -> 0x006F
mem[X,0x80012BEE] -> 0x00C0
[2041] [M]: 0x80012BEC (0x00C0006F) jal zero, 12


mem[X,0x80012BF8] -> 0x4063
mem[X,0x80012BFA] -> 0x02B5
[2042] [M]: 0x80012BF8 (0x02B54063) blt a0, a1, 32


mem[X,0x80012BFC] -> 0x0113
mem[X,0x80012BFE] -> 0x0021
[2043] [M]: 0x80012BFC (0x00210113) addi sp, sp, 2
x2 <- 0x00000002


mem[X,0x80012C00] -> 0x006F
mem[X,0x80012C02] -> 0x0200
[2044] [M]: 0x80012C00 (0x0200006F) jal zero, 32


mem[X,0x80012C20] -> 0xA823
mem[X,0x80012C22] -> 0x3020
[2045] [M]: 0x80012C20 (0x3020A823) sw sp, 784(ra)
mem[0x80039478] <- 0x00000002


mem[X,0x80012C24] -> 0x6537
mem[X,0x80012C26] -> 0x6666
[2046] [M]: 0x80012C24 (0x66666537) lui a0, 419430
x10 <- 0x66666000


mem[X,0x80012C28] -> 0x0513
mem[X,0x80012C2A] -> 0x6665
[2047] [M]: 0x80012C28 (0x66650513) addi a0, a0, 1638
x10 <- 0x66666666


mem[X,0x80012C2C] -> 0xB5B7
mem[X,0x80012C2E] -> 0x0000
[2048] [M]: 0x80012C2C (0x0000B5B7) lui a1, 11
x11 <- 0x0000B000


mem[X,0x80012C30] -> 0x8593
mem[X,0x80012C32] -> 0x5035
[2049] [M]: 0x80012C30 (0x50358593) addi a1, a1, 1283
x11 <- 0x0000B503


mem[X,0x80012C34] -> 0x0113
mem[X,0x80012C36] -> 0x0000
[2050] [M]: 0x80012C34 (0x00000113) addi sp, zero, 0
x2 <- 0x00000000


mem[X,0x80012C38] -> 0x006F
mem[X,0x80012C3A] -> 0x00C0
[2051] [M]: 0x80012C38 (0x00C0006F) jal zero, 12


mem[X,0x80012C44] -> 0x4CE3
mem[X,0x80012C46] -> 0xFEB5
[2052] [M]: 0x80012C44 (0xFEB54CE3) blt a0, a1, 8184


mem[X,0x80012C48] -> 0x0113
mem[X,0x80012C4A] -> 0x0021
[2053] [M]: 0x80012C48 (0x00210113) addi sp, sp, 2
x2 <- 0x00000002


mem[X,0x80012C4C] -> 0x006F
mem[X,0x80012C4E] -> 0x00C0
[2054] [M]: 0x80012C4C (0x00C0006F) jal zero, 12


mem[X,0x80012C58] -> 0xAA23
mem[X,0x80012C5A] -> 0x3020
[2055] [M]: 0x80012C58 (0x3020AA23) sw sp, 788(ra)
mem[0x8003947C] <- 0x00000002


mem[X,0x80012C5C] -> 0x6537
mem[X,0x80012C5E] -> 0x6666
[2056] [M]: 0x80012C5C (0x66666537) lui a0, 419430
x10 <- 0x66666000


mem[X,0x80012C60] -> 0x0513
mem[X,0x80012C62] -> 0x6665
[2057] [M]: 0x80012C60 (0x66650513) addi a0, a0, 1638
x10 <- 0x66666666


mem[X,0x80012C64] -> 0x55B7
mem[X,0x80012C66] -> 0x5555
[2058] [M]: 0x80012C64 (0x555555B7) lui a1, 349525
x11 <- 0x55555000


mem[X,0x80012C68] -> 0x8593
mem[X,0x80012C6A] -> 0x5565
[2059] [M]: 0x80012C68 (0x55658593) addi a1, a1, 1366
x11 <- 0x55555556


mem[X,0x80012C6C] -> 0x0113
mem[X,0x80012C6E] -> 0x0000
[2060] [M]: 0x80012C6C (0x00000113) addi sp, zero, 0
x2 <- 0x00000000


mem[X,0x80012C70] -> 0x006F
mem[X,0x80012C72] -> 0x00C0
[2061] [M]: 0x80012C70 (0x00C0006F) jal zero, 12


mem[X,0x80012C7C] -> 0x4063
mem[X,0x80012C7E] -> 0x20B5
[2062] [M]: 0x80012C7C (0x20B54063) blt a0, a1, 512


mem[X,0x80012C80] -> 0x0113
mem[X,0x80012C82] -> 0x0021
[2063] [M]: 0x80012C80 (0x00210113) addi sp, sp, 2
x2 <- 0x00000002


mem[X,0x80012C84] -> 0x006F
mem[X,0x80012C86] -> 0x2000
[2064] [M]: 0x80012C84 (0x2000006F) jal zero, 512


mem[X,0x80012E84] -> 0xAC23
mem[X,0x80012E86] -> 0x3020
[2065] [M]: 0x80012E84 (0x3020AC23) sw sp, 792(ra)
mem[0x80039480] <- 0x00000002


mem[X,0x80012E88] -> 0x6537
mem[X,0x80012E8A] -> 0x6666
[2066] [M]: 0x80012E88 (0x66666537) lui a0, 419430
x10 <- 0x66666000


mem[X,0x80012E8C] -> 0x0513
mem[X,0x80012E8E] -> 0x6665
[2067] [M]: 0x80012E8C (0x66650513) addi a0, a0, 1638
x10 <- 0x66666666


mem[X,0x80012E90] -> 0xB5B7
mem[X,0x80012E92] -> 0xAAAA
[2068] [M]: 0x80012E90 (0xAAAAB5B7) lui a1, 699051
x11 <- 0xAAAAB000


mem[X,0x80012E94] -> 0x8593
mem[X,0x80012E96] -> 0xAAB5
[2069] [M]: 0x80012E94 (0xAAB58593) addi a1, a1, 2731
x11 <- 0xAAAAAAAB


mem[X,0x80012E98] -> 0x0113
mem[X,0x80012E9A] -> 0x0000
[2070] [M]: 0x80012E98 (0x00000113) addi sp, zero, 0
x2 <- 0x00000000


mem[X,0x80012E9C] -> 0x006F
mem[X,0x80012E9E] -> 0x0050
[2071] [M]: 0x80012E9C (0x0050006F) jal zero, 2052


mem[X,0x800136A0] -> 0x40E3
mem[X,0x800136A2] -> 0x80B5
[2072] [M]: 0x800136A0 (0x80B540E3) blt a0, a1, 6144


mem[X,0x800136A4] -> 0x0113
mem[X,0x800136A6] -> 0x0021
[2073] [M]: 0x800136A4 (0x00210113) addi sp, sp, 2
x2 <- 0x00000002


mem[X,0x800136A8] -> 0x006F
mem[X,0x800136AA] -> 0x00C0
[2074] [M]: 0x800136A8 (0x00C0006F) jal zero, 12


mem[X,0x800136B4] -> 0xAE23
mem[X,0x800136B6] -> 0x3020
[2075] [M]: 0x800136B4 (0x3020AE23) sw sp, 796(ra)
mem[0x80039484] <- 0x00000002


mem[X,0x800136B8] -> 0x6537
mem[X,0x800136BA] -> 0x6666
[2076] [M]: 0x800136B8 (0x66666537) lui a0, 419430
x10 <- 0x66666000


mem[X,0x800136BC] -> 0x0513
mem[X,0x800136BE] -> 0x6665
[2077] [M]: 0x800136BC (0x66650513) addi a0, a0, 1638
x10 <- 0x66666666


mem[X,0x800136C0] -> 0x0593
mem[X,0x800136C2] -> 0x0060
[2078] [M]: 0x800136C0 (0x00600593) addi a1, zero, 6
x11 <- 0x00000006


mem[X,0x800136C4] -> 0x0113
mem[X,0x800136C6] -> 0x0000
[2079] [M]: 0x800136C4 (0x00000113) addi sp, zero, 0
x2 <- 0x00000000


mem[X,0x800136C8] -> 0x006F
mem[X,0x800136CA] -> 0x00C0
[2080] [M]: 0x800136C8 (0x00C0006F) jal zero, 12


mem[X,0x800136D4] -> 0x4663
mem[X,0x800136D6] -> 0x00B5
[2081] [M]: 0x800136D4 (0x00B54663) blt a0, a1, 12


mem[X,0x800136D8] -> 0x0113
mem[X,0x800136DA] -> 0x0021
[2082] [M]: 0x800136D8 (0x00210113) addi sp, sp, 2
x2 <- 0x00000002


mem[X,0x800136DC] -> 0x006F
mem[X,0x800136DE] -> 0x00C0
[2083] [M]: 0x800136DC (0x00C0006F) jal zero, 12


mem[X,0x800136E8] -> 0xA023
mem[X,0x800136EA] -> 0x3220
[2084] [M]: 0x800136E8 (0x3220A023) sw sp, 800(ra)
mem[0x80039488] <- 0x00000002


mem[X,0x800136EC] -> 0x6537
mem[X,0x800136EE] -> 0x6666
[2085] [M]: 0x800136EC (0x66666537) lui a0, 419430
x10 <- 0x66666000


mem[X,0x800136F0] -> 0x0513
mem[X,0x800136F2] -> 0x6665
[2086] [M]: 0x800136F0 (0x66650513) addi a0, a0, 1638
x10 <- 0x66666666


mem[X,0x800136F4] -> 0x35B7
mem[X,0x800136F6] -> 0x3333
[2087] [M]: 0x800136F4 (0x333335B7) lui a1, 209715
x11 <- 0x33333000


mem[X,0x800136F8] -> 0x8593
mem[X,0x800136FA] -> 0x3345
[2088] [M]: 0x800136F8 (0x33458593) addi a1, a1, 820
x11 <- 0x33333334


mem[X,0x800136FC] -> 0x0113
mem[X,0x800136FE] -> 0x0000
[2089] [M]: 0x800136FC (0x00000113) addi sp, zero, 0
x2 <- 0x00000000


mem[X,0x80013700] -> 0x006F
mem[X,0x80013702] -> 0x00C0
[2090] [M]: 0x80013700 (0x00C0006F) jal zero, 12


mem[X,0x8001370C] -> 0x4663
mem[X,0x8001370E] -> 0x00B5
[2091] [M]: 0x8001370C (0x00B54663) blt a0, a1, 12


mem[X,0x80013710] -> 0x0113
mem[X,0x80013712] -> 0x0021
[2092] [M]: 0x80013710 (0x00210113) addi sp, sp, 2
x2 <- 0x00000002


mem[X,0x80013714] -> 0x006F
mem[X,0x80013716] -> 0x00C0
[2093] [M]: 0x80013714 (0x00C0006F) jal zero, 12


mem[X,0x80013720] -> 0xA223
mem[X,0x80013722] -> 0x3220
[2094] [M]: 0x80013720 (0x3220A223) sw sp, 804(ra)
mem[0x8003948C] <- 0x00000002


mem[X,0x80013724] -> 0x6537
mem[X,0x80013726] -> 0x6666
[2095] [M]: 0x80013724 (0x66666537) lui a0, 419430
x10 <- 0x66666000


mem[X,0x80013728] -> 0x0513
mem[X,0x8001372A] -> 0x6665
[2096] [M]: 0x80013728 (0x66650513) addi a0, a0, 1638
x10 <- 0x66666666


mem[X,0x8001372C] -> 0x65B7
mem[X,0x8001372E] -> 0x6666
[2097] [M]: 0x8001372C (0x666665B7) lui a1, 419430
x11 <- 0x66666000


mem[X,0x80013730] -> 0x8593
mem[X,0x80013732] -> 0x6675
[2098] [M]: 0x80013730 (0x66758593) addi a1, a1, 1639
x11 <- 0x66666667


mem[X,0x80013734] -> 0x0113
mem[X,0x80013736] -> 0x0000
[2099] [M]: 0x80013734 (0x00000113) addi sp, zero, 0
x2 <- 0x00000000


clint::tick mtime <- 0x0000000000000015
 clint timer pending at mtime 0x0000000000000015
htif::tick 0x0000000000000000
mem[X,0x80013738] -> 0x006F
mem[X,0x8001373A] -> 0x00C0
[2100] [M]: 0x80013738 (0x00C0006F) jal zero, 12


mem[X,0x80013744] -> 0x4863
mem[X,0x80013746] -> 0x00B5
[2101] [M]: 0x80013744 (0x00B54863) blt a0, a1, 16


mem[X,0x80013754] -> 0x0113
mem[X,0x80013756] -> 0x0031
[2102] [M]: 0x80013754 (0x00310113) addi sp, sp, 3
x2 <- 0x00000003


mem[X,0x80013758] -> 0x006F
mem[X,0x8001375A] -> 0x0040
[2103] [M]: 0x80013758 (0x0040006F) jal zero, 4


mem[X,0x8001375C] -> 0xA423
mem[X,0x8001375E] -> 0x3220
[2104] [M]: 0x8001375C (0x3220A423) sw sp, 808(ra)
mem[0x80039490] <- 0x00000003


mem[X,0x80013760] -> 0x6537
mem[X,0x80013762] -> 0x6666
[2105] [M]: 0x80013760 (0x66666537) lui a0, 419430
x10 <- 0x66666000


mem[X,0x80013764] -> 0x0513
mem[X,0x80013766] -> 0x6665
[2106] [M]: 0x80013764 (0x66650513) addi a0, a0, 1638
x10 <- 0x66666666


mem[X,0x80013768] -> 0x55B7
mem[X,0x8001376A] -> 0xFFFF
[2107] [M]: 0x80013768 (0xFFFF55B7) lui a1, 1048565
x11 <- 0xFFFF5000


mem[X,0x8001376C] -> 0x8593
mem[X,0x8001376E] -> 0xAFD5
[2108] [M]: 0x8001376C (0xAFD58593) addi a1, a1, 2813
x11 <- 0xFFFF4AFD


mem[X,0x80013770] -> 0x0113
mem[X,0x80013772] -> 0x0000
[2109] [M]: 0x80013770 (0x00000113) addi sp, zero, 0
x2 <- 0x00000000


mem[X,0x80013774] -> 0x006F
mem[X,0x80013776] -> 0x00C0
[2110] [M]: 0x80013774 (0x00C0006F) jal zero, 12


mem[X,0x80013780] -> 0x4CE3
mem[X,0x80013782] -> 0xFEB5
[2111] [M]: 0x80013780 (0xFEB54CE3) blt a0, a1, 8184


mem[X,0x80013784] -> 0x0113
mem[X,0x80013786] -> 0x0021
[2112] [M]: 0x80013784 (0x00210113) addi sp, sp, 2
x2 <- 0x00000002


mem[X,0x80013788] -> 0x006F
mem[X,0x8001378A] -> 0x00C0
[2113] [M]: 0x80013788 (0x00C0006F) jal zero, 12


mem[X,0x80013794] -> 0xA623
mem[X,0x80013796] -> 0x3220
[2114] [M]: 0x80013794 (0x3220A623) sw sp, 812(ra)
mem[0x80039494] <- 0x00000002


mem[X,0x80013798] -> 0x6537
mem[X,0x8001379A] -> 0x6666
[2115] [M]: 0x80013798 (0x66666537) lui a0, 419430
x10 <- 0x66666000


mem[X,0x8001379C] -> 0x0513
mem[X,0x8001379E] -> 0x6665
[2116] [M]: 0x8001379C (0x66650513) addi a0, a0, 1638
x10 <- 0x66666666


mem[X,0x800137A0] -> 0xB5B7
mem[X,0x800137A2] -> 0x0000
[2117] [M]: 0x800137A0 (0x0000B5B7) lui a1, 11
x11 <- 0x0000B000


mem[X,0x800137A4] -> 0x8593
mem[X,0x800137A6] -> 0x5055
[2118] [M]: 0x800137A4 (0x50558593) addi a1, a1, 1285
x11 <- 0x0000B505


mem[X,0x800137A8] -> 0x0113
mem[X,0x800137AA] -> 0x0000
[2119] [M]: 0x800137A8 (0x00000113) addi sp, zero, 0
x2 <- 0x00000000


mem[X,0x800137AC] -> 0x006F
mem[X,0x800137AE] -> 0x00C0
[2120] [M]: 0x800137AC (0x00C0006F) jal zero, 12


mem[X,0x800137B8] -> 0x4063
mem[X,0x800137BA] -> 0x40B5
[2121] [M]: 0x800137B8 (0x40B54063) blt a0, a1, 1024


mem[X,0x800137BC] -> 0x0113
mem[X,0x800137BE] -> 0x0021
[2122] [M]: 0x800137BC (0x00210113) addi sp, sp, 2
x2 <- 0x00000002


mem[X,0x800137C0] -> 0x006F
mem[X,0x800137C2] -> 0x4000
[2123] [M]: 0x800137C0 (0x4000006F) jal zero, 1024


mem[X,0x80013BC0] -> 0xA823
mem[X,0x80013BC2] -> 0x3220
[2124] [M]: 0x80013BC0 (0x3220A823) sw sp, 816(ra)
mem[0x80039498] <- 0x00000002


mem[X,0x80013BC4] -> 0x5537
mem[X,0x80013BC6] -> 0xFFFF
[2125] [M]: 0x80013BC4 (0xFFFF5537) lui a0, 1048565
x10 <- 0xFFFF5000


mem[X,0x80013BC8] -> 0x0513
mem[X,0x80013BCA] -> 0xAFC5
[2126] [M]: 0x80013BC8 (0xAFC50513) addi a0, a0, 2812
x10 <- 0xFFFF4AFC


mem[X,0x80013BCC] -> 0x0593
mem[X,0x80013BCE] -> 0x0030
[2127] [M]: 0x80013BCC (0x00300593) addi a1, zero, 3
x11 <- 0x00000003


mem[X,0x80013BD0] -> 0x0113
mem[X,0x80013BD2] -> 0x0000
[2128] [M]: 0x80013BD0 (0x00000113) addi sp, zero, 0
x2 <- 0x00000000


mem[X,0x80013BD4] -> 0x006F
mem[X,0x80013BD6] -> 0x0140
[2129] [M]: 0x80013BD4 (0x0140006F) jal zero, 20


mem[X,0x80013BE8] -> 0x48E3
mem[X,0x80013BEA] -> 0xFEB5
[2130] [M]: 0x80013BE8 (0xFEB548E3) blt a0, a1, 8176


mem[X,0x80013BD8] -> 0x0113
mem[X,0x80013BDA] -> 0x0011
[2131] [M]: 0x80013BD8 (0x00110113) addi sp, sp, 1
x2 <- 0x00000001


mem[X,0x80013BDC] -> 0x006F
mem[X,0x80013BDE] -> 0x0200
[2132] [M]: 0x80013BDC (0x0200006F) jal zero, 32


mem[X,0x80013BFC] -> 0xAA23
mem[X,0x80013BFE] -> 0x3220
[2133] [M]: 0x80013BFC (0x3220AA23) sw sp, 820(ra)
mem[0x8003949C] <- 0x00000001


mem[X,0x80013C00] -> 0x5537
mem[X,0x80013C02] -> 0xFFFF
[2134] [M]: 0x80013C00 (0xFFFF5537) lui a0, 1048565
x10 <- 0xFFFF5000


mem[X,0x80013C04] -> 0x0513
mem[X,0x80013C06] -> 0xAFC5
[2135] [M]: 0x80013C04 (0xAFC50513) addi a0, a0, 2812
x10 <- 0xFFFF4AFC


mem[X,0x80013C08] -> 0x55B7
mem[X,0x80013C0A] -> 0x5555
[2136] [M]: 0x80013C08 (0x555555B7) lui a1, 349525
x11 <- 0x55555000


mem[X,0x80013C0C] -> 0x8593
mem[X,0x80013C0E] -> 0x5555
[2137] [M]: 0x80013C0C (0x55558593) addi a1, a1, 1365
x11 <- 0x55555555


mem[X,0x80013C10] -> 0x0113
mem[X,0x80013C12] -> 0x0000
[2138] [M]: 0x80013C10 (0x00000113) addi sp, zero, 0
x2 <- 0x00000000


mem[X,0x80013C14] -> 0x006F
mem[X,0x80013C16] -> 0x00C0
[2139] [M]: 0x80013C14 (0x00C0006F) jal zero, 12


mem[X,0x80013C20] -> 0x4663
mem[X,0x80013C22] -> 0x00B5
[2140] [M]: 0x80013C20 (0x00B54663) blt a0, a1, 12


mem[X,0x80013C2C] -> 0x0113
mem[X,0x80013C2E] -> 0x0031
[2141] [M]: 0x80013C2C (0x00310113) addi sp, sp, 3
x2 <- 0x00000003


mem[X,0x80013C30] -> 0x006F
mem[X,0x80013C32] -> 0x0040
[2142] [M]: 0x80013C30 (0x0040006F) jal zero, 4


mem[X,0x80013C34] -> 0xAC23
mem[X,0x80013C36] -> 0x3220
[2143] [M]: 0x80013C34 (0x3220AC23) sw sp, 824(ra)
mem[0x800394A0] <- 0x00000003


mem[X,0x80013C38] -> 0x5537
mem[X,0x80013C3A] -> 0xFFFF
[2144] [M]: 0x80013C38 (0xFFFF5537) lui a0, 1048565
x10 <- 0xFFFF5000


mem[X,0x80013C3C] -> 0x0513
mem[X,0x80013C3E] -> 0xAFC5
[2145] [M]: 0x80013C3C (0xAFC50513) addi a0, a0, 2812
x10 <- 0xFFFF4AFC


mem[X,0x80013C40] -> 0xB5B7
mem[X,0x80013C42] -> 0xAAAA
[2146] [M]: 0x80013C40 (0xAAAAB5B7) lui a1, 699051
x11 <- 0xAAAAB000


mem[X,0x80013C44] -> 0x8593
mem[X,0x80013C46] -> 0xAAA5
[2147] [M]: 0x80013C44 (0xAAA58593) addi a1, a1, 2730
x11 <- 0xAAAAAAAA


mem[X,0x80013C48] -> 0x0113
mem[X,0x80013C4A] -> 0x0000
[2148] [M]: 0x80013C48 (0x00000113) addi sp, zero, 0
x2 <- 0x00000000


mem[X,0x80013C4C] -> 0x006F
mem[X,0x80013C4E] -> 0x0140
[2149] [M]: 0x80013C4C (0x0140006F) jal zero, 20


mem[X,0x80013C60] -> 0x48E3
mem[X,0x80013C62] -> 0xFEB5
[2150] [M]: 0x80013C60 (0xFEB548E3) blt a0, a1, 8176


mem[X,0x80013C64] -> 0x0113
mem[X,0x80013C66] -> 0x0021
[2151] [M]: 0x80013C64 (0x00210113) addi sp, sp, 2
x2 <- 0x00000002


mem[X,0x80013C68] -> 0x006F
mem[X,0x80013C6A] -> 0x00C0
[2152] [M]: 0x80013C68 (0x00C0006F) jal zero, 12


mem[X,0x80013C74] -> 0xAE23
mem[X,0x80013C76] -> 0x3220
[2153] [M]: 0x80013C74 (0x3220AE23) sw sp, 828(ra)
mem[0x800394A4] <- 0x00000002


mem[X,0x80013C78] -> 0x5537
mem[X,0x80013C7A] -> 0xFFFF
[2154] [M]: 0x80013C78 (0xFFFF5537) lui a0, 1048565
x10 <- 0xFFFF5000


mem[X,0x80013C7C] -> 0x0513
mem[X,0x80013C7E] -> 0xAFC5
[2155] [M]: 0x80013C7C (0xAFC50513) addi a0, a0, 2812
x10 <- 0xFFFF4AFC


mem[X,0x80013C80] -> 0x0593
mem[X,0x80013C82] -> 0x0050
[2156] [M]: 0x80013C80 (0x00500593) addi a1, zero, 5
x11 <- 0x00000005


mem[X,0x80013C84] -> 0x0113
mem[X,0x80013C86] -> 0x0000
[2157] [M]: 0x80013C84 (0x00000113) addi sp, zero, 0
x2 <- 0x00000000


mem[X,0x80013C88] -> 0x006F
mem[X,0x80013C8A] -> 0x00C0
[2158] [M]: 0x80013C88 (0x00C0006F) jal zero, 12


mem[X,0x80013C94] -> 0x4663
mem[X,0x80013C96] -> 0x00B5
[2159] [M]: 0x80013C94 (0x00B54663) blt a0, a1, 12


mem[X,0x80013CA0] -> 0x0113
mem[X,0x80013CA2] -> 0x0031
[2160] [M]: 0x80013CA0 (0x00310113) addi sp, sp, 3
x2 <- 0x00000003


mem[X,0x80013CA4] -> 0x006F
mem[X,0x80013CA6] -> 0x0040
[2161] [M]: 0x80013CA4 (0x0040006F) jal zero, 4


mem[X,0x80013CA8] -> 0xA023
mem[X,0x80013CAA] -> 0x3420
[2162] [M]: 0x80013CA8 (0x3420A023) sw sp, 832(ra)
mem[0x800394A8] <- 0x00000003


mem[X,0x80013CAC] -> 0x5537
mem[X,0x80013CAE] -> 0xFFFF
[2163] [M]: 0x80013CAC (0xFFFF5537) lui a0, 1048565
x10 <- 0xFFFF5000


mem[X,0x80013CB0] -> 0x0513
mem[X,0x80013CB2] -> 0xAFC5
[2164] [M]: 0x80013CB0 (0xAFC50513) addi a0, a0, 2812
x10 <- 0xFFFF4AFC


mem[X,0x80013CB4] -> 0x35B7
mem[X,0x80013CB6] -> 0x3333
[2165] [M]: 0x80013CB4 (0x333335B7) lui a1, 209715
x11 <- 0x33333000


mem[X,0x80013CB8] -> 0x8593
mem[X,0x80013CBA] -> 0x3335
[2166] [M]: 0x80013CB8 (0x33358593) addi a1, a1, 819
x11 <- 0x33333333


mem[X,0x80013CBC] -> 0x0113
mem[X,0x80013CBE] -> 0x0000
[2167] [M]: 0x80013CBC (0x00000113) addi sp, zero, 0
x2 <- 0x00000000


mem[X,0x80013CC0] -> 0x006F
mem[X,0x80013CC2] -> 0x00C0
[2168] [M]: 0x80013CC0 (0x00C0006F) jal zero, 12


mem[X,0x80013CCC] -> 0x4063
mem[X,0x80013CCE] -> 0x40B5
[2169] [M]: 0x80013CCC (0x40B54063) blt a0, a1, 1024


mem[X,0x800140CC] -> 0x0113
mem[X,0x800140CE] -> 0x0031
[2170] [M]: 0x800140CC (0x00310113) addi sp, sp, 3
x2 <- 0x00000003


mem[X,0x800140D0] -> 0x006F
mem[X,0x800140D2] -> 0x0040
[2171] [M]: 0x800140D0 (0x0040006F) jal zero, 4


mem[X,0x800140D4] -> 0xA223
mem[X,0x800140D6] -> 0x3420
[2172] [M]: 0x800140D4 (0x3420A223) sw sp, 836(ra)
mem[0x800394AC] <- 0x00000003


mem[X,0x800140D8] -> 0x5537
mem[X,0x800140DA] -> 0xFFFF
[2173] [M]: 0x800140D8 (0xFFFF5537) lui a0, 1048565
x10 <- 0xFFFF5000


mem[X,0x800140DC] -> 0x0513
mem[X,0x800140DE] -> 0xAFC5
[2174] [M]: 0x800140DC (0xAFC50513) addi a0, a0, 2812
x10 <- 0xFFFF4AFC


mem[X,0x800140E0] -> 0x65B7
mem[X,0x800140E2] -> 0x6666
[2175] [M]: 0x800140E0 (0x666665B7) lui a1, 419430
x11 <- 0x66666000


mem[X,0x800140E4] -> 0x8593
mem[X,0x800140E6] -> 0x6665
[2176] [M]: 0x800140E4 (0x66658593) addi a1, a1, 1638
x11 <- 0x66666666


mem[X,0x800140E8] -> 0x0113
mem[X,0x800140EA] -> 0x0000
[2177] [M]: 0x800140E8 (0x00000113) addi sp, zero, 0
x2 <- 0x00000000


mem[X,0x800140EC] -> 0x006F
mem[X,0x800140EE] -> 0x00C0
[2178] [M]: 0x800140EC (0x00C0006F) jal zero, 12


mem[X,0x800140F8] -> 0x4063
mem[X,0x800140FA] -> 0x08B5
[2179] [M]: 0x800140F8 (0x08B54063) blt a0, a1, 128


mem[X,0x80014178] -> 0x0113
mem[X,0x8001417A] -> 0x0031
[2180] [M]: 0x80014178 (0x00310113) addi sp, sp, 3
x2 <- 0x00000003


mem[X,0x8001417C] -> 0x006F
mem[X,0x8001417E] -> 0x0040
[2181] [M]: 0x8001417C (0x0040006F) jal zero, 4


mem[X,0x80014180] -> 0xA423
mem[X,0x80014182] -> 0x3420
[2182] [M]: 0x80014180 (0x3420A423) sw sp, 840(ra)
mem[0x800394B0] <- 0x00000003


mem[X,0x80014184] -> 0x5537
mem[X,0x80014186] -> 0xFFFF
[2183] [M]: 0x80014184 (0xFFFF5537) lui a0, 1048565
x10 <- 0xFFFF5000


mem[X,0x80014188] -> 0x0513
mem[X,0x8001418A] -> 0xAFC5
[2184] [M]: 0x80014188 (0xAFC50513) addi a0, a0, 2812
x10 <- 0xFFFF4AFC


mem[X,0x8001418C] -> 0x55B7
mem[X,0x8001418E] -> 0xFFFF
[2185] [M]: 0x8001418C (0xFFFF55B7) lui a1, 1048565
x11 <- 0xFFFF5000


mem[X,0x80014190] -> 0x8593
mem[X,0x80014192] -> 0xAFC5
[2186] [M]: 0x80014190 (0xAFC58593) addi a1, a1, 2812
x11 <- 0xFFFF4AFC


mem[X,0x80014194] -> 0x0113
mem[X,0x80014196] -> 0x0000
[2187] [M]: 0x80014194 (0x00000113) addi sp, zero, 0
x2 <- 0x00000000


mem[X,0x80014198] -> 0x006F
mem[X,0x8001419A] -> 0x00C0
[2188] [M]: 0x80014198 (0x00C0006F) jal zero, 12


mem[X,0x800141A4] -> 0x4063
mem[X,0x800141A6] -> 0x02B5
[2189] [M]: 0x800141A4 (0x02B54063) blt a0, a1, 32


mem[X,0x800141A8] -> 0x0113
mem[X,0x800141AA] -> 0x0021
[2190] [M]: 0x800141A8 (0x00210113) addi sp, sp, 2
x2 <- 0x00000002


mem[X,0x800141AC] -> 0x006F
mem[X,0x800141AE] -> 0x0200
[2191] [M]: 0x800141AC (0x0200006F) jal zero, 32


mem[X,0x800141CC] -> 0xA623
mem[X,0x800141CE] -> 0x3420
[2192] [M]: 0x800141CC (0x3420A623) sw sp, 844(ra)
mem[0x800394B4] <- 0x00000002


mem[X,0x800141D0] -> 0x5537
mem[X,0x800141D2] -> 0xFFFF
[2193] [M]: 0x800141D0 (0xFFFF5537) lui a0, 1048565
x10 <- 0xFFFF5000


mem[X,0x800141D4] -> 0x0513
mem[X,0x800141D6] -> 0xAFC5
[2194] [M]: 0x800141D4 (0xAFC50513) addi a0, a0, 2812
x10 <- 0xFFFF4AFC


mem[X,0x800141D8] -> 0xB5B7
mem[X,0x800141DA] -> 0x0000
[2195] [M]: 0x800141D8 (0x0000B5B7) lui a1, 11
x11 <- 0x0000B000


mem[X,0x800141DC] -> 0x8593
mem[X,0x800141DE] -> 0x5045
[2196] [M]: 0x800141DC (0x50458593) addi a1, a1, 1284
x11 <- 0x0000B504


mem[X,0x800141E0] -> 0x0113
mem[X,0x800141E2] -> 0x0000
[2197] [M]: 0x800141E0 (0x00000113) addi sp, zero, 0
x2 <- 0x00000000


mem[X,0x800141E4] -> 0x006F
mem[X,0x800141E6] -> 0x00C0
[2198] [M]: 0x800141E4 (0x00C0006F) jal zero, 12


mem[X,0x800141F0] -> 0x4CE3
mem[X,0x800141F2] -> 0xFEB5
[2199] [M]: 0x800141F0 (0xFEB54CE3) blt a0, a1, 8184


clint::tick mtime <- 0x0000000000000016
 clint timer pending at mtime 0x0000000000000016
htif::tick 0x0000000000000000
mem[X,0x800141E8] -> 0x0113
mem[X,0x800141EA] -> 0x0011
[2200] [M]: 0x800141E8 (0x00110113) addi sp, sp, 1
x2 <- 0x00000001


mem[X,0x800141EC] -> 0x006F
mem[X,0x800141EE] -> 0x0180
[2201] [M]: 0x800141EC (0x0180006F) jal zero, 24


mem[X,0x80014204] -> 0xA823
mem[X,0x80014206] -> 0x3420
[2202] [M]: 0x80014204 (0x3420A823) sw sp, 848(ra)
mem[0x800394B8] <- 0x00000001


mem[X,0x80014208] -> 0x5537
mem[X,0x8001420A] -> 0xFFFF
[2203] [M]: 0x80014208 (0xFFFF5537) lui a0, 1048565
x10 <- 0xFFFF5000


mem[X,0x8001420C] -> 0x0513
mem[X,0x8001420E] -> 0xAFC5
[2204] [M]: 0x8001420C (0xAFC50513) addi a0, a0, 2812
x10 <- 0xFFFF4AFC


mem[X,0x80014210] -> 0x0593
mem[X,0x80014212] -> 0x0020
[2205] [M]: 0x80014210 (0x00200593) addi a1, zero, 2
x11 <- 0x00000002


mem[X,0x80014214] -> 0x0113
mem[X,0x80014216] -> 0x0000
[2206] [M]: 0x80014214 (0x00000113) addi sp, zero, 0
x2 <- 0x00000000


mem[X,0x80014218] -> 0x006F
mem[X,0x8001421A] -> 0x00C0
[2207] [M]: 0x80014218 (0x00C0006F) jal zero, 12


mem[X,0x80014224] -> 0x4663
mem[X,0x80014226] -> 0x00B5
[2208] [M]: 0x80014224 (0x00B54663) blt a0, a1, 12


mem[X,0x80014230] -> 0x0113
mem[X,0x80014232] -> 0x0031
[2209] [M]: 0x80014230 (0x00310113) addi sp, sp, 3
x2 <- 0x00000003


mem[X,0x80014234] -> 0x006F
mem[X,0x80014236] -> 0x0040
[2210] [M]: 0x80014234 (0x0040006F) jal zero, 4


mem[X,0x80014238] -> 0xAA23
mem[X,0x8001423A] -> 0x3420
[2211] [M]: 0x80014238 (0x3420AA23) sw sp, 852(ra)
mem[0x800394BC] <- 0x00000003


mem[X,0x8001423C] -> 0x5537
mem[X,0x8001423E] -> 0xFFFF
[2212] [M]: 0x8001423C (0xFFFF5537) lui a0, 1048565
x10 <- 0xFFFF5000


mem[X,0x80014240] -> 0x0513
mem[X,0x80014242] -> 0xAFC5
[2213] [M]: 0x80014240 (0xAFC50513) addi a0, a0, 2812
x10 <- 0xFFFF4AFC


mem[X,0x80014244] -> 0x55B7
mem[X,0x80014246] -> 0x5555
[2214] [M]: 0x80014244 (0x555555B7) lui a1, 349525
x11 <- 0x55555000


mem[X,0x80014248] -> 0x8593
mem[X,0x8001424A] -> 0x5545
[2215] [M]: 0x80014248 (0x55458593) addi a1, a1, 1364
x11 <- 0x55555554


mem[X,0x8001424C] -> 0x0113
mem[X,0x8001424E] -> 0x0000
[2216] [M]: 0x8001424C (0x00000113) addi sp, zero, 0
x2 <- 0x00000000


mem[X,0x80014250] -> 0x006F
mem[X,0x80014252] -> 0x00C0
[2217] [M]: 0x80014250 (0x00C0006F) jal zero, 12


mem[X,0x8001425C] -> 0x4063
mem[X,0x8001425E] -> 0x08B5
[2218] [M]: 0x8001425C (0x08B54063) blt a0, a1, 128


mem[X,0x800142DC] -> 0x0113
mem[X,0x800142DE] -> 0x0031
[2219] [M]: 0x800142DC (0x00310113) addi sp, sp, 3
x2 <- 0x00000003


mem[X,0x800142E0] -> 0x006F
mem[X,0x800142E2] -> 0x0040
[2220] [M]: 0x800142E0 (0x0040006F) jal zero, 4


mem[X,0x800142E4] -> 0xAC23
mem[X,0x800142E6] -> 0x3420
[2221] [M]: 0x800142E4 (0x3420AC23) sw sp, 856(ra)
mem[0x800394C0] <- 0x00000003


mem[X,0x800142E8] -> 0x5537
mem[X,0x800142EA] -> 0xFFFF
[2222] [M]: 0x800142E8 (0xFFFF5537) lui a0, 1048565
x10 <- 0xFFFF5000


mem[X,0x800142EC] -> 0x0513
mem[X,0x800142EE] -> 0xAFC5
[2223] [M]: 0x800142EC (0xAFC50513) addi a0, a0, 2812
x10 <- 0xFFFF4AFC


mem[X,0x800142F0] -> 0x0593
mem[X,0x800142F2] -> 0x0000
[2224] [M]: 0x800142F0 (0x00000593) addi a1, zero, 0
x11 <- 0x00000000


mem[X,0x800142F4] -> 0x0113
mem[X,0x800142F6] -> 0x0000
[2225] [M]: 0x800142F4 (0x00000113) addi sp, zero, 0
x2 <- 0x00000000


mem[X,0x800142F8] -> 0x006F
mem[X,0x800142FA] -> 0x00C0
[2226] [M]: 0x800142F8 (0x00C0006F) jal zero, 12


mem[X,0x80014304] -> 0x4063
mem[X,0x80014306] -> 0x10B5
[2227] [M]: 0x80014304 (0x10B54063) blt a0, a1, 256


mem[X,0x80014404] -> 0x0113
mem[X,0x80014406] -> 0x0031
[2228] [M]: 0x80014404 (0x00310113) addi sp, sp, 3
x2 <- 0x00000003


mem[X,0x80014408] -> 0x006F
mem[X,0x8001440A] -> 0x0040
[2229] [M]: 0x80014408 (0x0040006F) jal zero, 4


mem[X,0x8001440C] -> 0xAE23
mem[X,0x8001440E] -> 0x3420
[2230] [M]: 0x8001440C (0x3420AE23) sw sp, 860(ra)
mem[0x800394C4] <- 0x00000003


mem[X,0x80014410] -> 0x5537
mem[X,0x80014412] -> 0xFFFF
[2231] [M]: 0x80014410 (0xFFFF5537) lui a0, 1048565
x10 <- 0xFFFF5000


mem[X,0x80014414] -> 0x0513
mem[X,0x80014416] -> 0xAFC5
[2232] [M]: 0x80014414 (0xAFC50513) addi a0, a0, 2812
x10 <- 0xFFFF4AFC


mem[X,0x80014418] -> 0x0593
mem[X,0x8001441A] -> 0x0040
[2233] [M]: 0x80014418 (0x00400593) addi a1, zero, 4
x11 <- 0x00000004


mem[X,0x8001441C] -> 0x0113
mem[X,0x8001441E] -> 0x0000
[2234] [M]: 0x8001441C (0x00000113) addi sp, zero, 0
x2 <- 0x00000000


mem[X,0x80014420] -> 0x006F
mem[X,0x80014422] -> 0x0050
[2235] [M]: 0x80014420 (0x0050006F) jal zero, 2052


mem[X,0x80014C24] -> 0x40E3
mem[X,0x80014C26] -> 0x80B5
[2236] [M]: 0x80014C24 (0x80B540E3) blt a0, a1, 6144


mem[X,0x80014424] -> 0x0113
mem[X,0x80014426] -> 0x0011
[2237] [M]: 0x80014424 (0x00110113) addi sp, sp, 1
x2 <- 0x00000001


mem[X,0x80014428] -> 0x006F
mem[X,0x8001442A] -> 0x0110
[2238] [M]: 0x80014428 (0x0110006F) jal zero, 2064


mem[X,0x80014C38] -> 0xA023
mem[X,0x80014C3A] -> 0x3620
[2239] [M]: 0x80014C38 (0x3620A023) sw sp, 864(ra)
mem[0x800394C8] <- 0x00000001


mem[X,0x80014C3C] -> 0x5537
mem[X,0x80014C3E] -> 0xFFFF
[2240] [M]: 0x80014C3C (0xFFFF5537) lui a0, 1048565
x10 <- 0xFFFF5000


mem[X,0x80014C40] -> 0x0513
mem[X,0x80014C42] -> 0xAFC5
[2241] [M]: 0x80014C40 (0xAFC50513) addi a0, a0, 2812
x10 <- 0xFFFF4AFC


mem[X,0x80014C44] -> 0x35B7
mem[X,0x80014C46] -> 0x3333
[2242] [M]: 0x80014C44 (0x333335B7) lui a1, 209715
x11 <- 0x33333000


mem[X,0x80014C48] -> 0x8593
mem[X,0x80014C4A] -> 0x3325
[2243] [M]: 0x80014C48 (0x33258593) addi a1, a1, 818
x11 <- 0x33333332


mem[X,0x80014C4C] -> 0x0113
mem[X,0x80014C4E] -> 0x0000
[2244] [M]: 0x80014C4C (0x00000113) addi sp, zero, 0
x2 <- 0x00000000


mem[X,0x80014C50] -> 0x006F
mem[X,0x80014C52] -> 0x00C0
[2245] [M]: 0x80014C50 (0x00C0006F) jal zero, 12


mem[X,0x80014C5C] -> 0x4063
mem[X,0x80014C5E] -> 0x08B5
[2246] [M]: 0x80014C5C (0x08B54063) blt a0, a1, 128


mem[X,0x80014CDC] -> 0x0113
mem[X,0x80014CDE] -> 0x0031
[2247] [M]: 0x80014CDC (0x00310113) addi sp, sp, 3
x2 <- 0x00000003


mem[X,0x80014CE0] -> 0x006F
mem[X,0x80014CE2] -> 0x0040
[2248] [M]: 0x80014CE0 (0x0040006F) jal zero, 4


mem[X,0x80014CE4] -> 0xA223
mem[X,0x80014CE6] -> 0x3620
[2249] [M]: 0x80014CE4 (0x3620A223) sw sp, 868(ra)
mem[0x800394CC] <- 0x00000003


mem[X,0x80014CE8] -> 0x5537
mem[X,0x80014CEA] -> 0xFFFF
[2250] [M]: 0x80014CE8 (0xFFFF5537) lui a0, 1048565
x10 <- 0xFFFF5000


mem[X,0x80014CEC] -> 0x0513
mem[X,0x80014CEE] -> 0xAFC5
[2251] [M]: 0x80014CEC (0xAFC50513) addi a0, a0, 2812
x10 <- 0xFFFF4AFC


mem[X,0x80014CF0] -> 0x65B7
mem[X,0x80014CF2] -> 0x6666
[2252] [M]: 0x80014CF0 (0x666665B7) lui a1, 419430
x11 <- 0x66666000


mem[X,0x80014CF4] -> 0x8593
mem[X,0x80014CF6] -> 0x6655
[2253] [M]: 0x80014CF4 (0x66558593) addi a1, a1, 1637
x11 <- 0x66666665


mem[X,0x80014CF8] -> 0x0113
mem[X,0x80014CFA] -> 0x0000
[2254] [M]: 0x80014CF8 (0x00000113) addi sp, zero, 0
x2 <- 0x00000000


mem[X,0x80014CFC] -> 0x006F
mem[X,0x80014CFE] -> 0x00C0
[2255] [M]: 0x80014CFC (0x00C0006F) jal zero, 12


mem[X,0x80014D08] -> 0x4CE3
mem[X,0x80014D0A] -> 0xFEB5
[2256] [M]: 0x80014D08 (0xFEB54CE3) blt a0, a1, 8184


mem[X,0x80014D00] -> 0x0113
mem[X,0x80014D02] -> 0x0011
[2257] [M]: 0x80014D00 (0x00110113) addi sp, sp, 1
x2 <- 0x00000001


mem[X,0x80014D04] -> 0x006F
mem[X,0x80014D06] -> 0x0180
[2258] [M]: 0x80014D04 (0x0180006F) jal zero, 24


mem[X,0x80014D1C] -> 0xA423
mem[X,0x80014D1E] -> 0x3620
[2259] [M]: 0x80014D1C (0x3620A423) sw sp, 872(ra)
mem[0x800394D0] <- 0x00000001


mem[X,0x80014D20] -> 0x5537
mem[X,0x80014D22] -> 0xFFFF
[2260] [M]: 0x80014D20 (0xFFFF5537) lui a0, 1048565
x10 <- 0xFFFF5000


mem[X,0x80014D24] -> 0x0513
mem[X,0x80014D26] -> 0xAFC5
[2261] [M]: 0x80014D24 (0xAFC50513) addi a0, a0, 2812
x10 <- 0xFFFF4AFC


mem[X,0x80014D28] -> 0xB5B7
mem[X,0x80014D2A] -> 0x0000
[2262] [M]: 0x80014D28 (0x0000B5B7) lui a1, 11
x11 <- 0x0000B000


mem[X,0x80014D2C] -> 0x8593
mem[X,0x80014D2E] -> 0x5035
[2263] [M]: 0x80014D2C (0x50358593) addi a1, a1, 1283
x11 <- 0x0000B503


mem[X,0x80014D30] -> 0x0113
mem[X,0x80014D32] -> 0x0000
[2264] [M]: 0x80014D30 (0x00000113) addi sp, zero, 0
x2 <- 0x00000000


mem[X,0x80014D34] -> 0x006F
mem[X,0x80014D36] -> 0x0180
[2265] [M]: 0x80014D34 (0x0180006F) jal zero, 24


mem[X,0x80014D4C] -> 0x46E3
mem[X,0x80014D4E] -> 0xFEB5
[2266] [M]: 0x80014D4C (0xFEB546E3) blt a0, a1, 8172


mem[X,0x80014D38] -> 0x0113
mem[X,0x80014D3A] -> 0x0011
[2267] [M]: 0x80014D38 (0x00110113) addi sp, sp, 1
x2 <- 0x00000001


mem[X,0x80014D3C] -> 0x006F
mem[X,0x80014D3E] -> 0x0240
[2268] [M]: 0x80014D3C (0x0240006F) jal zero, 36


mem[X,0x80014D60] -> 0xA623
mem[X,0x80014D62] -> 0x3620
[2269] [M]: 0x80014D60 (0x3620A623) sw sp, 876(ra)
mem[0x800394D4] <- 0x00000001


mem[X,0x80014D64] -> 0x5537
mem[X,0x80014D66] -> 0xFFFF
[2270] [M]: 0x80014D64 (0xFFFF5537) lui a0, 1048565
x10 <- 0xFFFF5000


mem[X,0x80014D68] -> 0x0513
mem[X,0x80014D6A] -> 0xAFC5
[2271] [M]: 0x80014D68 (0xAFC50513) addi a0, a0, 2812
x10 <- 0xFFFF4AFC


mem[X,0x80014D6C] -> 0x55B7
mem[X,0x80014D6E] -> 0x5555
[2272] [M]: 0x80014D6C (0x555555B7) lui a1, 349525
x11 <- 0x55555000


mem[X,0x80014D70] -> 0x8593
mem[X,0x80014D72] -> 0x5565
[2273] [M]: 0x80014D70 (0x55658593) addi a1, a1, 1366
x11 <- 0x55555556


mem[X,0x80014D74] -> 0x0113
mem[X,0x80014D76] -> 0x0000
[2274] [M]: 0x80014D74 (0x00000113) addi sp, zero, 0
x2 <- 0x00000000


mem[X,0x80014D78] -> 0x006F
mem[X,0x80014D7A] -> 0x00C0
[2275] [M]: 0x80014D78 (0x00C0006F) jal zero, 12


mem[X,0x80014D84] -> 0x4CE3
mem[X,0x80014D86] -> 0xFEB5
[2276] [M]: 0x80014D84 (0xFEB54CE3) blt a0, a1, 8184


mem[X,0x80014D7C] -> 0x0113
mem[X,0x80014D7E] -> 0x0011
[2277] [M]: 0x80014D7C (0x00110113) addi sp, sp, 1
x2 <- 0x00000001


mem[X,0x80014D80] -> 0x006F
mem[X,0x80014D82] -> 0x0180
[2278] [M]: 0x80014D80 (0x0180006F) jal zero, 24


mem[X,0x80014D98] -> 0xA823
mem[X,0x80014D9A] -> 0x3620
[2279] [M]: 0x80014D98 (0x3620A823) sw sp, 880(ra)
mem[0x800394D8] <- 0x00000001


mem[X,0x80014D9C] -> 0x5537
mem[X,0x80014D9E] -> 0xFFFF
[2280] [M]: 0x80014D9C (0xFFFF5537) lui a0, 1048565
x10 <- 0xFFFF5000


mem[X,0x80014DA0] -> 0x0513
mem[X,0x80014DA2] -> 0xAFC5
[2281] [M]: 0x80014DA0 (0xAFC50513) addi a0, a0, 2812
x10 <- 0xFFFF4AFC


mem[X,0x80014DA4] -> 0xB5B7
mem[X,0x80014DA6] -> 0xAAAA
[2282] [M]: 0x80014DA4 (0xAAAAB5B7) lui a1, 699051
x11 <- 0xAAAAB000


mem[X,0x80014DA8] -> 0x8593
mem[X,0x80014DAA] -> 0xAAB5
[2283] [M]: 0x80014DA8 (0xAAB58593) addi a1, a1, 2731
x11 <- 0xAAAAAAAB


mem[X,0x80014DAC] -> 0x0113
mem[X,0x80014DAE] -> 0x0000
[2284] [M]: 0x80014DAC (0x00000113) addi sp, zero, 0
x2 <- 0x00000000


mem[X,0x80014DB0] -> 0x006F
mem[X,0x80014DB2] -> 0x0050
[2285] [M]: 0x80014DB0 (0x0050006F) jal zero, 2052


mem[X,0x800155B4] -> 0x40E3
mem[X,0x800155B6] -> 0x80B5
[2286] [M]: 0x800155B4 (0x80B540E3) blt a0, a1, 6144


mem[X,0x800155B8] -> 0x0113
mem[X,0x800155BA] -> 0x0021
[2287] [M]: 0x800155B8 (0x00210113) addi sp, sp, 2
x2 <- 0x00000002


mem[X,0x800155BC] -> 0x006F
mem[X,0x800155BE] -> 0x00C0
[2288] [M]: 0x800155BC (0x00C0006F) jal zero, 12


mem[X,0x800155C8] -> 0xAA23
mem[X,0x800155CA] -> 0x3620
[2289] [M]: 0x800155C8 (0x3620AA23) sw sp, 884(ra)
mem[0x800394DC] <- 0x00000002


mem[X,0x800155CC] -> 0x5537
mem[X,0x800155CE] -> 0xFFFF
[2290] [M]: 0x800155CC (0xFFFF5537) lui a0, 1048565
x10 <- 0xFFFF5000


mem[X,0x800155D0] -> 0x0513
mem[X,0x800155D2] -> 0xAFC5
[2291] [M]: 0x800155D0 (0xAFC50513) addi a0, a0, 2812
x10 <- 0xFFFF4AFC


mem[X,0x800155D4] -> 0x0593
mem[X,0x800155D6] -> 0x0060
[2292] [M]: 0x800155D4 (0x00600593) addi a1, zero, 6
x11 <- 0x00000006


mem[X,0x800155D8] -> 0x0113
mem[X,0x800155DA] -> 0x0000
[2293] [M]: 0x800155D8 (0x00000113) addi sp, zero, 0
x2 <- 0x00000000


mem[X,0x800155DC] -> 0x006F
mem[X,0x800155DE] -> 0x00C0
[2294] [M]: 0x800155DC (0x00C0006F) jal zero, 12


mem[X,0x800155E8] -> 0x4063
mem[X,0x800155EA] -> 0x08B5
[2295] [M]: 0x800155E8 (0x08B54063) blt a0, a1, 128


mem[X,0x80015668] -> 0x0113
mem[X,0x8001566A] -> 0x0031
[2296] [M]: 0x80015668 (0x00310113) addi sp, sp, 3
x2 <- 0x00000003


mem[X,0x8001566C] -> 0x006F
mem[X,0x8001566E] -> 0x0040
[2297] [M]: 0x8001566C (0x0040006F) jal zero, 4


mem[X,0x80015670] -> 0xAC23
mem[X,0x80015672] -> 0x3620
[2298] [M]: 0x80015670 (0x3620AC23) sw sp, 888(ra)
mem[0x800394E0] <- 0x00000003


mem[X,0x80015674] -> 0x5537
mem[X,0x80015676] -> 0xFFFF
[2299] [M]: 0x80015674 (0xFFFF5537) lui a0, 1048565
x10 <- 0xFFFF5000


clint::tick mtime <- 0x0000000000000017
 clint timer pending at mtime 0x0000000000000017
htif::tick 0x0000000000000000
mem[X,0x80015678] -> 0x0513
mem[X,0x8001567A] -> 0xAFC5
[2300] [M]: 0x80015678 (0xAFC50513) addi a0, a0, 2812
x10 <- 0xFFFF4AFC


mem[X,0x8001567C] -> 0x35B7
mem[X,0x8001567E] -> 0x3333
[2301] [M]: 0x8001567C (0x333335B7) lui a1, 209715
x11 <- 0x33333000


mem[X,0x80015680] -> 0x8593
mem[X,0x80015682] -> 0x3345
[2302] [M]: 0x80015680 (0x33458593) addi a1, a1, 820
x11 <- 0x33333334


mem[X,0x80015684] -> 0x0113
mem[X,0x80015686] -> 0x0000
[2303] [M]: 0x80015684 (0x00000113) addi sp, zero, 0
x2 <- 0x00000000


mem[X,0x80015688] -> 0x006F
mem[X,0x8001568A] -> 0x0180
[2304] [M]: 0x80015688 (0x0180006F) jal zero, 24


mem[X,0x800156A0] -> 0x46E3
mem[X,0x800156A2] -> 0xFEB5
[2305] [M]: 0x800156A0 (0xFEB546E3) blt a0, a1, 8172


mem[X,0x8001568C] -> 0x0113
mem[X,0x8001568E] -> 0x0011
[2306] [M]: 0x8001568C (0x00110113) addi sp, sp, 1
x2 <- 0x00000001


mem[X,0x80015690] -> 0x006F
mem[X,0x80015692] -> 0x0240
[2307] [M]: 0x80015690 (0x0240006F) jal zero, 36


mem[X,0x800156B4] -> 0xAE23
mem[X,0x800156B6] -> 0x3620
[2308] [M]: 0x800156B4 (0x3620AE23) sw sp, 892(ra)
mem[0x800394E4] <- 0x00000001


mem[X,0x800156B8] -> 0x5537
mem[X,0x800156BA] -> 0xFFFF
[2309] [M]: 0x800156B8 (0xFFFF5537) lui a0, 1048565
x10 <- 0xFFFF5000


mem[X,0x800156BC] -> 0x0513
mem[X,0x800156BE] -> 0xAFC5
[2310] [M]: 0x800156BC (0xAFC50513) addi a0, a0, 2812
x10 <- 0xFFFF4AFC


mem[X,0x800156C0] -> 0x65B7
mem[X,0x800156C2] -> 0x6666
[2311] [M]: 0x800156C0 (0x666665B7) lui a1, 419430
x11 <- 0x66666000


mem[X,0x800156C4] -> 0x8593
mem[X,0x800156C6] -> 0x6675
[2312] [M]: 0x800156C4 (0x66758593) addi a1, a1, 1639
x11 <- 0x66666667


mem[X,0x800156C8] -> 0x0113
mem[X,0x800156CA] -> 0x0000
[2313] [M]: 0x800156C8 (0x00000113) addi sp, zero, 0
x2 <- 0x00000000


mem[X,0x800156CC] -> 0x006F
mem[X,0x800156CE] -> 0x00C0
[2314] [M]: 0x800156CC (0x00C0006F) jal zero, 12


mem[X,0x800156D8] -> 0x4CE3
mem[X,0x800156DA] -> 0xFEB5
[2315] [M]: 0x800156D8 (0xFEB54CE3) blt a0, a1, 8184


mem[X,0x800156D0] -> 0x0113
mem[X,0x800156D2] -> 0x0011
[2316] [M]: 0x800156D0 (0x00110113) addi sp, sp, 1
x2 <- 0x00000001


mem[X,0x800156D4] -> 0x006F
mem[X,0x800156D6] -> 0x0180
[2317] [M]: 0x800156D4 (0x0180006F) jal zero, 24


mem[X,0x800156EC] -> 0xA023
mem[X,0x800156EE] -> 0x3820
[2318] [M]: 0x800156EC (0x3820A023) sw sp, 896(ra)
mem[0x800394E8] <- 0x00000001


mem[X,0x800156F0] -> 0x5537
mem[X,0x800156F2] -> 0xFFFF
[2319] [M]: 0x800156F0 (0xFFFF5537) lui a0, 1048565
x10 <- 0xFFFF5000


mem[X,0x800156F4] -> 0x0513
mem[X,0x800156F6] -> 0xAFC5
[2320] [M]: 0x800156F4 (0xAFC50513) addi a0, a0, 2812
x10 <- 0xFFFF4AFC


mem[X,0x800156F8] -> 0x55B7
mem[X,0x800156FA] -> 0xFFFF
[2321] [M]: 0x800156F8 (0xFFFF55B7) lui a1, 1048565
x11 <- 0xFFFF5000


mem[X,0x800156FC] -> 0x8593
mem[X,0x800156FE] -> 0xAFD5
[2322] [M]: 0x800156FC (0xAFD58593) addi a1, a1, 2813
x11 <- 0xFFFF4AFD


mem[X,0x80015700] -> 0x0113
mem[X,0x80015702] -> 0x0000
[2323] [M]: 0x80015700 (0x00000113) addi sp, zero, 0
x2 <- 0x00000000


mem[X,0x80015704] -> 0x006F
mem[X,0x80015706] -> 0x00C0
[2324] [M]: 0x80015704 (0x00C0006F) jal zero, 12


mem[X,0x80015710] -> 0x4063
mem[X,0x80015712] -> 0x04B5
[2325] [M]: 0x80015710 (0x04B54063) blt a0, a1, 64


mem[X,0x80015750] -> 0x0113
mem[X,0x80015752] -> 0x0031
[2326] [M]: 0x80015750 (0x00310113) addi sp, sp, 3
x2 <- 0x00000003


mem[X,0x80015754] -> 0x006F
mem[X,0x80015756] -> 0x0040
[2327] [M]: 0x80015754 (0x0040006F) jal zero, 4


mem[X,0x80015758] -> 0xA223
mem[X,0x8001575A] -> 0x3820
[2328] [M]: 0x80015758 (0x3820A223) sw sp, 900(ra)
mem[0x800394EC] <- 0x00000003


mem[X,0x8001575C] -> 0x5537
mem[X,0x8001575E] -> 0xFFFF
[2329] [M]: 0x8001575C (0xFFFF5537) lui a0, 1048565
x10 <- 0xFFFF5000


mem[X,0x80015760] -> 0x0513
mem[X,0x80015762] -> 0xAFC5
[2330] [M]: 0x80015760 (0xAFC50513) addi a0, a0, 2812
x10 <- 0xFFFF4AFC


mem[X,0x80015764] -> 0xB5B7
mem[X,0x80015766] -> 0x0000
[2331] [M]: 0x80015764 (0x0000B5B7) lui a1, 11
x11 <- 0x0000B000


mem[X,0x80015768] -> 0x8593
mem[X,0x8001576A] -> 0x5055
[2332] [M]: 0x80015768 (0x50558593) addi a1, a1, 1285
x11 <- 0x0000B505


mem[X,0x8001576C] -> 0x0113
mem[X,0x8001576E] -> 0x0000
[2333] [M]: 0x8001576C (0x00000113) addi sp, zero, 0
x2 <- 0x00000000


mem[X,0x80015770] -> 0x006F
mem[X,0x80015772] -> 0x00C0
[2334] [M]: 0x80015770 (0x00C0006F) jal zero, 12


mem[X,0x8001577C] -> 0x4063
mem[X,0x8001577E] -> 0x40B5
[2335] [M]: 0x8001577C (0x40B54063) blt a0, a1, 1024


mem[X,0x80015B7C] -> 0x0113
mem[X,0x80015B7E] -> 0x0031
[2336] [M]: 0x80015B7C (0x00310113) addi sp, sp, 3
x2 <- 0x00000003


mem[X,0x80015B80] -> 0x006F
mem[X,0x80015B82] -> 0x0040
[2337] [M]: 0x80015B80 (0x0040006F) jal zero, 4


mem[X,0x80015B84] -> 0xA423
mem[X,0x80015B86] -> 0x3820
[2338] [M]: 0x80015B84 (0x3820A423) sw sp, 904(ra)
mem[0x800394F0] <- 0x00000003


mem[X,0x80015B88] -> 0xB537
mem[X,0x80015B8A] -> 0x0000
[2339] [M]: 0x80015B88 (0x0000B537) lui a0, 11
x10 <- 0x0000B000


mem[X,0x80015B8C] -> 0x0513
mem[X,0x80015B8E] -> 0x5045
[2340] [M]: 0x80015B8C (0x50450513) addi a0, a0, 1284
x10 <- 0x0000B504


mem[X,0x80015B90] -> 0x0593
mem[X,0x80015B92] -> 0x0030
[2341] [M]: 0x80015B90 (0x00300593) addi a1, zero, 3
x11 <- 0x00000003


mem[X,0x80015B94] -> 0x0113
mem[X,0x80015B96] -> 0x0000
[2342] [M]: 0x80015B94 (0x00000113) addi sp, zero, 0
x2 <- 0x00000000


mem[X,0x80015B98] -> 0x006F
mem[X,0x80015B9A] -> 0x00C0
[2343] [M]: 0x80015B98 (0x00C0006F) jal zero, 12


mem[X,0x80015BA4] -> 0x4CE3
mem[X,0x80015BA6] -> 0xFEB5
[2344] [M]: 0x80015BA4 (0xFEB54CE3) blt a0, a1, 8184


mem[X,0x80015BA8] -> 0x0113
mem[X,0x80015BAA] -> 0x0021
[2345] [M]: 0x80015BA8 (0x00210113) addi sp, sp, 2
x2 <- 0x00000002


mem[X,0x80015BAC] -> 0x006F
mem[X,0x80015BAE] -> 0x00C0
[2346] [M]: 0x80015BAC (0x00C0006F) jal zero, 12


mem[X,0x80015BB8] -> 0xA623
mem[X,0x80015BBA] -> 0x3820
[2347] [M]: 0x80015BB8 (0x3820A623) sw sp, 908(ra)
mem[0x800394F4] <- 0x00000002


mem[X,0x80015BBC] -> 0xB537
mem[X,0x80015BBE] -> 0x0000
[2348] [M]: 0x80015BBC (0x0000B537) lui a0, 11
x10 <- 0x0000B000


mem[X,0x80015BC0] -> 0x0513
mem[X,0x80015BC2] -> 0x5045
[2349] [M]: 0x80015BC0 (0x50450513) addi a0, a0, 1284
x10 <- 0x0000B504


mem[X,0x80015BC4] -> 0x55B7
mem[X,0x80015BC6] -> 0x5555
[2350] [M]: 0x80015BC4 (0x555555B7) lui a1, 349525
x11 <- 0x55555000


mem[X,0x80015BC8] -> 0x8593
mem[X,0x80015BCA] -> 0x5555
[2351] [M]: 0x80015BC8 (0x55558593) addi a1, a1, 1365
x11 <- 0x55555555


mem[X,0x80015BCC] -> 0x0113
mem[X,0x80015BCE] -> 0x0000
[2352] [M]: 0x80015BCC (0x00000113) addi sp, zero, 0
x2 <- 0x00000000


mem[X,0x80015BD0] -> 0x006F
mem[X,0x80015BD2] -> 0x00C0
[2353] [M]: 0x80015BD0 (0x00C0006F) jal zero, 12


mem[X,0x80015BDC] -> 0x4663
mem[X,0x80015BDE] -> 0x00B5
[2354] [M]: 0x80015BDC (0x00B54663) blt a0, a1, 12


mem[X,0x80015BE8] -> 0x0113
mem[X,0x80015BEA] -> 0x0031
[2355] [M]: 0x80015BE8 (0x00310113) addi sp, sp, 3
x2 <- 0x00000003


mem[X,0x80015BEC] -> 0x006F
mem[X,0x80015BEE] -> 0x0040
[2356] [M]: 0x80015BEC (0x0040006F) jal zero, 4


mem[X,0x80015BF0] -> 0xA823
mem[X,0x80015BF2] -> 0x3820
[2357] [M]: 0x80015BF0 (0x3820A823) sw sp, 912(ra)
mem[0x800394F8] <- 0x00000003


mem[X,0x80015BF4] -> 0xB537
mem[X,0x80015BF6] -> 0x0000
[2358] [M]: 0x80015BF4 (0x0000B537) lui a0, 11
x10 <- 0x0000B000


mem[X,0x80015BF8] -> 0x0513
mem[X,0x80015BFA] -> 0x5045
[2359] [M]: 0x80015BF8 (0x50450513) addi a0, a0, 1284
x10 <- 0x0000B504


mem[X,0x80015BFC] -> 0xB5B7
mem[X,0x80015BFE] -> 0xAAAA
[2360] [M]: 0x80015BFC (0xAAAAB5B7) lui a1, 699051
x11 <- 0xAAAAB000


mem[X,0x80015C00] -> 0x8593
mem[X,0x80015C02] -> 0xAAA5
[2361] [M]: 0x80015C00 (0xAAA58593) addi a1, a1, 2730
x11 <- 0xAAAAAAAA


mem[X,0x80015C04] -> 0x0113
mem[X,0x80015C06] -> 0x0000
[2362] [M]: 0x80015C04 (0x00000113) addi sp, zero, 0
x2 <- 0x00000000


mem[X,0x80015C08] -> 0x006F
mem[X,0x80015C0A] -> 0x00C0
[2363] [M]: 0x80015C08 (0x00C0006F) jal zero, 12


mem[X,0x80015C14] -> 0x4663
mem[X,0x80015C16] -> 0x00B5
[2364] [M]: 0x80015C14 (0x00B54663) blt a0, a1, 12


mem[X,0x80015C18] -> 0x0113
mem[X,0x80015C1A] -> 0x0021
[2365] [M]: 0x80015C18 (0x00210113) addi sp, sp, 2
x2 <- 0x00000002


mem[X,0x80015C1C] -> 0x006F
mem[X,0x80015C1E] -> 0x00C0
[2366] [M]: 0x80015C1C (0x00C0006F) jal zero, 12


mem[X,0x80015C28] -> 0xAA23
mem[X,0x80015C2A] -> 0x3820
[2367] [M]: 0x80015C28 (0x3820AA23) sw sp, 916(ra)
mem[0x800394FC] <- 0x00000002


mem[X,0x80015C2C] -> 0xB537
mem[X,0x80015C2E] -> 0x0000
[2368] [M]: 0x80015C2C (0x0000B537) lui a0, 11
x10 <- 0x0000B000


mem[X,0x80015C30] -> 0x0513
mem[X,0x80015C32] -> 0x5045
[2369] [M]: 0x80015C30 (0x50450513) addi a0, a0, 1284
x10 <- 0x0000B504


mem[X,0x80015C34] -> 0x0593
mem[X,0x80015C36] -> 0x0050
[2370] [M]: 0x80015C34 (0x00500593) addi a1, zero, 5
x11 <- 0x00000005


mem[X,0x80015C38] -> 0x0113
mem[X,0x80015C3A] -> 0x0000
[2371] [M]: 0x80015C38 (0x00000113) addi sp, zero, 0
x2 <- 0x00000000


mem[X,0x80015C3C] -> 0x006F
mem[X,0x80015C3E] -> 0x00C0
[2372] [M]: 0x80015C3C (0x00C0006F) jal zero, 12


mem[X,0x80015C48] -> 0x4063
mem[X,0x80015C4A] -> 0x08B5
[2373] [M]: 0x80015C48 (0x08B54063) blt a0, a1, 128


mem[X,0x80015C4C] -> 0x0113
mem[X,0x80015C4E] -> 0x0021
[2374] [M]: 0x80015C4C (0x00210113) addi sp, sp, 2
x2 <- 0x00000002


mem[X,0x80015C50] -> 0x006F
mem[X,0x80015C52] -> 0x0800
[2375] [M]: 0x80015C50 (0x0800006F) jal zero, 128


mem[X,0x80015CD0] -> 0xAC23
mem[X,0x80015CD2] -> 0x3820
[2376] [M]: 0x80015CD0 (0x3820AC23) sw sp, 920(ra)
mem[0x80039500] <- 0x00000002


mem[X,0x80015CD4] -> 0xB537
mem[X,0x80015CD6] -> 0x0000
[2377] [M]: 0x80015CD4 (0x0000B537) lui a0, 11
x10 <- 0x0000B000


mem[X,0x80015CD8] -> 0x0513
mem[X,0x80015CDA] -> 0x5045
[2378] [M]: 0x80015CD8 (0x50450513) addi a0, a0, 1284
x10 <- 0x0000B504


mem[X,0x80015CDC] -> 0x35B7
mem[X,0x80015CDE] -> 0x3333
[2379] [M]: 0x80015CDC (0x333335B7) lui a1, 209715
x11 <- 0x33333000


mem[X,0x80015CE0] -> 0x8593
mem[X,0x80015CE2] -> 0x3335
[2380] [M]: 0x80015CE0 (0x33358593) addi a1, a1, 819
x11 <- 0x33333333


mem[X,0x80015CE4] -> 0x0113
mem[X,0x80015CE6] -> 0x0000
[2381] [M]: 0x80015CE4 (0x00000113) addi sp, zero, 0
x2 <- 0x00000000


mem[X,0x80015CE8] -> 0x006F
mem[X,0x80015CEA] -> 0x00C0
[2382] [M]: 0x80015CE8 (0x00C0006F) jal zero, 12


mem[X,0x80015CF4] -> 0x4CE3
mem[X,0x80015CF6] -> 0xFEB5
[2383] [M]: 0x80015CF4 (0xFEB54CE3) blt a0, a1, 8184


mem[X,0x80015CEC] -> 0x0113
mem[X,0x80015CEE] -> 0x0011
[2384] [M]: 0x80015CEC (0x00110113) addi sp, sp, 1
x2 <- 0x00000001


mem[X,0x80015CF0] -> 0x006F
mem[X,0x80015CF2] -> 0x0180
[2385] [M]: 0x80015CF0 (0x0180006F) jal zero, 24


mem[X,0x80015D08] -> 0xAE23
mem[X,0x80015D0A] -> 0x3820
[2386] [M]: 0x80015D08 (0x3820AE23) sw sp, 924(ra)
mem[0x80039504] <- 0x00000001


mem[X,0x80015D0C] -> 0xB537
mem[X,0x80015D0E] -> 0x0000
[2387] [M]: 0x80015D0C (0x0000B537) lui a0, 11
x10 <- 0x0000B000


mem[X,0x80015D10] -> 0x0513
mem[X,0x80015D12] -> 0x5045
[2388] [M]: 0x80015D10 (0x50450513) addi a0, a0, 1284
x10 <- 0x0000B504


mem[X,0x80015D14] -> 0x65B7
mem[X,0x80015D16] -> 0x6666
[2389] [M]: 0x80015D14 (0x666665B7) lui a1, 419430
x11 <- 0x66666000


mem[X,0x80015D18] -> 0x8593
mem[X,0x80015D1A] -> 0x6665
[2390] [M]: 0x80015D18 (0x66658593) addi a1, a1, 1638
x11 <- 0x66666666


mem[X,0x80015D1C] -> 0x0113
mem[X,0x80015D1E] -> 0x0000
[2391] [M]: 0x80015D1C (0x00000113) addi sp, zero, 0
x2 <- 0x00000000


mem[X,0x80015D20] -> 0x006F
mem[X,0x80015D22] -> 0x00C0
[2392] [M]: 0x80015D20 (0x00C0006F) jal zero, 12


mem[X,0x80015D2C] -> 0x4663
mem[X,0x80015D2E] -> 0x00B5
[2393] [M]: 0x80015D2C (0x00B54663) blt a0, a1, 12


mem[X,0x80015D38] -> 0x0113
mem[X,0x80015D3A] -> 0x0031
[2394] [M]: 0x80015D38 (0x00310113) addi sp, sp, 3
x2 <- 0x00000003


mem[X,0x80015D3C] -> 0x006F
mem[X,0x80015D3E] -> 0x0040
[2395] [M]: 0x80015D3C (0x0040006F) jal zero, 4


mem[X,0x80015D40] -> 0xA023
mem[X,0x80015D42] -> 0x3A20
[2396] [M]: 0x80015D40 (0x3A20A023) sw sp, 928(ra)
mem[0x80039508] <- 0x00000003


mem[X,0x80015D44] -> 0xB537
mem[X,0x80015D46] -> 0x0000
[2397] [M]: 0x80015D44 (0x0000B537) lui a0, 11
x10 <- 0x0000B000


mem[X,0x80015D48] -> 0x0513
mem[X,0x80015D4A] -> 0x5045
[2398] [M]: 0x80015D48 (0x50450513) addi a0, a0, 1284
x10 <- 0x0000B504


mem[X,0x80015D4C] -> 0x55B7
mem[X,0x80015D4E] -> 0xFFFF
[2399] [M]: 0x80015D4C (0xFFFF55B7) lui a1, 1048565
x11 <- 0xFFFF5000


clint::tick mtime <- 0x0000000000000018
 clint timer pending at mtime 0x0000000000000018
htif::tick 0x0000000000000000
mem[X,0x80015D50] -> 0x8593
mem[X,0x80015D52] -> 0xAFC5
[2400] [M]: 0x80015D50 (0xAFC58593) addi a1, a1, 2812
x11 <- 0xFFFF4AFC


mem[X,0x80015D54] -> 0x0113
mem[X,0x80015D56] -> 0x0000
[2401] [M]: 0x80015D54 (0x00000113) addi sp, zero, 0
x2 <- 0x00000000


mem[X,0x80015D58] -> 0x006F
mem[X,0x80015D5A] -> 0x00C0
[2402] [M]: 0x80015D58 (0x00C0006F) jal zero, 12


mem[X,0x80015D64] -> 0x4063
mem[X,0x80015D66] -> 0x20B5
[2403] [M]: 0x80015D64 (0x20B54063) blt a0, a1, 512


mem[X,0x80015D68] -> 0x0113
mem[X,0x80015D6A] -> 0x0021
[2404] [M]: 0x80015D68 (0x00210113) addi sp, sp, 2
x2 <- 0x00000002


mem[X,0x80015D6C] -> 0x006F
mem[X,0x80015D6E] -> 0x2000
[2405] [M]: 0x80015D6C (0x2000006F) jal zero, 512


mem[X,0x80015F6C] -> 0xA223
mem[X,0x80015F6E] -> 0x3A20
[2406] [M]: 0x80015F6C (0x3A20A223) sw sp, 932(ra)
mem[0x8003950C] <- 0x00000002


mem[X,0x80015F70] -> 0xB537
mem[X,0x80015F72] -> 0x0000
[2407] [M]: 0x80015F70 (0x0000B537) lui a0, 11
x10 <- 0x0000B000


mem[X,0x80015F74] -> 0x0513
mem[X,0x80015F76] -> 0x5045
[2408] [M]: 0x80015F74 (0x50450513) addi a0, a0, 1284
x10 <- 0x0000B504


mem[X,0x80015F78] -> 0xB5B7
mem[X,0x80015F7A] -> 0x0000
[2409] [M]: 0x80015F78 (0x0000B5B7) lui a1, 11
x11 <- 0x0000B000


mem[X,0x80015F7C] -> 0x8593
mem[X,0x80015F7E] -> 0x5045
[2410] [M]: 0x80015F7C (0x50458593) addi a1, a1, 1284
x11 <- 0x0000B504


mem[X,0x80015F80] -> 0x0113
mem[X,0x80015F82] -> 0x0000
[2411] [M]: 0x80015F80 (0x00000113) addi sp, zero, 0
x2 <- 0x00000000


mem[X,0x80015F84] -> 0x006F
mem[X,0x80015F86] -> 0x00C0
[2412] [M]: 0x80015F84 (0x00C0006F) jal zero, 12


mem[X,0x80015F90] -> 0x4063
mem[X,0x80015F92] -> 0x20B5
[2413] [M]: 0x80015F90 (0x20B54063) blt a0, a1, 512


mem[X,0x80015F94] -> 0x0113
mem[X,0x80015F96] -> 0x0021
[2414] [M]: 0x80015F94 (0x00210113) addi sp, sp, 2
x2 <- 0x00000002


mem[X,0x80015F98] -> 0x006F
mem[X,0x80015F9A] -> 0x2000
[2415] [M]: 0x80015F98 (0x2000006F) jal zero, 512


mem[X,0x80016198] -> 0xA423
mem[X,0x8001619A] -> 0x3A20
[2416] [M]: 0x80016198 (0x3A20A423) sw sp, 936(ra)
mem[0x80039510] <- 0x00000002


mem[X,0x8001619C] -> 0xB537
mem[X,0x8001619E] -> 0x0000
[2417] [M]: 0x8001619C (0x0000B537) lui a0, 11
x10 <- 0x0000B000


mem[X,0x800161A0] -> 0x0513
mem[X,0x800161A2] -> 0x5045
[2418] [M]: 0x800161A0 (0x50450513) addi a0, a0, 1284
x10 <- 0x0000B504


mem[X,0x800161A4] -> 0x0593
mem[X,0x800161A6] -> 0x0020
[2419] [M]: 0x800161A4 (0x00200593) addi a1, zero, 2
x11 <- 0x00000002


mem[X,0x800161A8] -> 0x0113
mem[X,0x800161AA] -> 0x0000
[2420] [M]: 0x800161A8 (0x00000113) addi sp, zero, 0
x2 <- 0x00000000


mem[X,0x800161AC] -> 0x006F
mem[X,0x800161AE] -> 0x00C0
[2421] [M]: 0x800161AC (0x00C0006F) jal zero, 12


mem[X,0x800161B8] -> 0x4063
mem[X,0x800161BA] -> 0x20B5
[2422] [M]: 0x800161B8 (0x20B54063) blt a0, a1, 512


mem[X,0x800161BC] -> 0x0113
mem[X,0x800161BE] -> 0x0021
[2423] [M]: 0x800161BC (0x00210113) addi sp, sp, 2
x2 <- 0x00000002


mem[X,0x800161C0] -> 0x006F
mem[X,0x800161C2] -> 0x2000
[2424] [M]: 0x800161C0 (0x2000006F) jal zero, 512


mem[X,0x800163C0] -> 0xA623
mem[X,0x800163C2] -> 0x3A20
[2425] [M]: 0x800163C0 (0x3A20A623) sw sp, 940(ra)
mem[0x80039514] <- 0x00000002


mem[X,0x800163C4] -> 0xB537
mem[X,0x800163C6] -> 0x0000
[2426] [M]: 0x800163C4 (0x0000B537) lui a0, 11
x10 <- 0x0000B000


mem[X,0x800163C8] -> 0x0513
mem[X,0x800163CA] -> 0x5045
[2427] [M]: 0x800163C8 (0x50450513) addi a0, a0, 1284
x10 <- 0x0000B504


mem[X,0x800163CC] -> 0x55B7
mem[X,0x800163CE] -> 0x5555
[2428] [M]: 0x800163CC (0x555555B7) lui a1, 349525
x11 <- 0x55555000


mem[X,0x800163D0] -> 0x8593
mem[X,0x800163D2] -> 0x5545
[2429] [M]: 0x800163D0 (0x55458593) addi a1, a1, 1364
x11 <- 0x55555554


mem[X,0x800163D4] -> 0x0113
mem[X,0x800163D6] -> 0x0000
[2430] [M]: 0x800163D4 (0x00000113) addi sp, zero, 0
x2 <- 0x00000000


mem[X,0x800163D8] -> 0x006F
mem[X,0x800163DA] -> 0x00C0
[2431] [M]: 0x800163D8 (0x00C0006F) jal zero, 12


mem[X,0x800163E4] -> 0x4063
mem[X,0x800163E6] -> 0x02B5
[2432] [M]: 0x800163E4 (0x02B54063) blt a0, a1, 32


mem[X,0x80016404] -> 0x0113
mem[X,0x80016406] -> 0x0031
[2433] [M]: 0x80016404 (0x00310113) addi sp, sp, 3
x2 <- 0x00000003


mem[X,0x80016408] -> 0x006F
mem[X,0x8001640A] -> 0x0040
[2434] [M]: 0x80016408 (0x0040006F) jal zero, 4


mem[X,0x8001640C] -> 0xA823
mem[X,0x8001640E] -> 0x3A20
[2435] [M]: 0x8001640C (0x3A20A823) sw sp, 944(ra)
mem[0x80039518] <- 0x00000003


mem[X,0x80016410] -> 0xB537
mem[X,0x80016412] -> 0x0000
[2436] [M]: 0x80016410 (0x0000B537) lui a0, 11
x10 <- 0x0000B000


mem[X,0x80016414] -> 0x0513
mem[X,0x80016416] -> 0x5045
[2437] [M]: 0x80016414 (0x50450513) addi a0, a0, 1284
x10 <- 0x0000B504


mem[X,0x80016418] -> 0x0593
mem[X,0x8001641A] -> 0x0000
[2438] [M]: 0x80016418 (0x00000593) addi a1, zero, 0
x11 <- 0x00000000


mem[X,0x8001641C] -> 0x0113
mem[X,0x8001641E] -> 0x0000
[2439] [M]: 0x8001641C (0x00000113) addi sp, zero, 0
x2 <- 0x00000000


mem[X,0x80016420] -> 0x006F
mem[X,0x80016422] -> 0x2B10
[2440] [M]: 0x80016420 (0x2B10006F) jal zero, 2736


mem[X,0x80016ED0] -> 0x4A63
mem[X,0x80016ED2] -> 0xD4B5
[2441] [M]: 0x80016ED0 (0xD4B54A63) blt a0, a1, 5460


mem[X,0x80016ED4] -> 0x0113
mem[X,0x80016ED6] -> 0x0021
[2442] [M]: 0x80016ED4 (0x00210113) addi sp, sp, 2
x2 <- 0x00000002


mem[X,0x80016ED8] -> 0x006F
mem[X,0x80016EDA] -> 0x00C0
[2443] [M]: 0x80016ED8 (0x00C0006F) jal zero, 12


mem[X,0x80016EE4] -> 0xAA23
mem[X,0x80016EE6] -> 0x3A20
[2444] [M]: 0x80016EE4 (0x3A20AA23) sw sp, 948(ra)
mem[0x8003951C] <- 0x00000002


mem[X,0x80016EE8] -> 0xB537
mem[X,0x80016EEA] -> 0x0000
[2445] [M]: 0x80016EE8 (0x0000B537) lui a0, 11
x10 <- 0x0000B000


mem[X,0x80016EEC] -> 0x0513
mem[X,0x80016EEE] -> 0x5045
[2446] [M]: 0x80016EEC (0x50450513) addi a0, a0, 1284
x10 <- 0x0000B504


mem[X,0x80016EF0] -> 0x0593
mem[X,0x80016EF2] -> 0x0040
[2447] [M]: 0x80016EF0 (0x00400593) addi a1, zero, 4
x11 <- 0x00000004


mem[X,0x80016EF4] -> 0x0113
mem[X,0x80016EF6] -> 0x0000
[2448] [M]: 0x80016EF4 (0x00000113) addi sp, zero, 0
x2 <- 0x00000000


mem[X,0x80016EF8] -> 0x006F
mem[X,0x80016EFA] -> 0x00C0
[2449] [M]: 0x80016EF8 (0x00C0006F) jal zero, 12


mem[X,0x80016F04] -> 0x4663
mem[X,0x80016F06] -> 0x00B5
[2450] [M]: 0x80016F04 (0x00B54663) blt a0, a1, 12


mem[X,0x80016F08] -> 0x0113
mem[X,0x80016F0A] -> 0x0021
[2451] [M]: 0x80016F08 (0x00210113) addi sp, sp, 2
x2 <- 0x00000002


mem[X,0x80016F0C] -> 0x006F
mem[X,0x80016F0E] -> 0x00C0
[2452] [M]: 0x80016F0C (0x00C0006F) jal zero, 12


mem[X,0x80016F18] -> 0xAC23
mem[X,0x80016F1A] -> 0x3A20
[2453] [M]: 0x80016F18 (0x3A20AC23) sw sp, 952(ra)
mem[0x80039520] <- 0x00000002


mem[X,0x80016F1C] -> 0xB537
mem[X,0x80016F1E] -> 0x0000
[2454] [M]: 0x80016F1C (0x0000B537) lui a0, 11
x10 <- 0x0000B000


mem[X,0x80016F20] -> 0x0513
mem[X,0x80016F22] -> 0x5045
[2455] [M]: 0x80016F20 (0x50450513) addi a0, a0, 1284
x10 <- 0x0000B504


mem[X,0x80016F24] -> 0x35B7
mem[X,0x80016F26] -> 0x3333
[2456] [M]: 0x80016F24 (0x333335B7) lui a1, 209715
x11 <- 0x33333000


mem[X,0x80016F28] -> 0x8593
mem[X,0x80016F2A] -> 0x3325
[2457] [M]: 0x80016F28 (0x33258593) addi a1, a1, 818
x11 <- 0x33333332


mem[X,0x80016F2C] -> 0x0113
mem[X,0x80016F2E] -> 0x0000
[2458] [M]: 0x80016F2C (0x00000113) addi sp, zero, 0
x2 <- 0x00000000


mem[X,0x80016F30] -> 0x006F
mem[X,0x80016F32] -> 0x0180
[2459] [M]: 0x80016F30 (0x0180006F) jal zero, 24


mem[X,0x80016F48] -> 0x46E3
mem[X,0x80016F4A] -> 0xFEB5
[2460] [M]: 0x80016F48 (0xFEB546E3) blt a0, a1, 8172


mem[X,0x80016F34] -> 0x0113
mem[X,0x80016F36] -> 0x0011
[2461] [M]: 0x80016F34 (0x00110113) addi sp, sp, 1
x2 <- 0x00000001


mem[X,0x80016F38] -> 0x006F
mem[X,0x80016F3A] -> 0x0240
[2462] [M]: 0x80016F38 (0x0240006F) jal zero, 36


mem[X,0x80016F5C] -> 0xAE23
mem[X,0x80016F5E] -> 0x3A20
[2463] [M]: 0x80016F5C (0x3A20AE23) sw sp, 956(ra)
mem[0x80039524] <- 0x00000001


mem[X,0x80016F60] -> 0xB537
mem[X,0x80016F62] -> 0x0000
[2464] [M]: 0x80016F60 (0x0000B537) lui a0, 11
x10 <- 0x0000B000


mem[X,0x80016F64] -> 0x0513
mem[X,0x80016F66] -> 0x5045
[2465] [M]: 0x80016F64 (0x50450513) addi a0, a0, 1284
x10 <- 0x0000B504


mem[X,0x80016F68] -> 0x65B7
mem[X,0x80016F6A] -> 0x6666
[2466] [M]: 0x80016F68 (0x666665B7) lui a1, 419430
x11 <- 0x66666000


mem[X,0x80016F6C] -> 0x8593
mem[X,0x80016F6E] -> 0x6655
[2467] [M]: 0x80016F6C (0x66558593) addi a1, a1, 1637
x11 <- 0x66666665


mem[X,0x80016F70] -> 0x0113
mem[X,0x80016F72] -> 0x0000
[2468] [M]: 0x80016F70 (0x00000113) addi sp, zero, 0
x2 <- 0x00000000


mem[X,0x80016F74] -> 0x006F
mem[X,0x80016F76] -> 0x00C0
[2469] [M]: 0x80016F74 (0x00C0006F) jal zero, 12


mem[X,0x80016F80] -> 0x4CE3
mem[X,0x80016F82] -> 0xFEB5
[2470] [M]: 0x80016F80 (0xFEB54CE3) blt a0, a1, 8184


mem[X,0x80016F78] -> 0x0113
mem[X,0x80016F7A] -> 0x0011
[2471] [M]: 0x80016F78 (0x00110113) addi sp, sp, 1
x2 <- 0x00000001


mem[X,0x80016F7C] -> 0x006F
mem[X,0x80016F7E] -> 0x0180
[2472] [M]: 0x80016F7C (0x0180006F) jal zero, 24


mem[X,0x80016F94] -> 0xA023
mem[X,0x80016F96] -> 0x3C20
[2473] [M]: 0x80016F94 (0x3C20A023) sw sp, 960(ra)
mem[0x80039528] <- 0x00000001


mem[X,0x80016F98] -> 0xB537
mem[X,0x80016F9A] -> 0x0000
[2474] [M]: 0x80016F98 (0x0000B537) lui a0, 11
x10 <- 0x0000B000


mem[X,0x80016F9C] -> 0x0513
mem[X,0x80016F9E] -> 0x5045
[2475] [M]: 0x80016F9C (0x50450513) addi a0, a0, 1284
x10 <- 0x0000B504


mem[X,0x80016FA0] -> 0xB5B7
mem[X,0x80016FA2] -> 0x0000
[2476] [M]: 0x80016FA0 (0x0000B5B7) lui a1, 11
x11 <- 0x0000B000


mem[X,0x80016FA4] -> 0x8593
mem[X,0x80016FA6] -> 0x5035
[2477] [M]: 0x80016FA4 (0x50358593) addi a1, a1, 1283
x11 <- 0x0000B503


mem[X,0x80016FA8] -> 0x0113
mem[X,0x80016FAA] -> 0x0000
[2478] [M]: 0x80016FA8 (0x00000113) addi sp, zero, 0
x2 <- 0x00000000


mem[X,0x80016FAC] -> 0x006F
mem[X,0x80016FAE] -> 0x00C0
[2479] [M]: 0x80016FAC (0x00C0006F) jal zero, 12


mem[X,0x80016FB8] -> 0x4063
mem[X,0x80016FBA] -> 0x02B5
[2480] [M]: 0x80016FB8 (0x02B54063) blt a0, a1, 32


mem[X,0x80016FBC] -> 0x0113
mem[X,0x80016FBE] -> 0x0021
[2481] [M]: 0x80016FBC (0x00210113) addi sp, sp, 2
x2 <- 0x00000002


mem[X,0x80016FC0] -> 0x006F
mem[X,0x80016FC2] -> 0x0200
[2482] [M]: 0x80016FC0 (0x0200006F) jal zero, 32


mem[X,0x80016FE0] -> 0xA223
mem[X,0x80016FE2] -> 0x3C20
[2483] [M]: 0x80016FE0 (0x3C20A223) sw sp, 964(ra)
mem[0x8003952C] <- 0x00000002


mem[X,0x80016FE4] -> 0xB537
mem[X,0x80016FE6] -> 0x0000
[2484] [M]: 0x80016FE4 (0x0000B537) lui a0, 11
x10 <- 0x0000B000


mem[X,0x80016FE8] -> 0x0513
mem[X,0x80016FEA] -> 0x5045
[2485] [M]: 0x80016FE8 (0x50450513) addi a0, a0, 1284
x10 <- 0x0000B504


mem[X,0x80016FEC] -> 0x55B7
mem[X,0x80016FEE] -> 0x5555
[2486] [M]: 0x80016FEC (0x555555B7) lui a1, 349525
x11 <- 0x55555000


mem[X,0x80016FF0] -> 0x8593
mem[X,0x80016FF2] -> 0x5565
[2487] [M]: 0x80016FF0 (0x55658593) addi a1, a1, 1366
x11 <- 0x55555556


mem[X,0x80016FF4] -> 0x0113
mem[X,0x80016FF6] -> 0x0000
[2488] [M]: 0x80016FF4 (0x00000113) addi sp, zero, 0
x2 <- 0x00000000


mem[X,0x80016FF8] -> 0x006F
mem[X,0x80016FFA] -> 0x0050
[2489] [M]: 0x80016FF8 (0x0050006F) jal zero, 2052


mem[X,0x800177FC] -> 0x40E3
mem[X,0x800177FE] -> 0x80B5
[2490] [M]: 0x800177FC (0x80B540E3) blt a0, a1, 6144


mem[X,0x80016FFC] -> 0x0113
mem[X,0x80016FFE] -> 0x0011
[2491] [M]: 0x80016FFC (0x00110113) addi sp, sp, 1
x2 <- 0x00000001


mem[X,0x80017000] -> 0x006F
mem[X,0x80017002] -> 0x0110
[2492] [M]: 0x80017000 (0x0110006F) jal zero, 2064


mem[X,0x80017810] -> 0xA423
mem[X,0x80017812] -> 0x3C20
[2493] [M]: 0x80017810 (0x3C20A423) sw sp, 968(ra)
mem[0x80039530] <- 0x00000001


mem[X,0x80017814] -> 0xB537
mem[X,0x80017816] -> 0x0000
[2494] [M]: 0x80017814 (0x0000B537) lui a0, 11
x10 <- 0x0000B000


mem[X,0x80017818] -> 0x0513
mem[X,0x8001781A] -> 0x5045
[2495] [M]: 0x80017818 (0x50450513) addi a0, a0, 1284
x10 <- 0x0000B504


mem[X,0x8001781C] -> 0xB5B7
mem[X,0x8001781E] -> 0xAAAA
[2496] [M]: 0x8001781C (0xAAAAB5B7) lui a1, 699051
x11 <- 0xAAAAB000


mem[X,0x80017820] -> 0x8593
mem[X,0x80017822] -> 0xAAB5
[2497] [M]: 0x80017820 (0xAAB58593) addi a1, a1, 2731
x11 <- 0xAAAAAAAB


mem[X,0x80017824] -> 0x0113
mem[X,0x80017826] -> 0x0000
[2498] [M]: 0x80017824 (0x00000113) addi sp, zero, 0
x2 <- 0x00000000


mem[X,0x80017828] -> 0x006F
mem[X,0x8001782A] -> 0x00C0
[2499] [M]: 0x80017828 (0x00C0006F) jal zero, 12


clint::tick mtime <- 0x0000000000000019
 clint timer pending at mtime 0x0000000000000019
htif::tick 0x0000000000000000
mem[X,0x80017834] -> 0x4063
mem[X,0x80017836] -> 0x20B5
[2500] [M]: 0x80017834 (0x20B54063) blt a0, a1, 512


mem[X,0x80017838] -> 0x0113
mem[X,0x8001783A] -> 0x0021
[2501] [M]: 0x80017838 (0x00210113) addi sp, sp, 2
x2 <- 0x00000002


mem[X,0x8001783C] -> 0x006F
mem[X,0x8001783E] -> 0x2000
[2502] [M]: 0x8001783C (0x2000006F) jal zero, 512


mem[X,0x80017A3C] -> 0xA623
mem[X,0x80017A3E] -> 0x3C20
[2503] [M]: 0x80017A3C (0x3C20A623) sw sp, 972(ra)
mem[0x80039534] <- 0x00000002


mem[X,0x80017A40] -> 0xB537
mem[X,0x80017A42] -> 0x0000
[2504] [M]: 0x80017A40 (0x0000B537) lui a0, 11
x10 <- 0x0000B000


mem[X,0x80017A44] -> 0x0513
mem[X,0x80017A46] -> 0x5045
[2505] [M]: 0x80017A44 (0x50450513) addi a0, a0, 1284
x10 <- 0x0000B504


mem[X,0x80017A48] -> 0x0593
mem[X,0x80017A4A] -> 0x0060
[2506] [M]: 0x80017A48 (0x00600593) addi a1, zero, 6
x11 <- 0x00000006


mem[X,0x80017A4C] -> 0x0113
mem[X,0x80017A4E] -> 0x0000
[2507] [M]: 0x80017A4C (0x00000113) addi sp, zero, 0
x2 <- 0x00000000


mem[X,0x80017A50] -> 0x006F
mem[X,0x80017A52] -> 0x00C0
[2508] [M]: 0x80017A50 (0x00C0006F) jal zero, 12


mem[X,0x80017A5C] -> 0x4063
mem[X,0x80017A5E] -> 0x04B5
[2509] [M]: 0x80017A5C (0x04B54063) blt a0, a1, 64


mem[X,0x80017A60] -> 0x0113
mem[X,0x80017A62] -> 0x0021
[2510] [M]: 0x80017A60 (0x00210113) addi sp, sp, 2
x2 <- 0x00000002


mem[X,0x80017A64] -> 0x006F
mem[X,0x80017A66] -> 0x0400
[2511] [M]: 0x80017A64 (0x0400006F) jal zero, 64


mem[X,0x80017AA4] -> 0xA823
mem[X,0x80017AA6] -> 0x3C20
[2512] [M]: 0x80017AA4 (0x3C20A823) sw sp, 976(ra)
mem[0x80039538] <- 0x00000002


mem[X,0x80017AA8] -> 0xB537
mem[X,0x80017AAA] -> 0x0000
[2513] [M]: 0x80017AA8 (0x0000B537) lui a0, 11
x10 <- 0x0000B000


mem[X,0x80017AAC] -> 0x0513
mem[X,0x80017AAE] -> 0x5045
[2514] [M]: 0x80017AAC (0x50450513) addi a0, a0, 1284
x10 <- 0x0000B504


mem[X,0x80017AB0] -> 0x35B7
mem[X,0x80017AB2] -> 0x3333
[2515] [M]: 0x80017AB0 (0x333335B7) lui a1, 209715
x11 <- 0x33333000


mem[X,0x80017AB4] -> 0x8593
mem[X,0x80017AB6] -> 0x3345
[2516] [M]: 0x80017AB4 (0x33458593) addi a1, a1, 820
x11 <- 0x33333334


mem[X,0x80017AB8] -> 0x0113
mem[X,0x80017ABA] -> 0x0000
[2517] [M]: 0x80017AB8 (0x00000113) addi sp, zero, 0
x2 <- 0x00000000


mem[X,0x80017ABC] -> 0x006F
mem[X,0x80017ABE] -> 0x00C0
[2518] [M]: 0x80017ABC (0x00C0006F) jal zero, 12


mem[X,0x80017AC8] -> 0x4863
mem[X,0x80017ACA] -> 0x00B5
[2519] [M]: 0x80017AC8 (0x00B54863) blt a0, a1, 16


mem[X,0x80017AD8] -> 0x0113
mem[X,0x80017ADA] -> 0x0031
[2520] [M]: 0x80017AD8 (0x00310113) addi sp, sp, 3
x2 <- 0x00000003


mem[X,0x80017ADC] -> 0x006F
mem[X,0x80017ADE] -> 0x0040
[2521] [M]: 0x80017ADC (0x0040006F) jal zero, 4


mem[X,0x80017AE0] -> 0xAA23
mem[X,0x80017AE2] -> 0x3C20
[2522] [M]: 0x80017AE0 (0x3C20AA23) sw sp, 980(ra)
mem[0x8003953C] <- 0x00000003


mem[X,0x80017AE4] -> 0xB537
mem[X,0x80017AE6] -> 0x0000
[2523] [M]: 0x80017AE4 (0x0000B537) lui a0, 11
x10 <- 0x0000B000


mem[X,0x80017AE8] -> 0x0513
mem[X,0x80017AEA] -> 0x5045
[2524] [M]: 0x80017AE8 (0x50450513) addi a0, a0, 1284
x10 <- 0x0000B504


mem[X,0x80017AEC] -> 0x65B7
mem[X,0x80017AEE] -> 0x6666
[2525] [M]: 0x80017AEC (0x666665B7) lui a1, 419430
x11 <- 0x66666000


mem[X,0x80017AF0] -> 0x8593
mem[X,0x80017AF2] -> 0x6675
[2526] [M]: 0x80017AF0 (0x66758593) addi a1, a1, 1639
x11 <- 0x66666667


mem[X,0x80017AF4] -> 0x0113
mem[X,0x80017AF6] -> 0x0000
[2527] [M]: 0x80017AF4 (0x00000113) addi sp, zero, 0
x2 <- 0x00000000


mem[X,0x80017AF8] -> 0x006F
mem[X,0x80017AFA] -> 0x00C0
[2528] [M]: 0x80017AF8 (0x00C0006F) jal zero, 12


mem[X,0x80017B04] -> 0x4863
mem[X,0x80017B06] -> 0x00B5
[2529] [M]: 0x80017B04 (0x00B54863) blt a0, a1, 16


mem[X,0x80017B14] -> 0x0113
mem[X,0x80017B16] -> 0x0031
[2530] [M]: 0x80017B14 (0x00310113) addi sp, sp, 3
x2 <- 0x00000003


mem[X,0x80017B18] -> 0x006F
mem[X,0x80017B1A] -> 0x0040
[2531] [M]: 0x80017B18 (0x0040006F) jal zero, 4


mem[X,0x80017B1C] -> 0xAC23
mem[X,0x80017B1E] -> 0x3C20
[2532] [M]: 0x80017B1C (0x3C20AC23) sw sp, 984(ra)
mem[0x80039540] <- 0x00000003


mem[X,0x80017B20] -> 0xB537
mem[X,0x80017B22] -> 0x0000
[2533] [M]: 0x80017B20 (0x0000B537) lui a0, 11
x10 <- 0x0000B000


mem[X,0x80017B24] -> 0x0513
mem[X,0x80017B26] -> 0x5045
[2534] [M]: 0x80017B24 (0x50450513) addi a0, a0, 1284
x10 <- 0x0000B504


mem[X,0x80017B28] -> 0x55B7
mem[X,0x80017B2A] -> 0xFFFF
[2535] [M]: 0x80017B28 (0xFFFF55B7) lui a1, 1048565
x11 <- 0xFFFF5000


mem[X,0x80017B2C] -> 0x8593
mem[X,0x80017B2E] -> 0xAFD5
[2536] [M]: 0x80017B2C (0xAFD58593) addi a1, a1, 2813
x11 <- 0xFFFF4AFD


mem[X,0x80017B30] -> 0x0113
mem[X,0x80017B32] -> 0x0000
[2537] [M]: 0x80017B30 (0x00000113) addi sp, zero, 0
x2 <- 0x00000000


mem[X,0x80017B34] -> 0x006F
mem[X,0x80017B36] -> 0x0100
[2538] [M]: 0x80017B34 (0x0100006F) jal zero, 16


mem[X,0x80017B44] -> 0x4AE3
mem[X,0x80017B46] -> 0xFEB5
[2539] [M]: 0x80017B44 (0xFEB54AE3) blt a0, a1, 8180


mem[X,0x80017B48] -> 0x0113
mem[X,0x80017B4A] -> 0x0021
[2540] [M]: 0x80017B48 (0x00210113) addi sp, sp, 2
x2 <- 0x00000002


mem[X,0x80017B4C] -> 0x006F
mem[X,0x80017B4E] -> 0x00C0
[2541] [M]: 0x80017B4C (0x00C0006F) jal zero, 12


mem[X,0x80017B58] -> 0xAE23
mem[X,0x80017B5A] -> 0x3C20
[2542] [M]: 0x80017B58 (0x3C20AE23) sw sp, 988(ra)
mem[0x80039544] <- 0x00000002


mem[X,0x80017B5C] -> 0xB537
mem[X,0x80017B5E] -> 0x0000
[2543] [M]: 0x80017B5C (0x0000B537) lui a0, 11
x10 <- 0x0000B000


mem[X,0x80017B60] -> 0x0513
mem[X,0x80017B62] -> 0x5045
[2544] [M]: 0x80017B60 (0x50450513) addi a0, a0, 1284
x10 <- 0x0000B504


mem[X,0x80017B64] -> 0xB5B7
mem[X,0x80017B66] -> 0x0000
[2545] [M]: 0x80017B64 (0x0000B5B7) lui a1, 11
x11 <- 0x0000B000


mem[X,0x80017B68] -> 0x8593
mem[X,0x80017B6A] -> 0x5055
[2546] [M]: 0x80017B68 (0x50558593) addi a1, a1, 1285
x11 <- 0x0000B505


mem[X,0x80017B6C] -> 0x0113
mem[X,0x80017B6E] -> 0x0000
[2547] [M]: 0x80017B6C (0x00000113) addi sp, zero, 0
x2 <- 0x00000000


mem[X,0x80017B70] -> 0x006F
mem[X,0x80017B72] -> 0x0180
[2548] [M]: 0x80017B70 (0x0180006F) jal zero, 24


mem[X,0x80017B88] -> 0x46E3
mem[X,0x80017B8A] -> 0xFEB5
[2549] [M]: 0x80017B88 (0xFEB546E3) blt a0, a1, 8172


mem[X,0x80017B74] -> 0x0113
mem[X,0x80017B76] -> 0x0011
[2550] [M]: 0x80017B74 (0x00110113) addi sp, sp, 1
x2 <- 0x00000001


mem[X,0x80017B78] -> 0x006F
mem[X,0x80017B7A] -> 0x0240
[2551] [M]: 0x80017B78 (0x0240006F) jal zero, 36


mem[X,0x80017B9C] -> 0xA023
mem[X,0x80017B9E] -> 0x3E20
[2552] [M]: 0x80017B9C (0x3E20A023) sw sp, 992(ra)
mem[0x80039548] <- 0x00000001


mem[X,0x80017BA0] -> 0x0513
mem[X,0x80017BA2] -> 0x0020
[2553] [M]: 0x80017BA0 (0x00200513) addi a0, zero, 2
x10 <- 0x00000002


mem[X,0x80017BA4] -> 0x0593
mem[X,0x80017BA6] -> 0x0030
[2554] [M]: 0x80017BA4 (0x00300593) addi a1, zero, 3
x11 <- 0x00000003


mem[X,0x80017BA8] -> 0x0113
mem[X,0x80017BAA] -> 0x0000
[2555] [M]: 0x80017BA8 (0x00000113) addi sp, zero, 0
x2 <- 0x00000000


mem[X,0x80017BAC] -> 0x006F
mem[X,0x80017BAE] -> 0x0140
[2556] [M]: 0x80017BAC (0x0140006F) jal zero, 20


mem[X,0x80017BC0] -> 0x48E3
mem[X,0x80017BC2] -> 0xFEB5
[2557] [M]: 0x80017BC0 (0xFEB548E3) blt a0, a1, 8176


mem[X,0x80017BB0] -> 0x0113
mem[X,0x80017BB2] -> 0x0011
[2558] [M]: 0x80017BB0 (0x00110113) addi sp, sp, 1
x2 <- 0x00000001


mem[X,0x80017BB4] -> 0x006F
mem[X,0x80017BB6] -> 0x0200
[2559] [M]: 0x80017BB4 (0x0200006F) jal zero, 32


mem[X,0x80017BD4] -> 0xA223
mem[X,0x80017BD6] -> 0x3E20
[2560] [M]: 0x80017BD4 (0x3E20A223) sw sp, 996(ra)
mem[0x8003954C] <- 0x00000001


mem[X,0x80017BD8] -> 0x0513
mem[X,0x80017BDA] -> 0x0020
[2561] [M]: 0x80017BD8 (0x00200513) addi a0, zero, 2
x10 <- 0x00000002


mem[X,0x80017BDC] -> 0x55B7
mem[X,0x80017BDE] -> 0x5555
[2562] [M]: 0x80017BDC (0x555555B7) lui a1, 349525
x11 <- 0x55555000


mem[X,0x80017BE0] -> 0x8593
mem[X,0x80017BE2] -> 0x5555
[2563] [M]: 0x80017BE0 (0x55558593) addi a1, a1, 1365
x11 <- 0x55555555


mem[X,0x80017BE4] -> 0x0113
mem[X,0x80017BE6] -> 0x0000
[2564] [M]: 0x80017BE4 (0x00000113) addi sp, zero, 0
x2 <- 0x00000000


mem[X,0x80017BE8] -> 0x006F
mem[X,0x80017BEA] -> 0x00C0
[2565] [M]: 0x80017BE8 (0x00C0006F) jal zero, 12


mem[X,0x80017BF4] -> 0x4063
mem[X,0x80017BF6] -> 0x10B5
[2566] [M]: 0x80017BF4 (0x10B54063) blt a0, a1, 256


mem[X,0x80017CF4] -> 0x0113
mem[X,0x80017CF6] -> 0x0031
[2567] [M]: 0x80017CF4 (0x00310113) addi sp, sp, 3
x2 <- 0x00000003


mem[X,0x80017CF8] -> 0x006F
mem[X,0x80017CFA] -> 0x0040
[2568] [M]: 0x80017CF8 (0x0040006F) jal zero, 4


mem[X,0x80017CFC] -> 0xA423
mem[X,0x80017CFE] -> 0x3E20
[2569] [M]: 0x80017CFC (0x3E20A423) sw sp, 1000(ra)
mem[0x80039550] <- 0x00000003


mem[X,0x80017D00] -> 0x0513
mem[X,0x80017D02] -> 0x0020
[2570] [M]: 0x80017D00 (0x00200513) addi a0, zero, 2
x10 <- 0x00000002


mem[X,0x80017D04] -> 0xB5B7
mem[X,0x80017D06] -> 0xAAAA
[2571] [M]: 0x80017D04 (0xAAAAB5B7) lui a1, 699051
x11 <- 0xAAAAB000


mem[X,0x80017D08] -> 0x8593
mem[X,0x80017D0A] -> 0xAAA5
[2572] [M]: 0x80017D08 (0xAAA58593) addi a1, a1, 2730
x11 <- 0xAAAAAAAA


mem[X,0x80017D0C] -> 0x0113
mem[X,0x80017D0E] -> 0x0000
[2573] [M]: 0x80017D0C (0x00000113) addi sp, zero, 0
x2 <- 0x00000000


mem[X,0x80017D10] -> 0x006F
mem[X,0x80017D12] -> 0x00C0
[2574] [M]: 0x80017D10 (0x00C0006F) jal zero, 12


mem[X,0x80017D1C] -> 0x4863
mem[X,0x80017D1E] -> 0x00B5
[2575] [M]: 0x80017D1C (0x00B54863) blt a0, a1, 16


mem[X,0x80017D20] -> 0x0113
mem[X,0x80017D22] -> 0x0021
[2576] [M]: 0x80017D20 (0x00210113) addi sp, sp, 2
x2 <- 0x00000002


mem[X,0x80017D24] -> 0x006F
mem[X,0x80017D26] -> 0x0100
[2577] [M]: 0x80017D24 (0x0100006F) jal zero, 16


mem[X,0x80017D34] -> 0xA623
mem[X,0x80017D36] -> 0x3E20
[2578] [M]: 0x80017D34 (0x3E20A623) sw sp, 1004(ra)
mem[0x80039554] <- 0x00000002


mem[X,0x80017D38] -> 0x0513
mem[X,0x80017D3A] -> 0x0020
[2579] [M]: 0x80017D38 (0x00200513) addi a0, zero, 2
x10 <- 0x00000002


mem[X,0x80017D3C] -> 0x0593
mem[X,0x80017D3E] -> 0x0050
[2580] [M]: 0x80017D3C (0x00500593) addi a1, zero, 5
x11 <- 0x00000005


mem[X,0x80017D40] -> 0x0113
mem[X,0x80017D42] -> 0x0000
[2581] [M]: 0x80017D40 (0x00000113) addi sp, zero, 0
x2 <- 0x00000000


mem[X,0x80017D44] -> 0x006F
mem[X,0x80017D46] -> 0x00C0
[2582] [M]: 0x80017D44 (0x00C0006F) jal zero, 12


mem[X,0x80017D50] -> 0x4063
mem[X,0x80017D52] -> 0x04B5
[2583] [M]: 0x80017D50 (0x04B54063) blt a0, a1, 64


mem[X,0x80017D90] -> 0x0113
mem[X,0x80017D92] -> 0x0031
[2584] [M]: 0x80017D90 (0x00310113) addi sp, sp, 3
x2 <- 0x00000003


mem[X,0x80017D94] -> 0x006F
mem[X,0x80017D96] -> 0x0040
[2585] [M]: 0x80017D94 (0x0040006F) jal zero, 4


mem[X,0x80017D98] -> 0xA823
mem[X,0x80017D9A] -> 0x3E20
[2586] [M]: 0x80017D98 (0x3E20A823) sw sp, 1008(ra)
mem[0x80039558] <- 0x00000003


mem[X,0x80017D9C] -> 0x0513
mem[X,0x80017D9E] -> 0x0020
[2587] [M]: 0x80017D9C (0x00200513) addi a0, zero, 2
x10 <- 0x00000002


mem[X,0x80017DA0] -> 0x35B7
mem[X,0x80017DA2] -> 0x3333
[2588] [M]: 0x80017DA0 (0x333335B7) lui a1, 209715
x11 <- 0x33333000


mem[X,0x80017DA4] -> 0x8593
mem[X,0x80017DA6] -> 0x3335
[2589] [M]: 0x80017DA4 (0x33358593) addi a1, a1, 819
x11 <- 0x33333333


mem[X,0x80017DA8] -> 0x0113
mem[X,0x80017DAA] -> 0x0000
[2590] [M]: 0x80017DA8 (0x00000113) addi sp, zero, 0
x2 <- 0x00000000


mem[X,0x80017DAC] -> 0x006F
mem[X,0x80017DAE] -> 0x00C0
[2591] [M]: 0x80017DAC (0x00C0006F) jal zero, 12


mem[X,0x80017DB8] -> 0x4CE3
mem[X,0x80017DBA] -> 0xFEB5
[2592] [M]: 0x80017DB8 (0xFEB54CE3) blt a0, a1, 8184


mem[X,0x80017DB0] -> 0x0113
mem[X,0x80017DB2] -> 0x0011
[2593] [M]: 0x80017DB0 (0x00110113) addi sp, sp, 1
x2 <- 0x00000001


mem[X,0x80017DB4] -> 0x006F
mem[X,0x80017DB6] -> 0x0180
[2594] [M]: 0x80017DB4 (0x0180006F) jal zero, 24


mem[X,0x80017DCC] -> 0xAA23
mem[X,0x80017DCE] -> 0x3E20
[2595] [M]: 0x80017DCC (0x3E20AA23) sw sp, 1012(ra)
mem[0x8003955C] <- 0x00000001


mem[X,0x80017DD0] -> 0x0513
mem[X,0x80017DD2] -> 0x0020
[2596] [M]: 0x80017DD0 (0x00200513) addi a0, zero, 2
x10 <- 0x00000002


mem[X,0x80017DD4] -> 0x65B7
mem[X,0x80017DD6] -> 0x6666
[2597] [M]: 0x80017DD4 (0x666665B7) lui a1, 419430
x11 <- 0x66666000


mem[X,0x80017DD8] -> 0x8593
mem[X,0x80017DDA] -> 0x6665
[2598] [M]: 0x80017DD8 (0x66658593) addi a1, a1, 1638
x11 <- 0x66666666


mem[X,0x80017DDC] -> 0x0113
mem[X,0x80017DDE] -> 0x0000
[2599] [M]: 0x80017DDC (0x00000113) addi sp, zero, 0
x2 <- 0x00000000


clint::tick mtime <- 0x000000000000001A
 clint timer pending at mtime 0x000000000000001A
htif::tick 0x0000000000000000
mem[X,0x80017DE0] -> 0x006F
mem[X,0x80017DE2] -> 0x00C0
[2600] [M]: 0x80017DE0 (0x00C0006F) jal zero, 12


mem[X,0x80017DEC] -> 0x4CE3
mem[X,0x80017DEE] -> 0xFEB5
[2601] [M]: 0x80017DEC (0xFEB54CE3) blt a0, a1, 8184


mem[X,0x80017DE4] -> 0x0113
mem[X,0x80017DE6] -> 0x0011
[2602] [M]: 0x80017DE4 (0x00110113) addi sp, sp, 1
x2 <- 0x00000001


mem[X,0x80017DE8] -> 0x006F
mem[X,0x80017DEA] -> 0x0180
[2603] [M]: 0x80017DE8 (0x0180006F) jal zero, 24


mem[X,0x80017E00] -> 0xAC23
mem[X,0x80017E02] -> 0x3E20
[2604] [M]: 0x80017E00 (0x3E20AC23) sw sp, 1016(ra)
mem[0x80039560] <- 0x00000001


mem[X,0x80017E04] -> 0x0513
mem[X,0x80017E06] -> 0x0020
[2605] [M]: 0x80017E04 (0x00200513) addi a0, zero, 2
x10 <- 0x00000002


mem[X,0x80017E08] -> 0x55B7
mem[X,0x80017E0A] -> 0xFFFF
[2606] [M]: 0x80017E08 (0xFFFF55B7) lui a1, 1048565
x11 <- 0xFFFF5000


mem[X,0x80017E0C] -> 0x8593
mem[X,0x80017E0E] -> 0xAFC5
[2607] [M]: 0x80017E0C (0xAFC58593) addi a1, a1, 2812
x11 <- 0xFFFF4AFC


mem[X,0x80017E10] -> 0x0113
mem[X,0x80017E12] -> 0x0000
[2608] [M]: 0x80017E10 (0x00000113) addi sp, zero, 0
x2 <- 0x00000000


mem[X,0x80017E14] -> 0x006F
mem[X,0x80017E16] -> 0x00C0
[2609] [M]: 0x80017E14 (0x00C0006F) jal zero, 12


mem[X,0x80017E20] -> 0x4663
mem[X,0x80017E22] -> 0x00B5
[2610] [M]: 0x80017E20 (0x00B54663) blt a0, a1, 12


mem[X,0x80017E24] -> 0x0113
mem[X,0x80017E26] -> 0x0021
[2611] [M]: 0x80017E24 (0x00210113) addi sp, sp, 2
x2 <- 0x00000002


mem[X,0x80017E28] -> 0x006F
mem[X,0x80017E2A] -> 0x00C0
[2612] [M]: 0x80017E28 (0x00C0006F) jal zero, 12


mem[X,0x80017E34] -> 0xAE23
mem[X,0x80017E36] -> 0x3E20
[2613] [M]: 0x80017E34 (0x3E20AE23) sw sp, 1020(ra)
mem[0x80039564] <- 0x00000002


mem[X,0x80017E38] -> 0x0513
mem[X,0x80017E3A] -> 0x0020
[2614] [M]: 0x80017E38 (0x00200513) addi a0, zero, 2
x10 <- 0x00000002


mem[X,0x80017E3C] -> 0xB5B7
mem[X,0x80017E3E] -> 0x0000
[2615] [M]: 0x80017E3C (0x0000B5B7) lui a1, 11
x11 <- 0x0000B000


mem[X,0x80017E40] -> 0x8593
mem[X,0x80017E42] -> 0x5045
[2616] [M]: 0x80017E40 (0x50458593) addi a1, a1, 1284
x11 <- 0x0000B504


mem[X,0x80017E44] -> 0x0113
mem[X,0x80017E46] -> 0x0000
[2617] [M]: 0x80017E44 (0x00000113) addi sp, zero, 0
x2 <- 0x00000000


mem[X,0x80017E48] -> 0x006F
mem[X,0x80017E4A] -> 0x00C0
[2618] [M]: 0x80017E48 (0x00C0006F) jal zero, 12


mem[X,0x80017E54] -> 0x4CE3
mem[X,0x80017E56] -> 0xFEB5
[2619] [M]: 0x80017E54 (0xFEB54CE3) blt a0, a1, 8184


mem[X,0x80017E4C] -> 0x0113
mem[X,0x80017E4E] -> 0x0011
[2620] [M]: 0x80017E4C (0x00110113) addi sp, sp, 1
x2 <- 0x00000001


mem[X,0x80017E50] -> 0x006F
mem[X,0x80017E52] -> 0x0180
[2621] [M]: 0x80017E50 (0x0180006F) jal zero, 24


mem[X,0x80017E68] -> 0xA023
mem[X,0x80017E6A] -> 0x4020
[2622] [M]: 0x80017E68 (0x4020A023) sw sp, 1024(ra)
mem[0x80039568] <- 0x00000001


mem[X,0x80017E6C] -> 0x0513
mem[X,0x80017E6E] -> 0x0020
[2623] [M]: 0x80017E6C (0x00200513) addi a0, zero, 2
x10 <- 0x00000002


mem[X,0x80017E70] -> 0x0593
mem[X,0x80017E72] -> 0x0020
[2624] [M]: 0x80017E70 (0x00200593) addi a1, zero, 2
x11 <- 0x00000002


mem[X,0x80017E74] -> 0x0113
mem[X,0x80017E76] -> 0x0000
[2625] [M]: 0x80017E74 (0x00000113) addi sp, zero, 0
x2 <- 0x00000000


mem[X,0x80017E78] -> 0x006F
mem[X,0x80017E7A] -> 0x0180
[2626] [M]: 0x80017E78 (0x0180006F) jal zero, 24


mem[X,0x80017E90] -> 0x46E3
mem[X,0x80017E92] -> 0xFEB5
[2627] [M]: 0x80017E90 (0xFEB546E3) blt a0, a1, 8172


mem[X,0x80017E94] -> 0x0113
mem[X,0x80017E96] -> 0x0021
[2628] [M]: 0x80017E94 (0x00210113) addi sp, sp, 2
x2 <- 0x00000002


mem[X,0x80017E98] -> 0x006F
mem[X,0x80017E9A] -> 0x00C0
[2629] [M]: 0x80017E98 (0x00C0006F) jal zero, 12


mem[X,0x80017EA4] -> 0xA223
mem[X,0x80017EA6] -> 0x4020
[2630] [M]: 0x80017EA4 (0x4020A223) sw sp, 1028(ra)
mem[0x8003956C] <- 0x00000002


mem[X,0x80017EA8] -> 0x0513
mem[X,0x80017EAA] -> 0x0020
[2631] [M]: 0x80017EA8 (0x00200513) addi a0, zero, 2
x10 <- 0x00000002


mem[X,0x80017EAC] -> 0x55B7
mem[X,0x80017EAE] -> 0x5555
[2632] [M]: 0x80017EAC (0x555555B7) lui a1, 349525
x11 <- 0x55555000


mem[X,0x80017EB0] -> 0x8593
mem[X,0x80017EB2] -> 0x5545
[2633] [M]: 0x80017EB0 (0x55458593) addi a1, a1, 1364
x11 <- 0x55555554


mem[X,0x80017EB4] -> 0x0113
mem[X,0x80017EB6] -> 0x0000
[2634] [M]: 0x80017EB4 (0x00000113) addi sp, zero, 0
x2 <- 0x00000000


mem[X,0x80017EB8] -> 0x006F
mem[X,0x80017EBA] -> 0x00C0
[2635] [M]: 0x80017EB8 (0x00C0006F) jal zero, 12


mem[X,0x80017EC4] -> 0x4663
mem[X,0x80017EC6] -> 0x00B5
[2636] [M]: 0x80017EC4 (0x00B54663) blt a0, a1, 12


mem[X,0x80017ED0] -> 0x0113
mem[X,0x80017ED2] -> 0x0031
[2637] [M]: 0x80017ED0 (0x00310113) addi sp, sp, 3
x2 <- 0x00000003


mem[X,0x80017ED4] -> 0x006F
mem[X,0x80017ED6] -> 0x0040
[2638] [M]: 0x80017ED4 (0x0040006F) jal zero, 4


mem[X,0x80017ED8] -> 0xA423
mem[X,0x80017EDA] -> 0x4020
[2639] [M]: 0x80017ED8 (0x4020A423) sw sp, 1032(ra)
mem[0x80039570] <- 0x00000003


mem[X,0x80017EDC] -> 0x0513
mem[X,0x80017EDE] -> 0x0020
[2640] [M]: 0x80017EDC (0x00200513) addi a0, zero, 2
x10 <- 0x00000002


mem[X,0x80017EE0] -> 0x0593
mem[X,0x80017EE2] -> 0x0000
[2641] [M]: 0x80017EE0 (0x00000593) addi a1, zero, 0
x11 <- 0x00000000


mem[X,0x80017EE4] -> 0x0113
mem[X,0x80017EE6] -> 0x0000
[2642] [M]: 0x80017EE4 (0x00000113) addi sp, zero, 0
x2 <- 0x00000000


mem[X,0x80017EE8] -> 0x006F
mem[X,0x80017EEA] -> 0x00C0
[2643] [M]: 0x80017EE8 (0x00C0006F) jal zero, 12


mem[X,0x80017EF4] -> 0x4663
mem[X,0x80017EF6] -> 0x00B5
[2644] [M]: 0x80017EF4 (0x00B54663) blt a0, a1, 12


mem[X,0x80017EF8] -> 0x0113
mem[X,0x80017EFA] -> 0x0021
[2645] [M]: 0x80017EF8 (0x00210113) addi sp, sp, 2
x2 <- 0x00000002


mem[X,0x80017EFC] -> 0x006F
mem[X,0x80017EFE] -> 0x00C0
[2646] [M]: 0x80017EFC (0x00C0006F) jal zero, 12


mem[X,0x80017F08] -> 0xA623
mem[X,0x80017F0A] -> 0x4020
[2647] [M]: 0x80017F08 (0x4020A623) sw sp, 1036(ra)
mem[0x80039574] <- 0x00000002


mem[X,0x80017F0C] -> 0x0513
mem[X,0x80017F0E] -> 0x0020
[2648] [M]: 0x80017F0C (0x00200513) addi a0, zero, 2
x10 <- 0x00000002


mem[X,0x80017F10] -> 0x0593
mem[X,0x80017F12] -> 0x0040
[2649] [M]: 0x80017F10 (0x00400593) addi a1, zero, 4
x11 <- 0x00000004


mem[X,0x80017F14] -> 0x0113
mem[X,0x80017F16] -> 0x0000
[2650] [M]: 0x80017F14 (0x00000113) addi sp, zero, 0
x2 <- 0x00000000


mem[X,0x80017F18] -> 0x006F
mem[X,0x80017F1A] -> 0x00C0
[2651] [M]: 0x80017F18 (0x00C0006F) jal zero, 12


mem[X,0x80017F24] -> 0x4CE3
mem[X,0x80017F26] -> 0xFEB5
[2652] [M]: 0x80017F24 (0xFEB54CE3) blt a0, a1, 8184


mem[X,0x80017F1C] -> 0x0113
mem[X,0x80017F1E] -> 0x0011
[2653] [M]: 0x80017F1C (0x00110113) addi sp, sp, 1
x2 <- 0x00000001


mem[X,0x80017F20] -> 0x006F
mem[X,0x80017F22] -> 0x0180
[2654] [M]: 0x80017F20 (0x0180006F) jal zero, 24


mem[X,0x80017F38] -> 0xA823
mem[X,0x80017F3A] -> 0x4020
[2655] [M]: 0x80017F38 (0x4020A823) sw sp, 1040(ra)
mem[0x80039578] <- 0x00000001


mem[X,0x80017F3C] -> 0x0513
mem[X,0x80017F3E] -> 0x0020
[2656] [M]: 0x80017F3C (0x00200513) addi a0, zero, 2
x10 <- 0x00000002


mem[X,0x80017F40] -> 0x35B7
mem[X,0x80017F42] -> 0x3333
[2657] [M]: 0x80017F40 (0x333335B7) lui a1, 209715
x11 <- 0x33333000


mem[X,0x80017F44] -> 0x8593
mem[X,0x80017F46] -> 0x3325
[2658] [M]: 0x80017F44 (0x33258593) addi a1, a1, 818
x11 <- 0x33333332


mem[X,0x80017F48] -> 0x0113
mem[X,0x80017F4A] -> 0x0000
[2659] [M]: 0x80017F48 (0x00000113) addi sp, zero, 0
x2 <- 0x00000000


mem[X,0x80017F4C] -> 0x006F
mem[X,0x80017F4E] -> 0x00C0
[2660] [M]: 0x80017F4C (0x00C0006F) jal zero, 12


mem[X,0x80017F58] -> 0x4663
mem[X,0x80017F5A] -> 0x00B5
[2661] [M]: 0x80017F58 (0x00B54663) blt a0, a1, 12


mem[X,0x80017F64] -> 0x0113
mem[X,0x80017F66] -> 0x0031
[2662] [M]: 0x80017F64 (0x00310113) addi sp, sp, 3
x2 <- 0x00000003


mem[X,0x80017F68] -> 0x006F
mem[X,0x80017F6A] -> 0x0040
[2663] [M]: 0x80017F68 (0x0040006F) jal zero, 4


mem[X,0x80017F6C] -> 0xAA23
mem[X,0x80017F6E] -> 0x4020
[2664] [M]: 0x80017F6C (0x4020AA23) sw sp, 1044(ra)
mem[0x8003957C] <- 0x00000003


mem[X,0x80017F70] -> 0x0513
mem[X,0x80017F72] -> 0x0020
[2665] [M]: 0x80017F70 (0x00200513) addi a0, zero, 2
x10 <- 0x00000002


mem[X,0x80017F74] -> 0x65B7
mem[X,0x80017F76] -> 0x6666
[2666] [M]: 0x80017F74 (0x666665B7) lui a1, 419430
x11 <- 0x66666000


mem[X,0x80017F78] -> 0x8593
mem[X,0x80017F7A] -> 0x6655
[2667] [M]: 0x80017F78 (0x66558593) addi a1, a1, 1637
x11 <- 0x66666665


mem[X,0x80017F7C] -> 0x0113
mem[X,0x80017F7E] -> 0x0000
[2668] [M]: 0x80017F7C (0x00000113) addi sp, zero, 0
x2 <- 0x00000000


mem[X,0x80017F80] -> 0x006F
mem[X,0x80017F82] -> 0x2B10
[2669] [M]: 0x80017F80 (0x2B10006F) jal zero, 2736


mem[X,0x80018A30] -> 0x4A63
mem[X,0x80018A32] -> 0xD4B5
[2670] [M]: 0x80018A30 (0xD4B54A63) blt a0, a1, 5460


mem[X,0x80017F84] -> 0x0113
mem[X,0x80017F86] -> 0x0011
[2671] [M]: 0x80017F84 (0x00110113) addi sp, sp, 1
x2 <- 0x00000001


mem[X,0x80017F88] -> 0x006F
mem[X,0x80017F8A] -> 0x2BD0
[2672] [M]: 0x80017F88 (0x2BD0006F) jal zero, 2748


mem[X,0x80018A44] -> 0xAC23
mem[X,0x80018A46] -> 0x4020
[2673] [M]: 0x80018A44 (0x4020AC23) sw sp, 1048(ra)
mem[0x80039580] <- 0x00000001


mem[X,0x80018A48] -> 0x0513
mem[X,0x80018A4A] -> 0x0020
[2674] [M]: 0x80018A48 (0x00200513) addi a0, zero, 2
x10 <- 0x00000002


mem[X,0x80018A4C] -> 0xB5B7
mem[X,0x80018A4E] -> 0x0000
[2675] [M]: 0x80018A4C (0x0000B5B7) lui a1, 11
x11 <- 0x0000B000


mem[X,0x80018A50] -> 0x8593
mem[X,0x80018A52] -> 0x5035
[2676] [M]: 0x80018A50 (0x50358593) addi a1, a1, 1283
x11 <- 0x0000B503


mem[X,0x80018A54] -> 0x0113
mem[X,0x80018A56] -> 0x0000
[2677] [M]: 0x80018A54 (0x00000113) addi sp, zero, 0
x2 <- 0x00000000


mem[X,0x80018A58] -> 0x006F
mem[X,0x80018A5A] -> 0x00C0
[2678] [M]: 0x80018A58 (0x00C0006F) jal zero, 12


mem[X,0x80018A64] -> 0x4663
mem[X,0x80018A66] -> 0x00B5
[2679] [M]: 0x80018A64 (0x00B54663) blt a0, a1, 12


mem[X,0x80018A70] -> 0x0113
mem[X,0x80018A72] -> 0x0031
[2680] [M]: 0x80018A70 (0x00310113) addi sp, sp, 3
x2 <- 0x00000003


mem[X,0x80018A74] -> 0x006F
mem[X,0x80018A76] -> 0x0040
[2681] [M]: 0x80018A74 (0x0040006F) jal zero, 4


mem[X,0x80018A78] -> 0xAE23
mem[X,0x80018A7A] -> 0x4020
[2682] [M]: 0x80018A78 (0x4020AE23) sw sp, 1052(ra)
mem[0x80039584] <- 0x00000003


mem[X,0x80018A7C] -> 0x0513
mem[X,0x80018A7E] -> 0x0020
[2683] [M]: 0x80018A7C (0x00200513) addi a0, zero, 2
x10 <- 0x00000002


mem[X,0x80018A80] -> 0x55B7
mem[X,0x80018A82] -> 0x5555
[2684] [M]: 0x80018A80 (0x555555B7) lui a1, 349525
x11 <- 0x55555000


mem[X,0x80018A84] -> 0x8593
mem[X,0x80018A86] -> 0x5565
[2685] [M]: 0x80018A84 (0x55658593) addi a1, a1, 1366
x11 <- 0x55555556


mem[X,0x80018A88] -> 0x0113
mem[X,0x80018A8A] -> 0x0000
[2686] [M]: 0x80018A88 (0x00000113) addi sp, zero, 0
x2 <- 0x00000000


mem[X,0x80018A8C] -> 0x006F
mem[X,0x80018A8E] -> 0x00C0
[2687] [M]: 0x80018A8C (0x00C0006F) jal zero, 12


mem[X,0x80018A98] -> 0x4863
mem[X,0x80018A9A] -> 0x00B5
[2688] [M]: 0x80018A98 (0x00B54863) blt a0, a1, 16


mem[X,0x80018AA8] -> 0x0113
mem[X,0x80018AAA] -> 0x0031
[2689] [M]: 0x80018AA8 (0x00310113) addi sp, sp, 3
x2 <- 0x00000003


mem[X,0x80018AAC] -> 0x006F
mem[X,0x80018AAE] -> 0x0040
[2690] [M]: 0x80018AAC (0x0040006F) jal zero, 4


mem[X,0x80018AB0] -> 0xA023
mem[X,0x80018AB2] -> 0x4220
[2691] [M]: 0x80018AB0 (0x4220A023) sw sp, 1056(ra)
mem[0x80039588] <- 0x00000003


mem[X,0x80018AB4] -> 0x0513
mem[X,0x80018AB6] -> 0x0020
[2692] [M]: 0x80018AB4 (0x00200513) addi a0, zero, 2
x10 <- 0x00000002


mem[X,0x80018AB8] -> 0xB5B7
mem[X,0x80018ABA] -> 0xAAAA
[2693] [M]: 0x80018AB8 (0xAAAAB5B7) lui a1, 699051
x11 <- 0xAAAAB000


mem[X,0x80018ABC] -> 0x8593
mem[X,0x80018ABE] -> 0xAAB5
[2694] [M]: 0x80018ABC (0xAAB58593) addi a1, a1, 2731
x11 <- 0xAAAAAAAB


mem[X,0x80018AC0] -> 0x0113
mem[X,0x80018AC2] -> 0x0000
[2695] [M]: 0x80018AC0 (0x00000113) addi sp, zero, 0
x2 <- 0x00000000


mem[X,0x80018AC4] -> 0x006F
mem[X,0x80018AC6] -> 0x00C0
[2696] [M]: 0x80018AC4 (0x00C0006F) jal zero, 12


mem[X,0x80018AD0] -> 0x4063
mem[X,0x80018AD2] -> 0x04B5
[2697] [M]: 0x80018AD0 (0x04B54063) blt a0, a1, 64


mem[X,0x80018AD4] -> 0x0113
mem[X,0x80018AD6] -> 0x0021
[2698] [M]: 0x80018AD4 (0x00210113) addi sp, sp, 2
x2 <- 0x00000002


mem[X,0x80018AD8] -> 0x006F
mem[X,0x80018ADA] -> 0x0400
[2699] [M]: 0x80018AD8 (0x0400006F) jal zero, 64


clint::tick mtime <- 0x000000000000001B
 clint timer pending at mtime 0x000000000000001B
htif::tick 0x0000000000000000
mem[X,0x80018B18] -> 0xA223
mem[X,0x80018B1A] -> 0x4220
[2700] [M]: 0x80018B18 (0x4220A223) sw sp, 1060(ra)
mem[0x8003958C] <- 0x00000002


mem[X,0x80018B1C] -> 0x0513
mem[X,0x80018B1E] -> 0x0020
[2701] [M]: 0x80018B1C (0x00200513) addi a0, zero, 2
x10 <- 0x00000002


mem[X,0x80018B20] -> 0x0593
mem[X,0x80018B22] -> 0x0060
[2702] [M]: 0x80018B20 (0x00600593) addi a1, zero, 6
x11 <- 0x00000006


mem[X,0x80018B24] -> 0x0113
mem[X,0x80018B26] -> 0x0000
[2703] [M]: 0x80018B24 (0x00000113) addi sp, zero, 0
x2 <- 0x00000000


mem[X,0x80018B28] -> 0x006F
mem[X,0x80018B2A] -> 0x00C0
[2704] [M]: 0x80018B28 (0x00C0006F) jal zero, 12


mem[X,0x80018B34] -> 0x4063
mem[X,0x80018B36] -> 0x08B5
[2705] [M]: 0x80018B34 (0x08B54063) blt a0, a1, 128


mem[X,0x80018BB4] -> 0x0113
mem[X,0x80018BB6] -> 0x0031
[2706] [M]: 0x80018BB4 (0x00310113) addi sp, sp, 3
x2 <- 0x00000003


mem[X,0x80018BB8] -> 0x006F
mem[X,0x80018BBA] -> 0x0040
[2707] [M]: 0x80018BB8 (0x0040006F) jal zero, 4


mem[X,0x80018BBC] -> 0xA423
mem[X,0x80018BBE] -> 0x4220
[2708] [M]: 0x80018BBC (0x4220A423) sw sp, 1064(ra)
mem[0x80039590] <- 0x00000003


mem[X,0x80018BC0] -> 0x0513
mem[X,0x80018BC2] -> 0x0020
[2709] [M]: 0x80018BC0 (0x00200513) addi a0, zero, 2
x10 <- 0x00000002


mem[X,0x80018BC4] -> 0x35B7
mem[X,0x80018BC6] -> 0x3333
[2710] [M]: 0x80018BC4 (0x333335B7) lui a1, 209715
x11 <- 0x33333000


mem[X,0x80018BC8] -> 0x8593
mem[X,0x80018BCA] -> 0x3345
[2711] [M]: 0x80018BC8 (0x33458593) addi a1, a1, 820
x11 <- 0x33333334


mem[X,0x80018BCC] -> 0x0113
mem[X,0x80018BCE] -> 0x0000
[2712] [M]: 0x80018BCC (0x00000113) addi sp, zero, 0
x2 <- 0x00000000


mem[X,0x80018BD0] -> 0x006F
mem[X,0x80018BD2] -> 0x00C0
[2713] [M]: 0x80018BD0 (0x00C0006F) jal zero, 12


mem[X,0x80018BDC] -> 0x4663
mem[X,0x80018BDE] -> 0x00B5
[2714] [M]: 0x80018BDC (0x00B54663) blt a0, a1, 12


mem[X,0x80018BE8] -> 0x0113
mem[X,0x80018BEA] -> 0x0031
[2715] [M]: 0x80018BE8 (0x00310113) addi sp, sp, 3
x2 <- 0x00000003


mem[X,0x80018BEC] -> 0x006F
mem[X,0x80018BEE] -> 0x0040
[2716] [M]: 0x80018BEC (0x0040006F) jal zero, 4


mem[X,0x80018BF0] -> 0xA623
mem[X,0x80018BF2] -> 0x4220
[2717] [M]: 0x80018BF0 (0x4220A623) sw sp, 1068(ra)
mem[0x80039594] <- 0x00000003


mem[X,0x80018BF4] -> 0x0513
mem[X,0x80018BF6] -> 0x0020
[2718] [M]: 0x80018BF4 (0x00200513) addi a0, zero, 2
x10 <- 0x00000002


mem[X,0x80018BF8] -> 0x65B7
mem[X,0x80018BFA] -> 0x6666
[2719] [M]: 0x80018BF8 (0x666665B7) lui a1, 419430
x11 <- 0x66666000


mem[X,0x80018BFC] -> 0x8593
mem[X,0x80018BFE] -> 0x6675
[2720] [M]: 0x80018BFC (0x66758593) addi a1, a1, 1639
x11 <- 0x66666667


mem[X,0x80018C00] -> 0x0113
mem[X,0x80018C02] -> 0x0000
[2721] [M]: 0x80018C00 (0x00000113) addi sp, zero, 0
x2 <- 0x00000000


mem[X,0x80018C04] -> 0x006F
mem[X,0x80018C06] -> 0x0180
[2722] [M]: 0x80018C04 (0x0180006F) jal zero, 24


mem[X,0x80018C1C] -> 0x46E3
mem[X,0x80018C1E] -> 0xFEB5
[2723] [M]: 0x80018C1C (0xFEB546E3) blt a0, a1, 8172


mem[X,0x80018C08] -> 0x0113
mem[X,0x80018C0A] -> 0x0011
[2724] [M]: 0x80018C08 (0x00110113) addi sp, sp, 1
x2 <- 0x00000001


mem[X,0x80018C0C] -> 0x006F
mem[X,0x80018C0E] -> 0x0240
[2725] [M]: 0x80018C0C (0x0240006F) jal zero, 36


mem[X,0x80018C30] -> 0xA823
mem[X,0x80018C32] -> 0x4220
[2726] [M]: 0x80018C30 (0x4220A823) sw sp, 1072(ra)
mem[0x80039598] <- 0x00000001


mem[X,0x80018C34] -> 0x0513
mem[X,0x80018C36] -> 0x0020
[2727] [M]: 0x80018C34 (0x00200513) addi a0, zero, 2
x10 <- 0x00000002


mem[X,0x80018C38] -> 0x55B7
mem[X,0x80018C3A] -> 0xFFFF
[2728] [M]: 0x80018C38 (0xFFFF55B7) lui a1, 1048565
x11 <- 0xFFFF5000


mem[X,0x80018C3C] -> 0x8593
mem[X,0x80018C3E] -> 0xAFD5
[2729] [M]: 0x80018C3C (0xAFD58593) addi a1, a1, 2813
x11 <- 0xFFFF4AFD


mem[X,0x80018C40] -> 0x0113
mem[X,0x80018C42] -> 0x0000
[2730] [M]: 0x80018C40 (0x00000113) addi sp, zero, 0
x2 <- 0x00000000


mem[X,0x80018C44] -> 0x006F
mem[X,0x80018C46] -> 0x00C0
[2731] [M]: 0x80018C44 (0x00C0006F) jal zero, 12


mem[X,0x80018C50] -> 0x4063
mem[X,0x80018C52] -> 0x02B5
[2732] [M]: 0x80018C50 (0x02B54063) blt a0, a1, 32


mem[X,0x80018C54] -> 0x0113
mem[X,0x80018C56] -> 0x0021
[2733] [M]: 0x80018C54 (0x00210113) addi sp, sp, 2
x2 <- 0x00000002


mem[X,0x80018C58] -> 0x006F
mem[X,0x80018C5A] -> 0x0200
[2734] [M]: 0x80018C58 (0x0200006F) jal zero, 32


mem[X,0x80018C78] -> 0xAA23
mem[X,0x80018C7A] -> 0x4220
[2735] [M]: 0x80018C78 (0x4220AA23) sw sp, 1076(ra)
mem[0x8003959C] <- 0x00000002


mem[X,0x80018C7C] -> 0x0513
mem[X,0x80018C7E] -> 0x0020
[2736] [M]: 0x80018C7C (0x00200513) addi a0, zero, 2
x10 <- 0x00000002


mem[X,0x80018C80] -> 0xB5B7
mem[X,0x80018C82] -> 0x0000
[2737] [M]: 0x80018C80 (0x0000B5B7) lui a1, 11
x11 <- 0x0000B000


mem[X,0x80018C84] -> 0x8593
mem[X,0x80018C86] -> 0x5055
[2738] [M]: 0x80018C84 (0x50558593) addi a1, a1, 1285
x11 <- 0x0000B505


mem[X,0x80018C88] -> 0x0113
mem[X,0x80018C8A] -> 0x0000
[2739] [M]: 0x80018C88 (0x00000113) addi sp, zero, 0
x2 <- 0x00000000


mem[X,0x80018C8C] -> 0x006F
mem[X,0x80018C8E] -> 0x00C0
[2740] [M]: 0x80018C8C (0x00C0006F) jal zero, 12


mem[X,0x80018C98] -> 0x4063
mem[X,0x80018C9A] -> 0x20B5
[2741] [M]: 0x80018C98 (0x20B54063) blt a0, a1, 512


mem[X,0x80018E98] -> 0x0113
mem[X,0x80018E9A] -> 0x0031
[2742] [M]: 0x80018E98 (0x00310113) addi sp, sp, 3
x2 <- 0x00000003


mem[X,0x80018E9C] -> 0x006F
mem[X,0x80018E9E] -> 0x0040
[2743] [M]: 0x80018E9C (0x0040006F) jal zero, 4


mem[X,0x80018EA0] -> 0xAC23
mem[X,0x80018EA2] -> 0x4220
[2744] [M]: 0x80018EA0 (0x4220AC23) sw sp, 1080(ra)
mem[0x800395A0] <- 0x00000003


mem[X,0x80018EA4] -> 0x5537
mem[X,0x80018EA6] -> 0x5555
[2745] [M]: 0x80018EA4 (0x55555537) lui a0, 349525
x10 <- 0x55555000


mem[X,0x80018EA8] -> 0x0513
mem[X,0x80018EAA] -> 0x5545
[2746] [M]: 0x80018EA8 (0x55450513) addi a0, a0, 1364
x10 <- 0x55555554


mem[X,0x80018EAC] -> 0x0593
mem[X,0x80018EAE] -> 0x0030
[2747] [M]: 0x80018EAC (0x00300593) addi a1, zero, 3
x11 <- 0x00000003


mem[X,0x80018EB0] -> 0x0113
mem[X,0x80018EB2] -> 0x0000
[2748] [M]: 0x80018EB0 (0x00000113) addi sp, zero, 0
x2 <- 0x00000000


mem[X,0x80018EB4] -> 0x006F
mem[X,0x80018EB6] -> 0x00C0
[2749] [M]: 0x80018EB4 (0x00C0006F) jal zero, 12


mem[X,0x80018EC0] -> 0x4063
mem[X,0x80018EC2] -> 0x20B5
[2750] [M]: 0x80018EC0 (0x20B54063) blt a0, a1, 512


mem[X,0x80018EC4] -> 0x0113
mem[X,0x80018EC6] -> 0x0021
[2751] [M]: 0x80018EC4 (0x00210113) addi sp, sp, 2
x2 <- 0x00000002


mem[X,0x80018EC8] -> 0x006F
mem[X,0x80018ECA] -> 0x2000
[2752] [M]: 0x80018EC8 (0x2000006F) jal zero, 512


mem[X,0x800190C8] -> 0xAE23
mem[X,0x800190CA] -> 0x4220
[2753] [M]: 0x800190C8 (0x4220AE23) sw sp, 1084(ra)
mem[0x800395A4] <- 0x00000002


mem[X,0x800190CC] -> 0x5537
mem[X,0x800190CE] -> 0x5555
[2754] [M]: 0x800190CC (0x55555537) lui a0, 349525
x10 <- 0x55555000


mem[X,0x800190D0] -> 0x0513
mem[X,0x800190D2] -> 0x5545
[2755] [M]: 0x800190D0 (0x55450513) addi a0, a0, 1364
x10 <- 0x55555554


mem[X,0x800190D4] -> 0x55B7
mem[X,0x800190D6] -> 0x5555
[2756] [M]: 0x800190D4 (0x555555B7) lui a1, 349525
x11 <- 0x55555000


mem[X,0x800190D8] -> 0x8593
mem[X,0x800190DA] -> 0x5555
[2757] [M]: 0x800190D8 (0x55558593) addi a1, a1, 1365
x11 <- 0x55555555


mem[X,0x800190DC] -> 0x0113
mem[X,0x800190DE] -> 0x0000
[2758] [M]: 0x800190DC (0x00000113) addi sp, zero, 0
x2 <- 0x00000000


mem[X,0x800190E0] -> 0x006F
mem[X,0x800190E2] -> 0x0140
[2759] [M]: 0x800190E0 (0x0140006F) jal zero, 20


mem[X,0x800190F4] -> 0x48E3
mem[X,0x800190F6] -> 0xFEB5
[2760] [M]: 0x800190F4 (0xFEB548E3) blt a0, a1, 8176


mem[X,0x800190E4] -> 0x0113
mem[X,0x800190E6] -> 0x0011
[2761] [M]: 0x800190E4 (0x00110113) addi sp, sp, 1
x2 <- 0x00000001


mem[X,0x800190E8] -> 0x006F
mem[X,0x800190EA] -> 0x0200
[2762] [M]: 0x800190E8 (0x0200006F) jal zero, 32


mem[X,0x80019108] -> 0xA023
mem[X,0x8001910A] -> 0x4420
[2763] [M]: 0x80019108 (0x4420A023) sw sp, 1088(ra)
mem[0x800395A8] <- 0x00000001


mem[X,0x8001910C] -> 0x5537
mem[X,0x8001910E] -> 0x5555
[2764] [M]: 0x8001910C (0x55555537) lui a0, 349525
x10 <- 0x55555000


mem[X,0x80019110] -> 0x0513
mem[X,0x80019112] -> 0x5545
[2765] [M]: 0x80019110 (0x55450513) addi a0, a0, 1364
x10 <- 0x55555554


mem[X,0x80019114] -> 0xB5B7
mem[X,0x80019116] -> 0xAAAA
[2766] [M]: 0x80019114 (0xAAAAB5B7) lui a1, 699051
x11 <- 0xAAAAB000


mem[X,0x80019118] -> 0x8593
mem[X,0x8001911A] -> 0xAAA5
[2767] [M]: 0x80019118 (0xAAA58593) addi a1, a1, 2730
x11 <- 0xAAAAAAAA


mem[X,0x8001911C] -> 0x0113
mem[X,0x8001911E] -> 0x0000
[2768] [M]: 0x8001911C (0x00000113) addi sp, zero, 0
x2 <- 0x00000000


mem[X,0x80019120] -> 0x006F
mem[X,0x80019122] -> 0x00C0
[2769] [M]: 0x80019120 (0x00C0006F) jal zero, 12


mem[X,0x8001912C] -> 0x4063
mem[X,0x8001912E] -> 0x04B5
[2770] [M]: 0x8001912C (0x04B54063) blt a0, a1, 64


mem[X,0x80019130] -> 0x0113
mem[X,0x80019132] -> 0x0021
[2771] [M]: 0x80019130 (0x00210113) addi sp, sp, 2
x2 <- 0x00000002


mem[X,0x80019134] -> 0x006F
mem[X,0x80019136] -> 0x0400
[2772] [M]: 0x80019134 (0x0400006F) jal zero, 64


mem[X,0x80019174] -> 0xA223
mem[X,0x80019176] -> 0x4420
[2773] [M]: 0x80019174 (0x4420A223) sw sp, 1092(ra)
mem[0x800395AC] <- 0x00000002


mem[X,0x80019178] -> 0x5537
mem[X,0x8001917A] -> 0x5555
[2774] [M]: 0x80019178 (0x55555537) lui a0, 349525
x10 <- 0x55555000


mem[X,0x8001917C] -> 0x0513
mem[X,0x8001917E] -> 0x5545
[2775] [M]: 0x8001917C (0x55450513) addi a0, a0, 1364
x10 <- 0x55555554


mem[X,0x80019180] -> 0x0593
mem[X,0x80019182] -> 0x0050
[2776] [M]: 0x80019180 (0x00500593) addi a1, zero, 5
x11 <- 0x00000005


mem[X,0x80019184] -> 0x0113
mem[X,0x80019186] -> 0x0000
[2777] [M]: 0x80019184 (0x00000113) addi sp, zero, 0
x2 <- 0x00000000


mem[X,0x80019188] -> 0x006F
mem[X,0x8001918A] -> 0x00C0
[2778] [M]: 0x80019188 (0x00C0006F) jal zero, 12


mem[X,0x80019194] -> 0x4063
mem[X,0x80019196] -> 0x08B5
[2779] [M]: 0x80019194 (0x08B54063) blt a0, a1, 128


mem[X,0x80019198] -> 0x0113
mem[X,0x8001919A] -> 0x0021
[2780] [M]: 0x80019198 (0x00210113) addi sp, sp, 2
x2 <- 0x00000002


mem[X,0x8001919C] -> 0x006F
mem[X,0x8001919E] -> 0x0800
[2781] [M]: 0x8001919C (0x0800006F) jal zero, 128


mem[X,0x8001921C] -> 0xA423
mem[X,0x8001921E] -> 0x4420
[2782] [M]: 0x8001921C (0x4420A423) sw sp, 1096(ra)
mem[0x800395B0] <- 0x00000002


mem[X,0x80019220] -> 0x5537
mem[X,0x80019222] -> 0x5555
[2783] [M]: 0x80019220 (0x55555537) lui a0, 349525
x10 <- 0x55555000


mem[X,0x80019224] -> 0x0513
mem[X,0x80019226] -> 0x5545
[2784] [M]: 0x80019224 (0x55450513) addi a0, a0, 1364
x10 <- 0x55555554


mem[X,0x80019228] -> 0x35B7
mem[X,0x8001922A] -> 0x3333
[2785] [M]: 0x80019228 (0x333335B7) lui a1, 209715
x11 <- 0x33333000


mem[X,0x8001922C] -> 0x8593
mem[X,0x8001922E] -> 0x3335
[2786] [M]: 0x8001922C (0x33358593) addi a1, a1, 819
x11 <- 0x33333333


mem[X,0x80019230] -> 0x0113
mem[X,0x80019232] -> 0x0000
[2787] [M]: 0x80019230 (0x00000113) addi sp, zero, 0
x2 <- 0x00000000


mem[X,0x80019234] -> 0x006F
mem[X,0x80019236] -> 0x2B10
[2788] [M]: 0x80019234 (0x2B10006F) jal zero, 2736


mem[X,0x80019CE4] -> 0x4A63
mem[X,0x80019CE6] -> 0xD4B5
[2789] [M]: 0x80019CE4 (0xD4B54A63) blt a0, a1, 5460


mem[X,0x80019CE8] -> 0x0113
mem[X,0x80019CEA] -> 0x0021
[2790] [M]: 0x80019CE8 (0x00210113) addi sp, sp, 2
x2 <- 0x00000002


mem[X,0x80019CEC] -> 0x006F
mem[X,0x80019CEE] -> 0x00C0
[2791] [M]: 0x80019CEC (0x00C0006F) jal zero, 12


mem[X,0x80019CF8] -> 0xA623
mem[X,0x80019CFA] -> 0x4420
[2792] [M]: 0x80019CF8 (0x4420A623) sw sp, 1100(ra)
mem[0x800395B4] <- 0x00000002


mem[X,0x80019CFC] -> 0x5537
mem[X,0x80019CFE] -> 0x5555
[2793] [M]: 0x80019CFC (0x55555537) lui a0, 349525
x10 <- 0x55555000


mem[X,0x80019D00] -> 0x0513
mem[X,0x80019D02] -> 0x5545
[2794] [M]: 0x80019D00 (0x55450513) addi a0, a0, 1364
x10 <- 0x55555554


mem[X,0x80019D04] -> 0x65B7
mem[X,0x80019D06] -> 0x6666
[2795] [M]: 0x80019D04 (0x666665B7) lui a1, 419430
x11 <- 0x66666000


mem[X,0x80019D08] -> 0x8593
mem[X,0x80019D0A] -> 0x6665
[2796] [M]: 0x80019D08 (0x66658593) addi a1, a1, 1638
x11 <- 0x66666666


mem[X,0x80019D0C] -> 0x0113
mem[X,0x80019D0E] -> 0x0000
[2797] [M]: 0x80019D0C (0x00000113) addi sp, zero, 0
x2 <- 0x00000000


mem[X,0x80019D10] -> 0x006F
mem[X,0x80019D12] -> 0x00C0
[2798] [M]: 0x80019D10 (0x00C0006F) jal zero, 12


mem[X,0x80019D1C] -> 0x4863
mem[X,0x80019D1E] -> 0x00B5
[2799] [M]: 0x80019D1C (0x00B54863) blt a0, a1, 16


clint::tick mtime <- 0x000000000000001C
 clint timer pending at mtime 0x000000000000001C
htif::tick 0x0000000000000000
mem[X,0x80019D2C] -> 0x0113
mem[X,0x80019D2E] -> 0x0031
[2800] [M]: 0x80019D2C (0x00310113) addi sp, sp, 3
x2 <- 0x00000003


mem[X,0x80019D30] -> 0x006F
mem[X,0x80019D32] -> 0x0040
[2801] [M]: 0x80019D30 (0x0040006F) jal zero, 4


mem[X,0x80019D34] -> 0xA823
mem[X,0x80019D36] -> 0x4420
[2802] [M]: 0x80019D34 (0x4420A823) sw sp, 1104(ra)
mem[0x800395B8] <- 0x00000003


mem[X,0x80019D38] -> 0x5537
mem[X,0x80019D3A] -> 0x5555
[2803] [M]: 0x80019D38 (0x55555537) lui a0, 349525
x10 <- 0x55555000


mem[X,0x80019D3C] -> 0x0513
mem[X,0x80019D3E] -> 0x5545
[2804] [M]: 0x80019D3C (0x55450513) addi a0, a0, 1364
x10 <- 0x55555554


mem[X,0x80019D40] -> 0x55B7
mem[X,0x80019D42] -> 0xFFFF
[2805] [M]: 0x80019D40 (0xFFFF55B7) lui a1, 1048565
x11 <- 0xFFFF5000


mem[X,0x80019D44] -> 0x8593
mem[X,0x80019D46] -> 0xAFC5
[2806] [M]: 0x80019D44 (0xAFC58593) addi a1, a1, 2812
x11 <- 0xFFFF4AFC


mem[X,0x80019D48] -> 0x0113
mem[X,0x80019D4A] -> 0x0000
[2807] [M]: 0x80019D48 (0x00000113) addi sp, zero, 0
x2 <- 0x00000000


mem[X,0x80019D4C] -> 0x006F
mem[X,0x80019D4E] -> 0x00C0
[2808] [M]: 0x80019D4C (0x00C0006F) jal zero, 12


mem[X,0x80019D58] -> 0x4063
mem[X,0x80019D5A] -> 0x02B5
[2809] [M]: 0x80019D58 (0x02B54063) blt a0, a1, 32


mem[X,0x80019D5C] -> 0x0113
mem[X,0x80019D5E] -> 0x0021
[2810] [M]: 0x80019D5C (0x00210113) addi sp, sp, 2
x2 <- 0x00000002


mem[X,0x80019D60] -> 0x006F
mem[X,0x80019D62] -> 0x0200
[2811] [M]: 0x80019D60 (0x0200006F) jal zero, 32


mem[X,0x80019D80] -> 0xAA23
mem[X,0x80019D82] -> 0x4420
[2812] [M]: 0x80019D80 (0x4420AA23) sw sp, 1108(ra)
mem[0x800395BC] <- 0x00000002


mem[X,0x80019D84] -> 0x5537
mem[X,0x80019D86] -> 0x5555
[2813] [M]: 0x80019D84 (0x55555537) lui a0, 349525
x10 <- 0x55555000


mem[X,0x80019D88] -> 0x0513
mem[X,0x80019D8A] -> 0x5545
[2814] [M]: 0x80019D88 (0x55450513) addi a0, a0, 1364
x10 <- 0x55555554


mem[X,0x80019D8C] -> 0xB5B7
mem[X,0x80019D8E] -> 0x0000
[2815] [M]: 0x80019D8C (0x0000B5B7) lui a1, 11
x11 <- 0x0000B000


mem[X,0x80019D90] -> 0x8593
mem[X,0x80019D92] -> 0x5045
[2816] [M]: 0x80019D90 (0x50458593) addi a1, a1, 1284
x11 <- 0x0000B504


mem[X,0x80019D94] -> 0x0113
mem[X,0x80019D96] -> 0x0000
[2817] [M]: 0x80019D94 (0x00000113) addi sp, zero, 0
x2 <- 0x00000000


mem[X,0x80019D98] -> 0x006F
mem[X,0x80019D9A] -> 0x00C0
[2818] [M]: 0x80019D98 (0x00C0006F) jal zero, 12


mem[X,0x80019DA4] -> 0x4CE3
mem[X,0x80019DA6] -> 0xFEB5
[2819] [M]: 0x80019DA4 (0xFEB54CE3) blt a0, a1, 8184


mem[X,0x80019DA8] -> 0x0113
mem[X,0x80019DAA] -> 0x0021
[2820] [M]: 0x80019DA8 (0x00210113) addi sp, sp, 2
x2 <- 0x00000002


mem[X,0x80019DAC] -> 0x006F
mem[X,0x80019DAE] -> 0x00C0
[2821] [M]: 0x80019DAC (0x00C0006F) jal zero, 12


mem[X,0x80019DB8] -> 0xAC23
mem[X,0x80019DBA] -> 0x4420
[2822] [M]: 0x80019DB8 (0x4420AC23) sw sp, 1112(ra)
mem[0x800395C0] <- 0x00000002


mem[X,0x80019DBC] -> 0x5537
mem[X,0x80019DBE] -> 0x5555
[2823] [M]: 0x80019DBC (0x55555537) lui a0, 349525
x10 <- 0x55555000


mem[X,0x80019DC0] -> 0x0513
mem[X,0x80019DC2] -> 0x5545
[2824] [M]: 0x80019DC0 (0x55450513) addi a0, a0, 1364
x10 <- 0x55555554


mem[X,0x80019DC4] -> 0x0593
mem[X,0x80019DC6] -> 0x0020
[2825] [M]: 0x80019DC4 (0x00200593) addi a1, zero, 2
x11 <- 0x00000002


mem[X,0x80019DC8] -> 0x0113
mem[X,0x80019DCA] -> 0x0000
[2826] [M]: 0x80019DC8 (0x00000113) addi sp, zero, 0
x2 <- 0x00000000


mem[X,0x80019DCC] -> 0x006F
mem[X,0x80019DCE] -> 0x00C0
[2827] [M]: 0x80019DCC (0x00C0006F) jal zero, 12


mem[X,0x80019DD8] -> 0x4063
mem[X,0x80019DDA] -> 0x10B5
[2828] [M]: 0x80019DD8 (0x10B54063) blt a0, a1, 256


mem[X,0x80019DDC] -> 0x0113
mem[X,0x80019DDE] -> 0x0021
[2829] [M]: 0x80019DDC (0x00210113) addi sp, sp, 2
x2 <- 0x00000002


mem[X,0x80019DE0] -> 0x006F
mem[X,0x80019DE2] -> 0x1000
[2830] [M]: 0x80019DE0 (0x1000006F) jal zero, 256


mem[X,0x80019EE0] -> 0xAE23
mem[X,0x80019EE2] -> 0x4420
[2831] [M]: 0x80019EE0 (0x4420AE23) sw sp, 1116(ra)
mem[0x800395C4] <- 0x00000002


mem[X,0x80019EE4] -> 0x5537
mem[X,0x80019EE6] -> 0x5555
[2832] [M]: 0x80019EE4 (0x55555537) lui a0, 349525
x10 <- 0x55555000


mem[X,0x80019EE8] -> 0x0513
mem[X,0x80019EEA] -> 0x5545
[2833] [M]: 0x80019EE8 (0x55450513) addi a0, a0, 1364
x10 <- 0x55555554


mem[X,0x80019EEC] -> 0x55B7
mem[X,0x80019EEE] -> 0x5555
[2834] [M]: 0x80019EEC (0x555555B7) lui a1, 349525
x11 <- 0x55555000


mem[X,0x80019EF0] -> 0x8593
mem[X,0x80019EF2] -> 0x5545
[2835] [M]: 0x80019EF0 (0x55458593) addi a1, a1, 1364
x11 <- 0x55555554


mem[X,0x80019EF4] -> 0x0113
mem[X,0x80019EF6] -> 0x0000
[2836] [M]: 0x80019EF4 (0x00000113) addi sp, zero, 0
x2 <- 0x00000000


mem[X,0x80019EF8] -> 0x006F
mem[X,0x80019EFA] -> 0x00C0
[2837] [M]: 0x80019EF8 (0x00C0006F) jal zero, 12


mem[X,0x80019F04] -> 0x4663
mem[X,0x80019F06] -> 0x00B5
[2838] [M]: 0x80019F04 (0x00B54663) blt a0, a1, 12


mem[X,0x80019F08] -> 0x0113
mem[X,0x80019F0A] -> 0x0021
[2839] [M]: 0x80019F08 (0x00210113) addi sp, sp, 2
x2 <- 0x00000002


mem[X,0x80019F0C] -> 0x006F
mem[X,0x80019F0E] -> 0x00C0
[2840] [M]: 0x80019F0C (0x00C0006F) jal zero, 12


mem[X,0x80019F18] -> 0xA023
mem[X,0x80019F1A] -> 0x4620
[2841] [M]: 0x80019F18 (0x4620A023) sw sp, 1120(ra)
mem[0x800395C8] <- 0x00000002


mem[X,0x80019F1C] -> 0x5537
mem[X,0x80019F1E] -> 0x5555
[2842] [M]: 0x80019F1C (0x55555537) lui a0, 349525
x10 <- 0x55555000


mem[X,0x80019F20] -> 0x0513
mem[X,0x80019F22] -> 0x5545
[2843] [M]: 0x80019F20 (0x55450513) addi a0, a0, 1364
x10 <- 0x55555554


mem[X,0x80019F24] -> 0x0593
mem[X,0x80019F26] -> 0x0000
[2844] [M]: 0x80019F24 (0x00000593) addi a1, zero, 0
x11 <- 0x00000000


mem[X,0x80019F28] -> 0x0113
mem[X,0x80019F2A] -> 0x0000
[2845] [M]: 0x80019F28 (0x00000113) addi sp, zero, 0
x2 <- 0x00000000


mem[X,0x80019F2C] -> 0x006F
mem[X,0x80019F2E] -> 0x0050
[2846] [M]: 0x80019F2C (0x0050006F) jal zero, 2052


mem[X,0x8001A730] -> 0x40E3
mem[X,0x8001A732] -> 0x80B5
[2847] [M]: 0x8001A730 (0x80B540E3) blt a0, a1, 6144


mem[X,0x8001A734] -> 0x0113
mem[X,0x8001A736] -> 0x0021
[2848] [M]: 0x8001A734 (0x00210113) addi sp, sp, 2
x2 <- 0x00000002


mem[X,0x8001A738] -> 0x006F
mem[X,0x8001A73A] -> 0x00C0
[2849] [M]: 0x8001A738 (0x00C0006F) jal zero, 12


mem[X,0x8001A744] -> 0xA223
mem[X,0x8001A746] -> 0x4620
[2850] [M]: 0x8001A744 (0x4620A223) sw sp, 1124(ra)
mem[0x800395CC] <- 0x00000002


mem[X,0x8001A748] -> 0x5537
mem[X,0x8001A74A] -> 0x5555
[2851] [M]: 0x8001A748 (0x55555537) lui a0, 349525
x10 <- 0x55555000


mem[X,0x8001A74C] -> 0x0513
mem[X,0x8001A74E] -> 0x5545
[2852] [M]: 0x8001A74C (0x55450513) addi a0, a0, 1364
x10 <- 0x55555554


mem[X,0x8001A750] -> 0x0593
mem[X,0x8001A752] -> 0x0040
[2853] [M]: 0x8001A750 (0x00400593) addi a1, zero, 4
x11 <- 0x00000004


mem[X,0x8001A754] -> 0x0113
mem[X,0x8001A756] -> 0x0000
[2854] [M]: 0x8001A754 (0x00000113) addi sp, zero, 0
x2 <- 0x00000000


mem[X,0x8001A758] -> 0x006F
mem[X,0x8001A75A] -> 0x00C0
[2855] [M]: 0x8001A758 (0x00C0006F) jal zero, 12


mem[X,0x8001A764] -> 0x4063
mem[X,0x8001A766] -> 0x10B5
[2856] [M]: 0x8001A764 (0x10B54063) blt a0, a1, 256


mem[X,0x8001A768] -> 0x0113
mem[X,0x8001A76A] -> 0x0021
[2857] [M]: 0x8001A768 (0x00210113) addi sp, sp, 2
x2 <- 0x00000002


mem[X,0x8001A76C] -> 0x006F
mem[X,0x8001A76E] -> 0x1000
[2858] [M]: 0x8001A76C (0x1000006F) jal zero, 256


mem[X,0x8001A86C] -> 0xA423
mem[X,0x8001A86E] -> 0x4620
[2859] [M]: 0x8001A86C (0x4620A423) sw sp, 1128(ra)
mem[0x800395D0] <- 0x00000002


mem[X,0x8001A870] -> 0x5537
mem[X,0x8001A872] -> 0x5555
[2860] [M]: 0x8001A870 (0x55555537) lui a0, 349525
x10 <- 0x55555000


mem[X,0x8001A874] -> 0x0513
mem[X,0x8001A876] -> 0x5545
[2861] [M]: 0x8001A874 (0x55450513) addi a0, a0, 1364
x10 <- 0x55555554


mem[X,0x8001A878] -> 0x35B7
mem[X,0x8001A87A] -> 0x3333
[2862] [M]: 0x8001A878 (0x333335B7) lui a1, 209715
x11 <- 0x33333000


mem[X,0x8001A87C] -> 0x8593
mem[X,0x8001A87E] -> 0x3325
[2863] [M]: 0x8001A87C (0x33258593) addi a1, a1, 818
x11 <- 0x33333332


mem[X,0x8001A880] -> 0x0113
mem[X,0x8001A882] -> 0x0000
[2864] [M]: 0x8001A880 (0x00000113) addi sp, zero, 0
x2 <- 0x00000000


mem[X,0x8001A884] -> 0x006F
mem[X,0x8001A886] -> 0x0180
[2865] [M]: 0x8001A884 (0x0180006F) jal zero, 24


mem[X,0x8001A89C] -> 0x46E3
mem[X,0x8001A89E] -> 0xFEB5
[2866] [M]: 0x8001A89C (0xFEB546E3) blt a0, a1, 8172


mem[X,0x8001A8A0] -> 0x0113
mem[X,0x8001A8A2] -> 0x0021
[2867] [M]: 0x8001A8A0 (0x00210113) addi sp, sp, 2
x2 <- 0x00000002


mem[X,0x8001A8A4] -> 0x006F
mem[X,0x8001A8A6] -> 0x00C0
[2868] [M]: 0x8001A8A4 (0x00C0006F) jal zero, 12


mem[X,0x8001A8B0] -> 0xA623
mem[X,0x8001A8B2] -> 0x4620
[2869] [M]: 0x8001A8B0 (0x4620A623) sw sp, 1132(ra)
mem[0x800395D4] <- 0x00000002


mem[X,0x8001A8B4] -> 0x5537
mem[X,0x8001A8B6] -> 0x5555
[2870] [M]: 0x8001A8B4 (0x55555537) lui a0, 349525
x10 <- 0x55555000


mem[X,0x8001A8B8] -> 0x0513
mem[X,0x8001A8BA] -> 0x5545
[2871] [M]: 0x8001A8B8 (0x55450513) addi a0, a0, 1364
x10 <- 0x55555554


mem[X,0x8001A8BC] -> 0x65B7
mem[X,0x8001A8BE] -> 0x6666
[2872] [M]: 0x8001A8BC (0x666665B7) lui a1, 419430
x11 <- 0x66666000


mem[X,0x8001A8C0] -> 0x8593
mem[X,0x8001A8C2] -> 0x6655
[2873] [M]: 0x8001A8C0 (0x66558593) addi a1, a1, 1637
x11 <- 0x66666665


mem[X,0x8001A8C4] -> 0x0113
mem[X,0x8001A8C6] -> 0x0000
[2874] [M]: 0x8001A8C4 (0x00000113) addi sp, zero, 0
x2 <- 0x00000000


mem[X,0x8001A8C8] -> 0x006F
mem[X,0x8001A8CA] -> 0x00C0
[2875] [M]: 0x8001A8C8 (0x00C0006F) jal zero, 12


mem[X,0x8001A8D4] -> 0x4663
mem[X,0x8001A8D6] -> 0x00B5
[2876] [M]: 0x8001A8D4 (0x00B54663) blt a0, a1, 12


mem[X,0x8001A8E0] -> 0x0113
mem[X,0x8001A8E2] -> 0x0031
[2877] [M]: 0x8001A8E0 (0x00310113) addi sp, sp, 3
x2 <- 0x00000003


mem[X,0x8001A8E4] -> 0x006F
mem[X,0x8001A8E6] -> 0x0040
[2878] [M]: 0x8001A8E4 (0x0040006F) jal zero, 4


mem[X,0x8001A8E8] -> 0xA823
mem[X,0x8001A8EA] -> 0x4620
[2879] [M]: 0x8001A8E8 (0x4620A823) sw sp, 1136(ra)
mem[0x800395D8] <- 0x00000003


mem[X,0x8001A8EC] -> 0x5537
mem[X,0x8001A8EE] -> 0x5555
[2880] [M]: 0x8001A8EC (0x55555537) lui a0, 349525
x10 <- 0x55555000


mem[X,0x8001A8F0] -> 0x0513
mem[X,0x8001A8F2] -> 0x5545
[2881] [M]: 0x8001A8F0 (0x55450513) addi a0, a0, 1364
x10 <- 0x55555554


mem[X,0x8001A8F4] -> 0xB5B7
mem[X,0x8001A8F6] -> 0x0000
[2882] [M]: 0x8001A8F4 (0x0000B5B7) lui a1, 11
x11 <- 0x0000B000


mem[X,0x8001A8F8] -> 0x8593
mem[X,0x8001A8FA] -> 0x5035
[2883] [M]: 0x8001A8F8 (0x50358593) addi a1, a1, 1283
x11 <- 0x0000B503


mem[X,0x8001A8FC] -> 0x0113
mem[X,0x8001A8FE] -> 0x0000
[2884] [M]: 0x8001A8FC (0x00000113) addi sp, zero, 0
x2 <- 0x00000000


mem[X,0x8001A900] -> 0x006F
mem[X,0x8001A902] -> 0x0140
[2885] [M]: 0x8001A900 (0x0140006F) jal zero, 20


mem[X,0x8001A914] -> 0x48E3
mem[X,0x8001A916] -> 0xFEB5
[2886] [M]: 0x8001A914 (0xFEB548E3) blt a0, a1, 8176


mem[X,0x8001A918] -> 0x0113
mem[X,0x8001A91A] -> 0x0021
[2887] [M]: 0x8001A918 (0x00210113) addi sp, sp, 2
x2 <- 0x00000002


mem[X,0x8001A91C] -> 0x006F
mem[X,0x8001A91E] -> 0x00C0
[2888] [M]: 0x8001A91C (0x00C0006F) jal zero, 12


mem[X,0x8001A928] -> 0xAA23
mem[X,0x8001A92A] -> 0x4620
[2889] [M]: 0x8001A928 (0x4620AA23) sw sp, 1140(ra)
mem[0x800395DC] <- 0x00000002


mem[X,0x8001A92C] -> 0x5537
mem[X,0x8001A92E] -> 0x5555
[2890] [M]: 0x8001A92C (0x55555537) lui a0, 349525
x10 <- 0x55555000


mem[X,0x8001A930] -> 0x0513
mem[X,0x8001A932] -> 0x5545
[2891] [M]: 0x8001A930 (0x55450513) addi a0, a0, 1364
x10 <- 0x55555554


mem[X,0x8001A934] -> 0x55B7
mem[X,0x8001A936] -> 0x5555
[2892] [M]: 0x8001A934 (0x555555B7) lui a1, 349525
x11 <- 0x55555000


mem[X,0x8001A938] -> 0x8593
mem[X,0x8001A93A] -> 0x5565
[2893] [M]: 0x8001A938 (0x55658593) addi a1, a1, 1366
x11 <- 0x55555556


mem[X,0x8001A93C] -> 0x0113
mem[X,0x8001A93E] -> 0x0000
[2894] [M]: 0x8001A93C (0x00000113) addi sp, zero, 0
x2 <- 0x00000000


mem[X,0x8001A940] -> 0x006F
mem[X,0x8001A942] -> 0x2B10
[2895] [M]: 0x8001A940 (0x2B10006F) jal zero, 2736


mem[X,0x8001B3F0] -> 0x4A63
mem[X,0x8001B3F2] -> 0xD4B5
[2896] [M]: 0x8001B3F0 (0xD4B54A63) blt a0, a1, 5460


mem[X,0x8001A944] -> 0x0113
mem[X,0x8001A946] -> 0x0011
[2897] [M]: 0x8001A944 (0x00110113) addi sp, sp, 1
x2 <- 0x00000001


mem[X,0x8001A948] -> 0x006F
mem[X,0x8001A94A] -> 0x2BD0
[2898] [M]: 0x8001A948 (0x2BD0006F) jal zero, 2748


mem[X,0x8001B404] -> 0xAC23
mem[X,0x8001B406] -> 0x4620
[2899] [M]: 0x8001B404 (0x4620AC23) sw sp, 1144(ra)
mem[0x800395E0] <- 0x00000001


clint::tick mtime <- 0x000000000000001D
 clint timer pending at mtime 0x000000000000001D
htif::tick 0x0000000000000000
mem[X,0x8001B408] -> 0x5537
mem[X,0x8001B40A] -> 0x5555
[2900] [M]: 0x8001B408 (0x55555537) lui a0, 349525
x10 <- 0x55555000


mem[X,0x8001B40C] -> 0x0513
mem[X,0x8001B40E] -> 0x5545
[2901] [M]: 0x8001B40C (0x55450513) addi a0, a0, 1364
x10 <- 0x55555554


mem[X,0x8001B410] -> 0xB5B7
mem[X,0x8001B412] -> 0xAAAA
[2902] [M]: 0x8001B410 (0xAAAAB5B7) lui a1, 699051
x11 <- 0xAAAAB000


mem[X,0x8001B414] -> 0x8593
mem[X,0x8001B416] -> 0xAAB5
[2903] [M]: 0x8001B414 (0xAAB58593) addi a1, a1, 2731
x11 <- 0xAAAAAAAB


mem[X,0x8001B418] -> 0x0113
mem[X,0x8001B41A] -> 0x0000
[2904] [M]: 0x8001B418 (0x00000113) addi sp, zero, 0
x2 <- 0x00000000


mem[X,0x8001B41C] -> 0x006F
mem[X,0x8001B41E] -> 0x00C0
[2905] [M]: 0x8001B41C (0x00C0006F) jal zero, 12


mem[X,0x8001B428] -> 0x4663
mem[X,0x8001B42A] -> 0x00B5
[2906] [M]: 0x8001B428 (0x00B54663) blt a0, a1, 12


mem[X,0x8001B42C] -> 0x0113
mem[X,0x8001B42E] -> 0x0021
[2907] [M]: 0x8001B42C (0x00210113) addi sp, sp, 2
x2 <- 0x00000002


mem[X,0x8001B430] -> 0x006F
mem[X,0x8001B432] -> 0x00C0
[2908] [M]: 0x8001B430 (0x00C0006F) jal zero, 12


mem[X,0x8001B43C] -> 0xAE23
mem[X,0x8001B43E] -> 0x4620
[2909] [M]: 0x8001B43C (0x4620AE23) sw sp, 1148(ra)
mem[0x800395E4] <- 0x00000002


mem[X,0x8001B440] -> 0x5537
mem[X,0x8001B442] -> 0x5555
[2910] [M]: 0x8001B440 (0x55555537) lui a0, 349525
x10 <- 0x55555000


mem[X,0x8001B444] -> 0x0513
mem[X,0x8001B446] -> 0x5545
[2911] [M]: 0x8001B444 (0x55450513) addi a0, a0, 1364
x10 <- 0x55555554


mem[X,0x8001B448] -> 0x0593
mem[X,0x8001B44A] -> 0x0060
[2912] [M]: 0x8001B448 (0x00600593) addi a1, zero, 6
x11 <- 0x00000006


mem[X,0x8001B44C] -> 0x0113
mem[X,0x8001B44E] -> 0x0000
[2913] [M]: 0x8001B44C (0x00000113) addi sp, zero, 0
x2 <- 0x00000000


mem[X,0x8001B450] -> 0x006F
mem[X,0x8001B452] -> 0x00C0
[2914] [M]: 0x8001B450 (0x00C0006F) jal zero, 12


mem[X,0x8001B45C] -> 0x4CE3
mem[X,0x8001B45E] -> 0xFEB5
[2915] [M]: 0x8001B45C (0xFEB54CE3) blt a0, a1, 8184


mem[X,0x8001B460] -> 0x0113
mem[X,0x8001B462] -> 0x0021
[2916] [M]: 0x8001B460 (0x00210113) addi sp, sp, 2
x2 <- 0x00000002


mem[X,0x8001B464] -> 0x006F
mem[X,0x8001B466] -> 0x00C0
[2917] [M]: 0x8001B464 (0x00C0006F) jal zero, 12


mem[X,0x8001B470] -> 0xA023
mem[X,0x8001B472] -> 0x4820
[2918] [M]: 0x8001B470 (0x4820A023) sw sp, 1152(ra)
mem[0x800395E8] <- 0x00000002


mem[X,0x8001B474] -> 0x5537
mem[X,0x8001B476] -> 0x5555
[2919] [M]: 0x8001B474 (0x55555537) lui a0, 349525
x10 <- 0x55555000


mem[X,0x8001B478] -> 0x0513
mem[X,0x8001B47A] -> 0x5545
[2920] [M]: 0x8001B478 (0x55450513) addi a0, a0, 1364
x10 <- 0x55555554


mem[X,0x8001B47C] -> 0x35B7
mem[X,0x8001B47E] -> 0x3333
[2921] [M]: 0x8001B47C (0x333335B7) lui a1, 209715
x11 <- 0x33333000


mem[X,0x8001B480] -> 0x8593
mem[X,0x8001B482] -> 0x3345
[2922] [M]: 0x8001B480 (0x33458593) addi a1, a1, 820
x11 <- 0x33333334


mem[X,0x8001B484] -> 0x0113
mem[X,0x8001B486] -> 0x0000
[2923] [M]: 0x8001B484 (0x00000113) addi sp, zero, 0
x2 <- 0x00000000


mem[X,0x8001B488] -> 0x006F
mem[X,0x8001B48A] -> 0x00C0
[2924] [M]: 0x8001B488 (0x00C0006F) jal zero, 12


mem[X,0x8001B494] -> 0x4863
mem[X,0x8001B496] -> 0x00B5
[2925] [M]: 0x8001B494 (0x00B54863) blt a0, a1, 16


mem[X,0x8001B498] -> 0x0113
mem[X,0x8001B49A] -> 0x0021
[2926] [M]: 0x8001B498 (0x00210113) addi sp, sp, 2
x2 <- 0x00000002


mem[X,0x8001B49C] -> 0x006F
mem[X,0x8001B49E] -> 0x0100
[2927] [M]: 0x8001B49C (0x0100006F) jal zero, 16


mem[X,0x8001B4AC] -> 0xA223
mem[X,0x8001B4AE] -> 0x4820
[2928] [M]: 0x8001B4AC (0x4820A223) sw sp, 1156(ra)
mem[0x800395EC] <- 0x00000002


mem[X,0x8001B4B0] -> 0x5537
mem[X,0x8001B4B2] -> 0x5555
[2929] [M]: 0x8001B4B0 (0x55555537) lui a0, 349525
x10 <- 0x55555000


mem[X,0x8001B4B4] -> 0x0513
mem[X,0x8001B4B6] -> 0x5545
[2930] [M]: 0x8001B4B4 (0x55450513) addi a0, a0, 1364
x10 <- 0x55555554


mem[X,0x8001B4B8] -> 0x65B7
mem[X,0x8001B4BA] -> 0x6666
[2931] [M]: 0x8001B4B8 (0x666665B7) lui a1, 419430
x11 <- 0x66666000


mem[X,0x8001B4BC] -> 0x8593
mem[X,0x8001B4BE] -> 0x6675
[2932] [M]: 0x8001B4BC (0x66758593) addi a1, a1, 1639
x11 <- 0x66666667


mem[X,0x8001B4C0] -> 0x0113
mem[X,0x8001B4C2] -> 0x0000
[2933] [M]: 0x8001B4C0 (0x00000113) addi sp, zero, 0
x2 <- 0x00000000


mem[X,0x8001B4C4] -> 0x006F
mem[X,0x8001B4C6] -> 0x0100
[2934] [M]: 0x8001B4C4 (0x0100006F) jal zero, 16


mem[X,0x8001B4D4] -> 0x4AE3
mem[X,0x8001B4D6] -> 0xFEB5
[2935] [M]: 0x8001B4D4 (0xFEB54AE3) blt a0, a1, 8180


mem[X,0x8001B4C8] -> 0x0113
mem[X,0x8001B4CA] -> 0x0011
[2936] [M]: 0x8001B4C8 (0x00110113) addi sp, sp, 1
x2 <- 0x00000001


mem[X,0x8001B4CC] -> 0x006F
mem[X,0x8001B4CE] -> 0x01C0
[2937] [M]: 0x8001B4CC (0x01C0006F) jal zero, 28


mem[X,0x8001B4E8] -> 0xA423
mem[X,0x8001B4EA] -> 0x4820
[2938] [M]: 0x8001B4E8 (0x4820A423) sw sp, 1160(ra)
mem[0x800395F0] <- 0x00000001


mem[X,0x8001B4EC] -> 0x5537
mem[X,0x8001B4EE] -> 0x5555
[2939] [M]: 0x8001B4EC (0x55555537) lui a0, 349525
x10 <- 0x55555000


mem[X,0x8001B4F0] -> 0x0513
mem[X,0x8001B4F2] -> 0x5545
[2940] [M]: 0x8001B4F0 (0x55450513) addi a0, a0, 1364
x10 <- 0x55555554


mem[X,0x8001B4F4] -> 0x55B7
mem[X,0x8001B4F6] -> 0xFFFF
[2941] [M]: 0x8001B4F4 (0xFFFF55B7) lui a1, 1048565
x11 <- 0xFFFF5000


mem[X,0x8001B4F8] -> 0x8593
mem[X,0x8001B4FA] -> 0xAFD5
[2942] [M]: 0x8001B4F8 (0xAFD58593) addi a1, a1, 2813
x11 <- 0xFFFF4AFD


mem[X,0x8001B4FC] -> 0x0113
mem[X,0x8001B4FE] -> 0x0000
[2943] [M]: 0x8001B4FC (0x00000113) addi sp, zero, 0
x2 <- 0x00000000


mem[X,0x8001B500] -> 0x006F
mem[X,0x8001B502] -> 0x00C0
[2944] [M]: 0x8001B500 (0x00C0006F) jal zero, 12


mem[X,0x8001B50C] -> 0x4063
mem[X,0x8001B50E] -> 0x04B5
[2945] [M]: 0x8001B50C (0x04B54063) blt a0, a1, 64


mem[X,0x8001B510] -> 0x0113
mem[X,0x8001B512] -> 0x0021
[2946] [M]: 0x8001B510 (0x00210113) addi sp, sp, 2
x2 <- 0x00000002


mem[X,0x8001B514] -> 0x006F
mem[X,0x8001B516] -> 0x0400
[2947] [M]: 0x8001B514 (0x0400006F) jal zero, 64


mem[X,0x8001B554] -> 0xA623
mem[X,0x8001B556] -> 0x4820
[2948] [M]: 0x8001B554 (0x4820A623) sw sp, 1164(ra)
mem[0x800395F4] <- 0x00000002


mem[X,0x8001B558] -> 0x5537
mem[X,0x8001B55A] -> 0x5555
[2949] [M]: 0x8001B558 (0x55555537) lui a0, 349525
x10 <- 0x55555000


mem[X,0x8001B55C] -> 0x0513
mem[X,0x8001B55E] -> 0x5545
[2950] [M]: 0x8001B55C (0x55450513) addi a0, a0, 1364
x10 <- 0x55555554


mem[X,0x8001B560] -> 0xB5B7
mem[X,0x8001B562] -> 0x0000
[2951] [M]: 0x8001B560 (0x0000B5B7) lui a1, 11
x11 <- 0x0000B000


mem[X,0x8001B564] -> 0x8593
mem[X,0x8001B566] -> 0x5055
[2952] [M]: 0x8001B564 (0x50558593) addi a1, a1, 1285
x11 <- 0x0000B505


mem[X,0x8001B568] -> 0x0113
mem[X,0x8001B56A] -> 0x0000
[2953] [M]: 0x8001B568 (0x00000113) addi sp, zero, 0
x2 <- 0x00000000


mem[X,0x8001B56C] -> 0x006F
mem[X,0x8001B56E] -> 0x00C0
[2954] [M]: 0x8001B56C (0x00C0006F) jal zero, 12


mem[X,0x8001B578] -> 0x4663
mem[X,0x8001B57A] -> 0x00B5
[2955] [M]: 0x8001B578 (0x00B54663) blt a0, a1, 12


mem[X,0x8001B57C] -> 0x0113
mem[X,0x8001B57E] -> 0x0021
[2956] [M]: 0x8001B57C (0x00210113) addi sp, sp, 2
x2 <- 0x00000002


mem[X,0x8001B580] -> 0x006F
mem[X,0x8001B582] -> 0x00C0
[2957] [M]: 0x8001B580 (0x00C0006F) jal zero, 12


mem[X,0x8001B58C] -> 0xA823
mem[X,0x8001B58E] -> 0x4820
[2958] [M]: 0x8001B58C (0x4820A823) sw sp, 1168(ra)
mem[0x800395F8] <- 0x00000002


mem[X,0x8001B590] -> 0x0513
mem[X,0x8001B592] -> 0x0000
[2959] [M]: 0x8001B590 (0x00000513) addi a0, zero, 0
x10 <- 0x00000000


mem[X,0x8001B594] -> 0x0593
mem[X,0x8001B596] -> 0x0030
[2960] [M]: 0x8001B594 (0x00300593) addi a1, zero, 3
x11 <- 0x00000003


mem[X,0x8001B598] -> 0x0113
mem[X,0x8001B59A] -> 0x0000
[2961] [M]: 0x8001B598 (0x00000113) addi sp, zero, 0
x2 <- 0x00000000


mem[X,0x8001B59C] -> 0x006F
mem[X,0x8001B59E] -> 0x2B10
[2962] [M]: 0x8001B59C (0x2B10006F) jal zero, 2736


mem[X,0x8001C04C] -> 0x4A63
mem[X,0x8001C04E] -> 0xD4B5
[2963] [M]: 0x8001C04C (0xD4B54A63) blt a0, a1, 5460


mem[X,0x8001B5A0] -> 0x0113
mem[X,0x8001B5A2] -> 0x0011
[2964] [M]: 0x8001B5A0 (0x00110113) addi sp, sp, 1
x2 <- 0x00000001


mem[X,0x8001B5A4] -> 0x006F
mem[X,0x8001B5A6] -> 0x2BD0
[2965] [M]: 0x8001B5A4 (0x2BD0006F) jal zero, 2748


mem[X,0x8001C060] -> 0xAA23
mem[X,0x8001C062] -> 0x4820
[2966] [M]: 0x8001C060 (0x4820AA23) sw sp, 1172(ra)
mem[0x800395FC] <- 0x00000001


mem[X,0x8001C064] -> 0x0513
mem[X,0x8001C066] -> 0x0000
[2967] [M]: 0x8001C064 (0x00000513) addi a0, zero, 0
x10 <- 0x00000000


mem[X,0x8001C068] -> 0x55B7
mem[X,0x8001C06A] -> 0x5555
[2968] [M]: 0x8001C068 (0x555555B7) lui a1, 349525
x11 <- 0x55555000


mem[X,0x8001C06C] -> 0x8593
mem[X,0x8001C06E] -> 0x5555
[2969] [M]: 0x8001C06C (0x55558593) addi a1, a1, 1365
x11 <- 0x55555555


mem[X,0x8001C070] -> 0x0113
mem[X,0x8001C072] -> 0x0000
[2970] [M]: 0x8001C070 (0x00000113) addi sp, zero, 0
x2 <- 0x00000000


mem[X,0x8001C074] -> 0x006F
mem[X,0x8001C076] -> 0x00C0
[2971] [M]: 0x8001C074 (0x00C0006F) jal zero, 12


mem[X,0x8001C080] -> 0x4CE3
mem[X,0x8001C082] -> 0xFEB5
[2972] [M]: 0x8001C080 (0xFEB54CE3) blt a0, a1, 8184


mem[X,0x8001C078] -> 0x0113
mem[X,0x8001C07A] -> 0x0011
[2973] [M]: 0x8001C078 (0x00110113) addi sp, sp, 1
x2 <- 0x00000001


mem[X,0x8001C07C] -> 0x006F
mem[X,0x8001C07E] -> 0x0180
[2974] [M]: 0x8001C07C (0x0180006F) jal zero, 24


mem[X,0x8001C094] -> 0xAC23
mem[X,0x8001C096] -> 0x4820
[2975] [M]: 0x8001C094 (0x4820AC23) sw sp, 1176(ra)
mem[0x80039600] <- 0x00000001


mem[X,0x8001C098] -> 0x0513
mem[X,0x8001C09A] -> 0x0000
[2976] [M]: 0x8001C098 (0x00000513) addi a0, zero, 0
x10 <- 0x00000000


mem[X,0x8001C09C] -> 0xB5B7
mem[X,0x8001C09E] -> 0xAAAA
[2977] [M]: 0x8001C09C (0xAAAAB5B7) lui a1, 699051
x11 <- 0xAAAAB000


mem[X,0x8001C0A0] -> 0x8593
mem[X,0x8001C0A2] -> 0xAAA5
[2978] [M]: 0x8001C0A0 (0xAAA58593) addi a1, a1, 2730
x11 <- 0xAAAAAAAA


mem[X,0x8001C0A4] -> 0x0113
mem[X,0x8001C0A6] -> 0x0000
[2979] [M]: 0x8001C0A4 (0x00000113) addi sp, zero, 0
x2 <- 0x00000000


mem[X,0x8001C0A8] -> 0x006F
mem[X,0x8001C0AA] -> 0x00C0
[2980] [M]: 0x8001C0A8 (0x00C0006F) jal zero, 12


mem[X,0x8001C0B4] -> 0x4663
mem[X,0x8001C0B6] -> 0x00B5
[2981] [M]: 0x8001C0B4 (0x00B54663) blt a0, a1, 12


mem[X,0x8001C0B8] -> 0x0113
mem[X,0x8001C0BA] -> 0x0021
[2982] [M]: 0x8001C0B8 (0x00210113) addi sp, sp, 2
x2 <- 0x00000002


mem[X,0x8001C0BC] -> 0x006F
mem[X,0x8001C0BE] -> 0x00C0
[2983] [M]: 0x8001C0BC (0x00C0006F) jal zero, 12


mem[X,0x8001C0C8] -> 0xAE23
mem[X,0x8001C0CA] -> 0x4820
[2984] [M]: 0x8001C0C8 (0x4820AE23) sw sp, 1180(ra)
mem[0x80039604] <- 0x00000002


mem[X,0x8001C0CC] -> 0x0513
mem[X,0x8001C0CE] -> 0x0000
[2985] [M]: 0x8001C0CC (0x00000513) addi a0, zero, 0
x10 <- 0x00000000


mem[X,0x8001C0D0] -> 0x0593
mem[X,0x8001C0D2] -> 0x0050
[2986] [M]: 0x8001C0D0 (0x00500593) addi a1, zero, 5
x11 <- 0x00000005


mem[X,0x8001C0D4] -> 0x0113
mem[X,0x8001C0D6] -> 0x0000
[2987] [M]: 0x8001C0D4 (0x00000113) addi sp, zero, 0
x2 <- 0x00000000


mem[X,0x8001C0D8] -> 0x006F
mem[X,0x8001C0DA] -> 0x00C0
[2988] [M]: 0x8001C0D8 (0x00C0006F) jal zero, 12


mem[X,0x8001C0E4] -> 0x4663
mem[X,0x8001C0E6] -> 0x00B5
[2989] [M]: 0x8001C0E4 (0x00B54663) blt a0, a1, 12


mem[X,0x8001C0F0] -> 0x0113
mem[X,0x8001C0F2] -> 0x0031
[2990] [M]: 0x8001C0F0 (0x00310113) addi sp, sp, 3
x2 <- 0x00000003


mem[X,0x8001C0F4] -> 0x006F
mem[X,0x8001C0F6] -> 0x0040
[2991] [M]: 0x8001C0F4 (0x0040006F) jal zero, 4


mem[X,0x8001C0F8] -> 0xA023
mem[X,0x8001C0FA] -> 0x4A20
[2992] [M]: 0x8001C0F8 (0x4A20A023) sw sp, 1184(ra)
mem[0x80039608] <- 0x00000003


mem[X,0x8001C0FC] -> 0x0513
mem[X,0x8001C0FE] -> 0x0000
[2993] [M]: 0x8001C0FC (0x00000513) addi a0, zero, 0
x10 <- 0x00000000


mem[X,0x8001C100] -> 0x35B7
mem[X,0x8001C102] -> 0x3333
[2994] [M]: 0x8001C100 (0x333335B7) lui a1, 209715
x11 <- 0x33333000


mem[X,0x8001C104] -> 0x8593
mem[X,0x8001C106] -> 0x3335
[2995] [M]: 0x8001C104 (0x33358593) addi a1, a1, 819
x11 <- 0x33333333


mem[X,0x8001C108] -> 0x0113
mem[X,0x8001C10A] -> 0x0000
[2996] [M]: 0x8001C108 (0x00000113) addi sp, zero, 0
x2 <- 0x00000000


mem[X,0x8001C10C] -> 0x006F
mem[X,0x8001C10E] -> 0x0180
[2997] [M]: 0x8001C10C (0x0180006F) jal zero, 24


mem[X,0x8001C124] -> 0x46E3
mem[X,0x8001C126] -> 0xFEB5
[2998] [M]: 0x8001C124 (0xFEB546E3) blt a0, a1, 8172


mem[X,0x8001C110] -> 0x0113
mem[X,0x8001C112] -> 0x0011
[2999] [M]: 0x8001C110 (0x00110113) addi sp, sp, 1
x2 <- 0x00000001


clint::tick mtime <- 0x000000000000001E
 clint timer pending at mtime 0x000000000000001E
htif::tick 0x0000000000000000
mem[X,0x8001C114] -> 0x006F
mem[X,0x8001C116] -> 0x0240
[3000] [M]: 0x8001C114 (0x0240006F) jal zero, 36


mem[X,0x8001C138] -> 0xA223
mem[X,0x8001C13A] -> 0x4A20
[3001] [M]: 0x8001C138 (0x4A20A223) sw sp, 1188(ra)
mem[0x8003960C] <- 0x00000001


mem[X,0x8001C13C] -> 0x0513
mem[X,0x8001C13E] -> 0x0000
[3002] [M]: 0x8001C13C (0x00000513) addi a0, zero, 0
x10 <- 0x00000000


mem[X,0x8001C140] -> 0x65B7
mem[X,0x8001C142] -> 0x6666
[3003] [M]: 0x8001C140 (0x666665B7) lui a1, 419430
x11 <- 0x66666000


mem[X,0x8001C144] -> 0x8593
mem[X,0x8001C146] -> 0x6665
[3004] [M]: 0x8001C144 (0x66658593) addi a1, a1, 1638
x11 <- 0x66666666


mem[X,0x8001C148] -> 0x0113
mem[X,0x8001C14A] -> 0x0000
[3005] [M]: 0x8001C148 (0x00000113) addi sp, zero, 0
x2 <- 0x00000000


mem[X,0x8001C14C] -> 0x006F
mem[X,0x8001C14E] -> 0x0100
[3006] [M]: 0x8001C14C (0x0100006F) jal zero, 16


mem[X,0x8001C15C] -> 0x4AE3
mem[X,0x8001C15E] -> 0xFEB5
[3007] [M]: 0x8001C15C (0xFEB54AE3) blt a0, a1, 8180


mem[X,0x8001C150] -> 0x0113
mem[X,0x8001C152] -> 0x0011
[3008] [M]: 0x8001C150 (0x00110113) addi sp, sp, 1
x2 <- 0x00000001


mem[X,0x8001C154] -> 0x006F
mem[X,0x8001C156] -> 0x01C0
[3009] [M]: 0x8001C154 (0x01C0006F) jal zero, 28


mem[X,0x8001C170] -> 0xA423
mem[X,0x8001C172] -> 0x4A20
[3010] [M]: 0x8001C170 (0x4A20A423) sw sp, 1192(ra)
mem[0x80039610] <- 0x00000001


mem[X,0x8001C174] -> 0x0513
mem[X,0x8001C176] -> 0x0000
[3011] [M]: 0x8001C174 (0x00000513) addi a0, zero, 0
x10 <- 0x00000000


mem[X,0x8001C178] -> 0x55B7
mem[X,0x8001C17A] -> 0xFFFF
[3012] [M]: 0x8001C178 (0xFFFF55B7) lui a1, 1048565
x11 <- 0xFFFF5000


mem[X,0x8001C17C] -> 0x8593
mem[X,0x8001C17E] -> 0xAFC5
[3013] [M]: 0x8001C17C (0xAFC58593) addi a1, a1, 2812
x11 <- 0xFFFF4AFC


mem[X,0x8001C180] -> 0x0113
mem[X,0x8001C182] -> 0x0000
[3014] [M]: 0x8001C180 (0x00000113) addi sp, zero, 0
x2 <- 0x00000000


mem[X,0x8001C184] -> 0x006F
mem[X,0x8001C186] -> 0x0180
[3015] [M]: 0x8001C184 (0x0180006F) jal zero, 24


mem[X,0x8001C19C] -> 0x46E3
mem[X,0x8001C19E] -> 0xFEB5
[3016] [M]: 0x8001C19C (0xFEB546E3) blt a0, a1, 8172


mem[X,0x8001C1A0] -> 0x0113
mem[X,0x8001C1A2] -> 0x0021
[3017] [M]: 0x8001C1A0 (0x00210113) addi sp, sp, 2
x2 <- 0x00000002


mem[X,0x8001C1A4] -> 0x006F
mem[X,0x8001C1A6] -> 0x00C0
[3018] [M]: 0x8001C1A4 (0x00C0006F) jal zero, 12


mem[X,0x8001C1B0] -> 0xA623
mem[X,0x8001C1B2] -> 0x4A20
[3019] [M]: 0x8001C1B0 (0x4A20A623) sw sp, 1196(ra)
mem[0x80039614] <- 0x00000002


mem[X,0x8001C1B4] -> 0x0513
mem[X,0x8001C1B6] -> 0x0000
[3020] [M]: 0x8001C1B4 (0x00000513) addi a0, zero, 0
x10 <- 0x00000000


mem[X,0x8001C1B8] -> 0xB5B7
mem[X,0x8001C1BA] -> 0x0000
[3021] [M]: 0x8001C1B8 (0x0000B5B7) lui a1, 11
x11 <- 0x0000B000


mem[X,0x8001C1BC] -> 0x8593
mem[X,0x8001C1BE] -> 0x5045
[3022] [M]: 0x8001C1BC (0x50458593) addi a1, a1, 1284
x11 <- 0x0000B504


mem[X,0x8001C1C0] -> 0x0113
mem[X,0x8001C1C2] -> 0x0000
[3023] [M]: 0x8001C1C0 (0x00000113) addi sp, zero, 0
x2 <- 0x00000000


mem[X,0x8001C1C4] -> 0x006F
mem[X,0x8001C1C6] -> 0x0050
[3024] [M]: 0x8001C1C4 (0x0050006F) jal zero, 2052


mem[X,0x8001C9C8] -> 0x40E3
mem[X,0x8001C9CA] -> 0x80B5
[3025] [M]: 0x8001C9C8 (0x80B540E3) blt a0, a1, 6144


mem[X,0x8001C1C8] -> 0x0113
mem[X,0x8001C1CA] -> 0x0011
[3026] [M]: 0x8001C1C8 (0x00110113) addi sp, sp, 1
x2 <- 0x00000001


mem[X,0x8001C1CC] -> 0x006F
mem[X,0x8001C1CE] -> 0x0110
[3027] [M]: 0x8001C1CC (0x0110006F) jal zero, 2064


mem[X,0x8001C9DC] -> 0xA823
mem[X,0x8001C9DE] -> 0x4A20
[3028] [M]: 0x8001C9DC (0x4A20A823) sw sp, 1200(ra)
mem[0x80039618] <- 0x00000001


mem[X,0x8001C9E0] -> 0xB537
mem[X,0x8001C9E2] -> 0xAAAA
[3029] [M]: 0x8001C9E0 (0xAAAAB537) lui a0, 699051
x10 <- 0xAAAAB000


mem[X,0x8001C9E4] -> 0x0513
mem[X,0x8001C9E6] -> 0xAAB5
[3030] [M]: 0x8001C9E4 (0xAAB50513) addi a0, a0, 2731
x10 <- 0xAAAAAAAB


mem[X,0x8001C9E8] -> 0x35B7
mem[X,0x8001C9EA] -> 0x3333
[3031] [M]: 0x8001C9E8 (0x333335B7) lui a1, 209715
x11 <- 0x33333000


mem[X,0x8001C9EC] -> 0x8593
mem[X,0x8001C9EE] -> 0x3345
[3032] [M]: 0x8001C9EC (0x33458593) addi a1, a1, 820
x11 <- 0x33333334


mem[X,0x8001C9F0] -> 0x0113
mem[X,0x8001C9F2] -> 0x0000
[3033] [M]: 0x8001C9F0 (0x00000113) addi sp, zero, 0
x2 <- 0x00000000


mem[X,0x8001C9F4] -> 0x006F
mem[X,0x8001C9F6] -> 0x00C0
[3034] [M]: 0x8001C9F4 (0x00C0006F) jal zero, 12


mem[X,0x8001CA00] -> 0x4CE3
mem[X,0x8001CA02] -> 0xFEB5
[3035] [M]: 0x8001CA00 (0xFEB54CE3) blt a0, a1, 8184


mem[X,0x8001C9F8] -> 0x0113
mem[X,0x8001C9FA] -> 0x0011
[3036] [M]: 0x8001C9F8 (0x00110113) addi sp, sp, 1
x2 <- 0x00000001


mem[X,0x8001C9FC] -> 0x006F
mem[X,0x8001C9FE] -> 0x0180
[3037] [M]: 0x8001C9FC (0x0180006F) jal zero, 24


mem[X,0x8001CA14] -> 0xAA23
mem[X,0x8001CA16] -> 0x4A20
[3038] [M]: 0x8001CA14 (0x4A20AA23) sw sp, 1204(ra)
mem[0x8003961C] <- 0x00000001


mem[X,0x8001CA18] -> 0xB537
mem[X,0x8001CA1A] -> 0xAAAA
[3039] [M]: 0x8001CA18 (0xAAAAB537) lui a0, 699051
x10 <- 0xAAAAB000


mem[X,0x8001CA1C] -> 0x0513
mem[X,0x8001CA1E] -> 0xAAB5
[3040] [M]: 0x8001CA1C (0xAAB50513) addi a0, a0, 2731
x10 <- 0xAAAAAAAB


mem[X,0x8001CA20] -> 0x65B7
mem[X,0x8001CA22] -> 0x6666
[3041] [M]: 0x8001CA20 (0x666665B7) lui a1, 419430
x11 <- 0x66666000


mem[X,0x8001CA24] -> 0x8593
mem[X,0x8001CA26] -> 0x6675
[3042] [M]: 0x8001CA24 (0x66758593) addi a1, a1, 1639
x11 <- 0x66666667


mem[X,0x8001CA28] -> 0x0113
mem[X,0x8001CA2A] -> 0x0000
[3043] [M]: 0x8001CA28 (0x00000113) addi sp, zero, 0
x2 <- 0x00000000


mem[X,0x8001CA2C] -> 0x006F
mem[X,0x8001CA2E] -> 0x00C0
[3044] [M]: 0x8001CA2C (0x00C0006F) jal zero, 12


mem[X,0x8001CA38] -> 0x4863
mem[X,0x8001CA3A] -> 0x00B5
[3045] [M]: 0x8001CA38 (0x00B54863) blt a0, a1, 16


mem[X,0x8001CA48] -> 0x0113
mem[X,0x8001CA4A] -> 0x0031
[3046] [M]: 0x8001CA48 (0x00310113) addi sp, sp, 3
x2 <- 0x00000003


mem[X,0x8001CA4C] -> 0x006F
mem[X,0x8001CA4E] -> 0x0040
[3047] [M]: 0x8001CA4C (0x0040006F) jal zero, 4


mem[X,0x8001CA50] -> 0xAC23
mem[X,0x8001CA52] -> 0x4A20
[3048] [M]: 0x8001CA50 (0x4A20AC23) sw sp, 1208(ra)
mem[0x80039620] <- 0x00000003


mem[X,0x8001CA54] -> 0xB537
mem[X,0x8001CA56] -> 0xAAAA
[3049] [M]: 0x8001CA54 (0xAAAAB537) lui a0, 699051
x10 <- 0xAAAAB000


mem[X,0x8001CA58] -> 0x0513
mem[X,0x8001CA5A] -> 0xAAB5
[3050] [M]: 0x8001CA58 (0xAAB50513) addi a0, a0, 2731
x10 <- 0xAAAAAAAB


mem[X,0x8001CA5C] -> 0x55B7
mem[X,0x8001CA5E] -> 0xFFFF
[3051] [M]: 0x8001CA5C (0xFFFF55B7) lui a1, 1048565
x11 <- 0xFFFF5000


mem[X,0x8001CA60] -> 0x8593
mem[X,0x8001CA62] -> 0xAFD5
[3052] [M]: 0x8001CA60 (0xAFD58593) addi a1, a1, 2813
x11 <- 0xFFFF4AFD


mem[X,0x8001CA64] -> 0x0113
mem[X,0x8001CA66] -> 0x0000
[3053] [M]: 0x8001CA64 (0x00000113) addi sp, zero, 0
x2 <- 0x00000000


mem[X,0x8001CA68] -> 0x006F
mem[X,0x8001CA6A] -> 0x0100
[3054] [M]: 0x8001CA68 (0x0100006F) jal zero, 16


mem[X,0x8001CA78] -> 0x4AE3
mem[X,0x8001CA7A] -> 0xFEB5
[3055] [M]: 0x8001CA78 (0xFEB54AE3) blt a0, a1, 8180


mem[X,0x8001CA6C] -> 0x0113
mem[X,0x8001CA6E] -> 0x0011
[3056] [M]: 0x8001CA6C (0x00110113) addi sp, sp, 1
x2 <- 0x00000001


mem[X,0x8001CA70] -> 0x006F
mem[X,0x8001CA72] -> 0x01C0
[3057] [M]: 0x8001CA70 (0x01C0006F) jal zero, 28


mem[X,0x8001CA8C] -> 0xAE23
mem[X,0x8001CA8E] -> 0x4A20
[3058] [M]: 0x8001CA8C (0x4A20AE23) sw sp, 1212(ra)
mem[0x80039624] <- 0x00000001


mem[X,0x8001CA90] -> 0xB537
mem[X,0x8001CA92] -> 0xAAAA
[3059] [M]: 0x8001CA90 (0xAAAAB537) lui a0, 699051
x10 <- 0xAAAAB000


mem[X,0x8001CA94] -> 0x0513
mem[X,0x8001CA96] -> 0xAAB5
[3060] [M]: 0x8001CA94 (0xAAB50513) addi a0, a0, 2731
x10 <- 0xAAAAAAAB


mem[X,0x8001CA98] -> 0xB5B7
mem[X,0x8001CA9A] -> 0x0000
[3061] [M]: 0x8001CA98 (0x0000B5B7) lui a1, 11
x11 <- 0x0000B000


mem[X,0x8001CA9C] -> 0x8593
mem[X,0x8001CA9E] -> 0x5055
[3062] [M]: 0x8001CA9C (0x50558593) addi a1, a1, 1285
x11 <- 0x0000B505


mem[X,0x8001CAA0] -> 0x0113
mem[X,0x8001CAA2] -> 0x0000
[3063] [M]: 0x8001CAA0 (0x00000113) addi sp, zero, 0
x2 <- 0x00000000


mem[X,0x8001CAA4] -> 0x006F
mem[X,0x8001CAA6] -> 0x00C0
[3064] [M]: 0x8001CAA4 (0x00C0006F) jal zero, 12


mem[X,0x8001CAB0] -> 0x4663
mem[X,0x8001CAB2] -> 0x00B5
[3065] [M]: 0x8001CAB0 (0x00B54663) blt a0, a1, 12


mem[X,0x8001CABC] -> 0x0113
mem[X,0x8001CABE] -> 0x0031
[3066] [M]: 0x8001CABC (0x00310113) addi sp, sp, 3
x2 <- 0x00000003


mem[X,0x8001CAC0] -> 0x006F
mem[X,0x8001CAC2] -> 0x0040
[3067] [M]: 0x8001CAC0 (0x0040006F) jal zero, 4


mem[X,0x8001CAC4] -> 0xA023
mem[X,0x8001CAC6] -> 0x4C20
[3068] [M]: 0x8001CAC4 (0x4C20A023) sw sp, 1216(ra)
mem[0x80039628] <- 0x00000003


mem[X,0x8001CAC8] -> 0x0513
mem[X,0x8001CACA] -> 0x0060
[3069] [M]: 0x8001CAC8 (0x00600513) addi a0, zero, 6
x10 <- 0x00000006


mem[X,0x8001CACC] -> 0x0593
mem[X,0x8001CACE] -> 0x0030
[3070] [M]: 0x8001CACC (0x00300593) addi a1, zero, 3
x11 <- 0x00000003


mem[X,0x8001CAD0] -> 0x0113
mem[X,0x8001CAD2] -> 0x0000
[3071] [M]: 0x8001CAD0 (0x00000113) addi sp, zero, 0
x2 <- 0x00000000


mem[X,0x8001CAD4] -> 0x006F
mem[X,0x8001CAD6] -> 0x00C0
[3072] [M]: 0x8001CAD4 (0x00C0006F) jal zero, 12


mem[X,0x8001CAE0] -> 0x4063
mem[X,0x8001CAE2] -> 0x08B5
[3073] [M]: 0x8001CAE0 (0x08B54063) blt a0, a1, 128


mem[X,0x8001CAE4] -> 0x0113
mem[X,0x8001CAE6] -> 0x0021
[3074] [M]: 0x8001CAE4 (0x00210113) addi sp, sp, 2
x2 <- 0x00000002


mem[X,0x8001CAE8] -> 0x006F
mem[X,0x8001CAEA] -> 0x0800
[3075] [M]: 0x8001CAE8 (0x0800006F) jal zero, 128


mem[X,0x8001CB68] -> 0xA223
mem[X,0x8001CB6A] -> 0x4C20
[3076] [M]: 0x8001CB68 (0x4C20A223) sw sp, 1220(ra)
mem[0x8003962C] <- 0x00000002


mem[X,0x8001CB6C] -> 0x0513
mem[X,0x8001CB6E] -> 0x0060
[3077] [M]: 0x8001CB6C (0x00600513) addi a0, zero, 6
x10 <- 0x00000006


mem[X,0x8001CB70] -> 0x55B7
mem[X,0x8001CB72] -> 0x5555
[3078] [M]: 0x8001CB70 (0x555555B7) lui a1, 349525
x11 <- 0x55555000


mem[X,0x8001CB74] -> 0x8593
mem[X,0x8001CB76] -> 0x5555
[3079] [M]: 0x8001CB74 (0x55558593) addi a1, a1, 1365
x11 <- 0x55555555


mem[X,0x8001CB78] -> 0x0113
mem[X,0x8001CB7A] -> 0x0000
[3080] [M]: 0x8001CB78 (0x00000113) addi sp, zero, 0
x2 <- 0x00000000


mem[X,0x8001CB7C] -> 0x006F
mem[X,0x8001CB7E] -> 0x00C0
[3081] [M]: 0x8001CB7C (0x00C0006F) jal zero, 12


mem[X,0x8001CB88] -> 0x4663
mem[X,0x8001CB8A] -> 0x00B5
[3082] [M]: 0x8001CB88 (0x00B54663) blt a0, a1, 12


mem[X,0x8001CB94] -> 0x0113
mem[X,0x8001CB96] -> 0x0031
[3083] [M]: 0x8001CB94 (0x00310113) addi sp, sp, 3
x2 <- 0x00000003


mem[X,0x8001CB98] -> 0x006F
mem[X,0x8001CB9A] -> 0x0040
[3084] [M]: 0x8001CB98 (0x0040006F) jal zero, 4


mem[X,0x8001CB9C] -> 0xA423
mem[X,0x8001CB9E] -> 0x4C20
[3085] [M]: 0x8001CB9C (0x4C20A423) sw sp, 1224(ra)
mem[0x80039630] <- 0x00000003


mem[X,0x8001CBA0] -> 0x0513
mem[X,0x8001CBA2] -> 0x0060
[3086] [M]: 0x8001CBA0 (0x00600513) addi a0, zero, 6
x10 <- 0x00000006


mem[X,0x8001CBA4] -> 0xB5B7
mem[X,0x8001CBA6] -> 0xAAAA
[3087] [M]: 0x8001CBA4 (0xAAAAB5B7) lui a1, 699051
x11 <- 0xAAAAB000


mem[X,0x8001CBA8] -> 0x8593
mem[X,0x8001CBAA] -> 0xAAA5
[3088] [M]: 0x8001CBA8 (0xAAA58593) addi a1, a1, 2730
x11 <- 0xAAAAAAAA


mem[X,0x8001CBAC] -> 0x0113
mem[X,0x8001CBAE] -> 0x0000
[3089] [M]: 0x8001CBAC (0x00000113) addi sp, zero, 0
x2 <- 0x00000000


mem[X,0x8001CBB0] -> 0x006F
mem[X,0x8001CBB2] -> 0x00C0
[3090] [M]: 0x8001CBB0 (0x00C0006F) jal zero, 12


mem[X,0x8001CBBC] -> 0x4663
mem[X,0x8001CBBE] -> 0x00B5
[3091] [M]: 0x8001CBBC (0x00B54663) blt a0, a1, 12


mem[X,0x8001CBC0] -> 0x0113
mem[X,0x8001CBC2] -> 0x0021
[3092] [M]: 0x8001CBC0 (0x00210113) addi sp, sp, 2
x2 <- 0x00000002


mem[X,0x8001CBC4] -> 0x006F
mem[X,0x8001CBC6] -> 0x00C0
[3093] [M]: 0x8001CBC4 (0x00C0006F) jal zero, 12


mem[X,0x8001CBD0] -> 0xA623
mem[X,0x8001CBD2] -> 0x4C20
[3094] [M]: 0x8001CBD0 (0x4C20A623) sw sp, 1228(ra)
mem[0x80039634] <- 0x00000002


mem[X,0x8001CBD4] -> 0x0513
mem[X,0x8001CBD6] -> 0x0060
[3095] [M]: 0x8001CBD4 (0x00600513) addi a0, zero, 6
x10 <- 0x00000006


mem[X,0x8001CBD8] -> 0x0593
mem[X,0x8001CBDA] -> 0x0050
[3096] [M]: 0x8001CBD8 (0x00500593) addi a1, zero, 5
x11 <- 0x00000005


mem[X,0x8001CBDC] -> 0x0113
mem[X,0x8001CBDE] -> 0x0000
[3097] [M]: 0x8001CBDC (0x00000113) addi sp, zero, 0
x2 <- 0x00000000


mem[X,0x8001CBE0] -> 0x006F
mem[X,0x8001CBE2] -> 0x00C0
[3098] [M]: 0x8001CBE0 (0x00C0006F) jal zero, 12


mem[X,0x8001CBEC] -> 0x4063
mem[X,0x8001CBEE] -> 0x10B5
[3099] [M]: 0x8001CBEC (0x10B54063) blt a0, a1, 256


clint::tick mtime <- 0x000000000000001F
 clint timer pending at mtime 0x000000000000001F
htif::tick 0x0000000000000000
mem[X,0x8001CBF0] -> 0x0113
mem[X,0x8001CBF2] -> 0x0021
[3100] [M]: 0x8001CBF0 (0x00210113) addi sp, sp, 2
x2 <- 0x00000002


mem[X,0x8001CBF4] -> 0x006F
mem[X,0x8001CBF6] -> 0x1000
[3101] [M]: 0x8001CBF4 (0x1000006F) jal zero, 256


mem[X,0x8001CCF4] -> 0xA823
mem[X,0x8001CCF6] -> 0x4C20
[3102] [M]: 0x8001CCF4 (0x4C20A823) sw sp, 1232(ra)
mem[0x80039638] <- 0x00000002


mem[X,0x8001CCF8] -> 0x0513
mem[X,0x8001CCFA] -> 0x0060
[3103] [M]: 0x8001CCF8 (0x00600513) addi a0, zero, 6
x10 <- 0x00000006


mem[X,0x8001CCFC] -> 0x35B7
mem[X,0x8001CCFE] -> 0x3333
[3104] [M]: 0x8001CCFC (0x333335B7) lui a1, 209715
x11 <- 0x33333000


mem[X,0x8001CD00] -> 0x8593
mem[X,0x8001CD02] -> 0x3335
[3105] [M]: 0x8001CD00 (0x33358593) addi a1, a1, 819
x11 <- 0x33333333


mem[X,0x8001CD04] -> 0x0113
mem[X,0x8001CD06] -> 0x0000
[3106] [M]: 0x8001CD04 (0x00000113) addi sp, zero, 0
x2 <- 0x00000000


mem[X,0x8001CD08] -> 0x006F
mem[X,0x8001CD0A] -> 0x0100
[3107] [M]: 0x8001CD08 (0x0100006F) jal zero, 16


mem[X,0x8001CD18] -> 0x4AE3
mem[X,0x8001CD1A] -> 0xFEB5
[3108] [M]: 0x8001CD18 (0xFEB54AE3) blt a0, a1, 8180


mem[X,0x8001CD0C] -> 0x0113
mem[X,0x8001CD0E] -> 0x0011
[3109] [M]: 0x8001CD0C (0x00110113) addi sp, sp, 1
x2 <- 0x00000001


mem[X,0x8001CD10] -> 0x006F
mem[X,0x8001CD12] -> 0x01C0
[3110] [M]: 0x8001CD10 (0x01C0006F) jal zero, 28


mem[X,0x8001CD2C] -> 0xAA23
mem[X,0x8001CD2E] -> 0x4C20
[3111] [M]: 0x8001CD2C (0x4C20AA23) sw sp, 1236(ra)
mem[0x8003963C] <- 0x00000001


mem[X,0x8001CD30] -> 0x0513
mem[X,0x8001CD32] -> 0x0060
[3112] [M]: 0x8001CD30 (0x00600513) addi a0, zero, 6
x10 <- 0x00000006


mem[X,0x8001CD34] -> 0x65B7
mem[X,0x8001CD36] -> 0x6666
[3113] [M]: 0x8001CD34 (0x666665B7) lui a1, 419430
x11 <- 0x66666000


mem[X,0x8001CD38] -> 0x8593
mem[X,0x8001CD3A] -> 0x6665
[3114] [M]: 0x8001CD38 (0x66658593) addi a1, a1, 1638
x11 <- 0x66666666


mem[X,0x8001CD3C] -> 0x0113
mem[X,0x8001CD3E] -> 0x0000
[3115] [M]: 0x8001CD3C (0x00000113) addi sp, zero, 0
x2 <- 0x00000000


mem[X,0x8001CD40] -> 0x006F
mem[X,0x8001CD42] -> 0x2B10
[3116] [M]: 0x8001CD40 (0x2B10006F) jal zero, 2736


mem[X,0x8001D7F0] -> 0x4A63
mem[X,0x8001D7F2] -> 0xD4B5
[3117] [M]: 0x8001D7F0 (0xD4B54A63) blt a0, a1, 5460


mem[X,0x8001CD44] -> 0x0113
mem[X,0x8001CD46] -> 0x0011
[3118] [M]: 0x8001CD44 (0x00110113) addi sp, sp, 1
x2 <- 0x00000001


mem[X,0x8001CD48] -> 0x006F
mem[X,0x8001CD4A] -> 0x2BD0
[3119] [M]: 0x8001CD48 (0x2BD0006F) jal zero, 2748


mem[X,0x8001D804] -> 0xAC23
mem[X,0x8001D806] -> 0x4C20
[3120] [M]: 0x8001D804 (0x4C20AC23) sw sp, 1240(ra)
mem[0x80039640] <- 0x00000001


mem[X,0x8001D808] -> 0x0513
mem[X,0x8001D80A] -> 0x0060
[3121] [M]: 0x8001D808 (0x00600513) addi a0, zero, 6
x10 <- 0x00000006


mem[X,0x8001D80C] -> 0x55B7
mem[X,0x8001D80E] -> 0xFFFF
[3122] [M]: 0x8001D80C (0xFFFF55B7) lui a1, 1048565
x11 <- 0xFFFF5000


mem[X,0x8001D810] -> 0x8593
mem[X,0x8001D812] -> 0xAFC5
[3123] [M]: 0x8001D810 (0xAFC58593) addi a1, a1, 2812
x11 <- 0xFFFF4AFC


mem[X,0x8001D814] -> 0x0113
mem[X,0x8001D816] -> 0x0000
[3124] [M]: 0x8001D814 (0x00000113) addi sp, zero, 0
x2 <- 0x00000000


mem[X,0x8001D818] -> 0x006F
mem[X,0x8001D81A] -> 0x00C0
[3125] [M]: 0x8001D818 (0x00C0006F) jal zero, 12


mem[X,0x8001D824] -> 0x4663
mem[X,0x8001D826] -> 0x00B5
[3126] [M]: 0x8001D824 (0x00B54663) blt a0, a1, 12


mem[X,0x8001D828] -> 0x0113
mem[X,0x8001D82A] -> 0x0021
[3127] [M]: 0x8001D828 (0x00210113) addi sp, sp, 2
x2 <- 0x00000002


mem[X,0x8001D82C] -> 0x006F
mem[X,0x8001D82E] -> 0x00C0
[3128] [M]: 0x8001D82C (0x00C0006F) jal zero, 12


mem[X,0x8001D838] -> 0xAE23
mem[X,0x8001D83A] -> 0x4C20
[3129] [M]: 0x8001D838 (0x4C20AE23) sw sp, 1244(ra)
mem[0x80039644] <- 0x00000002


mem[X,0x8001D83C] -> 0x0513
mem[X,0x8001D83E] -> 0x0060
[3130] [M]: 0x8001D83C (0x00600513) addi a0, zero, 6
x10 <- 0x00000006


mem[X,0x8001D840] -> 0xB5B7
mem[X,0x8001D842] -> 0x0000
[3131] [M]: 0x8001D840 (0x0000B5B7) lui a1, 11
x11 <- 0x0000B000


mem[X,0x8001D844] -> 0x8593
mem[X,0x8001D846] -> 0x5045
[3132] [M]: 0x8001D844 (0x50458593) addi a1, a1, 1284
x11 <- 0x0000B504


mem[X,0x8001D848] -> 0x0113
mem[X,0x8001D84A] -> 0x0000
[3133] [M]: 0x8001D848 (0x00000113) addi sp, zero, 0
x2 <- 0x00000000


mem[X,0x8001D84C] -> 0x006F
mem[X,0x8001D84E] -> 0x0140
[3134] [M]: 0x8001D84C (0x0140006F) jal zero, 20


mem[X,0x8001D860] -> 0x48E3
mem[X,0x8001D862] -> 0xFEB5
[3135] [M]: 0x8001D860 (0xFEB548E3) blt a0, a1, 8176


mem[X,0x8001D850] -> 0x0113
mem[X,0x8001D852] -> 0x0011
[3136] [M]: 0x8001D850 (0x00110113) addi sp, sp, 1
x2 <- 0x00000001


mem[X,0x8001D854] -> 0x006F
mem[X,0x8001D856] -> 0x0200
[3137] [M]: 0x8001D854 (0x0200006F) jal zero, 32


mem[X,0x8001D874] -> 0xA023
mem[X,0x8001D876] -> 0x4E20
[3138] [M]: 0x8001D874 (0x4E20A023) sw sp, 1248(ra)
mem[0x80039648] <- 0x00000001


mem[X,0x8001D878] -> 0x0513
mem[X,0x8001D87A] -> 0x0060
[3139] [M]: 0x8001D878 (0x00600513) addi a0, zero, 6
x10 <- 0x00000006


mem[X,0x8001D87C] -> 0x0593
mem[X,0x8001D87E] -> 0x0020
[3140] [M]: 0x8001D87C (0x00200593) addi a1, zero, 2
x11 <- 0x00000002


mem[X,0x8001D880] -> 0x0113
mem[X,0x8001D882] -> 0x0000
[3141] [M]: 0x8001D880 (0x00000113) addi sp, zero, 0
x2 <- 0x00000000


mem[X,0x8001D884] -> 0x006F
mem[X,0x8001D886] -> 0x0100
[3142] [M]: 0x8001D884 (0x0100006F) jal zero, 16


mem[X,0x8001D894] -> 0x4AE3
mem[X,0x8001D896] -> 0xFEB5
[3143] [M]: 0x8001D894 (0xFEB54AE3) blt a0, a1, 8180


mem[X,0x8001D898] -> 0x0113
mem[X,0x8001D89A] -> 0x0021
[3144] [M]: 0x8001D898 (0x00210113) addi sp, sp, 2
x2 <- 0x00000002


mem[X,0x8001D89C] -> 0x006F
mem[X,0x8001D89E] -> 0x00C0
[3145] [M]: 0x8001D89C (0x00C0006F) jal zero, 12


mem[X,0x8001D8A8] -> 0xA223
mem[X,0x8001D8AA] -> 0x4E20
[3146] [M]: 0x8001D8A8 (0x4E20A223) sw sp, 1252(ra)
mem[0x8003964C] <- 0x00000002


mem[X,0x8001D8AC] -> 0x0513
mem[X,0x8001D8AE] -> 0x0060
[3147] [M]: 0x8001D8AC (0x00600513) addi a0, zero, 6
x10 <- 0x00000006


mem[X,0x8001D8B0] -> 0x55B7
mem[X,0x8001D8B2] -> 0x5555
[3148] [M]: 0x8001D8B0 (0x555555B7) lui a1, 349525
x11 <- 0x55555000


mem[X,0x8001D8B4] -> 0x8593
mem[X,0x8001D8B6] -> 0x5545
[3149] [M]: 0x8001D8B4 (0x55458593) addi a1, a1, 1364
x11 <- 0x55555554


mem[X,0x8001D8B8] -> 0x0113
mem[X,0x8001D8BA] -> 0x0000
[3150] [M]: 0x8001D8B8 (0x00000113) addi sp, zero, 0
x2 <- 0x00000000


mem[X,0x8001D8BC] -> 0x006F
mem[X,0x8001D8BE] -> 0x00C0
[3151] [M]: 0x8001D8BC (0x00C0006F) jal zero, 12


mem[X,0x8001D8C8] -> 0x4063
mem[X,0x8001D8CA] -> 0x04B5
[3152] [M]: 0x8001D8C8 (0x04B54063) blt a0, a1, 64


mem[X,0x8001D908] -> 0x0113
mem[X,0x8001D90A] -> 0x0031
[3153] [M]: 0x8001D908 (0x00310113) addi sp, sp, 3
x2 <- 0x00000003


mem[X,0x8001D90C] -> 0x006F
mem[X,0x8001D90E] -> 0x0040
[3154] [M]: 0x8001D90C (0x0040006F) jal zero, 4


mem[X,0x8001D910] -> 0xA423
mem[X,0x8001D912] -> 0x4E20
[3155] [M]: 0x8001D910 (0x4E20A423) sw sp, 1256(ra)
mem[0x80039650] <- 0x00000003


mem[X,0x8001D914] -> 0x0513
mem[X,0x8001D916] -> 0x0060
[3156] [M]: 0x8001D914 (0x00600513) addi a0, zero, 6
x10 <- 0x00000006


mem[X,0x8001D918] -> 0x0593
mem[X,0x8001D91A] -> 0x0000
[3157] [M]: 0x8001D918 (0x00000593) addi a1, zero, 0
x11 <- 0x00000000


mem[X,0x8001D91C] -> 0x0113
mem[X,0x8001D91E] -> 0x0000
[3158] [M]: 0x8001D91C (0x00000113) addi sp, zero, 0
x2 <- 0x00000000


mem[X,0x8001D920] -> 0x006F
mem[X,0x8001D922] -> 0x0140
[3159] [M]: 0x8001D920 (0x0140006F) jal zero, 20


mem[X,0x8001D934] -> 0x48E3
mem[X,0x8001D936] -> 0xFEB5
[3160] [M]: 0x8001D934 (0xFEB548E3) blt a0, a1, 8176


mem[X,0x8001D938] -> 0x0113
mem[X,0x8001D93A] -> 0x0021
[3161] [M]: 0x8001D938 (0x00210113) addi sp, sp, 2
x2 <- 0x00000002


mem[X,0x8001D93C] -> 0x006F
mem[X,0x8001D93E] -> 0x00C0
[3162] [M]: 0x8001D93C (0x00C0006F) jal zero, 12


mem[X,0x8001D948] -> 0xA623
mem[X,0x8001D94A] -> 0x4E20
[3163] [M]: 0x8001D948 (0x4E20A623) sw sp, 1260(ra)
mem[0x80039654] <- 0x00000002


mem[X,0x8001D94C] -> 0x0513
mem[X,0x8001D94E] -> 0x0060
[3164] [M]: 0x8001D94C (0x00600513) addi a0, zero, 6
x10 <- 0x00000006


mem[X,0x8001D950] -> 0x0593
mem[X,0x8001D952] -> 0x0040
[3165] [M]: 0x8001D950 (0x00400593) addi a1, zero, 4
x11 <- 0x00000004


mem[X,0x8001D954] -> 0x0113
mem[X,0x8001D956] -> 0x0000
[3166] [M]: 0x8001D954 (0x00000113) addi sp, zero, 0
x2 <- 0x00000000


mem[X,0x8001D958] -> 0x006F
mem[X,0x8001D95A] -> 0x2B10
[3167] [M]: 0x8001D958 (0x2B10006F) jal zero, 2736


mem[X,0x8001E408] -> 0x4A63
mem[X,0x8001E40A] -> 0xD4B5
[3168] [M]: 0x8001E408 (0xD4B54A63) blt a0, a1, 5460


mem[X,0x8001E40C] -> 0x0113
mem[X,0x8001E40E] -> 0x0021
[3169] [M]: 0x8001E40C (0x00210113) addi sp, sp, 2
x2 <- 0x00000002


mem[X,0x8001E410] -> 0x006F
mem[X,0x8001E412] -> 0x00C0
[3170] [M]: 0x8001E410 (0x00C0006F) jal zero, 12


mem[X,0x8001E41C] -> 0xA823
mem[X,0x8001E41E] -> 0x4E20
[3171] [M]: 0x8001E41C (0x4E20A823) sw sp, 1264(ra)
mem[0x80039658] <- 0x00000002


mem[X,0x8001E420] -> 0x0513
mem[X,0x8001E422] -> 0x0060
[3172] [M]: 0x8001E420 (0x00600513) addi a0, zero, 6
x10 <- 0x00000006


mem[X,0x8001E424] -> 0x35B7
mem[X,0x8001E426] -> 0x3333
[3173] [M]: 0x8001E424 (0x333335B7) lui a1, 209715
x11 <- 0x33333000


mem[X,0x8001E428] -> 0x8593
mem[X,0x8001E42A] -> 0x3325
[3174] [M]: 0x8001E428 (0x33258593) addi a1, a1, 818
x11 <- 0x33333332


mem[X,0x8001E42C] -> 0x0113
mem[X,0x8001E42E] -> 0x0000
[3175] [M]: 0x8001E42C (0x00000113) addi sp, zero, 0
x2 <- 0x00000000


mem[X,0x8001E430] -> 0x006F
mem[X,0x8001E432] -> 0x00C0
[3176] [M]: 0x8001E430 (0x00C0006F) jal zero, 12


mem[X,0x8001E43C] -> 0x4CE3
mem[X,0x8001E43E] -> 0xFEB5
[3177] [M]: 0x8001E43C (0xFEB54CE3) blt a0, a1, 8184


mem[X,0x8001E434] -> 0x0113
mem[X,0x8001E436] -> 0x0011
[3178] [M]: 0x8001E434 (0x00110113) addi sp, sp, 1
x2 <- 0x00000001


mem[X,0x8001E438] -> 0x006F
mem[X,0x8001E43A] -> 0x0180
[3179] [M]: 0x8001E438 (0x0180006F) jal zero, 24


mem[X,0x8001E450] -> 0xAA23
mem[X,0x8001E452] -> 0x4E20
[3180] [M]: 0x8001E450 (0x4E20AA23) sw sp, 1268(ra)
mem[0x8003965C] <- 0x00000001


mem[X,0x8001E454] -> 0x0513
mem[X,0x8001E456] -> 0x0060
[3181] [M]: 0x8001E454 (0x00600513) addi a0, zero, 6
x10 <- 0x00000006


mem[X,0x8001E458] -> 0x65B7
mem[X,0x8001E45A] -> 0x6666
[3182] [M]: 0x8001E458 (0x666665B7) lui a1, 419430
x11 <- 0x66666000


mem[X,0x8001E45C] -> 0x8593
mem[X,0x8001E45E] -> 0x6655
[3183] [M]: 0x8001E45C (0x66558593) addi a1, a1, 1637
x11 <- 0x66666665


mem[X,0x8001E460] -> 0x0113
mem[X,0x8001E462] -> 0x0000
[3184] [M]: 0x8001E460 (0x00000113) addi sp, zero, 0
x2 <- 0x00000000


mem[X,0x8001E464] -> 0x006F
mem[X,0x8001E466] -> 0x00C0
[3185] [M]: 0x8001E464 (0x00C0006F) jal zero, 12


mem[X,0x8001E470] -> 0x4063
mem[X,0x8001E472] -> 0x40B5
[3186] [M]: 0x8001E470 (0x40B54063) blt a0, a1, 1024


mem[X,0x8001E870] -> 0x0113
mem[X,0x8001E872] -> 0x0031
[3187] [M]: 0x8001E870 (0x00310113) addi sp, sp, 3
x2 <- 0x00000003


mem[X,0x8001E874] -> 0x006F
mem[X,0x8001E876] -> 0x0040
[3188] [M]: 0x8001E874 (0x0040006F) jal zero, 4


mem[X,0x8001E878] -> 0xAC23
mem[X,0x8001E87A] -> 0x4E20
[3189] [M]: 0x8001E878 (0x4E20AC23) sw sp, 1272(ra)
mem[0x80039660] <- 0x00000003


mem[X,0x8001E87C] -> 0x0513
mem[X,0x8001E87E] -> 0x0060
[3190] [M]: 0x8001E87C (0x00600513) addi a0, zero, 6
x10 <- 0x00000006


mem[X,0x8001E880] -> 0xB5B7
mem[X,0x8001E882] -> 0x0000
[3191] [M]: 0x8001E880 (0x0000B5B7) lui a1, 11
x11 <- 0x0000B000


mem[X,0x8001E884] -> 0x8593
mem[X,0x8001E886] -> 0x5035
[3192] [M]: 0x8001E884 (0x50358593) addi a1, a1, 1283
x11 <- 0x0000B503


mem[X,0x8001E888] -> 0x0113
mem[X,0x8001E88A] -> 0x0000
[3193] [M]: 0x8001E888 (0x00000113) addi sp, zero, 0
x2 <- 0x00000000


mem[X,0x8001E88C] -> 0x006F
mem[X,0x8001E88E] -> 0x00C0
[3194] [M]: 0x8001E88C (0x00C0006F) jal zero, 12


mem[X,0x8001E898] -> 0x4063
mem[X,0x8001E89A] -> 0x40B5
[3195] [M]: 0x8001E898 (0x40B54063) blt a0, a1, 1024


mem[X,0x8001EC98] -> 0x0113
mem[X,0x8001EC9A] -> 0x0031
[3196] [M]: 0x8001EC98 (0x00310113) addi sp, sp, 3
x2 <- 0x00000003


mem[X,0x8001EC9C] -> 0x006F
mem[X,0x8001EC9E] -> 0x0040
[3197] [M]: 0x8001EC9C (0x0040006F) jal zero, 4


mem[X,0x8001ECA0] -> 0xAE23
mem[X,0x8001ECA2] -> 0x4E20
[3198] [M]: 0x8001ECA0 (0x4E20AE23) sw sp, 1276(ra)
mem[0x80039664] <- 0x00000003


mem[X,0x8001ECA4] -> 0x0513
mem[X,0x8001ECA6] -> 0x0060
[3199] [M]: 0x8001ECA4 (0x00600513) addi a0, zero, 6
x10 <- 0x00000006


clint::tick mtime <- 0x0000000000000020
 clint timer pending at mtime 0x0000000000000020
htif::tick 0x0000000000000000
mem[X,0x8001ECA8] -> 0x55B7
mem[X,0x8001ECAA] -> 0x5555
[3200] [M]: 0x8001ECA8 (0x555555B7) lui a1, 349525
x11 <- 0x55555000


mem[X,0x8001ECAC] -> 0x8593
mem[X,0x8001ECAE] -> 0x5565
[3201] [M]: 0x8001ECAC (0x55658593) addi a1, a1, 1366
x11 <- 0x55555556


mem[X,0x8001ECB0] -> 0x0113
mem[X,0x8001ECB2] -> 0x0000
[3202] [M]: 0x8001ECB0 (0x00000113) addi sp, zero, 0
x2 <- 0x00000000


mem[X,0x8001ECB4] -> 0x006F
mem[X,0x8001ECB6] -> 0x0140
[3203] [M]: 0x8001ECB4 (0x0140006F) jal zero, 20


mem[X,0x8001ECC8] -> 0x48E3
mem[X,0x8001ECCA] -> 0xFEB5
[3204] [M]: 0x8001ECC8 (0xFEB548E3) blt a0, a1, 8176


mem[X,0x8001ECB8] -> 0x0113
mem[X,0x8001ECBA] -> 0x0011
[3205] [M]: 0x8001ECB8 (0x00110113) addi sp, sp, 1
x2 <- 0x00000001


mem[X,0x8001ECBC] -> 0x006F
mem[X,0x8001ECBE] -> 0x0200
[3206] [M]: 0x8001ECBC (0x0200006F) jal zero, 32


mem[X,0x8001ECDC] -> 0xA023
mem[X,0x8001ECDE] -> 0x5020
[3207] [M]: 0x8001ECDC (0x5020A023) sw sp, 1280(ra)
mem[0x80039668] <- 0x00000001


mem[X,0x8001ECE0] -> 0x0513
mem[X,0x8001ECE2] -> 0x0060
[3208] [M]: 0x8001ECE0 (0x00600513) addi a0, zero, 6
x10 <- 0x00000006


mem[X,0x8001ECE4] -> 0xB5B7
mem[X,0x8001ECE6] -> 0xAAAA
[3209] [M]: 0x8001ECE4 (0xAAAAB5B7) lui a1, 699051
x11 <- 0xAAAAB000


mem[X,0x8001ECE8] -> 0x8593
mem[X,0x8001ECEA] -> 0xAAB5
[3210] [M]: 0x8001ECE8 (0xAAB58593) addi a1, a1, 2731
x11 <- 0xAAAAAAAB


mem[X,0x8001ECEC] -> 0x0113
mem[X,0x8001ECEE] -> 0x0000
[3211] [M]: 0x8001ECEC (0x00000113) addi sp, zero, 0
x2 <- 0x00000000


mem[X,0x8001ECF0] -> 0x006F
mem[X,0x8001ECF2] -> 0x0050
[3212] [M]: 0x8001ECF0 (0x0050006F) jal zero, 2052


mem[X,0x8001F4F4] -> 0x40E3
mem[X,0x8001F4F6] -> 0x80B5
[3213] [M]: 0x8001F4F4 (0x80B540E3) blt a0, a1, 6144


mem[X,0x8001F4F8] -> 0x0113
mem[X,0x8001F4FA] -> 0x0021
[3214] [M]: 0x8001F4F8 (0x00210113) addi sp, sp, 2
x2 <- 0x00000002


mem[X,0x8001F4FC] -> 0x006F
mem[X,0x8001F4FE] -> 0x00C0
[3215] [M]: 0x8001F4FC (0x00C0006F) jal zero, 12


mem[X,0x8001F508] -> 0xA223
mem[X,0x8001F50A] -> 0x5020
[3216] [M]: 0x8001F508 (0x5020A223) sw sp, 1284(ra)
mem[0x8003966C] <- 0x00000002


mem[X,0x8001F50C] -> 0x0513
mem[X,0x8001F50E] -> 0x0060
[3217] [M]: 0x8001F50C (0x00600513) addi a0, zero, 6
x10 <- 0x00000006


mem[X,0x8001F510] -> 0x0593
mem[X,0x8001F512] -> 0x0060
[3218] [M]: 0x8001F510 (0x00600593) addi a1, zero, 6
x11 <- 0x00000006


mem[X,0x8001F514] -> 0x0113
mem[X,0x8001F516] -> 0x0000
[3219] [M]: 0x8001F514 (0x00000113) addi sp, zero, 0
x2 <- 0x00000000


mem[X,0x8001F518] -> 0x006F
mem[X,0x8001F51A] -> 0x00C0
[3220] [M]: 0x8001F518 (0x00C0006F) jal zero, 12


mem[X,0x8001F524] -> 0x4663
mem[X,0x8001F526] -> 0x00B5
[3221] [M]: 0x8001F524 (0x00B54663) blt a0, a1, 12


mem[X,0x8001F528] -> 0x0113
mem[X,0x8001F52A] -> 0x0021
[3222] [M]: 0x8001F528 (0x00210113) addi sp, sp, 2
x2 <- 0x00000002


mem[X,0x8001F52C] -> 0x006F
mem[X,0x8001F52E] -> 0x00C0
[3223] [M]: 0x8001F52C (0x00C0006F) jal zero, 12


mem[X,0x8001F538] -> 0xA423
mem[X,0x8001F53A] -> 0x5020
[3224] [M]: 0x8001F538 (0x5020A423) sw sp, 1288(ra)
mem[0x80039670] <- 0x00000002


mem[X,0x8001F53C] -> 0x0513
mem[X,0x8001F53E] -> 0x0060
[3225] [M]: 0x8001F53C (0x00600513) addi a0, zero, 6
x10 <- 0x00000006


mem[X,0x8001F540] -> 0x35B7
mem[X,0x8001F542] -> 0x3333
[3226] [M]: 0x8001F540 (0x333335B7) lui a1, 209715
x11 <- 0x33333000


mem[X,0x8001F544] -> 0x8593
mem[X,0x8001F546] -> 0x3345
[3227] [M]: 0x8001F544 (0x33458593) addi a1, a1, 820
x11 <- 0x33333334


mem[X,0x8001F548] -> 0x0113
mem[X,0x8001F54A] -> 0x0000
[3228] [M]: 0x8001F548 (0x00000113) addi sp, zero, 0
x2 <- 0x00000000


mem[X,0x8001F54C] -> 0x006F
mem[X,0x8001F54E] -> 0x0100
[3229] [M]: 0x8001F54C (0x0100006F) jal zero, 16


mem[X,0x8001F55C] -> 0x4AE3
mem[X,0x8001F55E] -> 0xFEB5
[3230] [M]: 0x8001F55C (0xFEB54AE3) blt a0, a1, 8180


mem[X,0x8001F550] -> 0x0113
mem[X,0x8001F552] -> 0x0011
[3231] [M]: 0x8001F550 (0x00110113) addi sp, sp, 1
x2 <- 0x00000001


mem[X,0x8001F554] -> 0x006F
mem[X,0x8001F556] -> 0x01C0
[3232] [M]: 0x8001F554 (0x01C0006F) jal zero, 28


mem[X,0x8001F570] -> 0xA623
mem[X,0x8001F572] -> 0x5020
[3233] [M]: 0x8001F570 (0x5020A623) sw sp, 1292(ra)
mem[0x80039674] <- 0x00000001


mem[X,0x8001F574] -> 0x0513
mem[X,0x8001F576] -> 0x0060
[3234] [M]: 0x8001F574 (0x00600513) addi a0, zero, 6
x10 <- 0x00000006


mem[X,0x8001F578] -> 0x65B7
mem[X,0x8001F57A] -> 0x6666
[3235] [M]: 0x8001F578 (0x666665B7) lui a1, 419430
x11 <- 0x66666000


mem[X,0x8001F57C] -> 0x8593
mem[X,0x8001F57E] -> 0x6675
[3236] [M]: 0x8001F57C (0x66758593) addi a1, a1, 1639
x11 <- 0x66666667


mem[X,0x8001F580] -> 0x0113
mem[X,0x8001F582] -> 0x0000
[3237] [M]: 0x8001F580 (0x00000113) addi sp, zero, 0
x2 <- 0x00000000


mem[X,0x8001F584] -> 0x006F
mem[X,0x8001F586] -> 0x00C0
[3238] [M]: 0x8001F584 (0x00C0006F) jal zero, 12


mem[X,0x8001F590] -> 0x4063
mem[X,0x8001F592] -> 0x20B5
[3239] [M]: 0x8001F590 (0x20B54063) blt a0, a1, 512


mem[X,0x8001F790] -> 0x0113
mem[X,0x8001F792] -> 0x0031
[3240] [M]: 0x8001F790 (0x00310113) addi sp, sp, 3
x2 <- 0x00000003


mem[X,0x8001F794] -> 0x006F
mem[X,0x8001F796] -> 0x0040
[3241] [M]: 0x8001F794 (0x0040006F) jal zero, 4


mem[X,0x8001F798] -> 0xA823
mem[X,0x8001F79A] -> 0x5020
[3242] [M]: 0x8001F798 (0x5020A823) sw sp, 1296(ra)
mem[0x80039678] <- 0x00000003


mem[X,0x8001F79C] -> 0x0513
mem[X,0x8001F79E] -> 0x0060
[3243] [M]: 0x8001F79C (0x00600513) addi a0, zero, 6
x10 <- 0x00000006


mem[X,0x8001F7A0] -> 0x55B7
mem[X,0x8001F7A2] -> 0xFFFF
[3244] [M]: 0x8001F7A0 (0xFFFF55B7) lui a1, 1048565
x11 <- 0xFFFF5000


mem[X,0x8001F7A4] -> 0x8593
mem[X,0x8001F7A6] -> 0xAFD5
[3245] [M]: 0x8001F7A4 (0xAFD58593) addi a1, a1, 2813
x11 <- 0xFFFF4AFD


mem[X,0x8001F7A8] -> 0x0113
mem[X,0x8001F7AA] -> 0x0000
[3246] [M]: 0x8001F7A8 (0x00000113) addi sp, zero, 0
x2 <- 0x00000000


mem[X,0x8001F7AC] -> 0x006F
mem[X,0x8001F7AE] -> 0x00C0
[3247] [M]: 0x8001F7AC (0x00C0006F) jal zero, 12


mem[X,0x8001F7B8] -> 0x4663
mem[X,0x8001F7BA] -> 0x00B5
[3248] [M]: 0x8001F7B8 (0x00B54663) blt a0, a1, 12


mem[X,0x8001F7BC] -> 0x0113
mem[X,0x8001F7BE] -> 0x0021
[3249] [M]: 0x8001F7BC (0x00210113) addi sp, sp, 2
x2 <- 0x00000002


mem[X,0x8001F7C0] -> 0x006F
mem[X,0x8001F7C2] -> 0x00C0
[3250] [M]: 0x8001F7C0 (0x00C0006F) jal zero, 12


mem[X,0x8001F7CC] -> 0xAA23
mem[X,0x8001F7CE] -> 0x5020
[3251] [M]: 0x8001F7CC (0x5020AA23) sw sp, 1300(ra)
mem[0x8003967C] <- 0x00000002


mem[X,0x8001F7D0] -> 0x0513
mem[X,0x8001F7D2] -> 0x0060
[3252] [M]: 0x8001F7D0 (0x00600513) addi a0, zero, 6
x10 <- 0x00000006


mem[X,0x8001F7D4] -> 0xB5B7
mem[X,0x8001F7D6] -> 0x0000
[3253] [M]: 0x8001F7D4 (0x0000B5B7) lui a1, 11
x11 <- 0x0000B000


mem[X,0x8001F7D8] -> 0x8593
mem[X,0x8001F7DA] -> 0x5055
[3254] [M]: 0x8001F7D8 (0x50558593) addi a1, a1, 1285
x11 <- 0x0000B505


mem[X,0x8001F7DC] -> 0x0113
mem[X,0x8001F7DE] -> 0x0000
[3255] [M]: 0x8001F7DC (0x00000113) addi sp, zero, 0
x2 <- 0x00000000


mem[X,0x8001F7E0] -> 0x006F
mem[X,0x8001F7E2] -> 0x0180
[3256] [M]: 0x8001F7E0 (0x0180006F) jal zero, 24


mem[X,0x8001F7F8] -> 0x46E3
mem[X,0x8001F7FA] -> 0xFEB5
[3257] [M]: 0x8001F7F8 (0xFEB546E3) blt a0, a1, 8172


mem[X,0x8001F7E4] -> 0x0113
mem[X,0x8001F7E6] -> 0x0011
[3258] [M]: 0x8001F7E4 (0x00110113) addi sp, sp, 1
x2 <- 0x00000001


mem[X,0x8001F7E8] -> 0x006F
mem[X,0x8001F7EA] -> 0x0240
[3259] [M]: 0x8001F7E8 (0x0240006F) jal zero, 36


mem[X,0x8001F80C] -> 0xAC23
mem[X,0x8001F80E] -> 0x5020
[3260] [M]: 0x8001F80C (0x5020AC23) sw sp, 1304(ra)
mem[0x80039680] <- 0x00000001


mem[X,0x8001F810] -> 0x3537
mem[X,0x8001F812] -> 0x3333
[3261] [M]: 0x8001F810 (0x33333537) lui a0, 209715
x10 <- 0x33333000


mem[X,0x8001F814] -> 0x0513
mem[X,0x8001F816] -> 0x3345
[3262] [M]: 0x8001F814 (0x33450513) addi a0, a0, 820
x10 <- 0x33333334


mem[X,0x8001F818] -> 0x0593
mem[X,0x8001F81A] -> 0x0030
[3263] [M]: 0x8001F818 (0x00300593) addi a1, zero, 3
x11 <- 0x00000003


mem[X,0x8001F81C] -> 0x0113
mem[X,0x8001F81E] -> 0x0000
[3264] [M]: 0x8001F81C (0x00000113) addi sp, zero, 0
x2 <- 0x00000000


mem[X,0x8001F820] -> 0x006F
mem[X,0x8001F822] -> 0x0100
[3265] [M]: 0x8001F820 (0x0100006F) jal zero, 16


mem[X,0x8001F830] -> 0x4AE3
mem[X,0x8001F832] -> 0xFEB5
[3266] [M]: 0x8001F830 (0xFEB54AE3) blt a0, a1, 8180


mem[X,0x8001F834] -> 0x0113
mem[X,0x8001F836] -> 0x0021
[3267] [M]: 0x8001F834 (0x00210113) addi sp, sp, 2
x2 <- 0x00000002


mem[X,0x8001F838] -> 0x006F
mem[X,0x8001F83A] -> 0x00C0
[3268] [M]: 0x8001F838 (0x00C0006F) jal zero, 12


mem[X,0x8001F844] -> 0xAE23
mem[X,0x8001F846] -> 0x5020
[3269] [M]: 0x8001F844 (0x5020AE23) sw sp, 1308(ra)
mem[0x80039684] <- 0x00000002


mem[X,0x8001F848] -> 0x3537
mem[X,0x8001F84A] -> 0x3333
[3270] [M]: 0x8001F848 (0x33333537) lui a0, 209715
x10 <- 0x33333000


mem[X,0x8001F84C] -> 0x0513
mem[X,0x8001F84E] -> 0x3345
[3271] [M]: 0x8001F84C (0x33450513) addi a0, a0, 820
x10 <- 0x33333334


mem[X,0x8001F850] -> 0x55B7
mem[X,0x8001F852] -> 0x5555
[3272] [M]: 0x8001F850 (0x555555B7) lui a1, 349525
x11 <- 0x55555000


mem[X,0x8001F854] -> 0x8593
mem[X,0x8001F856] -> 0x5555
[3273] [M]: 0x8001F854 (0x55558593) addi a1, a1, 1365
x11 <- 0x55555555


mem[X,0x8001F858] -> 0x0113
mem[X,0x8001F85A] -> 0x0000
[3274] [M]: 0x8001F858 (0x00000113) addi sp, zero, 0
x2 <- 0x00000000


mem[X,0x8001F85C] -> 0x006F
mem[X,0x8001F85E] -> 0x0140
[3275] [M]: 0x8001F85C (0x0140006F) jal zero, 20


mem[X,0x8001F870] -> 0x48E3
mem[X,0x8001F872] -> 0xFEB5
[3276] [M]: 0x8001F870 (0xFEB548E3) blt a0, a1, 8176


mem[X,0x8001F860] -> 0x0113
mem[X,0x8001F862] -> 0x0011
[3277] [M]: 0x8001F860 (0x00110113) addi sp, sp, 1
x2 <- 0x00000001


mem[X,0x8001F864] -> 0x006F
mem[X,0x8001F866] -> 0x0200
[3278] [M]: 0x8001F864 (0x0200006F) jal zero, 32


mem[X,0x8001F884] -> 0xA023
mem[X,0x8001F886] -> 0x5220
[3279] [M]: 0x8001F884 (0x5220A023) sw sp, 1312(ra)
mem[0x80039688] <- 0x00000001


mem[X,0x8001F888] -> 0x3537
mem[X,0x8001F88A] -> 0x3333
[3280] [M]: 0x8001F888 (0x33333537) lui a0, 209715
x10 <- 0x33333000


mem[X,0x8001F88C] -> 0x0513
mem[X,0x8001F88E] -> 0x3345
[3281] [M]: 0x8001F88C (0x33450513) addi a0, a0, 820
x10 <- 0x33333334


mem[X,0x8001F890] -> 0xB5B7
mem[X,0x8001F892] -> 0xAAAA
[3282] [M]: 0x8001F890 (0xAAAAB5B7) lui a1, 699051
x11 <- 0xAAAAB000


mem[X,0x8001F894] -> 0x8593
mem[X,0x8001F896] -> 0xAAA5
[3283] [M]: 0x8001F894 (0xAAA58593) addi a1, a1, 2730
x11 <- 0xAAAAAAAA


mem[X,0x8001F898] -> 0x0113
mem[X,0x8001F89A] -> 0x0000
[3284] [M]: 0x8001F898 (0x00000113) addi sp, zero, 0
x2 <- 0x00000000


mem[X,0x8001F89C] -> 0x006F
mem[X,0x8001F89E] -> 0x00C0
[3285] [M]: 0x8001F89C (0x00C0006F) jal zero, 12


mem[X,0x8001F8A8] -> 0x4663
mem[X,0x8001F8AA] -> 0x00B5
[3286] [M]: 0x8001F8A8 (0x00B54663) blt a0, a1, 12


mem[X,0x8001F8AC] -> 0x0113
mem[X,0x8001F8AE] -> 0x0021
[3287] [M]: 0x8001F8AC (0x00210113) addi sp, sp, 2
x2 <- 0x00000002


mem[X,0x8001F8B0] -> 0x006F
mem[X,0x8001F8B2] -> 0x00C0
[3288] [M]: 0x8001F8B0 (0x00C0006F) jal zero, 12


mem[X,0x8001F8BC] -> 0xA223
mem[X,0x8001F8BE] -> 0x5220
[3289] [M]: 0x8001F8BC (0x5220A223) sw sp, 1316(ra)
mem[0x8003968C] <- 0x00000002


mem[X,0x8001F8C0] -> 0x3537
mem[X,0x8001F8C2] -> 0x3333
[3290] [M]: 0x8001F8C0 (0x33333537) lui a0, 209715
x10 <- 0x33333000


mem[X,0x8001F8C4] -> 0x0513
mem[X,0x8001F8C6] -> 0x3345
[3291] [M]: 0x8001F8C4 (0x33450513) addi a0, a0, 820
x10 <- 0x33333334


mem[X,0x8001F8C8] -> 0x0593
mem[X,0x8001F8CA] -> 0x0050
[3292] [M]: 0x8001F8C8 (0x00500593) addi a1, zero, 5
x11 <- 0x00000005


mem[X,0x8001F8CC] -> 0x0113
mem[X,0x8001F8CE] -> 0x0000
[3293] [M]: 0x8001F8CC (0x00000113) addi sp, zero, 0
x2 <- 0x00000000


mem[X,0x8001F8D0] -> 0x006F
mem[X,0x8001F8D2] -> 0x00C0
[3294] [M]: 0x8001F8D0 (0x00C0006F) jal zero, 12


mem[X,0x8001F8DC] -> 0x4063
mem[X,0x8001F8DE] -> 0x40B5
[3295] [M]: 0x8001F8DC (0x40B54063) blt a0, a1, 1024


mem[X,0x8001F8E0] -> 0x0113
mem[X,0x8001F8E2] -> 0x0021
[3296] [M]: 0x8001F8E0 (0x00210113) addi sp, sp, 2
x2 <- 0x00000002


mem[X,0x8001F8E4] -> 0x006F
mem[X,0x8001F8E6] -> 0x4000
[3297] [M]: 0x8001F8E4 (0x4000006F) jal zero, 1024


mem[X,0x8001FCE4] -> 0xA423
mem[X,0x8001FCE6] -> 0x5220
[3298] [M]: 0x8001FCE4 (0x5220A423) sw sp, 1320(ra)
mem[0x80039690] <- 0x00000002


mem[X,0x8001FCE8] -> 0x3537
mem[X,0x8001FCEA] -> 0x3333
[3299] [M]: 0x8001FCE8 (0x33333537) lui a0, 209715
x10 <- 0x33333000


clint::tick mtime <- 0x0000000000000021
 clint timer pending at mtime 0x0000000000000021
htif::tick 0x0000000000000000
mem[X,0x8001FCEC] -> 0x0513
mem[X,0x8001FCEE] -> 0x3345
[3300] [M]: 0x8001FCEC (0x33450513) addi a0, a0, 820
x10 <- 0x33333334


mem[X,0x8001FCF0] -> 0x35B7
mem[X,0x8001FCF2] -> 0x3333
[3301] [M]: 0x8001FCF0 (0x333335B7) lui a1, 209715
x11 <- 0x33333000


mem[X,0x8001FCF4] -> 0x8593
mem[X,0x8001FCF6] -> 0x3335
[3302] [M]: 0x8001FCF4 (0x33358593) addi a1, a1, 819
x11 <- 0x33333333


mem[X,0x8001FCF8] -> 0x0113
mem[X,0x8001FCFA] -> 0x0000
[3303] [M]: 0x8001FCF8 (0x00000113) addi sp, zero, 0
x2 <- 0x00000000


mem[X,0x8001FCFC] -> 0x006F
mem[X,0x8001FCFE] -> 0x00C0
[3304] [M]: 0x8001FCFC (0x00C0006F) jal zero, 12


mem[X,0x8001FD08] -> 0x4663
mem[X,0x8001FD0A] -> 0x00B5
[3305] [M]: 0x8001FD08 (0x00B54663) blt a0, a1, 12


mem[X,0x8001FD0C] -> 0x0113
mem[X,0x8001FD0E] -> 0x0021
[3306] [M]: 0x8001FD0C (0x00210113) addi sp, sp, 2
x2 <- 0x00000002


mem[X,0x8001FD10] -> 0x006F
mem[X,0x8001FD12] -> 0x00C0
[3307] [M]: 0x8001FD10 (0x00C0006F) jal zero, 12


mem[X,0x8001FD1C] -> 0xA623
mem[X,0x8001FD1E] -> 0x5220
[3308] [M]: 0x8001FD1C (0x5220A623) sw sp, 1324(ra)
mem[0x80039694] <- 0x00000002


mem[X,0x8001FD20] -> 0x3537
mem[X,0x8001FD22] -> 0x3333
[3309] [M]: 0x8001FD20 (0x33333537) lui a0, 209715
x10 <- 0x33333000


mem[X,0x8001FD24] -> 0x0513
mem[X,0x8001FD26] -> 0x3345
[3310] [M]: 0x8001FD24 (0x33450513) addi a0, a0, 820
x10 <- 0x33333334


mem[X,0x8001FD28] -> 0x65B7
mem[X,0x8001FD2A] -> 0x6666
[3311] [M]: 0x8001FD28 (0x666665B7) lui a1, 419430
x11 <- 0x66666000


mem[X,0x8001FD2C] -> 0x8593
mem[X,0x8001FD2E] -> 0x6665
[3312] [M]: 0x8001FD2C (0x66658593) addi a1, a1, 1638
x11 <- 0x66666666


mem[X,0x8001FD30] -> 0x0113
mem[X,0x8001FD32] -> 0x0000
[3313] [M]: 0x8001FD30 (0x00000113) addi sp, zero, 0
x2 <- 0x00000000


mem[X,0x8001FD34] -> 0x006F
mem[X,0x8001FD36] -> 0x00C0
[3314] [M]: 0x8001FD34 (0x00C0006F) jal zero, 12


mem[X,0x8001FD40] -> 0x4863
mem[X,0x8001FD42] -> 0x00B5
[3315] [M]: 0x8001FD40 (0x00B54863) blt a0, a1, 16


mem[X,0x8001FD50] -> 0x0113
mem[X,0x8001FD52] -> 0x0031
[3316] [M]: 0x8001FD50 (0x00310113) addi sp, sp, 3
x2 <- 0x00000003


mem[X,0x8001FD54] -> 0x006F
mem[X,0x8001FD56] -> 0x0040
[3317] [M]: 0x8001FD54 (0x0040006F) jal zero, 4


mem[X,0x8001FD58] -> 0xA823
mem[X,0x8001FD5A] -> 0x5220
[3318] [M]: 0x8001FD58 (0x5220A823) sw sp, 1328(ra)
mem[0x80039698] <- 0x00000003


mem[X,0x8001FD5C] -> 0x3537
mem[X,0x8001FD5E] -> 0x3333
[3319] [M]: 0x8001FD5C (0x33333537) lui a0, 209715
x10 <- 0x33333000


mem[X,0x8001FD60] -> 0x0513
mem[X,0x8001FD62] -> 0x3345
[3320] [M]: 0x8001FD60 (0x33450513) addi a0, a0, 820
x10 <- 0x33333334


mem[X,0x8001FD64] -> 0x55B7
mem[X,0x8001FD66] -> 0xFFFF
[3321] [M]: 0x8001FD64 (0xFFFF55B7) lui a1, 1048565
x11 <- 0xFFFF5000


mem[X,0x8001FD68] -> 0x8593
mem[X,0x8001FD6A] -> 0xAFC5
[3322] [M]: 0x8001FD68 (0xAFC58593) addi a1, a1, 2812
x11 <- 0xFFFF4AFC


mem[X,0x8001FD6C] -> 0x0113
mem[X,0x8001FD6E] -> 0x0000
[3323] [M]: 0x8001FD6C (0x00000113) addi sp, zero, 0
x2 <- 0x00000000


mem[X,0x8001FD70] -> 0x006F
mem[X,0x8001FD72] -> 0x00C0
[3324] [M]: 0x8001FD70 (0x00C0006F) jal zero, 12


mem[X,0x8001FD7C] -> 0x4063
mem[X,0x8001FD7E] -> 0x08B5
[3325] [M]: 0x8001FD7C (0x08B54063) blt a0, a1, 128


mem[X,0x8001FD80] -> 0x0113
mem[X,0x8001FD82] -> 0x0021
[3326] [M]: 0x8001FD80 (0x00210113) addi sp, sp, 2
x2 <- 0x00000002


mem[X,0x8001FD84] -> 0x006F
mem[X,0x8001FD86] -> 0x0800
[3327] [M]: 0x8001FD84 (0x0800006F) jal zero, 128


mem[X,0x8001FE04] -> 0xAA23
mem[X,0x8001FE06] -> 0x5220
[3328] [M]: 0x8001FE04 (0x5220AA23) sw sp, 1332(ra)
mem[0x8003969C] <- 0x00000002


mem[X,0x8001FE08] -> 0x3537
mem[X,0x8001FE0A] -> 0x3333
[3329] [M]: 0x8001FE08 (0x33333537) lui a0, 209715
x10 <- 0x33333000


mem[X,0x8001FE0C] -> 0x0513
mem[X,0x8001FE0E] -> 0x3345
[3330] [M]: 0x8001FE0C (0x33450513) addi a0, a0, 820
x10 <- 0x33333334


mem[X,0x8001FE10] -> 0xB5B7
mem[X,0x8001FE12] -> 0x0000
[3331] [M]: 0x8001FE10 (0x0000B5B7) lui a1, 11
x11 <- 0x0000B000


mem[X,0x8001FE14] -> 0x8593
mem[X,0x8001FE16] -> 0x5045
[3332] [M]: 0x8001FE14 (0x50458593) addi a1, a1, 1284
x11 <- 0x0000B504


mem[X,0x8001FE18] -> 0x0113
mem[X,0x8001FE1A] -> 0x0000
[3333] [M]: 0x8001FE18 (0x00000113) addi sp, zero, 0
x2 <- 0x00000000


mem[X,0x8001FE1C] -> 0x006F
mem[X,0x8001FE1E] -> 0x2B10
[3334] [M]: 0x8001FE1C (0x2B10006F) jal zero, 2736


mem[X,0x800208CC] -> 0x4A63
mem[X,0x800208CE] -> 0xD4B5
[3335] [M]: 0x800208CC (0xD4B54A63) blt a0, a1, 5460


mem[X,0x800208D0] -> 0x0113
mem[X,0x800208D2] -> 0x0021
[3336] [M]: 0x800208D0 (0x00210113) addi sp, sp, 2
x2 <- 0x00000002


mem[X,0x800208D4] -> 0x006F
mem[X,0x800208D6] -> 0x00C0
[3337] [M]: 0x800208D4 (0x00C0006F) jal zero, 12


mem[X,0x800208E0] -> 0xAC23
mem[X,0x800208E2] -> 0x5220
[3338] [M]: 0x800208E0 (0x5220AC23) sw sp, 1336(ra)
mem[0x800396A0] <- 0x00000002


mem[X,0x800208E4] -> 0x3537
mem[X,0x800208E6] -> 0x3333
[3339] [M]: 0x800208E4 (0x33333537) lui a0, 209715
x10 <- 0x33333000


mem[X,0x800208E8] -> 0x0513
mem[X,0x800208EA] -> 0x3345
[3340] [M]: 0x800208E8 (0x33450513) addi a0, a0, 820
x10 <- 0x33333334


mem[X,0x800208EC] -> 0x0593
mem[X,0x800208EE] -> 0x0020
[3341] [M]: 0x800208EC (0x00200593) addi a1, zero, 2
x11 <- 0x00000002


mem[X,0x800208F0] -> 0x0113
mem[X,0x800208F2] -> 0x0000
[3342] [M]: 0x800208F0 (0x00000113) addi sp, zero, 0
x2 <- 0x00000000


mem[X,0x800208F4] -> 0x006F
mem[X,0x800208F6] -> 0x00C0
[3343] [M]: 0x800208F4 (0x00C0006F) jal zero, 12


mem[X,0x80020900] -> 0x4063
mem[X,0x80020902] -> 0x02B5
[3344] [M]: 0x80020900 (0x02B54063) blt a0, a1, 32


mem[X,0x80020904] -> 0x0113
mem[X,0x80020906] -> 0x0021
[3345] [M]: 0x80020904 (0x00210113) addi sp, sp, 2
x2 <- 0x00000002


mem[X,0x80020908] -> 0x006F
mem[X,0x8002090A] -> 0x0200
[3346] [M]: 0x80020908 (0x0200006F) jal zero, 32


mem[X,0x80020928] -> 0xAE23
mem[X,0x8002092A] -> 0x5220
[3347] [M]: 0x80020928 (0x5220AE23) sw sp, 1340(ra)
mem[0x800396A4] <- 0x00000002


mem[X,0x8002092C] -> 0x3537
mem[X,0x8002092E] -> 0x3333
[3348] [M]: 0x8002092C (0x33333537) lui a0, 209715
x10 <- 0x33333000


mem[X,0x80020930] -> 0x0513
mem[X,0x80020932] -> 0x3345
[3349] [M]: 0x80020930 (0x33450513) addi a0, a0, 820
x10 <- 0x33333334


mem[X,0x80020934] -> 0x55B7
mem[X,0x80020936] -> 0x5555
[3350] [M]: 0x80020934 (0x555555B7) lui a1, 349525
x11 <- 0x55555000


mem[X,0x80020938] -> 0x8593
mem[X,0x8002093A] -> 0x5545
[3351] [M]: 0x80020938 (0x55458593) addi a1, a1, 1364
x11 <- 0x55555554


mem[X,0x8002093C] -> 0x0113
mem[X,0x8002093E] -> 0x0000
[3352] [M]: 0x8002093C (0x00000113) addi sp, zero, 0
x2 <- 0x00000000


mem[X,0x80020940] -> 0x006F
mem[X,0x80020942] -> 0x00C0
[3353] [M]: 0x80020940 (0x00C0006F) jal zero, 12


mem[X,0x8002094C] -> 0x4CE3
mem[X,0x8002094E] -> 0xFEB5
[3354] [M]: 0x8002094C (0xFEB54CE3) blt a0, a1, 8184


mem[X,0x80020944] -> 0x0113
mem[X,0x80020946] -> 0x0011
[3355] [M]: 0x80020944 (0x00110113) addi sp, sp, 1
x2 <- 0x00000001


mem[X,0x80020948] -> 0x006F
mem[X,0x8002094A] -> 0x0180
[3356] [M]: 0x80020948 (0x0180006F) jal zero, 24


mem[X,0x80020960] -> 0xA023
mem[X,0x80020962] -> 0x5420
[3357] [M]: 0x80020960 (0x5420A023) sw sp, 1344(ra)
mem[0x800396A8] <- 0x00000001


mem[X,0x80020964] -> 0x3537
mem[X,0x80020966] -> 0x3333
[3358] [M]: 0x80020964 (0x33333537) lui a0, 209715
x10 <- 0x33333000


mem[X,0x80020968] -> 0x0513
mem[X,0x8002096A] -> 0x3345
[3359] [M]: 0x80020968 (0x33450513) addi a0, a0, 820
x10 <- 0x33333334


mem[X,0x8002096C] -> 0x0593
mem[X,0x8002096E] -> 0x0000
[3360] [M]: 0x8002096C (0x00000593) addi a1, zero, 0
x11 <- 0x00000000


mem[X,0x80020970] -> 0x0113
mem[X,0x80020972] -> 0x0000
[3361] [M]: 0x80020970 (0x00000113) addi sp, zero, 0
x2 <- 0x00000000


mem[X,0x80020974] -> 0x006F
mem[X,0x80020976] -> 0x00C0
[3362] [M]: 0x80020974 (0x00C0006F) jal zero, 12


mem[X,0x80020980] -> 0x4063
mem[X,0x80020982] -> 0x10B5
[3363] [M]: 0x80020980 (0x10B54063) blt a0, a1, 256


mem[X,0x80020984] -> 0x0113
mem[X,0x80020986] -> 0x0021
[3364] [M]: 0x80020984 (0x00210113) addi sp, sp, 2
x2 <- 0x00000002


mem[X,0x80020988] -> 0x006F
mem[X,0x8002098A] -> 0x1000
[3365] [M]: 0x80020988 (0x1000006F) jal zero, 256


mem[X,0x80020A88] -> 0xA223
mem[X,0x80020A8A] -> 0x5420
[3366] [M]: 0x80020A88 (0x5420A223) sw sp, 1348(ra)
mem[0x800396AC] <- 0x00000002


mem[X,0x80020A8C] -> 0x3537
mem[X,0x80020A8E] -> 0x3333
[3367] [M]: 0x80020A8C (0x33333537) lui a0, 209715
x10 <- 0x33333000


mem[X,0x80020A90] -> 0x0513
mem[X,0x80020A92] -> 0x3345
[3368] [M]: 0x80020A90 (0x33450513) addi a0, a0, 820
x10 <- 0x33333334


mem[X,0x80020A94] -> 0x0593
mem[X,0x80020A96] -> 0x0040
[3369] [M]: 0x80020A94 (0x00400593) addi a1, zero, 4
x11 <- 0x00000004


mem[X,0x80020A98] -> 0x0113
mem[X,0x80020A9A] -> 0x0000
[3370] [M]: 0x80020A98 (0x00000113) addi sp, zero, 0
x2 <- 0x00000000


mem[X,0x80020A9C] -> 0x006F
mem[X,0x80020A9E] -> 0x0050
[3371] [M]: 0x80020A9C (0x0050006F) jal zero, 2052


mem[X,0x800212A0] -> 0x40E3
mem[X,0x800212A2] -> 0x80B5
[3372] [M]: 0x800212A0 (0x80B540E3) blt a0, a1, 6144


mem[X,0x800212A4] -> 0x0113
mem[X,0x800212A6] -> 0x0021
[3373] [M]: 0x800212A4 (0x00210113) addi sp, sp, 2
x2 <- 0x00000002


mem[X,0x800212A8] -> 0x006F
mem[X,0x800212AA] -> 0x00C0
[3374] [M]: 0x800212A8 (0x00C0006F) jal zero, 12


mem[X,0x800212B4] -> 0xA423
mem[X,0x800212B6] -> 0x5420
[3375] [M]: 0x800212B4 (0x5420A423) sw sp, 1352(ra)
mem[0x800396B0] <- 0x00000002


mem[X,0x800212B8] -> 0x3537
mem[X,0x800212BA] -> 0x3333
[3376] [M]: 0x800212B8 (0x33333537) lui a0, 209715
x10 <- 0x33333000


mem[X,0x800212BC] -> 0x0513
mem[X,0x800212BE] -> 0x3345
[3377] [M]: 0x800212BC (0x33450513) addi a0, a0, 820
x10 <- 0x33333334


mem[X,0x800212C0] -> 0x35B7
mem[X,0x800212C2] -> 0x3333
[3378] [M]: 0x800212C0 (0x333335B7) lui a1, 209715
x11 <- 0x33333000


mem[X,0x800212C4] -> 0x8593
mem[X,0x800212C6] -> 0x3325
[3379] [M]: 0x800212C4 (0x33258593) addi a1, a1, 818
x11 <- 0x33333332


mem[X,0x800212C8] -> 0x0113
mem[X,0x800212CA] -> 0x0000
[3380] [M]: 0x800212C8 (0x00000113) addi sp, zero, 0
x2 <- 0x00000000


mem[X,0x800212CC] -> 0x006F
mem[X,0x800212CE] -> 0x00C0
[3381] [M]: 0x800212CC (0x00C0006F) jal zero, 12


mem[X,0x800212D8] -> 0x4CE3
mem[X,0x800212DA] -> 0xFEB5
[3382] [M]: 0x800212D8 (0xFEB54CE3) blt a0, a1, 8184


mem[X,0x800212DC] -> 0x0113
mem[X,0x800212DE] -> 0x0021
[3383] [M]: 0x800212DC (0x00210113) addi sp, sp, 2
x2 <- 0x00000002


mem[X,0x800212E0] -> 0x006F
mem[X,0x800212E2] -> 0x00C0
[3384] [M]: 0x800212E0 (0x00C0006F) jal zero, 12


mem[X,0x800212EC] -> 0xA623
mem[X,0x800212EE] -> 0x5420
[3385] [M]: 0x800212EC (0x5420A623) sw sp, 1356(ra)
mem[0x800396B4] <- 0x00000002


mem[X,0x800212F0] -> 0x3537
mem[X,0x800212F2] -> 0x3333
[3386] [M]: 0x800212F0 (0x33333537) lui a0, 209715
x10 <- 0x33333000


mem[X,0x800212F4] -> 0x0513
mem[X,0x800212F6] -> 0x3345
[3387] [M]: 0x800212F4 (0x33450513) addi a0, a0, 820
x10 <- 0x33333334


mem[X,0x800212F8] -> 0x65B7
mem[X,0x800212FA] -> 0x6666
[3388] [M]: 0x800212F8 (0x666665B7) lui a1, 419430
x11 <- 0x66666000


mem[X,0x800212FC] -> 0x8593
mem[X,0x800212FE] -> 0x6655
[3389] [M]: 0x800212FC (0x66558593) addi a1, a1, 1637
x11 <- 0x66666665


mem[X,0x80021300] -> 0x0113
mem[X,0x80021302] -> 0x0000
[3390] [M]: 0x80021300 (0x00000113) addi sp, zero, 0
x2 <- 0x00000000


mem[X,0x80021304] -> 0x006F
mem[X,0x80021306] -> 0x00C0
[3391] [M]: 0x80021304 (0x00C0006F) jal zero, 12


mem[X,0x80021310] -> 0x4063
mem[X,0x80021312] -> 0x08B5
[3392] [M]: 0x80021310 (0x08B54063) blt a0, a1, 128


mem[X,0x80021390] -> 0x0113
mem[X,0x80021392] -> 0x0031
[3393] [M]: 0x80021390 (0x00310113) addi sp, sp, 3
x2 <- 0x00000003


mem[X,0x80021394] -> 0x006F
mem[X,0x80021396] -> 0x0040
[3394] [M]: 0x80021394 (0x0040006F) jal zero, 4


mem[X,0x80021398] -> 0xA823
mem[X,0x8002139A] -> 0x5420
[3395] [M]: 0x80021398 (0x5420A823) sw sp, 1360(ra)
mem[0x800396B8] <- 0x00000003


mem[X,0x8002139C] -> 0x3537
mem[X,0x8002139E] -> 0x3333
[3396] [M]: 0x8002139C (0x33333537) lui a0, 209715
x10 <- 0x33333000


mem[X,0x800213A0] -> 0x0513
mem[X,0x800213A2] -> 0x3345
[3397] [M]: 0x800213A0 (0x33450513) addi a0, a0, 820
x10 <- 0x33333334


mem[X,0x800213A4] -> 0xB5B7
mem[X,0x800213A6] -> 0x0000
[3398] [M]: 0x800213A4 (0x0000B5B7) lui a1, 11
x11 <- 0x0000B000


mem[X,0x800213A8] -> 0x8593
mem[X,0x800213AA] -> 0x5035
[3399] [M]: 0x800213A8 (0x50358593) addi a1, a1, 1283
x11 <- 0x0000B503


clint::tick mtime <- 0x0000000000000022
 clint timer pending at mtime 0x0000000000000022
htif::tick 0x0000000000000000
mem[X,0x800213AC] -> 0x0113
mem[X,0x800213AE] -> 0x0000
[3400] [M]: 0x800213AC (0x00000113) addi sp, zero, 0
x2 <- 0x00000000


mem[X,0x800213B0] -> 0x006F
mem[X,0x800213B2] -> 0x00C0
[3401] [M]: 0x800213B0 (0x00C0006F) jal zero, 12


mem[X,0x800213BC] -> 0x4063
mem[X,0x800213BE] -> 0x04B5
[3402] [M]: 0x800213BC (0x04B54063) blt a0, a1, 64


mem[X,0x800213C0] -> 0x0113
mem[X,0x800213C2] -> 0x0021
[3403] [M]: 0x800213C0 (0x00210113) addi sp, sp, 2
x2 <- 0x00000002


mem[X,0x800213C4] -> 0x006F
mem[X,0x800213C6] -> 0x0400
[3404] [M]: 0x800213C4 (0x0400006F) jal zero, 64


mem[X,0x80021404] -> 0xAA23
mem[X,0x80021406] -> 0x5420
[3405] [M]: 0x80021404 (0x5420AA23) sw sp, 1364(ra)
mem[0x800396BC] <- 0x00000002


mem[X,0x80021408] -> 0x3537
mem[X,0x8002140A] -> 0x3333
[3406] [M]: 0x80021408 (0x33333537) lui a0, 209715
x10 <- 0x33333000


mem[X,0x8002140C] -> 0x0513
mem[X,0x8002140E] -> 0x3345
[3407] [M]: 0x8002140C (0x33450513) addi a0, a0, 820
x10 <- 0x33333334


mem[X,0x80021410] -> 0x55B7
mem[X,0x80021412] -> 0x5555
[3408] [M]: 0x80021410 (0x555555B7) lui a1, 349525
x11 <- 0x55555000


mem[X,0x80021414] -> 0x8593
mem[X,0x80021416] -> 0x5565
[3409] [M]: 0x80021414 (0x55658593) addi a1, a1, 1366
x11 <- 0x55555556


mem[X,0x80021418] -> 0x0113
mem[X,0x8002141A] -> 0x0000
[3410] [M]: 0x80021418 (0x00000113) addi sp, zero, 0
x2 <- 0x00000000


mem[X,0x8002141C] -> 0x006F
mem[X,0x8002141E] -> 0x0100
[3411] [M]: 0x8002141C (0x0100006F) jal zero, 16


mem[X,0x8002142C] -> 0x4AE3
mem[X,0x8002142E] -> 0xFEB5
[3412] [M]: 0x8002142C (0xFEB54AE3) blt a0, a1, 8180


mem[X,0x80021420] -> 0x0113
mem[X,0x80021422] -> 0x0011
[3413] [M]: 0x80021420 (0x00110113) addi sp, sp, 1
x2 <- 0x00000001


mem[X,0x80021424] -> 0x006F
mem[X,0x80021426] -> 0x01C0
[3414] [M]: 0x80021424 (0x01C0006F) jal zero, 28


mem[X,0x80021440] -> 0xAC23
mem[X,0x80021442] -> 0x5420
[3415] [M]: 0x80021440 (0x5420AC23) sw sp, 1368(ra)
mem[0x800396C0] <- 0x00000001


mem[X,0x80021444] -> 0x3537
mem[X,0x80021446] -> 0x3333
[3416] [M]: 0x80021444 (0x33333537) lui a0, 209715
x10 <- 0x33333000


mem[X,0x80021448] -> 0x0513
mem[X,0x8002144A] -> 0x3345
[3417] [M]: 0x80021448 (0x33450513) addi a0, a0, 820
x10 <- 0x33333334


mem[X,0x8002144C] -> 0xB5B7
mem[X,0x8002144E] -> 0xAAAA
[3418] [M]: 0x8002144C (0xAAAAB5B7) lui a1, 699051
x11 <- 0xAAAAB000


mem[X,0x80021450] -> 0x8593
mem[X,0x80021452] -> 0xAAB5
[3419] [M]: 0x80021450 (0xAAB58593) addi a1, a1, 2731
x11 <- 0xAAAAAAAB


mem[X,0x80021454] -> 0x0113
mem[X,0x80021456] -> 0x0000
[3420] [M]: 0x80021454 (0x00000113) addi sp, zero, 0
x2 <- 0x00000000


mem[X,0x80021458] -> 0x006F
mem[X,0x8002145A] -> 0x00C0
[3421] [M]: 0x80021458 (0x00C0006F) jal zero, 12


mem[X,0x80021464] -> 0x4663
mem[X,0x80021466] -> 0x00B5
[3422] [M]: 0x80021464 (0x00B54663) blt a0, a1, 12


mem[X,0x80021468] -> 0x0113
mem[X,0x8002146A] -> 0x0021
[3423] [M]: 0x80021468 (0x00210113) addi sp, sp, 2
x2 <- 0x00000002


mem[X,0x8002146C] -> 0x006F
mem[X,0x8002146E] -> 0x00C0
[3424] [M]: 0x8002146C (0x00C0006F) jal zero, 12


mem[X,0x80021478] -> 0xAE23
mem[X,0x8002147A] -> 0x5420
[3425] [M]: 0x80021478 (0x5420AE23) sw sp, 1372(ra)
mem[0x800396C4] <- 0x00000002


mem[X,0x8002147C] -> 0x3537
mem[X,0x8002147E] -> 0x3333
[3426] [M]: 0x8002147C (0x33333537) lui a0, 209715
x10 <- 0x33333000


mem[X,0x80021480] -> 0x0513
mem[X,0x80021482] -> 0x3345
[3427] [M]: 0x80021480 (0x33450513) addi a0, a0, 820
x10 <- 0x33333334


mem[X,0x80021484] -> 0x0593
mem[X,0x80021486] -> 0x0060
[3428] [M]: 0x80021484 (0x00600593) addi a1, zero, 6
x11 <- 0x00000006


mem[X,0x80021488] -> 0x0113
mem[X,0x8002148A] -> 0x0000
[3429] [M]: 0x80021488 (0x00000113) addi sp, zero, 0
x2 <- 0x00000000


mem[X,0x8002148C] -> 0x006F
mem[X,0x8002148E] -> 0x00C0
[3430] [M]: 0x8002148C (0x00C0006F) jal zero, 12


mem[X,0x80021498] -> 0x4863
mem[X,0x8002149A] -> 0x00B5
[3431] [M]: 0x80021498 (0x00B54863) blt a0, a1, 16


mem[X,0x8002149C] -> 0x0113
mem[X,0x8002149E] -> 0x0021
[3432] [M]: 0x8002149C (0x00210113) addi sp, sp, 2
x2 <- 0x00000002


mem[X,0x800214A0] -> 0x006F
mem[X,0x800214A2] -> 0x0100
[3433] [M]: 0x800214A0 (0x0100006F) jal zero, 16


mem[X,0x800214B0] -> 0xA023
mem[X,0x800214B2] -> 0x5620
[3434] [M]: 0x800214B0 (0x5620A023) sw sp, 1376(ra)
mem[0x800396C8] <- 0x00000002


mem[X,0x800214B4] -> 0x3537
mem[X,0x800214B6] -> 0x3333
[3435] [M]: 0x800214B4 (0x33333537) lui a0, 209715
x10 <- 0x33333000


mem[X,0x800214B8] -> 0x0513
mem[X,0x800214BA] -> 0x3345
[3436] [M]: 0x800214B8 (0x33450513) addi a0, a0, 820
x10 <- 0x33333334


mem[X,0x800214BC] -> 0x35B7
mem[X,0x800214BE] -> 0x3333
[3437] [M]: 0x800214BC (0x333335B7) lui a1, 209715
x11 <- 0x33333000


mem[X,0x800214C0] -> 0x8593
mem[X,0x800214C2] -> 0x3345
[3438] [M]: 0x800214C0 (0x33458593) addi a1, a1, 820
x11 <- 0x33333334


mem[X,0x800214C4] -> 0x0113
mem[X,0x800214C6] -> 0x0000
[3439] [M]: 0x800214C4 (0x00000113) addi sp, zero, 0
x2 <- 0x00000000


mem[X,0x800214C8] -> 0x006F
mem[X,0x800214CA] -> 0x00C0
[3440] [M]: 0x800214C8 (0x00C0006F) jal zero, 12


mem[X,0x800214D4] -> 0x4CE3
mem[X,0x800214D6] -> 0xFEB5
[3441] [M]: 0x800214D4 (0xFEB54CE3) blt a0, a1, 8184


mem[X,0x800214D8] -> 0x0113
mem[X,0x800214DA] -> 0x0021
[3442] [M]: 0x800214D8 (0x00210113) addi sp, sp, 2
x2 <- 0x00000002


mem[X,0x800214DC] -> 0x006F
mem[X,0x800214DE] -> 0x00C0
[3443] [M]: 0x800214DC (0x00C0006F) jal zero, 12


mem[X,0x800214E8] -> 0xA223
mem[X,0x800214EA] -> 0x5620
[3444] [M]: 0x800214E8 (0x5620A223) sw sp, 1380(ra)
mem[0x800396CC] <- 0x00000002


mem[X,0x800214EC] -> 0x3537
mem[X,0x800214EE] -> 0x3333
[3445] [M]: 0x800214EC (0x33333537) lui a0, 209715
x10 <- 0x33333000


mem[X,0x800214F0] -> 0x0513
mem[X,0x800214F2] -> 0x3345
[3446] [M]: 0x800214F0 (0x33450513) addi a0, a0, 820
x10 <- 0x33333334


mem[X,0x800214F4] -> 0x65B7
mem[X,0x800214F6] -> 0x6666
[3447] [M]: 0x800214F4 (0x666665B7) lui a1, 419430
x11 <- 0x66666000


mem[X,0x800214F8] -> 0x8593
mem[X,0x800214FA] -> 0x6675
[3448] [M]: 0x800214F8 (0x66758593) addi a1, a1, 1639
x11 <- 0x66666667


mem[X,0x800214FC] -> 0x0113
mem[X,0x800214FE] -> 0x0000
[3449] [M]: 0x800214FC (0x00000113) addi sp, zero, 0
x2 <- 0x00000000


mem[X,0x80021500] -> 0x006F
mem[X,0x80021502] -> 0x0100
[3450] [M]: 0x80021500 (0x0100006F) jal zero, 16


mem[X,0x80021510] -> 0x4AE3
mem[X,0x80021512] -> 0xFEB5
[3451] [M]: 0x80021510 (0xFEB54AE3) blt a0, a1, 8180


mem[X,0x80021504] -> 0x0113
mem[X,0x80021506] -> 0x0011
[3452] [M]: 0x80021504 (0x00110113) addi sp, sp, 1
x2 <- 0x00000001


mem[X,0x80021508] -> 0x006F
mem[X,0x8002150A] -> 0x01C0
[3453] [M]: 0x80021508 (0x01C0006F) jal zero, 28


mem[X,0x80021524] -> 0xA423
mem[X,0x80021526] -> 0x5620
[3454] [M]: 0x80021524 (0x5620A423) sw sp, 1384(ra)
mem[0x800396D0] <- 0x00000001


mem[X,0x80021528] -> 0x3537
mem[X,0x8002152A] -> 0x3333
[3455] [M]: 0x80021528 (0x33333537) lui a0, 209715
x10 <- 0x33333000


mem[X,0x8002152C] -> 0x0513
mem[X,0x8002152E] -> 0x3345
[3456] [M]: 0x8002152C (0x33450513) addi a0, a0, 820
x10 <- 0x33333334


mem[X,0x80021530] -> 0x55B7
mem[X,0x80021532] -> 0xFFFF
[3457] [M]: 0x80021530 (0xFFFF55B7) lui a1, 1048565
x11 <- 0xFFFF5000


mem[X,0x80021534] -> 0x8593
mem[X,0x80021536] -> 0xAFD5
[3458] [M]: 0x80021534 (0xAFD58593) addi a1, a1, 2813
x11 <- 0xFFFF4AFD


mem[X,0x80021538] -> 0x0113
mem[X,0x8002153A] -> 0x0000
[3459] [M]: 0x80021538 (0x00000113) addi sp, zero, 0
x2 <- 0x00000000


mem[X,0x8002153C] -> 0x006F
mem[X,0x8002153E] -> 0x00C0
[3460] [M]: 0x8002153C (0x00C0006F) jal zero, 12


mem[X,0x80021548] -> 0x4663
mem[X,0x8002154A] -> 0x00B5
[3461] [M]: 0x80021548 (0x00B54663) blt a0, a1, 12


mem[X,0x8002154C] -> 0x0113
mem[X,0x8002154E] -> 0x0021
[3462] [M]: 0x8002154C (0x00210113) addi sp, sp, 2
x2 <- 0x00000002


mem[X,0x80021550] -> 0x006F
mem[X,0x80021552] -> 0x00C0
[3463] [M]: 0x80021550 (0x00C0006F) jal zero, 12


mem[X,0x8002155C] -> 0xA623
mem[X,0x8002155E] -> 0x5620
[3464] [M]: 0x8002155C (0x5620A623) sw sp, 1388(ra)
mem[0x800396D4] <- 0x00000002


mem[X,0x80021560] -> 0x3537
mem[X,0x80021562] -> 0x3333
[3465] [M]: 0x80021560 (0x33333537) lui a0, 209715
x10 <- 0x33333000


mem[X,0x80021564] -> 0x0513
mem[X,0x80021566] -> 0x3345
[3466] [M]: 0x80021564 (0x33450513) addi a0, a0, 820
x10 <- 0x33333334


mem[X,0x80021568] -> 0xB5B7
mem[X,0x8002156A] -> 0x0000
[3467] [M]: 0x80021568 (0x0000B5B7) lui a1, 11
x11 <- 0x0000B000


mem[X,0x8002156C] -> 0x8593
mem[X,0x8002156E] -> 0x5055
[3468] [M]: 0x8002156C (0x50558593) addi a1, a1, 1285
x11 <- 0x0000B505


mem[X,0x80021570] -> 0x0113
mem[X,0x80021572] -> 0x0000
[3469] [M]: 0x80021570 (0x00000113) addi sp, zero, 0
x2 <- 0x00000000


mem[X,0x80021574] -> 0x006F
mem[X,0x80021576] -> 0x00C0
[3470] [M]: 0x80021574 (0x00C0006F) jal zero, 12


mem[X,0x80021580] -> 0x4063
mem[X,0x80021582] -> 0x20B5
[3471] [M]: 0x80021580 (0x20B54063) blt a0, a1, 512


mem[X,0x80021584] -> 0x0113
mem[X,0x80021586] -> 0x0021
[3472] [M]: 0x80021584 (0x00210113) addi sp, sp, 2
x2 <- 0x00000002


mem[X,0x80021588] -> 0x006F
mem[X,0x8002158A] -> 0x2000
[3473] [M]: 0x80021588 (0x2000006F) jal zero, 512


mem[X,0x80021788] -> 0xA823
mem[X,0x8002178A] -> 0x5620
[3474] [M]: 0x80021788 (0x5620A823) sw sp, 1392(ra)
mem[0x800396D8] <- 0x00000002


mem[X,0x8002178C] -> 0x6537
mem[X,0x8002178E] -> 0x6666
[3475] [M]: 0x8002178C (0x66666537) lui a0, 419430
x10 <- 0x66666000


mem[X,0x80021790] -> 0x0513
mem[X,0x80021792] -> 0x6675
[3476] [M]: 0x80021790 (0x66750513) addi a0, a0, 1639
x10 <- 0x66666667


mem[X,0x80021794] -> 0x0593
mem[X,0x80021796] -> 0x0030
[3477] [M]: 0x80021794 (0x00300593) addi a1, zero, 3
x11 <- 0x00000003


mem[X,0x80021798] -> 0x0113
mem[X,0x8002179A] -> 0x0000
[3478] [M]: 0x80021798 (0x00000113) addi sp, zero, 0
x2 <- 0x00000000


mem[X,0x8002179C] -> 0x006F
mem[X,0x8002179E] -> 0x00C0
[3479] [M]: 0x8002179C (0x00C0006F) jal zero, 12


mem[X,0x800217A8] -> 0x4663
mem[X,0x800217AA] -> 0x00B5
[3480] [M]: 0x800217A8 (0x00B54663) blt a0, a1, 12


mem[X,0x800217AC] -> 0x0113
mem[X,0x800217AE] -> 0x0021
[3481] [M]: 0x800217AC (0x00210113) addi sp, sp, 2
x2 <- 0x00000002


mem[X,0x800217B0] -> 0x006F
mem[X,0x800217B2] -> 0x00C0
[3482] [M]: 0x800217B0 (0x00C0006F) jal zero, 12


mem[X,0x800217BC] -> 0xAA23
mem[X,0x800217BE] -> 0x5620
[3483] [M]: 0x800217BC (0x5620AA23) sw sp, 1396(ra)
mem[0x800396DC] <- 0x00000002


mem[X,0x800217C0] -> 0x6537
mem[X,0x800217C2] -> 0x6666
[3484] [M]: 0x800217C0 (0x66666537) lui a0, 419430
x10 <- 0x66666000


mem[X,0x800217C4] -> 0x0513
mem[X,0x800217C6] -> 0x6675
[3485] [M]: 0x800217C4 (0x66750513) addi a0, a0, 1639
x10 <- 0x66666667


mem[X,0x800217C8] -> 0x55B7
mem[X,0x800217CA] -> 0x5555
[3486] [M]: 0x800217C8 (0x555555B7) lui a1, 349525
x11 <- 0x55555000


mem[X,0x800217CC] -> 0x8593
mem[X,0x800217CE] -> 0x5555
[3487] [M]: 0x800217CC (0x55558593) addi a1, a1, 1365
x11 <- 0x55555555


mem[X,0x800217D0] -> 0x0113
mem[X,0x800217D2] -> 0x0000
[3488] [M]: 0x800217D0 (0x00000113) addi sp, zero, 0
x2 <- 0x00000000


mem[X,0x800217D4] -> 0x006F
mem[X,0x800217D6] -> 0x00C0
[3489] [M]: 0x800217D4 (0x00C0006F) jal zero, 12


mem[X,0x800217E0] -> 0x4063
mem[X,0x800217E2] -> 0x40B5
[3490] [M]: 0x800217E0 (0x40B54063) blt a0, a1, 1024


mem[X,0x800217E4] -> 0x0113
mem[X,0x800217E6] -> 0x0021
[3491] [M]: 0x800217E4 (0x00210113) addi sp, sp, 2
x2 <- 0x00000002


mem[X,0x800217E8] -> 0x006F
mem[X,0x800217EA] -> 0x4000
[3492] [M]: 0x800217E8 (0x4000006F) jal zero, 1024


mem[X,0x80021BE8] -> 0xAC23
mem[X,0x80021BEA] -> 0x5620
[3493] [M]: 0x80021BE8 (0x5620AC23) sw sp, 1400(ra)
mem[0x800396E0] <- 0x00000002


mem[X,0x80021BEC] -> 0x6537
mem[X,0x80021BEE] -> 0x6666
[3494] [M]: 0x80021BEC (0x66666537) lui a0, 419430
x10 <- 0x66666000


mem[X,0x80021BF0] -> 0x0513
mem[X,0x80021BF2] -> 0x6675
[3495] [M]: 0x80021BF0 (0x66750513) addi a0, a0, 1639
x10 <- 0x66666667


mem[X,0x80021BF4] -> 0xB5B7
mem[X,0x80021BF6] -> 0xAAAA
[3496] [M]: 0x80021BF4 (0xAAAAB5B7) lui a1, 699051
x11 <- 0xAAAAB000


mem[X,0x80021BF8] -> 0x8593
mem[X,0x80021BFA] -> 0xAAA5
[3497] [M]: 0x80021BF8 (0xAAA58593) addi a1, a1, 2730
x11 <- 0xAAAAAAAA


mem[X,0x80021BFC] -> 0x0113
mem[X,0x80021BFE] -> 0x0000
[3498] [M]: 0x80021BFC (0x00000113) addi sp, zero, 0
x2 <- 0x00000000


mem[X,0x80021C00] -> 0x006F
mem[X,0x80021C02] -> 0x00C0
[3499] [M]: 0x80021C00 (0x00C0006F) jal zero, 12


clint::tick mtime <- 0x0000000000000023
 clint timer pending at mtime 0x0000000000000023
htif::tick 0x0000000000000000
mem[X,0x80021C0C] -> 0x4CE3
mem[X,0x80021C0E] -> 0xFEB5
[3500] [M]: 0x80021C0C (0xFEB54CE3) blt a0, a1, 8184


mem[X,0x80021C10] -> 0x0113
mem[X,0x80021C12] -> 0x0021
[3501] [M]: 0x80021C10 (0x00210113) addi sp, sp, 2
x2 <- 0x00000002


mem[X,0x80021C14] -> 0x006F
mem[X,0x80021C16] -> 0x00C0
[3502] [M]: 0x80021C14 (0x00C0006F) jal zero, 12


mem[X,0x80021C20] -> 0xAE23
mem[X,0x80021C22] -> 0x5620
[3503] [M]: 0x80021C20 (0x5620AE23) sw sp, 1404(ra)
mem[0x800396E4] <- 0x00000002


mem[X,0x80021C24] -> 0x6537
mem[X,0x80021C26] -> 0x6666
[3504] [M]: 0x80021C24 (0x66666537) lui a0, 419430
x10 <- 0x66666000


mem[X,0x80021C28] -> 0x0513
mem[X,0x80021C2A] -> 0x6675
[3505] [M]: 0x80021C28 (0x66750513) addi a0, a0, 1639
x10 <- 0x66666667


mem[X,0x80021C2C] -> 0x0593
mem[X,0x80021C2E] -> 0x0050
[3506] [M]: 0x80021C2C (0x00500593) addi a1, zero, 5
x11 <- 0x00000005


mem[X,0x80021C30] -> 0x0113
mem[X,0x80021C32] -> 0x0000
[3507] [M]: 0x80021C30 (0x00000113) addi sp, zero, 0
x2 <- 0x00000000


mem[X,0x80021C34] -> 0x006F
mem[X,0x80021C36] -> 0x00C0
[3508] [M]: 0x80021C34 (0x00C0006F) jal zero, 12


mem[X,0x80021C40] -> 0x4863
mem[X,0x80021C42] -> 0x00B5
[3509] [M]: 0x80021C40 (0x00B54863) blt a0, a1, 16


mem[X,0x80021C44] -> 0x0113
mem[X,0x80021C46] -> 0x0021
[3510] [M]: 0x80021C44 (0x00210113) addi sp, sp, 2
x2 <- 0x00000002


mem[X,0x80021C48] -> 0x006F
mem[X,0x80021C4A] -> 0x0100
[3511] [M]: 0x80021C48 (0x0100006F) jal zero, 16


mem[X,0x80021C58] -> 0xA023
mem[X,0x80021C5A] -> 0x5820
[3512] [M]: 0x80021C58 (0x5820A023) sw sp, 1408(ra)
mem[0x800396E8] <- 0x00000002


mem[X,0x80021C5C] -> 0x6537
mem[X,0x80021C5E] -> 0x6666
[3513] [M]: 0x80021C5C (0x66666537) lui a0, 419430
x10 <- 0x66666000


mem[X,0x80021C60] -> 0x0513
mem[X,0x80021C62] -> 0x6675
[3514] [M]: 0x80021C60 (0x66750513) addi a0, a0, 1639
x10 <- 0x66666667


mem[X,0x80021C64] -> 0x35B7
mem[X,0x80021C66] -> 0x3333
[3515] [M]: 0x80021C64 (0x333335B7) lui a1, 209715
x11 <- 0x33333000


mem[X,0x80021C68] -> 0x8593
mem[X,0x80021C6A] -> 0x3335
[3516] [M]: 0x80021C68 (0x33358593) addi a1, a1, 819
x11 <- 0x33333333


mem[X,0x80021C6C] -> 0x0113
mem[X,0x80021C6E] -> 0x0000
[3517] [M]: 0x80021C6C (0x00000113) addi sp, zero, 0
x2 <- 0x00000000


mem[X,0x80021C70] -> 0x006F
mem[X,0x80021C72] -> 0x00C0
[3518] [M]: 0x80021C70 (0x00C0006F) jal zero, 12


mem[X,0x80021C7C] -> 0x4063
mem[X,0x80021C7E] -> 0x02B5
[3519] [M]: 0x80021C7C (0x02B54063) blt a0, a1, 32


mem[X,0x80021C80] -> 0x0113
mem[X,0x80021C82] -> 0x0021
[3520] [M]: 0x80021C80 (0x00210113) addi sp, sp, 2
x2 <- 0x00000002


mem[X,0x80021C84] -> 0x006F
mem[X,0x80021C86] -> 0x0200
[3521] [M]: 0x80021C84 (0x0200006F) jal zero, 32


mem[X,0x80021CA4] -> 0xA223
mem[X,0x80021CA6] -> 0x5820
[3522] [M]: 0x80021CA4 (0x5820A223) sw sp, 1412(ra)
mem[0x800396EC] <- 0x00000002


mem[X,0x80021CA8] -> 0x6537
mem[X,0x80021CAA] -> 0x6666
[3523] [M]: 0x80021CA8 (0x66666537) lui a0, 419430
x10 <- 0x66666000


mem[X,0x80021CAC] -> 0x0513
mem[X,0x80021CAE] -> 0x6675
[3524] [M]: 0x80021CAC (0x66750513) addi a0, a0, 1639
x10 <- 0x66666667


mem[X,0x80021CB0] -> 0x65B7
mem[X,0x80021CB2] -> 0x6666
[3525] [M]: 0x80021CB0 (0x666665B7) lui a1, 419430
x11 <- 0x66666000


mem[X,0x80021CB4] -> 0x8593
mem[X,0x80021CB6] -> 0x6665
[3526] [M]: 0x80021CB4 (0x66658593) addi a1, a1, 1638
x11 <- 0x66666666


mem[X,0x80021CB8] -> 0x0113
mem[X,0x80021CBA] -> 0x0000
[3527] [M]: 0x80021CB8 (0x00000113) addi sp, zero, 0
x2 <- 0x00000000


mem[X,0x80021CBC] -> 0x006F
mem[X,0x80021CBE] -> 0x00C0
[3528] [M]: 0x80021CBC (0x00C0006F) jal zero, 12


mem[X,0x80021CC8] -> 0x4063
mem[X,0x80021CCA] -> 0x08B5
[3529] [M]: 0x80021CC8 (0x08B54063) blt a0, a1, 128


mem[X,0x80021CCC] -> 0x0113
mem[X,0x80021CCE] -> 0x0021
[3530] [M]: 0x80021CCC (0x00210113) addi sp, sp, 2
x2 <- 0x00000002


mem[X,0x80021CD0] -> 0x006F
mem[X,0x80021CD2] -> 0x0800
[3531] [M]: 0x80021CD0 (0x0800006F) jal zero, 128


mem[X,0x80021D50] -> 0xA423
mem[X,0x80021D52] -> 0x5820
[3532] [M]: 0x80021D50 (0x5820A423) sw sp, 1416(ra)
mem[0x800396F0] <- 0x00000002


mem[X,0x80021D54] -> 0x6537
mem[X,0x80021D56] -> 0x6666
[3533] [M]: 0x80021D54 (0x66666537) lui a0, 419430
x10 <- 0x66666000


mem[X,0x80021D58] -> 0x0513
mem[X,0x80021D5A] -> 0x6675
[3534] [M]: 0x80021D58 (0x66750513) addi a0, a0, 1639
x10 <- 0x66666667


mem[X,0x80021D5C] -> 0x55B7
mem[X,0x80021D5E] -> 0xFFFF
[3535] [M]: 0x80021D5C (0xFFFF55B7) lui a1, 1048565
x11 <- 0xFFFF5000


mem[X,0x80021D60] -> 0x8593
mem[X,0x80021D62] -> 0xAFC5
[3536] [M]: 0x80021D60 (0xAFC58593) addi a1, a1, 2812
x11 <- 0xFFFF4AFC


mem[X,0x80021D64] -> 0x0113
mem[X,0x80021D66] -> 0x0000
[3537] [M]: 0x80021D64 (0x00000113) addi sp, zero, 0
x2 <- 0x00000000


mem[X,0x80021D68] -> 0x006F
mem[X,0x80021D6A] -> 0x00C0
[3538] [M]: 0x80021D68 (0x00C0006F) jal zero, 12


mem[X,0x80021D74] -> 0x4663
mem[X,0x80021D76] -> 0x00B5
[3539] [M]: 0x80021D74 (0x00B54663) blt a0, a1, 12


mem[X,0x80021D78] -> 0x0113
mem[X,0x80021D7A] -> 0x0021
[3540] [M]: 0x80021D78 (0x00210113) addi sp, sp, 2
x2 <- 0x00000002


mem[X,0x80021D7C] -> 0x006F
mem[X,0x80021D7E] -> 0x00C0
[3541] [M]: 0x80021D7C (0x00C0006F) jal zero, 12


mem[X,0x80021D88] -> 0xA623
mem[X,0x80021D8A] -> 0x5820
[3542] [M]: 0x80021D88 (0x5820A623) sw sp, 1420(ra)
mem[0x800396F4] <- 0x00000002


mem[X,0x80021D8C] -> 0x6537
mem[X,0x80021D8E] -> 0x6666
[3543] [M]: 0x80021D8C (0x66666537) lui a0, 419430
x10 <- 0x66666000


mem[X,0x80021D90] -> 0x0513
mem[X,0x80021D92] -> 0x6675
[3544] [M]: 0x80021D90 (0x66750513) addi a0, a0, 1639
x10 <- 0x66666667


mem[X,0x80021D94] -> 0xB5B7
mem[X,0x80021D96] -> 0x0000
[3545] [M]: 0x80021D94 (0x0000B5B7) lui a1, 11
x11 <- 0x0000B000


mem[X,0x80021D98] -> 0x8593
mem[X,0x80021D9A] -> 0x5045
[3546] [M]: 0x80021D98 (0x50458593) addi a1, a1, 1284
x11 <- 0x0000B504


mem[X,0x80021D9C] -> 0x0113
mem[X,0x80021D9E] -> 0x0000
[3547] [M]: 0x80021D9C (0x00000113) addi sp, zero, 0
x2 <- 0x00000000


mem[X,0x80021DA0] -> 0x006F
mem[X,0x80021DA2] -> 0x0100
[3548] [M]: 0x80021DA0 (0x0100006F) jal zero, 16


mem[X,0x80021DB0] -> 0x4AE3
mem[X,0x80021DB2] -> 0xFEB5
[3549] [M]: 0x80021DB0 (0xFEB54AE3) blt a0, a1, 8180


mem[X,0x80021DB4] -> 0x0113
mem[X,0x80021DB6] -> 0x0021
[3550] [M]: 0x80021DB4 (0x00210113) addi sp, sp, 2
x2 <- 0x00000002


mem[X,0x80021DB8] -> 0x006F
mem[X,0x80021DBA] -> 0x00C0
[3551] [M]: 0x80021DB8 (0x00C0006F) jal zero, 12


mem[X,0x80021DC4] -> 0xA823
mem[X,0x80021DC6] -> 0x5820
[3552] [M]: 0x80021DC4 (0x5820A823) sw sp, 1424(ra)
mem[0x800396F8] <- 0x00000002


mem[X,0x80021DC8] -> 0x6537
mem[X,0x80021DCA] -> 0x6666
[3553] [M]: 0x80021DC8 (0x66666537) lui a0, 419430
x10 <- 0x66666000


mem[X,0x80021DCC] -> 0x0513
mem[X,0x80021DCE] -> 0x6675
[3554] [M]: 0x80021DCC (0x66750513) addi a0, a0, 1639
x10 <- 0x66666667


mem[X,0x80021DD0] -> 0x0593
mem[X,0x80021DD2] -> 0x0020
[3555] [M]: 0x80021DD0 (0x00200593) addi a1, zero, 2
x11 <- 0x00000002


mem[X,0x80021DD4] -> 0x0113
mem[X,0x80021DD6] -> 0x0000
[3556] [M]: 0x80021DD4 (0x00000113) addi sp, zero, 0
x2 <- 0x00000000


mem[X,0x80021DD8] -> 0x006F
mem[X,0x80021DDA] -> 0x2B10
[3557] [M]: 0x80021DD8 (0x2B10006F) jal zero, 2736


mem[X,0x80022888] -> 0x4A63
mem[X,0x8002288A] -> 0xD4B5
[3558] [M]: 0x80022888 (0xD4B54A63) blt a0, a1, 5460


mem[X,0x8002288C] -> 0x0113
mem[X,0x8002288E] -> 0x0021
[3559] [M]: 0x8002288C (0x00210113) addi sp, sp, 2
x2 <- 0x00000002


mem[X,0x80022890] -> 0x006F
mem[X,0x80022892] -> 0x00C0
[3560] [M]: 0x80022890 (0x00C0006F) jal zero, 12


mem[X,0x8002289C] -> 0xAA23
mem[X,0x8002289E] -> 0x5820
[3561] [M]: 0x8002289C (0x5820AA23) sw sp, 1428(ra)
mem[0x800396FC] <- 0x00000002


mem[X,0x800228A0] -> 0x6537
mem[X,0x800228A2] -> 0x6666
[3562] [M]: 0x800228A0 (0x66666537) lui a0, 419430
x10 <- 0x66666000


mem[X,0x800228A4] -> 0x0513
mem[X,0x800228A6] -> 0x6675
[3563] [M]: 0x800228A4 (0x66750513) addi a0, a0, 1639
x10 <- 0x66666667


mem[X,0x800228A8] -> 0x55B7
mem[X,0x800228AA] -> 0x5555
[3564] [M]: 0x800228A8 (0x555555B7) lui a1, 349525
x11 <- 0x55555000


mem[X,0x800228AC] -> 0x8593
mem[X,0x800228AE] -> 0x5545
[3565] [M]: 0x800228AC (0x55458593) addi a1, a1, 1364
x11 <- 0x55555554


mem[X,0x800228B0] -> 0x0113
mem[X,0x800228B2] -> 0x0000
[3566] [M]: 0x800228B0 (0x00000113) addi sp, zero, 0
x2 <- 0x00000000


mem[X,0x800228B4] -> 0x006F
mem[X,0x800228B6] -> 0x00C0
[3567] [M]: 0x800228B4 (0x00C0006F) jal zero, 12


mem[X,0x800228C0] -> 0x4063
mem[X,0x800228C2] -> 0x04B5
[3568] [M]: 0x800228C0 (0x04B54063) blt a0, a1, 64


mem[X,0x800228C4] -> 0x0113
mem[X,0x800228C6] -> 0x0021
[3569] [M]: 0x800228C4 (0x00210113) addi sp, sp, 2
x2 <- 0x00000002


mem[X,0x800228C8] -> 0x006F
mem[X,0x800228CA] -> 0x0400
[3570] [M]: 0x800228C8 (0x0400006F) jal zero, 64


mem[X,0x80022908] -> 0xAC23
mem[X,0x8002290A] -> 0x5820
[3571] [M]: 0x80022908 (0x5820AC23) sw sp, 1432(ra)
mem[0x80039700] <- 0x00000002


mem[X,0x8002290C] -> 0x6537
mem[X,0x8002290E] -> 0x6666
[3572] [M]: 0x8002290C (0x66666537) lui a0, 419430
x10 <- 0x66666000


mem[X,0x80022910] -> 0x0513
mem[X,0x80022912] -> 0x6675
[3573] [M]: 0x80022910 (0x66750513) addi a0, a0, 1639
x10 <- 0x66666667


mem[X,0x80022914] -> 0x0593
mem[X,0x80022916] -> 0x0000
[3574] [M]: 0x80022914 (0x00000593) addi a1, zero, 0
x11 <- 0x00000000


mem[X,0x80022918] -> 0x0113
mem[X,0x8002291A] -> 0x0000
[3575] [M]: 0x80022918 (0x00000113) addi sp, zero, 0
x2 <- 0x00000000


mem[X,0x8002291C] -> 0x006F
mem[X,0x8002291E] -> 0x00C0
[3576] [M]: 0x8002291C (0x00C0006F) jal zero, 12


mem[X,0x80022928] -> 0x4CE3
mem[X,0x8002292A] -> 0xFEB5
[3577] [M]: 0x80022928 (0xFEB54CE3) blt a0, a1, 8184


mem[X,0x8002292C] -> 0x0113
mem[X,0x8002292E] -> 0x0021
[3578] [M]: 0x8002292C (0x00210113) addi sp, sp, 2
x2 <- 0x00000002


mem[X,0x80022930] -> 0x006F
mem[X,0x80022932] -> 0x00C0
[3579] [M]: 0x80022930 (0x00C0006F) jal zero, 12


mem[X,0x8002293C] -> 0xAE23
mem[X,0x8002293E] -> 0x5820
[3580] [M]: 0x8002293C (0x5820AE23) sw sp, 1436(ra)
mem[0x80039704] <- 0x00000002


mem[X,0x80022940] -> 0x6537
mem[X,0x80022942] -> 0x6666
[3581] [M]: 0x80022940 (0x66666537) lui a0, 419430
x10 <- 0x66666000


mem[X,0x80022944] -> 0x0513
mem[X,0x80022946] -> 0x6675
[3582] [M]: 0x80022944 (0x66750513) addi a0, a0, 1639
x10 <- 0x66666667


mem[X,0x80022948] -> 0x0593
mem[X,0x8002294A] -> 0x0040
[3583] [M]: 0x80022948 (0x00400593) addi a1, zero, 4
x11 <- 0x00000004


mem[X,0x8002294C] -> 0x0113
mem[X,0x8002294E] -> 0x0000
[3584] [M]: 0x8002294C (0x00000113) addi sp, zero, 0
x2 <- 0x00000000


mem[X,0x80022950] -> 0x006F
mem[X,0x80022952] -> 0x00C0
[3585] [M]: 0x80022950 (0x00C0006F) jal zero, 12


mem[X,0x8002295C] -> 0x4663
mem[X,0x8002295E] -> 0x00B5
[3586] [M]: 0x8002295C (0x00B54663) blt a0, a1, 12


mem[X,0x80022960] -> 0x0113
mem[X,0x80022962] -> 0x0021
[3587] [M]: 0x80022960 (0x00210113) addi sp, sp, 2
x2 <- 0x00000002


mem[X,0x80022964] -> 0x006F
mem[X,0x80022966] -> 0x00C0
[3588] [M]: 0x80022964 (0x00C0006F) jal zero, 12


mem[X,0x80022970] -> 0xA023
mem[X,0x80022972] -> 0x5A20
[3589] [M]: 0x80022970 (0x5A20A023) sw sp, 1440(ra)
mem[0x80039708] <- 0x00000002


mem[X,0x80022974] -> 0x6537
mem[X,0x80022976] -> 0x6666
[3590] [M]: 0x80022974 (0x66666537) lui a0, 419430
x10 <- 0x66666000


mem[X,0x80022978] -> 0x0513
mem[X,0x8002297A] -> 0x6675
[3591] [M]: 0x80022978 (0x66750513) addi a0, a0, 1639
x10 <- 0x66666667


mem[X,0x8002297C] -> 0x35B7
mem[X,0x8002297E] -> 0x3333
[3592] [M]: 0x8002297C (0x333335B7) lui a1, 209715
x11 <- 0x33333000


mem[X,0x80022980] -> 0x8593
mem[X,0x80022982] -> 0x3325
[3593] [M]: 0x80022980 (0x33258593) addi a1, a1, 818
x11 <- 0x33333332


mem[X,0x80022984] -> 0x0113
mem[X,0x80022986] -> 0x0000
[3594] [M]: 0x80022984 (0x00000113) addi sp, zero, 0
x2 <- 0x00000000


mem[X,0x80022988] -> 0x006F
mem[X,0x8002298A] -> 0x00C0
[3595] [M]: 0x80022988 (0x00C0006F) jal zero, 12


mem[X,0x80022994] -> 0x4663
mem[X,0x80022996] -> 0x00B5
[3596] [M]: 0x80022994 (0x00B54663) blt a0, a1, 12


mem[X,0x80022998] -> 0x0113
mem[X,0x8002299A] -> 0x0021
[3597] [M]: 0x80022998 (0x00210113) addi sp, sp, 2
x2 <- 0x00000002


mem[X,0x8002299C] -> 0x006F
mem[X,0x8002299E] -> 0x00C0
[3598] [M]: 0x8002299C (0x00C0006F) jal zero, 12


mem[X,0x800229A8] -> 0xA223
mem[X,0x800229AA] -> 0x5A20
[3599] [M]: 0x800229A8 (0x5A20A223) sw sp, 1444(ra)
mem[0x8003970C] <- 0x00000002


clint::tick mtime <- 0x0000000000000024
 clint timer pending at mtime 0x0000000000000024
htif::tick 0x0000000000000000
mem[X,0x800229AC] -> 0x6537
mem[X,0x800229AE] -> 0x6666
[3600] [M]: 0x800229AC (0x66666537) lui a0, 419430
x10 <- 0x66666000


mem[X,0x800229B0] -> 0x0513
mem[X,0x800229B2] -> 0x6675
[3601] [M]: 0x800229B0 (0x66750513) addi a0, a0, 1639
x10 <- 0x66666667


mem[X,0x800229B4] -> 0x65B7
mem[X,0x800229B6] -> 0x6666
[3602] [M]: 0x800229B4 (0x666665B7) lui a1, 419430
x11 <- 0x66666000


mem[X,0x800229B8] -> 0x8593
mem[X,0x800229BA] -> 0x6655
[3603] [M]: 0x800229B8 (0x66558593) addi a1, a1, 1637
x11 <- 0x66666665


mem[X,0x800229BC] -> 0x0113
mem[X,0x800229BE] -> 0x0000
[3604] [M]: 0x800229BC (0x00000113) addi sp, zero, 0
x2 <- 0x00000000


mem[X,0x800229C0] -> 0x006F
mem[X,0x800229C2] -> 0x00C0
[3605] [M]: 0x800229C0 (0x00C0006F) jal zero, 12


mem[X,0x800229CC] -> 0x4663
mem[X,0x800229CE] -> 0x00B5
[3606] [M]: 0x800229CC (0x00B54663) blt a0, a1, 12


mem[X,0x800229D0] -> 0x0113
mem[X,0x800229D2] -> 0x0021
[3607] [M]: 0x800229D0 (0x00210113) addi sp, sp, 2
x2 <- 0x00000002


mem[X,0x800229D4] -> 0x006F
mem[X,0x800229D6] -> 0x00C0
[3608] [M]: 0x800229D4 (0x00C0006F) jal zero, 12


mem[X,0x800229E0] -> 0xA423
mem[X,0x800229E2] -> 0x5A20
[3609] [M]: 0x800229E0 (0x5A20A423) sw sp, 1448(ra)
mem[0x80039710] <- 0x00000002


mem[X,0x800229E4] -> 0x6537
mem[X,0x800229E6] -> 0x6666
[3610] [M]: 0x800229E4 (0x66666537) lui a0, 419430
x10 <- 0x66666000


mem[X,0x800229E8] -> 0x0513
mem[X,0x800229EA] -> 0x6675
[3611] [M]: 0x800229E8 (0x66750513) addi a0, a0, 1639
x10 <- 0x66666667


mem[X,0x800229EC] -> 0xB5B7
mem[X,0x800229EE] -> 0x0000
[3612] [M]: 0x800229EC (0x0000B5B7) lui a1, 11
x11 <- 0x0000B000


mem[X,0x800229F0] -> 0x8593
mem[X,0x800229F2] -> 0x5035
[3613] [M]: 0x800229F0 (0x50358593) addi a1, a1, 1283
x11 <- 0x0000B503


mem[X,0x800229F4] -> 0x0113
mem[X,0x800229F6] -> 0x0000
[3614] [M]: 0x800229F4 (0x00000113) addi sp, zero, 0
x2 <- 0x00000000


mem[X,0x800229F8] -> 0x006F
mem[X,0x800229FA] -> 0x00C0
[3615] [M]: 0x800229F8 (0x00C0006F) jal zero, 12


mem[X,0x80022A04] -> 0x4063
mem[X,0x80022A06] -> 0x10B5
[3616] [M]: 0x80022A04 (0x10B54063) blt a0, a1, 256


mem[X,0x80022A08] -> 0x0113
mem[X,0x80022A0A] -> 0x0021
[3617] [M]: 0x80022A08 (0x00210113) addi sp, sp, 2
x2 <- 0x00000002


mem[X,0x80022A0C] -> 0x006F
mem[X,0x80022A0E] -> 0x1000
[3618] [M]: 0x80022A0C (0x1000006F) jal zero, 256


mem[X,0x80022B0C] -> 0xA623
mem[X,0x80022B0E] -> 0x5A20
[3619] [M]: 0x80022B0C (0x5A20A623) sw sp, 1452(ra)
mem[0x80039714] <- 0x00000002


mem[X,0x80022B10] -> 0x6537
mem[X,0x80022B12] -> 0x6666
[3620] [M]: 0x80022B10 (0x66666537) lui a0, 419430
x10 <- 0x66666000


mem[X,0x80022B14] -> 0x0513
mem[X,0x80022B16] -> 0x6675
[3621] [M]: 0x80022B14 (0x66750513) addi a0, a0, 1639
x10 <- 0x66666667


mem[X,0x80022B18] -> 0x55B7
mem[X,0x80022B1A] -> 0x5555
[3622] [M]: 0x80022B18 (0x555555B7) lui a1, 349525
x11 <- 0x55555000


mem[X,0x80022B1C] -> 0x8593
mem[X,0x80022B1E] -> 0x5565
[3623] [M]: 0x80022B1C (0x55658593) addi a1, a1, 1366
x11 <- 0x55555556


mem[X,0x80022B20] -> 0x0113
mem[X,0x80022B22] -> 0x0000
[3624] [M]: 0x80022B20 (0x00000113) addi sp, zero, 0
x2 <- 0x00000000


mem[X,0x80022B24] -> 0x006F
mem[X,0x80022B26] -> 0x00C0
[3625] [M]: 0x80022B24 (0x00C0006F) jal zero, 12


mem[X,0x80022B30] -> 0x4063
mem[X,0x80022B32] -> 0x20B5
[3626] [M]: 0x80022B30 (0x20B54063) blt a0, a1, 512


mem[X,0x80022B34] -> 0x0113
mem[X,0x80022B36] -> 0x0021
[3627] [M]: 0x80022B34 (0x00210113) addi sp, sp, 2
x2 <- 0x00000002


mem[X,0x80022B38] -> 0x006F
mem[X,0x80022B3A] -> 0x2000
[3628] [M]: 0x80022B38 (0x2000006F) jal zero, 512


mem[X,0x80022D38] -> 0xA823
mem[X,0x80022D3A] -> 0x5A20
[3629] [M]: 0x80022D38 (0x5A20A823) sw sp, 1456(ra)
mem[0x80039718] <- 0x00000002


mem[X,0x80022D3C] -> 0x6537
mem[X,0x80022D3E] -> 0x6666
[3630] [M]: 0x80022D3C (0x66666537) lui a0, 419430
x10 <- 0x66666000


mem[X,0x80022D40] -> 0x0513
mem[X,0x80022D42] -> 0x6675
[3631] [M]: 0x80022D40 (0x66750513) addi a0, a0, 1639
x10 <- 0x66666667


mem[X,0x80022D44] -> 0xB5B7
mem[X,0x80022D46] -> 0xAAAA
[3632] [M]: 0x80022D44 (0xAAAAB5B7) lui a1, 699051
x11 <- 0xAAAAB000


mem[X,0x80022D48] -> 0x8593
mem[X,0x80022D4A] -> 0xAAB5
[3633] [M]: 0x80022D48 (0xAAB58593) addi a1, a1, 2731
x11 <- 0xAAAAAAAB


mem[X,0x80022D4C] -> 0x0113
mem[X,0x80022D4E] -> 0x0000
[3634] [M]: 0x80022D4C (0x00000113) addi sp, zero, 0
x2 <- 0x00000000


mem[X,0x80022D50] -> 0x006F
mem[X,0x80022D52] -> 0x00C0
[3635] [M]: 0x80022D50 (0x00C0006F) jal zero, 12


mem[X,0x80022D5C] -> 0x4CE3
mem[X,0x80022D5E] -> 0xFEB5
[3636] [M]: 0x80022D5C (0xFEB54CE3) blt a0, a1, 8184


mem[X,0x80022D60] -> 0x0113
mem[X,0x80022D62] -> 0x0021
[3637] [M]: 0x80022D60 (0x00210113) addi sp, sp, 2
x2 <- 0x00000002


mem[X,0x80022D64] -> 0x006F
mem[X,0x80022D66] -> 0x00C0
[3638] [M]: 0x80022D64 (0x00C0006F) jal zero, 12


mem[X,0x80022D70] -> 0xAA23
mem[X,0x80022D72] -> 0x5A20
[3639] [M]: 0x80022D70 (0x5A20AA23) sw sp, 1460(ra)
mem[0x8003971C] <- 0x00000002


mem[X,0x80022D74] -> 0x6537
mem[X,0x80022D76] -> 0x6666
[3640] [M]: 0x80022D74 (0x66666537) lui a0, 419430
x10 <- 0x66666000


mem[X,0x80022D78] -> 0x0513
mem[X,0x80022D7A] -> 0x6675
[3641] [M]: 0x80022D78 (0x66750513) addi a0, a0, 1639
x10 <- 0x66666667


mem[X,0x80022D7C] -> 0x0593
mem[X,0x80022D7E] -> 0x0060
[3642] [M]: 0x80022D7C (0x00600593) addi a1, zero, 6
x11 <- 0x00000006


mem[X,0x80022D80] -> 0x0113
mem[X,0x80022D82] -> 0x0000
[3643] [M]: 0x80022D80 (0x00000113) addi sp, zero, 0
x2 <- 0x00000000


mem[X,0x80022D84] -> 0x006F
mem[X,0x80022D86] -> 0x00C0
[3644] [M]: 0x80022D84 (0x00C0006F) jal zero, 12


mem[X,0x80022D90] -> 0x4663
mem[X,0x80022D92] -> 0x00B5
[3645] [M]: 0x80022D90 (0x00B54663) blt a0, a1, 12


mem[X,0x80022D94] -> 0x0113
mem[X,0x80022D96] -> 0x0021
[3646] [M]: 0x80022D94 (0x00210113) addi sp, sp, 2
x2 <- 0x00000002


mem[X,0x80022D98] -> 0x006F
mem[X,0x80022D9A] -> 0x00C0
[3647] [M]: 0x80022D98 (0x00C0006F) jal zero, 12


mem[X,0x80022DA4] -> 0xAC23
mem[X,0x80022DA6] -> 0x5A20
[3648] [M]: 0x80022DA4 (0x5A20AC23) sw sp, 1464(ra)
mem[0x80039720] <- 0x00000002


mem[X,0x80022DA8] -> 0x6537
mem[X,0x80022DAA] -> 0x6666
[3649] [M]: 0x80022DA8 (0x66666537) lui a0, 419430
x10 <- 0x66666000


mem[X,0x80022DAC] -> 0x0513
mem[X,0x80022DAE] -> 0x6675
[3650] [M]: 0x80022DAC (0x66750513) addi a0, a0, 1639
x10 <- 0x66666667


mem[X,0x80022DB0] -> 0x35B7
mem[X,0x80022DB2] -> 0x3333
[3651] [M]: 0x80022DB0 (0x333335B7) lui a1, 209715
x11 <- 0x33333000


mem[X,0x80022DB4] -> 0x8593
mem[X,0x80022DB6] -> 0x3345
[3652] [M]: 0x80022DB4 (0x33458593) addi a1, a1, 820
x11 <- 0x33333334


mem[X,0x80022DB8] -> 0x0113
mem[X,0x80022DBA] -> 0x0000
[3653] [M]: 0x80022DB8 (0x00000113) addi sp, zero, 0
x2 <- 0x00000000


mem[X,0x80022DBC] -> 0x006F
mem[X,0x80022DBE] -> 0x0100
[3654] [M]: 0x80022DBC (0x0100006F) jal zero, 16


mem[X,0x80022DCC] -> 0x4AE3
mem[X,0x80022DCE] -> 0xFEB5
[3655] [M]: 0x80022DCC (0xFEB54AE3) blt a0, a1, 8180


mem[X,0x80022DD0] -> 0x0113
mem[X,0x80022DD2] -> 0x0021
[3656] [M]: 0x80022DD0 (0x00210113) addi sp, sp, 2
x2 <- 0x00000002


mem[X,0x80022DD4] -> 0x006F
mem[X,0x80022DD6] -> 0x00C0
[3657] [M]: 0x80022DD4 (0x00C0006F) jal zero, 12


mem[X,0x80022DE0] -> 0xAE23
mem[X,0x80022DE2] -> 0x5A20
[3658] [M]: 0x80022DE0 (0x5A20AE23) sw sp, 1468(ra)
mem[0x80039724] <- 0x00000002


mem[X,0x80022DE4] -> 0x6537
mem[X,0x80022DE6] -> 0x6666
[3659] [M]: 0x80022DE4 (0x66666537) lui a0, 419430
x10 <- 0x66666000


mem[X,0x80022DE8] -> 0x0513
mem[X,0x80022DEA] -> 0x6675
[3660] [M]: 0x80022DE8 (0x66750513) addi a0, a0, 1639
x10 <- 0x66666667


mem[X,0x80022DEC] -> 0x65B7
mem[X,0x80022DEE] -> 0x6666
[3661] [M]: 0x80022DEC (0x666665B7) lui a1, 419430
x11 <- 0x66666000


mem[X,0x80022DF0] -> 0x8593
mem[X,0x80022DF2] -> 0x6675
[3662] [M]: 0x80022DF0 (0x66758593) addi a1, a1, 1639
x11 <- 0x66666667


mem[X,0x80022DF4] -> 0x0113
mem[X,0x80022DF6] -> 0x0000
[3663] [M]: 0x80022DF4 (0x00000113) addi sp, zero, 0
x2 <- 0x00000000


mem[X,0x80022DF8] -> 0x006F
mem[X,0x80022DFA] -> 0x2B10
[3664] [M]: 0x80022DF8 (0x2B10006F) jal zero, 2736


mem[X,0x800238A8] -> 0x4A63
mem[X,0x800238AA] -> 0xD4B5
[3665] [M]: 0x800238A8 (0xD4B54A63) blt a0, a1, 5460


mem[X,0x800238AC] -> 0x0113
mem[X,0x800238AE] -> 0x0021
[3666] [M]: 0x800238AC (0x00210113) addi sp, sp, 2
x2 <- 0x00000002


mem[X,0x800238B0] -> 0x006F
mem[X,0x800238B2] -> 0x00C0
[3667] [M]: 0x800238B0 (0x00C0006F) jal zero, 12


mem[X,0x800238BC] -> 0xA023
mem[X,0x800238BE] -> 0x5C20
[3668] [M]: 0x800238BC (0x5C20A023) sw sp, 1472(ra)
mem[0x80039728] <- 0x00000002


mem[X,0x800238C0] -> 0x6537
mem[X,0x800238C2] -> 0x6666
[3669] [M]: 0x800238C0 (0x66666537) lui a0, 419430
x10 <- 0x66666000


mem[X,0x800238C4] -> 0x0513
mem[X,0x800238C6] -> 0x6675
[3670] [M]: 0x800238C4 (0x66750513) addi a0, a0, 1639
x10 <- 0x66666667


mem[X,0x800238C8] -> 0x55B7
mem[X,0x800238CA] -> 0xFFFF
[3671] [M]: 0x800238C8 (0xFFFF55B7) lui a1, 1048565
x11 <- 0xFFFF5000


mem[X,0x800238CC] -> 0x8593
mem[X,0x800238CE] -> 0xAFD5
[3672] [M]: 0x800238CC (0xAFD58593) addi a1, a1, 2813
x11 <- 0xFFFF4AFD


mem[X,0x800238D0] -> 0x0113
mem[X,0x800238D2] -> 0x0000
[3673] [M]: 0x800238D0 (0x00000113) addi sp, zero, 0
x2 <- 0x00000000


mem[X,0x800238D4] -> 0x006F
mem[X,0x800238D6] -> 0x00C0
[3674] [M]: 0x800238D4 (0x00C0006F) jal zero, 12


mem[X,0x800238E0] -> 0x4063
mem[X,0x800238E2] -> 0x08B5
[3675] [M]: 0x800238E0 (0x08B54063) blt a0, a1, 128


mem[X,0x800238E4] -> 0x0113
mem[X,0x800238E6] -> 0x0021
[3676] [M]: 0x800238E4 (0x00210113) addi sp, sp, 2
x2 <- 0x00000002


mem[X,0x800238E8] -> 0x006F
mem[X,0x800238EA] -> 0x0800
[3677] [M]: 0x800238E8 (0x0800006F) jal zero, 128


mem[X,0x80023968] -> 0xA223
mem[X,0x8002396A] -> 0x5C20
[3678] [M]: 0x80023968 (0x5C20A223) sw sp, 1476(ra)
mem[0x8003972C] <- 0x00000002


mem[X,0x8002396C] -> 0x6537
mem[X,0x8002396E] -> 0x6666
[3679] [M]: 0x8002396C (0x66666537) lui a0, 419430
x10 <- 0x66666000


mem[X,0x80023970] -> 0x0513
mem[X,0x80023972] -> 0x6675
[3680] [M]: 0x80023970 (0x66750513) addi a0, a0, 1639
x10 <- 0x66666667


mem[X,0x80023974] -> 0xB5B7
mem[X,0x80023976] -> 0x0000
[3681] [M]: 0x80023974 (0x0000B5B7) lui a1, 11
x11 <- 0x0000B000


mem[X,0x80023978] -> 0x8593
mem[X,0x8002397A] -> 0x5055
[3682] [M]: 0x80023978 (0x50558593) addi a1, a1, 1285
x11 <- 0x0000B505


mem[X,0x8002397C] -> 0x0113
mem[X,0x8002397E] -> 0x0000
[3683] [M]: 0x8002397C (0x00000113) addi sp, zero, 0
x2 <- 0x00000000


mem[X,0x80023980] -> 0x006F
mem[X,0x80023982] -> 0x00C0
[3684] [M]: 0x80023980 (0x00C0006F) jal zero, 12


mem[X,0x8002398C] -> 0x4663
mem[X,0x8002398E] -> 0x00B5
[3685] [M]: 0x8002398C (0x00B54663) blt a0, a1, 12


mem[X,0x80023990] -> 0x0113
mem[X,0x80023992] -> 0x0021
[3686] [M]: 0x80023990 (0x00210113) addi sp, sp, 2
x2 <- 0x00000002


mem[X,0x80023994] -> 0x006F
mem[X,0x80023996] -> 0x00C0
[3687] [M]: 0x80023994 (0x00C0006F) jal zero, 12


mem[X,0x800239A0] -> 0xA423
mem[X,0x800239A2] -> 0x5C20
[3688] [M]: 0x800239A0 (0x5C20A423) sw sp, 1480(ra)
mem[0x80039730] <- 0x00000002


mem[X,0x800239A4] -> 0x5537
mem[X,0x800239A6] -> 0xFFFF
[3689] [M]: 0x800239A4 (0xFFFF5537) lui a0, 1048565
x10 <- 0xFFFF5000


mem[X,0x800239A8] -> 0x0513
mem[X,0x800239AA] -> 0xAFD5
[3690] [M]: 0x800239A8 (0xAFD50513) addi a0, a0, 2813
x10 <- 0xFFFF4AFD


mem[X,0x800239AC] -> 0x0593
mem[X,0x800239AE] -> 0x0030
[3691] [M]: 0x800239AC (0x00300593) addi a1, zero, 3
x11 <- 0x00000003


mem[X,0x800239B0] -> 0x0113
mem[X,0x800239B2] -> 0x0000
[3692] [M]: 0x800239B0 (0x00000113) addi sp, zero, 0
x2 <- 0x00000000


mem[X,0x800239B4] -> 0x006F
mem[X,0x800239B6] -> 0x00C0
[3693] [M]: 0x800239B4 (0x00C0006F) jal zero, 12


mem[X,0x800239C0] -> 0x4063
mem[X,0x800239C2] -> 0x02B5
[3694] [M]: 0x800239C0 (0x02B54063) blt a0, a1, 32


mem[X,0x800239E0] -> 0x0113
mem[X,0x800239E2] -> 0x0031
[3695] [M]: 0x800239E0 (0x00310113) addi sp, sp, 3
x2 <- 0x00000003


mem[X,0x800239E4] -> 0x006F
mem[X,0x800239E6] -> 0x0040
[3696] [M]: 0x800239E4 (0x0040006F) jal zero, 4


mem[X,0x800239E8] -> 0xA623
mem[X,0x800239EA] -> 0x5C20
[3697] [M]: 0x800239E8 (0x5C20A623) sw sp, 1484(ra)
mem[0x80039734] <- 0x00000003


mem[X,0x800239EC] -> 0x5537
mem[X,0x800239EE] -> 0xFFFF
[3698] [M]: 0x800239EC (0xFFFF5537) lui a0, 1048565
x10 <- 0xFFFF5000


mem[X,0x800239F0] -> 0x0513
mem[X,0x800239F2] -> 0xAFD5
[3699] [M]: 0x800239F0 (0xAFD50513) addi a0, a0, 2813
x10 <- 0xFFFF4AFD


clint::tick mtime <- 0x0000000000000025
 clint timer pending at mtime 0x0000000000000025
htif::tick 0x0000000000000000
mem[X,0x800239F4] -> 0x55B7
mem[X,0x800239F6] -> 0x5555
[3700] [M]: 0x800239F4 (0x555555B7) lui a1, 349525
x11 <- 0x55555000


mem[X,0x800239F8] -> 0x8593
mem[X,0x800239FA] -> 0x5555
[3701] [M]: 0x800239F8 (0x55558593) addi a1, a1, 1365
x11 <- 0x55555555


mem[X,0x800239FC] -> 0x0113
mem[X,0x800239FE] -> 0x0000
[3702] [M]: 0x800239FC (0x00000113) addi sp, zero, 0
x2 <- 0x00000000


mem[X,0x80023A00] -> 0x006F
mem[X,0x80023A02] -> 0x00C0
[3703] [M]: 0x80023A00 (0x00C0006F) jal zero, 12


mem[X,0x80023A0C] -> 0x4063
mem[X,0x80023A0E] -> 0x08B5
[3704] [M]: 0x80023A0C (0x08B54063) blt a0, a1, 128


mem[X,0x80023A8C] -> 0x0113
mem[X,0x80023A8E] -> 0x0031
[3705] [M]: 0x80023A8C (0x00310113) addi sp, sp, 3
x2 <- 0x00000003


mem[X,0x80023A90] -> 0x006F
mem[X,0x80023A92] -> 0x0040
[3706] [M]: 0x80023A90 (0x0040006F) jal zero, 4


mem[X,0x80023A94] -> 0xA823
mem[X,0x80023A96] -> 0x5C20
[3707] [M]: 0x80023A94 (0x5C20A823) sw sp, 1488(ra)
mem[0x80039738] <- 0x00000003


mem[X,0x80023A98] -> 0x5537
mem[X,0x80023A9A] -> 0xFFFF
[3708] [M]: 0x80023A98 (0xFFFF5537) lui a0, 1048565
x10 <- 0xFFFF5000


mem[X,0x80023A9C] -> 0x0513
mem[X,0x80023A9E] -> 0xAFD5
[3709] [M]: 0x80023A9C (0xAFD50513) addi a0, a0, 2813
x10 <- 0xFFFF4AFD


mem[X,0x80023AA0] -> 0xB5B7
mem[X,0x80023AA2] -> 0xAAAA
[3710] [M]: 0x80023AA0 (0xAAAAB5B7) lui a1, 699051
x11 <- 0xAAAAB000


mem[X,0x80023AA4] -> 0x8593
mem[X,0x80023AA6] -> 0xAAA5
[3711] [M]: 0x80023AA4 (0xAAA58593) addi a1, a1, 2730
x11 <- 0xAAAAAAAA


mem[X,0x80023AA8] -> 0x0113
mem[X,0x80023AAA] -> 0x0000
[3712] [M]: 0x80023AA8 (0x00000113) addi sp, zero, 0
x2 <- 0x00000000


mem[X,0x80023AAC] -> 0x006F
mem[X,0x80023AAE] -> 0x2B10
[3713] [M]: 0x80023AAC (0x2B10006F) jal zero, 2736


mem[X,0x8002455C] -> 0x4A63
mem[X,0x8002455E] -> 0xD4B5
[3714] [M]: 0x8002455C (0xD4B54A63) blt a0, a1, 5460


mem[X,0x80024560] -> 0x0113
mem[X,0x80024562] -> 0x0021
[3715] [M]: 0x80024560 (0x00210113) addi sp, sp, 2
x2 <- 0x00000002


mem[X,0x80024564] -> 0x006F
mem[X,0x80024566] -> 0x00C0
[3716] [M]: 0x80024564 (0x00C0006F) jal zero, 12


mem[X,0x80024570] -> 0xAA23
mem[X,0x80024572] -> 0x5C20
[3717] [M]: 0x80024570 (0x5C20AA23) sw sp, 1492(ra)
mem[0x8003973C] <- 0x00000002


mem[X,0x80024574] -> 0x5537
mem[X,0x80024576] -> 0xFFFF
[3718] [M]: 0x80024574 (0xFFFF5537) lui a0, 1048565
x10 <- 0xFFFF5000


mem[X,0x80024578] -> 0x0513
mem[X,0x8002457A] -> 0xAFD5
[3719] [M]: 0x80024578 (0xAFD50513) addi a0, a0, 2813
x10 <- 0xFFFF4AFD


mem[X,0x8002457C] -> 0x0593
mem[X,0x8002457E] -> 0x0050
[3720] [M]: 0x8002457C (0x00500593) addi a1, zero, 5
x11 <- 0x00000005


mem[X,0x80024580] -> 0x0113
mem[X,0x80024582] -> 0x0000
[3721] [M]: 0x80024580 (0x00000113) addi sp, zero, 0
x2 <- 0x00000000


mem[X,0x80024584] -> 0x006F
mem[X,0x80024586] -> 0x0100
[3722] [M]: 0x80024584 (0x0100006F) jal zero, 16


mem[X,0x80024594] -> 0x4AE3
mem[X,0x80024596] -> 0xFEB5
[3723] [M]: 0x80024594 (0xFEB54AE3) blt a0, a1, 8180


mem[X,0x80024588] -> 0x0113
mem[X,0x8002458A] -> 0x0011
[3724] [M]: 0x80024588 (0x00110113) addi sp, sp, 1
x2 <- 0x00000001


mem[X,0x8002458C] -> 0x006F
mem[X,0x8002458E] -> 0x01C0
[3725] [M]: 0x8002458C (0x01C0006F) jal zero, 28


mem[X,0x800245A8] -> 0xAC23
mem[X,0x800245AA] -> 0x5C20
[3726] [M]: 0x800245A8 (0x5C20AC23) sw sp, 1496(ra)
mem[0x80039740] <- 0x00000001


mem[X,0x800245AC] -> 0x5537
mem[X,0x800245AE] -> 0xFFFF
[3727] [M]: 0x800245AC (0xFFFF5537) lui a0, 1048565
x10 <- 0xFFFF5000


mem[X,0x800245B0] -> 0x0513
mem[X,0x800245B2] -> 0xAFD5
[3728] [M]: 0x800245B0 (0xAFD50513) addi a0, a0, 2813
x10 <- 0xFFFF4AFD


mem[X,0x800245B4] -> 0x35B7
mem[X,0x800245B6] -> 0x3333
[3729] [M]: 0x800245B4 (0x333335B7) lui a1, 209715
x11 <- 0x33333000


mem[X,0x800245B8] -> 0x8593
mem[X,0x800245BA] -> 0x3335
[3730] [M]: 0x800245B8 (0x33358593) addi a1, a1, 819
x11 <- 0x33333333


mem[X,0x800245BC] -> 0x0113
mem[X,0x800245BE] -> 0x0000
[3731] [M]: 0x800245BC (0x00000113) addi sp, zero, 0
x2 <- 0x00000000


mem[X,0x800245C0] -> 0x006F
mem[X,0x800245C2] -> 0x00C0
[3732] [M]: 0x800245C0 (0x00C0006F) jal zero, 12


mem[X,0x800245CC] -> 0x4063
mem[X,0x800245CE] -> 0x10B5
[3733] [M]: 0x800245CC (0x10B54063) blt a0, a1, 256


mem[X,0x800246CC] -> 0x0113
mem[X,0x800246CE] -> 0x0031
[3734] [M]: 0x800246CC (0x00310113) addi sp, sp, 3
x2 <- 0x00000003


mem[X,0x800246D0] -> 0x006F
mem[X,0x800246D2] -> 0x0040
[3735] [M]: 0x800246D0 (0x0040006F) jal zero, 4


mem[X,0x800246D4] -> 0xAE23
mem[X,0x800246D6] -> 0x5C20
[3736] [M]: 0x800246D4 (0x5C20AE23) sw sp, 1500(ra)
mem[0x80039744] <- 0x00000003


mem[X,0x800246D8] -> 0x5537
mem[X,0x800246DA] -> 0xFFFF
[3737] [M]: 0x800246D8 (0xFFFF5537) lui a0, 1048565
x10 <- 0xFFFF5000


mem[X,0x800246DC] -> 0x0513
mem[X,0x800246DE] -> 0xAFD5
[3738] [M]: 0x800246DC (0xAFD50513) addi a0, a0, 2813
x10 <- 0xFFFF4AFD


mem[X,0x800246E0] -> 0x65B7
mem[X,0x800246E2] -> 0x6666
[3739] [M]: 0x800246E0 (0x666665B7) lui a1, 419430
x11 <- 0x66666000


mem[X,0x800246E4] -> 0x8593
mem[X,0x800246E6] -> 0x6665
[3740] [M]: 0x800246E4 (0x66658593) addi a1, a1, 1638
x11 <- 0x66666666


mem[X,0x800246E8] -> 0x0113
mem[X,0x800246EA] -> 0x0000
[3741] [M]: 0x800246E8 (0x00000113) addi sp, zero, 0
x2 <- 0x00000000


mem[X,0x800246EC] -> 0x006F
mem[X,0x800246EE] -> 0x0100
[3742] [M]: 0x800246EC (0x0100006F) jal zero, 16


mem[X,0x800246FC] -> 0x4AE3
mem[X,0x800246FE] -> 0xFEB5
[3743] [M]: 0x800246FC (0xFEB54AE3) blt a0, a1, 8180


mem[X,0x800246F0] -> 0x0113
mem[X,0x800246F2] -> 0x0011
[3744] [M]: 0x800246F0 (0x00110113) addi sp, sp, 1
x2 <- 0x00000001


mem[X,0x800246F4] -> 0x006F
mem[X,0x800246F6] -> 0x01C0
[3745] [M]: 0x800246F4 (0x01C0006F) jal zero, 28


mem[X,0x80024710] -> 0xA023
mem[X,0x80024712] -> 0x5E20
[3746] [M]: 0x80024710 (0x5E20A023) sw sp, 1504(ra)
mem[0x80039748] <- 0x00000001


mem[X,0x80024714] -> 0x5537
mem[X,0x80024716] -> 0xFFFF
[3747] [M]: 0x80024714 (0xFFFF5537) lui a0, 1048565
x10 <- 0xFFFF5000


mem[X,0x80024718] -> 0x0513
mem[X,0x8002471A] -> 0xAFD5
[3748] [M]: 0x80024718 (0xAFD50513) addi a0, a0, 2813
x10 <- 0xFFFF4AFD


mem[X,0x8002471C] -> 0x55B7
mem[X,0x8002471E] -> 0xFFFF
[3749] [M]: 0x8002471C (0xFFFF55B7) lui a1, 1048565
x11 <- 0xFFFF5000


mem[X,0x80024720] -> 0x8593
mem[X,0x80024722] -> 0xAFC5
[3750] [M]: 0x80024720 (0xAFC58593) addi a1, a1, 2812
x11 <- 0xFFFF4AFC


mem[X,0x80024724] -> 0x0113
mem[X,0x80024726] -> 0x0000
[3751] [M]: 0x80024724 (0x00000113) addi sp, zero, 0
x2 <- 0x00000000


mem[X,0x80024728] -> 0x006F
mem[X,0x8002472A] -> 0x2B10
[3752] [M]: 0x80024728 (0x2B10006F) jal zero, 2736


mem[X,0x800251D8] -> 0x4A63
mem[X,0x800251DA] -> 0xD4B5
[3753] [M]: 0x800251D8 (0xD4B54A63) blt a0, a1, 5460


mem[X,0x800251DC] -> 0x0113
mem[X,0x800251DE] -> 0x0021
[3754] [M]: 0x800251DC (0x00210113) addi sp, sp, 2
x2 <- 0x00000002


mem[X,0x800251E0] -> 0x006F
mem[X,0x800251E2] -> 0x00C0
[3755] [M]: 0x800251E0 (0x00C0006F) jal zero, 12


mem[X,0x800251EC] -> 0xA223
mem[X,0x800251EE] -> 0x5E20
[3756] [M]: 0x800251EC (0x5E20A223) sw sp, 1508(ra)
mem[0x8003974C] <- 0x00000002


mem[X,0x800251F0] -> 0x5537
mem[X,0x800251F2] -> 0xFFFF
[3757] [M]: 0x800251F0 (0xFFFF5537) lui a0, 1048565
x10 <- 0xFFFF5000


mem[X,0x800251F4] -> 0x0513
mem[X,0x800251F6] -> 0xAFD5
[3758] [M]: 0x800251F4 (0xAFD50513) addi a0, a0, 2813
x10 <- 0xFFFF4AFD


mem[X,0x800251F8] -> 0xB5B7
mem[X,0x800251FA] -> 0x0000
[3759] [M]: 0x800251F8 (0x0000B5B7) lui a1, 11
x11 <- 0x0000B000


mem[X,0x800251FC] -> 0x8593
mem[X,0x800251FE] -> 0x5045
[3760] [M]: 0x800251FC (0x50458593) addi a1, a1, 1284
x11 <- 0x0000B504


mem[X,0x80025200] -> 0x0113
mem[X,0x80025202] -> 0x0000
[3761] [M]: 0x80025200 (0x00000113) addi sp, zero, 0
x2 <- 0x00000000


mem[X,0x80025204] -> 0x006F
mem[X,0x80025206] -> 0x00C0
[3762] [M]: 0x80025204 (0x00C0006F) jal zero, 12


mem[X,0x80025210] -> 0x4663
mem[X,0x80025212] -> 0x00B5
[3763] [M]: 0x80025210 (0x00B54663) blt a0, a1, 12


mem[X,0x8002521C] -> 0x0113
mem[X,0x8002521E] -> 0x0031
[3764] [M]: 0x8002521C (0x00310113) addi sp, sp, 3
x2 <- 0x00000003


mem[X,0x80025220] -> 0x006F
mem[X,0x80025222] -> 0x0040
[3765] [M]: 0x80025220 (0x0040006F) jal zero, 4


mem[X,0x80025224] -> 0xA423
mem[X,0x80025226] -> 0x5E20
[3766] [M]: 0x80025224 (0x5E20A423) sw sp, 1512(ra)
mem[0x80039750] <- 0x00000003


mem[X,0x80025228] -> 0x5537
mem[X,0x8002522A] -> 0xFFFF
[3767] [M]: 0x80025228 (0xFFFF5537) lui a0, 1048565
x10 <- 0xFFFF5000


mem[X,0x8002522C] -> 0x0513
mem[X,0x8002522E] -> 0xAFD5
[3768] [M]: 0x8002522C (0xAFD50513) addi a0, a0, 2813
x10 <- 0xFFFF4AFD


mem[X,0x80025230] -> 0x0593
mem[X,0x80025232] -> 0x0020
[3769] [M]: 0x80025230 (0x00200593) addi a1, zero, 2
x11 <- 0x00000002


mem[X,0x80025234] -> 0x0113
mem[X,0x80025236] -> 0x0000
[3770] [M]: 0x80025234 (0x00000113) addi sp, zero, 0
x2 <- 0x00000000


mem[X,0x80025238] -> 0x006F
mem[X,0x8002523A] -> 0x00C0
[3771] [M]: 0x80025238 (0x00C0006F) jal zero, 12


mem[X,0x80025244] -> 0x4063
mem[X,0x80025246] -> 0x04B5
[3772] [M]: 0x80025244 (0x04B54063) blt a0, a1, 64


mem[X,0x80025284] -> 0x0113
mem[X,0x80025286] -> 0x0031
[3773] [M]: 0x80025284 (0x00310113) addi sp, sp, 3
x2 <- 0x00000003


mem[X,0x80025288] -> 0x006F
mem[X,0x8002528A] -> 0x0040
[3774] [M]: 0x80025288 (0x0040006F) jal zero, 4


mem[X,0x8002528C] -> 0xA623
mem[X,0x8002528E] -> 0x5E20
[3775] [M]: 0x8002528C (0x5E20A623) sw sp, 1516(ra)
mem[0x80039754] <- 0x00000003


mem[X,0x80025290] -> 0x5537
mem[X,0x80025292] -> 0xFFFF
[3776] [M]: 0x80025290 (0xFFFF5537) lui a0, 1048565
x10 <- 0xFFFF5000


mem[X,0x80025294] -> 0x0513
mem[X,0x80025296] -> 0xAFD5
[3777] [M]: 0x80025294 (0xAFD50513) addi a0, a0, 2813
x10 <- 0xFFFF4AFD


mem[X,0x80025298] -> 0x55B7
mem[X,0x8002529A] -> 0x5555
[3778] [M]: 0x80025298 (0x555555B7) lui a1, 349525
x11 <- 0x55555000


mem[X,0x8002529C] -> 0x8593
mem[X,0x8002529E] -> 0x5545
[3779] [M]: 0x8002529C (0x55458593) addi a1, a1, 1364
x11 <- 0x55555554


mem[X,0x800252A0] -> 0x0113
mem[X,0x800252A2] -> 0x0000
[3780] [M]: 0x800252A0 (0x00000113) addi sp, zero, 0
x2 <- 0x00000000


mem[X,0x800252A4] -> 0x006F
mem[X,0x800252A6] -> 0x00C0
[3781] [M]: 0x800252A4 (0x00C0006F) jal zero, 12


mem[X,0x800252B0] -> 0x4CE3
mem[X,0x800252B2] -> 0xFEB5
[3782] [M]: 0x800252B0 (0xFEB54CE3) blt a0, a1, 8184


mem[X,0x800252A8] -> 0x0113
mem[X,0x800252AA] -> 0x0011
[3783] [M]: 0x800252A8 (0x00110113) addi sp, sp, 1
x2 <- 0x00000001


mem[X,0x800252AC] -> 0x006F
mem[X,0x800252AE] -> 0x0180
[3784] [M]: 0x800252AC (0x0180006F) jal zero, 24


mem[X,0x800252C4] -> 0xA823
mem[X,0x800252C6] -> 0x5E20
[3785] [M]: 0x800252C4 (0x5E20A823) sw sp, 1520(ra)
mem[0x80039758] <- 0x00000001


mem[X,0x800252C8] -> 0x5537
mem[X,0x800252CA] -> 0xFFFF
[3786] [M]: 0x800252C8 (0xFFFF5537) lui a0, 1048565
x10 <- 0xFFFF5000


mem[X,0x800252CC] -> 0x0513
mem[X,0x800252CE] -> 0xAFD5
[3787] [M]: 0x800252CC (0xAFD50513) addi a0, a0, 2813
x10 <- 0xFFFF4AFD


mem[X,0x800252D0] -> 0x0593
mem[X,0x800252D2] -> 0x0000
[3788] [M]: 0x800252D0 (0x00000593) addi a1, zero, 0
x11 <- 0x00000000


mem[X,0x800252D4] -> 0x0113
mem[X,0x800252D6] -> 0x0000
[3789] [M]: 0x800252D4 (0x00000113) addi sp, zero, 0
x2 <- 0x00000000


mem[X,0x800252D8] -> 0x006F
mem[X,0x800252DA] -> 0x00C0
[3790] [M]: 0x800252D8 (0x00C0006F) jal zero, 12


mem[X,0x800252E4] -> 0x4CE3
mem[X,0x800252E6] -> 0xFEB5
[3791] [M]: 0x800252E4 (0xFEB54CE3) blt a0, a1, 8184


mem[X,0x800252DC] -> 0x0113
mem[X,0x800252DE] -> 0x0011
[3792] [M]: 0x800252DC (0x00110113) addi sp, sp, 1
x2 <- 0x00000001


mem[X,0x800252E0] -> 0x006F
mem[X,0x800252E2] -> 0x0180
[3793] [M]: 0x800252E0 (0x0180006F) jal zero, 24


mem[X,0x800252F8] -> 0xAA23
mem[X,0x800252FA] -> 0x5E20
[3794] [M]: 0x800252F8 (0x5E20AA23) sw sp, 1524(ra)
mem[0x8003975C] <- 0x00000001


mem[X,0x800252FC] -> 0x5537
mem[X,0x800252FE] -> 0xFFFF
[3795] [M]: 0x800252FC (0xFFFF5537) lui a0, 1048565
x10 <- 0xFFFF5000


mem[X,0x80025300] -> 0x0513
mem[X,0x80025302] -> 0xAFD5
[3796] [M]: 0x80025300 (0xAFD50513) addi a0, a0, 2813
x10 <- 0xFFFF4AFD


mem[X,0x80025304] -> 0x0593
mem[X,0x80025306] -> 0x0040
[3797] [M]: 0x80025304 (0x00400593) addi a1, zero, 4
x11 <- 0x00000004


mem[X,0x80025308] -> 0x0113
mem[X,0x8002530A] -> 0x0000
[3798] [M]: 0x80025308 (0x00000113) addi sp, zero, 0
x2 <- 0x00000000


mem[X,0x8002530C] -> 0x006F
mem[X,0x8002530E] -> 0x2B10
[3799] [M]: 0x8002530C (0x2B10006F) jal zero, 2736


clint::tick mtime <- 0x0000000000000026
 clint timer pending at mtime 0x0000000000000026
htif::tick 0x0000000000000000
mem[X,0x80025DBC] -> 0x4A63
mem[X,0x80025DBE] -> 0xD4B5
[3800] [M]: 0x80025DBC (0xD4B54A63) blt a0, a1, 5460


mem[X,0x80025310] -> 0x0113
mem[X,0x80025312] -> 0x0011
[3801] [M]: 0x80025310 (0x00110113) addi sp, sp, 1
x2 <- 0x00000001


mem[X,0x80025314] -> 0x006F
mem[X,0x80025316] -> 0x2BD0
[3802] [M]: 0x80025314 (0x2BD0006F) jal zero, 2748


mem[X,0x80025DD0] -> 0xAC23
mem[X,0x80025DD2] -> 0x5E20
[3803] [M]: 0x80025DD0 (0x5E20AC23) sw sp, 1528(ra)
mem[0x80039760] <- 0x00000001


mem[X,0x80025DD4] -> 0x5537
mem[X,0x80025DD6] -> 0xFFFF
[3804] [M]: 0x80025DD4 (0xFFFF5537) lui a0, 1048565
x10 <- 0xFFFF5000


mem[X,0x80025DD8] -> 0x0513
mem[X,0x80025DDA] -> 0xAFD5
[3805] [M]: 0x80025DD8 (0xAFD50513) addi a0, a0, 2813
x10 <- 0xFFFF4AFD


mem[X,0x80025DDC] -> 0x35B7
mem[X,0x80025DDE] -> 0x3333
[3806] [M]: 0x80025DDC (0x333335B7) lui a1, 209715
x11 <- 0x33333000


mem[X,0x80025DE0] -> 0x8593
mem[X,0x80025DE2] -> 0x3325
[3807] [M]: 0x80025DE0 (0x33258593) addi a1, a1, 818
x11 <- 0x33333332


mem[X,0x80025DE4] -> 0x0113
mem[X,0x80025DE6] -> 0x0000
[3808] [M]: 0x80025DE4 (0x00000113) addi sp, zero, 0
x2 <- 0x00000000


mem[X,0x80025DE8] -> 0x006F
mem[X,0x80025DEA] -> 0x00C0
[3809] [M]: 0x80025DE8 (0x00C0006F) jal zero, 12


mem[X,0x80025DF4] -> 0x4663
mem[X,0x80025DF6] -> 0x00B5
[3810] [M]: 0x80025DF4 (0x00B54663) blt a0, a1, 12


mem[X,0x80025E00] -> 0x0113
mem[X,0x80025E02] -> 0x0031
[3811] [M]: 0x80025E00 (0x00310113) addi sp, sp, 3
x2 <- 0x00000003


mem[X,0x80025E04] -> 0x006F
mem[X,0x80025E06] -> 0x0040
[3812] [M]: 0x80025E04 (0x0040006F) jal zero, 4


mem[X,0x80025E08] -> 0xAE23
mem[X,0x80025E0A] -> 0x5E20
[3813] [M]: 0x80025E08 (0x5E20AE23) sw sp, 1532(ra)
mem[0x80039764] <- 0x00000003


mem[X,0x80025E0C] -> 0x5537
mem[X,0x80025E0E] -> 0xFFFF
[3814] [M]: 0x80025E0C (0xFFFF5537) lui a0, 1048565
x10 <- 0xFFFF5000


mem[X,0x80025E10] -> 0x0513
mem[X,0x80025E12] -> 0xAFD5
[3815] [M]: 0x80025E10 (0xAFD50513) addi a0, a0, 2813
x10 <- 0xFFFF4AFD


mem[X,0x80025E14] -> 0x65B7
mem[X,0x80025E16] -> 0x6666
[3816] [M]: 0x80025E14 (0x666665B7) lui a1, 419430
x11 <- 0x66666000


mem[X,0x80025E18] -> 0x8593
mem[X,0x80025E1A] -> 0x6655
[3817] [M]: 0x80025E18 (0x66558593) addi a1, a1, 1637
x11 <- 0x66666665


mem[X,0x80025E1C] -> 0x0113
mem[X,0x80025E1E] -> 0x0000
[3818] [M]: 0x80025E1C (0x00000113) addi sp, zero, 0
x2 <- 0x00000000


mem[X,0x80025E20] -> 0x006F
mem[X,0x80025E22] -> 0x00C0
[3819] [M]: 0x80025E20 (0x00C0006F) jal zero, 12


mem[X,0x80025E2C] -> 0x4663
mem[X,0x80025E2E] -> 0x00B5
[3820] [M]: 0x80025E2C (0x00B54663) blt a0, a1, 12


mem[X,0x80025E38] -> 0x0113
mem[X,0x80025E3A] -> 0x0031
[3821] [M]: 0x80025E38 (0x00310113) addi sp, sp, 3
x2 <- 0x00000003


mem[X,0x80025E3C] -> 0x006F
mem[X,0x80025E3E] -> 0x0040
[3822] [M]: 0x80025E3C (0x0040006F) jal zero, 4


mem[X,0x80025E40] -> 0xA023
mem[X,0x80025E42] -> 0x6020
[3823] [M]: 0x80025E40 (0x6020A023) sw sp, 1536(ra)
mem[0x80039768] <- 0x00000003


mem[X,0x80025E44] -> 0x5537
mem[X,0x80025E46] -> 0xFFFF
[3824] [M]: 0x80025E44 (0xFFFF5537) lui a0, 1048565
x10 <- 0xFFFF5000


mem[X,0x80025E48] -> 0x0513
mem[X,0x80025E4A] -> 0xAFD5
[3825] [M]: 0x80025E48 (0xAFD50513) addi a0, a0, 2813
x10 <- 0xFFFF4AFD


mem[X,0x80025E4C] -> 0xB5B7
mem[X,0x80025E4E] -> 0x0000
[3826] [M]: 0x80025E4C (0x0000B5B7) lui a1, 11
x11 <- 0x0000B000


mem[X,0x80025E50] -> 0x8593
mem[X,0x80025E52] -> 0x5035
[3827] [M]: 0x80025E50 (0x50358593) addi a1, a1, 1283
x11 <- 0x0000B503


mem[X,0x80025E54] -> 0x0113
mem[X,0x80025E56] -> 0x0000
[3828] [M]: 0x80025E54 (0x00000113) addi sp, zero, 0
x2 <- 0x00000000


mem[X,0x80025E58] -> 0x006F
mem[X,0x80025E5A] -> 0x00C0
[3829] [M]: 0x80025E58 (0x00C0006F) jal zero, 12


mem[X,0x80025E64] -> 0x4CE3
mem[X,0x80025E66] -> 0xFEB5
[3830] [M]: 0x80025E64 (0xFEB54CE3) blt a0, a1, 8184


mem[X,0x80025E5C] -> 0x0113
mem[X,0x80025E5E] -> 0x0011
[3831] [M]: 0x80025E5C (0x00110113) addi sp, sp, 1
x2 <- 0x00000001


mem[X,0x80025E60] -> 0x006F
mem[X,0x80025E62] -> 0x0180
[3832] [M]: 0x80025E60 (0x0180006F) jal zero, 24


mem[X,0x80025E78] -> 0xA223
mem[X,0x80025E7A] -> 0x6020
[3833] [M]: 0x80025E78 (0x6020A223) sw sp, 1540(ra)
mem[0x8003976C] <- 0x00000001


mem[X,0x80025E7C] -> 0x5537
mem[X,0x80025E7E] -> 0xFFFF
[3834] [M]: 0x80025E7C (0xFFFF5537) lui a0, 1048565
x10 <- 0xFFFF5000


mem[X,0x80025E80] -> 0x0513
mem[X,0x80025E82] -> 0xAFD5
[3835] [M]: 0x80025E80 (0xAFD50513) addi a0, a0, 2813
x10 <- 0xFFFF4AFD


mem[X,0x80025E84] -> 0x55B7
mem[X,0x80025E86] -> 0x5555
[3836] [M]: 0x80025E84 (0x555555B7) lui a1, 349525
x11 <- 0x55555000


mem[X,0x80025E88] -> 0x8593
mem[X,0x80025E8A] -> 0x5565
[3837] [M]: 0x80025E88 (0x55658593) addi a1, a1, 1366
x11 <- 0x55555556


mem[X,0x80025E8C] -> 0x0113
mem[X,0x80025E8E] -> 0x0000
[3838] [M]: 0x80025E8C (0x00000113) addi sp, zero, 0
x2 <- 0x00000000


mem[X,0x80025E90] -> 0x006F
mem[X,0x80025E92] -> 0x00C0
[3839] [M]: 0x80025E90 (0x00C0006F) jal zero, 12


mem[X,0x80025E9C] -> 0x4663
mem[X,0x80025E9E] -> 0x00B5
[3840] [M]: 0x80025E9C (0x00B54663) blt a0, a1, 12


mem[X,0x80025EA8] -> 0x0113
mem[X,0x80025EAA] -> 0x0031
[3841] [M]: 0x80025EA8 (0x00310113) addi sp, sp, 3
x2 <- 0x00000003


mem[X,0x80025EAC] -> 0x006F
mem[X,0x80025EAE] -> 0x0040
[3842] [M]: 0x80025EAC (0x0040006F) jal zero, 4


mem[X,0x80025EB0] -> 0xA423
mem[X,0x80025EB2] -> 0x6020
[3843] [M]: 0x80025EB0 (0x6020A423) sw sp, 1544(ra)
mem[0x80039770] <- 0x00000003


mem[X,0x80025EB4] -> 0x5537
mem[X,0x80025EB6] -> 0xFFFF
[3844] [M]: 0x80025EB4 (0xFFFF5537) lui a0, 1048565
x10 <- 0xFFFF5000


mem[X,0x80025EB8] -> 0x0513
mem[X,0x80025EBA] -> 0xAFD5
[3845] [M]: 0x80025EB8 (0xAFD50513) addi a0, a0, 2813
x10 <- 0xFFFF4AFD


mem[X,0x80025EBC] -> 0xB5B7
mem[X,0x80025EBE] -> 0xAAAA
[3846] [M]: 0x80025EBC (0xAAAAB5B7) lui a1, 699051
x11 <- 0xAAAAB000


mem[X,0x80025EC0] -> 0x8593
mem[X,0x80025EC2] -> 0xAAB5
[3847] [M]: 0x80025EC0 (0xAAB58593) addi a1, a1, 2731
x11 <- 0xAAAAAAAB


mem[X,0x80025EC4] -> 0x0113
mem[X,0x80025EC6] -> 0x0000
[3848] [M]: 0x80025EC4 (0x00000113) addi sp, zero, 0
x2 <- 0x00000000


mem[X,0x80025EC8] -> 0x006F
mem[X,0x80025ECA] -> 0x2B10
[3849] [M]: 0x80025EC8 (0x2B10006F) jal zero, 2736


mem[X,0x80026978] -> 0x4A63
mem[X,0x8002697A] -> 0xD4B5
[3850] [M]: 0x80026978 (0xD4B54A63) blt a0, a1, 5460


mem[X,0x8002697C] -> 0x0113
mem[X,0x8002697E] -> 0x0021
[3851] [M]: 0x8002697C (0x00210113) addi sp, sp, 2
x2 <- 0x00000002


mem[X,0x80026980] -> 0x006F
mem[X,0x80026982] -> 0x00C0
[3852] [M]: 0x80026980 (0x00C0006F) jal zero, 12


mem[X,0x8002698C] -> 0xA623
mem[X,0x8002698E] -> 0x6020
[3853] [M]: 0x8002698C (0x6020A623) sw sp, 1548(ra)
mem[0x80039774] <- 0x00000002


mem[X,0x80026990] -> 0x5537
mem[X,0x80026992] -> 0xFFFF
[3854] [M]: 0x80026990 (0xFFFF5537) lui a0, 1048565
x10 <- 0xFFFF5000


mem[X,0x80026994] -> 0x0513
mem[X,0x80026996] -> 0xAFD5
[3855] [M]: 0x80026994 (0xAFD50513) addi a0, a0, 2813
x10 <- 0xFFFF4AFD


mem[X,0x80026998] -> 0x0593
mem[X,0x8002699A] -> 0x0060
[3856] [M]: 0x80026998 (0x00600593) addi a1, zero, 6
x11 <- 0x00000006


mem[X,0x8002699C] -> 0x0113
mem[X,0x8002699E] -> 0x0000
[3857] [M]: 0x8002699C (0x00000113) addi sp, zero, 0
x2 <- 0x00000000


mem[X,0x800269A0] -> 0x006F
mem[X,0x800269A2] -> 0x00C0
[3858] [M]: 0x800269A0 (0x00C0006F) jal zero, 12


mem[X,0x800269AC] -> 0x4063
mem[X,0x800269AE] -> 0x20B5
[3859] [M]: 0x800269AC (0x20B54063) blt a0, a1, 512


mem[X,0x80026BAC] -> 0x0113
mem[X,0x80026BAE] -> 0x0031
[3860] [M]: 0x80026BAC (0x00310113) addi sp, sp, 3
x2 <- 0x00000003


mem[X,0x80026BB0] -> 0x006F
mem[X,0x80026BB2] -> 0x0040
[3861] [M]: 0x80026BB0 (0x0040006F) jal zero, 4


mem[X,0x80026BB4] -> 0xA823
mem[X,0x80026BB6] -> 0x6020
[3862] [M]: 0x80026BB4 (0x6020A823) sw sp, 1552(ra)
mem[0x80039778] <- 0x00000003


mem[X,0x80026BB8] -> 0x5537
mem[X,0x80026BBA] -> 0xFFFF
[3863] [M]: 0x80026BB8 (0xFFFF5537) lui a0, 1048565
x10 <- 0xFFFF5000


mem[X,0x80026BBC] -> 0x0513
mem[X,0x80026BBE] -> 0xAFD5
[3864] [M]: 0x80026BBC (0xAFD50513) addi a0, a0, 2813
x10 <- 0xFFFF4AFD


mem[X,0x80026BC0] -> 0x35B7
mem[X,0x80026BC2] -> 0x3333
[3865] [M]: 0x80026BC0 (0x333335B7) lui a1, 209715
x11 <- 0x33333000


mem[X,0x80026BC4] -> 0x8593
mem[X,0x80026BC6] -> 0x3345
[3866] [M]: 0x80026BC4 (0x33458593) addi a1, a1, 820
x11 <- 0x33333334


mem[X,0x80026BC8] -> 0x0113
mem[X,0x80026BCA] -> 0x0000
[3867] [M]: 0x80026BC8 (0x00000113) addi sp, zero, 0
x2 <- 0x00000000


mem[X,0x80026BCC] -> 0x006F
mem[X,0x80026BCE] -> 0x00C0
[3868] [M]: 0x80026BCC (0x00C0006F) jal zero, 12


mem[X,0x80026BD8] -> 0x4663
mem[X,0x80026BDA] -> 0x00B5
[3869] [M]: 0x80026BD8 (0x00B54663) blt a0, a1, 12


mem[X,0x80026BE4] -> 0x0113
mem[X,0x80026BE6] -> 0x0031
[3870] [M]: 0x80026BE4 (0x00310113) addi sp, sp, 3
x2 <- 0x00000003


mem[X,0x80026BE8] -> 0x006F
mem[X,0x80026BEA] -> 0x0040
[3871] [M]: 0x80026BE8 (0x0040006F) jal zero, 4


mem[X,0x80026BEC] -> 0xAA23
mem[X,0x80026BEE] -> 0x6020
[3872] [M]: 0x80026BEC (0x6020AA23) sw sp, 1556(ra)
mem[0x8003977C] <- 0x00000003


mem[X,0x80026BF0] -> 0x5537
mem[X,0x80026BF2] -> 0xFFFF
[3873] [M]: 0x80026BF0 (0xFFFF5537) lui a0, 1048565
x10 <- 0xFFFF5000


mem[X,0x80026BF4] -> 0x0513
mem[X,0x80026BF6] -> 0xAFD5
[3874] [M]: 0x80026BF4 (0xAFD50513) addi a0, a0, 2813
x10 <- 0xFFFF4AFD


mem[X,0x80026BF8] -> 0x65B7
mem[X,0x80026BFA] -> 0x6666
[3875] [M]: 0x80026BF8 (0x666665B7) lui a1, 419430
x11 <- 0x66666000


mem[X,0x80026BFC] -> 0x8593
mem[X,0x80026BFE] -> 0x6675
[3876] [M]: 0x80026BFC (0x66758593) addi a1, a1, 1639
x11 <- 0x66666667


mem[X,0x80026C00] -> 0x0113
mem[X,0x80026C02] -> 0x0000
[3877] [M]: 0x80026C00 (0x00000113) addi sp, zero, 0
x2 <- 0x00000000


mem[X,0x80026C04] -> 0x006F
mem[X,0x80026C06] -> 0x00C0
[3878] [M]: 0x80026C04 (0x00C0006F) jal zero, 12


mem[X,0x80026C10] -> 0x4863
mem[X,0x80026C12] -> 0x00B5
[3879] [M]: 0x80026C10 (0x00B54863) blt a0, a1, 16


mem[X,0x80026C20] -> 0x0113
mem[X,0x80026C22] -> 0x0031
[3880] [M]: 0x80026C20 (0x00310113) addi sp, sp, 3
x2 <- 0x00000003


mem[X,0x80026C24] -> 0x006F
mem[X,0x80026C26] -> 0x0040
[3881] [M]: 0x80026C24 (0x0040006F) jal zero, 4


mem[X,0x80026C28] -> 0xAC23
mem[X,0x80026C2A] -> 0x6020
[3882] [M]: 0x80026C28 (0x6020AC23) sw sp, 1560(ra)
mem[0x80039780] <- 0x00000003


mem[X,0x80026C2C] -> 0x5537
mem[X,0x80026C2E] -> 0xFFFF
[3883] [M]: 0x80026C2C (0xFFFF5537) lui a0, 1048565
x10 <- 0xFFFF5000


mem[X,0x80026C30] -> 0x0513
mem[X,0x80026C32] -> 0xAFD5
[3884] [M]: 0x80026C30 (0xAFD50513) addi a0, a0, 2813
x10 <- 0xFFFF4AFD


mem[X,0x80026C34] -> 0x55B7
mem[X,0x80026C36] -> 0xFFFF
[3885] [M]: 0x80026C34 (0xFFFF55B7) lui a1, 1048565
x11 <- 0xFFFF5000


mem[X,0x80026C38] -> 0x8593
mem[X,0x80026C3A] -> 0xAFD5
[3886] [M]: 0x80026C38 (0xAFD58593) addi a1, a1, 2813
x11 <- 0xFFFF4AFD


mem[X,0x80026C3C] -> 0x0113
mem[X,0x80026C3E] -> 0x0000
[3887] [M]: 0x80026C3C (0x00000113) addi sp, zero, 0
x2 <- 0x00000000


mem[X,0x80026C40] -> 0x006F
mem[X,0x80026C42] -> 0x00C0
[3888] [M]: 0x80026C40 (0x00C0006F) jal zero, 12


mem[X,0x80026C4C] -> 0x4663
mem[X,0x80026C4E] -> 0x00B5
[3889] [M]: 0x80026C4C (0x00B54663) blt a0, a1, 12


mem[X,0x80026C50] -> 0x0113
mem[X,0x80026C52] -> 0x0021
[3890] [M]: 0x80026C50 (0x00210113) addi sp, sp, 2
x2 <- 0x00000002


mem[X,0x80026C54] -> 0x006F
mem[X,0x80026C56] -> 0x00C0
[3891] [M]: 0x80026C54 (0x00C0006F) jal zero, 12


mem[X,0x80026C60] -> 0xAE23
mem[X,0x80026C62] -> 0x6020
[3892] [M]: 0x80026C60 (0x6020AE23) sw sp, 1564(ra)
mem[0x80039784] <- 0x00000002


mem[X,0x80026C64] -> 0x5537
mem[X,0x80026C66] -> 0xFFFF
[3893] [M]: 0x80026C64 (0xFFFF5537) lui a0, 1048565
x10 <- 0xFFFF5000


mem[X,0x80026C68] -> 0x0513
mem[X,0x80026C6A] -> 0xAFD5
[3894] [M]: 0x80026C68 (0xAFD50513) addi a0, a0, 2813
x10 <- 0xFFFF4AFD


mem[X,0x80026C6C] -> 0xB5B7
mem[X,0x80026C6E] -> 0x0000
[3895] [M]: 0x80026C6C (0x0000B5B7) lui a1, 11
x11 <- 0x0000B000


mem[X,0x80026C70] -> 0x8593
mem[X,0x80026C72] -> 0x5055
[3896] [M]: 0x80026C70 (0x50558593) addi a1, a1, 1285
x11 <- 0x0000B505


mem[X,0x80026C74] -> 0x0113
mem[X,0x80026C76] -> 0x0000
[3897] [M]: 0x80026C74 (0x00000113) addi sp, zero, 0
x2 <- 0x00000000


mem[X,0x80026C78] -> 0x006F
mem[X,0x80026C7A] -> 0x0050
[3898] [M]: 0x80026C78 (0x0050006F) jal zero, 2052


mem[X,0x8002747C] -> 0x40E3
mem[X,0x8002747E] -> 0x80B5
[3899] [M]: 0x8002747C (0x80B540E3) blt a0, a1, 6144


clint::tick mtime <- 0x0000000000000027
 clint timer pending at mtime 0x0000000000000027
htif::tick 0x0000000000000000
mem[X,0x80026C7C] -> 0x0113
mem[X,0x80026C7E] -> 0x0011
[3900] [M]: 0x80026C7C (0x00110113) addi sp, sp, 1
x2 <- 0x00000001


mem[X,0x80026C80] -> 0x006F
mem[X,0x80026C82] -> 0x0110
[3901] [M]: 0x80026C80 (0x0110006F) jal zero, 2064


mem[X,0x80027490] -> 0xA023
mem[X,0x80027492] -> 0x6220
[3902] [M]: 0x80027490 (0x6220A023) sw sp, 1568(ra)
mem[0x80039788] <- 0x00000001


mem[X,0x80027494] -> 0xB537
mem[X,0x80027496] -> 0x0000
[3903] [M]: 0x80027494 (0x0000B537) lui a0, 11
x10 <- 0x0000B000


mem[X,0x80027498] -> 0x0513
mem[X,0x8002749A] -> 0x5055
[3904] [M]: 0x80027498 (0x50550513) addi a0, a0, 1285
x10 <- 0x0000B505


mem[X,0x8002749C] -> 0x0593
mem[X,0x8002749E] -> 0x0030
[3905] [M]: 0x8002749C (0x00300593) addi a1, zero, 3
x11 <- 0x00000003


mem[X,0x800274A0] -> 0x0113
mem[X,0x800274A2] -> 0x0000
[3906] [M]: 0x800274A0 (0x00000113) addi sp, zero, 0
x2 <- 0x00000000


mem[X,0x800274A4] -> 0x006F
mem[X,0x800274A6] -> 0x00C0
[3907] [M]: 0x800274A4 (0x00C0006F) jal zero, 12


mem[X,0x800274B0] -> 0x4663
mem[X,0x800274B2] -> 0x00B5
[3908] [M]: 0x800274B0 (0x00B54663) blt a0, a1, 12


mem[X,0x800274B4] -> 0x0113
mem[X,0x800274B6] -> 0x0021
[3909] [M]: 0x800274B4 (0x00210113) addi sp, sp, 2
x2 <- 0x00000002


mem[X,0x800274B8] -> 0x006F
mem[X,0x800274BA] -> 0x00C0
[3910] [M]: 0x800274B8 (0x00C0006F) jal zero, 12


mem[X,0x800274C4] -> 0xA223
mem[X,0x800274C6] -> 0x6220
[3911] [M]: 0x800274C4 (0x6220A223) sw sp, 1572(ra)
mem[0x8003978C] <- 0x00000002


mem[X,0x800274C8] -> 0xB537
mem[X,0x800274CA] -> 0x0000
[3912] [M]: 0x800274C8 (0x0000B537) lui a0, 11
x10 <- 0x0000B000


mem[X,0x800274CC] -> 0x0513
mem[X,0x800274CE] -> 0x5055
[3913] [M]: 0x800274CC (0x50550513) addi a0, a0, 1285
x10 <- 0x0000B505


mem[X,0x800274D0] -> 0x55B7
mem[X,0x800274D2] -> 0x5555
[3914] [M]: 0x800274D0 (0x555555B7) lui a1, 349525
x11 <- 0x55555000


mem[X,0x800274D4] -> 0x8593
mem[X,0x800274D6] -> 0x5555
[3915] [M]: 0x800274D4 (0x55558593) addi a1, a1, 1365
x11 <- 0x55555555


mem[X,0x800274D8] -> 0x0113
mem[X,0x800274DA] -> 0x0000
[3916] [M]: 0x800274D8 (0x00000113) addi sp, zero, 0
x2 <- 0x00000000


mem[X,0x800274DC] -> 0x006F
mem[X,0x800274DE] -> 0x00C0
[3917] [M]: 0x800274DC (0x00C0006F) jal zero, 12


mem[X,0x800274E8] -> 0x4863
mem[X,0x800274EA] -> 0x00B5
[3918] [M]: 0x800274E8 (0x00B54863) blt a0, a1, 16


mem[X,0x800274F8] -> 0x0113
mem[X,0x800274FA] -> 0x0031
[3919] [M]: 0x800274F8 (0x00310113) addi sp, sp, 3
x2 <- 0x00000003


mem[X,0x800274FC] -> 0x006F
mem[X,0x800274FE] -> 0x0040
[3920] [M]: 0x800274FC (0x0040006F) jal zero, 4


mem[X,0x80027500] -> 0xA423
mem[X,0x80027502] -> 0x6220
[3921] [M]: 0x80027500 (0x6220A423) sw sp, 1576(ra)
mem[0x80039790] <- 0x00000003


mem[X,0x80027504] -> 0xB537
mem[X,0x80027506] -> 0x0000
[3922] [M]: 0x80027504 (0x0000B537) lui a0, 11
x10 <- 0x0000B000


mem[X,0x80027508] -> 0x0513
mem[X,0x8002750A] -> 0x5055
[3923] [M]: 0x80027508 (0x50550513) addi a0, a0, 1285
x10 <- 0x0000B505


mem[X,0x8002750C] -> 0xB5B7
mem[X,0x8002750E] -> 0xAAAA
[3924] [M]: 0x8002750C (0xAAAAB5B7) lui a1, 699051
x11 <- 0xAAAAB000


mem[X,0x80027510] -> 0x8593
mem[X,0x80027512] -> 0xAAA5
[3925] [M]: 0x80027510 (0xAAA58593) addi a1, a1, 2730
x11 <- 0xAAAAAAAA


mem[X,0x80027514] -> 0x0113
mem[X,0x80027516] -> 0x0000
[3926] [M]: 0x80027514 (0x00000113) addi sp, zero, 0
x2 <- 0x00000000


mem[X,0x80027518] -> 0x006F
mem[X,0x8002751A] -> 0x0100
[3927] [M]: 0x80027518 (0x0100006F) jal zero, 16


mem[X,0x80027528] -> 0x4AE3
mem[X,0x8002752A] -> 0xFEB5
[3928] [M]: 0x80027528 (0xFEB54AE3) blt a0, a1, 8180


mem[X,0x8002752C] -> 0x0113
mem[X,0x8002752E] -> 0x0021
[3929] [M]: 0x8002752C (0x00210113) addi sp, sp, 2
x2 <- 0x00000002


mem[X,0x80027530] -> 0x006F
mem[X,0x80027532] -> 0x00C0
[3930] [M]: 0x80027530 (0x00C0006F) jal zero, 12


mem[X,0x8002753C] -> 0xA623
mem[X,0x8002753E] -> 0x6220
[3931] [M]: 0x8002753C (0x6220A623) sw sp, 1580(ra)
mem[0x80039794] <- 0x00000002


mem[X,0x80027540] -> 0xB537
mem[X,0x80027542] -> 0x0000
[3932] [M]: 0x80027540 (0x0000B537) lui a0, 11
x10 <- 0x0000B000


mem[X,0x80027544] -> 0x0513
mem[X,0x80027546] -> 0x5055
[3933] [M]: 0x80027544 (0x50550513) addi a0, a0, 1285
x10 <- 0x0000B505


mem[X,0x80027548] -> 0x0593
mem[X,0x8002754A] -> 0x0050
[3934] [M]: 0x80027548 (0x00500593) addi a1, zero, 5
x11 <- 0x00000005


mem[X,0x8002754C] -> 0x0113
mem[X,0x8002754E] -> 0x0000
[3935] [M]: 0x8002754C (0x00000113) addi sp, zero, 0
x2 <- 0x00000000


mem[X,0x80027550] -> 0x006F
mem[X,0x80027552] -> 0x00C0
[3936] [M]: 0x80027550 (0x00C0006F) jal zero, 12


mem[X,0x8002755C] -> 0x4063
mem[X,0x8002755E] -> 0x08B5
[3937] [M]: 0x8002755C (0x08B54063) blt a0, a1, 128


mem[X,0x80027560] -> 0x0113
mem[X,0x80027562] -> 0x0021
[3938] [M]: 0x80027560 (0x00210113) addi sp, sp, 2
x2 <- 0x00000002


mem[X,0x80027564] -> 0x006F
mem[X,0x80027566] -> 0x0800
[3939] [M]: 0x80027564 (0x0800006F) jal zero, 128


mem[X,0x800275E4] -> 0xA823
mem[X,0x800275E6] -> 0x6220
[3940] [M]: 0x800275E4 (0x6220A823) sw sp, 1584(ra)
mem[0x80039798] <- 0x00000002


mem[X,0x800275E8] -> 0xB537
mem[X,0x800275EA] -> 0x0000
[3941] [M]: 0x800275E8 (0x0000B537) lui a0, 11
x10 <- 0x0000B000


mem[X,0x800275EC] -> 0x0513
mem[X,0x800275EE] -> 0x5055
[3942] [M]: 0x800275EC (0x50550513) addi a0, a0, 1285
x10 <- 0x0000B505


mem[X,0x800275F0] -> 0x35B7
mem[X,0x800275F2] -> 0x3333
[3943] [M]: 0x800275F0 (0x333335B7) lui a1, 209715
x11 <- 0x33333000


mem[X,0x800275F4] -> 0x8593
mem[X,0x800275F6] -> 0x3335
[3944] [M]: 0x800275F4 (0x33358593) addi a1, a1, 819
x11 <- 0x33333333


mem[X,0x800275F8] -> 0x0113
mem[X,0x800275FA] -> 0x0000
[3945] [M]: 0x800275F8 (0x00000113) addi sp, zero, 0
x2 <- 0x00000000


mem[X,0x800275FC] -> 0x006F
mem[X,0x800275FE] -> 0x0140
[3946] [M]: 0x800275FC (0x0140006F) jal zero, 20


mem[X,0x80027610] -> 0x48E3
mem[X,0x80027612] -> 0xFEB5
[3947] [M]: 0x80027610 (0xFEB548E3) blt a0, a1, 8176


mem[X,0x80027600] -> 0x0113
mem[X,0x80027602] -> 0x0011
[3948] [M]: 0x80027600 (0x00110113) addi sp, sp, 1
x2 <- 0x00000001


mem[X,0x80027604] -> 0x006F
mem[X,0x80027606] -> 0x0200
[3949] [M]: 0x80027604 (0x0200006F) jal zero, 32


mem[X,0x80027624] -> 0xAA23
mem[X,0x80027626] -> 0x6220
[3950] [M]: 0x80027624 (0x6220AA23) sw sp, 1588(ra)
mem[0x8003979C] <- 0x00000001


mem[X,0x80027628] -> 0xB537
mem[X,0x8002762A] -> 0x0000
[3951] [M]: 0x80027628 (0x0000B537) lui a0, 11
x10 <- 0x0000B000


mem[X,0x8002762C] -> 0x0513
mem[X,0x8002762E] -> 0x5055
[3952] [M]: 0x8002762C (0x50550513) addi a0, a0, 1285
x10 <- 0x0000B505


mem[X,0x80027630] -> 0x65B7
mem[X,0x80027632] -> 0x6666
[3953] [M]: 0x80027630 (0x666665B7) lui a1, 419430
x11 <- 0x66666000


mem[X,0x80027634] -> 0x8593
mem[X,0x80027636] -> 0x6665
[3954] [M]: 0x80027634 (0x66658593) addi a1, a1, 1638
x11 <- 0x66666666


mem[X,0x80027638] -> 0x0113
mem[X,0x8002763A] -> 0x0000
[3955] [M]: 0x80027638 (0x00000113) addi sp, zero, 0
x2 <- 0x00000000


mem[X,0x8002763C] -> 0x006F
mem[X,0x8002763E] -> 0x00C0
[3956] [M]: 0x8002763C (0x00C0006F) jal zero, 12


mem[X,0x80027648] -> 0x4063
mem[X,0x8002764A] -> 0x20B5
[3957] [M]: 0x80027648 (0x20B54063) blt a0, a1, 512


mem[X,0x80027848] -> 0x0113
mem[X,0x8002784A] -> 0x0031
[3958] [M]: 0x80027848 (0x00310113) addi sp, sp, 3
x2 <- 0x00000003


mem[X,0x8002784C] -> 0x006F
mem[X,0x8002784E] -> 0x0040
[3959] [M]: 0x8002784C (0x0040006F) jal zero, 4


mem[X,0x80027850] -> 0xAC23
mem[X,0x80027852] -> 0x6220
[3960] [M]: 0x80027850 (0x6220AC23) sw sp, 1592(ra)
mem[0x800397A0] <- 0x00000003


mem[X,0x80027854] -> 0xB537
mem[X,0x80027856] -> 0x0000
[3961] [M]: 0x80027854 (0x0000B537) lui a0, 11
x10 <- 0x0000B000


mem[X,0x80027858] -> 0x0513
mem[X,0x8002785A] -> 0x5055
[3962] [M]: 0x80027858 (0x50550513) addi a0, a0, 1285
x10 <- 0x0000B505


mem[X,0x8002785C] -> 0x55B7
mem[X,0x8002785E] -> 0xFFFF
[3963] [M]: 0x8002785C (0xFFFF55B7) lui a1, 1048565
x11 <- 0xFFFF5000


mem[X,0x80027860] -> 0x8593
mem[X,0x80027862] -> 0xAFC5
[3964] [M]: 0x80027860 (0xAFC58593) addi a1, a1, 2812
x11 <- 0xFFFF4AFC


mem[X,0x80027864] -> 0x0113
mem[X,0x80027866] -> 0x0000
[3965] [M]: 0x80027864 (0x00000113) addi sp, zero, 0
x2 <- 0x00000000


mem[X,0x80027868] -> 0x006F
mem[X,0x8002786A] -> 0x00C0
[3966] [M]: 0x80027868 (0x00C0006F) jal zero, 12


mem[X,0x80027874] -> 0x4063
mem[X,0x80027876] -> 0x04B5
[3967] [M]: 0x80027874 (0x04B54063) blt a0, a1, 64


mem[X,0x80027878] -> 0x0113
mem[X,0x8002787A] -> 0x0021
[3968] [M]: 0x80027878 (0x00210113) addi sp, sp, 2
x2 <- 0x00000002


mem[X,0x8002787C] -> 0x006F
mem[X,0x8002787E] -> 0x0400
[3969] [M]: 0x8002787C (0x0400006F) jal zero, 64


mem[X,0x800278BC] -> 0xAE23
mem[X,0x800278BE] -> 0x6220
[3970] [M]: 0x800278BC (0x6220AE23) sw sp, 1596(ra)
mem[0x800397A4] <- 0x00000002


mem[X,0x800278C0] -> 0xB537
mem[X,0x800278C2] -> 0x0000
[3971] [M]: 0x800278C0 (0x0000B537) lui a0, 11
x10 <- 0x0000B000


mem[X,0x800278C4] -> 0x0513
mem[X,0x800278C6] -> 0x5055
[3972] [M]: 0x800278C4 (0x50550513) addi a0, a0, 1285
x10 <- 0x0000B505


mem[X,0x800278C8] -> 0xB5B7
mem[X,0x800278CA] -> 0x0000
[3973] [M]: 0x800278C8 (0x0000B5B7) lui a1, 11
x11 <- 0x0000B000


mem[X,0x800278CC] -> 0x8593
mem[X,0x800278CE] -> 0x5045
[3974] [M]: 0x800278CC (0x50458593) addi a1, a1, 1284
x11 <- 0x0000B504


mem[X,0x800278D0] -> 0x0113
mem[X,0x800278D2] -> 0x0000
[3975] [M]: 0x800278D0 (0x00000113) addi sp, zero, 0
x2 <- 0x00000000


mem[X,0x800278D4] -> 0x006F
mem[X,0x800278D6] -> 0x00C0
[3976] [M]: 0x800278D4 (0x00C0006F) jal zero, 12


mem[X,0x800278E0] -> 0x4663
mem[X,0x800278E2] -> 0x00B5
[3977] [M]: 0x800278E0 (0x00B54663) blt a0, a1, 12


mem[X,0x800278E4] -> 0x0113
mem[X,0x800278E6] -> 0x0021
[3978] [M]: 0x800278E4 (0x00210113) addi sp, sp, 2
x2 <- 0x00000002


mem[X,0x800278E8] -> 0x006F
mem[X,0x800278EA] -> 0x00C0
[3979] [M]: 0x800278E8 (0x00C0006F) jal zero, 12


mem[X,0x800278F4] -> 0xA023
mem[X,0x800278F6] -> 0x6420
[3980] [M]: 0x800278F4 (0x6420A023) sw sp, 1600(ra)
mem[0x800397A8] <- 0x00000002


mem[X,0x800278F8] -> 0xB537
mem[X,0x800278FA] -> 0x0000
[3981] [M]: 0x800278F8 (0x0000B537) lui a0, 11
x10 <- 0x0000B000


mem[X,0x800278FC] -> 0x0513
mem[X,0x800278FE] -> 0x5055
[3982] [M]: 0x800278FC (0x50550513) addi a0, a0, 1285
x10 <- 0x0000B505


mem[X,0x80027900] -> 0x0593
mem[X,0x80027902] -> 0x0020
[3983] [M]: 0x80027900 (0x00200593) addi a1, zero, 2
x11 <- 0x00000002


mem[X,0x80027904] -> 0x0113
mem[X,0x80027906] -> 0x0000
[3984] [M]: 0x80027904 (0x00000113) addi sp, zero, 0
x2 <- 0x00000000


mem[X,0x80027908] -> 0x006F
mem[X,0x8002790A] -> 0x00C0
[3985] [M]: 0x80027908 (0x00C0006F) jal zero, 12


mem[X,0x80027914] -> 0x4663
mem[X,0x80027916] -> 0x00B5
[3986] [M]: 0x80027914 (0x00B54663) blt a0, a1, 12


mem[X,0x80027918] -> 0x0113
mem[X,0x8002791A] -> 0x0021
[3987] [M]: 0x80027918 (0x00210113) addi sp, sp, 2
x2 <- 0x00000002


mem[X,0x8002791C] -> 0x006F
mem[X,0x8002791E] -> 0x00C0
[3988] [M]: 0x8002791C (0x00C0006F) jal zero, 12


mem[X,0x80027928] -> 0xA223
mem[X,0x8002792A] -> 0x6420
[3989] [M]: 0x80027928 (0x6420A223) sw sp, 1604(ra)
mem[0x800397AC] <- 0x00000002


mem[X,0x8002792C] -> 0xB537
mem[X,0x8002792E] -> 0x0000
[3990] [M]: 0x8002792C (0x0000B537) lui a0, 11
x10 <- 0x0000B000


mem[X,0x80027930] -> 0x0513
mem[X,0x80027932] -> 0x5055
[3991] [M]: 0x80027930 (0x50550513) addi a0, a0, 1285
x10 <- 0x0000B505


mem[X,0x80027934] -> 0x55B7
mem[X,0x80027936] -> 0x5555
[3992] [M]: 0x80027934 (0x555555B7) lui a1, 349525
x11 <- 0x55555000


mem[X,0x80027938] -> 0x8593
mem[X,0x8002793A] -> 0x5545
[3993] [M]: 0x80027938 (0x55458593) addi a1, a1, 1364
x11 <- 0x55555554


mem[X,0x8002793C] -> 0x0113
mem[X,0x8002793E] -> 0x0000
[3994] [M]: 0x8002793C (0x00000113) addi sp, zero, 0
x2 <- 0x00000000


mem[X,0x80027940] -> 0x006F
mem[X,0x80027942] -> 0x00C0
[3995] [M]: 0x80027940 (0x00C0006F) jal zero, 12


mem[X,0x8002794C] -> 0x4063
mem[X,0x8002794E] -> 0x04B5
[3996] [M]: 0x8002794C (0x04B54063) blt a0, a1, 64


mem[X,0x8002798C] -> 0x0113
mem[X,0x8002798E] -> 0x0031
[3997] [M]: 0x8002798C (0x00310113) addi sp, sp, 3
x2 <- 0x00000003


mem[X,0x80027990] -> 0x006F
mem[X,0x80027992] -> 0x0040
[3998] [M]: 0x80027990 (0x0040006F) jal zero, 4


mem[X,0x80027994] -> 0xA423
mem[X,0x80027996] -> 0x6420
[3999] [M]: 0x80027994 (0x6420A423) sw sp, 1608(ra)
mem[0x800397B0] <- 0x00000003


clint::tick mtime <- 0x0000000000000028
 clint timer pending at mtime 0x0000000000000028
htif::tick 0x0000000000000000
mem[X,0x80027998] -> 0xB537
mem[X,0x8002799A] -> 0x0000
[4000] [M]: 0x80027998 (0x0000B537) lui a0, 11
x10 <- 0x0000B000


mem[X,0x8002799C] -> 0x0513
mem[X,0x8002799E] -> 0x5055
[4001] [M]: 0x8002799C (0x50550513) addi a0, a0, 1285
x10 <- 0x0000B505


mem[X,0x800279A0] -> 0x0593
mem[X,0x800279A2] -> 0x0000
[4002] [M]: 0x800279A0 (0x00000593) addi a1, zero, 0
x11 <- 0x00000000


mem[X,0x800279A4] -> 0x0113
mem[X,0x800279A6] -> 0x0000
[4003] [M]: 0x800279A4 (0x00000113) addi sp, zero, 0
x2 <- 0x00000000


mem[X,0x800279A8] -> 0x006F
mem[X,0x800279AA] -> 0x00C0
[4004] [M]: 0x800279A8 (0x00C0006F) jal zero, 12


mem[X,0x800279B4] -> 0x4663
mem[X,0x800279B6] -> 0x00B5
[4005] [M]: 0x800279B4 (0x00B54663) blt a0, a1, 12


mem[X,0x800279B8] -> 0x0113
mem[X,0x800279BA] -> 0x0021
[4006] [M]: 0x800279B8 (0x00210113) addi sp, sp, 2
x2 <- 0x00000002


mem[X,0x800279BC] -> 0x006F
mem[X,0x800279BE] -> 0x00C0
[4007] [M]: 0x800279BC (0x00C0006F) jal zero, 12


mem[X,0x800279C8] -> 0xA623
mem[X,0x800279CA] -> 0x6420
[4008] [M]: 0x800279C8 (0x6420A623) sw sp, 1612(ra)
mem[0x800397B4] <- 0x00000002


mem[X,0x800279CC] -> 0xB537
mem[X,0x800279CE] -> 0x0000
[4009] [M]: 0x800279CC (0x0000B537) lui a0, 11
x10 <- 0x0000B000


mem[X,0x800279D0] -> 0x0513
mem[X,0x800279D2] -> 0x5055
[4010] [M]: 0x800279D0 (0x50550513) addi a0, a0, 1285
x10 <- 0x0000B505


mem[X,0x800279D4] -> 0x0593
mem[X,0x800279D6] -> 0x0040
[4011] [M]: 0x800279D4 (0x00400593) addi a1, zero, 4
x11 <- 0x00000004


mem[X,0x800279D8] -> 0x0113
mem[X,0x800279DA] -> 0x0000
[4012] [M]: 0x800279D8 (0x00000113) addi sp, zero, 0
x2 <- 0x00000000


mem[X,0x800279DC] -> 0x006F
mem[X,0x800279DE] -> 0x0100
[4013] [M]: 0x800279DC (0x0100006F) jal zero, 16


mem[X,0x800279EC] -> 0x4AE3
mem[X,0x800279EE] -> 0xFEB5
[4014] [M]: 0x800279EC (0xFEB54AE3) blt a0, a1, 8180


mem[X,0x800279F0] -> 0x0113
mem[X,0x800279F2] -> 0x0021
[4015] [M]: 0x800279F0 (0x00210113) addi sp, sp, 2
x2 <- 0x00000002


mem[X,0x800279F4] -> 0x006F
mem[X,0x800279F6] -> 0x00C0
[4016] [M]: 0x800279F4 (0x00C0006F) jal zero, 12


mem[X,0x80027A00] -> 0xA823
mem[X,0x80027A02] -> 0x6420
[4017] [M]: 0x80027A00 (0x6420A823) sw sp, 1616(ra)
mem[0x800397B8] <- 0x00000002


mem[X,0x80027A04] -> 0xB537
mem[X,0x80027A06] -> 0x0000
[4018] [M]: 0x80027A04 (0x0000B537) lui a0, 11
x10 <- 0x0000B000


mem[X,0x80027A08] -> 0x0513
mem[X,0x80027A0A] -> 0x5055
[4019] [M]: 0x80027A08 (0x50550513) addi a0, a0, 1285
x10 <- 0x0000B505


mem[X,0x80027A0C] -> 0x35B7
mem[X,0x80027A0E] -> 0x3333
[4020] [M]: 0x80027A0C (0x333335B7) lui a1, 209715
x11 <- 0x33333000


mem[X,0x80027A10] -> 0x8593
mem[X,0x80027A12] -> 0x3325
[4021] [M]: 0x80027A10 (0x33258593) addi a1, a1, 818
x11 <- 0x33333332


mem[X,0x80027A14] -> 0x0113
mem[X,0x80027A16] -> 0x0000
[4022] [M]: 0x80027A14 (0x00000113) addi sp, zero, 0
x2 <- 0x00000000


mem[X,0x80027A18] -> 0x006F
mem[X,0x80027A1A] -> 0x0100
[4023] [M]: 0x80027A18 (0x0100006F) jal zero, 16


mem[X,0x80027A28] -> 0x4AE3
mem[X,0x80027A2A] -> 0xFEB5
[4024] [M]: 0x80027A28 (0xFEB54AE3) blt a0, a1, 8180


mem[X,0x80027A1C] -> 0x0113
mem[X,0x80027A1E] -> 0x0011
[4025] [M]: 0x80027A1C (0x00110113) addi sp, sp, 1
x2 <- 0x00000001


mem[X,0x80027A20] -> 0x006F
mem[X,0x80027A22] -> 0x01C0
[4026] [M]: 0x80027A20 (0x01C0006F) jal zero, 28


mem[X,0x80027A3C] -> 0xAA23
mem[X,0x80027A3E] -> 0x6420
[4027] [M]: 0x80027A3C (0x6420AA23) sw sp, 1620(ra)
mem[0x800397BC] <- 0x00000001


mem[X,0x80027A40] -> 0xB537
mem[X,0x80027A42] -> 0x0000
[4028] [M]: 0x80027A40 (0x0000B537) lui a0, 11
x10 <- 0x0000B000


mem[X,0x80027A44] -> 0x0513
mem[X,0x80027A46] -> 0x5055
[4029] [M]: 0x80027A44 (0x50550513) addi a0, a0, 1285
x10 <- 0x0000B505


mem[X,0x80027A48] -> 0x65B7
mem[X,0x80027A4A] -> 0x6666
[4030] [M]: 0x80027A48 (0x666665B7) lui a1, 419430
x11 <- 0x66666000


mem[X,0x80027A4C] -> 0x8593
mem[X,0x80027A4E] -> 0x6655
[4031] [M]: 0x80027A4C (0x66558593) addi a1, a1, 1637
x11 <- 0x66666665


mem[X,0x80027A50] -> 0x0113
mem[X,0x80027A52] -> 0x0000
[4032] [M]: 0x80027A50 (0x00000113) addi sp, zero, 0
x2 <- 0x00000000


mem[X,0x80027A54] -> 0x006F
mem[X,0x80027A56] -> 0x2B10
[4033] [M]: 0x80027A54 (0x2B10006F) jal zero, 2736


mem[X,0x80028504] -> 0x4A63
mem[X,0x80028506] -> 0xD4B5
[4034] [M]: 0x80028504 (0xD4B54A63) blt a0, a1, 5460


mem[X,0x80027A58] -> 0x0113
mem[X,0x80027A5A] -> 0x0011
[4035] [M]: 0x80027A58 (0x00110113) addi sp, sp, 1
x2 <- 0x00000001


mem[X,0x80027A5C] -> 0x006F
mem[X,0x80027A5E] -> 0x2BD0
[4036] [M]: 0x80027A5C (0x2BD0006F) jal zero, 2748


mem[X,0x80028518] -> 0xAC23
mem[X,0x8002851A] -> 0x6420
[4037] [M]: 0x80028518 (0x6420AC23) sw sp, 1624(ra)
mem[0x800397C0] <- 0x00000001


mem[X,0x8002851C] -> 0xB537
mem[X,0x8002851E] -> 0x0000
[4038] [M]: 0x8002851C (0x0000B537) lui a0, 11
x10 <- 0x0000B000


mem[X,0x80028520] -> 0x0513
mem[X,0x80028522] -> 0x5055
[4039] [M]: 0x80028520 (0x50550513) addi a0, a0, 1285
x10 <- 0x0000B505


mem[X,0x80028524] -> 0xB5B7
mem[X,0x80028526] -> 0x0000
[4040] [M]: 0x80028524 (0x0000B5B7) lui a1, 11
x11 <- 0x0000B000


mem[X,0x80028528] -> 0x8593
mem[X,0x8002852A] -> 0x5035
[4041] [M]: 0x80028528 (0x50358593) addi a1, a1, 1283
x11 <- 0x0000B503


mem[X,0x8002852C] -> 0x0113
mem[X,0x8002852E] -> 0x0000
[4042] [M]: 0x8002852C (0x00000113) addi sp, zero, 0
x2 <- 0x00000000


mem[X,0x80028530] -> 0x006F
mem[X,0x80028532] -> 0x0050
[4043] [M]: 0x80028530 (0x0050006F) jal zero, 2052


mem[X,0x80028D34] -> 0x40E3
mem[X,0x80028D36] -> 0x80B5
[4044] [M]: 0x80028D34 (0x80B540E3) blt a0, a1, 6144


mem[X,0x80028D38] -> 0x0113
mem[X,0x80028D3A] -> 0x0021
[4045] [M]: 0x80028D38 (0x00210113) addi sp, sp, 2
x2 <- 0x00000002


mem[X,0x80028D3C] -> 0x006F
mem[X,0x80028D3E] -> 0x00C0
[4046] [M]: 0x80028D3C (0x00C0006F) jal zero, 12


mem[X,0x80028D48] -> 0xAE23
mem[X,0x80028D4A] -> 0x6420
[4047] [M]: 0x80028D48 (0x6420AE23) sw sp, 1628(ra)
mem[0x800397C4] <- 0x00000002


mem[X,0x80028D4C] -> 0xB537
mem[X,0x80028D4E] -> 0x0000
[4048] [M]: 0x80028D4C (0x0000B537) lui a0, 11
x10 <- 0x0000B000


mem[X,0x80028D50] -> 0x0513
mem[X,0x80028D52] -> 0x5055
[4049] [M]: 0x80028D50 (0x50550513) addi a0, a0, 1285
x10 <- 0x0000B505


mem[X,0x80028D54] -> 0x55B7
mem[X,0x80028D56] -> 0x5555
[4050] [M]: 0x80028D54 (0x555555B7) lui a1, 349525
x11 <- 0x55555000


mem[X,0x80028D58] -> 0x8593
mem[X,0x80028D5A] -> 0x5565
[4051] [M]: 0x80028D58 (0x55658593) addi a1, a1, 1366
x11 <- 0x55555556


mem[X,0x80028D5C] -> 0x0113
mem[X,0x80028D5E] -> 0x0000
[4052] [M]: 0x80028D5C (0x00000113) addi sp, zero, 0
x2 <- 0x00000000


mem[X,0x80028D60] -> 0x006F
mem[X,0x80028D62] -> 0x00C0
[4053] [M]: 0x80028D60 (0x00C0006F) jal zero, 12


mem[X,0x80028D6C] -> 0x4663
mem[X,0x80028D6E] -> 0x00B5
[4054] [M]: 0x80028D6C (0x00B54663) blt a0, a1, 12


mem[X,0x80028D78] -> 0x0113
mem[X,0x80028D7A] -> 0x0031
[4055] [M]: 0x80028D78 (0x00310113) addi sp, sp, 3
x2 <- 0x00000003


mem[X,0x80028D7C] -> 0x006F
mem[X,0x80028D7E] -> 0x0040
[4056] [M]: 0x80028D7C (0x0040006F) jal zero, 4


mem[X,0x80028D80] -> 0xA023
mem[X,0x80028D82] -> 0x6620
[4057] [M]: 0x80028D80 (0x6620A023) sw sp, 1632(ra)
mem[0x800397C8] <- 0x00000003


mem[X,0x80028D84] -> 0xB537
mem[X,0x80028D86] -> 0x0000
[4058] [M]: 0x80028D84 (0x0000B537) lui a0, 11
x10 <- 0x0000B000


mem[X,0x80028D88] -> 0x0513
mem[X,0x80028D8A] -> 0x5055
[4059] [M]: 0x80028D88 (0x50550513) addi a0, a0, 1285
x10 <- 0x0000B505


mem[X,0x80028D8C] -> 0xB5B7
mem[X,0x80028D8E] -> 0xAAAA
[4060] [M]: 0x80028D8C (0xAAAAB5B7) lui a1, 699051
x11 <- 0xAAAAB000


mem[X,0x80028D90] -> 0x8593
mem[X,0x80028D92] -> 0xAAB5
[4061] [M]: 0x80028D90 (0xAAB58593) addi a1, a1, 2731
x11 <- 0xAAAAAAAB


mem[X,0x80028D94] -> 0x0113
mem[X,0x80028D96] -> 0x0000
[4062] [M]: 0x80028D94 (0x00000113) addi sp, zero, 0
x2 <- 0x00000000


mem[X,0x80028D98] -> 0x006F
mem[X,0x80028D9A] -> 0x00C0
[4063] [M]: 0x80028D98 (0x00C0006F) jal zero, 12


mem[X,0x80028DA4] -> 0x4063
mem[X,0x80028DA6] -> 0x02B5
[4064] [M]: 0x80028DA4 (0x02B54063) blt a0, a1, 32


mem[X,0x80028DA8] -> 0x0113
mem[X,0x80028DAA] -> 0x0021
[4065] [M]: 0x80028DA8 (0x00210113) addi sp, sp, 2
x2 <- 0x00000002


mem[X,0x80028DAC] -> 0x006F
mem[X,0x80028DAE] -> 0x0200
[4066] [M]: 0x80028DAC (0x0200006F) jal zero, 32


mem[X,0x80028DCC] -> 0xA223
mem[X,0x80028DCE] -> 0x6620
[4067] [M]: 0x80028DCC (0x6620A223) sw sp, 1636(ra)
mem[0x800397CC] <- 0x00000002


mem[X,0x80028DD0] -> 0xB537
mem[X,0x80028DD2] -> 0x0000
[4068] [M]: 0x80028DD0 (0x0000B537) lui a0, 11
x10 <- 0x0000B000


mem[X,0x80028DD4] -> 0x0513
mem[X,0x80028DD6] -> 0x5055
[4069] [M]: 0x80028DD4 (0x50550513) addi a0, a0, 1285
x10 <- 0x0000B505


mem[X,0x80028DD8] -> 0x0593
mem[X,0x80028DDA] -> 0x0060
[4070] [M]: 0x80028DD8 (0x00600593) addi a1, zero, 6
x11 <- 0x00000006


mem[X,0x80028DDC] -> 0x0113
mem[X,0x80028DDE] -> 0x0000
[4071] [M]: 0x80028DDC (0x00000113) addi sp, zero, 0
x2 <- 0x00000000


mem[X,0x80028DE0] -> 0x006F
mem[X,0x80028DE2] -> 0x00C0
[4072] [M]: 0x80028DE0 (0x00C0006F) jal zero, 12


mem[X,0x80028DEC] -> 0x4CE3
mem[X,0x80028DEE] -> 0xFEB5
[4073] [M]: 0x80028DEC (0xFEB54CE3) blt a0, a1, 8184


mem[X,0x80028DF0] -> 0x0113
mem[X,0x80028DF2] -> 0x0021
[4074] [M]: 0x80028DF0 (0x00210113) addi sp, sp, 2
x2 <- 0x00000002


mem[X,0x80028DF4] -> 0x006F
mem[X,0x80028DF6] -> 0x00C0
[4075] [M]: 0x80028DF4 (0x00C0006F) jal zero, 12


mem[X,0x80028E00] -> 0xA423
mem[X,0x80028E02] -> 0x6620
[4076] [M]: 0x80028E00 (0x6620A423) sw sp, 1640(ra)
mem[0x800397D0] <- 0x00000002


mem[X,0x80028E04] -> 0xB537
mem[X,0x80028E06] -> 0x0000
[4077] [M]: 0x80028E04 (0x0000B537) lui a0, 11
x10 <- 0x0000B000


mem[X,0x80028E08] -> 0x0513
mem[X,0x80028E0A] -> 0x5055
[4078] [M]: 0x80028E08 (0x50550513) addi a0, a0, 1285
x10 <- 0x0000B505


mem[X,0x80028E0C] -> 0x35B7
mem[X,0x80028E0E] -> 0x3333
[4079] [M]: 0x80028E0C (0x333335B7) lui a1, 209715
x11 <- 0x33333000


mem[X,0x80028E10] -> 0x8593
mem[X,0x80028E12] -> 0x3345
[4080] [M]: 0x80028E10 (0x33458593) addi a1, a1, 820
x11 <- 0x33333334


mem[X,0x80028E14] -> 0x0113
mem[X,0x80028E16] -> 0x0000
[4081] [M]: 0x80028E14 (0x00000113) addi sp, zero, 0
x2 <- 0x00000000


mem[X,0x80028E18] -> 0x006F
mem[X,0x80028E1A] -> 0x00C0
[4082] [M]: 0x80028E18 (0x00C0006F) jal zero, 12


mem[X,0x80028E24] -> 0x4CE3
mem[X,0x80028E26] -> 0xFEB5
[4083] [M]: 0x80028E24 (0xFEB54CE3) blt a0, a1, 8184


mem[X,0x80028E1C] -> 0x0113
mem[X,0x80028E1E] -> 0x0011
[4084] [M]: 0x80028E1C (0x00110113) addi sp, sp, 1
x2 <- 0x00000001


mem[X,0x80028E20] -> 0x006F
mem[X,0x80028E22] -> 0x0180
[4085] [M]: 0x80028E20 (0x0180006F) jal zero, 24


mem[X,0x80028E38] -> 0xA623
mem[X,0x80028E3A] -> 0x6620
[4086] [M]: 0x80028E38 (0x6620A623) sw sp, 1644(ra)
mem[0x800397D4] <- 0x00000001


mem[X,0x80028E3C] -> 0xB537
mem[X,0x80028E3E] -> 0x0000
[4087] [M]: 0x80028E3C (0x0000B537) lui a0, 11
x10 <- 0x0000B000


mem[X,0x80028E40] -> 0x0513
mem[X,0x80028E42] -> 0x5055
[4088] [M]: 0x80028E40 (0x50550513) addi a0, a0, 1285
x10 <- 0x0000B505


mem[X,0x80028E44] -> 0x65B7
mem[X,0x80028E46] -> 0x6666
[4089] [M]: 0x80028E44 (0x666665B7) lui a1, 419430
x11 <- 0x66666000


mem[X,0x80028E48] -> 0x8593
mem[X,0x80028E4A] -> 0x6675
[4090] [M]: 0x80028E48 (0x66758593) addi a1, a1, 1639
x11 <- 0x66666667


mem[X,0x80028E4C] -> 0x0113
mem[X,0x80028E4E] -> 0x0000
[4091] [M]: 0x80028E4C (0x00000113) addi sp, zero, 0
x2 <- 0x00000000


mem[X,0x80028E50] -> 0x006F
mem[X,0x80028E52] -> 0x00C0
[4092] [M]: 0x80028E50 (0x00C0006F) jal zero, 12


mem[X,0x80028E5C] -> 0x4663
mem[X,0x80028E5E] -> 0x00B5
[4093] [M]: 0x80028E5C (0x00B54663) blt a0, a1, 12


mem[X,0x80028E68] -> 0x0113
mem[X,0x80028E6A] -> 0x0031
[4094] [M]: 0x80028E68 (0x00310113) addi sp, sp, 3
x2 <- 0x00000003


mem[X,0x80028E6C] -> 0x006F
mem[X,0x80028E6E] -> 0x0040
[4095] [M]: 0x80028E6C (0x0040006F) jal zero, 4


mem[X,0x80028E70] -> 0xA823
mem[X,0x80028E72] -> 0x6620
[4096] [M]: 0x80028E70 (0x6620A823) sw sp, 1648(ra)
mem[0x800397D8] <- 0x00000003


mem[X,0x80028E74] -> 0xB537
mem[X,0x80028E76] -> 0x0000
[4097] [M]: 0x80028E74 (0x0000B537) lui a0, 11
x10 <- 0x0000B000


mem[X,0x80028E78] -> 0x0513
mem[X,0x80028E7A] -> 0x5055
[4098] [M]: 0x80028E78 (0x50550513) addi a0, a0, 1285
x10 <- 0x0000B505


mem[X,0x80028E7C] -> 0x55B7
mem[X,0x80028E7E] -> 0xFFFF
[4099] [M]: 0x80028E7C (0xFFFF55B7) lui a1, 1048565
x11 <- 0xFFFF5000


clint::tick mtime <- 0x0000000000000029
 clint timer pending at mtime 0x0000000000000029
htif::tick 0x0000000000000000
mem[X,0x80028E80] -> 0x8593
mem[X,0x80028E82] -> 0xAFD5
[4100] [M]: 0x80028E80 (0xAFD58593) addi a1, a1, 2813
x11 <- 0xFFFF4AFD


mem[X,0x80028E84] -> 0x0113
mem[X,0x80028E86] -> 0x0000
[4101] [M]: 0x80028E84 (0x00000113) addi sp, zero, 0
x2 <- 0x00000000


mem[X,0x80028E88] -> 0x006F
mem[X,0x80028E8A] -> 0x0140
[4102] [M]: 0x80028E88 (0x0140006F) jal zero, 20


mem[X,0x80028E9C] -> 0x48E3
mem[X,0x80028E9E] -> 0xFEB5
[4103] [M]: 0x80028E9C (0xFEB548E3) blt a0, a1, 8176


mem[X,0x80028EA0] -> 0x0113
mem[X,0x80028EA2] -> 0x0021
[4104] [M]: 0x80028EA0 (0x00210113) addi sp, sp, 2
x2 <- 0x00000002


mem[X,0x80028EA4] -> 0x006F
mem[X,0x80028EA6] -> 0x00C0
[4105] [M]: 0x80028EA4 (0x00C0006F) jal zero, 12


mem[X,0x80028EB0] -> 0xAA23
mem[X,0x80028EB2] -> 0x6620
[4106] [M]: 0x80028EB0 (0x6620AA23) sw sp, 1652(ra)
mem[0x800397DC] <- 0x00000002


mem[X,0x80028EB4] -> 0xB537
mem[X,0x80028EB6] -> 0x0000
[4107] [M]: 0x80028EB4 (0x0000B537) lui a0, 11
x10 <- 0x0000B000


mem[X,0x80028EB8] -> 0x0513
mem[X,0x80028EBA] -> 0x5055
[4108] [M]: 0x80028EB8 (0x50550513) addi a0, a0, 1285
x10 <- 0x0000B505


mem[X,0x80028EBC] -> 0xB5B7
mem[X,0x80028EBE] -> 0x0000
[4109] [M]: 0x80028EBC (0x0000B5B7) lui a1, 11
x11 <- 0x0000B000


mem[X,0x80028EC0] -> 0x8593
mem[X,0x80028EC2] -> 0x5055
[4110] [M]: 0x80028EC0 (0x50558593) addi a1, a1, 1285
x11 <- 0x0000B505


mem[X,0x80028EC4] -> 0x0113
mem[X,0x80028EC6] -> 0x0000
[4111] [M]: 0x80028EC4 (0x00000113) addi sp, zero, 0
x2 <- 0x00000000


mem[X,0x80028EC8] -> 0x006F
mem[X,0x80028ECA] -> 0x00C0
[4112] [M]: 0x80028EC8 (0x00C0006F) jal zero, 12


mem[X,0x80028ED4] -> 0x4CE3
mem[X,0x80028ED6] -> 0xFEB5
[4113] [M]: 0x80028ED4 (0xFEB54CE3) blt a0, a1, 8184


mem[X,0x80028ED8] -> 0x0113
mem[X,0x80028EDA] -> 0x0021
[4114] [M]: 0x80028ED8 (0x00210113) addi sp, sp, 2
x2 <- 0x00000002


mem[X,0x80028EDC] -> 0x006F
mem[X,0x80028EDE] -> 0x00C0
[4115] [M]: 0x80028EDC (0x00C0006F) jal zero, 12


mem[X,0x80028EE8] -> 0xAC23
mem[X,0x80028EEA] -> 0x6620
[4116] [M]: 0x80028EE8 (0x6620AC23) sw sp, 1656(ra)
mem[0x800397E0] <- 0x00000002


mem[X,0x80028EEC] -> 0x0513
mem[X,0x80028EEE] -> 0x0000
[4117] [M]: 0x80028EEC (0x00000513) addi a0, zero, 0
x10 <- 0x00000000


mem[X,0x80028EF0] -> 0x0593
mem[X,0x80028EF2] -> 0x0020
[4118] [M]: 0x80028EF0 (0x00200593) addi a1, zero, 2
x11 <- 0x00000002


mem[X,0x80028EF4] -> 0x0113
mem[X,0x80028EF6] -> 0x0000
[4119] [M]: 0x80028EF4 (0x00000113) addi sp, zero, 0
x2 <- 0x00000000


mem[X,0x80028EF8] -> 0x006F
mem[X,0x80028EFA] -> 0x00C0
[4120] [M]: 0x80028EF8 (0x00C0006F) jal zero, 12


mem[X,0x80028F04] -> 0x4663
mem[X,0x80028F06] -> 0x00B5
[4121] [M]: 0x80028F04 (0x00B54663) blt a0, a1, 12


mem[X,0x80028F10] -> 0x0113
mem[X,0x80028F12] -> 0x0031
[4122] [M]: 0x80028F10 (0x00310113) addi sp, sp, 3
x2 <- 0x00000003


mem[X,0x80028F14] -> 0x006F
mem[X,0x80028F16] -> 0x0040
[4123] [M]: 0x80028F14 (0x0040006F) jal zero, 4


mem[X,0x80028F18] -> 0xAE23
mem[X,0x80028F1A] -> 0x6620
[4124] [M]: 0x80028F18 (0x6620AE23) sw sp, 1660(ra)
mem[0x800397E4] <- 0x00000003


mem[X,0x80028F1C] -> 0x0513
mem[X,0x80028F1E] -> 0x0000
[4125] [M]: 0x80028F1C (0x00000513) addi a0, zero, 0
x10 <- 0x00000000


mem[X,0x80028F20] -> 0x55B7
mem[X,0x80028F22] -> 0x5555
[4126] [M]: 0x80028F20 (0x555555B7) lui a1, 349525
x11 <- 0x55555000


mem[X,0x80028F24] -> 0x8593
mem[X,0x80028F26] -> 0x5545
[4127] [M]: 0x80028F24 (0x55458593) addi a1, a1, 1364
x11 <- 0x55555554


mem[X,0x80028F28] -> 0x0113
mem[X,0x80028F2A] -> 0x0000
[4128] [M]: 0x80028F28 (0x00000113) addi sp, zero, 0
x2 <- 0x00000000


mem[X,0x80028F2C] -> 0x006F
mem[X,0x80028F2E] -> 0x00C0
[4129] [M]: 0x80028F2C (0x00C0006F) jal zero, 12


mem[X,0x80028F38] -> 0x4CE3
mem[X,0x80028F3A] -> 0xFEB5
[4130] [M]: 0x80028F38 (0xFEB54CE3) blt a0, a1, 8184


mem[X,0x80028F30] -> 0x0113
mem[X,0x80028F32] -> 0x0011
[4131] [M]: 0x80028F30 (0x00110113) addi sp, sp, 1
x2 <- 0x00000001


mem[X,0x80028F34] -> 0x006F
mem[X,0x80028F36] -> 0x0180
[4132] [M]: 0x80028F34 (0x0180006F) jal zero, 24


mem[X,0x80028F4C] -> 0xA023
mem[X,0x80028F4E] -> 0x6820
[4133] [M]: 0x80028F4C (0x6820A023) sw sp, 1664(ra)
mem[0x800397E8] <- 0x00000001


mem[X,0x80028F50] -> 0x0513
mem[X,0x80028F52] -> 0x0000
[4134] [M]: 0x80028F50 (0x00000513) addi a0, zero, 0
x10 <- 0x00000000


mem[X,0x80028F54] -> 0x0593
mem[X,0x80028F56] -> 0x0000
[4135] [M]: 0x80028F54 (0x00000593) addi a1, zero, 0
x11 <- 0x00000000


mem[X,0x80028F58] -> 0x0113
mem[X,0x80028F5A] -> 0x0000
[4136] [M]: 0x80028F58 (0x00000113) addi sp, zero, 0
x2 <- 0x00000000


mem[X,0x80028F5C] -> 0x006F
mem[X,0x80028F5E] -> 0x2B10
[4137] [M]: 0x80028F5C (0x2B10006F) jal zero, 2736


mem[X,0x80029A0C] -> 0x4A63
mem[X,0x80029A0E] -> 0xD4B5
[4138] [M]: 0x80029A0C (0xD4B54A63) blt a0, a1, 5460


mem[X,0x80029A10] -> 0x0113
mem[X,0x80029A12] -> 0x0021
[4139] [M]: 0x80029A10 (0x00210113) addi sp, sp, 2
x2 <- 0x00000002


mem[X,0x80029A14] -> 0x006F
mem[X,0x80029A16] -> 0x00C0
[4140] [M]: 0x80029A14 (0x00C0006F) jal zero, 12


mem[X,0x80029A20] -> 0xA223
mem[X,0x80029A22] -> 0x6820
[4141] [M]: 0x80029A20 (0x6820A223) sw sp, 1668(ra)
mem[0x800397EC] <- 0x00000002


mem[X,0x80029A24] -> 0x0513
mem[X,0x80029A26] -> 0x0000
[4142] [M]: 0x80029A24 (0x00000513) addi a0, zero, 0
x10 <- 0x00000000


mem[X,0x80029A28] -> 0x0593
mem[X,0x80029A2A] -> 0x0040
[4143] [M]: 0x80029A28 (0x00400593) addi a1, zero, 4
x11 <- 0x00000004


mem[X,0x80029A2C] -> 0x0113
mem[X,0x80029A2E] -> 0x0000
[4144] [M]: 0x80029A2C (0x00000113) addi sp, zero, 0
x2 <- 0x00000000


mem[X,0x80029A30] -> 0x006F
mem[X,0x80029A32] -> 0x00C0
[4145] [M]: 0x80029A30 (0x00C0006F) jal zero, 12


mem[X,0x80029A3C] -> 0x4063
mem[X,0x80029A3E] -> 0x10B5
[4146] [M]: 0x80029A3C (0x10B54063) blt a0, a1, 256


mem[X,0x80029B3C] -> 0x0113
mem[X,0x80029B3E] -> 0x0031
[4147] [M]: 0x80029B3C (0x00310113) addi sp, sp, 3
x2 <- 0x00000003


mem[X,0x80029B40] -> 0x006F
mem[X,0x80029B42] -> 0x0040
[4148] [M]: 0x80029B40 (0x0040006F) jal zero, 4


mem[X,0x80029B44] -> 0xA423
mem[X,0x80029B46] -> 0x6820
[4149] [M]: 0x80029B44 (0x6820A423) sw sp, 1672(ra)
mem[0x800397F0] <- 0x00000003


mem[X,0x80029B48] -> 0x0513
mem[X,0x80029B4A] -> 0x0000
[4150] [M]: 0x80029B48 (0x00000513) addi a0, zero, 0
x10 <- 0x00000000


mem[X,0x80029B4C] -> 0x35B7
mem[X,0x80029B4E] -> 0x3333
[4151] [M]: 0x80029B4C (0x333335B7) lui a1, 209715
x11 <- 0x33333000


mem[X,0x80029B50] -> 0x8593
mem[X,0x80029B52] -> 0x3325
[4152] [M]: 0x80029B50 (0x33258593) addi a1, a1, 818
x11 <- 0x33333332


mem[X,0x80029B54] -> 0x0113
mem[X,0x80029B56] -> 0x0000
[4153] [M]: 0x80029B54 (0x00000113) addi sp, zero, 0
x2 <- 0x00000000


mem[X,0x80029B58] -> 0x006F
mem[X,0x80029B5A] -> 0x00C0
[4154] [M]: 0x80029B58 (0x00C0006F) jal zero, 12


mem[X,0x80029B64] -> 0x4CE3
mem[X,0x80029B66] -> 0xFEB5
[4155] [M]: 0x80029B64 (0xFEB54CE3) blt a0, a1, 8184


mem[X,0x80029B5C] -> 0x0113
mem[X,0x80029B5E] -> 0x0011
[4156] [M]: 0x80029B5C (0x00110113) addi sp, sp, 1
x2 <- 0x00000001


mem[X,0x80029B60] -> 0x006F
mem[X,0x80029B62] -> 0x0180
[4157] [M]: 0x80029B60 (0x0180006F) jal zero, 24


mem[X,0x80029B78] -> 0xA623
mem[X,0x80029B7A] -> 0x6820
[4158] [M]: 0x80029B78 (0x6820A623) sw sp, 1676(ra)
mem[0x800397F4] <- 0x00000001


mem[X,0x80029B7C] -> 0x0513
mem[X,0x80029B7E] -> 0x0000
[4159] [M]: 0x80029B7C (0x00000513) addi a0, zero, 0
x10 <- 0x00000000


mem[X,0x80029B80] -> 0x65B7
mem[X,0x80029B82] -> 0x6666
[4160] [M]: 0x80029B80 (0x666665B7) lui a1, 419430
x11 <- 0x66666000


mem[X,0x80029B84] -> 0x8593
mem[X,0x80029B86] -> 0x6655
[4161] [M]: 0x80029B84 (0x66558593) addi a1, a1, 1637
x11 <- 0x66666665


mem[X,0x80029B88] -> 0x0113
mem[X,0x80029B8A] -> 0x0000
[4162] [M]: 0x80029B88 (0x00000113) addi sp, zero, 0
x2 <- 0x00000000


mem[X,0x80029B8C] -> 0x006F
mem[X,0x80029B8E] -> 0x00C0
[4163] [M]: 0x80029B8C (0x00C0006F) jal zero, 12


mem[X,0x80029B98] -> 0x4CE3
mem[X,0x80029B9A] -> 0xFEB5
[4164] [M]: 0x80029B98 (0xFEB54CE3) blt a0, a1, 8184


mem[X,0x80029B90] -> 0x0113
mem[X,0x80029B92] -> 0x0011
[4165] [M]: 0x80029B90 (0x00110113) addi sp, sp, 1
x2 <- 0x00000001


mem[X,0x80029B94] -> 0x006F
mem[X,0x80029B96] -> 0x0180
[4166] [M]: 0x80029B94 (0x0180006F) jal zero, 24


mem[X,0x80029BAC] -> 0xA823
mem[X,0x80029BAE] -> 0x6820
[4167] [M]: 0x80029BAC (0x6820A823) sw sp, 1680(ra)
mem[0x800397F8] <- 0x00000001


mem[X,0x80029BB0] -> 0x0513
mem[X,0x80029BB2] -> 0x0000
[4168] [M]: 0x80029BB0 (0x00000513) addi a0, zero, 0
x10 <- 0x00000000


mem[X,0x80029BB4] -> 0xB5B7
mem[X,0x80029BB6] -> 0x0000
[4169] [M]: 0x80029BB4 (0x0000B5B7) lui a1, 11
x11 <- 0x0000B000


mem[X,0x80029BB8] -> 0x8593
mem[X,0x80029BBA] -> 0x5035
[4170] [M]: 0x80029BB8 (0x50358593) addi a1, a1, 1283
x11 <- 0x0000B503


mem[X,0x80029BBC] -> 0x0113
mem[X,0x80029BBE] -> 0x0000
[4171] [M]: 0x80029BBC (0x00000113) addi sp, zero, 0
x2 <- 0x00000000


mem[X,0x80029BC0] -> 0x006F
mem[X,0x80029BC2] -> 0x00C0
[4172] [M]: 0x80029BC0 (0x00C0006F) jal zero, 12


mem[X,0x80029BCC] -> 0x4663
mem[X,0x80029BCE] -> 0x00B5
[4173] [M]: 0x80029BCC (0x00B54663) blt a0, a1, 12


mem[X,0x80029BD8] -> 0x0113
mem[X,0x80029BDA] -> 0x0031
[4174] [M]: 0x80029BD8 (0x00310113) addi sp, sp, 3
x2 <- 0x00000003


mem[X,0x80029BDC] -> 0x006F
mem[X,0x80029BDE] -> 0x0040
[4175] [M]: 0x80029BDC (0x0040006F) jal zero, 4


mem[X,0x80029BE0] -> 0xAA23
mem[X,0x80029BE2] -> 0x6820
[4176] [M]: 0x80029BE0 (0x6820AA23) sw sp, 1684(ra)
mem[0x800397FC] <- 0x00000003


mem[X,0x80029BE4] -> 0x0513
mem[X,0x80029BE6] -> 0x0000
[4177] [M]: 0x80029BE4 (0x00000513) addi a0, zero, 0
x10 <- 0x00000000


mem[X,0x80029BE8] -> 0x55B7
mem[X,0x80029BEA] -> 0x5555
[4178] [M]: 0x80029BE8 (0x555555B7) lui a1, 349525
x11 <- 0x55555000


mem[X,0x80029BEC] -> 0x8593
mem[X,0x80029BEE] -> 0x5565
[4179] [M]: 0x80029BEC (0x55658593) addi a1, a1, 1366
x11 <- 0x55555556


mem[X,0x80029BF0] -> 0x0113
mem[X,0x80029BF2] -> 0x0000
[4180] [M]: 0x80029BF0 (0x00000113) addi sp, zero, 0
x2 <- 0x00000000


mem[X,0x80029BF4] -> 0x006F
mem[X,0x80029BF6] -> 0x00C0
[4181] [M]: 0x80029BF4 (0x00C0006F) jal zero, 12


mem[X,0x80029C00] -> 0x4063
mem[X,0x80029C02] -> 0x40B5
[4182] [M]: 0x80029C00 (0x40B54063) blt a0, a1, 1024


mem[X,0x8002A000] -> 0x0113
mem[X,0x8002A002] -> 0x0031
[4183] [M]: 0x8002A000 (0x00310113) addi sp, sp, 3
x2 <- 0x00000003


mem[X,0x8002A004] -> 0x006F
mem[X,0x8002A006] -> 0x0040
[4184] [M]: 0x8002A004 (0x0040006F) jal zero, 4


mem[X,0x8002A008] -> 0xAC23
mem[X,0x8002A00A] -> 0x6820
[4185] [M]: 0x8002A008 (0x6820AC23) sw sp, 1688(ra)
mem[0x80039800] <- 0x00000003


mem[X,0x8002A00C] -> 0x0513
mem[X,0x8002A00E] -> 0x0000
[4186] [M]: 0x8002A00C (0x00000513) addi a0, zero, 0
x10 <- 0x00000000


mem[X,0x8002A010] -> 0xB5B7
mem[X,0x8002A012] -> 0xAAAA
[4187] [M]: 0x8002A010 (0xAAAAB5B7) lui a1, 699051
x11 <- 0xAAAAB000


mem[X,0x8002A014] -> 0x8593
mem[X,0x8002A016] -> 0xAAB5
[4188] [M]: 0x8002A014 (0xAAB58593) addi a1, a1, 2731
x11 <- 0xAAAAAAAB


mem[X,0x8002A018] -> 0x0113
mem[X,0x8002A01A] -> 0x0000
[4189] [M]: 0x8002A018 (0x00000113) addi sp, zero, 0
x2 <- 0x00000000


mem[X,0x8002A01C] -> 0x006F
mem[X,0x8002A01E] -> 0x00C0
[4190] [M]: 0x8002A01C (0x00C0006F) jal zero, 12


mem[X,0x8002A028] -> 0x4663
mem[X,0x8002A02A] -> 0x00B5
[4191] [M]: 0x8002A028 (0x00B54663) blt a0, a1, 12


mem[X,0x8002A02C] -> 0x0113
mem[X,0x8002A02E] -> 0x0021
[4192] [M]: 0x8002A02C (0x00210113) addi sp, sp, 2
x2 <- 0x00000002


mem[X,0x8002A030] -> 0x006F
mem[X,0x8002A032] -> 0x00C0
[4193] [M]: 0x8002A030 (0x00C0006F) jal zero, 12


mem[X,0x8002A03C] -> 0xAE23
mem[X,0x8002A03E] -> 0x6820
[4194] [M]: 0x8002A03C (0x6820AE23) sw sp, 1692(ra)
mem[0x80039804] <- 0x00000002


mem[X,0x8002A040] -> 0x0513
mem[X,0x8002A042] -> 0x0000
[4195] [M]: 0x8002A040 (0x00000513) addi a0, zero, 0
x10 <- 0x00000000


mem[X,0x8002A044] -> 0x0593
mem[X,0x8002A046] -> 0x0060
[4196] [M]: 0x8002A044 (0x00600593) addi a1, zero, 6
x11 <- 0x00000006


mem[X,0x8002A048] -> 0x0113
mem[X,0x8002A04A] -> 0x0000
[4197] [M]: 0x8002A048 (0x00000113) addi sp, zero, 0
x2 <- 0x00000000


mem[X,0x8002A04C] -> 0x006F
mem[X,0x8002A04E] -> 0x00C0
[4198] [M]: 0x8002A04C (0x00C0006F) jal zero, 12


mem[X,0x8002A058] -> 0x4063
mem[X,0x8002A05A] -> 0x10B5
[4199] [M]: 0x8002A058 (0x10B54063) blt a0, a1, 256


clint::tick mtime <- 0x000000000000002A
 clint timer pending at mtime 0x000000000000002A
htif::tick 0x0000000000000000
mem[X,0x8002A158] -> 0x0113
mem[X,0x8002A15A] -> 0x0031
[4200] [M]: 0x8002A158 (0x00310113) addi sp, sp, 3
x2 <- 0x00000003


mem[X,0x8002A15C] -> 0x006F
mem[X,0x8002A15E] -> 0x0040
[4201] [M]: 0x8002A15C (0x0040006F) jal zero, 4


mem[X,0x8002A160] -> 0xA023
mem[X,0x8002A162] -> 0x6A20
[4202] [M]: 0x8002A160 (0x6A20A023) sw sp, 1696(ra)
mem[0x80039808] <- 0x00000003


mem[X,0x8002A164] -> 0x0513
mem[X,0x8002A166] -> 0x0000
[4203] [M]: 0x8002A164 (0x00000513) addi a0, zero, 0
x10 <- 0x00000000


mem[X,0x8002A168] -> 0x35B7
mem[X,0x8002A16A] -> 0x3333
[4204] [M]: 0x8002A168 (0x333335B7) lui a1, 209715
x11 <- 0x33333000


mem[X,0x8002A16C] -> 0x8593
mem[X,0x8002A16E] -> 0x3345
[4205] [M]: 0x8002A16C (0x33458593) addi a1, a1, 820
x11 <- 0x33333334


mem[X,0x8002A170] -> 0x0113
mem[X,0x8002A172] -> 0x0000
[4206] [M]: 0x8002A170 (0x00000113) addi sp, zero, 0
x2 <- 0x00000000


mem[X,0x8002A174] -> 0x006F
mem[X,0x8002A176] -> 0x00C0
[4207] [M]: 0x8002A174 (0x00C0006F) jal zero, 12


mem[X,0x8002A180] -> 0x4663
mem[X,0x8002A182] -> 0x00B5
[4208] [M]: 0x8002A180 (0x00B54663) blt a0, a1, 12


mem[X,0x8002A18C] -> 0x0113
mem[X,0x8002A18E] -> 0x0031
[4209] [M]: 0x8002A18C (0x00310113) addi sp, sp, 3
x2 <- 0x00000003


mem[X,0x8002A190] -> 0x006F
mem[X,0x8002A192] -> 0x0040
[4210] [M]: 0x8002A190 (0x0040006F) jal zero, 4


mem[X,0x8002A194] -> 0xA223
mem[X,0x8002A196] -> 0x6A20
[4211] [M]: 0x8002A194 (0x6A20A223) sw sp, 1700(ra)
mem[0x8003980C] <- 0x00000003


mem[X,0x8002A198] -> 0x0513
mem[X,0x8002A19A] -> 0x0000
[4212] [M]: 0x8002A198 (0x00000513) addi a0, zero, 0
x10 <- 0x00000000


mem[X,0x8002A19C] -> 0x65B7
mem[X,0x8002A19E] -> 0x6666
[4213] [M]: 0x8002A19C (0x666665B7) lui a1, 419430
x11 <- 0x66666000


mem[X,0x8002A1A0] -> 0x8593
mem[X,0x8002A1A2] -> 0x6675
[4214] [M]: 0x8002A1A0 (0x66758593) addi a1, a1, 1639
x11 <- 0x66666667


mem[X,0x8002A1A4] -> 0x0113
mem[X,0x8002A1A6] -> 0x0000
[4215] [M]: 0x8002A1A4 (0x00000113) addi sp, zero, 0
x2 <- 0x00000000


mem[X,0x8002A1A8] -> 0x006F
mem[X,0x8002A1AA] -> 0x00C0
[4216] [M]: 0x8002A1A8 (0x00C0006F) jal zero, 12


mem[X,0x8002A1B4] -> 0x4063
mem[X,0x8002A1B6] -> 0x02B5
[4217] [M]: 0x8002A1B4 (0x02B54063) blt a0, a1, 32


mem[X,0x8002A1D4] -> 0x0113
mem[X,0x8002A1D6] -> 0x0031
[4218] [M]: 0x8002A1D4 (0x00310113) addi sp, sp, 3
x2 <- 0x00000003


mem[X,0x8002A1D8] -> 0x006F
mem[X,0x8002A1DA] -> 0x0040
[4219] [M]: 0x8002A1D8 (0x0040006F) jal zero, 4


mem[X,0x8002A1DC] -> 0xA423
mem[X,0x8002A1DE] -> 0x6A20
[4220] [M]: 0x8002A1DC (0x6A20A423) sw sp, 1704(ra)
mem[0x80039810] <- 0x00000003


mem[X,0x8002A1E0] -> 0x0513
mem[X,0x8002A1E2] -> 0x0000
[4221] [M]: 0x8002A1E0 (0x00000513) addi a0, zero, 0
x10 <- 0x00000000


mem[X,0x8002A1E4] -> 0x55B7
mem[X,0x8002A1E6] -> 0xFFFF
[4222] [M]: 0x8002A1E4 (0xFFFF55B7) lui a1, 1048565
x11 <- 0xFFFF5000


mem[X,0x8002A1E8] -> 0x8593
mem[X,0x8002A1EA] -> 0xAFD5
[4223] [M]: 0x8002A1E8 (0xAFD58593) addi a1, a1, 2813
x11 <- 0xFFFF4AFD


mem[X,0x8002A1EC] -> 0x0113
mem[X,0x8002A1EE] -> 0x0000
[4224] [M]: 0x8002A1EC (0x00000113) addi sp, zero, 0
x2 <- 0x00000000


mem[X,0x8002A1F0] -> 0x006F
mem[X,0x8002A1F2] -> 0x0100
[4225] [M]: 0x8002A1F0 (0x0100006F) jal zero, 16


mem[X,0x8002A200] -> 0x4AE3
mem[X,0x8002A202] -> 0xFEB5
[4226] [M]: 0x8002A200 (0xFEB54AE3) blt a0, a1, 8180


mem[X,0x8002A204] -> 0x0113
mem[X,0x8002A206] -> 0x0021
[4227] [M]: 0x8002A204 (0x00210113) addi sp, sp, 2
x2 <- 0x00000002


mem[X,0x8002A208] -> 0x006F
mem[X,0x8002A20A] -> 0x00C0
[4228] [M]: 0x8002A208 (0x00C0006F) jal zero, 12


mem[X,0x8002A214] -> 0xA623
mem[X,0x8002A216] -> 0x6A20
[4229] [M]: 0x8002A214 (0x6A20A623) sw sp, 1708(ra)
mem[0x80039814] <- 0x00000002


mem[X,0x8002A218] -> 0x0513
mem[X,0x8002A21A] -> 0x0000
[4230] [M]: 0x8002A218 (0x00000513) addi a0, zero, 0
x10 <- 0x00000000


mem[X,0x8002A21C] -> 0xB5B7
mem[X,0x8002A21E] -> 0x0000
[4231] [M]: 0x8002A21C (0x0000B5B7) lui a1, 11
x11 <- 0x0000B000


mem[X,0x8002A220] -> 0x8593
mem[X,0x8002A222] -> 0x5055
[4232] [M]: 0x8002A220 (0x50558593) addi a1, a1, 1285
x11 <- 0x0000B505


mem[X,0x8002A224] -> 0x0113
mem[X,0x8002A226] -> 0x0000
[4233] [M]: 0x8002A224 (0x00000113) addi sp, zero, 0
x2 <- 0x00000000


mem[X,0x8002A228] -> 0x006F
mem[X,0x8002A22A] -> 0x00C0
[4234] [M]: 0x8002A228 (0x00C0006F) jal zero, 12


mem[X,0x8002A234] -> 0x4663
mem[X,0x8002A236] -> 0x00B5
[4235] [M]: 0x8002A234 (0x00B54663) blt a0, a1, 12


mem[X,0x8002A240] -> 0x0113
mem[X,0x8002A242] -> 0x0031
[4236] [M]: 0x8002A240 (0x00310113) addi sp, sp, 3
x2 <- 0x00000003


mem[X,0x8002A244] -> 0x006F
mem[X,0x8002A246] -> 0x0040
[4237] [M]: 0x8002A244 (0x0040006F) jal zero, 4


mem[X,0x8002A248] -> 0xA823
mem[X,0x8002A24A] -> 0x6A20
[4238] [M]: 0x8002A248 (0x6A20A823) sw sp, 1712(ra)
mem[0x80039818] <- 0x00000003


mem[X,0x8002A24C] -> 0x0513
mem[X,0x8002A24E] -> 0x0040
[4239] [M]: 0x8002A24C (0x00400513) addi a0, zero, 4
x10 <- 0x00000004


mem[X,0x8002A250] -> 0x0593
mem[X,0x8002A252] -> 0x0030
[4240] [M]: 0x8002A250 (0x00300593) addi a1, zero, 3
x11 <- 0x00000003


mem[X,0x8002A254] -> 0x0113
mem[X,0x8002A256] -> 0x0000
[4241] [M]: 0x8002A254 (0x00000113) addi sp, zero, 0
x2 <- 0x00000000


mem[X,0x8002A258] -> 0x006F
mem[X,0x8002A25A] -> 0x00C0
[4242] [M]: 0x8002A258 (0x00C0006F) jal zero, 12


mem[X,0x8002A264] -> 0x4863
mem[X,0x8002A266] -> 0x00B5
[4243] [M]: 0x8002A264 (0x00B54863) blt a0, a1, 16


mem[X,0x8002A268] -> 0x0113
mem[X,0x8002A26A] -> 0x0021
[4244] [M]: 0x8002A268 (0x00210113) addi sp, sp, 2
x2 <- 0x00000002


mem[X,0x8002A26C] -> 0x006F
mem[X,0x8002A26E] -> 0x0100
[4245] [M]: 0x8002A26C (0x0100006F) jal zero, 16


mem[X,0x8002A27C] -> 0xAA23
mem[X,0x8002A27E] -> 0x6A20
[4246] [M]: 0x8002A27C (0x6A20AA23) sw sp, 1716(ra)
mem[0x8003981C] <- 0x00000002


mem[X,0x8002A280] -> 0x0513
mem[X,0x8002A282] -> 0x0040
[4247] [M]: 0x8002A280 (0x00400513) addi a0, zero, 4
x10 <- 0x00000004


mem[X,0x8002A284] -> 0x55B7
mem[X,0x8002A286] -> 0x5555
[4248] [M]: 0x8002A284 (0x555555B7) lui a1, 349525
x11 <- 0x55555000


mem[X,0x8002A288] -> 0x8593
mem[X,0x8002A28A] -> 0x5555
[4249] [M]: 0x8002A288 (0x55558593) addi a1, a1, 1365
x11 <- 0x55555555


mem[X,0x8002A28C] -> 0x0113
mem[X,0x8002A28E] -> 0x0000
[4250] [M]: 0x8002A28C (0x00000113) addi sp, zero, 0
x2 <- 0x00000000


mem[X,0x8002A290] -> 0x006F
mem[X,0x8002A292] -> 0x0050
[4251] [M]: 0x8002A290 (0x0050006F) jal zero, 2052


mem[X,0x8002AA94] -> 0x40E3
mem[X,0x8002AA96] -> 0x80B5
[4252] [M]: 0x8002AA94 (0x80B540E3) blt a0, a1, 6144


mem[X,0x8002A294] -> 0x0113
mem[X,0x8002A296] -> 0x0011
[4253] [M]: 0x8002A294 (0x00110113) addi sp, sp, 1
x2 <- 0x00000001


mem[X,0x8002A298] -> 0x006F
mem[X,0x8002A29A] -> 0x0110
[4254] [M]: 0x8002A298 (0x0110006F) jal zero, 2064


mem[X,0x8002AAA8] -> 0xAC23
mem[X,0x8002AAAA] -> 0x6A20
[4255] [M]: 0x8002AAA8 (0x6A20AC23) sw sp, 1720(ra)
mem[0x80039820] <- 0x00000001


mem[X,0x8002AAAC] -> 0x0513
mem[X,0x8002AAAE] -> 0x0040
[4256] [M]: 0x8002AAAC (0x00400513) addi a0, zero, 4
x10 <- 0x00000004


mem[X,0x8002AAB0] -> 0xB5B7
mem[X,0x8002AAB2] -> 0xAAAA
[4257] [M]: 0x8002AAB0 (0xAAAAB5B7) lui a1, 699051
x11 <- 0xAAAAB000


mem[X,0x8002AAB4] -> 0x8593
mem[X,0x8002AAB6] -> 0xAAA5
[4258] [M]: 0x8002AAB4 (0xAAA58593) addi a1, a1, 2730
x11 <- 0xAAAAAAAA


mem[X,0x8002AAB8] -> 0x0113
mem[X,0x8002AABA] -> 0x0000
[4259] [M]: 0x8002AAB8 (0x00000113) addi sp, zero, 0
x2 <- 0x00000000


mem[X,0x8002AABC] -> 0x006F
mem[X,0x8002AABE] -> 0x00C0
[4260] [M]: 0x8002AABC (0x00C0006F) jal zero, 12


mem[X,0x8002AAC8] -> 0x4CE3
mem[X,0x8002AACA] -> 0xFEB5
[4261] [M]: 0x8002AAC8 (0xFEB54CE3) blt a0, a1, 8184


mem[X,0x8002AACC] -> 0x0113
mem[X,0x8002AACE] -> 0x0021
[4262] [M]: 0x8002AACC (0x00210113) addi sp, sp, 2
x2 <- 0x00000002


mem[X,0x8002AAD0] -> 0x006F
mem[X,0x8002AAD2] -> 0x00C0
[4263] [M]: 0x8002AAD0 (0x00C0006F) jal zero, 12


mem[X,0x8002AADC] -> 0xAE23
mem[X,0x8002AADE] -> 0x6A20
[4264] [M]: 0x8002AADC (0x6A20AE23) sw sp, 1724(ra)
mem[0x80039824] <- 0x00000002


mem[X,0x8002AAE0] -> 0x0513
mem[X,0x8002AAE2] -> 0x0040
[4265] [M]: 0x8002AAE0 (0x00400513) addi a0, zero, 4
x10 <- 0x00000004


mem[X,0x8002AAE4] -> 0x0593
mem[X,0x8002AAE6] -> 0x0050
[4266] [M]: 0x8002AAE4 (0x00500593) addi a1, zero, 5
x11 <- 0x00000005


mem[X,0x8002AAE8] -> 0x0113
mem[X,0x8002AAEA] -> 0x0000
[4267] [M]: 0x8002AAE8 (0x00000113) addi sp, zero, 0
x2 <- 0x00000000


mem[X,0x8002AAEC] -> 0x006F
mem[X,0x8002AAEE] -> 0x00C0
[4268] [M]: 0x8002AAEC (0x00C0006F) jal zero, 12


mem[X,0x8002AAF8] -> 0x4063
mem[X,0x8002AAFA] -> 0x04B5
[4269] [M]: 0x8002AAF8 (0x04B54063) blt a0, a1, 64


mem[X,0x8002AB38] -> 0x0113
mem[X,0x8002AB3A] -> 0x0031
[4270] [M]: 0x8002AB38 (0x00310113) addi sp, sp, 3
x2 <- 0x00000003


mem[X,0x8002AB3C] -> 0x006F
mem[X,0x8002AB3E] -> 0x0040
[4271] [M]: 0x8002AB3C (0x0040006F) jal zero, 4


mem[X,0x8002AB40] -> 0xA023
mem[X,0x8002AB42] -> 0x6C20
[4272] [M]: 0x8002AB40 (0x6C20A023) sw sp, 1728(ra)
mem[0x80039828] <- 0x00000003


mem[X,0x8002AB44] -> 0x0513
mem[X,0x8002AB46] -> 0x0040
[4273] [M]: 0x8002AB44 (0x00400513) addi a0, zero, 4
x10 <- 0x00000004


mem[X,0x8002AB48] -> 0x35B7
mem[X,0x8002AB4A] -> 0x3333
[4274] [M]: 0x8002AB48 (0x333335B7) lui a1, 209715
x11 <- 0x33333000


mem[X,0x8002AB4C] -> 0x8593
mem[X,0x8002AB4E] -> 0x3335
[4275] [M]: 0x8002AB4C (0x33358593) addi a1, a1, 819
x11 <- 0x33333333


mem[X,0x8002AB50] -> 0x0113
mem[X,0x8002AB52] -> 0x0000
[4276] [M]: 0x8002AB50 (0x00000113) addi sp, zero, 0
x2 <- 0x00000000


mem[X,0x8002AB54] -> 0x006F
mem[X,0x8002AB56] -> 0x00C0
[4277] [M]: 0x8002AB54 (0x00C0006F) jal zero, 12


mem[X,0x8002AB60] -> 0x4663
mem[X,0x8002AB62] -> 0x00B5
[4278] [M]: 0x8002AB60 (0x00B54663) blt a0, a1, 12


mem[X,0x8002AB6C] -> 0x0113
mem[X,0x8002AB6E] -> 0x0031
[4279] [M]: 0x8002AB6C (0x00310113) addi sp, sp, 3
x2 <- 0x00000003


mem[X,0x8002AB70] -> 0x006F
mem[X,0x8002AB72] -> 0x0040
[4280] [M]: 0x8002AB70 (0x0040006F) jal zero, 4


mem[X,0x8002AB74] -> 0xA223
mem[X,0x8002AB76] -> 0x6C20
[4281] [M]: 0x8002AB74 (0x6C20A223) sw sp, 1732(ra)
mem[0x8003982C] <- 0x00000003


mem[X,0x8002AB78] -> 0x0513
mem[X,0x8002AB7A] -> 0x0040
[4282] [M]: 0x8002AB78 (0x00400513) addi a0, zero, 4
x10 <- 0x00000004


mem[X,0x8002AB7C] -> 0x65B7
mem[X,0x8002AB7E] -> 0x6666
[4283] [M]: 0x8002AB7C (0x666665B7) lui a1, 419430
x11 <- 0x66666000


mem[X,0x8002AB80] -> 0x8593
mem[X,0x8002AB82] -> 0x6665
[4284] [M]: 0x8002AB80 (0x66658593) addi a1, a1, 1638
x11 <- 0x66666666


mem[X,0x8002AB84] -> 0x0113
mem[X,0x8002AB86] -> 0x0000
[4285] [M]: 0x8002AB84 (0x00000113) addi sp, zero, 0
x2 <- 0x00000000


mem[X,0x8002AB88] -> 0x006F
mem[X,0x8002AB8A] -> 0x00C0
[4286] [M]: 0x8002AB88 (0x00C0006F) jal zero, 12


mem[X,0x8002AB94] -> 0x4063
mem[X,0x8002AB96] -> 0x10B5
[4287] [M]: 0x8002AB94 (0x10B54063) blt a0, a1, 256


mem[X,0x8002AC94] -> 0x0113
mem[X,0x8002AC96] -> 0x0031
[4288] [M]: 0x8002AC94 (0x00310113) addi sp, sp, 3
x2 <- 0x00000003


mem[X,0x8002AC98] -> 0x006F
mem[X,0x8002AC9A] -> 0x0040
[4289] [M]: 0x8002AC98 (0x0040006F) jal zero, 4


mem[X,0x8002AC9C] -> 0xA423
mem[X,0x8002AC9E] -> 0x6C20
[4290] [M]: 0x8002AC9C (0x6C20A423) sw sp, 1736(ra)
mem[0x80039830] <- 0x00000003


mem[X,0x8002ACA0] -> 0x0513
mem[X,0x8002ACA2] -> 0x0040
[4291] [M]: 0x8002ACA0 (0x00400513) addi a0, zero, 4
x10 <- 0x00000004


mem[X,0x8002ACA4] -> 0x55B7
mem[X,0x8002ACA6] -> 0xFFFF
[4292] [M]: 0x8002ACA4 (0xFFFF55B7) lui a1, 1048565
x11 <- 0xFFFF5000


mem[X,0x8002ACA8] -> 0x8593
mem[X,0x8002ACAA] -> 0xAFC5
[4293] [M]: 0x8002ACA8 (0xAFC58593) addi a1, a1, 2812
x11 <- 0xFFFF4AFC


mem[X,0x8002ACAC] -> 0x0113
mem[X,0x8002ACAE] -> 0x0000
[4294] [M]: 0x8002ACAC (0x00000113) addi sp, zero, 0
x2 <- 0x00000000


mem[X,0x8002ACB0] -> 0x006F
mem[X,0x8002ACB2] -> 0x00C0
[4295] [M]: 0x8002ACB0 (0x00C0006F) jal zero, 12


mem[X,0x8002ACBC] -> 0x4663
mem[X,0x8002ACBE] -> 0x00B5
[4296] [M]: 0x8002ACBC (0x00B54663) blt a0, a1, 12


mem[X,0x8002ACC0] -> 0x0113
mem[X,0x8002ACC2] -> 0x0021
[4297] [M]: 0x8002ACC0 (0x00210113) addi sp, sp, 2
x2 <- 0x00000002


mem[X,0x8002ACC4] -> 0x006F
mem[X,0x8002ACC6] -> 0x00C0
[4298] [M]: 0x8002ACC4 (0x00C0006F) jal zero, 12


mem[X,0x8002ACD0] -> 0xA623
mem[X,0x8002ACD2] -> 0x6C20
[4299] [M]: 0x8002ACD0 (0x6C20A623) sw sp, 1740(ra)
mem[0x80039834] <- 0x00000002


clint::tick mtime <- 0x000000000000002B
 clint timer pending at mtime 0x000000000000002B
htif::tick 0x0000000000000000
mem[X,0x8002ACD4] -> 0x0513
mem[X,0x8002ACD6] -> 0x0040
[4300] [M]: 0x8002ACD4 (0x00400513) addi a0, zero, 4
x10 <- 0x00000004


mem[X,0x8002ACD8] -> 0xB5B7
mem[X,0x8002ACDA] -> 0x0000
[4301] [M]: 0x8002ACD8 (0x0000B5B7) lui a1, 11
x11 <- 0x0000B000


mem[X,0x8002ACDC] -> 0x8593
mem[X,0x8002ACDE] -> 0x5045
[4302] [M]: 0x8002ACDC (0x50458593) addi a1, a1, 1284
x11 <- 0x0000B504


mem[X,0x8002ACE0] -> 0x0113
mem[X,0x8002ACE2] -> 0x0000
[4303] [M]: 0x8002ACE0 (0x00000113) addi sp, zero, 0
x2 <- 0x00000000


mem[X,0x8002ACE4] -> 0x006F
mem[X,0x8002ACE6] -> 0x00C0
[4304] [M]: 0x8002ACE4 (0x00C0006F) jal zero, 12


mem[X,0x8002ACF0] -> 0x4063
mem[X,0x8002ACF2] -> 0x02B5
[4305] [M]: 0x8002ACF0 (0x02B54063) blt a0, a1, 32


mem[X,0x8002AD10] -> 0x0113
mem[X,0x8002AD12] -> 0x0031
[4306] [M]: 0x8002AD10 (0x00310113) addi sp, sp, 3
x2 <- 0x00000003


mem[X,0x8002AD14] -> 0x006F
mem[X,0x8002AD16] -> 0x0040
[4307] [M]: 0x8002AD14 (0x0040006F) jal zero, 4


mem[X,0x8002AD18] -> 0xA823
mem[X,0x8002AD1A] -> 0x6C20
[4308] [M]: 0x8002AD18 (0x6C20A823) sw sp, 1744(ra)
mem[0x80039838] <- 0x00000003


mem[X,0x8002AD1C] -> 0x0513
mem[X,0x8002AD1E] -> 0x0040
[4309] [M]: 0x8002AD1C (0x00400513) addi a0, zero, 4
x10 <- 0x00000004


mem[X,0x8002AD20] -> 0x55B7
mem[X,0x8002AD22] -> 0x5555
[4310] [M]: 0x8002AD20 (0x555555B7) lui a1, 349525
x11 <- 0x55555000


mem[X,0x8002AD24] -> 0x8593
mem[X,0x8002AD26] -> 0x5545
[4311] [M]: 0x8002AD24 (0x55458593) addi a1, a1, 1364
x11 <- 0x55555554


mem[X,0x8002AD28] -> 0x0113
mem[X,0x8002AD2A] -> 0x0000
[4312] [M]: 0x8002AD28 (0x00000113) addi sp, zero, 0
x2 <- 0x00000000


mem[X,0x8002AD2C] -> 0x006F
mem[X,0x8002AD2E] -> 0x00C0
[4313] [M]: 0x8002AD2C (0x00C0006F) jal zero, 12


mem[X,0x8002AD38] -> 0x4CE3
mem[X,0x8002AD3A] -> 0xFEB5
[4314] [M]: 0x8002AD38 (0xFEB54CE3) blt a0, a1, 8184


mem[X,0x8002AD30] -> 0x0113
mem[X,0x8002AD32] -> 0x0011
[4315] [M]: 0x8002AD30 (0x00110113) addi sp, sp, 1
x2 <- 0x00000001


mem[X,0x8002AD34] -> 0x006F
mem[X,0x8002AD36] -> 0x0180
[4316] [M]: 0x8002AD34 (0x0180006F) jal zero, 24


mem[X,0x8002AD4C] -> 0xAA23
mem[X,0x8002AD4E] -> 0x6C20
[4317] [M]: 0x8002AD4C (0x6C20AA23) sw sp, 1748(ra)
mem[0x8003983C] <- 0x00000001


mem[X,0x8002AD50] -> 0x0513
mem[X,0x8002AD52] -> 0x0040
[4318] [M]: 0x8002AD50 (0x00400513) addi a0, zero, 4
x10 <- 0x00000004


mem[X,0x8002AD54] -> 0x0593
mem[X,0x8002AD56] -> 0x0000
[4319] [M]: 0x8002AD54 (0x00000593) addi a1, zero, 0
x11 <- 0x00000000


mem[X,0x8002AD58] -> 0x0113
mem[X,0x8002AD5A] -> 0x0000
[4320] [M]: 0x8002AD58 (0x00000113) addi sp, zero, 0
x2 <- 0x00000000


mem[X,0x8002AD5C] -> 0x006F
mem[X,0x8002AD5E] -> 0x00C0
[4321] [M]: 0x8002AD5C (0x00C0006F) jal zero, 12


mem[X,0x8002AD68] -> 0x4CE3
mem[X,0x8002AD6A] -> 0xFEB5
[4322] [M]: 0x8002AD68 (0xFEB54CE3) blt a0, a1, 8184


mem[X,0x8002AD6C] -> 0x0113
mem[X,0x8002AD6E] -> 0x0021
[4323] [M]: 0x8002AD6C (0x00210113) addi sp, sp, 2
x2 <- 0x00000002


mem[X,0x8002AD70] -> 0x006F
mem[X,0x8002AD72] -> 0x00C0
[4324] [M]: 0x8002AD70 (0x00C0006F) jal zero, 12


mem[X,0x8002AD7C] -> 0xAC23
mem[X,0x8002AD7E] -> 0x6C20
[4325] [M]: 0x8002AD7C (0x6C20AC23) sw sp, 1752(ra)
mem[0x80039840] <- 0x00000002


mem[X,0x8002AD80] -> 0x0513
mem[X,0x8002AD82] -> 0x0040
[4326] [M]: 0x8002AD80 (0x00400513) addi a0, zero, 4
x10 <- 0x00000004


mem[X,0x8002AD84] -> 0x0593
mem[X,0x8002AD86] -> 0x0040
[4327] [M]: 0x8002AD84 (0x00400593) addi a1, zero, 4
x11 <- 0x00000004


mem[X,0x8002AD88] -> 0x0113
mem[X,0x8002AD8A] -> 0x0000
[4328] [M]: 0x8002AD88 (0x00000113) addi sp, zero, 0
x2 <- 0x00000000


mem[X,0x8002AD8C] -> 0x006F
mem[X,0x8002AD8E] -> 0x00C0
[4329] [M]: 0x8002AD8C (0x00C0006F) jal zero, 12


mem[X,0x8002AD98] -> 0x4CE3
mem[X,0x8002AD9A] -> 0xFEB5
[4330] [M]: 0x8002AD98 (0xFEB54CE3) blt a0, a1, 8184


mem[X,0x8002AD9C] -> 0x0113
mem[X,0x8002AD9E] -> 0x0021
[4331] [M]: 0x8002AD9C (0x00210113) addi sp, sp, 2
x2 <- 0x00000002


mem[X,0x8002ADA0] -> 0x006F
mem[X,0x8002ADA2] -> 0x00C0
[4332] [M]: 0x8002ADA0 (0x00C0006F) jal zero, 12


mem[X,0x8002ADAC] -> 0xAE23
mem[X,0x8002ADAE] -> 0x6C20
[4333] [M]: 0x8002ADAC (0x6C20AE23) sw sp, 1756(ra)
mem[0x80039844] <- 0x00000002


mem[X,0x8002ADB0] -> 0x0513
mem[X,0x8002ADB2] -> 0x0040
[4334] [M]: 0x8002ADB0 (0x00400513) addi a0, zero, 4
x10 <- 0x00000004


mem[X,0x8002ADB4] -> 0x35B7
mem[X,0x8002ADB6] -> 0x3333
[4335] [M]: 0x8002ADB4 (0x333335B7) lui a1, 209715
x11 <- 0x33333000


mem[X,0x8002ADB8] -> 0x8593
mem[X,0x8002ADBA] -> 0x3325
[4336] [M]: 0x8002ADB8 (0x33258593) addi a1, a1, 818
x11 <- 0x33333332


mem[X,0x8002ADBC] -> 0x0113
mem[X,0x8002ADBE] -> 0x0000
[4337] [M]: 0x8002ADBC (0x00000113) addi sp, zero, 0
x2 <- 0x00000000


mem[X,0x8002ADC0] -> 0x006F
mem[X,0x8002ADC2] -> 0x2B10
[4338] [M]: 0x8002ADC0 (0x2B10006F) jal zero, 2736


mem[X,0x8002B870] -> 0x4A63
mem[X,0x8002B872] -> 0xD4B5
[4339] [M]: 0x8002B870 (0xD4B54A63) blt a0, a1, 5460


mem[X,0x8002ADC4] -> 0x0113
mem[X,0x8002ADC6] -> 0x0011
[4340] [M]: 0x8002ADC4 (0x00110113) addi sp, sp, 1
x2 <- 0x00000001


mem[X,0x8002ADC8] -> 0x006F
mem[X,0x8002ADCA] -> 0x2BD0
[4341] [M]: 0x8002ADC8 (0x2BD0006F) jal zero, 2748


mem[X,0x8002B884] -> 0xA023
mem[X,0x8002B886] -> 0x6E20
[4342] [M]: 0x8002B884 (0x6E20A023) sw sp, 1760(ra)
mem[0x80039848] <- 0x00000001


mem[X,0x8002B888] -> 0x0513
mem[X,0x8002B88A] -> 0x0040
[4343] [M]: 0x8002B888 (0x00400513) addi a0, zero, 4
x10 <- 0x00000004


mem[X,0x8002B88C] -> 0x65B7
mem[X,0x8002B88E] -> 0x6666
[4344] [M]: 0x8002B88C (0x666665B7) lui a1, 419430
x11 <- 0x66666000


mem[X,0x8002B890] -> 0x8593
mem[X,0x8002B892] -> 0x6655
[4345] [M]: 0x8002B890 (0x66558593) addi a1, a1, 1637
x11 <- 0x66666665


mem[X,0x8002B894] -> 0x0113
mem[X,0x8002B896] -> 0x0000
[4346] [M]: 0x8002B894 (0x00000113) addi sp, zero, 0
x2 <- 0x00000000


mem[X,0x8002B898] -> 0x006F
mem[X,0x8002B89A] -> 0x00C0
[4347] [M]: 0x8002B898 (0x00C0006F) jal zero, 12


mem[X,0x8002B8A4] -> 0x4663
mem[X,0x8002B8A6] -> 0x00B5
[4348] [M]: 0x8002B8A4 (0x00B54663) blt a0, a1, 12


mem[X,0x8002B8B0] -> 0x0113
mem[X,0x8002B8B2] -> 0x0031
[4349] [M]: 0x8002B8B0 (0x00310113) addi sp, sp, 3
x2 <- 0x00000003


mem[X,0x8002B8B4] -> 0x006F
mem[X,0x8002B8B6] -> 0x0040
[4350] [M]: 0x8002B8B4 (0x0040006F) jal zero, 4


mem[X,0x8002B8B8] -> 0xA223
mem[X,0x8002B8BA] -> 0x6E20
[4351] [M]: 0x8002B8B8 (0x6E20A223) sw sp, 1764(ra)
mem[0x8003984C] <- 0x00000003


mem[X,0x8002B8BC] -> 0x0513
mem[X,0x8002B8BE] -> 0x0040
[4352] [M]: 0x8002B8BC (0x00400513) addi a0, zero, 4
x10 <- 0x00000004


mem[X,0x8002B8C0] -> 0xB5B7
mem[X,0x8002B8C2] -> 0x0000
[4353] [M]: 0x8002B8C0 (0x0000B5B7) lui a1, 11
x11 <- 0x0000B000


mem[X,0x8002B8C4] -> 0x8593
mem[X,0x8002B8C6] -> 0x5035
[4354] [M]: 0x8002B8C4 (0x50358593) addi a1, a1, 1283
x11 <- 0x0000B503


mem[X,0x8002B8C8] -> 0x0113
mem[X,0x8002B8CA] -> 0x0000
[4355] [M]: 0x8002B8C8 (0x00000113) addi sp, zero, 0
x2 <- 0x00000000


mem[X,0x8002B8CC] -> 0x006F
mem[X,0x8002B8CE] -> 0x00C0
[4356] [M]: 0x8002B8CC (0x00C0006F) jal zero, 12


mem[X,0x8002B8D8] -> 0x4063
mem[X,0x8002B8DA] -> 0x04B5
[4357] [M]: 0x8002B8D8 (0x04B54063) blt a0, a1, 64


mem[X,0x8002B918] -> 0x0113
mem[X,0x8002B91A] -> 0x0031
[4358] [M]: 0x8002B918 (0x00310113) addi sp, sp, 3
x2 <- 0x00000003


mem[X,0x8002B91C] -> 0x006F
mem[X,0x8002B91E] -> 0x0040
[4359] [M]: 0x8002B91C (0x0040006F) jal zero, 4


mem[X,0x8002B920] -> 0xA423
mem[X,0x8002B922] -> 0x6E20
[4360] [M]: 0x8002B920 (0x6E20A423) sw sp, 1768(ra)
mem[0x80039850] <- 0x00000003


mem[X,0x8002B924] -> 0x0513
mem[X,0x8002B926] -> 0x0040
[4361] [M]: 0x8002B924 (0x00400513) addi a0, zero, 4
x10 <- 0x00000004


mem[X,0x8002B928] -> 0x55B7
mem[X,0x8002B92A] -> 0x5555
[4362] [M]: 0x8002B928 (0x555555B7) lui a1, 349525
x11 <- 0x55555000


mem[X,0x8002B92C] -> 0x8593
mem[X,0x8002B92E] -> 0x5565
[4363] [M]: 0x8002B92C (0x55658593) addi a1, a1, 1366
x11 <- 0x55555556


mem[X,0x8002B930] -> 0x0113
mem[X,0x8002B932] -> 0x0000
[4364] [M]: 0x8002B930 (0x00000113) addi sp, zero, 0
x2 <- 0x00000000


mem[X,0x8002B934] -> 0x006F
mem[X,0x8002B936] -> 0x00C0
[4365] [M]: 0x8002B934 (0x00C0006F) jal zero, 12


mem[X,0x8002B940] -> 0x4063
mem[X,0x8002B942] -> 0x08B5
[4366] [M]: 0x8002B940 (0x08B54063) blt a0, a1, 128


mem[X,0x8002B9C0] -> 0x0113
mem[X,0x8002B9C2] -> 0x0031
[4367] [M]: 0x8002B9C0 (0x00310113) addi sp, sp, 3
x2 <- 0x00000003


mem[X,0x8002B9C4] -> 0x006F
mem[X,0x8002B9C6] -> 0x0040
[4368] [M]: 0x8002B9C4 (0x0040006F) jal zero, 4


mem[X,0x8002B9C8] -> 0xA623
mem[X,0x8002B9CA] -> 0x6E20
[4369] [M]: 0x8002B9C8 (0x6E20A623) sw sp, 1772(ra)
mem[0x80039854] <- 0x00000003


mem[X,0x8002B9CC] -> 0x0513
mem[X,0x8002B9CE] -> 0x0040
[4370] [M]: 0x8002B9CC (0x00400513) addi a0, zero, 4
x10 <- 0x00000004


mem[X,0x8002B9D0] -> 0xB5B7
mem[X,0x8002B9D2] -> 0xAAAA
[4371] [M]: 0x8002B9D0 (0xAAAAB5B7) lui a1, 699051
x11 <- 0xAAAAB000


mem[X,0x8002B9D4] -> 0x8593
mem[X,0x8002B9D6] -> 0xAAB5
[4372] [M]: 0x8002B9D4 (0xAAB58593) addi a1, a1, 2731
x11 <- 0xAAAAAAAB


mem[X,0x8002B9D8] -> 0x0113
mem[X,0x8002B9DA] -> 0x0000
[4373] [M]: 0x8002B9D8 (0x00000113) addi sp, zero, 0
x2 <- 0x00000000


mem[X,0x8002B9DC] -> 0x006F
mem[X,0x8002B9DE] -> 0x00C0
[4374] [M]: 0x8002B9DC (0x00C0006F) jal zero, 12


mem[X,0x8002B9E8] -> 0x4863
mem[X,0x8002B9EA] -> 0x00B5
[4375] [M]: 0x8002B9E8 (0x00B54863) blt a0, a1, 16


mem[X,0x8002B9EC] -> 0x0113
mem[X,0x8002B9EE] -> 0x0021
[4376] [M]: 0x8002B9EC (0x00210113) addi sp, sp, 2
x2 <- 0x00000002


mem[X,0x8002B9F0] -> 0x006F
mem[X,0x8002B9F2] -> 0x0100
[4377] [M]: 0x8002B9F0 (0x0100006F) jal zero, 16


mem[X,0x8002BA00] -> 0xA823
mem[X,0x8002BA02] -> 0x6E20
[4378] [M]: 0x8002BA00 (0x6E20A823) sw sp, 1776(ra)
mem[0x80039858] <- 0x00000002


mem[X,0x8002BA04] -> 0x0513
mem[X,0x8002BA06] -> 0x0040
[4379] [M]: 0x8002BA04 (0x00400513) addi a0, zero, 4
x10 <- 0x00000004


mem[X,0x8002BA08] -> 0x0593
mem[X,0x8002BA0A] -> 0x0060
[4380] [M]: 0x8002BA08 (0x00600593) addi a1, zero, 6
x11 <- 0x00000006


mem[X,0x8002BA0C] -> 0x0113
mem[X,0x8002BA0E] -> 0x0000
[4381] [M]: 0x8002BA0C (0x00000113) addi sp, zero, 0
x2 <- 0x00000000


mem[X,0x8002BA10] -> 0x006F
mem[X,0x8002BA12] -> 0x00C0
[4382] [M]: 0x8002BA10 (0x00C0006F) jal zero, 12


mem[X,0x8002BA1C] -> 0x4063
mem[X,0x8002BA1E] -> 0x04B5
[4383] [M]: 0x8002BA1C (0x04B54063) blt a0, a1, 64


mem[X,0x8002BA5C] -> 0x0113
mem[X,0x8002BA5E] -> 0x0031
[4384] [M]: 0x8002BA5C (0x00310113) addi sp, sp, 3
x2 <- 0x00000003


mem[X,0x8002BA60] -> 0x006F
mem[X,0x8002BA62] -> 0x0040
[4385] [M]: 0x8002BA60 (0x0040006F) jal zero, 4


mem[X,0x8002BA64] -> 0xAA23
mem[X,0x8002BA66] -> 0x6E20
[4386] [M]: 0x8002BA64 (0x6E20AA23) sw sp, 1780(ra)
mem[0x8003985C] <- 0x00000003


mem[X,0x8002BA68] -> 0x0513
mem[X,0x8002BA6A] -> 0x0040
[4387] [M]: 0x8002BA68 (0x00400513) addi a0, zero, 4
x10 <- 0x00000004


mem[X,0x8002BA6C] -> 0x35B7
mem[X,0x8002BA6E] -> 0x3333
[4388] [M]: 0x8002BA6C (0x333335B7) lui a1, 209715
x11 <- 0x33333000


mem[X,0x8002BA70] -> 0x8593
mem[X,0x8002BA72] -> 0x3345
[4389] [M]: 0x8002BA70 (0x33458593) addi a1, a1, 820
x11 <- 0x33333334


mem[X,0x8002BA74] -> 0x0113
mem[X,0x8002BA76] -> 0x0000
[4390] [M]: 0x8002BA74 (0x00000113) addi sp, zero, 0
x2 <- 0x00000000


mem[X,0x8002BA78] -> 0x006F
mem[X,0x8002BA7A] -> 0x00C0
[4391] [M]: 0x8002BA78 (0x00C0006F) jal zero, 12


mem[X,0x8002BA84] -> 0x4063
mem[X,0x8002BA86] -> 0x20B5
[4392] [M]: 0x8002BA84 (0x20B54063) blt a0, a1, 512


mem[X,0x8002BC84] -> 0x0113
mem[X,0x8002BC86] -> 0x0031
[4393] [M]: 0x8002BC84 (0x00310113) addi sp, sp, 3
x2 <- 0x00000003


mem[X,0x8002BC88] -> 0x006F
mem[X,0x8002BC8A] -> 0x0040
[4394] [M]: 0x8002BC88 (0x0040006F) jal zero, 4


mem[X,0x8002BC8C] -> 0xAC23
mem[X,0x8002BC8E] -> 0x6E20
[4395] [M]: 0x8002BC8C (0x6E20AC23) sw sp, 1784(ra)
mem[0x80039860] <- 0x00000003


mem[X,0x8002BC90] -> 0x0513
mem[X,0x8002BC92] -> 0x0040
[4396] [M]: 0x8002BC90 (0x00400513) addi a0, zero, 4
x10 <- 0x00000004


mem[X,0x8002BC94] -> 0x65B7
mem[X,0x8002BC96] -> 0x6666
[4397] [M]: 0x8002BC94 (0x666665B7) lui a1, 419430
x11 <- 0x66666000


mem[X,0x8002BC98] -> 0x8593
mem[X,0x8002BC9A] -> 0x6675
[4398] [M]: 0x8002BC98 (0x66758593) addi a1, a1, 1639
x11 <- 0x66666667


mem[X,0x8002BC9C] -> 0x0113
mem[X,0x8002BC9E] -> 0x0000
[4399] [M]: 0x8002BC9C (0x00000113) addi sp, zero, 0
x2 <- 0x00000000


clint::tick mtime <- 0x000000000000002C
 clint timer pending at mtime 0x000000000000002C
htif::tick 0x0000000000000000
mem[X,0x8002BCA0] -> 0x006F
mem[X,0x8002BCA2] -> 0x0140
[4400] [M]: 0x8002BCA0 (0x0140006F) jal zero, 20


mem[X,0x8002BCB4] -> 0x48E3
mem[X,0x8002BCB6] -> 0xFEB5
[4401] [M]: 0x8002BCB4 (0xFEB548E3) blt a0, a1, 8176


mem[X,0x8002BCA4] -> 0x0113
mem[X,0x8002BCA6] -> 0x0011
[4402] [M]: 0x8002BCA4 (0x00110113) addi sp, sp, 1
x2 <- 0x00000001


mem[X,0x8002BCA8] -> 0x006F
mem[X,0x8002BCAA] -> 0x0200
[4403] [M]: 0x8002BCA8 (0x0200006F) jal zero, 32


mem[X,0x8002BCC8] -> 0xAE23
mem[X,0x8002BCCA] -> 0x6E20
[4404] [M]: 0x8002BCC8 (0x6E20AE23) sw sp, 1788(ra)
mem[0x80039864] <- 0x00000001


mem[X,0x8002BCCC] -> 0x0513
mem[X,0x8002BCCE] -> 0x0040
[4405] [M]: 0x8002BCCC (0x00400513) addi a0, zero, 4
x10 <- 0x00000004


mem[X,0x8002BCD0] -> 0x55B7
mem[X,0x8002BCD2] -> 0xFFFF
[4406] [M]: 0x8002BCD0 (0xFFFF55B7) lui a1, 1048565
x11 <- 0xFFFF5000


mem[X,0x8002BCD4] -> 0x8593
mem[X,0x8002BCD6] -> 0xAFD5
[4407] [M]: 0x8002BCD4 (0xAFD58593) addi a1, a1, 2813
x11 <- 0xFFFF4AFD


mem[X,0x8002BCD8] -> 0x0113
mem[X,0x8002BCDA] -> 0x0000
[4408] [M]: 0x8002BCD8 (0x00000113) addi sp, zero, 0
x2 <- 0x00000000


mem[X,0x8002BCDC] -> 0x006F
mem[X,0x8002BCDE] -> 0x00C0
[4409] [M]: 0x8002BCDC (0x00C0006F) jal zero, 12


mem[X,0x8002BCE8] -> 0x4CE3
mem[X,0x8002BCEA] -> 0xFEB5
[4410] [M]: 0x8002BCE8 (0xFEB54CE3) blt a0, a1, 8184


mem[X,0x8002BCEC] -> 0x0113
mem[X,0x8002BCEE] -> 0x0021
[4411] [M]: 0x8002BCEC (0x00210113) addi sp, sp, 2
x2 <- 0x00000002


mem[X,0x8002BCF0] -> 0x006F
mem[X,0x8002BCF2] -> 0x00C0
[4412] [M]: 0x8002BCF0 (0x00C0006F) jal zero, 12


mem[X,0x8002BCFC] -> 0xA023
mem[X,0x8002BCFE] -> 0x7020
[4413] [M]: 0x8002BCFC (0x7020A023) sw sp, 1792(ra)
mem[0x80039868] <- 0x00000002


mem[X,0x8002BD00] -> 0x0513
mem[X,0x8002BD02] -> 0x0040
[4414] [M]: 0x8002BD00 (0x00400513) addi a0, zero, 4
x10 <- 0x00000004


mem[X,0x8002BD04] -> 0xB5B7
mem[X,0x8002BD06] -> 0x0000
[4415] [M]: 0x8002BD04 (0x0000B5B7) lui a1, 11
x11 <- 0x0000B000


mem[X,0x8002BD08] -> 0x8593
mem[X,0x8002BD0A] -> 0x5055
[4416] [M]: 0x8002BD08 (0x50558593) addi a1, a1, 1285
x11 <- 0x0000B505


mem[X,0x8002BD0C] -> 0x0113
mem[X,0x8002BD0E] -> 0x0000
[4417] [M]: 0x8002BD0C (0x00000113) addi sp, zero, 0
x2 <- 0x00000000


mem[X,0x8002BD10] -> 0x006F
mem[X,0x8002BD12] -> 0x00C0
[4418] [M]: 0x8002BD10 (0x00C0006F) jal zero, 12


mem[X,0x8002BD1C] -> 0x4663
mem[X,0x8002BD1E] -> 0x00B5
[4419] [M]: 0x8002BD1C (0x00B54663) blt a0, a1, 12


mem[X,0x8002BD28] -> 0x0113
mem[X,0x8002BD2A] -> 0x0031
[4420] [M]: 0x8002BD28 (0x00310113) addi sp, sp, 3
x2 <- 0x00000003


mem[X,0x8002BD2C] -> 0x006F
mem[X,0x8002BD2E] -> 0x0040
[4421] [M]: 0x8002BD2C (0x0040006F) jal zero, 4


mem[X,0x8002BD30] -> 0xA223
mem[X,0x8002BD32] -> 0x7020
[4422] [M]: 0x8002BD30 (0x7020A223) sw sp, 1796(ra)
mem[0x8003986C] <- 0x00000003


mem[X,0x8002BD34] -> 0x3537
mem[X,0x8002BD36] -> 0x3333
[4423] [M]: 0x8002BD34 (0x33333537) lui a0, 209715
x10 <- 0x33333000


mem[X,0x8002BD38] -> 0x0513
mem[X,0x8002BD3A] -> 0x3325
[4424] [M]: 0x8002BD38 (0x33250513) addi a0, a0, 818
x10 <- 0x33333332


mem[X,0x8002BD3C] -> 0x0593
mem[X,0x8002BD3E] -> 0x0030
[4425] [M]: 0x8002BD3C (0x00300593) addi a1, zero, 3
x11 <- 0x00000003


mem[X,0x8002BD40] -> 0x0113
mem[X,0x8002BD42] -> 0x0000
[4426] [M]: 0x8002BD40 (0x00000113) addi sp, zero, 0
x2 <- 0x00000000


mem[X,0x8002BD44] -> 0x006F
mem[X,0x8002BD46] -> 0x00C0
[4427] [M]: 0x8002BD44 (0x00C0006F) jal zero, 12


mem[X,0x8002BD50] -> 0x4663
mem[X,0x8002BD52] -> 0x00B5
[4428] [M]: 0x8002BD50 (0x00B54663) blt a0, a1, 12


mem[X,0x8002BD54] -> 0x0113
mem[X,0x8002BD56] -> 0x0021
[4429] [M]: 0x8002BD54 (0x00210113) addi sp, sp, 2
x2 <- 0x00000002


mem[X,0x8002BD58] -> 0x006F
mem[X,0x8002BD5A] -> 0x00C0
[4430] [M]: 0x8002BD58 (0x00C0006F) jal zero, 12


mem[X,0x8002BD64] -> 0xA423
mem[X,0x8002BD66] -> 0x7020
[4431] [M]: 0x8002BD64 (0x7020A423) sw sp, 1800(ra)
mem[0x80039870] <- 0x00000002


mem[X,0x8002BD68] -> 0x3537
mem[X,0x8002BD6A] -> 0x3333
[4432] [M]: 0x8002BD68 (0x33333537) lui a0, 209715
x10 <- 0x33333000


mem[X,0x8002BD6C] -> 0x0513
mem[X,0x8002BD6E] -> 0x3325
[4433] [M]: 0x8002BD6C (0x33250513) addi a0, a0, 818
x10 <- 0x33333332


mem[X,0x8002BD70] -> 0x55B7
mem[X,0x8002BD72] -> 0x5555
[4434] [M]: 0x8002BD70 (0x555555B7) lui a1, 349525
x11 <- 0x55555000


mem[X,0x8002BD74] -> 0x8593
mem[X,0x8002BD76] -> 0x5555
[4435] [M]: 0x8002BD74 (0x55558593) addi a1, a1, 1365
x11 <- 0x55555555


mem[X,0x8002BD78] -> 0x0113
mem[X,0x8002BD7A] -> 0x0000
[4436] [M]: 0x8002BD78 (0x00000113) addi sp, zero, 0
x2 <- 0x00000000


mem[X,0x8002BD7C] -> 0x006F
mem[X,0x8002BD7E] -> 0x00C0
[4437] [M]: 0x8002BD7C (0x00C0006F) jal zero, 12


mem[X,0x8002BD88] -> 0x4863
mem[X,0x8002BD8A] -> 0x00B5
[4438] [M]: 0x8002BD88 (0x00B54863) blt a0, a1, 16


mem[X,0x8002BD98] -> 0x0113
mem[X,0x8002BD9A] -> 0x0031
[4439] [M]: 0x8002BD98 (0x00310113) addi sp, sp, 3
x2 <- 0x00000003


mem[X,0x8002BD9C] -> 0x006F
mem[X,0x8002BD9E] -> 0x0040
[4440] [M]: 0x8002BD9C (0x0040006F) jal zero, 4


mem[X,0x8002BDA0] -> 0xA623
mem[X,0x8002BDA2] -> 0x7020
[4441] [M]: 0x8002BDA0 (0x7020A623) sw sp, 1804(ra)
mem[0x80039874] <- 0x00000003


mem[X,0x8002BDA4] -> 0x3537
mem[X,0x8002BDA6] -> 0x3333
[4442] [M]: 0x8002BDA4 (0x33333537) lui a0, 209715
x10 <- 0x33333000


mem[X,0x8002BDA8] -> 0x0513
mem[X,0x8002BDAA] -> 0x3325
[4443] [M]: 0x8002BDA8 (0x33250513) addi a0, a0, 818
x10 <- 0x33333332


mem[X,0x8002BDAC] -> 0xB5B7
mem[X,0x8002BDAE] -> 0xAAAA
[4444] [M]: 0x8002BDAC (0xAAAAB5B7) lui a1, 699051
x11 <- 0xAAAAB000


mem[X,0x8002BDB0] -> 0x8593
mem[X,0x8002BDB2] -> 0xAAA5
[4445] [M]: 0x8002BDB0 (0xAAA58593) addi a1, a1, 2730
x11 <- 0xAAAAAAAA


mem[X,0x8002BDB4] -> 0x0113
mem[X,0x8002BDB6] -> 0x0000
[4446] [M]: 0x8002BDB4 (0x00000113) addi sp, zero, 0
x2 <- 0x00000000


mem[X,0x8002BDB8] -> 0x006F
mem[X,0x8002BDBA] -> 0x00C0
[4447] [M]: 0x8002BDB8 (0x00C0006F) jal zero, 12


mem[X,0x8002BDC4] -> 0x4063
mem[X,0x8002BDC6] -> 0x02B5
[4448] [M]: 0x8002BDC4 (0x02B54063) blt a0, a1, 32


mem[X,0x8002BDC8] -> 0x0113
mem[X,0x8002BDCA] -> 0x0021
[4449] [M]: 0x8002BDC8 (0x00210113) addi sp, sp, 2
x2 <- 0x00000002


mem[X,0x8002BDCC] -> 0x006F
mem[X,0x8002BDCE] -> 0x0200
[4450] [M]: 0x8002BDCC (0x0200006F) jal zero, 32


mem[X,0x8002BDEC] -> 0xA823
mem[X,0x8002BDEE] -> 0x7020
[4451] [M]: 0x8002BDEC (0x7020A823) sw sp, 1808(ra)
mem[0x80039878] <- 0x00000002


mem[X,0x8002BDF0] -> 0x3537
mem[X,0x8002BDF2] -> 0x3333
[4452] [M]: 0x8002BDF0 (0x33333537) lui a0, 209715
x10 <- 0x33333000


mem[X,0x8002BDF4] -> 0x0513
mem[X,0x8002BDF6] -> 0x3325
[4453] [M]: 0x8002BDF4 (0x33250513) addi a0, a0, 818
x10 <- 0x33333332


mem[X,0x8002BDF8] -> 0x0593
mem[X,0x8002BDFA] -> 0x0050
[4454] [M]: 0x8002BDF8 (0x00500593) addi a1, zero, 5
x11 <- 0x00000005


mem[X,0x8002BDFC] -> 0x0113
mem[X,0x8002BDFE] -> 0x0000
[4455] [M]: 0x8002BDFC (0x00000113) addi sp, zero, 0
x2 <- 0x00000000


mem[X,0x8002BE00] -> 0x006F
mem[X,0x8002BE02] -> 0x0100
[4456] [M]: 0x8002BE00 (0x0100006F) jal zero, 16


mem[X,0x8002BE10] -> 0x4AE3
mem[X,0x8002BE12] -> 0xFEB5
[4457] [M]: 0x8002BE10 (0xFEB54AE3) blt a0, a1, 8180


mem[X,0x8002BE14] -> 0x0113
mem[X,0x8002BE16] -> 0x0021
[4458] [M]: 0x8002BE14 (0x00210113) addi sp, sp, 2
x2 <- 0x00000002


mem[X,0x8002BE18] -> 0x006F
mem[X,0x8002BE1A] -> 0x00C0
[4459] [M]: 0x8002BE18 (0x00C0006F) jal zero, 12


mem[X,0x8002BE24] -> 0xAA23
mem[X,0x8002BE26] -> 0x7020
[4460] [M]: 0x8002BE24 (0x7020AA23) sw sp, 1812(ra)
mem[0x8003987C] <- 0x00000002


mem[X,0x8002BE28] -> 0x3537
mem[X,0x8002BE2A] -> 0x3333
[4461] [M]: 0x8002BE28 (0x33333537) lui a0, 209715
x10 <- 0x33333000


mem[X,0x8002BE2C] -> 0x0513
mem[X,0x8002BE2E] -> 0x3325
[4462] [M]: 0x8002BE2C (0x33250513) addi a0, a0, 818
x10 <- 0x33333332


mem[X,0x8002BE30] -> 0x35B7
mem[X,0x8002BE32] -> 0x3333
[4463] [M]: 0x8002BE30 (0x333335B7) lui a1, 209715
x11 <- 0x33333000


mem[X,0x8002BE34] -> 0x8593
mem[X,0x8002BE36] -> 0x3335
[4464] [M]: 0x8002BE34 (0x33358593) addi a1, a1, 819
x11 <- 0x33333333


mem[X,0x8002BE38] -> 0x0113
mem[X,0x8002BE3A] -> 0x0000
[4465] [M]: 0x8002BE38 (0x00000113) addi sp, zero, 0
x2 <- 0x00000000


mem[X,0x8002BE3C] -> 0x006F
mem[X,0x8002BE3E] -> 0x00C0
[4466] [M]: 0x8002BE3C (0x00C0006F) jal zero, 12


mem[X,0x8002BE48] -> 0x4CE3
mem[X,0x8002BE4A] -> 0xFEB5
[4467] [M]: 0x8002BE48 (0xFEB54CE3) blt a0, a1, 8184


mem[X,0x8002BE40] -> 0x0113
mem[X,0x8002BE42] -> 0x0011
[4468] [M]: 0x8002BE40 (0x00110113) addi sp, sp, 1
x2 <- 0x00000001


mem[X,0x8002BE44] -> 0x006F
mem[X,0x8002BE46] -> 0x0180
[4469] [M]: 0x8002BE44 (0x0180006F) jal zero, 24


mem[X,0x8002BE5C] -> 0xAC23
mem[X,0x8002BE5E] -> 0x7020
[4470] [M]: 0x8002BE5C (0x7020AC23) sw sp, 1816(ra)
mem[0x80039880] <- 0x00000001


mem[X,0x8002BE60] -> 0x3537
mem[X,0x8002BE62] -> 0x3333
[4471] [M]: 0x8002BE60 (0x33333537) lui a0, 209715
x10 <- 0x33333000


mem[X,0x8002BE64] -> 0x0513
mem[X,0x8002BE66] -> 0x3325
[4472] [M]: 0x8002BE64 (0x33250513) addi a0, a0, 818
x10 <- 0x33333332


mem[X,0x8002BE68] -> 0x65B7
mem[X,0x8002BE6A] -> 0x6666
[4473] [M]: 0x8002BE68 (0x666665B7) lui a1, 419430
x11 <- 0x66666000


mem[X,0x8002BE6C] -> 0x8593
mem[X,0x8002BE6E] -> 0x6665
[4474] [M]: 0x8002BE6C (0x66658593) addi a1, a1, 1638
x11 <- 0x66666666


mem[X,0x8002BE70] -> 0x0113
mem[X,0x8002BE72] -> 0x0000
[4475] [M]: 0x8002BE70 (0x00000113) addi sp, zero, 0
x2 <- 0x00000000


mem[X,0x8002BE74] -> 0x006F
mem[X,0x8002BE76] -> 0x00C0
[4476] [M]: 0x8002BE74 (0x00C0006F) jal zero, 12


mem[X,0x8002BE80] -> 0x4663
mem[X,0x8002BE82] -> 0x00B5
[4477] [M]: 0x8002BE80 (0x00B54663) blt a0, a1, 12


mem[X,0x8002BE8C] -> 0x0113
mem[X,0x8002BE8E] -> 0x0031
[4478] [M]: 0x8002BE8C (0x00310113) addi sp, sp, 3
x2 <- 0x00000003


mem[X,0x8002BE90] -> 0x006F
mem[X,0x8002BE92] -> 0x0040
[4479] [M]: 0x8002BE90 (0x0040006F) jal zero, 4


mem[X,0x8002BE94] -> 0xAE23
mem[X,0x8002BE96] -> 0x7020
[4480] [M]: 0x8002BE94 (0x7020AE23) sw sp, 1820(ra)
mem[0x80039884] <- 0x00000003


mem[X,0x8002BE98] -> 0x3537
mem[X,0x8002BE9A] -> 0x3333
[4481] [M]: 0x8002BE98 (0x33333537) lui a0, 209715
x10 <- 0x33333000


mem[X,0x8002BE9C] -> 0x0513
mem[X,0x8002BE9E] -> 0x3325
[4482] [M]: 0x8002BE9C (0x33250513) addi a0, a0, 818
x10 <- 0x33333332


mem[X,0x8002BEA0] -> 0x55B7
mem[X,0x8002BEA2] -> 0xFFFF
[4483] [M]: 0x8002BEA0 (0xFFFF55B7) lui a1, 1048565
x11 <- 0xFFFF5000


mem[X,0x8002BEA4] -> 0x8593
mem[X,0x8002BEA6] -> 0xAFC5
[4484] [M]: 0x8002BEA4 (0xAFC58593) addi a1, a1, 2812
x11 <- 0xFFFF4AFC


mem[X,0x8002BEA8] -> 0x0113
mem[X,0x8002BEAA] -> 0x0000
[4485] [M]: 0x8002BEA8 (0x00000113) addi sp, zero, 0
x2 <- 0x00000000


mem[X,0x8002BEAC] -> 0x006F
mem[X,0x8002BEAE] -> 0x00C0
[4486] [M]: 0x8002BEAC (0x00C0006F) jal zero, 12


mem[X,0x8002BEB8] -> 0x4CE3
mem[X,0x8002BEBA] -> 0xFEB5
[4487] [M]: 0x8002BEB8 (0xFEB54CE3) blt a0, a1, 8184


mem[X,0x8002BEBC] -> 0x0113
mem[X,0x8002BEBE] -> 0x0021
[4488] [M]: 0x8002BEBC (0x00210113) addi sp, sp, 2
x2 <- 0x00000002


mem[X,0x8002BEC0] -> 0x006F
mem[X,0x8002BEC2] -> 0x00C0
[4489] [M]: 0x8002BEC0 (0x00C0006F) jal zero, 12


mem[X,0x8002BECC] -> 0xA023
mem[X,0x8002BECE] -> 0x7220
[4490] [M]: 0x8002BECC (0x7220A023) sw sp, 1824(ra)
mem[0x80039888] <- 0x00000002


mem[X,0x8002BED0] -> 0x3537
mem[X,0x8002BED2] -> 0x3333
[4491] [M]: 0x8002BED0 (0x33333537) lui a0, 209715
x10 <- 0x33333000


mem[X,0x8002BED4] -> 0x0513
mem[X,0x8002BED6] -> 0x3325
[4492] [M]: 0x8002BED4 (0x33250513) addi a0, a0, 818
x10 <- 0x33333332


mem[X,0x8002BED8] -> 0xB5B7
mem[X,0x8002BEDA] -> 0x0000
[4493] [M]: 0x8002BED8 (0x0000B5B7) lui a1, 11
x11 <- 0x0000B000


mem[X,0x8002BEDC] -> 0x8593
mem[X,0x8002BEDE] -> 0x5045
[4494] [M]: 0x8002BEDC (0x50458593) addi a1, a1, 1284
x11 <- 0x0000B504


mem[X,0x8002BEE0] -> 0x0113
mem[X,0x8002BEE2] -> 0x0000
[4495] [M]: 0x8002BEE0 (0x00000113) addi sp, zero, 0
x2 <- 0x00000000


mem[X,0x8002BEE4] -> 0x006F
mem[X,0x8002BEE6] -> 0x00C0
[4496] [M]: 0x8002BEE4 (0x00C0006F) jal zero, 12


mem[X,0x8002BEF0] -> 0x4CE3
mem[X,0x8002BEF2] -> 0xFEB5
[4497] [M]: 0x8002BEF0 (0xFEB54CE3) blt a0, a1, 8184


mem[X,0x8002BEF4] -> 0x0113
mem[X,0x8002BEF6] -> 0x0021
[4498] [M]: 0x8002BEF4 (0x00210113) addi sp, sp, 2
x2 <- 0x00000002


mem[X,0x8002BEF8] -> 0x006F
mem[X,0x8002BEFA] -> 0x00C0
[4499] [M]: 0x8002BEF8 (0x00C0006F) jal zero, 12


clint::tick mtime <- 0x000000000000002D
 clint timer pending at mtime 0x000000000000002D
htif::tick 0x0000000000000000
mem[X,0x8002BF04] -> 0xA223
mem[X,0x8002BF06] -> 0x7220
[4500] [M]: 0x8002BF04 (0x7220A223) sw sp, 1828(ra)
mem[0x8003988C] <- 0x00000002


mem[X,0x8002BF08] -> 0x3537
mem[X,0x8002BF0A] -> 0x3333
[4501] [M]: 0x8002BF08 (0x33333537) lui a0, 209715
x10 <- 0x33333000


mem[X,0x8002BF0C] -> 0x0513
mem[X,0x8002BF0E] -> 0x3325
[4502] [M]: 0x8002BF0C (0x33250513) addi a0, a0, 818
x10 <- 0x33333332


mem[X,0x8002BF10] -> 0x0593
mem[X,0x8002BF12] -> 0x0020
[4503] [M]: 0x8002BF10 (0x00200593) addi a1, zero, 2
x11 <- 0x00000002


mem[X,0x8002BF14] -> 0x0113
mem[X,0x8002BF16] -> 0x0000
[4504] [M]: 0x8002BF14 (0x00000113) addi sp, zero, 0
x2 <- 0x00000000


mem[X,0x8002BF18] -> 0x006F
mem[X,0x8002BF1A] -> 0x00C0
[4505] [M]: 0x8002BF18 (0x00C0006F) jal zero, 12


mem[X,0x8002BF24] -> 0x4063
mem[X,0x8002BF26] -> 0x20B5
[4506] [M]: 0x8002BF24 (0x20B54063) blt a0, a1, 512


mem[X,0x8002BF28] -> 0x0113
mem[X,0x8002BF2A] -> 0x0021
[4507] [M]: 0x8002BF28 (0x00210113) addi sp, sp, 2
x2 <- 0x00000002


mem[X,0x8002BF2C] -> 0x006F
mem[X,0x8002BF2E] -> 0x2000
[4508] [M]: 0x8002BF2C (0x2000006F) jal zero, 512


mem[X,0x8002C12C] -> 0xA423
mem[X,0x8002C12E] -> 0x7220
[4509] [M]: 0x8002C12C (0x7220A423) sw sp, 1832(ra)
mem[0x80039890] <- 0x00000002


mem[X,0x8002C130] -> 0x3537
mem[X,0x8002C132] -> 0x3333
[4510] [M]: 0x8002C130 (0x33333537) lui a0, 209715
x10 <- 0x33333000


mem[X,0x8002C134] -> 0x0513
mem[X,0x8002C136] -> 0x3325
[4511] [M]: 0x8002C134 (0x33250513) addi a0, a0, 818
x10 <- 0x33333332


mem[X,0x8002C138] -> 0x55B7
mem[X,0x8002C13A] -> 0x5555
[4512] [M]: 0x8002C138 (0x555555B7) lui a1, 349525
x11 <- 0x55555000


mem[X,0x8002C13C] -> 0x8593
mem[X,0x8002C13E] -> 0x5545
[4513] [M]: 0x8002C13C (0x55458593) addi a1, a1, 1364
x11 <- 0x55555554


mem[X,0x8002C140] -> 0x0113
mem[X,0x8002C142] -> 0x0000
[4514] [M]: 0x8002C140 (0x00000113) addi sp, zero, 0
x2 <- 0x00000000


mem[X,0x8002C144] -> 0x006F
mem[X,0x8002C146] -> 0x00C0
[4515] [M]: 0x8002C144 (0x00C0006F) jal zero, 12


mem[X,0x8002C150] -> 0x4063
mem[X,0x8002C152] -> 0x10B5
[4516] [M]: 0x8002C150 (0x10B54063) blt a0, a1, 256


mem[X,0x8002C250] -> 0x0113
mem[X,0x8002C252] -> 0x0031
[4517] [M]: 0x8002C250 (0x00310113) addi sp, sp, 3
x2 <- 0x00000003


mem[X,0x8002C254] -> 0x006F
mem[X,0x8002C256] -> 0x0040
[4518] [M]: 0x8002C254 (0x0040006F) jal zero, 4


mem[X,0x8002C258] -> 0xA623
mem[X,0x8002C25A] -> 0x7220
[4519] [M]: 0x8002C258 (0x7220A623) sw sp, 1836(ra)
mem[0x80039894] <- 0x00000003


mem[X,0x8002C25C] -> 0x3537
mem[X,0x8002C25E] -> 0x3333
[4520] [M]: 0x8002C25C (0x33333537) lui a0, 209715
x10 <- 0x33333000


mem[X,0x8002C260] -> 0x0513
mem[X,0x8002C262] -> 0x3325
[4521] [M]: 0x8002C260 (0x33250513) addi a0, a0, 818
x10 <- 0x33333332


mem[X,0x8002C264] -> 0x0593
mem[X,0x8002C266] -> 0x0000
[4522] [M]: 0x8002C264 (0x00000593) addi a1, zero, 0
x11 <- 0x00000000


mem[X,0x8002C268] -> 0x0113
mem[X,0x8002C26A] -> 0x0000
[4523] [M]: 0x8002C268 (0x00000113) addi sp, zero, 0
x2 <- 0x00000000


mem[X,0x8002C26C] -> 0x006F
mem[X,0x8002C26E] -> 0x00C0
[4524] [M]: 0x8002C26C (0x00C0006F) jal zero, 12


mem[X,0x8002C278] -> 0x4663
mem[X,0x8002C27A] -> 0x00B5
[4525] [M]: 0x8002C278 (0x00B54663) blt a0, a1, 12


mem[X,0x8002C27C] -> 0x0113
mem[X,0x8002C27E] -> 0x0021
[4526] [M]: 0x8002C27C (0x00210113) addi sp, sp, 2
x2 <- 0x00000002


mem[X,0x8002C280] -> 0x006F
mem[X,0x8002C282] -> 0x00C0
[4527] [M]: 0x8002C280 (0x00C0006F) jal zero, 12


mem[X,0x8002C28C] -> 0xA823
mem[X,0x8002C28E] -> 0x7220
[4528] [M]: 0x8002C28C (0x7220A823) sw sp, 1840(ra)
mem[0x80039898] <- 0x00000002


mem[X,0x8002C290] -> 0x3537
mem[X,0x8002C292] -> 0x3333
[4529] [M]: 0x8002C290 (0x33333537) lui a0, 209715
x10 <- 0x33333000


mem[X,0x8002C294] -> 0x0513
mem[X,0x8002C296] -> 0x3325
[4530] [M]: 0x8002C294 (0x33250513) addi a0, a0, 818
x10 <- 0x33333332


mem[X,0x8002C298] -> 0x0593
mem[X,0x8002C29A] -> 0x0040
[4531] [M]: 0x8002C298 (0x00400593) addi a1, zero, 4
x11 <- 0x00000004


mem[X,0x8002C29C] -> 0x0113
mem[X,0x8002C29E] -> 0x0000
[4532] [M]: 0x8002C29C (0x00000113) addi sp, zero, 0
x2 <- 0x00000000


mem[X,0x8002C2A0] -> 0x006F
mem[X,0x8002C2A2] -> 0x00C0
[4533] [M]: 0x8002C2A0 (0x00C0006F) jal zero, 12


mem[X,0x8002C2AC] -> 0x4663
mem[X,0x8002C2AE] -> 0x00B5
[4534] [M]: 0x8002C2AC (0x00B54663) blt a0, a1, 12


mem[X,0x8002C2B0] -> 0x0113
mem[X,0x8002C2B2] -> 0x0021
[4535] [M]: 0x8002C2B0 (0x00210113) addi sp, sp, 2
x2 <- 0x00000002


mem[X,0x8002C2B4] -> 0x006F
mem[X,0x8002C2B6] -> 0x00C0
[4536] [M]: 0x8002C2B4 (0x00C0006F) jal zero, 12


mem[X,0x8002C2C0] -> 0xAA23
mem[X,0x8002C2C2] -> 0x7220
[4537] [M]: 0x8002C2C0 (0x7220AA23) sw sp, 1844(ra)
mem[0x8003989C] <- 0x00000002


mem[X,0x8002C2C4] -> 0x3537
mem[X,0x8002C2C6] -> 0x3333
[4538] [M]: 0x8002C2C4 (0x33333537) lui a0, 209715
x10 <- 0x33333000


mem[X,0x8002C2C8] -> 0x0513
mem[X,0x8002C2CA] -> 0x3325
[4539] [M]: 0x8002C2C8 (0x33250513) addi a0, a0, 818
x10 <- 0x33333332


mem[X,0x8002C2CC] -> 0x35B7
mem[X,0x8002C2CE] -> 0x3333
[4540] [M]: 0x8002C2CC (0x333335B7) lui a1, 209715
x11 <- 0x33333000


mem[X,0x8002C2D0] -> 0x8593
mem[X,0x8002C2D2] -> 0x3325
[4541] [M]: 0x8002C2D0 (0x33258593) addi a1, a1, 818
x11 <- 0x33333332


mem[X,0x8002C2D4] -> 0x0113
mem[X,0x8002C2D6] -> 0x0000
[4542] [M]: 0x8002C2D4 (0x00000113) addi sp, zero, 0
x2 <- 0x00000000


mem[X,0x8002C2D8] -> 0x006F
mem[X,0x8002C2DA] -> 0x0050
[4543] [M]: 0x8002C2D8 (0x0050006F) jal zero, 2052


mem[X,0x8002CADC] -> 0x40E3
mem[X,0x8002CADE] -> 0x80B5
[4544] [M]: 0x8002CADC (0x80B540E3) blt a0, a1, 6144


mem[X,0x8002CAE0] -> 0x0113
mem[X,0x8002CAE2] -> 0x0021
[4545] [M]: 0x8002CAE0 (0x00210113) addi sp, sp, 2
x2 <- 0x00000002


mem[X,0x8002CAE4] -> 0x006F
mem[X,0x8002CAE6] -> 0x00C0
[4546] [M]: 0x8002CAE4 (0x00C0006F) jal zero, 12


mem[X,0x8002CAF0] -> 0xAC23
mem[X,0x8002CAF2] -> 0x7220
[4547] [M]: 0x8002CAF0 (0x7220AC23) sw sp, 1848(ra)
mem[0x800398A0] <- 0x00000002


mem[X,0x8002CAF4] -> 0x3537
mem[X,0x8002CAF6] -> 0x3333
[4548] [M]: 0x8002CAF4 (0x33333537) lui a0, 209715
x10 <- 0x33333000


mem[X,0x8002CAF8] -> 0x0513
mem[X,0x8002CAFA] -> 0x3325
[4549] [M]: 0x8002CAF8 (0x33250513) addi a0, a0, 818
x10 <- 0x33333332


mem[X,0x8002CAFC] -> 0x65B7
mem[X,0x8002CAFE] -> 0x6666
[4550] [M]: 0x8002CAFC (0x666665B7) lui a1, 419430
x11 <- 0x66666000


mem[X,0x8002CB00] -> 0x8593
mem[X,0x8002CB02] -> 0x6655
[4551] [M]: 0x8002CB00 (0x66558593) addi a1, a1, 1637
x11 <- 0x66666665


mem[X,0x8002CB04] -> 0x0113
mem[X,0x8002CB06] -> 0x0000
[4552] [M]: 0x8002CB04 (0x00000113) addi sp, zero, 0
x2 <- 0x00000000


mem[X,0x8002CB08] -> 0x006F
mem[X,0x8002CB0A] -> 0x00C0
[4553] [M]: 0x8002CB08 (0x00C0006F) jal zero, 12


mem[X,0x8002CB14] -> 0x4063
mem[X,0x8002CB16] -> 0x40B5
[4554] [M]: 0x8002CB14 (0x40B54063) blt a0, a1, 1024


mem[X,0x8002CF14] -> 0x0113
mem[X,0x8002CF16] -> 0x0031
[4555] [M]: 0x8002CF14 (0x00310113) addi sp, sp, 3
x2 <- 0x00000003


mem[X,0x8002CF18] -> 0x006F
mem[X,0x8002CF1A] -> 0x0040
[4556] [M]: 0x8002CF18 (0x0040006F) jal zero, 4


mem[X,0x8002CF1C] -> 0xAE23
mem[X,0x8002CF1E] -> 0x7220
[4557] [M]: 0x8002CF1C (0x7220AE23) sw sp, 1852(ra)
mem[0x800398A4] <- 0x00000003


mem[X,0x8002CF20] -> 0x3537
mem[X,0x8002CF22] -> 0x3333
[4558] [M]: 0x8002CF20 (0x33333537) lui a0, 209715
x10 <- 0x33333000


mem[X,0x8002CF24] -> 0x0513
mem[X,0x8002CF26] -> 0x3325
[4559] [M]: 0x8002CF24 (0x33250513) addi a0, a0, 818
x10 <- 0x33333332


mem[X,0x8002CF28] -> 0xB5B7
mem[X,0x8002CF2A] -> 0x0000
[4560] [M]: 0x8002CF28 (0x0000B5B7) lui a1, 11
x11 <- 0x0000B000


mem[X,0x8002CF2C] -> 0x8593
mem[X,0x8002CF2E] -> 0x5035
[4561] [M]: 0x8002CF2C (0x50358593) addi a1, a1, 1283
x11 <- 0x0000B503


mem[X,0x8002CF30] -> 0x0113
mem[X,0x8002CF32] -> 0x0000
[4562] [M]: 0x8002CF30 (0x00000113) addi sp, zero, 0
x2 <- 0x00000000


mem[X,0x8002CF34] -> 0x006F
mem[X,0x8002CF36] -> 0x00C0
[4563] [M]: 0x8002CF34 (0x00C0006F) jal zero, 12


mem[X,0x8002CF40] -> 0x4663
mem[X,0x8002CF42] -> 0x00B5
[4564] [M]: 0x8002CF40 (0x00B54663) blt a0, a1, 12


mem[X,0x8002CF44] -> 0x0113
mem[X,0x8002CF46] -> 0x0021
[4565] [M]: 0x8002CF44 (0x00210113) addi sp, sp, 2
x2 <- 0x00000002


mem[X,0x8002CF48] -> 0x006F
mem[X,0x8002CF4A] -> 0x00C0
[4566] [M]: 0x8002CF48 (0x00C0006F) jal zero, 12


mem[X,0x8002CF54] -> 0xA023
mem[X,0x8002CF56] -> 0x7420
[4567] [M]: 0x8002CF54 (0x7420A023) sw sp, 1856(ra)
mem[0x800398A8] <- 0x00000002


mem[X,0x8002CF58] -> 0x3537
mem[X,0x8002CF5A] -> 0x3333
[4568] [M]: 0x8002CF58 (0x33333537) lui a0, 209715
x10 <- 0x33333000


mem[X,0x8002CF5C] -> 0x0513
mem[X,0x8002CF5E] -> 0x3325
[4569] [M]: 0x8002CF5C (0x33250513) addi a0, a0, 818
x10 <- 0x33333332


mem[X,0x8002CF60] -> 0x55B7
mem[X,0x8002CF62] -> 0x5555
[4570] [M]: 0x8002CF60 (0x555555B7) lui a1, 349525
x11 <- 0x55555000


mem[X,0x8002CF64] -> 0x8593
mem[X,0x8002CF66] -> 0x5565
[4571] [M]: 0x8002CF64 (0x55658593) addi a1, a1, 1366
x11 <- 0x55555556


mem[X,0x8002CF68] -> 0x0113
mem[X,0x8002CF6A] -> 0x0000
[4572] [M]: 0x8002CF68 (0x00000113) addi sp, zero, 0
x2 <- 0x00000000


mem[X,0x8002CF6C] -> 0x006F
mem[X,0x8002CF6E] -> 0x00C0
[4573] [M]: 0x8002CF6C (0x00C0006F) jal zero, 12


mem[X,0x8002CF78] -> 0x4063
mem[X,0x8002CF7A] -> 0x10B5
[4574] [M]: 0x8002CF78 (0x10B54063) blt a0, a1, 256


mem[X,0x8002D078] -> 0x0113
mem[X,0x8002D07A] -> 0x0031
[4575] [M]: 0x8002D078 (0x00310113) addi sp, sp, 3
x2 <- 0x00000003


mem[X,0x8002D07C] -> 0x006F
mem[X,0x8002D07E] -> 0x0040
[4576] [M]: 0x8002D07C (0x0040006F) jal zero, 4


mem[X,0x8002D080] -> 0xA223
mem[X,0x8002D082] -> 0x7420
[4577] [M]: 0x8002D080 (0x7420A223) sw sp, 1860(ra)
mem[0x800398AC] <- 0x00000003


mem[X,0x8002D084] -> 0x3537
mem[X,0x8002D086] -> 0x3333
[4578] [M]: 0x8002D084 (0x33333537) lui a0, 209715
x10 <- 0x33333000


mem[X,0x8002D088] -> 0x0513
mem[X,0x8002D08A] -> 0x3325
[4579] [M]: 0x8002D088 (0x33250513) addi a0, a0, 818
x10 <- 0x33333332


mem[X,0x8002D08C] -> 0xB5B7
mem[X,0x8002D08E] -> 0xAAAA
[4580] [M]: 0x8002D08C (0xAAAAB5B7) lui a1, 699051
x11 <- 0xAAAAB000


mem[X,0x8002D090] -> 0x8593
mem[X,0x8002D092] -> 0xAAB5
[4581] [M]: 0x8002D090 (0xAAB58593) addi a1, a1, 2731
x11 <- 0xAAAAAAAB


mem[X,0x8002D094] -> 0x0113
mem[X,0x8002D096] -> 0x0000
[4582] [M]: 0x8002D094 (0x00000113) addi sp, zero, 0
x2 <- 0x00000000


mem[X,0x8002D098] -> 0x006F
mem[X,0x8002D09A] -> 0x00C0
[4583] [M]: 0x8002D098 (0x00C0006F) jal zero, 12


mem[X,0x8002D0A4] -> 0x4063
mem[X,0x8002D0A6] -> 0x10B5
[4584] [M]: 0x8002D0A4 (0x10B54063) blt a0, a1, 256


mem[X,0x8002D0A8] -> 0x0113
mem[X,0x8002D0AA] -> 0x0021
[4585] [M]: 0x8002D0A8 (0x00210113) addi sp, sp, 2
x2 <- 0x00000002


mem[X,0x8002D0AC] -> 0x006F
mem[X,0x8002D0AE] -> 0x1000
[4586] [M]: 0x8002D0AC (0x1000006F) jal zero, 256


mem[X,0x8002D1AC] -> 0xA423
mem[X,0x8002D1AE] -> 0x7420
[4587] [M]: 0x8002D1AC (0x7420A423) sw sp, 1864(ra)
mem[0x800398B0] <- 0x00000002


mem[X,0x8002D1B0] -> 0x3537
mem[X,0x8002D1B2] -> 0x3333
[4588] [M]: 0x8002D1B0 (0x33333537) lui a0, 209715
x10 <- 0x33333000


mem[X,0x8002D1B4] -> 0x0513
mem[X,0x8002D1B6] -> 0x3325
[4589] [M]: 0x8002D1B4 (0x33250513) addi a0, a0, 818
x10 <- 0x33333332


mem[X,0x8002D1B8] -> 0x0593
mem[X,0x8002D1BA] -> 0x0060
[4590] [M]: 0x8002D1B8 (0x00600593) addi a1, zero, 6
x11 <- 0x00000006


mem[X,0x8002D1BC] -> 0x0113
mem[X,0x8002D1BE] -> 0x0000
[4591] [M]: 0x8002D1BC (0x00000113) addi sp, zero, 0
x2 <- 0x00000000


mem[X,0x8002D1C0] -> 0x006F
mem[X,0x8002D1C2] -> 0x00C0
[4592] [M]: 0x8002D1C0 (0x00C0006F) jal zero, 12


mem[X,0x8002D1CC] -> 0x4CE3
mem[X,0x8002D1CE] -> 0xFEB5
[4593] [M]: 0x8002D1CC (0xFEB54CE3) blt a0, a1, 8184


mem[X,0x8002D1D0] -> 0x0113
mem[X,0x8002D1D2] -> 0x0021
[4594] [M]: 0x8002D1D0 (0x00210113) addi sp, sp, 2
x2 <- 0x00000002


mem[X,0x8002D1D4] -> 0x006F
mem[X,0x8002D1D6] -> 0x00C0
[4595] [M]: 0x8002D1D4 (0x00C0006F) jal zero, 12


mem[X,0x8002D1E0] -> 0xA623
mem[X,0x8002D1E2] -> 0x7420
[4596] [M]: 0x8002D1E0 (0x7420A623) sw sp, 1868(ra)
mem[0x800398B4] <- 0x00000002


mem[X,0x8002D1E4] -> 0x3537
mem[X,0x8002D1E6] -> 0x3333
[4597] [M]: 0x8002D1E4 (0x33333537) lui a0, 209715
x10 <- 0x33333000


mem[X,0x8002D1E8] -> 0x0513
mem[X,0x8002D1EA] -> 0x3325
[4598] [M]: 0x8002D1E8 (0x33250513) addi a0, a0, 818
x10 <- 0x33333332


mem[X,0x8002D1EC] -> 0x35B7
mem[X,0x8002D1EE] -> 0x3333
[4599] [M]: 0x8002D1EC (0x333335B7) lui a1, 209715
x11 <- 0x33333000


clint::tick mtime <- 0x000000000000002E
 clint timer pending at mtime 0x000000000000002E
htif::tick 0x0000000000000000
mem[X,0x8002D1F0] -> 0x8593
mem[X,0x8002D1F2] -> 0x3345
[4600] [M]: 0x8002D1F0 (0x33458593) addi a1, a1, 820
x11 <- 0x33333334


mem[X,0x8002D1F4] -> 0x0113
mem[X,0x8002D1F6] -> 0x0000
[4601] [M]: 0x8002D1F4 (0x00000113) addi sp, zero, 0
x2 <- 0x00000000


mem[X,0x8002D1F8] -> 0x006F
mem[X,0x8002D1FA] -> 0x00C0
[4602] [M]: 0x8002D1F8 (0x00C0006F) jal zero, 12


mem[X,0x8002D204] -> 0x4663
mem[X,0x8002D206] -> 0x00B5
[4603] [M]: 0x8002D204 (0x00B54663) blt a0, a1, 12


mem[X,0x8002D210] -> 0x0113
mem[X,0x8002D212] -> 0x0031
[4604] [M]: 0x8002D210 (0x00310113) addi sp, sp, 3
x2 <- 0x00000003


mem[X,0x8002D214] -> 0x006F
mem[X,0x8002D216] -> 0x0040
[4605] [M]: 0x8002D214 (0x0040006F) jal zero, 4


mem[X,0x8002D218] -> 0xA823
mem[X,0x8002D21A] -> 0x7420
[4606] [M]: 0x8002D218 (0x7420A823) sw sp, 1872(ra)
mem[0x800398B8] <- 0x00000003


mem[X,0x8002D21C] -> 0x3537
mem[X,0x8002D21E] -> 0x3333
[4607] [M]: 0x8002D21C (0x33333537) lui a0, 209715
x10 <- 0x33333000


mem[X,0x8002D220] -> 0x0513
mem[X,0x8002D222] -> 0x3325
[4608] [M]: 0x8002D220 (0x33250513) addi a0, a0, 818
x10 <- 0x33333332


mem[X,0x8002D224] -> 0x65B7
mem[X,0x8002D226] -> 0x6666
[4609] [M]: 0x8002D224 (0x666665B7) lui a1, 419430
x11 <- 0x66666000


mem[X,0x8002D228] -> 0x8593
mem[X,0x8002D22A] -> 0x6675
[4610] [M]: 0x8002D228 (0x66758593) addi a1, a1, 1639
x11 <- 0x66666667


mem[X,0x8002D22C] -> 0x0113
mem[X,0x8002D22E] -> 0x0000
[4611] [M]: 0x8002D22C (0x00000113) addi sp, zero, 0
x2 <- 0x00000000


mem[X,0x8002D230] -> 0x006F
mem[X,0x8002D232] -> 0x00C0
[4612] [M]: 0x8002D230 (0x00C0006F) jal zero, 12


mem[X,0x8002D23C] -> 0x4663
mem[X,0x8002D23E] -> 0x00B5
[4613] [M]: 0x8002D23C (0x00B54663) blt a0, a1, 12


mem[X,0x8002D248] -> 0x0113
mem[X,0x8002D24A] -> 0x0031
[4614] [M]: 0x8002D248 (0x00310113) addi sp, sp, 3
x2 <- 0x00000003


mem[X,0x8002D24C] -> 0x006F
mem[X,0x8002D24E] -> 0x0040
[4615] [M]: 0x8002D24C (0x0040006F) jal zero, 4


mem[X,0x8002D250] -> 0xAA23
mem[X,0x8002D252] -> 0x7420
[4616] [M]: 0x8002D250 (0x7420AA23) sw sp, 1876(ra)
mem[0x800398BC] <- 0x00000003


mem[X,0x8002D254] -> 0x3537
mem[X,0x8002D256] -> 0x3333
[4617] [M]: 0x8002D254 (0x33333537) lui a0, 209715
x10 <- 0x33333000


mem[X,0x8002D258] -> 0x0513
mem[X,0x8002D25A] -> 0x3325
[4618] [M]: 0x8002D258 (0x33250513) addi a0, a0, 818
x10 <- 0x33333332


mem[X,0x8002D25C] -> 0x55B7
mem[X,0x8002D25E] -> 0xFFFF
[4619] [M]: 0x8002D25C (0xFFFF55B7) lui a1, 1048565
x11 <- 0xFFFF5000


mem[X,0x8002D260] -> 0x8593
mem[X,0x8002D262] -> 0xAFD5
[4620] [M]: 0x8002D260 (0xAFD58593) addi a1, a1, 2813
x11 <- 0xFFFF4AFD


mem[X,0x8002D264] -> 0x0113
mem[X,0x8002D266] -> 0x0000
[4621] [M]: 0x8002D264 (0x00000113) addi sp, zero, 0
x2 <- 0x00000000


mem[X,0x8002D268] -> 0x006F
mem[X,0x8002D26A] -> 0x00C0
[4622] [M]: 0x8002D268 (0x00C0006F) jal zero, 12


mem[X,0x8002D274] -> 0x4063
mem[X,0x8002D276] -> 0x40B5
[4623] [M]: 0x8002D274 (0x40B54063) blt a0, a1, 1024


mem[X,0x8002D278] -> 0x0113
mem[X,0x8002D27A] -> 0x0021
[4624] [M]: 0x8002D278 (0x00210113) addi sp, sp, 2
x2 <- 0x00000002


mem[X,0x8002D27C] -> 0x006F
mem[X,0x8002D27E] -> 0x4000
[4625] [M]: 0x8002D27C (0x4000006F) jal zero, 1024


mem[X,0x8002D67C] -> 0xAC23
mem[X,0x8002D67E] -> 0x7420
[4626] [M]: 0x8002D67C (0x7420AC23) sw sp, 1880(ra)
mem[0x800398C0] <- 0x00000002


mem[X,0x8002D680] -> 0x3537
mem[X,0x8002D682] -> 0x3333
[4627] [M]: 0x8002D680 (0x33333537) lui a0, 209715
x10 <- 0x33333000


mem[X,0x8002D684] -> 0x0513
mem[X,0x8002D686] -> 0x3325
[4628] [M]: 0x8002D684 (0x33250513) addi a0, a0, 818
x10 <- 0x33333332


mem[X,0x8002D688] -> 0xB5B7
mem[X,0x8002D68A] -> 0x0000
[4629] [M]: 0x8002D688 (0x0000B5B7) lui a1, 11
x11 <- 0x0000B000


mem[X,0x8002D68C] -> 0x8593
mem[X,0x8002D68E] -> 0x5055
[4630] [M]: 0x8002D68C (0x50558593) addi a1, a1, 1285
x11 <- 0x0000B505


mem[X,0x8002D690] -> 0x0113
mem[X,0x8002D692] -> 0x0000
[4631] [M]: 0x8002D690 (0x00000113) addi sp, zero, 0
x2 <- 0x00000000


mem[X,0x8002D694] -> 0x006F
mem[X,0x8002D696] -> 0x0050
[4632] [M]: 0x8002D694 (0x0050006F) jal zero, 2052


mem[X,0x8002DE98] -> 0x40E3
mem[X,0x8002DE9A] -> 0x80B5
[4633] [M]: 0x8002DE98 (0x80B540E3) blt a0, a1, 6144


mem[X,0x8002DE9C] -> 0x0113
mem[X,0x8002DE9E] -> 0x0021
[4634] [M]: 0x8002DE9C (0x00210113) addi sp, sp, 2
x2 <- 0x00000002


mem[X,0x8002DEA0] -> 0x006F
mem[X,0x8002DEA2] -> 0x00C0
[4635] [M]: 0x8002DEA0 (0x00C0006F) jal zero, 12


mem[X,0x8002DEAC] -> 0xAE23
mem[X,0x8002DEAE] -> 0x7420
[4636] [M]: 0x8002DEAC (0x7420AE23) sw sp, 1884(ra)
mem[0x800398C4] <- 0x00000002


mem[X,0x8002DEB0] -> 0x6537
mem[X,0x8002DEB2] -> 0x6666
[4637] [M]: 0x8002DEB0 (0x66666537) lui a0, 419430
x10 <- 0x66666000


mem[X,0x8002DEB4] -> 0x0513
mem[X,0x8002DEB6] -> 0x6655
[4638] [M]: 0x8002DEB4 (0x66550513) addi a0, a0, 1637
x10 <- 0x66666665


mem[X,0x8002DEB8] -> 0x0593
mem[X,0x8002DEBA] -> 0x0030
[4639] [M]: 0x8002DEB8 (0x00300593) addi a1, zero, 3
x11 <- 0x00000003


mem[X,0x8002DEBC] -> 0x0113
mem[X,0x8002DEBE] -> 0x0000
[4640] [M]: 0x8002DEBC (0x00000113) addi sp, zero, 0
x2 <- 0x00000000


mem[X,0x8002DEC0] -> 0x006F
mem[X,0x8002DEC2] -> 0x00C0
[4641] [M]: 0x8002DEC0 (0x00C0006F) jal zero, 12


mem[X,0x8002DECC] -> 0x4663
mem[X,0x8002DECE] -> 0x00B5
[4642] [M]: 0x8002DECC (0x00B54663) blt a0, a1, 12


mem[X,0x8002DED0] -> 0x0113
mem[X,0x8002DED2] -> 0x0021
[4643] [M]: 0x8002DED0 (0x00210113) addi sp, sp, 2
x2 <- 0x00000002


mem[X,0x8002DED4] -> 0x006F
mem[X,0x8002DED6] -> 0x00C0
[4644] [M]: 0x8002DED4 (0x00C0006F) jal zero, 12


mem[X,0x8002DEE0] -> 0xA023
mem[X,0x8002DEE2] -> 0x7620
[4645] [M]: 0x8002DEE0 (0x7620A023) sw sp, 1888(ra)
mem[0x800398C8] <- 0x00000002


mem[X,0x8002DEE4] -> 0x6537
mem[X,0x8002DEE6] -> 0x6666
[4646] [M]: 0x8002DEE4 (0x66666537) lui a0, 419430
x10 <- 0x66666000


mem[X,0x8002DEE8] -> 0x0513
mem[X,0x8002DEEA] -> 0x6655
[4647] [M]: 0x8002DEE8 (0x66550513) addi a0, a0, 1637
x10 <- 0x66666665


mem[X,0x8002DEEC] -> 0x55B7
mem[X,0x8002DEEE] -> 0x5555
[4648] [M]: 0x8002DEEC (0x555555B7) lui a1, 349525
x11 <- 0x55555000


mem[X,0x8002DEF0] -> 0x8593
mem[X,0x8002DEF2] -> 0x5555
[4649] [M]: 0x8002DEF0 (0x55558593) addi a1, a1, 1365
x11 <- 0x55555555


mem[X,0x8002DEF4] -> 0x0113
mem[X,0x8002DEF6] -> 0x0000
[4650] [M]: 0x8002DEF4 (0x00000113) addi sp, zero, 0
x2 <- 0x00000000


mem[X,0x8002DEF8] -> 0x006F
mem[X,0x8002DEFA] -> 0x00C0
[4651] [M]: 0x8002DEF8 (0x00C0006F) jal zero, 12


mem[X,0x8002DF04] -> 0x4063
mem[X,0x8002DF06] -> 0x04B5
[4652] [M]: 0x8002DF04 (0x04B54063) blt a0, a1, 64


mem[X,0x8002DF08] -> 0x0113
mem[X,0x8002DF0A] -> 0x0021
[4653] [M]: 0x8002DF08 (0x00210113) addi sp, sp, 2
x2 <- 0x00000002


mem[X,0x8002DF0C] -> 0x006F
mem[X,0x8002DF0E] -> 0x0400
[4654] [M]: 0x8002DF0C (0x0400006F) jal zero, 64


mem[X,0x8002DF4C] -> 0xA223
mem[X,0x8002DF4E] -> 0x7620
[4655] [M]: 0x8002DF4C (0x7620A223) sw sp, 1892(ra)
mem[0x800398CC] <- 0x00000002


mem[X,0x8002DF50] -> 0x6537
mem[X,0x8002DF52] -> 0x6666
[4656] [M]: 0x8002DF50 (0x66666537) lui a0, 419430
x10 <- 0x66666000


mem[X,0x8002DF54] -> 0x0513
mem[X,0x8002DF56] -> 0x6655
[4657] [M]: 0x8002DF54 (0x66550513) addi a0, a0, 1637
x10 <- 0x66666665


mem[X,0x8002DF58] -> 0xB5B7
mem[X,0x8002DF5A] -> 0xAAAA
[4658] [M]: 0x8002DF58 (0xAAAAB5B7) lui a1, 699051
x11 <- 0xAAAAB000


mem[X,0x8002DF5C] -> 0x8593
mem[X,0x8002DF5E] -> 0xAAA5
[4659] [M]: 0x8002DF5C (0xAAA58593) addi a1, a1, 2730
x11 <- 0xAAAAAAAA


mem[X,0x8002DF60] -> 0x0113
mem[X,0x8002DF62] -> 0x0000
[4660] [M]: 0x8002DF60 (0x00000113) addi sp, zero, 0
x2 <- 0x00000000


mem[X,0x8002DF64] -> 0x006F
mem[X,0x8002DF66] -> 0x0180
[4661] [M]: 0x8002DF64 (0x0180006F) jal zero, 24


mem[X,0x8002DF7C] -> 0x46E3
mem[X,0x8002DF7E] -> 0xFEB5
[4662] [M]: 0x8002DF7C (0xFEB546E3) blt a0, a1, 8172


mem[X,0x8002DF80] -> 0x0113
mem[X,0x8002DF82] -> 0x0021
[4663] [M]: 0x8002DF80 (0x00210113) addi sp, sp, 2
x2 <- 0x00000002


mem[X,0x8002DF84] -> 0x006F
mem[X,0x8002DF86] -> 0x00C0
[4664] [M]: 0x8002DF84 (0x00C0006F) jal zero, 12


mem[X,0x8002DF90] -> 0xA423
mem[X,0x8002DF92] -> 0x7620
[4665] [M]: 0x8002DF90 (0x7620A423) sw sp, 1896(ra)
mem[0x800398D0] <- 0x00000002


mem[X,0x8002DF94] -> 0x6537
mem[X,0x8002DF96] -> 0x6666
[4666] [M]: 0x8002DF94 (0x66666537) lui a0, 419430
x10 <- 0x66666000


mem[X,0x8002DF98] -> 0x0513
mem[X,0x8002DF9A] -> 0x6655
[4667] [M]: 0x8002DF98 (0x66550513) addi a0, a0, 1637
x10 <- 0x66666665


mem[X,0x8002DF9C] -> 0x0593
mem[X,0x8002DF9E] -> 0x0050
[4668] [M]: 0x8002DF9C (0x00500593) addi a1, zero, 5
x11 <- 0x00000005


mem[X,0x8002DFA0] -> 0x0113
mem[X,0x8002DFA2] -> 0x0000
[4669] [M]: 0x8002DFA0 (0x00000113) addi sp, zero, 0
x2 <- 0x00000000


mem[X,0x8002DFA4] -> 0x006F
mem[X,0x8002DFA6] -> 0x00C0
[4670] [M]: 0x8002DFA4 (0x00C0006F) jal zero, 12


mem[X,0x8002DFB0] -> 0x4CE3
mem[X,0x8002DFB2] -> 0xFEB5
[4671] [M]: 0x8002DFB0 (0xFEB54CE3) blt a0, a1, 8184


mem[X,0x8002DFB4] -> 0x0113
mem[X,0x8002DFB6] -> 0x0021
[4672] [M]: 0x8002DFB4 (0x00210113) addi sp, sp, 2
x2 <- 0x00000002


mem[X,0x8002DFB8] -> 0x006F
mem[X,0x8002DFBA] -> 0x00C0
[4673] [M]: 0x8002DFB8 (0x00C0006F) jal zero, 12


mem[X,0x8002DFC4] -> 0xA623
mem[X,0x8002DFC6] -> 0x7620
[4674] [M]: 0x8002DFC4 (0x7620A623) sw sp, 1900(ra)
mem[0x800398D4] <- 0x00000002


mem[X,0x8002DFC8] -> 0x6537
mem[X,0x8002DFCA] -> 0x6666
[4675] [M]: 0x8002DFC8 (0x66666537) lui a0, 419430
x10 <- 0x66666000


mem[X,0x8002DFCC] -> 0x0513
mem[X,0x8002DFCE] -> 0x6655
[4676] [M]: 0x8002DFCC (0x66550513) addi a0, a0, 1637
x10 <- 0x66666665


mem[X,0x8002DFD0] -> 0x35B7
mem[X,0x8002DFD2] -> 0x3333
[4677] [M]: 0x8002DFD0 (0x333335B7) lui a1, 209715
x11 <- 0x33333000


mem[X,0x8002DFD4] -> 0x8593
mem[X,0x8002DFD6] -> 0x3335
[4678] [M]: 0x8002DFD4 (0x33358593) addi a1, a1, 819
x11 <- 0x33333333


mem[X,0x8002DFD8] -> 0x0113
mem[X,0x8002DFDA] -> 0x0000
[4679] [M]: 0x8002DFD8 (0x00000113) addi sp, zero, 0
x2 <- 0x00000000


mem[X,0x8002DFDC] -> 0x006F
mem[X,0x8002DFDE] -> 0x00C0
[4680] [M]: 0x8002DFDC (0x00C0006F) jal zero, 12


mem[X,0x8002DFE8] -> 0x4063
mem[X,0x8002DFEA] -> 0x20B5
[4681] [M]: 0x8002DFE8 (0x20B54063) blt a0, a1, 512


mem[X,0x8002DFEC] -> 0x0113
mem[X,0x8002DFEE] -> 0x0021
[4682] [M]: 0x8002DFEC (0x00210113) addi sp, sp, 2
x2 <- 0x00000002


mem[X,0x8002DFF0] -> 0x006F
mem[X,0x8002DFF2] -> 0x2000
[4683] [M]: 0x8002DFF0 (0x2000006F) jal zero, 512


mem[X,0x8002E1F0] -> 0xA823
mem[X,0x8002E1F2] -> 0x7620
[4684] [M]: 0x8002E1F0 (0x7620A823) sw sp, 1904(ra)
mem[0x800398D8] <- 0x00000002


mem[X,0x8002E1F4] -> 0x6537
mem[X,0x8002E1F6] -> 0x6666
[4685] [M]: 0x8002E1F4 (0x66666537) lui a0, 419430
x10 <- 0x66666000


mem[X,0x8002E1F8] -> 0x0513
mem[X,0x8002E1FA] -> 0x6655
[4686] [M]: 0x8002E1F8 (0x66550513) addi a0, a0, 1637
x10 <- 0x66666665


mem[X,0x8002E1FC] -> 0x65B7
mem[X,0x8002E1FE] -> 0x6666
[4687] [M]: 0x8002E1FC (0x666665B7) lui a1, 419430
x11 <- 0x66666000


mem[X,0x8002E200] -> 0x8593
mem[X,0x8002E202] -> 0x6665
[4688] [M]: 0x8002E200 (0x66658593) addi a1, a1, 1638
x11 <- 0x66666666


mem[X,0x8002E204] -> 0x0113
mem[X,0x8002E206] -> 0x0000
[4689] [M]: 0x8002E204 (0x00000113) addi sp, zero, 0
x2 <- 0x00000000


mem[X,0x8002E208] -> 0x006F
mem[X,0x8002E20A] -> 0x00C0
[4690] [M]: 0x8002E208 (0x00C0006F) jal zero, 12


mem[X,0x8002E214] -> 0x4063
mem[X,0x8002E216] -> 0x40B5
[4691] [M]: 0x8002E214 (0x40B54063) blt a0, a1, 1024


mem[X,0x8002E614] -> 0x0113
mem[X,0x8002E616] -> 0x0031
[4692] [M]: 0x8002E614 (0x00310113) addi sp, sp, 3
x2 <- 0x00000003


mem[X,0x8002E618] -> 0x006F
mem[X,0x8002E61A] -> 0x0040
[4693] [M]: 0x8002E618 (0x0040006F) jal zero, 4


mem[X,0x8002E61C] -> 0xAA23
mem[X,0x8002E61E] -> 0x7620
[4694] [M]: 0x8002E61C (0x7620AA23) sw sp, 1908(ra)
mem[0x800398DC] <- 0x00000003


mem[X,0x8002E620] -> 0x6537
mem[X,0x8002E622] -> 0x6666
[4695] [M]: 0x8002E620 (0x66666537) lui a0, 419430
x10 <- 0x66666000


mem[X,0x8002E624] -> 0x0513
mem[X,0x8002E626] -> 0x6655
[4696] [M]: 0x8002E624 (0x66550513) addi a0, a0, 1637
x10 <- 0x66666665


mem[X,0x8002E628] -> 0x55B7
mem[X,0x8002E62A] -> 0xFFFF
[4697] [M]: 0x8002E628 (0xFFFF55B7) lui a1, 1048565
x11 <- 0xFFFF5000


mem[X,0x8002E62C] -> 0x8593
mem[X,0x8002E62E] -> 0xAFC5
[4698] [M]: 0x8002E62C (0xAFC58593) addi a1, a1, 2812
x11 <- 0xFFFF4AFC


mem[X,0x8002E630] -> 0x0113
mem[X,0x8002E632] -> 0x0000
[4699] [M]: 0x8002E630 (0x00000113) addi sp, zero, 0
x2 <- 0x00000000


clint::tick mtime <- 0x000000000000002F
 clint timer pending at mtime 0x000000000000002F
htif::tick 0x0000000000000000
mem[X,0x8002E634] -> 0x006F
mem[X,0x8002E636] -> 0x00C0
[4700] [M]: 0x8002E634 (0x00C0006F) jal zero, 12


mem[X,0x8002E640] -> 0x4CE3
mem[X,0x8002E642] -> 0xFEB5
[4701] [M]: 0x8002E640 (0xFEB54CE3) blt a0, a1, 8184


mem[X,0x8002E644] -> 0x0113
mem[X,0x8002E646] -> 0x0021
[4702] [M]: 0x8002E644 (0x00210113) addi sp, sp, 2
x2 <- 0x00000002


mem[X,0x8002E648] -> 0x006F
mem[X,0x8002E64A] -> 0x00C0
[4703] [M]: 0x8002E648 (0x00C0006F) jal zero, 12


mem[X,0x8002E654] -> 0xAC23
mem[X,0x8002E656] -> 0x7620
[4704] [M]: 0x8002E654 (0x7620AC23) sw sp, 1912(ra)
mem[0x800398E0] <- 0x00000002


mem[X,0x8002E658] -> 0x6537
mem[X,0x8002E65A] -> 0x6666
[4705] [M]: 0x8002E658 (0x66666537) lui a0, 419430
x10 <- 0x66666000


mem[X,0x8002E65C] -> 0x0513
mem[X,0x8002E65E] -> 0x6655
[4706] [M]: 0x8002E65C (0x66550513) addi a0, a0, 1637
x10 <- 0x66666665


mem[X,0x8002E660] -> 0xB5B7
mem[X,0x8002E662] -> 0x0000
[4707] [M]: 0x8002E660 (0x0000B5B7) lui a1, 11
x11 <- 0x0000B000


mem[X,0x8002E664] -> 0x8593
mem[X,0x8002E666] -> 0x5045
[4708] [M]: 0x8002E664 (0x50458593) addi a1, a1, 1284
x11 <- 0x0000B504


mem[X,0x8002E668] -> 0x0113
mem[X,0x8002E66A] -> 0x0000
[4709] [M]: 0x8002E668 (0x00000113) addi sp, zero, 0
x2 <- 0x00000000


mem[X,0x8002E66C] -> 0x006F
mem[X,0x8002E66E] -> 0x0100
[4710] [M]: 0x8002E66C (0x0100006F) jal zero, 16


mem[X,0x8002E67C] -> 0x4AE3
mem[X,0x8002E67E] -> 0xFEB5
[4711] [M]: 0x8002E67C (0xFEB54AE3) blt a0, a1, 8180


mem[X,0x8002E680] -> 0x0113
mem[X,0x8002E682] -> 0x0021
[4712] [M]: 0x8002E680 (0x00210113) addi sp, sp, 2
x2 <- 0x00000002


mem[X,0x8002E684] -> 0x006F
mem[X,0x8002E686] -> 0x00C0
[4713] [M]: 0x8002E684 (0x00C0006F) jal zero, 12


mem[X,0x8002E690] -> 0xAE23
mem[X,0x8002E692] -> 0x7620
[4714] [M]: 0x8002E690 (0x7620AE23) sw sp, 1916(ra)
mem[0x800398E4] <- 0x00000002


mem[X,0x8002E694] -> 0x6537
mem[X,0x8002E696] -> 0x6666
[4715] [M]: 0x8002E694 (0x66666537) lui a0, 419430
x10 <- 0x66666000


mem[X,0x8002E698] -> 0x0513
mem[X,0x8002E69A] -> 0x6655
[4716] [M]: 0x8002E698 (0x66550513) addi a0, a0, 1637
x10 <- 0x66666665


mem[X,0x8002E69C] -> 0x0593
mem[X,0x8002E69E] -> 0x0020
[4717] [M]: 0x8002E69C (0x00200593) addi a1, zero, 2
x11 <- 0x00000002


mem[X,0x8002E6A0] -> 0x0113
mem[X,0x8002E6A2] -> 0x0000
[4718] [M]: 0x8002E6A0 (0x00000113) addi sp, zero, 0
x2 <- 0x00000000


mem[X,0x8002E6A4] -> 0x006F
mem[X,0x8002E6A6] -> 0x0100
[4719] [M]: 0x8002E6A4 (0x0100006F) jal zero, 16


mem[X,0x8002E6B4] -> 0x4AE3
mem[X,0x8002E6B6] -> 0xFEB5
[4720] [M]: 0x8002E6B4 (0xFEB54AE3) blt a0, a1, 8180


mem[X,0x8002E6B8] -> 0x0113
mem[X,0x8002E6BA] -> 0x0021
[4721] [M]: 0x8002E6B8 (0x00210113) addi sp, sp, 2
x2 <- 0x00000002


mem[X,0x8002E6BC] -> 0x006F
mem[X,0x8002E6BE] -> 0x00C0
[4722] [M]: 0x8002E6BC (0x00C0006F) jal zero, 12


mem[X,0x8002E6C8] -> 0xA023
mem[X,0x8002E6CA] -> 0x7820
[4723] [M]: 0x8002E6C8 (0x7820A023) sw sp, 1920(ra)
mem[0x800398E8] <- 0x00000002


mem[X,0x8002E6CC] -> 0x6537
mem[X,0x8002E6CE] -> 0x6666
[4724] [M]: 0x8002E6CC (0x66666537) lui a0, 419430
x10 <- 0x66666000


mem[X,0x8002E6D0] -> 0x0513
mem[X,0x8002E6D2] -> 0x6655
[4725] [M]: 0x8002E6D0 (0x66550513) addi a0, a0, 1637
x10 <- 0x66666665


mem[X,0x8002E6D4] -> 0x55B7
mem[X,0x8002E6D6] -> 0x5555
[4726] [M]: 0x8002E6D4 (0x555555B7) lui a1, 349525
x11 <- 0x55555000


mem[X,0x8002E6D8] -> 0x8593
mem[X,0x8002E6DA] -> 0x5545
[4727] [M]: 0x8002E6D8 (0x55458593) addi a1, a1, 1364
x11 <- 0x55555554


mem[X,0x8002E6DC] -> 0x0113
mem[X,0x8002E6DE] -> 0x0000
[4728] [M]: 0x8002E6DC (0x00000113) addi sp, zero, 0
x2 <- 0x00000000


mem[X,0x8002E6E0] -> 0x006F
mem[X,0x8002E6E2] -> 0x00C0
[4729] [M]: 0x8002E6E0 (0x00C0006F) jal zero, 12


mem[X,0x8002E6EC] -> 0x4663
mem[X,0x8002E6EE] -> 0x00B5
[4730] [M]: 0x8002E6EC (0x00B54663) blt a0, a1, 12


mem[X,0x8002E6F0] -> 0x0113
mem[X,0x8002E6F2] -> 0x0021
[4731] [M]: 0x8002E6F0 (0x00210113) addi sp, sp, 2
x2 <- 0x00000002


mem[X,0x8002E6F4] -> 0x006F
mem[X,0x8002E6F6] -> 0x00C0
[4732] [M]: 0x8002E6F4 (0x00C0006F) jal zero, 12


mem[X,0x8002E700] -> 0xA223
mem[X,0x8002E702] -> 0x7820
[4733] [M]: 0x8002E700 (0x7820A223) sw sp, 1924(ra)
mem[0x800398EC] <- 0x00000002


mem[X,0x8002E704] -> 0x6537
mem[X,0x8002E706] -> 0x6666
[4734] [M]: 0x8002E704 (0x66666537) lui a0, 419430
x10 <- 0x66666000


mem[X,0x8002E708] -> 0x0513
mem[X,0x8002E70A] -> 0x6655
[4735] [M]: 0x8002E708 (0x66550513) addi a0, a0, 1637
x10 <- 0x66666665


mem[X,0x8002E70C] -> 0x0593
mem[X,0x8002E70E] -> 0x0000
[4736] [M]: 0x8002E70C (0x00000593) addi a1, zero, 0
x11 <- 0x00000000


mem[X,0x8002E710] -> 0x0113
mem[X,0x8002E712] -> 0x0000
[4737] [M]: 0x8002E710 (0x00000113) addi sp, zero, 0
x2 <- 0x00000000


mem[X,0x8002E714] -> 0x006F
mem[X,0x8002E716] -> 0x00C0
[4738] [M]: 0x8002E714 (0x00C0006F) jal zero, 12


mem[X,0x8002E720] -> 0x4663
mem[X,0x8002E722] -> 0x00B5
[4739] [M]: 0x8002E720 (0x00B54663) blt a0, a1, 12


mem[X,0x8002E724] -> 0x0113
mem[X,0x8002E726] -> 0x0021
[4740] [M]: 0x8002E724 (0x00210113) addi sp, sp, 2
x2 <- 0x00000002


mem[X,0x8002E728] -> 0x006F
mem[X,0x8002E72A] -> 0x00C0
[4741] [M]: 0x8002E728 (0x00C0006F) jal zero, 12


mem[X,0x8002E734] -> 0xA423
mem[X,0x8002E736] -> 0x7820
[4742] [M]: 0x8002E734 (0x7820A423) sw sp, 1928(ra)
mem[0x800398F0] <- 0x00000002


mem[X,0x8002E738] -> 0x6537
mem[X,0x8002E73A] -> 0x6666
[4743] [M]: 0x8002E738 (0x66666537) lui a0, 419430
x10 <- 0x66666000


mem[X,0x8002E73C] -> 0x0513
mem[X,0x8002E73E] -> 0x6655
[4744] [M]: 0x8002E73C (0x66550513) addi a0, a0, 1637
x10 <- 0x66666665


mem[X,0x8002E740] -> 0x0593
mem[X,0x8002E742] -> 0x0040
[4745] [M]: 0x8002E740 (0x00400593) addi a1, zero, 4
x11 <- 0x00000004


mem[X,0x8002E744] -> 0x0113
mem[X,0x8002E746] -> 0x0000
[4746] [M]: 0x8002E744 (0x00000113) addi sp, zero, 0
x2 <- 0x00000000


mem[X,0x8002E748] -> 0x006F
mem[X,0x8002E74A] -> 0x00C0
[4747] [M]: 0x8002E748 (0x00C0006F) jal zero, 12


mem[X,0x8002E754] -> 0x4063
mem[X,0x8002E756] -> 0x20B5
[4748] [M]: 0x8002E754 (0x20B54063) blt a0, a1, 512


mem[X,0x8002E758] -> 0x0113
mem[X,0x8002E75A] -> 0x0021
[4749] [M]: 0x8002E758 (0x00210113) addi sp, sp, 2
x2 <- 0x00000002


mem[X,0x8002E75C] -> 0x006F
mem[X,0x8002E75E] -> 0x2000
[4750] [M]: 0x8002E75C (0x2000006F) jal zero, 512


mem[X,0x8002E95C] -> 0xA623
mem[X,0x8002E95E] -> 0x7820
[4751] [M]: 0x8002E95C (0x7820A623) sw sp, 1932(ra)
mem[0x800398F4] <- 0x00000002


mem[X,0x8002E960] -> 0x6537
mem[X,0x8002E962] -> 0x6666
[4752] [M]: 0x8002E960 (0x66666537) lui a0, 419430
x10 <- 0x66666000


mem[X,0x8002E964] -> 0x0513
mem[X,0x8002E966] -> 0x6655
[4753] [M]: 0x8002E964 (0x66550513) addi a0, a0, 1637
x10 <- 0x66666665


mem[X,0x8002E968] -> 0x35B7
mem[X,0x8002E96A] -> 0x3333
[4754] [M]: 0x8002E968 (0x333335B7) lui a1, 209715
x11 <- 0x33333000


mem[X,0x8002E96C] -> 0x8593
mem[X,0x8002E96E] -> 0x3325
[4755] [M]: 0x8002E96C (0x33258593) addi a1, a1, 818
x11 <- 0x33333332


mem[X,0x8002E970] -> 0x0113
mem[X,0x8002E972] -> 0x0000
[4756] [M]: 0x8002E970 (0x00000113) addi sp, zero, 0
x2 <- 0x00000000


mem[X,0x8002E974] -> 0x006F
mem[X,0x8002E976] -> 0x00C0
[4757] [M]: 0x8002E974 (0x00C0006F) jal zero, 12


mem[X,0x8002E980] -> 0x4063
mem[X,0x8002E982] -> 0x10B5
[4758] [M]: 0x8002E980 (0x10B54063) blt a0, a1, 256


mem[X,0x8002E984] -> 0x0113
mem[X,0x8002E986] -> 0x0021
[4759] [M]: 0x8002E984 (0x00210113) addi sp, sp, 2
x2 <- 0x00000002


mem[X,0x8002E988] -> 0x006F
mem[X,0x8002E98A] -> 0x1000
[4760] [M]: 0x8002E988 (0x1000006F) jal zero, 256


mem[X,0x8002EA88] -> 0xA823
mem[X,0x8002EA8A] -> 0x7820
[4761] [M]: 0x8002EA88 (0x7820A823) sw sp, 1936(ra)
mem[0x800398F8] <- 0x00000002


mem[X,0x8002EA8C] -> 0x6537
mem[X,0x8002EA8E] -> 0x6666
[4762] [M]: 0x8002EA8C (0x66666537) lui a0, 419430
x10 <- 0x66666000


mem[X,0x8002EA90] -> 0x0513
mem[X,0x8002EA92] -> 0x6655
[4763] [M]: 0x8002EA90 (0x66550513) addi a0, a0, 1637
x10 <- 0x66666665


mem[X,0x8002EA94] -> 0x65B7
mem[X,0x8002EA96] -> 0x6666
[4764] [M]: 0x8002EA94 (0x666665B7) lui a1, 419430
x11 <- 0x66666000


mem[X,0x8002EA98] -> 0x8593
mem[X,0x8002EA9A] -> 0x6655
[4765] [M]: 0x8002EA98 (0x66558593) addi a1, a1, 1637
x11 <- 0x66666665


mem[X,0x8002EA9C] -> 0x0113
mem[X,0x8002EA9E] -> 0x0000
[4766] [M]: 0x8002EA9C (0x00000113) addi sp, zero, 0
x2 <- 0x00000000


mem[X,0x8002EAA0] -> 0x006F
mem[X,0x8002EAA2] -> 0x00C0
[4767] [M]: 0x8002EAA0 (0x00C0006F) jal zero, 12


mem[X,0x8002EAAC] -> 0x4063
mem[X,0x8002EAAE] -> 0x40B5
[4768] [M]: 0x8002EAAC (0x40B54063) blt a0, a1, 1024


mem[X,0x8002EAB0] -> 0x0113
mem[X,0x8002EAB2] -> 0x0021
[4769] [M]: 0x8002EAB0 (0x00210113) addi sp, sp, 2
x2 <- 0x00000002


mem[X,0x8002EAB4] -> 0x006F
mem[X,0x8002EAB6] -> 0x4000
[4770] [M]: 0x8002EAB4 (0x4000006F) jal zero, 1024


mem[X,0x8002EEB4] -> 0xAA23
mem[X,0x8002EEB6] -> 0x7820
[4771] [M]: 0x8002EEB4 (0x7820AA23) sw sp, 1940(ra)
mem[0x800398FC] <- 0x00000002


mem[X,0x8002EEB8] -> 0x6537
mem[X,0x8002EEBA] -> 0x6666
[4772] [M]: 0x8002EEB8 (0x66666537) lui a0, 419430
x10 <- 0x66666000


mem[X,0x8002EEBC] -> 0x0513
mem[X,0x8002EEBE] -> 0x6655
[4773] [M]: 0x8002EEBC (0x66550513) addi a0, a0, 1637
x10 <- 0x66666665


mem[X,0x8002EEC0] -> 0xB5B7
mem[X,0x8002EEC2] -> 0x0000
[4774] [M]: 0x8002EEC0 (0x0000B5B7) lui a1, 11
x11 <- 0x0000B000


mem[X,0x8002EEC4] -> 0x8593
mem[X,0x8002EEC6] -> 0x5035
[4775] [M]: 0x8002EEC4 (0x50358593) addi a1, a1, 1283
x11 <- 0x0000B503


mem[X,0x8002EEC8] -> 0x0113
mem[X,0x8002EECA] -> 0x0000
[4776] [M]: 0x8002EEC8 (0x00000113) addi sp, zero, 0
x2 <- 0x00000000


mem[X,0x8002EECC] -> 0x006F
mem[X,0x8002EECE] -> 0x00C0
[4777] [M]: 0x8002EECC (0x00C0006F) jal zero, 12


mem[X,0x8002EED8] -> 0x4CE3
mem[X,0x8002EEDA] -> 0xFEB5
[4778] [M]: 0x8002EED8 (0xFEB54CE3) blt a0, a1, 8184


mem[X,0x8002EEDC] -> 0x0113
mem[X,0x8002EEDE] -> 0x0021
[4779] [M]: 0x8002EEDC (0x00210113) addi sp, sp, 2
x2 <- 0x00000002


mem[X,0x8002EEE0] -> 0x006F
mem[X,0x8002EEE2] -> 0x00C0
[4780] [M]: 0x8002EEE0 (0x00C0006F) jal zero, 12


mem[X,0x8002EEEC] -> 0xAC23
mem[X,0x8002EEEE] -> 0x7820
[4781] [M]: 0x8002EEEC (0x7820AC23) sw sp, 1944(ra)
mem[0x80039900] <- 0x00000002


mem[X,0x8002EEF0] -> 0x6537
mem[X,0x8002EEF2] -> 0x6666
[4782] [M]: 0x8002EEF0 (0x66666537) lui a0, 419430
x10 <- 0x66666000


mem[X,0x8002EEF4] -> 0x0513
mem[X,0x8002EEF6] -> 0x6655
[4783] [M]: 0x8002EEF4 (0x66550513) addi a0, a0, 1637
x10 <- 0x66666665


mem[X,0x8002EEF8] -> 0x55B7
mem[X,0x8002EEFA] -> 0x5555
[4784] [M]: 0x8002EEF8 (0x555555B7) lui a1, 349525
x11 <- 0x55555000


mem[X,0x8002EEFC] -> 0x8593
mem[X,0x8002EEFE] -> 0x5565
[4785] [M]: 0x8002EEFC (0x55658593) addi a1, a1, 1366
x11 <- 0x55555556


mem[X,0x8002EF00] -> 0x0113
mem[X,0x8002EF02] -> 0x0000
[4786] [M]: 0x8002EF00 (0x00000113) addi sp, zero, 0
x2 <- 0x00000000


mem[X,0x8002EF04] -> 0x006F
mem[X,0x8002EF06] -> 0x2B10
[4787] [M]: 0x8002EF04 (0x2B10006F) jal zero, 2736


mem[X,0x8002F9B4] -> 0x4A63
mem[X,0x8002F9B6] -> 0xD4B5
[4788] [M]: 0x8002F9B4 (0xD4B54A63) blt a0, a1, 5460


mem[X,0x8002F9B8] -> 0x0113
mem[X,0x8002F9BA] -> 0x0021
[4789] [M]: 0x8002F9B8 (0x00210113) addi sp, sp, 2
x2 <- 0x00000002


mem[X,0x8002F9BC] -> 0x006F
mem[X,0x8002F9BE] -> 0x00C0
[4790] [M]: 0x8002F9BC (0x00C0006F) jal zero, 12


mem[X,0x8002F9C8] -> 0xAE23
mem[X,0x8002F9CA] -> 0x7820
[4791] [M]: 0x8002F9C8 (0x7820AE23) sw sp, 1948(ra)
mem[0x80039904] <- 0x00000002


mem[X,0x8002F9CC] -> 0x6537
mem[X,0x8002F9CE] -> 0x6666
[4792] [M]: 0x8002F9CC (0x66666537) lui a0, 419430
x10 <- 0x66666000


mem[X,0x8002F9D0] -> 0x0513
mem[X,0x8002F9D2] -> 0x6655
[4793] [M]: 0x8002F9D0 (0x66550513) addi a0, a0, 1637
x10 <- 0x66666665


mem[X,0x8002F9D4] -> 0xB5B7
mem[X,0x8002F9D6] -> 0xAAAA
[4794] [M]: 0x8002F9D4 (0xAAAAB5B7) lui a1, 699051
x11 <- 0xAAAAB000


mem[X,0x8002F9D8] -> 0x8593
mem[X,0x8002F9DA] -> 0xAAB5
[4795] [M]: 0x8002F9D8 (0xAAB58593) addi a1, a1, 2731
x11 <- 0xAAAAAAAB


mem[X,0x8002F9DC] -> 0x0113
mem[X,0x8002F9DE] -> 0x0000
[4796] [M]: 0x8002F9DC (0x00000113) addi sp, zero, 0
x2 <- 0x00000000


mem[X,0x8002F9E0] -> 0x006F
mem[X,0x8002F9E2] -> 0x0180
[4797] [M]: 0x8002F9E0 (0x0180006F) jal zero, 24


mem[X,0x8002F9F8] -> 0x46E3
mem[X,0x8002F9FA] -> 0xFEB5
[4798] [M]: 0x8002F9F8 (0xFEB546E3) blt a0, a1, 8172


mem[X,0x8002F9FC] -> 0x0113
mem[X,0x8002F9FE] -> 0x0021
[4799] [M]: 0x8002F9FC (0x00210113) addi sp, sp, 2
x2 <- 0x00000002


clint::tick mtime <- 0x0000000000000030
 clint timer pending at mtime 0x0000000000000030
htif::tick 0x0000000000000000
mem[X,0x8002FA00] -> 0x006F
mem[X,0x8002FA02] -> 0x00C0
[4800] [M]: 0x8002FA00 (0x00C0006F) jal zero, 12


mem[X,0x8002FA0C] -> 0xA023
mem[X,0x8002FA0E] -> 0x7A20
[4801] [M]: 0x8002FA0C (0x7A20A023) sw sp, 1952(ra)
mem[0x80039908] <- 0x00000002


mem[X,0x8002FA10] -> 0x6537
mem[X,0x8002FA12] -> 0x6666
[4802] [M]: 0x8002FA10 (0x66666537) lui a0, 419430
x10 <- 0x66666000


mem[X,0x8002FA14] -> 0x0513
mem[X,0x8002FA16] -> 0x6655
[4803] [M]: 0x8002FA14 (0x66550513) addi a0, a0, 1637
x10 <- 0x66666665


mem[X,0x8002FA18] -> 0x0593
mem[X,0x8002FA1A] -> 0x0060
[4804] [M]: 0x8002FA18 (0x00600593) addi a1, zero, 6
x11 <- 0x00000006


mem[X,0x8002FA1C] -> 0x0113
mem[X,0x8002FA1E] -> 0x0000
[4805] [M]: 0x8002FA1C (0x00000113) addi sp, zero, 0
x2 <- 0x00000000


mem[X,0x8002FA20] -> 0x006F
mem[X,0x8002FA22] -> 0x00C0
[4806] [M]: 0x8002FA20 (0x00C0006F) jal zero, 12


mem[X,0x8002FA2C] -> 0x4063
mem[X,0x8002FA2E] -> 0x40B5
[4807] [M]: 0x8002FA2C (0x40B54063) blt a0, a1, 1024


mem[X,0x8002FA30] -> 0x0113
mem[X,0x8002FA32] -> 0x0021
[4808] [M]: 0x8002FA30 (0x00210113) addi sp, sp, 2
x2 <- 0x00000002


mem[X,0x8002FA34] -> 0x006F
mem[X,0x8002FA36] -> 0x4000
[4809] [M]: 0x8002FA34 (0x4000006F) jal zero, 1024


mem[X,0x8002FE34] -> 0xA223
mem[X,0x8002FE36] -> 0x7A20
[4810] [M]: 0x8002FE34 (0x7A20A223) sw sp, 1956(ra)
mem[0x8003990C] <- 0x00000002


mem[X,0x8002FE38] -> 0x6537
mem[X,0x8002FE3A] -> 0x6666
[4811] [M]: 0x8002FE38 (0x66666537) lui a0, 419430
x10 <- 0x66666000


mem[X,0x8002FE3C] -> 0x0513
mem[X,0x8002FE3E] -> 0x6655
[4812] [M]: 0x8002FE3C (0x66550513) addi a0, a0, 1637
x10 <- 0x66666665


mem[X,0x8002FE40] -> 0x35B7
mem[X,0x8002FE42] -> 0x3333
[4813] [M]: 0x8002FE40 (0x333335B7) lui a1, 209715
x11 <- 0x33333000


mem[X,0x8002FE44] -> 0x8593
mem[X,0x8002FE46] -> 0x3345
[4814] [M]: 0x8002FE44 (0x33458593) addi a1, a1, 820
x11 <- 0x33333334


mem[X,0x8002FE48] -> 0x0113
mem[X,0x8002FE4A] -> 0x0000
[4815] [M]: 0x8002FE48 (0x00000113) addi sp, zero, 0
x2 <- 0x00000000


mem[X,0x8002FE4C] -> 0x006F
mem[X,0x8002FE4E] -> 0x0100
[4816] [M]: 0x8002FE4C (0x0100006F) jal zero, 16


mem[X,0x8002FE5C] -> 0x4AE3
mem[X,0x8002FE5E] -> 0xFEB5
[4817] [M]: 0x8002FE5C (0xFEB54AE3) blt a0, a1, 8180


mem[X,0x8002FE60] -> 0x0113
mem[X,0x8002FE62] -> 0x0021
[4818] [M]: 0x8002FE60 (0x00210113) addi sp, sp, 2
x2 <- 0x00000002


mem[X,0x8002FE64] -> 0x006F
mem[X,0x8002FE66] -> 0x00C0
[4819] [M]: 0x8002FE64 (0x00C0006F) jal zero, 12


mem[X,0x8002FE70] -> 0xA423
mem[X,0x8002FE72] -> 0x7A20
[4820] [M]: 0x8002FE70 (0x7A20A423) sw sp, 1960(ra)
mem[0x80039910] <- 0x00000002


mem[X,0x8002FE74] -> 0x6537
mem[X,0x8002FE76] -> 0x6666
[4821] [M]: 0x8002FE74 (0x66666537) lui a0, 419430
x10 <- 0x66666000


mem[X,0x8002FE78] -> 0x0513
mem[X,0x8002FE7A] -> 0x6655
[4822] [M]: 0x8002FE78 (0x66550513) addi a0, a0, 1637
x10 <- 0x66666665


mem[X,0x8002FE7C] -> 0x65B7
mem[X,0x8002FE7E] -> 0x6666
[4823] [M]: 0x8002FE7C (0x666665B7) lui a1, 419430
x11 <- 0x66666000


mem[X,0x8002FE80] -> 0x8593
mem[X,0x8002FE82] -> 0x6675
[4824] [M]: 0x8002FE80 (0x66758593) addi a1, a1, 1639
x11 <- 0x66666667


mem[X,0x8002FE84] -> 0x0113
mem[X,0x8002FE86] -> 0x0000
[4825] [M]: 0x8002FE84 (0x00000113) addi sp, zero, 0
x2 <- 0x00000000


mem[X,0x8002FE88] -> 0x006F
mem[X,0x8002FE8A] -> 0x00C0
[4826] [M]: 0x8002FE88 (0x00C0006F) jal zero, 12


mem[X,0x8002FE94] -> 0x4CE3
mem[X,0x8002FE96] -> 0xFEB5
[4827] [M]: 0x8002FE94 (0xFEB54CE3) blt a0, a1, 8184


mem[X,0x8002FE8C] -> 0x0113
mem[X,0x8002FE8E] -> 0x0011
[4828] [M]: 0x8002FE8C (0x00110113) addi sp, sp, 1
x2 <- 0x00000001


mem[X,0x8002FE90] -> 0x006F
mem[X,0x8002FE92] -> 0x0180
[4829] [M]: 0x8002FE90 (0x0180006F) jal zero, 24


mem[X,0x8002FEA8] -> 0xA623
mem[X,0x8002FEAA] -> 0x7A20
[4830] [M]: 0x8002FEA8 (0x7A20A623) sw sp, 1964(ra)
mem[0x80039914] <- 0x00000001


mem[X,0x8002FEAC] -> 0x6537
mem[X,0x8002FEAE] -> 0x6666
[4831] [M]: 0x8002FEAC (0x66666537) lui a0, 419430
x10 <- 0x66666000


mem[X,0x8002FEB0] -> 0x0513
mem[X,0x8002FEB2] -> 0x6655
[4832] [M]: 0x8002FEB0 (0x66550513) addi a0, a0, 1637
x10 <- 0x66666665


mem[X,0x8002FEB4] -> 0x55B7
mem[X,0x8002FEB6] -> 0xFFFF
[4833] [M]: 0x8002FEB4 (0xFFFF55B7) lui a1, 1048565
x11 <- 0xFFFF5000


mem[X,0x8002FEB8] -> 0x8593
mem[X,0x8002FEBA] -> 0xAFD5
[4834] [M]: 0x8002FEB8 (0xAFD58593) addi a1, a1, 2813
x11 <- 0xFFFF4AFD


mem[X,0x8002FEBC] -> 0x0113
mem[X,0x8002FEBE] -> 0x0000
[4835] [M]: 0x8002FEBC (0x00000113) addi sp, zero, 0
x2 <- 0x00000000


mem[X,0x8002FEC0] -> 0x006F
mem[X,0x8002FEC2] -> 0x00C0
[4836] [M]: 0x8002FEC0 (0x00C0006F) jal zero, 12


mem[X,0x8002FECC] -> 0x4063
mem[X,0x8002FECE] -> 0x02B5
[4837] [M]: 0x8002FECC (0x02B54063) blt a0, a1, 32


mem[X,0x8002FED0] -> 0x0113
mem[X,0x8002FED2] -> 0x0021
[4838] [M]: 0x8002FED0 (0x00210113) addi sp, sp, 2
x2 <- 0x00000002


mem[X,0x8002FED4] -> 0x006F
mem[X,0x8002FED6] -> 0x0200
[4839] [M]: 0x8002FED4 (0x0200006F) jal zero, 32


mem[X,0x8002FEF4] -> 0xA823
mem[X,0x8002FEF6] -> 0x7A20
[4840] [M]: 0x8002FEF4 (0x7A20A823) sw sp, 1968(ra)
mem[0x80039918] <- 0x00000002


mem[X,0x8002FEF8] -> 0x6537
mem[X,0x8002FEFA] -> 0x6666
[4841] [M]: 0x8002FEF8 (0x66666537) lui a0, 419430
x10 <- 0x66666000


mem[X,0x8002FEFC] -> 0x0513
mem[X,0x8002FEFE] -> 0x6655
[4842] [M]: 0x8002FEFC (0x66550513) addi a0, a0, 1637
x10 <- 0x66666665


mem[X,0x8002FF00] -> 0xB5B7
mem[X,0x8002FF02] -> 0x0000
[4843] [M]: 0x8002FF00 (0x0000B5B7) lui a1, 11
x11 <- 0x0000B000


mem[X,0x8002FF04] -> 0x8593
mem[X,0x8002FF06] -> 0x5055
[4844] [M]: 0x8002FF04 (0x50558593) addi a1, a1, 1285
x11 <- 0x0000B505


mem[X,0x8002FF08] -> 0x0113
mem[X,0x8002FF0A] -> 0x0000
[4845] [M]: 0x8002FF08 (0x00000113) addi sp, zero, 0
x2 <- 0x00000000


mem[X,0x8002FF0C] -> 0x006F
mem[X,0x8002FF0E] -> 0x00C0
[4846] [M]: 0x8002FF0C (0x00C0006F) jal zero, 12


mem[X,0x8002FF18] -> 0x4063
mem[X,0x8002FF1A] -> 0x04B5
[4847] [M]: 0x8002FF18 (0x04B54063) blt a0, a1, 64


mem[X,0x8002FF1C] -> 0x0113
mem[X,0x8002FF1E] -> 0x0021
[4848] [M]: 0x8002FF1C (0x00210113) addi sp, sp, 2
x2 <- 0x00000002


mem[X,0x8002FF20] -> 0x006F
mem[X,0x8002FF22] -> 0x0400
[4849] [M]: 0x8002FF20 (0x0400006F) jal zero, 64


mem[X,0x8002FF60] -> 0xAA23
mem[X,0x8002FF62] -> 0x7A20
[4850] [M]: 0x8002FF60 (0x7A20AA23) sw sp, 1972(ra)
mem[0x8003991C] <- 0x00000002


mem[X,0x8002FF64] -> 0xB537
mem[X,0x8002FF66] -> 0x0000
[4851] [M]: 0x8002FF64 (0x0000B537) lui a0, 11
x10 <- 0x0000B000


mem[X,0x8002FF68] -> 0x0513
mem[X,0x8002FF6A] -> 0x5035
[4852] [M]: 0x8002FF68 (0x50350513) addi a0, a0, 1283
x10 <- 0x0000B503


mem[X,0x8002FF6C] -> 0x0593
mem[X,0x8002FF6E] -> 0x0030
[4853] [M]: 0x8002FF6C (0x00300593) addi a1, zero, 3
x11 <- 0x00000003


mem[X,0x8002FF70] -> 0x0113
mem[X,0x8002FF72] -> 0x0000
[4854] [M]: 0x8002FF70 (0x00000113) addi sp, zero, 0
x2 <- 0x00000000


mem[X,0x8002FF74] -> 0x006F
mem[X,0x8002FF76] -> 0x0180
[4855] [M]: 0x8002FF74 (0x0180006F) jal zero, 24


mem[X,0x8002FF8C] -> 0x46E3
mem[X,0x8002FF8E] -> 0xFEB5
[4856] [M]: 0x8002FF8C (0xFEB546E3) blt a0, a1, 8172


mem[X,0x8002FF90] -> 0x0113
mem[X,0x8002FF92] -> 0x0021
[4857] [M]: 0x8002FF90 (0x00210113) addi sp, sp, 2
x2 <- 0x00000002


mem[X,0x8002FF94] -> 0x006F
mem[X,0x8002FF96] -> 0x00C0
[4858] [M]: 0x8002FF94 (0x00C0006F) jal zero, 12


mem[X,0x8002FFA0] -> 0xAC23
mem[X,0x8002FFA2] -> 0x7A20
[4859] [M]: 0x8002FFA0 (0x7A20AC23) sw sp, 1976(ra)
mem[0x80039920] <- 0x00000002


mem[X,0x8002FFA4] -> 0xB537
mem[X,0x8002FFA6] -> 0x0000
[4860] [M]: 0x8002FFA4 (0x0000B537) lui a0, 11
x10 <- 0x0000B000


mem[X,0x8002FFA8] -> 0x0513
mem[X,0x8002FFAA] -> 0x5035
[4861] [M]: 0x8002FFA8 (0x50350513) addi a0, a0, 1283
x10 <- 0x0000B503


mem[X,0x8002FFAC] -> 0x55B7
mem[X,0x8002FFAE] -> 0x5555
[4862] [M]: 0x8002FFAC (0x555555B7) lui a1, 349525
x11 <- 0x55555000


mem[X,0x8002FFB0] -> 0x8593
mem[X,0x8002FFB2] -> 0x5555
[4863] [M]: 0x8002FFB0 (0x55558593) addi a1, a1, 1365
x11 <- 0x55555555


mem[X,0x8002FFB4] -> 0x0113
mem[X,0x8002FFB6] -> 0x0000
[4864] [M]: 0x8002FFB4 (0x00000113) addi sp, zero, 0
x2 <- 0x00000000


mem[X,0x8002FFB8] -> 0x006F
mem[X,0x8002FFBA] -> 0x00C0
[4865] [M]: 0x8002FFB8 (0x00C0006F) jal zero, 12


mem[X,0x8002FFC4] -> 0x4CE3
mem[X,0x8002FFC6] -> 0xFEB5
[4866] [M]: 0x8002FFC4 (0xFEB54CE3) blt a0, a1, 8184


mem[X,0x8002FFBC] -> 0x0113
mem[X,0x8002FFBE] -> 0x0011
[4867] [M]: 0x8002FFBC (0x00110113) addi sp, sp, 1
x2 <- 0x00000001


mem[X,0x8002FFC0] -> 0x006F
mem[X,0x8002FFC2] -> 0x0180
[4868] [M]: 0x8002FFC0 (0x0180006F) jal zero, 24


mem[X,0x8002FFD8] -> 0xAE23
mem[X,0x8002FFDA] -> 0x7A20
[4869] [M]: 0x8002FFD8 (0x7A20AE23) sw sp, 1980(ra)
mem[0x80039924] <- 0x00000001


mem[X,0x8002FFDC] -> 0xB537
mem[X,0x8002FFDE] -> 0x0000
[4870] [M]: 0x8002FFDC (0x0000B537) lui a0, 11
x10 <- 0x0000B000


mem[X,0x8002FFE0] -> 0x0513
mem[X,0x8002FFE2] -> 0x5035
[4871] [M]: 0x8002FFE0 (0x50350513) addi a0, a0, 1283
x10 <- 0x0000B503


mem[X,0x8002FFE4] -> 0xB5B7
mem[X,0x8002FFE6] -> 0xAAAA
[4872] [M]: 0x8002FFE4 (0xAAAAB5B7) lui a1, 699051
x11 <- 0xAAAAB000


mem[X,0x8002FFE8] -> 0x8593
mem[X,0x8002FFEA] -> 0xAAA5
[4873] [M]: 0x8002FFE8 (0xAAA58593) addi a1, a1, 2730
x11 <- 0xAAAAAAAA


mem[X,0x8002FFEC] -> 0x0113
mem[X,0x8002FFEE] -> 0x0000
[4874] [M]: 0x8002FFEC (0x00000113) addi sp, zero, 0
x2 <- 0x00000000


mem[X,0x8002FFF0] -> 0x006F
mem[X,0x8002FFF2] -> 0x2B10
[4875] [M]: 0x8002FFF0 (0x2B10006F) jal zero, 2736


mem[X,0x80030AA0] -> 0x4A63
mem[X,0x80030AA2] -> 0xD4B5
[4876] [M]: 0x80030AA0 (0xD4B54A63) blt a0, a1, 5460


mem[X,0x80030AA4] -> 0x0113
mem[X,0x80030AA6] -> 0x0021
[4877] [M]: 0x80030AA4 (0x00210113) addi sp, sp, 2
x2 <- 0x00000002


mem[X,0x80030AA8] -> 0x006F
mem[X,0x80030AAA] -> 0x00C0
[4878] [M]: 0x80030AA8 (0x00C0006F) jal zero, 12


mem[X,0x80030AB4] -> 0xA023
mem[X,0x80030AB6] -> 0x7C20
[4879] [M]: 0x80030AB4 (0x7C20A023) sw sp, 1984(ra)
mem[0x80039928] <- 0x00000002


mem[X,0x80030AB8] -> 0xB537
mem[X,0x80030ABA] -> 0x0000
[4880] [M]: 0x80030AB8 (0x0000B537) lui a0, 11
x10 <- 0x0000B000


mem[X,0x80030ABC] -> 0x0513
mem[X,0x80030ABE] -> 0x5035
[4881] [M]: 0x80030ABC (0x50350513) addi a0, a0, 1283
x10 <- 0x0000B503


mem[X,0x80030AC0] -> 0x0593
mem[X,0x80030AC2] -> 0x0050
[4882] [M]: 0x80030AC0 (0x00500593) addi a1, zero, 5
x11 <- 0x00000005


mem[X,0x80030AC4] -> 0x0113
mem[X,0x80030AC6] -> 0x0000
[4883] [M]: 0x80030AC4 (0x00000113) addi sp, zero, 0
x2 <- 0x00000000


mem[X,0x80030AC8] -> 0x006F
mem[X,0x80030ACA] -> 0x00C0
[4884] [M]: 0x80030AC8 (0x00C0006F) jal zero, 12


mem[X,0x80030AD4] -> 0x4663
mem[X,0x80030AD6] -> 0x00B5
[4885] [M]: 0x80030AD4 (0x00B54663) blt a0, a1, 12


mem[X,0x80030AD8] -> 0x0113
mem[X,0x80030ADA] -> 0x0021
[4886] [M]: 0x80030AD8 (0x00210113) addi sp, sp, 2
x2 <- 0x00000002


mem[X,0x80030ADC] -> 0x006F
mem[X,0x80030ADE] -> 0x00C0
[4887] [M]: 0x80030ADC (0x00C0006F) jal zero, 12


mem[X,0x80030AE8] -> 0xA223
mem[X,0x80030AEA] -> 0x7C20
[4888] [M]: 0x80030AE8 (0x7C20A223) sw sp, 1988(ra)
mem[0x8003992C] <- 0x00000002


mem[X,0x80030AEC] -> 0xB537
mem[X,0x80030AEE] -> 0x0000
[4889] [M]: 0x80030AEC (0x0000B537) lui a0, 11
x10 <- 0x0000B000


mem[X,0x80030AF0] -> 0x0513
mem[X,0x80030AF2] -> 0x5035
[4890] [M]: 0x80030AF0 (0x50350513) addi a0, a0, 1283
x10 <- 0x0000B503


mem[X,0x80030AF4] -> 0x35B7
mem[X,0x80030AF6] -> 0x3333
[4891] [M]: 0x80030AF4 (0x333335B7) lui a1, 209715
x11 <- 0x33333000


mem[X,0x80030AF8] -> 0x8593
mem[X,0x80030AFA] -> 0x3335
[4892] [M]: 0x80030AF8 (0x33358593) addi a1, a1, 819
x11 <- 0x33333333


mem[X,0x80030AFC] -> 0x0113
mem[X,0x80030AFE] -> 0x0000
[4893] [M]: 0x80030AFC (0x00000113) addi sp, zero, 0
x2 <- 0x00000000


mem[X,0x80030B00] -> 0x006F
mem[X,0x80030B02] -> 0x00C0
[4894] [M]: 0x80030B00 (0x00C0006F) jal zero, 12


mem[X,0x80030B0C] -> 0x4663
mem[X,0x80030B0E] -> 0x00B5
[4895] [M]: 0x80030B0C (0x00B54663) blt a0, a1, 12


mem[X,0x80030B18] -> 0x0113
mem[X,0x80030B1A] -> 0x0031
[4896] [M]: 0x80030B18 (0x00310113) addi sp, sp, 3
x2 <- 0x00000003


mem[X,0x80030B1C] -> 0x006F
mem[X,0x80030B1E] -> 0x0040
[4897] [M]: 0x80030B1C (0x0040006F) jal zero, 4


mem[X,0x80030B20] -> 0xA423
mem[X,0x80030B22] -> 0x7C20
[4898] [M]: 0x80030B20 (0x7C20A423) sw sp, 1992(ra)
mem[0x80039930] <- 0x00000003


mem[X,0x80030B24] -> 0xB537
mem[X,0x80030B26] -> 0x0000
[4899] [M]: 0x80030B24 (0x0000B537) lui a0, 11
x10 <- 0x0000B000


clint::tick mtime <- 0x0000000000000031
 clint timer pending at mtime 0x0000000000000031
htif::tick 0x0000000000000000
mem[X,0x80030B28] -> 0x0513
mem[X,0x80030B2A] -> 0x5035
[4900] [M]: 0x80030B28 (0x50350513) addi a0, a0, 1283
x10 <- 0x0000B503


mem[X,0x80030B2C] -> 0x65B7
mem[X,0x80030B2E] -> 0x6666
[4901] [M]: 0x80030B2C (0x666665B7) lui a1, 419430
x11 <- 0x66666000


mem[X,0x80030B30] -> 0x8593
mem[X,0x80030B32] -> 0x6665
[4902] [M]: 0x80030B30 (0x66658593) addi a1, a1, 1638
x11 <- 0x66666666


mem[X,0x80030B34] -> 0x0113
mem[X,0x80030B36] -> 0x0000
[4903] [M]: 0x80030B34 (0x00000113) addi sp, zero, 0
x2 <- 0x00000000


mem[X,0x80030B38] -> 0x006F
mem[X,0x80030B3A] -> 0x00C0
[4904] [M]: 0x80030B38 (0x00C0006F) jal zero, 12


mem[X,0x80030B44] -> 0x4663
mem[X,0x80030B46] -> 0x00B5
[4905] [M]: 0x80030B44 (0x00B54663) blt a0, a1, 12


mem[X,0x80030B50] -> 0x0113
mem[X,0x80030B52] -> 0x0031
[4906] [M]: 0x80030B50 (0x00310113) addi sp, sp, 3
x2 <- 0x00000003


mem[X,0x80030B54] -> 0x006F
mem[X,0x80030B56] -> 0x0040
[4907] [M]: 0x80030B54 (0x0040006F) jal zero, 4


mem[X,0x80030B58] -> 0xA623
mem[X,0x80030B5A] -> 0x7C20
[4908] [M]: 0x80030B58 (0x7C20A623) sw sp, 1996(ra)
mem[0x80039934] <- 0x00000003


mem[X,0x80030B5C] -> 0xB537
mem[X,0x80030B5E] -> 0x0000
[4909] [M]: 0x80030B5C (0x0000B537) lui a0, 11
x10 <- 0x0000B000


mem[X,0x80030B60] -> 0x0513
mem[X,0x80030B62] -> 0x5035
[4910] [M]: 0x80030B60 (0x50350513) addi a0, a0, 1283
x10 <- 0x0000B503


mem[X,0x80030B64] -> 0x55B7
mem[X,0x80030B66] -> 0xFFFF
[4911] [M]: 0x80030B64 (0xFFFF55B7) lui a1, 1048565
x11 <- 0xFFFF5000


mem[X,0x80030B68] -> 0x8593
mem[X,0x80030B6A] -> 0xAFC5
[4912] [M]: 0x80030B68 (0xAFC58593) addi a1, a1, 2812
x11 <- 0xFFFF4AFC


mem[X,0x80030B6C] -> 0x0113
mem[X,0x80030B6E] -> 0x0000
[4913] [M]: 0x80030B6C (0x00000113) addi sp, zero, 0
x2 <- 0x00000000


mem[X,0x80030B70] -> 0x006F
mem[X,0x80030B72] -> 0x0140
[4914] [M]: 0x80030B70 (0x0140006F) jal zero, 20


mem[X,0x80030B84] -> 0x48E3
mem[X,0x80030B86] -> 0xFEB5
[4915] [M]: 0x80030B84 (0xFEB548E3) blt a0, a1, 8176


mem[X,0x80030B88] -> 0x0113
mem[X,0x80030B8A] -> 0x0021
[4916] [M]: 0x80030B88 (0x00210113) addi sp, sp, 2
x2 <- 0x00000002


mem[X,0x80030B8C] -> 0x006F
mem[X,0x80030B8E] -> 0x00C0
[4917] [M]: 0x80030B8C (0x00C0006F) jal zero, 12


mem[X,0x80030B98] -> 0xA823
mem[X,0x80030B9A] -> 0x7C20
[4918] [M]: 0x80030B98 (0x7C20A823) sw sp, 2000(ra)
mem[0x80039938] <- 0x00000002


mem[X,0x80030B9C] -> 0xB537
mem[X,0x80030B9E] -> 0x0000
[4919] [M]: 0x80030B9C (0x0000B537) lui a0, 11
x10 <- 0x0000B000


mem[X,0x80030BA0] -> 0x0513
mem[X,0x80030BA2] -> 0x5035
[4920] [M]: 0x80030BA0 (0x50350513) addi a0, a0, 1283
x10 <- 0x0000B503


mem[X,0x80030BA4] -> 0xB5B7
mem[X,0x80030BA6] -> 0x0000
[4921] [M]: 0x80030BA4 (0x0000B5B7) lui a1, 11
x11 <- 0x0000B000


mem[X,0x80030BA8] -> 0x8593
mem[X,0x80030BAA] -> 0x5045
[4922] [M]: 0x80030BA8 (0x50458593) addi a1, a1, 1284
x11 <- 0x0000B504


mem[X,0x80030BAC] -> 0x0113
mem[X,0x80030BAE] -> 0x0000
[4923] [M]: 0x80030BAC (0x00000113) addi sp, zero, 0
x2 <- 0x00000000


mem[X,0x80030BB0] -> 0x006F
mem[X,0x80030BB2] -> 0x2B10
[4924] [M]: 0x80030BB0 (0x2B10006F) jal zero, 2736


mem[X,0x80031660] -> 0x4A63
mem[X,0x80031662] -> 0xD4B5
[4925] [M]: 0x80031660 (0xD4B54A63) blt a0, a1, 5460


mem[X,0x80030BB4] -> 0x0113
mem[X,0x80030BB6] -> 0x0011
[4926] [M]: 0x80030BB4 (0x00110113) addi sp, sp, 1
x2 <- 0x00000001


mem[X,0x80030BB8] -> 0x006F
mem[X,0x80030BBA] -> 0x2BD0
[4927] [M]: 0x80030BB8 (0x2BD0006F) jal zero, 2748


mem[X,0x80031674] -> 0xAA23
mem[X,0x80031676] -> 0x7C20
[4928] [M]: 0x80031674 (0x7C20AA23) sw sp, 2004(ra)
mem[0x8003993C] <- 0x00000001


mem[X,0x80031678] -> 0xB537
mem[X,0x8003167A] -> 0x0000
[4929] [M]: 0x80031678 (0x0000B537) lui a0, 11
x10 <- 0x0000B000


mem[X,0x8003167C] -> 0x0513
mem[X,0x8003167E] -> 0x5035
[4930] [M]: 0x8003167C (0x50350513) addi a0, a0, 1283
x10 <- 0x0000B503


mem[X,0x80031680] -> 0x0593
mem[X,0x80031682] -> 0x0020
[4931] [M]: 0x80031680 (0x00200593) addi a1, zero, 2
x11 <- 0x00000002


mem[X,0x80031684] -> 0x0113
mem[X,0x80031686] -> 0x0000
[4932] [M]: 0x80031684 (0x00000113) addi sp, zero, 0
x2 <- 0x00000000


mem[X,0x80031688] -> 0x006F
mem[X,0x8003168A] -> 0x0100
[4933] [M]: 0x80031688 (0x0100006F) jal zero, 16


mem[X,0x80031698] -> 0x4AE3
mem[X,0x8003169A] -> 0xFEB5
[4934] [M]: 0x80031698 (0xFEB54AE3) blt a0, a1, 8180


mem[X,0x8003169C] -> 0x0113
mem[X,0x8003169E] -> 0x0021
[4935] [M]: 0x8003169C (0x00210113) addi sp, sp, 2
x2 <- 0x00000002


mem[X,0x800316A0] -> 0x006F
mem[X,0x800316A2] -> 0x00C0
[4936] [M]: 0x800316A0 (0x00C0006F) jal zero, 12


mem[X,0x800316AC] -> 0xAC23
mem[X,0x800316AE] -> 0x7C20
[4937] [M]: 0x800316AC (0x7C20AC23) sw sp, 2008(ra)
mem[0x80039940] <- 0x00000002


mem[X,0x800316B0] -> 0xB537
mem[X,0x800316B2] -> 0x0000
[4938] [M]: 0x800316B0 (0x0000B537) lui a0, 11
x10 <- 0x0000B000


mem[X,0x800316B4] -> 0x0513
mem[X,0x800316B6] -> 0x5035
[4939] [M]: 0x800316B4 (0x50350513) addi a0, a0, 1283
x10 <- 0x0000B503


mem[X,0x800316B8] -> 0x55B7
mem[X,0x800316BA] -> 0x5555
[4940] [M]: 0x800316B8 (0x555555B7) lui a1, 349525
x11 <- 0x55555000


mem[X,0x800316BC] -> 0x8593
mem[X,0x800316BE] -> 0x5545
[4941] [M]: 0x800316BC (0x55458593) addi a1, a1, 1364
x11 <- 0x55555554


mem[X,0x800316C0] -> 0x0113
mem[X,0x800316C2] -> 0x0000
[4942] [M]: 0x800316C0 (0x00000113) addi sp, zero, 0
x2 <- 0x00000000


mem[X,0x800316C4] -> 0x006F
mem[X,0x800316C6] -> 0x00C0
[4943] [M]: 0x800316C4 (0x00C0006F) jal zero, 12


mem[X,0x800316D0] -> 0x4663
mem[X,0x800316D2] -> 0x00B5
[4944] [M]: 0x800316D0 (0x00B54663) blt a0, a1, 12


mem[X,0x800316DC] -> 0x0113
mem[X,0x800316DE] -> 0x0031
[4945] [M]: 0x800316DC (0x00310113) addi sp, sp, 3
x2 <- 0x00000003


mem[X,0x800316E0] -> 0x006F
mem[X,0x800316E2] -> 0x0040
[4946] [M]: 0x800316E0 (0x0040006F) jal zero, 4


mem[X,0x800316E4] -> 0xAE23
mem[X,0x800316E6] -> 0x7C20
[4947] [M]: 0x800316E4 (0x7C20AE23) sw sp, 2012(ra)
mem[0x80039944] <- 0x00000003


mem[X,0x800316E8] -> 0xB537
mem[X,0x800316EA] -> 0x0000
[4948] [M]: 0x800316E8 (0x0000B537) lui a0, 11
x10 <- 0x0000B000


mem[X,0x800316EC] -> 0x0513
mem[X,0x800316EE] -> 0x5035
[4949] [M]: 0x800316EC (0x50350513) addi a0, a0, 1283
x10 <- 0x0000B503


mem[X,0x800316F0] -> 0x0593
mem[X,0x800316F2] -> 0x0000
[4950] [M]: 0x800316F0 (0x00000593) addi a1, zero, 0
x11 <- 0x00000000


mem[X,0x800316F4] -> 0x0113
mem[X,0x800316F6] -> 0x0000
[4951] [M]: 0x800316F4 (0x00000113) addi sp, zero, 0
x2 <- 0x00000000


mem[X,0x800316F8] -> 0x006F
mem[X,0x800316FA] -> 0x00C0
[4952] [M]: 0x800316F8 (0x00C0006F) jal zero, 12


mem[X,0x80031704] -> 0x4663
mem[X,0x80031706] -> 0x00B5
[4953] [M]: 0x80031704 (0x00B54663) blt a0, a1, 12


mem[X,0x80031708] -> 0x0113
mem[X,0x8003170A] -> 0x0021
[4954] [M]: 0x80031708 (0x00210113) addi sp, sp, 2
x2 <- 0x00000002


mem[X,0x8003170C] -> 0x006F
mem[X,0x8003170E] -> 0x00C0
[4955] [M]: 0x8003170C (0x00C0006F) jal zero, 12


mem[X,0x80031718] -> 0xA023
mem[X,0x8003171A] -> 0x7E20
[4956] [M]: 0x80031718 (0x7E20A023) sw sp, 2016(ra)
mem[0x80039948] <- 0x00000002


mem[X,0x8003171C] -> 0xB537
mem[X,0x8003171E] -> 0x0000
[4957] [M]: 0x8003171C (0x0000B537) lui a0, 11
x10 <- 0x0000B000


mem[X,0x80031720] -> 0x0513
mem[X,0x80031722] -> 0x5035
[4958] [M]: 0x80031720 (0x50350513) addi a0, a0, 1283
x10 <- 0x0000B503


mem[X,0x80031724] -> 0x0593
mem[X,0x80031726] -> 0x0040
[4959] [M]: 0x80031724 (0x00400593) addi a1, zero, 4
x11 <- 0x00000004


mem[X,0x80031728] -> 0x0113
mem[X,0x8003172A] -> 0x0000
[4960] [M]: 0x80031728 (0x00000113) addi sp, zero, 0
x2 <- 0x00000000


mem[X,0x8003172C] -> 0x006F
mem[X,0x8003172E] -> 0x00C0
[4961] [M]: 0x8003172C (0x00C0006F) jal zero, 12


mem[X,0x80031738] -> 0x4663
mem[X,0x8003173A] -> 0x00B5
[4962] [M]: 0x80031738 (0x00B54663) blt a0, a1, 12


mem[X,0x8003173C] -> 0x0113
mem[X,0x8003173E] -> 0x0021
[4963] [M]: 0x8003173C (0x00210113) addi sp, sp, 2
x2 <- 0x00000002


mem[X,0x80031740] -> 0x006F
mem[X,0x80031742] -> 0x00C0
[4964] [M]: 0x80031740 (0x00C0006F) jal zero, 12


mem[X,0x8003174C] -> 0xA223
mem[X,0x8003174E] -> 0x7E20
[4965] [M]: 0x8003174C (0x7E20A223) sw sp, 2020(ra)
mem[0x8003994C] <- 0x00000002


mem[X,0x80031750] -> 0xB537
mem[X,0x80031752] -> 0x0000
[4966] [M]: 0x80031750 (0x0000B537) lui a0, 11
x10 <- 0x0000B000


mem[X,0x80031754] -> 0x0513
mem[X,0x80031756] -> 0x5035
[4967] [M]: 0x80031754 (0x50350513) addi a0, a0, 1283
x10 <- 0x0000B503


mem[X,0x80031758] -> 0x35B7
mem[X,0x8003175A] -> 0x3333
[4968] [M]: 0x80031758 (0x333335B7) lui a1, 209715
x11 <- 0x33333000


mem[X,0x8003175C] -> 0x8593
mem[X,0x8003175E] -> 0x3325
[4969] [M]: 0x8003175C (0x33258593) addi a1, a1, 818
x11 <- 0x33333332


mem[X,0x80031760] -> 0x0113
mem[X,0x80031762] -> 0x0000
[4970] [M]: 0x80031760 (0x00000113) addi sp, zero, 0
x2 <- 0x00000000


mem[X,0x80031764] -> 0x006F
mem[X,0x80031766] -> 0x00C0
[4971] [M]: 0x80031764 (0x00C0006F) jal zero, 12


mem[X,0x80031770] -> 0x4063
mem[X,0x80031772] -> 0x08B5
[4972] [M]: 0x80031770 (0x08B54063) blt a0, a1, 128


mem[X,0x800317F0] -> 0x0113
mem[X,0x800317F2] -> 0x0031
[4973] [M]: 0x800317F0 (0x00310113) addi sp, sp, 3
x2 <- 0x00000003


mem[X,0x800317F4] -> 0x006F
mem[X,0x800317F6] -> 0x0040
[4974] [M]: 0x800317F4 (0x0040006F) jal zero, 4


mem[X,0x800317F8] -> 0xA423
mem[X,0x800317FA] -> 0x7E20
[4975] [M]: 0x800317F8 (0x7E20A423) sw sp, 2024(ra)
mem[0x80039950] <- 0x00000003


mem[X,0x800317FC] -> 0xB537
mem[X,0x800317FE] -> 0x0000
[4976] [M]: 0x800317FC (0x0000B537) lui a0, 11
x10 <- 0x0000B000


mem[X,0x80031800] -> 0x0513
mem[X,0x80031802] -> 0x5035
[4977] [M]: 0x80031800 (0x50350513) addi a0, a0, 1283
x10 <- 0x0000B503


mem[X,0x80031804] -> 0x65B7
mem[X,0x80031806] -> 0x6666
[4978] [M]: 0x80031804 (0x666665B7) lui a1, 419430
x11 <- 0x66666000


mem[X,0x80031808] -> 0x8593
mem[X,0x8003180A] -> 0x6655
[4979] [M]: 0x80031808 (0x66558593) addi a1, a1, 1637
x11 <- 0x66666665


mem[X,0x8003180C] -> 0x0113
mem[X,0x8003180E] -> 0x0000
[4980] [M]: 0x8003180C (0x00000113) addi sp, zero, 0
x2 <- 0x00000000


mem[X,0x80031810] -> 0x006F
mem[X,0x80031812] -> 0x00C0
[4981] [M]: 0x80031810 (0x00C0006F) jal zero, 12


mem[X,0x8003181C] -> 0x4063
mem[X,0x8003181E] -> 0x40B5
[4982] [M]: 0x8003181C (0x40B54063) blt a0, a1, 1024


mem[X,0x80031C1C] -> 0x0113
mem[X,0x80031C1E] -> 0x0031
[4983] [M]: 0x80031C1C (0x00310113) addi sp, sp, 3
x2 <- 0x00000003


mem[X,0x80031C20] -> 0x006F
mem[X,0x80031C22] -> 0x0040
[4984] [M]: 0x80031C20 (0x0040006F) jal zero, 4


mem[X,0x80031C24] -> 0xA623
mem[X,0x80031C26] -> 0x7E20
[4985] [M]: 0x80031C24 (0x7E20A623) sw sp, 2028(ra)
mem[0x80039954] <- 0x00000003


mem[X,0x80031C28] -> 0xB537
mem[X,0x80031C2A] -> 0x0000
[4986] [M]: 0x80031C28 (0x0000B537) lui a0, 11
x10 <- 0x0000B000


mem[X,0x80031C2C] -> 0x0513
mem[X,0x80031C2E] -> 0x5035
[4987] [M]: 0x80031C2C (0x50350513) addi a0, a0, 1283
x10 <- 0x0000B503


mem[X,0x80031C30] -> 0xB5B7
mem[X,0x80031C32] -> 0x0000
[4988] [M]: 0x80031C30 (0x0000B5B7) lui a1, 11
x11 <- 0x0000B000


mem[X,0x80031C34] -> 0x8593
mem[X,0x80031C36] -> 0x5035
[4989] [M]: 0x80031C34 (0x50358593) addi a1, a1, 1283
x11 <- 0x0000B503


mem[X,0x80031C38] -> 0x0113
mem[X,0x80031C3A] -> 0x0000
[4990] [M]: 0x80031C38 (0x00000113) addi sp, zero, 0
x2 <- 0x00000000


mem[X,0x80031C3C] -> 0x006F
mem[X,0x80031C3E] -> 0x00C0
[4991] [M]: 0x80031C3C (0x00C0006F) jal zero, 12


mem[X,0x80031C48] -> 0x4CE3
mem[X,0x80031C4A] -> 0xFEB5
[4992] [M]: 0x80031C48 (0xFEB54CE3) blt a0, a1, 8184


mem[X,0x80031C4C] -> 0x0113
mem[X,0x80031C4E] -> 0x0021
[4993] [M]: 0x80031C4C (0x00210113) addi sp, sp, 2
x2 <- 0x00000002


mem[X,0x80031C50] -> 0x006F
mem[X,0x80031C52] -> 0x00C0
[4994] [M]: 0x80031C50 (0x00C0006F) jal zero, 12


mem[X,0x80031C5C] -> 0xA823
mem[X,0x80031C5E] -> 0x7E20
[4995] [M]: 0x80031C5C (0x7E20A823) sw sp, 2032(ra)
mem[0x80039958] <- 0x00000002


mem[X,0x80031C60] -> 0xB537
mem[X,0x80031C62] -> 0x0000
[4996] [M]: 0x80031C60 (0x0000B537) lui a0, 11
x10 <- 0x0000B000


mem[X,0x80031C64] -> 0x0513
mem[X,0x80031C66] -> 0x5035
[4997] [M]: 0x80031C64 (0x50350513) addi a0, a0, 1283
x10 <- 0x0000B503


mem[X,0x80031C68] -> 0x55B7
mem[X,0x80031C6A] -> 0x5555
[4998] [M]: 0x80031C68 (0x555555B7) lui a1, 349525
x11 <- 0x55555000


mem[X,0x80031C6C] -> 0x8593
mem[X,0x80031C6E] -> 0x5565
[4999] [M]: 0x80031C6C (0x55658593) addi a1, a1, 1366
x11 <- 0x55555556


clint::tick mtime <- 0x0000000000000032
 clint timer pending at mtime 0x0000000000000032
htif::tick 0x0000000000000000
mem[X,0x80031C70] -> 0x0113
mem[X,0x80031C72] -> 0x0000
[5000] [M]: 0x80031C70 (0x00000113) addi sp, zero, 0
x2 <- 0x00000000


mem[X,0x80031C74] -> 0x006F
mem[X,0x80031C76] -> 0x00C0
[5001] [M]: 0x80031C74 (0x00C0006F) jal zero, 12


mem[X,0x80031C80] -> 0x4CE3
mem[X,0x80031C82] -> 0xFEB5
[5002] [M]: 0x80031C80 (0xFEB54CE3) blt a0, a1, 8184


mem[X,0x80031C78] -> 0x0113
mem[X,0x80031C7A] -> 0x0011
[5003] [M]: 0x80031C78 (0x00110113) addi sp, sp, 1
x2 <- 0x00000001


mem[X,0x80031C7C] -> 0x006F
mem[X,0x80031C7E] -> 0x0180
[5004] [M]: 0x80031C7C (0x0180006F) jal zero, 24


mem[X,0x80031C94] -> 0xAA23
mem[X,0x80031C96] -> 0x7E20
[5005] [M]: 0x80031C94 (0x7E20AA23) sw sp, 2036(ra)
mem[0x8003995C] <- 0x00000001


mem[X,0x80031C98] -> 0xB537
mem[X,0x80031C9A] -> 0x0000
[5006] [M]: 0x80031C98 (0x0000B537) lui a0, 11
x10 <- 0x0000B000


mem[X,0x80031C9C] -> 0x0513
mem[X,0x80031C9E] -> 0x5035
[5007] [M]: 0x80031C9C (0x50350513) addi a0, a0, 1283
x10 <- 0x0000B503


mem[X,0x80031CA0] -> 0xB5B7
mem[X,0x80031CA2] -> 0xAAAA
[5008] [M]: 0x80031CA0 (0xAAAAB5B7) lui a1, 699051
x11 <- 0xAAAAB000


mem[X,0x80031CA4] -> 0x8593
mem[X,0x80031CA6] -> 0xAAB5
[5009] [M]: 0x80031CA4 (0xAAB58593) addi a1, a1, 2731
x11 <- 0xAAAAAAAB


mem[X,0x80031CA8] -> 0x0113
mem[X,0x80031CAA] -> 0x0000
[5010] [M]: 0x80031CA8 (0x00000113) addi sp, zero, 0
x2 <- 0x00000000


mem[X,0x80031CAC] -> 0x006F
mem[X,0x80031CAE] -> 0x00C0
[5011] [M]: 0x80031CAC (0x00C0006F) jal zero, 12


mem[X,0x80031CB8] -> 0x4663
mem[X,0x80031CBA] -> 0x00B5
[5012] [M]: 0x80031CB8 (0x00B54663) blt a0, a1, 12


mem[X,0x80031CBC] -> 0x0113
mem[X,0x80031CBE] -> 0x0021
[5013] [M]: 0x80031CBC (0x00210113) addi sp, sp, 2
x2 <- 0x00000002


mem[X,0x80031CC0] -> 0x006F
mem[X,0x80031CC2] -> 0x00C0
[5014] [M]: 0x80031CC0 (0x00C0006F) jal zero, 12


mem[X,0x80031CCC] -> 0xAC23
mem[X,0x80031CCE] -> 0x7E20
[5015] [M]: 0x80031CCC (0x7E20AC23) sw sp, 2040(ra)
mem[0x80039960] <- 0x00000002


mem[X,0x80031CD0] -> 0xB537
mem[X,0x80031CD2] -> 0x0000
[5016] [M]: 0x80031CD0 (0x0000B537) lui a0, 11
x10 <- 0x0000B000


mem[X,0x80031CD4] -> 0x0513
mem[X,0x80031CD6] -> 0x5035
[5017] [M]: 0x80031CD4 (0x50350513) addi a0, a0, 1283
x10 <- 0x0000B503


mem[X,0x80031CD8] -> 0x0593
mem[X,0x80031CDA] -> 0x0060
[5018] [M]: 0x80031CD8 (0x00600593) addi a1, zero, 6
x11 <- 0x00000006


mem[X,0x80031CDC] -> 0x0113
mem[X,0x80031CDE] -> 0x0000
[5019] [M]: 0x80031CDC (0x00000113) addi sp, zero, 0
x2 <- 0x00000000


mem[X,0x80031CE0] -> 0x006F
mem[X,0x80031CE2] -> 0x00C0
[5020] [M]: 0x80031CE0 (0x00C0006F) jal zero, 12


mem[X,0x80031CEC] -> 0x4663
mem[X,0x80031CEE] -> 0x00B5
[5021] [M]: 0x80031CEC (0x00B54663) blt a0, a1, 12


mem[X,0x80031CF0] -> 0x0113
mem[X,0x80031CF2] -> 0x0021
[5022] [M]: 0x80031CF0 (0x00210113) addi sp, sp, 2
x2 <- 0x00000002


mem[X,0x80031CF4] -> 0x006F
mem[X,0x80031CF6] -> 0x00C0
[5023] [M]: 0x80031CF4 (0x00C0006F) jal zero, 12


mem[X,0x80031D00] -> 0xAE23
mem[X,0x80031D02] -> 0x7E20
[5024] [M]: 0x80031D00 (0x7E20AE23) sw sp, 2044(ra)
mem[0x80039964] <- 0x00000002


mem[X,0x80031D04] -> 0x0013
mem[X,0x80031D06] -> 0x0000
[5025] [M]: 0x80031D04 (0x00000013) addi zero, zero, 0


mem[X,0x80031D08] -> 0x0013
mem[X,0x80031D0A] -> 0x0000
[5026] [M]: 0x80031D08 (0x00000013) addi zero, zero, 0


mem[X,0x80031D0C] -> 0x0013
mem[X,0x80031D0E] -> 0x0000
[5027] [M]: 0x80031D0C (0x00000013) addi zero, zero, 0


mem[X,0x80031D10] -> 0x0013
mem[X,0x80031D12] -> 0x0000
[5028] [M]: 0x80031D10 (0x00000013) addi zero, zero, 0


mem[X,0x80031D14] -> 0x0013
mem[X,0x80031D16] -> 0x0000
[5029] [M]: 0x80031D14 (0x00000013) addi zero, zero, 0


mem[X,0x80031D18] -> 0x0013
mem[X,0x80031D1A] -> 0x0000
[5030] [M]: 0x80031D18 (0x00000013) addi zero, zero, 0


mem[X,0x80031D1C] -> 0x0013
mem[X,0x80031D1E] -> 0x0000
[5031] [M]: 0x80031D1C (0x00000013) addi zero, zero, 0


mem[X,0x80031D20] -> 0x8097
mem[X,0x80031D22] -> 0x0000
[5032] [M]: 0x80031D20 (0x00008097) auipc ra, 8
x1 <- 0x80039D20


mem[X,0x80031D24] -> 0x8093
mem[X,0x80031D26] -> 0xC480
[5033] [M]: 0x80031D24 (0xC4808093) addi ra, ra, 3144
x1 <- 0x80039968


mem[X,0x80031D28] -> 0x0013
mem[X,0x80031D2A] -> 0x0000
[5034] [M]: 0x80031D28 (0x00000013) addi zero, zero, 0


mem[X,0x80031D2C] -> 0x0013
mem[X,0x80031D2E] -> 0x0000
[5035] [M]: 0x80031D2C (0x00000013) addi zero, zero, 0


mem[X,0x80031D30] -> 0x0013
mem[X,0x80031D32] -> 0x0000
[5036] [M]: 0x80031D30 (0x00000013) addi zero, zero, 0


mem[X,0x80031D34] -> 0x0013
mem[X,0x80031D36] -> 0x0000
[5037] [M]: 0x80031D34 (0x00000013) addi zero, zero, 0


mem[X,0x80031D38] -> 0x0013
mem[X,0x80031D3A] -> 0x0000
[5038] [M]: 0x80031D38 (0x00000013) addi zero, zero, 0


mem[X,0x80031D3C] -> 0x0013
mem[X,0x80031D3E] -> 0x0000
[5039] [M]: 0x80031D3C (0x00000013) addi zero, zero, 0


mem[X,0x80031D40] -> 0xB537
mem[X,0x80031D42] -> 0x0000
[5040] [M]: 0x80031D40 (0x0000B537) lui a0, 11
x10 <- 0x0000B000


mem[X,0x80031D44] -> 0x0513
mem[X,0x80031D46] -> 0x5035
[5041] [M]: 0x80031D44 (0x50350513) addi a0, a0, 1283
x10 <- 0x0000B503


mem[X,0x80031D48] -> 0x35B7
mem[X,0x80031D4A] -> 0x3333
[5042] [M]: 0x80031D48 (0x333335B7) lui a1, 209715
x11 <- 0x33333000


mem[X,0x80031D4C] -> 0x8593
mem[X,0x80031D4E] -> 0x3345
[5043] [M]: 0x80031D4C (0x33458593) addi a1, a1, 820
x11 <- 0x33333334


mem[X,0x80031D50] -> 0x0113
mem[X,0x80031D52] -> 0x0000
[5044] [M]: 0x80031D50 (0x00000113) addi sp, zero, 0
x2 <- 0x00000000


mem[X,0x80031D54] -> 0x006F
mem[X,0x80031D56] -> 0x00C0
[5045] [M]: 0x80031D54 (0x00C0006F) jal zero, 12


mem[X,0x80031D60] -> 0x4663
mem[X,0x80031D62] -> 0x00B5
[5046] [M]: 0x80031D60 (0x00B54663) blt a0, a1, 12


mem[X,0x80031D6C] -> 0x0113
mem[X,0x80031D6E] -> 0x0031
[5047] [M]: 0x80031D6C (0x00310113) addi sp, sp, 3
x2 <- 0x00000003


mem[X,0x80031D70] -> 0x006F
mem[X,0x80031D72] -> 0x0040
[5048] [M]: 0x80031D70 (0x0040006F) jal zero, 4


mem[X,0x80031D74] -> 0xA023
mem[X,0x80031D76] -> 0x0020
[5049] [M]: 0x80031D74 (0x0020A023) sw sp, 0(ra)
mem[0x80039968] <- 0x00000003


mem[X,0x80031D78] -> 0xB537
mem[X,0x80031D7A] -> 0x0000
[5050] [M]: 0x80031D78 (0x0000B537) lui a0, 11
x10 <- 0x0000B000


mem[X,0x80031D7C] -> 0x0513
mem[X,0x80031D7E] -> 0x5035
[5051] [M]: 0x80031D7C (0x50350513) addi a0, a0, 1283
x10 <- 0x0000B503


mem[X,0x80031D80] -> 0x65B7
mem[X,0x80031D82] -> 0x6666
[5052] [M]: 0x80031D80 (0x666665B7) lui a1, 419430
x11 <- 0x66666000


mem[X,0x80031D84] -> 0x8593
mem[X,0x80031D86] -> 0x6675
[5053] [M]: 0x80031D84 (0x66758593) addi a1, a1, 1639
x11 <- 0x66666667


mem[X,0x80031D88] -> 0x0113
mem[X,0x80031D8A] -> 0x0000
[5054] [M]: 0x80031D88 (0x00000113) addi sp, zero, 0
x2 <- 0x00000000


mem[X,0x80031D8C] -> 0x006F
mem[X,0x80031D8E] -> 0x00C0
[5055] [M]: 0x80031D8C (0x00C0006F) jal zero, 12


mem[X,0x80031D98] -> 0x4063
mem[X,0x80031D9A] -> 0x20B5
[5056] [M]: 0x80031D98 (0x20B54063) blt a0, a1, 512


mem[X,0x80031F98] -> 0x0113
mem[X,0x80031F9A] -> 0x0031
[5057] [M]: 0x80031F98 (0x00310113) addi sp, sp, 3
x2 <- 0x00000003


mem[X,0x80031F9C] -> 0x006F
mem[X,0x80031F9E] -> 0x0040
[5058] [M]: 0x80031F9C (0x0040006F) jal zero, 4


mem[X,0x80031FA0] -> 0xA223
mem[X,0x80031FA2] -> 0x0020
[5059] [M]: 0x80031FA0 (0x0020A223) sw sp, 4(ra)
mem[0x8003996C] <- 0x00000003


mem[X,0x80031FA4] -> 0xB537
mem[X,0x80031FA6] -> 0x0000
[5060] [M]: 0x80031FA4 (0x0000B537) lui a0, 11
x10 <- 0x0000B000


mem[X,0x80031FA8] -> 0x0513
mem[X,0x80031FAA] -> 0x5035
[5061] [M]: 0x80031FA8 (0x50350513) addi a0, a0, 1283
x10 <- 0x0000B503


mem[X,0x80031FAC] -> 0x55B7
mem[X,0x80031FAE] -> 0xFFFF
[5062] [M]: 0x80031FAC (0xFFFF55B7) lui a1, 1048565
x11 <- 0xFFFF5000


mem[X,0x80031FB0] -> 0x8593
mem[X,0x80031FB2] -> 0xAFD5
[5063] [M]: 0x80031FB0 (0xAFD58593) addi a1, a1, 2813
x11 <- 0xFFFF4AFD


mem[X,0x80031FB4] -> 0x0113
mem[X,0x80031FB6] -> 0x0000
[5064] [M]: 0x80031FB4 (0x00000113) addi sp, zero, 0
x2 <- 0x00000000


mem[X,0x80031FB8] -> 0x006F
mem[X,0x80031FBA] -> 0x00C0
[5065] [M]: 0x80031FB8 (0x00C0006F) jal zero, 12


mem[X,0x80031FC4] -> 0x4663
mem[X,0x80031FC6] -> 0x00B5
[5066] [M]: 0x80031FC4 (0x00B54663) blt a0, a1, 12


mem[X,0x80031FC8] -> 0x0113
mem[X,0x80031FCA] -> 0x0021
[5067] [M]: 0x80031FC8 (0x00210113) addi sp, sp, 2
x2 <- 0x00000002


mem[X,0x80031FCC] -> 0x006F
mem[X,0x80031FCE] -> 0x00C0
[5068] [M]: 0x80031FCC (0x00C0006F) jal zero, 12


mem[X,0x80031FD8] -> 0xA423
mem[X,0x80031FDA] -> 0x0020
[5069] [M]: 0x80031FD8 (0x0020A423) sw sp, 8(ra)
mem[0x80039970] <- 0x00000002


mem[X,0x80031FDC] -> 0xB537
mem[X,0x80031FDE] -> 0x0000
[5070] [M]: 0x80031FDC (0x0000B537) lui a0, 11
x10 <- 0x0000B000


mem[X,0x80031FE0] -> 0x0513
mem[X,0x80031FE2] -> 0x5035
[5071] [M]: 0x80031FE0 (0x50350513) addi a0, a0, 1283
x10 <- 0x0000B503


mem[X,0x80031FE4] -> 0xB5B7
mem[X,0x80031FE6] -> 0x0000
[5072] [M]: 0x80031FE4 (0x0000B5B7) lui a1, 11
x11 <- 0x0000B000


mem[X,0x80031FE8] -> 0x8593
mem[X,0x80031FEA] -> 0x5055
[5073] [M]: 0x80031FE8 (0x50558593) addi a1, a1, 1285
x11 <- 0x0000B505


mem[X,0x80031FEC] -> 0x0113
mem[X,0x80031FEE] -> 0x0000
[5074] [M]: 0x80031FEC (0x00000113) addi sp, zero, 0
x2 <- 0x00000000


mem[X,0x80031FF0] -> 0x006F
mem[X,0x80031FF2] -> 0x00C0
[5075] [M]: 0x80031FF0 (0x00C0006F) jal zero, 12


mem[X,0x80031FFC] -> 0x4CE3
mem[X,0x80031FFE] -> 0xFEB5
[5076] [M]: 0x80031FFC (0xFEB54CE3) blt a0, a1, 8184


mem[X,0x80031FF4] -> 0x0113
mem[X,0x80031FF6] -> 0x0011
[5077] [M]: 0x80031FF4 (0x00110113) addi sp, sp, 1
x2 <- 0x00000001


mem[X,0x80031FF8] -> 0x006F
mem[X,0x80031FFA] -> 0x0180
[5078] [M]: 0x80031FF8 (0x0180006F) jal zero, 24


mem[X,0x80032010] -> 0xA623
mem[X,0x80032012] -> 0x0020
[5079] [M]: 0x80032010 (0x0020A623) sw sp, 12(ra)
mem[0x80039974] <- 0x00000001


mem[X,0x80032014] -> 0x5537
mem[X,0x80032016] -> 0x5555
[5080] [M]: 0x80032014 (0x55555537) lui a0, 349525
x10 <- 0x55555000


mem[X,0x80032018] -> 0x0513
mem[X,0x8003201A] -> 0x5565
[5081] [M]: 0x80032018 (0x55650513) addi a0, a0, 1366
x10 <- 0x55555556


mem[X,0x8003201C] -> 0x0593
mem[X,0x8003201E] -> 0x0030
[5082] [M]: 0x8003201C (0x00300593) addi a1, zero, 3
x11 <- 0x00000003


mem[X,0x80032020] -> 0x0113
mem[X,0x80032022] -> 0x0000
[5083] [M]: 0x80032020 (0x00000113) addi sp, zero, 0
x2 <- 0x00000000


mem[X,0x80032024] -> 0x006F
mem[X,0x80032026] -> 0x00C0
[5084] [M]: 0x80032024 (0x00C0006F) jal zero, 12


mem[X,0x80032030] -> 0x4863
mem[X,0x80032032] -> 0x00B5
[5085] [M]: 0x80032030 (0x00B54863) blt a0, a1, 16


mem[X,0x80032034] -> 0x0113
mem[X,0x80032036] -> 0x0021
[5086] [M]: 0x80032034 (0x00210113) addi sp, sp, 2
x2 <- 0x00000002


mem[X,0x80032038] -> 0x006F
mem[X,0x8003203A] -> 0x0100
[5087] [M]: 0x80032038 (0x0100006F) jal zero, 16


mem[X,0x80032048] -> 0xA823
mem[X,0x8003204A] -> 0x0020
[5088] [M]: 0x80032048 (0x0020A823) sw sp, 16(ra)
mem[0x80039978] <- 0x00000002


mem[X,0x8003204C] -> 0x5537
mem[X,0x8003204E] -> 0x5555
[5089] [M]: 0x8003204C (0x55555537) lui a0, 349525
x10 <- 0x55555000


mem[X,0x80032050] -> 0x0513
mem[X,0x80032052] -> 0x5565
[5090] [M]: 0x80032050 (0x55650513) addi a0, a0, 1366
x10 <- 0x55555556


mem[X,0x80032054] -> 0x55B7
mem[X,0x80032056] -> 0x5555
[5091] [M]: 0x80032054 (0x555555B7) lui a1, 349525
x11 <- 0x55555000


mem[X,0x80032058] -> 0x8593
mem[X,0x8003205A] -> 0x5555
[5092] [M]: 0x80032058 (0x55558593) addi a1, a1, 1365
x11 <- 0x55555555


mem[X,0x8003205C] -> 0x0113
mem[X,0x8003205E] -> 0x0000
[5093] [M]: 0x8003205C (0x00000113) addi sp, zero, 0
x2 <- 0x00000000


mem[X,0x80032060] -> 0x006F
mem[X,0x80032062] -> 0x0100
[5094] [M]: 0x80032060 (0x0100006F) jal zero, 16


mem[X,0x80032070] -> 0x4AE3
mem[X,0x80032072] -> 0xFEB5
[5095] [M]: 0x80032070 (0xFEB54AE3) blt a0, a1, 8180


mem[X,0x80032074] -> 0x0113
mem[X,0x80032076] -> 0x0021
[5096] [M]: 0x80032074 (0x00210113) addi sp, sp, 2
x2 <- 0x00000002


mem[X,0x80032078] -> 0x006F
mem[X,0x8003207A] -> 0x00C0
[5097] [M]: 0x80032078 (0x00C0006F) jal zero, 12


mem[X,0x80032084] -> 0xAA23
mem[X,0x80032086] -> 0x0020
[5098] [M]: 0x80032084 (0x0020AA23) sw sp, 20(ra)
mem[0x8003997C] <- 0x00000002


mem[X,0x80032088] -> 0x5537
mem[X,0x8003208A] -> 0x5555
[5099] [M]: 0x80032088 (0x55555537) lui a0, 349525
x10 <- 0x55555000


clint::tick mtime <- 0x0000000000000033
 clint timer pending at mtime 0x0000000000000033
htif::tick 0x0000000000000000
mem[X,0x8003208C] -> 0x0513
mem[X,0x8003208E] -> 0x5565
[5100] [M]: 0x8003208C (0x55650513) addi a0, a0, 1366
x10 <- 0x55555556


mem[X,0x80032090] -> 0xB5B7
mem[X,0x80032092] -> 0xAAAA
[5101] [M]: 0x80032090 (0xAAAAB5B7) lui a1, 699051
x11 <- 0xAAAAB000


mem[X,0x80032094] -> 0x8593
mem[X,0x80032096] -> 0xAAA5
[5102] [M]: 0x80032094 (0xAAA58593) addi a1, a1, 2730
x11 <- 0xAAAAAAAA


mem[X,0x80032098] -> 0x0113
mem[X,0x8003209A] -> 0x0000
[5103] [M]: 0x80032098 (0x00000113) addi sp, zero, 0
x2 <- 0x00000000


mem[X,0x8003209C] -> 0x006F
mem[X,0x8003209E] -> 0x00C0
[5104] [M]: 0x8003209C (0x00C0006F) jal zero, 12


mem[X,0x800320A8] -> 0x4CE3
mem[X,0x800320AA] -> 0xFEB5
[5105] [M]: 0x800320A8 (0xFEB54CE3) blt a0, a1, 8184


mem[X,0x800320AC] -> 0x0113
mem[X,0x800320AE] -> 0x0021
[5106] [M]: 0x800320AC (0x00210113) addi sp, sp, 2
x2 <- 0x00000002


mem[X,0x800320B0] -> 0x006F
mem[X,0x800320B2] -> 0x00C0
[5107] [M]: 0x800320B0 (0x00C0006F) jal zero, 12


mem[X,0x800320BC] -> 0xAC23
mem[X,0x800320BE] -> 0x0020
[5108] [M]: 0x800320BC (0x0020AC23) sw sp, 24(ra)
mem[0x80039980] <- 0x00000002


mem[X,0x800320C0] -> 0x5537
mem[X,0x800320C2] -> 0x5555
[5109] [M]: 0x800320C0 (0x55555537) lui a0, 349525
x10 <- 0x55555000


mem[X,0x800320C4] -> 0x0513
mem[X,0x800320C6] -> 0x5565
[5110] [M]: 0x800320C4 (0x55650513) addi a0, a0, 1366
x10 <- 0x55555556


mem[X,0x800320C8] -> 0x0593
mem[X,0x800320CA] -> 0x0050
[5111] [M]: 0x800320C8 (0x00500593) addi a1, zero, 5
x11 <- 0x00000005


mem[X,0x800320CC] -> 0x0113
mem[X,0x800320CE] -> 0x0000
[5112] [M]: 0x800320CC (0x00000113) addi sp, zero, 0
x2 <- 0x00000000


mem[X,0x800320D0] -> 0x006F
mem[X,0x800320D2] -> 0x00C0
[5113] [M]: 0x800320D0 (0x00C0006F) jal zero, 12


mem[X,0x800320DC] -> 0x4063
mem[X,0x800320DE] -> 0x10B5
[5114] [M]: 0x800320DC (0x10B54063) blt a0, a1, 256


mem[X,0x800320E0] -> 0x0113
mem[X,0x800320E2] -> 0x0021
[5115] [M]: 0x800320E0 (0x00210113) addi sp, sp, 2
x2 <- 0x00000002


mem[X,0x800320E4] -> 0x006F
mem[X,0x800320E6] -> 0x1000
[5116] [M]: 0x800320E4 (0x1000006F) jal zero, 256


mem[X,0x800321E4] -> 0xAE23
mem[X,0x800321E6] -> 0x0020
[5117] [M]: 0x800321E4 (0x0020AE23) sw sp, 28(ra)
mem[0x80039984] <- 0x00000002


mem[X,0x800321E8] -> 0x5537
mem[X,0x800321EA] -> 0x5555
[5118] [M]: 0x800321E8 (0x55555537) lui a0, 349525
x10 <- 0x55555000


mem[X,0x800321EC] -> 0x0513
mem[X,0x800321EE] -> 0x5565
[5119] [M]: 0x800321EC (0x55650513) addi a0, a0, 1366
x10 <- 0x55555556


mem[X,0x800321F0] -> 0x35B7
mem[X,0x800321F2] -> 0x3333
[5120] [M]: 0x800321F0 (0x333335B7) lui a1, 209715
x11 <- 0x33333000


mem[X,0x800321F4] -> 0x8593
mem[X,0x800321F6] -> 0x3335
[5121] [M]: 0x800321F4 (0x33358593) addi a1, a1, 819
x11 <- 0x33333333


mem[X,0x800321F8] -> 0x0113
mem[X,0x800321FA] -> 0x0000
[5122] [M]: 0x800321F8 (0x00000113) addi sp, zero, 0
x2 <- 0x00000000


mem[X,0x800321FC] -> 0x006F
mem[X,0x800321FE] -> 0x00C0
[5123] [M]: 0x800321FC (0x00C0006F) jal zero, 12


mem[X,0x80032208] -> 0x4063
mem[X,0x8003220A] -> 0x40B5
[5124] [M]: 0x80032208 (0x40B54063) blt a0, a1, 1024


mem[X,0x8003220C] -> 0x0113
mem[X,0x8003220E] -> 0x0021
[5125] [M]: 0x8003220C (0x00210113) addi sp, sp, 2
x2 <- 0x00000002


mem[X,0x80032210] -> 0x006F
mem[X,0x80032212] -> 0x4000
[5126] [M]: 0x80032210 (0x4000006F) jal zero, 1024


mem[X,0x80032610] -> 0xA023
mem[X,0x80032612] -> 0x0220
[5127] [M]: 0x80032610 (0x0220A023) sw sp, 32(ra)
mem[0x80039988] <- 0x00000002


mem[X,0x80032614] -> 0x5537
mem[X,0x80032616] -> 0x5555
[5128] [M]: 0x80032614 (0x55555537) lui a0, 349525
x10 <- 0x55555000


mem[X,0x80032618] -> 0x0513
mem[X,0x8003261A] -> 0x5565
[5129] [M]: 0x80032618 (0x55650513) addi a0, a0, 1366
x10 <- 0x55555556


mem[X,0x8003261C] -> 0x65B7
mem[X,0x8003261E] -> 0x6666
[5130] [M]: 0x8003261C (0x666665B7) lui a1, 419430
x11 <- 0x66666000


mem[X,0x80032620] -> 0x8593
mem[X,0x80032622] -> 0x6665
[5131] [M]: 0x80032620 (0x66658593) addi a1, a1, 1638
x11 <- 0x66666666


mem[X,0x80032624] -> 0x0113
mem[X,0x80032626] -> 0x0000
[5132] [M]: 0x80032624 (0x00000113) addi sp, zero, 0
x2 <- 0x00000000


mem[X,0x80032628] -> 0x006F
mem[X,0x8003262A] -> 0x00C0
[5133] [M]: 0x80032628 (0x00C0006F) jal zero, 12


mem[X,0x80032634] -> 0x4063
mem[X,0x80032636] -> 0x04B5
[5134] [M]: 0x80032634 (0x04B54063) blt a0, a1, 64


mem[X,0x80032674] -> 0x0113
mem[X,0x80032676] -> 0x0031
[5135] [M]: 0x80032674 (0x00310113) addi sp, sp, 3
x2 <- 0x00000003


mem[X,0x80032678] -> 0x006F
mem[X,0x8003267A] -> 0x0040
[5136] [M]: 0x80032678 (0x0040006F) jal zero, 4


mem[X,0x8003267C] -> 0xA223
mem[X,0x8003267E] -> 0x0220
[5137] [M]: 0x8003267C (0x0220A223) sw sp, 36(ra)
mem[0x8003998C] <- 0x00000003


mem[X,0x80032680] -> 0x5537
mem[X,0x80032682] -> 0x5555
[5138] [M]: 0x80032680 (0x55555537) lui a0, 349525
x10 <- 0x55555000


mem[X,0x80032684] -> 0x0513
mem[X,0x80032686] -> 0x5565
[5139] [M]: 0x80032684 (0x55650513) addi a0, a0, 1366
x10 <- 0x55555556


mem[X,0x80032688] -> 0x55B7
mem[X,0x8003268A] -> 0xFFFF
[5140] [M]: 0x80032688 (0xFFFF55B7) lui a1, 1048565
x11 <- 0xFFFF5000


mem[X,0x8003268C] -> 0x8593
mem[X,0x8003268E] -> 0xAFC5
[5141] [M]: 0x8003268C (0xAFC58593) addi a1, a1, 2812
x11 <- 0xFFFF4AFC


mem[X,0x80032690] -> 0x0113
mem[X,0x80032692] -> 0x0000
[5142] [M]: 0x80032690 (0x00000113) addi sp, zero, 0
x2 <- 0x00000000


mem[X,0x80032694] -> 0x006F
mem[X,0x80032696] -> 0x00C0
[5143] [M]: 0x80032694 (0x00C0006F) jal zero, 12


mem[X,0x800326A0] -> 0x4063
mem[X,0x800326A2] -> 0x40B5
[5144] [M]: 0x800326A0 (0x40B54063) blt a0, a1, 1024


mem[X,0x800326A4] -> 0x0113
mem[X,0x800326A6] -> 0x0021
[5145] [M]: 0x800326A4 (0x00210113) addi sp, sp, 2
x2 <- 0x00000002


mem[X,0x800326A8] -> 0x006F
mem[X,0x800326AA] -> 0x4000
[5146] [M]: 0x800326A8 (0x4000006F) jal zero, 1024


mem[X,0x80032AA8] -> 0xA423
mem[X,0x80032AAA] -> 0x0220
[5147] [M]: 0x80032AA8 (0x0220A423) sw sp, 40(ra)
mem[0x80039990] <- 0x00000002


mem[X,0x80032AAC] -> 0x5537
mem[X,0x80032AAE] -> 0x5555
[5148] [M]: 0x80032AAC (0x55555537) lui a0, 349525
x10 <- 0x55555000


mem[X,0x80032AB0] -> 0x0513
mem[X,0x80032AB2] -> 0x5565
[5149] [M]: 0x80032AB0 (0x55650513) addi a0, a0, 1366
x10 <- 0x55555556


mem[X,0x80032AB4] -> 0xB5B7
mem[X,0x80032AB6] -> 0x0000
[5150] [M]: 0x80032AB4 (0x0000B5B7) lui a1, 11
x11 <- 0x0000B000


mem[X,0x80032AB8] -> 0x8593
mem[X,0x80032ABA] -> 0x5045
[5151] [M]: 0x80032AB8 (0x50458593) addi a1, a1, 1284
x11 <- 0x0000B504


mem[X,0x80032ABC] -> 0x0113
mem[X,0x80032ABE] -> 0x0000
[5152] [M]: 0x80032ABC (0x00000113) addi sp, zero, 0
x2 <- 0x00000000


mem[X,0x80032AC0] -> 0x006F
mem[X,0x80032AC2] -> 0x0050
[5153] [M]: 0x80032AC0 (0x0050006F) jal zero, 2052


mem[X,0x800332C4] -> 0x40E3
mem[X,0x800332C6] -> 0x80B5
[5154] [M]: 0x800332C4 (0x80B540E3) blt a0, a1, 6144


mem[X,0x800332C8] -> 0x0113
mem[X,0x800332CA] -> 0x0021
[5155] [M]: 0x800332C8 (0x00210113) addi sp, sp, 2
x2 <- 0x00000002


mem[X,0x800332CC] -> 0x006F
mem[X,0x800332CE] -> 0x00C0
[5156] [M]: 0x800332CC (0x00C0006F) jal zero, 12


mem[X,0x800332D8] -> 0xA623
mem[X,0x800332DA] -> 0x0220
[5157] [M]: 0x800332D8 (0x0220A623) sw sp, 44(ra)
mem[0x80039994] <- 0x00000002


mem[X,0x800332DC] -> 0x5537
mem[X,0x800332DE] -> 0x5555
[5158] [M]: 0x800332DC (0x55555537) lui a0, 349525
x10 <- 0x55555000


mem[X,0x800332E0] -> 0x0513
mem[X,0x800332E2] -> 0x5565
[5159] [M]: 0x800332E0 (0x55650513) addi a0, a0, 1366
x10 <- 0x55555556


mem[X,0x800332E4] -> 0x0593
mem[X,0x800332E6] -> 0x0020
[5160] [M]: 0x800332E4 (0x00200593) addi a1, zero, 2
x11 <- 0x00000002


mem[X,0x800332E8] -> 0x0113
mem[X,0x800332EA] -> 0x0000
[5161] [M]: 0x800332E8 (0x00000113) addi sp, zero, 0
x2 <- 0x00000000


mem[X,0x800332EC] -> 0x006F
mem[X,0x800332EE] -> 0x00C0
[5162] [M]: 0x800332EC (0x00C0006F) jal zero, 12


mem[X,0x800332F8] -> 0x4063
mem[X,0x800332FA] -> 0x40B5
[5163] [M]: 0x800332F8 (0x40B54063) blt a0, a1, 1024


mem[X,0x800332FC] -> 0x0113
mem[X,0x800332FE] -> 0x0021
[5164] [M]: 0x800332FC (0x00210113) addi sp, sp, 2
x2 <- 0x00000002


mem[X,0x80033300] -> 0x006F
mem[X,0x80033302] -> 0x4000
[5165] [M]: 0x80033300 (0x4000006F) jal zero, 1024


mem[X,0x80033700] -> 0xA823
mem[X,0x80033702] -> 0x0220
[5166] [M]: 0x80033700 (0x0220A823) sw sp, 48(ra)
mem[0x80039998] <- 0x00000002


mem[X,0x80033704] -> 0x5537
mem[X,0x80033706] -> 0x5555
[5167] [M]: 0x80033704 (0x55555537) lui a0, 349525
x10 <- 0x55555000


mem[X,0x80033708] -> 0x0513
mem[X,0x8003370A] -> 0x5565
[5168] [M]: 0x80033708 (0x55650513) addi a0, a0, 1366
x10 <- 0x55555556


mem[X,0x8003370C] -> 0x55B7
mem[X,0x8003370E] -> 0x5555
[5169] [M]: 0x8003370C (0x555555B7) lui a1, 349525
x11 <- 0x55555000


mem[X,0x80033710] -> 0x8593
mem[X,0x80033712] -> 0x5545
[5170] [M]: 0x80033710 (0x55458593) addi a1, a1, 1364
x11 <- 0x55555554


mem[X,0x80033714] -> 0x0113
mem[X,0x80033716] -> 0x0000
[5171] [M]: 0x80033714 (0x00000113) addi sp, zero, 0
x2 <- 0x00000000


mem[X,0x80033718] -> 0x006F
mem[X,0x8003371A] -> 0x00C0
[5172] [M]: 0x80033718 (0x00C0006F) jal zero, 12


mem[X,0x80033724] -> 0x4CE3
mem[X,0x80033726] -> 0xFEB5
[5173] [M]: 0x80033724 (0xFEB54CE3) blt a0, a1, 8184


mem[X,0x80033728] -> 0x0113
mem[X,0x8003372A] -> 0x0021
[5174] [M]: 0x80033728 (0x00210113) addi sp, sp, 2
x2 <- 0x00000002


mem[X,0x8003372C] -> 0x006F
mem[X,0x8003372E] -> 0x00C0
[5175] [M]: 0x8003372C (0x00C0006F) jal zero, 12


mem[X,0x80033738] -> 0xAA23
mem[X,0x8003373A] -> 0x0220
[5176] [M]: 0x80033738 (0x0220AA23) sw sp, 52(ra)
mem[0x8003999C] <- 0x00000002


mem[X,0x8003373C] -> 0x5537
mem[X,0x8003373E] -> 0x5555
[5177] [M]: 0x8003373C (0x55555537) lui a0, 349525
x10 <- 0x55555000


mem[X,0x80033740] -> 0x0513
mem[X,0x80033742] -> 0x5565
[5178] [M]: 0x80033740 (0x55650513) addi a0, a0, 1366
x10 <- 0x55555556


mem[X,0x80033744] -> 0x0593
mem[X,0x80033746] -> 0x0000
[5179] [M]: 0x80033744 (0x00000593) addi a1, zero, 0
x11 <- 0x00000000


mem[X,0x80033748] -> 0x0113
mem[X,0x8003374A] -> 0x0000
[5180] [M]: 0x80033748 (0x00000113) addi sp, zero, 0
x2 <- 0x00000000


mem[X,0x8003374C] -> 0x006F
mem[X,0x8003374E] -> 0x00C0
[5181] [M]: 0x8003374C (0x00C0006F) jal zero, 12


mem[X,0x80033758] -> 0x4CE3
mem[X,0x8003375A] -> 0xFEB5
[5182] [M]: 0x80033758 (0xFEB54CE3) blt a0, a1, 8184


mem[X,0x8003375C] -> 0x0113
mem[X,0x8003375E] -> 0x0021
[5183] [M]: 0x8003375C (0x00210113) addi sp, sp, 2
x2 <- 0x00000002


mem[X,0x80033760] -> 0x006F
mem[X,0x80033762] -> 0x00C0
[5184] [M]: 0x80033760 (0x00C0006F) jal zero, 12


mem[X,0x8003376C] -> 0xAC23
mem[X,0x8003376E] -> 0x0220
[5185] [M]: 0x8003376C (0x0220AC23) sw sp, 56(ra)
mem[0x800399A0] <- 0x00000002


mem[X,0x80033770] -> 0x5537
mem[X,0x80033772] -> 0x5555
[5186] [M]: 0x80033770 (0x55555537) lui a0, 349525
x10 <- 0x55555000


mem[X,0x80033774] -> 0x0513
mem[X,0x80033776] -> 0x5565
[5187] [M]: 0x80033774 (0x55650513) addi a0, a0, 1366
x10 <- 0x55555556


mem[X,0x80033778] -> 0x0593
mem[X,0x8003377A] -> 0x0040
[5188] [M]: 0x80033778 (0x00400593) addi a1, zero, 4
x11 <- 0x00000004


mem[X,0x8003377C] -> 0x0113
mem[X,0x8003377E] -> 0x0000
[5189] [M]: 0x8003377C (0x00000113) addi sp, zero, 0
x2 <- 0x00000000


mem[X,0x80033780] -> 0x006F
mem[X,0x80033782] -> 0x00C0
[5190] [M]: 0x80033780 (0x00C0006F) jal zero, 12


mem[X,0x8003378C] -> 0x4863
mem[X,0x8003378E] -> 0x00B5
[5191] [M]: 0x8003378C (0x00B54863) blt a0, a1, 16


mem[X,0x80033790] -> 0x0113
mem[X,0x80033792] -> 0x0021
[5192] [M]: 0x80033790 (0x00210113) addi sp, sp, 2
x2 <- 0x00000002


mem[X,0x80033794] -> 0x006F
mem[X,0x80033796] -> 0x0100
[5193] [M]: 0x80033794 (0x0100006F) jal zero, 16


mem[X,0x800337A4] -> 0xAE23
mem[X,0x800337A6] -> 0x0220
[5194] [M]: 0x800337A4 (0x0220AE23) sw sp, 60(ra)
mem[0x800399A4] <- 0x00000002


mem[X,0x800337A8] -> 0x5537
mem[X,0x800337AA] -> 0x5555
[5195] [M]: 0x800337A8 (0x55555537) lui a0, 349525
x10 <- 0x55555000


mem[X,0x800337AC] -> 0x0513
mem[X,0x800337AE] -> 0x5565
[5196] [M]: 0x800337AC (0x55650513) addi a0, a0, 1366
x10 <- 0x55555556


mem[X,0x800337B0] -> 0x35B7
mem[X,0x800337B2] -> 0x3333
[5197] [M]: 0x800337B0 (0x333335B7) lui a1, 209715
x11 <- 0x33333000


mem[X,0x800337B4] -> 0x8593
mem[X,0x800337B6] -> 0x3325
[5198] [M]: 0x800337B4 (0x33258593) addi a1, a1, 818
x11 <- 0x33333332


mem[X,0x800337B8] -> 0x0113
mem[X,0x800337BA] -> 0x0000
[5199] [M]: 0x800337B8 (0x00000113) addi sp, zero, 0
x2 <- 0x00000000


clint::tick mtime <- 0x0000000000000034
 clint timer pending at mtime 0x0000000000000034
htif::tick 0x0000000000000000
mem[X,0x800337BC] -> 0x006F
mem[X,0x800337BE] -> 0x0100
[5200] [M]: 0x800337BC (0x0100006F) jal zero, 16


mem[X,0x800337CC] -> 0x4AE3
mem[X,0x800337CE] -> 0xFEB5
[5201] [M]: 0x800337CC (0xFEB54AE3) blt a0, a1, 8180


mem[X,0x800337D0] -> 0x0113
mem[X,0x800337D2] -> 0x0021
[5202] [M]: 0x800337D0 (0x00210113) addi sp, sp, 2
x2 <- 0x00000002


mem[X,0x800337D4] -> 0x006F
mem[X,0x800337D6] -> 0x00C0
[5203] [M]: 0x800337D4 (0x00C0006F) jal zero, 12


mem[X,0x800337E0] -> 0xA023
mem[X,0x800337E2] -> 0x0420
[5204] [M]: 0x800337E0 (0x0420A023) sw sp, 64(ra)
mem[0x800399A8] <- 0x00000002


mem[X,0x800337E4] -> 0x5537
mem[X,0x800337E6] -> 0x5555
[5205] [M]: 0x800337E4 (0x55555537) lui a0, 349525
x10 <- 0x55555000


mem[X,0x800337E8] -> 0x0513
mem[X,0x800337EA] -> 0x5565
[5206] [M]: 0x800337E8 (0x55650513) addi a0, a0, 1366
x10 <- 0x55555556


mem[X,0x800337EC] -> 0x65B7
mem[X,0x800337EE] -> 0x6666
[5207] [M]: 0x800337EC (0x666665B7) lui a1, 419430
x11 <- 0x66666000


mem[X,0x800337F0] -> 0x8593
mem[X,0x800337F2] -> 0x6655
[5208] [M]: 0x800337F0 (0x66558593) addi a1, a1, 1637
x11 <- 0x66666665


mem[X,0x800337F4] -> 0x0113
mem[X,0x800337F6] -> 0x0000
[5209] [M]: 0x800337F4 (0x00000113) addi sp, zero, 0
x2 <- 0x00000000


mem[X,0x800337F8] -> 0x006F
mem[X,0x800337FA] -> 0x00C0
[5210] [M]: 0x800337F8 (0x00C0006F) jal zero, 12


mem[X,0x80033804] -> 0x4063
mem[X,0x80033806] -> 0x20B5
[5211] [M]: 0x80033804 (0x20B54063) blt a0, a1, 512


mem[X,0x80033A04] -> 0x0113
mem[X,0x80033A06] -> 0x0031
[5212] [M]: 0x80033A04 (0x00310113) addi sp, sp, 3
x2 <- 0x00000003


mem[X,0x80033A08] -> 0x006F
mem[X,0x80033A0A] -> 0x0040
[5213] [M]: 0x80033A08 (0x0040006F) jal zero, 4


mem[X,0x80033A0C] -> 0xA223
mem[X,0x80033A0E] -> 0x0420
[5214] [M]: 0x80033A0C (0x0420A223) sw sp, 68(ra)
mem[0x800399AC] <- 0x00000003


mem[X,0x80033A10] -> 0x5537
mem[X,0x80033A12] -> 0x5555
[5215] [M]: 0x80033A10 (0x55555537) lui a0, 349525
x10 <- 0x55555000


mem[X,0x80033A14] -> 0x0513
mem[X,0x80033A16] -> 0x5565
[5216] [M]: 0x80033A14 (0x55650513) addi a0, a0, 1366
x10 <- 0x55555556


mem[X,0x80033A18] -> 0xB5B7
mem[X,0x80033A1A] -> 0x0000
[5217] [M]: 0x80033A18 (0x0000B5B7) lui a1, 11
x11 <- 0x0000B000


mem[X,0x80033A1C] -> 0x8593
mem[X,0x80033A1E] -> 0x5035
[5218] [M]: 0x80033A1C (0x50358593) addi a1, a1, 1283
x11 <- 0x0000B503


mem[X,0x80033A20] -> 0x0113
mem[X,0x80033A22] -> 0x0000
[5219] [M]: 0x80033A20 (0x00000113) addi sp, zero, 0
x2 <- 0x00000000


mem[X,0x80033A24] -> 0x006F
mem[X,0x80033A26] -> 0x0180
[5220] [M]: 0x80033A24 (0x0180006F) jal zero, 24


mem[X,0x80033A3C] -> 0x46E3
mem[X,0x80033A3E] -> 0xFEB5
[5221] [M]: 0x80033A3C (0xFEB546E3) blt a0, a1, 8172


mem[X,0x80033A40] -> 0x0113
mem[X,0x80033A42] -> 0x0021
[5222] [M]: 0x80033A40 (0x00210113) addi sp, sp, 2
x2 <- 0x00000002


mem[X,0x80033A44] -> 0x006F
mem[X,0x80033A46] -> 0x00C0
[5223] [M]: 0x80033A44 (0x00C0006F) jal zero, 12


mem[X,0x80033A50] -> 0xA423
mem[X,0x80033A52] -> 0x0420
[5224] [M]: 0x80033A50 (0x0420A423) sw sp, 72(ra)
mem[0x800399B0] <- 0x00000002


mem[X,0x80033A54] -> 0x5537
mem[X,0x80033A56] -> 0x5555
[5225] [M]: 0x80033A54 (0x55555537) lui a0, 349525
x10 <- 0x55555000


mem[X,0x80033A58] -> 0x0513
mem[X,0x80033A5A] -> 0x5565
[5226] [M]: 0x80033A58 (0x55650513) addi a0, a0, 1366
x10 <- 0x55555556


mem[X,0x80033A5C] -> 0x55B7
mem[X,0x80033A5E] -> 0x5555
[5227] [M]: 0x80033A5C (0x555555B7) lui a1, 349525
x11 <- 0x55555000


mem[X,0x80033A60] -> 0x8593
mem[X,0x80033A62] -> 0x5565
[5228] [M]: 0x80033A60 (0x55658593) addi a1, a1, 1366
x11 <- 0x55555556


mem[X,0x80033A64] -> 0x0113
mem[X,0x80033A66] -> 0x0000
[5229] [M]: 0x80033A64 (0x00000113) addi sp, zero, 0
x2 <- 0x00000000


mem[X,0x80033A68] -> 0x006F
mem[X,0x80033A6A] -> 0x00C0
[5230] [M]: 0x80033A68 (0x00C0006F) jal zero, 12


mem[X,0x80033A74] -> 0x4063
mem[X,0x80033A76] -> 0x10B5
[5231] [M]: 0x80033A74 (0x10B54063) blt a0, a1, 256


mem[X,0x80033A78] -> 0x0113
mem[X,0x80033A7A] -> 0x0021
[5232] [M]: 0x80033A78 (0x00210113) addi sp, sp, 2
x2 <- 0x00000002


mem[X,0x80033A7C] -> 0x006F
mem[X,0x80033A7E] -> 0x1000
[5233] [M]: 0x80033A7C (0x1000006F) jal zero, 256


mem[X,0x80033B7C] -> 0xA623
mem[X,0x80033B7E] -> 0x0420
[5234] [M]: 0x80033B7C (0x0420A623) sw sp, 76(ra)
mem[0x800399B4] <- 0x00000002


mem[X,0x80033B80] -> 0x5537
mem[X,0x80033B82] -> 0x5555
[5235] [M]: 0x80033B80 (0x55555537) lui a0, 349525
x10 <- 0x55555000


mem[X,0x80033B84] -> 0x0513
mem[X,0x80033B86] -> 0x5565
[5236] [M]: 0x80033B84 (0x55650513) addi a0, a0, 1366
x10 <- 0x55555556


mem[X,0x80033B88] -> 0xB5B7
mem[X,0x80033B8A] -> 0xAAAA
[5237] [M]: 0x80033B88 (0xAAAAB5B7) lui a1, 699051
x11 <- 0xAAAAB000


mem[X,0x80033B8C] -> 0x8593
mem[X,0x80033B8E] -> 0xAAB5
[5238] [M]: 0x80033B8C (0xAAB58593) addi a1, a1, 2731
x11 <- 0xAAAAAAAB


mem[X,0x80033B90] -> 0x0113
mem[X,0x80033B92] -> 0x0000
[5239] [M]: 0x80033B90 (0x00000113) addi sp, zero, 0
x2 <- 0x00000000


mem[X,0x80033B94] -> 0x006F
mem[X,0x80033B96] -> 0x0180
[5240] [M]: 0x80033B94 (0x0180006F) jal zero, 24


mem[X,0x80033BAC] -> 0x46E3
mem[X,0x80033BAE] -> 0xFEB5
[5241] [M]: 0x80033BAC (0xFEB546E3) blt a0, a1, 8172


mem[X,0x80033BB0] -> 0x0113
mem[X,0x80033BB2] -> 0x0021
[5242] [M]: 0x80033BB0 (0x00210113) addi sp, sp, 2
x2 <- 0x00000002


mem[X,0x80033BB4] -> 0x006F
mem[X,0x80033BB6] -> 0x00C0
[5243] [M]: 0x80033BB4 (0x00C0006F) jal zero, 12


mem[X,0x80033BC0] -> 0xA823
mem[X,0x80033BC2] -> 0x0420
[5244] [M]: 0x80033BC0 (0x0420A823) sw sp, 80(ra)
mem[0x800399B8] <- 0x00000002


mem[X,0x80033BC4] -> 0x5537
mem[X,0x80033BC6] -> 0x5555
[5245] [M]: 0x80033BC4 (0x55555537) lui a0, 349525
x10 <- 0x55555000


mem[X,0x80033BC8] -> 0x0513
mem[X,0x80033BCA] -> 0x5565
[5246] [M]: 0x80033BC8 (0x55650513) addi a0, a0, 1366
x10 <- 0x55555556


mem[X,0x80033BCC] -> 0x0593
mem[X,0x80033BCE] -> 0x0060
[5247] [M]: 0x80033BCC (0x00600593) addi a1, zero, 6
x11 <- 0x00000006


mem[X,0x80033BD0] -> 0x0113
mem[X,0x80033BD2] -> 0x0000
[5248] [M]: 0x80033BD0 (0x00000113) addi sp, zero, 0
x2 <- 0x00000000


mem[X,0x80033BD4] -> 0x006F
mem[X,0x80033BD6] -> 0x0140
[5249] [M]: 0x80033BD4 (0x0140006F) jal zero, 20


mem[X,0x80033BE8] -> 0x48E3
mem[X,0x80033BEA] -> 0xFEB5
[5250] [M]: 0x80033BE8 (0xFEB548E3) blt a0, a1, 8176


mem[X,0x80033BEC] -> 0x0113
mem[X,0x80033BEE] -> 0x0021
[5251] [M]: 0x80033BEC (0x00210113) addi sp, sp, 2
x2 <- 0x00000002


mem[X,0x80033BF0] -> 0x006F
mem[X,0x80033BF2] -> 0x00C0
[5252] [M]: 0x80033BF0 (0x00C0006F) jal zero, 12


mem[X,0x80033BFC] -> 0xAA23
mem[X,0x80033BFE] -> 0x0420
[5253] [M]: 0x80033BFC (0x0420AA23) sw sp, 84(ra)
mem[0x800399BC] <- 0x00000002


mem[X,0x80033C00] -> 0x5537
mem[X,0x80033C02] -> 0x5555
[5254] [M]: 0x80033C00 (0x55555537) lui a0, 349525
x10 <- 0x55555000


mem[X,0x80033C04] -> 0x0513
mem[X,0x80033C06] -> 0x5565
[5255] [M]: 0x80033C04 (0x55650513) addi a0, a0, 1366
x10 <- 0x55555556


mem[X,0x80033C08] -> 0x35B7
mem[X,0x80033C0A] -> 0x3333
[5256] [M]: 0x80033C08 (0x333335B7) lui a1, 209715
x11 <- 0x33333000


mem[X,0x80033C0C] -> 0x8593
mem[X,0x80033C0E] -> 0x3345
[5257] [M]: 0x80033C0C (0x33458593) addi a1, a1, 820
x11 <- 0x33333334


mem[X,0x80033C10] -> 0x0113
mem[X,0x80033C12] -> 0x0000
[5258] [M]: 0x80033C10 (0x00000113) addi sp, zero, 0
x2 <- 0x00000000


mem[X,0x80033C14] -> 0x006F
mem[X,0x80033C16] -> 0x00C0
[5259] [M]: 0x80033C14 (0x00C0006F) jal zero, 12


mem[X,0x80033C20] -> 0x4063
mem[X,0x80033C22] -> 0x20B5
[5260] [M]: 0x80033C20 (0x20B54063) blt a0, a1, 512


mem[X,0x80033C24] -> 0x0113
mem[X,0x80033C26] -> 0x0021
[5261] [M]: 0x80033C24 (0x00210113) addi sp, sp, 2
x2 <- 0x00000002


mem[X,0x80033C28] -> 0x006F
mem[X,0x80033C2A] -> 0x2000
[5262] [M]: 0x80033C28 (0x2000006F) jal zero, 512


mem[X,0x80033E28] -> 0xAC23
mem[X,0x80033E2A] -> 0x0420
[5263] [M]: 0x80033E28 (0x0420AC23) sw sp, 88(ra)
mem[0x800399C0] <- 0x00000002


mem[X,0x80033E2C] -> 0x5537
mem[X,0x80033E2E] -> 0x5555
[5264] [M]: 0x80033E2C (0x55555537) lui a0, 349525
x10 <- 0x55555000


mem[X,0x80033E30] -> 0x0513
mem[X,0x80033E32] -> 0x5565
[5265] [M]: 0x80033E30 (0x55650513) addi a0, a0, 1366
x10 <- 0x55555556


mem[X,0x80033E34] -> 0x65B7
mem[X,0x80033E36] -> 0x6666
[5266] [M]: 0x80033E34 (0x666665B7) lui a1, 419430
x11 <- 0x66666000


mem[X,0x80033E38] -> 0x8593
mem[X,0x80033E3A] -> 0x6675
[5267] [M]: 0x80033E38 (0x66758593) addi a1, a1, 1639
x11 <- 0x66666667


mem[X,0x80033E3C] -> 0x0113
mem[X,0x80033E3E] -> 0x0000
[5268] [M]: 0x80033E3C (0x00000113) addi sp, zero, 0
x2 <- 0x00000000


mem[X,0x80033E40] -> 0x006F
mem[X,0x80033E42] -> 0x00C0
[5269] [M]: 0x80033E40 (0x00C0006F) jal zero, 12


mem[X,0x80033E4C] -> 0x4063
mem[X,0x80033E4E] -> 0x40B5
[5270] [M]: 0x80033E4C (0x40B54063) blt a0, a1, 1024


mem[X,0x8003424C] -> 0x0113
mem[X,0x8003424E] -> 0x0031
[5271] [M]: 0x8003424C (0x00310113) addi sp, sp, 3
x2 <- 0x00000003


mem[X,0x80034250] -> 0x006F
mem[X,0x80034252] -> 0x0040
[5272] [M]: 0x80034250 (0x0040006F) jal zero, 4


mem[X,0x80034254] -> 0xAE23
mem[X,0x80034256] -> 0x0420
[5273] [M]: 0x80034254 (0x0420AE23) sw sp, 92(ra)
mem[0x800399C4] <- 0x00000003


mem[X,0x80034258] -> 0x5537
mem[X,0x8003425A] -> 0x5555
[5274] [M]: 0x80034258 (0x55555537) lui a0, 349525
x10 <- 0x55555000


mem[X,0x8003425C] -> 0x0513
mem[X,0x8003425E] -> 0x5565
[5275] [M]: 0x8003425C (0x55650513) addi a0, a0, 1366
x10 <- 0x55555556


mem[X,0x80034260] -> 0x55B7
mem[X,0x80034262] -> 0xFFFF
[5276] [M]: 0x80034260 (0xFFFF55B7) lui a1, 1048565
x11 <- 0xFFFF5000


mem[X,0x80034264] -> 0x8593
mem[X,0x80034266] -> 0xAFD5
[5277] [M]: 0x80034264 (0xAFD58593) addi a1, a1, 2813
x11 <- 0xFFFF4AFD


mem[X,0x80034268] -> 0x0113
mem[X,0x8003426A] -> 0x0000
[5278] [M]: 0x80034268 (0x00000113) addi sp, zero, 0
x2 <- 0x00000000


mem[X,0x8003426C] -> 0x006F
mem[X,0x8003426E] -> 0x00C0
[5279] [M]: 0x8003426C (0x00C0006F) jal zero, 12


mem[X,0x80034278] -> 0x4863
mem[X,0x8003427A] -> 0x00B5
[5280] [M]: 0x80034278 (0x00B54863) blt a0, a1, 16


mem[X,0x8003427C] -> 0x0113
mem[X,0x8003427E] -> 0x0021
[5281] [M]: 0x8003427C (0x00210113) addi sp, sp, 2
x2 <- 0x00000002


mem[X,0x80034280] -> 0x006F
mem[X,0x80034282] -> 0x0100
[5282] [M]: 0x80034280 (0x0100006F) jal zero, 16


mem[X,0x80034290] -> 0xA023
mem[X,0x80034292] -> 0x0620
[5283] [M]: 0x80034290 (0x0620A023) sw sp, 96(ra)
mem[0x800399C8] <- 0x00000002


mem[X,0x80034294] -> 0x5537
mem[X,0x80034296] -> 0x5555
[5284] [M]: 0x80034294 (0x55555537) lui a0, 349525
x10 <- 0x55555000


mem[X,0x80034298] -> 0x0513
mem[X,0x8003429A] -> 0x5565
[5285] [M]: 0x80034298 (0x55650513) addi a0, a0, 1366
x10 <- 0x55555556


mem[X,0x8003429C] -> 0xB5B7
mem[X,0x8003429E] -> 0x0000
[5286] [M]: 0x8003429C (0x0000B5B7) lui a1, 11
x11 <- 0x0000B000


mem[X,0x800342A0] -> 0x8593
mem[X,0x800342A2] -> 0x5055
[5287] [M]: 0x800342A0 (0x50558593) addi a1, a1, 1285
x11 <- 0x0000B505


mem[X,0x800342A4] -> 0x0113
mem[X,0x800342A6] -> 0x0000
[5288] [M]: 0x800342A4 (0x00000113) addi sp, zero, 0
x2 <- 0x00000000


mem[X,0x800342A8] -> 0x006F
mem[X,0x800342AA] -> 0x0180
[5289] [M]: 0x800342A8 (0x0180006F) jal zero, 24


mem[X,0x800342C0] -> 0x46E3
mem[X,0x800342C2] -> 0xFEB5
[5290] [M]: 0x800342C0 (0xFEB546E3) blt a0, a1, 8172


mem[X,0x800342C4] -> 0x0113
mem[X,0x800342C6] -> 0x0021
[5291] [M]: 0x800342C4 (0x00210113) addi sp, sp, 2
x2 <- 0x00000002


mem[X,0x800342C8] -> 0x006F
mem[X,0x800342CA] -> 0x00C0
[5292] [M]: 0x800342C8 (0x00C0006F) jal zero, 12


mem[X,0x800342D4] -> 0xA223
mem[X,0x800342D6] -> 0x0620
[5293] [M]: 0x800342D4 (0x0620A223) sw sp, 100(ra)
mem[0x800399CC] <- 0x00000002


mem[X,0x800342D8] -> 0xB537
mem[X,0x800342DA] -> 0xAAAA
[5294] [M]: 0x800342D8 (0xAAAAB537) lui a0, 699051
x10 <- 0xAAAAB000


mem[X,0x800342DC] -> 0x0513
mem[X,0x800342DE] -> 0xAAB5
[5295] [M]: 0x800342DC (0xAAB50513) addi a0, a0, 2731
x10 <- 0xAAAAAAAB


mem[X,0x800342E0] -> 0x0593
mem[X,0x800342E2] -> 0x0030
[5296] [M]: 0x800342E0 (0x00300593) addi a1, zero, 3
x11 <- 0x00000003


mem[X,0x800342E4] -> 0x0113
mem[X,0x800342E6] -> 0x0000
[5297] [M]: 0x800342E4 (0x00000113) addi sp, zero, 0
x2 <- 0x00000000


mem[X,0x800342E8] -> 0x006F
mem[X,0x800342EA] -> 0x0180
[5298] [M]: 0x800342E8 (0x0180006F) jal zero, 24


mem[X,0x80034300] -> 0x46E3
mem[X,0x80034302] -> 0xFEB5
[5299] [M]: 0x80034300 (0xFEB546E3) blt a0, a1, 8172


clint::tick mtime <- 0x0000000000000035
 clint timer pending at mtime 0x0000000000000035
htif::tick 0x0000000000000000
mem[X,0x800342EC] -> 0x0113
mem[X,0x800342EE] -> 0x0011
[5300] [M]: 0x800342EC (0x00110113) addi sp, sp, 1
x2 <- 0x00000001


mem[X,0x800342F0] -> 0x006F
mem[X,0x800342F2] -> 0x0240
[5301] [M]: 0x800342F0 (0x0240006F) jal zero, 36


mem[X,0x80034314] -> 0xA423
mem[X,0x80034316] -> 0x0620
[5302] [M]: 0x80034314 (0x0620A423) sw sp, 104(ra)
mem[0x800399D0] <- 0x00000001


mem[X,0x80034318] -> 0xB537
mem[X,0x8003431A] -> 0xAAAA
[5303] [M]: 0x80034318 (0xAAAAB537) lui a0, 699051
x10 <- 0xAAAAB000


mem[X,0x8003431C] -> 0x0513
mem[X,0x8003431E] -> 0xAAB5
[5304] [M]: 0x8003431C (0xAAB50513) addi a0, a0, 2731
x10 <- 0xAAAAAAAB


mem[X,0x80034320] -> 0x55B7
mem[X,0x80034322] -> 0x5555
[5305] [M]: 0x80034320 (0x555555B7) lui a1, 349525
x11 <- 0x55555000


mem[X,0x80034324] -> 0x8593
mem[X,0x80034326] -> 0x5555
[5306] [M]: 0x80034324 (0x55558593) addi a1, a1, 1365
x11 <- 0x55555555


mem[X,0x80034328] -> 0x0113
mem[X,0x8003432A] -> 0x0000
[5307] [M]: 0x80034328 (0x00000113) addi sp, zero, 0
x2 <- 0x00000000


mem[X,0x8003432C] -> 0x006F
mem[X,0x8003432E] -> 0x00C0
[5308] [M]: 0x8003432C (0x00C0006F) jal zero, 12


mem[X,0x80034338] -> 0x4063
mem[X,0x8003433A] -> 0x20B5
[5309] [M]: 0x80034338 (0x20B54063) blt a0, a1, 512


mem[X,0x80034538] -> 0x0113
mem[X,0x8003453A] -> 0x0031
[5310] [M]: 0x80034538 (0x00310113) addi sp, sp, 3
x2 <- 0x00000003


mem[X,0x8003453C] -> 0x006F
mem[X,0x8003453E] -> 0x0040
[5311] [M]: 0x8003453C (0x0040006F) jal zero, 4


mem[X,0x80034540] -> 0xA623
mem[X,0x80034542] -> 0x0620
[5312] [M]: 0x80034540 (0x0620A623) sw sp, 108(ra)
mem[0x800399D4] <- 0x00000003


mem[X,0x80034544] -> 0xB537
mem[X,0x80034546] -> 0xAAAA
[5313] [M]: 0x80034544 (0xAAAAB537) lui a0, 699051
x10 <- 0xAAAAB000


mem[X,0x80034548] -> 0x0513
mem[X,0x8003454A] -> 0xAAB5
[5314] [M]: 0x80034548 (0xAAB50513) addi a0, a0, 2731
x10 <- 0xAAAAAAAB


mem[X,0x8003454C] -> 0xB5B7
mem[X,0x8003454E] -> 0xAAAA
[5315] [M]: 0x8003454C (0xAAAAB5B7) lui a1, 699051
x11 <- 0xAAAAB000


mem[X,0x80034550] -> 0x8593
mem[X,0x80034552] -> 0xAAA5
[5316] [M]: 0x80034550 (0xAAA58593) addi a1, a1, 2730
x11 <- 0xAAAAAAAA


mem[X,0x80034554] -> 0x0113
mem[X,0x80034556] -> 0x0000
[5317] [M]: 0x80034554 (0x00000113) addi sp, zero, 0
x2 <- 0x00000000


mem[X,0x80034558] -> 0x006F
mem[X,0x8003455A] -> 0x00C0
[5318] [M]: 0x80034558 (0x00C0006F) jal zero, 12


mem[X,0x80034564] -> 0x4CE3
mem[X,0x80034566] -> 0xFEB5
[5319] [M]: 0x80034564 (0xFEB54CE3) blt a0, a1, 8184


mem[X,0x80034568] -> 0x0113
mem[X,0x8003456A] -> 0x0021
[5320] [M]: 0x80034568 (0x00210113) addi sp, sp, 2
x2 <- 0x00000002


mem[X,0x8003456C] -> 0x006F
mem[X,0x8003456E] -> 0x00C0
[5321] [M]: 0x8003456C (0x00C0006F) jal zero, 12


mem[X,0x80034578] -> 0xA823
mem[X,0x8003457A] -> 0x0620
[5322] [M]: 0x80034578 (0x0620A823) sw sp, 112(ra)
mem[0x800399D8] <- 0x00000002


mem[X,0x8003457C] -> 0xB537
mem[X,0x8003457E] -> 0xAAAA
[5323] [M]: 0x8003457C (0xAAAAB537) lui a0, 699051
x10 <- 0xAAAAB000


mem[X,0x80034580] -> 0x0513
mem[X,0x80034582] -> 0xAAB5
[5324] [M]: 0x80034580 (0xAAB50513) addi a0, a0, 2731
x10 <- 0xAAAAAAAB


mem[X,0x80034584] -> 0x0593
mem[X,0x80034586] -> 0x0050
[5325] [M]: 0x80034584 (0x00500593) addi a1, zero, 5
x11 <- 0x00000005


mem[X,0x80034588] -> 0x0113
mem[X,0x8003458A] -> 0x0000
[5326] [M]: 0x80034588 (0x00000113) addi sp, zero, 0
x2 <- 0x00000000


mem[X,0x8003458C] -> 0x006F
mem[X,0x8003458E] -> 0x2B10
[5327] [M]: 0x8003458C (0x2B10006F) jal zero, 2736


mem[X,0x8003503C] -> 0x4A63
mem[X,0x8003503E] -> 0xD4B5
[5328] [M]: 0x8003503C (0xD4B54A63) blt a0, a1, 5460


mem[X,0x80034590] -> 0x0113
mem[X,0x80034592] -> 0x0011
[5329] [M]: 0x80034590 (0x00110113) addi sp, sp, 1
x2 <- 0x00000001


mem[X,0x80034594] -> 0x006F
mem[X,0x80034596] -> 0x2BD0
[5330] [M]: 0x80034594 (0x2BD0006F) jal zero, 2748


mem[X,0x80035050] -> 0xAA23
mem[X,0x80035052] -> 0x0620
[5331] [M]: 0x80035050 (0x0620AA23) sw sp, 116(ra)
mem[0x800399DC] <- 0x00000001


mem[X,0x80035054] -> 0xB537
mem[X,0x80035056] -> 0xAAAA
[5332] [M]: 0x80035054 (0xAAAAB537) lui a0, 699051
x10 <- 0xAAAAB000


mem[X,0x80035058] -> 0x0513
mem[X,0x8003505A] -> 0xAAB5
[5333] [M]: 0x80035058 (0xAAB50513) addi a0, a0, 2731
x10 <- 0xAAAAAAAB


mem[X,0x8003505C] -> 0x35B7
mem[X,0x8003505E] -> 0x3333
[5334] [M]: 0x8003505C (0x333335B7) lui a1, 209715
x11 <- 0x33333000


mem[X,0x80035060] -> 0x8593
mem[X,0x80035062] -> 0x3335
[5335] [M]: 0x80035060 (0x33358593) addi a1, a1, 819
x11 <- 0x33333333


mem[X,0x80035064] -> 0x0113
mem[X,0x80035066] -> 0x0000
[5336] [M]: 0x80035064 (0x00000113) addi sp, zero, 0
x2 <- 0x00000000


mem[X,0x80035068] -> 0x006F
mem[X,0x8003506A] -> 0x00C0
[5337] [M]: 0x80035068 (0x00C0006F) jal zero, 12


mem[X,0x80035074] -> 0x4CE3
mem[X,0x80035076] -> 0xFEB5
[5338] [M]: 0x80035074 (0xFEB54CE3) blt a0, a1, 8184


mem[X,0x8003506C] -> 0x0113
mem[X,0x8003506E] -> 0x0011
[5339] [M]: 0x8003506C (0x00110113) addi sp, sp, 1
x2 <- 0x00000001


mem[X,0x80035070] -> 0x006F
mem[X,0x80035072] -> 0x0180
[5340] [M]: 0x80035070 (0x0180006F) jal zero, 24


mem[X,0x80035088] -> 0xAC23
mem[X,0x8003508A] -> 0x0620
[5341] [M]: 0x80035088 (0x0620AC23) sw sp, 120(ra)
mem[0x800399E0] <- 0x00000001


mem[X,0x8003508C] -> 0xB537
mem[X,0x8003508E] -> 0xAAAA
[5342] [M]: 0x8003508C (0xAAAAB537) lui a0, 699051
x10 <- 0xAAAAB000


mem[X,0x80035090] -> 0x0513
mem[X,0x80035092] -> 0xAAB5
[5343] [M]: 0x80035090 (0xAAB50513) addi a0, a0, 2731
x10 <- 0xAAAAAAAB


mem[X,0x80035094] -> 0x65B7
mem[X,0x80035096] -> 0x6666
[5344] [M]: 0x80035094 (0x666665B7) lui a1, 419430
x11 <- 0x66666000


mem[X,0x80035098] -> 0x8593
mem[X,0x8003509A] -> 0x6665
[5345] [M]: 0x80035098 (0x66658593) addi a1, a1, 1638
x11 <- 0x66666666


mem[X,0x8003509C] -> 0x0113
mem[X,0x8003509E] -> 0x0000
[5346] [M]: 0x8003509C (0x00000113) addi sp, zero, 0
x2 <- 0x00000000


mem[X,0x800350A0] -> 0x006F
mem[X,0x800350A2] -> 0x00C0
[5347] [M]: 0x800350A0 (0x00C0006F) jal zero, 12


mem[X,0x800350AC] -> 0x4663
mem[X,0x800350AE] -> 0x00B5
[5348] [M]: 0x800350AC (0x00B54663) blt a0, a1, 12


mem[X,0x800350B8] -> 0x0113
mem[X,0x800350BA] -> 0x0031
[5349] [M]: 0x800350B8 (0x00310113) addi sp, sp, 3
x2 <- 0x00000003


mem[X,0x800350BC] -> 0x006F
mem[X,0x800350BE] -> 0x0040
[5350] [M]: 0x800350BC (0x0040006F) jal zero, 4


mem[X,0x800350C0] -> 0xAE23
mem[X,0x800350C2] -> 0x0620
[5351] [M]: 0x800350C0 (0x0620AE23) sw sp, 124(ra)
mem[0x800399E4] <- 0x00000003


mem[X,0x800350C4] -> 0xB537
mem[X,0x800350C6] -> 0xAAAA
[5352] [M]: 0x800350C4 (0xAAAAB537) lui a0, 699051
x10 <- 0xAAAAB000


mem[X,0x800350C8] -> 0x0513
mem[X,0x800350CA] -> 0xAAB5
[5353] [M]: 0x800350C8 (0xAAB50513) addi a0, a0, 2731
x10 <- 0xAAAAAAAB


mem[X,0x800350CC] -> 0x55B7
mem[X,0x800350CE] -> 0xFFFF
[5354] [M]: 0x800350CC (0xFFFF55B7) lui a1, 1048565
x11 <- 0xFFFF5000


mem[X,0x800350D0] -> 0x8593
mem[X,0x800350D2] -> 0xAFC5
[5355] [M]: 0x800350D0 (0xAFC58593) addi a1, a1, 2812
x11 <- 0xFFFF4AFC


mem[X,0x800350D4] -> 0x0113
mem[X,0x800350D6] -> 0x0000
[5356] [M]: 0x800350D4 (0x00000113) addi sp, zero, 0
x2 <- 0x00000000


mem[X,0x800350D8] -> 0x006F
mem[X,0x800350DA] -> 0x00C0
[5357] [M]: 0x800350D8 (0x00C0006F) jal zero, 12


mem[X,0x800350E4] -> 0x4063
mem[X,0x800350E6] -> 0x20B5
[5358] [M]: 0x800350E4 (0x20B54063) blt a0, a1, 512


mem[X,0x800352E4] -> 0x0113
mem[X,0x800352E6] -> 0x0031
[5359] [M]: 0x800352E4 (0x00310113) addi sp, sp, 3
x2 <- 0x00000003


mem[X,0x800352E8] -> 0x006F
mem[X,0x800352EA] -> 0x0040
[5360] [M]: 0x800352E8 (0x0040006F) jal zero, 4


mem[X,0x800352EC] -> 0xA023
mem[X,0x800352EE] -> 0x0820
[5361] [M]: 0x800352EC (0x0820A023) sw sp, 128(ra)
mem[0x800399E8] <- 0x00000003


mem[X,0x800352F0] -> 0xB537
mem[X,0x800352F2] -> 0xAAAA
[5362] [M]: 0x800352F0 (0xAAAAB537) lui a0, 699051
x10 <- 0xAAAAB000


mem[X,0x800352F4] -> 0x0513
mem[X,0x800352F6] -> 0xAAB5
[5363] [M]: 0x800352F4 (0xAAB50513) addi a0, a0, 2731
x10 <- 0xAAAAAAAB


mem[X,0x800352F8] -> 0xB5B7
mem[X,0x800352FA] -> 0x0000
[5364] [M]: 0x800352F8 (0x0000B5B7) lui a1, 11
x11 <- 0x0000B000


mem[X,0x800352FC] -> 0x8593
mem[X,0x800352FE] -> 0x5045
[5365] [M]: 0x800352FC (0x50458593) addi a1, a1, 1284
x11 <- 0x0000B504


mem[X,0x80035300] -> 0x0113
mem[X,0x80035302] -> 0x0000
[5366] [M]: 0x80035300 (0x00000113) addi sp, zero, 0
x2 <- 0x00000000


mem[X,0x80035304] -> 0x006F
mem[X,0x80035306] -> 0x00C0
[5367] [M]: 0x80035304 (0x00C0006F) jal zero, 12


mem[X,0x80035310] -> 0x4063
mem[X,0x80035312] -> 0x10B5
[5368] [M]: 0x80035310 (0x10B54063) blt a0, a1, 256


mem[X,0x80035410] -> 0x0113
mem[X,0x80035412] -> 0x0031
[5369] [M]: 0x80035410 (0x00310113) addi sp, sp, 3
x2 <- 0x00000003


mem[X,0x80035414] -> 0x006F
mem[X,0x80035416] -> 0x0040
[5370] [M]: 0x80035414 (0x0040006F) jal zero, 4


mem[X,0x80035418] -> 0xA223
mem[X,0x8003541A] -> 0x0820
[5371] [M]: 0x80035418 (0x0820A223) sw sp, 132(ra)
mem[0x800399EC] <- 0x00000003


mem[X,0x8003541C] -> 0xB537
mem[X,0x8003541E] -> 0xAAAA
[5372] [M]: 0x8003541C (0xAAAAB537) lui a0, 699051
x10 <- 0xAAAAB000


mem[X,0x80035420] -> 0x0513
mem[X,0x80035422] -> 0xAAB5
[5373] [M]: 0x80035420 (0xAAB50513) addi a0, a0, 2731
x10 <- 0xAAAAAAAB


mem[X,0x80035424] -> 0x0593
mem[X,0x80035426] -> 0x0020
[5374] [M]: 0x80035424 (0x00200593) addi a1, zero, 2
x11 <- 0x00000002


mem[X,0x80035428] -> 0x0113
mem[X,0x8003542A] -> 0x0000
[5375] [M]: 0x80035428 (0x00000113) addi sp, zero, 0
x2 <- 0x00000000


mem[X,0x8003542C] -> 0x006F
mem[X,0x8003542E] -> 0x2B10
[5376] [M]: 0x8003542C (0x2B10006F) jal zero, 2736


mem[X,0x80035EDC] -> 0x4A63
mem[X,0x80035EDE] -> 0xD4B5
[5377] [M]: 0x80035EDC (0xD4B54A63) blt a0, a1, 5460


mem[X,0x80035430] -> 0x0113
mem[X,0x80035432] -> 0x0011
[5378] [M]: 0x80035430 (0x00110113) addi sp, sp, 1
x2 <- 0x00000001


mem[X,0x80035434] -> 0x006F
mem[X,0x80035436] -> 0x2BD0
[5379] [M]: 0x80035434 (0x2BD0006F) jal zero, 2748


mem[X,0x80035EF0] -> 0xA423
mem[X,0x80035EF2] -> 0x0820
[5380] [M]: 0x80035EF0 (0x0820A423) sw sp, 136(ra)
mem[0x800399F0] <- 0x00000001


mem[X,0x80035EF4] -> 0xB537
mem[X,0x80035EF6] -> 0xAAAA
[5381] [M]: 0x80035EF4 (0xAAAAB537) lui a0, 699051
x10 <- 0xAAAAB000


mem[X,0x80035EF8] -> 0x0513
mem[X,0x80035EFA] -> 0xAAB5
[5382] [M]: 0x80035EF8 (0xAAB50513) addi a0, a0, 2731
x10 <- 0xAAAAAAAB


mem[X,0x80035EFC] -> 0x55B7
mem[X,0x80035EFE] -> 0x5555
[5383] [M]: 0x80035EFC (0x555555B7) lui a1, 349525
x11 <- 0x55555000


mem[X,0x80035F00] -> 0x8593
mem[X,0x80035F02] -> 0x5545
[5384] [M]: 0x80035F00 (0x55458593) addi a1, a1, 1364
x11 <- 0x55555554


mem[X,0x80035F04] -> 0x0113
mem[X,0x80035F06] -> 0x0000
[5385] [M]: 0x80035F04 (0x00000113) addi sp, zero, 0
x2 <- 0x00000000


mem[X,0x80035F08] -> 0x006F
mem[X,0x80035F0A] -> 0x0180
[5386] [M]: 0x80035F08 (0x0180006F) jal zero, 24


mem[X,0x80035F20] -> 0x46E3
mem[X,0x80035F22] -> 0xFEB5
[5387] [M]: 0x80035F20 (0xFEB546E3) blt a0, a1, 8172


mem[X,0x80035F0C] -> 0x0113
mem[X,0x80035F0E] -> 0x0011
[5388] [M]: 0x80035F0C (0x00110113) addi sp, sp, 1
x2 <- 0x00000001


mem[X,0x80035F10] -> 0x006F
mem[X,0x80035F12] -> 0x0240
[5389] [M]: 0x80035F10 (0x0240006F) jal zero, 36


mem[X,0x80035F34] -> 0xA623
mem[X,0x80035F36] -> 0x0820
[5390] [M]: 0x80035F34 (0x0820A623) sw sp, 140(ra)
mem[0x800399F4] <- 0x00000001


mem[X,0x80035F38] -> 0xB537
mem[X,0x80035F3A] -> 0xAAAA
[5391] [M]: 0x80035F38 (0xAAAAB537) lui a0, 699051
x10 <- 0xAAAAB000


mem[X,0x80035F3C] -> 0x0513
mem[X,0x80035F3E] -> 0xAAB5
[5392] [M]: 0x80035F3C (0xAAB50513) addi a0, a0, 2731
x10 <- 0xAAAAAAAB


mem[X,0x80035F40] -> 0x0593
mem[X,0x80035F42] -> 0x0000
[5393] [M]: 0x80035F40 (0x00000593) addi a1, zero, 0
x11 <- 0x00000000


mem[X,0x80035F44] -> 0x0113
mem[X,0x80035F46] -> 0x0000
[5394] [M]: 0x80035F44 (0x00000113) addi sp, zero, 0
x2 <- 0x00000000


mem[X,0x80035F48] -> 0x006F
mem[X,0x80035F4A] -> 0x00C0
[5395] [M]: 0x80035F48 (0x00C0006F) jal zero, 12


mem[X,0x80035F54] -> 0x4663
mem[X,0x80035F56] -> 0x00B5
[5396] [M]: 0x80035F54 (0x00B54663) blt a0, a1, 12


mem[X,0x80035F60] -> 0x0113
mem[X,0x80035F62] -> 0x0031
[5397] [M]: 0x80035F60 (0x00310113) addi sp, sp, 3
x2 <- 0x00000003


mem[X,0x80035F64] -> 0x006F
mem[X,0x80035F66] -> 0x0040
[5398] [M]: 0x80035F64 (0x0040006F) jal zero, 4


mem[X,0x80035F68] -> 0xA823
mem[X,0x80035F6A] -> 0x0820
[5399] [M]: 0x80035F68 (0x0820A823) sw sp, 144(ra)
mem[0x800399F8] <- 0x00000003


clint::tick mtime <- 0x0000000000000036
 clint timer pending at mtime 0x0000000000000036
htif::tick 0x0000000000000000
mem[X,0x80035F6C] -> 0xB537
mem[X,0x80035F6E] -> 0xAAAA
[5400] [M]: 0x80035F6C (0xAAAAB537) lui a0, 699051
x10 <- 0xAAAAB000


mem[X,0x80035F70] -> 0x0513
mem[X,0x80035F72] -> 0xAAB5
[5401] [M]: 0x80035F70 (0xAAB50513) addi a0, a0, 2731
x10 <- 0xAAAAAAAB


mem[X,0x80035F74] -> 0x0593
mem[X,0x80035F76] -> 0x0040
[5402] [M]: 0x80035F74 (0x00400593) addi a1, zero, 4
x11 <- 0x00000004


mem[X,0x80035F78] -> 0x0113
mem[X,0x80035F7A] -> 0x0000
[5403] [M]: 0x80035F78 (0x00000113) addi sp, zero, 0
x2 <- 0x00000000


mem[X,0x80035F7C] -> 0x006F
mem[X,0x80035F7E] -> 0x0050
[5404] [M]: 0x80035F7C (0x0050006F) jal zero, 2052


mem[X,0x80036780] -> 0x40E3
mem[X,0x80036782] -> 0x80B5
[5405] [M]: 0x80036780 (0x80B540E3) blt a0, a1, 6144


mem[X,0x80035F80] -> 0x0113
mem[X,0x80035F82] -> 0x0011
[5406] [M]: 0x80035F80 (0x00110113) addi sp, sp, 1
x2 <- 0x00000001


mem[X,0x80035F84] -> 0x006F
mem[X,0x80035F86] -> 0x0110
[5407] [M]: 0x80035F84 (0x0110006F) jal zero, 2064


mem[X,0x80036794] -> 0xAA23
mem[X,0x80036796] -> 0x0820
[5408] [M]: 0x80036794 (0x0820AA23) sw sp, 148(ra)
mem[0x800399FC] <- 0x00000001


mem[X,0x80036798] -> 0xB537
mem[X,0x8003679A] -> 0xAAAA
[5409] [M]: 0x80036798 (0xAAAAB537) lui a0, 699051
x10 <- 0xAAAAB000


mem[X,0x8003679C] -> 0x0513
mem[X,0x8003679E] -> 0xAAB5
[5410] [M]: 0x8003679C (0xAAB50513) addi a0, a0, 2731
x10 <- 0xAAAAAAAB


mem[X,0x800367A0] -> 0x35B7
mem[X,0x800367A2] -> 0x3333
[5411] [M]: 0x800367A0 (0x333335B7) lui a1, 209715
x11 <- 0x33333000


mem[X,0x800367A4] -> 0x8593
mem[X,0x800367A6] -> 0x3325
[5412] [M]: 0x800367A4 (0x33258593) addi a1, a1, 818
x11 <- 0x33333332


mem[X,0x800367A8] -> 0x0113
mem[X,0x800367AA] -> 0x0000
[5413] [M]: 0x800367A8 (0x00000113) addi sp, zero, 0
x2 <- 0x00000000


mem[X,0x800367AC] -> 0x006F
mem[X,0x800367AE] -> 0x0100
[5414] [M]: 0x800367AC (0x0100006F) jal zero, 16


mem[X,0x800367BC] -> 0x4AE3
mem[X,0x800367BE] -> 0xFEB5
[5415] [M]: 0x800367BC (0xFEB54AE3) blt a0, a1, 8180


mem[X,0x800367B0] -> 0x0113
mem[X,0x800367B2] -> 0x0011
[5416] [M]: 0x800367B0 (0x00110113) addi sp, sp, 1
x2 <- 0x00000001


mem[X,0x800367B4] -> 0x006F
mem[X,0x800367B6] -> 0x01C0
[5417] [M]: 0x800367B4 (0x01C0006F) jal zero, 28


mem[X,0x800367D0] -> 0xAC23
mem[X,0x800367D2] -> 0x0820
[5418] [M]: 0x800367D0 (0x0820AC23) sw sp, 152(ra)
mem[0x80039A00] <- 0x00000001


mem[X,0x800367D4] -> 0xB537
mem[X,0x800367D6] -> 0xAAAA
[5419] [M]: 0x800367D4 (0xAAAAB537) lui a0, 699051
x10 <- 0xAAAAB000


mem[X,0x800367D8] -> 0x0513
mem[X,0x800367DA] -> 0xAAB5
[5420] [M]: 0x800367D8 (0xAAB50513) addi a0, a0, 2731
x10 <- 0xAAAAAAAB


mem[X,0x800367DC] -> 0x65B7
mem[X,0x800367DE] -> 0x6666
[5421] [M]: 0x800367DC (0x666665B7) lui a1, 419430
x11 <- 0x66666000


mem[X,0x800367E0] -> 0x8593
mem[X,0x800367E2] -> 0x6655
[5422] [M]: 0x800367E0 (0x66558593) addi a1, a1, 1637
x11 <- 0x66666665


mem[X,0x800367E4] -> 0x0113
mem[X,0x800367E6] -> 0x0000
[5423] [M]: 0x800367E4 (0x00000113) addi sp, zero, 0
x2 <- 0x00000000


mem[X,0x800367E8] -> 0x006F
mem[X,0x800367EA] -> 0x00C0
[5424] [M]: 0x800367E8 (0x00C0006F) jal zero, 12


mem[X,0x800367F4] -> 0x4063
mem[X,0x800367F6] -> 0x08B5
[5425] [M]: 0x800367F4 (0x08B54063) blt a0, a1, 128


mem[X,0x80036874] -> 0x0113
mem[X,0x80036876] -> 0x0031
[5426] [M]: 0x80036874 (0x00310113) addi sp, sp, 3
x2 <- 0x00000003


mem[X,0x80036878] -> 0x006F
mem[X,0x8003687A] -> 0x0040
[5427] [M]: 0x80036878 (0x0040006F) jal zero, 4


mem[X,0x8003687C] -> 0xAE23
mem[X,0x8003687E] -> 0x0820
[5428] [M]: 0x8003687C (0x0820AE23) sw sp, 156(ra)
mem[0x80039A04] <- 0x00000003


mem[X,0x80036880] -> 0xB537
mem[X,0x80036882] -> 0xAAAA
[5429] [M]: 0x80036880 (0xAAAAB537) lui a0, 699051
x10 <- 0xAAAAB000


mem[X,0x80036884] -> 0x0513
mem[X,0x80036886] -> 0xAAB5
[5430] [M]: 0x80036884 (0xAAB50513) addi a0, a0, 2731
x10 <- 0xAAAAAAAB


mem[X,0x80036888] -> 0xB5B7
mem[X,0x8003688A] -> 0x0000
[5431] [M]: 0x80036888 (0x0000B5B7) lui a1, 11
x11 <- 0x0000B000


mem[X,0x8003688C] -> 0x8593
mem[X,0x8003688E] -> 0x5035
[5432] [M]: 0x8003688C (0x50358593) addi a1, a1, 1283
x11 <- 0x0000B503


mem[X,0x80036890] -> 0x0113
mem[X,0x80036892] -> 0x0000
[5433] [M]: 0x80036890 (0x00000113) addi sp, zero, 0
x2 <- 0x00000000


mem[X,0x80036894] -> 0x006F
mem[X,0x80036896] -> 0x00C0
[5434] [M]: 0x80036894 (0x00C0006F) jal zero, 12


mem[X,0x800368A0] -> 0x4063
mem[X,0x800368A2] -> 0x02B5
[5435] [M]: 0x800368A0 (0x02B54063) blt a0, a1, 32


mem[X,0x800368C0] -> 0x0113
mem[X,0x800368C2] -> 0x0031
[5436] [M]: 0x800368C0 (0x00310113) addi sp, sp, 3
x2 <- 0x00000003


mem[X,0x800368C4] -> 0x006F
mem[X,0x800368C6] -> 0x0040
[5437] [M]: 0x800368C4 (0x0040006F) jal zero, 4


mem[X,0x800368C8] -> 0xA023
mem[X,0x800368CA] -> 0x0A20
[5438] [M]: 0x800368C8 (0x0A20A023) sw sp, 160(ra)
mem[0x80039A08] <- 0x00000003


mem[X,0x800368CC] -> 0xB537
mem[X,0x800368CE] -> 0xAAAA
[5439] [M]: 0x800368CC (0xAAAAB537) lui a0, 699051
x10 <- 0xAAAAB000


mem[X,0x800368D0] -> 0x0513
mem[X,0x800368D2] -> 0xAAB5
[5440] [M]: 0x800368D0 (0xAAB50513) addi a0, a0, 2731
x10 <- 0xAAAAAAAB


mem[X,0x800368D4] -> 0x55B7
mem[X,0x800368D6] -> 0x5555
[5441] [M]: 0x800368D4 (0x555555B7) lui a1, 349525
x11 <- 0x55555000


mem[X,0x800368D8] -> 0x8593
mem[X,0x800368DA] -> 0x5565
[5442] [M]: 0x800368D8 (0x55658593) addi a1, a1, 1366
x11 <- 0x55555556


mem[X,0x800368DC] -> 0x0113
mem[X,0x800368DE] -> 0x0000
[5443] [M]: 0x800368DC (0x00000113) addi sp, zero, 0
x2 <- 0x00000000


mem[X,0x800368E0] -> 0x006F
mem[X,0x800368E2] -> 0x00C0
[5444] [M]: 0x800368E0 (0x00C0006F) jal zero, 12


mem[X,0x800368EC] -> 0x4663
mem[X,0x800368EE] -> 0x00B5
[5445] [M]: 0x800368EC (0x00B54663) blt a0, a1, 12


mem[X,0x800368F8] -> 0x0113
mem[X,0x800368FA] -> 0x0031
[5446] [M]: 0x800368F8 (0x00310113) addi sp, sp, 3
x2 <- 0x00000003


mem[X,0x800368FC] -> 0x006F
mem[X,0x800368FE] -> 0x0040
[5447] [M]: 0x800368FC (0x0040006F) jal zero, 4


mem[X,0x80036900] -> 0xA223
mem[X,0x80036902] -> 0x0A20
[5448] [M]: 0x80036900 (0x0A20A223) sw sp, 164(ra)
mem[0x80039A0C] <- 0x00000003


mem[X,0x80036904] -> 0xB537
mem[X,0x80036906] -> 0xAAAA
[5449] [M]: 0x80036904 (0xAAAAB537) lui a0, 699051
x10 <- 0xAAAAB000


mem[X,0x80036908] -> 0x0513
mem[X,0x8003690A] -> 0xAAB5
[5450] [M]: 0x80036908 (0xAAB50513) addi a0, a0, 2731
x10 <- 0xAAAAAAAB


mem[X,0x8003690C] -> 0xB5B7
mem[X,0x8003690E] -> 0xAAAA
[5451] [M]: 0x8003690C (0xAAAAB5B7) lui a1, 699051
x11 <- 0xAAAAB000


mem[X,0x80036910] -> 0x8593
mem[X,0x80036912] -> 0xAAB5
[5452] [M]: 0x80036910 (0xAAB58593) addi a1, a1, 2731
x11 <- 0xAAAAAAAB


mem[X,0x80036914] -> 0x0113
mem[X,0x80036916] -> 0x0000
[5453] [M]: 0x80036914 (0x00000113) addi sp, zero, 0
x2 <- 0x00000000


mem[X,0x80036918] -> 0x006F
mem[X,0x8003691A] -> 0x00C0
[5454] [M]: 0x80036918 (0x00C0006F) jal zero, 12


mem[X,0x80036924] -> 0x4063
mem[X,0x80036926] -> 0x04B5
[5455] [M]: 0x80036924 (0x04B54063) blt a0, a1, 64


mem[X,0x80036928] -> 0x0113
mem[X,0x8003692A] -> 0x0021
[5456] [M]: 0x80036928 (0x00210113) addi sp, sp, 2
x2 <- 0x00000002


mem[X,0x8003692C] -> 0x006F
mem[X,0x8003692E] -> 0x0400
[5457] [M]: 0x8003692C (0x0400006F) jal zero, 64


mem[X,0x8003696C] -> 0xA423
mem[X,0x8003696E] -> 0x0A20
[5458] [M]: 0x8003696C (0x0A20A423) sw sp, 168(ra)
mem[0x80039A10] <- 0x00000002


mem[X,0x80036970] -> 0xB537
mem[X,0x80036972] -> 0xAAAA
[5459] [M]: 0x80036970 (0xAAAAB537) lui a0, 699051
x10 <- 0xAAAAB000


mem[X,0x80036974] -> 0x0513
mem[X,0x80036976] -> 0xAAB5
[5460] [M]: 0x80036974 (0xAAB50513) addi a0, a0, 2731
x10 <- 0xAAAAAAAB


mem[X,0x80036978] -> 0x0593
mem[X,0x8003697A] -> 0x0060
[5461] [M]: 0x80036978 (0x00600593) addi a1, zero, 6
x11 <- 0x00000006


mem[X,0x8003697C] -> 0x0113
mem[X,0x8003697E] -> 0x0000
[5462] [M]: 0x8003697C (0x00000113) addi sp, zero, 0
x2 <- 0x00000000


mem[X,0x80036980] -> 0x006F
mem[X,0x80036982] -> 0x00C0
[5463] [M]: 0x80036980 (0x00C0006F) jal zero, 12


mem[X,0x8003698C] -> 0x4063
mem[X,0x8003698E] -> 0x20B5
[5464] [M]: 0x8003698C (0x20B54063) blt a0, a1, 512


mem[X,0x80036B8C] -> 0x0113
mem[X,0x80036B8E] -> 0x0031
[5465] [M]: 0x80036B8C (0x00310113) addi sp, sp, 3
x2 <- 0x00000003


mem[X,0x80036B90] -> 0x006F
mem[X,0x80036B92] -> 0x0040
[5466] [M]: 0x80036B90 (0x0040006F) jal zero, 4


mem[X,0x80036B94] -> 0xA623
mem[X,0x80036B96] -> 0x0A20
[5467] [M]: 0x80036B94 (0x0A20A623) sw sp, 172(ra)
mem[0x80039A14] <- 0x00000003


mem[X,0x80036B98] -> 0x0513
mem[X,0x80036B9A] -> 0x0040
[5468] [M]: 0x80036B98 (0x00400513) addi a0, zero, 4
x10 <- 0x00000004


mem[X,0x80036B9C] -> 0x0593
mem[X,0x80036B9E] -> 0x0020
[5469] [M]: 0x80036B9C (0x00200593) addi a1, zero, 2
x11 <- 0x00000002


mem[X,0x80036BA0] -> 0x0113
mem[X,0x80036BA2] -> 0x0000
[5470] [M]: 0x80036BA0 (0x00000113) addi sp, zero, 0
x2 <- 0x00000000


mem[X,0x80036BA4] -> 0x006F
mem[X,0x80036BA6] -> 0x00C0
[5471] [M]: 0x80036BA4 (0x00C0006F) jal zero, 12


mem[X,0x80036BB0] -> 0x4063
mem[X,0x80036BB2] -> 0x08B5
[5472] [M]: 0x80036BB0 (0x08B54063) blt a0, a1, 128


mem[X,0x80036BB4] -> 0x0113
mem[X,0x80036BB6] -> 0x0021
[5473] [M]: 0x80036BB4 (0x00210113) addi sp, sp, 2
x2 <- 0x00000002


mem[X,0x80036BB8] -> 0x006F
mem[X,0x80036BBA] -> 0x0800
[5474] [M]: 0x80036BB8 (0x0800006F) jal zero, 128


mem[X,0x80036C38] -> 0xA823
mem[X,0x80036C3A] -> 0x0A20
[5475] [M]: 0x80036C38 (0x0A20A823) sw sp, 176(ra)
mem[0x80039A18] <- 0x00000002


mem[X,0x80036C3C] -> 0x0537
mem[X,0x80036C3E] -> 0x0020
[5476] [M]: 0x80036C3C (0x00200537) lui a0, 512
x10 <- 0x00200000


mem[X,0x80036C40] -> 0x0593
mem[X,0x80036C42] -> 0x0040
[5477] [M]: 0x80036C40 (0x00400593) addi a1, zero, 4
x11 <- 0x00000004


mem[X,0x80036C44] -> 0x0113
mem[X,0x80036C46] -> 0x0000
[5478] [M]: 0x80036C44 (0x00000113) addi sp, zero, 0
x2 <- 0x00000000


mem[X,0x80036C48] -> 0x006F
mem[X,0x80036C4A] -> 0x0140
[5479] [M]: 0x80036C48 (0x0140006F) jal zero, 20


mem[X,0x80036C5C] -> 0x48E3
mem[X,0x80036C5E] -> 0xFEB5
[5480] [M]: 0x80036C5C (0xFEB548E3) blt a0, a1, 8176


mem[X,0x80036C60] -> 0x0113
mem[X,0x80036C62] -> 0x0021
[5481] [M]: 0x80036C60 (0x00210113) addi sp, sp, 2
x2 <- 0x00000002


mem[X,0x80036C64] -> 0x006F
mem[X,0x80036C66] -> 0x00C0
[5482] [M]: 0x80036C64 (0x00C0006F) jal zero, 12


mem[X,0x80036C70] -> 0xAA23
mem[X,0x80036C72] -> 0x0A20
[5483] [M]: 0x80036C70 (0x0A20AA23) sw sp, 180(ra)
mem[0x80039A1C] <- 0x00000002


mem[X,0x80036C74] -> 0x0537
mem[X,0x80036C76] -> 0x8000
[5484] [M]: 0x80036C74 (0x80000537) lui a0, 524288
x10 <- 0x80000000


mem[X,0x80036C78] -> 0x0513
mem[X,0x80036C7A] -> 0xFFF5
[5485] [M]: 0x80036C78 (0xFFF50513) addi a0, a0, 4095
x10 <- 0x7FFFFFFF


mem[X,0x80036C7C] -> 0x0593
mem[X,0x80036C7E] -> 0x2000
[5486] [M]: 0x80036C7C (0x20000593) addi a1, zero, 512
x11 <- 0x00000200


mem[X,0x80036C80] -> 0x0113
mem[X,0x80036C82] -> 0x0000
[5487] [M]: 0x80036C80 (0x00000113) addi sp, zero, 0
x2 <- 0x00000000


mem[X,0x80036C84] -> 0x006F
mem[X,0x80036C86] -> 0x00C0
[5488] [M]: 0x80036C84 (0x00C0006F) jal zero, 12


mem[X,0x80036C90] -> 0x4063
mem[X,0x80036C92] -> 0x20B5
[5489] [M]: 0x80036C90 (0x20B54063) blt a0, a1, 512


mem[X,0x80036C94] -> 0x0113
mem[X,0x80036C96] -> 0x0021
[5490] [M]: 0x80036C94 (0x00210113) addi sp, sp, 2
x2 <- 0x00000002


mem[X,0x80036C98] -> 0x006F
mem[X,0x80036C9A] -> 0x2000
[5491] [M]: 0x80036C98 (0x2000006F) jal zero, 512


mem[X,0x80036E98] -> 0xAC23
mem[X,0x80036E9A] -> 0x0A20
[5492] [M]: 0x80036E98 (0x0A20AC23) sw sp, 184(ra)
mem[0x80039A20] <- 0x00000002


mem[X,0x80036E9C] -> 0x006F
mem[X,0x80036E9E] -> 0x0200
[5493] [M]: 0x80036E9C (0x0200006F) jal zero, 32


mem[X,0x80036EBC] -> 0x0093
mem[X,0x80036EBE] -> 0x0010
[5494] [M]: 0x80036EBC (0x00100093) addi ra, zero, 1
x1 <- 0x00000001


mem[X,0x80036EC0] -> 0x0F17
mem[X,0x80036EC2] -> 0x0000
[5495] [M]: 0x80036EC0 (0x00000F17) auipc t5, 0
x30 <- 0x80036EC0


mem[X,0x80036EC4] -> 0x2023
mem[X,0x80036EC6] -> 0x141F
[5496] [M]: 0x80036EC4 (0x141F2023) sw ra, 320(t5)
htif[0x80037000] <- 0x00000001


mem[X,0x80036EC8] -> 0xF06F
mem[X,0x80036ECA] -> 0xFF9F
[5497] [M]: 0x80036EC8 (0xFF9FF06F) jal zero, 2097144


mem[X,0x80036EC0] -> 0x0F17
mem[X,0x80036EC2] -> 0x0000
[5498] [M]: 0x80036EC0 (0x00000F17) auipc t5, 0
x30 <- 0x80036EC0


mem[X,0x80036EC4] -> 0x2023
mem[X,0x80036EC6] -> 0x141F
[5499] [M]: 0x80036EC4 (0x141F2023) sw ra, 320(t5)
htif[0x80037000] <- 0x00000001


clint::tick mtime <- 0x0000000000000037
 clint timer pending at mtime 0x0000000000000037
htif::tick 0x0000000000000001
mem[X,0x80036EC8] -> 0xF06F
mem[X,0x80036ECA] -> 0xFF9F
[5500] [M]: 0x80036EC8 (0xFF9FF06F) jal zero, 2097144


mem[X,0x80036EC0] -> 0x0F17
mem[X,0x80036EC2] -> 0x0000
[5501] [M]: 0x80036EC0 (0x00000F17) auipc t5, 0
x30 <- 0x80036EC0


mem[X,0x80036EC4] -> 0x2023
mem[X,0x80036EC6] -> 0x141F
[5502] [M]: 0x80036EC4 (0x141F2023) sw ra, 320(t5)
htif[0x80037000] <- 0x00000001
htif-syscall-proxy cmd: 0x000000000001

SUCCESS
