using /home/force/Desktop/work/compliance_testing/our_riscv/work/riscof_work/C/src/candi-01.S/ref/Reference-sail_c_simulator.signature for test-signature output.
[Sail] Allocating new block 0x80000000
tohost located at 0x80002000
[Sail] Allocating new block 0x0

Running file ref.elf.
ELF Entry @ 0x80000000
begin_signature: 0x80004110
end_signature: 0x80004700
CSR mstatus <- 0x00000000 (input: 0x00000000)
mem[X,0x00001000] -> 0x0297
mem[X,0x00001002] -> 0x0000
[0] [M]: 0x00001000 (0x00000297) auipc t0, 0
x5 <- 0x00001000


mem[X,0x00001004] -> 0x8593
mem[X,0x00001006] -> 0x0202
[1] [M]: 0x00001004 (0x02028593) addi a1, t0, 32
x11 <- 0x00001020


mem[X,0x00001008] -> 0x2573
mem[X,0x0000100A] -> 0xF140
[2] [M]: 0x00001008 (0xF1402573) csrrs a0, mhartid, zero
CSR mhartid -> 0x00000000
x10 <- 0x00000000


mem[X,0x0000100C] -> 0xA283
mem[X,0x0000100E] -> 0x0182
[3] [M]: 0x0000100C (0x0182A283) lw t0, 24(t0)
mem[R,0x00001018] -> 0x80000000
x5 <- 0x80000000


mem[X,0x00001010] -> 0x8067
mem[X,0x00001012] -> 0x0002
[4] [M]: 0x00001010 (0x00028067) jalr zero, t0, 0


mem[X,0x80000000] -> 0xC0B7
mem[X,0x80000002] -> 0xFEED
[5] [M]: 0x80000000 (0xFEEDC0B7) lui ra, 1044188
x1 <- 0xFEEDC000


mem[X,0x80000004] -> 0x8093
mem[X,0x80000006] -> 0xEAD0
[6] [M]: 0x80000004 (0xEAD08093) addi ra, ra, 3757
x1 <- 0xFEEDBEAD


mem[X,0x80000008] -> 0xE137
mem[X,0x8000000A] -> 0xFF76
[7] [M]: 0x80000008 (0xFF76E137) lui sp, 1046382
x2 <- 0xFF76E000


mem[X,0x8000000C] -> 0x0113
mem[X,0x8000000E] -> 0xF561
[8] [M]: 0x8000000C (0xF5610113) addi sp, sp, 3926
x2 <- 0xFF76DF56


mem[X,0x80000010] -> 0x71B7
mem[X,0x80000012] -> 0x7FBB
[9] [M]: 0x80000010 (0x7FBB71B7) lui gp, 523191
x3 <- 0x7FBB7000


mem[X,0x80000014] -> 0x8193
mem[X,0x80000016] -> 0xFAB1
[10] [M]: 0x80000014 (0xFAB18193) addi gp, gp, 4011
x3 <- 0x7FBB6FAB


mem[X,0x80000018] -> 0xB237
mem[X,0x8000001A] -> 0xBFDD
[11] [M]: 0x80000018 (0xBFDDB237) lui tp, 785883
x4 <- 0xBFDDB000


mem[X,0x8000001C] -> 0x0213
mem[X,0x8000001E] -> 0x7D52
[12] [M]: 0x8000001C (0x7D520213) addi tp, tp, 2005
x4 <- 0xBFDDB7D5


mem[X,0x80000020] -> 0x0297
mem[X,0x80000022] -> 0x0000
[13] [M]: 0x80000020 (0x00000297) auipc t0, 0
x5 <- 0x80000020


mem[X,0x80000024] -> 0x8293
mem[X,0x80000026] -> 0x0882
[14] [M]: 0x80000024 (0x08828293) addi t0, t0, 136
x5 <- 0x800000A8


mem[X,0x80000028] -> 0x0013
mem[X,0x8000002A] -> 0x0000
[15] [M]: 0x80000028 (0x00000013) addi zero, zero, 0


mem[X,0x8000002C] -> 0x0013
mem[X,0x8000002E] -> 0x0000
[16] [M]: 0x8000002C (0x00000013) addi zero, zero, 0


mem[X,0x80000030] -> 0x0013
mem[X,0x80000032] -> 0x0000
[17] [M]: 0x80000030 (0x00000013) addi zero, zero, 0


mem[X,0x80000034] -> 0x0013
mem[X,0x80000036] -> 0x0000
[18] [M]: 0x80000034 (0x00000013) addi zero, zero, 0


mem[X,0x80000038] -> 0x0013
mem[X,0x8000003A] -> 0x0000
[19] [M]: 0x80000038 (0x00000013) addi zero, zero, 0


mem[X,0x8000003C] -> 0x0013
mem[X,0x8000003E] -> 0x0000
[20] [M]: 0x8000003C (0x00000013) addi zero, zero, 0


mem[X,0x80000040] -> 0x3317
mem[X,0x80000042] -> 0x0000
[21] [M]: 0x80000040 (0x00003317) auipc t1, 3
x6 <- 0x80003040


mem[X,0x80000044] -> 0x0313
mem[X,0x80000046] -> 0xFC03
[22] [M]: 0x80000044 (0xFC030313) addi t1, t1, 4032
x6 <- 0x80003000


mem[X,0x80000048] -> 0x0013
mem[X,0x8000004A] -> 0x0000
[23] [M]: 0x80000048 (0x00000013) addi zero, zero, 0


mem[X,0x8000004C] -> 0x0013
mem[X,0x8000004E] -> 0x0000
[24] [M]: 0x8000004C (0x00000013) addi zero, zero, 0


mem[X,0x80000050] -> 0x0013
mem[X,0x80000052] -> 0x0000
[25] [M]: 0x80000050 (0x00000013) addi zero, zero, 0


mem[X,0x80000054] -> 0x0013
mem[X,0x80000056] -> 0x0000
[26] [M]: 0x80000054 (0x00000013) addi zero, zero, 0


mem[X,0x80000058] -> 0x0013
mem[X,0x8000005A] -> 0x0000
[27] [M]: 0x80000058 (0x00000013) addi zero, zero, 0


mem[X,0x8000005C] -> 0x0013
mem[X,0x8000005E] -> 0x0000
[28] [M]: 0x8000005C (0x00000013) addi zero, zero, 0


mem[X,0x80000060] -> 0xB3B7
mem[X,0x80000062] -> 0xB7FB
[29] [M]: 0x80000060 (0xB7FBB3B7) lui t2, 753595
x7 <- 0xB7FBB000


mem[X,0x80000064] -> 0x8393
mem[X,0x80000066] -> 0x6FA3
[30] [M]: 0x80000064 (0x6FA38393) addi t2, t2, 1786
x7 <- 0xB7FBB6FA


mem[X,0x80000068] -> 0xE437
mem[X,0x8000006A] -> 0x5BFD
[31] [M]: 0x80000068 (0x5BFDE437) lui fp, 376798
x8 <- 0x5BFDE000


mem[X,0x8000006C] -> 0x0413
mem[X,0x8000006E] -> 0xB7D4
[32] [M]: 0x8000006C (0xB7D40413) addi fp, fp, 2941
x8 <- 0x5BFDDB7D


mem[X,0x80000070] -> 0xF4B7
mem[X,0x80000072] -> 0xADFE
[33] [M]: 0x80000070 (0xADFEF4B7) lui s1, 712687
x9 <- 0xADFEF000


mem[X,0x80000074] -> 0x8493
mem[X,0x80000076] -> 0xDBE4
[34] [M]: 0x80000074 (0xDBE48493) addi s1, s1, 3518
x9 <- 0xADFEEDBE


mem[X,0x80000078] -> 0x7537
mem[X,0x8000007A] -> 0x56FF
[35] [M]: 0x80000078 (0x56FF7537) lui a0, 356343
x10 <- 0x56FF7000


mem[X,0x8000007C] -> 0x0513
mem[X,0x8000007E] -> 0x6DF5
[36] [M]: 0x8000007C (0x6DF50513) addi a0, a0, 1759
x10 <- 0x56FF76DF


mem[X,0x80000080] -> 0xC5B7
mem[X,0x80000082] -> 0xAB7F
[37] [M]: 0x80000080 (0xAB7FC5B7) lui a1, 702460
x11 <- 0xAB7FC000


mem[X,0x80000084] -> 0x8593
mem[X,0x80000086] -> 0xB6F5
[38] [M]: 0x80000084 (0xB6F58593) addi a1, a1, 2927
x11 <- 0xAB7FBB6F


mem[X,0x80000088] -> 0xE637
mem[X,0x8000008A] -> 0xD5BF
[39] [M]: 0x80000088 (0xD5BFE637) lui a2, 875518
x12 <- 0xD5BFE000


mem[X,0x8000008C] -> 0x0613
mem[X,0x8000008E] -> 0xDB76
[40] [M]: 0x8000008C (0xDB760613) addi a2, a2, 3511
x12 <- 0xD5BFDDB7


mem[X,0x80000090] -> 0xF6B7
mem[X,0x80000092] -> 0xEADF
[41] [M]: 0x80000090 (0xEADFF6B7) lui a3, 962047
x13 <- 0xEADFF000


mem[X,0x80000094] -> 0x8693
mem[X,0x80000096] -> 0xEDB6
[42] [M]: 0x80000094 (0xEDB68693) addi a3, a3, 3803
x13 <- 0xEADFEEDB


mem[X,0x80000098] -> 0xF737
mem[X,0x8000009A] -> 0xF56F
[43] [M]: 0x80000098 (0xF56FF737) lui a4, 1005311
x14 <- 0xF56FF000


mem[X,0x8000009C] -> 0x0713
mem[X,0x8000009E] -> 0x76D7
[44] [M]: 0x8000009C (0x76D70713) addi a4, a4, 1901
x14 <- 0xF56FF76D


mem[X,0x800000A0] -> 0x07B7
mem[X,0x800000A2] -> 0xFAB8
[45] [M]: 0x800000A0 (0xFAB807B7) lui a5, 1026944
x15 <- 0xFAB80000


mem[X,0x800000A4] -> 0x8793
mem[X,0x800000A6] -> 0xBB67
[46] [M]: 0x800000A4 (0xBB678793) addi a5, a5, 2998
x15 <- 0xFAB7FBB6


mem[X,0x800000A8] -> 0x0013
mem[X,0x800000AA] -> 0x0000
[47] [M]: 0x800000A8 (0x00000013) addi zero, zero, 0


mem[X,0x800000AC] -> 0x0013
mem[X,0x800000AE] -> 0x0000
[48] [M]: 0x800000AC (0x00000013) addi zero, zero, 0


mem[X,0x800000B0] -> 0x0013
mem[X,0x800000B2] -> 0x0000
[49] [M]: 0x800000B0 (0x00000013) addi zero, zero, 0


mem[X,0x800000B4] -> 0x0013
mem[X,0x800000B6] -> 0x0000
[50] [M]: 0x800000B4 (0x00000013) addi zero, zero, 0


mem[X,0x800000B8] -> 0x0013
mem[X,0x800000BA] -> 0x0000
[51] [M]: 0x800000B8 (0x00000013) addi zero, zero, 0


mem[X,0x800000BC] -> 0x0013
mem[X,0x800000BE] -> 0x0000
[52] [M]: 0x800000BC (0x00000013) addi zero, zero, 0


mem[X,0x800000C0] -> 0x4097
mem[X,0x800000C2] -> 0x0000
[53] [M]: 0x800000C0 (0x00004097) auipc ra, 4
x1 <- 0x800040C0


mem[X,0x800000C4] -> 0x8093
mem[X,0x800000C6] -> 0x0540
[54] [M]: 0x800000C4 (0x05408093) addi ra, ra, 84
x1 <- 0x80004114


mem[X,0x800000C8] -> 0x0013
mem[X,0x800000CA] -> 0x0000
[55] [M]: 0x800000C8 (0x00000013) addi zero, zero, 0


mem[X,0x800000CC] -> 0x0013
mem[X,0x800000CE] -> 0x0000
[56] [M]: 0x800000CC (0x00000013) addi zero, zero, 0


mem[X,0x800000D0] -> 0x0013
mem[X,0x800000D2] -> 0x0000
[57] [M]: 0x800000D0 (0x00000013) addi zero, zero, 0


mem[X,0x800000D4] -> 0x0013
mem[X,0x800000D6] -> 0x0000
[58] [M]: 0x800000D4 (0x00000013) addi zero, zero, 0


mem[X,0x800000D8] -> 0x0013
mem[X,0x800000DA] -> 0x0000
[59] [M]: 0x800000D8 (0x00000013) addi zero, zero, 0


mem[X,0x800000DC] -> 0x0013
mem[X,0x800000DE] -> 0x0000
[60] [M]: 0x800000DC (0x00000013) addi zero, zero, 0


mem[X,0x800000E0] -> 0x5769
[61] [M]: 0x800000E0 (0x5769) c.li a4, 58
x14 <- 0xFFFFFFFA


mem[X,0x800000E2] -> 0x9B69
[62] [M]: 0x800000E2 (0x9B69) c.andi a4, 58
x14 <- 0xFFFFFFFA


mem[X,0x800000E4] -> 0xA023
mem[X,0x800000E6] -> 0x00E0
[63] [M]: 0x800000E4 (0x00E0A023) sw a4, 0(ra)
mem[0x80004114] <- 0xFFFFFFFA


mem[X,0x800000E8] -> 0x7561
[64] [M]: 0x800000E8 (0x7561) c.lui a0, 56
x10 <- 0xFFFF8000


mem[X,0x800000EA] -> 0x157D
[65] [M]: 0x800000EA (0x157D) c.addi a0, 63
x10 <- 0xFFFF7FFF


mem[X,0x800000EC] -> 0x8929
[66] [M]: 0x800000EC (0x8929) c.andi a0, 10
x10 <- 0x0000000A


mem[X,0x800000EE] -> 0xA223
mem[X,0x800000F0] -> 0x00A0
[67] [M]: 0x800000EE (0x00A0A223) sw a0, 4(ra)
mem[0x80004118] <- 0x0000000A


mem[X,0x800000F2] -> 0x6689
[68] [M]: 0x800000F2 (0x6689) c.lui a3, 2
x13 <- 0x00002000


mem[X,0x800000F4] -> 0x8A95
[69] [M]: 0x800000F4 (0x8A95) c.andi a3, 5
x13 <- 0x00000000


mem[X,0x800000F6] -> 0xA423
mem[X,0x800000F8] -> 0x00D0
[70] [M]: 0x800000F6 (0x00D0A423) sw a3, 8(ra)
mem[0x8000411C] <- 0x00000000


mem[X,0x800000FA] -> 0x0793
mem[X,0x800000FC] -> 0x1000
[71] [M]: 0x800000FA (0x10000793) addi a5, zero, 256
x15 <- 0x00000100


mem[X,0x800000FE] -> 0x9BFD
[72] [M]: 0x800000FE (0x9BFD) c.andi a5, 63
x15 <- 0x00000100


mem[X,0x80000100] -> 0xA623
mem[X,0x80000102] -> 0x00F0
[73] [M]: 0x80000100 (0x00F0A623) sw a5, 12(ra)
mem[0x80004120] <- 0x00000100


mem[X,0x80000104] -> 0x4621
[74] [M]: 0x80000104 (0x4621) c.li a2, 8
x12 <- 0x00000008


mem[X,0x80000106] -> 0x9A01
[75] [M]: 0x80000106 (0x9A01) c.andi a2, 32
x12 <- 0x00000000


mem[X,0x80000108] -> 0xA823
mem[X,0x8000010A] -> 0x00C0
[76] [M]: 0x80000108 (0x00C0A823) sw a2, 16(ra)
mem[0x80004124] <- 0x00000000


mem[X,0x8000010C] -> 0x75D5
[77] [M]: 0x8000010C (0x75D5) c.lui a1, 53
x11 <- 0xFFFF5000


mem[X,0x8000010E] -> 0x8593
mem[X,0x80000110] -> 0xAFC5
[78] [M]: 0x8000010E (0xAFC58593) addi a1, a1, 2812
x11 <- 0xFFFF4AFC


mem[X,0x80000112] -> 0x8981
[79] [M]: 0x80000112 (0x8981) c.andi a1, 0
x11 <- 0x00000000


mem[X,0x80000114] -> 0xAA23
mem[X,0x80000116] -> 0x00B0
[80] [M]: 0x80000114 (0x00B0AA23) sw a1, 20(ra)
mem[0x80004128] <- 0x00000000


mem[X,0x80000118] -> 0x0493
mem[X,0x8000011A] -> 0xFDF0
[81] [M]: 0x80000118 (0xFDF00493) addi s1, zero, 4063
x9 <- 0xFFFFFFDF


mem[X,0x8000011C] -> 0x88FD
[82] [M]: 0x8000011C (0x88FD) c.andi s1, 31
x9 <- 0x0000001F


mem[X,0x8000011E] -> 0xAC23
mem[X,0x80000120] -> 0x0090
[83] [M]: 0x8000011E (0x0090AC23) sw s1, 24(ra)
mem[0x8000412C] <- 0x0000001F


mem[X,0x80000122] -> 0x6409
[84] [M]: 0x80000122 (0x6409) c.lui fp, 2
x8 <- 0x00002000


mem[X,0x80000124] -> 0x8805
[85] [M]: 0x80000124 (0x8805) c.andi s0, 1
x8 <- 0x00000000


mem[X,0x80000126] -> 0xAE23
mem[X,0x80000128] -> 0x0080
[86] [M]: 0x80000126 (0x0080AE23) sw fp, 28(ra)
mem[0x80004130] <- 0x00000000


mem[X,0x8000012A] -> 0x0537
mem[X,0x8000012C] -> 0x8000
[87] [M]: 0x8000012A (0x80000537) lui a0, 524288
x10 <- 0x80000000


mem[X,0x8000012E] -> 0x8905
[88] [M]: 0x8000012E (0x8905) c.andi a0, 1
x10 <- 0x00000000


mem[X,0x80000130] -> 0xA023
mem[X,0x80000132] -> 0x02A0
[89] [M]: 0x80000130 (0x02A0A023) sw a0, 32(ra)
mem[0x80004134] <- 0x00000000


mem[X,0x80000134] -> 0x4501
[90] [M]: 0x80000134 (0x4501) c.li a0, 0
x10 <- 0x00000000


mem[X,0x80000136] -> 0x8911
[91] [M]: 0x80000136 (0x8911) c.andi a0, 4
x10 <- 0x00000000


mem[X,0x80000138] -> 0xA223
mem[X,0x8000013A] -> 0x02A0
[92] [M]: 0x80000138 (0x02A0A223) sw a0, 36(ra)
mem[0x80004138] <- 0x00000000


mem[X,0x8000013C] -> 0x0537
mem[X,0x8000013E] -> 0x8000
[93] [M]: 0x8000013C (0x80000537) lui a0, 524288
x10 <- 0x80000000


mem[X,0x80000140] -> 0x157D
[94] [M]: 0x80000140 (0x157D) c.addi a0, 63
x10 <- 0x7FFFFFFF


mem[X,0x80000142] -> 0x8901
[95] [M]: 0x80000142 (0x8901) c.andi a0, 0
x10 <- 0x00000000


mem[X,0x80000144] -> 0xA423
mem[X,0x80000146] -> 0x02A0
[96] [M]: 0x80000144 (0x02A0A423) sw a0, 40(ra)
mem[0x8000413C] <- 0x00000000


mem[X,0x80000148] -> 0x4505
[97] [M]: 0x80000148 (0x4505) c.li a0, 1
x10 <- 0x00000001


mem[X,0x8000014A] -> 0x890D
[98] [M]: 0x8000014A (0x890D) c.andi a0, 3
x10 <- 0x00000001


mem[X,0x8000014C] -> 0xA623
mem[X,0x8000014E] -> 0x02A0
[99] [M]: 0x8000014C (0x02A0A623) sw a0, 44(ra)
mem[0x80004140] <- 0x00000001


clint::tick mtime <- 0x0000000000000001
 clint timer pending at mtime 0x0000000000000001
htif::tick 0x0000000000000000
mem[X,0x80000150] -> 0x4515
[100] [M]: 0x80000150 (0x4515) c.li a0, 5
x10 <- 0x00000005


mem[X,0x80000152] -> 0x8909
[101] [M]: 0x80000152 (0x8909) c.andi a0, 2
x10 <- 0x00000000


mem[X,0x80000154] -> 0xA823
mem[X,0x80000156] -> 0x02A0
[102] [M]: 0x80000154 (0x02A0A823) sw a0, 48(ra)
mem[0x80004144] <- 0x00000000


mem[X,0x80000158] -> 0x5579
[103] [M]: 0x80000158 (0x5579) c.li a0, 62
x10 <- 0xFFFFFFFE


mem[X,0x8000015A] -> 0x8921
[104] [M]: 0x8000015A (0x8921) c.andi a0, 8
x10 <- 0x00000008


mem[X,0x8000015C] -> 0xAA23
mem[X,0x8000015E] -> 0x02A0
[105] [M]: 0x8000015C (0x02A0AA23) sw a0, 52(ra)
mem[0x80004148] <- 0x00000008


mem[X,0x80000160] -> 0x0537
mem[X,0x80000162] -> 0xFFF0
[106] [M]: 0x80000160 (0xFFF00537) lui a0, 1048320
x10 <- 0xFFF00000


mem[X,0x80000164] -> 0x157D
[107] [M]: 0x80000164 (0x157D) c.addi a0, 63
x10 <- 0xFFEFFFFF


mem[X,0x80000166] -> 0x8941
[108] [M]: 0x80000166 (0x8941) c.andi a0, 16
x10 <- 0x00000010


mem[X,0x80000168] -> 0xAC23
mem[X,0x8000016A] -> 0x02A0
[109] [M]: 0x80000168 (0x02A0AC23) sw a0, 56(ra)
mem[0x8000414C] <- 0x00000010


mem[X,0x8000016C] -> 0x450D
[110] [M]: 0x8000016C (0x450D) c.li a0, 3
x10 <- 0x00000003


mem[X,0x8000016E] -> 0x9979
[111] [M]: 0x8000016E (0x9979) c.andi a0, 62
x10 <- 0x00000002


mem[X,0x80000170] -> 0xAE23
mem[X,0x80000172] -> 0x02A0
[112] [M]: 0x80000170 (0x02A0AE23) sw a0, 60(ra)
mem[0x80004150] <- 0x00000002


mem[X,0x80000174] -> 0x0537
mem[X,0x80000176] -> 0x0010
[113] [M]: 0x80000174 (0x00100537) lui a0, 256
x10 <- 0x00100000


mem[X,0x80000178] -> 0x9975
[114] [M]: 0x80000178 (0x9975) c.andi a0, 61
x10 <- 0x00100000


mem[X,0x8000017A] -> 0xA023
mem[X,0x8000017C] -> 0x04A0
[115] [M]: 0x8000017A (0x04A0A023) sw a0, 64(ra)
mem[0x80004154] <- 0x00100000


mem[X,0x8000017E] -> 0x6537
mem[X,0x80000180] -> 0x6666
[116] [M]: 0x8000017E (0x66666537) lui a0, 419430
x10 <- 0x66666000


mem[X,0x80000182] -> 0x0513
mem[X,0x80000184] -> 0x6675
[117] [M]: 0x80000182 (0x66750513) addi a0, a0, 1639
x10 <- 0x66666667


mem[X,0x80000186] -> 0x996D
[118] [M]: 0x80000186 (0x996D) c.andi a0, 59
x10 <- 0x66666663


mem[X,0x80000188] -> 0xA223
mem[X,0x8000018A] -> 0x04A0
[119] [M]: 0x80000188 (0x04A0A223) sw a0, 68(ra)
mem[0x80004158] <- 0x66666663


mem[X,0x8000018C] -> 0x6537
mem[X,0x8000018E] -> 0x6666
[120] [M]: 0x8000018C (0x66666537) lui a0, 419430
x10 <- 0x66666000


mem[X,0x80000190] -> 0x0513
mem[X,0x80000192] -> 0x6655
[121] [M]: 0x80000190 (0x66550513) addi a0, a0, 1637
x10 <- 0x66666665


mem[X,0x80000194] -> 0x995D
[122] [M]: 0x80000194 (0x995D) c.andi a0, 55
x10 <- 0x66666665


mem[X,0x80000196] -> 0xA423
mem[X,0x80000198] -> 0x04A0
[123] [M]: 0x80000196 (0x04A0A423) sw a0, 72(ra)
mem[0x8000415C] <- 0x66666665


mem[X,0x8000019A] -> 0x450D
[124] [M]: 0x8000019A (0x450D) c.li a0, 3
x10 <- 0x00000003


mem[X,0x8000019C] -> 0x993D
[125] [M]: 0x8000019C (0x993D) c.andi a0, 47
x10 <- 0x00000003


mem[X,0x8000019E] -> 0xA623
mem[X,0x800001A0] -> 0x04A0
[126] [M]: 0x8000019E (0x04A0A623) sw a0, 76(ra)
mem[0x80004160] <- 0x00000003


mem[X,0x800001A2] -> 0x0537
mem[X,0x800001A4] -> 0x1000
[127] [M]: 0x800001A2 (0x10000537) lui a0, 65536
x10 <- 0x10000000


mem[X,0x800001A6] -> 0x8955
[128] [M]: 0x800001A6 (0x8955) c.andi a0, 21
x10 <- 0x00000000


mem[X,0x800001A8] -> 0xA823
mem[X,0x800001AA] -> 0x04A0
[129] [M]: 0x800001A8 (0x04A0A823) sw a0, 80(ra)
mem[0x80004164] <- 0x00000000


mem[X,0x800001AC] -> 0x4515
[130] [M]: 0x800001AC (0x4515) c.li a0, 5
x10 <- 0x00000005


mem[X,0x800001AE] -> 0x9929
[131] [M]: 0x800001AE (0x9929) c.andi a0, 42
x10 <- 0x00000000


mem[X,0x800001B0] -> 0xAA23
mem[X,0x800001B2] -> 0x04A0
[132] [M]: 0x800001B0 (0x04A0AA23) sw a0, 84(ra)
mem[0x80004168] <- 0x00000000


mem[X,0x800001B4] -> 0x4509
[133] [M]: 0x800001B4 (0x4509) c.li a0, 2
x10 <- 0x00000002


mem[X,0x800001B6] -> 0x8915
[134] [M]: 0x800001B6 (0x8915) c.andi a0, 5
x10 <- 0x00000000


mem[X,0x800001B8] -> 0xAC23
mem[X,0x800001BA] -> 0x04A0
[135] [M]: 0x800001B8 (0x04A0AC23) sw a0, 88(ra)
mem[0x8000416C] <- 0x00000000


mem[X,0x800001BC] -> 0x4511
[136] [M]: 0x800001BC (0x4511) c.li a0, 4
x10 <- 0x00000004


mem[X,0x800001BE] -> 0x8929
[137] [M]: 0x800001BE (0x8929) c.andi a0, 10
x10 <- 0x00000000


mem[X,0x800001C0] -> 0xAE23
mem[X,0x800001C2] -> 0x04A0
[138] [M]: 0x800001C0 (0x04A0AE23) sw a0, 92(ra)
mem[0x80004170] <- 0x00000000


mem[X,0x800001C4] -> 0x4541
[139] [M]: 0x800001C4 (0x4541) c.li a0, 16
x10 <- 0x00000010


mem[X,0x800001C6] -> 0x8909
[140] [M]: 0x800001C6 (0x8909) c.andi a0, 2
x10 <- 0x00000000


mem[X,0x800001C8] -> 0xA023
mem[X,0x800001CA] -> 0x06A0
[141] [M]: 0x800001C8 (0x06A0A023) sw a0, 96(ra)
mem[0x80004174] <- 0x00000000


mem[X,0x800001CC] -> 0x0513
mem[X,0x800001CE] -> 0x0200
[142] [M]: 0x800001CC (0x02000513) addi a0, zero, 32
x10 <- 0x00000020


mem[X,0x800001D0] -> 0x9941
[143] [M]: 0x800001D0 (0x9941) c.andi a0, 48
x10 <- 0x00000020


mem[X,0x800001D2] -> 0xA223
mem[X,0x800001D4] -> 0x06A0
[144] [M]: 0x800001D2 (0x06A0A223) sw a0, 100(ra)
mem[0x80004178] <- 0x00000020


mem[X,0x800001D6] -> 0x0513
mem[X,0x800001D8] -> 0x0400
[145] [M]: 0x800001D6 (0x04000513) addi a0, zero, 64
x10 <- 0x00000040


mem[X,0x800001DA] -> 0x8901
[146] [M]: 0x800001DA (0x8901) c.andi a0, 0
x10 <- 0x00000000


mem[X,0x800001DC] -> 0xA423
mem[X,0x800001DE] -> 0x06A0
[147] [M]: 0x800001DC (0x06A0A423) sw a0, 104(ra)
mem[0x8000417C] <- 0x00000000


mem[X,0x800001E0] -> 0x0513
mem[X,0x800001E2] -> 0x0800
[148] [M]: 0x800001E0 (0x08000513) addi a0, zero, 128
x10 <- 0x00000080


mem[X,0x800001E4] -> 0x897D
[149] [M]: 0x800001E4 (0x897D) c.andi a0, 31
x10 <- 0x00000000


mem[X,0x800001E6] -> 0xA623
mem[X,0x800001E8] -> 0x06A0
[150] [M]: 0x800001E6 (0x06A0A623) sw a0, 108(ra)
mem[0x80004180] <- 0x00000000


mem[X,0x800001EA] -> 0x0513
mem[X,0x800001EC] -> 0x2000
[151] [M]: 0x800001EA (0x20000513) addi a0, zero, 512
x10 <- 0x00000200


mem[X,0x800001EE] -> 0x8911
[152] [M]: 0x800001EE (0x8911) c.andi a0, 4
x10 <- 0x00000000


mem[X,0x800001F0] -> 0xA823
mem[X,0x800001F2] -> 0x06A0
[153] [M]: 0x800001F0 (0x06A0A823) sw a0, 112(ra)
mem[0x80004184] <- 0x00000000


mem[X,0x800001F4] -> 0x0513
mem[X,0x800001F6] -> 0x4000
[154] [M]: 0x800001F4 (0x40000513) addi a0, zero, 1024
x10 <- 0x00000400


mem[X,0x800001F8] -> 0x8911
[155] [M]: 0x800001F8 (0x8911) c.andi a0, 4
x10 <- 0x00000000


mem[X,0x800001FA] -> 0xAA23
mem[X,0x800001FC] -> 0x06A0
[156] [M]: 0x800001FA (0x06A0AA23) sw a0, 116(ra)
mem[0x80004188] <- 0x00000000


mem[X,0x800001FE] -> 0x6505
[157] [M]: 0x800001FE (0x6505) c.lui a0, 1
x10 <- 0x00001000


mem[X,0x80000200] -> 0x0513
mem[X,0x80000202] -> 0x8005
[158] [M]: 0x80000200 (0x80050513) addi a0, a0, 2048
x10 <- 0x00000800


mem[X,0x80000204] -> 0x9979
[159] [M]: 0x80000204 (0x9979) c.andi a0, 62
x10 <- 0x00000800


mem[X,0x80000206] -> 0xAC23
mem[X,0x80000208] -> 0x06A0
[160] [M]: 0x80000206 (0x06A0AC23) sw a0, 120(ra)
mem[0x8000418C] <- 0x00000800


mem[X,0x8000020A] -> 0x6505
[161] [M]: 0x8000020A (0x6505) c.lui a0, 1
x10 <- 0x00001000


mem[X,0x8000020C] -> 0x8955
[162] [M]: 0x8000020C (0x8955) c.andi a0, 21
x10 <- 0x00000000


mem[X,0x8000020E] -> 0xAE23
mem[X,0x80000210] -> 0x06A0
[163] [M]: 0x8000020E (0x06A0AE23) sw a0, 124(ra)
mem[0x80004190] <- 0x00000000


mem[X,0x80000212] -> 0x6511
[164] [M]: 0x80000212 (0x6511) c.lui a0, 4
x10 <- 0x00004000


mem[X,0x80000214] -> 0x9901
[165] [M]: 0x80000214 (0x9901) c.andi a0, 32
x10 <- 0x00004000


mem[X,0x80000216] -> 0xA023
mem[X,0x80000218] -> 0x08A0
[166] [M]: 0x80000216 (0x08A0A023) sw a0, 128(ra)
mem[0x80004194] <- 0x00004000


mem[X,0x8000021A] -> 0x6521
[167] [M]: 0x8000021A (0x6521) c.lui a0, 8
x10 <- 0x00008000


mem[X,0x8000021C] -> 0x890D
[168] [M]: 0x8000021C (0x890D) c.andi a0, 3
x10 <- 0x00000000


mem[X,0x8000021E] -> 0xA223
mem[X,0x80000220] -> 0x08A0
[169] [M]: 0x8000021E (0x08A0A223) sw a0, 132(ra)
mem[0x80004198] <- 0x00000000


mem[X,0x80000222] -> 0x6541
[170] [M]: 0x80000222 (0x6541) c.lui a0, 16
x10 <- 0x00010000


mem[X,0x80000224] -> 0x8909
[171] [M]: 0x80000224 (0x8909) c.andi a0, 2
x10 <- 0x00000000


mem[X,0x80000226] -> 0xA423
mem[X,0x80000228] -> 0x08A0
[172] [M]: 0x80000226 (0x08A0A423) sw a0, 136(ra)
mem[0x8000419C] <- 0x00000000


mem[X,0x8000022A] -> 0x0537
mem[X,0x8000022C] -> 0x0002
[173] [M]: 0x8000022A (0x00020537) lui a0, 32
x10 <- 0x00020000


mem[X,0x8000022E] -> 0x8919
[174] [M]: 0x8000022E (0x8919) c.andi a0, 6
x10 <- 0x00000000


mem[X,0x80000230] -> 0xA623
mem[X,0x80000232] -> 0x08A0
[175] [M]: 0x80000230 (0x08A0A623) sw a0, 140(ra)
mem[0x800041A0] <- 0x00000000


mem[X,0x80000234] -> 0x0537
mem[X,0x80000236] -> 0x0004
[176] [M]: 0x80000234 (0x00040537) lui a0, 64
x10 <- 0x00040000


mem[X,0x80000238] -> 0x9969
[177] [M]: 0x80000238 (0x9969) c.andi a0, 58
x10 <- 0x00040000


mem[X,0x8000023A] -> 0xA823
mem[X,0x8000023C] -> 0x08A0
[178] [M]: 0x8000023A (0x08A0A823) sw a0, 144(ra)
mem[0x800041A4] <- 0x00040000


mem[X,0x8000023E] -> 0x0537
mem[X,0x80000240] -> 0x0008
[179] [M]: 0x8000023E (0x00080537) lui a0, 128
x10 <- 0x00080000


mem[X,0x80000242] -> 0x997D
[180] [M]: 0x80000242 (0x997D) c.andi a0, 63
x10 <- 0x00080000


mem[X,0x80000244] -> 0xAA23
mem[X,0x80000246] -> 0x08A0
[181] [M]: 0x80000244 (0x08A0AA23) sw a0, 148(ra)
mem[0x800041A8] <- 0x00080000


mem[X,0x80000248] -> 0x0537
mem[X,0x8000024A] -> 0x0020
[182] [M]: 0x80000248 (0x00200537) lui a0, 512
x10 <- 0x00200000


mem[X,0x8000024C] -> 0x8901
[183] [M]: 0x8000024C (0x8901) c.andi a0, 0
x10 <- 0x00000000


mem[X,0x8000024E] -> 0xAC23
mem[X,0x80000250] -> 0x08A0
[184] [M]: 0x8000024E (0x08A0AC23) sw a0, 152(ra)
mem[0x800041AC] <- 0x00000000


mem[X,0x80000252] -> 0x0537
mem[X,0x80000254] -> 0x0040
[185] [M]: 0x80000252 (0x00400537) lui a0, 1024
x10 <- 0x00400000


mem[X,0x80000256] -> 0x9979
[186] [M]: 0x80000256 (0x9979) c.andi a0, 62
x10 <- 0x00400000


mem[X,0x80000258] -> 0xAE23
mem[X,0x8000025A] -> 0x08A0
[187] [M]: 0x80000258 (0x08A0AE23) sw a0, 156(ra)
mem[0x800041B0] <- 0x00400000


mem[X,0x8000025C] -> 0x0537
mem[X,0x8000025E] -> 0x0080
[188] [M]: 0x8000025C (0x00800537) lui a0, 2048
x10 <- 0x00800000


mem[X,0x80000260] -> 0x892D
[189] [M]: 0x80000260 (0x892D) c.andi a0, 11
x10 <- 0x00000000


mem[X,0x80000262] -> 0xA023
mem[X,0x80000264] -> 0x0AA0
[190] [M]: 0x80000262 (0x0AA0A023) sw a0, 160(ra)
mem[0x800041B4] <- 0x00000000


mem[X,0x80000266] -> 0x0537
mem[X,0x80000268] -> 0x0100
[191] [M]: 0x80000266 (0x01000537) lui a0, 4096
x10 <- 0x01000000


mem[X,0x8000026A] -> 0x8901
[192] [M]: 0x8000026A (0x8901) c.andi a0, 0
x10 <- 0x00000000


mem[X,0x8000026C] -> 0xA223
mem[X,0x8000026E] -> 0x0AA0
[193] [M]: 0x8000026C (0x0AA0A223) sw a0, 164(ra)
mem[0x800041B8] <- 0x00000000


mem[X,0x80000270] -> 0x0537
mem[X,0x80000272] -> 0x0200
[194] [M]: 0x80000270 (0x02000537) lui a0, 8192
x10 <- 0x02000000


mem[X,0x80000274] -> 0x8919
[195] [M]: 0x80000274 (0x8919) c.andi a0, 6
x10 <- 0x00000000


mem[X,0x80000276] -> 0xA423
mem[X,0x80000278] -> 0x0AA0
[196] [M]: 0x80000276 (0x0AA0A423) sw a0, 168(ra)
mem[0x800041BC] <- 0x00000000


mem[X,0x8000027A] -> 0x0537
mem[X,0x8000027C] -> 0x0400
[197] [M]: 0x8000027A (0x04000537) lui a0, 16384
x10 <- 0x04000000


mem[X,0x8000027E] -> 0x8911
[198] [M]: 0x8000027E (0x8911) c.andi a0, 4
x10 <- 0x00000000


mem[X,0x80000280] -> 0xA623
mem[X,0x80000282] -> 0x0AA0
[199] [M]: 0x80000280 (0x0AA0A623) sw a0, 172(ra)
mem[0x800041C0] <- 0x00000000


clint::tick mtime <- 0x0000000000000002
 clint timer pending at mtime 0x0000000000000002
htif::tick 0x0000000000000000
mem[X,0x80000284] -> 0x0537
mem[X,0x80000286] -> 0x0800
[200] [M]: 0x80000284 (0x08000537) lui a0, 32768
x10 <- 0x08000000


mem[X,0x80000288] -> 0x8901
[201] [M]: 0x80000288 (0x8901) c.andi a0, 0
x10 <- 0x00000000


mem[X,0x8000028A] -> 0xA823
mem[X,0x8000028C] -> 0x0AA0
[202] [M]: 0x8000028A (0x0AA0A823) sw a0, 176(ra)
mem[0x800041C4] <- 0x00000000


mem[X,0x8000028E] -> 0x0537
mem[X,0x80000290] -> 0x2000
[203] [M]: 0x8000028E (0x20000537) lui a0, 131072
x10 <- 0x20000000


mem[X,0x80000292] -> 0x9975
[204] [M]: 0x80000292 (0x9975) c.andi a0, 61
x10 <- 0x20000000


mem[X,0x80000294] -> 0xAA23
mem[X,0x80000296] -> 0x0AA0
[205] [M]: 0x80000294 (0x0AA0AA23) sw a0, 180(ra)
mem[0x800041C8] <- 0x20000000


mem[X,0x80000298] -> 0x0537
mem[X,0x8000029A] -> 0x4000
[206] [M]: 0x80000298 (0x40000537) lui a0, 262144
x10 <- 0x40000000


mem[X,0x8000029C] -> 0x8911
[207] [M]: 0x8000029C (0x8911) c.andi a0, 4
x10 <- 0x00000000


mem[X,0x8000029E] -> 0xAC23
mem[X,0x800002A0] -> 0x0AA0
[208] [M]: 0x8000029E (0x0AA0AC23) sw a0, 184(ra)
mem[0x800041CC] <- 0x00000000


mem[X,0x800002A2] -> 0x5575
[209] [M]: 0x800002A2 (0x5575) c.li a0, 61
x10 <- 0xFFFFFFFD


mem[X,0x800002A4] -> 0x8929
[210] [M]: 0x800002A4 (0x8929) c.andi a0, 10
x10 <- 0x00000008


mem[X,0x800002A6] -> 0xAE23
mem[X,0x800002A8] -> 0x0AA0
[211] [M]: 0x800002A6 (0x0AA0AE23) sw a0, 188(ra)
mem[0x800041D0] <- 0x00000008


mem[X,0x800002AA] -> 0x556D
[212] [M]: 0x800002AA (0x556D) c.li a0, 59
x10 <- 0xFFFFFFFB


mem[X,0x800002AC] -> 0x997D
[213] [M]: 0x800002AC (0x997D) c.andi a0, 63
x10 <- 0xFFFFFFFB


mem[X,0x800002AE] -> 0xA023
mem[X,0x800002B0] -> 0x0CA0
[214] [M]: 0x800002AE (0x0CA0A023) sw a0, 192(ra)
mem[0x800041D4] <- 0xFFFFFFFB


mem[X,0x800002B2] -> 0x555D
[215] [M]: 0x800002B2 (0x555D) c.li a0, 55
x10 <- 0xFFFFFFF7


mem[X,0x800002B4] -> 0x8941
[216] [M]: 0x800002B4 (0x8941) c.andi a0, 16
x10 <- 0x00000010


mem[X,0x800002B6] -> 0xA223
mem[X,0x800002B8] -> 0x0CA0
[217] [M]: 0x800002B6 (0x0CA0A223) sw a0, 196(ra)
mem[0x800041D8] <- 0x00000010


mem[X,0x800002BA] -> 0x553D
[218] [M]: 0x800002BA (0x553D) c.li a0, 47
x10 <- 0xFFFFFFEF


mem[X,0x800002BC] -> 0x9979
[219] [M]: 0x800002BC (0x9979) c.andi a0, 62
x10 <- 0xFFFFFFEE


mem[X,0x800002BE] -> 0xA423
mem[X,0x800002C0] -> 0x0CA0
[220] [M]: 0x800002BE (0x0CA0A423) sw a0, 200(ra)
mem[0x800041DC] <- 0xFFFFFFEE


mem[X,0x800002C2] -> 0x0513
mem[X,0x800002C4] -> 0xFBF0
[221] [M]: 0x800002C2 (0xFBF00513) addi a0, zero, 4031
x10 <- 0xFFFFFFBF


mem[X,0x800002C6] -> 0x891D
[222] [M]: 0x800002C6 (0x891D) c.andi a0, 7
x10 <- 0x00000007


mem[X,0x800002C8] -> 0xA623
mem[X,0x800002CA] -> 0x0CA0
[223] [M]: 0x800002C8 (0x0CA0A623) sw a0, 204(ra)
mem[0x800041E0] <- 0x00000007


mem[X,0x800002CC] -> 0x0513
mem[X,0x800002CE] -> 0xF7F0
[224] [M]: 0x800002CC (0xF7F00513) addi a0, zero, 3967
x10 <- 0xFFFFFF7F


mem[X,0x800002D0] -> 0x8911
[225] [M]: 0x800002D0 (0x8911) c.andi a0, 4
x10 <- 0x00000004


mem[X,0x800002D2] -> 0xA823
mem[X,0x800002D4] -> 0x0CA0
[226] [M]: 0x800002D2 (0x0CA0A823) sw a0, 208(ra)
mem[0x800041E4] <- 0x00000004


mem[X,0x800002D6] -> 0x0513
mem[X,0x800002D8] -> 0xEFF0
[227] [M]: 0x800002D6 (0xEFF00513) addi a0, zero, 3839
x10 <- 0xFFFFFEFF


mem[X,0x800002DA] -> 0x8919
[228] [M]: 0x800002DA (0x8919) c.andi a0, 6
x10 <- 0x00000006


mem[X,0x800002DC] -> 0xAA23
mem[X,0x800002DE] -> 0x0CA0
[229] [M]: 0x800002DC (0x0CA0AA23) sw a0, 212(ra)
mem[0x800041E8] <- 0x00000006


mem[X,0x800002E0] -> 0x0513
mem[X,0x800002E2] -> 0xDFF0
[230] [M]: 0x800002E0 (0xDFF00513) addi a0, zero, 3583
x10 <- 0xFFFFFDFF


mem[X,0x800002E4] -> 0x8941
[231] [M]: 0x800002E4 (0x8941) c.andi a0, 16
x10 <- 0x00000010


mem[X,0x800002E6] -> 0xAC23
mem[X,0x800002E8] -> 0x0CA0
[232] [M]: 0x800002E6 (0x0CA0AC23) sw a0, 216(ra)
mem[0x800041EC] <- 0x00000010


mem[X,0x800002EA] -> 0x0513
mem[X,0x800002EC] -> 0xBFF0
[233] [M]: 0x800002EA (0xBFF00513) addi a0, zero, 3071
x10 <- 0xFFFFFBFF


mem[X,0x800002EE] -> 0x8905
[234] [M]: 0x800002EE (0x8905) c.andi a0, 1
x10 <- 0x00000001


mem[X,0x800002F0] -> 0xAE23
mem[X,0x800002F2] -> 0x0CA0
[235] [M]: 0x800002F0 (0x0CA0AE23) sw a0, 220(ra)
mem[0x800041F0] <- 0x00000001


mem[X,0x800002F4] -> 0x757D
[236] [M]: 0x800002F4 (0x757D) c.lui a0, 63
x10 <- 0xFFFFF000


mem[X,0x800002F6] -> 0x0513
mem[X,0x800002F8] -> 0x7FF5
[237] [M]: 0x800002F6 (0x7FF50513) addi a0, a0, 2047
x10 <- 0xFFFFF7FF


mem[X,0x800002FA] -> 0x8909
[238] [M]: 0x800002FA (0x8909) c.andi a0, 2
x10 <- 0x00000002


mem[X,0x800002FC] -> 0xA023
mem[X,0x800002FE] -> 0x0EA0
[239] [M]: 0x800002FC (0x0EA0A023) sw a0, 224(ra)
mem[0x800041F4] <- 0x00000002


mem[X,0x80000300] -> 0x757D
[240] [M]: 0x80000300 (0x757D) c.lui a0, 63
x10 <- 0xFFFFF000


mem[X,0x80000302] -> 0x157D
[241] [M]: 0x80000302 (0x157D) c.addi a0, 63
x10 <- 0xFFFFEFFF


mem[X,0x80000304] -> 0x8925
[242] [M]: 0x80000304 (0x8925) c.andi a0, 9
x10 <- 0x00000009


mem[X,0x80000306] -> 0xA223
mem[X,0x80000308] -> 0x0EA0
[243] [M]: 0x80000306 (0x0EA0A223) sw a0, 228(ra)
mem[0x800041F8] <- 0x00000009


mem[X,0x8000030A] -> 0x7579
[244] [M]: 0x8000030A (0x7579) c.lui a0, 62
x10 <- 0xFFFFE000


mem[X,0x8000030C] -> 0x157D
[245] [M]: 0x8000030C (0x157D) c.addi a0, 63
x10 <- 0xFFFFDFFF


mem[X,0x8000030E] -> 0x891D
[246] [M]: 0x8000030E (0x891D) c.andi a0, 7
x10 <- 0x00000007


mem[X,0x80000310] -> 0xA423
mem[X,0x80000312] -> 0x0EA0
[247] [M]: 0x80000310 (0x0EA0A423) sw a0, 232(ra)
mem[0x800041FC] <- 0x00000007


mem[X,0x80000314] -> 0x7571
[248] [M]: 0x80000314 (0x7571) c.lui a0, 60
x10 <- 0xFFFFC000


mem[X,0x80000316] -> 0x157D
[249] [M]: 0x80000316 (0x157D) c.addi a0, 63
x10 <- 0xFFFFBFFF


mem[X,0x80000318] -> 0x9959
[250] [M]: 0x80000318 (0x9959) c.andi a0, 54
x10 <- 0xFFFFBFF6


mem[X,0x8000031A] -> 0xA623
mem[X,0x8000031C] -> 0x0EA0
[251] [M]: 0x8000031A (0x0EA0A623) sw a0, 236(ra)
mem[0x80004200] <- 0xFFFFBFF6


mem[X,0x8000031E] -> 0x7541
[252] [M]: 0x8000031E (0x7541) c.lui a0, 48
x10 <- 0xFFFF0000


mem[X,0x80000320] -> 0x157D
[253] [M]: 0x80000320 (0x157D) c.addi a0, 63
x10 <- 0xFFFEFFFF


mem[X,0x80000322] -> 0x9975
[254] [M]: 0x80000322 (0x9975) c.andi a0, 61
x10 <- 0xFFFEFFFD


mem[X,0x80000324] -> 0xA823
mem[X,0x80000326] -> 0x0EA0
[255] [M]: 0x80000324 (0x0EA0A823) sw a0, 240(ra)
mem[0x80004204] <- 0xFFFEFFFD


mem[X,0x80000328] -> 0x7501
[256] [M]: 0x80000328 (0x7501) c.lui a0, 32
x10 <- 0xFFFE0000


mem[X,0x8000032A] -> 0x157D
[257] [M]: 0x8000032A (0x157D) c.addi a0, 63
x10 <- 0xFFFDFFFF


mem[X,0x8000032C] -> 0x8909
[258] [M]: 0x8000032C (0x8909) c.andi a0, 2
x10 <- 0x00000002


mem[X,0x8000032E] -> 0xAA23
mem[X,0x80000330] -> 0x0EA0
[259] [M]: 0x8000032E (0x0EA0AA23) sw a0, 244(ra)
mem[0x80004208] <- 0x00000002


mem[X,0x80000332] -> 0x0537
mem[X,0x80000334] -> 0xFFFC
[260] [M]: 0x80000332 (0xFFFC0537) lui a0, 1048512
x10 <- 0xFFFC0000


mem[X,0x80000336] -> 0x157D
[261] [M]: 0x80000336 (0x157D) c.addi a0, 63
x10 <- 0xFFFBFFFF


mem[X,0x80000338] -> 0x997D
[262] [M]: 0x80000338 (0x997D) c.andi a0, 63
x10 <- 0xFFFBFFFF


mem[X,0x8000033A] -> 0xAC23
mem[X,0x8000033C] -> 0x0EA0
[263] [M]: 0x8000033A (0x0EA0AC23) sw a0, 248(ra)
mem[0x8000420C] <- 0xFFFBFFFF


mem[X,0x8000033E] -> 0x0537
mem[X,0x80000340] -> 0xFFF8
[264] [M]: 0x8000033E (0xFFF80537) lui a0, 1048448
x10 <- 0xFFF80000


mem[X,0x80000342] -> 0x157D
[265] [M]: 0x80000342 (0x157D) c.addi a0, 63
x10 <- 0xFFF7FFFF


mem[X,0x80000344] -> 0x890D
[266] [M]: 0x80000344 (0x890D) c.andi a0, 3
x10 <- 0x00000003


mem[X,0x80000346] -> 0xAE23
mem[X,0x80000348] -> 0x0EA0
[267] [M]: 0x80000346 (0x0EA0AE23) sw a0, 252(ra)
mem[0x80004210] <- 0x00000003


mem[X,0x8000034A] -> 0x0537
mem[X,0x8000034C] -> 0xFFE0
[268] [M]: 0x8000034A (0xFFE00537) lui a0, 1048064
x10 <- 0xFFE00000


mem[X,0x8000034E] -> 0x157D
[269] [M]: 0x8000034E (0x157D) c.addi a0, 63
x10 <- 0xFFDFFFFF


mem[X,0x80000350] -> 0x892D
[270] [M]: 0x80000350 (0x892D) c.andi a0, 11
x10 <- 0x0000000B


mem[X,0x80000352] -> 0xA023
mem[X,0x80000354] -> 0x10A0
[271] [M]: 0x80000352 (0x10A0A023) sw a0, 256(ra)
mem[0x80004214] <- 0x0000000B


mem[X,0x80000356] -> 0x0537
mem[X,0x80000358] -> 0xFFC0
[272] [M]: 0x80000356 (0xFFC00537) lui a0, 1047552
x10 <- 0xFFC00000


mem[X,0x8000035A] -> 0x157D
[273] [M]: 0x8000035A (0x157D) c.addi a0, 63
x10 <- 0xFFBFFFFF


mem[X,0x8000035C] -> 0x8911
[274] [M]: 0x8000035C (0x8911) c.andi a0, 4
x10 <- 0x00000004


mem[X,0x8000035E] -> 0xA223
mem[X,0x80000360] -> 0x10A0
[275] [M]: 0x8000035E (0x10A0A223) sw a0, 260(ra)
mem[0x80004218] <- 0x00000004


mem[X,0x80000362] -> 0x0537
mem[X,0x80000364] -> 0xFF80
[276] [M]: 0x80000362 (0xFF800537) lui a0, 1046528
x10 <- 0xFF800000


mem[X,0x80000366] -> 0x157D
[277] [M]: 0x80000366 (0x157D) c.addi a0, 63
x10 <- 0xFF7FFFFF


mem[X,0x80000368] -> 0x9975
[278] [M]: 0x80000368 (0x9975) c.andi a0, 61
x10 <- 0xFF7FFFFD


mem[X,0x8000036A] -> 0xA423
mem[X,0x8000036C] -> 0x10A0
[279] [M]: 0x8000036A (0x10A0A423) sw a0, 264(ra)
mem[0x8000421C] <- 0xFF7FFFFD


mem[X,0x8000036E] -> 0x0537
mem[X,0x80000370] -> 0xFF00
[280] [M]: 0x8000036E (0xFF000537) lui a0, 1044480
x10 <- 0xFF000000


mem[X,0x80000372] -> 0x157D
[281] [M]: 0x80000372 (0x157D) c.addi a0, 63
x10 <- 0xFEFFFFFF


mem[X,0x80000374] -> 0x993D
[282] [M]: 0x80000374 (0x993D) c.andi a0, 47
x10 <- 0xFEFFFFEF


mem[X,0x80000376] -> 0xA623
mem[X,0x80000378] -> 0x10A0
[283] [M]: 0x80000376 (0x10A0A623) sw a0, 268(ra)
mem[0x80004220] <- 0xFEFFFFEF


mem[X,0x8000037A] -> 0x0537
mem[X,0x8000037C] -> 0xFE00
[284] [M]: 0x8000037A (0xFE000537) lui a0, 1040384
x10 <- 0xFE000000


mem[X,0x8000037E] -> 0x157D
[285] [M]: 0x8000037E (0x157D) c.addi a0, 63
x10 <- 0xFDFFFFFF


mem[X,0x80000380] -> 0x8901
[286] [M]: 0x80000380 (0x8901) c.andi a0, 0
x10 <- 0x00000000


mem[X,0x80000382] -> 0xA823
mem[X,0x80000384] -> 0x10A0
[287] [M]: 0x80000382 (0x10A0A823) sw a0, 272(ra)
mem[0x80004224] <- 0x00000000


mem[X,0x80000386] -> 0x0537
mem[X,0x80000388] -> 0xFC00
[288] [M]: 0x80000386 (0xFC000537) lui a0, 1032192
x10 <- 0xFC000000


mem[X,0x8000038A] -> 0x157D
[289] [M]: 0x8000038A (0x157D) c.addi a0, 63
x10 <- 0xFBFFFFFF


mem[X,0x8000038C] -> 0x8941
[290] [M]: 0x8000038C (0x8941) c.andi a0, 16
x10 <- 0x00000010


mem[X,0x8000038E] -> 0xAA23
mem[X,0x80000390] -> 0x10A0
[291] [M]: 0x8000038E (0x10A0AA23) sw a0, 276(ra)
mem[0x80004228] <- 0x00000010


mem[X,0x80000392] -> 0x0537
mem[X,0x80000394] -> 0xF800
[292] [M]: 0x80000392 (0xF8000537) lui a0, 1015808
x10 <- 0xF8000000


mem[X,0x80000396] -> 0x157D
[293] [M]: 0x80000396 (0x157D) c.addi a0, 63
x10 <- 0xF7FFFFFF


mem[X,0x80000398] -> 0x893D
[294] [M]: 0x80000398 (0x893D) c.andi a0, 15
x10 <- 0x0000000F


mem[X,0x8000039A] -> 0xAC23
mem[X,0x8000039C] -> 0x10A0
[295] [M]: 0x8000039A (0x10A0AC23) sw a0, 280(ra)
mem[0x8000422C] <- 0x0000000F


mem[X,0x8000039E] -> 0x0537
mem[X,0x800003A0] -> 0xF000
[296] [M]: 0x8000039E (0xF0000537) lui a0, 983040
x10 <- 0xF0000000


mem[X,0x800003A2] -> 0x157D
[297] [M]: 0x800003A2 (0x157D) c.addi a0, 63
x10 <- 0xEFFFFFFF


mem[X,0x800003A4] -> 0x8919
[298] [M]: 0x800003A4 (0x8919) c.andi a0, 6
x10 <- 0x00000006


mem[X,0x800003A6] -> 0xAE23
mem[X,0x800003A8] -> 0x10A0
[299] [M]: 0x800003A6 (0x10A0AE23) sw a0, 284(ra)
mem[0x80004230] <- 0x00000006


clint::tick mtime <- 0x0000000000000003
 clint timer pending at mtime 0x0000000000000003
htif::tick 0x0000000000000000
mem[X,0x800003AA] -> 0x0537
mem[X,0x800003AC] -> 0xE000
[300] [M]: 0x800003AA (0xE0000537) lui a0, 917504
x10 <- 0xE0000000


mem[X,0x800003AE] -> 0x157D
[301] [M]: 0x800003AE (0x157D) c.addi a0, 63
x10 <- 0xDFFFFFFF


mem[X,0x800003B0] -> 0x8915
[302] [M]: 0x800003B0 (0x8915) c.andi a0, 5
x10 <- 0x00000005


mem[X,0x800003B2] -> 0xA023
mem[X,0x800003B4] -> 0x12A0
[303] [M]: 0x800003B2 (0x12A0A023) sw a0, 288(ra)
mem[0x80004234] <- 0x00000005


mem[X,0x800003B6] -> 0x0537
mem[X,0x800003B8] -> 0xC000
[304] [M]: 0x800003B6 (0xC0000537) lui a0, 786432
x10 <- 0xC0000000


mem[X,0x800003BA] -> 0x157D
[305] [M]: 0x800003BA (0x157D) c.addi a0, 63
x10 <- 0xBFFFFFFF


mem[X,0x800003BC] -> 0x9961
[306] [M]: 0x800003BC (0x9961) c.andi a0, 56
x10 <- 0xBFFFFFF8


mem[X,0x800003BE] -> 0xA223
mem[X,0x800003C0] -> 0x12A0
[307] [M]: 0x800003BE (0x12A0A223) sw a0, 292(ra)
mem[0x80004238] <- 0xBFFFFFF8


mem[X,0x800003C2] -> 0x5537
mem[X,0x800003C4] -> 0x5555
[308] [M]: 0x800003C2 (0x55555537) lui a0, 349525
x10 <- 0x55555000


mem[X,0x800003C6] -> 0x0513
mem[X,0x800003C8] -> 0x5555
[309] [M]: 0x800003C6 (0x55550513) addi a0, a0, 1365
x10 <- 0x55555555


mem[X,0x800003CA] -> 0x8911
[310] [M]: 0x800003CA (0x8911) c.andi a0, 4
x10 <- 0x00000004


mem[X,0x800003CC] -> 0xA423
mem[X,0x800003CE] -> 0x12A0
[311] [M]: 0x800003CC (0x12A0A423) sw a0, 296(ra)
mem[0x8000423C] <- 0x00000004


mem[X,0x800003D0] -> 0xB537
mem[X,0x800003D2] -> 0xAAAA
[312] [M]: 0x800003D0 (0xAAAAB537) lui a0, 699051
x10 <- 0xAAAAB000


mem[X,0x800003D4] -> 0x0513
mem[X,0x800003D6] -> 0xAAA5
[313] [M]: 0x800003D4 (0xAAA50513) addi a0, a0, 2730
x10 <- 0xAAAAAAAA


mem[X,0x800003D8] -> 0x9959
[314] [M]: 0x800003D8 (0x9959) c.andi a0, 54
x10 <- 0xAAAAAAA2


mem[X,0x800003DA] -> 0xA623
mem[X,0x800003DC] -> 0x12A0
[315] [M]: 0x800003DA (0x12A0A623) sw a0, 300(ra)
mem[0x80004240] <- 0xAAAAAAA2


mem[X,0x800003DE] -> 0x450D
[316] [M]: 0x800003DE (0x450D) c.li a0, 3
x10 <- 0x00000003


mem[X,0x800003E0] -> 0x890D
[317] [M]: 0x800003E0 (0x890D) c.andi a0, 3
x10 <- 0x00000003


mem[X,0x800003E2] -> 0xA823
mem[X,0x800003E4] -> 0x12A0
[318] [M]: 0x800003E2 (0x12A0A823) sw a0, 304(ra)
mem[0x80004244] <- 0x00000003


mem[X,0x800003E6] -> 0x450D
[319] [M]: 0x800003E6 (0x450D) c.li a0, 3
x10 <- 0x00000003


mem[X,0x800003E8] -> 0x8915
[320] [M]: 0x800003E8 (0x8915) c.andi a0, 5
x10 <- 0x00000001


mem[X,0x800003EA] -> 0xAA23
mem[X,0x800003EC] -> 0x12A0
[321] [M]: 0x800003EA (0x12A0AA23) sw a0, 308(ra)
mem[0x80004248] <- 0x00000001


mem[X,0x800003EE] -> 0x450D
[322] [M]: 0x800003EE (0x450D) c.li a0, 3
x10 <- 0x00000003


mem[X,0x800003F0] -> 0x8929
[323] [M]: 0x800003F0 (0x8929) c.andi a0, 10
x10 <- 0x00000002


mem[X,0x800003F2] -> 0xAC23
mem[X,0x800003F4] -> 0x12A0
[324] [M]: 0x800003F2 (0x12A0AC23) sw a0, 312(ra)
mem[0x8000424C] <- 0x00000002


mem[X,0x800003F6] -> 0x450D
[325] [M]: 0x800003F6 (0x450D) c.li a0, 3
x10 <- 0x00000003


mem[X,0x800003F8] -> 0x8919
[326] [M]: 0x800003F8 (0x8919) c.andi a0, 6
x10 <- 0x00000002


mem[X,0x800003FA] -> 0xAE23
mem[X,0x800003FC] -> 0x12A0
[327] [M]: 0x800003FA (0x12A0AE23) sw a0, 316(ra)
mem[0x80004250] <- 0x00000002


mem[X,0x800003FE] -> 0x450D
[328] [M]: 0x800003FE (0x450D) c.li a0, 3
x10 <- 0x00000003


mem[X,0x80000400] -> 0x996D
[329] [M]: 0x80000400 (0x996D) c.andi a0, 59
x10 <- 0x00000003


mem[X,0x80000402] -> 0xA023
mem[X,0x80000404] -> 0x14A0
[330] [M]: 0x80000402 (0x14A0A023) sw a0, 320(ra)
mem[0x80004254] <- 0x00000003


mem[X,0x80000406] -> 0x450D
[331] [M]: 0x80000406 (0x450D) c.li a0, 3
x10 <- 0x00000003


mem[X,0x80000408] -> 0x8909
[332] [M]: 0x80000408 (0x8909) c.andi a0, 2
x10 <- 0x00000002


mem[X,0x8000040A] -> 0xA223
mem[X,0x8000040C] -> 0x14A0
[333] [M]: 0x8000040A (0x14A0A223) sw a0, 324(ra)
mem[0x80004258] <- 0x00000002


mem[X,0x8000040E] -> 0x450D
[334] [M]: 0x8000040E (0x450D) c.li a0, 3
x10 <- 0x00000003


mem[X,0x80000410] -> 0x8911
[335] [M]: 0x80000410 (0x8911) c.andi a0, 4
x10 <- 0x00000000


mem[X,0x80000412] -> 0xA423
mem[X,0x80000414] -> 0x14A0
[336] [M]: 0x80000412 (0x14A0A423) sw a0, 328(ra)
mem[0x8000425C] <- 0x00000000


mem[X,0x80000416] -> 0x450D
[337] [M]: 0x80000416 (0x450D) c.li a0, 3
x10 <- 0x00000003


mem[X,0x80000418] -> 0x8925
[338] [M]: 0x80000418 (0x8925) c.andi a0, 9
x10 <- 0x00000001


mem[X,0x8000041A] -> 0xA623
mem[X,0x8000041C] -> 0x14A0
[339] [M]: 0x8000041A (0x14A0A623) sw a0, 332(ra)
mem[0x80004260] <- 0x00000001


mem[X,0x8000041E] -> 0x450D
[340] [M]: 0x8000041E (0x450D) c.li a0, 3
x10 <- 0x00000003


mem[X,0x80000420] -> 0x8901
[341] [M]: 0x80000420 (0x8901) c.andi a0, 0
x10 <- 0x00000000


mem[X,0x80000422] -> 0xA823
mem[X,0x80000424] -> 0x14A0
[342] [M]: 0x80000422 (0x14A0A823) sw a0, 336(ra)
mem[0x80004264] <- 0x00000000


mem[X,0x80000426] -> 0x450D
[343] [M]: 0x80000426 (0x450D) c.li a0, 3
x10 <- 0x00000003


mem[X,0x80000428] -> 0x892D
[344] [M]: 0x80000428 (0x892D) c.andi a0, 11
x10 <- 0x00000003


mem[X,0x8000042A] -> 0xAA23
mem[X,0x8000042C] -> 0x14A0
[345] [M]: 0x8000042A (0x14A0AA23) sw a0, 340(ra)
mem[0x80004268] <- 0x00000003


mem[X,0x8000042E] -> 0x450D
[346] [M]: 0x8000042E (0x450D) c.li a0, 3
x10 <- 0x00000003


mem[X,0x80000430] -> 0x891D
[347] [M]: 0x80000430 (0x891D) c.andi a0, 7
x10 <- 0x00000003


mem[X,0x80000432] -> 0xAC23
mem[X,0x80000434] -> 0x14A0
[348] [M]: 0x80000432 (0x14A0AC23) sw a0, 344(ra)
mem[0x8000426C] <- 0x00000003


mem[X,0x80000436] -> 0x450D
[349] [M]: 0x80000436 (0x450D) c.li a0, 3
x10 <- 0x00000003


mem[X,0x80000438] -> 0x997D
[350] [M]: 0x80000438 (0x997D) c.andi a0, 63
x10 <- 0x00000003


mem[X,0x8000043A] -> 0xAE23
mem[X,0x8000043C] -> 0x14A0
[351] [M]: 0x8000043A (0x14A0AE23) sw a0, 348(ra)
mem[0x80004270] <- 0x00000003


mem[X,0x8000043E] -> 0x450D
[352] [M]: 0x8000043E (0x450D) c.li a0, 3
x10 <- 0x00000003


mem[X,0x80000440] -> 0x9971
[353] [M]: 0x80000440 (0x9971) c.andi a0, 60
x10 <- 0x00000000


mem[X,0x80000442] -> 0xA023
mem[X,0x80000444] -> 0x16A0
[354] [M]: 0x80000442 (0x16A0A023) sw a0, 352(ra)
mem[0x80004274] <- 0x00000000


mem[X,0x80000446] -> 0x5537
mem[X,0x80000448] -> 0x5555
[355] [M]: 0x80000446 (0x55555537) lui a0, 349525
x10 <- 0x55555000


mem[X,0x8000044A] -> 0x0513
mem[X,0x8000044C] -> 0x5555
[356] [M]: 0x8000044A (0x55550513) addi a0, a0, 1365
x10 <- 0x55555555


mem[X,0x8000044E] -> 0x890D
[357] [M]: 0x8000044E (0x890D) c.andi a0, 3
x10 <- 0x00000001


mem[X,0x80000450] -> 0xA223
mem[X,0x80000452] -> 0x16A0
[358] [M]: 0x80000450 (0x16A0A223) sw a0, 356(ra)
mem[0x80004278] <- 0x00000001


mem[X,0x80000454] -> 0x5537
mem[X,0x80000456] -> 0x5555
[359] [M]: 0x80000454 (0x55555537) lui a0, 349525
x10 <- 0x55555000


mem[X,0x80000458] -> 0x0513
mem[X,0x8000045A] -> 0x5555
[360] [M]: 0x80000458 (0x55550513) addi a0, a0, 1365
x10 <- 0x55555555


mem[X,0x8000045C] -> 0x8915
[361] [M]: 0x8000045C (0x8915) c.andi a0, 5
x10 <- 0x00000005


mem[X,0x8000045E] -> 0xA423
mem[X,0x80000460] -> 0x16A0
[362] [M]: 0x8000045E (0x16A0A423) sw a0, 360(ra)
mem[0x8000427C] <- 0x00000005


mem[X,0x80000462] -> 0x5537
mem[X,0x80000464] -> 0x5555
[363] [M]: 0x80000462 (0x55555537) lui a0, 349525
x10 <- 0x55555000


mem[X,0x80000466] -> 0x0513
mem[X,0x80000468] -> 0x5555
[364] [M]: 0x80000466 (0x55550513) addi a0, a0, 1365
x10 <- 0x55555555


mem[X,0x8000046A] -> 0x8929
[365] [M]: 0x8000046A (0x8929) c.andi a0, 10
x10 <- 0x00000000


mem[X,0x8000046C] -> 0xA623
mem[X,0x8000046E] -> 0x16A0
[366] [M]: 0x8000046C (0x16A0A623) sw a0, 364(ra)
mem[0x80004280] <- 0x00000000


mem[X,0x80000470] -> 0x5537
mem[X,0x80000472] -> 0x5555
[367] [M]: 0x80000470 (0x55555537) lui a0, 349525
x10 <- 0x55555000


mem[X,0x80000474] -> 0x0513
mem[X,0x80000476] -> 0x5555
[368] [M]: 0x80000474 (0x55550513) addi a0, a0, 1365
x10 <- 0x55555555


mem[X,0x80000478] -> 0x8919
[369] [M]: 0x80000478 (0x8919) c.andi a0, 6
x10 <- 0x00000004


mem[X,0x8000047A] -> 0xA823
mem[X,0x8000047C] -> 0x16A0
[370] [M]: 0x8000047A (0x16A0A823) sw a0, 368(ra)
mem[0x80004284] <- 0x00000004


mem[X,0x8000047E] -> 0x5537
mem[X,0x80000480] -> 0x5555
[371] [M]: 0x8000047E (0x55555537) lui a0, 349525
x10 <- 0x55555000


mem[X,0x80000482] -> 0x0513
mem[X,0x80000484] -> 0x5555
[372] [M]: 0x80000482 (0x55550513) addi a0, a0, 1365
x10 <- 0x55555555


mem[X,0x80000486] -> 0x9979
[373] [M]: 0x80000486 (0x9979) c.andi a0, 62
x10 <- 0x55555554


mem[X,0x80000488] -> 0xAA23
mem[X,0x8000048A] -> 0x16A0
[374] [M]: 0x80000488 (0x16A0AA23) sw a0, 372(ra)
mem[0x80004288] <- 0x55555554


mem[X,0x8000048C] -> 0x5537
mem[X,0x8000048E] -> 0x5555
[375] [M]: 0x8000048C (0x55555537) lui a0, 349525
x10 <- 0x55555000


mem[X,0x80000490] -> 0x0513
mem[X,0x80000492] -> 0x5555
[376] [M]: 0x80000490 (0x55550513) addi a0, a0, 1365
x10 <- 0x55555555


mem[X,0x80000494] -> 0x996D
[377] [M]: 0x80000494 (0x996D) c.andi a0, 59
x10 <- 0x55555551


mem[X,0x80000496] -> 0xAC23
mem[X,0x80000498] -> 0x16A0
[378] [M]: 0x80000496 (0x16A0AC23) sw a0, 376(ra)
mem[0x8000428C] <- 0x55555551


mem[X,0x8000049A] -> 0x5537
mem[X,0x8000049C] -> 0x5555
[379] [M]: 0x8000049A (0x55555537) lui a0, 349525
x10 <- 0x55555000


mem[X,0x8000049E] -> 0x0513
mem[X,0x800004A0] -> 0x5555
[380] [M]: 0x8000049E (0x55550513) addi a0, a0, 1365
x10 <- 0x55555555


mem[X,0x800004A2] -> 0x8909
[381] [M]: 0x800004A2 (0x8909) c.andi a0, 2
x10 <- 0x00000000


mem[X,0x800004A4] -> 0xAE23
mem[X,0x800004A6] -> 0x16A0
[382] [M]: 0x800004A4 (0x16A0AE23) sw a0, 380(ra)
mem[0x80004290] <- 0x00000000


mem[X,0x800004A8] -> 0x5537
mem[X,0x800004AA] -> 0x5555
[383] [M]: 0x800004A8 (0x55555537) lui a0, 349525
x10 <- 0x55555000


mem[X,0x800004AC] -> 0x0513
mem[X,0x800004AE] -> 0x5555
[384] [M]: 0x800004AC (0x55550513) addi a0, a0, 1365
x10 <- 0x55555555


mem[X,0x800004B0] -> 0x8925
[385] [M]: 0x800004B0 (0x8925) c.andi a0, 9
x10 <- 0x00000001


mem[X,0x800004B2] -> 0xA023
mem[X,0x800004B4] -> 0x18A0
[386] [M]: 0x800004B2 (0x18A0A023) sw a0, 384(ra)
mem[0x80004294] <- 0x00000001


mem[X,0x800004B6] -> 0x5537
mem[X,0x800004B8] -> 0x5555
[387] [M]: 0x800004B6 (0x55555537) lui a0, 349525
x10 <- 0x55555000


mem[X,0x800004BA] -> 0x0513
mem[X,0x800004BC] -> 0x5555
[388] [M]: 0x800004BA (0x55550513) addi a0, a0, 1365
x10 <- 0x55555555


mem[X,0x800004BE] -> 0x8901
[389] [M]: 0x800004BE (0x8901) c.andi a0, 0
x10 <- 0x00000000


mem[X,0x800004C0] -> 0xA223
mem[X,0x800004C2] -> 0x18A0
[390] [M]: 0x800004C0 (0x18A0A223) sw a0, 388(ra)
mem[0x80004298] <- 0x00000000


mem[X,0x800004C4] -> 0x5537
mem[X,0x800004C6] -> 0x5555
[391] [M]: 0x800004C4 (0x55555537) lui a0, 349525
x10 <- 0x55555000


mem[X,0x800004C8] -> 0x0513
mem[X,0x800004CA] -> 0x5555
[392] [M]: 0x800004C8 (0x55550513) addi a0, a0, 1365
x10 <- 0x55555555


mem[X,0x800004CC] -> 0x892D
[393] [M]: 0x800004CC (0x892D) c.andi a0, 11
x10 <- 0x00000001


mem[X,0x800004CE] -> 0xA423
mem[X,0x800004D0] -> 0x18A0
[394] [M]: 0x800004CE (0x18A0A423) sw a0, 392(ra)
mem[0x8000429C] <- 0x00000001


mem[X,0x800004D2] -> 0x5537
mem[X,0x800004D4] -> 0x5555
[395] [M]: 0x800004D2 (0x55555537) lui a0, 349525
x10 <- 0x55555000


mem[X,0x800004D6] -> 0x0513
mem[X,0x800004D8] -> 0x5555
[396] [M]: 0x800004D6 (0x55550513) addi a0, a0, 1365
x10 <- 0x55555555


mem[X,0x800004DA] -> 0x891D
[397] [M]: 0x800004DA (0x891D) c.andi a0, 7
x10 <- 0x00000005


mem[X,0x800004DC] -> 0xA623
mem[X,0x800004DE] -> 0x18A0
[398] [M]: 0x800004DC (0x18A0A623) sw a0, 396(ra)
mem[0x800042A0] <- 0x00000005


mem[X,0x800004E0] -> 0x5537
mem[X,0x800004E2] -> 0x5555
[399] [M]: 0x800004E0 (0x55555537) lui a0, 349525
x10 <- 0x55555000


clint::tick mtime <- 0x0000000000000004
 clint timer pending at mtime 0x0000000000000004
htif::tick 0x0000000000000000
mem[X,0x800004E4] -> 0x0513
mem[X,0x800004E6] -> 0x5555
[400] [M]: 0x800004E4 (0x55550513) addi a0, a0, 1365
x10 <- 0x55555555


mem[X,0x800004E8] -> 0x997D
[401] [M]: 0x800004E8 (0x997D) c.andi a0, 63
x10 <- 0x55555555


mem[X,0x800004EA] -> 0xA823
mem[X,0x800004EC] -> 0x18A0
[402] [M]: 0x800004EA (0x18A0A823) sw a0, 400(ra)
mem[0x800042A4] <- 0x55555555


mem[X,0x800004EE] -> 0x5537
mem[X,0x800004F0] -> 0x5555
[403] [M]: 0x800004EE (0x55555537) lui a0, 349525
x10 <- 0x55555000


mem[X,0x800004F2] -> 0x0513
mem[X,0x800004F4] -> 0x5555
[404] [M]: 0x800004F2 (0x55550513) addi a0, a0, 1365
x10 <- 0x55555555


mem[X,0x800004F6] -> 0x9971
[405] [M]: 0x800004F6 (0x9971) c.andi a0, 60
x10 <- 0x55555554


mem[X,0x800004F8] -> 0xAA23
mem[X,0x800004FA] -> 0x18A0
[406] [M]: 0x800004F8 (0x18A0AA23) sw a0, 404(ra)
mem[0x800042A8] <- 0x55555554


mem[X,0x800004FC] -> 0xB537
mem[X,0x800004FE] -> 0xAAAA
[407] [M]: 0x800004FC (0xAAAAB537) lui a0, 699051
x10 <- 0xAAAAB000


mem[X,0x80000500] -> 0x0513
mem[X,0x80000502] -> 0xAAA5
[408] [M]: 0x80000500 (0xAAA50513) addi a0, a0, 2730
x10 <- 0xAAAAAAAA


mem[X,0x80000504] -> 0x890D
[409] [M]: 0x80000504 (0x890D) c.andi a0, 3
x10 <- 0x00000002


mem[X,0x80000506] -> 0xAC23
mem[X,0x80000508] -> 0x18A0
[410] [M]: 0x80000506 (0x18A0AC23) sw a0, 408(ra)
mem[0x800042AC] <- 0x00000002


mem[X,0x8000050A] -> 0xB537
mem[X,0x8000050C] -> 0xAAAA
[411] [M]: 0x8000050A (0xAAAAB537) lui a0, 699051
x10 <- 0xAAAAB000


mem[X,0x8000050E] -> 0x0513
mem[X,0x80000510] -> 0xAAA5
[412] [M]: 0x8000050E (0xAAA50513) addi a0, a0, 2730
x10 <- 0xAAAAAAAA


mem[X,0x80000512] -> 0x8915
[413] [M]: 0x80000512 (0x8915) c.andi a0, 5
x10 <- 0x00000000


mem[X,0x80000514] -> 0xAE23
mem[X,0x80000516] -> 0x18A0
[414] [M]: 0x80000514 (0x18A0AE23) sw a0, 412(ra)
mem[0x800042B0] <- 0x00000000


mem[X,0x80000518] -> 0xB537
mem[X,0x8000051A] -> 0xAAAA
[415] [M]: 0x80000518 (0xAAAAB537) lui a0, 699051
x10 <- 0xAAAAB000


mem[X,0x8000051C] -> 0x0513
mem[X,0x8000051E] -> 0xAAA5
[416] [M]: 0x8000051C (0xAAA50513) addi a0, a0, 2730
x10 <- 0xAAAAAAAA


mem[X,0x80000520] -> 0x8929
[417] [M]: 0x80000520 (0x8929) c.andi a0, 10
x10 <- 0x0000000A


mem[X,0x80000522] -> 0xA023
mem[X,0x80000524] -> 0x1AA0
[418] [M]: 0x80000522 (0x1AA0A023) sw a0, 416(ra)
mem[0x800042B4] <- 0x0000000A


mem[X,0x80000526] -> 0xB537
mem[X,0x80000528] -> 0xAAAA
[419] [M]: 0x80000526 (0xAAAAB537) lui a0, 699051
x10 <- 0xAAAAB000


mem[X,0x8000052A] -> 0x0513
mem[X,0x8000052C] -> 0xAAA5
[420] [M]: 0x8000052A (0xAAA50513) addi a0, a0, 2730
x10 <- 0xAAAAAAAA


mem[X,0x8000052E] -> 0x8919
[421] [M]: 0x8000052E (0x8919) c.andi a0, 6
x10 <- 0x00000002


mem[X,0x80000530] -> 0xA223
mem[X,0x80000532] -> 0x1AA0
[422] [M]: 0x80000530 (0x1AA0A223) sw a0, 420(ra)
mem[0x800042B8] <- 0x00000002


mem[X,0x80000534] -> 0xB537
mem[X,0x80000536] -> 0xAAAA
[423] [M]: 0x80000534 (0xAAAAB537) lui a0, 699051
x10 <- 0xAAAAB000


mem[X,0x80000538] -> 0x0513
mem[X,0x8000053A] -> 0xAAA5
[424] [M]: 0x80000538 (0xAAA50513) addi a0, a0, 2730
x10 <- 0xAAAAAAAA


mem[X,0x8000053C] -> 0x9979
[425] [M]: 0x8000053C (0x9979) c.andi a0, 62
x10 <- 0xAAAAAAAA


mem[X,0x8000053E] -> 0xA423
mem[X,0x80000540] -> 0x1AA0
[426] [M]: 0x8000053E (0x1AA0A423) sw a0, 424(ra)
mem[0x800042BC] <- 0xAAAAAAAA


mem[X,0x80000542] -> 0xB537
mem[X,0x80000544] -> 0xAAAA
[427] [M]: 0x80000542 (0xAAAAB537) lui a0, 699051
x10 <- 0xAAAAB000


mem[X,0x80000546] -> 0x0513
mem[X,0x80000548] -> 0xAAA5
[428] [M]: 0x80000546 (0xAAA50513) addi a0, a0, 2730
x10 <- 0xAAAAAAAA


mem[X,0x8000054A] -> 0x996D
[429] [M]: 0x8000054A (0x996D) c.andi a0, 59
x10 <- 0xAAAAAAAA


mem[X,0x8000054C] -> 0xA623
mem[X,0x8000054E] -> 0x1AA0
[430] [M]: 0x8000054C (0x1AA0A623) sw a0, 428(ra)
mem[0x800042C0] <- 0xAAAAAAAA


mem[X,0x80000550] -> 0xB537
mem[X,0x80000552] -> 0xAAAA
[431] [M]: 0x80000550 (0xAAAAB537) lui a0, 699051
x10 <- 0xAAAAB000


mem[X,0x80000554] -> 0x0513
mem[X,0x80000556] -> 0xAAA5
[432] [M]: 0x80000554 (0xAAA50513) addi a0, a0, 2730
x10 <- 0xAAAAAAAA


mem[X,0x80000558] -> 0x8909
[433] [M]: 0x80000558 (0x8909) c.andi a0, 2
x10 <- 0x00000002


mem[X,0x8000055A] -> 0xA823
mem[X,0x8000055C] -> 0x1AA0
[434] [M]: 0x8000055A (0x1AA0A823) sw a0, 432(ra)
mem[0x800042C4] <- 0x00000002


mem[X,0x8000055E] -> 0xB537
mem[X,0x80000560] -> 0xAAAA
[435] [M]: 0x8000055E (0xAAAAB537) lui a0, 699051
x10 <- 0xAAAAB000


mem[X,0x80000562] -> 0x0513
mem[X,0x80000564] -> 0xAAA5
[436] [M]: 0x80000562 (0xAAA50513) addi a0, a0, 2730
x10 <- 0xAAAAAAAA


mem[X,0x80000566] -> 0x8911
[437] [M]: 0x80000566 (0x8911) c.andi a0, 4
x10 <- 0x00000000


mem[X,0x80000568] -> 0xAA23
mem[X,0x8000056A] -> 0x1AA0
[438] [M]: 0x80000568 (0x1AA0AA23) sw a0, 436(ra)
mem[0x800042C8] <- 0x00000000


mem[X,0x8000056C] -> 0xB537
mem[X,0x8000056E] -> 0xAAAA
[439] [M]: 0x8000056C (0xAAAAB537) lui a0, 699051
x10 <- 0xAAAAB000


mem[X,0x80000570] -> 0x0513
mem[X,0x80000572] -> 0xAAA5
[440] [M]: 0x80000570 (0xAAA50513) addi a0, a0, 2730
x10 <- 0xAAAAAAAA


mem[X,0x80000574] -> 0x8925
[441] [M]: 0x80000574 (0x8925) c.andi a0, 9
x10 <- 0x00000008


mem[X,0x80000576] -> 0xAC23
mem[X,0x80000578] -> 0x1AA0
[442] [M]: 0x80000576 (0x1AA0AC23) sw a0, 440(ra)
mem[0x800042CC] <- 0x00000008


mem[X,0x8000057A] -> 0xB537
mem[X,0x8000057C] -> 0xAAAA
[443] [M]: 0x8000057A (0xAAAAB537) lui a0, 699051
x10 <- 0xAAAAB000


mem[X,0x8000057E] -> 0x0513
mem[X,0x80000580] -> 0xAAA5
[444] [M]: 0x8000057E (0xAAA50513) addi a0, a0, 2730
x10 <- 0xAAAAAAAA


mem[X,0x80000582] -> 0x8901
[445] [M]: 0x80000582 (0x8901) c.andi a0, 0
x10 <- 0x00000000


mem[X,0x80000584] -> 0xAE23
mem[X,0x80000586] -> 0x1AA0
[446] [M]: 0x80000584 (0x1AA0AE23) sw a0, 444(ra)
mem[0x800042D0] <- 0x00000000


mem[X,0x80000588] -> 0xB537
mem[X,0x8000058A] -> 0xAAAA
[447] [M]: 0x80000588 (0xAAAAB537) lui a0, 699051
x10 <- 0xAAAAB000


mem[X,0x8000058C] -> 0x0513
mem[X,0x8000058E] -> 0xAAA5
[448] [M]: 0x8000058C (0xAAA50513) addi a0, a0, 2730
x10 <- 0xAAAAAAAA


mem[X,0x80000590] -> 0x892D
[449] [M]: 0x80000590 (0x892D) c.andi a0, 11
x10 <- 0x0000000A


mem[X,0x80000592] -> 0xA023
mem[X,0x80000594] -> 0x1CA0
[450] [M]: 0x80000592 (0x1CA0A023) sw a0, 448(ra)
mem[0x800042D4] <- 0x0000000A


mem[X,0x80000596] -> 0xB537
mem[X,0x80000598] -> 0xAAAA
[451] [M]: 0x80000596 (0xAAAAB537) lui a0, 699051
x10 <- 0xAAAAB000


mem[X,0x8000059A] -> 0x0513
mem[X,0x8000059C] -> 0xAAA5
[452] [M]: 0x8000059A (0xAAA50513) addi a0, a0, 2730
x10 <- 0xAAAAAAAA


mem[X,0x8000059E] -> 0x891D
[453] [M]: 0x8000059E (0x891D) c.andi a0, 7
x10 <- 0x00000002


mem[X,0x800005A0] -> 0xA223
mem[X,0x800005A2] -> 0x1CA0
[454] [M]: 0x800005A0 (0x1CA0A223) sw a0, 452(ra)
mem[0x800042D8] <- 0x00000002


mem[X,0x800005A4] -> 0xB537
mem[X,0x800005A6] -> 0xAAAA
[455] [M]: 0x800005A4 (0xAAAAB537) lui a0, 699051
x10 <- 0xAAAAB000


mem[X,0x800005A8] -> 0x0513
mem[X,0x800005AA] -> 0xAAA5
[456] [M]: 0x800005A8 (0xAAA50513) addi a0, a0, 2730
x10 <- 0xAAAAAAAA


mem[X,0x800005AC] -> 0x997D
[457] [M]: 0x800005AC (0x997D) c.andi a0, 63
x10 <- 0xAAAAAAAA


mem[X,0x800005AE] -> 0xA423
mem[X,0x800005B0] -> 0x1CA0
[458] [M]: 0x800005AE (0x1CA0A423) sw a0, 456(ra)
mem[0x800042DC] <- 0xAAAAAAAA


mem[X,0x800005B2] -> 0xB537
mem[X,0x800005B4] -> 0xAAAA
[459] [M]: 0x800005B2 (0xAAAAB537) lui a0, 699051
x10 <- 0xAAAAB000


mem[X,0x800005B6] -> 0x0513
mem[X,0x800005B8] -> 0xAAA5
[460] [M]: 0x800005B6 (0xAAA50513) addi a0, a0, 2730
x10 <- 0xAAAAAAAA


mem[X,0x800005BA] -> 0x9971
[461] [M]: 0x800005BA (0x9971) c.andi a0, 60
x10 <- 0xAAAAAAA8


mem[X,0x800005BC] -> 0xA623
mem[X,0x800005BE] -> 0x1CA0
[462] [M]: 0x800005BC (0x1CA0A623) sw a0, 460(ra)
mem[0x800042E0] <- 0xAAAAAAA8


mem[X,0x800005C0] -> 0x4515
[463] [M]: 0x800005C0 (0x4515) c.li a0, 5
x10 <- 0x00000005


mem[X,0x800005C2] -> 0x890D
[464] [M]: 0x800005C2 (0x890D) c.andi a0, 3
x10 <- 0x00000001


mem[X,0x800005C4] -> 0xA823
mem[X,0x800005C6] -> 0x1CA0
[465] [M]: 0x800005C4 (0x1CA0A823) sw a0, 464(ra)
mem[0x800042E4] <- 0x00000001


mem[X,0x800005C8] -> 0x4515
[466] [M]: 0x800005C8 (0x4515) c.li a0, 5
x10 <- 0x00000005


mem[X,0x800005CA] -> 0x8915
[467] [M]: 0x800005CA (0x8915) c.andi a0, 5
x10 <- 0x00000005


mem[X,0x800005CC] -> 0xAA23
mem[X,0x800005CE] -> 0x1CA0
[468] [M]: 0x800005CC (0x1CA0AA23) sw a0, 468(ra)
mem[0x800042E8] <- 0x00000005


mem[X,0x800005D0] -> 0x4515
[469] [M]: 0x800005D0 (0x4515) c.li a0, 5
x10 <- 0x00000005


mem[X,0x800005D2] -> 0x8929
[470] [M]: 0x800005D2 (0x8929) c.andi a0, 10
x10 <- 0x00000000


mem[X,0x800005D4] -> 0xAC23
mem[X,0x800005D6] -> 0x1CA0
[471] [M]: 0x800005D4 (0x1CA0AC23) sw a0, 472(ra)
mem[0x800042EC] <- 0x00000000


mem[X,0x800005D8] -> 0x4515
[472] [M]: 0x800005D8 (0x4515) c.li a0, 5
x10 <- 0x00000005


mem[X,0x800005DA] -> 0x8919
[473] [M]: 0x800005DA (0x8919) c.andi a0, 6
x10 <- 0x00000004


mem[X,0x800005DC] -> 0xAE23
mem[X,0x800005DE] -> 0x1CA0
[474] [M]: 0x800005DC (0x1CA0AE23) sw a0, 476(ra)
mem[0x800042F0] <- 0x00000004


mem[X,0x800005E0] -> 0x4515
[475] [M]: 0x800005E0 (0x4515) c.li a0, 5
x10 <- 0x00000005


mem[X,0x800005E2] -> 0x9979
[476] [M]: 0x800005E2 (0x9979) c.andi a0, 62
x10 <- 0x00000004


mem[X,0x800005E4] -> 0xA023
mem[X,0x800005E6] -> 0x1EA0
[477] [M]: 0x800005E4 (0x1EA0A023) sw a0, 480(ra)
mem[0x800042F4] <- 0x00000004


mem[X,0x800005E8] -> 0x4515
[478] [M]: 0x800005E8 (0x4515) c.li a0, 5
x10 <- 0x00000005


mem[X,0x800005EA] -> 0x996D
[479] [M]: 0x800005EA (0x996D) c.andi a0, 59
x10 <- 0x00000001


mem[X,0x800005EC] -> 0xA223
mem[X,0x800005EE] -> 0x1EA0
[480] [M]: 0x800005EC (0x1EA0A223) sw a0, 484(ra)
mem[0x800042F8] <- 0x00000001


mem[X,0x800005F0] -> 0x4515
[481] [M]: 0x800005F0 (0x4515) c.li a0, 5
x10 <- 0x00000005


mem[X,0x800005F2] -> 0x8911
[482] [M]: 0x800005F2 (0x8911) c.andi a0, 4
x10 <- 0x00000004


mem[X,0x800005F4] -> 0xA423
mem[X,0x800005F6] -> 0x1EA0
[483] [M]: 0x800005F4 (0x1EA0A423) sw a0, 488(ra)
mem[0x800042FC] <- 0x00000004


mem[X,0x800005F8] -> 0x4515
[484] [M]: 0x800005F8 (0x4515) c.li a0, 5
x10 <- 0x00000005


mem[X,0x800005FA] -> 0x8925
[485] [M]: 0x800005FA (0x8925) c.andi a0, 9
x10 <- 0x00000001


mem[X,0x800005FC] -> 0xA623
mem[X,0x800005FE] -> 0x1EA0
[486] [M]: 0x800005FC (0x1EA0A623) sw a0, 492(ra)
mem[0x80004300] <- 0x00000001


mem[X,0x80000600] -> 0x4515
[487] [M]: 0x80000600 (0x4515) c.li a0, 5
x10 <- 0x00000005


mem[X,0x80000602] -> 0x8901
[488] [M]: 0x80000602 (0x8901) c.andi a0, 0
x10 <- 0x00000000


mem[X,0x80000604] -> 0xA823
mem[X,0x80000606] -> 0x1EA0
[489] [M]: 0x80000604 (0x1EA0A823) sw a0, 496(ra)
mem[0x80004304] <- 0x00000000


mem[X,0x80000608] -> 0x4515
[490] [M]: 0x80000608 (0x4515) c.li a0, 5
x10 <- 0x00000005


mem[X,0x8000060A] -> 0x892D
[491] [M]: 0x8000060A (0x892D) c.andi a0, 11
x10 <- 0x00000001


mem[X,0x8000060C] -> 0xAA23
mem[X,0x8000060E] -> 0x1EA0
[492] [M]: 0x8000060C (0x1EA0AA23) sw a0, 500(ra)
mem[0x80004308] <- 0x00000001


mem[X,0x80000610] -> 0x4515
[493] [M]: 0x80000610 (0x4515) c.li a0, 5
x10 <- 0x00000005


mem[X,0x80000612] -> 0x891D
[494] [M]: 0x80000612 (0x891D) c.andi a0, 7
x10 <- 0x00000005


mem[X,0x80000614] -> 0xAC23
mem[X,0x80000616] -> 0x1EA0
[495] [M]: 0x80000614 (0x1EA0AC23) sw a0, 504(ra)
mem[0x8000430C] <- 0x00000005


mem[X,0x80000618] -> 0x4515
[496] [M]: 0x80000618 (0x4515) c.li a0, 5
x10 <- 0x00000005


mem[X,0x8000061A] -> 0x997D
[497] [M]: 0x8000061A (0x997D) c.andi a0, 63
x10 <- 0x00000005


mem[X,0x8000061C] -> 0xAE23
mem[X,0x8000061E] -> 0x1EA0
[498] [M]: 0x8000061C (0x1EA0AE23) sw a0, 508(ra)
mem[0x80004310] <- 0x00000005


mem[X,0x80000620] -> 0x4515
[499] [M]: 0x80000620 (0x4515) c.li a0, 5
x10 <- 0x00000005


clint::tick mtime <- 0x0000000000000005
 clint timer pending at mtime 0x0000000000000005
htif::tick 0x0000000000000000
mem[X,0x80000622] -> 0x9971
[500] [M]: 0x80000622 (0x9971) c.andi a0, 60
x10 <- 0x00000004


mem[X,0x80000624] -> 0xA023
mem[X,0x80000626] -> 0x20A0
[501] [M]: 0x80000624 (0x20A0A023) sw a0, 512(ra)
mem[0x80004314] <- 0x00000004


mem[X,0x80000628] -> 0x3537
mem[X,0x8000062A] -> 0x3333
[502] [M]: 0x80000628 (0x33333537) lui a0, 209715
x10 <- 0x33333000


mem[X,0x8000062C] -> 0x0513
mem[X,0x8000062E] -> 0x3335
[503] [M]: 0x8000062C (0x33350513) addi a0, a0, 819
x10 <- 0x33333333


mem[X,0x80000630] -> 0x890D
[504] [M]: 0x80000630 (0x890D) c.andi a0, 3
x10 <- 0x00000003


mem[X,0x80000632] -> 0xA223
mem[X,0x80000634] -> 0x20A0
[505] [M]: 0x80000632 (0x20A0A223) sw a0, 516(ra)
mem[0x80004318] <- 0x00000003


mem[X,0x80000636] -> 0x3537
mem[X,0x80000638] -> 0x3333
[506] [M]: 0x80000636 (0x33333537) lui a0, 209715
x10 <- 0x33333000


mem[X,0x8000063A] -> 0x0513
mem[X,0x8000063C] -> 0x3335
[507] [M]: 0x8000063A (0x33350513) addi a0, a0, 819
x10 <- 0x33333333


mem[X,0x8000063E] -> 0x8915
[508] [M]: 0x8000063E (0x8915) c.andi a0, 5
x10 <- 0x00000001


mem[X,0x80000640] -> 0xA423
mem[X,0x80000642] -> 0x20A0
[509] [M]: 0x80000640 (0x20A0A423) sw a0, 520(ra)
mem[0x8000431C] <- 0x00000001


mem[X,0x80000644] -> 0x3537
mem[X,0x80000646] -> 0x3333
[510] [M]: 0x80000644 (0x33333537) lui a0, 209715
x10 <- 0x33333000


mem[X,0x80000648] -> 0x0513
mem[X,0x8000064A] -> 0x3335
[511] [M]: 0x80000648 (0x33350513) addi a0, a0, 819
x10 <- 0x33333333


mem[X,0x8000064C] -> 0x8929
[512] [M]: 0x8000064C (0x8929) c.andi a0, 10
x10 <- 0x00000002


mem[X,0x8000064E] -> 0xA623
mem[X,0x80000650] -> 0x20A0
[513] [M]: 0x8000064E (0x20A0A623) sw a0, 524(ra)
mem[0x80004320] <- 0x00000002


mem[X,0x80000652] -> 0x3537
mem[X,0x80000654] -> 0x3333
[514] [M]: 0x80000652 (0x33333537) lui a0, 209715
x10 <- 0x33333000


mem[X,0x80000656] -> 0x0513
mem[X,0x80000658] -> 0x3335
[515] [M]: 0x80000656 (0x33350513) addi a0, a0, 819
x10 <- 0x33333333


mem[X,0x8000065A] -> 0x8919
[516] [M]: 0x8000065A (0x8919) c.andi a0, 6
x10 <- 0x00000002


mem[X,0x8000065C] -> 0xA823
mem[X,0x8000065E] -> 0x20A0
[517] [M]: 0x8000065C (0x20A0A823) sw a0, 528(ra)
mem[0x80004324] <- 0x00000002


mem[X,0x80000660] -> 0x3537
mem[X,0x80000662] -> 0x3333
[518] [M]: 0x80000660 (0x33333537) lui a0, 209715
x10 <- 0x33333000


mem[X,0x80000664] -> 0x0513
mem[X,0x80000666] -> 0x3335
[519] [M]: 0x80000664 (0x33350513) addi a0, a0, 819
x10 <- 0x33333333


mem[X,0x80000668] -> 0x9979
[520] [M]: 0x80000668 (0x9979) c.andi a0, 62
x10 <- 0x33333332


mem[X,0x8000066A] -> 0xAA23
mem[X,0x8000066C] -> 0x20A0
[521] [M]: 0x8000066A (0x20A0AA23) sw a0, 532(ra)
mem[0x80004328] <- 0x33333332


mem[X,0x8000066E] -> 0x3537
mem[X,0x80000670] -> 0x3333
[522] [M]: 0x8000066E (0x33333537) lui a0, 209715
x10 <- 0x33333000


mem[X,0x80000672] -> 0x0513
mem[X,0x80000674] -> 0x3335
[523] [M]: 0x80000672 (0x33350513) addi a0, a0, 819
x10 <- 0x33333333


mem[X,0x80000676] -> 0x996D
[524] [M]: 0x80000676 (0x996D) c.andi a0, 59
x10 <- 0x33333333


mem[X,0x80000678] -> 0xAC23
mem[X,0x8000067A] -> 0x20A0
[525] [M]: 0x80000678 (0x20A0AC23) sw a0, 536(ra)
mem[0x8000432C] <- 0x33333333


mem[X,0x8000067C] -> 0x3537
mem[X,0x8000067E] -> 0x3333
[526] [M]: 0x8000067C (0x33333537) lui a0, 209715
x10 <- 0x33333000


mem[X,0x80000680] -> 0x0513
mem[X,0x80000682] -> 0x3335
[527] [M]: 0x80000680 (0x33350513) addi a0, a0, 819
x10 <- 0x33333333


mem[X,0x80000684] -> 0x8909
[528] [M]: 0x80000684 (0x8909) c.andi a0, 2
x10 <- 0x00000002


mem[X,0x80000686] -> 0xAE23
mem[X,0x80000688] -> 0x20A0
[529] [M]: 0x80000686 (0x20A0AE23) sw a0, 540(ra)
mem[0x80004330] <- 0x00000002


mem[X,0x8000068A] -> 0x3537
mem[X,0x8000068C] -> 0x3333
[530] [M]: 0x8000068A (0x33333537) lui a0, 209715
x10 <- 0x33333000


mem[X,0x8000068E] -> 0x0513
mem[X,0x80000690] -> 0x3335
[531] [M]: 0x8000068E (0x33350513) addi a0, a0, 819
x10 <- 0x33333333


mem[X,0x80000692] -> 0x8911
[532] [M]: 0x80000692 (0x8911) c.andi a0, 4
x10 <- 0x00000000


mem[X,0x80000694] -> 0xA023
mem[X,0x80000696] -> 0x22A0
[533] [M]: 0x80000694 (0x22A0A023) sw a0, 544(ra)
mem[0x80004334] <- 0x00000000


mem[X,0x80000698] -> 0x3537
mem[X,0x8000069A] -> 0x3333
[534] [M]: 0x80000698 (0x33333537) lui a0, 209715
x10 <- 0x33333000


mem[X,0x8000069C] -> 0x0513
mem[X,0x8000069E] -> 0x3335
[535] [M]: 0x8000069C (0x33350513) addi a0, a0, 819
x10 <- 0x33333333


mem[X,0x800006A0] -> 0x8925
[536] [M]: 0x800006A0 (0x8925) c.andi a0, 9
x10 <- 0x00000001


mem[X,0x800006A2] -> 0xA223
mem[X,0x800006A4] -> 0x22A0
[537] [M]: 0x800006A2 (0x22A0A223) sw a0, 548(ra)
mem[0x80004338] <- 0x00000001


mem[X,0x800006A6] -> 0x3537
mem[X,0x800006A8] -> 0x3333
[538] [M]: 0x800006A6 (0x33333537) lui a0, 209715
x10 <- 0x33333000


mem[X,0x800006AA] -> 0x0513
mem[X,0x800006AC] -> 0x3335
[539] [M]: 0x800006AA (0x33350513) addi a0, a0, 819
x10 <- 0x33333333


mem[X,0x800006AE] -> 0x8901
[540] [M]: 0x800006AE (0x8901) c.andi a0, 0
x10 <- 0x00000000


mem[X,0x800006B0] -> 0xA423
mem[X,0x800006B2] -> 0x22A0
[541] [M]: 0x800006B0 (0x22A0A423) sw a0, 552(ra)
mem[0x8000433C] <- 0x00000000


mem[X,0x800006B4] -> 0x3537
mem[X,0x800006B6] -> 0x3333
[542] [M]: 0x800006B4 (0x33333537) lui a0, 209715
x10 <- 0x33333000


mem[X,0x800006B8] -> 0x0513
mem[X,0x800006BA] -> 0x3335
[543] [M]: 0x800006B8 (0x33350513) addi a0, a0, 819
x10 <- 0x33333333


mem[X,0x800006BC] -> 0x892D
[544] [M]: 0x800006BC (0x892D) c.andi a0, 11
x10 <- 0x00000003


mem[X,0x800006BE] -> 0xA623
mem[X,0x800006C0] -> 0x22A0
[545] [M]: 0x800006BE (0x22A0A623) sw a0, 556(ra)
mem[0x80004340] <- 0x00000003


mem[X,0x800006C2] -> 0x3537
mem[X,0x800006C4] -> 0x3333
[546] [M]: 0x800006C2 (0x33333537) lui a0, 209715
x10 <- 0x33333000


mem[X,0x800006C6] -> 0x0513
mem[X,0x800006C8] -> 0x3335
[547] [M]: 0x800006C6 (0x33350513) addi a0, a0, 819
x10 <- 0x33333333


mem[X,0x800006CA] -> 0x891D
[548] [M]: 0x800006CA (0x891D) c.andi a0, 7
x10 <- 0x00000003


mem[X,0x800006CC] -> 0xA823
mem[X,0x800006CE] -> 0x22A0
[549] [M]: 0x800006CC (0x22A0A823) sw a0, 560(ra)
mem[0x80004344] <- 0x00000003


mem[X,0x800006D0] -> 0x3537
mem[X,0x800006D2] -> 0x3333
[550] [M]: 0x800006D0 (0x33333537) lui a0, 209715
x10 <- 0x33333000


mem[X,0x800006D4] -> 0x0513
mem[X,0x800006D6] -> 0x3335
[551] [M]: 0x800006D4 (0x33350513) addi a0, a0, 819
x10 <- 0x33333333


mem[X,0x800006D8] -> 0x997D
[552] [M]: 0x800006D8 (0x997D) c.andi a0, 63
x10 <- 0x33333333


mem[X,0x800006DA] -> 0xAA23
mem[X,0x800006DC] -> 0x22A0
[553] [M]: 0x800006DA (0x22A0AA23) sw a0, 564(ra)
mem[0x80004348] <- 0x33333333


mem[X,0x800006DE] -> 0x3537
mem[X,0x800006E0] -> 0x3333
[554] [M]: 0x800006DE (0x33333537) lui a0, 209715
x10 <- 0x33333000


mem[X,0x800006E2] -> 0x0513
mem[X,0x800006E4] -> 0x3335
[555] [M]: 0x800006E2 (0x33350513) addi a0, a0, 819
x10 <- 0x33333333


mem[X,0x800006E6] -> 0x9971
[556] [M]: 0x800006E6 (0x9971) c.andi a0, 60
x10 <- 0x33333330


mem[X,0x800006E8] -> 0xAC23
mem[X,0x800006EA] -> 0x22A0
[557] [M]: 0x800006E8 (0x22A0AC23) sw a0, 568(ra)
mem[0x8000434C] <- 0x33333330


mem[X,0x800006EC] -> 0x6537
mem[X,0x800006EE] -> 0x6666
[558] [M]: 0x800006EC (0x66666537) lui a0, 419430
x10 <- 0x66666000


mem[X,0x800006F0] -> 0x0513
mem[X,0x800006F2] -> 0x6665
[559] [M]: 0x800006F0 (0x66650513) addi a0, a0, 1638
x10 <- 0x66666666


mem[X,0x800006F4] -> 0x890D
[560] [M]: 0x800006F4 (0x890D) c.andi a0, 3
x10 <- 0x00000002


mem[X,0x800006F6] -> 0xAE23
mem[X,0x800006F8] -> 0x22A0
[561] [M]: 0x800006F6 (0x22A0AE23) sw a0, 572(ra)
mem[0x80004350] <- 0x00000002


mem[X,0x800006FA] -> 0x6537
mem[X,0x800006FC] -> 0x6666
[562] [M]: 0x800006FA (0x66666537) lui a0, 419430
x10 <- 0x66666000


mem[X,0x800006FE] -> 0x0513
mem[X,0x80000700] -> 0x6665
[563] [M]: 0x800006FE (0x66650513) addi a0, a0, 1638
x10 <- 0x66666666


mem[X,0x80000702] -> 0x8915
[564] [M]: 0x80000702 (0x8915) c.andi a0, 5
x10 <- 0x00000004


mem[X,0x80000704] -> 0xA023
mem[X,0x80000706] -> 0x24A0
[565] [M]: 0x80000704 (0x24A0A023) sw a0, 576(ra)
mem[0x80004354] <- 0x00000004


mem[X,0x80000708] -> 0x6537
mem[X,0x8000070A] -> 0x6666
[566] [M]: 0x80000708 (0x66666537) lui a0, 419430
x10 <- 0x66666000


mem[X,0x8000070C] -> 0x0513
mem[X,0x8000070E] -> 0x6665
[567] [M]: 0x8000070C (0x66650513) addi a0, a0, 1638
x10 <- 0x66666666


mem[X,0x80000710] -> 0x8929
[568] [M]: 0x80000710 (0x8929) c.andi a0, 10
x10 <- 0x00000002


mem[X,0x80000712] -> 0xA223
mem[X,0x80000714] -> 0x24A0
[569] [M]: 0x80000712 (0x24A0A223) sw a0, 580(ra)
mem[0x80004358] <- 0x00000002


mem[X,0x80000716] -> 0x6537
mem[X,0x80000718] -> 0x6666
[570] [M]: 0x80000716 (0x66666537) lui a0, 419430
x10 <- 0x66666000


mem[X,0x8000071A] -> 0x0513
mem[X,0x8000071C] -> 0x6665
[571] [M]: 0x8000071A (0x66650513) addi a0, a0, 1638
x10 <- 0x66666666


mem[X,0x8000071E] -> 0x8919
[572] [M]: 0x8000071E (0x8919) c.andi a0, 6
x10 <- 0x00000006


mem[X,0x80000720] -> 0xA423
mem[X,0x80000722] -> 0x24A0
[573] [M]: 0x80000720 (0x24A0A423) sw a0, 584(ra)
mem[0x8000435C] <- 0x00000006


mem[X,0x80000724] -> 0x6537
mem[X,0x80000726] -> 0x6666
[574] [M]: 0x80000724 (0x66666537) lui a0, 419430
x10 <- 0x66666000


mem[X,0x80000728] -> 0x0513
mem[X,0x8000072A] -> 0x6665
[575] [M]: 0x80000728 (0x66650513) addi a0, a0, 1638
x10 <- 0x66666666


mem[X,0x8000072C] -> 0x9979
[576] [M]: 0x8000072C (0x9979) c.andi a0, 62
x10 <- 0x66666666


mem[X,0x8000072E] -> 0xA623
mem[X,0x80000730] -> 0x24A0
[577] [M]: 0x8000072E (0x24A0A623) sw a0, 588(ra)
mem[0x80004360] <- 0x66666666


mem[X,0x80000732] -> 0x6537
mem[X,0x80000734] -> 0x6666
[578] [M]: 0x80000732 (0x66666537) lui a0, 419430
x10 <- 0x66666000


mem[X,0x80000736] -> 0x0513
mem[X,0x80000738] -> 0x6665
[579] [M]: 0x80000736 (0x66650513) addi a0, a0, 1638
x10 <- 0x66666666


mem[X,0x8000073A] -> 0x996D
[580] [M]: 0x8000073A (0x996D) c.andi a0, 59
x10 <- 0x66666662


mem[X,0x8000073C] -> 0xA823
mem[X,0x8000073E] -> 0x24A0
[581] [M]: 0x8000073C (0x24A0A823) sw a0, 592(ra)
mem[0x80004364] <- 0x66666662


mem[X,0x80000740] -> 0x6537
mem[X,0x80000742] -> 0x6666
[582] [M]: 0x80000740 (0x66666537) lui a0, 419430
x10 <- 0x66666000


mem[X,0x80000744] -> 0x0513
mem[X,0x80000746] -> 0x6665
[583] [M]: 0x80000744 (0x66650513) addi a0, a0, 1638
x10 <- 0x66666666


mem[X,0x80000748] -> 0x8909
[584] [M]: 0x80000748 (0x8909) c.andi a0, 2
x10 <- 0x00000002


mem[X,0x8000074A] -> 0xAA23
mem[X,0x8000074C] -> 0x24A0
[585] [M]: 0x8000074A (0x24A0AA23) sw a0, 596(ra)
mem[0x80004368] <- 0x00000002


mem[X,0x8000074E] -> 0x6537
mem[X,0x80000750] -> 0x6666
[586] [M]: 0x8000074E (0x66666537) lui a0, 419430
x10 <- 0x66666000


mem[X,0x80000752] -> 0x0513
mem[X,0x80000754] -> 0x6665
[587] [M]: 0x80000752 (0x66650513) addi a0, a0, 1638
x10 <- 0x66666666


mem[X,0x80000756] -> 0x8911
[588] [M]: 0x80000756 (0x8911) c.andi a0, 4
x10 <- 0x00000004


mem[X,0x80000758] -> 0xAC23
mem[X,0x8000075A] -> 0x24A0
[589] [M]: 0x80000758 (0x24A0AC23) sw a0, 600(ra)
mem[0x8000436C] <- 0x00000004


mem[X,0x8000075C] -> 0x6537
mem[X,0x8000075E] -> 0x6666
[590] [M]: 0x8000075C (0x66666537) lui a0, 419430
x10 <- 0x66666000


mem[X,0x80000760] -> 0x0513
mem[X,0x80000762] -> 0x6665
[591] [M]: 0x80000760 (0x66650513) addi a0, a0, 1638
x10 <- 0x66666666


mem[X,0x80000764] -> 0x8925
[592] [M]: 0x80000764 (0x8925) c.andi a0, 9
x10 <- 0x00000000


mem[X,0x80000766] -> 0xAE23
mem[X,0x80000768] -> 0x24A0
[593] [M]: 0x80000766 (0x24A0AE23) sw a0, 604(ra)
mem[0x80004370] <- 0x00000000


mem[X,0x8000076A] -> 0x6537
mem[X,0x8000076C] -> 0x6666
[594] [M]: 0x8000076A (0x66666537) lui a0, 419430
x10 <- 0x66666000


mem[X,0x8000076E] -> 0x0513
mem[X,0x80000770] -> 0x6665
[595] [M]: 0x8000076E (0x66650513) addi a0, a0, 1638
x10 <- 0x66666666


mem[X,0x80000772] -> 0x8901
[596] [M]: 0x80000772 (0x8901) c.andi a0, 0
x10 <- 0x00000000


mem[X,0x80000774] -> 0xA023
mem[X,0x80000776] -> 0x26A0
[597] [M]: 0x80000774 (0x26A0A023) sw a0, 608(ra)
mem[0x80004374] <- 0x00000000


mem[X,0x80000778] -> 0x6537
mem[X,0x8000077A] -> 0x6666
[598] [M]: 0x80000778 (0x66666537) lui a0, 419430
x10 <- 0x66666000


mem[X,0x8000077C] -> 0x0513
mem[X,0x8000077E] -> 0x6665
[599] [M]: 0x8000077C (0x66650513) addi a0, a0, 1638
x10 <- 0x66666666


clint::tick mtime <- 0x0000000000000006
 clint timer pending at mtime 0x0000000000000006
htif::tick 0x0000000000000000
mem[X,0x80000780] -> 0x892D
[600] [M]: 0x80000780 (0x892D) c.andi a0, 11
x10 <- 0x00000002


mem[X,0x80000782] -> 0xA223
mem[X,0x80000784] -> 0x26A0
[601] [M]: 0x80000782 (0x26A0A223) sw a0, 612(ra)
mem[0x80004378] <- 0x00000002


mem[X,0x80000786] -> 0x6537
mem[X,0x80000788] -> 0x6666
[602] [M]: 0x80000786 (0x66666537) lui a0, 419430
x10 <- 0x66666000


mem[X,0x8000078A] -> 0x0513
mem[X,0x8000078C] -> 0x6665
[603] [M]: 0x8000078A (0x66650513) addi a0, a0, 1638
x10 <- 0x66666666


mem[X,0x8000078E] -> 0x891D
[604] [M]: 0x8000078E (0x891D) c.andi a0, 7
x10 <- 0x00000006


mem[X,0x80000790] -> 0xA423
mem[X,0x80000792] -> 0x26A0
[605] [M]: 0x80000790 (0x26A0A423) sw a0, 616(ra)
mem[0x8000437C] <- 0x00000006


mem[X,0x80000794] -> 0x6537
mem[X,0x80000796] -> 0x6666
[606] [M]: 0x80000794 (0x66666537) lui a0, 419430
x10 <- 0x66666000


mem[X,0x80000798] -> 0x0513
mem[X,0x8000079A] -> 0x6665
[607] [M]: 0x80000798 (0x66650513) addi a0, a0, 1638
x10 <- 0x66666666


mem[X,0x8000079C] -> 0x997D
[608] [M]: 0x8000079C (0x997D) c.andi a0, 63
x10 <- 0x66666666


mem[X,0x8000079E] -> 0xA623
mem[X,0x800007A0] -> 0x26A0
[609] [M]: 0x8000079E (0x26A0A623) sw a0, 620(ra)
mem[0x80004380] <- 0x66666666


mem[X,0x800007A2] -> 0x6537
mem[X,0x800007A4] -> 0x6666
[610] [M]: 0x800007A2 (0x66666537) lui a0, 419430
x10 <- 0x66666000


mem[X,0x800007A6] -> 0x0513
mem[X,0x800007A8] -> 0x6665
[611] [M]: 0x800007A6 (0x66650513) addi a0, a0, 1638
x10 <- 0x66666666


mem[X,0x800007AA] -> 0x9971
[612] [M]: 0x800007AA (0x9971) c.andi a0, 60
x10 <- 0x66666664


mem[X,0x800007AC] -> 0xA823
mem[X,0x800007AE] -> 0x26A0
[613] [M]: 0x800007AC (0x26A0A823) sw a0, 624(ra)
mem[0x80004384] <- 0x66666664


mem[X,0x800007B0] -> 0x7555
[614] [M]: 0x800007B0 (0x7555) c.lui a0, 53
x10 <- 0xFFFF5000


mem[X,0x800007B2] -> 0x0513
mem[X,0x800007B4] -> 0xAFC5
[615] [M]: 0x800007B2 (0xAFC50513) addi a0, a0, 2812
x10 <- 0xFFFF4AFC


mem[X,0x800007B6] -> 0x890D
[616] [M]: 0x800007B6 (0x890D) c.andi a0, 3
x10 <- 0x00000000


mem[X,0x800007B8] -> 0xAA23
mem[X,0x800007BA] -> 0x26A0
[617] [M]: 0x800007B8 (0x26A0AA23) sw a0, 628(ra)
mem[0x80004388] <- 0x00000000


mem[X,0x800007BC] -> 0x7555
[618] [M]: 0x800007BC (0x7555) c.lui a0, 53
x10 <- 0xFFFF5000


mem[X,0x800007BE] -> 0x0513
mem[X,0x800007C0] -> 0xAFC5
[619] [M]: 0x800007BE (0xAFC50513) addi a0, a0, 2812
x10 <- 0xFFFF4AFC


mem[X,0x800007C2] -> 0x8915
[620] [M]: 0x800007C2 (0x8915) c.andi a0, 5
x10 <- 0x00000004


mem[X,0x800007C4] -> 0xAC23
mem[X,0x800007C6] -> 0x26A0
[621] [M]: 0x800007C4 (0x26A0AC23) sw a0, 632(ra)
mem[0x8000438C] <- 0x00000004


mem[X,0x800007C8] -> 0x7555
[622] [M]: 0x800007C8 (0x7555) c.lui a0, 53
x10 <- 0xFFFF5000


mem[X,0x800007CA] -> 0x0513
mem[X,0x800007CC] -> 0xAFC5
[623] [M]: 0x800007CA (0xAFC50513) addi a0, a0, 2812
x10 <- 0xFFFF4AFC


mem[X,0x800007CE] -> 0x8929
[624] [M]: 0x800007CE (0x8929) c.andi a0, 10
x10 <- 0x00000008


mem[X,0x800007D0] -> 0xAE23
mem[X,0x800007D2] -> 0x26A0
[625] [M]: 0x800007D0 (0x26A0AE23) sw a0, 636(ra)
mem[0x80004390] <- 0x00000008


mem[X,0x800007D4] -> 0x7555
[626] [M]: 0x800007D4 (0x7555) c.lui a0, 53
x10 <- 0xFFFF5000


mem[X,0x800007D6] -> 0x0513
mem[X,0x800007D8] -> 0xAFC5
[627] [M]: 0x800007D6 (0xAFC50513) addi a0, a0, 2812
x10 <- 0xFFFF4AFC


mem[X,0x800007DA] -> 0x8919
[628] [M]: 0x800007DA (0x8919) c.andi a0, 6
x10 <- 0x00000004


mem[X,0x800007DC] -> 0xA023
mem[X,0x800007DE] -> 0x28A0
[629] [M]: 0x800007DC (0x28A0A023) sw a0, 640(ra)
mem[0x80004394] <- 0x00000004


mem[X,0x800007E0] -> 0x7555
[630] [M]: 0x800007E0 (0x7555) c.lui a0, 53
x10 <- 0xFFFF5000


mem[X,0x800007E2] -> 0x0513
mem[X,0x800007E4] -> 0xAFC5
[631] [M]: 0x800007E2 (0xAFC50513) addi a0, a0, 2812
x10 <- 0xFFFF4AFC


mem[X,0x800007E6] -> 0x9979
[632] [M]: 0x800007E6 (0x9979) c.andi a0, 62
x10 <- 0xFFFF4AFC


mem[X,0x800007E8] -> 0xA223
mem[X,0x800007EA] -> 0x28A0
[633] [M]: 0x800007E8 (0x28A0A223) sw a0, 644(ra)
mem[0x80004398] <- 0xFFFF4AFC


mem[X,0x800007EC] -> 0x7555
[634] [M]: 0x800007EC (0x7555) c.lui a0, 53
x10 <- 0xFFFF5000


mem[X,0x800007EE] -> 0x0513
mem[X,0x800007F0] -> 0xAFC5
[635] [M]: 0x800007EE (0xAFC50513) addi a0, a0, 2812
x10 <- 0xFFFF4AFC


mem[X,0x800007F2] -> 0x996D
[636] [M]: 0x800007F2 (0x996D) c.andi a0, 59
x10 <- 0xFFFF4AF8


mem[X,0x800007F4] -> 0xA423
mem[X,0x800007F6] -> 0x28A0
[637] [M]: 0x800007F4 (0x28A0A423) sw a0, 648(ra)
mem[0x8000439C] <- 0xFFFF4AF8


mem[X,0x800007F8] -> 0x7555
[638] [M]: 0x800007F8 (0x7555) c.lui a0, 53
x10 <- 0xFFFF5000


mem[X,0x800007FA] -> 0x0513
mem[X,0x800007FC] -> 0xAFC5
[639] [M]: 0x800007FA (0xAFC50513) addi a0, a0, 2812
x10 <- 0xFFFF4AFC


mem[X,0x800007FE] -> 0x8909
[640] [M]: 0x800007FE (0x8909) c.andi a0, 2
x10 <- 0x00000000


mem[X,0x80000800] -> 0xA623
mem[X,0x80000802] -> 0x28A0
[641] [M]: 0x80000800 (0x28A0A623) sw a0, 652(ra)
mem[0x800043A0] <- 0x00000000


mem[X,0x80000804] -> 0x7555
[642] [M]: 0x80000804 (0x7555) c.lui a0, 53
x10 <- 0xFFFF5000


mem[X,0x80000806] -> 0x0513
mem[X,0x80000808] -> 0xAFC5
[643] [M]: 0x80000806 (0xAFC50513) addi a0, a0, 2812
x10 <- 0xFFFF4AFC


mem[X,0x8000080A] -> 0x8911
[644] [M]: 0x8000080A (0x8911) c.andi a0, 4
x10 <- 0x00000004


mem[X,0x8000080C] -> 0xA823
mem[X,0x8000080E] -> 0x28A0
[645] [M]: 0x8000080C (0x28A0A823) sw a0, 656(ra)
mem[0x800043A4] <- 0x00000004


mem[X,0x80000810] -> 0x7555
[646] [M]: 0x80000810 (0x7555) c.lui a0, 53
x10 <- 0xFFFF5000


mem[X,0x80000812] -> 0x0513
mem[X,0x80000814] -> 0xAFC5
[647] [M]: 0x80000812 (0xAFC50513) addi a0, a0, 2812
x10 <- 0xFFFF4AFC


mem[X,0x80000816] -> 0x8925
[648] [M]: 0x80000816 (0x8925) c.andi a0, 9
x10 <- 0x00000008


mem[X,0x80000818] -> 0xAA23
mem[X,0x8000081A] -> 0x28A0
[649] [M]: 0x80000818 (0x28A0AA23) sw a0, 660(ra)
mem[0x800043A8] <- 0x00000008


mem[X,0x8000081C] -> 0x7555
[650] [M]: 0x8000081C (0x7555) c.lui a0, 53
x10 <- 0xFFFF5000


mem[X,0x8000081E] -> 0x0513
mem[X,0x80000820] -> 0xAFC5
[651] [M]: 0x8000081E (0xAFC50513) addi a0, a0, 2812
x10 <- 0xFFFF4AFC


mem[X,0x80000822] -> 0x892D
[652] [M]: 0x80000822 (0x892D) c.andi a0, 11
x10 <- 0x00000008


mem[X,0x80000824] -> 0xAC23
mem[X,0x80000826] -> 0x28A0
[653] [M]: 0x80000824 (0x28A0AC23) sw a0, 664(ra)
mem[0x800043AC] <- 0x00000008


mem[X,0x80000828] -> 0x7555
[654] [M]: 0x80000828 (0x7555) c.lui a0, 53
x10 <- 0xFFFF5000


mem[X,0x8000082A] -> 0x0513
mem[X,0x8000082C] -> 0xAFC5
[655] [M]: 0x8000082A (0xAFC50513) addi a0, a0, 2812
x10 <- 0xFFFF4AFC


mem[X,0x8000082E] -> 0x891D
[656] [M]: 0x8000082E (0x891D) c.andi a0, 7
x10 <- 0x00000004


mem[X,0x80000830] -> 0xAE23
mem[X,0x80000832] -> 0x28A0
[657] [M]: 0x80000830 (0x28A0AE23) sw a0, 668(ra)
mem[0x800043B0] <- 0x00000004


mem[X,0x80000834] -> 0x7555
[658] [M]: 0x80000834 (0x7555) c.lui a0, 53
x10 <- 0xFFFF5000


mem[X,0x80000836] -> 0x0513
mem[X,0x80000838] -> 0xAFC5
[659] [M]: 0x80000836 (0xAFC50513) addi a0, a0, 2812
x10 <- 0xFFFF4AFC


mem[X,0x8000083A] -> 0x997D
[660] [M]: 0x8000083A (0x997D) c.andi a0, 63
x10 <- 0xFFFF4AFC


mem[X,0x8000083C] -> 0xA023
mem[X,0x8000083E] -> 0x2AA0
[661] [M]: 0x8000083C (0x2AA0A023) sw a0, 672(ra)
mem[0x800043B4] <- 0xFFFF4AFC


mem[X,0x80000840] -> 0x7555
[662] [M]: 0x80000840 (0x7555) c.lui a0, 53
x10 <- 0xFFFF5000


mem[X,0x80000842] -> 0x0513
mem[X,0x80000844] -> 0xAFC5
[663] [M]: 0x80000842 (0xAFC50513) addi a0, a0, 2812
x10 <- 0xFFFF4AFC


mem[X,0x80000846] -> 0x9971
[664] [M]: 0x80000846 (0x9971) c.andi a0, 60
x10 <- 0xFFFF4AFC


mem[X,0x80000848] -> 0xA223
mem[X,0x8000084A] -> 0x2AA0
[665] [M]: 0x80000848 (0x2AA0A223) sw a0, 676(ra)
mem[0x800043B8] <- 0xFFFF4AFC


mem[X,0x8000084C] -> 0x652D
[666] [M]: 0x8000084C (0x652D) c.lui a0, 11
x10 <- 0x0000B000


mem[X,0x8000084E] -> 0x0513
mem[X,0x80000850] -> 0x5045
[667] [M]: 0x8000084E (0x50450513) addi a0, a0, 1284
x10 <- 0x0000B504


mem[X,0x80000852] -> 0x890D
[668] [M]: 0x80000852 (0x890D) c.andi a0, 3
x10 <- 0x00000000


mem[X,0x80000854] -> 0xA423
mem[X,0x80000856] -> 0x2AA0
[669] [M]: 0x80000854 (0x2AA0A423) sw a0, 680(ra)
mem[0x800043BC] <- 0x00000000


mem[X,0x80000858] -> 0x652D
[670] [M]: 0x80000858 (0x652D) c.lui a0, 11
x10 <- 0x0000B000


mem[X,0x8000085A] -> 0x0513
mem[X,0x8000085C] -> 0x5045
[671] [M]: 0x8000085A (0x50450513) addi a0, a0, 1284
x10 <- 0x0000B504


mem[X,0x8000085E] -> 0x8915
[672] [M]: 0x8000085E (0x8915) c.andi a0, 5
x10 <- 0x00000004


mem[X,0x80000860] -> 0xA623
mem[X,0x80000862] -> 0x2AA0
[673] [M]: 0x80000860 (0x2AA0A623) sw a0, 684(ra)
mem[0x800043C0] <- 0x00000004


mem[X,0x80000864] -> 0x652D
[674] [M]: 0x80000864 (0x652D) c.lui a0, 11
x10 <- 0x0000B000


mem[X,0x80000866] -> 0x0513
mem[X,0x80000868] -> 0x5045
[675] [M]: 0x80000866 (0x50450513) addi a0, a0, 1284
x10 <- 0x0000B504


mem[X,0x8000086A] -> 0x8929
[676] [M]: 0x8000086A (0x8929) c.andi a0, 10
x10 <- 0x00000000


mem[X,0x8000086C] -> 0xA823
mem[X,0x8000086E] -> 0x2AA0
[677] [M]: 0x8000086C (0x2AA0A823) sw a0, 688(ra)
mem[0x800043C4] <- 0x00000000


mem[X,0x80000870] -> 0x652D
[678] [M]: 0x80000870 (0x652D) c.lui a0, 11
x10 <- 0x0000B000


mem[X,0x80000872] -> 0x0513
mem[X,0x80000874] -> 0x5045
[679] [M]: 0x80000872 (0x50450513) addi a0, a0, 1284
x10 <- 0x0000B504


mem[X,0x80000876] -> 0x8919
[680] [M]: 0x80000876 (0x8919) c.andi a0, 6
x10 <- 0x00000004


mem[X,0x80000878] -> 0xAA23
mem[X,0x8000087A] -> 0x2AA0
[681] [M]: 0x80000878 (0x2AA0AA23) sw a0, 692(ra)
mem[0x800043C8] <- 0x00000004


mem[X,0x8000087C] -> 0x652D
[682] [M]: 0x8000087C (0x652D) c.lui a0, 11
x10 <- 0x0000B000


mem[X,0x8000087E] -> 0x0513
mem[X,0x80000880] -> 0x5045
[683] [M]: 0x8000087E (0x50450513) addi a0, a0, 1284
x10 <- 0x0000B504


mem[X,0x80000882] -> 0x9979
[684] [M]: 0x80000882 (0x9979) c.andi a0, 62
x10 <- 0x0000B504


mem[X,0x80000884] -> 0xAC23
mem[X,0x80000886] -> 0x2AA0
[685] [M]: 0x80000884 (0x2AA0AC23) sw a0, 696(ra)
mem[0x800043CC] <- 0x0000B504


mem[X,0x80000888] -> 0x652D
[686] [M]: 0x80000888 (0x652D) c.lui a0, 11
x10 <- 0x0000B000


mem[X,0x8000088A] -> 0x0513
mem[X,0x8000088C] -> 0x5045
[687] [M]: 0x8000088A (0x50450513) addi a0, a0, 1284
x10 <- 0x0000B504


mem[X,0x8000088E] -> 0x996D
[688] [M]: 0x8000088E (0x996D) c.andi a0, 59
x10 <- 0x0000B500


mem[X,0x80000890] -> 0xAE23
mem[X,0x80000892] -> 0x2AA0
[689] [M]: 0x80000890 (0x2AA0AE23) sw a0, 700(ra)
mem[0x800043D0] <- 0x0000B500


mem[X,0x80000894] -> 0x652D
[690] [M]: 0x80000894 (0x652D) c.lui a0, 11
x10 <- 0x0000B000


mem[X,0x80000896] -> 0x0513
mem[X,0x80000898] -> 0x5045
[691] [M]: 0x80000896 (0x50450513) addi a0, a0, 1284
x10 <- 0x0000B504


mem[X,0x8000089A] -> 0x8909
[692] [M]: 0x8000089A (0x8909) c.andi a0, 2
x10 <- 0x00000000


mem[X,0x8000089C] -> 0xA023
mem[X,0x8000089E] -> 0x2CA0
[693] [M]: 0x8000089C (0x2CA0A023) sw a0, 704(ra)
mem[0x800043D4] <- 0x00000000


mem[X,0x800008A0] -> 0x652D
[694] [M]: 0x800008A0 (0x652D) c.lui a0, 11
x10 <- 0x0000B000


mem[X,0x800008A2] -> 0x0513
mem[X,0x800008A4] -> 0x5045
[695] [M]: 0x800008A2 (0x50450513) addi a0, a0, 1284
x10 <- 0x0000B504


mem[X,0x800008A6] -> 0x8911
[696] [M]: 0x800008A6 (0x8911) c.andi a0, 4
x10 <- 0x00000004


mem[X,0x800008A8] -> 0xA223
mem[X,0x800008AA] -> 0x2CA0
[697] [M]: 0x800008A8 (0x2CA0A223) sw a0, 708(ra)
mem[0x800043D8] <- 0x00000004


mem[X,0x800008AC] -> 0x652D
[698] [M]: 0x800008AC (0x652D) c.lui a0, 11
x10 <- 0x0000B000


mem[X,0x800008AE] -> 0x0513
mem[X,0x800008B0] -> 0x5045
[699] [M]: 0x800008AE (0x50450513) addi a0, a0, 1284
x10 <- 0x0000B504


clint::tick mtime <- 0x0000000000000007
 clint timer pending at mtime 0x0000000000000007
htif::tick 0x0000000000000000
mem[X,0x800008B2] -> 0x8925
[700] [M]: 0x800008B2 (0x8925) c.andi a0, 9
x10 <- 0x00000000


mem[X,0x800008B4] -> 0xA423
mem[X,0x800008B6] -> 0x2CA0
[701] [M]: 0x800008B4 (0x2CA0A423) sw a0, 712(ra)
mem[0x800043DC] <- 0x00000000


mem[X,0x800008B8] -> 0x652D
[702] [M]: 0x800008B8 (0x652D) c.lui a0, 11
x10 <- 0x0000B000


mem[X,0x800008BA] -> 0x0513
mem[X,0x800008BC] -> 0x5045
[703] [M]: 0x800008BA (0x50450513) addi a0, a0, 1284
x10 <- 0x0000B504


mem[X,0x800008BE] -> 0x8901
[704] [M]: 0x800008BE (0x8901) c.andi a0, 0
x10 <- 0x00000000


mem[X,0x800008C0] -> 0xA623
mem[X,0x800008C2] -> 0x2CA0
[705] [M]: 0x800008C0 (0x2CA0A623) sw a0, 716(ra)
mem[0x800043E0] <- 0x00000000


mem[X,0x800008C4] -> 0x652D
[706] [M]: 0x800008C4 (0x652D) c.lui a0, 11
x10 <- 0x0000B000


mem[X,0x800008C6] -> 0x0513
mem[X,0x800008C8] -> 0x5045
[707] [M]: 0x800008C6 (0x50450513) addi a0, a0, 1284
x10 <- 0x0000B504


mem[X,0x800008CA] -> 0x892D
[708] [M]: 0x800008CA (0x892D) c.andi a0, 11
x10 <- 0x00000000


mem[X,0x800008CC] -> 0xA823
mem[X,0x800008CE] -> 0x2CA0
[709] [M]: 0x800008CC (0x2CA0A823) sw a0, 720(ra)
mem[0x800043E4] <- 0x00000000


mem[X,0x800008D0] -> 0x652D
[710] [M]: 0x800008D0 (0x652D) c.lui a0, 11
x10 <- 0x0000B000


mem[X,0x800008D2] -> 0x0513
mem[X,0x800008D4] -> 0x5045
[711] [M]: 0x800008D2 (0x50450513) addi a0, a0, 1284
x10 <- 0x0000B504


mem[X,0x800008D6] -> 0x891D
[712] [M]: 0x800008D6 (0x891D) c.andi a0, 7
x10 <- 0x00000004


mem[X,0x800008D8] -> 0xAA23
mem[X,0x800008DA] -> 0x2CA0
[713] [M]: 0x800008D8 (0x2CA0AA23) sw a0, 724(ra)
mem[0x800043E8] <- 0x00000004


mem[X,0x800008DC] -> 0x652D
[714] [M]: 0x800008DC (0x652D) c.lui a0, 11
x10 <- 0x0000B000


mem[X,0x800008DE] -> 0x0513
mem[X,0x800008E0] -> 0x5045
[715] [M]: 0x800008DE (0x50450513) addi a0, a0, 1284
x10 <- 0x0000B504


mem[X,0x800008E2] -> 0x997D
[716] [M]: 0x800008E2 (0x997D) c.andi a0, 63
x10 <- 0x0000B504


mem[X,0x800008E4] -> 0xAC23
mem[X,0x800008E6] -> 0x2CA0
[717] [M]: 0x800008E4 (0x2CA0AC23) sw a0, 728(ra)
mem[0x800043EC] <- 0x0000B504


mem[X,0x800008E8] -> 0x652D
[718] [M]: 0x800008E8 (0x652D) c.lui a0, 11
x10 <- 0x0000B000


mem[X,0x800008EA] -> 0x0513
mem[X,0x800008EC] -> 0x5045
[719] [M]: 0x800008EA (0x50450513) addi a0, a0, 1284
x10 <- 0x0000B504


mem[X,0x800008EE] -> 0x9971
[720] [M]: 0x800008EE (0x9971) c.andi a0, 60
x10 <- 0x0000B504


mem[X,0x800008F0] -> 0xAE23
mem[X,0x800008F2] -> 0x2CA0
[721] [M]: 0x800008F0 (0x2CA0AE23) sw a0, 732(ra)
mem[0x800043F0] <- 0x0000B504


mem[X,0x800008F4] -> 0x4509
[722] [M]: 0x800008F4 (0x4509) c.li a0, 2
x10 <- 0x00000002


mem[X,0x800008F6] -> 0x890D
[723] [M]: 0x800008F6 (0x890D) c.andi a0, 3
x10 <- 0x00000002


mem[X,0x800008F8] -> 0xA023
mem[X,0x800008FA] -> 0x2EA0
[724] [M]: 0x800008F8 (0x2EA0A023) sw a0, 736(ra)
mem[0x800043F4] <- 0x00000002


mem[X,0x800008FC] -> 0x4509
[725] [M]: 0x800008FC (0x4509) c.li a0, 2
x10 <- 0x00000002


mem[X,0x800008FE] -> 0x8929
[726] [M]: 0x800008FE (0x8929) c.andi a0, 10
x10 <- 0x00000002


mem[X,0x80000900] -> 0xA223
mem[X,0x80000902] -> 0x2EA0
[727] [M]: 0x80000900 (0x2EA0A223) sw a0, 740(ra)
mem[0x800043F8] <- 0x00000002


mem[X,0x80000904] -> 0x4509
[728] [M]: 0x80000904 (0x4509) c.li a0, 2
x10 <- 0x00000002


mem[X,0x80000906] -> 0x8919
[729] [M]: 0x80000906 (0x8919) c.andi a0, 6
x10 <- 0x00000002


mem[X,0x80000908] -> 0xA423
mem[X,0x8000090A] -> 0x2EA0
[730] [M]: 0x80000908 (0x2EA0A423) sw a0, 744(ra)
mem[0x800043FC] <- 0x00000002


mem[X,0x8000090C] -> 0x4509
[731] [M]: 0x8000090C (0x4509) c.li a0, 2
x10 <- 0x00000002


mem[X,0x8000090E] -> 0x9979
[732] [M]: 0x8000090E (0x9979) c.andi a0, 62
x10 <- 0x00000002


mem[X,0x80000910] -> 0xA623
mem[X,0x80000912] -> 0x2EA0
[733] [M]: 0x80000910 (0x2EA0A623) sw a0, 748(ra)
mem[0x80004400] <- 0x00000002


mem[X,0x80000914] -> 0x4509
[734] [M]: 0x80000914 (0x4509) c.li a0, 2
x10 <- 0x00000002


mem[X,0x80000916] -> 0x996D
[735] [M]: 0x80000916 (0x996D) c.andi a0, 59
x10 <- 0x00000002


mem[X,0x80000918] -> 0xA823
mem[X,0x8000091A] -> 0x2EA0
[736] [M]: 0x80000918 (0x2EA0A823) sw a0, 752(ra)
mem[0x80004404] <- 0x00000002


mem[X,0x8000091C] -> 0x4509
[737] [M]: 0x8000091C (0x4509) c.li a0, 2
x10 <- 0x00000002


mem[X,0x8000091E] -> 0x8909
[738] [M]: 0x8000091E (0x8909) c.andi a0, 2
x10 <- 0x00000002


mem[X,0x80000920] -> 0xAA23
mem[X,0x80000922] -> 0x2EA0
[739] [M]: 0x80000920 (0x2EA0AA23) sw a0, 756(ra)
mem[0x80004408] <- 0x00000002


mem[X,0x80000924] -> 0x4509
[740] [M]: 0x80000924 (0x4509) c.li a0, 2
x10 <- 0x00000002


mem[X,0x80000926] -> 0x8911
[741] [M]: 0x80000926 (0x8911) c.andi a0, 4
x10 <- 0x00000000


mem[X,0x80000928] -> 0xAC23
mem[X,0x8000092A] -> 0x2EA0
[742] [M]: 0x80000928 (0x2EA0AC23) sw a0, 760(ra)
mem[0x8000440C] <- 0x00000000


mem[X,0x8000092C] -> 0x4509
[743] [M]: 0x8000092C (0x4509) c.li a0, 2
x10 <- 0x00000002


mem[X,0x8000092E] -> 0x8925
[744] [M]: 0x8000092E (0x8925) c.andi a0, 9
x10 <- 0x00000000


mem[X,0x80000930] -> 0xAE23
mem[X,0x80000932] -> 0x2EA0
[745] [M]: 0x80000930 (0x2EA0AE23) sw a0, 764(ra)
mem[0x80004410] <- 0x00000000


mem[X,0x80000934] -> 0x4509
[746] [M]: 0x80000934 (0x4509) c.li a0, 2
x10 <- 0x00000002


mem[X,0x80000936] -> 0x8901
[747] [M]: 0x80000936 (0x8901) c.andi a0, 0
x10 <- 0x00000000


mem[X,0x80000938] -> 0xA023
mem[X,0x8000093A] -> 0x30A0
[748] [M]: 0x80000938 (0x30A0A023) sw a0, 768(ra)
mem[0x80004414] <- 0x00000000


mem[X,0x8000093C] -> 0x4509
[749] [M]: 0x8000093C (0x4509) c.li a0, 2
x10 <- 0x00000002


mem[X,0x8000093E] -> 0x892D
[750] [M]: 0x8000093E (0x892D) c.andi a0, 11
x10 <- 0x00000002


mem[X,0x80000940] -> 0xA223
mem[X,0x80000942] -> 0x30A0
[751] [M]: 0x80000940 (0x30A0A223) sw a0, 772(ra)
mem[0x80004418] <- 0x00000002


mem[X,0x80000944] -> 0x4509
[752] [M]: 0x80000944 (0x4509) c.li a0, 2
x10 <- 0x00000002


mem[X,0x80000946] -> 0x891D
[753] [M]: 0x80000946 (0x891D) c.andi a0, 7
x10 <- 0x00000002


mem[X,0x80000948] -> 0xA423
mem[X,0x8000094A] -> 0x30A0
[754] [M]: 0x80000948 (0x30A0A423) sw a0, 776(ra)
mem[0x8000441C] <- 0x00000002


mem[X,0x8000094C] -> 0x4509
[755] [M]: 0x8000094C (0x4509) c.li a0, 2
x10 <- 0x00000002


mem[X,0x8000094E] -> 0x997D
[756] [M]: 0x8000094E (0x997D) c.andi a0, 63
x10 <- 0x00000002


mem[X,0x80000950] -> 0xA623
mem[X,0x80000952] -> 0x30A0
[757] [M]: 0x80000950 (0x30A0A623) sw a0, 780(ra)
mem[0x80004420] <- 0x00000002


mem[X,0x80000954] -> 0x4509
[758] [M]: 0x80000954 (0x4509) c.li a0, 2
x10 <- 0x00000002


mem[X,0x80000956] -> 0x9971
[759] [M]: 0x80000956 (0x9971) c.andi a0, 60
x10 <- 0x00000000


mem[X,0x80000958] -> 0xA823
mem[X,0x8000095A] -> 0x30A0
[760] [M]: 0x80000958 (0x30A0A823) sw a0, 784(ra)
mem[0x80004424] <- 0x00000000


mem[X,0x8000095C] -> 0x5537
mem[X,0x8000095E] -> 0x5555
[761] [M]: 0x8000095C (0x55555537) lui a0, 349525
x10 <- 0x55555000


mem[X,0x80000960] -> 0x0513
mem[X,0x80000962] -> 0x5545
[762] [M]: 0x80000960 (0x55450513) addi a0, a0, 1364
x10 <- 0x55555554


mem[X,0x80000964] -> 0x890D
[763] [M]: 0x80000964 (0x890D) c.andi a0, 3
x10 <- 0x00000000


mem[X,0x80000966] -> 0xAA23
mem[X,0x80000968] -> 0x30A0
[764] [M]: 0x80000966 (0x30A0AA23) sw a0, 788(ra)
mem[0x80004428] <- 0x00000000


mem[X,0x8000096A] -> 0x5537
mem[X,0x8000096C] -> 0x5555
[765] [M]: 0x8000096A (0x55555537) lui a0, 349525
x10 <- 0x55555000


mem[X,0x8000096E] -> 0x0513
mem[X,0x80000970] -> 0x5545
[766] [M]: 0x8000096E (0x55450513) addi a0, a0, 1364
x10 <- 0x55555554


mem[X,0x80000972] -> 0x8915
[767] [M]: 0x80000972 (0x8915) c.andi a0, 5
x10 <- 0x00000004


mem[X,0x80000974] -> 0xAC23
mem[X,0x80000976] -> 0x30A0
[768] [M]: 0x80000974 (0x30A0AC23) sw a0, 792(ra)
mem[0x8000442C] <- 0x00000004


mem[X,0x80000978] -> 0x5537
mem[X,0x8000097A] -> 0x5555
[769] [M]: 0x80000978 (0x55555537) lui a0, 349525
x10 <- 0x55555000


mem[X,0x8000097C] -> 0x0513
mem[X,0x8000097E] -> 0x5545
[770] [M]: 0x8000097C (0x55450513) addi a0, a0, 1364
x10 <- 0x55555554


mem[X,0x80000980] -> 0x8929
[771] [M]: 0x80000980 (0x8929) c.andi a0, 10
x10 <- 0x00000000


mem[X,0x80000982] -> 0xAE23
mem[X,0x80000984] -> 0x30A0
[772] [M]: 0x80000982 (0x30A0AE23) sw a0, 796(ra)
mem[0x80004430] <- 0x00000000


mem[X,0x80000986] -> 0x5537
mem[X,0x80000988] -> 0x5555
[773] [M]: 0x80000986 (0x55555537) lui a0, 349525
x10 <- 0x55555000


mem[X,0x8000098A] -> 0x0513
mem[X,0x8000098C] -> 0x5545
[774] [M]: 0x8000098A (0x55450513) addi a0, a0, 1364
x10 <- 0x55555554


mem[X,0x8000098E] -> 0x8919
[775] [M]: 0x8000098E (0x8919) c.andi a0, 6
x10 <- 0x00000004


mem[X,0x80000990] -> 0xA023
mem[X,0x80000992] -> 0x32A0
[776] [M]: 0x80000990 (0x32A0A023) sw a0, 800(ra)
mem[0x80004434] <- 0x00000004


mem[X,0x80000994] -> 0x5537
mem[X,0x80000996] -> 0x5555
[777] [M]: 0x80000994 (0x55555537) lui a0, 349525
x10 <- 0x55555000


mem[X,0x80000998] -> 0x0513
mem[X,0x8000099A] -> 0x5545
[778] [M]: 0x80000998 (0x55450513) addi a0, a0, 1364
x10 <- 0x55555554


mem[X,0x8000099C] -> 0x9979
[779] [M]: 0x8000099C (0x9979) c.andi a0, 62
x10 <- 0x55555554


mem[X,0x8000099E] -> 0xA223
mem[X,0x800009A0] -> 0x32A0
[780] [M]: 0x8000099E (0x32A0A223) sw a0, 804(ra)
mem[0x80004438] <- 0x55555554


mem[X,0x800009A2] -> 0x5537
mem[X,0x800009A4] -> 0x5555
[781] [M]: 0x800009A2 (0x55555537) lui a0, 349525
x10 <- 0x55555000


mem[X,0x800009A6] -> 0x0513
mem[X,0x800009A8] -> 0x5545
[782] [M]: 0x800009A6 (0x55450513) addi a0, a0, 1364
x10 <- 0x55555554


mem[X,0x800009AA] -> 0x996D
[783] [M]: 0x800009AA (0x996D) c.andi a0, 59
x10 <- 0x55555550


mem[X,0x800009AC] -> 0xA423
mem[X,0x800009AE] -> 0x32A0
[784] [M]: 0x800009AC (0x32A0A423) sw a0, 808(ra)
mem[0x8000443C] <- 0x55555550


mem[X,0x800009B0] -> 0x5537
mem[X,0x800009B2] -> 0x5555
[785] [M]: 0x800009B0 (0x55555537) lui a0, 349525
x10 <- 0x55555000


mem[X,0x800009B4] -> 0x0513
mem[X,0x800009B6] -> 0x5545
[786] [M]: 0x800009B4 (0x55450513) addi a0, a0, 1364
x10 <- 0x55555554


mem[X,0x800009B8] -> 0x8909
[787] [M]: 0x800009B8 (0x8909) c.andi a0, 2
x10 <- 0x00000000


mem[X,0x800009BA] -> 0xA623
mem[X,0x800009BC] -> 0x32A0
[788] [M]: 0x800009BA (0x32A0A623) sw a0, 812(ra)
mem[0x80004440] <- 0x00000000


mem[X,0x800009BE] -> 0x5537
mem[X,0x800009C0] -> 0x5555
[789] [M]: 0x800009BE (0x55555537) lui a0, 349525
x10 <- 0x55555000


mem[X,0x800009C2] -> 0x0513
mem[X,0x800009C4] -> 0x5545
[790] [M]: 0x800009C2 (0x55450513) addi a0, a0, 1364
x10 <- 0x55555554


mem[X,0x800009C6] -> 0x8911
[791] [M]: 0x800009C6 (0x8911) c.andi a0, 4
x10 <- 0x00000004


mem[X,0x800009C8] -> 0xA823
mem[X,0x800009CA] -> 0x32A0
[792] [M]: 0x800009C8 (0x32A0A823) sw a0, 816(ra)
mem[0x80004444] <- 0x00000004


mem[X,0x800009CC] -> 0x5537
mem[X,0x800009CE] -> 0x5555
[793] [M]: 0x800009CC (0x55555537) lui a0, 349525
x10 <- 0x55555000


mem[X,0x800009D0] -> 0x0513
mem[X,0x800009D2] -> 0x5545
[794] [M]: 0x800009D0 (0x55450513) addi a0, a0, 1364
x10 <- 0x55555554


mem[X,0x800009D4] -> 0x8925
[795] [M]: 0x800009D4 (0x8925) c.andi a0, 9
x10 <- 0x00000000


mem[X,0x800009D6] -> 0xAA23
mem[X,0x800009D8] -> 0x32A0
[796] [M]: 0x800009D6 (0x32A0AA23) sw a0, 820(ra)
mem[0x80004448] <- 0x00000000


mem[X,0x800009DA] -> 0x5537
mem[X,0x800009DC] -> 0x5555
[797] [M]: 0x800009DA (0x55555537) lui a0, 349525
x10 <- 0x55555000


mem[X,0x800009DE] -> 0x0513
mem[X,0x800009E0] -> 0x5545
[798] [M]: 0x800009DE (0x55450513) addi a0, a0, 1364
x10 <- 0x55555554


mem[X,0x800009E2] -> 0x8901
[799] [M]: 0x800009E2 (0x8901) c.andi a0, 0
x10 <- 0x00000000


clint::tick mtime <- 0x0000000000000008
 clint timer pending at mtime 0x0000000000000008
htif::tick 0x0000000000000000
mem[X,0x800009E4] -> 0xAC23
mem[X,0x800009E6] -> 0x32A0
[800] [M]: 0x800009E4 (0x32A0AC23) sw a0, 824(ra)
mem[0x8000444C] <- 0x00000000


mem[X,0x800009E8] -> 0x5537
mem[X,0x800009EA] -> 0x5555
[801] [M]: 0x800009E8 (0x55555537) lui a0, 349525
x10 <- 0x55555000


mem[X,0x800009EC] -> 0x0513
mem[X,0x800009EE] -> 0x5545
[802] [M]: 0x800009EC (0x55450513) addi a0, a0, 1364
x10 <- 0x55555554


mem[X,0x800009F0] -> 0x892D
[803] [M]: 0x800009F0 (0x892D) c.andi a0, 11
x10 <- 0x00000000


mem[X,0x800009F2] -> 0xAE23
mem[X,0x800009F4] -> 0x32A0
[804] [M]: 0x800009F2 (0x32A0AE23) sw a0, 828(ra)
mem[0x80004450] <- 0x00000000


mem[X,0x800009F6] -> 0x5537
mem[X,0x800009F8] -> 0x5555
[805] [M]: 0x800009F6 (0x55555537) lui a0, 349525
x10 <- 0x55555000


mem[X,0x800009FA] -> 0x0513
mem[X,0x800009FC] -> 0x5545
[806] [M]: 0x800009FA (0x55450513) addi a0, a0, 1364
x10 <- 0x55555554


mem[X,0x800009FE] -> 0x891D
[807] [M]: 0x800009FE (0x891D) c.andi a0, 7
x10 <- 0x00000004


mem[X,0x80000A00] -> 0xA023
mem[X,0x80000A02] -> 0x34A0
[808] [M]: 0x80000A00 (0x34A0A023) sw a0, 832(ra)
mem[0x80004454] <- 0x00000004


mem[X,0x80000A04] -> 0x5537
mem[X,0x80000A06] -> 0x5555
[809] [M]: 0x80000A04 (0x55555537) lui a0, 349525
x10 <- 0x55555000


mem[X,0x80000A08] -> 0x0513
mem[X,0x80000A0A] -> 0x5545
[810] [M]: 0x80000A08 (0x55450513) addi a0, a0, 1364
x10 <- 0x55555554


mem[X,0x80000A0C] -> 0x997D
[811] [M]: 0x80000A0C (0x997D) c.andi a0, 63
x10 <- 0x55555554


mem[X,0x80000A0E] -> 0xA223
mem[X,0x80000A10] -> 0x34A0
[812] [M]: 0x80000A0E (0x34A0A223) sw a0, 836(ra)
mem[0x80004458] <- 0x55555554


mem[X,0x80000A12] -> 0x5537
mem[X,0x80000A14] -> 0x5555
[813] [M]: 0x80000A12 (0x55555537) lui a0, 349525
x10 <- 0x55555000


mem[X,0x80000A16] -> 0x0513
mem[X,0x80000A18] -> 0x5545
[814] [M]: 0x80000A16 (0x55450513) addi a0, a0, 1364
x10 <- 0x55555554


mem[X,0x80000A1A] -> 0x9971
[815] [M]: 0x80000A1A (0x9971) c.andi a0, 60
x10 <- 0x55555554


mem[X,0x80000A1C] -> 0xA423
mem[X,0x80000A1E] -> 0x34A0
[816] [M]: 0x80000A1C (0x34A0A423) sw a0, 840(ra)
mem[0x8000445C] <- 0x55555554


mem[X,0x80000A20] -> 0x4501
[817] [M]: 0x80000A20 (0x4501) c.li a0, 0
x10 <- 0x00000000


mem[X,0x80000A22] -> 0x890D
[818] [M]: 0x80000A22 (0x890D) c.andi a0, 3
x10 <- 0x00000000


mem[X,0x80000A24] -> 0xA623
mem[X,0x80000A26] -> 0x34A0
[819] [M]: 0x80000A24 (0x34A0A623) sw a0, 844(ra)
mem[0x80004460] <- 0x00000000


mem[X,0x80000A28] -> 0x4501
[820] [M]: 0x80000A28 (0x4501) c.li a0, 0
x10 <- 0x00000000


mem[X,0x80000A2A] -> 0x8915
[821] [M]: 0x80000A2A (0x8915) c.andi a0, 5
x10 <- 0x00000000


mem[X,0x80000A2C] -> 0xA823
mem[X,0x80000A2E] -> 0x34A0
[822] [M]: 0x80000A2C (0x34A0A823) sw a0, 848(ra)
mem[0x80004464] <- 0x00000000


mem[X,0x80000A30] -> 0x4501
[823] [M]: 0x80000A30 (0x4501) c.li a0, 0
x10 <- 0x00000000


mem[X,0x80000A32] -> 0x8929
[824] [M]: 0x80000A32 (0x8929) c.andi a0, 10
x10 <- 0x00000000


mem[X,0x80000A34] -> 0xAA23
mem[X,0x80000A36] -> 0x34A0
[825] [M]: 0x80000A34 (0x34A0AA23) sw a0, 852(ra)
mem[0x80004468] <- 0x00000000


mem[X,0x80000A38] -> 0x4501
[826] [M]: 0x80000A38 (0x4501) c.li a0, 0
x10 <- 0x00000000


mem[X,0x80000A3A] -> 0x8919
[827] [M]: 0x80000A3A (0x8919) c.andi a0, 6
x10 <- 0x00000000


mem[X,0x80000A3C] -> 0xAC23
mem[X,0x80000A3E] -> 0x34A0
[828] [M]: 0x80000A3C (0x34A0AC23) sw a0, 856(ra)
mem[0x8000446C] <- 0x00000000


mem[X,0x80000A40] -> 0x4501
[829] [M]: 0x80000A40 (0x4501) c.li a0, 0
x10 <- 0x00000000


mem[X,0x80000A42] -> 0x9979
[830] [M]: 0x80000A42 (0x9979) c.andi a0, 62
x10 <- 0x00000000


mem[X,0x80000A44] -> 0xAE23
mem[X,0x80000A46] -> 0x34A0
[831] [M]: 0x80000A44 (0x34A0AE23) sw a0, 860(ra)
mem[0x80004470] <- 0x00000000


mem[X,0x80000A48] -> 0x4501
[832] [M]: 0x80000A48 (0x4501) c.li a0, 0
x10 <- 0x00000000


mem[X,0x80000A4A] -> 0x996D
[833] [M]: 0x80000A4A (0x996D) c.andi a0, 59
x10 <- 0x00000000


mem[X,0x80000A4C] -> 0xA023
mem[X,0x80000A4E] -> 0x36A0
[834] [M]: 0x80000A4C (0x36A0A023) sw a0, 864(ra)
mem[0x80004474] <- 0x00000000


mem[X,0x80000A50] -> 0x4501
[835] [M]: 0x80000A50 (0x4501) c.li a0, 0
x10 <- 0x00000000


mem[X,0x80000A52] -> 0x8909
[836] [M]: 0x80000A52 (0x8909) c.andi a0, 2
x10 <- 0x00000000


mem[X,0x80000A54] -> 0xA223
mem[X,0x80000A56] -> 0x36A0
[837] [M]: 0x80000A54 (0x36A0A223) sw a0, 868(ra)
mem[0x80004478] <- 0x00000000


mem[X,0x80000A58] -> 0x4501
[838] [M]: 0x80000A58 (0x4501) c.li a0, 0
x10 <- 0x00000000


mem[X,0x80000A5A] -> 0x8925
[839] [M]: 0x80000A5A (0x8925) c.andi a0, 9
x10 <- 0x00000000


mem[X,0x80000A5C] -> 0xA423
mem[X,0x80000A5E] -> 0x36A0
[840] [M]: 0x80000A5C (0x36A0A423) sw a0, 872(ra)
mem[0x8000447C] <- 0x00000000


mem[X,0x80000A60] -> 0x4501
[841] [M]: 0x80000A60 (0x4501) c.li a0, 0
x10 <- 0x00000000


mem[X,0x80000A62] -> 0x8901
[842] [M]: 0x80000A62 (0x8901) c.andi a0, 0
x10 <- 0x00000000


mem[X,0x80000A64] -> 0xA623
mem[X,0x80000A66] -> 0x36A0
[843] [M]: 0x80000A64 (0x36A0A623) sw a0, 876(ra)
mem[0x80004480] <- 0x00000000


mem[X,0x80000A68] -> 0x4501
[844] [M]: 0x80000A68 (0x4501) c.li a0, 0
x10 <- 0x00000000


mem[X,0x80000A6A] -> 0x892D
[845] [M]: 0x80000A6A (0x892D) c.andi a0, 11
x10 <- 0x00000000


mem[X,0x80000A6C] -> 0xA823
mem[X,0x80000A6E] -> 0x36A0
[846] [M]: 0x80000A6C (0x36A0A823) sw a0, 880(ra)
mem[0x80004484] <- 0x00000000


mem[X,0x80000A70] -> 0x4501
[847] [M]: 0x80000A70 (0x4501) c.li a0, 0
x10 <- 0x00000000


mem[X,0x80000A72] -> 0x891D
[848] [M]: 0x80000A72 (0x891D) c.andi a0, 7
x10 <- 0x00000000


mem[X,0x80000A74] -> 0xAA23
mem[X,0x80000A76] -> 0x36A0
[849] [M]: 0x80000A74 (0x36A0AA23) sw a0, 884(ra)
mem[0x80004488] <- 0x00000000


mem[X,0x80000A78] -> 0x4501
[850] [M]: 0x80000A78 (0x4501) c.li a0, 0
x10 <- 0x00000000


mem[X,0x80000A7A] -> 0x997D
[851] [M]: 0x80000A7A (0x997D) c.andi a0, 63
x10 <- 0x00000000


mem[X,0x80000A7C] -> 0xAC23
mem[X,0x80000A7E] -> 0x36A0
[852] [M]: 0x80000A7C (0x36A0AC23) sw a0, 888(ra)
mem[0x8000448C] <- 0x00000000


mem[X,0x80000A80] -> 0x4501
[853] [M]: 0x80000A80 (0x4501) c.li a0, 0
x10 <- 0x00000000


mem[X,0x80000A82] -> 0x9971
[854] [M]: 0x80000A82 (0x9971) c.andi a0, 60
x10 <- 0x00000000


mem[X,0x80000A84] -> 0xAE23
mem[X,0x80000A86] -> 0x36A0
[855] [M]: 0x80000A84 (0x36A0AE23) sw a0, 892(ra)
mem[0x80004490] <- 0x00000000


mem[X,0x80000A88] -> 0x4511
[856] [M]: 0x80000A88 (0x4511) c.li a0, 4
x10 <- 0x00000004


mem[X,0x80000A8A] -> 0x890D
[857] [M]: 0x80000A8A (0x890D) c.andi a0, 3
x10 <- 0x00000000


mem[X,0x80000A8C] -> 0xA023
mem[X,0x80000A8E] -> 0x38A0
[858] [M]: 0x80000A8C (0x38A0A023) sw a0, 896(ra)
mem[0x80004494] <- 0x00000000


mem[X,0x80000A90] -> 0x4511
[859] [M]: 0x80000A90 (0x4511) c.li a0, 4
x10 <- 0x00000004


mem[X,0x80000A92] -> 0x8915
[860] [M]: 0x80000A92 (0x8915) c.andi a0, 5
x10 <- 0x00000004


mem[X,0x80000A94] -> 0xA223
mem[X,0x80000A96] -> 0x38A0
[861] [M]: 0x80000A94 (0x38A0A223) sw a0, 900(ra)
mem[0x80004498] <- 0x00000004


mem[X,0x80000A98] -> 0x4511
[862] [M]: 0x80000A98 (0x4511) c.li a0, 4
x10 <- 0x00000004


mem[X,0x80000A9A] -> 0x8919
[863] [M]: 0x80000A9A (0x8919) c.andi a0, 6
x10 <- 0x00000004


mem[X,0x80000A9C] -> 0xA423
mem[X,0x80000A9E] -> 0x38A0
[864] [M]: 0x80000A9C (0x38A0A423) sw a0, 904(ra)
mem[0x8000449C] <- 0x00000004


mem[X,0x80000AA0] -> 0x4511
[865] [M]: 0x80000AA0 (0x4511) c.li a0, 4
x10 <- 0x00000004


mem[X,0x80000AA2] -> 0x9979
[866] [M]: 0x80000AA2 (0x9979) c.andi a0, 62
x10 <- 0x00000004


mem[X,0x80000AA4] -> 0xA623
mem[X,0x80000AA6] -> 0x38A0
[867] [M]: 0x80000AA4 (0x38A0A623) sw a0, 908(ra)
mem[0x800044A0] <- 0x00000004


mem[X,0x80000AA8] -> 0x4511
[868] [M]: 0x80000AA8 (0x4511) c.li a0, 4
x10 <- 0x00000004


mem[X,0x80000AAA] -> 0x996D
[869] [M]: 0x80000AAA (0x996D) c.andi a0, 59
x10 <- 0x00000000


mem[X,0x80000AAC] -> 0xA823
mem[X,0x80000AAE] -> 0x38A0
[870] [M]: 0x80000AAC (0x38A0A823) sw a0, 912(ra)
mem[0x800044A4] <- 0x00000000


mem[X,0x80000AB0] -> 0x4511
[871] [M]: 0x80000AB0 (0x4511) c.li a0, 4
x10 <- 0x00000004


mem[X,0x80000AB2] -> 0x8909
[872] [M]: 0x80000AB2 (0x8909) c.andi a0, 2
x10 <- 0x00000000


mem[X,0x80000AB4] -> 0xAA23
mem[X,0x80000AB6] -> 0x38A0
[873] [M]: 0x80000AB4 (0x38A0AA23) sw a0, 916(ra)
mem[0x800044A8] <- 0x00000000


mem[X,0x80000AB8] -> 0x4511
[874] [M]: 0x80000AB8 (0x4511) c.li a0, 4
x10 <- 0x00000004


mem[X,0x80000ABA] -> 0x8911
[875] [M]: 0x80000ABA (0x8911) c.andi a0, 4
x10 <- 0x00000004


mem[X,0x80000ABC] -> 0xAC23
mem[X,0x80000ABE] -> 0x38A0
[876] [M]: 0x80000ABC (0x38A0AC23) sw a0, 920(ra)
mem[0x800044AC] <- 0x00000004


mem[X,0x80000AC0] -> 0x4511
[877] [M]: 0x80000AC0 (0x4511) c.li a0, 4
x10 <- 0x00000004


mem[X,0x80000AC2] -> 0x8925
[878] [M]: 0x80000AC2 (0x8925) c.andi a0, 9
x10 <- 0x00000000


mem[X,0x80000AC4] -> 0xAE23
mem[X,0x80000AC6] -> 0x38A0
[879] [M]: 0x80000AC4 (0x38A0AE23) sw a0, 924(ra)
mem[0x800044B0] <- 0x00000000


mem[X,0x80000AC8] -> 0x4511
[880] [M]: 0x80000AC8 (0x4511) c.li a0, 4
x10 <- 0x00000004


mem[X,0x80000ACA] -> 0x8901
[881] [M]: 0x80000ACA (0x8901) c.andi a0, 0
x10 <- 0x00000000


mem[X,0x80000ACC] -> 0xA023
mem[X,0x80000ACE] -> 0x3AA0
[882] [M]: 0x80000ACC (0x3AA0A023) sw a0, 928(ra)
mem[0x800044B4] <- 0x00000000


mem[X,0x80000AD0] -> 0x4511
[883] [M]: 0x80000AD0 (0x4511) c.li a0, 4
x10 <- 0x00000004


mem[X,0x80000AD2] -> 0x892D
[884] [M]: 0x80000AD2 (0x892D) c.andi a0, 11
x10 <- 0x00000000


mem[X,0x80000AD4] -> 0xA223
mem[X,0x80000AD6] -> 0x3AA0
[885] [M]: 0x80000AD4 (0x3AA0A223) sw a0, 932(ra)
mem[0x800044B8] <- 0x00000000


mem[X,0x80000AD8] -> 0x4511
[886] [M]: 0x80000AD8 (0x4511) c.li a0, 4
x10 <- 0x00000004


mem[X,0x80000ADA] -> 0x891D
[887] [M]: 0x80000ADA (0x891D) c.andi a0, 7
x10 <- 0x00000004


mem[X,0x80000ADC] -> 0xA423
mem[X,0x80000ADE] -> 0x3AA0
[888] [M]: 0x80000ADC (0x3AA0A423) sw a0, 936(ra)
mem[0x800044BC] <- 0x00000004


mem[X,0x80000AE0] -> 0x4511
[889] [M]: 0x80000AE0 (0x4511) c.li a0, 4
x10 <- 0x00000004


mem[X,0x80000AE2] -> 0x997D
[890] [M]: 0x80000AE2 (0x997D) c.andi a0, 63
x10 <- 0x00000004


mem[X,0x80000AE4] -> 0xA623
mem[X,0x80000AE6] -> 0x3AA0
[891] [M]: 0x80000AE4 (0x3AA0A623) sw a0, 940(ra)
mem[0x800044C0] <- 0x00000004


mem[X,0x80000AE8] -> 0x4511
[892] [M]: 0x80000AE8 (0x4511) c.li a0, 4
x10 <- 0x00000004


mem[X,0x80000AEA] -> 0x9971
[893] [M]: 0x80000AEA (0x9971) c.andi a0, 60
x10 <- 0x00000004


mem[X,0x80000AEC] -> 0xA823
mem[X,0x80000AEE] -> 0x3AA0
[894] [M]: 0x80000AEC (0x3AA0A823) sw a0, 944(ra)
mem[0x800044C4] <- 0x00000004


mem[X,0x80000AF0] -> 0x3537
mem[X,0x80000AF2] -> 0x3333
[895] [M]: 0x80000AF0 (0x33333537) lui a0, 209715
x10 <- 0x33333000


mem[X,0x80000AF4] -> 0x0513
mem[X,0x80000AF6] -> 0x3325
[896] [M]: 0x80000AF4 (0x33250513) addi a0, a0, 818
x10 <- 0x33333332


mem[X,0x80000AF8] -> 0x890D
[897] [M]: 0x80000AF8 (0x890D) c.andi a0, 3
x10 <- 0x00000002


mem[X,0x80000AFA] -> 0xAA23
mem[X,0x80000AFC] -> 0x3AA0
[898] [M]: 0x80000AFA (0x3AA0AA23) sw a0, 948(ra)
mem[0x800044C8] <- 0x00000002


mem[X,0x80000AFE] -> 0x3537
mem[X,0x80000B00] -> 0x3333
[899] [M]: 0x80000AFE (0x33333537) lui a0, 209715
x10 <- 0x33333000


clint::tick mtime <- 0x0000000000000009
 clint timer pending at mtime 0x0000000000000009
htif::tick 0x0000000000000000
mem[X,0x80000B02] -> 0x0513
mem[X,0x80000B04] -> 0x3325
[900] [M]: 0x80000B02 (0x33250513) addi a0, a0, 818
x10 <- 0x33333332


mem[X,0x80000B06] -> 0x8915
[901] [M]: 0x80000B06 (0x8915) c.andi a0, 5
x10 <- 0x00000000


mem[X,0x80000B08] -> 0xAC23
mem[X,0x80000B0A] -> 0x3AA0
[902] [M]: 0x80000B08 (0x3AA0AC23) sw a0, 952(ra)
mem[0x800044CC] <- 0x00000000


mem[X,0x80000B0C] -> 0x3537
mem[X,0x80000B0E] -> 0x3333
[903] [M]: 0x80000B0C (0x33333537) lui a0, 209715
x10 <- 0x33333000


mem[X,0x80000B10] -> 0x0513
mem[X,0x80000B12] -> 0x3325
[904] [M]: 0x80000B10 (0x33250513) addi a0, a0, 818
x10 <- 0x33333332


mem[X,0x80000B14] -> 0x8929
[905] [M]: 0x80000B14 (0x8929) c.andi a0, 10
x10 <- 0x00000002


mem[X,0x80000B16] -> 0xAE23
mem[X,0x80000B18] -> 0x3AA0
[906] [M]: 0x80000B16 (0x3AA0AE23) sw a0, 956(ra)
mem[0x800044D0] <- 0x00000002


mem[X,0x80000B1A] -> 0x3537
mem[X,0x80000B1C] -> 0x3333
[907] [M]: 0x80000B1A (0x33333537) lui a0, 209715
x10 <- 0x33333000


mem[X,0x80000B1E] -> 0x0513
mem[X,0x80000B20] -> 0x3325
[908] [M]: 0x80000B1E (0x33250513) addi a0, a0, 818
x10 <- 0x33333332


mem[X,0x80000B22] -> 0x8919
[909] [M]: 0x80000B22 (0x8919) c.andi a0, 6
x10 <- 0x00000002


mem[X,0x80000B24] -> 0xA023
mem[X,0x80000B26] -> 0x3CA0
[910] [M]: 0x80000B24 (0x3CA0A023) sw a0, 960(ra)
mem[0x800044D4] <- 0x00000002


mem[X,0x80000B28] -> 0x3537
mem[X,0x80000B2A] -> 0x3333
[911] [M]: 0x80000B28 (0x33333537) lui a0, 209715
x10 <- 0x33333000


mem[X,0x80000B2C] -> 0x0513
mem[X,0x80000B2E] -> 0x3325
[912] [M]: 0x80000B2C (0x33250513) addi a0, a0, 818
x10 <- 0x33333332


mem[X,0x80000B30] -> 0x9979
[913] [M]: 0x80000B30 (0x9979) c.andi a0, 62
x10 <- 0x33333332


mem[X,0x80000B32] -> 0xA223
mem[X,0x80000B34] -> 0x3CA0
[914] [M]: 0x80000B32 (0x3CA0A223) sw a0, 964(ra)
mem[0x800044D8] <- 0x33333332


mem[X,0x80000B36] -> 0x3537
mem[X,0x80000B38] -> 0x3333
[915] [M]: 0x80000B36 (0x33333537) lui a0, 209715
x10 <- 0x33333000


mem[X,0x80000B3A] -> 0x0513
mem[X,0x80000B3C] -> 0x3325
[916] [M]: 0x80000B3A (0x33250513) addi a0, a0, 818
x10 <- 0x33333332


mem[X,0x80000B3E] -> 0x996D
[917] [M]: 0x80000B3E (0x996D) c.andi a0, 59
x10 <- 0x33333332


mem[X,0x80000B40] -> 0xA423
mem[X,0x80000B42] -> 0x3CA0
[918] [M]: 0x80000B40 (0x3CA0A423) sw a0, 968(ra)
mem[0x800044DC] <- 0x33333332


mem[X,0x80000B44] -> 0x3537
mem[X,0x80000B46] -> 0x3333
[919] [M]: 0x80000B44 (0x33333537) lui a0, 209715
x10 <- 0x33333000


mem[X,0x80000B48] -> 0x0513
mem[X,0x80000B4A] -> 0x3325
[920] [M]: 0x80000B48 (0x33250513) addi a0, a0, 818
x10 <- 0x33333332


mem[X,0x80000B4C] -> 0x8909
[921] [M]: 0x80000B4C (0x8909) c.andi a0, 2
x10 <- 0x00000002


mem[X,0x80000B4E] -> 0xA623
mem[X,0x80000B50] -> 0x3CA0
[922] [M]: 0x80000B4E (0x3CA0A623) sw a0, 972(ra)
mem[0x800044E0] <- 0x00000002


mem[X,0x80000B52] -> 0x3537
mem[X,0x80000B54] -> 0x3333
[923] [M]: 0x80000B52 (0x33333537) lui a0, 209715
x10 <- 0x33333000


mem[X,0x80000B56] -> 0x0513
mem[X,0x80000B58] -> 0x3325
[924] [M]: 0x80000B56 (0x33250513) addi a0, a0, 818
x10 <- 0x33333332


mem[X,0x80000B5A] -> 0x8911
[925] [M]: 0x80000B5A (0x8911) c.andi a0, 4
x10 <- 0x00000000


mem[X,0x80000B5C] -> 0xA823
mem[X,0x80000B5E] -> 0x3CA0
[926] [M]: 0x80000B5C (0x3CA0A823) sw a0, 976(ra)
mem[0x800044E4] <- 0x00000000


mem[X,0x80000B60] -> 0x3537
mem[X,0x80000B62] -> 0x3333
[927] [M]: 0x80000B60 (0x33333537) lui a0, 209715
x10 <- 0x33333000


mem[X,0x80000B64] -> 0x0513
mem[X,0x80000B66] -> 0x3325
[928] [M]: 0x80000B64 (0x33250513) addi a0, a0, 818
x10 <- 0x33333332


mem[X,0x80000B68] -> 0x8925
[929] [M]: 0x80000B68 (0x8925) c.andi a0, 9
x10 <- 0x00000000


mem[X,0x80000B6A] -> 0xAA23
mem[X,0x80000B6C] -> 0x3CA0
[930] [M]: 0x80000B6A (0x3CA0AA23) sw a0, 980(ra)
mem[0x800044E8] <- 0x00000000


mem[X,0x80000B6E] -> 0x3537
mem[X,0x80000B70] -> 0x3333
[931] [M]: 0x80000B6E (0x33333537) lui a0, 209715
x10 <- 0x33333000


mem[X,0x80000B72] -> 0x0513
mem[X,0x80000B74] -> 0x3325
[932] [M]: 0x80000B72 (0x33250513) addi a0, a0, 818
x10 <- 0x33333332


mem[X,0x80000B76] -> 0x8901
[933] [M]: 0x80000B76 (0x8901) c.andi a0, 0
x10 <- 0x00000000


mem[X,0x80000B78] -> 0xAC23
mem[X,0x80000B7A] -> 0x3CA0
[934] [M]: 0x80000B78 (0x3CA0AC23) sw a0, 984(ra)
mem[0x800044EC] <- 0x00000000


mem[X,0x80000B7C] -> 0x3537
mem[X,0x80000B7E] -> 0x3333
[935] [M]: 0x80000B7C (0x33333537) lui a0, 209715
x10 <- 0x33333000


mem[X,0x80000B80] -> 0x0513
mem[X,0x80000B82] -> 0x3325
[936] [M]: 0x80000B80 (0x33250513) addi a0, a0, 818
x10 <- 0x33333332


mem[X,0x80000B84] -> 0x892D
[937] [M]: 0x80000B84 (0x892D) c.andi a0, 11
x10 <- 0x00000002


mem[X,0x80000B86] -> 0xAE23
mem[X,0x80000B88] -> 0x3CA0
[938] [M]: 0x80000B86 (0x3CA0AE23) sw a0, 988(ra)
mem[0x800044F0] <- 0x00000002


mem[X,0x80000B8A] -> 0x3537
mem[X,0x80000B8C] -> 0x3333
[939] [M]: 0x80000B8A (0x33333537) lui a0, 209715
x10 <- 0x33333000


mem[X,0x80000B8E] -> 0x0513
mem[X,0x80000B90] -> 0x3325
[940] [M]: 0x80000B8E (0x33250513) addi a0, a0, 818
x10 <- 0x33333332


mem[X,0x80000B92] -> 0x891D
[941] [M]: 0x80000B92 (0x891D) c.andi a0, 7
x10 <- 0x00000002


mem[X,0x80000B94] -> 0xA023
mem[X,0x80000B96] -> 0x3EA0
[942] [M]: 0x80000B94 (0x3EA0A023) sw a0, 992(ra)
mem[0x800044F4] <- 0x00000002


mem[X,0x80000B98] -> 0x3537
mem[X,0x80000B9A] -> 0x3333
[943] [M]: 0x80000B98 (0x33333537) lui a0, 209715
x10 <- 0x33333000


mem[X,0x80000B9C] -> 0x0513
mem[X,0x80000B9E] -> 0x3325
[944] [M]: 0x80000B9C (0x33250513) addi a0, a0, 818
x10 <- 0x33333332


mem[X,0x80000BA0] -> 0x997D
[945] [M]: 0x80000BA0 (0x997D) c.andi a0, 63
x10 <- 0x33333332


mem[X,0x80000BA2] -> 0xA223
mem[X,0x80000BA4] -> 0x3EA0
[946] [M]: 0x80000BA2 (0x3EA0A223) sw a0, 996(ra)
mem[0x800044F8] <- 0x33333332


mem[X,0x80000BA6] -> 0x3537
mem[X,0x80000BA8] -> 0x3333
[947] [M]: 0x80000BA6 (0x33333537) lui a0, 209715
x10 <- 0x33333000


mem[X,0x80000BAA] -> 0x0513
mem[X,0x80000BAC] -> 0x3325
[948] [M]: 0x80000BAA (0x33250513) addi a0, a0, 818
x10 <- 0x33333332


mem[X,0x80000BAE] -> 0x9971
[949] [M]: 0x80000BAE (0x9971) c.andi a0, 60
x10 <- 0x33333330


mem[X,0x80000BB0] -> 0xA423
mem[X,0x80000BB2] -> 0x3EA0
[950] [M]: 0x80000BB0 (0x3EA0A423) sw a0, 1000(ra)
mem[0x800044FC] <- 0x33333330


mem[X,0x80000BB4] -> 0x6537
mem[X,0x80000BB6] -> 0x6666
[951] [M]: 0x80000BB4 (0x66666537) lui a0, 419430
x10 <- 0x66666000


mem[X,0x80000BB8] -> 0x0513
mem[X,0x80000BBA] -> 0x6655
[952] [M]: 0x80000BB8 (0x66550513) addi a0, a0, 1637
x10 <- 0x66666665


mem[X,0x80000BBC] -> 0x890D
[953] [M]: 0x80000BBC (0x890D) c.andi a0, 3
x10 <- 0x00000001


mem[X,0x80000BBE] -> 0xA623
mem[X,0x80000BC0] -> 0x3EA0
[954] [M]: 0x80000BBE (0x3EA0A623) sw a0, 1004(ra)
mem[0x80004500] <- 0x00000001


mem[X,0x80000BC2] -> 0x6537
mem[X,0x80000BC4] -> 0x6666
[955] [M]: 0x80000BC2 (0x66666537) lui a0, 419430
x10 <- 0x66666000


mem[X,0x80000BC6] -> 0x0513
mem[X,0x80000BC8] -> 0x6655
[956] [M]: 0x80000BC6 (0x66550513) addi a0, a0, 1637
x10 <- 0x66666665


mem[X,0x80000BCA] -> 0x8915
[957] [M]: 0x80000BCA (0x8915) c.andi a0, 5
x10 <- 0x00000005


mem[X,0x80000BCC] -> 0xA823
mem[X,0x80000BCE] -> 0x3EA0
[958] [M]: 0x80000BCC (0x3EA0A823) sw a0, 1008(ra)
mem[0x80004504] <- 0x00000005


mem[X,0x80000BD0] -> 0x6537
mem[X,0x80000BD2] -> 0x6666
[959] [M]: 0x80000BD0 (0x66666537) lui a0, 419430
x10 <- 0x66666000


mem[X,0x80000BD4] -> 0x0513
mem[X,0x80000BD6] -> 0x6655
[960] [M]: 0x80000BD4 (0x66550513) addi a0, a0, 1637
x10 <- 0x66666665


mem[X,0x80000BD8] -> 0x8929
[961] [M]: 0x80000BD8 (0x8929) c.andi a0, 10
x10 <- 0x00000000


mem[X,0x80000BDA] -> 0xAA23
mem[X,0x80000BDC] -> 0x3EA0
[962] [M]: 0x80000BDA (0x3EA0AA23) sw a0, 1012(ra)
mem[0x80004508] <- 0x00000000


mem[X,0x80000BDE] -> 0x6537
mem[X,0x80000BE0] -> 0x6666
[963] [M]: 0x80000BDE (0x66666537) lui a0, 419430
x10 <- 0x66666000


mem[X,0x80000BE2] -> 0x0513
mem[X,0x80000BE4] -> 0x6655
[964] [M]: 0x80000BE2 (0x66550513) addi a0, a0, 1637
x10 <- 0x66666665


mem[X,0x80000BE6] -> 0x8919
[965] [M]: 0x80000BE6 (0x8919) c.andi a0, 6
x10 <- 0x00000004


mem[X,0x80000BE8] -> 0xAC23
mem[X,0x80000BEA] -> 0x3EA0
[966] [M]: 0x80000BE8 (0x3EA0AC23) sw a0, 1016(ra)
mem[0x8000450C] <- 0x00000004


mem[X,0x80000BEC] -> 0x6537
mem[X,0x80000BEE] -> 0x6666
[967] [M]: 0x80000BEC (0x66666537) lui a0, 419430
x10 <- 0x66666000


mem[X,0x80000BF0] -> 0x0513
mem[X,0x80000BF2] -> 0x6655
[968] [M]: 0x80000BF0 (0x66550513) addi a0, a0, 1637
x10 <- 0x66666665


mem[X,0x80000BF4] -> 0x9979
[969] [M]: 0x80000BF4 (0x9979) c.andi a0, 62
x10 <- 0x66666664


mem[X,0x80000BF6] -> 0xAE23
mem[X,0x80000BF8] -> 0x3EA0
[970] [M]: 0x80000BF6 (0x3EA0AE23) sw a0, 1020(ra)
mem[0x80004510] <- 0x66666664


mem[X,0x80000BFA] -> 0x6537
mem[X,0x80000BFC] -> 0x6666
[971] [M]: 0x80000BFA (0x66666537) lui a0, 419430
x10 <- 0x66666000


mem[X,0x80000BFE] -> 0x0513
mem[X,0x80000C00] -> 0x6655
[972] [M]: 0x80000BFE (0x66550513) addi a0, a0, 1637
x10 <- 0x66666665


mem[X,0x80000C02] -> 0x996D
[973] [M]: 0x80000C02 (0x996D) c.andi a0, 59
x10 <- 0x66666661


mem[X,0x80000C04] -> 0xA023
mem[X,0x80000C06] -> 0x40A0
[974] [M]: 0x80000C04 (0x40A0A023) sw a0, 1024(ra)
mem[0x80004514] <- 0x66666661


mem[X,0x80000C08] -> 0x6537
mem[X,0x80000C0A] -> 0x6666
[975] [M]: 0x80000C08 (0x66666537) lui a0, 419430
x10 <- 0x66666000


mem[X,0x80000C0C] -> 0x0513
mem[X,0x80000C0E] -> 0x6655
[976] [M]: 0x80000C0C (0x66550513) addi a0, a0, 1637
x10 <- 0x66666665


mem[X,0x80000C10] -> 0x8909
[977] [M]: 0x80000C10 (0x8909) c.andi a0, 2
x10 <- 0x00000000


mem[X,0x80000C12] -> 0xA223
mem[X,0x80000C14] -> 0x40A0
[978] [M]: 0x80000C12 (0x40A0A223) sw a0, 1028(ra)
mem[0x80004518] <- 0x00000000


mem[X,0x80000C16] -> 0x6537
mem[X,0x80000C18] -> 0x6666
[979] [M]: 0x80000C16 (0x66666537) lui a0, 419430
x10 <- 0x66666000


mem[X,0x80000C1A] -> 0x0513
mem[X,0x80000C1C] -> 0x6655
[980] [M]: 0x80000C1A (0x66550513) addi a0, a0, 1637
x10 <- 0x66666665


mem[X,0x80000C1E] -> 0x8911
[981] [M]: 0x80000C1E (0x8911) c.andi a0, 4
x10 <- 0x00000004


mem[X,0x80000C20] -> 0xA423
mem[X,0x80000C22] -> 0x40A0
[982] [M]: 0x80000C20 (0x40A0A423) sw a0, 1032(ra)
mem[0x8000451C] <- 0x00000004


mem[X,0x80000C24] -> 0x6537
mem[X,0x80000C26] -> 0x6666
[983] [M]: 0x80000C24 (0x66666537) lui a0, 419430
x10 <- 0x66666000


mem[X,0x80000C28] -> 0x0513
mem[X,0x80000C2A] -> 0x6655
[984] [M]: 0x80000C28 (0x66550513) addi a0, a0, 1637
x10 <- 0x66666665


mem[X,0x80000C2C] -> 0x8925
[985] [M]: 0x80000C2C (0x8925) c.andi a0, 9
x10 <- 0x00000001


mem[X,0x80000C2E] -> 0xA623
mem[X,0x80000C30] -> 0x40A0
[986] [M]: 0x80000C2E (0x40A0A623) sw a0, 1036(ra)
mem[0x80004520] <- 0x00000001


mem[X,0x80000C32] -> 0x6537
mem[X,0x80000C34] -> 0x6666
[987] [M]: 0x80000C32 (0x66666537) lui a0, 419430
x10 <- 0x66666000


mem[X,0x80000C36] -> 0x0513
mem[X,0x80000C38] -> 0x6655
[988] [M]: 0x80000C36 (0x66550513) addi a0, a0, 1637
x10 <- 0x66666665


mem[X,0x80000C3A] -> 0x8901
[989] [M]: 0x80000C3A (0x8901) c.andi a0, 0
x10 <- 0x00000000


mem[X,0x80000C3C] -> 0xA823
mem[X,0x80000C3E] -> 0x40A0
[990] [M]: 0x80000C3C (0x40A0A823) sw a0, 1040(ra)
mem[0x80004524] <- 0x00000000


mem[X,0x80000C40] -> 0x6537
mem[X,0x80000C42] -> 0x6666
[991] [M]: 0x80000C40 (0x66666537) lui a0, 419430
x10 <- 0x66666000


mem[X,0x80000C44] -> 0x0513
mem[X,0x80000C46] -> 0x6655
[992] [M]: 0x80000C44 (0x66550513) addi a0, a0, 1637
x10 <- 0x66666665


mem[X,0x80000C48] -> 0x892D
[993] [M]: 0x80000C48 (0x892D) c.andi a0, 11
x10 <- 0x00000001


mem[X,0x80000C4A] -> 0xAA23
mem[X,0x80000C4C] -> 0x40A0
[994] [M]: 0x80000C4A (0x40A0AA23) sw a0, 1044(ra)
mem[0x80004528] <- 0x00000001


mem[X,0x80000C4E] -> 0x6537
mem[X,0x80000C50] -> 0x6666
[995] [M]: 0x80000C4E (0x66666537) lui a0, 419430
x10 <- 0x66666000


mem[X,0x80000C52] -> 0x0513
mem[X,0x80000C54] -> 0x6655
[996] [M]: 0x80000C52 (0x66550513) addi a0, a0, 1637
x10 <- 0x66666665


mem[X,0x80000C56] -> 0x891D
[997] [M]: 0x80000C56 (0x891D) c.andi a0, 7
x10 <- 0x00000005


mem[X,0x80000C58] -> 0xAC23
mem[X,0x80000C5A] -> 0x40A0
[998] [M]: 0x80000C58 (0x40A0AC23) sw a0, 1048(ra)
mem[0x8000452C] <- 0x00000005


mem[X,0x80000C5C] -> 0x6537
mem[X,0x80000C5E] -> 0x6666
[999] [M]: 0x80000C5C (0x66666537) lui a0, 419430
x10 <- 0x66666000


clint::tick mtime <- 0x000000000000000A
 clint timer pending at mtime 0x000000000000000A
htif::tick 0x0000000000000000
mem[X,0x80000C60] -> 0x0513
mem[X,0x80000C62] -> 0x6655
[1000] [M]: 0x80000C60 (0x66550513) addi a0, a0, 1637
x10 <- 0x66666665


mem[X,0x80000C64] -> 0x997D
[1001] [M]: 0x80000C64 (0x997D) c.andi a0, 63
x10 <- 0x66666665


mem[X,0x80000C66] -> 0xAE23
mem[X,0x80000C68] -> 0x40A0
[1002] [M]: 0x80000C66 (0x40A0AE23) sw a0, 1052(ra)
mem[0x80004530] <- 0x66666665


mem[X,0x80000C6A] -> 0x6537
mem[X,0x80000C6C] -> 0x6666
[1003] [M]: 0x80000C6A (0x66666537) lui a0, 419430
x10 <- 0x66666000


mem[X,0x80000C6E] -> 0x0513
mem[X,0x80000C70] -> 0x6655
[1004] [M]: 0x80000C6E (0x66550513) addi a0, a0, 1637
x10 <- 0x66666665


mem[X,0x80000C72] -> 0x9971
[1005] [M]: 0x80000C72 (0x9971) c.andi a0, 60
x10 <- 0x66666664


mem[X,0x80000C74] -> 0xA023
mem[X,0x80000C76] -> 0x42A0
[1006] [M]: 0x80000C74 (0x42A0A023) sw a0, 1056(ra)
mem[0x80004534] <- 0x66666664


mem[X,0x80000C78] -> 0x652D
[1007] [M]: 0x80000C78 (0x652D) c.lui a0, 11
x10 <- 0x0000B000


mem[X,0x80000C7A] -> 0x0513
mem[X,0x80000C7C] -> 0x5035
[1008] [M]: 0x80000C7A (0x50350513) addi a0, a0, 1283
x10 <- 0x0000B503


mem[X,0x80000C7E] -> 0x890D
[1009] [M]: 0x80000C7E (0x890D) c.andi a0, 3
x10 <- 0x00000003


mem[X,0x80000C80] -> 0xA223
mem[X,0x80000C82] -> 0x42A0
[1010] [M]: 0x80000C80 (0x42A0A223) sw a0, 1060(ra)
mem[0x80004538] <- 0x00000003


mem[X,0x80000C84] -> 0x652D
[1011] [M]: 0x80000C84 (0x652D) c.lui a0, 11
x10 <- 0x0000B000


mem[X,0x80000C86] -> 0x0513
mem[X,0x80000C88] -> 0x5035
[1012] [M]: 0x80000C86 (0x50350513) addi a0, a0, 1283
x10 <- 0x0000B503


mem[X,0x80000C8A] -> 0x8915
[1013] [M]: 0x80000C8A (0x8915) c.andi a0, 5
x10 <- 0x00000001


mem[X,0x80000C8C] -> 0xA423
mem[X,0x80000C8E] -> 0x42A0
[1014] [M]: 0x80000C8C (0x42A0A423) sw a0, 1064(ra)
mem[0x8000453C] <- 0x00000001


mem[X,0x80000C90] -> 0x652D
[1015] [M]: 0x80000C90 (0x652D) c.lui a0, 11
x10 <- 0x0000B000


mem[X,0x80000C92] -> 0x0513
mem[X,0x80000C94] -> 0x5035
[1016] [M]: 0x80000C92 (0x50350513) addi a0, a0, 1283
x10 <- 0x0000B503


mem[X,0x80000C96] -> 0x8929
[1017] [M]: 0x80000C96 (0x8929) c.andi a0, 10
x10 <- 0x00000002


mem[X,0x80000C98] -> 0xA623
mem[X,0x80000C9A] -> 0x42A0
[1018] [M]: 0x80000C98 (0x42A0A623) sw a0, 1068(ra)
mem[0x80004540] <- 0x00000002


mem[X,0x80000C9C] -> 0x652D
[1019] [M]: 0x80000C9C (0x652D) c.lui a0, 11
x10 <- 0x0000B000


mem[X,0x80000C9E] -> 0x0513
mem[X,0x80000CA0] -> 0x5035
[1020] [M]: 0x80000C9E (0x50350513) addi a0, a0, 1283
x10 <- 0x0000B503


mem[X,0x80000CA2] -> 0x8919
[1021] [M]: 0x80000CA2 (0x8919) c.andi a0, 6
x10 <- 0x00000002


mem[X,0x80000CA4] -> 0xA823
mem[X,0x80000CA6] -> 0x42A0
[1022] [M]: 0x80000CA4 (0x42A0A823) sw a0, 1072(ra)
mem[0x80004544] <- 0x00000002


mem[X,0x80000CA8] -> 0x652D
[1023] [M]: 0x80000CA8 (0x652D) c.lui a0, 11
x10 <- 0x0000B000


mem[X,0x80000CAA] -> 0x0513
mem[X,0x80000CAC] -> 0x5035
[1024] [M]: 0x80000CAA (0x50350513) addi a0, a0, 1283
x10 <- 0x0000B503


mem[X,0x80000CAE] -> 0x9979
[1025] [M]: 0x80000CAE (0x9979) c.andi a0, 62
x10 <- 0x0000B502


mem[X,0x80000CB0] -> 0xAA23
mem[X,0x80000CB2] -> 0x42A0
[1026] [M]: 0x80000CB0 (0x42A0AA23) sw a0, 1076(ra)
mem[0x80004548] <- 0x0000B502


mem[X,0x80000CB4] -> 0x652D
[1027] [M]: 0x80000CB4 (0x652D) c.lui a0, 11
x10 <- 0x0000B000


mem[X,0x80000CB6] -> 0x0513
mem[X,0x80000CB8] -> 0x5035
[1028] [M]: 0x80000CB6 (0x50350513) addi a0, a0, 1283
x10 <- 0x0000B503


mem[X,0x80000CBA] -> 0x996D
[1029] [M]: 0x80000CBA (0x996D) c.andi a0, 59
x10 <- 0x0000B503


mem[X,0x80000CBC] -> 0xAC23
mem[X,0x80000CBE] -> 0x42A0
[1030] [M]: 0x80000CBC (0x42A0AC23) sw a0, 1080(ra)
mem[0x8000454C] <- 0x0000B503


mem[X,0x80000CC0] -> 0x652D
[1031] [M]: 0x80000CC0 (0x652D) c.lui a0, 11
x10 <- 0x0000B000


mem[X,0x80000CC2] -> 0x0513
mem[X,0x80000CC4] -> 0x5035
[1032] [M]: 0x80000CC2 (0x50350513) addi a0, a0, 1283
x10 <- 0x0000B503


mem[X,0x80000CC6] -> 0x8909
[1033] [M]: 0x80000CC6 (0x8909) c.andi a0, 2
x10 <- 0x00000002


mem[X,0x80000CC8] -> 0xAE23
mem[X,0x80000CCA] -> 0x42A0
[1034] [M]: 0x80000CC8 (0x42A0AE23) sw a0, 1084(ra)
mem[0x80004550] <- 0x00000002


mem[X,0x80000CCC] -> 0x652D
[1035] [M]: 0x80000CCC (0x652D) c.lui a0, 11
x10 <- 0x0000B000


mem[X,0x80000CCE] -> 0x0513
mem[X,0x80000CD0] -> 0x5035
[1036] [M]: 0x80000CCE (0x50350513) addi a0, a0, 1283
x10 <- 0x0000B503


mem[X,0x80000CD2] -> 0x8911
[1037] [M]: 0x80000CD2 (0x8911) c.andi a0, 4
x10 <- 0x00000000


mem[X,0x80000CD4] -> 0xA023
mem[X,0x80000CD6] -> 0x44A0
[1038] [M]: 0x80000CD4 (0x44A0A023) sw a0, 1088(ra)
mem[0x80004554] <- 0x00000000


mem[X,0x80000CD8] -> 0x652D
[1039] [M]: 0x80000CD8 (0x652D) c.lui a0, 11
x10 <- 0x0000B000


mem[X,0x80000CDA] -> 0x0513
mem[X,0x80000CDC] -> 0x5035
[1040] [M]: 0x80000CDA (0x50350513) addi a0, a0, 1283
x10 <- 0x0000B503


mem[X,0x80000CDE] -> 0x8925
[1041] [M]: 0x80000CDE (0x8925) c.andi a0, 9
x10 <- 0x00000001


mem[X,0x80000CE0] -> 0xA223
mem[X,0x80000CE2] -> 0x44A0
[1042] [M]: 0x80000CE0 (0x44A0A223) sw a0, 1092(ra)
mem[0x80004558] <- 0x00000001


mem[X,0x80000CE4] -> 0x652D
[1043] [M]: 0x80000CE4 (0x652D) c.lui a0, 11
x10 <- 0x0000B000


mem[X,0x80000CE6] -> 0x0513
mem[X,0x80000CE8] -> 0x5035
[1044] [M]: 0x80000CE6 (0x50350513) addi a0, a0, 1283
x10 <- 0x0000B503


mem[X,0x80000CEA] -> 0x8901
[1045] [M]: 0x80000CEA (0x8901) c.andi a0, 0
x10 <- 0x00000000


mem[X,0x80000CEC] -> 0xA423
mem[X,0x80000CEE] -> 0x44A0
[1046] [M]: 0x80000CEC (0x44A0A423) sw a0, 1096(ra)
mem[0x8000455C] <- 0x00000000


mem[X,0x80000CF0] -> 0x652D
[1047] [M]: 0x80000CF0 (0x652D) c.lui a0, 11
x10 <- 0x0000B000


mem[X,0x80000CF2] -> 0x0513
mem[X,0x80000CF4] -> 0x5035
[1048] [M]: 0x80000CF2 (0x50350513) addi a0, a0, 1283
x10 <- 0x0000B503


mem[X,0x80000CF6] -> 0x892D
[1049] [M]: 0x80000CF6 (0x892D) c.andi a0, 11
x10 <- 0x00000003


mem[X,0x80000CF8] -> 0xA623
mem[X,0x80000CFA] -> 0x44A0
[1050] [M]: 0x80000CF8 (0x44A0A623) sw a0, 1100(ra)
mem[0x80004560] <- 0x00000003


mem[X,0x80000CFC] -> 0x652D
[1051] [M]: 0x80000CFC (0x652D) c.lui a0, 11
x10 <- 0x0000B000


mem[X,0x80000CFE] -> 0x0513
mem[X,0x80000D00] -> 0x5035
[1052] [M]: 0x80000CFE (0x50350513) addi a0, a0, 1283
x10 <- 0x0000B503


mem[X,0x80000D02] -> 0x891D
[1053] [M]: 0x80000D02 (0x891D) c.andi a0, 7
x10 <- 0x00000003


mem[X,0x80000D04] -> 0xA823
mem[X,0x80000D06] -> 0x44A0
[1054] [M]: 0x80000D04 (0x44A0A823) sw a0, 1104(ra)
mem[0x80004564] <- 0x00000003


mem[X,0x80000D08] -> 0x652D
[1055] [M]: 0x80000D08 (0x652D) c.lui a0, 11
x10 <- 0x0000B000


mem[X,0x80000D0A] -> 0x0513
mem[X,0x80000D0C] -> 0x5035
[1056] [M]: 0x80000D0A (0x50350513) addi a0, a0, 1283
x10 <- 0x0000B503


mem[X,0x80000D0E] -> 0x997D
[1057] [M]: 0x80000D0E (0x997D) c.andi a0, 63
x10 <- 0x0000B503


mem[X,0x80000D10] -> 0xAA23
mem[X,0x80000D12] -> 0x44A0
[1058] [M]: 0x80000D10 (0x44A0AA23) sw a0, 1108(ra)
mem[0x80004568] <- 0x0000B503


mem[X,0x80000D14] -> 0x652D
[1059] [M]: 0x80000D14 (0x652D) c.lui a0, 11
x10 <- 0x0000B000


mem[X,0x80000D16] -> 0x0513
mem[X,0x80000D18] -> 0x5035
[1060] [M]: 0x80000D16 (0x50350513) addi a0, a0, 1283
x10 <- 0x0000B503


mem[X,0x80000D1A] -> 0x9971
[1061] [M]: 0x80000D1A (0x9971) c.andi a0, 60
x10 <- 0x0000B500


mem[X,0x80000D1C] -> 0xAC23
mem[X,0x80000D1E] -> 0x44A0
[1062] [M]: 0x80000D1C (0x44A0AC23) sw a0, 1112(ra)
mem[0x8000456C] <- 0x0000B500


mem[X,0x80000D20] -> 0x5537
mem[X,0x80000D22] -> 0x5555
[1063] [M]: 0x80000D20 (0x55555537) lui a0, 349525
x10 <- 0x55555000


mem[X,0x80000D24] -> 0x0513
mem[X,0x80000D26] -> 0x5565
[1064] [M]: 0x80000D24 (0x55650513) addi a0, a0, 1366
x10 <- 0x55555556


mem[X,0x80000D28] -> 0x890D
[1065] [M]: 0x80000D28 (0x890D) c.andi a0, 3
x10 <- 0x00000002


mem[X,0x80000D2A] -> 0xAE23
mem[X,0x80000D2C] -> 0x44A0
[1066] [M]: 0x80000D2A (0x44A0AE23) sw a0, 1116(ra)
mem[0x80004570] <- 0x00000002


mem[X,0x80000D2E] -> 0x5537
mem[X,0x80000D30] -> 0x5555
[1067] [M]: 0x80000D2E (0x55555537) lui a0, 349525
x10 <- 0x55555000


mem[X,0x80000D32] -> 0x0513
mem[X,0x80000D34] -> 0x5565
[1068] [M]: 0x80000D32 (0x55650513) addi a0, a0, 1366
x10 <- 0x55555556


mem[X,0x80000D36] -> 0x8915
[1069] [M]: 0x80000D36 (0x8915) c.andi a0, 5
x10 <- 0x00000004


mem[X,0x80000D38] -> 0xA023
mem[X,0x80000D3A] -> 0x46A0
[1070] [M]: 0x80000D38 (0x46A0A023) sw a0, 1120(ra)
mem[0x80004574] <- 0x00000004


mem[X,0x80000D3C] -> 0x5537
mem[X,0x80000D3E] -> 0x5555
[1071] [M]: 0x80000D3C (0x55555537) lui a0, 349525
x10 <- 0x55555000


mem[X,0x80000D40] -> 0x0513
mem[X,0x80000D42] -> 0x5565
[1072] [M]: 0x80000D40 (0x55650513) addi a0, a0, 1366
x10 <- 0x55555556


mem[X,0x80000D44] -> 0x8929
[1073] [M]: 0x80000D44 (0x8929) c.andi a0, 10
x10 <- 0x00000002


mem[X,0x80000D46] -> 0xA223
mem[X,0x80000D48] -> 0x46A0
[1074] [M]: 0x80000D46 (0x46A0A223) sw a0, 1124(ra)
mem[0x80004578] <- 0x00000002


mem[X,0x80000D4A] -> 0x5537
mem[X,0x80000D4C] -> 0x5555
[1075] [M]: 0x80000D4A (0x55555537) lui a0, 349525
x10 <- 0x55555000


mem[X,0x80000D4E] -> 0x0513
mem[X,0x80000D50] -> 0x5565
[1076] [M]: 0x80000D4E (0x55650513) addi a0, a0, 1366
x10 <- 0x55555556


mem[X,0x80000D52] -> 0x8919
[1077] [M]: 0x80000D52 (0x8919) c.andi a0, 6
x10 <- 0x00000006


mem[X,0x80000D54] -> 0xA423
mem[X,0x80000D56] -> 0x46A0
[1078] [M]: 0x80000D54 (0x46A0A423) sw a0, 1128(ra)
mem[0x8000457C] <- 0x00000006


mem[X,0x80000D58] -> 0x5537
mem[X,0x80000D5A] -> 0x5555
[1079] [M]: 0x80000D58 (0x55555537) lui a0, 349525
x10 <- 0x55555000


mem[X,0x80000D5C] -> 0x0513
mem[X,0x80000D5E] -> 0x5565
[1080] [M]: 0x80000D5C (0x55650513) addi a0, a0, 1366
x10 <- 0x55555556


mem[X,0x80000D60] -> 0x9979
[1081] [M]: 0x80000D60 (0x9979) c.andi a0, 62
x10 <- 0x55555556


mem[X,0x80000D62] -> 0xA623
mem[X,0x80000D64] -> 0x46A0
[1082] [M]: 0x80000D62 (0x46A0A623) sw a0, 1132(ra)
mem[0x80004580] <- 0x55555556


mem[X,0x80000D66] -> 0x5537
mem[X,0x80000D68] -> 0x5555
[1083] [M]: 0x80000D66 (0x55555537) lui a0, 349525
x10 <- 0x55555000


mem[X,0x80000D6A] -> 0x0513
mem[X,0x80000D6C] -> 0x5565
[1084] [M]: 0x80000D6A (0x55650513) addi a0, a0, 1366
x10 <- 0x55555556


mem[X,0x80000D6E] -> 0x996D
[1085] [M]: 0x80000D6E (0x996D) c.andi a0, 59
x10 <- 0x55555552


mem[X,0x80000D70] -> 0xA823
mem[X,0x80000D72] -> 0x46A0
[1086] [M]: 0x80000D70 (0x46A0A823) sw a0, 1136(ra)
mem[0x80004584] <- 0x55555552


mem[X,0x80000D74] -> 0x5537
mem[X,0x80000D76] -> 0x5555
[1087] [M]: 0x80000D74 (0x55555537) lui a0, 349525
x10 <- 0x55555000


mem[X,0x80000D78] -> 0x0513
mem[X,0x80000D7A] -> 0x5565
[1088] [M]: 0x80000D78 (0x55650513) addi a0, a0, 1366
x10 <- 0x55555556


mem[X,0x80000D7C] -> 0x8909
[1089] [M]: 0x80000D7C (0x8909) c.andi a0, 2
x10 <- 0x00000002


mem[X,0x80000D7E] -> 0xAA23
mem[X,0x80000D80] -> 0x46A0
[1090] [M]: 0x80000D7E (0x46A0AA23) sw a0, 1140(ra)
mem[0x80004588] <- 0x00000002


mem[X,0x80000D82] -> 0x5537
mem[X,0x80000D84] -> 0x5555
[1091] [M]: 0x80000D82 (0x55555537) lui a0, 349525
x10 <- 0x55555000


mem[X,0x80000D86] -> 0x0513
mem[X,0x80000D88] -> 0x5565
[1092] [M]: 0x80000D86 (0x55650513) addi a0, a0, 1366
x10 <- 0x55555556


mem[X,0x80000D8A] -> 0x8911
[1093] [M]: 0x80000D8A (0x8911) c.andi a0, 4
x10 <- 0x00000004


mem[X,0x80000D8C] -> 0xAC23
mem[X,0x80000D8E] -> 0x46A0
[1094] [M]: 0x80000D8C (0x46A0AC23) sw a0, 1144(ra)
mem[0x8000458C] <- 0x00000004


mem[X,0x80000D90] -> 0x5537
mem[X,0x80000D92] -> 0x5555
[1095] [M]: 0x80000D90 (0x55555537) lui a0, 349525
x10 <- 0x55555000


mem[X,0x80000D94] -> 0x0513
mem[X,0x80000D96] -> 0x5565
[1096] [M]: 0x80000D94 (0x55650513) addi a0, a0, 1366
x10 <- 0x55555556


mem[X,0x80000D98] -> 0x8925
[1097] [M]: 0x80000D98 (0x8925) c.andi a0, 9
x10 <- 0x00000000


mem[X,0x80000D9A] -> 0xAE23
mem[X,0x80000D9C] -> 0x46A0
[1098] [M]: 0x80000D9A (0x46A0AE23) sw a0, 1148(ra)
mem[0x80004590] <- 0x00000000


mem[X,0x80000D9E] -> 0x5537
mem[X,0x80000DA0] -> 0x5555
[1099] [M]: 0x80000D9E (0x55555537) lui a0, 349525
x10 <- 0x55555000


clint::tick mtime <- 0x000000000000000B
 clint timer pending at mtime 0x000000000000000B
htif::tick 0x0000000000000000
mem[X,0x80000DA2] -> 0x0513
mem[X,0x80000DA4] -> 0x5565
[1100] [M]: 0x80000DA2 (0x55650513) addi a0, a0, 1366
x10 <- 0x55555556


mem[X,0x80000DA6] -> 0x8901
[1101] [M]: 0x80000DA6 (0x8901) c.andi a0, 0
x10 <- 0x00000000


mem[X,0x80000DA8] -> 0xA023
mem[X,0x80000DAA] -> 0x48A0
[1102] [M]: 0x80000DA8 (0x48A0A023) sw a0, 1152(ra)
mem[0x80004594] <- 0x00000000


mem[X,0x80000DAC] -> 0x5537
mem[X,0x80000DAE] -> 0x5555
[1103] [M]: 0x80000DAC (0x55555537) lui a0, 349525
x10 <- 0x55555000


mem[X,0x80000DB0] -> 0x0513
mem[X,0x80000DB2] -> 0x5565
[1104] [M]: 0x80000DB0 (0x55650513) addi a0, a0, 1366
x10 <- 0x55555556


mem[X,0x80000DB4] -> 0x892D
[1105] [M]: 0x80000DB4 (0x892D) c.andi a0, 11
x10 <- 0x00000002


mem[X,0x80000DB6] -> 0xA223
mem[X,0x80000DB8] -> 0x48A0
[1106] [M]: 0x80000DB6 (0x48A0A223) sw a0, 1156(ra)
mem[0x80004598] <- 0x00000002


mem[X,0x80000DBA] -> 0x5537
mem[X,0x80000DBC] -> 0x5555
[1107] [M]: 0x80000DBA (0x55555537) lui a0, 349525
x10 <- 0x55555000


mem[X,0x80000DBE] -> 0x0513
mem[X,0x80000DC0] -> 0x5565
[1108] [M]: 0x80000DBE (0x55650513) addi a0, a0, 1366
x10 <- 0x55555556


mem[X,0x80000DC2] -> 0x891D
[1109] [M]: 0x80000DC2 (0x891D) c.andi a0, 7
x10 <- 0x00000006


mem[X,0x80000DC4] -> 0xA423
mem[X,0x80000DC6] -> 0x48A0
[1110] [M]: 0x80000DC4 (0x48A0A423) sw a0, 1160(ra)
mem[0x8000459C] <- 0x00000006


mem[X,0x80000DC8] -> 0x5537
mem[X,0x80000DCA] -> 0x5555
[1111] [M]: 0x80000DC8 (0x55555537) lui a0, 349525
x10 <- 0x55555000


mem[X,0x80000DCC] -> 0x0513
mem[X,0x80000DCE] -> 0x5565
[1112] [M]: 0x80000DCC (0x55650513) addi a0, a0, 1366
x10 <- 0x55555556


mem[X,0x80000DD0] -> 0x997D
[1113] [M]: 0x80000DD0 (0x997D) c.andi a0, 63
x10 <- 0x55555556


mem[X,0x80000DD2] -> 0xA623
mem[X,0x80000DD4] -> 0x48A0
[1114] [M]: 0x80000DD2 (0x48A0A623) sw a0, 1164(ra)
mem[0x800045A0] <- 0x55555556


mem[X,0x80000DD6] -> 0x5537
mem[X,0x80000DD8] -> 0x5555
[1115] [M]: 0x80000DD6 (0x55555537) lui a0, 349525
x10 <- 0x55555000


mem[X,0x80000DDA] -> 0x0513
mem[X,0x80000DDC] -> 0x5565
[1116] [M]: 0x80000DDA (0x55650513) addi a0, a0, 1366
x10 <- 0x55555556


mem[X,0x80000DDE] -> 0x9971
[1117] [M]: 0x80000DDE (0x9971) c.andi a0, 60
x10 <- 0x55555554


mem[X,0x80000DE0] -> 0xA823
mem[X,0x80000DE2] -> 0x48A0
[1118] [M]: 0x80000DE0 (0x48A0A823) sw a0, 1168(ra)
mem[0x800045A4] <- 0x55555554


mem[X,0x80000DE4] -> 0xB537
mem[X,0x80000DE6] -> 0xAAAA
[1119] [M]: 0x80000DE4 (0xAAAAB537) lui a0, 699051
x10 <- 0xAAAAB000


mem[X,0x80000DE8] -> 0x0513
mem[X,0x80000DEA] -> 0xAAB5
[1120] [M]: 0x80000DE8 (0xAAB50513) addi a0, a0, 2731
x10 <- 0xAAAAAAAB


mem[X,0x80000DEC] -> 0x890D
[1121] [M]: 0x80000DEC (0x890D) c.andi a0, 3
x10 <- 0x00000003


mem[X,0x80000DEE] -> 0xAA23
mem[X,0x80000DF0] -> 0x48A0
[1122] [M]: 0x80000DEE (0x48A0AA23) sw a0, 1172(ra)
mem[0x800045A8] <- 0x00000003


mem[X,0x80000DF2] -> 0xB537
mem[X,0x80000DF4] -> 0xAAAA
[1123] [M]: 0x80000DF2 (0xAAAAB537) lui a0, 699051
x10 <- 0xAAAAB000


mem[X,0x80000DF6] -> 0x0513
mem[X,0x80000DF8] -> 0xAAB5
[1124] [M]: 0x80000DF6 (0xAAB50513) addi a0, a0, 2731
x10 <- 0xAAAAAAAB


mem[X,0x80000DFA] -> 0x8915
[1125] [M]: 0x80000DFA (0x8915) c.andi a0, 5
x10 <- 0x00000001


mem[X,0x80000DFC] -> 0xAC23
mem[X,0x80000DFE] -> 0x48A0
[1126] [M]: 0x80000DFC (0x48A0AC23) sw a0, 1176(ra)
mem[0x800045AC] <- 0x00000001


mem[X,0x80000E00] -> 0xB537
mem[X,0x80000E02] -> 0xAAAA
[1127] [M]: 0x80000E00 (0xAAAAB537) lui a0, 699051
x10 <- 0xAAAAB000


mem[X,0x80000E04] -> 0x0513
mem[X,0x80000E06] -> 0xAAB5
[1128] [M]: 0x80000E04 (0xAAB50513) addi a0, a0, 2731
x10 <- 0xAAAAAAAB


mem[X,0x80000E08] -> 0x8929
[1129] [M]: 0x80000E08 (0x8929) c.andi a0, 10
x10 <- 0x0000000A


mem[X,0x80000E0A] -> 0xAE23
mem[X,0x80000E0C] -> 0x48A0
[1130] [M]: 0x80000E0A (0x48A0AE23) sw a0, 1180(ra)
mem[0x800045B0] <- 0x0000000A


mem[X,0x80000E0E] -> 0xB537
mem[X,0x80000E10] -> 0xAAAA
[1131] [M]: 0x80000E0E (0xAAAAB537) lui a0, 699051
x10 <- 0xAAAAB000


mem[X,0x80000E12] -> 0x0513
mem[X,0x80000E14] -> 0xAAB5
[1132] [M]: 0x80000E12 (0xAAB50513) addi a0, a0, 2731
x10 <- 0xAAAAAAAB


mem[X,0x80000E16] -> 0x8919
[1133] [M]: 0x80000E16 (0x8919) c.andi a0, 6
x10 <- 0x00000002


mem[X,0x80000E18] -> 0xA023
mem[X,0x80000E1A] -> 0x4AA0
[1134] [M]: 0x80000E18 (0x4AA0A023) sw a0, 1184(ra)
mem[0x800045B4] <- 0x00000002


mem[X,0x80000E1C] -> 0xB537
mem[X,0x80000E1E] -> 0xAAAA
[1135] [M]: 0x80000E1C (0xAAAAB537) lui a0, 699051
x10 <- 0xAAAAB000


mem[X,0x80000E20] -> 0x0513
mem[X,0x80000E22] -> 0xAAB5
[1136] [M]: 0x80000E20 (0xAAB50513) addi a0, a0, 2731
x10 <- 0xAAAAAAAB


mem[X,0x80000E24] -> 0x9979
[1137] [M]: 0x80000E24 (0x9979) c.andi a0, 62
x10 <- 0xAAAAAAAA


mem[X,0x80000E26] -> 0xA223
mem[X,0x80000E28] -> 0x4AA0
[1138] [M]: 0x80000E26 (0x4AA0A223) sw a0, 1188(ra)
mem[0x800045B8] <- 0xAAAAAAAA


mem[X,0x80000E2A] -> 0xB537
mem[X,0x80000E2C] -> 0xAAAA
[1139] [M]: 0x80000E2A (0xAAAAB537) lui a0, 699051
x10 <- 0xAAAAB000


mem[X,0x80000E2E] -> 0x0513
mem[X,0x80000E30] -> 0xAAB5
[1140] [M]: 0x80000E2E (0xAAB50513) addi a0, a0, 2731
x10 <- 0xAAAAAAAB


mem[X,0x80000E32] -> 0x996D
[1141] [M]: 0x80000E32 (0x996D) c.andi a0, 59
x10 <- 0xAAAAAAAB


mem[X,0x80000E34] -> 0xA423
mem[X,0x80000E36] -> 0x4AA0
[1142] [M]: 0x80000E34 (0x4AA0A423) sw a0, 1192(ra)
mem[0x800045BC] <- 0xAAAAAAAB


mem[X,0x80000E38] -> 0xB537
mem[X,0x80000E3A] -> 0xAAAA
[1143] [M]: 0x80000E38 (0xAAAAB537) lui a0, 699051
x10 <- 0xAAAAB000


mem[X,0x80000E3C] -> 0x0513
mem[X,0x80000E3E] -> 0xAAB5
[1144] [M]: 0x80000E3C (0xAAB50513) addi a0, a0, 2731
x10 <- 0xAAAAAAAB


mem[X,0x80000E40] -> 0x8909
[1145] [M]: 0x80000E40 (0x8909) c.andi a0, 2
x10 <- 0x00000002


mem[X,0x80000E42] -> 0xA623
mem[X,0x80000E44] -> 0x4AA0
[1146] [M]: 0x80000E42 (0x4AA0A623) sw a0, 1196(ra)
mem[0x800045C0] <- 0x00000002


mem[X,0x80000E46] -> 0xB537
mem[X,0x80000E48] -> 0xAAAA
[1147] [M]: 0x80000E46 (0xAAAAB537) lui a0, 699051
x10 <- 0xAAAAB000


mem[X,0x80000E4A] -> 0x0513
mem[X,0x80000E4C] -> 0xAAB5
[1148] [M]: 0x80000E4A (0xAAB50513) addi a0, a0, 2731
x10 <- 0xAAAAAAAB


mem[X,0x80000E4E] -> 0x8911
[1149] [M]: 0x80000E4E (0x8911) c.andi a0, 4
x10 <- 0x00000000


mem[X,0x80000E50] -> 0xA823
mem[X,0x80000E52] -> 0x4AA0
[1150] [M]: 0x80000E50 (0x4AA0A823) sw a0, 1200(ra)
mem[0x800045C4] <- 0x00000000


mem[X,0x80000E54] -> 0xB537
mem[X,0x80000E56] -> 0xAAAA
[1151] [M]: 0x80000E54 (0xAAAAB537) lui a0, 699051
x10 <- 0xAAAAB000


mem[X,0x80000E58] -> 0x0513
mem[X,0x80000E5A] -> 0xAAB5
[1152] [M]: 0x80000E58 (0xAAB50513) addi a0, a0, 2731
x10 <- 0xAAAAAAAB


mem[X,0x80000E5C] -> 0x8925
[1153] [M]: 0x80000E5C (0x8925) c.andi a0, 9
x10 <- 0x00000009


mem[X,0x80000E5E] -> 0xAA23
mem[X,0x80000E60] -> 0x4AA0
[1154] [M]: 0x80000E5E (0x4AA0AA23) sw a0, 1204(ra)
mem[0x800045C8] <- 0x00000009


mem[X,0x80000E62] -> 0xB537
mem[X,0x80000E64] -> 0xAAAA
[1155] [M]: 0x80000E62 (0xAAAAB537) lui a0, 699051
x10 <- 0xAAAAB000


mem[X,0x80000E66] -> 0x0513
mem[X,0x80000E68] -> 0xAAB5
[1156] [M]: 0x80000E66 (0xAAB50513) addi a0, a0, 2731
x10 <- 0xAAAAAAAB


mem[X,0x80000E6A] -> 0x8901
[1157] [M]: 0x80000E6A (0x8901) c.andi a0, 0
x10 <- 0x00000000


mem[X,0x80000E6C] -> 0xAC23
mem[X,0x80000E6E] -> 0x4AA0
[1158] [M]: 0x80000E6C (0x4AA0AC23) sw a0, 1208(ra)
mem[0x800045CC] <- 0x00000000


mem[X,0x80000E70] -> 0xB537
mem[X,0x80000E72] -> 0xAAAA
[1159] [M]: 0x80000E70 (0xAAAAB537) lui a0, 699051
x10 <- 0xAAAAB000


mem[X,0x80000E74] -> 0x0513
mem[X,0x80000E76] -> 0xAAB5
[1160] [M]: 0x80000E74 (0xAAB50513) addi a0, a0, 2731
x10 <- 0xAAAAAAAB


mem[X,0x80000E78] -> 0x892D
[1161] [M]: 0x80000E78 (0x892D) c.andi a0, 11
x10 <- 0x0000000B


mem[X,0x80000E7A] -> 0xAE23
mem[X,0x80000E7C] -> 0x4AA0
[1162] [M]: 0x80000E7A (0x4AA0AE23) sw a0, 1212(ra)
mem[0x800045D0] <- 0x0000000B


mem[X,0x80000E7E] -> 0xB537
mem[X,0x80000E80] -> 0xAAAA
[1163] [M]: 0x80000E7E (0xAAAAB537) lui a0, 699051
x10 <- 0xAAAAB000


mem[X,0x80000E82] -> 0x0513
mem[X,0x80000E84] -> 0xAAB5
[1164] [M]: 0x80000E82 (0xAAB50513) addi a0, a0, 2731
x10 <- 0xAAAAAAAB


mem[X,0x80000E86] -> 0x891D
[1165] [M]: 0x80000E86 (0x891D) c.andi a0, 7
x10 <- 0x00000003


mem[X,0x80000E88] -> 0xA023
mem[X,0x80000E8A] -> 0x4CA0
[1166] [M]: 0x80000E88 (0x4CA0A023) sw a0, 1216(ra)
mem[0x800045D4] <- 0x00000003


mem[X,0x80000E8C] -> 0xB537
mem[X,0x80000E8E] -> 0xAAAA
[1167] [M]: 0x80000E8C (0xAAAAB537) lui a0, 699051
x10 <- 0xAAAAB000


mem[X,0x80000E90] -> 0x0513
mem[X,0x80000E92] -> 0xAAB5
[1168] [M]: 0x80000E90 (0xAAB50513) addi a0, a0, 2731
x10 <- 0xAAAAAAAB


mem[X,0x80000E94] -> 0x997D
[1169] [M]: 0x80000E94 (0x997D) c.andi a0, 63
x10 <- 0xAAAAAAAB


mem[X,0x80000E96] -> 0xA223
mem[X,0x80000E98] -> 0x4CA0
[1170] [M]: 0x80000E96 (0x4CA0A223) sw a0, 1220(ra)
mem[0x800045D8] <- 0xAAAAAAAB


mem[X,0x80000E9A] -> 0xB537
mem[X,0x80000E9C] -> 0xAAAA
[1171] [M]: 0x80000E9A (0xAAAAB537) lui a0, 699051
x10 <- 0xAAAAB000


mem[X,0x80000E9E] -> 0x0513
mem[X,0x80000EA0] -> 0xAAB5
[1172] [M]: 0x80000E9E (0xAAB50513) addi a0, a0, 2731
x10 <- 0xAAAAAAAB


mem[X,0x80000EA2] -> 0x9971
[1173] [M]: 0x80000EA2 (0x9971) c.andi a0, 60
x10 <- 0xAAAAAAA8


mem[X,0x80000EA4] -> 0xA423
mem[X,0x80000EA6] -> 0x4CA0
[1174] [M]: 0x80000EA4 (0x4CA0A423) sw a0, 1224(ra)
mem[0x800045DC] <- 0xAAAAAAA8


mem[X,0x80000EA8] -> 0x4519
[1175] [M]: 0x80000EA8 (0x4519) c.li a0, 6
x10 <- 0x00000006


mem[X,0x80000EAA] -> 0x890D
[1176] [M]: 0x80000EAA (0x890D) c.andi a0, 3
x10 <- 0x00000002


mem[X,0x80000EAC] -> 0xA623
mem[X,0x80000EAE] -> 0x4CA0
[1177] [M]: 0x80000EAC (0x4CA0A623) sw a0, 1228(ra)
mem[0x800045E0] <- 0x00000002


mem[X,0x80000EB0] -> 0x4519
[1178] [M]: 0x80000EB0 (0x4519) c.li a0, 6
x10 <- 0x00000006


mem[X,0x80000EB2] -> 0x8915
[1179] [M]: 0x80000EB2 (0x8915) c.andi a0, 5
x10 <- 0x00000004


mem[X,0x80000EB4] -> 0xA823
mem[X,0x80000EB6] -> 0x4CA0
[1180] [M]: 0x80000EB4 (0x4CA0A823) sw a0, 1232(ra)
mem[0x800045E4] <- 0x00000004


mem[X,0x80000EB8] -> 0x4519
[1181] [M]: 0x80000EB8 (0x4519) c.li a0, 6
x10 <- 0x00000006


mem[X,0x80000EBA] -> 0x8929
[1182] [M]: 0x80000EBA (0x8929) c.andi a0, 10
x10 <- 0x00000002


mem[X,0x80000EBC] -> 0xAA23
mem[X,0x80000EBE] -> 0x4CA0
[1183] [M]: 0x80000EBC (0x4CA0AA23) sw a0, 1236(ra)
mem[0x800045E8] <- 0x00000002


mem[X,0x80000EC0] -> 0x4519
[1184] [M]: 0x80000EC0 (0x4519) c.li a0, 6
x10 <- 0x00000006


mem[X,0x80000EC2] -> 0x8919
[1185] [M]: 0x80000EC2 (0x8919) c.andi a0, 6
x10 <- 0x00000006


mem[X,0x80000EC4] -> 0xAC23
mem[X,0x80000EC6] -> 0x4CA0
[1186] [M]: 0x80000EC4 (0x4CA0AC23) sw a0, 1240(ra)
mem[0x800045EC] <- 0x00000006


mem[X,0x80000EC8] -> 0x4519
[1187] [M]: 0x80000EC8 (0x4519) c.li a0, 6
x10 <- 0x00000006


mem[X,0x80000ECA] -> 0x9979
[1188] [M]: 0x80000ECA (0x9979) c.andi a0, 62
x10 <- 0x00000006


mem[X,0x80000ECC] -> 0xAE23
mem[X,0x80000ECE] -> 0x4CA0
[1189] [M]: 0x80000ECC (0x4CA0AE23) sw a0, 1244(ra)
mem[0x800045F0] <- 0x00000006


mem[X,0x80000ED0] -> 0x4519
[1190] [M]: 0x80000ED0 (0x4519) c.li a0, 6
x10 <- 0x00000006


mem[X,0x80000ED2] -> 0x996D
[1191] [M]: 0x80000ED2 (0x996D) c.andi a0, 59
x10 <- 0x00000002


mem[X,0x80000ED4] -> 0xA023
mem[X,0x80000ED6] -> 0x4EA0
[1192] [M]: 0x80000ED4 (0x4EA0A023) sw a0, 1248(ra)
mem[0x800045F4] <- 0x00000002


mem[X,0x80000ED8] -> 0x7555
[1193] [M]: 0x80000ED8 (0x7555) c.lui a0, 53
x10 <- 0xFFFF5000


mem[X,0x80000EDA] -> 0x0513
mem[X,0x80000EDC] -> 0xAFD5
[1194] [M]: 0x80000EDA (0xAFD50513) addi a0, a0, 2813
x10 <- 0xFFFF4AFD


mem[X,0x80000EDE] -> 0x997D
[1195] [M]: 0x80000EDE (0x997D) c.andi a0, 63
x10 <- 0xFFFF4AFD


mem[X,0x80000EE0] -> 0xA223
mem[X,0x80000EE2] -> 0x4EA0
[1196] [M]: 0x80000EE0 (0x4EA0A223) sw a0, 1252(ra)
mem[0x800045F8] <- 0xFFFF4AFD


mem[X,0x80000EE4] -> 0x7555
[1197] [M]: 0x80000EE4 (0x7555) c.lui a0, 53
x10 <- 0xFFFF5000


mem[X,0x80000EE6] -> 0x0513
mem[X,0x80000EE8] -> 0xAFD5
[1198] [M]: 0x80000EE6 (0xAFD50513) addi a0, a0, 2813
x10 <- 0xFFFF4AFD


mem[X,0x80000EEA] -> 0x9971
[1199] [M]: 0x80000EEA (0x9971) c.andi a0, 60
x10 <- 0xFFFF4AFC


clint::tick mtime <- 0x000000000000000C
 clint timer pending at mtime 0x000000000000000C
htif::tick 0x0000000000000000
mem[X,0x80000EEC] -> 0xA423
mem[X,0x80000EEE] -> 0x4EA0
[1200] [M]: 0x80000EEC (0x4EA0A423) sw a0, 1256(ra)
mem[0x800045FC] <- 0xFFFF4AFC


mem[X,0x80000EF0] -> 0x652D
[1201] [M]: 0x80000EF0 (0x652D) c.lui a0, 11
x10 <- 0x0000B000


mem[X,0x80000EF2] -> 0x0513
mem[X,0x80000EF4] -> 0x5055
[1202] [M]: 0x80000EF2 (0x50550513) addi a0, a0, 1285
x10 <- 0x0000B505


mem[X,0x80000EF6] -> 0x890D
[1203] [M]: 0x80000EF6 (0x890D) c.andi a0, 3
x10 <- 0x00000001


mem[X,0x80000EF8] -> 0xA623
mem[X,0x80000EFA] -> 0x4EA0
[1204] [M]: 0x80000EF8 (0x4EA0A623) sw a0, 1260(ra)
mem[0x80004600] <- 0x00000001


mem[X,0x80000EFC] -> 0x652D
[1205] [M]: 0x80000EFC (0x652D) c.lui a0, 11
x10 <- 0x0000B000


mem[X,0x80000EFE] -> 0x0513
mem[X,0x80000F00] -> 0x5055
[1206] [M]: 0x80000EFE (0x50550513) addi a0, a0, 1285
x10 <- 0x0000B505


mem[X,0x80000F02] -> 0x8915
[1207] [M]: 0x80000F02 (0x8915) c.andi a0, 5
x10 <- 0x00000005


mem[X,0x80000F04] -> 0xA823
mem[X,0x80000F06] -> 0x4EA0
[1208] [M]: 0x80000F04 (0x4EA0A823) sw a0, 1264(ra)
mem[0x80004604] <- 0x00000005


mem[X,0x80000F08] -> 0x652D
[1209] [M]: 0x80000F08 (0x652D) c.lui a0, 11
x10 <- 0x0000B000


mem[X,0x80000F0A] -> 0x0513
mem[X,0x80000F0C] -> 0x5055
[1210] [M]: 0x80000F0A (0x50550513) addi a0, a0, 1285
x10 <- 0x0000B505


mem[X,0x80000F0E] -> 0x8929
[1211] [M]: 0x80000F0E (0x8929) c.andi a0, 10
x10 <- 0x00000000


mem[X,0x80000F10] -> 0xAA23
mem[X,0x80000F12] -> 0x4EA0
[1212] [M]: 0x80000F10 (0x4EA0AA23) sw a0, 1268(ra)
mem[0x80004608] <- 0x00000000


mem[X,0x80000F14] -> 0x652D
[1213] [M]: 0x80000F14 (0x652D) c.lui a0, 11
x10 <- 0x0000B000


mem[X,0x80000F16] -> 0x0513
mem[X,0x80000F18] -> 0x5055
[1214] [M]: 0x80000F16 (0x50550513) addi a0, a0, 1285
x10 <- 0x0000B505


mem[X,0x80000F1A] -> 0x8919
[1215] [M]: 0x80000F1A (0x8919) c.andi a0, 6
x10 <- 0x00000004


mem[X,0x80000F1C] -> 0xAC23
mem[X,0x80000F1E] -> 0x4EA0
[1216] [M]: 0x80000F1C (0x4EA0AC23) sw a0, 1272(ra)
mem[0x8000460C] <- 0x00000004


mem[X,0x80000F20] -> 0x652D
[1217] [M]: 0x80000F20 (0x652D) c.lui a0, 11
x10 <- 0x0000B000


mem[X,0x80000F22] -> 0x0513
mem[X,0x80000F24] -> 0x5055
[1218] [M]: 0x80000F22 (0x50550513) addi a0, a0, 1285
x10 <- 0x0000B505


mem[X,0x80000F26] -> 0x9979
[1219] [M]: 0x80000F26 (0x9979) c.andi a0, 62
x10 <- 0x0000B504


mem[X,0x80000F28] -> 0xAE23
mem[X,0x80000F2A] -> 0x4EA0
[1220] [M]: 0x80000F28 (0x4EA0AE23) sw a0, 1276(ra)
mem[0x80004610] <- 0x0000B504


mem[X,0x80000F2C] -> 0x652D
[1221] [M]: 0x80000F2C (0x652D) c.lui a0, 11
x10 <- 0x0000B000


mem[X,0x80000F2E] -> 0x0513
mem[X,0x80000F30] -> 0x5055
[1222] [M]: 0x80000F2E (0x50550513) addi a0, a0, 1285
x10 <- 0x0000B505


mem[X,0x80000F32] -> 0x996D
[1223] [M]: 0x80000F32 (0x996D) c.andi a0, 59
x10 <- 0x0000B501


mem[X,0x80000F34] -> 0xA023
mem[X,0x80000F36] -> 0x50A0
[1224] [M]: 0x80000F34 (0x50A0A023) sw a0, 1280(ra)
mem[0x80004614] <- 0x0000B501


mem[X,0x80000F38] -> 0x652D
[1225] [M]: 0x80000F38 (0x652D) c.lui a0, 11
x10 <- 0x0000B000


mem[X,0x80000F3A] -> 0x0513
mem[X,0x80000F3C] -> 0x5055
[1226] [M]: 0x80000F3A (0x50550513) addi a0, a0, 1285
x10 <- 0x0000B505


mem[X,0x80000F3E] -> 0x8909
[1227] [M]: 0x80000F3E (0x8909) c.andi a0, 2
x10 <- 0x00000000


mem[X,0x80000F40] -> 0xA223
mem[X,0x80000F42] -> 0x50A0
[1228] [M]: 0x80000F40 (0x50A0A223) sw a0, 1284(ra)
mem[0x80004618] <- 0x00000000


mem[X,0x80000F44] -> 0x652D
[1229] [M]: 0x80000F44 (0x652D) c.lui a0, 11
x10 <- 0x0000B000


mem[X,0x80000F46] -> 0x0513
mem[X,0x80000F48] -> 0x5055
[1230] [M]: 0x80000F46 (0x50550513) addi a0, a0, 1285
x10 <- 0x0000B505


mem[X,0x80000F4A] -> 0x8911
[1231] [M]: 0x80000F4A (0x8911) c.andi a0, 4
x10 <- 0x00000004


mem[X,0x80000F4C] -> 0xA423
mem[X,0x80000F4E] -> 0x50A0
[1232] [M]: 0x80000F4C (0x50A0A423) sw a0, 1288(ra)
mem[0x8000461C] <- 0x00000004


mem[X,0x80000F50] -> 0x652D
[1233] [M]: 0x80000F50 (0x652D) c.lui a0, 11
x10 <- 0x0000B000


mem[X,0x80000F52] -> 0x0513
mem[X,0x80000F54] -> 0x5055
[1234] [M]: 0x80000F52 (0x50550513) addi a0, a0, 1285
x10 <- 0x0000B505


mem[X,0x80000F56] -> 0x8925
[1235] [M]: 0x80000F56 (0x8925) c.andi a0, 9
x10 <- 0x00000001


mem[X,0x80000F58] -> 0xA623
mem[X,0x80000F5A] -> 0x50A0
[1236] [M]: 0x80000F58 (0x50A0A623) sw a0, 1292(ra)
mem[0x80004620] <- 0x00000001


mem[X,0x80000F5C] -> 0x652D
[1237] [M]: 0x80000F5C (0x652D) c.lui a0, 11
x10 <- 0x0000B000


mem[X,0x80000F5E] -> 0x0513
mem[X,0x80000F60] -> 0x5055
[1238] [M]: 0x80000F5E (0x50550513) addi a0, a0, 1285
x10 <- 0x0000B505


mem[X,0x80000F62] -> 0x8901
[1239] [M]: 0x80000F62 (0x8901) c.andi a0, 0
x10 <- 0x00000000


mem[X,0x80000F64] -> 0xA823
mem[X,0x80000F66] -> 0x50A0
[1240] [M]: 0x80000F64 (0x50A0A823) sw a0, 1296(ra)
mem[0x80004624] <- 0x00000000


mem[X,0x80000F68] -> 0x652D
[1241] [M]: 0x80000F68 (0x652D) c.lui a0, 11
x10 <- 0x0000B000


mem[X,0x80000F6A] -> 0x0513
mem[X,0x80000F6C] -> 0x5055
[1242] [M]: 0x80000F6A (0x50550513) addi a0, a0, 1285
x10 <- 0x0000B505


mem[X,0x80000F6E] -> 0x892D
[1243] [M]: 0x80000F6E (0x892D) c.andi a0, 11
x10 <- 0x00000001


mem[X,0x80000F70] -> 0xAA23
mem[X,0x80000F72] -> 0x50A0
[1244] [M]: 0x80000F70 (0x50A0AA23) sw a0, 1300(ra)
mem[0x80004628] <- 0x00000001


mem[X,0x80000F74] -> 0x652D
[1245] [M]: 0x80000F74 (0x652D) c.lui a0, 11
x10 <- 0x0000B000


mem[X,0x80000F76] -> 0x0513
mem[X,0x80000F78] -> 0x5055
[1246] [M]: 0x80000F76 (0x50550513) addi a0, a0, 1285
x10 <- 0x0000B505


mem[X,0x80000F7A] -> 0x891D
[1247] [M]: 0x80000F7A (0x891D) c.andi a0, 7
x10 <- 0x00000005


mem[X,0x80000F7C] -> 0xAC23
mem[X,0x80000F7E] -> 0x50A0
[1248] [M]: 0x80000F7C (0x50A0AC23) sw a0, 1304(ra)
mem[0x8000462C] <- 0x00000005


mem[X,0x80000F80] -> 0x652D
[1249] [M]: 0x80000F80 (0x652D) c.lui a0, 11
x10 <- 0x0000B000


mem[X,0x80000F82] -> 0x0513
mem[X,0x80000F84] -> 0x5055
[1250] [M]: 0x80000F82 (0x50550513) addi a0, a0, 1285
x10 <- 0x0000B505


mem[X,0x80000F86] -> 0x997D
[1251] [M]: 0x80000F86 (0x997D) c.andi a0, 63
x10 <- 0x0000B505


mem[X,0x80000F88] -> 0xAE23
mem[X,0x80000F8A] -> 0x50A0
[1252] [M]: 0x80000F88 (0x50A0AE23) sw a0, 1308(ra)
mem[0x80004630] <- 0x0000B505


mem[X,0x80000F8C] -> 0x652D
[1253] [M]: 0x80000F8C (0x652D) c.lui a0, 11
x10 <- 0x0000B000


mem[X,0x80000F8E] -> 0x0513
mem[X,0x80000F90] -> 0x5055
[1254] [M]: 0x80000F8E (0x50550513) addi a0, a0, 1285
x10 <- 0x0000B505


mem[X,0x80000F92] -> 0x9971
[1255] [M]: 0x80000F92 (0x9971) c.andi a0, 60
x10 <- 0x0000B504


mem[X,0x80000F94] -> 0xA023
mem[X,0x80000F96] -> 0x52A0
[1256] [M]: 0x80000F94 (0x52A0A023) sw a0, 1312(ra)
mem[0x80004634] <- 0x0000B504


mem[X,0x80000F98] -> 0x4519
[1257] [M]: 0x80000F98 (0x4519) c.li a0, 6
x10 <- 0x00000006


mem[X,0x80000F9A] -> 0x8909
[1258] [M]: 0x80000F9A (0x8909) c.andi a0, 2
x10 <- 0x00000002


mem[X,0x80000F9C] -> 0xA223
mem[X,0x80000F9E] -> 0x52A0
[1259] [M]: 0x80000F9C (0x52A0A223) sw a0, 1316(ra)
mem[0x80004638] <- 0x00000002


mem[X,0x80000FA0] -> 0x4519
[1260] [M]: 0x80000FA0 (0x4519) c.li a0, 6
x10 <- 0x00000006


mem[X,0x80000FA2] -> 0x8911
[1261] [M]: 0x80000FA2 (0x8911) c.andi a0, 4
x10 <- 0x00000004


mem[X,0x80000FA4] -> 0xA423
mem[X,0x80000FA6] -> 0x52A0
[1262] [M]: 0x80000FA4 (0x52A0A423) sw a0, 1320(ra)
mem[0x8000463C] <- 0x00000004


mem[X,0x80000FA8] -> 0x4519
[1263] [M]: 0x80000FA8 (0x4519) c.li a0, 6
x10 <- 0x00000006


mem[X,0x80000FAA] -> 0x8925
[1264] [M]: 0x80000FAA (0x8925) c.andi a0, 9
x10 <- 0x00000000


mem[X,0x80000FAC] -> 0xA623
mem[X,0x80000FAE] -> 0x52A0
[1265] [M]: 0x80000FAC (0x52A0A623) sw a0, 1324(ra)
mem[0x80004640] <- 0x00000000


mem[X,0x80000FB0] -> 0x4519
[1266] [M]: 0x80000FB0 (0x4519) c.li a0, 6
x10 <- 0x00000006


mem[X,0x80000FB2] -> 0x8901
[1267] [M]: 0x80000FB2 (0x8901) c.andi a0, 0
x10 <- 0x00000000


mem[X,0x80000FB4] -> 0xA823
mem[X,0x80000FB6] -> 0x52A0
[1268] [M]: 0x80000FB4 (0x52A0A823) sw a0, 1328(ra)
mem[0x80004644] <- 0x00000000


mem[X,0x80000FB8] -> 0x4519
[1269] [M]: 0x80000FB8 (0x4519) c.li a0, 6
x10 <- 0x00000006


mem[X,0x80000FBA] -> 0x892D
[1270] [M]: 0x80000FBA (0x892D) c.andi a0, 11
x10 <- 0x00000002


mem[X,0x80000FBC] -> 0xAA23
mem[X,0x80000FBE] -> 0x52A0
[1271] [M]: 0x80000FBC (0x52A0AA23) sw a0, 1332(ra)
mem[0x80004648] <- 0x00000002


mem[X,0x80000FC0] -> 0x4519
[1272] [M]: 0x80000FC0 (0x4519) c.li a0, 6
x10 <- 0x00000006


mem[X,0x80000FC2] -> 0x891D
[1273] [M]: 0x80000FC2 (0x891D) c.andi a0, 7
x10 <- 0x00000006


mem[X,0x80000FC4] -> 0xAC23
mem[X,0x80000FC6] -> 0x52A0
[1274] [M]: 0x80000FC4 (0x52A0AC23) sw a0, 1336(ra)
mem[0x8000464C] <- 0x00000006


mem[X,0x80000FC8] -> 0x4519
[1275] [M]: 0x80000FC8 (0x4519) c.li a0, 6
x10 <- 0x00000006


mem[X,0x80000FCA] -> 0x997D
[1276] [M]: 0x80000FCA (0x997D) c.andi a0, 63
x10 <- 0x00000006


mem[X,0x80000FCC] -> 0xAE23
mem[X,0x80000FCE] -> 0x52A0
[1277] [M]: 0x80000FCC (0x52A0AE23) sw a0, 1340(ra)
mem[0x80004650] <- 0x00000006


mem[X,0x80000FD0] -> 0x4519
[1278] [M]: 0x80000FD0 (0x4519) c.li a0, 6
x10 <- 0x00000006


mem[X,0x80000FD2] -> 0x9971
[1279] [M]: 0x80000FD2 (0x9971) c.andi a0, 60
x10 <- 0x00000004


mem[X,0x80000FD4] -> 0xA023
mem[X,0x80000FD6] -> 0x54A0
[1280] [M]: 0x80000FD4 (0x54A0A023) sw a0, 1344(ra)
mem[0x80004654] <- 0x00000004


mem[X,0x80000FD8] -> 0x3537
mem[X,0x80000FDA] -> 0x3333
[1281] [M]: 0x80000FD8 (0x33333537) lui a0, 209715
x10 <- 0x33333000


mem[X,0x80000FDC] -> 0x0513
mem[X,0x80000FDE] -> 0x3345
[1282] [M]: 0x80000FDC (0x33450513) addi a0, a0, 820
x10 <- 0x33333334


mem[X,0x80000FE0] -> 0x890D
[1283] [M]: 0x80000FE0 (0x890D) c.andi a0, 3
x10 <- 0x00000000


mem[X,0x80000FE2] -> 0xA223
mem[X,0x80000FE4] -> 0x54A0
[1284] [M]: 0x80000FE2 (0x54A0A223) sw a0, 1348(ra)
mem[0x80004658] <- 0x00000000


mem[X,0x80000FE6] -> 0x3537
mem[X,0x80000FE8] -> 0x3333
[1285] [M]: 0x80000FE6 (0x33333537) lui a0, 209715
x10 <- 0x33333000


mem[X,0x80000FEA] -> 0x0513
mem[X,0x80000FEC] -> 0x3345
[1286] [M]: 0x80000FEA (0x33450513) addi a0, a0, 820
x10 <- 0x33333334


mem[X,0x80000FEE] -> 0x8915
[1287] [M]: 0x80000FEE (0x8915) c.andi a0, 5
x10 <- 0x00000004


mem[X,0x80000FF0] -> 0xA423
mem[X,0x80000FF2] -> 0x54A0
[1288] [M]: 0x80000FF0 (0x54A0A423) sw a0, 1352(ra)
mem[0x8000465C] <- 0x00000004


mem[X,0x80000FF4] -> 0x3537
mem[X,0x80000FF6] -> 0x3333
[1289] [M]: 0x80000FF4 (0x33333537) lui a0, 209715
x10 <- 0x33333000


mem[X,0x80000FF8] -> 0x0513
mem[X,0x80000FFA] -> 0x3345
[1290] [M]: 0x80000FF8 (0x33450513) addi a0, a0, 820
x10 <- 0x33333334


mem[X,0x80000FFC] -> 0x8929
[1291] [M]: 0x80000FFC (0x8929) c.andi a0, 10
x10 <- 0x00000000


mem[X,0x80000FFE] -> 0xA623
mem[X,0x80001000] -> 0x54A0
[1292] [M]: 0x80000FFE (0x54A0A623) sw a0, 1356(ra)
mem[0x80004660] <- 0x00000000


mem[X,0x80001002] -> 0x3537
mem[X,0x80001004] -> 0x3333
[1293] [M]: 0x80001002 (0x33333537) lui a0, 209715
x10 <- 0x33333000


mem[X,0x80001006] -> 0x0513
mem[X,0x80001008] -> 0x3345
[1294] [M]: 0x80001006 (0x33450513) addi a0, a0, 820
x10 <- 0x33333334


mem[X,0x8000100A] -> 0x8919
[1295] [M]: 0x8000100A (0x8919) c.andi a0, 6
x10 <- 0x00000004


mem[X,0x8000100C] -> 0xA823
mem[X,0x8000100E] -> 0x54A0
[1296] [M]: 0x8000100C (0x54A0A823) sw a0, 1360(ra)
mem[0x80004664] <- 0x00000004


mem[X,0x80001010] -> 0x3537
mem[X,0x80001012] -> 0x3333
[1297] [M]: 0x80001010 (0x33333537) lui a0, 209715
x10 <- 0x33333000


mem[X,0x80001014] -> 0x0513
mem[X,0x80001016] -> 0x3345
[1298] [M]: 0x80001014 (0x33450513) addi a0, a0, 820
x10 <- 0x33333334


mem[X,0x80001018] -> 0x9979
[1299] [M]: 0x80001018 (0x9979) c.andi a0, 62
x10 <- 0x33333334


clint::tick mtime <- 0x000000000000000D
 clint timer pending at mtime 0x000000000000000D
htif::tick 0x0000000000000000
mem[X,0x8000101A] -> 0xAA23
mem[X,0x8000101C] -> 0x54A0
[1300] [M]: 0x8000101A (0x54A0AA23) sw a0, 1364(ra)
mem[0x80004668] <- 0x33333334


mem[X,0x8000101E] -> 0x3537
mem[X,0x80001020] -> 0x3333
[1301] [M]: 0x8000101E (0x33333537) lui a0, 209715
x10 <- 0x33333000


mem[X,0x80001022] -> 0x0513
mem[X,0x80001024] -> 0x3345
[1302] [M]: 0x80001022 (0x33450513) addi a0, a0, 820
x10 <- 0x33333334


mem[X,0x80001026] -> 0x996D
[1303] [M]: 0x80001026 (0x996D) c.andi a0, 59
x10 <- 0x33333330


mem[X,0x80001028] -> 0xAC23
mem[X,0x8000102A] -> 0x54A0
[1304] [M]: 0x80001028 (0x54A0AC23) sw a0, 1368(ra)
mem[0x8000466C] <- 0x33333330


mem[X,0x8000102C] -> 0x3537
mem[X,0x8000102E] -> 0x3333
[1305] [M]: 0x8000102C (0x33333537) lui a0, 209715
x10 <- 0x33333000


mem[X,0x80001030] -> 0x0513
mem[X,0x80001032] -> 0x3345
[1306] [M]: 0x80001030 (0x33450513) addi a0, a0, 820
x10 <- 0x33333334


mem[X,0x80001034] -> 0x8909
[1307] [M]: 0x80001034 (0x8909) c.andi a0, 2
x10 <- 0x00000000


mem[X,0x80001036] -> 0xAE23
mem[X,0x80001038] -> 0x54A0
[1308] [M]: 0x80001036 (0x54A0AE23) sw a0, 1372(ra)
mem[0x80004670] <- 0x00000000


mem[X,0x8000103A] -> 0x3537
mem[X,0x8000103C] -> 0x3333
[1309] [M]: 0x8000103A (0x33333537) lui a0, 209715
x10 <- 0x33333000


mem[X,0x8000103E] -> 0x0513
mem[X,0x80001040] -> 0x3345
[1310] [M]: 0x8000103E (0x33450513) addi a0, a0, 820
x10 <- 0x33333334


mem[X,0x80001042] -> 0x8911
[1311] [M]: 0x80001042 (0x8911) c.andi a0, 4
x10 <- 0x00000004


mem[X,0x80001044] -> 0xA023
mem[X,0x80001046] -> 0x56A0
[1312] [M]: 0x80001044 (0x56A0A023) sw a0, 1376(ra)
mem[0x80004674] <- 0x00000004


mem[X,0x80001048] -> 0x3537
mem[X,0x8000104A] -> 0x3333
[1313] [M]: 0x80001048 (0x33333537) lui a0, 209715
x10 <- 0x33333000


mem[X,0x8000104C] -> 0x0513
mem[X,0x8000104E] -> 0x3345
[1314] [M]: 0x8000104C (0x33450513) addi a0, a0, 820
x10 <- 0x33333334


mem[X,0x80001050] -> 0x8925
[1315] [M]: 0x80001050 (0x8925) c.andi a0, 9
x10 <- 0x00000000


mem[X,0x80001052] -> 0xA223
mem[X,0x80001054] -> 0x56A0
[1316] [M]: 0x80001052 (0x56A0A223) sw a0, 1380(ra)
mem[0x80004678] <- 0x00000000


mem[X,0x80001056] -> 0x3537
mem[X,0x80001058] -> 0x3333
[1317] [M]: 0x80001056 (0x33333537) lui a0, 209715
x10 <- 0x33333000


mem[X,0x8000105A] -> 0x0513
mem[X,0x8000105C] -> 0x3345
[1318] [M]: 0x8000105A (0x33450513) addi a0, a0, 820
x10 <- 0x33333334


mem[X,0x8000105E] -> 0x8901
[1319] [M]: 0x8000105E (0x8901) c.andi a0, 0
x10 <- 0x00000000


mem[X,0x80001060] -> 0xA423
mem[X,0x80001062] -> 0x56A0
[1320] [M]: 0x80001060 (0x56A0A423) sw a0, 1384(ra)
mem[0x8000467C] <- 0x00000000


mem[X,0x80001064] -> 0x3537
mem[X,0x80001066] -> 0x3333
[1321] [M]: 0x80001064 (0x33333537) lui a0, 209715
x10 <- 0x33333000


mem[X,0x80001068] -> 0x0513
mem[X,0x8000106A] -> 0x3345
[1322] [M]: 0x80001068 (0x33450513) addi a0, a0, 820
x10 <- 0x33333334


mem[X,0x8000106C] -> 0x892D
[1323] [M]: 0x8000106C (0x892D) c.andi a0, 11
x10 <- 0x00000000


mem[X,0x8000106E] -> 0xA623
mem[X,0x80001070] -> 0x56A0
[1324] [M]: 0x8000106E (0x56A0A623) sw a0, 1388(ra)
mem[0x80004680] <- 0x00000000


mem[X,0x80001072] -> 0x3537
mem[X,0x80001074] -> 0x3333
[1325] [M]: 0x80001072 (0x33333537) lui a0, 209715
x10 <- 0x33333000


mem[X,0x80001076] -> 0x0513
mem[X,0x80001078] -> 0x3345
[1326] [M]: 0x80001076 (0x33450513) addi a0, a0, 820
x10 <- 0x33333334


mem[X,0x8000107A] -> 0x891D
[1327] [M]: 0x8000107A (0x891D) c.andi a0, 7
x10 <- 0x00000004


mem[X,0x8000107C] -> 0xA823
mem[X,0x8000107E] -> 0x56A0
[1328] [M]: 0x8000107C (0x56A0A823) sw a0, 1392(ra)
mem[0x80004684] <- 0x00000004


mem[X,0x80001080] -> 0x3537
mem[X,0x80001082] -> 0x3333
[1329] [M]: 0x80001080 (0x33333537) lui a0, 209715
x10 <- 0x33333000


mem[X,0x80001084] -> 0x0513
mem[X,0x80001086] -> 0x3345
[1330] [M]: 0x80001084 (0x33450513) addi a0, a0, 820
x10 <- 0x33333334


mem[X,0x80001088] -> 0x997D
[1331] [M]: 0x80001088 (0x997D) c.andi a0, 63
x10 <- 0x33333334


mem[X,0x8000108A] -> 0xAA23
mem[X,0x8000108C] -> 0x56A0
[1332] [M]: 0x8000108A (0x56A0AA23) sw a0, 1396(ra)
mem[0x80004688] <- 0x33333334


mem[X,0x8000108E] -> 0x3537
mem[X,0x80001090] -> 0x3333
[1333] [M]: 0x8000108E (0x33333537) lui a0, 209715
x10 <- 0x33333000


mem[X,0x80001092] -> 0x0513
mem[X,0x80001094] -> 0x3345
[1334] [M]: 0x80001092 (0x33450513) addi a0, a0, 820
x10 <- 0x33333334


mem[X,0x80001096] -> 0x9971
[1335] [M]: 0x80001096 (0x9971) c.andi a0, 60
x10 <- 0x33333334


mem[X,0x80001098] -> 0xAC23
mem[X,0x8000109A] -> 0x56A0
[1336] [M]: 0x80001098 (0x56A0AC23) sw a0, 1400(ra)
mem[0x8000468C] <- 0x33333334


mem[X,0x8000109C] -> 0x6537
mem[X,0x8000109E] -> 0x6666
[1337] [M]: 0x8000109C (0x66666537) lui a0, 419430
x10 <- 0x66666000


mem[X,0x800010A0] -> 0x0513
mem[X,0x800010A2] -> 0x6675
[1338] [M]: 0x800010A0 (0x66750513) addi a0, a0, 1639
x10 <- 0x66666667


mem[X,0x800010A4] -> 0x890D
[1339] [M]: 0x800010A4 (0x890D) c.andi a0, 3
x10 <- 0x00000003


mem[X,0x800010A6] -> 0xAE23
mem[X,0x800010A8] -> 0x56A0
[1340] [M]: 0x800010A6 (0x56A0AE23) sw a0, 1404(ra)
mem[0x80004690] <- 0x00000003


mem[X,0x800010AA] -> 0x6537
mem[X,0x800010AC] -> 0x6666
[1341] [M]: 0x800010AA (0x66666537) lui a0, 419430
x10 <- 0x66666000


mem[X,0x800010AE] -> 0x0513
mem[X,0x800010B0] -> 0x6675
[1342] [M]: 0x800010AE (0x66750513) addi a0, a0, 1639
x10 <- 0x66666667


mem[X,0x800010B2] -> 0x8915
[1343] [M]: 0x800010B2 (0x8915) c.andi a0, 5
x10 <- 0x00000005


mem[X,0x800010B4] -> 0xA023
mem[X,0x800010B6] -> 0x58A0
[1344] [M]: 0x800010B4 (0x58A0A023) sw a0, 1408(ra)
mem[0x80004694] <- 0x00000005


mem[X,0x800010B8] -> 0x6537
mem[X,0x800010BA] -> 0x6666
[1345] [M]: 0x800010B8 (0x66666537) lui a0, 419430
x10 <- 0x66666000


mem[X,0x800010BC] -> 0x0513
mem[X,0x800010BE] -> 0x6675
[1346] [M]: 0x800010BC (0x66750513) addi a0, a0, 1639
x10 <- 0x66666667


mem[X,0x800010C0] -> 0x8929
[1347] [M]: 0x800010C0 (0x8929) c.andi a0, 10
x10 <- 0x00000002


mem[X,0x800010C2] -> 0xA223
mem[X,0x800010C4] -> 0x58A0
[1348] [M]: 0x800010C2 (0x58A0A223) sw a0, 1412(ra)
mem[0x80004698] <- 0x00000002


mem[X,0x800010C6] -> 0x6537
mem[X,0x800010C8] -> 0x6666
[1349] [M]: 0x800010C6 (0x66666537) lui a0, 419430
x10 <- 0x66666000


mem[X,0x800010CA] -> 0x0513
mem[X,0x800010CC] -> 0x6675
[1350] [M]: 0x800010CA (0x66750513) addi a0, a0, 1639
x10 <- 0x66666667


mem[X,0x800010CE] -> 0x8919
[1351] [M]: 0x800010CE (0x8919) c.andi a0, 6
x10 <- 0x00000006


mem[X,0x800010D0] -> 0xA423
mem[X,0x800010D2] -> 0x58A0
[1352] [M]: 0x800010D0 (0x58A0A423) sw a0, 1416(ra)
mem[0x8000469C] <- 0x00000006


mem[X,0x800010D4] -> 0x6537
mem[X,0x800010D6] -> 0x6666
[1353] [M]: 0x800010D4 (0x66666537) lui a0, 419430
x10 <- 0x66666000


mem[X,0x800010D8] -> 0x0513
mem[X,0x800010DA] -> 0x6675
[1354] [M]: 0x800010D8 (0x66750513) addi a0, a0, 1639
x10 <- 0x66666667


mem[X,0x800010DC] -> 0x9979
[1355] [M]: 0x800010DC (0x9979) c.andi a0, 62
x10 <- 0x66666666


mem[X,0x800010DE] -> 0xA623
mem[X,0x800010E0] -> 0x58A0
[1356] [M]: 0x800010DE (0x58A0A623) sw a0, 1420(ra)
mem[0x800046A0] <- 0x66666666


mem[X,0x800010E2] -> 0x6537
mem[X,0x800010E4] -> 0x6666
[1357] [M]: 0x800010E2 (0x66666537) lui a0, 419430
x10 <- 0x66666000


mem[X,0x800010E6] -> 0x0513
mem[X,0x800010E8] -> 0x6675
[1358] [M]: 0x800010E6 (0x66750513) addi a0, a0, 1639
x10 <- 0x66666667


mem[X,0x800010EA] -> 0x8909
[1359] [M]: 0x800010EA (0x8909) c.andi a0, 2
x10 <- 0x00000002


mem[X,0x800010EC] -> 0xA823
mem[X,0x800010EE] -> 0x58A0
[1360] [M]: 0x800010EC (0x58A0A823) sw a0, 1424(ra)
mem[0x800046A4] <- 0x00000002


mem[X,0x800010F0] -> 0x6537
mem[X,0x800010F2] -> 0x6666
[1361] [M]: 0x800010F0 (0x66666537) lui a0, 419430
x10 <- 0x66666000


mem[X,0x800010F4] -> 0x0513
mem[X,0x800010F6] -> 0x6675
[1362] [M]: 0x800010F4 (0x66750513) addi a0, a0, 1639
x10 <- 0x66666667


mem[X,0x800010F8] -> 0x8911
[1363] [M]: 0x800010F8 (0x8911) c.andi a0, 4
x10 <- 0x00000004


mem[X,0x800010FA] -> 0xAA23
mem[X,0x800010FC] -> 0x58A0
[1364] [M]: 0x800010FA (0x58A0AA23) sw a0, 1428(ra)
mem[0x800046A8] <- 0x00000004


mem[X,0x800010FE] -> 0x6537
mem[X,0x80001100] -> 0x6666
[1365] [M]: 0x800010FE (0x66666537) lui a0, 419430
x10 <- 0x66666000


mem[X,0x80001102] -> 0x0513
mem[X,0x80001104] -> 0x6675
[1366] [M]: 0x80001102 (0x66750513) addi a0, a0, 1639
x10 <- 0x66666667


mem[X,0x80001106] -> 0x8925
[1367] [M]: 0x80001106 (0x8925) c.andi a0, 9
x10 <- 0x00000001


mem[X,0x80001108] -> 0xAC23
mem[X,0x8000110A] -> 0x58A0
[1368] [M]: 0x80001108 (0x58A0AC23) sw a0, 1432(ra)
mem[0x800046AC] <- 0x00000001


mem[X,0x8000110C] -> 0x6537
mem[X,0x8000110E] -> 0x6666
[1369] [M]: 0x8000110C (0x66666537) lui a0, 419430
x10 <- 0x66666000


mem[X,0x80001110] -> 0x0513
mem[X,0x80001112] -> 0x6675
[1370] [M]: 0x80001110 (0x66750513) addi a0, a0, 1639
x10 <- 0x66666667


mem[X,0x80001114] -> 0x8901
[1371] [M]: 0x80001114 (0x8901) c.andi a0, 0
x10 <- 0x00000000


mem[X,0x80001116] -> 0xAE23
mem[X,0x80001118] -> 0x58A0
[1372] [M]: 0x80001116 (0x58A0AE23) sw a0, 1436(ra)
mem[0x800046B0] <- 0x00000000


mem[X,0x8000111A] -> 0x6537
mem[X,0x8000111C] -> 0x6666
[1373] [M]: 0x8000111A (0x66666537) lui a0, 419430
x10 <- 0x66666000


mem[X,0x8000111E] -> 0x0513
mem[X,0x80001120] -> 0x6675
[1374] [M]: 0x8000111E (0x66750513) addi a0, a0, 1639
x10 <- 0x66666667


mem[X,0x80001122] -> 0x892D
[1375] [M]: 0x80001122 (0x892D) c.andi a0, 11
x10 <- 0x00000003


mem[X,0x80001124] -> 0xA023
mem[X,0x80001126] -> 0x5AA0
[1376] [M]: 0x80001124 (0x5AA0A023) sw a0, 1440(ra)
mem[0x800046B4] <- 0x00000003


mem[X,0x80001128] -> 0x6537
mem[X,0x8000112A] -> 0x6666
[1377] [M]: 0x80001128 (0x66666537) lui a0, 419430
x10 <- 0x66666000


mem[X,0x8000112C] -> 0x0513
mem[X,0x8000112E] -> 0x6675
[1378] [M]: 0x8000112C (0x66750513) addi a0, a0, 1639
x10 <- 0x66666667


mem[X,0x80001130] -> 0x891D
[1379] [M]: 0x80001130 (0x891D) c.andi a0, 7
x10 <- 0x00000007


mem[X,0x80001132] -> 0xA223
mem[X,0x80001134] -> 0x5AA0
[1380] [M]: 0x80001132 (0x5AA0A223) sw a0, 1444(ra)
mem[0x800046B8] <- 0x00000007


mem[X,0x80001136] -> 0x6537
mem[X,0x80001138] -> 0x6666
[1381] [M]: 0x80001136 (0x66666537) lui a0, 419430
x10 <- 0x66666000


mem[X,0x8000113A] -> 0x0513
mem[X,0x8000113C] -> 0x6675
[1382] [M]: 0x8000113A (0x66750513) addi a0, a0, 1639
x10 <- 0x66666667


mem[X,0x8000113E] -> 0x997D
[1383] [M]: 0x8000113E (0x997D) c.andi a0, 63
x10 <- 0x66666667


mem[X,0x80001140] -> 0xA423
mem[X,0x80001142] -> 0x5AA0
[1384] [M]: 0x80001140 (0x5AA0A423) sw a0, 1448(ra)
mem[0x800046BC] <- 0x66666667


mem[X,0x80001144] -> 0x6537
mem[X,0x80001146] -> 0x6666
[1385] [M]: 0x80001144 (0x66666537) lui a0, 419430
x10 <- 0x66666000


mem[X,0x80001148] -> 0x0513
mem[X,0x8000114A] -> 0x6675
[1386] [M]: 0x80001148 (0x66750513) addi a0, a0, 1639
x10 <- 0x66666667


mem[X,0x8000114C] -> 0x9971
[1387] [M]: 0x8000114C (0x9971) c.andi a0, 60
x10 <- 0x66666664


mem[X,0x8000114E] -> 0xA623
mem[X,0x80001150] -> 0x5AA0
[1388] [M]: 0x8000114E (0x5AA0A623) sw a0, 1452(ra)
mem[0x800046C0] <- 0x66666664


mem[X,0x80001152] -> 0x7555
[1389] [M]: 0x80001152 (0x7555) c.lui a0, 53
x10 <- 0xFFFF5000


mem[X,0x80001154] -> 0x0513
mem[X,0x80001156] -> 0xAFD5
[1390] [M]: 0x80001154 (0xAFD50513) addi a0, a0, 2813
x10 <- 0xFFFF4AFD


mem[X,0x80001158] -> 0x890D
[1391] [M]: 0x80001158 (0x890D) c.andi a0, 3
x10 <- 0x00000001


mem[X,0x8000115A] -> 0xA823
mem[X,0x8000115C] -> 0x5AA0
[1392] [M]: 0x8000115A (0x5AA0A823) sw a0, 1456(ra)
mem[0x800046C4] <- 0x00000001


mem[X,0x8000115E] -> 0x7555
[1393] [M]: 0x8000115E (0x7555) c.lui a0, 53
x10 <- 0xFFFF5000


mem[X,0x80001160] -> 0x0513
mem[X,0x80001162] -> 0xAFD5
[1394] [M]: 0x80001160 (0xAFD50513) addi a0, a0, 2813
x10 <- 0xFFFF4AFD


mem[X,0x80001164] -> 0x8915
[1395] [M]: 0x80001164 (0x8915) c.andi a0, 5
x10 <- 0x00000005


mem[X,0x80001166] -> 0xAA23
mem[X,0x80001168] -> 0x5AA0
[1396] [M]: 0x80001166 (0x5AA0AA23) sw a0, 1460(ra)
mem[0x800046C8] <- 0x00000005


mem[X,0x8000116A] -> 0x7555
[1397] [M]: 0x8000116A (0x7555) c.lui a0, 53
x10 <- 0xFFFF5000


mem[X,0x8000116C] -> 0x0513
mem[X,0x8000116E] -> 0xAFD5
[1398] [M]: 0x8000116C (0xAFD50513) addi a0, a0, 2813
x10 <- 0xFFFF4AFD


mem[X,0x80001170] -> 0x8929
[1399] [M]: 0x80001170 (0x8929) c.andi a0, 10
x10 <- 0x00000008


clint::tick mtime <- 0x000000000000000E
 clint timer pending at mtime 0x000000000000000E
htif::tick 0x0000000000000000
mem[X,0x80001172] -> 0xAC23
mem[X,0x80001174] -> 0x5AA0
[1400] [M]: 0x80001172 (0x5AA0AC23) sw a0, 1464(ra)
mem[0x800046CC] <- 0x00000008


mem[X,0x80001176] -> 0x7555
[1401] [M]: 0x80001176 (0x7555) c.lui a0, 53
x10 <- 0xFFFF5000


mem[X,0x80001178] -> 0x0513
mem[X,0x8000117A] -> 0xAFD5
[1402] [M]: 0x80001178 (0xAFD50513) addi a0, a0, 2813
x10 <- 0xFFFF4AFD


mem[X,0x8000117C] -> 0x8919
[1403] [M]: 0x8000117C (0x8919) c.andi a0, 6
x10 <- 0x00000004


mem[X,0x8000117E] -> 0xAE23
mem[X,0x80001180] -> 0x5AA0
[1404] [M]: 0x8000117E (0x5AA0AE23) sw a0, 1468(ra)
mem[0x800046D0] <- 0x00000004


mem[X,0x80001182] -> 0x7555
[1405] [M]: 0x80001182 (0x7555) c.lui a0, 53
x10 <- 0xFFFF5000


mem[X,0x80001184] -> 0x0513
mem[X,0x80001186] -> 0xAFD5
[1406] [M]: 0x80001184 (0xAFD50513) addi a0, a0, 2813
x10 <- 0xFFFF4AFD


mem[X,0x80001188] -> 0x9979
[1407] [M]: 0x80001188 (0x9979) c.andi a0, 62
x10 <- 0xFFFF4AFC


mem[X,0x8000118A] -> 0xA023
mem[X,0x8000118C] -> 0x5CA0
[1408] [M]: 0x8000118A (0x5CA0A023) sw a0, 1472(ra)
mem[0x800046D4] <- 0xFFFF4AFC


mem[X,0x8000118E] -> 0x7555
[1409] [M]: 0x8000118E (0x7555) c.lui a0, 53
x10 <- 0xFFFF5000


mem[X,0x80001190] -> 0x0513
mem[X,0x80001192] -> 0xAFD5
[1410] [M]: 0x80001190 (0xAFD50513) addi a0, a0, 2813
x10 <- 0xFFFF4AFD


mem[X,0x80001194] -> 0x996D
[1411] [M]: 0x80001194 (0x996D) c.andi a0, 59
x10 <- 0xFFFF4AF9


mem[X,0x80001196] -> 0xA223
mem[X,0x80001198] -> 0x5CA0
[1412] [M]: 0x80001196 (0x5CA0A223) sw a0, 1476(ra)
mem[0x800046D8] <- 0xFFFF4AF9


mem[X,0x8000119A] -> 0x7555
[1413] [M]: 0x8000119A (0x7555) c.lui a0, 53
x10 <- 0xFFFF5000


mem[X,0x8000119C] -> 0x0513
mem[X,0x8000119E] -> 0xAFD5
[1414] [M]: 0x8000119C (0xAFD50513) addi a0, a0, 2813
x10 <- 0xFFFF4AFD


mem[X,0x800011A0] -> 0x8909
[1415] [M]: 0x800011A0 (0x8909) c.andi a0, 2
x10 <- 0x00000000


mem[X,0x800011A2] -> 0xA423
mem[X,0x800011A4] -> 0x5CA0
[1416] [M]: 0x800011A2 (0x5CA0A423) sw a0, 1480(ra)
mem[0x800046DC] <- 0x00000000


mem[X,0x800011A6] -> 0x7555
[1417] [M]: 0x800011A6 (0x7555) c.lui a0, 53
x10 <- 0xFFFF5000


mem[X,0x800011A8] -> 0x0513
mem[X,0x800011AA] -> 0xAFD5
[1418] [M]: 0x800011A8 (0xAFD50513) addi a0, a0, 2813
x10 <- 0xFFFF4AFD


mem[X,0x800011AC] -> 0x8911
[1419] [M]: 0x800011AC (0x8911) c.andi a0, 4
x10 <- 0x00000004


mem[X,0x800011AE] -> 0xA623
mem[X,0x800011B0] -> 0x5CA0
[1420] [M]: 0x800011AE (0x5CA0A623) sw a0, 1484(ra)
mem[0x800046E0] <- 0x00000004


mem[X,0x800011B2] -> 0x7555
[1421] [M]: 0x800011B2 (0x7555) c.lui a0, 53
x10 <- 0xFFFF5000


mem[X,0x800011B4] -> 0x0513
mem[X,0x800011B6] -> 0xAFD5
[1422] [M]: 0x800011B4 (0xAFD50513) addi a0, a0, 2813
x10 <- 0xFFFF4AFD


mem[X,0x800011B8] -> 0x8925
[1423] [M]: 0x800011B8 (0x8925) c.andi a0, 9
x10 <- 0x00000009


mem[X,0x800011BA] -> 0xA823
mem[X,0x800011BC] -> 0x5CA0
[1424] [M]: 0x800011BA (0x5CA0A823) sw a0, 1488(ra)
mem[0x800046E4] <- 0x00000009


mem[X,0x800011BE] -> 0x7555
[1425] [M]: 0x800011BE (0x7555) c.lui a0, 53
x10 <- 0xFFFF5000


mem[X,0x800011C0] -> 0x0513
mem[X,0x800011C2] -> 0xAFD5
[1426] [M]: 0x800011C0 (0xAFD50513) addi a0, a0, 2813
x10 <- 0xFFFF4AFD


mem[X,0x800011C4] -> 0x8901
[1427] [M]: 0x800011C4 (0x8901) c.andi a0, 0
x10 <- 0x00000000


mem[X,0x800011C6] -> 0xAA23
mem[X,0x800011C8] -> 0x5CA0
[1428] [M]: 0x800011C6 (0x5CA0AA23) sw a0, 1492(ra)
mem[0x800046E8] <- 0x00000000


mem[X,0x800011CA] -> 0x7555
[1429] [M]: 0x800011CA (0x7555) c.lui a0, 53
x10 <- 0xFFFF5000


mem[X,0x800011CC] -> 0x0513
mem[X,0x800011CE] -> 0xAFD5
[1430] [M]: 0x800011CC (0xAFD50513) addi a0, a0, 2813
x10 <- 0xFFFF4AFD


mem[X,0x800011D0] -> 0x892D
[1431] [M]: 0x800011D0 (0x892D) c.andi a0, 11
x10 <- 0x00000009


mem[X,0x800011D2] -> 0xAC23
mem[X,0x800011D4] -> 0x5CA0
[1432] [M]: 0x800011D2 (0x5CA0AC23) sw a0, 1496(ra)
mem[0x800046EC] <- 0x00000009


mem[X,0x800011D6] -> 0x7555
[1433] [M]: 0x800011D6 (0x7555) c.lui a0, 53
x10 <- 0xFFFF5000


mem[X,0x800011D8] -> 0x0513
mem[X,0x800011DA] -> 0xAFD5
[1434] [M]: 0x800011D8 (0xAFD50513) addi a0, a0, 2813
x10 <- 0xFFFF4AFD


mem[X,0x800011DC] -> 0x891D
[1435] [M]: 0x800011DC (0x891D) c.andi a0, 7
x10 <- 0x00000005


mem[X,0x800011DE] -> 0xAE23
mem[X,0x800011E0] -> 0x5CA0
[1436] [M]: 0x800011DE (0x5CA0AE23) sw a0, 1500(ra)
mem[0x800046F0] <- 0x00000005


mem[X,0x800011E2] -> 0x006F
mem[X,0x800011E4] -> 0x0200
[1437] [M]: 0x800011E2 (0x0200006F) jal zero, 32


mem[X,0x80001202] -> 0x4085
[1438] [M]: 0x80001202 (0x4085) c.li ra, 1
x1 <- 0x00000001


mem[X,0x80001204] -> 0x1F17
mem[X,0x80001206] -> 0x0000
[1439] [M]: 0x80001204 (0x00001F17) auipc t5, 1
x30 <- 0x80002204


mem[X,0x80001208] -> 0x2E23
mem[X,0x8000120A] -> 0xDE1F
[1440] [M]: 0x80001208 (0xDE1F2E23) sw ra, 3580(t5)
htif[0x80002000] <- 0x00000001


mem[X,0x8000120C] -> 0xBFE5
[1441] [M]: 0x8000120C (0xBFE5) c.j 2044


mem[X,0x80001204] -> 0x1F17
mem[X,0x80001206] -> 0x0000
[1442] [M]: 0x80001204 (0x00001F17) auipc t5, 1
x30 <- 0x80002204


mem[X,0x80001208] -> 0x2E23
mem[X,0x8000120A] -> 0xDE1F
[1443] [M]: 0x80001208 (0xDE1F2E23) sw ra, 3580(t5)
htif[0x80002000] <- 0x00000001


mem[X,0x8000120C] -> 0xBFE5
[1444] [M]: 0x8000120C (0xBFE5) c.j 2044


mem[X,0x80001204] -> 0x1F17
mem[X,0x80001206] -> 0x0000
[1445] [M]: 0x80001204 (0x00001F17) auipc t5, 1
x30 <- 0x80002204


mem[X,0x80001208] -> 0x2E23
mem[X,0x8000120A] -> 0xDE1F
[1446] [M]: 0x80001208 (0xDE1F2E23) sw ra, 3580(t5)
htif[0x80002000] <- 0x00000001
htif-syscall-proxy cmd: 0x000000000001

SUCCESS
