using /home/force/Desktop/work/compliance_testing/our_riscv/work/riscof_work/C/src/cxor-01.S/ref/Reference-sail_c_simulator.signature for test-signature output.
[Sail] Allocating new block 0x80000000
tohost located at 0x80003000
[Sail] Allocating new block 0x0

Running file ref.elf.
ELF Entry @ 0x80000000
begin_signature: 0x80005110
end_signature: 0x80005a40
CSR mstatus <- 0x00000000 (input: 0x00000000)
mem[X,0x00001000] -> 0x0297
mem[X,0x00001002] -> 0x0000
[0] [M]: 0x00001000 (0x00000297) auipc t0, 0
x5 <- 0x00001000


mem[X,0x00001004] -> 0x8593
mem[X,0x00001006] -> 0x0202
[1] [M]: 0x00001004 (0x02028593) addi a1, t0, 32
x11 <- 0x00001020


mem[X,0x00001008] -> 0x2573
mem[X,0x0000100A] -> 0xF140
[2] [M]: 0x00001008 (0xF1402573) csrrs a0, mhartid, zero
CSR mhartid -> 0x00000000
x10 <- 0x00000000


mem[X,0x0000100C] -> 0xA283
mem[X,0x0000100E] -> 0x0182
[3] [M]: 0x0000100C (0x0182A283) lw t0, 24(t0)
mem[R,0x00001018] -> 0x80000000
x5 <- 0x80000000


mem[X,0x00001010] -> 0x8067
mem[X,0x00001012] -> 0x0002
[4] [M]: 0x00001010 (0x00028067) jalr zero, t0, 0


mem[X,0x80000000] -> 0xC0B7
mem[X,0x80000002] -> 0xFEED
[5] [M]: 0x80000000 (0xFEEDC0B7) lui ra, 1044188
x1 <- 0xFEEDC000


mem[X,0x80000004] -> 0x8093
mem[X,0x80000006] -> 0xEAD0
[6] [M]: 0x80000004 (0xEAD08093) addi ra, ra, 3757
x1 <- 0xFEEDBEAD


mem[X,0x80000008] -> 0xE137
mem[X,0x8000000A] -> 0xFF76
[7] [M]: 0x80000008 (0xFF76E137) lui sp, 1046382
x2 <- 0xFF76E000


mem[X,0x8000000C] -> 0x0113
mem[X,0x8000000E] -> 0xF561
[8] [M]: 0x8000000C (0xF5610113) addi sp, sp, 3926
x2 <- 0xFF76DF56


mem[X,0x80000010] -> 0x71B7
mem[X,0x80000012] -> 0x7FBB
[9] [M]: 0x80000010 (0x7FBB71B7) lui gp, 523191
x3 <- 0x7FBB7000


mem[X,0x80000014] -> 0x8193
mem[X,0x80000016] -> 0xFAB1
[10] [M]: 0x80000014 (0xFAB18193) addi gp, gp, 4011
x3 <- 0x7FBB6FAB


mem[X,0x80000018] -> 0xB237
mem[X,0x8000001A] -> 0xBFDD
[11] [M]: 0x80000018 (0xBFDDB237) lui tp, 785883
x4 <- 0xBFDDB000


mem[X,0x8000001C] -> 0x0213
mem[X,0x8000001E] -> 0x7D52
[12] [M]: 0x8000001C (0x7D520213) addi tp, tp, 2005
x4 <- 0xBFDDB7D5


mem[X,0x80000020] -> 0x0297
mem[X,0x80000022] -> 0x0000
[13] [M]: 0x80000020 (0x00000297) auipc t0, 0
x5 <- 0x80000020


mem[X,0x80000024] -> 0x8293
mem[X,0x80000026] -> 0x0882
[14] [M]: 0x80000024 (0x08828293) addi t0, t0, 136
x5 <- 0x800000A8


mem[X,0x80000028] -> 0x0013
mem[X,0x8000002A] -> 0x0000
[15] [M]: 0x80000028 (0x00000013) addi zero, zero, 0


mem[X,0x8000002C] -> 0x0013
mem[X,0x8000002E] -> 0x0000
[16] [M]: 0x8000002C (0x00000013) addi zero, zero, 0


mem[X,0x80000030] -> 0x0013
mem[X,0x80000032] -> 0x0000
[17] [M]: 0x80000030 (0x00000013) addi zero, zero, 0


mem[X,0x80000034] -> 0x0013
mem[X,0x80000036] -> 0x0000
[18] [M]: 0x80000034 (0x00000013) addi zero, zero, 0


mem[X,0x80000038] -> 0x0013
mem[X,0x8000003A] -> 0x0000
[19] [M]: 0x80000038 (0x00000013) addi zero, zero, 0


mem[X,0x8000003C] -> 0x0013
mem[X,0x8000003E] -> 0x0000
[20] [M]: 0x8000003C (0x00000013) addi zero, zero, 0


mem[X,0x80000040] -> 0x4317
mem[X,0x80000042] -> 0x0000
[21] [M]: 0x80000040 (0x00004317) auipc t1, 4
x6 <- 0x80004040


mem[X,0x80000044] -> 0x0313
mem[X,0x80000046] -> 0xFC03
[22] [M]: 0x80000044 (0xFC030313) addi t1, t1, 4032
x6 <- 0x80004000


mem[X,0x80000048] -> 0x0013
mem[X,0x8000004A] -> 0x0000
[23] [M]: 0x80000048 (0x00000013) addi zero, zero, 0


mem[X,0x8000004C] -> 0x0013
mem[X,0x8000004E] -> 0x0000
[24] [M]: 0x8000004C (0x00000013) addi zero, zero, 0


mem[X,0x80000050] -> 0x0013
mem[X,0x80000052] -> 0x0000
[25] [M]: 0x80000050 (0x00000013) addi zero, zero, 0


mem[X,0x80000054] -> 0x0013
mem[X,0x80000056] -> 0x0000
[26] [M]: 0x80000054 (0x00000013) addi zero, zero, 0


mem[X,0x80000058] -> 0x0013
mem[X,0x8000005A] -> 0x0000
[27] [M]: 0x80000058 (0x00000013) addi zero, zero, 0


mem[X,0x8000005C] -> 0x0013
mem[X,0x8000005E] -> 0x0000
[28] [M]: 0x8000005C (0x00000013) addi zero, zero, 0


mem[X,0x80000060] -> 0xB3B7
mem[X,0x80000062] -> 0xB7FB
[29] [M]: 0x80000060 (0xB7FBB3B7) lui t2, 753595
x7 <- 0xB7FBB000


mem[X,0x80000064] -> 0x8393
mem[X,0x80000066] -> 0x6FA3
[30] [M]: 0x80000064 (0x6FA38393) addi t2, t2, 1786
x7 <- 0xB7FBB6FA


mem[X,0x80000068] -> 0xE437
mem[X,0x8000006A] -> 0x5BFD
[31] [M]: 0x80000068 (0x5BFDE437) lui fp, 376798
x8 <- 0x5BFDE000


mem[X,0x8000006C] -> 0x0413
mem[X,0x8000006E] -> 0xB7D4
[32] [M]: 0x8000006C (0xB7D40413) addi fp, fp, 2941
x8 <- 0x5BFDDB7D


mem[X,0x80000070] -> 0xF4B7
mem[X,0x80000072] -> 0xADFE
[33] [M]: 0x80000070 (0xADFEF4B7) lui s1, 712687
x9 <- 0xADFEF000


mem[X,0x80000074] -> 0x8493
mem[X,0x80000076] -> 0xDBE4
[34] [M]: 0x80000074 (0xDBE48493) addi s1, s1, 3518
x9 <- 0xADFEEDBE


mem[X,0x80000078] -> 0x7537
mem[X,0x8000007A] -> 0x56FF
[35] [M]: 0x80000078 (0x56FF7537) lui a0, 356343
x10 <- 0x56FF7000


mem[X,0x8000007C] -> 0x0513
mem[X,0x8000007E] -> 0x6DF5
[36] [M]: 0x8000007C (0x6DF50513) addi a0, a0, 1759
x10 <- 0x56FF76DF


mem[X,0x80000080] -> 0xC5B7
mem[X,0x80000082] -> 0xAB7F
[37] [M]: 0x80000080 (0xAB7FC5B7) lui a1, 702460
x11 <- 0xAB7FC000


mem[X,0x80000084] -> 0x8593
mem[X,0x80000086] -> 0xB6F5
[38] [M]: 0x80000084 (0xB6F58593) addi a1, a1, 2927
x11 <- 0xAB7FBB6F


mem[X,0x80000088] -> 0xE637
mem[X,0x8000008A] -> 0xD5BF
[39] [M]: 0x80000088 (0xD5BFE637) lui a2, 875518
x12 <- 0xD5BFE000


mem[X,0x8000008C] -> 0x0613
mem[X,0x8000008E] -> 0xDB76
[40] [M]: 0x8000008C (0xDB760613) addi a2, a2, 3511
x12 <- 0xD5BFDDB7


mem[X,0x80000090] -> 0xF6B7
mem[X,0x80000092] -> 0xEADF
[41] [M]: 0x80000090 (0xEADFF6B7) lui a3, 962047
x13 <- 0xEADFF000


mem[X,0x80000094] -> 0x8693
mem[X,0x80000096] -> 0xEDB6
[42] [M]: 0x80000094 (0xEDB68693) addi a3, a3, 3803
x13 <- 0xEADFEEDB


mem[X,0x80000098] -> 0xF737
mem[X,0x8000009A] -> 0xF56F
[43] [M]: 0x80000098 (0xF56FF737) lui a4, 1005311
x14 <- 0xF56FF000


mem[X,0x8000009C] -> 0x0713
mem[X,0x8000009E] -> 0x76D7
[44] [M]: 0x8000009C (0x76D70713) addi a4, a4, 1901
x14 <- 0xF56FF76D


mem[X,0x800000A0] -> 0x07B7
mem[X,0x800000A2] -> 0xFAB8
[45] [M]: 0x800000A0 (0xFAB807B7) lui a5, 1026944
x15 <- 0xFAB80000


mem[X,0x800000A4] -> 0x8793
mem[X,0x800000A6] -> 0xBB67
[46] [M]: 0x800000A4 (0xBB678793) addi a5, a5, 2998
x15 <- 0xFAB7FBB6


mem[X,0x800000A8] -> 0x0013
mem[X,0x800000AA] -> 0x0000
[47] [M]: 0x800000A8 (0x00000013) addi zero, zero, 0


mem[X,0x800000AC] -> 0x0013
mem[X,0x800000AE] -> 0x0000
[48] [M]: 0x800000AC (0x00000013) addi zero, zero, 0


mem[X,0x800000B0] -> 0x0013
mem[X,0x800000B2] -> 0x0000
[49] [M]: 0x800000B0 (0x00000013) addi zero, zero, 0


mem[X,0x800000B4] -> 0x0013
mem[X,0x800000B6] -> 0x0000
[50] [M]: 0x800000B4 (0x00000013) addi zero, zero, 0


mem[X,0x800000B8] -> 0x0013
mem[X,0x800000BA] -> 0x0000
[51] [M]: 0x800000B8 (0x00000013) addi zero, zero, 0


mem[X,0x800000BC] -> 0x0013
mem[X,0x800000BE] -> 0x0000
[52] [M]: 0x800000BC (0x00000013) addi zero, zero, 0


mem[X,0x800000C0] -> 0x5097
mem[X,0x800000C2] -> 0x0000
[53] [M]: 0x800000C0 (0x00005097) auipc ra, 5
x1 <- 0x800050C0


mem[X,0x800000C4] -> 0x8093
mem[X,0x800000C6] -> 0x0540
[54] [M]: 0x800000C4 (0x05408093) addi ra, ra, 84
x1 <- 0x80005114


mem[X,0x800000C8] -> 0x0013
mem[X,0x800000CA] -> 0x0000
[55] [M]: 0x800000C8 (0x00000013) addi zero, zero, 0


mem[X,0x800000CC] -> 0x0013
mem[X,0x800000CE] -> 0x0000
[56] [M]: 0x800000CC (0x00000013) addi zero, zero, 0


mem[X,0x800000D0] -> 0x0013
mem[X,0x800000D2] -> 0x0000
[57] [M]: 0x800000D0 (0x00000013) addi zero, zero, 0


mem[X,0x800000D4] -> 0x0013
mem[X,0x800000D6] -> 0x0000
[58] [M]: 0x800000D4 (0x00000013) addi zero, zero, 0


mem[X,0x800000D8] -> 0x0013
mem[X,0x800000DA] -> 0x0000
[59] [M]: 0x800000D8 (0x00000013) addi zero, zero, 0


mem[X,0x800000DC] -> 0x0013
mem[X,0x800000DE] -> 0x0000
[60] [M]: 0x800000DC (0x00000013) addi zero, zero, 0


mem[X,0x800000E0] -> 0x0737
mem[X,0x800000E2] -> 0x8000
[61] [M]: 0x800000E0 (0x80000737) lui a4, 524288
x14 <- 0x80000000


mem[X,0x800000E4] -> 0x4515
[62] [M]: 0x800000E4 (0x4515) c.li a0, 5
x10 <- 0x00000005


mem[X,0x800000E6] -> 0x8D39
[63] [M]: 0x800000E6 (0x8D39) c.xor a0, a4
x10 <- 0x80000005


mem[X,0x800000E8] -> 0xA023
mem[X,0x800000EA] -> 0x00A0
[64] [M]: 0x800000E8 (0x00A0A023) sw a0, 0(ra)
mem[0x80005114] <- 0x80000005


mem[X,0x800000EC] -> 0x64A1
[65] [M]: 0x800000EC (0x64A1) c.lui s1, 8
x9 <- 0x00008000


mem[X,0x800000EE] -> 0x64A1
[66] [M]: 0x800000EE (0x64A1) c.lui s1, 8
x9 <- 0x00008000


mem[X,0x800000F0] -> 0x8CA5
[67] [M]: 0x800000F0 (0x8CA5) c.xor s1, s1
x9 <- 0x00000000


mem[X,0x800000F2] -> 0xA223
mem[X,0x800000F4] -> 0x0090
[68] [M]: 0x800000F2 (0x0090A223) sw s1, 4(ra)
mem[0x80005118] <- 0x00000000


mem[X,0x800000F6] -> 0x07B7
mem[X,0x800000F8] -> 0x8000
[69] [M]: 0x800000F6 (0x800007B7) lui a5, 524288
x15 <- 0x80000000


mem[X,0x800000FA] -> 0x17FD
[70] [M]: 0x800000FA (0x17FD) c.addi a5, 63
x15 <- 0x7FFFFFFF


mem[X,0x800000FC] -> 0x5671
[71] [M]: 0x800000FC (0x5671) c.li a2, 60
x12 <- 0xFFFFFFFC


mem[X,0x800000FE] -> 0x8E3D
[72] [M]: 0x800000FE (0x8E3D) c.xor a2, a5
x12 <- 0x80000003


mem[X,0x80000100] -> 0xA423
mem[X,0x80000102] -> 0x00C0
[73] [M]: 0x80000100 (0x00C0A423) sw a2, 8(ra)
mem[0x8000511C] <- 0x80000003


mem[X,0x80000104] -> 0x4685
[74] [M]: 0x80000104 (0x4685) c.li a3, 1
x13 <- 0x00000001


mem[X,0x80000106] -> 0x4799
[75] [M]: 0x80000106 (0x4799) c.li a5, 6
x15 <- 0x00000006


mem[X,0x80000108] -> 0x8FB5
[76] [M]: 0x80000108 (0x8FB5) c.xor a5, a3
x15 <- 0x00000007


mem[X,0x8000010A] -> 0xA623
mem[X,0x8000010C] -> 0x00F0
[77] [M]: 0x8000010A (0x00F0A623) sw a5, 12(ra)
mem[0x80005120] <- 0x00000007


mem[X,0x8000010E] -> 0x7655
[78] [M]: 0x8000010E (0x7655) c.lui a2, 53
x12 <- 0xFFFF5000


mem[X,0x80000110] -> 0x0613
mem[X,0x80000112] -> 0xAFC6
[79] [M]: 0x80000110 (0xAFC60613) addi a2, a2, 2812
x12 <- 0xFFFF4AFC


mem[X,0x80000114] -> 0x0437
mem[X,0x80000116] -> 0x8000
[80] [M]: 0x80000114 (0x80000437) lui fp, 524288
x8 <- 0x80000000


mem[X,0x80000118] -> 0x8C31
[81] [M]: 0x80000118 (0x8C31) c.xor s0, a2
x8 <- 0x7FFF4AFC


mem[X,0x8000011A] -> 0xA823
mem[X,0x8000011C] -> 0x0080
[82] [M]: 0x8000011A (0x0080A823) sw fp, 16(ra)
mem[0x80005124] <- 0x7FFF4AFC


mem[X,0x8000011E] -> 0x0513
mem[X,0x80000120] -> 0x4000
[83] [M]: 0x8000011E (0x40000513) addi a0, zero, 1024
x10 <- 0x00000400


mem[X,0x80000122] -> 0x4701
[84] [M]: 0x80000122 (0x4701) c.li a4, 0
x14 <- 0x00000000


mem[X,0x80000124] -> 0x8F29
[85] [M]: 0x80000124 (0x8F29) c.xor a4, a0
x14 <- 0x00000400


mem[X,0x80000126] -> 0xAA23
mem[X,0x80000128] -> 0x00E0
[86] [M]: 0x80000126 (0x00E0AA23) sw a4, 20(ra)
mem[0x80005128] <- 0x00000400


mem[X,0x8000012A] -> 0x4419
[87] [M]: 0x8000012A (0x4419) c.li fp, 6
x8 <- 0x00000006


mem[X,0x8000012C] -> 0x05B7
mem[X,0x8000012E] -> 0x8000
[88] [M]: 0x8000012C (0x800005B7) lui a1, 524288
x11 <- 0x80000000


mem[X,0x80000130] -> 0x15FD
[89] [M]: 0x80000130 (0x15FD) c.addi a1, 63
x11 <- 0x7FFFFFFF


mem[X,0x80000132] -> 0x8DA1
[90] [M]: 0x80000132 (0x8DA1) c.xor a1, s0
x11 <- 0x7FFFFFF9


mem[X,0x80000134] -> 0xAC23
mem[X,0x80000136] -> 0x00B0
[91] [M]: 0x80000134 (0x00B0AC23) sw a1, 24(ra)
mem[0x8000512C] <- 0x7FFFFFF9


mem[X,0x80000138] -> 0x0593
mem[X,0x8000013A] -> 0x0400
[92] [M]: 0x80000138 (0x04000593) addi a1, zero, 64
x11 <- 0x00000040


mem[X,0x8000013C] -> 0x4685
[93] [M]: 0x8000013C (0x4685) c.li a3, 1
x13 <- 0x00000001


mem[X,0x8000013E] -> 0x8EAD
[94] [M]: 0x8000013E (0x8EAD) c.xor a3, a1
x13 <- 0x00000041


mem[X,0x80000140] -> 0xAE23
mem[X,0x80000142] -> 0x00D0
[95] [M]: 0x80000140 (0x00D0AE23) sw a3, 28(ra)
mem[0x80005130] <- 0x00000041


mem[X,0x80000144] -> 0x4589
[96] [M]: 0x80000144 (0x4589) c.li a1, 2
x11 <- 0x00000002


mem[X,0x80000146] -> 0x556D
[97] [M]: 0x80000146 (0x556D) c.li a0, 59
x10 <- 0xFFFFFFFB


mem[X,0x80000148] -> 0x8D2D
[98] [M]: 0x80000148 (0x8D2D) c.xor a0, a1
x10 <- 0xFFFFFFF9


mem[X,0x8000014A] -> 0xA023
mem[X,0x8000014C] -> 0x02A0
[99] [M]: 0x8000014A (0x02A0A023) sw a0, 32(ra)
mem[0x80005134] <- 0xFFFFFFF9


clint::tick mtime <- 0x0000000000000001
 clint timer pending at mtime 0x0000000000000001
htif::tick 0x0000000000000000
mem[X,0x8000014E] -> 0x4591
[100] [M]: 0x8000014E (0x4591) c.li a1, 4
x11 <- 0x00000004


mem[X,0x80000150] -> 0xB537
mem[X,0x80000152] -> 0xAAAA
[101] [M]: 0x80000150 (0xAAAAB537) lui a0, 699051
x10 <- 0xAAAAB000


mem[X,0x80000154] -> 0x0513
mem[X,0x80000156] -> 0xAAA5
[102] [M]: 0x80000154 (0xAAA50513) addi a0, a0, 2730
x10 <- 0xAAAAAAAA


mem[X,0x80000158] -> 0x8D2D
[103] [M]: 0x80000158 (0x8D2D) c.xor a0, a1
x10 <- 0xAAAAAAAE


mem[X,0x8000015A] -> 0xA223
mem[X,0x8000015C] -> 0x02A0
[104] [M]: 0x8000015A (0x02A0A223) sw a0, 36(ra)
mem[0x80005138] <- 0xAAAAAAAE


mem[X,0x8000015E] -> 0x45A1
[105] [M]: 0x8000015E (0x45A1) c.li a1, 8
x11 <- 0x00000008


mem[X,0x80000160] -> 0x6505
[106] [M]: 0x80000160 (0x6505) c.lui a0, 1
x10 <- 0x00001000


mem[X,0x80000162] -> 0x0513
mem[X,0x80000164] -> 0x8005
[107] [M]: 0x80000162 (0x80050513) addi a0, a0, 2048
x10 <- 0x00000800


mem[X,0x80000166] -> 0x8D2D
[108] [M]: 0x80000166 (0x8D2D) c.xor a0, a1
x10 <- 0x00000808


mem[X,0x80000168] -> 0xA423
mem[X,0x8000016A] -> 0x02A0
[109] [M]: 0x80000168 (0x02A0A423) sw a0, 40(ra)
mem[0x8000513C] <- 0x00000808


mem[X,0x8000016C] -> 0x45C1
[110] [M]: 0x8000016C (0x45C1) c.li a1, 16
x11 <- 0x00000010


mem[X,0x8000016E] -> 0x7561
[111] [M]: 0x8000016E (0x7561) c.lui a0, 56
x10 <- 0xFFFF8000


mem[X,0x80000170] -> 0x157D
[112] [M]: 0x80000170 (0x157D) c.addi a0, 63
x10 <- 0xFFFF7FFF


mem[X,0x80000172] -> 0x8D2D
[113] [M]: 0x80000172 (0x8D2D) c.xor a0, a1
x10 <- 0xFFFF7FEF


mem[X,0x80000174] -> 0xA623
mem[X,0x80000176] -> 0x02A0
[114] [M]: 0x80000174 (0x02A0A623) sw a0, 44(ra)
mem[0x80005140] <- 0xFFFF7FEF


mem[X,0x80000178] -> 0x0593
mem[X,0x8000017A] -> 0x0200
[115] [M]: 0x80000178 (0x02000593) addi a1, zero, 32
x11 <- 0x00000020


mem[X,0x8000017C] -> 0x0537
mem[X,0x8000017E] -> 0x1000
[116] [M]: 0x8000017C (0x10000537) lui a0, 65536
x10 <- 0x10000000


mem[X,0x80000180] -> 0x8D2D
[117] [M]: 0x80000180 (0x8D2D) c.xor a0, a1
x10 <- 0x10000020


mem[X,0x80000182] -> 0xA823
mem[X,0x80000184] -> 0x02A0
[118] [M]: 0x80000182 (0x02A0A823) sw a0, 48(ra)
mem[0x80005144] <- 0x10000020


mem[X,0x80000186] -> 0x0593
mem[X,0x80000188] -> 0x0800
[119] [M]: 0x80000186 (0x08000593) addi a1, zero, 128
x11 <- 0x00000080


mem[X,0x8000018A] -> 0x0537
mem[X,0x8000018C] -> 0xFFC0
[120] [M]: 0x8000018A (0xFFC00537) lui a0, 1047552
x10 <- 0xFFC00000


mem[X,0x8000018E] -> 0x157D
[121] [M]: 0x8000018E (0x157D) c.addi a0, 63
x10 <- 0xFFBFFFFF


mem[X,0x80000190] -> 0x8D2D
[122] [M]: 0x80000190 (0x8D2D) c.xor a0, a1
x10 <- 0xFFBFFF7F


mem[X,0x80000192] -> 0xAA23
mem[X,0x80000194] -> 0x02A0
[123] [M]: 0x80000192 (0x02A0AA23) sw a0, 52(ra)
mem[0x80005148] <- 0xFFBFFF7F


mem[X,0x80000196] -> 0x0593
mem[X,0x80000198] -> 0x1000
[124] [M]: 0x80000196 (0x10000593) addi a1, zero, 256
x11 <- 0x00000100


mem[X,0x8000019A] -> 0x0537
mem[X,0x8000019C] -> 0x2000
[125] [M]: 0x8000019A (0x20000537) lui a0, 131072
x10 <- 0x20000000


mem[X,0x8000019E] -> 0x8D2D
[126] [M]: 0x8000019E (0x8D2D) c.xor a0, a1
x10 <- 0x20000100


mem[X,0x800001A0] -> 0xAC23
mem[X,0x800001A2] -> 0x02A0
[127] [M]: 0x800001A0 (0x02A0AC23) sw a0, 56(ra)
mem[0x8000514C] <- 0x20000100


mem[X,0x800001A4] -> 0x0593
mem[X,0x800001A6] -> 0x2000
[128] [M]: 0x800001A4 (0x20000593) addi a1, zero, 512
x11 <- 0x00000200


mem[X,0x800001A8] -> 0x0513
mem[X,0x800001AA] -> 0xFDF0
[129] [M]: 0x800001A8 (0xFDF00513) addi a0, zero, 4063
x10 <- 0xFFFFFFDF


mem[X,0x800001AC] -> 0x8D2D
[130] [M]: 0x800001AC (0x8D2D) c.xor a0, a1
x10 <- 0xFFFFFDDF


mem[X,0x800001AE] -> 0xAE23
mem[X,0x800001B0] -> 0x02A0
[131] [M]: 0x800001AE (0x02A0AE23) sw a0, 60(ra)
mem[0x80005150] <- 0xFFFFFDDF


mem[X,0x800001B2] -> 0x6585
[132] [M]: 0x800001B2 (0x6585) c.lui a1, 1
x11 <- 0x00001000


mem[X,0x800001B4] -> 0x8593
mem[X,0x800001B6] -> 0x8005
[133] [M]: 0x800001B4 (0x80058593) addi a1, a1, 2048
x11 <- 0x00000800


mem[X,0x800001B8] -> 0x0537
mem[X,0x800001BA] -> 0xFC00
[134] [M]: 0x800001B8 (0xFC000537) lui a0, 1032192
x10 <- 0xFC000000


mem[X,0x800001BC] -> 0x157D
[135] [M]: 0x800001BC (0x157D) c.addi a0, 63
x10 <- 0xFBFFFFFF


mem[X,0x800001BE] -> 0x8D2D
[136] [M]: 0x800001BE (0x8D2D) c.xor a0, a1
x10 <- 0xFBFFF7FF


mem[X,0x800001C0] -> 0xA023
mem[X,0x800001C2] -> 0x04A0
[137] [M]: 0x800001C0 (0x04A0A023) sw a0, 64(ra)
mem[0x80005154] <- 0xFBFFF7FF


mem[X,0x800001C4] -> 0x6585
[138] [M]: 0x800001C4 (0x6585) c.lui a1, 1
x11 <- 0x00001000


mem[X,0x800001C6] -> 0x5561
[139] [M]: 0x800001C6 (0x5561) c.li a0, 56
x10 <- 0xFFFFFFF8


mem[X,0x800001C8] -> 0x8D2D
[140] [M]: 0x800001C8 (0x8D2D) c.xor a0, a1
x10 <- 0xFFFFEFF8


mem[X,0x800001CA] -> 0xA223
mem[X,0x800001CC] -> 0x04A0
[141] [M]: 0x800001CA (0x04A0A223) sw a0, 68(ra)
mem[0x80005158] <- 0xFFFFEFF8


mem[X,0x800001CE] -> 0x6589
[142] [M]: 0x800001CE (0x6589) c.lui a1, 2
x11 <- 0x00002000


mem[X,0x800001D0] -> 0x0537
mem[X,0x800001D2] -> 0x8000
[143] [M]: 0x800001D0 (0x80000537) lui a0, 524288
x10 <- 0x80000000


mem[X,0x800001D4] -> 0x8D2D
[144] [M]: 0x800001D4 (0x8D2D) c.xor a0, a1
x10 <- 0x80002000


mem[X,0x800001D6] -> 0xA423
mem[X,0x800001D8] -> 0x04A0
[145] [M]: 0x800001D6 (0x04A0A423) sw a0, 72(ra)
mem[0x8000515C] <- 0x80002000


mem[X,0x800001DA] -> 0x6591
[146] [M]: 0x800001DA (0x6591) c.lui a1, 4
x11 <- 0x00004000


mem[X,0x800001DC] -> 0x5579
[147] [M]: 0x800001DC (0x5579) c.li a0, 62
x10 <- 0xFFFFFFFE


mem[X,0x800001DE] -> 0x8D2D
[148] [M]: 0x800001DE (0x8D2D) c.xor a0, a1
x10 <- 0xFFFFBFFE


mem[X,0x800001E0] -> 0xA623
mem[X,0x800001E2] -> 0x04A0
[149] [M]: 0x800001E0 (0x04A0A623) sw a0, 76(ra)
mem[0x80005160] <- 0xFFFFBFFE


mem[X,0x800001E4] -> 0x65A1
[150] [M]: 0x800001E4 (0x65A1) c.lui a1, 8
x11 <- 0x00008000


mem[X,0x800001E6] -> 0xB537
mem[X,0x800001E8] -> 0xAAAA
[151] [M]: 0x800001E6 (0xAAAAB537) lui a0, 699051
x10 <- 0xAAAAB000


mem[X,0x800001EA] -> 0x0513
mem[X,0x800001EC] -> 0xAAB5
[152] [M]: 0x800001EA (0xAAB50513) addi a0, a0, 2731
x10 <- 0xAAAAAAAB


mem[X,0x800001EE] -> 0x8D2D
[153] [M]: 0x800001EE (0x8D2D) c.xor a0, a1
x10 <- 0xAAAA2AAB


mem[X,0x800001F0] -> 0xA823
mem[X,0x800001F2] -> 0x04A0
[154] [M]: 0x800001F0 (0x04A0A823) sw a0, 80(ra)
mem[0x80005164] <- 0xAAAA2AAB


mem[X,0x800001F4] -> 0x65C1
[155] [M]: 0x800001F4 (0x65C1) c.lui a1, 16
x11 <- 0x00010000


mem[X,0x800001F6] -> 0x5537
mem[X,0x800001F8] -> 0x5555
[156] [M]: 0x800001F6 (0x55555537) lui a0, 349525
x10 <- 0x55555000


mem[X,0x800001FA] -> 0x0513
mem[X,0x800001FC] -> 0x5545
[157] [M]: 0x800001FA (0x55450513) addi a0, a0, 1364
x10 <- 0x55555554


mem[X,0x800001FE] -> 0x8D2D
[158] [M]: 0x800001FE (0x8D2D) c.xor a0, a1
x10 <- 0x55545554


mem[X,0x80000200] -> 0xAA23
mem[X,0x80000202] -> 0x04A0
[159] [M]: 0x80000200 (0x04A0AA23) sw a0, 84(ra)
mem[0x80005168] <- 0x55545554


mem[X,0x80000204] -> 0x05B7
mem[X,0x80000206] -> 0x0002
[160] [M]: 0x80000204 (0x000205B7) lui a1, 32
x11 <- 0x00020000


mem[X,0x80000208] -> 0x6537
mem[X,0x8000020A] -> 0x6666
[161] [M]: 0x80000208 (0x66666537) lui a0, 419430
x10 <- 0x66666000


mem[X,0x8000020C] -> 0x0513
mem[X,0x8000020E] -> 0x6655
[162] [M]: 0x8000020C (0x66550513) addi a0, a0, 1637
x10 <- 0x66666665


mem[X,0x80000210] -> 0x8D2D
[163] [M]: 0x80000210 (0x8D2D) c.xor a0, a1
x10 <- 0x66646665


mem[X,0x80000212] -> 0xAC23
mem[X,0x80000214] -> 0x04A0
[164] [M]: 0x80000212 (0x04A0AC23) sw a0, 88(ra)
mem[0x8000516C] <- 0x66646665


mem[X,0x80000216] -> 0x05B7
mem[X,0x80000218] -> 0x0004
[165] [M]: 0x80000216 (0x000405B7) lui a1, 64
x11 <- 0x00040000


mem[X,0x8000021A] -> 0x6537
mem[X,0x8000021C] -> 0x6666
[166] [M]: 0x8000021A (0x66666537) lui a0, 419430
x10 <- 0x66666000


mem[X,0x8000021E] -> 0x0513
mem[X,0x80000220] -> 0x6675
[167] [M]: 0x8000021E (0x66750513) addi a0, a0, 1639
x10 <- 0x66666667


mem[X,0x80000222] -> 0x8D2D
[168] [M]: 0x80000222 (0x8D2D) c.xor a0, a1
x10 <- 0x66626667


mem[X,0x80000224] -> 0xAE23
mem[X,0x80000226] -> 0x04A0
[169] [M]: 0x80000224 (0x04A0AE23) sw a0, 92(ra)
mem[0x80005170] <- 0x66626667


mem[X,0x80000228] -> 0x05B7
mem[X,0x8000022A] -> 0x0008
[170] [M]: 0x80000228 (0x000805B7) lui a1, 128
x11 <- 0x00080000


mem[X,0x8000022C] -> 0x0537
mem[X,0x8000022E] -> 0xFFF8
[171] [M]: 0x8000022C (0xFFF80537) lui a0, 1048448
x10 <- 0xFFF80000


mem[X,0x80000230] -> 0x157D
[172] [M]: 0x80000230 (0x157D) c.addi a0, 63
x10 <- 0xFFF7FFFF


mem[X,0x80000232] -> 0x8D2D
[173] [M]: 0x80000232 (0x8D2D) c.xor a0, a1
x10 <- 0xFFFFFFFF


mem[X,0x80000234] -> 0xA023
mem[X,0x80000236] -> 0x06A0
[174] [M]: 0x80000234 (0x06A0A023) sw a0, 96(ra)
mem[0x80005174] <- 0xFFFFFFFF


mem[X,0x80000238] -> 0x05B7
mem[X,0x8000023A] -> 0x0010
[175] [M]: 0x80000238 (0x001005B7) lui a1, 256
x11 <- 0x00100000


mem[X,0x8000023C] -> 0x0537
mem[X,0x8000023E] -> 0xFFF8
[176] [M]: 0x8000023C (0xFFF80537) lui a0, 1048448
x10 <- 0xFFF80000


mem[X,0x80000240] -> 0x157D
[177] [M]: 0x80000240 (0x157D) c.addi a0, 63
x10 <- 0xFFF7FFFF


mem[X,0x80000242] -> 0x8D2D
[178] [M]: 0x80000242 (0x8D2D) c.xor a0, a1
x10 <- 0xFFE7FFFF


mem[X,0x80000244] -> 0xA223
mem[X,0x80000246] -> 0x06A0
[179] [M]: 0x80000244 (0x06A0A223) sw a0, 100(ra)
mem[0x80005178] <- 0xFFE7FFFF


mem[X,0x80000248] -> 0x05B7
mem[X,0x8000024A] -> 0x0020
[180] [M]: 0x80000248 (0x002005B7) lui a1, 512
x11 <- 0x00200000


mem[X,0x8000024C] -> 0x4515
[181] [M]: 0x8000024C (0x4515) c.li a0, 5
x10 <- 0x00000005


mem[X,0x8000024E] -> 0x8D2D
[182] [M]: 0x8000024E (0x8D2D) c.xor a0, a1
x10 <- 0x00200005


mem[X,0x80000250] -> 0xA423
mem[X,0x80000252] -> 0x06A0
[183] [M]: 0x80000250 (0x06A0A423) sw a0, 104(ra)
mem[0x8000517C] <- 0x00200005


mem[X,0x80000254] -> 0x05B7
mem[X,0x80000256] -> 0x0040
[184] [M]: 0x80000254 (0x004005B7) lui a1, 1024
x11 <- 0x00400000


mem[X,0x80000258] -> 0x0537
mem[X,0x8000025A] -> 0xFFC0
[185] [M]: 0x80000258 (0xFFC00537) lui a0, 1047552
x10 <- 0xFFC00000


mem[X,0x8000025C] -> 0x157D
[186] [M]: 0x8000025C (0x157D) c.addi a0, 63
x10 <- 0xFFBFFFFF


mem[X,0x8000025E] -> 0x8D2D
[187] [M]: 0x8000025E (0x8D2D) c.xor a0, a1
x10 <- 0xFFFFFFFF


mem[X,0x80000260] -> 0xA623
mem[X,0x80000262] -> 0x06A0
[188] [M]: 0x80000260 (0x06A0A623) sw a0, 108(ra)
mem[0x80005180] <- 0xFFFFFFFF


mem[X,0x80000264] -> 0x05B7
mem[X,0x80000266] -> 0x0080
[189] [M]: 0x80000264 (0x008005B7) lui a1, 2048
x11 <- 0x00800000


mem[X,0x80000268] -> 0x0513
mem[X,0x8000026A] -> 0x2000
[190] [M]: 0x80000268 (0x20000513) addi a0, zero, 512
x10 <- 0x00000200


mem[X,0x8000026C] -> 0x8D2D
[191] [M]: 0x8000026C (0x8D2D) c.xor a0, a1
x10 <- 0x00800200


mem[X,0x8000026E] -> 0xA823
mem[X,0x80000270] -> 0x06A0
[192] [M]: 0x8000026E (0x06A0A823) sw a0, 112(ra)
mem[0x80005184] <- 0x00800200


mem[X,0x80000272] -> 0x05B7
mem[X,0x80000274] -> 0x0100
[193] [M]: 0x80000272 (0x010005B7) lui a1, 4096
x11 <- 0x01000000


mem[X,0x80000276] -> 0x5559
[194] [M]: 0x80000276 (0x5559) c.li a0, 54
x10 <- 0xFFFFFFF6


mem[X,0x80000278] -> 0x8D2D
[195] [M]: 0x80000278 (0x8D2D) c.xor a0, a1
x10 <- 0xFEFFFFF6


mem[X,0x8000027A] -> 0xAA23
mem[X,0x8000027C] -> 0x06A0
[196] [M]: 0x8000027A (0x06A0AA23) sw a0, 116(ra)
mem[0x80005188] <- 0xFEFFFFF6


mem[X,0x8000027E] -> 0x05B7
mem[X,0x80000280] -> 0x0200
[197] [M]: 0x8000027E (0x020005B7) lui a1, 8192
x11 <- 0x02000000


mem[X,0x80000282] -> 0x5537
mem[X,0x80000284] -> 0x5555
[198] [M]: 0x80000282 (0x55555537) lui a0, 349525
x10 <- 0x55555000


mem[X,0x80000286] -> 0x0513
mem[X,0x80000288] -> 0x5545
[199] [M]: 0x80000286 (0x55450513) addi a0, a0, 1364
x10 <- 0x55555554


clint::tick mtime <- 0x0000000000000002
 clint timer pending at mtime 0x0000000000000002
htif::tick 0x0000000000000000
mem[X,0x8000028A] -> 0x8D2D
[200] [M]: 0x8000028A (0x8D2D) c.xor a0, a1
x10 <- 0x57555554


mem[X,0x8000028C] -> 0xAC23
mem[X,0x8000028E] -> 0x06A0
[201] [M]: 0x8000028C (0x06A0AC23) sw a0, 120(ra)
mem[0x8000518C] <- 0x57555554


mem[X,0x80000290] -> 0x05B7
mem[X,0x80000292] -> 0x0400
[202] [M]: 0x80000290 (0x040005B7) lui a1, 16384
x11 <- 0x04000000


mem[X,0x80000294] -> 0x0513
mem[X,0x80000296] -> 0xDFF0
[203] [M]: 0x80000294 (0xDFF00513) addi a0, zero, 3583
x10 <- 0xFFFFFDFF


mem[X,0x80000298] -> 0x8D2D
[204] [M]: 0x80000298 (0x8D2D) c.xor a0, a1
x10 <- 0xFBFFFDFF


mem[X,0x8000029A] -> 0xAE23
mem[X,0x8000029C] -> 0x06A0
[205] [M]: 0x8000029A (0x06A0AE23) sw a0, 124(ra)
mem[0x80005190] <- 0xFBFFFDFF


mem[X,0x8000029E] -> 0x05B7
mem[X,0x800002A0] -> 0x0800
[206] [M]: 0x8000029E (0x080005B7) lui a1, 32768
x11 <- 0x08000000


mem[X,0x800002A2] -> 0x0513
mem[X,0x800002A4] -> 0xFBF0
[207] [M]: 0x800002A2 (0xFBF00513) addi a0, zero, 4031
x10 <- 0xFFFFFFBF


mem[X,0x800002A6] -> 0x8D2D
[208] [M]: 0x800002A6 (0x8D2D) c.xor a0, a1
x10 <- 0xF7FFFFBF


mem[X,0x800002A8] -> 0xA023
mem[X,0x800002AA] -> 0x08A0
[209] [M]: 0x800002A8 (0x08A0A023) sw a0, 128(ra)
mem[0x80005194] <- 0xF7FFFFBF


mem[X,0x800002AC] -> 0x05B7
mem[X,0x800002AE] -> 0x1000
[210] [M]: 0x800002AC (0x100005B7) lui a1, 65536
x11 <- 0x10000000


mem[X,0x800002B0] -> 0x6511
[211] [M]: 0x800002B0 (0x6511) c.lui a0, 4
x10 <- 0x00004000


mem[X,0x800002B2] -> 0x8D2D
[212] [M]: 0x800002B2 (0x8D2D) c.xor a0, a1
x10 <- 0x10004000


mem[X,0x800002B4] -> 0xA223
mem[X,0x800002B6] -> 0x08A0
[213] [M]: 0x800002B4 (0x08A0A223) sw a0, 132(ra)
mem[0x80005198] <- 0x10004000


mem[X,0x800002B8] -> 0x05B7
mem[X,0x800002BA] -> 0x2000
[214] [M]: 0x800002B8 (0x200005B7) lui a1, 131072
x11 <- 0x20000000


mem[X,0x800002BC] -> 0x4501
[215] [M]: 0x800002BC (0x4501) c.li a0, 0
x10 <- 0x00000000


mem[X,0x800002BE] -> 0x8D2D
[216] [M]: 0x800002BE (0x8D2D) c.xor a0, a1
x10 <- 0x20000000


mem[X,0x800002C0] -> 0xA423
mem[X,0x800002C2] -> 0x08A0
[217] [M]: 0x800002C0 (0x08A0A423) sw a0, 136(ra)
mem[0x8000519C] <- 0x20000000


mem[X,0x800002C4] -> 0x05B7
mem[X,0x800002C6] -> 0x4000
[218] [M]: 0x800002C4 (0x400005B7) lui a1, 262144
x11 <- 0x40000000


mem[X,0x800002C8] -> 0x652D
[219] [M]: 0x800002C8 (0x652D) c.lui a0, 11
x10 <- 0x0000B000


mem[X,0x800002CA] -> 0x0513
mem[X,0x800002CC] -> 0x5045
[220] [M]: 0x800002CA (0x50450513) addi a0, a0, 1284
x10 <- 0x0000B504


mem[X,0x800002CE] -> 0x8D2D
[221] [M]: 0x800002CE (0x8D2D) c.xor a0, a1
x10 <- 0x4000B504


mem[X,0x800002D0] -> 0xA623
mem[X,0x800002D2] -> 0x08A0
[222] [M]: 0x800002D0 (0x08A0A623) sw a0, 140(ra)
mem[0x800051A0] <- 0x4000B504


mem[X,0x800002D4] -> 0x55F9
[223] [M]: 0x800002D4 (0x55F9) c.li a1, 62
x11 <- 0xFFFFFFFE


mem[X,0x800002D6] -> 0x652D
[224] [M]: 0x800002D6 (0x652D) c.lui a0, 11
x10 <- 0x0000B000


mem[X,0x800002D8] -> 0x0513
mem[X,0x800002DA] -> 0x5055
[225] [M]: 0x800002D8 (0x50550513) addi a0, a0, 1285
x10 <- 0x0000B505


mem[X,0x800002DC] -> 0x8D2D
[226] [M]: 0x800002DC (0x8D2D) c.xor a0, a1
x10 <- 0xFFFF4AFB


mem[X,0x800002DE] -> 0xA823
mem[X,0x800002E0] -> 0x08A0
[227] [M]: 0x800002DE (0x08A0A823) sw a0, 144(ra)
mem[0x800051A4] <- 0xFFFF4AFB


mem[X,0x800002E2] -> 0x55F5
[228] [M]: 0x800002E2 (0x55F5) c.li a1, 61
x11 <- 0xFFFFFFFD


mem[X,0x800002E4] -> 0x0537
mem[X,0x800002E6] -> 0x4000
[229] [M]: 0x800002E4 (0x40000537) lui a0, 262144
x10 <- 0x40000000


mem[X,0x800002E8] -> 0x157D
[230] [M]: 0x800002E8 (0x157D) c.addi a0, 63
x10 <- 0x3FFFFFFF


mem[X,0x800002EA] -> 0x8D2D
[231] [M]: 0x800002EA (0x8D2D) c.xor a0, a1
x10 <- 0xC0000002


mem[X,0x800002EC] -> 0xAA23
mem[X,0x800002EE] -> 0x08A0
[232] [M]: 0x800002EC (0x08A0AA23) sw a0, 148(ra)
mem[0x800051A8] <- 0xC0000002


mem[X,0x800002F0] -> 0x55ED
[233] [M]: 0x800002F0 (0x55ED) c.li a1, 59
x11 <- 0xFFFFFFFB


mem[X,0x800002F2] -> 0x0513
mem[X,0x800002F4] -> 0xEFF0
[234] [M]: 0x800002F2 (0xEFF00513) addi a0, zero, 3839
x10 <- 0xFFFFFEFF


mem[X,0x800002F6] -> 0x8D2D
[235] [M]: 0x800002F6 (0x8D2D) c.xor a0, a1
x10 <- 0x00000104


mem[X,0x800002F8] -> 0xAC23
mem[X,0x800002FA] -> 0x08A0
[236] [M]: 0x800002F8 (0x08A0AC23) sw a0, 152(ra)
mem[0x800051AC] <- 0x00000104


mem[X,0x800002FC] -> 0x55DD
[237] [M]: 0x800002FC (0x55DD) c.li a1, 55
x11 <- 0xFFFFFFF7


mem[X,0x800002FE] -> 0x6541
[238] [M]: 0x800002FE (0x6541) c.lui a0, 16
x10 <- 0x00010000


mem[X,0x80000300] -> 0x8D2D
[239] [M]: 0x80000300 (0x8D2D) c.xor a0, a1
x10 <- 0xFFFEFFF7


mem[X,0x80000302] -> 0xAE23
mem[X,0x80000304] -> 0x08A0
[240] [M]: 0x80000302 (0x08A0AE23) sw a0, 156(ra)
mem[0x800051B0] <- 0xFFFEFFF7


mem[X,0x80000306] -> 0x55BD
[241] [M]: 0x80000306 (0x55BD) c.li a1, 47
x11 <- 0xFFFFFFEF


mem[X,0x80000308] -> 0x0537
mem[X,0x8000030A] -> 0x0800
[242] [M]: 0x80000308 (0x08000537) lui a0, 32768
x10 <- 0x08000000


mem[X,0x8000030C] -> 0x8D2D
[243] [M]: 0x8000030C (0x8D2D) c.xor a0, a1
x10 <- 0xF7FFFFEF


mem[X,0x8000030E] -> 0xA023
mem[X,0x80000310] -> 0x0AA0
[244] [M]: 0x8000030E (0x0AA0A023) sw a0, 160(ra)
mem[0x800051B4] <- 0xF7FFFFEF


mem[X,0x80000312] -> 0x0593
mem[X,0x80000314] -> 0xFDF0
[245] [M]: 0x80000312 (0xFDF00593) addi a1, zero, 4063
x11 <- 0xFFFFFFDF


mem[X,0x80000316] -> 0xB537
mem[X,0x80000318] -> 0xAAAA
[246] [M]: 0x80000316 (0xAAAAB537) lui a0, 699051
x10 <- 0xAAAAB000


mem[X,0x8000031A] -> 0x0513
mem[X,0x8000031C] -> 0xAAB5
[247] [M]: 0x8000031A (0xAAB50513) addi a0, a0, 2731
x10 <- 0xAAAAAAAB


mem[X,0x8000031E] -> 0x8D2D
[248] [M]: 0x8000031E (0x8D2D) c.xor a0, a1
x10 <- 0x55555574


mem[X,0x80000320] -> 0xA223
mem[X,0x80000322] -> 0x0AA0
[249] [M]: 0x80000320 (0x0AA0A223) sw a0, 164(ra)
mem[0x800051B8] <- 0x55555574


mem[X,0x80000324] -> 0x0593
mem[X,0x80000326] -> 0xFBF0
[250] [M]: 0x80000324 (0xFBF00593) addi a1, zero, 4031
x11 <- 0xFFFFFFBF


mem[X,0x80000328] -> 0x4519
[251] [M]: 0x80000328 (0x4519) c.li a0, 6
x10 <- 0x00000006


mem[X,0x8000032A] -> 0x8D2D
[252] [M]: 0x8000032A (0x8D2D) c.xor a0, a1
x10 <- 0xFFFFFFB9


mem[X,0x8000032C] -> 0xA423
mem[X,0x8000032E] -> 0x0AA0
[253] [M]: 0x8000032C (0x0AA0A423) sw a0, 168(ra)
mem[0x800051BC] <- 0xFFFFFFB9


mem[X,0x80000330] -> 0x0593
mem[X,0x80000332] -> 0xF7F0
[254] [M]: 0x80000330 (0xF7F00593) addi a1, zero, 3967
x11 <- 0xFFFFFF7F


mem[X,0x80000334] -> 0x0513
mem[X,0x80000336] -> 0xFDF0
[255] [M]: 0x80000334 (0xFDF00513) addi a0, zero, 4063
x10 <- 0xFFFFFFDF


mem[X,0x80000338] -> 0x8D2D
[256] [M]: 0x80000338 (0x8D2D) c.xor a0, a1
x10 <- 0x000000A0


mem[X,0x8000033A] -> 0xA623
mem[X,0x8000033C] -> 0x0AA0
[257] [M]: 0x8000033A (0x0AA0A623) sw a0, 172(ra)
mem[0x800051C0] <- 0x000000A0


mem[X,0x8000033E] -> 0x0593
mem[X,0x80000340] -> 0xEFF0
[258] [M]: 0x8000033E (0xEFF00593) addi a1, zero, 3839
x11 <- 0xFFFFFEFF


mem[X,0x80000342] -> 0x4501
[259] [M]: 0x80000342 (0x4501) c.li a0, 0
x10 <- 0x00000000


mem[X,0x80000344] -> 0x8D2D
[260] [M]: 0x80000344 (0x8D2D) c.xor a0, a1
x10 <- 0xFFFFFEFF


mem[X,0x80000346] -> 0xA823
mem[X,0x80000348] -> 0x0AA0
[261] [M]: 0x80000346 (0x0AA0A823) sw a0, 176(ra)
mem[0x800051C4] <- 0xFFFFFEFF


mem[X,0x8000034A] -> 0x0593
mem[X,0x8000034C] -> 0xDFF0
[262] [M]: 0x8000034A (0xDFF00593) addi a1, zero, 3583
x11 <- 0xFFFFFDFF


mem[X,0x8000034E] -> 0x7555
[263] [M]: 0x8000034E (0x7555) c.lui a0, 53
x10 <- 0xFFFF5000


mem[X,0x80000350] -> 0x0513
mem[X,0x80000352] -> 0xAFD5
[264] [M]: 0x80000350 (0xAFD50513) addi a0, a0, 2813
x10 <- 0xFFFF4AFD


mem[X,0x80000354] -> 0x8D2D
[265] [M]: 0x80000354 (0x8D2D) c.xor a0, a1
x10 <- 0x0000B702


mem[X,0x80000356] -> 0xAA23
mem[X,0x80000358] -> 0x0AA0
[266] [M]: 0x80000356 (0x0AA0AA23) sw a0, 180(ra)
mem[0x800051C8] <- 0x0000B702


mem[X,0x8000035A] -> 0x0593
mem[X,0x8000035C] -> 0xBFF0
[267] [M]: 0x8000035A (0xBFF00593) addi a1, zero, 3071
x11 <- 0xFFFFFBFF


mem[X,0x8000035E] -> 0x0537
mem[X,0x80000360] -> 0xFFFC
[268] [M]: 0x8000035E (0xFFFC0537) lui a0, 1048512
x10 <- 0xFFFC0000


mem[X,0x80000362] -> 0x157D
[269] [M]: 0x80000362 (0x157D) c.addi a0, 63
x10 <- 0xFFFBFFFF


mem[X,0x80000364] -> 0x8D2D
[270] [M]: 0x80000364 (0x8D2D) c.xor a0, a1
x10 <- 0x00040400


mem[X,0x80000366] -> 0xAC23
mem[X,0x80000368] -> 0x0AA0
[271] [M]: 0x80000366 (0x0AA0AC23) sw a0, 184(ra)
mem[0x800051CC] <- 0x00040400


mem[X,0x8000036A] -> 0x75FD
[272] [M]: 0x8000036A (0x75FD) c.lui a1, 63
x11 <- 0xFFFFF000


mem[X,0x8000036C] -> 0x8593
mem[X,0x8000036E] -> 0x7FF5
[273] [M]: 0x8000036C (0x7FF58593) addi a1, a1, 2047
x11 <- 0xFFFFF7FF


mem[X,0x80000370] -> 0x0537
mem[X,0x80000372] -> 0x0400
[274] [M]: 0x80000370 (0x04000537) lui a0, 16384
x10 <- 0x04000000


mem[X,0x80000374] -> 0x8D2D
[275] [M]: 0x80000374 (0x8D2D) c.xor a0, a1
x10 <- 0xFBFFF7FF


mem[X,0x80000376] -> 0xAE23
mem[X,0x80000378] -> 0x0AA0
[276] [M]: 0x80000376 (0x0AA0AE23) sw a0, 188(ra)
mem[0x800051D0] <- 0xFBFFF7FF


mem[X,0x8000037A] -> 0x75FD
[277] [M]: 0x8000037A (0x75FD) c.lui a1, 63
x11 <- 0xFFFFF000


mem[X,0x8000037C] -> 0x15FD
[278] [M]: 0x8000037C (0x15FD) c.addi a1, 63
x11 <- 0xFFFFEFFF


mem[X,0x8000037E] -> 0x0537
mem[X,0x80000380] -> 0x8000
[279] [M]: 0x8000037E (0x80000537) lui a0, 524288
x10 <- 0x80000000


mem[X,0x80000382] -> 0x8D2D
[280] [M]: 0x80000382 (0x8D2D) c.xor a0, a1
x10 <- 0x7FFFEFFF


mem[X,0x80000384] -> 0xA023
mem[X,0x80000386] -> 0x0CA0
[281] [M]: 0x80000384 (0x0CA0A023) sw a0, 192(ra)
mem[0x800051D4] <- 0x7FFFEFFF


mem[X,0x80000388] -> 0x75F9
[282] [M]: 0x80000388 (0x75F9) c.lui a1, 62
x11 <- 0xFFFFE000


mem[X,0x8000038A] -> 0x15FD
[283] [M]: 0x8000038A (0x15FD) c.addi a1, 63
x11 <- 0xFFFFDFFF


mem[X,0x8000038C] -> 0x4509
[284] [M]: 0x8000038C (0x4509) c.li a0, 2
x10 <- 0x00000002


mem[X,0x8000038E] -> 0x8D2D
[285] [M]: 0x8000038E (0x8D2D) c.xor a0, a1
x10 <- 0xFFFFDFFD


mem[X,0x80000390] -> 0xA223
mem[X,0x80000392] -> 0x0CA0
[286] [M]: 0x80000390 (0x0CA0A223) sw a0, 196(ra)
mem[0x800051D8] <- 0xFFFFDFFD


mem[X,0x80000394] -> 0x75F1
[287] [M]: 0x80000394 (0x75F1) c.lui a1, 60
x11 <- 0xFFFFC000


mem[X,0x80000396] -> 0x15FD
[288] [M]: 0x80000396 (0x15FD) c.addi a1, 63
x11 <- 0xFFFFBFFF


mem[X,0x80000398] -> 0x0537
mem[X,0x8000039A] -> 0x4000
[289] [M]: 0x80000398 (0x40000537) lui a0, 262144
x10 <- 0x40000000


mem[X,0x8000039C] -> 0x8D2D
[290] [M]: 0x8000039C (0x8D2D) c.xor a0, a1
x10 <- 0xBFFFBFFF


mem[X,0x8000039E] -> 0xA423
mem[X,0x800003A0] -> 0x0CA0
[291] [M]: 0x8000039E (0x0CA0A423) sw a0, 200(ra)
mem[0x800051DC] <- 0xBFFFBFFF


mem[X,0x800003A2] -> 0x75E1
[292] [M]: 0x800003A2 (0x75E1) c.lui a1, 56
x11 <- 0xFFFF8000


mem[X,0x800003A4] -> 0x15FD
[293] [M]: 0x800003A4 (0x15FD) c.addi a1, 63
x11 <- 0xFFFF7FFF


mem[X,0x800003A6] -> 0x0537
mem[X,0x800003A8] -> 0xFE00
[294] [M]: 0x800003A6 (0xFE000537) lui a0, 1040384
x10 <- 0xFE000000


mem[X,0x800003AA] -> 0x157D
[295] [M]: 0x800003AA (0x157D) c.addi a0, 63
x10 <- 0xFDFFFFFF


mem[X,0x800003AC] -> 0x8D2D
[296] [M]: 0x800003AC (0x8D2D) c.xor a0, a1
x10 <- 0x02008000


mem[X,0x800003AE] -> 0xA623
mem[X,0x800003B0] -> 0x0CA0
[297] [M]: 0x800003AE (0x0CA0A623) sw a0, 204(ra)
mem[0x800051E0] <- 0x02008000


mem[X,0x800003B2] -> 0x75C1
[298] [M]: 0x800003B2 (0x75C1) c.lui a1, 48
x11 <- 0xFFFF0000


mem[X,0x800003B4] -> 0x15FD
[299] [M]: 0x800003B4 (0x15FD) c.addi a1, 63
x11 <- 0xFFFEFFFF


clint::tick mtime <- 0x0000000000000003
 clint timer pending at mtime 0x0000000000000003
htif::tick 0x0000000000000000
mem[X,0x800003B6] -> 0x5569
[300] [M]: 0x800003B6 (0x5569) c.li a0, 58
x10 <- 0xFFFFFFFA


mem[X,0x800003B8] -> 0x8D2D
[301] [M]: 0x800003B8 (0x8D2D) c.xor a0, a1
x10 <- 0x00010005


mem[X,0x800003BA] -> 0xA823
mem[X,0x800003BC] -> 0x0CA0
[302] [M]: 0x800003BA (0x0CA0A823) sw a0, 208(ra)
mem[0x800051E4] <- 0x00010005


mem[X,0x800003BE] -> 0x7581
[303] [M]: 0x800003BE (0x7581) c.lui a1, 32
x11 <- 0xFFFE0000


mem[X,0x800003C0] -> 0x15FD
[304] [M]: 0x800003C0 (0x15FD) c.addi a1, 63
x11 <- 0xFFFDFFFF


mem[X,0x800003C2] -> 0x0537
mem[X,0x800003C4] -> 0xE000
[305] [M]: 0x800003C2 (0xE0000537) lui a0, 917504
x10 <- 0xE0000000


mem[X,0x800003C6] -> 0x157D
[306] [M]: 0x800003C6 (0x157D) c.addi a0, 63
x10 <- 0xDFFFFFFF


mem[X,0x800003C8] -> 0x8D2D
[307] [M]: 0x800003C8 (0x8D2D) c.xor a0, a1
x10 <- 0x20020000


mem[X,0x800003CA] -> 0xAA23
mem[X,0x800003CC] -> 0x0CA0
[308] [M]: 0x800003CA (0x0CA0AA23) sw a0, 212(ra)
mem[0x800051E8] <- 0x20020000


mem[X,0x800003CE] -> 0x05B7
mem[X,0x800003D0] -> 0xFFFC
[309] [M]: 0x800003CE (0xFFFC05B7) lui a1, 1048512
x11 <- 0xFFFC0000


mem[X,0x800003D2] -> 0x15FD
[310] [M]: 0x800003D2 (0x15FD) c.addi a1, 63
x11 <- 0xFFFBFFFF


mem[X,0x800003D4] -> 0x0537
mem[X,0x800003D6] -> 0xFFF8
[311] [M]: 0x800003D4 (0xFFF80537) lui a0, 1048448
x10 <- 0xFFF80000


mem[X,0x800003D8] -> 0x157D
[312] [M]: 0x800003D8 (0x157D) c.addi a0, 63
x10 <- 0xFFF7FFFF


mem[X,0x800003DA] -> 0x8D2D
[313] [M]: 0x800003DA (0x8D2D) c.xor a0, a1
x10 <- 0x000C0000


mem[X,0x800003DC] -> 0xAC23
mem[X,0x800003DE] -> 0x0CA0
[314] [M]: 0x800003DC (0x0CA0AC23) sw a0, 216(ra)
mem[0x800051EC] <- 0x000C0000


mem[X,0x800003E0] -> 0x05B7
mem[X,0x800003E2] -> 0xFFF8
[315] [M]: 0x800003E0 (0xFFF805B7) lui a1, 1048448
x11 <- 0xFFF80000


mem[X,0x800003E4] -> 0x15FD
[316] [M]: 0x800003E4 (0x15FD) c.addi a1, 63
x11 <- 0xFFF7FFFF


mem[X,0x800003E6] -> 0x0537
mem[X,0x800003E8] -> 0x0010
[317] [M]: 0x800003E6 (0x00100537) lui a0, 256
x10 <- 0x00100000


mem[X,0x800003EA] -> 0x8D2D
[318] [M]: 0x800003EA (0x8D2D) c.xor a0, a1
x10 <- 0xFFE7FFFF


mem[X,0x800003EC] -> 0xAE23
mem[X,0x800003EE] -> 0x0CA0
[319] [M]: 0x800003EC (0x0CA0AE23) sw a0, 220(ra)
mem[0x800051F0] <- 0xFFE7FFFF


mem[X,0x800003F0] -> 0x05B7
mem[X,0x800003F2] -> 0xFFF0
[320] [M]: 0x800003F0 (0xFFF005B7) lui a1, 1048320
x11 <- 0xFFF00000


mem[X,0x800003F4] -> 0x15FD
[321] [M]: 0x800003F4 (0x15FD) c.addi a1, 63
x11 <- 0xFFEFFFFF


mem[X,0x800003F6] -> 0x0537
mem[X,0x800003F8] -> 0x2000
[322] [M]: 0x800003F6 (0x20000537) lui a0, 131072
x10 <- 0x20000000


mem[X,0x800003FA] -> 0x8D2D
[323] [M]: 0x800003FA (0x8D2D) c.xor a0, a1
x10 <- 0xDFEFFFFF


mem[X,0x800003FC] -> 0xA023
mem[X,0x800003FE] -> 0x0EA0
[324] [M]: 0x800003FC (0x0EA0A023) sw a0, 224(ra)
mem[0x800051F4] <- 0xDFEFFFFF


mem[X,0x80000400] -> 0x05B7
mem[X,0x80000402] -> 0xFFE0
[325] [M]: 0x80000400 (0xFFE005B7) lui a1, 1048064
x11 <- 0xFFE00000


mem[X,0x80000404] -> 0x15FD
[326] [M]: 0x80000404 (0x15FD) c.addi a1, 63
x11 <- 0xFFDFFFFF


mem[X,0x80000406] -> 0x0537
mem[X,0x80000408] -> 0x0004
[327] [M]: 0x80000406 (0x00040537) lui a0, 64
x10 <- 0x00040000


mem[X,0x8000040A] -> 0x8D2D
[328] [M]: 0x8000040A (0x8D2D) c.xor a0, a1
x10 <- 0xFFDBFFFF


mem[X,0x8000040C] -> 0xA223
mem[X,0x8000040E] -> 0x0EA0
[329] [M]: 0x8000040C (0x0EA0A223) sw a0, 228(ra)
mem[0x800051F8] <- 0xFFDBFFFF


mem[X,0x80000410] -> 0x05B7
mem[X,0x80000412] -> 0xFFC0
[330] [M]: 0x80000410 (0xFFC005B7) lui a1, 1047552
x11 <- 0xFFC00000


mem[X,0x80000414] -> 0x15FD
[331] [M]: 0x80000414 (0x15FD) c.addi a1, 63
x11 <- 0xFFBFFFFF


mem[X,0x80000416] -> 0x3537
mem[X,0x80000418] -> 0x3333
[332] [M]: 0x80000416 (0x33333537) lui a0, 209715
x10 <- 0x33333000


mem[X,0x8000041A] -> 0x0513
mem[X,0x8000041C] -> 0x3325
[333] [M]: 0x8000041A (0x33250513) addi a0, a0, 818
x10 <- 0x33333332


mem[X,0x8000041E] -> 0x8D2D
[334] [M]: 0x8000041E (0x8D2D) c.xor a0, a1
x10 <- 0xCC8CCCCD


mem[X,0x80000420] -> 0xA423
mem[X,0x80000422] -> 0x0EA0
[335] [M]: 0x80000420 (0x0EA0A423) sw a0, 232(ra)
mem[0x800051FC] <- 0xCC8CCCCD


mem[X,0x80000424] -> 0x05B7
mem[X,0x80000426] -> 0xFF80
[336] [M]: 0x80000424 (0xFF8005B7) lui a1, 1046528
x11 <- 0xFF800000


mem[X,0x80000428] -> 0x15FD
[337] [M]: 0x80000428 (0x15FD) c.addi a1, 63
x11 <- 0xFF7FFFFF


mem[X,0x8000042A] -> 0x0513
mem[X,0x8000042C] -> 0x0200
[338] [M]: 0x8000042A (0x02000513) addi a0, zero, 32
x10 <- 0x00000020


mem[X,0x8000042E] -> 0x8D2D
[339] [M]: 0x8000042E (0x8D2D) c.xor a0, a1
x10 <- 0xFF7FFFDF


mem[X,0x80000430] -> 0xA623
mem[X,0x80000432] -> 0x0EA0
[340] [M]: 0x80000430 (0x0EA0A623) sw a0, 236(ra)
mem[0x80005200] <- 0xFF7FFFDF


mem[X,0x80000434] -> 0x05B7
mem[X,0x80000436] -> 0xFF00
[341] [M]: 0x80000434 (0xFF0005B7) lui a1, 1044480
x11 <- 0xFF000000


mem[X,0x80000438] -> 0x15FD
[342] [M]: 0x80000438 (0x15FD) c.addi a1, 63
x11 <- 0xFEFFFFFF


mem[X,0x8000043A] -> 0x0537
mem[X,0x8000043C] -> 0xFFE0
[343] [M]: 0x8000043A (0xFFE00537) lui a0, 1048064
x10 <- 0xFFE00000


mem[X,0x8000043E] -> 0x157D
[344] [M]: 0x8000043E (0x157D) c.addi a0, 63
x10 <- 0xFFDFFFFF


mem[X,0x80000440] -> 0x8D2D
[345] [M]: 0x80000440 (0x8D2D) c.xor a0, a1
x10 <- 0x01200000


mem[X,0x80000442] -> 0xA823
mem[X,0x80000444] -> 0x0EA0
[346] [M]: 0x80000442 (0x0EA0A823) sw a0, 240(ra)
mem[0x80005204] <- 0x01200000


mem[X,0x80000446] -> 0x05B7
mem[X,0x80000448] -> 0xFE00
[347] [M]: 0x80000446 (0xFE0005B7) lui a1, 1040384
x11 <- 0xFE000000


mem[X,0x8000044A] -> 0x15FD
[348] [M]: 0x8000044A (0x15FD) c.addi a1, 63
x11 <- 0xFDFFFFFF


mem[X,0x8000044C] -> 0x3537
mem[X,0x8000044E] -> 0x3333
[349] [M]: 0x8000044C (0x33333537) lui a0, 209715
x10 <- 0x33333000


mem[X,0x80000450] -> 0x0513
mem[X,0x80000452] -> 0x3325
[350] [M]: 0x80000450 (0x33250513) addi a0, a0, 818
x10 <- 0x33333332


mem[X,0x80000454] -> 0x8D2D
[351] [M]: 0x80000454 (0x8D2D) c.xor a0, a1
x10 <- 0xCECCCCCD


mem[X,0x80000456] -> 0xAA23
mem[X,0x80000458] -> 0x0EA0
[352] [M]: 0x80000456 (0x0EA0AA23) sw a0, 244(ra)
mem[0x80005208] <- 0xCECCCCCD


mem[X,0x8000045A] -> 0x05B7
mem[X,0x8000045C] -> 0xFC00
[353] [M]: 0x8000045A (0xFC0005B7) lui a1, 1032192
x11 <- 0xFC000000


mem[X,0x8000045E] -> 0x15FD
[354] [M]: 0x8000045E (0x15FD) c.addi a1, 63
x11 <- 0xFBFFFFFF


mem[X,0x80000460] -> 0x757D
[355] [M]: 0x80000460 (0x757D) c.lui a0, 63
x10 <- 0xFFFFF000


mem[X,0x80000462] -> 0x157D
[356] [M]: 0x80000462 (0x157D) c.addi a0, 63
x10 <- 0xFFFFEFFF


mem[X,0x80000464] -> 0x8D2D
[357] [M]: 0x80000464 (0x8D2D) c.xor a0, a1
x10 <- 0x04001000


mem[X,0x80000466] -> 0xAC23
mem[X,0x80000468] -> 0x0EA0
[358] [M]: 0x80000466 (0x0EA0AC23) sw a0, 248(ra)
mem[0x8000520C] <- 0x04001000


mem[X,0x8000046A] -> 0x05B7
mem[X,0x8000046C] -> 0xF800
[359] [M]: 0x8000046A (0xF80005B7) lui a1, 1015808
x11 <- 0xF8000000


mem[X,0x8000046E] -> 0x15FD
[360] [M]: 0x8000046E (0x15FD) c.addi a1, 63
x11 <- 0xF7FFFFFF


mem[X,0x80000470] -> 0x0537
mem[X,0x80000472] -> 0x0002
[361] [M]: 0x80000470 (0x00020537) lui a0, 32
x10 <- 0x00020000


mem[X,0x80000474] -> 0x8D2D
[362] [M]: 0x80000474 (0x8D2D) c.xor a0, a1
x10 <- 0xF7FDFFFF


mem[X,0x80000476] -> 0xAE23
mem[X,0x80000478] -> 0x0EA0
[363] [M]: 0x80000476 (0x0EA0AE23) sw a0, 252(ra)
mem[0x80005210] <- 0xF7FDFFFF


mem[X,0x8000047A] -> 0x05B7
mem[X,0x8000047C] -> 0xF000
[364] [M]: 0x8000047A (0xF00005B7) lui a1, 983040
x11 <- 0xF0000000


mem[X,0x8000047E] -> 0x15FD
[365] [M]: 0x8000047E (0x15FD) c.addi a1, 63
x11 <- 0xEFFFFFFF


mem[X,0x80000480] -> 0x0513
mem[X,0x80000482] -> 0x0200
[366] [M]: 0x80000480 (0x02000513) addi a0, zero, 32
x10 <- 0x00000020


mem[X,0x80000484] -> 0x8D2D
[367] [M]: 0x80000484 (0x8D2D) c.xor a0, a1
x10 <- 0xEFFFFFDF


mem[X,0x80000486] -> 0xA023
mem[X,0x80000488] -> 0x10A0
[368] [M]: 0x80000486 (0x10A0A023) sw a0, 256(ra)
mem[0x80005214] <- 0xEFFFFFDF


mem[X,0x8000048A] -> 0x05B7
mem[X,0x8000048C] -> 0xE000
[369] [M]: 0x8000048A (0xE00005B7) lui a1, 917504
x11 <- 0xE0000000


mem[X,0x8000048E] -> 0x15FD
[370] [M]: 0x8000048E (0x15FD) c.addi a1, 63
x11 <- 0xDFFFFFFF


mem[X,0x80000490] -> 0x0537
mem[X,0x80000492] -> 0x0020
[371] [M]: 0x80000490 (0x00200537) lui a0, 512
x10 <- 0x00200000


mem[X,0x80000494] -> 0x8D2D
[372] [M]: 0x80000494 (0x8D2D) c.xor a0, a1
x10 <- 0xDFDFFFFF


mem[X,0x80000496] -> 0xA223
mem[X,0x80000498] -> 0x10A0
[373] [M]: 0x80000496 (0x10A0A223) sw a0, 260(ra)
mem[0x80005218] <- 0xDFDFFFFF


mem[X,0x8000049A] -> 0x05B7
mem[X,0x8000049C] -> 0xC000
[374] [M]: 0x8000049A (0xC00005B7) lui a1, 786432
x11 <- 0xC0000000


mem[X,0x8000049E] -> 0x15FD
[375] [M]: 0x8000049E (0x15FD) c.addi a1, 63
x11 <- 0xBFFFFFFF


mem[X,0x800004A0] -> 0x4501
[376] [M]: 0x800004A0 (0x4501) c.li a0, 0
x10 <- 0x00000000


mem[X,0x800004A2] -> 0x8D2D
[377] [M]: 0x800004A2 (0x8D2D) c.xor a0, a1
x10 <- 0xBFFFFFFF


mem[X,0x800004A4] -> 0xA423
mem[X,0x800004A6] -> 0x10A0
[378] [M]: 0x800004A4 (0x10A0A423) sw a0, 264(ra)
mem[0x8000521C] <- 0xBFFFFFFF


mem[X,0x800004A8] -> 0x55B7
mem[X,0x800004AA] -> 0x5555
[379] [M]: 0x800004A8 (0x555555B7) lui a1, 349525
x11 <- 0x55555000


mem[X,0x800004AC] -> 0x8593
mem[X,0x800004AE] -> 0x5555
[380] [M]: 0x800004AC (0x55558593) addi a1, a1, 1365
x11 <- 0x55555555


mem[X,0x800004B0] -> 0x0537
mem[X,0x800004B2] -> 0x8000
[381] [M]: 0x800004B0 (0x80000537) lui a0, 524288
x10 <- 0x80000000


mem[X,0x800004B4] -> 0x157D
[382] [M]: 0x800004B4 (0x157D) c.addi a0, 63
x10 <- 0x7FFFFFFF


mem[X,0x800004B6] -> 0x8D2D
[383] [M]: 0x800004B6 (0x8D2D) c.xor a0, a1
x10 <- 0x2AAAAAAA


mem[X,0x800004B8] -> 0xA623
mem[X,0x800004BA] -> 0x10A0
[384] [M]: 0x800004B8 (0x10A0A623) sw a0, 268(ra)
mem[0x80005220] <- 0x2AAAAAAA


mem[X,0x800004BC] -> 0xB5B7
mem[X,0x800004BE] -> 0xAAAA
[385] [M]: 0x800004BC (0xAAAAB5B7) lui a1, 699051
x11 <- 0xAAAAB000


mem[X,0x800004C0] -> 0x8593
mem[X,0x800004C2] -> 0xAAA5
[386] [M]: 0x800004C0 (0xAAA58593) addi a1, a1, 2730
x11 <- 0xAAAAAAAA


mem[X,0x800004C4] -> 0x0537
mem[X,0x800004C6] -> 0x0040
[387] [M]: 0x800004C4 (0x00400537) lui a0, 1024
x10 <- 0x00400000


mem[X,0x800004C8] -> 0x8D2D
[388] [M]: 0x800004C8 (0x8D2D) c.xor a0, a1
x10 <- 0xAAEAAAAA


mem[X,0x800004CA] -> 0xA823
mem[X,0x800004CC] -> 0x10A0
[389] [M]: 0x800004CA (0x10A0A823) sw a0, 272(ra)
mem[0x80005224] <- 0xAAEAAAAA


mem[X,0x800004CE] -> 0x6589
[390] [M]: 0x800004CE (0x6589) c.lui a1, 2
x11 <- 0x00002000


mem[X,0x800004D0] -> 0x4511
[391] [M]: 0x800004D0 (0x4511) c.li a0, 4
x10 <- 0x00000004


mem[X,0x800004D2] -> 0x8D2D
[392] [M]: 0x800004D2 (0x8D2D) c.xor a0, a1
x10 <- 0x00002004


mem[X,0x800004D4] -> 0xAA23
mem[X,0x800004D6] -> 0x10A0
[393] [M]: 0x800004D4 (0x10A0AA23) sw a0, 276(ra)
mem[0x80005228] <- 0x00002004


mem[X,0x800004D8] -> 0x05B7
mem[X,0x800004DA] -> 0x0002
[394] [M]: 0x800004D8 (0x000205B7) lui a1, 32
x11 <- 0x00020000


mem[X,0x800004DC] -> 0x4521
[395] [M]: 0x800004DC (0x4521) c.li a0, 8
x10 <- 0x00000008


mem[X,0x800004DE] -> 0x8D2D
[396] [M]: 0x800004DE (0x8D2D) c.xor a0, a1
x10 <- 0x00020008


mem[X,0x800004E0] -> 0xAC23
mem[X,0x800004E2] -> 0x10A0
[397] [M]: 0x800004E0 (0x10A0AC23) sw a0, 280(ra)
mem[0x8000522C] <- 0x00020008


mem[X,0x800004E4] -> 0x0593
mem[X,0x800004E6] -> 0x1000
[398] [M]: 0x800004E4 (0x10000593) addi a1, zero, 256
x11 <- 0x00000100


mem[X,0x800004E8] -> 0x4541
[399] [M]: 0x800004E8 (0x4541) c.li a0, 16
x10 <- 0x00000010


clint::tick mtime <- 0x0000000000000004
 clint timer pending at mtime 0x0000000000000004
htif::tick 0x0000000000000000
mem[X,0x800004EA] -> 0x8D2D
[400] [M]: 0x800004EA (0x8D2D) c.xor a0, a1
x10 <- 0x00000110


mem[X,0x800004EC] -> 0xAE23
mem[X,0x800004EE] -> 0x10A0
[401] [M]: 0x800004EC (0x10A0AE23) sw a0, 284(ra)
mem[0x80005230] <- 0x00000110


mem[X,0x800004F0] -> 0x0593
mem[X,0x800004F2] -> 0xBFF0
[402] [M]: 0x800004F0 (0xBFF00593) addi a1, zero, 3071
x11 <- 0xFFFFFBFF


mem[X,0x800004F4] -> 0x0513
mem[X,0x800004F6] -> 0x0400
[403] [M]: 0x800004F4 (0x04000513) addi a0, zero, 64
x10 <- 0x00000040


mem[X,0x800004F8] -> 0x8D2D
[404] [M]: 0x800004F8 (0x8D2D) c.xor a0, a1
x10 <- 0xFFFFFBBF


mem[X,0x800004FA] -> 0xA023
mem[X,0x800004FC] -> 0x12A0
[405] [M]: 0x800004FA (0x12A0A023) sw a0, 288(ra)
mem[0x80005234] <- 0xFFFFFBBF


mem[X,0x800004FE] -> 0x05B7
mem[X,0x80000500] -> 0xC000
[406] [M]: 0x800004FE (0xC00005B7) lui a1, 786432
x11 <- 0xC0000000


mem[X,0x80000502] -> 0x15FD
[407] [M]: 0x80000502 (0x15FD) c.addi a1, 63
x11 <- 0xBFFFFFFF


mem[X,0x80000504] -> 0x0513
mem[X,0x80000506] -> 0x0800
[408] [M]: 0x80000504 (0x08000513) addi a0, zero, 128
x10 <- 0x00000080


mem[X,0x80000508] -> 0x8D2D
[409] [M]: 0x80000508 (0x8D2D) c.xor a0, a1
x10 <- 0xBFFFFF7F


mem[X,0x8000050A] -> 0xA223
mem[X,0x8000050C] -> 0x12A0
[410] [M]: 0x8000050A (0x12A0A223) sw a0, 292(ra)
mem[0x80005238] <- 0xBFFFFF7F


mem[X,0x8000050E] -> 0x05B7
mem[X,0x80000510] -> 0x0400
[411] [M]: 0x8000050E (0x040005B7) lui a1, 16384
x11 <- 0x04000000


mem[X,0x80000512] -> 0x0513
mem[X,0x80000514] -> 0x1000
[412] [M]: 0x80000512 (0x10000513) addi a0, zero, 256
x10 <- 0x00000100


mem[X,0x80000516] -> 0x8D2D
[413] [M]: 0x80000516 (0x8D2D) c.xor a0, a1
x10 <- 0x04000100


mem[X,0x80000518] -> 0xA423
mem[X,0x8000051A] -> 0x12A0
[414] [M]: 0x80000518 (0x12A0A423) sw a0, 296(ra)
mem[0x8000523C] <- 0x04000100


mem[X,0x8000051C] -> 0x05B7
mem[X,0x8000051E] -> 0xF000
[415] [M]: 0x8000051C (0xF00005B7) lui a1, 983040
x11 <- 0xF0000000


mem[X,0x80000520] -> 0x15FD
[416] [M]: 0x80000520 (0x15FD) c.addi a1, 63
x11 <- 0xEFFFFFFF


mem[X,0x80000522] -> 0x0513
mem[X,0x80000524] -> 0x4000
[417] [M]: 0x80000522 (0x40000513) addi a0, zero, 1024
x10 <- 0x00000400


mem[X,0x80000526] -> 0x8D2D
[418] [M]: 0x80000526 (0x8D2D) c.xor a0, a1
x10 <- 0xEFFFFBFF


mem[X,0x80000528] -> 0xA623
mem[X,0x8000052A] -> 0x12A0
[419] [M]: 0x80000528 (0x12A0A623) sw a0, 300(ra)
mem[0x80005240] <- 0xEFFFFBFF


mem[X,0x8000052C] -> 0x0593
mem[X,0x8000052E] -> 0x0200
[420] [M]: 0x8000052C (0x02000593) addi a1, zero, 32
x11 <- 0x00000020


mem[X,0x80000530] -> 0x6505
[421] [M]: 0x80000530 (0x6505) c.lui a0, 1
x10 <- 0x00001000


mem[X,0x80000532] -> 0x8D2D
[422] [M]: 0x80000532 (0x8D2D) c.xor a0, a1
x10 <- 0x00001020


mem[X,0x80000534] -> 0xA823
mem[X,0x80000536] -> 0x12A0
[423] [M]: 0x80000534 (0x12A0A823) sw a0, 304(ra)
mem[0x80005244] <- 0x00001020


mem[X,0x80000538] -> 0x4595
[424] [M]: 0x80000538 (0x4595) c.li a1, 5
x11 <- 0x00000005


mem[X,0x8000053A] -> 0x6509
[425] [M]: 0x8000053A (0x6509) c.lui a0, 2
x10 <- 0x00002000


mem[X,0x8000053C] -> 0x8D2D
[426] [M]: 0x8000053C (0x8D2D) c.xor a0, a1
x10 <- 0x00002005


mem[X,0x8000053E] -> 0xAA23
mem[X,0x80000540] -> 0x12A0
[427] [M]: 0x8000053E (0x12A0AA23) sw a0, 308(ra)
mem[0x80005248] <- 0x00002005


mem[X,0x80000542] -> 0x05B7
mem[X,0x80000544] -> 0xFF00
[428] [M]: 0x80000542 (0xFF0005B7) lui a1, 1044480
x11 <- 0xFF000000


mem[X,0x80000546] -> 0x15FD
[429] [M]: 0x80000546 (0x15FD) c.addi a1, 63
x11 <- 0xFEFFFFFF


mem[X,0x80000548] -> 0x0537
mem[X,0x8000054A] -> 0x0008
[430] [M]: 0x80000548 (0x00080537) lui a0, 128
x10 <- 0x00080000


mem[X,0x8000054C] -> 0x8D2D
[431] [M]: 0x8000054C (0x8D2D) c.xor a0, a1
x10 <- 0xFEF7FFFF


mem[X,0x8000054E] -> 0xAC23
mem[X,0x80000550] -> 0x12A0
[432] [M]: 0x8000054E (0x12A0AC23) sw a0, 312(ra)
mem[0x8000524C] <- 0xFEF7FFFF


mem[X,0x80000552] -> 0x05B7
mem[X,0x80000554] -> 0xFE00
[433] [M]: 0x80000552 (0xFE0005B7) lui a1, 1040384
x11 <- 0xFE000000


mem[X,0x80000556] -> 0x15FD
[434] [M]: 0x80000556 (0x15FD) c.addi a1, 63
x11 <- 0xFDFFFFFF


mem[X,0x80000558] -> 0x0537
mem[X,0x8000055A] -> 0x0080
[435] [M]: 0x80000558 (0x00800537) lui a0, 2048
x10 <- 0x00800000


mem[X,0x8000055C] -> 0x8D2D
[436] [M]: 0x8000055C (0x8D2D) c.xor a0, a1
x10 <- 0xFD7FFFFF


mem[X,0x8000055E] -> 0xAE23
mem[X,0x80000560] -> 0x12A0
[437] [M]: 0x8000055E (0x12A0AE23) sw a0, 316(ra)
mem[0x80005250] <- 0xFD7FFFFF


mem[X,0x80000562] -> 0x05B7
mem[X,0x80000564] -> 0xFFF0
[438] [M]: 0x80000562 (0xFFF005B7) lui a1, 1048320
x11 <- 0xFFF00000


mem[X,0x80000566] -> 0x15FD
[439] [M]: 0x80000566 (0x15FD) c.addi a1, 63
x11 <- 0xFFEFFFFF


mem[X,0x80000568] -> 0x0537
mem[X,0x8000056A] -> 0x0100
[440] [M]: 0x80000568 (0x01000537) lui a0, 4096
x10 <- 0x01000000


mem[X,0x8000056C] -> 0x8D2D
[441] [M]: 0x8000056C (0x8D2D) c.xor a0, a1
x10 <- 0xFEEFFFFF


mem[X,0x8000056E] -> 0xA023
mem[X,0x80000570] -> 0x14A0
[442] [M]: 0x8000056E (0x14A0A023) sw a0, 320(ra)
mem[0x80005254] <- 0xFEEFFFFF


mem[X,0x80000572] -> 0x55E5
[443] [M]: 0x80000572 (0x55E5) c.li a1, 57
x11 <- 0xFFFFFFF9


mem[X,0x80000574] -> 0x0537
mem[X,0x80000576] -> 0x0200
[444] [M]: 0x80000574 (0x02000537) lui a0, 8192
x10 <- 0x02000000


mem[X,0x80000578] -> 0x8D2D
[445] [M]: 0x80000578 (0x8D2D) c.xor a0, a1
x10 <- 0xFDFFFFF9


mem[X,0x8000057A] -> 0xA223
mem[X,0x8000057C] -> 0x14A0
[446] [M]: 0x8000057A (0x14A0A223) sw a0, 324(ra)
mem[0x80005258] <- 0xFDFFFFF9


mem[X,0x8000057E] -> 0x05B7
mem[X,0x80000580] -> 0xFFF0
[447] [M]: 0x8000057E (0xFFF005B7) lui a1, 1048320
x11 <- 0xFFF00000


mem[X,0x80000582] -> 0x15FD
[448] [M]: 0x80000582 (0x15FD) c.addi a1, 63
x11 <- 0xFFEFFFFF


mem[X,0x80000584] -> 0x5575
[449] [M]: 0x80000584 (0x5575) c.li a0, 61
x10 <- 0xFFFFFFFD


mem[X,0x80000586] -> 0x8D2D
[450] [M]: 0x80000586 (0x8D2D) c.xor a0, a1
x10 <- 0x00100002


mem[X,0x80000588] -> 0xA423
mem[X,0x8000058A] -> 0x14A0
[451] [M]: 0x80000588 (0x14A0A423) sw a0, 328(ra)
mem[0x8000525C] <- 0x00100002


mem[X,0x8000058C] -> 0x0593
mem[X,0x8000058E] -> 0xDFF0
[452] [M]: 0x8000058C (0xDFF00593) addi a1, zero, 3583
x11 <- 0xFFFFFDFF


mem[X,0x80000590] -> 0x555D
[453] [M]: 0x80000590 (0x555D) c.li a0, 55
x10 <- 0xFFFFFFF7


mem[X,0x80000592] -> 0x8D2D
[454] [M]: 0x80000592 (0x8D2D) c.xor a0, a1
x10 <- 0x00000208


mem[X,0x80000594] -> 0xA623
mem[X,0x80000596] -> 0x14A0
[455] [M]: 0x80000594 (0x14A0A623) sw a0, 332(ra)
mem[0x80005260] <- 0x00000208


mem[X,0x80000598] -> 0x75C1
[456] [M]: 0x80000598 (0x75C1) c.lui a1, 48
x11 <- 0xFFFF0000


mem[X,0x8000059A] -> 0x15FD
[457] [M]: 0x8000059A (0x15FD) c.addi a1, 63
x11 <- 0xFFFEFFFF


mem[X,0x8000059C] -> 0x553D
[458] [M]: 0x8000059C (0x553D) c.li a0, 47
x10 <- 0xFFFFFFEF


mem[X,0x8000059E] -> 0x8D2D
[459] [M]: 0x8000059E (0x8D2D) c.xor a0, a1
x10 <- 0x00010010


mem[X,0x800005A0] -> 0xA823
mem[X,0x800005A2] -> 0x14A0
[460] [M]: 0x800005A0 (0x14A0A823) sw a0, 336(ra)
mem[0x80005264] <- 0x00010010


mem[X,0x800005A4] -> 0x4589
[461] [M]: 0x800005A4 (0x4589) c.li a1, 2
x11 <- 0x00000002


mem[X,0x800005A6] -> 0x0513
mem[X,0x800005A8] -> 0xF7F0
[462] [M]: 0x800005A6 (0xF7F00513) addi a0, zero, 3967
x10 <- 0xFFFFFF7F


mem[X,0x800005AA] -> 0x8D2D
[463] [M]: 0x800005AA (0x8D2D) c.xor a0, a1
x10 <- 0xFFFFFF7D


mem[X,0x800005AC] -> 0xAA23
mem[X,0x800005AE] -> 0x14A0
[464] [M]: 0x800005AC (0x14A0AA23) sw a0, 340(ra)
mem[0x80005268] <- 0xFFFFFF7D


mem[X,0x800005B0] -> 0x05B7
mem[X,0x800005B2] -> 0xE000
[465] [M]: 0x800005B0 (0xE00005B7) lui a1, 917504
x11 <- 0xE0000000


mem[X,0x800005B4] -> 0x15FD
[466] [M]: 0x800005B4 (0x15FD) c.addi a1, 63
x11 <- 0xDFFFFFFF


mem[X,0x800005B6] -> 0x0513
mem[X,0x800005B8] -> 0xBFF0
[467] [M]: 0x800005B6 (0xBFF00513) addi a0, zero, 3071
x10 <- 0xFFFFFBFF


mem[X,0x800005BA] -> 0x8D2D
[468] [M]: 0x800005BA (0x8D2D) c.xor a0, a1
x10 <- 0x20000400


mem[X,0x800005BC] -> 0xAC23
mem[X,0x800005BE] -> 0x14A0
[469] [M]: 0x800005BC (0x14A0AC23) sw a0, 344(ra)
mem[0x8000526C] <- 0x20000400


mem[X,0x800005C0] -> 0x05B7
mem[X,0x800005C2] -> 0x0020
[470] [M]: 0x800005C0 (0x002005B7) lui a1, 512
x11 <- 0x00200000


mem[X,0x800005C4] -> 0x757D
[471] [M]: 0x800005C4 (0x757D) c.lui a0, 63
x10 <- 0xFFFFF000


mem[X,0x800005C6] -> 0x0513
mem[X,0x800005C8] -> 0x7FF5
[472] [M]: 0x800005C6 (0x7FF50513) addi a0, a0, 2047
x10 <- 0xFFFFF7FF


mem[X,0x800005CA] -> 0x8D2D
[473] [M]: 0x800005CA (0x8D2D) c.xor a0, a1
x10 <- 0xFFDFF7FF


mem[X,0x800005CC] -> 0xAE23
mem[X,0x800005CE] -> 0x14A0
[474] [M]: 0x800005CC (0x14A0AE23) sw a0, 348(ra)
mem[0x80005270] <- 0xFFDFF7FF


mem[X,0x800005D0] -> 0x7581
[475] [M]: 0x800005D0 (0x7581) c.lui a1, 32
x11 <- 0xFFFE0000


mem[X,0x800005D2] -> 0x15FD
[476] [M]: 0x800005D2 (0x15FD) c.addi a1, 63
x11 <- 0xFFFDFFFF


mem[X,0x800005D4] -> 0x7579
[477] [M]: 0x800005D4 (0x7579) c.lui a0, 62
x10 <- 0xFFFFE000


mem[X,0x800005D6] -> 0x157D
[478] [M]: 0x800005D6 (0x157D) c.addi a0, 63
x10 <- 0xFFFFDFFF


mem[X,0x800005D8] -> 0x8D2D
[479] [M]: 0x800005D8 (0x8D2D) c.xor a0, a1
x10 <- 0x00022000


mem[X,0x800005DA] -> 0xA023
mem[X,0x800005DC] -> 0x16A0
[480] [M]: 0x800005DA (0x16A0A023) sw a0, 352(ra)
mem[0x80005274] <- 0x00022000


mem[X,0x800005DE] -> 0x75D5
[481] [M]: 0x800005DE (0x75D5) c.lui a1, 53
x11 <- 0xFFFF5000


mem[X,0x800005E0] -> 0x8593
mem[X,0x800005E2] -> 0xAFC5
[482] [M]: 0x800005E0 (0xAFC58593) addi a1, a1, 2812
x11 <- 0xFFFF4AFC


mem[X,0x800005E4] -> 0x7571
[483] [M]: 0x800005E4 (0x7571) c.lui a0, 60
x10 <- 0xFFFFC000


mem[X,0x800005E6] -> 0x157D
[484] [M]: 0x800005E6 (0x157D) c.addi a0, 63
x10 <- 0xFFFFBFFF


mem[X,0x800005E8] -> 0x8D2D
[485] [M]: 0x800005E8 (0x8D2D) c.xor a0, a1
x10 <- 0x0000F503


mem[X,0x800005EA] -> 0xA223
mem[X,0x800005EC] -> 0x16A0
[486] [M]: 0x800005EA (0x16A0A223) sw a0, 356(ra)
mem[0x80005278] <- 0x0000F503


mem[X,0x800005EE] -> 0x75D5
[487] [M]: 0x800005EE (0x75D5) c.lui a1, 53
x11 <- 0xFFFF5000


mem[X,0x800005F0] -> 0x8593
mem[X,0x800005F2] -> 0xAFD5
[488] [M]: 0x800005F0 (0xAFD58593) addi a1, a1, 2813
x11 <- 0xFFFF4AFD


mem[X,0x800005F4] -> 0x7541
[489] [M]: 0x800005F4 (0x7541) c.lui a0, 48
x10 <- 0xFFFF0000


mem[X,0x800005F6] -> 0x157D
[490] [M]: 0x800005F6 (0x157D) c.addi a0, 63
x10 <- 0xFFFEFFFF


mem[X,0x800005F8] -> 0x8D2D
[491] [M]: 0x800005F8 (0x8D2D) c.xor a0, a1
x10 <- 0x0001B502


mem[X,0x800005FA] -> 0xA423
mem[X,0x800005FC] -> 0x16A0
[492] [M]: 0x800005FA (0x16A0A423) sw a0, 360(ra)
mem[0x8000527C] <- 0x0001B502


mem[X,0x800005FE] -> 0x65B7
mem[X,0x80000600] -> 0x6666
[493] [M]: 0x800005FE (0x666665B7) lui a1, 419430
x11 <- 0x66666000


mem[X,0x80000602] -> 0x8593
mem[X,0x80000604] -> 0x6665
[494] [M]: 0x80000602 (0x66658593) addi a1, a1, 1638
x11 <- 0x66666666


mem[X,0x80000606] -> 0x7501
[495] [M]: 0x80000606 (0x7501) c.lui a0, 32
x10 <- 0xFFFE0000


mem[X,0x80000608] -> 0x157D
[496] [M]: 0x80000608 (0x157D) c.addi a0, 63
x10 <- 0xFFFDFFFF


mem[X,0x8000060A] -> 0x8D2D
[497] [M]: 0x8000060A (0x8D2D) c.xor a0, a1
x10 <- 0x999B9999


mem[X,0x8000060C] -> 0xA623
mem[X,0x8000060E] -> 0x16A0
[498] [M]: 0x8000060C (0x16A0A623) sw a0, 364(ra)
mem[0x80005280] <- 0x999B9999


mem[X,0x80000610] -> 0x4595
[499] [M]: 0x80000610 (0x4595) c.li a1, 5
x11 <- 0x00000005


clint::tick mtime <- 0x0000000000000005
 clint timer pending at mtime 0x0000000000000005
htif::tick 0x0000000000000000
mem[X,0x80000612] -> 0x0537
mem[X,0x80000614] -> 0xFFF0
[500] [M]: 0x80000612 (0xFFF00537) lui a0, 1048320
x10 <- 0xFFF00000


mem[X,0x80000616] -> 0x157D
[501] [M]: 0x80000616 (0x157D) c.addi a0, 63
x10 <- 0xFFEFFFFF


mem[X,0x80000618] -> 0x8D2D
[502] [M]: 0x80000618 (0x8D2D) c.xor a0, a1
x10 <- 0xFFEFFFFA


mem[X,0x8000061A] -> 0xA823
mem[X,0x8000061C] -> 0x16A0
[503] [M]: 0x8000061A (0x16A0A823) sw a0, 368(ra)
mem[0x80005284] <- 0xFFEFFFFA


mem[X,0x8000061E] -> 0x05B7
mem[X,0x80000620] -> 0x0400
[504] [M]: 0x8000061E (0x040005B7) lui a1, 16384
x11 <- 0x04000000


mem[X,0x80000622] -> 0x0537
mem[X,0x80000624] -> 0xFF80
[505] [M]: 0x80000622 (0xFF800537) lui a0, 1046528
x10 <- 0xFF800000


mem[X,0x80000626] -> 0x157D
[506] [M]: 0x80000626 (0x157D) c.addi a0, 63
x10 <- 0xFF7FFFFF


mem[X,0x80000628] -> 0x8D2D
[507] [M]: 0x80000628 (0x8D2D) c.xor a0, a1
x10 <- 0xFB7FFFFF


mem[X,0x8000062A] -> 0xAA23
mem[X,0x8000062C] -> 0x16A0
[508] [M]: 0x8000062A (0x16A0AA23) sw a0, 372(ra)
mem[0x80005288] <- 0xFB7FFFFF


mem[X,0x8000062E] -> 0x05B7
mem[X,0x80000630] -> 0xFFC0
[509] [M]: 0x8000062E (0xFFC005B7) lui a1, 1047552
x11 <- 0xFFC00000


mem[X,0x80000632] -> 0x15FD
[510] [M]: 0x80000632 (0x15FD) c.addi a1, 63
x11 <- 0xFFBFFFFF


mem[X,0x80000634] -> 0x0537
mem[X,0x80000636] -> 0xFF00
[511] [M]: 0x80000634 (0xFF000537) lui a0, 1044480
x10 <- 0xFF000000


mem[X,0x80000638] -> 0x157D
[512] [M]: 0x80000638 (0x157D) c.addi a0, 63
x10 <- 0xFEFFFFFF


mem[X,0x8000063A] -> 0x8D2D
[513] [M]: 0x8000063A (0x8D2D) c.xor a0, a1
x10 <- 0x01400000


mem[X,0x8000063C] -> 0xAC23
mem[X,0x8000063E] -> 0x16A0
[514] [M]: 0x8000063C (0x16A0AC23) sw a0, 376(ra)
mem[0x8000528C] <- 0x01400000


mem[X,0x80000640] -> 0x35B7
mem[X,0x80000642] -> 0x3333
[515] [M]: 0x80000640 (0x333335B7) lui a1, 209715
x11 <- 0x33333000


mem[X,0x80000644] -> 0x8593
mem[X,0x80000646] -> 0x3325
[516] [M]: 0x80000644 (0x33258593) addi a1, a1, 818
x11 <- 0x33333332


mem[X,0x80000648] -> 0x0537
mem[X,0x8000064A] -> 0xF800
[517] [M]: 0x80000648 (0xF8000537) lui a0, 1015808
x10 <- 0xF8000000


mem[X,0x8000064C] -> 0x157D
[518] [M]: 0x8000064C (0x157D) c.addi a0, 63
x10 <- 0xF7FFFFFF


mem[X,0x8000064E] -> 0x8D2D
[519] [M]: 0x8000064E (0x8D2D) c.xor a0, a1
x10 <- 0xC4CCCCCD


mem[X,0x80000650] -> 0xAE23
mem[X,0x80000652] -> 0x16A0
[520] [M]: 0x80000650 (0x16A0AE23) sw a0, 380(ra)
mem[0x80005290] <- 0xC4CCCCCD


mem[X,0x80000654] -> 0x05B7
mem[X,0x80000656] -> 0x2000
[521] [M]: 0x80000654 (0x200005B7) lui a1, 131072
x11 <- 0x20000000


mem[X,0x80000658] -> 0x0537
mem[X,0x8000065A] -> 0xF000
[522] [M]: 0x80000658 (0xF0000537) lui a0, 983040
x10 <- 0xF0000000


mem[X,0x8000065C] -> 0x157D
[523] [M]: 0x8000065C (0x157D) c.addi a0, 63
x10 <- 0xEFFFFFFF


mem[X,0x8000065E] -> 0x8D2D
[524] [M]: 0x8000065E (0x8D2D) c.xor a0, a1
x10 <- 0xCFFFFFFF


mem[X,0x80000660] -> 0xA023
mem[X,0x80000662] -> 0x18A0
[525] [M]: 0x80000660 (0x18A0A023) sw a0, 384(ra)
mem[0x80005294] <- 0xCFFFFFFF


mem[X,0x80000664] -> 0x55BD
[526] [M]: 0x80000664 (0x55BD) c.li a1, 47
x11 <- 0xFFFFFFEF


mem[X,0x80000666] -> 0x0537
mem[X,0x80000668] -> 0xC000
[527] [M]: 0x80000666 (0xC0000537) lui a0, 786432
x10 <- 0xC0000000


mem[X,0x8000066A] -> 0x157D
[528] [M]: 0x8000066A (0x157D) c.addi a0, 63
x10 <- 0xBFFFFFFF


mem[X,0x8000066C] -> 0x8D2D
[529] [M]: 0x8000066C (0x8D2D) c.xor a0, a1
x10 <- 0x40000010


mem[X,0x8000066E] -> 0xA223
mem[X,0x80000670] -> 0x18A0
[530] [M]: 0x8000066E (0x18A0A223) sw a0, 388(ra)
mem[0x80005298] <- 0x40000010


mem[X,0x80000672] -> 0x05B7
mem[X,0x80000674] -> 0xFFF0
[531] [M]: 0x80000672 (0xFFF005B7) lui a1, 1048320
x11 <- 0xFFF00000


mem[X,0x80000676] -> 0x15FD
[532] [M]: 0x80000676 (0x15FD) c.addi a1, 63
x11 <- 0xFFEFFFFF


mem[X,0x80000678] -> 0x5537
mem[X,0x8000067A] -> 0x5555
[533] [M]: 0x80000678 (0x55555537) lui a0, 349525
x10 <- 0x55555000


mem[X,0x8000067C] -> 0x0513
mem[X,0x8000067E] -> 0x5555
[534] [M]: 0x8000067C (0x55550513) addi a0, a0, 1365
x10 <- 0x55555555


mem[X,0x80000680] -> 0x8D2D
[535] [M]: 0x80000680 (0x8D2D) c.xor a0, a1
x10 <- 0xAABAAAAA


mem[X,0x80000682] -> 0xA423
mem[X,0x80000684] -> 0x18A0
[536] [M]: 0x80000682 (0x18A0A423) sw a0, 392(ra)
mem[0x8000529C] <- 0xAABAAAAA


mem[X,0x80000686] -> 0x458D
[537] [M]: 0x80000686 (0x458D) c.li a1, 3
x11 <- 0x00000003


mem[X,0x80000688] -> 0x450D
[538] [M]: 0x80000688 (0x450D) c.li a0, 3
x10 <- 0x00000003


mem[X,0x8000068A] -> 0x8D2D
[539] [M]: 0x8000068A (0x8D2D) c.xor a0, a1
x10 <- 0x00000000


mem[X,0x8000068C] -> 0xA623
mem[X,0x8000068E] -> 0x18A0
[540] [M]: 0x8000068C (0x18A0A623) sw a0, 396(ra)
mem[0x800052A0] <- 0x00000000


mem[X,0x80000690] -> 0x55B7
mem[X,0x80000692] -> 0x5555
[541] [M]: 0x80000690 (0x555555B7) lui a1, 349525
x11 <- 0x55555000


mem[X,0x80000694] -> 0x8593
mem[X,0x80000696] -> 0x5555
[542] [M]: 0x80000694 (0x55558593) addi a1, a1, 1365
x11 <- 0x55555555


mem[X,0x80000698] -> 0x450D
[543] [M]: 0x80000698 (0x450D) c.li a0, 3
x10 <- 0x00000003


mem[X,0x8000069A] -> 0x8D2D
[544] [M]: 0x8000069A (0x8D2D) c.xor a0, a1
x10 <- 0x55555556


mem[X,0x8000069C] -> 0xA823
mem[X,0x8000069E] -> 0x18A0
[545] [M]: 0x8000069C (0x18A0A823) sw a0, 400(ra)
mem[0x800052A4] <- 0x55555556


mem[X,0x800006A0] -> 0xB5B7
mem[X,0x800006A2] -> 0xAAAA
[546] [M]: 0x800006A0 (0xAAAAB5B7) lui a1, 699051
x11 <- 0xAAAAB000


mem[X,0x800006A4] -> 0x8593
mem[X,0x800006A6] -> 0xAAA5
[547] [M]: 0x800006A4 (0xAAA58593) addi a1, a1, 2730
x11 <- 0xAAAAAAAA


mem[X,0x800006A8] -> 0x450D
[548] [M]: 0x800006A8 (0x450D) c.li a0, 3
x10 <- 0x00000003


mem[X,0x800006AA] -> 0x8D2D
[549] [M]: 0x800006AA (0x8D2D) c.xor a0, a1
x10 <- 0xAAAAAAA9


mem[X,0x800006AC] -> 0xAA23
mem[X,0x800006AE] -> 0x18A0
[550] [M]: 0x800006AC (0x18A0AA23) sw a0, 404(ra)
mem[0x800052A8] <- 0xAAAAAAA9


mem[X,0x800006B0] -> 0x4595
[551] [M]: 0x800006B0 (0x4595) c.li a1, 5
x11 <- 0x00000005


mem[X,0x800006B2] -> 0x450D
[552] [M]: 0x800006B2 (0x450D) c.li a0, 3
x10 <- 0x00000003


mem[X,0x800006B4] -> 0x8D2D
[553] [M]: 0x800006B4 (0x8D2D) c.xor a0, a1
x10 <- 0x00000006


mem[X,0x800006B6] -> 0xAC23
mem[X,0x800006B8] -> 0x18A0
[554] [M]: 0x800006B6 (0x18A0AC23) sw a0, 408(ra)
mem[0x800052AC] <- 0x00000006


mem[X,0x800006BA] -> 0x35B7
mem[X,0x800006BC] -> 0x3333
[555] [M]: 0x800006BA (0x333335B7) lui a1, 209715
x11 <- 0x33333000


mem[X,0x800006BE] -> 0x8593
mem[X,0x800006C0] -> 0x3335
[556] [M]: 0x800006BE (0x33358593) addi a1, a1, 819
x11 <- 0x33333333


mem[X,0x800006C2] -> 0x450D
[557] [M]: 0x800006C2 (0x450D) c.li a0, 3
x10 <- 0x00000003


mem[X,0x800006C4] -> 0x8D2D
[558] [M]: 0x800006C4 (0x8D2D) c.xor a0, a1
x10 <- 0x33333330


mem[X,0x800006C6] -> 0xAE23
mem[X,0x800006C8] -> 0x18A0
[559] [M]: 0x800006C6 (0x18A0AE23) sw a0, 412(ra)
mem[0x800052B0] <- 0x33333330


mem[X,0x800006CA] -> 0x65B7
mem[X,0x800006CC] -> 0x6666
[560] [M]: 0x800006CA (0x666665B7) lui a1, 419430
x11 <- 0x66666000


mem[X,0x800006CE] -> 0x8593
mem[X,0x800006D0] -> 0x6665
[561] [M]: 0x800006CE (0x66658593) addi a1, a1, 1638
x11 <- 0x66666666


mem[X,0x800006D2] -> 0x450D
[562] [M]: 0x800006D2 (0x450D) c.li a0, 3
x10 <- 0x00000003


mem[X,0x800006D4] -> 0x8D2D
[563] [M]: 0x800006D4 (0x8D2D) c.xor a0, a1
x10 <- 0x66666665


mem[X,0x800006D6] -> 0xA023
mem[X,0x800006D8] -> 0x1AA0
[564] [M]: 0x800006D6 (0x1AA0A023) sw a0, 416(ra)
mem[0x800052B4] <- 0x66666665


mem[X,0x800006DA] -> 0x75D5
[565] [M]: 0x800006DA (0x75D5) c.lui a1, 53
x11 <- 0xFFFF5000


mem[X,0x800006DC] -> 0x8593
mem[X,0x800006DE] -> 0xAFC5
[566] [M]: 0x800006DC (0xAFC58593) addi a1, a1, 2812
x11 <- 0xFFFF4AFC


mem[X,0x800006E0] -> 0x450D
[567] [M]: 0x800006E0 (0x450D) c.li a0, 3
x10 <- 0x00000003


mem[X,0x800006E2] -> 0x8D2D
[568] [M]: 0x800006E2 (0x8D2D) c.xor a0, a1
x10 <- 0xFFFF4AFF


mem[X,0x800006E4] -> 0xA223
mem[X,0x800006E6] -> 0x1AA0
[569] [M]: 0x800006E4 (0x1AA0A223) sw a0, 420(ra)
mem[0x800052B8] <- 0xFFFF4AFF


mem[X,0x800006E8] -> 0x65AD
[570] [M]: 0x800006E8 (0x65AD) c.lui a1, 11
x11 <- 0x0000B000


mem[X,0x800006EA] -> 0x8593
mem[X,0x800006EC] -> 0x5045
[571] [M]: 0x800006EA (0x50458593) addi a1, a1, 1284
x11 <- 0x0000B504


mem[X,0x800006EE] -> 0x450D
[572] [M]: 0x800006EE (0x450D) c.li a0, 3
x10 <- 0x00000003


mem[X,0x800006F0] -> 0x8D2D
[573] [M]: 0x800006F0 (0x8D2D) c.xor a0, a1
x10 <- 0x0000B507


mem[X,0x800006F2] -> 0xA423
mem[X,0x800006F4] -> 0x1AA0
[574] [M]: 0x800006F2 (0x1AA0A423) sw a0, 424(ra)
mem[0x800052BC] <- 0x0000B507


mem[X,0x800006F6] -> 0x4589
[575] [M]: 0x800006F6 (0x4589) c.li a1, 2
x11 <- 0x00000002


mem[X,0x800006F8] -> 0x450D
[576] [M]: 0x800006F8 (0x450D) c.li a0, 3
x10 <- 0x00000003


mem[X,0x800006FA] -> 0x8D2D
[577] [M]: 0x800006FA (0x8D2D) c.xor a0, a1
x10 <- 0x00000001


mem[X,0x800006FC] -> 0xA623
mem[X,0x800006FE] -> 0x1AA0
[578] [M]: 0x800006FC (0x1AA0A623) sw a0, 428(ra)
mem[0x800052C0] <- 0x00000001


mem[X,0x80000700] -> 0x55B7
mem[X,0x80000702] -> 0x5555
[579] [M]: 0x80000700 (0x555555B7) lui a1, 349525
x11 <- 0x55555000


mem[X,0x80000704] -> 0x8593
mem[X,0x80000706] -> 0x5545
[580] [M]: 0x80000704 (0x55458593) addi a1, a1, 1364
x11 <- 0x55555554


mem[X,0x80000708] -> 0x450D
[581] [M]: 0x80000708 (0x450D) c.li a0, 3
x10 <- 0x00000003


mem[X,0x8000070A] -> 0x8D2D
[582] [M]: 0x8000070A (0x8D2D) c.xor a0, a1
x10 <- 0x55555557


mem[X,0x8000070C] -> 0xA823
mem[X,0x8000070E] -> 0x1AA0
[583] [M]: 0x8000070C (0x1AA0A823) sw a0, 432(ra)
mem[0x800052C4] <- 0x55555557


mem[X,0x80000710] -> 0x4581
[584] [M]: 0x80000710 (0x4581) c.li a1, 0
x11 <- 0x00000000


mem[X,0x80000712] -> 0x450D
[585] [M]: 0x80000712 (0x450D) c.li a0, 3
x10 <- 0x00000003


mem[X,0x80000714] -> 0x8D2D
[586] [M]: 0x80000714 (0x8D2D) c.xor a0, a1
x10 <- 0x00000003


mem[X,0x80000716] -> 0xAA23
mem[X,0x80000718] -> 0x1AA0
[587] [M]: 0x80000716 (0x1AA0AA23) sw a0, 436(ra)
mem[0x800052C8] <- 0x00000003


mem[X,0x8000071A] -> 0x4591
[588] [M]: 0x8000071A (0x4591) c.li a1, 4
x11 <- 0x00000004


mem[X,0x8000071C] -> 0x450D
[589] [M]: 0x8000071C (0x450D) c.li a0, 3
x10 <- 0x00000003


mem[X,0x8000071E] -> 0x8D2D
[590] [M]: 0x8000071E (0x8D2D) c.xor a0, a1
x10 <- 0x00000007


mem[X,0x80000720] -> 0xAC23
mem[X,0x80000722] -> 0x1AA0
[591] [M]: 0x80000720 (0x1AA0AC23) sw a0, 440(ra)
mem[0x800052CC] <- 0x00000007


mem[X,0x80000724] -> 0x35B7
mem[X,0x80000726] -> 0x3333
[592] [M]: 0x80000724 (0x333335B7) lui a1, 209715
x11 <- 0x33333000


mem[X,0x80000728] -> 0x8593
mem[X,0x8000072A] -> 0x3325
[593] [M]: 0x80000728 (0x33258593) addi a1, a1, 818
x11 <- 0x33333332


mem[X,0x8000072C] -> 0x450D
[594] [M]: 0x8000072C (0x450D) c.li a0, 3
x10 <- 0x00000003


mem[X,0x8000072E] -> 0x8D2D
[595] [M]: 0x8000072E (0x8D2D) c.xor a0, a1
x10 <- 0x33333331


mem[X,0x80000730] -> 0xAE23
mem[X,0x80000732] -> 0x1AA0
[596] [M]: 0x80000730 (0x1AA0AE23) sw a0, 444(ra)
mem[0x800052D0] <- 0x33333331


mem[X,0x80000734] -> 0x65B7
mem[X,0x80000736] -> 0x6666
[597] [M]: 0x80000734 (0x666665B7) lui a1, 419430
x11 <- 0x66666000


mem[X,0x80000738] -> 0x8593
mem[X,0x8000073A] -> 0x6655
[598] [M]: 0x80000738 (0x66558593) addi a1, a1, 1637
x11 <- 0x66666665


mem[X,0x8000073C] -> 0x450D
[599] [M]: 0x8000073C (0x450D) c.li a0, 3
x10 <- 0x00000003


clint::tick mtime <- 0x0000000000000006
 clint timer pending at mtime 0x0000000000000006
htif::tick 0x0000000000000000
mem[X,0x8000073E] -> 0x8D2D
[600] [M]: 0x8000073E (0x8D2D) c.xor a0, a1
x10 <- 0x66666666


mem[X,0x80000740] -> 0xA023
mem[X,0x80000742] -> 0x1CA0
[601] [M]: 0x80000740 (0x1CA0A023) sw a0, 448(ra)
mem[0x800052D4] <- 0x66666666


mem[X,0x80000744] -> 0x65AD
[602] [M]: 0x80000744 (0x65AD) c.lui a1, 11
x11 <- 0x0000B000


mem[X,0x80000746] -> 0x8593
mem[X,0x80000748] -> 0x5035
[603] [M]: 0x80000746 (0x50358593) addi a1, a1, 1283
x11 <- 0x0000B503


mem[X,0x8000074A] -> 0x450D
[604] [M]: 0x8000074A (0x450D) c.li a0, 3
x10 <- 0x00000003


mem[X,0x8000074C] -> 0x8D2D
[605] [M]: 0x8000074C (0x8D2D) c.xor a0, a1
x10 <- 0x0000B500


mem[X,0x8000074E] -> 0xA223
mem[X,0x80000750] -> 0x1CA0
[606] [M]: 0x8000074E (0x1CA0A223) sw a0, 452(ra)
mem[0x800052D8] <- 0x0000B500


mem[X,0x80000752] -> 0x55B7
mem[X,0x80000754] -> 0x5555
[607] [M]: 0x80000752 (0x555555B7) lui a1, 349525
x11 <- 0x55555000


mem[X,0x80000756] -> 0x8593
mem[X,0x80000758] -> 0x5565
[608] [M]: 0x80000756 (0x55658593) addi a1, a1, 1366
x11 <- 0x55555556


mem[X,0x8000075A] -> 0x450D
[609] [M]: 0x8000075A (0x450D) c.li a0, 3
x10 <- 0x00000003


mem[X,0x8000075C] -> 0x8D2D
[610] [M]: 0x8000075C (0x8D2D) c.xor a0, a1
x10 <- 0x55555555


mem[X,0x8000075E] -> 0xA423
mem[X,0x80000760] -> 0x1CA0
[611] [M]: 0x8000075E (0x1CA0A423) sw a0, 456(ra)
mem[0x800052DC] <- 0x55555555


mem[X,0x80000762] -> 0xB5B7
mem[X,0x80000764] -> 0xAAAA
[612] [M]: 0x80000762 (0xAAAAB5B7) lui a1, 699051
x11 <- 0xAAAAB000


mem[X,0x80000766] -> 0x8593
mem[X,0x80000768] -> 0xAAB5
[613] [M]: 0x80000766 (0xAAB58593) addi a1, a1, 2731
x11 <- 0xAAAAAAAB


mem[X,0x8000076A] -> 0x450D
[614] [M]: 0x8000076A (0x450D) c.li a0, 3
x10 <- 0x00000003


mem[X,0x8000076C] -> 0x8D2D
[615] [M]: 0x8000076C (0x8D2D) c.xor a0, a1
x10 <- 0xAAAAAAA8


mem[X,0x8000076E] -> 0xA623
mem[X,0x80000770] -> 0x1CA0
[616] [M]: 0x8000076E (0x1CA0A623) sw a0, 460(ra)
mem[0x800052E0] <- 0xAAAAAAA8


mem[X,0x80000772] -> 0x4599
[617] [M]: 0x80000772 (0x4599) c.li a1, 6
x11 <- 0x00000006


mem[X,0x80000774] -> 0x450D
[618] [M]: 0x80000774 (0x450D) c.li a0, 3
x10 <- 0x00000003


mem[X,0x80000776] -> 0x8D2D
[619] [M]: 0x80000776 (0x8D2D) c.xor a0, a1
x10 <- 0x00000005


mem[X,0x80000778] -> 0xA823
mem[X,0x8000077A] -> 0x1CA0
[620] [M]: 0x80000778 (0x1CA0A823) sw a0, 464(ra)
mem[0x800052E4] <- 0x00000005


mem[X,0x8000077C] -> 0x35B7
mem[X,0x8000077E] -> 0x3333
[621] [M]: 0x8000077C (0x333335B7) lui a1, 209715
x11 <- 0x33333000


mem[X,0x80000780] -> 0x8593
mem[X,0x80000782] -> 0x3345
[622] [M]: 0x80000780 (0x33458593) addi a1, a1, 820
x11 <- 0x33333334


mem[X,0x80000784] -> 0x450D
[623] [M]: 0x80000784 (0x450D) c.li a0, 3
x10 <- 0x00000003


mem[X,0x80000786] -> 0x8D2D
[624] [M]: 0x80000786 (0x8D2D) c.xor a0, a1
x10 <- 0x33333337


mem[X,0x80000788] -> 0xAA23
mem[X,0x8000078A] -> 0x1CA0
[625] [M]: 0x80000788 (0x1CA0AA23) sw a0, 468(ra)
mem[0x800052E8] <- 0x33333337


mem[X,0x8000078C] -> 0x65B7
mem[X,0x8000078E] -> 0x6666
[626] [M]: 0x8000078C (0x666665B7) lui a1, 419430
x11 <- 0x66666000


mem[X,0x80000790] -> 0x8593
mem[X,0x80000792] -> 0x6675
[627] [M]: 0x80000790 (0x66758593) addi a1, a1, 1639
x11 <- 0x66666667


mem[X,0x80000794] -> 0x450D
[628] [M]: 0x80000794 (0x450D) c.li a0, 3
x10 <- 0x00000003


mem[X,0x80000796] -> 0x8D2D
[629] [M]: 0x80000796 (0x8D2D) c.xor a0, a1
x10 <- 0x66666664


mem[X,0x80000798] -> 0xAC23
mem[X,0x8000079A] -> 0x1CA0
[630] [M]: 0x80000798 (0x1CA0AC23) sw a0, 472(ra)
mem[0x800052EC] <- 0x66666664


mem[X,0x8000079C] -> 0x75D5
[631] [M]: 0x8000079C (0x75D5) c.lui a1, 53
x11 <- 0xFFFF5000


mem[X,0x8000079E] -> 0x8593
mem[X,0x800007A0] -> 0xAFD5
[632] [M]: 0x8000079E (0xAFD58593) addi a1, a1, 2813
x11 <- 0xFFFF4AFD


mem[X,0x800007A2] -> 0x450D
[633] [M]: 0x800007A2 (0x450D) c.li a0, 3
x10 <- 0x00000003


mem[X,0x800007A4] -> 0x8D2D
[634] [M]: 0x800007A4 (0x8D2D) c.xor a0, a1
x10 <- 0xFFFF4AFE


mem[X,0x800007A6] -> 0xAE23
mem[X,0x800007A8] -> 0x1CA0
[635] [M]: 0x800007A6 (0x1CA0AE23) sw a0, 476(ra)
mem[0x800052F0] <- 0xFFFF4AFE


mem[X,0x800007AA] -> 0x65AD
[636] [M]: 0x800007AA (0x65AD) c.lui a1, 11
x11 <- 0x0000B000


mem[X,0x800007AC] -> 0x8593
mem[X,0x800007AE] -> 0x5055
[637] [M]: 0x800007AC (0x50558593) addi a1, a1, 1285
x11 <- 0x0000B505


mem[X,0x800007B0] -> 0x450D
[638] [M]: 0x800007B0 (0x450D) c.li a0, 3
x10 <- 0x00000003


mem[X,0x800007B2] -> 0x8D2D
[639] [M]: 0x800007B2 (0x8D2D) c.xor a0, a1
x10 <- 0x0000B506


mem[X,0x800007B4] -> 0xA023
mem[X,0x800007B6] -> 0x1EA0
[640] [M]: 0x800007B4 (0x1EA0A023) sw a0, 480(ra)
mem[0x800052F4] <- 0x0000B506


mem[X,0x800007B8] -> 0x458D
[641] [M]: 0x800007B8 (0x458D) c.li a1, 3
x11 <- 0x00000003


mem[X,0x800007BA] -> 0x5537
mem[X,0x800007BC] -> 0x5555
[642] [M]: 0x800007BA (0x55555537) lui a0, 349525
x10 <- 0x55555000


mem[X,0x800007BE] -> 0x0513
mem[X,0x800007C0] -> 0x5555
[643] [M]: 0x800007BE (0x55550513) addi a0, a0, 1365
x10 <- 0x55555555


mem[X,0x800007C2] -> 0x8D2D
[644] [M]: 0x800007C2 (0x8D2D) c.xor a0, a1
x10 <- 0x55555556


mem[X,0x800007C4] -> 0xA223
mem[X,0x800007C6] -> 0x1EA0
[645] [M]: 0x800007C4 (0x1EA0A223) sw a0, 484(ra)
mem[0x800052F8] <- 0x55555556


mem[X,0x800007C8] -> 0x55B7
mem[X,0x800007CA] -> 0x5555
[646] [M]: 0x800007C8 (0x555555B7) lui a1, 349525
x11 <- 0x55555000


mem[X,0x800007CC] -> 0x8593
mem[X,0x800007CE] -> 0x5555
[647] [M]: 0x800007CC (0x55558593) addi a1, a1, 1365
x11 <- 0x55555555


mem[X,0x800007D0] -> 0x5537
mem[X,0x800007D2] -> 0x5555
[648] [M]: 0x800007D0 (0x55555537) lui a0, 349525
x10 <- 0x55555000


mem[X,0x800007D4] -> 0x0513
mem[X,0x800007D6] -> 0x5555
[649] [M]: 0x800007D4 (0x55550513) addi a0, a0, 1365
x10 <- 0x55555555


mem[X,0x800007D8] -> 0x8D2D
[650] [M]: 0x800007D8 (0x8D2D) c.xor a0, a1
x10 <- 0x00000000


mem[X,0x800007DA] -> 0xA423
mem[X,0x800007DC] -> 0x1EA0
[651] [M]: 0x800007DA (0x1EA0A423) sw a0, 488(ra)
mem[0x800052FC] <- 0x00000000


mem[X,0x800007DE] -> 0xB5B7
mem[X,0x800007E0] -> 0xAAAA
[652] [M]: 0x800007DE (0xAAAAB5B7) lui a1, 699051
x11 <- 0xAAAAB000


mem[X,0x800007E2] -> 0x8593
mem[X,0x800007E4] -> 0xAAA5
[653] [M]: 0x800007E2 (0xAAA58593) addi a1, a1, 2730
x11 <- 0xAAAAAAAA


mem[X,0x800007E6] -> 0x5537
mem[X,0x800007E8] -> 0x5555
[654] [M]: 0x800007E6 (0x55555537) lui a0, 349525
x10 <- 0x55555000


mem[X,0x800007EA] -> 0x0513
mem[X,0x800007EC] -> 0x5555
[655] [M]: 0x800007EA (0x55550513) addi a0, a0, 1365
x10 <- 0x55555555


mem[X,0x800007EE] -> 0x8D2D
[656] [M]: 0x800007EE (0x8D2D) c.xor a0, a1
x10 <- 0xFFFFFFFF


mem[X,0x800007F0] -> 0xA623
mem[X,0x800007F2] -> 0x1EA0
[657] [M]: 0x800007F0 (0x1EA0A623) sw a0, 492(ra)
mem[0x80005300] <- 0xFFFFFFFF


mem[X,0x800007F4] -> 0x4595
[658] [M]: 0x800007F4 (0x4595) c.li a1, 5
x11 <- 0x00000005


mem[X,0x800007F6] -> 0x5537
mem[X,0x800007F8] -> 0x5555
[659] [M]: 0x800007F6 (0x55555537) lui a0, 349525
x10 <- 0x55555000


mem[X,0x800007FA] -> 0x0513
mem[X,0x800007FC] -> 0x5555
[660] [M]: 0x800007FA (0x55550513) addi a0, a0, 1365
x10 <- 0x55555555


mem[X,0x800007FE] -> 0x8D2D
[661] [M]: 0x800007FE (0x8D2D) c.xor a0, a1
x10 <- 0x55555550


mem[X,0x80000800] -> 0xA823
mem[X,0x80000802] -> 0x1EA0
[662] [M]: 0x80000800 (0x1EA0A823) sw a0, 496(ra)
mem[0x80005304] <- 0x55555550


mem[X,0x80000804] -> 0x35B7
mem[X,0x80000806] -> 0x3333
[663] [M]: 0x80000804 (0x333335B7) lui a1, 209715
x11 <- 0x33333000


mem[X,0x80000808] -> 0x8593
mem[X,0x8000080A] -> 0x3335
[664] [M]: 0x80000808 (0x33358593) addi a1, a1, 819
x11 <- 0x33333333


mem[X,0x8000080C] -> 0x5537
mem[X,0x8000080E] -> 0x5555
[665] [M]: 0x8000080C (0x55555537) lui a0, 349525
x10 <- 0x55555000


mem[X,0x80000810] -> 0x0513
mem[X,0x80000812] -> 0x5555
[666] [M]: 0x80000810 (0x55550513) addi a0, a0, 1365
x10 <- 0x55555555


mem[X,0x80000814] -> 0x8D2D
[667] [M]: 0x80000814 (0x8D2D) c.xor a0, a1
x10 <- 0x66666666


mem[X,0x80000816] -> 0xAA23
mem[X,0x80000818] -> 0x1EA0
[668] [M]: 0x80000816 (0x1EA0AA23) sw a0, 500(ra)
mem[0x80005308] <- 0x66666666


mem[X,0x8000081A] -> 0x65B7
mem[X,0x8000081C] -> 0x6666
[669] [M]: 0x8000081A (0x666665B7) lui a1, 419430
x11 <- 0x66666000


mem[X,0x8000081E] -> 0x8593
mem[X,0x80000820] -> 0x6665
[670] [M]: 0x8000081E (0x66658593) addi a1, a1, 1638
x11 <- 0x66666666


mem[X,0x80000822] -> 0x5537
mem[X,0x80000824] -> 0x5555
[671] [M]: 0x80000822 (0x55555537) lui a0, 349525
x10 <- 0x55555000


mem[X,0x80000826] -> 0x0513
mem[X,0x80000828] -> 0x5555
[672] [M]: 0x80000826 (0x55550513) addi a0, a0, 1365
x10 <- 0x55555555


mem[X,0x8000082A] -> 0x8D2D
[673] [M]: 0x8000082A (0x8D2D) c.xor a0, a1
x10 <- 0x33333333


mem[X,0x8000082C] -> 0xAC23
mem[X,0x8000082E] -> 0x1EA0
[674] [M]: 0x8000082C (0x1EA0AC23) sw a0, 504(ra)
mem[0x8000530C] <- 0x33333333


mem[X,0x80000830] -> 0x75D5
[675] [M]: 0x80000830 (0x75D5) c.lui a1, 53
x11 <- 0xFFFF5000


mem[X,0x80000832] -> 0x8593
mem[X,0x80000834] -> 0xAFC5
[676] [M]: 0x80000832 (0xAFC58593) addi a1, a1, 2812
x11 <- 0xFFFF4AFC


mem[X,0x80000836] -> 0x5537
mem[X,0x80000838] -> 0x5555
[677] [M]: 0x80000836 (0x55555537) lui a0, 349525
x10 <- 0x55555000


mem[X,0x8000083A] -> 0x0513
mem[X,0x8000083C] -> 0x5555
[678] [M]: 0x8000083A (0x55550513) addi a0, a0, 1365
x10 <- 0x55555555


mem[X,0x8000083E] -> 0x8D2D
[679] [M]: 0x8000083E (0x8D2D) c.xor a0, a1
x10 <- 0xAAAA1FA9


mem[X,0x80000840] -> 0xAE23
mem[X,0x80000842] -> 0x1EA0
[680] [M]: 0x80000840 (0x1EA0AE23) sw a0, 508(ra)
mem[0x80005310] <- 0xAAAA1FA9


mem[X,0x80000844] -> 0x65AD
[681] [M]: 0x80000844 (0x65AD) c.lui a1, 11
x11 <- 0x0000B000


mem[X,0x80000846] -> 0x8593
mem[X,0x80000848] -> 0x5045
[682] [M]: 0x80000846 (0x50458593) addi a1, a1, 1284
x11 <- 0x0000B504


mem[X,0x8000084A] -> 0x5537
mem[X,0x8000084C] -> 0x5555
[683] [M]: 0x8000084A (0x55555537) lui a0, 349525
x10 <- 0x55555000


mem[X,0x8000084E] -> 0x0513
mem[X,0x80000850] -> 0x5555
[684] [M]: 0x8000084E (0x55550513) addi a0, a0, 1365
x10 <- 0x55555555


mem[X,0x80000852] -> 0x8D2D
[685] [M]: 0x80000852 (0x8D2D) c.xor a0, a1
x10 <- 0x5555E051


mem[X,0x80000854] -> 0xA023
mem[X,0x80000856] -> 0x20A0
[686] [M]: 0x80000854 (0x20A0A023) sw a0, 512(ra)
mem[0x80005314] <- 0x5555E051


mem[X,0x80000858] -> 0x4589
[687] [M]: 0x80000858 (0x4589) c.li a1, 2
x11 <- 0x00000002


mem[X,0x8000085A] -> 0x5537
mem[X,0x8000085C] -> 0x5555
[688] [M]: 0x8000085A (0x55555537) lui a0, 349525
x10 <- 0x55555000


mem[X,0x8000085E] -> 0x0513
mem[X,0x80000860] -> 0x5555
[689] [M]: 0x8000085E (0x55550513) addi a0, a0, 1365
x10 <- 0x55555555


mem[X,0x80000862] -> 0x8D2D
[690] [M]: 0x80000862 (0x8D2D) c.xor a0, a1
x10 <- 0x55555557


mem[X,0x80000864] -> 0xA223
mem[X,0x80000866] -> 0x20A0
[691] [M]: 0x80000864 (0x20A0A223) sw a0, 516(ra)
mem[0x80005318] <- 0x55555557


mem[X,0x80000868] -> 0x55B7
mem[X,0x8000086A] -> 0x5555
[692] [M]: 0x80000868 (0x555555B7) lui a1, 349525
x11 <- 0x55555000


mem[X,0x8000086C] -> 0x8593
mem[X,0x8000086E] -> 0x5545
[693] [M]: 0x8000086C (0x55458593) addi a1, a1, 1364
x11 <- 0x55555554


mem[X,0x80000870] -> 0x5537
mem[X,0x80000872] -> 0x5555
[694] [M]: 0x80000870 (0x55555537) lui a0, 349525
x10 <- 0x55555000


mem[X,0x80000874] -> 0x0513
mem[X,0x80000876] -> 0x5555
[695] [M]: 0x80000874 (0x55550513) addi a0, a0, 1365
x10 <- 0x55555555


mem[X,0x80000878] -> 0x8D2D
[696] [M]: 0x80000878 (0x8D2D) c.xor a0, a1
x10 <- 0x00000001


mem[X,0x8000087A] -> 0xA423
mem[X,0x8000087C] -> 0x20A0
[697] [M]: 0x8000087A (0x20A0A423) sw a0, 520(ra)
mem[0x8000531C] <- 0x00000001


mem[X,0x8000087E] -> 0x4581
[698] [M]: 0x8000087E (0x4581) c.li a1, 0
x11 <- 0x00000000


mem[X,0x80000880] -> 0x5537
mem[X,0x80000882] -> 0x5555
[699] [M]: 0x80000880 (0x55555537) lui a0, 349525
x10 <- 0x55555000


clint::tick mtime <- 0x0000000000000007
 clint timer pending at mtime 0x0000000000000007
htif::tick 0x0000000000000000
mem[X,0x80000884] -> 0x0513
mem[X,0x80000886] -> 0x5555
[700] [M]: 0x80000884 (0x55550513) addi a0, a0, 1365
x10 <- 0x55555555


mem[X,0x80000888] -> 0x8D2D
[701] [M]: 0x80000888 (0x8D2D) c.xor a0, a1
x10 <- 0x55555555


mem[X,0x8000088A] -> 0xA623
mem[X,0x8000088C] -> 0x20A0
[702] [M]: 0x8000088A (0x20A0A623) sw a0, 524(ra)
mem[0x80005320] <- 0x55555555


mem[X,0x8000088E] -> 0x4591
[703] [M]: 0x8000088E (0x4591) c.li a1, 4
x11 <- 0x00000004


mem[X,0x80000890] -> 0x5537
mem[X,0x80000892] -> 0x5555
[704] [M]: 0x80000890 (0x55555537) lui a0, 349525
x10 <- 0x55555000


mem[X,0x80000894] -> 0x0513
mem[X,0x80000896] -> 0x5555
[705] [M]: 0x80000894 (0x55550513) addi a0, a0, 1365
x10 <- 0x55555555


mem[X,0x80000898] -> 0x8D2D
[706] [M]: 0x80000898 (0x8D2D) c.xor a0, a1
x10 <- 0x55555551


mem[X,0x8000089A] -> 0xA823
mem[X,0x8000089C] -> 0x20A0
[707] [M]: 0x8000089A (0x20A0A823) sw a0, 528(ra)
mem[0x80005324] <- 0x55555551


mem[X,0x8000089E] -> 0x35B7
mem[X,0x800008A0] -> 0x3333
[708] [M]: 0x8000089E (0x333335B7) lui a1, 209715
x11 <- 0x33333000


mem[X,0x800008A2] -> 0x8593
mem[X,0x800008A4] -> 0x3325
[709] [M]: 0x800008A2 (0x33258593) addi a1, a1, 818
x11 <- 0x33333332


mem[X,0x800008A6] -> 0x5537
mem[X,0x800008A8] -> 0x5555
[710] [M]: 0x800008A6 (0x55555537) lui a0, 349525
x10 <- 0x55555000


mem[X,0x800008AA] -> 0x0513
mem[X,0x800008AC] -> 0x5555
[711] [M]: 0x800008AA (0x55550513) addi a0, a0, 1365
x10 <- 0x55555555


mem[X,0x800008AE] -> 0x8D2D
[712] [M]: 0x800008AE (0x8D2D) c.xor a0, a1
x10 <- 0x66666667


mem[X,0x800008B0] -> 0xAA23
mem[X,0x800008B2] -> 0x20A0
[713] [M]: 0x800008B0 (0x20A0AA23) sw a0, 532(ra)
mem[0x80005328] <- 0x66666667


mem[X,0x800008B4] -> 0x65B7
mem[X,0x800008B6] -> 0x6666
[714] [M]: 0x800008B4 (0x666665B7) lui a1, 419430
x11 <- 0x66666000


mem[X,0x800008B8] -> 0x8593
mem[X,0x800008BA] -> 0x6655
[715] [M]: 0x800008B8 (0x66558593) addi a1, a1, 1637
x11 <- 0x66666665


mem[X,0x800008BC] -> 0x5537
mem[X,0x800008BE] -> 0x5555
[716] [M]: 0x800008BC (0x55555537) lui a0, 349525
x10 <- 0x55555000


mem[X,0x800008C0] -> 0x0513
mem[X,0x800008C2] -> 0x5555
[717] [M]: 0x800008C0 (0x55550513) addi a0, a0, 1365
x10 <- 0x55555555


mem[X,0x800008C4] -> 0x8D2D
[718] [M]: 0x800008C4 (0x8D2D) c.xor a0, a1
x10 <- 0x33333330


mem[X,0x800008C6] -> 0xAC23
mem[X,0x800008C8] -> 0x20A0
[719] [M]: 0x800008C6 (0x20A0AC23) sw a0, 536(ra)
mem[0x8000532C] <- 0x33333330


mem[X,0x800008CA] -> 0x65AD
[720] [M]: 0x800008CA (0x65AD) c.lui a1, 11
x11 <- 0x0000B000


mem[X,0x800008CC] -> 0x8593
mem[X,0x800008CE] -> 0x5035
[721] [M]: 0x800008CC (0x50358593) addi a1, a1, 1283
x11 <- 0x0000B503


mem[X,0x800008D0] -> 0x5537
mem[X,0x800008D2] -> 0x5555
[722] [M]: 0x800008D0 (0x55555537) lui a0, 349525
x10 <- 0x55555000


mem[X,0x800008D4] -> 0x0513
mem[X,0x800008D6] -> 0x5555
[723] [M]: 0x800008D4 (0x55550513) addi a0, a0, 1365
x10 <- 0x55555555


mem[X,0x800008D8] -> 0x8D2D
[724] [M]: 0x800008D8 (0x8D2D) c.xor a0, a1
x10 <- 0x5555E056


mem[X,0x800008DA] -> 0xAE23
mem[X,0x800008DC] -> 0x20A0
[725] [M]: 0x800008DA (0x20A0AE23) sw a0, 540(ra)
mem[0x80005330] <- 0x5555E056


mem[X,0x800008DE] -> 0x55B7
mem[X,0x800008E0] -> 0x5555
[726] [M]: 0x800008DE (0x555555B7) lui a1, 349525
x11 <- 0x55555000


mem[X,0x800008E2] -> 0x8593
mem[X,0x800008E4] -> 0x5565
[727] [M]: 0x800008E2 (0x55658593) addi a1, a1, 1366
x11 <- 0x55555556


mem[X,0x800008E6] -> 0x5537
mem[X,0x800008E8] -> 0x5555
[728] [M]: 0x800008E6 (0x55555537) lui a0, 349525
x10 <- 0x55555000


mem[X,0x800008EA] -> 0x0513
mem[X,0x800008EC] -> 0x5555
[729] [M]: 0x800008EA (0x55550513) addi a0, a0, 1365
x10 <- 0x55555555


mem[X,0x800008EE] -> 0x8D2D
[730] [M]: 0x800008EE (0x8D2D) c.xor a0, a1
x10 <- 0x00000003


mem[X,0x800008F0] -> 0xA023
mem[X,0x800008F2] -> 0x22A0
[731] [M]: 0x800008F0 (0x22A0A023) sw a0, 544(ra)
mem[0x80005334] <- 0x00000003


mem[X,0x800008F4] -> 0xB5B7
mem[X,0x800008F6] -> 0xAAAA
[732] [M]: 0x800008F4 (0xAAAAB5B7) lui a1, 699051
x11 <- 0xAAAAB000


mem[X,0x800008F8] -> 0x8593
mem[X,0x800008FA] -> 0xAAB5
[733] [M]: 0x800008F8 (0xAAB58593) addi a1, a1, 2731
x11 <- 0xAAAAAAAB


mem[X,0x800008FC] -> 0x5537
mem[X,0x800008FE] -> 0x5555
[734] [M]: 0x800008FC (0x55555537) lui a0, 349525
x10 <- 0x55555000


mem[X,0x80000900] -> 0x0513
mem[X,0x80000902] -> 0x5555
[735] [M]: 0x80000900 (0x55550513) addi a0, a0, 1365
x10 <- 0x55555555


mem[X,0x80000904] -> 0x8D2D
[736] [M]: 0x80000904 (0x8D2D) c.xor a0, a1
x10 <- 0xFFFFFFFE


mem[X,0x80000906] -> 0xA223
mem[X,0x80000908] -> 0x22A0
[737] [M]: 0x80000906 (0x22A0A223) sw a0, 548(ra)
mem[0x80005338] <- 0xFFFFFFFE


mem[X,0x8000090A] -> 0x4599
[738] [M]: 0x8000090A (0x4599) c.li a1, 6
x11 <- 0x00000006


mem[X,0x8000090C] -> 0x5537
mem[X,0x8000090E] -> 0x5555
[739] [M]: 0x8000090C (0x55555537) lui a0, 349525
x10 <- 0x55555000


mem[X,0x80000910] -> 0x0513
mem[X,0x80000912] -> 0x5555
[740] [M]: 0x80000910 (0x55550513) addi a0, a0, 1365
x10 <- 0x55555555


mem[X,0x80000914] -> 0x8D2D
[741] [M]: 0x80000914 (0x8D2D) c.xor a0, a1
x10 <- 0x55555553


mem[X,0x80000916] -> 0xA423
mem[X,0x80000918] -> 0x22A0
[742] [M]: 0x80000916 (0x22A0A423) sw a0, 552(ra)
mem[0x8000533C] <- 0x55555553


mem[X,0x8000091A] -> 0x35B7
mem[X,0x8000091C] -> 0x3333
[743] [M]: 0x8000091A (0x333335B7) lui a1, 209715
x11 <- 0x33333000


mem[X,0x8000091E] -> 0x8593
mem[X,0x80000920] -> 0x3345
[744] [M]: 0x8000091E (0x33458593) addi a1, a1, 820
x11 <- 0x33333334


mem[X,0x80000922] -> 0x5537
mem[X,0x80000924] -> 0x5555
[745] [M]: 0x80000922 (0x55555537) lui a0, 349525
x10 <- 0x55555000


mem[X,0x80000926] -> 0x0513
mem[X,0x80000928] -> 0x5555
[746] [M]: 0x80000926 (0x55550513) addi a0, a0, 1365
x10 <- 0x55555555


mem[X,0x8000092A] -> 0x8D2D
[747] [M]: 0x8000092A (0x8D2D) c.xor a0, a1
x10 <- 0x66666661


mem[X,0x8000092C] -> 0xA623
mem[X,0x8000092E] -> 0x22A0
[748] [M]: 0x8000092C (0x22A0A623) sw a0, 556(ra)
mem[0x80005340] <- 0x66666661


mem[X,0x80000930] -> 0x65B7
mem[X,0x80000932] -> 0x6666
[749] [M]: 0x80000930 (0x666665B7) lui a1, 419430
x11 <- 0x66666000


mem[X,0x80000934] -> 0x8593
mem[X,0x80000936] -> 0x6675
[750] [M]: 0x80000934 (0x66758593) addi a1, a1, 1639
x11 <- 0x66666667


mem[X,0x80000938] -> 0x5537
mem[X,0x8000093A] -> 0x5555
[751] [M]: 0x80000938 (0x55555537) lui a0, 349525
x10 <- 0x55555000


mem[X,0x8000093C] -> 0x0513
mem[X,0x8000093E] -> 0x5555
[752] [M]: 0x8000093C (0x55550513) addi a0, a0, 1365
x10 <- 0x55555555


mem[X,0x80000940] -> 0x8D2D
[753] [M]: 0x80000940 (0x8D2D) c.xor a0, a1
x10 <- 0x33333332


mem[X,0x80000942] -> 0xA823
mem[X,0x80000944] -> 0x22A0
[754] [M]: 0x80000942 (0x22A0A823) sw a0, 560(ra)
mem[0x80005344] <- 0x33333332


mem[X,0x80000946] -> 0x75D5
[755] [M]: 0x80000946 (0x75D5) c.lui a1, 53
x11 <- 0xFFFF5000


mem[X,0x80000948] -> 0x8593
mem[X,0x8000094A] -> 0xAFD5
[756] [M]: 0x80000948 (0xAFD58593) addi a1, a1, 2813
x11 <- 0xFFFF4AFD


mem[X,0x8000094C] -> 0x5537
mem[X,0x8000094E] -> 0x5555
[757] [M]: 0x8000094C (0x55555537) lui a0, 349525
x10 <- 0x55555000


mem[X,0x80000950] -> 0x0513
mem[X,0x80000952] -> 0x5555
[758] [M]: 0x80000950 (0x55550513) addi a0, a0, 1365
x10 <- 0x55555555


mem[X,0x80000954] -> 0x8D2D
[759] [M]: 0x80000954 (0x8D2D) c.xor a0, a1
x10 <- 0xAAAA1FA8


mem[X,0x80000956] -> 0xAA23
mem[X,0x80000958] -> 0x22A0
[760] [M]: 0x80000956 (0x22A0AA23) sw a0, 564(ra)
mem[0x80005348] <- 0xAAAA1FA8


mem[X,0x8000095A] -> 0x65AD
[761] [M]: 0x8000095A (0x65AD) c.lui a1, 11
x11 <- 0x0000B000


mem[X,0x8000095C] -> 0x8593
mem[X,0x8000095E] -> 0x5055
[762] [M]: 0x8000095C (0x50558593) addi a1, a1, 1285
x11 <- 0x0000B505


mem[X,0x80000960] -> 0x5537
mem[X,0x80000962] -> 0x5555
[763] [M]: 0x80000960 (0x55555537) lui a0, 349525
x10 <- 0x55555000


mem[X,0x80000964] -> 0x0513
mem[X,0x80000966] -> 0x5555
[764] [M]: 0x80000964 (0x55550513) addi a0, a0, 1365
x10 <- 0x55555555


mem[X,0x80000968] -> 0x8D2D
[765] [M]: 0x80000968 (0x8D2D) c.xor a0, a1
x10 <- 0x5555E050


mem[X,0x8000096A] -> 0xAC23
mem[X,0x8000096C] -> 0x22A0
[766] [M]: 0x8000096A (0x22A0AC23) sw a0, 568(ra)
mem[0x8000534C] <- 0x5555E050


mem[X,0x8000096E] -> 0x458D
[767] [M]: 0x8000096E (0x458D) c.li a1, 3
x11 <- 0x00000003


mem[X,0x80000970] -> 0xB537
mem[X,0x80000972] -> 0xAAAA
[768] [M]: 0x80000970 (0xAAAAB537) lui a0, 699051
x10 <- 0xAAAAB000


mem[X,0x80000974] -> 0x0513
mem[X,0x80000976] -> 0xAAA5
[769] [M]: 0x80000974 (0xAAA50513) addi a0, a0, 2730
x10 <- 0xAAAAAAAA


mem[X,0x80000978] -> 0x8D2D
[770] [M]: 0x80000978 (0x8D2D) c.xor a0, a1
x10 <- 0xAAAAAAA9


mem[X,0x8000097A] -> 0xAE23
mem[X,0x8000097C] -> 0x22A0
[771] [M]: 0x8000097A (0x22A0AE23) sw a0, 572(ra)
mem[0x80005350] <- 0xAAAAAAA9


mem[X,0x8000097E] -> 0x55B7
mem[X,0x80000980] -> 0x5555
[772] [M]: 0x8000097E (0x555555B7) lui a1, 349525
x11 <- 0x55555000


mem[X,0x80000982] -> 0x8593
mem[X,0x80000984] -> 0x5555
[773] [M]: 0x80000982 (0x55558593) addi a1, a1, 1365
x11 <- 0x55555555


mem[X,0x80000986] -> 0xB537
mem[X,0x80000988] -> 0xAAAA
[774] [M]: 0x80000986 (0xAAAAB537) lui a0, 699051
x10 <- 0xAAAAB000


mem[X,0x8000098A] -> 0x0513
mem[X,0x8000098C] -> 0xAAA5
[775] [M]: 0x8000098A (0xAAA50513) addi a0, a0, 2730
x10 <- 0xAAAAAAAA


mem[X,0x8000098E] -> 0x8D2D
[776] [M]: 0x8000098E (0x8D2D) c.xor a0, a1
x10 <- 0xFFFFFFFF


mem[X,0x80000990] -> 0xA023
mem[X,0x80000992] -> 0x24A0
[777] [M]: 0x80000990 (0x24A0A023) sw a0, 576(ra)
mem[0x80005354] <- 0xFFFFFFFF


mem[X,0x80000994] -> 0xB5B7
mem[X,0x80000996] -> 0xAAAA
[778] [M]: 0x80000994 (0xAAAAB5B7) lui a1, 699051
x11 <- 0xAAAAB000


mem[X,0x80000998] -> 0x8593
mem[X,0x8000099A] -> 0xAAA5
[779] [M]: 0x80000998 (0xAAA58593) addi a1, a1, 2730
x11 <- 0xAAAAAAAA


mem[X,0x8000099C] -> 0xB537
mem[X,0x8000099E] -> 0xAAAA
[780] [M]: 0x8000099C (0xAAAAB537) lui a0, 699051
x10 <- 0xAAAAB000


mem[X,0x800009A0] -> 0x0513
mem[X,0x800009A2] -> 0xAAA5
[781] [M]: 0x800009A0 (0xAAA50513) addi a0, a0, 2730
x10 <- 0xAAAAAAAA


mem[X,0x800009A4] -> 0x8D2D
[782] [M]: 0x800009A4 (0x8D2D) c.xor a0, a1
x10 <- 0x00000000


mem[X,0x800009A6] -> 0xA223
mem[X,0x800009A8] -> 0x24A0
[783] [M]: 0x800009A6 (0x24A0A223) sw a0, 580(ra)
mem[0x80005358] <- 0x00000000


mem[X,0x800009AA] -> 0x4595
[784] [M]: 0x800009AA (0x4595) c.li a1, 5
x11 <- 0x00000005


mem[X,0x800009AC] -> 0xB537
mem[X,0x800009AE] -> 0xAAAA
[785] [M]: 0x800009AC (0xAAAAB537) lui a0, 699051
x10 <- 0xAAAAB000


mem[X,0x800009B0] -> 0x0513
mem[X,0x800009B2] -> 0xAAA5
[786] [M]: 0x800009B0 (0xAAA50513) addi a0, a0, 2730
x10 <- 0xAAAAAAAA


mem[X,0x800009B4] -> 0x8D2D
[787] [M]: 0x800009B4 (0x8D2D) c.xor a0, a1
x10 <- 0xAAAAAAAF


mem[X,0x800009B6] -> 0xA423
mem[X,0x800009B8] -> 0x24A0
[788] [M]: 0x800009B6 (0x24A0A423) sw a0, 584(ra)
mem[0x8000535C] <- 0xAAAAAAAF


mem[X,0x800009BA] -> 0x35B7
mem[X,0x800009BC] -> 0x3333
[789] [M]: 0x800009BA (0x333335B7) lui a1, 209715
x11 <- 0x33333000


mem[X,0x800009BE] -> 0x8593
mem[X,0x800009C0] -> 0x3335
[790] [M]: 0x800009BE (0x33358593) addi a1, a1, 819
x11 <- 0x33333333


mem[X,0x800009C2] -> 0xB537
mem[X,0x800009C4] -> 0xAAAA
[791] [M]: 0x800009C2 (0xAAAAB537) lui a0, 699051
x10 <- 0xAAAAB000


mem[X,0x800009C6] -> 0x0513
mem[X,0x800009C8] -> 0xAAA5
[792] [M]: 0x800009C6 (0xAAA50513) addi a0, a0, 2730
x10 <- 0xAAAAAAAA


mem[X,0x800009CA] -> 0x8D2D
[793] [M]: 0x800009CA (0x8D2D) c.xor a0, a1
x10 <- 0x99999999


mem[X,0x800009CC] -> 0xA623
mem[X,0x800009CE] -> 0x24A0
[794] [M]: 0x800009CC (0x24A0A623) sw a0, 588(ra)
mem[0x80005360] <- 0x99999999


mem[X,0x800009D0] -> 0x65B7
mem[X,0x800009D2] -> 0x6666
[795] [M]: 0x800009D0 (0x666665B7) lui a1, 419430
x11 <- 0x66666000


mem[X,0x800009D4] -> 0x8593
mem[X,0x800009D6] -> 0x6665
[796] [M]: 0x800009D4 (0x66658593) addi a1, a1, 1638
x11 <- 0x66666666


mem[X,0x800009D8] -> 0xB537
mem[X,0x800009DA] -> 0xAAAA
[797] [M]: 0x800009D8 (0xAAAAB537) lui a0, 699051
x10 <- 0xAAAAB000


mem[X,0x800009DC] -> 0x0513
mem[X,0x800009DE] -> 0xAAA5
[798] [M]: 0x800009DC (0xAAA50513) addi a0, a0, 2730
x10 <- 0xAAAAAAAA


mem[X,0x800009E0] -> 0x8D2D
[799] [M]: 0x800009E0 (0x8D2D) c.xor a0, a1
x10 <- 0xCCCCCCCC


clint::tick mtime <- 0x0000000000000008
 clint timer pending at mtime 0x0000000000000008
htif::tick 0x0000000000000000
mem[X,0x800009E2] -> 0xA823
mem[X,0x800009E4] -> 0x24A0
[800] [M]: 0x800009E2 (0x24A0A823) sw a0, 592(ra)
mem[0x80005364] <- 0xCCCCCCCC


mem[X,0x800009E6] -> 0x75D5
[801] [M]: 0x800009E6 (0x75D5) c.lui a1, 53
x11 <- 0xFFFF5000


mem[X,0x800009E8] -> 0x8593
mem[X,0x800009EA] -> 0xAFC5
[802] [M]: 0x800009E8 (0xAFC58593) addi a1, a1, 2812
x11 <- 0xFFFF4AFC


mem[X,0x800009EC] -> 0xB537
mem[X,0x800009EE] -> 0xAAAA
[803] [M]: 0x800009EC (0xAAAAB537) lui a0, 699051
x10 <- 0xAAAAB000


mem[X,0x800009F0] -> 0x0513
mem[X,0x800009F2] -> 0xAAA5
[804] [M]: 0x800009F0 (0xAAA50513) addi a0, a0, 2730
x10 <- 0xAAAAAAAA


mem[X,0x800009F4] -> 0x8D2D
[805] [M]: 0x800009F4 (0x8D2D) c.xor a0, a1
x10 <- 0x5555E056


mem[X,0x800009F6] -> 0xAA23
mem[X,0x800009F8] -> 0x24A0
[806] [M]: 0x800009F6 (0x24A0AA23) sw a0, 596(ra)
mem[0x80005368] <- 0x5555E056


mem[X,0x800009FA] -> 0x65AD
[807] [M]: 0x800009FA (0x65AD) c.lui a1, 11
x11 <- 0x0000B000


mem[X,0x800009FC] -> 0x8593
mem[X,0x800009FE] -> 0x5045
[808] [M]: 0x800009FC (0x50458593) addi a1, a1, 1284
x11 <- 0x0000B504


mem[X,0x80000A00] -> 0xB537
mem[X,0x80000A02] -> 0xAAAA
[809] [M]: 0x80000A00 (0xAAAAB537) lui a0, 699051
x10 <- 0xAAAAB000


mem[X,0x80000A04] -> 0x0513
mem[X,0x80000A06] -> 0xAAA5
[810] [M]: 0x80000A04 (0xAAA50513) addi a0, a0, 2730
x10 <- 0xAAAAAAAA


mem[X,0x80000A08] -> 0x8D2D
[811] [M]: 0x80000A08 (0x8D2D) c.xor a0, a1
x10 <- 0xAAAA1FAE


mem[X,0x80000A0A] -> 0xAC23
mem[X,0x80000A0C] -> 0x24A0
[812] [M]: 0x80000A0A (0x24A0AC23) sw a0, 600(ra)
mem[0x8000536C] <- 0xAAAA1FAE


mem[X,0x80000A0E] -> 0x4589
[813] [M]: 0x80000A0E (0x4589) c.li a1, 2
x11 <- 0x00000002


mem[X,0x80000A10] -> 0xB537
mem[X,0x80000A12] -> 0xAAAA
[814] [M]: 0x80000A10 (0xAAAAB537) lui a0, 699051
x10 <- 0xAAAAB000


mem[X,0x80000A14] -> 0x0513
mem[X,0x80000A16] -> 0xAAA5
[815] [M]: 0x80000A14 (0xAAA50513) addi a0, a0, 2730
x10 <- 0xAAAAAAAA


mem[X,0x80000A18] -> 0x8D2D
[816] [M]: 0x80000A18 (0x8D2D) c.xor a0, a1
x10 <- 0xAAAAAAA8


mem[X,0x80000A1A] -> 0xAE23
mem[X,0x80000A1C] -> 0x24A0
[817] [M]: 0x80000A1A (0x24A0AE23) sw a0, 604(ra)
mem[0x80005370] <- 0xAAAAAAA8


mem[X,0x80000A1E] -> 0x55B7
mem[X,0x80000A20] -> 0x5555
[818] [M]: 0x80000A1E (0x555555B7) lui a1, 349525
x11 <- 0x55555000


mem[X,0x80000A22] -> 0x8593
mem[X,0x80000A24] -> 0x5545
[819] [M]: 0x80000A22 (0x55458593) addi a1, a1, 1364
x11 <- 0x55555554


mem[X,0x80000A26] -> 0xB537
mem[X,0x80000A28] -> 0xAAAA
[820] [M]: 0x80000A26 (0xAAAAB537) lui a0, 699051
x10 <- 0xAAAAB000


mem[X,0x80000A2A] -> 0x0513
mem[X,0x80000A2C] -> 0xAAA5
[821] [M]: 0x80000A2A (0xAAA50513) addi a0, a0, 2730
x10 <- 0xAAAAAAAA


mem[X,0x80000A2E] -> 0x8D2D
[822] [M]: 0x80000A2E (0x8D2D) c.xor a0, a1
x10 <- 0xFFFFFFFE


mem[X,0x80000A30] -> 0xA023
mem[X,0x80000A32] -> 0x26A0
[823] [M]: 0x80000A30 (0x26A0A023) sw a0, 608(ra)
mem[0x80005374] <- 0xFFFFFFFE


mem[X,0x80000A34] -> 0x4581
[824] [M]: 0x80000A34 (0x4581) c.li a1, 0
x11 <- 0x00000000


mem[X,0x80000A36] -> 0xB537
mem[X,0x80000A38] -> 0xAAAA
[825] [M]: 0x80000A36 (0xAAAAB537) lui a0, 699051
x10 <- 0xAAAAB000


mem[X,0x80000A3A] -> 0x0513
mem[X,0x80000A3C] -> 0xAAA5
[826] [M]: 0x80000A3A (0xAAA50513) addi a0, a0, 2730
x10 <- 0xAAAAAAAA


mem[X,0x80000A3E] -> 0x8D2D
[827] [M]: 0x80000A3E (0x8D2D) c.xor a0, a1
x10 <- 0xAAAAAAAA


mem[X,0x80000A40] -> 0xA223
mem[X,0x80000A42] -> 0x26A0
[828] [M]: 0x80000A40 (0x26A0A223) sw a0, 612(ra)
mem[0x80005378] <- 0xAAAAAAAA


mem[X,0x80000A44] -> 0x35B7
mem[X,0x80000A46] -> 0x3333
[829] [M]: 0x80000A44 (0x333335B7) lui a1, 209715
x11 <- 0x33333000


mem[X,0x80000A48] -> 0x8593
mem[X,0x80000A4A] -> 0x3325
[830] [M]: 0x80000A48 (0x33258593) addi a1, a1, 818
x11 <- 0x33333332


mem[X,0x80000A4C] -> 0xB537
mem[X,0x80000A4E] -> 0xAAAA
[831] [M]: 0x80000A4C (0xAAAAB537) lui a0, 699051
x10 <- 0xAAAAB000


mem[X,0x80000A50] -> 0x0513
mem[X,0x80000A52] -> 0xAAA5
[832] [M]: 0x80000A50 (0xAAA50513) addi a0, a0, 2730
x10 <- 0xAAAAAAAA


mem[X,0x80000A54] -> 0x8D2D
[833] [M]: 0x80000A54 (0x8D2D) c.xor a0, a1
x10 <- 0x99999998


mem[X,0x80000A56] -> 0xA423
mem[X,0x80000A58] -> 0x26A0
[834] [M]: 0x80000A56 (0x26A0A423) sw a0, 616(ra)
mem[0x8000537C] <- 0x99999998


mem[X,0x80000A5A] -> 0x65B7
mem[X,0x80000A5C] -> 0x6666
[835] [M]: 0x80000A5A (0x666665B7) lui a1, 419430
x11 <- 0x66666000


mem[X,0x80000A5E] -> 0x8593
mem[X,0x80000A60] -> 0x6655
[836] [M]: 0x80000A5E (0x66558593) addi a1, a1, 1637
x11 <- 0x66666665


mem[X,0x80000A62] -> 0xB537
mem[X,0x80000A64] -> 0xAAAA
[837] [M]: 0x80000A62 (0xAAAAB537) lui a0, 699051
x10 <- 0xAAAAB000


mem[X,0x80000A66] -> 0x0513
mem[X,0x80000A68] -> 0xAAA5
[838] [M]: 0x80000A66 (0xAAA50513) addi a0, a0, 2730
x10 <- 0xAAAAAAAA


mem[X,0x80000A6A] -> 0x8D2D
[839] [M]: 0x80000A6A (0x8D2D) c.xor a0, a1
x10 <- 0xCCCCCCCF


mem[X,0x80000A6C] -> 0xA623
mem[X,0x80000A6E] -> 0x26A0
[840] [M]: 0x80000A6C (0x26A0A623) sw a0, 620(ra)
mem[0x80005380] <- 0xCCCCCCCF


mem[X,0x80000A70] -> 0x65AD
[841] [M]: 0x80000A70 (0x65AD) c.lui a1, 11
x11 <- 0x0000B000


mem[X,0x80000A72] -> 0x8593
mem[X,0x80000A74] -> 0x5035
[842] [M]: 0x80000A72 (0x50358593) addi a1, a1, 1283
x11 <- 0x0000B503


mem[X,0x80000A76] -> 0xB537
mem[X,0x80000A78] -> 0xAAAA
[843] [M]: 0x80000A76 (0xAAAAB537) lui a0, 699051
x10 <- 0xAAAAB000


mem[X,0x80000A7A] -> 0x0513
mem[X,0x80000A7C] -> 0xAAA5
[844] [M]: 0x80000A7A (0xAAA50513) addi a0, a0, 2730
x10 <- 0xAAAAAAAA


mem[X,0x80000A7E] -> 0x8D2D
[845] [M]: 0x80000A7E (0x8D2D) c.xor a0, a1
x10 <- 0xAAAA1FA9


mem[X,0x80000A80] -> 0xA823
mem[X,0x80000A82] -> 0x26A0
[846] [M]: 0x80000A80 (0x26A0A823) sw a0, 624(ra)
mem[0x80005384] <- 0xAAAA1FA9


mem[X,0x80000A84] -> 0x55B7
mem[X,0x80000A86] -> 0x5555
[847] [M]: 0x80000A84 (0x555555B7) lui a1, 349525
x11 <- 0x55555000


mem[X,0x80000A88] -> 0x8593
mem[X,0x80000A8A] -> 0x5565
[848] [M]: 0x80000A88 (0x55658593) addi a1, a1, 1366
x11 <- 0x55555556


mem[X,0x80000A8C] -> 0xB537
mem[X,0x80000A8E] -> 0xAAAA
[849] [M]: 0x80000A8C (0xAAAAB537) lui a0, 699051
x10 <- 0xAAAAB000


mem[X,0x80000A90] -> 0x0513
mem[X,0x80000A92] -> 0xAAA5
[850] [M]: 0x80000A90 (0xAAA50513) addi a0, a0, 2730
x10 <- 0xAAAAAAAA


mem[X,0x80000A94] -> 0x8D2D
[851] [M]: 0x80000A94 (0x8D2D) c.xor a0, a1
x10 <- 0xFFFFFFFC


mem[X,0x80000A96] -> 0xAA23
mem[X,0x80000A98] -> 0x26A0
[852] [M]: 0x80000A96 (0x26A0AA23) sw a0, 628(ra)
mem[0x80005388] <- 0xFFFFFFFC


mem[X,0x80000A9A] -> 0xB5B7
mem[X,0x80000A9C] -> 0xAAAA
[853] [M]: 0x80000A9A (0xAAAAB5B7) lui a1, 699051
x11 <- 0xAAAAB000


mem[X,0x80000A9E] -> 0x8593
mem[X,0x80000AA0] -> 0xAAB5
[854] [M]: 0x80000A9E (0xAAB58593) addi a1, a1, 2731
x11 <- 0xAAAAAAAB


mem[X,0x80000AA2] -> 0xB537
mem[X,0x80000AA4] -> 0xAAAA
[855] [M]: 0x80000AA2 (0xAAAAB537) lui a0, 699051
x10 <- 0xAAAAB000


mem[X,0x80000AA6] -> 0x0513
mem[X,0x80000AA8] -> 0xAAA5
[856] [M]: 0x80000AA6 (0xAAA50513) addi a0, a0, 2730
x10 <- 0xAAAAAAAA


mem[X,0x80000AAA] -> 0x8D2D
[857] [M]: 0x80000AAA (0x8D2D) c.xor a0, a1
x10 <- 0x00000001


mem[X,0x80000AAC] -> 0xAC23
mem[X,0x80000AAE] -> 0x26A0
[858] [M]: 0x80000AAC (0x26A0AC23) sw a0, 632(ra)
mem[0x8000538C] <- 0x00000001


mem[X,0x80000AB0] -> 0x4599
[859] [M]: 0x80000AB0 (0x4599) c.li a1, 6
x11 <- 0x00000006


mem[X,0x80000AB2] -> 0xB537
mem[X,0x80000AB4] -> 0xAAAA
[860] [M]: 0x80000AB2 (0xAAAAB537) lui a0, 699051
x10 <- 0xAAAAB000


mem[X,0x80000AB6] -> 0x0513
mem[X,0x80000AB8] -> 0xAAA5
[861] [M]: 0x80000AB6 (0xAAA50513) addi a0, a0, 2730
x10 <- 0xAAAAAAAA


mem[X,0x80000ABA] -> 0x8D2D
[862] [M]: 0x80000ABA (0x8D2D) c.xor a0, a1
x10 <- 0xAAAAAAAC


mem[X,0x80000ABC] -> 0xAE23
mem[X,0x80000ABE] -> 0x26A0
[863] [M]: 0x80000ABC (0x26A0AE23) sw a0, 636(ra)
mem[0x80005390] <- 0xAAAAAAAC


mem[X,0x80000AC0] -> 0x35B7
mem[X,0x80000AC2] -> 0x3333
[864] [M]: 0x80000AC0 (0x333335B7) lui a1, 209715
x11 <- 0x33333000


mem[X,0x80000AC4] -> 0x8593
mem[X,0x80000AC6] -> 0x3345
[865] [M]: 0x80000AC4 (0x33458593) addi a1, a1, 820
x11 <- 0x33333334


mem[X,0x80000AC8] -> 0xB537
mem[X,0x80000ACA] -> 0xAAAA
[866] [M]: 0x80000AC8 (0xAAAAB537) lui a0, 699051
x10 <- 0xAAAAB000


mem[X,0x80000ACC] -> 0x0513
mem[X,0x80000ACE] -> 0xAAA5
[867] [M]: 0x80000ACC (0xAAA50513) addi a0, a0, 2730
x10 <- 0xAAAAAAAA


mem[X,0x80000AD0] -> 0x8D2D
[868] [M]: 0x80000AD0 (0x8D2D) c.xor a0, a1
x10 <- 0x9999999E


mem[X,0x80000AD2] -> 0xA023
mem[X,0x80000AD4] -> 0x28A0
[869] [M]: 0x80000AD2 (0x28A0A023) sw a0, 640(ra)
mem[0x80005394] <- 0x9999999E


mem[X,0x80000AD6] -> 0x65B7
mem[X,0x80000AD8] -> 0x6666
[870] [M]: 0x80000AD6 (0x666665B7) lui a1, 419430
x11 <- 0x66666000


mem[X,0x80000ADA] -> 0x8593
mem[X,0x80000ADC] -> 0x6675
[871] [M]: 0x80000ADA (0x66758593) addi a1, a1, 1639
x11 <- 0x66666667


mem[X,0x80000ADE] -> 0xB537
mem[X,0x80000AE0] -> 0xAAAA
[872] [M]: 0x80000ADE (0xAAAAB537) lui a0, 699051
x10 <- 0xAAAAB000


mem[X,0x80000AE2] -> 0x0513
mem[X,0x80000AE4] -> 0xAAA5
[873] [M]: 0x80000AE2 (0xAAA50513) addi a0, a0, 2730
x10 <- 0xAAAAAAAA


mem[X,0x80000AE6] -> 0x8D2D
[874] [M]: 0x80000AE6 (0x8D2D) c.xor a0, a1
x10 <- 0xCCCCCCCD


mem[X,0x80000AE8] -> 0xA223
mem[X,0x80000AEA] -> 0x28A0
[875] [M]: 0x80000AE8 (0x28A0A223) sw a0, 644(ra)
mem[0x80005398] <- 0xCCCCCCCD


mem[X,0x80000AEC] -> 0x75D5
[876] [M]: 0x80000AEC (0x75D5) c.lui a1, 53
x11 <- 0xFFFF5000


mem[X,0x80000AEE] -> 0x8593
mem[X,0x80000AF0] -> 0xAFD5
[877] [M]: 0x80000AEE (0xAFD58593) addi a1, a1, 2813
x11 <- 0xFFFF4AFD


mem[X,0x80000AF2] -> 0xB537
mem[X,0x80000AF4] -> 0xAAAA
[878] [M]: 0x80000AF2 (0xAAAAB537) lui a0, 699051
x10 <- 0xAAAAB000


mem[X,0x80000AF6] -> 0x0513
mem[X,0x80000AF8] -> 0xAAA5
[879] [M]: 0x80000AF6 (0xAAA50513) addi a0, a0, 2730
x10 <- 0xAAAAAAAA


mem[X,0x80000AFA] -> 0x8D2D
[880] [M]: 0x80000AFA (0x8D2D) c.xor a0, a1
x10 <- 0x5555E057


mem[X,0x80000AFC] -> 0xA423
mem[X,0x80000AFE] -> 0x28A0
[881] [M]: 0x80000AFC (0x28A0A423) sw a0, 648(ra)
mem[0x8000539C] <- 0x5555E057


mem[X,0x80000B00] -> 0x65AD
[882] [M]: 0x80000B00 (0x65AD) c.lui a1, 11
x11 <- 0x0000B000


mem[X,0x80000B02] -> 0x8593
mem[X,0x80000B04] -> 0x5055
[883] [M]: 0x80000B02 (0x50558593) addi a1, a1, 1285
x11 <- 0x0000B505


mem[X,0x80000B06] -> 0xB537
mem[X,0x80000B08] -> 0xAAAA
[884] [M]: 0x80000B06 (0xAAAAB537) lui a0, 699051
x10 <- 0xAAAAB000


mem[X,0x80000B0A] -> 0x0513
mem[X,0x80000B0C] -> 0xAAA5
[885] [M]: 0x80000B0A (0xAAA50513) addi a0, a0, 2730
x10 <- 0xAAAAAAAA


mem[X,0x80000B0E] -> 0x8D2D
[886] [M]: 0x80000B0E (0x8D2D) c.xor a0, a1
x10 <- 0xAAAA1FAF


mem[X,0x80000B10] -> 0xA623
mem[X,0x80000B12] -> 0x28A0
[887] [M]: 0x80000B10 (0x28A0A623) sw a0, 652(ra)
mem[0x800053A0] <- 0xAAAA1FAF


mem[X,0x80000B14] -> 0x458D
[888] [M]: 0x80000B14 (0x458D) c.li a1, 3
x11 <- 0x00000003


mem[X,0x80000B16] -> 0x4515
[889] [M]: 0x80000B16 (0x4515) c.li a0, 5
x10 <- 0x00000005


mem[X,0x80000B18] -> 0x8D2D
[890] [M]: 0x80000B18 (0x8D2D) c.xor a0, a1
x10 <- 0x00000006


mem[X,0x80000B1A] -> 0xA823
mem[X,0x80000B1C] -> 0x28A0
[891] [M]: 0x80000B1A (0x28A0A823) sw a0, 656(ra)
mem[0x800053A4] <- 0x00000006


mem[X,0x80000B1E] -> 0x55B7
mem[X,0x80000B20] -> 0x5555
[892] [M]: 0x80000B1E (0x555555B7) lui a1, 349525
x11 <- 0x55555000


mem[X,0x80000B22] -> 0x8593
mem[X,0x80000B24] -> 0x5555
[893] [M]: 0x80000B22 (0x55558593) addi a1, a1, 1365
x11 <- 0x55555555


mem[X,0x80000B26] -> 0x4515
[894] [M]: 0x80000B26 (0x4515) c.li a0, 5
x10 <- 0x00000005


mem[X,0x80000B28] -> 0x8D2D
[895] [M]: 0x80000B28 (0x8D2D) c.xor a0, a1
x10 <- 0x55555550


mem[X,0x80000B2A] -> 0xAA23
mem[X,0x80000B2C] -> 0x28A0
[896] [M]: 0x80000B2A (0x28A0AA23) sw a0, 660(ra)
mem[0x800053A8] <- 0x55555550


mem[X,0x80000B2E] -> 0xB5B7
mem[X,0x80000B30] -> 0xAAAA
[897] [M]: 0x80000B2E (0xAAAAB5B7) lui a1, 699051
x11 <- 0xAAAAB000


mem[X,0x80000B32] -> 0x8593
mem[X,0x80000B34] -> 0xAAA5
[898] [M]: 0x80000B32 (0xAAA58593) addi a1, a1, 2730
x11 <- 0xAAAAAAAA


mem[X,0x80000B36] -> 0x4515
[899] [M]: 0x80000B36 (0x4515) c.li a0, 5
x10 <- 0x00000005


clint::tick mtime <- 0x0000000000000009
 clint timer pending at mtime 0x0000000000000009
htif::tick 0x0000000000000000
mem[X,0x80000B38] -> 0x8D2D
[900] [M]: 0x80000B38 (0x8D2D) c.xor a0, a1
x10 <- 0xAAAAAAAF


mem[X,0x80000B3A] -> 0xAC23
mem[X,0x80000B3C] -> 0x28A0
[901] [M]: 0x80000B3A (0x28A0AC23) sw a0, 664(ra)
mem[0x800053AC] <- 0xAAAAAAAF


mem[X,0x80000B3E] -> 0x4595
[902] [M]: 0x80000B3E (0x4595) c.li a1, 5
x11 <- 0x00000005


mem[X,0x80000B40] -> 0x4515
[903] [M]: 0x80000B40 (0x4515) c.li a0, 5
x10 <- 0x00000005


mem[X,0x80000B42] -> 0x8D2D
[904] [M]: 0x80000B42 (0x8D2D) c.xor a0, a1
x10 <- 0x00000000


mem[X,0x80000B44] -> 0xAE23
mem[X,0x80000B46] -> 0x28A0
[905] [M]: 0x80000B44 (0x28A0AE23) sw a0, 668(ra)
mem[0x800053B0] <- 0x00000000


mem[X,0x80000B48] -> 0x35B7
mem[X,0x80000B4A] -> 0x3333
[906] [M]: 0x80000B48 (0x333335B7) lui a1, 209715
x11 <- 0x33333000


mem[X,0x80000B4C] -> 0x8593
mem[X,0x80000B4E] -> 0x3335
[907] [M]: 0x80000B4C (0x33358593) addi a1, a1, 819
x11 <- 0x33333333


mem[X,0x80000B50] -> 0x4515
[908] [M]: 0x80000B50 (0x4515) c.li a0, 5
x10 <- 0x00000005


mem[X,0x80000B52] -> 0x8D2D
[909] [M]: 0x80000B52 (0x8D2D) c.xor a0, a1
x10 <- 0x33333336


mem[X,0x80000B54] -> 0xA023
mem[X,0x80000B56] -> 0x2AA0
[910] [M]: 0x80000B54 (0x2AA0A023) sw a0, 672(ra)
mem[0x800053B4] <- 0x33333336


mem[X,0x80000B58] -> 0x65B7
mem[X,0x80000B5A] -> 0x6666
[911] [M]: 0x80000B58 (0x666665B7) lui a1, 419430
x11 <- 0x66666000


mem[X,0x80000B5C] -> 0x8593
mem[X,0x80000B5E] -> 0x6665
[912] [M]: 0x80000B5C (0x66658593) addi a1, a1, 1638
x11 <- 0x66666666


mem[X,0x80000B60] -> 0x4515
[913] [M]: 0x80000B60 (0x4515) c.li a0, 5
x10 <- 0x00000005


mem[X,0x80000B62] -> 0x8D2D
[914] [M]: 0x80000B62 (0x8D2D) c.xor a0, a1
x10 <- 0x66666663


mem[X,0x80000B64] -> 0xA223
mem[X,0x80000B66] -> 0x2AA0
[915] [M]: 0x80000B64 (0x2AA0A223) sw a0, 676(ra)
mem[0x800053B8] <- 0x66666663


mem[X,0x80000B68] -> 0x75D5
[916] [M]: 0x80000B68 (0x75D5) c.lui a1, 53
x11 <- 0xFFFF5000


mem[X,0x80000B6A] -> 0x8593
mem[X,0x80000B6C] -> 0xAFC5
[917] [M]: 0x80000B6A (0xAFC58593) addi a1, a1, 2812
x11 <- 0xFFFF4AFC


mem[X,0x80000B6E] -> 0x4515
[918] [M]: 0x80000B6E (0x4515) c.li a0, 5
x10 <- 0x00000005


mem[X,0x80000B70] -> 0x8D2D
[919] [M]: 0x80000B70 (0x8D2D) c.xor a0, a1
x10 <- 0xFFFF4AF9


mem[X,0x80000B72] -> 0xA423
mem[X,0x80000B74] -> 0x2AA0
[920] [M]: 0x80000B72 (0x2AA0A423) sw a0, 680(ra)
mem[0x800053BC] <- 0xFFFF4AF9


mem[X,0x80000B76] -> 0x65AD
[921] [M]: 0x80000B76 (0x65AD) c.lui a1, 11
x11 <- 0x0000B000


mem[X,0x80000B78] -> 0x8593
mem[X,0x80000B7A] -> 0x5045
[922] [M]: 0x80000B78 (0x50458593) addi a1, a1, 1284
x11 <- 0x0000B504


mem[X,0x80000B7C] -> 0x4515
[923] [M]: 0x80000B7C (0x4515) c.li a0, 5
x10 <- 0x00000005


mem[X,0x80000B7E] -> 0x8D2D
[924] [M]: 0x80000B7E (0x8D2D) c.xor a0, a1
x10 <- 0x0000B501


mem[X,0x80000B80] -> 0xA623
mem[X,0x80000B82] -> 0x2AA0
[925] [M]: 0x80000B80 (0x2AA0A623) sw a0, 684(ra)
mem[0x800053C0] <- 0x0000B501


mem[X,0x80000B84] -> 0x4589
[926] [M]: 0x80000B84 (0x4589) c.li a1, 2
x11 <- 0x00000002


mem[X,0x80000B86] -> 0x4515
[927] [M]: 0x80000B86 (0x4515) c.li a0, 5
x10 <- 0x00000005


mem[X,0x80000B88] -> 0x8D2D
[928] [M]: 0x80000B88 (0x8D2D) c.xor a0, a1
x10 <- 0x00000007


mem[X,0x80000B8A] -> 0xA823
mem[X,0x80000B8C] -> 0x2AA0
[929] [M]: 0x80000B8A (0x2AA0A823) sw a0, 688(ra)
mem[0x800053C4] <- 0x00000007


mem[X,0x80000B8E] -> 0x55B7
mem[X,0x80000B90] -> 0x5555
[930] [M]: 0x80000B8E (0x555555B7) lui a1, 349525
x11 <- 0x55555000


mem[X,0x80000B92] -> 0x8593
mem[X,0x80000B94] -> 0x5545
[931] [M]: 0x80000B92 (0x55458593) addi a1, a1, 1364
x11 <- 0x55555554


mem[X,0x80000B96] -> 0x4515
[932] [M]: 0x80000B96 (0x4515) c.li a0, 5
x10 <- 0x00000005


mem[X,0x80000B98] -> 0x8D2D
[933] [M]: 0x80000B98 (0x8D2D) c.xor a0, a1
x10 <- 0x55555551


mem[X,0x80000B9A] -> 0xAA23
mem[X,0x80000B9C] -> 0x2AA0
[934] [M]: 0x80000B9A (0x2AA0AA23) sw a0, 692(ra)
mem[0x800053C8] <- 0x55555551


mem[X,0x80000B9E] -> 0x4581
[935] [M]: 0x80000B9E (0x4581) c.li a1, 0
x11 <- 0x00000000


mem[X,0x80000BA0] -> 0x4515
[936] [M]: 0x80000BA0 (0x4515) c.li a0, 5
x10 <- 0x00000005


mem[X,0x80000BA2] -> 0x8D2D
[937] [M]: 0x80000BA2 (0x8D2D) c.xor a0, a1
x10 <- 0x00000005


mem[X,0x80000BA4] -> 0xAC23
mem[X,0x80000BA6] -> 0x2AA0
[938] [M]: 0x80000BA4 (0x2AA0AC23) sw a0, 696(ra)
mem[0x800053CC] <- 0x00000005


mem[X,0x80000BA8] -> 0x4591
[939] [M]: 0x80000BA8 (0x4591) c.li a1, 4
x11 <- 0x00000004


mem[X,0x80000BAA] -> 0x4515
[940] [M]: 0x80000BAA (0x4515) c.li a0, 5
x10 <- 0x00000005


mem[X,0x80000BAC] -> 0x8D2D
[941] [M]: 0x80000BAC (0x8D2D) c.xor a0, a1
x10 <- 0x00000001


mem[X,0x80000BAE] -> 0xAE23
mem[X,0x80000BB0] -> 0x2AA0
[942] [M]: 0x80000BAE (0x2AA0AE23) sw a0, 700(ra)
mem[0x800053D0] <- 0x00000001


mem[X,0x80000BB2] -> 0x35B7
mem[X,0x80000BB4] -> 0x3333
[943] [M]: 0x80000BB2 (0x333335B7) lui a1, 209715
x11 <- 0x33333000


mem[X,0x80000BB6] -> 0x8593
mem[X,0x80000BB8] -> 0x3325
[944] [M]: 0x80000BB6 (0x33258593) addi a1, a1, 818
x11 <- 0x33333332


mem[X,0x80000BBA] -> 0x4515
[945] [M]: 0x80000BBA (0x4515) c.li a0, 5
x10 <- 0x00000005


mem[X,0x80000BBC] -> 0x8D2D
[946] [M]: 0x80000BBC (0x8D2D) c.xor a0, a1
x10 <- 0x33333337


mem[X,0x80000BBE] -> 0xA023
mem[X,0x80000BC0] -> 0x2CA0
[947] [M]: 0x80000BBE (0x2CA0A023) sw a0, 704(ra)
mem[0x800053D4] <- 0x33333337


mem[X,0x80000BC2] -> 0x65B7
mem[X,0x80000BC4] -> 0x6666
[948] [M]: 0x80000BC2 (0x666665B7) lui a1, 419430
x11 <- 0x66666000


mem[X,0x80000BC6] -> 0x8593
mem[X,0x80000BC8] -> 0x6655
[949] [M]: 0x80000BC6 (0x66558593) addi a1, a1, 1637
x11 <- 0x66666665


mem[X,0x80000BCA] -> 0x4515
[950] [M]: 0x80000BCA (0x4515) c.li a0, 5
x10 <- 0x00000005


mem[X,0x80000BCC] -> 0x8D2D
[951] [M]: 0x80000BCC (0x8D2D) c.xor a0, a1
x10 <- 0x66666660


mem[X,0x80000BCE] -> 0xA223
mem[X,0x80000BD0] -> 0x2CA0
[952] [M]: 0x80000BCE (0x2CA0A223) sw a0, 708(ra)
mem[0x800053D8] <- 0x66666660


mem[X,0x80000BD2] -> 0x65AD
[953] [M]: 0x80000BD2 (0x65AD) c.lui a1, 11
x11 <- 0x0000B000


mem[X,0x80000BD4] -> 0x8593
mem[X,0x80000BD6] -> 0x5035
[954] [M]: 0x80000BD4 (0x50358593) addi a1, a1, 1283
x11 <- 0x0000B503


mem[X,0x80000BD8] -> 0x4515
[955] [M]: 0x80000BD8 (0x4515) c.li a0, 5
x10 <- 0x00000005


mem[X,0x80000BDA] -> 0x8D2D
[956] [M]: 0x80000BDA (0x8D2D) c.xor a0, a1
x10 <- 0x0000B506


mem[X,0x80000BDC] -> 0xA423
mem[X,0x80000BDE] -> 0x2CA0
[957] [M]: 0x80000BDC (0x2CA0A423) sw a0, 712(ra)
mem[0x800053DC] <- 0x0000B506


mem[X,0x80000BE0] -> 0x55B7
mem[X,0x80000BE2] -> 0x5555
[958] [M]: 0x80000BE0 (0x555555B7) lui a1, 349525
x11 <- 0x55555000


mem[X,0x80000BE4] -> 0x8593
mem[X,0x80000BE6] -> 0x5565
[959] [M]: 0x80000BE4 (0x55658593) addi a1, a1, 1366
x11 <- 0x55555556


mem[X,0x80000BE8] -> 0x4515
[960] [M]: 0x80000BE8 (0x4515) c.li a0, 5
x10 <- 0x00000005


mem[X,0x80000BEA] -> 0x8D2D
[961] [M]: 0x80000BEA (0x8D2D) c.xor a0, a1
x10 <- 0x55555553


mem[X,0x80000BEC] -> 0xA623
mem[X,0x80000BEE] -> 0x2CA0
[962] [M]: 0x80000BEC (0x2CA0A623) sw a0, 716(ra)
mem[0x800053E0] <- 0x55555553


mem[X,0x80000BF0] -> 0xB5B7
mem[X,0x80000BF2] -> 0xAAAA
[963] [M]: 0x80000BF0 (0xAAAAB5B7) lui a1, 699051
x11 <- 0xAAAAB000


mem[X,0x80000BF4] -> 0x8593
mem[X,0x80000BF6] -> 0xAAB5
[964] [M]: 0x80000BF4 (0xAAB58593) addi a1, a1, 2731
x11 <- 0xAAAAAAAB


mem[X,0x80000BF8] -> 0x4515
[965] [M]: 0x80000BF8 (0x4515) c.li a0, 5
x10 <- 0x00000005


mem[X,0x80000BFA] -> 0x8D2D
[966] [M]: 0x80000BFA (0x8D2D) c.xor a0, a1
x10 <- 0xAAAAAAAE


mem[X,0x80000BFC] -> 0xA823
mem[X,0x80000BFE] -> 0x2CA0
[967] [M]: 0x80000BFC (0x2CA0A823) sw a0, 720(ra)
mem[0x800053E4] <- 0xAAAAAAAE


mem[X,0x80000C00] -> 0x4599
[968] [M]: 0x80000C00 (0x4599) c.li a1, 6
x11 <- 0x00000006


mem[X,0x80000C02] -> 0x4515
[969] [M]: 0x80000C02 (0x4515) c.li a0, 5
x10 <- 0x00000005


mem[X,0x80000C04] -> 0x8D2D
[970] [M]: 0x80000C04 (0x8D2D) c.xor a0, a1
x10 <- 0x00000003


mem[X,0x80000C06] -> 0xAA23
mem[X,0x80000C08] -> 0x2CA0
[971] [M]: 0x80000C06 (0x2CA0AA23) sw a0, 724(ra)
mem[0x800053E8] <- 0x00000003


mem[X,0x80000C0A] -> 0x35B7
mem[X,0x80000C0C] -> 0x3333
[972] [M]: 0x80000C0A (0x333335B7) lui a1, 209715
x11 <- 0x33333000


mem[X,0x80000C0E] -> 0x8593
mem[X,0x80000C10] -> 0x3345
[973] [M]: 0x80000C0E (0x33458593) addi a1, a1, 820
x11 <- 0x33333334


mem[X,0x80000C12] -> 0x4515
[974] [M]: 0x80000C12 (0x4515) c.li a0, 5
x10 <- 0x00000005


mem[X,0x80000C14] -> 0x8D2D
[975] [M]: 0x80000C14 (0x8D2D) c.xor a0, a1
x10 <- 0x33333331


mem[X,0x80000C16] -> 0xAC23
mem[X,0x80000C18] -> 0x2CA0
[976] [M]: 0x80000C16 (0x2CA0AC23) sw a0, 728(ra)
mem[0x800053EC] <- 0x33333331


mem[X,0x80000C1A] -> 0x65B7
mem[X,0x80000C1C] -> 0x6666
[977] [M]: 0x80000C1A (0x666665B7) lui a1, 419430
x11 <- 0x66666000


mem[X,0x80000C1E] -> 0x8593
mem[X,0x80000C20] -> 0x6675
[978] [M]: 0x80000C1E (0x66758593) addi a1, a1, 1639
x11 <- 0x66666667


mem[X,0x80000C22] -> 0x4515
[979] [M]: 0x80000C22 (0x4515) c.li a0, 5
x10 <- 0x00000005


mem[X,0x80000C24] -> 0x8D2D
[980] [M]: 0x80000C24 (0x8D2D) c.xor a0, a1
x10 <- 0x66666662


mem[X,0x80000C26] -> 0xAE23
mem[X,0x80000C28] -> 0x2CA0
[981] [M]: 0x80000C26 (0x2CA0AE23) sw a0, 732(ra)
mem[0x800053F0] <- 0x66666662


mem[X,0x80000C2A] -> 0x75D5
[982] [M]: 0x80000C2A (0x75D5) c.lui a1, 53
x11 <- 0xFFFF5000


mem[X,0x80000C2C] -> 0x8593
mem[X,0x80000C2E] -> 0xAFD5
[983] [M]: 0x80000C2C (0xAFD58593) addi a1, a1, 2813
x11 <- 0xFFFF4AFD


mem[X,0x80000C30] -> 0x4515
[984] [M]: 0x80000C30 (0x4515) c.li a0, 5
x10 <- 0x00000005


mem[X,0x80000C32] -> 0x8D2D
[985] [M]: 0x80000C32 (0x8D2D) c.xor a0, a1
x10 <- 0xFFFF4AF8


mem[X,0x80000C34] -> 0xA023
mem[X,0x80000C36] -> 0x2EA0
[986] [M]: 0x80000C34 (0x2EA0A023) sw a0, 736(ra)
mem[0x800053F4] <- 0xFFFF4AF8


mem[X,0x80000C38] -> 0x65AD
[987] [M]: 0x80000C38 (0x65AD) c.lui a1, 11
x11 <- 0x0000B000


mem[X,0x80000C3A] -> 0x8593
mem[X,0x80000C3C] -> 0x5055
[988] [M]: 0x80000C3A (0x50558593) addi a1, a1, 1285
x11 <- 0x0000B505


mem[X,0x80000C3E] -> 0x4515
[989] [M]: 0x80000C3E (0x4515) c.li a0, 5
x10 <- 0x00000005


mem[X,0x80000C40] -> 0x8D2D
[990] [M]: 0x80000C40 (0x8D2D) c.xor a0, a1
x10 <- 0x0000B500


mem[X,0x80000C42] -> 0xA223
mem[X,0x80000C44] -> 0x2EA0
[991] [M]: 0x80000C42 (0x2EA0A223) sw a0, 740(ra)
mem[0x800053F8] <- 0x0000B500


mem[X,0x80000C46] -> 0x458D
[992] [M]: 0x80000C46 (0x458D) c.li a1, 3
x11 <- 0x00000003


mem[X,0x80000C48] -> 0x3537
mem[X,0x80000C4A] -> 0x3333
[993] [M]: 0x80000C48 (0x33333537) lui a0, 209715
x10 <- 0x33333000


mem[X,0x80000C4C] -> 0x0513
mem[X,0x80000C4E] -> 0x3335
[994] [M]: 0x80000C4C (0x33350513) addi a0, a0, 819
x10 <- 0x33333333


mem[X,0x80000C50] -> 0x8D2D
[995] [M]: 0x80000C50 (0x8D2D) c.xor a0, a1
x10 <- 0x33333330


mem[X,0x80000C52] -> 0xA423
mem[X,0x80000C54] -> 0x2EA0
[996] [M]: 0x80000C52 (0x2EA0A423) sw a0, 744(ra)
mem[0x800053FC] <- 0x33333330


mem[X,0x80000C56] -> 0x55B7
mem[X,0x80000C58] -> 0x5555
[997] [M]: 0x80000C56 (0x555555B7) lui a1, 349525
x11 <- 0x55555000


mem[X,0x80000C5A] -> 0x8593
mem[X,0x80000C5C] -> 0x5555
[998] [M]: 0x80000C5A (0x55558593) addi a1, a1, 1365
x11 <- 0x55555555


mem[X,0x80000C5E] -> 0x3537
mem[X,0x80000C60] -> 0x3333
[999] [M]: 0x80000C5E (0x33333537) lui a0, 209715
x10 <- 0x33333000


clint::tick mtime <- 0x000000000000000A
 clint timer pending at mtime 0x000000000000000A
htif::tick 0x0000000000000000
mem[X,0x80000C62] -> 0x0513
mem[X,0x80000C64] -> 0x3335
[1000] [M]: 0x80000C62 (0x33350513) addi a0, a0, 819
x10 <- 0x33333333


mem[X,0x80000C66] -> 0x8D2D
[1001] [M]: 0x80000C66 (0x8D2D) c.xor a0, a1
x10 <- 0x66666666


mem[X,0x80000C68] -> 0xA623
mem[X,0x80000C6A] -> 0x2EA0
[1002] [M]: 0x80000C68 (0x2EA0A623) sw a0, 748(ra)
mem[0x80005400] <- 0x66666666


mem[X,0x80000C6C] -> 0xB5B7
mem[X,0x80000C6E] -> 0xAAAA
[1003] [M]: 0x80000C6C (0xAAAAB5B7) lui a1, 699051
x11 <- 0xAAAAB000


mem[X,0x80000C70] -> 0x8593
mem[X,0x80000C72] -> 0xAAA5
[1004] [M]: 0x80000C70 (0xAAA58593) addi a1, a1, 2730
x11 <- 0xAAAAAAAA


mem[X,0x80000C74] -> 0x3537
mem[X,0x80000C76] -> 0x3333
[1005] [M]: 0x80000C74 (0x33333537) lui a0, 209715
x10 <- 0x33333000


mem[X,0x80000C78] -> 0x0513
mem[X,0x80000C7A] -> 0x3335
[1006] [M]: 0x80000C78 (0x33350513) addi a0, a0, 819
x10 <- 0x33333333


mem[X,0x80000C7C] -> 0x8D2D
[1007] [M]: 0x80000C7C (0x8D2D) c.xor a0, a1
x10 <- 0x99999999


mem[X,0x80000C7E] -> 0xA823
mem[X,0x80000C80] -> 0x2EA0
[1008] [M]: 0x80000C7E (0x2EA0A823) sw a0, 752(ra)
mem[0x80005404] <- 0x99999999


mem[X,0x80000C82] -> 0x4595
[1009] [M]: 0x80000C82 (0x4595) c.li a1, 5
x11 <- 0x00000005


mem[X,0x80000C84] -> 0x3537
mem[X,0x80000C86] -> 0x3333
[1010] [M]: 0x80000C84 (0x33333537) lui a0, 209715
x10 <- 0x33333000


mem[X,0x80000C88] -> 0x0513
mem[X,0x80000C8A] -> 0x3335
[1011] [M]: 0x80000C88 (0x33350513) addi a0, a0, 819
x10 <- 0x33333333


mem[X,0x80000C8C] -> 0x8D2D
[1012] [M]: 0x80000C8C (0x8D2D) c.xor a0, a1
x10 <- 0x33333336


mem[X,0x80000C8E] -> 0xAA23
mem[X,0x80000C90] -> 0x2EA0
[1013] [M]: 0x80000C8E (0x2EA0AA23) sw a0, 756(ra)
mem[0x80005408] <- 0x33333336


mem[X,0x80000C92] -> 0x35B7
mem[X,0x80000C94] -> 0x3333
[1014] [M]: 0x80000C92 (0x333335B7) lui a1, 209715
x11 <- 0x33333000


mem[X,0x80000C96] -> 0x8593
mem[X,0x80000C98] -> 0x3335
[1015] [M]: 0x80000C96 (0x33358593) addi a1, a1, 819
x11 <- 0x33333333


mem[X,0x80000C9A] -> 0x3537
mem[X,0x80000C9C] -> 0x3333
[1016] [M]: 0x80000C9A (0x33333537) lui a0, 209715
x10 <- 0x33333000


mem[X,0x80000C9E] -> 0x0513
mem[X,0x80000CA0] -> 0x3335
[1017] [M]: 0x80000C9E (0x33350513) addi a0, a0, 819
x10 <- 0x33333333


mem[X,0x80000CA2] -> 0x8D2D
[1018] [M]: 0x80000CA2 (0x8D2D) c.xor a0, a1
x10 <- 0x00000000


mem[X,0x80000CA4] -> 0xAC23
mem[X,0x80000CA6] -> 0x2EA0
[1019] [M]: 0x80000CA4 (0x2EA0AC23) sw a0, 760(ra)
mem[0x8000540C] <- 0x00000000


mem[X,0x80000CA8] -> 0x65B7
mem[X,0x80000CAA] -> 0x6666
[1020] [M]: 0x80000CA8 (0x666665B7) lui a1, 419430
x11 <- 0x66666000


mem[X,0x80000CAC] -> 0x8593
mem[X,0x80000CAE] -> 0x6665
[1021] [M]: 0x80000CAC (0x66658593) addi a1, a1, 1638
x11 <- 0x66666666


mem[X,0x80000CB0] -> 0x3537
mem[X,0x80000CB2] -> 0x3333
[1022] [M]: 0x80000CB0 (0x33333537) lui a0, 209715
x10 <- 0x33333000


mem[X,0x80000CB4] -> 0x0513
mem[X,0x80000CB6] -> 0x3335
[1023] [M]: 0x80000CB4 (0x33350513) addi a0, a0, 819
x10 <- 0x33333333


mem[X,0x80000CB8] -> 0x8D2D
[1024] [M]: 0x80000CB8 (0x8D2D) c.xor a0, a1
x10 <- 0x55555555


mem[X,0x80000CBA] -> 0xAE23
mem[X,0x80000CBC] -> 0x2EA0
[1025] [M]: 0x80000CBA (0x2EA0AE23) sw a0, 764(ra)
mem[0x80005410] <- 0x55555555


mem[X,0x80000CBE] -> 0x75D5
[1026] [M]: 0x80000CBE (0x75D5) c.lui a1, 53
x11 <- 0xFFFF5000


mem[X,0x80000CC0] -> 0x8593
mem[X,0x80000CC2] -> 0xAFC5
[1027] [M]: 0x80000CC0 (0xAFC58593) addi a1, a1, 2812
x11 <- 0xFFFF4AFC


mem[X,0x80000CC4] -> 0x3537
mem[X,0x80000CC6] -> 0x3333
[1028] [M]: 0x80000CC4 (0x33333537) lui a0, 209715
x10 <- 0x33333000


mem[X,0x80000CC8] -> 0x0513
mem[X,0x80000CCA] -> 0x3335
[1029] [M]: 0x80000CC8 (0x33350513) addi a0, a0, 819
x10 <- 0x33333333


mem[X,0x80000CCC] -> 0x8D2D
[1030] [M]: 0x80000CCC (0x8D2D) c.xor a0, a1
x10 <- 0xCCCC79CF


mem[X,0x80000CCE] -> 0xA023
mem[X,0x80000CD0] -> 0x30A0
[1031] [M]: 0x80000CCE (0x30A0A023) sw a0, 768(ra)
mem[0x80005414] <- 0xCCCC79CF


mem[X,0x80000CD2] -> 0x65AD
[1032] [M]: 0x80000CD2 (0x65AD) c.lui a1, 11
x11 <- 0x0000B000


mem[X,0x80000CD4] -> 0x8593
mem[X,0x80000CD6] -> 0x5045
[1033] [M]: 0x80000CD4 (0x50458593) addi a1, a1, 1284
x11 <- 0x0000B504


mem[X,0x80000CD8] -> 0x3537
mem[X,0x80000CDA] -> 0x3333
[1034] [M]: 0x80000CD8 (0x33333537) lui a0, 209715
x10 <- 0x33333000


mem[X,0x80000CDC] -> 0x0513
mem[X,0x80000CDE] -> 0x3335
[1035] [M]: 0x80000CDC (0x33350513) addi a0, a0, 819
x10 <- 0x33333333


mem[X,0x80000CE0] -> 0x8D2D
[1036] [M]: 0x80000CE0 (0x8D2D) c.xor a0, a1
x10 <- 0x33338637


mem[X,0x80000CE2] -> 0xA223
mem[X,0x80000CE4] -> 0x30A0
[1037] [M]: 0x80000CE2 (0x30A0A223) sw a0, 772(ra)
mem[0x80005418] <- 0x33338637


mem[X,0x80000CE6] -> 0x4589
[1038] [M]: 0x80000CE6 (0x4589) c.li a1, 2
x11 <- 0x00000002


mem[X,0x80000CE8] -> 0x3537
mem[X,0x80000CEA] -> 0x3333
[1039] [M]: 0x80000CE8 (0x33333537) lui a0, 209715
x10 <- 0x33333000


mem[X,0x80000CEC] -> 0x0513
mem[X,0x80000CEE] -> 0x3335
[1040] [M]: 0x80000CEC (0x33350513) addi a0, a0, 819
x10 <- 0x33333333


mem[X,0x80000CF0] -> 0x8D2D
[1041] [M]: 0x80000CF0 (0x8D2D) c.xor a0, a1
x10 <- 0x33333331


mem[X,0x80000CF2] -> 0xA423
mem[X,0x80000CF4] -> 0x30A0
[1042] [M]: 0x80000CF2 (0x30A0A423) sw a0, 776(ra)
mem[0x8000541C] <- 0x33333331


mem[X,0x80000CF6] -> 0x55B7
mem[X,0x80000CF8] -> 0x5555
[1043] [M]: 0x80000CF6 (0x555555B7) lui a1, 349525
x11 <- 0x55555000


mem[X,0x80000CFA] -> 0x8593
mem[X,0x80000CFC] -> 0x5545
[1044] [M]: 0x80000CFA (0x55458593) addi a1, a1, 1364
x11 <- 0x55555554


mem[X,0x80000CFE] -> 0x3537
mem[X,0x80000D00] -> 0x3333
[1045] [M]: 0x80000CFE (0x33333537) lui a0, 209715
x10 <- 0x33333000


mem[X,0x80000D02] -> 0x0513
mem[X,0x80000D04] -> 0x3335
[1046] [M]: 0x80000D02 (0x33350513) addi a0, a0, 819
x10 <- 0x33333333


mem[X,0x80000D06] -> 0x8D2D
[1047] [M]: 0x80000D06 (0x8D2D) c.xor a0, a1
x10 <- 0x66666667


mem[X,0x80000D08] -> 0xA623
mem[X,0x80000D0A] -> 0x30A0
[1048] [M]: 0x80000D08 (0x30A0A623) sw a0, 780(ra)
mem[0x80005420] <- 0x66666667


mem[X,0x80000D0C] -> 0x4581
[1049] [M]: 0x80000D0C (0x4581) c.li a1, 0
x11 <- 0x00000000


mem[X,0x80000D0E] -> 0x3537
mem[X,0x80000D10] -> 0x3333
[1050] [M]: 0x80000D0E (0x33333537) lui a0, 209715
x10 <- 0x33333000


mem[X,0x80000D12] -> 0x0513
mem[X,0x80000D14] -> 0x3335
[1051] [M]: 0x80000D12 (0x33350513) addi a0, a0, 819
x10 <- 0x33333333


mem[X,0x80000D16] -> 0x8D2D
[1052] [M]: 0x80000D16 (0x8D2D) c.xor a0, a1
x10 <- 0x33333333


mem[X,0x80000D18] -> 0xA823
mem[X,0x80000D1A] -> 0x30A0
[1053] [M]: 0x80000D18 (0x30A0A823) sw a0, 784(ra)
mem[0x80005424] <- 0x33333333


mem[X,0x80000D1C] -> 0x4591
[1054] [M]: 0x80000D1C (0x4591) c.li a1, 4
x11 <- 0x00000004


mem[X,0x80000D1E] -> 0x3537
mem[X,0x80000D20] -> 0x3333
[1055] [M]: 0x80000D1E (0x33333537) lui a0, 209715
x10 <- 0x33333000


mem[X,0x80000D22] -> 0x0513
mem[X,0x80000D24] -> 0x3335
[1056] [M]: 0x80000D22 (0x33350513) addi a0, a0, 819
x10 <- 0x33333333


mem[X,0x80000D26] -> 0x8D2D
[1057] [M]: 0x80000D26 (0x8D2D) c.xor a0, a1
x10 <- 0x33333337


mem[X,0x80000D28] -> 0xAA23
mem[X,0x80000D2A] -> 0x30A0
[1058] [M]: 0x80000D28 (0x30A0AA23) sw a0, 788(ra)
mem[0x80005428] <- 0x33333337


mem[X,0x80000D2C] -> 0x35B7
mem[X,0x80000D2E] -> 0x3333
[1059] [M]: 0x80000D2C (0x333335B7) lui a1, 209715
x11 <- 0x33333000


mem[X,0x80000D30] -> 0x8593
mem[X,0x80000D32] -> 0x3325
[1060] [M]: 0x80000D30 (0x33258593) addi a1, a1, 818
x11 <- 0x33333332


mem[X,0x80000D34] -> 0x3537
mem[X,0x80000D36] -> 0x3333
[1061] [M]: 0x80000D34 (0x33333537) lui a0, 209715
x10 <- 0x33333000


mem[X,0x80000D38] -> 0x0513
mem[X,0x80000D3A] -> 0x3335
[1062] [M]: 0x80000D38 (0x33350513) addi a0, a0, 819
x10 <- 0x33333333


mem[X,0x80000D3C] -> 0x8D2D
[1063] [M]: 0x80000D3C (0x8D2D) c.xor a0, a1
x10 <- 0x00000001


mem[X,0x80000D3E] -> 0xAC23
mem[X,0x80000D40] -> 0x30A0
[1064] [M]: 0x80000D3E (0x30A0AC23) sw a0, 792(ra)
mem[0x8000542C] <- 0x00000001


mem[X,0x80000D42] -> 0x65B7
mem[X,0x80000D44] -> 0x6666
[1065] [M]: 0x80000D42 (0x666665B7) lui a1, 419430
x11 <- 0x66666000


mem[X,0x80000D46] -> 0x8593
mem[X,0x80000D48] -> 0x6655
[1066] [M]: 0x80000D46 (0x66558593) addi a1, a1, 1637
x11 <- 0x66666665


mem[X,0x80000D4A] -> 0x3537
mem[X,0x80000D4C] -> 0x3333
[1067] [M]: 0x80000D4A (0x33333537) lui a0, 209715
x10 <- 0x33333000


mem[X,0x80000D4E] -> 0x0513
mem[X,0x80000D50] -> 0x3335
[1068] [M]: 0x80000D4E (0x33350513) addi a0, a0, 819
x10 <- 0x33333333


mem[X,0x80000D52] -> 0x8D2D
[1069] [M]: 0x80000D52 (0x8D2D) c.xor a0, a1
x10 <- 0x55555556


mem[X,0x80000D54] -> 0xAE23
mem[X,0x80000D56] -> 0x30A0
[1070] [M]: 0x80000D54 (0x30A0AE23) sw a0, 796(ra)
mem[0x80005430] <- 0x55555556


mem[X,0x80000D58] -> 0x65AD
[1071] [M]: 0x80000D58 (0x65AD) c.lui a1, 11
x11 <- 0x0000B000


mem[X,0x80000D5A] -> 0x8593
mem[X,0x80000D5C] -> 0x5035
[1072] [M]: 0x80000D5A (0x50358593) addi a1, a1, 1283
x11 <- 0x0000B503


mem[X,0x80000D5E] -> 0x3537
mem[X,0x80000D60] -> 0x3333
[1073] [M]: 0x80000D5E (0x33333537) lui a0, 209715
x10 <- 0x33333000


mem[X,0x80000D62] -> 0x0513
mem[X,0x80000D64] -> 0x3335
[1074] [M]: 0x80000D62 (0x33350513) addi a0, a0, 819
x10 <- 0x33333333


mem[X,0x80000D66] -> 0x8D2D
[1075] [M]: 0x80000D66 (0x8D2D) c.xor a0, a1
x10 <- 0x33338630


mem[X,0x80000D68] -> 0xA023
mem[X,0x80000D6A] -> 0x32A0
[1076] [M]: 0x80000D68 (0x32A0A023) sw a0, 800(ra)
mem[0x80005434] <- 0x33338630


mem[X,0x80000D6C] -> 0x55B7
mem[X,0x80000D6E] -> 0x5555
[1077] [M]: 0x80000D6C (0x555555B7) lui a1, 349525
x11 <- 0x55555000


mem[X,0x80000D70] -> 0x8593
mem[X,0x80000D72] -> 0x5565
[1078] [M]: 0x80000D70 (0x55658593) addi a1, a1, 1366
x11 <- 0x55555556


mem[X,0x80000D74] -> 0x3537
mem[X,0x80000D76] -> 0x3333
[1079] [M]: 0x80000D74 (0x33333537) lui a0, 209715
x10 <- 0x33333000


mem[X,0x80000D78] -> 0x0513
mem[X,0x80000D7A] -> 0x3335
[1080] [M]: 0x80000D78 (0x33350513) addi a0, a0, 819
x10 <- 0x33333333


mem[X,0x80000D7C] -> 0x8D2D
[1081] [M]: 0x80000D7C (0x8D2D) c.xor a0, a1
x10 <- 0x66666665


mem[X,0x80000D7E] -> 0xA223
mem[X,0x80000D80] -> 0x32A0
[1082] [M]: 0x80000D7E (0x32A0A223) sw a0, 804(ra)
mem[0x80005438] <- 0x66666665


mem[X,0x80000D82] -> 0xB5B7
mem[X,0x80000D84] -> 0xAAAA
[1083] [M]: 0x80000D82 (0xAAAAB5B7) lui a1, 699051
x11 <- 0xAAAAB000


mem[X,0x80000D86] -> 0x8593
mem[X,0x80000D88] -> 0xAAB5
[1084] [M]: 0x80000D86 (0xAAB58593) addi a1, a1, 2731
x11 <- 0xAAAAAAAB


mem[X,0x80000D8A] -> 0x3537
mem[X,0x80000D8C] -> 0x3333
[1085] [M]: 0x80000D8A (0x33333537) lui a0, 209715
x10 <- 0x33333000


mem[X,0x80000D8E] -> 0x0513
mem[X,0x80000D90] -> 0x3335
[1086] [M]: 0x80000D8E (0x33350513) addi a0, a0, 819
x10 <- 0x33333333


mem[X,0x80000D92] -> 0x8D2D
[1087] [M]: 0x80000D92 (0x8D2D) c.xor a0, a1
x10 <- 0x99999998


mem[X,0x80000D94] -> 0xA423
mem[X,0x80000D96] -> 0x32A0
[1088] [M]: 0x80000D94 (0x32A0A423) sw a0, 808(ra)
mem[0x8000543C] <- 0x99999998


mem[X,0x80000D98] -> 0x4599
[1089] [M]: 0x80000D98 (0x4599) c.li a1, 6
x11 <- 0x00000006


mem[X,0x80000D9A] -> 0x3537
mem[X,0x80000D9C] -> 0x3333
[1090] [M]: 0x80000D9A (0x33333537) lui a0, 209715
x10 <- 0x33333000


mem[X,0x80000D9E] -> 0x0513
mem[X,0x80000DA0] -> 0x3335
[1091] [M]: 0x80000D9E (0x33350513) addi a0, a0, 819
x10 <- 0x33333333


mem[X,0x80000DA2] -> 0x8D2D
[1092] [M]: 0x80000DA2 (0x8D2D) c.xor a0, a1
x10 <- 0x33333335


mem[X,0x80000DA4] -> 0xA623
mem[X,0x80000DA6] -> 0x32A0
[1093] [M]: 0x80000DA4 (0x32A0A623) sw a0, 812(ra)
mem[0x80005440] <- 0x33333335


mem[X,0x80000DA8] -> 0x35B7
mem[X,0x80000DAA] -> 0x3333
[1094] [M]: 0x80000DA8 (0x333335B7) lui a1, 209715
x11 <- 0x33333000


mem[X,0x80000DAC] -> 0x8593
mem[X,0x80000DAE] -> 0x3345
[1095] [M]: 0x80000DAC (0x33458593) addi a1, a1, 820
x11 <- 0x33333334


mem[X,0x80000DB0] -> 0x3537
mem[X,0x80000DB2] -> 0x3333
[1096] [M]: 0x80000DB0 (0x33333537) lui a0, 209715
x10 <- 0x33333000


mem[X,0x80000DB4] -> 0x0513
mem[X,0x80000DB6] -> 0x3335
[1097] [M]: 0x80000DB4 (0x33350513) addi a0, a0, 819
x10 <- 0x33333333


mem[X,0x80000DB8] -> 0x8D2D
[1098] [M]: 0x80000DB8 (0x8D2D) c.xor a0, a1
x10 <- 0x00000007


mem[X,0x80000DBA] -> 0xA823
mem[X,0x80000DBC] -> 0x32A0
[1099] [M]: 0x80000DBA (0x32A0A823) sw a0, 816(ra)
mem[0x80005444] <- 0x00000007


clint::tick mtime <- 0x000000000000000B
 clint timer pending at mtime 0x000000000000000B
htif::tick 0x0000000000000000
mem[X,0x80000DBE] -> 0x65B7
mem[X,0x80000DC0] -> 0x6666
[1100] [M]: 0x80000DBE (0x666665B7) lui a1, 419430
x11 <- 0x66666000


mem[X,0x80000DC2] -> 0x8593
mem[X,0x80000DC4] -> 0x6675
[1101] [M]: 0x80000DC2 (0x66758593) addi a1, a1, 1639
x11 <- 0x66666667


mem[X,0x80000DC6] -> 0x3537
mem[X,0x80000DC8] -> 0x3333
[1102] [M]: 0x80000DC6 (0x33333537) lui a0, 209715
x10 <- 0x33333000


mem[X,0x80000DCA] -> 0x0513
mem[X,0x80000DCC] -> 0x3335
[1103] [M]: 0x80000DCA (0x33350513) addi a0, a0, 819
x10 <- 0x33333333


mem[X,0x80000DCE] -> 0x8D2D
[1104] [M]: 0x80000DCE (0x8D2D) c.xor a0, a1
x10 <- 0x55555554


mem[X,0x80000DD0] -> 0xAA23
mem[X,0x80000DD2] -> 0x32A0
[1105] [M]: 0x80000DD0 (0x32A0AA23) sw a0, 820(ra)
mem[0x80005448] <- 0x55555554


mem[X,0x80000DD4] -> 0x75D5
[1106] [M]: 0x80000DD4 (0x75D5) c.lui a1, 53
x11 <- 0xFFFF5000


mem[X,0x80000DD6] -> 0x8593
mem[X,0x80000DD8] -> 0xAFD5
[1107] [M]: 0x80000DD6 (0xAFD58593) addi a1, a1, 2813
x11 <- 0xFFFF4AFD


mem[X,0x80000DDA] -> 0x3537
mem[X,0x80000DDC] -> 0x3333
[1108] [M]: 0x80000DDA (0x33333537) lui a0, 209715
x10 <- 0x33333000


mem[X,0x80000DDE] -> 0x0513
mem[X,0x80000DE0] -> 0x3335
[1109] [M]: 0x80000DDE (0x33350513) addi a0, a0, 819
x10 <- 0x33333333


mem[X,0x80000DE2] -> 0x8D2D
[1110] [M]: 0x80000DE2 (0x8D2D) c.xor a0, a1
x10 <- 0xCCCC79CE


mem[X,0x80000DE4] -> 0xAC23
mem[X,0x80000DE6] -> 0x32A0
[1111] [M]: 0x80000DE4 (0x32A0AC23) sw a0, 824(ra)
mem[0x8000544C] <- 0xCCCC79CE


mem[X,0x80000DE8] -> 0x65AD
[1112] [M]: 0x80000DE8 (0x65AD) c.lui a1, 11
x11 <- 0x0000B000


mem[X,0x80000DEA] -> 0x8593
mem[X,0x80000DEC] -> 0x5055
[1113] [M]: 0x80000DEA (0x50558593) addi a1, a1, 1285
x11 <- 0x0000B505


mem[X,0x80000DEE] -> 0x3537
mem[X,0x80000DF0] -> 0x3333
[1114] [M]: 0x80000DEE (0x33333537) lui a0, 209715
x10 <- 0x33333000


mem[X,0x80000DF2] -> 0x0513
mem[X,0x80000DF4] -> 0x3335
[1115] [M]: 0x80000DF2 (0x33350513) addi a0, a0, 819
x10 <- 0x33333333


mem[X,0x80000DF6] -> 0x8D2D
[1116] [M]: 0x80000DF6 (0x8D2D) c.xor a0, a1
x10 <- 0x33338636


mem[X,0x80000DF8] -> 0xAE23
mem[X,0x80000DFA] -> 0x32A0
[1117] [M]: 0x80000DF8 (0x32A0AE23) sw a0, 828(ra)
mem[0x80005450] <- 0x33338636


mem[X,0x80000DFC] -> 0x458D
[1118] [M]: 0x80000DFC (0x458D) c.li a1, 3
x11 <- 0x00000003


mem[X,0x80000DFE] -> 0x6537
mem[X,0x80000E00] -> 0x6666
[1119] [M]: 0x80000DFE (0x66666537) lui a0, 419430
x10 <- 0x66666000


mem[X,0x80000E02] -> 0x0513
mem[X,0x80000E04] -> 0x6665
[1120] [M]: 0x80000E02 (0x66650513) addi a0, a0, 1638
x10 <- 0x66666666


mem[X,0x80000E06] -> 0x8D2D
[1121] [M]: 0x80000E06 (0x8D2D) c.xor a0, a1
x10 <- 0x66666665


mem[X,0x80000E08] -> 0xA023
mem[X,0x80000E0A] -> 0x34A0
[1122] [M]: 0x80000E08 (0x34A0A023) sw a0, 832(ra)
mem[0x80005454] <- 0x66666665


mem[X,0x80000E0C] -> 0x55B7
mem[X,0x80000E0E] -> 0x5555
[1123] [M]: 0x80000E0C (0x555555B7) lui a1, 349525
x11 <- 0x55555000


mem[X,0x80000E10] -> 0x8593
mem[X,0x80000E12] -> 0x5555
[1124] [M]: 0x80000E10 (0x55558593) addi a1, a1, 1365
x11 <- 0x55555555


mem[X,0x80000E14] -> 0x6537
mem[X,0x80000E16] -> 0x6666
[1125] [M]: 0x80000E14 (0x66666537) lui a0, 419430
x10 <- 0x66666000


mem[X,0x80000E18] -> 0x0513
mem[X,0x80000E1A] -> 0x6665
[1126] [M]: 0x80000E18 (0x66650513) addi a0, a0, 1638
x10 <- 0x66666666


mem[X,0x80000E1C] -> 0x8D2D
[1127] [M]: 0x80000E1C (0x8D2D) c.xor a0, a1
x10 <- 0x33333333


mem[X,0x80000E1E] -> 0xA223
mem[X,0x80000E20] -> 0x34A0
[1128] [M]: 0x80000E1E (0x34A0A223) sw a0, 836(ra)
mem[0x80005458] <- 0x33333333


mem[X,0x80000E22] -> 0xB5B7
mem[X,0x80000E24] -> 0xAAAA
[1129] [M]: 0x80000E22 (0xAAAAB5B7) lui a1, 699051
x11 <- 0xAAAAB000


mem[X,0x80000E26] -> 0x8593
mem[X,0x80000E28] -> 0xAAA5
[1130] [M]: 0x80000E26 (0xAAA58593) addi a1, a1, 2730
x11 <- 0xAAAAAAAA


mem[X,0x80000E2A] -> 0x6537
mem[X,0x80000E2C] -> 0x6666
[1131] [M]: 0x80000E2A (0x66666537) lui a0, 419430
x10 <- 0x66666000


mem[X,0x80000E2E] -> 0x0513
mem[X,0x80000E30] -> 0x6665
[1132] [M]: 0x80000E2E (0x66650513) addi a0, a0, 1638
x10 <- 0x66666666


mem[X,0x80000E32] -> 0x8D2D
[1133] [M]: 0x80000E32 (0x8D2D) c.xor a0, a1
x10 <- 0xCCCCCCCC


mem[X,0x80000E34] -> 0xA423
mem[X,0x80000E36] -> 0x34A0
[1134] [M]: 0x80000E34 (0x34A0A423) sw a0, 840(ra)
mem[0x8000545C] <- 0xCCCCCCCC


mem[X,0x80000E38] -> 0x4595
[1135] [M]: 0x80000E38 (0x4595) c.li a1, 5
x11 <- 0x00000005


mem[X,0x80000E3A] -> 0x6537
mem[X,0x80000E3C] -> 0x6666
[1136] [M]: 0x80000E3A (0x66666537) lui a0, 419430
x10 <- 0x66666000


mem[X,0x80000E3E] -> 0x0513
mem[X,0x80000E40] -> 0x6665
[1137] [M]: 0x80000E3E (0x66650513) addi a0, a0, 1638
x10 <- 0x66666666


mem[X,0x80000E42] -> 0x8D2D
[1138] [M]: 0x80000E42 (0x8D2D) c.xor a0, a1
x10 <- 0x66666663


mem[X,0x80000E44] -> 0xA623
mem[X,0x80000E46] -> 0x34A0
[1139] [M]: 0x80000E44 (0x34A0A623) sw a0, 844(ra)
mem[0x80005460] <- 0x66666663


mem[X,0x80000E48] -> 0x35B7
mem[X,0x80000E4A] -> 0x3333
[1140] [M]: 0x80000E48 (0x333335B7) lui a1, 209715
x11 <- 0x33333000


mem[X,0x80000E4C] -> 0x8593
mem[X,0x80000E4E] -> 0x3335
[1141] [M]: 0x80000E4C (0x33358593) addi a1, a1, 819
x11 <- 0x33333333


mem[X,0x80000E50] -> 0x6537
mem[X,0x80000E52] -> 0x6666
[1142] [M]: 0x80000E50 (0x66666537) lui a0, 419430
x10 <- 0x66666000


mem[X,0x80000E54] -> 0x0513
mem[X,0x80000E56] -> 0x6665
[1143] [M]: 0x80000E54 (0x66650513) addi a0, a0, 1638
x10 <- 0x66666666


mem[X,0x80000E58] -> 0x8D2D
[1144] [M]: 0x80000E58 (0x8D2D) c.xor a0, a1
x10 <- 0x55555555


mem[X,0x80000E5A] -> 0xA823
mem[X,0x80000E5C] -> 0x34A0
[1145] [M]: 0x80000E5A (0x34A0A823) sw a0, 848(ra)
mem[0x80005464] <- 0x55555555


mem[X,0x80000E5E] -> 0x65B7
mem[X,0x80000E60] -> 0x6666
[1146] [M]: 0x80000E5E (0x666665B7) lui a1, 419430
x11 <- 0x66666000


mem[X,0x80000E62] -> 0x8593
mem[X,0x80000E64] -> 0x6665
[1147] [M]: 0x80000E62 (0x66658593) addi a1, a1, 1638
x11 <- 0x66666666


mem[X,0x80000E66] -> 0x6537
mem[X,0x80000E68] -> 0x6666
[1148] [M]: 0x80000E66 (0x66666537) lui a0, 419430
x10 <- 0x66666000


mem[X,0x80000E6A] -> 0x0513
mem[X,0x80000E6C] -> 0x6665
[1149] [M]: 0x80000E6A (0x66650513) addi a0, a0, 1638
x10 <- 0x66666666


mem[X,0x80000E6E] -> 0x8D2D
[1150] [M]: 0x80000E6E (0x8D2D) c.xor a0, a1
x10 <- 0x00000000


mem[X,0x80000E70] -> 0xAA23
mem[X,0x80000E72] -> 0x34A0
[1151] [M]: 0x80000E70 (0x34A0AA23) sw a0, 852(ra)
mem[0x80005468] <- 0x00000000


mem[X,0x80000E74] -> 0x75D5
[1152] [M]: 0x80000E74 (0x75D5) c.lui a1, 53
x11 <- 0xFFFF5000


mem[X,0x80000E76] -> 0x8593
mem[X,0x80000E78] -> 0xAFC5
[1153] [M]: 0x80000E76 (0xAFC58593) addi a1, a1, 2812
x11 <- 0xFFFF4AFC


mem[X,0x80000E7A] -> 0x6537
mem[X,0x80000E7C] -> 0x6666
[1154] [M]: 0x80000E7A (0x66666537) lui a0, 419430
x10 <- 0x66666000


mem[X,0x80000E7E] -> 0x0513
mem[X,0x80000E80] -> 0x6665
[1155] [M]: 0x80000E7E (0x66650513) addi a0, a0, 1638
x10 <- 0x66666666


mem[X,0x80000E82] -> 0x8D2D
[1156] [M]: 0x80000E82 (0x8D2D) c.xor a0, a1
x10 <- 0x99992C9A


mem[X,0x80000E84] -> 0xAC23
mem[X,0x80000E86] -> 0x34A0
[1157] [M]: 0x80000E84 (0x34A0AC23) sw a0, 856(ra)
mem[0x8000546C] <- 0x99992C9A


mem[X,0x80000E88] -> 0x65AD
[1158] [M]: 0x80000E88 (0x65AD) c.lui a1, 11
x11 <- 0x0000B000


mem[X,0x80000E8A] -> 0x8593
mem[X,0x80000E8C] -> 0x5045
[1159] [M]: 0x80000E8A (0x50458593) addi a1, a1, 1284
x11 <- 0x0000B504


mem[X,0x80000E8E] -> 0x6537
mem[X,0x80000E90] -> 0x6666
[1160] [M]: 0x80000E8E (0x66666537) lui a0, 419430
x10 <- 0x66666000


mem[X,0x80000E92] -> 0x0513
mem[X,0x80000E94] -> 0x6665
[1161] [M]: 0x80000E92 (0x66650513) addi a0, a0, 1638
x10 <- 0x66666666


mem[X,0x80000E96] -> 0x8D2D
[1162] [M]: 0x80000E96 (0x8D2D) c.xor a0, a1
x10 <- 0x6666D362


mem[X,0x80000E98] -> 0xAE23
mem[X,0x80000E9A] -> 0x34A0
[1163] [M]: 0x80000E98 (0x34A0AE23) sw a0, 860(ra)
mem[0x80005470] <- 0x6666D362


mem[X,0x80000E9C] -> 0x4589
[1164] [M]: 0x80000E9C (0x4589) c.li a1, 2
x11 <- 0x00000002


mem[X,0x80000E9E] -> 0x6537
mem[X,0x80000EA0] -> 0x6666
[1165] [M]: 0x80000E9E (0x66666537) lui a0, 419430
x10 <- 0x66666000


mem[X,0x80000EA2] -> 0x0513
mem[X,0x80000EA4] -> 0x6665
[1166] [M]: 0x80000EA2 (0x66650513) addi a0, a0, 1638
x10 <- 0x66666666


mem[X,0x80000EA6] -> 0x8D2D
[1167] [M]: 0x80000EA6 (0x8D2D) c.xor a0, a1
x10 <- 0x66666664


mem[X,0x80000EA8] -> 0xA023
mem[X,0x80000EAA] -> 0x36A0
[1168] [M]: 0x80000EA8 (0x36A0A023) sw a0, 864(ra)
mem[0x80005474] <- 0x66666664


mem[X,0x80000EAC] -> 0x55B7
mem[X,0x80000EAE] -> 0x5555
[1169] [M]: 0x80000EAC (0x555555B7) lui a1, 349525
x11 <- 0x55555000


mem[X,0x80000EB0] -> 0x8593
mem[X,0x80000EB2] -> 0x5545
[1170] [M]: 0x80000EB0 (0x55458593) addi a1, a1, 1364
x11 <- 0x55555554


mem[X,0x80000EB4] -> 0x6537
mem[X,0x80000EB6] -> 0x6666
[1171] [M]: 0x80000EB4 (0x66666537) lui a0, 419430
x10 <- 0x66666000


mem[X,0x80000EB8] -> 0x0513
mem[X,0x80000EBA] -> 0x6665
[1172] [M]: 0x80000EB8 (0x66650513) addi a0, a0, 1638
x10 <- 0x66666666


mem[X,0x80000EBC] -> 0x8D2D
[1173] [M]: 0x80000EBC (0x8D2D) c.xor a0, a1
x10 <- 0x33333332


mem[X,0x80000EBE] -> 0xA223
mem[X,0x80000EC0] -> 0x36A0
[1174] [M]: 0x80000EBE (0x36A0A223) sw a0, 868(ra)
mem[0x80005478] <- 0x33333332


mem[X,0x80000EC2] -> 0x4581
[1175] [M]: 0x80000EC2 (0x4581) c.li a1, 0
x11 <- 0x00000000


mem[X,0x80000EC4] -> 0x6537
mem[X,0x80000EC6] -> 0x6666
[1176] [M]: 0x80000EC4 (0x66666537) lui a0, 419430
x10 <- 0x66666000


mem[X,0x80000EC8] -> 0x0513
mem[X,0x80000ECA] -> 0x6665
[1177] [M]: 0x80000EC8 (0x66650513) addi a0, a0, 1638
x10 <- 0x66666666


mem[X,0x80000ECC] -> 0x8D2D
[1178] [M]: 0x80000ECC (0x8D2D) c.xor a0, a1
x10 <- 0x66666666


mem[X,0x80000ECE] -> 0xA423
mem[X,0x80000ED0] -> 0x36A0
[1179] [M]: 0x80000ECE (0x36A0A423) sw a0, 872(ra)
mem[0x8000547C] <- 0x66666666


mem[X,0x80000ED2] -> 0x4591
[1180] [M]: 0x80000ED2 (0x4591) c.li a1, 4
x11 <- 0x00000004


mem[X,0x80000ED4] -> 0x6537
mem[X,0x80000ED6] -> 0x6666
[1181] [M]: 0x80000ED4 (0x66666537) lui a0, 419430
x10 <- 0x66666000


mem[X,0x80000ED8] -> 0x0513
mem[X,0x80000EDA] -> 0x6665
[1182] [M]: 0x80000ED8 (0x66650513) addi a0, a0, 1638
x10 <- 0x66666666


mem[X,0x80000EDC] -> 0x8D2D
[1183] [M]: 0x80000EDC (0x8D2D) c.xor a0, a1
x10 <- 0x66666662


mem[X,0x80000EDE] -> 0xA623
mem[X,0x80000EE0] -> 0x36A0
[1184] [M]: 0x80000EDE (0x36A0A623) sw a0, 876(ra)
mem[0x80005480] <- 0x66666662


mem[X,0x80000EE2] -> 0x35B7
mem[X,0x80000EE4] -> 0x3333
[1185] [M]: 0x80000EE2 (0x333335B7) lui a1, 209715
x11 <- 0x33333000


mem[X,0x80000EE6] -> 0x8593
mem[X,0x80000EE8] -> 0x3325
[1186] [M]: 0x80000EE6 (0x33258593) addi a1, a1, 818
x11 <- 0x33333332


mem[X,0x80000EEA] -> 0x6537
mem[X,0x80000EEC] -> 0x6666
[1187] [M]: 0x80000EEA (0x66666537) lui a0, 419430
x10 <- 0x66666000


mem[X,0x80000EEE] -> 0x0513
mem[X,0x80000EF0] -> 0x6665
[1188] [M]: 0x80000EEE (0x66650513) addi a0, a0, 1638
x10 <- 0x66666666


mem[X,0x80000EF2] -> 0x8D2D
[1189] [M]: 0x80000EF2 (0x8D2D) c.xor a0, a1
x10 <- 0x55555554


mem[X,0x80000EF4] -> 0xA823
mem[X,0x80000EF6] -> 0x36A0
[1190] [M]: 0x80000EF4 (0x36A0A823) sw a0, 880(ra)
mem[0x80005484] <- 0x55555554


mem[X,0x80000EF8] -> 0x65B7
mem[X,0x80000EFA] -> 0x6666
[1191] [M]: 0x80000EF8 (0x666665B7) lui a1, 419430
x11 <- 0x66666000


mem[X,0x80000EFC] -> 0x8593
mem[X,0x80000EFE] -> 0x6655
[1192] [M]: 0x80000EFC (0x66558593) addi a1, a1, 1637
x11 <- 0x66666665


mem[X,0x80000F00] -> 0x6537
mem[X,0x80000F02] -> 0x6666
[1193] [M]: 0x80000F00 (0x66666537) lui a0, 419430
x10 <- 0x66666000


mem[X,0x80000F04] -> 0x0513
mem[X,0x80000F06] -> 0x6665
[1194] [M]: 0x80000F04 (0x66650513) addi a0, a0, 1638
x10 <- 0x66666666


mem[X,0x80000F08] -> 0x8D2D
[1195] [M]: 0x80000F08 (0x8D2D) c.xor a0, a1
x10 <- 0x00000003


mem[X,0x80000F0A] -> 0xAA23
mem[X,0x80000F0C] -> 0x36A0
[1196] [M]: 0x80000F0A (0x36A0AA23) sw a0, 884(ra)
mem[0x80005488] <- 0x00000003


mem[X,0x80000F0E] -> 0x65AD
[1197] [M]: 0x80000F0E (0x65AD) c.lui a1, 11
x11 <- 0x0000B000


mem[X,0x80000F10] -> 0x8593
mem[X,0x80000F12] -> 0x5035
[1198] [M]: 0x80000F10 (0x50358593) addi a1, a1, 1283
x11 <- 0x0000B503


mem[X,0x80000F14] -> 0x6537
mem[X,0x80000F16] -> 0x6666
[1199] [M]: 0x80000F14 (0x66666537) lui a0, 419430
x10 <- 0x66666000


clint::tick mtime <- 0x000000000000000C
 clint timer pending at mtime 0x000000000000000C
htif::tick 0x0000000000000000
mem[X,0x80000F18] -> 0x0513
mem[X,0x80000F1A] -> 0x6665
[1200] [M]: 0x80000F18 (0x66650513) addi a0, a0, 1638
x10 <- 0x66666666


mem[X,0x80000F1C] -> 0x8D2D
[1201] [M]: 0x80000F1C (0x8D2D) c.xor a0, a1
x10 <- 0x6666D365


mem[X,0x80000F1E] -> 0xAC23
mem[X,0x80000F20] -> 0x36A0
[1202] [M]: 0x80000F1E (0x36A0AC23) sw a0, 888(ra)
mem[0x8000548C] <- 0x6666D365


mem[X,0x80000F22] -> 0x55B7
mem[X,0x80000F24] -> 0x5555
[1203] [M]: 0x80000F22 (0x555555B7) lui a1, 349525
x11 <- 0x55555000


mem[X,0x80000F26] -> 0x8593
mem[X,0x80000F28] -> 0x5565
[1204] [M]: 0x80000F26 (0x55658593) addi a1, a1, 1366
x11 <- 0x55555556


mem[X,0x80000F2A] -> 0x6537
mem[X,0x80000F2C] -> 0x6666
[1205] [M]: 0x80000F2A (0x66666537) lui a0, 419430
x10 <- 0x66666000


mem[X,0x80000F2E] -> 0x0513
mem[X,0x80000F30] -> 0x6665
[1206] [M]: 0x80000F2E (0x66650513) addi a0, a0, 1638
x10 <- 0x66666666


mem[X,0x80000F32] -> 0x8D2D
[1207] [M]: 0x80000F32 (0x8D2D) c.xor a0, a1
x10 <- 0x33333330


mem[X,0x80000F34] -> 0xAE23
mem[X,0x80000F36] -> 0x36A0
[1208] [M]: 0x80000F34 (0x36A0AE23) sw a0, 892(ra)
mem[0x80005490] <- 0x33333330


mem[X,0x80000F38] -> 0xB5B7
mem[X,0x80000F3A] -> 0xAAAA
[1209] [M]: 0x80000F38 (0xAAAAB5B7) lui a1, 699051
x11 <- 0xAAAAB000


mem[X,0x80000F3C] -> 0x8593
mem[X,0x80000F3E] -> 0xAAB5
[1210] [M]: 0x80000F3C (0xAAB58593) addi a1, a1, 2731
x11 <- 0xAAAAAAAB


mem[X,0x80000F40] -> 0x6537
mem[X,0x80000F42] -> 0x6666
[1211] [M]: 0x80000F40 (0x66666537) lui a0, 419430
x10 <- 0x66666000


mem[X,0x80000F44] -> 0x0513
mem[X,0x80000F46] -> 0x6665
[1212] [M]: 0x80000F44 (0x66650513) addi a0, a0, 1638
x10 <- 0x66666666


mem[X,0x80000F48] -> 0x8D2D
[1213] [M]: 0x80000F48 (0x8D2D) c.xor a0, a1
x10 <- 0xCCCCCCCD


mem[X,0x80000F4A] -> 0xA023
mem[X,0x80000F4C] -> 0x38A0
[1214] [M]: 0x80000F4A (0x38A0A023) sw a0, 896(ra)
mem[0x80005494] <- 0xCCCCCCCD


mem[X,0x80000F4E] -> 0x4599
[1215] [M]: 0x80000F4E (0x4599) c.li a1, 6
x11 <- 0x00000006


mem[X,0x80000F50] -> 0x6537
mem[X,0x80000F52] -> 0x6666
[1216] [M]: 0x80000F50 (0x66666537) lui a0, 419430
x10 <- 0x66666000


mem[X,0x80000F54] -> 0x0513
mem[X,0x80000F56] -> 0x6665
[1217] [M]: 0x80000F54 (0x66650513) addi a0, a0, 1638
x10 <- 0x66666666


mem[X,0x80000F58] -> 0x8D2D
[1218] [M]: 0x80000F58 (0x8D2D) c.xor a0, a1
x10 <- 0x66666660


mem[X,0x80000F5A] -> 0xA223
mem[X,0x80000F5C] -> 0x38A0
[1219] [M]: 0x80000F5A (0x38A0A223) sw a0, 900(ra)
mem[0x80005498] <- 0x66666660


mem[X,0x80000F5E] -> 0x35B7
mem[X,0x80000F60] -> 0x3333
[1220] [M]: 0x80000F5E (0x333335B7) lui a1, 209715
x11 <- 0x33333000


mem[X,0x80000F62] -> 0x8593
mem[X,0x80000F64] -> 0x3345
[1221] [M]: 0x80000F62 (0x33458593) addi a1, a1, 820
x11 <- 0x33333334


mem[X,0x80000F66] -> 0x6537
mem[X,0x80000F68] -> 0x6666
[1222] [M]: 0x80000F66 (0x66666537) lui a0, 419430
x10 <- 0x66666000


mem[X,0x80000F6A] -> 0x0513
mem[X,0x80000F6C] -> 0x6665
[1223] [M]: 0x80000F6A (0x66650513) addi a0, a0, 1638
x10 <- 0x66666666


mem[X,0x80000F6E] -> 0x8D2D
[1224] [M]: 0x80000F6E (0x8D2D) c.xor a0, a1
x10 <- 0x55555552


mem[X,0x80000F70] -> 0xA423
mem[X,0x80000F72] -> 0x38A0
[1225] [M]: 0x80000F70 (0x38A0A423) sw a0, 904(ra)
mem[0x8000549C] <- 0x55555552


mem[X,0x80000F74] -> 0x65B7
mem[X,0x80000F76] -> 0x6666
[1226] [M]: 0x80000F74 (0x666665B7) lui a1, 419430
x11 <- 0x66666000


mem[X,0x80000F78] -> 0x8593
mem[X,0x80000F7A] -> 0x6675
[1227] [M]: 0x80000F78 (0x66758593) addi a1, a1, 1639
x11 <- 0x66666667


mem[X,0x80000F7C] -> 0x6537
mem[X,0x80000F7E] -> 0x6666
[1228] [M]: 0x80000F7C (0x66666537) lui a0, 419430
x10 <- 0x66666000


mem[X,0x80000F80] -> 0x0513
mem[X,0x80000F82] -> 0x6665
[1229] [M]: 0x80000F80 (0x66650513) addi a0, a0, 1638
x10 <- 0x66666666


mem[X,0x80000F84] -> 0x8D2D
[1230] [M]: 0x80000F84 (0x8D2D) c.xor a0, a1
x10 <- 0x00000001


mem[X,0x80000F86] -> 0xA623
mem[X,0x80000F88] -> 0x38A0
[1231] [M]: 0x80000F86 (0x38A0A623) sw a0, 908(ra)
mem[0x800054A0] <- 0x00000001


mem[X,0x80000F8A] -> 0x75D5
[1232] [M]: 0x80000F8A (0x75D5) c.lui a1, 53
x11 <- 0xFFFF5000


mem[X,0x80000F8C] -> 0x8593
mem[X,0x80000F8E] -> 0xAFD5
[1233] [M]: 0x80000F8C (0xAFD58593) addi a1, a1, 2813
x11 <- 0xFFFF4AFD


mem[X,0x80000F90] -> 0x6537
mem[X,0x80000F92] -> 0x6666
[1234] [M]: 0x80000F90 (0x66666537) lui a0, 419430
x10 <- 0x66666000


mem[X,0x80000F94] -> 0x0513
mem[X,0x80000F96] -> 0x6665
[1235] [M]: 0x80000F94 (0x66650513) addi a0, a0, 1638
x10 <- 0x66666666


mem[X,0x80000F98] -> 0x8D2D
[1236] [M]: 0x80000F98 (0x8D2D) c.xor a0, a1
x10 <- 0x99992C9B


mem[X,0x80000F9A] -> 0xA823
mem[X,0x80000F9C] -> 0x38A0
[1237] [M]: 0x80000F9A (0x38A0A823) sw a0, 912(ra)
mem[0x800054A4] <- 0x99992C9B


mem[X,0x80000F9E] -> 0x65AD
[1238] [M]: 0x80000F9E (0x65AD) c.lui a1, 11
x11 <- 0x0000B000


mem[X,0x80000FA0] -> 0x8593
mem[X,0x80000FA2] -> 0x5055
[1239] [M]: 0x80000FA0 (0x50558593) addi a1, a1, 1285
x11 <- 0x0000B505


mem[X,0x80000FA4] -> 0x6537
mem[X,0x80000FA6] -> 0x6666
[1240] [M]: 0x80000FA4 (0x66666537) lui a0, 419430
x10 <- 0x66666000


mem[X,0x80000FA8] -> 0x0513
mem[X,0x80000FAA] -> 0x6665
[1241] [M]: 0x80000FA8 (0x66650513) addi a0, a0, 1638
x10 <- 0x66666666


mem[X,0x80000FAC] -> 0x8D2D
[1242] [M]: 0x80000FAC (0x8D2D) c.xor a0, a1
x10 <- 0x6666D363


mem[X,0x80000FAE] -> 0xAA23
mem[X,0x80000FB0] -> 0x38A0
[1243] [M]: 0x80000FAE (0x38A0AA23) sw a0, 916(ra)
mem[0x800054A8] <- 0x6666D363


mem[X,0x80000FB2] -> 0x458D
[1244] [M]: 0x80000FB2 (0x458D) c.li a1, 3
x11 <- 0x00000003


mem[X,0x80000FB4] -> 0x7555
[1245] [M]: 0x80000FB4 (0x7555) c.lui a0, 53
x10 <- 0xFFFF5000


mem[X,0x80000FB6] -> 0x0513
mem[X,0x80000FB8] -> 0xAFC5
[1246] [M]: 0x80000FB6 (0xAFC50513) addi a0, a0, 2812
x10 <- 0xFFFF4AFC


mem[X,0x80000FBA] -> 0x8D2D
[1247] [M]: 0x80000FBA (0x8D2D) c.xor a0, a1
x10 <- 0xFFFF4AFF


mem[X,0x80000FBC] -> 0xAC23
mem[X,0x80000FBE] -> 0x38A0
[1248] [M]: 0x80000FBC (0x38A0AC23) sw a0, 920(ra)
mem[0x800054AC] <- 0xFFFF4AFF


mem[X,0x80000FC0] -> 0x55B7
mem[X,0x80000FC2] -> 0x5555
[1249] [M]: 0x80000FC0 (0x555555B7) lui a1, 349525
x11 <- 0x55555000


mem[X,0x80000FC4] -> 0x8593
mem[X,0x80000FC6] -> 0x5555
[1250] [M]: 0x80000FC4 (0x55558593) addi a1, a1, 1365
x11 <- 0x55555555


mem[X,0x80000FC8] -> 0x7555
[1251] [M]: 0x80000FC8 (0x7555) c.lui a0, 53
x10 <- 0xFFFF5000


mem[X,0x80000FCA] -> 0x0513
mem[X,0x80000FCC] -> 0xAFC5
[1252] [M]: 0x80000FCA (0xAFC50513) addi a0, a0, 2812
x10 <- 0xFFFF4AFC


mem[X,0x80000FCE] -> 0x8D2D
[1253] [M]: 0x80000FCE (0x8D2D) c.xor a0, a1
x10 <- 0xAAAA1FA9


mem[X,0x80000FD0] -> 0xAE23
mem[X,0x80000FD2] -> 0x38A0
[1254] [M]: 0x80000FD0 (0x38A0AE23) sw a0, 924(ra)
mem[0x800054B0] <- 0xAAAA1FA9


mem[X,0x80000FD4] -> 0xB5B7
mem[X,0x80000FD6] -> 0xAAAA
[1255] [M]: 0x80000FD4 (0xAAAAB5B7) lui a1, 699051
x11 <- 0xAAAAB000


mem[X,0x80000FD8] -> 0x8593
mem[X,0x80000FDA] -> 0xAAA5
[1256] [M]: 0x80000FD8 (0xAAA58593) addi a1, a1, 2730
x11 <- 0xAAAAAAAA


mem[X,0x80000FDC] -> 0x7555
[1257] [M]: 0x80000FDC (0x7555) c.lui a0, 53
x10 <- 0xFFFF5000


mem[X,0x80000FDE] -> 0x0513
mem[X,0x80000FE0] -> 0xAFC5
[1258] [M]: 0x80000FDE (0xAFC50513) addi a0, a0, 2812
x10 <- 0xFFFF4AFC


mem[X,0x80000FE2] -> 0x8D2D
[1259] [M]: 0x80000FE2 (0x8D2D) c.xor a0, a1
x10 <- 0x5555E056


mem[X,0x80000FE4] -> 0xA023
mem[X,0x80000FE6] -> 0x3AA0
[1260] [M]: 0x80000FE4 (0x3AA0A023) sw a0, 928(ra)
mem[0x800054B4] <- 0x5555E056


mem[X,0x80000FE8] -> 0x4595
[1261] [M]: 0x80000FE8 (0x4595) c.li a1, 5
x11 <- 0x00000005


mem[X,0x80000FEA] -> 0x7555
[1262] [M]: 0x80000FEA (0x7555) c.lui a0, 53
x10 <- 0xFFFF5000


mem[X,0x80000FEC] -> 0x0513
mem[X,0x80000FEE] -> 0xAFC5
[1263] [M]: 0x80000FEC (0xAFC50513) addi a0, a0, 2812
x10 <- 0xFFFF4AFC


mem[X,0x80000FF0] -> 0x8D2D
[1264] [M]: 0x80000FF0 (0x8D2D) c.xor a0, a1
x10 <- 0xFFFF4AF9


mem[X,0x80000FF2] -> 0xA223
mem[X,0x80000FF4] -> 0x3AA0
[1265] [M]: 0x80000FF2 (0x3AA0A223) sw a0, 932(ra)
mem[0x800054B8] <- 0xFFFF4AF9


mem[X,0x80000FF6] -> 0x35B7
mem[X,0x80000FF8] -> 0x3333
[1266] [M]: 0x80000FF6 (0x333335B7) lui a1, 209715
x11 <- 0x33333000


mem[X,0x80000FFA] -> 0x8593
mem[X,0x80000FFC] -> 0x3335
[1267] [M]: 0x80000FFA (0x33358593) addi a1, a1, 819
x11 <- 0x33333333


mem[X,0x80000FFE] -> 0x7555
[1268] [M]: 0x80000FFE (0x7555) c.lui a0, 53
x10 <- 0xFFFF5000


mem[X,0x80001000] -> 0x0513
mem[X,0x80001002] -> 0xAFC5
[1269] [M]: 0x80001000 (0xAFC50513) addi a0, a0, 2812
x10 <- 0xFFFF4AFC


mem[X,0x80001004] -> 0x8D2D
[1270] [M]: 0x80001004 (0x8D2D) c.xor a0, a1
x10 <- 0xCCCC79CF


mem[X,0x80001006] -> 0xA423
mem[X,0x80001008] -> 0x3AA0
[1271] [M]: 0x80001006 (0x3AA0A423) sw a0, 936(ra)
mem[0x800054BC] <- 0xCCCC79CF


mem[X,0x8000100A] -> 0x65B7
mem[X,0x8000100C] -> 0x6666
[1272] [M]: 0x8000100A (0x666665B7) lui a1, 419430
x11 <- 0x66666000


mem[X,0x8000100E] -> 0x8593
mem[X,0x80001010] -> 0x6665
[1273] [M]: 0x8000100E (0x66658593) addi a1, a1, 1638
x11 <- 0x66666666


mem[X,0x80001012] -> 0x7555
[1274] [M]: 0x80001012 (0x7555) c.lui a0, 53
x10 <- 0xFFFF5000


mem[X,0x80001014] -> 0x0513
mem[X,0x80001016] -> 0xAFC5
[1275] [M]: 0x80001014 (0xAFC50513) addi a0, a0, 2812
x10 <- 0xFFFF4AFC


mem[X,0x80001018] -> 0x8D2D
[1276] [M]: 0x80001018 (0x8D2D) c.xor a0, a1
x10 <- 0x99992C9A


mem[X,0x8000101A] -> 0xA623
mem[X,0x8000101C] -> 0x3AA0
[1277] [M]: 0x8000101A (0x3AA0A623) sw a0, 940(ra)
mem[0x800054C0] <- 0x99992C9A


mem[X,0x8000101E] -> 0x75D5
[1278] [M]: 0x8000101E (0x75D5) c.lui a1, 53
x11 <- 0xFFFF5000


mem[X,0x80001020] -> 0x8593
mem[X,0x80001022] -> 0xAFC5
[1279] [M]: 0x80001020 (0xAFC58593) addi a1, a1, 2812
x11 <- 0xFFFF4AFC


mem[X,0x80001024] -> 0x7555
[1280] [M]: 0x80001024 (0x7555) c.lui a0, 53
x10 <- 0xFFFF5000


mem[X,0x80001026] -> 0x0513
mem[X,0x80001028] -> 0xAFC5
[1281] [M]: 0x80001026 (0xAFC50513) addi a0, a0, 2812
x10 <- 0xFFFF4AFC


mem[X,0x8000102A] -> 0x8D2D
[1282] [M]: 0x8000102A (0x8D2D) c.xor a0, a1
x10 <- 0x00000000


mem[X,0x8000102C] -> 0xA823
mem[X,0x8000102E] -> 0x3AA0
[1283] [M]: 0x8000102C (0x3AA0A823) sw a0, 944(ra)
mem[0x800054C4] <- 0x00000000


mem[X,0x80001030] -> 0x65AD
[1284] [M]: 0x80001030 (0x65AD) c.lui a1, 11
x11 <- 0x0000B000


mem[X,0x80001032] -> 0x8593
mem[X,0x80001034] -> 0x5045
[1285] [M]: 0x80001032 (0x50458593) addi a1, a1, 1284
x11 <- 0x0000B504


mem[X,0x80001036] -> 0x7555
[1286] [M]: 0x80001036 (0x7555) c.lui a0, 53
x10 <- 0xFFFF5000


mem[X,0x80001038] -> 0x0513
mem[X,0x8000103A] -> 0xAFC5
[1287] [M]: 0x80001038 (0xAFC50513) addi a0, a0, 2812
x10 <- 0xFFFF4AFC


mem[X,0x8000103C] -> 0x8D2D
[1288] [M]: 0x8000103C (0x8D2D) c.xor a0, a1
x10 <- 0xFFFFFFF8


mem[X,0x8000103E] -> 0xAA23
mem[X,0x80001040] -> 0x3AA0
[1289] [M]: 0x8000103E (0x3AA0AA23) sw a0, 948(ra)
mem[0x800054C8] <- 0xFFFFFFF8


mem[X,0x80001042] -> 0x4589
[1290] [M]: 0x80001042 (0x4589) c.li a1, 2
x11 <- 0x00000002


mem[X,0x80001044] -> 0x7555
[1291] [M]: 0x80001044 (0x7555) c.lui a0, 53
x10 <- 0xFFFF5000


mem[X,0x80001046] -> 0x0513
mem[X,0x80001048] -> 0xAFC5
[1292] [M]: 0x80001046 (0xAFC50513) addi a0, a0, 2812
x10 <- 0xFFFF4AFC


mem[X,0x8000104A] -> 0x8D2D
[1293] [M]: 0x8000104A (0x8D2D) c.xor a0, a1
x10 <- 0xFFFF4AFE


mem[X,0x8000104C] -> 0xAC23
mem[X,0x8000104E] -> 0x3AA0
[1294] [M]: 0x8000104C (0x3AA0AC23) sw a0, 952(ra)
mem[0x800054CC] <- 0xFFFF4AFE


mem[X,0x80001050] -> 0x55B7
mem[X,0x80001052] -> 0x5555
[1295] [M]: 0x80001050 (0x555555B7) lui a1, 349525
x11 <- 0x55555000


mem[X,0x80001054] -> 0x8593
mem[X,0x80001056] -> 0x5545
[1296] [M]: 0x80001054 (0x55458593) addi a1, a1, 1364
x11 <- 0x55555554


mem[X,0x80001058] -> 0x7555
[1297] [M]: 0x80001058 (0x7555) c.lui a0, 53
x10 <- 0xFFFF5000


mem[X,0x8000105A] -> 0x0513
mem[X,0x8000105C] -> 0xAFC5
[1298] [M]: 0x8000105A (0xAFC50513) addi a0, a0, 2812
x10 <- 0xFFFF4AFC


mem[X,0x8000105E] -> 0x8D2D
[1299] [M]: 0x8000105E (0x8D2D) c.xor a0, a1
x10 <- 0xAAAA1FA8


clint::tick mtime <- 0x000000000000000D
 clint timer pending at mtime 0x000000000000000D
htif::tick 0x0000000000000000
mem[X,0x80001060] -> 0xAE23
mem[X,0x80001062] -> 0x3AA0
[1300] [M]: 0x80001060 (0x3AA0AE23) sw a0, 956(ra)
mem[0x800054D0] <- 0xAAAA1FA8


mem[X,0x80001064] -> 0x4581
[1301] [M]: 0x80001064 (0x4581) c.li a1, 0
x11 <- 0x00000000


mem[X,0x80001066] -> 0x7555
[1302] [M]: 0x80001066 (0x7555) c.lui a0, 53
x10 <- 0xFFFF5000


mem[X,0x80001068] -> 0x0513
mem[X,0x8000106A] -> 0xAFC5
[1303] [M]: 0x80001068 (0xAFC50513) addi a0, a0, 2812
x10 <- 0xFFFF4AFC


mem[X,0x8000106C] -> 0x8D2D
[1304] [M]: 0x8000106C (0x8D2D) c.xor a0, a1
x10 <- 0xFFFF4AFC


mem[X,0x8000106E] -> 0xA023
mem[X,0x80001070] -> 0x3CA0
[1305] [M]: 0x8000106E (0x3CA0A023) sw a0, 960(ra)
mem[0x800054D4] <- 0xFFFF4AFC


mem[X,0x80001072] -> 0x4591
[1306] [M]: 0x80001072 (0x4591) c.li a1, 4
x11 <- 0x00000004


mem[X,0x80001074] -> 0x7555
[1307] [M]: 0x80001074 (0x7555) c.lui a0, 53
x10 <- 0xFFFF5000


mem[X,0x80001076] -> 0x0513
mem[X,0x80001078] -> 0xAFC5
[1308] [M]: 0x80001076 (0xAFC50513) addi a0, a0, 2812
x10 <- 0xFFFF4AFC


mem[X,0x8000107A] -> 0x8D2D
[1309] [M]: 0x8000107A (0x8D2D) c.xor a0, a1
x10 <- 0xFFFF4AF8


mem[X,0x8000107C] -> 0xA223
mem[X,0x8000107E] -> 0x3CA0
[1310] [M]: 0x8000107C (0x3CA0A223) sw a0, 964(ra)
mem[0x800054D8] <- 0xFFFF4AF8


mem[X,0x80001080] -> 0x35B7
mem[X,0x80001082] -> 0x3333
[1311] [M]: 0x80001080 (0x333335B7) lui a1, 209715
x11 <- 0x33333000


mem[X,0x80001084] -> 0x8593
mem[X,0x80001086] -> 0x3325
[1312] [M]: 0x80001084 (0x33258593) addi a1, a1, 818
x11 <- 0x33333332


mem[X,0x80001088] -> 0x7555
[1313] [M]: 0x80001088 (0x7555) c.lui a0, 53
x10 <- 0xFFFF5000


mem[X,0x8000108A] -> 0x0513
mem[X,0x8000108C] -> 0xAFC5
[1314] [M]: 0x8000108A (0xAFC50513) addi a0, a0, 2812
x10 <- 0xFFFF4AFC


mem[X,0x8000108E] -> 0x8D2D
[1315] [M]: 0x8000108E (0x8D2D) c.xor a0, a1
x10 <- 0xCCCC79CE


mem[X,0x80001090] -> 0xA423
mem[X,0x80001092] -> 0x3CA0
[1316] [M]: 0x80001090 (0x3CA0A423) sw a0, 968(ra)
mem[0x800054DC] <- 0xCCCC79CE


mem[X,0x80001094] -> 0x65B7
mem[X,0x80001096] -> 0x6666
[1317] [M]: 0x80001094 (0x666665B7) lui a1, 419430
x11 <- 0x66666000


mem[X,0x80001098] -> 0x8593
mem[X,0x8000109A] -> 0x6655
[1318] [M]: 0x80001098 (0x66558593) addi a1, a1, 1637
x11 <- 0x66666665


mem[X,0x8000109C] -> 0x7555
[1319] [M]: 0x8000109C (0x7555) c.lui a0, 53
x10 <- 0xFFFF5000


mem[X,0x8000109E] -> 0x0513
mem[X,0x800010A0] -> 0xAFC5
[1320] [M]: 0x8000109E (0xAFC50513) addi a0, a0, 2812
x10 <- 0xFFFF4AFC


mem[X,0x800010A2] -> 0x8D2D
[1321] [M]: 0x800010A2 (0x8D2D) c.xor a0, a1
x10 <- 0x99992C99


mem[X,0x800010A4] -> 0xA623
mem[X,0x800010A6] -> 0x3CA0
[1322] [M]: 0x800010A4 (0x3CA0A623) sw a0, 972(ra)
mem[0x800054E0] <- 0x99992C99


mem[X,0x800010A8] -> 0x65AD
[1323] [M]: 0x800010A8 (0x65AD) c.lui a1, 11
x11 <- 0x0000B000


mem[X,0x800010AA] -> 0x8593
mem[X,0x800010AC] -> 0x5035
[1324] [M]: 0x800010AA (0x50358593) addi a1, a1, 1283
x11 <- 0x0000B503


mem[X,0x800010AE] -> 0x7555
[1325] [M]: 0x800010AE (0x7555) c.lui a0, 53
x10 <- 0xFFFF5000


mem[X,0x800010B0] -> 0x0513
mem[X,0x800010B2] -> 0xAFC5
[1326] [M]: 0x800010B0 (0xAFC50513) addi a0, a0, 2812
x10 <- 0xFFFF4AFC


mem[X,0x800010B4] -> 0x8D2D
[1327] [M]: 0x800010B4 (0x8D2D) c.xor a0, a1
x10 <- 0xFFFFFFFF


mem[X,0x800010B6] -> 0xA823
mem[X,0x800010B8] -> 0x3CA0
[1328] [M]: 0x800010B6 (0x3CA0A823) sw a0, 976(ra)
mem[0x800054E4] <- 0xFFFFFFFF


mem[X,0x800010BA] -> 0x55B7
mem[X,0x800010BC] -> 0x5555
[1329] [M]: 0x800010BA (0x555555B7) lui a1, 349525
x11 <- 0x55555000


mem[X,0x800010BE] -> 0x8593
mem[X,0x800010C0] -> 0x5565
[1330] [M]: 0x800010BE (0x55658593) addi a1, a1, 1366
x11 <- 0x55555556


mem[X,0x800010C2] -> 0x7555
[1331] [M]: 0x800010C2 (0x7555) c.lui a0, 53
x10 <- 0xFFFF5000


mem[X,0x800010C4] -> 0x0513
mem[X,0x800010C6] -> 0xAFC5
[1332] [M]: 0x800010C4 (0xAFC50513) addi a0, a0, 2812
x10 <- 0xFFFF4AFC


mem[X,0x800010C8] -> 0x8D2D
[1333] [M]: 0x800010C8 (0x8D2D) c.xor a0, a1
x10 <- 0xAAAA1FAA


mem[X,0x800010CA] -> 0xAA23
mem[X,0x800010CC] -> 0x3CA0
[1334] [M]: 0x800010CA (0x3CA0AA23) sw a0, 980(ra)
mem[0x800054E8] <- 0xAAAA1FAA


mem[X,0x800010CE] -> 0xB5B7
mem[X,0x800010D0] -> 0xAAAA
[1335] [M]: 0x800010CE (0xAAAAB5B7) lui a1, 699051
x11 <- 0xAAAAB000


mem[X,0x800010D2] -> 0x8593
mem[X,0x800010D4] -> 0xAAB5
[1336] [M]: 0x800010D2 (0xAAB58593) addi a1, a1, 2731
x11 <- 0xAAAAAAAB


mem[X,0x800010D6] -> 0x7555
[1337] [M]: 0x800010D6 (0x7555) c.lui a0, 53
x10 <- 0xFFFF5000


mem[X,0x800010D8] -> 0x0513
mem[X,0x800010DA] -> 0xAFC5
[1338] [M]: 0x800010D8 (0xAFC50513) addi a0, a0, 2812
x10 <- 0xFFFF4AFC


mem[X,0x800010DC] -> 0x8D2D
[1339] [M]: 0x800010DC (0x8D2D) c.xor a0, a1
x10 <- 0x5555E057


mem[X,0x800010DE] -> 0xAC23
mem[X,0x800010E0] -> 0x3CA0
[1340] [M]: 0x800010DE (0x3CA0AC23) sw a0, 984(ra)
mem[0x800054EC] <- 0x5555E057


mem[X,0x800010E2] -> 0x4599
[1341] [M]: 0x800010E2 (0x4599) c.li a1, 6
x11 <- 0x00000006


mem[X,0x800010E4] -> 0x7555
[1342] [M]: 0x800010E4 (0x7555) c.lui a0, 53
x10 <- 0xFFFF5000


mem[X,0x800010E6] -> 0x0513
mem[X,0x800010E8] -> 0xAFC5
[1343] [M]: 0x800010E6 (0xAFC50513) addi a0, a0, 2812
x10 <- 0xFFFF4AFC


mem[X,0x800010EA] -> 0x8D2D
[1344] [M]: 0x800010EA (0x8D2D) c.xor a0, a1
x10 <- 0xFFFF4AFA


mem[X,0x800010EC] -> 0xAE23
mem[X,0x800010EE] -> 0x3CA0
[1345] [M]: 0x800010EC (0x3CA0AE23) sw a0, 988(ra)
mem[0x800054F0] <- 0xFFFF4AFA


mem[X,0x800010F0] -> 0x35B7
mem[X,0x800010F2] -> 0x3333
[1346] [M]: 0x800010F0 (0x333335B7) lui a1, 209715
x11 <- 0x33333000


mem[X,0x800010F4] -> 0x8593
mem[X,0x800010F6] -> 0x3345
[1347] [M]: 0x800010F4 (0x33458593) addi a1, a1, 820
x11 <- 0x33333334


mem[X,0x800010F8] -> 0x7555
[1348] [M]: 0x800010F8 (0x7555) c.lui a0, 53
x10 <- 0xFFFF5000


mem[X,0x800010FA] -> 0x0513
mem[X,0x800010FC] -> 0xAFC5
[1349] [M]: 0x800010FA (0xAFC50513) addi a0, a0, 2812
x10 <- 0xFFFF4AFC


mem[X,0x800010FE] -> 0x8D2D
[1350] [M]: 0x800010FE (0x8D2D) c.xor a0, a1
x10 <- 0xCCCC79C8


mem[X,0x80001100] -> 0xA023
mem[X,0x80001102] -> 0x3EA0
[1351] [M]: 0x80001100 (0x3EA0A023) sw a0, 992(ra)
mem[0x800054F4] <- 0xCCCC79C8


mem[X,0x80001104] -> 0x65B7
mem[X,0x80001106] -> 0x6666
[1352] [M]: 0x80001104 (0x666665B7) lui a1, 419430
x11 <- 0x66666000


mem[X,0x80001108] -> 0x8593
mem[X,0x8000110A] -> 0x6675
[1353] [M]: 0x80001108 (0x66758593) addi a1, a1, 1639
x11 <- 0x66666667


mem[X,0x8000110C] -> 0x7555
[1354] [M]: 0x8000110C (0x7555) c.lui a0, 53
x10 <- 0xFFFF5000


mem[X,0x8000110E] -> 0x0513
mem[X,0x80001110] -> 0xAFC5
[1355] [M]: 0x8000110E (0xAFC50513) addi a0, a0, 2812
x10 <- 0xFFFF4AFC


mem[X,0x80001112] -> 0x8D2D
[1356] [M]: 0x80001112 (0x8D2D) c.xor a0, a1
x10 <- 0x99992C9B


mem[X,0x80001114] -> 0xA223
mem[X,0x80001116] -> 0x3EA0
[1357] [M]: 0x80001114 (0x3EA0A223) sw a0, 996(ra)
mem[0x800054F8] <- 0x99992C9B


mem[X,0x80001118] -> 0x75D5
[1358] [M]: 0x80001118 (0x75D5) c.lui a1, 53
x11 <- 0xFFFF5000


mem[X,0x8000111A] -> 0x8593
mem[X,0x8000111C] -> 0xAFD5
[1359] [M]: 0x8000111A (0xAFD58593) addi a1, a1, 2813
x11 <- 0xFFFF4AFD


mem[X,0x8000111E] -> 0x7555
[1360] [M]: 0x8000111E (0x7555) c.lui a0, 53
x10 <- 0xFFFF5000


mem[X,0x80001120] -> 0x0513
mem[X,0x80001122] -> 0xAFC5
[1361] [M]: 0x80001120 (0xAFC50513) addi a0, a0, 2812
x10 <- 0xFFFF4AFC


mem[X,0x80001124] -> 0x8D2D
[1362] [M]: 0x80001124 (0x8D2D) c.xor a0, a1
x10 <- 0x00000001


mem[X,0x80001126] -> 0xA423
mem[X,0x80001128] -> 0x3EA0
[1363] [M]: 0x80001126 (0x3EA0A423) sw a0, 1000(ra)
mem[0x800054FC] <- 0x00000001


mem[X,0x8000112A] -> 0x65AD
[1364] [M]: 0x8000112A (0x65AD) c.lui a1, 11
x11 <- 0x0000B000


mem[X,0x8000112C] -> 0x8593
mem[X,0x8000112E] -> 0x5055
[1365] [M]: 0x8000112C (0x50558593) addi a1, a1, 1285
x11 <- 0x0000B505


mem[X,0x80001130] -> 0x7555
[1366] [M]: 0x80001130 (0x7555) c.lui a0, 53
x10 <- 0xFFFF5000


mem[X,0x80001132] -> 0x0513
mem[X,0x80001134] -> 0xAFC5
[1367] [M]: 0x80001132 (0xAFC50513) addi a0, a0, 2812
x10 <- 0xFFFF4AFC


mem[X,0x80001136] -> 0x8D2D
[1368] [M]: 0x80001136 (0x8D2D) c.xor a0, a1
x10 <- 0xFFFFFFF9


mem[X,0x80001138] -> 0xA623
mem[X,0x8000113A] -> 0x3EA0
[1369] [M]: 0x80001138 (0x3EA0A623) sw a0, 1004(ra)
mem[0x80005500] <- 0xFFFFFFF9


mem[X,0x8000113C] -> 0x458D
[1370] [M]: 0x8000113C (0x458D) c.li a1, 3
x11 <- 0x00000003


mem[X,0x8000113E] -> 0x652D
[1371] [M]: 0x8000113E (0x652D) c.lui a0, 11
x10 <- 0x0000B000


mem[X,0x80001140] -> 0x0513
mem[X,0x80001142] -> 0x5045
[1372] [M]: 0x80001140 (0x50450513) addi a0, a0, 1284
x10 <- 0x0000B504


mem[X,0x80001144] -> 0x8D2D
[1373] [M]: 0x80001144 (0x8D2D) c.xor a0, a1
x10 <- 0x0000B507


mem[X,0x80001146] -> 0xA823
mem[X,0x80001148] -> 0x3EA0
[1374] [M]: 0x80001146 (0x3EA0A823) sw a0, 1008(ra)
mem[0x80005504] <- 0x0000B507


mem[X,0x8000114A] -> 0x55B7
mem[X,0x8000114C] -> 0x5555
[1375] [M]: 0x8000114A (0x555555B7) lui a1, 349525
x11 <- 0x55555000


mem[X,0x8000114E] -> 0x8593
mem[X,0x80001150] -> 0x5555
[1376] [M]: 0x8000114E (0x55558593) addi a1, a1, 1365
x11 <- 0x55555555


mem[X,0x80001152] -> 0x652D
[1377] [M]: 0x80001152 (0x652D) c.lui a0, 11
x10 <- 0x0000B000


mem[X,0x80001154] -> 0x0513
mem[X,0x80001156] -> 0x5045
[1378] [M]: 0x80001154 (0x50450513) addi a0, a0, 1284
x10 <- 0x0000B504


mem[X,0x80001158] -> 0x8D2D
[1379] [M]: 0x80001158 (0x8D2D) c.xor a0, a1
x10 <- 0x5555E051


mem[X,0x8000115A] -> 0xAA23
mem[X,0x8000115C] -> 0x3EA0
[1380] [M]: 0x8000115A (0x3EA0AA23) sw a0, 1012(ra)
mem[0x80005508] <- 0x5555E051


mem[X,0x8000115E] -> 0xB5B7
mem[X,0x80001160] -> 0xAAAA
[1381] [M]: 0x8000115E (0xAAAAB5B7) lui a1, 699051
x11 <- 0xAAAAB000


mem[X,0x80001162] -> 0x8593
mem[X,0x80001164] -> 0xAAA5
[1382] [M]: 0x80001162 (0xAAA58593) addi a1, a1, 2730
x11 <- 0xAAAAAAAA


mem[X,0x80001166] -> 0x652D
[1383] [M]: 0x80001166 (0x652D) c.lui a0, 11
x10 <- 0x0000B000


mem[X,0x80001168] -> 0x0513
mem[X,0x8000116A] -> 0x5045
[1384] [M]: 0x80001168 (0x50450513) addi a0, a0, 1284
x10 <- 0x0000B504


mem[X,0x8000116C] -> 0x8D2D
[1385] [M]: 0x8000116C (0x8D2D) c.xor a0, a1
x10 <- 0xAAAA1FAE


mem[X,0x8000116E] -> 0xAC23
mem[X,0x80001170] -> 0x3EA0
[1386] [M]: 0x8000116E (0x3EA0AC23) sw a0, 1016(ra)
mem[0x8000550C] <- 0xAAAA1FAE


mem[X,0x80001172] -> 0x4595
[1387] [M]: 0x80001172 (0x4595) c.li a1, 5
x11 <- 0x00000005


mem[X,0x80001174] -> 0x652D
[1388] [M]: 0x80001174 (0x652D) c.lui a0, 11
x10 <- 0x0000B000


mem[X,0x80001176] -> 0x0513
mem[X,0x80001178] -> 0x5045
[1389] [M]: 0x80001176 (0x50450513) addi a0, a0, 1284
x10 <- 0x0000B504


mem[X,0x8000117A] -> 0x8D2D
[1390] [M]: 0x8000117A (0x8D2D) c.xor a0, a1
x10 <- 0x0000B501


mem[X,0x8000117C] -> 0xAE23
mem[X,0x8000117E] -> 0x3EA0
[1391] [M]: 0x8000117C (0x3EA0AE23) sw a0, 1020(ra)
mem[0x80005510] <- 0x0000B501


mem[X,0x80001180] -> 0x35B7
mem[X,0x80001182] -> 0x3333
[1392] [M]: 0x80001180 (0x333335B7) lui a1, 209715
x11 <- 0x33333000


mem[X,0x80001184] -> 0x8593
mem[X,0x80001186] -> 0x3335
[1393] [M]: 0x80001184 (0x33358593) addi a1, a1, 819
x11 <- 0x33333333


mem[X,0x80001188] -> 0x652D
[1394] [M]: 0x80001188 (0x652D) c.lui a0, 11
x10 <- 0x0000B000


mem[X,0x8000118A] -> 0x0513
mem[X,0x8000118C] -> 0x5045
[1395] [M]: 0x8000118A (0x50450513) addi a0, a0, 1284
x10 <- 0x0000B504


mem[X,0x8000118E] -> 0x8D2D
[1396] [M]: 0x8000118E (0x8D2D) c.xor a0, a1
x10 <- 0x33338637


mem[X,0x80001190] -> 0xA023
mem[X,0x80001192] -> 0x40A0
[1397] [M]: 0x80001190 (0x40A0A023) sw a0, 1024(ra)
mem[0x80005514] <- 0x33338637


mem[X,0x80001194] -> 0x65B7
mem[X,0x80001196] -> 0x6666
[1398] [M]: 0x80001194 (0x666665B7) lui a1, 419430
x11 <- 0x66666000


mem[X,0x80001198] -> 0x8593
mem[X,0x8000119A] -> 0x6665
[1399] [M]: 0x80001198 (0x66658593) addi a1, a1, 1638
x11 <- 0x66666666


clint::tick mtime <- 0x000000000000000E
 clint timer pending at mtime 0x000000000000000E
htif::tick 0x0000000000000000
mem[X,0x8000119C] -> 0x652D
[1400] [M]: 0x8000119C (0x652D) c.lui a0, 11
x10 <- 0x0000B000


mem[X,0x8000119E] -> 0x0513
mem[X,0x800011A0] -> 0x5045
[1401] [M]: 0x8000119E (0x50450513) addi a0, a0, 1284
x10 <- 0x0000B504


mem[X,0x800011A2] -> 0x8D2D
[1402] [M]: 0x800011A2 (0x8D2D) c.xor a0, a1
x10 <- 0x6666D362


mem[X,0x800011A4] -> 0xA223
mem[X,0x800011A6] -> 0x40A0
[1403] [M]: 0x800011A4 (0x40A0A223) sw a0, 1028(ra)
mem[0x80005518] <- 0x6666D362


mem[X,0x800011A8] -> 0x75D5
[1404] [M]: 0x800011A8 (0x75D5) c.lui a1, 53
x11 <- 0xFFFF5000


mem[X,0x800011AA] -> 0x8593
mem[X,0x800011AC] -> 0xAFC5
[1405] [M]: 0x800011AA (0xAFC58593) addi a1, a1, 2812
x11 <- 0xFFFF4AFC


mem[X,0x800011AE] -> 0x652D
[1406] [M]: 0x800011AE (0x652D) c.lui a0, 11
x10 <- 0x0000B000


mem[X,0x800011B0] -> 0x0513
mem[X,0x800011B2] -> 0x5045
[1407] [M]: 0x800011B0 (0x50450513) addi a0, a0, 1284
x10 <- 0x0000B504


mem[X,0x800011B4] -> 0x8D2D
[1408] [M]: 0x800011B4 (0x8D2D) c.xor a0, a1
x10 <- 0xFFFFFFF8


mem[X,0x800011B6] -> 0xA423
mem[X,0x800011B8] -> 0x40A0
[1409] [M]: 0x800011B6 (0x40A0A423) sw a0, 1032(ra)
mem[0x8000551C] <- 0xFFFFFFF8


mem[X,0x800011BA] -> 0x65AD
[1410] [M]: 0x800011BA (0x65AD) c.lui a1, 11
x11 <- 0x0000B000


mem[X,0x800011BC] -> 0x8593
mem[X,0x800011BE] -> 0x5045
[1411] [M]: 0x800011BC (0x50458593) addi a1, a1, 1284
x11 <- 0x0000B504


mem[X,0x800011C0] -> 0x652D
[1412] [M]: 0x800011C0 (0x652D) c.lui a0, 11
x10 <- 0x0000B000


mem[X,0x800011C2] -> 0x0513
mem[X,0x800011C4] -> 0x5045
[1413] [M]: 0x800011C2 (0x50450513) addi a0, a0, 1284
x10 <- 0x0000B504


mem[X,0x800011C6] -> 0x8D2D
[1414] [M]: 0x800011C6 (0x8D2D) c.xor a0, a1
x10 <- 0x00000000


mem[X,0x800011C8] -> 0xA623
mem[X,0x800011CA] -> 0x40A0
[1415] [M]: 0x800011C8 (0x40A0A623) sw a0, 1036(ra)
mem[0x80005520] <- 0x00000000


mem[X,0x800011CC] -> 0x4589
[1416] [M]: 0x800011CC (0x4589) c.li a1, 2
x11 <- 0x00000002


mem[X,0x800011CE] -> 0x652D
[1417] [M]: 0x800011CE (0x652D) c.lui a0, 11
x10 <- 0x0000B000


mem[X,0x800011D0] -> 0x0513
mem[X,0x800011D2] -> 0x5045
[1418] [M]: 0x800011D0 (0x50450513) addi a0, a0, 1284
x10 <- 0x0000B504


mem[X,0x800011D4] -> 0x8D2D
[1419] [M]: 0x800011D4 (0x8D2D) c.xor a0, a1
x10 <- 0x0000B506


mem[X,0x800011D6] -> 0xA823
mem[X,0x800011D8] -> 0x40A0
[1420] [M]: 0x800011D6 (0x40A0A823) sw a0, 1040(ra)
mem[0x80005524] <- 0x0000B506


mem[X,0x800011DA] -> 0x55B7
mem[X,0x800011DC] -> 0x5555
[1421] [M]: 0x800011DA (0x555555B7) lui a1, 349525
x11 <- 0x55555000


mem[X,0x800011DE] -> 0x8593
mem[X,0x800011E0] -> 0x5545
[1422] [M]: 0x800011DE (0x55458593) addi a1, a1, 1364
x11 <- 0x55555554


mem[X,0x800011E2] -> 0x652D
[1423] [M]: 0x800011E2 (0x652D) c.lui a0, 11
x10 <- 0x0000B000


mem[X,0x800011E4] -> 0x0513
mem[X,0x800011E6] -> 0x5045
[1424] [M]: 0x800011E4 (0x50450513) addi a0, a0, 1284
x10 <- 0x0000B504


mem[X,0x800011E8] -> 0x8D2D
[1425] [M]: 0x800011E8 (0x8D2D) c.xor a0, a1
x10 <- 0x5555E050


mem[X,0x800011EA] -> 0xAA23
mem[X,0x800011EC] -> 0x40A0
[1426] [M]: 0x800011EA (0x40A0AA23) sw a0, 1044(ra)
mem[0x80005528] <- 0x5555E050


mem[X,0x800011EE] -> 0x4581
[1427] [M]: 0x800011EE (0x4581) c.li a1, 0
x11 <- 0x00000000


mem[X,0x800011F0] -> 0x652D
[1428] [M]: 0x800011F0 (0x652D) c.lui a0, 11
x10 <- 0x0000B000


mem[X,0x800011F2] -> 0x0513
mem[X,0x800011F4] -> 0x5045
[1429] [M]: 0x800011F2 (0x50450513) addi a0, a0, 1284
x10 <- 0x0000B504


mem[X,0x800011F6] -> 0x8D2D
[1430] [M]: 0x800011F6 (0x8D2D) c.xor a0, a1
x10 <- 0x0000B504


mem[X,0x800011F8] -> 0xAC23
mem[X,0x800011FA] -> 0x40A0
[1431] [M]: 0x800011F8 (0x40A0AC23) sw a0, 1048(ra)
mem[0x8000552C] <- 0x0000B504


mem[X,0x800011FC] -> 0x4591
[1432] [M]: 0x800011FC (0x4591) c.li a1, 4
x11 <- 0x00000004


mem[X,0x800011FE] -> 0x652D
[1433] [M]: 0x800011FE (0x652D) c.lui a0, 11
x10 <- 0x0000B000


mem[X,0x80001200] -> 0x0513
mem[X,0x80001202] -> 0x5045
[1434] [M]: 0x80001200 (0x50450513) addi a0, a0, 1284
x10 <- 0x0000B504


mem[X,0x80001204] -> 0x8D2D
[1435] [M]: 0x80001204 (0x8D2D) c.xor a0, a1
x10 <- 0x0000B500


mem[X,0x80001206] -> 0xAE23
mem[X,0x80001208] -> 0x40A0
[1436] [M]: 0x80001206 (0x40A0AE23) sw a0, 1052(ra)
mem[0x80005530] <- 0x0000B500


mem[X,0x8000120A] -> 0x35B7
mem[X,0x8000120C] -> 0x3333
[1437] [M]: 0x8000120A (0x333335B7) lui a1, 209715
x11 <- 0x33333000


mem[X,0x8000120E] -> 0x8593
mem[X,0x80001210] -> 0x3325
[1438] [M]: 0x8000120E (0x33258593) addi a1, a1, 818
x11 <- 0x33333332


mem[X,0x80001212] -> 0x652D
[1439] [M]: 0x80001212 (0x652D) c.lui a0, 11
x10 <- 0x0000B000


mem[X,0x80001214] -> 0x0513
mem[X,0x80001216] -> 0x5045
[1440] [M]: 0x80001214 (0x50450513) addi a0, a0, 1284
x10 <- 0x0000B504


mem[X,0x80001218] -> 0x8D2D
[1441] [M]: 0x80001218 (0x8D2D) c.xor a0, a1
x10 <- 0x33338636


mem[X,0x8000121A] -> 0xA023
mem[X,0x8000121C] -> 0x42A0
[1442] [M]: 0x8000121A (0x42A0A023) sw a0, 1056(ra)
mem[0x80005534] <- 0x33338636


mem[X,0x8000121E] -> 0x65B7
mem[X,0x80001220] -> 0x6666
[1443] [M]: 0x8000121E (0x666665B7) lui a1, 419430
x11 <- 0x66666000


mem[X,0x80001222] -> 0x8593
mem[X,0x80001224] -> 0x6655
[1444] [M]: 0x80001222 (0x66558593) addi a1, a1, 1637
x11 <- 0x66666665


mem[X,0x80001226] -> 0x652D
[1445] [M]: 0x80001226 (0x652D) c.lui a0, 11
x10 <- 0x0000B000


mem[X,0x80001228] -> 0x0513
mem[X,0x8000122A] -> 0x5045
[1446] [M]: 0x80001228 (0x50450513) addi a0, a0, 1284
x10 <- 0x0000B504


mem[X,0x8000122C] -> 0x8D2D
[1447] [M]: 0x8000122C (0x8D2D) c.xor a0, a1
x10 <- 0x6666D361


mem[X,0x8000122E] -> 0xA223
mem[X,0x80001230] -> 0x42A0
[1448] [M]: 0x8000122E (0x42A0A223) sw a0, 1060(ra)
mem[0x80005538] <- 0x6666D361


mem[X,0x80001232] -> 0x65AD
[1449] [M]: 0x80001232 (0x65AD) c.lui a1, 11
x11 <- 0x0000B000


mem[X,0x80001234] -> 0x8593
mem[X,0x80001236] -> 0x5035
[1450] [M]: 0x80001234 (0x50358593) addi a1, a1, 1283
x11 <- 0x0000B503


mem[X,0x80001238] -> 0x652D
[1451] [M]: 0x80001238 (0x652D) c.lui a0, 11
x10 <- 0x0000B000


mem[X,0x8000123A] -> 0x0513
mem[X,0x8000123C] -> 0x5045
[1452] [M]: 0x8000123A (0x50450513) addi a0, a0, 1284
x10 <- 0x0000B504


mem[X,0x8000123E] -> 0x8D2D
[1453] [M]: 0x8000123E (0x8D2D) c.xor a0, a1
x10 <- 0x00000007


mem[X,0x80001240] -> 0xA423
mem[X,0x80001242] -> 0x42A0
[1454] [M]: 0x80001240 (0x42A0A423) sw a0, 1064(ra)
mem[0x8000553C] <- 0x00000007


mem[X,0x80001244] -> 0x55B7
mem[X,0x80001246] -> 0x5555
[1455] [M]: 0x80001244 (0x555555B7) lui a1, 349525
x11 <- 0x55555000


mem[X,0x80001248] -> 0x8593
mem[X,0x8000124A] -> 0x5565
[1456] [M]: 0x80001248 (0x55658593) addi a1, a1, 1366
x11 <- 0x55555556


mem[X,0x8000124C] -> 0x652D
[1457] [M]: 0x8000124C (0x652D) c.lui a0, 11
x10 <- 0x0000B000


mem[X,0x8000124E] -> 0x0513
mem[X,0x80001250] -> 0x5045
[1458] [M]: 0x8000124E (0x50450513) addi a0, a0, 1284
x10 <- 0x0000B504


mem[X,0x80001252] -> 0x8D2D
[1459] [M]: 0x80001252 (0x8D2D) c.xor a0, a1
x10 <- 0x5555E052


mem[X,0x80001254] -> 0xA623
mem[X,0x80001256] -> 0x42A0
[1460] [M]: 0x80001254 (0x42A0A623) sw a0, 1068(ra)
mem[0x80005540] <- 0x5555E052


mem[X,0x80001258] -> 0xB5B7
mem[X,0x8000125A] -> 0xAAAA
[1461] [M]: 0x80001258 (0xAAAAB5B7) lui a1, 699051
x11 <- 0xAAAAB000


mem[X,0x8000125C] -> 0x8593
mem[X,0x8000125E] -> 0xAAB5
[1462] [M]: 0x8000125C (0xAAB58593) addi a1, a1, 2731
x11 <- 0xAAAAAAAB


mem[X,0x80001260] -> 0x652D
[1463] [M]: 0x80001260 (0x652D) c.lui a0, 11
x10 <- 0x0000B000


mem[X,0x80001262] -> 0x0513
mem[X,0x80001264] -> 0x5045
[1464] [M]: 0x80001262 (0x50450513) addi a0, a0, 1284
x10 <- 0x0000B504


mem[X,0x80001266] -> 0x8D2D
[1465] [M]: 0x80001266 (0x8D2D) c.xor a0, a1
x10 <- 0xAAAA1FAF


mem[X,0x80001268] -> 0xA823
mem[X,0x8000126A] -> 0x42A0
[1466] [M]: 0x80001268 (0x42A0A823) sw a0, 1072(ra)
mem[0x80005544] <- 0xAAAA1FAF


mem[X,0x8000126C] -> 0x4599
[1467] [M]: 0x8000126C (0x4599) c.li a1, 6
x11 <- 0x00000006


mem[X,0x8000126E] -> 0x652D
[1468] [M]: 0x8000126E (0x652D) c.lui a0, 11
x10 <- 0x0000B000


mem[X,0x80001270] -> 0x0513
mem[X,0x80001272] -> 0x5045
[1469] [M]: 0x80001270 (0x50450513) addi a0, a0, 1284
x10 <- 0x0000B504


mem[X,0x80001274] -> 0x8D2D
[1470] [M]: 0x80001274 (0x8D2D) c.xor a0, a1
x10 <- 0x0000B502


mem[X,0x80001276] -> 0xAA23
mem[X,0x80001278] -> 0x42A0
[1471] [M]: 0x80001276 (0x42A0AA23) sw a0, 1076(ra)
mem[0x80005548] <- 0x0000B502


mem[X,0x8000127A] -> 0x35B7
mem[X,0x8000127C] -> 0x3333
[1472] [M]: 0x8000127A (0x333335B7) lui a1, 209715
x11 <- 0x33333000


mem[X,0x8000127E] -> 0x8593
mem[X,0x80001280] -> 0x3345
[1473] [M]: 0x8000127E (0x33458593) addi a1, a1, 820
x11 <- 0x33333334


mem[X,0x80001282] -> 0x652D
[1474] [M]: 0x80001282 (0x652D) c.lui a0, 11
x10 <- 0x0000B000


mem[X,0x80001284] -> 0x0513
mem[X,0x80001286] -> 0x5045
[1475] [M]: 0x80001284 (0x50450513) addi a0, a0, 1284
x10 <- 0x0000B504


mem[X,0x80001288] -> 0x8D2D
[1476] [M]: 0x80001288 (0x8D2D) c.xor a0, a1
x10 <- 0x33338630


mem[X,0x8000128A] -> 0xAC23
mem[X,0x8000128C] -> 0x42A0
[1477] [M]: 0x8000128A (0x42A0AC23) sw a0, 1080(ra)
mem[0x8000554C] <- 0x33338630


mem[X,0x8000128E] -> 0x65B7
mem[X,0x80001290] -> 0x6666
[1478] [M]: 0x8000128E (0x666665B7) lui a1, 419430
x11 <- 0x66666000


mem[X,0x80001292] -> 0x8593
mem[X,0x80001294] -> 0x6675
[1479] [M]: 0x80001292 (0x66758593) addi a1, a1, 1639
x11 <- 0x66666667


mem[X,0x80001296] -> 0x652D
[1480] [M]: 0x80001296 (0x652D) c.lui a0, 11
x10 <- 0x0000B000


mem[X,0x80001298] -> 0x0513
mem[X,0x8000129A] -> 0x5045
[1481] [M]: 0x80001298 (0x50450513) addi a0, a0, 1284
x10 <- 0x0000B504


mem[X,0x8000129C] -> 0x8D2D
[1482] [M]: 0x8000129C (0x8D2D) c.xor a0, a1
x10 <- 0x6666D363


mem[X,0x8000129E] -> 0xAE23
mem[X,0x800012A0] -> 0x42A0
[1483] [M]: 0x8000129E (0x42A0AE23) sw a0, 1084(ra)
mem[0x80005550] <- 0x6666D363


mem[X,0x800012A2] -> 0x75D5
[1484] [M]: 0x800012A2 (0x75D5) c.lui a1, 53
x11 <- 0xFFFF5000


mem[X,0x800012A4] -> 0x8593
mem[X,0x800012A6] -> 0xAFD5
[1485] [M]: 0x800012A4 (0xAFD58593) addi a1, a1, 2813
x11 <- 0xFFFF4AFD


mem[X,0x800012A8] -> 0x652D
[1486] [M]: 0x800012A8 (0x652D) c.lui a0, 11
x10 <- 0x0000B000


mem[X,0x800012AA] -> 0x0513
mem[X,0x800012AC] -> 0x5045
[1487] [M]: 0x800012AA (0x50450513) addi a0, a0, 1284
x10 <- 0x0000B504


mem[X,0x800012AE] -> 0x8D2D
[1488] [M]: 0x800012AE (0x8D2D) c.xor a0, a1
x10 <- 0xFFFFFFF9


mem[X,0x800012B0] -> 0xA023
mem[X,0x800012B2] -> 0x44A0
[1489] [M]: 0x800012B0 (0x44A0A023) sw a0, 1088(ra)
mem[0x80005554] <- 0xFFFFFFF9


mem[X,0x800012B4] -> 0x65AD
[1490] [M]: 0x800012B4 (0x65AD) c.lui a1, 11
x11 <- 0x0000B000


mem[X,0x800012B6] -> 0x8593
mem[X,0x800012B8] -> 0x5055
[1491] [M]: 0x800012B6 (0x50558593) addi a1, a1, 1285
x11 <- 0x0000B505


mem[X,0x800012BA] -> 0x652D
[1492] [M]: 0x800012BA (0x652D) c.lui a0, 11
x10 <- 0x0000B000


mem[X,0x800012BC] -> 0x0513
mem[X,0x800012BE] -> 0x5045
[1493] [M]: 0x800012BC (0x50450513) addi a0, a0, 1284
x10 <- 0x0000B504


mem[X,0x800012C0] -> 0x8D2D
[1494] [M]: 0x800012C0 (0x8D2D) c.xor a0, a1
x10 <- 0x00000001


mem[X,0x800012C2] -> 0xA223
mem[X,0x800012C4] -> 0x44A0
[1495] [M]: 0x800012C2 (0x44A0A223) sw a0, 1092(ra)
mem[0x80005558] <- 0x00000001


mem[X,0x800012C6] -> 0x458D
[1496] [M]: 0x800012C6 (0x458D) c.li a1, 3
x11 <- 0x00000003


mem[X,0x800012C8] -> 0x4509
[1497] [M]: 0x800012C8 (0x4509) c.li a0, 2
x10 <- 0x00000002


mem[X,0x800012CA] -> 0x8D2D
[1498] [M]: 0x800012CA (0x8D2D) c.xor a0, a1
x10 <- 0x00000001


mem[X,0x800012CC] -> 0xA423
mem[X,0x800012CE] -> 0x44A0
[1499] [M]: 0x800012CC (0x44A0A423) sw a0, 1096(ra)
mem[0x8000555C] <- 0x00000001


clint::tick mtime <- 0x000000000000000F
 clint timer pending at mtime 0x000000000000000F
htif::tick 0x0000000000000000
mem[X,0x800012D0] -> 0x55B7
mem[X,0x800012D2] -> 0x5555
[1500] [M]: 0x800012D0 (0x555555B7) lui a1, 349525
x11 <- 0x55555000


mem[X,0x800012D4] -> 0x8593
mem[X,0x800012D6] -> 0x5555
[1501] [M]: 0x800012D4 (0x55558593) addi a1, a1, 1365
x11 <- 0x55555555


mem[X,0x800012D8] -> 0x4509
[1502] [M]: 0x800012D8 (0x4509) c.li a0, 2
x10 <- 0x00000002


mem[X,0x800012DA] -> 0x8D2D
[1503] [M]: 0x800012DA (0x8D2D) c.xor a0, a1
x10 <- 0x55555557


mem[X,0x800012DC] -> 0xA623
mem[X,0x800012DE] -> 0x44A0
[1504] [M]: 0x800012DC (0x44A0A623) sw a0, 1100(ra)
mem[0x80005560] <- 0x55555557


mem[X,0x800012E0] -> 0xB5B7
mem[X,0x800012E2] -> 0xAAAA
[1505] [M]: 0x800012E0 (0xAAAAB5B7) lui a1, 699051
x11 <- 0xAAAAB000


mem[X,0x800012E4] -> 0x8593
mem[X,0x800012E6] -> 0xAAA5
[1506] [M]: 0x800012E4 (0xAAA58593) addi a1, a1, 2730
x11 <- 0xAAAAAAAA


mem[X,0x800012E8] -> 0x4509
[1507] [M]: 0x800012E8 (0x4509) c.li a0, 2
x10 <- 0x00000002


mem[X,0x800012EA] -> 0x8D2D
[1508] [M]: 0x800012EA (0x8D2D) c.xor a0, a1
x10 <- 0xAAAAAAA8


mem[X,0x800012EC] -> 0xA823
mem[X,0x800012EE] -> 0x44A0
[1509] [M]: 0x800012EC (0x44A0A823) sw a0, 1104(ra)
mem[0x80005564] <- 0xAAAAAAA8


mem[X,0x800012F0] -> 0x4595
[1510] [M]: 0x800012F0 (0x4595) c.li a1, 5
x11 <- 0x00000005


mem[X,0x800012F2] -> 0x4509
[1511] [M]: 0x800012F2 (0x4509) c.li a0, 2
x10 <- 0x00000002


mem[X,0x800012F4] -> 0x8D2D
[1512] [M]: 0x800012F4 (0x8D2D) c.xor a0, a1
x10 <- 0x00000007


mem[X,0x800012F6] -> 0xAA23
mem[X,0x800012F8] -> 0x44A0
[1513] [M]: 0x800012F6 (0x44A0AA23) sw a0, 1108(ra)
mem[0x80005568] <- 0x00000007


mem[X,0x800012FA] -> 0x35B7
mem[X,0x800012FC] -> 0x3333
[1514] [M]: 0x800012FA (0x333335B7) lui a1, 209715
x11 <- 0x33333000


mem[X,0x800012FE] -> 0x8593
mem[X,0x80001300] -> 0x3335
[1515] [M]: 0x800012FE (0x33358593) addi a1, a1, 819
x11 <- 0x33333333


mem[X,0x80001302] -> 0x4509
[1516] [M]: 0x80001302 (0x4509) c.li a0, 2
x10 <- 0x00000002


mem[X,0x80001304] -> 0x8D2D
[1517] [M]: 0x80001304 (0x8D2D) c.xor a0, a1
x10 <- 0x33333331


mem[X,0x80001306] -> 0xAC23
mem[X,0x80001308] -> 0x44A0
[1518] [M]: 0x80001306 (0x44A0AC23) sw a0, 1112(ra)
mem[0x8000556C] <- 0x33333331


mem[X,0x8000130A] -> 0x65B7
mem[X,0x8000130C] -> 0x6666
[1519] [M]: 0x8000130A (0x666665B7) lui a1, 419430
x11 <- 0x66666000


mem[X,0x8000130E] -> 0x8593
mem[X,0x80001310] -> 0x6665
[1520] [M]: 0x8000130E (0x66658593) addi a1, a1, 1638
x11 <- 0x66666666


mem[X,0x80001312] -> 0x4509
[1521] [M]: 0x80001312 (0x4509) c.li a0, 2
x10 <- 0x00000002


mem[X,0x80001314] -> 0x8D2D
[1522] [M]: 0x80001314 (0x8D2D) c.xor a0, a1
x10 <- 0x66666664


mem[X,0x80001316] -> 0xAE23
mem[X,0x80001318] -> 0x44A0
[1523] [M]: 0x80001316 (0x44A0AE23) sw a0, 1116(ra)
mem[0x80005570] <- 0x66666664


mem[X,0x8000131A] -> 0x75D5
[1524] [M]: 0x8000131A (0x75D5) c.lui a1, 53
x11 <- 0xFFFF5000


mem[X,0x8000131C] -> 0x8593
mem[X,0x8000131E] -> 0xAFC5
[1525] [M]: 0x8000131C (0xAFC58593) addi a1, a1, 2812
x11 <- 0xFFFF4AFC


mem[X,0x80001320] -> 0x4509
[1526] [M]: 0x80001320 (0x4509) c.li a0, 2
x10 <- 0x00000002


mem[X,0x80001322] -> 0x8D2D
[1527] [M]: 0x80001322 (0x8D2D) c.xor a0, a1
x10 <- 0xFFFF4AFE


mem[X,0x80001324] -> 0xA023
mem[X,0x80001326] -> 0x46A0
[1528] [M]: 0x80001324 (0x46A0A023) sw a0, 1120(ra)
mem[0x80005574] <- 0xFFFF4AFE


mem[X,0x80001328] -> 0x65AD
[1529] [M]: 0x80001328 (0x65AD) c.lui a1, 11
x11 <- 0x0000B000


mem[X,0x8000132A] -> 0x8593
mem[X,0x8000132C] -> 0x5045
[1530] [M]: 0x8000132A (0x50458593) addi a1, a1, 1284
x11 <- 0x0000B504


mem[X,0x8000132E] -> 0x4509
[1531] [M]: 0x8000132E (0x4509) c.li a0, 2
x10 <- 0x00000002


mem[X,0x80001330] -> 0x8D2D
[1532] [M]: 0x80001330 (0x8D2D) c.xor a0, a1
x10 <- 0x0000B506


mem[X,0x80001332] -> 0xA223
mem[X,0x80001334] -> 0x46A0
[1533] [M]: 0x80001332 (0x46A0A223) sw a0, 1124(ra)
mem[0x80005578] <- 0x0000B506


mem[X,0x80001336] -> 0x4589
[1534] [M]: 0x80001336 (0x4589) c.li a1, 2
x11 <- 0x00000002


mem[X,0x80001338] -> 0x4509
[1535] [M]: 0x80001338 (0x4509) c.li a0, 2
x10 <- 0x00000002


mem[X,0x8000133A] -> 0x8D2D
[1536] [M]: 0x8000133A (0x8D2D) c.xor a0, a1
x10 <- 0x00000000


mem[X,0x8000133C] -> 0xA423
mem[X,0x8000133E] -> 0x46A0
[1537] [M]: 0x8000133C (0x46A0A423) sw a0, 1128(ra)
mem[0x8000557C] <- 0x00000000


mem[X,0x80001340] -> 0x55B7
mem[X,0x80001342] -> 0x5555
[1538] [M]: 0x80001340 (0x555555B7) lui a1, 349525
x11 <- 0x55555000


mem[X,0x80001344] -> 0x8593
mem[X,0x80001346] -> 0x5545
[1539] [M]: 0x80001344 (0x55458593) addi a1, a1, 1364
x11 <- 0x55555554


mem[X,0x80001348] -> 0x4509
[1540] [M]: 0x80001348 (0x4509) c.li a0, 2
x10 <- 0x00000002


mem[X,0x8000134A] -> 0x8D2D
[1541] [M]: 0x8000134A (0x8D2D) c.xor a0, a1
x10 <- 0x55555556


mem[X,0x8000134C] -> 0xA623
mem[X,0x8000134E] -> 0x46A0
[1542] [M]: 0x8000134C (0x46A0A623) sw a0, 1132(ra)
mem[0x80005580] <- 0x55555556


mem[X,0x80001350] -> 0x4581
[1543] [M]: 0x80001350 (0x4581) c.li a1, 0
x11 <- 0x00000000


mem[X,0x80001352] -> 0x4509
[1544] [M]: 0x80001352 (0x4509) c.li a0, 2
x10 <- 0x00000002


mem[X,0x80001354] -> 0x8D2D
[1545] [M]: 0x80001354 (0x8D2D) c.xor a0, a1
x10 <- 0x00000002


mem[X,0x80001356] -> 0xA823
mem[X,0x80001358] -> 0x46A0
[1546] [M]: 0x80001356 (0x46A0A823) sw a0, 1136(ra)
mem[0x80005584] <- 0x00000002


mem[X,0x8000135A] -> 0x4591
[1547] [M]: 0x8000135A (0x4591) c.li a1, 4
x11 <- 0x00000004


mem[X,0x8000135C] -> 0x4509
[1548] [M]: 0x8000135C (0x4509) c.li a0, 2
x10 <- 0x00000002


mem[X,0x8000135E] -> 0x8D2D
[1549] [M]: 0x8000135E (0x8D2D) c.xor a0, a1
x10 <- 0x00000006


mem[X,0x80001360] -> 0xAA23
mem[X,0x80001362] -> 0x46A0
[1550] [M]: 0x80001360 (0x46A0AA23) sw a0, 1140(ra)
mem[0x80005588] <- 0x00000006


mem[X,0x80001364] -> 0x35B7
mem[X,0x80001366] -> 0x3333
[1551] [M]: 0x80001364 (0x333335B7) lui a1, 209715
x11 <- 0x33333000


mem[X,0x80001368] -> 0x8593
mem[X,0x8000136A] -> 0x3325
[1552] [M]: 0x80001368 (0x33258593) addi a1, a1, 818
x11 <- 0x33333332


mem[X,0x8000136C] -> 0x4509
[1553] [M]: 0x8000136C (0x4509) c.li a0, 2
x10 <- 0x00000002


mem[X,0x8000136E] -> 0x8D2D
[1554] [M]: 0x8000136E (0x8D2D) c.xor a0, a1
x10 <- 0x33333330


mem[X,0x80001370] -> 0xAC23
mem[X,0x80001372] -> 0x46A0
[1555] [M]: 0x80001370 (0x46A0AC23) sw a0, 1144(ra)
mem[0x8000558C] <- 0x33333330


mem[X,0x80001374] -> 0x65B7
mem[X,0x80001376] -> 0x6666
[1556] [M]: 0x80001374 (0x666665B7) lui a1, 419430
x11 <- 0x66666000


mem[X,0x80001378] -> 0x8593
mem[X,0x8000137A] -> 0x6655
[1557] [M]: 0x80001378 (0x66558593) addi a1, a1, 1637
x11 <- 0x66666665


mem[X,0x8000137C] -> 0x4509
[1558] [M]: 0x8000137C (0x4509) c.li a0, 2
x10 <- 0x00000002


mem[X,0x8000137E] -> 0x8D2D
[1559] [M]: 0x8000137E (0x8D2D) c.xor a0, a1
x10 <- 0x66666667


mem[X,0x80001380] -> 0xAE23
mem[X,0x80001382] -> 0x46A0
[1560] [M]: 0x80001380 (0x46A0AE23) sw a0, 1148(ra)
mem[0x80005590] <- 0x66666667


mem[X,0x80001384] -> 0x65AD
[1561] [M]: 0x80001384 (0x65AD) c.lui a1, 11
x11 <- 0x0000B000


mem[X,0x80001386] -> 0x8593
mem[X,0x80001388] -> 0x5035
[1562] [M]: 0x80001386 (0x50358593) addi a1, a1, 1283
x11 <- 0x0000B503


mem[X,0x8000138A] -> 0x4509
[1563] [M]: 0x8000138A (0x4509) c.li a0, 2
x10 <- 0x00000002


mem[X,0x8000138C] -> 0x8D2D
[1564] [M]: 0x8000138C (0x8D2D) c.xor a0, a1
x10 <- 0x0000B501


mem[X,0x8000138E] -> 0xA023
mem[X,0x80001390] -> 0x48A0
[1565] [M]: 0x8000138E (0x48A0A023) sw a0, 1152(ra)
mem[0x80005594] <- 0x0000B501


mem[X,0x80001392] -> 0x55B7
mem[X,0x80001394] -> 0x5555
[1566] [M]: 0x80001392 (0x555555B7) lui a1, 349525
x11 <- 0x55555000


mem[X,0x80001396] -> 0x8593
mem[X,0x80001398] -> 0x5565
[1567] [M]: 0x80001396 (0x55658593) addi a1, a1, 1366
x11 <- 0x55555556


mem[X,0x8000139A] -> 0x4509
[1568] [M]: 0x8000139A (0x4509) c.li a0, 2
x10 <- 0x00000002


mem[X,0x8000139C] -> 0x8D2D
[1569] [M]: 0x8000139C (0x8D2D) c.xor a0, a1
x10 <- 0x55555554


mem[X,0x8000139E] -> 0xA223
mem[X,0x800013A0] -> 0x48A0
[1570] [M]: 0x8000139E (0x48A0A223) sw a0, 1156(ra)
mem[0x80005598] <- 0x55555554


mem[X,0x800013A2] -> 0xB5B7
mem[X,0x800013A4] -> 0xAAAA
[1571] [M]: 0x800013A2 (0xAAAAB5B7) lui a1, 699051
x11 <- 0xAAAAB000


mem[X,0x800013A6] -> 0x8593
mem[X,0x800013A8] -> 0xAAB5
[1572] [M]: 0x800013A6 (0xAAB58593) addi a1, a1, 2731
x11 <- 0xAAAAAAAB


mem[X,0x800013AA] -> 0x4509
[1573] [M]: 0x800013AA (0x4509) c.li a0, 2
x10 <- 0x00000002


mem[X,0x800013AC] -> 0x8D2D
[1574] [M]: 0x800013AC (0x8D2D) c.xor a0, a1
x10 <- 0xAAAAAAA9


mem[X,0x800013AE] -> 0xA423
mem[X,0x800013B0] -> 0x48A0
[1575] [M]: 0x800013AE (0x48A0A423) sw a0, 1160(ra)
mem[0x8000559C] <- 0xAAAAAAA9


mem[X,0x800013B2] -> 0x4599
[1576] [M]: 0x800013B2 (0x4599) c.li a1, 6
x11 <- 0x00000006


mem[X,0x800013B4] -> 0x4509
[1577] [M]: 0x800013B4 (0x4509) c.li a0, 2
x10 <- 0x00000002


mem[X,0x800013B6] -> 0x8D2D
[1578] [M]: 0x800013B6 (0x8D2D) c.xor a0, a1
x10 <- 0x00000004


mem[X,0x800013B8] -> 0xA623
mem[X,0x800013BA] -> 0x48A0
[1579] [M]: 0x800013B8 (0x48A0A623) sw a0, 1164(ra)
mem[0x800055A0] <- 0x00000004


mem[X,0x800013BC] -> 0x35B7
mem[X,0x800013BE] -> 0x3333
[1580] [M]: 0x800013BC (0x333335B7) lui a1, 209715
x11 <- 0x33333000


mem[X,0x800013C0] -> 0x8593
mem[X,0x800013C2] -> 0x3345
[1581] [M]: 0x800013C0 (0x33458593) addi a1, a1, 820
x11 <- 0x33333334


mem[X,0x800013C4] -> 0x4509
[1582] [M]: 0x800013C4 (0x4509) c.li a0, 2
x10 <- 0x00000002


mem[X,0x800013C6] -> 0x8D2D
[1583] [M]: 0x800013C6 (0x8D2D) c.xor a0, a1
x10 <- 0x33333336


mem[X,0x800013C8] -> 0xA823
mem[X,0x800013CA] -> 0x48A0
[1584] [M]: 0x800013C8 (0x48A0A823) sw a0, 1168(ra)
mem[0x800055A4] <- 0x33333336


mem[X,0x800013CC] -> 0x65B7
mem[X,0x800013CE] -> 0x6666
[1585] [M]: 0x800013CC (0x666665B7) lui a1, 419430
x11 <- 0x66666000


mem[X,0x800013D0] -> 0x8593
mem[X,0x800013D2] -> 0x6675
[1586] [M]: 0x800013D0 (0x66758593) addi a1, a1, 1639
x11 <- 0x66666667


mem[X,0x800013D4] -> 0x4509
[1587] [M]: 0x800013D4 (0x4509) c.li a0, 2
x10 <- 0x00000002


mem[X,0x800013D6] -> 0x8D2D
[1588] [M]: 0x800013D6 (0x8D2D) c.xor a0, a1
x10 <- 0x66666665


mem[X,0x800013D8] -> 0xAA23
mem[X,0x800013DA] -> 0x48A0
[1589] [M]: 0x800013D8 (0x48A0AA23) sw a0, 1172(ra)
mem[0x800055A8] <- 0x66666665


mem[X,0x800013DC] -> 0x75D5
[1590] [M]: 0x800013DC (0x75D5) c.lui a1, 53
x11 <- 0xFFFF5000


mem[X,0x800013DE] -> 0x8593
mem[X,0x800013E0] -> 0xAFD5
[1591] [M]: 0x800013DE (0xAFD58593) addi a1, a1, 2813
x11 <- 0xFFFF4AFD


mem[X,0x800013E2] -> 0x4509
[1592] [M]: 0x800013E2 (0x4509) c.li a0, 2
x10 <- 0x00000002


mem[X,0x800013E4] -> 0x8D2D
[1593] [M]: 0x800013E4 (0x8D2D) c.xor a0, a1
x10 <- 0xFFFF4AFF


mem[X,0x800013E6] -> 0xAC23
mem[X,0x800013E8] -> 0x48A0
[1594] [M]: 0x800013E6 (0x48A0AC23) sw a0, 1176(ra)
mem[0x800055AC] <- 0xFFFF4AFF


mem[X,0x800013EA] -> 0x65AD
[1595] [M]: 0x800013EA (0x65AD) c.lui a1, 11
x11 <- 0x0000B000


mem[X,0x800013EC] -> 0x8593
mem[X,0x800013EE] -> 0x5055
[1596] [M]: 0x800013EC (0x50558593) addi a1, a1, 1285
x11 <- 0x0000B505


mem[X,0x800013F0] -> 0x4509
[1597] [M]: 0x800013F0 (0x4509) c.li a0, 2
x10 <- 0x00000002


mem[X,0x800013F2] -> 0x8D2D
[1598] [M]: 0x800013F2 (0x8D2D) c.xor a0, a1
x10 <- 0x0000B507


mem[X,0x800013F4] -> 0xAE23
mem[X,0x800013F6] -> 0x48A0
[1599] [M]: 0x800013F4 (0x48A0AE23) sw a0, 1180(ra)
mem[0x800055B0] <- 0x0000B507


clint::tick mtime <- 0x0000000000000010
 clint timer pending at mtime 0x0000000000000010
htif::tick 0x0000000000000000
mem[X,0x800013F8] -> 0x458D
[1600] [M]: 0x800013F8 (0x458D) c.li a1, 3
x11 <- 0x00000003


mem[X,0x800013FA] -> 0x5537
mem[X,0x800013FC] -> 0x5555
[1601] [M]: 0x800013FA (0x55555537) lui a0, 349525
x10 <- 0x55555000


mem[X,0x800013FE] -> 0x0513
mem[X,0x80001400] -> 0x5545
[1602] [M]: 0x800013FE (0x55450513) addi a0, a0, 1364
x10 <- 0x55555554


mem[X,0x80001402] -> 0x8D2D
[1603] [M]: 0x80001402 (0x8D2D) c.xor a0, a1
x10 <- 0x55555557


mem[X,0x80001404] -> 0xA023
mem[X,0x80001406] -> 0x4AA0
[1604] [M]: 0x80001404 (0x4AA0A023) sw a0, 1184(ra)
mem[0x800055B4] <- 0x55555557


mem[X,0x80001408] -> 0x55B7
mem[X,0x8000140A] -> 0x5555
[1605] [M]: 0x80001408 (0x555555B7) lui a1, 349525
x11 <- 0x55555000


mem[X,0x8000140C] -> 0x8593
mem[X,0x8000140E] -> 0x5555
[1606] [M]: 0x8000140C (0x55558593) addi a1, a1, 1365
x11 <- 0x55555555


mem[X,0x80001410] -> 0x5537
mem[X,0x80001412] -> 0x5555
[1607] [M]: 0x80001410 (0x55555537) lui a0, 349525
x10 <- 0x55555000


mem[X,0x80001414] -> 0x0513
mem[X,0x80001416] -> 0x5545
[1608] [M]: 0x80001414 (0x55450513) addi a0, a0, 1364
x10 <- 0x55555554


mem[X,0x80001418] -> 0x8D2D
[1609] [M]: 0x80001418 (0x8D2D) c.xor a0, a1
x10 <- 0x00000001


mem[X,0x8000141A] -> 0xA223
mem[X,0x8000141C] -> 0x4AA0
[1610] [M]: 0x8000141A (0x4AA0A223) sw a0, 1188(ra)
mem[0x800055B8] <- 0x00000001


mem[X,0x8000141E] -> 0xB5B7
mem[X,0x80001420] -> 0xAAAA
[1611] [M]: 0x8000141E (0xAAAAB5B7) lui a1, 699051
x11 <- 0xAAAAB000


mem[X,0x80001422] -> 0x8593
mem[X,0x80001424] -> 0xAAA5
[1612] [M]: 0x80001422 (0xAAA58593) addi a1, a1, 2730
x11 <- 0xAAAAAAAA


mem[X,0x80001426] -> 0x5537
mem[X,0x80001428] -> 0x5555
[1613] [M]: 0x80001426 (0x55555537) lui a0, 349525
x10 <- 0x55555000


mem[X,0x8000142A] -> 0x0513
mem[X,0x8000142C] -> 0x5545
[1614] [M]: 0x8000142A (0x55450513) addi a0, a0, 1364
x10 <- 0x55555554


mem[X,0x8000142E] -> 0x8D2D
[1615] [M]: 0x8000142E (0x8D2D) c.xor a0, a1
x10 <- 0xFFFFFFFE


mem[X,0x80001430] -> 0xA423
mem[X,0x80001432] -> 0x4AA0
[1616] [M]: 0x80001430 (0x4AA0A423) sw a0, 1192(ra)
mem[0x800055BC] <- 0xFFFFFFFE


mem[X,0x80001434] -> 0x4595
[1617] [M]: 0x80001434 (0x4595) c.li a1, 5
x11 <- 0x00000005


mem[X,0x80001436] -> 0x5537
mem[X,0x80001438] -> 0x5555
[1618] [M]: 0x80001436 (0x55555537) lui a0, 349525
x10 <- 0x55555000


mem[X,0x8000143A] -> 0x0513
mem[X,0x8000143C] -> 0x5545
[1619] [M]: 0x8000143A (0x55450513) addi a0, a0, 1364
x10 <- 0x55555554


mem[X,0x8000143E] -> 0x8D2D
[1620] [M]: 0x8000143E (0x8D2D) c.xor a0, a1
x10 <- 0x55555551


mem[X,0x80001440] -> 0xA623
mem[X,0x80001442] -> 0x4AA0
[1621] [M]: 0x80001440 (0x4AA0A623) sw a0, 1196(ra)
mem[0x800055C0] <- 0x55555551


mem[X,0x80001444] -> 0x35B7
mem[X,0x80001446] -> 0x3333
[1622] [M]: 0x80001444 (0x333335B7) lui a1, 209715
x11 <- 0x33333000


mem[X,0x80001448] -> 0x8593
mem[X,0x8000144A] -> 0x3335
[1623] [M]: 0x80001448 (0x33358593) addi a1, a1, 819
x11 <- 0x33333333


mem[X,0x8000144C] -> 0x5537
mem[X,0x8000144E] -> 0x5555
[1624] [M]: 0x8000144C (0x55555537) lui a0, 349525
x10 <- 0x55555000


mem[X,0x80001450] -> 0x0513
mem[X,0x80001452] -> 0x5545
[1625] [M]: 0x80001450 (0x55450513) addi a0, a0, 1364
x10 <- 0x55555554


mem[X,0x80001454] -> 0x8D2D
[1626] [M]: 0x80001454 (0x8D2D) c.xor a0, a1
x10 <- 0x66666667


mem[X,0x80001456] -> 0xA823
mem[X,0x80001458] -> 0x4AA0
[1627] [M]: 0x80001456 (0x4AA0A823) sw a0, 1200(ra)
mem[0x800055C4] <- 0x66666667


mem[X,0x8000145A] -> 0x65B7
mem[X,0x8000145C] -> 0x6666
[1628] [M]: 0x8000145A (0x666665B7) lui a1, 419430
x11 <- 0x66666000


mem[X,0x8000145E] -> 0x8593
mem[X,0x80001460] -> 0x6665
[1629] [M]: 0x8000145E (0x66658593) addi a1, a1, 1638
x11 <- 0x66666666


mem[X,0x80001462] -> 0x5537
mem[X,0x80001464] -> 0x5555
[1630] [M]: 0x80001462 (0x55555537) lui a0, 349525
x10 <- 0x55555000


mem[X,0x80001466] -> 0x0513
mem[X,0x80001468] -> 0x5545
[1631] [M]: 0x80001466 (0x55450513) addi a0, a0, 1364
x10 <- 0x55555554


mem[X,0x8000146A] -> 0x8D2D
[1632] [M]: 0x8000146A (0x8D2D) c.xor a0, a1
x10 <- 0x33333332


mem[X,0x8000146C] -> 0xAA23
mem[X,0x8000146E] -> 0x4AA0
[1633] [M]: 0x8000146C (0x4AA0AA23) sw a0, 1204(ra)
mem[0x800055C8] <- 0x33333332


mem[X,0x80001470] -> 0x75D5
[1634] [M]: 0x80001470 (0x75D5) c.lui a1, 53
x11 <- 0xFFFF5000


mem[X,0x80001472] -> 0x8593
mem[X,0x80001474] -> 0xAFC5
[1635] [M]: 0x80001472 (0xAFC58593) addi a1, a1, 2812
x11 <- 0xFFFF4AFC


mem[X,0x80001476] -> 0x5537
mem[X,0x80001478] -> 0x5555
[1636] [M]: 0x80001476 (0x55555537) lui a0, 349525
x10 <- 0x55555000


mem[X,0x8000147A] -> 0x0513
mem[X,0x8000147C] -> 0x5545
[1637] [M]: 0x8000147A (0x55450513) addi a0, a0, 1364
x10 <- 0x55555554


mem[X,0x8000147E] -> 0x8D2D
[1638] [M]: 0x8000147E (0x8D2D) c.xor a0, a1
x10 <- 0xAAAA1FA8


mem[X,0x80001480] -> 0xAC23
mem[X,0x80001482] -> 0x4AA0
[1639] [M]: 0x80001480 (0x4AA0AC23) sw a0, 1208(ra)
mem[0x800055CC] <- 0xAAAA1FA8


mem[X,0x80001484] -> 0x65AD
[1640] [M]: 0x80001484 (0x65AD) c.lui a1, 11
x11 <- 0x0000B000


mem[X,0x80001486] -> 0x8593
mem[X,0x80001488] -> 0x5045
[1641] [M]: 0x80001486 (0x50458593) addi a1, a1, 1284
x11 <- 0x0000B504


mem[X,0x8000148A] -> 0x5537
mem[X,0x8000148C] -> 0x5555
[1642] [M]: 0x8000148A (0x55555537) lui a0, 349525
x10 <- 0x55555000


mem[X,0x8000148E] -> 0x0513
mem[X,0x80001490] -> 0x5545
[1643] [M]: 0x8000148E (0x55450513) addi a0, a0, 1364
x10 <- 0x55555554


mem[X,0x80001492] -> 0x8D2D
[1644] [M]: 0x80001492 (0x8D2D) c.xor a0, a1
x10 <- 0x5555E050


mem[X,0x80001494] -> 0xAE23
mem[X,0x80001496] -> 0x4AA0
[1645] [M]: 0x80001494 (0x4AA0AE23) sw a0, 1212(ra)
mem[0x800055D0] <- 0x5555E050


mem[X,0x80001498] -> 0x4589
[1646] [M]: 0x80001498 (0x4589) c.li a1, 2
x11 <- 0x00000002


mem[X,0x8000149A] -> 0x5537
mem[X,0x8000149C] -> 0x5555
[1647] [M]: 0x8000149A (0x55555537) lui a0, 349525
x10 <- 0x55555000


mem[X,0x8000149E] -> 0x0513
mem[X,0x800014A0] -> 0x5545
[1648] [M]: 0x8000149E (0x55450513) addi a0, a0, 1364
x10 <- 0x55555554


mem[X,0x800014A2] -> 0x8D2D
[1649] [M]: 0x800014A2 (0x8D2D) c.xor a0, a1
x10 <- 0x55555556


mem[X,0x800014A4] -> 0xA023
mem[X,0x800014A6] -> 0x4CA0
[1650] [M]: 0x800014A4 (0x4CA0A023) sw a0, 1216(ra)
mem[0x800055D4] <- 0x55555556


mem[X,0x800014A8] -> 0x55B7
mem[X,0x800014AA] -> 0x5555
[1651] [M]: 0x800014A8 (0x555555B7) lui a1, 349525
x11 <- 0x55555000


mem[X,0x800014AC] -> 0x8593
mem[X,0x800014AE] -> 0x5545
[1652] [M]: 0x800014AC (0x55458593) addi a1, a1, 1364
x11 <- 0x55555554


mem[X,0x800014B0] -> 0x5537
mem[X,0x800014B2] -> 0x5555
[1653] [M]: 0x800014B0 (0x55555537) lui a0, 349525
x10 <- 0x55555000


mem[X,0x800014B4] -> 0x0513
mem[X,0x800014B6] -> 0x5545
[1654] [M]: 0x800014B4 (0x55450513) addi a0, a0, 1364
x10 <- 0x55555554


mem[X,0x800014B8] -> 0x8D2D
[1655] [M]: 0x800014B8 (0x8D2D) c.xor a0, a1
x10 <- 0x00000000


mem[X,0x800014BA] -> 0xA223
mem[X,0x800014BC] -> 0x4CA0
[1656] [M]: 0x800014BA (0x4CA0A223) sw a0, 1220(ra)
mem[0x800055D8] <- 0x00000000


mem[X,0x800014BE] -> 0x4581
[1657] [M]: 0x800014BE (0x4581) c.li a1, 0
x11 <- 0x00000000


mem[X,0x800014C0] -> 0x5537
mem[X,0x800014C2] -> 0x5555
[1658] [M]: 0x800014C0 (0x55555537) lui a0, 349525
x10 <- 0x55555000


mem[X,0x800014C4] -> 0x0513
mem[X,0x800014C6] -> 0x5545
[1659] [M]: 0x800014C4 (0x55450513) addi a0, a0, 1364
x10 <- 0x55555554


mem[X,0x800014C8] -> 0x8D2D
[1660] [M]: 0x800014C8 (0x8D2D) c.xor a0, a1
x10 <- 0x55555554


mem[X,0x800014CA] -> 0xA423
mem[X,0x800014CC] -> 0x4CA0
[1661] [M]: 0x800014CA (0x4CA0A423) sw a0, 1224(ra)
mem[0x800055DC] <- 0x55555554


mem[X,0x800014CE] -> 0x4591
[1662] [M]: 0x800014CE (0x4591) c.li a1, 4
x11 <- 0x00000004


mem[X,0x800014D0] -> 0x5537
mem[X,0x800014D2] -> 0x5555
[1663] [M]: 0x800014D0 (0x55555537) lui a0, 349525
x10 <- 0x55555000


mem[X,0x800014D4] -> 0x0513
mem[X,0x800014D6] -> 0x5545
[1664] [M]: 0x800014D4 (0x55450513) addi a0, a0, 1364
x10 <- 0x55555554


mem[X,0x800014D8] -> 0x8D2D
[1665] [M]: 0x800014D8 (0x8D2D) c.xor a0, a1
x10 <- 0x55555550


mem[X,0x800014DA] -> 0xA623
mem[X,0x800014DC] -> 0x4CA0
[1666] [M]: 0x800014DA (0x4CA0A623) sw a0, 1228(ra)
mem[0x800055E0] <- 0x55555550


mem[X,0x800014DE] -> 0x35B7
mem[X,0x800014E0] -> 0x3333
[1667] [M]: 0x800014DE (0x333335B7) lui a1, 209715
x11 <- 0x33333000


mem[X,0x800014E2] -> 0x8593
mem[X,0x800014E4] -> 0x3325
[1668] [M]: 0x800014E2 (0x33258593) addi a1, a1, 818
x11 <- 0x33333332


mem[X,0x800014E6] -> 0x5537
mem[X,0x800014E8] -> 0x5555
[1669] [M]: 0x800014E6 (0x55555537) lui a0, 349525
x10 <- 0x55555000


mem[X,0x800014EA] -> 0x0513
mem[X,0x800014EC] -> 0x5545
[1670] [M]: 0x800014EA (0x55450513) addi a0, a0, 1364
x10 <- 0x55555554


mem[X,0x800014EE] -> 0x8D2D
[1671] [M]: 0x800014EE (0x8D2D) c.xor a0, a1
x10 <- 0x66666666


mem[X,0x800014F0] -> 0xA823
mem[X,0x800014F2] -> 0x4CA0
[1672] [M]: 0x800014F0 (0x4CA0A823) sw a0, 1232(ra)
mem[0x800055E4] <- 0x66666666


mem[X,0x800014F4] -> 0x65B7
mem[X,0x800014F6] -> 0x6666
[1673] [M]: 0x800014F4 (0x666665B7) lui a1, 419430
x11 <- 0x66666000


mem[X,0x800014F8] -> 0x8593
mem[X,0x800014FA] -> 0x6655
[1674] [M]: 0x800014F8 (0x66558593) addi a1, a1, 1637
x11 <- 0x66666665


mem[X,0x800014FC] -> 0x5537
mem[X,0x800014FE] -> 0x5555
[1675] [M]: 0x800014FC (0x55555537) lui a0, 349525
x10 <- 0x55555000


mem[X,0x80001500] -> 0x0513
mem[X,0x80001502] -> 0x5545
[1676] [M]: 0x80001500 (0x55450513) addi a0, a0, 1364
x10 <- 0x55555554


mem[X,0x80001504] -> 0x8D2D
[1677] [M]: 0x80001504 (0x8D2D) c.xor a0, a1
x10 <- 0x33333331


mem[X,0x80001506] -> 0xAA23
mem[X,0x80001508] -> 0x4CA0
[1678] [M]: 0x80001506 (0x4CA0AA23) sw a0, 1236(ra)
mem[0x800055E8] <- 0x33333331


mem[X,0x8000150A] -> 0x65AD
[1679] [M]: 0x8000150A (0x65AD) c.lui a1, 11
x11 <- 0x0000B000


mem[X,0x8000150C] -> 0x8593
mem[X,0x8000150E] -> 0x5035
[1680] [M]: 0x8000150C (0x50358593) addi a1, a1, 1283
x11 <- 0x0000B503


mem[X,0x80001510] -> 0x5537
mem[X,0x80001512] -> 0x5555
[1681] [M]: 0x80001510 (0x55555537) lui a0, 349525
x10 <- 0x55555000


mem[X,0x80001514] -> 0x0513
mem[X,0x80001516] -> 0x5545
[1682] [M]: 0x80001514 (0x55450513) addi a0, a0, 1364
x10 <- 0x55555554


mem[X,0x80001518] -> 0x8D2D
[1683] [M]: 0x80001518 (0x8D2D) c.xor a0, a1
x10 <- 0x5555E057


mem[X,0x8000151A] -> 0xAC23
mem[X,0x8000151C] -> 0x4CA0
[1684] [M]: 0x8000151A (0x4CA0AC23) sw a0, 1240(ra)
mem[0x800055EC] <- 0x5555E057


mem[X,0x8000151E] -> 0x55B7
mem[X,0x80001520] -> 0x5555
[1685] [M]: 0x8000151E (0x555555B7) lui a1, 349525
x11 <- 0x55555000


mem[X,0x80001522] -> 0x8593
mem[X,0x80001524] -> 0x5565
[1686] [M]: 0x80001522 (0x55658593) addi a1, a1, 1366
x11 <- 0x55555556


mem[X,0x80001526] -> 0x5537
mem[X,0x80001528] -> 0x5555
[1687] [M]: 0x80001526 (0x55555537) lui a0, 349525
x10 <- 0x55555000


mem[X,0x8000152A] -> 0x0513
mem[X,0x8000152C] -> 0x5545
[1688] [M]: 0x8000152A (0x55450513) addi a0, a0, 1364
x10 <- 0x55555554


mem[X,0x8000152E] -> 0x8D2D
[1689] [M]: 0x8000152E (0x8D2D) c.xor a0, a1
x10 <- 0x00000002


mem[X,0x80001530] -> 0xAE23
mem[X,0x80001532] -> 0x4CA0
[1690] [M]: 0x80001530 (0x4CA0AE23) sw a0, 1244(ra)
mem[0x800055F0] <- 0x00000002


mem[X,0x80001534] -> 0xB5B7
mem[X,0x80001536] -> 0xAAAA
[1691] [M]: 0x80001534 (0xAAAAB5B7) lui a1, 699051
x11 <- 0xAAAAB000


mem[X,0x80001538] -> 0x8593
mem[X,0x8000153A] -> 0xAAB5
[1692] [M]: 0x80001538 (0xAAB58593) addi a1, a1, 2731
x11 <- 0xAAAAAAAB


mem[X,0x8000153C] -> 0x5537
mem[X,0x8000153E] -> 0x5555
[1693] [M]: 0x8000153C (0x55555537) lui a0, 349525
x10 <- 0x55555000


mem[X,0x80001540] -> 0x0513
mem[X,0x80001542] -> 0x5545
[1694] [M]: 0x80001540 (0x55450513) addi a0, a0, 1364
x10 <- 0x55555554


mem[X,0x80001544] -> 0x8D2D
[1695] [M]: 0x80001544 (0x8D2D) c.xor a0, a1
x10 <- 0xFFFFFFFF


mem[X,0x80001546] -> 0xA023
mem[X,0x80001548] -> 0x4EA0
[1696] [M]: 0x80001546 (0x4EA0A023) sw a0, 1248(ra)
mem[0x800055F4] <- 0xFFFFFFFF


mem[X,0x8000154A] -> 0x4599
[1697] [M]: 0x8000154A (0x4599) c.li a1, 6
x11 <- 0x00000006


mem[X,0x8000154C] -> 0x5537
mem[X,0x8000154E] -> 0x5555
[1698] [M]: 0x8000154C (0x55555537) lui a0, 349525
x10 <- 0x55555000


mem[X,0x80001550] -> 0x0513
mem[X,0x80001552] -> 0x5545
[1699] [M]: 0x80001550 (0x55450513) addi a0, a0, 1364
x10 <- 0x55555554


clint::tick mtime <- 0x0000000000000011
 clint timer pending at mtime 0x0000000000000011
htif::tick 0x0000000000000000
mem[X,0x80001554] -> 0x8D2D
[1700] [M]: 0x80001554 (0x8D2D) c.xor a0, a1
x10 <- 0x55555552


mem[X,0x80001556] -> 0xA223
mem[X,0x80001558] -> 0x4EA0
[1701] [M]: 0x80001556 (0x4EA0A223) sw a0, 1252(ra)
mem[0x800055F8] <- 0x55555552


mem[X,0x8000155A] -> 0x35B7
mem[X,0x8000155C] -> 0x3333
[1702] [M]: 0x8000155A (0x333335B7) lui a1, 209715
x11 <- 0x33333000


mem[X,0x8000155E] -> 0x8593
mem[X,0x80001560] -> 0x3345
[1703] [M]: 0x8000155E (0x33458593) addi a1, a1, 820
x11 <- 0x33333334


mem[X,0x80001562] -> 0x5537
mem[X,0x80001564] -> 0x5555
[1704] [M]: 0x80001562 (0x55555537) lui a0, 349525
x10 <- 0x55555000


mem[X,0x80001566] -> 0x0513
mem[X,0x80001568] -> 0x5545
[1705] [M]: 0x80001566 (0x55450513) addi a0, a0, 1364
x10 <- 0x55555554


mem[X,0x8000156A] -> 0x8D2D
[1706] [M]: 0x8000156A (0x8D2D) c.xor a0, a1
x10 <- 0x66666660


mem[X,0x8000156C] -> 0xA423
mem[X,0x8000156E] -> 0x4EA0
[1707] [M]: 0x8000156C (0x4EA0A423) sw a0, 1256(ra)
mem[0x800055FC] <- 0x66666660


mem[X,0x80001570] -> 0x65B7
mem[X,0x80001572] -> 0x6666
[1708] [M]: 0x80001570 (0x666665B7) lui a1, 419430
x11 <- 0x66666000


mem[X,0x80001574] -> 0x8593
mem[X,0x80001576] -> 0x6675
[1709] [M]: 0x80001574 (0x66758593) addi a1, a1, 1639
x11 <- 0x66666667


mem[X,0x80001578] -> 0x5537
mem[X,0x8000157A] -> 0x5555
[1710] [M]: 0x80001578 (0x55555537) lui a0, 349525
x10 <- 0x55555000


mem[X,0x8000157C] -> 0x0513
mem[X,0x8000157E] -> 0x5545
[1711] [M]: 0x8000157C (0x55450513) addi a0, a0, 1364
x10 <- 0x55555554


mem[X,0x80001580] -> 0x8D2D
[1712] [M]: 0x80001580 (0x8D2D) c.xor a0, a1
x10 <- 0x33333333


mem[X,0x80001582] -> 0xA623
mem[X,0x80001584] -> 0x4EA0
[1713] [M]: 0x80001582 (0x4EA0A623) sw a0, 1260(ra)
mem[0x80005600] <- 0x33333333


mem[X,0x80001586] -> 0x75D5
[1714] [M]: 0x80001586 (0x75D5) c.lui a1, 53
x11 <- 0xFFFF5000


mem[X,0x80001588] -> 0x8593
mem[X,0x8000158A] -> 0xAFD5
[1715] [M]: 0x80001588 (0xAFD58593) addi a1, a1, 2813
x11 <- 0xFFFF4AFD


mem[X,0x8000158C] -> 0x5537
mem[X,0x8000158E] -> 0x5555
[1716] [M]: 0x8000158C (0x55555537) lui a0, 349525
x10 <- 0x55555000


mem[X,0x80001590] -> 0x0513
mem[X,0x80001592] -> 0x5545
[1717] [M]: 0x80001590 (0x55450513) addi a0, a0, 1364
x10 <- 0x55555554


mem[X,0x80001594] -> 0x8D2D
[1718] [M]: 0x80001594 (0x8D2D) c.xor a0, a1
x10 <- 0xAAAA1FA9


mem[X,0x80001596] -> 0xA823
mem[X,0x80001598] -> 0x4EA0
[1719] [M]: 0x80001596 (0x4EA0A823) sw a0, 1264(ra)
mem[0x80005604] <- 0xAAAA1FA9


mem[X,0x8000159A] -> 0x65AD
[1720] [M]: 0x8000159A (0x65AD) c.lui a1, 11
x11 <- 0x0000B000


mem[X,0x8000159C] -> 0x8593
mem[X,0x8000159E] -> 0x5055
[1721] [M]: 0x8000159C (0x50558593) addi a1, a1, 1285
x11 <- 0x0000B505


mem[X,0x800015A0] -> 0x5537
mem[X,0x800015A2] -> 0x5555
[1722] [M]: 0x800015A0 (0x55555537) lui a0, 349525
x10 <- 0x55555000


mem[X,0x800015A4] -> 0x0513
mem[X,0x800015A6] -> 0x5545
[1723] [M]: 0x800015A4 (0x55450513) addi a0, a0, 1364
x10 <- 0x55555554


mem[X,0x800015A8] -> 0x8D2D
[1724] [M]: 0x800015A8 (0x8D2D) c.xor a0, a1
x10 <- 0x5555E051


mem[X,0x800015AA] -> 0xAA23
mem[X,0x800015AC] -> 0x4EA0
[1725] [M]: 0x800015AA (0x4EA0AA23) sw a0, 1268(ra)
mem[0x80005608] <- 0x5555E051


mem[X,0x800015AE] -> 0x458D
[1726] [M]: 0x800015AE (0x458D) c.li a1, 3
x11 <- 0x00000003


mem[X,0x800015B0] -> 0x4501
[1727] [M]: 0x800015B0 (0x4501) c.li a0, 0
x10 <- 0x00000000


mem[X,0x800015B2] -> 0x8D2D
[1728] [M]: 0x800015B2 (0x8D2D) c.xor a0, a1
x10 <- 0x00000003


mem[X,0x800015B4] -> 0xAC23
mem[X,0x800015B6] -> 0x4EA0
[1729] [M]: 0x800015B4 (0x4EA0AC23) sw a0, 1272(ra)
mem[0x8000560C] <- 0x00000003


mem[X,0x800015B8] -> 0x55B7
mem[X,0x800015BA] -> 0x5555
[1730] [M]: 0x800015B8 (0x555555B7) lui a1, 349525
x11 <- 0x55555000


mem[X,0x800015BC] -> 0x8593
mem[X,0x800015BE] -> 0x5555
[1731] [M]: 0x800015BC (0x55558593) addi a1, a1, 1365
x11 <- 0x55555555


mem[X,0x800015C0] -> 0x4501
[1732] [M]: 0x800015C0 (0x4501) c.li a0, 0
x10 <- 0x00000000


mem[X,0x800015C2] -> 0x8D2D
[1733] [M]: 0x800015C2 (0x8D2D) c.xor a0, a1
x10 <- 0x55555555


mem[X,0x800015C4] -> 0xAE23
mem[X,0x800015C6] -> 0x4EA0
[1734] [M]: 0x800015C4 (0x4EA0AE23) sw a0, 1276(ra)
mem[0x80005610] <- 0x55555555


mem[X,0x800015C8] -> 0xB5B7
mem[X,0x800015CA] -> 0xAAAA
[1735] [M]: 0x800015C8 (0xAAAAB5B7) lui a1, 699051
x11 <- 0xAAAAB000


mem[X,0x800015CC] -> 0x8593
mem[X,0x800015CE] -> 0xAAA5
[1736] [M]: 0x800015CC (0xAAA58593) addi a1, a1, 2730
x11 <- 0xAAAAAAAA


mem[X,0x800015D0] -> 0x4501
[1737] [M]: 0x800015D0 (0x4501) c.li a0, 0
x10 <- 0x00000000


mem[X,0x800015D2] -> 0x8D2D
[1738] [M]: 0x800015D2 (0x8D2D) c.xor a0, a1
x10 <- 0xAAAAAAAA


mem[X,0x800015D4] -> 0xA023
mem[X,0x800015D6] -> 0x50A0
[1739] [M]: 0x800015D4 (0x50A0A023) sw a0, 1280(ra)
mem[0x80005614] <- 0xAAAAAAAA


mem[X,0x800015D8] -> 0x4595
[1740] [M]: 0x800015D8 (0x4595) c.li a1, 5
x11 <- 0x00000005


mem[X,0x800015DA] -> 0x4501
[1741] [M]: 0x800015DA (0x4501) c.li a0, 0
x10 <- 0x00000000


mem[X,0x800015DC] -> 0x8D2D
[1742] [M]: 0x800015DC (0x8D2D) c.xor a0, a1
x10 <- 0x00000005


mem[X,0x800015DE] -> 0xA223
mem[X,0x800015E0] -> 0x50A0
[1743] [M]: 0x800015DE (0x50A0A223) sw a0, 1284(ra)
mem[0x80005618] <- 0x00000005


mem[X,0x800015E2] -> 0x35B7
mem[X,0x800015E4] -> 0x3333
[1744] [M]: 0x800015E2 (0x333335B7) lui a1, 209715
x11 <- 0x33333000


mem[X,0x800015E6] -> 0x8593
mem[X,0x800015E8] -> 0x3335
[1745] [M]: 0x800015E6 (0x33358593) addi a1, a1, 819
x11 <- 0x33333333


mem[X,0x800015EA] -> 0x4501
[1746] [M]: 0x800015EA (0x4501) c.li a0, 0
x10 <- 0x00000000


mem[X,0x800015EC] -> 0x8D2D
[1747] [M]: 0x800015EC (0x8D2D) c.xor a0, a1
x10 <- 0x33333333


mem[X,0x800015EE] -> 0xA423
mem[X,0x800015F0] -> 0x50A0
[1748] [M]: 0x800015EE (0x50A0A423) sw a0, 1288(ra)
mem[0x8000561C] <- 0x33333333


mem[X,0x800015F2] -> 0x65B7
mem[X,0x800015F4] -> 0x6666
[1749] [M]: 0x800015F2 (0x666665B7) lui a1, 419430
x11 <- 0x66666000


mem[X,0x800015F6] -> 0x8593
mem[X,0x800015F8] -> 0x6665
[1750] [M]: 0x800015F6 (0x66658593) addi a1, a1, 1638
x11 <- 0x66666666


mem[X,0x800015FA] -> 0x4501
[1751] [M]: 0x800015FA (0x4501) c.li a0, 0
x10 <- 0x00000000


mem[X,0x800015FC] -> 0x8D2D
[1752] [M]: 0x800015FC (0x8D2D) c.xor a0, a1
x10 <- 0x66666666


mem[X,0x800015FE] -> 0xA623
mem[X,0x80001600] -> 0x50A0
[1753] [M]: 0x800015FE (0x50A0A623) sw a0, 1292(ra)
mem[0x80005620] <- 0x66666666


mem[X,0x80001602] -> 0x75D5
[1754] [M]: 0x80001602 (0x75D5) c.lui a1, 53
x11 <- 0xFFFF5000


mem[X,0x80001604] -> 0x8593
mem[X,0x80001606] -> 0xAFC5
[1755] [M]: 0x80001604 (0xAFC58593) addi a1, a1, 2812
x11 <- 0xFFFF4AFC


mem[X,0x80001608] -> 0x4501
[1756] [M]: 0x80001608 (0x4501) c.li a0, 0
x10 <- 0x00000000


mem[X,0x8000160A] -> 0x8D2D
[1757] [M]: 0x8000160A (0x8D2D) c.xor a0, a1
x10 <- 0xFFFF4AFC


mem[X,0x8000160C] -> 0xA823
mem[X,0x8000160E] -> 0x50A0
[1758] [M]: 0x8000160C (0x50A0A823) sw a0, 1296(ra)
mem[0x80005624] <- 0xFFFF4AFC


mem[X,0x80001610] -> 0x65AD
[1759] [M]: 0x80001610 (0x65AD) c.lui a1, 11
x11 <- 0x0000B000


mem[X,0x80001612] -> 0x8593
mem[X,0x80001614] -> 0x5045
[1760] [M]: 0x80001612 (0x50458593) addi a1, a1, 1284
x11 <- 0x0000B504


mem[X,0x80001616] -> 0x4501
[1761] [M]: 0x80001616 (0x4501) c.li a0, 0
x10 <- 0x00000000


mem[X,0x80001618] -> 0x8D2D
[1762] [M]: 0x80001618 (0x8D2D) c.xor a0, a1
x10 <- 0x0000B504


mem[X,0x8000161A] -> 0xAA23
mem[X,0x8000161C] -> 0x50A0
[1763] [M]: 0x8000161A (0x50A0AA23) sw a0, 1300(ra)
mem[0x80005628] <- 0x0000B504


mem[X,0x8000161E] -> 0x4589
[1764] [M]: 0x8000161E (0x4589) c.li a1, 2
x11 <- 0x00000002


mem[X,0x80001620] -> 0x4501
[1765] [M]: 0x80001620 (0x4501) c.li a0, 0
x10 <- 0x00000000


mem[X,0x80001622] -> 0x8D2D
[1766] [M]: 0x80001622 (0x8D2D) c.xor a0, a1
x10 <- 0x00000002


mem[X,0x80001624] -> 0xAC23
mem[X,0x80001626] -> 0x50A0
[1767] [M]: 0x80001624 (0x50A0AC23) sw a0, 1304(ra)
mem[0x8000562C] <- 0x00000002


mem[X,0x80001628] -> 0x75D5
[1768] [M]: 0x80001628 (0x75D5) c.lui a1, 53
x11 <- 0xFFFF5000


mem[X,0x8000162A] -> 0x8593
mem[X,0x8000162C] -> 0xAFD5
[1769] [M]: 0x8000162A (0xAFD58593) addi a1, a1, 2813
x11 <- 0xFFFF4AFD


mem[X,0x8000162E] -> 0xB537
mem[X,0x80001630] -> 0xAAAA
[1770] [M]: 0x8000162E (0xAAAAB537) lui a0, 699051
x10 <- 0xAAAAB000


mem[X,0x80001632] -> 0x0513
mem[X,0x80001634] -> 0xAAB5
[1771] [M]: 0x80001632 (0xAAB50513) addi a0, a0, 2731
x10 <- 0xAAAAAAAB


mem[X,0x80001636] -> 0x8D2D
[1772] [M]: 0x80001636 (0x8D2D) c.xor a0, a1
x10 <- 0x5555E056


mem[X,0x80001638] -> 0xAE23
mem[X,0x8000163A] -> 0x50A0
[1773] [M]: 0x80001638 (0x50A0AE23) sw a0, 1308(ra)
mem[0x80005630] <- 0x5555E056


mem[X,0x8000163C] -> 0x65AD
[1774] [M]: 0x8000163C (0x65AD) c.lui a1, 11
x11 <- 0x0000B000


mem[X,0x8000163E] -> 0x8593
mem[X,0x80001640] -> 0x5055
[1775] [M]: 0x8000163E (0x50558593) addi a1, a1, 1285
x11 <- 0x0000B505


mem[X,0x80001642] -> 0xB537
mem[X,0x80001644] -> 0xAAAA
[1776] [M]: 0x80001642 (0xAAAAB537) lui a0, 699051
x10 <- 0xAAAAB000


mem[X,0x80001646] -> 0x0513
mem[X,0x80001648] -> 0xAAB5
[1777] [M]: 0x80001646 (0xAAB50513) addi a0, a0, 2731
x10 <- 0xAAAAAAAB


mem[X,0x8000164A] -> 0x8D2D
[1778] [M]: 0x8000164A (0x8D2D) c.xor a0, a1
x10 <- 0xAAAA1FAE


mem[X,0x8000164C] -> 0xA023
mem[X,0x8000164E] -> 0x52A0
[1779] [M]: 0x8000164C (0x52A0A023) sw a0, 1312(ra)
mem[0x80005634] <- 0xAAAA1FAE


mem[X,0x80001650] -> 0x458D
[1780] [M]: 0x80001650 (0x458D) c.li a1, 3
x11 <- 0x00000003


mem[X,0x80001652] -> 0x4519
[1781] [M]: 0x80001652 (0x4519) c.li a0, 6
x10 <- 0x00000006


mem[X,0x80001654] -> 0x8D2D
[1782] [M]: 0x80001654 (0x8D2D) c.xor a0, a1
x10 <- 0x00000005


mem[X,0x80001656] -> 0xA223
mem[X,0x80001658] -> 0x52A0
[1783] [M]: 0x80001656 (0x52A0A223) sw a0, 1316(ra)
mem[0x80005638] <- 0x00000005


mem[X,0x8000165A] -> 0x55B7
mem[X,0x8000165C] -> 0x5555
[1784] [M]: 0x8000165A (0x555555B7) lui a1, 349525
x11 <- 0x55555000


mem[X,0x8000165E] -> 0x8593
mem[X,0x80001660] -> 0x5555
[1785] [M]: 0x8000165E (0x55558593) addi a1, a1, 1365
x11 <- 0x55555555


mem[X,0x80001662] -> 0x4519
[1786] [M]: 0x80001662 (0x4519) c.li a0, 6
x10 <- 0x00000006


mem[X,0x80001664] -> 0x8D2D
[1787] [M]: 0x80001664 (0x8D2D) c.xor a0, a1
x10 <- 0x55555553


mem[X,0x80001666] -> 0xA423
mem[X,0x80001668] -> 0x52A0
[1788] [M]: 0x80001666 (0x52A0A423) sw a0, 1320(ra)
mem[0x8000563C] <- 0x55555553


mem[X,0x8000166A] -> 0xB5B7
mem[X,0x8000166C] -> 0xAAAA
[1789] [M]: 0x8000166A (0xAAAAB5B7) lui a1, 699051
x11 <- 0xAAAAB000


mem[X,0x8000166E] -> 0x8593
mem[X,0x80001670] -> 0xAAA5
[1790] [M]: 0x8000166E (0xAAA58593) addi a1, a1, 2730
x11 <- 0xAAAAAAAA


mem[X,0x80001672] -> 0x4519
[1791] [M]: 0x80001672 (0x4519) c.li a0, 6
x10 <- 0x00000006


mem[X,0x80001674] -> 0x8D2D
[1792] [M]: 0x80001674 (0x8D2D) c.xor a0, a1
x10 <- 0xAAAAAAAC


mem[X,0x80001676] -> 0xA623
mem[X,0x80001678] -> 0x52A0
[1793] [M]: 0x80001676 (0x52A0A623) sw a0, 1324(ra)
mem[0x80005640] <- 0xAAAAAAAC


mem[X,0x8000167A] -> 0x4595
[1794] [M]: 0x8000167A (0x4595) c.li a1, 5
x11 <- 0x00000005


mem[X,0x8000167C] -> 0x4519
[1795] [M]: 0x8000167C (0x4519) c.li a0, 6
x10 <- 0x00000006


mem[X,0x8000167E] -> 0x8D2D
[1796] [M]: 0x8000167E (0x8D2D) c.xor a0, a1
x10 <- 0x00000003


mem[X,0x80001680] -> 0xA823
mem[X,0x80001682] -> 0x52A0
[1797] [M]: 0x80001680 (0x52A0A823) sw a0, 1328(ra)
mem[0x80005644] <- 0x00000003


mem[X,0x80001684] -> 0x35B7
mem[X,0x80001686] -> 0x3333
[1798] [M]: 0x80001684 (0x333335B7) lui a1, 209715
x11 <- 0x33333000


mem[X,0x80001688] -> 0x8593
mem[X,0x8000168A] -> 0x3335
[1799] [M]: 0x80001688 (0x33358593) addi a1, a1, 819
x11 <- 0x33333333


clint::tick mtime <- 0x0000000000000012
 clint timer pending at mtime 0x0000000000000012
htif::tick 0x0000000000000000
mem[X,0x8000168C] -> 0x4519
[1800] [M]: 0x8000168C (0x4519) c.li a0, 6
x10 <- 0x00000006


mem[X,0x8000168E] -> 0x8D2D
[1801] [M]: 0x8000168E (0x8D2D) c.xor a0, a1
x10 <- 0x33333335


mem[X,0x80001690] -> 0xAA23
mem[X,0x80001692] -> 0x52A0
[1802] [M]: 0x80001690 (0x52A0AA23) sw a0, 1332(ra)
mem[0x80005648] <- 0x33333335


mem[X,0x80001694] -> 0x65B7
mem[X,0x80001696] -> 0x6666
[1803] [M]: 0x80001694 (0x666665B7) lui a1, 419430
x11 <- 0x66666000


mem[X,0x80001698] -> 0x8593
mem[X,0x8000169A] -> 0x6665
[1804] [M]: 0x80001698 (0x66658593) addi a1, a1, 1638
x11 <- 0x66666666


mem[X,0x8000169C] -> 0x4519
[1805] [M]: 0x8000169C (0x4519) c.li a0, 6
x10 <- 0x00000006


mem[X,0x8000169E] -> 0x8D2D
[1806] [M]: 0x8000169E (0x8D2D) c.xor a0, a1
x10 <- 0x66666660


mem[X,0x800016A0] -> 0xAC23
mem[X,0x800016A2] -> 0x52A0
[1807] [M]: 0x800016A0 (0x52A0AC23) sw a0, 1336(ra)
mem[0x8000564C] <- 0x66666660


mem[X,0x800016A4] -> 0x75D5
[1808] [M]: 0x800016A4 (0x75D5) c.lui a1, 53
x11 <- 0xFFFF5000


mem[X,0x800016A6] -> 0x8593
mem[X,0x800016A8] -> 0xAFC5
[1809] [M]: 0x800016A6 (0xAFC58593) addi a1, a1, 2812
x11 <- 0xFFFF4AFC


mem[X,0x800016AA] -> 0x4519
[1810] [M]: 0x800016AA (0x4519) c.li a0, 6
x10 <- 0x00000006


mem[X,0x800016AC] -> 0x8D2D
[1811] [M]: 0x800016AC (0x8D2D) c.xor a0, a1
x10 <- 0xFFFF4AFA


mem[X,0x800016AE] -> 0xAE23
mem[X,0x800016B0] -> 0x52A0
[1812] [M]: 0x800016AE (0x52A0AE23) sw a0, 1340(ra)
mem[0x80005650] <- 0xFFFF4AFA


mem[X,0x800016B2] -> 0x65AD
[1813] [M]: 0x800016B2 (0x65AD) c.lui a1, 11
x11 <- 0x0000B000


mem[X,0x800016B4] -> 0x8593
mem[X,0x800016B6] -> 0x5045
[1814] [M]: 0x800016B4 (0x50458593) addi a1, a1, 1284
x11 <- 0x0000B504


mem[X,0x800016B8] -> 0x4519
[1815] [M]: 0x800016B8 (0x4519) c.li a0, 6
x10 <- 0x00000006


mem[X,0x800016BA] -> 0x8D2D
[1816] [M]: 0x800016BA (0x8D2D) c.xor a0, a1
x10 <- 0x0000B502


mem[X,0x800016BC] -> 0xA023
mem[X,0x800016BE] -> 0x54A0
[1817] [M]: 0x800016BC (0x54A0A023) sw a0, 1344(ra)
mem[0x80005654] <- 0x0000B502


mem[X,0x800016C0] -> 0x4589
[1818] [M]: 0x800016C0 (0x4589) c.li a1, 2
x11 <- 0x00000002


mem[X,0x800016C2] -> 0x4519
[1819] [M]: 0x800016C2 (0x4519) c.li a0, 6
x10 <- 0x00000006


mem[X,0x800016C4] -> 0x8D2D
[1820] [M]: 0x800016C4 (0x8D2D) c.xor a0, a1
x10 <- 0x00000004


mem[X,0x800016C6] -> 0xA223
mem[X,0x800016C8] -> 0x54A0
[1821] [M]: 0x800016C6 (0x54A0A223) sw a0, 1348(ra)
mem[0x80005658] <- 0x00000004


mem[X,0x800016CA] -> 0x55B7
mem[X,0x800016CC] -> 0x5555
[1822] [M]: 0x800016CA (0x555555B7) lui a1, 349525
x11 <- 0x55555000


mem[X,0x800016CE] -> 0x8593
mem[X,0x800016D0] -> 0x5545
[1823] [M]: 0x800016CE (0x55458593) addi a1, a1, 1364
x11 <- 0x55555554


mem[X,0x800016D2] -> 0x4519
[1824] [M]: 0x800016D2 (0x4519) c.li a0, 6
x10 <- 0x00000006


mem[X,0x800016D4] -> 0x8D2D
[1825] [M]: 0x800016D4 (0x8D2D) c.xor a0, a1
x10 <- 0x55555552


mem[X,0x800016D6] -> 0xA423
mem[X,0x800016D8] -> 0x54A0
[1826] [M]: 0x800016D6 (0x54A0A423) sw a0, 1352(ra)
mem[0x8000565C] <- 0x55555552


mem[X,0x800016DA] -> 0x4581
[1827] [M]: 0x800016DA (0x4581) c.li a1, 0
x11 <- 0x00000000


mem[X,0x800016DC] -> 0x4519
[1828] [M]: 0x800016DC (0x4519) c.li a0, 6
x10 <- 0x00000006


mem[X,0x800016DE] -> 0x8D2D
[1829] [M]: 0x800016DE (0x8D2D) c.xor a0, a1
x10 <- 0x00000006


mem[X,0x800016E0] -> 0xA623
mem[X,0x800016E2] -> 0x54A0
[1830] [M]: 0x800016E0 (0x54A0A623) sw a0, 1356(ra)
mem[0x80005660] <- 0x00000006


mem[X,0x800016E4] -> 0x4591
[1831] [M]: 0x800016E4 (0x4591) c.li a1, 4
x11 <- 0x00000004


mem[X,0x800016E6] -> 0x4519
[1832] [M]: 0x800016E6 (0x4519) c.li a0, 6
x10 <- 0x00000006


mem[X,0x800016E8] -> 0x8D2D
[1833] [M]: 0x800016E8 (0x8D2D) c.xor a0, a1
x10 <- 0x00000002


mem[X,0x800016EA] -> 0xA823
mem[X,0x800016EC] -> 0x54A0
[1834] [M]: 0x800016EA (0x54A0A823) sw a0, 1360(ra)
mem[0x80005664] <- 0x00000002


mem[X,0x800016EE] -> 0x35B7
mem[X,0x800016F0] -> 0x3333
[1835] [M]: 0x800016EE (0x333335B7) lui a1, 209715
x11 <- 0x33333000


mem[X,0x800016F2] -> 0x8593
mem[X,0x800016F4] -> 0x3325
[1836] [M]: 0x800016F2 (0x33258593) addi a1, a1, 818
x11 <- 0x33333332


mem[X,0x800016F6] -> 0x4519
[1837] [M]: 0x800016F6 (0x4519) c.li a0, 6
x10 <- 0x00000006


mem[X,0x800016F8] -> 0x8D2D
[1838] [M]: 0x800016F8 (0x8D2D) c.xor a0, a1
x10 <- 0x33333334


mem[X,0x800016FA] -> 0xAA23
mem[X,0x800016FC] -> 0x54A0
[1839] [M]: 0x800016FA (0x54A0AA23) sw a0, 1364(ra)
mem[0x80005668] <- 0x33333334


mem[X,0x800016FE] -> 0x65B7
mem[X,0x80001700] -> 0x6666
[1840] [M]: 0x800016FE (0x666665B7) lui a1, 419430
x11 <- 0x66666000


mem[X,0x80001702] -> 0x8593
mem[X,0x80001704] -> 0x6655
[1841] [M]: 0x80001702 (0x66558593) addi a1, a1, 1637
x11 <- 0x66666665


mem[X,0x80001706] -> 0x4519
[1842] [M]: 0x80001706 (0x4519) c.li a0, 6
x10 <- 0x00000006


mem[X,0x80001708] -> 0x8D2D
[1843] [M]: 0x80001708 (0x8D2D) c.xor a0, a1
x10 <- 0x66666663


mem[X,0x8000170A] -> 0xAC23
mem[X,0x8000170C] -> 0x54A0
[1844] [M]: 0x8000170A (0x54A0AC23) sw a0, 1368(ra)
mem[0x8000566C] <- 0x66666663


mem[X,0x8000170E] -> 0x65AD
[1845] [M]: 0x8000170E (0x65AD) c.lui a1, 11
x11 <- 0x0000B000


mem[X,0x80001710] -> 0x8593
mem[X,0x80001712] -> 0x5035
[1846] [M]: 0x80001710 (0x50358593) addi a1, a1, 1283
x11 <- 0x0000B503


mem[X,0x80001714] -> 0x4519
[1847] [M]: 0x80001714 (0x4519) c.li a0, 6
x10 <- 0x00000006


mem[X,0x80001716] -> 0x8D2D
[1848] [M]: 0x80001716 (0x8D2D) c.xor a0, a1
x10 <- 0x0000B505


mem[X,0x80001718] -> 0xAE23
mem[X,0x8000171A] -> 0x54A0
[1849] [M]: 0x80001718 (0x54A0AE23) sw a0, 1372(ra)
mem[0x80005670] <- 0x0000B505


mem[X,0x8000171C] -> 0x55B7
mem[X,0x8000171E] -> 0x5555
[1850] [M]: 0x8000171C (0x555555B7) lui a1, 349525
x11 <- 0x55555000


mem[X,0x80001720] -> 0x8593
mem[X,0x80001722] -> 0x5565
[1851] [M]: 0x80001720 (0x55658593) addi a1, a1, 1366
x11 <- 0x55555556


mem[X,0x80001724] -> 0x4519
[1852] [M]: 0x80001724 (0x4519) c.li a0, 6
x10 <- 0x00000006


mem[X,0x80001726] -> 0x8D2D
[1853] [M]: 0x80001726 (0x8D2D) c.xor a0, a1
x10 <- 0x55555550


mem[X,0x80001728] -> 0xA023
mem[X,0x8000172A] -> 0x56A0
[1854] [M]: 0x80001728 (0x56A0A023) sw a0, 1376(ra)
mem[0x80005674] <- 0x55555550


mem[X,0x8000172C] -> 0xB5B7
mem[X,0x8000172E] -> 0xAAAA
[1855] [M]: 0x8000172C (0xAAAAB5B7) lui a1, 699051
x11 <- 0xAAAAB000


mem[X,0x80001730] -> 0x8593
mem[X,0x80001732] -> 0xAAB5
[1856] [M]: 0x80001730 (0xAAB58593) addi a1, a1, 2731
x11 <- 0xAAAAAAAB


mem[X,0x80001734] -> 0x4519
[1857] [M]: 0x80001734 (0x4519) c.li a0, 6
x10 <- 0x00000006


mem[X,0x80001736] -> 0x8D2D
[1858] [M]: 0x80001736 (0x8D2D) c.xor a0, a1
x10 <- 0xAAAAAAAD


mem[X,0x80001738] -> 0xA223
mem[X,0x8000173A] -> 0x56A0
[1859] [M]: 0x80001738 (0x56A0A223) sw a0, 1380(ra)
mem[0x80005678] <- 0xAAAAAAAD


mem[X,0x8000173C] -> 0x4599
[1860] [M]: 0x8000173C (0x4599) c.li a1, 6
x11 <- 0x00000006


mem[X,0x8000173E] -> 0x4519
[1861] [M]: 0x8000173E (0x4519) c.li a0, 6
x10 <- 0x00000006


mem[X,0x80001740] -> 0x8D2D
[1862] [M]: 0x80001740 (0x8D2D) c.xor a0, a1
x10 <- 0x00000000


mem[X,0x80001742] -> 0xA423
mem[X,0x80001744] -> 0x56A0
[1863] [M]: 0x80001742 (0x56A0A423) sw a0, 1384(ra)
mem[0x8000567C] <- 0x00000000


mem[X,0x80001746] -> 0x35B7
mem[X,0x80001748] -> 0x3333
[1864] [M]: 0x80001746 (0x333335B7) lui a1, 209715
x11 <- 0x33333000


mem[X,0x8000174A] -> 0x8593
mem[X,0x8000174C] -> 0x3345
[1865] [M]: 0x8000174A (0x33458593) addi a1, a1, 820
x11 <- 0x33333334


mem[X,0x8000174E] -> 0x4519
[1866] [M]: 0x8000174E (0x4519) c.li a0, 6
x10 <- 0x00000006


mem[X,0x80001750] -> 0x8D2D
[1867] [M]: 0x80001750 (0x8D2D) c.xor a0, a1
x10 <- 0x33333332


mem[X,0x80001752] -> 0xA623
mem[X,0x80001754] -> 0x56A0
[1868] [M]: 0x80001752 (0x56A0A623) sw a0, 1388(ra)
mem[0x80005680] <- 0x33333332


mem[X,0x80001756] -> 0x65B7
mem[X,0x80001758] -> 0x6666
[1869] [M]: 0x80001756 (0x666665B7) lui a1, 419430
x11 <- 0x66666000


mem[X,0x8000175A] -> 0x8593
mem[X,0x8000175C] -> 0x6675
[1870] [M]: 0x8000175A (0x66758593) addi a1, a1, 1639
x11 <- 0x66666667


mem[X,0x8000175E] -> 0x4519
[1871] [M]: 0x8000175E (0x4519) c.li a0, 6
x10 <- 0x00000006


mem[X,0x80001760] -> 0x8D2D
[1872] [M]: 0x80001760 (0x8D2D) c.xor a0, a1
x10 <- 0x66666661


mem[X,0x80001762] -> 0xA823
mem[X,0x80001764] -> 0x56A0
[1873] [M]: 0x80001762 (0x56A0A823) sw a0, 1392(ra)
mem[0x80005684] <- 0x66666661


mem[X,0x80001766] -> 0x75D5
[1874] [M]: 0x80001766 (0x75D5) c.lui a1, 53
x11 <- 0xFFFF5000


mem[X,0x80001768] -> 0x8593
mem[X,0x8000176A] -> 0xAFD5
[1875] [M]: 0x80001768 (0xAFD58593) addi a1, a1, 2813
x11 <- 0xFFFF4AFD


mem[X,0x8000176C] -> 0x4519
[1876] [M]: 0x8000176C (0x4519) c.li a0, 6
x10 <- 0x00000006


mem[X,0x8000176E] -> 0x8D2D
[1877] [M]: 0x8000176E (0x8D2D) c.xor a0, a1
x10 <- 0xFFFF4AFB


mem[X,0x80001770] -> 0xAA23
mem[X,0x80001772] -> 0x56A0
[1878] [M]: 0x80001770 (0x56A0AA23) sw a0, 1396(ra)
mem[0x80005688] <- 0xFFFF4AFB


mem[X,0x80001774] -> 0x65AD
[1879] [M]: 0x80001774 (0x65AD) c.lui a1, 11
x11 <- 0x0000B000


mem[X,0x80001776] -> 0x8593
mem[X,0x80001778] -> 0x5055
[1880] [M]: 0x80001776 (0x50558593) addi a1, a1, 1285
x11 <- 0x0000B505


mem[X,0x8000177A] -> 0x4519
[1881] [M]: 0x8000177A (0x4519) c.li a0, 6
x10 <- 0x00000006


mem[X,0x8000177C] -> 0x8D2D
[1882] [M]: 0x8000177C (0x8D2D) c.xor a0, a1
x10 <- 0x0000B503


mem[X,0x8000177E] -> 0xAC23
mem[X,0x80001780] -> 0x56A0
[1883] [M]: 0x8000177E (0x56A0AC23) sw a0, 1400(ra)
mem[0x8000568C] <- 0x0000B503


mem[X,0x80001782] -> 0x458D
[1884] [M]: 0x80001782 (0x458D) c.li a1, 3
x11 <- 0x00000003


mem[X,0x80001784] -> 0x3537
mem[X,0x80001786] -> 0x3333
[1885] [M]: 0x80001784 (0x33333537) lui a0, 209715
x10 <- 0x33333000


mem[X,0x80001788] -> 0x0513
mem[X,0x8000178A] -> 0x3345
[1886] [M]: 0x80001788 (0x33450513) addi a0, a0, 820
x10 <- 0x33333334


mem[X,0x8000178C] -> 0x8D2D
[1887] [M]: 0x8000178C (0x8D2D) c.xor a0, a1
x10 <- 0x33333337


mem[X,0x8000178E] -> 0xAE23
mem[X,0x80001790] -> 0x56A0
[1888] [M]: 0x8000178E (0x56A0AE23) sw a0, 1404(ra)
mem[0x80005690] <- 0x33333337


mem[X,0x80001792] -> 0x55B7
mem[X,0x80001794] -> 0x5555
[1889] [M]: 0x80001792 (0x555555B7) lui a1, 349525
x11 <- 0x55555000


mem[X,0x80001796] -> 0x8593
mem[X,0x80001798] -> 0x5555
[1890] [M]: 0x80001796 (0x55558593) addi a1, a1, 1365
x11 <- 0x55555555


mem[X,0x8000179A] -> 0x3537
mem[X,0x8000179C] -> 0x3333
[1891] [M]: 0x8000179A (0x33333537) lui a0, 209715
x10 <- 0x33333000


mem[X,0x8000179E] -> 0x0513
mem[X,0x800017A0] -> 0x3345
[1892] [M]: 0x8000179E (0x33450513) addi a0, a0, 820
x10 <- 0x33333334


mem[X,0x800017A2] -> 0x8D2D
[1893] [M]: 0x800017A2 (0x8D2D) c.xor a0, a1
x10 <- 0x66666661


mem[X,0x800017A4] -> 0xA023
mem[X,0x800017A6] -> 0x58A0
[1894] [M]: 0x800017A4 (0x58A0A023) sw a0, 1408(ra)
mem[0x80005694] <- 0x66666661


mem[X,0x800017A8] -> 0xB5B7
mem[X,0x800017AA] -> 0xAAAA
[1895] [M]: 0x800017A8 (0xAAAAB5B7) lui a1, 699051
x11 <- 0xAAAAB000


mem[X,0x800017AC] -> 0x8593
mem[X,0x800017AE] -> 0xAAA5
[1896] [M]: 0x800017AC (0xAAA58593) addi a1, a1, 2730
x11 <- 0xAAAAAAAA


mem[X,0x800017B0] -> 0x3537
mem[X,0x800017B2] -> 0x3333
[1897] [M]: 0x800017B0 (0x33333537) lui a0, 209715
x10 <- 0x33333000


mem[X,0x800017B4] -> 0x0513
mem[X,0x800017B6] -> 0x3345
[1898] [M]: 0x800017B4 (0x33450513) addi a0, a0, 820
x10 <- 0x33333334


mem[X,0x800017B8] -> 0x8D2D
[1899] [M]: 0x800017B8 (0x8D2D) c.xor a0, a1
x10 <- 0x9999999E


clint::tick mtime <- 0x0000000000000013
 clint timer pending at mtime 0x0000000000000013
htif::tick 0x0000000000000000
mem[X,0x800017BA] -> 0xA223
mem[X,0x800017BC] -> 0x58A0
[1900] [M]: 0x800017BA (0x58A0A223) sw a0, 1412(ra)
mem[0x80005698] <- 0x9999999E


mem[X,0x800017BE] -> 0x4595
[1901] [M]: 0x800017BE (0x4595) c.li a1, 5
x11 <- 0x00000005


mem[X,0x800017C0] -> 0x3537
mem[X,0x800017C2] -> 0x3333
[1902] [M]: 0x800017C0 (0x33333537) lui a0, 209715
x10 <- 0x33333000


mem[X,0x800017C4] -> 0x0513
mem[X,0x800017C6] -> 0x3345
[1903] [M]: 0x800017C4 (0x33450513) addi a0, a0, 820
x10 <- 0x33333334


mem[X,0x800017C8] -> 0x8D2D
[1904] [M]: 0x800017C8 (0x8D2D) c.xor a0, a1
x10 <- 0x33333331


mem[X,0x800017CA] -> 0xA423
mem[X,0x800017CC] -> 0x58A0
[1905] [M]: 0x800017CA (0x58A0A423) sw a0, 1416(ra)
mem[0x8000569C] <- 0x33333331


mem[X,0x800017CE] -> 0x35B7
mem[X,0x800017D0] -> 0x3333
[1906] [M]: 0x800017CE (0x333335B7) lui a1, 209715
x11 <- 0x33333000


mem[X,0x800017D2] -> 0x8593
mem[X,0x800017D4] -> 0x3335
[1907] [M]: 0x800017D2 (0x33358593) addi a1, a1, 819
x11 <- 0x33333333


mem[X,0x800017D6] -> 0x3537
mem[X,0x800017D8] -> 0x3333
[1908] [M]: 0x800017D6 (0x33333537) lui a0, 209715
x10 <- 0x33333000


mem[X,0x800017DA] -> 0x0513
mem[X,0x800017DC] -> 0x3345
[1909] [M]: 0x800017DA (0x33450513) addi a0, a0, 820
x10 <- 0x33333334


mem[X,0x800017DE] -> 0x8D2D
[1910] [M]: 0x800017DE (0x8D2D) c.xor a0, a1
x10 <- 0x00000007


mem[X,0x800017E0] -> 0xA623
mem[X,0x800017E2] -> 0x58A0
[1911] [M]: 0x800017E0 (0x58A0A623) sw a0, 1420(ra)
mem[0x800056A0] <- 0x00000007


mem[X,0x800017E4] -> 0x65B7
mem[X,0x800017E6] -> 0x6666
[1912] [M]: 0x800017E4 (0x666665B7) lui a1, 419430
x11 <- 0x66666000


mem[X,0x800017E8] -> 0x8593
mem[X,0x800017EA] -> 0x6665
[1913] [M]: 0x800017E8 (0x66658593) addi a1, a1, 1638
x11 <- 0x66666666


mem[X,0x800017EC] -> 0x3537
mem[X,0x800017EE] -> 0x3333
[1914] [M]: 0x800017EC (0x33333537) lui a0, 209715
x10 <- 0x33333000


mem[X,0x800017F0] -> 0x0513
mem[X,0x800017F2] -> 0x3345
[1915] [M]: 0x800017F0 (0x33450513) addi a0, a0, 820
x10 <- 0x33333334


mem[X,0x800017F4] -> 0x8D2D
[1916] [M]: 0x800017F4 (0x8D2D) c.xor a0, a1
x10 <- 0x55555552


mem[X,0x800017F6] -> 0xA823
mem[X,0x800017F8] -> 0x58A0
[1917] [M]: 0x800017F6 (0x58A0A823) sw a0, 1424(ra)
mem[0x800056A4] <- 0x55555552


mem[X,0x800017FA] -> 0x75D5
[1918] [M]: 0x800017FA (0x75D5) c.lui a1, 53
x11 <- 0xFFFF5000


mem[X,0x800017FC] -> 0x8593
mem[X,0x800017FE] -> 0xAFC5
[1919] [M]: 0x800017FC (0xAFC58593) addi a1, a1, 2812
x11 <- 0xFFFF4AFC


mem[X,0x80001800] -> 0x3537
mem[X,0x80001802] -> 0x3333
[1920] [M]: 0x80001800 (0x33333537) lui a0, 209715
x10 <- 0x33333000


mem[X,0x80001804] -> 0x0513
mem[X,0x80001806] -> 0x3345
[1921] [M]: 0x80001804 (0x33450513) addi a0, a0, 820
x10 <- 0x33333334


mem[X,0x80001808] -> 0x8D2D
[1922] [M]: 0x80001808 (0x8D2D) c.xor a0, a1
x10 <- 0xCCCC79C8


mem[X,0x8000180A] -> 0xAA23
mem[X,0x8000180C] -> 0x58A0
[1923] [M]: 0x8000180A (0x58A0AA23) sw a0, 1428(ra)
mem[0x800056A8] <- 0xCCCC79C8


mem[X,0x8000180E] -> 0x65AD
[1924] [M]: 0x8000180E (0x65AD) c.lui a1, 11
x11 <- 0x0000B000


mem[X,0x80001810] -> 0x8593
mem[X,0x80001812] -> 0x5045
[1925] [M]: 0x80001810 (0x50458593) addi a1, a1, 1284
x11 <- 0x0000B504


mem[X,0x80001814] -> 0x3537
mem[X,0x80001816] -> 0x3333
[1926] [M]: 0x80001814 (0x33333537) lui a0, 209715
x10 <- 0x33333000


mem[X,0x80001818] -> 0x0513
mem[X,0x8000181A] -> 0x3345
[1927] [M]: 0x80001818 (0x33450513) addi a0, a0, 820
x10 <- 0x33333334


mem[X,0x8000181C] -> 0x8D2D
[1928] [M]: 0x8000181C (0x8D2D) c.xor a0, a1
x10 <- 0x33338630


mem[X,0x8000181E] -> 0xAC23
mem[X,0x80001820] -> 0x58A0
[1929] [M]: 0x8000181E (0x58A0AC23) sw a0, 1432(ra)
mem[0x800056AC] <- 0x33338630


mem[X,0x80001822] -> 0x4589
[1930] [M]: 0x80001822 (0x4589) c.li a1, 2
x11 <- 0x00000002


mem[X,0x80001824] -> 0x3537
mem[X,0x80001826] -> 0x3333
[1931] [M]: 0x80001824 (0x33333537) lui a0, 209715
x10 <- 0x33333000


mem[X,0x80001828] -> 0x0513
mem[X,0x8000182A] -> 0x3345
[1932] [M]: 0x80001828 (0x33450513) addi a0, a0, 820
x10 <- 0x33333334


mem[X,0x8000182C] -> 0x8D2D
[1933] [M]: 0x8000182C (0x8D2D) c.xor a0, a1
x10 <- 0x33333336


mem[X,0x8000182E] -> 0xAE23
mem[X,0x80001830] -> 0x58A0
[1934] [M]: 0x8000182E (0x58A0AE23) sw a0, 1436(ra)
mem[0x800056B0] <- 0x33333336


mem[X,0x80001832] -> 0x55B7
mem[X,0x80001834] -> 0x5555
[1935] [M]: 0x80001832 (0x555555B7) lui a1, 349525
x11 <- 0x55555000


mem[X,0x80001836] -> 0x8593
mem[X,0x80001838] -> 0x5545
[1936] [M]: 0x80001836 (0x55458593) addi a1, a1, 1364
x11 <- 0x55555554


mem[X,0x8000183A] -> 0x3537
mem[X,0x8000183C] -> 0x3333
[1937] [M]: 0x8000183A (0x33333537) lui a0, 209715
x10 <- 0x33333000


mem[X,0x8000183E] -> 0x0513
mem[X,0x80001840] -> 0x3345
[1938] [M]: 0x8000183E (0x33450513) addi a0, a0, 820
x10 <- 0x33333334


mem[X,0x80001842] -> 0x8D2D
[1939] [M]: 0x80001842 (0x8D2D) c.xor a0, a1
x10 <- 0x66666660


mem[X,0x80001844] -> 0xA023
mem[X,0x80001846] -> 0x5AA0
[1940] [M]: 0x80001844 (0x5AA0A023) sw a0, 1440(ra)
mem[0x800056B4] <- 0x66666660


mem[X,0x80001848] -> 0x4581
[1941] [M]: 0x80001848 (0x4581) c.li a1, 0
x11 <- 0x00000000


mem[X,0x8000184A] -> 0x3537
mem[X,0x8000184C] -> 0x3333
[1942] [M]: 0x8000184A (0x33333537) lui a0, 209715
x10 <- 0x33333000


mem[X,0x8000184E] -> 0x0513
mem[X,0x80001850] -> 0x3345
[1943] [M]: 0x8000184E (0x33450513) addi a0, a0, 820
x10 <- 0x33333334


mem[X,0x80001852] -> 0x8D2D
[1944] [M]: 0x80001852 (0x8D2D) c.xor a0, a1
x10 <- 0x33333334


mem[X,0x80001854] -> 0xA223
mem[X,0x80001856] -> 0x5AA0
[1945] [M]: 0x80001854 (0x5AA0A223) sw a0, 1444(ra)
mem[0x800056B8] <- 0x33333334


mem[X,0x80001858] -> 0x4591
[1946] [M]: 0x80001858 (0x4591) c.li a1, 4
x11 <- 0x00000004


mem[X,0x8000185A] -> 0x3537
mem[X,0x8000185C] -> 0x3333
[1947] [M]: 0x8000185A (0x33333537) lui a0, 209715
x10 <- 0x33333000


mem[X,0x8000185E] -> 0x0513
mem[X,0x80001860] -> 0x3345
[1948] [M]: 0x8000185E (0x33450513) addi a0, a0, 820
x10 <- 0x33333334


mem[X,0x80001862] -> 0x8D2D
[1949] [M]: 0x80001862 (0x8D2D) c.xor a0, a1
x10 <- 0x33333330


mem[X,0x80001864] -> 0xA423
mem[X,0x80001866] -> 0x5AA0
[1950] [M]: 0x80001864 (0x5AA0A423) sw a0, 1448(ra)
mem[0x800056BC] <- 0x33333330


mem[X,0x80001868] -> 0x35B7
mem[X,0x8000186A] -> 0x3333
[1951] [M]: 0x80001868 (0x333335B7) lui a1, 209715
x11 <- 0x33333000


mem[X,0x8000186C] -> 0x8593
mem[X,0x8000186E] -> 0x3325
[1952] [M]: 0x8000186C (0x33258593) addi a1, a1, 818
x11 <- 0x33333332


mem[X,0x80001870] -> 0x3537
mem[X,0x80001872] -> 0x3333
[1953] [M]: 0x80001870 (0x33333537) lui a0, 209715
x10 <- 0x33333000


mem[X,0x80001874] -> 0x0513
mem[X,0x80001876] -> 0x3345
[1954] [M]: 0x80001874 (0x33450513) addi a0, a0, 820
x10 <- 0x33333334


mem[X,0x80001878] -> 0x8D2D
[1955] [M]: 0x80001878 (0x8D2D) c.xor a0, a1
x10 <- 0x00000006


mem[X,0x8000187A] -> 0xA623
mem[X,0x8000187C] -> 0x5AA0
[1956] [M]: 0x8000187A (0x5AA0A623) sw a0, 1452(ra)
mem[0x800056C0] <- 0x00000006


mem[X,0x8000187E] -> 0x65B7
mem[X,0x80001880] -> 0x6666
[1957] [M]: 0x8000187E (0x666665B7) lui a1, 419430
x11 <- 0x66666000


mem[X,0x80001882] -> 0x8593
mem[X,0x80001884] -> 0x6655
[1958] [M]: 0x80001882 (0x66558593) addi a1, a1, 1637
x11 <- 0x66666665


mem[X,0x80001886] -> 0x3537
mem[X,0x80001888] -> 0x3333
[1959] [M]: 0x80001886 (0x33333537) lui a0, 209715
x10 <- 0x33333000


mem[X,0x8000188A] -> 0x0513
mem[X,0x8000188C] -> 0x3345
[1960] [M]: 0x8000188A (0x33450513) addi a0, a0, 820
x10 <- 0x33333334


mem[X,0x8000188E] -> 0x8D2D
[1961] [M]: 0x8000188E (0x8D2D) c.xor a0, a1
x10 <- 0x55555551


mem[X,0x80001890] -> 0xA823
mem[X,0x80001892] -> 0x5AA0
[1962] [M]: 0x80001890 (0x5AA0A823) sw a0, 1456(ra)
mem[0x800056C4] <- 0x55555551


mem[X,0x80001894] -> 0x65AD
[1963] [M]: 0x80001894 (0x65AD) c.lui a1, 11
x11 <- 0x0000B000


mem[X,0x80001896] -> 0x8593
mem[X,0x80001898] -> 0x5035
[1964] [M]: 0x80001896 (0x50358593) addi a1, a1, 1283
x11 <- 0x0000B503


mem[X,0x8000189A] -> 0x3537
mem[X,0x8000189C] -> 0x3333
[1965] [M]: 0x8000189A (0x33333537) lui a0, 209715
x10 <- 0x33333000


mem[X,0x8000189E] -> 0x0513
mem[X,0x800018A0] -> 0x3345
[1966] [M]: 0x8000189E (0x33450513) addi a0, a0, 820
x10 <- 0x33333334


mem[X,0x800018A2] -> 0x8D2D
[1967] [M]: 0x800018A2 (0x8D2D) c.xor a0, a1
x10 <- 0x33338637


mem[X,0x800018A4] -> 0xAA23
mem[X,0x800018A6] -> 0x5AA0
[1968] [M]: 0x800018A4 (0x5AA0AA23) sw a0, 1460(ra)
mem[0x800056C8] <- 0x33338637


mem[X,0x800018A8] -> 0x55B7
mem[X,0x800018AA] -> 0x5555
[1969] [M]: 0x800018A8 (0x555555B7) lui a1, 349525
x11 <- 0x55555000


mem[X,0x800018AC] -> 0x8593
mem[X,0x800018AE] -> 0x5565
[1970] [M]: 0x800018AC (0x55658593) addi a1, a1, 1366
x11 <- 0x55555556


mem[X,0x800018B0] -> 0x3537
mem[X,0x800018B2] -> 0x3333
[1971] [M]: 0x800018B0 (0x33333537) lui a0, 209715
x10 <- 0x33333000


mem[X,0x800018B4] -> 0x0513
mem[X,0x800018B6] -> 0x3345
[1972] [M]: 0x800018B4 (0x33450513) addi a0, a0, 820
x10 <- 0x33333334


mem[X,0x800018B8] -> 0x8D2D
[1973] [M]: 0x800018B8 (0x8D2D) c.xor a0, a1
x10 <- 0x66666662


mem[X,0x800018BA] -> 0xAC23
mem[X,0x800018BC] -> 0x5AA0
[1974] [M]: 0x800018BA (0x5AA0AC23) sw a0, 1464(ra)
mem[0x800056CC] <- 0x66666662


mem[X,0x800018BE] -> 0xB5B7
mem[X,0x800018C0] -> 0xAAAA
[1975] [M]: 0x800018BE (0xAAAAB5B7) lui a1, 699051
x11 <- 0xAAAAB000


mem[X,0x800018C2] -> 0x8593
mem[X,0x800018C4] -> 0xAAB5
[1976] [M]: 0x800018C2 (0xAAB58593) addi a1, a1, 2731
x11 <- 0xAAAAAAAB


mem[X,0x800018C6] -> 0x3537
mem[X,0x800018C8] -> 0x3333
[1977] [M]: 0x800018C6 (0x33333537) lui a0, 209715
x10 <- 0x33333000


mem[X,0x800018CA] -> 0x0513
mem[X,0x800018CC] -> 0x3345
[1978] [M]: 0x800018CA (0x33450513) addi a0, a0, 820
x10 <- 0x33333334


mem[X,0x800018CE] -> 0x8D2D
[1979] [M]: 0x800018CE (0x8D2D) c.xor a0, a1
x10 <- 0x9999999F


mem[X,0x800018D0] -> 0xAE23
mem[X,0x800018D2] -> 0x5AA0
[1980] [M]: 0x800018D0 (0x5AA0AE23) sw a0, 1468(ra)
mem[0x800056D0] <- 0x9999999F


mem[X,0x800018D4] -> 0x4599
[1981] [M]: 0x800018D4 (0x4599) c.li a1, 6
x11 <- 0x00000006


mem[X,0x800018D6] -> 0x3537
mem[X,0x800018D8] -> 0x3333
[1982] [M]: 0x800018D6 (0x33333537) lui a0, 209715
x10 <- 0x33333000


mem[X,0x800018DA] -> 0x0513
mem[X,0x800018DC] -> 0x3345
[1983] [M]: 0x800018DA (0x33450513) addi a0, a0, 820
x10 <- 0x33333334


mem[X,0x800018DE] -> 0x8D2D
[1984] [M]: 0x800018DE (0x8D2D) c.xor a0, a1
x10 <- 0x33333332


mem[X,0x800018E0] -> 0xA023
mem[X,0x800018E2] -> 0x5CA0
[1985] [M]: 0x800018E0 (0x5CA0A023) sw a0, 1472(ra)
mem[0x800056D4] <- 0x33333332


mem[X,0x800018E4] -> 0x35B7
mem[X,0x800018E6] -> 0x3333
[1986] [M]: 0x800018E4 (0x333335B7) lui a1, 209715
x11 <- 0x33333000


mem[X,0x800018E8] -> 0x8593
mem[X,0x800018EA] -> 0x3345
[1987] [M]: 0x800018E8 (0x33458593) addi a1, a1, 820
x11 <- 0x33333334


mem[X,0x800018EC] -> 0x3537
mem[X,0x800018EE] -> 0x3333
[1988] [M]: 0x800018EC (0x33333537) lui a0, 209715
x10 <- 0x33333000


mem[X,0x800018F0] -> 0x0513
mem[X,0x800018F2] -> 0x3345
[1989] [M]: 0x800018F0 (0x33450513) addi a0, a0, 820
x10 <- 0x33333334


mem[X,0x800018F4] -> 0x8D2D
[1990] [M]: 0x800018F4 (0x8D2D) c.xor a0, a1
x10 <- 0x00000000


mem[X,0x800018F6] -> 0xA223
mem[X,0x800018F8] -> 0x5CA0
[1991] [M]: 0x800018F6 (0x5CA0A223) sw a0, 1476(ra)
mem[0x800056D8] <- 0x00000000


mem[X,0x800018FA] -> 0x65B7
mem[X,0x800018FC] -> 0x6666
[1992] [M]: 0x800018FA (0x666665B7) lui a1, 419430
x11 <- 0x66666000


mem[X,0x800018FE] -> 0x8593
mem[X,0x80001900] -> 0x6675
[1993] [M]: 0x800018FE (0x66758593) addi a1, a1, 1639
x11 <- 0x66666667


mem[X,0x80001902] -> 0x3537
mem[X,0x80001904] -> 0x3333
[1994] [M]: 0x80001902 (0x33333537) lui a0, 209715
x10 <- 0x33333000


mem[X,0x80001906] -> 0x0513
mem[X,0x80001908] -> 0x3345
[1995] [M]: 0x80001906 (0x33450513) addi a0, a0, 820
x10 <- 0x33333334


mem[X,0x8000190A] -> 0x8D2D
[1996] [M]: 0x8000190A (0x8D2D) c.xor a0, a1
x10 <- 0x55555553


mem[X,0x8000190C] -> 0xA423
mem[X,0x8000190E] -> 0x5CA0
[1997] [M]: 0x8000190C (0x5CA0A423) sw a0, 1480(ra)
mem[0x800056DC] <- 0x55555553


mem[X,0x80001910] -> 0x75D5
[1998] [M]: 0x80001910 (0x75D5) c.lui a1, 53
x11 <- 0xFFFF5000


mem[X,0x80001912] -> 0x8593
mem[X,0x80001914] -> 0xAFD5
[1999] [M]: 0x80001912 (0xAFD58593) addi a1, a1, 2813
x11 <- 0xFFFF4AFD


clint::tick mtime <- 0x0000000000000014
 clint timer pending at mtime 0x0000000000000014
htif::tick 0x0000000000000000
mem[X,0x80001916] -> 0x3537
mem[X,0x80001918] -> 0x3333
[2000] [M]: 0x80001916 (0x33333537) lui a0, 209715
x10 <- 0x33333000


mem[X,0x8000191A] -> 0x0513
mem[X,0x8000191C] -> 0x3345
[2001] [M]: 0x8000191A (0x33450513) addi a0, a0, 820
x10 <- 0x33333334


mem[X,0x8000191E] -> 0x8D2D
[2002] [M]: 0x8000191E (0x8D2D) c.xor a0, a1
x10 <- 0xCCCC79C9


mem[X,0x80001920] -> 0xA623
mem[X,0x80001922] -> 0x5CA0
[2003] [M]: 0x80001920 (0x5CA0A623) sw a0, 1484(ra)
mem[0x800056E0] <- 0xCCCC79C9


mem[X,0x80001924] -> 0x65AD
[2004] [M]: 0x80001924 (0x65AD) c.lui a1, 11
x11 <- 0x0000B000


mem[X,0x80001926] -> 0x8593
mem[X,0x80001928] -> 0x5055
[2005] [M]: 0x80001926 (0x50558593) addi a1, a1, 1285
x11 <- 0x0000B505


mem[X,0x8000192A] -> 0x3537
mem[X,0x8000192C] -> 0x3333
[2006] [M]: 0x8000192A (0x33333537) lui a0, 209715
x10 <- 0x33333000


mem[X,0x8000192E] -> 0x0513
mem[X,0x80001930] -> 0x3345
[2007] [M]: 0x8000192E (0x33450513) addi a0, a0, 820
x10 <- 0x33333334


mem[X,0x80001932] -> 0x8D2D
[2008] [M]: 0x80001932 (0x8D2D) c.xor a0, a1
x10 <- 0x33338631


mem[X,0x80001934] -> 0xA823
mem[X,0x80001936] -> 0x5CA0
[2009] [M]: 0x80001934 (0x5CA0A823) sw a0, 1488(ra)
mem[0x800056E4] <- 0x33338631


mem[X,0x80001938] -> 0x458D
[2010] [M]: 0x80001938 (0x458D) c.li a1, 3
x11 <- 0x00000003


mem[X,0x8000193A] -> 0x6537
mem[X,0x8000193C] -> 0x6666
[2011] [M]: 0x8000193A (0x66666537) lui a0, 419430
x10 <- 0x66666000


mem[X,0x8000193E] -> 0x0513
mem[X,0x80001940] -> 0x6675
[2012] [M]: 0x8000193E (0x66750513) addi a0, a0, 1639
x10 <- 0x66666667


mem[X,0x80001942] -> 0x8D2D
[2013] [M]: 0x80001942 (0x8D2D) c.xor a0, a1
x10 <- 0x66666664


mem[X,0x80001944] -> 0xAA23
mem[X,0x80001946] -> 0x5CA0
[2014] [M]: 0x80001944 (0x5CA0AA23) sw a0, 1492(ra)
mem[0x800056E8] <- 0x66666664


mem[X,0x80001948] -> 0x55B7
mem[X,0x8000194A] -> 0x5555
[2015] [M]: 0x80001948 (0x555555B7) lui a1, 349525
x11 <- 0x55555000


mem[X,0x8000194C] -> 0x8593
mem[X,0x8000194E] -> 0x5555
[2016] [M]: 0x8000194C (0x55558593) addi a1, a1, 1365
x11 <- 0x55555555


mem[X,0x80001950] -> 0x6537
mem[X,0x80001952] -> 0x6666
[2017] [M]: 0x80001950 (0x66666537) lui a0, 419430
x10 <- 0x66666000


mem[X,0x80001954] -> 0x0513
mem[X,0x80001956] -> 0x6675
[2018] [M]: 0x80001954 (0x66750513) addi a0, a0, 1639
x10 <- 0x66666667


mem[X,0x80001958] -> 0x8D2D
[2019] [M]: 0x80001958 (0x8D2D) c.xor a0, a1
x10 <- 0x33333332


mem[X,0x8000195A] -> 0xAC23
mem[X,0x8000195C] -> 0x5CA0
[2020] [M]: 0x8000195A (0x5CA0AC23) sw a0, 1496(ra)
mem[0x800056EC] <- 0x33333332


mem[X,0x8000195E] -> 0xB5B7
mem[X,0x80001960] -> 0xAAAA
[2021] [M]: 0x8000195E (0xAAAAB5B7) lui a1, 699051
x11 <- 0xAAAAB000


mem[X,0x80001962] -> 0x8593
mem[X,0x80001964] -> 0xAAA5
[2022] [M]: 0x80001962 (0xAAA58593) addi a1, a1, 2730
x11 <- 0xAAAAAAAA


mem[X,0x80001966] -> 0x6537
mem[X,0x80001968] -> 0x6666
[2023] [M]: 0x80001966 (0x66666537) lui a0, 419430
x10 <- 0x66666000


mem[X,0x8000196A] -> 0x0513
mem[X,0x8000196C] -> 0x6675
[2024] [M]: 0x8000196A (0x66750513) addi a0, a0, 1639
x10 <- 0x66666667


mem[X,0x8000196E] -> 0x8D2D
[2025] [M]: 0x8000196E (0x8D2D) c.xor a0, a1
x10 <- 0xCCCCCCCD


mem[X,0x80001970] -> 0xAE23
mem[X,0x80001972] -> 0x5CA0
[2026] [M]: 0x80001970 (0x5CA0AE23) sw a0, 1500(ra)
mem[0x800056F0] <- 0xCCCCCCCD


mem[X,0x80001974] -> 0x4595
[2027] [M]: 0x80001974 (0x4595) c.li a1, 5
x11 <- 0x00000005


mem[X,0x80001976] -> 0x6537
mem[X,0x80001978] -> 0x6666
[2028] [M]: 0x80001976 (0x66666537) lui a0, 419430
x10 <- 0x66666000


mem[X,0x8000197A] -> 0x0513
mem[X,0x8000197C] -> 0x6675
[2029] [M]: 0x8000197A (0x66750513) addi a0, a0, 1639
x10 <- 0x66666667


mem[X,0x8000197E] -> 0x8D2D
[2030] [M]: 0x8000197E (0x8D2D) c.xor a0, a1
x10 <- 0x66666662


mem[X,0x80001980] -> 0xA023
mem[X,0x80001982] -> 0x5EA0
[2031] [M]: 0x80001980 (0x5EA0A023) sw a0, 1504(ra)
mem[0x800056F4] <- 0x66666662


mem[X,0x80001984] -> 0x35B7
mem[X,0x80001986] -> 0x3333
[2032] [M]: 0x80001984 (0x333335B7) lui a1, 209715
x11 <- 0x33333000


mem[X,0x80001988] -> 0x8593
mem[X,0x8000198A] -> 0x3335
[2033] [M]: 0x80001988 (0x33358593) addi a1, a1, 819
x11 <- 0x33333333


mem[X,0x8000198C] -> 0x6537
mem[X,0x8000198E] -> 0x6666
[2034] [M]: 0x8000198C (0x66666537) lui a0, 419430
x10 <- 0x66666000


mem[X,0x80001990] -> 0x0513
mem[X,0x80001992] -> 0x6675
[2035] [M]: 0x80001990 (0x66750513) addi a0, a0, 1639
x10 <- 0x66666667


mem[X,0x80001994] -> 0x8D2D
[2036] [M]: 0x80001994 (0x8D2D) c.xor a0, a1
x10 <- 0x55555554


mem[X,0x80001996] -> 0xA223
mem[X,0x80001998] -> 0x5EA0
[2037] [M]: 0x80001996 (0x5EA0A223) sw a0, 1508(ra)
mem[0x800056F8] <- 0x55555554


mem[X,0x8000199A] -> 0x65B7
mem[X,0x8000199C] -> 0x6666
[2038] [M]: 0x8000199A (0x666665B7) lui a1, 419430
x11 <- 0x66666000


mem[X,0x8000199E] -> 0x8593
mem[X,0x800019A0] -> 0x6665
[2039] [M]: 0x8000199E (0x66658593) addi a1, a1, 1638
x11 <- 0x66666666


mem[X,0x800019A2] -> 0x6537
mem[X,0x800019A4] -> 0x6666
[2040] [M]: 0x800019A2 (0x66666537) lui a0, 419430
x10 <- 0x66666000


mem[X,0x800019A6] -> 0x0513
mem[X,0x800019A8] -> 0x6675
[2041] [M]: 0x800019A6 (0x66750513) addi a0, a0, 1639
x10 <- 0x66666667


mem[X,0x800019AA] -> 0x8D2D
[2042] [M]: 0x800019AA (0x8D2D) c.xor a0, a1
x10 <- 0x00000001


mem[X,0x800019AC] -> 0xA423
mem[X,0x800019AE] -> 0x5EA0
[2043] [M]: 0x800019AC (0x5EA0A423) sw a0, 1512(ra)
mem[0x800056FC] <- 0x00000001


mem[X,0x800019B0] -> 0x75D5
[2044] [M]: 0x800019B0 (0x75D5) c.lui a1, 53
x11 <- 0xFFFF5000


mem[X,0x800019B2] -> 0x8593
mem[X,0x800019B4] -> 0xAFC5
[2045] [M]: 0x800019B2 (0xAFC58593) addi a1, a1, 2812
x11 <- 0xFFFF4AFC


mem[X,0x800019B6] -> 0x6537
mem[X,0x800019B8] -> 0x6666
[2046] [M]: 0x800019B6 (0x66666537) lui a0, 419430
x10 <- 0x66666000


mem[X,0x800019BA] -> 0x0513
mem[X,0x800019BC] -> 0x6675
[2047] [M]: 0x800019BA (0x66750513) addi a0, a0, 1639
x10 <- 0x66666667


mem[X,0x800019BE] -> 0x8D2D
[2048] [M]: 0x800019BE (0x8D2D) c.xor a0, a1
x10 <- 0x99992C9B


mem[X,0x800019C0] -> 0xA623
mem[X,0x800019C2] -> 0x5EA0
[2049] [M]: 0x800019C0 (0x5EA0A623) sw a0, 1516(ra)
mem[0x80005700] <- 0x99992C9B


mem[X,0x800019C4] -> 0x65AD
[2050] [M]: 0x800019C4 (0x65AD) c.lui a1, 11
x11 <- 0x0000B000


mem[X,0x800019C6] -> 0x8593
mem[X,0x800019C8] -> 0x5045
[2051] [M]: 0x800019C6 (0x50458593) addi a1, a1, 1284
x11 <- 0x0000B504


mem[X,0x800019CA] -> 0x6537
mem[X,0x800019CC] -> 0x6666
[2052] [M]: 0x800019CA (0x66666537) lui a0, 419430
x10 <- 0x66666000


mem[X,0x800019CE] -> 0x0513
mem[X,0x800019D0] -> 0x6675
[2053] [M]: 0x800019CE (0x66750513) addi a0, a0, 1639
x10 <- 0x66666667


mem[X,0x800019D2] -> 0x8D2D
[2054] [M]: 0x800019D2 (0x8D2D) c.xor a0, a1
x10 <- 0x6666D363


mem[X,0x800019D4] -> 0xA823
mem[X,0x800019D6] -> 0x5EA0
[2055] [M]: 0x800019D4 (0x5EA0A823) sw a0, 1520(ra)
mem[0x80005704] <- 0x6666D363


mem[X,0x800019D8] -> 0x4589
[2056] [M]: 0x800019D8 (0x4589) c.li a1, 2
x11 <- 0x00000002


mem[X,0x800019DA] -> 0x6537
mem[X,0x800019DC] -> 0x6666
[2057] [M]: 0x800019DA (0x66666537) lui a0, 419430
x10 <- 0x66666000


mem[X,0x800019DE] -> 0x0513
mem[X,0x800019E0] -> 0x6675
[2058] [M]: 0x800019DE (0x66750513) addi a0, a0, 1639
x10 <- 0x66666667


mem[X,0x800019E2] -> 0x8D2D
[2059] [M]: 0x800019E2 (0x8D2D) c.xor a0, a1
x10 <- 0x66666665


mem[X,0x800019E4] -> 0xAA23
mem[X,0x800019E6] -> 0x5EA0
[2060] [M]: 0x800019E4 (0x5EA0AA23) sw a0, 1524(ra)
mem[0x80005708] <- 0x66666665


mem[X,0x800019E8] -> 0x55B7
mem[X,0x800019EA] -> 0x5555
[2061] [M]: 0x800019E8 (0x555555B7) lui a1, 349525
x11 <- 0x55555000


mem[X,0x800019EC] -> 0x8593
mem[X,0x800019EE] -> 0x5545
[2062] [M]: 0x800019EC (0x55458593) addi a1, a1, 1364
x11 <- 0x55555554


mem[X,0x800019F0] -> 0x6537
mem[X,0x800019F2] -> 0x6666
[2063] [M]: 0x800019F0 (0x66666537) lui a0, 419430
x10 <- 0x66666000


mem[X,0x800019F4] -> 0x0513
mem[X,0x800019F6] -> 0x6675
[2064] [M]: 0x800019F4 (0x66750513) addi a0, a0, 1639
x10 <- 0x66666667


mem[X,0x800019F8] -> 0x8D2D
[2065] [M]: 0x800019F8 (0x8D2D) c.xor a0, a1
x10 <- 0x33333333


mem[X,0x800019FA] -> 0xAC23
mem[X,0x800019FC] -> 0x5EA0
[2066] [M]: 0x800019FA (0x5EA0AC23) sw a0, 1528(ra)
mem[0x8000570C] <- 0x33333333


mem[X,0x800019FE] -> 0x4581
[2067] [M]: 0x800019FE (0x4581) c.li a1, 0
x11 <- 0x00000000


mem[X,0x80001A00] -> 0x6537
mem[X,0x80001A02] -> 0x6666
[2068] [M]: 0x80001A00 (0x66666537) lui a0, 419430
x10 <- 0x66666000


mem[X,0x80001A04] -> 0x0513
mem[X,0x80001A06] -> 0x6675
[2069] [M]: 0x80001A04 (0x66750513) addi a0, a0, 1639
x10 <- 0x66666667


mem[X,0x80001A08] -> 0x8D2D
[2070] [M]: 0x80001A08 (0x8D2D) c.xor a0, a1
x10 <- 0x66666667


mem[X,0x80001A0A] -> 0xAE23
mem[X,0x80001A0C] -> 0x5EA0
[2071] [M]: 0x80001A0A (0x5EA0AE23) sw a0, 1532(ra)
mem[0x80005710] <- 0x66666667


mem[X,0x80001A0E] -> 0x4591
[2072] [M]: 0x80001A0E (0x4591) c.li a1, 4
x11 <- 0x00000004


mem[X,0x80001A10] -> 0x6537
mem[X,0x80001A12] -> 0x6666
[2073] [M]: 0x80001A10 (0x66666537) lui a0, 419430
x10 <- 0x66666000


mem[X,0x80001A14] -> 0x0513
mem[X,0x80001A16] -> 0x6675
[2074] [M]: 0x80001A14 (0x66750513) addi a0, a0, 1639
x10 <- 0x66666667


mem[X,0x80001A18] -> 0x8D2D
[2075] [M]: 0x80001A18 (0x8D2D) c.xor a0, a1
x10 <- 0x66666663


mem[X,0x80001A1A] -> 0xA023
mem[X,0x80001A1C] -> 0x60A0
[2076] [M]: 0x80001A1A (0x60A0A023) sw a0, 1536(ra)
mem[0x80005714] <- 0x66666663


mem[X,0x80001A1E] -> 0x35B7
mem[X,0x80001A20] -> 0x3333
[2077] [M]: 0x80001A1E (0x333335B7) lui a1, 209715
x11 <- 0x33333000


mem[X,0x80001A22] -> 0x8593
mem[X,0x80001A24] -> 0x3325
[2078] [M]: 0x80001A22 (0x33258593) addi a1, a1, 818
x11 <- 0x33333332


mem[X,0x80001A26] -> 0x6537
mem[X,0x80001A28] -> 0x6666
[2079] [M]: 0x80001A26 (0x66666537) lui a0, 419430
x10 <- 0x66666000


mem[X,0x80001A2A] -> 0x0513
mem[X,0x80001A2C] -> 0x6675
[2080] [M]: 0x80001A2A (0x66750513) addi a0, a0, 1639
x10 <- 0x66666667


mem[X,0x80001A2E] -> 0x8D2D
[2081] [M]: 0x80001A2E (0x8D2D) c.xor a0, a1
x10 <- 0x55555555


mem[X,0x80001A30] -> 0xA223
mem[X,0x80001A32] -> 0x60A0
[2082] [M]: 0x80001A30 (0x60A0A223) sw a0, 1540(ra)
mem[0x80005718] <- 0x55555555


mem[X,0x80001A34] -> 0x65B7
mem[X,0x80001A36] -> 0x6666
[2083] [M]: 0x80001A34 (0x666665B7) lui a1, 419430
x11 <- 0x66666000


mem[X,0x80001A38] -> 0x8593
mem[X,0x80001A3A] -> 0x6655
[2084] [M]: 0x80001A38 (0x66558593) addi a1, a1, 1637
x11 <- 0x66666665


mem[X,0x80001A3C] -> 0x6537
mem[X,0x80001A3E] -> 0x6666
[2085] [M]: 0x80001A3C (0x66666537) lui a0, 419430
x10 <- 0x66666000


mem[X,0x80001A40] -> 0x0513
mem[X,0x80001A42] -> 0x6675
[2086] [M]: 0x80001A40 (0x66750513) addi a0, a0, 1639
x10 <- 0x66666667


mem[X,0x80001A44] -> 0x8D2D
[2087] [M]: 0x80001A44 (0x8D2D) c.xor a0, a1
x10 <- 0x00000002


mem[X,0x80001A46] -> 0xA423
mem[X,0x80001A48] -> 0x60A0
[2088] [M]: 0x80001A46 (0x60A0A423) sw a0, 1544(ra)
mem[0x8000571C] <- 0x00000002


mem[X,0x80001A4A] -> 0x65AD
[2089] [M]: 0x80001A4A (0x65AD) c.lui a1, 11
x11 <- 0x0000B000


mem[X,0x80001A4C] -> 0x8593
mem[X,0x80001A4E] -> 0x5035
[2090] [M]: 0x80001A4C (0x50358593) addi a1, a1, 1283
x11 <- 0x0000B503


mem[X,0x80001A50] -> 0x6537
mem[X,0x80001A52] -> 0x6666
[2091] [M]: 0x80001A50 (0x66666537) lui a0, 419430
x10 <- 0x66666000


mem[X,0x80001A54] -> 0x0513
mem[X,0x80001A56] -> 0x6675
[2092] [M]: 0x80001A54 (0x66750513) addi a0, a0, 1639
x10 <- 0x66666667


mem[X,0x80001A58] -> 0x8D2D
[2093] [M]: 0x80001A58 (0x8D2D) c.xor a0, a1
x10 <- 0x6666D364


mem[X,0x80001A5A] -> 0xA623
mem[X,0x80001A5C] -> 0x60A0
[2094] [M]: 0x80001A5A (0x60A0A623) sw a0, 1548(ra)
mem[0x80005720] <- 0x6666D364


mem[X,0x80001A5E] -> 0x55B7
mem[X,0x80001A60] -> 0x5555
[2095] [M]: 0x80001A5E (0x555555B7) lui a1, 349525
x11 <- 0x55555000


mem[X,0x80001A62] -> 0x8593
mem[X,0x80001A64] -> 0x5565
[2096] [M]: 0x80001A62 (0x55658593) addi a1, a1, 1366
x11 <- 0x55555556


mem[X,0x80001A66] -> 0x6537
mem[X,0x80001A68] -> 0x6666
[2097] [M]: 0x80001A66 (0x66666537) lui a0, 419430
x10 <- 0x66666000


mem[X,0x80001A6A] -> 0x0513
mem[X,0x80001A6C] -> 0x6675
[2098] [M]: 0x80001A6A (0x66750513) addi a0, a0, 1639
x10 <- 0x66666667


mem[X,0x80001A6E] -> 0x8D2D
[2099] [M]: 0x80001A6E (0x8D2D) c.xor a0, a1
x10 <- 0x33333331


clint::tick mtime <- 0x0000000000000015
 clint timer pending at mtime 0x0000000000000015
htif::tick 0x0000000000000000
mem[X,0x80001A70] -> 0xA823
mem[X,0x80001A72] -> 0x60A0
[2100] [M]: 0x80001A70 (0x60A0A823) sw a0, 1552(ra)
mem[0x80005724] <- 0x33333331


mem[X,0x80001A74] -> 0xB5B7
mem[X,0x80001A76] -> 0xAAAA
[2101] [M]: 0x80001A74 (0xAAAAB5B7) lui a1, 699051
x11 <- 0xAAAAB000


mem[X,0x80001A78] -> 0x8593
mem[X,0x80001A7A] -> 0xAAB5
[2102] [M]: 0x80001A78 (0xAAB58593) addi a1, a1, 2731
x11 <- 0xAAAAAAAB


mem[X,0x80001A7C] -> 0x6537
mem[X,0x80001A7E] -> 0x6666
[2103] [M]: 0x80001A7C (0x66666537) lui a0, 419430
x10 <- 0x66666000


mem[X,0x80001A80] -> 0x0513
mem[X,0x80001A82] -> 0x6675
[2104] [M]: 0x80001A80 (0x66750513) addi a0, a0, 1639
x10 <- 0x66666667


mem[X,0x80001A84] -> 0x8D2D
[2105] [M]: 0x80001A84 (0x8D2D) c.xor a0, a1
x10 <- 0xCCCCCCCC


mem[X,0x80001A86] -> 0xAA23
mem[X,0x80001A88] -> 0x60A0
[2106] [M]: 0x80001A86 (0x60A0AA23) sw a0, 1556(ra)
mem[0x80005728] <- 0xCCCCCCCC


mem[X,0x80001A8A] -> 0x4599
[2107] [M]: 0x80001A8A (0x4599) c.li a1, 6
x11 <- 0x00000006


mem[X,0x80001A8C] -> 0x6537
mem[X,0x80001A8E] -> 0x6666
[2108] [M]: 0x80001A8C (0x66666537) lui a0, 419430
x10 <- 0x66666000


mem[X,0x80001A90] -> 0x0513
mem[X,0x80001A92] -> 0x6675
[2109] [M]: 0x80001A90 (0x66750513) addi a0, a0, 1639
x10 <- 0x66666667


mem[X,0x80001A94] -> 0x8D2D
[2110] [M]: 0x80001A94 (0x8D2D) c.xor a0, a1
x10 <- 0x66666661


mem[X,0x80001A96] -> 0xAC23
mem[X,0x80001A98] -> 0x60A0
[2111] [M]: 0x80001A96 (0x60A0AC23) sw a0, 1560(ra)
mem[0x8000572C] <- 0x66666661


mem[X,0x80001A9A] -> 0x35B7
mem[X,0x80001A9C] -> 0x3333
[2112] [M]: 0x80001A9A (0x333335B7) lui a1, 209715
x11 <- 0x33333000


mem[X,0x80001A9E] -> 0x8593
mem[X,0x80001AA0] -> 0x3345
[2113] [M]: 0x80001A9E (0x33458593) addi a1, a1, 820
x11 <- 0x33333334


mem[X,0x80001AA2] -> 0x6537
mem[X,0x80001AA4] -> 0x6666
[2114] [M]: 0x80001AA2 (0x66666537) lui a0, 419430
x10 <- 0x66666000


mem[X,0x80001AA6] -> 0x0513
mem[X,0x80001AA8] -> 0x6675
[2115] [M]: 0x80001AA6 (0x66750513) addi a0, a0, 1639
x10 <- 0x66666667


mem[X,0x80001AAA] -> 0x8D2D
[2116] [M]: 0x80001AAA (0x8D2D) c.xor a0, a1
x10 <- 0x55555553


mem[X,0x80001AAC] -> 0xAE23
mem[X,0x80001AAE] -> 0x60A0
[2117] [M]: 0x80001AAC (0x60A0AE23) sw a0, 1564(ra)
mem[0x80005730] <- 0x55555553


mem[X,0x80001AB0] -> 0x65B7
mem[X,0x80001AB2] -> 0x6666
[2118] [M]: 0x80001AB0 (0x666665B7) lui a1, 419430
x11 <- 0x66666000


mem[X,0x80001AB4] -> 0x8593
mem[X,0x80001AB6] -> 0x6675
[2119] [M]: 0x80001AB4 (0x66758593) addi a1, a1, 1639
x11 <- 0x66666667


mem[X,0x80001AB8] -> 0x6537
mem[X,0x80001ABA] -> 0x6666
[2120] [M]: 0x80001AB8 (0x66666537) lui a0, 419430
x10 <- 0x66666000


mem[X,0x80001ABC] -> 0x0513
mem[X,0x80001ABE] -> 0x6675
[2121] [M]: 0x80001ABC (0x66750513) addi a0, a0, 1639
x10 <- 0x66666667


mem[X,0x80001AC0] -> 0x8D2D
[2122] [M]: 0x80001AC0 (0x8D2D) c.xor a0, a1
x10 <- 0x00000000


mem[X,0x80001AC2] -> 0xA023
mem[X,0x80001AC4] -> 0x62A0
[2123] [M]: 0x80001AC2 (0x62A0A023) sw a0, 1568(ra)
mem[0x80005734] <- 0x00000000


mem[X,0x80001AC6] -> 0x75D5
[2124] [M]: 0x80001AC6 (0x75D5) c.lui a1, 53
x11 <- 0xFFFF5000


mem[X,0x80001AC8] -> 0x8593
mem[X,0x80001ACA] -> 0xAFD5
[2125] [M]: 0x80001AC8 (0xAFD58593) addi a1, a1, 2813
x11 <- 0xFFFF4AFD


mem[X,0x80001ACC] -> 0x6537
mem[X,0x80001ACE] -> 0x6666
[2126] [M]: 0x80001ACC (0x66666537) lui a0, 419430
x10 <- 0x66666000


mem[X,0x80001AD0] -> 0x0513
mem[X,0x80001AD2] -> 0x6675
[2127] [M]: 0x80001AD0 (0x66750513) addi a0, a0, 1639
x10 <- 0x66666667


mem[X,0x80001AD4] -> 0x8D2D
[2128] [M]: 0x80001AD4 (0x8D2D) c.xor a0, a1
x10 <- 0x99992C9A


mem[X,0x80001AD6] -> 0xA223
mem[X,0x80001AD8] -> 0x62A0
[2129] [M]: 0x80001AD6 (0x62A0A223) sw a0, 1572(ra)
mem[0x80005738] <- 0x99992C9A


mem[X,0x80001ADA] -> 0x65AD
[2130] [M]: 0x80001ADA (0x65AD) c.lui a1, 11
x11 <- 0x0000B000


mem[X,0x80001ADC] -> 0x8593
mem[X,0x80001ADE] -> 0x5055
[2131] [M]: 0x80001ADC (0x50558593) addi a1, a1, 1285
x11 <- 0x0000B505


mem[X,0x80001AE0] -> 0x6537
mem[X,0x80001AE2] -> 0x6666
[2132] [M]: 0x80001AE0 (0x66666537) lui a0, 419430
x10 <- 0x66666000


mem[X,0x80001AE4] -> 0x0513
mem[X,0x80001AE6] -> 0x6675
[2133] [M]: 0x80001AE4 (0x66750513) addi a0, a0, 1639
x10 <- 0x66666667


mem[X,0x80001AE8] -> 0x8D2D
[2134] [M]: 0x80001AE8 (0x8D2D) c.xor a0, a1
x10 <- 0x6666D362


mem[X,0x80001AEA] -> 0xA423
mem[X,0x80001AEC] -> 0x62A0
[2135] [M]: 0x80001AEA (0x62A0A423) sw a0, 1576(ra)
mem[0x8000573C] <- 0x6666D362


mem[X,0x80001AEE] -> 0x458D
[2136] [M]: 0x80001AEE (0x458D) c.li a1, 3
x11 <- 0x00000003


mem[X,0x80001AF0] -> 0x7555
[2137] [M]: 0x80001AF0 (0x7555) c.lui a0, 53
x10 <- 0xFFFF5000


mem[X,0x80001AF2] -> 0x0513
mem[X,0x80001AF4] -> 0xAFD5
[2138] [M]: 0x80001AF2 (0xAFD50513) addi a0, a0, 2813
x10 <- 0xFFFF4AFD


mem[X,0x80001AF6] -> 0x8D2D
[2139] [M]: 0x80001AF6 (0x8D2D) c.xor a0, a1
x10 <- 0xFFFF4AFE


mem[X,0x80001AF8] -> 0xA623
mem[X,0x80001AFA] -> 0x62A0
[2140] [M]: 0x80001AF8 (0x62A0A623) sw a0, 1580(ra)
mem[0x80005740] <- 0xFFFF4AFE


mem[X,0x80001AFC] -> 0x55B7
mem[X,0x80001AFE] -> 0x5555
[2141] [M]: 0x80001AFC (0x555555B7) lui a1, 349525
x11 <- 0x55555000


mem[X,0x80001B00] -> 0x8593
mem[X,0x80001B02] -> 0x5555
[2142] [M]: 0x80001B00 (0x55558593) addi a1, a1, 1365
x11 <- 0x55555555


mem[X,0x80001B04] -> 0x7555
[2143] [M]: 0x80001B04 (0x7555) c.lui a0, 53
x10 <- 0xFFFF5000


mem[X,0x80001B06] -> 0x0513
mem[X,0x80001B08] -> 0xAFD5
[2144] [M]: 0x80001B06 (0xAFD50513) addi a0, a0, 2813
x10 <- 0xFFFF4AFD


mem[X,0x80001B0A] -> 0x8D2D
[2145] [M]: 0x80001B0A (0x8D2D) c.xor a0, a1
x10 <- 0xAAAA1FA8


mem[X,0x80001B0C] -> 0xA823
mem[X,0x80001B0E] -> 0x62A0
[2146] [M]: 0x80001B0C (0x62A0A823) sw a0, 1584(ra)
mem[0x80005744] <- 0xAAAA1FA8


mem[X,0x80001B10] -> 0xB5B7
mem[X,0x80001B12] -> 0xAAAA
[2147] [M]: 0x80001B10 (0xAAAAB5B7) lui a1, 699051
x11 <- 0xAAAAB000


mem[X,0x80001B14] -> 0x8593
mem[X,0x80001B16] -> 0xAAA5
[2148] [M]: 0x80001B14 (0xAAA58593) addi a1, a1, 2730
x11 <- 0xAAAAAAAA


mem[X,0x80001B18] -> 0x7555
[2149] [M]: 0x80001B18 (0x7555) c.lui a0, 53
x10 <- 0xFFFF5000


mem[X,0x80001B1A] -> 0x0513
mem[X,0x80001B1C] -> 0xAFD5
[2150] [M]: 0x80001B1A (0xAFD50513) addi a0, a0, 2813
x10 <- 0xFFFF4AFD


mem[X,0x80001B1E] -> 0x8D2D
[2151] [M]: 0x80001B1E (0x8D2D) c.xor a0, a1
x10 <- 0x5555E057


mem[X,0x80001B20] -> 0xAA23
mem[X,0x80001B22] -> 0x62A0
[2152] [M]: 0x80001B20 (0x62A0AA23) sw a0, 1588(ra)
mem[0x80005748] <- 0x5555E057


mem[X,0x80001B24] -> 0x4595
[2153] [M]: 0x80001B24 (0x4595) c.li a1, 5
x11 <- 0x00000005


mem[X,0x80001B26] -> 0x7555
[2154] [M]: 0x80001B26 (0x7555) c.lui a0, 53
x10 <- 0xFFFF5000


mem[X,0x80001B28] -> 0x0513
mem[X,0x80001B2A] -> 0xAFD5
[2155] [M]: 0x80001B28 (0xAFD50513) addi a0, a0, 2813
x10 <- 0xFFFF4AFD


mem[X,0x80001B2C] -> 0x8D2D
[2156] [M]: 0x80001B2C (0x8D2D) c.xor a0, a1
x10 <- 0xFFFF4AF8


mem[X,0x80001B2E] -> 0xAC23
mem[X,0x80001B30] -> 0x62A0
[2157] [M]: 0x80001B2E (0x62A0AC23) sw a0, 1592(ra)
mem[0x8000574C] <- 0xFFFF4AF8


mem[X,0x80001B32] -> 0x35B7
mem[X,0x80001B34] -> 0x3333
[2158] [M]: 0x80001B32 (0x333335B7) lui a1, 209715
x11 <- 0x33333000


mem[X,0x80001B36] -> 0x8593
mem[X,0x80001B38] -> 0x3335
[2159] [M]: 0x80001B36 (0x33358593) addi a1, a1, 819
x11 <- 0x33333333


mem[X,0x80001B3A] -> 0x7555
[2160] [M]: 0x80001B3A (0x7555) c.lui a0, 53
x10 <- 0xFFFF5000


mem[X,0x80001B3C] -> 0x0513
mem[X,0x80001B3E] -> 0xAFD5
[2161] [M]: 0x80001B3C (0xAFD50513) addi a0, a0, 2813
x10 <- 0xFFFF4AFD


mem[X,0x80001B40] -> 0x8D2D
[2162] [M]: 0x80001B40 (0x8D2D) c.xor a0, a1
x10 <- 0xCCCC79CE


mem[X,0x80001B42] -> 0xAE23
mem[X,0x80001B44] -> 0x62A0
[2163] [M]: 0x80001B42 (0x62A0AE23) sw a0, 1596(ra)
mem[0x80005750] <- 0xCCCC79CE


mem[X,0x80001B46] -> 0x65B7
mem[X,0x80001B48] -> 0x6666
[2164] [M]: 0x80001B46 (0x666665B7) lui a1, 419430
x11 <- 0x66666000


mem[X,0x80001B4A] -> 0x8593
mem[X,0x80001B4C] -> 0x6665
[2165] [M]: 0x80001B4A (0x66658593) addi a1, a1, 1638
x11 <- 0x66666666


mem[X,0x80001B4E] -> 0x7555
[2166] [M]: 0x80001B4E (0x7555) c.lui a0, 53
x10 <- 0xFFFF5000


mem[X,0x80001B50] -> 0x0513
mem[X,0x80001B52] -> 0xAFD5
[2167] [M]: 0x80001B50 (0xAFD50513) addi a0, a0, 2813
x10 <- 0xFFFF4AFD


mem[X,0x80001B54] -> 0x8D2D
[2168] [M]: 0x80001B54 (0x8D2D) c.xor a0, a1
x10 <- 0x99992C9B


mem[X,0x80001B56] -> 0xA023
mem[X,0x80001B58] -> 0x64A0
[2169] [M]: 0x80001B56 (0x64A0A023) sw a0, 1600(ra)
mem[0x80005754] <- 0x99992C9B


mem[X,0x80001B5A] -> 0x75D5
[2170] [M]: 0x80001B5A (0x75D5) c.lui a1, 53
x11 <- 0xFFFF5000


mem[X,0x80001B5C] -> 0x8593
mem[X,0x80001B5E] -> 0xAFC5
[2171] [M]: 0x80001B5C (0xAFC58593) addi a1, a1, 2812
x11 <- 0xFFFF4AFC


mem[X,0x80001B60] -> 0x7555
[2172] [M]: 0x80001B60 (0x7555) c.lui a0, 53
x10 <- 0xFFFF5000


mem[X,0x80001B62] -> 0x0513
mem[X,0x80001B64] -> 0xAFD5
[2173] [M]: 0x80001B62 (0xAFD50513) addi a0, a0, 2813
x10 <- 0xFFFF4AFD


mem[X,0x80001B66] -> 0x8D2D
[2174] [M]: 0x80001B66 (0x8D2D) c.xor a0, a1
x10 <- 0x00000001


mem[X,0x80001B68] -> 0xA223
mem[X,0x80001B6A] -> 0x64A0
[2175] [M]: 0x80001B68 (0x64A0A223) sw a0, 1604(ra)
mem[0x80005758] <- 0x00000001


mem[X,0x80001B6C] -> 0x65AD
[2176] [M]: 0x80001B6C (0x65AD) c.lui a1, 11
x11 <- 0x0000B000


mem[X,0x80001B6E] -> 0x8593
mem[X,0x80001B70] -> 0x5045
[2177] [M]: 0x80001B6E (0x50458593) addi a1, a1, 1284
x11 <- 0x0000B504


mem[X,0x80001B72] -> 0x7555
[2178] [M]: 0x80001B72 (0x7555) c.lui a0, 53
x10 <- 0xFFFF5000


mem[X,0x80001B74] -> 0x0513
mem[X,0x80001B76] -> 0xAFD5
[2179] [M]: 0x80001B74 (0xAFD50513) addi a0, a0, 2813
x10 <- 0xFFFF4AFD


mem[X,0x80001B78] -> 0x8D2D
[2180] [M]: 0x80001B78 (0x8D2D) c.xor a0, a1
x10 <- 0xFFFFFFF9


mem[X,0x80001B7A] -> 0xA423
mem[X,0x80001B7C] -> 0x64A0
[2181] [M]: 0x80001B7A (0x64A0A423) sw a0, 1608(ra)
mem[0x8000575C] <- 0xFFFFFFF9


mem[X,0x80001B7E] -> 0x4589
[2182] [M]: 0x80001B7E (0x4589) c.li a1, 2
x11 <- 0x00000002


mem[X,0x80001B80] -> 0x7555
[2183] [M]: 0x80001B80 (0x7555) c.lui a0, 53
x10 <- 0xFFFF5000


mem[X,0x80001B82] -> 0x0513
mem[X,0x80001B84] -> 0xAFD5
[2184] [M]: 0x80001B82 (0xAFD50513) addi a0, a0, 2813
x10 <- 0xFFFF4AFD


mem[X,0x80001B86] -> 0x8D2D
[2185] [M]: 0x80001B86 (0x8D2D) c.xor a0, a1
x10 <- 0xFFFF4AFF


mem[X,0x80001B88] -> 0xA623
mem[X,0x80001B8A] -> 0x64A0
[2186] [M]: 0x80001B88 (0x64A0A623) sw a0, 1612(ra)
mem[0x80005760] <- 0xFFFF4AFF


mem[X,0x80001B8C] -> 0x55B7
mem[X,0x80001B8E] -> 0x5555
[2187] [M]: 0x80001B8C (0x555555B7) lui a1, 349525
x11 <- 0x55555000


mem[X,0x80001B90] -> 0x8593
mem[X,0x80001B92] -> 0x5545
[2188] [M]: 0x80001B90 (0x55458593) addi a1, a1, 1364
x11 <- 0x55555554


mem[X,0x80001B94] -> 0x7555
[2189] [M]: 0x80001B94 (0x7555) c.lui a0, 53
x10 <- 0xFFFF5000


mem[X,0x80001B96] -> 0x0513
mem[X,0x80001B98] -> 0xAFD5
[2190] [M]: 0x80001B96 (0xAFD50513) addi a0, a0, 2813
x10 <- 0xFFFF4AFD


mem[X,0x80001B9A] -> 0x8D2D
[2191] [M]: 0x80001B9A (0x8D2D) c.xor a0, a1
x10 <- 0xAAAA1FA9


mem[X,0x80001B9C] -> 0xA823
mem[X,0x80001B9E] -> 0x64A0
[2192] [M]: 0x80001B9C (0x64A0A823) sw a0, 1616(ra)
mem[0x80005764] <- 0xAAAA1FA9


mem[X,0x80001BA0] -> 0x4581
[2193] [M]: 0x80001BA0 (0x4581) c.li a1, 0
x11 <- 0x00000000


mem[X,0x80001BA2] -> 0x7555
[2194] [M]: 0x80001BA2 (0x7555) c.lui a0, 53
x10 <- 0xFFFF5000


mem[X,0x80001BA4] -> 0x0513
mem[X,0x80001BA6] -> 0xAFD5
[2195] [M]: 0x80001BA4 (0xAFD50513) addi a0, a0, 2813
x10 <- 0xFFFF4AFD


mem[X,0x80001BA8] -> 0x8D2D
[2196] [M]: 0x80001BA8 (0x8D2D) c.xor a0, a1
x10 <- 0xFFFF4AFD


mem[X,0x80001BAA] -> 0xAA23
mem[X,0x80001BAC] -> 0x64A0
[2197] [M]: 0x80001BAA (0x64A0AA23) sw a0, 1620(ra)
mem[0x80005768] <- 0xFFFF4AFD


mem[X,0x80001BAE] -> 0x4591
[2198] [M]: 0x80001BAE (0x4591) c.li a1, 4
x11 <- 0x00000004


mem[X,0x80001BB0] -> 0x7555
[2199] [M]: 0x80001BB0 (0x7555) c.lui a0, 53
x10 <- 0xFFFF5000


clint::tick mtime <- 0x0000000000000016
 clint timer pending at mtime 0x0000000000000016
htif::tick 0x0000000000000000
mem[X,0x80001BB2] -> 0x0513
mem[X,0x80001BB4] -> 0xAFD5
[2200] [M]: 0x80001BB2 (0xAFD50513) addi a0, a0, 2813
x10 <- 0xFFFF4AFD


mem[X,0x80001BB6] -> 0x8D2D
[2201] [M]: 0x80001BB6 (0x8D2D) c.xor a0, a1
x10 <- 0xFFFF4AF9


mem[X,0x80001BB8] -> 0xAC23
mem[X,0x80001BBA] -> 0x64A0
[2202] [M]: 0x80001BB8 (0x64A0AC23) sw a0, 1624(ra)
mem[0x8000576C] <- 0xFFFF4AF9


mem[X,0x80001BBC] -> 0x35B7
mem[X,0x80001BBE] -> 0x3333
[2203] [M]: 0x80001BBC (0x333335B7) lui a1, 209715
x11 <- 0x33333000


mem[X,0x80001BC0] -> 0x8593
mem[X,0x80001BC2] -> 0x3325
[2204] [M]: 0x80001BC0 (0x33258593) addi a1, a1, 818
x11 <- 0x33333332


mem[X,0x80001BC4] -> 0x7555
[2205] [M]: 0x80001BC4 (0x7555) c.lui a0, 53
x10 <- 0xFFFF5000


mem[X,0x80001BC6] -> 0x0513
mem[X,0x80001BC8] -> 0xAFD5
[2206] [M]: 0x80001BC6 (0xAFD50513) addi a0, a0, 2813
x10 <- 0xFFFF4AFD


mem[X,0x80001BCA] -> 0x8D2D
[2207] [M]: 0x80001BCA (0x8D2D) c.xor a0, a1
x10 <- 0xCCCC79CF


mem[X,0x80001BCC] -> 0xAE23
mem[X,0x80001BCE] -> 0x64A0
[2208] [M]: 0x80001BCC (0x64A0AE23) sw a0, 1628(ra)
mem[0x80005770] <- 0xCCCC79CF


mem[X,0x80001BD0] -> 0x65B7
mem[X,0x80001BD2] -> 0x6666
[2209] [M]: 0x80001BD0 (0x666665B7) lui a1, 419430
x11 <- 0x66666000


mem[X,0x80001BD4] -> 0x8593
mem[X,0x80001BD6] -> 0x6655
[2210] [M]: 0x80001BD4 (0x66558593) addi a1, a1, 1637
x11 <- 0x66666665


mem[X,0x80001BD8] -> 0x7555
[2211] [M]: 0x80001BD8 (0x7555) c.lui a0, 53
x10 <- 0xFFFF5000


mem[X,0x80001BDA] -> 0x0513
mem[X,0x80001BDC] -> 0xAFD5
[2212] [M]: 0x80001BDA (0xAFD50513) addi a0, a0, 2813
x10 <- 0xFFFF4AFD


mem[X,0x80001BDE] -> 0x8D2D
[2213] [M]: 0x80001BDE (0x8D2D) c.xor a0, a1
x10 <- 0x99992C98


mem[X,0x80001BE0] -> 0xA023
mem[X,0x80001BE2] -> 0x66A0
[2214] [M]: 0x80001BE0 (0x66A0A023) sw a0, 1632(ra)
mem[0x80005774] <- 0x99992C98


mem[X,0x80001BE4] -> 0x65AD
[2215] [M]: 0x80001BE4 (0x65AD) c.lui a1, 11
x11 <- 0x0000B000


mem[X,0x80001BE6] -> 0x8593
mem[X,0x80001BE8] -> 0x5035
[2216] [M]: 0x80001BE6 (0x50358593) addi a1, a1, 1283
x11 <- 0x0000B503


mem[X,0x80001BEA] -> 0x7555
[2217] [M]: 0x80001BEA (0x7555) c.lui a0, 53
x10 <- 0xFFFF5000


mem[X,0x80001BEC] -> 0x0513
mem[X,0x80001BEE] -> 0xAFD5
[2218] [M]: 0x80001BEC (0xAFD50513) addi a0, a0, 2813
x10 <- 0xFFFF4AFD


mem[X,0x80001BF0] -> 0x8D2D
[2219] [M]: 0x80001BF0 (0x8D2D) c.xor a0, a1
x10 <- 0xFFFFFFFE


mem[X,0x80001BF2] -> 0xA223
mem[X,0x80001BF4] -> 0x66A0
[2220] [M]: 0x80001BF2 (0x66A0A223) sw a0, 1636(ra)
mem[0x80005778] <- 0xFFFFFFFE


mem[X,0x80001BF6] -> 0x55B7
mem[X,0x80001BF8] -> 0x5555
[2221] [M]: 0x80001BF6 (0x555555B7) lui a1, 349525
x11 <- 0x55555000


mem[X,0x80001BFA] -> 0x8593
mem[X,0x80001BFC] -> 0x5565
[2222] [M]: 0x80001BFA (0x55658593) addi a1, a1, 1366
x11 <- 0x55555556


mem[X,0x80001BFE] -> 0x7555
[2223] [M]: 0x80001BFE (0x7555) c.lui a0, 53
x10 <- 0xFFFF5000


mem[X,0x80001C00] -> 0x0513
mem[X,0x80001C02] -> 0xAFD5
[2224] [M]: 0x80001C00 (0xAFD50513) addi a0, a0, 2813
x10 <- 0xFFFF4AFD


mem[X,0x80001C04] -> 0x8D2D
[2225] [M]: 0x80001C04 (0x8D2D) c.xor a0, a1
x10 <- 0xAAAA1FAB


mem[X,0x80001C06] -> 0xA423
mem[X,0x80001C08] -> 0x66A0
[2226] [M]: 0x80001C06 (0x66A0A423) sw a0, 1640(ra)
mem[0x8000577C] <- 0xAAAA1FAB


mem[X,0x80001C0A] -> 0xB5B7
mem[X,0x80001C0C] -> 0xAAAA
[2227] [M]: 0x80001C0A (0xAAAAB5B7) lui a1, 699051
x11 <- 0xAAAAB000


mem[X,0x80001C0E] -> 0x8593
mem[X,0x80001C10] -> 0xAAB5
[2228] [M]: 0x80001C0E (0xAAB58593) addi a1, a1, 2731
x11 <- 0xAAAAAAAB


mem[X,0x80001C12] -> 0x7555
[2229] [M]: 0x80001C12 (0x7555) c.lui a0, 53
x10 <- 0xFFFF5000


mem[X,0x80001C14] -> 0x0513
mem[X,0x80001C16] -> 0xAFD5
[2230] [M]: 0x80001C14 (0xAFD50513) addi a0, a0, 2813
x10 <- 0xFFFF4AFD


mem[X,0x80001C18] -> 0x8D2D
[2231] [M]: 0x80001C18 (0x8D2D) c.xor a0, a1
x10 <- 0x5555E056


mem[X,0x80001C1A] -> 0xA623
mem[X,0x80001C1C] -> 0x66A0
[2232] [M]: 0x80001C1A (0x66A0A623) sw a0, 1644(ra)
mem[0x80005780] <- 0x5555E056


mem[X,0x80001C1E] -> 0x4599
[2233] [M]: 0x80001C1E (0x4599) c.li a1, 6
x11 <- 0x00000006


mem[X,0x80001C20] -> 0x7555
[2234] [M]: 0x80001C20 (0x7555) c.lui a0, 53
x10 <- 0xFFFF5000


mem[X,0x80001C22] -> 0x0513
mem[X,0x80001C24] -> 0xAFD5
[2235] [M]: 0x80001C22 (0xAFD50513) addi a0, a0, 2813
x10 <- 0xFFFF4AFD


mem[X,0x80001C26] -> 0x8D2D
[2236] [M]: 0x80001C26 (0x8D2D) c.xor a0, a1
x10 <- 0xFFFF4AFB


mem[X,0x80001C28] -> 0xA823
mem[X,0x80001C2A] -> 0x66A0
[2237] [M]: 0x80001C28 (0x66A0A823) sw a0, 1648(ra)
mem[0x80005784] <- 0xFFFF4AFB


mem[X,0x80001C2C] -> 0x35B7
mem[X,0x80001C2E] -> 0x3333
[2238] [M]: 0x80001C2C (0x333335B7) lui a1, 209715
x11 <- 0x33333000


mem[X,0x80001C30] -> 0x8593
mem[X,0x80001C32] -> 0x3345
[2239] [M]: 0x80001C30 (0x33458593) addi a1, a1, 820
x11 <- 0x33333334


mem[X,0x80001C34] -> 0x7555
[2240] [M]: 0x80001C34 (0x7555) c.lui a0, 53
x10 <- 0xFFFF5000


mem[X,0x80001C36] -> 0x0513
mem[X,0x80001C38] -> 0xAFD5
[2241] [M]: 0x80001C36 (0xAFD50513) addi a0, a0, 2813
x10 <- 0xFFFF4AFD


mem[X,0x80001C3A] -> 0x8D2D
[2242] [M]: 0x80001C3A (0x8D2D) c.xor a0, a1
x10 <- 0xCCCC79C9


mem[X,0x80001C3C] -> 0xAA23
mem[X,0x80001C3E] -> 0x66A0
[2243] [M]: 0x80001C3C (0x66A0AA23) sw a0, 1652(ra)
mem[0x80005788] <- 0xCCCC79C9


mem[X,0x80001C40] -> 0x65B7
mem[X,0x80001C42] -> 0x6666
[2244] [M]: 0x80001C40 (0x666665B7) lui a1, 419430
x11 <- 0x66666000


mem[X,0x80001C44] -> 0x8593
mem[X,0x80001C46] -> 0x6675
[2245] [M]: 0x80001C44 (0x66758593) addi a1, a1, 1639
x11 <- 0x66666667


mem[X,0x80001C48] -> 0x7555
[2246] [M]: 0x80001C48 (0x7555) c.lui a0, 53
x10 <- 0xFFFF5000


mem[X,0x80001C4A] -> 0x0513
mem[X,0x80001C4C] -> 0xAFD5
[2247] [M]: 0x80001C4A (0xAFD50513) addi a0, a0, 2813
x10 <- 0xFFFF4AFD


mem[X,0x80001C4E] -> 0x8D2D
[2248] [M]: 0x80001C4E (0x8D2D) c.xor a0, a1
x10 <- 0x99992C9A


mem[X,0x80001C50] -> 0xAC23
mem[X,0x80001C52] -> 0x66A0
[2249] [M]: 0x80001C50 (0x66A0AC23) sw a0, 1656(ra)
mem[0x8000578C] <- 0x99992C9A


mem[X,0x80001C54] -> 0x75D5
[2250] [M]: 0x80001C54 (0x75D5) c.lui a1, 53
x11 <- 0xFFFF5000


mem[X,0x80001C56] -> 0x8593
mem[X,0x80001C58] -> 0xAFD5
[2251] [M]: 0x80001C56 (0xAFD58593) addi a1, a1, 2813
x11 <- 0xFFFF4AFD


mem[X,0x80001C5A] -> 0x7555
[2252] [M]: 0x80001C5A (0x7555) c.lui a0, 53
x10 <- 0xFFFF5000


mem[X,0x80001C5C] -> 0x0513
mem[X,0x80001C5E] -> 0xAFD5
[2253] [M]: 0x80001C5C (0xAFD50513) addi a0, a0, 2813
x10 <- 0xFFFF4AFD


mem[X,0x80001C60] -> 0x8D2D
[2254] [M]: 0x80001C60 (0x8D2D) c.xor a0, a1
x10 <- 0x00000000


mem[X,0x80001C62] -> 0xAE23
mem[X,0x80001C64] -> 0x66A0
[2255] [M]: 0x80001C62 (0x66A0AE23) sw a0, 1660(ra)
mem[0x80005790] <- 0x00000000


mem[X,0x80001C66] -> 0x65AD
[2256] [M]: 0x80001C66 (0x65AD) c.lui a1, 11
x11 <- 0x0000B000


mem[X,0x80001C68] -> 0x8593
mem[X,0x80001C6A] -> 0x5055
[2257] [M]: 0x80001C68 (0x50558593) addi a1, a1, 1285
x11 <- 0x0000B505


mem[X,0x80001C6C] -> 0x7555
[2258] [M]: 0x80001C6C (0x7555) c.lui a0, 53
x10 <- 0xFFFF5000


mem[X,0x80001C6E] -> 0x0513
mem[X,0x80001C70] -> 0xAFD5
[2259] [M]: 0x80001C6E (0xAFD50513) addi a0, a0, 2813
x10 <- 0xFFFF4AFD


mem[X,0x80001C72] -> 0x8D2D
[2260] [M]: 0x80001C72 (0x8D2D) c.xor a0, a1
x10 <- 0xFFFFFFF8


mem[X,0x80001C74] -> 0xA023
mem[X,0x80001C76] -> 0x68A0
[2261] [M]: 0x80001C74 (0x68A0A023) sw a0, 1664(ra)
mem[0x80005794] <- 0xFFFFFFF8


mem[X,0x80001C78] -> 0x458D
[2262] [M]: 0x80001C78 (0x458D) c.li a1, 3
x11 <- 0x00000003


mem[X,0x80001C7A] -> 0x652D
[2263] [M]: 0x80001C7A (0x652D) c.lui a0, 11
x10 <- 0x0000B000


mem[X,0x80001C7C] -> 0x0513
mem[X,0x80001C7E] -> 0x5055
[2264] [M]: 0x80001C7C (0x50550513) addi a0, a0, 1285
x10 <- 0x0000B505


mem[X,0x80001C80] -> 0x8D2D
[2265] [M]: 0x80001C80 (0x8D2D) c.xor a0, a1
x10 <- 0x0000B506


mem[X,0x80001C82] -> 0xA223
mem[X,0x80001C84] -> 0x68A0
[2266] [M]: 0x80001C82 (0x68A0A223) sw a0, 1668(ra)
mem[0x80005798] <- 0x0000B506


mem[X,0x80001C86] -> 0x55B7
mem[X,0x80001C88] -> 0x5555
[2267] [M]: 0x80001C86 (0x555555B7) lui a1, 349525
x11 <- 0x55555000


mem[X,0x80001C8A] -> 0x8593
mem[X,0x80001C8C] -> 0x5555
[2268] [M]: 0x80001C8A (0x55558593) addi a1, a1, 1365
x11 <- 0x55555555


mem[X,0x80001C8E] -> 0x652D
[2269] [M]: 0x80001C8E (0x652D) c.lui a0, 11
x10 <- 0x0000B000


mem[X,0x80001C90] -> 0x0513
mem[X,0x80001C92] -> 0x5055
[2270] [M]: 0x80001C90 (0x50550513) addi a0, a0, 1285
x10 <- 0x0000B505


mem[X,0x80001C94] -> 0x8D2D
[2271] [M]: 0x80001C94 (0x8D2D) c.xor a0, a1
x10 <- 0x5555E050


mem[X,0x80001C96] -> 0xA423
mem[X,0x80001C98] -> 0x68A0
[2272] [M]: 0x80001C96 (0x68A0A423) sw a0, 1672(ra)
mem[0x8000579C] <- 0x5555E050


mem[X,0x80001C9A] -> 0xB5B7
mem[X,0x80001C9C] -> 0xAAAA
[2273] [M]: 0x80001C9A (0xAAAAB5B7) lui a1, 699051
x11 <- 0xAAAAB000


mem[X,0x80001C9E] -> 0x8593
mem[X,0x80001CA0] -> 0xAAA5
[2274] [M]: 0x80001C9E (0xAAA58593) addi a1, a1, 2730
x11 <- 0xAAAAAAAA


mem[X,0x80001CA2] -> 0x652D
[2275] [M]: 0x80001CA2 (0x652D) c.lui a0, 11
x10 <- 0x0000B000


mem[X,0x80001CA4] -> 0x0513
mem[X,0x80001CA6] -> 0x5055
[2276] [M]: 0x80001CA4 (0x50550513) addi a0, a0, 1285
x10 <- 0x0000B505


mem[X,0x80001CA8] -> 0x8D2D
[2277] [M]: 0x80001CA8 (0x8D2D) c.xor a0, a1
x10 <- 0xAAAA1FAF


mem[X,0x80001CAA] -> 0xA623
mem[X,0x80001CAC] -> 0x68A0
[2278] [M]: 0x80001CAA (0x68A0A623) sw a0, 1676(ra)
mem[0x800057A0] <- 0xAAAA1FAF


mem[X,0x80001CAE] -> 0x4595
[2279] [M]: 0x80001CAE (0x4595) c.li a1, 5
x11 <- 0x00000005


mem[X,0x80001CB0] -> 0x652D
[2280] [M]: 0x80001CB0 (0x652D) c.lui a0, 11
x10 <- 0x0000B000


mem[X,0x80001CB2] -> 0x0513
mem[X,0x80001CB4] -> 0x5055
[2281] [M]: 0x80001CB2 (0x50550513) addi a0, a0, 1285
x10 <- 0x0000B505


mem[X,0x80001CB6] -> 0x8D2D
[2282] [M]: 0x80001CB6 (0x8D2D) c.xor a0, a1
x10 <- 0x0000B500


mem[X,0x80001CB8] -> 0xA823
mem[X,0x80001CBA] -> 0x68A0
[2283] [M]: 0x80001CB8 (0x68A0A823) sw a0, 1680(ra)
mem[0x800057A4] <- 0x0000B500


mem[X,0x80001CBC] -> 0x35B7
mem[X,0x80001CBE] -> 0x3333
[2284] [M]: 0x80001CBC (0x333335B7) lui a1, 209715
x11 <- 0x33333000


mem[X,0x80001CC0] -> 0x8593
mem[X,0x80001CC2] -> 0x3335
[2285] [M]: 0x80001CC0 (0x33358593) addi a1, a1, 819
x11 <- 0x33333333


mem[X,0x80001CC4] -> 0x652D
[2286] [M]: 0x80001CC4 (0x652D) c.lui a0, 11
x10 <- 0x0000B000


mem[X,0x80001CC6] -> 0x0513
mem[X,0x80001CC8] -> 0x5055
[2287] [M]: 0x80001CC6 (0x50550513) addi a0, a0, 1285
x10 <- 0x0000B505


mem[X,0x80001CCA] -> 0x8D2D
[2288] [M]: 0x80001CCA (0x8D2D) c.xor a0, a1
x10 <- 0x33338636


mem[X,0x80001CCC] -> 0xAA23
mem[X,0x80001CCE] -> 0x68A0
[2289] [M]: 0x80001CCC (0x68A0AA23) sw a0, 1684(ra)
mem[0x800057A8] <- 0x33338636


mem[X,0x80001CD0] -> 0x65B7
mem[X,0x80001CD2] -> 0x6666
[2290] [M]: 0x80001CD0 (0x666665B7) lui a1, 419430
x11 <- 0x66666000


mem[X,0x80001CD4] -> 0x8593
mem[X,0x80001CD6] -> 0x6665
[2291] [M]: 0x80001CD4 (0x66658593) addi a1, a1, 1638
x11 <- 0x66666666


mem[X,0x80001CD8] -> 0x652D
[2292] [M]: 0x80001CD8 (0x652D) c.lui a0, 11
x10 <- 0x0000B000


mem[X,0x80001CDA] -> 0x0513
mem[X,0x80001CDC] -> 0x5055
[2293] [M]: 0x80001CDA (0x50550513) addi a0, a0, 1285
x10 <- 0x0000B505


mem[X,0x80001CDE] -> 0x8D2D
[2294] [M]: 0x80001CDE (0x8D2D) c.xor a0, a1
x10 <- 0x6666D363


mem[X,0x80001CE0] -> 0xAC23
mem[X,0x80001CE2] -> 0x68A0
[2295] [M]: 0x80001CE0 (0x68A0AC23) sw a0, 1688(ra)
mem[0x800057AC] <- 0x6666D363


mem[X,0x80001CE4] -> 0x75D5
[2296] [M]: 0x80001CE4 (0x75D5) c.lui a1, 53
x11 <- 0xFFFF5000


mem[X,0x80001CE6] -> 0x8593
mem[X,0x80001CE8] -> 0xAFC5
[2297] [M]: 0x80001CE6 (0xAFC58593) addi a1, a1, 2812
x11 <- 0xFFFF4AFC


mem[X,0x80001CEA] -> 0x652D
[2298] [M]: 0x80001CEA (0x652D) c.lui a0, 11
x10 <- 0x0000B000


mem[X,0x80001CEC] -> 0x0513
mem[X,0x80001CEE] -> 0x5055
[2299] [M]: 0x80001CEC (0x50550513) addi a0, a0, 1285
x10 <- 0x0000B505


clint::tick mtime <- 0x0000000000000017
 clint timer pending at mtime 0x0000000000000017
htif::tick 0x0000000000000000
mem[X,0x80001CF0] -> 0x8D2D
[2300] [M]: 0x80001CF0 (0x8D2D) c.xor a0, a1
x10 <- 0xFFFFFFF9


mem[X,0x80001CF2] -> 0xAE23
mem[X,0x80001CF4] -> 0x68A0
[2301] [M]: 0x80001CF2 (0x68A0AE23) sw a0, 1692(ra)
mem[0x800057B0] <- 0xFFFFFFF9


mem[X,0x80001CF6] -> 0x65AD
[2302] [M]: 0x80001CF6 (0x65AD) c.lui a1, 11
x11 <- 0x0000B000


mem[X,0x80001CF8] -> 0x8593
mem[X,0x80001CFA] -> 0x5045
[2303] [M]: 0x80001CF8 (0x50458593) addi a1, a1, 1284
x11 <- 0x0000B504


mem[X,0x80001CFC] -> 0x652D
[2304] [M]: 0x80001CFC (0x652D) c.lui a0, 11
x10 <- 0x0000B000


mem[X,0x80001CFE] -> 0x0513
mem[X,0x80001D00] -> 0x5055
[2305] [M]: 0x80001CFE (0x50550513) addi a0, a0, 1285
x10 <- 0x0000B505


mem[X,0x80001D02] -> 0x8D2D
[2306] [M]: 0x80001D02 (0x8D2D) c.xor a0, a1
x10 <- 0x00000001


mem[X,0x80001D04] -> 0xA023
mem[X,0x80001D06] -> 0x6AA0
[2307] [M]: 0x80001D04 (0x6AA0A023) sw a0, 1696(ra)
mem[0x800057B4] <- 0x00000001


mem[X,0x80001D08] -> 0x4589
[2308] [M]: 0x80001D08 (0x4589) c.li a1, 2
x11 <- 0x00000002


mem[X,0x80001D0A] -> 0x652D
[2309] [M]: 0x80001D0A (0x652D) c.lui a0, 11
x10 <- 0x0000B000


mem[X,0x80001D0C] -> 0x0513
mem[X,0x80001D0E] -> 0x5055
[2310] [M]: 0x80001D0C (0x50550513) addi a0, a0, 1285
x10 <- 0x0000B505


mem[X,0x80001D10] -> 0x8D2D
[2311] [M]: 0x80001D10 (0x8D2D) c.xor a0, a1
x10 <- 0x0000B507


mem[X,0x80001D12] -> 0xA223
mem[X,0x80001D14] -> 0x6AA0
[2312] [M]: 0x80001D12 (0x6AA0A223) sw a0, 1700(ra)
mem[0x800057B8] <- 0x0000B507


mem[X,0x80001D16] -> 0x55B7
mem[X,0x80001D18] -> 0x5555
[2313] [M]: 0x80001D16 (0x555555B7) lui a1, 349525
x11 <- 0x55555000


mem[X,0x80001D1A] -> 0x8593
mem[X,0x80001D1C] -> 0x5545
[2314] [M]: 0x80001D1A (0x55458593) addi a1, a1, 1364
x11 <- 0x55555554


mem[X,0x80001D1E] -> 0x652D
[2315] [M]: 0x80001D1E (0x652D) c.lui a0, 11
x10 <- 0x0000B000


mem[X,0x80001D20] -> 0x0513
mem[X,0x80001D22] -> 0x5055
[2316] [M]: 0x80001D20 (0x50550513) addi a0, a0, 1285
x10 <- 0x0000B505


mem[X,0x80001D24] -> 0x8D2D
[2317] [M]: 0x80001D24 (0x8D2D) c.xor a0, a1
x10 <- 0x5555E051


mem[X,0x80001D26] -> 0xA423
mem[X,0x80001D28] -> 0x6AA0
[2318] [M]: 0x80001D26 (0x6AA0A423) sw a0, 1704(ra)
mem[0x800057BC] <- 0x5555E051


mem[X,0x80001D2A] -> 0x4581
[2319] [M]: 0x80001D2A (0x4581) c.li a1, 0
x11 <- 0x00000000


mem[X,0x80001D2C] -> 0x652D
[2320] [M]: 0x80001D2C (0x652D) c.lui a0, 11
x10 <- 0x0000B000


mem[X,0x80001D2E] -> 0x0513
mem[X,0x80001D30] -> 0x5055
[2321] [M]: 0x80001D2E (0x50550513) addi a0, a0, 1285
x10 <- 0x0000B505


mem[X,0x80001D32] -> 0x8D2D
[2322] [M]: 0x80001D32 (0x8D2D) c.xor a0, a1
x10 <- 0x0000B505


mem[X,0x80001D34] -> 0xA623
mem[X,0x80001D36] -> 0x6AA0
[2323] [M]: 0x80001D34 (0x6AA0A623) sw a0, 1708(ra)
mem[0x800057C0] <- 0x0000B505


mem[X,0x80001D38] -> 0x4591
[2324] [M]: 0x80001D38 (0x4591) c.li a1, 4
x11 <- 0x00000004


mem[X,0x80001D3A] -> 0x652D
[2325] [M]: 0x80001D3A (0x652D) c.lui a0, 11
x10 <- 0x0000B000


mem[X,0x80001D3C] -> 0x0513
mem[X,0x80001D3E] -> 0x5055
[2326] [M]: 0x80001D3C (0x50550513) addi a0, a0, 1285
x10 <- 0x0000B505


mem[X,0x80001D40] -> 0x8D2D
[2327] [M]: 0x80001D40 (0x8D2D) c.xor a0, a1
x10 <- 0x0000B501


mem[X,0x80001D42] -> 0xA823
mem[X,0x80001D44] -> 0x6AA0
[2328] [M]: 0x80001D42 (0x6AA0A823) sw a0, 1712(ra)
mem[0x800057C4] <- 0x0000B501


mem[X,0x80001D46] -> 0x35B7
mem[X,0x80001D48] -> 0x3333
[2329] [M]: 0x80001D46 (0x333335B7) lui a1, 209715
x11 <- 0x33333000


mem[X,0x80001D4A] -> 0x8593
mem[X,0x80001D4C] -> 0x3325
[2330] [M]: 0x80001D4A (0x33258593) addi a1, a1, 818
x11 <- 0x33333332


mem[X,0x80001D4E] -> 0x652D
[2331] [M]: 0x80001D4E (0x652D) c.lui a0, 11
x10 <- 0x0000B000


mem[X,0x80001D50] -> 0x0513
mem[X,0x80001D52] -> 0x5055
[2332] [M]: 0x80001D50 (0x50550513) addi a0, a0, 1285
x10 <- 0x0000B505


mem[X,0x80001D54] -> 0x8D2D
[2333] [M]: 0x80001D54 (0x8D2D) c.xor a0, a1
x10 <- 0x33338637


mem[X,0x80001D56] -> 0xAA23
mem[X,0x80001D58] -> 0x6AA0
[2334] [M]: 0x80001D56 (0x6AA0AA23) sw a0, 1716(ra)
mem[0x800057C8] <- 0x33338637


mem[X,0x80001D5A] -> 0x65B7
mem[X,0x80001D5C] -> 0x6666
[2335] [M]: 0x80001D5A (0x666665B7) lui a1, 419430
x11 <- 0x66666000


mem[X,0x80001D5E] -> 0x8593
mem[X,0x80001D60] -> 0x6655
[2336] [M]: 0x80001D5E (0x66558593) addi a1, a1, 1637
x11 <- 0x66666665


mem[X,0x80001D62] -> 0x652D
[2337] [M]: 0x80001D62 (0x652D) c.lui a0, 11
x10 <- 0x0000B000


mem[X,0x80001D64] -> 0x0513
mem[X,0x80001D66] -> 0x5055
[2338] [M]: 0x80001D64 (0x50550513) addi a0, a0, 1285
x10 <- 0x0000B505


mem[X,0x80001D68] -> 0x8D2D
[2339] [M]: 0x80001D68 (0x8D2D) c.xor a0, a1
x10 <- 0x6666D360


mem[X,0x80001D6A] -> 0xAC23
mem[X,0x80001D6C] -> 0x6AA0
[2340] [M]: 0x80001D6A (0x6AA0AC23) sw a0, 1720(ra)
mem[0x800057CC] <- 0x6666D360


mem[X,0x80001D6E] -> 0x65AD
[2341] [M]: 0x80001D6E (0x65AD) c.lui a1, 11
x11 <- 0x0000B000


mem[X,0x80001D70] -> 0x8593
mem[X,0x80001D72] -> 0x5035
[2342] [M]: 0x80001D70 (0x50358593) addi a1, a1, 1283
x11 <- 0x0000B503


mem[X,0x80001D74] -> 0x652D
[2343] [M]: 0x80001D74 (0x652D) c.lui a0, 11
x10 <- 0x0000B000


mem[X,0x80001D76] -> 0x0513
mem[X,0x80001D78] -> 0x5055
[2344] [M]: 0x80001D76 (0x50550513) addi a0, a0, 1285
x10 <- 0x0000B505


mem[X,0x80001D7A] -> 0x8D2D
[2345] [M]: 0x80001D7A (0x8D2D) c.xor a0, a1
x10 <- 0x00000006


mem[X,0x80001D7C] -> 0xAE23
mem[X,0x80001D7E] -> 0x6AA0
[2346] [M]: 0x80001D7C (0x6AA0AE23) sw a0, 1724(ra)
mem[0x800057D0] <- 0x00000006


mem[X,0x80001D80] -> 0x55B7
mem[X,0x80001D82] -> 0x5555
[2347] [M]: 0x80001D80 (0x555555B7) lui a1, 349525
x11 <- 0x55555000


mem[X,0x80001D84] -> 0x8593
mem[X,0x80001D86] -> 0x5565
[2348] [M]: 0x80001D84 (0x55658593) addi a1, a1, 1366
x11 <- 0x55555556


mem[X,0x80001D88] -> 0x652D
[2349] [M]: 0x80001D88 (0x652D) c.lui a0, 11
x10 <- 0x0000B000


mem[X,0x80001D8A] -> 0x0513
mem[X,0x80001D8C] -> 0x5055
[2350] [M]: 0x80001D8A (0x50550513) addi a0, a0, 1285
x10 <- 0x0000B505


mem[X,0x80001D8E] -> 0x8D2D
[2351] [M]: 0x80001D8E (0x8D2D) c.xor a0, a1
x10 <- 0x5555E053


mem[X,0x80001D90] -> 0xA023
mem[X,0x80001D92] -> 0x6CA0
[2352] [M]: 0x80001D90 (0x6CA0A023) sw a0, 1728(ra)
mem[0x800057D4] <- 0x5555E053


mem[X,0x80001D94] -> 0xB5B7
mem[X,0x80001D96] -> 0xAAAA
[2353] [M]: 0x80001D94 (0xAAAAB5B7) lui a1, 699051
x11 <- 0xAAAAB000


mem[X,0x80001D98] -> 0x8593
mem[X,0x80001D9A] -> 0xAAB5
[2354] [M]: 0x80001D98 (0xAAB58593) addi a1, a1, 2731
x11 <- 0xAAAAAAAB


mem[X,0x80001D9C] -> 0x652D
[2355] [M]: 0x80001D9C (0x652D) c.lui a0, 11
x10 <- 0x0000B000


mem[X,0x80001D9E] -> 0x0513
mem[X,0x80001DA0] -> 0x5055
[2356] [M]: 0x80001D9E (0x50550513) addi a0, a0, 1285
x10 <- 0x0000B505


mem[X,0x80001DA2] -> 0x8D2D
[2357] [M]: 0x80001DA2 (0x8D2D) c.xor a0, a1
x10 <- 0xAAAA1FAE


mem[X,0x80001DA4] -> 0xA223
mem[X,0x80001DA6] -> 0x6CA0
[2358] [M]: 0x80001DA4 (0x6CA0A223) sw a0, 1732(ra)
mem[0x800057D8] <- 0xAAAA1FAE


mem[X,0x80001DA8] -> 0x4599
[2359] [M]: 0x80001DA8 (0x4599) c.li a1, 6
x11 <- 0x00000006


mem[X,0x80001DAA] -> 0x652D
[2360] [M]: 0x80001DAA (0x652D) c.lui a0, 11
x10 <- 0x0000B000


mem[X,0x80001DAC] -> 0x0513
mem[X,0x80001DAE] -> 0x5055
[2361] [M]: 0x80001DAC (0x50550513) addi a0, a0, 1285
x10 <- 0x0000B505


mem[X,0x80001DB0] -> 0x8D2D
[2362] [M]: 0x80001DB0 (0x8D2D) c.xor a0, a1
x10 <- 0x0000B503


mem[X,0x80001DB2] -> 0xA423
mem[X,0x80001DB4] -> 0x6CA0
[2363] [M]: 0x80001DB2 (0x6CA0A423) sw a0, 1736(ra)
mem[0x800057DC] <- 0x0000B503


mem[X,0x80001DB6] -> 0x35B7
mem[X,0x80001DB8] -> 0x3333
[2364] [M]: 0x80001DB6 (0x333335B7) lui a1, 209715
x11 <- 0x33333000


mem[X,0x80001DBA] -> 0x8593
mem[X,0x80001DBC] -> 0x3345
[2365] [M]: 0x80001DBA (0x33458593) addi a1, a1, 820
x11 <- 0x33333334


mem[X,0x80001DBE] -> 0x652D
[2366] [M]: 0x80001DBE (0x652D) c.lui a0, 11
x10 <- 0x0000B000


mem[X,0x80001DC0] -> 0x0513
mem[X,0x80001DC2] -> 0x5055
[2367] [M]: 0x80001DC0 (0x50550513) addi a0, a0, 1285
x10 <- 0x0000B505


mem[X,0x80001DC4] -> 0x8D2D
[2368] [M]: 0x80001DC4 (0x8D2D) c.xor a0, a1
x10 <- 0x33338631


mem[X,0x80001DC6] -> 0xA623
mem[X,0x80001DC8] -> 0x6CA0
[2369] [M]: 0x80001DC6 (0x6CA0A623) sw a0, 1740(ra)
mem[0x800057E0] <- 0x33338631


mem[X,0x80001DCA] -> 0x65B7
mem[X,0x80001DCC] -> 0x6666
[2370] [M]: 0x80001DCA (0x666665B7) lui a1, 419430
x11 <- 0x66666000


mem[X,0x80001DCE] -> 0x8593
mem[X,0x80001DD0] -> 0x6675
[2371] [M]: 0x80001DCE (0x66758593) addi a1, a1, 1639
x11 <- 0x66666667


mem[X,0x80001DD2] -> 0x652D
[2372] [M]: 0x80001DD2 (0x652D) c.lui a0, 11
x10 <- 0x0000B000


mem[X,0x80001DD4] -> 0x0513
mem[X,0x80001DD6] -> 0x5055
[2373] [M]: 0x80001DD4 (0x50550513) addi a0, a0, 1285
x10 <- 0x0000B505


mem[X,0x80001DD8] -> 0x8D2D
[2374] [M]: 0x80001DD8 (0x8D2D) c.xor a0, a1
x10 <- 0x6666D362


mem[X,0x80001DDA] -> 0xA823
mem[X,0x80001DDC] -> 0x6CA0
[2375] [M]: 0x80001DDA (0x6CA0A823) sw a0, 1744(ra)
mem[0x800057E4] <- 0x6666D362


mem[X,0x80001DDE] -> 0x75D5
[2376] [M]: 0x80001DDE (0x75D5) c.lui a1, 53
x11 <- 0xFFFF5000


mem[X,0x80001DE0] -> 0x8593
mem[X,0x80001DE2] -> 0xAFD5
[2377] [M]: 0x80001DE0 (0xAFD58593) addi a1, a1, 2813
x11 <- 0xFFFF4AFD


mem[X,0x80001DE4] -> 0x652D
[2378] [M]: 0x80001DE4 (0x652D) c.lui a0, 11
x10 <- 0x0000B000


mem[X,0x80001DE6] -> 0x0513
mem[X,0x80001DE8] -> 0x5055
[2379] [M]: 0x80001DE6 (0x50550513) addi a0, a0, 1285
x10 <- 0x0000B505


mem[X,0x80001DEA] -> 0x8D2D
[2380] [M]: 0x80001DEA (0x8D2D) c.xor a0, a1
x10 <- 0xFFFFFFF8


mem[X,0x80001DEC] -> 0xAA23
mem[X,0x80001DEE] -> 0x6CA0
[2381] [M]: 0x80001DEC (0x6CA0AA23) sw a0, 1748(ra)
mem[0x800057E8] <- 0xFFFFFFF8


mem[X,0x80001DF0] -> 0x65AD
[2382] [M]: 0x80001DF0 (0x65AD) c.lui a1, 11
x11 <- 0x0000B000


mem[X,0x80001DF2] -> 0x8593
mem[X,0x80001DF4] -> 0x5055
[2383] [M]: 0x80001DF2 (0x50558593) addi a1, a1, 1285
x11 <- 0x0000B505


mem[X,0x80001DF6] -> 0x652D
[2384] [M]: 0x80001DF6 (0x652D) c.lui a0, 11
x10 <- 0x0000B000


mem[X,0x80001DF8] -> 0x0513
mem[X,0x80001DFA] -> 0x5055
[2385] [M]: 0x80001DF8 (0x50550513) addi a0, a0, 1285
x10 <- 0x0000B505


mem[X,0x80001DFC] -> 0x8D2D
[2386] [M]: 0x80001DFC (0x8D2D) c.xor a0, a1
x10 <- 0x00000000


mem[X,0x80001DFE] -> 0xAC23
mem[X,0x80001E00] -> 0x6CA0
[2387] [M]: 0x80001DFE (0x6CA0AC23) sw a0, 1752(ra)
mem[0x800057EC] <- 0x00000000


mem[X,0x80001E02] -> 0x55B7
mem[X,0x80001E04] -> 0x5555
[2388] [M]: 0x80001E02 (0x555555B7) lui a1, 349525
x11 <- 0x55555000


mem[X,0x80001E06] -> 0x8593
mem[X,0x80001E08] -> 0x5545
[2389] [M]: 0x80001E06 (0x55458593) addi a1, a1, 1364
x11 <- 0x55555554


mem[X,0x80001E0A] -> 0x4501
[2390] [M]: 0x80001E0A (0x4501) c.li a0, 0
x10 <- 0x00000000


mem[X,0x80001E0C] -> 0x8D2D
[2391] [M]: 0x80001E0C (0x8D2D) c.xor a0, a1
x10 <- 0x55555554


mem[X,0x80001E0E] -> 0xAE23
mem[X,0x80001E10] -> 0x6CA0
[2392] [M]: 0x80001E0E (0x6CA0AE23) sw a0, 1756(ra)
mem[0x800057F0] <- 0x55555554


mem[X,0x80001E12] -> 0x4581
[2393] [M]: 0x80001E12 (0x4581) c.li a1, 0
x11 <- 0x00000000


mem[X,0x80001E14] -> 0x4501
[2394] [M]: 0x80001E14 (0x4501) c.li a0, 0
x10 <- 0x00000000


mem[X,0x80001E16] -> 0x8D2D
[2395] [M]: 0x80001E16 (0x8D2D) c.xor a0, a1
x10 <- 0x00000000


mem[X,0x80001E18] -> 0xA023
mem[X,0x80001E1A] -> 0x6EA0
[2396] [M]: 0x80001E18 (0x6EA0A023) sw a0, 1760(ra)
mem[0x800057F4] <- 0x00000000


mem[X,0x80001E1C] -> 0x4591
[2397] [M]: 0x80001E1C (0x4591) c.li a1, 4
x11 <- 0x00000004


mem[X,0x80001E1E] -> 0x4501
[2398] [M]: 0x80001E1E (0x4501) c.li a0, 0
x10 <- 0x00000000


mem[X,0x80001E20] -> 0x8D2D
[2399] [M]: 0x80001E20 (0x8D2D) c.xor a0, a1
x10 <- 0x00000004


clint::tick mtime <- 0x0000000000000018
 clint timer pending at mtime 0x0000000000000018
htif::tick 0x0000000000000000
mem[X,0x80001E22] -> 0xA223
mem[X,0x80001E24] -> 0x6EA0
[2400] [M]: 0x80001E22 (0x6EA0A223) sw a0, 1764(ra)
mem[0x800057F8] <- 0x00000004


mem[X,0x80001E26] -> 0x35B7
mem[X,0x80001E28] -> 0x3333
[2401] [M]: 0x80001E26 (0x333335B7) lui a1, 209715
x11 <- 0x33333000


mem[X,0x80001E2A] -> 0x8593
mem[X,0x80001E2C] -> 0x3325
[2402] [M]: 0x80001E2A (0x33258593) addi a1, a1, 818
x11 <- 0x33333332


mem[X,0x80001E2E] -> 0x4501
[2403] [M]: 0x80001E2E (0x4501) c.li a0, 0
x10 <- 0x00000000


mem[X,0x80001E30] -> 0x8D2D
[2404] [M]: 0x80001E30 (0x8D2D) c.xor a0, a1
x10 <- 0x33333332


mem[X,0x80001E32] -> 0xA423
mem[X,0x80001E34] -> 0x6EA0
[2405] [M]: 0x80001E32 (0x6EA0A423) sw a0, 1768(ra)
mem[0x800057FC] <- 0x33333332


mem[X,0x80001E36] -> 0x65B7
mem[X,0x80001E38] -> 0x6666
[2406] [M]: 0x80001E36 (0x666665B7) lui a1, 419430
x11 <- 0x66666000


mem[X,0x80001E3A] -> 0x8593
mem[X,0x80001E3C] -> 0x6655
[2407] [M]: 0x80001E3A (0x66558593) addi a1, a1, 1637
x11 <- 0x66666665


mem[X,0x80001E3E] -> 0x4501
[2408] [M]: 0x80001E3E (0x4501) c.li a0, 0
x10 <- 0x00000000


mem[X,0x80001E40] -> 0x8D2D
[2409] [M]: 0x80001E40 (0x8D2D) c.xor a0, a1
x10 <- 0x66666665


mem[X,0x80001E42] -> 0xA623
mem[X,0x80001E44] -> 0x6EA0
[2410] [M]: 0x80001E42 (0x6EA0A623) sw a0, 1772(ra)
mem[0x80005800] <- 0x66666665


mem[X,0x80001E46] -> 0x65AD
[2411] [M]: 0x80001E46 (0x65AD) c.lui a1, 11
x11 <- 0x0000B000


mem[X,0x80001E48] -> 0x8593
mem[X,0x80001E4A] -> 0x5035
[2412] [M]: 0x80001E48 (0x50358593) addi a1, a1, 1283
x11 <- 0x0000B503


mem[X,0x80001E4C] -> 0x4501
[2413] [M]: 0x80001E4C (0x4501) c.li a0, 0
x10 <- 0x00000000


mem[X,0x80001E4E] -> 0x8D2D
[2414] [M]: 0x80001E4E (0x8D2D) c.xor a0, a1
x10 <- 0x0000B503


mem[X,0x80001E50] -> 0xA823
mem[X,0x80001E52] -> 0x6EA0
[2415] [M]: 0x80001E50 (0x6EA0A823) sw a0, 1776(ra)
mem[0x80005804] <- 0x0000B503


mem[X,0x80001E54] -> 0x55B7
mem[X,0x80001E56] -> 0x5555
[2416] [M]: 0x80001E54 (0x555555B7) lui a1, 349525
x11 <- 0x55555000


mem[X,0x80001E58] -> 0x8593
mem[X,0x80001E5A] -> 0x5565
[2417] [M]: 0x80001E58 (0x55658593) addi a1, a1, 1366
x11 <- 0x55555556


mem[X,0x80001E5C] -> 0x4501
[2418] [M]: 0x80001E5C (0x4501) c.li a0, 0
x10 <- 0x00000000


mem[X,0x80001E5E] -> 0x8D2D
[2419] [M]: 0x80001E5E (0x8D2D) c.xor a0, a1
x10 <- 0x55555556


mem[X,0x80001E60] -> 0xAA23
mem[X,0x80001E62] -> 0x6EA0
[2420] [M]: 0x80001E60 (0x6EA0AA23) sw a0, 1780(ra)
mem[0x80005808] <- 0x55555556


mem[X,0x80001E64] -> 0xB5B7
mem[X,0x80001E66] -> 0xAAAA
[2421] [M]: 0x80001E64 (0xAAAAB5B7) lui a1, 699051
x11 <- 0xAAAAB000


mem[X,0x80001E68] -> 0x8593
mem[X,0x80001E6A] -> 0xAAB5
[2422] [M]: 0x80001E68 (0xAAB58593) addi a1, a1, 2731
x11 <- 0xAAAAAAAB


mem[X,0x80001E6C] -> 0x4501
[2423] [M]: 0x80001E6C (0x4501) c.li a0, 0
x10 <- 0x00000000


mem[X,0x80001E6E] -> 0x8D2D
[2424] [M]: 0x80001E6E (0x8D2D) c.xor a0, a1
x10 <- 0xAAAAAAAB


mem[X,0x80001E70] -> 0xAC23
mem[X,0x80001E72] -> 0x6EA0
[2425] [M]: 0x80001E70 (0x6EA0AC23) sw a0, 1784(ra)
mem[0x8000580C] <- 0xAAAAAAAB


mem[X,0x80001E74] -> 0x4599
[2426] [M]: 0x80001E74 (0x4599) c.li a1, 6
x11 <- 0x00000006


mem[X,0x80001E76] -> 0x4501
[2427] [M]: 0x80001E76 (0x4501) c.li a0, 0
x10 <- 0x00000000


mem[X,0x80001E78] -> 0x8D2D
[2428] [M]: 0x80001E78 (0x8D2D) c.xor a0, a1
x10 <- 0x00000006


mem[X,0x80001E7A] -> 0xAE23
mem[X,0x80001E7C] -> 0x6EA0
[2429] [M]: 0x80001E7A (0x6EA0AE23) sw a0, 1788(ra)
mem[0x80005810] <- 0x00000006


mem[X,0x80001E7E] -> 0x35B7
mem[X,0x80001E80] -> 0x3333
[2430] [M]: 0x80001E7E (0x333335B7) lui a1, 209715
x11 <- 0x33333000


mem[X,0x80001E82] -> 0x8593
mem[X,0x80001E84] -> 0x3345
[2431] [M]: 0x80001E82 (0x33458593) addi a1, a1, 820
x11 <- 0x33333334


mem[X,0x80001E86] -> 0x4501
[2432] [M]: 0x80001E86 (0x4501) c.li a0, 0
x10 <- 0x00000000


mem[X,0x80001E88] -> 0x8D2D
[2433] [M]: 0x80001E88 (0x8D2D) c.xor a0, a1
x10 <- 0x33333334


mem[X,0x80001E8A] -> 0xA023
mem[X,0x80001E8C] -> 0x70A0
[2434] [M]: 0x80001E8A (0x70A0A023) sw a0, 1792(ra)
mem[0x80005814] <- 0x33333334


mem[X,0x80001E8E] -> 0x65B7
mem[X,0x80001E90] -> 0x6666
[2435] [M]: 0x80001E8E (0x666665B7) lui a1, 419430
x11 <- 0x66666000


mem[X,0x80001E92] -> 0x8593
mem[X,0x80001E94] -> 0x6675
[2436] [M]: 0x80001E92 (0x66758593) addi a1, a1, 1639
x11 <- 0x66666667


mem[X,0x80001E96] -> 0x4501
[2437] [M]: 0x80001E96 (0x4501) c.li a0, 0
x10 <- 0x00000000


mem[X,0x80001E98] -> 0x8D2D
[2438] [M]: 0x80001E98 (0x8D2D) c.xor a0, a1
x10 <- 0x66666667


mem[X,0x80001E9A] -> 0xA223
mem[X,0x80001E9C] -> 0x70A0
[2439] [M]: 0x80001E9A (0x70A0A223) sw a0, 1796(ra)
mem[0x80005818] <- 0x66666667


mem[X,0x80001E9E] -> 0x75D5
[2440] [M]: 0x80001E9E (0x75D5) c.lui a1, 53
x11 <- 0xFFFF5000


mem[X,0x80001EA0] -> 0x8593
mem[X,0x80001EA2] -> 0xAFD5
[2441] [M]: 0x80001EA0 (0xAFD58593) addi a1, a1, 2813
x11 <- 0xFFFF4AFD


mem[X,0x80001EA4] -> 0x4501
[2442] [M]: 0x80001EA4 (0x4501) c.li a0, 0
x10 <- 0x00000000


mem[X,0x80001EA6] -> 0x8D2D
[2443] [M]: 0x80001EA6 (0x8D2D) c.xor a0, a1
x10 <- 0xFFFF4AFD


mem[X,0x80001EA8] -> 0xA423
mem[X,0x80001EAA] -> 0x70A0
[2444] [M]: 0x80001EA8 (0x70A0A423) sw a0, 1800(ra)
mem[0x8000581C] <- 0xFFFF4AFD


mem[X,0x80001EAC] -> 0x65AD
[2445] [M]: 0x80001EAC (0x65AD) c.lui a1, 11
x11 <- 0x0000B000


mem[X,0x80001EAE] -> 0x8593
mem[X,0x80001EB0] -> 0x5055
[2446] [M]: 0x80001EAE (0x50558593) addi a1, a1, 1285
x11 <- 0x0000B505


mem[X,0x80001EB2] -> 0x4501
[2447] [M]: 0x80001EB2 (0x4501) c.li a0, 0
x10 <- 0x00000000


mem[X,0x80001EB4] -> 0x8D2D
[2448] [M]: 0x80001EB4 (0x8D2D) c.xor a0, a1
x10 <- 0x0000B505


mem[X,0x80001EB6] -> 0xA623
mem[X,0x80001EB8] -> 0x70A0
[2449] [M]: 0x80001EB6 (0x70A0A623) sw a0, 1804(ra)
mem[0x80005820] <- 0x0000B505


mem[X,0x80001EBA] -> 0x458D
[2450] [M]: 0x80001EBA (0x458D) c.li a1, 3
x11 <- 0x00000003


mem[X,0x80001EBC] -> 0x4511
[2451] [M]: 0x80001EBC (0x4511) c.li a0, 4
x10 <- 0x00000004


mem[X,0x80001EBE] -> 0x8D2D
[2452] [M]: 0x80001EBE (0x8D2D) c.xor a0, a1
x10 <- 0x00000007


mem[X,0x80001EC0] -> 0xA823
mem[X,0x80001EC2] -> 0x70A0
[2453] [M]: 0x80001EC0 (0x70A0A823) sw a0, 1808(ra)
mem[0x80005824] <- 0x00000007


mem[X,0x80001EC4] -> 0x55B7
mem[X,0x80001EC6] -> 0x5555
[2454] [M]: 0x80001EC4 (0x555555B7) lui a1, 349525
x11 <- 0x55555000


mem[X,0x80001EC8] -> 0x8593
mem[X,0x80001ECA] -> 0x5555
[2455] [M]: 0x80001EC8 (0x55558593) addi a1, a1, 1365
x11 <- 0x55555555


mem[X,0x80001ECC] -> 0x4511
[2456] [M]: 0x80001ECC (0x4511) c.li a0, 4
x10 <- 0x00000004


mem[X,0x80001ECE] -> 0x8D2D
[2457] [M]: 0x80001ECE (0x8D2D) c.xor a0, a1
x10 <- 0x55555551


mem[X,0x80001ED0] -> 0xAA23
mem[X,0x80001ED2] -> 0x70A0
[2458] [M]: 0x80001ED0 (0x70A0AA23) sw a0, 1812(ra)
mem[0x80005828] <- 0x55555551


mem[X,0x80001ED4] -> 0xB5B7
mem[X,0x80001ED6] -> 0xAAAA
[2459] [M]: 0x80001ED4 (0xAAAAB5B7) lui a1, 699051
x11 <- 0xAAAAB000


mem[X,0x80001ED8] -> 0x8593
mem[X,0x80001EDA] -> 0xAAA5
[2460] [M]: 0x80001ED8 (0xAAA58593) addi a1, a1, 2730
x11 <- 0xAAAAAAAA


mem[X,0x80001EDC] -> 0x4511
[2461] [M]: 0x80001EDC (0x4511) c.li a0, 4
x10 <- 0x00000004


mem[X,0x80001EDE] -> 0x8D2D
[2462] [M]: 0x80001EDE (0x8D2D) c.xor a0, a1
x10 <- 0xAAAAAAAE


mem[X,0x80001EE0] -> 0xAC23
mem[X,0x80001EE2] -> 0x70A0
[2463] [M]: 0x80001EE0 (0x70A0AC23) sw a0, 1816(ra)
mem[0x8000582C] <- 0xAAAAAAAE


mem[X,0x80001EE4] -> 0x4595
[2464] [M]: 0x80001EE4 (0x4595) c.li a1, 5
x11 <- 0x00000005


mem[X,0x80001EE6] -> 0x4511
[2465] [M]: 0x80001EE6 (0x4511) c.li a0, 4
x10 <- 0x00000004


mem[X,0x80001EE8] -> 0x8D2D
[2466] [M]: 0x80001EE8 (0x8D2D) c.xor a0, a1
x10 <- 0x00000001


mem[X,0x80001EEA] -> 0xAE23
mem[X,0x80001EEC] -> 0x70A0
[2467] [M]: 0x80001EEA (0x70A0AE23) sw a0, 1820(ra)
mem[0x80005830] <- 0x00000001


mem[X,0x80001EEE] -> 0x35B7
mem[X,0x80001EF0] -> 0x3333
[2468] [M]: 0x80001EEE (0x333335B7) lui a1, 209715
x11 <- 0x33333000


mem[X,0x80001EF2] -> 0x8593
mem[X,0x80001EF4] -> 0x3335
[2469] [M]: 0x80001EF2 (0x33358593) addi a1, a1, 819
x11 <- 0x33333333


mem[X,0x80001EF6] -> 0x4511
[2470] [M]: 0x80001EF6 (0x4511) c.li a0, 4
x10 <- 0x00000004


mem[X,0x80001EF8] -> 0x8D2D
[2471] [M]: 0x80001EF8 (0x8D2D) c.xor a0, a1
x10 <- 0x33333337


mem[X,0x80001EFA] -> 0xA023
mem[X,0x80001EFC] -> 0x72A0
[2472] [M]: 0x80001EFA (0x72A0A023) sw a0, 1824(ra)
mem[0x80005834] <- 0x33333337


mem[X,0x80001EFE] -> 0x65B7
mem[X,0x80001F00] -> 0x6666
[2473] [M]: 0x80001EFE (0x666665B7) lui a1, 419430
x11 <- 0x66666000


mem[X,0x80001F02] -> 0x8593
mem[X,0x80001F04] -> 0x6665
[2474] [M]: 0x80001F02 (0x66658593) addi a1, a1, 1638
x11 <- 0x66666666


mem[X,0x80001F06] -> 0x4511
[2475] [M]: 0x80001F06 (0x4511) c.li a0, 4
x10 <- 0x00000004


mem[X,0x80001F08] -> 0x8D2D
[2476] [M]: 0x80001F08 (0x8D2D) c.xor a0, a1
x10 <- 0x66666662


mem[X,0x80001F0A] -> 0xA223
mem[X,0x80001F0C] -> 0x72A0
[2477] [M]: 0x80001F0A (0x72A0A223) sw a0, 1828(ra)
mem[0x80005838] <- 0x66666662


mem[X,0x80001F0E] -> 0x75D5
[2478] [M]: 0x80001F0E (0x75D5) c.lui a1, 53
x11 <- 0xFFFF5000


mem[X,0x80001F10] -> 0x8593
mem[X,0x80001F12] -> 0xAFC5
[2479] [M]: 0x80001F10 (0xAFC58593) addi a1, a1, 2812
x11 <- 0xFFFF4AFC


mem[X,0x80001F14] -> 0x4511
[2480] [M]: 0x80001F14 (0x4511) c.li a0, 4
x10 <- 0x00000004


mem[X,0x80001F16] -> 0x8D2D
[2481] [M]: 0x80001F16 (0x8D2D) c.xor a0, a1
x10 <- 0xFFFF4AF8


mem[X,0x80001F18] -> 0xA423
mem[X,0x80001F1A] -> 0x72A0
[2482] [M]: 0x80001F18 (0x72A0A423) sw a0, 1832(ra)
mem[0x8000583C] <- 0xFFFF4AF8


mem[X,0x80001F1C] -> 0x65AD
[2483] [M]: 0x80001F1C (0x65AD) c.lui a1, 11
x11 <- 0x0000B000


mem[X,0x80001F1E] -> 0x8593
mem[X,0x80001F20] -> 0x5045
[2484] [M]: 0x80001F1E (0x50458593) addi a1, a1, 1284
x11 <- 0x0000B504


mem[X,0x80001F22] -> 0x4511
[2485] [M]: 0x80001F22 (0x4511) c.li a0, 4
x10 <- 0x00000004


mem[X,0x80001F24] -> 0x8D2D
[2486] [M]: 0x80001F24 (0x8D2D) c.xor a0, a1
x10 <- 0x0000B500


mem[X,0x80001F26] -> 0xA623
mem[X,0x80001F28] -> 0x72A0
[2487] [M]: 0x80001F26 (0x72A0A623) sw a0, 1836(ra)
mem[0x80005840] <- 0x0000B500


mem[X,0x80001F2A] -> 0x4589
[2488] [M]: 0x80001F2A (0x4589) c.li a1, 2
x11 <- 0x00000002


mem[X,0x80001F2C] -> 0x4511
[2489] [M]: 0x80001F2C (0x4511) c.li a0, 4
x10 <- 0x00000004


mem[X,0x80001F2E] -> 0x8D2D
[2490] [M]: 0x80001F2E (0x8D2D) c.xor a0, a1
x10 <- 0x00000006


mem[X,0x80001F30] -> 0xA823
mem[X,0x80001F32] -> 0x72A0
[2491] [M]: 0x80001F30 (0x72A0A823) sw a0, 1840(ra)
mem[0x80005844] <- 0x00000006


mem[X,0x80001F34] -> 0x55B7
mem[X,0x80001F36] -> 0x5555
[2492] [M]: 0x80001F34 (0x555555B7) lui a1, 349525
x11 <- 0x55555000


mem[X,0x80001F38] -> 0x8593
mem[X,0x80001F3A] -> 0x5545
[2493] [M]: 0x80001F38 (0x55458593) addi a1, a1, 1364
x11 <- 0x55555554


mem[X,0x80001F3C] -> 0x4511
[2494] [M]: 0x80001F3C (0x4511) c.li a0, 4
x10 <- 0x00000004


mem[X,0x80001F3E] -> 0x8D2D
[2495] [M]: 0x80001F3E (0x8D2D) c.xor a0, a1
x10 <- 0x55555550


mem[X,0x80001F40] -> 0xAA23
mem[X,0x80001F42] -> 0x72A0
[2496] [M]: 0x80001F40 (0x72A0AA23) sw a0, 1844(ra)
mem[0x80005848] <- 0x55555550


mem[X,0x80001F44] -> 0x4581
[2497] [M]: 0x80001F44 (0x4581) c.li a1, 0
x11 <- 0x00000000


mem[X,0x80001F46] -> 0x4511
[2498] [M]: 0x80001F46 (0x4511) c.li a0, 4
x10 <- 0x00000004


mem[X,0x80001F48] -> 0x8D2D
[2499] [M]: 0x80001F48 (0x8D2D) c.xor a0, a1
x10 <- 0x00000004


clint::tick mtime <- 0x0000000000000019
 clint timer pending at mtime 0x0000000000000019
htif::tick 0x0000000000000000
mem[X,0x80001F4A] -> 0xAC23
mem[X,0x80001F4C] -> 0x72A0
[2500] [M]: 0x80001F4A (0x72A0AC23) sw a0, 1848(ra)
mem[0x8000584C] <- 0x00000004


mem[X,0x80001F4E] -> 0x4591
[2501] [M]: 0x80001F4E (0x4591) c.li a1, 4
x11 <- 0x00000004


mem[X,0x80001F50] -> 0x4511
[2502] [M]: 0x80001F50 (0x4511) c.li a0, 4
x10 <- 0x00000004


mem[X,0x80001F52] -> 0x8D2D
[2503] [M]: 0x80001F52 (0x8D2D) c.xor a0, a1
x10 <- 0x00000000


mem[X,0x80001F54] -> 0xAE23
mem[X,0x80001F56] -> 0x72A0
[2504] [M]: 0x80001F54 (0x72A0AE23) sw a0, 1852(ra)
mem[0x80005850] <- 0x00000000


mem[X,0x80001F58] -> 0x35B7
mem[X,0x80001F5A] -> 0x3333
[2505] [M]: 0x80001F58 (0x333335B7) lui a1, 209715
x11 <- 0x33333000


mem[X,0x80001F5C] -> 0x8593
mem[X,0x80001F5E] -> 0x3325
[2506] [M]: 0x80001F5C (0x33258593) addi a1, a1, 818
x11 <- 0x33333332


mem[X,0x80001F60] -> 0x4511
[2507] [M]: 0x80001F60 (0x4511) c.li a0, 4
x10 <- 0x00000004


mem[X,0x80001F62] -> 0x8D2D
[2508] [M]: 0x80001F62 (0x8D2D) c.xor a0, a1
x10 <- 0x33333336


mem[X,0x80001F64] -> 0xA023
mem[X,0x80001F66] -> 0x74A0
[2509] [M]: 0x80001F64 (0x74A0A023) sw a0, 1856(ra)
mem[0x80005854] <- 0x33333336


mem[X,0x80001F68] -> 0x65B7
mem[X,0x80001F6A] -> 0x6666
[2510] [M]: 0x80001F68 (0x666665B7) lui a1, 419430
x11 <- 0x66666000


mem[X,0x80001F6C] -> 0x8593
mem[X,0x80001F6E] -> 0x6655
[2511] [M]: 0x80001F6C (0x66558593) addi a1, a1, 1637
x11 <- 0x66666665


mem[X,0x80001F70] -> 0x4511
[2512] [M]: 0x80001F70 (0x4511) c.li a0, 4
x10 <- 0x00000004


mem[X,0x80001F72] -> 0x8D2D
[2513] [M]: 0x80001F72 (0x8D2D) c.xor a0, a1
x10 <- 0x66666661


mem[X,0x80001F74] -> 0xA223
mem[X,0x80001F76] -> 0x74A0
[2514] [M]: 0x80001F74 (0x74A0A223) sw a0, 1860(ra)
mem[0x80005858] <- 0x66666661


mem[X,0x80001F78] -> 0x65AD
[2515] [M]: 0x80001F78 (0x65AD) c.lui a1, 11
x11 <- 0x0000B000


mem[X,0x80001F7A] -> 0x8593
mem[X,0x80001F7C] -> 0x5035
[2516] [M]: 0x80001F7A (0x50358593) addi a1, a1, 1283
x11 <- 0x0000B503


mem[X,0x80001F7E] -> 0x4511
[2517] [M]: 0x80001F7E (0x4511) c.li a0, 4
x10 <- 0x00000004


mem[X,0x80001F80] -> 0x8D2D
[2518] [M]: 0x80001F80 (0x8D2D) c.xor a0, a1
x10 <- 0x0000B507


mem[X,0x80001F82] -> 0xA423
mem[X,0x80001F84] -> 0x74A0
[2519] [M]: 0x80001F82 (0x74A0A423) sw a0, 1864(ra)
mem[0x8000585C] <- 0x0000B507


mem[X,0x80001F86] -> 0x55B7
mem[X,0x80001F88] -> 0x5555
[2520] [M]: 0x80001F86 (0x555555B7) lui a1, 349525
x11 <- 0x55555000


mem[X,0x80001F8A] -> 0x8593
mem[X,0x80001F8C] -> 0x5565
[2521] [M]: 0x80001F8A (0x55658593) addi a1, a1, 1366
x11 <- 0x55555556


mem[X,0x80001F8E] -> 0x4511
[2522] [M]: 0x80001F8E (0x4511) c.li a0, 4
x10 <- 0x00000004


mem[X,0x80001F90] -> 0x8D2D
[2523] [M]: 0x80001F90 (0x8D2D) c.xor a0, a1
x10 <- 0x55555552


mem[X,0x80001F92] -> 0xA623
mem[X,0x80001F94] -> 0x74A0
[2524] [M]: 0x80001F92 (0x74A0A623) sw a0, 1868(ra)
mem[0x80005860] <- 0x55555552


mem[X,0x80001F96] -> 0xB5B7
mem[X,0x80001F98] -> 0xAAAA
[2525] [M]: 0x80001F96 (0xAAAAB5B7) lui a1, 699051
x11 <- 0xAAAAB000


mem[X,0x80001F9A] -> 0x8593
mem[X,0x80001F9C] -> 0xAAB5
[2526] [M]: 0x80001F9A (0xAAB58593) addi a1, a1, 2731
x11 <- 0xAAAAAAAB


mem[X,0x80001F9E] -> 0x4511
[2527] [M]: 0x80001F9E (0x4511) c.li a0, 4
x10 <- 0x00000004


mem[X,0x80001FA0] -> 0x8D2D
[2528] [M]: 0x80001FA0 (0x8D2D) c.xor a0, a1
x10 <- 0xAAAAAAAF


mem[X,0x80001FA2] -> 0xA823
mem[X,0x80001FA4] -> 0x74A0
[2529] [M]: 0x80001FA2 (0x74A0A823) sw a0, 1872(ra)
mem[0x80005864] <- 0xAAAAAAAF


mem[X,0x80001FA6] -> 0x4599
[2530] [M]: 0x80001FA6 (0x4599) c.li a1, 6
x11 <- 0x00000006


mem[X,0x80001FA8] -> 0x4511
[2531] [M]: 0x80001FA8 (0x4511) c.li a0, 4
x10 <- 0x00000004


mem[X,0x80001FAA] -> 0x8D2D
[2532] [M]: 0x80001FAA (0x8D2D) c.xor a0, a1
x10 <- 0x00000002


mem[X,0x80001FAC] -> 0xAA23
mem[X,0x80001FAE] -> 0x74A0
[2533] [M]: 0x80001FAC (0x74A0AA23) sw a0, 1876(ra)
mem[0x80005868] <- 0x00000002


mem[X,0x80001FB0] -> 0x35B7
mem[X,0x80001FB2] -> 0x3333
[2534] [M]: 0x80001FB0 (0x333335B7) lui a1, 209715
x11 <- 0x33333000


mem[X,0x80001FB4] -> 0x8593
mem[X,0x80001FB6] -> 0x3345
[2535] [M]: 0x80001FB4 (0x33458593) addi a1, a1, 820
x11 <- 0x33333334


mem[X,0x80001FB8] -> 0x4511
[2536] [M]: 0x80001FB8 (0x4511) c.li a0, 4
x10 <- 0x00000004


mem[X,0x80001FBA] -> 0x8D2D
[2537] [M]: 0x80001FBA (0x8D2D) c.xor a0, a1
x10 <- 0x33333330


mem[X,0x80001FBC] -> 0xAC23
mem[X,0x80001FBE] -> 0x74A0
[2538] [M]: 0x80001FBC (0x74A0AC23) sw a0, 1880(ra)
mem[0x8000586C] <- 0x33333330


mem[X,0x80001FC0] -> 0x65B7
mem[X,0x80001FC2] -> 0x6666
[2539] [M]: 0x80001FC0 (0x666665B7) lui a1, 419430
x11 <- 0x66666000


mem[X,0x80001FC4] -> 0x8593
mem[X,0x80001FC6] -> 0x6675
[2540] [M]: 0x80001FC4 (0x66758593) addi a1, a1, 1639
x11 <- 0x66666667


mem[X,0x80001FC8] -> 0x4511
[2541] [M]: 0x80001FC8 (0x4511) c.li a0, 4
x10 <- 0x00000004


mem[X,0x80001FCA] -> 0x8D2D
[2542] [M]: 0x80001FCA (0x8D2D) c.xor a0, a1
x10 <- 0x66666663


mem[X,0x80001FCC] -> 0xAE23
mem[X,0x80001FCE] -> 0x74A0
[2543] [M]: 0x80001FCC (0x74A0AE23) sw a0, 1884(ra)
mem[0x80005870] <- 0x66666663


mem[X,0x80001FD0] -> 0x75D5
[2544] [M]: 0x80001FD0 (0x75D5) c.lui a1, 53
x11 <- 0xFFFF5000


mem[X,0x80001FD2] -> 0x8593
mem[X,0x80001FD4] -> 0xAFD5
[2545] [M]: 0x80001FD2 (0xAFD58593) addi a1, a1, 2813
x11 <- 0xFFFF4AFD


mem[X,0x80001FD6] -> 0x4511
[2546] [M]: 0x80001FD6 (0x4511) c.li a0, 4
x10 <- 0x00000004


mem[X,0x80001FD8] -> 0x8D2D
[2547] [M]: 0x80001FD8 (0x8D2D) c.xor a0, a1
x10 <- 0xFFFF4AF9


mem[X,0x80001FDA] -> 0xA023
mem[X,0x80001FDC] -> 0x76A0
[2548] [M]: 0x80001FDA (0x76A0A023) sw a0, 1888(ra)
mem[0x80005874] <- 0xFFFF4AF9


mem[X,0x80001FDE] -> 0x65AD
[2549] [M]: 0x80001FDE (0x65AD) c.lui a1, 11
x11 <- 0x0000B000


mem[X,0x80001FE0] -> 0x8593
mem[X,0x80001FE2] -> 0x5055
[2550] [M]: 0x80001FE0 (0x50558593) addi a1, a1, 1285
x11 <- 0x0000B505


mem[X,0x80001FE4] -> 0x4511
[2551] [M]: 0x80001FE4 (0x4511) c.li a0, 4
x10 <- 0x00000004


mem[X,0x80001FE6] -> 0x8D2D
[2552] [M]: 0x80001FE6 (0x8D2D) c.xor a0, a1
x10 <- 0x0000B501


mem[X,0x80001FE8] -> 0xA223
mem[X,0x80001FEA] -> 0x76A0
[2553] [M]: 0x80001FE8 (0x76A0A223) sw a0, 1892(ra)
mem[0x80005878] <- 0x0000B501


mem[X,0x80001FEC] -> 0x458D
[2554] [M]: 0x80001FEC (0x458D) c.li a1, 3
x11 <- 0x00000003


mem[X,0x80001FEE] -> 0x3537
mem[X,0x80001FF0] -> 0x3333
[2555] [M]: 0x80001FEE (0x33333537) lui a0, 209715
x10 <- 0x33333000


mem[X,0x80001FF2] -> 0x0513
mem[X,0x80001FF4] -> 0x3325
[2556] [M]: 0x80001FF2 (0x33250513) addi a0, a0, 818
x10 <- 0x33333332


mem[X,0x80001FF6] -> 0x8D2D
[2557] [M]: 0x80001FF6 (0x8D2D) c.xor a0, a1
x10 <- 0x33333331


mem[X,0x80001FF8] -> 0xA423
mem[X,0x80001FFA] -> 0x76A0
[2558] [M]: 0x80001FF8 (0x76A0A423) sw a0, 1896(ra)
mem[0x8000587C] <- 0x33333331


mem[X,0x80001FFC] -> 0x55B7
mem[X,0x80001FFE] -> 0x5555
[2559] [M]: 0x80001FFC (0x555555B7) lui a1, 349525
x11 <- 0x55555000


mem[X,0x80002000] -> 0x8593
mem[X,0x80002002] -> 0x5555
[2560] [M]: 0x80002000 (0x55558593) addi a1, a1, 1365
x11 <- 0x55555555


mem[X,0x80002004] -> 0x3537
mem[X,0x80002006] -> 0x3333
[2561] [M]: 0x80002004 (0x33333537) lui a0, 209715
x10 <- 0x33333000


mem[X,0x80002008] -> 0x0513
mem[X,0x8000200A] -> 0x3325
[2562] [M]: 0x80002008 (0x33250513) addi a0, a0, 818
x10 <- 0x33333332


mem[X,0x8000200C] -> 0x8D2D
[2563] [M]: 0x8000200C (0x8D2D) c.xor a0, a1
x10 <- 0x66666667


mem[X,0x8000200E] -> 0xA623
mem[X,0x80002010] -> 0x76A0
[2564] [M]: 0x8000200E (0x76A0A623) sw a0, 1900(ra)
mem[0x80005880] <- 0x66666667


mem[X,0x80002012] -> 0xB5B7
mem[X,0x80002014] -> 0xAAAA
[2565] [M]: 0x80002012 (0xAAAAB5B7) lui a1, 699051
x11 <- 0xAAAAB000


mem[X,0x80002016] -> 0x8593
mem[X,0x80002018] -> 0xAAA5
[2566] [M]: 0x80002016 (0xAAA58593) addi a1, a1, 2730
x11 <- 0xAAAAAAAA


mem[X,0x8000201A] -> 0x3537
mem[X,0x8000201C] -> 0x3333
[2567] [M]: 0x8000201A (0x33333537) lui a0, 209715
x10 <- 0x33333000


mem[X,0x8000201E] -> 0x0513
mem[X,0x80002020] -> 0x3325
[2568] [M]: 0x8000201E (0x33250513) addi a0, a0, 818
x10 <- 0x33333332


mem[X,0x80002022] -> 0x8D2D
[2569] [M]: 0x80002022 (0x8D2D) c.xor a0, a1
x10 <- 0x99999998


mem[X,0x80002024] -> 0xA823
mem[X,0x80002026] -> 0x76A0
[2570] [M]: 0x80002024 (0x76A0A823) sw a0, 1904(ra)
mem[0x80005884] <- 0x99999998


mem[X,0x80002028] -> 0x4595
[2571] [M]: 0x80002028 (0x4595) c.li a1, 5
x11 <- 0x00000005


mem[X,0x8000202A] -> 0x3537
mem[X,0x8000202C] -> 0x3333
[2572] [M]: 0x8000202A (0x33333537) lui a0, 209715
x10 <- 0x33333000


mem[X,0x8000202E] -> 0x0513
mem[X,0x80002030] -> 0x3325
[2573] [M]: 0x8000202E (0x33250513) addi a0, a0, 818
x10 <- 0x33333332


mem[X,0x80002032] -> 0x8D2D
[2574] [M]: 0x80002032 (0x8D2D) c.xor a0, a1
x10 <- 0x33333337


mem[X,0x80002034] -> 0xAA23
mem[X,0x80002036] -> 0x76A0
[2575] [M]: 0x80002034 (0x76A0AA23) sw a0, 1908(ra)
mem[0x80005888] <- 0x33333337


mem[X,0x80002038] -> 0x35B7
mem[X,0x8000203A] -> 0x3333
[2576] [M]: 0x80002038 (0x333335B7) lui a1, 209715
x11 <- 0x33333000


mem[X,0x8000203C] -> 0x8593
mem[X,0x8000203E] -> 0x3335
[2577] [M]: 0x8000203C (0x33358593) addi a1, a1, 819
x11 <- 0x33333333


mem[X,0x80002040] -> 0x3537
mem[X,0x80002042] -> 0x3333
[2578] [M]: 0x80002040 (0x33333537) lui a0, 209715
x10 <- 0x33333000


mem[X,0x80002044] -> 0x0513
mem[X,0x80002046] -> 0x3325
[2579] [M]: 0x80002044 (0x33250513) addi a0, a0, 818
x10 <- 0x33333332


mem[X,0x80002048] -> 0x8D2D
[2580] [M]: 0x80002048 (0x8D2D) c.xor a0, a1
x10 <- 0x00000001


mem[X,0x8000204A] -> 0xAC23
mem[X,0x8000204C] -> 0x76A0
[2581] [M]: 0x8000204A (0x76A0AC23) sw a0, 1912(ra)
mem[0x8000588C] <- 0x00000001


mem[X,0x8000204E] -> 0x65B7
mem[X,0x80002050] -> 0x6666
[2582] [M]: 0x8000204E (0x666665B7) lui a1, 419430
x11 <- 0x66666000


mem[X,0x80002052] -> 0x8593
mem[X,0x80002054] -> 0x6665
[2583] [M]: 0x80002052 (0x66658593) addi a1, a1, 1638
x11 <- 0x66666666


mem[X,0x80002056] -> 0x3537
mem[X,0x80002058] -> 0x3333
[2584] [M]: 0x80002056 (0x33333537) lui a0, 209715
x10 <- 0x33333000


mem[X,0x8000205A] -> 0x0513
mem[X,0x8000205C] -> 0x3325
[2585] [M]: 0x8000205A (0x33250513) addi a0, a0, 818
x10 <- 0x33333332


mem[X,0x8000205E] -> 0x8D2D
[2586] [M]: 0x8000205E (0x8D2D) c.xor a0, a1
x10 <- 0x55555554


mem[X,0x80002060] -> 0xAE23
mem[X,0x80002062] -> 0x76A0
[2587] [M]: 0x80002060 (0x76A0AE23) sw a0, 1916(ra)
mem[0x80005890] <- 0x55555554


mem[X,0x80002064] -> 0x75D5
[2588] [M]: 0x80002064 (0x75D5) c.lui a1, 53
x11 <- 0xFFFF5000


mem[X,0x80002066] -> 0x8593
mem[X,0x80002068] -> 0xAFC5
[2589] [M]: 0x80002066 (0xAFC58593) addi a1, a1, 2812
x11 <- 0xFFFF4AFC


mem[X,0x8000206A] -> 0x3537
mem[X,0x8000206C] -> 0x3333
[2590] [M]: 0x8000206A (0x33333537) lui a0, 209715
x10 <- 0x33333000


mem[X,0x8000206E] -> 0x0513
mem[X,0x80002070] -> 0x3325
[2591] [M]: 0x8000206E (0x33250513) addi a0, a0, 818
x10 <- 0x33333332


mem[X,0x80002072] -> 0x8D2D
[2592] [M]: 0x80002072 (0x8D2D) c.xor a0, a1
x10 <- 0xCCCC79CE


mem[X,0x80002074] -> 0xA023
mem[X,0x80002076] -> 0x78A0
[2593] [M]: 0x80002074 (0x78A0A023) sw a0, 1920(ra)
mem[0x80005894] <- 0xCCCC79CE


mem[X,0x80002078] -> 0x65AD
[2594] [M]: 0x80002078 (0x65AD) c.lui a1, 11
x11 <- 0x0000B000


mem[X,0x8000207A] -> 0x8593
mem[X,0x8000207C] -> 0x5045
[2595] [M]: 0x8000207A (0x50458593) addi a1, a1, 1284
x11 <- 0x0000B504


mem[X,0x8000207E] -> 0x3537
mem[X,0x80002080] -> 0x3333
[2596] [M]: 0x8000207E (0x33333537) lui a0, 209715
x10 <- 0x33333000


mem[X,0x80002082] -> 0x0513
mem[X,0x80002084] -> 0x3325
[2597] [M]: 0x80002082 (0x33250513) addi a0, a0, 818
x10 <- 0x33333332


mem[X,0x80002086] -> 0x8D2D
[2598] [M]: 0x80002086 (0x8D2D) c.xor a0, a1
x10 <- 0x33338636


mem[X,0x80002088] -> 0xA223
mem[X,0x8000208A] -> 0x78A0
[2599] [M]: 0x80002088 (0x78A0A223) sw a0, 1924(ra)
mem[0x80005898] <- 0x33338636


clint::tick mtime <- 0x000000000000001A
 clint timer pending at mtime 0x000000000000001A
htif::tick 0x0000000000000000
mem[X,0x8000208C] -> 0x4589
[2600] [M]: 0x8000208C (0x4589) c.li a1, 2
x11 <- 0x00000002


mem[X,0x8000208E] -> 0x3537
mem[X,0x80002090] -> 0x3333
[2601] [M]: 0x8000208E (0x33333537) lui a0, 209715
x10 <- 0x33333000


mem[X,0x80002092] -> 0x0513
mem[X,0x80002094] -> 0x3325
[2602] [M]: 0x80002092 (0x33250513) addi a0, a0, 818
x10 <- 0x33333332


mem[X,0x80002096] -> 0x8D2D
[2603] [M]: 0x80002096 (0x8D2D) c.xor a0, a1
x10 <- 0x33333330


mem[X,0x80002098] -> 0xA423
mem[X,0x8000209A] -> 0x78A0
[2604] [M]: 0x80002098 (0x78A0A423) sw a0, 1928(ra)
mem[0x8000589C] <- 0x33333330


mem[X,0x8000209C] -> 0x55B7
mem[X,0x8000209E] -> 0x5555
[2605] [M]: 0x8000209C (0x555555B7) lui a1, 349525
x11 <- 0x55555000


mem[X,0x800020A0] -> 0x8593
mem[X,0x800020A2] -> 0x5545
[2606] [M]: 0x800020A0 (0x55458593) addi a1, a1, 1364
x11 <- 0x55555554


mem[X,0x800020A4] -> 0x3537
mem[X,0x800020A6] -> 0x3333
[2607] [M]: 0x800020A4 (0x33333537) lui a0, 209715
x10 <- 0x33333000


mem[X,0x800020A8] -> 0x0513
mem[X,0x800020AA] -> 0x3325
[2608] [M]: 0x800020A8 (0x33250513) addi a0, a0, 818
x10 <- 0x33333332


mem[X,0x800020AC] -> 0x8D2D
[2609] [M]: 0x800020AC (0x8D2D) c.xor a0, a1
x10 <- 0x66666666


mem[X,0x800020AE] -> 0xA623
mem[X,0x800020B0] -> 0x78A0
[2610] [M]: 0x800020AE (0x78A0A623) sw a0, 1932(ra)
mem[0x800058A0] <- 0x66666666


mem[X,0x800020B2] -> 0x4581
[2611] [M]: 0x800020B2 (0x4581) c.li a1, 0
x11 <- 0x00000000


mem[X,0x800020B4] -> 0x3537
mem[X,0x800020B6] -> 0x3333
[2612] [M]: 0x800020B4 (0x33333537) lui a0, 209715
x10 <- 0x33333000


mem[X,0x800020B8] -> 0x0513
mem[X,0x800020BA] -> 0x3325
[2613] [M]: 0x800020B8 (0x33250513) addi a0, a0, 818
x10 <- 0x33333332


mem[X,0x800020BC] -> 0x8D2D
[2614] [M]: 0x800020BC (0x8D2D) c.xor a0, a1
x10 <- 0x33333332


mem[X,0x800020BE] -> 0xA823
mem[X,0x800020C0] -> 0x78A0
[2615] [M]: 0x800020BE (0x78A0A823) sw a0, 1936(ra)
mem[0x800058A4] <- 0x33333332


mem[X,0x800020C2] -> 0x4591
[2616] [M]: 0x800020C2 (0x4591) c.li a1, 4
x11 <- 0x00000004


mem[X,0x800020C4] -> 0x3537
mem[X,0x800020C6] -> 0x3333
[2617] [M]: 0x800020C4 (0x33333537) lui a0, 209715
x10 <- 0x33333000


mem[X,0x800020C8] -> 0x0513
mem[X,0x800020CA] -> 0x3325
[2618] [M]: 0x800020C8 (0x33250513) addi a0, a0, 818
x10 <- 0x33333332


mem[X,0x800020CC] -> 0x8D2D
[2619] [M]: 0x800020CC (0x8D2D) c.xor a0, a1
x10 <- 0x33333336


mem[X,0x800020CE] -> 0xAA23
mem[X,0x800020D0] -> 0x78A0
[2620] [M]: 0x800020CE (0x78A0AA23) sw a0, 1940(ra)
mem[0x800058A8] <- 0x33333336


mem[X,0x800020D2] -> 0x35B7
mem[X,0x800020D4] -> 0x3333
[2621] [M]: 0x800020D2 (0x333335B7) lui a1, 209715
x11 <- 0x33333000


mem[X,0x800020D6] -> 0x8593
mem[X,0x800020D8] -> 0x3325
[2622] [M]: 0x800020D6 (0x33258593) addi a1, a1, 818
x11 <- 0x33333332


mem[X,0x800020DA] -> 0x3537
mem[X,0x800020DC] -> 0x3333
[2623] [M]: 0x800020DA (0x33333537) lui a0, 209715
x10 <- 0x33333000


mem[X,0x800020DE] -> 0x0513
mem[X,0x800020E0] -> 0x3325
[2624] [M]: 0x800020DE (0x33250513) addi a0, a0, 818
x10 <- 0x33333332


mem[X,0x800020E2] -> 0x8D2D
[2625] [M]: 0x800020E2 (0x8D2D) c.xor a0, a1
x10 <- 0x00000000


mem[X,0x800020E4] -> 0xAC23
mem[X,0x800020E6] -> 0x78A0
[2626] [M]: 0x800020E4 (0x78A0AC23) sw a0, 1944(ra)
mem[0x800058AC] <- 0x00000000


mem[X,0x800020E8] -> 0x65B7
mem[X,0x800020EA] -> 0x6666
[2627] [M]: 0x800020E8 (0x666665B7) lui a1, 419430
x11 <- 0x66666000


mem[X,0x800020EC] -> 0x8593
mem[X,0x800020EE] -> 0x6655
[2628] [M]: 0x800020EC (0x66558593) addi a1, a1, 1637
x11 <- 0x66666665


mem[X,0x800020F0] -> 0x3537
mem[X,0x800020F2] -> 0x3333
[2629] [M]: 0x800020F0 (0x33333537) lui a0, 209715
x10 <- 0x33333000


mem[X,0x800020F4] -> 0x0513
mem[X,0x800020F6] -> 0x3325
[2630] [M]: 0x800020F4 (0x33250513) addi a0, a0, 818
x10 <- 0x33333332


mem[X,0x800020F8] -> 0x8D2D
[2631] [M]: 0x800020F8 (0x8D2D) c.xor a0, a1
x10 <- 0x55555557


mem[X,0x800020FA] -> 0xAE23
mem[X,0x800020FC] -> 0x78A0
[2632] [M]: 0x800020FA (0x78A0AE23) sw a0, 1948(ra)
mem[0x800058B0] <- 0x55555557


mem[X,0x800020FE] -> 0x65AD
[2633] [M]: 0x800020FE (0x65AD) c.lui a1, 11
x11 <- 0x0000B000


mem[X,0x80002100] -> 0x8593
mem[X,0x80002102] -> 0x5035
[2634] [M]: 0x80002100 (0x50358593) addi a1, a1, 1283
x11 <- 0x0000B503


mem[X,0x80002104] -> 0x3537
mem[X,0x80002106] -> 0x3333
[2635] [M]: 0x80002104 (0x33333537) lui a0, 209715
x10 <- 0x33333000


mem[X,0x80002108] -> 0x0513
mem[X,0x8000210A] -> 0x3325
[2636] [M]: 0x80002108 (0x33250513) addi a0, a0, 818
x10 <- 0x33333332


mem[X,0x8000210C] -> 0x8D2D
[2637] [M]: 0x8000210C (0x8D2D) c.xor a0, a1
x10 <- 0x33338631


mem[X,0x8000210E] -> 0xA023
mem[X,0x80002110] -> 0x7AA0
[2638] [M]: 0x8000210E (0x7AA0A023) sw a0, 1952(ra)
mem[0x800058B4] <- 0x33338631


mem[X,0x80002112] -> 0x55B7
mem[X,0x80002114] -> 0x5555
[2639] [M]: 0x80002112 (0x555555B7) lui a1, 349525
x11 <- 0x55555000


mem[X,0x80002116] -> 0x8593
mem[X,0x80002118] -> 0x5565
[2640] [M]: 0x80002116 (0x55658593) addi a1, a1, 1366
x11 <- 0x55555556


mem[X,0x8000211A] -> 0x3537
mem[X,0x8000211C] -> 0x3333
[2641] [M]: 0x8000211A (0x33333537) lui a0, 209715
x10 <- 0x33333000


mem[X,0x8000211E] -> 0x0513
mem[X,0x80002120] -> 0x3325
[2642] [M]: 0x8000211E (0x33250513) addi a0, a0, 818
x10 <- 0x33333332


mem[X,0x80002122] -> 0x8D2D
[2643] [M]: 0x80002122 (0x8D2D) c.xor a0, a1
x10 <- 0x66666664


mem[X,0x80002124] -> 0xA223
mem[X,0x80002126] -> 0x7AA0
[2644] [M]: 0x80002124 (0x7AA0A223) sw a0, 1956(ra)
mem[0x800058B8] <- 0x66666664


mem[X,0x80002128] -> 0xB5B7
mem[X,0x8000212A] -> 0xAAAA
[2645] [M]: 0x80002128 (0xAAAAB5B7) lui a1, 699051
x11 <- 0xAAAAB000


mem[X,0x8000212C] -> 0x8593
mem[X,0x8000212E] -> 0xAAB5
[2646] [M]: 0x8000212C (0xAAB58593) addi a1, a1, 2731
x11 <- 0xAAAAAAAB


mem[X,0x80002130] -> 0x3537
mem[X,0x80002132] -> 0x3333
[2647] [M]: 0x80002130 (0x33333537) lui a0, 209715
x10 <- 0x33333000


mem[X,0x80002134] -> 0x0513
mem[X,0x80002136] -> 0x3325
[2648] [M]: 0x80002134 (0x33250513) addi a0, a0, 818
x10 <- 0x33333332


mem[X,0x80002138] -> 0x8D2D
[2649] [M]: 0x80002138 (0x8D2D) c.xor a0, a1
x10 <- 0x99999999


mem[X,0x8000213A] -> 0xA423
mem[X,0x8000213C] -> 0x7AA0
[2650] [M]: 0x8000213A (0x7AA0A423) sw a0, 1960(ra)
mem[0x800058BC] <- 0x99999999


mem[X,0x8000213E] -> 0x4599
[2651] [M]: 0x8000213E (0x4599) c.li a1, 6
x11 <- 0x00000006


mem[X,0x80002140] -> 0x3537
mem[X,0x80002142] -> 0x3333
[2652] [M]: 0x80002140 (0x33333537) lui a0, 209715
x10 <- 0x33333000


mem[X,0x80002144] -> 0x0513
mem[X,0x80002146] -> 0x3325
[2653] [M]: 0x80002144 (0x33250513) addi a0, a0, 818
x10 <- 0x33333332


mem[X,0x80002148] -> 0x8D2D
[2654] [M]: 0x80002148 (0x8D2D) c.xor a0, a1
x10 <- 0x33333334


mem[X,0x8000214A] -> 0xA623
mem[X,0x8000214C] -> 0x7AA0
[2655] [M]: 0x8000214A (0x7AA0A623) sw a0, 1964(ra)
mem[0x800058C0] <- 0x33333334


mem[X,0x8000214E] -> 0x35B7
mem[X,0x80002150] -> 0x3333
[2656] [M]: 0x8000214E (0x333335B7) lui a1, 209715
x11 <- 0x33333000


mem[X,0x80002152] -> 0x8593
mem[X,0x80002154] -> 0x3345
[2657] [M]: 0x80002152 (0x33458593) addi a1, a1, 820
x11 <- 0x33333334


mem[X,0x80002156] -> 0x3537
mem[X,0x80002158] -> 0x3333
[2658] [M]: 0x80002156 (0x33333537) lui a0, 209715
x10 <- 0x33333000


mem[X,0x8000215A] -> 0x0513
mem[X,0x8000215C] -> 0x3325
[2659] [M]: 0x8000215A (0x33250513) addi a0, a0, 818
x10 <- 0x33333332


mem[X,0x8000215E] -> 0x8D2D
[2660] [M]: 0x8000215E (0x8D2D) c.xor a0, a1
x10 <- 0x00000006


mem[X,0x80002160] -> 0xA823
mem[X,0x80002162] -> 0x7AA0
[2661] [M]: 0x80002160 (0x7AA0A823) sw a0, 1968(ra)
mem[0x800058C4] <- 0x00000006


mem[X,0x80002164] -> 0x65B7
mem[X,0x80002166] -> 0x6666
[2662] [M]: 0x80002164 (0x666665B7) lui a1, 419430
x11 <- 0x66666000


mem[X,0x80002168] -> 0x8593
mem[X,0x8000216A] -> 0x6675
[2663] [M]: 0x80002168 (0x66758593) addi a1, a1, 1639
x11 <- 0x66666667


mem[X,0x8000216C] -> 0x3537
mem[X,0x8000216E] -> 0x3333
[2664] [M]: 0x8000216C (0x33333537) lui a0, 209715
x10 <- 0x33333000


mem[X,0x80002170] -> 0x0513
mem[X,0x80002172] -> 0x3325
[2665] [M]: 0x80002170 (0x33250513) addi a0, a0, 818
x10 <- 0x33333332


mem[X,0x80002174] -> 0x8D2D
[2666] [M]: 0x80002174 (0x8D2D) c.xor a0, a1
x10 <- 0x55555555


mem[X,0x80002176] -> 0xAA23
mem[X,0x80002178] -> 0x7AA0
[2667] [M]: 0x80002176 (0x7AA0AA23) sw a0, 1972(ra)
mem[0x800058C8] <- 0x55555555


mem[X,0x8000217A] -> 0x75D5
[2668] [M]: 0x8000217A (0x75D5) c.lui a1, 53
x11 <- 0xFFFF5000


mem[X,0x8000217C] -> 0x8593
mem[X,0x8000217E] -> 0xAFD5
[2669] [M]: 0x8000217C (0xAFD58593) addi a1, a1, 2813
x11 <- 0xFFFF4AFD


mem[X,0x80002180] -> 0x3537
mem[X,0x80002182] -> 0x3333
[2670] [M]: 0x80002180 (0x33333537) lui a0, 209715
x10 <- 0x33333000


mem[X,0x80002184] -> 0x0513
mem[X,0x80002186] -> 0x3325
[2671] [M]: 0x80002184 (0x33250513) addi a0, a0, 818
x10 <- 0x33333332


mem[X,0x80002188] -> 0x8D2D
[2672] [M]: 0x80002188 (0x8D2D) c.xor a0, a1
x10 <- 0xCCCC79CF


mem[X,0x8000218A] -> 0xAC23
mem[X,0x8000218C] -> 0x7AA0
[2673] [M]: 0x8000218A (0x7AA0AC23) sw a0, 1976(ra)
mem[0x800058CC] <- 0xCCCC79CF


mem[X,0x8000218E] -> 0x65AD
[2674] [M]: 0x8000218E (0x65AD) c.lui a1, 11
x11 <- 0x0000B000


mem[X,0x80002190] -> 0x8593
mem[X,0x80002192] -> 0x5055
[2675] [M]: 0x80002190 (0x50558593) addi a1, a1, 1285
x11 <- 0x0000B505


mem[X,0x80002194] -> 0x3537
mem[X,0x80002196] -> 0x3333
[2676] [M]: 0x80002194 (0x33333537) lui a0, 209715
x10 <- 0x33333000


mem[X,0x80002198] -> 0x0513
mem[X,0x8000219A] -> 0x3325
[2677] [M]: 0x80002198 (0x33250513) addi a0, a0, 818
x10 <- 0x33333332


mem[X,0x8000219C] -> 0x8D2D
[2678] [M]: 0x8000219C (0x8D2D) c.xor a0, a1
x10 <- 0x33338637


mem[X,0x8000219E] -> 0xAE23
mem[X,0x800021A0] -> 0x7AA0
[2679] [M]: 0x8000219E (0x7AA0AE23) sw a0, 1980(ra)
mem[0x800058D0] <- 0x33338637


mem[X,0x800021A2] -> 0x458D
[2680] [M]: 0x800021A2 (0x458D) c.li a1, 3
x11 <- 0x00000003


mem[X,0x800021A4] -> 0x6537
mem[X,0x800021A6] -> 0x6666
[2681] [M]: 0x800021A4 (0x66666537) lui a0, 419430
x10 <- 0x66666000


mem[X,0x800021A8] -> 0x0513
mem[X,0x800021AA] -> 0x6655
[2682] [M]: 0x800021A8 (0x66550513) addi a0, a0, 1637
x10 <- 0x66666665


mem[X,0x800021AC] -> 0x8D2D
[2683] [M]: 0x800021AC (0x8D2D) c.xor a0, a1
x10 <- 0x66666666


mem[X,0x800021AE] -> 0xA023
mem[X,0x800021B0] -> 0x7CA0
[2684] [M]: 0x800021AE (0x7CA0A023) sw a0, 1984(ra)
mem[0x800058D4] <- 0x66666666


mem[X,0x800021B2] -> 0x55B7
mem[X,0x800021B4] -> 0x5555
[2685] [M]: 0x800021B2 (0x555555B7) lui a1, 349525
x11 <- 0x55555000


mem[X,0x800021B6] -> 0x8593
mem[X,0x800021B8] -> 0x5555
[2686] [M]: 0x800021B6 (0x55558593) addi a1, a1, 1365
x11 <- 0x55555555


mem[X,0x800021BA] -> 0x6537
mem[X,0x800021BC] -> 0x6666
[2687] [M]: 0x800021BA (0x66666537) lui a0, 419430
x10 <- 0x66666000


mem[X,0x800021BE] -> 0x0513
mem[X,0x800021C0] -> 0x6655
[2688] [M]: 0x800021BE (0x66550513) addi a0, a0, 1637
x10 <- 0x66666665


mem[X,0x800021C2] -> 0x8D2D
[2689] [M]: 0x800021C2 (0x8D2D) c.xor a0, a1
x10 <- 0x33333330


mem[X,0x800021C4] -> 0xA223
mem[X,0x800021C6] -> 0x7CA0
[2690] [M]: 0x800021C4 (0x7CA0A223) sw a0, 1988(ra)
mem[0x800058D8] <- 0x33333330


mem[X,0x800021C8] -> 0xB5B7
mem[X,0x800021CA] -> 0xAAAA
[2691] [M]: 0x800021C8 (0xAAAAB5B7) lui a1, 699051
x11 <- 0xAAAAB000


mem[X,0x800021CC] -> 0x8593
mem[X,0x800021CE] -> 0xAAA5
[2692] [M]: 0x800021CC (0xAAA58593) addi a1, a1, 2730
x11 <- 0xAAAAAAAA


mem[X,0x800021D0] -> 0x6537
mem[X,0x800021D2] -> 0x6666
[2693] [M]: 0x800021D0 (0x66666537) lui a0, 419430
x10 <- 0x66666000


mem[X,0x800021D4] -> 0x0513
mem[X,0x800021D6] -> 0x6655
[2694] [M]: 0x800021D4 (0x66550513) addi a0, a0, 1637
x10 <- 0x66666665


mem[X,0x800021D8] -> 0x8D2D
[2695] [M]: 0x800021D8 (0x8D2D) c.xor a0, a1
x10 <- 0xCCCCCCCF


mem[X,0x800021DA] -> 0xA423
mem[X,0x800021DC] -> 0x7CA0
[2696] [M]: 0x800021DA (0x7CA0A423) sw a0, 1992(ra)
mem[0x800058DC] <- 0xCCCCCCCF


mem[X,0x800021DE] -> 0x4595
[2697] [M]: 0x800021DE (0x4595) c.li a1, 5
x11 <- 0x00000005


mem[X,0x800021E0] -> 0x6537
mem[X,0x800021E2] -> 0x6666
[2698] [M]: 0x800021E0 (0x66666537) lui a0, 419430
x10 <- 0x66666000


mem[X,0x800021E4] -> 0x0513
mem[X,0x800021E6] -> 0x6655
[2699] [M]: 0x800021E4 (0x66550513) addi a0, a0, 1637
x10 <- 0x66666665


clint::tick mtime <- 0x000000000000001B
 clint timer pending at mtime 0x000000000000001B
htif::tick 0x0000000000000000
mem[X,0x800021E8] -> 0x8D2D
[2700] [M]: 0x800021E8 (0x8D2D) c.xor a0, a1
x10 <- 0x66666660


mem[X,0x800021EA] -> 0xA623
mem[X,0x800021EC] -> 0x7CA0
[2701] [M]: 0x800021EA (0x7CA0A623) sw a0, 1996(ra)
mem[0x800058E0] <- 0x66666660


mem[X,0x800021EE] -> 0x35B7
mem[X,0x800021F0] -> 0x3333
[2702] [M]: 0x800021EE (0x333335B7) lui a1, 209715
x11 <- 0x33333000


mem[X,0x800021F2] -> 0x8593
mem[X,0x800021F4] -> 0x3335
[2703] [M]: 0x800021F2 (0x33358593) addi a1, a1, 819
x11 <- 0x33333333


mem[X,0x800021F6] -> 0x6537
mem[X,0x800021F8] -> 0x6666
[2704] [M]: 0x800021F6 (0x66666537) lui a0, 419430
x10 <- 0x66666000


mem[X,0x800021FA] -> 0x0513
mem[X,0x800021FC] -> 0x6655
[2705] [M]: 0x800021FA (0x66550513) addi a0, a0, 1637
x10 <- 0x66666665


mem[X,0x800021FE] -> 0x8D2D
[2706] [M]: 0x800021FE (0x8D2D) c.xor a0, a1
x10 <- 0x55555556


mem[X,0x80002200] -> 0xA823
mem[X,0x80002202] -> 0x7CA0
[2707] [M]: 0x80002200 (0x7CA0A823) sw a0, 2000(ra)
mem[0x800058E4] <- 0x55555556


mem[X,0x80002204] -> 0x65B7
mem[X,0x80002206] -> 0x6666
[2708] [M]: 0x80002204 (0x666665B7) lui a1, 419430
x11 <- 0x66666000


mem[X,0x80002208] -> 0x8593
mem[X,0x8000220A] -> 0x6665
[2709] [M]: 0x80002208 (0x66658593) addi a1, a1, 1638
x11 <- 0x66666666


mem[X,0x8000220C] -> 0x6537
mem[X,0x8000220E] -> 0x6666
[2710] [M]: 0x8000220C (0x66666537) lui a0, 419430
x10 <- 0x66666000


mem[X,0x80002210] -> 0x0513
mem[X,0x80002212] -> 0x6655
[2711] [M]: 0x80002210 (0x66550513) addi a0, a0, 1637
x10 <- 0x66666665


mem[X,0x80002214] -> 0x8D2D
[2712] [M]: 0x80002214 (0x8D2D) c.xor a0, a1
x10 <- 0x00000003


mem[X,0x80002216] -> 0xAA23
mem[X,0x80002218] -> 0x7CA0
[2713] [M]: 0x80002216 (0x7CA0AA23) sw a0, 2004(ra)
mem[0x800058E8] <- 0x00000003


mem[X,0x8000221A] -> 0x75D5
[2714] [M]: 0x8000221A (0x75D5) c.lui a1, 53
x11 <- 0xFFFF5000


mem[X,0x8000221C] -> 0x8593
mem[X,0x8000221E] -> 0xAFC5
[2715] [M]: 0x8000221C (0xAFC58593) addi a1, a1, 2812
x11 <- 0xFFFF4AFC


mem[X,0x80002220] -> 0x6537
mem[X,0x80002222] -> 0x6666
[2716] [M]: 0x80002220 (0x66666537) lui a0, 419430
x10 <- 0x66666000


mem[X,0x80002224] -> 0x0513
mem[X,0x80002226] -> 0x6655
[2717] [M]: 0x80002224 (0x66550513) addi a0, a0, 1637
x10 <- 0x66666665


mem[X,0x80002228] -> 0x8D2D
[2718] [M]: 0x80002228 (0x8D2D) c.xor a0, a1
x10 <- 0x99992C99


mem[X,0x8000222A] -> 0xAC23
mem[X,0x8000222C] -> 0x7CA0
[2719] [M]: 0x8000222A (0x7CA0AC23) sw a0, 2008(ra)
mem[0x800058EC] <- 0x99992C99


mem[X,0x8000222E] -> 0x65AD
[2720] [M]: 0x8000222E (0x65AD) c.lui a1, 11
x11 <- 0x0000B000


mem[X,0x80002230] -> 0x8593
mem[X,0x80002232] -> 0x5045
[2721] [M]: 0x80002230 (0x50458593) addi a1, a1, 1284
x11 <- 0x0000B504


mem[X,0x80002234] -> 0x6537
mem[X,0x80002236] -> 0x6666
[2722] [M]: 0x80002234 (0x66666537) lui a0, 419430
x10 <- 0x66666000


mem[X,0x80002238] -> 0x0513
mem[X,0x8000223A] -> 0x6655
[2723] [M]: 0x80002238 (0x66550513) addi a0, a0, 1637
x10 <- 0x66666665


mem[X,0x8000223C] -> 0x8D2D
[2724] [M]: 0x8000223C (0x8D2D) c.xor a0, a1
x10 <- 0x6666D361


mem[X,0x8000223E] -> 0xAE23
mem[X,0x80002240] -> 0x7CA0
[2725] [M]: 0x8000223E (0x7CA0AE23) sw a0, 2012(ra)
mem[0x800058F0] <- 0x6666D361


mem[X,0x80002242] -> 0x4589
[2726] [M]: 0x80002242 (0x4589) c.li a1, 2
x11 <- 0x00000002


mem[X,0x80002244] -> 0x6537
mem[X,0x80002246] -> 0x6666
[2727] [M]: 0x80002244 (0x66666537) lui a0, 419430
x10 <- 0x66666000


mem[X,0x80002248] -> 0x0513
mem[X,0x8000224A] -> 0x6655
[2728] [M]: 0x80002248 (0x66550513) addi a0, a0, 1637
x10 <- 0x66666665


mem[X,0x8000224C] -> 0x8D2D
[2729] [M]: 0x8000224C (0x8D2D) c.xor a0, a1
x10 <- 0x66666667


mem[X,0x8000224E] -> 0xA023
mem[X,0x80002250] -> 0x7EA0
[2730] [M]: 0x8000224E (0x7EA0A023) sw a0, 2016(ra)
mem[0x800058F4] <- 0x66666667


mem[X,0x80002252] -> 0x55B7
mem[X,0x80002254] -> 0x5555
[2731] [M]: 0x80002252 (0x555555B7) lui a1, 349525
x11 <- 0x55555000


mem[X,0x80002256] -> 0x8593
mem[X,0x80002258] -> 0x5545
[2732] [M]: 0x80002256 (0x55458593) addi a1, a1, 1364
x11 <- 0x55555554


mem[X,0x8000225A] -> 0x6537
mem[X,0x8000225C] -> 0x6666
[2733] [M]: 0x8000225A (0x66666537) lui a0, 419430
x10 <- 0x66666000


mem[X,0x8000225E] -> 0x0513
mem[X,0x80002260] -> 0x6655
[2734] [M]: 0x8000225E (0x66550513) addi a0, a0, 1637
x10 <- 0x66666665


mem[X,0x80002262] -> 0x8D2D
[2735] [M]: 0x80002262 (0x8D2D) c.xor a0, a1
x10 <- 0x33333331


mem[X,0x80002264] -> 0xA223
mem[X,0x80002266] -> 0x7EA0
[2736] [M]: 0x80002264 (0x7EA0A223) sw a0, 2020(ra)
mem[0x800058F8] <- 0x33333331


mem[X,0x80002268] -> 0x4581
[2737] [M]: 0x80002268 (0x4581) c.li a1, 0
x11 <- 0x00000000


mem[X,0x8000226A] -> 0x6537
mem[X,0x8000226C] -> 0x6666
[2738] [M]: 0x8000226A (0x66666537) lui a0, 419430
x10 <- 0x66666000


mem[X,0x8000226E] -> 0x0513
mem[X,0x80002270] -> 0x6655
[2739] [M]: 0x8000226E (0x66550513) addi a0, a0, 1637
x10 <- 0x66666665


mem[X,0x80002272] -> 0x8D2D
[2740] [M]: 0x80002272 (0x8D2D) c.xor a0, a1
x10 <- 0x66666665


mem[X,0x80002274] -> 0xA423
mem[X,0x80002276] -> 0x7EA0
[2741] [M]: 0x80002274 (0x7EA0A423) sw a0, 2024(ra)
mem[0x800058FC] <- 0x66666665


mem[X,0x80002278] -> 0x4591
[2742] [M]: 0x80002278 (0x4591) c.li a1, 4
x11 <- 0x00000004


mem[X,0x8000227A] -> 0x6537
mem[X,0x8000227C] -> 0x6666
[2743] [M]: 0x8000227A (0x66666537) lui a0, 419430
x10 <- 0x66666000


mem[X,0x8000227E] -> 0x0513
mem[X,0x80002280] -> 0x6655
[2744] [M]: 0x8000227E (0x66550513) addi a0, a0, 1637
x10 <- 0x66666665


mem[X,0x80002282] -> 0x8D2D
[2745] [M]: 0x80002282 (0x8D2D) c.xor a0, a1
x10 <- 0x66666661


mem[X,0x80002284] -> 0xA623
mem[X,0x80002286] -> 0x7EA0
[2746] [M]: 0x80002284 (0x7EA0A623) sw a0, 2028(ra)
mem[0x80005900] <- 0x66666661


mem[X,0x80002288] -> 0x35B7
mem[X,0x8000228A] -> 0x3333
[2747] [M]: 0x80002288 (0x333335B7) lui a1, 209715
x11 <- 0x33333000


mem[X,0x8000228C] -> 0x8593
mem[X,0x8000228E] -> 0x3325
[2748] [M]: 0x8000228C (0x33258593) addi a1, a1, 818
x11 <- 0x33333332


mem[X,0x80002290] -> 0x6537
mem[X,0x80002292] -> 0x6666
[2749] [M]: 0x80002290 (0x66666537) lui a0, 419430
x10 <- 0x66666000


mem[X,0x80002294] -> 0x0513
mem[X,0x80002296] -> 0x6655
[2750] [M]: 0x80002294 (0x66550513) addi a0, a0, 1637
x10 <- 0x66666665


mem[X,0x80002298] -> 0x8D2D
[2751] [M]: 0x80002298 (0x8D2D) c.xor a0, a1
x10 <- 0x55555557


mem[X,0x8000229A] -> 0xA823
mem[X,0x8000229C] -> 0x7EA0
[2752] [M]: 0x8000229A (0x7EA0A823) sw a0, 2032(ra)
mem[0x80005904] <- 0x55555557


mem[X,0x8000229E] -> 0x65B7
mem[X,0x800022A0] -> 0x6666
[2753] [M]: 0x8000229E (0x666665B7) lui a1, 419430
x11 <- 0x66666000


mem[X,0x800022A2] -> 0x8593
mem[X,0x800022A4] -> 0x6655
[2754] [M]: 0x800022A2 (0x66558593) addi a1, a1, 1637
x11 <- 0x66666665


mem[X,0x800022A6] -> 0x6537
mem[X,0x800022A8] -> 0x6666
[2755] [M]: 0x800022A6 (0x66666537) lui a0, 419430
x10 <- 0x66666000


mem[X,0x800022AA] -> 0x0513
mem[X,0x800022AC] -> 0x6655
[2756] [M]: 0x800022AA (0x66550513) addi a0, a0, 1637
x10 <- 0x66666665


mem[X,0x800022AE] -> 0x8D2D
[2757] [M]: 0x800022AE (0x8D2D) c.xor a0, a1
x10 <- 0x00000000


mem[X,0x800022B0] -> 0xAA23
mem[X,0x800022B2] -> 0x7EA0
[2758] [M]: 0x800022B0 (0x7EA0AA23) sw a0, 2036(ra)
mem[0x80005908] <- 0x00000000


mem[X,0x800022B4] -> 0x65AD
[2759] [M]: 0x800022B4 (0x65AD) c.lui a1, 11
x11 <- 0x0000B000


mem[X,0x800022B6] -> 0x8593
mem[X,0x800022B8] -> 0x5035
[2760] [M]: 0x800022B6 (0x50358593) addi a1, a1, 1283
x11 <- 0x0000B503


mem[X,0x800022BA] -> 0x6537
mem[X,0x800022BC] -> 0x6666
[2761] [M]: 0x800022BA (0x66666537) lui a0, 419430
x10 <- 0x66666000


mem[X,0x800022BE] -> 0x0513
mem[X,0x800022C0] -> 0x6655
[2762] [M]: 0x800022BE (0x66550513) addi a0, a0, 1637
x10 <- 0x66666665


mem[X,0x800022C2] -> 0x8D2D
[2763] [M]: 0x800022C2 (0x8D2D) c.xor a0, a1
x10 <- 0x6666D366


mem[X,0x800022C4] -> 0xAC23
mem[X,0x800022C6] -> 0x7EA0
[2764] [M]: 0x800022C4 (0x7EA0AC23) sw a0, 2040(ra)
mem[0x8000590C] <- 0x6666D366


mem[X,0x800022C8] -> 0x55B7
mem[X,0x800022CA] -> 0x5555
[2765] [M]: 0x800022C8 (0x555555B7) lui a1, 349525
x11 <- 0x55555000


mem[X,0x800022CC] -> 0x8593
mem[X,0x800022CE] -> 0x5565
[2766] [M]: 0x800022CC (0x55658593) addi a1, a1, 1366
x11 <- 0x55555556


mem[X,0x800022D0] -> 0x6537
mem[X,0x800022D2] -> 0x6666
[2767] [M]: 0x800022D0 (0x66666537) lui a0, 419430
x10 <- 0x66666000


mem[X,0x800022D4] -> 0x0513
mem[X,0x800022D6] -> 0x6655
[2768] [M]: 0x800022D4 (0x66550513) addi a0, a0, 1637
x10 <- 0x66666665


mem[X,0x800022D8] -> 0x8D2D
[2769] [M]: 0x800022D8 (0x8D2D) c.xor a0, a1
x10 <- 0x33333333


mem[X,0x800022DA] -> 0xAE23
mem[X,0x800022DC] -> 0x7EA0
[2770] [M]: 0x800022DA (0x7EA0AE23) sw a0, 2044(ra)
mem[0x80005910] <- 0x33333333


mem[X,0x800022DE] -> 0x0001
[2771] [M]: 0x800022DE (0x0001) c.nop


mem[X,0x800022E0] -> 0x3097
mem[X,0x800022E2] -> 0x0000
[2772] [M]: 0x800022E0 (0x00003097) auipc ra, 3
x1 <- 0x800052E0


mem[X,0x800022E4] -> 0x8093
mem[X,0x800022E6] -> 0x6340
[2773] [M]: 0x800022E4 (0x63408093) addi ra, ra, 1588
x1 <- 0x80005914


mem[X,0x800022E8] -> 0x0013
mem[X,0x800022EA] -> 0x0000
[2774] [M]: 0x800022E8 (0x00000013) addi zero, zero, 0


mem[X,0x800022EC] -> 0x0013
mem[X,0x800022EE] -> 0x0000
[2775] [M]: 0x800022EC (0x00000013) addi zero, zero, 0


mem[X,0x800022F0] -> 0x0013
mem[X,0x800022F2] -> 0x0000
[2776] [M]: 0x800022F0 (0x00000013) addi zero, zero, 0


mem[X,0x800022F4] -> 0x0013
mem[X,0x800022F6] -> 0x0000
[2777] [M]: 0x800022F4 (0x00000013) addi zero, zero, 0


mem[X,0x800022F8] -> 0x0013
mem[X,0x800022FA] -> 0x0000
[2778] [M]: 0x800022F8 (0x00000013) addi zero, zero, 0


mem[X,0x800022FC] -> 0x0013
mem[X,0x800022FE] -> 0x0000
[2779] [M]: 0x800022FC (0x00000013) addi zero, zero, 0


mem[X,0x80002300] -> 0xB5B7
mem[X,0x80002302] -> 0xAAAA
[2780] [M]: 0x80002300 (0xAAAAB5B7) lui a1, 699051
x11 <- 0xAAAAB000


mem[X,0x80002304] -> 0x8593
mem[X,0x80002306] -> 0xAAB5
[2781] [M]: 0x80002304 (0xAAB58593) addi a1, a1, 2731
x11 <- 0xAAAAAAAB


mem[X,0x80002308] -> 0x6537
mem[X,0x8000230A] -> 0x6666
[2782] [M]: 0x80002308 (0x66666537) lui a0, 419430
x10 <- 0x66666000


mem[X,0x8000230C] -> 0x0513
mem[X,0x8000230E] -> 0x6655
[2783] [M]: 0x8000230C (0x66550513) addi a0, a0, 1637
x10 <- 0x66666665


mem[X,0x80002310] -> 0x8D2D
[2784] [M]: 0x80002310 (0x8D2D) c.xor a0, a1
x10 <- 0xCCCCCCCE


mem[X,0x80002312] -> 0xA023
mem[X,0x80002314] -> 0x00A0
[2785] [M]: 0x80002312 (0x00A0A023) sw a0, 0(ra)
mem[0x80005914] <- 0xCCCCCCCE


mem[X,0x80002316] -> 0x4599
[2786] [M]: 0x80002316 (0x4599) c.li a1, 6
x11 <- 0x00000006


mem[X,0x80002318] -> 0x6537
mem[X,0x8000231A] -> 0x6666
[2787] [M]: 0x80002318 (0x66666537) lui a0, 419430
x10 <- 0x66666000


mem[X,0x8000231C] -> 0x0513
mem[X,0x8000231E] -> 0x6655
[2788] [M]: 0x8000231C (0x66550513) addi a0, a0, 1637
x10 <- 0x66666665


mem[X,0x80002320] -> 0x8D2D
[2789] [M]: 0x80002320 (0x8D2D) c.xor a0, a1
x10 <- 0x66666663


mem[X,0x80002322] -> 0xA223
mem[X,0x80002324] -> 0x00A0
[2790] [M]: 0x80002322 (0x00A0A223) sw a0, 4(ra)
mem[0x80005918] <- 0x66666663


mem[X,0x80002326] -> 0x35B7
mem[X,0x80002328] -> 0x3333
[2791] [M]: 0x80002326 (0x333335B7) lui a1, 209715
x11 <- 0x33333000


mem[X,0x8000232A] -> 0x8593
mem[X,0x8000232C] -> 0x3345
[2792] [M]: 0x8000232A (0x33458593) addi a1, a1, 820
x11 <- 0x33333334


mem[X,0x8000232E] -> 0x6537
mem[X,0x80002330] -> 0x6666
[2793] [M]: 0x8000232E (0x66666537) lui a0, 419430
x10 <- 0x66666000


mem[X,0x80002332] -> 0x0513
mem[X,0x80002334] -> 0x6655
[2794] [M]: 0x80002332 (0x66550513) addi a0, a0, 1637
x10 <- 0x66666665


mem[X,0x80002336] -> 0x8D2D
[2795] [M]: 0x80002336 (0x8D2D) c.xor a0, a1
x10 <- 0x55555551


mem[X,0x80002338] -> 0xA423
mem[X,0x8000233A] -> 0x00A0
[2796] [M]: 0x80002338 (0x00A0A423) sw a0, 8(ra)
mem[0x8000591C] <- 0x55555551


mem[X,0x8000233C] -> 0x65B7
mem[X,0x8000233E] -> 0x6666
[2797] [M]: 0x8000233C (0x666665B7) lui a1, 419430
x11 <- 0x66666000


mem[X,0x80002340] -> 0x8593
mem[X,0x80002342] -> 0x6675
[2798] [M]: 0x80002340 (0x66758593) addi a1, a1, 1639
x11 <- 0x66666667


mem[X,0x80002344] -> 0x6537
mem[X,0x80002346] -> 0x6666
[2799] [M]: 0x80002344 (0x66666537) lui a0, 419430
x10 <- 0x66666000


clint::tick mtime <- 0x000000000000001C
 clint timer pending at mtime 0x000000000000001C
htif::tick 0x0000000000000000
mem[X,0x80002348] -> 0x0513
mem[X,0x8000234A] -> 0x6655
[2800] [M]: 0x80002348 (0x66550513) addi a0, a0, 1637
x10 <- 0x66666665


mem[X,0x8000234C] -> 0x8D2D
[2801] [M]: 0x8000234C (0x8D2D) c.xor a0, a1
x10 <- 0x00000002


mem[X,0x8000234E] -> 0xA623
mem[X,0x80002350] -> 0x00A0
[2802] [M]: 0x8000234E (0x00A0A623) sw a0, 12(ra)
mem[0x80005920] <- 0x00000002


mem[X,0x80002352] -> 0x75D5
[2803] [M]: 0x80002352 (0x75D5) c.lui a1, 53
x11 <- 0xFFFF5000


mem[X,0x80002354] -> 0x8593
mem[X,0x80002356] -> 0xAFD5
[2804] [M]: 0x80002354 (0xAFD58593) addi a1, a1, 2813
x11 <- 0xFFFF4AFD


mem[X,0x80002358] -> 0x6537
mem[X,0x8000235A] -> 0x6666
[2805] [M]: 0x80002358 (0x66666537) lui a0, 419430
x10 <- 0x66666000


mem[X,0x8000235C] -> 0x0513
mem[X,0x8000235E] -> 0x6655
[2806] [M]: 0x8000235C (0x66550513) addi a0, a0, 1637
x10 <- 0x66666665


mem[X,0x80002360] -> 0x8D2D
[2807] [M]: 0x80002360 (0x8D2D) c.xor a0, a1
x10 <- 0x99992C98


mem[X,0x80002362] -> 0xA823
mem[X,0x80002364] -> 0x00A0
[2808] [M]: 0x80002362 (0x00A0A823) sw a0, 16(ra)
mem[0x80005924] <- 0x99992C98


mem[X,0x80002366] -> 0x65AD
[2809] [M]: 0x80002366 (0x65AD) c.lui a1, 11
x11 <- 0x0000B000


mem[X,0x80002368] -> 0x8593
mem[X,0x8000236A] -> 0x5055
[2810] [M]: 0x80002368 (0x50558593) addi a1, a1, 1285
x11 <- 0x0000B505


mem[X,0x8000236C] -> 0x6537
mem[X,0x8000236E] -> 0x6666
[2811] [M]: 0x8000236C (0x66666537) lui a0, 419430
x10 <- 0x66666000


mem[X,0x80002370] -> 0x0513
mem[X,0x80002372] -> 0x6655
[2812] [M]: 0x80002370 (0x66550513) addi a0, a0, 1637
x10 <- 0x66666665


mem[X,0x80002374] -> 0x8D2D
[2813] [M]: 0x80002374 (0x8D2D) c.xor a0, a1
x10 <- 0x6666D360


mem[X,0x80002376] -> 0xAA23
mem[X,0x80002378] -> 0x00A0
[2814] [M]: 0x80002376 (0x00A0AA23) sw a0, 20(ra)
mem[0x80005928] <- 0x6666D360


mem[X,0x8000237A] -> 0x458D
[2815] [M]: 0x8000237A (0x458D) c.li a1, 3
x11 <- 0x00000003


mem[X,0x8000237C] -> 0x652D
[2816] [M]: 0x8000237C (0x652D) c.lui a0, 11
x10 <- 0x0000B000


mem[X,0x8000237E] -> 0x0513
mem[X,0x80002380] -> 0x5035
[2817] [M]: 0x8000237E (0x50350513) addi a0, a0, 1283
x10 <- 0x0000B503


mem[X,0x80002382] -> 0x8D2D
[2818] [M]: 0x80002382 (0x8D2D) c.xor a0, a1
x10 <- 0x0000B500


mem[X,0x80002384] -> 0xAC23
mem[X,0x80002386] -> 0x00A0
[2819] [M]: 0x80002384 (0x00A0AC23) sw a0, 24(ra)
mem[0x8000592C] <- 0x0000B500


mem[X,0x80002388] -> 0x55B7
mem[X,0x8000238A] -> 0x5555
[2820] [M]: 0x80002388 (0x555555B7) lui a1, 349525
x11 <- 0x55555000


mem[X,0x8000238C] -> 0x8593
mem[X,0x8000238E] -> 0x5555
[2821] [M]: 0x8000238C (0x55558593) addi a1, a1, 1365
x11 <- 0x55555555


mem[X,0x80002390] -> 0x652D
[2822] [M]: 0x80002390 (0x652D) c.lui a0, 11
x10 <- 0x0000B000


mem[X,0x80002392] -> 0x0513
mem[X,0x80002394] -> 0x5035
[2823] [M]: 0x80002392 (0x50350513) addi a0, a0, 1283
x10 <- 0x0000B503


mem[X,0x80002396] -> 0x8D2D
[2824] [M]: 0x80002396 (0x8D2D) c.xor a0, a1
x10 <- 0x5555E056


mem[X,0x80002398] -> 0xAE23
mem[X,0x8000239A] -> 0x00A0
[2825] [M]: 0x80002398 (0x00A0AE23) sw a0, 28(ra)
mem[0x80005930] <- 0x5555E056


mem[X,0x8000239C] -> 0xB5B7
mem[X,0x8000239E] -> 0xAAAA
[2826] [M]: 0x8000239C (0xAAAAB5B7) lui a1, 699051
x11 <- 0xAAAAB000


mem[X,0x800023A0] -> 0x8593
mem[X,0x800023A2] -> 0xAAA5
[2827] [M]: 0x800023A0 (0xAAA58593) addi a1, a1, 2730
x11 <- 0xAAAAAAAA


mem[X,0x800023A4] -> 0x652D
[2828] [M]: 0x800023A4 (0x652D) c.lui a0, 11
x10 <- 0x0000B000


mem[X,0x800023A6] -> 0x0513
mem[X,0x800023A8] -> 0x5035
[2829] [M]: 0x800023A6 (0x50350513) addi a0, a0, 1283
x10 <- 0x0000B503


mem[X,0x800023AA] -> 0x8D2D
[2830] [M]: 0x800023AA (0x8D2D) c.xor a0, a1
x10 <- 0xAAAA1FA9


mem[X,0x800023AC] -> 0xA023
mem[X,0x800023AE] -> 0x02A0
[2831] [M]: 0x800023AC (0x02A0A023) sw a0, 32(ra)
mem[0x80005934] <- 0xAAAA1FA9


mem[X,0x800023B0] -> 0x4595
[2832] [M]: 0x800023B0 (0x4595) c.li a1, 5
x11 <- 0x00000005


mem[X,0x800023B2] -> 0x652D
[2833] [M]: 0x800023B2 (0x652D) c.lui a0, 11
x10 <- 0x0000B000


mem[X,0x800023B4] -> 0x0513
mem[X,0x800023B6] -> 0x5035
[2834] [M]: 0x800023B4 (0x50350513) addi a0, a0, 1283
x10 <- 0x0000B503


mem[X,0x800023B8] -> 0x8D2D
[2835] [M]: 0x800023B8 (0x8D2D) c.xor a0, a1
x10 <- 0x0000B506


mem[X,0x800023BA] -> 0xA223
mem[X,0x800023BC] -> 0x02A0
[2836] [M]: 0x800023BA (0x02A0A223) sw a0, 36(ra)
mem[0x80005938] <- 0x0000B506


mem[X,0x800023BE] -> 0x35B7
mem[X,0x800023C0] -> 0x3333
[2837] [M]: 0x800023BE (0x333335B7) lui a1, 209715
x11 <- 0x33333000


mem[X,0x800023C2] -> 0x8593
mem[X,0x800023C4] -> 0x3335
[2838] [M]: 0x800023C2 (0x33358593) addi a1, a1, 819
x11 <- 0x33333333


mem[X,0x800023C6] -> 0x652D
[2839] [M]: 0x800023C6 (0x652D) c.lui a0, 11
x10 <- 0x0000B000


mem[X,0x800023C8] -> 0x0513
mem[X,0x800023CA] -> 0x5035
[2840] [M]: 0x800023C8 (0x50350513) addi a0, a0, 1283
x10 <- 0x0000B503


mem[X,0x800023CC] -> 0x8D2D
[2841] [M]: 0x800023CC (0x8D2D) c.xor a0, a1
x10 <- 0x33338630


mem[X,0x800023CE] -> 0xA423
mem[X,0x800023D0] -> 0x02A0
[2842] [M]: 0x800023CE (0x02A0A423) sw a0, 40(ra)
mem[0x8000593C] <- 0x33338630


mem[X,0x800023D2] -> 0x65B7
mem[X,0x800023D4] -> 0x6666
[2843] [M]: 0x800023D2 (0x666665B7) lui a1, 419430
x11 <- 0x66666000


mem[X,0x800023D6] -> 0x8593
mem[X,0x800023D8] -> 0x6665
[2844] [M]: 0x800023D6 (0x66658593) addi a1, a1, 1638
x11 <- 0x66666666


mem[X,0x800023DA] -> 0x652D
[2845] [M]: 0x800023DA (0x652D) c.lui a0, 11
x10 <- 0x0000B000


mem[X,0x800023DC] -> 0x0513
mem[X,0x800023DE] -> 0x5035
[2846] [M]: 0x800023DC (0x50350513) addi a0, a0, 1283
x10 <- 0x0000B503


mem[X,0x800023E0] -> 0x8D2D
[2847] [M]: 0x800023E0 (0x8D2D) c.xor a0, a1
x10 <- 0x6666D365


mem[X,0x800023E2] -> 0xA623
mem[X,0x800023E4] -> 0x02A0
[2848] [M]: 0x800023E2 (0x02A0A623) sw a0, 44(ra)
mem[0x80005940] <- 0x6666D365


mem[X,0x800023E6] -> 0x75D5
[2849] [M]: 0x800023E6 (0x75D5) c.lui a1, 53
x11 <- 0xFFFF5000


mem[X,0x800023E8] -> 0x8593
mem[X,0x800023EA] -> 0xAFC5
[2850] [M]: 0x800023E8 (0xAFC58593) addi a1, a1, 2812
x11 <- 0xFFFF4AFC


mem[X,0x800023EC] -> 0x652D
[2851] [M]: 0x800023EC (0x652D) c.lui a0, 11
x10 <- 0x0000B000


mem[X,0x800023EE] -> 0x0513
mem[X,0x800023F0] -> 0x5035
[2852] [M]: 0x800023EE (0x50350513) addi a0, a0, 1283
x10 <- 0x0000B503


mem[X,0x800023F2] -> 0x8D2D
[2853] [M]: 0x800023F2 (0x8D2D) c.xor a0, a1
x10 <- 0xFFFFFFFF


mem[X,0x800023F4] -> 0xA823
mem[X,0x800023F6] -> 0x02A0
[2854] [M]: 0x800023F4 (0x02A0A823) sw a0, 48(ra)
mem[0x80005944] <- 0xFFFFFFFF


mem[X,0x800023F8] -> 0x65AD
[2855] [M]: 0x800023F8 (0x65AD) c.lui a1, 11
x11 <- 0x0000B000


mem[X,0x800023FA] -> 0x8593
mem[X,0x800023FC] -> 0x5045
[2856] [M]: 0x800023FA (0x50458593) addi a1, a1, 1284
x11 <- 0x0000B504


mem[X,0x800023FE] -> 0x652D
[2857] [M]: 0x800023FE (0x652D) c.lui a0, 11
x10 <- 0x0000B000


mem[X,0x80002400] -> 0x0513
mem[X,0x80002402] -> 0x5035
[2858] [M]: 0x80002400 (0x50350513) addi a0, a0, 1283
x10 <- 0x0000B503


mem[X,0x80002404] -> 0x8D2D
[2859] [M]: 0x80002404 (0x8D2D) c.xor a0, a1
x10 <- 0x00000007


mem[X,0x80002406] -> 0xAA23
mem[X,0x80002408] -> 0x02A0
[2860] [M]: 0x80002406 (0x02A0AA23) sw a0, 52(ra)
mem[0x80005948] <- 0x00000007


mem[X,0x8000240A] -> 0x4589
[2861] [M]: 0x8000240A (0x4589) c.li a1, 2
x11 <- 0x00000002


mem[X,0x8000240C] -> 0x652D
[2862] [M]: 0x8000240C (0x652D) c.lui a0, 11
x10 <- 0x0000B000


mem[X,0x8000240E] -> 0x0513
mem[X,0x80002410] -> 0x5035
[2863] [M]: 0x8000240E (0x50350513) addi a0, a0, 1283
x10 <- 0x0000B503


mem[X,0x80002412] -> 0x8D2D
[2864] [M]: 0x80002412 (0x8D2D) c.xor a0, a1
x10 <- 0x0000B501


mem[X,0x80002414] -> 0xAC23
mem[X,0x80002416] -> 0x02A0
[2865] [M]: 0x80002414 (0x02A0AC23) sw a0, 56(ra)
mem[0x8000594C] <- 0x0000B501


mem[X,0x80002418] -> 0x55B7
mem[X,0x8000241A] -> 0x5555
[2866] [M]: 0x80002418 (0x555555B7) lui a1, 349525
x11 <- 0x55555000


mem[X,0x8000241C] -> 0x8593
mem[X,0x8000241E] -> 0x5545
[2867] [M]: 0x8000241C (0x55458593) addi a1, a1, 1364
x11 <- 0x55555554


mem[X,0x80002420] -> 0x652D
[2868] [M]: 0x80002420 (0x652D) c.lui a0, 11
x10 <- 0x0000B000


mem[X,0x80002422] -> 0x0513
mem[X,0x80002424] -> 0x5035
[2869] [M]: 0x80002422 (0x50350513) addi a0, a0, 1283
x10 <- 0x0000B503


mem[X,0x80002426] -> 0x8D2D
[2870] [M]: 0x80002426 (0x8D2D) c.xor a0, a1
x10 <- 0x5555E057


mem[X,0x80002428] -> 0xAE23
mem[X,0x8000242A] -> 0x02A0
[2871] [M]: 0x80002428 (0x02A0AE23) sw a0, 60(ra)
mem[0x80005950] <- 0x5555E057


mem[X,0x8000242C] -> 0x4581
[2872] [M]: 0x8000242C (0x4581) c.li a1, 0
x11 <- 0x00000000


mem[X,0x8000242E] -> 0x652D
[2873] [M]: 0x8000242E (0x652D) c.lui a0, 11
x10 <- 0x0000B000


mem[X,0x80002430] -> 0x0513
mem[X,0x80002432] -> 0x5035
[2874] [M]: 0x80002430 (0x50350513) addi a0, a0, 1283
x10 <- 0x0000B503


mem[X,0x80002434] -> 0x8D2D
[2875] [M]: 0x80002434 (0x8D2D) c.xor a0, a1
x10 <- 0x0000B503


mem[X,0x80002436] -> 0xA023
mem[X,0x80002438] -> 0x04A0
[2876] [M]: 0x80002436 (0x04A0A023) sw a0, 64(ra)
mem[0x80005954] <- 0x0000B503


mem[X,0x8000243A] -> 0x4591
[2877] [M]: 0x8000243A (0x4591) c.li a1, 4
x11 <- 0x00000004


mem[X,0x8000243C] -> 0x652D
[2878] [M]: 0x8000243C (0x652D) c.lui a0, 11
x10 <- 0x0000B000


mem[X,0x8000243E] -> 0x0513
mem[X,0x80002440] -> 0x5035
[2879] [M]: 0x8000243E (0x50350513) addi a0, a0, 1283
x10 <- 0x0000B503


mem[X,0x80002442] -> 0x8D2D
[2880] [M]: 0x80002442 (0x8D2D) c.xor a0, a1
x10 <- 0x0000B507


mem[X,0x80002444] -> 0xA223
mem[X,0x80002446] -> 0x04A0
[2881] [M]: 0x80002444 (0x04A0A223) sw a0, 68(ra)
mem[0x80005958] <- 0x0000B507


mem[X,0x80002448] -> 0x35B7
mem[X,0x8000244A] -> 0x3333
[2882] [M]: 0x80002448 (0x333335B7) lui a1, 209715
x11 <- 0x33333000


mem[X,0x8000244C] -> 0x8593
mem[X,0x8000244E] -> 0x3325
[2883] [M]: 0x8000244C (0x33258593) addi a1, a1, 818
x11 <- 0x33333332


mem[X,0x80002450] -> 0x652D
[2884] [M]: 0x80002450 (0x652D) c.lui a0, 11
x10 <- 0x0000B000


mem[X,0x80002452] -> 0x0513
mem[X,0x80002454] -> 0x5035
[2885] [M]: 0x80002452 (0x50350513) addi a0, a0, 1283
x10 <- 0x0000B503


mem[X,0x80002456] -> 0x8D2D
[2886] [M]: 0x80002456 (0x8D2D) c.xor a0, a1
x10 <- 0x33338631


mem[X,0x80002458] -> 0xA423
mem[X,0x8000245A] -> 0x04A0
[2887] [M]: 0x80002458 (0x04A0A423) sw a0, 72(ra)
mem[0x8000595C] <- 0x33338631


mem[X,0x8000245C] -> 0x65B7
mem[X,0x8000245E] -> 0x6666
[2888] [M]: 0x8000245C (0x666665B7) lui a1, 419430
x11 <- 0x66666000


mem[X,0x80002460] -> 0x8593
mem[X,0x80002462] -> 0x6655
[2889] [M]: 0x80002460 (0x66558593) addi a1, a1, 1637
x11 <- 0x66666665


mem[X,0x80002464] -> 0x652D
[2890] [M]: 0x80002464 (0x652D) c.lui a0, 11
x10 <- 0x0000B000


mem[X,0x80002466] -> 0x0513
mem[X,0x80002468] -> 0x5035
[2891] [M]: 0x80002466 (0x50350513) addi a0, a0, 1283
x10 <- 0x0000B503


mem[X,0x8000246A] -> 0x8D2D
[2892] [M]: 0x8000246A (0x8D2D) c.xor a0, a1
x10 <- 0x6666D366


mem[X,0x8000246C] -> 0xA623
mem[X,0x8000246E] -> 0x04A0
[2893] [M]: 0x8000246C (0x04A0A623) sw a0, 76(ra)
mem[0x80005960] <- 0x6666D366


mem[X,0x80002470] -> 0x65AD
[2894] [M]: 0x80002470 (0x65AD) c.lui a1, 11
x11 <- 0x0000B000


mem[X,0x80002472] -> 0x8593
mem[X,0x80002474] -> 0x5035
[2895] [M]: 0x80002472 (0x50358593) addi a1, a1, 1283
x11 <- 0x0000B503


mem[X,0x80002476] -> 0x652D
[2896] [M]: 0x80002476 (0x652D) c.lui a0, 11
x10 <- 0x0000B000


mem[X,0x80002478] -> 0x0513
mem[X,0x8000247A] -> 0x5035
[2897] [M]: 0x80002478 (0x50350513) addi a0, a0, 1283
x10 <- 0x0000B503


mem[X,0x8000247C] -> 0x8D2D
[2898] [M]: 0x8000247C (0x8D2D) c.xor a0, a1
x10 <- 0x00000000


mem[X,0x8000247E] -> 0xA823
mem[X,0x80002480] -> 0x04A0
[2899] [M]: 0x8000247E (0x04A0A823) sw a0, 80(ra)
mem[0x80005964] <- 0x00000000


clint::tick mtime <- 0x000000000000001D
 clint timer pending at mtime 0x000000000000001D
htif::tick 0x0000000000000000
mem[X,0x80002482] -> 0x55B7
mem[X,0x80002484] -> 0x5555
[2900] [M]: 0x80002482 (0x555555B7) lui a1, 349525
x11 <- 0x55555000


mem[X,0x80002486] -> 0x8593
mem[X,0x80002488] -> 0x5565
[2901] [M]: 0x80002486 (0x55658593) addi a1, a1, 1366
x11 <- 0x55555556


mem[X,0x8000248A] -> 0x652D
[2902] [M]: 0x8000248A (0x652D) c.lui a0, 11
x10 <- 0x0000B000


mem[X,0x8000248C] -> 0x0513
mem[X,0x8000248E] -> 0x5035
[2903] [M]: 0x8000248C (0x50350513) addi a0, a0, 1283
x10 <- 0x0000B503


mem[X,0x80002490] -> 0x8D2D
[2904] [M]: 0x80002490 (0x8D2D) c.xor a0, a1
x10 <- 0x5555E055


mem[X,0x80002492] -> 0xAA23
mem[X,0x80002494] -> 0x04A0
[2905] [M]: 0x80002492 (0x04A0AA23) sw a0, 84(ra)
mem[0x80005968] <- 0x5555E055


mem[X,0x80002496] -> 0xB5B7
mem[X,0x80002498] -> 0xAAAA
[2906] [M]: 0x80002496 (0xAAAAB5B7) lui a1, 699051
x11 <- 0xAAAAB000


mem[X,0x8000249A] -> 0x8593
mem[X,0x8000249C] -> 0xAAB5
[2907] [M]: 0x8000249A (0xAAB58593) addi a1, a1, 2731
x11 <- 0xAAAAAAAB


mem[X,0x8000249E] -> 0x652D
[2908] [M]: 0x8000249E (0x652D) c.lui a0, 11
x10 <- 0x0000B000


mem[X,0x800024A0] -> 0x0513
mem[X,0x800024A2] -> 0x5035
[2909] [M]: 0x800024A0 (0x50350513) addi a0, a0, 1283
x10 <- 0x0000B503


mem[X,0x800024A4] -> 0x8D2D
[2910] [M]: 0x800024A4 (0x8D2D) c.xor a0, a1
x10 <- 0xAAAA1FA8


mem[X,0x800024A6] -> 0xAC23
mem[X,0x800024A8] -> 0x04A0
[2911] [M]: 0x800024A6 (0x04A0AC23) sw a0, 88(ra)
mem[0x8000596C] <- 0xAAAA1FA8


mem[X,0x800024AA] -> 0x4599
[2912] [M]: 0x800024AA (0x4599) c.li a1, 6
x11 <- 0x00000006


mem[X,0x800024AC] -> 0x652D
[2913] [M]: 0x800024AC (0x652D) c.lui a0, 11
x10 <- 0x0000B000


mem[X,0x800024AE] -> 0x0513
mem[X,0x800024B0] -> 0x5035
[2914] [M]: 0x800024AE (0x50350513) addi a0, a0, 1283
x10 <- 0x0000B503


mem[X,0x800024B2] -> 0x8D2D
[2915] [M]: 0x800024B2 (0x8D2D) c.xor a0, a1
x10 <- 0x0000B505


mem[X,0x800024B4] -> 0xAE23
mem[X,0x800024B6] -> 0x04A0
[2916] [M]: 0x800024B4 (0x04A0AE23) sw a0, 92(ra)
mem[0x80005970] <- 0x0000B505


mem[X,0x800024B8] -> 0x35B7
mem[X,0x800024BA] -> 0x3333
[2917] [M]: 0x800024B8 (0x333335B7) lui a1, 209715
x11 <- 0x33333000


mem[X,0x800024BC] -> 0x8593
mem[X,0x800024BE] -> 0x3345
[2918] [M]: 0x800024BC (0x33458593) addi a1, a1, 820
x11 <- 0x33333334


mem[X,0x800024C0] -> 0x652D
[2919] [M]: 0x800024C0 (0x652D) c.lui a0, 11
x10 <- 0x0000B000


mem[X,0x800024C2] -> 0x0513
mem[X,0x800024C4] -> 0x5035
[2920] [M]: 0x800024C2 (0x50350513) addi a0, a0, 1283
x10 <- 0x0000B503


mem[X,0x800024C6] -> 0x8D2D
[2921] [M]: 0x800024C6 (0x8D2D) c.xor a0, a1
x10 <- 0x33338637


mem[X,0x800024C8] -> 0xA023
mem[X,0x800024CA] -> 0x06A0
[2922] [M]: 0x800024C8 (0x06A0A023) sw a0, 96(ra)
mem[0x80005974] <- 0x33338637


mem[X,0x800024CC] -> 0x65B7
mem[X,0x800024CE] -> 0x6666
[2923] [M]: 0x800024CC (0x666665B7) lui a1, 419430
x11 <- 0x66666000


mem[X,0x800024D0] -> 0x8593
mem[X,0x800024D2] -> 0x6675
[2924] [M]: 0x800024D0 (0x66758593) addi a1, a1, 1639
x11 <- 0x66666667


mem[X,0x800024D4] -> 0x652D
[2925] [M]: 0x800024D4 (0x652D) c.lui a0, 11
x10 <- 0x0000B000


mem[X,0x800024D6] -> 0x0513
mem[X,0x800024D8] -> 0x5035
[2926] [M]: 0x800024D6 (0x50350513) addi a0, a0, 1283
x10 <- 0x0000B503


mem[X,0x800024DA] -> 0x8D2D
[2927] [M]: 0x800024DA (0x8D2D) c.xor a0, a1
x10 <- 0x6666D364


mem[X,0x800024DC] -> 0xA223
mem[X,0x800024DE] -> 0x06A0
[2928] [M]: 0x800024DC (0x06A0A223) sw a0, 100(ra)
mem[0x80005978] <- 0x6666D364


mem[X,0x800024E0] -> 0x75D5
[2929] [M]: 0x800024E0 (0x75D5) c.lui a1, 53
x11 <- 0xFFFF5000


mem[X,0x800024E2] -> 0x8593
mem[X,0x800024E4] -> 0xAFD5
[2930] [M]: 0x800024E2 (0xAFD58593) addi a1, a1, 2813
x11 <- 0xFFFF4AFD


mem[X,0x800024E6] -> 0x652D
[2931] [M]: 0x800024E6 (0x652D) c.lui a0, 11
x10 <- 0x0000B000


mem[X,0x800024E8] -> 0x0513
mem[X,0x800024EA] -> 0x5035
[2932] [M]: 0x800024E8 (0x50350513) addi a0, a0, 1283
x10 <- 0x0000B503


mem[X,0x800024EC] -> 0x8D2D
[2933] [M]: 0x800024EC (0x8D2D) c.xor a0, a1
x10 <- 0xFFFFFFFE


mem[X,0x800024EE] -> 0xA423
mem[X,0x800024F0] -> 0x06A0
[2934] [M]: 0x800024EE (0x06A0A423) sw a0, 104(ra)
mem[0x8000597C] <- 0xFFFFFFFE


mem[X,0x800024F2] -> 0x65AD
[2935] [M]: 0x800024F2 (0x65AD) c.lui a1, 11
x11 <- 0x0000B000


mem[X,0x800024F4] -> 0x8593
mem[X,0x800024F6] -> 0x5055
[2936] [M]: 0x800024F4 (0x50558593) addi a1, a1, 1285
x11 <- 0x0000B505


mem[X,0x800024F8] -> 0x652D
[2937] [M]: 0x800024F8 (0x652D) c.lui a0, 11
x10 <- 0x0000B000


mem[X,0x800024FA] -> 0x0513
mem[X,0x800024FC] -> 0x5035
[2938] [M]: 0x800024FA (0x50350513) addi a0, a0, 1283
x10 <- 0x0000B503


mem[X,0x800024FE] -> 0x8D2D
[2939] [M]: 0x800024FE (0x8D2D) c.xor a0, a1
x10 <- 0x00000006


mem[X,0x80002500] -> 0xA623
mem[X,0x80002502] -> 0x06A0
[2940] [M]: 0x80002500 (0x06A0A623) sw a0, 108(ra)
mem[0x80005980] <- 0x00000006


mem[X,0x80002504] -> 0x458D
[2941] [M]: 0x80002504 (0x458D) c.li a1, 3
x11 <- 0x00000003


mem[X,0x80002506] -> 0x5537
mem[X,0x80002508] -> 0x5555
[2942] [M]: 0x80002506 (0x55555537) lui a0, 349525
x10 <- 0x55555000


mem[X,0x8000250A] -> 0x0513
mem[X,0x8000250C] -> 0x5565
[2943] [M]: 0x8000250A (0x55650513) addi a0, a0, 1366
x10 <- 0x55555556


mem[X,0x8000250E] -> 0x8D2D
[2944] [M]: 0x8000250E (0x8D2D) c.xor a0, a1
x10 <- 0x55555555


mem[X,0x80002510] -> 0xA823
mem[X,0x80002512] -> 0x06A0
[2945] [M]: 0x80002510 (0x06A0A823) sw a0, 112(ra)
mem[0x80005984] <- 0x55555555


mem[X,0x80002514] -> 0x55B7
mem[X,0x80002516] -> 0x5555
[2946] [M]: 0x80002514 (0x555555B7) lui a1, 349525
x11 <- 0x55555000


mem[X,0x80002518] -> 0x8593
mem[X,0x8000251A] -> 0x5555
[2947] [M]: 0x80002518 (0x55558593) addi a1, a1, 1365
x11 <- 0x55555555


mem[X,0x8000251C] -> 0x5537
mem[X,0x8000251E] -> 0x5555
[2948] [M]: 0x8000251C (0x55555537) lui a0, 349525
x10 <- 0x55555000


mem[X,0x80002520] -> 0x0513
mem[X,0x80002522] -> 0x5565
[2949] [M]: 0x80002520 (0x55650513) addi a0, a0, 1366
x10 <- 0x55555556


mem[X,0x80002524] -> 0x8D2D
[2950] [M]: 0x80002524 (0x8D2D) c.xor a0, a1
x10 <- 0x00000003


mem[X,0x80002526] -> 0xAA23
mem[X,0x80002528] -> 0x06A0
[2951] [M]: 0x80002526 (0x06A0AA23) sw a0, 116(ra)
mem[0x80005988] <- 0x00000003


mem[X,0x8000252A] -> 0xB5B7
mem[X,0x8000252C] -> 0xAAAA
[2952] [M]: 0x8000252A (0xAAAAB5B7) lui a1, 699051
x11 <- 0xAAAAB000


mem[X,0x8000252E] -> 0x8593
mem[X,0x80002530] -> 0xAAA5
[2953] [M]: 0x8000252E (0xAAA58593) addi a1, a1, 2730
x11 <- 0xAAAAAAAA


mem[X,0x80002532] -> 0x5537
mem[X,0x80002534] -> 0x5555
[2954] [M]: 0x80002532 (0x55555537) lui a0, 349525
x10 <- 0x55555000


mem[X,0x80002536] -> 0x0513
mem[X,0x80002538] -> 0x5565
[2955] [M]: 0x80002536 (0x55650513) addi a0, a0, 1366
x10 <- 0x55555556


mem[X,0x8000253A] -> 0x8D2D
[2956] [M]: 0x8000253A (0x8D2D) c.xor a0, a1
x10 <- 0xFFFFFFFC


mem[X,0x8000253C] -> 0xAC23
mem[X,0x8000253E] -> 0x06A0
[2957] [M]: 0x8000253C (0x06A0AC23) sw a0, 120(ra)
mem[0x8000598C] <- 0xFFFFFFFC


mem[X,0x80002540] -> 0x4595
[2958] [M]: 0x80002540 (0x4595) c.li a1, 5
x11 <- 0x00000005


mem[X,0x80002542] -> 0x5537
mem[X,0x80002544] -> 0x5555
[2959] [M]: 0x80002542 (0x55555537) lui a0, 349525
x10 <- 0x55555000


mem[X,0x80002546] -> 0x0513
mem[X,0x80002548] -> 0x5565
[2960] [M]: 0x80002546 (0x55650513) addi a0, a0, 1366
x10 <- 0x55555556


mem[X,0x8000254A] -> 0x8D2D
[2961] [M]: 0x8000254A (0x8D2D) c.xor a0, a1
x10 <- 0x55555553


mem[X,0x8000254C] -> 0xAE23
mem[X,0x8000254E] -> 0x06A0
[2962] [M]: 0x8000254C (0x06A0AE23) sw a0, 124(ra)
mem[0x80005990] <- 0x55555553


mem[X,0x80002550] -> 0x35B7
mem[X,0x80002552] -> 0x3333
[2963] [M]: 0x80002550 (0x333335B7) lui a1, 209715
x11 <- 0x33333000


mem[X,0x80002554] -> 0x8593
mem[X,0x80002556] -> 0x3335
[2964] [M]: 0x80002554 (0x33358593) addi a1, a1, 819
x11 <- 0x33333333


mem[X,0x80002558] -> 0x5537
mem[X,0x8000255A] -> 0x5555
[2965] [M]: 0x80002558 (0x55555537) lui a0, 349525
x10 <- 0x55555000


mem[X,0x8000255C] -> 0x0513
mem[X,0x8000255E] -> 0x5565
[2966] [M]: 0x8000255C (0x55650513) addi a0, a0, 1366
x10 <- 0x55555556


mem[X,0x80002560] -> 0x8D2D
[2967] [M]: 0x80002560 (0x8D2D) c.xor a0, a1
x10 <- 0x66666665


mem[X,0x80002562] -> 0xA023
mem[X,0x80002564] -> 0x08A0
[2968] [M]: 0x80002562 (0x08A0A023) sw a0, 128(ra)
mem[0x80005994] <- 0x66666665


mem[X,0x80002566] -> 0x65B7
mem[X,0x80002568] -> 0x6666
[2969] [M]: 0x80002566 (0x666665B7) lui a1, 419430
x11 <- 0x66666000


mem[X,0x8000256A] -> 0x8593
mem[X,0x8000256C] -> 0x6665
[2970] [M]: 0x8000256A (0x66658593) addi a1, a1, 1638
x11 <- 0x66666666


mem[X,0x8000256E] -> 0x5537
mem[X,0x80002570] -> 0x5555
[2971] [M]: 0x8000256E (0x55555537) lui a0, 349525
x10 <- 0x55555000


mem[X,0x80002572] -> 0x0513
mem[X,0x80002574] -> 0x5565
[2972] [M]: 0x80002572 (0x55650513) addi a0, a0, 1366
x10 <- 0x55555556


mem[X,0x80002576] -> 0x8D2D
[2973] [M]: 0x80002576 (0x8D2D) c.xor a0, a1
x10 <- 0x33333330


mem[X,0x80002578] -> 0xA223
mem[X,0x8000257A] -> 0x08A0
[2974] [M]: 0x80002578 (0x08A0A223) sw a0, 132(ra)
mem[0x80005998] <- 0x33333330


mem[X,0x8000257C] -> 0x75D5
[2975] [M]: 0x8000257C (0x75D5) c.lui a1, 53
x11 <- 0xFFFF5000


mem[X,0x8000257E] -> 0x8593
mem[X,0x80002580] -> 0xAFC5
[2976] [M]: 0x8000257E (0xAFC58593) addi a1, a1, 2812
x11 <- 0xFFFF4AFC


mem[X,0x80002582] -> 0x5537
mem[X,0x80002584] -> 0x5555
[2977] [M]: 0x80002582 (0x55555537) lui a0, 349525
x10 <- 0x55555000


mem[X,0x80002586] -> 0x0513
mem[X,0x80002588] -> 0x5565
[2978] [M]: 0x80002586 (0x55650513) addi a0, a0, 1366
x10 <- 0x55555556


mem[X,0x8000258A] -> 0x8D2D
[2979] [M]: 0x8000258A (0x8D2D) c.xor a0, a1
x10 <- 0xAAAA1FAA


mem[X,0x8000258C] -> 0xA423
mem[X,0x8000258E] -> 0x08A0
[2980] [M]: 0x8000258C (0x08A0A423) sw a0, 136(ra)
mem[0x8000599C] <- 0xAAAA1FAA


mem[X,0x80002590] -> 0x65AD
[2981] [M]: 0x80002590 (0x65AD) c.lui a1, 11
x11 <- 0x0000B000


mem[X,0x80002592] -> 0x8593
mem[X,0x80002594] -> 0x5045
[2982] [M]: 0x80002592 (0x50458593) addi a1, a1, 1284
x11 <- 0x0000B504


mem[X,0x80002596] -> 0x5537
mem[X,0x80002598] -> 0x5555
[2983] [M]: 0x80002596 (0x55555537) lui a0, 349525
x10 <- 0x55555000


mem[X,0x8000259A] -> 0x0513
mem[X,0x8000259C] -> 0x5565
[2984] [M]: 0x8000259A (0x55650513) addi a0, a0, 1366
x10 <- 0x55555556


mem[X,0x8000259E] -> 0x8D2D
[2985] [M]: 0x8000259E (0x8D2D) c.xor a0, a1
x10 <- 0x5555E052


mem[X,0x800025A0] -> 0xA623
mem[X,0x800025A2] -> 0x08A0
[2986] [M]: 0x800025A0 (0x08A0A623) sw a0, 140(ra)
mem[0x800059A0] <- 0x5555E052


mem[X,0x800025A4] -> 0x4589
[2987] [M]: 0x800025A4 (0x4589) c.li a1, 2
x11 <- 0x00000002


mem[X,0x800025A6] -> 0x5537
mem[X,0x800025A8] -> 0x5555
[2988] [M]: 0x800025A6 (0x55555537) lui a0, 349525
x10 <- 0x55555000


mem[X,0x800025AA] -> 0x0513
mem[X,0x800025AC] -> 0x5565
[2989] [M]: 0x800025AA (0x55650513) addi a0, a0, 1366
x10 <- 0x55555556


mem[X,0x800025AE] -> 0x8D2D
[2990] [M]: 0x800025AE (0x8D2D) c.xor a0, a1
x10 <- 0x55555554


mem[X,0x800025B0] -> 0xA823
mem[X,0x800025B2] -> 0x08A0
[2991] [M]: 0x800025B0 (0x08A0A823) sw a0, 144(ra)
mem[0x800059A4] <- 0x55555554


mem[X,0x800025B4] -> 0x55B7
mem[X,0x800025B6] -> 0x5555
[2992] [M]: 0x800025B4 (0x555555B7) lui a1, 349525
x11 <- 0x55555000


mem[X,0x800025B8] -> 0x8593
mem[X,0x800025BA] -> 0x5545
[2993] [M]: 0x800025B8 (0x55458593) addi a1, a1, 1364
x11 <- 0x55555554


mem[X,0x800025BC] -> 0x5537
mem[X,0x800025BE] -> 0x5555
[2994] [M]: 0x800025BC (0x55555537) lui a0, 349525
x10 <- 0x55555000


mem[X,0x800025C0] -> 0x0513
mem[X,0x800025C2] -> 0x5565
[2995] [M]: 0x800025C0 (0x55650513) addi a0, a0, 1366
x10 <- 0x55555556


mem[X,0x800025C4] -> 0x8D2D
[2996] [M]: 0x800025C4 (0x8D2D) c.xor a0, a1
x10 <- 0x00000002


mem[X,0x800025C6] -> 0xAA23
mem[X,0x800025C8] -> 0x08A0
[2997] [M]: 0x800025C6 (0x08A0AA23) sw a0, 148(ra)
mem[0x800059A8] <- 0x00000002


mem[X,0x800025CA] -> 0x4581
[2998] [M]: 0x800025CA (0x4581) c.li a1, 0
x11 <- 0x00000000


mem[X,0x800025CC] -> 0x5537
mem[X,0x800025CE] -> 0x5555
[2999] [M]: 0x800025CC (0x55555537) lui a0, 349525
x10 <- 0x55555000


clint::tick mtime <- 0x000000000000001E
 clint timer pending at mtime 0x000000000000001E
htif::tick 0x0000000000000000
mem[X,0x800025D0] -> 0x0513
mem[X,0x800025D2] -> 0x5565
[3000] [M]: 0x800025D0 (0x55650513) addi a0, a0, 1366
x10 <- 0x55555556


mem[X,0x800025D4] -> 0x8D2D
[3001] [M]: 0x800025D4 (0x8D2D) c.xor a0, a1
x10 <- 0x55555556


mem[X,0x800025D6] -> 0xAC23
mem[X,0x800025D8] -> 0x08A0
[3002] [M]: 0x800025D6 (0x08A0AC23) sw a0, 152(ra)
mem[0x800059AC] <- 0x55555556


mem[X,0x800025DA] -> 0x4591
[3003] [M]: 0x800025DA (0x4591) c.li a1, 4
x11 <- 0x00000004


mem[X,0x800025DC] -> 0x5537
mem[X,0x800025DE] -> 0x5555
[3004] [M]: 0x800025DC (0x55555537) lui a0, 349525
x10 <- 0x55555000


mem[X,0x800025E0] -> 0x0513
mem[X,0x800025E2] -> 0x5565
[3005] [M]: 0x800025E0 (0x55650513) addi a0, a0, 1366
x10 <- 0x55555556


mem[X,0x800025E4] -> 0x8D2D
[3006] [M]: 0x800025E4 (0x8D2D) c.xor a0, a1
x10 <- 0x55555552


mem[X,0x800025E6] -> 0xAE23
mem[X,0x800025E8] -> 0x08A0
[3007] [M]: 0x800025E6 (0x08A0AE23) sw a0, 156(ra)
mem[0x800059B0] <- 0x55555552


mem[X,0x800025EA] -> 0x35B7
mem[X,0x800025EC] -> 0x3333
[3008] [M]: 0x800025EA (0x333335B7) lui a1, 209715
x11 <- 0x33333000


mem[X,0x800025EE] -> 0x8593
mem[X,0x800025F0] -> 0x3325
[3009] [M]: 0x800025EE (0x33258593) addi a1, a1, 818
x11 <- 0x33333332


mem[X,0x800025F2] -> 0x5537
mem[X,0x800025F4] -> 0x5555
[3010] [M]: 0x800025F2 (0x55555537) lui a0, 349525
x10 <- 0x55555000


mem[X,0x800025F6] -> 0x0513
mem[X,0x800025F8] -> 0x5565
[3011] [M]: 0x800025F6 (0x55650513) addi a0, a0, 1366
x10 <- 0x55555556


mem[X,0x800025FA] -> 0x8D2D
[3012] [M]: 0x800025FA (0x8D2D) c.xor a0, a1
x10 <- 0x66666664


mem[X,0x800025FC] -> 0xA023
mem[X,0x800025FE] -> 0x0AA0
[3013] [M]: 0x800025FC (0x0AA0A023) sw a0, 160(ra)
mem[0x800059B4] <- 0x66666664


mem[X,0x80002600] -> 0x65B7
mem[X,0x80002602] -> 0x6666
[3014] [M]: 0x80002600 (0x666665B7) lui a1, 419430
x11 <- 0x66666000


mem[X,0x80002604] -> 0x8593
mem[X,0x80002606] -> 0x6655
[3015] [M]: 0x80002604 (0x66558593) addi a1, a1, 1637
x11 <- 0x66666665


mem[X,0x80002608] -> 0x5537
mem[X,0x8000260A] -> 0x5555
[3016] [M]: 0x80002608 (0x55555537) lui a0, 349525
x10 <- 0x55555000


mem[X,0x8000260C] -> 0x0513
mem[X,0x8000260E] -> 0x5565
[3017] [M]: 0x8000260C (0x55650513) addi a0, a0, 1366
x10 <- 0x55555556


mem[X,0x80002610] -> 0x8D2D
[3018] [M]: 0x80002610 (0x8D2D) c.xor a0, a1
x10 <- 0x33333333


mem[X,0x80002612] -> 0xA223
mem[X,0x80002614] -> 0x0AA0
[3019] [M]: 0x80002612 (0x0AA0A223) sw a0, 164(ra)
mem[0x800059B8] <- 0x33333333


mem[X,0x80002616] -> 0x65AD
[3020] [M]: 0x80002616 (0x65AD) c.lui a1, 11
x11 <- 0x0000B000


mem[X,0x80002618] -> 0x8593
mem[X,0x8000261A] -> 0x5035
[3021] [M]: 0x80002618 (0x50358593) addi a1, a1, 1283
x11 <- 0x0000B503


mem[X,0x8000261C] -> 0x5537
mem[X,0x8000261E] -> 0x5555
[3022] [M]: 0x8000261C (0x55555537) lui a0, 349525
x10 <- 0x55555000


mem[X,0x80002620] -> 0x0513
mem[X,0x80002622] -> 0x5565
[3023] [M]: 0x80002620 (0x55650513) addi a0, a0, 1366
x10 <- 0x55555556


mem[X,0x80002624] -> 0x8D2D
[3024] [M]: 0x80002624 (0x8D2D) c.xor a0, a1
x10 <- 0x5555E055


mem[X,0x80002626] -> 0xA423
mem[X,0x80002628] -> 0x0AA0
[3025] [M]: 0x80002626 (0x0AA0A423) sw a0, 168(ra)
mem[0x800059BC] <- 0x5555E055


mem[X,0x8000262A] -> 0x55B7
mem[X,0x8000262C] -> 0x5555
[3026] [M]: 0x8000262A (0x555555B7) lui a1, 349525
x11 <- 0x55555000


mem[X,0x8000262E] -> 0x8593
mem[X,0x80002630] -> 0x5565
[3027] [M]: 0x8000262E (0x55658593) addi a1, a1, 1366
x11 <- 0x55555556


mem[X,0x80002632] -> 0x5537
mem[X,0x80002634] -> 0x5555
[3028] [M]: 0x80002632 (0x55555537) lui a0, 349525
x10 <- 0x55555000


mem[X,0x80002636] -> 0x0513
mem[X,0x80002638] -> 0x5565
[3029] [M]: 0x80002636 (0x55650513) addi a0, a0, 1366
x10 <- 0x55555556


mem[X,0x8000263A] -> 0x8D2D
[3030] [M]: 0x8000263A (0x8D2D) c.xor a0, a1
x10 <- 0x00000000


mem[X,0x8000263C] -> 0xA623
mem[X,0x8000263E] -> 0x0AA0
[3031] [M]: 0x8000263C (0x0AA0A623) sw a0, 172(ra)
mem[0x800059C0] <- 0x00000000


mem[X,0x80002640] -> 0xB5B7
mem[X,0x80002642] -> 0xAAAA
[3032] [M]: 0x80002640 (0xAAAAB5B7) lui a1, 699051
x11 <- 0xAAAAB000


mem[X,0x80002644] -> 0x8593
mem[X,0x80002646] -> 0xAAB5
[3033] [M]: 0x80002644 (0xAAB58593) addi a1, a1, 2731
x11 <- 0xAAAAAAAB


mem[X,0x80002648] -> 0x5537
mem[X,0x8000264A] -> 0x5555
[3034] [M]: 0x80002648 (0x55555537) lui a0, 349525
x10 <- 0x55555000


mem[X,0x8000264C] -> 0x0513
mem[X,0x8000264E] -> 0x5565
[3035] [M]: 0x8000264C (0x55650513) addi a0, a0, 1366
x10 <- 0x55555556


mem[X,0x80002650] -> 0x8D2D
[3036] [M]: 0x80002650 (0x8D2D) c.xor a0, a1
x10 <- 0xFFFFFFFD


mem[X,0x80002652] -> 0xA823
mem[X,0x80002654] -> 0x0AA0
[3037] [M]: 0x80002652 (0x0AA0A823) sw a0, 176(ra)
mem[0x800059C4] <- 0xFFFFFFFD


mem[X,0x80002656] -> 0x4599
[3038] [M]: 0x80002656 (0x4599) c.li a1, 6
x11 <- 0x00000006


mem[X,0x80002658] -> 0x5537
mem[X,0x8000265A] -> 0x5555
[3039] [M]: 0x80002658 (0x55555537) lui a0, 349525
x10 <- 0x55555000


mem[X,0x8000265C] -> 0x0513
mem[X,0x8000265E] -> 0x5565
[3040] [M]: 0x8000265C (0x55650513) addi a0, a0, 1366
x10 <- 0x55555556


mem[X,0x80002660] -> 0x8D2D
[3041] [M]: 0x80002660 (0x8D2D) c.xor a0, a1
x10 <- 0x55555550


mem[X,0x80002662] -> 0xAA23
mem[X,0x80002664] -> 0x0AA0
[3042] [M]: 0x80002662 (0x0AA0AA23) sw a0, 180(ra)
mem[0x800059C8] <- 0x55555550


mem[X,0x80002666] -> 0x35B7
mem[X,0x80002668] -> 0x3333
[3043] [M]: 0x80002666 (0x333335B7) lui a1, 209715
x11 <- 0x33333000


mem[X,0x8000266A] -> 0x8593
mem[X,0x8000266C] -> 0x3345
[3044] [M]: 0x8000266A (0x33458593) addi a1, a1, 820
x11 <- 0x33333334


mem[X,0x8000266E] -> 0x5537
mem[X,0x80002670] -> 0x5555
[3045] [M]: 0x8000266E (0x55555537) lui a0, 349525
x10 <- 0x55555000


mem[X,0x80002672] -> 0x0513
mem[X,0x80002674] -> 0x5565
[3046] [M]: 0x80002672 (0x55650513) addi a0, a0, 1366
x10 <- 0x55555556


mem[X,0x80002676] -> 0x8D2D
[3047] [M]: 0x80002676 (0x8D2D) c.xor a0, a1
x10 <- 0x66666662


mem[X,0x80002678] -> 0xAC23
mem[X,0x8000267A] -> 0x0AA0
[3048] [M]: 0x80002678 (0x0AA0AC23) sw a0, 184(ra)
mem[0x800059CC] <- 0x66666662


mem[X,0x8000267C] -> 0x65B7
mem[X,0x8000267E] -> 0x6666
[3049] [M]: 0x8000267C (0x666665B7) lui a1, 419430
x11 <- 0x66666000


mem[X,0x80002680] -> 0x8593
mem[X,0x80002682] -> 0x6675
[3050] [M]: 0x80002680 (0x66758593) addi a1, a1, 1639
x11 <- 0x66666667


mem[X,0x80002684] -> 0x5537
mem[X,0x80002686] -> 0x5555
[3051] [M]: 0x80002684 (0x55555537) lui a0, 349525
x10 <- 0x55555000


mem[X,0x80002688] -> 0x0513
mem[X,0x8000268A] -> 0x5565
[3052] [M]: 0x80002688 (0x55650513) addi a0, a0, 1366
x10 <- 0x55555556


mem[X,0x8000268C] -> 0x8D2D
[3053] [M]: 0x8000268C (0x8D2D) c.xor a0, a1
x10 <- 0x33333331


mem[X,0x8000268E] -> 0xAE23
mem[X,0x80002690] -> 0x0AA0
[3054] [M]: 0x8000268E (0x0AA0AE23) sw a0, 188(ra)
mem[0x800059D0] <- 0x33333331


mem[X,0x80002692] -> 0x75D5
[3055] [M]: 0x80002692 (0x75D5) c.lui a1, 53
x11 <- 0xFFFF5000


mem[X,0x80002694] -> 0x8593
mem[X,0x80002696] -> 0xAFD5
[3056] [M]: 0x80002694 (0xAFD58593) addi a1, a1, 2813
x11 <- 0xFFFF4AFD


mem[X,0x80002698] -> 0x5537
mem[X,0x8000269A] -> 0x5555
[3057] [M]: 0x80002698 (0x55555537) lui a0, 349525
x10 <- 0x55555000


mem[X,0x8000269C] -> 0x0513
mem[X,0x8000269E] -> 0x5565
[3058] [M]: 0x8000269C (0x55650513) addi a0, a0, 1366
x10 <- 0x55555556


mem[X,0x800026A0] -> 0x8D2D
[3059] [M]: 0x800026A0 (0x8D2D) c.xor a0, a1
x10 <- 0xAAAA1FAB


mem[X,0x800026A2] -> 0xA023
mem[X,0x800026A4] -> 0x0CA0
[3060] [M]: 0x800026A2 (0x0CA0A023) sw a0, 192(ra)
mem[0x800059D4] <- 0xAAAA1FAB


mem[X,0x800026A6] -> 0x65AD
[3061] [M]: 0x800026A6 (0x65AD) c.lui a1, 11
x11 <- 0x0000B000


mem[X,0x800026A8] -> 0x8593
mem[X,0x800026AA] -> 0x5055
[3062] [M]: 0x800026A8 (0x50558593) addi a1, a1, 1285
x11 <- 0x0000B505


mem[X,0x800026AC] -> 0x5537
mem[X,0x800026AE] -> 0x5555
[3063] [M]: 0x800026AC (0x55555537) lui a0, 349525
x10 <- 0x55555000


mem[X,0x800026B0] -> 0x0513
mem[X,0x800026B2] -> 0x5565
[3064] [M]: 0x800026B0 (0x55650513) addi a0, a0, 1366
x10 <- 0x55555556


mem[X,0x800026B4] -> 0x8D2D
[3065] [M]: 0x800026B4 (0x8D2D) c.xor a0, a1
x10 <- 0x5555E053


mem[X,0x800026B6] -> 0xA223
mem[X,0x800026B8] -> 0x0CA0
[3066] [M]: 0x800026B6 (0x0CA0A223) sw a0, 196(ra)
mem[0x800059D8] <- 0x5555E053


mem[X,0x800026BA] -> 0x458D
[3067] [M]: 0x800026BA (0x458D) c.li a1, 3
x11 <- 0x00000003


mem[X,0x800026BC] -> 0xB537
mem[X,0x800026BE] -> 0xAAAA
[3068] [M]: 0x800026BC (0xAAAAB537) lui a0, 699051
x10 <- 0xAAAAB000


mem[X,0x800026C0] -> 0x0513
mem[X,0x800026C2] -> 0xAAB5
[3069] [M]: 0x800026C0 (0xAAB50513) addi a0, a0, 2731
x10 <- 0xAAAAAAAB


mem[X,0x800026C4] -> 0x8D2D
[3070] [M]: 0x800026C4 (0x8D2D) c.xor a0, a1
x10 <- 0xAAAAAAA8


mem[X,0x800026C6] -> 0xA423
mem[X,0x800026C8] -> 0x0CA0
[3071] [M]: 0x800026C6 (0x0CA0A423) sw a0, 200(ra)
mem[0x800059DC] <- 0xAAAAAAA8


mem[X,0x800026CA] -> 0x55B7
mem[X,0x800026CC] -> 0x5555
[3072] [M]: 0x800026CA (0x555555B7) lui a1, 349525
x11 <- 0x55555000


mem[X,0x800026CE] -> 0x8593
mem[X,0x800026D0] -> 0x5555
[3073] [M]: 0x800026CE (0x55558593) addi a1, a1, 1365
x11 <- 0x55555555


mem[X,0x800026D2] -> 0xB537
mem[X,0x800026D4] -> 0xAAAA
[3074] [M]: 0x800026D2 (0xAAAAB537) lui a0, 699051
x10 <- 0xAAAAB000


mem[X,0x800026D6] -> 0x0513
mem[X,0x800026D8] -> 0xAAB5
[3075] [M]: 0x800026D6 (0xAAB50513) addi a0, a0, 2731
x10 <- 0xAAAAAAAB


mem[X,0x800026DA] -> 0x8D2D
[3076] [M]: 0x800026DA (0x8D2D) c.xor a0, a1
x10 <- 0xFFFFFFFE


mem[X,0x800026DC] -> 0xA623
mem[X,0x800026DE] -> 0x0CA0
[3077] [M]: 0x800026DC (0x0CA0A623) sw a0, 204(ra)
mem[0x800059E0] <- 0xFFFFFFFE


mem[X,0x800026E0] -> 0xB5B7
mem[X,0x800026E2] -> 0xAAAA
[3078] [M]: 0x800026E0 (0xAAAAB5B7) lui a1, 699051
x11 <- 0xAAAAB000


mem[X,0x800026E4] -> 0x8593
mem[X,0x800026E6] -> 0xAAA5
[3079] [M]: 0x800026E4 (0xAAA58593) addi a1, a1, 2730
x11 <- 0xAAAAAAAA


mem[X,0x800026E8] -> 0xB537
mem[X,0x800026EA] -> 0xAAAA
[3080] [M]: 0x800026E8 (0xAAAAB537) lui a0, 699051
x10 <- 0xAAAAB000


mem[X,0x800026EC] -> 0x0513
mem[X,0x800026EE] -> 0xAAB5
[3081] [M]: 0x800026EC (0xAAB50513) addi a0, a0, 2731
x10 <- 0xAAAAAAAB


mem[X,0x800026F0] -> 0x8D2D
[3082] [M]: 0x800026F0 (0x8D2D) c.xor a0, a1
x10 <- 0x00000001


mem[X,0x800026F2] -> 0xA823
mem[X,0x800026F4] -> 0x0CA0
[3083] [M]: 0x800026F2 (0x0CA0A823) sw a0, 208(ra)
mem[0x800059E4] <- 0x00000001


mem[X,0x800026F6] -> 0x4595
[3084] [M]: 0x800026F6 (0x4595) c.li a1, 5
x11 <- 0x00000005


mem[X,0x800026F8] -> 0xB537
mem[X,0x800026FA] -> 0xAAAA
[3085] [M]: 0x800026F8 (0xAAAAB537) lui a0, 699051
x10 <- 0xAAAAB000


mem[X,0x800026FC] -> 0x0513
mem[X,0x800026FE] -> 0xAAB5
[3086] [M]: 0x800026FC (0xAAB50513) addi a0, a0, 2731
x10 <- 0xAAAAAAAB


mem[X,0x80002700] -> 0x8D2D
[3087] [M]: 0x80002700 (0x8D2D) c.xor a0, a1
x10 <- 0xAAAAAAAE


mem[X,0x80002702] -> 0xAA23
mem[X,0x80002704] -> 0x0CA0
[3088] [M]: 0x80002702 (0x0CA0AA23) sw a0, 212(ra)
mem[0x800059E8] <- 0xAAAAAAAE


mem[X,0x80002706] -> 0x35B7
mem[X,0x80002708] -> 0x3333
[3089] [M]: 0x80002706 (0x333335B7) lui a1, 209715
x11 <- 0x33333000


mem[X,0x8000270A] -> 0x8593
mem[X,0x8000270C] -> 0x3335
[3090] [M]: 0x8000270A (0x33358593) addi a1, a1, 819
x11 <- 0x33333333


mem[X,0x8000270E] -> 0xB537
mem[X,0x80002710] -> 0xAAAA
[3091] [M]: 0x8000270E (0xAAAAB537) lui a0, 699051
x10 <- 0xAAAAB000


mem[X,0x80002712] -> 0x0513
mem[X,0x80002714] -> 0xAAB5
[3092] [M]: 0x80002712 (0xAAB50513) addi a0, a0, 2731
x10 <- 0xAAAAAAAB


mem[X,0x80002716] -> 0x8D2D
[3093] [M]: 0x80002716 (0x8D2D) c.xor a0, a1
x10 <- 0x99999998


mem[X,0x80002718] -> 0xAC23
mem[X,0x8000271A] -> 0x0CA0
[3094] [M]: 0x80002718 (0x0CA0AC23) sw a0, 216(ra)
mem[0x800059EC] <- 0x99999998


mem[X,0x8000271C] -> 0x65B7
mem[X,0x8000271E] -> 0x6666
[3095] [M]: 0x8000271C (0x666665B7) lui a1, 419430
x11 <- 0x66666000


mem[X,0x80002720] -> 0x8593
mem[X,0x80002722] -> 0x6665
[3096] [M]: 0x80002720 (0x66658593) addi a1, a1, 1638
x11 <- 0x66666666


mem[X,0x80002724] -> 0xB537
mem[X,0x80002726] -> 0xAAAA
[3097] [M]: 0x80002724 (0xAAAAB537) lui a0, 699051
x10 <- 0xAAAAB000


mem[X,0x80002728] -> 0x0513
mem[X,0x8000272A] -> 0xAAB5
[3098] [M]: 0x80002728 (0xAAB50513) addi a0, a0, 2731
x10 <- 0xAAAAAAAB


mem[X,0x8000272C] -> 0x8D2D
[3099] [M]: 0x8000272C (0x8D2D) c.xor a0, a1
x10 <- 0xCCCCCCCD


clint::tick mtime <- 0x000000000000001F
 clint timer pending at mtime 0x000000000000001F
htif::tick 0x0000000000000000
mem[X,0x8000272E] -> 0xAE23
mem[X,0x80002730] -> 0x0CA0
[3100] [M]: 0x8000272E (0x0CA0AE23) sw a0, 220(ra)
mem[0x800059F0] <- 0xCCCCCCCD


mem[X,0x80002732] -> 0x75D5
[3101] [M]: 0x80002732 (0x75D5) c.lui a1, 53
x11 <- 0xFFFF5000


mem[X,0x80002734] -> 0x8593
mem[X,0x80002736] -> 0xAFC5
[3102] [M]: 0x80002734 (0xAFC58593) addi a1, a1, 2812
x11 <- 0xFFFF4AFC


mem[X,0x80002738] -> 0xB537
mem[X,0x8000273A] -> 0xAAAA
[3103] [M]: 0x80002738 (0xAAAAB537) lui a0, 699051
x10 <- 0xAAAAB000


mem[X,0x8000273C] -> 0x0513
mem[X,0x8000273E] -> 0xAAB5
[3104] [M]: 0x8000273C (0xAAB50513) addi a0, a0, 2731
x10 <- 0xAAAAAAAB


mem[X,0x80002740] -> 0x8D2D
[3105] [M]: 0x80002740 (0x8D2D) c.xor a0, a1
x10 <- 0x5555E057


mem[X,0x80002742] -> 0xA023
mem[X,0x80002744] -> 0x0EA0
[3106] [M]: 0x80002742 (0x0EA0A023) sw a0, 224(ra)
mem[0x800059F4] <- 0x5555E057


mem[X,0x80002746] -> 0x65AD
[3107] [M]: 0x80002746 (0x65AD) c.lui a1, 11
x11 <- 0x0000B000


mem[X,0x80002748] -> 0x8593
mem[X,0x8000274A] -> 0x5045
[3108] [M]: 0x80002748 (0x50458593) addi a1, a1, 1284
x11 <- 0x0000B504


mem[X,0x8000274C] -> 0xB537
mem[X,0x8000274E] -> 0xAAAA
[3109] [M]: 0x8000274C (0xAAAAB537) lui a0, 699051
x10 <- 0xAAAAB000


mem[X,0x80002750] -> 0x0513
mem[X,0x80002752] -> 0xAAB5
[3110] [M]: 0x80002750 (0xAAB50513) addi a0, a0, 2731
x10 <- 0xAAAAAAAB


mem[X,0x80002754] -> 0x8D2D
[3111] [M]: 0x80002754 (0x8D2D) c.xor a0, a1
x10 <- 0xAAAA1FAF


mem[X,0x80002756] -> 0xA223
mem[X,0x80002758] -> 0x0EA0
[3112] [M]: 0x80002756 (0x0EA0A223) sw a0, 228(ra)
mem[0x800059F8] <- 0xAAAA1FAF


mem[X,0x8000275A] -> 0x4589
[3113] [M]: 0x8000275A (0x4589) c.li a1, 2
x11 <- 0x00000002


mem[X,0x8000275C] -> 0xB537
mem[X,0x8000275E] -> 0xAAAA
[3114] [M]: 0x8000275C (0xAAAAB537) lui a0, 699051
x10 <- 0xAAAAB000


mem[X,0x80002760] -> 0x0513
mem[X,0x80002762] -> 0xAAB5
[3115] [M]: 0x80002760 (0xAAB50513) addi a0, a0, 2731
x10 <- 0xAAAAAAAB


mem[X,0x80002764] -> 0x8D2D
[3116] [M]: 0x80002764 (0x8D2D) c.xor a0, a1
x10 <- 0xAAAAAAA9


mem[X,0x80002766] -> 0xA423
mem[X,0x80002768] -> 0x0EA0
[3117] [M]: 0x80002766 (0x0EA0A423) sw a0, 232(ra)
mem[0x800059FC] <- 0xAAAAAAA9


mem[X,0x8000276A] -> 0x55B7
mem[X,0x8000276C] -> 0x5555
[3118] [M]: 0x8000276A (0x555555B7) lui a1, 349525
x11 <- 0x55555000


mem[X,0x8000276E] -> 0x8593
mem[X,0x80002770] -> 0x5545
[3119] [M]: 0x8000276E (0x55458593) addi a1, a1, 1364
x11 <- 0x55555554


mem[X,0x80002772] -> 0xB537
mem[X,0x80002774] -> 0xAAAA
[3120] [M]: 0x80002772 (0xAAAAB537) lui a0, 699051
x10 <- 0xAAAAB000


mem[X,0x80002776] -> 0x0513
mem[X,0x80002778] -> 0xAAB5
[3121] [M]: 0x80002776 (0xAAB50513) addi a0, a0, 2731
x10 <- 0xAAAAAAAB


mem[X,0x8000277A] -> 0x8D2D
[3122] [M]: 0x8000277A (0x8D2D) c.xor a0, a1
x10 <- 0xFFFFFFFF


mem[X,0x8000277C] -> 0xA623
mem[X,0x8000277E] -> 0x0EA0
[3123] [M]: 0x8000277C (0x0EA0A623) sw a0, 236(ra)
mem[0x80005A00] <- 0xFFFFFFFF


mem[X,0x80002780] -> 0x4581
[3124] [M]: 0x80002780 (0x4581) c.li a1, 0
x11 <- 0x00000000


mem[X,0x80002782] -> 0xB537
mem[X,0x80002784] -> 0xAAAA
[3125] [M]: 0x80002782 (0xAAAAB537) lui a0, 699051
x10 <- 0xAAAAB000


mem[X,0x80002786] -> 0x0513
mem[X,0x80002788] -> 0xAAB5
[3126] [M]: 0x80002786 (0xAAB50513) addi a0, a0, 2731
x10 <- 0xAAAAAAAB


mem[X,0x8000278A] -> 0x8D2D
[3127] [M]: 0x8000278A (0x8D2D) c.xor a0, a1
x10 <- 0xAAAAAAAB


mem[X,0x8000278C] -> 0xA823
mem[X,0x8000278E] -> 0x0EA0
[3128] [M]: 0x8000278C (0x0EA0A823) sw a0, 240(ra)
mem[0x80005A04] <- 0xAAAAAAAB


mem[X,0x80002790] -> 0x4591
[3129] [M]: 0x80002790 (0x4591) c.li a1, 4
x11 <- 0x00000004


mem[X,0x80002792] -> 0xB537
mem[X,0x80002794] -> 0xAAAA
[3130] [M]: 0x80002792 (0xAAAAB537) lui a0, 699051
x10 <- 0xAAAAB000


mem[X,0x80002796] -> 0x0513
mem[X,0x80002798] -> 0xAAB5
[3131] [M]: 0x80002796 (0xAAB50513) addi a0, a0, 2731
x10 <- 0xAAAAAAAB


mem[X,0x8000279A] -> 0x8D2D
[3132] [M]: 0x8000279A (0x8D2D) c.xor a0, a1
x10 <- 0xAAAAAAAF


mem[X,0x8000279C] -> 0xAA23
mem[X,0x8000279E] -> 0x0EA0
[3133] [M]: 0x8000279C (0x0EA0AA23) sw a0, 244(ra)
mem[0x80005A08] <- 0xAAAAAAAF


mem[X,0x800027A0] -> 0x35B7
mem[X,0x800027A2] -> 0x3333
[3134] [M]: 0x800027A0 (0x333335B7) lui a1, 209715
x11 <- 0x33333000


mem[X,0x800027A4] -> 0x8593
mem[X,0x800027A6] -> 0x3325
[3135] [M]: 0x800027A4 (0x33258593) addi a1, a1, 818
x11 <- 0x33333332


mem[X,0x800027A8] -> 0xB537
mem[X,0x800027AA] -> 0xAAAA
[3136] [M]: 0x800027A8 (0xAAAAB537) lui a0, 699051
x10 <- 0xAAAAB000


mem[X,0x800027AC] -> 0x0513
mem[X,0x800027AE] -> 0xAAB5
[3137] [M]: 0x800027AC (0xAAB50513) addi a0, a0, 2731
x10 <- 0xAAAAAAAB


mem[X,0x800027B0] -> 0x8D2D
[3138] [M]: 0x800027B0 (0x8D2D) c.xor a0, a1
x10 <- 0x99999999


mem[X,0x800027B2] -> 0xAC23
mem[X,0x800027B4] -> 0x0EA0
[3139] [M]: 0x800027B2 (0x0EA0AC23) sw a0, 248(ra)
mem[0x80005A0C] <- 0x99999999


mem[X,0x800027B6] -> 0x65B7
mem[X,0x800027B8] -> 0x6666
[3140] [M]: 0x800027B6 (0x666665B7) lui a1, 419430
x11 <- 0x66666000


mem[X,0x800027BA] -> 0x8593
mem[X,0x800027BC] -> 0x6655
[3141] [M]: 0x800027BA (0x66558593) addi a1, a1, 1637
x11 <- 0x66666665


mem[X,0x800027BE] -> 0xB537
mem[X,0x800027C0] -> 0xAAAA
[3142] [M]: 0x800027BE (0xAAAAB537) lui a0, 699051
x10 <- 0xAAAAB000


mem[X,0x800027C2] -> 0x0513
mem[X,0x800027C4] -> 0xAAB5
[3143] [M]: 0x800027C2 (0xAAB50513) addi a0, a0, 2731
x10 <- 0xAAAAAAAB


mem[X,0x800027C6] -> 0x8D2D
[3144] [M]: 0x800027C6 (0x8D2D) c.xor a0, a1
x10 <- 0xCCCCCCCE


mem[X,0x800027C8] -> 0xAE23
mem[X,0x800027CA] -> 0x0EA0
[3145] [M]: 0x800027C8 (0x0EA0AE23) sw a0, 252(ra)
mem[0x80005A10] <- 0xCCCCCCCE


mem[X,0x800027CC] -> 0x65AD
[3146] [M]: 0x800027CC (0x65AD) c.lui a1, 11
x11 <- 0x0000B000


mem[X,0x800027CE] -> 0x8593
mem[X,0x800027D0] -> 0x5035
[3147] [M]: 0x800027CE (0x50358593) addi a1, a1, 1283
x11 <- 0x0000B503


mem[X,0x800027D2] -> 0xB537
mem[X,0x800027D4] -> 0xAAAA
[3148] [M]: 0x800027D2 (0xAAAAB537) lui a0, 699051
x10 <- 0xAAAAB000


mem[X,0x800027D6] -> 0x0513
mem[X,0x800027D8] -> 0xAAB5
[3149] [M]: 0x800027D6 (0xAAB50513) addi a0, a0, 2731
x10 <- 0xAAAAAAAB


mem[X,0x800027DA] -> 0x8D2D
[3150] [M]: 0x800027DA (0x8D2D) c.xor a0, a1
x10 <- 0xAAAA1FA8


mem[X,0x800027DC] -> 0xA023
mem[X,0x800027DE] -> 0x10A0
[3151] [M]: 0x800027DC (0x10A0A023) sw a0, 256(ra)
mem[0x80005A14] <- 0xAAAA1FA8


mem[X,0x800027E0] -> 0x55B7
mem[X,0x800027E2] -> 0x5555
[3152] [M]: 0x800027E0 (0x555555B7) lui a1, 349525
x11 <- 0x55555000


mem[X,0x800027E4] -> 0x8593
mem[X,0x800027E6] -> 0x5565
[3153] [M]: 0x800027E4 (0x55658593) addi a1, a1, 1366
x11 <- 0x55555556


mem[X,0x800027E8] -> 0xB537
mem[X,0x800027EA] -> 0xAAAA
[3154] [M]: 0x800027E8 (0xAAAAB537) lui a0, 699051
x10 <- 0xAAAAB000


mem[X,0x800027EC] -> 0x0513
mem[X,0x800027EE] -> 0xAAB5
[3155] [M]: 0x800027EC (0xAAB50513) addi a0, a0, 2731
x10 <- 0xAAAAAAAB


mem[X,0x800027F0] -> 0x8D2D
[3156] [M]: 0x800027F0 (0x8D2D) c.xor a0, a1
x10 <- 0xFFFFFFFD


mem[X,0x800027F2] -> 0xA223
mem[X,0x800027F4] -> 0x10A0
[3157] [M]: 0x800027F2 (0x10A0A223) sw a0, 260(ra)
mem[0x80005A18] <- 0xFFFFFFFD


mem[X,0x800027F6] -> 0xB5B7
mem[X,0x800027F8] -> 0xAAAA
[3158] [M]: 0x800027F6 (0xAAAAB5B7) lui a1, 699051
x11 <- 0xAAAAB000


mem[X,0x800027FA] -> 0x8593
mem[X,0x800027FC] -> 0xAAB5
[3159] [M]: 0x800027FA (0xAAB58593) addi a1, a1, 2731
x11 <- 0xAAAAAAAB


mem[X,0x800027FE] -> 0xB537
mem[X,0x80002800] -> 0xAAAA
[3160] [M]: 0x800027FE (0xAAAAB537) lui a0, 699051
x10 <- 0xAAAAB000


mem[X,0x80002802] -> 0x0513
mem[X,0x80002804] -> 0xAAB5
[3161] [M]: 0x80002802 (0xAAB50513) addi a0, a0, 2731
x10 <- 0xAAAAAAAB


mem[X,0x80002806] -> 0x8D2D
[3162] [M]: 0x80002806 (0x8D2D) c.xor a0, a1
x10 <- 0x00000000


mem[X,0x80002808] -> 0xA423
mem[X,0x8000280A] -> 0x10A0
[3163] [M]: 0x80002808 (0x10A0A423) sw a0, 264(ra)
mem[0x80005A1C] <- 0x00000000


mem[X,0x8000280C] -> 0x4599
[3164] [M]: 0x8000280C (0x4599) c.li a1, 6
x11 <- 0x00000006


mem[X,0x8000280E] -> 0xB537
mem[X,0x80002810] -> 0xAAAA
[3165] [M]: 0x8000280E (0xAAAAB537) lui a0, 699051
x10 <- 0xAAAAB000


mem[X,0x80002812] -> 0x0513
mem[X,0x80002814] -> 0xAAB5
[3166] [M]: 0x80002812 (0xAAB50513) addi a0, a0, 2731
x10 <- 0xAAAAAAAB


mem[X,0x80002816] -> 0x8D2D
[3167] [M]: 0x80002816 (0x8D2D) c.xor a0, a1
x10 <- 0xAAAAAAAD


mem[X,0x80002818] -> 0xA623
mem[X,0x8000281A] -> 0x10A0
[3168] [M]: 0x80002818 (0x10A0A623) sw a0, 268(ra)
mem[0x80005A20] <- 0xAAAAAAAD


mem[X,0x8000281C] -> 0x35B7
mem[X,0x8000281E] -> 0x3333
[3169] [M]: 0x8000281C (0x333335B7) lui a1, 209715
x11 <- 0x33333000


mem[X,0x80002820] -> 0x8593
mem[X,0x80002822] -> 0x3345
[3170] [M]: 0x80002820 (0x33458593) addi a1, a1, 820
x11 <- 0x33333334


mem[X,0x80002824] -> 0xB537
mem[X,0x80002826] -> 0xAAAA
[3171] [M]: 0x80002824 (0xAAAAB537) lui a0, 699051
x10 <- 0xAAAAB000


mem[X,0x80002828] -> 0x0513
mem[X,0x8000282A] -> 0xAAB5
[3172] [M]: 0x80002828 (0xAAB50513) addi a0, a0, 2731
x10 <- 0xAAAAAAAB


mem[X,0x8000282C] -> 0x8D2D
[3173] [M]: 0x8000282C (0x8D2D) c.xor a0, a1
x10 <- 0x9999999F


mem[X,0x8000282E] -> 0xA823
mem[X,0x80002830] -> 0x10A0
[3174] [M]: 0x8000282E (0x10A0A823) sw a0, 272(ra)
mem[0x80005A24] <- 0x9999999F


mem[X,0x80002832] -> 0x65B7
mem[X,0x80002834] -> 0x6666
[3175] [M]: 0x80002832 (0x666665B7) lui a1, 419430
x11 <- 0x66666000


mem[X,0x80002836] -> 0x8593
mem[X,0x80002838] -> 0x6675
[3176] [M]: 0x80002836 (0x66758593) addi a1, a1, 1639
x11 <- 0x66666667


mem[X,0x8000283A] -> 0xB537
mem[X,0x8000283C] -> 0xAAAA
[3177] [M]: 0x8000283A (0xAAAAB537) lui a0, 699051
x10 <- 0xAAAAB000


mem[X,0x8000283E] -> 0x0513
mem[X,0x80002840] -> 0xAAB5
[3178] [M]: 0x8000283E (0xAAB50513) addi a0, a0, 2731
x10 <- 0xAAAAAAAB


mem[X,0x80002842] -> 0x8D2D
[3179] [M]: 0x80002842 (0x8D2D) c.xor a0, a1
x10 <- 0xCCCCCCCC


mem[X,0x80002844] -> 0xAA23
mem[X,0x80002846] -> 0x10A0
[3180] [M]: 0x80002844 (0x10A0AA23) sw a0, 276(ra)
mem[0x80005A28] <- 0xCCCCCCCC


mem[X,0x80002848] -> 0x4581
[3181] [M]: 0x80002848 (0x4581) c.li a1, 0
x11 <- 0x00000000


mem[X,0x8000284A] -> 0x6521
[3182] [M]: 0x8000284A (0x6521) c.lui a0, 8
x10 <- 0x00008000


mem[X,0x8000284C] -> 0x8D2D
[3183] [M]: 0x8000284C (0x8D2D) c.xor a0, a1
x10 <- 0x00008000


mem[X,0x8000284E] -> 0xAC23
mem[X,0x80002850] -> 0x10A0
[3184] [M]: 0x8000284E (0x10A0AC23) sw a0, 280(ra)
mem[0x80005A2C] <- 0x00008000


mem[X,0x80002852] -> 0x006F
mem[X,0x80002854] -> 0x0200
[3185] [M]: 0x80002852 (0x0200006F) jal zero, 32


mem[X,0x80002872] -> 0x4085
[3186] [M]: 0x80002872 (0x4085) c.li ra, 1
x1 <- 0x00000001


mem[X,0x80002874] -> 0x0F17
mem[X,0x80002876] -> 0x0000
[3187] [M]: 0x80002874 (0x00000F17) auipc t5, 0
x30 <- 0x80002874


mem[X,0x80002878] -> 0x2623
mem[X,0x8000287A] -> 0x781F
[3188] [M]: 0x80002878 (0x781F2623) sw ra, 1932(t5)
htif[0x80003000] <- 0x00000001


mem[X,0x8000287C] -> 0xBFE5
[3189] [M]: 0x8000287C (0xBFE5) c.j 2044


mem[X,0x80002874] -> 0x0F17
mem[X,0x80002876] -> 0x0000
[3190] [M]: 0x80002874 (0x00000F17) auipc t5, 0
x30 <- 0x80002874


mem[X,0x80002878] -> 0x2623
mem[X,0x8000287A] -> 0x781F
[3191] [M]: 0x80002878 (0x781F2623) sw ra, 1932(t5)
htif[0x80003000] <- 0x00000001


mem[X,0x8000287C] -> 0xBFE5
[3192] [M]: 0x8000287C (0xBFE5) c.j 2044


mem[X,0x80002874] -> 0x0F17
mem[X,0x80002876] -> 0x0000
[3193] [M]: 0x80002874 (0x00000F17) auipc t5, 0
x30 <- 0x80002874


mem[X,0x80002878] -> 0x2623
mem[X,0x8000287A] -> 0x781F
[3194] [M]: 0x80002878 (0x781F2623) sw ra, 1932(t5)
htif[0x80003000] <- 0x00000001
htif-syscall-proxy cmd: 0x000000000001

SUCCESS
