using /home/force/Desktop/work/compliance_testing/our_riscv/work/riscof_work/C/src/csw-01.S/ref/Reference-sail_c_simulator.signature for test-signature output.
[Sail] Allocating new block 0x80000000
tohost located at 0x80001000
[Sail] Allocating new block 0x0

Running file ref.elf.
ELF Entry @ 0x80000000
begin_signature: 0x80003110
end_signature: 0x80003230
CSR mstatus <- 0x00000000 (input: 0x00000000)
mem[X,0x00001000] -> 0x0297
mem[X,0x00001002] -> 0x0000
[0] [M]: 0x00001000 (0x00000297) auipc t0, 0
x5 <- 0x00001000


mem[X,0x00001004] -> 0x8593
mem[X,0x00001006] -> 0x0202
[1] [M]: 0x00001004 (0x02028593) addi a1, t0, 32
x11 <- 0x00001020


mem[X,0x00001008] -> 0x2573
mem[X,0x0000100A] -> 0xF140
[2] [M]: 0x00001008 (0xF1402573) csrrs a0, mhartid, zero
CSR mhartid -> 0x00000000
x10 <- 0x00000000


mem[X,0x0000100C] -> 0xA283
mem[X,0x0000100E] -> 0x0182
[3] [M]: 0x0000100C (0x0182A283) lw t0, 24(t0)
mem[R,0x00001018] -> 0x80000000
x5 <- 0x80000000


mem[X,0x00001010] -> 0x8067
mem[X,0x00001012] -> 0x0002
[4] [M]: 0x00001010 (0x00028067) jalr zero, t0, 0


mem[X,0x80000000] -> 0xC0B7
mem[X,0x80000002] -> 0xFEED
[5] [M]: 0x80000000 (0xFEEDC0B7) lui ra, 1044188
x1 <- 0xFEEDC000


mem[X,0x80000004] -> 0x8093
mem[X,0x80000006] -> 0xEAD0
[6] [M]: 0x80000004 (0xEAD08093) addi ra, ra, 3757
x1 <- 0xFEEDBEAD


mem[X,0x80000008] -> 0xE137
mem[X,0x8000000A] -> 0xFF76
[7] [M]: 0x80000008 (0xFF76E137) lui sp, 1046382
x2 <- 0xFF76E000


mem[X,0x8000000C] -> 0x0113
mem[X,0x8000000E] -> 0xF561
[8] [M]: 0x8000000C (0xF5610113) addi sp, sp, 3926
x2 <- 0xFF76DF56


mem[X,0x80000010] -> 0x71B7
mem[X,0x80000012] -> 0x7FBB
[9] [M]: 0x80000010 (0x7FBB71B7) lui gp, 523191
x3 <- 0x7FBB7000


mem[X,0x80000014] -> 0x8193
mem[X,0x80000016] -> 0xFAB1
[10] [M]: 0x80000014 (0xFAB18193) addi gp, gp, 4011
x3 <- 0x7FBB6FAB


mem[X,0x80000018] -> 0xB237
mem[X,0x8000001A] -> 0xBFDD
[11] [M]: 0x80000018 (0xBFDDB237) lui tp, 785883
x4 <- 0xBFDDB000


mem[X,0x8000001C] -> 0x0213
mem[X,0x8000001E] -> 0x7D52
[12] [M]: 0x8000001C (0x7D520213) addi tp, tp, 2005
x4 <- 0xBFDDB7D5


mem[X,0x80000020] -> 0x0297
mem[X,0x80000022] -> 0x0000
[13] [M]: 0x80000020 (0x00000297) auipc t0, 0
x5 <- 0x80000020


mem[X,0x80000024] -> 0x8293
mem[X,0x80000026] -> 0x0882
[14] [M]: 0x80000024 (0x08828293) addi t0, t0, 136
x5 <- 0x800000A8


mem[X,0x80000028] -> 0x0013
mem[X,0x8000002A] -> 0x0000
[15] [M]: 0x80000028 (0x00000013) addi zero, zero, 0


mem[X,0x8000002C] -> 0x0013
mem[X,0x8000002E] -> 0x0000
[16] [M]: 0x8000002C (0x00000013) addi zero, zero, 0


mem[X,0x80000030] -> 0x0013
mem[X,0x80000032] -> 0x0000
[17] [M]: 0x80000030 (0x00000013) addi zero, zero, 0


mem[X,0x80000034] -> 0x0013
mem[X,0x80000036] -> 0x0000
[18] [M]: 0x80000034 (0x00000013) addi zero, zero, 0


mem[X,0x80000038] -> 0x0013
mem[X,0x8000003A] -> 0x0000
[19] [M]: 0x80000038 (0x00000013) addi zero, zero, 0


mem[X,0x8000003C] -> 0x0013
mem[X,0x8000003E] -> 0x0000
[20] [M]: 0x8000003C (0x00000013) addi zero, zero, 0


mem[X,0x80000040] -> 0x2317
mem[X,0x80000042] -> 0x0000
[21] [M]: 0x80000040 (0x00002317) auipc t1, 2
x6 <- 0x80002040


mem[X,0x80000044] -> 0x0313
mem[X,0x80000046] -> 0xFC03
[22] [M]: 0x80000044 (0xFC030313) addi t1, t1, 4032
x6 <- 0x80002000


mem[X,0x80000048] -> 0x0013
mem[X,0x8000004A] -> 0x0000
[23] [M]: 0x80000048 (0x00000013) addi zero, zero, 0


mem[X,0x8000004C] -> 0x0013
mem[X,0x8000004E] -> 0x0000
[24] [M]: 0x8000004C (0x00000013) addi zero, zero, 0


mem[X,0x80000050] -> 0x0013
mem[X,0x80000052] -> 0x0000
[25] [M]: 0x80000050 (0x00000013) addi zero, zero, 0


mem[X,0x80000054] -> 0x0013
mem[X,0x80000056] -> 0x0000
[26] [M]: 0x80000054 (0x00000013) addi zero, zero, 0


mem[X,0x80000058] -> 0x0013
mem[X,0x8000005A] -> 0x0000
[27] [M]: 0x80000058 (0x00000013) addi zero, zero, 0


mem[X,0x8000005C] -> 0x0013
mem[X,0x8000005E] -> 0x0000
[28] [M]: 0x8000005C (0x00000013) addi zero, zero, 0


mem[X,0x80000060] -> 0xB3B7
mem[X,0x80000062] -> 0xB7FB
[29] [M]: 0x80000060 (0xB7FBB3B7) lui t2, 753595
x7 <- 0xB7FBB000


mem[X,0x80000064] -> 0x8393
mem[X,0x80000066] -> 0x6FA3
[30] [M]: 0x80000064 (0x6FA38393) addi t2, t2, 1786
x7 <- 0xB7FBB6FA


mem[X,0x80000068] -> 0xE437
mem[X,0x8000006A] -> 0x5BFD
[31] [M]: 0x80000068 (0x5BFDE437) lui fp, 376798
x8 <- 0x5BFDE000


mem[X,0x8000006C] -> 0x0413
mem[X,0x8000006E] -> 0xB7D4
[32] [M]: 0x8000006C (0xB7D40413) addi fp, fp, 2941
x8 <- 0x5BFDDB7D


mem[X,0x80000070] -> 0xF4B7
mem[X,0x80000072] -> 0xADFE
[33] [M]: 0x80000070 (0xADFEF4B7) lui s1, 712687
x9 <- 0xADFEF000


mem[X,0x80000074] -> 0x8493
mem[X,0x80000076] -> 0xDBE4
[34] [M]: 0x80000074 (0xDBE48493) addi s1, s1, 3518
x9 <- 0xADFEEDBE


mem[X,0x80000078] -> 0x7537
mem[X,0x8000007A] -> 0x56FF
[35] [M]: 0x80000078 (0x56FF7537) lui a0, 356343
x10 <- 0x56FF7000


mem[X,0x8000007C] -> 0x0513
mem[X,0x8000007E] -> 0x6DF5
[36] [M]: 0x8000007C (0x6DF50513) addi a0, a0, 1759
x10 <- 0x56FF76DF


mem[X,0x80000080] -> 0xC5B7
mem[X,0x80000082] -> 0xAB7F
[37] [M]: 0x80000080 (0xAB7FC5B7) lui a1, 702460
x11 <- 0xAB7FC000


mem[X,0x80000084] -> 0x8593
mem[X,0x80000086] -> 0xB6F5
[38] [M]: 0x80000084 (0xB6F58593) addi a1, a1, 2927
x11 <- 0xAB7FBB6F


mem[X,0x80000088] -> 0xE637
mem[X,0x8000008A] -> 0xD5BF
[39] [M]: 0x80000088 (0xD5BFE637) lui a2, 875518
x12 <- 0xD5BFE000


mem[X,0x8000008C] -> 0x0613
mem[X,0x8000008E] -> 0xDB76
[40] [M]: 0x8000008C (0xDB760613) addi a2, a2, 3511
x12 <- 0xD5BFDDB7


mem[X,0x80000090] -> 0xF6B7
mem[X,0x80000092] -> 0xEADF
[41] [M]: 0x80000090 (0xEADFF6B7) lui a3, 962047
x13 <- 0xEADFF000


mem[X,0x80000094] -> 0x8693
mem[X,0x80000096] -> 0xEDB6
[42] [M]: 0x80000094 (0xEDB68693) addi a3, a3, 3803
x13 <- 0xEADFEEDB


mem[X,0x80000098] -> 0xF737
mem[X,0x8000009A] -> 0xF56F
[43] [M]: 0x80000098 (0xF56FF737) lui a4, 1005311
x14 <- 0xF56FF000


mem[X,0x8000009C] -> 0x0713
mem[X,0x8000009E] -> 0x76D7
[44] [M]: 0x8000009C (0x76D70713) addi a4, a4, 1901
x14 <- 0xF56FF76D


mem[X,0x800000A0] -> 0x07B7
mem[X,0x800000A2] -> 0xFAB8
[45] [M]: 0x800000A0 (0xFAB807B7) lui a5, 1026944
x15 <- 0xFAB80000


mem[X,0x800000A4] -> 0x8793
mem[X,0x800000A6] -> 0xBB67
[46] [M]: 0x800000A4 (0xBB678793) addi a5, a5, 2998
x15 <- 0xFAB7FBB6


mem[X,0x800000A8] -> 0x0013
mem[X,0x800000AA] -> 0x0000
[47] [M]: 0x800000A8 (0x00000013) addi zero, zero, 0


mem[X,0x800000AC] -> 0x0013
mem[X,0x800000AE] -> 0x0000
[48] [M]: 0x800000AC (0x00000013) addi zero, zero, 0


mem[X,0x800000B0] -> 0x0013
mem[X,0x800000B2] -> 0x0000
[49] [M]: 0x800000B0 (0x00000013) addi zero, zero, 0


mem[X,0x800000B4] -> 0x0013
mem[X,0x800000B6] -> 0x0000
[50] [M]: 0x800000B4 (0x00000013) addi zero, zero, 0


mem[X,0x800000B8] -> 0x0013
mem[X,0x800000BA] -> 0x0000
[51] [M]: 0x800000B8 (0x00000013) addi zero, zero, 0


mem[X,0x800000BC] -> 0x0013
mem[X,0x800000BE] -> 0x0000
[52] [M]: 0x800000BC (0x00000013) addi zero, zero, 0


mem[X,0x800000C0] -> 0x3097
mem[X,0x800000C2] -> 0x0000
[53] [M]: 0x800000C0 (0x00003097) auipc ra, 3
x1 <- 0x800030C0


mem[X,0x800000C4] -> 0x8093
mem[X,0x800000C6] -> 0x0540
[54] [M]: 0x800000C4 (0x05408093) addi ra, ra, 84
x1 <- 0x80003114


mem[X,0x800000C8] -> 0x0013
mem[X,0x800000CA] -> 0x0000
[55] [M]: 0x800000C8 (0x00000013) addi zero, zero, 0


mem[X,0x800000CC] -> 0x0013
mem[X,0x800000CE] -> 0x0000
[56] [M]: 0x800000CC (0x00000013) addi zero, zero, 0


mem[X,0x800000D0] -> 0x0013
mem[X,0x800000D2] -> 0x0000
[57] [M]: 0x800000D0 (0x00000013) addi zero, zero, 0


mem[X,0x800000D4] -> 0x0013
mem[X,0x800000D6] -> 0x0000
[58] [M]: 0x800000D4 (0x00000013) addi zero, zero, 0


mem[X,0x800000D8] -> 0x0013
mem[X,0x800000DA] -> 0x0000
[59] [M]: 0x800000D8 (0x00000013) addi zero, zero, 0


mem[X,0x800000DC] -> 0x0013
mem[X,0x800000DE] -> 0x0000
[60] [M]: 0x800000DC (0x00000013) addi zero, zero, 0


mem[X,0x800000E0] -> 0x0737
mem[X,0x800000E2] -> 0x8000
[61] [M]: 0x800000E0 (0x80000737) lui a4, 524288
x14 <- 0x80000000


mem[X,0x800000E4] -> 0x8606
[62] [M]: 0x800000E4 (0x8606) c.mv a2, ra
x12 <- 0x80003114


mem[X,0x800000E6] -> 0x4141
[63] [M]: 0x800000E6 (0x4141) c.li sp, 16
x2 <- 0x00000010


mem[X,0x800000E8] -> 0x0633
mem[X,0x800000EA] -> 0x4026
[64] [M]: 0x800000E8 (0x40260633) sub a2, a2, sp
x12 <- 0x80003104


mem[X,0x800000EC] -> 0xCA18
[65] [M]: 0x800000EC (0xCA18) c.sw a2, a4, 16
mem[0x80003114] <- 0x80000000


mem[X,0x800000EE] -> 0x0001
[66] [M]: 0x800000EE (0x0001) c.nop


mem[X,0x800000F0] -> 0x0001
[67] [M]: 0x800000F0 (0x0001) c.nop


mem[X,0x800000F2] -> 0x4481
[68] [M]: 0x800000F2 (0x4481) c.li s1, 0
x9 <- 0x00000000


mem[X,0x800000F4] -> 0x8713
mem[X,0x800000F6] -> 0x0040
[69] [M]: 0x800000F4 (0x00408713) addi a4, ra, 4
x14 <- 0x80003118


mem[X,0x800000F8] -> 0x0113
mem[X,0x800000FA] -> 0x0200
[70] [M]: 0x800000F8 (0x02000113) addi sp, zero, 32
x2 <- 0x00000020


mem[X,0x800000FC] -> 0x0733
mem[X,0x800000FE] -> 0x4027
[71] [M]: 0x800000FC (0x40270733) sub a4, a4, sp
x14 <- 0x800030F8


mem[X,0x80000100] -> 0xD304
[72] [M]: 0x80000100 (0xD304) c.sw a4, s1, 32
mem[0x80003118] <- 0x00000000


mem[X,0x80000102] -> 0x0001
[73] [M]: 0x80000102 (0x0001) c.nop


mem[X,0x80000104] -> 0x0001
[74] [M]: 0x80000104 (0x0001) c.nop


mem[X,0x80000106] -> 0x0637
mem[X,0x80000108] -> 0x8000
[75] [M]: 0x80000106 (0x80000637) lui a2, 524288
x12 <- 0x80000000


mem[X,0x8000010A] -> 0x167D
[76] [M]: 0x8000010A (0x167D) c.addi a2, 63
x12 <- 0x7FFFFFFF


mem[X,0x8000010C] -> 0x8693
mem[X,0x8000010E] -> 0x0080
[77] [M]: 0x8000010C (0x00808693) addi a3, ra, 8
x13 <- 0x8000311C


mem[X,0x80000110] -> 0x0113
mem[X,0x80000112] -> 0x0780
[78] [M]: 0x80000110 (0x07800113) addi sp, zero, 120
x2 <- 0x00000078


mem[X,0x80000114] -> 0x86B3
mem[X,0x80000116] -> 0x4026
[79] [M]: 0x80000114 (0x402686B3) sub a3, a3, sp
x13 <- 0x800030A4


mem[X,0x80000118] -> 0xDEB0
[80] [M]: 0x80000118 (0xDEB0) c.sw a3, a2, 120
mem[0x8000311C] <- 0x7FFFFFFF


mem[X,0x8000011A] -> 0x0001
[81] [M]: 0x8000011A (0x0001) c.nop


mem[X,0x8000011C] -> 0x0001
[82] [M]: 0x8000011C (0x0001) c.nop


mem[X,0x8000011E] -> 0x4585
[83] [M]: 0x8000011E (0x4585) c.li a1, 1
x11 <- 0x00000001


mem[X,0x80000120] -> 0x8493
mem[X,0x80000122] -> 0x00C0
[84] [M]: 0x80000120 (0x00C08493) addi s1, ra, 12
x9 <- 0x80003120


mem[X,0x80000124] -> 0x4171
[85] [M]: 0x80000124 (0x4171) c.li sp, 28
x2 <- 0x0000001C


mem[X,0x80000126] -> 0x84B3
mem[X,0x80000128] -> 0x4024
[86] [M]: 0x80000126 (0x402484B3) sub s1, s1, sp
x9 <- 0x80003104


mem[X,0x8000012A] -> 0xCCCC
[87] [M]: 0x8000012A (0xCCCC) c.sw s1, a1, 28
mem[0x80003120] <- 0x00000001


mem[X,0x8000012C] -> 0x0001
[88] [M]: 0x8000012C (0x0001) c.nop


mem[X,0x8000012E] -> 0x0001
[89] [M]: 0x8000012E (0x0001) c.nop


mem[X,0x80000130] -> 0x545D
[90] [M]: 0x80000130 (0x545D) c.li fp, 55
x8 <- 0xFFFFFFF7


mem[X,0x80000132] -> 0x8593
mem[X,0x80000134] -> 0x0100
[91] [M]: 0x80000132 (0x01008593) addi a1, ra, 16
x11 <- 0x80003124


mem[X,0x80000136] -> 0x4101
[92] [M]: 0x80000136 (0x4101) c.li sp, 0
x2 <- 0x00000000


mem[X,0x80000138] -> 0x85B3
mem[X,0x8000013A] -> 0x4025
[93] [M]: 0x80000138 (0x402585B3) sub a1, a1, sp
x11 <- 0x80003124


mem[X,0x8000013C] -> 0xC180
[94] [M]: 0x8000013C (0xC180) c.sw a1, s0, 0
mem[0x80003124] <- 0xFFFFFFF7


mem[X,0x8000013E] -> 0x0001
[95] [M]: 0x8000013E (0x0001) c.nop


mem[X,0x80000140] -> 0x0001
[96] [M]: 0x80000140 (0x0001) c.nop


mem[X,0x80000142] -> 0x4789
[97] [M]: 0x80000142 (0x4789) c.li a5, 2
x15 <- 0x00000002


mem[X,0x80000144] -> 0x8413
mem[X,0x80000146] -> 0x0140
[98] [M]: 0x80000144 (0x01408413) addi fp, ra, 20
x8 <- 0x80003128


mem[X,0x80000148] -> 0x4101
[99] [M]: 0x80000148 (0x4101) c.li sp, 0
x2 <- 0x00000000


clint::tick mtime <- 0x0000000000000001
 clint timer pending at mtime 0x0000000000000001
htif::tick 0x0000000000000000
mem[X,0x8000014A] -> 0x0433
mem[X,0x8000014C] -> 0x4024
[100] [M]: 0x8000014A (0x40240433) sub fp, fp, sp
x8 <- 0x80003128


mem[X,0x8000014E] -> 0xC01C
[101] [M]: 0x8000014E (0xC01C) c.sw s0, a5, 0
mem[0x80003128] <- 0x00000002


mem[X,0x80000150] -> 0x0001
[102] [M]: 0x80000150 (0x0001) c.nop


mem[X,0x80000152] -> 0x0001
[103] [M]: 0x80000152 (0x0001) c.nop


mem[X,0x80000154] -> 0x4511
[104] [M]: 0x80000154 (0x4511) c.li a0, 4
x10 <- 0x00000004


mem[X,0x80000156] -> 0x8793
mem[X,0x80000158] -> 0x0180
[105] [M]: 0x80000156 (0x01808793) addi a5, ra, 24
x15 <- 0x8000312C


mem[X,0x8000015A] -> 0x0113
mem[X,0x8000015C] -> 0x0780
[106] [M]: 0x8000015A (0x07800113) addi sp, zero, 120
x2 <- 0x00000078


mem[X,0x8000015E] -> 0x87B3
mem[X,0x80000160] -> 0x4027
[107] [M]: 0x8000015E (0x402787B3) sub a5, a5, sp
x15 <- 0x800030B4


mem[X,0x80000162] -> 0xDFA8
[108] [M]: 0x80000162 (0xDFA8) c.sw a5, a0, 120
mem[0x8000312C] <- 0x00000004


mem[X,0x80000164] -> 0x0001
[109] [M]: 0x80000164 (0x0001) c.nop


mem[X,0x80000166] -> 0x0001
[110] [M]: 0x80000166 (0x0001) c.nop


mem[X,0x80000168] -> 0x46A1
[111] [M]: 0x80000168 (0x46A1) c.li a3, 8
x13 <- 0x00000008


mem[X,0x8000016A] -> 0x8513
mem[X,0x8000016C] -> 0x01C0
[112] [M]: 0x8000016A (0x01C08513) addi a0, ra, 28
x10 <- 0x80003130


mem[X,0x8000016E] -> 0x0113
mem[X,0x80000170] -> 0x02C0
[113] [M]: 0x8000016E (0x02C00113) addi sp, zero, 44
x2 <- 0x0000002C


mem[X,0x80000172] -> 0x0533
mem[X,0x80000174] -> 0x4025
[114] [M]: 0x80000172 (0x40250533) sub a0, a0, sp
x10 <- 0x80003104


mem[X,0x80000176] -> 0xD554
[115] [M]: 0x80000176 (0xD554) c.sw a0, a3, 44
mem[0x80003130] <- 0x00000008


mem[X,0x80000178] -> 0x0001
[116] [M]: 0x80000178 (0x0001) c.nop


mem[X,0x8000017A] -> 0x0001
[117] [M]: 0x8000017A (0x0001) c.nop


mem[X,0x8000017C] -> 0x45C1
[118] [M]: 0x8000017C (0x45C1) c.li a1, 16
x11 <- 0x00000010


mem[X,0x8000017E] -> 0x8513
mem[X,0x80000180] -> 0x0200
[119] [M]: 0x8000017E (0x02008513) addi a0, ra, 32
x10 <- 0x80003134


mem[X,0x80000182] -> 0x0113
mem[X,0x80000184] -> 0x04C0
[120] [M]: 0x80000182 (0x04C00113) addi sp, zero, 76
x2 <- 0x0000004C


mem[X,0x80000186] -> 0x0533
mem[X,0x80000188] -> 0x4025
[121] [M]: 0x80000186 (0x40250533) sub a0, a0, sp
x10 <- 0x800030E8


mem[X,0x8000018A] -> 0xC56C
[122] [M]: 0x8000018A (0xC56C) c.sw a0, a1, 76
mem[0x80003134] <- 0x00000010


mem[X,0x8000018C] -> 0x0001
[123] [M]: 0x8000018C (0x0001) c.nop


mem[X,0x8000018E] -> 0x0001
[124] [M]: 0x8000018E (0x0001) c.nop


mem[X,0x80000190] -> 0x0593
mem[X,0x80000192] -> 0x0200
[125] [M]: 0x80000190 (0x02000593) addi a1, zero, 32
x11 <- 0x00000020


mem[X,0x80000194] -> 0x8513
mem[X,0x80000196] -> 0x0240
[126] [M]: 0x80000194 (0x02408513) addi a0, ra, 36
x10 <- 0x80003138


mem[X,0x80000198] -> 0x0113
mem[X,0x8000019A] -> 0x02C0
[127] [M]: 0x80000198 (0x02C00113) addi sp, zero, 44
x2 <- 0x0000002C


mem[X,0x8000019C] -> 0x0533
mem[X,0x8000019E] -> 0x4025
[128] [M]: 0x8000019C (0x40250533) sub a0, a0, sp
x10 <- 0x8000310C


mem[X,0x800001A0] -> 0xD54C
[129] [M]: 0x800001A0 (0xD54C) c.sw a0, a1, 44
mem[0x80003138] <- 0x00000020


mem[X,0x800001A2] -> 0x0001
[130] [M]: 0x800001A2 (0x0001) c.nop


mem[X,0x800001A4] -> 0x0001
[131] [M]: 0x800001A4 (0x0001) c.nop


mem[X,0x800001A6] -> 0x0593
mem[X,0x800001A8] -> 0x0400
[132] [M]: 0x800001A6 (0x04000593) addi a1, zero, 64
x11 <- 0x00000040


mem[X,0x800001AA] -> 0x8513
mem[X,0x800001AC] -> 0x0280
[133] [M]: 0x800001AA (0x02808513) addi a0, ra, 40
x10 <- 0x8000313C


mem[X,0x800001AE] -> 0x0113
mem[X,0x800001B0] -> 0x03C0
[134] [M]: 0x800001AE (0x03C00113) addi sp, zero, 60
x2 <- 0x0000003C


mem[X,0x800001B2] -> 0x0533
mem[X,0x800001B4] -> 0x4025
[135] [M]: 0x800001B2 (0x40250533) sub a0, a0, sp
x10 <- 0x80003100


mem[X,0x800001B6] -> 0xDD4C
[136] [M]: 0x800001B6 (0xDD4C) c.sw a0, a1, 60
mem[0x8000313C] <- 0x00000040


mem[X,0x800001B8] -> 0x0001
[137] [M]: 0x800001B8 (0x0001) c.nop


mem[X,0x800001BA] -> 0x0001
[138] [M]: 0x800001BA (0x0001) c.nop


mem[X,0x800001BC] -> 0x0593
mem[X,0x800001BE] -> 0x0800
[139] [M]: 0x800001BC (0x08000593) addi a1, zero, 128
x11 <- 0x00000080


mem[X,0x800001C0] -> 0x8513
mem[X,0x800001C2] -> 0x02C0
[140] [M]: 0x800001C0 (0x02C08513) addi a0, ra, 44
x10 <- 0x80003140


mem[X,0x800001C4] -> 0x0113
mem[X,0x800001C6] -> 0x0340
[141] [M]: 0x800001C4 (0x03400113) addi sp, zero, 52
x2 <- 0x00000034


mem[X,0x800001C8] -> 0x0533
mem[X,0x800001CA] -> 0x4025
[142] [M]: 0x800001C8 (0x40250533) sub a0, a0, sp
x10 <- 0x8000310C


mem[X,0x800001CC] -> 0xD94C
[143] [M]: 0x800001CC (0xD94C) c.sw a0, a1, 52
mem[0x80003140] <- 0x00000080


mem[X,0x800001CE] -> 0x0001
[144] [M]: 0x800001CE (0x0001) c.nop


mem[X,0x800001D0] -> 0x0001
[145] [M]: 0x800001D0 (0x0001) c.nop


mem[X,0x800001D2] -> 0x0593
mem[X,0x800001D4] -> 0x1000
[146] [M]: 0x800001D2 (0x10000593) addi a1, zero, 256
x11 <- 0x00000100


mem[X,0x800001D6] -> 0x8513
mem[X,0x800001D8] -> 0x0300
[147] [M]: 0x800001D6 (0x03008513) addi a0, ra, 48
x10 <- 0x80003144


mem[X,0x800001DA] -> 0x4111
[148] [M]: 0x800001DA (0x4111) c.li sp, 4
x2 <- 0x00000004


mem[X,0x800001DC] -> 0x0533
mem[X,0x800001DE] -> 0x4025
[149] [M]: 0x800001DC (0x40250533) sub a0, a0, sp
x10 <- 0x80003140


mem[X,0x800001E0] -> 0xC14C
[150] [M]: 0x800001E0 (0xC14C) c.sw a0, a1, 4
mem[0x80003144] <- 0x00000100


mem[X,0x800001E2] -> 0x0001
[151] [M]: 0x800001E2 (0x0001) c.nop


mem[X,0x800001E4] -> 0x0001
[152] [M]: 0x800001E4 (0x0001) c.nop


mem[X,0x800001E6] -> 0x0593
mem[X,0x800001E8] -> 0x2000
[153] [M]: 0x800001E6 (0x20000593) addi a1, zero, 512
x11 <- 0x00000200


mem[X,0x800001EA] -> 0x8513
mem[X,0x800001EC] -> 0x0340
[154] [M]: 0x800001EA (0x03408513) addi a0, ra, 52
x10 <- 0x80003148


mem[X,0x800001EE] -> 0x0113
mem[X,0x800001F0] -> 0x0480
[155] [M]: 0x800001EE (0x04800113) addi sp, zero, 72
x2 <- 0x00000048


mem[X,0x800001F2] -> 0x0533
mem[X,0x800001F4] -> 0x4025
[156] [M]: 0x800001F2 (0x40250533) sub a0, a0, sp
x10 <- 0x80003100


mem[X,0x800001F6] -> 0xC52C
[157] [M]: 0x800001F6 (0xC52C) c.sw a0, a1, 72
mem[0x80003148] <- 0x00000200


mem[X,0x800001F8] -> 0x0001
[158] [M]: 0x800001F8 (0x0001) c.nop


mem[X,0x800001FA] -> 0x0001
[159] [M]: 0x800001FA (0x0001) c.nop


mem[X,0x800001FC] -> 0x0593
mem[X,0x800001FE] -> 0x4000
[160] [M]: 0x800001FC (0x40000593) addi a1, zero, 1024
x11 <- 0x00000400


mem[X,0x80000200] -> 0x8513
mem[X,0x80000202] -> 0x0380
[161] [M]: 0x80000200 (0x03808513) addi a0, ra, 56
x10 <- 0x8000314C


mem[X,0x80000204] -> 0x0113
mem[X,0x80000206] -> 0x0740
[162] [M]: 0x80000204 (0x07400113) addi sp, zero, 116
x2 <- 0x00000074


mem[X,0x80000208] -> 0x0533
mem[X,0x8000020A] -> 0x4025
[163] [M]: 0x80000208 (0x40250533) sub a0, a0, sp
x10 <- 0x800030D8


mem[X,0x8000020C] -> 0xD96C
[164] [M]: 0x8000020C (0xD96C) c.sw a0, a1, 116
mem[0x8000314C] <- 0x00000400


mem[X,0x8000020E] -> 0x0001
[165] [M]: 0x8000020E (0x0001) c.nop


mem[X,0x80000210] -> 0x0001
[166] [M]: 0x80000210 (0x0001) c.nop


mem[X,0x80000212] -> 0x6585
[167] [M]: 0x80000212 (0x6585) c.lui a1, 1
x11 <- 0x00001000


mem[X,0x80000214] -> 0x8593
mem[X,0x80000216] -> 0x8005
[168] [M]: 0x80000214 (0x80058593) addi a1, a1, 2048
x11 <- 0x00000800


mem[X,0x80000218] -> 0x8513
mem[X,0x8000021A] -> 0x03C0
[169] [M]: 0x80000218 (0x03C08513) addi a0, ra, 60
x10 <- 0x80003150


mem[X,0x8000021C] -> 0x4131
[170] [M]: 0x8000021C (0x4131) c.li sp, 12
x2 <- 0x0000000C


mem[X,0x8000021E] -> 0x0533
mem[X,0x80000220] -> 0x4025
[171] [M]: 0x8000021E (0x40250533) sub a0, a0, sp
x10 <- 0x80003144


mem[X,0x80000222] -> 0xC54C
[172] [M]: 0x80000222 (0xC54C) c.sw a0, a1, 12
mem[0x80003150] <- 0x00000800


mem[X,0x80000224] -> 0x0001
[173] [M]: 0x80000224 (0x0001) c.nop


mem[X,0x80000226] -> 0x0001
[174] [M]: 0x80000226 (0x0001) c.nop


mem[X,0x80000228] -> 0x6585
[175] [M]: 0x80000228 (0x6585) c.lui a1, 1
x11 <- 0x00001000


mem[X,0x8000022A] -> 0x8513
mem[X,0x8000022C] -> 0x0400
[176] [M]: 0x8000022A (0x04008513) addi a0, ra, 64
x10 <- 0x80003154


mem[X,0x8000022E] -> 0x0113
mem[X,0x80000230] -> 0x0780
[177] [M]: 0x8000022E (0x07800113) addi sp, zero, 120
x2 <- 0x00000078


mem[X,0x80000232] -> 0x0533
mem[X,0x80000234] -> 0x4025
[178] [M]: 0x80000232 (0x40250533) sub a0, a0, sp
x10 <- 0x800030DC


mem[X,0x80000236] -> 0xDD2C
[179] [M]: 0x80000236 (0xDD2C) c.sw a0, a1, 120
mem[0x80003154] <- 0x00001000


mem[X,0x80000238] -> 0x0001
[180] [M]: 0x80000238 (0x0001) c.nop


mem[X,0x8000023A] -> 0x0001
[181] [M]: 0x8000023A (0x0001) c.nop


mem[X,0x8000023C] -> 0x6589
[182] [M]: 0x8000023C (0x6589) c.lui a1, 2
x11 <- 0x00002000


mem[X,0x8000023E] -> 0x8513
mem[X,0x80000240] -> 0x0440
[183] [M]: 0x8000023E (0x04408513) addi a0, ra, 68
x10 <- 0x80003158


mem[X,0x80000242] -> 0x4151
[184] [M]: 0x80000242 (0x4151) c.li sp, 20
x2 <- 0x00000014


mem[X,0x80000244] -> 0x0533
mem[X,0x80000246] -> 0x4025
[185] [M]: 0x80000244 (0x40250533) sub a0, a0, sp
x10 <- 0x80003144


mem[X,0x80000248] -> 0xC94C
[186] [M]: 0x80000248 (0xC94C) c.sw a0, a1, 20
mem[0x80003158] <- 0x00002000


mem[X,0x8000024A] -> 0x0001
[187] [M]: 0x8000024A (0x0001) c.nop


mem[X,0x8000024C] -> 0x0001
[188] [M]: 0x8000024C (0x0001) c.nop


mem[X,0x8000024E] -> 0x6591
[189] [M]: 0x8000024E (0x6591) c.lui a1, 4
x11 <- 0x00004000


mem[X,0x80000250] -> 0x8513
mem[X,0x80000252] -> 0x0480
[190] [M]: 0x80000250 (0x04808513) addi a0, ra, 72
x10 <- 0x8000315C


mem[X,0x80000254] -> 0x4101
[191] [M]: 0x80000254 (0x4101) c.li sp, 0
x2 <- 0x00000000


mem[X,0x80000256] -> 0x0533
mem[X,0x80000258] -> 0x4025
[192] [M]: 0x80000256 (0x40250533) sub a0, a0, sp
x10 <- 0x8000315C


mem[X,0x8000025A] -> 0xC10C
[193] [M]: 0x8000025A (0xC10C) c.sw a0, a1, 0
mem[0x8000315C] <- 0x00004000


mem[X,0x8000025C] -> 0x0001
[194] [M]: 0x8000025C (0x0001) c.nop


mem[X,0x8000025E] -> 0x0001
[195] [M]: 0x8000025E (0x0001) c.nop


mem[X,0x80000260] -> 0x65A1
[196] [M]: 0x80000260 (0x65A1) c.lui a1, 8
x11 <- 0x00008000


mem[X,0x80000262] -> 0x8513
mem[X,0x80000264] -> 0x04C0
[197] [M]: 0x80000262 (0x04C08513) addi a0, ra, 76
x10 <- 0x80003160


mem[X,0x80000266] -> 0x0113
mem[X,0x80000268] -> 0x0240
[198] [M]: 0x80000266 (0x02400113) addi sp, zero, 36
x2 <- 0x00000024


mem[X,0x8000026A] -> 0x0533
mem[X,0x8000026C] -> 0x4025
[199] [M]: 0x8000026A (0x40250533) sub a0, a0, sp
x10 <- 0x8000313C


clint::tick mtime <- 0x0000000000000002
 clint timer pending at mtime 0x0000000000000002
htif::tick 0x0000000000000000
mem[X,0x8000026E] -> 0xD14C
[200] [M]: 0x8000026E (0xD14C) c.sw a0, a1, 36
mem[0x80003160] <- 0x00008000


mem[X,0x80000270] -> 0x0001
[201] [M]: 0x80000270 (0x0001) c.nop


mem[X,0x80000272] -> 0x0001
[202] [M]: 0x80000272 (0x0001) c.nop


mem[X,0x80000274] -> 0x65C1
[203] [M]: 0x80000274 (0x65C1) c.lui a1, 16
x11 <- 0x00010000


mem[X,0x80000276] -> 0x8513
mem[X,0x80000278] -> 0x0500
[204] [M]: 0x80000276 (0x05008513) addi a0, ra, 80
x10 <- 0x80003164


mem[X,0x8000027A] -> 0x0113
mem[X,0x8000027C] -> 0x0400
[205] [M]: 0x8000027A (0x04000113) addi sp, zero, 64
x2 <- 0x00000040


mem[X,0x8000027E] -> 0x0533
mem[X,0x80000280] -> 0x4025
[206] [M]: 0x8000027E (0x40250533) sub a0, a0, sp
x10 <- 0x80003124


mem[X,0x80000282] -> 0xC12C
[207] [M]: 0x80000282 (0xC12C) c.sw a0, a1, 64
mem[0x80003164] <- 0x00010000


mem[X,0x80000284] -> 0x0001
[208] [M]: 0x80000284 (0x0001) c.nop


mem[X,0x80000286] -> 0x0001
[209] [M]: 0x80000286 (0x0001) c.nop


mem[X,0x80000288] -> 0x05B7
mem[X,0x8000028A] -> 0x0002
[210] [M]: 0x80000288 (0x000205B7) lui a1, 32
x11 <- 0x00020000


mem[X,0x8000028C] -> 0x8513
mem[X,0x8000028E] -> 0x0540
[211] [M]: 0x8000028C (0x05408513) addi a0, ra, 84
x10 <- 0x80003168


mem[X,0x80000290] -> 0x0113
mem[X,0x80000292] -> 0x0780
[212] [M]: 0x80000290 (0x07800113) addi sp, zero, 120
x2 <- 0x00000078


mem[X,0x80000294] -> 0x0533
mem[X,0x80000296] -> 0x4025
[213] [M]: 0x80000294 (0x40250533) sub a0, a0, sp
x10 <- 0x800030F0


mem[X,0x80000298] -> 0xDD2C
[214] [M]: 0x80000298 (0xDD2C) c.sw a0, a1, 120
mem[0x80003168] <- 0x00020000


mem[X,0x8000029A] -> 0x0001
[215] [M]: 0x8000029A (0x0001) c.nop


mem[X,0x8000029C] -> 0x0001
[216] [M]: 0x8000029C (0x0001) c.nop


mem[X,0x8000029E] -> 0x05B7
mem[X,0x800002A0] -> 0x0004
[217] [M]: 0x8000029E (0x000405B7) lui a1, 64
x11 <- 0x00040000


mem[X,0x800002A2] -> 0x8513
mem[X,0x800002A4] -> 0x0580
[218] [M]: 0x800002A2 (0x05808513) addi a0, ra, 88
x10 <- 0x8000316C


mem[X,0x800002A6] -> 0x0113
mem[X,0x800002A8] -> 0x0780
[219] [M]: 0x800002A6 (0x07800113) addi sp, zero, 120
x2 <- 0x00000078


mem[X,0x800002AA] -> 0x0533
mem[X,0x800002AC] -> 0x4025
[220] [M]: 0x800002AA (0x40250533) sub a0, a0, sp
x10 <- 0x800030F4


mem[X,0x800002AE] -> 0xDD2C
[221] [M]: 0x800002AE (0xDD2C) c.sw a0, a1, 120
mem[0x8000316C] <- 0x00040000


mem[X,0x800002B0] -> 0x0001
[222] [M]: 0x800002B0 (0x0001) c.nop


mem[X,0x800002B2] -> 0x0001
[223] [M]: 0x800002B2 (0x0001) c.nop


mem[X,0x800002B4] -> 0x05B7
mem[X,0x800002B6] -> 0x0008
[224] [M]: 0x800002B4 (0x000805B7) lui a1, 128
x11 <- 0x00080000


mem[X,0x800002B8] -> 0x8513
mem[X,0x800002BA] -> 0x05C0
[225] [M]: 0x800002B8 (0x05C08513) addi a0, ra, 92
x10 <- 0x80003170


mem[X,0x800002BC] -> 0x0113
mem[X,0x800002BE] -> 0x02C0
[226] [M]: 0x800002BC (0x02C00113) addi sp, zero, 44
x2 <- 0x0000002C


mem[X,0x800002C0] -> 0x0533
mem[X,0x800002C2] -> 0x4025
[227] [M]: 0x800002C0 (0x40250533) sub a0, a0, sp
x10 <- 0x80003144


mem[X,0x800002C4] -> 0xD54C
[228] [M]: 0x800002C4 (0xD54C) c.sw a0, a1, 44
mem[0x80003170] <- 0x00080000


mem[X,0x800002C6] -> 0x0001
[229] [M]: 0x800002C6 (0x0001) c.nop


mem[X,0x800002C8] -> 0x0001
[230] [M]: 0x800002C8 (0x0001) c.nop


mem[X,0x800002CA] -> 0x05B7
mem[X,0x800002CC] -> 0x0010
[231] [M]: 0x800002CA (0x001005B7) lui a1, 256
x11 <- 0x00100000


mem[X,0x800002CE] -> 0x8513
mem[X,0x800002D0] -> 0x0600
[232] [M]: 0x800002CE (0x06008513) addi a0, ra, 96
x10 <- 0x80003174


mem[X,0x800002D2] -> 0x0113
mem[X,0x800002D4] -> 0x0400
[233] [M]: 0x800002D2 (0x04000113) addi sp, zero, 64
x2 <- 0x00000040


mem[X,0x800002D6] -> 0x0533
mem[X,0x800002D8] -> 0x4025
[234] [M]: 0x800002D6 (0x40250533) sub a0, a0, sp
x10 <- 0x80003134


mem[X,0x800002DA] -> 0xC12C
[235] [M]: 0x800002DA (0xC12C) c.sw a0, a1, 64
mem[0x80003174] <- 0x00100000


mem[X,0x800002DC] -> 0x0001
[236] [M]: 0x800002DC (0x0001) c.nop


mem[X,0x800002DE] -> 0x0001
[237] [M]: 0x800002DE (0x0001) c.nop


mem[X,0x800002E0] -> 0x05B7
mem[X,0x800002E2] -> 0x0020
[238] [M]: 0x800002E0 (0x002005B7) lui a1, 512
x11 <- 0x00200000


mem[X,0x800002E4] -> 0x8513
mem[X,0x800002E6] -> 0x0640
[239] [M]: 0x800002E4 (0x06408513) addi a0, ra, 100
x10 <- 0x80003178


mem[X,0x800002E8] -> 0x4151
[240] [M]: 0x800002E8 (0x4151) c.li sp, 20
x2 <- 0x00000014


mem[X,0x800002EA] -> 0x0533
mem[X,0x800002EC] -> 0x4025
[241] [M]: 0x800002EA (0x40250533) sub a0, a0, sp
x10 <- 0x80003164


mem[X,0x800002EE] -> 0xC94C
[242] [M]: 0x800002EE (0xC94C) c.sw a0, a1, 20
mem[0x80003178] <- 0x00200000


mem[X,0x800002F0] -> 0x0001
[243] [M]: 0x800002F0 (0x0001) c.nop


mem[X,0x800002F2] -> 0x0001
[244] [M]: 0x800002F2 (0x0001) c.nop


mem[X,0x800002F4] -> 0x05B7
mem[X,0x800002F6] -> 0x0040
[245] [M]: 0x800002F4 (0x004005B7) lui a1, 1024
x11 <- 0x00400000


mem[X,0x800002F8] -> 0x8513
mem[X,0x800002FA] -> 0x0680
[246] [M]: 0x800002F8 (0x06808513) addi a0, ra, 104
x10 <- 0x8000317C


mem[X,0x800002FC] -> 0x0113
mem[X,0x800002FE] -> 0x0240
[247] [M]: 0x800002FC (0x02400113) addi sp, zero, 36
x2 <- 0x00000024


mem[X,0x80000300] -> 0x0533
mem[X,0x80000302] -> 0x4025
[248] [M]: 0x80000300 (0x40250533) sub a0, a0, sp
x10 <- 0x80003158


mem[X,0x80000304] -> 0xD14C
[249] [M]: 0x80000304 (0xD14C) c.sw a0, a1, 36
mem[0x8000317C] <- 0x00400000


mem[X,0x80000306] -> 0x0001
[250] [M]: 0x80000306 (0x0001) c.nop


mem[X,0x80000308] -> 0x0001
[251] [M]: 0x80000308 (0x0001) c.nop


mem[X,0x8000030A] -> 0x05B7
mem[X,0x8000030C] -> 0x0080
[252] [M]: 0x8000030A (0x008005B7) lui a1, 2048
x11 <- 0x00800000


mem[X,0x8000030E] -> 0x8513
mem[X,0x80000310] -> 0x06C0
[253] [M]: 0x8000030E (0x06C08513) addi a0, ra, 108
x10 <- 0x80003180


mem[X,0x80000312] -> 0x4101
[254] [M]: 0x80000312 (0x4101) c.li sp, 0
x2 <- 0x00000000


mem[X,0x80000314] -> 0x0533
mem[X,0x80000316] -> 0x4025
[255] [M]: 0x80000314 (0x40250533) sub a0, a0, sp
x10 <- 0x80003180


mem[X,0x80000318] -> 0xC10C
[256] [M]: 0x80000318 (0xC10C) c.sw a0, a1, 0
mem[0x80003180] <- 0x00800000


mem[X,0x8000031A] -> 0x0001
[257] [M]: 0x8000031A (0x0001) c.nop


mem[X,0x8000031C] -> 0x0001
[258] [M]: 0x8000031C (0x0001) c.nop


mem[X,0x8000031E] -> 0x05B7
mem[X,0x80000320] -> 0x0100
[259] [M]: 0x8000031E (0x010005B7) lui a1, 4096
x11 <- 0x01000000


mem[X,0x80000322] -> 0x8513
mem[X,0x80000324] -> 0x0700
[260] [M]: 0x80000322 (0x07008513) addi a0, ra, 112
x10 <- 0x80003184


mem[X,0x80000326] -> 0x0113
mem[X,0x80000328] -> 0x0740
[261] [M]: 0x80000326 (0x07400113) addi sp, zero, 116
x2 <- 0x00000074


mem[X,0x8000032A] -> 0x0533
mem[X,0x8000032C] -> 0x4025
[262] [M]: 0x8000032A (0x40250533) sub a0, a0, sp
x10 <- 0x80003110


mem[X,0x8000032E] -> 0xD96C
[263] [M]: 0x8000032E (0xD96C) c.sw a0, a1, 116
mem[0x80003184] <- 0x01000000


mem[X,0x80000330] -> 0x0001
[264] [M]: 0x80000330 (0x0001) c.nop


mem[X,0x80000332] -> 0x0001
[265] [M]: 0x80000332 (0x0001) c.nop


mem[X,0x80000334] -> 0x05B7
mem[X,0x80000336] -> 0x0200
[266] [M]: 0x80000334 (0x020005B7) lui a1, 8192
x11 <- 0x02000000


mem[X,0x80000338] -> 0x8513
mem[X,0x8000033A] -> 0x0740
[267] [M]: 0x80000338 (0x07408513) addi a0, ra, 116
x10 <- 0x80003188


mem[X,0x8000033C] -> 0x0113
mem[X,0x8000033E] -> 0x0400
[268] [M]: 0x8000033C (0x04000113) addi sp, zero, 64
x2 <- 0x00000040


mem[X,0x80000340] -> 0x0533
mem[X,0x80000342] -> 0x4025
[269] [M]: 0x80000340 (0x40250533) sub a0, a0, sp
x10 <- 0x80003148


mem[X,0x80000344] -> 0xC12C
[270] [M]: 0x80000344 (0xC12C) c.sw a0, a1, 64
mem[0x80003188] <- 0x02000000


mem[X,0x80000346] -> 0x0001
[271] [M]: 0x80000346 (0x0001) c.nop


mem[X,0x80000348] -> 0x0001
[272] [M]: 0x80000348 (0x0001) c.nop


mem[X,0x8000034A] -> 0x05B7
mem[X,0x8000034C] -> 0x0400
[273] [M]: 0x8000034A (0x040005B7) lui a1, 16384
x11 <- 0x04000000


mem[X,0x8000034E] -> 0x8513
mem[X,0x80000350] -> 0x0780
[274] [M]: 0x8000034E (0x07808513) addi a0, ra, 120
x10 <- 0x8000318C


mem[X,0x80000352] -> 0x0113
mem[X,0x80000354] -> 0x0740
[275] [M]: 0x80000352 (0x07400113) addi sp, zero, 116
x2 <- 0x00000074


mem[X,0x80000356] -> 0x0533
mem[X,0x80000358] -> 0x4025
[276] [M]: 0x80000356 (0x40250533) sub a0, a0, sp
x10 <- 0x80003118


mem[X,0x8000035A] -> 0xD96C
[277] [M]: 0x8000035A (0xD96C) c.sw a0, a1, 116
mem[0x8000318C] <- 0x04000000


mem[X,0x8000035C] -> 0x0001
[278] [M]: 0x8000035C (0x0001) c.nop


mem[X,0x8000035E] -> 0x0001
[279] [M]: 0x8000035E (0x0001) c.nop


mem[X,0x80000360] -> 0x05B7
mem[X,0x80000362] -> 0x0800
[280] [M]: 0x80000360 (0x080005B7) lui a1, 32768
x11 <- 0x08000000


mem[X,0x80000364] -> 0x8513
mem[X,0x80000366] -> 0x07C0
[281] [M]: 0x80000364 (0x07C08513) addi a0, ra, 124
x10 <- 0x80003190


mem[X,0x80000368] -> 0x0113
mem[X,0x8000036A] -> 0x0440
[282] [M]: 0x80000368 (0x04400113) addi sp, zero, 68
x2 <- 0x00000044


mem[X,0x8000036C] -> 0x0533
mem[X,0x8000036E] -> 0x4025
[283] [M]: 0x8000036C (0x40250533) sub a0, a0, sp
x10 <- 0x8000314C


mem[X,0x80000370] -> 0xC16C
[284] [M]: 0x80000370 (0xC16C) c.sw a0, a1, 68
mem[0x80003190] <- 0x08000000


mem[X,0x80000372] -> 0x0001
[285] [M]: 0x80000372 (0x0001) c.nop


mem[X,0x80000374] -> 0x0001
[286] [M]: 0x80000374 (0x0001) c.nop


mem[X,0x80000376] -> 0x05B7
mem[X,0x80000378] -> 0x1000
[287] [M]: 0x80000376 (0x100005B7) lui a1, 65536
x11 <- 0x10000000


mem[X,0x8000037A] -> 0x8513
mem[X,0x8000037C] -> 0x0800
[288] [M]: 0x8000037A (0x08008513) addi a0, ra, 128
x10 <- 0x80003194


mem[X,0x8000037E] -> 0x4141
[289] [M]: 0x8000037E (0x4141) c.li sp, 16
x2 <- 0x00000010


mem[X,0x80000380] -> 0x0533
mem[X,0x80000382] -> 0x4025
[290] [M]: 0x80000380 (0x40250533) sub a0, a0, sp
x10 <- 0x80003184


mem[X,0x80000384] -> 0xC90C
[291] [M]: 0x80000384 (0xC90C) c.sw a0, a1, 16
mem[0x80003194] <- 0x10000000


mem[X,0x80000386] -> 0x0001
[292] [M]: 0x80000386 (0x0001) c.nop


mem[X,0x80000388] -> 0x0001
[293] [M]: 0x80000388 (0x0001) c.nop


mem[X,0x8000038A] -> 0x05B7
mem[X,0x8000038C] -> 0x2000
[294] [M]: 0x8000038A (0x200005B7) lui a1, 131072
x11 <- 0x20000000


mem[X,0x8000038E] -> 0x8513
mem[X,0x80000390] -> 0x0840
[295] [M]: 0x8000038E (0x08408513) addi a0, ra, 132
x10 <- 0x80003198


mem[X,0x80000392] -> 0x0113
mem[X,0x80000394] -> 0x0440
[296] [M]: 0x80000392 (0x04400113) addi sp, zero, 68
x2 <- 0x00000044


mem[X,0x80000396] -> 0x0533
mem[X,0x80000398] -> 0x4025
[297] [M]: 0x80000396 (0x40250533) sub a0, a0, sp
x10 <- 0x80003154


mem[X,0x8000039A] -> 0xC16C
[298] [M]: 0x8000039A (0xC16C) c.sw a0, a1, 68
mem[0x80003198] <- 0x20000000


mem[X,0x8000039C] -> 0x0001
[299] [M]: 0x8000039C (0x0001) c.nop


clint::tick mtime <- 0x0000000000000003
 clint timer pending at mtime 0x0000000000000003
htif::tick 0x0000000000000000
mem[X,0x8000039E] -> 0x0001
[300] [M]: 0x8000039E (0x0001) c.nop


mem[X,0x800003A0] -> 0x05B7
mem[X,0x800003A2] -> 0x4000
[301] [M]: 0x800003A0 (0x400005B7) lui a1, 262144
x11 <- 0x40000000


mem[X,0x800003A4] -> 0x8513
mem[X,0x800003A6] -> 0x0880
[302] [M]: 0x800003A4 (0x08808513) addi a0, ra, 136
x10 <- 0x8000319C


mem[X,0x800003A8] -> 0x0113
mem[X,0x800003AA] -> 0x0240
[303] [M]: 0x800003A8 (0x02400113) addi sp, zero, 36
x2 <- 0x00000024


mem[X,0x800003AC] -> 0x0533
mem[X,0x800003AE] -> 0x4025
[304] [M]: 0x800003AC (0x40250533) sub a0, a0, sp
x10 <- 0x80003178


mem[X,0x800003B0] -> 0xD14C
[305] [M]: 0x800003B0 (0xD14C) c.sw a0, a1, 36
mem[0x8000319C] <- 0x40000000


mem[X,0x800003B2] -> 0x0001
[306] [M]: 0x800003B2 (0x0001) c.nop


mem[X,0x800003B4] -> 0x0001
[307] [M]: 0x800003B4 (0x0001) c.nop


mem[X,0x800003B6] -> 0x55F9
[308] [M]: 0x800003B6 (0x55F9) c.li a1, 62
x11 <- 0xFFFFFFFE


mem[X,0x800003B8] -> 0x8513
mem[X,0x800003BA] -> 0x08C0
[309] [M]: 0x800003B8 (0x08C08513) addi a0, ra, 140
x10 <- 0x800031A0


mem[X,0x800003BC] -> 0x0113
mem[X,0x800003BE] -> 0x02C0
[310] [M]: 0x800003BC (0x02C00113) addi sp, zero, 44
x2 <- 0x0000002C


mem[X,0x800003C0] -> 0x0533
mem[X,0x800003C2] -> 0x4025
[311] [M]: 0x800003C0 (0x40250533) sub a0, a0, sp
x10 <- 0x80003174


mem[X,0x800003C4] -> 0xD54C
[312] [M]: 0x800003C4 (0xD54C) c.sw a0, a1, 44
mem[0x800031A0] <- 0xFFFFFFFE


mem[X,0x800003C6] -> 0x0001
[313] [M]: 0x800003C6 (0x0001) c.nop


mem[X,0x800003C8] -> 0x0001
[314] [M]: 0x800003C8 (0x0001) c.nop


mem[X,0x800003CA] -> 0x55F5
[315] [M]: 0x800003CA (0x55F5) c.li a1, 61
x11 <- 0xFFFFFFFD


mem[X,0x800003CC] -> 0x8513
mem[X,0x800003CE] -> 0x0900
[316] [M]: 0x800003CC (0x09008513) addi a0, ra, 144
x10 <- 0x800031A4


mem[X,0x800003D0] -> 0x0113
mem[X,0x800003D2] -> 0x0300
[317] [M]: 0x800003D0 (0x03000113) addi sp, zero, 48
x2 <- 0x00000030


mem[X,0x800003D4] -> 0x0533
mem[X,0x800003D6] -> 0x4025
[318] [M]: 0x800003D4 (0x40250533) sub a0, a0, sp
x10 <- 0x80003174


mem[X,0x800003D8] -> 0xD90C
[319] [M]: 0x800003D8 (0xD90C) c.sw a0, a1, 48
mem[0x800031A4] <- 0xFFFFFFFD


mem[X,0x800003DA] -> 0x0001
[320] [M]: 0x800003DA (0x0001) c.nop


mem[X,0x800003DC] -> 0x0001
[321] [M]: 0x800003DC (0x0001) c.nop


mem[X,0x800003DE] -> 0x55ED
[322] [M]: 0x800003DE (0x55ED) c.li a1, 59
x11 <- 0xFFFFFFFB


mem[X,0x800003E0] -> 0x8513
mem[X,0x800003E2] -> 0x0940
[323] [M]: 0x800003E0 (0x09408513) addi a0, ra, 148
x10 <- 0x800031A8


mem[X,0x800003E4] -> 0x4161
[324] [M]: 0x800003E4 (0x4161) c.li sp, 24
x2 <- 0x00000018


mem[X,0x800003E6] -> 0x0533
mem[X,0x800003E8] -> 0x4025
[325] [M]: 0x800003E6 (0x40250533) sub a0, a0, sp
x10 <- 0x80003190


mem[X,0x800003EA] -> 0xCD0C
[326] [M]: 0x800003EA (0xCD0C) c.sw a0, a1, 24
mem[0x800031A8] <- 0xFFFFFFFB


mem[X,0x800003EC] -> 0x0001
[327] [M]: 0x800003EC (0x0001) c.nop


mem[X,0x800003EE] -> 0x0001
[328] [M]: 0x800003EE (0x0001) c.nop


mem[X,0x800003F0] -> 0x55BD
[329] [M]: 0x800003F0 (0x55BD) c.li a1, 47
x11 <- 0xFFFFFFEF


mem[X,0x800003F2] -> 0x8513
mem[X,0x800003F4] -> 0x0980
[330] [M]: 0x800003F2 (0x09808513) addi a0, ra, 152
x10 <- 0x800031AC


mem[X,0x800003F6] -> 0x0113
mem[X,0x800003F8] -> 0x0480
[331] [M]: 0x800003F6 (0x04800113) addi sp, zero, 72
x2 <- 0x00000048


mem[X,0x800003FA] -> 0x0533
mem[X,0x800003FC] -> 0x4025
[332] [M]: 0x800003FA (0x40250533) sub a0, a0, sp
x10 <- 0x80003164


mem[X,0x800003FE] -> 0xC52C
[333] [M]: 0x800003FE (0xC52C) c.sw a0, a1, 72
mem[0x800031AC] <- 0xFFFFFFEF


mem[X,0x80000400] -> 0x0001
[334] [M]: 0x80000400 (0x0001) c.nop


mem[X,0x80000402] -> 0x0001
[335] [M]: 0x80000402 (0x0001) c.nop


mem[X,0x80000404] -> 0x0593
mem[X,0x80000406] -> 0xFDF0
[336] [M]: 0x80000404 (0xFDF00593) addi a1, zero, 4063
x11 <- 0xFFFFFFDF


mem[X,0x80000408] -> 0x8513
mem[X,0x8000040A] -> 0x09C0
[337] [M]: 0x80000408 (0x09C08513) addi a0, ra, 156
x10 <- 0x800031B0


mem[X,0x8000040C] -> 0x0113
mem[X,0x8000040E] -> 0x06C0
[338] [M]: 0x8000040C (0x06C00113) addi sp, zero, 108
x2 <- 0x0000006C


mem[X,0x80000410] -> 0x0533
mem[X,0x80000412] -> 0x4025
[339] [M]: 0x80000410 (0x40250533) sub a0, a0, sp
x10 <- 0x80003144


mem[X,0x80000414] -> 0xD56C
[340] [M]: 0x80000414 (0xD56C) c.sw a0, a1, 108
mem[0x800031B0] <- 0xFFFFFFDF


mem[X,0x80000416] -> 0x0001
[341] [M]: 0x80000416 (0x0001) c.nop


mem[X,0x80000418] -> 0x0001
[342] [M]: 0x80000418 (0x0001) c.nop


mem[X,0x8000041A] -> 0x0593
mem[X,0x8000041C] -> 0xFBF0
[343] [M]: 0x8000041A (0xFBF00593) addi a1, zero, 4031
x11 <- 0xFFFFFFBF


mem[X,0x8000041E] -> 0x8513
mem[X,0x80000420] -> 0x0A00
[344] [M]: 0x8000041E (0x0A008513) addi a0, ra, 160
x10 <- 0x800031B4


mem[X,0x80000422] -> 0x4171
[345] [M]: 0x80000422 (0x4171) c.li sp, 28
x2 <- 0x0000001C


mem[X,0x80000424] -> 0x0533
mem[X,0x80000426] -> 0x4025
[346] [M]: 0x80000424 (0x40250533) sub a0, a0, sp
x10 <- 0x80003198


mem[X,0x80000428] -> 0xCD4C
[347] [M]: 0x80000428 (0xCD4C) c.sw a0, a1, 28
mem[0x800031B4] <- 0xFFFFFFBF


mem[X,0x8000042A] -> 0x0001
[348] [M]: 0x8000042A (0x0001) c.nop


mem[X,0x8000042C] -> 0x0001
[349] [M]: 0x8000042C (0x0001) c.nop


mem[X,0x8000042E] -> 0x05B7
mem[X,0x80000430] -> 0xF800
[350] [M]: 0x8000042E (0xF80005B7) lui a1, 1015808
x11 <- 0xF8000000


mem[X,0x80000432] -> 0x15FD
[351] [M]: 0x80000432 (0x15FD) c.addi a1, 63
x11 <- 0xF7FFFFFF


mem[X,0x80000434] -> 0x8513
mem[X,0x80000436] -> 0x0A40
[352] [M]: 0x80000434 (0x0A408513) addi a0, ra, 164
x10 <- 0x800031B8


mem[X,0x80000438] -> 0x0113
mem[X,0x8000043A] -> 0x0440
[353] [M]: 0x80000438 (0x04400113) addi sp, zero, 68
x2 <- 0x00000044


mem[X,0x8000043C] -> 0x0533
mem[X,0x8000043E] -> 0x4025
[354] [M]: 0x8000043C (0x40250533) sub a0, a0, sp
x10 <- 0x80003174


mem[X,0x80000440] -> 0xC16C
[355] [M]: 0x80000440 (0xC16C) c.sw a0, a1, 68
mem[0x800031B8] <- 0xF7FFFFFF


mem[X,0x80000442] -> 0x0001
[356] [M]: 0x80000442 (0x0001) c.nop


mem[X,0x80000444] -> 0x0001
[357] [M]: 0x80000444 (0x0001) c.nop


mem[X,0x80000446] -> 0x05B7
mem[X,0x80000448] -> 0xF000
[358] [M]: 0x80000446 (0xF00005B7) lui a1, 983040
x11 <- 0xF0000000


mem[X,0x8000044A] -> 0x15FD
[359] [M]: 0x8000044A (0x15FD) c.addi a1, 63
x11 <- 0xEFFFFFFF


mem[X,0x8000044C] -> 0x8513
mem[X,0x8000044E] -> 0x0A80
[360] [M]: 0x8000044C (0x0A808513) addi a0, ra, 168
x10 <- 0x800031BC


mem[X,0x80000450] -> 0x0113
mem[X,0x80000452] -> 0x0340
[361] [M]: 0x80000450 (0x03400113) addi sp, zero, 52
x2 <- 0x00000034


mem[X,0x80000454] -> 0x0533
mem[X,0x80000456] -> 0x4025
[362] [M]: 0x80000454 (0x40250533) sub a0, a0, sp
x10 <- 0x80003188


mem[X,0x80000458] -> 0xD94C
[363] [M]: 0x80000458 (0xD94C) c.sw a0, a1, 52
mem[0x800031BC] <- 0xEFFFFFFF


mem[X,0x8000045A] -> 0x0001
[364] [M]: 0x8000045A (0x0001) c.nop


mem[X,0x8000045C] -> 0x0001
[365] [M]: 0x8000045C (0x0001) c.nop


mem[X,0x8000045E] -> 0x05B7
mem[X,0x80000460] -> 0xE000
[366] [M]: 0x8000045E (0xE00005B7) lui a1, 917504
x11 <- 0xE0000000


mem[X,0x80000462] -> 0x15FD
[367] [M]: 0x80000462 (0x15FD) c.addi a1, 63
x11 <- 0xDFFFFFFF


mem[X,0x80000464] -> 0x8513
mem[X,0x80000466] -> 0x0AC0
[368] [M]: 0x80000464 (0x0AC08513) addi a0, ra, 172
x10 <- 0x800031C0


mem[X,0x80000468] -> 0x4161
[369] [M]: 0x80000468 (0x4161) c.li sp, 24
x2 <- 0x00000018


mem[X,0x8000046A] -> 0x0533
mem[X,0x8000046C] -> 0x4025
[370] [M]: 0x8000046A (0x40250533) sub a0, a0, sp
x10 <- 0x800031A8


mem[X,0x8000046E] -> 0xCD0C
[371] [M]: 0x8000046E (0xCD0C) c.sw a0, a1, 24
mem[0x800031C0] <- 0xDFFFFFFF


mem[X,0x80000470] -> 0x0001
[372] [M]: 0x80000470 (0x0001) c.nop


mem[X,0x80000472] -> 0x0001
[373] [M]: 0x80000472 (0x0001) c.nop


mem[X,0x80000474] -> 0x05B7
mem[X,0x80000476] -> 0xC000
[374] [M]: 0x80000474 (0xC00005B7) lui a1, 786432
x11 <- 0xC0000000


mem[X,0x80000478] -> 0x15FD
[375] [M]: 0x80000478 (0x15FD) c.addi a1, 63
x11 <- 0xBFFFFFFF


mem[X,0x8000047A] -> 0x8513
mem[X,0x8000047C] -> 0x0B00
[376] [M]: 0x8000047A (0x0B008513) addi a0, ra, 176
x10 <- 0x800031C4


mem[X,0x8000047E] -> 0x0113
mem[X,0x80000480] -> 0x0400
[377] [M]: 0x8000047E (0x04000113) addi sp, zero, 64
x2 <- 0x00000040


mem[X,0x80000482] -> 0x0533
mem[X,0x80000484] -> 0x4025
[378] [M]: 0x80000482 (0x40250533) sub a0, a0, sp
x10 <- 0x80003184


mem[X,0x80000486] -> 0xC12C
[379] [M]: 0x80000486 (0xC12C) c.sw a0, a1, 64
mem[0x800031C4] <- 0xBFFFFFFF


mem[X,0x80000488] -> 0x0001
[380] [M]: 0x80000488 (0x0001) c.nop


mem[X,0x8000048A] -> 0x0001
[381] [M]: 0x8000048A (0x0001) c.nop


mem[X,0x8000048C] -> 0x55B7
mem[X,0x8000048E] -> 0x5555
[382] [M]: 0x8000048C (0x555555B7) lui a1, 349525
x11 <- 0x55555000


mem[X,0x80000490] -> 0x8593
mem[X,0x80000492] -> 0x5555
[383] [M]: 0x80000490 (0x55558593) addi a1, a1, 1365
x11 <- 0x55555555


mem[X,0x80000494] -> 0x8513
mem[X,0x80000496] -> 0x0B40
[384] [M]: 0x80000494 (0x0B408513) addi a0, ra, 180
x10 <- 0x800031C8


mem[X,0x80000498] -> 0x0113
mem[X,0x8000049A] -> 0x07C0
[385] [M]: 0x80000498 (0x07C00113) addi sp, zero, 124
x2 <- 0x0000007C


mem[X,0x8000049C] -> 0x0533
mem[X,0x8000049E] -> 0x4025
[386] [M]: 0x8000049C (0x40250533) sub a0, a0, sp
x10 <- 0x8000314C


mem[X,0x800004A0] -> 0xDD6C
[387] [M]: 0x800004A0 (0xDD6C) c.sw a0, a1, 124
mem[0x800031C8] <- 0x55555555


mem[X,0x800004A2] -> 0x0001
[388] [M]: 0x800004A2 (0x0001) c.nop


mem[X,0x800004A4] -> 0x0001
[389] [M]: 0x800004A4 (0x0001) c.nop


mem[X,0x800004A6] -> 0xB5B7
mem[X,0x800004A8] -> 0xAAAA
[390] [M]: 0x800004A6 (0xAAAAB5B7) lui a1, 699051
x11 <- 0xAAAAB000


mem[X,0x800004AA] -> 0x8593
mem[X,0x800004AC] -> 0xAAA5
[391] [M]: 0x800004AA (0xAAA58593) addi a1, a1, 2730
x11 <- 0xAAAAAAAA


mem[X,0x800004AE] -> 0x8513
mem[X,0x800004B0] -> 0x0B80
[392] [M]: 0x800004AE (0x0B808513) addi a0, ra, 184
x10 <- 0x800031CC


mem[X,0x800004B2] -> 0x0113
mem[X,0x800004B4] -> 0x0340
[393] [M]: 0x800004B2 (0x03400113) addi sp, zero, 52
x2 <- 0x00000034


mem[X,0x800004B6] -> 0x0533
mem[X,0x800004B8] -> 0x4025
[394] [M]: 0x800004B6 (0x40250533) sub a0, a0, sp
x10 <- 0x80003198


mem[X,0x800004BA] -> 0xD94C
[395] [M]: 0x800004BA (0xD94C) c.sw a0, a1, 52
mem[0x800031CC] <- 0xAAAAAAAA


mem[X,0x800004BC] -> 0x0001
[396] [M]: 0x800004BC (0x0001) c.nop


mem[X,0x800004BE] -> 0x0001
[397] [M]: 0x800004BE (0x0001) c.nop


mem[X,0x800004C0] -> 0x6585
[398] [M]: 0x800004C0 (0x6585) c.lui a1, 1
x11 <- 0x00001000


mem[X,0x800004C2] -> 0x8593
mem[X,0x800004C4] -> 0x8005
[399] [M]: 0x800004C2 (0x80058593) addi a1, a1, 2048
x11 <- 0x00000800


clint::tick mtime <- 0x0000000000000004
 clint timer pending at mtime 0x0000000000000004
htif::tick 0x0000000000000000
mem[X,0x800004C6] -> 0x8513
mem[X,0x800004C8] -> 0x0BC0
[400] [M]: 0x800004C6 (0x0BC08513) addi a0, ra, 188
x10 <- 0x800031D0


mem[X,0x800004CA] -> 0x4121
[401] [M]: 0x800004CA (0x4121) c.li sp, 8
x2 <- 0x00000008


mem[X,0x800004CC] -> 0x0533
mem[X,0x800004CE] -> 0x4025
[402] [M]: 0x800004CC (0x40250533) sub a0, a0, sp
x10 <- 0x800031C8


mem[X,0x800004D0] -> 0xC50C
[403] [M]: 0x800004D0 (0xC50C) c.sw a0, a1, 8
mem[0x800031D0] <- 0x00000800


mem[X,0x800004D2] -> 0x0001
[404] [M]: 0x800004D2 (0x0001) c.nop


mem[X,0x800004D4] -> 0x0001
[405] [M]: 0x800004D4 (0x0001) c.nop


mem[X,0x800004D6] -> 0x4585
[406] [M]: 0x800004D6 (0x4585) c.li a1, 1
x11 <- 0x00000001


mem[X,0x800004D8] -> 0x8513
mem[X,0x800004DA] -> 0x0C00
[407] [M]: 0x800004D8 (0x0C008513) addi a0, ra, 192
x10 <- 0x800031D4


mem[X,0x800004DC] -> 0x0113
mem[X,0x800004DE] -> 0x05C0
[408] [M]: 0x800004DC (0x05C00113) addi sp, zero, 92
x2 <- 0x0000005C


mem[X,0x800004E0] -> 0x0533
mem[X,0x800004E2] -> 0x4025
[409] [M]: 0x800004E0 (0x40250533) sub a0, a0, sp
x10 <- 0x80003178


mem[X,0x800004E4] -> 0xCD6C
[410] [M]: 0x800004E4 (0xCD6C) c.sw a0, a1, 92
mem[0x800031D4] <- 0x00000001


mem[X,0x800004E6] -> 0x0001
[411] [M]: 0x800004E6 (0x0001) c.nop


mem[X,0x800004E8] -> 0x0001
[412] [M]: 0x800004E8 (0x0001) c.nop


mem[X,0x800004EA] -> 0x05B7
mem[X,0x800004EC] -> 0xFC00
[413] [M]: 0x800004EA (0xFC0005B7) lui a1, 1032192
x11 <- 0xFC000000


mem[X,0x800004EE] -> 0x15FD
[414] [M]: 0x800004EE (0x15FD) c.addi a1, 63
x11 <- 0xFBFFFFFF


mem[X,0x800004F0] -> 0x8513
mem[X,0x800004F2] -> 0x0C40
[415] [M]: 0x800004F0 (0x0C408513) addi a0, ra, 196
x10 <- 0x800031D8


mem[X,0x800004F4] -> 0x0113
mem[X,0x800004F6] -> 0x0540
[416] [M]: 0x800004F4 (0x05400113) addi sp, zero, 84
x2 <- 0x00000054


mem[X,0x800004F8] -> 0x0533
mem[X,0x800004FA] -> 0x4025
[417] [M]: 0x800004F8 (0x40250533) sub a0, a0, sp
x10 <- 0x80003184


mem[X,0x800004FC] -> 0xC96C
[418] [M]: 0x800004FC (0xC96C) c.sw a0, a1, 84
mem[0x800031D8] <- 0xFBFFFFFF


mem[X,0x800004FE] -> 0x0001
[419] [M]: 0x800004FE (0x0001) c.nop


mem[X,0x80000500] -> 0x0001
[420] [M]: 0x80000500 (0x0001) c.nop


mem[X,0x80000502] -> 0x4595
[421] [M]: 0x80000502 (0x4595) c.li a1, 5
x11 <- 0x00000005


mem[X,0x80000504] -> 0x8513
mem[X,0x80000506] -> 0x0C80
[422] [M]: 0x80000504 (0x0C808513) addi a0, ra, 200
x10 <- 0x800031DC


mem[X,0x80000508] -> 0x0113
mem[X,0x8000050A] -> 0x0280
[423] [M]: 0x80000508 (0x02800113) addi sp, zero, 40
x2 <- 0x00000028


mem[X,0x8000050C] -> 0x0533
mem[X,0x8000050E] -> 0x4025
[424] [M]: 0x8000050C (0x40250533) sub a0, a0, sp
x10 <- 0x800031B4


mem[X,0x80000510] -> 0xD50C
[425] [M]: 0x80000510 (0xD50C) c.sw a0, a1, 40
mem[0x800031DC] <- 0x00000005


mem[X,0x80000512] -> 0x0001
[426] [M]: 0x80000512 (0x0001) c.nop


mem[X,0x80000514] -> 0x0001
[427] [M]: 0x80000514 (0x0001) c.nop


mem[X,0x80000516] -> 0x0593
mem[X,0x80000518] -> 0xF7F0
[428] [M]: 0x80000516 (0xF7F00593) addi a1, zero, 3967
x11 <- 0xFFFFFF7F


mem[X,0x8000051A] -> 0x8513
mem[X,0x8000051C] -> 0x0CC0
[429] [M]: 0x8000051A (0x0CC08513) addi a0, ra, 204
x10 <- 0x800031E0


mem[X,0x8000051E] -> 0x0113
mem[X,0x80000520] -> 0x0540
[430] [M]: 0x8000051E (0x05400113) addi sp, zero, 84
x2 <- 0x00000054


mem[X,0x80000522] -> 0x0533
mem[X,0x80000524] -> 0x4025
[431] [M]: 0x80000522 (0x40250533) sub a0, a0, sp
x10 <- 0x8000318C


mem[X,0x80000526] -> 0xC96C
[432] [M]: 0x80000526 (0xC96C) c.sw a0, a1, 84
mem[0x800031E0] <- 0xFFFFFF7F


mem[X,0x80000528] -> 0x0001
[433] [M]: 0x80000528 (0x0001) c.nop


mem[X,0x8000052A] -> 0x0001
[434] [M]: 0x8000052A (0x0001) c.nop


mem[X,0x8000052C] -> 0x0593
mem[X,0x8000052E] -> 0xEFF0
[435] [M]: 0x8000052C (0xEFF00593) addi a1, zero, 3839
x11 <- 0xFFFFFEFF


mem[X,0x80000530] -> 0x8513
mem[X,0x80000532] -> 0x0D00
[436] [M]: 0x80000530 (0x0D008513) addi a0, ra, 208
x10 <- 0x800031E4


mem[X,0x80000534] -> 0x0113
mem[X,0x80000536] -> 0x0740
[437] [M]: 0x80000534 (0x07400113) addi sp, zero, 116
x2 <- 0x00000074


mem[X,0x80000538] -> 0x0533
mem[X,0x8000053A] -> 0x4025
[438] [M]: 0x80000538 (0x40250533) sub a0, a0, sp
x10 <- 0x80003170


mem[X,0x8000053C] -> 0xD96C
[439] [M]: 0x8000053C (0xD96C) c.sw a0, a1, 116
mem[0x800031E4] <- 0xFFFFFEFF


mem[X,0x8000053E] -> 0x0001
[440] [M]: 0x8000053E (0x0001) c.nop


mem[X,0x80000540] -> 0x0001
[441] [M]: 0x80000540 (0x0001) c.nop


mem[X,0x80000542] -> 0x0593
mem[X,0x80000544] -> 0xDFF0
[442] [M]: 0x80000542 (0xDFF00593) addi a1, zero, 3583
x11 <- 0xFFFFFDFF


mem[X,0x80000546] -> 0x8513
mem[X,0x80000548] -> 0x0D40
[443] [M]: 0x80000546 (0x0D408513) addi a0, ra, 212
x10 <- 0x800031E8


mem[X,0x8000054A] -> 0x4121
[444] [M]: 0x8000054A (0x4121) c.li sp, 8
x2 <- 0x00000008


mem[X,0x8000054C] -> 0x0533
mem[X,0x8000054E] -> 0x4025
[445] [M]: 0x8000054C (0x40250533) sub a0, a0, sp
x10 <- 0x800031E0


mem[X,0x80000550] -> 0xC50C
[446] [M]: 0x80000550 (0xC50C) c.sw a0, a1, 8
mem[0x800031E8] <- 0xFFFFFDFF


mem[X,0x80000552] -> 0x0001
[447] [M]: 0x80000552 (0x0001) c.nop


mem[X,0x80000554] -> 0x0001
[448] [M]: 0x80000554 (0x0001) c.nop


mem[X,0x80000556] -> 0x0593
mem[X,0x80000558] -> 0xBFF0
[449] [M]: 0x80000556 (0xBFF00593) addi a1, zero, 3071
x11 <- 0xFFFFFBFF


mem[X,0x8000055A] -> 0x8513
mem[X,0x8000055C] -> 0x0D80
[450] [M]: 0x8000055A (0x0D808513) addi a0, ra, 216
x10 <- 0x800031EC


mem[X,0x8000055E] -> 0x0113
mem[X,0x80000560] -> 0x03C0
[451] [M]: 0x8000055E (0x03C00113) addi sp, zero, 60
x2 <- 0x0000003C


mem[X,0x80000562] -> 0x0533
mem[X,0x80000564] -> 0x4025
[452] [M]: 0x80000562 (0x40250533) sub a0, a0, sp
x10 <- 0x800031B0


mem[X,0x80000566] -> 0xDD4C
[453] [M]: 0x80000566 (0xDD4C) c.sw a0, a1, 60
mem[0x800031EC] <- 0xFFFFFBFF


mem[X,0x80000568] -> 0x0001
[454] [M]: 0x80000568 (0x0001) c.nop


mem[X,0x8000056A] -> 0x0001
[455] [M]: 0x8000056A (0x0001) c.nop


mem[X,0x8000056C] -> 0x75FD
[456] [M]: 0x8000056C (0x75FD) c.lui a1, 63
x11 <- 0xFFFFF000


mem[X,0x8000056E] -> 0x8593
mem[X,0x80000570] -> 0x7FF5
[457] [M]: 0x8000056E (0x7FF58593) addi a1, a1, 2047
x11 <- 0xFFFFF7FF


mem[X,0x80000572] -> 0x8513
mem[X,0x80000574] -> 0x0DC0
[458] [M]: 0x80000572 (0x0DC08513) addi a0, ra, 220
x10 <- 0x800031F0


mem[X,0x80000576] -> 0x0113
mem[X,0x80000578] -> 0x0400
[459] [M]: 0x80000576 (0x04000113) addi sp, zero, 64
x2 <- 0x00000040


mem[X,0x8000057A] -> 0x0533
mem[X,0x8000057C] -> 0x4025
[460] [M]: 0x8000057A (0x40250533) sub a0, a0, sp
x10 <- 0x800031B0


mem[X,0x8000057E] -> 0xC12C
[461] [M]: 0x8000057E (0xC12C) c.sw a0, a1, 64
mem[0x800031F0] <- 0xFFFFF7FF


mem[X,0x80000580] -> 0x0001
[462] [M]: 0x80000580 (0x0001) c.nop


mem[X,0x80000582] -> 0x0001
[463] [M]: 0x80000582 (0x0001) c.nop


mem[X,0x80000584] -> 0x75FD
[464] [M]: 0x80000584 (0x75FD) c.lui a1, 63
x11 <- 0xFFFFF000


mem[X,0x80000586] -> 0x15FD
[465] [M]: 0x80000586 (0x15FD) c.addi a1, 63
x11 <- 0xFFFFEFFF


mem[X,0x80000588] -> 0x8513
mem[X,0x8000058A] -> 0x0E00
[466] [M]: 0x80000588 (0x0E008513) addi a0, ra, 224
x10 <- 0x800031F4


mem[X,0x8000058C] -> 0x0113
mem[X,0x8000058E] -> 0x05C0
[467] [M]: 0x8000058C (0x05C00113) addi sp, zero, 92
x2 <- 0x0000005C


mem[X,0x80000590] -> 0x0533
mem[X,0x80000592] -> 0x4025
[468] [M]: 0x80000590 (0x40250533) sub a0, a0, sp
x10 <- 0x80003198


mem[X,0x80000594] -> 0xCD6C
[469] [M]: 0x80000594 (0xCD6C) c.sw a0, a1, 92
mem[0x800031F4] <- 0xFFFFEFFF


mem[X,0x80000596] -> 0x0001
[470] [M]: 0x80000596 (0x0001) c.nop


mem[X,0x80000598] -> 0x0001
[471] [M]: 0x80000598 (0x0001) c.nop


mem[X,0x8000059A] -> 0x75F9
[472] [M]: 0x8000059A (0x75F9) c.lui a1, 62
x11 <- 0xFFFFE000


mem[X,0x8000059C] -> 0x15FD
[473] [M]: 0x8000059C (0x15FD) c.addi a1, 63
x11 <- 0xFFFFDFFF


mem[X,0x8000059E] -> 0x8513
mem[X,0x800005A0] -> 0x0E40
[474] [M]: 0x8000059E (0x0E408513) addi a0, ra, 228
x10 <- 0x800031F8


mem[X,0x800005A2] -> 0x4151
[475] [M]: 0x800005A2 (0x4151) c.li sp, 20
x2 <- 0x00000014


mem[X,0x800005A4] -> 0x0533
mem[X,0x800005A6] -> 0x4025
[476] [M]: 0x800005A4 (0x40250533) sub a0, a0, sp
x10 <- 0x800031E4


mem[X,0x800005A8] -> 0xC94C
[477] [M]: 0x800005A8 (0xC94C) c.sw a0, a1, 20
mem[0x800031F8] <- 0xFFFFDFFF


mem[X,0x800005AA] -> 0x0001
[478] [M]: 0x800005AA (0x0001) c.nop


mem[X,0x800005AC] -> 0x0001
[479] [M]: 0x800005AC (0x0001) c.nop


mem[X,0x800005AE] -> 0x75F1
[480] [M]: 0x800005AE (0x75F1) c.lui a1, 60
x11 <- 0xFFFFC000


mem[X,0x800005B0] -> 0x15FD
[481] [M]: 0x800005B0 (0x15FD) c.addi a1, 63
x11 <- 0xFFFFBFFF


mem[X,0x800005B2] -> 0x8513
mem[X,0x800005B4] -> 0x0E80
[482] [M]: 0x800005B2 (0x0E808513) addi a0, ra, 232
x10 <- 0x800031FC


mem[X,0x800005B6] -> 0x0113
mem[X,0x800005B8] -> 0x0240
[483] [M]: 0x800005B6 (0x02400113) addi sp, zero, 36
x2 <- 0x00000024


mem[X,0x800005BA] -> 0x0533
mem[X,0x800005BC] -> 0x4025
[484] [M]: 0x800005BA (0x40250533) sub a0, a0, sp
x10 <- 0x800031D8


mem[X,0x800005BE] -> 0xD14C
[485] [M]: 0x800005BE (0xD14C) c.sw a0, a1, 36
mem[0x800031FC] <- 0xFFFFBFFF


mem[X,0x800005C0] -> 0x0001
[486] [M]: 0x800005C0 (0x0001) c.nop


mem[X,0x800005C2] -> 0x0001
[487] [M]: 0x800005C2 (0x0001) c.nop


mem[X,0x800005C4] -> 0x75E1
[488] [M]: 0x800005C4 (0x75E1) c.lui a1, 56
x11 <- 0xFFFF8000


mem[X,0x800005C6] -> 0x15FD
[489] [M]: 0x800005C6 (0x15FD) c.addi a1, 63
x11 <- 0xFFFF7FFF


mem[X,0x800005C8] -> 0x8513
mem[X,0x800005CA] -> 0x0EC0
[490] [M]: 0x800005C8 (0x0EC08513) addi a0, ra, 236
x10 <- 0x80003200


mem[X,0x800005CC] -> 0x0113
mem[X,0x800005CE] -> 0x0540
[491] [M]: 0x800005CC (0x05400113) addi sp, zero, 84
x2 <- 0x00000054


mem[X,0x800005D0] -> 0x0533
mem[X,0x800005D2] -> 0x4025
[492] [M]: 0x800005D0 (0x40250533) sub a0, a0, sp
x10 <- 0x800031AC


mem[X,0x800005D4] -> 0xC96C
[493] [M]: 0x800005D4 (0xC96C) c.sw a0, a1, 84
mem[0x80003200] <- 0xFFFF7FFF


mem[X,0x800005D6] -> 0x0001
[494] [M]: 0x800005D6 (0x0001) c.nop


mem[X,0x800005D8] -> 0x0001
[495] [M]: 0x800005D8 (0x0001) c.nop


mem[X,0x800005DA] -> 0x75C1
[496] [M]: 0x800005DA (0x75C1) c.lui a1, 48
x11 <- 0xFFFF0000


mem[X,0x800005DC] -> 0x15FD
[497] [M]: 0x800005DC (0x15FD) c.addi a1, 63
x11 <- 0xFFFEFFFF


mem[X,0x800005DE] -> 0x8513
mem[X,0x800005E0] -> 0x0F00
[498] [M]: 0x800005DE (0x0F008513) addi a0, ra, 240
x10 <- 0x80003204


mem[X,0x800005E2] -> 0x0113
mem[X,0x800005E4] -> 0x02C0
[499] [M]: 0x800005E2 (0x02C00113) addi sp, zero, 44
x2 <- 0x0000002C


clint::tick mtime <- 0x0000000000000005
 clint timer pending at mtime 0x0000000000000005
htif::tick 0x0000000000000000
mem[X,0x800005E6] -> 0x0533
mem[X,0x800005E8] -> 0x4025
[500] [M]: 0x800005E6 (0x40250533) sub a0, a0, sp
x10 <- 0x800031D8


mem[X,0x800005EA] -> 0xD54C
[501] [M]: 0x800005EA (0xD54C) c.sw a0, a1, 44
mem[0x80003204] <- 0xFFFEFFFF


mem[X,0x800005EC] -> 0x0001
[502] [M]: 0x800005EC (0x0001) c.nop


mem[X,0x800005EE] -> 0x0001
[503] [M]: 0x800005EE (0x0001) c.nop


mem[X,0x800005F0] -> 0x7581
[504] [M]: 0x800005F0 (0x7581) c.lui a1, 32
x11 <- 0xFFFE0000


mem[X,0x800005F2] -> 0x15FD
[505] [M]: 0x800005F2 (0x15FD) c.addi a1, 63
x11 <- 0xFFFDFFFF


mem[X,0x800005F4] -> 0x8513
mem[X,0x800005F6] -> 0x0F40
[506] [M]: 0x800005F4 (0x0F408513) addi a0, ra, 244
x10 <- 0x80003208


mem[X,0x800005F8] -> 0x0113
mem[X,0x800005FA] -> 0x0200
[507] [M]: 0x800005F8 (0x02000113) addi sp, zero, 32
x2 <- 0x00000020


mem[X,0x800005FC] -> 0x0533
mem[X,0x800005FE] -> 0x4025
[508] [M]: 0x800005FC (0x40250533) sub a0, a0, sp
x10 <- 0x800031E8


mem[X,0x80000600] -> 0xD10C
[509] [M]: 0x80000600 (0xD10C) c.sw a0, a1, 32
mem[0x80003208] <- 0xFFFDFFFF


mem[X,0x80000602] -> 0x0001
[510] [M]: 0x80000602 (0x0001) c.nop


mem[X,0x80000604] -> 0x0001
[511] [M]: 0x80000604 (0x0001) c.nop


mem[X,0x80000606] -> 0x05B7
mem[X,0x80000608] -> 0xFFFC
[512] [M]: 0x80000606 (0xFFFC05B7) lui a1, 1048512
x11 <- 0xFFFC0000


mem[X,0x8000060A] -> 0x15FD
[513] [M]: 0x8000060A (0x15FD) c.addi a1, 63
x11 <- 0xFFFBFFFF


mem[X,0x8000060C] -> 0x8513
mem[X,0x8000060E] -> 0x0F80
[514] [M]: 0x8000060C (0x0F808513) addi a0, ra, 248
x10 <- 0x8000320C


mem[X,0x80000610] -> 0x4141
[515] [M]: 0x80000610 (0x4141) c.li sp, 16
x2 <- 0x00000010


mem[X,0x80000612] -> 0x0533
mem[X,0x80000614] -> 0x4025
[516] [M]: 0x80000612 (0x40250533) sub a0, a0, sp
x10 <- 0x800031FC


mem[X,0x80000616] -> 0xC90C
[517] [M]: 0x80000616 (0xC90C) c.sw a0, a1, 16
mem[0x8000320C] <- 0xFFFBFFFF


mem[X,0x80000618] -> 0x0001
[518] [M]: 0x80000618 (0x0001) c.nop


mem[X,0x8000061A] -> 0x0001
[519] [M]: 0x8000061A (0x0001) c.nop


mem[X,0x8000061C] -> 0x05B7
mem[X,0x8000061E] -> 0xFFF8
[520] [M]: 0x8000061C (0xFFF805B7) lui a1, 1048448
x11 <- 0xFFF80000


mem[X,0x80000620] -> 0x15FD
[521] [M]: 0x80000620 (0x15FD) c.addi a1, 63
x11 <- 0xFFF7FFFF


mem[X,0x80000622] -> 0x8513
mem[X,0x80000624] -> 0x0FC0
[522] [M]: 0x80000622 (0x0FC08513) addi a0, ra, 252
x10 <- 0x80003210


mem[X,0x80000626] -> 0x0113
mem[X,0x80000628] -> 0x0540
[523] [M]: 0x80000626 (0x05400113) addi sp, zero, 84
x2 <- 0x00000054


mem[X,0x8000062A] -> 0x0533
mem[X,0x8000062C] -> 0x4025
[524] [M]: 0x8000062A (0x40250533) sub a0, a0, sp
x10 <- 0x800031BC


mem[X,0x8000062E] -> 0xC96C
[525] [M]: 0x8000062E (0xC96C) c.sw a0, a1, 84
mem[0x80003210] <- 0xFFF7FFFF


mem[X,0x80000630] -> 0x0001
[526] [M]: 0x80000630 (0x0001) c.nop


mem[X,0x80000632] -> 0x0001
[527] [M]: 0x80000632 (0x0001) c.nop


mem[X,0x80000634] -> 0x05B7
mem[X,0x80000636] -> 0xFFF0
[528] [M]: 0x80000634 (0xFFF005B7) lui a1, 1048320
x11 <- 0xFFF00000


mem[X,0x80000638] -> 0x15FD
[529] [M]: 0x80000638 (0x15FD) c.addi a1, 63
x11 <- 0xFFEFFFFF


mem[X,0x8000063A] -> 0x8513
mem[X,0x8000063C] -> 0x1000
[530] [M]: 0x8000063A (0x10008513) addi a0, ra, 256
x10 <- 0x80003214


mem[X,0x8000063E] -> 0x0113
mem[X,0x80000640] -> 0x0780
[531] [M]: 0x8000063E (0x07800113) addi sp, zero, 120
x2 <- 0x00000078


mem[X,0x80000642] -> 0x0533
mem[X,0x80000644] -> 0x4025
[532] [M]: 0x80000642 (0x40250533) sub a0, a0, sp
x10 <- 0x8000319C


mem[X,0x80000646] -> 0xDD2C
[533] [M]: 0x80000646 (0xDD2C) c.sw a0, a1, 120
mem[0x80003214] <- 0xFFEFFFFF


mem[X,0x80000648] -> 0x0001
[534] [M]: 0x80000648 (0x0001) c.nop


mem[X,0x8000064A] -> 0x0001
[535] [M]: 0x8000064A (0x0001) c.nop


mem[X,0x8000064C] -> 0x05B7
mem[X,0x8000064E] -> 0xFFE0
[536] [M]: 0x8000064C (0xFFE005B7) lui a1, 1048064
x11 <- 0xFFE00000


mem[X,0x80000650] -> 0x15FD
[537] [M]: 0x80000650 (0x15FD) c.addi a1, 63
x11 <- 0xFFDFFFFF


mem[X,0x80000652] -> 0x8513
mem[X,0x80000654] -> 0x1040
[538] [M]: 0x80000652 (0x10408513) addi a0, ra, 260
x10 <- 0x80003218


mem[X,0x80000656] -> 0x0113
mem[X,0x80000658] -> 0x0300
[539] [M]: 0x80000656 (0x03000113) addi sp, zero, 48
x2 <- 0x00000030


mem[X,0x8000065A] -> 0x0533
mem[X,0x8000065C] -> 0x4025
[540] [M]: 0x8000065A (0x40250533) sub a0, a0, sp
x10 <- 0x800031E8


mem[X,0x8000065E] -> 0xD90C
[541] [M]: 0x8000065E (0xD90C) c.sw a0, a1, 48
mem[0x80003218] <- 0xFFDFFFFF


mem[X,0x80000660] -> 0x0001
[542] [M]: 0x80000660 (0x0001) c.nop


mem[X,0x80000662] -> 0x0001
[543] [M]: 0x80000662 (0x0001) c.nop


mem[X,0x80000664] -> 0x05B7
mem[X,0x80000666] -> 0xFFC0
[544] [M]: 0x80000664 (0xFFC005B7) lui a1, 1047552
x11 <- 0xFFC00000


mem[X,0x80000668] -> 0x15FD
[545] [M]: 0x80000668 (0x15FD) c.addi a1, 63
x11 <- 0xFFBFFFFF


mem[X,0x8000066A] -> 0x8513
mem[X,0x8000066C] -> 0x1080
[546] [M]: 0x8000066A (0x10808513) addi a0, ra, 264
x10 <- 0x8000321C


mem[X,0x8000066E] -> 0x0113
mem[X,0x80000670] -> 0x0440
[547] [M]: 0x8000066E (0x04400113) addi sp, zero, 68
x2 <- 0x00000044


mem[X,0x80000672] -> 0x0533
mem[X,0x80000674] -> 0x4025
[548] [M]: 0x80000672 (0x40250533) sub a0, a0, sp
x10 <- 0x800031D8


mem[X,0x80000676] -> 0xC16C
[549] [M]: 0x80000676 (0xC16C) c.sw a0, a1, 68
mem[0x8000321C] <- 0xFFBFFFFF


mem[X,0x80000678] -> 0x0001
[550] [M]: 0x80000678 (0x0001) c.nop


mem[X,0x8000067A] -> 0x0001
[551] [M]: 0x8000067A (0x0001) c.nop


mem[X,0x8000067C] -> 0x05B7
mem[X,0x8000067E] -> 0xFF80
[552] [M]: 0x8000067C (0xFF8005B7) lui a1, 1046528
x11 <- 0xFF800000


mem[X,0x80000680] -> 0x15FD
[553] [M]: 0x80000680 (0x15FD) c.addi a1, 63
x11 <- 0xFF7FFFFF


mem[X,0x80000682] -> 0x8513
mem[X,0x80000684] -> 0x10C0
[554] [M]: 0x80000682 (0x10C08513) addi a0, ra, 268
x10 <- 0x80003220


mem[X,0x80000686] -> 0x4171
[555] [M]: 0x80000686 (0x4171) c.li sp, 28
x2 <- 0x0000001C


mem[X,0x80000688] -> 0x0533
mem[X,0x8000068A] -> 0x4025
[556] [M]: 0x80000688 (0x40250533) sub a0, a0, sp
x10 <- 0x80003204


mem[X,0x8000068C] -> 0xCD4C
[557] [M]: 0x8000068C (0xCD4C) c.sw a0, a1, 28
mem[0x80003220] <- 0xFF7FFFFF


mem[X,0x8000068E] -> 0x0001
[558] [M]: 0x8000068E (0x0001) c.nop


mem[X,0x80000690] -> 0x0001
[559] [M]: 0x80000690 (0x0001) c.nop


mem[X,0x80000692] -> 0x05B7
mem[X,0x80000694] -> 0xFF00
[560] [M]: 0x80000692 (0xFF0005B7) lui a1, 1044480
x11 <- 0xFF000000


mem[X,0x80000696] -> 0x15FD
[561] [M]: 0x80000696 (0x15FD) c.addi a1, 63
x11 <- 0xFEFFFFFF


mem[X,0x80000698] -> 0x8513
mem[X,0x8000069A] -> 0x1100
[562] [M]: 0x80000698 (0x11008513) addi a0, ra, 272
x10 <- 0x80003224


mem[X,0x8000069C] -> 0x4141
[563] [M]: 0x8000069C (0x4141) c.li sp, 16
x2 <- 0x00000010


mem[X,0x8000069E] -> 0x0533
mem[X,0x800006A0] -> 0x4025
[564] [M]: 0x8000069E (0x40250533) sub a0, a0, sp
x10 <- 0x80003214


mem[X,0x800006A2] -> 0xC90C
[565] [M]: 0x800006A2 (0xC90C) c.sw a0, a1, 16
mem[0x80003224] <- 0xFEFFFFFF


mem[X,0x800006A4] -> 0x0001
[566] [M]: 0x800006A4 (0x0001) c.nop


mem[X,0x800006A6] -> 0x0001
[567] [M]: 0x800006A6 (0x0001) c.nop


mem[X,0x800006A8] -> 0x05B7
mem[X,0x800006AA] -> 0xFE00
[568] [M]: 0x800006A8 (0xFE0005B7) lui a1, 1040384
x11 <- 0xFE000000


mem[X,0x800006AC] -> 0x15FD
[569] [M]: 0x800006AC (0x15FD) c.addi a1, 63
x11 <- 0xFDFFFFFF


mem[X,0x800006AE] -> 0x8513
mem[X,0x800006B0] -> 0x1140
[570] [M]: 0x800006AE (0x11408513) addi a0, ra, 276
x10 <- 0x80003228


mem[X,0x800006B2] -> 0x4171
[571] [M]: 0x800006B2 (0x4171) c.li sp, 28
x2 <- 0x0000001C


mem[X,0x800006B4] -> 0x0533
mem[X,0x800006B6] -> 0x4025
[572] [M]: 0x800006B4 (0x40250533) sub a0, a0, sp
x10 <- 0x8000320C


mem[X,0x800006B8] -> 0xCD4C
[573] [M]: 0x800006B8 (0xCD4C) c.sw a0, a1, 28
mem[0x80003228] <- 0xFDFFFFFF


mem[X,0x800006BA] -> 0x0001
[574] [M]: 0x800006BA (0x0001) c.nop


mem[X,0x800006BC] -> 0x0001
[575] [M]: 0x800006BC (0x0001) c.nop


mem[X,0x800006BE] -> 0x006F
mem[X,0x800006C0] -> 0x0200
[576] [M]: 0x800006BE (0x0200006F) jal zero, 32


mem[X,0x800006DE] -> 0x4085
[577] [M]: 0x800006DE (0x4085) c.li ra, 1
x1 <- 0x00000001


mem[X,0x800006E0] -> 0x1F17
mem[X,0x800006E2] -> 0x0000
[578] [M]: 0x800006E0 (0x00001F17) auipc t5, 1
x30 <- 0x800016E0


mem[X,0x800006E4] -> 0x2023
mem[X,0x800006E6] -> 0x921F
[579] [M]: 0x800006E4 (0x921F2023) sw ra, 2336(t5)
htif[0x80001000] <- 0x00000001


mem[X,0x800006E8] -> 0xBFE5
[580] [M]: 0x800006E8 (0xBFE5) c.j 2044


mem[X,0x800006E0] -> 0x1F17
mem[X,0x800006E2] -> 0x0000
[581] [M]: 0x800006E0 (0x00001F17) auipc t5, 1
x30 <- 0x800016E0


mem[X,0x800006E4] -> 0x2023
mem[X,0x800006E6] -> 0x921F
[582] [M]: 0x800006E4 (0x921F2023) sw ra, 2336(t5)
htif[0x80001000] <- 0x00000001


mem[X,0x800006E8] -> 0xBFE5
[583] [M]: 0x800006E8 (0xBFE5) c.j 2044


mem[X,0x800006E0] -> 0x1F17
mem[X,0x800006E2] -> 0x0000
[584] [M]: 0x800006E0 (0x00001F17) auipc t5, 1
x30 <- 0x800016E0


mem[X,0x800006E4] -> 0x2023
mem[X,0x800006E6] -> 0x921F
[585] [M]: 0x800006E4 (0x921F2023) sw ra, 2336(t5)
htif[0x80001000] <- 0x00000001
htif-syscall-proxy cmd: 0x000000000001

SUCCESS
