using /home/force/Desktop/work/compliance_testing/our_riscv/work/riscof_work/I/src/jal-01.S/ref/Reference-sail_c_simulator.signature for test-signature output.
[Sail] Allocating new block 0x80000000
tohost located at 0x801ad000
[Sail] Allocating new block 0x0

Running file ref.elf.
ELF Entry @ 0x80000000
begin_signature: 0x801af110
end_signature: 0x801af1a0
CSR mstatus <- 0x00000000 (input: 0x00000000)
mem[X,0x00001000] -> 0x0297
mem[X,0x00001002] -> 0x0000
[0] [M]: 0x00001000 (0x00000297) auipc t0, 0
x5 <- 0x00001000


mem[X,0x00001004] -> 0x8593
mem[X,0x00001006] -> 0x0202
[1] [M]: 0x00001004 (0x02028593) addi a1, t0, 32
x11 <- 0x00001020


mem[X,0x00001008] -> 0x2573
mem[X,0x0000100A] -> 0xF140
[2] [M]: 0x00001008 (0xF1402573) csrrs a0, mhartid, zero
CSR mhartid -> 0x00000000
x10 <- 0x00000000


mem[X,0x0000100C] -> 0xA283
mem[X,0x0000100E] -> 0x0182
[3] [M]: 0x0000100C (0x0182A283) lw t0, 24(t0)
mem[R,0x00001018] -> 0x80000000
x5 <- 0x80000000


mem[X,0x00001010] -> 0x8067
mem[X,0x00001012] -> 0x0002
[4] [M]: 0x00001010 (0x00028067) jalr zero, t0, 0


mem[X,0x80000000] -> 0xC0B7
mem[X,0x80000002] -> 0xFEED
[5] [M]: 0x80000000 (0xFEEDC0B7) lui ra, 1044188
x1 <- 0xFEEDC000


mem[X,0x80000004] -> 0x8093
mem[X,0x80000006] -> 0xEAD0
[6] [M]: 0x80000004 (0xEAD08093) addi ra, ra, 3757
x1 <- 0xFEEDBEAD


mem[X,0x80000008] -> 0xE137
mem[X,0x8000000A] -> 0xFF76
[7] [M]: 0x80000008 (0xFF76E137) lui sp, 1046382
x2 <- 0xFF76E000


mem[X,0x8000000C] -> 0x0113
mem[X,0x8000000E] -> 0xF561
[8] [M]: 0x8000000C (0xF5610113) addi sp, sp, 3926
x2 <- 0xFF76DF56


mem[X,0x80000010] -> 0x71B7
mem[X,0x80000012] -> 0x7FBB
[9] [M]: 0x80000010 (0x7FBB71B7) lui gp, 523191
x3 <- 0x7FBB7000


mem[X,0x80000014] -> 0x8193
mem[X,0x80000016] -> 0xFAB1
[10] [M]: 0x80000014 (0xFAB18193) addi gp, gp, 4011
x3 <- 0x7FBB6FAB


mem[X,0x80000018] -> 0xB237
mem[X,0x8000001A] -> 0xBFDD
[11] [M]: 0x80000018 (0xBFDDB237) lui tp, 785883
x4 <- 0xBFDDB000


mem[X,0x8000001C] -> 0x0213
mem[X,0x8000001E] -> 0x7D52
[12] [M]: 0x8000001C (0x7D520213) addi tp, tp, 2005
x4 <- 0xBFDDB7D5


mem[X,0x80000020] -> 0x0297
mem[X,0x80000022] -> 0x0000
[13] [M]: 0x80000020 (0x00000297) auipc t0, 0
x5 <- 0x80000020


mem[X,0x80000024] -> 0x8293
mem[X,0x80000026] -> 0x0882
[14] [M]: 0x80000024 (0x08828293) addi t0, t0, 136
x5 <- 0x800000A8


mem[X,0x80000028] -> 0x0013
mem[X,0x8000002A] -> 0x0000
[15] [M]: 0x80000028 (0x00000013) addi zero, zero, 0


mem[X,0x8000002C] -> 0x0013
mem[X,0x8000002E] -> 0x0000
[16] [M]: 0x8000002C (0x00000013) addi zero, zero, 0


mem[X,0x80000030] -> 0x0013
mem[X,0x80000032] -> 0x0000
[17] [M]: 0x80000030 (0x00000013) addi zero, zero, 0


mem[X,0x80000034] -> 0x0013
mem[X,0x80000036] -> 0x0000
[18] [M]: 0x80000034 (0x00000013) addi zero, zero, 0


mem[X,0x80000038] -> 0x0013
mem[X,0x8000003A] -> 0x0000
[19] [M]: 0x80000038 (0x00000013) addi zero, zero, 0


mem[X,0x8000003C] -> 0x0013
mem[X,0x8000003E] -> 0x0000
[20] [M]: 0x8000003C (0x00000013) addi zero, zero, 0


mem[X,0x80000040] -> 0xE317
mem[X,0x80000042] -> 0x001A
[21] [M]: 0x80000040 (0x001AE317) auipc t1, 430
x6 <- 0x801AE040


mem[X,0x80000044] -> 0x0313
mem[X,0x80000046] -> 0xFC03
[22] [M]: 0x80000044 (0xFC030313) addi t1, t1, 4032
x6 <- 0x801AE000


mem[X,0x80000048] -> 0x0013
mem[X,0x8000004A] -> 0x0000
[23] [M]: 0x80000048 (0x00000013) addi zero, zero, 0


mem[X,0x8000004C] -> 0x0013
mem[X,0x8000004E] -> 0x0000
[24] [M]: 0x8000004C (0x00000013) addi zero, zero, 0


mem[X,0x80000050] -> 0x0013
mem[X,0x80000052] -> 0x0000
[25] [M]: 0x80000050 (0x00000013) addi zero, zero, 0


mem[X,0x80000054] -> 0x0013
mem[X,0x80000056] -> 0x0000
[26] [M]: 0x80000054 (0x00000013) addi zero, zero, 0


mem[X,0x80000058] -> 0x0013
mem[X,0x8000005A] -> 0x0000
[27] [M]: 0x80000058 (0x00000013) addi zero, zero, 0


mem[X,0x8000005C] -> 0x0013
mem[X,0x8000005E] -> 0x0000
[28] [M]: 0x8000005C (0x00000013) addi zero, zero, 0


mem[X,0x80000060] -> 0xB3B7
mem[X,0x80000062] -> 0xB7FB
[29] [M]: 0x80000060 (0xB7FBB3B7) lui t2, 753595
x7 <- 0xB7FBB000


mem[X,0x80000064] -> 0x8393
mem[X,0x80000066] -> 0x6FA3
[30] [M]: 0x80000064 (0x6FA38393) addi t2, t2, 1786
x7 <- 0xB7FBB6FA


mem[X,0x80000068] -> 0xE437
mem[X,0x8000006A] -> 0x5BFD
[31] [M]: 0x80000068 (0x5BFDE437) lui fp, 376798
x8 <- 0x5BFDE000


mem[X,0x8000006C] -> 0x0413
mem[X,0x8000006E] -> 0xB7D4
[32] [M]: 0x8000006C (0xB7D40413) addi fp, fp, 2941
x8 <- 0x5BFDDB7D


mem[X,0x80000070] -> 0xF4B7
mem[X,0x80000072] -> 0xADFE
[33] [M]: 0x80000070 (0xADFEF4B7) lui s1, 712687
x9 <- 0xADFEF000


mem[X,0x80000074] -> 0x8493
mem[X,0x80000076] -> 0xDBE4
[34] [M]: 0x80000074 (0xDBE48493) addi s1, s1, 3518
x9 <- 0xADFEEDBE


mem[X,0x80000078] -> 0x7537
mem[X,0x8000007A] -> 0x56FF
[35] [M]: 0x80000078 (0x56FF7537) lui a0, 356343
x10 <- 0x56FF7000


mem[X,0x8000007C] -> 0x0513
mem[X,0x8000007E] -> 0x6DF5
[36] [M]: 0x8000007C (0x6DF50513) addi a0, a0, 1759
x10 <- 0x56FF76DF


mem[X,0x80000080] -> 0xC5B7
mem[X,0x80000082] -> 0xAB7F
[37] [M]: 0x80000080 (0xAB7FC5B7) lui a1, 702460
x11 <- 0xAB7FC000


mem[X,0x80000084] -> 0x8593
mem[X,0x80000086] -> 0xB6F5
[38] [M]: 0x80000084 (0xB6F58593) addi a1, a1, 2927
x11 <- 0xAB7FBB6F


mem[X,0x80000088] -> 0xE637
mem[X,0x8000008A] -> 0xD5BF
[39] [M]: 0x80000088 (0xD5BFE637) lui a2, 875518
x12 <- 0xD5BFE000


mem[X,0x8000008C] -> 0x0613
mem[X,0x8000008E] -> 0xDB76
[40] [M]: 0x8000008C (0xDB760613) addi a2, a2, 3511
x12 <- 0xD5BFDDB7


mem[X,0x80000090] -> 0xF6B7
mem[X,0x80000092] -> 0xEADF
[41] [M]: 0x80000090 (0xEADFF6B7) lui a3, 962047
x13 <- 0xEADFF000


mem[X,0x80000094] -> 0x8693
mem[X,0x80000096] -> 0xEDB6
[42] [M]: 0x80000094 (0xEDB68693) addi a3, a3, 3803
x13 <- 0xEADFEEDB


mem[X,0x80000098] -> 0xF737
mem[X,0x8000009A] -> 0xF56F
[43] [M]: 0x80000098 (0xF56FF737) lui a4, 1005311
x14 <- 0xF56FF000


mem[X,0x8000009C] -> 0x0713
mem[X,0x8000009E] -> 0x76D7
[44] [M]: 0x8000009C (0x76D70713) addi a4, a4, 1901
x14 <- 0xF56FF76D


mem[X,0x800000A0] -> 0x07B7
mem[X,0x800000A2] -> 0xFAB8
[45] [M]: 0x800000A0 (0xFAB807B7) lui a5, 1026944
x15 <- 0xFAB80000


mem[X,0x800000A4] -> 0x8793
mem[X,0x800000A6] -> 0xBB67
[46] [M]: 0x800000A4 (0xBB678793) addi a5, a5, 2998
x15 <- 0xFAB7FBB6


mem[X,0x800000A8] -> 0x0013
mem[X,0x800000AA] -> 0x0000
[47] [M]: 0x800000A8 (0x00000013) addi zero, zero, 0


mem[X,0x800000AC] -> 0x0013
mem[X,0x800000AE] -> 0x0000
[48] [M]: 0x800000AC (0x00000013) addi zero, zero, 0


mem[X,0x800000B0] -> 0x0013
mem[X,0x800000B2] -> 0x0000
[49] [M]: 0x800000B0 (0x00000013) addi zero, zero, 0


mem[X,0x800000B4] -> 0x0013
mem[X,0x800000B6] -> 0x0000
[50] [M]: 0x800000B4 (0x00000013) addi zero, zero, 0


mem[X,0x800000B8] -> 0x0013
mem[X,0x800000BA] -> 0x0000
[51] [M]: 0x800000B8 (0x00000013) addi zero, zero, 0


mem[X,0x800000BC] -> 0x0013
mem[X,0x800000BE] -> 0x0000
[52] [M]: 0x800000BC (0x00000013) addi zero, zero, 0


mem[X,0x800000C0] -> 0xF117
mem[X,0x800000C2] -> 0x001A
[53] [M]: 0x800000C0 (0x001AF117) auipc sp, 431
x2 <- 0x801AF0C0


mem[X,0x800000C4] -> 0x0113
mem[X,0x800000C6] -> 0x0541
[54] [M]: 0x800000C4 (0x05410113) addi sp, sp, 84
x2 <- 0x801AF114


mem[X,0x800000C8] -> 0x0013
mem[X,0x800000CA] -> 0x0000
[55] [M]: 0x800000C8 (0x00000013) addi zero, zero, 0


mem[X,0x800000CC] -> 0x0013
mem[X,0x800000CE] -> 0x0000
[56] [M]: 0x800000CC (0x00000013) addi zero, zero, 0


mem[X,0x800000D0] -> 0x0013
mem[X,0x800000D2] -> 0x0000
[57] [M]: 0x800000D0 (0x00000013) addi zero, zero, 0


mem[X,0x800000D4] -> 0x0013
mem[X,0x800000D6] -> 0x0000
[58] [M]: 0x800000D4 (0x00000013) addi zero, zero, 0


mem[X,0x800000D8] -> 0x0013
mem[X,0x800000DA] -> 0x0000
[59] [M]: 0x800000D8 (0x00000013) addi zero, zero, 0


mem[X,0x800000DC] -> 0x0013
mem[X,0x800000DE] -> 0x0000
[60] [M]: 0x800000DC (0x00000013) addi zero, zero, 0


mem[X,0x800000E0] -> 0xB697
mem[X,0x800000E2] -> 0x000A
[61] [M]: 0x800000E0 (0x000AB697) auipc a3, 171
x13 <- 0x800AB0E0


mem[X,0x800000E4] -> 0x8693
mem[X,0x800000E6] -> 0xB106
[62] [M]: 0x800000E4 (0xB1068693) addi a3, a3, 2832
x13 <- 0x800AABF0


mem[X,0x800000E8] -> 0x0013
mem[X,0x800000EA] -> 0x0000
[63] [M]: 0x800000E8 (0x00000013) addi zero, zero, 0


mem[X,0x800000EC] -> 0x0013
mem[X,0x800000EE] -> 0x0000
[64] [M]: 0x800000EC (0x00000013) addi zero, zero, 0


mem[X,0x800000F0] -> 0x0013
mem[X,0x800000F2] -> 0x0000
[65] [M]: 0x800000F0 (0x00000013) addi zero, zero, 0


mem[X,0x800000F4] -> 0x0013
mem[X,0x800000F6] -> 0x0000
[66] [M]: 0x800000F4 (0x00000013) addi zero, zero, 0


mem[X,0x800000F8] -> 0x0013
mem[X,0x800000FA] -> 0x0000
[67] [M]: 0x800000F8 (0x00000013) addi zero, zero, 0


mem[X,0x800000FC] -> 0x0013
mem[X,0x800000FE] -> 0x0000
[68] [M]: 0x800000FC (0x00000013) addi zero, zero, 0


mem[X,0x80000100] -> 0x8067
mem[X,0x80000102] -> 0x0006
[69] [M]: 0x80000100 (0x00068067) jalr zero, a3, 0


mem[X,0x800AABF0] -> 0x5AEF
mem[X,0x800AABF2] -> 0xD545
[70] [M]: 0x800AABF0 (0xD5455AEF) jal s5, 1398100
x21 <- 0x800AABF4


mem[X,0x80000144] -> 0xCA93
mem[X,0x80000146] -> 0x001A
[71] [M]: 0x80000144 (0x001ACA93) xori s5, s5, 1
x21 <- 0x800AABF5


mem[X,0x80000148] -> 0x0EE3
mem[X,0x8000014A] -> 0xFA00
[72] [M]: 0x80000148 (0xFA000EE3) beq zero, zero, 8124


mem[X,0x80000104] -> 0x0013
mem[X,0x80000106] -> 0x0000
[73] [M]: 0x80000104 (0x00000013) addi zero, zero, 0


mem[X,0x80000108] -> 0x0013
mem[X,0x8000010A] -> 0x0000
[74] [M]: 0x80000108 (0x00000013) addi zero, zero, 0


mem[X,0x8000010C] -> 0x0013
mem[X,0x8000010E] -> 0x0000
[75] [M]: 0x8000010C (0x00000013) addi zero, zero, 0


mem[X,0x80000110] -> 0x0013
mem[X,0x80000112] -> 0x0000
[76] [M]: 0x80000110 (0x00000013) addi zero, zero, 0


mem[X,0x80000114] -> 0x0013
mem[X,0x80000116] -> 0x0000
[77] [M]: 0x80000114 (0x00000013) addi zero, zero, 0


mem[X,0x80000118] -> 0x0013
mem[X,0x8000011A] -> 0x0000
[78] [M]: 0x80000118 (0x00000013) addi zero, zero, 0


mem[X,0x8000011C] -> 0x0013
mem[X,0x8000011E] -> 0x0000
[79] [M]: 0x8000011C (0x00000013) addi zero, zero, 0


mem[X,0x80000120] -> 0xB697
mem[X,0x80000122] -> 0x000A
[80] [M]: 0x80000120 (0x000AB697) auipc a3, 171
x13 <- 0x800AB120


mem[X,0x80000124] -> 0x8693
mem[X,0x80000126] -> 0xB046
[81] [M]: 0x80000124 (0xB0468693) addi a3, a3, 2820
x13 <- 0x800AAC24


mem[X,0x80000128] -> 0x0013
mem[X,0x8000012A] -> 0x0000
[82] [M]: 0x80000128 (0x00000013) addi zero, zero, 0


mem[X,0x8000012C] -> 0x0013
mem[X,0x8000012E] -> 0x0000
[83] [M]: 0x8000012C (0x00000013) addi zero, zero, 0


mem[X,0x80000130] -> 0x0013
mem[X,0x80000132] -> 0x0000
[84] [M]: 0x80000130 (0x00000013) addi zero, zero, 0


mem[X,0x80000134] -> 0x0013
mem[X,0x80000136] -> 0x0000
[85] [M]: 0x80000134 (0x00000013) addi zero, zero, 0


mem[X,0x80000138] -> 0x0013
mem[X,0x8000013A] -> 0x0000
[86] [M]: 0x80000138 (0x00000013) addi zero, zero, 0


mem[X,0x8000013C] -> 0x0013
mem[X,0x8000013E] -> 0x0000
[87] [M]: 0x8000013C (0x00000013) addi zero, zero, 0


mem[X,0x80000140] -> 0x8067
mem[X,0x80000142] -> 0x0006
[88] [M]: 0x80000140 (0x00068067) jalr zero, a3, 0


mem[X,0x800AAC24] -> 0x0013
mem[X,0x800AAC26] -> 0x0000
[89] [M]: 0x800AAC24 (0x00000013) addi zero, zero, 0


mem[X,0x800AAC28] -> 0x0013
mem[X,0x800AAC2A] -> 0x0000
[90] [M]: 0x800AAC28 (0x00000013) addi zero, zero, 0


mem[X,0x800AAC2C] -> 0x0013
mem[X,0x800AAC2E] -> 0x0000
[91] [M]: 0x800AAC2C (0x00000013) addi zero, zero, 0


mem[X,0x800AAC30] -> 0x0013
mem[X,0x800AAC32] -> 0x0000
[92] [M]: 0x800AAC30 (0x00000013) addi zero, zero, 0


mem[X,0x800AAC34] -> 0x0013
mem[X,0x800AAC36] -> 0x0000
[93] [M]: 0x800AAC34 (0x00000013) addi zero, zero, 0


mem[X,0x800AAC38] -> 0x0013
mem[X,0x800AAC3A] -> 0x0000
[94] [M]: 0x800AAC38 (0x00000013) addi zero, zero, 0


mem[X,0x800AAC3C] -> 0x0013
mem[X,0x800AAC3E] -> 0x0000
[95] [M]: 0x800AAC3C (0x00000013) addi zero, zero, 0


mem[X,0x800AAC40] -> 0x5697
mem[X,0x800AAC42] -> 0xFFF5
[96] [M]: 0x800AAC40 (0xFFF55697) auipc a3, 1048405
x13 <- 0x7FFFFC40


mem[X,0x800AAC44] -> 0x8693
mem[X,0x800AAC46] -> 0x4A06
[97] [M]: 0x800AAC44 (0x4A068693) addi a3, a3, 1184
x13 <- 0x800000E0


mem[X,0x800AAC48] -> 0x0013
mem[X,0x800AAC4A] -> 0x0000
[98] [M]: 0x800AAC48 (0x00000013) addi zero, zero, 0


mem[X,0x800AAC4C] -> 0x0013
mem[X,0x800AAC4E] -> 0x0000
[99] [M]: 0x800AAC4C (0x00000013) addi zero, zero, 0


clint::tick mtime <- 0x0000000000000001
 clint timer pending at mtime 0x0000000000000001
htif::tick 0x0000000000000000
mem[X,0x800AAC50] -> 0x0013
mem[X,0x800AAC52] -> 0x0000
[100] [M]: 0x800AAC50 (0x00000013) addi zero, zero, 0


mem[X,0x800AAC54] -> 0x0013
mem[X,0x800AAC56] -> 0x0000
[101] [M]: 0x800AAC54 (0x00000013) addi zero, zero, 0


mem[X,0x800AAC58] -> 0x0013
mem[X,0x800AAC5A] -> 0x0000
[102] [M]: 0x800AAC58 (0x00000013) addi zero, zero, 0


mem[X,0x800AAC5C] -> 0x0013
mem[X,0x800AAC5E] -> 0x0000
[103] [M]: 0x800AAC5C (0x00000013) addi zero, zero, 0


mem[X,0x800AAC60] -> 0xF693
mem[X,0x800AAC62] -> 0xFFC6
[104] [M]: 0x800AAC60 (0xFFC6F693) andi a3, a3, 4092
x13 <- 0x800000E0


mem[X,0x800AAC64] -> 0x8AB3
mem[X,0x800AAC66] -> 0x40DA
[105] [M]: 0x800AAC64 (0x40DA8AB3) sub s5, s5, a3
x21 <- 0x000AAB15


mem[X,0x800AAC68] -> 0x2023
mem[X,0x800AAC6A] -> 0x0151
[106] [M]: 0x800AAC68 (0x01512023) sw s5, 0(sp)
mem[0x801AF114] <- 0x000AAB15


mem[X,0x800AAC6C] -> 0x0013
mem[X,0x800AAC6E] -> 0x0000
[107] [M]: 0x800AAC6C (0x00000013) addi zero, zero, 0


mem[X,0x800AAC70] -> 0x0013
mem[X,0x800AAC72] -> 0x0000
[108] [M]: 0x800AAC70 (0x00000013) addi zero, zero, 0


mem[X,0x800AAC74] -> 0x0013
mem[X,0x800AAC76] -> 0x0000
[109] [M]: 0x800AAC74 (0x00000013) addi zero, zero, 0


mem[X,0x800AAC78] -> 0x0013
mem[X,0x800AAC7A] -> 0x0000
[110] [M]: 0x800AAC78 (0x00000013) addi zero, zero, 0


mem[X,0x800AAC7C] -> 0x0013
mem[X,0x800AAC7E] -> 0x0000
[111] [M]: 0x800AAC7C (0x00000013) addi zero, zero, 0


mem[X,0x800AAC80] -> 0x0697
mem[X,0x800AAC82] -> 0x0000
[112] [M]: 0x800AAC80 (0x00000697) auipc a3, 0
x13 <- 0x800AAC80


mem[X,0x800AAC84] -> 0x8693
mem[X,0x800AAC86] -> 0x06C6
[113] [M]: 0x800AAC84 (0x06C68693) addi a3, a3, 108
x13 <- 0x800AACEC


mem[X,0x800AAC88] -> 0x0013
mem[X,0x800AAC8A] -> 0x0000
[114] [M]: 0x800AAC88 (0x00000013) addi zero, zero, 0


mem[X,0x800AAC8C] -> 0x0013
mem[X,0x800AAC8E] -> 0x0000
[115] [M]: 0x800AAC8C (0x00000013) addi zero, zero, 0


mem[X,0x800AAC90] -> 0x0013
mem[X,0x800AAC92] -> 0x0000
[116] [M]: 0x800AAC90 (0x00000013) addi zero, zero, 0


mem[X,0x800AAC94] -> 0x0013
mem[X,0x800AAC96] -> 0x0000
[117] [M]: 0x800AAC94 (0x00000013) addi zero, zero, 0


mem[X,0x800AAC98] -> 0x0013
mem[X,0x800AAC9A] -> 0x0000
[118] [M]: 0x800AAC98 (0x00000013) addi zero, zero, 0


mem[X,0x800AAC9C] -> 0x0013
mem[X,0x800AAC9E] -> 0x0000
[119] [M]: 0x800AAC9C (0x00000013) addi zero, zero, 0


mem[X,0x800AACA0] -> 0x8067
mem[X,0x800AACA2] -> 0x0006
[120] [M]: 0x800AACA0 (0x00068067) jalr zero, a3, 0


mem[X,0x800AACEC] -> 0x01EF
mem[X,0x800AACEE] -> 0x00C0
[121] [M]: 0x800AACEC (0x00C001EF) jal gp, 12
x3 <- 0x800AACF0


mem[X,0x800AACF8] -> 0xC193
mem[X,0x800AACFA] -> 0x0031
[122] [M]: 0x800AACF8 (0x0031C193) xori gp, gp, 3
x3 <- 0x800AACF3


mem[X,0x800AACFC] -> 0x0013
mem[X,0x800AACFE] -> 0x0000
[123] [M]: 0x800AACFC (0x00000013) addi zero, zero, 0


mem[X,0x800AAD00] -> 0x0697
mem[X,0x800AAD02] -> 0x0000
[124] [M]: 0x800AAD00 (0x00000697) auipc a3, 0
x13 <- 0x800AAD00


mem[X,0x800AAD04] -> 0x8693
mem[X,0x800AAD06] -> 0x0246
[125] [M]: 0x800AAD04 (0x02468693) addi a3, a3, 36
x13 <- 0x800AAD24


mem[X,0x800AAD08] -> 0x0013
mem[X,0x800AAD0A] -> 0x0000
[126] [M]: 0x800AAD08 (0x00000013) addi zero, zero, 0


mem[X,0x800AAD0C] -> 0x0013
mem[X,0x800AAD0E] -> 0x0000
[127] [M]: 0x800AAD0C (0x00000013) addi zero, zero, 0


mem[X,0x800AAD10] -> 0x0013
mem[X,0x800AAD12] -> 0x0000
[128] [M]: 0x800AAD10 (0x00000013) addi zero, zero, 0


mem[X,0x800AAD14] -> 0x0013
mem[X,0x800AAD16] -> 0x0000
[129] [M]: 0x800AAD14 (0x00000013) addi zero, zero, 0


mem[X,0x800AAD18] -> 0x0013
mem[X,0x800AAD1A] -> 0x0000
[130] [M]: 0x800AAD18 (0x00000013) addi zero, zero, 0


mem[X,0x800AAD1C] -> 0x0013
mem[X,0x800AAD1E] -> 0x0000
[131] [M]: 0x800AAD1C (0x00000013) addi zero, zero, 0


mem[X,0x800AAD20] -> 0x8067
mem[X,0x800AAD22] -> 0x0006
[132] [M]: 0x800AAD20 (0x00068067) jalr zero, a3, 0


mem[X,0x800AAD24] -> 0x0013
mem[X,0x800AAD26] -> 0x0000
[133] [M]: 0x800AAD24 (0x00000013) addi zero, zero, 0


mem[X,0x800AAD28] -> 0x0013
mem[X,0x800AAD2A] -> 0x0000
[134] [M]: 0x800AAD28 (0x00000013) addi zero, zero, 0


mem[X,0x800AAD2C] -> 0x0013
mem[X,0x800AAD2E] -> 0x0000
[135] [M]: 0x800AAD2C (0x00000013) addi zero, zero, 0


mem[X,0x800AAD30] -> 0x0013
mem[X,0x800AAD32] -> 0x0000
[136] [M]: 0x800AAD30 (0x00000013) addi zero, zero, 0


mem[X,0x800AAD34] -> 0x0013
mem[X,0x800AAD36] -> 0x0000
[137] [M]: 0x800AAD34 (0x00000013) addi zero, zero, 0


mem[X,0x800AAD38] -> 0x0013
mem[X,0x800AAD3A] -> 0x0000
[138] [M]: 0x800AAD38 (0x00000013) addi zero, zero, 0


mem[X,0x800AAD3C] -> 0x0013
mem[X,0x800AAD3E] -> 0x0000
[139] [M]: 0x800AAD3C (0x00000013) addi zero, zero, 0


mem[X,0x800AAD40] -> 0x0697
mem[X,0x800AAD42] -> 0x0000
[140] [M]: 0x800AAD40 (0x00000697) auipc a3, 0
x13 <- 0x800AAD40


mem[X,0x800AAD44] -> 0x8693
mem[X,0x800AAD46] -> 0xF2C6
[141] [M]: 0x800AAD44 (0xF2C68693) addi a3, a3, 3884
x13 <- 0x800AAC6C


mem[X,0x800AAD48] -> 0x0013
mem[X,0x800AAD4A] -> 0x0000
[142] [M]: 0x800AAD48 (0x00000013) addi zero, zero, 0


mem[X,0x800AAD4C] -> 0x0013
mem[X,0x800AAD4E] -> 0x0000
[143] [M]: 0x800AAD4C (0x00000013) addi zero, zero, 0


mem[X,0x800AAD50] -> 0x0013
mem[X,0x800AAD52] -> 0x0000
[144] [M]: 0x800AAD50 (0x00000013) addi zero, zero, 0


mem[X,0x800AAD54] -> 0x0013
mem[X,0x800AAD56] -> 0x0000
[145] [M]: 0x800AAD54 (0x00000013) addi zero, zero, 0


mem[X,0x800AAD58] -> 0x0013
mem[X,0x800AAD5A] -> 0x0000
[146] [M]: 0x800AAD58 (0x00000013) addi zero, zero, 0


mem[X,0x800AAD5C] -> 0x0013
mem[X,0x800AAD5E] -> 0x0000
[147] [M]: 0x800AAD5C (0x00000013) addi zero, zero, 0


mem[X,0x800AAD60] -> 0xF693
mem[X,0x800AAD62] -> 0xFFC6
[148] [M]: 0x800AAD60 (0xFFC6F693) andi a3, a3, 4092
x13 <- 0x800AAC6C


mem[X,0x800AAD64] -> 0x81B3
mem[X,0x800AAD66] -> 0x40D1
[149] [M]: 0x800AAD64 (0x40D181B3) sub gp, gp, a3
x3 <- 0x00000087


mem[X,0x800AAD68] -> 0x2223
mem[X,0x800AAD6A] -> 0x0031
[150] [M]: 0x800AAD68 (0x00312223) sw gp, 4(sp)
mem[0x801AF118] <- 0x00000087


mem[X,0x800AAD6C] -> 0x0013
mem[X,0x800AAD6E] -> 0x0000
[151] [M]: 0x800AAD6C (0x00000013) addi zero, zero, 0


mem[X,0x800AAD70] -> 0x0013
mem[X,0x800AAD72] -> 0x0000
[152] [M]: 0x800AAD70 (0x00000013) addi zero, zero, 0


mem[X,0x800AAD74] -> 0x0013
mem[X,0x800AAD76] -> 0x0000
[153] [M]: 0x800AAD74 (0x00000013) addi zero, zero, 0


mem[X,0x800AAD78] -> 0x0013
mem[X,0x800AAD7A] -> 0x0000
[154] [M]: 0x800AAD78 (0x00000013) addi zero, zero, 0


mem[X,0x800AAD7C] -> 0x0013
mem[X,0x800AAD7E] -> 0x0000
[155] [M]: 0x800AAD7C (0x00000013) addi zero, zero, 0


mem[X,0x800AAD80] -> 0x0697
mem[X,0x800AAD82] -> 0x0008
[156] [M]: 0x800AAD80 (0x00080697) auipc a3, 128
x13 <- 0x8012AD80


mem[X,0x800AAD84] -> 0x8693
mem[X,0x800AAD86] -> 0x0646
[157] [M]: 0x800AAD84 (0x06468693) addi a3, a3, 100
x13 <- 0x8012ADE4


mem[X,0x800AAD88] -> 0x0013
mem[X,0x800AAD8A] -> 0x0000
[158] [M]: 0x800AAD88 (0x00000013) addi zero, zero, 0


mem[X,0x800AAD8C] -> 0x0013
mem[X,0x800AAD8E] -> 0x0000
[159] [M]: 0x800AAD8C (0x00000013) addi zero, zero, 0


mem[X,0x800AAD90] -> 0x0013
mem[X,0x800AAD92] -> 0x0000
[160] [M]: 0x800AAD90 (0x00000013) addi zero, zero, 0


mem[X,0x800AAD94] -> 0x0013
mem[X,0x800AAD96] -> 0x0000
[161] [M]: 0x800AAD94 (0x00000013) addi zero, zero, 0


mem[X,0x800AAD98] -> 0x0013
mem[X,0x800AAD9A] -> 0x0000
[162] [M]: 0x800AAD98 (0x00000013) addi zero, zero, 0


mem[X,0x800AAD9C] -> 0x0013
mem[X,0x800AAD9E] -> 0x0000
[163] [M]: 0x800AAD9C (0x00000013) addi zero, zero, 0


mem[X,0x800AADA0] -> 0x8067
mem[X,0x800AADA2] -> 0x0006
[164] [M]: 0x800AADA0 (0x00068067) jalr zero, a3, 0


mem[X,0x8012ADE4] -> 0x0EEF
mem[X,0x8012ADE6] -> 0x8008
[165] [M]: 0x8012ADE4 (0x80080EEF) jal t4, 1572864
x29 <- 0x8012ADE8


mem[X,0x800AADE4] -> 0xCE93
mem[X,0x800AADE6] -> 0x001E
[166] [M]: 0x800AADE4 (0x001ECE93) xori t4, t4, 1
x29 <- 0x8012ADE9


mem[X,0x800AADE8] -> 0x0EE3
mem[X,0x800AADEA] -> 0xFA00
[167] [M]: 0x800AADE8 (0xFA000EE3) beq zero, zero, 8124


mem[X,0x800AADA4] -> 0x0013
mem[X,0x800AADA6] -> 0x0000
[168] [M]: 0x800AADA4 (0x00000013) addi zero, zero, 0


mem[X,0x800AADA8] -> 0x0013
mem[X,0x800AADAA] -> 0x0000
[169] [M]: 0x800AADA8 (0x00000013) addi zero, zero, 0


mem[X,0x800AADAC] -> 0x0013
mem[X,0x800AADAE] -> 0x0000
[170] [M]: 0x800AADAC (0x00000013) addi zero, zero, 0


mem[X,0x800AADB0] -> 0x0013
mem[X,0x800AADB2] -> 0x0000
[171] [M]: 0x800AADB0 (0x00000013) addi zero, zero, 0


mem[X,0x800AADB4] -> 0x0013
mem[X,0x800AADB6] -> 0x0000
[172] [M]: 0x800AADB4 (0x00000013) addi zero, zero, 0


mem[X,0x800AADB8] -> 0x0013
mem[X,0x800AADBA] -> 0x0000
[173] [M]: 0x800AADB8 (0x00000013) addi zero, zero, 0


mem[X,0x800AADBC] -> 0x0013
mem[X,0x800AADBE] -> 0x0000
[174] [M]: 0x800AADBC (0x00000013) addi zero, zero, 0


mem[X,0x800AADC0] -> 0x0697
mem[X,0x800AADC2] -> 0x0008
[175] [M]: 0x800AADC0 (0x00080697) auipc a3, 128
x13 <- 0x8012ADC0


mem[X,0x800AADC4] -> 0x8693
mem[X,0x800AADC6] -> 0x0646
[176] [M]: 0x800AADC4 (0x06468693) addi a3, a3, 100
x13 <- 0x8012AE24


mem[X,0x800AADC8] -> 0x0013
mem[X,0x800AADCA] -> 0x0000
[177] [M]: 0x800AADC8 (0x00000013) addi zero, zero, 0


mem[X,0x800AADCC] -> 0x0013
mem[X,0x800AADCE] -> 0x0000
[178] [M]: 0x800AADCC (0x00000013) addi zero, zero, 0


mem[X,0x800AADD0] -> 0x0013
mem[X,0x800AADD2] -> 0x0000
[179] [M]: 0x800AADD0 (0x00000013) addi zero, zero, 0


mem[X,0x800AADD4] -> 0x0013
mem[X,0x800AADD6] -> 0x0000
[180] [M]: 0x800AADD4 (0x00000013) addi zero, zero, 0


mem[X,0x800AADD8] -> 0x0013
mem[X,0x800AADDA] -> 0x0000
[181] [M]: 0x800AADD8 (0x00000013) addi zero, zero, 0


mem[X,0x800AADDC] -> 0x0013
mem[X,0x800AADDE] -> 0x0000
[182] [M]: 0x800AADDC (0x00000013) addi zero, zero, 0


mem[X,0x800AADE0] -> 0x8067
mem[X,0x800AADE2] -> 0x0006
[183] [M]: 0x800AADE0 (0x00068067) jalr zero, a3, 0


mem[X,0x8012AE24] -> 0x0013
mem[X,0x8012AE26] -> 0x0000
[184] [M]: 0x8012AE24 (0x00000013) addi zero, zero, 0


mem[X,0x8012AE28] -> 0x0013
mem[X,0x8012AE2A] -> 0x0000
[185] [M]: 0x8012AE28 (0x00000013) addi zero, zero, 0


mem[X,0x8012AE2C] -> 0x0013
mem[X,0x8012AE2E] -> 0x0000
[186] [M]: 0x8012AE2C (0x00000013) addi zero, zero, 0


mem[X,0x8012AE30] -> 0x0013
mem[X,0x8012AE32] -> 0x0000
[187] [M]: 0x8012AE30 (0x00000013) addi zero, zero, 0


mem[X,0x8012AE34] -> 0x0013
mem[X,0x8012AE36] -> 0x0000
[188] [M]: 0x8012AE34 (0x00000013) addi zero, zero, 0


mem[X,0x8012AE38] -> 0x0013
mem[X,0x8012AE3A] -> 0x0000
[189] [M]: 0x8012AE38 (0x00000013) addi zero, zero, 0


mem[X,0x8012AE3C] -> 0x0013
mem[X,0x8012AE3E] -> 0x0000
[190] [M]: 0x8012AE3C (0x00000013) addi zero, zero, 0


mem[X,0x8012AE40] -> 0x0697
mem[X,0x8012AE42] -> 0xFFF8
[191] [M]: 0x8012AE40 (0xFFF80697) auipc a3, 1048448
x13 <- 0x800AAE40


mem[X,0x8012AE44] -> 0x8693
mem[X,0x8012AE46] -> 0xF2C6
[192] [M]: 0x8012AE44 (0xF2C68693) addi a3, a3, 3884
x13 <- 0x800AAD6C


mem[X,0x8012AE48] -> 0x0013
mem[X,0x8012AE4A] -> 0x0000
[193] [M]: 0x8012AE48 (0x00000013) addi zero, zero, 0


mem[X,0x8012AE4C] -> 0x0013
mem[X,0x8012AE4E] -> 0x0000
[194] [M]: 0x8012AE4C (0x00000013) addi zero, zero, 0


mem[X,0x8012AE50] -> 0x0013
mem[X,0x8012AE52] -> 0x0000
[195] [M]: 0x8012AE50 (0x00000013) addi zero, zero, 0


mem[X,0x8012AE54] -> 0x0013
mem[X,0x8012AE56] -> 0x0000
[196] [M]: 0x8012AE54 (0x00000013) addi zero, zero, 0


mem[X,0x8012AE58] -> 0x0013
mem[X,0x8012AE5A] -> 0x0000
[197] [M]: 0x8012AE58 (0x00000013) addi zero, zero, 0


mem[X,0x8012AE5C] -> 0x0013
mem[X,0x8012AE5E] -> 0x0000
[198] [M]: 0x8012AE5C (0x00000013) addi zero, zero, 0


mem[X,0x8012AE60] -> 0xF693
mem[X,0x8012AE62] -> 0xFFC6
[199] [M]: 0x8012AE60 (0xFFC6F693) andi a3, a3, 4092
x13 <- 0x800AAD6C


clint::tick mtime <- 0x0000000000000002
 clint timer pending at mtime 0x0000000000000002
htif::tick 0x0000000000000000
mem[X,0x8012AE64] -> 0x8EB3
mem[X,0x8012AE66] -> 0x40DE
[200] [M]: 0x8012AE64 (0x40DE8EB3) sub t4, t4, a3
x29 <- 0x0008007D


mem[X,0x8012AE68] -> 0x2423
mem[X,0x8012AE6A] -> 0x01D1
[201] [M]: 0x8012AE68 (0x01D12423) sw t4, 8(sp)
mem[0x801AF11C] <- 0x0008007D


mem[X,0x8012AE6C] -> 0x0013
mem[X,0x8012AE6E] -> 0x0000
[202] [M]: 0x8012AE6C (0x00000013) addi zero, zero, 0


mem[X,0x8012AE70] -> 0x0013
mem[X,0x8012AE72] -> 0x0000
[203] [M]: 0x8012AE70 (0x00000013) addi zero, zero, 0


mem[X,0x8012AE74] -> 0x0013
mem[X,0x8012AE76] -> 0x0000
[204] [M]: 0x8012AE74 (0x00000013) addi zero, zero, 0


mem[X,0x8012AE78] -> 0x0013
mem[X,0x8012AE7A] -> 0x0000
[205] [M]: 0x8012AE78 (0x00000013) addi zero, zero, 0


mem[X,0x8012AE7C] -> 0x0013
mem[X,0x8012AE7E] -> 0x0000
[206] [M]: 0x8012AE7C (0x00000013) addi zero, zero, 0


mem[X,0x8012AE80] -> 0x0697
mem[X,0x8012AE82] -> 0x0000
[207] [M]: 0x8012AE80 (0x00000697) auipc a3, 0
x13 <- 0x8012AE80


mem[X,0x8012AE84] -> 0x8693
mem[X,0x8012AE86] -> 0x06C6
[208] [M]: 0x8012AE84 (0x06C68693) addi a3, a3, 108
x13 <- 0x8012AEEC


mem[X,0x8012AE88] -> 0x0013
mem[X,0x8012AE8A] -> 0x0000
[209] [M]: 0x8012AE88 (0x00000013) addi zero, zero, 0


mem[X,0x8012AE8C] -> 0x0013
mem[X,0x8012AE8E] -> 0x0000
[210] [M]: 0x8012AE8C (0x00000013) addi zero, zero, 0


mem[X,0x8012AE90] -> 0x0013
mem[X,0x8012AE92] -> 0x0000
[211] [M]: 0x8012AE90 (0x00000013) addi zero, zero, 0


mem[X,0x8012AE94] -> 0x0013
mem[X,0x8012AE96] -> 0x0000
[212] [M]: 0x8012AE94 (0x00000013) addi zero, zero, 0


mem[X,0x8012AE98] -> 0x0013
mem[X,0x8012AE9A] -> 0x0000
[213] [M]: 0x8012AE98 (0x00000013) addi zero, zero, 0


mem[X,0x8012AE9C] -> 0x0013
mem[X,0x8012AE9E] -> 0x0000
[214] [M]: 0x8012AE9C (0x00000013) addi zero, zero, 0


mem[X,0x8012AEA0] -> 0x8067
mem[X,0x8012AEA2] -> 0x0006
[215] [M]: 0x8012AEA0 (0x00068067) jalr zero, a3, 0


mem[X,0x8012AEEC] -> 0x0DEF
mem[X,0x8012AEEE] -> 0x0008
[216] [M]: 0x8012AEEC (0x00080DEF) jal s11, 524288
x27 <- 0x8012AEF0


mem[X,0x801AAEEC] -> 0xCD93
mem[X,0x801AAEEE] -> 0x003D
[217] [M]: 0x801AAEEC (0x003DCD93) xori s11, s11, 3
x27 <- 0x8012AEF3


mem[X,0x801AAEF0] -> 0x0013
mem[X,0x801AAEF2] -> 0x0000
[218] [M]: 0x801AAEF0 (0x00000013) addi zero, zero, 0


mem[X,0x801AAEF4] -> 0x0013
mem[X,0x801AAEF6] -> 0x0000
[219] [M]: 0x801AAEF4 (0x00000013) addi zero, zero, 0


mem[X,0x801AAEF8] -> 0x0013
mem[X,0x801AAEFA] -> 0x0000
[220] [M]: 0x801AAEF8 (0x00000013) addi zero, zero, 0


mem[X,0x801AAEFC] -> 0x0013
mem[X,0x801AAEFE] -> 0x0000
[221] [M]: 0x801AAEFC (0x00000013) addi zero, zero, 0


mem[X,0x801AAF00] -> 0x0697
mem[X,0x801AAF02] -> 0x0000
[222] [M]: 0x801AAF00 (0x00000697) auipc a3, 0
x13 <- 0x801AAF00


mem[X,0x801AAF04] -> 0x8693
mem[X,0x801AAF06] -> 0x0246
[223] [M]: 0x801AAF04 (0x02468693) addi a3, a3, 36
x13 <- 0x801AAF24


mem[X,0x801AAF08] -> 0x0013
mem[X,0x801AAF0A] -> 0x0000
[224] [M]: 0x801AAF08 (0x00000013) addi zero, zero, 0


mem[X,0x801AAF0C] -> 0x0013
mem[X,0x801AAF0E] -> 0x0000
[225] [M]: 0x801AAF0C (0x00000013) addi zero, zero, 0


mem[X,0x801AAF10] -> 0x0013
mem[X,0x801AAF12] -> 0x0000
[226] [M]: 0x801AAF10 (0x00000013) addi zero, zero, 0


mem[X,0x801AAF14] -> 0x0013
mem[X,0x801AAF16] -> 0x0000
[227] [M]: 0x801AAF14 (0x00000013) addi zero, zero, 0


mem[X,0x801AAF18] -> 0x0013
mem[X,0x801AAF1A] -> 0x0000
[228] [M]: 0x801AAF18 (0x00000013) addi zero, zero, 0


mem[X,0x801AAF1C] -> 0x0013
mem[X,0x801AAF1E] -> 0x0000
[229] [M]: 0x801AAF1C (0x00000013) addi zero, zero, 0


mem[X,0x801AAF20] -> 0x8067
mem[X,0x801AAF22] -> 0x0006
[230] [M]: 0x801AAF20 (0x00068067) jalr zero, a3, 0


mem[X,0x801AAF24] -> 0x0013
mem[X,0x801AAF26] -> 0x0000
[231] [M]: 0x801AAF24 (0x00000013) addi zero, zero, 0


mem[X,0x801AAF28] -> 0x0013
mem[X,0x801AAF2A] -> 0x0000
[232] [M]: 0x801AAF28 (0x00000013) addi zero, zero, 0


mem[X,0x801AAF2C] -> 0x0013
mem[X,0x801AAF2E] -> 0x0000
[233] [M]: 0x801AAF2C (0x00000013) addi zero, zero, 0


mem[X,0x801AAF30] -> 0x0013
mem[X,0x801AAF32] -> 0x0000
[234] [M]: 0x801AAF30 (0x00000013) addi zero, zero, 0


mem[X,0x801AAF34] -> 0x0013
mem[X,0x801AAF36] -> 0x0000
[235] [M]: 0x801AAF34 (0x00000013) addi zero, zero, 0


mem[X,0x801AAF38] -> 0x0013
mem[X,0x801AAF3A] -> 0x0000
[236] [M]: 0x801AAF38 (0x00000013) addi zero, zero, 0


mem[X,0x801AAF3C] -> 0x0013
mem[X,0x801AAF3E] -> 0x0000
[237] [M]: 0x801AAF3C (0x00000013) addi zero, zero, 0


mem[X,0x801AAF40] -> 0x0697
mem[X,0x801AAF42] -> 0xFFF8
[238] [M]: 0x801AAF40 (0xFFF80697) auipc a3, 1048448
x13 <- 0x8012AF40


mem[X,0x801AAF44] -> 0x8693
mem[X,0x801AAF46] -> 0xF2C6
[239] [M]: 0x801AAF44 (0xF2C68693) addi a3, a3, 3884
x13 <- 0x8012AE6C


mem[X,0x801AAF48] -> 0x0013
mem[X,0x801AAF4A] -> 0x0000
[240] [M]: 0x801AAF48 (0x00000013) addi zero, zero, 0


mem[X,0x801AAF4C] -> 0x0013
mem[X,0x801AAF4E] -> 0x0000
[241] [M]: 0x801AAF4C (0x00000013) addi zero, zero, 0


mem[X,0x801AAF50] -> 0x0013
mem[X,0x801AAF52] -> 0x0000
[242] [M]: 0x801AAF50 (0x00000013) addi zero, zero, 0


mem[X,0x801AAF54] -> 0x0013
mem[X,0x801AAF56] -> 0x0000
[243] [M]: 0x801AAF54 (0x00000013) addi zero, zero, 0


mem[X,0x801AAF58] -> 0x0013
mem[X,0x801AAF5A] -> 0x0000
[244] [M]: 0x801AAF58 (0x00000013) addi zero, zero, 0


mem[X,0x801AAF5C] -> 0x0013
mem[X,0x801AAF5E] -> 0x0000
[245] [M]: 0x801AAF5C (0x00000013) addi zero, zero, 0


mem[X,0x801AAF60] -> 0xF693
mem[X,0x801AAF62] -> 0xFFC6
[246] [M]: 0x801AAF60 (0xFFC6F693) andi a3, a3, 4092
x13 <- 0x8012AE6C


mem[X,0x801AAF64] -> 0x8DB3
mem[X,0x801AAF66] -> 0x40DD
[247] [M]: 0x801AAF64 (0x40DD8DB3) sub s11, s11, a3
x27 <- 0x00000087


mem[X,0x801AAF68] -> 0x2623
mem[X,0x801AAF6A] -> 0x01B1
[248] [M]: 0x801AAF68 (0x01B12623) sw s11, 12(sp)
mem[0x801AF120] <- 0x00000087


mem[X,0x801AAF6C] -> 0x0013
mem[X,0x801AAF6E] -> 0x0000
[249] [M]: 0x801AAF6C (0x00000013) addi zero, zero, 0


mem[X,0x801AAF70] -> 0x0013
mem[X,0x801AAF72] -> 0x0000
[250] [M]: 0x801AAF70 (0x00000013) addi zero, zero, 0


mem[X,0x801AAF74] -> 0x0013
mem[X,0x801AAF76] -> 0x0000
[251] [M]: 0x801AAF74 (0x00000013) addi zero, zero, 0


mem[X,0x801AAF78] -> 0x0013
mem[X,0x801AAF7A] -> 0x0000
[252] [M]: 0x801AAF78 (0x00000013) addi zero, zero, 0


mem[X,0x801AAF7C] -> 0x0013
mem[X,0x801AAF7E] -> 0x0000
[253] [M]: 0x801AAF7C (0x00000013) addi zero, zero, 0


mem[X,0x801AAF80] -> 0x0697
mem[X,0x801AAF82] -> 0x0000
[254] [M]: 0x801AAF80 (0x00000697) auipc a3, 0
x13 <- 0x801AAF80


mem[X,0x801AAF84] -> 0x8693
mem[X,0x801AAF86] -> 0x06C6
[255] [M]: 0x801AAF84 (0x06C68693) addi a3, a3, 108
x13 <- 0x801AAFEC


mem[X,0x801AAF88] -> 0x0013
mem[X,0x801AAF8A] -> 0x0000
[256] [M]: 0x801AAF88 (0x00000013) addi zero, zero, 0


mem[X,0x801AAF8C] -> 0x0013
mem[X,0x801AAF8E] -> 0x0000
[257] [M]: 0x801AAF8C (0x00000013) addi zero, zero, 0


mem[X,0x801AAF90] -> 0x0013
mem[X,0x801AAF92] -> 0x0000
[258] [M]: 0x801AAF90 (0x00000013) addi zero, zero, 0


mem[X,0x801AAF94] -> 0x0013
mem[X,0x801AAF96] -> 0x0000
[259] [M]: 0x801AAF94 (0x00000013) addi zero, zero, 0


mem[X,0x801AAF98] -> 0x0013
mem[X,0x801AAF9A] -> 0x0000
[260] [M]: 0x801AAF98 (0x00000013) addi zero, zero, 0


mem[X,0x801AAF9C] -> 0x0013
mem[X,0x801AAF9E] -> 0x0000
[261] [M]: 0x801AAF9C (0x00000013) addi zero, zero, 0


mem[X,0x801AAFA0] -> 0x8067
mem[X,0x801AAFA2] -> 0x0006
[262] [M]: 0x801AAFA0 (0x00068067) jalr zero, a3, 0


mem[X,0x801AAFEC] -> 0x006F
mem[X,0x801AAFEE] -> 0x00C0
[263] [M]: 0x801AAFEC (0x00C0006F) jal zero, 12


mem[X,0x801AAFF8] -> 0x4013
mem[X,0x801AAFFA] -> 0x0030
[264] [M]: 0x801AAFF8 (0x00304013) xori zero, zero, 3


mem[X,0x801AAFFC] -> 0x0013
mem[X,0x801AAFFE] -> 0x0000
[265] [M]: 0x801AAFFC (0x00000013) addi zero, zero, 0


mem[X,0x801AB000] -> 0x0697
mem[X,0x801AB002] -> 0x0000
[266] [M]: 0x801AB000 (0x00000697) auipc a3, 0
x13 <- 0x801AB000


mem[X,0x801AB004] -> 0x8693
mem[X,0x801AB006] -> 0x0246
[267] [M]: 0x801AB004 (0x02468693) addi a3, a3, 36
x13 <- 0x801AB024


mem[X,0x801AB008] -> 0x0013
mem[X,0x801AB00A] -> 0x0000
[268] [M]: 0x801AB008 (0x00000013) addi zero, zero, 0


mem[X,0x801AB00C] -> 0x0013
mem[X,0x801AB00E] -> 0x0000
[269] [M]: 0x801AB00C (0x00000013) addi zero, zero, 0


mem[X,0x801AB010] -> 0x0013
mem[X,0x801AB012] -> 0x0000
[270] [M]: 0x801AB010 (0x00000013) addi zero, zero, 0


mem[X,0x801AB014] -> 0x0013
mem[X,0x801AB016] -> 0x0000
[271] [M]: 0x801AB014 (0x00000013) addi zero, zero, 0


mem[X,0x801AB018] -> 0x0013
mem[X,0x801AB01A] -> 0x0000
[272] [M]: 0x801AB018 (0x00000013) addi zero, zero, 0


mem[X,0x801AB01C] -> 0x0013
mem[X,0x801AB01E] -> 0x0000
[273] [M]: 0x801AB01C (0x00000013) addi zero, zero, 0


mem[X,0x801AB020] -> 0x8067
mem[X,0x801AB022] -> 0x0006
[274] [M]: 0x801AB020 (0x00068067) jalr zero, a3, 0


mem[X,0x801AB024] -> 0x0013
mem[X,0x801AB026] -> 0x0000
[275] [M]: 0x801AB024 (0x00000013) addi zero, zero, 0


mem[X,0x801AB028] -> 0x0013
mem[X,0x801AB02A] -> 0x0000
[276] [M]: 0x801AB028 (0x00000013) addi zero, zero, 0


mem[X,0x801AB02C] -> 0x0013
mem[X,0x801AB02E] -> 0x0000
[277] [M]: 0x801AB02C (0x00000013) addi zero, zero, 0


mem[X,0x801AB030] -> 0x0013
mem[X,0x801AB032] -> 0x0000
[278] [M]: 0x801AB030 (0x00000013) addi zero, zero, 0


mem[X,0x801AB034] -> 0x0013
mem[X,0x801AB036] -> 0x0000
[279] [M]: 0x801AB034 (0x00000013) addi zero, zero, 0


mem[X,0x801AB038] -> 0x0013
mem[X,0x801AB03A] -> 0x0000
[280] [M]: 0x801AB038 (0x00000013) addi zero, zero, 0


mem[X,0x801AB03C] -> 0x0013
mem[X,0x801AB03E] -> 0x0000
[281] [M]: 0x801AB03C (0x00000013) addi zero, zero, 0


mem[X,0x801AB040] -> 0x0697
mem[X,0x801AB042] -> 0x0000
[282] [M]: 0x801AB040 (0x00000697) auipc a3, 0
x13 <- 0x801AB040


mem[X,0x801AB044] -> 0x8693
mem[X,0x801AB046] -> 0xF2C6
[283] [M]: 0x801AB044 (0xF2C68693) addi a3, a3, 3884
x13 <- 0x801AAF6C


mem[X,0x801AB048] -> 0x0013
mem[X,0x801AB04A] -> 0x0000
[284] [M]: 0x801AB048 (0x00000013) addi zero, zero, 0


mem[X,0x801AB04C] -> 0x0013
mem[X,0x801AB04E] -> 0x0000
[285] [M]: 0x801AB04C (0x00000013) addi zero, zero, 0


mem[X,0x801AB050] -> 0x0013
mem[X,0x801AB052] -> 0x0000
[286] [M]: 0x801AB050 (0x00000013) addi zero, zero, 0


mem[X,0x801AB054] -> 0x0013
mem[X,0x801AB056] -> 0x0000
[287] [M]: 0x801AB054 (0x00000013) addi zero, zero, 0


mem[X,0x801AB058] -> 0x0013
mem[X,0x801AB05A] -> 0x0000
[288] [M]: 0x801AB058 (0x00000013) addi zero, zero, 0


mem[X,0x801AB05C] -> 0x0013
mem[X,0x801AB05E] -> 0x0000
[289] [M]: 0x801AB05C (0x00000013) addi zero, zero, 0


mem[X,0x801AB060] -> 0xF693
mem[X,0x801AB062] -> 0xFFC6
[290] [M]: 0x801AB060 (0xFFC6F693) andi a3, a3, 4092
x13 <- 0x801AAF6C


mem[X,0x801AB064] -> 0x0033
mem[X,0x801AB066] -> 0x40D0
[291] [M]: 0x801AB064 (0x40D00033) sub zero, zero, a3


mem[X,0x801AB068] -> 0x2823
mem[X,0x801AB06A] -> 0x0001
[292] [M]: 0x801AB068 (0x00012823) sw zero, 16(sp)
mem[0x801AF124] <- 0x00000000


mem[X,0x801AB06C] -> 0x0013
mem[X,0x801AB06E] -> 0x0000
[293] [M]: 0x801AB06C (0x00000013) addi zero, zero, 0


mem[X,0x801AB070] -> 0x0013
mem[X,0x801AB072] -> 0x0000
[294] [M]: 0x801AB070 (0x00000013) addi zero, zero, 0


mem[X,0x801AB074] -> 0x0013
mem[X,0x801AB076] -> 0x0000
[295] [M]: 0x801AB074 (0x00000013) addi zero, zero, 0


mem[X,0x801AB078] -> 0x0013
mem[X,0x801AB07A] -> 0x0000
[296] [M]: 0x801AB078 (0x00000013) addi zero, zero, 0


mem[X,0x801AB07C] -> 0x0013
mem[X,0x801AB07E] -> 0x0000
[297] [M]: 0x801AB07C (0x00000013) addi zero, zero, 0


mem[X,0x801AB080] -> 0x0697
mem[X,0x801AB082] -> 0x0000
[298] [M]: 0x801AB080 (0x00000697) auipc a3, 0
x13 <- 0x801AB080


mem[X,0x801AB084] -> 0x8693
mem[X,0x801AB086] -> 0x06C6
[299] [M]: 0x801AB084 (0x06C68693) addi a3, a3, 108
x13 <- 0x801AB0EC


clint::tick mtime <- 0x0000000000000003
 clint timer pending at mtime 0x0000000000000003
htif::tick 0x0000000000000000
mem[X,0x801AB088] -> 0x0013
mem[X,0x801AB08A] -> 0x0000
[300] [M]: 0x801AB088 (0x00000013) addi zero, zero, 0


mem[X,0x801AB08C] -> 0x0013
mem[X,0x801AB08E] -> 0x0000
[301] [M]: 0x801AB08C (0x00000013) addi zero, zero, 0


mem[X,0x801AB090] -> 0x0013
mem[X,0x801AB092] -> 0x0000
[302] [M]: 0x801AB090 (0x00000013) addi zero, zero, 0


mem[X,0x801AB094] -> 0x0013
mem[X,0x801AB096] -> 0x0000
[303] [M]: 0x801AB094 (0x00000013) addi zero, zero, 0


mem[X,0x801AB098] -> 0x0013
mem[X,0x801AB09A] -> 0x0000
[304] [M]: 0x801AB098 (0x00000013) addi zero, zero, 0


mem[X,0x801AB09C] -> 0x0013
mem[X,0x801AB09E] -> 0x0000
[305] [M]: 0x801AB09C (0x00000013) addi zero, zero, 0


mem[X,0x801AB0A0] -> 0x8067
mem[X,0x801AB0A2] -> 0x0006
[306] [M]: 0x801AB0A0 (0x00068067) jalr zero, a3, 0


mem[X,0x801AB0EC] -> 0x026F
mem[X,0x801AB0EE] -> 0x00C0
[307] [M]: 0x801AB0EC (0x00C0026F) jal tp, 12
x4 <- 0x801AB0F0


mem[X,0x801AB0F8] -> 0x4213
mem[X,0x801AB0FA] -> 0x0032
[308] [M]: 0x801AB0F8 (0x00324213) xori tp, tp, 3
x4 <- 0x801AB0F3


mem[X,0x801AB0FC] -> 0x0013
mem[X,0x801AB0FE] -> 0x0000
[309] [M]: 0x801AB0FC (0x00000013) addi zero, zero, 0


mem[X,0x801AB100] -> 0x0697
mem[X,0x801AB102] -> 0x0000
[310] [M]: 0x801AB100 (0x00000697) auipc a3, 0
x13 <- 0x801AB100


mem[X,0x801AB104] -> 0x8693
mem[X,0x801AB106] -> 0x0246
[311] [M]: 0x801AB104 (0x02468693) addi a3, a3, 36
x13 <- 0x801AB124


mem[X,0x801AB108] -> 0x0013
mem[X,0x801AB10A] -> 0x0000
[312] [M]: 0x801AB108 (0x00000013) addi zero, zero, 0


mem[X,0x801AB10C] -> 0x0013
mem[X,0x801AB10E] -> 0x0000
[313] [M]: 0x801AB10C (0x00000013) addi zero, zero, 0


mem[X,0x801AB110] -> 0x0013
mem[X,0x801AB112] -> 0x0000
[314] [M]: 0x801AB110 (0x00000013) addi zero, zero, 0


mem[X,0x801AB114] -> 0x0013
mem[X,0x801AB116] -> 0x0000
[315] [M]: 0x801AB114 (0x00000013) addi zero, zero, 0


mem[X,0x801AB118] -> 0x0013
mem[X,0x801AB11A] -> 0x0000
[316] [M]: 0x801AB118 (0x00000013) addi zero, zero, 0


mem[X,0x801AB11C] -> 0x0013
mem[X,0x801AB11E] -> 0x0000
[317] [M]: 0x801AB11C (0x00000013) addi zero, zero, 0


mem[X,0x801AB120] -> 0x8067
mem[X,0x801AB122] -> 0x0006
[318] [M]: 0x801AB120 (0x00068067) jalr zero, a3, 0


mem[X,0x801AB124] -> 0x0013
mem[X,0x801AB126] -> 0x0000
[319] [M]: 0x801AB124 (0x00000013) addi zero, zero, 0


mem[X,0x801AB128] -> 0x0013
mem[X,0x801AB12A] -> 0x0000
[320] [M]: 0x801AB128 (0x00000013) addi zero, zero, 0


mem[X,0x801AB12C] -> 0x0013
mem[X,0x801AB12E] -> 0x0000
[321] [M]: 0x801AB12C (0x00000013) addi zero, zero, 0


mem[X,0x801AB130] -> 0x0013
mem[X,0x801AB132] -> 0x0000
[322] [M]: 0x801AB130 (0x00000013) addi zero, zero, 0


mem[X,0x801AB134] -> 0x0013
mem[X,0x801AB136] -> 0x0000
[323] [M]: 0x801AB134 (0x00000013) addi zero, zero, 0


mem[X,0x801AB138] -> 0x0013
mem[X,0x801AB13A] -> 0x0000
[324] [M]: 0x801AB138 (0x00000013) addi zero, zero, 0


mem[X,0x801AB13C] -> 0x0013
mem[X,0x801AB13E] -> 0x0000
[325] [M]: 0x801AB13C (0x00000013) addi zero, zero, 0


mem[X,0x801AB140] -> 0x0697
mem[X,0x801AB142] -> 0x0000
[326] [M]: 0x801AB140 (0x00000697) auipc a3, 0
x13 <- 0x801AB140


mem[X,0x801AB144] -> 0x8693
mem[X,0x801AB146] -> 0xF2C6
[327] [M]: 0x801AB144 (0xF2C68693) addi a3, a3, 3884
x13 <- 0x801AB06C


mem[X,0x801AB148] -> 0x0013
mem[X,0x801AB14A] -> 0x0000
[328] [M]: 0x801AB148 (0x00000013) addi zero, zero, 0


mem[X,0x801AB14C] -> 0x0013
mem[X,0x801AB14E] -> 0x0000
[329] [M]: 0x801AB14C (0x00000013) addi zero, zero, 0


mem[X,0x801AB150] -> 0x0013
mem[X,0x801AB152] -> 0x0000
[330] [M]: 0x801AB150 (0x00000013) addi zero, zero, 0


mem[X,0x801AB154] -> 0x0013
mem[X,0x801AB156] -> 0x0000
[331] [M]: 0x801AB154 (0x00000013) addi zero, zero, 0


mem[X,0x801AB158] -> 0x0013
mem[X,0x801AB15A] -> 0x0000
[332] [M]: 0x801AB158 (0x00000013) addi zero, zero, 0


mem[X,0x801AB15C] -> 0x0013
mem[X,0x801AB15E] -> 0x0000
[333] [M]: 0x801AB15C (0x00000013) addi zero, zero, 0


mem[X,0x801AB160] -> 0xF693
mem[X,0x801AB162] -> 0xFFC6
[334] [M]: 0x801AB160 (0xFFC6F693) andi a3, a3, 4092
x13 <- 0x801AB06C


mem[X,0x801AB164] -> 0x0233
mem[X,0x801AB166] -> 0x40D2
[335] [M]: 0x801AB164 (0x40D20233) sub tp, tp, a3
x4 <- 0x00000087


mem[X,0x801AB168] -> 0x2A23
mem[X,0x801AB16A] -> 0x0041
[336] [M]: 0x801AB168 (0x00412A23) sw tp, 20(sp)
mem[0x801AF128] <- 0x00000087


mem[X,0x801AB16C] -> 0x0013
mem[X,0x801AB16E] -> 0x0000
[337] [M]: 0x801AB16C (0x00000013) addi zero, zero, 0


mem[X,0x801AB170] -> 0x0013
mem[X,0x801AB172] -> 0x0000
[338] [M]: 0x801AB170 (0x00000013) addi zero, zero, 0


mem[X,0x801AB174] -> 0x0013
mem[X,0x801AB176] -> 0x0000
[339] [M]: 0x801AB174 (0x00000013) addi zero, zero, 0


mem[X,0x801AB178] -> 0x0013
mem[X,0x801AB17A] -> 0x0000
[340] [M]: 0x801AB178 (0x00000013) addi zero, zero, 0


mem[X,0x801AB17C] -> 0x0013
mem[X,0x801AB17E] -> 0x0000
[341] [M]: 0x801AB17C (0x00000013) addi zero, zero, 0


mem[X,0x801AB180] -> 0x0697
mem[X,0x801AB182] -> 0x0000
[342] [M]: 0x801AB180 (0x00000697) auipc a3, 0
x13 <- 0x801AB180


mem[X,0x801AB184] -> 0x8693
mem[X,0x801AB186] -> 0x06C6
[343] [M]: 0x801AB184 (0x06C68693) addi a3, a3, 108
x13 <- 0x801AB1EC


mem[X,0x801AB188] -> 0x0013
mem[X,0x801AB18A] -> 0x0000
[344] [M]: 0x801AB188 (0x00000013) addi zero, zero, 0


mem[X,0x801AB18C] -> 0x0013
mem[X,0x801AB18E] -> 0x0000
[345] [M]: 0x801AB18C (0x00000013) addi zero, zero, 0


mem[X,0x801AB190] -> 0x0013
mem[X,0x801AB192] -> 0x0000
[346] [M]: 0x801AB190 (0x00000013) addi zero, zero, 0


mem[X,0x801AB194] -> 0x0013
mem[X,0x801AB196] -> 0x0000
[347] [M]: 0x801AB194 (0x00000013) addi zero, zero, 0


mem[X,0x801AB198] -> 0x0013
mem[X,0x801AB19A] -> 0x0000
[348] [M]: 0x801AB198 (0x00000013) addi zero, zero, 0


mem[X,0x801AB19C] -> 0x0013
mem[X,0x801AB19E] -> 0x0000
[349] [M]: 0x801AB19C (0x00000013) addi zero, zero, 0


mem[X,0x801AB1A0] -> 0x8067
mem[X,0x801AB1A2] -> 0x0006
[350] [M]: 0x801AB1A0 (0x00068067) jalr zero, a3, 0


mem[X,0x801AB1EC] -> 0x0B6F
mem[X,0x801AB1EE] -> 0x00C0
[351] [M]: 0x801AB1EC (0x00C00B6F) jal s6, 12
x22 <- 0x801AB1F0


mem[X,0x801AB1F8] -> 0x4B13
mem[X,0x801AB1FA] -> 0x003B
[352] [M]: 0x801AB1F8 (0x003B4B13) xori s6, s6, 3
x22 <- 0x801AB1F3


mem[X,0x801AB1FC] -> 0x0013
mem[X,0x801AB1FE] -> 0x0000
[353] [M]: 0x801AB1FC (0x00000013) addi zero, zero, 0


mem[X,0x801AB200] -> 0x0697
mem[X,0x801AB202] -> 0x0000
[354] [M]: 0x801AB200 (0x00000697) auipc a3, 0
x13 <- 0x801AB200


mem[X,0x801AB204] -> 0x8693
mem[X,0x801AB206] -> 0x0246
[355] [M]: 0x801AB204 (0x02468693) addi a3, a3, 36
x13 <- 0x801AB224


mem[X,0x801AB208] -> 0x0013
mem[X,0x801AB20A] -> 0x0000
[356] [M]: 0x801AB208 (0x00000013) addi zero, zero, 0


mem[X,0x801AB20C] -> 0x0013
mem[X,0x801AB20E] -> 0x0000
[357] [M]: 0x801AB20C (0x00000013) addi zero, zero, 0


mem[X,0x801AB210] -> 0x0013
mem[X,0x801AB212] -> 0x0000
[358] [M]: 0x801AB210 (0x00000013) addi zero, zero, 0


mem[X,0x801AB214] -> 0x0013
mem[X,0x801AB216] -> 0x0000
[359] [M]: 0x801AB214 (0x00000013) addi zero, zero, 0


mem[X,0x801AB218] -> 0x0013
mem[X,0x801AB21A] -> 0x0000
[360] [M]: 0x801AB218 (0x00000013) addi zero, zero, 0


mem[X,0x801AB21C] -> 0x0013
mem[X,0x801AB21E] -> 0x0000
[361] [M]: 0x801AB21C (0x00000013) addi zero, zero, 0


mem[X,0x801AB220] -> 0x8067
mem[X,0x801AB222] -> 0x0006
[362] [M]: 0x801AB220 (0x00068067) jalr zero, a3, 0


mem[X,0x801AB224] -> 0x0013
mem[X,0x801AB226] -> 0x0000
[363] [M]: 0x801AB224 (0x00000013) addi zero, zero, 0


mem[X,0x801AB228] -> 0x0013
mem[X,0x801AB22A] -> 0x0000
[364] [M]: 0x801AB228 (0x00000013) addi zero, zero, 0


mem[X,0x801AB22C] -> 0x0013
mem[X,0x801AB22E] -> 0x0000
[365] [M]: 0x801AB22C (0x00000013) addi zero, zero, 0


mem[X,0x801AB230] -> 0x0013
mem[X,0x801AB232] -> 0x0000
[366] [M]: 0x801AB230 (0x00000013) addi zero, zero, 0


mem[X,0x801AB234] -> 0x0013
mem[X,0x801AB236] -> 0x0000
[367] [M]: 0x801AB234 (0x00000013) addi zero, zero, 0


mem[X,0x801AB238] -> 0x0013
mem[X,0x801AB23A] -> 0x0000
[368] [M]: 0x801AB238 (0x00000013) addi zero, zero, 0


mem[X,0x801AB23C] -> 0x0013
mem[X,0x801AB23E] -> 0x0000
[369] [M]: 0x801AB23C (0x00000013) addi zero, zero, 0


mem[X,0x801AB240] -> 0x0697
mem[X,0x801AB242] -> 0x0000
[370] [M]: 0x801AB240 (0x00000697) auipc a3, 0
x13 <- 0x801AB240


mem[X,0x801AB244] -> 0x8693
mem[X,0x801AB246] -> 0xF2C6
[371] [M]: 0x801AB244 (0xF2C68693) addi a3, a3, 3884
x13 <- 0x801AB16C


mem[X,0x801AB248] -> 0x0013
mem[X,0x801AB24A] -> 0x0000
[372] [M]: 0x801AB248 (0x00000013) addi zero, zero, 0


mem[X,0x801AB24C] -> 0x0013
mem[X,0x801AB24E] -> 0x0000
[373] [M]: 0x801AB24C (0x00000013) addi zero, zero, 0


mem[X,0x801AB250] -> 0x0013
mem[X,0x801AB252] -> 0x0000
[374] [M]: 0x801AB250 (0x00000013) addi zero, zero, 0


mem[X,0x801AB254] -> 0x0013
mem[X,0x801AB256] -> 0x0000
[375] [M]: 0x801AB254 (0x00000013) addi zero, zero, 0


mem[X,0x801AB258] -> 0x0013
mem[X,0x801AB25A] -> 0x0000
[376] [M]: 0x801AB258 (0x00000013) addi zero, zero, 0


mem[X,0x801AB25C] -> 0x0013
mem[X,0x801AB25E] -> 0x0000
[377] [M]: 0x801AB25C (0x00000013) addi zero, zero, 0


mem[X,0x801AB260] -> 0xF693
mem[X,0x801AB262] -> 0xFFC6
[378] [M]: 0x801AB260 (0xFFC6F693) andi a3, a3, 4092
x13 <- 0x801AB16C


mem[X,0x801AB264] -> 0x0B33
mem[X,0x801AB266] -> 0x40DB
[379] [M]: 0x801AB264 (0x40DB0B33) sub s6, s6, a3
x22 <- 0x00000087


mem[X,0x801AB268] -> 0x2C23
mem[X,0x801AB26A] -> 0x0161
[380] [M]: 0x801AB268 (0x01612C23) sw s6, 24(sp)
mem[0x801AF12C] <- 0x00000087


mem[X,0x801AB26C] -> 0x0013
mem[X,0x801AB26E] -> 0x0000
[381] [M]: 0x801AB26C (0x00000013) addi zero, zero, 0


mem[X,0x801AB270] -> 0x0013
mem[X,0x801AB272] -> 0x0000
[382] [M]: 0x801AB270 (0x00000013) addi zero, zero, 0


mem[X,0x801AB274] -> 0x0013
mem[X,0x801AB276] -> 0x0000
[383] [M]: 0x801AB274 (0x00000013) addi zero, zero, 0


mem[X,0x801AB278] -> 0x0013
mem[X,0x801AB27A] -> 0x0000
[384] [M]: 0x801AB278 (0x00000013) addi zero, zero, 0


mem[X,0x801AB27C] -> 0x0013
mem[X,0x801AB27E] -> 0x0000
[385] [M]: 0x801AB27C (0x00000013) addi zero, zero, 0


mem[X,0x801AB280] -> 0x0697
mem[X,0x801AB282] -> 0x0000
[386] [M]: 0x801AB280 (0x00000697) auipc a3, 0
x13 <- 0x801AB280


mem[X,0x801AB284] -> 0x8693
mem[X,0x801AB286] -> 0x06C6
[387] [M]: 0x801AB284 (0x06C68693) addi a3, a3, 108
x13 <- 0x801AB2EC


mem[X,0x801AB288] -> 0x0013
mem[X,0x801AB28A] -> 0x0000
[388] [M]: 0x801AB288 (0x00000013) addi zero, zero, 0


mem[X,0x801AB28C] -> 0x0013
mem[X,0x801AB28E] -> 0x0000
[389] [M]: 0x801AB28C (0x00000013) addi zero, zero, 0


mem[X,0x801AB290] -> 0x0013
mem[X,0x801AB292] -> 0x0000
[390] [M]: 0x801AB290 (0x00000013) addi zero, zero, 0


mem[X,0x801AB294] -> 0x0013
mem[X,0x801AB296] -> 0x0000
[391] [M]: 0x801AB294 (0x00000013) addi zero, zero, 0


mem[X,0x801AB298] -> 0x0013
mem[X,0x801AB29A] -> 0x0000
[392] [M]: 0x801AB298 (0x00000013) addi zero, zero, 0


mem[X,0x801AB29C] -> 0x0013
mem[X,0x801AB29E] -> 0x0000
[393] [M]: 0x801AB29C (0x00000013) addi zero, zero, 0


mem[X,0x801AB2A0] -> 0x8067
mem[X,0x801AB2A2] -> 0x0006
[394] [M]: 0x801AB2A0 (0x00068067) jalr zero, a3, 0


mem[X,0x801AB2EC] -> 0x086F
mem[X,0x801AB2EE] -> 0x00C0
[395] [M]: 0x801AB2EC (0x00C0086F) jal a6, 12
x16 <- 0x801AB2F0


mem[X,0x801AB2F8] -> 0x4813
mem[X,0x801AB2FA] -> 0x0038
[396] [M]: 0x801AB2F8 (0x00384813) xori a6, a6, 3
x16 <- 0x801AB2F3


mem[X,0x801AB2FC] -> 0x0013
mem[X,0x801AB2FE] -> 0x0000
[397] [M]: 0x801AB2FC (0x00000013) addi zero, zero, 0


mem[X,0x801AB300] -> 0x0697
mem[X,0x801AB302] -> 0x0000
[398] [M]: 0x801AB300 (0x00000697) auipc a3, 0
x13 <- 0x801AB300


mem[X,0x801AB304] -> 0x8693
mem[X,0x801AB306] -> 0x0246
[399] [M]: 0x801AB304 (0x02468693) addi a3, a3, 36
x13 <- 0x801AB324


clint::tick mtime <- 0x0000000000000004
 clint timer pending at mtime 0x0000000000000004
htif::tick 0x0000000000000000
mem[X,0x801AB308] -> 0x0013
mem[X,0x801AB30A] -> 0x0000
[400] [M]: 0x801AB308 (0x00000013) addi zero, zero, 0


mem[X,0x801AB30C] -> 0x0013
mem[X,0x801AB30E] -> 0x0000
[401] [M]: 0x801AB30C (0x00000013) addi zero, zero, 0


mem[X,0x801AB310] -> 0x0013
mem[X,0x801AB312] -> 0x0000
[402] [M]: 0x801AB310 (0x00000013) addi zero, zero, 0


mem[X,0x801AB314] -> 0x0013
mem[X,0x801AB316] -> 0x0000
[403] [M]: 0x801AB314 (0x00000013) addi zero, zero, 0


mem[X,0x801AB318] -> 0x0013
mem[X,0x801AB31A] -> 0x0000
[404] [M]: 0x801AB318 (0x00000013) addi zero, zero, 0


mem[X,0x801AB31C] -> 0x0013
mem[X,0x801AB31E] -> 0x0000
[405] [M]: 0x801AB31C (0x00000013) addi zero, zero, 0


mem[X,0x801AB320] -> 0x8067
mem[X,0x801AB322] -> 0x0006
[406] [M]: 0x801AB320 (0x00068067) jalr zero, a3, 0


mem[X,0x801AB324] -> 0x0013
mem[X,0x801AB326] -> 0x0000
[407] [M]: 0x801AB324 (0x00000013) addi zero, zero, 0


mem[X,0x801AB328] -> 0x0013
mem[X,0x801AB32A] -> 0x0000
[408] [M]: 0x801AB328 (0x00000013) addi zero, zero, 0


mem[X,0x801AB32C] -> 0x0013
mem[X,0x801AB32E] -> 0x0000
[409] [M]: 0x801AB32C (0x00000013) addi zero, zero, 0


mem[X,0x801AB330] -> 0x0013
mem[X,0x801AB332] -> 0x0000
[410] [M]: 0x801AB330 (0x00000013) addi zero, zero, 0


mem[X,0x801AB334] -> 0x0013
mem[X,0x801AB336] -> 0x0000
[411] [M]: 0x801AB334 (0x00000013) addi zero, zero, 0


mem[X,0x801AB338] -> 0x0013
mem[X,0x801AB33A] -> 0x0000
[412] [M]: 0x801AB338 (0x00000013) addi zero, zero, 0


mem[X,0x801AB33C] -> 0x0013
mem[X,0x801AB33E] -> 0x0000
[413] [M]: 0x801AB33C (0x00000013) addi zero, zero, 0


mem[X,0x801AB340] -> 0x0697
mem[X,0x801AB342] -> 0x0000
[414] [M]: 0x801AB340 (0x00000697) auipc a3, 0
x13 <- 0x801AB340


mem[X,0x801AB344] -> 0x8693
mem[X,0x801AB346] -> 0xF2C6
[415] [M]: 0x801AB344 (0xF2C68693) addi a3, a3, 3884
x13 <- 0x801AB26C


mem[X,0x801AB348] -> 0x0013
mem[X,0x801AB34A] -> 0x0000
[416] [M]: 0x801AB348 (0x00000013) addi zero, zero, 0


mem[X,0x801AB34C] -> 0x0013
mem[X,0x801AB34E] -> 0x0000
[417] [M]: 0x801AB34C (0x00000013) addi zero, zero, 0


mem[X,0x801AB350] -> 0x0013
mem[X,0x801AB352] -> 0x0000
[418] [M]: 0x801AB350 (0x00000013) addi zero, zero, 0


mem[X,0x801AB354] -> 0x0013
mem[X,0x801AB356] -> 0x0000
[419] [M]: 0x801AB354 (0x00000013) addi zero, zero, 0


mem[X,0x801AB358] -> 0x0013
mem[X,0x801AB35A] -> 0x0000
[420] [M]: 0x801AB358 (0x00000013) addi zero, zero, 0


mem[X,0x801AB35C] -> 0x0013
mem[X,0x801AB35E] -> 0x0000
[421] [M]: 0x801AB35C (0x00000013) addi zero, zero, 0


mem[X,0x801AB360] -> 0xF693
mem[X,0x801AB362] -> 0xFFC6
[422] [M]: 0x801AB360 (0xFFC6F693) andi a3, a3, 4092
x13 <- 0x801AB26C


mem[X,0x801AB364] -> 0x0833
mem[X,0x801AB366] -> 0x40D8
[423] [M]: 0x801AB364 (0x40D80833) sub a6, a6, a3
x16 <- 0x00000087


mem[X,0x801AB368] -> 0x2E23
mem[X,0x801AB36A] -> 0x0101
[424] [M]: 0x801AB368 (0x01012E23) sw a6, 28(sp)
mem[0x801AF130] <- 0x00000087


mem[X,0x801AB36C] -> 0x0013
mem[X,0x801AB36E] -> 0x0000
[425] [M]: 0x801AB36C (0x00000013) addi zero, zero, 0


mem[X,0x801AB370] -> 0x0013
mem[X,0x801AB372] -> 0x0000
[426] [M]: 0x801AB370 (0x00000013) addi zero, zero, 0


mem[X,0x801AB374] -> 0x0013
mem[X,0x801AB376] -> 0x0000
[427] [M]: 0x801AB374 (0x00000013) addi zero, zero, 0


mem[X,0x801AB378] -> 0x0013
mem[X,0x801AB37A] -> 0x0000
[428] [M]: 0x801AB378 (0x00000013) addi zero, zero, 0


mem[X,0x801AB37C] -> 0x0013
mem[X,0x801AB37E] -> 0x0000
[429] [M]: 0x801AB37C (0x00000013) addi zero, zero, 0


mem[X,0x801AB380] -> 0x0697
mem[X,0x801AB382] -> 0x0000
[430] [M]: 0x801AB380 (0x00000697) auipc a3, 0
x13 <- 0x801AB380


mem[X,0x801AB384] -> 0x8693
mem[X,0x801AB386] -> 0x06C6
[431] [M]: 0x801AB384 (0x06C68693) addi a3, a3, 108
x13 <- 0x801AB3EC


mem[X,0x801AB388] -> 0x0013
mem[X,0x801AB38A] -> 0x0000
[432] [M]: 0x801AB388 (0x00000013) addi zero, zero, 0


mem[X,0x801AB38C] -> 0x0013
mem[X,0x801AB38E] -> 0x0000
[433] [M]: 0x801AB38C (0x00000013) addi zero, zero, 0


mem[X,0x801AB390] -> 0x0013
mem[X,0x801AB392] -> 0x0000
[434] [M]: 0x801AB390 (0x00000013) addi zero, zero, 0


mem[X,0x801AB394] -> 0x0013
mem[X,0x801AB396] -> 0x0000
[435] [M]: 0x801AB394 (0x00000013) addi zero, zero, 0


mem[X,0x801AB398] -> 0x0013
mem[X,0x801AB39A] -> 0x0000
[436] [M]: 0x801AB398 (0x00000013) addi zero, zero, 0


mem[X,0x801AB39C] -> 0x0013
mem[X,0x801AB39E] -> 0x0000
[437] [M]: 0x801AB39C (0x00000013) addi zero, zero, 0


mem[X,0x801AB3A0] -> 0x8067
mem[X,0x801AB3A2] -> 0x0006
[438] [M]: 0x801AB3A0 (0x00068067) jalr zero, a3, 0


mem[X,0x801AB3EC] -> 0x066F
mem[X,0x801AB3EE] -> 0x00C0
[439] [M]: 0x801AB3EC (0x00C0066F) jal a2, 12
x12 <- 0x801AB3F0


mem[X,0x801AB3F8] -> 0x4613
mem[X,0x801AB3FA] -> 0x0036
[440] [M]: 0x801AB3F8 (0x00364613) xori a2, a2, 3
x12 <- 0x801AB3F3


mem[X,0x801AB3FC] -> 0x0013
mem[X,0x801AB3FE] -> 0x0000
[441] [M]: 0x801AB3FC (0x00000013) addi zero, zero, 0


mem[X,0x801AB400] -> 0x0697
mem[X,0x801AB402] -> 0x0000
[442] [M]: 0x801AB400 (0x00000697) auipc a3, 0
x13 <- 0x801AB400


mem[X,0x801AB404] -> 0x8693
mem[X,0x801AB406] -> 0x0246
[443] [M]: 0x801AB404 (0x02468693) addi a3, a3, 36
x13 <- 0x801AB424


mem[X,0x801AB408] -> 0x0013
mem[X,0x801AB40A] -> 0x0000
[444] [M]: 0x801AB408 (0x00000013) addi zero, zero, 0


mem[X,0x801AB40C] -> 0x0013
mem[X,0x801AB40E] -> 0x0000
[445] [M]: 0x801AB40C (0x00000013) addi zero, zero, 0


mem[X,0x801AB410] -> 0x0013
mem[X,0x801AB412] -> 0x0000
[446] [M]: 0x801AB410 (0x00000013) addi zero, zero, 0


mem[X,0x801AB414] -> 0x0013
mem[X,0x801AB416] -> 0x0000
[447] [M]: 0x801AB414 (0x00000013) addi zero, zero, 0


mem[X,0x801AB418] -> 0x0013
mem[X,0x801AB41A] -> 0x0000
[448] [M]: 0x801AB418 (0x00000013) addi zero, zero, 0


mem[X,0x801AB41C] -> 0x0013
mem[X,0x801AB41E] -> 0x0000
[449] [M]: 0x801AB41C (0x00000013) addi zero, zero, 0


mem[X,0x801AB420] -> 0x8067
mem[X,0x801AB422] -> 0x0006
[450] [M]: 0x801AB420 (0x00068067) jalr zero, a3, 0


mem[X,0x801AB424] -> 0x0013
mem[X,0x801AB426] -> 0x0000
[451] [M]: 0x801AB424 (0x00000013) addi zero, zero, 0


mem[X,0x801AB428] -> 0x0013
mem[X,0x801AB42A] -> 0x0000
[452] [M]: 0x801AB428 (0x00000013) addi zero, zero, 0


mem[X,0x801AB42C] -> 0x0013
mem[X,0x801AB42E] -> 0x0000
[453] [M]: 0x801AB42C (0x00000013) addi zero, zero, 0


mem[X,0x801AB430] -> 0x0013
mem[X,0x801AB432] -> 0x0000
[454] [M]: 0x801AB430 (0x00000013) addi zero, zero, 0


mem[X,0x801AB434] -> 0x0013
mem[X,0x801AB436] -> 0x0000
[455] [M]: 0x801AB434 (0x00000013) addi zero, zero, 0


mem[X,0x801AB438] -> 0x0013
mem[X,0x801AB43A] -> 0x0000
[456] [M]: 0x801AB438 (0x00000013) addi zero, zero, 0


mem[X,0x801AB43C] -> 0x0013
mem[X,0x801AB43E] -> 0x0000
[457] [M]: 0x801AB43C (0x00000013) addi zero, zero, 0


mem[X,0x801AB440] -> 0x0697
mem[X,0x801AB442] -> 0x0000
[458] [M]: 0x801AB440 (0x00000697) auipc a3, 0
x13 <- 0x801AB440


mem[X,0x801AB444] -> 0x8693
mem[X,0x801AB446] -> 0xF2C6
[459] [M]: 0x801AB444 (0xF2C68693) addi a3, a3, 3884
x13 <- 0x801AB36C


mem[X,0x801AB448] -> 0x0013
mem[X,0x801AB44A] -> 0x0000
[460] [M]: 0x801AB448 (0x00000013) addi zero, zero, 0


mem[X,0x801AB44C] -> 0x0013
mem[X,0x801AB44E] -> 0x0000
[461] [M]: 0x801AB44C (0x00000013) addi zero, zero, 0


mem[X,0x801AB450] -> 0x0013
mem[X,0x801AB452] -> 0x0000
[462] [M]: 0x801AB450 (0x00000013) addi zero, zero, 0


mem[X,0x801AB454] -> 0x0013
mem[X,0x801AB456] -> 0x0000
[463] [M]: 0x801AB454 (0x00000013) addi zero, zero, 0


mem[X,0x801AB458] -> 0x0013
mem[X,0x801AB45A] -> 0x0000
[464] [M]: 0x801AB458 (0x00000013) addi zero, zero, 0


mem[X,0x801AB45C] -> 0x0013
mem[X,0x801AB45E] -> 0x0000
[465] [M]: 0x801AB45C (0x00000013) addi zero, zero, 0


mem[X,0x801AB460] -> 0xF693
mem[X,0x801AB462] -> 0xFFC6
[466] [M]: 0x801AB460 (0xFFC6F693) andi a3, a3, 4092
x13 <- 0x801AB36C


mem[X,0x801AB464] -> 0x0633
mem[X,0x801AB466] -> 0x40D6
[467] [M]: 0x801AB464 (0x40D60633) sub a2, a2, a3
x12 <- 0x00000087


mem[X,0x801AB468] -> 0x2023
mem[X,0x801AB46A] -> 0x02C1
[468] [M]: 0x801AB468 (0x02C12023) sw a2, 32(sp)
mem[0x801AF134] <- 0x00000087


mem[X,0x801AB46C] -> 0x0013
mem[X,0x801AB46E] -> 0x0000
[469] [M]: 0x801AB46C (0x00000013) addi zero, zero, 0


mem[X,0x801AB470] -> 0x0013
mem[X,0x801AB472] -> 0x0000
[470] [M]: 0x801AB470 (0x00000013) addi zero, zero, 0


mem[X,0x801AB474] -> 0x0013
mem[X,0x801AB476] -> 0x0000
[471] [M]: 0x801AB474 (0x00000013) addi zero, zero, 0


mem[X,0x801AB478] -> 0x0013
mem[X,0x801AB47A] -> 0x0000
[472] [M]: 0x801AB478 (0x00000013) addi zero, zero, 0


mem[X,0x801AB47C] -> 0x0013
mem[X,0x801AB47E] -> 0x0000
[473] [M]: 0x801AB47C (0x00000013) addi zero, zero, 0


mem[X,0x801AB480] -> 0x0697
mem[X,0x801AB482] -> 0x0000
[474] [M]: 0x801AB480 (0x00000697) auipc a3, 0
x13 <- 0x801AB480


mem[X,0x801AB484] -> 0x8693
mem[X,0x801AB486] -> 0x06C6
[475] [M]: 0x801AB484 (0x06C68693) addi a3, a3, 108
x13 <- 0x801AB4EC


mem[X,0x801AB488] -> 0x0013
mem[X,0x801AB48A] -> 0x0000
[476] [M]: 0x801AB488 (0x00000013) addi zero, zero, 0


mem[X,0x801AB48C] -> 0x0013
mem[X,0x801AB48E] -> 0x0000
[477] [M]: 0x801AB48C (0x00000013) addi zero, zero, 0


mem[X,0x801AB490] -> 0x0013
mem[X,0x801AB492] -> 0x0000
[478] [M]: 0x801AB490 (0x00000013) addi zero, zero, 0


mem[X,0x801AB494] -> 0x0013
mem[X,0x801AB496] -> 0x0000
[479] [M]: 0x801AB494 (0x00000013) addi zero, zero, 0


mem[X,0x801AB498] -> 0x0013
mem[X,0x801AB49A] -> 0x0000
[480] [M]: 0x801AB498 (0x00000013) addi zero, zero, 0


mem[X,0x801AB49C] -> 0x0013
mem[X,0x801AB49E] -> 0x0000
[481] [M]: 0x801AB49C (0x00000013) addi zero, zero, 0


mem[X,0x801AB4A0] -> 0x8067
mem[X,0x801AB4A2] -> 0x0006
[482] [M]: 0x801AB4A0 (0x00068067) jalr zero, a3, 0


mem[X,0x801AB4EC] -> 0x0E6F
mem[X,0x801AB4EE] -> 0x00C0
[483] [M]: 0x801AB4EC (0x00C00E6F) jal t3, 12
x28 <- 0x801AB4F0


mem[X,0x801AB4F8] -> 0x4E13
mem[X,0x801AB4FA] -> 0x003E
[484] [M]: 0x801AB4F8 (0x003E4E13) xori t3, t3, 3
x28 <- 0x801AB4F3


mem[X,0x801AB4FC] -> 0x0013
mem[X,0x801AB4FE] -> 0x0000
[485] [M]: 0x801AB4FC (0x00000013) addi zero, zero, 0


mem[X,0x801AB500] -> 0x0697
mem[X,0x801AB502] -> 0x0000
[486] [M]: 0x801AB500 (0x00000697) auipc a3, 0
x13 <- 0x801AB500


mem[X,0x801AB504] -> 0x8693
mem[X,0x801AB506] -> 0x0246
[487] [M]: 0x801AB504 (0x02468693) addi a3, a3, 36
x13 <- 0x801AB524


mem[X,0x801AB508] -> 0x0013
mem[X,0x801AB50A] -> 0x0000
[488] [M]: 0x801AB508 (0x00000013) addi zero, zero, 0


mem[X,0x801AB50C] -> 0x0013
mem[X,0x801AB50E] -> 0x0000
[489] [M]: 0x801AB50C (0x00000013) addi zero, zero, 0


mem[X,0x801AB510] -> 0x0013
mem[X,0x801AB512] -> 0x0000
[490] [M]: 0x801AB510 (0x00000013) addi zero, zero, 0


mem[X,0x801AB514] -> 0x0013
mem[X,0x801AB516] -> 0x0000
[491] [M]: 0x801AB514 (0x00000013) addi zero, zero, 0


mem[X,0x801AB518] -> 0x0013
mem[X,0x801AB51A] -> 0x0000
[492] [M]: 0x801AB518 (0x00000013) addi zero, zero, 0


mem[X,0x801AB51C] -> 0x0013
mem[X,0x801AB51E] -> 0x0000
[493] [M]: 0x801AB51C (0x00000013) addi zero, zero, 0


mem[X,0x801AB520] -> 0x8067
mem[X,0x801AB522] -> 0x0006
[494] [M]: 0x801AB520 (0x00068067) jalr zero, a3, 0


mem[X,0x801AB524] -> 0x0013
mem[X,0x801AB526] -> 0x0000
[495] [M]: 0x801AB524 (0x00000013) addi zero, zero, 0


mem[X,0x801AB528] -> 0x0013
mem[X,0x801AB52A] -> 0x0000
[496] [M]: 0x801AB528 (0x00000013) addi zero, zero, 0


mem[X,0x801AB52C] -> 0x0013
mem[X,0x801AB52E] -> 0x0000
[497] [M]: 0x801AB52C (0x00000013) addi zero, zero, 0


mem[X,0x801AB530] -> 0x0013
mem[X,0x801AB532] -> 0x0000
[498] [M]: 0x801AB530 (0x00000013) addi zero, zero, 0


mem[X,0x801AB534] -> 0x0013
mem[X,0x801AB536] -> 0x0000
[499] [M]: 0x801AB534 (0x00000013) addi zero, zero, 0


clint::tick mtime <- 0x0000000000000005
 clint timer pending at mtime 0x0000000000000005
htif::tick 0x0000000000000000
mem[X,0x801AB538] -> 0x0013
mem[X,0x801AB53A] -> 0x0000
[500] [M]: 0x801AB538 (0x00000013) addi zero, zero, 0


mem[X,0x801AB53C] -> 0x0013
mem[X,0x801AB53E] -> 0x0000
[501] [M]: 0x801AB53C (0x00000013) addi zero, zero, 0


mem[X,0x801AB540] -> 0x0697
mem[X,0x801AB542] -> 0x0000
[502] [M]: 0x801AB540 (0x00000697) auipc a3, 0
x13 <- 0x801AB540


mem[X,0x801AB544] -> 0x8693
mem[X,0x801AB546] -> 0xF2C6
[503] [M]: 0x801AB544 (0xF2C68693) addi a3, a3, 3884
x13 <- 0x801AB46C


mem[X,0x801AB548] -> 0x0013
mem[X,0x801AB54A] -> 0x0000
[504] [M]: 0x801AB548 (0x00000013) addi zero, zero, 0


mem[X,0x801AB54C] -> 0x0013
mem[X,0x801AB54E] -> 0x0000
[505] [M]: 0x801AB54C (0x00000013) addi zero, zero, 0


mem[X,0x801AB550] -> 0x0013
mem[X,0x801AB552] -> 0x0000
[506] [M]: 0x801AB550 (0x00000013) addi zero, zero, 0


mem[X,0x801AB554] -> 0x0013
mem[X,0x801AB556] -> 0x0000
[507] [M]: 0x801AB554 (0x00000013) addi zero, zero, 0


mem[X,0x801AB558] -> 0x0013
mem[X,0x801AB55A] -> 0x0000
[508] [M]: 0x801AB558 (0x00000013) addi zero, zero, 0


mem[X,0x801AB55C] -> 0x0013
mem[X,0x801AB55E] -> 0x0000
[509] [M]: 0x801AB55C (0x00000013) addi zero, zero, 0


mem[X,0x801AB560] -> 0xF693
mem[X,0x801AB562] -> 0xFFC6
[510] [M]: 0x801AB560 (0xFFC6F693) andi a3, a3, 4092
x13 <- 0x801AB46C


mem[X,0x801AB564] -> 0x0E33
mem[X,0x801AB566] -> 0x40DE
[511] [M]: 0x801AB564 (0x40DE0E33) sub t3, t3, a3
x28 <- 0x00000087


mem[X,0x801AB568] -> 0x2223
mem[X,0x801AB56A] -> 0x03C1
[512] [M]: 0x801AB568 (0x03C12223) sw t3, 36(sp)
mem[0x801AF138] <- 0x00000087


mem[X,0x801AB56C] -> 0x0013
mem[X,0x801AB56E] -> 0x0000
[513] [M]: 0x801AB56C (0x00000013) addi zero, zero, 0


mem[X,0x801AB570] -> 0x0013
mem[X,0x801AB572] -> 0x0000
[514] [M]: 0x801AB570 (0x00000013) addi zero, zero, 0


mem[X,0x801AB574] -> 0x0013
mem[X,0x801AB576] -> 0x0000
[515] [M]: 0x801AB574 (0x00000013) addi zero, zero, 0


mem[X,0x801AB578] -> 0x0013
mem[X,0x801AB57A] -> 0x0000
[516] [M]: 0x801AB578 (0x00000013) addi zero, zero, 0


mem[X,0x801AB57C] -> 0x0013
mem[X,0x801AB57E] -> 0x0000
[517] [M]: 0x801AB57C (0x00000013) addi zero, zero, 0


mem[X,0x801AB580] -> 0x0697
mem[X,0x801AB582] -> 0x0000
[518] [M]: 0x801AB580 (0x00000697) auipc a3, 0
x13 <- 0x801AB580


mem[X,0x801AB584] -> 0x8693
mem[X,0x801AB586] -> 0x06C6
[519] [M]: 0x801AB584 (0x06C68693) addi a3, a3, 108
x13 <- 0x801AB5EC


mem[X,0x801AB588] -> 0x0013
mem[X,0x801AB58A] -> 0x0000
[520] [M]: 0x801AB588 (0x00000013) addi zero, zero, 0


mem[X,0x801AB58C] -> 0x0013
mem[X,0x801AB58E] -> 0x0000
[521] [M]: 0x801AB58C (0x00000013) addi zero, zero, 0


mem[X,0x801AB590] -> 0x0013
mem[X,0x801AB592] -> 0x0000
[522] [M]: 0x801AB590 (0x00000013) addi zero, zero, 0


mem[X,0x801AB594] -> 0x0013
mem[X,0x801AB596] -> 0x0000
[523] [M]: 0x801AB594 (0x00000013) addi zero, zero, 0


mem[X,0x801AB598] -> 0x0013
mem[X,0x801AB59A] -> 0x0000
[524] [M]: 0x801AB598 (0x00000013) addi zero, zero, 0


mem[X,0x801AB59C] -> 0x0013
mem[X,0x801AB59E] -> 0x0000
[525] [M]: 0x801AB59C (0x00000013) addi zero, zero, 0


mem[X,0x801AB5A0] -> 0x8067
mem[X,0x801AB5A2] -> 0x0006
[526] [M]: 0x801AB5A0 (0x00068067) jalr zero, a3, 0


mem[X,0x801AB5EC] -> 0x05EF
mem[X,0x801AB5EE] -> 0x00C0
[527] [M]: 0x801AB5EC (0x00C005EF) jal a1, 12
x11 <- 0x801AB5F0


mem[X,0x801AB5F8] -> 0xC593
mem[X,0x801AB5FA] -> 0x0035
[528] [M]: 0x801AB5F8 (0x0035C593) xori a1, a1, 3
x11 <- 0x801AB5F3


mem[X,0x801AB5FC] -> 0x0013
mem[X,0x801AB5FE] -> 0x0000
[529] [M]: 0x801AB5FC (0x00000013) addi zero, zero, 0


mem[X,0x801AB600] -> 0x0697
mem[X,0x801AB602] -> 0x0000
[530] [M]: 0x801AB600 (0x00000697) auipc a3, 0
x13 <- 0x801AB600


mem[X,0x801AB604] -> 0x8693
mem[X,0x801AB606] -> 0x0246
[531] [M]: 0x801AB604 (0x02468693) addi a3, a3, 36
x13 <- 0x801AB624


mem[X,0x801AB608] -> 0x0013
mem[X,0x801AB60A] -> 0x0000
[532] [M]: 0x801AB608 (0x00000013) addi zero, zero, 0


mem[X,0x801AB60C] -> 0x0013
mem[X,0x801AB60E] -> 0x0000
[533] [M]: 0x801AB60C (0x00000013) addi zero, zero, 0


mem[X,0x801AB610] -> 0x0013
mem[X,0x801AB612] -> 0x0000
[534] [M]: 0x801AB610 (0x00000013) addi zero, zero, 0


mem[X,0x801AB614] -> 0x0013
mem[X,0x801AB616] -> 0x0000
[535] [M]: 0x801AB614 (0x00000013) addi zero, zero, 0


mem[X,0x801AB618] -> 0x0013
mem[X,0x801AB61A] -> 0x0000
[536] [M]: 0x801AB618 (0x00000013) addi zero, zero, 0


mem[X,0x801AB61C] -> 0x0013
mem[X,0x801AB61E] -> 0x0000
[537] [M]: 0x801AB61C (0x00000013) addi zero, zero, 0


mem[X,0x801AB620] -> 0x8067
mem[X,0x801AB622] -> 0x0006
[538] [M]: 0x801AB620 (0x00068067) jalr zero, a3, 0


mem[X,0x801AB624] -> 0x0013
mem[X,0x801AB626] -> 0x0000
[539] [M]: 0x801AB624 (0x00000013) addi zero, zero, 0


mem[X,0x801AB628] -> 0x0013
mem[X,0x801AB62A] -> 0x0000
[540] [M]: 0x801AB628 (0x00000013) addi zero, zero, 0


mem[X,0x801AB62C] -> 0x0013
mem[X,0x801AB62E] -> 0x0000
[541] [M]: 0x801AB62C (0x00000013) addi zero, zero, 0


mem[X,0x801AB630] -> 0x0013
mem[X,0x801AB632] -> 0x0000
[542] [M]: 0x801AB630 (0x00000013) addi zero, zero, 0


mem[X,0x801AB634] -> 0x0013
mem[X,0x801AB636] -> 0x0000
[543] [M]: 0x801AB634 (0x00000013) addi zero, zero, 0


mem[X,0x801AB638] -> 0x0013
mem[X,0x801AB63A] -> 0x0000
[544] [M]: 0x801AB638 (0x00000013) addi zero, zero, 0


mem[X,0x801AB63C] -> 0x0013
mem[X,0x801AB63E] -> 0x0000
[545] [M]: 0x801AB63C (0x00000013) addi zero, zero, 0


mem[X,0x801AB640] -> 0x0697
mem[X,0x801AB642] -> 0x0000
[546] [M]: 0x801AB640 (0x00000697) auipc a3, 0
x13 <- 0x801AB640


mem[X,0x801AB644] -> 0x8693
mem[X,0x801AB646] -> 0xF2C6
[547] [M]: 0x801AB644 (0xF2C68693) addi a3, a3, 3884
x13 <- 0x801AB56C


mem[X,0x801AB648] -> 0x0013
mem[X,0x801AB64A] -> 0x0000
[548] [M]: 0x801AB648 (0x00000013) addi zero, zero, 0


mem[X,0x801AB64C] -> 0x0013
mem[X,0x801AB64E] -> 0x0000
[549] [M]: 0x801AB64C (0x00000013) addi zero, zero, 0


mem[X,0x801AB650] -> 0x0013
mem[X,0x801AB652] -> 0x0000
[550] [M]: 0x801AB650 (0x00000013) addi zero, zero, 0


mem[X,0x801AB654] -> 0x0013
mem[X,0x801AB656] -> 0x0000
[551] [M]: 0x801AB654 (0x00000013) addi zero, zero, 0


mem[X,0x801AB658] -> 0x0013
mem[X,0x801AB65A] -> 0x0000
[552] [M]: 0x801AB658 (0x00000013) addi zero, zero, 0


mem[X,0x801AB65C] -> 0x0013
mem[X,0x801AB65E] -> 0x0000
[553] [M]: 0x801AB65C (0x00000013) addi zero, zero, 0


mem[X,0x801AB660] -> 0xF693
mem[X,0x801AB662] -> 0xFFC6
[554] [M]: 0x801AB660 (0xFFC6F693) andi a3, a3, 4092
x13 <- 0x801AB56C


mem[X,0x801AB664] -> 0x85B3
mem[X,0x801AB666] -> 0x40D5
[555] [M]: 0x801AB664 (0x40D585B3) sub a1, a1, a3
x11 <- 0x00000087


mem[X,0x801AB668] -> 0x2423
mem[X,0x801AB66A] -> 0x02B1
[556] [M]: 0x801AB668 (0x02B12423) sw a1, 40(sp)
mem[0x801AF13C] <- 0x00000087


mem[X,0x801AB66C] -> 0x0013
mem[X,0x801AB66E] -> 0x0000
[557] [M]: 0x801AB66C (0x00000013) addi zero, zero, 0


mem[X,0x801AB670] -> 0x0013
mem[X,0x801AB672] -> 0x0000
[558] [M]: 0x801AB670 (0x00000013) addi zero, zero, 0


mem[X,0x801AB674] -> 0x0013
mem[X,0x801AB676] -> 0x0000
[559] [M]: 0x801AB674 (0x00000013) addi zero, zero, 0


mem[X,0x801AB678] -> 0x0013
mem[X,0x801AB67A] -> 0x0000
[560] [M]: 0x801AB678 (0x00000013) addi zero, zero, 0


mem[X,0x801AB67C] -> 0x0013
mem[X,0x801AB67E] -> 0x0000
[561] [M]: 0x801AB67C (0x00000013) addi zero, zero, 0


mem[X,0x801AB680] -> 0x0697
mem[X,0x801AB682] -> 0x0000
[562] [M]: 0x801AB680 (0x00000697) auipc a3, 0
x13 <- 0x801AB680


mem[X,0x801AB684] -> 0x8693
mem[X,0x801AB686] -> 0x06C6
[563] [M]: 0x801AB684 (0x06C68693) addi a3, a3, 108
x13 <- 0x801AB6EC


mem[X,0x801AB688] -> 0x0013
mem[X,0x801AB68A] -> 0x0000
[564] [M]: 0x801AB688 (0x00000013) addi zero, zero, 0


mem[X,0x801AB68C] -> 0x0013
mem[X,0x801AB68E] -> 0x0000
[565] [M]: 0x801AB68C (0x00000013) addi zero, zero, 0


mem[X,0x801AB690] -> 0x0013
mem[X,0x801AB692] -> 0x0000
[566] [M]: 0x801AB690 (0x00000013) addi zero, zero, 0


mem[X,0x801AB694] -> 0x0013
mem[X,0x801AB696] -> 0x0000
[567] [M]: 0x801AB694 (0x00000013) addi zero, zero, 0


mem[X,0x801AB698] -> 0x0013
mem[X,0x801AB69A] -> 0x0000
[568] [M]: 0x801AB698 (0x00000013) addi zero, zero, 0


mem[X,0x801AB69C] -> 0x0013
mem[X,0x801AB69E] -> 0x0000
[569] [M]: 0x801AB69C (0x00000013) addi zero, zero, 0


mem[X,0x801AB6A0] -> 0x8067
mem[X,0x801AB6A2] -> 0x0006
[570] [M]: 0x801AB6A0 (0x00068067) jalr zero, a3, 0


mem[X,0x801AB6EC] -> 0x0F6F
mem[X,0x801AB6EE] -> 0x00C0
[571] [M]: 0x801AB6EC (0x00C00F6F) jal t5, 12
x30 <- 0x801AB6F0


mem[X,0x801AB6F8] -> 0x4F13
mem[X,0x801AB6FA] -> 0x003F
[572] [M]: 0x801AB6F8 (0x003F4F13) xori t5, t5, 3
x30 <- 0x801AB6F3


mem[X,0x801AB6FC] -> 0x0013
mem[X,0x801AB6FE] -> 0x0000
[573] [M]: 0x801AB6FC (0x00000013) addi zero, zero, 0


mem[X,0x801AB700] -> 0x0697
mem[X,0x801AB702] -> 0x0000
[574] [M]: 0x801AB700 (0x00000697) auipc a3, 0
x13 <- 0x801AB700


mem[X,0x801AB704] -> 0x8693
mem[X,0x801AB706] -> 0x0246
[575] [M]: 0x801AB704 (0x02468693) addi a3, a3, 36
x13 <- 0x801AB724


mem[X,0x801AB708] -> 0x0013
mem[X,0x801AB70A] -> 0x0000
[576] [M]: 0x801AB708 (0x00000013) addi zero, zero, 0


mem[X,0x801AB70C] -> 0x0013
mem[X,0x801AB70E] -> 0x0000
[577] [M]: 0x801AB70C (0x00000013) addi zero, zero, 0


mem[X,0x801AB710] -> 0x0013
mem[X,0x801AB712] -> 0x0000
[578] [M]: 0x801AB710 (0x00000013) addi zero, zero, 0


mem[X,0x801AB714] -> 0x0013
mem[X,0x801AB716] -> 0x0000
[579] [M]: 0x801AB714 (0x00000013) addi zero, zero, 0


mem[X,0x801AB718] -> 0x0013
mem[X,0x801AB71A] -> 0x0000
[580] [M]: 0x801AB718 (0x00000013) addi zero, zero, 0


mem[X,0x801AB71C] -> 0x0013
mem[X,0x801AB71E] -> 0x0000
[581] [M]: 0x801AB71C (0x00000013) addi zero, zero, 0


mem[X,0x801AB720] -> 0x8067
mem[X,0x801AB722] -> 0x0006
[582] [M]: 0x801AB720 (0x00068067) jalr zero, a3, 0


mem[X,0x801AB724] -> 0x0013
mem[X,0x801AB726] -> 0x0000
[583] [M]: 0x801AB724 (0x00000013) addi zero, zero, 0


mem[X,0x801AB728] -> 0x0013
mem[X,0x801AB72A] -> 0x0000
[584] [M]: 0x801AB728 (0x00000013) addi zero, zero, 0


mem[X,0x801AB72C] -> 0x0013
mem[X,0x801AB72E] -> 0x0000
[585] [M]: 0x801AB72C (0x00000013) addi zero, zero, 0


mem[X,0x801AB730] -> 0x0013
mem[X,0x801AB732] -> 0x0000
[586] [M]: 0x801AB730 (0x00000013) addi zero, zero, 0


mem[X,0x801AB734] -> 0x0013
mem[X,0x801AB736] -> 0x0000
[587] [M]: 0x801AB734 (0x00000013) addi zero, zero, 0


mem[X,0x801AB738] -> 0x0013
mem[X,0x801AB73A] -> 0x0000
[588] [M]: 0x801AB738 (0x00000013) addi zero, zero, 0


mem[X,0x801AB73C] -> 0x0013
mem[X,0x801AB73E] -> 0x0000
[589] [M]: 0x801AB73C (0x00000013) addi zero, zero, 0


mem[X,0x801AB740] -> 0x0697
mem[X,0x801AB742] -> 0x0000
[590] [M]: 0x801AB740 (0x00000697) auipc a3, 0
x13 <- 0x801AB740


mem[X,0x801AB744] -> 0x8693
mem[X,0x801AB746] -> 0xF2C6
[591] [M]: 0x801AB744 (0xF2C68693) addi a3, a3, 3884
x13 <- 0x801AB66C


mem[X,0x801AB748] -> 0x0013
mem[X,0x801AB74A] -> 0x0000
[592] [M]: 0x801AB748 (0x00000013) addi zero, zero, 0


mem[X,0x801AB74C] -> 0x0013
mem[X,0x801AB74E] -> 0x0000
[593] [M]: 0x801AB74C (0x00000013) addi zero, zero, 0


mem[X,0x801AB750] -> 0x0013
mem[X,0x801AB752] -> 0x0000
[594] [M]: 0x801AB750 (0x00000013) addi zero, zero, 0


mem[X,0x801AB754] -> 0x0013
mem[X,0x801AB756] -> 0x0000
[595] [M]: 0x801AB754 (0x00000013) addi zero, zero, 0


mem[X,0x801AB758] -> 0x0013
mem[X,0x801AB75A] -> 0x0000
[596] [M]: 0x801AB758 (0x00000013) addi zero, zero, 0


mem[X,0x801AB75C] -> 0x0013
mem[X,0x801AB75E] -> 0x0000
[597] [M]: 0x801AB75C (0x00000013) addi zero, zero, 0


mem[X,0x801AB760] -> 0xF693
mem[X,0x801AB762] -> 0xFFC6
[598] [M]: 0x801AB760 (0xFFC6F693) andi a3, a3, 4092
x13 <- 0x801AB66C


mem[X,0x801AB764] -> 0x0F33
mem[X,0x801AB766] -> 0x40DF
[599] [M]: 0x801AB764 (0x40DF0F33) sub t5, t5, a3
x30 <- 0x00000087


clint::tick mtime <- 0x0000000000000006
 clint timer pending at mtime 0x0000000000000006
htif::tick 0x0000000000000000
mem[X,0x801AB768] -> 0x2623
mem[X,0x801AB76A] -> 0x03E1
[600] [M]: 0x801AB768 (0x03E12623) sw t5, 44(sp)
mem[0x801AF140] <- 0x00000087


mem[X,0x801AB76C] -> 0x0013
mem[X,0x801AB76E] -> 0x0000
[601] [M]: 0x801AB76C (0x00000013) addi zero, zero, 0


mem[X,0x801AB770] -> 0x0013
mem[X,0x801AB772] -> 0x0000
[602] [M]: 0x801AB770 (0x00000013) addi zero, zero, 0


mem[X,0x801AB774] -> 0x0013
mem[X,0x801AB776] -> 0x0000
[603] [M]: 0x801AB774 (0x00000013) addi zero, zero, 0


mem[X,0x801AB778] -> 0x0013
mem[X,0x801AB77A] -> 0x0000
[604] [M]: 0x801AB778 (0x00000013) addi zero, zero, 0


mem[X,0x801AB77C] -> 0x0013
mem[X,0x801AB77E] -> 0x0000
[605] [M]: 0x801AB77C (0x00000013) addi zero, zero, 0


mem[X,0x801AB780] -> 0x0697
mem[X,0x801AB782] -> 0x0000
[606] [M]: 0x801AB780 (0x00000697) auipc a3, 0
x13 <- 0x801AB780


mem[X,0x801AB784] -> 0x8693
mem[X,0x801AB786] -> 0x06C6
[607] [M]: 0x801AB784 (0x06C68693) addi a3, a3, 108
x13 <- 0x801AB7EC


mem[X,0x801AB788] -> 0x0013
mem[X,0x801AB78A] -> 0x0000
[608] [M]: 0x801AB788 (0x00000013) addi zero, zero, 0


mem[X,0x801AB78C] -> 0x0013
mem[X,0x801AB78E] -> 0x0000
[609] [M]: 0x801AB78C (0x00000013) addi zero, zero, 0


mem[X,0x801AB790] -> 0x0013
mem[X,0x801AB792] -> 0x0000
[610] [M]: 0x801AB790 (0x00000013) addi zero, zero, 0


mem[X,0x801AB794] -> 0x0013
mem[X,0x801AB796] -> 0x0000
[611] [M]: 0x801AB794 (0x00000013) addi zero, zero, 0


mem[X,0x801AB798] -> 0x0013
mem[X,0x801AB79A] -> 0x0000
[612] [M]: 0x801AB798 (0x00000013) addi zero, zero, 0


mem[X,0x801AB79C] -> 0x0013
mem[X,0x801AB79E] -> 0x0000
[613] [M]: 0x801AB79C (0x00000013) addi zero, zero, 0


mem[X,0x801AB7A0] -> 0x8067
mem[X,0x801AB7A2] -> 0x0006
[614] [M]: 0x801AB7A0 (0x00068067) jalr zero, a3, 0


mem[X,0x801AB7EC] -> 0x056F
mem[X,0x801AB7EE] -> 0x00C0
[615] [M]: 0x801AB7EC (0x00C0056F) jal a0, 12
x10 <- 0x801AB7F0


mem[X,0x801AB7F8] -> 0x4513
mem[X,0x801AB7FA] -> 0x0035
[616] [M]: 0x801AB7F8 (0x00354513) xori a0, a0, 3
x10 <- 0x801AB7F3


mem[X,0x801AB7FC] -> 0x0013
mem[X,0x801AB7FE] -> 0x0000
[617] [M]: 0x801AB7FC (0x00000013) addi zero, zero, 0


mem[X,0x801AB800] -> 0x0697
mem[X,0x801AB802] -> 0x0000
[618] [M]: 0x801AB800 (0x00000697) auipc a3, 0
x13 <- 0x801AB800


mem[X,0x801AB804] -> 0x8693
mem[X,0x801AB806] -> 0x0246
[619] [M]: 0x801AB804 (0x02468693) addi a3, a3, 36
x13 <- 0x801AB824


mem[X,0x801AB808] -> 0x0013
mem[X,0x801AB80A] -> 0x0000
[620] [M]: 0x801AB808 (0x00000013) addi zero, zero, 0


mem[X,0x801AB80C] -> 0x0013
mem[X,0x801AB80E] -> 0x0000
[621] [M]: 0x801AB80C (0x00000013) addi zero, zero, 0


mem[X,0x801AB810] -> 0x0013
mem[X,0x801AB812] -> 0x0000
[622] [M]: 0x801AB810 (0x00000013) addi zero, zero, 0


mem[X,0x801AB814] -> 0x0013
mem[X,0x801AB816] -> 0x0000
[623] [M]: 0x801AB814 (0x00000013) addi zero, zero, 0


mem[X,0x801AB818] -> 0x0013
mem[X,0x801AB81A] -> 0x0000
[624] [M]: 0x801AB818 (0x00000013) addi zero, zero, 0


mem[X,0x801AB81C] -> 0x0013
mem[X,0x801AB81E] -> 0x0000
[625] [M]: 0x801AB81C (0x00000013) addi zero, zero, 0


mem[X,0x801AB820] -> 0x8067
mem[X,0x801AB822] -> 0x0006
[626] [M]: 0x801AB820 (0x00068067) jalr zero, a3, 0


mem[X,0x801AB824] -> 0x0013
mem[X,0x801AB826] -> 0x0000
[627] [M]: 0x801AB824 (0x00000013) addi zero, zero, 0


mem[X,0x801AB828] -> 0x0013
mem[X,0x801AB82A] -> 0x0000
[628] [M]: 0x801AB828 (0x00000013) addi zero, zero, 0


mem[X,0x801AB82C] -> 0x0013
mem[X,0x801AB82E] -> 0x0000
[629] [M]: 0x801AB82C (0x00000013) addi zero, zero, 0


mem[X,0x801AB830] -> 0x0013
mem[X,0x801AB832] -> 0x0000
[630] [M]: 0x801AB830 (0x00000013) addi zero, zero, 0


mem[X,0x801AB834] -> 0x0013
mem[X,0x801AB836] -> 0x0000
[631] [M]: 0x801AB834 (0x00000013) addi zero, zero, 0


mem[X,0x801AB838] -> 0x0013
mem[X,0x801AB83A] -> 0x0000
[632] [M]: 0x801AB838 (0x00000013) addi zero, zero, 0


mem[X,0x801AB83C] -> 0x0013
mem[X,0x801AB83E] -> 0x0000
[633] [M]: 0x801AB83C (0x00000013) addi zero, zero, 0


mem[X,0x801AB840] -> 0x0697
mem[X,0x801AB842] -> 0x0000
[634] [M]: 0x801AB840 (0x00000697) auipc a3, 0
x13 <- 0x801AB840


mem[X,0x801AB844] -> 0x8693
mem[X,0x801AB846] -> 0xF2C6
[635] [M]: 0x801AB844 (0xF2C68693) addi a3, a3, 3884
x13 <- 0x801AB76C


mem[X,0x801AB848] -> 0x0013
mem[X,0x801AB84A] -> 0x0000
[636] [M]: 0x801AB848 (0x00000013) addi zero, zero, 0


mem[X,0x801AB84C] -> 0x0013
mem[X,0x801AB84E] -> 0x0000
[637] [M]: 0x801AB84C (0x00000013) addi zero, zero, 0


mem[X,0x801AB850] -> 0x0013
mem[X,0x801AB852] -> 0x0000
[638] [M]: 0x801AB850 (0x00000013) addi zero, zero, 0


mem[X,0x801AB854] -> 0x0013
mem[X,0x801AB856] -> 0x0000
[639] [M]: 0x801AB854 (0x00000013) addi zero, zero, 0


mem[X,0x801AB858] -> 0x0013
mem[X,0x801AB85A] -> 0x0000
[640] [M]: 0x801AB858 (0x00000013) addi zero, zero, 0


mem[X,0x801AB85C] -> 0x0013
mem[X,0x801AB85E] -> 0x0000
[641] [M]: 0x801AB85C (0x00000013) addi zero, zero, 0


mem[X,0x801AB860] -> 0xF693
mem[X,0x801AB862] -> 0xFFC6
[642] [M]: 0x801AB860 (0xFFC6F693) andi a3, a3, 4092
x13 <- 0x801AB76C


mem[X,0x801AB864] -> 0x0533
mem[X,0x801AB866] -> 0x40D5
[643] [M]: 0x801AB864 (0x40D50533) sub a0, a0, a3
x10 <- 0x00000087


mem[X,0x801AB868] -> 0x2823
mem[X,0x801AB86A] -> 0x02A1
[644] [M]: 0x801AB868 (0x02A12823) sw a0, 48(sp)
mem[0x801AF144] <- 0x00000087


mem[X,0x801AB86C] -> 0x0013
mem[X,0x801AB86E] -> 0x0000
[645] [M]: 0x801AB86C (0x00000013) addi zero, zero, 0


mem[X,0x801AB870] -> 0x0013
mem[X,0x801AB872] -> 0x0000
[646] [M]: 0x801AB870 (0x00000013) addi zero, zero, 0


mem[X,0x801AB874] -> 0x0013
mem[X,0x801AB876] -> 0x0000
[647] [M]: 0x801AB874 (0x00000013) addi zero, zero, 0


mem[X,0x801AB878] -> 0x0013
mem[X,0x801AB87A] -> 0x0000
[648] [M]: 0x801AB878 (0x00000013) addi zero, zero, 0


mem[X,0x801AB87C] -> 0x0013
mem[X,0x801AB87E] -> 0x0000
[649] [M]: 0x801AB87C (0x00000013) addi zero, zero, 0


mem[X,0x801AB880] -> 0x0697
mem[X,0x801AB882] -> 0x0000
[650] [M]: 0x801AB880 (0x00000697) auipc a3, 0
x13 <- 0x801AB880


mem[X,0x801AB884] -> 0x8693
mem[X,0x801AB886] -> 0x06C6
[651] [M]: 0x801AB884 (0x06C68693) addi a3, a3, 108
x13 <- 0x801AB8EC


mem[X,0x801AB888] -> 0x0013
mem[X,0x801AB88A] -> 0x0000
[652] [M]: 0x801AB888 (0x00000013) addi zero, zero, 0


mem[X,0x801AB88C] -> 0x0013
mem[X,0x801AB88E] -> 0x0000
[653] [M]: 0x801AB88C (0x00000013) addi zero, zero, 0


mem[X,0x801AB890] -> 0x0013
mem[X,0x801AB892] -> 0x0000
[654] [M]: 0x801AB890 (0x00000013) addi zero, zero, 0


mem[X,0x801AB894] -> 0x0013
mem[X,0x801AB896] -> 0x0000
[655] [M]: 0x801AB894 (0x00000013) addi zero, zero, 0


mem[X,0x801AB898] -> 0x0013
mem[X,0x801AB89A] -> 0x0000
[656] [M]: 0x801AB898 (0x00000013) addi zero, zero, 0


mem[X,0x801AB89C] -> 0x0013
mem[X,0x801AB89E] -> 0x0000
[657] [M]: 0x801AB89C (0x00000013) addi zero, zero, 0


mem[X,0x801AB8A0] -> 0x8067
mem[X,0x801AB8A2] -> 0x0006
[658] [M]: 0x801AB8A0 (0x00068067) jalr zero, a3, 0


mem[X,0x801AB8EC] -> 0x00EF
mem[X,0x801AB8EE] -> 0x00C0
[659] [M]: 0x801AB8EC (0x00C000EF) jal ra, 12
x1 <- 0x801AB8F0


mem[X,0x801AB8F8] -> 0xC093
mem[X,0x801AB8FA] -> 0x0030
[660] [M]: 0x801AB8F8 (0x0030C093) xori ra, ra, 3
x1 <- 0x801AB8F3


mem[X,0x801AB8FC] -> 0x0013
mem[X,0x801AB8FE] -> 0x0000
[661] [M]: 0x801AB8FC (0x00000013) addi zero, zero, 0


mem[X,0x801AB900] -> 0x0697
mem[X,0x801AB902] -> 0x0000
[662] [M]: 0x801AB900 (0x00000697) auipc a3, 0
x13 <- 0x801AB900


mem[X,0x801AB904] -> 0x8693
mem[X,0x801AB906] -> 0x0246
[663] [M]: 0x801AB904 (0x02468693) addi a3, a3, 36
x13 <- 0x801AB924


mem[X,0x801AB908] -> 0x0013
mem[X,0x801AB90A] -> 0x0000
[664] [M]: 0x801AB908 (0x00000013) addi zero, zero, 0


mem[X,0x801AB90C] -> 0x0013
mem[X,0x801AB90E] -> 0x0000
[665] [M]: 0x801AB90C (0x00000013) addi zero, zero, 0


mem[X,0x801AB910] -> 0x0013
mem[X,0x801AB912] -> 0x0000
[666] [M]: 0x801AB910 (0x00000013) addi zero, zero, 0


mem[X,0x801AB914] -> 0x0013
mem[X,0x801AB916] -> 0x0000
[667] [M]: 0x801AB914 (0x00000013) addi zero, zero, 0


mem[X,0x801AB918] -> 0x0013
mem[X,0x801AB91A] -> 0x0000
[668] [M]: 0x801AB918 (0x00000013) addi zero, zero, 0


mem[X,0x801AB91C] -> 0x0013
mem[X,0x801AB91E] -> 0x0000
[669] [M]: 0x801AB91C (0x00000013) addi zero, zero, 0


mem[X,0x801AB920] -> 0x8067
mem[X,0x801AB922] -> 0x0006
[670] [M]: 0x801AB920 (0x00068067) jalr zero, a3, 0


mem[X,0x801AB924] -> 0x0013
mem[X,0x801AB926] -> 0x0000
[671] [M]: 0x801AB924 (0x00000013) addi zero, zero, 0


mem[X,0x801AB928] -> 0x0013
mem[X,0x801AB92A] -> 0x0000
[672] [M]: 0x801AB928 (0x00000013) addi zero, zero, 0


mem[X,0x801AB92C] -> 0x0013
mem[X,0x801AB92E] -> 0x0000
[673] [M]: 0x801AB92C (0x00000013) addi zero, zero, 0


mem[X,0x801AB930] -> 0x0013
mem[X,0x801AB932] -> 0x0000
[674] [M]: 0x801AB930 (0x00000013) addi zero, zero, 0


mem[X,0x801AB934] -> 0x0013
mem[X,0x801AB936] -> 0x0000
[675] [M]: 0x801AB934 (0x00000013) addi zero, zero, 0


mem[X,0x801AB938] -> 0x0013
mem[X,0x801AB93A] -> 0x0000
[676] [M]: 0x801AB938 (0x00000013) addi zero, zero, 0


mem[X,0x801AB93C] -> 0x0013
mem[X,0x801AB93E] -> 0x0000
[677] [M]: 0x801AB93C (0x00000013) addi zero, zero, 0


mem[X,0x801AB940] -> 0x0697
mem[X,0x801AB942] -> 0x0000
[678] [M]: 0x801AB940 (0x00000697) auipc a3, 0
x13 <- 0x801AB940


mem[X,0x801AB944] -> 0x8693
mem[X,0x801AB946] -> 0xF2C6
[679] [M]: 0x801AB944 (0xF2C68693) addi a3, a3, 3884
x13 <- 0x801AB86C


mem[X,0x801AB948] -> 0x0013
mem[X,0x801AB94A] -> 0x0000
[680] [M]: 0x801AB948 (0x00000013) addi zero, zero, 0


mem[X,0x801AB94C] -> 0x0013
mem[X,0x801AB94E] -> 0x0000
[681] [M]: 0x801AB94C (0x00000013) addi zero, zero, 0


mem[X,0x801AB950] -> 0x0013
mem[X,0x801AB952] -> 0x0000
[682] [M]: 0x801AB950 (0x00000013) addi zero, zero, 0


mem[X,0x801AB954] -> 0x0013
mem[X,0x801AB956] -> 0x0000
[683] [M]: 0x801AB954 (0x00000013) addi zero, zero, 0


mem[X,0x801AB958] -> 0x0013
mem[X,0x801AB95A] -> 0x0000
[684] [M]: 0x801AB958 (0x00000013) addi zero, zero, 0


mem[X,0x801AB95C] -> 0x0013
mem[X,0x801AB95E] -> 0x0000
[685] [M]: 0x801AB95C (0x00000013) addi zero, zero, 0


mem[X,0x801AB960] -> 0xF693
mem[X,0x801AB962] -> 0xFFC6
[686] [M]: 0x801AB960 (0xFFC6F693) andi a3, a3, 4092
x13 <- 0x801AB86C


mem[X,0x801AB964] -> 0x80B3
mem[X,0x801AB966] -> 0x40D0
[687] [M]: 0x801AB964 (0x40D080B3) sub ra, ra, a3
x1 <- 0x00000087


mem[X,0x801AB968] -> 0x2A23
mem[X,0x801AB96A] -> 0x0211
[688] [M]: 0x801AB968 (0x02112A23) sw ra, 52(sp)
mem[0x801AF148] <- 0x00000087


mem[X,0x801AB96C] -> 0x0013
mem[X,0x801AB96E] -> 0x0000
[689] [M]: 0x801AB96C (0x00000013) addi zero, zero, 0


mem[X,0x801AB970] -> 0x0013
mem[X,0x801AB972] -> 0x0000
[690] [M]: 0x801AB970 (0x00000013) addi zero, zero, 0


mem[X,0x801AB974] -> 0x0013
mem[X,0x801AB976] -> 0x0000
[691] [M]: 0x801AB974 (0x00000013) addi zero, zero, 0


mem[X,0x801AB978] -> 0x0013
mem[X,0x801AB97A] -> 0x0000
[692] [M]: 0x801AB978 (0x00000013) addi zero, zero, 0


mem[X,0x801AB97C] -> 0x0013
mem[X,0x801AB97E] -> 0x0000
[693] [M]: 0x801AB97C (0x00000013) addi zero, zero, 0


mem[X,0x801AB980] -> 0x0697
mem[X,0x801AB982] -> 0x0000
[694] [M]: 0x801AB980 (0x00000697) auipc a3, 0
x13 <- 0x801AB980


mem[X,0x801AB984] -> 0x8693
mem[X,0x801AB986] -> 0x06C6
[695] [M]: 0x801AB984 (0x06C68693) addi a3, a3, 108
x13 <- 0x801AB9EC


mem[X,0x801AB988] -> 0x0013
mem[X,0x801AB98A] -> 0x0000
[696] [M]: 0x801AB988 (0x00000013) addi zero, zero, 0


mem[X,0x801AB98C] -> 0x0013
mem[X,0x801AB98E] -> 0x0000
[697] [M]: 0x801AB98C (0x00000013) addi zero, zero, 0


mem[X,0x801AB990] -> 0x0013
mem[X,0x801AB992] -> 0x0000
[698] [M]: 0x801AB990 (0x00000013) addi zero, zero, 0


mem[X,0x801AB994] -> 0x0013
mem[X,0x801AB996] -> 0x0000
[699] [M]: 0x801AB994 (0x00000013) addi zero, zero, 0


clint::tick mtime <- 0x0000000000000007
 clint timer pending at mtime 0x0000000000000007
htif::tick 0x0000000000000000
mem[X,0x801AB998] -> 0x0013
mem[X,0x801AB99A] -> 0x0000
[700] [M]: 0x801AB998 (0x00000013) addi zero, zero, 0


mem[X,0x801AB99C] -> 0x0013
mem[X,0x801AB99E] -> 0x0000
[701] [M]: 0x801AB99C (0x00000013) addi zero, zero, 0


mem[X,0x801AB9A0] -> 0x8067
mem[X,0x801AB9A2] -> 0x0006
[702] [M]: 0x801AB9A0 (0x00068067) jalr zero, a3, 0


mem[X,0x801AB9EC] -> 0x0A6F
mem[X,0x801AB9EE] -> 0x00C0
[703] [M]: 0x801AB9EC (0x00C00A6F) jal s4, 12
x20 <- 0x801AB9F0


mem[X,0x801AB9F8] -> 0x4A13
mem[X,0x801AB9FA] -> 0x003A
[704] [M]: 0x801AB9F8 (0x003A4A13) xori s4, s4, 3
x20 <- 0x801AB9F3


mem[X,0x801AB9FC] -> 0x0013
mem[X,0x801AB9FE] -> 0x0000
[705] [M]: 0x801AB9FC (0x00000013) addi zero, zero, 0


mem[X,0x801ABA00] -> 0x0697
mem[X,0x801ABA02] -> 0x0000
[706] [M]: 0x801ABA00 (0x00000697) auipc a3, 0
x13 <- 0x801ABA00


mem[X,0x801ABA04] -> 0x8693
mem[X,0x801ABA06] -> 0x0246
[707] [M]: 0x801ABA04 (0x02468693) addi a3, a3, 36
x13 <- 0x801ABA24


mem[X,0x801ABA08] -> 0x0013
mem[X,0x801ABA0A] -> 0x0000
[708] [M]: 0x801ABA08 (0x00000013) addi zero, zero, 0


mem[X,0x801ABA0C] -> 0x0013
mem[X,0x801ABA0E] -> 0x0000
[709] [M]: 0x801ABA0C (0x00000013) addi zero, zero, 0


mem[X,0x801ABA10] -> 0x0013
mem[X,0x801ABA12] -> 0x0000
[710] [M]: 0x801ABA10 (0x00000013) addi zero, zero, 0


mem[X,0x801ABA14] -> 0x0013
mem[X,0x801ABA16] -> 0x0000
[711] [M]: 0x801ABA14 (0x00000013) addi zero, zero, 0


mem[X,0x801ABA18] -> 0x0013
mem[X,0x801ABA1A] -> 0x0000
[712] [M]: 0x801ABA18 (0x00000013) addi zero, zero, 0


mem[X,0x801ABA1C] -> 0x0013
mem[X,0x801ABA1E] -> 0x0000
[713] [M]: 0x801ABA1C (0x00000013) addi zero, zero, 0


mem[X,0x801ABA20] -> 0x8067
mem[X,0x801ABA22] -> 0x0006
[714] [M]: 0x801ABA20 (0x00068067) jalr zero, a3, 0


mem[X,0x801ABA24] -> 0x0013
mem[X,0x801ABA26] -> 0x0000
[715] [M]: 0x801ABA24 (0x00000013) addi zero, zero, 0


mem[X,0x801ABA28] -> 0x0013
mem[X,0x801ABA2A] -> 0x0000
[716] [M]: 0x801ABA28 (0x00000013) addi zero, zero, 0


mem[X,0x801ABA2C] -> 0x0013
mem[X,0x801ABA2E] -> 0x0000
[717] [M]: 0x801ABA2C (0x00000013) addi zero, zero, 0


mem[X,0x801ABA30] -> 0x0013
mem[X,0x801ABA32] -> 0x0000
[718] [M]: 0x801ABA30 (0x00000013) addi zero, zero, 0


mem[X,0x801ABA34] -> 0x0013
mem[X,0x801ABA36] -> 0x0000
[719] [M]: 0x801ABA34 (0x00000013) addi zero, zero, 0


mem[X,0x801ABA38] -> 0x0013
mem[X,0x801ABA3A] -> 0x0000
[720] [M]: 0x801ABA38 (0x00000013) addi zero, zero, 0


mem[X,0x801ABA3C] -> 0x0013
mem[X,0x801ABA3E] -> 0x0000
[721] [M]: 0x801ABA3C (0x00000013) addi zero, zero, 0


mem[X,0x801ABA40] -> 0x0697
mem[X,0x801ABA42] -> 0x0000
[722] [M]: 0x801ABA40 (0x00000697) auipc a3, 0
x13 <- 0x801ABA40


mem[X,0x801ABA44] -> 0x8693
mem[X,0x801ABA46] -> 0xF2C6
[723] [M]: 0x801ABA44 (0xF2C68693) addi a3, a3, 3884
x13 <- 0x801AB96C


mem[X,0x801ABA48] -> 0x0013
mem[X,0x801ABA4A] -> 0x0000
[724] [M]: 0x801ABA48 (0x00000013) addi zero, zero, 0


mem[X,0x801ABA4C] -> 0x0013
mem[X,0x801ABA4E] -> 0x0000
[725] [M]: 0x801ABA4C (0x00000013) addi zero, zero, 0


mem[X,0x801ABA50] -> 0x0013
mem[X,0x801ABA52] -> 0x0000
[726] [M]: 0x801ABA50 (0x00000013) addi zero, zero, 0


mem[X,0x801ABA54] -> 0x0013
mem[X,0x801ABA56] -> 0x0000
[727] [M]: 0x801ABA54 (0x00000013) addi zero, zero, 0


mem[X,0x801ABA58] -> 0x0013
mem[X,0x801ABA5A] -> 0x0000
[728] [M]: 0x801ABA58 (0x00000013) addi zero, zero, 0


mem[X,0x801ABA5C] -> 0x0013
mem[X,0x801ABA5E] -> 0x0000
[729] [M]: 0x801ABA5C (0x00000013) addi zero, zero, 0


mem[X,0x801ABA60] -> 0xF693
mem[X,0x801ABA62] -> 0xFFC6
[730] [M]: 0x801ABA60 (0xFFC6F693) andi a3, a3, 4092
x13 <- 0x801AB96C


mem[X,0x801ABA64] -> 0x0A33
mem[X,0x801ABA66] -> 0x40DA
[731] [M]: 0x801ABA64 (0x40DA0A33) sub s4, s4, a3
x20 <- 0x00000087


mem[X,0x801ABA68] -> 0x2C23
mem[X,0x801ABA6A] -> 0x0341
[732] [M]: 0x801ABA68 (0x03412C23) sw s4, 56(sp)
mem[0x801AF14C] <- 0x00000087


mem[X,0x801ABA6C] -> 0x0013
mem[X,0x801ABA6E] -> 0x0000
[733] [M]: 0x801ABA6C (0x00000013) addi zero, zero, 0


mem[X,0x801ABA70] -> 0x0013
mem[X,0x801ABA72] -> 0x0000
[734] [M]: 0x801ABA70 (0x00000013) addi zero, zero, 0


mem[X,0x801ABA74] -> 0x0013
mem[X,0x801ABA76] -> 0x0000
[735] [M]: 0x801ABA74 (0x00000013) addi zero, zero, 0


mem[X,0x801ABA78] -> 0x0013
mem[X,0x801ABA7A] -> 0x0000
[736] [M]: 0x801ABA78 (0x00000013) addi zero, zero, 0


mem[X,0x801ABA7C] -> 0x0013
mem[X,0x801ABA7E] -> 0x0000
[737] [M]: 0x801ABA7C (0x00000013) addi zero, zero, 0


mem[X,0x801ABA80] -> 0x0697
mem[X,0x801ABA82] -> 0x0000
[738] [M]: 0x801ABA80 (0x00000697) auipc a3, 0
x13 <- 0x801ABA80


mem[X,0x801ABA84] -> 0x8693
mem[X,0x801ABA86] -> 0x06C6
[739] [M]: 0x801ABA84 (0x06C68693) addi a3, a3, 108
x13 <- 0x801ABAEC


mem[X,0x801ABA88] -> 0x0013
mem[X,0x801ABA8A] -> 0x0000
[740] [M]: 0x801ABA88 (0x00000013) addi zero, zero, 0


mem[X,0x801ABA8C] -> 0x0013
mem[X,0x801ABA8E] -> 0x0000
[741] [M]: 0x801ABA8C (0x00000013) addi zero, zero, 0


mem[X,0x801ABA90] -> 0x0013
mem[X,0x801ABA92] -> 0x0000
[742] [M]: 0x801ABA90 (0x00000013) addi zero, zero, 0


mem[X,0x801ABA94] -> 0x0013
mem[X,0x801ABA96] -> 0x0000
[743] [M]: 0x801ABA94 (0x00000013) addi zero, zero, 0


mem[X,0x801ABA98] -> 0x0013
mem[X,0x801ABA9A] -> 0x0000
[744] [M]: 0x801ABA98 (0x00000013) addi zero, zero, 0


mem[X,0x801ABA9C] -> 0x0013
mem[X,0x801ABA9E] -> 0x0000
[745] [M]: 0x801ABA9C (0x00000013) addi zero, zero, 0


mem[X,0x801ABAA0] -> 0x8067
mem[X,0x801ABAA2] -> 0x0006
[746] [M]: 0x801ABAA0 (0x00068067) jalr zero, a3, 0


mem[X,0x801ABAEC] -> 0x09EF
mem[X,0x801ABAEE] -> 0x00C0
[747] [M]: 0x801ABAEC (0x00C009EF) jal s3, 12
x19 <- 0x801ABAF0


mem[X,0x801ABAF8] -> 0xC993
mem[X,0x801ABAFA] -> 0x0039
[748] [M]: 0x801ABAF8 (0x0039C993) xori s3, s3, 3
x19 <- 0x801ABAF3


mem[X,0x801ABAFC] -> 0x0013
mem[X,0x801ABAFE] -> 0x0000
[749] [M]: 0x801ABAFC (0x00000013) addi zero, zero, 0


mem[X,0x801ABB00] -> 0x0697
mem[X,0x801ABB02] -> 0x0000
[750] [M]: 0x801ABB00 (0x00000697) auipc a3, 0
x13 <- 0x801ABB00


mem[X,0x801ABB04] -> 0x8693
mem[X,0x801ABB06] -> 0x0246
[751] [M]: 0x801ABB04 (0x02468693) addi a3, a3, 36
x13 <- 0x801ABB24


mem[X,0x801ABB08] -> 0x0013
mem[X,0x801ABB0A] -> 0x0000
[752] [M]: 0x801ABB08 (0x00000013) addi zero, zero, 0


mem[X,0x801ABB0C] -> 0x0013
mem[X,0x801ABB0E] -> 0x0000
[753] [M]: 0x801ABB0C (0x00000013) addi zero, zero, 0


mem[X,0x801ABB10] -> 0x0013
mem[X,0x801ABB12] -> 0x0000
[754] [M]: 0x801ABB10 (0x00000013) addi zero, zero, 0


mem[X,0x801ABB14] -> 0x0013
mem[X,0x801ABB16] -> 0x0000
[755] [M]: 0x801ABB14 (0x00000013) addi zero, zero, 0


mem[X,0x801ABB18] -> 0x0013
mem[X,0x801ABB1A] -> 0x0000
[756] [M]: 0x801ABB18 (0x00000013) addi zero, zero, 0


mem[X,0x801ABB1C] -> 0x0013
mem[X,0x801ABB1E] -> 0x0000
[757] [M]: 0x801ABB1C (0x00000013) addi zero, zero, 0


mem[X,0x801ABB20] -> 0x8067
mem[X,0x801ABB22] -> 0x0006
[758] [M]: 0x801ABB20 (0x00068067) jalr zero, a3, 0


mem[X,0x801ABB24] -> 0x0013
mem[X,0x801ABB26] -> 0x0000
[759] [M]: 0x801ABB24 (0x00000013) addi zero, zero, 0


mem[X,0x801ABB28] -> 0x0013
mem[X,0x801ABB2A] -> 0x0000
[760] [M]: 0x801ABB28 (0x00000013) addi zero, zero, 0


mem[X,0x801ABB2C] -> 0x0013
mem[X,0x801ABB2E] -> 0x0000
[761] [M]: 0x801ABB2C (0x00000013) addi zero, zero, 0


mem[X,0x801ABB30] -> 0x0013
mem[X,0x801ABB32] -> 0x0000
[762] [M]: 0x801ABB30 (0x00000013) addi zero, zero, 0


mem[X,0x801ABB34] -> 0x0013
mem[X,0x801ABB36] -> 0x0000
[763] [M]: 0x801ABB34 (0x00000013) addi zero, zero, 0


mem[X,0x801ABB38] -> 0x0013
mem[X,0x801ABB3A] -> 0x0000
[764] [M]: 0x801ABB38 (0x00000013) addi zero, zero, 0


mem[X,0x801ABB3C] -> 0x0013
mem[X,0x801ABB3E] -> 0x0000
[765] [M]: 0x801ABB3C (0x00000013) addi zero, zero, 0


mem[X,0x801ABB40] -> 0x0697
mem[X,0x801ABB42] -> 0x0000
[766] [M]: 0x801ABB40 (0x00000697) auipc a3, 0
x13 <- 0x801ABB40


mem[X,0x801ABB44] -> 0x8693
mem[X,0x801ABB46] -> 0xF2C6
[767] [M]: 0x801ABB44 (0xF2C68693) addi a3, a3, 3884
x13 <- 0x801ABA6C


mem[X,0x801ABB48] -> 0x0013
mem[X,0x801ABB4A] -> 0x0000
[768] [M]: 0x801ABB48 (0x00000013) addi zero, zero, 0


mem[X,0x801ABB4C] -> 0x0013
mem[X,0x801ABB4E] -> 0x0000
[769] [M]: 0x801ABB4C (0x00000013) addi zero, zero, 0


mem[X,0x801ABB50] -> 0x0013
mem[X,0x801ABB52] -> 0x0000
[770] [M]: 0x801ABB50 (0x00000013) addi zero, zero, 0


mem[X,0x801ABB54] -> 0x0013
mem[X,0x801ABB56] -> 0x0000
[771] [M]: 0x801ABB54 (0x00000013) addi zero, zero, 0


mem[X,0x801ABB58] -> 0x0013
mem[X,0x801ABB5A] -> 0x0000
[772] [M]: 0x801ABB58 (0x00000013) addi zero, zero, 0


mem[X,0x801ABB5C] -> 0x0013
mem[X,0x801ABB5E] -> 0x0000
[773] [M]: 0x801ABB5C (0x00000013) addi zero, zero, 0


mem[X,0x801ABB60] -> 0xF693
mem[X,0x801ABB62] -> 0xFFC6
[774] [M]: 0x801ABB60 (0xFFC6F693) andi a3, a3, 4092
x13 <- 0x801ABA6C


mem[X,0x801ABB64] -> 0x89B3
mem[X,0x801ABB66] -> 0x40D9
[775] [M]: 0x801ABB64 (0x40D989B3) sub s3, s3, a3
x19 <- 0x00000087


mem[X,0x801ABB68] -> 0x2E23
mem[X,0x801ABB6A] -> 0x0331
[776] [M]: 0x801ABB68 (0x03312E23) sw s3, 60(sp)
mem[0x801AF150] <- 0x00000087


mem[X,0x801ABB6C] -> 0x0013
mem[X,0x801ABB6E] -> 0x0000
[777] [M]: 0x801ABB6C (0x00000013) addi zero, zero, 0


mem[X,0x801ABB70] -> 0x0013
mem[X,0x801ABB72] -> 0x0000
[778] [M]: 0x801ABB70 (0x00000013) addi zero, zero, 0


mem[X,0x801ABB74] -> 0x0013
mem[X,0x801ABB76] -> 0x0000
[779] [M]: 0x801ABB74 (0x00000013) addi zero, zero, 0


mem[X,0x801ABB78] -> 0x0013
mem[X,0x801ABB7A] -> 0x0000
[780] [M]: 0x801ABB78 (0x00000013) addi zero, zero, 0


mem[X,0x801ABB7C] -> 0x0013
mem[X,0x801ABB7E] -> 0x0000
[781] [M]: 0x801ABB7C (0x00000013) addi zero, zero, 0


mem[X,0x801ABB80] -> 0x0697
mem[X,0x801ABB82] -> 0x0000
[782] [M]: 0x801ABB80 (0x00000697) auipc a3, 0
x13 <- 0x801ABB80


mem[X,0x801ABB84] -> 0x8693
mem[X,0x801ABB86] -> 0x06C6
[783] [M]: 0x801ABB84 (0x06C68693) addi a3, a3, 108
x13 <- 0x801ABBEC


mem[X,0x801ABB88] -> 0x0013
mem[X,0x801ABB8A] -> 0x0000
[784] [M]: 0x801ABB88 (0x00000013) addi zero, zero, 0


mem[X,0x801ABB8C] -> 0x0013
mem[X,0x801ABB8E] -> 0x0000
[785] [M]: 0x801ABB8C (0x00000013) addi zero, zero, 0


mem[X,0x801ABB90] -> 0x0013
mem[X,0x801ABB92] -> 0x0000
[786] [M]: 0x801ABB90 (0x00000013) addi zero, zero, 0


mem[X,0x801ABB94] -> 0x0013
mem[X,0x801ABB96] -> 0x0000
[787] [M]: 0x801ABB94 (0x00000013) addi zero, zero, 0


mem[X,0x801ABB98] -> 0x0013
mem[X,0x801ABB9A] -> 0x0000
[788] [M]: 0x801ABB98 (0x00000013) addi zero, zero, 0


mem[X,0x801ABB9C] -> 0x0013
mem[X,0x801ABB9E] -> 0x0000
[789] [M]: 0x801ABB9C (0x00000013) addi zero, zero, 0


mem[X,0x801ABBA0] -> 0x8067
mem[X,0x801ABBA2] -> 0x0006
[790] [M]: 0x801ABBA0 (0x00068067) jalr zero, a3, 0


mem[X,0x801ABBEC] -> 0x0C6F
mem[X,0x801ABBEE] -> 0x00C0
[791] [M]: 0x801ABBEC (0x00C00C6F) jal s8, 12
x24 <- 0x801ABBF0


mem[X,0x801ABBF8] -> 0x4C13
mem[X,0x801ABBFA] -> 0x003C
[792] [M]: 0x801ABBF8 (0x003C4C13) xori s8, s8, 3
x24 <- 0x801ABBF3


mem[X,0x801ABBFC] -> 0x0013
mem[X,0x801ABBFE] -> 0x0000
[793] [M]: 0x801ABBFC (0x00000013) addi zero, zero, 0


mem[X,0x801ABC00] -> 0x0697
mem[X,0x801ABC02] -> 0x0000
[794] [M]: 0x801ABC00 (0x00000697) auipc a3, 0
x13 <- 0x801ABC00


mem[X,0x801ABC04] -> 0x8693
mem[X,0x801ABC06] -> 0x0246
[795] [M]: 0x801ABC04 (0x02468693) addi a3, a3, 36
x13 <- 0x801ABC24


mem[X,0x801ABC08] -> 0x0013
mem[X,0x801ABC0A] -> 0x0000
[796] [M]: 0x801ABC08 (0x00000013) addi zero, zero, 0


mem[X,0x801ABC0C] -> 0x0013
mem[X,0x801ABC0E] -> 0x0000
[797] [M]: 0x801ABC0C (0x00000013) addi zero, zero, 0


mem[X,0x801ABC10] -> 0x0013
mem[X,0x801ABC12] -> 0x0000
[798] [M]: 0x801ABC10 (0x00000013) addi zero, zero, 0


mem[X,0x801ABC14] -> 0x0013
mem[X,0x801ABC16] -> 0x0000
[799] [M]: 0x801ABC14 (0x00000013) addi zero, zero, 0


clint::tick mtime <- 0x0000000000000008
 clint timer pending at mtime 0x0000000000000008
htif::tick 0x0000000000000000
mem[X,0x801ABC18] -> 0x0013
mem[X,0x801ABC1A] -> 0x0000
[800] [M]: 0x801ABC18 (0x00000013) addi zero, zero, 0


mem[X,0x801ABC1C] -> 0x0013
mem[X,0x801ABC1E] -> 0x0000
[801] [M]: 0x801ABC1C (0x00000013) addi zero, zero, 0


mem[X,0x801ABC20] -> 0x8067
mem[X,0x801ABC22] -> 0x0006
[802] [M]: 0x801ABC20 (0x00068067) jalr zero, a3, 0


mem[X,0x801ABC24] -> 0x0013
mem[X,0x801ABC26] -> 0x0000
[803] [M]: 0x801ABC24 (0x00000013) addi zero, zero, 0


mem[X,0x801ABC28] -> 0x0013
mem[X,0x801ABC2A] -> 0x0000
[804] [M]: 0x801ABC28 (0x00000013) addi zero, zero, 0


mem[X,0x801ABC2C] -> 0x0013
mem[X,0x801ABC2E] -> 0x0000
[805] [M]: 0x801ABC2C (0x00000013) addi zero, zero, 0


mem[X,0x801ABC30] -> 0x0013
mem[X,0x801ABC32] -> 0x0000
[806] [M]: 0x801ABC30 (0x00000013) addi zero, zero, 0


mem[X,0x801ABC34] -> 0x0013
mem[X,0x801ABC36] -> 0x0000
[807] [M]: 0x801ABC34 (0x00000013) addi zero, zero, 0


mem[X,0x801ABC38] -> 0x0013
mem[X,0x801ABC3A] -> 0x0000
[808] [M]: 0x801ABC38 (0x00000013) addi zero, zero, 0


mem[X,0x801ABC3C] -> 0x0013
mem[X,0x801ABC3E] -> 0x0000
[809] [M]: 0x801ABC3C (0x00000013) addi zero, zero, 0


mem[X,0x801ABC40] -> 0x0697
mem[X,0x801ABC42] -> 0x0000
[810] [M]: 0x801ABC40 (0x00000697) auipc a3, 0
x13 <- 0x801ABC40


mem[X,0x801ABC44] -> 0x8693
mem[X,0x801ABC46] -> 0xF2C6
[811] [M]: 0x801ABC44 (0xF2C68693) addi a3, a3, 3884
x13 <- 0x801ABB6C


mem[X,0x801ABC48] -> 0x0013
mem[X,0x801ABC4A] -> 0x0000
[812] [M]: 0x801ABC48 (0x00000013) addi zero, zero, 0


mem[X,0x801ABC4C] -> 0x0013
mem[X,0x801ABC4E] -> 0x0000
[813] [M]: 0x801ABC4C (0x00000013) addi zero, zero, 0


mem[X,0x801ABC50] -> 0x0013
mem[X,0x801ABC52] -> 0x0000
[814] [M]: 0x801ABC50 (0x00000013) addi zero, zero, 0


mem[X,0x801ABC54] -> 0x0013
mem[X,0x801ABC56] -> 0x0000
[815] [M]: 0x801ABC54 (0x00000013) addi zero, zero, 0


mem[X,0x801ABC58] -> 0x0013
mem[X,0x801ABC5A] -> 0x0000
[816] [M]: 0x801ABC58 (0x00000013) addi zero, zero, 0


mem[X,0x801ABC5C] -> 0x0013
mem[X,0x801ABC5E] -> 0x0000
[817] [M]: 0x801ABC5C (0x00000013) addi zero, zero, 0


mem[X,0x801ABC60] -> 0xF693
mem[X,0x801ABC62] -> 0xFFC6
[818] [M]: 0x801ABC60 (0xFFC6F693) andi a3, a3, 4092
x13 <- 0x801ABB6C


mem[X,0x801ABC64] -> 0x0C33
mem[X,0x801ABC66] -> 0x40DC
[819] [M]: 0x801ABC64 (0x40DC0C33) sub s8, s8, a3
x24 <- 0x00000087


mem[X,0x801ABC68] -> 0x2023
mem[X,0x801ABC6A] -> 0x0581
[820] [M]: 0x801ABC68 (0x05812023) sw s8, 64(sp)
mem[0x801AF154] <- 0x00000087


mem[X,0x801ABC6C] -> 0x0013
mem[X,0x801ABC6E] -> 0x0000
[821] [M]: 0x801ABC6C (0x00000013) addi zero, zero, 0


mem[X,0x801ABC70] -> 0x0013
mem[X,0x801ABC72] -> 0x0000
[822] [M]: 0x801ABC70 (0x00000013) addi zero, zero, 0


mem[X,0x801ABC74] -> 0x0013
mem[X,0x801ABC76] -> 0x0000
[823] [M]: 0x801ABC74 (0x00000013) addi zero, zero, 0


mem[X,0x801ABC78] -> 0x0013
mem[X,0x801ABC7A] -> 0x0000
[824] [M]: 0x801ABC78 (0x00000013) addi zero, zero, 0


mem[X,0x801ABC7C] -> 0x0013
mem[X,0x801ABC7E] -> 0x0000
[825] [M]: 0x801ABC7C (0x00000013) addi zero, zero, 0


mem[X,0x801ABC80] -> 0x0697
mem[X,0x801ABC82] -> 0x0000
[826] [M]: 0x801ABC80 (0x00000697) auipc a3, 0
x13 <- 0x801ABC80


mem[X,0x801ABC84] -> 0x8693
mem[X,0x801ABC86] -> 0x06C6
[827] [M]: 0x801ABC84 (0x06C68693) addi a3, a3, 108
x13 <- 0x801ABCEC


mem[X,0x801ABC88] -> 0x0013
mem[X,0x801ABC8A] -> 0x0000
[828] [M]: 0x801ABC88 (0x00000013) addi zero, zero, 0


mem[X,0x801ABC8C] -> 0x0013
mem[X,0x801ABC8E] -> 0x0000
[829] [M]: 0x801ABC8C (0x00000013) addi zero, zero, 0


mem[X,0x801ABC90] -> 0x0013
mem[X,0x801ABC92] -> 0x0000
[830] [M]: 0x801ABC90 (0x00000013) addi zero, zero, 0


mem[X,0x801ABC94] -> 0x0013
mem[X,0x801ABC96] -> 0x0000
[831] [M]: 0x801ABC94 (0x00000013) addi zero, zero, 0


mem[X,0x801ABC98] -> 0x0013
mem[X,0x801ABC9A] -> 0x0000
[832] [M]: 0x801ABC98 (0x00000013) addi zero, zero, 0


mem[X,0x801ABC9C] -> 0x0013
mem[X,0x801ABC9E] -> 0x0000
[833] [M]: 0x801ABC9C (0x00000013) addi zero, zero, 0


mem[X,0x801ABCA0] -> 0x8067
mem[X,0x801ABCA2] -> 0x0006
[834] [M]: 0x801ABCA0 (0x00068067) jalr zero, a3, 0


mem[X,0x801ABCEC] -> 0x03EF
mem[X,0x801ABCEE] -> 0x00C0
[835] [M]: 0x801ABCEC (0x00C003EF) jal t2, 12
x7 <- 0x801ABCF0


mem[X,0x801ABCF8] -> 0xC393
mem[X,0x801ABCFA] -> 0x0033
[836] [M]: 0x801ABCF8 (0x0033C393) xori t2, t2, 3
x7 <- 0x801ABCF3


mem[X,0x801ABCFC] -> 0x0013
mem[X,0x801ABCFE] -> 0x0000
[837] [M]: 0x801ABCFC (0x00000013) addi zero, zero, 0


mem[X,0x801ABD00] -> 0x0697
mem[X,0x801ABD02] -> 0x0000
[838] [M]: 0x801ABD00 (0x00000697) auipc a3, 0
x13 <- 0x801ABD00


mem[X,0x801ABD04] -> 0x8693
mem[X,0x801ABD06] -> 0x0246
[839] [M]: 0x801ABD04 (0x02468693) addi a3, a3, 36
x13 <- 0x801ABD24


mem[X,0x801ABD08] -> 0x0013
mem[X,0x801ABD0A] -> 0x0000
[840] [M]: 0x801ABD08 (0x00000013) addi zero, zero, 0


mem[X,0x801ABD0C] -> 0x0013
mem[X,0x801ABD0E] -> 0x0000
[841] [M]: 0x801ABD0C (0x00000013) addi zero, zero, 0


mem[X,0x801ABD10] -> 0x0013
mem[X,0x801ABD12] -> 0x0000
[842] [M]: 0x801ABD10 (0x00000013) addi zero, zero, 0


mem[X,0x801ABD14] -> 0x0013
mem[X,0x801ABD16] -> 0x0000
[843] [M]: 0x801ABD14 (0x00000013) addi zero, zero, 0


mem[X,0x801ABD18] -> 0x0013
mem[X,0x801ABD1A] -> 0x0000
[844] [M]: 0x801ABD18 (0x00000013) addi zero, zero, 0


mem[X,0x801ABD1C] -> 0x0013
mem[X,0x801ABD1E] -> 0x0000
[845] [M]: 0x801ABD1C (0x00000013) addi zero, zero, 0


mem[X,0x801ABD20] -> 0x8067
mem[X,0x801ABD22] -> 0x0006
[846] [M]: 0x801ABD20 (0x00068067) jalr zero, a3, 0


mem[X,0x801ABD24] -> 0x0013
mem[X,0x801ABD26] -> 0x0000
[847] [M]: 0x801ABD24 (0x00000013) addi zero, zero, 0


mem[X,0x801ABD28] -> 0x0013
mem[X,0x801ABD2A] -> 0x0000
[848] [M]: 0x801ABD28 (0x00000013) addi zero, zero, 0


mem[X,0x801ABD2C] -> 0x0013
mem[X,0x801ABD2E] -> 0x0000
[849] [M]: 0x801ABD2C (0x00000013) addi zero, zero, 0


mem[X,0x801ABD30] -> 0x0013
mem[X,0x801ABD32] -> 0x0000
[850] [M]: 0x801ABD30 (0x00000013) addi zero, zero, 0


mem[X,0x801ABD34] -> 0x0013
mem[X,0x801ABD36] -> 0x0000
[851] [M]: 0x801ABD34 (0x00000013) addi zero, zero, 0


mem[X,0x801ABD38] -> 0x0013
mem[X,0x801ABD3A] -> 0x0000
[852] [M]: 0x801ABD38 (0x00000013) addi zero, zero, 0


mem[X,0x801ABD3C] -> 0x0013
mem[X,0x801ABD3E] -> 0x0000
[853] [M]: 0x801ABD3C (0x00000013) addi zero, zero, 0


mem[X,0x801ABD40] -> 0x0697
mem[X,0x801ABD42] -> 0x0000
[854] [M]: 0x801ABD40 (0x00000697) auipc a3, 0
x13 <- 0x801ABD40


mem[X,0x801ABD44] -> 0x8693
mem[X,0x801ABD46] -> 0xF2C6
[855] [M]: 0x801ABD44 (0xF2C68693) addi a3, a3, 3884
x13 <- 0x801ABC6C


mem[X,0x801ABD48] -> 0x0013
mem[X,0x801ABD4A] -> 0x0000
[856] [M]: 0x801ABD48 (0x00000013) addi zero, zero, 0


mem[X,0x801ABD4C] -> 0x0013
mem[X,0x801ABD4E] -> 0x0000
[857] [M]: 0x801ABD4C (0x00000013) addi zero, zero, 0


mem[X,0x801ABD50] -> 0x0013
mem[X,0x801ABD52] -> 0x0000
[858] [M]: 0x801ABD50 (0x00000013) addi zero, zero, 0


mem[X,0x801ABD54] -> 0x0013
mem[X,0x801ABD56] -> 0x0000
[859] [M]: 0x801ABD54 (0x00000013) addi zero, zero, 0


mem[X,0x801ABD58] -> 0x0013
mem[X,0x801ABD5A] -> 0x0000
[860] [M]: 0x801ABD58 (0x00000013) addi zero, zero, 0


mem[X,0x801ABD5C] -> 0x0013
mem[X,0x801ABD5E] -> 0x0000
[861] [M]: 0x801ABD5C (0x00000013) addi zero, zero, 0


mem[X,0x801ABD60] -> 0xF693
mem[X,0x801ABD62] -> 0xFFC6
[862] [M]: 0x801ABD60 (0xFFC6F693) andi a3, a3, 4092
x13 <- 0x801ABC6C


mem[X,0x801ABD64] -> 0x83B3
mem[X,0x801ABD66] -> 0x40D3
[863] [M]: 0x801ABD64 (0x40D383B3) sub t2, t2, a3
x7 <- 0x00000087


mem[X,0x801ABD68] -> 0x2223
mem[X,0x801ABD6A] -> 0x0471
[864] [M]: 0x801ABD68 (0x04712223) sw t2, 68(sp)
mem[0x801AF158] <- 0x00000087


mem[X,0x801ABD6C] -> 0x0013
mem[X,0x801ABD6E] -> 0x0000
[865] [M]: 0x801ABD6C (0x00000013) addi zero, zero, 0


mem[X,0x801ABD70] -> 0x0013
mem[X,0x801ABD72] -> 0x0000
[866] [M]: 0x801ABD70 (0x00000013) addi zero, zero, 0


mem[X,0x801ABD74] -> 0x0013
mem[X,0x801ABD76] -> 0x0000
[867] [M]: 0x801ABD74 (0x00000013) addi zero, zero, 0


mem[X,0x801ABD78] -> 0x0013
mem[X,0x801ABD7A] -> 0x0000
[868] [M]: 0x801ABD78 (0x00000013) addi zero, zero, 0


mem[X,0x801ABD7C] -> 0x0013
mem[X,0x801ABD7E] -> 0x0000
[869] [M]: 0x801ABD7C (0x00000013) addi zero, zero, 0


mem[X,0x801ABD80] -> 0x0697
mem[X,0x801ABD82] -> 0x0000
[870] [M]: 0x801ABD80 (0x00000697) auipc a3, 0
x13 <- 0x801ABD80


mem[X,0x801ABD84] -> 0x8693
mem[X,0x801ABD86] -> 0x06C6
[871] [M]: 0x801ABD84 (0x06C68693) addi a3, a3, 108
x13 <- 0x801ABDEC


mem[X,0x801ABD88] -> 0x0013
mem[X,0x801ABD8A] -> 0x0000
[872] [M]: 0x801ABD88 (0x00000013) addi zero, zero, 0


mem[X,0x801ABD8C] -> 0x0013
mem[X,0x801ABD8E] -> 0x0000
[873] [M]: 0x801ABD8C (0x00000013) addi zero, zero, 0


mem[X,0x801ABD90] -> 0x0013
mem[X,0x801ABD92] -> 0x0000
[874] [M]: 0x801ABD90 (0x00000013) addi zero, zero, 0


mem[X,0x801ABD94] -> 0x0013
mem[X,0x801ABD96] -> 0x0000
[875] [M]: 0x801ABD94 (0x00000013) addi zero, zero, 0


mem[X,0x801ABD98] -> 0x0013
mem[X,0x801ABD9A] -> 0x0000
[876] [M]: 0x801ABD98 (0x00000013) addi zero, zero, 0


mem[X,0x801ABD9C] -> 0x0013
mem[X,0x801ABD9E] -> 0x0000
[877] [M]: 0x801ABD9C (0x00000013) addi zero, zero, 0


mem[X,0x801ABDA0] -> 0x8067
mem[X,0x801ABDA2] -> 0x0006
[878] [M]: 0x801ABDA0 (0x00068067) jalr zero, a3, 0


mem[X,0x801ABDEC] -> 0x036F
mem[X,0x801ABDEE] -> 0x00C0
[879] [M]: 0x801ABDEC (0x00C0036F) jal t1, 12
x6 <- 0x801ABDF0


mem[X,0x801ABDF8] -> 0x4313
mem[X,0x801ABDFA] -> 0x0033
[880] [M]: 0x801ABDF8 (0x00334313) xori t1, t1, 3
x6 <- 0x801ABDF3


mem[X,0x801ABDFC] -> 0x0013
mem[X,0x801ABDFE] -> 0x0000
[881] [M]: 0x801ABDFC (0x00000013) addi zero, zero, 0


mem[X,0x801ABE00] -> 0x0697
mem[X,0x801ABE02] -> 0x0000
[882] [M]: 0x801ABE00 (0x00000697) auipc a3, 0
x13 <- 0x801ABE00


mem[X,0x801ABE04] -> 0x8693
mem[X,0x801ABE06] -> 0x0246
[883] [M]: 0x801ABE04 (0x02468693) addi a3, a3, 36
x13 <- 0x801ABE24


mem[X,0x801ABE08] -> 0x0013
mem[X,0x801ABE0A] -> 0x0000
[884] [M]: 0x801ABE08 (0x00000013) addi zero, zero, 0


mem[X,0x801ABE0C] -> 0x0013
mem[X,0x801ABE0E] -> 0x0000
[885] [M]: 0x801ABE0C (0x00000013) addi zero, zero, 0


mem[X,0x801ABE10] -> 0x0013
mem[X,0x801ABE12] -> 0x0000
[886] [M]: 0x801ABE10 (0x00000013) addi zero, zero, 0


mem[X,0x801ABE14] -> 0x0013
mem[X,0x801ABE16] -> 0x0000
[887] [M]: 0x801ABE14 (0x00000013) addi zero, zero, 0


mem[X,0x801ABE18] -> 0x0013
mem[X,0x801ABE1A] -> 0x0000
[888] [M]: 0x801ABE18 (0x00000013) addi zero, zero, 0


mem[X,0x801ABE1C] -> 0x0013
mem[X,0x801ABE1E] -> 0x0000
[889] [M]: 0x801ABE1C (0x00000013) addi zero, zero, 0


mem[X,0x801ABE20] -> 0x8067
mem[X,0x801ABE22] -> 0x0006
[890] [M]: 0x801ABE20 (0x00068067) jalr zero, a3, 0


mem[X,0x801ABE24] -> 0x0013
mem[X,0x801ABE26] -> 0x0000
[891] [M]: 0x801ABE24 (0x00000013) addi zero, zero, 0


mem[X,0x801ABE28] -> 0x0013
mem[X,0x801ABE2A] -> 0x0000
[892] [M]: 0x801ABE28 (0x00000013) addi zero, zero, 0


mem[X,0x801ABE2C] -> 0x0013
mem[X,0x801ABE2E] -> 0x0000
[893] [M]: 0x801ABE2C (0x00000013) addi zero, zero, 0


mem[X,0x801ABE30] -> 0x0013
mem[X,0x801ABE32] -> 0x0000
[894] [M]: 0x801ABE30 (0x00000013) addi zero, zero, 0


mem[X,0x801ABE34] -> 0x0013
mem[X,0x801ABE36] -> 0x0000
[895] [M]: 0x801ABE34 (0x00000013) addi zero, zero, 0


mem[X,0x801ABE38] -> 0x0013
mem[X,0x801ABE3A] -> 0x0000
[896] [M]: 0x801ABE38 (0x00000013) addi zero, zero, 0


mem[X,0x801ABE3C] -> 0x0013
mem[X,0x801ABE3E] -> 0x0000
[897] [M]: 0x801ABE3C (0x00000013) addi zero, zero, 0


mem[X,0x801ABE40] -> 0x0697
mem[X,0x801ABE42] -> 0x0000
[898] [M]: 0x801ABE40 (0x00000697) auipc a3, 0
x13 <- 0x801ABE40


mem[X,0x801ABE44] -> 0x8693
mem[X,0x801ABE46] -> 0xF2C6
[899] [M]: 0x801ABE44 (0xF2C68693) addi a3, a3, 3884
x13 <- 0x801ABD6C


clint::tick mtime <- 0x0000000000000009
 clint timer pending at mtime 0x0000000000000009
htif::tick 0x0000000000000000
mem[X,0x801ABE48] -> 0x0013
mem[X,0x801ABE4A] -> 0x0000
[900] [M]: 0x801ABE48 (0x00000013) addi zero, zero, 0


mem[X,0x801ABE4C] -> 0x0013
mem[X,0x801ABE4E] -> 0x0000
[901] [M]: 0x801ABE4C (0x00000013) addi zero, zero, 0


mem[X,0x801ABE50] -> 0x0013
mem[X,0x801ABE52] -> 0x0000
[902] [M]: 0x801ABE50 (0x00000013) addi zero, zero, 0


mem[X,0x801ABE54] -> 0x0013
mem[X,0x801ABE56] -> 0x0000
[903] [M]: 0x801ABE54 (0x00000013) addi zero, zero, 0


mem[X,0x801ABE58] -> 0x0013
mem[X,0x801ABE5A] -> 0x0000
[904] [M]: 0x801ABE58 (0x00000013) addi zero, zero, 0


mem[X,0x801ABE5C] -> 0x0013
mem[X,0x801ABE5E] -> 0x0000
[905] [M]: 0x801ABE5C (0x00000013) addi zero, zero, 0


mem[X,0x801ABE60] -> 0xF693
mem[X,0x801ABE62] -> 0xFFC6
[906] [M]: 0x801ABE60 (0xFFC6F693) andi a3, a3, 4092
x13 <- 0x801ABD6C


mem[X,0x801ABE64] -> 0x0333
mem[X,0x801ABE66] -> 0x40D3
[907] [M]: 0x801ABE64 (0x40D30333) sub t1, t1, a3
x6 <- 0x00000087


mem[X,0x801ABE68] -> 0x2423
mem[X,0x801ABE6A] -> 0x0461
[908] [M]: 0x801ABE68 (0x04612423) sw t1, 72(sp)
mem[0x801AF15C] <- 0x00000087


mem[X,0x801ABE6C] -> 0x0013
mem[X,0x801ABE6E] -> 0x0000
[909] [M]: 0x801ABE6C (0x00000013) addi zero, zero, 0


mem[X,0x801ABE70] -> 0x0013
mem[X,0x801ABE72] -> 0x0000
[910] [M]: 0x801ABE70 (0x00000013) addi zero, zero, 0


mem[X,0x801ABE74] -> 0x0013
mem[X,0x801ABE76] -> 0x0000
[911] [M]: 0x801ABE74 (0x00000013) addi zero, zero, 0


mem[X,0x801ABE78] -> 0x0013
mem[X,0x801ABE7A] -> 0x0000
[912] [M]: 0x801ABE78 (0x00000013) addi zero, zero, 0


mem[X,0x801ABE7C] -> 0x0013
mem[X,0x801ABE7E] -> 0x0000
[913] [M]: 0x801ABE7C (0x00000013) addi zero, zero, 0


mem[X,0x801ABE80] -> 0x0697
mem[X,0x801ABE82] -> 0x0000
[914] [M]: 0x801ABE80 (0x00000697) auipc a3, 0
x13 <- 0x801ABE80


mem[X,0x801ABE84] -> 0x8693
mem[X,0x801ABE86] -> 0x06C6
[915] [M]: 0x801ABE84 (0x06C68693) addi a3, a3, 108
x13 <- 0x801ABEEC


mem[X,0x801ABE88] -> 0x0013
mem[X,0x801ABE8A] -> 0x0000
[916] [M]: 0x801ABE88 (0x00000013) addi zero, zero, 0


mem[X,0x801ABE8C] -> 0x0013
mem[X,0x801ABE8E] -> 0x0000
[917] [M]: 0x801ABE8C (0x00000013) addi zero, zero, 0


mem[X,0x801ABE90] -> 0x0013
mem[X,0x801ABE92] -> 0x0000
[918] [M]: 0x801ABE90 (0x00000013) addi zero, zero, 0


mem[X,0x801ABE94] -> 0x0013
mem[X,0x801ABE96] -> 0x0000
[919] [M]: 0x801ABE94 (0x00000013) addi zero, zero, 0


mem[X,0x801ABE98] -> 0x0013
mem[X,0x801ABE9A] -> 0x0000
[920] [M]: 0x801ABE98 (0x00000013) addi zero, zero, 0


mem[X,0x801ABE9C] -> 0x0013
mem[X,0x801ABE9E] -> 0x0000
[921] [M]: 0x801ABE9C (0x00000013) addi zero, zero, 0


mem[X,0x801ABEA0] -> 0x8067
mem[X,0x801ABEA2] -> 0x0006
[922] [M]: 0x801ABEA0 (0x00068067) jalr zero, a3, 0


mem[X,0x801ABEEC] -> 0x046F
mem[X,0x801ABEEE] -> 0x00C0
[923] [M]: 0x801ABEEC (0x00C0046F) jal fp, 12
x8 <- 0x801ABEF0


mem[X,0x801ABEF8] -> 0x4413
mem[X,0x801ABEFA] -> 0x0034
[924] [M]: 0x801ABEF8 (0x00344413) xori fp, fp, 3
x8 <- 0x801ABEF3


mem[X,0x801ABEFC] -> 0x0013
mem[X,0x801ABEFE] -> 0x0000
[925] [M]: 0x801ABEFC (0x00000013) addi zero, zero, 0


mem[X,0x801ABF00] -> 0x0697
mem[X,0x801ABF02] -> 0x0000
[926] [M]: 0x801ABF00 (0x00000697) auipc a3, 0
x13 <- 0x801ABF00


mem[X,0x801ABF04] -> 0x8693
mem[X,0x801ABF06] -> 0x0246
[927] [M]: 0x801ABF04 (0x02468693) addi a3, a3, 36
x13 <- 0x801ABF24


mem[X,0x801ABF08] -> 0x0013
mem[X,0x801ABF0A] -> 0x0000
[928] [M]: 0x801ABF08 (0x00000013) addi zero, zero, 0


mem[X,0x801ABF0C] -> 0x0013
mem[X,0x801ABF0E] -> 0x0000
[929] [M]: 0x801ABF0C (0x00000013) addi zero, zero, 0


mem[X,0x801ABF10] -> 0x0013
mem[X,0x801ABF12] -> 0x0000
[930] [M]: 0x801ABF10 (0x00000013) addi zero, zero, 0


mem[X,0x801ABF14] -> 0x0013
mem[X,0x801ABF16] -> 0x0000
[931] [M]: 0x801ABF14 (0x00000013) addi zero, zero, 0


mem[X,0x801ABF18] -> 0x0013
mem[X,0x801ABF1A] -> 0x0000
[932] [M]: 0x801ABF18 (0x00000013) addi zero, zero, 0


mem[X,0x801ABF1C] -> 0x0013
mem[X,0x801ABF1E] -> 0x0000
[933] [M]: 0x801ABF1C (0x00000013) addi zero, zero, 0


mem[X,0x801ABF20] -> 0x8067
mem[X,0x801ABF22] -> 0x0006
[934] [M]: 0x801ABF20 (0x00068067) jalr zero, a3, 0


mem[X,0x801ABF24] -> 0x0013
mem[X,0x801ABF26] -> 0x0000
[935] [M]: 0x801ABF24 (0x00000013) addi zero, zero, 0


mem[X,0x801ABF28] -> 0x0013
mem[X,0x801ABF2A] -> 0x0000
[936] [M]: 0x801ABF28 (0x00000013) addi zero, zero, 0


mem[X,0x801ABF2C] -> 0x0013
mem[X,0x801ABF2E] -> 0x0000
[937] [M]: 0x801ABF2C (0x00000013) addi zero, zero, 0


mem[X,0x801ABF30] -> 0x0013
mem[X,0x801ABF32] -> 0x0000
[938] [M]: 0x801ABF30 (0x00000013) addi zero, zero, 0


mem[X,0x801ABF34] -> 0x0013
mem[X,0x801ABF36] -> 0x0000
[939] [M]: 0x801ABF34 (0x00000013) addi zero, zero, 0


mem[X,0x801ABF38] -> 0x0013
mem[X,0x801ABF3A] -> 0x0000
[940] [M]: 0x801ABF38 (0x00000013) addi zero, zero, 0


mem[X,0x801ABF3C] -> 0x0013
mem[X,0x801ABF3E] -> 0x0000
[941] [M]: 0x801ABF3C (0x00000013) addi zero, zero, 0


mem[X,0x801ABF40] -> 0x0697
mem[X,0x801ABF42] -> 0x0000
[942] [M]: 0x801ABF40 (0x00000697) auipc a3, 0
x13 <- 0x801ABF40


mem[X,0x801ABF44] -> 0x8693
mem[X,0x801ABF46] -> 0xF2C6
[943] [M]: 0x801ABF44 (0xF2C68693) addi a3, a3, 3884
x13 <- 0x801ABE6C


mem[X,0x801ABF48] -> 0x0013
mem[X,0x801ABF4A] -> 0x0000
[944] [M]: 0x801ABF48 (0x00000013) addi zero, zero, 0


mem[X,0x801ABF4C] -> 0x0013
mem[X,0x801ABF4E] -> 0x0000
[945] [M]: 0x801ABF4C (0x00000013) addi zero, zero, 0


mem[X,0x801ABF50] -> 0x0013
mem[X,0x801ABF52] -> 0x0000
[946] [M]: 0x801ABF50 (0x00000013) addi zero, zero, 0


mem[X,0x801ABF54] -> 0x0013
mem[X,0x801ABF56] -> 0x0000
[947] [M]: 0x801ABF54 (0x00000013) addi zero, zero, 0


mem[X,0x801ABF58] -> 0x0013
mem[X,0x801ABF5A] -> 0x0000
[948] [M]: 0x801ABF58 (0x00000013) addi zero, zero, 0


mem[X,0x801ABF5C] -> 0x0013
mem[X,0x801ABF5E] -> 0x0000
[949] [M]: 0x801ABF5C (0x00000013) addi zero, zero, 0


mem[X,0x801ABF60] -> 0xF693
mem[X,0x801ABF62] -> 0xFFC6
[950] [M]: 0x801ABF60 (0xFFC6F693) andi a3, a3, 4092
x13 <- 0x801ABE6C


mem[X,0x801ABF64] -> 0x0433
mem[X,0x801ABF66] -> 0x40D4
[951] [M]: 0x801ABF64 (0x40D40433) sub fp, fp, a3
x8 <- 0x00000087


mem[X,0x801ABF68] -> 0x2623
mem[X,0x801ABF6A] -> 0x0481
[952] [M]: 0x801ABF68 (0x04812623) sw fp, 76(sp)
mem[0x801AF160] <- 0x00000087


mem[X,0x801ABF6C] -> 0x0013
mem[X,0x801ABF6E] -> 0x0000
[953] [M]: 0x801ABF6C (0x00000013) addi zero, zero, 0


mem[X,0x801ABF70] -> 0x0013
mem[X,0x801ABF72] -> 0x0000
[954] [M]: 0x801ABF70 (0x00000013) addi zero, zero, 0


mem[X,0x801ABF74] -> 0x0013
mem[X,0x801ABF76] -> 0x0000
[955] [M]: 0x801ABF74 (0x00000013) addi zero, zero, 0


mem[X,0x801ABF78] -> 0x0013
mem[X,0x801ABF7A] -> 0x0000
[956] [M]: 0x801ABF78 (0x00000013) addi zero, zero, 0


mem[X,0x801ABF7C] -> 0x0013
mem[X,0x801ABF7E] -> 0x0000
[957] [M]: 0x801ABF7C (0x00000013) addi zero, zero, 0


mem[X,0x801ABF80] -> 0x0697
mem[X,0x801ABF82] -> 0x0000
[958] [M]: 0x801ABF80 (0x00000697) auipc a3, 0
x13 <- 0x801ABF80


mem[X,0x801ABF84] -> 0x8693
mem[X,0x801ABF86] -> 0x06C6
[959] [M]: 0x801ABF84 (0x06C68693) addi a3, a3, 108
x13 <- 0x801ABFEC


mem[X,0x801ABF88] -> 0x0013
mem[X,0x801ABF8A] -> 0x0000
[960] [M]: 0x801ABF88 (0x00000013) addi zero, zero, 0


mem[X,0x801ABF8C] -> 0x0013
mem[X,0x801ABF8E] -> 0x0000
[961] [M]: 0x801ABF8C (0x00000013) addi zero, zero, 0


mem[X,0x801ABF90] -> 0x0013
mem[X,0x801ABF92] -> 0x0000
[962] [M]: 0x801ABF90 (0x00000013) addi zero, zero, 0


mem[X,0x801ABF94] -> 0x0013
mem[X,0x801ABF96] -> 0x0000
[963] [M]: 0x801ABF94 (0x00000013) addi zero, zero, 0


mem[X,0x801ABF98] -> 0x0013
mem[X,0x801ABF9A] -> 0x0000
[964] [M]: 0x801ABF98 (0x00000013) addi zero, zero, 0


mem[X,0x801ABF9C] -> 0x0013
mem[X,0x801ABF9E] -> 0x0000
[965] [M]: 0x801ABF9C (0x00000013) addi zero, zero, 0


mem[X,0x801ABFA0] -> 0x8067
mem[X,0x801ABFA2] -> 0x0006
[966] [M]: 0x801ABFA0 (0x00068067) jalr zero, a3, 0


mem[X,0x801ABFEC] -> 0x0FEF
mem[X,0x801ABFEE] -> 0x00C0
[967] [M]: 0x801ABFEC (0x00C00FEF) jal t6, 12
x31 <- 0x801ABFF0


mem[X,0x801ABFF8] -> 0xCF93
mem[X,0x801ABFFA] -> 0x003F
[968] [M]: 0x801ABFF8 (0x003FCF93) xori t6, t6, 3
x31 <- 0x801ABFF3


mem[X,0x801ABFFC] -> 0x0013
mem[X,0x801ABFFE] -> 0x0000
[969] [M]: 0x801ABFFC (0x00000013) addi zero, zero, 0


mem[X,0x801AC000] -> 0x0697
mem[X,0x801AC002] -> 0x0000
[970] [M]: 0x801AC000 (0x00000697) auipc a3, 0
x13 <- 0x801AC000


mem[X,0x801AC004] -> 0x8693
mem[X,0x801AC006] -> 0x0246
[971] [M]: 0x801AC004 (0x02468693) addi a3, a3, 36
x13 <- 0x801AC024


mem[X,0x801AC008] -> 0x0013
mem[X,0x801AC00A] -> 0x0000
[972] [M]: 0x801AC008 (0x00000013) addi zero, zero, 0


mem[X,0x801AC00C] -> 0x0013
mem[X,0x801AC00E] -> 0x0000
[973] [M]: 0x801AC00C (0x00000013) addi zero, zero, 0


mem[X,0x801AC010] -> 0x0013
mem[X,0x801AC012] -> 0x0000
[974] [M]: 0x801AC010 (0x00000013) addi zero, zero, 0


mem[X,0x801AC014] -> 0x0013
mem[X,0x801AC016] -> 0x0000
[975] [M]: 0x801AC014 (0x00000013) addi zero, zero, 0


mem[X,0x801AC018] -> 0x0013
mem[X,0x801AC01A] -> 0x0000
[976] [M]: 0x801AC018 (0x00000013) addi zero, zero, 0


mem[X,0x801AC01C] -> 0x0013
mem[X,0x801AC01E] -> 0x0000
[977] [M]: 0x801AC01C (0x00000013) addi zero, zero, 0


mem[X,0x801AC020] -> 0x8067
mem[X,0x801AC022] -> 0x0006
[978] [M]: 0x801AC020 (0x00068067) jalr zero, a3, 0


mem[X,0x801AC024] -> 0x0013
mem[X,0x801AC026] -> 0x0000
[979] [M]: 0x801AC024 (0x00000013) addi zero, zero, 0


mem[X,0x801AC028] -> 0x0013
mem[X,0x801AC02A] -> 0x0000
[980] [M]: 0x801AC028 (0x00000013) addi zero, zero, 0


mem[X,0x801AC02C] -> 0x0013
mem[X,0x801AC02E] -> 0x0000
[981] [M]: 0x801AC02C (0x00000013) addi zero, zero, 0


mem[X,0x801AC030] -> 0x0013
mem[X,0x801AC032] -> 0x0000
[982] [M]: 0x801AC030 (0x00000013) addi zero, zero, 0


mem[X,0x801AC034] -> 0x0013
mem[X,0x801AC036] -> 0x0000
[983] [M]: 0x801AC034 (0x00000013) addi zero, zero, 0


mem[X,0x801AC038] -> 0x0013
mem[X,0x801AC03A] -> 0x0000
[984] [M]: 0x801AC038 (0x00000013) addi zero, zero, 0


mem[X,0x801AC03C] -> 0x0013
mem[X,0x801AC03E] -> 0x0000
[985] [M]: 0x801AC03C (0x00000013) addi zero, zero, 0


mem[X,0x801AC040] -> 0x0697
mem[X,0x801AC042] -> 0x0000
[986] [M]: 0x801AC040 (0x00000697) auipc a3, 0
x13 <- 0x801AC040


mem[X,0x801AC044] -> 0x8693
mem[X,0x801AC046] -> 0xF2C6
[987] [M]: 0x801AC044 (0xF2C68693) addi a3, a3, 3884
x13 <- 0x801ABF6C


mem[X,0x801AC048] -> 0x0013
mem[X,0x801AC04A] -> 0x0000
[988] [M]: 0x801AC048 (0x00000013) addi zero, zero, 0


mem[X,0x801AC04C] -> 0x0013
mem[X,0x801AC04E] -> 0x0000
[989] [M]: 0x801AC04C (0x00000013) addi zero, zero, 0


mem[X,0x801AC050] -> 0x0013
mem[X,0x801AC052] -> 0x0000
[990] [M]: 0x801AC050 (0x00000013) addi zero, zero, 0


mem[X,0x801AC054] -> 0x0013
mem[X,0x801AC056] -> 0x0000
[991] [M]: 0x801AC054 (0x00000013) addi zero, zero, 0


mem[X,0x801AC058] -> 0x0013
mem[X,0x801AC05A] -> 0x0000
[992] [M]: 0x801AC058 (0x00000013) addi zero, zero, 0


mem[X,0x801AC05C] -> 0x0013
mem[X,0x801AC05E] -> 0x0000
[993] [M]: 0x801AC05C (0x00000013) addi zero, zero, 0


mem[X,0x801AC060] -> 0xF693
mem[X,0x801AC062] -> 0xFFC6
[994] [M]: 0x801AC060 (0xFFC6F693) andi a3, a3, 4092
x13 <- 0x801ABF6C


mem[X,0x801AC064] -> 0x8FB3
mem[X,0x801AC066] -> 0x40DF
[995] [M]: 0x801AC064 (0x40DF8FB3) sub t6, t6, a3
x31 <- 0x00000087


mem[X,0x801AC068] -> 0x2823
mem[X,0x801AC06A] -> 0x05F1
[996] [M]: 0x801AC068 (0x05F12823) sw t6, 80(sp)
mem[0x801AF164] <- 0x00000087


mem[X,0x801AC06C] -> 0x0013
mem[X,0x801AC06E] -> 0x0000
[997] [M]: 0x801AC06C (0x00000013) addi zero, zero, 0


mem[X,0x801AC070] -> 0x0013
mem[X,0x801AC072] -> 0x0000
[998] [M]: 0x801AC070 (0x00000013) addi zero, zero, 0


mem[X,0x801AC074] -> 0x0013
mem[X,0x801AC076] -> 0x0000
[999] [M]: 0x801AC074 (0x00000013) addi zero, zero, 0


clint::tick mtime <- 0x000000000000000A
 clint timer pending at mtime 0x000000000000000A
htif::tick 0x0000000000000000
mem[X,0x801AC078] -> 0x0013
mem[X,0x801AC07A] -> 0x0000
[1000] [M]: 0x801AC078 (0x00000013) addi zero, zero, 0


mem[X,0x801AC07C] -> 0x0013
mem[X,0x801AC07E] -> 0x0000
[1001] [M]: 0x801AC07C (0x00000013) addi zero, zero, 0


mem[X,0x801AC080] -> 0x0697
mem[X,0x801AC082] -> 0x0000
[1002] [M]: 0x801AC080 (0x00000697) auipc a3, 0
x13 <- 0x801AC080


mem[X,0x801AC084] -> 0x8693
mem[X,0x801AC086] -> 0x06C6
[1003] [M]: 0x801AC084 (0x06C68693) addi a3, a3, 108
x13 <- 0x801AC0EC


mem[X,0x801AC088] -> 0x0013
mem[X,0x801AC08A] -> 0x0000
[1004] [M]: 0x801AC088 (0x00000013) addi zero, zero, 0


mem[X,0x801AC08C] -> 0x0013
mem[X,0x801AC08E] -> 0x0000
[1005] [M]: 0x801AC08C (0x00000013) addi zero, zero, 0


mem[X,0x801AC090] -> 0x0013
mem[X,0x801AC092] -> 0x0000
[1006] [M]: 0x801AC090 (0x00000013) addi zero, zero, 0


mem[X,0x801AC094] -> 0x0013
mem[X,0x801AC096] -> 0x0000
[1007] [M]: 0x801AC094 (0x00000013) addi zero, zero, 0


mem[X,0x801AC098] -> 0x0013
mem[X,0x801AC09A] -> 0x0000
[1008] [M]: 0x801AC098 (0x00000013) addi zero, zero, 0


mem[X,0x801AC09C] -> 0x0013
mem[X,0x801AC09E] -> 0x0000
[1009] [M]: 0x801AC09C (0x00000013) addi zero, zero, 0


mem[X,0x801AC0A0] -> 0x8067
mem[X,0x801AC0A2] -> 0x0006
[1010] [M]: 0x801AC0A0 (0x00068067) jalr zero, a3, 0


mem[X,0x801AC0EC] -> 0x0D6F
mem[X,0x801AC0EE] -> 0x00C0
[1011] [M]: 0x801AC0EC (0x00C00D6F) jal s10, 12
x26 <- 0x801AC0F0


mem[X,0x801AC0F8] -> 0x4D13
mem[X,0x801AC0FA] -> 0x003D
[1012] [M]: 0x801AC0F8 (0x003D4D13) xori s10, s10, 3
x26 <- 0x801AC0F3


mem[X,0x801AC0FC] -> 0x0013
mem[X,0x801AC0FE] -> 0x0000
[1013] [M]: 0x801AC0FC (0x00000013) addi zero, zero, 0


mem[X,0x801AC100] -> 0x0697
mem[X,0x801AC102] -> 0x0000
[1014] [M]: 0x801AC100 (0x00000697) auipc a3, 0
x13 <- 0x801AC100


mem[X,0x801AC104] -> 0x8693
mem[X,0x801AC106] -> 0x0246
[1015] [M]: 0x801AC104 (0x02468693) addi a3, a3, 36
x13 <- 0x801AC124


mem[X,0x801AC108] -> 0x0013
mem[X,0x801AC10A] -> 0x0000
[1016] [M]: 0x801AC108 (0x00000013) addi zero, zero, 0


mem[X,0x801AC10C] -> 0x0013
mem[X,0x801AC10E] -> 0x0000
[1017] [M]: 0x801AC10C (0x00000013) addi zero, zero, 0


mem[X,0x801AC110] -> 0x0013
mem[X,0x801AC112] -> 0x0000
[1018] [M]: 0x801AC110 (0x00000013) addi zero, zero, 0


mem[X,0x801AC114] -> 0x0013
mem[X,0x801AC116] -> 0x0000
[1019] [M]: 0x801AC114 (0x00000013) addi zero, zero, 0


mem[X,0x801AC118] -> 0x0013
mem[X,0x801AC11A] -> 0x0000
[1020] [M]: 0x801AC118 (0x00000013) addi zero, zero, 0


mem[X,0x801AC11C] -> 0x0013
mem[X,0x801AC11E] -> 0x0000
[1021] [M]: 0x801AC11C (0x00000013) addi zero, zero, 0


mem[X,0x801AC120] -> 0x8067
mem[X,0x801AC122] -> 0x0006
[1022] [M]: 0x801AC120 (0x00068067) jalr zero, a3, 0


mem[X,0x801AC124] -> 0x0013
mem[X,0x801AC126] -> 0x0000
[1023] [M]: 0x801AC124 (0x00000013) addi zero, zero, 0


mem[X,0x801AC128] -> 0x0013
mem[X,0x801AC12A] -> 0x0000
[1024] [M]: 0x801AC128 (0x00000013) addi zero, zero, 0


mem[X,0x801AC12C] -> 0x0013
mem[X,0x801AC12E] -> 0x0000
[1025] [M]: 0x801AC12C (0x00000013) addi zero, zero, 0


mem[X,0x801AC130] -> 0x0013
mem[X,0x801AC132] -> 0x0000
[1026] [M]: 0x801AC130 (0x00000013) addi zero, zero, 0


mem[X,0x801AC134] -> 0x0013
mem[X,0x801AC136] -> 0x0000
[1027] [M]: 0x801AC134 (0x00000013) addi zero, zero, 0


mem[X,0x801AC138] -> 0x0013
mem[X,0x801AC13A] -> 0x0000
[1028] [M]: 0x801AC138 (0x00000013) addi zero, zero, 0


mem[X,0x801AC13C] -> 0x0013
mem[X,0x801AC13E] -> 0x0000
[1029] [M]: 0x801AC13C (0x00000013) addi zero, zero, 0


mem[X,0x801AC140] -> 0x0697
mem[X,0x801AC142] -> 0x0000
[1030] [M]: 0x801AC140 (0x00000697) auipc a3, 0
x13 <- 0x801AC140


mem[X,0x801AC144] -> 0x8693
mem[X,0x801AC146] -> 0xF2C6
[1031] [M]: 0x801AC144 (0xF2C68693) addi a3, a3, 3884
x13 <- 0x801AC06C


mem[X,0x801AC148] -> 0x0013
mem[X,0x801AC14A] -> 0x0000
[1032] [M]: 0x801AC148 (0x00000013) addi zero, zero, 0


mem[X,0x801AC14C] -> 0x0013
mem[X,0x801AC14E] -> 0x0000
[1033] [M]: 0x801AC14C (0x00000013) addi zero, zero, 0


mem[X,0x801AC150] -> 0x0013
mem[X,0x801AC152] -> 0x0000
[1034] [M]: 0x801AC150 (0x00000013) addi zero, zero, 0


mem[X,0x801AC154] -> 0x0013
mem[X,0x801AC156] -> 0x0000
[1035] [M]: 0x801AC154 (0x00000013) addi zero, zero, 0


mem[X,0x801AC158] -> 0x0013
mem[X,0x801AC15A] -> 0x0000
[1036] [M]: 0x801AC158 (0x00000013) addi zero, zero, 0


mem[X,0x801AC15C] -> 0x0013
mem[X,0x801AC15E] -> 0x0000
[1037] [M]: 0x801AC15C (0x00000013) addi zero, zero, 0


mem[X,0x801AC160] -> 0xF693
mem[X,0x801AC162] -> 0xFFC6
[1038] [M]: 0x801AC160 (0xFFC6F693) andi a3, a3, 4092
x13 <- 0x801AC06C


mem[X,0x801AC164] -> 0x0D33
mem[X,0x801AC166] -> 0x40DD
[1039] [M]: 0x801AC164 (0x40DD0D33) sub s10, s10, a3
x26 <- 0x00000087


mem[X,0x801AC168] -> 0x2A23
mem[X,0x801AC16A] -> 0x05A1
[1040] [M]: 0x801AC168 (0x05A12A23) sw s10, 84(sp)
mem[0x801AF168] <- 0x00000087


mem[X,0x801AC16C] -> 0x0013
mem[X,0x801AC16E] -> 0x0000
[1041] [M]: 0x801AC16C (0x00000013) addi zero, zero, 0


mem[X,0x801AC170] -> 0x0013
mem[X,0x801AC172] -> 0x0000
[1042] [M]: 0x801AC170 (0x00000013) addi zero, zero, 0


mem[X,0x801AC174] -> 0x0013
mem[X,0x801AC176] -> 0x0000
[1043] [M]: 0x801AC174 (0x00000013) addi zero, zero, 0


mem[X,0x801AC178] -> 0x0013
mem[X,0x801AC17A] -> 0x0000
[1044] [M]: 0x801AC178 (0x00000013) addi zero, zero, 0


mem[X,0x801AC17C] -> 0x0013
mem[X,0x801AC17E] -> 0x0000
[1045] [M]: 0x801AC17C (0x00000013) addi zero, zero, 0


mem[X,0x801AC180] -> 0x0697
mem[X,0x801AC182] -> 0x0000
[1046] [M]: 0x801AC180 (0x00000697) auipc a3, 0
x13 <- 0x801AC180


mem[X,0x801AC184] -> 0x8693
mem[X,0x801AC186] -> 0x06C6
[1047] [M]: 0x801AC184 (0x06C68693) addi a3, a3, 108
x13 <- 0x801AC1EC


mem[X,0x801AC188] -> 0x0013
mem[X,0x801AC18A] -> 0x0000
[1048] [M]: 0x801AC188 (0x00000013) addi zero, zero, 0


mem[X,0x801AC18C] -> 0x0013
mem[X,0x801AC18E] -> 0x0000
[1049] [M]: 0x801AC18C (0x00000013) addi zero, zero, 0


mem[X,0x801AC190] -> 0x0013
mem[X,0x801AC192] -> 0x0000
[1050] [M]: 0x801AC190 (0x00000013) addi zero, zero, 0


mem[X,0x801AC194] -> 0x0013
mem[X,0x801AC196] -> 0x0000
[1051] [M]: 0x801AC194 (0x00000013) addi zero, zero, 0


mem[X,0x801AC198] -> 0x0013
mem[X,0x801AC19A] -> 0x0000
[1052] [M]: 0x801AC198 (0x00000013) addi zero, zero, 0


mem[X,0x801AC19C] -> 0x0013
mem[X,0x801AC19E] -> 0x0000
[1053] [M]: 0x801AC19C (0x00000013) addi zero, zero, 0


mem[X,0x801AC1A0] -> 0x8067
mem[X,0x801AC1A2] -> 0x0006
[1054] [M]: 0x801AC1A0 (0x00068067) jalr zero, a3, 0


mem[X,0x801AC1EC] -> 0x02EF
mem[X,0x801AC1EE] -> 0x00C0
[1055] [M]: 0x801AC1EC (0x00C002EF) jal t0, 12
x5 <- 0x801AC1F0


mem[X,0x801AC1F8] -> 0xC293
mem[X,0x801AC1FA] -> 0x0032
[1056] [M]: 0x801AC1F8 (0x0032C293) xori t0, t0, 3
x5 <- 0x801AC1F3


mem[X,0x801AC1FC] -> 0x0013
mem[X,0x801AC1FE] -> 0x0000
[1057] [M]: 0x801AC1FC (0x00000013) addi zero, zero, 0


mem[X,0x801AC200] -> 0x0697
mem[X,0x801AC202] -> 0x0000
[1058] [M]: 0x801AC200 (0x00000697) auipc a3, 0
x13 <- 0x801AC200


mem[X,0x801AC204] -> 0x8693
mem[X,0x801AC206] -> 0x0246
[1059] [M]: 0x801AC204 (0x02468693) addi a3, a3, 36
x13 <- 0x801AC224


mem[X,0x801AC208] -> 0x0013
mem[X,0x801AC20A] -> 0x0000
[1060] [M]: 0x801AC208 (0x00000013) addi zero, zero, 0


mem[X,0x801AC20C] -> 0x0013
mem[X,0x801AC20E] -> 0x0000
[1061] [M]: 0x801AC20C (0x00000013) addi zero, zero, 0


mem[X,0x801AC210] -> 0x0013
mem[X,0x801AC212] -> 0x0000
[1062] [M]: 0x801AC210 (0x00000013) addi zero, zero, 0


mem[X,0x801AC214] -> 0x0013
mem[X,0x801AC216] -> 0x0000
[1063] [M]: 0x801AC214 (0x00000013) addi zero, zero, 0


mem[X,0x801AC218] -> 0x0013
mem[X,0x801AC21A] -> 0x0000
[1064] [M]: 0x801AC218 (0x00000013) addi zero, zero, 0


mem[X,0x801AC21C] -> 0x0013
mem[X,0x801AC21E] -> 0x0000
[1065] [M]: 0x801AC21C (0x00000013) addi zero, zero, 0


mem[X,0x801AC220] -> 0x8067
mem[X,0x801AC222] -> 0x0006
[1066] [M]: 0x801AC220 (0x00068067) jalr zero, a3, 0


mem[X,0x801AC224] -> 0x0013
mem[X,0x801AC226] -> 0x0000
[1067] [M]: 0x801AC224 (0x00000013) addi zero, zero, 0


mem[X,0x801AC228] -> 0x0013
mem[X,0x801AC22A] -> 0x0000
[1068] [M]: 0x801AC228 (0x00000013) addi zero, zero, 0


mem[X,0x801AC22C] -> 0x0013
mem[X,0x801AC22E] -> 0x0000
[1069] [M]: 0x801AC22C (0x00000013) addi zero, zero, 0


mem[X,0x801AC230] -> 0x0013
mem[X,0x801AC232] -> 0x0000
[1070] [M]: 0x801AC230 (0x00000013) addi zero, zero, 0


mem[X,0x801AC234] -> 0x0013
mem[X,0x801AC236] -> 0x0000
[1071] [M]: 0x801AC234 (0x00000013) addi zero, zero, 0


mem[X,0x801AC238] -> 0x0013
mem[X,0x801AC23A] -> 0x0000
[1072] [M]: 0x801AC238 (0x00000013) addi zero, zero, 0


mem[X,0x801AC23C] -> 0x0013
mem[X,0x801AC23E] -> 0x0000
[1073] [M]: 0x801AC23C (0x00000013) addi zero, zero, 0


mem[X,0x801AC240] -> 0x0697
mem[X,0x801AC242] -> 0x0000
[1074] [M]: 0x801AC240 (0x00000697) auipc a3, 0
x13 <- 0x801AC240


mem[X,0x801AC244] -> 0x8693
mem[X,0x801AC246] -> 0xF2C6
[1075] [M]: 0x801AC244 (0xF2C68693) addi a3, a3, 3884
x13 <- 0x801AC16C


mem[X,0x801AC248] -> 0x0013
mem[X,0x801AC24A] -> 0x0000
[1076] [M]: 0x801AC248 (0x00000013) addi zero, zero, 0


mem[X,0x801AC24C] -> 0x0013
mem[X,0x801AC24E] -> 0x0000
[1077] [M]: 0x801AC24C (0x00000013) addi zero, zero, 0


mem[X,0x801AC250] -> 0x0013
mem[X,0x801AC252] -> 0x0000
[1078] [M]: 0x801AC250 (0x00000013) addi zero, zero, 0


mem[X,0x801AC254] -> 0x0013
mem[X,0x801AC256] -> 0x0000
[1079] [M]: 0x801AC254 (0x00000013) addi zero, zero, 0


mem[X,0x801AC258] -> 0x0013
mem[X,0x801AC25A] -> 0x0000
[1080] [M]: 0x801AC258 (0x00000013) addi zero, zero, 0


mem[X,0x801AC25C] -> 0x0013
mem[X,0x801AC25E] -> 0x0000
[1081] [M]: 0x801AC25C (0x00000013) addi zero, zero, 0


mem[X,0x801AC260] -> 0xF693
mem[X,0x801AC262] -> 0xFFC6
[1082] [M]: 0x801AC260 (0xFFC6F693) andi a3, a3, 4092
x13 <- 0x801AC16C


mem[X,0x801AC264] -> 0x82B3
mem[X,0x801AC266] -> 0x40D2
[1083] [M]: 0x801AC264 (0x40D282B3) sub t0, t0, a3
x5 <- 0x00000087


mem[X,0x801AC268] -> 0x2C23
mem[X,0x801AC26A] -> 0x0451
[1084] [M]: 0x801AC268 (0x04512C23) sw t0, 88(sp)
mem[0x801AF16C] <- 0x00000087


mem[X,0x801AC26C] -> 0x0013
mem[X,0x801AC26E] -> 0x0000
[1085] [M]: 0x801AC26C (0x00000013) addi zero, zero, 0


mem[X,0x801AC270] -> 0x0013
mem[X,0x801AC272] -> 0x0000
[1086] [M]: 0x801AC270 (0x00000013) addi zero, zero, 0


mem[X,0x801AC274] -> 0x0013
mem[X,0x801AC276] -> 0x0000
[1087] [M]: 0x801AC274 (0x00000013) addi zero, zero, 0


mem[X,0x801AC278] -> 0x0013
mem[X,0x801AC27A] -> 0x0000
[1088] [M]: 0x801AC278 (0x00000013) addi zero, zero, 0


mem[X,0x801AC27C] -> 0x0013
mem[X,0x801AC27E] -> 0x0000
[1089] [M]: 0x801AC27C (0x00000013) addi zero, zero, 0


mem[X,0x801AC280] -> 0x0697
mem[X,0x801AC282] -> 0x0000
[1090] [M]: 0x801AC280 (0x00000697) auipc a3, 0
x13 <- 0x801AC280


mem[X,0x801AC284] -> 0x8693
mem[X,0x801AC286] -> 0x06C6
[1091] [M]: 0x801AC284 (0x06C68693) addi a3, a3, 108
x13 <- 0x801AC2EC


mem[X,0x801AC288] -> 0x0013
mem[X,0x801AC28A] -> 0x0000
[1092] [M]: 0x801AC288 (0x00000013) addi zero, zero, 0


mem[X,0x801AC28C] -> 0x0013
mem[X,0x801AC28E] -> 0x0000
[1093] [M]: 0x801AC28C (0x00000013) addi zero, zero, 0


mem[X,0x801AC290] -> 0x0013
mem[X,0x801AC292] -> 0x0000
[1094] [M]: 0x801AC290 (0x00000013) addi zero, zero, 0


mem[X,0x801AC294] -> 0x0013
mem[X,0x801AC296] -> 0x0000
[1095] [M]: 0x801AC294 (0x00000013) addi zero, zero, 0


mem[X,0x801AC298] -> 0x0013
mem[X,0x801AC29A] -> 0x0000
[1096] [M]: 0x801AC298 (0x00000013) addi zero, zero, 0


mem[X,0x801AC29C] -> 0x0013
mem[X,0x801AC29E] -> 0x0000
[1097] [M]: 0x801AC29C (0x00000013) addi zero, zero, 0


mem[X,0x801AC2A0] -> 0x8067
mem[X,0x801AC2A2] -> 0x0006
[1098] [M]: 0x801AC2A0 (0x00068067) jalr zero, a3, 0


mem[X,0x801AC2EC] -> 0x07EF
mem[X,0x801AC2EE] -> 0x00C0
[1099] [M]: 0x801AC2EC (0x00C007EF) jal a5, 12
x15 <- 0x801AC2F0


clint::tick mtime <- 0x000000000000000B
 clint timer pending at mtime 0x000000000000000B
htif::tick 0x0000000000000000
mem[X,0x801AC2F8] -> 0xC793
mem[X,0x801AC2FA] -> 0x0037
[1100] [M]: 0x801AC2F8 (0x0037C793) xori a5, a5, 3
x15 <- 0x801AC2F3


mem[X,0x801AC2FC] -> 0x0013
mem[X,0x801AC2FE] -> 0x0000
[1101] [M]: 0x801AC2FC (0x00000013) addi zero, zero, 0


mem[X,0x801AC300] -> 0x0697
mem[X,0x801AC302] -> 0x0000
[1102] [M]: 0x801AC300 (0x00000697) auipc a3, 0
x13 <- 0x801AC300


mem[X,0x801AC304] -> 0x8693
mem[X,0x801AC306] -> 0x0246
[1103] [M]: 0x801AC304 (0x02468693) addi a3, a3, 36
x13 <- 0x801AC324


mem[X,0x801AC308] -> 0x0013
mem[X,0x801AC30A] -> 0x0000
[1104] [M]: 0x801AC308 (0x00000013) addi zero, zero, 0


mem[X,0x801AC30C] -> 0x0013
mem[X,0x801AC30E] -> 0x0000
[1105] [M]: 0x801AC30C (0x00000013) addi zero, zero, 0


mem[X,0x801AC310] -> 0x0013
mem[X,0x801AC312] -> 0x0000
[1106] [M]: 0x801AC310 (0x00000013) addi zero, zero, 0


mem[X,0x801AC314] -> 0x0013
mem[X,0x801AC316] -> 0x0000
[1107] [M]: 0x801AC314 (0x00000013) addi zero, zero, 0


mem[X,0x801AC318] -> 0x0013
mem[X,0x801AC31A] -> 0x0000
[1108] [M]: 0x801AC318 (0x00000013) addi zero, zero, 0


mem[X,0x801AC31C] -> 0x0013
mem[X,0x801AC31E] -> 0x0000
[1109] [M]: 0x801AC31C (0x00000013) addi zero, zero, 0


mem[X,0x801AC320] -> 0x8067
mem[X,0x801AC322] -> 0x0006
[1110] [M]: 0x801AC320 (0x00068067) jalr zero, a3, 0


mem[X,0x801AC324] -> 0x0013
mem[X,0x801AC326] -> 0x0000
[1111] [M]: 0x801AC324 (0x00000013) addi zero, zero, 0


mem[X,0x801AC328] -> 0x0013
mem[X,0x801AC32A] -> 0x0000
[1112] [M]: 0x801AC328 (0x00000013) addi zero, zero, 0


mem[X,0x801AC32C] -> 0x0013
mem[X,0x801AC32E] -> 0x0000
[1113] [M]: 0x801AC32C (0x00000013) addi zero, zero, 0


mem[X,0x801AC330] -> 0x0013
mem[X,0x801AC332] -> 0x0000
[1114] [M]: 0x801AC330 (0x00000013) addi zero, zero, 0


mem[X,0x801AC334] -> 0x0013
mem[X,0x801AC336] -> 0x0000
[1115] [M]: 0x801AC334 (0x00000013) addi zero, zero, 0


mem[X,0x801AC338] -> 0x0013
mem[X,0x801AC33A] -> 0x0000
[1116] [M]: 0x801AC338 (0x00000013) addi zero, zero, 0


mem[X,0x801AC33C] -> 0x0013
mem[X,0x801AC33E] -> 0x0000
[1117] [M]: 0x801AC33C (0x00000013) addi zero, zero, 0


mem[X,0x801AC340] -> 0x0697
mem[X,0x801AC342] -> 0x0000
[1118] [M]: 0x801AC340 (0x00000697) auipc a3, 0
x13 <- 0x801AC340


mem[X,0x801AC344] -> 0x8693
mem[X,0x801AC346] -> 0xF2C6
[1119] [M]: 0x801AC344 (0xF2C68693) addi a3, a3, 3884
x13 <- 0x801AC26C


mem[X,0x801AC348] -> 0x0013
mem[X,0x801AC34A] -> 0x0000
[1120] [M]: 0x801AC348 (0x00000013) addi zero, zero, 0


mem[X,0x801AC34C] -> 0x0013
mem[X,0x801AC34E] -> 0x0000
[1121] [M]: 0x801AC34C (0x00000013) addi zero, zero, 0


mem[X,0x801AC350] -> 0x0013
mem[X,0x801AC352] -> 0x0000
[1122] [M]: 0x801AC350 (0x00000013) addi zero, zero, 0


mem[X,0x801AC354] -> 0x0013
mem[X,0x801AC356] -> 0x0000
[1123] [M]: 0x801AC354 (0x00000013) addi zero, zero, 0


mem[X,0x801AC358] -> 0x0013
mem[X,0x801AC35A] -> 0x0000
[1124] [M]: 0x801AC358 (0x00000013) addi zero, zero, 0


mem[X,0x801AC35C] -> 0x0013
mem[X,0x801AC35E] -> 0x0000
[1125] [M]: 0x801AC35C (0x00000013) addi zero, zero, 0


mem[X,0x801AC360] -> 0xF693
mem[X,0x801AC362] -> 0xFFC6
[1126] [M]: 0x801AC360 (0xFFC6F693) andi a3, a3, 4092
x13 <- 0x801AC26C


mem[X,0x801AC364] -> 0x87B3
mem[X,0x801AC366] -> 0x40D7
[1127] [M]: 0x801AC364 (0x40D787B3) sub a5, a5, a3
x15 <- 0x00000087


mem[X,0x801AC368] -> 0x2E23
mem[X,0x801AC36A] -> 0x04F1
[1128] [M]: 0x801AC368 (0x04F12E23) sw a5, 92(sp)
mem[0x801AF170] <- 0x00000087


mem[X,0x801AC36C] -> 0x0013
mem[X,0x801AC36E] -> 0x0000
[1129] [M]: 0x801AC36C (0x00000013) addi zero, zero, 0


mem[X,0x801AC370] -> 0x0013
mem[X,0x801AC372] -> 0x0000
[1130] [M]: 0x801AC370 (0x00000013) addi zero, zero, 0


mem[X,0x801AC374] -> 0x0013
mem[X,0x801AC376] -> 0x0000
[1131] [M]: 0x801AC374 (0x00000013) addi zero, zero, 0


mem[X,0x801AC378] -> 0x0013
mem[X,0x801AC37A] -> 0x0000
[1132] [M]: 0x801AC378 (0x00000013) addi zero, zero, 0


mem[X,0x801AC37C] -> 0x0013
mem[X,0x801AC37E] -> 0x0000
[1133] [M]: 0x801AC37C (0x00000013) addi zero, zero, 0


mem[X,0x801AC380] -> 0x0697
mem[X,0x801AC382] -> 0x0000
[1134] [M]: 0x801AC380 (0x00000697) auipc a3, 0
x13 <- 0x801AC380


mem[X,0x801AC384] -> 0x8693
mem[X,0x801AC386] -> 0x06C6
[1135] [M]: 0x801AC384 (0x06C68693) addi a3, a3, 108
x13 <- 0x801AC3EC


mem[X,0x801AC388] -> 0x0013
mem[X,0x801AC38A] -> 0x0000
[1136] [M]: 0x801AC388 (0x00000013) addi zero, zero, 0


mem[X,0x801AC38C] -> 0x0013
mem[X,0x801AC38E] -> 0x0000
[1137] [M]: 0x801AC38C (0x00000013) addi zero, zero, 0


mem[X,0x801AC390] -> 0x0013
mem[X,0x801AC392] -> 0x0000
[1138] [M]: 0x801AC390 (0x00000013) addi zero, zero, 0


mem[X,0x801AC394] -> 0x0013
mem[X,0x801AC396] -> 0x0000
[1139] [M]: 0x801AC394 (0x00000013) addi zero, zero, 0


mem[X,0x801AC398] -> 0x0013
mem[X,0x801AC39A] -> 0x0000
[1140] [M]: 0x801AC398 (0x00000013) addi zero, zero, 0


mem[X,0x801AC39C] -> 0x0013
mem[X,0x801AC39E] -> 0x0000
[1141] [M]: 0x801AC39C (0x00000013) addi zero, zero, 0


mem[X,0x801AC3A0] -> 0x8067
mem[X,0x801AC3A2] -> 0x0006
[1142] [M]: 0x801AC3A0 (0x00068067) jalr zero, a3, 0


mem[X,0x801AC3EC] -> 0x0BEF
mem[X,0x801AC3EE] -> 0x00C0
[1143] [M]: 0x801AC3EC (0x00C00BEF) jal s7, 12
x23 <- 0x801AC3F0


mem[X,0x801AC3F8] -> 0xCB93
mem[X,0x801AC3FA] -> 0x003B
[1144] [M]: 0x801AC3F8 (0x003BCB93) xori s7, s7, 3
x23 <- 0x801AC3F3


mem[X,0x801AC3FC] -> 0x0013
mem[X,0x801AC3FE] -> 0x0000
[1145] [M]: 0x801AC3FC (0x00000013) addi zero, zero, 0


mem[X,0x801AC400] -> 0x0697
mem[X,0x801AC402] -> 0x0000
[1146] [M]: 0x801AC400 (0x00000697) auipc a3, 0
x13 <- 0x801AC400


mem[X,0x801AC404] -> 0x8693
mem[X,0x801AC406] -> 0x0246
[1147] [M]: 0x801AC404 (0x02468693) addi a3, a3, 36
x13 <- 0x801AC424


mem[X,0x801AC408] -> 0x0013
mem[X,0x801AC40A] -> 0x0000
[1148] [M]: 0x801AC408 (0x00000013) addi zero, zero, 0


mem[X,0x801AC40C] -> 0x0013
mem[X,0x801AC40E] -> 0x0000
[1149] [M]: 0x801AC40C (0x00000013) addi zero, zero, 0


mem[X,0x801AC410] -> 0x0013
mem[X,0x801AC412] -> 0x0000
[1150] [M]: 0x801AC410 (0x00000013) addi zero, zero, 0


mem[X,0x801AC414] -> 0x0013
mem[X,0x801AC416] -> 0x0000
[1151] [M]: 0x801AC414 (0x00000013) addi zero, zero, 0


mem[X,0x801AC418] -> 0x0013
mem[X,0x801AC41A] -> 0x0000
[1152] [M]: 0x801AC418 (0x00000013) addi zero, zero, 0


mem[X,0x801AC41C] -> 0x0013
mem[X,0x801AC41E] -> 0x0000
[1153] [M]: 0x801AC41C (0x00000013) addi zero, zero, 0


mem[X,0x801AC420] -> 0x8067
mem[X,0x801AC422] -> 0x0006
[1154] [M]: 0x801AC420 (0x00068067) jalr zero, a3, 0


mem[X,0x801AC424] -> 0x0013
mem[X,0x801AC426] -> 0x0000
[1155] [M]: 0x801AC424 (0x00000013) addi zero, zero, 0


mem[X,0x801AC428] -> 0x0013
mem[X,0x801AC42A] -> 0x0000
[1156] [M]: 0x801AC428 (0x00000013) addi zero, zero, 0


mem[X,0x801AC42C] -> 0x0013
mem[X,0x801AC42E] -> 0x0000
[1157] [M]: 0x801AC42C (0x00000013) addi zero, zero, 0


mem[X,0x801AC430] -> 0x0013
mem[X,0x801AC432] -> 0x0000
[1158] [M]: 0x801AC430 (0x00000013) addi zero, zero, 0


mem[X,0x801AC434] -> 0x0013
mem[X,0x801AC436] -> 0x0000
[1159] [M]: 0x801AC434 (0x00000013) addi zero, zero, 0


mem[X,0x801AC438] -> 0x0013
mem[X,0x801AC43A] -> 0x0000
[1160] [M]: 0x801AC438 (0x00000013) addi zero, zero, 0


mem[X,0x801AC43C] -> 0x0013
mem[X,0x801AC43E] -> 0x0000
[1161] [M]: 0x801AC43C (0x00000013) addi zero, zero, 0


mem[X,0x801AC440] -> 0x0697
mem[X,0x801AC442] -> 0x0000
[1162] [M]: 0x801AC440 (0x00000697) auipc a3, 0
x13 <- 0x801AC440


mem[X,0x801AC444] -> 0x8693
mem[X,0x801AC446] -> 0xF2C6
[1163] [M]: 0x801AC444 (0xF2C68693) addi a3, a3, 3884
x13 <- 0x801AC36C


mem[X,0x801AC448] -> 0x0013
mem[X,0x801AC44A] -> 0x0000
[1164] [M]: 0x801AC448 (0x00000013) addi zero, zero, 0


mem[X,0x801AC44C] -> 0x0013
mem[X,0x801AC44E] -> 0x0000
[1165] [M]: 0x801AC44C (0x00000013) addi zero, zero, 0


mem[X,0x801AC450] -> 0x0013
mem[X,0x801AC452] -> 0x0000
[1166] [M]: 0x801AC450 (0x00000013) addi zero, zero, 0


mem[X,0x801AC454] -> 0x0013
mem[X,0x801AC456] -> 0x0000
[1167] [M]: 0x801AC454 (0x00000013) addi zero, zero, 0


mem[X,0x801AC458] -> 0x0013
mem[X,0x801AC45A] -> 0x0000
[1168] [M]: 0x801AC458 (0x00000013) addi zero, zero, 0


mem[X,0x801AC45C] -> 0x0013
mem[X,0x801AC45E] -> 0x0000
[1169] [M]: 0x801AC45C (0x00000013) addi zero, zero, 0


mem[X,0x801AC460] -> 0xF693
mem[X,0x801AC462] -> 0xFFC6
[1170] [M]: 0x801AC460 (0xFFC6F693) andi a3, a3, 4092
x13 <- 0x801AC36C


mem[X,0x801AC464] -> 0x8BB3
mem[X,0x801AC466] -> 0x40DB
[1171] [M]: 0x801AC464 (0x40DB8BB3) sub s7, s7, a3
x23 <- 0x00000087


mem[X,0x801AC468] -> 0x2023
mem[X,0x801AC46A] -> 0x0771
[1172] [M]: 0x801AC468 (0x07712023) sw s7, 96(sp)
mem[0x801AF174] <- 0x00000087


mem[X,0x801AC46C] -> 0x0013
mem[X,0x801AC46E] -> 0x0000
[1173] [M]: 0x801AC46C (0x00000013) addi zero, zero, 0


mem[X,0x801AC470] -> 0x0013
mem[X,0x801AC472] -> 0x0000
[1174] [M]: 0x801AC470 (0x00000013) addi zero, zero, 0


mem[X,0x801AC474] -> 0x0013
mem[X,0x801AC476] -> 0x0000
[1175] [M]: 0x801AC474 (0x00000013) addi zero, zero, 0


mem[X,0x801AC478] -> 0x0013
mem[X,0x801AC47A] -> 0x0000
[1176] [M]: 0x801AC478 (0x00000013) addi zero, zero, 0


mem[X,0x801AC47C] -> 0x0013
mem[X,0x801AC47E] -> 0x0000
[1177] [M]: 0x801AC47C (0x00000013) addi zero, zero, 0


mem[X,0x801AC480] -> 0x0697
mem[X,0x801AC482] -> 0x0000
[1178] [M]: 0x801AC480 (0x00000697) auipc a3, 0
x13 <- 0x801AC480


mem[X,0x801AC484] -> 0x8693
mem[X,0x801AC486] -> 0x06C6
[1179] [M]: 0x801AC484 (0x06C68693) addi a3, a3, 108
x13 <- 0x801AC4EC


mem[X,0x801AC488] -> 0x0013
mem[X,0x801AC48A] -> 0x0000
[1180] [M]: 0x801AC488 (0x00000013) addi zero, zero, 0


mem[X,0x801AC48C] -> 0x0013
mem[X,0x801AC48E] -> 0x0000
[1181] [M]: 0x801AC48C (0x00000013) addi zero, zero, 0


mem[X,0x801AC490] -> 0x0013
mem[X,0x801AC492] -> 0x0000
[1182] [M]: 0x801AC490 (0x00000013) addi zero, zero, 0


mem[X,0x801AC494] -> 0x0013
mem[X,0x801AC496] -> 0x0000
[1183] [M]: 0x801AC494 (0x00000013) addi zero, zero, 0


mem[X,0x801AC498] -> 0x0013
mem[X,0x801AC49A] -> 0x0000
[1184] [M]: 0x801AC498 (0x00000013) addi zero, zero, 0


mem[X,0x801AC49C] -> 0x0013
mem[X,0x801AC49E] -> 0x0000
[1185] [M]: 0x801AC49C (0x00000013) addi zero, zero, 0


mem[X,0x801AC4A0] -> 0x8067
mem[X,0x801AC4A2] -> 0x0006
[1186] [M]: 0x801AC4A0 (0x00068067) jalr zero, a3, 0


mem[X,0x801AC4EC] -> 0x0CEF
mem[X,0x801AC4EE] -> 0x00C0
[1187] [M]: 0x801AC4EC (0x00C00CEF) jal s9, 12
x25 <- 0x801AC4F0


mem[X,0x801AC4F8] -> 0xCC93
mem[X,0x801AC4FA] -> 0x003C
[1188] [M]: 0x801AC4F8 (0x003CCC93) xori s9, s9, 3
x25 <- 0x801AC4F3


mem[X,0x801AC4FC] -> 0x0013
mem[X,0x801AC4FE] -> 0x0000
[1189] [M]: 0x801AC4FC (0x00000013) addi zero, zero, 0


mem[X,0x801AC500] -> 0x0697
mem[X,0x801AC502] -> 0x0000
[1190] [M]: 0x801AC500 (0x00000697) auipc a3, 0
x13 <- 0x801AC500


mem[X,0x801AC504] -> 0x8693
mem[X,0x801AC506] -> 0x0246
[1191] [M]: 0x801AC504 (0x02468693) addi a3, a3, 36
x13 <- 0x801AC524


mem[X,0x801AC508] -> 0x0013
mem[X,0x801AC50A] -> 0x0000
[1192] [M]: 0x801AC508 (0x00000013) addi zero, zero, 0


mem[X,0x801AC50C] -> 0x0013
mem[X,0x801AC50E] -> 0x0000
[1193] [M]: 0x801AC50C (0x00000013) addi zero, zero, 0


mem[X,0x801AC510] -> 0x0013
mem[X,0x801AC512] -> 0x0000
[1194] [M]: 0x801AC510 (0x00000013) addi zero, zero, 0


mem[X,0x801AC514] -> 0x0013
mem[X,0x801AC516] -> 0x0000
[1195] [M]: 0x801AC514 (0x00000013) addi zero, zero, 0


mem[X,0x801AC518] -> 0x0013
mem[X,0x801AC51A] -> 0x0000
[1196] [M]: 0x801AC518 (0x00000013) addi zero, zero, 0


mem[X,0x801AC51C] -> 0x0013
mem[X,0x801AC51E] -> 0x0000
[1197] [M]: 0x801AC51C (0x00000013) addi zero, zero, 0


mem[X,0x801AC520] -> 0x8067
mem[X,0x801AC522] -> 0x0006
[1198] [M]: 0x801AC520 (0x00068067) jalr zero, a3, 0


mem[X,0x801AC524] -> 0x0013
mem[X,0x801AC526] -> 0x0000
[1199] [M]: 0x801AC524 (0x00000013) addi zero, zero, 0


clint::tick mtime <- 0x000000000000000C
 clint timer pending at mtime 0x000000000000000C
htif::tick 0x0000000000000000
mem[X,0x801AC528] -> 0x0013
mem[X,0x801AC52A] -> 0x0000
[1200] [M]: 0x801AC528 (0x00000013) addi zero, zero, 0


mem[X,0x801AC52C] -> 0x0013
mem[X,0x801AC52E] -> 0x0000
[1201] [M]: 0x801AC52C (0x00000013) addi zero, zero, 0


mem[X,0x801AC530] -> 0x0013
mem[X,0x801AC532] -> 0x0000
[1202] [M]: 0x801AC530 (0x00000013) addi zero, zero, 0


mem[X,0x801AC534] -> 0x0013
mem[X,0x801AC536] -> 0x0000
[1203] [M]: 0x801AC534 (0x00000013) addi zero, zero, 0


mem[X,0x801AC538] -> 0x0013
mem[X,0x801AC53A] -> 0x0000
[1204] [M]: 0x801AC538 (0x00000013) addi zero, zero, 0


mem[X,0x801AC53C] -> 0x0013
mem[X,0x801AC53E] -> 0x0000
[1205] [M]: 0x801AC53C (0x00000013) addi zero, zero, 0


mem[X,0x801AC540] -> 0x0697
mem[X,0x801AC542] -> 0x0000
[1206] [M]: 0x801AC540 (0x00000697) auipc a3, 0
x13 <- 0x801AC540


mem[X,0x801AC544] -> 0x8693
mem[X,0x801AC546] -> 0xF2C6
[1207] [M]: 0x801AC544 (0xF2C68693) addi a3, a3, 3884
x13 <- 0x801AC46C


mem[X,0x801AC548] -> 0x0013
mem[X,0x801AC54A] -> 0x0000
[1208] [M]: 0x801AC548 (0x00000013) addi zero, zero, 0


mem[X,0x801AC54C] -> 0x0013
mem[X,0x801AC54E] -> 0x0000
[1209] [M]: 0x801AC54C (0x00000013) addi zero, zero, 0


mem[X,0x801AC550] -> 0x0013
mem[X,0x801AC552] -> 0x0000
[1210] [M]: 0x801AC550 (0x00000013) addi zero, zero, 0


mem[X,0x801AC554] -> 0x0013
mem[X,0x801AC556] -> 0x0000
[1211] [M]: 0x801AC554 (0x00000013) addi zero, zero, 0


mem[X,0x801AC558] -> 0x0013
mem[X,0x801AC55A] -> 0x0000
[1212] [M]: 0x801AC558 (0x00000013) addi zero, zero, 0


mem[X,0x801AC55C] -> 0x0013
mem[X,0x801AC55E] -> 0x0000
[1213] [M]: 0x801AC55C (0x00000013) addi zero, zero, 0


mem[X,0x801AC560] -> 0xF693
mem[X,0x801AC562] -> 0xFFC6
[1214] [M]: 0x801AC560 (0xFFC6F693) andi a3, a3, 4092
x13 <- 0x801AC46C


mem[X,0x801AC564] -> 0x8CB3
mem[X,0x801AC566] -> 0x40DC
[1215] [M]: 0x801AC564 (0x40DC8CB3) sub s9, s9, a3
x25 <- 0x00000087


mem[X,0x801AC568] -> 0x2223
mem[X,0x801AC56A] -> 0x0791
[1216] [M]: 0x801AC568 (0x07912223) sw s9, 100(sp)
mem[0x801AF178] <- 0x00000087


mem[X,0x801AC56C] -> 0x0013
mem[X,0x801AC56E] -> 0x0000
[1217] [M]: 0x801AC56C (0x00000013) addi zero, zero, 0


mem[X,0x801AC570] -> 0x0013
mem[X,0x801AC572] -> 0x0000
[1218] [M]: 0x801AC570 (0x00000013) addi zero, zero, 0


mem[X,0x801AC574] -> 0x0013
mem[X,0x801AC576] -> 0x0000
[1219] [M]: 0x801AC574 (0x00000013) addi zero, zero, 0


mem[X,0x801AC578] -> 0x0013
mem[X,0x801AC57A] -> 0x0000
[1220] [M]: 0x801AC578 (0x00000013) addi zero, zero, 0


mem[X,0x801AC57C] -> 0x0013
mem[X,0x801AC57E] -> 0x0000
[1221] [M]: 0x801AC57C (0x00000013) addi zero, zero, 0


mem[X,0x801AC580] -> 0x0697
mem[X,0x801AC582] -> 0x0000
[1222] [M]: 0x801AC580 (0x00000697) auipc a3, 0
x13 <- 0x801AC580


mem[X,0x801AC584] -> 0x8693
mem[X,0x801AC586] -> 0x06C6
[1223] [M]: 0x801AC584 (0x06C68693) addi a3, a3, 108
x13 <- 0x801AC5EC


mem[X,0x801AC588] -> 0x0013
mem[X,0x801AC58A] -> 0x0000
[1224] [M]: 0x801AC588 (0x00000013) addi zero, zero, 0


mem[X,0x801AC58C] -> 0x0013
mem[X,0x801AC58E] -> 0x0000
[1225] [M]: 0x801AC58C (0x00000013) addi zero, zero, 0


mem[X,0x801AC590] -> 0x0013
mem[X,0x801AC592] -> 0x0000
[1226] [M]: 0x801AC590 (0x00000013) addi zero, zero, 0


mem[X,0x801AC594] -> 0x0013
mem[X,0x801AC596] -> 0x0000
[1227] [M]: 0x801AC594 (0x00000013) addi zero, zero, 0


mem[X,0x801AC598] -> 0x0013
mem[X,0x801AC59A] -> 0x0000
[1228] [M]: 0x801AC598 (0x00000013) addi zero, zero, 0


mem[X,0x801AC59C] -> 0x0013
mem[X,0x801AC59E] -> 0x0000
[1229] [M]: 0x801AC59C (0x00000013) addi zero, zero, 0


mem[X,0x801AC5A0] -> 0x8067
mem[X,0x801AC5A2] -> 0x0006
[1230] [M]: 0x801AC5A0 (0x00068067) jalr zero, a3, 0


mem[X,0x801AC5EC] -> 0x096F
mem[X,0x801AC5EE] -> 0x00C0
[1231] [M]: 0x801AC5EC (0x00C0096F) jal s2, 12
x18 <- 0x801AC5F0


mem[X,0x801AC5F8] -> 0x4913
mem[X,0x801AC5FA] -> 0x0039
[1232] [M]: 0x801AC5F8 (0x00394913) xori s2, s2, 3
x18 <- 0x801AC5F3


mem[X,0x801AC5FC] -> 0x0013
mem[X,0x801AC5FE] -> 0x0000
[1233] [M]: 0x801AC5FC (0x00000013) addi zero, zero, 0


mem[X,0x801AC600] -> 0x0697
mem[X,0x801AC602] -> 0x0000
[1234] [M]: 0x801AC600 (0x00000697) auipc a3, 0
x13 <- 0x801AC600


mem[X,0x801AC604] -> 0x8693
mem[X,0x801AC606] -> 0x0246
[1235] [M]: 0x801AC604 (0x02468693) addi a3, a3, 36
x13 <- 0x801AC624


mem[X,0x801AC608] -> 0x0013
mem[X,0x801AC60A] -> 0x0000
[1236] [M]: 0x801AC608 (0x00000013) addi zero, zero, 0


mem[X,0x801AC60C] -> 0x0013
mem[X,0x801AC60E] -> 0x0000
[1237] [M]: 0x801AC60C (0x00000013) addi zero, zero, 0


mem[X,0x801AC610] -> 0x0013
mem[X,0x801AC612] -> 0x0000
[1238] [M]: 0x801AC610 (0x00000013) addi zero, zero, 0


mem[X,0x801AC614] -> 0x0013
mem[X,0x801AC616] -> 0x0000
[1239] [M]: 0x801AC614 (0x00000013) addi zero, zero, 0


mem[X,0x801AC618] -> 0x0013
mem[X,0x801AC61A] -> 0x0000
[1240] [M]: 0x801AC618 (0x00000013) addi zero, zero, 0


mem[X,0x801AC61C] -> 0x0013
mem[X,0x801AC61E] -> 0x0000
[1241] [M]: 0x801AC61C (0x00000013) addi zero, zero, 0


mem[X,0x801AC620] -> 0x8067
mem[X,0x801AC622] -> 0x0006
[1242] [M]: 0x801AC620 (0x00068067) jalr zero, a3, 0


mem[X,0x801AC624] -> 0x0013
mem[X,0x801AC626] -> 0x0000
[1243] [M]: 0x801AC624 (0x00000013) addi zero, zero, 0


mem[X,0x801AC628] -> 0x0013
mem[X,0x801AC62A] -> 0x0000
[1244] [M]: 0x801AC628 (0x00000013) addi zero, zero, 0


mem[X,0x801AC62C] -> 0x0013
mem[X,0x801AC62E] -> 0x0000
[1245] [M]: 0x801AC62C (0x00000013) addi zero, zero, 0


mem[X,0x801AC630] -> 0x0013
mem[X,0x801AC632] -> 0x0000
[1246] [M]: 0x801AC630 (0x00000013) addi zero, zero, 0


mem[X,0x801AC634] -> 0x0013
mem[X,0x801AC636] -> 0x0000
[1247] [M]: 0x801AC634 (0x00000013) addi zero, zero, 0


mem[X,0x801AC638] -> 0x0013
mem[X,0x801AC63A] -> 0x0000
[1248] [M]: 0x801AC638 (0x00000013) addi zero, zero, 0


mem[X,0x801AC63C] -> 0x0013
mem[X,0x801AC63E] -> 0x0000
[1249] [M]: 0x801AC63C (0x00000013) addi zero, zero, 0


mem[X,0x801AC640] -> 0x0697
mem[X,0x801AC642] -> 0x0000
[1250] [M]: 0x801AC640 (0x00000697) auipc a3, 0
x13 <- 0x801AC640


mem[X,0x801AC644] -> 0x8693
mem[X,0x801AC646] -> 0xF2C6
[1251] [M]: 0x801AC644 (0xF2C68693) addi a3, a3, 3884
x13 <- 0x801AC56C


mem[X,0x801AC648] -> 0x0013
mem[X,0x801AC64A] -> 0x0000
[1252] [M]: 0x801AC648 (0x00000013) addi zero, zero, 0


mem[X,0x801AC64C] -> 0x0013
mem[X,0x801AC64E] -> 0x0000
[1253] [M]: 0x801AC64C (0x00000013) addi zero, zero, 0


mem[X,0x801AC650] -> 0x0013
mem[X,0x801AC652] -> 0x0000
[1254] [M]: 0x801AC650 (0x00000013) addi zero, zero, 0


mem[X,0x801AC654] -> 0x0013
mem[X,0x801AC656] -> 0x0000
[1255] [M]: 0x801AC654 (0x00000013) addi zero, zero, 0


mem[X,0x801AC658] -> 0x0013
mem[X,0x801AC65A] -> 0x0000
[1256] [M]: 0x801AC658 (0x00000013) addi zero, zero, 0


mem[X,0x801AC65C] -> 0x0013
mem[X,0x801AC65E] -> 0x0000
[1257] [M]: 0x801AC65C (0x00000013) addi zero, zero, 0


mem[X,0x801AC660] -> 0xF693
mem[X,0x801AC662] -> 0xFFC6
[1258] [M]: 0x801AC660 (0xFFC6F693) andi a3, a3, 4092
x13 <- 0x801AC56C


mem[X,0x801AC664] -> 0x0933
mem[X,0x801AC666] -> 0x40D9
[1259] [M]: 0x801AC664 (0x40D90933) sub s2, s2, a3
x18 <- 0x00000087


mem[X,0x801AC668] -> 0x2423
mem[X,0x801AC66A] -> 0x0721
[1260] [M]: 0x801AC668 (0x07212423) sw s2, 104(sp)
mem[0x801AF17C] <- 0x00000087


mem[X,0x801AC66C] -> 0x0013
mem[X,0x801AC66E] -> 0x0000
[1261] [M]: 0x801AC66C (0x00000013) addi zero, zero, 0


mem[X,0x801AC670] -> 0x0013
mem[X,0x801AC672] -> 0x0000
[1262] [M]: 0x801AC670 (0x00000013) addi zero, zero, 0


mem[X,0x801AC674] -> 0x0013
mem[X,0x801AC676] -> 0x0000
[1263] [M]: 0x801AC674 (0x00000013) addi zero, zero, 0


mem[X,0x801AC678] -> 0x0013
mem[X,0x801AC67A] -> 0x0000
[1264] [M]: 0x801AC678 (0x00000013) addi zero, zero, 0


mem[X,0x801AC67C] -> 0x0013
mem[X,0x801AC67E] -> 0x0000
[1265] [M]: 0x801AC67C (0x00000013) addi zero, zero, 0


mem[X,0x801AC680] -> 0x0697
mem[X,0x801AC682] -> 0x0000
[1266] [M]: 0x801AC680 (0x00000697) auipc a3, 0
x13 <- 0x801AC680


mem[X,0x801AC684] -> 0x8693
mem[X,0x801AC686] -> 0x06C6
[1267] [M]: 0x801AC684 (0x06C68693) addi a3, a3, 108
x13 <- 0x801AC6EC


mem[X,0x801AC688] -> 0x0013
mem[X,0x801AC68A] -> 0x0000
[1268] [M]: 0x801AC688 (0x00000013) addi zero, zero, 0


mem[X,0x801AC68C] -> 0x0013
mem[X,0x801AC68E] -> 0x0000
[1269] [M]: 0x801AC68C (0x00000013) addi zero, zero, 0


mem[X,0x801AC690] -> 0x0013
mem[X,0x801AC692] -> 0x0000
[1270] [M]: 0x801AC690 (0x00000013) addi zero, zero, 0


mem[X,0x801AC694] -> 0x0013
mem[X,0x801AC696] -> 0x0000
[1271] [M]: 0x801AC694 (0x00000013) addi zero, zero, 0


mem[X,0x801AC698] -> 0x0013
mem[X,0x801AC69A] -> 0x0000
[1272] [M]: 0x801AC698 (0x00000013) addi zero, zero, 0


mem[X,0x801AC69C] -> 0x0013
mem[X,0x801AC69E] -> 0x0000
[1273] [M]: 0x801AC69C (0x00000013) addi zero, zero, 0


mem[X,0x801AC6A0] -> 0x8067
mem[X,0x801AC6A2] -> 0x0006
[1274] [M]: 0x801AC6A0 (0x00068067) jalr zero, a3, 0


mem[X,0x801AC6EC] -> 0x04EF
mem[X,0x801AC6EE] -> 0x00C0
[1275] [M]: 0x801AC6EC (0x00C004EF) jal s1, 12
x9 <- 0x801AC6F0


mem[X,0x801AC6F8] -> 0xC493
mem[X,0x801AC6FA] -> 0x0034
[1276] [M]: 0x801AC6F8 (0x0034C493) xori s1, s1, 3
x9 <- 0x801AC6F3


mem[X,0x801AC6FC] -> 0x0013
mem[X,0x801AC6FE] -> 0x0000
[1277] [M]: 0x801AC6FC (0x00000013) addi zero, zero, 0


mem[X,0x801AC700] -> 0x0697
mem[X,0x801AC702] -> 0x0000
[1278] [M]: 0x801AC700 (0x00000697) auipc a3, 0
x13 <- 0x801AC700


mem[X,0x801AC704] -> 0x8693
mem[X,0x801AC706] -> 0x0246
[1279] [M]: 0x801AC704 (0x02468693) addi a3, a3, 36
x13 <- 0x801AC724


mem[X,0x801AC708] -> 0x0013
mem[X,0x801AC70A] -> 0x0000
[1280] [M]: 0x801AC708 (0x00000013) addi zero, zero, 0


mem[X,0x801AC70C] -> 0x0013
mem[X,0x801AC70E] -> 0x0000
[1281] [M]: 0x801AC70C (0x00000013) addi zero, zero, 0


mem[X,0x801AC710] -> 0x0013
mem[X,0x801AC712] -> 0x0000
[1282] [M]: 0x801AC710 (0x00000013) addi zero, zero, 0


mem[X,0x801AC714] -> 0x0013
mem[X,0x801AC716] -> 0x0000
[1283] [M]: 0x801AC714 (0x00000013) addi zero, zero, 0


mem[X,0x801AC718] -> 0x0013
mem[X,0x801AC71A] -> 0x0000
[1284] [M]: 0x801AC718 (0x00000013) addi zero, zero, 0


mem[X,0x801AC71C] -> 0x0013
mem[X,0x801AC71E] -> 0x0000
[1285] [M]: 0x801AC71C (0x00000013) addi zero, zero, 0


mem[X,0x801AC720] -> 0x8067
mem[X,0x801AC722] -> 0x0006
[1286] [M]: 0x801AC720 (0x00068067) jalr zero, a3, 0


mem[X,0x801AC724] -> 0x0013
mem[X,0x801AC726] -> 0x0000
[1287] [M]: 0x801AC724 (0x00000013) addi zero, zero, 0


mem[X,0x801AC728] -> 0x0013
mem[X,0x801AC72A] -> 0x0000
[1288] [M]: 0x801AC728 (0x00000013) addi zero, zero, 0


mem[X,0x801AC72C] -> 0x0013
mem[X,0x801AC72E] -> 0x0000
[1289] [M]: 0x801AC72C (0x00000013) addi zero, zero, 0


mem[X,0x801AC730] -> 0x0013
mem[X,0x801AC732] -> 0x0000
[1290] [M]: 0x801AC730 (0x00000013) addi zero, zero, 0


mem[X,0x801AC734] -> 0x0013
mem[X,0x801AC736] -> 0x0000
[1291] [M]: 0x801AC734 (0x00000013) addi zero, zero, 0


mem[X,0x801AC738] -> 0x0013
mem[X,0x801AC73A] -> 0x0000
[1292] [M]: 0x801AC738 (0x00000013) addi zero, zero, 0


mem[X,0x801AC73C] -> 0x0013
mem[X,0x801AC73E] -> 0x0000
[1293] [M]: 0x801AC73C (0x00000013) addi zero, zero, 0


mem[X,0x801AC740] -> 0x0697
mem[X,0x801AC742] -> 0x0000
[1294] [M]: 0x801AC740 (0x00000697) auipc a3, 0
x13 <- 0x801AC740


mem[X,0x801AC744] -> 0x8693
mem[X,0x801AC746] -> 0xF2C6
[1295] [M]: 0x801AC744 (0xF2C68693) addi a3, a3, 3884
x13 <- 0x801AC66C


mem[X,0x801AC748] -> 0x0013
mem[X,0x801AC74A] -> 0x0000
[1296] [M]: 0x801AC748 (0x00000013) addi zero, zero, 0


mem[X,0x801AC74C] -> 0x0013
mem[X,0x801AC74E] -> 0x0000
[1297] [M]: 0x801AC74C (0x00000013) addi zero, zero, 0


mem[X,0x801AC750] -> 0x0013
mem[X,0x801AC752] -> 0x0000
[1298] [M]: 0x801AC750 (0x00000013) addi zero, zero, 0


mem[X,0x801AC754] -> 0x0013
mem[X,0x801AC756] -> 0x0000
[1299] [M]: 0x801AC754 (0x00000013) addi zero, zero, 0


clint::tick mtime <- 0x000000000000000D
 clint timer pending at mtime 0x000000000000000D
htif::tick 0x0000000000000000
mem[X,0x801AC758] -> 0x0013
mem[X,0x801AC75A] -> 0x0000
[1300] [M]: 0x801AC758 (0x00000013) addi zero, zero, 0


mem[X,0x801AC75C] -> 0x0013
mem[X,0x801AC75E] -> 0x0000
[1301] [M]: 0x801AC75C (0x00000013) addi zero, zero, 0


mem[X,0x801AC760] -> 0xF693
mem[X,0x801AC762] -> 0xFFC6
[1302] [M]: 0x801AC760 (0xFFC6F693) andi a3, a3, 4092
x13 <- 0x801AC66C


mem[X,0x801AC764] -> 0x84B3
mem[X,0x801AC766] -> 0x40D4
[1303] [M]: 0x801AC764 (0x40D484B3) sub s1, s1, a3
x9 <- 0x00000087


mem[X,0x801AC768] -> 0x2623
mem[X,0x801AC76A] -> 0x0691
[1304] [M]: 0x801AC768 (0x06912623) sw s1, 108(sp)
mem[0x801AF180] <- 0x00000087


mem[X,0x801AC76C] -> 0x0013
mem[X,0x801AC76E] -> 0x0000
[1305] [M]: 0x801AC76C (0x00000013) addi zero, zero, 0


mem[X,0x801AC770] -> 0x0013
mem[X,0x801AC772] -> 0x0000
[1306] [M]: 0x801AC770 (0x00000013) addi zero, zero, 0


mem[X,0x801AC774] -> 0x0013
mem[X,0x801AC776] -> 0x0000
[1307] [M]: 0x801AC774 (0x00000013) addi zero, zero, 0


mem[X,0x801AC778] -> 0x0013
mem[X,0x801AC77A] -> 0x0000
[1308] [M]: 0x801AC778 (0x00000013) addi zero, zero, 0


mem[X,0x801AC77C] -> 0x0013
mem[X,0x801AC77E] -> 0x0000
[1309] [M]: 0x801AC77C (0x00000013) addi zero, zero, 0


mem[X,0x801AC780] -> 0x0197
mem[X,0x801AC782] -> 0x0000
[1310] [M]: 0x801AC780 (0x00000197) auipc gp, 0
x3 <- 0x801AC780


mem[X,0x801AC784] -> 0x8193
mem[X,0x801AC786] -> 0x06C1
[1311] [M]: 0x801AC784 (0x06C18193) addi gp, gp, 108
x3 <- 0x801AC7EC


mem[X,0x801AC788] -> 0x0013
mem[X,0x801AC78A] -> 0x0000
[1312] [M]: 0x801AC788 (0x00000013) addi zero, zero, 0


mem[X,0x801AC78C] -> 0x0013
mem[X,0x801AC78E] -> 0x0000
[1313] [M]: 0x801AC78C (0x00000013) addi zero, zero, 0


mem[X,0x801AC790] -> 0x0013
mem[X,0x801AC792] -> 0x0000
[1314] [M]: 0x801AC790 (0x00000013) addi zero, zero, 0


mem[X,0x801AC794] -> 0x0013
mem[X,0x801AC796] -> 0x0000
[1315] [M]: 0x801AC794 (0x00000013) addi zero, zero, 0


mem[X,0x801AC798] -> 0x0013
mem[X,0x801AC79A] -> 0x0000
[1316] [M]: 0x801AC798 (0x00000013) addi zero, zero, 0


mem[X,0x801AC79C] -> 0x0013
mem[X,0x801AC79E] -> 0x0000
[1317] [M]: 0x801AC79C (0x00000013) addi zero, zero, 0


mem[X,0x801AC7A0] -> 0x8067
mem[X,0x801AC7A2] -> 0x0001
[1318] [M]: 0x801AC7A0 (0x00018067) jalr zero, gp, 0


mem[X,0x801AC7EC] -> 0x06EF
mem[X,0x801AC7EE] -> 0x00C0
[1319] [M]: 0x801AC7EC (0x00C006EF) jal a3, 12
x13 <- 0x801AC7F0


mem[X,0x801AC7F8] -> 0xC693
mem[X,0x801AC7FA] -> 0x0036
[1320] [M]: 0x801AC7F8 (0x0036C693) xori a3, a3, 3
x13 <- 0x801AC7F3


mem[X,0x801AC7FC] -> 0x0013
mem[X,0x801AC7FE] -> 0x0000
[1321] [M]: 0x801AC7FC (0x00000013) addi zero, zero, 0


mem[X,0x801AC800] -> 0x0197
mem[X,0x801AC802] -> 0x0000
[1322] [M]: 0x801AC800 (0x00000197) auipc gp, 0
x3 <- 0x801AC800


mem[X,0x801AC804] -> 0x8193
mem[X,0x801AC806] -> 0x0241
[1323] [M]: 0x801AC804 (0x02418193) addi gp, gp, 36
x3 <- 0x801AC824


mem[X,0x801AC808] -> 0x0013
mem[X,0x801AC80A] -> 0x0000
[1324] [M]: 0x801AC808 (0x00000013) addi zero, zero, 0


mem[X,0x801AC80C] -> 0x0013
mem[X,0x801AC80E] -> 0x0000
[1325] [M]: 0x801AC80C (0x00000013) addi zero, zero, 0


mem[X,0x801AC810] -> 0x0013
mem[X,0x801AC812] -> 0x0000
[1326] [M]: 0x801AC810 (0x00000013) addi zero, zero, 0


mem[X,0x801AC814] -> 0x0013
mem[X,0x801AC816] -> 0x0000
[1327] [M]: 0x801AC814 (0x00000013) addi zero, zero, 0


mem[X,0x801AC818] -> 0x0013
mem[X,0x801AC81A] -> 0x0000
[1328] [M]: 0x801AC818 (0x00000013) addi zero, zero, 0


mem[X,0x801AC81C] -> 0x0013
mem[X,0x801AC81E] -> 0x0000
[1329] [M]: 0x801AC81C (0x00000013) addi zero, zero, 0


mem[X,0x801AC820] -> 0x8067
mem[X,0x801AC822] -> 0x0001
[1330] [M]: 0x801AC820 (0x00018067) jalr zero, gp, 0


mem[X,0x801AC824] -> 0x0013
mem[X,0x801AC826] -> 0x0000
[1331] [M]: 0x801AC824 (0x00000013) addi zero, zero, 0


mem[X,0x801AC828] -> 0x0013
mem[X,0x801AC82A] -> 0x0000
[1332] [M]: 0x801AC828 (0x00000013) addi zero, zero, 0


mem[X,0x801AC82C] -> 0x0013
mem[X,0x801AC82E] -> 0x0000
[1333] [M]: 0x801AC82C (0x00000013) addi zero, zero, 0


mem[X,0x801AC830] -> 0x0013
mem[X,0x801AC832] -> 0x0000
[1334] [M]: 0x801AC830 (0x00000013) addi zero, zero, 0


mem[X,0x801AC834] -> 0x0013
mem[X,0x801AC836] -> 0x0000
[1335] [M]: 0x801AC834 (0x00000013) addi zero, zero, 0


mem[X,0x801AC838] -> 0x0013
mem[X,0x801AC83A] -> 0x0000
[1336] [M]: 0x801AC838 (0x00000013) addi zero, zero, 0


mem[X,0x801AC83C] -> 0x0013
mem[X,0x801AC83E] -> 0x0000
[1337] [M]: 0x801AC83C (0x00000013) addi zero, zero, 0


mem[X,0x801AC840] -> 0x0197
mem[X,0x801AC842] -> 0x0000
[1338] [M]: 0x801AC840 (0x00000197) auipc gp, 0
x3 <- 0x801AC840


mem[X,0x801AC844] -> 0x8193
mem[X,0x801AC846] -> 0xF2C1
[1339] [M]: 0x801AC844 (0xF2C18193) addi gp, gp, 3884
x3 <- 0x801AC76C


mem[X,0x801AC848] -> 0x0013
mem[X,0x801AC84A] -> 0x0000
[1340] [M]: 0x801AC848 (0x00000013) addi zero, zero, 0


mem[X,0x801AC84C] -> 0x0013
mem[X,0x801AC84E] -> 0x0000
[1341] [M]: 0x801AC84C (0x00000013) addi zero, zero, 0


mem[X,0x801AC850] -> 0x0013
mem[X,0x801AC852] -> 0x0000
[1342] [M]: 0x801AC850 (0x00000013) addi zero, zero, 0


mem[X,0x801AC854] -> 0x0013
mem[X,0x801AC856] -> 0x0000
[1343] [M]: 0x801AC854 (0x00000013) addi zero, zero, 0


mem[X,0x801AC858] -> 0x0013
mem[X,0x801AC85A] -> 0x0000
[1344] [M]: 0x801AC858 (0x00000013) addi zero, zero, 0


mem[X,0x801AC85C] -> 0x0013
mem[X,0x801AC85E] -> 0x0000
[1345] [M]: 0x801AC85C (0x00000013) addi zero, zero, 0


mem[X,0x801AC860] -> 0xF193
mem[X,0x801AC862] -> 0xFFC1
[1346] [M]: 0x801AC860 (0xFFC1F193) andi gp, gp, 4092
x3 <- 0x801AC76C


mem[X,0x801AC864] -> 0x86B3
mem[X,0x801AC866] -> 0x4036
[1347] [M]: 0x801AC864 (0x403686B3) sub a3, a3, gp
x13 <- 0x00000087


mem[X,0x801AC868] -> 0x2823
mem[X,0x801AC86A] -> 0x06D1
[1348] [M]: 0x801AC868 (0x06D12823) sw a3, 112(sp)
mem[0x801AF184] <- 0x00000087


mem[X,0x801AC86C] -> 0x0013
mem[X,0x801AC86E] -> 0x0000
[1349] [M]: 0x801AC86C (0x00000013) addi zero, zero, 0


mem[X,0x801AC870] -> 0x0013
mem[X,0x801AC872] -> 0x0000
[1350] [M]: 0x801AC870 (0x00000013) addi zero, zero, 0


mem[X,0x801AC874] -> 0x0013
mem[X,0x801AC876] -> 0x0000
[1351] [M]: 0x801AC874 (0x00000013) addi zero, zero, 0


mem[X,0x801AC878] -> 0x0013
mem[X,0x801AC87A] -> 0x0000
[1352] [M]: 0x801AC878 (0x00000013) addi zero, zero, 0


mem[X,0x801AC87C] -> 0x0013
mem[X,0x801AC87E] -> 0x0000
[1353] [M]: 0x801AC87C (0x00000013) addi zero, zero, 0


mem[X,0x801AC880] -> 0x3097
mem[X,0x801AC882] -> 0x0000
[1354] [M]: 0x801AC880 (0x00003097) auipc ra, 3
x1 <- 0x801AF880


mem[X,0x801AC884] -> 0x8093
mem[X,0x801AC886] -> 0x9080
[1355] [M]: 0x801AC884 (0x90808093) addi ra, ra, 2312
x1 <- 0x801AF188


mem[X,0x801AC888] -> 0x0013
mem[X,0x801AC88A] -> 0x0000
[1356] [M]: 0x801AC888 (0x00000013) addi zero, zero, 0


mem[X,0x801AC88C] -> 0x0013
mem[X,0x801AC88E] -> 0x0000
[1357] [M]: 0x801AC88C (0x00000013) addi zero, zero, 0


mem[X,0x801AC890] -> 0x0013
mem[X,0x801AC892] -> 0x0000
[1358] [M]: 0x801AC890 (0x00000013) addi zero, zero, 0


mem[X,0x801AC894] -> 0x0013
mem[X,0x801AC896] -> 0x0000
[1359] [M]: 0x801AC894 (0x00000013) addi zero, zero, 0


mem[X,0x801AC898] -> 0x0013
mem[X,0x801AC89A] -> 0x0000
[1360] [M]: 0x801AC898 (0x00000013) addi zero, zero, 0


mem[X,0x801AC89C] -> 0x0013
mem[X,0x801AC89E] -> 0x0000
[1361] [M]: 0x801AC89C (0x00000013) addi zero, zero, 0


mem[X,0x801AC8A0] -> 0x0197
mem[X,0x801AC8A2] -> 0x0000
[1362] [M]: 0x801AC8A0 (0x00000197) auipc gp, 0
x3 <- 0x801AC8A0


mem[X,0x801AC8A4] -> 0x8193
mem[X,0x801AC8A6] -> 0x06C1
[1363] [M]: 0x801AC8A4 (0x06C18193) addi gp, gp, 108
x3 <- 0x801AC90C


mem[X,0x801AC8A8] -> 0x0013
mem[X,0x801AC8AA] -> 0x0000
[1364] [M]: 0x801AC8A8 (0x00000013) addi zero, zero, 0


mem[X,0x801AC8AC] -> 0x0013
mem[X,0x801AC8AE] -> 0x0000
[1365] [M]: 0x801AC8AC (0x00000013) addi zero, zero, 0


mem[X,0x801AC8B0] -> 0x0013
mem[X,0x801AC8B2] -> 0x0000
[1366] [M]: 0x801AC8B0 (0x00000013) addi zero, zero, 0


mem[X,0x801AC8B4] -> 0x0013
mem[X,0x801AC8B6] -> 0x0000
[1367] [M]: 0x801AC8B4 (0x00000013) addi zero, zero, 0


mem[X,0x801AC8B8] -> 0x0013
mem[X,0x801AC8BA] -> 0x0000
[1368] [M]: 0x801AC8B8 (0x00000013) addi zero, zero, 0


mem[X,0x801AC8BC] -> 0x0013
mem[X,0x801AC8BE] -> 0x0000
[1369] [M]: 0x801AC8BC (0x00000013) addi zero, zero, 0


mem[X,0x801AC8C0] -> 0x8067
mem[X,0x801AC8C2] -> 0x0001
[1370] [M]: 0x801AC8C0 (0x00018067) jalr zero, gp, 0


mem[X,0x801AC90C] -> 0x076F
mem[X,0x801AC90E] -> 0x00C0
[1371] [M]: 0x801AC90C (0x00C0076F) jal a4, 12
x14 <- 0x801AC910


mem[X,0x801AC918] -> 0x4713
mem[X,0x801AC91A] -> 0x0037
[1372] [M]: 0x801AC918 (0x00374713) xori a4, a4, 3
x14 <- 0x801AC913


mem[X,0x801AC91C] -> 0x0013
mem[X,0x801AC91E] -> 0x0000
[1373] [M]: 0x801AC91C (0x00000013) addi zero, zero, 0


mem[X,0x801AC920] -> 0x0197
mem[X,0x801AC922] -> 0x0000
[1374] [M]: 0x801AC920 (0x00000197) auipc gp, 0
x3 <- 0x801AC920


mem[X,0x801AC924] -> 0x8193
mem[X,0x801AC926] -> 0x0241
[1375] [M]: 0x801AC924 (0x02418193) addi gp, gp, 36
x3 <- 0x801AC944


mem[X,0x801AC928] -> 0x0013
mem[X,0x801AC92A] -> 0x0000
[1376] [M]: 0x801AC928 (0x00000013) addi zero, zero, 0


mem[X,0x801AC92C] -> 0x0013
mem[X,0x801AC92E] -> 0x0000
[1377] [M]: 0x801AC92C (0x00000013) addi zero, zero, 0


mem[X,0x801AC930] -> 0x0013
mem[X,0x801AC932] -> 0x0000
[1378] [M]: 0x801AC930 (0x00000013) addi zero, zero, 0


mem[X,0x801AC934] -> 0x0013
mem[X,0x801AC936] -> 0x0000
[1379] [M]: 0x801AC934 (0x00000013) addi zero, zero, 0


mem[X,0x801AC938] -> 0x0013
mem[X,0x801AC93A] -> 0x0000
[1380] [M]: 0x801AC938 (0x00000013) addi zero, zero, 0


mem[X,0x801AC93C] -> 0x0013
mem[X,0x801AC93E] -> 0x0000
[1381] [M]: 0x801AC93C (0x00000013) addi zero, zero, 0


mem[X,0x801AC940] -> 0x8067
mem[X,0x801AC942] -> 0x0001
[1382] [M]: 0x801AC940 (0x00018067) jalr zero, gp, 0


mem[X,0x801AC944] -> 0x0013
mem[X,0x801AC946] -> 0x0000
[1383] [M]: 0x801AC944 (0x00000013) addi zero, zero, 0


mem[X,0x801AC948] -> 0x0013
mem[X,0x801AC94A] -> 0x0000
[1384] [M]: 0x801AC948 (0x00000013) addi zero, zero, 0


mem[X,0x801AC94C] -> 0x0013
mem[X,0x801AC94E] -> 0x0000
[1385] [M]: 0x801AC94C (0x00000013) addi zero, zero, 0


mem[X,0x801AC950] -> 0x0013
mem[X,0x801AC952] -> 0x0000
[1386] [M]: 0x801AC950 (0x00000013) addi zero, zero, 0


mem[X,0x801AC954] -> 0x0013
mem[X,0x801AC956] -> 0x0000
[1387] [M]: 0x801AC954 (0x00000013) addi zero, zero, 0


mem[X,0x801AC958] -> 0x0013
mem[X,0x801AC95A] -> 0x0000
[1388] [M]: 0x801AC958 (0x00000013) addi zero, zero, 0


mem[X,0x801AC95C] -> 0x0013
mem[X,0x801AC95E] -> 0x0000
[1389] [M]: 0x801AC95C (0x00000013) addi zero, zero, 0


mem[X,0x801AC960] -> 0x0197
mem[X,0x801AC962] -> 0x0000
[1390] [M]: 0x801AC960 (0x00000197) auipc gp, 0
x3 <- 0x801AC960


mem[X,0x801AC964] -> 0x8193
mem[X,0x801AC966] -> 0xF401
[1391] [M]: 0x801AC964 (0xF4018193) addi gp, gp, 3904
x3 <- 0x801AC8A0


mem[X,0x801AC968] -> 0x0013
mem[X,0x801AC96A] -> 0x0000
[1392] [M]: 0x801AC968 (0x00000013) addi zero, zero, 0


mem[X,0x801AC96C] -> 0x0013
mem[X,0x801AC96E] -> 0x0000
[1393] [M]: 0x801AC96C (0x00000013) addi zero, zero, 0


mem[X,0x801AC970] -> 0x0013
mem[X,0x801AC972] -> 0x0000
[1394] [M]: 0x801AC970 (0x00000013) addi zero, zero, 0


mem[X,0x801AC974] -> 0x0013
mem[X,0x801AC976] -> 0x0000
[1395] [M]: 0x801AC974 (0x00000013) addi zero, zero, 0


mem[X,0x801AC978] -> 0x0013
mem[X,0x801AC97A] -> 0x0000
[1396] [M]: 0x801AC978 (0x00000013) addi zero, zero, 0


mem[X,0x801AC97C] -> 0x0013
mem[X,0x801AC97E] -> 0x0000
[1397] [M]: 0x801AC97C (0x00000013) addi zero, zero, 0


mem[X,0x801AC980] -> 0xF193
mem[X,0x801AC982] -> 0xFFC1
[1398] [M]: 0x801AC980 (0xFFC1F193) andi gp, gp, 4092
x3 <- 0x801AC8A0


mem[X,0x801AC984] -> 0x0733
mem[X,0x801AC986] -> 0x4037
[1399] [M]: 0x801AC984 (0x40370733) sub a4, a4, gp
x14 <- 0x00000073


clint::tick mtime <- 0x000000000000000E
 clint timer pending at mtime 0x000000000000000E
htif::tick 0x0000000000000000
mem[X,0x801AC988] -> 0xA023
mem[X,0x801AC98A] -> 0x00E0
[1400] [M]: 0x801AC988 (0x00E0A023) sw a4, 0(ra)
mem[0x801AF188] <- 0x00000073


mem[X,0x801AC98C] -> 0x0013
mem[X,0x801AC98E] -> 0x0000
[1401] [M]: 0x801AC98C (0x00000013) addi zero, zero, 0


mem[X,0x801AC990] -> 0x0013
mem[X,0x801AC992] -> 0x0000
[1402] [M]: 0x801AC990 (0x00000013) addi zero, zero, 0


mem[X,0x801AC994] -> 0x0013
mem[X,0x801AC996] -> 0x0000
[1403] [M]: 0x801AC994 (0x00000013) addi zero, zero, 0


mem[X,0x801AC998] -> 0x0013
mem[X,0x801AC99A] -> 0x0000
[1404] [M]: 0x801AC998 (0x00000013) addi zero, zero, 0


mem[X,0x801AC99C] -> 0x0013
mem[X,0x801AC99E] -> 0x0000
[1405] [M]: 0x801AC99C (0x00000013) addi zero, zero, 0


mem[X,0x801AC9A0] -> 0x0197
mem[X,0x801AC9A2] -> 0x0000
[1406] [M]: 0x801AC9A0 (0x00000197) auipc gp, 0
x3 <- 0x801AC9A0


mem[X,0x801AC9A4] -> 0x8193
mem[X,0x801AC9A6] -> 0x06C1
[1407] [M]: 0x801AC9A4 (0x06C18193) addi gp, gp, 108
x3 <- 0x801ACA0C


mem[X,0x801AC9A8] -> 0x0013
mem[X,0x801AC9AA] -> 0x0000
[1408] [M]: 0x801AC9A8 (0x00000013) addi zero, zero, 0


mem[X,0x801AC9AC] -> 0x0013
mem[X,0x801AC9AE] -> 0x0000
[1409] [M]: 0x801AC9AC (0x00000013) addi zero, zero, 0


mem[X,0x801AC9B0] -> 0x0013
mem[X,0x801AC9B2] -> 0x0000
[1410] [M]: 0x801AC9B0 (0x00000013) addi zero, zero, 0


mem[X,0x801AC9B4] -> 0x0013
mem[X,0x801AC9B6] -> 0x0000
[1411] [M]: 0x801AC9B4 (0x00000013) addi zero, zero, 0


mem[X,0x801AC9B8] -> 0x0013
mem[X,0x801AC9BA] -> 0x0000
[1412] [M]: 0x801AC9B8 (0x00000013) addi zero, zero, 0


mem[X,0x801AC9BC] -> 0x0013
mem[X,0x801AC9BE] -> 0x0000
[1413] [M]: 0x801AC9BC (0x00000013) addi zero, zero, 0


mem[X,0x801AC9C0] -> 0x8067
mem[X,0x801AC9C2] -> 0x0001
[1414] [M]: 0x801AC9C0 (0x00018067) jalr zero, gp, 0


mem[X,0x801ACA0C] -> 0x08EF
mem[X,0x801ACA0E] -> 0x00C0
[1415] [M]: 0x801ACA0C (0x00C008EF) jal a7, 12
x17 <- 0x801ACA10


mem[X,0x801ACA18] -> 0xC893
mem[X,0x801ACA1A] -> 0x0038
[1416] [M]: 0x801ACA18 (0x0038C893) xori a7, a7, 3
x17 <- 0x801ACA13


mem[X,0x801ACA1C] -> 0x0013
mem[X,0x801ACA1E] -> 0x0000
[1417] [M]: 0x801ACA1C (0x00000013) addi zero, zero, 0


mem[X,0x801ACA20] -> 0x0197
mem[X,0x801ACA22] -> 0x0000
[1418] [M]: 0x801ACA20 (0x00000197) auipc gp, 0
x3 <- 0x801ACA20


mem[X,0x801ACA24] -> 0x8193
mem[X,0x801ACA26] -> 0x0241
[1419] [M]: 0x801ACA24 (0x02418193) addi gp, gp, 36
x3 <- 0x801ACA44


mem[X,0x801ACA28] -> 0x0013
mem[X,0x801ACA2A] -> 0x0000
[1420] [M]: 0x801ACA28 (0x00000013) addi zero, zero, 0


mem[X,0x801ACA2C] -> 0x0013
mem[X,0x801ACA2E] -> 0x0000
[1421] [M]: 0x801ACA2C (0x00000013) addi zero, zero, 0


mem[X,0x801ACA30] -> 0x0013
mem[X,0x801ACA32] -> 0x0000
[1422] [M]: 0x801ACA30 (0x00000013) addi zero, zero, 0


mem[X,0x801ACA34] -> 0x0013
mem[X,0x801ACA36] -> 0x0000
[1423] [M]: 0x801ACA34 (0x00000013) addi zero, zero, 0


mem[X,0x801ACA38] -> 0x0013
mem[X,0x801ACA3A] -> 0x0000
[1424] [M]: 0x801ACA38 (0x00000013) addi zero, zero, 0


mem[X,0x801ACA3C] -> 0x0013
mem[X,0x801ACA3E] -> 0x0000
[1425] [M]: 0x801ACA3C (0x00000013) addi zero, zero, 0


mem[X,0x801ACA40] -> 0x8067
mem[X,0x801ACA42] -> 0x0001
[1426] [M]: 0x801ACA40 (0x00018067) jalr zero, gp, 0


mem[X,0x801ACA44] -> 0x0013
mem[X,0x801ACA46] -> 0x0000
[1427] [M]: 0x801ACA44 (0x00000013) addi zero, zero, 0


mem[X,0x801ACA48] -> 0x0013
mem[X,0x801ACA4A] -> 0x0000
[1428] [M]: 0x801ACA48 (0x00000013) addi zero, zero, 0


mem[X,0x801ACA4C] -> 0x0013
mem[X,0x801ACA4E] -> 0x0000
[1429] [M]: 0x801ACA4C (0x00000013) addi zero, zero, 0


mem[X,0x801ACA50] -> 0x0013
mem[X,0x801ACA52] -> 0x0000
[1430] [M]: 0x801ACA50 (0x00000013) addi zero, zero, 0


mem[X,0x801ACA54] -> 0x0013
mem[X,0x801ACA56] -> 0x0000
[1431] [M]: 0x801ACA54 (0x00000013) addi zero, zero, 0


mem[X,0x801ACA58] -> 0x0013
mem[X,0x801ACA5A] -> 0x0000
[1432] [M]: 0x801ACA58 (0x00000013) addi zero, zero, 0


mem[X,0x801ACA5C] -> 0x0013
mem[X,0x801ACA5E] -> 0x0000
[1433] [M]: 0x801ACA5C (0x00000013) addi zero, zero, 0


mem[X,0x801ACA60] -> 0x0197
mem[X,0x801ACA62] -> 0x0000
[1434] [M]: 0x801ACA60 (0x00000197) auipc gp, 0
x3 <- 0x801ACA60


mem[X,0x801ACA64] -> 0x8193
mem[X,0x801ACA66] -> 0xF2C1
[1435] [M]: 0x801ACA64 (0xF2C18193) addi gp, gp, 3884
x3 <- 0x801AC98C


mem[X,0x801ACA68] -> 0x0013
mem[X,0x801ACA6A] -> 0x0000
[1436] [M]: 0x801ACA68 (0x00000013) addi zero, zero, 0


mem[X,0x801ACA6C] -> 0x0013
mem[X,0x801ACA6E] -> 0x0000
[1437] [M]: 0x801ACA6C (0x00000013) addi zero, zero, 0


mem[X,0x801ACA70] -> 0x0013
mem[X,0x801ACA72] -> 0x0000
[1438] [M]: 0x801ACA70 (0x00000013) addi zero, zero, 0


mem[X,0x801ACA74] -> 0x0013
mem[X,0x801ACA76] -> 0x0000
[1439] [M]: 0x801ACA74 (0x00000013) addi zero, zero, 0


mem[X,0x801ACA78] -> 0x0013
mem[X,0x801ACA7A] -> 0x0000
[1440] [M]: 0x801ACA78 (0x00000013) addi zero, zero, 0


mem[X,0x801ACA7C] -> 0x0013
mem[X,0x801ACA7E] -> 0x0000
[1441] [M]: 0x801ACA7C (0x00000013) addi zero, zero, 0


mem[X,0x801ACA80] -> 0xF193
mem[X,0x801ACA82] -> 0xFFC1
[1442] [M]: 0x801ACA80 (0xFFC1F193) andi gp, gp, 4092
x3 <- 0x801AC98C


mem[X,0x801ACA84] -> 0x88B3
mem[X,0x801ACA86] -> 0x4038
[1443] [M]: 0x801ACA84 (0x403888B3) sub a7, a7, gp
x17 <- 0x00000087


mem[X,0x801ACA88] -> 0xA223
mem[X,0x801ACA8A] -> 0x0110
[1444] [M]: 0x801ACA88 (0x0110A223) sw a7, 4(ra)
mem[0x801AF18C] <- 0x00000087


mem[X,0x801ACA8C] -> 0x0013
mem[X,0x801ACA8E] -> 0x0000
[1445] [M]: 0x801ACA8C (0x00000013) addi zero, zero, 0


mem[X,0x801ACA90] -> 0x0013
mem[X,0x801ACA92] -> 0x0000
[1446] [M]: 0x801ACA90 (0x00000013) addi zero, zero, 0


mem[X,0x801ACA94] -> 0x0013
mem[X,0x801ACA96] -> 0x0000
[1447] [M]: 0x801ACA94 (0x00000013) addi zero, zero, 0


mem[X,0x801ACA98] -> 0x0013
mem[X,0x801ACA9A] -> 0x0000
[1448] [M]: 0x801ACA98 (0x00000013) addi zero, zero, 0


mem[X,0x801ACA9C] -> 0x0013
mem[X,0x801ACA9E] -> 0x0000
[1449] [M]: 0x801ACA9C (0x00000013) addi zero, zero, 0


mem[X,0x801ACAA0] -> 0x0197
mem[X,0x801ACAA2] -> 0x0000
[1450] [M]: 0x801ACAA0 (0x00000197) auipc gp, 0
x3 <- 0x801ACAA0


mem[X,0x801ACAA4] -> 0x8193
mem[X,0x801ACAA6] -> 0x06C1
[1451] [M]: 0x801ACAA4 (0x06C18193) addi gp, gp, 108
x3 <- 0x801ACB0C


mem[X,0x801ACAA8] -> 0x0013
mem[X,0x801ACAAA] -> 0x0000
[1452] [M]: 0x801ACAA8 (0x00000013) addi zero, zero, 0


mem[X,0x801ACAAC] -> 0x0013
mem[X,0x801ACAAE] -> 0x0000
[1453] [M]: 0x801ACAAC (0x00000013) addi zero, zero, 0


mem[X,0x801ACAB0] -> 0x0013
mem[X,0x801ACAB2] -> 0x0000
[1454] [M]: 0x801ACAB0 (0x00000013) addi zero, zero, 0


mem[X,0x801ACAB4] -> 0x0013
mem[X,0x801ACAB6] -> 0x0000
[1455] [M]: 0x801ACAB4 (0x00000013) addi zero, zero, 0


mem[X,0x801ACAB8] -> 0x0013
mem[X,0x801ACABA] -> 0x0000
[1456] [M]: 0x801ACAB8 (0x00000013) addi zero, zero, 0


mem[X,0x801ACABC] -> 0x0013
mem[X,0x801ACABE] -> 0x0000
[1457] [M]: 0x801ACABC (0x00000013) addi zero, zero, 0


mem[X,0x801ACAC0] -> 0x8067
mem[X,0x801ACAC2] -> 0x0001
[1458] [M]: 0x801ACAC0 (0x00018067) jalr zero, gp, 0


mem[X,0x801ACB0C] -> 0x016F
mem[X,0x801ACB0E] -> 0x00C0
[1459] [M]: 0x801ACB0C (0x00C0016F) jal sp, 12
x2 <- 0x801ACB10


mem[X,0x801ACB18] -> 0x4113
mem[X,0x801ACB1A] -> 0x0031
[1460] [M]: 0x801ACB18 (0x00314113) xori sp, sp, 3
x2 <- 0x801ACB13


mem[X,0x801ACB1C] -> 0x0013
mem[X,0x801ACB1E] -> 0x0000
[1461] [M]: 0x801ACB1C (0x00000013) addi zero, zero, 0


mem[X,0x801ACB20] -> 0x0197
mem[X,0x801ACB22] -> 0x0000
[1462] [M]: 0x801ACB20 (0x00000197) auipc gp, 0
x3 <- 0x801ACB20


mem[X,0x801ACB24] -> 0x8193
mem[X,0x801ACB26] -> 0x0241
[1463] [M]: 0x801ACB24 (0x02418193) addi gp, gp, 36
x3 <- 0x801ACB44


mem[X,0x801ACB28] -> 0x0013
mem[X,0x801ACB2A] -> 0x0000
[1464] [M]: 0x801ACB28 (0x00000013) addi zero, zero, 0


mem[X,0x801ACB2C] -> 0x0013
mem[X,0x801ACB2E] -> 0x0000
[1465] [M]: 0x801ACB2C (0x00000013) addi zero, zero, 0


mem[X,0x801ACB30] -> 0x0013
mem[X,0x801ACB32] -> 0x0000
[1466] [M]: 0x801ACB30 (0x00000013) addi zero, zero, 0


mem[X,0x801ACB34] -> 0x0013
mem[X,0x801ACB36] -> 0x0000
[1467] [M]: 0x801ACB34 (0x00000013) addi zero, zero, 0


mem[X,0x801ACB38] -> 0x0013
mem[X,0x801ACB3A] -> 0x0000
[1468] [M]: 0x801ACB38 (0x00000013) addi zero, zero, 0


mem[X,0x801ACB3C] -> 0x0013
mem[X,0x801ACB3E] -> 0x0000
[1469] [M]: 0x801ACB3C (0x00000013) addi zero, zero, 0


mem[X,0x801ACB40] -> 0x8067
mem[X,0x801ACB42] -> 0x0001
[1470] [M]: 0x801ACB40 (0x00018067) jalr zero, gp, 0


mem[X,0x801ACB44] -> 0x0013
mem[X,0x801ACB46] -> 0x0000
[1471] [M]: 0x801ACB44 (0x00000013) addi zero, zero, 0


mem[X,0x801ACB48] -> 0x0013
mem[X,0x801ACB4A] -> 0x0000
[1472] [M]: 0x801ACB48 (0x00000013) addi zero, zero, 0


mem[X,0x801ACB4C] -> 0x0013
mem[X,0x801ACB4E] -> 0x0000
[1473] [M]: 0x801ACB4C (0x00000013) addi zero, zero, 0


mem[X,0x801ACB50] -> 0x0013
mem[X,0x801ACB52] -> 0x0000
[1474] [M]: 0x801ACB50 (0x00000013) addi zero, zero, 0


mem[X,0x801ACB54] -> 0x0013
mem[X,0x801ACB56] -> 0x0000
[1475] [M]: 0x801ACB54 (0x00000013) addi zero, zero, 0


mem[X,0x801ACB58] -> 0x0013
mem[X,0x801ACB5A] -> 0x0000
[1476] [M]: 0x801ACB58 (0x00000013) addi zero, zero, 0


mem[X,0x801ACB5C] -> 0x0013
mem[X,0x801ACB5E] -> 0x0000
[1477] [M]: 0x801ACB5C (0x00000013) addi zero, zero, 0


mem[X,0x801ACB60] -> 0x0197
mem[X,0x801ACB62] -> 0x0000
[1478] [M]: 0x801ACB60 (0x00000197) auipc gp, 0
x3 <- 0x801ACB60


mem[X,0x801ACB64] -> 0x8193
mem[X,0x801ACB66] -> 0xF2C1
[1479] [M]: 0x801ACB64 (0xF2C18193) addi gp, gp, 3884
x3 <- 0x801ACA8C


mem[X,0x801ACB68] -> 0x0013
mem[X,0x801ACB6A] -> 0x0000
[1480] [M]: 0x801ACB68 (0x00000013) addi zero, zero, 0


mem[X,0x801ACB6C] -> 0x0013
mem[X,0x801ACB6E] -> 0x0000
[1481] [M]: 0x801ACB6C (0x00000013) addi zero, zero, 0


mem[X,0x801ACB70] -> 0x0013
mem[X,0x801ACB72] -> 0x0000
[1482] [M]: 0x801ACB70 (0x00000013) addi zero, zero, 0


mem[X,0x801ACB74] -> 0x0013
mem[X,0x801ACB76] -> 0x0000
[1483] [M]: 0x801ACB74 (0x00000013) addi zero, zero, 0


mem[X,0x801ACB78] -> 0x0013
mem[X,0x801ACB7A] -> 0x0000
[1484] [M]: 0x801ACB78 (0x00000013) addi zero, zero, 0


mem[X,0x801ACB7C] -> 0x0013
mem[X,0x801ACB7E] -> 0x0000
[1485] [M]: 0x801ACB7C (0x00000013) addi zero, zero, 0


mem[X,0x801ACB80] -> 0xF193
mem[X,0x801ACB82] -> 0xFFC1
[1486] [M]: 0x801ACB80 (0xFFC1F193) andi gp, gp, 4092
x3 <- 0x801ACA8C


mem[X,0x801ACB84] -> 0x0133
mem[X,0x801ACB86] -> 0x4031
[1487] [M]: 0x801ACB84 (0x40310133) sub sp, sp, gp
x2 <- 0x00000087


mem[X,0x801ACB88] -> 0xA423
mem[X,0x801ACB8A] -> 0x0020
[1488] [M]: 0x801ACB88 (0x0020A423) sw sp, 8(ra)
mem[0x801AF190] <- 0x00000087


mem[X,0x801ACB8C] -> 0x006F
mem[X,0x801ACB8E] -> 0x0200
[1489] [M]: 0x801ACB8C (0x0200006F) jal zero, 32


mem[X,0x801ACBAC] -> 0x0093
mem[X,0x801ACBAE] -> 0x0010
[1490] [M]: 0x801ACBAC (0x00100093) addi ra, zero, 1
x1 <- 0x00000001


mem[X,0x801ACBB0] -> 0x0F17
mem[X,0x801ACBB2] -> 0x0000
[1491] [M]: 0x801ACBB0 (0x00000F17) auipc t5, 0
x30 <- 0x801ACBB0


mem[X,0x801ACBB4] -> 0x2823
mem[X,0x801ACBB6] -> 0x441F
[1492] [M]: 0x801ACBB4 (0x441F2823) sw ra, 1104(t5)
htif[0x801AD000] <- 0x00000001


mem[X,0x801ACBB8] -> 0xF06F
mem[X,0x801ACBBA] -> 0xFF9F
[1493] [M]: 0x801ACBB8 (0xFF9FF06F) jal zero, 2097144


mem[X,0x801ACBB0] -> 0x0F17
mem[X,0x801ACBB2] -> 0x0000
[1494] [M]: 0x801ACBB0 (0x00000F17) auipc t5, 0
x30 <- 0x801ACBB0


mem[X,0x801ACBB4] -> 0x2823
mem[X,0x801ACBB6] -> 0x441F
[1495] [M]: 0x801ACBB4 (0x441F2823) sw ra, 1104(t5)
htif[0x801AD000] <- 0x00000001


mem[X,0x801ACBB8] -> 0xF06F
mem[X,0x801ACBBA] -> 0xFF9F
[1496] [M]: 0x801ACBB8 (0xFF9FF06F) jal zero, 2097144


mem[X,0x801ACBB0] -> 0x0F17
mem[X,0x801ACBB2] -> 0x0000
[1497] [M]: 0x801ACBB0 (0x00000F17) auipc t5, 0
x30 <- 0x801ACBB0


mem[X,0x801ACBB4] -> 0x2823
mem[X,0x801ACBB6] -> 0x441F
[1498] [M]: 0x801ACBB4 (0x441F2823) sw ra, 1104(t5)
htif[0x801AD000] <- 0x00000001
htif-syscall-proxy cmd: 0x000000000001

SUCCESS
