using /home/force/Desktop/work/compliance_testing/our_riscv/work/riscof_work/I/src/sra-01.S/ref/Reference-sail_c_simulator.signature for test-signature output.
[Sail] Allocating new block 0x80000000
tohost located at 0x80001000
[Sail] Allocating new block 0x0

Running file ref.elf.
ELF Entry @ 0x80000000
begin_signature: 0x80003110
end_signature: 0x80003280
CSR mstatus <- 0x00000000 (input: 0x00000000)
mem[X,0x00001000] -> 0x0297
mem[X,0x00001002] -> 0x0000
[0] [M]: 0x00001000 (0x00000297) auipc t0, 0
x5 <- 0x00001000


mem[X,0x00001004] -> 0x8593
mem[X,0x00001006] -> 0x0202
[1] [M]: 0x00001004 (0x02028593) addi a1, t0, 32
x11 <- 0x00001020


mem[X,0x00001008] -> 0x2573
mem[X,0x0000100A] -> 0xF140
[2] [M]: 0x00001008 (0xF1402573) csrrs a0, mhartid, zero
CSR mhartid -> 0x00000000
x10 <- 0x00000000


mem[X,0x0000100C] -> 0xA283
mem[X,0x0000100E] -> 0x0182
[3] [M]: 0x0000100C (0x0182A283) lw t0, 24(t0)
mem[R,0x00001018] -> 0x80000000
x5 <- 0x80000000


mem[X,0x00001010] -> 0x8067
mem[X,0x00001012] -> 0x0002
[4] [M]: 0x00001010 (0x00028067) jalr zero, t0, 0


mem[X,0x80000000] -> 0xC0B7
mem[X,0x80000002] -> 0xFEED
[5] [M]: 0x80000000 (0xFEEDC0B7) lui ra, 1044188
x1 <- 0xFEEDC000


mem[X,0x80000004] -> 0x8093
mem[X,0x80000006] -> 0xEAD0
[6] [M]: 0x80000004 (0xEAD08093) addi ra, ra, 3757
x1 <- 0xFEEDBEAD


mem[X,0x80000008] -> 0xE137
mem[X,0x8000000A] -> 0xFF76
[7] [M]: 0x80000008 (0xFF76E137) lui sp, 1046382
x2 <- 0xFF76E000


mem[X,0x8000000C] -> 0x0113
mem[X,0x8000000E] -> 0xF561
[8] [M]: 0x8000000C (0xF5610113) addi sp, sp, 3926
x2 <- 0xFF76DF56


mem[X,0x80000010] -> 0x71B7
mem[X,0x80000012] -> 0x7FBB
[9] [M]: 0x80000010 (0x7FBB71B7) lui gp, 523191
x3 <- 0x7FBB7000


mem[X,0x80000014] -> 0x8193
mem[X,0x80000016] -> 0xFAB1
[10] [M]: 0x80000014 (0xFAB18193) addi gp, gp, 4011
x3 <- 0x7FBB6FAB


mem[X,0x80000018] -> 0xB237
mem[X,0x8000001A] -> 0xBFDD
[11] [M]: 0x80000018 (0xBFDDB237) lui tp, 785883
x4 <- 0xBFDDB000


mem[X,0x8000001C] -> 0x0213
mem[X,0x8000001E] -> 0x7D52
[12] [M]: 0x8000001C (0x7D520213) addi tp, tp, 2005
x4 <- 0xBFDDB7D5


mem[X,0x80000020] -> 0x0297
mem[X,0x80000022] -> 0x0000
[13] [M]: 0x80000020 (0x00000297) auipc t0, 0
x5 <- 0x80000020


mem[X,0x80000024] -> 0x8293
mem[X,0x80000026] -> 0x0882
[14] [M]: 0x80000024 (0x08828293) addi t0, t0, 136
x5 <- 0x800000A8


mem[X,0x80000028] -> 0x0013
mem[X,0x8000002A] -> 0x0000
[15] [M]: 0x80000028 (0x00000013) addi zero, zero, 0


mem[X,0x8000002C] -> 0x0013
mem[X,0x8000002E] -> 0x0000
[16] [M]: 0x8000002C (0x00000013) addi zero, zero, 0


mem[X,0x80000030] -> 0x0013
mem[X,0x80000032] -> 0x0000
[17] [M]: 0x80000030 (0x00000013) addi zero, zero, 0


mem[X,0x80000034] -> 0x0013
mem[X,0x80000036] -> 0x0000
[18] [M]: 0x80000034 (0x00000013) addi zero, zero, 0


mem[X,0x80000038] -> 0x0013
mem[X,0x8000003A] -> 0x0000
[19] [M]: 0x80000038 (0x00000013) addi zero, zero, 0


mem[X,0x8000003C] -> 0x0013
mem[X,0x8000003E] -> 0x0000
[20] [M]: 0x8000003C (0x00000013) addi zero, zero, 0


mem[X,0x80000040] -> 0x2317
mem[X,0x80000042] -> 0x0000
[21] [M]: 0x80000040 (0x00002317) auipc t1, 2
x6 <- 0x80002040


mem[X,0x80000044] -> 0x0313
mem[X,0x80000046] -> 0xFC03
[22] [M]: 0x80000044 (0xFC030313) addi t1, t1, 4032
x6 <- 0x80002000


mem[X,0x80000048] -> 0x0013
mem[X,0x8000004A] -> 0x0000
[23] [M]: 0x80000048 (0x00000013) addi zero, zero, 0


mem[X,0x8000004C] -> 0x0013
mem[X,0x8000004E] -> 0x0000
[24] [M]: 0x8000004C (0x00000013) addi zero, zero, 0


mem[X,0x80000050] -> 0x0013
mem[X,0x80000052] -> 0x0000
[25] [M]: 0x80000050 (0x00000013) addi zero, zero, 0


mem[X,0x80000054] -> 0x0013
mem[X,0x80000056] -> 0x0000
[26] [M]: 0x80000054 (0x00000013) addi zero, zero, 0


mem[X,0x80000058] -> 0x0013
mem[X,0x8000005A] -> 0x0000
[27] [M]: 0x80000058 (0x00000013) addi zero, zero, 0


mem[X,0x8000005C] -> 0x0013
mem[X,0x8000005E] -> 0x0000
[28] [M]: 0x8000005C (0x00000013) addi zero, zero, 0


mem[X,0x80000060] -> 0xB3B7
mem[X,0x80000062] -> 0xB7FB
[29] [M]: 0x80000060 (0xB7FBB3B7) lui t2, 753595
x7 <- 0xB7FBB000


mem[X,0x80000064] -> 0x8393
mem[X,0x80000066] -> 0x6FA3
[30] [M]: 0x80000064 (0x6FA38393) addi t2, t2, 1786
x7 <- 0xB7FBB6FA


mem[X,0x80000068] -> 0xE437
mem[X,0x8000006A] -> 0x5BFD
[31] [M]: 0x80000068 (0x5BFDE437) lui fp, 376798
x8 <- 0x5BFDE000


mem[X,0x8000006C] -> 0x0413
mem[X,0x8000006E] -> 0xB7D4
[32] [M]: 0x8000006C (0xB7D40413) addi fp, fp, 2941
x8 <- 0x5BFDDB7D


mem[X,0x80000070] -> 0xF4B7
mem[X,0x80000072] -> 0xADFE
[33] [M]: 0x80000070 (0xADFEF4B7) lui s1, 712687
x9 <- 0xADFEF000


mem[X,0x80000074] -> 0x8493
mem[X,0x80000076] -> 0xDBE4
[34] [M]: 0x80000074 (0xDBE48493) addi s1, s1, 3518
x9 <- 0xADFEEDBE


mem[X,0x80000078] -> 0x7537
mem[X,0x8000007A] -> 0x56FF
[35] [M]: 0x80000078 (0x56FF7537) lui a0, 356343
x10 <- 0x56FF7000


mem[X,0x8000007C] -> 0x0513
mem[X,0x8000007E] -> 0x6DF5
[36] [M]: 0x8000007C (0x6DF50513) addi a0, a0, 1759
x10 <- 0x56FF76DF


mem[X,0x80000080] -> 0xC5B7
mem[X,0x80000082] -> 0xAB7F
[37] [M]: 0x80000080 (0xAB7FC5B7) lui a1, 702460
x11 <- 0xAB7FC000


mem[X,0x80000084] -> 0x8593
mem[X,0x80000086] -> 0xB6F5
[38] [M]: 0x80000084 (0xB6F58593) addi a1, a1, 2927
x11 <- 0xAB7FBB6F


mem[X,0x80000088] -> 0xE637
mem[X,0x8000008A] -> 0xD5BF
[39] [M]: 0x80000088 (0xD5BFE637) lui a2, 875518
x12 <- 0xD5BFE000


mem[X,0x8000008C] -> 0x0613
mem[X,0x8000008E] -> 0xDB76
[40] [M]: 0x8000008C (0xDB760613) addi a2, a2, 3511
x12 <- 0xD5BFDDB7


mem[X,0x80000090] -> 0xF6B7
mem[X,0x80000092] -> 0xEADF
[41] [M]: 0x80000090 (0xEADFF6B7) lui a3, 962047
x13 <- 0xEADFF000


mem[X,0x80000094] -> 0x8693
mem[X,0x80000096] -> 0xEDB6
[42] [M]: 0x80000094 (0xEDB68693) addi a3, a3, 3803
x13 <- 0xEADFEEDB


mem[X,0x80000098] -> 0xF737
mem[X,0x8000009A] -> 0xF56F
[43] [M]: 0x80000098 (0xF56FF737) lui a4, 1005311
x14 <- 0xF56FF000


mem[X,0x8000009C] -> 0x0713
mem[X,0x8000009E] -> 0x76D7
[44] [M]: 0x8000009C (0x76D70713) addi a4, a4, 1901
x14 <- 0xF56FF76D


mem[X,0x800000A0] -> 0x07B7
mem[X,0x800000A2] -> 0xFAB8
[45] [M]: 0x800000A0 (0xFAB807B7) lui a5, 1026944
x15 <- 0xFAB80000


mem[X,0x800000A4] -> 0x8793
mem[X,0x800000A6] -> 0xBB67
[46] [M]: 0x800000A4 (0xBB678793) addi a5, a5, 2998
x15 <- 0xFAB7FBB6


mem[X,0x800000A8] -> 0x0013
mem[X,0x800000AA] -> 0x0000
[47] [M]: 0x800000A8 (0x00000013) addi zero, zero, 0


mem[X,0x800000AC] -> 0x0013
mem[X,0x800000AE] -> 0x0000
[48] [M]: 0x800000AC (0x00000013) addi zero, zero, 0


mem[X,0x800000B0] -> 0x0013
mem[X,0x800000B2] -> 0x0000
[49] [M]: 0x800000B0 (0x00000013) addi zero, zero, 0


mem[X,0x800000B4] -> 0x0013
mem[X,0x800000B6] -> 0x0000
[50] [M]: 0x800000B4 (0x00000013) addi zero, zero, 0


mem[X,0x800000B8] -> 0x0013
mem[X,0x800000BA] -> 0x0000
[51] [M]: 0x800000B8 (0x00000013) addi zero, zero, 0


mem[X,0x800000BC] -> 0x0013
mem[X,0x800000BE] -> 0x0000
[52] [M]: 0x800000BC (0x00000013) addi zero, zero, 0


mem[X,0x800000C0] -> 0x3A17
mem[X,0x800000C2] -> 0x0000
[53] [M]: 0x800000C0 (0x00003A17) auipc s4, 3
x20 <- 0x800030C0


mem[X,0x800000C4] -> 0x0A13
mem[X,0x800000C6] -> 0x054A
[54] [M]: 0x800000C4 (0x054A0A13) addi s4, s4, 84
x20 <- 0x80003114


mem[X,0x800000C8] -> 0x0013
mem[X,0x800000CA] -> 0x0000
[55] [M]: 0x800000C8 (0x00000013) addi zero, zero, 0


mem[X,0x800000CC] -> 0x0013
mem[X,0x800000CE] -> 0x0000
[56] [M]: 0x800000CC (0x00000013) addi zero, zero, 0


mem[X,0x800000D0] -> 0x0013
mem[X,0x800000D2] -> 0x0000
[57] [M]: 0x800000D0 (0x00000013) addi zero, zero, 0


mem[X,0x800000D4] -> 0x0013
mem[X,0x800000D6] -> 0x0000
[58] [M]: 0x800000D4 (0x00000013) addi zero, zero, 0


mem[X,0x800000D8] -> 0x0013
mem[X,0x800000DA] -> 0x0000
[59] [M]: 0x800000D8 (0x00000013) addi zero, zero, 0


mem[X,0x800000DC] -> 0x0013
mem[X,0x800000DE] -> 0x0000
[60] [M]: 0x800000DC (0x00000013) addi zero, zero, 0


mem[X,0x800000E0] -> 0x0837
mem[X,0x800000E2] -> 0x8000
[61] [M]: 0x800000E0 (0x80000837) lui a6, 524288
x16 <- 0x80000000


mem[X,0x800000E4] -> 0x0D93
mem[X,0x800000E6] -> 0x0080
[62] [M]: 0x800000E4 (0x00800D93) addi s11, zero, 8
x27 <- 0x00000008


mem[X,0x800000E8] -> 0x5DB3
mem[X,0x800000EA] -> 0x41B8
[63] [M]: 0x800000E8 (0x41B85DB3) sra s11, a6, s11
x27 <- 0xFF800000


mem[X,0x800000EC] -> 0x2023
mem[X,0x800000EE] -> 0x01BA
[64] [M]: 0x800000EC (0x01BA2023) sw s11, 0(s4)
mem[0x80003114] <- 0xFF800000


mem[X,0x800000F0] -> 0x0637
mem[X,0x800000F2] -> 0x0200
[65] [M]: 0x800000F0 (0x02000637) lui a2, 8192
x12 <- 0x02000000


mem[X,0x800000F4] -> 0x0637
mem[X,0x800000F6] -> 0x0200
[66] [M]: 0x800000F4 (0x02000637) lui a2, 8192
x12 <- 0x02000000


mem[X,0x800000F8] -> 0x5833
mem[X,0x800000FA] -> 0x40C6
[67] [M]: 0x800000F8 (0x40C65833) sra a6, a2, a2
x16 <- 0x02000000


mem[X,0x800000FC] -> 0x2223
mem[X,0x800000FE] -> 0x010A
[68] [M]: 0x800000FC (0x010A2223) sw a6, 4(s4)
mem[0x80003118] <- 0x02000000


mem[X,0x80000100] -> 0xF0B7
mem[X,0x80000102] -> 0xFFFF
[69] [M]: 0x80000100 (0xFFFFF0B7) lui ra, 1048575
x1 <- 0xFFFFF000


mem[X,0x80000104] -> 0x8093
mem[X,0x80000106] -> 0x7FF0
[70] [M]: 0x80000104 (0x7FF08093) addi ra, ra, 2047
x1 <- 0xFFFFF7FF


mem[X,0x80000108] -> 0xF0B7
mem[X,0x8000010A] -> 0xFFFF
[71] [M]: 0x80000108 (0xFFFFF0B7) lui ra, 1048575
x1 <- 0xFFFFF000


mem[X,0x8000010C] -> 0x8093
mem[X,0x8000010E] -> 0x7FF0
[72] [M]: 0x8000010C (0x7FF08093) addi ra, ra, 2047
x1 <- 0xFFFFF7FF


mem[X,0x80000110] -> 0xD0B3
mem[X,0x80000112] -> 0x4010
[73] [M]: 0x80000110 (0x4010D0B3) sra ra, ra, ra
x1 <- 0xFFFFFFFF


mem[X,0x80000114] -> 0x2423
mem[X,0x80000116] -> 0x001A
[74] [M]: 0x80000114 (0x001A2423) sw ra, 8(s4)
mem[0x8000311C] <- 0xFFFFFFFF


mem[X,0x80000118] -> 0x36B7
mem[X,0x8000011A] -> 0x3333
[75] [M]: 0x80000118 (0x333336B7) lui a3, 209715
x13 <- 0x33333000


mem[X,0x8000011C] -> 0x8693
mem[X,0x8000011E] -> 0x3336
[76] [M]: 0x8000011C (0x33368693) addi a3, a3, 819
x13 <- 0x33333333


mem[X,0x80000120] -> 0x0993
mem[X,0x80000122] -> 0x0000
[77] [M]: 0x80000120 (0x00000993) addi s3, zero, 0
x19 <- 0x00000000


mem[X,0x80000124] -> 0xD6B3
mem[X,0x80000126] -> 0x4136
[78] [M]: 0x80000124 (0x4136D6B3) sra a3, a3, s3
x13 <- 0x33333333


mem[X,0x80000128] -> 0x2623
mem[X,0x8000012A] -> 0x00DA
[79] [M]: 0x80000128 (0x00DA2623) sw a3, 12(s4)
mem[0x80003120] <- 0x33333333


mem[X,0x8000012C] -> 0x0E13
mem[X,0x8000012E] -> 0x0060
[80] [M]: 0x8000012C (0x00600E13) addi t3, zero, 6
x28 <- 0x00000006


mem[X,0x80000130] -> 0x0113
mem[X,0x80000132] -> 0x0060
[81] [M]: 0x80000130 (0x00600113) addi sp, zero, 6
x2 <- 0x00000006


mem[X,0x80000134] -> 0x5433
mem[X,0x80000136] -> 0x402E
[82] [M]: 0x80000134 (0x402E5433) sra fp, t3, sp
x8 <- 0x00000000


mem[X,0x80000138] -> 0x2823
mem[X,0x8000013A] -> 0x008A
[83] [M]: 0x80000138 (0x008A2823) sw fp, 16(s4)
mem[0x80003124] <- 0x00000000


mem[X,0x8000013C] -> 0x0D13
mem[X,0x8000013E] -> 0x0000
[84] [M]: 0x8000013C (0x00000D13) addi s10, zero, 0
x26 <- 0x00000000


mem[X,0x80000140] -> 0x0F93
mem[X,0x80000142] -> 0x0030
[85] [M]: 0x80000140 (0x00300F93) addi t6, zero, 3
x31 <- 0x00000003


mem[X,0x80000144] -> 0x59B3
mem[X,0x80000146] -> 0x41FD
[86] [M]: 0x80000144 (0x41FD59B3) sra s3, s10, t6
x19 <- 0x00000000


mem[X,0x80000148] -> 0x2A23
mem[X,0x8000014A] -> 0x013A
[87] [M]: 0x80000148 (0x013A2A23) sw s3, 20(s4)
mem[0x80003128] <- 0x00000000


mem[X,0x8000014C] -> 0x0737
mem[X,0x8000014E] -> 0x8000
[88] [M]: 0x8000014C (0x80000737) lui a4, 524288
x14 <- 0x80000000


mem[X,0x80000150] -> 0x0713
mem[X,0x80000152] -> 0xFFF7
[89] [M]: 0x80000150 (0xFFF70713) addi a4, a4, 4095
x14 <- 0x7FFFFFFF


mem[X,0x80000154] -> 0x0E13
mem[X,0x80000156] -> 0x0120
[90] [M]: 0x80000154 (0x01200E13) addi t3, zero, 18
x28 <- 0x00000012


mem[X,0x80000158] -> 0x5EB3
mem[X,0x8000015A] -> 0x41C7
[91] [M]: 0x80000158 (0x41C75EB3) sra t4, a4, t3
x29 <- 0x00001FFF


mem[X,0x8000015C] -> 0x2C23
mem[X,0x8000015E] -> 0x01DA
[92] [M]: 0x8000015C (0x01DA2C23) sw t4, 24(s4)
mem[0x8000312C] <- 0x00001FFF


mem[X,0x80000160] -> 0x0513
mem[X,0x80000162] -> 0x0010
[93] [M]: 0x80000160 (0x00100513) addi a0, zero, 1
x10 <- 0x00000001


mem[X,0x80000164] -> 0x0D13
mem[X,0x80000166] -> 0x0020
[94] [M]: 0x80000164 (0x00200D13) addi s10, zero, 2
x26 <- 0x00000002


mem[X,0x80000168] -> 0x5633
mem[X,0x8000016A] -> 0x41A5
[95] [M]: 0x80000168 (0x41A55633) sra a2, a0, s10
x12 <- 0x00000000


mem[X,0x8000016C] -> 0x2E23
mem[X,0x8000016E] -> 0x00CA
[96] [M]: 0x8000016C (0x00CA2E23) sw a2, 28(s4)
mem[0x80003130] <- 0x00000000


mem[X,0x80000170] -> 0x0F13
mem[X,0x80000172] -> 0x0020
[97] [M]: 0x80000170 (0x00200F13) addi t5, zero, 2
x30 <- 0x00000002


mem[X,0x80000174] -> 0x0813
mem[X,0x80000176] -> 0x0040
[98] [M]: 0x80000174 (0x00400813) addi a6, zero, 4
x16 <- 0x00000004


mem[X,0x80000178] -> 0x57B3
mem[X,0x8000017A] -> 0x410F
[99] [M]: 0x80000178 (0x410F57B3) sra a5, t5, a6
x15 <- 0x00000000


clint::tick mtime <- 0x0000000000000001
 clint timer pending at mtime 0x0000000000000001
htif::tick 0x0000000000000000
mem[X,0x8000017C] -> 0x2023
mem[X,0x8000017E] -> 0x02FA
[100] [M]: 0x8000017C (0x02FA2023) sw a5, 32(s4)
mem[0x80003134] <- 0x00000000


mem[X,0x80000180] -> 0x0C13
mem[X,0x80000182] -> 0x0040
[101] [M]: 0x80000180 (0x00400C13) addi s8, zero, 4
x24 <- 0x00000004


mem[X,0x80000184] -> 0x0013
mem[X,0x80000186] -> 0x0000
[102] [M]: 0x80000184 (0x00000013) addi zero, zero, 0


mem[X,0x80000188] -> 0x5333
mem[X,0x8000018A] -> 0x400C
[103] [M]: 0x80000188 (0x400C5333) sra t1, s8, zero
x6 <- 0x00000004


mem[X,0x8000018C] -> 0x2223
mem[X,0x8000018E] -> 0x026A
[104] [M]: 0x8000018C (0x026A2223) sw t1, 36(s4)
mem[0x80003138] <- 0x00000004


mem[X,0x80000190] -> 0x0A93
mem[X,0x80000192] -> 0x0080
[105] [M]: 0x80000190 (0x00800A93) addi s5, zero, 8
x21 <- 0x00000008


mem[X,0x80000194] -> 0x0793
mem[X,0x80000196] -> 0x00A0
[106] [M]: 0x80000194 (0x00A00793) addi a5, zero, 10
x15 <- 0x0000000A


mem[X,0x80000198] -> 0xD1B3
mem[X,0x8000019A] -> 0x40FA
[107] [M]: 0x80000198 (0x40FAD1B3) sra gp, s5, a5
x3 <- 0x00000000


mem[X,0x8000019C] -> 0x2423
mem[X,0x8000019E] -> 0x023A
[108] [M]: 0x8000019C (0x023A2423) sw gp, 40(s4)
mem[0x8000313C] <- 0x00000000


mem[X,0x800001A0] -> 0x0793
mem[X,0x800001A2] -> 0x0100
[109] [M]: 0x800001A0 (0x01000793) addi a5, zero, 16
x15 <- 0x00000010


mem[X,0x800001A4] -> 0x0F13
mem[X,0x800001A6] -> 0x0000
[110] [M]: 0x800001A4 (0x00000F13) addi t5, zero, 0
x30 <- 0x00000000


mem[X,0x800001A8] -> 0xD533
mem[X,0x800001AA] -> 0x41E7
[111] [M]: 0x800001A8 (0x41E7D533) sra a0, a5, t5
x10 <- 0x00000010


mem[X,0x800001AC] -> 0x2623
mem[X,0x800001AE] -> 0x02AA
[112] [M]: 0x800001AC (0x02AA2623) sw a0, 44(s4)
mem[0x80003140] <- 0x00000010


mem[X,0x800001B0] -> 0x0913
mem[X,0x800001B2] -> 0x0200
[113] [M]: 0x800001B0 (0x02000913) addi s2, zero, 32
x18 <- 0x00000020


mem[X,0x800001B4] -> 0x0213
mem[X,0x800001B6] -> 0x0030
[114] [M]: 0x800001B4 (0x00300213) addi tp, zero, 3
x4 <- 0x00000003


mem[X,0x800001B8] -> 0x5B33
mem[X,0x800001BA] -> 0x4049
[115] [M]: 0x800001B8 (0x40495B33) sra s6, s2, tp
x22 <- 0x00000004


mem[X,0x800001BC] -> 0x2823
mem[X,0x800001BE] -> 0x036A
[116] [M]: 0x800001BC (0x036A2823) sw s6, 48(s4)
mem[0x80003144] <- 0x00000004


mem[X,0x800001C0] -> 0x0993
mem[X,0x800001C2] -> 0x0400
[117] [M]: 0x800001C0 (0x04000993) addi s3, zero, 64
x19 <- 0x00000040


mem[X,0x800001C4] -> 0x0893
mem[X,0x800001C6] -> 0x0170
[118] [M]: 0x800001C4 (0x01700893) addi a7, zero, 23
x17 <- 0x00000017


mem[X,0x800001C8] -> 0xD5B3
mem[X,0x800001CA] -> 0x4119
[119] [M]: 0x800001C8 (0x4119D5B3) sra a1, s3, a7
x11 <- 0x00000000


mem[X,0x800001CC] -> 0x2A23
mem[X,0x800001CE] -> 0x02BA
[120] [M]: 0x800001CC (0x02BA2A23) sw a1, 52(s4)
mem[0x80003148] <- 0x00000000


mem[X,0x800001D0] -> 0x0293
mem[X,0x800001D2] -> 0x0800
[121] [M]: 0x800001D0 (0x08000293) addi t0, zero, 128
x5 <- 0x00000080


mem[X,0x800001D4] -> 0x0713
mem[X,0x800001D6] -> 0x0080
[122] [M]: 0x800001D4 (0x00800713) addi a4, zero, 8
x14 <- 0x00000008


mem[X,0x800001D8] -> 0xD033
mem[X,0x800001DA] -> 0x40E2
[123] [M]: 0x800001D8 (0x40E2D033) sra zero, t0, a4


mem[X,0x800001DC] -> 0x2C23
mem[X,0x800001DE] -> 0x020A
[124] [M]: 0x800001DC (0x020A2C23) sw zero, 56(s4)
mem[0x8000314C] <- 0x00000000


mem[X,0x800001E0] -> 0x0313
mem[X,0x800001E2] -> 0x1000
[125] [M]: 0x800001E0 (0x10000313) addi t1, zero, 256
x6 <- 0x00000100


mem[X,0x800001E4] -> 0x0C13
mem[X,0x800001E6] -> 0x0040
[126] [M]: 0x800001E4 (0x00400C13) addi s8, zero, 4
x24 <- 0x00000004


mem[X,0x800001E8] -> 0x52B3
mem[X,0x800001EA] -> 0x4183
[127] [M]: 0x800001E8 (0x418352B3) sra t0, t1, s8
x5 <- 0x00000010


mem[X,0x800001EC] -> 0x2E23
mem[X,0x800001EE] -> 0x025A
[128] [M]: 0x800001EC (0x025A2E23) sw t0, 60(s4)
mem[0x80003150] <- 0x00000010


mem[X,0x800001F0] -> 0x0393
mem[X,0x800001F2] -> 0x2000
[129] [M]: 0x800001F0 (0x20000393) addi t2, zero, 512
x7 <- 0x00000200


mem[X,0x800001F4] -> 0x0913
mem[X,0x800001F6] -> 0x01F0
[130] [M]: 0x800001F4 (0x01F00913) addi s2, zero, 31
x18 <- 0x0000001F


mem[X,0x800001F8] -> 0xDFB3
mem[X,0x800001FA] -> 0x4123
[131] [M]: 0x800001F8 (0x4123DFB3) sra t6, t2, s2
x31 <- 0x00000000


mem[X,0x800001FC] -> 0x2023
mem[X,0x800001FE] -> 0x05FA
[132] [M]: 0x800001FC (0x05FA2023) sw t6, 64(s4)
mem[0x80003154] <- 0x00000000


mem[X,0x80000200] -> 0x0F93
mem[X,0x80000202] -> 0x4000
[133] [M]: 0x80000200 (0x40000F93) addi t6, zero, 1024
x31 <- 0x00000400


mem[X,0x80000204] -> 0x0A93
mem[X,0x80000206] -> 0x0100
[134] [M]: 0x80000204 (0x01000A93) addi s5, zero, 16
x21 <- 0x00000010


mem[X,0x80000208] -> 0xDF33
mem[X,0x8000020A] -> 0x415F
[135] [M]: 0x80000208 (0x415FDF33) sra t5, t6, s5
x30 <- 0x00000000


mem[X,0x8000020C] -> 0x2223
mem[X,0x8000020E] -> 0x05EA
[136] [M]: 0x8000020C (0x05EA2223) sw t5, 68(s4)
mem[0x80003158] <- 0x00000000


mem[X,0x80000210] -> 0x1237
mem[X,0x80000212] -> 0x0000
[137] [M]: 0x80000210 (0x00001237) lui tp, 1
x4 <- 0x00001000


mem[X,0x80000214] -> 0x0213
mem[X,0x80000216] -> 0x8002
[138] [M]: 0x80000214 (0x80020213) addi tp, tp, 2048
x4 <- 0x00000800


mem[X,0x80000218] -> 0x0593
mem[X,0x8000021A] -> 0x0130
[139] [M]: 0x80000218 (0x01300593) addi a1, zero, 19
x11 <- 0x00000013


mem[X,0x8000021C] -> 0x5133
mem[X,0x8000021E] -> 0x40B2
[140] [M]: 0x8000021C (0x40B25133) sra sp, tp, a1
x2 <- 0x00000000


mem[X,0x80000220] -> 0x2423
mem[X,0x80000222] -> 0x042A
[141] [M]: 0x80000220 (0x042A2423) sw sp, 72(s4)
mem[0x8000315C] <- 0x00000000


mem[X,0x80000224] -> 0x1B37
mem[X,0x80000226] -> 0x0000
[142] [M]: 0x80000224 (0x00001B37) lui s6, 1
x22 <- 0x00001000


mem[X,0x80000228] -> 0x0C93
mem[X,0x8000022A] -> 0x0020
[143] [M]: 0x80000228 (0x00200C93) addi s9, zero, 2
x25 <- 0x00000002


mem[X,0x8000022C] -> 0x54B3
mem[X,0x8000022E] -> 0x419B
[144] [M]: 0x8000022C (0x419B54B3) sra s1, s6, s9
x9 <- 0x00000400


mem[X,0x80000230] -> 0x2623
mem[X,0x80000232] -> 0x049A
[145] [M]: 0x80000230 (0x049A2623) sw s1, 76(s4)
mem[0x80003160] <- 0x00000400


mem[X,0x80000234] -> 0x0013
mem[X,0x80000236] -> 0x0000
[146] [M]: 0x80000234 (0x00000013) addi zero, zero, 0


mem[X,0x80000238] -> 0x0013
mem[X,0x8000023A] -> 0x0000
[147] [M]: 0x80000238 (0x00000013) addi zero, zero, 0


mem[X,0x8000023C] -> 0x0013
mem[X,0x8000023E] -> 0x0000
[148] [M]: 0x8000023C (0x00000013) addi zero, zero, 0


mem[X,0x80000240] -> 0x3097
mem[X,0x80000242] -> 0x0000
[149] [M]: 0x80000240 (0x00003097) auipc ra, 3
x1 <- 0x80003240


mem[X,0x80000244] -> 0x8093
mem[X,0x80000246] -> 0xF240
[150] [M]: 0x80000244 (0xF2408093) addi ra, ra, 3876
x1 <- 0x80003164


mem[X,0x80000248] -> 0x0013
mem[X,0x8000024A] -> 0x0000
[151] [M]: 0x80000248 (0x00000013) addi zero, zero, 0


mem[X,0x8000024C] -> 0x0013
mem[X,0x8000024E] -> 0x0000
[152] [M]: 0x8000024C (0x00000013) addi zero, zero, 0


mem[X,0x80000250] -> 0x0013
mem[X,0x80000252] -> 0x0000
[153] [M]: 0x80000250 (0x00000013) addi zero, zero, 0


mem[X,0x80000254] -> 0x0013
mem[X,0x80000256] -> 0x0000
[154] [M]: 0x80000254 (0x00000013) addi zero, zero, 0


mem[X,0x80000258] -> 0x0013
mem[X,0x8000025A] -> 0x0000
[155] [M]: 0x80000258 (0x00000013) addi zero, zero, 0


mem[X,0x8000025C] -> 0x0013
mem[X,0x8000025E] -> 0x0000
[156] [M]: 0x8000025C (0x00000013) addi zero, zero, 0


mem[X,0x80000260] -> 0x2BB7
mem[X,0x80000262] -> 0x0000
[157] [M]: 0x80000260 (0x00002BB7) lui s7, 2
x23 <- 0x00002000


mem[X,0x80000264] -> 0x0693
mem[X,0x80000266] -> 0x01F0
[158] [M]: 0x80000264 (0x01F00693) addi a3, zero, 31
x13 <- 0x0000001F


mem[X,0x80000268] -> 0xD733
mem[X,0x8000026A] -> 0x40DB
[159] [M]: 0x80000268 (0x40DBD733) sra a4, s7, a3
x14 <- 0x00000000


mem[X,0x8000026C] -> 0xA023
mem[X,0x8000026E] -> 0x00E0
[160] [M]: 0x8000026C (0x00E0A023) sw a4, 0(ra)
mem[0x80003164] <- 0x00000000


mem[X,0x80000270] -> 0x4437
mem[X,0x80000272] -> 0x0000
[161] [M]: 0x80000270 (0x00004437) lui fp, 4
x8 <- 0x00004000


mem[X,0x80000274] -> 0x0E93
mem[X,0x80000276] -> 0x00A0
[162] [M]: 0x80000274 (0x00A00E93) addi t4, zero, 10
x29 <- 0x0000000A


mem[X,0x80000278] -> 0x5E33
mem[X,0x8000027A] -> 0x41D4
[163] [M]: 0x80000278 (0x41D45E33) sra t3, fp, t4
x28 <- 0x00000010


mem[X,0x8000027C] -> 0xA223
mem[X,0x8000027E] -> 0x01C0
[164] [M]: 0x8000027C (0x01C0A223) sw t3, 4(ra)
mem[0x80003168] <- 0x00000010


mem[X,0x80000280] -> 0x88B7
mem[X,0x80000282] -> 0x0000
[165] [M]: 0x80000280 (0x000088B7) lui a7, 8
x17 <- 0x00008000


mem[X,0x80000284] -> 0x0413
mem[X,0x80000286] -> 0x0130
[166] [M]: 0x80000284 (0x01300413) addi fp, zero, 19
x8 <- 0x00000013


mem[X,0x80000288] -> 0xDD33
mem[X,0x8000028A] -> 0x4088
[167] [M]: 0x80000288 (0x4088DD33) sra s10, a7, fp
x26 <- 0x00000000


mem[X,0x8000028C] -> 0xA423
mem[X,0x8000028E] -> 0x01A0
[168] [M]: 0x8000028C (0x01A0A423) sw s10, 8(ra)
mem[0x8000316C] <- 0x00000000


mem[X,0x80000290] -> 0x0EB7
mem[X,0x80000292] -> 0x0001
[169] [M]: 0x80000290 (0x00010EB7) lui t4, 16
x29 <- 0x00010000


mem[X,0x80000294] -> 0x0193
mem[X,0x80000296] -> 0x0100
[170] [M]: 0x80000294 (0x01000193) addi gp, zero, 16
x3 <- 0x00000010


mem[X,0x80000298] -> 0xDBB3
mem[X,0x8000029A] -> 0x403E
[171] [M]: 0x80000298 (0x403EDBB3) sra s7, t4, gp
x23 <- 0x00000001


mem[X,0x8000029C] -> 0xA623
mem[X,0x8000029E] -> 0x0170
[172] [M]: 0x8000029C (0x0170A623) sw s7, 12(ra)
mem[0x80003170] <- 0x00000001


mem[X,0x800002A0] -> 0x04B7
mem[X,0x800002A2] -> 0x0002
[173] [M]: 0x800002A0 (0x000204B7) lui s1, 32
x9 <- 0x00020000


mem[X,0x800002A4] -> 0x0293
mem[X,0x800002A6] -> 0x0000
[174] [M]: 0x800002A4 (0x00000293) addi t0, zero, 0
x5 <- 0x00000000


mem[X,0x800002A8] -> 0xD3B3
mem[X,0x800002AA] -> 0x4054
[175] [M]: 0x800002A8 (0x4054D3B3) sra t2, s1, t0
x7 <- 0x00020000


mem[X,0x800002AC] -> 0xA823
mem[X,0x800002AE] -> 0x0070
[176] [M]: 0x800002AC (0x0070A823) sw t2, 16(ra)
mem[0x80003174] <- 0x00020000


mem[X,0x800002B0] -> 0x0A37
mem[X,0x800002B2] -> 0x0004
[177] [M]: 0x800002B0 (0x00040A37) lui s4, 64
x20 <- 0x00040000


mem[X,0x800002B4] -> 0x0393
mem[X,0x800002B6] -> 0x0080
[178] [M]: 0x800002B4 (0x00800393) addi t2, zero, 8
x7 <- 0x00000008


mem[X,0x800002B8] -> 0x5C33
mem[X,0x800002BA] -> 0x407A
[179] [M]: 0x800002B8 (0x407A5C33) sra s8, s4, t2
x24 <- 0x00000400


mem[X,0x800002BC] -> 0xAA23
mem[X,0x800002BE] -> 0x0180
[180] [M]: 0x800002BC (0x0180AA23) sw s8, 20(ra)
mem[0x80003178] <- 0x00000400


mem[X,0x800002C0] -> 0x0CB7
mem[X,0x800002C2] -> 0x0008
[181] [M]: 0x800002C0 (0x00080CB7) lui s9, 128
x25 <- 0x00080000


mem[X,0x800002C4] -> 0x0513
mem[X,0x800002C6] -> 0x0080
[182] [M]: 0x800002C4 (0x00800513) addi a0, zero, 8
x10 <- 0x00000008


mem[X,0x800002C8] -> 0xD8B3
mem[X,0x800002CA] -> 0x40AC
[183] [M]: 0x800002C8 (0x40ACD8B3) sra a7, s9, a0
x17 <- 0x00000800


mem[X,0x800002CC] -> 0xAC23
mem[X,0x800002CE] -> 0x0110
[184] [M]: 0x800002CC (0x0110AC23) sw a7, 24(ra)
mem[0x8000317C] <- 0x00000800


mem[X,0x800002D0] -> 0x0DB7
mem[X,0x800002D2] -> 0x0010
[185] [M]: 0x800002D0 (0x00100DB7) lui s11, 256
x27 <- 0x00100000


mem[X,0x800002D4] -> 0x0B13
mem[X,0x800002D6] -> 0x01B0
[186] [M]: 0x800002D4 (0x01B00B13) addi s6, zero, 27
x22 <- 0x0000001B


mem[X,0x800002D8] -> 0xDA33
mem[X,0x800002DA] -> 0x416D
[187] [M]: 0x800002D8 (0x416DDA33) sra s4, s11, s6
x20 <- 0x00000000


mem[X,0x800002DC] -> 0xAE23
mem[X,0x800002DE] -> 0x0140
[188] [M]: 0x800002DC (0x0140AE23) sw s4, 28(ra)
mem[0x80003180] <- 0x00000000


mem[X,0x800002E0] -> 0x01B7
mem[X,0x800002E2] -> 0x0020
[189] [M]: 0x800002E0 (0x002001B7) lui gp, 512
x3 <- 0x00200000


mem[X,0x800002E4] -> 0x0313
mem[X,0x800002E6] -> 0x00B0
[190] [M]: 0x800002E4 (0x00B00313) addi t1, zero, 11
x6 <- 0x0000000B


mem[X,0x800002E8] -> 0xDCB3
mem[X,0x800002EA] -> 0x4061
[191] [M]: 0x800002E8 (0x4061DCB3) sra s9, gp, t1
x25 <- 0x00000400


mem[X,0x800002EC] -> 0xA023
mem[X,0x800002EE] -> 0x0390
[192] [M]: 0x800002EC (0x0390A023) sw s9, 32(ra)
mem[0x80003184] <- 0x00000400


mem[X,0x800002F0] -> 0x0013
mem[X,0x800002F2] -> 0x0000
[193] [M]: 0x800002F0 (0x00000013) addi zero, zero, 0


mem[X,0x800002F4] -> 0x0B93
mem[X,0x800002F6] -> 0x0080
[194] [M]: 0x800002F4 (0x00800B93) addi s7, zero, 8
x23 <- 0x00000008


mem[X,0x800002F8] -> 0x5233
mem[X,0x800002FA] -> 0x4170
[195] [M]: 0x800002F8 (0x41705233) sra tp, zero, s7
x4 <- 0x00000000


mem[X,0x800002FC] -> 0xA223
mem[X,0x800002FE] -> 0x0240
[196] [M]: 0x800002FC (0x0240A223) sw tp, 36(ra)
mem[0x80003188] <- 0x00000000


mem[X,0x80000300] -> 0x0137
mem[X,0x80000302] -> 0x0080
[197] [M]: 0x80000300 (0x00800137) lui sp, 2048
x2 <- 0x00800000


mem[X,0x80000304] -> 0x0A13
mem[X,0x80000306] -> 0x01B0
[198] [M]: 0x80000304 (0x01B00A13) addi s4, zero, 27
x20 <- 0x0000001B


mem[X,0x80000308] -> 0x5933
mem[X,0x8000030A] -> 0x4141
[199] [M]: 0x80000308 (0x41415933) sra s2, sp, s4
x18 <- 0x00000000


clint::tick mtime <- 0x0000000000000002
 clint timer pending at mtime 0x0000000000000002
htif::tick 0x0000000000000000
mem[X,0x8000030C] -> 0xA423
mem[X,0x8000030E] -> 0x0320
[200] [M]: 0x8000030C (0x0320A423) sw s2, 40(ra)
mem[0x8000318C] <- 0x00000000


mem[X,0x80000310] -> 0x05B7
mem[X,0x80000312] -> 0x0100
[201] [M]: 0x80000310 (0x010005B7) lui a1, 4096
x11 <- 0x01000000


mem[X,0x80000314] -> 0x0493
mem[X,0x80000316] -> 0x00B0
[202] [M]: 0x80000314 (0x00B00493) addi s1, zero, 11
x9 <- 0x0000000B


mem[X,0x80000318] -> 0xDAB3
mem[X,0x8000031A] -> 0x4095
[203] [M]: 0x80000318 (0x4095DAB3) sra s5, a1, s1
x21 <- 0x00002000


mem[X,0x8000031C] -> 0xA623
mem[X,0x8000031E] -> 0x0350
[204] [M]: 0x8000031C (0x0350A623) sw s5, 44(ra)
mem[0x80003190] <- 0x00002000


mem[X,0x80000320] -> 0x0537
mem[X,0x80000322] -> 0x0400
[205] [M]: 0x80000320 (0x04000537) lui a0, 16384
x10 <- 0x04000000


mem[X,0x80000324] -> 0x0593
mem[X,0x80000326] -> 0x00C0
[206] [M]: 0x80000324 (0x00C00593) addi a1, zero, 12
x11 <- 0x0000000C


mem[X,0x80000328] -> 0x5633
mem[X,0x8000032A] -> 0x40B5
[207] [M]: 0x80000328 (0x40B55633) sra a2, a0, a1
x12 <- 0x00004000


mem[X,0x8000032C] -> 0xA823
mem[X,0x8000032E] -> 0x02C0
[208] [M]: 0x8000032C (0x02C0A823) sw a2, 48(ra)
mem[0x80003194] <- 0x00004000


mem[X,0x80000330] -> 0x0537
mem[X,0x80000332] -> 0x0800
[209] [M]: 0x80000330 (0x08000537) lui a0, 32768
x10 <- 0x08000000


mem[X,0x80000334] -> 0x0593
mem[X,0x80000336] -> 0x0040
[210] [M]: 0x80000334 (0x00400593) addi a1, zero, 4
x11 <- 0x00000004


mem[X,0x80000338] -> 0x5633
mem[X,0x8000033A] -> 0x40B5
[211] [M]: 0x80000338 (0x40B55633) sra a2, a0, a1
x12 <- 0x00800000


mem[X,0x8000033C] -> 0xAA23
mem[X,0x8000033E] -> 0x02C0
[212] [M]: 0x8000033C (0x02C0AA23) sw a2, 52(ra)
mem[0x80003198] <- 0x00800000


mem[X,0x80000340] -> 0x0537
mem[X,0x80000342] -> 0x1000
[213] [M]: 0x80000340 (0x10000537) lui a0, 65536
x10 <- 0x10000000


mem[X,0x80000344] -> 0x0593
mem[X,0x80000346] -> 0x00B0
[214] [M]: 0x80000344 (0x00B00593) addi a1, zero, 11
x11 <- 0x0000000B


mem[X,0x80000348] -> 0x5633
mem[X,0x8000034A] -> 0x40B5
[215] [M]: 0x80000348 (0x40B55633) sra a2, a0, a1
x12 <- 0x00020000


mem[X,0x8000034C] -> 0xAC23
mem[X,0x8000034E] -> 0x02C0
[216] [M]: 0x8000034C (0x02C0AC23) sw a2, 56(ra)
mem[0x8000319C] <- 0x00020000


mem[X,0x80000350] -> 0x0537
mem[X,0x80000352] -> 0x2000
[217] [M]: 0x80000350 (0x20000537) lui a0, 131072
x10 <- 0x20000000


mem[X,0x80000354] -> 0x0593
mem[X,0x80000356] -> 0x00A0
[218] [M]: 0x80000354 (0x00A00593) addi a1, zero, 10
x11 <- 0x0000000A


mem[X,0x80000358] -> 0x5633
mem[X,0x8000035A] -> 0x40B5
[219] [M]: 0x80000358 (0x40B55633) sra a2, a0, a1
x12 <- 0x00080000


mem[X,0x8000035C] -> 0xAE23
mem[X,0x8000035E] -> 0x02C0
[220] [M]: 0x8000035C (0x02C0AE23) sw a2, 60(ra)
mem[0x800031A0] <- 0x00080000


mem[X,0x80000360] -> 0x0537
mem[X,0x80000362] -> 0x4000
[221] [M]: 0x80000360 (0x40000537) lui a0, 262144
x10 <- 0x40000000


mem[X,0x80000364] -> 0x0593
mem[X,0x80000366] -> 0x00F0
[222] [M]: 0x80000364 (0x00F00593) addi a1, zero, 15
x11 <- 0x0000000F


mem[X,0x80000368] -> 0x5633
mem[X,0x8000036A] -> 0x40B5
[223] [M]: 0x80000368 (0x40B55633) sra a2, a0, a1
x12 <- 0x00008000


mem[X,0x8000036C] -> 0xA023
mem[X,0x8000036E] -> 0x04C0
[224] [M]: 0x8000036C (0x04C0A023) sw a2, 64(ra)
mem[0x800031A4] <- 0x00008000


mem[X,0x80000370] -> 0x0513
mem[X,0x80000372] -> 0xFFE0
[225] [M]: 0x80000370 (0xFFE00513) addi a0, zero, 4094
x10 <- 0xFFFFFFFE


mem[X,0x80000374] -> 0x0593
mem[X,0x80000376] -> 0x0070
[226] [M]: 0x80000374 (0x00700593) addi a1, zero, 7
x11 <- 0x00000007


mem[X,0x80000378] -> 0x5633
mem[X,0x8000037A] -> 0x40B5
[227] [M]: 0x80000378 (0x40B55633) sra a2, a0, a1
x12 <- 0xFFFFFFFF


mem[X,0x8000037C] -> 0xA223
mem[X,0x8000037E] -> 0x04C0
[228] [M]: 0x8000037C (0x04C0A223) sw a2, 68(ra)
mem[0x800031A8] <- 0xFFFFFFFF


mem[X,0x80000380] -> 0x0513
mem[X,0x80000382] -> 0xFFD0
[229] [M]: 0x80000380 (0xFFD00513) addi a0, zero, 4093
x10 <- 0xFFFFFFFD


mem[X,0x80000384] -> 0x0593
mem[X,0x80000386] -> 0x0120
[230] [M]: 0x80000384 (0x01200593) addi a1, zero, 18
x11 <- 0x00000012


mem[X,0x80000388] -> 0x5633
mem[X,0x8000038A] -> 0x40B5
[231] [M]: 0x80000388 (0x40B55633) sra a2, a0, a1
x12 <- 0xFFFFFFFF


mem[X,0x8000038C] -> 0xA423
mem[X,0x8000038E] -> 0x04C0
[232] [M]: 0x8000038C (0x04C0A423) sw a2, 72(ra)
mem[0x800031AC] <- 0xFFFFFFFF


mem[X,0x80000390] -> 0x0513
mem[X,0x80000392] -> 0xFFB0
[233] [M]: 0x80000390 (0xFFB00513) addi a0, zero, 4091
x10 <- 0xFFFFFFFB


mem[X,0x80000394] -> 0x0593
mem[X,0x80000396] -> 0x0040
[234] [M]: 0x80000394 (0x00400593) addi a1, zero, 4
x11 <- 0x00000004


mem[X,0x80000398] -> 0x5633
mem[X,0x8000039A] -> 0x40B5
[235] [M]: 0x80000398 (0x40B55633) sra a2, a0, a1
x12 <- 0xFFFFFFFF


mem[X,0x8000039C] -> 0xA623
mem[X,0x8000039E] -> 0x04C0
[236] [M]: 0x8000039C (0x04C0A623) sw a2, 76(ra)
mem[0x800031B0] <- 0xFFFFFFFF


mem[X,0x800003A0] -> 0x0513
mem[X,0x800003A2] -> 0xFF70
[237] [M]: 0x800003A0 (0xFF700513) addi a0, zero, 4087
x10 <- 0xFFFFFFF7


mem[X,0x800003A4] -> 0x0593
mem[X,0x800003A6] -> 0x0050
[238] [M]: 0x800003A4 (0x00500593) addi a1, zero, 5
x11 <- 0x00000005


mem[X,0x800003A8] -> 0x5633
mem[X,0x800003AA] -> 0x40B5
[239] [M]: 0x800003A8 (0x40B55633) sra a2, a0, a1
x12 <- 0xFFFFFFFF


mem[X,0x800003AC] -> 0xA823
mem[X,0x800003AE] -> 0x04C0
[240] [M]: 0x800003AC (0x04C0A823) sw a2, 80(ra)
mem[0x800031B4] <- 0xFFFFFFFF


mem[X,0x800003B0] -> 0x0513
mem[X,0x800003B2] -> 0xFEF0
[241] [M]: 0x800003B0 (0xFEF00513) addi a0, zero, 4079
x10 <- 0xFFFFFFEF


mem[X,0x800003B4] -> 0x0593
mem[X,0x800003B6] -> 0x01D0
[242] [M]: 0x800003B4 (0x01D00593) addi a1, zero, 29
x11 <- 0x0000001D


mem[X,0x800003B8] -> 0x5633
mem[X,0x800003BA] -> 0x40B5
[243] [M]: 0x800003B8 (0x40B55633) sra a2, a0, a1
x12 <- 0xFFFFFFFF


mem[X,0x800003BC] -> 0xAA23
mem[X,0x800003BE] -> 0x04C0
[244] [M]: 0x800003BC (0x04C0AA23) sw a2, 84(ra)
mem[0x800031B8] <- 0xFFFFFFFF


mem[X,0x800003C0] -> 0x0513
mem[X,0x800003C2] -> 0xFDF0
[245] [M]: 0x800003C0 (0xFDF00513) addi a0, zero, 4063
x10 <- 0xFFFFFFDF


mem[X,0x800003C4] -> 0x0593
mem[X,0x800003C6] -> 0x00D0
[246] [M]: 0x800003C4 (0x00D00593) addi a1, zero, 13
x11 <- 0x0000000D


mem[X,0x800003C8] -> 0x5633
mem[X,0x800003CA] -> 0x40B5
[247] [M]: 0x800003C8 (0x40B55633) sra a2, a0, a1
x12 <- 0xFFFFFFFF


mem[X,0x800003CC] -> 0xAC23
mem[X,0x800003CE] -> 0x04C0
[248] [M]: 0x800003CC (0x04C0AC23) sw a2, 88(ra)
mem[0x800031BC] <- 0xFFFFFFFF


mem[X,0x800003D0] -> 0x0513
mem[X,0x800003D2] -> 0xFBF0
[249] [M]: 0x800003D0 (0xFBF00513) addi a0, zero, 4031
x10 <- 0xFFFFFFBF


mem[X,0x800003D4] -> 0x0593
mem[X,0x800003D6] -> 0x0170
[250] [M]: 0x800003D4 (0x01700593) addi a1, zero, 23
x11 <- 0x00000017


mem[X,0x800003D8] -> 0x5633
mem[X,0x800003DA] -> 0x40B5
[251] [M]: 0x800003D8 (0x40B55633) sra a2, a0, a1
x12 <- 0xFFFFFFFF


mem[X,0x800003DC] -> 0xAE23
mem[X,0x800003DE] -> 0x04C0
[252] [M]: 0x800003DC (0x04C0AE23) sw a2, 92(ra)
mem[0x800031C0] <- 0xFFFFFFFF


mem[X,0x800003E0] -> 0x0513
mem[X,0x800003E2] -> 0xF7F0
[253] [M]: 0x800003E0 (0xF7F00513) addi a0, zero, 3967
x10 <- 0xFFFFFF7F


mem[X,0x800003E4] -> 0x0593
mem[X,0x800003E6] -> 0x00D0
[254] [M]: 0x800003E4 (0x00D00593) addi a1, zero, 13
x11 <- 0x0000000D


mem[X,0x800003E8] -> 0x5633
mem[X,0x800003EA] -> 0x40B5
[255] [M]: 0x800003E8 (0x40B55633) sra a2, a0, a1
x12 <- 0xFFFFFFFF


mem[X,0x800003EC] -> 0xA023
mem[X,0x800003EE] -> 0x06C0
[256] [M]: 0x800003EC (0x06C0A023) sw a2, 96(ra)
mem[0x800031C4] <- 0xFFFFFFFF


mem[X,0x800003F0] -> 0x0513
mem[X,0x800003F2] -> 0xEFF0
[257] [M]: 0x800003F0 (0xEFF00513) addi a0, zero, 3839
x10 <- 0xFFFFFEFF


mem[X,0x800003F4] -> 0x0593
mem[X,0x800003F6] -> 0x0130
[258] [M]: 0x800003F4 (0x01300593) addi a1, zero, 19
x11 <- 0x00000013


mem[X,0x800003F8] -> 0x5633
mem[X,0x800003FA] -> 0x40B5
[259] [M]: 0x800003F8 (0x40B55633) sra a2, a0, a1
x12 <- 0xFFFFFFFF


mem[X,0x800003FC] -> 0xA223
mem[X,0x800003FE] -> 0x06C0
[260] [M]: 0x800003FC (0x06C0A223) sw a2, 100(ra)
mem[0x800031C8] <- 0xFFFFFFFF


mem[X,0x80000400] -> 0x0513
mem[X,0x80000402] -> 0xDFF0
[261] [M]: 0x80000400 (0xDFF00513) addi a0, zero, 3583
x10 <- 0xFFFFFDFF


mem[X,0x80000404] -> 0x0593
mem[X,0x80000406] -> 0x0010
[262] [M]: 0x80000404 (0x00100593) addi a1, zero, 1
x11 <- 0x00000001


mem[X,0x80000408] -> 0x5633
mem[X,0x8000040A] -> 0x40B5
[263] [M]: 0x80000408 (0x40B55633) sra a2, a0, a1
x12 <- 0xFFFFFEFF


mem[X,0x8000040C] -> 0xA423
mem[X,0x8000040E] -> 0x06C0
[264] [M]: 0x8000040C (0x06C0A423) sw a2, 104(ra)
mem[0x800031CC] <- 0xFFFFFEFF


mem[X,0x80000410] -> 0x0513
mem[X,0x80000412] -> 0xBFF0
[265] [M]: 0x80000410 (0xBFF00513) addi a0, zero, 3071
x10 <- 0xFFFFFBFF


mem[X,0x80000414] -> 0x0593
mem[X,0x80000416] -> 0x0150
[266] [M]: 0x80000414 (0x01500593) addi a1, zero, 21
x11 <- 0x00000015


mem[X,0x80000418] -> 0x5633
mem[X,0x8000041A] -> 0x40B5
[267] [M]: 0x80000418 (0x40B55633) sra a2, a0, a1
x12 <- 0xFFFFFFFF


mem[X,0x8000041C] -> 0xA623
mem[X,0x8000041E] -> 0x06C0
[268] [M]: 0x8000041C (0x06C0A623) sw a2, 108(ra)
mem[0x800031D0] <- 0xFFFFFFFF


mem[X,0x80000420] -> 0xF537
mem[X,0x80000422] -> 0xFFFF
[269] [M]: 0x80000420 (0xFFFFF537) lui a0, 1048575
x10 <- 0xFFFFF000


mem[X,0x80000424] -> 0x0513
mem[X,0x80000426] -> 0xFFF5
[270] [M]: 0x80000424 (0xFFF50513) addi a0, a0, 4095
x10 <- 0xFFFFEFFF


mem[X,0x80000428] -> 0x0593
mem[X,0x8000042A] -> 0x00E0
[271] [M]: 0x80000428 (0x00E00593) addi a1, zero, 14
x11 <- 0x0000000E


mem[X,0x8000042C] -> 0x5633
mem[X,0x8000042E] -> 0x40B5
[272] [M]: 0x8000042C (0x40B55633) sra a2, a0, a1
x12 <- 0xFFFFFFFF


mem[X,0x80000430] -> 0xA823
mem[X,0x80000432] -> 0x06C0
[273] [M]: 0x80000430 (0x06C0A823) sw a2, 112(ra)
mem[0x800031D4] <- 0xFFFFFFFF


mem[X,0x80000434] -> 0xE537
mem[X,0x80000436] -> 0xFFFF
[274] [M]: 0x80000434 (0xFFFFE537) lui a0, 1048574
x10 <- 0xFFFFE000


mem[X,0x80000438] -> 0x0513
mem[X,0x8000043A] -> 0xFFF5
[275] [M]: 0x80000438 (0xFFF50513) addi a0, a0, 4095
x10 <- 0xFFFFDFFF


mem[X,0x8000043C] -> 0x0593
mem[X,0x8000043E] -> 0x0080
[276] [M]: 0x8000043C (0x00800593) addi a1, zero, 8
x11 <- 0x00000008


mem[X,0x80000440] -> 0x5633
mem[X,0x80000442] -> 0x40B5
[277] [M]: 0x80000440 (0x40B55633) sra a2, a0, a1
x12 <- 0xFFFFFFDF


mem[X,0x80000444] -> 0xAA23
mem[X,0x80000446] -> 0x06C0
[278] [M]: 0x80000444 (0x06C0AA23) sw a2, 116(ra)
mem[0x800031D8] <- 0xFFFFFFDF


mem[X,0x80000448] -> 0xC537
mem[X,0x8000044A] -> 0xFFFF
[279] [M]: 0x80000448 (0xFFFFC537) lui a0, 1048572
x10 <- 0xFFFFC000


mem[X,0x8000044C] -> 0x0513
mem[X,0x8000044E] -> 0xFFF5
[280] [M]: 0x8000044C (0xFFF50513) addi a0, a0, 4095
x10 <- 0xFFFFBFFF


mem[X,0x80000450] -> 0x0593
mem[X,0x80000452] -> 0x00E0
[281] [M]: 0x80000450 (0x00E00593) addi a1, zero, 14
x11 <- 0x0000000E


mem[X,0x80000454] -> 0x5633
mem[X,0x80000456] -> 0x40B5
[282] [M]: 0x80000454 (0x40B55633) sra a2, a0, a1
x12 <- 0xFFFFFFFE


mem[X,0x80000458] -> 0xAC23
mem[X,0x8000045A] -> 0x06C0
[283] [M]: 0x80000458 (0x06C0AC23) sw a2, 120(ra)
mem[0x800031DC] <- 0xFFFFFFFE


mem[X,0x8000045C] -> 0x8537
mem[X,0x8000045E] -> 0xFFFF
[284] [M]: 0x8000045C (0xFFFF8537) lui a0, 1048568
x10 <- 0xFFFF8000


mem[X,0x80000460] -> 0x0513
mem[X,0x80000462] -> 0xFFF5
[285] [M]: 0x80000460 (0xFFF50513) addi a0, a0, 4095
x10 <- 0xFFFF7FFF


mem[X,0x80000464] -> 0x0593
mem[X,0x80000466] -> 0x00C0
[286] [M]: 0x80000464 (0x00C00593) addi a1, zero, 12
x11 <- 0x0000000C


mem[X,0x80000468] -> 0x5633
mem[X,0x8000046A] -> 0x40B5
[287] [M]: 0x80000468 (0x40B55633) sra a2, a0, a1
x12 <- 0xFFFFFFF7


mem[X,0x8000046C] -> 0xAE23
mem[X,0x8000046E] -> 0x06C0
[288] [M]: 0x8000046C (0x06C0AE23) sw a2, 124(ra)
mem[0x800031E0] <- 0xFFFFFFF7


mem[X,0x80000470] -> 0x0537
mem[X,0x80000472] -> 0xFFFF
[289] [M]: 0x80000470 (0xFFFF0537) lui a0, 1048560
x10 <- 0xFFFF0000


mem[X,0x80000474] -> 0x0513
mem[X,0x80000476] -> 0xFFF5
[290] [M]: 0x80000474 (0xFFF50513) addi a0, a0, 4095
x10 <- 0xFFFEFFFF


mem[X,0x80000478] -> 0x0593
mem[X,0x8000047A] -> 0x0170
[291] [M]: 0x80000478 (0x01700593) addi a1, zero, 23
x11 <- 0x00000017


mem[X,0x8000047C] -> 0x5633
mem[X,0x8000047E] -> 0x40B5
[292] [M]: 0x8000047C (0x40B55633) sra a2, a0, a1
x12 <- 0xFFFFFFFF


mem[X,0x80000480] -> 0xA023
mem[X,0x80000482] -> 0x08C0
[293] [M]: 0x80000480 (0x08C0A023) sw a2, 128(ra)
mem[0x800031E4] <- 0xFFFFFFFF


mem[X,0x80000484] -> 0x0537
mem[X,0x80000486] -> 0xFFFE
[294] [M]: 0x80000484 (0xFFFE0537) lui a0, 1048544
x10 <- 0xFFFE0000


mem[X,0x80000488] -> 0x0513
mem[X,0x8000048A] -> 0xFFF5
[295] [M]: 0x80000488 (0xFFF50513) addi a0, a0, 4095
x10 <- 0xFFFDFFFF


mem[X,0x8000048C] -> 0x0593
mem[X,0x8000048E] -> 0x00A0
[296] [M]: 0x8000048C (0x00A00593) addi a1, zero, 10
x11 <- 0x0000000A


mem[X,0x80000490] -> 0x5633
mem[X,0x80000492] -> 0x40B5
[297] [M]: 0x80000490 (0x40B55633) sra a2, a0, a1
x12 <- 0xFFFFFF7F


mem[X,0x80000494] -> 0xA223
mem[X,0x80000496] -> 0x08C0
[298] [M]: 0x80000494 (0x08C0A223) sw a2, 132(ra)
mem[0x800031E8] <- 0xFFFFFF7F


mem[X,0x80000498] -> 0x0537
mem[X,0x8000049A] -> 0xFFFC
[299] [M]: 0x80000498 (0xFFFC0537) lui a0, 1048512
x10 <- 0xFFFC0000


clint::tick mtime <- 0x0000000000000003
 clint timer pending at mtime 0x0000000000000003
htif::tick 0x0000000000000000
mem[X,0x8000049C] -> 0x0513
mem[X,0x8000049E] -> 0xFFF5
[300] [M]: 0x8000049C (0xFFF50513) addi a0, a0, 4095
x10 <- 0xFFFBFFFF


mem[X,0x800004A0] -> 0x0593
mem[X,0x800004A2] -> 0x00B0
[301] [M]: 0x800004A0 (0x00B00593) addi a1, zero, 11
x11 <- 0x0000000B


mem[X,0x800004A4] -> 0x5633
mem[X,0x800004A6] -> 0x40B5
[302] [M]: 0x800004A4 (0x40B55633) sra a2, a0, a1
x12 <- 0xFFFFFF7F


mem[X,0x800004A8] -> 0xA423
mem[X,0x800004AA] -> 0x08C0
[303] [M]: 0x800004A8 (0x08C0A423) sw a2, 136(ra)
mem[0x800031EC] <- 0xFFFFFF7F


mem[X,0x800004AC] -> 0x0537
mem[X,0x800004AE] -> 0xFFF8
[304] [M]: 0x800004AC (0xFFF80537) lui a0, 1048448
x10 <- 0xFFF80000


mem[X,0x800004B0] -> 0x0513
mem[X,0x800004B2] -> 0xFFF5
[305] [M]: 0x800004B0 (0xFFF50513) addi a0, a0, 4095
x10 <- 0xFFF7FFFF


mem[X,0x800004B4] -> 0x0593
mem[X,0x800004B6] -> 0x0000
[306] [M]: 0x800004B4 (0x00000593) addi a1, zero, 0
x11 <- 0x00000000


mem[X,0x800004B8] -> 0x5633
mem[X,0x800004BA] -> 0x40B5
[307] [M]: 0x800004B8 (0x40B55633) sra a2, a0, a1
x12 <- 0xFFF7FFFF


mem[X,0x800004BC] -> 0xA623
mem[X,0x800004BE] -> 0x08C0
[308] [M]: 0x800004BC (0x08C0A623) sw a2, 140(ra)
mem[0x800031F0] <- 0xFFF7FFFF


mem[X,0x800004C0] -> 0x0537
mem[X,0x800004C2] -> 0xFF80
[309] [M]: 0x800004C0 (0xFF800537) lui a0, 1046528
x10 <- 0xFF800000


mem[X,0x800004C4] -> 0x0513
mem[X,0x800004C6] -> 0xFFF5
[310] [M]: 0x800004C4 (0xFFF50513) addi a0, a0, 4095
x10 <- 0xFF7FFFFF


mem[X,0x800004C8] -> 0x0593
mem[X,0x800004CA] -> 0x0130
[311] [M]: 0x800004C8 (0x01300593) addi a1, zero, 19
x11 <- 0x00000013


mem[X,0x800004CC] -> 0x5633
mem[X,0x800004CE] -> 0x40B5
[312] [M]: 0x800004CC (0x40B55633) sra a2, a0, a1
x12 <- 0xFFFFFFEF


mem[X,0x800004D0] -> 0xA823
mem[X,0x800004D2] -> 0x08C0
[313] [M]: 0x800004D0 (0x08C0A823) sw a2, 144(ra)
mem[0x800031F4] <- 0xFFFFFFEF


mem[X,0x800004D4] -> 0x0537
mem[X,0x800004D6] -> 0xFF00
[314] [M]: 0x800004D4 (0xFF000537) lui a0, 1044480
x10 <- 0xFF000000


mem[X,0x800004D8] -> 0x0513
mem[X,0x800004DA] -> 0xFFF5
[315] [M]: 0x800004D8 (0xFFF50513) addi a0, a0, 4095
x10 <- 0xFEFFFFFF


mem[X,0x800004DC] -> 0x0593
mem[X,0x800004DE] -> 0x00C0
[316] [M]: 0x800004DC (0x00C00593) addi a1, zero, 12
x11 <- 0x0000000C


mem[X,0x800004E0] -> 0x5633
mem[X,0x800004E2] -> 0x40B5
[317] [M]: 0x800004E0 (0x40B55633) sra a2, a0, a1
x12 <- 0xFFFFEFFF


mem[X,0x800004E4] -> 0xAA23
mem[X,0x800004E6] -> 0x08C0
[318] [M]: 0x800004E4 (0x08C0AA23) sw a2, 148(ra)
mem[0x800031F8] <- 0xFFFFEFFF


mem[X,0x800004E8] -> 0x0537
mem[X,0x800004EA] -> 0xFE00
[319] [M]: 0x800004E8 (0xFE000537) lui a0, 1040384
x10 <- 0xFE000000


mem[X,0x800004EC] -> 0x0513
mem[X,0x800004EE] -> 0xFFF5
[320] [M]: 0x800004EC (0xFFF50513) addi a0, a0, 4095
x10 <- 0xFDFFFFFF


mem[X,0x800004F0] -> 0x0593
mem[X,0x800004F2] -> 0x01F0
[321] [M]: 0x800004F0 (0x01F00593) addi a1, zero, 31
x11 <- 0x0000001F


mem[X,0x800004F4] -> 0x5633
mem[X,0x800004F6] -> 0x40B5
[322] [M]: 0x800004F4 (0x40B55633) sra a2, a0, a1
x12 <- 0xFFFFFFFF


mem[X,0x800004F8] -> 0xAC23
mem[X,0x800004FA] -> 0x08C0
[323] [M]: 0x800004F8 (0x08C0AC23) sw a2, 152(ra)
mem[0x800031FC] <- 0xFFFFFFFF


mem[X,0x800004FC] -> 0x0537
mem[X,0x800004FE] -> 0xFC00
[324] [M]: 0x800004FC (0xFC000537) lui a0, 1032192
x10 <- 0xFC000000


mem[X,0x80000500] -> 0x0513
mem[X,0x80000502] -> 0xFFF5
[325] [M]: 0x80000500 (0xFFF50513) addi a0, a0, 4095
x10 <- 0xFBFFFFFF


mem[X,0x80000504] -> 0x0593
mem[X,0x80000506] -> 0x00B0
[326] [M]: 0x80000504 (0x00B00593) addi a1, zero, 11
x11 <- 0x0000000B


mem[X,0x80000508] -> 0x5633
mem[X,0x8000050A] -> 0x40B5
[327] [M]: 0x80000508 (0x40B55633) sra a2, a0, a1
x12 <- 0xFFFF7FFF


mem[X,0x8000050C] -> 0xAE23
mem[X,0x8000050E] -> 0x08C0
[328] [M]: 0x8000050C (0x08C0AE23) sw a2, 156(ra)
mem[0x80003200] <- 0xFFFF7FFF


mem[X,0x80000510] -> 0x0537
mem[X,0x80000512] -> 0xF800
[329] [M]: 0x80000510 (0xF8000537) lui a0, 1015808
x10 <- 0xF8000000


mem[X,0x80000514] -> 0x0513
mem[X,0x80000516] -> 0xFFF5
[330] [M]: 0x80000514 (0xFFF50513) addi a0, a0, 4095
x10 <- 0xF7FFFFFF


mem[X,0x80000518] -> 0x0593
mem[X,0x8000051A] -> 0x00A0
[331] [M]: 0x80000518 (0x00A00593) addi a1, zero, 10
x11 <- 0x0000000A


mem[X,0x8000051C] -> 0x5633
mem[X,0x8000051E] -> 0x40B5
[332] [M]: 0x8000051C (0x40B55633) sra a2, a0, a1
x12 <- 0xFFFDFFFF


mem[X,0x80000520] -> 0xA023
mem[X,0x80000522] -> 0x0AC0
[333] [M]: 0x80000520 (0x0AC0A023) sw a2, 160(ra)
mem[0x80003204] <- 0xFFFDFFFF


mem[X,0x80000524] -> 0x0537
mem[X,0x80000526] -> 0xF000
[334] [M]: 0x80000524 (0xF0000537) lui a0, 983040
x10 <- 0xF0000000


mem[X,0x80000528] -> 0x0513
mem[X,0x8000052A] -> 0xFFF5
[335] [M]: 0x80000528 (0xFFF50513) addi a0, a0, 4095
x10 <- 0xEFFFFFFF


mem[X,0x8000052C] -> 0x0593
mem[X,0x8000052E] -> 0x0040
[336] [M]: 0x8000052C (0x00400593) addi a1, zero, 4
x11 <- 0x00000004


mem[X,0x80000530] -> 0x5633
mem[X,0x80000532] -> 0x40B5
[337] [M]: 0x80000530 (0x40B55633) sra a2, a0, a1
x12 <- 0xFEFFFFFF


mem[X,0x80000534] -> 0xA223
mem[X,0x80000536] -> 0x0AC0
[338] [M]: 0x80000534 (0x0AC0A223) sw a2, 164(ra)
mem[0x80003208] <- 0xFEFFFFFF


mem[X,0x80000538] -> 0x0537
mem[X,0x8000053A] -> 0xE000
[339] [M]: 0x80000538 (0xE0000537) lui a0, 917504
x10 <- 0xE0000000


mem[X,0x8000053C] -> 0x0513
mem[X,0x8000053E] -> 0xFFF5
[340] [M]: 0x8000053C (0xFFF50513) addi a0, a0, 4095
x10 <- 0xDFFFFFFF


mem[X,0x80000540] -> 0x0593
mem[X,0x80000542] -> 0x0070
[341] [M]: 0x80000540 (0x00700593) addi a1, zero, 7
x11 <- 0x00000007


mem[X,0x80000544] -> 0x5633
mem[X,0x80000546] -> 0x40B5
[342] [M]: 0x80000544 (0x40B55633) sra a2, a0, a1
x12 <- 0xFFBFFFFF


mem[X,0x80000548] -> 0xA423
mem[X,0x8000054A] -> 0x0AC0
[343] [M]: 0x80000548 (0x0AC0A423) sw a2, 168(ra)
mem[0x8000320C] <- 0xFFBFFFFF


mem[X,0x8000054C] -> 0x0537
mem[X,0x8000054E] -> 0xC000
[344] [M]: 0x8000054C (0xC0000537) lui a0, 786432
x10 <- 0xC0000000


mem[X,0x80000550] -> 0x0513
mem[X,0x80000552] -> 0xFFF5
[345] [M]: 0x80000550 (0xFFF50513) addi a0, a0, 4095
x10 <- 0xBFFFFFFF


mem[X,0x80000554] -> 0x0593
mem[X,0x80000556] -> 0x0050
[346] [M]: 0x80000554 (0x00500593) addi a1, zero, 5
x11 <- 0x00000005


mem[X,0x80000558] -> 0x5633
mem[X,0x8000055A] -> 0x40B5
[347] [M]: 0x80000558 (0x40B55633) sra a2, a0, a1
x12 <- 0xFDFFFFFF


mem[X,0x8000055C] -> 0xA623
mem[X,0x8000055E] -> 0x0AC0
[348] [M]: 0x8000055C (0x0AC0A623) sw a2, 172(ra)
mem[0x80003210] <- 0xFDFFFFFF


mem[X,0x80000560] -> 0x5537
mem[X,0x80000562] -> 0x5555
[349] [M]: 0x80000560 (0x55555537) lui a0, 349525
x10 <- 0x55555000


mem[X,0x80000564] -> 0x0513
mem[X,0x80000566] -> 0x5555
[350] [M]: 0x80000564 (0x55550513) addi a0, a0, 1365
x10 <- 0x55555555


mem[X,0x80000568] -> 0x0593
mem[X,0x8000056A] -> 0x00B0
[351] [M]: 0x80000568 (0x00B00593) addi a1, zero, 11
x11 <- 0x0000000B


mem[X,0x8000056C] -> 0x5633
mem[X,0x8000056E] -> 0x40B5
[352] [M]: 0x8000056C (0x40B55633) sra a2, a0, a1
x12 <- 0x000AAAAA


mem[X,0x80000570] -> 0xA823
mem[X,0x80000572] -> 0x0AC0
[353] [M]: 0x80000570 (0x0AC0A823) sw a2, 176(ra)
mem[0x80003214] <- 0x000AAAAA


mem[X,0x80000574] -> 0xB537
mem[X,0x80000576] -> 0xAAAA
[354] [M]: 0x80000574 (0xAAAAB537) lui a0, 699051
x10 <- 0xAAAAB000


mem[X,0x80000578] -> 0x0513
mem[X,0x8000057A] -> 0xAAA5
[355] [M]: 0x80000578 (0xAAA50513) addi a0, a0, 2730
x10 <- 0xAAAAAAAA


mem[X,0x8000057C] -> 0x0593
mem[X,0x8000057E] -> 0x0130
[356] [M]: 0x8000057C (0x01300593) addi a1, zero, 19
x11 <- 0x00000013


mem[X,0x80000580] -> 0x5633
mem[X,0x80000582] -> 0x40B5
[357] [M]: 0x80000580 (0x40B55633) sra a2, a0, a1
x12 <- 0xFFFFF555


mem[X,0x80000584] -> 0xAA23
mem[X,0x80000586] -> 0x0AC0
[358] [M]: 0x80000584 (0x0AC0AA23) sw a2, 180(ra)
mem[0x80003218] <- 0xFFFFF555


mem[X,0x80000588] -> 0x0513
mem[X,0x8000058A] -> 0x0030
[359] [M]: 0x80000588 (0x00300513) addi a0, zero, 3
x10 <- 0x00000003


mem[X,0x8000058C] -> 0x0593
mem[X,0x8000058E] -> 0x0170
[360] [M]: 0x8000058C (0x01700593) addi a1, zero, 23
x11 <- 0x00000017


mem[X,0x80000590] -> 0x5633
mem[X,0x80000592] -> 0x40B5
[361] [M]: 0x80000590 (0x40B55633) sra a2, a0, a1
x12 <- 0x00000000


mem[X,0x80000594] -> 0xAC23
mem[X,0x80000596] -> 0x0AC0
[362] [M]: 0x80000594 (0x0AC0AC23) sw a2, 184(ra)
mem[0x8000321C] <- 0x00000000


mem[X,0x80000598] -> 0x0513
mem[X,0x8000059A] -> 0x0050
[363] [M]: 0x80000598 (0x00500513) addi a0, zero, 5
x10 <- 0x00000005


mem[X,0x8000059C] -> 0x0593
mem[X,0x8000059E] -> 0x00E0
[364] [M]: 0x8000059C (0x00E00593) addi a1, zero, 14
x11 <- 0x0000000E


mem[X,0x800005A0] -> 0x5633
mem[X,0x800005A2] -> 0x40B5
[365] [M]: 0x800005A0 (0x40B55633) sra a2, a0, a1
x12 <- 0x00000000


mem[X,0x800005A4] -> 0xAE23
mem[X,0x800005A6] -> 0x0AC0
[366] [M]: 0x800005A4 (0x0AC0AE23) sw a2, 188(ra)
mem[0x80003220] <- 0x00000000


mem[X,0x800005A8] -> 0x6537
mem[X,0x800005AA] -> 0x6666
[367] [M]: 0x800005A8 (0x66666537) lui a0, 419430
x10 <- 0x66666000


mem[X,0x800005AC] -> 0x0513
mem[X,0x800005AE] -> 0x6665
[368] [M]: 0x800005AC (0x66650513) addi a0, a0, 1638
x10 <- 0x66666666


mem[X,0x800005B0] -> 0x0593
mem[X,0x800005B2] -> 0x0130
[369] [M]: 0x800005B0 (0x01300593) addi a1, zero, 19
x11 <- 0x00000013


mem[X,0x800005B4] -> 0x5633
mem[X,0x800005B6] -> 0x40B5
[370] [M]: 0x800005B4 (0x40B55633) sra a2, a0, a1
x12 <- 0x00000CCC


mem[X,0x800005B8] -> 0xA023
mem[X,0x800005BA] -> 0x0CC0
[371] [M]: 0x800005B8 (0x0CC0A023) sw a2, 192(ra)
mem[0x80003224] <- 0x00000CCC


mem[X,0x800005BC] -> 0x5537
mem[X,0x800005BE] -> 0xFFFF
[372] [M]: 0x800005BC (0xFFFF5537) lui a0, 1048565
x10 <- 0xFFFF5000


mem[X,0x800005C0] -> 0x0513
mem[X,0x800005C2] -> 0xAFC5
[373] [M]: 0x800005C0 (0xAFC50513) addi a0, a0, 2812
x10 <- 0xFFFF4AFC


mem[X,0x800005C4] -> 0x0593
mem[X,0x800005C6] -> 0x0010
[374] [M]: 0x800005C4 (0x00100593) addi a1, zero, 1
x11 <- 0x00000001


mem[X,0x800005C8] -> 0x5633
mem[X,0x800005CA] -> 0x40B5
[375] [M]: 0x800005C8 (0x40B55633) sra a2, a0, a1
x12 <- 0xFFFFA57E


mem[X,0x800005CC] -> 0xA223
mem[X,0x800005CE] -> 0x0CC0
[376] [M]: 0x800005CC (0x0CC0A223) sw a2, 196(ra)
mem[0x80003228] <- 0xFFFFA57E


mem[X,0x800005D0] -> 0xB537
mem[X,0x800005D2] -> 0x0000
[377] [M]: 0x800005D0 (0x0000B537) lui a0, 11
x10 <- 0x0000B000


mem[X,0x800005D4] -> 0x0513
mem[X,0x800005D6] -> 0x5055
[378] [M]: 0x800005D4 (0x50550513) addi a0, a0, 1285
x10 <- 0x0000B505


mem[X,0x800005D8] -> 0x0593
mem[X,0x800005DA] -> 0x0080
[379] [M]: 0x800005D8 (0x00800593) addi a1, zero, 8
x11 <- 0x00000008


mem[X,0x800005DC] -> 0x5633
mem[X,0x800005DE] -> 0x40B5
[380] [M]: 0x800005DC (0x40B55633) sra a2, a0, a1
x12 <- 0x000000B5


mem[X,0x800005E0] -> 0xA423
mem[X,0x800005E2] -> 0x0CC0
[381] [M]: 0x800005E0 (0x0CC0A423) sw a2, 200(ra)
mem[0x8000322C] <- 0x000000B5


mem[X,0x800005E4] -> 0x0513
mem[X,0x800005E6] -> 0x0000
[382] [M]: 0x800005E4 (0x00000513) addi a0, zero, 0
x10 <- 0x00000000


mem[X,0x800005E8] -> 0x0593
mem[X,0x800005EA] -> 0x01E0
[383] [M]: 0x800005E8 (0x01E00593) addi a1, zero, 30
x11 <- 0x0000001E


mem[X,0x800005EC] -> 0x5633
mem[X,0x800005EE] -> 0x40B5
[384] [M]: 0x800005EC (0x40B55633) sra a2, a0, a1
x12 <- 0x00000000


mem[X,0x800005F0] -> 0xA623
mem[X,0x800005F2] -> 0x0CC0
[385] [M]: 0x800005F0 (0x0CC0A623) sw a2, 204(ra)
mem[0x80003230] <- 0x00000000


mem[X,0x800005F4] -> 0xB537
mem[X,0x800005F6] -> 0x0000
[386] [M]: 0x800005F4 (0x0000B537) lui a0, 11
x10 <- 0x0000B000


mem[X,0x800005F8] -> 0x0513
mem[X,0x800005FA] -> 0x5045
[387] [M]: 0x800005F8 (0x50450513) addi a0, a0, 1284
x10 <- 0x0000B504


mem[X,0x800005FC] -> 0x0593
mem[X,0x800005FE] -> 0x00E0
[388] [M]: 0x800005FC (0x00E00593) addi a1, zero, 14
x11 <- 0x0000000E


mem[X,0x80000600] -> 0x5633
mem[X,0x80000602] -> 0x40B5
[389] [M]: 0x80000600 (0x40B55633) sra a2, a0, a1
x12 <- 0x00000002


mem[X,0x80000604] -> 0xA823
mem[X,0x80000606] -> 0x0CC0
[390] [M]: 0x80000604 (0x0CC0A823) sw a2, 208(ra)
mem[0x80003234] <- 0x00000002


mem[X,0x80000608] -> 0x5537
mem[X,0x8000060A] -> 0x5555
[391] [M]: 0x80000608 (0x55555537) lui a0, 349525
x10 <- 0x55555000


mem[X,0x8000060C] -> 0x0513
mem[X,0x8000060E] -> 0x5545
[392] [M]: 0x8000060C (0x55450513) addi a0, a0, 1364
x10 <- 0x55555554


mem[X,0x80000610] -> 0x0593
mem[X,0x80000612] -> 0x00C0
[393] [M]: 0x80000610 (0x00C00593) addi a1, zero, 12
x11 <- 0x0000000C


mem[X,0x80000614] -> 0x5633
mem[X,0x80000616] -> 0x40B5
[394] [M]: 0x80000614 (0x40B55633) sra a2, a0, a1
x12 <- 0x00055555


mem[X,0x80000618] -> 0xAA23
mem[X,0x8000061A] -> 0x0CC0
[395] [M]: 0x80000618 (0x0CC0AA23) sw a2, 212(ra)
mem[0x80003238] <- 0x00055555


mem[X,0x8000061C] -> 0x0537
mem[X,0x8000061E] -> 0xFFC0
[396] [M]: 0x8000061C (0xFFC00537) lui a0, 1047552
x10 <- 0xFFC00000


mem[X,0x80000620] -> 0x0513
mem[X,0x80000622] -> 0xFFF5
[397] [M]: 0x80000620 (0xFFF50513) addi a0, a0, 4095
x10 <- 0xFFBFFFFF


mem[X,0x80000624] -> 0x0593
mem[X,0x80000626] -> 0x0130
[398] [M]: 0x80000624 (0x01300593) addi a1, zero, 19
x11 <- 0x00000013


mem[X,0x80000628] -> 0x5633
mem[X,0x8000062A] -> 0x40B5
[399] [M]: 0x80000628 (0x40B55633) sra a2, a0, a1
x12 <- 0xFFFFFFF7


clint::tick mtime <- 0x0000000000000004
 clint timer pending at mtime 0x0000000000000004
htif::tick 0x0000000000000000
mem[X,0x8000062C] -> 0xAC23
mem[X,0x8000062E] -> 0x0CC0
[400] [M]: 0x8000062C (0x0CC0AC23) sw a2, 216(ra)
mem[0x8000323C] <- 0xFFFFFFF7


mem[X,0x80000630] -> 0x3537
mem[X,0x80000632] -> 0x3333
[401] [M]: 0x80000630 (0x33333537) lui a0, 209715
x10 <- 0x33333000


mem[X,0x80000634] -> 0x0513
mem[X,0x80000636] -> 0x3345
[402] [M]: 0x80000634 (0x33450513) addi a0, a0, 820
x10 <- 0x33333334


mem[X,0x80000638] -> 0x0593
mem[X,0x8000063A] -> 0x0070
[403] [M]: 0x80000638 (0x00700593) addi a1, zero, 7
x11 <- 0x00000007


mem[X,0x8000063C] -> 0x5633
mem[X,0x8000063E] -> 0x40B5
[404] [M]: 0x8000063C (0x40B55633) sra a2, a0, a1
x12 <- 0x00666666


mem[X,0x80000640] -> 0xAE23
mem[X,0x80000642] -> 0x0CC0
[405] [M]: 0x80000640 (0x0CC0AE23) sw a2, 220(ra)
mem[0x80003240] <- 0x00666666


mem[X,0x80000644] -> 0x0537
mem[X,0x80000646] -> 0xFFE0
[406] [M]: 0x80000644 (0xFFE00537) lui a0, 1048064
x10 <- 0xFFE00000


mem[X,0x80000648] -> 0x0513
mem[X,0x8000064A] -> 0xFFF5
[407] [M]: 0x80000648 (0xFFF50513) addi a0, a0, 4095
x10 <- 0xFFDFFFFF


mem[X,0x8000064C] -> 0x0593
mem[X,0x8000064E] -> 0x0020
[408] [M]: 0x8000064C (0x00200593) addi a1, zero, 2
x11 <- 0x00000002


mem[X,0x80000650] -> 0x5633
mem[X,0x80000652] -> 0x40B5
[409] [M]: 0x80000650 (0x40B55633) sra a2, a0, a1
x12 <- 0xFFF7FFFF


mem[X,0x80000654] -> 0xA023
mem[X,0x80000656] -> 0x0EC0
[410] [M]: 0x80000654 (0x0EC0A023) sw a2, 224(ra)
mem[0x80003244] <- 0xFFF7FFFF


mem[X,0x80000658] -> 0x3537
mem[X,0x8000065A] -> 0x3333
[411] [M]: 0x80000658 (0x33333537) lui a0, 209715
x10 <- 0x33333000


mem[X,0x8000065C] -> 0x0513
mem[X,0x8000065E] -> 0x3325
[412] [M]: 0x8000065C (0x33250513) addi a0, a0, 818
x10 <- 0x33333332


mem[X,0x80000660] -> 0x0593
mem[X,0x80000662] -> 0x0000
[413] [M]: 0x80000660 (0x00000593) addi a1, zero, 0
x11 <- 0x00000000


mem[X,0x80000664] -> 0x5633
mem[X,0x80000666] -> 0x40B5
[414] [M]: 0x80000664 (0x40B55633) sra a2, a0, a1
x12 <- 0x33333332


mem[X,0x80000668] -> 0xA223
mem[X,0x8000066A] -> 0x0EC0
[415] [M]: 0x80000668 (0x0EC0A223) sw a2, 228(ra)
mem[0x80003248] <- 0x33333332


mem[X,0x8000066C] -> 0x6537
mem[X,0x8000066E] -> 0x6666
[416] [M]: 0x8000066C (0x66666537) lui a0, 419430
x10 <- 0x66666000


mem[X,0x80000670] -> 0x0513
mem[X,0x80000672] -> 0x6655
[417] [M]: 0x80000670 (0x66550513) addi a0, a0, 1637
x10 <- 0x66666665


mem[X,0x80000674] -> 0x0593
mem[X,0x80000676] -> 0x0170
[418] [M]: 0x80000674 (0x01700593) addi a1, zero, 23
x11 <- 0x00000017


mem[X,0x80000678] -> 0x5633
mem[X,0x8000067A] -> 0x40B5
[419] [M]: 0x80000678 (0x40B55633) sra a2, a0, a1
x12 <- 0x000000CC


mem[X,0x8000067C] -> 0xA423
mem[X,0x8000067E] -> 0x0EC0
[420] [M]: 0x8000067C (0x0EC0A423) sw a2, 232(ra)
mem[0x8000324C] <- 0x000000CC


mem[X,0x80000680] -> 0xB537
mem[X,0x80000682] -> 0x0000
[421] [M]: 0x80000680 (0x0000B537) lui a0, 11
x10 <- 0x0000B000


mem[X,0x80000684] -> 0x0513
mem[X,0x80000686] -> 0x5035
[422] [M]: 0x80000684 (0x50350513) addi a0, a0, 1283
x10 <- 0x0000B503


mem[X,0x80000688] -> 0x0593
mem[X,0x8000068A] -> 0x01F0
[423] [M]: 0x80000688 (0x01F00593) addi a1, zero, 31
x11 <- 0x0000001F


mem[X,0x8000068C] -> 0x5633
mem[X,0x8000068E] -> 0x40B5
[424] [M]: 0x8000068C (0x40B55633) sra a2, a0, a1
x12 <- 0x00000000


mem[X,0x80000690] -> 0xA623
mem[X,0x80000692] -> 0x0EC0
[425] [M]: 0x80000690 (0x0EC0A623) sw a2, 236(ra)
mem[0x80003250] <- 0x00000000


mem[X,0x80000694] -> 0x5537
mem[X,0x80000696] -> 0x5555
[426] [M]: 0x80000694 (0x55555537) lui a0, 349525
x10 <- 0x55555000


mem[X,0x80000698] -> 0x0513
mem[X,0x8000069A] -> 0x5565
[427] [M]: 0x80000698 (0x55650513) addi a0, a0, 1366
x10 <- 0x55555556


mem[X,0x8000069C] -> 0x0593
mem[X,0x8000069E] -> 0x0050
[428] [M]: 0x8000069C (0x00500593) addi a1, zero, 5
x11 <- 0x00000005


mem[X,0x800006A0] -> 0x5633
mem[X,0x800006A2] -> 0x40B5
[429] [M]: 0x800006A0 (0x40B55633) sra a2, a0, a1
x12 <- 0x02AAAAAA


mem[X,0x800006A4] -> 0xA823
mem[X,0x800006A6] -> 0x0EC0
[430] [M]: 0x800006A4 (0x0EC0A823) sw a2, 240(ra)
mem[0x80003254] <- 0x02AAAAAA


mem[X,0x800006A8] -> 0xB537
mem[X,0x800006AA] -> 0xAAAA
[431] [M]: 0x800006A8 (0xAAAAB537) lui a0, 699051
x10 <- 0xAAAAB000


mem[X,0x800006AC] -> 0x0513
mem[X,0x800006AE] -> 0xAAB5
[432] [M]: 0x800006AC (0xAAB50513) addi a0, a0, 2731
x10 <- 0xAAAAAAAB


mem[X,0x800006B0] -> 0x0593
mem[X,0x800006B2] -> 0x0010
[433] [M]: 0x800006B0 (0x00100593) addi a1, zero, 1
x11 <- 0x00000001


mem[X,0x800006B4] -> 0x5633
mem[X,0x800006B6] -> 0x40B5
[434] [M]: 0x800006B4 (0x40B55633) sra a2, a0, a1
x12 <- 0xD5555555


mem[X,0x800006B8] -> 0xAA23
mem[X,0x800006BA] -> 0x0EC0
[435] [M]: 0x800006B8 (0x0EC0AA23) sw a2, 244(ra)
mem[0x80003258] <- 0xD5555555


mem[X,0x800006BC] -> 0x0537
mem[X,0x800006BE] -> 0xFFF0
[436] [M]: 0x800006BC (0xFFF00537) lui a0, 1048320
x10 <- 0xFFF00000


mem[X,0x800006C0] -> 0x0513
mem[X,0x800006C2] -> 0xFFF5
[437] [M]: 0x800006C0 (0xFFF50513) addi a0, a0, 4095
x10 <- 0xFFEFFFFF


mem[X,0x800006C4] -> 0x0593
mem[X,0x800006C6] -> 0x0100
[438] [M]: 0x800006C4 (0x01000593) addi a1, zero, 16
x11 <- 0x00000010


mem[X,0x800006C8] -> 0x5633
mem[X,0x800006CA] -> 0x40B5
[439] [M]: 0x800006C8 (0x40B55633) sra a2, a0, a1
x12 <- 0xFFFFFFEF


mem[X,0x800006CC] -> 0xAC23
mem[X,0x800006CE] -> 0x0EC0
[440] [M]: 0x800006CC (0x0EC0AC23) sw a2, 248(ra)
mem[0x8000325C] <- 0xFFFFFFEF


mem[X,0x800006D0] -> 0x6537
mem[X,0x800006D2] -> 0x6666
[441] [M]: 0x800006D0 (0x66666537) lui a0, 419430
x10 <- 0x66666000


mem[X,0x800006D4] -> 0x0513
mem[X,0x800006D6] -> 0x6675
[442] [M]: 0x800006D4 (0x66750513) addi a0, a0, 1639
x10 <- 0x66666667


mem[X,0x800006D8] -> 0x0593
mem[X,0x800006DA] -> 0x0000
[443] [M]: 0x800006D8 (0x00000593) addi a1, zero, 0
x11 <- 0x00000000


mem[X,0x800006DC] -> 0x5633
mem[X,0x800006DE] -> 0x40B5
[444] [M]: 0x800006DC (0x40B55633) sra a2, a0, a1
x12 <- 0x66666667


mem[X,0x800006E0] -> 0xAE23
mem[X,0x800006E2] -> 0x0EC0
[445] [M]: 0x800006E0 (0x0EC0AE23) sw a2, 252(ra)
mem[0x80003260] <- 0x66666667


mem[X,0x800006E4] -> 0x5537
mem[X,0x800006E6] -> 0xFFFF
[446] [M]: 0x800006E4 (0xFFFF5537) lui a0, 1048565
x10 <- 0xFFFF5000


mem[X,0x800006E8] -> 0x0513
mem[X,0x800006EA] -> 0xAFD5
[447] [M]: 0x800006E8 (0xAFD50513) addi a0, a0, 2813
x10 <- 0xFFFF4AFD


mem[X,0x800006EC] -> 0x0593
mem[X,0x800006EE] -> 0x00D0
[448] [M]: 0x800006EC (0x00D00593) addi a1, zero, 13
x11 <- 0x0000000D


mem[X,0x800006F0] -> 0x5633
mem[X,0x800006F2] -> 0x40B5
[449] [M]: 0x800006F0 (0x40B55633) sra a2, a0, a1
x12 <- 0xFFFFFFFA


mem[X,0x800006F4] -> 0xA023
mem[X,0x800006F6] -> 0x10C0
[450] [M]: 0x800006F4 (0x10C0A023) sw a2, 256(ra)
mem[0x80003264] <- 0xFFFFFFFA


mem[X,0x800006F8] -> 0x0537
mem[X,0x800006FA] -> 0x0200
[451] [M]: 0x800006F8 (0x02000537) lui a0, 8192
x10 <- 0x02000000


mem[X,0x800006FC] -> 0x0593
mem[X,0x800006FE] -> 0x0120
[452] [M]: 0x800006FC (0x01200593) addi a1, zero, 18
x11 <- 0x00000012


mem[X,0x80000700] -> 0x5633
mem[X,0x80000702] -> 0x40B5
[453] [M]: 0x80000700 (0x40B55633) sra a2, a0, a1
x12 <- 0x00000080


mem[X,0x80000704] -> 0xA223
mem[X,0x80000706] -> 0x10C0
[454] [M]: 0x80000704 (0x10C0A223) sw a2, 260(ra)
mem[0x80003268] <- 0x00000080


mem[X,0x80000708] -> 0xF537
mem[X,0x8000070A] -> 0xFFFF
[455] [M]: 0x80000708 (0xFFFFF537) lui a0, 1048575
x10 <- 0xFFFFF000


mem[X,0x8000070C] -> 0x0513
mem[X,0x8000070E] -> 0x7FF5
[456] [M]: 0x8000070C (0x7FF50513) addi a0, a0, 2047
x10 <- 0xFFFFF7FF


mem[X,0x80000710] -> 0x0593
mem[X,0x80000712] -> 0x0000
[457] [M]: 0x80000710 (0x00000593) addi a1, zero, 0
x11 <- 0x00000000


mem[X,0x80000714] -> 0x5633
mem[X,0x80000716] -> 0x40B5
[458] [M]: 0x80000714 (0x40B55633) sra a2, a0, a1
x12 <- 0xFFFFF7FF


mem[X,0x80000718] -> 0xA423
mem[X,0x8000071A] -> 0x10C0
[459] [M]: 0x80000718 (0x10C0A423) sw a2, 264(ra)
mem[0x8000326C] <- 0xFFFFF7FF


mem[X,0x8000071C] -> 0x0513
mem[X,0x8000071E] -> 0x0040
[460] [M]: 0x8000071C (0x00400513) addi a0, zero, 4
x10 <- 0x00000004


mem[X,0x80000720] -> 0x0593
mem[X,0x80000722] -> 0x0030
[461] [M]: 0x80000720 (0x00300593) addi a1, zero, 3
x11 <- 0x00000003


mem[X,0x80000724] -> 0x5633
mem[X,0x80000726] -> 0x40B5
[462] [M]: 0x80000724 (0x40B55633) sra a2, a0, a1
x12 <- 0x00000000


mem[X,0x80000728] -> 0xA623
mem[X,0x8000072A] -> 0x10C0
[463] [M]: 0x80000728 (0x10C0A623) sw a2, 268(ra)
mem[0x80003270] <- 0x00000000


mem[X,0x8000072C] -> 0x0513
mem[X,0x8000072E] -> 0x0800
[464] [M]: 0x8000072C (0x08000513) addi a0, zero, 128
x10 <- 0x00000080


mem[X,0x80000730] -> 0x0593
mem[X,0x80000732] -> 0x0080
[465] [M]: 0x80000730 (0x00800593) addi a1, zero, 8
x11 <- 0x00000008


mem[X,0x80000734] -> 0x5633
mem[X,0x80000736] -> 0x40B5
[466] [M]: 0x80000734 (0x40B55633) sra a2, a0, a1
x12 <- 0x00000000


mem[X,0x80000738] -> 0xA823
mem[X,0x8000073A] -> 0x10C0
[467] [M]: 0x80000738 (0x10C0A823) sw a2, 272(ra)
mem[0x80003274] <- 0x00000000


mem[X,0x8000073C] -> 0x0537
mem[X,0x8000073E] -> 0x0040
[468] [M]: 0x8000073C (0x00400537) lui a0, 1024
x10 <- 0x00400000


mem[X,0x80000740] -> 0x0593
mem[X,0x80000742] -> 0x0080
[469] [M]: 0x80000740 (0x00800593) addi a1, zero, 8
x11 <- 0x00000008


mem[X,0x80000744] -> 0x5633
mem[X,0x80000746] -> 0x40B5
[470] [M]: 0x80000744 (0x40B55633) sra a2, a0, a1
x12 <- 0x00004000


mem[X,0x80000748] -> 0xAA23
mem[X,0x8000074A] -> 0x10C0
[471] [M]: 0x80000748 (0x10C0AA23) sw a2, 276(ra)
mem[0x80003278] <- 0x00004000


mem[X,0x8000074C] -> 0x006F
mem[X,0x8000074E] -> 0x0200
[472] [M]: 0x8000074C (0x0200006F) jal zero, 32


mem[X,0x8000076C] -> 0x0093
mem[X,0x8000076E] -> 0x0010
[473] [M]: 0x8000076C (0x00100093) addi ra, zero, 1
x1 <- 0x00000001


mem[X,0x80000770] -> 0x1F17
mem[X,0x80000772] -> 0x0000
[474] [M]: 0x80000770 (0x00001F17) auipc t5, 1
x30 <- 0x80001770


mem[X,0x80000774] -> 0x2823
mem[X,0x80000776] -> 0x881F
[475] [M]: 0x80000774 (0x881F2823) sw ra, 2192(t5)
htif[0x80001000] <- 0x00000001


mem[X,0x80000778] -> 0xF06F
mem[X,0x8000077A] -> 0xFF9F
[476] [M]: 0x80000778 (0xFF9FF06F) jal zero, 2097144


mem[X,0x80000770] -> 0x1F17
mem[X,0x80000772] -> 0x0000
[477] [M]: 0x80000770 (0x00001F17) auipc t5, 1
x30 <- 0x80001770


mem[X,0x80000774] -> 0x2823
mem[X,0x80000776] -> 0x881F
[478] [M]: 0x80000774 (0x881F2823) sw ra, 2192(t5)
htif[0x80001000] <- 0x00000001


mem[X,0x80000778] -> 0xF06F
mem[X,0x8000077A] -> 0xFF9F
[479] [M]: 0x80000778 (0xFF9FF06F) jal zero, 2097144


mem[X,0x80000770] -> 0x1F17
mem[X,0x80000772] -> 0x0000
[480] [M]: 0x80000770 (0x00001F17) auipc t5, 1
x30 <- 0x80001770


mem[X,0x80000774] -> 0x2823
mem[X,0x80000776] -> 0x881F
[481] [M]: 0x80000774 (0x881F2823) sw ra, 2192(t5)
htif[0x80001000] <- 0x00000001
htif-syscall-proxy cmd: 0x000000000001

SUCCESS
