using /home/force/Desktop/work/compliance_testing/our_riscv/work/riscof_work/C/src/caddi4spn-01.S/ref/Reference-sail_c_simulator.signature for test-signature output.
[Sail] Allocating new block 0x80000000
tohost located at 0x80001000
[Sail] Allocating new block 0x0

Running file ref.elf.
ELF Entry @ 0x80000000
begin_signature: 0x80003110
end_signature: 0x80003170
CSR mstatus <- 0x00000000 (input: 0x00000000)
mem[X,0x00001000] -> 0x0297
mem[X,0x00001002] -> 0x0000
[0] [M]: 0x00001000 (0x00000297) auipc t0, 0
x5 <- 0x00001000


mem[X,0x00001004] -> 0x8593
mem[X,0x00001006] -> 0x0202
[1] [M]: 0x00001004 (0x02028593) addi a1, t0, 32
x11 <- 0x00001020


mem[X,0x00001008] -> 0x2573
mem[X,0x0000100A] -> 0xF140
[2] [M]: 0x00001008 (0xF1402573) csrrs a0, mhartid, zero
CSR mhartid -> 0x00000000
x10 <- 0x00000000


mem[X,0x0000100C] -> 0xA283
mem[X,0x0000100E] -> 0x0182
[3] [M]: 0x0000100C (0x0182A283) lw t0, 24(t0)
mem[R,0x00001018] -> 0x80000000
x5 <- 0x80000000


mem[X,0x00001010] -> 0x8067
mem[X,0x00001012] -> 0x0002
[4] [M]: 0x00001010 (0x00028067) jalr zero, t0, 0


mem[X,0x80000000] -> 0xC0B7
mem[X,0x80000002] -> 0xFEED
[5] [M]: 0x80000000 (0xFEEDC0B7) lui ra, 1044188
x1 <- 0xFEEDC000


mem[X,0x80000004] -> 0x8093
mem[X,0x80000006] -> 0xEAD0
[6] [M]: 0x80000004 (0xEAD08093) addi ra, ra, 3757
x1 <- 0xFEEDBEAD


mem[X,0x80000008] -> 0xE137
mem[X,0x8000000A] -> 0xFF76
[7] [M]: 0x80000008 (0xFF76E137) lui sp, 1046382
x2 <- 0xFF76E000


mem[X,0x8000000C] -> 0x0113
mem[X,0x8000000E] -> 0xF561
[8] [M]: 0x8000000C (0xF5610113) addi sp, sp, 3926
x2 <- 0xFF76DF56


mem[X,0x80000010] -> 0x71B7
mem[X,0x80000012] -> 0x7FBB
[9] [M]: 0x80000010 (0x7FBB71B7) lui gp, 523191
x3 <- 0x7FBB7000


mem[X,0x80000014] -> 0x8193
mem[X,0x80000016] -> 0xFAB1
[10] [M]: 0x80000014 (0xFAB18193) addi gp, gp, 4011
x3 <- 0x7FBB6FAB


mem[X,0x80000018] -> 0xB237
mem[X,0x8000001A] -> 0xBFDD
[11] [M]: 0x80000018 (0xBFDDB237) lui tp, 785883
x4 <- 0xBFDDB000


mem[X,0x8000001C] -> 0x0213
mem[X,0x8000001E] -> 0x7D52
[12] [M]: 0x8000001C (0x7D520213) addi tp, tp, 2005
x4 <- 0xBFDDB7D5


mem[X,0x80000020] -> 0x0297
mem[X,0x80000022] -> 0x0000
[13] [M]: 0x80000020 (0x00000297) auipc t0, 0
x5 <- 0x80000020


mem[X,0x80000024] -> 0x8293
mem[X,0x80000026] -> 0x0882
[14] [M]: 0x80000024 (0x08828293) addi t0, t0, 136
x5 <- 0x800000A8


mem[X,0x80000028] -> 0x0013
mem[X,0x8000002A] -> 0x0000
[15] [M]: 0x80000028 (0x00000013) addi zero, zero, 0


mem[X,0x8000002C] -> 0x0013
mem[X,0x8000002E] -> 0x0000
[16] [M]: 0x8000002C (0x00000013) addi zero, zero, 0


mem[X,0x80000030] -> 0x0013
mem[X,0x80000032] -> 0x0000
[17] [M]: 0x80000030 (0x00000013) addi zero, zero, 0


mem[X,0x80000034] -> 0x0013
mem[X,0x80000036] -> 0x0000
[18] [M]: 0x80000034 (0x00000013) addi zero, zero, 0


mem[X,0x80000038] -> 0x0013
mem[X,0x8000003A] -> 0x0000
[19] [M]: 0x80000038 (0x00000013) addi zero, zero, 0


mem[X,0x8000003C] -> 0x0013
mem[X,0x8000003E] -> 0x0000
[20] [M]: 0x8000003C (0x00000013) addi zero, zero, 0


mem[X,0x80000040] -> 0x2317
mem[X,0x80000042] -> 0x0000
[21] [M]: 0x80000040 (0x00002317) auipc t1, 2
x6 <- 0x80002040


mem[X,0x80000044] -> 0x0313
mem[X,0x80000046] -> 0xFC03
[22] [M]: 0x80000044 (0xFC030313) addi t1, t1, 4032
x6 <- 0x80002000


mem[X,0x80000048] -> 0x0013
mem[X,0x8000004A] -> 0x0000
[23] [M]: 0x80000048 (0x00000013) addi zero, zero, 0


mem[X,0x8000004C] -> 0x0013
mem[X,0x8000004E] -> 0x0000
[24] [M]: 0x8000004C (0x00000013) addi zero, zero, 0


mem[X,0x80000050] -> 0x0013
mem[X,0x80000052] -> 0x0000
[25] [M]: 0x80000050 (0x00000013) addi zero, zero, 0


mem[X,0x80000054] -> 0x0013
mem[X,0x80000056] -> 0x0000
[26] [M]: 0x80000054 (0x00000013) addi zero, zero, 0


mem[X,0x80000058] -> 0x0013
mem[X,0x8000005A] -> 0x0000
[27] [M]: 0x80000058 (0x00000013) addi zero, zero, 0


mem[X,0x8000005C] -> 0x0013
mem[X,0x8000005E] -> 0x0000
[28] [M]: 0x8000005C (0x00000013) addi zero, zero, 0


mem[X,0x80000060] -> 0xB3B7
mem[X,0x80000062] -> 0xB7FB
[29] [M]: 0x80000060 (0xB7FBB3B7) lui t2, 753595
x7 <- 0xB7FBB000


mem[X,0x80000064] -> 0x8393
mem[X,0x80000066] -> 0x6FA3
[30] [M]: 0x80000064 (0x6FA38393) addi t2, t2, 1786
x7 <- 0xB7FBB6FA


mem[X,0x80000068] -> 0xE437
mem[X,0x8000006A] -> 0x5BFD
[31] [M]: 0x80000068 (0x5BFDE437) lui fp, 376798
x8 <- 0x5BFDE000


mem[X,0x8000006C] -> 0x0413
mem[X,0x8000006E] -> 0xB7D4
[32] [M]: 0x8000006C (0xB7D40413) addi fp, fp, 2941
x8 <- 0x5BFDDB7D


mem[X,0x80000070] -> 0xF4B7
mem[X,0x80000072] -> 0xADFE
[33] [M]: 0x80000070 (0xADFEF4B7) lui s1, 712687
x9 <- 0xADFEF000


mem[X,0x80000074] -> 0x8493
mem[X,0x80000076] -> 0xDBE4
[34] [M]: 0x80000074 (0xDBE48493) addi s1, s1, 3518
x9 <- 0xADFEEDBE


mem[X,0x80000078] -> 0x7537
mem[X,0x8000007A] -> 0x56FF
[35] [M]: 0x80000078 (0x56FF7537) lui a0, 356343
x10 <- 0x56FF7000


mem[X,0x8000007C] -> 0x0513
mem[X,0x8000007E] -> 0x6DF5
[36] [M]: 0x8000007C (0x6DF50513) addi a0, a0, 1759
x10 <- 0x56FF76DF


mem[X,0x80000080] -> 0xC5B7
mem[X,0x80000082] -> 0xAB7F
[37] [M]: 0x80000080 (0xAB7FC5B7) lui a1, 702460
x11 <- 0xAB7FC000


mem[X,0x80000084] -> 0x8593
mem[X,0x80000086] -> 0xB6F5
[38] [M]: 0x80000084 (0xB6F58593) addi a1, a1, 2927
x11 <- 0xAB7FBB6F


mem[X,0x80000088] -> 0xE637
mem[X,0x8000008A] -> 0xD5BF
[39] [M]: 0x80000088 (0xD5BFE637) lui a2, 875518
x12 <- 0xD5BFE000


mem[X,0x8000008C] -> 0x0613
mem[X,0x8000008E] -> 0xDB76
[40] [M]: 0x8000008C (0xDB760613) addi a2, a2, 3511
x12 <- 0xD5BFDDB7


mem[X,0x80000090] -> 0xF6B7
mem[X,0x80000092] -> 0xEADF
[41] [M]: 0x80000090 (0xEADFF6B7) lui a3, 962047
x13 <- 0xEADFF000


mem[X,0x80000094] -> 0x8693
mem[X,0x80000096] -> 0xEDB6
[42] [M]: 0x80000094 (0xEDB68693) addi a3, a3, 3803
x13 <- 0xEADFEEDB


mem[X,0x80000098] -> 0xF737
mem[X,0x8000009A] -> 0xF56F
[43] [M]: 0x80000098 (0xF56FF737) lui a4, 1005311
x14 <- 0xF56FF000


mem[X,0x8000009C] -> 0x0713
mem[X,0x8000009E] -> 0x76D7
[44] [M]: 0x8000009C (0x76D70713) addi a4, a4, 1901
x14 <- 0xF56FF76D


mem[X,0x800000A0] -> 0x07B7
mem[X,0x800000A2] -> 0xFAB8
[45] [M]: 0x800000A0 (0xFAB807B7) lui a5, 1026944
x15 <- 0xFAB80000


mem[X,0x800000A4] -> 0x8793
mem[X,0x800000A6] -> 0xBB67
[46] [M]: 0x800000A4 (0xBB678793) addi a5, a5, 2998
x15 <- 0xFAB7FBB6


mem[X,0x800000A8] -> 0x0013
mem[X,0x800000AA] -> 0x0000
[47] [M]: 0x800000A8 (0x00000013) addi zero, zero, 0


mem[X,0x800000AC] -> 0x0013
mem[X,0x800000AE] -> 0x0000
[48] [M]: 0x800000AC (0x00000013) addi zero, zero, 0


mem[X,0x800000B0] -> 0x0013
mem[X,0x800000B2] -> 0x0000
[49] [M]: 0x800000B0 (0x00000013) addi zero, zero, 0


mem[X,0x800000B4] -> 0x0013
mem[X,0x800000B6] -> 0x0000
[50] [M]: 0x800000B4 (0x00000013) addi zero, zero, 0


mem[X,0x800000B8] -> 0x0013
mem[X,0x800000BA] -> 0x0000
[51] [M]: 0x800000B8 (0x00000013) addi zero, zero, 0


mem[X,0x800000BC] -> 0x0013
mem[X,0x800000BE] -> 0x0000
[52] [M]: 0x800000BC (0x00000013) addi zero, zero, 0


mem[X,0x800000C0] -> 0x3097
mem[X,0x800000C2] -> 0x0000
[53] [M]: 0x800000C0 (0x00003097) auipc ra, 3
x1 <- 0x800030C0


mem[X,0x800000C4] -> 0x8093
mem[X,0x800000C6] -> 0x0540
[54] [M]: 0x800000C4 (0x05408093) addi ra, ra, 84
x1 <- 0x80003114


mem[X,0x800000C8] -> 0x0013
mem[X,0x800000CA] -> 0x0000
[55] [M]: 0x800000C8 (0x00000013) addi zero, zero, 0


mem[X,0x800000CC] -> 0x0013
mem[X,0x800000CE] -> 0x0000
[56] [M]: 0x800000CC (0x00000013) addi zero, zero, 0


mem[X,0x800000D0] -> 0x0013
mem[X,0x800000D2] -> 0x0000
[57] [M]: 0x800000D0 (0x00000013) addi zero, zero, 0


mem[X,0x800000D4] -> 0x0013
mem[X,0x800000D6] -> 0x0000
[58] [M]: 0x800000D4 (0x00000013) addi zero, zero, 0


mem[X,0x800000D8] -> 0x0013
mem[X,0x800000DA] -> 0x0000
[59] [M]: 0x800000D8 (0x00000013) addi zero, zero, 0


mem[X,0x800000DC] -> 0x0013
mem[X,0x800000DE] -> 0x0000
[60] [M]: 0x800000DC (0x00000013) addi zero, zero, 0


mem[X,0x800000E0] -> 0x4101
[61] [M]: 0x800000E0 (0x4101) c.li sp, 0
x2 <- 0x00000000


mem[X,0x800000E2] -> 0x0878
[62] [M]: 0x800000E2 (0x0878) c.addi4spn a4, 28
x14 <- 0x0000001C


mem[X,0x800000E4] -> 0xA023
mem[X,0x800000E6] -> 0x00E0
[63] [M]: 0x800000E4 (0x00E0A023) sw a4, 0(ra)
mem[0x80003114] <- 0x0000001C


mem[X,0x800000E8] -> 0x4101
[64] [M]: 0x800000E8 (0x4101) c.li sp, 0
x2 <- 0x00000000


mem[X,0x800000EA] -> 0x1FE0
[65] [M]: 0x800000EA (0x1FE0) c.addi4spn s0, 1020
x8 <- 0x000003FC


mem[X,0x800000EC] -> 0xA223
mem[X,0x800000EE] -> 0x0080
[66] [M]: 0x800000EC (0x0080A223) sw fp, 4(ra)
mem[0x80003118] <- 0x000003FC


mem[X,0x800000F0] -> 0x4101
[67] [M]: 0x800000F0 (0x4101) c.li sp, 0
x2 <- 0x00000000


mem[X,0x800000F2] -> 0x0044
[68] [M]: 0x800000F2 (0x0044) c.addi4spn s1, 4
x9 <- 0x00000004


mem[X,0x800000F4] -> 0xA423
mem[X,0x800000F6] -> 0x0090
[69] [M]: 0x800000F4 (0x0090A423) sw s1, 8(ra)
mem[0x8000311C] <- 0x00000004


mem[X,0x800000F8] -> 0x4101
[70] [M]: 0x800000F8 (0x4101) c.li sp, 0
x2 <- 0x00000000


mem[X,0x800000FA] -> 0x003C
[71] [M]: 0x800000FA (0x003C) c.addi4spn a5, 8
x15 <- 0x00000008


mem[X,0x800000FC] -> 0xA623
mem[X,0x800000FE] -> 0x00F0
[72] [M]: 0x800000FC (0x00F0A623) sw a5, 12(ra)
mem[0x80003120] <- 0x00000008


mem[X,0x80000100] -> 0x4101
[73] [M]: 0x80000100 (0x4101) c.li sp, 0
x2 <- 0x00000000


mem[X,0x80000102] -> 0x0808
[74] [M]: 0x80000102 (0x0808) c.addi4spn a0, 16
x10 <- 0x00000010


mem[X,0x80000104] -> 0xA823
mem[X,0x80000106] -> 0x00A0
[75] [M]: 0x80000104 (0x00A0A823) sw a0, 16(ra)
mem[0x80003124] <- 0x00000010


mem[X,0x80000108] -> 0x4101
[76] [M]: 0x80000108 (0x4101) c.li sp, 0
x2 <- 0x00000000


mem[X,0x8000010A] -> 0x1010
[77] [M]: 0x8000010A (0x1010) c.addi4spn a2, 32
x12 <- 0x00000020


mem[X,0x8000010C] -> 0xAA23
mem[X,0x8000010E] -> 0x00C0
[78] [M]: 0x8000010C (0x00C0AA23) sw a2, 20(ra)
mem[0x80003128] <- 0x00000020


mem[X,0x80000110] -> 0x4101
[79] [M]: 0x80000110 (0x4101) c.li sp, 0
x2 <- 0x00000000


mem[X,0x80000112] -> 0x008C
[80] [M]: 0x80000112 (0x008C) c.addi4spn a1, 64
x11 <- 0x00000040


mem[X,0x80000114] -> 0xAC23
mem[X,0x80000116] -> 0x00B0
[81] [M]: 0x80000114 (0x00B0AC23) sw a1, 24(ra)
mem[0x8000312C] <- 0x00000040


mem[X,0x80000118] -> 0x4101
[82] [M]: 0x80000118 (0x4101) c.li sp, 0
x2 <- 0x00000000


mem[X,0x8000011A] -> 0x0114
[83] [M]: 0x8000011A (0x0114) c.addi4spn a3, 128
x13 <- 0x00000080


mem[X,0x8000011C] -> 0xAE23
mem[X,0x8000011E] -> 0x00D0
[84] [M]: 0x8000011C (0x00D0AE23) sw a3, 28(ra)
mem[0x80003130] <- 0x00000080


mem[X,0x80000120] -> 0x4101
[85] [M]: 0x80000120 (0x4101) c.li sp, 0
x2 <- 0x00000000


mem[X,0x80000122] -> 0x0208
[86] [M]: 0x80000122 (0x0208) c.addi4spn a0, 256
x10 <- 0x00000100


mem[X,0x80000124] -> 0xA023
mem[X,0x80000126] -> 0x02A0
[87] [M]: 0x80000124 (0x02A0A023) sw a0, 32(ra)
mem[0x80003134] <- 0x00000100


mem[X,0x80000128] -> 0x4101
[88] [M]: 0x80000128 (0x4101) c.li sp, 0
x2 <- 0x00000000


mem[X,0x8000012A] -> 0x0408
[89] [M]: 0x8000012A (0x0408) c.addi4spn a0, 512
x10 <- 0x00000200


mem[X,0x8000012C] -> 0xA223
mem[X,0x8000012E] -> 0x02A0
[90] [M]: 0x8000012C (0x02A0A223) sw a0, 36(ra)
mem[0x80003138] <- 0x00000200


mem[X,0x80000130] -> 0x4101
[91] [M]: 0x80000130 (0x4101) c.li sp, 0
x2 <- 0x00000000


mem[X,0x80000132] -> 0x1FA8
[92] [M]: 0x80000132 (0x1FA8) c.addi4spn a0, 1016
x10 <- 0x000003F8


mem[X,0x80000134] -> 0xA423
mem[X,0x80000136] -> 0x02A0
[93] [M]: 0x80000134 (0x02A0A423) sw a0, 40(ra)
mem[0x8000313C] <- 0x000003F8


mem[X,0x80000138] -> 0x4101
[94] [M]: 0x80000138 (0x4101) c.li sp, 0
x2 <- 0x00000000


mem[X,0x8000013A] -> 0x1FC8
[95] [M]: 0x8000013A (0x1FC8) c.addi4spn a0, 1012
x10 <- 0x000003F4


mem[X,0x8000013C] -> 0xA623
mem[X,0x8000013E] -> 0x02A0
[96] [M]: 0x8000013C (0x02A0A623) sw a0, 44(ra)
mem[0x80003140] <- 0x000003F4


mem[X,0x80000140] -> 0x4101
[97] [M]: 0x80000140 (0x4101) c.li sp, 0
x2 <- 0x00000000


mem[X,0x80000142] -> 0x17E8
[98] [M]: 0x80000142 (0x17E8) c.addi4spn a0, 1004
x10 <- 0x000003EC


mem[X,0x80000144] -> 0xA823
mem[X,0x80000146] -> 0x02A0
[99] [M]: 0x80000144 (0x02A0A823) sw a0, 48(ra)
mem[0x80003144] <- 0x000003EC


clint::tick mtime <- 0x0000000000000001
 clint timer pending at mtime 0x0000000000000001
htif::tick 0x0000000000000000
mem[X,0x80000148] -> 0x4101
[100] [M]: 0x80000148 (0x4101) c.li sp, 0
x2 <- 0x00000000


mem[X,0x8000014A] -> 0x1DE8
[101] [M]: 0x8000014A (0x1DE8) c.addi4spn a0, 764
x10 <- 0x000002FC


mem[X,0x8000014C] -> 0xAA23
mem[X,0x8000014E] -> 0x02A0
[102] [M]: 0x8000014C (0x02A0AA23) sw a0, 52(ra)
mem[0x80003148] <- 0x000002FC


mem[X,0x80000150] -> 0x4101
[103] [M]: 0x80000150 (0x4101) c.li sp, 0
x2 <- 0x00000000


mem[X,0x80000152] -> 0x1BE8
[104] [M]: 0x80000152 (0x1BE8) c.addi4spn a0, 508
x10 <- 0x000001FC


mem[X,0x80000154] -> 0xAC23
mem[X,0x80000156] -> 0x02A0
[105] [M]: 0x80000154 (0x02A0AC23) sw a0, 56(ra)
mem[0x8000314C] <- 0x000001FC


mem[X,0x80000158] -> 0x4101
[106] [M]: 0x80000158 (0x4101) c.li sp, 0
x2 <- 0x00000000


mem[X,0x8000015A] -> 0x0AC8
[107] [M]: 0x8000015A (0x0AC8) c.addi4spn a0, 340
x10 <- 0x00000154


mem[X,0x8000015C] -> 0xAE23
mem[X,0x8000015E] -> 0x02A0
[108] [M]: 0x8000015C (0x02A0AE23) sw a0, 60(ra)
mem[0x80003150] <- 0x00000154


mem[X,0x80000160] -> 0x4101
[109] [M]: 0x80000160 (0x4101) c.li sp, 0
x2 <- 0x00000000


mem[X,0x80000162] -> 0x1528
[110] [M]: 0x80000162 (0x1528) c.addi4spn a0, 680
x10 <- 0x000002A8


mem[X,0x80000164] -> 0xA023
mem[X,0x80000166] -> 0x04A0
[111] [M]: 0x80000164 (0x04A0A023) sw a0, 64(ra)
mem[0x80003154] <- 0x000002A8


mem[X,0x80000168] -> 0x4101
[112] [M]: 0x80000168 (0x4101) c.li sp, 0
x2 <- 0x00000000


mem[X,0x8000016A] -> 0x0FE8
[113] [M]: 0x8000016A (0x0FE8) c.addi4spn a0, 988
x10 <- 0x000003DC


mem[X,0x8000016C] -> 0xA223
mem[X,0x8000016E] -> 0x04A0
[114] [M]: 0x8000016C (0x04A0A223) sw a0, 68(ra)
mem[0x80003158] <- 0x000003DC


mem[X,0x80000170] -> 0x4101
[115] [M]: 0x80000170 (0x4101) c.li sp, 0
x2 <- 0x00000000


mem[X,0x80000172] -> 0x1F68
[116] [M]: 0x80000172 (0x1F68) c.addi4spn a0, 956
x10 <- 0x000003BC


mem[X,0x80000174] -> 0xA423
mem[X,0x80000176] -> 0x04A0
[117] [M]: 0x80000174 (0x04A0A423) sw a0, 72(ra)
mem[0x8000315C] <- 0x000003BC


mem[X,0x80000178] -> 0x4101
[118] [M]: 0x80000178 (0x4101) c.li sp, 0
x2 <- 0x00000000


mem[X,0x8000017A] -> 0x1EE8
[119] [M]: 0x8000017A (0x1EE8) c.addi4spn a0, 892
x10 <- 0x0000037C


mem[X,0x8000017C] -> 0xA623
mem[X,0x8000017E] -> 0x04A0
[120] [M]: 0x8000017C (0x04A0A623) sw a0, 76(ra)
mem[0x80003160] <- 0x0000037C


mem[X,0x80000180] -> 0x006F
mem[X,0x80000182] -> 0x0200
[121] [M]: 0x80000180 (0x0200006F) jal zero, 32


mem[X,0x800001A0] -> 0x4085
[122] [M]: 0x800001A0 (0x4085) c.li ra, 1
x1 <- 0x00000001


mem[X,0x800001A2] -> 0x1F17
mem[X,0x800001A4] -> 0x0000
[123] [M]: 0x800001A2 (0x00001F17) auipc t5, 1
x30 <- 0x800011A2


mem[X,0x800001A6] -> 0x2F23
mem[X,0x800001A8] -> 0xE41F
[124] [M]: 0x800001A6 (0xE41F2F23) sw ra, 3678(t5)
htif[0x80001000] <- 0x00000001


mem[X,0x800001AA] -> 0xBFE5
[125] [M]: 0x800001AA (0xBFE5) c.j 2044


mem[X,0x800001A2] -> 0x1F17
mem[X,0x800001A4] -> 0x0000
[126] [M]: 0x800001A2 (0x00001F17) auipc t5, 1
x30 <- 0x800011A2


mem[X,0x800001A6] -> 0x2F23
mem[X,0x800001A8] -> 0xE41F
[127] [M]: 0x800001A6 (0xE41F2F23) sw ra, 3678(t5)
htif[0x80001000] <- 0x00000001


mem[X,0x800001AA] -> 0xBFE5
[128] [M]: 0x800001AA (0xBFE5) c.j 2044


mem[X,0x800001A2] -> 0x1F17
mem[X,0x800001A4] -> 0x0000
[129] [M]: 0x800001A2 (0x00001F17) auipc t5, 1
x30 <- 0x800011A2


mem[X,0x800001A6] -> 0x2F23
mem[X,0x800001A8] -> 0xE41F
[130] [M]: 0x800001A6 (0xE41F2F23) sw ra, 3678(t5)
htif[0x80001000] <- 0x00000001
htif-syscall-proxy cmd: 0x000000000001

SUCCESS
