using /home/force/Desktop/work/compliance_testing/our_riscv/work/riscof_work/C/src/cmv-01.S/ref/Reference-sail_c_simulator.signature for test-signature output.
[Sail] Allocating new block 0x80000000
tohost located at 0x80001000
[Sail] Allocating new block 0x0

Running file ref.elf.
ELF Entry @ 0x80000000
begin_signature: 0x80003110
end_signature: 0x80003270
CSR mstatus <- 0x00000000 (input: 0x00000000)
mem[X,0x00001000] -> 0x0297
mem[X,0x00001002] -> 0x0000
[0] [M]: 0x00001000 (0x00000297) auipc t0, 0
x5 <- 0x00001000


mem[X,0x00001004] -> 0x8593
mem[X,0x00001006] -> 0x0202
[1] [M]: 0x00001004 (0x02028593) addi a1, t0, 32
x11 <- 0x00001020


mem[X,0x00001008] -> 0x2573
mem[X,0x0000100A] -> 0xF140
[2] [M]: 0x00001008 (0xF1402573) csrrs a0, mhartid, zero
CSR mhartid -> 0x00000000
x10 <- 0x00000000


mem[X,0x0000100C] -> 0xA283
mem[X,0x0000100E] -> 0x0182
[3] [M]: 0x0000100C (0x0182A283) lw t0, 24(t0)
mem[R,0x00001018] -> 0x80000000
x5 <- 0x80000000


mem[X,0x00001010] -> 0x8067
mem[X,0x00001012] -> 0x0002
[4] [M]: 0x00001010 (0x00028067) jalr zero, t0, 0


mem[X,0x80000000] -> 0xC0B7
mem[X,0x80000002] -> 0xFEED
[5] [M]: 0x80000000 (0xFEEDC0B7) lui ra, 1044188
x1 <- 0xFEEDC000


mem[X,0x80000004] -> 0x8093
mem[X,0x80000006] -> 0xEAD0
[6] [M]: 0x80000004 (0xEAD08093) addi ra, ra, 3757
x1 <- 0xFEEDBEAD


mem[X,0x80000008] -> 0xE137
mem[X,0x8000000A] -> 0xFF76
[7] [M]: 0x80000008 (0xFF76E137) lui sp, 1046382
x2 <- 0xFF76E000


mem[X,0x8000000C] -> 0x0113
mem[X,0x8000000E] -> 0xF561
[8] [M]: 0x8000000C (0xF5610113) addi sp, sp, 3926
x2 <- 0xFF76DF56


mem[X,0x80000010] -> 0x71B7
mem[X,0x80000012] -> 0x7FBB
[9] [M]: 0x80000010 (0x7FBB71B7) lui gp, 523191
x3 <- 0x7FBB7000


mem[X,0x80000014] -> 0x8193
mem[X,0x80000016] -> 0xFAB1
[10] [M]: 0x80000014 (0xFAB18193) addi gp, gp, 4011
x3 <- 0x7FBB6FAB


mem[X,0x80000018] -> 0xB237
mem[X,0x8000001A] -> 0xBFDD
[11] [M]: 0x80000018 (0xBFDDB237) lui tp, 785883
x4 <- 0xBFDDB000


mem[X,0x8000001C] -> 0x0213
mem[X,0x8000001E] -> 0x7D52
[12] [M]: 0x8000001C (0x7D520213) addi tp, tp, 2005
x4 <- 0xBFDDB7D5


mem[X,0x80000020] -> 0x0297
mem[X,0x80000022] -> 0x0000
[13] [M]: 0x80000020 (0x00000297) auipc t0, 0
x5 <- 0x80000020


mem[X,0x80000024] -> 0x8293
mem[X,0x80000026] -> 0x0882
[14] [M]: 0x80000024 (0x08828293) addi t0, t0, 136
x5 <- 0x800000A8


mem[X,0x80000028] -> 0x0013
mem[X,0x8000002A] -> 0x0000
[15] [M]: 0x80000028 (0x00000013) addi zero, zero, 0


mem[X,0x8000002C] -> 0x0013
mem[X,0x8000002E] -> 0x0000
[16] [M]: 0x8000002C (0x00000013) addi zero, zero, 0


mem[X,0x80000030] -> 0x0013
mem[X,0x80000032] -> 0x0000
[17] [M]: 0x80000030 (0x00000013) addi zero, zero, 0


mem[X,0x80000034] -> 0x0013
mem[X,0x80000036] -> 0x0000
[18] [M]: 0x80000034 (0x00000013) addi zero, zero, 0


mem[X,0x80000038] -> 0x0013
mem[X,0x8000003A] -> 0x0000
[19] [M]: 0x80000038 (0x00000013) addi zero, zero, 0


mem[X,0x8000003C] -> 0x0013
mem[X,0x8000003E] -> 0x0000
[20] [M]: 0x8000003C (0x00000013) addi zero, zero, 0


mem[X,0x80000040] -> 0x2317
mem[X,0x80000042] -> 0x0000
[21] [M]: 0x80000040 (0x00002317) auipc t1, 2
x6 <- 0x80002040


mem[X,0x80000044] -> 0x0313
mem[X,0x80000046] -> 0xFC03
[22] [M]: 0x80000044 (0xFC030313) addi t1, t1, 4032
x6 <- 0x80002000


mem[X,0x80000048] -> 0x0013
mem[X,0x8000004A] -> 0x0000
[23] [M]: 0x80000048 (0x00000013) addi zero, zero, 0


mem[X,0x8000004C] -> 0x0013
mem[X,0x8000004E] -> 0x0000
[24] [M]: 0x8000004C (0x00000013) addi zero, zero, 0


mem[X,0x80000050] -> 0x0013
mem[X,0x80000052] -> 0x0000
[25] [M]: 0x80000050 (0x00000013) addi zero, zero, 0


mem[X,0x80000054] -> 0x0013
mem[X,0x80000056] -> 0x0000
[26] [M]: 0x80000054 (0x00000013) addi zero, zero, 0


mem[X,0x80000058] -> 0x0013
mem[X,0x8000005A] -> 0x0000
[27] [M]: 0x80000058 (0x00000013) addi zero, zero, 0


mem[X,0x8000005C] -> 0x0013
mem[X,0x8000005E] -> 0x0000
[28] [M]: 0x8000005C (0x00000013) addi zero, zero, 0


mem[X,0x80000060] -> 0xB3B7
mem[X,0x80000062] -> 0xB7FB
[29] [M]: 0x80000060 (0xB7FBB3B7) lui t2, 753595
x7 <- 0xB7FBB000


mem[X,0x80000064] -> 0x8393
mem[X,0x80000066] -> 0x6FA3
[30] [M]: 0x80000064 (0x6FA38393) addi t2, t2, 1786
x7 <- 0xB7FBB6FA


mem[X,0x80000068] -> 0xE437
mem[X,0x8000006A] -> 0x5BFD
[31] [M]: 0x80000068 (0x5BFDE437) lui fp, 376798
x8 <- 0x5BFDE000


mem[X,0x8000006C] -> 0x0413
mem[X,0x8000006E] -> 0xB7D4
[32] [M]: 0x8000006C (0xB7D40413) addi fp, fp, 2941
x8 <- 0x5BFDDB7D


mem[X,0x80000070] -> 0xF4B7
mem[X,0x80000072] -> 0xADFE
[33] [M]: 0x80000070 (0xADFEF4B7) lui s1, 712687
x9 <- 0xADFEF000


mem[X,0x80000074] -> 0x8493
mem[X,0x80000076] -> 0xDBE4
[34] [M]: 0x80000074 (0xDBE48493) addi s1, s1, 3518
x9 <- 0xADFEEDBE


mem[X,0x80000078] -> 0x7537
mem[X,0x8000007A] -> 0x56FF
[35] [M]: 0x80000078 (0x56FF7537) lui a0, 356343
x10 <- 0x56FF7000


mem[X,0x8000007C] -> 0x0513
mem[X,0x8000007E] -> 0x6DF5
[36] [M]: 0x8000007C (0x6DF50513) addi a0, a0, 1759
x10 <- 0x56FF76DF


mem[X,0x80000080] -> 0xC5B7
mem[X,0x80000082] -> 0xAB7F
[37] [M]: 0x80000080 (0xAB7FC5B7) lui a1, 702460
x11 <- 0xAB7FC000


mem[X,0x80000084] -> 0x8593
mem[X,0x80000086] -> 0xB6F5
[38] [M]: 0x80000084 (0xB6F58593) addi a1, a1, 2927
x11 <- 0xAB7FBB6F


mem[X,0x80000088] -> 0xE637
mem[X,0x8000008A] -> 0xD5BF
[39] [M]: 0x80000088 (0xD5BFE637) lui a2, 875518
x12 <- 0xD5BFE000


mem[X,0x8000008C] -> 0x0613
mem[X,0x8000008E] -> 0xDB76
[40] [M]: 0x8000008C (0xDB760613) addi a2, a2, 3511
x12 <- 0xD5BFDDB7


mem[X,0x80000090] -> 0xF6B7
mem[X,0x80000092] -> 0xEADF
[41] [M]: 0x80000090 (0xEADFF6B7) lui a3, 962047
x13 <- 0xEADFF000


mem[X,0x80000094] -> 0x8693
mem[X,0x80000096] -> 0xEDB6
[42] [M]: 0x80000094 (0xEDB68693) addi a3, a3, 3803
x13 <- 0xEADFEEDB


mem[X,0x80000098] -> 0xF737
mem[X,0x8000009A] -> 0xF56F
[43] [M]: 0x80000098 (0xF56FF737) lui a4, 1005311
x14 <- 0xF56FF000


mem[X,0x8000009C] -> 0x0713
mem[X,0x8000009E] -> 0x76D7
[44] [M]: 0x8000009C (0x76D70713) addi a4, a4, 1901
x14 <- 0xF56FF76D


mem[X,0x800000A0] -> 0x07B7
mem[X,0x800000A2] -> 0xFAB8
[45] [M]: 0x800000A0 (0xFAB807B7) lui a5, 1026944
x15 <- 0xFAB80000


mem[X,0x800000A4] -> 0x8793
mem[X,0x800000A6] -> 0xBB67
[46] [M]: 0x800000A4 (0xBB678793) addi a5, a5, 2998
x15 <- 0xFAB7FBB6


mem[X,0x800000A8] -> 0x0013
mem[X,0x800000AA] -> 0x0000
[47] [M]: 0x800000A8 (0x00000013) addi zero, zero, 0


mem[X,0x800000AC] -> 0x0013
mem[X,0x800000AE] -> 0x0000
[48] [M]: 0x800000AC (0x00000013) addi zero, zero, 0


mem[X,0x800000B0] -> 0x0013
mem[X,0x800000B2] -> 0x0000
[49] [M]: 0x800000B0 (0x00000013) addi zero, zero, 0


mem[X,0x800000B4] -> 0x0013
mem[X,0x800000B6] -> 0x0000
[50] [M]: 0x800000B4 (0x00000013) addi zero, zero, 0


mem[X,0x800000B8] -> 0x0013
mem[X,0x800000BA] -> 0x0000
[51] [M]: 0x800000B8 (0x00000013) addi zero, zero, 0


mem[X,0x800000BC] -> 0x0013
mem[X,0x800000BE] -> 0x0000
[52] [M]: 0x800000BC (0x00000013) addi zero, zero, 0


mem[X,0x800000C0] -> 0x3297
mem[X,0x800000C2] -> 0x0000
[53] [M]: 0x800000C0 (0x00003297) auipc t0, 3
x5 <- 0x800030C0


mem[X,0x800000C4] -> 0x8293
mem[X,0x800000C6] -> 0x0542
[54] [M]: 0x800000C4 (0x05428293) addi t0, t0, 84
x5 <- 0x80003114


mem[X,0x800000C8] -> 0x0013
mem[X,0x800000CA] -> 0x0000
[55] [M]: 0x800000C8 (0x00000013) addi zero, zero, 0


mem[X,0x800000CC] -> 0x0013
mem[X,0x800000CE] -> 0x0000
[56] [M]: 0x800000CC (0x00000013) addi zero, zero, 0


mem[X,0x800000D0] -> 0x0013
mem[X,0x800000D2] -> 0x0000
[57] [M]: 0x800000D0 (0x00000013) addi zero, zero, 0


mem[X,0x800000D4] -> 0x0013
mem[X,0x800000D6] -> 0x0000
[58] [M]: 0x800000D4 (0x00000013) addi zero, zero, 0


mem[X,0x800000D8] -> 0x0013
mem[X,0x800000DA] -> 0x0000
[59] [M]: 0x800000D8 (0x00000013) addi zero, zero, 0


mem[X,0x800000DC] -> 0x0013
mem[X,0x800000DE] -> 0x0000
[60] [M]: 0x800000DC (0x00000013) addi zero, zero, 0


mem[X,0x800000E0] -> 0x0BB7
mem[X,0x800000E2] -> 0x8000
[61] [M]: 0x800000E0 (0x80000BB7) lui s7, 524288
x23 <- 0x80000000


mem[X,0x800000E4] -> 0x885E
[62] [M]: 0x800000E4 (0x885E) c.mv a6, s7
x16 <- 0x80000000


mem[X,0x800000E6] -> 0xA023
mem[X,0x800000E8] -> 0x0102
[63] [M]: 0x800000E6 (0x0102A023) sw a6, 0(t0)
mem[0x80003114] <- 0x80000000


mem[X,0x800000EA] -> 0x4581
[64] [M]: 0x800000EA (0x4581) c.li a1, 0
x11 <- 0x00000000


mem[X,0x800000EC] -> 0x85AE
[65] [M]: 0x800000EC (0x85AE) c.mv a1, a1
x11 <- 0x00000000


mem[X,0x800000EE] -> 0xA223
mem[X,0x800000F0] -> 0x00B2
[66] [M]: 0x800000EE (0x00B2A223) sw a1, 4(t0)
mem[0x80003118] <- 0x00000000


mem[X,0x800000F2] -> 0x0137
mem[X,0x800000F4] -> 0x8000
[67] [M]: 0x800000F2 (0x80000137) lui sp, 524288
x2 <- 0x80000000


mem[X,0x800000F6] -> 0x117D
[68] [M]: 0x800000F6 (0x117D) c.addi sp, 63
x2 <- 0x7FFFFFFF


mem[X,0x800000F8] -> 0x8C0A
[69] [M]: 0x800000F8 (0x8C0A) c.mv s8, sp
x24 <- 0x7FFFFFFF


mem[X,0x800000FA] -> 0xA423
mem[X,0x800000FC] -> 0x0182
[70] [M]: 0x800000FA (0x0182A423) sw s8, 8(t0)
mem[0x8000311C] <- 0x7FFFFFFF


mem[X,0x800000FE] -> 0x4E05
[71] [M]: 0x800000FE (0x4E05) c.li t3, 1
x28 <- 0x00000001


mem[X,0x80000100] -> 0x89F2
[72] [M]: 0x80000100 (0x89F2) c.mv s3, t3
x19 <- 0x00000001


mem[X,0x80000102] -> 0xA623
mem[X,0x80000104] -> 0x0132
[73] [M]: 0x80000102 (0x0132A623) sw s3, 12(t0)
mem[0x80003120] <- 0x00000001


mem[X,0x80000106] -> 0x4889
[74] [M]: 0x80000106 (0x4889) c.li a7, 2
x17 <- 0x00000002


mem[X,0x80000108] -> 0x8346
[75] [M]: 0x80000108 (0x8346) c.mv t1, a7
x6 <- 0x00000002


mem[X,0x8000010A] -> 0xA823
mem[X,0x8000010C] -> 0x0062
[76] [M]: 0x8000010A (0x0062A823) sw t1, 16(t0)
mem[0x80003124] <- 0x00000002


mem[X,0x8000010E] -> 0x4491
[77] [M]: 0x8000010E (0x4491) c.li s1, 4
x9 <- 0x00000004


mem[X,0x80000110] -> 0x8926
[78] [M]: 0x80000110 (0x8926) c.mv s2, s1
x18 <- 0x00000004


mem[X,0x80000112] -> 0xAA23
mem[X,0x80000114] -> 0x0122
[79] [M]: 0x80000112 (0x0122AA23) sw s2, 20(t0)
mem[0x80003128] <- 0x00000004


mem[X,0x80000116] -> 0x46A1
[80] [M]: 0x80000116 (0x46A1) c.li a3, 8
x13 <- 0x00000008


mem[X,0x80000118] -> 0x8AB6
[81] [M]: 0x80000118 (0x8AB6) c.mv s5, a3
x21 <- 0x00000008


mem[X,0x8000011A] -> 0xAC23
mem[X,0x8000011C] -> 0x0152
[82] [M]: 0x8000011A (0x0152AC23) sw s5, 24(t0)
mem[0x8000312C] <- 0x00000008


mem[X,0x8000011E] -> 0x4341
[83] [M]: 0x8000011E (0x4341) c.li t1, 16
x6 <- 0x00000010


mem[X,0x80000120] -> 0x8D1A
[84] [M]: 0x80000120 (0x8D1A) c.mv s10, t1
x26 <- 0x00000010


mem[X,0x80000122] -> 0xAE23
mem[X,0x80000124] -> 0x01A2
[85] [M]: 0x80000122 (0x01A2AE23) sw s10, 28(t0)
mem[0x80003130] <- 0x00000010


mem[X,0x80000126] -> 0x0A13
mem[X,0x80000128] -> 0x0200
[86] [M]: 0x80000126 (0x02000A13) addi s4, zero, 32
x20 <- 0x00000020


mem[X,0x8000012A] -> 0x81D2
[87] [M]: 0x8000012A (0x81D2) c.mv gp, s4
x3 <- 0x00000020


mem[X,0x8000012C] -> 0xA023
mem[X,0x8000012E] -> 0x0232
[88] [M]: 0x8000012C (0x0232A023) sw gp, 32(t0)
mem[0x80003134] <- 0x00000020


mem[X,0x80000130] -> 0x0613
mem[X,0x80000132] -> 0x0400
[89] [M]: 0x80000130 (0x04000613) addi a2, zero, 64
x12 <- 0x00000040


mem[X,0x80000134] -> 0x8FB2
[90] [M]: 0x80000134 (0x8FB2) c.mv t6, a2
x31 <- 0x00000040


mem[X,0x80000136] -> 0xA223
mem[X,0x80000138] -> 0x03F2
[91] [M]: 0x80000136 (0x03F2A223) sw t6, 36(t0)
mem[0x80003138] <- 0x00000040


mem[X,0x8000013A] -> 0x0813
mem[X,0x8000013C] -> 0x0800
[92] [M]: 0x8000013A (0x08000813) addi a6, zero, 128
x16 <- 0x00000080


mem[X,0x8000013E] -> 0x8142
[93] [M]: 0x8000013E (0x8142) c.mv sp, a6
x2 <- 0x00000080


mem[X,0x80000140] -> 0xA423
mem[X,0x80000142] -> 0x0222
[94] [M]: 0x80000140 (0x0222A423) sw sp, 40(t0)
mem[0x8000313C] <- 0x00000080


mem[X,0x80000144] -> 0x0793
mem[X,0x80000146] -> 0x1000
[95] [M]: 0x80000144 (0x10000793) addi a5, zero, 256
x15 <- 0x00000100


mem[X,0x80000148] -> 0x873E
[96] [M]: 0x80000148 (0x873E) c.mv a4, a5
x14 <- 0x00000100


mem[X,0x8000014A] -> 0xA623
mem[X,0x8000014C] -> 0x02E2
[97] [M]: 0x8000014A (0x02E2A623) sw a4, 44(t0)
mem[0x80003140] <- 0x00000100


mem[X,0x8000014E] -> 0x0C93
mem[X,0x80000150] -> 0x2000
[98] [M]: 0x8000014E (0x20000C93) addi s9, zero, 512
x25 <- 0x00000200


mem[X,0x80000152] -> 0x8A66
[99] [M]: 0x80000152 (0x8A66) c.mv s4, s9
x20 <- 0x00000200


clint::tick mtime <- 0x0000000000000001
 clint timer pending at mtime 0x0000000000000001
htif::tick 0x0000000000000000
mem[X,0x80000154] -> 0xA823
mem[X,0x80000156] -> 0x0342
[100] [M]: 0x80000154 (0x0342A823) sw s4, 48(t0)
mem[0x80003144] <- 0x00000200


mem[X,0x80000158] -> 0x0C13
mem[X,0x8000015A] -> 0x4000
[101] [M]: 0x80000158 (0x40000C13) addi s8, zero, 1024
x24 <- 0x00000400


mem[X,0x8000015C] -> 0x8E62
[102] [M]: 0x8000015C (0x8E62) c.mv t3, s8
x28 <- 0x00000400


mem[X,0x8000015E] -> 0xAA23
mem[X,0x80000160] -> 0x03C2
[103] [M]: 0x8000015E (0x03C2AA23) sw t3, 52(t0)
mem[0x80003148] <- 0x00000400


mem[X,0x80000162] -> 0x6D05
[104] [M]: 0x80000162 (0x6D05) c.lui s10, 1
x26 <- 0x00001000


mem[X,0x80000164] -> 0x0D13
mem[X,0x80000166] -> 0x800D
[105] [M]: 0x80000164 (0x800D0D13) addi s10, s10, 2048
x26 <- 0x00000800


mem[X,0x80000168] -> 0x87EA
[106] [M]: 0x80000168 (0x87EA) c.mv a5, s10
x15 <- 0x00000800


mem[X,0x8000016A] -> 0xAC23
mem[X,0x8000016C] -> 0x02F2
[107] [M]: 0x8000016A (0x02F2AC23) sw a5, 56(t0)
mem[0x8000314C] <- 0x00000800


mem[X,0x8000016E] -> 0x6905
[108] [M]: 0x8000016E (0x6905) c.lui s2, 1
x18 <- 0x00001000


mem[X,0x80000170] -> 0x86CA
[109] [M]: 0x80000170 (0x86CA) c.mv a3, s2
x13 <- 0x00001000


mem[X,0x80000172] -> 0xAE23
mem[X,0x80000174] -> 0x02D2
[110] [M]: 0x80000172 (0x02D2AE23) sw a3, 60(t0)
mem[0x80003150] <- 0x00001000


mem[X,0x80000176] -> 0x6089
[111] [M]: 0x80000176 (0x6089) c.lui ra, 2
x1 <- 0x00002000


mem[X,0x80000178] -> 0x8406
[112] [M]: 0x80000178 (0x8406) c.mv fp, ra
x8 <- 0x00002000


mem[X,0x8000017A] -> 0xA023
mem[X,0x8000017C] -> 0x0482
[113] [M]: 0x8000017A (0x0482A023) sw fp, 64(t0)
mem[0x80003154] <- 0x00002000


mem[X,0x8000017E] -> 0x6511
[114] [M]: 0x8000017E (0x6511) c.lui a0, 4
x10 <- 0x00004000


mem[X,0x80000180] -> 0x83AA
[115] [M]: 0x80000180 (0x83AA) c.mv t2, a0
x7 <- 0x00004000


mem[X,0x80000182] -> 0xA223
mem[X,0x80000184] -> 0x0472
[116] [M]: 0x80000182 (0x0472A223) sw t2, 68(t0)
mem[0x80003158] <- 0x00004000


mem[X,0x80000186] -> 0x6421
[117] [M]: 0x80000186 (0x6421) c.lui fp, 8
x8 <- 0x00008000


mem[X,0x80000188] -> 0x8F22
[118] [M]: 0x80000188 (0x8F22) c.mv t5, fp
x30 <- 0x00008000


mem[X,0x8000018A] -> 0xA423
mem[X,0x8000018C] -> 0x05E2
[119] [M]: 0x8000018A (0x05E2A423) sw t5, 72(t0)
mem[0x8000315C] <- 0x00008000


mem[X,0x8000018E] -> 0x6AC1
[120] [M]: 0x8000018E (0x6AC1) c.lui s5, 16
x21 <- 0x00010000


mem[X,0x80000190] -> 0x8DD6
[121] [M]: 0x80000190 (0x8DD6) c.mv s11, s5
x27 <- 0x00010000


mem[X,0x80000192] -> 0xA623
mem[X,0x80000194] -> 0x05B2
[122] [M]: 0x80000192 (0x05B2A623) sw s11, 76(t0)
mem[0x80003160] <- 0x00010000


mem[X,0x80000196] -> 0x0DB7
mem[X,0x80000198] -> 0x0002
[123] [M]: 0x80000196 (0x00020DB7) lui s11, 32
x27 <- 0x00020000


mem[X,0x8000019A] -> 0x84EE
[124] [M]: 0x8000019A (0x84EE) c.mv s1, s11
x9 <- 0x00020000


mem[X,0x8000019C] -> 0xA823
mem[X,0x8000019E] -> 0x0492
[125] [M]: 0x8000019C (0x0492A823) sw s1, 80(t0)
mem[0x80003164] <- 0x00020000


mem[X,0x800001A0] -> 0x0737
mem[X,0x800001A2] -> 0x0004
[126] [M]: 0x800001A0 (0x00040737) lui a4, 64
x14 <- 0x00040000


mem[X,0x800001A4] -> 0x853A
[127] [M]: 0x800001A4 (0x853A) c.mv a0, a4
x10 <- 0x00040000


mem[X,0x800001A6] -> 0xAA23
mem[X,0x800001A8] -> 0x04A2
[128] [M]: 0x800001A6 (0x04A2AA23) sw a0, 84(t0)
mem[0x80003168] <- 0x00040000


mem[X,0x800001AA] -> 0x0F37
mem[X,0x800001AC] -> 0x0008
[129] [M]: 0x800001AA (0x00080F37) lui t5, 128
x30 <- 0x00080000


mem[X,0x800001AE] -> 0x8CFA
[130] [M]: 0x800001AE (0x8CFA) c.mv s9, t5
x25 <- 0x00080000


mem[X,0x800001B0] -> 0xAC23
mem[X,0x800001B2] -> 0x0592
[131] [M]: 0x800001B0 (0x0592AC23) sw s9, 88(t0)
mem[0x8000316C] <- 0x00080000


mem[X,0x800001B4] -> 0x0237
mem[X,0x800001B6] -> 0x0010
[132] [M]: 0x800001B4 (0x00100237) lui tp, 256
x4 <- 0x00100000


mem[X,0x800001B8] -> 0x8B12
[133] [M]: 0x800001B8 (0x8B12) c.mv s6, tp
x22 <- 0x00100000


mem[X,0x800001BA] -> 0xAE23
mem[X,0x800001BC] -> 0x0562
[134] [M]: 0x800001BA (0x0562AE23) sw s6, 92(t0)
mem[0x80003170] <- 0x00100000


mem[X,0x800001BE] -> 0x0001
[135] [M]: 0x800001BE (0x0001) c.nop


mem[X,0x800001C0] -> 0x3117
mem[X,0x800001C2] -> 0x0000
[136] [M]: 0x800001C0 (0x00003117) auipc sp, 3
x2 <- 0x800031C0


mem[X,0x800001C4] -> 0x0113
mem[X,0x800001C6] -> 0xFB41
[137] [M]: 0x800001C4 (0xFB410113) addi sp, sp, 4020
x2 <- 0x80003174


mem[X,0x800001C8] -> 0x0013
mem[X,0x800001CA] -> 0x0000
[138] [M]: 0x800001C8 (0x00000013) addi zero, zero, 0


mem[X,0x800001CC] -> 0x0013
mem[X,0x800001CE] -> 0x0000
[139] [M]: 0x800001CC (0x00000013) addi zero, zero, 0


mem[X,0x800001D0] -> 0x0013
mem[X,0x800001D2] -> 0x0000
[140] [M]: 0x800001D0 (0x00000013) addi zero, zero, 0


mem[X,0x800001D4] -> 0x0013
mem[X,0x800001D6] -> 0x0000
[141] [M]: 0x800001D4 (0x00000013) addi zero, zero, 0


mem[X,0x800001D8] -> 0x0013
mem[X,0x800001DA] -> 0x0000
[142] [M]: 0x800001D8 (0x00000013) addi zero, zero, 0


mem[X,0x800001DC] -> 0x0013
mem[X,0x800001DE] -> 0x0000
[143] [M]: 0x800001DC (0x00000013) addi zero, zero, 0


mem[X,0x800001E0] -> 0x09B7
mem[X,0x800001E2] -> 0x0020
[144] [M]: 0x800001E0 (0x002009B7) lui s3, 512
x19 <- 0x00200000


mem[X,0x800001E4] -> 0x824E
[145] [M]: 0x800001E4 (0x824E) c.mv tp, s3
x4 <- 0x00200000


mem[X,0x800001E6] -> 0xC012
[146] [M]: 0x800001E6 (0xC012) c.swsp tp, 0
mem[0x80003174] <- 0x00200000


mem[X,0x800001E8] -> 0x0EB7
mem[X,0x800001EA] -> 0x0040
[147] [M]: 0x800001E8 (0x00400EB7) lui t4, 1024
x29 <- 0x00400000


mem[X,0x800001EC] -> 0x8076
[148] [M]: 0x800001EC (0x8076) c.mv.hint.t4


mem[X,0x800001EE] -> 0xC202
[149] [M]: 0x800001EE (0xC202) c.swsp zero, 1
mem[0x80003178] <- 0x00000000


mem[X,0x800001F0] -> 0x03B7
mem[X,0x800001F2] -> 0x0080
[150] [M]: 0x800001F0 (0x008003B7) lui t2, 2048
x7 <- 0x00800000


mem[X,0x800001F4] -> 0x8B9E
[151] [M]: 0x800001F4 (0x8B9E) c.mv s7, t2
x23 <- 0x00800000


mem[X,0x800001F6] -> 0xC45E
[152] [M]: 0x800001F6 (0xC45E) c.swsp s7, 2
mem[0x8000317C] <- 0x00800000


mem[X,0x800001F8] -> 0x0FB7
mem[X,0x800001FA] -> 0x0100
[153] [M]: 0x800001F8 (0x01000FB7) lui t6, 4096
x31 <- 0x01000000


mem[X,0x800001FC] -> 0x8EFE
[154] [M]: 0x800001FC (0x8EFE) c.mv t4, t6
x29 <- 0x01000000


mem[X,0x800001FE] -> 0xC676
[155] [M]: 0x800001FE (0xC676) c.swsp t4, 3
mem[0x80003180] <- 0x01000000


mem[X,0x80000200] -> 0x01B7
mem[X,0x80000202] -> 0x0200
[156] [M]: 0x80000200 (0x020001B7) lui gp, 8192
x3 <- 0x02000000


mem[X,0x80000204] -> 0x860E
[157] [M]: 0x80000204 (0x860E) c.mv a2, gp
x12 <- 0x02000000


mem[X,0x80000206] -> 0xC832
[158] [M]: 0x80000206 (0xC832) c.swsp a2, 4
mem[0x80003184] <- 0x02000000


mem[X,0x80000208] -> 0x0B37
mem[X,0x8000020A] -> 0x0400
[159] [M]: 0x80000208 (0x04000B37) lui s6, 16384
x22 <- 0x04000000


mem[X,0x8000020C] -> 0x82DA
[160] [M]: 0x8000020C (0x82DA) c.mv t0, s6
x5 <- 0x04000000


mem[X,0x8000020E] -> 0xCA16
[161] [M]: 0x8000020E (0xCA16) c.swsp t0, 5
mem[0x80003188] <- 0x04000000


mem[X,0x80000210] -> 0x02B7
mem[X,0x80000212] -> 0x0800
[162] [M]: 0x80000210 (0x080002B7) lui t0, 32768
x5 <- 0x08000000


mem[X,0x80000214] -> 0x8096
[163] [M]: 0x80000214 (0x8096) c.mv ra, t0
x1 <- 0x08000000


mem[X,0x80000216] -> 0xCC06
[164] [M]: 0x80000216 (0xCC06) c.swsp ra, 6
mem[0x8000318C] <- 0x08000000


mem[X,0x80000218] -> 0x0FB7
mem[X,0x8000021A] -> 0x1000
[165] [M]: 0x80000218 (0x10000FB7) lui t6, 65536
x31 <- 0x10000000


mem[X,0x8000021C] -> 0x88FE
[166] [M]: 0x8000021C (0x88FE) c.mv a7, t6
x17 <- 0x10000000


mem[X,0x8000021E] -> 0xCE46
[167] [M]: 0x8000021E (0xCE46) c.swsp a7, 7
mem[0x80003190] <- 0x10000000


mem[X,0x80000220] -> 0x05B7
mem[X,0x80000222] -> 0x2000
[168] [M]: 0x80000220 (0x200005B7) lui a1, 131072
x11 <- 0x20000000


mem[X,0x80000224] -> 0x852E
[169] [M]: 0x80000224 (0x852E) c.mv a0, a1
x10 <- 0x20000000


mem[X,0x80000226] -> 0xD02A
[170] [M]: 0x80000226 (0xD02A) c.swsp a0, 8
mem[0x80003194] <- 0x20000000


mem[X,0x80000228] -> 0x05B7
mem[X,0x8000022A] -> 0x4000
[171] [M]: 0x80000228 (0x400005B7) lui a1, 262144
x11 <- 0x40000000


mem[X,0x8000022C] -> 0x852E
[172] [M]: 0x8000022C (0x852E) c.mv a0, a1
x10 <- 0x40000000


mem[X,0x8000022E] -> 0xD22A
[173] [M]: 0x8000022E (0xD22A) c.swsp a0, 9
mem[0x80003198] <- 0x40000000


mem[X,0x80000230] -> 0x55F9
[174] [M]: 0x80000230 (0x55F9) c.li a1, 62
x11 <- 0xFFFFFFFE


mem[X,0x80000232] -> 0x852E
[175] [M]: 0x80000232 (0x852E) c.mv a0, a1
x10 <- 0xFFFFFFFE


mem[X,0x80000234] -> 0xD42A
[176] [M]: 0x80000234 (0xD42A) c.swsp a0, 10
mem[0x8000319C] <- 0xFFFFFFFE


mem[X,0x80000236] -> 0x55F5
[177] [M]: 0x80000236 (0x55F5) c.li a1, 61
x11 <- 0xFFFFFFFD


mem[X,0x80000238] -> 0x852E
[178] [M]: 0x80000238 (0x852E) c.mv a0, a1
x10 <- 0xFFFFFFFD


mem[X,0x8000023A] -> 0xD62A
[179] [M]: 0x8000023A (0xD62A) c.swsp a0, 11
mem[0x800031A0] <- 0xFFFFFFFD


mem[X,0x8000023C] -> 0x55ED
[180] [M]: 0x8000023C (0x55ED) c.li a1, 59
x11 <- 0xFFFFFFFB


mem[X,0x8000023E] -> 0x852E
[181] [M]: 0x8000023E (0x852E) c.mv a0, a1
x10 <- 0xFFFFFFFB


mem[X,0x80000240] -> 0xD82A
[182] [M]: 0x80000240 (0xD82A) c.swsp a0, 12
mem[0x800031A4] <- 0xFFFFFFFB


mem[X,0x80000242] -> 0x55DD
[183] [M]: 0x80000242 (0x55DD) c.li a1, 55
x11 <- 0xFFFFFFF7


mem[X,0x80000244] -> 0x852E
[184] [M]: 0x80000244 (0x852E) c.mv a0, a1
x10 <- 0xFFFFFFF7


mem[X,0x80000246] -> 0xDA2A
[185] [M]: 0x80000246 (0xDA2A) c.swsp a0, 13
mem[0x800031A8] <- 0xFFFFFFF7


mem[X,0x80000248] -> 0x55BD
[186] [M]: 0x80000248 (0x55BD) c.li a1, 47
x11 <- 0xFFFFFFEF


mem[X,0x8000024A] -> 0x852E
[187] [M]: 0x8000024A (0x852E) c.mv a0, a1
x10 <- 0xFFFFFFEF


mem[X,0x8000024C] -> 0xDC2A
[188] [M]: 0x8000024C (0xDC2A) c.swsp a0, 14
mem[0x800031AC] <- 0xFFFFFFEF


mem[X,0x8000024E] -> 0x0593
mem[X,0x80000250] -> 0xFDF0
[189] [M]: 0x8000024E (0xFDF00593) addi a1, zero, 4063
x11 <- 0xFFFFFFDF


mem[X,0x80000252] -> 0x852E
[190] [M]: 0x80000252 (0x852E) c.mv a0, a1
x10 <- 0xFFFFFFDF


mem[X,0x80000254] -> 0xDE2A
[191] [M]: 0x80000254 (0xDE2A) c.swsp a0, 15
mem[0x800031B0] <- 0xFFFFFFDF


mem[X,0x80000256] -> 0x0593
mem[X,0x80000258] -> 0xFBF0
[192] [M]: 0x80000256 (0xFBF00593) addi a1, zero, 4031
x11 <- 0xFFFFFFBF


mem[X,0x8000025A] -> 0x852E
[193] [M]: 0x8000025A (0x852E) c.mv a0, a1
x10 <- 0xFFFFFFBF


mem[X,0x8000025C] -> 0xC0AA
[194] [M]: 0x8000025C (0xC0AA) c.swsp a0, 16
mem[0x800031B4] <- 0xFFFFFFBF


mem[X,0x8000025E] -> 0x0593
mem[X,0x80000260] -> 0xF7F0
[195] [M]: 0x8000025E (0xF7F00593) addi a1, zero, 3967
x11 <- 0xFFFFFF7F


mem[X,0x80000262] -> 0x852E
[196] [M]: 0x80000262 (0x852E) c.mv a0, a1
x10 <- 0xFFFFFF7F


mem[X,0x80000264] -> 0xC2AA
[197] [M]: 0x80000264 (0xC2AA) c.swsp a0, 17
mem[0x800031B8] <- 0xFFFFFF7F


mem[X,0x80000266] -> 0x0593
mem[X,0x80000268] -> 0xEFF0
[198] [M]: 0x80000266 (0xEFF00593) addi a1, zero, 3839
x11 <- 0xFFFFFEFF


mem[X,0x8000026A] -> 0x852E
[199] [M]: 0x8000026A (0x852E) c.mv a0, a1
x10 <- 0xFFFFFEFF


clint::tick mtime <- 0x0000000000000002
 clint timer pending at mtime 0x0000000000000002
htif::tick 0x0000000000000000
mem[X,0x8000026C] -> 0xC4AA
[200] [M]: 0x8000026C (0xC4AA) c.swsp a0, 18
mem[0x800031BC] <- 0xFFFFFEFF


mem[X,0x8000026E] -> 0x0593
mem[X,0x80000270] -> 0xDFF0
[201] [M]: 0x8000026E (0xDFF00593) addi a1, zero, 3583
x11 <- 0xFFFFFDFF


mem[X,0x80000272] -> 0x852E
[202] [M]: 0x80000272 (0x852E) c.mv a0, a1
x10 <- 0xFFFFFDFF


mem[X,0x80000274] -> 0xC6AA
[203] [M]: 0x80000274 (0xC6AA) c.swsp a0, 19
mem[0x800031C0] <- 0xFFFFFDFF


mem[X,0x80000276] -> 0x0593
mem[X,0x80000278] -> 0xBFF0
[204] [M]: 0x80000276 (0xBFF00593) addi a1, zero, 3071
x11 <- 0xFFFFFBFF


mem[X,0x8000027A] -> 0x852E
[205] [M]: 0x8000027A (0x852E) c.mv a0, a1
x10 <- 0xFFFFFBFF


mem[X,0x8000027C] -> 0xC8AA
[206] [M]: 0x8000027C (0xC8AA) c.swsp a0, 20
mem[0x800031C4] <- 0xFFFFFBFF


mem[X,0x8000027E] -> 0x75FD
[207] [M]: 0x8000027E (0x75FD) c.lui a1, 63
x11 <- 0xFFFFF000


mem[X,0x80000280] -> 0x8593
mem[X,0x80000282] -> 0x7FF5
[208] [M]: 0x80000280 (0x7FF58593) addi a1, a1, 2047
x11 <- 0xFFFFF7FF


mem[X,0x80000284] -> 0x852E
[209] [M]: 0x80000284 (0x852E) c.mv a0, a1
x10 <- 0xFFFFF7FF


mem[X,0x80000286] -> 0xCAAA
[210] [M]: 0x80000286 (0xCAAA) c.swsp a0, 21
mem[0x800031C8] <- 0xFFFFF7FF


mem[X,0x80000288] -> 0x75FD
[211] [M]: 0x80000288 (0x75FD) c.lui a1, 63
x11 <- 0xFFFFF000


mem[X,0x8000028A] -> 0x15FD
[212] [M]: 0x8000028A (0x15FD) c.addi a1, 63
x11 <- 0xFFFFEFFF


mem[X,0x8000028C] -> 0x852E
[213] [M]: 0x8000028C (0x852E) c.mv a0, a1
x10 <- 0xFFFFEFFF


mem[X,0x8000028E] -> 0xCCAA
[214] [M]: 0x8000028E (0xCCAA) c.swsp a0, 22
mem[0x800031CC] <- 0xFFFFEFFF


mem[X,0x80000290] -> 0x75F9
[215] [M]: 0x80000290 (0x75F9) c.lui a1, 62
x11 <- 0xFFFFE000


mem[X,0x80000292] -> 0x15FD
[216] [M]: 0x80000292 (0x15FD) c.addi a1, 63
x11 <- 0xFFFFDFFF


mem[X,0x80000294] -> 0x852E
[217] [M]: 0x80000294 (0x852E) c.mv a0, a1
x10 <- 0xFFFFDFFF


mem[X,0x80000296] -> 0xCEAA
[218] [M]: 0x80000296 (0xCEAA) c.swsp a0, 23
mem[0x800031D0] <- 0xFFFFDFFF


mem[X,0x80000298] -> 0x75F1
[219] [M]: 0x80000298 (0x75F1) c.lui a1, 60
x11 <- 0xFFFFC000


mem[X,0x8000029A] -> 0x15FD
[220] [M]: 0x8000029A (0x15FD) c.addi a1, 63
x11 <- 0xFFFFBFFF


mem[X,0x8000029C] -> 0x852E
[221] [M]: 0x8000029C (0x852E) c.mv a0, a1
x10 <- 0xFFFFBFFF


mem[X,0x8000029E] -> 0xD0AA
[222] [M]: 0x8000029E (0xD0AA) c.swsp a0, 24
mem[0x800031D4] <- 0xFFFFBFFF


mem[X,0x800002A0] -> 0x75E1
[223] [M]: 0x800002A0 (0x75E1) c.lui a1, 56
x11 <- 0xFFFF8000


mem[X,0x800002A2] -> 0x15FD
[224] [M]: 0x800002A2 (0x15FD) c.addi a1, 63
x11 <- 0xFFFF7FFF


mem[X,0x800002A4] -> 0x852E
[225] [M]: 0x800002A4 (0x852E) c.mv a0, a1
x10 <- 0xFFFF7FFF


mem[X,0x800002A6] -> 0xD2AA
[226] [M]: 0x800002A6 (0xD2AA) c.swsp a0, 25
mem[0x800031D8] <- 0xFFFF7FFF


mem[X,0x800002A8] -> 0x75C1
[227] [M]: 0x800002A8 (0x75C1) c.lui a1, 48
x11 <- 0xFFFF0000


mem[X,0x800002AA] -> 0x15FD
[228] [M]: 0x800002AA (0x15FD) c.addi a1, 63
x11 <- 0xFFFEFFFF


mem[X,0x800002AC] -> 0x852E
[229] [M]: 0x800002AC (0x852E) c.mv a0, a1
x10 <- 0xFFFEFFFF


mem[X,0x800002AE] -> 0xD4AA
[230] [M]: 0x800002AE (0xD4AA) c.swsp a0, 26
mem[0x800031DC] <- 0xFFFEFFFF


mem[X,0x800002B0] -> 0x7581
[231] [M]: 0x800002B0 (0x7581) c.lui a1, 32
x11 <- 0xFFFE0000


mem[X,0x800002B2] -> 0x15FD
[232] [M]: 0x800002B2 (0x15FD) c.addi a1, 63
x11 <- 0xFFFDFFFF


mem[X,0x800002B4] -> 0x852E
[233] [M]: 0x800002B4 (0x852E) c.mv a0, a1
x10 <- 0xFFFDFFFF


mem[X,0x800002B6] -> 0xD6AA
[234] [M]: 0x800002B6 (0xD6AA) c.swsp a0, 27
mem[0x800031E0] <- 0xFFFDFFFF


mem[X,0x800002B8] -> 0x05B7
mem[X,0x800002BA] -> 0xFFFC
[235] [M]: 0x800002B8 (0xFFFC05B7) lui a1, 1048512
x11 <- 0xFFFC0000


mem[X,0x800002BC] -> 0x15FD
[236] [M]: 0x800002BC (0x15FD) c.addi a1, 63
x11 <- 0xFFFBFFFF


mem[X,0x800002BE] -> 0x852E
[237] [M]: 0x800002BE (0x852E) c.mv a0, a1
x10 <- 0xFFFBFFFF


mem[X,0x800002C0] -> 0xD8AA
[238] [M]: 0x800002C0 (0xD8AA) c.swsp a0, 28
mem[0x800031E4] <- 0xFFFBFFFF


mem[X,0x800002C2] -> 0x05B7
mem[X,0x800002C4] -> 0xFFF8
[239] [M]: 0x800002C2 (0xFFF805B7) lui a1, 1048448
x11 <- 0xFFF80000


mem[X,0x800002C6] -> 0x15FD
[240] [M]: 0x800002C6 (0x15FD) c.addi a1, 63
x11 <- 0xFFF7FFFF


mem[X,0x800002C8] -> 0x852E
[241] [M]: 0x800002C8 (0x852E) c.mv a0, a1
x10 <- 0xFFF7FFFF


mem[X,0x800002CA] -> 0xDAAA
[242] [M]: 0x800002CA (0xDAAA) c.swsp a0, 29
mem[0x800031E8] <- 0xFFF7FFFF


mem[X,0x800002CC] -> 0x05B7
mem[X,0x800002CE] -> 0xFFF0
[243] [M]: 0x800002CC (0xFFF005B7) lui a1, 1048320
x11 <- 0xFFF00000


mem[X,0x800002D0] -> 0x15FD
[244] [M]: 0x800002D0 (0x15FD) c.addi a1, 63
x11 <- 0xFFEFFFFF


mem[X,0x800002D2] -> 0x852E
[245] [M]: 0x800002D2 (0x852E) c.mv a0, a1
x10 <- 0xFFEFFFFF


mem[X,0x800002D4] -> 0xDCAA
[246] [M]: 0x800002D4 (0xDCAA) c.swsp a0, 30
mem[0x800031EC] <- 0xFFEFFFFF


mem[X,0x800002D6] -> 0x05B7
mem[X,0x800002D8] -> 0xE000
[247] [M]: 0x800002D6 (0xE00005B7) lui a1, 917504
x11 <- 0xE0000000


mem[X,0x800002DA] -> 0x15FD
[248] [M]: 0x800002DA (0x15FD) c.addi a1, 63
x11 <- 0xDFFFFFFF


mem[X,0x800002DC] -> 0x852E
[249] [M]: 0x800002DC (0x852E) c.mv a0, a1
x10 <- 0xDFFFFFFF


mem[X,0x800002DE] -> 0xDEAA
[250] [M]: 0x800002DE (0xDEAA) c.swsp a0, 31
mem[0x800031F0] <- 0xDFFFFFFF


mem[X,0x800002E0] -> 0x05B7
mem[X,0x800002E2] -> 0xC000
[251] [M]: 0x800002E0 (0xC00005B7) lui a1, 786432
x11 <- 0xC0000000


mem[X,0x800002E4] -> 0x15FD
[252] [M]: 0x800002E4 (0x15FD) c.addi a1, 63
x11 <- 0xBFFFFFFF


mem[X,0x800002E6] -> 0x852E
[253] [M]: 0x800002E6 (0x852E) c.mv a0, a1
x10 <- 0xBFFFFFFF


mem[X,0x800002E8] -> 0xC12A
[254] [M]: 0x800002E8 (0xC12A) c.swsp a0, 32
mem[0x800031F4] <- 0xBFFFFFFF


mem[X,0x800002EA] -> 0x55B7
mem[X,0x800002EC] -> 0x5555
[255] [M]: 0x800002EA (0x555555B7) lui a1, 349525
x11 <- 0x55555000


mem[X,0x800002EE] -> 0x8593
mem[X,0x800002F0] -> 0x5555
[256] [M]: 0x800002EE (0x55558593) addi a1, a1, 1365
x11 <- 0x55555555


mem[X,0x800002F2] -> 0x852E
[257] [M]: 0x800002F2 (0x852E) c.mv a0, a1
x10 <- 0x55555555


mem[X,0x800002F4] -> 0xC32A
[258] [M]: 0x800002F4 (0xC32A) c.swsp a0, 33
mem[0x800031F8] <- 0x55555555


mem[X,0x800002F6] -> 0xB5B7
mem[X,0x800002F8] -> 0xAAAA
[259] [M]: 0x800002F6 (0xAAAAB5B7) lui a1, 699051
x11 <- 0xAAAAB000


mem[X,0x800002FA] -> 0x8593
mem[X,0x800002FC] -> 0xAAA5
[260] [M]: 0x800002FA (0xAAA58593) addi a1, a1, 2730
x11 <- 0xAAAAAAAA


mem[X,0x800002FE] -> 0x852E
[261] [M]: 0x800002FE (0x852E) c.mv a0, a1
x10 <- 0xAAAAAAAA


mem[X,0x80000300] -> 0xC52A
[262] [M]: 0x80000300 (0xC52A) c.swsp a0, 34
mem[0x800031FC] <- 0xAAAAAAAA


mem[X,0x80000302] -> 0x458D
[263] [M]: 0x80000302 (0x458D) c.li a1, 3
x11 <- 0x00000003


mem[X,0x80000304] -> 0x852E
[264] [M]: 0x80000304 (0x852E) c.mv a0, a1
x10 <- 0x00000003


mem[X,0x80000306] -> 0xC72A
[265] [M]: 0x80000306 (0xC72A) c.swsp a0, 35
mem[0x80003200] <- 0x00000003


mem[X,0x80000308] -> 0x4595
[266] [M]: 0x80000308 (0x4595) c.li a1, 5
x11 <- 0x00000005


mem[X,0x8000030A] -> 0x852E
[267] [M]: 0x8000030A (0x852E) c.mv a0, a1
x10 <- 0x00000005


mem[X,0x8000030C] -> 0xC92A
[268] [M]: 0x8000030C (0xC92A) c.swsp a0, 36
mem[0x80003204] <- 0x00000005


mem[X,0x8000030E] -> 0x35B7
mem[X,0x80000310] -> 0x3333
[269] [M]: 0x8000030E (0x333335B7) lui a1, 209715
x11 <- 0x33333000


mem[X,0x80000312] -> 0x8593
mem[X,0x80000314] -> 0x3335
[270] [M]: 0x80000312 (0x33358593) addi a1, a1, 819
x11 <- 0x33333333


mem[X,0x80000316] -> 0x852E
[271] [M]: 0x80000316 (0x852E) c.mv a0, a1
x10 <- 0x33333333


mem[X,0x80000318] -> 0xCB2A
[272] [M]: 0x80000318 (0xCB2A) c.swsp a0, 37
mem[0x80003208] <- 0x33333333


mem[X,0x8000031A] -> 0x65B7
mem[X,0x8000031C] -> 0x6666
[273] [M]: 0x8000031A (0x666665B7) lui a1, 419430
x11 <- 0x66666000


mem[X,0x8000031E] -> 0x8593
mem[X,0x80000320] -> 0x6665
[274] [M]: 0x8000031E (0x66658593) addi a1, a1, 1638
x11 <- 0x66666666


mem[X,0x80000322] -> 0x852E
[275] [M]: 0x80000322 (0x852E) c.mv a0, a1
x10 <- 0x66666666


mem[X,0x80000324] -> 0xCD2A
[276] [M]: 0x80000324 (0xCD2A) c.swsp a0, 38
mem[0x8000320C] <- 0x66666666


mem[X,0x80000326] -> 0x75D5
[277] [M]: 0x80000326 (0x75D5) c.lui a1, 53
x11 <- 0xFFFF5000


mem[X,0x80000328] -> 0x8593
mem[X,0x8000032A] -> 0xAFC5
[278] [M]: 0x80000328 (0xAFC58593) addi a1, a1, 2812
x11 <- 0xFFFF4AFC


mem[X,0x8000032C] -> 0x852E
[279] [M]: 0x8000032C (0x852E) c.mv a0, a1
x10 <- 0xFFFF4AFC


mem[X,0x8000032E] -> 0xCF2A
[280] [M]: 0x8000032E (0xCF2A) c.swsp a0, 39
mem[0x80003210] <- 0xFFFF4AFC


mem[X,0x80000330] -> 0x65AD
[281] [M]: 0x80000330 (0x65AD) c.lui a1, 11
x11 <- 0x0000B000


mem[X,0x80000332] -> 0x8593
mem[X,0x80000334] -> 0x5045
[282] [M]: 0x80000332 (0x50458593) addi a1, a1, 1284
x11 <- 0x0000B504


mem[X,0x80000336] -> 0x852E
[283] [M]: 0x80000336 (0x852E) c.mv a0, a1
x10 <- 0x0000B504


mem[X,0x80000338] -> 0xD12A
[284] [M]: 0x80000338 (0xD12A) c.swsp a0, 40
mem[0x80003214] <- 0x0000B504


mem[X,0x8000033A] -> 0x55B7
mem[X,0x8000033C] -> 0x5555
[285] [M]: 0x8000033A (0x555555B7) lui a1, 349525
x11 <- 0x55555000


mem[X,0x8000033E] -> 0x8593
mem[X,0x80000340] -> 0x5545
[286] [M]: 0x8000033E (0x55458593) addi a1, a1, 1364
x11 <- 0x55555554


mem[X,0x80000342] -> 0x852E
[287] [M]: 0x80000342 (0x852E) c.mv a0, a1
x10 <- 0x55555554


mem[X,0x80000344] -> 0xD32A
[288] [M]: 0x80000344 (0xD32A) c.swsp a0, 41
mem[0x80003218] <- 0x55555554


mem[X,0x80000346] -> 0x35B7
mem[X,0x80000348] -> 0x3333
[289] [M]: 0x80000346 (0x333335B7) lui a1, 209715
x11 <- 0x33333000


mem[X,0x8000034A] -> 0x8593
mem[X,0x8000034C] -> 0x3325
[290] [M]: 0x8000034A (0x33258593) addi a1, a1, 818
x11 <- 0x33333332


mem[X,0x8000034E] -> 0x852E
[291] [M]: 0x8000034E (0x852E) c.mv a0, a1
x10 <- 0x33333332


mem[X,0x80000350] -> 0xD52A
[292] [M]: 0x80000350 (0xD52A) c.swsp a0, 42
mem[0x8000321C] <- 0x33333332


mem[X,0x80000352] -> 0x65B7
mem[X,0x80000354] -> 0x6666
[293] [M]: 0x80000352 (0x666665B7) lui a1, 419430
x11 <- 0x66666000


mem[X,0x80000356] -> 0x8593
mem[X,0x80000358] -> 0x6655
[294] [M]: 0x80000356 (0x66558593) addi a1, a1, 1637
x11 <- 0x66666665


mem[X,0x8000035A] -> 0x852E
[295] [M]: 0x8000035A (0x852E) c.mv a0, a1
x10 <- 0x66666665


mem[X,0x8000035C] -> 0xD72A
[296] [M]: 0x8000035C (0xD72A) c.swsp a0, 43
mem[0x80003220] <- 0x66666665


mem[X,0x8000035E] -> 0x65AD
[297] [M]: 0x8000035E (0x65AD) c.lui a1, 11
x11 <- 0x0000B000


mem[X,0x80000360] -> 0x8593
mem[X,0x80000362] -> 0x5035
[298] [M]: 0x80000360 (0x50358593) addi a1, a1, 1283
x11 <- 0x0000B503


mem[X,0x80000364] -> 0x852E
[299] [M]: 0x80000364 (0x852E) c.mv a0, a1
x10 <- 0x0000B503


clint::tick mtime <- 0x0000000000000003
 clint timer pending at mtime 0x0000000000000003
htif::tick 0x0000000000000000
mem[X,0x80000366] -> 0xD92A
[300] [M]: 0x80000366 (0xD92A) c.swsp a0, 44
mem[0x80003224] <- 0x0000B503


mem[X,0x80000368] -> 0x05B7
mem[X,0x8000036A] -> 0xFFE0
[301] [M]: 0x80000368 (0xFFE005B7) lui a1, 1048064
x11 <- 0xFFE00000


mem[X,0x8000036C] -> 0x15FD
[302] [M]: 0x8000036C (0x15FD) c.addi a1, 63
x11 <- 0xFFDFFFFF


mem[X,0x8000036E] -> 0x852E
[303] [M]: 0x8000036E (0x852E) c.mv a0, a1
x10 <- 0xFFDFFFFF


mem[X,0x80000370] -> 0xDB2A
[304] [M]: 0x80000370 (0xDB2A) c.swsp a0, 45
mem[0x80003228] <- 0xFFDFFFFF


mem[X,0x80000372] -> 0x65AD
[305] [M]: 0x80000372 (0x65AD) c.lui a1, 11
x11 <- 0x0000B000


mem[X,0x80000374] -> 0x8593
mem[X,0x80000376] -> 0x5055
[306] [M]: 0x80000374 (0x50558593) addi a1, a1, 1285
x11 <- 0x0000B505


mem[X,0x80000378] -> 0x852E
[307] [M]: 0x80000378 (0x852E) c.mv a0, a1
x10 <- 0x0000B505


mem[X,0x8000037A] -> 0xDD2A
[308] [M]: 0x8000037A (0xDD2A) c.swsp a0, 46
mem[0x8000322C] <- 0x0000B505


mem[X,0x8000037C] -> 0x75D5
[309] [M]: 0x8000037C (0x75D5) c.lui a1, 53
x11 <- 0xFFFF5000


mem[X,0x8000037E] -> 0x8593
mem[X,0x80000380] -> 0xAFD5
[310] [M]: 0x8000037E (0xAFD58593) addi a1, a1, 2813
x11 <- 0xFFFF4AFD


mem[X,0x80000382] -> 0x852E
[311] [M]: 0x80000382 (0x852E) c.mv a0, a1
x10 <- 0xFFFF4AFD


mem[X,0x80000384] -> 0xDF2A
[312] [M]: 0x80000384 (0xDF2A) c.swsp a0, 47
mem[0x80003230] <- 0xFFFF4AFD


mem[X,0x80000386] -> 0x55B7
mem[X,0x80000388] -> 0x5555
[313] [M]: 0x80000386 (0x555555B7) lui a1, 349525
x11 <- 0x55555000


mem[X,0x8000038A] -> 0x8593
mem[X,0x8000038C] -> 0x5565
[314] [M]: 0x8000038A (0x55658593) addi a1, a1, 1366
x11 <- 0x55555556


mem[X,0x8000038E] -> 0x852E
[315] [M]: 0x8000038E (0x852E) c.mv a0, a1
x10 <- 0x55555556


mem[X,0x80000390] -> 0xC1AA
[316] [M]: 0x80000390 (0xC1AA) c.swsp a0, 48
mem[0x80003234] <- 0x55555556


mem[X,0x80000392] -> 0xB5B7
mem[X,0x80000394] -> 0xAAAA
[317] [M]: 0x80000392 (0xAAAAB5B7) lui a1, 699051
x11 <- 0xAAAAB000


mem[X,0x80000396] -> 0x8593
mem[X,0x80000398] -> 0xAAB5
[318] [M]: 0x80000396 (0xAAB58593) addi a1, a1, 2731
x11 <- 0xAAAAAAAB


mem[X,0x8000039A] -> 0x852E
[319] [M]: 0x8000039A (0x852E) c.mv a0, a1
x10 <- 0xAAAAAAAB


mem[X,0x8000039C] -> 0xC3AA
[320] [M]: 0x8000039C (0xC3AA) c.swsp a0, 49
mem[0x80003238] <- 0xAAAAAAAB


mem[X,0x8000039E] -> 0x4599
[321] [M]: 0x8000039E (0x4599) c.li a1, 6
x11 <- 0x00000006


mem[X,0x800003A0] -> 0x852E
[322] [M]: 0x800003A0 (0x852E) c.mv a0, a1
x10 <- 0x00000006


mem[X,0x800003A2] -> 0xC5AA
[323] [M]: 0x800003A2 (0xC5AA) c.swsp a0, 50
mem[0x8000323C] <- 0x00000006


mem[X,0x800003A4] -> 0x35B7
mem[X,0x800003A6] -> 0x3333
[324] [M]: 0x800003A4 (0x333335B7) lui a1, 209715
x11 <- 0x33333000


mem[X,0x800003A8] -> 0x8593
mem[X,0x800003AA] -> 0x3345
[325] [M]: 0x800003A8 (0x33458593) addi a1, a1, 820
x11 <- 0x33333334


mem[X,0x800003AC] -> 0x852E
[326] [M]: 0x800003AC (0x852E) c.mv a0, a1
x10 <- 0x33333334


mem[X,0x800003AE] -> 0xC7AA
[327] [M]: 0x800003AE (0xC7AA) c.swsp a0, 51
mem[0x80003240] <- 0x33333334


mem[X,0x800003B0] -> 0x65B7
mem[X,0x800003B2] -> 0x6666
[328] [M]: 0x800003B0 (0x666665B7) lui a1, 419430
x11 <- 0x66666000


mem[X,0x800003B4] -> 0x8593
mem[X,0x800003B6] -> 0x6675
[329] [M]: 0x800003B4 (0x66758593) addi a1, a1, 1639
x11 <- 0x66666667


mem[X,0x800003B8] -> 0x852E
[330] [M]: 0x800003B8 (0x852E) c.mv a0, a1
x10 <- 0x66666667


mem[X,0x800003BA] -> 0xC9AA
[331] [M]: 0x800003BA (0xC9AA) c.swsp a0, 52
mem[0x80003244] <- 0x66666667


mem[X,0x800003BC] -> 0x05B7
mem[X,0x800003BE] -> 0xFFC0
[332] [M]: 0x800003BC (0xFFC005B7) lui a1, 1047552
x11 <- 0xFFC00000


mem[X,0x800003C0] -> 0x15FD
[333] [M]: 0x800003C0 (0x15FD) c.addi a1, 63
x11 <- 0xFFBFFFFF


mem[X,0x800003C2] -> 0x852E
[334] [M]: 0x800003C2 (0x852E) c.mv a0, a1
x10 <- 0xFFBFFFFF


mem[X,0x800003C4] -> 0xCBAA
[335] [M]: 0x800003C4 (0xCBAA) c.swsp a0, 53
mem[0x80003248] <- 0xFFBFFFFF


mem[X,0x800003C6] -> 0x05B7
mem[X,0x800003C8] -> 0xFF80
[336] [M]: 0x800003C6 (0xFF8005B7) lui a1, 1046528
x11 <- 0xFF800000


mem[X,0x800003CA] -> 0x15FD
[337] [M]: 0x800003CA (0x15FD) c.addi a1, 63
x11 <- 0xFF7FFFFF


mem[X,0x800003CC] -> 0x852E
[338] [M]: 0x800003CC (0x852E) c.mv a0, a1
x10 <- 0xFF7FFFFF


mem[X,0x800003CE] -> 0xCDAA
[339] [M]: 0x800003CE (0xCDAA) c.swsp a0, 54
mem[0x8000324C] <- 0xFF7FFFFF


mem[X,0x800003D0] -> 0x05B7
mem[X,0x800003D2] -> 0xFF00
[340] [M]: 0x800003D0 (0xFF0005B7) lui a1, 1044480
x11 <- 0xFF000000


mem[X,0x800003D4] -> 0x15FD
[341] [M]: 0x800003D4 (0x15FD) c.addi a1, 63
x11 <- 0xFEFFFFFF


mem[X,0x800003D6] -> 0x852E
[342] [M]: 0x800003D6 (0x852E) c.mv a0, a1
x10 <- 0xFEFFFFFF


mem[X,0x800003D8] -> 0xCFAA
[343] [M]: 0x800003D8 (0xCFAA) c.swsp a0, 55
mem[0x80003250] <- 0xFEFFFFFF


mem[X,0x800003DA] -> 0x05B7
mem[X,0x800003DC] -> 0xFE00
[344] [M]: 0x800003DA (0xFE0005B7) lui a1, 1040384
x11 <- 0xFE000000


mem[X,0x800003DE] -> 0x15FD
[345] [M]: 0x800003DE (0x15FD) c.addi a1, 63
x11 <- 0xFDFFFFFF


mem[X,0x800003E0] -> 0x852E
[346] [M]: 0x800003E0 (0x852E) c.mv a0, a1
x10 <- 0xFDFFFFFF


mem[X,0x800003E2] -> 0xD1AA
[347] [M]: 0x800003E2 (0xD1AA) c.swsp a0, 56
mem[0x80003254] <- 0xFDFFFFFF


mem[X,0x800003E4] -> 0x05B7
mem[X,0x800003E6] -> 0xFC00
[348] [M]: 0x800003E4 (0xFC0005B7) lui a1, 1032192
x11 <- 0xFC000000


mem[X,0x800003E8] -> 0x15FD
[349] [M]: 0x800003E8 (0x15FD) c.addi a1, 63
x11 <- 0xFBFFFFFF


mem[X,0x800003EA] -> 0x852E
[350] [M]: 0x800003EA (0x852E) c.mv a0, a1
x10 <- 0xFBFFFFFF


mem[X,0x800003EC] -> 0xD3AA
[351] [M]: 0x800003EC (0xD3AA) c.swsp a0, 57
mem[0x80003258] <- 0xFBFFFFFF


mem[X,0x800003EE] -> 0x05B7
mem[X,0x800003F0] -> 0xF800
[352] [M]: 0x800003EE (0xF80005B7) lui a1, 1015808
x11 <- 0xF8000000


mem[X,0x800003F2] -> 0x15FD
[353] [M]: 0x800003F2 (0x15FD) c.addi a1, 63
x11 <- 0xF7FFFFFF


mem[X,0x800003F4] -> 0x852E
[354] [M]: 0x800003F4 (0x852E) c.mv a0, a1
x10 <- 0xF7FFFFFF


mem[X,0x800003F6] -> 0xD5AA
[355] [M]: 0x800003F6 (0xD5AA) c.swsp a0, 58
mem[0x8000325C] <- 0xF7FFFFFF


mem[X,0x800003F8] -> 0x05B7
mem[X,0x800003FA] -> 0xF000
[356] [M]: 0x800003F8 (0xF00005B7) lui a1, 983040
x11 <- 0xF0000000


mem[X,0x800003FC] -> 0x15FD
[357] [M]: 0x800003FC (0x15FD) c.addi a1, 63
x11 <- 0xEFFFFFFF


mem[X,0x800003FE] -> 0x852E
[358] [M]: 0x800003FE (0x852E) c.mv a0, a1
x10 <- 0xEFFFFFFF


mem[X,0x80000400] -> 0xD7AA
[359] [M]: 0x80000400 (0xD7AA) c.swsp a0, 59
mem[0x80003260] <- 0xEFFFFFFF


mem[X,0x80000402] -> 0x05B7
mem[X,0x80000404] -> 0x0040
[360] [M]: 0x80000402 (0x004005B7) lui a1, 1024
x11 <- 0x00400000


mem[X,0x80000406] -> 0x852E
[361] [M]: 0x80000406 (0x852E) c.mv a0, a1
x10 <- 0x00400000


mem[X,0x80000408] -> 0xD9AA
[362] [M]: 0x80000408 (0xD9AA) c.swsp a0, 60
mem[0x80003264] <- 0x00400000


mem[X,0x8000040A] -> 0x006F
mem[X,0x8000040C] -> 0x0200
[363] [M]: 0x8000040A (0x0200006F) jal zero, 32


mem[X,0x8000042A] -> 0x4085
[364] [M]: 0x8000042A (0x4085) c.li ra, 1
x1 <- 0x00000001


mem[X,0x8000042C] -> 0x1F17
mem[X,0x8000042E] -> 0x0000
[365] [M]: 0x8000042C (0x00001F17) auipc t5, 1
x30 <- 0x8000142C


mem[X,0x80000430] -> 0x2A23
mem[X,0x80000432] -> 0xBC1F
[366] [M]: 0x80000430 (0xBC1F2A23) sw ra, 3028(t5)
htif[0x80001000] <- 0x00000001


mem[X,0x80000434] -> 0xBFE5
[367] [M]: 0x80000434 (0xBFE5) c.j 2044


mem[X,0x8000042C] -> 0x1F17
mem[X,0x8000042E] -> 0x0000
[368] [M]: 0x8000042C (0x00001F17) auipc t5, 1
x30 <- 0x8000142C


mem[X,0x80000430] -> 0x2A23
mem[X,0x80000432] -> 0xBC1F
[369] [M]: 0x80000430 (0xBC1F2A23) sw ra, 3028(t5)
htif[0x80001000] <- 0x00000001


mem[X,0x80000434] -> 0xBFE5
[370] [M]: 0x80000434 (0xBFE5) c.j 2044


mem[X,0x8000042C] -> 0x1F17
mem[X,0x8000042E] -> 0x0000
[371] [M]: 0x8000042C (0x00001F17) auipc t5, 1
x30 <- 0x8000142C


mem[X,0x80000430] -> 0x2A23
mem[X,0x80000432] -> 0xBC1F
[372] [M]: 0x80000430 (0xBC1F2A23) sw ra, 3028(t5)
htif[0x80001000] <- 0x00000001
htif-syscall-proxy cmd: 0x000000000001

SUCCESS
