using /home/force/Desktop/work/compliance_testing/our_riscv/work/riscof_work/C/src/cebreak-01.S/ref/Reference-sail_c_simulator.signature for test-signature output.
[Sail] Allocating new block 0x80000000
tohost located at 0x80001000
[Sail] Allocating new block 0x0

Running file ref.elf.
ELF Entry @ 0x80000000
begin_signature: 0x80003110
end_signature: 0x80003130
CSR mstatus <- 0x00000000 (input: 0x00000000)
mem[X,0x00001000] -> 0x0297
mem[X,0x00001002] -> 0x0000
[0] [M]: 0x00001000 (0x00000297) auipc t0, 0
x5 <- 0x00001000


mem[X,0x00001004] -> 0x8593
mem[X,0x00001006] -> 0x0202
[1] [M]: 0x00001004 (0x02028593) addi a1, t0, 32
x11 <- 0x00001020


mem[X,0x00001008] -> 0x2573
mem[X,0x0000100A] -> 0xF140
[2] [M]: 0x00001008 (0xF1402573) csrrs a0, mhartid, zero
CSR mhartid -> 0x00000000
x10 <- 0x00000000


mem[X,0x0000100C] -> 0xA283
mem[X,0x0000100E] -> 0x0182
[3] [M]: 0x0000100C (0x0182A283) lw t0, 24(t0)
mem[R,0x00001018] -> 0x80000000
x5 <- 0x80000000


mem[X,0x00001010] -> 0x8067
mem[X,0x00001012] -> 0x0002
[4] [M]: 0x00001010 (0x00028067) jalr zero, t0, 0


mem[X,0x80000000] -> 0x2317
mem[X,0x80000002] -> 0x0000
[5] [M]: 0x80000000 (0x00002317) auipc t1, 2
x6 <- 0x80002000


mem[X,0x80000004] -> 0x0313
mem[X,0x80000006] -> 0x0003
[6] [M]: 0x80000004 (0x00030313) addi t1, t1, 0
x6 <- 0x80002000


mem[X,0x80000008] -> 0x0013
mem[X,0x8000000A] -> 0x0000
[7] [M]: 0x80000008 (0x00000013) addi zero, zero, 0


mem[X,0x8000000C] -> 0x0013
mem[X,0x8000000E] -> 0x0000
[8] [M]: 0x8000000C (0x00000013) addi zero, zero, 0


mem[X,0x80000010] -> 0x0013
mem[X,0x80000012] -> 0x0000
[9] [M]: 0x80000010 (0x00000013) addi zero, zero, 0


mem[X,0x80000014] -> 0x0013
mem[X,0x80000016] -> 0x0000
[10] [M]: 0x80000014 (0x00000013) addi zero, zero, 0


mem[X,0x80000018] -> 0x0013
mem[X,0x8000001A] -> 0x0000
[11] [M]: 0x80000018 (0x00000013) addi zero, zero, 0


mem[X,0x8000001C] -> 0x0013
mem[X,0x8000001E] -> 0x0000
[12] [M]: 0x8000001C (0x00000013) addi zero, zero, 0


mem[X,0x80000020] -> 0x1E73
mem[X,0x80000022] -> 0x3403
[13] [M]: 0x80000020 (0x34031E73) csrrw t3, mscratch, t1
CSR mscratch -> 0x00000000
CSR mscratch <- 0x80002000 (input: 0x80002000)
x28 <- 0x00000000


mem[X,0x80000024] -> 0x2423
mem[X,0x80000026] -> 0x1DC3
[14] [M]: 0x80000024 (0x1DC32423) sw t3, 456(t1)
mem[0x800021C8] <- 0x00000000


mem[X,0x80000028] -> 0x0393
mem[X,0x8000002A] -> 0x0000
[15] [M]: 0x80000028 (0x00000393) addi t2, zero, 0
x7 <- 0x00000000


mem[X,0x8000002C] -> 0x2823
mem[X,0x8000002E] -> 0x1A73
[16] [M]: 0x8000002C (0x1A732823) sw t2, 432(t1)
mem[0x800021B0] <- 0x00000000


mem[X,0x80000030] -> 0x0013
mem[X,0x80000032] -> 0x0000
[17] [M]: 0x80000030 (0x00000013) addi zero, zero, 0


mem[X,0x80000034] -> 0x0013
mem[X,0x80000036] -> 0x0000
[18] [M]: 0x80000034 (0x00000013) addi zero, zero, 0


mem[X,0x80000038] -> 0x0013
mem[X,0x8000003A] -> 0x0000
[19] [M]: 0x80000038 (0x00000013) addi zero, zero, 0


mem[X,0x8000003C] -> 0x0013
mem[X,0x8000003E] -> 0x0000
[20] [M]: 0x8000003C (0x00000013) addi zero, zero, 0


mem[X,0x80000040] -> 0x0E97
mem[X,0x80000042] -> 0x0000
[21] [M]: 0x80000040 (0x00000E97) auipc t4, 0
x29 <- 0x80000040


mem[X,0x80000044] -> 0x8E93
mem[X,0x80000046] -> 0x240E
[22] [M]: 0x80000044 (0x240E8E93) addi t4, t4, 576
x29 <- 0x80000280


mem[X,0x80000048] -> 0x0013
mem[X,0x8000004A] -> 0x0000
[23] [M]: 0x80000048 (0x00000013) addi zero, zero, 0


mem[X,0x8000004C] -> 0x0013
mem[X,0x8000004E] -> 0x0000
[24] [M]: 0x8000004C (0x00000013) addi zero, zero, 0


mem[X,0x80000050] -> 0x0013
mem[X,0x80000052] -> 0x0000
[25] [M]: 0x80000050 (0x00000013) addi zero, zero, 0


mem[X,0x80000054] -> 0x0013
mem[X,0x80000056] -> 0x0000
[26] [M]: 0x80000054 (0x00000013) addi zero, zero, 0


mem[X,0x80000058] -> 0x0013
mem[X,0x8000005A] -> 0x0000
[27] [M]: 0x80000058 (0x00000013) addi zero, zero, 0


mem[X,0x8000005C] -> 0x0013
mem[X,0x8000005E] -> 0x0000
[28] [M]: 0x8000005C (0x00000013) addi zero, zero, 0


mem[X,0x80000060] -> 0x2E73
mem[X,0x80000062] -> 0x3050
[29] [M]: 0x80000060 (0x30502E73) csrrs t3, mtvec, zero
CSR mtvec -> 0x00000000
x28 <- 0x00000000


mem[X,0x80000064] -> 0x2023
mem[X,0x80000066] -> 0x1DC3
[30] [M]: 0x80000064 (0x1DC32023) sw t3, 448(t1)
mem[0x800021C0] <- 0x00000000


mem[X,0x80000068] -> 0x7393
mem[X,0x8000006A] -> 0x003E
[31] [M]: 0x80000068 (0x003E7393) andi t2, t3, 3
x7 <- 0x00000000


mem[X,0x8000006C] -> 0xE3B3
mem[X,0x8000006E] -> 0x007E
[32] [M]: 0x8000006C (0x007EE3B3) or t2, t4, t2
x7 <- 0x80000280


mem[X,0x80000070] -> 0x2C23
mem[X,0x80000072] -> 0x1A73
[33] [M]: 0x80000070 (0x1A732C23) sw t2, 440(t1)
mem[0x800021B8] <- 0x80000280


mem[X,0x80000074] -> 0x9073
mem[X,0x80000076] -> 0x3053
[34] [M]: 0x80000074 (0x30539073) csrrw zero, mtvec, t2
CSR mtvec -> 0x00000000
CSR mtvec <- 0x80000280 (input: 0x80000280)


mem[X,0x80000078] -> 0x2F73
mem[X,0x8000007A] -> 0x3050
[35] [M]: 0x80000078 (0x30502F73) csrrs t5, mtvec, zero
CSR mtvec -> 0x80000280
x30 <- 0x80000280


mem[X,0x8000007C] -> 0x0463
mem[X,0x8000007E] -> 0x087F
[36] [M]: 0x8000007C (0x087F0463) beq t5, t2, 136


mem[X,0x80000104] -> 0xC0B7
mem[X,0x80000106] -> 0xFEED
[37] [M]: 0x80000104 (0xFEEDC0B7) lui ra, 1044188
x1 <- 0xFEEDC000


mem[X,0x80000108] -> 0x8093
mem[X,0x8000010A] -> 0xEAD0
[38] [M]: 0x80000108 (0xEAD08093) addi ra, ra, 3757
x1 <- 0xFEEDBEAD


mem[X,0x8000010C] -> 0xE137
mem[X,0x8000010E] -> 0xFF76
[39] [M]: 0x8000010C (0xFF76E137) lui sp, 1046382
x2 <- 0xFF76E000


mem[X,0x80000110] -> 0x0113
mem[X,0x80000112] -> 0xF561
[40] [M]: 0x80000110 (0xF5610113) addi sp, sp, 3926
x2 <- 0xFF76DF56


mem[X,0x80000114] -> 0x71B7
mem[X,0x80000116] -> 0x7FBB
[41] [M]: 0x80000114 (0x7FBB71B7) lui gp, 523191
x3 <- 0x7FBB7000


mem[X,0x80000118] -> 0x8193
mem[X,0x8000011A] -> 0xFAB1
[42] [M]: 0x80000118 (0xFAB18193) addi gp, gp, 4011
x3 <- 0x7FBB6FAB


mem[X,0x8000011C] -> 0xB237
mem[X,0x8000011E] -> 0xBFDD
[43] [M]: 0x8000011C (0xBFDDB237) lui tp, 785883
x4 <- 0xBFDDB000


mem[X,0x80000120] -> 0x0213
mem[X,0x80000122] -> 0x7D52
[44] [M]: 0x80000120 (0x7D520213) addi tp, tp, 2005
x4 <- 0xBFDDB7D5


mem[X,0x80000124] -> 0x0013
mem[X,0x80000126] -> 0x0000
[45] [M]: 0x80000124 (0x00000013) addi zero, zero, 0


mem[X,0x80000128] -> 0x0013
mem[X,0x8000012A] -> 0x0000
[46] [M]: 0x80000128 (0x00000013) addi zero, zero, 0


mem[X,0x8000012C] -> 0x0013
mem[X,0x8000012E] -> 0x0000
[47] [M]: 0x8000012C (0x00000013) addi zero, zero, 0


mem[X,0x80000130] -> 0x0013
mem[X,0x80000132] -> 0x0000
[48] [M]: 0x80000130 (0x00000013) addi zero, zero, 0


mem[X,0x80000134] -> 0x0013
mem[X,0x80000136] -> 0x0000
[49] [M]: 0x80000134 (0x00000013) addi zero, zero, 0


mem[X,0x80000138] -> 0x0013
mem[X,0x8000013A] -> 0x0000
[50] [M]: 0x80000138 (0x00000013) addi zero, zero, 0


mem[X,0x8000013C] -> 0x0013
mem[X,0x8000013E] -> 0x0000
[51] [M]: 0x8000013C (0x00000013) addi zero, zero, 0


mem[X,0x80000140] -> 0x0297
mem[X,0x80000142] -> 0x0000
[52] [M]: 0x80000140 (0x00000297) auipc t0, 0
x5 <- 0x80000140


mem[X,0x80000144] -> 0x8293
mem[X,0x80000146] -> 0x0882
[53] [M]: 0x80000144 (0x08828293) addi t0, t0, 136
x5 <- 0x800001C8


mem[X,0x80000148] -> 0x0013
mem[X,0x8000014A] -> 0x0000
[54] [M]: 0x80000148 (0x00000013) addi zero, zero, 0


mem[X,0x8000014C] -> 0x0013
mem[X,0x8000014E] -> 0x0000
[55] [M]: 0x8000014C (0x00000013) addi zero, zero, 0


mem[X,0x80000150] -> 0x0013
mem[X,0x80000152] -> 0x0000
[56] [M]: 0x80000150 (0x00000013) addi zero, zero, 0


mem[X,0x80000154] -> 0x0013
mem[X,0x80000156] -> 0x0000
[57] [M]: 0x80000154 (0x00000013) addi zero, zero, 0


mem[X,0x80000158] -> 0x0013
mem[X,0x8000015A] -> 0x0000
[58] [M]: 0x80000158 (0x00000013) addi zero, zero, 0


mem[X,0x8000015C] -> 0x0013
mem[X,0x8000015E] -> 0x0000
[59] [M]: 0x8000015C (0x00000013) addi zero, zero, 0


mem[X,0x80000160] -> 0x2317
mem[X,0x80000162] -> 0x0000
[60] [M]: 0x80000160 (0x00002317) auipc t1, 2
x6 <- 0x80002160


mem[X,0x80000164] -> 0x0313
mem[X,0x80000166] -> 0x0903
[61] [M]: 0x80000164 (0x09030313) addi t1, t1, 144
x6 <- 0x800021F0


mem[X,0x80000168] -> 0x0013
mem[X,0x8000016A] -> 0x0000
[62] [M]: 0x80000168 (0x00000013) addi zero, zero, 0


mem[X,0x8000016C] -> 0x0013
mem[X,0x8000016E] -> 0x0000
[63] [M]: 0x8000016C (0x00000013) addi zero, zero, 0


mem[X,0x80000170] -> 0x0013
mem[X,0x80000172] -> 0x0000
[64] [M]: 0x80000170 (0x00000013) addi zero, zero, 0


mem[X,0x80000174] -> 0x0013
mem[X,0x80000176] -> 0x0000
[65] [M]: 0x80000174 (0x00000013) addi zero, zero, 0


mem[X,0x80000178] -> 0x0013
mem[X,0x8000017A] -> 0x0000
[66] [M]: 0x80000178 (0x00000013) addi zero, zero, 0


mem[X,0x8000017C] -> 0x0013
mem[X,0x8000017E] -> 0x0000
[67] [M]: 0x8000017C (0x00000013) addi zero, zero, 0


mem[X,0x80000180] -> 0xB3B7
mem[X,0x80000182] -> 0xB7FB
[68] [M]: 0x80000180 (0xB7FBB3B7) lui t2, 753595
x7 <- 0xB7FBB000


mem[X,0x80000184] -> 0x8393
mem[X,0x80000186] -> 0x6FA3
[69] [M]: 0x80000184 (0x6FA38393) addi t2, t2, 1786
x7 <- 0xB7FBB6FA


mem[X,0x80000188] -> 0xE437
mem[X,0x8000018A] -> 0x5BFD
[70] [M]: 0x80000188 (0x5BFDE437) lui fp, 376798
x8 <- 0x5BFDE000


mem[X,0x8000018C] -> 0x0413
mem[X,0x8000018E] -> 0xB7D4
[71] [M]: 0x8000018C (0xB7D40413) addi fp, fp, 2941
x8 <- 0x5BFDDB7D


mem[X,0x80000190] -> 0xF4B7
mem[X,0x80000192] -> 0xADFE
[72] [M]: 0x80000190 (0xADFEF4B7) lui s1, 712687
x9 <- 0xADFEF000


mem[X,0x80000194] -> 0x8493
mem[X,0x80000196] -> 0xDBE4
[73] [M]: 0x80000194 (0xDBE48493) addi s1, s1, 3518
x9 <- 0xADFEEDBE


mem[X,0x80000198] -> 0x7537
mem[X,0x8000019A] -> 0x56FF
[74] [M]: 0x80000198 (0x56FF7537) lui a0, 356343
x10 <- 0x56FF7000


mem[X,0x8000019C] -> 0x0513
mem[X,0x8000019E] -> 0x6DF5
[75] [M]: 0x8000019C (0x6DF50513) addi a0, a0, 1759
x10 <- 0x56FF76DF


mem[X,0x800001A0] -> 0xC5B7
mem[X,0x800001A2] -> 0xAB7F
[76] [M]: 0x800001A0 (0xAB7FC5B7) lui a1, 702460
x11 <- 0xAB7FC000


mem[X,0x800001A4] -> 0x8593
mem[X,0x800001A6] -> 0xB6F5
[77] [M]: 0x800001A4 (0xB6F58593) addi a1, a1, 2927
x11 <- 0xAB7FBB6F


mem[X,0x800001A8] -> 0xE637
mem[X,0x800001AA] -> 0xD5BF
[78] [M]: 0x800001A8 (0xD5BFE637) lui a2, 875518
x12 <- 0xD5BFE000


mem[X,0x800001AC] -> 0x0613
mem[X,0x800001AE] -> 0xDB76
[79] [M]: 0x800001AC (0xDB760613) addi a2, a2, 3511
x12 <- 0xD5BFDDB7


mem[X,0x800001B0] -> 0xF6B7
mem[X,0x800001B2] -> 0xEADF
[80] [M]: 0x800001B0 (0xEADFF6B7) lui a3, 962047
x13 <- 0xEADFF000


mem[X,0x800001B4] -> 0x8693
mem[X,0x800001B6] -> 0xEDB6
[81] [M]: 0x800001B4 (0xEDB68693) addi a3, a3, 3803
x13 <- 0xEADFEEDB


mem[X,0x800001B8] -> 0xF737
mem[X,0x800001BA] -> 0xF56F
[82] [M]: 0x800001B8 (0xF56FF737) lui a4, 1005311
x14 <- 0xF56FF000


mem[X,0x800001BC] -> 0x0713
mem[X,0x800001BE] -> 0x76D7
[83] [M]: 0x800001BC (0x76D70713) addi a4, a4, 1901
x14 <- 0xF56FF76D


mem[X,0x800001C0] -> 0x07B7
mem[X,0x800001C2] -> 0xFAB8
[84] [M]: 0x800001C0 (0xFAB807B7) lui a5, 1026944
x15 <- 0xFAB80000


mem[X,0x800001C4] -> 0x8793
mem[X,0x800001C6] -> 0xBB67
[85] [M]: 0x800001C4 (0xBB678793) addi a5, a5, 2998
x15 <- 0xFAB7FBB6


mem[X,0x800001C8] -> 0x0013
mem[X,0x800001CA] -> 0x0000
[86] [M]: 0x800001C8 (0x00000013) addi zero, zero, 0


mem[X,0x800001CC] -> 0x0013
mem[X,0x800001CE] -> 0x0000
[87] [M]: 0x800001CC (0x00000013) addi zero, zero, 0


mem[X,0x800001D0] -> 0x0013
mem[X,0x800001D2] -> 0x0000
[88] [M]: 0x800001D0 (0x00000013) addi zero, zero, 0


mem[X,0x800001D4] -> 0x0013
mem[X,0x800001D6] -> 0x0000
[89] [M]: 0x800001D4 (0x00000013) addi zero, zero, 0


mem[X,0x800001D8] -> 0x0013
mem[X,0x800001DA] -> 0x0000
[90] [M]: 0x800001D8 (0x00000013) addi zero, zero, 0


mem[X,0x800001DC] -> 0x0013
mem[X,0x800001DE] -> 0x0000
[91] [M]: 0x800001DC (0x00000013) addi zero, zero, 0


mem[X,0x800001E0] -> 0x3097
mem[X,0x800001E2] -> 0x0000
[92] [M]: 0x800001E0 (0x00003097) auipc ra, 3
x1 <- 0x800031E0


mem[X,0x800001E4] -> 0x8093
mem[X,0x800001E6] -> 0xF340
[93] [M]: 0x800001E4 (0xF3408093) addi ra, ra, 3892
x1 <- 0x80003114


mem[X,0x800001E8] -> 0x0013
mem[X,0x800001EA] -> 0x0000
[94] [M]: 0x800001E8 (0x00000013) addi zero, zero, 0


mem[X,0x800001EC] -> 0x0013
mem[X,0x800001EE] -> 0x0000
[95] [M]: 0x800001EC (0x00000013) addi zero, zero, 0


mem[X,0x800001F0] -> 0x0013
mem[X,0x800001F2] -> 0x0000
[96] [M]: 0x800001F0 (0x00000013) addi zero, zero, 0


mem[X,0x800001F4] -> 0x0013
mem[X,0x800001F6] -> 0x0000
[97] [M]: 0x800001F4 (0x00000013) addi zero, zero, 0


mem[X,0x800001F8] -> 0x0013
mem[X,0x800001FA] -> 0x0000
[98] [M]: 0x800001F8 (0x00000013) addi zero, zero, 0


mem[X,0x800001FC] -> 0x0013
mem[X,0x800001FE] -> 0x0000
[99] [M]: 0x800001FC (0x00000013) addi zero, zero, 0


clint::tick mtime <- 0x0000000000000001
 clint timer pending at mtime 0x0000000000000001
htif::tick 0x0000000000000000
mem[X,0x80000200] -> 0x1137
mem[X,0x80000202] -> 0x1111
[100] [M]: 0x80000200 (0x11111137) lui sp, 69905
x2 <- 0x11111000


mem[X,0x80000204] -> 0x0113
mem[X,0x80000206] -> 0x1111
[101] [M]: 0x80000204 (0x11110113) addi sp, sp, 273
x2 <- 0x11111111


mem[X,0x80000208] -> 0x9002
[102] [M]: 0x80000208 (0x9002) c.ebreak
trapping from M to M to handle breakpoint
handling exc#0x03 at priv M with tval 0x80000208
CSR mstatus <- 0x00001800


mem[X,0x80000280] -> 0x006F
mem[X,0x80000282] -> 0x0800
[103] [M]: 0x80000280 (0x0800006F) jal zero, 128


mem[X,0x80000300] -> 0x1173
mem[X,0x80000302] -> 0x3401
[104] [M]: 0x80000300 (0x34011173) csrrw sp, mscratch, sp
CSR mscratch -> 0x80002000
CSR mscratch <- 0x11111111 (input: 0x11111111)
x2 <- 0x80002000


mem[X,0x80000304] -> 0x2423
mem[X,0x80000306] -> 0x1FF1
[105] [M]: 0x80000304 (0x1FF12423) sw t6, 488(sp)
mem[0x800021E8] <- 0x00000000


mem[X,0x80000308] -> 0x0FEF
mem[X,0x8000030A] -> 0x0B80
[106] [M]: 0x80000308 (0x0B800FEF) jal t6, 184
x31 <- 0x8000030C


mem[X,0x800003C0] -> 0x2223
mem[X,0x800003C2] -> 0x1FE1
[107] [M]: 0x800003C0 (0x1FE12223) sw t5, 484(sp)
mem[0x800021E4] <- 0x80000280


mem[X,0x800003C4] -> 0x1F73
mem[X,0x800003C6] -> 0x3401
[108] [M]: 0x800003C4 (0x34011F73) csrrw t5, mscratch, sp
CSR mscratch -> 0x11111111
CSR mscratch <- 0x80002000 (input: 0x80002000)
x30 <- 0x11111111


mem[X,0x800003C8] -> 0x2623
mem[X,0x800003CA] -> 0x1FE1
[109] [M]: 0x800003C8 (0x1FE12623) sw t5, 492(sp)
mem[0x800021EC] <- 0x11111111


mem[X,0x800003CC] -> 0x0F17
mem[X,0x800003CE] -> 0x0000
[110] [M]: 0x800003CC (0x00000F17) auipc t5, 0
x30 <- 0x800003CC


mem[X,0x800003D0] -> 0x0F13
mem[X,0x800003D2] -> 0x00CF
[111] [M]: 0x800003D0 (0x00CF0F13) addi t5, t5, 12
x30 <- 0x800003D8


mem[X,0x800003D4] -> 0x0067
mem[X,0x800003D6] -> 0x000F
[112] [M]: 0x800003D4 (0x000F0067) jalr zero, t5, 0


mem[X,0x800003D8] -> 0x2023
mem[X,0x800003DA] -> 0x1FD1
[113] [M]: 0x800003D8 (0x1FD12023) sw t4, 480(sp)
mem[0x800021E0] <- 0x80000280


mem[X,0x800003DC] -> 0x2E23
mem[X,0x800003DE] -> 0x1DC1
[114] [M]: 0x800003DC (0x1DC12E23) sw t3, 476(sp)
mem[0x800021DC] <- 0x00000000


mem[X,0x800003E0] -> 0x2C23
mem[X,0x800003E2] -> 0x1C71
[115] [M]: 0x800003E0 (0x1C712C23) sw t2, 472(sp)
mem[0x800021D8] <- 0xB7FBB6FA


mem[X,0x800003E4] -> 0x2A23
mem[X,0x800003E6] -> 0x1C61
[116] [M]: 0x800003E4 (0x1C612A23) sw t1, 468(sp)
mem[0x800021D4] <- 0x800021F0


mem[X,0x800003E8] -> 0x2F73
mem[X,0x800003EA] -> 0x3420
[117] [M]: 0x800003E8 (0x34202F73) csrrs t5, mcause, zero
CSR mcause -> 0x00000003
x30 <- 0x00000003


mem[X,0x800003EC] -> 0x0E93
mem[X,0x800003EE] -> 0xFF8F
[118] [M]: 0x800003EC (0xFF8F0E93) addi t4, t5, 4088
x29 <- 0xFFFFFFFB


mem[X,0x800003F0] -> 0xFE93
mem[X,0x800003F2] -> 0xFFCE
[119] [M]: 0x800003F0 (0xFFCEFE93) andi t4, t4, 4092
x29 <- 0xFFFFFFF8


mem[X,0x800003F4] -> 0x9663
mem[X,0x800003F6] -> 0x000E
[120] [M]: 0x800003F4 (0x000E9663) bne t4, zero, 12


mem[X,0x80000400] -> 0x0393
mem[X,0x80000402] -> 0x0100
[121] [M]: 0x80000400 (0x01000393) addi t2, zero, 16
x7 <- 0x00000010


mem[X,0x80000404] -> 0x5063
mem[X,0x80000406] -> 0x040F
[122] [M]: 0x80000404 (0x040F5063) bge t5, zero, 64


mem[X,0x80000444] -> 0x2373
mem[X,0x80000446] -> 0x3010
[123] [M]: 0x80000444 (0x30102373) csrrs t1, misa, zero
CSR misa -> 0x4014112D
x6 <- 0x4014112D


mem[X,0x80000448] -> 0x1313
mem[X,0x8000044A] -> 0x0183
[124] [M]: 0x80000448 (0x01831313) slli t1, t1, 24
x6 <- 0x2D000000


mem[X,0x8000044C] -> 0x5463
mem[X,0x8000044E] -> 0x0003
[125] [M]: 0x8000044C (0x00035463) bge t1, zero, 8


mem[X,0x80000454] -> 0x2303
mem[X,0x80000456] -> 0x1981
[126] [M]: 0x80000454 (0x19812303) lw t1, 408(sp)
mem[R,0x80002198] -> 0x8000311C
x6 <- 0x8000311C


mem[X,0x80000458] -> 0x0EB3
mem[X,0x8000045A] -> 0x0073
[127] [M]: 0x80000458 (0x00730EB3) add t4, t1, t2
x29 <- 0x8000312C


mem[X,0x8000045C] -> 0x2C23
mem[X,0x8000045E] -> 0x19D1
[128] [M]: 0x8000045C (0x19D12C23) sw t4, 408(sp)
mem[0x80002198] <- 0x8000312C


mem[X,0x80000460] -> 0x2E03
mem[X,0x80000462] -> 0x1B81
[129] [M]: 0x80000460 (0x1B812E03) lw t3, 440(sp)
mem[R,0x800021B8] -> 0x80000280
x28 <- 0x80000280


mem[X,0x80000464] -> 0x8FB3
mem[X,0x80000466] -> 0x41CF
[130] [M]: 0x80000464 (0x41CF8FB3) sub t6, t6, t3
x31 <- 0x0000008C


mem[X,0x80000468] -> 0x9F93
mem[X,0x8000046A] -> 0x004F
[131] [M]: 0x80000468 (0x004F9F93) slli t6, t6, 4
x31 <- 0x000008C0


mem[X,0x8000046C] -> 0xEFB3
mem[X,0x8000046E] -> 0x007F
[132] [M]: 0x8000046C (0x007FEFB3) or t6, t6, t2
x31 <- 0x000008D0


mem[X,0x80000470] -> 0x8F93
mem[X,0x80000472] -> 0x003F
[133] [M]: 0x80000470 (0x003F8F93) addi t6, t6, 3
x31 <- 0x000008D3


mem[X,0x80000474] -> 0x2023
mem[X,0x80000476] -> 0x01F3
[134] [M]: 0x80000474 (0x01F32023) sw t6, 0(t1)
mem[0x8000311C] <- 0x000008D3


mem[X,0x80000478] -> 0x2223
mem[X,0x8000047A] -> 0x01E3
[135] [M]: 0x80000478 (0x01E32223) sw t5, 4(t1)
mem[0x80003120] <- 0x00000003


mem[X,0x8000047C] -> 0x4663
mem[X,0x8000047E] -> 0x120F
[136] [M]: 0x8000047C (0x120F4663) blt t5, zero, 300


mem[X,0x80000480] -> 0x0E93
mem[X,0x80000482] -> 0x0001
[137] [M]: 0x80000480 (0x00010E93) addi t4, sp, 0
x29 <- 0x80002000


mem[X,0x80000484] -> 0x2FF3
mem[X,0x80000486] -> 0x3000
[138] [M]: 0x80000484 (0x30002FF3) csrrs t6, mstatus, zero
CSR mstatus -> 0x00001800
x31 <- 0x00001800


mem[X,0x80000488] -> 0x9E13
mem[X,0x8000048A] -> 0x013F
[139] [M]: 0x80000488 (0x013F9E13) slli t3, t6, 19
x28 <- 0xC0000000


mem[X,0x8000048C] -> 0x4C63
mem[X,0x8000048E] -> 0x000E
[140] [M]: 0x8000048C (0x000E4C63) blt t3, zero, 24


mem[X,0x800004A4] -> 0x23F3
mem[X,0x800004A6] -> 0x3410
[141] [M]: 0x800004A4 (0x341023F3) csrrs t2, mepc, zero
CSR mepc -> 0x80000208
x7 <- 0x80000208


mem[X,0x800004A8] -> 0xAE03
mem[X,0x800004AA] -> 0x188E
[142] [M]: 0x800004A8 (0x188EAE03) lw t3, 392(t4)
mem[R,0x80002188] -> 0x800021F0
x28 <- 0x800021F0


mem[X,0x800004AC] -> 0xAF83
mem[X,0x800004AE] -> 0x190E
[143] [M]: 0x800004AC (0x190EAF83) lw t6, 400(t4)
mem[R,0x80002190] -> 0x00000E10
x31 <- 0x00000E10


mem[X,0x800004B0] -> 0x8FB3
mem[X,0x800004B2] -> 0x01CF
[144] [M]: 0x800004B0 (0x01CF8FB3) add t6, t6, t3
x31 <- 0x80003000


mem[X,0x800004B4] -> 0xF463
mem[X,0x800004B6] -> 0x01F3
[145] [M]: 0x800004B4 (0x01F3F463) bgeu t2, t6, 8


mem[X,0x800004B8] -> 0xF663
mem[X,0x800004BA] -> 0x03C3
[146] [M]: 0x800004B8 (0x03C3F663) bgeu t2, t3, 44


mem[X,0x800004BC] -> 0xAE03
mem[X,0x800004BE] -> 0x158E
[147] [M]: 0x800004BC (0x158EAE03) lw t3, 344(t4)
mem[R,0x80002158] -> 0x800001C8
x28 <- 0x800001C8


mem[X,0x800004C0] -> 0xAF83
mem[X,0x800004C2] -> 0x160E
[148] [M]: 0x800004C0 (0x160EAF83) lw t6, 352(t4)
mem[R,0x80002160] -> 0x00000050
x31 <- 0x00000050


mem[X,0x800004C4] -> 0x8FB3
mem[X,0x800004C6] -> 0x01CF
[149] [M]: 0x800004C4 (0x01CF8FB3) add t6, t6, t3
x31 <- 0x80000218


mem[X,0x800004C8] -> 0xF463
mem[X,0x800004CA] -> 0x01F3
[150] [M]: 0x800004C8 (0x01F3F463) bgeu t2, t6, 8


mem[X,0x800004CC] -> 0xFC63
mem[X,0x800004CE] -> 0x01C3
[151] [M]: 0x800004CC (0x01C3FC63) bgeu t2, t3, 24


mem[X,0x800004E4] -> 0x8E33
mem[X,0x800004E6] -> 0x41C3
[152] [M]: 0x800004E4 (0x41C38E33) sub t3, t2, t3
x28 <- 0x00000040


mem[X,0x800004E8] -> 0x2423
mem[X,0x800004EA] -> 0x01C3
[153] [M]: 0x800004E8 (0x01C32423) sw t3, 8(t1)
mem[0x80003124] <- 0x00000040


mem[X,0x800004EC] -> 0xFF93
mem[X,0x800004EE] -> 0xFFC3
[154] [M]: 0x800004EC (0xFFC3FF93) andi t6, t2, 4092
x31 <- 0x80000208


mem[X,0x800004F0] -> 0x8F93
mem[X,0x800004F2] -> 0x008F
[155] [M]: 0x800004F0 (0x008F8F93) addi t6, t6, 8
x31 <- 0x80000210


mem[X,0x800004F4] -> 0x9073
mem[X,0x800004F6] -> 0x341F
[156] [M]: 0x800004F4 (0x341F9073) csrrw zero, mepc, t6
CSR mepc -> 0x80000208
CSR mepc <- 0x80000210 (input: 0x80000210)


mem[X,0x800004F8] -> 0x23F3
mem[X,0x800004FA] -> 0x3430
[157] [M]: 0x800004F8 (0x343023F3) csrrs t2, mtval, zero
CSR mtval -> 0x80000208
x7 <- 0x80000208


mem[X,0x800004FC] -> 0x7F13
mem[X,0x800004FE] -> 0x00FF
[158] [M]: 0x800004FC (0x00FF7F13) andi t5, t5, 15
x30 <- 0x00000003


mem[X,0x80000500] -> 0xBE37
mem[X,0x80000502] -> 0x0000
[159] [M]: 0x80000500 (0x0000BE37) lui t3, 11
x28 <- 0x0000B000


mem[X,0x80000504] -> 0x0E13
mem[X,0x80000506] -> 0x0FBE
[160] [M]: 0x80000504 (0x0FBE0E13) addi t3, t3, 251
x28 <- 0x0000B0FB


mem[X,0x80000508] -> 0x5E33
mem[X,0x8000050A] -> 0x01EE
[161] [M]: 0x80000508 (0x01EE5E33) srl t3, t3, t5
x28 <- 0x0000161F


mem[X,0x8000050C] -> 0x1E13
mem[X,0x8000050E] -> 0x01FE
[162] [M]: 0x8000050C (0x01FE1E13) slli t3, t3, 31
x28 <- 0x80000000


mem[X,0x80000510] -> 0x5C63
mem[X,0x80000512] -> 0x040E
[163] [M]: 0x80000510 (0x040E5C63) bge t3, zero, 88


mem[X,0x80000514] -> 0xAE03
mem[X,0x80000516] -> 0x188E
[164] [M]: 0x80000514 (0x188EAE03) lw t3, 392(t4)
mem[R,0x80002188] -> 0x800021F0
x28 <- 0x800021F0


mem[X,0x80000518] -> 0xAF83
mem[X,0x8000051A] -> 0x190E
[165] [M]: 0x80000518 (0x190EAF83) lw t6, 400(t4)
mem[R,0x80002190] -> 0x00000E10
x31 <- 0x00000E10


mem[X,0x8000051C] -> 0x8FB3
mem[X,0x8000051E] -> 0x01CF
[166] [M]: 0x8000051C (0x01CF8FB3) add t6, t6, t3
x31 <- 0x80003000


mem[X,0x80000520] -> 0xF463
mem[X,0x80000522] -> 0x01F3
[167] [M]: 0x80000520 (0x01F3F463) bgeu t2, t6, 8


mem[X,0x80000524] -> 0xF063
mem[X,0x80000526] -> 0x05C3
[168] [M]: 0x80000524 (0x05C3F063) bgeu t2, t3, 64


mem[X,0x80000528] -> 0xAE03
mem[X,0x8000052A] -> 0x178E
[169] [M]: 0x80000528 (0x178EAE03) lw t3, 376(t4)
mem[R,0x80002178] -> 0x80003110
x28 <- 0x80003110


mem[X,0x8000052C] -> 0xAF83
mem[X,0x8000052E] -> 0x180E
[170] [M]: 0x8000052C (0x180EAF83) lw t6, 384(t4)
mem[R,0x80002180] -> 0x00000020
x31 <- 0x00000020


mem[X,0x80000530] -> 0x8FB3
mem[X,0x80000532] -> 0x01CF
[171] [M]: 0x80000530 (0x01CF8FB3) add t6, t6, t3
x31 <- 0x80003130


mem[X,0x80000534] -> 0xF463
mem[X,0x80000536] -> 0x01F3
[172] [M]: 0x80000534 (0x01F3F463) bgeu t2, t6, 8


mem[X,0x80000538] -> 0xF663
mem[X,0x8000053A] -> 0x03C3
[173] [M]: 0x80000538 (0x03C3F663) bgeu t2, t3, 44


mem[X,0x8000053C] -> 0xAE03
mem[X,0x8000053E] -> 0x158E
[174] [M]: 0x8000053C (0x158EAE03) lw t3, 344(t4)
mem[R,0x80002158] -> 0x800001C8
x28 <- 0x800001C8


mem[X,0x80000540] -> 0xAF83
mem[X,0x80000542] -> 0x160E
[175] [M]: 0x80000540 (0x160EAF83) lw t6, 352(t4)
mem[R,0x80002160] -> 0x00000050
x31 <- 0x00000050


mem[X,0x80000544] -> 0x8FB3
mem[X,0x80000546] -> 0x01CF
[176] [M]: 0x80000544 (0x01CF8FB3) add t6, t6, t3
x31 <- 0x80000218


mem[X,0x80000548] -> 0xF463
mem[X,0x8000054A] -> 0x01F3
[177] [M]: 0x80000548 (0x01F3F463) bgeu t2, t6, 8


mem[X,0x8000054C] -> 0xFC63
mem[X,0x8000054E] -> 0x01C3
[178] [M]: 0x8000054C (0x01C3FC63) bgeu t2, t3, 24


mem[X,0x80000564] -> 0x8E33
mem[X,0x80000566] -> 0x41C3
[179] [M]: 0x80000564 (0x41C38E33) sub t3, t2, t3
x28 <- 0x00000040


mem[X,0x80000568] -> 0x2623
mem[X,0x8000056A] -> 0x01C3
[180] [M]: 0x80000568 (0x01C32623) sw t3, 12(t1)
mem[0x80003128] <- 0x00000040


mem[X,0x8000056C] -> 0x2E83
mem[X,0x8000056E] -> 0x1981
[181] [M]: 0x8000056C (0x19812E83) lw t4, 408(sp)
mem[R,0x80002198] -> 0x8000312C
x29 <- 0x8000312C


mem[X,0x80000570] -> 0x2383
mem[X,0x80000572] -> 0x1781
[182] [M]: 0x80000570 (0x17812383) lw t2, 376(sp)
mem[R,0x80002178] -> 0x80003110
x7 <- 0x80003110


mem[X,0x80000574] -> 0x2303
mem[X,0x80000576] -> 0x1801
[183] [M]: 0x80000574 (0x18012303) lw t1, 384(sp)
mem[R,0x80002180] -> 0x00000020
x6 <- 0x00000020


mem[X,0x80000578] -> 0x0333
mem[X,0x8000057A] -> 0x0073
[184] [M]: 0x80000578 (0x00730333) add t1, t1, t2
x6 <- 0x80003130


mem[X,0x8000057C] -> 0x62E3
mem[X,0x8000057E] -> 0xCBD3
[185] [M]: 0x8000057C (0xCBD362E3) bltu t1, t4, 7332


mem[X,0x80000580] -> 0x0393
mem[X,0x80000582] -> 0x1000
[186] [M]: 0x80000580 (0x10000393) addi t2, zero, 256
x7 <- 0x00000100


mem[X,0x80000584] -> 0x006F
mem[X,0x80000586] -> 0x0400
[187] [M]: 0x80000584 (0x0400006F) jal zero, 64


mem[X,0x800005C4] -> 0x0E17
mem[X,0x800005C6] -> 0x0000
[188] [M]: 0x800005C4 (0x00000E17) auipc t3, 0
x28 <- 0x800005C4


mem[X,0x800005C8] -> 0x0E13
mem[X,0x800005CA] -> 0x03CE
[189] [M]: 0x800005C8 (0x03CE0E13) addi t3, t3, 60
x28 <- 0x80000600


mem[X,0x800005CC] -> 0x0E33
mem[X,0x800005CE] -> 0x007E
[190] [M]: 0x800005CC (0x007E0E33) add t3, t3, t2
x28 <- 0x80000700


mem[X,0x800005D0] -> 0x1393
mem[X,0x800005D2] -> 0x003F
[191] [M]: 0x800005D0 (0x003F1393) slli t2, t5, 3
x7 <- 0x00000018


mem[X,0x800005D4] -> 0x0E33
mem[X,0x800005D6] -> 0x007E
[192] [M]: 0x800005D4 (0x007E0E33) add t3, t3, t2
x28 <- 0x80000718


mem[X,0x800005D8] -> 0x7E13
mem[X,0x800005DA] -> 0xFF8E
[193] [M]: 0x800005D8 (0xFF8E7E13) andi t3, t3, 4088
x28 <- 0x80000718


mem[X,0x800005DC] -> 0x2E03
mem[X,0x800005DE] -> 0x000E
[194] [M]: 0x800005DC (0x000E2E03) lw t3, 0(t3)
mem[R,0x80000718] -> 0x00000007
x28 <- 0x00000007


mem[X,0x800005E0] -> 0x02E3
mem[X,0x800005E2] -> 0xC80E
[195] [M]: 0x800005E0 (0xC80E02E3) beq t3, zero, 7300


mem[X,0x800005E4] -> 0x1393
mem[X,0x800005E6] -> 0x01FE
[196] [M]: 0x800005E4 (0x01FE1393) slli t2, t3, 31
x7 <- 0x80000000


mem[X,0x800005E8] -> 0xD863
mem[X,0x800005EA] -> 0x0003
[197] [M]: 0x800005E8 (0x0003D863) bge t2, zero, 16


mem[X,0x800005EC] -> 0x5E13
mem[X,0x800005EE] -> 0x001E
[198] [M]: 0x800005EC (0x001E5E13) srli t3, t3, 1
x28 <- 0x00000003


mem[X,0x800005F0] -> 0x0CE3
mem[X,0x800005F2] -> 0xF9CF
[199] [M]: 0x800005F0 (0xF9CF0CE3) beq t5, t3, 8088


clint::tick mtime <- 0x0000000000000002
 clint timer pending at mtime 0x0000000000000002
htif::tick 0x0000000000000000
mem[X,0x80000588] -> 0x2303
mem[X,0x8000058A] -> 0x1D41
[200] [M]: 0x80000588 (0x1D412303) lw t1, 468(sp)
mem[R,0x800021D4] -> 0x800021F0
x6 <- 0x800021F0


mem[X,0x8000058C] -> 0x2383
mem[X,0x8000058E] -> 0x1D81
[201] [M]: 0x8000058C (0x1D812383) lw t2, 472(sp)
mem[R,0x800021D8] -> 0xB7FBB6FA
x7 <- 0xB7FBB6FA


mem[X,0x80000590] -> 0x2E03
mem[X,0x80000592] -> 0x1DC1
[202] [M]: 0x80000590 (0x1DC12E03) lw t3, 476(sp)
mem[R,0x800021DC] -> 0x00000000
x28 <- 0x00000000


mem[X,0x80000594] -> 0x2E83
mem[X,0x80000596] -> 0x1E01
[203] [M]: 0x80000594 (0x1E012E83) lw t4, 480(sp)
mem[R,0x800021E0] -> 0x80000280
x29 <- 0x80000280


mem[X,0x80000598] -> 0x2F03
mem[X,0x8000059A] -> 0x1E41
[204] [M]: 0x80000598 (0x1E412F03) lw t5, 484(sp)
mem[R,0x800021E4] -> 0x80000280
x30 <- 0x80000280


mem[X,0x8000059C] -> 0x2F83
mem[X,0x8000059E] -> 0x1E81
[205] [M]: 0x8000059C (0x1E812F83) lw t6, 488(sp)
mem[R,0x800021E8] -> 0x00000000
x31 <- 0x00000000


mem[X,0x800005A0] -> 0x2103
mem[X,0x800005A2] -> 0x1EC1
[206] [M]: 0x800005A0 (0x1EC12103) lw sp, 492(sp)
mem[R,0x800021EC] -> 0x11111111
x2 <- 0x11111111


mem[X,0x800005A4] -> 0x0073
mem[X,0x800005A6] -> 0x3020
[207] [M]: 0x800005A4 (0x30200073) mret
CSR mstatus <- 0x00000080
ret-ing from M to M


mem[X,0x80000210] -> 0xA023
mem[X,0x80000212] -> 0x0000
[208] [M]: 0x80000210 (0x0000A023) sw zero, 0(ra)
mem[0x80003114] <- 0x00000000


mem[X,0x80000214] -> 0xA223
mem[X,0x80000216] -> 0x0020
[209] [M]: 0x80000214 (0x0020A223) sw sp, 4(ra)
mem[0x80003118] <- 0x11111111


mem[X,0x80000218] -> 0x0113
mem[X,0x8000021A] -> 0x0000
[210] [M]: 0x80000218 (0x00000113) addi sp, zero, 0
x2 <- 0x00000000


mem[X,0x8000021C] -> 0x0073
mem[X,0x8000021E] -> 0x0000
[211] [M]: 0x8000021C (0x00000073) ecall
trapping from M to M to handle m-call
handling exc#0x0B at priv M with tval 0x00000000
CSR mstatus <- 0x00001800


mem[X,0x80000280] -> 0x006F
mem[X,0x80000282] -> 0x0800
[212] [M]: 0x80000280 (0x0800006F) jal zero, 128


mem[X,0x80000300] -> 0x1173
mem[X,0x80000302] -> 0x3401
[213] [M]: 0x80000300 (0x34011173) csrrw sp, mscratch, sp
CSR mscratch -> 0x80002000
CSR mscratch <- 0x00000000 (input: 0x00000000)
x2 <- 0x80002000


mem[X,0x80000304] -> 0x2423
mem[X,0x80000306] -> 0x1FF1
[214] [M]: 0x80000304 (0x1FF12423) sw t6, 488(sp)
mem[0x800021E8] <- 0x00000000


mem[X,0x80000308] -> 0x0FEF
mem[X,0x8000030A] -> 0x0B80
[215] [M]: 0x80000308 (0x0B800FEF) jal t6, 184
x31 <- 0x8000030C


mem[X,0x800003C0] -> 0x2223
mem[X,0x800003C2] -> 0x1FE1
[216] [M]: 0x800003C0 (0x1FE12223) sw t5, 484(sp)
mem[0x800021E4] <- 0x80000280


mem[X,0x800003C4] -> 0x1F73
mem[X,0x800003C6] -> 0x3401
[217] [M]: 0x800003C4 (0x34011F73) csrrw t5, mscratch, sp
CSR mscratch -> 0x00000000
CSR mscratch <- 0x80002000 (input: 0x80002000)
x30 <- 0x00000000


mem[X,0x800003C8] -> 0x2623
mem[X,0x800003CA] -> 0x1FE1
[218] [M]: 0x800003C8 (0x1FE12623) sw t5, 492(sp)
mem[0x800021EC] <- 0x00000000


mem[X,0x800003CC] -> 0x0F17
mem[X,0x800003CE] -> 0x0000
[219] [M]: 0x800003CC (0x00000F17) auipc t5, 0
x30 <- 0x800003CC


mem[X,0x800003D0] -> 0x0F13
mem[X,0x800003D2] -> 0x00CF
[220] [M]: 0x800003D0 (0x00CF0F13) addi t5, t5, 12
x30 <- 0x800003D8


mem[X,0x800003D4] -> 0x0067
mem[X,0x800003D6] -> 0x000F
[221] [M]: 0x800003D4 (0x000F0067) jalr zero, t5, 0


mem[X,0x800003D8] -> 0x2023
mem[X,0x800003DA] -> 0x1FD1
[222] [M]: 0x800003D8 (0x1FD12023) sw t4, 480(sp)
mem[0x800021E0] <- 0x80000280


mem[X,0x800003DC] -> 0x2E23
mem[X,0x800003DE] -> 0x1DC1
[223] [M]: 0x800003DC (0x1DC12E23) sw t3, 476(sp)
mem[0x800021DC] <- 0x00000000


mem[X,0x800003E0] -> 0x2C23
mem[X,0x800003E2] -> 0x1C71
[224] [M]: 0x800003E0 (0x1C712C23) sw t2, 472(sp)
mem[0x800021D8] <- 0xB7FBB6FA


mem[X,0x800003E4] -> 0x2A23
mem[X,0x800003E6] -> 0x1C61
[225] [M]: 0x800003E4 (0x1C612A23) sw t1, 468(sp)
mem[0x800021D4] <- 0x800021F0


mem[X,0x800003E8] -> 0x2F73
mem[X,0x800003EA] -> 0x3420
[226] [M]: 0x800003E8 (0x34202F73) csrrs t5, mcause, zero
CSR mcause -> 0x0000000B
x30 <- 0x0000000B


mem[X,0x800003EC] -> 0x0E93
mem[X,0x800003EE] -> 0xFF8F
[227] [M]: 0x800003EC (0xFF8F0E93) addi t4, t5, 4088
x29 <- 0x00000003


mem[X,0x800003F0] -> 0xFE93
mem[X,0x800003F2] -> 0xFFCE
[228] [M]: 0x800003F0 (0xFFCEFE93) andi t4, t4, 4092
x29 <- 0x00000000


mem[X,0x800003F4] -> 0x9663
mem[X,0x800003F6] -> 0x000E
[229] [M]: 0x800003F4 (0x000E9663) bne t4, zero, 12


mem[X,0x800003F8] -> 0x2383
mem[X,0x800003FA] -> 0x1EC1
[230] [M]: 0x800003F8 (0x1EC12383) lw t2, 492(sp)
mem[R,0x800021EC] -> 0x00000000
x7 <- 0x00000000


mem[X,0x800003FC] -> 0x8C63
mem[X,0x800003FE] -> 0x4403
[231] [M]: 0x800003FC (0x44038C63) beq t2, zero, 1112


mem[X,0x80000854] -> 0x0E93
mem[X,0x80000856] -> 0xFF5F
[232] [M]: 0x80000854 (0xFF5F0E93) addi t4, t5, 4085
x29 <- 0x00000000


mem[X,0x80000858] -> 0x8063
mem[X,0x8000085A] -> 0x020E
[233] [M]: 0x80000858 (0x020E8063) beq t4, zero, 32


mem[X,0x80000878] -> 0x23F3
mem[X,0x8000087A] -> 0x3410
[234] [M]: 0x80000878 (0x341023F3) csrrs t2, mepc, zero
CSR mepc -> 0x8000021C
x7 <- 0x8000021C


mem[X,0x8000087C] -> 0x83B3
mem[X,0x8000087E] -> 0x01D3
[235] [M]: 0x8000087C (0x01D383B3) add t2, t2, t4
x7 <- 0x8000021C


mem[X,0x80000880] -> 0x2303
mem[X,0x80000882] -> 0x1D41
[236] [M]: 0x80000880 (0x1D412303) lw t1, 468(sp)
mem[R,0x800021D4] -> 0x800021F0
x6 <- 0x800021F0


mem[X,0x80000884] -> 0x2E03
mem[X,0x80000886] -> 0x1DC1
[237] [M]: 0x80000884 (0x1DC12E03) lw t3, 476(sp)
mem[R,0x800021DC] -> 0x00000000
x28 <- 0x00000000


mem[X,0x80000888] -> 0x2E83
mem[X,0x8000088A] -> 0x1E01
[238] [M]: 0x80000888 (0x1E012E83) lw t4, 480(sp)
mem[R,0x800021E0] -> 0x80000280
x29 <- 0x80000280


mem[X,0x8000088C] -> 0x2F03
mem[X,0x8000088E] -> 0x1E41
[239] [M]: 0x8000088C (0x1E412F03) lw t5, 484(sp)
mem[R,0x800021E4] -> 0x80000280
x30 <- 0x80000280


mem[X,0x80000890] -> 0x2F83
mem[X,0x80000892] -> 0x1E81
[240] [M]: 0x80000890 (0x1E812F83) lw t6, 488(sp)
mem[R,0x800021E8] -> 0x00000000
x31 <- 0x00000000


mem[X,0x80000894] -> 0x2103
mem[X,0x80000896] -> 0x1EC1
[241] [M]: 0x80000894 (0x1EC12103) lw sp, 492(sp)
mem[R,0x800021EC] -> 0x00000000
x2 <- 0x00000000


mem[X,0x80000898] -> 0x8067
mem[X,0x8000089A] -> 0x0043
[242] [M]: 0x80000898 (0x00438067) jalr zero, t2, 4


mem[X,0x80000220] -> 0x2373
mem[X,0x80000222] -> 0x3400
[243] [M]: 0x80000220 (0x34002373) csrrs t1, mscratch, zero
CSR mscratch -> 0x80002000
x6 <- 0x80002000


mem[X,0x80000224] -> 0x2383
mem[X,0x80000226] -> 0x1B03
[244] [M]: 0x80000224 (0x1B032383) lw t2, 432(t1)
mem[R,0x800021B0] -> 0x00000000
x7 <- 0x00000000


mem[X,0x80000228] -> 0x2F03
mem[X,0x8000022A] -> 0x1C83
[245] [M]: 0x80000228 (0x1C832F03) lw t5, 456(t1)
mem[R,0x800021C8] -> 0x00000000
x30 <- 0x00000000


mem[X,0x8000022C] -> 0x1073
mem[X,0x8000022E] -> 0x340F
[246] [M]: 0x8000022C (0x340F1073) csrrw zero, mscratch, t5
CSR mscratch -> 0x80002000
CSR mscratch <- 0x00000000 (input: 0x00000000)


mem[X,0x80000230] -> 0x2E83
mem[X,0x80000232] -> 0x1C03
[247] [M]: 0x80000230 (0x1C032E83) lw t4, 448(t1)
mem[R,0x800021C0] -> 0x00000000
x29 <- 0x00000000


mem[X,0x80000234] -> 0x93F3
mem[X,0x80000236] -> 0x305E
[248] [M]: 0x80000234 (0x305E93F3) csrrw t2, mtvec, t4
CSR mtvec -> 0x80000280
CSR mtvec <- 0x00000000 (input: 0x00000000)
x7 <- 0x80000280


mem[X,0x80000238] -> 0xFE93
mem[X,0x8000023A] -> 0xFFCE
[249] [M]: 0x80000238 (0xFFCEFE93) andi t4, t4, 4092
x29 <- 0x00000000


mem[X,0x8000023C] -> 0xF393
mem[X,0x8000023E] -> 0xFFC3
[250] [M]: 0x8000023C (0xFFC3F393) andi t2, t2, 4092
x7 <- 0x80000280


mem[X,0x80000240] -> 0x9063
mem[X,0x80000242] -> 0x027E
[251] [M]: 0x80000240 (0x027E9063) bne t4, t2, 32


mem[X,0x80000260] -> 0x006F
mem[X,0x80000262] -> 0x63C0
[252] [M]: 0x80000260 (0x63C0006F) jal zero, 1596


mem[X,0x8000089C] -> 0x4085
[253] [M]: 0x8000089C (0x4085) c.li ra, 1
x1 <- 0x00000001


mem[X,0x8000089E] -> 0x0F17
mem[X,0x800008A0] -> 0x0000
[254] [M]: 0x8000089E (0x00000F17) auipc t5, 0
x30 <- 0x8000089E


mem[X,0x800008A2] -> 0x2123
mem[X,0x800008A4] -> 0x761F
[255] [M]: 0x800008A2 (0x761F2123) sw ra, 1890(t5)
htif[0x80001000] <- 0x00000001


mem[X,0x800008A6] -> 0xBFE5
[256] [M]: 0x800008A6 (0xBFE5) c.j 2044


mem[X,0x8000089E] -> 0x0F17
mem[X,0x800008A0] -> 0x0000
[257] [M]: 0x8000089E (0x00000F17) auipc t5, 0
x30 <- 0x8000089E


mem[X,0x800008A2] -> 0x2123
mem[X,0x800008A4] -> 0x761F
[258] [M]: 0x800008A2 (0x761F2123) sw ra, 1890(t5)
htif[0x80001000] <- 0x00000001


mem[X,0x800008A6] -> 0xBFE5
[259] [M]: 0x800008A6 (0xBFE5) c.j 2044


mem[X,0x8000089E] -> 0x0F17
mem[X,0x800008A0] -> 0x0000
[260] [M]: 0x8000089E (0x00000F17) auipc t5, 0
x30 <- 0x8000089E


mem[X,0x800008A2] -> 0x2123
mem[X,0x800008A4] -> 0x761F
[261] [M]: 0x800008A2 (0x761F2123) sw ra, 1890(t5)
htif[0x80001000] <- 0x00000001
htif-syscall-proxy cmd: 0x000000000001

SUCCESS
