using /home/force/Desktop/work/compliance_testing/our_riscv/work/riscof_work/C/src/cli-01.S/ref/Reference-sail_c_simulator.signature for test-signature output.
[Sail] Allocating new block 0x80000000
tohost located at 0x80001000
[Sail] Allocating new block 0x0

Running file ref.elf.
ELF Entry @ 0x80000000
begin_signature: 0x80003110
end_signature: 0x800031a0
CSR mstatus <- 0x00000000 (input: 0x00000000)
mem[X,0x00001000] -> 0x0297
mem[X,0x00001002] -> 0x0000
[0] [M]: 0x00001000 (0x00000297) auipc t0, 0
x5 <- 0x00001000


mem[X,0x00001004] -> 0x8593
mem[X,0x00001006] -> 0x0202
[1] [M]: 0x00001004 (0x02028593) addi a1, t0, 32
x11 <- 0x00001020


mem[X,0x00001008] -> 0x2573
mem[X,0x0000100A] -> 0xF140
[2] [M]: 0x00001008 (0xF1402573) csrrs a0, mhartid, zero
CSR mhartid -> 0x00000000
x10 <- 0x00000000


mem[X,0x0000100C] -> 0xA283
mem[X,0x0000100E] -> 0x0182
[3] [M]: 0x0000100C (0x0182A283) lw t0, 24(t0)
mem[R,0x00001018] -> 0x80000000
x5 <- 0x80000000


mem[X,0x00001010] -> 0x8067
mem[X,0x00001012] -> 0x0002
[4] [M]: 0x00001010 (0x00028067) jalr zero, t0, 0


mem[X,0x80000000] -> 0xC0B7
mem[X,0x80000002] -> 0xFEED
[5] [M]: 0x80000000 (0xFEEDC0B7) lui ra, 1044188
x1 <- 0xFEEDC000


mem[X,0x80000004] -> 0x8093
mem[X,0x80000006] -> 0xEAD0
[6] [M]: 0x80000004 (0xEAD08093) addi ra, ra, 3757
x1 <- 0xFEEDBEAD


mem[X,0x80000008] -> 0xE137
mem[X,0x8000000A] -> 0xFF76
[7] [M]: 0x80000008 (0xFF76E137) lui sp, 1046382
x2 <- 0xFF76E000


mem[X,0x8000000C] -> 0x0113
mem[X,0x8000000E] -> 0xF561
[8] [M]: 0x8000000C (0xF5610113) addi sp, sp, 3926
x2 <- 0xFF76DF56


mem[X,0x80000010] -> 0x71B7
mem[X,0x80000012] -> 0x7FBB
[9] [M]: 0x80000010 (0x7FBB71B7) lui gp, 523191
x3 <- 0x7FBB7000


mem[X,0x80000014] -> 0x8193
mem[X,0x80000016] -> 0xFAB1
[10] [M]: 0x80000014 (0xFAB18193) addi gp, gp, 4011
x3 <- 0x7FBB6FAB


mem[X,0x80000018] -> 0xB237
mem[X,0x8000001A] -> 0xBFDD
[11] [M]: 0x80000018 (0xBFDDB237) lui tp, 785883
x4 <- 0xBFDDB000


mem[X,0x8000001C] -> 0x0213
mem[X,0x8000001E] -> 0x7D52
[12] [M]: 0x8000001C (0x7D520213) addi tp, tp, 2005
x4 <- 0xBFDDB7D5


mem[X,0x80000020] -> 0x0297
mem[X,0x80000022] -> 0x0000
[13] [M]: 0x80000020 (0x00000297) auipc t0, 0
x5 <- 0x80000020


mem[X,0x80000024] -> 0x8293
mem[X,0x80000026] -> 0x0882
[14] [M]: 0x80000024 (0x08828293) addi t0, t0, 136
x5 <- 0x800000A8


mem[X,0x80000028] -> 0x0013
mem[X,0x8000002A] -> 0x0000
[15] [M]: 0x80000028 (0x00000013) addi zero, zero, 0


mem[X,0x8000002C] -> 0x0013
mem[X,0x8000002E] -> 0x0000
[16] [M]: 0x8000002C (0x00000013) addi zero, zero, 0


mem[X,0x80000030] -> 0x0013
mem[X,0x80000032] -> 0x0000
[17] [M]: 0x80000030 (0x00000013) addi zero, zero, 0


mem[X,0x80000034] -> 0x0013
mem[X,0x80000036] -> 0x0000
[18] [M]: 0x80000034 (0x00000013) addi zero, zero, 0


mem[X,0x80000038] -> 0x0013
mem[X,0x8000003A] -> 0x0000
[19] [M]: 0x80000038 (0x00000013) addi zero, zero, 0


mem[X,0x8000003C] -> 0x0013
mem[X,0x8000003E] -> 0x0000
[20] [M]: 0x8000003C (0x00000013) addi zero, zero, 0


mem[X,0x80000040] -> 0x2317
mem[X,0x80000042] -> 0x0000
[21] [M]: 0x80000040 (0x00002317) auipc t1, 2
x6 <- 0x80002040


mem[X,0x80000044] -> 0x0313
mem[X,0x80000046] -> 0xFC03
[22] [M]: 0x80000044 (0xFC030313) addi t1, t1, 4032
x6 <- 0x80002000


mem[X,0x80000048] -> 0x0013
mem[X,0x8000004A] -> 0x0000
[23] [M]: 0x80000048 (0x00000013) addi zero, zero, 0


mem[X,0x8000004C] -> 0x0013
mem[X,0x8000004E] -> 0x0000
[24] [M]: 0x8000004C (0x00000013) addi zero, zero, 0


mem[X,0x80000050] -> 0x0013
mem[X,0x80000052] -> 0x0000
[25] [M]: 0x80000050 (0x00000013) addi zero, zero, 0


mem[X,0x80000054] -> 0x0013
mem[X,0x80000056] -> 0x0000
[26] [M]: 0x80000054 (0x00000013) addi zero, zero, 0


mem[X,0x80000058] -> 0x0013
mem[X,0x8000005A] -> 0x0000
[27] [M]: 0x80000058 (0x00000013) addi zero, zero, 0


mem[X,0x8000005C] -> 0x0013
mem[X,0x8000005E] -> 0x0000
[28] [M]: 0x8000005C (0x00000013) addi zero, zero, 0


mem[X,0x80000060] -> 0xB3B7
mem[X,0x80000062] -> 0xB7FB
[29] [M]: 0x80000060 (0xB7FBB3B7) lui t2, 753595
x7 <- 0xB7FBB000


mem[X,0x80000064] -> 0x8393
mem[X,0x80000066] -> 0x6FA3
[30] [M]: 0x80000064 (0x6FA38393) addi t2, t2, 1786
x7 <- 0xB7FBB6FA


mem[X,0x80000068] -> 0xE437
mem[X,0x8000006A] -> 0x5BFD
[31] [M]: 0x80000068 (0x5BFDE437) lui fp, 376798
x8 <- 0x5BFDE000


mem[X,0x8000006C] -> 0x0413
mem[X,0x8000006E] -> 0xB7D4
[32] [M]: 0x8000006C (0xB7D40413) addi fp, fp, 2941
x8 <- 0x5BFDDB7D


mem[X,0x80000070] -> 0xF4B7
mem[X,0x80000072] -> 0xADFE
[33] [M]: 0x80000070 (0xADFEF4B7) lui s1, 712687
x9 <- 0xADFEF000


mem[X,0x80000074] -> 0x8493
mem[X,0x80000076] -> 0xDBE4
[34] [M]: 0x80000074 (0xDBE48493) addi s1, s1, 3518
x9 <- 0xADFEEDBE


mem[X,0x80000078] -> 0x7537
mem[X,0x8000007A] -> 0x56FF
[35] [M]: 0x80000078 (0x56FF7537) lui a0, 356343
x10 <- 0x56FF7000


mem[X,0x8000007C] -> 0x0513
mem[X,0x8000007E] -> 0x6DF5
[36] [M]: 0x8000007C (0x6DF50513) addi a0, a0, 1759
x10 <- 0x56FF76DF


mem[X,0x80000080] -> 0xC5B7
mem[X,0x80000082] -> 0xAB7F
[37] [M]: 0x80000080 (0xAB7FC5B7) lui a1, 702460
x11 <- 0xAB7FC000


mem[X,0x80000084] -> 0x8593
mem[X,0x80000086] -> 0xB6F5
[38] [M]: 0x80000084 (0xB6F58593) addi a1, a1, 2927
x11 <- 0xAB7FBB6F


mem[X,0x80000088] -> 0xE637
mem[X,0x8000008A] -> 0xD5BF
[39] [M]: 0x80000088 (0xD5BFE637) lui a2, 875518
x12 <- 0xD5BFE000


mem[X,0x8000008C] -> 0x0613
mem[X,0x8000008E] -> 0xDB76
[40] [M]: 0x8000008C (0xDB760613) addi a2, a2, 3511
x12 <- 0xD5BFDDB7


mem[X,0x80000090] -> 0xF6B7
mem[X,0x80000092] -> 0xEADF
[41] [M]: 0x80000090 (0xEADFF6B7) lui a3, 962047
x13 <- 0xEADFF000


mem[X,0x80000094] -> 0x8693
mem[X,0x80000096] -> 0xEDB6
[42] [M]: 0x80000094 (0xEDB68693) addi a3, a3, 3803
x13 <- 0xEADFEEDB


mem[X,0x80000098] -> 0xF737
mem[X,0x8000009A] -> 0xF56F
[43] [M]: 0x80000098 (0xF56FF737) lui a4, 1005311
x14 <- 0xF56FF000


mem[X,0x8000009C] -> 0x0713
mem[X,0x8000009E] -> 0x76D7
[44] [M]: 0x8000009C (0x76D70713) addi a4, a4, 1901
x14 <- 0xF56FF76D


mem[X,0x800000A0] -> 0x07B7
mem[X,0x800000A2] -> 0xFAB8
[45] [M]: 0x800000A0 (0xFAB807B7) lui a5, 1026944
x15 <- 0xFAB80000


mem[X,0x800000A4] -> 0x8793
mem[X,0x800000A6] -> 0xBB67
[46] [M]: 0x800000A4 (0xBB678793) addi a5, a5, 2998
x15 <- 0xFAB7FBB6


mem[X,0x800000A8] -> 0x0013
mem[X,0x800000AA] -> 0x0000
[47] [M]: 0x800000A8 (0x00000013) addi zero, zero, 0


mem[X,0x800000AC] -> 0x0013
mem[X,0x800000AE] -> 0x0000
[48] [M]: 0x800000AC (0x00000013) addi zero, zero, 0


mem[X,0x800000B0] -> 0x0013
mem[X,0x800000B2] -> 0x0000
[49] [M]: 0x800000B0 (0x00000013) addi zero, zero, 0


mem[X,0x800000B4] -> 0x0013
mem[X,0x800000B6] -> 0x0000
[50] [M]: 0x800000B4 (0x00000013) addi zero, zero, 0


mem[X,0x800000B8] -> 0x0013
mem[X,0x800000BA] -> 0x0000
[51] [M]: 0x800000B8 (0x00000013) addi zero, zero, 0


mem[X,0x800000BC] -> 0x0013
mem[X,0x800000BE] -> 0x0000
[52] [M]: 0x800000BC (0x00000013) addi zero, zero, 0


mem[X,0x800000C0] -> 0x3217
mem[X,0x800000C2] -> 0x0000
[53] [M]: 0x800000C0 (0x00003217) auipc tp, 3
x4 <- 0x800030C0


mem[X,0x800000C4] -> 0x0213
mem[X,0x800000C6] -> 0x0542
[54] [M]: 0x800000C4 (0x05420213) addi tp, tp, 84
x4 <- 0x80003114


mem[X,0x800000C8] -> 0x0013
mem[X,0x800000CA] -> 0x0000
[55] [M]: 0x800000C8 (0x00000013) addi zero, zero, 0


mem[X,0x800000CC] -> 0x0013
mem[X,0x800000CE] -> 0x0000
[56] [M]: 0x800000CC (0x00000013) addi zero, zero, 0


mem[X,0x800000D0] -> 0x0013
mem[X,0x800000D2] -> 0x0000
[57] [M]: 0x800000D0 (0x00000013) addi zero, zero, 0


mem[X,0x800000D4] -> 0x0013
mem[X,0x800000D6] -> 0x0000
[58] [M]: 0x800000D4 (0x00000013) addi zero, zero, 0


mem[X,0x800000D8] -> 0x0013
mem[X,0x800000DA] -> 0x0000
[59] [M]: 0x800000D8 (0x00000013) addi zero, zero, 0


mem[X,0x800000DC] -> 0x0013
mem[X,0x800000DE] -> 0x0000
[60] [M]: 0x800000DC (0x00000013) addi zero, zero, 0


mem[X,0x800000E0] -> 0x5501
[61] [M]: 0x800000E0 (0x5501) c.li a0, 32
x10 <- 0xFFFFFFE0


mem[X,0x800000E2] -> 0x2023
mem[X,0x800000E4] -> 0x00A2
[62] [M]: 0x800000E2 (0x00A22023) sw a0, 0(tp)
mem[0x80003114] <- 0xFFFFFFE0


mem[X,0x800000E6] -> 0x4901
[63] [M]: 0x800000E6 (0x4901) c.li s2, 0
x18 <- 0x00000000


mem[X,0x800000E8] -> 0x2223
mem[X,0x800000EA] -> 0x0122
[64] [M]: 0x800000E8 (0x01222223) sw s2, 4(tp)
mem[0x80003118] <- 0x00000000


mem[X,0x800000EC] -> 0x487D
[65] [M]: 0x800000EC (0x487D) c.li a6, 31
x16 <- 0x0000001F


mem[X,0x800000EE] -> 0x2423
mem[X,0x800000F0] -> 0x0102
[66] [M]: 0x800000EE (0x01022423) sw a6, 8(tp)
mem[0x8000311C] <- 0x0000001F


mem[X,0x800000F2] -> 0x4E85
[67] [M]: 0x800000F2 (0x4E85) c.li t4, 1
x29 <- 0x00000001


mem[X,0x800000F4] -> 0x2623
mem[X,0x800000F6] -> 0x01D2
[68] [M]: 0x800000F4 (0x01D22623) sw t4, 12(tp)
mem[0x80003120] <- 0x00000001


mem[X,0x800000F8] -> 0x4789
[69] [M]: 0x800000F8 (0x4789) c.li a5, 2
x15 <- 0x00000002


mem[X,0x800000FA] -> 0x2823
mem[X,0x800000FC] -> 0x00F2
[70] [M]: 0x800000FA (0x00F22823) sw a5, 16(tp)
mem[0x80003124] <- 0x00000002


mem[X,0x800000FE] -> 0x4111
[71] [M]: 0x800000FE (0x4111) c.li sp, 4
x2 <- 0x00000004


mem[X,0x80000100] -> 0x2A23
mem[X,0x80000102] -> 0x0022
[72] [M]: 0x80000100 (0x00222A23) sw sp, 20(tp)
mem[0x80003128] <- 0x00000004


mem[X,0x80000104] -> 0x4721
[73] [M]: 0x80000104 (0x4721) c.li a4, 8
x14 <- 0x00000008


mem[X,0x80000106] -> 0x2C23
mem[X,0x80000108] -> 0x00E2
[74] [M]: 0x80000106 (0x00E22C23) sw a4, 24(tp)
mem[0x8000312C] <- 0x00000008


mem[X,0x8000010A] -> 0x4DC1
[75] [M]: 0x8000010A (0x4DC1) c.li s11, 16
x27 <- 0x00000010


mem[X,0x8000010C] -> 0x2E23
mem[X,0x8000010E] -> 0x01B2
[76] [M]: 0x8000010C (0x01B22E23) sw s11, 28(tp)
mem[0x80003130] <- 0x00000010


mem[X,0x80000110] -> 0x5429
[77] [M]: 0x80000110 (0x5429) c.li fp, 42
x8 <- 0xFFFFFFEA


mem[X,0x80000112] -> 0x2023
mem[X,0x80000114] -> 0x0282
[78] [M]: 0x80000112 (0x02822023) sw fp, 32(tp)
mem[0x80003134] <- 0xFFFFFFEA


mem[X,0x80000116] -> 0x56F9
[79] [M]: 0x80000116 (0x56F9) c.li a3, 62
x13 <- 0xFFFFFFFE


mem[X,0x80000118] -> 0x2223
mem[X,0x8000011A] -> 0x02D2
[80] [M]: 0x80000118 (0x02D22223) sw a3, 36(tp)
mem[0x80003138] <- 0xFFFFFFFE


mem[X,0x8000011C] -> 0x5F75
[81] [M]: 0x8000011C (0x5F75) c.li t5, 61
x30 <- 0xFFFFFFFD


mem[X,0x8000011E] -> 0x2423
mem[X,0x80000120] -> 0x03E2
[82] [M]: 0x8000011E (0x03E22423) sw t5, 40(tp)
mem[0x8000313C] <- 0xFFFFFFFD


mem[X,0x80000122] -> 0x55ED
[83] [M]: 0x80000122 (0x55ED) c.li a1, 59
x11 <- 0xFFFFFFFB


mem[X,0x80000124] -> 0x2623
mem[X,0x80000126] -> 0x02B2
[84] [M]: 0x80000124 (0x02B22623) sw a1, 44(tp)
mem[0x80003140] <- 0xFFFFFFFB


mem[X,0x80000128] -> 0x535D
[85] [M]: 0x80000128 (0x535D) c.li t1, 55
x6 <- 0xFFFFFFF7


mem[X,0x8000012A] -> 0x2823
mem[X,0x8000012C] -> 0x0262
[86] [M]: 0x8000012A (0x02622823) sw t1, 48(tp)
mem[0x80003144] <- 0xFFFFFFF7


mem[X,0x8000012E] -> 0x5D3D
[87] [M]: 0x8000012E (0x5D3D) c.li s10, 47
x26 <- 0xFFFFFFEF


mem[X,0x80000130] -> 0x2A23
mem[X,0x80000132] -> 0x03A2
[88] [M]: 0x80000130 (0x03A22A23) sw s10, 52(tp)
mem[0x80003148] <- 0xFFFFFFEF


mem[X,0x80000134] -> 0x44D5
[89] [M]: 0x80000134 (0x44D5) c.li s1, 21
x9 <- 0x00000015


mem[X,0x80000136] -> 0x2C23
mem[X,0x80000138] -> 0x0292
[90] [M]: 0x80000136 (0x02922C23) sw s1, 56(tp)
mem[0x8000314C] <- 0x00000015


mem[X,0x8000013A] -> 0x4081
[91] [M]: 0x8000013A (0x4081) c.li ra, 0
x1 <- 0x00000000


mem[X,0x8000013C] -> 0x2E23
mem[X,0x8000013E] -> 0x0212
[92] [M]: 0x8000013C (0x02122E23) sw ra, 60(tp)
mem[0x80003150] <- 0x00000000


mem[X,0x80000140] -> 0x4601
[93] [M]: 0x80000140 (0x4601) c.li a2, 0
x12 <- 0x00000000


mem[X,0x80000142] -> 0x2023
mem[X,0x80000144] -> 0x04C2
[94] [M]: 0x80000142 (0x04C22023) sw a2, 64(tp)
mem[0x80003154] <- 0x00000000


mem[X,0x80000146] -> 0x4881
[95] [M]: 0x80000146 (0x4881) c.li a7, 0
x17 <- 0x00000000


mem[X,0x80000148] -> 0x2223
mem[X,0x8000014A] -> 0x0512
[96] [M]: 0x80000148 (0x05122223) sw a7, 68(tp)
mem[0x80003158] <- 0x00000000


mem[X,0x8000014C] -> 0x4381
[97] [M]: 0x8000014C (0x4381) c.li t2, 0
x7 <- 0x00000000


mem[X,0x8000014E] -> 0x2423
mem[X,0x80000150] -> 0x0472
[98] [M]: 0x8000014E (0x04722423) sw t2, 72(tp)
mem[0x8000315C] <- 0x00000000


mem[X,0x80000152] -> 0x4281
[99] [M]: 0x80000152 (0x4281) c.li t0, 0
x5 <- 0x00000000


clint::tick mtime <- 0x0000000000000001
 clint timer pending at mtime 0x0000000000000001
htif::tick 0x0000000000000000
mem[X,0x80000154] -> 0x2623
mem[X,0x80000156] -> 0x0452
[100] [M]: 0x80000154 (0x04522623) sw t0, 76(tp)
mem[0x80003160] <- 0x00000000


mem[X,0x80000158] -> 0x4A01
[101] [M]: 0x80000158 (0x4A01) c.li s4, 0
x20 <- 0x00000000


mem[X,0x8000015A] -> 0x2823
mem[X,0x8000015C] -> 0x0542
[102] [M]: 0x8000015A (0x05422823) sw s4, 80(tp)
mem[0x80003164] <- 0x00000000


mem[X,0x8000015E] -> 0x4001
[103] [M]: 0x8000015E (0x4001) c.li.hint.0


mem[X,0x80000160] -> 0x2A23
mem[X,0x80000162] -> 0x0402
[104] [M]: 0x80000160 (0x04022A23) sw zero, 84(tp)
mem[0x80003168] <- 0x00000000


mem[X,0x80000164] -> 0x4F81
[105] [M]: 0x80000164 (0x4F81) c.li t6, 0
x31 <- 0x00000000


mem[X,0x80000166] -> 0x2C23
mem[X,0x80000168] -> 0x05F2
[106] [M]: 0x80000166 (0x05F22C23) sw t6, 88(tp)
mem[0x8000316C] <- 0x00000000


mem[X,0x8000016A] -> 0x4C01
[107] [M]: 0x8000016A (0x4C01) c.li s8, 0
x24 <- 0x00000000


mem[X,0x8000016C] -> 0x2E23
mem[X,0x8000016E] -> 0x0582
[108] [M]: 0x8000016C (0x05822E23) sw s8, 92(tp)
mem[0x80003170] <- 0x00000000


mem[X,0x80000170] -> 0x4181
[109] [M]: 0x80000170 (0x4181) c.li gp, 0
x3 <- 0x00000000


mem[X,0x80000172] -> 0x2023
mem[X,0x80000174] -> 0x0632
[110] [M]: 0x80000172 (0x06322023) sw gp, 96(tp)
mem[0x80003174] <- 0x00000000


mem[X,0x80000176] -> 0x4B01
[111] [M]: 0x80000176 (0x4B01) c.li s6, 0
x22 <- 0x00000000


mem[X,0x80000178] -> 0x2223
mem[X,0x8000017A] -> 0x0762
[112] [M]: 0x80000178 (0x07622223) sw s6, 100(tp)
mem[0x80003178] <- 0x00000000


mem[X,0x8000017C] -> 0x4C81
[113] [M]: 0x8000017C (0x4C81) c.li s9, 0
x25 <- 0x00000000


mem[X,0x8000017E] -> 0x2423
mem[X,0x80000180] -> 0x0792
[114] [M]: 0x8000017E (0x07922423) sw s9, 104(tp)
mem[0x8000317C] <- 0x00000000


mem[X,0x80000182] -> 0x4A81
[115] [M]: 0x80000182 (0x4A81) c.li s5, 0
x21 <- 0x00000000


mem[X,0x80000184] -> 0x2623
mem[X,0x80000186] -> 0x0752
[116] [M]: 0x80000184 (0x07522623) sw s5, 108(tp)
mem[0x80003180] <- 0x00000000


mem[X,0x80000188] -> 0x4981
[117] [M]: 0x80000188 (0x4981) c.li s3, 0
x19 <- 0x00000000


mem[X,0x8000018A] -> 0x2823
mem[X,0x8000018C] -> 0x0732
[118] [M]: 0x8000018A (0x07322823) sw s3, 112(tp)
mem[0x80003184] <- 0x00000000


mem[X,0x8000018E] -> 0x0013
mem[X,0x80000190] -> 0x0000
[119] [M]: 0x8000018E (0x00000013) addi zero, zero, 0


mem[X,0x80000192] -> 0x0013
mem[X,0x80000194] -> 0x0000
[120] [M]: 0x80000192 (0x00000013) addi zero, zero, 0


mem[X,0x80000196] -> 0x0013
mem[X,0x80000198] -> 0x0000
[121] [M]: 0x80000196 (0x00000013) addi zero, zero, 0


mem[X,0x8000019A] -> 0x0013
mem[X,0x8000019C] -> 0x0000
[122] [M]: 0x8000019A (0x00000013) addi zero, zero, 0


mem[X,0x8000019E] -> 0x0001
[123] [M]: 0x8000019E (0x0001) c.nop


mem[X,0x800001A0] -> 0x3097
mem[X,0x800001A2] -> 0x0000
[124] [M]: 0x800001A0 (0x00003097) auipc ra, 3
x1 <- 0x800031A0


mem[X,0x800001A4] -> 0x8093
mem[X,0x800001A6] -> 0xFE80
[125] [M]: 0x800001A4 (0xFE808093) addi ra, ra, 4072
x1 <- 0x80003188


mem[X,0x800001A8] -> 0x0013
mem[X,0x800001AA] -> 0x0000
[126] [M]: 0x800001A8 (0x00000013) addi zero, zero, 0


mem[X,0x800001AC] -> 0x0013
mem[X,0x800001AE] -> 0x0000
[127] [M]: 0x800001AC (0x00000013) addi zero, zero, 0


mem[X,0x800001B0] -> 0x0013
mem[X,0x800001B2] -> 0x0000
[128] [M]: 0x800001B0 (0x00000013) addi zero, zero, 0


mem[X,0x800001B4] -> 0x0013
mem[X,0x800001B6] -> 0x0000
[129] [M]: 0x800001B4 (0x00000013) addi zero, zero, 0


mem[X,0x800001B8] -> 0x0013
mem[X,0x800001BA] -> 0x0000
[130] [M]: 0x800001B8 (0x00000013) addi zero, zero, 0


mem[X,0x800001BC] -> 0x0013
mem[X,0x800001BE] -> 0x0000
[131] [M]: 0x800001BC (0x00000013) addi zero, zero, 0


mem[X,0x800001C0] -> 0x4E01
[132] [M]: 0x800001C0 (0x4E01) c.li t3, 0
x28 <- 0x00000000


mem[X,0x800001C2] -> 0xA023
mem[X,0x800001C4] -> 0x01C0
[133] [M]: 0x800001C2 (0x01C0A023) sw t3, 0(ra)
mem[0x80003188] <- 0x00000000


mem[X,0x800001C6] -> 0x4201
[134] [M]: 0x800001C6 (0x4201) c.li tp, 0
x4 <- 0x00000000


mem[X,0x800001C8] -> 0xA223
mem[X,0x800001CA] -> 0x0040
[135] [M]: 0x800001C8 (0x0040A223) sw tp, 4(ra)
mem[0x8000318C] <- 0x00000000


mem[X,0x800001CC] -> 0x4B81
[136] [M]: 0x800001CC (0x4B81) c.li s7, 0
x23 <- 0x00000000


mem[X,0x800001CE] -> 0xA423
mem[X,0x800001D0] -> 0x0170
[137] [M]: 0x800001CE (0x0170A423) sw s7, 8(ra)
mem[0x80003190] <- 0x00000000


mem[X,0x800001D2] -> 0x006F
mem[X,0x800001D4] -> 0x0200
[138] [M]: 0x800001D2 (0x0200006F) jal zero, 32


mem[X,0x800001F2] -> 0x4085
[139] [M]: 0x800001F2 (0x4085) c.li ra, 1
x1 <- 0x00000001


mem[X,0x800001F4] -> 0x1F17
mem[X,0x800001F6] -> 0x0000
[140] [M]: 0x800001F4 (0x00001F17) auipc t5, 1
x30 <- 0x800011F4


mem[X,0x800001F8] -> 0x2623
mem[X,0x800001FA] -> 0xE01F
[141] [M]: 0x800001F8 (0xE01F2623) sw ra, 3596(t5)
htif[0x80001000] <- 0x00000001


mem[X,0x800001FC] -> 0xBFE5
[142] [M]: 0x800001FC (0xBFE5) c.j 2044


mem[X,0x800001F4] -> 0x1F17
mem[X,0x800001F6] -> 0x0000
[143] [M]: 0x800001F4 (0x00001F17) auipc t5, 1
x30 <- 0x800011F4


mem[X,0x800001F8] -> 0x2623
mem[X,0x800001FA] -> 0xE01F
[144] [M]: 0x800001F8 (0xE01F2623) sw ra, 3596(t5)
htif[0x80001000] <- 0x00000001


mem[X,0x800001FC] -> 0xBFE5
[145] [M]: 0x800001FC (0xBFE5) c.j 2044


mem[X,0x800001F4] -> 0x1F17
mem[X,0x800001F6] -> 0x0000
[146] [M]: 0x800001F4 (0x00001F17) auipc t5, 1
x30 <- 0x800011F4


mem[X,0x800001F8] -> 0x2623
mem[X,0x800001FA] -> 0xE01F
[147] [M]: 0x800001F8 (0xE01F2623) sw ra, 3596(t5)
htif[0x80001000] <- 0x00000001
htif-syscall-proxy cmd: 0x000000000001

SUCCESS
