using /home/force/Desktop/work/compliance_testing/our_riscv/work/riscof_work/I/src/bge-01.S/ref/Reference-sail_c_simulator.signature for test-signature output.
[Sail] Allocating new block 0x80000000
tohost located at 0x80039000
[Sail] Allocating new block 0x0

Running file ref.elf.
ELF Entry @ 0x80000000
begin_signature: 0x8003b110
end_signature: 0x8003ba50
CSR mstatus <- 0x00000000 (input: 0x00000000)
mem[X,0x00001000] -> 0x0297
mem[X,0x00001002] -> 0x0000
[0] [M]: 0x00001000 (0x00000297) auipc t0, 0
x5 <- 0x00001000


mem[X,0x00001004] -> 0x8593
mem[X,0x00001006] -> 0x0202
[1] [M]: 0x00001004 (0x02028593) addi a1, t0, 32
x11 <- 0x00001020


mem[X,0x00001008] -> 0x2573
mem[X,0x0000100A] -> 0xF140
[2] [M]: 0x00001008 (0xF1402573) csrrs a0, mhartid, zero
CSR mhartid -> 0x00000000
x10 <- 0x00000000


mem[X,0x0000100C] -> 0xA283
mem[X,0x0000100E] -> 0x0182
[3] [M]: 0x0000100C (0x0182A283) lw t0, 24(t0)
mem[R,0x00001018] -> 0x80000000
x5 <- 0x80000000


mem[X,0x00001010] -> 0x8067
mem[X,0x00001012] -> 0x0002
[4] [M]: 0x00001010 (0x00028067) jalr zero, t0, 0


mem[X,0x80000000] -> 0xC0B7
mem[X,0x80000002] -> 0xFEED
[5] [M]: 0x80000000 (0xFEEDC0B7) lui ra, 1044188
x1 <- 0xFEEDC000


mem[X,0x80000004] -> 0x8093
mem[X,0x80000006] -> 0xEAD0
[6] [M]: 0x80000004 (0xEAD08093) addi ra, ra, 3757
x1 <- 0xFEEDBEAD


mem[X,0x80000008] -> 0xE137
mem[X,0x8000000A] -> 0xFF76
[7] [M]: 0x80000008 (0xFF76E137) lui sp, 1046382
x2 <- 0xFF76E000


mem[X,0x8000000C] -> 0x0113
mem[X,0x8000000E] -> 0xF561
[8] [M]: 0x8000000C (0xF5610113) addi sp, sp, 3926
x2 <- 0xFF76DF56


mem[X,0x80000010] -> 0x71B7
mem[X,0x80000012] -> 0x7FBB
[9] [M]: 0x80000010 (0x7FBB71B7) lui gp, 523191
x3 <- 0x7FBB7000


mem[X,0x80000014] -> 0x8193
mem[X,0x80000016] -> 0xFAB1
[10] [M]: 0x80000014 (0xFAB18193) addi gp, gp, 4011
x3 <- 0x7FBB6FAB


mem[X,0x80000018] -> 0xB237
mem[X,0x8000001A] -> 0xBFDD
[11] [M]: 0x80000018 (0xBFDDB237) lui tp, 785883
x4 <- 0xBFDDB000


mem[X,0x8000001C] -> 0x0213
mem[X,0x8000001E] -> 0x7D52
[12] [M]: 0x8000001C (0x7D520213) addi tp, tp, 2005
x4 <- 0xBFDDB7D5


mem[X,0x80000020] -> 0x0297
mem[X,0x80000022] -> 0x0000
[13] [M]: 0x80000020 (0x00000297) auipc t0, 0
x5 <- 0x80000020


mem[X,0x80000024] -> 0x8293
mem[X,0x80000026] -> 0x0882
[14] [M]: 0x80000024 (0x08828293) addi t0, t0, 136
x5 <- 0x800000A8


mem[X,0x80000028] -> 0x0013
mem[X,0x8000002A] -> 0x0000
[15] [M]: 0x80000028 (0x00000013) addi zero, zero, 0


mem[X,0x8000002C] -> 0x0013
mem[X,0x8000002E] -> 0x0000
[16] [M]: 0x8000002C (0x00000013) addi zero, zero, 0


mem[X,0x80000030] -> 0x0013
mem[X,0x80000032] -> 0x0000
[17] [M]: 0x80000030 (0x00000013) addi zero, zero, 0


mem[X,0x80000034] -> 0x0013
mem[X,0x80000036] -> 0x0000
[18] [M]: 0x80000034 (0x00000013) addi zero, zero, 0


mem[X,0x80000038] -> 0x0013
mem[X,0x8000003A] -> 0x0000
[19] [M]: 0x80000038 (0x00000013) addi zero, zero, 0


mem[X,0x8000003C] -> 0x0013
mem[X,0x8000003E] -> 0x0000
[20] [M]: 0x8000003C (0x00000013) addi zero, zero, 0


mem[X,0x80000040] -> 0xA317
mem[X,0x80000042] -> 0x0003
[21] [M]: 0x80000040 (0x0003A317) auipc t1, 58
x6 <- 0x8003A040


mem[X,0x80000044] -> 0x0313
mem[X,0x80000046] -> 0xFC03
[22] [M]: 0x80000044 (0xFC030313) addi t1, t1, 4032
x6 <- 0x8003A000


mem[X,0x80000048] -> 0x0013
mem[X,0x8000004A] -> 0x0000
[23] [M]: 0x80000048 (0x00000013) addi zero, zero, 0


mem[X,0x8000004C] -> 0x0013
mem[X,0x8000004E] -> 0x0000
[24] [M]: 0x8000004C (0x00000013) addi zero, zero, 0


mem[X,0x80000050] -> 0x0013
mem[X,0x80000052] -> 0x0000
[25] [M]: 0x80000050 (0x00000013) addi zero, zero, 0


mem[X,0x80000054] -> 0x0013
mem[X,0x80000056] -> 0x0000
[26] [M]: 0x80000054 (0x00000013) addi zero, zero, 0


mem[X,0x80000058] -> 0x0013
mem[X,0x8000005A] -> 0x0000
[27] [M]: 0x80000058 (0x00000013) addi zero, zero, 0


mem[X,0x8000005C] -> 0x0013
mem[X,0x8000005E] -> 0x0000
[28] [M]: 0x8000005C (0x00000013) addi zero, zero, 0


mem[X,0x80000060] -> 0xB3B7
mem[X,0x80000062] -> 0xB7FB
[29] [M]: 0x80000060 (0xB7FBB3B7) lui t2, 753595
x7 <- 0xB7FBB000


mem[X,0x80000064] -> 0x8393
mem[X,0x80000066] -> 0x6FA3
[30] [M]: 0x80000064 (0x6FA38393) addi t2, t2, 1786
x7 <- 0xB7FBB6FA


mem[X,0x80000068] -> 0xE437
mem[X,0x8000006A] -> 0x5BFD
[31] [M]: 0x80000068 (0x5BFDE437) lui fp, 376798
x8 <- 0x5BFDE000


mem[X,0x8000006C] -> 0x0413
mem[X,0x8000006E] -> 0xB7D4
[32] [M]: 0x8000006C (0xB7D40413) addi fp, fp, 2941
x8 <- 0x5BFDDB7D


mem[X,0x80000070] -> 0xF4B7
mem[X,0x80000072] -> 0xADFE
[33] [M]: 0x80000070 (0xADFEF4B7) lui s1, 712687
x9 <- 0xADFEF000


mem[X,0x80000074] -> 0x8493
mem[X,0x80000076] -> 0xDBE4
[34] [M]: 0x80000074 (0xDBE48493) addi s1, s1, 3518
x9 <- 0xADFEEDBE


mem[X,0x80000078] -> 0x7537
mem[X,0x8000007A] -> 0x56FF
[35] [M]: 0x80000078 (0x56FF7537) lui a0, 356343
x10 <- 0x56FF7000


mem[X,0x8000007C] -> 0x0513
mem[X,0x8000007E] -> 0x6DF5
[36] [M]: 0x8000007C (0x6DF50513) addi a0, a0, 1759
x10 <- 0x56FF76DF


mem[X,0x80000080] -> 0xC5B7
mem[X,0x80000082] -> 0xAB7F
[37] [M]: 0x80000080 (0xAB7FC5B7) lui a1, 702460
x11 <- 0xAB7FC000


mem[X,0x80000084] -> 0x8593
mem[X,0x80000086] -> 0xB6F5
[38] [M]: 0x80000084 (0xB6F58593) addi a1, a1, 2927
x11 <- 0xAB7FBB6F


mem[X,0x80000088] -> 0xE637
mem[X,0x8000008A] -> 0xD5BF
[39] [M]: 0x80000088 (0xD5BFE637) lui a2, 875518
x12 <- 0xD5BFE000


mem[X,0x8000008C] -> 0x0613
mem[X,0x8000008E] -> 0xDB76
[40] [M]: 0x8000008C (0xDB760613) addi a2, a2, 3511
x12 <- 0xD5BFDDB7


mem[X,0x80000090] -> 0xF6B7
mem[X,0x80000092] -> 0xEADF
[41] [M]: 0x80000090 (0xEADFF6B7) lui a3, 962047
x13 <- 0xEADFF000


mem[X,0x80000094] -> 0x8693
mem[X,0x80000096] -> 0xEDB6
[42] [M]: 0x80000094 (0xEDB68693) addi a3, a3, 3803
x13 <- 0xEADFEEDB


mem[X,0x80000098] -> 0xF737
mem[X,0x8000009A] -> 0xF56F
[43] [M]: 0x80000098 (0xF56FF737) lui a4, 1005311
x14 <- 0xF56FF000


mem[X,0x8000009C] -> 0x0713
mem[X,0x8000009E] -> 0x76D7
[44] [M]: 0x8000009C (0x76D70713) addi a4, a4, 1901
x14 <- 0xF56FF76D


mem[X,0x800000A0] -> 0x07B7
mem[X,0x800000A2] -> 0xFAB8
[45] [M]: 0x800000A0 (0xFAB807B7) lui a5, 1026944
x15 <- 0xFAB80000


mem[X,0x800000A4] -> 0x8793
mem[X,0x800000A6] -> 0xBB67
[46] [M]: 0x800000A4 (0xBB678793) addi a5, a5, 2998
x15 <- 0xFAB7FBB6


mem[X,0x800000A8] -> 0x0013
mem[X,0x800000AA] -> 0x0000
[47] [M]: 0x800000A8 (0x00000013) addi zero, zero, 0


mem[X,0x800000AC] -> 0x0013
mem[X,0x800000AE] -> 0x0000
[48] [M]: 0x800000AC (0x00000013) addi zero, zero, 0


mem[X,0x800000B0] -> 0x0013
mem[X,0x800000B2] -> 0x0000
[49] [M]: 0x800000B0 (0x00000013) addi zero, zero, 0


mem[X,0x800000B4] -> 0x0013
mem[X,0x800000B6] -> 0x0000
[50] [M]: 0x800000B4 (0x00000013) addi zero, zero, 0


mem[X,0x800000B8] -> 0x0013
mem[X,0x800000BA] -> 0x0000
[51] [M]: 0x800000B8 (0x00000013) addi zero, zero, 0


mem[X,0x800000BC] -> 0x0013
mem[X,0x800000BE] -> 0x0000
[52] [M]: 0x800000BC (0x00000013) addi zero, zero, 0


mem[X,0x800000C0] -> 0xB097
mem[X,0x800000C2] -> 0x0003
[53] [M]: 0x800000C0 (0x0003B097) auipc ra, 59
x1 <- 0x8003B0C0


mem[X,0x800000C4] -> 0x8093
mem[X,0x800000C6] -> 0x0540
[54] [M]: 0x800000C4 (0x05408093) addi ra, ra, 84
x1 <- 0x8003B114


mem[X,0x800000C8] -> 0x0013
mem[X,0x800000CA] -> 0x0000
[55] [M]: 0x800000C8 (0x00000013) addi zero, zero, 0


mem[X,0x800000CC] -> 0x0013
mem[X,0x800000CE] -> 0x0000
[56] [M]: 0x800000CC (0x00000013) addi zero, zero, 0


mem[X,0x800000D0] -> 0x0013
mem[X,0x800000D2] -> 0x0000
[57] [M]: 0x800000D0 (0x00000013) addi zero, zero, 0


mem[X,0x800000D4] -> 0x0013
mem[X,0x800000D6] -> 0x0000
[58] [M]: 0x800000D4 (0x00000013) addi zero, zero, 0


mem[X,0x800000D8] -> 0x0013
mem[X,0x800000DA] -> 0x0000
[59] [M]: 0x800000D8 (0x00000013) addi zero, zero, 0


mem[X,0x800000DC] -> 0x0013
mem[X,0x800000DE] -> 0x0000
[60] [M]: 0x800000DC (0x00000013) addi zero, zero, 0


mem[X,0x800000E0] -> 0x0DB7
mem[X,0x800000E2] -> 0x0001
[61] [M]: 0x800000E0 (0x00010DB7) lui s11, 16
x27 <- 0x00010000


mem[X,0x800000E4] -> 0x0DB7
mem[X,0x800000E6] -> 0x0001
[62] [M]: 0x800000E4 (0x00010DB7) lui s11, 16
x27 <- 0x00010000


mem[X,0x800000E8] -> 0x0193
mem[X,0x800000EA] -> 0x0000
[63] [M]: 0x800000E8 (0x00000193) addi gp, zero, 0
x3 <- 0x00000000


mem[X,0x800000EC] -> 0x006F
mem[X,0x800000EE] -> 0x00C0
[64] [M]: 0x800000EC (0x00C0006F) jal zero, 12


mem[X,0x800000F8] -> 0xD063
mem[X,0x800000FA] -> 0x21BD
[65] [M]: 0x800000F8 (0x21BDD063) bge s11, s11, 512


mem[X,0x800002F8] -> 0x8193
mem[X,0x800002FA] -> 0x0031
[66] [M]: 0x800002F8 (0x00318193) addi gp, gp, 3
x3 <- 0x00000003


mem[X,0x800002FC] -> 0x006F
mem[X,0x800002FE] -> 0x0040
[67] [M]: 0x800002FC (0x0040006F) jal zero, 4


mem[X,0x80000300] -> 0xA023
mem[X,0x80000302] -> 0x0030
[68] [M]: 0x80000300 (0x0030A023) sw gp, 0(ra)
mem[0x8003B114] <- 0x00000003


mem[X,0x80000304] -> 0x0693
mem[X,0x80000306] -> 0x0020
[69] [M]: 0x80000304 (0x00200693) addi a3, zero, 2
x13 <- 0x00000002


mem[X,0x80000308] -> 0x02B7
mem[X,0x8000030A] -> 0xFF80
[70] [M]: 0x80000308 (0xFF8002B7) lui t0, 1046528
x5 <- 0xFF800000


mem[X,0x8000030C] -> 0x8293
mem[X,0x8000030E] -> 0xFFF2
[71] [M]: 0x8000030C (0xFFF28293) addi t0, t0, 4095
x5 <- 0xFF7FFFFF


mem[X,0x80000310] -> 0x0193
mem[X,0x80000312] -> 0x0000
[72] [M]: 0x80000310 (0x00000193) addi gp, zero, 0
x3 <- 0x00000000


mem[X,0x80000314] -> 0x006F
mem[X,0x80000316] -> 0x00C0
[73] [M]: 0x80000314 (0x00C0006F) jal zero, 12


mem[X,0x80000320] -> 0xD063
mem[X,0x80000322] -> 0x0856
[74] [M]: 0x80000320 (0x0856D063) bge a3, t0, 128


mem[X,0x800003A0] -> 0x8193
mem[X,0x800003A2] -> 0x0031
[75] [M]: 0x800003A0 (0x00318193) addi gp, gp, 3
x3 <- 0x00000003


mem[X,0x800003A4] -> 0x006F
mem[X,0x800003A6] -> 0x0040
[76] [M]: 0x800003A4 (0x0040006F) jal zero, 4


mem[X,0x800003A8] -> 0xA223
mem[X,0x800003AA] -> 0x0030
[77] [M]: 0x800003A8 (0x0030A223) sw gp, 4(ra)
mem[0x8003B118] <- 0x00000003


mem[X,0x800003AC] -> 0x0393
mem[X,0x800003AE] -> 0xFFE0
[78] [M]: 0x800003AC (0xFFE00393) addi t2, zero, 4094
x7 <- 0xFFFFFFFE


mem[X,0x800003B0] -> 0x0A13
mem[X,0x800003B2] -> 0xFF60
[79] [M]: 0x800003B0 (0xFF600A13) addi s4, zero, 4086
x20 <- 0xFFFFFFF6


mem[X,0x800003B4] -> 0x0193
mem[X,0x800003B6] -> 0x0000
[80] [M]: 0x800003B4 (0x00000193) addi gp, zero, 0
x3 <- 0x00000000


mem[X,0x800003B8] -> 0x006F
mem[X,0x800003BA] -> 0x00C0
[81] [M]: 0x800003B8 (0x00C0006F) jal zero, 12


mem[X,0x800003C4] -> 0xD663
mem[X,0x800003C6] -> 0x0143
[82] [M]: 0x800003C4 (0x0143D663) bge t2, s4, 12


mem[X,0x800003D0] -> 0x8193
mem[X,0x800003D2] -> 0x0031
[83] [M]: 0x800003D0 (0x00318193) addi gp, gp, 3
x3 <- 0x00000003


mem[X,0x800003D4] -> 0x006F
mem[X,0x800003D6] -> 0x0040
[84] [M]: 0x800003D4 (0x0040006F) jal zero, 4


mem[X,0x800003D8] -> 0xA423
mem[X,0x800003DA] -> 0x0030
[85] [M]: 0x800003D8 (0x0030A423) sw gp, 8(ra)
mem[0x8003B11C] <- 0x00000003


mem[X,0x800003DC] -> 0x0BB7
mem[X,0x800003DE] -> 0xF800
[86] [M]: 0x800003DC (0xF8000BB7) lui s7, 1015808
x23 <- 0xF8000000


mem[X,0x800003E0] -> 0x8B93
mem[X,0x800003E2] -> 0xFFFB
[87] [M]: 0x800003E0 (0xFFFB8B93) addi s7, s7, 4095
x23 <- 0xF7FFFFFF


mem[X,0x800003E4] -> 0x0713
mem[X,0x800003E6] -> 0x0020
[88] [M]: 0x800003E4 (0x00200713) addi a4, zero, 2
x14 <- 0x00000002


mem[X,0x800003E8] -> 0x0193
mem[X,0x800003EA] -> 0x0000
[89] [M]: 0x800003E8 (0x00000193) addi gp, zero, 0
x3 <- 0x00000000


mem[X,0x800003EC] -> 0x006F
mem[X,0x800003EE] -> 0x00C0
[90] [M]: 0x800003EC (0x00C0006F) jal zero, 12


mem[X,0x800003F8] -> 0xD063
mem[X,0x800003FA] -> 0x02EB
[91] [M]: 0x800003F8 (0x02EBD063) bge s7, a4, 32


mem[X,0x800003FC] -> 0x8193
mem[X,0x800003FE] -> 0x0021
[92] [M]: 0x800003FC (0x00218193) addi gp, gp, 2
x3 <- 0x00000002


mem[X,0x80000400] -> 0x006F
mem[X,0x80000402] -> 0x0200
[93] [M]: 0x80000400 (0x0200006F) jal zero, 32


mem[X,0x80000420] -> 0xA623
mem[X,0x80000422] -> 0x0030
[94] [M]: 0x80000420 (0x0030A623) sw gp, 12(ra)
mem[0x8003B120] <- 0x00000002


mem[X,0x80000424] -> 0x0B13
mem[X,0x80000426] -> 0xFFB0
[95] [M]: 0x80000424 (0xFFB00B13) addi s6, zero, 4091
x22 <- 0xFFFFFFFB


mem[X,0x80000428] -> 0x0793
mem[X,0x8000042A] -> 0xFFB0
[96] [M]: 0x80000428 (0xFFB00793) addi a5, zero, 4091
x15 <- 0xFFFFFFFB


mem[X,0x8000042C] -> 0x0193
mem[X,0x8000042E] -> 0x0000
[97] [M]: 0x8000042C (0x00000193) addi gp, zero, 0
x3 <- 0x00000000


mem[X,0x80000430] -> 0x006F
mem[X,0x80000432] -> 0x00C0
[98] [M]: 0x80000430 (0x00C0006F) jal zero, 12


mem[X,0x8000043C] -> 0x5663
mem[X,0x8000043E] -> 0x00FB
[99] [M]: 0x8000043C (0x00FB5663) bge s6, a5, 12


clint::tick mtime <- 0x0000000000000001
 clint timer pending at mtime 0x0000000000000001
htif::tick 0x0000000000000000
mem[X,0x80000448] -> 0x8193
mem[X,0x8000044A] -> 0x0031
[100] [M]: 0x80000448 (0x00318193) addi gp, gp, 3
x3 <- 0x00000003


mem[X,0x8000044C] -> 0x006F
mem[X,0x8000044E] -> 0x0040
[101] [M]: 0x8000044C (0x0040006F) jal zero, 4


mem[X,0x80000450] -> 0xA823
mem[X,0x80000452] -> 0x0030
[102] [M]: 0x80000450 (0x0030A823) sw gp, 16(ra)
mem[0x8003B124] <- 0x00000003


mem[X,0x80000454] -> 0x67B7
mem[X,0x80000456] -> 0x6666
[103] [M]: 0x80000454 (0x666667B7) lui a5, 419430
x15 <- 0x66666000


mem[X,0x80000458] -> 0x8793
mem[X,0x8000045A] -> 0x6677
[104] [M]: 0x80000458 (0x66778793) addi a5, a5, 1639
x15 <- 0x66666667


mem[X,0x8000045C] -> 0x6D37
mem[X,0x8000045E] -> 0x6666
[105] [M]: 0x8000045C (0x66666D37) lui s10, 419430
x26 <- 0x66666000


mem[X,0x80000460] -> 0x0D13
mem[X,0x80000462] -> 0x667D
[106] [M]: 0x80000460 (0x667D0D13) addi s10, s10, 1639
x26 <- 0x66666667


mem[X,0x80000464] -> 0x0193
mem[X,0x80000466] -> 0x0000
[107] [M]: 0x80000464 (0x00000193) addi gp, zero, 0
x3 <- 0x00000000


mem[X,0x80000468] -> 0x006F
mem[X,0x8000046A] -> 0x0140
[108] [M]: 0x80000468 (0x0140006F) jal zero, 20


mem[X,0x8000047C] -> 0xD8E3
mem[X,0x8000047E] -> 0xFFA7
[109] [M]: 0x8000047C (0xFFA7D8E3) bge a5, s10, 8176


mem[X,0x8000046C] -> 0x8193
mem[X,0x8000046E] -> 0x0011
[110] [M]: 0x8000046C (0x00118193) addi gp, gp, 1
x3 <- 0x00000001


mem[X,0x80000470] -> 0x006F
mem[X,0x80000472] -> 0x0200
[111] [M]: 0x80000470 (0x0200006F) jal zero, 32


mem[X,0x80000490] -> 0xAA23
mem[X,0x80000492] -> 0x0030
[112] [M]: 0x80000490 (0x0030AA23) sw gp, 20(ra)
mem[0x8003B128] <- 0x00000001


mem[X,0x80000494] -> 0x0713
mem[X,0x80000496] -> 0xFF80
[113] [M]: 0x80000494 (0xFF800713) addi a4, zero, 4088
x14 <- 0xFFFFFFF8


mem[X,0x80000498] -> 0x0C37
mem[X,0x8000049A] -> 0xFE00
[114] [M]: 0x80000498 (0xFE000C37) lui s8, 1040384
x24 <- 0xFE000000


mem[X,0x8000049C] -> 0x0C13
mem[X,0x8000049E] -> 0xFFFC
[115] [M]: 0x8000049C (0xFFFC0C13) addi s8, s8, 4095
x24 <- 0xFDFFFFFF


mem[X,0x800004A0] -> 0x0193
mem[X,0x800004A2] -> 0x0000
[116] [M]: 0x800004A0 (0x00000193) addi gp, zero, 0
x3 <- 0x00000000


mem[X,0x800004A4] -> 0x006F
mem[X,0x800004A6] -> 0x0050
[117] [M]: 0x800004A4 (0x0050006F) jal zero, 2052


mem[X,0x80000CA8] -> 0x50E3
mem[X,0x80000CAA] -> 0x8187
[118] [M]: 0x80000CA8 (0x818750E3) bge a4, s8, 6144


mem[X,0x800004A8] -> 0x8193
mem[X,0x800004AA] -> 0x0011
[119] [M]: 0x800004A8 (0x00118193) addi gp, gp, 1
x3 <- 0x00000001


mem[X,0x800004AC] -> 0x006F
mem[X,0x800004AE] -> 0x0110
[120] [M]: 0x800004AC (0x0110006F) jal zero, 2064


mem[X,0x80000CBC] -> 0xAC23
mem[X,0x80000CBE] -> 0x0030
[121] [M]: 0x80000CBC (0x0030AC23) sw gp, 24(ra)
mem[0x8003B12C] <- 0x00000001


mem[X,0x80000CC0] -> 0x5EB7
mem[X,0x80000CC2] -> 0xFFFF
[122] [M]: 0x80000CC0 (0xFFFF5EB7) lui t4, 1048565
x29 <- 0xFFFF5000


mem[X,0x80000CC4] -> 0x8E93
mem[X,0x80000CC6] -> 0xAFCE
[123] [M]: 0x80000CC4 (0xAFCE8E93) addi t4, t4, 2812
x29 <- 0xFFFF4AFC


mem[X,0x80000CC8] -> 0x08B7
mem[X,0x80000CCA] -> 0x0001
[124] [M]: 0x80000CC8 (0x000108B7) lui a7, 16
x17 <- 0x00010000


mem[X,0x80000CCC] -> 0x0193
mem[X,0x80000CCE] -> 0x0000
[125] [M]: 0x80000CCC (0x00000193) addi gp, zero, 0
x3 <- 0x00000000


mem[X,0x80000CD0] -> 0x006F
mem[X,0x80000CD2] -> 0x0050
[126] [M]: 0x80000CD0 (0x0050006F) jal zero, 2052


mem[X,0x800014D4] -> 0xD0E3
mem[X,0x800014D6] -> 0x811E
[127] [M]: 0x800014D4 (0x811ED0E3) bge t4, a7, 6144


mem[X,0x800014D8] -> 0x8193
mem[X,0x800014DA] -> 0x0021
[128] [M]: 0x800014D8 (0x00218193) addi gp, gp, 2
x3 <- 0x00000002


mem[X,0x800014DC] -> 0x006F
mem[X,0x800014DE] -> 0x00C0
[129] [M]: 0x800014DC (0x00C0006F) jal zero, 12


mem[X,0x800014E8] -> 0xAE23
mem[X,0x800014EA] -> 0x0030
[130] [M]: 0x800014E8 (0x0030AE23) sw gp, 28(ra)
mem[0x8003B130] <- 0x00000002


mem[X,0x800014EC] -> 0x0593
mem[X,0x800014EE] -> 0x0800
[131] [M]: 0x800014EC (0x08000593) addi a1, zero, 128
x11 <- 0x00000080


mem[X,0x800014F0] -> 0x0993
mem[X,0x800014F2] -> 0x0010
[132] [M]: 0x800014F0 (0x00100993) addi s3, zero, 1
x19 <- 0x00000001


mem[X,0x800014F4] -> 0x0193
mem[X,0x800014F6] -> 0x0000
[133] [M]: 0x800014F4 (0x00000193) addi gp, zero, 0
x3 <- 0x00000000


mem[X,0x800014F8] -> 0x006F
mem[X,0x800014FA] -> 0x00C0
[134] [M]: 0x800014F8 (0x00C0006F) jal zero, 12


mem[X,0x80001504] -> 0xD663
mem[X,0x80001506] -> 0x0135
[135] [M]: 0x80001504 (0x0135D663) bge a1, s3, 12


mem[X,0x80001510] -> 0x8193
mem[X,0x80001512] -> 0x0031
[136] [M]: 0x80001510 (0x00318193) addi gp, gp, 3
x3 <- 0x00000003


mem[X,0x80001514] -> 0x006F
mem[X,0x80001516] -> 0x0040
[137] [M]: 0x80001514 (0x0040006F) jal zero, 4


mem[X,0x80001518] -> 0xA023
mem[X,0x8000151A] -> 0x0230
[138] [M]: 0x80001518 (0x0230A023) sw gp, 32(ra)
mem[0x8003B134] <- 0x00000003


mem[X,0x8000151C] -> 0x0337
mem[X,0x8000151E] -> 0x0040
[139] [M]: 0x8000151C (0x00400337) lui t1, 1024
x6 <- 0x00400000


mem[X,0x80001520] -> 0x0913
mem[X,0x80001522] -> 0x0080
[140] [M]: 0x80001520 (0x00800913) addi s2, zero, 8
x18 <- 0x00000008


mem[X,0x80001524] -> 0x0193
mem[X,0x80001526] -> 0x0000
[141] [M]: 0x80001524 (0x00000193) addi gp, zero, 0
x3 <- 0x00000000


mem[X,0x80001528] -> 0x006F
mem[X,0x8000152A] -> 0x00C0
[142] [M]: 0x80001528 (0x00C0006F) jal zero, 12


mem[X,0x80001534] -> 0x5663
mem[X,0x80001536] -> 0x0123
[143] [M]: 0x80001534 (0x01235663) bge t1, s2, 12


mem[X,0x80001540] -> 0x8193
mem[X,0x80001542] -> 0x0031
[144] [M]: 0x80001540 (0x00318193) addi gp, gp, 3
x3 <- 0x00000003


mem[X,0x80001544] -> 0x006F
mem[X,0x80001546] -> 0x0040
[145] [M]: 0x80001544 (0x0040006F) jal zero, 4


mem[X,0x80001548] -> 0xA223
mem[X,0x8000154A] -> 0x0230
[146] [M]: 0x80001548 (0x0230A223) sw gp, 36(ra)
mem[0x8003B138] <- 0x00000003


mem[X,0x8000154C] -> 0x0E13
mem[X,0x8000154E] -> 0xFFF0
[147] [M]: 0x8000154C (0xFFF00E13) addi t3, zero, 4095
x28 <- 0xFFFFFFFF


mem[X,0x80001550] -> 0x0413
mem[X,0x80001552] -> 0x0100
[148] [M]: 0x80001550 (0x01000413) addi fp, zero, 16
x8 <- 0x00000010


mem[X,0x80001554] -> 0x0193
mem[X,0x80001556] -> 0x0000
[149] [M]: 0x80001554 (0x00000193) addi gp, zero, 0
x3 <- 0x00000000


mem[X,0x80001558] -> 0x006F
mem[X,0x8000155A] -> 0x00C0
[150] [M]: 0x80001558 (0x00C0006F) jal zero, 12


mem[X,0x80001564] -> 0x5063
mem[X,0x80001566] -> 0x408E
[151] [M]: 0x80001564 (0x408E5063) bge t3, fp, 1024


mem[X,0x80001568] -> 0x8193
mem[X,0x8000156A] -> 0x0021
[152] [M]: 0x80001568 (0x00218193) addi gp, gp, 2
x3 <- 0x00000002


mem[X,0x8000156C] -> 0x006F
mem[X,0x8000156E] -> 0x4000
[153] [M]: 0x8000156C (0x4000006F) jal zero, 1024


mem[X,0x8000196C] -> 0xA423
mem[X,0x8000196E] -> 0x0230
[154] [M]: 0x8000196C (0x0230A423) sw gp, 40(ra)
mem[0x8003B13C] <- 0x00000002


mem[X,0x80001970] -> 0x0A13
mem[X,0x80001972] -> 0x0400
[155] [M]: 0x80001970 (0x04000A13) addi s4, zero, 64
x20 <- 0x00000040


mem[X,0x80001974] -> 0x0E93
mem[X,0x80001976] -> 0x0200
[156] [M]: 0x80001974 (0x02000E93) addi t4, zero, 32
x29 <- 0x00000020


mem[X,0x80001978] -> 0x0193
mem[X,0x8000197A] -> 0x0000
[157] [M]: 0x80001978 (0x00000193) addi gp, zero, 0
x3 <- 0x00000000


mem[X,0x8000197C] -> 0x006F
mem[X,0x8000197E] -> 0x00C0
[158] [M]: 0x8000197C (0x00C0006F) jal zero, 12


mem[X,0x80001988] -> 0x5863
mem[X,0x8000198A] -> 0x01DA
[159] [M]: 0x80001988 (0x01DA5863) bge s4, t4, 16


mem[X,0x80001998] -> 0x8193
mem[X,0x8000199A] -> 0x0031
[160] [M]: 0x80001998 (0x00318193) addi gp, gp, 3
x3 <- 0x00000003


mem[X,0x8000199C] -> 0x006F
mem[X,0x8000199E] -> 0x0040
[161] [M]: 0x8000199C (0x0040006F) jal zero, 4


mem[X,0x800019A0] -> 0xA623
mem[X,0x800019A2] -> 0x0230
[162] [M]: 0x800019A0 (0x0230A623) sw gp, 44(ra)
mem[0x8003B140] <- 0x00000003


mem[X,0x800019A4] -> 0x0C37
mem[X,0x800019A6] -> 0xFFF0
[163] [M]: 0x800019A4 (0xFFF00C37) lui s8, 1048320
x24 <- 0xFFF00000


mem[X,0x800019A8] -> 0x0C13
mem[X,0x800019AA] -> 0xFFFC
[164] [M]: 0x800019A8 (0xFFFC0C13) addi s8, s8, 4095
x24 <- 0xFFEFFFFF


mem[X,0x800019AC] -> 0x0213
mem[X,0x800019AE] -> 0x0400
[165] [M]: 0x800019AC (0x04000213) addi tp, zero, 64
x4 <- 0x00000040


mem[X,0x800019B0] -> 0x0193
mem[X,0x800019B2] -> 0x0000
[166] [M]: 0x800019B0 (0x00000193) addi gp, zero, 0
x3 <- 0x00000000


mem[X,0x800019B4] -> 0x006F
mem[X,0x800019B6] -> 0x00C0
[167] [M]: 0x800019B4 (0x00C0006F) jal zero, 12


mem[X,0x800019C0] -> 0x5663
mem[X,0x800019C2] -> 0x004C
[168] [M]: 0x800019C0 (0x004C5663) bge s8, tp, 12


mem[X,0x800019C4] -> 0x8193
mem[X,0x800019C6] -> 0x0021
[169] [M]: 0x800019C4 (0x00218193) addi gp, gp, 2
x3 <- 0x00000002


mem[X,0x800019C8] -> 0x006F
mem[X,0x800019CA] -> 0x00C0
[170] [M]: 0x800019C8 (0x00C0006F) jal zero, 12


mem[X,0x800019D4] -> 0xA823
mem[X,0x800019D6] -> 0x0230
[171] [M]: 0x800019D4 (0x0230A823) sw gp, 48(ra)
mem[0x8003B144] <- 0x00000002


mem[X,0x800019D8] -> 0x3637
mem[X,0x800019DA] -> 0x3333
[172] [M]: 0x800019D8 (0x33333637) lui a2, 209715
x12 <- 0x33333000


mem[X,0x800019DC] -> 0x0613
mem[X,0x800019DE] -> 0x3336
[173] [M]: 0x800019DC (0x33360613) addi a2, a2, 819
x12 <- 0x33333333


mem[X,0x800019E0] -> 0x0513
mem[X,0x800019E2] -> 0x0800
[174] [M]: 0x800019E0 (0x08000513) addi a0, zero, 128
x10 <- 0x00000080


mem[X,0x800019E4] -> 0x0193
mem[X,0x800019E6] -> 0x0000
[175] [M]: 0x800019E4 (0x00000193) addi gp, zero, 0
x3 <- 0x00000000


mem[X,0x800019E8] -> 0x006F
mem[X,0x800019EA] -> 0x00C0
[176] [M]: 0x800019E8 (0x00C0006F) jal zero, 12


mem[X,0x800019F4] -> 0x5CE3
mem[X,0x800019F6] -> 0xFEA6
[177] [M]: 0x800019F4 (0xFEA65CE3) bge a2, a0, 8184


mem[X,0x800019EC] -> 0x8193
mem[X,0x800019EE] -> 0x0011
[178] [M]: 0x800019EC (0x00118193) addi gp, gp, 1
x3 <- 0x00000001


mem[X,0x800019F0] -> 0x006F
mem[X,0x800019F2] -> 0x0180
[179] [M]: 0x800019F0 (0x0180006F) jal zero, 24


mem[X,0x80001A08] -> 0xAA23
mem[X,0x80001A0A] -> 0x0230
[180] [M]: 0x80001A08 (0x0230AA23) sw gp, 52(ra)
mem[0x8003B148] <- 0x00000001


mem[X,0x80001A0C] -> 0x0213
mem[X,0x80001A0E] -> 0x0800
[181] [M]: 0x80001A0C (0x08000213) addi tp, zero, 128
x4 <- 0x00000080


mem[X,0x80001A10] -> 0x0613
mem[X,0x80001A12] -> 0x1000
[182] [M]: 0x80001A10 (0x10000613) addi a2, zero, 256
x12 <- 0x00000100


mem[X,0x80001A14] -> 0x0193
mem[X,0x80001A16] -> 0x0000
[183] [M]: 0x80001A14 (0x00000193) addi gp, zero, 0
x3 <- 0x00000000


mem[X,0x80001A18] -> 0x006F
mem[X,0x80001A1A] -> 0x2B10
[184] [M]: 0x80001A18 (0x2B10006F) jal zero, 2736


mem[X,0x800024C8] -> 0x5A63
mem[X,0x800024CA] -> 0xD4C2
[185] [M]: 0x800024C8 (0xD4C25A63) bge tp, a2, 5460


mem[X,0x800024CC] -> 0x8193
mem[X,0x800024CE] -> 0x0021
[186] [M]: 0x800024CC (0x00218193) addi gp, gp, 2
x3 <- 0x00000002


mem[X,0x800024D0] -> 0x006F
mem[X,0x800024D2] -> 0x00C0
[187] [M]: 0x800024D0 (0x00C0006F) jal zero, 12


mem[X,0x800024DC] -> 0xAC23
mem[X,0x800024DE] -> 0x0230
[188] [M]: 0x800024DC (0x0230AC23) sw gp, 56(ra)
mem[0x8003B14C] <- 0x00000002


mem[X,0x800024E0] -> 0x0113
mem[X,0x800024E2] -> 0x0000
[189] [M]: 0x800024E0 (0x00000113) addi sp, zero, 0
x2 <- 0x00000000


mem[X,0x800024E4] -> 0x0013
mem[X,0x800024E6] -> 0x0000
[190] [M]: 0x800024E4 (0x00000013) addi zero, zero, 0


mem[X,0x800024E8] -> 0x0193
mem[X,0x800024EA] -> 0x0000
[191] [M]: 0x800024E8 (0x00000193) addi gp, zero, 0
x3 <- 0x00000000


mem[X,0x800024EC] -> 0x006F
mem[X,0x800024EE] -> 0x0180
[192] [M]: 0x800024EC (0x0180006F) jal zero, 24


mem[X,0x80002504] -> 0x56E3
mem[X,0x80002506] -> 0xFE01
[193] [M]: 0x80002504 (0xFE0156E3) bge sp, zero, 8172


mem[X,0x800024F0] -> 0x8193
mem[X,0x800024F2] -> 0x0011
[194] [M]: 0x800024F0 (0x00118193) addi gp, gp, 1
x3 <- 0x00000001


mem[X,0x800024F4] -> 0x006F
mem[X,0x800024F6] -> 0x0240
[195] [M]: 0x800024F4 (0x0240006F) jal zero, 36


mem[X,0x80002518] -> 0xAE23
mem[X,0x8000251A] -> 0x0230
[196] [M]: 0x80002518 (0x0230AE23) sw gp, 60(ra)
mem[0x8003B150] <- 0x00000001


mem[X,0x8000251C] -> 0x0493
mem[X,0x8000251E] -> 0x0080
[197] [M]: 0x8000251C (0x00800493) addi s1, zero, 8
x9 <- 0x00000008


mem[X,0x80002520] -> 0x0B13
mem[X,0x80002522] -> 0x4000
[198] [M]: 0x80002520 (0x40000B13) addi s6, zero, 1024
x22 <- 0x00000400


mem[X,0x80002524] -> 0x0193
mem[X,0x80002526] -> 0x0000
[199] [M]: 0x80002524 (0x00000193) addi gp, zero, 0
x3 <- 0x00000000


clint::tick mtime <- 0x0000000000000002
 clint timer pending at mtime 0x0000000000000002
htif::tick 0x0000000000000000
mem[X,0x80002528] -> 0x006F
mem[X,0x8000252A] -> 0x0100
[200] [M]: 0x80002528 (0x0100006F) jal zero, 16


mem[X,0x80002538] -> 0xDAE3
mem[X,0x8000253A] -> 0xFF64
[201] [M]: 0x80002538 (0xFF64DAE3) bge s1, s6, 8180


mem[X,0x8000253C] -> 0x8193
mem[X,0x8000253E] -> 0x0021
[202] [M]: 0x8000253C (0x00218193) addi gp, gp, 2
x3 <- 0x00000002


mem[X,0x80002540] -> 0x006F
mem[X,0x80002542] -> 0x00C0
[203] [M]: 0x80002540 (0x00C0006F) jal zero, 12


mem[X,0x8000254C] -> 0xA023
mem[X,0x8000254E] -> 0x0430
[204] [M]: 0x8000254C (0x0430A023) sw gp, 64(ra)
mem[0x8003B154] <- 0x00000002


mem[X,0x80002550] -> 0x0893
mem[X,0x80002552] -> 0x0000
[205] [M]: 0x80002550 (0x00000893) addi a7, zero, 0
x17 <- 0x00000000


mem[X,0x80002554] -> 0x1FB7
mem[X,0x80002556] -> 0x0000
[206] [M]: 0x80002554 (0x00001FB7) lui t6, 1
x31 <- 0x00001000


mem[X,0x80002558] -> 0x8F93
mem[X,0x8000255A] -> 0x800F
[207] [M]: 0x80002558 (0x800F8F93) addi t6, t6, 2048
x31 <- 0x00000800


mem[X,0x8000255C] -> 0x0193
mem[X,0x8000255E] -> 0x0000
[208] [M]: 0x8000255C (0x00000193) addi gp, zero, 0
x3 <- 0x00000000


mem[X,0x80002560] -> 0x006F
mem[X,0x80002562] -> 0x00C0
[209] [M]: 0x80002560 (0x00C0006F) jal zero, 12


mem[X,0x8000256C] -> 0xDCE3
mem[X,0x8000256E] -> 0xFFF8
[210] [M]: 0x8000256C (0xFFF8DCE3) bge a7, t6, 8184


mem[X,0x80002570] -> 0x8193
mem[X,0x80002572] -> 0x0021
[211] [M]: 0x80002570 (0x00218193) addi gp, gp, 2
x3 <- 0x00000002


mem[X,0x80002574] -> 0x006F
mem[X,0x80002576] -> 0x00C0
[212] [M]: 0x80002574 (0x00C0006F) jal zero, 12


mem[X,0x80002580] -> 0xA223
mem[X,0x80002582] -> 0x0430
[213] [M]: 0x80002580 (0x0430A223) sw gp, 68(ra)
mem[0x8003B158] <- 0x00000002


mem[X,0x80002584] -> 0xB537
mem[X,0x80002586] -> 0xAAAA
[214] [M]: 0x80002584 (0xAAAAB537) lui a0, 699051
x10 <- 0xAAAAB000


mem[X,0x80002588] -> 0x0513
mem[X,0x8000258A] -> 0xAAA5
[215] [M]: 0x80002588 (0xAAA50513) addi a0, a0, 2730
x10 <- 0xAAAAAAAA


mem[X,0x8000258C] -> 0x1F37
mem[X,0x8000258E] -> 0x0000
[216] [M]: 0x8000258C (0x00001F37) lui t5, 1
x30 <- 0x00001000


mem[X,0x80002590] -> 0x0193
mem[X,0x80002592] -> 0x0000
[217] [M]: 0x80002590 (0x00000193) addi gp, zero, 0
x3 <- 0x00000000


mem[X,0x80002594] -> 0x006F
mem[X,0x80002596] -> 0x00C0
[218] [M]: 0x80002594 (0x00C0006F) jal zero, 12


mem[X,0x800025A0] -> 0x5063
mem[X,0x800025A2] -> 0x03E5
[219] [M]: 0x800025A0 (0x03E55063) bge a0, t5, 32


mem[X,0x800025A4] -> 0x8193
mem[X,0x800025A6] -> 0x0021
[220] [M]: 0x800025A4 (0x00218193) addi gp, gp, 2
x3 <- 0x00000002


mem[X,0x800025A8] -> 0x006F
mem[X,0x800025AA] -> 0x0200
[221] [M]: 0x800025A8 (0x0200006F) jal zero, 32


mem[X,0x800025C8] -> 0xA423
mem[X,0x800025CA] -> 0x0430
[222] [M]: 0x800025C8 (0x0430A423) sw gp, 72(ra)
mem[0x8003B15C] <- 0x00000002


mem[X,0x800025CC] -> 0x6CB7
mem[X,0x800025CE] -> 0x6666
[223] [M]: 0x800025CC (0x66666CB7) lui s9, 419430
x25 <- 0x66666000


mem[X,0x800025D0] -> 0x8C93
mem[X,0x800025D2] -> 0x665C
[224] [M]: 0x800025D0 (0x665C8C93) addi s9, s9, 1637
x25 <- 0x66666665


mem[X,0x800025D4] -> 0x25B7
mem[X,0x800025D6] -> 0x0000
[225] [M]: 0x800025D4 (0x000025B7) lui a1, 2
x11 <- 0x00002000


mem[X,0x800025D8] -> 0x0193
mem[X,0x800025DA] -> 0x0000
[226] [M]: 0x800025D8 (0x00000193) addi gp, zero, 0
x3 <- 0x00000000


mem[X,0x800025DC] -> 0x006F
mem[X,0x800025DE] -> 0x00C0
[227] [M]: 0x800025DC (0x00C0006F) jal zero, 12


mem[X,0x800025E8] -> 0xD663
mem[X,0x800025EA] -> 0x00BC
[228] [M]: 0x800025E8 (0x00BCD663) bge s9, a1, 12


mem[X,0x800025F4] -> 0x8193
mem[X,0x800025F6] -> 0x0031
[229] [M]: 0x800025F4 (0x00318193) addi gp, gp, 3
x3 <- 0x00000003


mem[X,0x800025F8] -> 0x006F
mem[X,0x800025FA] -> 0x0040
[230] [M]: 0x800025F8 (0x0040006F) jal zero, 4


mem[X,0x800025FC] -> 0xA623
mem[X,0x800025FE] -> 0x0430
[231] [M]: 0x800025FC (0x0430A623) sw gp, 76(ra)
mem[0x8003B160] <- 0x00000003


mem[X,0x80002600] -> 0x0A93
mem[X,0x80002602] -> 0x0050
[232] [M]: 0x80002600 (0x00500A93) addi s5, zero, 5
x21 <- 0x00000005


mem[X,0x80002604] -> 0x46B7
mem[X,0x80002606] -> 0x0000
[233] [M]: 0x80002604 (0x000046B7) lui a3, 4
x13 <- 0x00004000


mem[X,0x80002608] -> 0x0613
mem[X,0x8000260A] -> 0x0000
[234] [M]: 0x80002608 (0x00000613) addi a2, zero, 0
x12 <- 0x00000000


mem[X,0x8000260C] -> 0x006F
mem[X,0x8000260E] -> 0x00C0
[235] [M]: 0x8000260C (0x00C0006F) jal zero, 12


mem[X,0x80002618] -> 0xD063
mem[X,0x8000261A] -> 0x10DA
[236] [M]: 0x80002618 (0x10DAD063) bge s5, a3, 256


mem[X,0x8000261C] -> 0x0613
mem[X,0x8000261E] -> 0x0026
[237] [M]: 0x8000261C (0x00260613) addi a2, a2, 2
x12 <- 0x00000002


mem[X,0x80002620] -> 0x006F
mem[X,0x80002622] -> 0x1000
[238] [M]: 0x80002620 (0x1000006F) jal zero, 256


mem[X,0x80002720] -> 0xA823
mem[X,0x80002722] -> 0x04C0
[239] [M]: 0x80002720 (0x04C0A823) sw a2, 80(ra)
mem[0x8003B164] <- 0x00000002


mem[X,0x80002724] -> 0x0013
mem[X,0x80002726] -> 0x0000
[240] [M]: 0x80002724 (0x00000013) addi zero, zero, 0


mem[X,0x80002728] -> 0x0013
mem[X,0x8000272A] -> 0x0000
[241] [M]: 0x80002728 (0x00000013) addi zero, zero, 0


mem[X,0x8000272C] -> 0x0013
mem[X,0x8000272E] -> 0x0000
[242] [M]: 0x8000272C (0x00000013) addi zero, zero, 0


mem[X,0x80002730] -> 0x0013
mem[X,0x80002732] -> 0x0000
[243] [M]: 0x80002730 (0x00000013) addi zero, zero, 0


mem[X,0x80002734] -> 0x0013
mem[X,0x80002736] -> 0x0000
[244] [M]: 0x80002734 (0x00000013) addi zero, zero, 0


mem[X,0x80002738] -> 0x0013
mem[X,0x8000273A] -> 0x0000
[245] [M]: 0x80002738 (0x00000013) addi zero, zero, 0


mem[X,0x8000273C] -> 0x0013
mem[X,0x8000273E] -> 0x0000
[246] [M]: 0x8000273C (0x00000013) addi zero, zero, 0


mem[X,0x80002740] -> 0x9217
mem[X,0x80002742] -> 0x0003
[247] [M]: 0x80002740 (0x00039217) auipc tp, 57
x4 <- 0x8003B740


mem[X,0x80002744] -> 0x0213
mem[X,0x80002746] -> 0xA282
[248] [M]: 0x80002744 (0xA2820213) addi tp, tp, 2600
x4 <- 0x8003B168


mem[X,0x80002748] -> 0x0013
mem[X,0x8000274A] -> 0x0000
[249] [M]: 0x80002748 (0x00000013) addi zero, zero, 0


mem[X,0x8000274C] -> 0x0013
mem[X,0x8000274E] -> 0x0000
[250] [M]: 0x8000274C (0x00000013) addi zero, zero, 0


mem[X,0x80002750] -> 0x0013
mem[X,0x80002752] -> 0x0000
[251] [M]: 0x80002750 (0x00000013) addi zero, zero, 0


mem[X,0x80002754] -> 0x0013
mem[X,0x80002756] -> 0x0000
[252] [M]: 0x80002754 (0x00000013) addi zero, zero, 0


mem[X,0x80002758] -> 0x0013
mem[X,0x8000275A] -> 0x0000
[253] [M]: 0x80002758 (0x00000013) addi zero, zero, 0


mem[X,0x8000275C] -> 0x0013
mem[X,0x8000275E] -> 0x0000
[254] [M]: 0x8000275C (0x00000013) addi zero, zero, 0


mem[X,0x80002760] -> 0x0437
mem[X,0x80002762] -> 0x0008
[255] [M]: 0x80002760 (0x00080437) lui fp, 128
x8 <- 0x00080000


mem[X,0x80002764] -> 0x8837
mem[X,0x80002766] -> 0x0000
[256] [M]: 0x80002764 (0x00008837) lui a6, 8
x16 <- 0x00008000


mem[X,0x80002768] -> 0x0613
mem[X,0x8000276A] -> 0x0000
[257] [M]: 0x80002768 (0x00000613) addi a2, zero, 0
x12 <- 0x00000000


mem[X,0x8000276C] -> 0x006F
mem[X,0x8000276E] -> 0x00C0
[258] [M]: 0x8000276C (0x00C0006F) jal zero, 12


mem[X,0x80002778] -> 0x5063
mem[X,0x8000277A] -> 0x2104
[259] [M]: 0x80002778 (0x21045063) bge fp, a6, 512


mem[X,0x80002978] -> 0x0613
mem[X,0x8000297A] -> 0x0036
[260] [M]: 0x80002978 (0x00360613) addi a2, a2, 3
x12 <- 0x00000003


mem[X,0x8000297C] -> 0x006F
mem[X,0x8000297E] -> 0x0040
[261] [M]: 0x8000297C (0x0040006F) jal zero, 4


mem[X,0x80002980] -> 0x2023
mem[X,0x80002982] -> 0x00C2
[262] [M]: 0x80002980 (0x00C22023) sw a2, 0(tp)
mem[0x8003B168] <- 0x00000003


mem[X,0x80002984] -> 0x0913
mem[X,0x80002986] -> 0x0000
[263] [M]: 0x80002984 (0x00000913) addi s2, zero, 0
x18 <- 0x00000000


mem[X,0x80002988] -> 0x00B7
mem[X,0x8000298A] -> 0x0002
[264] [M]: 0x80002988 (0x000200B7) lui ra, 32
x1 <- 0x00020000


mem[X,0x8000298C] -> 0x0613
mem[X,0x8000298E] -> 0x0000
[265] [M]: 0x8000298C (0x00000613) addi a2, zero, 0
x12 <- 0x00000000


mem[X,0x80002990] -> 0x006F
mem[X,0x80002992] -> 0x00C0
[266] [M]: 0x80002990 (0x00C0006F) jal zero, 12


mem[X,0x8000299C] -> 0x5663
mem[X,0x8000299E] -> 0x0019
[267] [M]: 0x8000299C (0x00195663) bge s2, ra, 12


mem[X,0x800029A0] -> 0x0613
mem[X,0x800029A2] -> 0x0026
[268] [M]: 0x800029A0 (0x00260613) addi a2, a2, 2
x12 <- 0x00000002


mem[X,0x800029A4] -> 0x006F
mem[X,0x800029A6] -> 0x00C0
[269] [M]: 0x800029A4 (0x00C0006F) jal zero, 12


mem[X,0x800029B0] -> 0x2223
mem[X,0x800029B2] -> 0x00C2
[270] [M]: 0x800029B0 (0x00C22223) sw a2, 4(tp)
mem[0x8003B16C] <- 0x00000002


mem[X,0x800029B4] -> 0x0813
mem[X,0x800029B6] -> 0x0080
[271] [M]: 0x800029B4 (0x00800813) addi a6, zero, 8
x16 <- 0x00000008


mem[X,0x800029B8] -> 0x04B7
mem[X,0x800029BA] -> 0x0004
[272] [M]: 0x800029B8 (0x000404B7) lui s1, 64
x9 <- 0x00040000


mem[X,0x800029BC] -> 0x0613
mem[X,0x800029BE] -> 0x0000
[273] [M]: 0x800029BC (0x00000613) addi a2, zero, 0
x12 <- 0x00000000


mem[X,0x800029C0] -> 0x006F
mem[X,0x800029C2] -> 0x0050
[274] [M]: 0x800029C0 (0x0050006F) jal zero, 2052


mem[X,0x800031C4] -> 0x50E3
mem[X,0x800031C6] -> 0x8098
[275] [M]: 0x800031C4 (0x809850E3) bge a6, s1, 6144


mem[X,0x800031C8] -> 0x0613
mem[X,0x800031CA] -> 0x0026
[276] [M]: 0x800031C8 (0x00260613) addi a2, a2, 2
x12 <- 0x00000002


mem[X,0x800031CC] -> 0x006F
mem[X,0x800031CE] -> 0x00C0
[277] [M]: 0x800031CC (0x00C0006F) jal zero, 12


mem[X,0x800031D8] -> 0x2423
mem[X,0x800031DA] -> 0x00C2
[278] [M]: 0x800031D8 (0x00C22423) sw a2, 8(tp)
mem[0x8003B170] <- 0x00000002


mem[X,0x800031DC] -> 0x02B7
mem[X,0x800031DE] -> 0xF800
[279] [M]: 0x800031DC (0xF80002B7) lui t0, 1015808
x5 <- 0xF8000000


mem[X,0x800031E0] -> 0x8293
mem[X,0x800031E2] -> 0xFFF2
[280] [M]: 0x800031E0 (0xFFF28293) addi t0, t0, 4095
x5 <- 0xF7FFFFFF


mem[X,0x800031E4] -> 0x0137
mem[X,0x800031E6] -> 0x0008
[281] [M]: 0x800031E4 (0x00080137) lui sp, 128
x2 <- 0x00080000


mem[X,0x800031E8] -> 0x0613
mem[X,0x800031EA] -> 0x0000
[282] [M]: 0x800031E8 (0x00000613) addi a2, zero, 0
x12 <- 0x00000000


mem[X,0x800031EC] -> 0x006F
mem[X,0x800031EE] -> 0x00C0
[283] [M]: 0x800031EC (0x00C0006F) jal zero, 12


mem[X,0x800031F8] -> 0xDCE3
mem[X,0x800031FA] -> 0xFE22
[284] [M]: 0x800031F8 (0xFE22DCE3) bge t0, sp, 8184


mem[X,0x800031FC] -> 0x0613
mem[X,0x800031FE] -> 0x0026
[285] [M]: 0x800031FC (0x00260613) addi a2, a2, 2
x12 <- 0x00000002


mem[X,0x80003200] -> 0x006F
mem[X,0x80003202] -> 0x00C0
[286] [M]: 0x80003200 (0x00C0006F) jal zero, 12


mem[X,0x8000320C] -> 0x2623
mem[X,0x8000320E] -> 0x00C2
[287] [M]: 0x8000320C (0x00C22623) sw a2, 12(tp)
mem[0x8003B174] <- 0x00000002


mem[X,0x80003210] -> 0x0D37
mem[X,0x80003212] -> 0xFFFC
[288] [M]: 0x80003210 (0xFFFC0D37) lui s10, 1048512
x26 <- 0xFFFC0000


mem[X,0x80003214] -> 0x0D13
mem[X,0x80003216] -> 0xFFFD
[289] [M]: 0x80003214 (0xFFFD0D13) addi s10, s10, 4095
x26 <- 0xFFFBFFFF


mem[X,0x80003218] -> 0x0AB7
mem[X,0x8000321A] -> 0x0010
[290] [M]: 0x80003218 (0x00100AB7) lui s5, 256
x21 <- 0x00100000


mem[X,0x8000321C] -> 0x0613
mem[X,0x8000321E] -> 0x0000
[291] [M]: 0x8000321C (0x00000613) addi a2, zero, 0
x12 <- 0x00000000


mem[X,0x80003220] -> 0x006F
mem[X,0x80003222] -> 0x00C0
[292] [M]: 0x80003220 (0x00C0006F) jal zero, 12


mem[X,0x8000322C] -> 0x5063
mem[X,0x8000322E] -> 0x035D
[293] [M]: 0x8000322C (0x035D5063) bge s10, s5, 32


mem[X,0x80003230] -> 0x0613
mem[X,0x80003232] -> 0x0026
[294] [M]: 0x80003230 (0x00260613) addi a2, a2, 2
x12 <- 0x00000002


mem[X,0x80003234] -> 0x006F
mem[X,0x80003236] -> 0x0200
[295] [M]: 0x80003234 (0x0200006F) jal zero, 32


mem[X,0x80003254] -> 0x2823
mem[X,0x80003256] -> 0x00C2
[296] [M]: 0x80003254 (0x00C22823) sw a2, 16(tp)
mem[0x8003B178] <- 0x00000002


mem[X,0x80003258] -> 0x0F13
mem[X,0x8000325A] -> 0xFFF0
[297] [M]: 0x80003258 (0xFFF00F13) addi t5, zero, 4095
x30 <- 0xFFFFFFFF


mem[X,0x8000325C] -> 0x03B7
mem[X,0x8000325E] -> 0x0020
[298] [M]: 0x8000325C (0x002003B7) lui t2, 512
x7 <- 0x00200000


mem[X,0x80003260] -> 0x0613
mem[X,0x80003262] -> 0x0000
[299] [M]: 0x80003260 (0x00000613) addi a2, zero, 0
x12 <- 0x00000000


clint::tick mtime <- 0x0000000000000003
 clint timer pending at mtime 0x0000000000000003
htif::tick 0x0000000000000000
mem[X,0x80003264] -> 0x006F
mem[X,0x80003266] -> 0x00C0
[300] [M]: 0x80003264 (0x00C0006F) jal zero, 12


mem[X,0x80003270] -> 0x5063
mem[X,0x80003272] -> 0x107F
[301] [M]: 0x80003270 (0x107F5063) bge t5, t2, 256


mem[X,0x80003274] -> 0x0613
mem[X,0x80003276] -> 0x0026
[302] [M]: 0x80003274 (0x00260613) addi a2, a2, 2
x12 <- 0x00000002


mem[X,0x80003278] -> 0x006F
mem[X,0x8000327A] -> 0x1000
[303] [M]: 0x80003278 (0x1000006F) jal zero, 256


mem[X,0x80003378] -> 0x2A23
mem[X,0x8000337A] -> 0x00C2
[304] [M]: 0x80003378 (0x00C22A23) sw a2, 20(tp)
mem[0x8003B17C] <- 0x00000002


mem[X,0x8000337C] -> 0x0013
mem[X,0x8000337E] -> 0x0000
[305] [M]: 0x8000337C (0x00000013) addi zero, zero, 0


mem[X,0x80003380] -> 0x0337
mem[X,0x80003382] -> 0x0040
[306] [M]: 0x80003380 (0x00400337) lui t1, 1024
x6 <- 0x00400000


mem[X,0x80003384] -> 0x0613
mem[X,0x80003386] -> 0x0000
[307] [M]: 0x80003384 (0x00000613) addi a2, zero, 0
x12 <- 0x00000000


mem[X,0x80003388] -> 0x006F
mem[X,0x8000338A] -> 0x00C0
[308] [M]: 0x80003388 (0x00C0006F) jal zero, 12


mem[X,0x80003394] -> 0x5063
mem[X,0x80003396] -> 0x0460
[309] [M]: 0x80003394 (0x04605063) bge zero, t1, 64


mem[X,0x80003398] -> 0x0613
mem[X,0x8000339A] -> 0x0026
[310] [M]: 0x80003398 (0x00260613) addi a2, a2, 2
x12 <- 0x00000002


mem[X,0x8000339C] -> 0x006F
mem[X,0x8000339E] -> 0x0400
[311] [M]: 0x8000339C (0x0400006F) jal zero, 64


mem[X,0x800033DC] -> 0x2C23
mem[X,0x800033DE] -> 0x00C2
[312] [M]: 0x800033DC (0x00C22C23) sw a2, 24(tp)
mem[0x8003B180] <- 0x00000002


mem[X,0x800033E0] -> 0xE1B7
mem[X,0x800033E2] -> 0xFFFF
[313] [M]: 0x800033E0 (0xFFFFE1B7) lui gp, 1048574
x3 <- 0xFFFFE000


mem[X,0x800033E4] -> 0x8193
mem[X,0x800033E6] -> 0xFFF1
[314] [M]: 0x800033E4 (0xFFF18193) addi gp, gp, 4095
x3 <- 0xFFFFDFFF


mem[X,0x800033E8] -> 0x0BB7
mem[X,0x800033EA] -> 0x0080
[315] [M]: 0x800033E8 (0x00800BB7) lui s7, 2048
x23 <- 0x00800000


mem[X,0x800033EC] -> 0x0613
mem[X,0x800033EE] -> 0x0000
[316] [M]: 0x800033EC (0x00000613) addi a2, zero, 0
x12 <- 0x00000000


mem[X,0x800033F0] -> 0x006F
mem[X,0x800033F2] -> 0x0180
[317] [M]: 0x800033F0 (0x0180006F) jal zero, 24


mem[X,0x80003408] -> 0xD6E3
mem[X,0x8000340A] -> 0xFF71
[318] [M]: 0x80003408 (0xFF71D6E3) bge gp, s7, 8172


mem[X,0x8000340C] -> 0x0613
mem[X,0x8000340E] -> 0x0026
[319] [M]: 0x8000340C (0x00260613) addi a2, a2, 2
x12 <- 0x00000002


mem[X,0x80003410] -> 0x006F
mem[X,0x80003412] -> 0x00C0
[320] [M]: 0x80003410 (0x00C0006F) jal zero, 12


mem[X,0x8000341C] -> 0x2E23
mem[X,0x8000341E] -> 0x00C2
[321] [M]: 0x8000341C (0x00C22E23) sw a2, 28(tp)
mem[0x8003B184] <- 0x00000002


mem[X,0x80003420] -> 0xB0B7
mem[X,0x80003422] -> 0x0000
[322] [M]: 0x80003420 (0x0000B0B7) lui ra, 11
x1 <- 0x0000B000


mem[X,0x80003424] -> 0x8093
mem[X,0x80003426] -> 0x5050
[323] [M]: 0x80003424 (0x50508093) addi ra, ra, 1285
x1 <- 0x0000B505


mem[X,0x80003428] -> 0x0CB7
mem[X,0x8000342A] -> 0x0100
[324] [M]: 0x80003428 (0x01000CB7) lui s9, 4096
x25 <- 0x01000000


mem[X,0x8000342C] -> 0x0613
mem[X,0x8000342E] -> 0x0000
[325] [M]: 0x8000342C (0x00000613) addi a2, zero, 0
x12 <- 0x00000000


mem[X,0x80003430] -> 0x006F
mem[X,0x80003432] -> 0x00C0
[326] [M]: 0x80003430 (0x00C0006F) jal zero, 12


mem[X,0x8000343C] -> 0xD063
mem[X,0x8000343E] -> 0x0390
[327] [M]: 0x8000343C (0x0390D063) bge ra, s9, 32


mem[X,0x80003440] -> 0x0613
mem[X,0x80003442] -> 0x0026
[328] [M]: 0x80003440 (0x00260613) addi a2, a2, 2
x12 <- 0x00000002


mem[X,0x80003444] -> 0x006F
mem[X,0x80003446] -> 0x0200
[329] [M]: 0x80003444 (0x0200006F) jal zero, 32


mem[X,0x80003464] -> 0x2023
mem[X,0x80003466] -> 0x02C2
[330] [M]: 0x80003464 (0x02C22023) sw a2, 32(tp)
mem[0x8003B188] <- 0x00000002


mem[X,0x80003468] -> 0x0993
mem[X,0x8000346A] -> 0xFF80
[331] [M]: 0x80003468 (0xFF800993) addi s3, zero, 4088
x19 <- 0xFFFFFFF8


mem[X,0x8000346C] -> 0x0E37
mem[X,0x8000346E] -> 0x0200
[332] [M]: 0x8000346C (0x02000E37) lui t3, 8192
x28 <- 0x02000000


mem[X,0x80003470] -> 0x0613
mem[X,0x80003472] -> 0x0000
[333] [M]: 0x80003470 (0x00000613) addi a2, zero, 0
x12 <- 0x00000000


mem[X,0x80003474] -> 0x006F
mem[X,0x80003476] -> 0x00C0
[334] [M]: 0x80003474 (0x00C0006F) jal zero, 12


mem[X,0x80003480] -> 0xD063
mem[X,0x80003482] -> 0x41C9
[335] [M]: 0x80003480 (0x41C9D063) bge s3, t3, 1024


mem[X,0x80003484] -> 0x0613
mem[X,0x80003486] -> 0x0026
[336] [M]: 0x80003484 (0x00260613) addi a2, a2, 2
x12 <- 0x00000002


mem[X,0x80003488] -> 0x006F
mem[X,0x8000348A] -> 0x4000
[337] [M]: 0x80003488 (0x4000006F) jal zero, 1024


mem[X,0x80003888] -> 0x2223
mem[X,0x8000388A] -> 0x02C2
[338] [M]: 0x80003888 (0x02C22223) sw a2, 36(tp)
mem[0x8003B18C] <- 0x00000002


mem[X,0x8000388C] -> 0x0F93
mem[X,0x8000388E] -> 0x0000
[339] [M]: 0x8000388C (0x00000F93) addi t6, zero, 0
x31 <- 0x00000000


mem[X,0x80003890] -> 0x01B7
mem[X,0x80003892] -> 0x0400
[340] [M]: 0x80003890 (0x040001B7) lui gp, 16384
x3 <- 0x04000000


mem[X,0x80003894] -> 0x0613
mem[X,0x80003896] -> 0x0000
[341] [M]: 0x80003894 (0x00000613) addi a2, zero, 0
x12 <- 0x00000000


mem[X,0x80003898] -> 0x006F
mem[X,0x8000389A] -> 0x00C0
[342] [M]: 0x80003898 (0x00C0006F) jal zero, 12


mem[X,0x800038A4] -> 0xD063
mem[X,0x800038A6] -> 0x403F
[343] [M]: 0x800038A4 (0x403FD063) bge t6, gp, 1024


mem[X,0x800038A8] -> 0x0613
mem[X,0x800038AA] -> 0x0026
[344] [M]: 0x800038A8 (0x00260613) addi a2, a2, 2
x12 <- 0x00000002


mem[X,0x800038AC] -> 0x006F
mem[X,0x800038AE] -> 0x4000
[345] [M]: 0x800038AC (0x4000006F) jal zero, 1024


mem[X,0x80003CAC] -> 0x2423
mem[X,0x80003CAE] -> 0x02C2
[346] [M]: 0x80003CAC (0x02C22423) sw a2, 40(tp)
mem[0x8003B190] <- 0x00000002


mem[X,0x80003CB0] -> 0xB537
mem[X,0x80003CB2] -> 0xAAAA
[347] [M]: 0x80003CB0 (0xAAAAB537) lui a0, 699051
x10 <- 0xAAAAB000


mem[X,0x80003CB4] -> 0x0513
mem[X,0x80003CB6] -> 0xAAA5
[348] [M]: 0x80003CB4 (0xAAA50513) addi a0, a0, 2730
x10 <- 0xAAAAAAAA


mem[X,0x80003CB8] -> 0x05B7
mem[X,0x80003CBA] -> 0x0800
[349] [M]: 0x80003CB8 (0x080005B7) lui a1, 32768
x11 <- 0x08000000


mem[X,0x80003CBC] -> 0x0613
mem[X,0x80003CBE] -> 0x0000
[350] [M]: 0x80003CBC (0x00000613) addi a2, zero, 0
x12 <- 0x00000000


mem[X,0x80003CC0] -> 0x006F
mem[X,0x80003CC2] -> 0x00C0
[351] [M]: 0x80003CC0 (0x00C0006F) jal zero, 12


mem[X,0x80003CCC] -> 0x5CE3
mem[X,0x80003CCE] -> 0xFEB5
[352] [M]: 0x80003CCC (0xFEB55CE3) bge a0, a1, 8184


mem[X,0x80003CD0] -> 0x0613
mem[X,0x80003CD2] -> 0x0026
[353] [M]: 0x80003CD0 (0x00260613) addi a2, a2, 2
x12 <- 0x00000002


mem[X,0x80003CD4] -> 0x006F
mem[X,0x80003CD6] -> 0x00C0
[354] [M]: 0x80003CD4 (0x00C0006F) jal zero, 12


mem[X,0x80003CE0] -> 0x2623
mem[X,0x80003CE2] -> 0x02C2
[355] [M]: 0x80003CE0 (0x02C22623) sw a2, 44(tp)
mem[0x8003B194] <- 0x00000002


mem[X,0x80003CE4] -> 0x0537
mem[X,0x80003CE6] -> 0xFFF8
[356] [M]: 0x80003CE4 (0xFFF80537) lui a0, 1048448
x10 <- 0xFFF80000


mem[X,0x80003CE8] -> 0x0513
mem[X,0x80003CEA] -> 0xFFF5
[357] [M]: 0x80003CE8 (0xFFF50513) addi a0, a0, 4095
x10 <- 0xFFF7FFFF


mem[X,0x80003CEC] -> 0x05B7
mem[X,0x80003CEE] -> 0x1000
[358] [M]: 0x80003CEC (0x100005B7) lui a1, 65536
x11 <- 0x10000000


mem[X,0x80003CF0] -> 0x0613
mem[X,0x80003CF2] -> 0x0000
[359] [M]: 0x80003CF0 (0x00000613) addi a2, zero, 0
x12 <- 0x00000000


mem[X,0x80003CF4] -> 0x006F
mem[X,0x80003CF6] -> 0x00C0
[360] [M]: 0x80003CF4 (0x00C0006F) jal zero, 12


mem[X,0x80003D00] -> 0x5063
mem[X,0x80003D02] -> 0x40B5
[361] [M]: 0x80003D00 (0x40B55063) bge a0, a1, 1024


mem[X,0x80003D04] -> 0x0613
mem[X,0x80003D06] -> 0x0026
[362] [M]: 0x80003D04 (0x00260613) addi a2, a2, 2
x12 <- 0x00000002


mem[X,0x80003D08] -> 0x006F
mem[X,0x80003D0A] -> 0x4000
[363] [M]: 0x80003D08 (0x4000006F) jal zero, 1024


mem[X,0x80004108] -> 0x2823
mem[X,0x8000410A] -> 0x02C2
[364] [M]: 0x80004108 (0x02C22823) sw a2, 48(tp)
mem[0x8003B198] <- 0x00000002


mem[X,0x8000410C] -> 0xF537
mem[X,0x8000410E] -> 0xFFFF
[365] [M]: 0x8000410C (0xFFFFF537) lui a0, 1048575
x10 <- 0xFFFFF000


mem[X,0x80004110] -> 0x0513
mem[X,0x80004112] -> 0xFFF5
[366] [M]: 0x80004110 (0xFFF50513) addi a0, a0, 4095
x10 <- 0xFFFFEFFF


mem[X,0x80004114] -> 0x05B7
mem[X,0x80004116] -> 0x2000
[367] [M]: 0x80004114 (0x200005B7) lui a1, 131072
x11 <- 0x20000000


mem[X,0x80004118] -> 0x0613
mem[X,0x8000411A] -> 0x0000
[368] [M]: 0x80004118 (0x00000613) addi a2, zero, 0
x12 <- 0x00000000


mem[X,0x8000411C] -> 0x006F
mem[X,0x8000411E] -> 0x0180
[369] [M]: 0x8000411C (0x0180006F) jal zero, 24


mem[X,0x80004134] -> 0x56E3
mem[X,0x80004136] -> 0xFEB5
[370] [M]: 0x80004134 (0xFEB556E3) bge a0, a1, 8172


mem[X,0x80004138] -> 0x0613
mem[X,0x8000413A] -> 0x0026
[371] [M]: 0x80004138 (0x00260613) addi a2, a2, 2
x12 <- 0x00000002


mem[X,0x8000413C] -> 0x006F
mem[X,0x8000413E] -> 0x00C0
[372] [M]: 0x8000413C (0x00C0006F) jal zero, 12


mem[X,0x80004148] -> 0x2A23
mem[X,0x8000414A] -> 0x02C2
[373] [M]: 0x80004148 (0x02C22A23) sw a2, 52(tp)
mem[0x8003B19C] <- 0x00000002


mem[X,0x8000414C] -> 0x0513
mem[X,0x8000414E] -> 0x0000
[374] [M]: 0x8000414C (0x00000513) addi a0, zero, 0
x10 <- 0x00000000


mem[X,0x80004150] -> 0x05B7
mem[X,0x80004152] -> 0x4000
[375] [M]: 0x80004150 (0x400005B7) lui a1, 262144
x11 <- 0x40000000


mem[X,0x80004154] -> 0x0613
mem[X,0x80004156] -> 0x0000
[376] [M]: 0x80004154 (0x00000613) addi a2, zero, 0
x12 <- 0x00000000


mem[X,0x80004158] -> 0x006F
mem[X,0x8000415A] -> 0x00C0
[377] [M]: 0x80004158 (0x00C0006F) jal zero, 12


mem[X,0x80004164] -> 0x5CE3
mem[X,0x80004166] -> 0xFEB5
[378] [M]: 0x80004164 (0xFEB55CE3) bge a0, a1, 8184


mem[X,0x80004168] -> 0x0613
mem[X,0x8000416A] -> 0x0026
[379] [M]: 0x80004168 (0x00260613) addi a2, a2, 2
x12 <- 0x00000002


mem[X,0x8000416C] -> 0x006F
mem[X,0x8000416E] -> 0x00C0
[380] [M]: 0x8000416C (0x00C0006F) jal zero, 12


mem[X,0x80004178] -> 0x2C23
mem[X,0x8000417A] -> 0x02C2
[381] [M]: 0x80004178 (0x02C22C23) sw a2, 56(tp)
mem[0x8003B1A0] <- 0x00000002


mem[X,0x8000417C] -> 0x0513
mem[X,0x8000417E] -> 0xFFA0
[382] [M]: 0x8000417C (0xFFA00513) addi a0, zero, 4090
x10 <- 0xFFFFFFFA


mem[X,0x80004180] -> 0x05B7
mem[X,0x80004182] -> 0x8000
[383] [M]: 0x80004180 (0x800005B7) lui a1, 524288
x11 <- 0x80000000


mem[X,0x80004184] -> 0x0613
mem[X,0x80004186] -> 0x0000
[384] [M]: 0x80004184 (0x00000613) addi a2, zero, 0
x12 <- 0x00000000


mem[X,0x80004188] -> 0x006F
mem[X,0x8000418A] -> 0x00C0
[385] [M]: 0x80004188 (0x00C0006F) jal zero, 12


mem[X,0x80004194] -> 0x5063
mem[X,0x80004196] -> 0x10B5
[386] [M]: 0x80004194 (0x10B55063) bge a0, a1, 256


mem[X,0x80004294] -> 0x0613
mem[X,0x80004296] -> 0x0036
[387] [M]: 0x80004294 (0x00360613) addi a2, a2, 3
x12 <- 0x00000003


mem[X,0x80004298] -> 0x006F
mem[X,0x8000429A] -> 0x0040
[388] [M]: 0x80004298 (0x0040006F) jal zero, 4


mem[X,0x8000429C] -> 0x2E23
mem[X,0x8000429E] -> 0x02C2
[389] [M]: 0x8000429C (0x02C22E23) sw a2, 60(tp)
mem[0x8003B1A4] <- 0x00000003


mem[X,0x800042A0] -> 0x0537
mem[X,0x800042A2] -> 0x0004
[390] [M]: 0x800042A0 (0x00040537) lui a0, 64
x10 <- 0x00040000


mem[X,0x800042A4] -> 0x0593
mem[X,0x800042A6] -> 0xFFE0
[391] [M]: 0x800042A4 (0xFFE00593) addi a1, zero, 4094
x11 <- 0xFFFFFFFE


mem[X,0x800042A8] -> 0x0613
mem[X,0x800042AA] -> 0x0000
[392] [M]: 0x800042A8 (0x00000613) addi a2, zero, 0
x12 <- 0x00000000


mem[X,0x800042AC] -> 0x006F
mem[X,0x800042AE] -> 0x00C0
[393] [M]: 0x800042AC (0x00C0006F) jal zero, 12


mem[X,0x800042B8] -> 0x5CE3
mem[X,0x800042BA] -> 0xFEB5
[394] [M]: 0x800042B8 (0xFEB55CE3) bge a0, a1, 8184


mem[X,0x800042B0] -> 0x0613
mem[X,0x800042B2] -> 0x0016
[395] [M]: 0x800042B0 (0x00160613) addi a2, a2, 1
x12 <- 0x00000001


mem[X,0x800042B4] -> 0x006F
mem[X,0x800042B6] -> 0x0180
[396] [M]: 0x800042B4 (0x0180006F) jal zero, 24


mem[X,0x800042CC] -> 0x2023
mem[X,0x800042CE] -> 0x04C2
[397] [M]: 0x800042CC (0x04C22023) sw a2, 64(tp)
mem[0x8003B1A8] <- 0x00000001


mem[X,0x800042D0] -> 0x0537
mem[X,0x800042D2] -> 0x1000
[398] [M]: 0x800042D0 (0x10000537) lui a0, 65536
x10 <- 0x10000000


mem[X,0x800042D4] -> 0x0593
mem[X,0x800042D6] -> 0xFFD0
[399] [M]: 0x800042D4 (0xFFD00593) addi a1, zero, 4093
x11 <- 0xFFFFFFFD


clint::tick mtime <- 0x0000000000000004
 clint timer pending at mtime 0x0000000000000004
htif::tick 0x0000000000000000
mem[X,0x800042D8] -> 0x0613
mem[X,0x800042DA] -> 0x0000
[400] [M]: 0x800042D8 (0x00000613) addi a2, zero, 0
x12 <- 0x00000000


mem[X,0x800042DC] -> 0x006F
mem[X,0x800042DE] -> 0x0140
[401] [M]: 0x800042DC (0x0140006F) jal zero, 20


mem[X,0x800042F0] -> 0x58E3
mem[X,0x800042F2] -> 0xFEB5
[402] [M]: 0x800042F0 (0xFEB558E3) bge a0, a1, 8176


mem[X,0x800042E0] -> 0x0613
mem[X,0x800042E2] -> 0x0016
[403] [M]: 0x800042E0 (0x00160613) addi a2, a2, 1
x12 <- 0x00000001


mem[X,0x800042E4] -> 0x006F
mem[X,0x800042E6] -> 0x0200
[404] [M]: 0x800042E4 (0x0200006F) jal zero, 32


mem[X,0x80004304] -> 0x2223
mem[X,0x80004306] -> 0x04C2
[405] [M]: 0x80004304 (0x04C22223) sw a2, 68(tp)
mem[0x8003B1AC] <- 0x00000001


mem[X,0x80004308] -> 0x0513
mem[X,0x8000430A] -> 0xFFE0
[406] [M]: 0x80004308 (0xFFE00513) addi a0, zero, 4094
x10 <- 0xFFFFFFFE


mem[X,0x8000430C] -> 0x0593
mem[X,0x8000430E] -> 0xFF70
[407] [M]: 0x8000430C (0xFF700593) addi a1, zero, 4087
x11 <- 0xFFFFFFF7


mem[X,0x80004310] -> 0x0613
mem[X,0x80004312] -> 0x0000
[408] [M]: 0x80004310 (0x00000613) addi a2, zero, 0
x12 <- 0x00000000


mem[X,0x80004314] -> 0x006F
mem[X,0x80004316] -> 0x00C0
[409] [M]: 0x80004314 (0x00C0006F) jal zero, 12


mem[X,0x80004320] -> 0x5CE3
mem[X,0x80004322] -> 0xFEB5
[410] [M]: 0x80004320 (0xFEB55CE3) bge a0, a1, 8184


mem[X,0x80004318] -> 0x0613
mem[X,0x8000431A] -> 0x0016
[411] [M]: 0x80004318 (0x00160613) addi a2, a2, 1
x12 <- 0x00000001


mem[X,0x8000431C] -> 0x006F
mem[X,0x8000431E] -> 0x0180
[412] [M]: 0x8000431C (0x0180006F) jal zero, 24


mem[X,0x80004334] -> 0x2423
mem[X,0x80004336] -> 0x04C2
[413] [M]: 0x80004334 (0x04C22423) sw a2, 72(tp)
mem[0x8003B1B0] <- 0x00000001


mem[X,0x80004338] -> 0x0537
mem[X,0x8000433A] -> 0x8000
[414] [M]: 0x80004338 (0x80000537) lui a0, 524288
x10 <- 0x80000000


mem[X,0x8000433C] -> 0x0593
mem[X,0x8000433E] -> 0xFEF0
[415] [M]: 0x8000433C (0xFEF00593) addi a1, zero, 4079
x11 <- 0xFFFFFFEF


mem[X,0x80004340] -> 0x0613
mem[X,0x80004342] -> 0x0000
[416] [M]: 0x80004340 (0x00000613) addi a2, zero, 0
x12 <- 0x00000000


mem[X,0x80004344] -> 0x006F
mem[X,0x80004346] -> 0x00C0
[417] [M]: 0x80004344 (0x00C0006F) jal zero, 12


mem[X,0x80004350] -> 0x5063
mem[X,0x80004352] -> 0x04B5
[418] [M]: 0x80004350 (0x04B55063) bge a0, a1, 64


mem[X,0x80004354] -> 0x0613
mem[X,0x80004356] -> 0x0026
[419] [M]: 0x80004354 (0x00260613) addi a2, a2, 2
x12 <- 0x00000002


mem[X,0x80004358] -> 0x006F
mem[X,0x8000435A] -> 0x0400
[420] [M]: 0x80004358 (0x0400006F) jal zero, 64


mem[X,0x80004398] -> 0x2623
mem[X,0x8000439A] -> 0x04C2
[421] [M]: 0x80004398 (0x04C22623) sw a2, 76(tp)
mem[0x8003B1B4] <- 0x00000002


mem[X,0x8000439C] -> 0x5537
mem[X,0x8000439E] -> 0xFFFF
[422] [M]: 0x8000439C (0xFFFF5537) lui a0, 1048565
x10 <- 0xFFFF5000


mem[X,0x800043A0] -> 0x0513
mem[X,0x800043A2] -> 0xAFC5
[423] [M]: 0x800043A0 (0xAFC50513) addi a0, a0, 2812
x10 <- 0xFFFF4AFC


mem[X,0x800043A4] -> 0x0593
mem[X,0x800043A6] -> 0xFDF0
[424] [M]: 0x800043A4 (0xFDF00593) addi a1, zero, 4063
x11 <- 0xFFFFFFDF


mem[X,0x800043A8] -> 0x0613
mem[X,0x800043AA] -> 0x0000
[425] [M]: 0x800043A8 (0x00000613) addi a2, zero, 0
x12 <- 0x00000000


mem[X,0x800043AC] -> 0x006F
mem[X,0x800043AE] -> 0x00C0
[426] [M]: 0x800043AC (0x00C0006F) jal zero, 12


mem[X,0x800043B8] -> 0x5663
mem[X,0x800043BA] -> 0x00B5
[427] [M]: 0x800043B8 (0x00B55663) bge a0, a1, 12


mem[X,0x800043BC] -> 0x0613
mem[X,0x800043BE] -> 0x0026
[428] [M]: 0x800043BC (0x00260613) addi a2, a2, 2
x12 <- 0x00000002


mem[X,0x800043C0] -> 0x006F
mem[X,0x800043C2] -> 0x00C0
[429] [M]: 0x800043C0 (0x00C0006F) jal zero, 12


mem[X,0x800043CC] -> 0x2823
mem[X,0x800043CE] -> 0x04C2
[430] [M]: 0x800043CC (0x04C22823) sw a2, 80(tp)
mem[0x8003B1B8] <- 0x00000002


mem[X,0x800043D0] -> 0x0513
mem[X,0x800043D2] -> 0xFF60
[431] [M]: 0x800043D0 (0xFF600513) addi a0, zero, 4086
x10 <- 0xFFFFFFF6


mem[X,0x800043D4] -> 0x0593
mem[X,0x800043D6] -> 0xFBF0
[432] [M]: 0x800043D4 (0xFBF00593) addi a1, zero, 4031
x11 <- 0xFFFFFFBF


mem[X,0x800043D8] -> 0x0613
mem[X,0x800043DA] -> 0x0000
[433] [M]: 0x800043D8 (0x00000613) addi a2, zero, 0
x12 <- 0x00000000


mem[X,0x800043DC] -> 0x006F
mem[X,0x800043DE] -> 0x00C0
[434] [M]: 0x800043DC (0x00C0006F) jal zero, 12


mem[X,0x800043E8] -> 0x5663
mem[X,0x800043EA] -> 0x00B5
[435] [M]: 0x800043E8 (0x00B55663) bge a0, a1, 12


mem[X,0x800043F4] -> 0x0613
mem[X,0x800043F6] -> 0x0036
[436] [M]: 0x800043F4 (0x00360613) addi a2, a2, 3
x12 <- 0x00000003


mem[X,0x800043F8] -> 0x006F
mem[X,0x800043FA] -> 0x0040
[437] [M]: 0x800043F8 (0x0040006F) jal zero, 4


mem[X,0x800043FC] -> 0x2A23
mem[X,0x800043FE] -> 0x04C2
[438] [M]: 0x800043FC (0x04C22A23) sw a2, 84(tp)
mem[0x8003B1BC] <- 0x00000003


mem[X,0x80004400] -> 0x0537
mem[X,0x80004402] -> 0xF800
[439] [M]: 0x80004400 (0xF8000537) lui a0, 1015808
x10 <- 0xF8000000


mem[X,0x80004404] -> 0x0513
mem[X,0x80004406] -> 0xFFF5
[440] [M]: 0x80004404 (0xFFF50513) addi a0, a0, 4095
x10 <- 0xF7FFFFFF


mem[X,0x80004408] -> 0x0593
mem[X,0x8000440A] -> 0xF7F0
[441] [M]: 0x80004408 (0xF7F00593) addi a1, zero, 3967
x11 <- 0xFFFFFF7F


mem[X,0x8000440C] -> 0x0613
mem[X,0x8000440E] -> 0x0000
[442] [M]: 0x8000440C (0x00000613) addi a2, zero, 0
x12 <- 0x00000000


mem[X,0x80004410] -> 0x006F
mem[X,0x80004412] -> 0x0050
[443] [M]: 0x80004410 (0x0050006F) jal zero, 2052


mem[X,0x80004C14] -> 0x50E3
mem[X,0x80004C16] -> 0x80B5
[444] [M]: 0x80004C14 (0x80B550E3) bge a0, a1, 6144


mem[X,0x80004C18] -> 0x0613
mem[X,0x80004C1A] -> 0x0026
[445] [M]: 0x80004C18 (0x00260613) addi a2, a2, 2
x12 <- 0x00000002


mem[X,0x80004C1C] -> 0x006F
mem[X,0x80004C1E] -> 0x00C0
[446] [M]: 0x80004C1C (0x00C0006F) jal zero, 12


mem[X,0x80004C28] -> 0x2C23
mem[X,0x80004C2A] -> 0x04C2
[447] [M]: 0x80004C28 (0x04C22C23) sw a2, 88(tp)
mem[0x8003B1C0] <- 0x00000002


mem[X,0x80004C2C] -> 0x0537
mem[X,0x80004C2E] -> 0x4000
[448] [M]: 0x80004C2C (0x40000537) lui a0, 262144
x10 <- 0x40000000


mem[X,0x80004C30] -> 0x0513
mem[X,0x80004C32] -> 0xFFF5
[449] [M]: 0x80004C30 (0xFFF50513) addi a0, a0, 4095
x10 <- 0x3FFFFFFF


mem[X,0x80004C34] -> 0x0593
mem[X,0x80004C36] -> 0xEFF0
[450] [M]: 0x80004C34 (0xEFF00593) addi a1, zero, 3839
x11 <- 0xFFFFFEFF


mem[X,0x80004C38] -> 0x0613
mem[X,0x80004C3A] -> 0x0000
[451] [M]: 0x80004C38 (0x00000613) addi a2, zero, 0
x12 <- 0x00000000


mem[X,0x80004C3C] -> 0x006F
mem[X,0x80004C3E] -> 0x0140
[452] [M]: 0x80004C3C (0x0140006F) jal zero, 20


mem[X,0x80004C50] -> 0x58E3
mem[X,0x80004C52] -> 0xFEB5
[453] [M]: 0x80004C50 (0xFEB558E3) bge a0, a1, 8176


mem[X,0x80004C40] -> 0x0613
mem[X,0x80004C42] -> 0x0016
[454] [M]: 0x80004C40 (0x00160613) addi a2, a2, 1
x12 <- 0x00000001


mem[X,0x80004C44] -> 0x006F
mem[X,0x80004C46] -> 0x0200
[455] [M]: 0x80004C44 (0x0200006F) jal zero, 32


mem[X,0x80004C64] -> 0x2E23
mem[X,0x80004C66] -> 0x04C2
[456] [M]: 0x80004C64 (0x04C22E23) sw a2, 92(tp)
mem[0x8003B1C4] <- 0x00000001


mem[X,0x80004C68] -> 0x0513
mem[X,0x80004C6A] -> 0xFFC0
[457] [M]: 0x80004C68 (0xFFC00513) addi a0, zero, 4092
x10 <- 0xFFFFFFFC


mem[X,0x80004C6C] -> 0x0593
mem[X,0x80004C6E] -> 0xDFF0
[458] [M]: 0x80004C6C (0xDFF00593) addi a1, zero, 3583
x11 <- 0xFFFFFDFF


mem[X,0x80004C70] -> 0x0613
mem[X,0x80004C72] -> 0x0000
[459] [M]: 0x80004C70 (0x00000613) addi a2, zero, 0
x12 <- 0x00000000


mem[X,0x80004C74] -> 0x006F
mem[X,0x80004C76] -> 0x00C0
[460] [M]: 0x80004C74 (0x00C0006F) jal zero, 12


mem[X,0x80004C80] -> 0x5063
mem[X,0x80004C82] -> 0x02B5
[461] [M]: 0x80004C80 (0x02B55063) bge a0, a1, 32


mem[X,0x80004CA0] -> 0x0613
mem[X,0x80004CA2] -> 0x0036
[462] [M]: 0x80004CA0 (0x00360613) addi a2, a2, 3
x12 <- 0x00000003


mem[X,0x80004CA4] -> 0x006F
mem[X,0x80004CA6] -> 0x0040
[463] [M]: 0x80004CA4 (0x0040006F) jal zero, 4


mem[X,0x80004CA8] -> 0x2023
mem[X,0x80004CAA] -> 0x06C2
[464] [M]: 0x80004CA8 (0x06C22023) sw a2, 96(tp)
mem[0x8003B1C8] <- 0x00000003


mem[X,0x80004CAC] -> 0x0537
mem[X,0x80004CAE] -> 0x0004
[465] [M]: 0x80004CAC (0x00040537) lui a0, 64
x10 <- 0x00040000


mem[X,0x80004CB0] -> 0x0593
mem[X,0x80004CB2] -> 0xBFF0
[466] [M]: 0x80004CB0 (0xBFF00593) addi a1, zero, 3071
x11 <- 0xFFFFFBFF


mem[X,0x80004CB4] -> 0x0613
mem[X,0x80004CB6] -> 0x0000
[467] [M]: 0x80004CB4 (0x00000613) addi a2, zero, 0
x12 <- 0x00000000


mem[X,0x80004CB8] -> 0x006F
mem[X,0x80004CBA] -> 0x00C0
[468] [M]: 0x80004CB8 (0x00C0006F) jal zero, 12


mem[X,0x80004CC4] -> 0x5663
mem[X,0x80004CC6] -> 0x00B5
[469] [M]: 0x80004CC4 (0x00B55663) bge a0, a1, 12


mem[X,0x80004CD0] -> 0x0613
mem[X,0x80004CD2] -> 0x0036
[470] [M]: 0x80004CD0 (0x00360613) addi a2, a2, 3
x12 <- 0x00000003


mem[X,0x80004CD4] -> 0x006F
mem[X,0x80004CD6] -> 0x0040
[471] [M]: 0x80004CD4 (0x0040006F) jal zero, 4


mem[X,0x80004CD8] -> 0x2223
mem[X,0x80004CDA] -> 0x06C2
[472] [M]: 0x80004CD8 (0x06C22223) sw a2, 100(tp)
mem[0x8003B1CC] <- 0x00000003


mem[X,0x80004CDC] -> 0x0513
mem[X,0x80004CDE] -> 0xFFE0
[473] [M]: 0x80004CDC (0xFFE00513) addi a0, zero, 4094
x10 <- 0xFFFFFFFE


mem[X,0x80004CE0] -> 0xF5B7
mem[X,0x80004CE2] -> 0xFFFF
[474] [M]: 0x80004CE0 (0xFFFFF5B7) lui a1, 1048575
x11 <- 0xFFFFF000


mem[X,0x80004CE4] -> 0x8593
mem[X,0x80004CE6] -> 0x7FF5
[475] [M]: 0x80004CE4 (0x7FF58593) addi a1, a1, 2047
x11 <- 0xFFFFF7FF


mem[X,0x80004CE8] -> 0x0613
mem[X,0x80004CEA] -> 0x0000
[476] [M]: 0x80004CE8 (0x00000613) addi a2, zero, 0
x12 <- 0x00000000


mem[X,0x80004CEC] -> 0x006F
mem[X,0x80004CEE] -> 0x2B10
[477] [M]: 0x80004CEC (0x2B10006F) jal zero, 2736


mem[X,0x8000579C] -> 0x5A63
mem[X,0x8000579E] -> 0xD4B5
[478] [M]: 0x8000579C (0xD4B55A63) bge a0, a1, 5460


mem[X,0x80004CF0] -> 0x0613
mem[X,0x80004CF2] -> 0x0016
[479] [M]: 0x80004CF0 (0x00160613) addi a2, a2, 1
x12 <- 0x00000001


mem[X,0x80004CF4] -> 0x006F
mem[X,0x80004CF6] -> 0x2BD0
[480] [M]: 0x80004CF4 (0x2BD0006F) jal zero, 2748


mem[X,0x800057B0] -> 0x2423
mem[X,0x800057B2] -> 0x06C2
[481] [M]: 0x800057B0 (0x06C22423) sw a2, 104(tp)
mem[0x8003B1D0] <- 0x00000001


mem[X,0x800057B4] -> 0x0513
mem[X,0x800057B6] -> 0xFFC0
[482] [M]: 0x800057B4 (0xFFC00513) addi a0, zero, 4092
x10 <- 0xFFFFFFFC


mem[X,0x800057B8] -> 0xF5B7
mem[X,0x800057BA] -> 0xFFFF
[483] [M]: 0x800057B8 (0xFFFFF5B7) lui a1, 1048575
x11 <- 0xFFFFF000


mem[X,0x800057BC] -> 0x8593
mem[X,0x800057BE] -> 0xFFF5
[484] [M]: 0x800057BC (0xFFF58593) addi a1, a1, 4095
x11 <- 0xFFFFEFFF


mem[X,0x800057C0] -> 0x0613
mem[X,0x800057C2] -> 0x0000
[485] [M]: 0x800057C0 (0x00000613) addi a2, zero, 0
x12 <- 0x00000000


mem[X,0x800057C4] -> 0x006F
mem[X,0x800057C6] -> 0x00C0
[486] [M]: 0x800057C4 (0x00C0006F) jal zero, 12


mem[X,0x800057D0] -> 0x5663
mem[X,0x800057D2] -> 0x00B5
[487] [M]: 0x800057D0 (0x00B55663) bge a0, a1, 12


mem[X,0x800057DC] -> 0x0613
mem[X,0x800057DE] -> 0x0036
[488] [M]: 0x800057DC (0x00360613) addi a2, a2, 3
x12 <- 0x00000003


mem[X,0x800057E0] -> 0x006F
mem[X,0x800057E2] -> 0x0040
[489] [M]: 0x800057E0 (0x0040006F) jal zero, 4


mem[X,0x800057E4] -> 0x2623
mem[X,0x800057E6] -> 0x06C2
[490] [M]: 0x800057E4 (0x06C22623) sw a2, 108(tp)
mem[0x8003B1D4] <- 0x00000003


mem[X,0x800057E8] -> 0x0537
mem[X,0x800057EA] -> 0xFC00
[491] [M]: 0x800057E8 (0xFC000537) lui a0, 1032192
x10 <- 0xFC000000


mem[X,0x800057EC] -> 0x0513
mem[X,0x800057EE] -> 0xFFF5
[492] [M]: 0x800057EC (0xFFF50513) addi a0, a0, 4095
x10 <- 0xFBFFFFFF


mem[X,0x800057F0] -> 0xE5B7
mem[X,0x800057F2] -> 0xFFFF
[493] [M]: 0x800057F0 (0xFFFFE5B7) lui a1, 1048574
x11 <- 0xFFFFE000


mem[X,0x800057F4] -> 0x8593
mem[X,0x800057F6] -> 0xFFF5
[494] [M]: 0x800057F4 (0xFFF58593) addi a1, a1, 4095
x11 <- 0xFFFFDFFF


mem[X,0x800057F8] -> 0x0613
mem[X,0x800057FA] -> 0x0000
[495] [M]: 0x800057F8 (0x00000613) addi a2, zero, 0
x12 <- 0x00000000


mem[X,0x800057FC] -> 0x006F
mem[X,0x800057FE] -> 0x00C0
[496] [M]: 0x800057FC (0x00C0006F) jal zero, 12


mem[X,0x80005808] -> 0x5663
mem[X,0x8000580A] -> 0x00B5
[497] [M]: 0x80005808 (0x00B55663) bge a0, a1, 12


mem[X,0x8000580C] -> 0x0613
mem[X,0x8000580E] -> 0x0026
[498] [M]: 0x8000580C (0x00260613) addi a2, a2, 2
x12 <- 0x00000002


mem[X,0x80005810] -> 0x006F
mem[X,0x80005812] -> 0x00C0
[499] [M]: 0x80005810 (0x00C0006F) jal zero, 12


clint::tick mtime <- 0x0000000000000005
 clint timer pending at mtime 0x0000000000000005
htif::tick 0x0000000000000000
mem[X,0x8000581C] -> 0x2823
mem[X,0x8000581E] -> 0x06C2
[500] [M]: 0x8000581C (0x06C22823) sw a2, 112(tp)
mem[0x8003B1D8] <- 0x00000002


mem[X,0x80005820] -> 0x0513
mem[X,0x80005822] -> 0x0400
[501] [M]: 0x80005820 (0x04000513) addi a0, zero, 64
x10 <- 0x00000040


mem[X,0x80005824] -> 0xC5B7
mem[X,0x80005826] -> 0xFFFF
[502] [M]: 0x80005824 (0xFFFFC5B7) lui a1, 1048572
x11 <- 0xFFFFC000


mem[X,0x80005828] -> 0x8593
mem[X,0x8000582A] -> 0xFFF5
[503] [M]: 0x80005828 (0xFFF58593) addi a1, a1, 4095
x11 <- 0xFFFFBFFF


mem[X,0x8000582C] -> 0x0613
mem[X,0x8000582E] -> 0x0000
[504] [M]: 0x8000582C (0x00000613) addi a2, zero, 0
x12 <- 0x00000000


mem[X,0x80005830] -> 0x006F
mem[X,0x80005832] -> 0x0100
[505] [M]: 0x80005830 (0x0100006F) jal zero, 16


mem[X,0x80005840] -> 0x5AE3
mem[X,0x80005842] -> 0xFEB5
[506] [M]: 0x80005840 (0xFEB55AE3) bge a0, a1, 8180


mem[X,0x80005834] -> 0x0613
mem[X,0x80005836] -> 0x0016
[507] [M]: 0x80005834 (0x00160613) addi a2, a2, 1
x12 <- 0x00000001


mem[X,0x80005838] -> 0x006F
mem[X,0x8000583A] -> 0x01C0
[508] [M]: 0x80005838 (0x01C0006F) jal zero, 28


mem[X,0x80005854] -> 0x2A23
mem[X,0x80005856] -> 0x06C2
[509] [M]: 0x80005854 (0x06C22A23) sw a2, 116(tp)
mem[0x8003B1DC] <- 0x00000001


mem[X,0x80005858] -> 0x5537
mem[X,0x8000585A] -> 0xFFFF
[510] [M]: 0x80005858 (0xFFFF5537) lui a0, 1048565
x10 <- 0xFFFF5000


mem[X,0x8000585C] -> 0x0513
mem[X,0x8000585E] -> 0xAFD5
[511] [M]: 0x8000585C (0xAFD50513) addi a0, a0, 2813
x10 <- 0xFFFF4AFD


mem[X,0x80005860] -> 0x85B7
mem[X,0x80005862] -> 0xFFFF
[512] [M]: 0x80005860 (0xFFFF85B7) lui a1, 1048568
x11 <- 0xFFFF8000


mem[X,0x80005864] -> 0x8593
mem[X,0x80005866] -> 0xFFF5
[513] [M]: 0x80005864 (0xFFF58593) addi a1, a1, 4095
x11 <- 0xFFFF7FFF


mem[X,0x80005868] -> 0x0613
mem[X,0x8000586A] -> 0x0000
[514] [M]: 0x80005868 (0x00000613) addi a2, zero, 0
x12 <- 0x00000000


mem[X,0x8000586C] -> 0x006F
mem[X,0x8000586E] -> 0x00C0
[515] [M]: 0x8000586C (0x00C0006F) jal zero, 12


mem[X,0x80005878] -> 0x5663
mem[X,0x8000587A] -> 0x00B5
[516] [M]: 0x80005878 (0x00B55663) bge a0, a1, 12


mem[X,0x8000587C] -> 0x0613
mem[X,0x8000587E] -> 0x0026
[517] [M]: 0x8000587C (0x00260613) addi a2, a2, 2
x12 <- 0x00000002


mem[X,0x80005880] -> 0x006F
mem[X,0x80005882] -> 0x00C0
[518] [M]: 0x80005880 (0x00C0006F) jal zero, 12


mem[X,0x8000588C] -> 0x2C23
mem[X,0x8000588E] -> 0x06C2
[519] [M]: 0x8000588C (0x06C22C23) sw a2, 120(tp)
mem[0x8003B1E0] <- 0x00000002


mem[X,0x80005890] -> 0x4537
mem[X,0x80005892] -> 0x0000
[520] [M]: 0x80005890 (0x00004537) lui a0, 4
x10 <- 0x00004000


mem[X,0x80005894] -> 0x05B7
mem[X,0x80005896] -> 0xFFFF
[521] [M]: 0x80005894 (0xFFFF05B7) lui a1, 1048560
x11 <- 0xFFFF0000


mem[X,0x80005898] -> 0x8593
mem[X,0x8000589A] -> 0xFFF5
[522] [M]: 0x80005898 (0xFFF58593) addi a1, a1, 4095
x11 <- 0xFFFEFFFF


mem[X,0x8000589C] -> 0x0613
mem[X,0x8000589E] -> 0x0000
[523] [M]: 0x8000589C (0x00000613) addi a2, zero, 0
x12 <- 0x00000000


mem[X,0x800058A0] -> 0x006F
mem[X,0x800058A2] -> 0x00C0
[524] [M]: 0x800058A0 (0x00C0006F) jal zero, 12


mem[X,0x800058AC] -> 0x5063
mem[X,0x800058AE] -> 0x08B5
[525] [M]: 0x800058AC (0x08B55063) bge a0, a1, 128


mem[X,0x8000592C] -> 0x0613
mem[X,0x8000592E] -> 0x0036
[526] [M]: 0x8000592C (0x00360613) addi a2, a2, 3
x12 <- 0x00000003


mem[X,0x80005930] -> 0x006F
mem[X,0x80005932] -> 0x0040
[527] [M]: 0x80005930 (0x0040006F) jal zero, 4


mem[X,0x80005934] -> 0x2E23
mem[X,0x80005936] -> 0x06C2
[528] [M]: 0x80005934 (0x06C22E23) sw a2, 124(tp)
mem[0x8003B1E4] <- 0x00000003


mem[X,0x80005938] -> 0x0537
mem[X,0x8000593A] -> 0x8000
[529] [M]: 0x80005938 (0x80000537) lui a0, 524288
x10 <- 0x80000000


mem[X,0x8000593C] -> 0x05B7
mem[X,0x8000593E] -> 0xFFFE
[530] [M]: 0x8000593C (0xFFFE05B7) lui a1, 1048544
x11 <- 0xFFFE0000


mem[X,0x80005940] -> 0x8593
mem[X,0x80005942] -> 0xFFF5
[531] [M]: 0x80005940 (0xFFF58593) addi a1, a1, 4095
x11 <- 0xFFFDFFFF


mem[X,0x80005944] -> 0x0613
mem[X,0x80005946] -> 0x0000
[532] [M]: 0x80005944 (0x00000613) addi a2, zero, 0
x12 <- 0x00000000


mem[X,0x80005948] -> 0x006F
mem[X,0x8000594A] -> 0x00C0
[533] [M]: 0x80005948 (0x00C0006F) jal zero, 12


mem[X,0x80005954] -> 0x5063
mem[X,0x80005956] -> 0x40B5
[534] [M]: 0x80005954 (0x40B55063) bge a0, a1, 1024


mem[X,0x80005958] -> 0x0613
mem[X,0x8000595A] -> 0x0026
[535] [M]: 0x80005958 (0x00260613) addi a2, a2, 2
x12 <- 0x00000002


mem[X,0x8000595C] -> 0x006F
mem[X,0x8000595E] -> 0x4000
[536] [M]: 0x8000595C (0x4000006F) jal zero, 1024


mem[X,0x80005D5C] -> 0x2023
mem[X,0x80005D5E] -> 0x08C2
[537] [M]: 0x80005D5C (0x08C22023) sw a2, 128(tp)
mem[0x8003B1E8] <- 0x00000002


mem[X,0x80005D60] -> 0x5537
mem[X,0x80005D62] -> 0x5555
[538] [M]: 0x80005D60 (0x55555537) lui a0, 349525
x10 <- 0x55555000


mem[X,0x80005D64] -> 0x0513
mem[X,0x80005D66] -> 0x5565
[539] [M]: 0x80005D64 (0x55650513) addi a0, a0, 1366
x10 <- 0x55555556


mem[X,0x80005D68] -> 0x05B7
mem[X,0x80005D6A] -> 0xFFFC
[540] [M]: 0x80005D68 (0xFFFC05B7) lui a1, 1048512
x11 <- 0xFFFC0000


mem[X,0x80005D6C] -> 0x8593
mem[X,0x80005D6E] -> 0xFFF5
[541] [M]: 0x80005D6C (0xFFF58593) addi a1, a1, 4095
x11 <- 0xFFFBFFFF


mem[X,0x80005D70] -> 0x0613
mem[X,0x80005D72] -> 0x0000
[542] [M]: 0x80005D70 (0x00000613) addi a2, zero, 0
x12 <- 0x00000000


mem[X,0x80005D74] -> 0x006F
mem[X,0x80005D76] -> 0x0050
[543] [M]: 0x80005D74 (0x0050006F) jal zero, 2052


mem[X,0x80006578] -> 0x50E3
mem[X,0x8000657A] -> 0x80B5
[544] [M]: 0x80006578 (0x80B550E3) bge a0, a1, 6144


mem[X,0x80005D78] -> 0x0613
mem[X,0x80005D7A] -> 0x0016
[545] [M]: 0x80005D78 (0x00160613) addi a2, a2, 1
x12 <- 0x00000001


mem[X,0x80005D7C] -> 0x006F
mem[X,0x80005D7E] -> 0x0110
[546] [M]: 0x80005D7C (0x0110006F) jal zero, 2064


mem[X,0x8000658C] -> 0x2223
mem[X,0x8000658E] -> 0x08C2
[547] [M]: 0x8000658C (0x08C22223) sw a2, 132(tp)
mem[0x8003B1EC] <- 0x00000001


mem[X,0x80006590] -> 0x0537
mem[X,0x80006592] -> 0x0800
[548] [M]: 0x80006590 (0x08000537) lui a0, 32768
x10 <- 0x08000000


mem[X,0x80006594] -> 0x05B7
mem[X,0x80006596] -> 0xFFF8
[549] [M]: 0x80006594 (0xFFF805B7) lui a1, 1048448
x11 <- 0xFFF80000


mem[X,0x80006598] -> 0x8593
mem[X,0x8000659A] -> 0xFFF5
[550] [M]: 0x80006598 (0xFFF58593) addi a1, a1, 4095
x11 <- 0xFFF7FFFF


mem[X,0x8000659C] -> 0x0613
mem[X,0x8000659E] -> 0x0000
[551] [M]: 0x8000659C (0x00000613) addi a2, zero, 0
x12 <- 0x00000000


mem[X,0x800065A0] -> 0x006F
mem[X,0x800065A2] -> 0x00C0
[552] [M]: 0x800065A0 (0x00C0006F) jal zero, 12


mem[X,0x800065AC] -> 0x5863
mem[X,0x800065AE] -> 0x00B5
[553] [M]: 0x800065AC (0x00B55863) bge a0, a1, 16


mem[X,0x800065BC] -> 0x0613
mem[X,0x800065BE] -> 0x0036
[554] [M]: 0x800065BC (0x00360613) addi a2, a2, 3
x12 <- 0x00000003


mem[X,0x800065C0] -> 0x006F
mem[X,0x800065C2] -> 0x0040
[555] [M]: 0x800065C0 (0x0040006F) jal zero, 4


mem[X,0x800065C4] -> 0x2423
mem[X,0x800065C6] -> 0x08C2
[556] [M]: 0x800065C4 (0x08C22423) sw a2, 136(tp)
mem[0x8003B1F0] <- 0x00000003


mem[X,0x800065C8] -> 0x0513
mem[X,0x800065CA] -> 0x0000
[557] [M]: 0x800065C8 (0x00000513) addi a0, zero, 0
x10 <- 0x00000000


mem[X,0x800065CC] -> 0x05B7
mem[X,0x800065CE] -> 0xFFF0
[558] [M]: 0x800065CC (0xFFF005B7) lui a1, 1048320
x11 <- 0xFFF00000


mem[X,0x800065D0] -> 0x8593
mem[X,0x800065D2] -> 0xFFF5
[559] [M]: 0x800065D0 (0xFFF58593) addi a1, a1, 4095
x11 <- 0xFFEFFFFF


mem[X,0x800065D4] -> 0x0613
mem[X,0x800065D6] -> 0x0000
[560] [M]: 0x800065D4 (0x00000613) addi a2, zero, 0
x12 <- 0x00000000


mem[X,0x800065D8] -> 0x006F
mem[X,0x800065DA] -> 0x00C0
[561] [M]: 0x800065D8 (0x00C0006F) jal zero, 12


mem[X,0x800065E4] -> 0x5663
mem[X,0x800065E6] -> 0x00B5
[562] [M]: 0x800065E4 (0x00B55663) bge a0, a1, 12


mem[X,0x800065F0] -> 0x0613
mem[X,0x800065F2] -> 0x0036
[563] [M]: 0x800065F0 (0x00360613) addi a2, a2, 3
x12 <- 0x00000003


mem[X,0x800065F4] -> 0x006F
mem[X,0x800065F6] -> 0x0040
[564] [M]: 0x800065F4 (0x0040006F) jal zero, 4


mem[X,0x800065F8] -> 0x2623
mem[X,0x800065FA] -> 0x08C2
[565] [M]: 0x800065F8 (0x08C22623) sw a2, 140(tp)
mem[0x8003B1F4] <- 0x00000003


mem[X,0x800065FC] -> 0x0513
mem[X,0x800065FE] -> 0xFF90
[566] [M]: 0x800065FC (0xFF900513) addi a0, zero, 4089
x10 <- 0xFFFFFFF9


mem[X,0x80006600] -> 0x05B7
mem[X,0x80006602] -> 0xFFE0
[567] [M]: 0x80006600 (0xFFE005B7) lui a1, 1048064
x11 <- 0xFFE00000


mem[X,0x80006604] -> 0x8593
mem[X,0x80006606] -> 0xFFF5
[568] [M]: 0x80006604 (0xFFF58593) addi a1, a1, 4095
x11 <- 0xFFDFFFFF


mem[X,0x80006608] -> 0x0613
mem[X,0x8000660A] -> 0x0000
[569] [M]: 0x80006608 (0x00000613) addi a2, zero, 0
x12 <- 0x00000000


mem[X,0x8000660C] -> 0x006F
mem[X,0x8000660E] -> 0x0180
[570] [M]: 0x8000660C (0x0180006F) jal zero, 24


mem[X,0x80006624] -> 0x56E3
mem[X,0x80006626] -> 0xFEB5
[571] [M]: 0x80006624 (0xFEB556E3) bge a0, a1, 8172


mem[X,0x80006610] -> 0x0613
mem[X,0x80006612] -> 0x0016
[572] [M]: 0x80006610 (0x00160613) addi a2, a2, 1
x12 <- 0x00000001


mem[X,0x80006614] -> 0x006F
mem[X,0x80006616] -> 0x0240
[573] [M]: 0x80006614 (0x0240006F) jal zero, 36


mem[X,0x80006638] -> 0x2823
mem[X,0x8000663A] -> 0x08C2
[574] [M]: 0x80006638 (0x08C22823) sw a2, 144(tp)
mem[0x8003B1F8] <- 0x00000001


mem[X,0x8000663C] -> 0x0513
mem[X,0x8000663E] -> 0xFF90
[575] [M]: 0x8000663C (0xFF900513) addi a0, zero, 4089
x10 <- 0xFFFFFFF9


mem[X,0x80006640] -> 0x05B7
mem[X,0x80006642] -> 0xFFC0
[576] [M]: 0x80006640 (0xFFC005B7) lui a1, 1047552
x11 <- 0xFFC00000


mem[X,0x80006644] -> 0x8593
mem[X,0x80006646] -> 0xFFF5
[577] [M]: 0x80006644 (0xFFF58593) addi a1, a1, 4095
x11 <- 0xFFBFFFFF


mem[X,0x80006648] -> 0x0613
mem[X,0x8000664A] -> 0x0000
[578] [M]: 0x80006648 (0x00000613) addi a2, zero, 0
x12 <- 0x00000000


mem[X,0x8000664C] -> 0x006F
mem[X,0x8000664E] -> 0x00C0
[579] [M]: 0x8000664C (0x00C0006F) jal zero, 12


mem[X,0x80006658] -> 0x5663
mem[X,0x8000665A] -> 0x00B5
[580] [M]: 0x80006658 (0x00B55663) bge a0, a1, 12


mem[X,0x80006664] -> 0x0613
mem[X,0x80006666] -> 0x0036
[581] [M]: 0x80006664 (0x00360613) addi a2, a2, 3
x12 <- 0x00000003


mem[X,0x80006668] -> 0x006F
mem[X,0x8000666A] -> 0x0040
[582] [M]: 0x80006668 (0x0040006F) jal zero, 4


mem[X,0x8000666C] -> 0x2A23
mem[X,0x8000666E] -> 0x08C2
[583] [M]: 0x8000666C (0x08C22A23) sw a2, 148(tp)
mem[0x8003B1FC] <- 0x00000003


mem[X,0x80006670] -> 0x0513
mem[X,0x80006672] -> 0xFDF0
[584] [M]: 0x80006670 (0xFDF00513) addi a0, zero, 4063
x10 <- 0xFFFFFFDF


mem[X,0x80006674] -> 0x05B7
mem[X,0x80006676] -> 0xFF00
[585] [M]: 0x80006674 (0xFF0005B7) lui a1, 1044480
x11 <- 0xFF000000


mem[X,0x80006678] -> 0x8593
mem[X,0x8000667A] -> 0xFFF5
[586] [M]: 0x80006678 (0xFFF58593) addi a1, a1, 4095
x11 <- 0xFEFFFFFF


mem[X,0x8000667C] -> 0x0613
mem[X,0x8000667E] -> 0x0000
[587] [M]: 0x8000667C (0x00000613) addi a2, zero, 0
x12 <- 0x00000000


mem[X,0x80006680] -> 0x006F
mem[X,0x80006682] -> 0x00C0
[588] [M]: 0x80006680 (0x00C0006F) jal zero, 12


mem[X,0x8000668C] -> 0x5863
mem[X,0x8000668E] -> 0x00B5
[589] [M]: 0x8000668C (0x00B55863) bge a0, a1, 16


mem[X,0x8000669C] -> 0x0613
mem[X,0x8000669E] -> 0x0036
[590] [M]: 0x8000669C (0x00360613) addi a2, a2, 3
x12 <- 0x00000003


mem[X,0x800066A0] -> 0x006F
mem[X,0x800066A2] -> 0x0040
[591] [M]: 0x800066A0 (0x0040006F) jal zero, 4


mem[X,0x800066A4] -> 0x2C23
mem[X,0x800066A6] -> 0x08C2
[592] [M]: 0x800066A4 (0x08C22C23) sw a2, 152(tp)
mem[0x8003B200] <- 0x00000003


mem[X,0x800066A8] -> 0x4537
mem[X,0x800066AA] -> 0x0000
[593] [M]: 0x800066A8 (0x00004537) lui a0, 4
x10 <- 0x00004000


mem[X,0x800066AC] -> 0x05B7
mem[X,0x800066AE] -> 0xFC00
[594] [M]: 0x800066AC (0xFC0005B7) lui a1, 1032192
x11 <- 0xFC000000


mem[X,0x800066B0] -> 0x8593
mem[X,0x800066B2] -> 0xFFF5
[595] [M]: 0x800066B0 (0xFFF58593) addi a1, a1, 4095
x11 <- 0xFBFFFFFF


mem[X,0x800066B4] -> 0x0613
mem[X,0x800066B6] -> 0x0000
[596] [M]: 0x800066B4 (0x00000613) addi a2, zero, 0
x12 <- 0x00000000


mem[X,0x800066B8] -> 0x006F
mem[X,0x800066BA] -> 0x00C0
[597] [M]: 0x800066B8 (0x00C0006F) jal zero, 12


mem[X,0x800066C4] -> 0x5663
mem[X,0x800066C6] -> 0x00B5
[598] [M]: 0x800066C4 (0x00B55663) bge a0, a1, 12


mem[X,0x800066D0] -> 0x0613
mem[X,0x800066D2] -> 0x0036
[599] [M]: 0x800066D0 (0x00360613) addi a2, a2, 3
x12 <- 0x00000003


clint::tick mtime <- 0x0000000000000006
 clint timer pending at mtime 0x0000000000000006
htif::tick 0x0000000000000000
mem[X,0x800066D4] -> 0x006F
mem[X,0x800066D6] -> 0x0040
[600] [M]: 0x800066D4 (0x0040006F) jal zero, 4


mem[X,0x800066D8] -> 0x2E23
mem[X,0x800066DA] -> 0x08C2
[601] [M]: 0x800066D8 (0x08C22E23) sw a2, 156(tp)
mem[0x8003B204] <- 0x00000003


mem[X,0x800066DC] -> 0x0513
mem[X,0x800066DE] -> 0xFFD0
[602] [M]: 0x800066DC (0xFFD00513) addi a0, zero, 4093
x10 <- 0xFFFFFFFD


mem[X,0x800066E0] -> 0x05B7
mem[X,0x800066E2] -> 0xF800
[603] [M]: 0x800066E0 (0xF80005B7) lui a1, 1015808
x11 <- 0xF8000000


mem[X,0x800066E4] -> 0x8593
mem[X,0x800066E6] -> 0xFFF5
[604] [M]: 0x800066E4 (0xFFF58593) addi a1, a1, 4095
x11 <- 0xF7FFFFFF


mem[X,0x800066E8] -> 0x0613
mem[X,0x800066EA] -> 0x0000
[605] [M]: 0x800066E8 (0x00000613) addi a2, zero, 0
x12 <- 0x00000000


mem[X,0x800066EC] -> 0x006F
mem[X,0x800066EE] -> 0x00C0
[606] [M]: 0x800066EC (0x00C0006F) jal zero, 12


mem[X,0x800066F8] -> 0x5863
mem[X,0x800066FA] -> 0x00B5
[607] [M]: 0x800066F8 (0x00B55863) bge a0, a1, 16


mem[X,0x80006708] -> 0x0613
mem[X,0x8000670A] -> 0x0036
[608] [M]: 0x80006708 (0x00360613) addi a2, a2, 3
x12 <- 0x00000003


mem[X,0x8000670C] -> 0x006F
mem[X,0x8000670E] -> 0x0040
[609] [M]: 0x8000670C (0x0040006F) jal zero, 4


mem[X,0x80006710] -> 0x2023
mem[X,0x80006712] -> 0x0AC2
[610] [M]: 0x80006710 (0x0AC22023) sw a2, 160(tp)
mem[0x8003B208] <- 0x00000003


mem[X,0x80006714] -> 0x0513
mem[X,0x80006716] -> 0x0200
[611] [M]: 0x80006714 (0x02000513) addi a0, zero, 32
x10 <- 0x00000020


mem[X,0x80006718] -> 0x05B7
mem[X,0x8000671A] -> 0xF000
[612] [M]: 0x80006718 (0xF00005B7) lui a1, 983040
x11 <- 0xF0000000


mem[X,0x8000671C] -> 0x8593
mem[X,0x8000671E] -> 0xFFF5
[613] [M]: 0x8000671C (0xFFF58593) addi a1, a1, 4095
x11 <- 0xEFFFFFFF


mem[X,0x80006720] -> 0x0613
mem[X,0x80006722] -> 0x0000
[614] [M]: 0x80006720 (0x00000613) addi a2, zero, 0
x12 <- 0x00000000


mem[X,0x80006724] -> 0x006F
mem[X,0x80006726] -> 0x00C0
[615] [M]: 0x80006724 (0x00C0006F) jal zero, 12


mem[X,0x80006730] -> 0x5063
mem[X,0x80006732] -> 0x04B5
[616] [M]: 0x80006730 (0x04B55063) bge a0, a1, 64


mem[X,0x80006770] -> 0x0613
mem[X,0x80006772] -> 0x0036
[617] [M]: 0x80006770 (0x00360613) addi a2, a2, 3
x12 <- 0x00000003


mem[X,0x80006774] -> 0x006F
mem[X,0x80006776] -> 0x0040
[618] [M]: 0x80006774 (0x0040006F) jal zero, 4


mem[X,0x80006778] -> 0x2223
mem[X,0x8000677A] -> 0x0AC2
[619] [M]: 0x80006778 (0x0AC22223) sw a2, 164(tp)
mem[0x8003B20C] <- 0x00000003


mem[X,0x8000677C] -> 0x0537
mem[X,0x8000677E] -> 0x1000
[620] [M]: 0x8000677C (0x10000537) lui a0, 65536
x10 <- 0x10000000


mem[X,0x80006780] -> 0x05B7
mem[X,0x80006782] -> 0xE000
[621] [M]: 0x80006780 (0xE00005B7) lui a1, 917504
x11 <- 0xE0000000


mem[X,0x80006784] -> 0x8593
mem[X,0x80006786] -> 0xFFF5
[622] [M]: 0x80006784 (0xFFF58593) addi a1, a1, 4095
x11 <- 0xDFFFFFFF


mem[X,0x80006788] -> 0x0613
mem[X,0x8000678A] -> 0x0000
[623] [M]: 0x80006788 (0x00000613) addi a2, zero, 0
x12 <- 0x00000000


mem[X,0x8000678C] -> 0x006F
mem[X,0x8000678E] -> 0x00C0
[624] [M]: 0x8000678C (0x00C0006F) jal zero, 12


mem[X,0x80006798] -> 0x5063
mem[X,0x8000679A] -> 0x02B5
[625] [M]: 0x80006798 (0x02B55063) bge a0, a1, 32


mem[X,0x800067B8] -> 0x0613
mem[X,0x800067BA] -> 0x0036
[626] [M]: 0x800067B8 (0x00360613) addi a2, a2, 3
x12 <- 0x00000003


mem[X,0x800067BC] -> 0x006F
mem[X,0x800067BE] -> 0x0040
[627] [M]: 0x800067BC (0x0040006F) jal zero, 4


mem[X,0x800067C0] -> 0x2423
mem[X,0x800067C2] -> 0x0AC2
[628] [M]: 0x800067C0 (0x0AC22423) sw a2, 168(tp)
mem[0x8003B210] <- 0x00000003


mem[X,0x800067C4] -> 0x0513
mem[X,0x800067C6] -> 0x0100
[629] [M]: 0x800067C4 (0x01000513) addi a0, zero, 16
x10 <- 0x00000010


mem[X,0x800067C8] -> 0x05B7
mem[X,0x800067CA] -> 0xC000
[630] [M]: 0x800067C8 (0xC00005B7) lui a1, 786432
x11 <- 0xC0000000


mem[X,0x800067CC] -> 0x8593
mem[X,0x800067CE] -> 0xFFF5
[631] [M]: 0x800067CC (0xFFF58593) addi a1, a1, 4095
x11 <- 0xBFFFFFFF


mem[X,0x800067D0] -> 0x0613
mem[X,0x800067D2] -> 0x0000
[632] [M]: 0x800067D0 (0x00000613) addi a2, zero, 0
x12 <- 0x00000000


mem[X,0x800067D4] -> 0x006F
mem[X,0x800067D6] -> 0x00C0
[633] [M]: 0x800067D4 (0x00C0006F) jal zero, 12


mem[X,0x800067E0] -> 0x5CE3
mem[X,0x800067E2] -> 0xFEB5
[634] [M]: 0x800067E0 (0xFEB55CE3) bge a0, a1, 8184


mem[X,0x800067D8] -> 0x0613
mem[X,0x800067DA] -> 0x0016
[635] [M]: 0x800067D8 (0x00160613) addi a2, a2, 1
x12 <- 0x00000001


mem[X,0x800067DC] -> 0x006F
mem[X,0x800067DE] -> 0x0180
[636] [M]: 0x800067DC (0x0180006F) jal zero, 24


mem[X,0x800067F4] -> 0x2623
mem[X,0x800067F6] -> 0x0AC2
[637] [M]: 0x800067F4 (0x0AC22623) sw a2, 172(tp)
mem[0x8003B214] <- 0x00000001


mem[X,0x800067F8] -> 0x0537
mem[X,0x800067FA] -> 0xFFE0
[638] [M]: 0x800067F8 (0xFFE00537) lui a0, 1048064
x10 <- 0xFFE00000


mem[X,0x800067FC] -> 0x0513
mem[X,0x800067FE] -> 0xFFF5
[639] [M]: 0x800067FC (0xFFF50513) addi a0, a0, 4095
x10 <- 0xFFDFFFFF


mem[X,0x80006800] -> 0x05B7
mem[X,0x80006802] -> 0x8000
[640] [M]: 0x80006800 (0x800005B7) lui a1, 524288
x11 <- 0x80000000


mem[X,0x80006804] -> 0x8593
mem[X,0x80006806] -> 0xFFF5
[641] [M]: 0x80006804 (0xFFF58593) addi a1, a1, 4095
x11 <- 0x7FFFFFFF


mem[X,0x80006808] -> 0x0613
mem[X,0x8000680A] -> 0x0000
[642] [M]: 0x80006808 (0x00000613) addi a2, zero, 0
x12 <- 0x00000000


mem[X,0x8000680C] -> 0x006F
mem[X,0x8000680E] -> 0x00C0
[643] [M]: 0x8000680C (0x00C0006F) jal zero, 12


mem[X,0x80006818] -> 0x5CE3
mem[X,0x8000681A] -> 0xFEB5
[644] [M]: 0x80006818 (0xFEB55CE3) bge a0, a1, 8184


mem[X,0x8000681C] -> 0x0613
mem[X,0x8000681E] -> 0x0026
[645] [M]: 0x8000681C (0x00260613) addi a2, a2, 2
x12 <- 0x00000002


mem[X,0x80006820] -> 0x006F
mem[X,0x80006822] -> 0x00C0
[646] [M]: 0x80006820 (0x00C0006F) jal zero, 12


mem[X,0x8000682C] -> 0x2823
mem[X,0x8000682E] -> 0x0AC2
[647] [M]: 0x8000682C (0x0AC22823) sw a2, 176(tp)
mem[0x8003B218] <- 0x00000002


mem[X,0x80006830] -> 0x0513
mem[X,0x80006832] -> 0x0090
[648] [M]: 0x80006830 (0x00900513) addi a0, zero, 9
x10 <- 0x00000009


mem[X,0x80006834] -> 0x55B7
mem[X,0x80006836] -> 0x5555
[649] [M]: 0x80006834 (0x555555B7) lui a1, 349525
x11 <- 0x55555000


mem[X,0x80006838] -> 0x8593
mem[X,0x8000683A] -> 0x5555
[650] [M]: 0x80006838 (0x55558593) addi a1, a1, 1365
x11 <- 0x55555555


mem[X,0x8000683C] -> 0x0613
mem[X,0x8000683E] -> 0x0000
[651] [M]: 0x8000683C (0x00000613) addi a2, zero, 0
x12 <- 0x00000000


mem[X,0x80006840] -> 0x006F
mem[X,0x80006842] -> 0x00C0
[652] [M]: 0x80006840 (0x00C0006F) jal zero, 12


mem[X,0x8000684C] -> 0x5663
mem[X,0x8000684E] -> 0x00B5
[653] [M]: 0x8000684C (0x00B55663) bge a0, a1, 12


mem[X,0x80006850] -> 0x0613
mem[X,0x80006852] -> 0x0026
[654] [M]: 0x80006850 (0x00260613) addi a2, a2, 2
x12 <- 0x00000002


mem[X,0x80006854] -> 0x006F
mem[X,0x80006856] -> 0x00C0
[655] [M]: 0x80006854 (0x00C0006F) jal zero, 12


mem[X,0x80006860] -> 0x2A23
mem[X,0x80006862] -> 0x0AC2
[656] [M]: 0x80006860 (0x0AC22A23) sw a2, 180(tp)
mem[0x8003B21C] <- 0x00000002


mem[X,0x80006864] -> 0x0537
mem[X,0x80006866] -> 0x0001
[657] [M]: 0x80006864 (0x00010537) lui a0, 16
x10 <- 0x00010000


mem[X,0x80006868] -> 0xB5B7
mem[X,0x8000686A] -> 0xAAAA
[658] [M]: 0x80006868 (0xAAAAB5B7) lui a1, 699051
x11 <- 0xAAAAB000


mem[X,0x8000686C] -> 0x8593
mem[X,0x8000686E] -> 0xAAA5
[659] [M]: 0x8000686C (0xAAA58593) addi a1, a1, 2730
x11 <- 0xAAAAAAAA


mem[X,0x80006870] -> 0x0613
mem[X,0x80006872] -> 0x0000
[660] [M]: 0x80006870 (0x00000613) addi a2, zero, 0
x12 <- 0x00000000


mem[X,0x80006874] -> 0x006F
mem[X,0x80006876] -> 0x00C0
[661] [M]: 0x80006874 (0x00C0006F) jal zero, 12


mem[X,0x80006880] -> 0x5863
mem[X,0x80006882] -> 0x00B5
[662] [M]: 0x80006880 (0x00B55863) bge a0, a1, 16


mem[X,0x80006890] -> 0x0613
mem[X,0x80006892] -> 0x0036
[663] [M]: 0x80006890 (0x00360613) addi a2, a2, 3
x12 <- 0x00000003


mem[X,0x80006894] -> 0x006F
mem[X,0x80006896] -> 0x0040
[664] [M]: 0x80006894 (0x0040006F) jal zero, 4


mem[X,0x80006898] -> 0x2C23
mem[X,0x8000689A] -> 0x0AC2
[665] [M]: 0x80006898 (0x0AC22C23) sw a2, 184(tp)
mem[0x8003B220] <- 0x00000003


mem[X,0x8000689C] -> 0x0513
mem[X,0x8000689E] -> 0x0010
[666] [M]: 0x8000689C (0x00100513) addi a0, zero, 1
x10 <- 0x00000001


mem[X,0x800068A0] -> 0x05B7
mem[X,0x800068A2] -> 0xFFFE
[667] [M]: 0x800068A0 (0xFFFE05B7) lui a1, 1048544
x11 <- 0xFFFE0000


mem[X,0x800068A4] -> 0x8593
mem[X,0x800068A6] -> 0xFFF5
[668] [M]: 0x800068A4 (0xFFF58593) addi a1, a1, 4095
x11 <- 0xFFFDFFFF


mem[X,0x800068A8] -> 0x0613
mem[X,0x800068AA] -> 0x0000
[669] [M]: 0x800068A8 (0x00000613) addi a2, zero, 0
x12 <- 0x00000000


mem[X,0x800068AC] -> 0x006F
mem[X,0x800068AE] -> 0x0140
[670] [M]: 0x800068AC (0x0140006F) jal zero, 20


mem[X,0x800068C0] -> 0x58E3
mem[X,0x800068C2] -> 0xFEB5
[671] [M]: 0x800068C0 (0xFEB558E3) bge a0, a1, 8176


mem[X,0x800068B0] -> 0x0613
mem[X,0x800068B2] -> 0x0016
[672] [M]: 0x800068B0 (0x00160613) addi a2, a2, 1
x12 <- 0x00000001


mem[X,0x800068B4] -> 0x006F
mem[X,0x800068B6] -> 0x0200
[673] [M]: 0x800068B4 (0x0200006F) jal zero, 32


mem[X,0x800068D4] -> 0x2E23
mem[X,0x800068D6] -> 0x0AC2
[674] [M]: 0x800068D4 (0x0AC22E23) sw a2, 188(tp)
mem[0x8003B224] <- 0x00000001


mem[X,0x800068D8] -> 0x0513
mem[X,0x800068DA] -> 0x0040
[675] [M]: 0x800068D8 (0x00400513) addi a0, zero, 4
x10 <- 0x00000004


mem[X,0x800068DC] -> 0x05B7
mem[X,0x800068DE] -> 0xFFFC
[676] [M]: 0x800068DC (0xFFFC05B7) lui a1, 1048512
x11 <- 0xFFFC0000


mem[X,0x800068E0] -> 0x8593
mem[X,0x800068E2] -> 0xFFF5
[677] [M]: 0x800068E0 (0xFFF58593) addi a1, a1, 4095
x11 <- 0xFFFBFFFF


mem[X,0x800068E4] -> 0x0613
mem[X,0x800068E6] -> 0x0000
[678] [M]: 0x800068E4 (0x00000613) addi a2, zero, 0
x12 <- 0x00000000


mem[X,0x800068E8] -> 0x006F
mem[X,0x800068EA] -> 0x00C0
[679] [M]: 0x800068E8 (0x00C0006F) jal zero, 12


mem[X,0x800068F4] -> 0x5063
mem[X,0x800068F6] -> 0x40B5
[680] [M]: 0x800068F4 (0x40B55063) bge a0, a1, 1024


mem[X,0x80006CF4] -> 0x0613
mem[X,0x80006CF6] -> 0x0036
[681] [M]: 0x80006CF4 (0x00360613) addi a2, a2, 3
x12 <- 0x00000003


mem[X,0x80006CF8] -> 0x006F
mem[X,0x80006CFA] -> 0x0040
[682] [M]: 0x80006CF8 (0x0040006F) jal zero, 4


mem[X,0x80006CFC] -> 0x2023
mem[X,0x80006CFE] -> 0x0CC2
[683] [M]: 0x80006CFC (0x0CC22023) sw a2, 192(tp)
mem[0x8003B228] <- 0x00000003


mem[X,0x80006D00] -> 0x0513
mem[X,0x80006D02] -> 0x1000
[684] [M]: 0x80006D00 (0x10000513) addi a0, zero, 256
x10 <- 0x00000100


mem[X,0x80006D04] -> 0x05B7
mem[X,0x80006D06] -> 0x0100
[685] [M]: 0x80006D04 (0x010005B7) lui a1, 4096
x11 <- 0x01000000


mem[X,0x80006D08] -> 0x0613
mem[X,0x80006D0A] -> 0x0000
[686] [M]: 0x80006D08 (0x00000613) addi a2, zero, 0
x12 <- 0x00000000


mem[X,0x80006D0C] -> 0x006F
mem[X,0x80006D0E] -> 0x00C0
[687] [M]: 0x80006D0C (0x00C0006F) jal zero, 12


mem[X,0x80006D18] -> 0x5063
mem[X,0x80006D1A] -> 0x04B5
[688] [M]: 0x80006D18 (0x04B55063) bge a0, a1, 64


mem[X,0x80006D1C] -> 0x0613
mem[X,0x80006D1E] -> 0x0026
[689] [M]: 0x80006D1C (0x00260613) addi a2, a2, 2
x12 <- 0x00000002


mem[X,0x80006D20] -> 0x006F
mem[X,0x80006D22] -> 0x0400
[690] [M]: 0x80006D20 (0x0400006F) jal zero, 64


mem[X,0x80006D60] -> 0x2223
mem[X,0x80006D62] -> 0x0CC2
[691] [M]: 0x80006D60 (0x0CC22223) sw a2, 196(tp)
mem[0x8003B22C] <- 0x00000002


mem[X,0x80006D64] -> 0x0513
mem[X,0x80006D66] -> 0x2000
[692] [M]: 0x80006D64 (0x20000513) addi a0, zero, 512
x10 <- 0x00000200


mem[X,0x80006D68] -> 0x0593
mem[X,0x80006D6A] -> 0xFDF0
[693] [M]: 0x80006D68 (0xFDF00593) addi a1, zero, 4063
x11 <- 0xFFFFFFDF


mem[X,0x80006D6C] -> 0x0613
mem[X,0x80006D6E] -> 0x0000
[694] [M]: 0x80006D6C (0x00000613) addi a2, zero, 0
x12 <- 0x00000000


mem[X,0x80006D70] -> 0x006F
mem[X,0x80006D72] -> 0x00C0
[695] [M]: 0x80006D70 (0x00C0006F) jal zero, 12


mem[X,0x80006D7C] -> 0x5063
mem[X,0x80006D7E] -> 0x04B5
[696] [M]: 0x80006D7C (0x04B55063) bge a0, a1, 64


mem[X,0x80006DBC] -> 0x0613
mem[X,0x80006DBE] -> 0x0036
[697] [M]: 0x80006DBC (0x00360613) addi a2, a2, 3
x12 <- 0x00000003


mem[X,0x80006DC0] -> 0x006F
mem[X,0x80006DC2] -> 0x0040
[698] [M]: 0x80006DC0 (0x0040006F) jal zero, 4


mem[X,0x80006DC4] -> 0x2423
mem[X,0x80006DC6] -> 0x0CC2
[699] [M]: 0x80006DC4 (0x0CC22423) sw a2, 200(tp)
mem[0x8003B230] <- 0x00000003


clint::tick mtime <- 0x0000000000000007
 clint timer pending at mtime 0x0000000000000007
htif::tick 0x0000000000000000
mem[X,0x80006DC8] -> 0x0513
mem[X,0x80006DCA] -> 0x4000
[700] [M]: 0x80006DC8 (0x40000513) addi a0, zero, 1024
x10 <- 0x00000400


mem[X,0x80006DCC] -> 0x0593
mem[X,0x80006DCE] -> 0x0000
[701] [M]: 0x80006DCC (0x00000593) addi a1, zero, 0
x11 <- 0x00000000


mem[X,0x80006DD0] -> 0x0613
mem[X,0x80006DD2] -> 0x0000
[702] [M]: 0x80006DD0 (0x00000613) addi a2, zero, 0
x12 <- 0x00000000


mem[X,0x80006DD4] -> 0x006F
mem[X,0x80006DD6] -> 0x0100
[703] [M]: 0x80006DD4 (0x0100006F) jal zero, 16


mem[X,0x80006DE4] -> 0x5AE3
mem[X,0x80006DE6] -> 0xFEB5
[704] [M]: 0x80006DE4 (0xFEB55AE3) bge a0, a1, 8180


mem[X,0x80006DD8] -> 0x0613
mem[X,0x80006DDA] -> 0x0016
[705] [M]: 0x80006DD8 (0x00160613) addi a2, a2, 1
x12 <- 0x00000001


mem[X,0x80006DDC] -> 0x006F
mem[X,0x80006DDE] -> 0x01C0
[706] [M]: 0x80006DDC (0x01C0006F) jal zero, 28


mem[X,0x80006DF8] -> 0x2623
mem[X,0x80006DFA] -> 0x0CC2
[707] [M]: 0x80006DF8 (0x0CC22623) sw a2, 204(tp)
mem[0x8003B234] <- 0x00000001


mem[X,0x80006DFC] -> 0x1537
mem[X,0x80006DFE] -> 0x0000
[708] [M]: 0x80006DFC (0x00001537) lui a0, 1
x10 <- 0x00001000


mem[X,0x80006E00] -> 0x0513
mem[X,0x80006E02] -> 0x8005
[709] [M]: 0x80006E00 (0x80050513) addi a0, a0, 2048
x10 <- 0x00000800


mem[X,0x80006E04] -> 0x85B7
mem[X,0x80006E06] -> 0x0000
[710] [M]: 0x80006E04 (0x000085B7) lui a1, 8
x11 <- 0x00008000


mem[X,0x80006E08] -> 0x0613
mem[X,0x80006E0A] -> 0x0000
[711] [M]: 0x80006E08 (0x00000613) addi a2, zero, 0
x12 <- 0x00000000


mem[X,0x80006E0C] -> 0x006F
mem[X,0x80006E0E] -> 0x00C0
[712] [M]: 0x80006E0C (0x00C0006F) jal zero, 12


mem[X,0x80006E18] -> 0x5CE3
mem[X,0x80006E1A] -> 0xFEB5
[713] [M]: 0x80006E18 (0xFEB55CE3) bge a0, a1, 8184


mem[X,0x80006E1C] -> 0x0613
mem[X,0x80006E1E] -> 0x0026
[714] [M]: 0x80006E1C (0x00260613) addi a2, a2, 2
x12 <- 0x00000002


mem[X,0x80006E20] -> 0x006F
mem[X,0x80006E22] -> 0x00C0
[715] [M]: 0x80006E20 (0x00C0006F) jal zero, 12


mem[X,0x80006E2C] -> 0x2823
mem[X,0x80006E2E] -> 0x0CC2
[716] [M]: 0x80006E2C (0x0CC22823) sw a2, 208(tp)
mem[0x8003B238] <- 0x00000002


mem[X,0x80006E30] -> 0x1537
mem[X,0x80006E32] -> 0x0000
[717] [M]: 0x80006E30 (0x00001537) lui a0, 1
x10 <- 0x00001000


mem[X,0x80006E34] -> 0x05B7
mem[X,0x80006E36] -> 0x4000
[718] [M]: 0x80006E34 (0x400005B7) lui a1, 262144
x11 <- 0x40000000


mem[X,0x80006E38] -> 0x0613
mem[X,0x80006E3A] -> 0x0000
[719] [M]: 0x80006E38 (0x00000613) addi a2, zero, 0
x12 <- 0x00000000


mem[X,0x80006E3C] -> 0x006F
mem[X,0x80006E3E] -> 0x00C0
[720] [M]: 0x80006E3C (0x00C0006F) jal zero, 12


mem[X,0x80006E48] -> 0x5063
mem[X,0x80006E4A] -> 0x40B5
[721] [M]: 0x80006E48 (0x40B55063) bge a0, a1, 1024


mem[X,0x80006E4C] -> 0x0613
mem[X,0x80006E4E] -> 0x0026
[722] [M]: 0x80006E4C (0x00260613) addi a2, a2, 2
x12 <- 0x00000002


mem[X,0x80006E50] -> 0x006F
mem[X,0x80006E52] -> 0x4000
[723] [M]: 0x80006E50 (0x4000006F) jal zero, 1024


mem[X,0x80007250] -> 0x2A23
mem[X,0x80007252] -> 0x0CC2
[724] [M]: 0x80007250 (0x0CC22A23) sw a2, 212(tp)
mem[0x8003B23C] <- 0x00000002


mem[X,0x80007254] -> 0x2537
mem[X,0x80007256] -> 0x0000
[725] [M]: 0x80007254 (0x00002537) lui a0, 2
x10 <- 0x00002000


mem[X,0x80007258] -> 0x05B7
mem[X,0x8000725A] -> 0xF000
[726] [M]: 0x80007258 (0xF00005B7) lui a1, 983040
x11 <- 0xF0000000


mem[X,0x8000725C] -> 0x8593
mem[X,0x8000725E] -> 0xFFF5
[727] [M]: 0x8000725C (0xFFF58593) addi a1, a1, 4095
x11 <- 0xEFFFFFFF


mem[X,0x80007260] -> 0x0613
mem[X,0x80007262] -> 0x0000
[728] [M]: 0x80007260 (0x00000613) addi a2, zero, 0
x12 <- 0x00000000


mem[X,0x80007264] -> 0x006F
mem[X,0x80007266] -> 0x2B10
[729] [M]: 0x80007264 (0x2B10006F) jal zero, 2736


mem[X,0x80007D14] -> 0x5A63
mem[X,0x80007D16] -> 0xD4B5
[730] [M]: 0x80007D14 (0xD4B55A63) bge a0, a1, 5460


mem[X,0x80007268] -> 0x0613
mem[X,0x8000726A] -> 0x0016
[731] [M]: 0x80007268 (0x00160613) addi a2, a2, 1
x12 <- 0x00000001


mem[X,0x8000726C] -> 0x006F
mem[X,0x8000726E] -> 0x2BD0
[732] [M]: 0x8000726C (0x2BD0006F) jal zero, 2748


mem[X,0x80007D28] -> 0x2C23
mem[X,0x80007D2A] -> 0x0CC2
[733] [M]: 0x80007D28 (0x0CC22C23) sw a2, 216(tp)
mem[0x8003B240] <- 0x00000001


mem[X,0x80007D2C] -> 0x8537
mem[X,0x80007D2E] -> 0x0000
[734] [M]: 0x80007D2C (0x00008537) lui a0, 8
x10 <- 0x00008000


mem[X,0x80007D30] -> 0x0593
mem[X,0x80007D32] -> 0x0040
[735] [M]: 0x80007D30 (0x00400593) addi a1, zero, 4
x11 <- 0x00000004


mem[X,0x80007D34] -> 0x0613
mem[X,0x80007D36] -> 0x0000
[736] [M]: 0x80007D34 (0x00000613) addi a2, zero, 0
x12 <- 0x00000000


mem[X,0x80007D38] -> 0x006F
mem[X,0x80007D3A] -> 0x00C0
[737] [M]: 0x80007D38 (0x00C0006F) jal zero, 12


mem[X,0x80007D44] -> 0x5063
mem[X,0x80007D46] -> 0x10B5
[738] [M]: 0x80007D44 (0x10B55063) bge a0, a1, 256


mem[X,0x80007E44] -> 0x0613
mem[X,0x80007E46] -> 0x0036
[739] [M]: 0x80007E44 (0x00360613) addi a2, a2, 3
x12 <- 0x00000003


mem[X,0x80007E48] -> 0x006F
mem[X,0x80007E4A] -> 0x0040
[740] [M]: 0x80007E48 (0x0040006F) jal zero, 4


mem[X,0x80007E4C] -> 0x2E23
mem[X,0x80007E4E] -> 0x0CC2
[741] [M]: 0x80007E4C (0x0CC22E23) sw a2, 220(tp)
mem[0x8003B244] <- 0x00000003


mem[X,0x80007E50] -> 0x0537
mem[X,0x80007E52] -> 0x0002
[742] [M]: 0x80007E50 (0x00020537) lui a0, 32
x10 <- 0x00020000


mem[X,0x80007E54] -> 0x0593
mem[X,0x80007E56] -> 0x0020
[743] [M]: 0x80007E54 (0x00200593) addi a1, zero, 2
x11 <- 0x00000002


mem[X,0x80007E58] -> 0x0613
mem[X,0x80007E5A] -> 0x0000
[744] [M]: 0x80007E58 (0x00000613) addi a2, zero, 0
x12 <- 0x00000000


mem[X,0x80007E5C] -> 0x006F
mem[X,0x80007E5E] -> 0x00C0
[745] [M]: 0x80007E5C (0x00C0006F) jal zero, 12


mem[X,0x80007E68] -> 0x5CE3
mem[X,0x80007E6A] -> 0xFEB5
[746] [M]: 0x80007E68 (0xFEB55CE3) bge a0, a1, 8184


mem[X,0x80007E60] -> 0x0613
mem[X,0x80007E62] -> 0x0016
[747] [M]: 0x80007E60 (0x00160613) addi a2, a2, 1
x12 <- 0x00000001


mem[X,0x80007E64] -> 0x006F
mem[X,0x80007E66] -> 0x0180
[748] [M]: 0x80007E64 (0x0180006F) jal zero, 24


mem[X,0x80007E7C] -> 0x2023
mem[X,0x80007E7E] -> 0x0EC2
[749] [M]: 0x80007E7C (0x0EC22023) sw a2, 224(tp)
mem[0x8003B248] <- 0x00000001


mem[X,0x80007E80] -> 0x0537
mem[X,0x80007E82] -> 0x0010
[750] [M]: 0x80007E80 (0x00100537) lui a0, 256
x10 <- 0x00100000


mem[X,0x80007E84] -> 0x55B7
mem[X,0x80007E86] -> 0xFFFF
[751] [M]: 0x80007E84 (0xFFFF55B7) lui a1, 1048565
x11 <- 0xFFFF5000


mem[X,0x80007E88] -> 0x8593
mem[X,0x80007E8A] -> 0xAFC5
[752] [M]: 0x80007E88 (0xAFC58593) addi a1, a1, 2812
x11 <- 0xFFFF4AFC


mem[X,0x80007E8C] -> 0x0613
mem[X,0x80007E8E] -> 0x0000
[753] [M]: 0x80007E8C (0x00000613) addi a2, zero, 0
x12 <- 0x00000000


mem[X,0x80007E90] -> 0x006F
mem[X,0x80007E92] -> 0x00C0
[754] [M]: 0x80007E90 (0x00C0006F) jal zero, 12


mem[X,0x80007E9C] -> 0x5663
mem[X,0x80007E9E] -> 0x00B5
[755] [M]: 0x80007E9C (0x00B55663) bge a0, a1, 12


mem[X,0x80007EA8] -> 0x0613
mem[X,0x80007EAA] -> 0x0036
[756] [M]: 0x80007EA8 (0x00360613) addi a2, a2, 3
x12 <- 0x00000003


mem[X,0x80007EAC] -> 0x006F
mem[X,0x80007EAE] -> 0x0040
[757] [M]: 0x80007EAC (0x0040006F) jal zero, 4


mem[X,0x80007EB0] -> 0x2223
mem[X,0x80007EB2] -> 0x0EC2
[758] [M]: 0x80007EB0 (0x0EC22223) sw a2, 228(tp)
mem[0x8003B24C] <- 0x00000003


mem[X,0x80007EB4] -> 0x0537
mem[X,0x80007EB6] -> 0x0020
[759] [M]: 0x80007EB4 (0x00200537) lui a0, 512
x10 <- 0x00200000


mem[X,0x80007EB8] -> 0x55B7
mem[X,0x80007EBA] -> 0xFFFF
[760] [M]: 0x80007EB8 (0xFFFF55B7) lui a1, 1048565
x11 <- 0xFFFF5000


mem[X,0x80007EBC] -> 0x8593
mem[X,0x80007EBE] -> 0xAFC5
[761] [M]: 0x80007EBC (0xAFC58593) addi a1, a1, 2812
x11 <- 0xFFFF4AFC


mem[X,0x80007EC0] -> 0x0613
mem[X,0x80007EC2] -> 0x0000
[762] [M]: 0x80007EC0 (0x00000613) addi a2, zero, 0
x12 <- 0x00000000


mem[X,0x80007EC4] -> 0x006F
mem[X,0x80007EC6] -> 0x00C0
[763] [M]: 0x80007EC4 (0x00C0006F) jal zero, 12


mem[X,0x80007ED0] -> 0x5063
mem[X,0x80007ED2] -> 0x04B5
[764] [M]: 0x80007ED0 (0x04B55063) bge a0, a1, 64


mem[X,0x80007F10] -> 0x0613
mem[X,0x80007F12] -> 0x0036
[765] [M]: 0x80007F10 (0x00360613) addi a2, a2, 3
x12 <- 0x00000003


mem[X,0x80007F14] -> 0x006F
mem[X,0x80007F16] -> 0x0040
[766] [M]: 0x80007F14 (0x0040006F) jal zero, 4


mem[X,0x80007F18] -> 0x2423
mem[X,0x80007F1A] -> 0x0EC2
[767] [M]: 0x80007F18 (0x0EC22423) sw a2, 232(tp)
mem[0x8003B250] <- 0x00000003


mem[X,0x80007F1C] -> 0x0537
mem[X,0x80007F1E] -> 0x0080
[768] [M]: 0x80007F1C (0x00800537) lui a0, 2048
x10 <- 0x00800000


mem[X,0x80007F20] -> 0x0593
mem[X,0x80007F22] -> 0x0080
[769] [M]: 0x80007F20 (0x00800593) addi a1, zero, 8
x11 <- 0x00000008


mem[X,0x80007F24] -> 0x0613
mem[X,0x80007F26] -> 0x0000
[770] [M]: 0x80007F24 (0x00000613) addi a2, zero, 0
x12 <- 0x00000000


mem[X,0x80007F28] -> 0x006F
mem[X,0x80007F2A] -> 0x00C0
[771] [M]: 0x80007F28 (0x00C0006F) jal zero, 12


mem[X,0x80007F34] -> 0x5063
mem[X,0x80007F36] -> 0x40B5
[772] [M]: 0x80007F34 (0x40B55063) bge a0, a1, 1024


mem[X,0x80008334] -> 0x0613
mem[X,0x80008336] -> 0x0036
[773] [M]: 0x80008334 (0x00360613) addi a2, a2, 3
x12 <- 0x00000003


mem[X,0x80008338] -> 0x006F
mem[X,0x8000833A] -> 0x0040
[774] [M]: 0x80008338 (0x0040006F) jal zero, 4


mem[X,0x8000833C] -> 0x2623
mem[X,0x8000833E] -> 0x0EC2
[775] [M]: 0x8000833C (0x0EC22623) sw a2, 236(tp)
mem[0x8003B254] <- 0x00000003


mem[X,0x80008340] -> 0x0537
mem[X,0x80008342] -> 0x0100
[776] [M]: 0x80008340 (0x01000537) lui a0, 4096
x10 <- 0x01000000


mem[X,0x80008344] -> 0x05B7
mem[X,0x80008346] -> 0xC000
[777] [M]: 0x80008344 (0xC00005B7) lui a1, 786432
x11 <- 0xC0000000


mem[X,0x80008348] -> 0x8593
mem[X,0x8000834A] -> 0xFFF5
[778] [M]: 0x80008348 (0xFFF58593) addi a1, a1, 4095
x11 <- 0xBFFFFFFF


mem[X,0x8000834C] -> 0x0613
mem[X,0x8000834E] -> 0x0000
[779] [M]: 0x8000834C (0x00000613) addi a2, zero, 0
x12 <- 0x00000000


mem[X,0x80008350] -> 0x006F
mem[X,0x80008352] -> 0x00C0
[780] [M]: 0x80008350 (0x00C0006F) jal zero, 12


mem[X,0x8000835C] -> 0x5663
mem[X,0x8000835E] -> 0x00B5
[781] [M]: 0x8000835C (0x00B55663) bge a0, a1, 12


mem[X,0x80008368] -> 0x0613
mem[X,0x8000836A] -> 0x0036
[782] [M]: 0x80008368 (0x00360613) addi a2, a2, 3
x12 <- 0x00000003


mem[X,0x8000836C] -> 0x006F
mem[X,0x8000836E] -> 0x0040
[783] [M]: 0x8000836C (0x0040006F) jal zero, 4


mem[X,0x80008370] -> 0x2823
mem[X,0x80008372] -> 0x0EC2
[784] [M]: 0x80008370 (0x0EC22823) sw a2, 240(tp)
mem[0x8003B258] <- 0x00000003


mem[X,0x80008374] -> 0x0537
mem[X,0x80008376] -> 0x0200
[785] [M]: 0x80008374 (0x02000537) lui a0, 8192
x10 <- 0x02000000


mem[X,0x80008378] -> 0x0593
mem[X,0x8000837A] -> 0x0060
[786] [M]: 0x80008378 (0x00600593) addi a1, zero, 6
x11 <- 0x00000006


mem[X,0x8000837C] -> 0x0613
mem[X,0x8000837E] -> 0x0000
[787] [M]: 0x8000837C (0x00000613) addi a2, zero, 0
x12 <- 0x00000000


mem[X,0x80008380] -> 0x006F
mem[X,0x80008382] -> 0x00C0
[788] [M]: 0x80008380 (0x00C0006F) jal zero, 12


mem[X,0x8000838C] -> 0x5663
mem[X,0x8000838E] -> 0x00B5
[789] [M]: 0x8000838C (0x00B55663) bge a0, a1, 12


mem[X,0x80008398] -> 0x0613
mem[X,0x8000839A] -> 0x0036
[790] [M]: 0x80008398 (0x00360613) addi a2, a2, 3
x12 <- 0x00000003


mem[X,0x8000839C] -> 0x006F
mem[X,0x8000839E] -> 0x0040
[791] [M]: 0x8000839C (0x0040006F) jal zero, 4


mem[X,0x800083A0] -> 0x2A23
mem[X,0x800083A2] -> 0x0EC2
[792] [M]: 0x800083A0 (0x0EC22A23) sw a2, 244(tp)
mem[0x8003B25C] <- 0x00000003


mem[X,0x800083A4] -> 0x0537
mem[X,0x800083A6] -> 0x0400
[793] [M]: 0x800083A4 (0x04000537) lui a0, 16384
x10 <- 0x04000000


mem[X,0x800083A8] -> 0x05B7
mem[X,0x800083AA] -> 0x8000
[794] [M]: 0x800083A8 (0x800005B7) lui a1, 524288
x11 <- 0x80000000


mem[X,0x800083AC] -> 0x8593
mem[X,0x800083AE] -> 0xFFF5
[795] [M]: 0x800083AC (0xFFF58593) addi a1, a1, 4095
x11 <- 0x7FFFFFFF


mem[X,0x800083B0] -> 0x0613
mem[X,0x800083B2] -> 0x0000
[796] [M]: 0x800083B0 (0x00000613) addi a2, zero, 0
x12 <- 0x00000000


mem[X,0x800083B4] -> 0x006F
mem[X,0x800083B6] -> 0x0100
[797] [M]: 0x800083B4 (0x0100006F) jal zero, 16


mem[X,0x800083C4] -> 0x5AE3
mem[X,0x800083C6] -> 0xFEB5
[798] [M]: 0x800083C4 (0xFEB55AE3) bge a0, a1, 8180


mem[X,0x800083C8] -> 0x0613
mem[X,0x800083CA] -> 0x0026
[799] [M]: 0x800083C8 (0x00260613) addi a2, a2, 2
x12 <- 0x00000002


clint::tick mtime <- 0x0000000000000008
 clint timer pending at mtime 0x0000000000000008
htif::tick 0x0000000000000000
mem[X,0x800083CC] -> 0x006F
mem[X,0x800083CE] -> 0x00C0
[800] [M]: 0x800083CC (0x00C0006F) jal zero, 12


mem[X,0x800083D8] -> 0x2C23
mem[X,0x800083DA] -> 0x0EC2
[801] [M]: 0x800083D8 (0x0EC22C23) sw a2, 248(tp)
mem[0x8003B260] <- 0x00000002


mem[X,0x800083DC] -> 0x0537
mem[X,0x800083DE] -> 0x2000
[802] [M]: 0x800083DC (0x20000537) lui a0, 131072
x10 <- 0x20000000


mem[X,0x800083E0] -> 0x25B7
mem[X,0x800083E2] -> 0x0000
[803] [M]: 0x800083E0 (0x000025B7) lui a1, 2
x11 <- 0x00002000


mem[X,0x800083E4] -> 0x0613
mem[X,0x800083E6] -> 0x0000
[804] [M]: 0x800083E4 (0x00000613) addi a2, zero, 0
x12 <- 0x00000000


mem[X,0x800083E8] -> 0x006F
mem[X,0x800083EA] -> 0x00C0
[805] [M]: 0x800083E8 (0x00C0006F) jal zero, 12


mem[X,0x800083F4] -> 0x5063
mem[X,0x800083F6] -> 0x08B5
[806] [M]: 0x800083F4 (0x08B55063) bge a0, a1, 128


mem[X,0x80008474] -> 0x0613
mem[X,0x80008476] -> 0x0036
[807] [M]: 0x80008474 (0x00360613) addi a2, a2, 3
x12 <- 0x00000003


mem[X,0x80008478] -> 0x006F
mem[X,0x8000847A] -> 0x0040
[808] [M]: 0x80008478 (0x0040006F) jal zero, 4


mem[X,0x8000847C] -> 0x2E23
mem[X,0x8000847E] -> 0x0EC2
[809] [M]: 0x8000847C (0x0EC22E23) sw a2, 252(tp)
mem[0x8003B264] <- 0x00000003


mem[X,0x80008480] -> 0x0537
mem[X,0x80008482] -> 0x4000
[810] [M]: 0x80008480 (0x40000537) lui a0, 262144
x10 <- 0x40000000


mem[X,0x80008484] -> 0x05B7
mem[X,0x80008486] -> 0x2000
[811] [M]: 0x80008484 (0x200005B7) lui a1, 131072
x11 <- 0x20000000


mem[X,0x80008488] -> 0x0613
mem[X,0x8000848A] -> 0x0000
[812] [M]: 0x80008488 (0x00000613) addi a2, zero, 0
x12 <- 0x00000000


mem[X,0x8000848C] -> 0x006F
mem[X,0x8000848E] -> 0x00C0
[813] [M]: 0x8000848C (0x00C0006F) jal zero, 12


mem[X,0x80008498] -> 0x5063
mem[X,0x8000849A] -> 0x02B5
[814] [M]: 0x80008498 (0x02B55063) bge a0, a1, 32


mem[X,0x800084B8] -> 0x0613
mem[X,0x800084BA] -> 0x0036
[815] [M]: 0x800084B8 (0x00360613) addi a2, a2, 3
x12 <- 0x00000003


mem[X,0x800084BC] -> 0x006F
mem[X,0x800084BE] -> 0x0040
[816] [M]: 0x800084BC (0x0040006F) jal zero, 4


mem[X,0x800084C0] -> 0x2023
mem[X,0x800084C2] -> 0x10C2
[817] [M]: 0x800084C0 (0x10C22023) sw a2, 256(tp)
mem[0x8003B268] <- 0x00000003


mem[X,0x800084C4] -> 0x0513
mem[X,0x800084C6] -> 0xFF70
[818] [M]: 0x800084C4 (0xFF700513) addi a0, zero, 4087
x10 <- 0xFFFFFFF7


mem[X,0x800084C8] -> 0x0593
mem[X,0x800084CA] -> 0xFF90
[819] [M]: 0x800084C8 (0xFF900593) addi a1, zero, 4089
x11 <- 0xFFFFFFF9


mem[X,0x800084CC] -> 0x0613
mem[X,0x800084CE] -> 0x0000
[820] [M]: 0x800084CC (0x00000613) addi a2, zero, 0
x12 <- 0x00000000


mem[X,0x800084D0] -> 0x006F
mem[X,0x800084D2] -> 0x0100
[821] [M]: 0x800084D0 (0x0100006F) jal zero, 16


mem[X,0x800084E0] -> 0x5AE3
mem[X,0x800084E2] -> 0xFEB5
[822] [M]: 0x800084E0 (0xFEB55AE3) bge a0, a1, 8180


mem[X,0x800084E4] -> 0x0613
mem[X,0x800084E6] -> 0x0026
[823] [M]: 0x800084E4 (0x00260613) addi a2, a2, 2
x12 <- 0x00000002


mem[X,0x800084E8] -> 0x006F
mem[X,0x800084EA] -> 0x00C0
[824] [M]: 0x800084E8 (0x00C0006F) jal zero, 12


mem[X,0x800084F4] -> 0x2223
mem[X,0x800084F6] -> 0x10C2
[825] [M]: 0x800084F4 (0x10C22223) sw a2, 260(tp)
mem[0x8003B26C] <- 0x00000002


mem[X,0x800084F8] -> 0x0513
mem[X,0x800084FA] -> 0xFEF0
[826] [M]: 0x800084F8 (0xFEF00513) addi a0, zero, 4079
x10 <- 0xFFFFFFEF


mem[X,0x800084FC] -> 0x0593
mem[X,0x800084FE] -> 0xFF70
[827] [M]: 0x800084FC (0xFF700593) addi a1, zero, 4087
x11 <- 0xFFFFFFF7


mem[X,0x80008500] -> 0x0613
mem[X,0x80008502] -> 0x0000
[828] [M]: 0x80008500 (0x00000613) addi a2, zero, 0
x12 <- 0x00000000


mem[X,0x80008504] -> 0x006F
mem[X,0x80008506] -> 0x00C0
[829] [M]: 0x80008504 (0x00C0006F) jal zero, 12


mem[X,0x80008510] -> 0x5CE3
mem[X,0x80008512] -> 0xFEB5
[830] [M]: 0x80008510 (0xFEB55CE3) bge a0, a1, 8184


mem[X,0x80008514] -> 0x0613
mem[X,0x80008516] -> 0x0026
[831] [M]: 0x80008514 (0x00260613) addi a2, a2, 2
x12 <- 0x00000002


mem[X,0x80008518] -> 0x006F
mem[X,0x8000851A] -> 0x00C0
[832] [M]: 0x80008518 (0x00C0006F) jal zero, 12


mem[X,0x80008524] -> 0x2423
mem[X,0x80008526] -> 0x10C2
[833] [M]: 0x80008524 (0x10C22423) sw a2, 264(tp)
mem[0x8003B270] <- 0x00000002


mem[X,0x80008528] -> 0x0513
mem[X,0x8000852A] -> 0xFBF0
[834] [M]: 0x80008528 (0xFBF00513) addi a0, zero, 4031
x10 <- 0xFFFFFFBF


mem[X,0x8000852C] -> 0x05B7
mem[X,0x8000852E] -> 0x0004
[835] [M]: 0x8000852C (0x000405B7) lui a1, 64
x11 <- 0x00040000


mem[X,0x80008530] -> 0x0613
mem[X,0x80008532] -> 0x0000
[836] [M]: 0x80008530 (0x00000613) addi a2, zero, 0
x12 <- 0x00000000


mem[X,0x80008534] -> 0x006F
mem[X,0x80008536] -> 0x00C0
[837] [M]: 0x80008534 (0x00C0006F) jal zero, 12


mem[X,0x80008540] -> 0x5CE3
mem[X,0x80008542] -> 0xFEB5
[838] [M]: 0x80008540 (0xFEB55CE3) bge a0, a1, 8184


mem[X,0x80008544] -> 0x0613
mem[X,0x80008546] -> 0x0026
[839] [M]: 0x80008544 (0x00260613) addi a2, a2, 2
x12 <- 0x00000002


mem[X,0x80008548] -> 0x006F
mem[X,0x8000854A] -> 0x00C0
[840] [M]: 0x80008548 (0x00C0006F) jal zero, 12


mem[X,0x80008554] -> 0x2623
mem[X,0x80008556] -> 0x10C2
[841] [M]: 0x80008554 (0x10C22623) sw a2, 268(tp)
mem[0x8003B274] <- 0x00000002


mem[X,0x80008558] -> 0x0513
mem[X,0x8000855A] -> 0xF7F0
[842] [M]: 0x80008558 (0xF7F00513) addi a0, zero, 3967
x10 <- 0xFFFFFF7F


mem[X,0x8000855C] -> 0x0593
mem[X,0x8000855E] -> 0x0800
[843] [M]: 0x8000855C (0x08000593) addi a1, zero, 128
x11 <- 0x00000080


mem[X,0x80008560] -> 0x0613
mem[X,0x80008562] -> 0x0000
[844] [M]: 0x80008560 (0x00000613) addi a2, zero, 0
x12 <- 0x00000000


mem[X,0x80008564] -> 0x006F
mem[X,0x80008566] -> 0x00C0
[845] [M]: 0x80008564 (0x00C0006F) jal zero, 12


mem[X,0x80008570] -> 0x5063
mem[X,0x80008572] -> 0x20B5
[846] [M]: 0x80008570 (0x20B55063) bge a0, a1, 512


mem[X,0x80008574] -> 0x0613
mem[X,0x80008576] -> 0x0026
[847] [M]: 0x80008574 (0x00260613) addi a2, a2, 2
x12 <- 0x00000002


mem[X,0x80008578] -> 0x006F
mem[X,0x8000857A] -> 0x2000
[848] [M]: 0x80008578 (0x2000006F) jal zero, 512


mem[X,0x80008778] -> 0x2823
mem[X,0x8000877A] -> 0x10C2
[849] [M]: 0x80008778 (0x10C22823) sw a2, 272(tp)
mem[0x8003B278] <- 0x00000002


mem[X,0x8000877C] -> 0x0513
mem[X,0x8000877E] -> 0xEFF0
[850] [M]: 0x8000877C (0xEFF00513) addi a0, zero, 3839
x10 <- 0xFFFFFEFF


mem[X,0x80008780] -> 0x05B7
mem[X,0x80008782] -> 0xC000
[851] [M]: 0x80008780 (0xC00005B7) lui a1, 786432
x11 <- 0xC0000000


mem[X,0x80008784] -> 0x0613
mem[X,0x80008786] -> 0x0000
[852] [M]: 0x80008784 (0x00000613) addi a2, zero, 0
x12 <- 0x00000000


mem[X,0x80008788] -> 0x006F
mem[X,0x8000878A] -> 0x00C0
[853] [M]: 0x80008788 (0x00C0006F) jal zero, 12


mem[X,0x80008794] -> 0x5863
mem[X,0x80008796] -> 0x00B5
[854] [M]: 0x80008794 (0x00B55863) bge a0, a1, 16


mem[X,0x800087A4] -> 0x0613
mem[X,0x800087A6] -> 0x0036
[855] [M]: 0x800087A4 (0x00360613) addi a2, a2, 3
x12 <- 0x00000003


mem[X,0x800087A8] -> 0x006F
mem[X,0x800087AA] -> 0x0040
[856] [M]: 0x800087A8 (0x0040006F) jal zero, 4


mem[X,0x800087AC] -> 0x2A23
mem[X,0x800087AE] -> 0x10C2
[857] [M]: 0x800087AC (0x10C22A23) sw a2, 276(tp)
mem[0x8003B27C] <- 0x00000003


mem[X,0x800087B0] -> 0x0513
mem[X,0x800087B2] -> 0xDFF0
[858] [M]: 0x800087B0 (0xDFF00513) addi a0, zero, 3583
x10 <- 0xFFFFFDFF


mem[X,0x800087B4] -> 0x05B7
mem[X,0x800087B6] -> 0xC000
[859] [M]: 0x800087B4 (0xC00005B7) lui a1, 786432
x11 <- 0xC0000000


mem[X,0x800087B8] -> 0x8593
mem[X,0x800087BA] -> 0xFFF5
[860] [M]: 0x800087B8 (0xFFF58593) addi a1, a1, 4095
x11 <- 0xBFFFFFFF


mem[X,0x800087BC] -> 0x0613
mem[X,0x800087BE] -> 0x0000
[861] [M]: 0x800087BC (0x00000613) addi a2, zero, 0
x12 <- 0x00000000


mem[X,0x800087C0] -> 0x006F
mem[X,0x800087C2] -> 0x00C0
[862] [M]: 0x800087C0 (0x00C0006F) jal zero, 12


mem[X,0x800087CC] -> 0x5663
mem[X,0x800087CE] -> 0x00B5
[863] [M]: 0x800087CC (0x00B55663) bge a0, a1, 12


mem[X,0x800087D8] -> 0x0613
mem[X,0x800087DA] -> 0x0036
[864] [M]: 0x800087D8 (0x00360613) addi a2, a2, 3
x12 <- 0x00000003


mem[X,0x800087DC] -> 0x006F
mem[X,0x800087DE] -> 0x0040
[865] [M]: 0x800087DC (0x0040006F) jal zero, 4


mem[X,0x800087E0] -> 0x2C23
mem[X,0x800087E2] -> 0x10C2
[866] [M]: 0x800087E0 (0x10C22C23) sw a2, 280(tp)
mem[0x8003B280] <- 0x00000003


mem[X,0x800087E4] -> 0x0513
mem[X,0x800087E6] -> 0xBFF0
[867] [M]: 0x800087E4 (0xBFF00513) addi a0, zero, 3071
x10 <- 0xFFFFFBFF


mem[X,0x800087E8] -> 0x0593
mem[X,0x800087EA] -> 0xFFA0
[868] [M]: 0x800087E8 (0xFFA00593) addi a1, zero, 4090
x11 <- 0xFFFFFFFA


mem[X,0x800087EC] -> 0x0613
mem[X,0x800087EE] -> 0x0000
[869] [M]: 0x800087EC (0x00000613) addi a2, zero, 0
x12 <- 0x00000000


mem[X,0x800087F0] -> 0x006F
mem[X,0x800087F2] -> 0x0180
[870] [M]: 0x800087F0 (0x0180006F) jal zero, 24


mem[X,0x80008808] -> 0x56E3
mem[X,0x8000880A] -> 0xFEB5
[871] [M]: 0x80008808 (0xFEB556E3) bge a0, a1, 8172


mem[X,0x8000880C] -> 0x0613
mem[X,0x8000880E] -> 0x0026
[872] [M]: 0x8000880C (0x00260613) addi a2, a2, 2
x12 <- 0x00000002


mem[X,0x80008810] -> 0x006F
mem[X,0x80008812] -> 0x00C0
[873] [M]: 0x80008810 (0x00C0006F) jal zero, 12


mem[X,0x8000881C] -> 0x2E23
mem[X,0x8000881E] -> 0x10C2
[874] [M]: 0x8000881C (0x10C22E23) sw a2, 284(tp)
mem[0x8003B284] <- 0x00000002


mem[X,0x80008820] -> 0xF537
mem[X,0x80008822] -> 0xFFFF
[875] [M]: 0x80008820 (0xFFFFF537) lui a0, 1048575
x10 <- 0xFFFFF000


mem[X,0x80008824] -> 0x0513
mem[X,0x80008826] -> 0x7FF5
[876] [M]: 0x80008824 (0x7FF50513) addi a0, a0, 2047
x10 <- 0xFFFFF7FF


mem[X,0x80008828] -> 0x05B7
mem[X,0x8000882A] -> 0x0004
[877] [M]: 0x80008828 (0x000405B7) lui a1, 64
x11 <- 0x00040000


mem[X,0x8000882C] -> 0x0613
mem[X,0x8000882E] -> 0x0000
[878] [M]: 0x8000882C (0x00000613) addi a2, zero, 0
x12 <- 0x00000000


mem[X,0x80008830] -> 0x006F
mem[X,0x80008832] -> 0x00C0
[879] [M]: 0x80008830 (0x00C0006F) jal zero, 12


mem[X,0x8000883C] -> 0x5063
mem[X,0x8000883E] -> 0x08B5
[880] [M]: 0x8000883C (0x08B55063) bge a0, a1, 128


mem[X,0x80008840] -> 0x0613
mem[X,0x80008842] -> 0x0026
[881] [M]: 0x80008840 (0x00260613) addi a2, a2, 2
x12 <- 0x00000002


mem[X,0x80008844] -> 0x006F
mem[X,0x80008846] -> 0x0800
[882] [M]: 0x80008844 (0x0800006F) jal zero, 128


mem[X,0x800088C4] -> 0x2023
mem[X,0x800088C6] -> 0x12C2
[883] [M]: 0x800088C4 (0x12C22023) sw a2, 288(tp)
mem[0x8003B288] <- 0x00000002


mem[X,0x800088C8] -> 0xC537
mem[X,0x800088CA] -> 0xFFFF
[884] [M]: 0x800088C8 (0xFFFFC537) lui a0, 1048572
x10 <- 0xFFFFC000


mem[X,0x800088CC] -> 0x0513
mem[X,0x800088CE] -> 0xFFF5
[885] [M]: 0x800088CC (0xFFF50513) addi a0, a0, 4095
x10 <- 0xFFFFBFFF


mem[X,0x800088D0] -> 0x85B7
mem[X,0x800088D2] -> 0xFFFF
[886] [M]: 0x800088D0 (0xFFFF85B7) lui a1, 1048568
x11 <- 0xFFFF8000


mem[X,0x800088D4] -> 0x8593
mem[X,0x800088D6] -> 0xFFF5
[887] [M]: 0x800088D4 (0xFFF58593) addi a1, a1, 4095
x11 <- 0xFFFF7FFF


mem[X,0x800088D8] -> 0x0613
mem[X,0x800088DA] -> 0x0000
[888] [M]: 0x800088D8 (0x00000613) addi a2, zero, 0
x12 <- 0x00000000


mem[X,0x800088DC] -> 0x006F
mem[X,0x800088DE] -> 0x00C0
[889] [M]: 0x800088DC (0x00C0006F) jal zero, 12


mem[X,0x800088E8] -> 0x5063
mem[X,0x800088EA] -> 0x10B5
[890] [M]: 0x800088E8 (0x10B55063) bge a0, a1, 256


mem[X,0x800089E8] -> 0x0613
mem[X,0x800089EA] -> 0x0036
[891] [M]: 0x800089E8 (0x00360613) addi a2, a2, 3
x12 <- 0x00000003


mem[X,0x800089EC] -> 0x006F
mem[X,0x800089EE] -> 0x0040
[892] [M]: 0x800089EC (0x0040006F) jal zero, 4


mem[X,0x800089F0] -> 0x2223
mem[X,0x800089F2] -> 0x12C2
[893] [M]: 0x800089F0 (0x12C22223) sw a2, 292(tp)
mem[0x8003B28C] <- 0x00000003


mem[X,0x800089F4] -> 0x8537
mem[X,0x800089F6] -> 0xFFFF
[894] [M]: 0x800089F4 (0xFFFF8537) lui a0, 1048568
x10 <- 0xFFFF8000


mem[X,0x800089F8] -> 0x0513
mem[X,0x800089FA] -> 0xFFF5
[895] [M]: 0x800089F8 (0xFFF50513) addi a0, a0, 4095
x10 <- 0xFFFF7FFF


mem[X,0x800089FC] -> 0x05B7
mem[X,0x800089FE] -> 0x0080
[896] [M]: 0x800089FC (0x008005B7) lui a1, 2048
x11 <- 0x00800000


mem[X,0x80008A00] -> 0x0613
mem[X,0x80008A02] -> 0x0000
[897] [M]: 0x80008A00 (0x00000613) addi a2, zero, 0
x12 <- 0x00000000


mem[X,0x80008A04] -> 0x006F
mem[X,0x80008A06] -> 0x00C0
[898] [M]: 0x80008A04 (0x00C0006F) jal zero, 12


mem[X,0x80008A10] -> 0x5063
mem[X,0x80008A12] -> 0x20B5
[899] [M]: 0x80008A10 (0x20B55063) bge a0, a1, 512


clint::tick mtime <- 0x0000000000000009
 clint timer pending at mtime 0x0000000000000009
htif::tick 0x0000000000000000
mem[X,0x80008A14] -> 0x0613
mem[X,0x80008A16] -> 0x0026
[900] [M]: 0x80008A14 (0x00260613) addi a2, a2, 2
x12 <- 0x00000002


mem[X,0x80008A18] -> 0x006F
mem[X,0x80008A1A] -> 0x2000
[901] [M]: 0x80008A18 (0x2000006F) jal zero, 512


mem[X,0x80008C18] -> 0x2423
mem[X,0x80008C1A] -> 0x12C2
[902] [M]: 0x80008C18 (0x12C22423) sw a2, 296(tp)
mem[0x8003B290] <- 0x00000002


mem[X,0x80008C1C] -> 0x0537
mem[X,0x80008C1E] -> 0xFFFF
[903] [M]: 0x80008C1C (0xFFFF0537) lui a0, 1048560
x10 <- 0xFFFF0000


mem[X,0x80008C20] -> 0x0513
mem[X,0x80008C22] -> 0xFFF5
[904] [M]: 0x80008C20 (0xFFF50513) addi a0, a0, 4095
x10 <- 0xFFFEFFFF


mem[X,0x80008C24] -> 0x05B7
mem[X,0x80008C26] -> 0x0800
[905] [M]: 0x80008C24 (0x080005B7) lui a1, 32768
x11 <- 0x08000000


mem[X,0x80008C28] -> 0x0613
mem[X,0x80008C2A] -> 0x0000
[906] [M]: 0x80008C28 (0x00000613) addi a2, zero, 0
x12 <- 0x00000000


mem[X,0x80008C2C] -> 0x006F
mem[X,0x80008C2E] -> 0x00C0
[907] [M]: 0x80008C2C (0x00C0006F) jal zero, 12


mem[X,0x80008C38] -> 0x5663
mem[X,0x80008C3A] -> 0x00B5
[908] [M]: 0x80008C38 (0x00B55663) bge a0, a1, 12


mem[X,0x80008C3C] -> 0x0613
mem[X,0x80008C3E] -> 0x0026
[909] [M]: 0x80008C3C (0x00260613) addi a2, a2, 2
x12 <- 0x00000002


mem[X,0x80008C40] -> 0x006F
mem[X,0x80008C42] -> 0x00C0
[910] [M]: 0x80008C40 (0x00C0006F) jal zero, 12


mem[X,0x80008C4C] -> 0x2623
mem[X,0x80008C4E] -> 0x12C2
[911] [M]: 0x80008C4C (0x12C22623) sw a2, 300(tp)
mem[0x8003B294] <- 0x00000002


mem[X,0x80008C50] -> 0x0537
mem[X,0x80008C52] -> 0xFFFE
[912] [M]: 0x80008C50 (0xFFFE0537) lui a0, 1048544
x10 <- 0xFFFE0000


mem[X,0x80008C54] -> 0x0513
mem[X,0x80008C56] -> 0xFFF5
[913] [M]: 0x80008C54 (0xFFF50513) addi a0, a0, 4095
x10 <- 0xFFFDFFFF


mem[X,0x80008C58] -> 0x0593
mem[X,0x80008C5A] -> 0x0070
[914] [M]: 0x80008C58 (0x00700593) addi a1, zero, 7
x11 <- 0x00000007


mem[X,0x80008C5C] -> 0x0613
mem[X,0x80008C5E] -> 0x0000
[915] [M]: 0x80008C5C (0x00000613) addi a2, zero, 0
x12 <- 0x00000000


mem[X,0x80008C60] -> 0x006F
mem[X,0x80008C62] -> 0x00C0
[916] [M]: 0x80008C60 (0x00C0006F) jal zero, 12


mem[X,0x80008C6C] -> 0x5663
mem[X,0x80008C6E] -> 0x00B5
[917] [M]: 0x80008C6C (0x00B55663) bge a0, a1, 12


mem[X,0x80008C70] -> 0x0613
mem[X,0x80008C72] -> 0x0026
[918] [M]: 0x80008C70 (0x00260613) addi a2, a2, 2
x12 <- 0x00000002


mem[X,0x80008C74] -> 0x006F
mem[X,0x80008C76] -> 0x00C0
[919] [M]: 0x80008C74 (0x00C0006F) jal zero, 12


mem[X,0x80008C80] -> 0x2823
mem[X,0x80008C82] -> 0x12C2
[920] [M]: 0x80008C80 (0x12C22823) sw a2, 304(tp)
mem[0x8003B298] <- 0x00000002


mem[X,0x80008C84] -> 0x0537
mem[X,0x80008C86] -> 0xFF80
[921] [M]: 0x80008C84 (0xFF800537) lui a0, 1046528
x10 <- 0xFF800000


mem[X,0x80008C88] -> 0x0513
mem[X,0x80008C8A] -> 0xFFF5
[922] [M]: 0x80008C88 (0xFFF50513) addi a0, a0, 4095
x10 <- 0xFF7FFFFF


mem[X,0x80008C8C] -> 0x25B7
mem[X,0x80008C8E] -> 0x0000
[923] [M]: 0x80008C8C (0x000025B7) lui a1, 2
x11 <- 0x00002000


mem[X,0x80008C90] -> 0x0613
mem[X,0x80008C92] -> 0x0000
[924] [M]: 0x80008C90 (0x00000613) addi a2, zero, 0
x12 <- 0x00000000


mem[X,0x80008C94] -> 0x006F
mem[X,0x80008C96] -> 0x00C0
[925] [M]: 0x80008C94 (0x00C0006F) jal zero, 12


mem[X,0x80008CA0] -> 0x5663
mem[X,0x80008CA2] -> 0x00B5
[926] [M]: 0x80008CA0 (0x00B55663) bge a0, a1, 12


mem[X,0x80008CA4] -> 0x0613
mem[X,0x80008CA6] -> 0x0026
[927] [M]: 0x80008CA4 (0x00260613) addi a2, a2, 2
x12 <- 0x00000002


mem[X,0x80008CA8] -> 0x006F
mem[X,0x80008CAA] -> 0x00C0
[928] [M]: 0x80008CA8 (0x00C0006F) jal zero, 12


mem[X,0x80008CB4] -> 0x2A23
mem[X,0x80008CB6] -> 0x12C2
[929] [M]: 0x80008CB4 (0x12C22A23) sw a2, 308(tp)
mem[0x8003B29C] <- 0x00000002


mem[X,0x80008CB8] -> 0x0537
mem[X,0x80008CBA] -> 0xFF00
[930] [M]: 0x80008CB8 (0xFF000537) lui a0, 1044480
x10 <- 0xFF000000


mem[X,0x80008CBC] -> 0x0513
mem[X,0x80008CBE] -> 0xFFF5
[931] [M]: 0x80008CBC (0xFFF50513) addi a0, a0, 4095
x10 <- 0xFEFFFFFF


mem[X,0x80008CC0] -> 0x0593
mem[X,0x80008CC2] -> 0x0200
[932] [M]: 0x80008CC0 (0x02000593) addi a1, zero, 32
x11 <- 0x00000020


mem[X,0x80008CC4] -> 0x0613
mem[X,0x80008CC6] -> 0x0000
[933] [M]: 0x80008CC4 (0x00000613) addi a2, zero, 0
x12 <- 0x00000000


mem[X,0x80008CC8] -> 0x006F
mem[X,0x80008CCA] -> 0x00C0
[934] [M]: 0x80008CC8 (0x00C0006F) jal zero, 12


mem[X,0x80008CD4] -> 0x5663
mem[X,0x80008CD6] -> 0x00B5
[935] [M]: 0x80008CD4 (0x00B55663) bge a0, a1, 12


mem[X,0x80008CD8] -> 0x0613
mem[X,0x80008CDA] -> 0x0026
[936] [M]: 0x80008CD8 (0x00260613) addi a2, a2, 2
x12 <- 0x00000002


mem[X,0x80008CDC] -> 0x006F
mem[X,0x80008CDE] -> 0x00C0
[937] [M]: 0x80008CDC (0x00C0006F) jal zero, 12


mem[X,0x80008CE8] -> 0x2C23
mem[X,0x80008CEA] -> 0x12C2
[938] [M]: 0x80008CE8 (0x12C22C23) sw a2, 312(tp)
mem[0x8003B2A0] <- 0x00000002


mem[X,0x80008CEC] -> 0x0537
mem[X,0x80008CEE] -> 0xFE00
[939] [M]: 0x80008CEC (0xFE000537) lui a0, 1040384
x10 <- 0xFE000000


mem[X,0x80008CF0] -> 0x0513
mem[X,0x80008CF2] -> 0xFFF5
[940] [M]: 0x80008CF0 (0xFFF50513) addi a0, a0, 4095
x10 <- 0xFDFFFFFF


mem[X,0x80008CF4] -> 0x0593
mem[X,0x80008CF6] -> 0x0040
[941] [M]: 0x80008CF4 (0x00400593) addi a1, zero, 4
x11 <- 0x00000004


mem[X,0x80008CF8] -> 0x0613
mem[X,0x80008CFA] -> 0x0000
[942] [M]: 0x80008CF8 (0x00000613) addi a2, zero, 0
x12 <- 0x00000000


mem[X,0x80008CFC] -> 0x006F
mem[X,0x80008CFE] -> 0x00C0
[943] [M]: 0x80008CFC (0x00C0006F) jal zero, 12


mem[X,0x80008D08] -> 0x5663
mem[X,0x80008D0A] -> 0x00B5
[944] [M]: 0x80008D08 (0x00B55663) bge a0, a1, 12


mem[X,0x80008D0C] -> 0x0613
mem[X,0x80008D0E] -> 0x0026
[945] [M]: 0x80008D0C (0x00260613) addi a2, a2, 2
x12 <- 0x00000002


mem[X,0x80008D10] -> 0x006F
mem[X,0x80008D12] -> 0x00C0
[946] [M]: 0x80008D10 (0x00C0006F) jal zero, 12


mem[X,0x80008D1C] -> 0x2E23
mem[X,0x80008D1E] -> 0x12C2
[947] [M]: 0x80008D1C (0x12C22E23) sw a2, 316(tp)
mem[0x8003B2A4] <- 0x00000002


mem[X,0x80008D20] -> 0x0537
mem[X,0x80008D22] -> 0xF000
[948] [M]: 0x80008D20 (0xF0000537) lui a0, 983040
x10 <- 0xF0000000


mem[X,0x80008D24] -> 0x0513
mem[X,0x80008D26] -> 0xFFF5
[949] [M]: 0x80008D24 (0xFFF50513) addi a0, a0, 4095
x10 <- 0xEFFFFFFF


mem[X,0x80008D28] -> 0x0593
mem[X,0x80008D2A] -> 0x0800
[950] [M]: 0x80008D28 (0x08000593) addi a1, zero, 128
x11 <- 0x00000080


mem[X,0x80008D2C] -> 0x0613
mem[X,0x80008D2E] -> 0x0000
[951] [M]: 0x80008D2C (0x00000613) addi a2, zero, 0
x12 <- 0x00000000


mem[X,0x80008D30] -> 0x006F
mem[X,0x80008D32] -> 0x00C0
[952] [M]: 0x80008D30 (0x00C0006F) jal zero, 12


mem[X,0x80008D3C] -> 0x5063
mem[X,0x80008D3E] -> 0x08B5
[953] [M]: 0x80008D3C (0x08B55063) bge a0, a1, 128


mem[X,0x80008D40] -> 0x0613
mem[X,0x80008D42] -> 0x0026
[954] [M]: 0x80008D40 (0x00260613) addi a2, a2, 2
x12 <- 0x00000002


mem[X,0x80008D44] -> 0x006F
mem[X,0x80008D46] -> 0x0800
[955] [M]: 0x80008D44 (0x0800006F) jal zero, 128


mem[X,0x80008DC4] -> 0x2023
mem[X,0x80008DC6] -> 0x14C2
[956] [M]: 0x80008DC4 (0x14C22023) sw a2, 320(tp)
mem[0x8003B2A8] <- 0x00000002


mem[X,0x80008DC8] -> 0x0537
mem[X,0x80008DCA] -> 0xE000
[957] [M]: 0x80008DC8 (0xE0000537) lui a0, 917504
x10 <- 0xE0000000


mem[X,0x80008DCC] -> 0x0513
mem[X,0x80008DCE] -> 0xFFF5
[958] [M]: 0x80008DCC (0xFFF50513) addi a0, a0, 4095
x10 <- 0xDFFFFFFF


mem[X,0x80008DD0] -> 0x65B7
mem[X,0x80008DD2] -> 0x6666
[959] [M]: 0x80008DD0 (0x666665B7) lui a1, 419430
x11 <- 0x66666000


mem[X,0x80008DD4] -> 0x8593
mem[X,0x80008DD6] -> 0x6665
[960] [M]: 0x80008DD4 (0x66658593) addi a1, a1, 1638
x11 <- 0x66666666


mem[X,0x80008DD8] -> 0x0613
mem[X,0x80008DDA] -> 0x0000
[961] [M]: 0x80008DD8 (0x00000613) addi a2, zero, 0
x12 <- 0x00000000


mem[X,0x80008DDC] -> 0x006F
mem[X,0x80008DDE] -> 0x00C0
[962] [M]: 0x80008DDC (0x00C0006F) jal zero, 12


mem[X,0x80008DE8] -> 0x5663
mem[X,0x80008DEA] -> 0x00B5
[963] [M]: 0x80008DE8 (0x00B55663) bge a0, a1, 12


mem[X,0x80008DEC] -> 0x0613
mem[X,0x80008DEE] -> 0x0026
[964] [M]: 0x80008DEC (0x00260613) addi a2, a2, 2
x12 <- 0x00000002


mem[X,0x80008DF0] -> 0x006F
mem[X,0x80008DF2] -> 0x00C0
[965] [M]: 0x80008DF0 (0x00C0006F) jal zero, 12


mem[X,0x80008DFC] -> 0x2223
mem[X,0x80008DFE] -> 0x14C2
[966] [M]: 0x80008DFC (0x14C22223) sw a2, 324(tp)
mem[0x8003B2AC] <- 0x00000002


mem[X,0x80008E00] -> 0x0537
mem[X,0x80008E02] -> 0xC000
[967] [M]: 0x80008E00 (0xC0000537) lui a0, 786432
x10 <- 0xC0000000


mem[X,0x80008E04] -> 0x0513
mem[X,0x80008E06] -> 0xFFF5
[968] [M]: 0x80008E04 (0xFFF50513) addi a0, a0, 4095
x10 <- 0xBFFFFFFF


mem[X,0x80008E08] -> 0x05B7
mem[X,0x80008E0A] -> 0x4000
[969] [M]: 0x80008E08 (0x400005B7) lui a1, 262144
x11 <- 0x40000000


mem[X,0x80008E0C] -> 0x0613
mem[X,0x80008E0E] -> 0x0000
[970] [M]: 0x80008E0C (0x00000613) addi a2, zero, 0
x12 <- 0x00000000


mem[X,0x80008E10] -> 0x006F
mem[X,0x80008E12] -> 0x00C0
[971] [M]: 0x80008E10 (0x00C0006F) jal zero, 12


mem[X,0x80008E1C] -> 0x5063
mem[X,0x80008E1E] -> 0x40B5
[972] [M]: 0x80008E1C (0x40B55063) bge a0, a1, 1024


mem[X,0x80008E20] -> 0x0613
mem[X,0x80008E22] -> 0x0026
[973] [M]: 0x80008E20 (0x00260613) addi a2, a2, 2
x12 <- 0x00000002


mem[X,0x80008E24] -> 0x006F
mem[X,0x80008E26] -> 0x4000
[974] [M]: 0x80008E24 (0x4000006F) jal zero, 1024


mem[X,0x80009224] -> 0x2423
mem[X,0x80009226] -> 0x14C2
[975] [M]: 0x80009224 (0x14C22423) sw a2, 328(tp)
mem[0x8003B2B0] <- 0x00000002


mem[X,0x80009228] -> 0x0537
mem[X,0x8000922A] -> 0x8000
[976] [M]: 0x80009228 (0x80000537) lui a0, 524288
x10 <- 0x80000000


mem[X,0x8000922C] -> 0x0513
mem[X,0x8000922E] -> 0xFFF5
[977] [M]: 0x8000922C (0xFFF50513) addi a0, a0, 4095
x10 <- 0x7FFFFFFF


mem[X,0x80009230] -> 0x0593
mem[X,0x80009232] -> 0x0050
[978] [M]: 0x80009230 (0x00500593) addi a1, zero, 5
x11 <- 0x00000005


mem[X,0x80009234] -> 0x0613
mem[X,0x80009236] -> 0x0000
[979] [M]: 0x80009234 (0x00000613) addi a2, zero, 0
x12 <- 0x00000000


mem[X,0x80009238] -> 0x006F
mem[X,0x8000923A] -> 0x0140
[980] [M]: 0x80009238 (0x0140006F) jal zero, 20


mem[X,0x8000924C] -> 0x58E3
mem[X,0x8000924E] -> 0xFEB5
[981] [M]: 0x8000924C (0xFEB558E3) bge a0, a1, 8176


mem[X,0x8000923C] -> 0x0613
mem[X,0x8000923E] -> 0x0016
[982] [M]: 0x8000923C (0x00160613) addi a2, a2, 1
x12 <- 0x00000001


mem[X,0x80009240] -> 0x006F
mem[X,0x80009242] -> 0x0200
[983] [M]: 0x80009240 (0x0200006F) jal zero, 32


mem[X,0x80009260] -> 0x2623
mem[X,0x80009262] -> 0x14C2
[984] [M]: 0x80009260 (0x14C22623) sw a2, 332(tp)
mem[0x8003B2B4] <- 0x00000001


mem[X,0x80009264] -> 0x5537
mem[X,0x80009266] -> 0x5555
[985] [M]: 0x80009264 (0x55555537) lui a0, 349525
x10 <- 0x55555000


mem[X,0x80009268] -> 0x0513
mem[X,0x8000926A] -> 0x5555
[986] [M]: 0x80009268 (0x55550513) addi a0, a0, 1365
x10 <- 0x55555555


mem[X,0x8000926C] -> 0xB5B7
mem[X,0x8000926E] -> 0xAAAA
[987] [M]: 0x8000926C (0xAAAAB5B7) lui a1, 699051
x11 <- 0xAAAAB000


mem[X,0x80009270] -> 0x8593
mem[X,0x80009272] -> 0xAAA5
[988] [M]: 0x80009270 (0xAAA58593) addi a1, a1, 2730
x11 <- 0xAAAAAAAA


mem[X,0x80009274] -> 0x0613
mem[X,0x80009276] -> 0x0000
[989] [M]: 0x80009274 (0x00000613) addi a2, zero, 0
x12 <- 0x00000000


mem[X,0x80009278] -> 0x006F
mem[X,0x8000927A] -> 0x00C0
[990] [M]: 0x80009278 (0x00C0006F) jal zero, 12


mem[X,0x80009284] -> 0x5063
mem[X,0x80009286] -> 0x20B5
[991] [M]: 0x80009284 (0x20B55063) bge a0, a1, 512


mem[X,0x80009484] -> 0x0613
mem[X,0x80009486] -> 0x0036
[992] [M]: 0x80009484 (0x00360613) addi a2, a2, 3
x12 <- 0x00000003


mem[X,0x80009488] -> 0x006F
mem[X,0x8000948A] -> 0x0040
[993] [M]: 0x80009488 (0x0040006F) jal zero, 4


mem[X,0x8000948C] -> 0x2823
mem[X,0x8000948E] -> 0x14C2
[994] [M]: 0x8000948C (0x14C22823) sw a2, 336(tp)
mem[0x8003B2B8] <- 0x00000003


mem[X,0x80009490] -> 0x0513
mem[X,0x80009492] -> 0x0030
[995] [M]: 0x80009490 (0x00300513) addi a0, zero, 3
x10 <- 0x00000003


mem[X,0x80009494] -> 0x0593
mem[X,0x80009496] -> 0x0030
[996] [M]: 0x80009494 (0x00300593) addi a1, zero, 3
x11 <- 0x00000003


mem[X,0x80009498] -> 0x0613
mem[X,0x8000949A] -> 0x0000
[997] [M]: 0x80009498 (0x00000613) addi a2, zero, 0
x12 <- 0x00000000


mem[X,0x8000949C] -> 0x006F
mem[X,0x8000949E] -> 0x00C0
[998] [M]: 0x8000949C (0x00C0006F) jal zero, 12


mem[X,0x800094A8] -> 0x5663
mem[X,0x800094AA] -> 0x00B5
[999] [M]: 0x800094A8 (0x00B55663) bge a0, a1, 12


clint::tick mtime <- 0x000000000000000A
 clint timer pending at mtime 0x000000000000000A
htif::tick 0x0000000000000000
mem[X,0x800094B4] -> 0x0613
mem[X,0x800094B6] -> 0x0036
[1000] [M]: 0x800094B4 (0x00360613) addi a2, a2, 3
x12 <- 0x00000003


mem[X,0x800094B8] -> 0x006F
mem[X,0x800094BA] -> 0x0040
[1001] [M]: 0x800094B8 (0x0040006F) jal zero, 4


mem[X,0x800094BC] -> 0x2A23
mem[X,0x800094BE] -> 0x14C2
[1002] [M]: 0x800094BC (0x14C22A23) sw a2, 340(tp)
mem[0x8003B2BC] <- 0x00000003


mem[X,0x800094C0] -> 0x0513
mem[X,0x800094C2] -> 0x0030
[1003] [M]: 0x800094C0 (0x00300513) addi a0, zero, 3
x10 <- 0x00000003


mem[X,0x800094C4] -> 0x55B7
mem[X,0x800094C6] -> 0x5555
[1004] [M]: 0x800094C4 (0x555555B7) lui a1, 349525
x11 <- 0x55555000


mem[X,0x800094C8] -> 0x8593
mem[X,0x800094CA] -> 0x5555
[1005] [M]: 0x800094C8 (0x55558593) addi a1, a1, 1365
x11 <- 0x55555555


mem[X,0x800094CC] -> 0x0613
mem[X,0x800094CE] -> 0x0000
[1006] [M]: 0x800094CC (0x00000613) addi a2, zero, 0
x12 <- 0x00000000


mem[X,0x800094D0] -> 0x006F
mem[X,0x800094D2] -> 0x0180
[1007] [M]: 0x800094D0 (0x0180006F) jal zero, 24


mem[X,0x800094E8] -> 0x56E3
mem[X,0x800094EA] -> 0xFEB5
[1008] [M]: 0x800094E8 (0xFEB556E3) bge a0, a1, 8172


mem[X,0x800094EC] -> 0x0613
mem[X,0x800094EE] -> 0x0026
[1009] [M]: 0x800094EC (0x00260613) addi a2, a2, 2
x12 <- 0x00000002


mem[X,0x800094F0] -> 0x006F
mem[X,0x800094F2] -> 0x00C0
[1010] [M]: 0x800094F0 (0x00C0006F) jal zero, 12


mem[X,0x800094FC] -> 0x2C23
mem[X,0x800094FE] -> 0x14C2
[1011] [M]: 0x800094FC (0x14C22C23) sw a2, 344(tp)
mem[0x8003B2C0] <- 0x00000002


mem[X,0x80009500] -> 0x0513
mem[X,0x80009502] -> 0x0030
[1012] [M]: 0x80009500 (0x00300513) addi a0, zero, 3
x10 <- 0x00000003


mem[X,0x80009504] -> 0xB5B7
mem[X,0x80009506] -> 0xAAAA
[1013] [M]: 0x80009504 (0xAAAAB5B7) lui a1, 699051
x11 <- 0xAAAAB000


mem[X,0x80009508] -> 0x8593
mem[X,0x8000950A] -> 0xAAA5
[1014] [M]: 0x80009508 (0xAAA58593) addi a1, a1, 2730
x11 <- 0xAAAAAAAA


mem[X,0x8000950C] -> 0x0613
mem[X,0x8000950E] -> 0x0000
[1015] [M]: 0x8000950C (0x00000613) addi a2, zero, 0
x12 <- 0x00000000


mem[X,0x80009510] -> 0x006F
mem[X,0x80009512] -> 0x00C0
[1016] [M]: 0x80009510 (0x00C0006F) jal zero, 12


mem[X,0x8000951C] -> 0x5063
mem[X,0x8000951E] -> 0x20B5
[1017] [M]: 0x8000951C (0x20B55063) bge a0, a1, 512


mem[X,0x8000971C] -> 0x0613
mem[X,0x8000971E] -> 0x0036
[1018] [M]: 0x8000971C (0x00360613) addi a2, a2, 3
x12 <- 0x00000003


mem[X,0x80009720] -> 0x006F
mem[X,0x80009722] -> 0x0040
[1019] [M]: 0x80009720 (0x0040006F) jal zero, 4


mem[X,0x80009724] -> 0x2E23
mem[X,0x80009726] -> 0x14C2
[1020] [M]: 0x80009724 (0x14C22E23) sw a2, 348(tp)
mem[0x8003B2C4] <- 0x00000003


mem[X,0x80009728] -> 0x0513
mem[X,0x8000972A] -> 0x0030
[1021] [M]: 0x80009728 (0x00300513) addi a0, zero, 3
x10 <- 0x00000003


mem[X,0x8000972C] -> 0x0593
mem[X,0x8000972E] -> 0x0050
[1022] [M]: 0x8000972C (0x00500593) addi a1, zero, 5
x11 <- 0x00000005


mem[X,0x80009730] -> 0x0613
mem[X,0x80009732] -> 0x0000
[1023] [M]: 0x80009730 (0x00000613) addi a2, zero, 0
x12 <- 0x00000000


mem[X,0x80009734] -> 0x006F
mem[X,0x80009736] -> 0x00C0
[1024] [M]: 0x80009734 (0x00C0006F) jal zero, 12


mem[X,0x80009740] -> 0x5063
mem[X,0x80009742] -> 0x02B5
[1025] [M]: 0x80009740 (0x02B55063) bge a0, a1, 32


mem[X,0x80009744] -> 0x0613
mem[X,0x80009746] -> 0x0026
[1026] [M]: 0x80009744 (0x00260613) addi a2, a2, 2
x12 <- 0x00000002


mem[X,0x80009748] -> 0x006F
mem[X,0x8000974A] -> 0x0200
[1027] [M]: 0x80009748 (0x0200006F) jal zero, 32


mem[X,0x80009768] -> 0x2023
mem[X,0x8000976A] -> 0x16C2
[1028] [M]: 0x80009768 (0x16C22023) sw a2, 352(tp)
mem[0x8003B2C8] <- 0x00000002


mem[X,0x8000976C] -> 0x0513
mem[X,0x8000976E] -> 0x0030
[1029] [M]: 0x8000976C (0x00300513) addi a0, zero, 3
x10 <- 0x00000003


mem[X,0x80009770] -> 0x35B7
mem[X,0x80009772] -> 0x3333
[1030] [M]: 0x80009770 (0x333335B7) lui a1, 209715
x11 <- 0x33333000


mem[X,0x80009774] -> 0x8593
mem[X,0x80009776] -> 0x3335
[1031] [M]: 0x80009774 (0x33358593) addi a1, a1, 819
x11 <- 0x33333333


mem[X,0x80009778] -> 0x0613
mem[X,0x8000977A] -> 0x0000
[1032] [M]: 0x80009778 (0x00000613) addi a2, zero, 0
x12 <- 0x00000000


mem[X,0x8000977C] -> 0x006F
mem[X,0x8000977E] -> 0x00C0
[1033] [M]: 0x8000977C (0x00C0006F) jal zero, 12


mem[X,0x80009788] -> 0x5CE3
mem[X,0x8000978A] -> 0xFEB5
[1034] [M]: 0x80009788 (0xFEB55CE3) bge a0, a1, 8184


mem[X,0x8000978C] -> 0x0613
mem[X,0x8000978E] -> 0x0026
[1035] [M]: 0x8000978C (0x00260613) addi a2, a2, 2
x12 <- 0x00000002


mem[X,0x80009790] -> 0x006F
mem[X,0x80009792] -> 0x00C0
[1036] [M]: 0x80009790 (0x00C0006F) jal zero, 12


mem[X,0x8000979C] -> 0x2223
mem[X,0x8000979E] -> 0x16C2
[1037] [M]: 0x8000979C (0x16C22223) sw a2, 356(tp)
mem[0x8003B2CC] <- 0x00000002


mem[X,0x800097A0] -> 0x0513
mem[X,0x800097A2] -> 0x0030
[1038] [M]: 0x800097A0 (0x00300513) addi a0, zero, 3
x10 <- 0x00000003


mem[X,0x800097A4] -> 0x65B7
mem[X,0x800097A6] -> 0x6666
[1039] [M]: 0x800097A4 (0x666665B7) lui a1, 419430
x11 <- 0x66666000


mem[X,0x800097A8] -> 0x8593
mem[X,0x800097AA] -> 0x6665
[1040] [M]: 0x800097A8 (0x66658593) addi a1, a1, 1638
x11 <- 0x66666666


mem[X,0x800097AC] -> 0x0613
mem[X,0x800097AE] -> 0x0000
[1041] [M]: 0x800097AC (0x00000613) addi a2, zero, 0
x12 <- 0x00000000


mem[X,0x800097B0] -> 0x006F
mem[X,0x800097B2] -> 0x00C0
[1042] [M]: 0x800097B0 (0x00C0006F) jal zero, 12


mem[X,0x800097BC] -> 0x5063
mem[X,0x800097BE] -> 0x04B5
[1043] [M]: 0x800097BC (0x04B55063) bge a0, a1, 64


mem[X,0x800097C0] -> 0x0613
mem[X,0x800097C2] -> 0x0026
[1044] [M]: 0x800097C0 (0x00260613) addi a2, a2, 2
x12 <- 0x00000002


mem[X,0x800097C4] -> 0x006F
mem[X,0x800097C6] -> 0x0400
[1045] [M]: 0x800097C4 (0x0400006F) jal zero, 64


mem[X,0x80009804] -> 0x2423
mem[X,0x80009806] -> 0x16C2
[1046] [M]: 0x80009804 (0x16C22423) sw a2, 360(tp)
mem[0x8003B2D0] <- 0x00000002


mem[X,0x80009808] -> 0x0513
mem[X,0x8000980A] -> 0x0030
[1047] [M]: 0x80009808 (0x00300513) addi a0, zero, 3
x10 <- 0x00000003


mem[X,0x8000980C] -> 0x55B7
mem[X,0x8000980E] -> 0xFFFF
[1048] [M]: 0x8000980C (0xFFFF55B7) lui a1, 1048565
x11 <- 0xFFFF5000


mem[X,0x80009810] -> 0x8593
mem[X,0x80009812] -> 0xAFC5
[1049] [M]: 0x80009810 (0xAFC58593) addi a1, a1, 2812
x11 <- 0xFFFF4AFC


mem[X,0x80009814] -> 0x0613
mem[X,0x80009816] -> 0x0000
[1050] [M]: 0x80009814 (0x00000613) addi a2, zero, 0
x12 <- 0x00000000


mem[X,0x80009818] -> 0x006F
mem[X,0x8000981A] -> 0x0100
[1051] [M]: 0x80009818 (0x0100006F) jal zero, 16


mem[X,0x80009828] -> 0x5AE3
mem[X,0x8000982A] -> 0xFEB5
[1052] [M]: 0x80009828 (0xFEB55AE3) bge a0, a1, 8180


mem[X,0x8000981C] -> 0x0613
mem[X,0x8000981E] -> 0x0016
[1053] [M]: 0x8000981C (0x00160613) addi a2, a2, 1
x12 <- 0x00000001


mem[X,0x80009820] -> 0x006F
mem[X,0x80009822] -> 0x01C0
[1054] [M]: 0x80009820 (0x01C0006F) jal zero, 28


mem[X,0x8000983C] -> 0x2623
mem[X,0x8000983E] -> 0x16C2
[1055] [M]: 0x8000983C (0x16C22623) sw a2, 364(tp)
mem[0x8003B2D4] <- 0x00000001


mem[X,0x80009840] -> 0x0513
mem[X,0x80009842] -> 0x0030
[1056] [M]: 0x80009840 (0x00300513) addi a0, zero, 3
x10 <- 0x00000003


mem[X,0x80009844] -> 0xB5B7
mem[X,0x80009846] -> 0x0000
[1057] [M]: 0x80009844 (0x0000B5B7) lui a1, 11
x11 <- 0x0000B000


mem[X,0x80009848] -> 0x8593
mem[X,0x8000984A] -> 0x5045
[1058] [M]: 0x80009848 (0x50458593) addi a1, a1, 1284
x11 <- 0x0000B504


mem[X,0x8000984C] -> 0x0613
mem[X,0x8000984E] -> 0x0000
[1059] [M]: 0x8000984C (0x00000613) addi a2, zero, 0
x12 <- 0x00000000


mem[X,0x80009850] -> 0x006F
mem[X,0x80009852] -> 0x0050
[1060] [M]: 0x80009850 (0x0050006F) jal zero, 2052


mem[X,0x8000A054] -> 0x50E3
mem[X,0x8000A056] -> 0x80B5
[1061] [M]: 0x8000A054 (0x80B550E3) bge a0, a1, 6144


mem[X,0x8000A058] -> 0x0613
mem[X,0x8000A05A] -> 0x0026
[1062] [M]: 0x8000A058 (0x00260613) addi a2, a2, 2
x12 <- 0x00000002


mem[X,0x8000A05C] -> 0x006F
mem[X,0x8000A05E] -> 0x00C0
[1063] [M]: 0x8000A05C (0x00C0006F) jal zero, 12


mem[X,0x8000A068] -> 0x2823
mem[X,0x8000A06A] -> 0x16C2
[1064] [M]: 0x8000A068 (0x16C22823) sw a2, 368(tp)
mem[0x8003B2D8] <- 0x00000002


mem[X,0x8000A06C] -> 0x0513
mem[X,0x8000A06E] -> 0x0030
[1065] [M]: 0x8000A06C (0x00300513) addi a0, zero, 3
x10 <- 0x00000003


mem[X,0x8000A070] -> 0x0593
mem[X,0x8000A072] -> 0x0020
[1066] [M]: 0x8000A070 (0x00200593) addi a1, zero, 2
x11 <- 0x00000002


mem[X,0x8000A074] -> 0x0613
mem[X,0x8000A076] -> 0x0000
[1067] [M]: 0x8000A074 (0x00000613) addi a2, zero, 0
x12 <- 0x00000000


mem[X,0x8000A078] -> 0x006F
mem[X,0x8000A07A] -> 0x00C0
[1068] [M]: 0x8000A078 (0x00C0006F) jal zero, 12


mem[X,0x8000A084] -> 0x5663
mem[X,0x8000A086] -> 0x00B5
[1069] [M]: 0x8000A084 (0x00B55663) bge a0, a1, 12


mem[X,0x8000A090] -> 0x0613
mem[X,0x8000A092] -> 0x0036
[1070] [M]: 0x8000A090 (0x00360613) addi a2, a2, 3
x12 <- 0x00000003


mem[X,0x8000A094] -> 0x006F
mem[X,0x8000A096] -> 0x0040
[1071] [M]: 0x8000A094 (0x0040006F) jal zero, 4


mem[X,0x8000A098] -> 0x2A23
mem[X,0x8000A09A] -> 0x16C2
[1072] [M]: 0x8000A098 (0x16C22A23) sw a2, 372(tp)
mem[0x8003B2DC] <- 0x00000003


mem[X,0x8000A09C] -> 0x0513
mem[X,0x8000A09E] -> 0x0030
[1073] [M]: 0x8000A09C (0x00300513) addi a0, zero, 3
x10 <- 0x00000003


mem[X,0x8000A0A0] -> 0x55B7
mem[X,0x8000A0A2] -> 0x5555
[1074] [M]: 0x8000A0A0 (0x555555B7) lui a1, 349525
x11 <- 0x55555000


mem[X,0x8000A0A4] -> 0x8593
mem[X,0x8000A0A6] -> 0x5545
[1075] [M]: 0x8000A0A4 (0x55458593) addi a1, a1, 1364
x11 <- 0x55555554


mem[X,0x8000A0A8] -> 0x0613
mem[X,0x8000A0AA] -> 0x0000
[1076] [M]: 0x8000A0A8 (0x00000613) addi a2, zero, 0
x12 <- 0x00000000


mem[X,0x8000A0AC] -> 0x006F
mem[X,0x8000A0AE] -> 0x00C0
[1077] [M]: 0x8000A0AC (0x00C0006F) jal zero, 12


mem[X,0x8000A0B8] -> 0x5663
mem[X,0x8000A0BA] -> 0x00B5
[1078] [M]: 0x8000A0B8 (0x00B55663) bge a0, a1, 12


mem[X,0x8000A0BC] -> 0x0613
mem[X,0x8000A0BE] -> 0x0026
[1079] [M]: 0x8000A0BC (0x00260613) addi a2, a2, 2
x12 <- 0x00000002


mem[X,0x8000A0C0] -> 0x006F
mem[X,0x8000A0C2] -> 0x00C0
[1080] [M]: 0x8000A0C0 (0x00C0006F) jal zero, 12


mem[X,0x8000A0CC] -> 0x2C23
mem[X,0x8000A0CE] -> 0x16C2
[1081] [M]: 0x8000A0CC (0x16C22C23) sw a2, 376(tp)
mem[0x8003B2E0] <- 0x00000002


mem[X,0x8000A0D0] -> 0x0513
mem[X,0x8000A0D2] -> 0x0030
[1082] [M]: 0x8000A0D0 (0x00300513) addi a0, zero, 3
x10 <- 0x00000003


mem[X,0x8000A0D4] -> 0x0593
mem[X,0x8000A0D6] -> 0x0000
[1083] [M]: 0x8000A0D4 (0x00000593) addi a1, zero, 0
x11 <- 0x00000000


mem[X,0x8000A0D8] -> 0x0613
mem[X,0x8000A0DA] -> 0x0000
[1084] [M]: 0x8000A0D8 (0x00000613) addi a2, zero, 0
x12 <- 0x00000000


mem[X,0x8000A0DC] -> 0x006F
mem[X,0x8000A0DE] -> 0x00C0
[1085] [M]: 0x8000A0DC (0x00C0006F) jal zero, 12


mem[X,0x8000A0E8] -> 0x5063
mem[X,0x8000A0EA] -> 0x10B5
[1086] [M]: 0x8000A0E8 (0x10B55063) bge a0, a1, 256


mem[X,0x8000A1E8] -> 0x0613
mem[X,0x8000A1EA] -> 0x0036
[1087] [M]: 0x8000A1E8 (0x00360613) addi a2, a2, 3
x12 <- 0x00000003


mem[X,0x8000A1EC] -> 0x006F
mem[X,0x8000A1EE] -> 0x0040
[1088] [M]: 0x8000A1EC (0x0040006F) jal zero, 4


mem[X,0x8000A1F0] -> 0x2E23
mem[X,0x8000A1F2] -> 0x16C2
[1089] [M]: 0x8000A1F0 (0x16C22E23) sw a2, 380(tp)
mem[0x8003B2E4] <- 0x00000003


mem[X,0x8000A1F4] -> 0x0513
mem[X,0x8000A1F6] -> 0x0030
[1090] [M]: 0x8000A1F4 (0x00300513) addi a0, zero, 3
x10 <- 0x00000003


mem[X,0x8000A1F8] -> 0x0593
mem[X,0x8000A1FA] -> 0x0040
[1091] [M]: 0x8000A1F8 (0x00400593) addi a1, zero, 4
x11 <- 0x00000004


mem[X,0x8000A1FC] -> 0x0613
mem[X,0x8000A1FE] -> 0x0000
[1092] [M]: 0x8000A1FC (0x00000613) addi a2, zero, 0
x12 <- 0x00000000


mem[X,0x8000A200] -> 0x006F
mem[X,0x8000A202] -> 0x00C0
[1093] [M]: 0x8000A200 (0x00C0006F) jal zero, 12


mem[X,0x8000A20C] -> 0x5663
mem[X,0x8000A20E] -> 0x00B5
[1094] [M]: 0x8000A20C (0x00B55663) bge a0, a1, 12


mem[X,0x8000A210] -> 0x0613
mem[X,0x8000A212] -> 0x0026
[1095] [M]: 0x8000A210 (0x00260613) addi a2, a2, 2
x12 <- 0x00000002


mem[X,0x8000A214] -> 0x006F
mem[X,0x8000A216] -> 0x00C0
[1096] [M]: 0x8000A214 (0x00C0006F) jal zero, 12


mem[X,0x8000A220] -> 0x2023
mem[X,0x8000A222] -> 0x18C2
[1097] [M]: 0x8000A220 (0x18C22023) sw a2, 384(tp)
mem[0x8003B2E8] <- 0x00000002


mem[X,0x8000A224] -> 0x0513
mem[X,0x8000A226] -> 0x0030
[1098] [M]: 0x8000A224 (0x00300513) addi a0, zero, 3
x10 <- 0x00000003


mem[X,0x8000A228] -> 0x35B7
mem[X,0x8000A22A] -> 0x3333
[1099] [M]: 0x8000A228 (0x333335B7) lui a1, 209715
x11 <- 0x33333000


clint::tick mtime <- 0x000000000000000B
 clint timer pending at mtime 0x000000000000000B
htif::tick 0x0000000000000000
mem[X,0x8000A22C] -> 0x8593
mem[X,0x8000A22E] -> 0x3325
[1100] [M]: 0x8000A22C (0x33258593) addi a1, a1, 818
x11 <- 0x33333332


mem[X,0x8000A230] -> 0x0613
mem[X,0x8000A232] -> 0x0000
[1101] [M]: 0x8000A230 (0x00000613) addi a2, zero, 0
x12 <- 0x00000000


mem[X,0x8000A234] -> 0x006F
mem[X,0x8000A236] -> 0x00C0
[1102] [M]: 0x8000A234 (0x00C0006F) jal zero, 12


mem[X,0x8000A240] -> 0x5CE3
mem[X,0x8000A242] -> 0xFEB5
[1103] [M]: 0x8000A240 (0xFEB55CE3) bge a0, a1, 8184


mem[X,0x8000A244] -> 0x0613
mem[X,0x8000A246] -> 0x0026
[1104] [M]: 0x8000A244 (0x00260613) addi a2, a2, 2
x12 <- 0x00000002


mem[X,0x8000A248] -> 0x006F
mem[X,0x8000A24A] -> 0x00C0
[1105] [M]: 0x8000A248 (0x00C0006F) jal zero, 12


mem[X,0x8000A254] -> 0x2223
mem[X,0x8000A256] -> 0x18C2
[1106] [M]: 0x8000A254 (0x18C22223) sw a2, 388(tp)
mem[0x8003B2EC] <- 0x00000002


mem[X,0x8000A258] -> 0x0513
mem[X,0x8000A25A] -> 0x0030
[1107] [M]: 0x8000A258 (0x00300513) addi a0, zero, 3
x10 <- 0x00000003


mem[X,0x8000A25C] -> 0x65B7
mem[X,0x8000A25E] -> 0x6666
[1108] [M]: 0x8000A25C (0x666665B7) lui a1, 419430
x11 <- 0x66666000


mem[X,0x8000A260] -> 0x8593
mem[X,0x8000A262] -> 0x6655
[1109] [M]: 0x8000A260 (0x66558593) addi a1, a1, 1637
x11 <- 0x66666665


mem[X,0x8000A264] -> 0x0613
mem[X,0x8000A266] -> 0x0000
[1110] [M]: 0x8000A264 (0x00000613) addi a2, zero, 0
x12 <- 0x00000000


mem[X,0x8000A268] -> 0x006F
mem[X,0x8000A26A] -> 0x00C0
[1111] [M]: 0x8000A268 (0x00C0006F) jal zero, 12


mem[X,0x8000A274] -> 0x5063
mem[X,0x8000A276] -> 0x40B5
[1112] [M]: 0x8000A274 (0x40B55063) bge a0, a1, 1024


mem[X,0x8000A278] -> 0x0613
mem[X,0x8000A27A] -> 0x0026
[1113] [M]: 0x8000A278 (0x00260613) addi a2, a2, 2
x12 <- 0x00000002


mem[X,0x8000A27C] -> 0x006F
mem[X,0x8000A27E] -> 0x4000
[1114] [M]: 0x8000A27C (0x4000006F) jal zero, 1024


mem[X,0x8000A67C] -> 0x2423
mem[X,0x8000A67E] -> 0x18C2
[1115] [M]: 0x8000A67C (0x18C22423) sw a2, 392(tp)
mem[0x8003B2F0] <- 0x00000002


mem[X,0x8000A680] -> 0x0513
mem[X,0x8000A682] -> 0x0030
[1116] [M]: 0x8000A680 (0x00300513) addi a0, zero, 3
x10 <- 0x00000003


mem[X,0x8000A684] -> 0xB5B7
mem[X,0x8000A686] -> 0x0000
[1117] [M]: 0x8000A684 (0x0000B5B7) lui a1, 11
x11 <- 0x0000B000


mem[X,0x8000A688] -> 0x8593
mem[X,0x8000A68A] -> 0x5035
[1118] [M]: 0x8000A688 (0x50358593) addi a1, a1, 1283
x11 <- 0x0000B503


mem[X,0x8000A68C] -> 0x0613
mem[X,0x8000A68E] -> 0x0000
[1119] [M]: 0x8000A68C (0x00000613) addi a2, zero, 0
x12 <- 0x00000000


mem[X,0x8000A690] -> 0x006F
mem[X,0x8000A692] -> 0x00C0
[1120] [M]: 0x8000A690 (0x00C0006F) jal zero, 12


mem[X,0x8000A69C] -> 0x5063
mem[X,0x8000A69E] -> 0x10B5
[1121] [M]: 0x8000A69C (0x10B55063) bge a0, a1, 256


mem[X,0x8000A6A0] -> 0x0613
mem[X,0x8000A6A2] -> 0x0026
[1122] [M]: 0x8000A6A0 (0x00260613) addi a2, a2, 2
x12 <- 0x00000002


mem[X,0x8000A6A4] -> 0x006F
mem[X,0x8000A6A6] -> 0x1000
[1123] [M]: 0x8000A6A4 (0x1000006F) jal zero, 256


mem[X,0x8000A7A4] -> 0x2623
mem[X,0x8000A7A6] -> 0x18C2
[1124] [M]: 0x8000A7A4 (0x18C22623) sw a2, 396(tp)
mem[0x8003B2F4] <- 0x00000002


mem[X,0x8000A7A8] -> 0x0513
mem[X,0x8000A7AA] -> 0x0030
[1125] [M]: 0x8000A7A8 (0x00300513) addi a0, zero, 3
x10 <- 0x00000003


mem[X,0x8000A7AC] -> 0x55B7
mem[X,0x8000A7AE] -> 0x5555
[1126] [M]: 0x8000A7AC (0x555555B7) lui a1, 349525
x11 <- 0x55555000


mem[X,0x8000A7B0] -> 0x8593
mem[X,0x8000A7B2] -> 0x5565
[1127] [M]: 0x8000A7B0 (0x55658593) addi a1, a1, 1366
x11 <- 0x55555556


mem[X,0x8000A7B4] -> 0x0613
mem[X,0x8000A7B6] -> 0x0000
[1128] [M]: 0x8000A7B4 (0x00000613) addi a2, zero, 0
x12 <- 0x00000000


mem[X,0x8000A7B8] -> 0x006F
mem[X,0x8000A7BA] -> 0x00C0
[1129] [M]: 0x8000A7B8 (0x00C0006F) jal zero, 12


mem[X,0x8000A7C4] -> 0x5CE3
mem[X,0x8000A7C6] -> 0xFEB5
[1130] [M]: 0x8000A7C4 (0xFEB55CE3) bge a0, a1, 8184


mem[X,0x8000A7C8] -> 0x0613
mem[X,0x8000A7CA] -> 0x0026
[1131] [M]: 0x8000A7C8 (0x00260613) addi a2, a2, 2
x12 <- 0x00000002


mem[X,0x8000A7CC] -> 0x006F
mem[X,0x8000A7CE] -> 0x00C0
[1132] [M]: 0x8000A7CC (0x00C0006F) jal zero, 12


mem[X,0x8000A7D8] -> 0x2823
mem[X,0x8000A7DA] -> 0x18C2
[1133] [M]: 0x8000A7D8 (0x18C22823) sw a2, 400(tp)
mem[0x8003B2F8] <- 0x00000002


mem[X,0x8000A7DC] -> 0x0513
mem[X,0x8000A7DE] -> 0x0030
[1134] [M]: 0x8000A7DC (0x00300513) addi a0, zero, 3
x10 <- 0x00000003


mem[X,0x8000A7E0] -> 0xB5B7
mem[X,0x8000A7E2] -> 0xAAAA
[1135] [M]: 0x8000A7E0 (0xAAAAB5B7) lui a1, 699051
x11 <- 0xAAAAB000


mem[X,0x8000A7E4] -> 0x8593
mem[X,0x8000A7E6] -> 0xAAB5
[1136] [M]: 0x8000A7E4 (0xAAB58593) addi a1, a1, 2731
x11 <- 0xAAAAAAAB


mem[X,0x8000A7E8] -> 0x0613
mem[X,0x8000A7EA] -> 0x0000
[1137] [M]: 0x8000A7E8 (0x00000613) addi a2, zero, 0
x12 <- 0x00000000


mem[X,0x8000A7EC] -> 0x006F
mem[X,0x8000A7EE] -> 0x0140
[1138] [M]: 0x8000A7EC (0x0140006F) jal zero, 20


mem[X,0x8000A800] -> 0x58E3
mem[X,0x8000A802] -> 0xFEB5
[1139] [M]: 0x8000A800 (0xFEB558E3) bge a0, a1, 8176


mem[X,0x8000A7F0] -> 0x0613
mem[X,0x8000A7F2] -> 0x0016
[1140] [M]: 0x8000A7F0 (0x00160613) addi a2, a2, 1
x12 <- 0x00000001


mem[X,0x8000A7F4] -> 0x006F
mem[X,0x8000A7F6] -> 0x0200
[1141] [M]: 0x8000A7F4 (0x0200006F) jal zero, 32


mem[X,0x8000A814] -> 0x2A23
mem[X,0x8000A816] -> 0x18C2
[1142] [M]: 0x8000A814 (0x18C22A23) sw a2, 404(tp)
mem[0x8003B2FC] <- 0x00000001


mem[X,0x8000A818] -> 0x0513
mem[X,0x8000A81A] -> 0x0030
[1143] [M]: 0x8000A818 (0x00300513) addi a0, zero, 3
x10 <- 0x00000003


mem[X,0x8000A81C] -> 0x0593
mem[X,0x8000A81E] -> 0x0060
[1144] [M]: 0x8000A81C (0x00600593) addi a1, zero, 6
x11 <- 0x00000006


mem[X,0x8000A820] -> 0x0613
mem[X,0x8000A822] -> 0x0000
[1145] [M]: 0x8000A820 (0x00000613) addi a2, zero, 0
x12 <- 0x00000000


mem[X,0x8000A824] -> 0x006F
mem[X,0x8000A826] -> 0x00C0
[1146] [M]: 0x8000A824 (0x00C0006F) jal zero, 12


mem[X,0x8000A830] -> 0x5663
mem[X,0x8000A832] -> 0x00B5
[1147] [M]: 0x8000A830 (0x00B55663) bge a0, a1, 12


mem[X,0x8000A834] -> 0x0613
mem[X,0x8000A836] -> 0x0026
[1148] [M]: 0x8000A834 (0x00260613) addi a2, a2, 2
x12 <- 0x00000002


mem[X,0x8000A838] -> 0x006F
mem[X,0x8000A83A] -> 0x00C0
[1149] [M]: 0x8000A838 (0x00C0006F) jal zero, 12


mem[X,0x8000A844] -> 0x2C23
mem[X,0x8000A846] -> 0x18C2
[1150] [M]: 0x8000A844 (0x18C22C23) sw a2, 408(tp)
mem[0x8003B300] <- 0x00000002


mem[X,0x8000A848] -> 0x0513
mem[X,0x8000A84A] -> 0x0030
[1151] [M]: 0x8000A848 (0x00300513) addi a0, zero, 3
x10 <- 0x00000003


mem[X,0x8000A84C] -> 0x35B7
mem[X,0x8000A84E] -> 0x3333
[1152] [M]: 0x8000A84C (0x333335B7) lui a1, 209715
x11 <- 0x33333000


mem[X,0x8000A850] -> 0x8593
mem[X,0x8000A852] -> 0x3345
[1153] [M]: 0x8000A850 (0x33458593) addi a1, a1, 820
x11 <- 0x33333334


mem[X,0x8000A854] -> 0x0613
mem[X,0x8000A856] -> 0x0000
[1154] [M]: 0x8000A854 (0x00000613) addi a2, zero, 0
x12 <- 0x00000000


mem[X,0x8000A858] -> 0x006F
mem[X,0x8000A85A] -> 0x00C0
[1155] [M]: 0x8000A858 (0x00C0006F) jal zero, 12


mem[X,0x8000A864] -> 0x5663
mem[X,0x8000A866] -> 0x00B5
[1156] [M]: 0x8000A864 (0x00B55663) bge a0, a1, 12


mem[X,0x8000A868] -> 0x0613
mem[X,0x8000A86A] -> 0x0026
[1157] [M]: 0x8000A868 (0x00260613) addi a2, a2, 2
x12 <- 0x00000002


mem[X,0x8000A86C] -> 0x006F
mem[X,0x8000A86E] -> 0x00C0
[1158] [M]: 0x8000A86C (0x00C0006F) jal zero, 12


mem[X,0x8000A878] -> 0x2E23
mem[X,0x8000A87A] -> 0x18C2
[1159] [M]: 0x8000A878 (0x18C22E23) sw a2, 412(tp)
mem[0x8003B304] <- 0x00000002


mem[X,0x8000A87C] -> 0x0513
mem[X,0x8000A87E] -> 0x0030
[1160] [M]: 0x8000A87C (0x00300513) addi a0, zero, 3
x10 <- 0x00000003


mem[X,0x8000A880] -> 0x65B7
mem[X,0x8000A882] -> 0x6666
[1161] [M]: 0x8000A880 (0x666665B7) lui a1, 419430
x11 <- 0x66666000


mem[X,0x8000A884] -> 0x8593
mem[X,0x8000A886] -> 0x6675
[1162] [M]: 0x8000A884 (0x66758593) addi a1, a1, 1639
x11 <- 0x66666667


mem[X,0x8000A888] -> 0x0613
mem[X,0x8000A88A] -> 0x0000
[1163] [M]: 0x8000A888 (0x00000613) addi a2, zero, 0
x12 <- 0x00000000


mem[X,0x8000A88C] -> 0x006F
mem[X,0x8000A88E] -> 0x00C0
[1164] [M]: 0x8000A88C (0x00C0006F) jal zero, 12


mem[X,0x8000A898] -> 0x5663
mem[X,0x8000A89A] -> 0x00B5
[1165] [M]: 0x8000A898 (0x00B55663) bge a0, a1, 12


mem[X,0x8000A89C] -> 0x0613
mem[X,0x8000A89E] -> 0x0026
[1166] [M]: 0x8000A89C (0x00260613) addi a2, a2, 2
x12 <- 0x00000002


mem[X,0x8000A8A0] -> 0x006F
mem[X,0x8000A8A2] -> 0x00C0
[1167] [M]: 0x8000A8A0 (0x00C0006F) jal zero, 12


mem[X,0x8000A8AC] -> 0x2023
mem[X,0x8000A8AE] -> 0x1AC2
[1168] [M]: 0x8000A8AC (0x1AC22023) sw a2, 416(tp)
mem[0x8003B308] <- 0x00000002


mem[X,0x8000A8B0] -> 0x0513
mem[X,0x8000A8B2] -> 0x0030
[1169] [M]: 0x8000A8B0 (0x00300513) addi a0, zero, 3
x10 <- 0x00000003


mem[X,0x8000A8B4] -> 0x55B7
mem[X,0x8000A8B6] -> 0xFFFF
[1170] [M]: 0x8000A8B4 (0xFFFF55B7) lui a1, 1048565
x11 <- 0xFFFF5000


mem[X,0x8000A8B8] -> 0x8593
mem[X,0x8000A8BA] -> 0xAFD5
[1171] [M]: 0x8000A8B8 (0xAFD58593) addi a1, a1, 2813
x11 <- 0xFFFF4AFD


mem[X,0x8000A8BC] -> 0x0613
mem[X,0x8000A8BE] -> 0x0000
[1172] [M]: 0x8000A8BC (0x00000613) addi a2, zero, 0
x12 <- 0x00000000


mem[X,0x8000A8C0] -> 0x006F
mem[X,0x8000A8C2] -> 0x00C0
[1173] [M]: 0x8000A8C0 (0x00C0006F) jal zero, 12


mem[X,0x8000A8CC] -> 0x5063
mem[X,0x8000A8CE] -> 0x40B5
[1174] [M]: 0x8000A8CC (0x40B55063) bge a0, a1, 1024


mem[X,0x8000ACCC] -> 0x0613
mem[X,0x8000ACCE] -> 0x0036
[1175] [M]: 0x8000ACCC (0x00360613) addi a2, a2, 3
x12 <- 0x00000003


mem[X,0x8000ACD0] -> 0x006F
mem[X,0x8000ACD2] -> 0x0040
[1176] [M]: 0x8000ACD0 (0x0040006F) jal zero, 4


mem[X,0x8000ACD4] -> 0x2223
mem[X,0x8000ACD6] -> 0x1AC2
[1177] [M]: 0x8000ACD4 (0x1AC22223) sw a2, 420(tp)
mem[0x8003B30C] <- 0x00000003


mem[X,0x8000ACD8] -> 0x0513
mem[X,0x8000ACDA] -> 0x0030
[1178] [M]: 0x8000ACD8 (0x00300513) addi a0, zero, 3
x10 <- 0x00000003


mem[X,0x8000ACDC] -> 0xB5B7
mem[X,0x8000ACDE] -> 0x0000
[1179] [M]: 0x8000ACDC (0x0000B5B7) lui a1, 11
x11 <- 0x0000B000


mem[X,0x8000ACE0] -> 0x8593
mem[X,0x8000ACE2] -> 0x5055
[1180] [M]: 0x8000ACE0 (0x50558593) addi a1, a1, 1285
x11 <- 0x0000B505


mem[X,0x8000ACE4] -> 0x0613
mem[X,0x8000ACE6] -> 0x0000
[1181] [M]: 0x8000ACE4 (0x00000613) addi a2, zero, 0
x12 <- 0x00000000


mem[X,0x8000ACE8] -> 0x006F
mem[X,0x8000ACEA] -> 0x00C0
[1182] [M]: 0x8000ACE8 (0x00C0006F) jal zero, 12


mem[X,0x8000ACF4] -> 0x5063
mem[X,0x8000ACF6] -> 0x04B5
[1183] [M]: 0x8000ACF4 (0x04B55063) bge a0, a1, 64


mem[X,0x8000ACF8] -> 0x0613
mem[X,0x8000ACFA] -> 0x0026
[1184] [M]: 0x8000ACF8 (0x00260613) addi a2, a2, 2
x12 <- 0x00000002


mem[X,0x8000ACFC] -> 0x006F
mem[X,0x8000ACFE] -> 0x0400
[1185] [M]: 0x8000ACFC (0x0400006F) jal zero, 64


mem[X,0x8000AD3C] -> 0x2423
mem[X,0x8000AD3E] -> 0x1AC2
[1186] [M]: 0x8000AD3C (0x1AC22423) sw a2, 424(tp)
mem[0x8003B310] <- 0x00000002


mem[X,0x8000AD40] -> 0x5537
mem[X,0x8000AD42] -> 0x5555
[1187] [M]: 0x8000AD40 (0x55555537) lui a0, 349525
x10 <- 0x55555000


mem[X,0x8000AD44] -> 0x0513
mem[X,0x8000AD46] -> 0x5555
[1188] [M]: 0x8000AD44 (0x55550513) addi a0, a0, 1365
x10 <- 0x55555555


mem[X,0x8000AD48] -> 0x0593
mem[X,0x8000AD4A] -> 0x0030
[1189] [M]: 0x8000AD48 (0x00300593) addi a1, zero, 3
x11 <- 0x00000003


mem[X,0x8000AD4C] -> 0x0613
mem[X,0x8000AD4E] -> 0x0000
[1190] [M]: 0x8000AD4C (0x00000613) addi a2, zero, 0
x12 <- 0x00000000


mem[X,0x8000AD50] -> 0x006F
mem[X,0x8000AD52] -> 0x0140
[1191] [M]: 0x8000AD50 (0x0140006F) jal zero, 20


mem[X,0x8000AD64] -> 0x58E3
mem[X,0x8000AD66] -> 0xFEB5
[1192] [M]: 0x8000AD64 (0xFEB558E3) bge a0, a1, 8176


mem[X,0x8000AD54] -> 0x0613
mem[X,0x8000AD56] -> 0x0016
[1193] [M]: 0x8000AD54 (0x00160613) addi a2, a2, 1
x12 <- 0x00000001


mem[X,0x8000AD58] -> 0x006F
mem[X,0x8000AD5A] -> 0x0200
[1194] [M]: 0x8000AD58 (0x0200006F) jal zero, 32


mem[X,0x8000AD78] -> 0x2623
mem[X,0x8000AD7A] -> 0x1AC2
[1195] [M]: 0x8000AD78 (0x1AC22623) sw a2, 428(tp)
mem[0x8003B314] <- 0x00000001


mem[X,0x8000AD7C] -> 0x5537
mem[X,0x8000AD7E] -> 0x5555
[1196] [M]: 0x8000AD7C (0x55555537) lui a0, 349525
x10 <- 0x55555000


mem[X,0x8000AD80] -> 0x0513
mem[X,0x8000AD82] -> 0x5555
[1197] [M]: 0x8000AD80 (0x55550513) addi a0, a0, 1365
x10 <- 0x55555555


mem[X,0x8000AD84] -> 0x55B7
mem[X,0x8000AD86] -> 0x5555
[1198] [M]: 0x8000AD84 (0x555555B7) lui a1, 349525
x11 <- 0x55555000


mem[X,0x8000AD88] -> 0x8593
mem[X,0x8000AD8A] -> 0x5555
[1199] [M]: 0x8000AD88 (0x55558593) addi a1, a1, 1365
x11 <- 0x55555555


clint::tick mtime <- 0x000000000000000C
 clint timer pending at mtime 0x000000000000000C
htif::tick 0x0000000000000000
mem[X,0x8000AD8C] -> 0x0613
mem[X,0x8000AD8E] -> 0x0000
[1200] [M]: 0x8000AD8C (0x00000613) addi a2, zero, 0
x12 <- 0x00000000


mem[X,0x8000AD90] -> 0x006F
mem[X,0x8000AD92] -> 0x00C0
[1201] [M]: 0x8000AD90 (0x00C0006F) jal zero, 12


mem[X,0x8000AD9C] -> 0x5063
mem[X,0x8000AD9E] -> 0x02B5
[1202] [M]: 0x8000AD9C (0x02B55063) bge a0, a1, 32


mem[X,0x8000ADBC] -> 0x0613
mem[X,0x8000ADBE] -> 0x0036
[1203] [M]: 0x8000ADBC (0x00360613) addi a2, a2, 3
x12 <- 0x00000003


mem[X,0x8000ADC0] -> 0x006F
mem[X,0x8000ADC2] -> 0x0040
[1204] [M]: 0x8000ADC0 (0x0040006F) jal zero, 4


mem[X,0x8000ADC4] -> 0x2823
mem[X,0x8000ADC6] -> 0x1AC2
[1205] [M]: 0x8000ADC4 (0x1AC22823) sw a2, 432(tp)
mem[0x8003B318] <- 0x00000003


mem[X,0x8000ADC8] -> 0x5537
mem[X,0x8000ADCA] -> 0x5555
[1206] [M]: 0x8000ADC8 (0x55555537) lui a0, 349525
x10 <- 0x55555000


mem[X,0x8000ADCC] -> 0x0513
mem[X,0x8000ADCE] -> 0x5555
[1207] [M]: 0x8000ADCC (0x55550513) addi a0, a0, 1365
x10 <- 0x55555555


mem[X,0x8000ADD0] -> 0x0593
mem[X,0x8000ADD2] -> 0x0050
[1208] [M]: 0x8000ADD0 (0x00500593) addi a1, zero, 5
x11 <- 0x00000005


mem[X,0x8000ADD4] -> 0x0613
mem[X,0x8000ADD6] -> 0x0000
[1209] [M]: 0x8000ADD4 (0x00000613) addi a2, zero, 0
x12 <- 0x00000000


mem[X,0x8000ADD8] -> 0x006F
mem[X,0x8000ADDA] -> 0x00C0
[1210] [M]: 0x8000ADD8 (0x00C0006F) jal zero, 12


mem[X,0x8000ADE4] -> 0x5063
mem[X,0x8000ADE6] -> 0x08B5
[1211] [M]: 0x8000ADE4 (0x08B55063) bge a0, a1, 128


mem[X,0x8000AE64] -> 0x0613
mem[X,0x8000AE66] -> 0x0036
[1212] [M]: 0x8000AE64 (0x00360613) addi a2, a2, 3
x12 <- 0x00000003


mem[X,0x8000AE68] -> 0x006F
mem[X,0x8000AE6A] -> 0x0040
[1213] [M]: 0x8000AE68 (0x0040006F) jal zero, 4


mem[X,0x8000AE6C] -> 0x2A23
mem[X,0x8000AE6E] -> 0x1AC2
[1214] [M]: 0x8000AE6C (0x1AC22A23) sw a2, 436(tp)
mem[0x8003B31C] <- 0x00000003


mem[X,0x8000AE70] -> 0x5537
mem[X,0x8000AE72] -> 0x5555
[1215] [M]: 0x8000AE70 (0x55555537) lui a0, 349525
x10 <- 0x55555000


mem[X,0x8000AE74] -> 0x0513
mem[X,0x8000AE76] -> 0x5555
[1216] [M]: 0x8000AE74 (0x55550513) addi a0, a0, 1365
x10 <- 0x55555555


mem[X,0x8000AE78] -> 0x35B7
mem[X,0x8000AE7A] -> 0x3333
[1217] [M]: 0x8000AE78 (0x333335B7) lui a1, 209715
x11 <- 0x33333000


mem[X,0x8000AE7C] -> 0x8593
mem[X,0x8000AE7E] -> 0x3335
[1218] [M]: 0x8000AE7C (0x33358593) addi a1, a1, 819
x11 <- 0x33333333


mem[X,0x8000AE80] -> 0x0613
mem[X,0x8000AE82] -> 0x0000
[1219] [M]: 0x8000AE80 (0x00000613) addi a2, zero, 0
x12 <- 0x00000000


mem[X,0x8000AE84] -> 0x006F
mem[X,0x8000AE86] -> 0x00C0
[1220] [M]: 0x8000AE84 (0x00C0006F) jal zero, 12


mem[X,0x8000AE90] -> 0x5663
mem[X,0x8000AE92] -> 0x00B5
[1221] [M]: 0x8000AE90 (0x00B55663) bge a0, a1, 12


mem[X,0x8000AE9C] -> 0x0613
mem[X,0x8000AE9E] -> 0x0036
[1222] [M]: 0x8000AE9C (0x00360613) addi a2, a2, 3
x12 <- 0x00000003


mem[X,0x8000AEA0] -> 0x006F
mem[X,0x8000AEA2] -> 0x0040
[1223] [M]: 0x8000AEA0 (0x0040006F) jal zero, 4


mem[X,0x8000AEA4] -> 0x2C23
mem[X,0x8000AEA6] -> 0x1AC2
[1224] [M]: 0x8000AEA4 (0x1AC22C23) sw a2, 440(tp)
mem[0x8003B320] <- 0x00000003


mem[X,0x8000AEA8] -> 0x5537
mem[X,0x8000AEAA] -> 0x5555
[1225] [M]: 0x8000AEA8 (0x55555537) lui a0, 349525
x10 <- 0x55555000


mem[X,0x8000AEAC] -> 0x0513
mem[X,0x8000AEAE] -> 0x5555
[1226] [M]: 0x8000AEAC (0x55550513) addi a0, a0, 1365
x10 <- 0x55555555


mem[X,0x8000AEB0] -> 0x65B7
mem[X,0x8000AEB2] -> 0x6666
[1227] [M]: 0x8000AEB0 (0x666665B7) lui a1, 419430
x11 <- 0x66666000


mem[X,0x8000AEB4] -> 0x8593
mem[X,0x8000AEB6] -> 0x6665
[1228] [M]: 0x8000AEB4 (0x66658593) addi a1, a1, 1638
x11 <- 0x66666666


mem[X,0x8000AEB8] -> 0x0613
mem[X,0x8000AEBA] -> 0x0000
[1229] [M]: 0x8000AEB8 (0x00000613) addi a2, zero, 0
x12 <- 0x00000000


mem[X,0x8000AEBC] -> 0x006F
mem[X,0x8000AEBE] -> 0x0050
[1230] [M]: 0x8000AEBC (0x0050006F) jal zero, 2052


mem[X,0x8000B6C0] -> 0x50E3
mem[X,0x8000B6C2] -> 0x80B5
[1231] [M]: 0x8000B6C0 (0x80B550E3) bge a0, a1, 6144


mem[X,0x8000B6C4] -> 0x0613
mem[X,0x8000B6C6] -> 0x0026
[1232] [M]: 0x8000B6C4 (0x00260613) addi a2, a2, 2
x12 <- 0x00000002


mem[X,0x8000B6C8] -> 0x006F
mem[X,0x8000B6CA] -> 0x00C0
[1233] [M]: 0x8000B6C8 (0x00C0006F) jal zero, 12


mem[X,0x8000B6D4] -> 0x2E23
mem[X,0x8000B6D6] -> 0x1AC2
[1234] [M]: 0x8000B6D4 (0x1AC22E23) sw a2, 444(tp)
mem[0x8003B324] <- 0x00000002


mem[X,0x8000B6D8] -> 0x5537
mem[X,0x8000B6DA] -> 0x5555
[1235] [M]: 0x8000B6D8 (0x55555537) lui a0, 349525
x10 <- 0x55555000


mem[X,0x8000B6DC] -> 0x0513
mem[X,0x8000B6DE] -> 0x5555
[1236] [M]: 0x8000B6DC (0x55550513) addi a0, a0, 1365
x10 <- 0x55555555


mem[X,0x8000B6E0] -> 0x55B7
mem[X,0x8000B6E2] -> 0xFFFF
[1237] [M]: 0x8000B6E0 (0xFFFF55B7) lui a1, 1048565
x11 <- 0xFFFF5000


mem[X,0x8000B6E4] -> 0x8593
mem[X,0x8000B6E6] -> 0xAFC5
[1238] [M]: 0x8000B6E4 (0xAFC58593) addi a1, a1, 2812
x11 <- 0xFFFF4AFC


mem[X,0x8000B6E8] -> 0x0613
mem[X,0x8000B6EA] -> 0x0000
[1239] [M]: 0x8000B6E8 (0x00000613) addi a2, zero, 0
x12 <- 0x00000000


mem[X,0x8000B6EC] -> 0x006F
mem[X,0x8000B6EE] -> 0x00C0
[1240] [M]: 0x8000B6EC (0x00C0006F) jal zero, 12


mem[X,0x8000B6F8] -> 0x5663
mem[X,0x8000B6FA] -> 0x00B5
[1241] [M]: 0x8000B6F8 (0x00B55663) bge a0, a1, 12


mem[X,0x8000B704] -> 0x0613
mem[X,0x8000B706] -> 0x0036
[1242] [M]: 0x8000B704 (0x00360613) addi a2, a2, 3
x12 <- 0x00000003


mem[X,0x8000B708] -> 0x006F
mem[X,0x8000B70A] -> 0x0040
[1243] [M]: 0x8000B708 (0x0040006F) jal zero, 4


mem[X,0x8000B70C] -> 0x2023
mem[X,0x8000B70E] -> 0x1CC2
[1244] [M]: 0x8000B70C (0x1CC22023) sw a2, 448(tp)
mem[0x8003B328] <- 0x00000003


mem[X,0x8000B710] -> 0x5537
mem[X,0x8000B712] -> 0x5555
[1245] [M]: 0x8000B710 (0x55555537) lui a0, 349525
x10 <- 0x55555000


mem[X,0x8000B714] -> 0x0513
mem[X,0x8000B716] -> 0x5555
[1246] [M]: 0x8000B714 (0x55550513) addi a0, a0, 1365
x10 <- 0x55555555


mem[X,0x8000B718] -> 0xB5B7
mem[X,0x8000B71A] -> 0x0000
[1247] [M]: 0x8000B718 (0x0000B5B7) lui a1, 11
x11 <- 0x0000B000


mem[X,0x8000B71C] -> 0x8593
mem[X,0x8000B71E] -> 0x5045
[1248] [M]: 0x8000B71C (0x50458593) addi a1, a1, 1284
x11 <- 0x0000B504


mem[X,0x8000B720] -> 0x0613
mem[X,0x8000B722] -> 0x0000
[1249] [M]: 0x8000B720 (0x00000613) addi a2, zero, 0
x12 <- 0x00000000


mem[X,0x8000B724] -> 0x006F
mem[X,0x8000B726] -> 0x00C0
[1250] [M]: 0x8000B724 (0x00C0006F) jal zero, 12


mem[X,0x8000B730] -> 0x5063
mem[X,0x8000B732] -> 0x40B5
[1251] [M]: 0x8000B730 (0x40B55063) bge a0, a1, 1024


mem[X,0x8000BB30] -> 0x0613
mem[X,0x8000BB32] -> 0x0036
[1252] [M]: 0x8000BB30 (0x00360613) addi a2, a2, 3
x12 <- 0x00000003


mem[X,0x8000BB34] -> 0x006F
mem[X,0x8000BB36] -> 0x0040
[1253] [M]: 0x8000BB34 (0x0040006F) jal zero, 4


mem[X,0x8000BB38] -> 0x2223
mem[X,0x8000BB3A] -> 0x1CC2
[1254] [M]: 0x8000BB38 (0x1CC22223) sw a2, 452(tp)
mem[0x8003B32C] <- 0x00000003


mem[X,0x8000BB3C] -> 0x5537
mem[X,0x8000BB3E] -> 0x5555
[1255] [M]: 0x8000BB3C (0x55555537) lui a0, 349525
x10 <- 0x55555000


mem[X,0x8000BB40] -> 0x0513
mem[X,0x8000BB42] -> 0x5555
[1256] [M]: 0x8000BB40 (0x55550513) addi a0, a0, 1365
x10 <- 0x55555555


mem[X,0x8000BB44] -> 0x0593
mem[X,0x8000BB46] -> 0x0020
[1257] [M]: 0x8000BB44 (0x00200593) addi a1, zero, 2
x11 <- 0x00000002


mem[X,0x8000BB48] -> 0x0613
mem[X,0x8000BB4A] -> 0x0000
[1258] [M]: 0x8000BB48 (0x00000613) addi a2, zero, 0
x12 <- 0x00000000


mem[X,0x8000BB4C] -> 0x006F
mem[X,0x8000BB4E] -> 0x0100
[1259] [M]: 0x8000BB4C (0x0100006F) jal zero, 16


mem[X,0x8000BB5C] -> 0x5AE3
mem[X,0x8000BB5E] -> 0xFEB5
[1260] [M]: 0x8000BB5C (0xFEB55AE3) bge a0, a1, 8180


mem[X,0x8000BB50] -> 0x0613
mem[X,0x8000BB52] -> 0x0016
[1261] [M]: 0x8000BB50 (0x00160613) addi a2, a2, 1
x12 <- 0x00000001


mem[X,0x8000BB54] -> 0x006F
mem[X,0x8000BB56] -> 0x01C0
[1262] [M]: 0x8000BB54 (0x01C0006F) jal zero, 28


mem[X,0x8000BB70] -> 0x2423
mem[X,0x8000BB72] -> 0x1CC2
[1263] [M]: 0x8000BB70 (0x1CC22423) sw a2, 456(tp)
mem[0x8003B330] <- 0x00000001


mem[X,0x8000BB74] -> 0x5537
mem[X,0x8000BB76] -> 0x5555
[1264] [M]: 0x8000BB74 (0x55555537) lui a0, 349525
x10 <- 0x55555000


mem[X,0x8000BB78] -> 0x0513
mem[X,0x8000BB7A] -> 0x5555
[1265] [M]: 0x8000BB78 (0x55550513) addi a0, a0, 1365
x10 <- 0x55555555


mem[X,0x8000BB7C] -> 0x55B7
mem[X,0x8000BB7E] -> 0x5555
[1266] [M]: 0x8000BB7C (0x555555B7) lui a1, 349525
x11 <- 0x55555000


mem[X,0x8000BB80] -> 0x8593
mem[X,0x8000BB82] -> 0x5545
[1267] [M]: 0x8000BB80 (0x55458593) addi a1, a1, 1364
x11 <- 0x55555554


mem[X,0x8000BB84] -> 0x0613
mem[X,0x8000BB86] -> 0x0000
[1268] [M]: 0x8000BB84 (0x00000613) addi a2, zero, 0
x12 <- 0x00000000


mem[X,0x8000BB88] -> 0x006F
mem[X,0x8000BB8A] -> 0x00C0
[1269] [M]: 0x8000BB88 (0x00C0006F) jal zero, 12


mem[X,0x8000BB94] -> 0x5663
mem[X,0x8000BB96] -> 0x00B5
[1270] [M]: 0x8000BB94 (0x00B55663) bge a0, a1, 12


mem[X,0x8000BBA0] -> 0x0613
mem[X,0x8000BBA2] -> 0x0036
[1271] [M]: 0x8000BBA0 (0x00360613) addi a2, a2, 3
x12 <- 0x00000003


mem[X,0x8000BBA4] -> 0x006F
mem[X,0x8000BBA6] -> 0x0040
[1272] [M]: 0x8000BBA4 (0x0040006F) jal zero, 4


mem[X,0x8000BBA8] -> 0x2623
mem[X,0x8000BBAA] -> 0x1CC2
[1273] [M]: 0x8000BBA8 (0x1CC22623) sw a2, 460(tp)
mem[0x8003B334] <- 0x00000003


mem[X,0x8000BBAC] -> 0x5537
mem[X,0x8000BBAE] -> 0x5555
[1274] [M]: 0x8000BBAC (0x55555537) lui a0, 349525
x10 <- 0x55555000


mem[X,0x8000BBB0] -> 0x0513
mem[X,0x8000BBB2] -> 0x5555
[1275] [M]: 0x8000BBB0 (0x55550513) addi a0, a0, 1365
x10 <- 0x55555555


mem[X,0x8000BBB4] -> 0x0593
mem[X,0x8000BBB6] -> 0x0000
[1276] [M]: 0x8000BBB4 (0x00000593) addi a1, zero, 0
x11 <- 0x00000000


mem[X,0x8000BBB8] -> 0x0613
mem[X,0x8000BBBA] -> 0x0000
[1277] [M]: 0x8000BBB8 (0x00000613) addi a2, zero, 0
x12 <- 0x00000000


mem[X,0x8000BBBC] -> 0x006F
mem[X,0x8000BBBE] -> 0x00C0
[1278] [M]: 0x8000BBBC (0x00C0006F) jal zero, 12


mem[X,0x8000BBC8] -> 0x5CE3
mem[X,0x8000BBCA] -> 0xFEB5
[1279] [M]: 0x8000BBC8 (0xFEB55CE3) bge a0, a1, 8184


mem[X,0x8000BBC0] -> 0x0613
mem[X,0x8000BBC2] -> 0x0016
[1280] [M]: 0x8000BBC0 (0x00160613) addi a2, a2, 1
x12 <- 0x00000001


mem[X,0x8000BBC4] -> 0x006F
mem[X,0x8000BBC6] -> 0x0180
[1281] [M]: 0x8000BBC4 (0x0180006F) jal zero, 24


mem[X,0x8000BBDC] -> 0x2823
mem[X,0x8000BBDE] -> 0x1CC2
[1282] [M]: 0x8000BBDC (0x1CC22823) sw a2, 464(tp)
mem[0x8003B338] <- 0x00000001


mem[X,0x8000BBE0] -> 0x5537
mem[X,0x8000BBE2] -> 0x5555
[1283] [M]: 0x8000BBE0 (0x55555537) lui a0, 349525
x10 <- 0x55555000


mem[X,0x8000BBE4] -> 0x0513
mem[X,0x8000BBE6] -> 0x5555
[1284] [M]: 0x8000BBE4 (0x55550513) addi a0, a0, 1365
x10 <- 0x55555555


mem[X,0x8000BBE8] -> 0x0593
mem[X,0x8000BBEA] -> 0x0040
[1285] [M]: 0x8000BBE8 (0x00400593) addi a1, zero, 4
x11 <- 0x00000004


mem[X,0x8000BBEC] -> 0x0613
mem[X,0x8000BBEE] -> 0x0000
[1286] [M]: 0x8000BBEC (0x00000613) addi a2, zero, 0
x12 <- 0x00000000


mem[X,0x8000BBF0] -> 0x006F
mem[X,0x8000BBF2] -> 0x0050
[1287] [M]: 0x8000BBF0 (0x0050006F) jal zero, 2052


mem[X,0x8000C3F4] -> 0x50E3
mem[X,0x8000C3F6] -> 0x80B5
[1288] [M]: 0x8000C3F4 (0x80B550E3) bge a0, a1, 6144


mem[X,0x8000BBF4] -> 0x0613
mem[X,0x8000BBF6] -> 0x0016
[1289] [M]: 0x8000BBF4 (0x00160613) addi a2, a2, 1
x12 <- 0x00000001


mem[X,0x8000BBF8] -> 0x006F
mem[X,0x8000BBFA] -> 0x0110
[1290] [M]: 0x8000BBF8 (0x0110006F) jal zero, 2064


mem[X,0x8000C408] -> 0x2A23
mem[X,0x8000C40A] -> 0x1CC2
[1291] [M]: 0x8000C408 (0x1CC22A23) sw a2, 468(tp)
mem[0x8003B33C] <- 0x00000001


mem[X,0x8000C40C] -> 0x5537
mem[X,0x8000C40E] -> 0x5555
[1292] [M]: 0x8000C40C (0x55555537) lui a0, 349525
x10 <- 0x55555000


mem[X,0x8000C410] -> 0x0513
mem[X,0x8000C412] -> 0x5555
[1293] [M]: 0x8000C410 (0x55550513) addi a0, a0, 1365
x10 <- 0x55555555


mem[X,0x8000C414] -> 0x35B7
mem[X,0x8000C416] -> 0x3333
[1294] [M]: 0x8000C414 (0x333335B7) lui a1, 209715
x11 <- 0x33333000


mem[X,0x8000C418] -> 0x8593
mem[X,0x8000C41A] -> 0x3325
[1295] [M]: 0x8000C418 (0x33258593) addi a1, a1, 818
x11 <- 0x33333332


mem[X,0x8000C41C] -> 0x0613
mem[X,0x8000C41E] -> 0x0000
[1296] [M]: 0x8000C41C (0x00000613) addi a2, zero, 0
x12 <- 0x00000000


mem[X,0x8000C420] -> 0x006F
mem[X,0x8000C422] -> 0x00C0
[1297] [M]: 0x8000C420 (0x00C0006F) jal zero, 12


mem[X,0x8000C42C] -> 0x5863
mem[X,0x8000C42E] -> 0x00B5
[1298] [M]: 0x8000C42C (0x00B55863) bge a0, a1, 16


mem[X,0x8000C43C] -> 0x0613
mem[X,0x8000C43E] -> 0x0036
[1299] [M]: 0x8000C43C (0x00360613) addi a2, a2, 3
x12 <- 0x00000003


clint::tick mtime <- 0x000000000000000D
 clint timer pending at mtime 0x000000000000000D
htif::tick 0x0000000000000000
mem[X,0x8000C440] -> 0x006F
mem[X,0x8000C442] -> 0x0040
[1300] [M]: 0x8000C440 (0x0040006F) jal zero, 4


mem[X,0x8000C444] -> 0x2C23
mem[X,0x8000C446] -> 0x1CC2
[1301] [M]: 0x8000C444 (0x1CC22C23) sw a2, 472(tp)
mem[0x8003B340] <- 0x00000003


mem[X,0x8000C448] -> 0x5537
mem[X,0x8000C44A] -> 0x5555
[1302] [M]: 0x8000C448 (0x55555537) lui a0, 349525
x10 <- 0x55555000


mem[X,0x8000C44C] -> 0x0513
mem[X,0x8000C44E] -> 0x5555
[1303] [M]: 0x8000C44C (0x55550513) addi a0, a0, 1365
x10 <- 0x55555555


mem[X,0x8000C450] -> 0x65B7
mem[X,0x8000C452] -> 0x6666
[1304] [M]: 0x8000C450 (0x666665B7) lui a1, 419430
x11 <- 0x66666000


mem[X,0x8000C454] -> 0x8593
mem[X,0x8000C456] -> 0x6655
[1305] [M]: 0x8000C454 (0x66558593) addi a1, a1, 1637
x11 <- 0x66666665


mem[X,0x8000C458] -> 0x0613
mem[X,0x8000C45A] -> 0x0000
[1306] [M]: 0x8000C458 (0x00000613) addi a2, zero, 0
x12 <- 0x00000000


mem[X,0x8000C45C] -> 0x006F
mem[X,0x8000C45E] -> 0x00C0
[1307] [M]: 0x8000C45C (0x00C0006F) jal zero, 12


mem[X,0x8000C468] -> 0x5663
mem[X,0x8000C46A] -> 0x00B5
[1308] [M]: 0x8000C468 (0x00B55663) bge a0, a1, 12


mem[X,0x8000C46C] -> 0x0613
mem[X,0x8000C46E] -> 0x0026
[1309] [M]: 0x8000C46C (0x00260613) addi a2, a2, 2
x12 <- 0x00000002


mem[X,0x8000C470] -> 0x006F
mem[X,0x8000C472] -> 0x00C0
[1310] [M]: 0x8000C470 (0x00C0006F) jal zero, 12


mem[X,0x8000C47C] -> 0x2E23
mem[X,0x8000C47E] -> 0x1CC2
[1311] [M]: 0x8000C47C (0x1CC22E23) sw a2, 476(tp)
mem[0x8003B344] <- 0x00000002


mem[X,0x8000C480] -> 0x5537
mem[X,0x8000C482] -> 0x5555
[1312] [M]: 0x8000C480 (0x55555537) lui a0, 349525
x10 <- 0x55555000


mem[X,0x8000C484] -> 0x0513
mem[X,0x8000C486] -> 0x5555
[1313] [M]: 0x8000C484 (0x55550513) addi a0, a0, 1365
x10 <- 0x55555555


mem[X,0x8000C488] -> 0xB5B7
mem[X,0x8000C48A] -> 0x0000
[1314] [M]: 0x8000C488 (0x0000B5B7) lui a1, 11
x11 <- 0x0000B000


mem[X,0x8000C48C] -> 0x8593
mem[X,0x8000C48E] -> 0x5035
[1315] [M]: 0x8000C48C (0x50358593) addi a1, a1, 1283
x11 <- 0x0000B503


mem[X,0x8000C490] -> 0x0613
mem[X,0x8000C492] -> 0x0000
[1316] [M]: 0x8000C490 (0x00000613) addi a2, zero, 0
x12 <- 0x00000000


mem[X,0x8000C494] -> 0x006F
mem[X,0x8000C496] -> 0x00C0
[1317] [M]: 0x8000C494 (0x00C0006F) jal zero, 12


mem[X,0x8000C4A0] -> 0x5863
mem[X,0x8000C4A2] -> 0x00B5
[1318] [M]: 0x8000C4A0 (0x00B55863) bge a0, a1, 16


mem[X,0x8000C4B0] -> 0x0613
mem[X,0x8000C4B2] -> 0x0036
[1319] [M]: 0x8000C4B0 (0x00360613) addi a2, a2, 3
x12 <- 0x00000003


mem[X,0x8000C4B4] -> 0x006F
mem[X,0x8000C4B6] -> 0x0040
[1320] [M]: 0x8000C4B4 (0x0040006F) jal zero, 4


mem[X,0x8000C4B8] -> 0x2023
mem[X,0x8000C4BA] -> 0x1EC2
[1321] [M]: 0x8000C4B8 (0x1EC22023) sw a2, 480(tp)
mem[0x8003B348] <- 0x00000003


mem[X,0x8000C4BC] -> 0x5537
mem[X,0x8000C4BE] -> 0x5555
[1322] [M]: 0x8000C4BC (0x55555537) lui a0, 349525
x10 <- 0x55555000


mem[X,0x8000C4C0] -> 0x0513
mem[X,0x8000C4C2] -> 0x5555
[1323] [M]: 0x8000C4C0 (0x55550513) addi a0, a0, 1365
x10 <- 0x55555555


mem[X,0x8000C4C4] -> 0x55B7
mem[X,0x8000C4C6] -> 0x5555
[1324] [M]: 0x8000C4C4 (0x555555B7) lui a1, 349525
x11 <- 0x55555000


mem[X,0x8000C4C8] -> 0x8593
mem[X,0x8000C4CA] -> 0x5565
[1325] [M]: 0x8000C4C8 (0x55658593) addi a1, a1, 1366
x11 <- 0x55555556


mem[X,0x8000C4CC] -> 0x0613
mem[X,0x8000C4CE] -> 0x0000
[1326] [M]: 0x8000C4CC (0x00000613) addi a2, zero, 0
x12 <- 0x00000000


mem[X,0x8000C4D0] -> 0x006F
mem[X,0x8000C4D2] -> 0x0050
[1327] [M]: 0x8000C4D0 (0x0050006F) jal zero, 2052


mem[X,0x8000CCD4] -> 0x50E3
mem[X,0x8000CCD6] -> 0x80B5
[1328] [M]: 0x8000CCD4 (0x80B550E3) bge a0, a1, 6144


mem[X,0x8000CCD8] -> 0x0613
mem[X,0x8000CCDA] -> 0x0026
[1329] [M]: 0x8000CCD8 (0x00260613) addi a2, a2, 2
x12 <- 0x00000002


mem[X,0x8000CCDC] -> 0x006F
mem[X,0x8000CCDE] -> 0x00C0
[1330] [M]: 0x8000CCDC (0x00C0006F) jal zero, 12


mem[X,0x8000CCE8] -> 0x2223
mem[X,0x8000CCEA] -> 0x1EC2
[1331] [M]: 0x8000CCE8 (0x1EC22223) sw a2, 484(tp)
mem[0x8003B34C] <- 0x00000002


mem[X,0x8000CCEC] -> 0x5537
mem[X,0x8000CCEE] -> 0x5555
[1332] [M]: 0x8000CCEC (0x55555537) lui a0, 349525
x10 <- 0x55555000


mem[X,0x8000CCF0] -> 0x0513
mem[X,0x8000CCF2] -> 0x5555
[1333] [M]: 0x8000CCF0 (0x55550513) addi a0, a0, 1365
x10 <- 0x55555555


mem[X,0x8000CCF4] -> 0xB5B7
mem[X,0x8000CCF6] -> 0xAAAA
[1334] [M]: 0x8000CCF4 (0xAAAAB5B7) lui a1, 699051
x11 <- 0xAAAAB000


mem[X,0x8000CCF8] -> 0x8593
mem[X,0x8000CCFA] -> 0xAAB5
[1335] [M]: 0x8000CCF8 (0xAAB58593) addi a1, a1, 2731
x11 <- 0xAAAAAAAB


mem[X,0x8000CCFC] -> 0x0613
mem[X,0x8000CCFE] -> 0x0000
[1336] [M]: 0x8000CCFC (0x00000613) addi a2, zero, 0
x12 <- 0x00000000


mem[X,0x8000CD00] -> 0x006F
mem[X,0x8000CD02] -> 0x0140
[1337] [M]: 0x8000CD00 (0x0140006F) jal zero, 20


mem[X,0x8000CD14] -> 0x58E3
mem[X,0x8000CD16] -> 0xFEB5
[1338] [M]: 0x8000CD14 (0xFEB558E3) bge a0, a1, 8176


mem[X,0x8000CD04] -> 0x0613
mem[X,0x8000CD06] -> 0x0016
[1339] [M]: 0x8000CD04 (0x00160613) addi a2, a2, 1
x12 <- 0x00000001


mem[X,0x8000CD08] -> 0x006F
mem[X,0x8000CD0A] -> 0x0200
[1340] [M]: 0x8000CD08 (0x0200006F) jal zero, 32


mem[X,0x8000CD28] -> 0x2423
mem[X,0x8000CD2A] -> 0x1EC2
[1341] [M]: 0x8000CD28 (0x1EC22423) sw a2, 488(tp)
mem[0x8003B350] <- 0x00000001


mem[X,0x8000CD2C] -> 0x5537
mem[X,0x8000CD2E] -> 0x5555
[1342] [M]: 0x8000CD2C (0x55555537) lui a0, 349525
x10 <- 0x55555000


mem[X,0x8000CD30] -> 0x0513
mem[X,0x8000CD32] -> 0x5555
[1343] [M]: 0x8000CD30 (0x55550513) addi a0, a0, 1365
x10 <- 0x55555555


mem[X,0x8000CD34] -> 0x0593
mem[X,0x8000CD36] -> 0x0060
[1344] [M]: 0x8000CD34 (0x00600593) addi a1, zero, 6
x11 <- 0x00000006


mem[X,0x8000CD38] -> 0x0613
mem[X,0x8000CD3A] -> 0x0000
[1345] [M]: 0x8000CD38 (0x00000613) addi a2, zero, 0
x12 <- 0x00000000


mem[X,0x8000CD3C] -> 0x006F
mem[X,0x8000CD3E] -> 0x00C0
[1346] [M]: 0x8000CD3C (0x00C0006F) jal zero, 12


mem[X,0x8000CD48] -> 0x5063
mem[X,0x8000CD4A] -> 0x02B5
[1347] [M]: 0x8000CD48 (0x02B55063) bge a0, a1, 32


mem[X,0x8000CD68] -> 0x0613
mem[X,0x8000CD6A] -> 0x0036
[1348] [M]: 0x8000CD68 (0x00360613) addi a2, a2, 3
x12 <- 0x00000003


mem[X,0x8000CD6C] -> 0x006F
mem[X,0x8000CD6E] -> 0x0040
[1349] [M]: 0x8000CD6C (0x0040006F) jal zero, 4


mem[X,0x8000CD70] -> 0x2623
mem[X,0x8000CD72] -> 0x1EC2
[1350] [M]: 0x8000CD70 (0x1EC22623) sw a2, 492(tp)
mem[0x8003B354] <- 0x00000003


mem[X,0x8000CD74] -> 0x5537
mem[X,0x8000CD76] -> 0x5555
[1351] [M]: 0x8000CD74 (0x55555537) lui a0, 349525
x10 <- 0x55555000


mem[X,0x8000CD78] -> 0x0513
mem[X,0x8000CD7A] -> 0x5555
[1352] [M]: 0x8000CD78 (0x55550513) addi a0, a0, 1365
x10 <- 0x55555555


mem[X,0x8000CD7C] -> 0x35B7
mem[X,0x8000CD7E] -> 0x3333
[1353] [M]: 0x8000CD7C (0x333335B7) lui a1, 209715
x11 <- 0x33333000


mem[X,0x8000CD80] -> 0x8593
mem[X,0x8000CD82] -> 0x3345
[1354] [M]: 0x8000CD80 (0x33458593) addi a1, a1, 820
x11 <- 0x33333334


mem[X,0x8000CD84] -> 0x0613
mem[X,0x8000CD86] -> 0x0000
[1355] [M]: 0x8000CD84 (0x00000613) addi a2, zero, 0
x12 <- 0x00000000


mem[X,0x8000CD88] -> 0x006F
mem[X,0x8000CD8A] -> 0x0180
[1356] [M]: 0x8000CD88 (0x0180006F) jal zero, 24


mem[X,0x8000CDA0] -> 0x56E3
mem[X,0x8000CDA2] -> 0xFEB5
[1357] [M]: 0x8000CDA0 (0xFEB556E3) bge a0, a1, 8172


mem[X,0x8000CD8C] -> 0x0613
mem[X,0x8000CD8E] -> 0x0016
[1358] [M]: 0x8000CD8C (0x00160613) addi a2, a2, 1
x12 <- 0x00000001


mem[X,0x8000CD90] -> 0x006F
mem[X,0x8000CD92] -> 0x0240
[1359] [M]: 0x8000CD90 (0x0240006F) jal zero, 36


mem[X,0x8000CDB4] -> 0x2823
mem[X,0x8000CDB6] -> 0x1EC2
[1360] [M]: 0x8000CDB4 (0x1EC22823) sw a2, 496(tp)
mem[0x8003B358] <- 0x00000001


mem[X,0x8000CDB8] -> 0x5537
mem[X,0x8000CDBA] -> 0x5555
[1361] [M]: 0x8000CDB8 (0x55555537) lui a0, 349525
x10 <- 0x55555000


mem[X,0x8000CDBC] -> 0x0513
mem[X,0x8000CDBE] -> 0x5555
[1362] [M]: 0x8000CDBC (0x55550513) addi a0, a0, 1365
x10 <- 0x55555555


mem[X,0x8000CDC0] -> 0x65B7
mem[X,0x8000CDC2] -> 0x6666
[1363] [M]: 0x8000CDC0 (0x666665B7) lui a1, 419430
x11 <- 0x66666000


mem[X,0x8000CDC4] -> 0x8593
mem[X,0x8000CDC6] -> 0x6675
[1364] [M]: 0x8000CDC4 (0x66758593) addi a1, a1, 1639
x11 <- 0x66666667


mem[X,0x8000CDC8] -> 0x0613
mem[X,0x8000CDCA] -> 0x0000
[1365] [M]: 0x8000CDC8 (0x00000613) addi a2, zero, 0
x12 <- 0x00000000


mem[X,0x8000CDCC] -> 0x006F
mem[X,0x8000CDCE] -> 0x0140
[1366] [M]: 0x8000CDCC (0x0140006F) jal zero, 20


mem[X,0x8000CDE0] -> 0x58E3
mem[X,0x8000CDE2] -> 0xFEB5
[1367] [M]: 0x8000CDE0 (0xFEB558E3) bge a0, a1, 8176


mem[X,0x8000CDE4] -> 0x0613
mem[X,0x8000CDE6] -> 0x0026
[1368] [M]: 0x8000CDE4 (0x00260613) addi a2, a2, 2
x12 <- 0x00000002


mem[X,0x8000CDE8] -> 0x006F
mem[X,0x8000CDEA] -> 0x00C0
[1369] [M]: 0x8000CDE8 (0x00C0006F) jal zero, 12


mem[X,0x8000CDF4] -> 0x2A23
mem[X,0x8000CDF6] -> 0x1EC2
[1370] [M]: 0x8000CDF4 (0x1EC22A23) sw a2, 500(tp)
mem[0x8003B35C] <- 0x00000002


mem[X,0x8000CDF8] -> 0x5537
mem[X,0x8000CDFA] -> 0x5555
[1371] [M]: 0x8000CDF8 (0x55555537) lui a0, 349525
x10 <- 0x55555000


mem[X,0x8000CDFC] -> 0x0513
mem[X,0x8000CDFE] -> 0x5555
[1372] [M]: 0x8000CDFC (0x55550513) addi a0, a0, 1365
x10 <- 0x55555555


mem[X,0x8000CE00] -> 0x55B7
mem[X,0x8000CE02] -> 0xFFFF
[1373] [M]: 0x8000CE00 (0xFFFF55B7) lui a1, 1048565
x11 <- 0xFFFF5000


mem[X,0x8000CE04] -> 0x8593
mem[X,0x8000CE06] -> 0xAFD5
[1374] [M]: 0x8000CE04 (0xAFD58593) addi a1, a1, 2813
x11 <- 0xFFFF4AFD


mem[X,0x8000CE08] -> 0x0613
mem[X,0x8000CE0A] -> 0x0000
[1375] [M]: 0x8000CE08 (0x00000613) addi a2, zero, 0
x12 <- 0x00000000


mem[X,0x8000CE0C] -> 0x006F
mem[X,0x8000CE0E] -> 0x2B10
[1376] [M]: 0x8000CE0C (0x2B10006F) jal zero, 2736


mem[X,0x8000D8BC] -> 0x5A63
mem[X,0x8000D8BE] -> 0xD4B5
[1377] [M]: 0x8000D8BC (0xD4B55A63) bge a0, a1, 5460


mem[X,0x8000CE10] -> 0x0613
mem[X,0x8000CE12] -> 0x0016
[1378] [M]: 0x8000CE10 (0x00160613) addi a2, a2, 1
x12 <- 0x00000001


mem[X,0x8000CE14] -> 0x006F
mem[X,0x8000CE16] -> 0x2BD0
[1379] [M]: 0x8000CE14 (0x2BD0006F) jal zero, 2748


mem[X,0x8000D8D0] -> 0x2C23
mem[X,0x8000D8D2] -> 0x1EC2
[1380] [M]: 0x8000D8D0 (0x1EC22C23) sw a2, 504(tp)
mem[0x8003B360] <- 0x00000001


mem[X,0x8000D8D4] -> 0x5537
mem[X,0x8000D8D6] -> 0x5555
[1381] [M]: 0x8000D8D4 (0x55555537) lui a0, 349525
x10 <- 0x55555000


mem[X,0x8000D8D8] -> 0x0513
mem[X,0x8000D8DA] -> 0x5555
[1382] [M]: 0x8000D8D8 (0x55550513) addi a0, a0, 1365
x10 <- 0x55555555


mem[X,0x8000D8DC] -> 0xB5B7
mem[X,0x8000D8DE] -> 0x0000
[1383] [M]: 0x8000D8DC (0x0000B5B7) lui a1, 11
x11 <- 0x0000B000


mem[X,0x8000D8E0] -> 0x8593
mem[X,0x8000D8E2] -> 0x5055
[1384] [M]: 0x8000D8E0 (0x50558593) addi a1, a1, 1285
x11 <- 0x0000B505


mem[X,0x8000D8E4] -> 0x0613
mem[X,0x8000D8E6] -> 0x0000
[1385] [M]: 0x8000D8E4 (0x00000613) addi a2, zero, 0
x12 <- 0x00000000


mem[X,0x8000D8E8] -> 0x006F
mem[X,0x8000D8EA] -> 0x00C0
[1386] [M]: 0x8000D8E8 (0x00C0006F) jal zero, 12


mem[X,0x8000D8F4] -> 0x5063
mem[X,0x8000D8F6] -> 0x20B5
[1387] [M]: 0x8000D8F4 (0x20B55063) bge a0, a1, 512


mem[X,0x8000DAF4] -> 0x0613
mem[X,0x8000DAF6] -> 0x0036
[1388] [M]: 0x8000DAF4 (0x00360613) addi a2, a2, 3
x12 <- 0x00000003


mem[X,0x8000DAF8] -> 0x006F
mem[X,0x8000DAFA] -> 0x0040
[1389] [M]: 0x8000DAF8 (0x0040006F) jal zero, 4


mem[X,0x8000DAFC] -> 0x2E23
mem[X,0x8000DAFE] -> 0x1EC2
[1390] [M]: 0x8000DAFC (0x1EC22E23) sw a2, 508(tp)
mem[0x8003B364] <- 0x00000003


mem[X,0x8000DB00] -> 0xB537
mem[X,0x8000DB02] -> 0xAAAA
[1391] [M]: 0x8000DB00 (0xAAAAB537) lui a0, 699051
x10 <- 0xAAAAB000


mem[X,0x8000DB04] -> 0x0513
mem[X,0x8000DB06] -> 0xAAA5
[1392] [M]: 0x8000DB04 (0xAAA50513) addi a0, a0, 2730
x10 <- 0xAAAAAAAA


mem[X,0x8000DB08] -> 0x0593
mem[X,0x8000DB0A] -> 0x0030
[1393] [M]: 0x8000DB08 (0x00300593) addi a1, zero, 3
x11 <- 0x00000003


mem[X,0x8000DB0C] -> 0x0613
mem[X,0x8000DB0E] -> 0x0000
[1394] [M]: 0x8000DB0C (0x00000613) addi a2, zero, 0
x12 <- 0x00000000


mem[X,0x8000DB10] -> 0x006F
mem[X,0x8000DB12] -> 0x00C0
[1395] [M]: 0x8000DB10 (0x00C0006F) jal zero, 12


mem[X,0x8000DB1C] -> 0x5CE3
mem[X,0x8000DB1E] -> 0xFEB5
[1396] [M]: 0x8000DB1C (0xFEB55CE3) bge a0, a1, 8184


mem[X,0x8000DB20] -> 0x0613
mem[X,0x8000DB22] -> 0x0026
[1397] [M]: 0x8000DB20 (0x00260613) addi a2, a2, 2
x12 <- 0x00000002


mem[X,0x8000DB24] -> 0x006F
mem[X,0x8000DB26] -> 0x00C0
[1398] [M]: 0x8000DB24 (0x00C0006F) jal zero, 12


mem[X,0x8000DB30] -> 0x2023
mem[X,0x8000DB32] -> 0x20C2
[1399] [M]: 0x8000DB30 (0x20C22023) sw a2, 512(tp)
mem[0x8003B368] <- 0x00000002


clint::tick mtime <- 0x000000000000000E
 clint timer pending at mtime 0x000000000000000E
htif::tick 0x0000000000000000
mem[X,0x8000DB34] -> 0xB537
mem[X,0x8000DB36] -> 0xAAAA
[1400] [M]: 0x8000DB34 (0xAAAAB537) lui a0, 699051
x10 <- 0xAAAAB000


mem[X,0x8000DB38] -> 0x0513
mem[X,0x8000DB3A] -> 0xAAA5
[1401] [M]: 0x8000DB38 (0xAAA50513) addi a0, a0, 2730
x10 <- 0xAAAAAAAA


mem[X,0x8000DB3C] -> 0x55B7
mem[X,0x8000DB3E] -> 0x5555
[1402] [M]: 0x8000DB3C (0x555555B7) lui a1, 349525
x11 <- 0x55555000


mem[X,0x8000DB40] -> 0x8593
mem[X,0x8000DB42] -> 0x5555
[1403] [M]: 0x8000DB40 (0x55558593) addi a1, a1, 1365
x11 <- 0x55555555


mem[X,0x8000DB44] -> 0x0613
mem[X,0x8000DB46] -> 0x0000
[1404] [M]: 0x8000DB44 (0x00000613) addi a2, zero, 0
x12 <- 0x00000000


mem[X,0x8000DB48] -> 0x006F
mem[X,0x8000DB4A] -> 0x00C0
[1405] [M]: 0x8000DB48 (0x00C0006F) jal zero, 12


mem[X,0x8000DB54] -> 0x5663
mem[X,0x8000DB56] -> 0x00B5
[1406] [M]: 0x8000DB54 (0x00B55663) bge a0, a1, 12


mem[X,0x8000DB58] -> 0x0613
mem[X,0x8000DB5A] -> 0x0026
[1407] [M]: 0x8000DB58 (0x00260613) addi a2, a2, 2
x12 <- 0x00000002


mem[X,0x8000DB5C] -> 0x006F
mem[X,0x8000DB5E] -> 0x00C0
[1408] [M]: 0x8000DB5C (0x00C0006F) jal zero, 12


mem[X,0x8000DB68] -> 0x2223
mem[X,0x8000DB6A] -> 0x20C2
[1409] [M]: 0x8000DB68 (0x20C22223) sw a2, 516(tp)
mem[0x8003B36C] <- 0x00000002


mem[X,0x8000DB6C] -> 0xB537
mem[X,0x8000DB6E] -> 0xAAAA
[1410] [M]: 0x8000DB6C (0xAAAAB537) lui a0, 699051
x10 <- 0xAAAAB000


mem[X,0x8000DB70] -> 0x0513
mem[X,0x8000DB72] -> 0xAAA5
[1411] [M]: 0x8000DB70 (0xAAA50513) addi a0, a0, 2730
x10 <- 0xAAAAAAAA


mem[X,0x8000DB74] -> 0xB5B7
mem[X,0x8000DB76] -> 0xAAAA
[1412] [M]: 0x8000DB74 (0xAAAAB5B7) lui a1, 699051
x11 <- 0xAAAAB000


mem[X,0x8000DB78] -> 0x8593
mem[X,0x8000DB7A] -> 0xAAA5
[1413] [M]: 0x8000DB78 (0xAAA58593) addi a1, a1, 2730
x11 <- 0xAAAAAAAA


mem[X,0x8000DB7C] -> 0x0613
mem[X,0x8000DB7E] -> 0x0000
[1414] [M]: 0x8000DB7C (0x00000613) addi a2, zero, 0
x12 <- 0x00000000


mem[X,0x8000DB80] -> 0x006F
mem[X,0x8000DB82] -> 0x00C0
[1415] [M]: 0x8000DB80 (0x00C0006F) jal zero, 12


mem[X,0x8000DB8C] -> 0x5063
mem[X,0x8000DB8E] -> 0x20B5
[1416] [M]: 0x8000DB8C (0x20B55063) bge a0, a1, 512


mem[X,0x8000DD8C] -> 0x0613
mem[X,0x8000DD8E] -> 0x0036
[1417] [M]: 0x8000DD8C (0x00360613) addi a2, a2, 3
x12 <- 0x00000003


mem[X,0x8000DD90] -> 0x006F
mem[X,0x8000DD92] -> 0x0040
[1418] [M]: 0x8000DD90 (0x0040006F) jal zero, 4


mem[X,0x8000DD94] -> 0x2423
mem[X,0x8000DD96] -> 0x20C2
[1419] [M]: 0x8000DD94 (0x20C22423) sw a2, 520(tp)
mem[0x8003B370] <- 0x00000003


mem[X,0x8000DD98] -> 0xB537
mem[X,0x8000DD9A] -> 0xAAAA
[1420] [M]: 0x8000DD98 (0xAAAAB537) lui a0, 699051
x10 <- 0xAAAAB000


mem[X,0x8000DD9C] -> 0x0513
mem[X,0x8000DD9E] -> 0xAAA5
[1421] [M]: 0x8000DD9C (0xAAA50513) addi a0, a0, 2730
x10 <- 0xAAAAAAAA


mem[X,0x8000DDA0] -> 0x0593
mem[X,0x8000DDA2] -> 0x0050
[1422] [M]: 0x8000DDA0 (0x00500593) addi a1, zero, 5
x11 <- 0x00000005


mem[X,0x8000DDA4] -> 0x0613
mem[X,0x8000DDA6] -> 0x0000
[1423] [M]: 0x8000DDA4 (0x00000613) addi a2, zero, 0
x12 <- 0x00000000


mem[X,0x8000DDA8] -> 0x006F
mem[X,0x8000DDAA] -> 0x00C0
[1424] [M]: 0x8000DDA8 (0x00C0006F) jal zero, 12


mem[X,0x8000DDB4] -> 0x5063
mem[X,0x8000DDB6] -> 0x10B5
[1425] [M]: 0x8000DDB4 (0x10B55063) bge a0, a1, 256


mem[X,0x8000DDB8] -> 0x0613
mem[X,0x8000DDBA] -> 0x0026
[1426] [M]: 0x8000DDB8 (0x00260613) addi a2, a2, 2
x12 <- 0x00000002


mem[X,0x8000DDBC] -> 0x006F
mem[X,0x8000DDBE] -> 0x1000
[1427] [M]: 0x8000DDBC (0x1000006F) jal zero, 256


mem[X,0x8000DEBC] -> 0x2623
mem[X,0x8000DEBE] -> 0x20C2
[1428] [M]: 0x8000DEBC (0x20C22623) sw a2, 524(tp)
mem[0x8003B374] <- 0x00000002


mem[X,0x8000DEC0] -> 0xB537
mem[X,0x8000DEC2] -> 0xAAAA
[1429] [M]: 0x8000DEC0 (0xAAAAB537) lui a0, 699051
x10 <- 0xAAAAB000


mem[X,0x8000DEC4] -> 0x0513
mem[X,0x8000DEC6] -> 0xAAA5
[1430] [M]: 0x8000DEC4 (0xAAA50513) addi a0, a0, 2730
x10 <- 0xAAAAAAAA


mem[X,0x8000DEC8] -> 0x35B7
mem[X,0x8000DECA] -> 0x3333
[1431] [M]: 0x8000DEC8 (0x333335B7) lui a1, 209715
x11 <- 0x33333000


mem[X,0x8000DECC] -> 0x8593
mem[X,0x8000DECE] -> 0x3335
[1432] [M]: 0x8000DECC (0x33358593) addi a1, a1, 819
x11 <- 0x33333333


mem[X,0x8000DED0] -> 0x0613
mem[X,0x8000DED2] -> 0x0000
[1433] [M]: 0x8000DED0 (0x00000613) addi a2, zero, 0
x12 <- 0x00000000


mem[X,0x8000DED4] -> 0x006F
mem[X,0x8000DED6] -> 0x0140
[1434] [M]: 0x8000DED4 (0x0140006F) jal zero, 20


mem[X,0x8000DEE8] -> 0x58E3
mem[X,0x8000DEEA] -> 0xFEB5
[1435] [M]: 0x8000DEE8 (0xFEB558E3) bge a0, a1, 8176


mem[X,0x8000DEEC] -> 0x0613
mem[X,0x8000DEEE] -> 0x0026
[1436] [M]: 0x8000DEEC (0x00260613) addi a2, a2, 2
x12 <- 0x00000002


mem[X,0x8000DEF0] -> 0x006F
mem[X,0x8000DEF2] -> 0x00C0
[1437] [M]: 0x8000DEF0 (0x00C0006F) jal zero, 12


mem[X,0x8000DEFC] -> 0x2823
mem[X,0x8000DEFE] -> 0x20C2
[1438] [M]: 0x8000DEFC (0x20C22823) sw a2, 528(tp)
mem[0x8003B378] <- 0x00000002


mem[X,0x8000DF00] -> 0xB537
mem[X,0x8000DF02] -> 0xAAAA
[1439] [M]: 0x8000DF00 (0xAAAAB537) lui a0, 699051
x10 <- 0xAAAAB000


mem[X,0x8000DF04] -> 0x0513
mem[X,0x8000DF06] -> 0xAAA5
[1440] [M]: 0x8000DF04 (0xAAA50513) addi a0, a0, 2730
x10 <- 0xAAAAAAAA


mem[X,0x8000DF08] -> 0x65B7
mem[X,0x8000DF0A] -> 0x6666
[1441] [M]: 0x8000DF08 (0x666665B7) lui a1, 419430
x11 <- 0x66666000


mem[X,0x8000DF0C] -> 0x8593
mem[X,0x8000DF0E] -> 0x6665
[1442] [M]: 0x8000DF0C (0x66658593) addi a1, a1, 1638
x11 <- 0x66666666


mem[X,0x8000DF10] -> 0x0613
mem[X,0x8000DF12] -> 0x0000
[1443] [M]: 0x8000DF10 (0x00000613) addi a2, zero, 0
x12 <- 0x00000000


mem[X,0x8000DF14] -> 0x006F
mem[X,0x8000DF16] -> 0x00C0
[1444] [M]: 0x8000DF14 (0x00C0006F) jal zero, 12


mem[X,0x8000DF20] -> 0x5063
mem[X,0x8000DF22] -> 0x02B5
[1445] [M]: 0x8000DF20 (0x02B55063) bge a0, a1, 32


mem[X,0x8000DF24] -> 0x0613
mem[X,0x8000DF26] -> 0x0026
[1446] [M]: 0x8000DF24 (0x00260613) addi a2, a2, 2
x12 <- 0x00000002


mem[X,0x8000DF28] -> 0x006F
mem[X,0x8000DF2A] -> 0x0200
[1447] [M]: 0x8000DF28 (0x0200006F) jal zero, 32


mem[X,0x8000DF48] -> 0x2A23
mem[X,0x8000DF4A] -> 0x20C2
[1448] [M]: 0x8000DF48 (0x20C22A23) sw a2, 532(tp)
mem[0x8003B37C] <- 0x00000002


mem[X,0x8000DF4C] -> 0xB537
mem[X,0x8000DF4E] -> 0xAAAA
[1449] [M]: 0x8000DF4C (0xAAAAB537) lui a0, 699051
x10 <- 0xAAAAB000


mem[X,0x8000DF50] -> 0x0513
mem[X,0x8000DF52] -> 0xAAA5
[1450] [M]: 0x8000DF50 (0xAAA50513) addi a0, a0, 2730
x10 <- 0xAAAAAAAA


mem[X,0x8000DF54] -> 0x55B7
mem[X,0x8000DF56] -> 0xFFFF
[1451] [M]: 0x8000DF54 (0xFFFF55B7) lui a1, 1048565
x11 <- 0xFFFF5000


mem[X,0x8000DF58] -> 0x8593
mem[X,0x8000DF5A] -> 0xAFC5
[1452] [M]: 0x8000DF58 (0xAFC58593) addi a1, a1, 2812
x11 <- 0xFFFF4AFC


mem[X,0x8000DF5C] -> 0x0613
mem[X,0x8000DF5E] -> 0x0000
[1453] [M]: 0x8000DF5C (0x00000613) addi a2, zero, 0
x12 <- 0x00000000


mem[X,0x8000DF60] -> 0x006F
mem[X,0x8000DF62] -> 0x0180
[1454] [M]: 0x8000DF60 (0x0180006F) jal zero, 24


mem[X,0x8000DF78] -> 0x56E3
mem[X,0x8000DF7A] -> 0xFEB5
[1455] [M]: 0x8000DF78 (0xFEB556E3) bge a0, a1, 8172


mem[X,0x8000DF7C] -> 0x0613
mem[X,0x8000DF7E] -> 0x0026
[1456] [M]: 0x8000DF7C (0x00260613) addi a2, a2, 2
x12 <- 0x00000002


mem[X,0x8000DF80] -> 0x006F
mem[X,0x8000DF82] -> 0x00C0
[1457] [M]: 0x8000DF80 (0x00C0006F) jal zero, 12


mem[X,0x8000DF8C] -> 0x2C23
mem[X,0x8000DF8E] -> 0x20C2
[1458] [M]: 0x8000DF8C (0x20C22C23) sw a2, 536(tp)
mem[0x8003B380] <- 0x00000002


mem[X,0x8000DF90] -> 0xB537
mem[X,0x8000DF92] -> 0xAAAA
[1459] [M]: 0x8000DF90 (0xAAAAB537) lui a0, 699051
x10 <- 0xAAAAB000


mem[X,0x8000DF94] -> 0x0513
mem[X,0x8000DF96] -> 0xAAA5
[1460] [M]: 0x8000DF94 (0xAAA50513) addi a0, a0, 2730
x10 <- 0xAAAAAAAA


mem[X,0x8000DF98] -> 0xB5B7
mem[X,0x8000DF9A] -> 0x0000
[1461] [M]: 0x8000DF98 (0x0000B5B7) lui a1, 11
x11 <- 0x0000B000


mem[X,0x8000DF9C] -> 0x8593
mem[X,0x8000DF9E] -> 0x5045
[1462] [M]: 0x8000DF9C (0x50458593) addi a1, a1, 1284
x11 <- 0x0000B504


mem[X,0x8000DFA0] -> 0x0613
mem[X,0x8000DFA2] -> 0x0000
[1463] [M]: 0x8000DFA0 (0x00000613) addi a2, zero, 0
x12 <- 0x00000000


mem[X,0x8000DFA4] -> 0x006F
mem[X,0x8000DFA6] -> 0x00C0
[1464] [M]: 0x8000DFA4 (0x00C0006F) jal zero, 12


mem[X,0x8000DFB0] -> 0x5CE3
mem[X,0x8000DFB2] -> 0xFEB5
[1465] [M]: 0x8000DFB0 (0xFEB55CE3) bge a0, a1, 8184


mem[X,0x8000DFB4] -> 0x0613
mem[X,0x8000DFB6] -> 0x0026
[1466] [M]: 0x8000DFB4 (0x00260613) addi a2, a2, 2
x12 <- 0x00000002


mem[X,0x8000DFB8] -> 0x006F
mem[X,0x8000DFBA] -> 0x00C0
[1467] [M]: 0x8000DFB8 (0x00C0006F) jal zero, 12


mem[X,0x8000DFC4] -> 0x2E23
mem[X,0x8000DFC6] -> 0x20C2
[1468] [M]: 0x8000DFC4 (0x20C22E23) sw a2, 540(tp)
mem[0x8003B384] <- 0x00000002


mem[X,0x8000DFC8] -> 0xB537
mem[X,0x8000DFCA] -> 0xAAAA
[1469] [M]: 0x8000DFC8 (0xAAAAB537) lui a0, 699051
x10 <- 0xAAAAB000


mem[X,0x8000DFCC] -> 0x0513
mem[X,0x8000DFCE] -> 0xAAA5
[1470] [M]: 0x8000DFCC (0xAAA50513) addi a0, a0, 2730
x10 <- 0xAAAAAAAA


mem[X,0x8000DFD0] -> 0x0593
mem[X,0x8000DFD2] -> 0x0020
[1471] [M]: 0x8000DFD0 (0x00200593) addi a1, zero, 2
x11 <- 0x00000002


mem[X,0x8000DFD4] -> 0x0613
mem[X,0x8000DFD6] -> 0x0000
[1472] [M]: 0x8000DFD4 (0x00000613) addi a2, zero, 0
x12 <- 0x00000000


mem[X,0x8000DFD8] -> 0x006F
mem[X,0x8000DFDA] -> 0x00C0
[1473] [M]: 0x8000DFD8 (0x00C0006F) jal zero, 12


mem[X,0x8000DFE4] -> 0x5063
mem[X,0x8000DFE6] -> 0x10B5
[1474] [M]: 0x8000DFE4 (0x10B55063) bge a0, a1, 256


mem[X,0x8000DFE8] -> 0x0613
mem[X,0x8000DFEA] -> 0x0026
[1475] [M]: 0x8000DFE8 (0x00260613) addi a2, a2, 2
x12 <- 0x00000002


mem[X,0x8000DFEC] -> 0x006F
mem[X,0x8000DFEE] -> 0x1000
[1476] [M]: 0x8000DFEC (0x1000006F) jal zero, 256


mem[X,0x8000E0EC] -> 0x2023
mem[X,0x8000E0EE] -> 0x22C2
[1477] [M]: 0x8000E0EC (0x22C22023) sw a2, 544(tp)
mem[0x8003B388] <- 0x00000002


mem[X,0x8000E0F0] -> 0xB537
mem[X,0x8000E0F2] -> 0xAAAA
[1478] [M]: 0x8000E0F0 (0xAAAAB537) lui a0, 699051
x10 <- 0xAAAAB000


mem[X,0x8000E0F4] -> 0x0513
mem[X,0x8000E0F6] -> 0xAAA5
[1479] [M]: 0x8000E0F4 (0xAAA50513) addi a0, a0, 2730
x10 <- 0xAAAAAAAA


mem[X,0x8000E0F8] -> 0x55B7
mem[X,0x8000E0FA] -> 0x5555
[1480] [M]: 0x8000E0F8 (0x555555B7) lui a1, 349525
x11 <- 0x55555000


mem[X,0x8000E0FC] -> 0x8593
mem[X,0x8000E0FE] -> 0x5545
[1481] [M]: 0x8000E0FC (0x55458593) addi a1, a1, 1364
x11 <- 0x55555554


mem[X,0x8000E100] -> 0x0613
mem[X,0x8000E102] -> 0x0000
[1482] [M]: 0x8000E100 (0x00000613) addi a2, zero, 0
x12 <- 0x00000000


mem[X,0x8000E104] -> 0x006F
mem[X,0x8000E106] -> 0x0180
[1483] [M]: 0x8000E104 (0x0180006F) jal zero, 24


mem[X,0x8000E11C] -> 0x56E3
mem[X,0x8000E11E] -> 0xFEB5
[1484] [M]: 0x8000E11C (0xFEB556E3) bge a0, a1, 8172


mem[X,0x8000E120] -> 0x0613
mem[X,0x8000E122] -> 0x0026
[1485] [M]: 0x8000E120 (0x00260613) addi a2, a2, 2
x12 <- 0x00000002


mem[X,0x8000E124] -> 0x006F
mem[X,0x8000E126] -> 0x00C0
[1486] [M]: 0x8000E124 (0x00C0006F) jal zero, 12


mem[X,0x8000E130] -> 0x2223
mem[X,0x8000E132] -> 0x22C2
[1487] [M]: 0x8000E130 (0x22C22223) sw a2, 548(tp)
mem[0x8003B38C] <- 0x00000002


mem[X,0x8000E134] -> 0xB537
mem[X,0x8000E136] -> 0xAAAA
[1488] [M]: 0x8000E134 (0xAAAAB537) lui a0, 699051
x10 <- 0xAAAAB000


mem[X,0x8000E138] -> 0x0513
mem[X,0x8000E13A] -> 0xAAA5
[1489] [M]: 0x8000E138 (0xAAA50513) addi a0, a0, 2730
x10 <- 0xAAAAAAAA


mem[X,0x8000E13C] -> 0x0593
mem[X,0x8000E13E] -> 0x0000
[1490] [M]: 0x8000E13C (0x00000593) addi a1, zero, 0
x11 <- 0x00000000


mem[X,0x8000E140] -> 0x0613
mem[X,0x8000E142] -> 0x0000
[1491] [M]: 0x8000E140 (0x00000613) addi a2, zero, 0
x12 <- 0x00000000


mem[X,0x8000E144] -> 0x006F
mem[X,0x8000E146] -> 0x00C0
[1492] [M]: 0x8000E144 (0x00C0006F) jal zero, 12


mem[X,0x8000E150] -> 0x5CE3
mem[X,0x8000E152] -> 0xFEB5
[1493] [M]: 0x8000E150 (0xFEB55CE3) bge a0, a1, 8184


mem[X,0x8000E154] -> 0x0613
mem[X,0x8000E156] -> 0x0026
[1494] [M]: 0x8000E154 (0x00260613) addi a2, a2, 2
x12 <- 0x00000002


mem[X,0x8000E158] -> 0x006F
mem[X,0x8000E15A] -> 0x00C0
[1495] [M]: 0x8000E158 (0x00C0006F) jal zero, 12


mem[X,0x8000E164] -> 0x2423
mem[X,0x8000E166] -> 0x22C2
[1496] [M]: 0x8000E164 (0x22C22423) sw a2, 552(tp)
mem[0x8003B390] <- 0x00000002


mem[X,0x8000E168] -> 0xB537
mem[X,0x8000E16A] -> 0xAAAA
[1497] [M]: 0x8000E168 (0xAAAAB537) lui a0, 699051
x10 <- 0xAAAAB000


mem[X,0x8000E16C] -> 0x0513
mem[X,0x8000E16E] -> 0xAAA5
[1498] [M]: 0x8000E16C (0xAAA50513) addi a0, a0, 2730
x10 <- 0xAAAAAAAA


mem[X,0x8000E170] -> 0x0593
mem[X,0x8000E172] -> 0x0040
[1499] [M]: 0x8000E170 (0x00400593) addi a1, zero, 4
x11 <- 0x00000004


clint::tick mtime <- 0x000000000000000F
 clint timer pending at mtime 0x000000000000000F
htif::tick 0x0000000000000000
mem[X,0x8000E174] -> 0x0613
mem[X,0x8000E176] -> 0x0000
[1500] [M]: 0x8000E174 (0x00000613) addi a2, zero, 0
x12 <- 0x00000000


mem[X,0x8000E178] -> 0x006F
mem[X,0x8000E17A] -> 0x00C0
[1501] [M]: 0x8000E178 (0x00C0006F) jal zero, 12


mem[X,0x8000E184] -> 0x5063
mem[X,0x8000E186] -> 0x02B5
[1502] [M]: 0x8000E184 (0x02B55063) bge a0, a1, 32


mem[X,0x8000E188] -> 0x0613
mem[X,0x8000E18A] -> 0x0026
[1503] [M]: 0x8000E188 (0x00260613) addi a2, a2, 2
x12 <- 0x00000002


mem[X,0x8000E18C] -> 0x006F
mem[X,0x8000E18E] -> 0x0200
[1504] [M]: 0x8000E18C (0x0200006F) jal zero, 32


mem[X,0x8000E1AC] -> 0x2623
mem[X,0x8000E1AE] -> 0x22C2
[1505] [M]: 0x8000E1AC (0x22C22623) sw a2, 556(tp)
mem[0x8003B394] <- 0x00000002


mem[X,0x8000E1B0] -> 0xB537
mem[X,0x8000E1B2] -> 0xAAAA
[1506] [M]: 0x8000E1B0 (0xAAAAB537) lui a0, 699051
x10 <- 0xAAAAB000


mem[X,0x8000E1B4] -> 0x0513
mem[X,0x8000E1B6] -> 0xAAA5
[1507] [M]: 0x8000E1B4 (0xAAA50513) addi a0, a0, 2730
x10 <- 0xAAAAAAAA


mem[X,0x8000E1B8] -> 0x35B7
mem[X,0x8000E1BA] -> 0x3333
[1508] [M]: 0x8000E1B8 (0x333335B7) lui a1, 209715
x11 <- 0x33333000


mem[X,0x8000E1BC] -> 0x8593
mem[X,0x8000E1BE] -> 0x3325
[1509] [M]: 0x8000E1BC (0x33258593) addi a1, a1, 818
x11 <- 0x33333332


mem[X,0x8000E1C0] -> 0x0613
mem[X,0x8000E1C2] -> 0x0000
[1510] [M]: 0x8000E1C0 (0x00000613) addi a2, zero, 0
x12 <- 0x00000000


mem[X,0x8000E1C4] -> 0x006F
mem[X,0x8000E1C6] -> 0x00C0
[1511] [M]: 0x8000E1C4 (0x00C0006F) jal zero, 12


mem[X,0x8000E1D0] -> 0x5063
mem[X,0x8000E1D2] -> 0x08B5
[1512] [M]: 0x8000E1D0 (0x08B55063) bge a0, a1, 128


mem[X,0x8000E1D4] -> 0x0613
mem[X,0x8000E1D6] -> 0x0026
[1513] [M]: 0x8000E1D4 (0x00260613) addi a2, a2, 2
x12 <- 0x00000002


mem[X,0x8000E1D8] -> 0x006F
mem[X,0x8000E1DA] -> 0x0800
[1514] [M]: 0x8000E1D8 (0x0800006F) jal zero, 128


mem[X,0x8000E258] -> 0x2823
mem[X,0x8000E25A] -> 0x22C2
[1515] [M]: 0x8000E258 (0x22C22823) sw a2, 560(tp)
mem[0x8003B398] <- 0x00000002


mem[X,0x8000E25C] -> 0xB537
mem[X,0x8000E25E] -> 0xAAAA
[1516] [M]: 0x8000E25C (0xAAAAB537) lui a0, 699051
x10 <- 0xAAAAB000


mem[X,0x8000E260] -> 0x0513
mem[X,0x8000E262] -> 0xAAA5
[1517] [M]: 0x8000E260 (0xAAA50513) addi a0, a0, 2730
x10 <- 0xAAAAAAAA


mem[X,0x8000E264] -> 0x65B7
mem[X,0x8000E266] -> 0x6666
[1518] [M]: 0x8000E264 (0x666665B7) lui a1, 419430
x11 <- 0x66666000


mem[X,0x8000E268] -> 0x8593
mem[X,0x8000E26A] -> 0x6655
[1519] [M]: 0x8000E268 (0x66558593) addi a1, a1, 1637
x11 <- 0x66666665


mem[X,0x8000E26C] -> 0x0613
mem[X,0x8000E26E] -> 0x0000
[1520] [M]: 0x8000E26C (0x00000613) addi a2, zero, 0
x12 <- 0x00000000


mem[X,0x8000E270] -> 0x006F
mem[X,0x8000E272] -> 0x00C0
[1521] [M]: 0x8000E270 (0x00C0006F) jal zero, 12


mem[X,0x8000E27C] -> 0x5663
mem[X,0x8000E27E] -> 0x00B5
[1522] [M]: 0x8000E27C (0x00B55663) bge a0, a1, 12


mem[X,0x8000E280] -> 0x0613
mem[X,0x8000E282] -> 0x0026
[1523] [M]: 0x8000E280 (0x00260613) addi a2, a2, 2
x12 <- 0x00000002


mem[X,0x8000E284] -> 0x006F
mem[X,0x8000E286] -> 0x00C0
[1524] [M]: 0x8000E284 (0x00C0006F) jal zero, 12


mem[X,0x8000E290] -> 0x2A23
mem[X,0x8000E292] -> 0x22C2
[1525] [M]: 0x8000E290 (0x22C22A23) sw a2, 564(tp)
mem[0x8003B39C] <- 0x00000002


mem[X,0x8000E294] -> 0xB537
mem[X,0x8000E296] -> 0xAAAA
[1526] [M]: 0x8000E294 (0xAAAAB537) lui a0, 699051
x10 <- 0xAAAAB000


mem[X,0x8000E298] -> 0x0513
mem[X,0x8000E29A] -> 0xAAA5
[1527] [M]: 0x8000E298 (0xAAA50513) addi a0, a0, 2730
x10 <- 0xAAAAAAAA


mem[X,0x8000E29C] -> 0xB5B7
mem[X,0x8000E29E] -> 0x0000
[1528] [M]: 0x8000E29C (0x0000B5B7) lui a1, 11
x11 <- 0x0000B000


mem[X,0x8000E2A0] -> 0x8593
mem[X,0x8000E2A2] -> 0x5035
[1529] [M]: 0x8000E2A0 (0x50358593) addi a1, a1, 1283
x11 <- 0x0000B503


mem[X,0x8000E2A4] -> 0x0613
mem[X,0x8000E2A6] -> 0x0000
[1530] [M]: 0x8000E2A4 (0x00000613) addi a2, zero, 0
x12 <- 0x00000000


mem[X,0x8000E2A8] -> 0x006F
mem[X,0x8000E2AA] -> 0x00C0
[1531] [M]: 0x8000E2A8 (0x00C0006F) jal zero, 12


mem[X,0x8000E2B4] -> 0x5663
mem[X,0x8000E2B6] -> 0x00B5
[1532] [M]: 0x8000E2B4 (0x00B55663) bge a0, a1, 12


mem[X,0x8000E2B8] -> 0x0613
mem[X,0x8000E2BA] -> 0x0026
[1533] [M]: 0x8000E2B8 (0x00260613) addi a2, a2, 2
x12 <- 0x00000002


mem[X,0x8000E2BC] -> 0x006F
mem[X,0x8000E2BE] -> 0x00C0
[1534] [M]: 0x8000E2BC (0x00C0006F) jal zero, 12


mem[X,0x8000E2C8] -> 0x2C23
mem[X,0x8000E2CA] -> 0x22C2
[1535] [M]: 0x8000E2C8 (0x22C22C23) sw a2, 568(tp)
mem[0x8003B3A0] <- 0x00000002


mem[X,0x8000E2CC] -> 0xB537
mem[X,0x8000E2CE] -> 0xAAAA
[1536] [M]: 0x8000E2CC (0xAAAAB537) lui a0, 699051
x10 <- 0xAAAAB000


mem[X,0x8000E2D0] -> 0x0513
mem[X,0x8000E2D2] -> 0xAAA5
[1537] [M]: 0x8000E2D0 (0xAAA50513) addi a0, a0, 2730
x10 <- 0xAAAAAAAA


mem[X,0x8000E2D4] -> 0x55B7
mem[X,0x8000E2D6] -> 0x5555
[1538] [M]: 0x8000E2D4 (0x555555B7) lui a1, 349525
x11 <- 0x55555000


mem[X,0x8000E2D8] -> 0x8593
mem[X,0x8000E2DA] -> 0x5565
[1539] [M]: 0x8000E2D8 (0x55658593) addi a1, a1, 1366
x11 <- 0x55555556


mem[X,0x8000E2DC] -> 0x0613
mem[X,0x8000E2DE] -> 0x0000
[1540] [M]: 0x8000E2DC (0x00000613) addi a2, zero, 0
x12 <- 0x00000000


mem[X,0x8000E2E0] -> 0x006F
mem[X,0x8000E2E2] -> 0x00C0
[1541] [M]: 0x8000E2E0 (0x00C0006F) jal zero, 12


mem[X,0x8000E2EC] -> 0x5663
mem[X,0x8000E2EE] -> 0x00B5
[1542] [M]: 0x8000E2EC (0x00B55663) bge a0, a1, 12


mem[X,0x8000E2F0] -> 0x0613
mem[X,0x8000E2F2] -> 0x0026
[1543] [M]: 0x8000E2F0 (0x00260613) addi a2, a2, 2
x12 <- 0x00000002


mem[X,0x8000E2F4] -> 0x006F
mem[X,0x8000E2F6] -> 0x00C0
[1544] [M]: 0x8000E2F4 (0x00C0006F) jal zero, 12


mem[X,0x8000E300] -> 0x2E23
mem[X,0x8000E302] -> 0x22C2
[1545] [M]: 0x8000E300 (0x22C22E23) sw a2, 572(tp)
mem[0x8003B3A4] <- 0x00000002


mem[X,0x8000E304] -> 0xB537
mem[X,0x8000E306] -> 0xAAAA
[1546] [M]: 0x8000E304 (0xAAAAB537) lui a0, 699051
x10 <- 0xAAAAB000


mem[X,0x8000E308] -> 0x0513
mem[X,0x8000E30A] -> 0xAAA5
[1547] [M]: 0x8000E308 (0xAAA50513) addi a0, a0, 2730
x10 <- 0xAAAAAAAA


mem[X,0x8000E30C] -> 0xB5B7
mem[X,0x8000E30E] -> 0xAAAA
[1548] [M]: 0x8000E30C (0xAAAAB5B7) lui a1, 699051
x11 <- 0xAAAAB000


mem[X,0x8000E310] -> 0x8593
mem[X,0x8000E312] -> 0xAAB5
[1549] [M]: 0x8000E310 (0xAAB58593) addi a1, a1, 2731
x11 <- 0xAAAAAAAB


mem[X,0x8000E314] -> 0x0613
mem[X,0x8000E316] -> 0x0000
[1550] [M]: 0x8000E314 (0x00000613) addi a2, zero, 0
x12 <- 0x00000000


mem[X,0x8000E318] -> 0x006F
mem[X,0x8000E31A] -> 0x00C0
[1551] [M]: 0x8000E318 (0x00C0006F) jal zero, 12


mem[X,0x8000E324] -> 0x5063
mem[X,0x8000E326] -> 0x04B5
[1552] [M]: 0x8000E324 (0x04B55063) bge a0, a1, 64


mem[X,0x8000E328] -> 0x0613
mem[X,0x8000E32A] -> 0x0026
[1553] [M]: 0x8000E328 (0x00260613) addi a2, a2, 2
x12 <- 0x00000002


mem[X,0x8000E32C] -> 0x006F
mem[X,0x8000E32E] -> 0x0400
[1554] [M]: 0x8000E32C (0x0400006F) jal zero, 64


mem[X,0x8000E36C] -> 0x2023
mem[X,0x8000E36E] -> 0x24C2
[1555] [M]: 0x8000E36C (0x24C22023) sw a2, 576(tp)
mem[0x8003B3A8] <- 0x00000002


mem[X,0x8000E370] -> 0xB537
mem[X,0x8000E372] -> 0xAAAA
[1556] [M]: 0x8000E370 (0xAAAAB537) lui a0, 699051
x10 <- 0xAAAAB000


mem[X,0x8000E374] -> 0x0513
mem[X,0x8000E376] -> 0xAAA5
[1557] [M]: 0x8000E374 (0xAAA50513) addi a0, a0, 2730
x10 <- 0xAAAAAAAA


mem[X,0x8000E378] -> 0x0593
mem[X,0x8000E37A] -> 0x0060
[1558] [M]: 0x8000E378 (0x00600593) addi a1, zero, 6
x11 <- 0x00000006


mem[X,0x8000E37C] -> 0x0613
mem[X,0x8000E37E] -> 0x0000
[1559] [M]: 0x8000E37C (0x00000613) addi a2, zero, 0
x12 <- 0x00000000


mem[X,0x8000E380] -> 0x006F
mem[X,0x8000E382] -> 0x00C0
[1560] [M]: 0x8000E380 (0x00C0006F) jal zero, 12


mem[X,0x8000E38C] -> 0x5663
mem[X,0x8000E38E] -> 0x00B5
[1561] [M]: 0x8000E38C (0x00B55663) bge a0, a1, 12


mem[X,0x8000E390] -> 0x0613
mem[X,0x8000E392] -> 0x0026
[1562] [M]: 0x8000E390 (0x00260613) addi a2, a2, 2
x12 <- 0x00000002


mem[X,0x8000E394] -> 0x006F
mem[X,0x8000E396] -> 0x00C0
[1563] [M]: 0x8000E394 (0x00C0006F) jal zero, 12


mem[X,0x8000E3A0] -> 0x2223
mem[X,0x8000E3A2] -> 0x24C2
[1564] [M]: 0x8000E3A0 (0x24C22223) sw a2, 580(tp)
mem[0x8003B3AC] <- 0x00000002


mem[X,0x8000E3A4] -> 0xB537
mem[X,0x8000E3A6] -> 0xAAAA
[1565] [M]: 0x8000E3A4 (0xAAAAB537) lui a0, 699051
x10 <- 0xAAAAB000


mem[X,0x8000E3A8] -> 0x0513
mem[X,0x8000E3AA] -> 0xAAA5
[1566] [M]: 0x8000E3A8 (0xAAA50513) addi a0, a0, 2730
x10 <- 0xAAAAAAAA


mem[X,0x8000E3AC] -> 0x35B7
mem[X,0x8000E3AE] -> 0x3333
[1567] [M]: 0x8000E3AC (0x333335B7) lui a1, 209715
x11 <- 0x33333000


mem[X,0x8000E3B0] -> 0x8593
mem[X,0x8000E3B2] -> 0x3345
[1568] [M]: 0x8000E3B0 (0x33458593) addi a1, a1, 820
x11 <- 0x33333334


mem[X,0x8000E3B4] -> 0x0613
mem[X,0x8000E3B6] -> 0x0000
[1569] [M]: 0x8000E3B4 (0x00000613) addi a2, zero, 0
x12 <- 0x00000000


mem[X,0x8000E3B8] -> 0x006F
mem[X,0x8000E3BA] -> 0x00C0
[1570] [M]: 0x8000E3B8 (0x00C0006F) jal zero, 12


mem[X,0x8000E3C4] -> 0x5063
mem[X,0x8000E3C6] -> 0x04B5
[1571] [M]: 0x8000E3C4 (0x04B55063) bge a0, a1, 64


mem[X,0x8000E3C8] -> 0x0613
mem[X,0x8000E3CA] -> 0x0026
[1572] [M]: 0x8000E3C8 (0x00260613) addi a2, a2, 2
x12 <- 0x00000002


mem[X,0x8000E3CC] -> 0x006F
mem[X,0x8000E3CE] -> 0x0400
[1573] [M]: 0x8000E3CC (0x0400006F) jal zero, 64


mem[X,0x8000E40C] -> 0x2423
mem[X,0x8000E40E] -> 0x24C2
[1574] [M]: 0x8000E40C (0x24C22423) sw a2, 584(tp)
mem[0x8003B3B0] <- 0x00000002


mem[X,0x8000E410] -> 0xB537
mem[X,0x8000E412] -> 0xAAAA
[1575] [M]: 0x8000E410 (0xAAAAB537) lui a0, 699051
x10 <- 0xAAAAB000


mem[X,0x8000E414] -> 0x0513
mem[X,0x8000E416] -> 0xAAA5
[1576] [M]: 0x8000E414 (0xAAA50513) addi a0, a0, 2730
x10 <- 0xAAAAAAAA


mem[X,0x8000E418] -> 0x65B7
mem[X,0x8000E41A] -> 0x6666
[1577] [M]: 0x8000E418 (0x666665B7) lui a1, 419430
x11 <- 0x66666000


mem[X,0x8000E41C] -> 0x8593
mem[X,0x8000E41E] -> 0x6675
[1578] [M]: 0x8000E41C (0x66758593) addi a1, a1, 1639
x11 <- 0x66666667


mem[X,0x8000E420] -> 0x0613
mem[X,0x8000E422] -> 0x0000
[1579] [M]: 0x8000E420 (0x00000613) addi a2, zero, 0
x12 <- 0x00000000


mem[X,0x8000E424] -> 0x006F
mem[X,0x8000E426] -> 0x0100
[1580] [M]: 0x8000E424 (0x0100006F) jal zero, 16


mem[X,0x8000E434] -> 0x5AE3
mem[X,0x8000E436] -> 0xFEB5
[1581] [M]: 0x8000E434 (0xFEB55AE3) bge a0, a1, 8180


mem[X,0x8000E438] -> 0x0613
mem[X,0x8000E43A] -> 0x0026
[1582] [M]: 0x8000E438 (0x00260613) addi a2, a2, 2
x12 <- 0x00000002


mem[X,0x8000E43C] -> 0x006F
mem[X,0x8000E43E] -> 0x00C0
[1583] [M]: 0x8000E43C (0x00C0006F) jal zero, 12


mem[X,0x8000E448] -> 0x2623
mem[X,0x8000E44A] -> 0x24C2
[1584] [M]: 0x8000E448 (0x24C22623) sw a2, 588(tp)
mem[0x8003B3B4] <- 0x00000002


mem[X,0x8000E44C] -> 0xB537
mem[X,0x8000E44E] -> 0xAAAA
[1585] [M]: 0x8000E44C (0xAAAAB537) lui a0, 699051
x10 <- 0xAAAAB000


mem[X,0x8000E450] -> 0x0513
mem[X,0x8000E452] -> 0xAAA5
[1586] [M]: 0x8000E450 (0xAAA50513) addi a0, a0, 2730
x10 <- 0xAAAAAAAA


mem[X,0x8000E454] -> 0x55B7
mem[X,0x8000E456] -> 0xFFFF
[1587] [M]: 0x8000E454 (0xFFFF55B7) lui a1, 1048565
x11 <- 0xFFFF5000


mem[X,0x8000E458] -> 0x8593
mem[X,0x8000E45A] -> 0xAFD5
[1588] [M]: 0x8000E458 (0xAFD58593) addi a1, a1, 2813
x11 <- 0xFFFF4AFD


mem[X,0x8000E45C] -> 0x0613
mem[X,0x8000E45E] -> 0x0000
[1589] [M]: 0x8000E45C (0x00000613) addi a2, zero, 0
x12 <- 0x00000000


mem[X,0x8000E460] -> 0x006F
mem[X,0x8000E462] -> 0x00C0
[1590] [M]: 0x8000E460 (0x00C0006F) jal zero, 12


mem[X,0x8000E46C] -> 0x5063
mem[X,0x8000E46E] -> 0x40B5
[1591] [M]: 0x8000E46C (0x40B55063) bge a0, a1, 1024


mem[X,0x8000E470] -> 0x0613
mem[X,0x8000E472] -> 0x0026
[1592] [M]: 0x8000E470 (0x00260613) addi a2, a2, 2
x12 <- 0x00000002


mem[X,0x8000E474] -> 0x006F
mem[X,0x8000E476] -> 0x4000
[1593] [M]: 0x8000E474 (0x4000006F) jal zero, 1024


mem[X,0x8000E874] -> 0x2823
mem[X,0x8000E876] -> 0x24C2
[1594] [M]: 0x8000E874 (0x24C22823) sw a2, 592(tp)
mem[0x8003B3B8] <- 0x00000002


mem[X,0x8000E878] -> 0xB537
mem[X,0x8000E87A] -> 0xAAAA
[1595] [M]: 0x8000E878 (0xAAAAB537) lui a0, 699051
x10 <- 0xAAAAB000


mem[X,0x8000E87C] -> 0x0513
mem[X,0x8000E87E] -> 0xAAA5
[1596] [M]: 0x8000E87C (0xAAA50513) addi a0, a0, 2730
x10 <- 0xAAAAAAAA


mem[X,0x8000E880] -> 0xB5B7
mem[X,0x8000E882] -> 0x0000
[1597] [M]: 0x8000E880 (0x0000B5B7) lui a1, 11
x11 <- 0x0000B000


mem[X,0x8000E884] -> 0x8593
mem[X,0x8000E886] -> 0x5055
[1598] [M]: 0x8000E884 (0x50558593) addi a1, a1, 1285
x11 <- 0x0000B505


mem[X,0x8000E888] -> 0x0613
mem[X,0x8000E88A] -> 0x0000
[1599] [M]: 0x8000E888 (0x00000613) addi a2, zero, 0
x12 <- 0x00000000


clint::tick mtime <- 0x0000000000000010
 clint timer pending at mtime 0x0000000000000010
htif::tick 0x0000000000000000
mem[X,0x8000E88C] -> 0x006F
mem[X,0x8000E88E] -> 0x00C0
[1600] [M]: 0x8000E88C (0x00C0006F) jal zero, 12


mem[X,0x8000E898] -> 0x5063
mem[X,0x8000E89A] -> 0x04B5
[1601] [M]: 0x8000E898 (0x04B55063) bge a0, a1, 64


mem[X,0x8000E89C] -> 0x0613
mem[X,0x8000E89E] -> 0x0026
[1602] [M]: 0x8000E89C (0x00260613) addi a2, a2, 2
x12 <- 0x00000002


mem[X,0x8000E8A0] -> 0x006F
mem[X,0x8000E8A2] -> 0x0400
[1603] [M]: 0x8000E8A0 (0x0400006F) jal zero, 64


mem[X,0x8000E8E0] -> 0x2A23
mem[X,0x8000E8E2] -> 0x24C2
[1604] [M]: 0x8000E8E0 (0x24C22A23) sw a2, 596(tp)
mem[0x8003B3BC] <- 0x00000002


mem[X,0x8000E8E4] -> 0x0513
mem[X,0x8000E8E6] -> 0x0050
[1605] [M]: 0x8000E8E4 (0x00500513) addi a0, zero, 5
x10 <- 0x00000005


mem[X,0x8000E8E8] -> 0x0593
mem[X,0x8000E8EA] -> 0x0030
[1606] [M]: 0x8000E8E8 (0x00300593) addi a1, zero, 3
x11 <- 0x00000003


mem[X,0x8000E8EC] -> 0x0613
mem[X,0x8000E8EE] -> 0x0000
[1607] [M]: 0x8000E8EC (0x00000613) addi a2, zero, 0
x12 <- 0x00000000


mem[X,0x8000E8F0] -> 0x006F
mem[X,0x8000E8F2] -> 0x0180
[1608] [M]: 0x8000E8F0 (0x0180006F) jal zero, 24


mem[X,0x8000E908] -> 0x56E3
mem[X,0x8000E90A] -> 0xFEB5
[1609] [M]: 0x8000E908 (0xFEB556E3) bge a0, a1, 8172


mem[X,0x8000E8F4] -> 0x0613
mem[X,0x8000E8F6] -> 0x0016
[1610] [M]: 0x8000E8F4 (0x00160613) addi a2, a2, 1
x12 <- 0x00000001


mem[X,0x8000E8F8] -> 0x006F
mem[X,0x8000E8FA] -> 0x0240
[1611] [M]: 0x8000E8F8 (0x0240006F) jal zero, 36


mem[X,0x8000E91C] -> 0x2C23
mem[X,0x8000E91E] -> 0x24C2
[1612] [M]: 0x8000E91C (0x24C22C23) sw a2, 600(tp)
mem[0x8003B3C0] <- 0x00000001


mem[X,0x8000E920] -> 0x0513
mem[X,0x8000E922] -> 0x0050
[1613] [M]: 0x8000E920 (0x00500513) addi a0, zero, 5
x10 <- 0x00000005


mem[X,0x8000E924] -> 0x55B7
mem[X,0x8000E926] -> 0x5555
[1614] [M]: 0x8000E924 (0x555555B7) lui a1, 349525
x11 <- 0x55555000


mem[X,0x8000E928] -> 0x8593
mem[X,0x8000E92A] -> 0x5555
[1615] [M]: 0x8000E928 (0x55558593) addi a1, a1, 1365
x11 <- 0x55555555


mem[X,0x8000E92C] -> 0x0613
mem[X,0x8000E92E] -> 0x0000
[1616] [M]: 0x8000E92C (0x00000613) addi a2, zero, 0
x12 <- 0x00000000


mem[X,0x8000E930] -> 0x006F
mem[X,0x8000E932] -> 0x00C0
[1617] [M]: 0x8000E930 (0x00C0006F) jal zero, 12


mem[X,0x8000E93C] -> 0x5CE3
mem[X,0x8000E93E] -> 0xFEB5
[1618] [M]: 0x8000E93C (0xFEB55CE3) bge a0, a1, 8184


mem[X,0x8000E940] -> 0x0613
mem[X,0x8000E942] -> 0x0026
[1619] [M]: 0x8000E940 (0x00260613) addi a2, a2, 2
x12 <- 0x00000002


mem[X,0x8000E944] -> 0x006F
mem[X,0x8000E946] -> 0x00C0
[1620] [M]: 0x8000E944 (0x00C0006F) jal zero, 12


mem[X,0x8000E950] -> 0x2E23
mem[X,0x8000E952] -> 0x24C2
[1621] [M]: 0x8000E950 (0x24C22E23) sw a2, 604(tp)
mem[0x8003B3C4] <- 0x00000002


mem[X,0x8000E954] -> 0x0513
mem[X,0x8000E956] -> 0x0050
[1622] [M]: 0x8000E954 (0x00500513) addi a0, zero, 5
x10 <- 0x00000005


mem[X,0x8000E958] -> 0xB5B7
mem[X,0x8000E95A] -> 0xAAAA
[1623] [M]: 0x8000E958 (0xAAAAB5B7) lui a1, 699051
x11 <- 0xAAAAB000


mem[X,0x8000E95C] -> 0x8593
mem[X,0x8000E95E] -> 0xAAA5
[1624] [M]: 0x8000E95C (0xAAA58593) addi a1, a1, 2730
x11 <- 0xAAAAAAAA


mem[X,0x8000E960] -> 0x0613
mem[X,0x8000E962] -> 0x0000
[1625] [M]: 0x8000E960 (0x00000613) addi a2, zero, 0
x12 <- 0x00000000


mem[X,0x8000E964] -> 0x006F
mem[X,0x8000E966] -> 0x0050
[1626] [M]: 0x8000E964 (0x0050006F) jal zero, 2052


mem[X,0x8000F168] -> 0x50E3
mem[X,0x8000F16A] -> 0x80B5
[1627] [M]: 0x8000F168 (0x80B550E3) bge a0, a1, 6144


mem[X,0x8000E968] -> 0x0613
mem[X,0x8000E96A] -> 0x0016
[1628] [M]: 0x8000E968 (0x00160613) addi a2, a2, 1
x12 <- 0x00000001


mem[X,0x8000E96C] -> 0x006F
mem[X,0x8000E96E] -> 0x0110
[1629] [M]: 0x8000E96C (0x0110006F) jal zero, 2064


mem[X,0x8000F17C] -> 0x2023
mem[X,0x8000F17E] -> 0x26C2
[1630] [M]: 0x8000F17C (0x26C22023) sw a2, 608(tp)
mem[0x8003B3C8] <- 0x00000001


mem[X,0x8000F180] -> 0x0513
mem[X,0x8000F182] -> 0x0050
[1631] [M]: 0x8000F180 (0x00500513) addi a0, zero, 5
x10 <- 0x00000005


mem[X,0x8000F184] -> 0x0593
mem[X,0x8000F186] -> 0x0050
[1632] [M]: 0x8000F184 (0x00500593) addi a1, zero, 5
x11 <- 0x00000005


mem[X,0x8000F188] -> 0x0613
mem[X,0x8000F18A] -> 0x0000
[1633] [M]: 0x8000F188 (0x00000613) addi a2, zero, 0
x12 <- 0x00000000


mem[X,0x8000F18C] -> 0x006F
mem[X,0x8000F18E] -> 0x00C0
[1634] [M]: 0x8000F18C (0x00C0006F) jal zero, 12


mem[X,0x8000F198] -> 0x5CE3
mem[X,0x8000F19A] -> 0xFEB5
[1635] [M]: 0x8000F198 (0xFEB55CE3) bge a0, a1, 8184


mem[X,0x8000F190] -> 0x0613
mem[X,0x8000F192] -> 0x0016
[1636] [M]: 0x8000F190 (0x00160613) addi a2, a2, 1
x12 <- 0x00000001


mem[X,0x8000F194] -> 0x006F
mem[X,0x8000F196] -> 0x0180
[1637] [M]: 0x8000F194 (0x0180006F) jal zero, 24


mem[X,0x8000F1AC] -> 0x2223
mem[X,0x8000F1AE] -> 0x26C2
[1638] [M]: 0x8000F1AC (0x26C22223) sw a2, 612(tp)
mem[0x8003B3CC] <- 0x00000001


mem[X,0x8000F1B0] -> 0x0513
mem[X,0x8000F1B2] -> 0x0050
[1639] [M]: 0x8000F1B0 (0x00500513) addi a0, zero, 5
x10 <- 0x00000005


mem[X,0x8000F1B4] -> 0x35B7
mem[X,0x8000F1B6] -> 0x3333
[1640] [M]: 0x8000F1B4 (0x333335B7) lui a1, 209715
x11 <- 0x33333000


mem[X,0x8000F1B8] -> 0x8593
mem[X,0x8000F1BA] -> 0x3335
[1641] [M]: 0x8000F1B8 (0x33358593) addi a1, a1, 819
x11 <- 0x33333333


mem[X,0x8000F1BC] -> 0x0613
mem[X,0x8000F1BE] -> 0x0000
[1642] [M]: 0x8000F1BC (0x00000613) addi a2, zero, 0
x12 <- 0x00000000


mem[X,0x8000F1C0] -> 0x006F
mem[X,0x8000F1C2] -> 0x00C0
[1643] [M]: 0x8000F1C0 (0x00C0006F) jal zero, 12


mem[X,0x8000F1CC] -> 0x5063
mem[X,0x8000F1CE] -> 0x08B5
[1644] [M]: 0x8000F1CC (0x08B55063) bge a0, a1, 128


mem[X,0x8000F1D0] -> 0x0613
mem[X,0x8000F1D2] -> 0x0026
[1645] [M]: 0x8000F1D0 (0x00260613) addi a2, a2, 2
x12 <- 0x00000002


mem[X,0x8000F1D4] -> 0x006F
mem[X,0x8000F1D6] -> 0x0800
[1646] [M]: 0x8000F1D4 (0x0800006F) jal zero, 128


mem[X,0x8000F254] -> 0x2423
mem[X,0x8000F256] -> 0x26C2
[1647] [M]: 0x8000F254 (0x26C22423) sw a2, 616(tp)
mem[0x8003B3D0] <- 0x00000002


mem[X,0x8000F258] -> 0x0513
mem[X,0x8000F25A] -> 0x0050
[1648] [M]: 0x8000F258 (0x00500513) addi a0, zero, 5
x10 <- 0x00000005


mem[X,0x8000F25C] -> 0x65B7
mem[X,0x8000F25E] -> 0x6666
[1649] [M]: 0x8000F25C (0x666665B7) lui a1, 419430
x11 <- 0x66666000


mem[X,0x8000F260] -> 0x8593
mem[X,0x8000F262] -> 0x6665
[1650] [M]: 0x8000F260 (0x66658593) addi a1, a1, 1638
x11 <- 0x66666666


mem[X,0x8000F264] -> 0x0613
mem[X,0x8000F266] -> 0x0000
[1651] [M]: 0x8000F264 (0x00000613) addi a2, zero, 0
x12 <- 0x00000000


mem[X,0x8000F268] -> 0x006F
mem[X,0x8000F26A] -> 0x0050
[1652] [M]: 0x8000F268 (0x0050006F) jal zero, 2052


mem[X,0x8000FA6C] -> 0x50E3
mem[X,0x8000FA6E] -> 0x80B5
[1653] [M]: 0x8000FA6C (0x80B550E3) bge a0, a1, 6144


mem[X,0x8000FA70] -> 0x0613
mem[X,0x8000FA72] -> 0x0026
[1654] [M]: 0x8000FA70 (0x00260613) addi a2, a2, 2
x12 <- 0x00000002


mem[X,0x8000FA74] -> 0x006F
mem[X,0x8000FA76] -> 0x00C0
[1655] [M]: 0x8000FA74 (0x00C0006F) jal zero, 12


mem[X,0x8000FA80] -> 0x2623
mem[X,0x8000FA82] -> 0x26C2
[1656] [M]: 0x8000FA80 (0x26C22623) sw a2, 620(tp)
mem[0x8003B3D4] <- 0x00000002


mem[X,0x8000FA84] -> 0x0513
mem[X,0x8000FA86] -> 0x0050
[1657] [M]: 0x8000FA84 (0x00500513) addi a0, zero, 5
x10 <- 0x00000005


mem[X,0x8000FA88] -> 0x55B7
mem[X,0x8000FA8A] -> 0xFFFF
[1658] [M]: 0x8000FA88 (0xFFFF55B7) lui a1, 1048565
x11 <- 0xFFFF5000


mem[X,0x8000FA8C] -> 0x8593
mem[X,0x8000FA8E] -> 0xAFC5
[1659] [M]: 0x8000FA8C (0xAFC58593) addi a1, a1, 2812
x11 <- 0xFFFF4AFC


mem[X,0x8000FA90] -> 0x0613
mem[X,0x8000FA92] -> 0x0000
[1660] [M]: 0x8000FA90 (0x00000613) addi a2, zero, 0
x12 <- 0x00000000


mem[X,0x8000FA94] -> 0x006F
mem[X,0x8000FA96] -> 0x00C0
[1661] [M]: 0x8000FA94 (0x00C0006F) jal zero, 12


mem[X,0x8000FAA0] -> 0x5863
mem[X,0x8000FAA2] -> 0x00B5
[1662] [M]: 0x8000FAA0 (0x00B55863) bge a0, a1, 16


mem[X,0x8000FAB0] -> 0x0613
mem[X,0x8000FAB2] -> 0x0036
[1663] [M]: 0x8000FAB0 (0x00360613) addi a2, a2, 3
x12 <- 0x00000003


mem[X,0x8000FAB4] -> 0x006F
mem[X,0x8000FAB6] -> 0x0040
[1664] [M]: 0x8000FAB4 (0x0040006F) jal zero, 4


mem[X,0x8000FAB8] -> 0x2823
mem[X,0x8000FABA] -> 0x26C2
[1665] [M]: 0x8000FAB8 (0x26C22823) sw a2, 624(tp)
mem[0x8003B3D8] <- 0x00000003


mem[X,0x8000FABC] -> 0x0513
mem[X,0x8000FABE] -> 0x0050
[1666] [M]: 0x8000FABC (0x00500513) addi a0, zero, 5
x10 <- 0x00000005


mem[X,0x8000FAC0] -> 0xB5B7
mem[X,0x8000FAC2] -> 0x0000
[1667] [M]: 0x8000FAC0 (0x0000B5B7) lui a1, 11
x11 <- 0x0000B000


mem[X,0x8000FAC4] -> 0x8593
mem[X,0x8000FAC6] -> 0x5045
[1668] [M]: 0x8000FAC4 (0x50458593) addi a1, a1, 1284
x11 <- 0x0000B504


mem[X,0x8000FAC8] -> 0x0613
mem[X,0x8000FACA] -> 0x0000
[1669] [M]: 0x8000FAC8 (0x00000613) addi a2, zero, 0
x12 <- 0x00000000


mem[X,0x8000FACC] -> 0x006F
mem[X,0x8000FACE] -> 0x0180
[1670] [M]: 0x8000FACC (0x0180006F) jal zero, 24


mem[X,0x8000FAE4] -> 0x56E3
mem[X,0x8000FAE6] -> 0xFEB5
[1671] [M]: 0x8000FAE4 (0xFEB556E3) bge a0, a1, 8172


mem[X,0x8000FAE8] -> 0x0613
mem[X,0x8000FAEA] -> 0x0026
[1672] [M]: 0x8000FAE8 (0x00260613) addi a2, a2, 2
x12 <- 0x00000002


mem[X,0x8000FAEC] -> 0x006F
mem[X,0x8000FAEE] -> 0x00C0
[1673] [M]: 0x8000FAEC (0x00C0006F) jal zero, 12


mem[X,0x8000FAF8] -> 0x2A23
mem[X,0x8000FAFA] -> 0x26C2
[1674] [M]: 0x8000FAF8 (0x26C22A23) sw a2, 628(tp)
mem[0x8003B3DC] <- 0x00000002


mem[X,0x8000FAFC] -> 0x0513
mem[X,0x8000FAFE] -> 0x0050
[1675] [M]: 0x8000FAFC (0x00500513) addi a0, zero, 5
x10 <- 0x00000005


mem[X,0x8000FB00] -> 0x0593
mem[X,0x8000FB02] -> 0x0020
[1676] [M]: 0x8000FB00 (0x00200593) addi a1, zero, 2
x11 <- 0x00000002


mem[X,0x8000FB04] -> 0x0613
mem[X,0x8000FB06] -> 0x0000
[1677] [M]: 0x8000FB04 (0x00000613) addi a2, zero, 0
x12 <- 0x00000000


mem[X,0x8000FB08] -> 0x006F
mem[X,0x8000FB0A] -> 0x00C0
[1678] [M]: 0x8000FB08 (0x00C0006F) jal zero, 12


mem[X,0x8000FB14] -> 0x5063
mem[X,0x8000FB16] -> 0x02B5
[1679] [M]: 0x8000FB14 (0x02B55063) bge a0, a1, 32


mem[X,0x8000FB34] -> 0x0613
mem[X,0x8000FB36] -> 0x0036
[1680] [M]: 0x8000FB34 (0x00360613) addi a2, a2, 3
x12 <- 0x00000003


mem[X,0x8000FB38] -> 0x006F
mem[X,0x8000FB3A] -> 0x0040
[1681] [M]: 0x8000FB38 (0x0040006F) jal zero, 4


mem[X,0x8000FB3C] -> 0x2C23
mem[X,0x8000FB3E] -> 0x26C2
[1682] [M]: 0x8000FB3C (0x26C22C23) sw a2, 632(tp)
mem[0x8003B3E0] <- 0x00000003


mem[X,0x8000FB40] -> 0x0513
mem[X,0x8000FB42] -> 0x0050
[1683] [M]: 0x8000FB40 (0x00500513) addi a0, zero, 5
x10 <- 0x00000005


mem[X,0x8000FB44] -> 0x55B7
mem[X,0x8000FB46] -> 0x5555
[1684] [M]: 0x8000FB44 (0x555555B7) lui a1, 349525
x11 <- 0x55555000


mem[X,0x8000FB48] -> 0x8593
mem[X,0x8000FB4A] -> 0x5545
[1685] [M]: 0x8000FB48 (0x55458593) addi a1, a1, 1364
x11 <- 0x55555554


mem[X,0x8000FB4C] -> 0x0613
mem[X,0x8000FB4E] -> 0x0000
[1686] [M]: 0x8000FB4C (0x00000613) addi a2, zero, 0
x12 <- 0x00000000


mem[X,0x8000FB50] -> 0x006F
mem[X,0x8000FB52] -> 0x00C0
[1687] [M]: 0x8000FB50 (0x00C0006F) jal zero, 12


mem[X,0x8000FB5C] -> 0x5663
mem[X,0x8000FB5E] -> 0x00B5
[1688] [M]: 0x8000FB5C (0x00B55663) bge a0, a1, 12


mem[X,0x8000FB60] -> 0x0613
mem[X,0x8000FB62] -> 0x0026
[1689] [M]: 0x8000FB60 (0x00260613) addi a2, a2, 2
x12 <- 0x00000002


mem[X,0x8000FB64] -> 0x006F
mem[X,0x8000FB66] -> 0x00C0
[1690] [M]: 0x8000FB64 (0x00C0006F) jal zero, 12


mem[X,0x8000FB70] -> 0x2E23
mem[X,0x8000FB72] -> 0x26C2
[1691] [M]: 0x8000FB70 (0x26C22E23) sw a2, 636(tp)
mem[0x8003B3E4] <- 0x00000002


mem[X,0x8000FB74] -> 0x0513
mem[X,0x8000FB76] -> 0x0050
[1692] [M]: 0x8000FB74 (0x00500513) addi a0, zero, 5
x10 <- 0x00000005


mem[X,0x8000FB78] -> 0x0593
mem[X,0x8000FB7A] -> 0x0000
[1693] [M]: 0x8000FB78 (0x00000593) addi a1, zero, 0
x11 <- 0x00000000


mem[X,0x8000FB7C] -> 0x0613
mem[X,0x8000FB7E] -> 0x0000
[1694] [M]: 0x8000FB7C (0x00000613) addi a2, zero, 0
x12 <- 0x00000000


mem[X,0x8000FB80] -> 0x006F
mem[X,0x8000FB82] -> 0x00C0
[1695] [M]: 0x8000FB80 (0x00C0006F) jal zero, 12


mem[X,0x8000FB8C] -> 0x5663
mem[X,0x8000FB8E] -> 0x00B5
[1696] [M]: 0x8000FB8C (0x00B55663) bge a0, a1, 12


mem[X,0x8000FB98] -> 0x0613
mem[X,0x8000FB9A] -> 0x0036
[1697] [M]: 0x8000FB98 (0x00360613) addi a2, a2, 3
x12 <- 0x00000003


mem[X,0x8000FB9C] -> 0x006F
mem[X,0x8000FB9E] -> 0x0040
[1698] [M]: 0x8000FB9C (0x0040006F) jal zero, 4


mem[X,0x8000FBA0] -> 0x2023
mem[X,0x8000FBA2] -> 0x28C2
[1699] [M]: 0x8000FBA0 (0x28C22023) sw a2, 640(tp)
mem[0x8003B3E8] <- 0x00000003


clint::tick mtime <- 0x0000000000000011
 clint timer pending at mtime 0x0000000000000011
htif::tick 0x0000000000000000
mem[X,0x8000FBA4] -> 0x0513
mem[X,0x8000FBA6] -> 0x0050
[1700] [M]: 0x8000FBA4 (0x00500513) addi a0, zero, 5
x10 <- 0x00000005


mem[X,0x8000FBA8] -> 0x0593
mem[X,0x8000FBAA] -> 0x0040
[1701] [M]: 0x8000FBA8 (0x00400593) addi a1, zero, 4
x11 <- 0x00000004


mem[X,0x8000FBAC] -> 0x0613
mem[X,0x8000FBAE] -> 0x0000
[1702] [M]: 0x8000FBAC (0x00000613) addi a2, zero, 0
x12 <- 0x00000000


mem[X,0x8000FBB0] -> 0x006F
mem[X,0x8000FBB2] -> 0x00C0
[1703] [M]: 0x8000FBB0 (0x00C0006F) jal zero, 12


mem[X,0x8000FBBC] -> 0x5CE3
mem[X,0x8000FBBE] -> 0xFEB5
[1704] [M]: 0x8000FBBC (0xFEB55CE3) bge a0, a1, 8184


mem[X,0x8000FBB4] -> 0x0613
mem[X,0x8000FBB6] -> 0x0016
[1705] [M]: 0x8000FBB4 (0x00160613) addi a2, a2, 1
x12 <- 0x00000001


mem[X,0x8000FBB8] -> 0x006F
mem[X,0x8000FBBA] -> 0x0180
[1706] [M]: 0x8000FBB8 (0x0180006F) jal zero, 24


mem[X,0x8000FBD0] -> 0x2223
mem[X,0x8000FBD2] -> 0x28C2
[1707] [M]: 0x8000FBD0 (0x28C22223) sw a2, 644(tp)
mem[0x8003B3EC] <- 0x00000001


mem[X,0x8000FBD4] -> 0x0513
mem[X,0x8000FBD6] -> 0x0050
[1708] [M]: 0x8000FBD4 (0x00500513) addi a0, zero, 5
x10 <- 0x00000005


mem[X,0x8000FBD8] -> 0x35B7
mem[X,0x8000FBDA] -> 0x3333
[1709] [M]: 0x8000FBD8 (0x333335B7) lui a1, 209715
x11 <- 0x33333000


mem[X,0x8000FBDC] -> 0x8593
mem[X,0x8000FBDE] -> 0x3325
[1710] [M]: 0x8000FBDC (0x33258593) addi a1, a1, 818
x11 <- 0x33333332


mem[X,0x8000FBE0] -> 0x0613
mem[X,0x8000FBE2] -> 0x0000
[1711] [M]: 0x8000FBE0 (0x00000613) addi a2, zero, 0
x12 <- 0x00000000


mem[X,0x8000FBE4] -> 0x006F
mem[X,0x8000FBE6] -> 0x00C0
[1712] [M]: 0x8000FBE4 (0x00C0006F) jal zero, 12


mem[X,0x8000FBF0] -> 0x5063
mem[X,0x8000FBF2] -> 0x10B5
[1713] [M]: 0x8000FBF0 (0x10B55063) bge a0, a1, 256


mem[X,0x8000FBF4] -> 0x0613
mem[X,0x8000FBF6] -> 0x0026
[1714] [M]: 0x8000FBF4 (0x00260613) addi a2, a2, 2
x12 <- 0x00000002


mem[X,0x8000FBF8] -> 0x006F
mem[X,0x8000FBFA] -> 0x1000
[1715] [M]: 0x8000FBF8 (0x1000006F) jal zero, 256


mem[X,0x8000FCF8] -> 0x2423
mem[X,0x8000FCFA] -> 0x28C2
[1716] [M]: 0x8000FCF8 (0x28C22423) sw a2, 648(tp)
mem[0x8003B3F0] <- 0x00000002


mem[X,0x8000FCFC] -> 0x0513
mem[X,0x8000FCFE] -> 0x0050
[1717] [M]: 0x8000FCFC (0x00500513) addi a0, zero, 5
x10 <- 0x00000005


mem[X,0x8000FD00] -> 0x65B7
mem[X,0x8000FD02] -> 0x6666
[1718] [M]: 0x8000FD00 (0x666665B7) lui a1, 419430
x11 <- 0x66666000


mem[X,0x8000FD04] -> 0x8593
mem[X,0x8000FD06] -> 0x6655
[1719] [M]: 0x8000FD04 (0x66558593) addi a1, a1, 1637
x11 <- 0x66666665


mem[X,0x8000FD08] -> 0x0613
mem[X,0x8000FD0A] -> 0x0000
[1720] [M]: 0x8000FD08 (0x00000613) addi a2, zero, 0
x12 <- 0x00000000


mem[X,0x8000FD0C] -> 0x006F
mem[X,0x8000FD0E] -> 0x0180
[1721] [M]: 0x8000FD0C (0x0180006F) jal zero, 24


mem[X,0x8000FD24] -> 0x56E3
mem[X,0x8000FD26] -> 0xFEB5
[1722] [M]: 0x8000FD24 (0xFEB556E3) bge a0, a1, 8172


mem[X,0x8000FD28] -> 0x0613
mem[X,0x8000FD2A] -> 0x0026
[1723] [M]: 0x8000FD28 (0x00260613) addi a2, a2, 2
x12 <- 0x00000002


mem[X,0x8000FD2C] -> 0x006F
mem[X,0x8000FD2E] -> 0x00C0
[1724] [M]: 0x8000FD2C (0x00C0006F) jal zero, 12


mem[X,0x8000FD38] -> 0x2623
mem[X,0x8000FD3A] -> 0x28C2
[1725] [M]: 0x8000FD38 (0x28C22623) sw a2, 652(tp)
mem[0x8003B3F4] <- 0x00000002


mem[X,0x8000FD3C] -> 0x0513
mem[X,0x8000FD3E] -> 0x0050
[1726] [M]: 0x8000FD3C (0x00500513) addi a0, zero, 5
x10 <- 0x00000005


mem[X,0x8000FD40] -> 0xB5B7
mem[X,0x8000FD42] -> 0x0000
[1727] [M]: 0x8000FD40 (0x0000B5B7) lui a1, 11
x11 <- 0x0000B000


mem[X,0x8000FD44] -> 0x8593
mem[X,0x8000FD46] -> 0x5035
[1728] [M]: 0x8000FD44 (0x50358593) addi a1, a1, 1283
x11 <- 0x0000B503


mem[X,0x8000FD48] -> 0x0613
mem[X,0x8000FD4A] -> 0x0000
[1729] [M]: 0x8000FD48 (0x00000613) addi a2, zero, 0
x12 <- 0x00000000


mem[X,0x8000FD4C] -> 0x006F
mem[X,0x8000FD4E] -> 0x00C0
[1730] [M]: 0x8000FD4C (0x00C0006F) jal zero, 12


mem[X,0x8000FD58] -> 0x5063
mem[X,0x8000FD5A] -> 0x02B5
[1731] [M]: 0x8000FD58 (0x02B55063) bge a0, a1, 32


mem[X,0x8000FD5C] -> 0x0613
mem[X,0x8000FD5E] -> 0x0026
[1732] [M]: 0x8000FD5C (0x00260613) addi a2, a2, 2
x12 <- 0x00000002


mem[X,0x8000FD60] -> 0x006F
mem[X,0x8000FD62] -> 0x0200
[1733] [M]: 0x8000FD60 (0x0200006F) jal zero, 32


mem[X,0x8000FD80] -> 0x2823
mem[X,0x8000FD82] -> 0x28C2
[1734] [M]: 0x8000FD80 (0x28C22823) sw a2, 656(tp)
mem[0x8003B3F8] <- 0x00000002


mem[X,0x8000FD84] -> 0x0513
mem[X,0x8000FD86] -> 0x0050
[1735] [M]: 0x8000FD84 (0x00500513) addi a0, zero, 5
x10 <- 0x00000005


mem[X,0x8000FD88] -> 0x55B7
mem[X,0x8000FD8A] -> 0x5555
[1736] [M]: 0x8000FD88 (0x555555B7) lui a1, 349525
x11 <- 0x55555000


mem[X,0x8000FD8C] -> 0x8593
mem[X,0x8000FD8E] -> 0x5565
[1737] [M]: 0x8000FD8C (0x55658593) addi a1, a1, 1366
x11 <- 0x55555556


mem[X,0x8000FD90] -> 0x0613
mem[X,0x8000FD92] -> 0x0000
[1738] [M]: 0x8000FD90 (0x00000613) addi a2, zero, 0
x12 <- 0x00000000


mem[X,0x8000FD94] -> 0x006F
mem[X,0x8000FD96] -> 0x00C0
[1739] [M]: 0x8000FD94 (0x00C0006F) jal zero, 12


mem[X,0x8000FDA0] -> 0x5063
mem[X,0x8000FDA2] -> 0x40B5
[1740] [M]: 0x8000FDA0 (0x40B55063) bge a0, a1, 1024


mem[X,0x8000FDA4] -> 0x0613
mem[X,0x8000FDA6] -> 0x0026
[1741] [M]: 0x8000FDA4 (0x00260613) addi a2, a2, 2
x12 <- 0x00000002


mem[X,0x8000FDA8] -> 0x006F
mem[X,0x8000FDAA] -> 0x4000
[1742] [M]: 0x8000FDA8 (0x4000006F) jal zero, 1024


mem[X,0x800101A8] -> 0x2A23
mem[X,0x800101AA] -> 0x28C2
[1743] [M]: 0x800101A8 (0x28C22A23) sw a2, 660(tp)
mem[0x8003B3FC] <- 0x00000002


mem[X,0x800101AC] -> 0x0513
mem[X,0x800101AE] -> 0x0050
[1744] [M]: 0x800101AC (0x00500513) addi a0, zero, 5
x10 <- 0x00000005


mem[X,0x800101B0] -> 0xB5B7
mem[X,0x800101B2] -> 0xAAAA
[1745] [M]: 0x800101B0 (0xAAAAB5B7) lui a1, 699051
x11 <- 0xAAAAB000


mem[X,0x800101B4] -> 0x8593
mem[X,0x800101B6] -> 0xAAB5
[1746] [M]: 0x800101B4 (0xAAB58593) addi a1, a1, 2731
x11 <- 0xAAAAAAAB


mem[X,0x800101B8] -> 0x0613
mem[X,0x800101BA] -> 0x0000
[1747] [M]: 0x800101B8 (0x00000613) addi a2, zero, 0
x12 <- 0x00000000


mem[X,0x800101BC] -> 0x006F
mem[X,0x800101BE] -> 0x0180
[1748] [M]: 0x800101BC (0x0180006F) jal zero, 24


mem[X,0x800101D4] -> 0x56E3
mem[X,0x800101D6] -> 0xFEB5
[1749] [M]: 0x800101D4 (0xFEB556E3) bge a0, a1, 8172


mem[X,0x800101C0] -> 0x0613
mem[X,0x800101C2] -> 0x0016
[1750] [M]: 0x800101C0 (0x00160613) addi a2, a2, 1
x12 <- 0x00000001


mem[X,0x800101C4] -> 0x006F
mem[X,0x800101C6] -> 0x0240
[1751] [M]: 0x800101C4 (0x0240006F) jal zero, 36


mem[X,0x800101E8] -> 0x2C23
mem[X,0x800101EA] -> 0x28C2
[1752] [M]: 0x800101E8 (0x28C22C23) sw a2, 664(tp)
mem[0x8003B400] <- 0x00000001


mem[X,0x800101EC] -> 0x0513
mem[X,0x800101EE] -> 0x0050
[1753] [M]: 0x800101EC (0x00500513) addi a0, zero, 5
x10 <- 0x00000005


mem[X,0x800101F0] -> 0x0593
mem[X,0x800101F2] -> 0x0060
[1754] [M]: 0x800101F0 (0x00600593) addi a1, zero, 6
x11 <- 0x00000006


mem[X,0x800101F4] -> 0x0613
mem[X,0x800101F6] -> 0x0000
[1755] [M]: 0x800101F4 (0x00000613) addi a2, zero, 0
x12 <- 0x00000000


mem[X,0x800101F8] -> 0x006F
mem[X,0x800101FA] -> 0x00C0
[1756] [M]: 0x800101F8 (0x00C0006F) jal zero, 12


mem[X,0x80010204] -> 0x5CE3
mem[X,0x80010206] -> 0xFEB5
[1757] [M]: 0x80010204 (0xFEB55CE3) bge a0, a1, 8184


mem[X,0x80010208] -> 0x0613
mem[X,0x8001020A] -> 0x0026
[1758] [M]: 0x80010208 (0x00260613) addi a2, a2, 2
x12 <- 0x00000002


mem[X,0x8001020C] -> 0x006F
mem[X,0x8001020E] -> 0x00C0
[1759] [M]: 0x8001020C (0x00C0006F) jal zero, 12


mem[X,0x80010218] -> 0x2E23
mem[X,0x8001021A] -> 0x28C2
[1760] [M]: 0x80010218 (0x28C22E23) sw a2, 668(tp)
mem[0x8003B404] <- 0x00000002


mem[X,0x8001021C] -> 0x0513
mem[X,0x8001021E] -> 0x0050
[1761] [M]: 0x8001021C (0x00500513) addi a0, zero, 5
x10 <- 0x00000005


mem[X,0x80010220] -> 0x35B7
mem[X,0x80010222] -> 0x3333
[1762] [M]: 0x80010220 (0x333335B7) lui a1, 209715
x11 <- 0x33333000


mem[X,0x80010224] -> 0x8593
mem[X,0x80010226] -> 0x3345
[1763] [M]: 0x80010224 (0x33458593) addi a1, a1, 820
x11 <- 0x33333334


mem[X,0x80010228] -> 0x0613
mem[X,0x8001022A] -> 0x0000
[1764] [M]: 0x80010228 (0x00000613) addi a2, zero, 0
x12 <- 0x00000000


mem[X,0x8001022C] -> 0x006F
mem[X,0x8001022E] -> 0x00C0
[1765] [M]: 0x8001022C (0x00C0006F) jal zero, 12


mem[X,0x80010238] -> 0x5663
mem[X,0x8001023A] -> 0x00B5
[1766] [M]: 0x80010238 (0x00B55663) bge a0, a1, 12


mem[X,0x8001023C] -> 0x0613
mem[X,0x8001023E] -> 0x0026
[1767] [M]: 0x8001023C (0x00260613) addi a2, a2, 2
x12 <- 0x00000002


mem[X,0x80010240] -> 0x006F
mem[X,0x80010242] -> 0x00C0
[1768] [M]: 0x80010240 (0x00C0006F) jal zero, 12


mem[X,0x8001024C] -> 0x2023
mem[X,0x8001024E] -> 0x2AC2
[1769] [M]: 0x8001024C (0x2AC22023) sw a2, 672(tp)
mem[0x8003B408] <- 0x00000002


mem[X,0x80010250] -> 0x0513
mem[X,0x80010252] -> 0x0050
[1770] [M]: 0x80010250 (0x00500513) addi a0, zero, 5
x10 <- 0x00000005


mem[X,0x80010254] -> 0x65B7
mem[X,0x80010256] -> 0x6666
[1771] [M]: 0x80010254 (0x666665B7) lui a1, 419430
x11 <- 0x66666000


mem[X,0x80010258] -> 0x8593
mem[X,0x8001025A] -> 0x6675
[1772] [M]: 0x80010258 (0x66758593) addi a1, a1, 1639
x11 <- 0x66666667


mem[X,0x8001025C] -> 0x0613
mem[X,0x8001025E] -> 0x0000
[1773] [M]: 0x8001025C (0x00000613) addi a2, zero, 0
x12 <- 0x00000000


mem[X,0x80010260] -> 0x006F
mem[X,0x80010262] -> 0x00C0
[1774] [M]: 0x80010260 (0x00C0006F) jal zero, 12


mem[X,0x8001026C] -> 0x5063
mem[X,0x8001026E] -> 0x08B5
[1775] [M]: 0x8001026C (0x08B55063) bge a0, a1, 128


mem[X,0x80010270] -> 0x0613
mem[X,0x80010272] -> 0x0026
[1776] [M]: 0x80010270 (0x00260613) addi a2, a2, 2
x12 <- 0x00000002


mem[X,0x80010274] -> 0x006F
mem[X,0x80010276] -> 0x0800
[1777] [M]: 0x80010274 (0x0800006F) jal zero, 128


mem[X,0x800102F4] -> 0x2223
mem[X,0x800102F6] -> 0x2AC2
[1778] [M]: 0x800102F4 (0x2AC22223) sw a2, 676(tp)
mem[0x8003B40C] <- 0x00000002


mem[X,0x800102F8] -> 0x0513
mem[X,0x800102FA] -> 0x0050
[1779] [M]: 0x800102F8 (0x00500513) addi a0, zero, 5
x10 <- 0x00000005


mem[X,0x800102FC] -> 0x55B7
mem[X,0x800102FE] -> 0xFFFF
[1780] [M]: 0x800102FC (0xFFFF55B7) lui a1, 1048565
x11 <- 0xFFFF5000


mem[X,0x80010300] -> 0x8593
mem[X,0x80010302] -> 0xAFD5
[1781] [M]: 0x80010300 (0xAFD58593) addi a1, a1, 2813
x11 <- 0xFFFF4AFD


mem[X,0x80010304] -> 0x0613
mem[X,0x80010306] -> 0x0000
[1782] [M]: 0x80010304 (0x00000613) addi a2, zero, 0
x12 <- 0x00000000


mem[X,0x80010308] -> 0x006F
mem[X,0x8001030A] -> 0x2B10
[1783] [M]: 0x80010308 (0x2B10006F) jal zero, 2736


mem[X,0x80010DB8] -> 0x5A63
mem[X,0x80010DBA] -> 0xD4B5
[1784] [M]: 0x80010DB8 (0xD4B55A63) bge a0, a1, 5460


mem[X,0x8001030C] -> 0x0613
mem[X,0x8001030E] -> 0x0016
[1785] [M]: 0x8001030C (0x00160613) addi a2, a2, 1
x12 <- 0x00000001


mem[X,0x80010310] -> 0x006F
mem[X,0x80010312] -> 0x2BD0
[1786] [M]: 0x80010310 (0x2BD0006F) jal zero, 2748


mem[X,0x80010DCC] -> 0x2423
mem[X,0x80010DCE] -> 0x2AC2
[1787] [M]: 0x80010DCC (0x2AC22423) sw a2, 680(tp)
mem[0x8003B410] <- 0x00000001


mem[X,0x80010DD0] -> 0x0513
mem[X,0x80010DD2] -> 0x0050
[1788] [M]: 0x80010DD0 (0x00500513) addi a0, zero, 5
x10 <- 0x00000005


mem[X,0x80010DD4] -> 0xB5B7
mem[X,0x80010DD6] -> 0x0000
[1789] [M]: 0x80010DD4 (0x0000B5B7) lui a1, 11
x11 <- 0x0000B000


mem[X,0x80010DD8] -> 0x8593
mem[X,0x80010DDA] -> 0x5055
[1790] [M]: 0x80010DD8 (0x50558593) addi a1, a1, 1285
x11 <- 0x0000B505


mem[X,0x80010DDC] -> 0x0613
mem[X,0x80010DDE] -> 0x0000
[1791] [M]: 0x80010DDC (0x00000613) addi a2, zero, 0
x12 <- 0x00000000


mem[X,0x80010DE0] -> 0x006F
mem[X,0x80010DE2] -> 0x00C0
[1792] [M]: 0x80010DE0 (0x00C0006F) jal zero, 12


mem[X,0x80010DEC] -> 0x5063
mem[X,0x80010DEE] -> 0x20B5
[1793] [M]: 0x80010DEC (0x20B55063) bge a0, a1, 512


mem[X,0x80010DF0] -> 0x0613
mem[X,0x80010DF2] -> 0x0026
[1794] [M]: 0x80010DF0 (0x00260613) addi a2, a2, 2
x12 <- 0x00000002


mem[X,0x80010DF4] -> 0x006F
mem[X,0x80010DF6] -> 0x2000
[1795] [M]: 0x80010DF4 (0x2000006F) jal zero, 512


mem[X,0x80010FF4] -> 0x2623
mem[X,0x80010FF6] -> 0x2AC2
[1796] [M]: 0x80010FF4 (0x2AC22623) sw a2, 684(tp)
mem[0x8003B414] <- 0x00000002


mem[X,0x80010FF8] -> 0x3537
mem[X,0x80010FFA] -> 0x3333
[1797] [M]: 0x80010FF8 (0x33333537) lui a0, 209715
x10 <- 0x33333000


mem[X,0x80010FFC] -> 0x0513
mem[X,0x80010FFE] -> 0x3335
[1798] [M]: 0x80010FFC (0x33350513) addi a0, a0, 819
x10 <- 0x33333333


mem[X,0x80011000] -> 0x0593
mem[X,0x80011002] -> 0x0030
[1799] [M]: 0x80011000 (0x00300593) addi a1, zero, 3
x11 <- 0x00000003


clint::tick mtime <- 0x0000000000000012
 clint timer pending at mtime 0x0000000000000012
htif::tick 0x0000000000000000
mem[X,0x80011004] -> 0x0613
mem[X,0x80011006] -> 0x0000
[1800] [M]: 0x80011004 (0x00000613) addi a2, zero, 0
x12 <- 0x00000000


mem[X,0x80011008] -> 0x006F
mem[X,0x8001100A] -> 0x0050
[1801] [M]: 0x80011008 (0x0050006F) jal zero, 2052


mem[X,0x8001180C] -> 0x50E3
mem[X,0x8001180E] -> 0x80B5
[1802] [M]: 0x8001180C (0x80B550E3) bge a0, a1, 6144


mem[X,0x8001100C] -> 0x0613
mem[X,0x8001100E] -> 0x0016
[1803] [M]: 0x8001100C (0x00160613) addi a2, a2, 1
x12 <- 0x00000001


mem[X,0x80011010] -> 0x006F
mem[X,0x80011012] -> 0x0110
[1804] [M]: 0x80011010 (0x0110006F) jal zero, 2064


mem[X,0x80011820] -> 0x2823
mem[X,0x80011822] -> 0x2AC2
[1805] [M]: 0x80011820 (0x2AC22823) sw a2, 688(tp)
mem[0x8003B418] <- 0x00000001


mem[X,0x80011824] -> 0x3537
mem[X,0x80011826] -> 0x3333
[1806] [M]: 0x80011824 (0x33333537) lui a0, 209715
x10 <- 0x33333000


mem[X,0x80011828] -> 0x0513
mem[X,0x8001182A] -> 0x3335
[1807] [M]: 0x80011828 (0x33350513) addi a0, a0, 819
x10 <- 0x33333333


mem[X,0x8001182C] -> 0x55B7
mem[X,0x8001182E] -> 0x5555
[1808] [M]: 0x8001182C (0x555555B7) lui a1, 349525
x11 <- 0x55555000


mem[X,0x80011830] -> 0x8593
mem[X,0x80011832] -> 0x5555
[1809] [M]: 0x80011830 (0x55558593) addi a1, a1, 1365
x11 <- 0x55555555


mem[X,0x80011834] -> 0x0613
mem[X,0x80011836] -> 0x0000
[1810] [M]: 0x80011834 (0x00000613) addi a2, zero, 0
x12 <- 0x00000000


mem[X,0x80011838] -> 0x006F
mem[X,0x8001183A] -> 0x00C0
[1811] [M]: 0x80011838 (0x00C0006F) jal zero, 12


mem[X,0x80011844] -> 0x5063
mem[X,0x80011846] -> 0x04B5
[1812] [M]: 0x80011844 (0x04B55063) bge a0, a1, 64


mem[X,0x80011848] -> 0x0613
mem[X,0x8001184A] -> 0x0026
[1813] [M]: 0x80011848 (0x00260613) addi a2, a2, 2
x12 <- 0x00000002


mem[X,0x8001184C] -> 0x006F
mem[X,0x8001184E] -> 0x0400
[1814] [M]: 0x8001184C (0x0400006F) jal zero, 64


mem[X,0x8001188C] -> 0x2A23
mem[X,0x8001188E] -> 0x2AC2
[1815] [M]: 0x8001188C (0x2AC22A23) sw a2, 692(tp)
mem[0x8003B41C] <- 0x00000002


mem[X,0x80011890] -> 0x3537
mem[X,0x80011892] -> 0x3333
[1816] [M]: 0x80011890 (0x33333537) lui a0, 209715
x10 <- 0x33333000


mem[X,0x80011894] -> 0x0513
mem[X,0x80011896] -> 0x3335
[1817] [M]: 0x80011894 (0x33350513) addi a0, a0, 819
x10 <- 0x33333333


mem[X,0x80011898] -> 0xB5B7
mem[X,0x8001189A] -> 0xAAAA
[1818] [M]: 0x80011898 (0xAAAAB5B7) lui a1, 699051
x11 <- 0xAAAAB000


mem[X,0x8001189C] -> 0x8593
mem[X,0x8001189E] -> 0xAAA5
[1819] [M]: 0x8001189C (0xAAA58593) addi a1, a1, 2730
x11 <- 0xAAAAAAAA


mem[X,0x800118A0] -> 0x0613
mem[X,0x800118A2] -> 0x0000
[1820] [M]: 0x800118A0 (0x00000613) addi a2, zero, 0
x12 <- 0x00000000


mem[X,0x800118A4] -> 0x006F
mem[X,0x800118A6] -> 0x0100
[1821] [M]: 0x800118A4 (0x0100006F) jal zero, 16


mem[X,0x800118B4] -> 0x5AE3
mem[X,0x800118B6] -> 0xFEB5
[1822] [M]: 0x800118B4 (0xFEB55AE3) bge a0, a1, 8180


mem[X,0x800118A8] -> 0x0613
mem[X,0x800118AA] -> 0x0016
[1823] [M]: 0x800118A8 (0x00160613) addi a2, a2, 1
x12 <- 0x00000001


mem[X,0x800118AC] -> 0x006F
mem[X,0x800118AE] -> 0x01C0
[1824] [M]: 0x800118AC (0x01C0006F) jal zero, 28


mem[X,0x800118C8] -> 0x2C23
mem[X,0x800118CA] -> 0x2AC2
[1825] [M]: 0x800118C8 (0x2AC22C23) sw a2, 696(tp)
mem[0x8003B420] <- 0x00000001


mem[X,0x800118CC] -> 0x3537
mem[X,0x800118CE] -> 0x3333
[1826] [M]: 0x800118CC (0x33333537) lui a0, 209715
x10 <- 0x33333000


mem[X,0x800118D0] -> 0x0513
mem[X,0x800118D2] -> 0x3335
[1827] [M]: 0x800118D0 (0x33350513) addi a0, a0, 819
x10 <- 0x33333333


mem[X,0x800118D4] -> 0x0593
mem[X,0x800118D6] -> 0x0050
[1828] [M]: 0x800118D4 (0x00500593) addi a1, zero, 5
x11 <- 0x00000005


mem[X,0x800118D8] -> 0x0613
mem[X,0x800118DA] -> 0x0000
[1829] [M]: 0x800118D8 (0x00000613) addi a2, zero, 0
x12 <- 0x00000000


mem[X,0x800118DC] -> 0x006F
mem[X,0x800118DE] -> 0x0050
[1830] [M]: 0x800118DC (0x0050006F) jal zero, 2052


mem[X,0x800120E0] -> 0x50E3
mem[X,0x800120E2] -> 0x80B5
[1831] [M]: 0x800120E0 (0x80B550E3) bge a0, a1, 6144


mem[X,0x800118E0] -> 0x0613
mem[X,0x800118E2] -> 0x0016
[1832] [M]: 0x800118E0 (0x00160613) addi a2, a2, 1
x12 <- 0x00000001


mem[X,0x800118E4] -> 0x006F
mem[X,0x800118E6] -> 0x0110
[1833] [M]: 0x800118E4 (0x0110006F) jal zero, 2064


mem[X,0x800120F4] -> 0x2E23
mem[X,0x800120F6] -> 0x2AC2
[1834] [M]: 0x800120F4 (0x2AC22E23) sw a2, 700(tp)
mem[0x8003B424] <- 0x00000001


mem[X,0x800120F8] -> 0x3537
mem[X,0x800120FA] -> 0x3333
[1835] [M]: 0x800120F8 (0x33333537) lui a0, 209715
x10 <- 0x33333000


mem[X,0x800120FC] -> 0x0513
mem[X,0x800120FE] -> 0x3335
[1836] [M]: 0x800120FC (0x33350513) addi a0, a0, 819
x10 <- 0x33333333


mem[X,0x80012100] -> 0x35B7
mem[X,0x80012102] -> 0x3333
[1837] [M]: 0x80012100 (0x333335B7) lui a1, 209715
x11 <- 0x33333000


mem[X,0x80012104] -> 0x8593
mem[X,0x80012106] -> 0x3335
[1838] [M]: 0x80012104 (0x33358593) addi a1, a1, 819
x11 <- 0x33333333


mem[X,0x80012108] -> 0x0613
mem[X,0x8001210A] -> 0x0000
[1839] [M]: 0x80012108 (0x00000613) addi a2, zero, 0
x12 <- 0x00000000


mem[X,0x8001210C] -> 0x006F
mem[X,0x8001210E] -> 0x2B10
[1840] [M]: 0x8001210C (0x2B10006F) jal zero, 2736


mem[X,0x80012BBC] -> 0x5A63
mem[X,0x80012BBE] -> 0xD4B5
[1841] [M]: 0x80012BBC (0xD4B55A63) bge a0, a1, 5460


mem[X,0x80012110] -> 0x0613
mem[X,0x80012112] -> 0x0016
[1842] [M]: 0x80012110 (0x00160613) addi a2, a2, 1
x12 <- 0x00000001


mem[X,0x80012114] -> 0x006F
mem[X,0x80012116] -> 0x2BD0
[1843] [M]: 0x80012114 (0x2BD0006F) jal zero, 2748


mem[X,0x80012BD0] -> 0x2023
mem[X,0x80012BD2] -> 0x2CC2
[1844] [M]: 0x80012BD0 (0x2CC22023) sw a2, 704(tp)
mem[0x8003B428] <- 0x00000001


mem[X,0x80012BD4] -> 0x3537
mem[X,0x80012BD6] -> 0x3333
[1845] [M]: 0x80012BD4 (0x33333537) lui a0, 209715
x10 <- 0x33333000


mem[X,0x80012BD8] -> 0x0513
mem[X,0x80012BDA] -> 0x3335
[1846] [M]: 0x80012BD8 (0x33350513) addi a0, a0, 819
x10 <- 0x33333333


mem[X,0x80012BDC] -> 0x65B7
mem[X,0x80012BDE] -> 0x6666
[1847] [M]: 0x80012BDC (0x666665B7) lui a1, 419430
x11 <- 0x66666000


mem[X,0x80012BE0] -> 0x8593
mem[X,0x80012BE2] -> 0x6665
[1848] [M]: 0x80012BE0 (0x66658593) addi a1, a1, 1638
x11 <- 0x66666666


mem[X,0x80012BE4] -> 0x0613
mem[X,0x80012BE6] -> 0x0000
[1849] [M]: 0x80012BE4 (0x00000613) addi a2, zero, 0
x12 <- 0x00000000


mem[X,0x80012BE8] -> 0x006F
mem[X,0x80012BEA] -> 0x00C0
[1850] [M]: 0x80012BE8 (0x00C0006F) jal zero, 12


mem[X,0x80012BF4] -> 0x5CE3
mem[X,0x80012BF6] -> 0xFEB5
[1851] [M]: 0x80012BF4 (0xFEB55CE3) bge a0, a1, 8184


mem[X,0x80012BF8] -> 0x0613
mem[X,0x80012BFA] -> 0x0026
[1852] [M]: 0x80012BF8 (0x00260613) addi a2, a2, 2
x12 <- 0x00000002


mem[X,0x80012BFC] -> 0x006F
mem[X,0x80012BFE] -> 0x00C0
[1853] [M]: 0x80012BFC (0x00C0006F) jal zero, 12


mem[X,0x80012C08] -> 0x2223
mem[X,0x80012C0A] -> 0x2CC2
[1854] [M]: 0x80012C08 (0x2CC22223) sw a2, 708(tp)
mem[0x8003B42C] <- 0x00000002


mem[X,0x80012C0C] -> 0x3537
mem[X,0x80012C0E] -> 0x3333
[1855] [M]: 0x80012C0C (0x33333537) lui a0, 209715
x10 <- 0x33333000


mem[X,0x80012C10] -> 0x0513
mem[X,0x80012C12] -> 0x3335
[1856] [M]: 0x80012C10 (0x33350513) addi a0, a0, 819
x10 <- 0x33333333


mem[X,0x80012C14] -> 0x55B7
mem[X,0x80012C16] -> 0xFFFF
[1857] [M]: 0x80012C14 (0xFFFF55B7) lui a1, 1048565
x11 <- 0xFFFF5000


mem[X,0x80012C18] -> 0x8593
mem[X,0x80012C1A] -> 0xAFC5
[1858] [M]: 0x80012C18 (0xAFC58593) addi a1, a1, 2812
x11 <- 0xFFFF4AFC


mem[X,0x80012C1C] -> 0x0613
mem[X,0x80012C1E] -> 0x0000
[1859] [M]: 0x80012C1C (0x00000613) addi a2, zero, 0
x12 <- 0x00000000


mem[X,0x80012C20] -> 0x006F
mem[X,0x80012C22] -> 0x00C0
[1860] [M]: 0x80012C20 (0x00C0006F) jal zero, 12


mem[X,0x80012C2C] -> 0x5663
mem[X,0x80012C2E] -> 0x00B5
[1861] [M]: 0x80012C2C (0x00B55663) bge a0, a1, 12


mem[X,0x80012C38] -> 0x0613
mem[X,0x80012C3A] -> 0x0036
[1862] [M]: 0x80012C38 (0x00360613) addi a2, a2, 3
x12 <- 0x00000003


mem[X,0x80012C3C] -> 0x006F
mem[X,0x80012C3E] -> 0x0040
[1863] [M]: 0x80012C3C (0x0040006F) jal zero, 4


mem[X,0x80012C40] -> 0x2423
mem[X,0x80012C42] -> 0x2CC2
[1864] [M]: 0x80012C40 (0x2CC22423) sw a2, 712(tp)
mem[0x8003B430] <- 0x00000003


mem[X,0x80012C44] -> 0x3537
mem[X,0x80012C46] -> 0x3333
[1865] [M]: 0x80012C44 (0x33333537) lui a0, 209715
x10 <- 0x33333000


mem[X,0x80012C48] -> 0x0513
mem[X,0x80012C4A] -> 0x3335
[1866] [M]: 0x80012C48 (0x33350513) addi a0, a0, 819
x10 <- 0x33333333


mem[X,0x80012C4C] -> 0xB5B7
mem[X,0x80012C4E] -> 0x0000
[1867] [M]: 0x80012C4C (0x0000B5B7) lui a1, 11
x11 <- 0x0000B000


mem[X,0x80012C50] -> 0x8593
mem[X,0x80012C52] -> 0x5045
[1868] [M]: 0x80012C50 (0x50458593) addi a1, a1, 1284
x11 <- 0x0000B504


mem[X,0x80012C54] -> 0x0613
mem[X,0x80012C56] -> 0x0000
[1869] [M]: 0x80012C54 (0x00000613) addi a2, zero, 0
x12 <- 0x00000000


mem[X,0x80012C58] -> 0x006F
mem[X,0x80012C5A] -> 0x0050
[1870] [M]: 0x80012C58 (0x0050006F) jal zero, 2052


mem[X,0x8001345C] -> 0x50E3
mem[X,0x8001345E] -> 0x80B5
[1871] [M]: 0x8001345C (0x80B550E3) bge a0, a1, 6144


mem[X,0x80012C5C] -> 0x0613
mem[X,0x80012C5E] -> 0x0016
[1872] [M]: 0x80012C5C (0x00160613) addi a2, a2, 1
x12 <- 0x00000001


mem[X,0x80012C60] -> 0x006F
mem[X,0x80012C62] -> 0x0110
[1873] [M]: 0x80012C60 (0x0110006F) jal zero, 2064


mem[X,0x80013470] -> 0x2623
mem[X,0x80013472] -> 0x2CC2
[1874] [M]: 0x80013470 (0x2CC22623) sw a2, 716(tp)
mem[0x8003B434] <- 0x00000001


mem[X,0x80013474] -> 0x3537
mem[X,0x80013476] -> 0x3333
[1875] [M]: 0x80013474 (0x33333537) lui a0, 209715
x10 <- 0x33333000


mem[X,0x80013478] -> 0x0513
mem[X,0x8001347A] -> 0x3335
[1876] [M]: 0x80013478 (0x33350513) addi a0, a0, 819
x10 <- 0x33333333


mem[X,0x8001347C] -> 0x0593
mem[X,0x8001347E] -> 0x0020
[1877] [M]: 0x8001347C (0x00200593) addi a1, zero, 2
x11 <- 0x00000002


mem[X,0x80013480] -> 0x0613
mem[X,0x80013482] -> 0x0000
[1878] [M]: 0x80013480 (0x00000613) addi a2, zero, 0
x12 <- 0x00000000


mem[X,0x80013484] -> 0x006F
mem[X,0x80013486] -> 0x00C0
[1879] [M]: 0x80013484 (0x00C0006F) jal zero, 12


mem[X,0x80013490] -> 0x5CE3
mem[X,0x80013492] -> 0xFEB5
[1880] [M]: 0x80013490 (0xFEB55CE3) bge a0, a1, 8184


mem[X,0x80013488] -> 0x0613
mem[X,0x8001348A] -> 0x0016
[1881] [M]: 0x80013488 (0x00160613) addi a2, a2, 1
x12 <- 0x00000001


mem[X,0x8001348C] -> 0x006F
mem[X,0x8001348E] -> 0x0180
[1882] [M]: 0x8001348C (0x0180006F) jal zero, 24


mem[X,0x800134A4] -> 0x2823
mem[X,0x800134A6] -> 0x2CC2
[1883] [M]: 0x800134A4 (0x2CC22823) sw a2, 720(tp)
mem[0x8003B438] <- 0x00000001


mem[X,0x800134A8] -> 0x3537
mem[X,0x800134AA] -> 0x3333
[1884] [M]: 0x800134A8 (0x33333537) lui a0, 209715
x10 <- 0x33333000


mem[X,0x800134AC] -> 0x0513
mem[X,0x800134AE] -> 0x3335
[1885] [M]: 0x800134AC (0x33350513) addi a0, a0, 819
x10 <- 0x33333333


mem[X,0x800134B0] -> 0x55B7
mem[X,0x800134B2] -> 0x5555
[1886] [M]: 0x800134B0 (0x555555B7) lui a1, 349525
x11 <- 0x55555000


mem[X,0x800134B4] -> 0x8593
mem[X,0x800134B6] -> 0x5545
[1887] [M]: 0x800134B4 (0x55458593) addi a1, a1, 1364
x11 <- 0x55555554


mem[X,0x800134B8] -> 0x0613
mem[X,0x800134BA] -> 0x0000
[1888] [M]: 0x800134B8 (0x00000613) addi a2, zero, 0
x12 <- 0x00000000


mem[X,0x800134BC] -> 0x006F
mem[X,0x800134BE] -> 0x00C0
[1889] [M]: 0x800134BC (0x00C0006F) jal zero, 12


mem[X,0x800134C8] -> 0x5663
mem[X,0x800134CA] -> 0x00B5
[1890] [M]: 0x800134C8 (0x00B55663) bge a0, a1, 12


mem[X,0x800134CC] -> 0x0613
mem[X,0x800134CE] -> 0x0026
[1891] [M]: 0x800134CC (0x00260613) addi a2, a2, 2
x12 <- 0x00000002


mem[X,0x800134D0] -> 0x006F
mem[X,0x800134D2] -> 0x00C0
[1892] [M]: 0x800134D0 (0x00C0006F) jal zero, 12


mem[X,0x800134DC] -> 0x2A23
mem[X,0x800134DE] -> 0x2CC2
[1893] [M]: 0x800134DC (0x2CC22A23) sw a2, 724(tp)
mem[0x8003B43C] <- 0x00000002


mem[X,0x800134E0] -> 0x3537
mem[X,0x800134E2] -> 0x3333
[1894] [M]: 0x800134E0 (0x33333537) lui a0, 209715
x10 <- 0x33333000


mem[X,0x800134E4] -> 0x0513
mem[X,0x800134E6] -> 0x3335
[1895] [M]: 0x800134E4 (0x33350513) addi a0, a0, 819
x10 <- 0x33333333


mem[X,0x800134E8] -> 0x0593
mem[X,0x800134EA] -> 0x0000
[1896] [M]: 0x800134E8 (0x00000593) addi a1, zero, 0
x11 <- 0x00000000


mem[X,0x800134EC] -> 0x0613
mem[X,0x800134EE] -> 0x0000
[1897] [M]: 0x800134EC (0x00000613) addi a2, zero, 0
x12 <- 0x00000000


mem[X,0x800134F0] -> 0x006F
mem[X,0x800134F2] -> 0x00C0
[1898] [M]: 0x800134F0 (0x00C0006F) jal zero, 12


mem[X,0x800134FC] -> 0x5863
mem[X,0x800134FE] -> 0x00B5
[1899] [M]: 0x800134FC (0x00B55863) bge a0, a1, 16


clint::tick mtime <- 0x0000000000000013
 clint timer pending at mtime 0x0000000000000013
htif::tick 0x0000000000000000
mem[X,0x8001350C] -> 0x0613
mem[X,0x8001350E] -> 0x0036
[1900] [M]: 0x8001350C (0x00360613) addi a2, a2, 3
x12 <- 0x00000003


mem[X,0x80013510] -> 0x006F
mem[X,0x80013512] -> 0x0040
[1901] [M]: 0x80013510 (0x0040006F) jal zero, 4


mem[X,0x80013514] -> 0x2C23
mem[X,0x80013516] -> 0x2CC2
[1902] [M]: 0x80013514 (0x2CC22C23) sw a2, 728(tp)
mem[0x8003B440] <- 0x00000003


mem[X,0x80013518] -> 0x3537
mem[X,0x8001351A] -> 0x3333
[1903] [M]: 0x80013518 (0x33333537) lui a0, 209715
x10 <- 0x33333000


mem[X,0x8001351C] -> 0x0513
mem[X,0x8001351E] -> 0x3335
[1904] [M]: 0x8001351C (0x33350513) addi a0, a0, 819
x10 <- 0x33333333


mem[X,0x80013520] -> 0x0593
mem[X,0x80013522] -> 0x0040
[1905] [M]: 0x80013520 (0x00400593) addi a1, zero, 4
x11 <- 0x00000004


mem[X,0x80013524] -> 0x0613
mem[X,0x80013526] -> 0x0000
[1906] [M]: 0x80013524 (0x00000613) addi a2, zero, 0
x12 <- 0x00000000


mem[X,0x80013528] -> 0x006F
mem[X,0x8001352A] -> 0x00C0
[1907] [M]: 0x80013528 (0x00C0006F) jal zero, 12


mem[X,0x80013534] -> 0x5063
mem[X,0x80013536] -> 0x08B5
[1908] [M]: 0x80013534 (0x08B55063) bge a0, a1, 128


mem[X,0x800135B4] -> 0x0613
mem[X,0x800135B6] -> 0x0036
[1909] [M]: 0x800135B4 (0x00360613) addi a2, a2, 3
x12 <- 0x00000003


mem[X,0x800135B8] -> 0x006F
mem[X,0x800135BA] -> 0x0040
[1910] [M]: 0x800135B8 (0x0040006F) jal zero, 4


mem[X,0x800135BC] -> 0x2E23
mem[X,0x800135BE] -> 0x2CC2
[1911] [M]: 0x800135BC (0x2CC22E23) sw a2, 732(tp)
mem[0x8003B444] <- 0x00000003


mem[X,0x800135C0] -> 0x3537
mem[X,0x800135C2] -> 0x3333
[1912] [M]: 0x800135C0 (0x33333537) lui a0, 209715
x10 <- 0x33333000


mem[X,0x800135C4] -> 0x0513
mem[X,0x800135C6] -> 0x3335
[1913] [M]: 0x800135C4 (0x33350513) addi a0, a0, 819
x10 <- 0x33333333


mem[X,0x800135C8] -> 0x35B7
mem[X,0x800135CA] -> 0x3333
[1914] [M]: 0x800135C8 (0x333335B7) lui a1, 209715
x11 <- 0x33333000


mem[X,0x800135CC] -> 0x8593
mem[X,0x800135CE] -> 0x3325
[1915] [M]: 0x800135CC (0x33258593) addi a1, a1, 818
x11 <- 0x33333332


mem[X,0x800135D0] -> 0x0613
mem[X,0x800135D2] -> 0x0000
[1916] [M]: 0x800135D0 (0x00000613) addi a2, zero, 0
x12 <- 0x00000000


mem[X,0x800135D4] -> 0x006F
mem[X,0x800135D6] -> 0x0100
[1917] [M]: 0x800135D4 (0x0100006F) jal zero, 16


mem[X,0x800135E4] -> 0x5AE3
mem[X,0x800135E6] -> 0xFEB5
[1918] [M]: 0x800135E4 (0xFEB55AE3) bge a0, a1, 8180


mem[X,0x800135D8] -> 0x0613
mem[X,0x800135DA] -> 0x0016
[1919] [M]: 0x800135D8 (0x00160613) addi a2, a2, 1
x12 <- 0x00000001


mem[X,0x800135DC] -> 0x006F
mem[X,0x800135DE] -> 0x01C0
[1920] [M]: 0x800135DC (0x01C0006F) jal zero, 28


mem[X,0x800135F8] -> 0x2023
mem[X,0x800135FA] -> 0x2EC2
[1921] [M]: 0x800135F8 (0x2EC22023) sw a2, 736(tp)
mem[0x8003B448] <- 0x00000001


mem[X,0x800135FC] -> 0x3537
mem[X,0x800135FE] -> 0x3333
[1922] [M]: 0x800135FC (0x33333537) lui a0, 209715
x10 <- 0x33333000


mem[X,0x80013600] -> 0x0513
mem[X,0x80013602] -> 0x3335
[1923] [M]: 0x80013600 (0x33350513) addi a0, a0, 819
x10 <- 0x33333333


mem[X,0x80013604] -> 0x65B7
mem[X,0x80013606] -> 0x6666
[1924] [M]: 0x80013604 (0x666665B7) lui a1, 419430
x11 <- 0x66666000


mem[X,0x80013608] -> 0x8593
mem[X,0x8001360A] -> 0x6655
[1925] [M]: 0x80013608 (0x66558593) addi a1, a1, 1637
x11 <- 0x66666665


mem[X,0x8001360C] -> 0x0613
mem[X,0x8001360E] -> 0x0000
[1926] [M]: 0x8001360C (0x00000613) addi a2, zero, 0
x12 <- 0x00000000


mem[X,0x80013610] -> 0x006F
mem[X,0x80013612] -> 0x00C0
[1927] [M]: 0x80013610 (0x00C0006F) jal zero, 12


mem[X,0x8001361C] -> 0x5063
mem[X,0x8001361E] -> 0x40B5
[1928] [M]: 0x8001361C (0x40B55063) bge a0, a1, 1024


mem[X,0x80013620] -> 0x0613
mem[X,0x80013622] -> 0x0026
[1929] [M]: 0x80013620 (0x00260613) addi a2, a2, 2
x12 <- 0x00000002


mem[X,0x80013624] -> 0x006F
mem[X,0x80013626] -> 0x4000
[1930] [M]: 0x80013624 (0x4000006F) jal zero, 1024


mem[X,0x80013A24] -> 0x2223
mem[X,0x80013A26] -> 0x2EC2
[1931] [M]: 0x80013A24 (0x2EC22223) sw a2, 740(tp)
mem[0x8003B44C] <- 0x00000002


mem[X,0x80013A28] -> 0x3537
mem[X,0x80013A2A] -> 0x3333
[1932] [M]: 0x80013A28 (0x33333537) lui a0, 209715
x10 <- 0x33333000


mem[X,0x80013A2C] -> 0x0513
mem[X,0x80013A2E] -> 0x3335
[1933] [M]: 0x80013A2C (0x33350513) addi a0, a0, 819
x10 <- 0x33333333


mem[X,0x80013A30] -> 0xB5B7
mem[X,0x80013A32] -> 0x0000
[1934] [M]: 0x80013A30 (0x0000B5B7) lui a1, 11
x11 <- 0x0000B000


mem[X,0x80013A34] -> 0x8593
mem[X,0x80013A36] -> 0x5035
[1935] [M]: 0x80013A34 (0x50358593) addi a1, a1, 1283
x11 <- 0x0000B503


mem[X,0x80013A38] -> 0x0613
mem[X,0x80013A3A] -> 0x0000
[1936] [M]: 0x80013A38 (0x00000613) addi a2, zero, 0
x12 <- 0x00000000


mem[X,0x80013A3C] -> 0x006F
mem[X,0x80013A3E] -> 0x00C0
[1937] [M]: 0x80013A3C (0x00C0006F) jal zero, 12


mem[X,0x80013A48] -> 0x5063
mem[X,0x80013A4A] -> 0x04B5
[1938] [M]: 0x80013A48 (0x04B55063) bge a0, a1, 64


mem[X,0x80013A88] -> 0x0613
mem[X,0x80013A8A] -> 0x0036
[1939] [M]: 0x80013A88 (0x00360613) addi a2, a2, 3
x12 <- 0x00000003


mem[X,0x80013A8C] -> 0x006F
mem[X,0x80013A8E] -> 0x0040
[1940] [M]: 0x80013A8C (0x0040006F) jal zero, 4


mem[X,0x80013A90] -> 0x2423
mem[X,0x80013A92] -> 0x2EC2
[1941] [M]: 0x80013A90 (0x2EC22423) sw a2, 744(tp)
mem[0x8003B450] <- 0x00000003


mem[X,0x80013A94] -> 0x3537
mem[X,0x80013A96] -> 0x3333
[1942] [M]: 0x80013A94 (0x33333537) lui a0, 209715
x10 <- 0x33333000


mem[X,0x80013A98] -> 0x0513
mem[X,0x80013A9A] -> 0x3335
[1943] [M]: 0x80013A98 (0x33350513) addi a0, a0, 819
x10 <- 0x33333333


mem[X,0x80013A9C] -> 0x55B7
mem[X,0x80013A9E] -> 0x5555
[1944] [M]: 0x80013A9C (0x555555B7) lui a1, 349525
x11 <- 0x55555000


mem[X,0x80013AA0] -> 0x8593
mem[X,0x80013AA2] -> 0x5565
[1945] [M]: 0x80013AA0 (0x55658593) addi a1, a1, 1366
x11 <- 0x55555556


mem[X,0x80013AA4] -> 0x0613
mem[X,0x80013AA6] -> 0x0000
[1946] [M]: 0x80013AA4 (0x00000613) addi a2, zero, 0
x12 <- 0x00000000


mem[X,0x80013AA8] -> 0x006F
mem[X,0x80013AAA] -> 0x00C0
[1947] [M]: 0x80013AA8 (0x00C0006F) jal zero, 12


mem[X,0x80013AB4] -> 0x5063
mem[X,0x80013AB6] -> 0x20B5
[1948] [M]: 0x80013AB4 (0x20B55063) bge a0, a1, 512


mem[X,0x80013AB8] -> 0x0613
mem[X,0x80013ABA] -> 0x0026
[1949] [M]: 0x80013AB8 (0x00260613) addi a2, a2, 2
x12 <- 0x00000002


mem[X,0x80013ABC] -> 0x006F
mem[X,0x80013ABE] -> 0x2000
[1950] [M]: 0x80013ABC (0x2000006F) jal zero, 512


mem[X,0x80013CBC] -> 0x2623
mem[X,0x80013CBE] -> 0x2EC2
[1951] [M]: 0x80013CBC (0x2EC22623) sw a2, 748(tp)
mem[0x8003B454] <- 0x00000002


mem[X,0x80013CC0] -> 0x3537
mem[X,0x80013CC2] -> 0x3333
[1952] [M]: 0x80013CC0 (0x33333537) lui a0, 209715
x10 <- 0x33333000


mem[X,0x80013CC4] -> 0x0513
mem[X,0x80013CC6] -> 0x3335
[1953] [M]: 0x80013CC4 (0x33350513) addi a0, a0, 819
x10 <- 0x33333333


mem[X,0x80013CC8] -> 0xB5B7
mem[X,0x80013CCA] -> 0xAAAA
[1954] [M]: 0x80013CC8 (0xAAAAB5B7) lui a1, 699051
x11 <- 0xAAAAB000


mem[X,0x80013CCC] -> 0x8593
mem[X,0x80013CCE] -> 0xAAB5
[1955] [M]: 0x80013CCC (0xAAB58593) addi a1, a1, 2731
x11 <- 0xAAAAAAAB


mem[X,0x80013CD0] -> 0x0613
mem[X,0x80013CD2] -> 0x0000
[1956] [M]: 0x80013CD0 (0x00000613) addi a2, zero, 0
x12 <- 0x00000000


mem[X,0x80013CD4] -> 0x006F
mem[X,0x80013CD6] -> 0x00C0
[1957] [M]: 0x80013CD4 (0x00C0006F) jal zero, 12


mem[X,0x80013CE0] -> 0x5863
mem[X,0x80013CE2] -> 0x00B5
[1958] [M]: 0x80013CE0 (0x00B55863) bge a0, a1, 16


mem[X,0x80013CF0] -> 0x0613
mem[X,0x80013CF2] -> 0x0036
[1959] [M]: 0x80013CF0 (0x00360613) addi a2, a2, 3
x12 <- 0x00000003


mem[X,0x80013CF4] -> 0x006F
mem[X,0x80013CF6] -> 0x0040
[1960] [M]: 0x80013CF4 (0x0040006F) jal zero, 4


mem[X,0x80013CF8] -> 0x2823
mem[X,0x80013CFA] -> 0x2EC2
[1961] [M]: 0x80013CF8 (0x2EC22823) sw a2, 752(tp)
mem[0x8003B458] <- 0x00000003


mem[X,0x80013CFC] -> 0x3537
mem[X,0x80013CFE] -> 0x3333
[1962] [M]: 0x80013CFC (0x33333537) lui a0, 209715
x10 <- 0x33333000


mem[X,0x80013D00] -> 0x0513
mem[X,0x80013D02] -> 0x3335
[1963] [M]: 0x80013D00 (0x33350513) addi a0, a0, 819
x10 <- 0x33333333


mem[X,0x80013D04] -> 0x0593
mem[X,0x80013D06] -> 0x0060
[1964] [M]: 0x80013D04 (0x00600593) addi a1, zero, 6
x11 <- 0x00000006


mem[X,0x80013D08] -> 0x0613
mem[X,0x80013D0A] -> 0x0000
[1965] [M]: 0x80013D08 (0x00000613) addi a2, zero, 0
x12 <- 0x00000000


mem[X,0x80013D0C] -> 0x006F
mem[X,0x80013D0E] -> 0x00C0
[1966] [M]: 0x80013D0C (0x00C0006F) jal zero, 12


mem[X,0x80013D18] -> 0x5063
mem[X,0x80013D1A] -> 0x04B5
[1967] [M]: 0x80013D18 (0x04B55063) bge a0, a1, 64


mem[X,0x80013D58] -> 0x0613
mem[X,0x80013D5A] -> 0x0036
[1968] [M]: 0x80013D58 (0x00360613) addi a2, a2, 3
x12 <- 0x00000003


mem[X,0x80013D5C] -> 0x006F
mem[X,0x80013D5E] -> 0x0040
[1969] [M]: 0x80013D5C (0x0040006F) jal zero, 4


mem[X,0x80013D60] -> 0x2A23
mem[X,0x80013D62] -> 0x2EC2
[1970] [M]: 0x80013D60 (0x2EC22A23) sw a2, 756(tp)
mem[0x8003B45C] <- 0x00000003


mem[X,0x80013D64] -> 0x3537
mem[X,0x80013D66] -> 0x3333
[1971] [M]: 0x80013D64 (0x33333537) lui a0, 209715
x10 <- 0x33333000


mem[X,0x80013D68] -> 0x0513
mem[X,0x80013D6A] -> 0x3335
[1972] [M]: 0x80013D68 (0x33350513) addi a0, a0, 819
x10 <- 0x33333333


mem[X,0x80013D6C] -> 0x35B7
mem[X,0x80013D6E] -> 0x3333
[1973] [M]: 0x80013D6C (0x333335B7) lui a1, 209715
x11 <- 0x33333000


mem[X,0x80013D70] -> 0x8593
mem[X,0x80013D72] -> 0x3345
[1974] [M]: 0x80013D70 (0x33458593) addi a1, a1, 820
x11 <- 0x33333334


mem[X,0x80013D74] -> 0x0613
mem[X,0x80013D76] -> 0x0000
[1975] [M]: 0x80013D74 (0x00000613) addi a2, zero, 0
x12 <- 0x00000000


mem[X,0x80013D78] -> 0x006F
mem[X,0x80013D7A] -> 0x00C0
[1976] [M]: 0x80013D78 (0x00C0006F) jal zero, 12


mem[X,0x80013D84] -> 0x5063
mem[X,0x80013D86] -> 0x04B5
[1977] [M]: 0x80013D84 (0x04B55063) bge a0, a1, 64


mem[X,0x80013D88] -> 0x0613
mem[X,0x80013D8A] -> 0x0026
[1978] [M]: 0x80013D88 (0x00260613) addi a2, a2, 2
x12 <- 0x00000002


mem[X,0x80013D8C] -> 0x006F
mem[X,0x80013D8E] -> 0x0400
[1979] [M]: 0x80013D8C (0x0400006F) jal zero, 64


mem[X,0x80013DCC] -> 0x2C23
mem[X,0x80013DCE] -> 0x2EC2
[1980] [M]: 0x80013DCC (0x2EC22C23) sw a2, 760(tp)
mem[0x8003B460] <- 0x00000002


mem[X,0x80013DD0] -> 0x3537
mem[X,0x80013DD2] -> 0x3333
[1981] [M]: 0x80013DD0 (0x33333537) lui a0, 209715
x10 <- 0x33333000


mem[X,0x80013DD4] -> 0x0513
mem[X,0x80013DD6] -> 0x3335
[1982] [M]: 0x80013DD4 (0x33350513) addi a0, a0, 819
x10 <- 0x33333333


mem[X,0x80013DD8] -> 0x65B7
mem[X,0x80013DDA] -> 0x6666
[1983] [M]: 0x80013DD8 (0x666665B7) lui a1, 419430
x11 <- 0x66666000


mem[X,0x80013DDC] -> 0x8593
mem[X,0x80013DDE] -> 0x6675
[1984] [M]: 0x80013DDC (0x66758593) addi a1, a1, 1639
x11 <- 0x66666667


mem[X,0x80013DE0] -> 0x0613
mem[X,0x80013DE2] -> 0x0000
[1985] [M]: 0x80013DE0 (0x00000613) addi a2, zero, 0
x12 <- 0x00000000


mem[X,0x80013DE4] -> 0x006F
mem[X,0x80013DE6] -> 0x0050
[1986] [M]: 0x80013DE4 (0x0050006F) jal zero, 2052


mem[X,0x800145E8] -> 0x50E3
mem[X,0x800145EA] -> 0x80B5
[1987] [M]: 0x800145E8 (0x80B550E3) bge a0, a1, 6144


mem[X,0x800145EC] -> 0x0613
mem[X,0x800145EE] -> 0x0026
[1988] [M]: 0x800145EC (0x00260613) addi a2, a2, 2
x12 <- 0x00000002


mem[X,0x800145F0] -> 0x006F
mem[X,0x800145F2] -> 0x00C0
[1989] [M]: 0x800145F0 (0x00C0006F) jal zero, 12


mem[X,0x800145FC] -> 0x2E23
mem[X,0x800145FE] -> 0x2EC2
[1990] [M]: 0x800145FC (0x2EC22E23) sw a2, 764(tp)
mem[0x8003B464] <- 0x00000002


mem[X,0x80014600] -> 0x3537
mem[X,0x80014602] -> 0x3333
[1991] [M]: 0x80014600 (0x33333537) lui a0, 209715
x10 <- 0x33333000


mem[X,0x80014604] -> 0x0513
mem[X,0x80014606] -> 0x3335
[1992] [M]: 0x80014604 (0x33350513) addi a0, a0, 819
x10 <- 0x33333333


mem[X,0x80014608] -> 0x55B7
mem[X,0x8001460A] -> 0xFFFF
[1993] [M]: 0x80014608 (0xFFFF55B7) lui a1, 1048565
x11 <- 0xFFFF5000


mem[X,0x8001460C] -> 0x8593
mem[X,0x8001460E] -> 0xAFD5
[1994] [M]: 0x8001460C (0xAFD58593) addi a1, a1, 2813
x11 <- 0xFFFF4AFD


mem[X,0x80014610] -> 0x0613
mem[X,0x80014612] -> 0x0000
[1995] [M]: 0x80014610 (0x00000613) addi a2, zero, 0
x12 <- 0x00000000


mem[X,0x80014614] -> 0x006F
mem[X,0x80014616] -> 0x0050
[1996] [M]: 0x80014614 (0x0050006F) jal zero, 2052


mem[X,0x80014E18] -> 0x50E3
mem[X,0x80014E1A] -> 0x80B5
[1997] [M]: 0x80014E18 (0x80B550E3) bge a0, a1, 6144


mem[X,0x80014618] -> 0x0613
mem[X,0x8001461A] -> 0x0016
[1998] [M]: 0x80014618 (0x00160613) addi a2, a2, 1
x12 <- 0x00000001


mem[X,0x8001461C] -> 0x006F
mem[X,0x8001461E] -> 0x0110
[1999] [M]: 0x8001461C (0x0110006F) jal zero, 2064


clint::tick mtime <- 0x0000000000000014
 clint timer pending at mtime 0x0000000000000014
htif::tick 0x0000000000000000
mem[X,0x80014E2C] -> 0x2023
mem[X,0x80014E2E] -> 0x30C2
[2000] [M]: 0x80014E2C (0x30C22023) sw a2, 768(tp)
mem[0x8003B468] <- 0x00000001


mem[X,0x80014E30] -> 0x3537
mem[X,0x80014E32] -> 0x3333
[2001] [M]: 0x80014E30 (0x33333537) lui a0, 209715
x10 <- 0x33333000


mem[X,0x80014E34] -> 0x0513
mem[X,0x80014E36] -> 0x3335
[2002] [M]: 0x80014E34 (0x33350513) addi a0, a0, 819
x10 <- 0x33333333


mem[X,0x80014E38] -> 0xB5B7
mem[X,0x80014E3A] -> 0x0000
[2003] [M]: 0x80014E38 (0x0000B5B7) lui a1, 11
x11 <- 0x0000B000


mem[X,0x80014E3C] -> 0x8593
mem[X,0x80014E3E] -> 0x5055
[2004] [M]: 0x80014E3C (0x50558593) addi a1, a1, 1285
x11 <- 0x0000B505


mem[X,0x80014E40] -> 0x0613
mem[X,0x80014E42] -> 0x0000
[2005] [M]: 0x80014E40 (0x00000613) addi a2, zero, 0
x12 <- 0x00000000


mem[X,0x80014E44] -> 0x006F
mem[X,0x80014E46] -> 0x00C0
[2006] [M]: 0x80014E44 (0x00C0006F) jal zero, 12


mem[X,0x80014E50] -> 0x5CE3
mem[X,0x80014E52] -> 0xFEB5
[2007] [M]: 0x80014E50 (0xFEB55CE3) bge a0, a1, 8184


mem[X,0x80014E48] -> 0x0613
mem[X,0x80014E4A] -> 0x0016
[2008] [M]: 0x80014E48 (0x00160613) addi a2, a2, 1
x12 <- 0x00000001


mem[X,0x80014E4C] -> 0x006F
mem[X,0x80014E4E] -> 0x0180
[2009] [M]: 0x80014E4C (0x0180006F) jal zero, 24


mem[X,0x80014E64] -> 0x2223
mem[X,0x80014E66] -> 0x30C2
[2010] [M]: 0x80014E64 (0x30C22223) sw a2, 772(tp)
mem[0x8003B46C] <- 0x00000001


mem[X,0x80014E68] -> 0x6537
mem[X,0x80014E6A] -> 0x6666
[2011] [M]: 0x80014E68 (0x66666537) lui a0, 419430
x10 <- 0x66666000


mem[X,0x80014E6C] -> 0x0513
mem[X,0x80014E6E] -> 0x6665
[2012] [M]: 0x80014E6C (0x66650513) addi a0, a0, 1638
x10 <- 0x66666666


mem[X,0x80014E70] -> 0x0593
mem[X,0x80014E72] -> 0x0030
[2013] [M]: 0x80014E70 (0x00300593) addi a1, zero, 3
x11 <- 0x00000003


mem[X,0x80014E74] -> 0x0613
mem[X,0x80014E76] -> 0x0000
[2014] [M]: 0x80014E74 (0x00000613) addi a2, zero, 0
x12 <- 0x00000000


mem[X,0x80014E78] -> 0x006F
mem[X,0x80014E7A] -> 0x00C0
[2015] [M]: 0x80014E78 (0x00C0006F) jal zero, 12


mem[X,0x80014E84] -> 0x5663
mem[X,0x80014E86] -> 0x00B5
[2016] [M]: 0x80014E84 (0x00B55663) bge a0, a1, 12


mem[X,0x80014E90] -> 0x0613
mem[X,0x80014E92] -> 0x0036
[2017] [M]: 0x80014E90 (0x00360613) addi a2, a2, 3
x12 <- 0x00000003


mem[X,0x80014E94] -> 0x006F
mem[X,0x80014E96] -> 0x0040
[2018] [M]: 0x80014E94 (0x0040006F) jal zero, 4


mem[X,0x80014E98] -> 0x2423
mem[X,0x80014E9A] -> 0x30C2
[2019] [M]: 0x80014E98 (0x30C22423) sw a2, 776(tp)
mem[0x8003B470] <- 0x00000003


mem[X,0x80014E9C] -> 0x6537
mem[X,0x80014E9E] -> 0x6666
[2020] [M]: 0x80014E9C (0x66666537) lui a0, 419430
x10 <- 0x66666000


mem[X,0x80014EA0] -> 0x0513
mem[X,0x80014EA2] -> 0x6665
[2021] [M]: 0x80014EA0 (0x66650513) addi a0, a0, 1638
x10 <- 0x66666666


mem[X,0x80014EA4] -> 0x55B7
mem[X,0x80014EA6] -> 0x5555
[2022] [M]: 0x80014EA4 (0x555555B7) lui a1, 349525
x11 <- 0x55555000


mem[X,0x80014EA8] -> 0x8593
mem[X,0x80014EAA] -> 0x5555
[2023] [M]: 0x80014EA8 (0x55558593) addi a1, a1, 1365
x11 <- 0x55555555


mem[X,0x80014EAC] -> 0x0613
mem[X,0x80014EAE] -> 0x0000
[2024] [M]: 0x80014EAC (0x00000613) addi a2, zero, 0
x12 <- 0x00000000


mem[X,0x80014EB0] -> 0x006F
mem[X,0x80014EB2] -> 0x00C0
[2025] [M]: 0x80014EB0 (0x00C0006F) jal zero, 12


mem[X,0x80014EBC] -> 0x5063
mem[X,0x80014EBE] -> 0x04B5
[2026] [M]: 0x80014EBC (0x04B55063) bge a0, a1, 64


mem[X,0x80014EFC] -> 0x0613
mem[X,0x80014EFE] -> 0x0036
[2027] [M]: 0x80014EFC (0x00360613) addi a2, a2, 3
x12 <- 0x00000003


mem[X,0x80014F00] -> 0x006F
mem[X,0x80014F02] -> 0x0040
[2028] [M]: 0x80014F00 (0x0040006F) jal zero, 4


mem[X,0x80014F04] -> 0x2623
mem[X,0x80014F06] -> 0x30C2
[2029] [M]: 0x80014F04 (0x30C22623) sw a2, 780(tp)
mem[0x8003B474] <- 0x00000003


mem[X,0x80014F08] -> 0x6537
mem[X,0x80014F0A] -> 0x6666
[2030] [M]: 0x80014F08 (0x66666537) lui a0, 419430
x10 <- 0x66666000


mem[X,0x80014F0C] -> 0x0513
mem[X,0x80014F0E] -> 0x6665
[2031] [M]: 0x80014F0C (0x66650513) addi a0, a0, 1638
x10 <- 0x66666666


mem[X,0x80014F10] -> 0xB5B7
mem[X,0x80014F12] -> 0xAAAA
[2032] [M]: 0x80014F10 (0xAAAAB5B7) lui a1, 699051
x11 <- 0xAAAAB000


mem[X,0x80014F14] -> 0x8593
mem[X,0x80014F16] -> 0xAAA5
[2033] [M]: 0x80014F14 (0xAAA58593) addi a1, a1, 2730
x11 <- 0xAAAAAAAA


mem[X,0x80014F18] -> 0x0613
mem[X,0x80014F1A] -> 0x0000
[2034] [M]: 0x80014F18 (0x00000613) addi a2, zero, 0
x12 <- 0x00000000


mem[X,0x80014F1C] -> 0x006F
mem[X,0x80014F1E] -> 0x00C0
[2035] [M]: 0x80014F1C (0x00C0006F) jal zero, 12


mem[X,0x80014F28] -> 0x5063
mem[X,0x80014F2A] -> 0x10B5
[2036] [M]: 0x80014F28 (0x10B55063) bge a0, a1, 256


mem[X,0x80015028] -> 0x0613
mem[X,0x8001502A] -> 0x0036
[2037] [M]: 0x80015028 (0x00360613) addi a2, a2, 3
x12 <- 0x00000003


mem[X,0x8001502C] -> 0x006F
mem[X,0x8001502E] -> 0x0040
[2038] [M]: 0x8001502C (0x0040006F) jal zero, 4


mem[X,0x80015030] -> 0x2823
mem[X,0x80015032] -> 0x30C2
[2039] [M]: 0x80015030 (0x30C22823) sw a2, 784(tp)
mem[0x8003B478] <- 0x00000003


mem[X,0x80015034] -> 0x6537
mem[X,0x80015036] -> 0x6666
[2040] [M]: 0x80015034 (0x66666537) lui a0, 419430
x10 <- 0x66666000


mem[X,0x80015038] -> 0x0513
mem[X,0x8001503A] -> 0x6665
[2041] [M]: 0x80015038 (0x66650513) addi a0, a0, 1638
x10 <- 0x66666666


mem[X,0x8001503C] -> 0x0593
mem[X,0x8001503E] -> 0x0050
[2042] [M]: 0x8001503C (0x00500593) addi a1, zero, 5
x11 <- 0x00000005


mem[X,0x80015040] -> 0x0613
mem[X,0x80015042] -> 0x0000
[2043] [M]: 0x80015040 (0x00000613) addi a2, zero, 0
x12 <- 0x00000000


mem[X,0x80015044] -> 0x006F
mem[X,0x80015046] -> 0x00C0
[2044] [M]: 0x80015044 (0x00C0006F) jal zero, 12


mem[X,0x80015050] -> 0x5063
mem[X,0x80015052] -> 0x08B5
[2045] [M]: 0x80015050 (0x08B55063) bge a0, a1, 128


mem[X,0x800150D0] -> 0x0613
mem[X,0x800150D2] -> 0x0036
[2046] [M]: 0x800150D0 (0x00360613) addi a2, a2, 3
x12 <- 0x00000003


mem[X,0x800150D4] -> 0x006F
mem[X,0x800150D6] -> 0x0040
[2047] [M]: 0x800150D4 (0x0040006F) jal zero, 4


mem[X,0x800150D8] -> 0x2A23
mem[X,0x800150DA] -> 0x30C2
[2048] [M]: 0x800150D8 (0x30C22A23) sw a2, 788(tp)
mem[0x8003B47C] <- 0x00000003


mem[X,0x800150DC] -> 0x6537
mem[X,0x800150DE] -> 0x6666
[2049] [M]: 0x800150DC (0x66666537) lui a0, 419430
x10 <- 0x66666000


mem[X,0x800150E0] -> 0x0513
mem[X,0x800150E2] -> 0x6665
[2050] [M]: 0x800150E0 (0x66650513) addi a0, a0, 1638
x10 <- 0x66666666


mem[X,0x800150E4] -> 0x35B7
mem[X,0x800150E6] -> 0x3333
[2051] [M]: 0x800150E4 (0x333335B7) lui a1, 209715
x11 <- 0x33333000


mem[X,0x800150E8] -> 0x8593
mem[X,0x800150EA] -> 0x3335
[2052] [M]: 0x800150E8 (0x33358593) addi a1, a1, 819
x11 <- 0x33333333


mem[X,0x800150EC] -> 0x0613
mem[X,0x800150EE] -> 0x0000
[2053] [M]: 0x800150EC (0x00000613) addi a2, zero, 0
x12 <- 0x00000000


mem[X,0x800150F0] -> 0x006F
mem[X,0x800150F2] -> 0x2B10
[2054] [M]: 0x800150F0 (0x2B10006F) jal zero, 2736


mem[X,0x80015BA0] -> 0x5A63
mem[X,0x80015BA2] -> 0xD4B5
[2055] [M]: 0x80015BA0 (0xD4B55A63) bge a0, a1, 5460


mem[X,0x800150F4] -> 0x0613
mem[X,0x800150F6] -> 0x0016
[2056] [M]: 0x800150F4 (0x00160613) addi a2, a2, 1
x12 <- 0x00000001


mem[X,0x800150F8] -> 0x006F
mem[X,0x800150FA] -> 0x2BD0
[2057] [M]: 0x800150F8 (0x2BD0006F) jal zero, 2748


mem[X,0x80015BB4] -> 0x2C23
mem[X,0x80015BB6] -> 0x30C2
[2058] [M]: 0x80015BB4 (0x30C22C23) sw a2, 792(tp)
mem[0x8003B480] <- 0x00000001


mem[X,0x80015BB8] -> 0x6537
mem[X,0x80015BBA] -> 0x6666
[2059] [M]: 0x80015BB8 (0x66666537) lui a0, 419430
x10 <- 0x66666000


mem[X,0x80015BBC] -> 0x0513
mem[X,0x80015BBE] -> 0x6665
[2060] [M]: 0x80015BBC (0x66650513) addi a0, a0, 1638
x10 <- 0x66666666


mem[X,0x80015BC0] -> 0x65B7
mem[X,0x80015BC2] -> 0x6666
[2061] [M]: 0x80015BC0 (0x666665B7) lui a1, 419430
x11 <- 0x66666000


mem[X,0x80015BC4] -> 0x8593
mem[X,0x80015BC6] -> 0x6665
[2062] [M]: 0x80015BC4 (0x66658593) addi a1, a1, 1638
x11 <- 0x66666666


mem[X,0x80015BC8] -> 0x0613
mem[X,0x80015BCA] -> 0x0000
[2063] [M]: 0x80015BC8 (0x00000613) addi a2, zero, 0
x12 <- 0x00000000


mem[X,0x80015BCC] -> 0x006F
mem[X,0x80015BCE] -> 0x00C0
[2064] [M]: 0x80015BCC (0x00C0006F) jal zero, 12


mem[X,0x80015BD8] -> 0x5063
mem[X,0x80015BDA] -> 0x20B5
[2065] [M]: 0x80015BD8 (0x20B55063) bge a0, a1, 512


mem[X,0x80015DD8] -> 0x0613
mem[X,0x80015DDA] -> 0x0036
[2066] [M]: 0x80015DD8 (0x00360613) addi a2, a2, 3
x12 <- 0x00000003


mem[X,0x80015DDC] -> 0x006F
mem[X,0x80015DDE] -> 0x0040
[2067] [M]: 0x80015DDC (0x0040006F) jal zero, 4


mem[X,0x80015DE0] -> 0x2E23
mem[X,0x80015DE2] -> 0x30C2
[2068] [M]: 0x80015DE0 (0x30C22E23) sw a2, 796(tp)
mem[0x8003B484] <- 0x00000003


mem[X,0x80015DE4] -> 0x6537
mem[X,0x80015DE6] -> 0x6666
[2069] [M]: 0x80015DE4 (0x66666537) lui a0, 419430
x10 <- 0x66666000


mem[X,0x80015DE8] -> 0x0513
mem[X,0x80015DEA] -> 0x6665
[2070] [M]: 0x80015DE8 (0x66650513) addi a0, a0, 1638
x10 <- 0x66666666


mem[X,0x80015DEC] -> 0x55B7
mem[X,0x80015DEE] -> 0xFFFF
[2071] [M]: 0x80015DEC (0xFFFF55B7) lui a1, 1048565
x11 <- 0xFFFF5000


mem[X,0x80015DF0] -> 0x8593
mem[X,0x80015DF2] -> 0xAFC5
[2072] [M]: 0x80015DF0 (0xAFC58593) addi a1, a1, 2812
x11 <- 0xFFFF4AFC


mem[X,0x80015DF4] -> 0x0613
mem[X,0x80015DF6] -> 0x0000
[2073] [M]: 0x80015DF4 (0x00000613) addi a2, zero, 0
x12 <- 0x00000000


mem[X,0x80015DF8] -> 0x006F
mem[X,0x80015DFA] -> 0x00C0
[2074] [M]: 0x80015DF8 (0x00C0006F) jal zero, 12


mem[X,0x80015E04] -> 0x5CE3
mem[X,0x80015E06] -> 0xFEB5
[2075] [M]: 0x80015E04 (0xFEB55CE3) bge a0, a1, 8184


mem[X,0x80015DFC] -> 0x0613
mem[X,0x80015DFE] -> 0x0016
[2076] [M]: 0x80015DFC (0x00160613) addi a2, a2, 1
x12 <- 0x00000001


mem[X,0x80015E00] -> 0x006F
mem[X,0x80015E02] -> 0x0180
[2077] [M]: 0x80015E00 (0x0180006F) jal zero, 24


mem[X,0x80015E18] -> 0x2023
mem[X,0x80015E1A] -> 0x32C2
[2078] [M]: 0x80015E18 (0x32C22023) sw a2, 800(tp)
mem[0x8003B488] <- 0x00000001


mem[X,0x80015E1C] -> 0x6537
mem[X,0x80015E1E] -> 0x6666
[2079] [M]: 0x80015E1C (0x66666537) lui a0, 419430
x10 <- 0x66666000


mem[X,0x80015E20] -> 0x0513
mem[X,0x80015E22] -> 0x6665
[2080] [M]: 0x80015E20 (0x66650513) addi a0, a0, 1638
x10 <- 0x66666666


mem[X,0x80015E24] -> 0xB5B7
mem[X,0x80015E26] -> 0x0000
[2081] [M]: 0x80015E24 (0x0000B5B7) lui a1, 11
x11 <- 0x0000B000


mem[X,0x80015E28] -> 0x8593
mem[X,0x80015E2A] -> 0x5045
[2082] [M]: 0x80015E28 (0x50458593) addi a1, a1, 1284
x11 <- 0x0000B504


mem[X,0x80015E2C] -> 0x0613
mem[X,0x80015E2E] -> 0x0000
[2083] [M]: 0x80015E2C (0x00000613) addi a2, zero, 0
x12 <- 0x00000000


mem[X,0x80015E30] -> 0x006F
mem[X,0x80015E32] -> 0x00C0
[2084] [M]: 0x80015E30 (0x00C0006F) jal zero, 12


mem[X,0x80015E3C] -> 0x5063
mem[X,0x80015E3E] -> 0x02B5
[2085] [M]: 0x80015E3C (0x02B55063) bge a0, a1, 32


mem[X,0x80015E5C] -> 0x0613
mem[X,0x80015E5E] -> 0x0036
[2086] [M]: 0x80015E5C (0x00360613) addi a2, a2, 3
x12 <- 0x00000003


mem[X,0x80015E60] -> 0x006F
mem[X,0x80015E62] -> 0x0040
[2087] [M]: 0x80015E60 (0x0040006F) jal zero, 4


mem[X,0x80015E64] -> 0x2223
mem[X,0x80015E66] -> 0x32C2
[2088] [M]: 0x80015E64 (0x32C22223) sw a2, 804(tp)
mem[0x8003B48C] <- 0x00000003


mem[X,0x80015E68] -> 0x6537
mem[X,0x80015E6A] -> 0x6666
[2089] [M]: 0x80015E68 (0x66666537) lui a0, 419430
x10 <- 0x66666000


mem[X,0x80015E6C] -> 0x0513
mem[X,0x80015E6E] -> 0x6665
[2090] [M]: 0x80015E6C (0x66650513) addi a0, a0, 1638
x10 <- 0x66666666


mem[X,0x80015E70] -> 0x0593
mem[X,0x80015E72] -> 0x0020
[2091] [M]: 0x80015E70 (0x00200593) addi a1, zero, 2
x11 <- 0x00000002


mem[X,0x80015E74] -> 0x0613
mem[X,0x80015E76] -> 0x0000
[2092] [M]: 0x80015E74 (0x00000613) addi a2, zero, 0
x12 <- 0x00000000


mem[X,0x80015E78] -> 0x006F
mem[X,0x80015E7A] -> 0x0050
[2093] [M]: 0x80015E78 (0x0050006F) jal zero, 2052


mem[X,0x8001667C] -> 0x50E3
mem[X,0x8001667E] -> 0x80B5
[2094] [M]: 0x8001667C (0x80B550E3) bge a0, a1, 6144


mem[X,0x80015E7C] -> 0x0613
mem[X,0x80015E7E] -> 0x0016
[2095] [M]: 0x80015E7C (0x00160613) addi a2, a2, 1
x12 <- 0x00000001


mem[X,0x80015E80] -> 0x006F
mem[X,0x80015E82] -> 0x0110
[2096] [M]: 0x80015E80 (0x0110006F) jal zero, 2064


mem[X,0x80016690] -> 0x2423
mem[X,0x80016692] -> 0x32C2
[2097] [M]: 0x80016690 (0x32C22423) sw a2, 808(tp)
mem[0x8003B490] <- 0x00000001


mem[X,0x80016694] -> 0x6537
mem[X,0x80016696] -> 0x6666
[2098] [M]: 0x80016694 (0x66666537) lui a0, 419430
x10 <- 0x66666000


mem[X,0x80016698] -> 0x0513
mem[X,0x8001669A] -> 0x6665
[2099] [M]: 0x80016698 (0x66650513) addi a0, a0, 1638
x10 <- 0x66666666


clint::tick mtime <- 0x0000000000000015
 clint timer pending at mtime 0x0000000000000015
htif::tick 0x0000000000000000
mem[X,0x8001669C] -> 0x55B7
mem[X,0x8001669E] -> 0x5555
[2100] [M]: 0x8001669C (0x555555B7) lui a1, 349525
x11 <- 0x55555000


mem[X,0x800166A0] -> 0x8593
mem[X,0x800166A2] -> 0x5545
[2101] [M]: 0x800166A0 (0x55458593) addi a1, a1, 1364
x11 <- 0x55555554


mem[X,0x800166A4] -> 0x0613
mem[X,0x800166A6] -> 0x0000
[2102] [M]: 0x800166A4 (0x00000613) addi a2, zero, 0
x12 <- 0x00000000


mem[X,0x800166A8] -> 0x006F
mem[X,0x800166AA] -> 0x00C0
[2103] [M]: 0x800166A8 (0x00C0006F) jal zero, 12


mem[X,0x800166B4] -> 0x5663
mem[X,0x800166B6] -> 0x00B5
[2104] [M]: 0x800166B4 (0x00B55663) bge a0, a1, 12


mem[X,0x800166C0] -> 0x0613
mem[X,0x800166C2] -> 0x0036
[2105] [M]: 0x800166C0 (0x00360613) addi a2, a2, 3
x12 <- 0x00000003


mem[X,0x800166C4] -> 0x006F
mem[X,0x800166C6] -> 0x0040
[2106] [M]: 0x800166C4 (0x0040006F) jal zero, 4


mem[X,0x800166C8] -> 0x2623
mem[X,0x800166CA] -> 0x32C2
[2107] [M]: 0x800166C8 (0x32C22623) sw a2, 812(tp)
mem[0x8003B494] <- 0x00000003


mem[X,0x800166CC] -> 0x6537
mem[X,0x800166CE] -> 0x6666
[2108] [M]: 0x800166CC (0x66666537) lui a0, 419430
x10 <- 0x66666000


mem[X,0x800166D0] -> 0x0513
mem[X,0x800166D2] -> 0x6665
[2109] [M]: 0x800166D0 (0x66650513) addi a0, a0, 1638
x10 <- 0x66666666


mem[X,0x800166D4] -> 0x0593
mem[X,0x800166D6] -> 0x0000
[2110] [M]: 0x800166D4 (0x00000593) addi a1, zero, 0
x11 <- 0x00000000


mem[X,0x800166D8] -> 0x0613
mem[X,0x800166DA] -> 0x0000
[2111] [M]: 0x800166D8 (0x00000613) addi a2, zero, 0
x12 <- 0x00000000


mem[X,0x800166DC] -> 0x006F
mem[X,0x800166DE] -> 0x00C0
[2112] [M]: 0x800166DC (0x00C0006F) jal zero, 12


mem[X,0x800166E8] -> 0x5063
mem[X,0x800166EA] -> 0x10B5
[2113] [M]: 0x800166E8 (0x10B55063) bge a0, a1, 256


mem[X,0x800167E8] -> 0x0613
mem[X,0x800167EA] -> 0x0036
[2114] [M]: 0x800167E8 (0x00360613) addi a2, a2, 3
x12 <- 0x00000003


mem[X,0x800167EC] -> 0x006F
mem[X,0x800167EE] -> 0x0040
[2115] [M]: 0x800167EC (0x0040006F) jal zero, 4


mem[X,0x800167F0] -> 0x2823
mem[X,0x800167F2] -> 0x32C2
[2116] [M]: 0x800167F0 (0x32C22823) sw a2, 816(tp)
mem[0x8003B498] <- 0x00000003


mem[X,0x800167F4] -> 0x6537
mem[X,0x800167F6] -> 0x6666
[2117] [M]: 0x800167F4 (0x66666537) lui a0, 419430
x10 <- 0x66666000


mem[X,0x800167F8] -> 0x0513
mem[X,0x800167FA] -> 0x6665
[2118] [M]: 0x800167F8 (0x66650513) addi a0, a0, 1638
x10 <- 0x66666666


mem[X,0x800167FC] -> 0x0593
mem[X,0x800167FE] -> 0x0040
[2119] [M]: 0x800167FC (0x00400593) addi a1, zero, 4
x11 <- 0x00000004


mem[X,0x80016800] -> 0x0613
mem[X,0x80016802] -> 0x0000
[2120] [M]: 0x80016800 (0x00000613) addi a2, zero, 0
x12 <- 0x00000000


mem[X,0x80016804] -> 0x006F
mem[X,0x80016806] -> 0x00C0
[2121] [M]: 0x80016804 (0x00C0006F) jal zero, 12


mem[X,0x80016810] -> 0x5CE3
mem[X,0x80016812] -> 0xFEB5
[2122] [M]: 0x80016810 (0xFEB55CE3) bge a0, a1, 8184


mem[X,0x80016808] -> 0x0613
mem[X,0x8001680A] -> 0x0016
[2123] [M]: 0x80016808 (0x00160613) addi a2, a2, 1
x12 <- 0x00000001


mem[X,0x8001680C] -> 0x006F
mem[X,0x8001680E] -> 0x0180
[2124] [M]: 0x8001680C (0x0180006F) jal zero, 24


mem[X,0x80016824] -> 0x2A23
mem[X,0x80016826] -> 0x32C2
[2125] [M]: 0x80016824 (0x32C22A23) sw a2, 820(tp)
mem[0x8003B49C] <- 0x00000001


mem[X,0x80016828] -> 0x6537
mem[X,0x8001682A] -> 0x6666
[2126] [M]: 0x80016828 (0x66666537) lui a0, 419430
x10 <- 0x66666000


mem[X,0x8001682C] -> 0x0513
mem[X,0x8001682E] -> 0x6665
[2127] [M]: 0x8001682C (0x66650513) addi a0, a0, 1638
x10 <- 0x66666666


mem[X,0x80016830] -> 0x35B7
mem[X,0x80016832] -> 0x3333
[2128] [M]: 0x80016830 (0x333335B7) lui a1, 209715
x11 <- 0x33333000


mem[X,0x80016834] -> 0x8593
mem[X,0x80016836] -> 0x3325
[2129] [M]: 0x80016834 (0x33258593) addi a1, a1, 818
x11 <- 0x33333332


mem[X,0x80016838] -> 0x0613
mem[X,0x8001683A] -> 0x0000
[2130] [M]: 0x80016838 (0x00000613) addi a2, zero, 0
x12 <- 0x00000000


mem[X,0x8001683C] -> 0x006F
mem[X,0x8001683E] -> 0x00C0
[2131] [M]: 0x8001683C (0x00C0006F) jal zero, 12


mem[X,0x80016848] -> 0x5CE3
mem[X,0x8001684A] -> 0xFEB5
[2132] [M]: 0x80016848 (0xFEB55CE3) bge a0, a1, 8184


mem[X,0x80016840] -> 0x0613
mem[X,0x80016842] -> 0x0016
[2133] [M]: 0x80016840 (0x00160613) addi a2, a2, 1
x12 <- 0x00000001


mem[X,0x80016844] -> 0x006F
mem[X,0x80016846] -> 0x0180
[2134] [M]: 0x80016844 (0x0180006F) jal zero, 24


mem[X,0x8001685C] -> 0x2C23
mem[X,0x8001685E] -> 0x32C2
[2135] [M]: 0x8001685C (0x32C22C23) sw a2, 824(tp)
mem[0x8003B4A0] <- 0x00000001


mem[X,0x80016860] -> 0x6537
mem[X,0x80016862] -> 0x6666
[2136] [M]: 0x80016860 (0x66666537) lui a0, 419430
x10 <- 0x66666000


mem[X,0x80016864] -> 0x0513
mem[X,0x80016866] -> 0x6665
[2137] [M]: 0x80016864 (0x66650513) addi a0, a0, 1638
x10 <- 0x66666666


mem[X,0x80016868] -> 0x65B7
mem[X,0x8001686A] -> 0x6666
[2138] [M]: 0x80016868 (0x666665B7) lui a1, 419430
x11 <- 0x66666000


mem[X,0x8001686C] -> 0x8593
mem[X,0x8001686E] -> 0x6655
[2139] [M]: 0x8001686C (0x66558593) addi a1, a1, 1637
x11 <- 0x66666665


mem[X,0x80016870] -> 0x0613
mem[X,0x80016872] -> 0x0000
[2140] [M]: 0x80016870 (0x00000613) addi a2, zero, 0
x12 <- 0x00000000


mem[X,0x80016874] -> 0x006F
mem[X,0x80016876] -> 0x00C0
[2141] [M]: 0x80016874 (0x00C0006F) jal zero, 12


mem[X,0x80016880] -> 0x5663
mem[X,0x80016882] -> 0x00B5
[2142] [M]: 0x80016880 (0x00B55663) bge a0, a1, 12


mem[X,0x8001688C] -> 0x0613
mem[X,0x8001688E] -> 0x0036
[2143] [M]: 0x8001688C (0x00360613) addi a2, a2, 3
x12 <- 0x00000003


mem[X,0x80016890] -> 0x006F
mem[X,0x80016892] -> 0x0040
[2144] [M]: 0x80016890 (0x0040006F) jal zero, 4


mem[X,0x80016894] -> 0x2E23
mem[X,0x80016896] -> 0x32C2
[2145] [M]: 0x80016894 (0x32C22E23) sw a2, 828(tp)
mem[0x8003B4A4] <- 0x00000003


mem[X,0x80016898] -> 0x6537
mem[X,0x8001689A] -> 0x6666
[2146] [M]: 0x80016898 (0x66666537) lui a0, 419430
x10 <- 0x66666000


mem[X,0x8001689C] -> 0x0513
mem[X,0x8001689E] -> 0x6665
[2147] [M]: 0x8001689C (0x66650513) addi a0, a0, 1638
x10 <- 0x66666666


mem[X,0x800168A0] -> 0xB5B7
mem[X,0x800168A2] -> 0x0000
[2148] [M]: 0x800168A0 (0x0000B5B7) lui a1, 11
x11 <- 0x0000B000


mem[X,0x800168A4] -> 0x8593
mem[X,0x800168A6] -> 0x5035
[2149] [M]: 0x800168A4 (0x50358593) addi a1, a1, 1283
x11 <- 0x0000B503


mem[X,0x800168A8] -> 0x0613
mem[X,0x800168AA] -> 0x0000
[2150] [M]: 0x800168A8 (0x00000613) addi a2, zero, 0
x12 <- 0x00000000


mem[X,0x800168AC] -> 0x006F
mem[X,0x800168AE] -> 0x00C0
[2151] [M]: 0x800168AC (0x00C0006F) jal zero, 12


mem[X,0x800168B8] -> 0x5063
mem[X,0x800168BA] -> 0x02B5
[2152] [M]: 0x800168B8 (0x02B55063) bge a0, a1, 32


mem[X,0x800168D8] -> 0x0613
mem[X,0x800168DA] -> 0x0036
[2153] [M]: 0x800168D8 (0x00360613) addi a2, a2, 3
x12 <- 0x00000003


mem[X,0x800168DC] -> 0x006F
mem[X,0x800168DE] -> 0x0040
[2154] [M]: 0x800168DC (0x0040006F) jal zero, 4


mem[X,0x800168E0] -> 0x2023
mem[X,0x800168E2] -> 0x34C2
[2155] [M]: 0x800168E0 (0x34C22023) sw a2, 832(tp)
mem[0x8003B4A8] <- 0x00000003


mem[X,0x800168E4] -> 0x6537
mem[X,0x800168E6] -> 0x6666
[2156] [M]: 0x800168E4 (0x66666537) lui a0, 419430
x10 <- 0x66666000


mem[X,0x800168E8] -> 0x0513
mem[X,0x800168EA] -> 0x6665
[2157] [M]: 0x800168E8 (0x66650513) addi a0, a0, 1638
x10 <- 0x66666666


mem[X,0x800168EC] -> 0x55B7
mem[X,0x800168EE] -> 0x5555
[2158] [M]: 0x800168EC (0x555555B7) lui a1, 349525
x11 <- 0x55555000


mem[X,0x800168F0] -> 0x8593
mem[X,0x800168F2] -> 0x5565
[2159] [M]: 0x800168F0 (0x55658593) addi a1, a1, 1366
x11 <- 0x55555556


mem[X,0x800168F4] -> 0x0613
mem[X,0x800168F6] -> 0x0000
[2160] [M]: 0x800168F4 (0x00000613) addi a2, zero, 0
x12 <- 0x00000000


mem[X,0x800168F8] -> 0x006F
mem[X,0x800168FA] -> 0x00C0
[2161] [M]: 0x800168F8 (0x00C0006F) jal zero, 12


mem[X,0x80016904] -> 0x5CE3
mem[X,0x80016906] -> 0xFEB5
[2162] [M]: 0x80016904 (0xFEB55CE3) bge a0, a1, 8184


mem[X,0x800168FC] -> 0x0613
mem[X,0x800168FE] -> 0x0016
[2163] [M]: 0x800168FC (0x00160613) addi a2, a2, 1
x12 <- 0x00000001


mem[X,0x80016900] -> 0x006F
mem[X,0x80016902] -> 0x0180
[2164] [M]: 0x80016900 (0x0180006F) jal zero, 24


mem[X,0x80016918] -> 0x2223
mem[X,0x8001691A] -> 0x34C2
[2165] [M]: 0x80016918 (0x34C22223) sw a2, 836(tp)
mem[0x8003B4AC] <- 0x00000001


mem[X,0x8001691C] -> 0x6537
mem[X,0x8001691E] -> 0x6666
[2166] [M]: 0x8001691C (0x66666537) lui a0, 419430
x10 <- 0x66666000


mem[X,0x80016920] -> 0x0513
mem[X,0x80016922] -> 0x6665
[2167] [M]: 0x80016920 (0x66650513) addi a0, a0, 1638
x10 <- 0x66666666


mem[X,0x80016924] -> 0xB5B7
mem[X,0x80016926] -> 0xAAAA
[2168] [M]: 0x80016924 (0xAAAAB5B7) lui a1, 699051
x11 <- 0xAAAAB000


mem[X,0x80016928] -> 0x8593
mem[X,0x8001692A] -> 0xAAB5
[2169] [M]: 0x80016928 (0xAAB58593) addi a1, a1, 2731
x11 <- 0xAAAAAAAB


mem[X,0x8001692C] -> 0x0613
mem[X,0x8001692E] -> 0x0000
[2170] [M]: 0x8001692C (0x00000613) addi a2, zero, 0
x12 <- 0x00000000


mem[X,0x80016930] -> 0x006F
mem[X,0x80016932] -> 0x00C0
[2171] [M]: 0x80016930 (0x00C0006F) jal zero, 12


mem[X,0x8001693C] -> 0x5CE3
mem[X,0x8001693E] -> 0xFEB5
[2172] [M]: 0x8001693C (0xFEB55CE3) bge a0, a1, 8184


mem[X,0x80016934] -> 0x0613
mem[X,0x80016936] -> 0x0016
[2173] [M]: 0x80016934 (0x00160613) addi a2, a2, 1
x12 <- 0x00000001


mem[X,0x80016938] -> 0x006F
mem[X,0x8001693A] -> 0x0180
[2174] [M]: 0x80016938 (0x0180006F) jal zero, 24


mem[X,0x80016950] -> 0x2423
mem[X,0x80016952] -> 0x34C2
[2175] [M]: 0x80016950 (0x34C22423) sw a2, 840(tp)
mem[0x8003B4B0] <- 0x00000001


mem[X,0x80016954] -> 0x6537
mem[X,0x80016956] -> 0x6666
[2176] [M]: 0x80016954 (0x66666537) lui a0, 419430
x10 <- 0x66666000


mem[X,0x80016958] -> 0x0513
mem[X,0x8001695A] -> 0x6665
[2177] [M]: 0x80016958 (0x66650513) addi a0, a0, 1638
x10 <- 0x66666666


mem[X,0x8001695C] -> 0x0593
mem[X,0x8001695E] -> 0x0060
[2178] [M]: 0x8001695C (0x00600593) addi a1, zero, 6
x11 <- 0x00000006


mem[X,0x80016960] -> 0x0613
mem[X,0x80016962] -> 0x0000
[2179] [M]: 0x80016960 (0x00000613) addi a2, zero, 0
x12 <- 0x00000000


mem[X,0x80016964] -> 0x006F
mem[X,0x80016966] -> 0x0050
[2180] [M]: 0x80016964 (0x0050006F) jal zero, 2052


mem[X,0x80017168] -> 0x50E3
mem[X,0x8001716A] -> 0x80B5
[2181] [M]: 0x80017168 (0x80B550E3) bge a0, a1, 6144


mem[X,0x80016968] -> 0x0613
mem[X,0x8001696A] -> 0x0016
[2182] [M]: 0x80016968 (0x00160613) addi a2, a2, 1
x12 <- 0x00000001


mem[X,0x8001696C] -> 0x006F
mem[X,0x8001696E] -> 0x0110
[2183] [M]: 0x8001696C (0x0110006F) jal zero, 2064


mem[X,0x8001717C] -> 0x2623
mem[X,0x8001717E] -> 0x34C2
[2184] [M]: 0x8001717C (0x34C22623) sw a2, 844(tp)
mem[0x8003B4B4] <- 0x00000001


mem[X,0x80017180] -> 0x6537
mem[X,0x80017182] -> 0x6666
[2185] [M]: 0x80017180 (0x66666537) lui a0, 419430
x10 <- 0x66666000


mem[X,0x80017184] -> 0x0513
mem[X,0x80017186] -> 0x6665
[2186] [M]: 0x80017184 (0x66650513) addi a0, a0, 1638
x10 <- 0x66666666


mem[X,0x80017188] -> 0x35B7
mem[X,0x8001718A] -> 0x3333
[2187] [M]: 0x80017188 (0x333335B7) lui a1, 209715
x11 <- 0x33333000


mem[X,0x8001718C] -> 0x8593
mem[X,0x8001718E] -> 0x3345
[2188] [M]: 0x8001718C (0x33458593) addi a1, a1, 820
x11 <- 0x33333334


mem[X,0x80017190] -> 0x0613
mem[X,0x80017192] -> 0x0000
[2189] [M]: 0x80017190 (0x00000613) addi a2, zero, 0
x12 <- 0x00000000


mem[X,0x80017194] -> 0x006F
mem[X,0x80017196] -> 0x0050
[2190] [M]: 0x80017194 (0x0050006F) jal zero, 2052


mem[X,0x80017998] -> 0x50E3
mem[X,0x8001799A] -> 0x80B5
[2191] [M]: 0x80017998 (0x80B550E3) bge a0, a1, 6144


mem[X,0x80017198] -> 0x0613
mem[X,0x8001719A] -> 0x0016
[2192] [M]: 0x80017198 (0x00160613) addi a2, a2, 1
x12 <- 0x00000001


mem[X,0x8001719C] -> 0x006F
mem[X,0x8001719E] -> 0x0110
[2193] [M]: 0x8001719C (0x0110006F) jal zero, 2064


mem[X,0x800179AC] -> 0x2823
mem[X,0x800179AE] -> 0x34C2
[2194] [M]: 0x800179AC (0x34C22823) sw a2, 848(tp)
mem[0x8003B4B8] <- 0x00000001


mem[X,0x800179B0] -> 0x6537
mem[X,0x800179B2] -> 0x6666
[2195] [M]: 0x800179B0 (0x66666537) lui a0, 419430
x10 <- 0x66666000


mem[X,0x800179B4] -> 0x0513
mem[X,0x800179B6] -> 0x6665
[2196] [M]: 0x800179B4 (0x66650513) addi a0, a0, 1638
x10 <- 0x66666666


mem[X,0x800179B8] -> 0x65B7
mem[X,0x800179BA] -> 0x6666
[2197] [M]: 0x800179B8 (0x666665B7) lui a1, 419430
x11 <- 0x66666000


mem[X,0x800179BC] -> 0x8593
mem[X,0x800179BE] -> 0x6675
[2198] [M]: 0x800179BC (0x66758593) addi a1, a1, 1639
x11 <- 0x66666667


mem[X,0x800179C0] -> 0x0613
mem[X,0x800179C2] -> 0x0000
[2199] [M]: 0x800179C0 (0x00000613) addi a2, zero, 0
x12 <- 0x00000000


clint::tick mtime <- 0x0000000000000016
 clint timer pending at mtime 0x0000000000000016
htif::tick 0x0000000000000000
mem[X,0x800179C4] -> 0x006F
mem[X,0x800179C6] -> 0x00C0
[2200] [M]: 0x800179C4 (0x00C0006F) jal zero, 12


mem[X,0x800179D0] -> 0x5063
mem[X,0x800179D2] -> 0x08B5
[2201] [M]: 0x800179D0 (0x08B55063) bge a0, a1, 128


mem[X,0x800179D4] -> 0x0613
mem[X,0x800179D6] -> 0x0026
[2202] [M]: 0x800179D4 (0x00260613) addi a2, a2, 2
x12 <- 0x00000002


mem[X,0x800179D8] -> 0x006F
mem[X,0x800179DA] -> 0x0800
[2203] [M]: 0x800179D8 (0x0800006F) jal zero, 128


mem[X,0x80017A58] -> 0x2A23
mem[X,0x80017A5A] -> 0x34C2
[2204] [M]: 0x80017A58 (0x34C22A23) sw a2, 852(tp)
mem[0x8003B4BC] <- 0x00000002


mem[X,0x80017A5C] -> 0x6537
mem[X,0x80017A5E] -> 0x6666
[2205] [M]: 0x80017A5C (0x66666537) lui a0, 419430
x10 <- 0x66666000


mem[X,0x80017A60] -> 0x0513
mem[X,0x80017A62] -> 0x6665
[2206] [M]: 0x80017A60 (0x66650513) addi a0, a0, 1638
x10 <- 0x66666666


mem[X,0x80017A64] -> 0x55B7
mem[X,0x80017A66] -> 0xFFFF
[2207] [M]: 0x80017A64 (0xFFFF55B7) lui a1, 1048565
x11 <- 0xFFFF5000


mem[X,0x80017A68] -> 0x8593
mem[X,0x80017A6A] -> 0xAFD5
[2208] [M]: 0x80017A68 (0xAFD58593) addi a1, a1, 2813
x11 <- 0xFFFF4AFD


mem[X,0x80017A6C] -> 0x0613
mem[X,0x80017A6E] -> 0x0000
[2209] [M]: 0x80017A6C (0x00000613) addi a2, zero, 0
x12 <- 0x00000000


mem[X,0x80017A70] -> 0x006F
mem[X,0x80017A72] -> 0x00C0
[2210] [M]: 0x80017A70 (0x00C0006F) jal zero, 12


mem[X,0x80017A7C] -> 0x5063
mem[X,0x80017A7E] -> 0x10B5
[2211] [M]: 0x80017A7C (0x10B55063) bge a0, a1, 256


mem[X,0x80017B7C] -> 0x0613
mem[X,0x80017B7E] -> 0x0036
[2212] [M]: 0x80017B7C (0x00360613) addi a2, a2, 3
x12 <- 0x00000003


mem[X,0x80017B80] -> 0x006F
mem[X,0x80017B82] -> 0x0040
[2213] [M]: 0x80017B80 (0x0040006F) jal zero, 4


mem[X,0x80017B84] -> 0x2C23
mem[X,0x80017B86] -> 0x34C2
[2214] [M]: 0x80017B84 (0x34C22C23) sw a2, 856(tp)
mem[0x8003B4C0] <- 0x00000003


mem[X,0x80017B88] -> 0x6537
mem[X,0x80017B8A] -> 0x6666
[2215] [M]: 0x80017B88 (0x66666537) lui a0, 419430
x10 <- 0x66666000


mem[X,0x80017B8C] -> 0x0513
mem[X,0x80017B8E] -> 0x6665
[2216] [M]: 0x80017B8C (0x66650513) addi a0, a0, 1638
x10 <- 0x66666666


mem[X,0x80017B90] -> 0xB5B7
mem[X,0x80017B92] -> 0x0000
[2217] [M]: 0x80017B90 (0x0000B5B7) lui a1, 11
x11 <- 0x0000B000


mem[X,0x80017B94] -> 0x8593
mem[X,0x80017B96] -> 0x5055
[2218] [M]: 0x80017B94 (0x50558593) addi a1, a1, 1285
x11 <- 0x0000B505


mem[X,0x80017B98] -> 0x0613
mem[X,0x80017B9A] -> 0x0000
[2219] [M]: 0x80017B98 (0x00000613) addi a2, zero, 0
x12 <- 0x00000000


mem[X,0x80017B9C] -> 0x006F
mem[X,0x80017B9E] -> 0x00C0
[2220] [M]: 0x80017B9C (0x00C0006F) jal zero, 12


mem[X,0x80017BA8] -> 0x5063
mem[X,0x80017BAA] -> 0x04B5
[2221] [M]: 0x80017BA8 (0x04B55063) bge a0, a1, 64


mem[X,0x80017BE8] -> 0x0613
mem[X,0x80017BEA] -> 0x0036
[2222] [M]: 0x80017BE8 (0x00360613) addi a2, a2, 3
x12 <- 0x00000003


mem[X,0x80017BEC] -> 0x006F
mem[X,0x80017BEE] -> 0x0040
[2223] [M]: 0x80017BEC (0x0040006F) jal zero, 4


mem[X,0x80017BF0] -> 0x2E23
mem[X,0x80017BF2] -> 0x34C2
[2224] [M]: 0x80017BF0 (0x34C22E23) sw a2, 860(tp)
mem[0x8003B4C4] <- 0x00000003


mem[X,0x80017BF4] -> 0x5537
mem[X,0x80017BF6] -> 0xFFFF
[2225] [M]: 0x80017BF4 (0xFFFF5537) lui a0, 1048565
x10 <- 0xFFFF5000


mem[X,0x80017BF8] -> 0x0513
mem[X,0x80017BFA] -> 0xAFC5
[2226] [M]: 0x80017BF8 (0xAFC50513) addi a0, a0, 2812
x10 <- 0xFFFF4AFC


mem[X,0x80017BFC] -> 0x0593
mem[X,0x80017BFE] -> 0x0030
[2227] [M]: 0x80017BFC (0x00300593) addi a1, zero, 3
x11 <- 0x00000003


mem[X,0x80017C00] -> 0x0613
mem[X,0x80017C02] -> 0x0000
[2228] [M]: 0x80017C00 (0x00000613) addi a2, zero, 0
x12 <- 0x00000000


mem[X,0x80017C04] -> 0x006F
mem[X,0x80017C06] -> 0x00C0
[2229] [M]: 0x80017C04 (0x00C0006F) jal zero, 12


mem[X,0x80017C10] -> 0x5063
mem[X,0x80017C12] -> 0x02B5
[2230] [M]: 0x80017C10 (0x02B55063) bge a0, a1, 32


mem[X,0x80017C14] -> 0x0613
mem[X,0x80017C16] -> 0x0026
[2231] [M]: 0x80017C14 (0x00260613) addi a2, a2, 2
x12 <- 0x00000002


mem[X,0x80017C18] -> 0x006F
mem[X,0x80017C1A] -> 0x0200
[2232] [M]: 0x80017C18 (0x0200006F) jal zero, 32


mem[X,0x80017C38] -> 0x2023
mem[X,0x80017C3A] -> 0x36C2
[2233] [M]: 0x80017C38 (0x36C22023) sw a2, 864(tp)
mem[0x8003B4C8] <- 0x00000002


mem[X,0x80017C3C] -> 0x5537
mem[X,0x80017C3E] -> 0xFFFF
[2234] [M]: 0x80017C3C (0xFFFF5537) lui a0, 1048565
x10 <- 0xFFFF5000


mem[X,0x80017C40] -> 0x0513
mem[X,0x80017C42] -> 0xAFC5
[2235] [M]: 0x80017C40 (0xAFC50513) addi a0, a0, 2812
x10 <- 0xFFFF4AFC


mem[X,0x80017C44] -> 0x55B7
mem[X,0x80017C46] -> 0x5555
[2236] [M]: 0x80017C44 (0x555555B7) lui a1, 349525
x11 <- 0x55555000


mem[X,0x80017C48] -> 0x8593
mem[X,0x80017C4A] -> 0x5555
[2237] [M]: 0x80017C48 (0x55558593) addi a1, a1, 1365
x11 <- 0x55555555


mem[X,0x80017C4C] -> 0x0613
mem[X,0x80017C4E] -> 0x0000
[2238] [M]: 0x80017C4C (0x00000613) addi a2, zero, 0
x12 <- 0x00000000


mem[X,0x80017C50] -> 0x006F
mem[X,0x80017C52] -> 0x00C0
[2239] [M]: 0x80017C50 (0x00C0006F) jal zero, 12


mem[X,0x80017C5C] -> 0x5663
mem[X,0x80017C5E] -> 0x00B5
[2240] [M]: 0x80017C5C (0x00B55663) bge a0, a1, 12


mem[X,0x80017C60] -> 0x0613
mem[X,0x80017C62] -> 0x0026
[2241] [M]: 0x80017C60 (0x00260613) addi a2, a2, 2
x12 <- 0x00000002


mem[X,0x80017C64] -> 0x006F
mem[X,0x80017C66] -> 0x00C0
[2242] [M]: 0x80017C64 (0x00C0006F) jal zero, 12


mem[X,0x80017C70] -> 0x2223
mem[X,0x80017C72] -> 0x36C2
[2243] [M]: 0x80017C70 (0x36C22223) sw a2, 868(tp)
mem[0x8003B4CC] <- 0x00000002


mem[X,0x80017C74] -> 0x5537
mem[X,0x80017C76] -> 0xFFFF
[2244] [M]: 0x80017C74 (0xFFFF5537) lui a0, 1048565
x10 <- 0xFFFF5000


mem[X,0x80017C78] -> 0x0513
mem[X,0x80017C7A] -> 0xAFC5
[2245] [M]: 0x80017C78 (0xAFC50513) addi a0, a0, 2812
x10 <- 0xFFFF4AFC


mem[X,0x80017C7C] -> 0xB5B7
mem[X,0x80017C7E] -> 0xAAAA
[2246] [M]: 0x80017C7C (0xAAAAB5B7) lui a1, 699051
x11 <- 0xAAAAB000


mem[X,0x80017C80] -> 0x8593
mem[X,0x80017C82] -> 0xAAA5
[2247] [M]: 0x80017C80 (0xAAA58593) addi a1, a1, 2730
x11 <- 0xAAAAAAAA


mem[X,0x80017C84] -> 0x0613
mem[X,0x80017C86] -> 0x0000
[2248] [M]: 0x80017C84 (0x00000613) addi a2, zero, 0
x12 <- 0x00000000


mem[X,0x80017C88] -> 0x006F
mem[X,0x80017C8A] -> 0x2B10
[2249] [M]: 0x80017C88 (0x2B10006F) jal zero, 2736


mem[X,0x80018738] -> 0x5A63
mem[X,0x8001873A] -> 0xD4B5
[2250] [M]: 0x80018738 (0xD4B55A63) bge a0, a1, 5460


mem[X,0x80017C8C] -> 0x0613
mem[X,0x80017C8E] -> 0x0016
[2251] [M]: 0x80017C8C (0x00160613) addi a2, a2, 1
x12 <- 0x00000001


mem[X,0x80017C90] -> 0x006F
mem[X,0x80017C92] -> 0x2BD0
[2252] [M]: 0x80017C90 (0x2BD0006F) jal zero, 2748


mem[X,0x8001874C] -> 0x2423
mem[X,0x8001874E] -> 0x36C2
[2253] [M]: 0x8001874C (0x36C22423) sw a2, 872(tp)
mem[0x8003B4D0] <- 0x00000001


mem[X,0x80018750] -> 0x5537
mem[X,0x80018752] -> 0xFFFF
[2254] [M]: 0x80018750 (0xFFFF5537) lui a0, 1048565
x10 <- 0xFFFF5000


mem[X,0x80018754] -> 0x0513
mem[X,0x80018756] -> 0xAFC5
[2255] [M]: 0x80018754 (0xAFC50513) addi a0, a0, 2812
x10 <- 0xFFFF4AFC


mem[X,0x80018758] -> 0x0593
mem[X,0x8001875A] -> 0x0050
[2256] [M]: 0x80018758 (0x00500593) addi a1, zero, 5
x11 <- 0x00000005


mem[X,0x8001875C] -> 0x0613
mem[X,0x8001875E] -> 0x0000
[2257] [M]: 0x8001875C (0x00000613) addi a2, zero, 0
x12 <- 0x00000000


mem[X,0x80018760] -> 0x006F
mem[X,0x80018762] -> 0x0180
[2258] [M]: 0x80018760 (0x0180006F) jal zero, 24


mem[X,0x80018778] -> 0x56E3
mem[X,0x8001877A] -> 0xFEB5
[2259] [M]: 0x80018778 (0xFEB556E3) bge a0, a1, 8172


mem[X,0x8001877C] -> 0x0613
mem[X,0x8001877E] -> 0x0026
[2260] [M]: 0x8001877C (0x00260613) addi a2, a2, 2
x12 <- 0x00000002


mem[X,0x80018780] -> 0x006F
mem[X,0x80018782] -> 0x00C0
[2261] [M]: 0x80018780 (0x00C0006F) jal zero, 12


mem[X,0x8001878C] -> 0x2623
mem[X,0x8001878E] -> 0x36C2
[2262] [M]: 0x8001878C (0x36C22623) sw a2, 876(tp)
mem[0x8003B4D4] <- 0x00000002


mem[X,0x80018790] -> 0x5537
mem[X,0x80018792] -> 0xFFFF
[2263] [M]: 0x80018790 (0xFFFF5537) lui a0, 1048565
x10 <- 0xFFFF5000


mem[X,0x80018794] -> 0x0513
mem[X,0x80018796] -> 0xAFC5
[2264] [M]: 0x80018794 (0xAFC50513) addi a0, a0, 2812
x10 <- 0xFFFF4AFC


mem[X,0x80018798] -> 0x35B7
mem[X,0x8001879A] -> 0x3333
[2265] [M]: 0x80018798 (0x333335B7) lui a1, 209715
x11 <- 0x33333000


mem[X,0x8001879C] -> 0x8593
mem[X,0x8001879E] -> 0x3335
[2266] [M]: 0x8001879C (0x33358593) addi a1, a1, 819
x11 <- 0x33333333


mem[X,0x800187A0] -> 0x0613
mem[X,0x800187A2] -> 0x0000
[2267] [M]: 0x800187A0 (0x00000613) addi a2, zero, 0
x12 <- 0x00000000


mem[X,0x800187A4] -> 0x006F
mem[X,0x800187A6] -> 0x0050
[2268] [M]: 0x800187A4 (0x0050006F) jal zero, 2052


mem[X,0x80018FA8] -> 0x50E3
mem[X,0x80018FAA] -> 0x80B5
[2269] [M]: 0x80018FA8 (0x80B550E3) bge a0, a1, 6144


mem[X,0x80018FAC] -> 0x0613
mem[X,0x80018FAE] -> 0x0026
[2270] [M]: 0x80018FAC (0x00260613) addi a2, a2, 2
x12 <- 0x00000002


mem[X,0x80018FB0] -> 0x006F
mem[X,0x80018FB2] -> 0x00C0
[2271] [M]: 0x80018FB0 (0x00C0006F) jal zero, 12


mem[X,0x80018FBC] -> 0x2823
mem[X,0x80018FBE] -> 0x36C2
[2272] [M]: 0x80018FBC (0x36C22823) sw a2, 880(tp)
mem[0x8003B4D8] <- 0x00000002


mem[X,0x80018FC0] -> 0x5537
mem[X,0x80018FC2] -> 0xFFFF
[2273] [M]: 0x80018FC0 (0xFFFF5537) lui a0, 1048565
x10 <- 0xFFFF5000


mem[X,0x80018FC4] -> 0x0513
mem[X,0x80018FC6] -> 0xAFC5
[2274] [M]: 0x80018FC4 (0xAFC50513) addi a0, a0, 2812
x10 <- 0xFFFF4AFC


mem[X,0x80018FC8] -> 0x65B7
mem[X,0x80018FCA] -> 0x6666
[2275] [M]: 0x80018FC8 (0x666665B7) lui a1, 419430
x11 <- 0x66666000


mem[X,0x80018FCC] -> 0x8593
mem[X,0x80018FCE] -> 0x6665
[2276] [M]: 0x80018FCC (0x66658593) addi a1, a1, 1638
x11 <- 0x66666666


mem[X,0x80018FD0] -> 0x0613
mem[X,0x80018FD2] -> 0x0000
[2277] [M]: 0x80018FD0 (0x00000613) addi a2, zero, 0
x12 <- 0x00000000


mem[X,0x80018FD4] -> 0x006F
mem[X,0x80018FD6] -> 0x00C0
[2278] [M]: 0x80018FD4 (0x00C0006F) jal zero, 12


mem[X,0x80018FE0] -> 0x5863
mem[X,0x80018FE2] -> 0x00B5
[2279] [M]: 0x80018FE0 (0x00B55863) bge a0, a1, 16


mem[X,0x80018FE4] -> 0x0613
mem[X,0x80018FE6] -> 0x0026
[2280] [M]: 0x80018FE4 (0x00260613) addi a2, a2, 2
x12 <- 0x00000002


mem[X,0x80018FE8] -> 0x006F
mem[X,0x80018FEA] -> 0x0100
[2281] [M]: 0x80018FE8 (0x0100006F) jal zero, 16


mem[X,0x80018FF8] -> 0x2A23
mem[X,0x80018FFA] -> 0x36C2
[2282] [M]: 0x80018FF8 (0x36C22A23) sw a2, 884(tp)
mem[0x8003B4DC] <- 0x00000002


mem[X,0x80018FFC] -> 0x5537
mem[X,0x80018FFE] -> 0xFFFF
[2283] [M]: 0x80018FFC (0xFFFF5537) lui a0, 1048565
x10 <- 0xFFFF5000


mem[X,0x80019000] -> 0x0513
mem[X,0x80019002] -> 0xAFC5
[2284] [M]: 0x80019000 (0xAFC50513) addi a0, a0, 2812
x10 <- 0xFFFF4AFC


mem[X,0x80019004] -> 0x55B7
mem[X,0x80019006] -> 0xFFFF
[2285] [M]: 0x80019004 (0xFFFF55B7) lui a1, 1048565
x11 <- 0xFFFF5000


mem[X,0x80019008] -> 0x8593
mem[X,0x8001900A] -> 0xAFC5
[2286] [M]: 0x80019008 (0xAFC58593) addi a1, a1, 2812
x11 <- 0xFFFF4AFC


mem[X,0x8001900C] -> 0x0613
mem[X,0x8001900E] -> 0x0000
[2287] [M]: 0x8001900C (0x00000613) addi a2, zero, 0
x12 <- 0x00000000


mem[X,0x80019010] -> 0x006F
mem[X,0x80019012] -> 0x0050
[2288] [M]: 0x80019010 (0x0050006F) jal zero, 2052


mem[X,0x80019814] -> 0x50E3
mem[X,0x80019816] -> 0x80B5
[2289] [M]: 0x80019814 (0x80B550E3) bge a0, a1, 6144


mem[X,0x80019014] -> 0x0613
mem[X,0x80019016] -> 0x0016
[2290] [M]: 0x80019014 (0x00160613) addi a2, a2, 1
x12 <- 0x00000001


mem[X,0x80019018] -> 0x006F
mem[X,0x8001901A] -> 0x0110
[2291] [M]: 0x80019018 (0x0110006F) jal zero, 2064


mem[X,0x80019828] -> 0x2C23
mem[X,0x8001982A] -> 0x36C2
[2292] [M]: 0x80019828 (0x36C22C23) sw a2, 888(tp)
mem[0x8003B4E0] <- 0x00000001


mem[X,0x8001982C] -> 0x5537
mem[X,0x8001982E] -> 0xFFFF
[2293] [M]: 0x8001982C (0xFFFF5537) lui a0, 1048565
x10 <- 0xFFFF5000


mem[X,0x80019830] -> 0x0513
mem[X,0x80019832] -> 0xAFC5
[2294] [M]: 0x80019830 (0xAFC50513) addi a0, a0, 2812
x10 <- 0xFFFF4AFC


mem[X,0x80019834] -> 0xB5B7
mem[X,0x80019836] -> 0x0000
[2295] [M]: 0x80019834 (0x0000B5B7) lui a1, 11
x11 <- 0x0000B000


mem[X,0x80019838] -> 0x8593
mem[X,0x8001983A] -> 0x5045
[2296] [M]: 0x80019838 (0x50458593) addi a1, a1, 1284
x11 <- 0x0000B504


mem[X,0x8001983C] -> 0x0613
mem[X,0x8001983E] -> 0x0000
[2297] [M]: 0x8001983C (0x00000613) addi a2, zero, 0
x12 <- 0x00000000


mem[X,0x80019840] -> 0x006F
mem[X,0x80019842] -> 0x0050
[2298] [M]: 0x80019840 (0x0050006F) jal zero, 2052


mem[X,0x8001A044] -> 0x50E3
mem[X,0x8001A046] -> 0x80B5
[2299] [M]: 0x8001A044 (0x80B550E3) bge a0, a1, 6144


clint::tick mtime <- 0x0000000000000017
 clint timer pending at mtime 0x0000000000000017
htif::tick 0x0000000000000000
mem[X,0x8001A048] -> 0x0613
mem[X,0x8001A04A] -> 0x0026
[2300] [M]: 0x8001A048 (0x00260613) addi a2, a2, 2
x12 <- 0x00000002


mem[X,0x8001A04C] -> 0x006F
mem[X,0x8001A04E] -> 0x00C0
[2301] [M]: 0x8001A04C (0x00C0006F) jal zero, 12


mem[X,0x8001A058] -> 0x2E23
mem[X,0x8001A05A] -> 0x36C2
[2302] [M]: 0x8001A058 (0x36C22E23) sw a2, 892(tp)
mem[0x8003B4E4] <- 0x00000002


mem[X,0x8001A05C] -> 0x5537
mem[X,0x8001A05E] -> 0xFFFF
[2303] [M]: 0x8001A05C (0xFFFF5537) lui a0, 1048565
x10 <- 0xFFFF5000


mem[X,0x8001A060] -> 0x0513
mem[X,0x8001A062] -> 0xAFC5
[2304] [M]: 0x8001A060 (0xAFC50513) addi a0, a0, 2812
x10 <- 0xFFFF4AFC


mem[X,0x8001A064] -> 0x0593
mem[X,0x8001A066] -> 0x0020
[2305] [M]: 0x8001A064 (0x00200593) addi a1, zero, 2
x11 <- 0x00000002


mem[X,0x8001A068] -> 0x0613
mem[X,0x8001A06A] -> 0x0000
[2306] [M]: 0x8001A068 (0x00000613) addi a2, zero, 0
x12 <- 0x00000000


mem[X,0x8001A06C] -> 0x006F
mem[X,0x8001A06E] -> 0x00C0
[2307] [M]: 0x8001A06C (0x00C0006F) jal zero, 12


mem[X,0x8001A078] -> 0x5663
mem[X,0x8001A07A] -> 0x00B5
[2308] [M]: 0x8001A078 (0x00B55663) bge a0, a1, 12


mem[X,0x8001A07C] -> 0x0613
mem[X,0x8001A07E] -> 0x0026
[2309] [M]: 0x8001A07C (0x00260613) addi a2, a2, 2
x12 <- 0x00000002


mem[X,0x8001A080] -> 0x006F
mem[X,0x8001A082] -> 0x00C0
[2310] [M]: 0x8001A080 (0x00C0006F) jal zero, 12


mem[X,0x8001A08C] -> 0x2023
mem[X,0x8001A08E] -> 0x38C2
[2311] [M]: 0x8001A08C (0x38C22023) sw a2, 896(tp)
mem[0x8003B4E8] <- 0x00000002


mem[X,0x8001A090] -> 0x5537
mem[X,0x8001A092] -> 0xFFFF
[2312] [M]: 0x8001A090 (0xFFFF5537) lui a0, 1048565
x10 <- 0xFFFF5000


mem[X,0x8001A094] -> 0x0513
mem[X,0x8001A096] -> 0xAFC5
[2313] [M]: 0x8001A094 (0xAFC50513) addi a0, a0, 2812
x10 <- 0xFFFF4AFC


mem[X,0x8001A098] -> 0x55B7
mem[X,0x8001A09A] -> 0x5555
[2314] [M]: 0x8001A098 (0x555555B7) lui a1, 349525
x11 <- 0x55555000


mem[X,0x8001A09C] -> 0x8593
mem[X,0x8001A09E] -> 0x5545
[2315] [M]: 0x8001A09C (0x55458593) addi a1, a1, 1364
x11 <- 0x55555554


mem[X,0x8001A0A0] -> 0x0613
mem[X,0x8001A0A2] -> 0x0000
[2316] [M]: 0x8001A0A0 (0x00000613) addi a2, zero, 0
x12 <- 0x00000000


mem[X,0x8001A0A4] -> 0x006F
mem[X,0x8001A0A6] -> 0x00C0
[2317] [M]: 0x8001A0A4 (0x00C0006F) jal zero, 12


mem[X,0x8001A0B0] -> 0x5863
mem[X,0x8001A0B2] -> 0x00B5
[2318] [M]: 0x8001A0B0 (0x00B55863) bge a0, a1, 16


mem[X,0x8001A0B4] -> 0x0613
mem[X,0x8001A0B6] -> 0x0026
[2319] [M]: 0x8001A0B4 (0x00260613) addi a2, a2, 2
x12 <- 0x00000002


mem[X,0x8001A0B8] -> 0x006F
mem[X,0x8001A0BA] -> 0x0100
[2320] [M]: 0x8001A0B8 (0x0100006F) jal zero, 16


mem[X,0x8001A0C8] -> 0x2223
mem[X,0x8001A0CA] -> 0x38C2
[2321] [M]: 0x8001A0C8 (0x38C22223) sw a2, 900(tp)
mem[0x8003B4EC] <- 0x00000002


mem[X,0x8001A0CC] -> 0x5537
mem[X,0x8001A0CE] -> 0xFFFF
[2322] [M]: 0x8001A0CC (0xFFFF5537) lui a0, 1048565
x10 <- 0xFFFF5000


mem[X,0x8001A0D0] -> 0x0513
mem[X,0x8001A0D2] -> 0xAFC5
[2323] [M]: 0x8001A0D0 (0xAFC50513) addi a0, a0, 2812
x10 <- 0xFFFF4AFC


mem[X,0x8001A0D4] -> 0x0593
mem[X,0x8001A0D6] -> 0x0000
[2324] [M]: 0x8001A0D4 (0x00000593) addi a1, zero, 0
x11 <- 0x00000000


mem[X,0x8001A0D8] -> 0x0613
mem[X,0x8001A0DA] -> 0x0000
[2325] [M]: 0x8001A0D8 (0x00000613) addi a2, zero, 0
x12 <- 0x00000000


mem[X,0x8001A0DC] -> 0x006F
mem[X,0x8001A0DE] -> 0x00C0
[2326] [M]: 0x8001A0DC (0x00C0006F) jal zero, 12


mem[X,0x8001A0E8] -> 0x5063
mem[X,0x8001A0EA] -> 0x02B5
[2327] [M]: 0x8001A0E8 (0x02B55063) bge a0, a1, 32


mem[X,0x8001A0EC] -> 0x0613
mem[X,0x8001A0EE] -> 0x0026
[2328] [M]: 0x8001A0EC (0x00260613) addi a2, a2, 2
x12 <- 0x00000002


mem[X,0x8001A0F0] -> 0x006F
mem[X,0x8001A0F2] -> 0x0200
[2329] [M]: 0x8001A0F0 (0x0200006F) jal zero, 32


mem[X,0x8001A110] -> 0x2423
mem[X,0x8001A112] -> 0x38C2
[2330] [M]: 0x8001A110 (0x38C22423) sw a2, 904(tp)
mem[0x8003B4F0] <- 0x00000002


mem[X,0x8001A114] -> 0x5537
mem[X,0x8001A116] -> 0xFFFF
[2331] [M]: 0x8001A114 (0xFFFF5537) lui a0, 1048565
x10 <- 0xFFFF5000


mem[X,0x8001A118] -> 0x0513
mem[X,0x8001A11A] -> 0xAFC5
[2332] [M]: 0x8001A118 (0xAFC50513) addi a0, a0, 2812
x10 <- 0xFFFF4AFC


mem[X,0x8001A11C] -> 0x0593
mem[X,0x8001A11E] -> 0x0040
[2333] [M]: 0x8001A11C (0x00400593) addi a1, zero, 4
x11 <- 0x00000004


mem[X,0x8001A120] -> 0x0613
mem[X,0x8001A122] -> 0x0000
[2334] [M]: 0x8001A120 (0x00000613) addi a2, zero, 0
x12 <- 0x00000000


mem[X,0x8001A124] -> 0x006F
mem[X,0x8001A126] -> 0x0180
[2335] [M]: 0x8001A124 (0x0180006F) jal zero, 24


mem[X,0x8001A13C] -> 0x56E3
mem[X,0x8001A13E] -> 0xFEB5
[2336] [M]: 0x8001A13C (0xFEB556E3) bge a0, a1, 8172


mem[X,0x8001A140] -> 0x0613
mem[X,0x8001A142] -> 0x0026
[2337] [M]: 0x8001A140 (0x00260613) addi a2, a2, 2
x12 <- 0x00000002


mem[X,0x8001A144] -> 0x006F
mem[X,0x8001A146] -> 0x00C0
[2338] [M]: 0x8001A144 (0x00C0006F) jal zero, 12


mem[X,0x8001A150] -> 0x2623
mem[X,0x8001A152] -> 0x38C2
[2339] [M]: 0x8001A150 (0x38C22623) sw a2, 908(tp)
mem[0x8003B4F4] <- 0x00000002


mem[X,0x8001A154] -> 0x5537
mem[X,0x8001A156] -> 0xFFFF
[2340] [M]: 0x8001A154 (0xFFFF5537) lui a0, 1048565
x10 <- 0xFFFF5000


mem[X,0x8001A158] -> 0x0513
mem[X,0x8001A15A] -> 0xAFC5
[2341] [M]: 0x8001A158 (0xAFC50513) addi a0, a0, 2812
x10 <- 0xFFFF4AFC


mem[X,0x8001A15C] -> 0x35B7
mem[X,0x8001A15E] -> 0x3333
[2342] [M]: 0x8001A15C (0x333335B7) lui a1, 209715
x11 <- 0x33333000


mem[X,0x8001A160] -> 0x8593
mem[X,0x8001A162] -> 0x3325
[2343] [M]: 0x8001A160 (0x33258593) addi a1, a1, 818
x11 <- 0x33333332


mem[X,0x8001A164] -> 0x0613
mem[X,0x8001A166] -> 0x0000
[2344] [M]: 0x8001A164 (0x00000613) addi a2, zero, 0
x12 <- 0x00000000


mem[X,0x8001A168] -> 0x006F
mem[X,0x8001A16A] -> 0x0050
[2345] [M]: 0x8001A168 (0x0050006F) jal zero, 2052


mem[X,0x8001A96C] -> 0x50E3
mem[X,0x8001A96E] -> 0x80B5
[2346] [M]: 0x8001A96C (0x80B550E3) bge a0, a1, 6144


mem[X,0x8001A970] -> 0x0613
mem[X,0x8001A972] -> 0x0026
[2347] [M]: 0x8001A970 (0x00260613) addi a2, a2, 2
x12 <- 0x00000002


mem[X,0x8001A974] -> 0x006F
mem[X,0x8001A976] -> 0x00C0
[2348] [M]: 0x8001A974 (0x00C0006F) jal zero, 12


mem[X,0x8001A980] -> 0x2823
mem[X,0x8001A982] -> 0x38C2
[2349] [M]: 0x8001A980 (0x38C22823) sw a2, 912(tp)
mem[0x8003B4F8] <- 0x00000002


mem[X,0x8001A984] -> 0x5537
mem[X,0x8001A986] -> 0xFFFF
[2350] [M]: 0x8001A984 (0xFFFF5537) lui a0, 1048565
x10 <- 0xFFFF5000


mem[X,0x8001A988] -> 0x0513
mem[X,0x8001A98A] -> 0xAFC5
[2351] [M]: 0x8001A988 (0xAFC50513) addi a0, a0, 2812
x10 <- 0xFFFF4AFC


mem[X,0x8001A98C] -> 0x65B7
mem[X,0x8001A98E] -> 0x6666
[2352] [M]: 0x8001A98C (0x666665B7) lui a1, 419430
x11 <- 0x66666000


mem[X,0x8001A990] -> 0x8593
mem[X,0x8001A992] -> 0x6655
[2353] [M]: 0x8001A990 (0x66558593) addi a1, a1, 1637
x11 <- 0x66666665


mem[X,0x8001A994] -> 0x0613
mem[X,0x8001A996] -> 0x0000
[2354] [M]: 0x8001A994 (0x00000613) addi a2, zero, 0
x12 <- 0x00000000


mem[X,0x8001A998] -> 0x006F
mem[X,0x8001A99A] -> 0x00C0
[2355] [M]: 0x8001A998 (0x00C0006F) jal zero, 12


mem[X,0x8001A9A4] -> 0x5063
mem[X,0x8001A9A6] -> 0x08B5
[2356] [M]: 0x8001A9A4 (0x08B55063) bge a0, a1, 128


mem[X,0x8001A9A8] -> 0x0613
mem[X,0x8001A9AA] -> 0x0026
[2357] [M]: 0x8001A9A8 (0x00260613) addi a2, a2, 2
x12 <- 0x00000002


mem[X,0x8001A9AC] -> 0x006F
mem[X,0x8001A9AE] -> 0x0800
[2358] [M]: 0x8001A9AC (0x0800006F) jal zero, 128


mem[X,0x8001AA2C] -> 0x2A23
mem[X,0x8001AA2E] -> 0x38C2
[2359] [M]: 0x8001AA2C (0x38C22A23) sw a2, 916(tp)
mem[0x8003B4FC] <- 0x00000002


mem[X,0x8001AA30] -> 0x5537
mem[X,0x8001AA32] -> 0xFFFF
[2360] [M]: 0x8001AA30 (0xFFFF5537) lui a0, 1048565
x10 <- 0xFFFF5000


mem[X,0x8001AA34] -> 0x0513
mem[X,0x8001AA36] -> 0xAFC5
[2361] [M]: 0x8001AA34 (0xAFC50513) addi a0, a0, 2812
x10 <- 0xFFFF4AFC


mem[X,0x8001AA38] -> 0xB5B7
mem[X,0x8001AA3A] -> 0x0000
[2362] [M]: 0x8001AA38 (0x0000B5B7) lui a1, 11
x11 <- 0x0000B000


mem[X,0x8001AA3C] -> 0x8593
mem[X,0x8001AA3E] -> 0x5035
[2363] [M]: 0x8001AA3C (0x50358593) addi a1, a1, 1283
x11 <- 0x0000B503


mem[X,0x8001AA40] -> 0x0613
mem[X,0x8001AA42] -> 0x0000
[2364] [M]: 0x8001AA40 (0x00000613) addi a2, zero, 0
x12 <- 0x00000000


mem[X,0x8001AA44] -> 0x006F
mem[X,0x8001AA46] -> 0x00C0
[2365] [M]: 0x8001AA44 (0x00C0006F) jal zero, 12


mem[X,0x8001AA50] -> 0x5663
mem[X,0x8001AA52] -> 0x00B5
[2366] [M]: 0x8001AA50 (0x00B55663) bge a0, a1, 12


mem[X,0x8001AA54] -> 0x0613
mem[X,0x8001AA56] -> 0x0026
[2367] [M]: 0x8001AA54 (0x00260613) addi a2, a2, 2
x12 <- 0x00000002


mem[X,0x8001AA58] -> 0x006F
mem[X,0x8001AA5A] -> 0x00C0
[2368] [M]: 0x8001AA58 (0x00C0006F) jal zero, 12


mem[X,0x8001AA64] -> 0x2C23
mem[X,0x8001AA66] -> 0x38C2
[2369] [M]: 0x8001AA64 (0x38C22C23) sw a2, 920(tp)
mem[0x8003B500] <- 0x00000002


mem[X,0x8001AA68] -> 0x5537
mem[X,0x8001AA6A] -> 0xFFFF
[2370] [M]: 0x8001AA68 (0xFFFF5537) lui a0, 1048565
x10 <- 0xFFFF5000


mem[X,0x8001AA6C] -> 0x0513
mem[X,0x8001AA6E] -> 0xAFC5
[2371] [M]: 0x8001AA6C (0xAFC50513) addi a0, a0, 2812
x10 <- 0xFFFF4AFC


mem[X,0x8001AA70] -> 0x55B7
mem[X,0x8001AA72] -> 0x5555
[2372] [M]: 0x8001AA70 (0x555555B7) lui a1, 349525
x11 <- 0x55555000


mem[X,0x8001AA74] -> 0x8593
mem[X,0x8001AA76] -> 0x5565
[2373] [M]: 0x8001AA74 (0x55658593) addi a1, a1, 1366
x11 <- 0x55555556


mem[X,0x8001AA78] -> 0x0613
mem[X,0x8001AA7A] -> 0x0000
[2374] [M]: 0x8001AA78 (0x00000613) addi a2, zero, 0
x12 <- 0x00000000


mem[X,0x8001AA7C] -> 0x006F
mem[X,0x8001AA7E] -> 0x0140
[2375] [M]: 0x8001AA7C (0x0140006F) jal zero, 20


mem[X,0x8001AA90] -> 0x58E3
mem[X,0x8001AA92] -> 0xFEB5
[2376] [M]: 0x8001AA90 (0xFEB558E3) bge a0, a1, 8176


mem[X,0x8001AA94] -> 0x0613
mem[X,0x8001AA96] -> 0x0026
[2377] [M]: 0x8001AA94 (0x00260613) addi a2, a2, 2
x12 <- 0x00000002


mem[X,0x8001AA98] -> 0x006F
mem[X,0x8001AA9A] -> 0x00C0
[2378] [M]: 0x8001AA98 (0x00C0006F) jal zero, 12


mem[X,0x8001AAA4] -> 0x2E23
mem[X,0x8001AAA6] -> 0x38C2
[2379] [M]: 0x8001AAA4 (0x38C22E23) sw a2, 924(tp)
mem[0x8003B504] <- 0x00000002


mem[X,0x8001AAA8] -> 0x5537
mem[X,0x8001AAAA] -> 0xFFFF
[2380] [M]: 0x8001AAA8 (0xFFFF5537) lui a0, 1048565
x10 <- 0xFFFF5000


mem[X,0x8001AAAC] -> 0x0513
mem[X,0x8001AAAE] -> 0xAFC5
[2381] [M]: 0x8001AAAC (0xAFC50513) addi a0, a0, 2812
x10 <- 0xFFFF4AFC


mem[X,0x8001AAB0] -> 0xB5B7
mem[X,0x8001AAB2] -> 0xAAAA
[2382] [M]: 0x8001AAB0 (0xAAAAB5B7) lui a1, 699051
x11 <- 0xAAAAB000


mem[X,0x8001AAB4] -> 0x8593
mem[X,0x8001AAB6] -> 0xAAB5
[2383] [M]: 0x8001AAB4 (0xAAB58593) addi a1, a1, 2731
x11 <- 0xAAAAAAAB


mem[X,0x8001AAB8] -> 0x0613
mem[X,0x8001AABA] -> 0x0000
[2384] [M]: 0x8001AAB8 (0x00000613) addi a2, zero, 0
x12 <- 0x00000000


mem[X,0x8001AABC] -> 0x006F
mem[X,0x8001AABE] -> 0x00C0
[2385] [M]: 0x8001AABC (0x00C0006F) jal zero, 12


mem[X,0x8001AAC8] -> 0x5063
mem[X,0x8001AACA] -> 0x04B5
[2386] [M]: 0x8001AAC8 (0x04B55063) bge a0, a1, 64


mem[X,0x8001AB08] -> 0x0613
mem[X,0x8001AB0A] -> 0x0036
[2387] [M]: 0x8001AB08 (0x00360613) addi a2, a2, 3
x12 <- 0x00000003


mem[X,0x8001AB0C] -> 0x006F
mem[X,0x8001AB0E] -> 0x0040
[2388] [M]: 0x8001AB0C (0x0040006F) jal zero, 4


mem[X,0x8001AB10] -> 0x2023
mem[X,0x8001AB12] -> 0x3AC2
[2389] [M]: 0x8001AB10 (0x3AC22023) sw a2, 928(tp)
mem[0x8003B508] <- 0x00000003


mem[X,0x8001AB14] -> 0x5537
mem[X,0x8001AB16] -> 0xFFFF
[2390] [M]: 0x8001AB14 (0xFFFF5537) lui a0, 1048565
x10 <- 0xFFFF5000


mem[X,0x8001AB18] -> 0x0513
mem[X,0x8001AB1A] -> 0xAFC5
[2391] [M]: 0x8001AB18 (0xAFC50513) addi a0, a0, 2812
x10 <- 0xFFFF4AFC


mem[X,0x8001AB1C] -> 0x0593
mem[X,0x8001AB1E] -> 0x0060
[2392] [M]: 0x8001AB1C (0x00600593) addi a1, zero, 6
x11 <- 0x00000006


mem[X,0x8001AB20] -> 0x0613
mem[X,0x8001AB22] -> 0x0000
[2393] [M]: 0x8001AB20 (0x00000613) addi a2, zero, 0
x12 <- 0x00000000


mem[X,0x8001AB24] -> 0x006F
mem[X,0x8001AB26] -> 0x00C0
[2394] [M]: 0x8001AB24 (0x00C0006F) jal zero, 12


mem[X,0x8001AB30] -> 0x5063
mem[X,0x8001AB32] -> 0x40B5
[2395] [M]: 0x8001AB30 (0x40B55063) bge a0, a1, 1024


mem[X,0x8001AB34] -> 0x0613
mem[X,0x8001AB36] -> 0x0026
[2396] [M]: 0x8001AB34 (0x00260613) addi a2, a2, 2
x12 <- 0x00000002


mem[X,0x8001AB38] -> 0x006F
mem[X,0x8001AB3A] -> 0x4000
[2397] [M]: 0x8001AB38 (0x4000006F) jal zero, 1024


mem[X,0x8001AF38] -> 0x2223
mem[X,0x8001AF3A] -> 0x3AC2
[2398] [M]: 0x8001AF38 (0x3AC22223) sw a2, 932(tp)
mem[0x8003B50C] <- 0x00000002


mem[X,0x8001AF3C] -> 0x5537
mem[X,0x8001AF3E] -> 0xFFFF
[2399] [M]: 0x8001AF3C (0xFFFF5537) lui a0, 1048565
x10 <- 0xFFFF5000


clint::tick mtime <- 0x0000000000000018
 clint timer pending at mtime 0x0000000000000018
htif::tick 0x0000000000000000
mem[X,0x8001AF40] -> 0x0513
mem[X,0x8001AF42] -> 0xAFC5
[2400] [M]: 0x8001AF40 (0xAFC50513) addi a0, a0, 2812
x10 <- 0xFFFF4AFC


mem[X,0x8001AF44] -> 0x35B7
mem[X,0x8001AF46] -> 0x3333
[2401] [M]: 0x8001AF44 (0x333335B7) lui a1, 209715
x11 <- 0x33333000


mem[X,0x8001AF48] -> 0x8593
mem[X,0x8001AF4A] -> 0x3345
[2402] [M]: 0x8001AF48 (0x33458593) addi a1, a1, 820
x11 <- 0x33333334


mem[X,0x8001AF4C] -> 0x0613
mem[X,0x8001AF4E] -> 0x0000
[2403] [M]: 0x8001AF4C (0x00000613) addi a2, zero, 0
x12 <- 0x00000000


mem[X,0x8001AF50] -> 0x006F
mem[X,0x8001AF52] -> 0x00C0
[2404] [M]: 0x8001AF50 (0x00C0006F) jal zero, 12


mem[X,0x8001AF5C] -> 0x5663
mem[X,0x8001AF5E] -> 0x00B5
[2405] [M]: 0x8001AF5C (0x00B55663) bge a0, a1, 12


mem[X,0x8001AF60] -> 0x0613
mem[X,0x8001AF62] -> 0x0026
[2406] [M]: 0x8001AF60 (0x00260613) addi a2, a2, 2
x12 <- 0x00000002


mem[X,0x8001AF64] -> 0x006F
mem[X,0x8001AF66] -> 0x00C0
[2407] [M]: 0x8001AF64 (0x00C0006F) jal zero, 12


mem[X,0x8001AF70] -> 0x2423
mem[X,0x8001AF72] -> 0x3AC2
[2408] [M]: 0x8001AF70 (0x3AC22423) sw a2, 936(tp)
mem[0x8003B510] <- 0x00000002


mem[X,0x8001AF74] -> 0x5537
mem[X,0x8001AF76] -> 0xFFFF
[2409] [M]: 0x8001AF74 (0xFFFF5537) lui a0, 1048565
x10 <- 0xFFFF5000


mem[X,0x8001AF78] -> 0x0513
mem[X,0x8001AF7A] -> 0xAFC5
[2410] [M]: 0x8001AF78 (0xAFC50513) addi a0, a0, 2812
x10 <- 0xFFFF4AFC


mem[X,0x8001AF7C] -> 0x65B7
mem[X,0x8001AF7E] -> 0x6666
[2411] [M]: 0x8001AF7C (0x666665B7) lui a1, 419430
x11 <- 0x66666000


mem[X,0x8001AF80] -> 0x8593
mem[X,0x8001AF82] -> 0x6675
[2412] [M]: 0x8001AF80 (0x66758593) addi a1, a1, 1639
x11 <- 0x66666667


mem[X,0x8001AF84] -> 0x0613
mem[X,0x8001AF86] -> 0x0000
[2413] [M]: 0x8001AF84 (0x00000613) addi a2, zero, 0
x12 <- 0x00000000


mem[X,0x8001AF88] -> 0x006F
mem[X,0x8001AF8A] -> 0x00C0
[2414] [M]: 0x8001AF88 (0x00C0006F) jal zero, 12


mem[X,0x8001AF94] -> 0x5663
mem[X,0x8001AF96] -> 0x00B5
[2415] [M]: 0x8001AF94 (0x00B55663) bge a0, a1, 12


mem[X,0x8001AF98] -> 0x0613
mem[X,0x8001AF9A] -> 0x0026
[2416] [M]: 0x8001AF98 (0x00260613) addi a2, a2, 2
x12 <- 0x00000002


mem[X,0x8001AF9C] -> 0x006F
mem[X,0x8001AF9E] -> 0x00C0
[2417] [M]: 0x8001AF9C (0x00C0006F) jal zero, 12


mem[X,0x8001AFA8] -> 0x2623
mem[X,0x8001AFAA] -> 0x3AC2
[2418] [M]: 0x8001AFA8 (0x3AC22623) sw a2, 940(tp)
mem[0x8003B514] <- 0x00000002


mem[X,0x8001AFAC] -> 0x5537
mem[X,0x8001AFAE] -> 0xFFFF
[2419] [M]: 0x8001AFAC (0xFFFF5537) lui a0, 1048565
x10 <- 0xFFFF5000


mem[X,0x8001AFB0] -> 0x0513
mem[X,0x8001AFB2] -> 0xAFC5
[2420] [M]: 0x8001AFB0 (0xAFC50513) addi a0, a0, 2812
x10 <- 0xFFFF4AFC


mem[X,0x8001AFB4] -> 0x55B7
mem[X,0x8001AFB6] -> 0xFFFF
[2421] [M]: 0x8001AFB4 (0xFFFF55B7) lui a1, 1048565
x11 <- 0xFFFF5000


mem[X,0x8001AFB8] -> 0x8593
mem[X,0x8001AFBA] -> 0xAFD5
[2422] [M]: 0x8001AFB8 (0xAFD58593) addi a1, a1, 2813
x11 <- 0xFFFF4AFD


mem[X,0x8001AFBC] -> 0x0613
mem[X,0x8001AFBE] -> 0x0000
[2423] [M]: 0x8001AFBC (0x00000613) addi a2, zero, 0
x12 <- 0x00000000


mem[X,0x8001AFC0] -> 0x006F
mem[X,0x8001AFC2] -> 0x00C0
[2424] [M]: 0x8001AFC0 (0x00C0006F) jal zero, 12


mem[X,0x8001AFCC] -> 0x5663
mem[X,0x8001AFCE] -> 0x00B5
[2425] [M]: 0x8001AFCC (0x00B55663) bge a0, a1, 12


mem[X,0x8001AFD0] -> 0x0613
mem[X,0x8001AFD2] -> 0x0026
[2426] [M]: 0x8001AFD0 (0x00260613) addi a2, a2, 2
x12 <- 0x00000002


mem[X,0x8001AFD4] -> 0x006F
mem[X,0x8001AFD6] -> 0x00C0
[2427] [M]: 0x8001AFD4 (0x00C0006F) jal zero, 12


mem[X,0x8001AFE0] -> 0x2823
mem[X,0x8001AFE2] -> 0x3AC2
[2428] [M]: 0x8001AFE0 (0x3AC22823) sw a2, 944(tp)
mem[0x8003B518] <- 0x00000002


mem[X,0x8001AFE4] -> 0x5537
mem[X,0x8001AFE6] -> 0xFFFF
[2429] [M]: 0x8001AFE4 (0xFFFF5537) lui a0, 1048565
x10 <- 0xFFFF5000


mem[X,0x8001AFE8] -> 0x0513
mem[X,0x8001AFEA] -> 0xAFC5
[2430] [M]: 0x8001AFE8 (0xAFC50513) addi a0, a0, 2812
x10 <- 0xFFFF4AFC


mem[X,0x8001AFEC] -> 0xB5B7
mem[X,0x8001AFEE] -> 0x0000
[2431] [M]: 0x8001AFEC (0x0000B5B7) lui a1, 11
x11 <- 0x0000B000


mem[X,0x8001AFF0] -> 0x8593
mem[X,0x8001AFF2] -> 0x5055
[2432] [M]: 0x8001AFF0 (0x50558593) addi a1, a1, 1285
x11 <- 0x0000B505


mem[X,0x8001AFF4] -> 0x0613
mem[X,0x8001AFF6] -> 0x0000
[2433] [M]: 0x8001AFF4 (0x00000613) addi a2, zero, 0
x12 <- 0x00000000


mem[X,0x8001AFF8] -> 0x006F
mem[X,0x8001AFFA] -> 0x00C0
[2434] [M]: 0x8001AFF8 (0x00C0006F) jal zero, 12


mem[X,0x8001B004] -> 0x5CE3
mem[X,0x8001B006] -> 0xFEB5
[2435] [M]: 0x8001B004 (0xFEB55CE3) bge a0, a1, 8184


mem[X,0x8001B008] -> 0x0613
mem[X,0x8001B00A] -> 0x0026
[2436] [M]: 0x8001B008 (0x00260613) addi a2, a2, 2
x12 <- 0x00000002


mem[X,0x8001B00C] -> 0x006F
mem[X,0x8001B00E] -> 0x00C0
[2437] [M]: 0x8001B00C (0x00C0006F) jal zero, 12


mem[X,0x8001B018] -> 0x2A23
mem[X,0x8001B01A] -> 0x3AC2
[2438] [M]: 0x8001B018 (0x3AC22A23) sw a2, 948(tp)
mem[0x8003B51C] <- 0x00000002


mem[X,0x8001B01C] -> 0xB537
mem[X,0x8001B01E] -> 0x0000
[2439] [M]: 0x8001B01C (0x0000B537) lui a0, 11
x10 <- 0x0000B000


mem[X,0x8001B020] -> 0x0513
mem[X,0x8001B022] -> 0x5045
[2440] [M]: 0x8001B020 (0x50450513) addi a0, a0, 1284
x10 <- 0x0000B504


mem[X,0x8001B024] -> 0x0593
mem[X,0x8001B026] -> 0x0030
[2441] [M]: 0x8001B024 (0x00300593) addi a1, zero, 3
x11 <- 0x00000003


mem[X,0x8001B028] -> 0x0613
mem[X,0x8001B02A] -> 0x0000
[2442] [M]: 0x8001B028 (0x00000613) addi a2, zero, 0
x12 <- 0x00000000


mem[X,0x8001B02C] -> 0x006F
mem[X,0x8001B02E] -> 0x00C0
[2443] [M]: 0x8001B02C (0x00C0006F) jal zero, 12


mem[X,0x8001B038] -> 0x5663
mem[X,0x8001B03A] -> 0x00B5
[2444] [M]: 0x8001B038 (0x00B55663) bge a0, a1, 12


mem[X,0x8001B044] -> 0x0613
mem[X,0x8001B046] -> 0x0036
[2445] [M]: 0x8001B044 (0x00360613) addi a2, a2, 3
x12 <- 0x00000003


mem[X,0x8001B048] -> 0x006F
mem[X,0x8001B04A] -> 0x0040
[2446] [M]: 0x8001B048 (0x0040006F) jal zero, 4


mem[X,0x8001B04C] -> 0x2C23
mem[X,0x8001B04E] -> 0x3AC2
[2447] [M]: 0x8001B04C (0x3AC22C23) sw a2, 952(tp)
mem[0x8003B520] <- 0x00000003


mem[X,0x8001B050] -> 0xB537
mem[X,0x8001B052] -> 0x0000
[2448] [M]: 0x8001B050 (0x0000B537) lui a0, 11
x10 <- 0x0000B000


mem[X,0x8001B054] -> 0x0513
mem[X,0x8001B056] -> 0x5045
[2449] [M]: 0x8001B054 (0x50450513) addi a0, a0, 1284
x10 <- 0x0000B504


mem[X,0x8001B058] -> 0x55B7
mem[X,0x8001B05A] -> 0x5555
[2450] [M]: 0x8001B058 (0x555555B7) lui a1, 349525
x11 <- 0x55555000


mem[X,0x8001B05C] -> 0x8593
mem[X,0x8001B05E] -> 0x5555
[2451] [M]: 0x8001B05C (0x55558593) addi a1, a1, 1365
x11 <- 0x55555555


mem[X,0x8001B060] -> 0x0613
mem[X,0x8001B062] -> 0x0000
[2452] [M]: 0x8001B060 (0x00000613) addi a2, zero, 0
x12 <- 0x00000000


mem[X,0x8001B064] -> 0x006F
mem[X,0x8001B066] -> 0x00C0
[2453] [M]: 0x8001B064 (0x00C0006F) jal zero, 12


mem[X,0x8001B070] -> 0x5063
mem[X,0x8001B072] -> 0x20B5
[2454] [M]: 0x8001B070 (0x20B55063) bge a0, a1, 512


mem[X,0x8001B074] -> 0x0613
mem[X,0x8001B076] -> 0x0026
[2455] [M]: 0x8001B074 (0x00260613) addi a2, a2, 2
x12 <- 0x00000002


mem[X,0x8001B078] -> 0x006F
mem[X,0x8001B07A] -> 0x2000
[2456] [M]: 0x8001B078 (0x2000006F) jal zero, 512


mem[X,0x8001B278] -> 0x2E23
mem[X,0x8001B27A] -> 0x3AC2
[2457] [M]: 0x8001B278 (0x3AC22E23) sw a2, 956(tp)
mem[0x8003B524] <- 0x00000002


mem[X,0x8001B27C] -> 0xB537
mem[X,0x8001B27E] -> 0x0000
[2458] [M]: 0x8001B27C (0x0000B537) lui a0, 11
x10 <- 0x0000B000


mem[X,0x8001B280] -> 0x0513
mem[X,0x8001B282] -> 0x5045
[2459] [M]: 0x8001B280 (0x50450513) addi a0, a0, 1284
x10 <- 0x0000B504


mem[X,0x8001B284] -> 0xB5B7
mem[X,0x8001B286] -> 0xAAAA
[2460] [M]: 0x8001B284 (0xAAAAB5B7) lui a1, 699051
x11 <- 0xAAAAB000


mem[X,0x8001B288] -> 0x8593
mem[X,0x8001B28A] -> 0xAAA5
[2461] [M]: 0x8001B288 (0xAAA58593) addi a1, a1, 2730
x11 <- 0xAAAAAAAA


mem[X,0x8001B28C] -> 0x0613
mem[X,0x8001B28E] -> 0x0000
[2462] [M]: 0x8001B28C (0x00000613) addi a2, zero, 0
x12 <- 0x00000000


mem[X,0x8001B290] -> 0x006F
mem[X,0x8001B292] -> 0x00C0
[2463] [M]: 0x8001B290 (0x00C0006F) jal zero, 12


mem[X,0x8001B29C] -> 0x5663
mem[X,0x8001B29E] -> 0x00B5
[2464] [M]: 0x8001B29C (0x00B55663) bge a0, a1, 12


mem[X,0x8001B2A8] -> 0x0613
mem[X,0x8001B2AA] -> 0x0036
[2465] [M]: 0x8001B2A8 (0x00360613) addi a2, a2, 3
x12 <- 0x00000003


mem[X,0x8001B2AC] -> 0x006F
mem[X,0x8001B2AE] -> 0x0040
[2466] [M]: 0x8001B2AC (0x0040006F) jal zero, 4


mem[X,0x8001B2B0] -> 0x2023
mem[X,0x8001B2B2] -> 0x3CC2
[2467] [M]: 0x8001B2B0 (0x3CC22023) sw a2, 960(tp)
mem[0x8003B528] <- 0x00000003


mem[X,0x8001B2B4] -> 0xB537
mem[X,0x8001B2B6] -> 0x0000
[2468] [M]: 0x8001B2B4 (0x0000B537) lui a0, 11
x10 <- 0x0000B000


mem[X,0x8001B2B8] -> 0x0513
mem[X,0x8001B2BA] -> 0x5045
[2469] [M]: 0x8001B2B8 (0x50450513) addi a0, a0, 1284
x10 <- 0x0000B504


mem[X,0x8001B2BC] -> 0x0593
mem[X,0x8001B2BE] -> 0x0050
[2470] [M]: 0x8001B2BC (0x00500593) addi a1, zero, 5
x11 <- 0x00000005


mem[X,0x8001B2C0] -> 0x0613
mem[X,0x8001B2C2] -> 0x0000
[2471] [M]: 0x8001B2C0 (0x00000613) addi a2, zero, 0
x12 <- 0x00000000


mem[X,0x8001B2C4] -> 0x006F
mem[X,0x8001B2C6] -> 0x00C0
[2472] [M]: 0x8001B2C4 (0x00C0006F) jal zero, 12


mem[X,0x8001B2D0] -> 0x5863
mem[X,0x8001B2D2] -> 0x00B5
[2473] [M]: 0x8001B2D0 (0x00B55863) bge a0, a1, 16


mem[X,0x8001B2E0] -> 0x0613
mem[X,0x8001B2E2] -> 0x0036
[2474] [M]: 0x8001B2E0 (0x00360613) addi a2, a2, 3
x12 <- 0x00000003


mem[X,0x8001B2E4] -> 0x006F
mem[X,0x8001B2E6] -> 0x0040
[2475] [M]: 0x8001B2E4 (0x0040006F) jal zero, 4


mem[X,0x8001B2E8] -> 0x2223
mem[X,0x8001B2EA] -> 0x3CC2
[2476] [M]: 0x8001B2E8 (0x3CC22223) sw a2, 964(tp)
mem[0x8003B52C] <- 0x00000003


mem[X,0x8001B2EC] -> 0xB537
mem[X,0x8001B2EE] -> 0x0000
[2477] [M]: 0x8001B2EC (0x0000B537) lui a0, 11
x10 <- 0x0000B000


mem[X,0x8001B2F0] -> 0x0513
mem[X,0x8001B2F2] -> 0x5045
[2478] [M]: 0x8001B2F0 (0x50450513) addi a0, a0, 1284
x10 <- 0x0000B504


mem[X,0x8001B2F4] -> 0x35B7
mem[X,0x8001B2F6] -> 0x3333
[2479] [M]: 0x8001B2F4 (0x333335B7) lui a1, 209715
x11 <- 0x33333000


mem[X,0x8001B2F8] -> 0x8593
mem[X,0x8001B2FA] -> 0x3335
[2480] [M]: 0x8001B2F8 (0x33358593) addi a1, a1, 819
x11 <- 0x33333333


mem[X,0x8001B2FC] -> 0x0613
mem[X,0x8001B2FE] -> 0x0000
[2481] [M]: 0x8001B2FC (0x00000613) addi a2, zero, 0
x12 <- 0x00000000


mem[X,0x8001B300] -> 0x006F
mem[X,0x8001B302] -> 0x0100
[2482] [M]: 0x8001B300 (0x0100006F) jal zero, 16


mem[X,0x8001B310] -> 0x5AE3
mem[X,0x8001B312] -> 0xFEB5
[2483] [M]: 0x8001B310 (0xFEB55AE3) bge a0, a1, 8180


mem[X,0x8001B314] -> 0x0613
mem[X,0x8001B316] -> 0x0026
[2484] [M]: 0x8001B314 (0x00260613) addi a2, a2, 2
x12 <- 0x00000002


mem[X,0x8001B318] -> 0x006F
mem[X,0x8001B31A] -> 0x00C0
[2485] [M]: 0x8001B318 (0x00C0006F) jal zero, 12


mem[X,0x8001B324] -> 0x2423
mem[X,0x8001B326] -> 0x3CC2
[2486] [M]: 0x8001B324 (0x3CC22423) sw a2, 968(tp)
mem[0x8003B530] <- 0x00000002


mem[X,0x8001B328] -> 0xB537
mem[X,0x8001B32A] -> 0x0000
[2487] [M]: 0x8001B328 (0x0000B537) lui a0, 11
x10 <- 0x0000B000


mem[X,0x8001B32C] -> 0x0513
mem[X,0x8001B32E] -> 0x5045
[2488] [M]: 0x8001B32C (0x50450513) addi a0, a0, 1284
x10 <- 0x0000B504


mem[X,0x8001B330] -> 0x65B7
mem[X,0x8001B332] -> 0x6666
[2489] [M]: 0x8001B330 (0x666665B7) lui a1, 419430
x11 <- 0x66666000


mem[X,0x8001B334] -> 0x8593
mem[X,0x8001B336] -> 0x6665
[2490] [M]: 0x8001B334 (0x66658593) addi a1, a1, 1638
x11 <- 0x66666666


mem[X,0x8001B338] -> 0x0613
mem[X,0x8001B33A] -> 0x0000
[2491] [M]: 0x8001B338 (0x00000613) addi a2, zero, 0
x12 <- 0x00000000


mem[X,0x8001B33C] -> 0x006F
mem[X,0x8001B33E] -> 0x00C0
[2492] [M]: 0x8001B33C (0x00C0006F) jal zero, 12


mem[X,0x8001B348] -> 0x5663
mem[X,0x8001B34A] -> 0x00B5
[2493] [M]: 0x8001B348 (0x00B55663) bge a0, a1, 12


mem[X,0x8001B34C] -> 0x0613
mem[X,0x8001B34E] -> 0x0026
[2494] [M]: 0x8001B34C (0x00260613) addi a2, a2, 2
x12 <- 0x00000002


mem[X,0x8001B350] -> 0x006F
mem[X,0x8001B352] -> 0x00C0
[2495] [M]: 0x8001B350 (0x00C0006F) jal zero, 12


mem[X,0x8001B35C] -> 0x2623
mem[X,0x8001B35E] -> 0x3CC2
[2496] [M]: 0x8001B35C (0x3CC22623) sw a2, 972(tp)
mem[0x8003B534] <- 0x00000002


mem[X,0x8001B360] -> 0xB537
mem[X,0x8001B362] -> 0x0000
[2497] [M]: 0x8001B360 (0x0000B537) lui a0, 11
x10 <- 0x0000B000


mem[X,0x8001B364] -> 0x0513
mem[X,0x8001B366] -> 0x5045
[2498] [M]: 0x8001B364 (0x50450513) addi a0, a0, 1284
x10 <- 0x0000B504


mem[X,0x8001B368] -> 0x55B7
mem[X,0x8001B36A] -> 0xFFFF
[2499] [M]: 0x8001B368 (0xFFFF55B7) lui a1, 1048565
x11 <- 0xFFFF5000


clint::tick mtime <- 0x0000000000000019
 clint timer pending at mtime 0x0000000000000019
htif::tick 0x0000000000000000
mem[X,0x8001B36C] -> 0x8593
mem[X,0x8001B36E] -> 0xAFC5
[2500] [M]: 0x8001B36C (0xAFC58593) addi a1, a1, 2812
x11 <- 0xFFFF4AFC


mem[X,0x8001B370] -> 0x0613
mem[X,0x8001B372] -> 0x0000
[2501] [M]: 0x8001B370 (0x00000613) addi a2, zero, 0
x12 <- 0x00000000


mem[X,0x8001B374] -> 0x006F
mem[X,0x8001B376] -> 0x00C0
[2502] [M]: 0x8001B374 (0x00C0006F) jal zero, 12


mem[X,0x8001B380] -> 0x5063
mem[X,0x8001B382] -> 0x08B5
[2503] [M]: 0x8001B380 (0x08B55063) bge a0, a1, 128


mem[X,0x8001B400] -> 0x0613
mem[X,0x8001B402] -> 0x0036
[2504] [M]: 0x8001B400 (0x00360613) addi a2, a2, 3
x12 <- 0x00000003


mem[X,0x8001B404] -> 0x006F
mem[X,0x8001B406] -> 0x0040
[2505] [M]: 0x8001B404 (0x0040006F) jal zero, 4


mem[X,0x8001B408] -> 0x2823
mem[X,0x8001B40A] -> 0x3CC2
[2506] [M]: 0x8001B408 (0x3CC22823) sw a2, 976(tp)
mem[0x8003B538] <- 0x00000003


mem[X,0x8001B40C] -> 0xB537
mem[X,0x8001B40E] -> 0x0000
[2507] [M]: 0x8001B40C (0x0000B537) lui a0, 11
x10 <- 0x0000B000


mem[X,0x8001B410] -> 0x0513
mem[X,0x8001B412] -> 0x5045
[2508] [M]: 0x8001B410 (0x50450513) addi a0, a0, 1284
x10 <- 0x0000B504


mem[X,0x8001B414] -> 0xB5B7
mem[X,0x8001B416] -> 0x0000
[2509] [M]: 0x8001B414 (0x0000B5B7) lui a1, 11
x11 <- 0x0000B000


mem[X,0x8001B418] -> 0x8593
mem[X,0x8001B41A] -> 0x5045
[2510] [M]: 0x8001B418 (0x50458593) addi a1, a1, 1284
x11 <- 0x0000B504


mem[X,0x8001B41C] -> 0x0613
mem[X,0x8001B41E] -> 0x0000
[2511] [M]: 0x8001B41C (0x00000613) addi a2, zero, 0
x12 <- 0x00000000


mem[X,0x8001B420] -> 0x006F
mem[X,0x8001B422] -> 0x00C0
[2512] [M]: 0x8001B420 (0x00C0006F) jal zero, 12


mem[X,0x8001B42C] -> 0x5CE3
mem[X,0x8001B42E] -> 0xFEB5
[2513] [M]: 0x8001B42C (0xFEB55CE3) bge a0, a1, 8184


mem[X,0x8001B424] -> 0x0613
mem[X,0x8001B426] -> 0x0016
[2514] [M]: 0x8001B424 (0x00160613) addi a2, a2, 1
x12 <- 0x00000001


mem[X,0x8001B428] -> 0x006F
mem[X,0x8001B42A] -> 0x0180
[2515] [M]: 0x8001B428 (0x0180006F) jal zero, 24


mem[X,0x8001B440] -> 0x2A23
mem[X,0x8001B442] -> 0x3CC2
[2516] [M]: 0x8001B440 (0x3CC22A23) sw a2, 980(tp)
mem[0x8003B53C] <- 0x00000001


mem[X,0x8001B444] -> 0xB537
mem[X,0x8001B446] -> 0x0000
[2517] [M]: 0x8001B444 (0x0000B537) lui a0, 11
x10 <- 0x0000B000


mem[X,0x8001B448] -> 0x0513
mem[X,0x8001B44A] -> 0x5045
[2518] [M]: 0x8001B448 (0x50450513) addi a0, a0, 1284
x10 <- 0x0000B504


mem[X,0x8001B44C] -> 0x0593
mem[X,0x8001B44E] -> 0x0020
[2519] [M]: 0x8001B44C (0x00200593) addi a1, zero, 2
x11 <- 0x00000002


mem[X,0x8001B450] -> 0x0613
mem[X,0x8001B452] -> 0x0000
[2520] [M]: 0x8001B450 (0x00000613) addi a2, zero, 0
x12 <- 0x00000000


mem[X,0x8001B454] -> 0x006F
mem[X,0x8001B456] -> 0x0100
[2521] [M]: 0x8001B454 (0x0100006F) jal zero, 16


mem[X,0x8001B464] -> 0x5AE3
mem[X,0x8001B466] -> 0xFEB5
[2522] [M]: 0x8001B464 (0xFEB55AE3) bge a0, a1, 8180


mem[X,0x8001B458] -> 0x0613
mem[X,0x8001B45A] -> 0x0016
[2523] [M]: 0x8001B458 (0x00160613) addi a2, a2, 1
x12 <- 0x00000001


mem[X,0x8001B45C] -> 0x006F
mem[X,0x8001B45E] -> 0x01C0
[2524] [M]: 0x8001B45C (0x01C0006F) jal zero, 28


mem[X,0x8001B478] -> 0x2C23
mem[X,0x8001B47A] -> 0x3CC2
[2525] [M]: 0x8001B478 (0x3CC22C23) sw a2, 984(tp)
mem[0x8003B540] <- 0x00000001


mem[X,0x8001B47C] -> 0xB537
mem[X,0x8001B47E] -> 0x0000
[2526] [M]: 0x8001B47C (0x0000B537) lui a0, 11
x10 <- 0x0000B000


mem[X,0x8001B480] -> 0x0513
mem[X,0x8001B482] -> 0x5045
[2527] [M]: 0x8001B480 (0x50450513) addi a0, a0, 1284
x10 <- 0x0000B504


mem[X,0x8001B484] -> 0x55B7
mem[X,0x8001B486] -> 0x5555
[2528] [M]: 0x8001B484 (0x555555B7) lui a1, 349525
x11 <- 0x55555000


mem[X,0x8001B488] -> 0x8593
mem[X,0x8001B48A] -> 0x5545
[2529] [M]: 0x8001B488 (0x55458593) addi a1, a1, 1364
x11 <- 0x55555554


mem[X,0x8001B48C] -> 0x0613
mem[X,0x8001B48E] -> 0x0000
[2530] [M]: 0x8001B48C (0x00000613) addi a2, zero, 0
x12 <- 0x00000000


mem[X,0x8001B490] -> 0x006F
mem[X,0x8001B492] -> 0x0140
[2531] [M]: 0x8001B490 (0x0140006F) jal zero, 20


mem[X,0x8001B4A4] -> 0x58E3
mem[X,0x8001B4A6] -> 0xFEB5
[2532] [M]: 0x8001B4A4 (0xFEB558E3) bge a0, a1, 8176


mem[X,0x8001B4A8] -> 0x0613
mem[X,0x8001B4AA] -> 0x0026
[2533] [M]: 0x8001B4A8 (0x00260613) addi a2, a2, 2
x12 <- 0x00000002


mem[X,0x8001B4AC] -> 0x006F
mem[X,0x8001B4AE] -> 0x00C0
[2534] [M]: 0x8001B4AC (0x00C0006F) jal zero, 12


mem[X,0x8001B4B8] -> 0x2E23
mem[X,0x8001B4BA] -> 0x3CC2
[2535] [M]: 0x8001B4B8 (0x3CC22E23) sw a2, 988(tp)
mem[0x8003B544] <- 0x00000002


mem[X,0x8001B4BC] -> 0xB537
mem[X,0x8001B4BE] -> 0x0000
[2536] [M]: 0x8001B4BC (0x0000B537) lui a0, 11
x10 <- 0x0000B000


mem[X,0x8001B4C0] -> 0x0513
mem[X,0x8001B4C2] -> 0x5045
[2537] [M]: 0x8001B4C0 (0x50450513) addi a0, a0, 1284
x10 <- 0x0000B504


mem[X,0x8001B4C4] -> 0x0593
mem[X,0x8001B4C6] -> 0x0000
[2538] [M]: 0x8001B4C4 (0x00000593) addi a1, zero, 0
x11 <- 0x00000000


mem[X,0x8001B4C8] -> 0x0613
mem[X,0x8001B4CA] -> 0x0000
[2539] [M]: 0x8001B4C8 (0x00000613) addi a2, zero, 0
x12 <- 0x00000000


mem[X,0x8001B4CC] -> 0x006F
mem[X,0x8001B4CE] -> 0x00C0
[2540] [M]: 0x8001B4CC (0x00C0006F) jal zero, 12


mem[X,0x8001B4D8] -> 0x5CE3
mem[X,0x8001B4DA] -> 0xFEB5
[2541] [M]: 0x8001B4D8 (0xFEB55CE3) bge a0, a1, 8184


mem[X,0x8001B4D0] -> 0x0613
mem[X,0x8001B4D2] -> 0x0016
[2542] [M]: 0x8001B4D0 (0x00160613) addi a2, a2, 1
x12 <- 0x00000001


mem[X,0x8001B4D4] -> 0x006F
mem[X,0x8001B4D6] -> 0x0180
[2543] [M]: 0x8001B4D4 (0x0180006F) jal zero, 24


mem[X,0x8001B4EC] -> 0x2023
mem[X,0x8001B4EE] -> 0x3EC2
[2544] [M]: 0x8001B4EC (0x3EC22023) sw a2, 992(tp)
mem[0x8003B548] <- 0x00000001


mem[X,0x8001B4F0] -> 0xB537
mem[X,0x8001B4F2] -> 0x0000
[2545] [M]: 0x8001B4F0 (0x0000B537) lui a0, 11
x10 <- 0x0000B000


mem[X,0x8001B4F4] -> 0x0513
mem[X,0x8001B4F6] -> 0x5045
[2546] [M]: 0x8001B4F4 (0x50450513) addi a0, a0, 1284
x10 <- 0x0000B504


mem[X,0x8001B4F8] -> 0x0593
mem[X,0x8001B4FA] -> 0x0040
[2547] [M]: 0x8001B4F8 (0x00400593) addi a1, zero, 4
x11 <- 0x00000004


mem[X,0x8001B4FC] -> 0x0613
mem[X,0x8001B4FE] -> 0x0000
[2548] [M]: 0x8001B4FC (0x00000613) addi a2, zero, 0
x12 <- 0x00000000


mem[X,0x8001B500] -> 0x006F
mem[X,0x8001B502] -> 0x00C0
[2549] [M]: 0x8001B500 (0x00C0006F) jal zero, 12


mem[X,0x8001B50C] -> 0x5CE3
mem[X,0x8001B50E] -> 0xFEB5
[2550] [M]: 0x8001B50C (0xFEB55CE3) bge a0, a1, 8184


mem[X,0x8001B504] -> 0x0613
mem[X,0x8001B506] -> 0x0016
[2551] [M]: 0x8001B504 (0x00160613) addi a2, a2, 1
x12 <- 0x00000001


mem[X,0x8001B508] -> 0x006F
mem[X,0x8001B50A] -> 0x0180
[2552] [M]: 0x8001B508 (0x0180006F) jal zero, 24


mem[X,0x8001B520] -> 0x2223
mem[X,0x8001B522] -> 0x3EC2
[2553] [M]: 0x8001B520 (0x3EC22223) sw a2, 996(tp)
mem[0x8003B54C] <- 0x00000001


mem[X,0x8001B524] -> 0xB537
mem[X,0x8001B526] -> 0x0000
[2554] [M]: 0x8001B524 (0x0000B537) lui a0, 11
x10 <- 0x0000B000


mem[X,0x8001B528] -> 0x0513
mem[X,0x8001B52A] -> 0x5045
[2555] [M]: 0x8001B528 (0x50450513) addi a0, a0, 1284
x10 <- 0x0000B504


mem[X,0x8001B52C] -> 0x35B7
mem[X,0x8001B52E] -> 0x3333
[2556] [M]: 0x8001B52C (0x333335B7) lui a1, 209715
x11 <- 0x33333000


mem[X,0x8001B530] -> 0x8593
mem[X,0x8001B532] -> 0x3325
[2557] [M]: 0x8001B530 (0x33258593) addi a1, a1, 818
x11 <- 0x33333332


mem[X,0x8001B534] -> 0x0613
mem[X,0x8001B536] -> 0x0000
[2558] [M]: 0x8001B534 (0x00000613) addi a2, zero, 0
x12 <- 0x00000000


mem[X,0x8001B538] -> 0x006F
mem[X,0x8001B53A] -> 0x00C0
[2559] [M]: 0x8001B538 (0x00C0006F) jal zero, 12


mem[X,0x8001B544] -> 0x5CE3
mem[X,0x8001B546] -> 0xFEB5
[2560] [M]: 0x8001B544 (0xFEB55CE3) bge a0, a1, 8184


mem[X,0x8001B548] -> 0x0613
mem[X,0x8001B54A] -> 0x0026
[2561] [M]: 0x8001B548 (0x00260613) addi a2, a2, 2
x12 <- 0x00000002


mem[X,0x8001B54C] -> 0x006F
mem[X,0x8001B54E] -> 0x00C0
[2562] [M]: 0x8001B54C (0x00C0006F) jal zero, 12


mem[X,0x8001B558] -> 0x2423
mem[X,0x8001B55A] -> 0x3EC2
[2563] [M]: 0x8001B558 (0x3EC22423) sw a2, 1000(tp)
mem[0x8003B550] <- 0x00000002


mem[X,0x8001B55C] -> 0xB537
mem[X,0x8001B55E] -> 0x0000
[2564] [M]: 0x8001B55C (0x0000B537) lui a0, 11
x10 <- 0x0000B000


mem[X,0x8001B560] -> 0x0513
mem[X,0x8001B562] -> 0x5045
[2565] [M]: 0x8001B560 (0x50450513) addi a0, a0, 1284
x10 <- 0x0000B504


mem[X,0x8001B564] -> 0x65B7
mem[X,0x8001B566] -> 0x6666
[2566] [M]: 0x8001B564 (0x666665B7) lui a1, 419430
x11 <- 0x66666000


mem[X,0x8001B568] -> 0x8593
mem[X,0x8001B56A] -> 0x6655
[2567] [M]: 0x8001B568 (0x66558593) addi a1, a1, 1637
x11 <- 0x66666665


mem[X,0x8001B56C] -> 0x0613
mem[X,0x8001B56E] -> 0x0000
[2568] [M]: 0x8001B56C (0x00000613) addi a2, zero, 0
x12 <- 0x00000000


mem[X,0x8001B570] -> 0x006F
mem[X,0x8001B572] -> 0x00C0
[2569] [M]: 0x8001B570 (0x00C0006F) jal zero, 12


mem[X,0x8001B57C] -> 0x5863
mem[X,0x8001B57E] -> 0x00B5
[2570] [M]: 0x8001B57C (0x00B55863) bge a0, a1, 16


mem[X,0x8001B580] -> 0x0613
mem[X,0x8001B582] -> 0x0026
[2571] [M]: 0x8001B580 (0x00260613) addi a2, a2, 2
x12 <- 0x00000002


mem[X,0x8001B584] -> 0x006F
mem[X,0x8001B586] -> 0x0100
[2572] [M]: 0x8001B584 (0x0100006F) jal zero, 16


mem[X,0x8001B594] -> 0x2623
mem[X,0x8001B596] -> 0x3EC2
[2573] [M]: 0x8001B594 (0x3EC22623) sw a2, 1004(tp)
mem[0x8003B554] <- 0x00000002


mem[X,0x8001B598] -> 0xB537
mem[X,0x8001B59A] -> 0x0000
[2574] [M]: 0x8001B598 (0x0000B537) lui a0, 11
x10 <- 0x0000B000


mem[X,0x8001B59C] -> 0x0513
mem[X,0x8001B59E] -> 0x5045
[2575] [M]: 0x8001B59C (0x50450513) addi a0, a0, 1284
x10 <- 0x0000B504


mem[X,0x8001B5A0] -> 0xB5B7
mem[X,0x8001B5A2] -> 0x0000
[2576] [M]: 0x8001B5A0 (0x0000B5B7) lui a1, 11
x11 <- 0x0000B000


mem[X,0x8001B5A4] -> 0x8593
mem[X,0x8001B5A6] -> 0x5035
[2577] [M]: 0x8001B5A4 (0x50358593) addi a1, a1, 1283
x11 <- 0x0000B503


mem[X,0x8001B5A8] -> 0x0613
mem[X,0x8001B5AA] -> 0x0000
[2578] [M]: 0x8001B5A8 (0x00000613) addi a2, zero, 0
x12 <- 0x00000000


mem[X,0x8001B5AC] -> 0x006F
mem[X,0x8001B5AE] -> 0x00C0
[2579] [M]: 0x8001B5AC (0x00C0006F) jal zero, 12


mem[X,0x8001B5B8] -> 0x5663
mem[X,0x8001B5BA] -> 0x00B5
[2580] [M]: 0x8001B5B8 (0x00B55663) bge a0, a1, 12


mem[X,0x8001B5C4] -> 0x0613
mem[X,0x8001B5C6] -> 0x0036
[2581] [M]: 0x8001B5C4 (0x00360613) addi a2, a2, 3
x12 <- 0x00000003


mem[X,0x8001B5C8] -> 0x006F
mem[X,0x8001B5CA] -> 0x0040
[2582] [M]: 0x8001B5C8 (0x0040006F) jal zero, 4


mem[X,0x8001B5CC] -> 0x2823
mem[X,0x8001B5CE] -> 0x3EC2
[2583] [M]: 0x8001B5CC (0x3EC22823) sw a2, 1008(tp)
mem[0x8003B558] <- 0x00000003


mem[X,0x8001B5D0] -> 0xB537
mem[X,0x8001B5D2] -> 0x0000
[2584] [M]: 0x8001B5D0 (0x0000B537) lui a0, 11
x10 <- 0x0000B000


mem[X,0x8001B5D4] -> 0x0513
mem[X,0x8001B5D6] -> 0x5045
[2585] [M]: 0x8001B5D4 (0x50450513) addi a0, a0, 1284
x10 <- 0x0000B504


mem[X,0x8001B5D8] -> 0x55B7
mem[X,0x8001B5DA] -> 0x5555
[2586] [M]: 0x8001B5D8 (0x555555B7) lui a1, 349525
x11 <- 0x55555000


mem[X,0x8001B5DC] -> 0x8593
mem[X,0x8001B5DE] -> 0x5565
[2587] [M]: 0x8001B5DC (0x55658593) addi a1, a1, 1366
x11 <- 0x55555556


mem[X,0x8001B5E0] -> 0x0613
mem[X,0x8001B5E2] -> 0x0000
[2588] [M]: 0x8001B5E0 (0x00000613) addi a2, zero, 0
x12 <- 0x00000000


mem[X,0x8001B5E4] -> 0x006F
mem[X,0x8001B5E6] -> 0x00C0
[2589] [M]: 0x8001B5E4 (0x00C0006F) jal zero, 12


mem[X,0x8001B5F0] -> 0x5863
mem[X,0x8001B5F2] -> 0x00B5
[2590] [M]: 0x8001B5F0 (0x00B55863) bge a0, a1, 16


mem[X,0x8001B5F4] -> 0x0613
mem[X,0x8001B5F6] -> 0x0026
[2591] [M]: 0x8001B5F4 (0x00260613) addi a2, a2, 2
x12 <- 0x00000002


mem[X,0x8001B5F8] -> 0x006F
mem[X,0x8001B5FA] -> 0x0100
[2592] [M]: 0x8001B5F8 (0x0100006F) jal zero, 16


mem[X,0x8001B608] -> 0x2A23
mem[X,0x8001B60A] -> 0x3EC2
[2593] [M]: 0x8001B608 (0x3EC22A23) sw a2, 1012(tp)
mem[0x8003B55C] <- 0x00000002


mem[X,0x8001B60C] -> 0xB537
mem[X,0x8001B60E] -> 0x0000
[2594] [M]: 0x8001B60C (0x0000B537) lui a0, 11
x10 <- 0x0000B000


mem[X,0x8001B610] -> 0x0513
mem[X,0x8001B612] -> 0x5045
[2595] [M]: 0x8001B610 (0x50450513) addi a0, a0, 1284
x10 <- 0x0000B504


mem[X,0x8001B614] -> 0xB5B7
mem[X,0x8001B616] -> 0xAAAA
[2596] [M]: 0x8001B614 (0xAAAAB5B7) lui a1, 699051
x11 <- 0xAAAAB000


mem[X,0x8001B618] -> 0x8593
mem[X,0x8001B61A] -> 0xAAB5
[2597] [M]: 0x8001B618 (0xAAB58593) addi a1, a1, 2731
x11 <- 0xAAAAAAAB


mem[X,0x8001B61C] -> 0x0613
mem[X,0x8001B61E] -> 0x0000
[2598] [M]: 0x8001B61C (0x00000613) addi a2, zero, 0
x12 <- 0x00000000


mem[X,0x8001B620] -> 0x006F
mem[X,0x8001B622] -> 0x00C0
[2599] [M]: 0x8001B620 (0x00C0006F) jal zero, 12


clint::tick mtime <- 0x000000000000001A
 clint timer pending at mtime 0x000000000000001A
htif::tick 0x0000000000000000
mem[X,0x8001B62C] -> 0x5CE3
mem[X,0x8001B62E] -> 0xFEB5
[2600] [M]: 0x8001B62C (0xFEB55CE3) bge a0, a1, 8184


mem[X,0x8001B624] -> 0x0613
mem[X,0x8001B626] -> 0x0016
[2601] [M]: 0x8001B624 (0x00160613) addi a2, a2, 1
x12 <- 0x00000001


mem[X,0x8001B628] -> 0x006F
mem[X,0x8001B62A] -> 0x0180
[2602] [M]: 0x8001B628 (0x0180006F) jal zero, 24


mem[X,0x8001B640] -> 0x2C23
mem[X,0x8001B642] -> 0x3EC2
[2603] [M]: 0x8001B640 (0x3EC22C23) sw a2, 1016(tp)
mem[0x8003B560] <- 0x00000001


mem[X,0x8001B644] -> 0xB537
mem[X,0x8001B646] -> 0x0000
[2604] [M]: 0x8001B644 (0x0000B537) lui a0, 11
x10 <- 0x0000B000


mem[X,0x8001B648] -> 0x0513
mem[X,0x8001B64A] -> 0x5045
[2605] [M]: 0x8001B648 (0x50450513) addi a0, a0, 1284
x10 <- 0x0000B504


mem[X,0x8001B64C] -> 0x0593
mem[X,0x8001B64E] -> 0x0060
[2606] [M]: 0x8001B64C (0x00600593) addi a1, zero, 6
x11 <- 0x00000006


mem[X,0x8001B650] -> 0x0613
mem[X,0x8001B652] -> 0x0000
[2607] [M]: 0x8001B650 (0x00000613) addi a2, zero, 0
x12 <- 0x00000000


mem[X,0x8001B654] -> 0x006F
mem[X,0x8001B656] -> 0x00C0
[2608] [M]: 0x8001B654 (0x00C0006F) jal zero, 12


mem[X,0x8001B660] -> 0x5CE3
mem[X,0x8001B662] -> 0xFEB5
[2609] [M]: 0x8001B660 (0xFEB55CE3) bge a0, a1, 8184


mem[X,0x8001B658] -> 0x0613
mem[X,0x8001B65A] -> 0x0016
[2610] [M]: 0x8001B658 (0x00160613) addi a2, a2, 1
x12 <- 0x00000001


mem[X,0x8001B65C] -> 0x006F
mem[X,0x8001B65E] -> 0x0180
[2611] [M]: 0x8001B65C (0x0180006F) jal zero, 24


mem[X,0x8001B674] -> 0x2E23
mem[X,0x8001B676] -> 0x3EC2
[2612] [M]: 0x8001B674 (0x3EC22E23) sw a2, 1020(tp)
mem[0x8003B564] <- 0x00000001


mem[X,0x8001B678] -> 0xB537
mem[X,0x8001B67A] -> 0x0000
[2613] [M]: 0x8001B678 (0x0000B537) lui a0, 11
x10 <- 0x0000B000


mem[X,0x8001B67C] -> 0x0513
mem[X,0x8001B67E] -> 0x5045
[2614] [M]: 0x8001B67C (0x50450513) addi a0, a0, 1284
x10 <- 0x0000B504


mem[X,0x8001B680] -> 0x35B7
mem[X,0x8001B682] -> 0x3333
[2615] [M]: 0x8001B680 (0x333335B7) lui a1, 209715
x11 <- 0x33333000


mem[X,0x8001B684] -> 0x8593
mem[X,0x8001B686] -> 0x3345
[2616] [M]: 0x8001B684 (0x33458593) addi a1, a1, 820
x11 <- 0x33333334


mem[X,0x8001B688] -> 0x0613
mem[X,0x8001B68A] -> 0x0000
[2617] [M]: 0x8001B688 (0x00000613) addi a2, zero, 0
x12 <- 0x00000000


mem[X,0x8001B68C] -> 0x006F
mem[X,0x8001B68E] -> 0x00C0
[2618] [M]: 0x8001B68C (0x00C0006F) jal zero, 12


mem[X,0x8001B698] -> 0x5663
mem[X,0x8001B69A] -> 0x00B5
[2619] [M]: 0x8001B698 (0x00B55663) bge a0, a1, 12


mem[X,0x8001B69C] -> 0x0613
mem[X,0x8001B69E] -> 0x0026
[2620] [M]: 0x8001B69C (0x00260613) addi a2, a2, 2
x12 <- 0x00000002


mem[X,0x8001B6A0] -> 0x006F
mem[X,0x8001B6A2] -> 0x00C0
[2621] [M]: 0x8001B6A0 (0x00C0006F) jal zero, 12


mem[X,0x8001B6AC] -> 0x2023
mem[X,0x8001B6AE] -> 0x40C2
[2622] [M]: 0x8001B6AC (0x40C22023) sw a2, 1024(tp)
mem[0x8003B568] <- 0x00000002


mem[X,0x8001B6B0] -> 0xB537
mem[X,0x8001B6B2] -> 0x0000
[2623] [M]: 0x8001B6B0 (0x0000B537) lui a0, 11
x10 <- 0x0000B000


mem[X,0x8001B6B4] -> 0x0513
mem[X,0x8001B6B6] -> 0x5045
[2624] [M]: 0x8001B6B4 (0x50450513) addi a0, a0, 1284
x10 <- 0x0000B504


mem[X,0x8001B6B8] -> 0x65B7
mem[X,0x8001B6BA] -> 0x6666
[2625] [M]: 0x8001B6B8 (0x666665B7) lui a1, 419430
x11 <- 0x66666000


mem[X,0x8001B6BC] -> 0x8593
mem[X,0x8001B6BE] -> 0x6675
[2626] [M]: 0x8001B6BC (0x66758593) addi a1, a1, 1639
x11 <- 0x66666667


mem[X,0x8001B6C0] -> 0x0613
mem[X,0x8001B6C2] -> 0x0000
[2627] [M]: 0x8001B6C0 (0x00000613) addi a2, zero, 0
x12 <- 0x00000000


mem[X,0x8001B6C4] -> 0x006F
mem[X,0x8001B6C6] -> 0x00C0
[2628] [M]: 0x8001B6C4 (0x00C0006F) jal zero, 12


mem[X,0x8001B6D0] -> 0x5063
mem[X,0x8001B6D2] -> 0x10B5
[2629] [M]: 0x8001B6D0 (0x10B55063) bge a0, a1, 256


mem[X,0x8001B6D4] -> 0x0613
mem[X,0x8001B6D6] -> 0x0026
[2630] [M]: 0x8001B6D4 (0x00260613) addi a2, a2, 2
x12 <- 0x00000002


mem[X,0x8001B6D8] -> 0x006F
mem[X,0x8001B6DA] -> 0x1000
[2631] [M]: 0x8001B6D8 (0x1000006F) jal zero, 256


mem[X,0x8001B7D8] -> 0x2223
mem[X,0x8001B7DA] -> 0x40C2
[2632] [M]: 0x8001B7D8 (0x40C22223) sw a2, 1028(tp)
mem[0x8003B56C] <- 0x00000002


mem[X,0x8001B7DC] -> 0xB537
mem[X,0x8001B7DE] -> 0x0000
[2633] [M]: 0x8001B7DC (0x0000B537) lui a0, 11
x10 <- 0x0000B000


mem[X,0x8001B7E0] -> 0x0513
mem[X,0x8001B7E2] -> 0x5045
[2634] [M]: 0x8001B7E0 (0x50450513) addi a0, a0, 1284
x10 <- 0x0000B504


mem[X,0x8001B7E4] -> 0x55B7
mem[X,0x8001B7E6] -> 0xFFFF
[2635] [M]: 0x8001B7E4 (0xFFFF55B7) lui a1, 1048565
x11 <- 0xFFFF5000


mem[X,0x8001B7E8] -> 0x8593
mem[X,0x8001B7EA] -> 0xAFD5
[2636] [M]: 0x8001B7E8 (0xAFD58593) addi a1, a1, 2813
x11 <- 0xFFFF4AFD


mem[X,0x8001B7EC] -> 0x0613
mem[X,0x8001B7EE] -> 0x0000
[2637] [M]: 0x8001B7EC (0x00000613) addi a2, zero, 0
x12 <- 0x00000000


mem[X,0x8001B7F0] -> 0x006F
mem[X,0x8001B7F2] -> 0x00C0
[2638] [M]: 0x8001B7F0 (0x00C0006F) jal zero, 12


mem[X,0x8001B7FC] -> 0x5063
mem[X,0x8001B7FE] -> 0x02B5
[2639] [M]: 0x8001B7FC (0x02B55063) bge a0, a1, 32


mem[X,0x8001B81C] -> 0x0613
mem[X,0x8001B81E] -> 0x0036
[2640] [M]: 0x8001B81C (0x00360613) addi a2, a2, 3
x12 <- 0x00000003


mem[X,0x8001B820] -> 0x006F
mem[X,0x8001B822] -> 0x0040
[2641] [M]: 0x8001B820 (0x0040006F) jal zero, 4


mem[X,0x8001B824] -> 0x2423
mem[X,0x8001B826] -> 0x40C2
[2642] [M]: 0x8001B824 (0x40C22423) sw a2, 1032(tp)
mem[0x8003B570] <- 0x00000003


mem[X,0x8001B828] -> 0xB537
mem[X,0x8001B82A] -> 0x0000
[2643] [M]: 0x8001B828 (0x0000B537) lui a0, 11
x10 <- 0x0000B000


mem[X,0x8001B82C] -> 0x0513
mem[X,0x8001B82E] -> 0x5045
[2644] [M]: 0x8001B82C (0x50450513) addi a0, a0, 1284
x10 <- 0x0000B504


mem[X,0x8001B830] -> 0xB5B7
mem[X,0x8001B832] -> 0x0000
[2645] [M]: 0x8001B830 (0x0000B5B7) lui a1, 11
x11 <- 0x0000B000


mem[X,0x8001B834] -> 0x8593
mem[X,0x8001B836] -> 0x5055
[2646] [M]: 0x8001B834 (0x50558593) addi a1, a1, 1285
x11 <- 0x0000B505


mem[X,0x8001B838] -> 0x0613
mem[X,0x8001B83A] -> 0x0000
[2647] [M]: 0x8001B838 (0x00000613) addi a2, zero, 0
x12 <- 0x00000000


mem[X,0x8001B83C] -> 0x006F
mem[X,0x8001B83E] -> 0x00C0
[2648] [M]: 0x8001B83C (0x00C0006F) jal zero, 12


mem[X,0x8001B848] -> 0x5663
mem[X,0x8001B84A] -> 0x00B5
[2649] [M]: 0x8001B848 (0x00B55663) bge a0, a1, 12


mem[X,0x8001B84C] -> 0x0613
mem[X,0x8001B84E] -> 0x0026
[2650] [M]: 0x8001B84C (0x00260613) addi a2, a2, 2
x12 <- 0x00000002


mem[X,0x8001B850] -> 0x006F
mem[X,0x8001B852] -> 0x00C0
[2651] [M]: 0x8001B850 (0x00C0006F) jal zero, 12


mem[X,0x8001B85C] -> 0x2623
mem[X,0x8001B85E] -> 0x40C2
[2652] [M]: 0x8001B85C (0x40C22623) sw a2, 1036(tp)
mem[0x8003B574] <- 0x00000002


mem[X,0x8001B860] -> 0x0513
mem[X,0x8001B862] -> 0x0020
[2653] [M]: 0x8001B860 (0x00200513) addi a0, zero, 2
x10 <- 0x00000002


mem[X,0x8001B864] -> 0x0593
mem[X,0x8001B866] -> 0x0030
[2654] [M]: 0x8001B864 (0x00300593) addi a1, zero, 3
x11 <- 0x00000003


mem[X,0x8001B868] -> 0x0613
mem[X,0x8001B86A] -> 0x0000
[2655] [M]: 0x8001B868 (0x00000613) addi a2, zero, 0
x12 <- 0x00000000


mem[X,0x8001B86C] -> 0x006F
mem[X,0x8001B86E] -> 0x00C0
[2656] [M]: 0x8001B86C (0x00C0006F) jal zero, 12


mem[X,0x8001B878] -> 0x5063
mem[X,0x8001B87A] -> 0x10B5
[2657] [M]: 0x8001B878 (0x10B55063) bge a0, a1, 256


mem[X,0x8001B87C] -> 0x0613
mem[X,0x8001B87E] -> 0x0026
[2658] [M]: 0x8001B87C (0x00260613) addi a2, a2, 2
x12 <- 0x00000002


mem[X,0x8001B880] -> 0x006F
mem[X,0x8001B882] -> 0x1000
[2659] [M]: 0x8001B880 (0x1000006F) jal zero, 256


mem[X,0x8001B980] -> 0x2823
mem[X,0x8001B982] -> 0x40C2
[2660] [M]: 0x8001B980 (0x40C22823) sw a2, 1040(tp)
mem[0x8003B578] <- 0x00000002


mem[X,0x8001B984] -> 0x0513
mem[X,0x8001B986] -> 0x0020
[2661] [M]: 0x8001B984 (0x00200513) addi a0, zero, 2
x10 <- 0x00000002


mem[X,0x8001B988] -> 0x55B7
mem[X,0x8001B98A] -> 0x5555
[2662] [M]: 0x8001B988 (0x555555B7) lui a1, 349525
x11 <- 0x55555000


mem[X,0x8001B98C] -> 0x8593
mem[X,0x8001B98E] -> 0x5555
[2663] [M]: 0x8001B98C (0x55558593) addi a1, a1, 1365
x11 <- 0x55555555


mem[X,0x8001B990] -> 0x0613
mem[X,0x8001B992] -> 0x0000
[2664] [M]: 0x8001B990 (0x00000613) addi a2, zero, 0
x12 <- 0x00000000


mem[X,0x8001B994] -> 0x006F
mem[X,0x8001B996] -> 0x00C0
[2665] [M]: 0x8001B994 (0x00C0006F) jal zero, 12


mem[X,0x8001B9A0] -> 0x5663
mem[X,0x8001B9A2] -> 0x00B5
[2666] [M]: 0x8001B9A0 (0x00B55663) bge a0, a1, 12


mem[X,0x8001B9A4] -> 0x0613
mem[X,0x8001B9A6] -> 0x0026
[2667] [M]: 0x8001B9A4 (0x00260613) addi a2, a2, 2
x12 <- 0x00000002


mem[X,0x8001B9A8] -> 0x006F
mem[X,0x8001B9AA] -> 0x00C0
[2668] [M]: 0x8001B9A8 (0x00C0006F) jal zero, 12


mem[X,0x8001B9B4] -> 0x2A23
mem[X,0x8001B9B6] -> 0x40C2
[2669] [M]: 0x8001B9B4 (0x40C22A23) sw a2, 1044(tp)
mem[0x8003B57C] <- 0x00000002


mem[X,0x8001B9B8] -> 0x0513
mem[X,0x8001B9BA] -> 0x0020
[2670] [M]: 0x8001B9B8 (0x00200513) addi a0, zero, 2
x10 <- 0x00000002


mem[X,0x8001B9BC] -> 0xB5B7
mem[X,0x8001B9BE] -> 0xAAAA
[2671] [M]: 0x8001B9BC (0xAAAAB5B7) lui a1, 699051
x11 <- 0xAAAAB000


mem[X,0x8001B9C0] -> 0x8593
mem[X,0x8001B9C2] -> 0xAAA5
[2672] [M]: 0x8001B9C0 (0xAAA58593) addi a1, a1, 2730
x11 <- 0xAAAAAAAA


mem[X,0x8001B9C4] -> 0x0613
mem[X,0x8001B9C6] -> 0x0000
[2673] [M]: 0x8001B9C4 (0x00000613) addi a2, zero, 0
x12 <- 0x00000000


mem[X,0x8001B9C8] -> 0x006F
mem[X,0x8001B9CA] -> 0x00C0
[2674] [M]: 0x8001B9C8 (0x00C0006F) jal zero, 12


mem[X,0x8001B9D4] -> 0x5063
mem[X,0x8001B9D6] -> 0x10B5
[2675] [M]: 0x8001B9D4 (0x10B55063) bge a0, a1, 256


mem[X,0x8001BAD4] -> 0x0613
mem[X,0x8001BAD6] -> 0x0036
[2676] [M]: 0x8001BAD4 (0x00360613) addi a2, a2, 3
x12 <- 0x00000003


mem[X,0x8001BAD8] -> 0x006F
mem[X,0x8001BADA] -> 0x0040
[2677] [M]: 0x8001BAD8 (0x0040006F) jal zero, 4


mem[X,0x8001BADC] -> 0x2C23
mem[X,0x8001BADE] -> 0x40C2
[2678] [M]: 0x8001BADC (0x40C22C23) sw a2, 1048(tp)
mem[0x8003B580] <- 0x00000003


mem[X,0x8001BAE0] -> 0x0513
mem[X,0x8001BAE2] -> 0x0020
[2679] [M]: 0x8001BAE0 (0x00200513) addi a0, zero, 2
x10 <- 0x00000002


mem[X,0x8001BAE4] -> 0x0593
mem[X,0x8001BAE6] -> 0x0050
[2680] [M]: 0x8001BAE4 (0x00500593) addi a1, zero, 5
x11 <- 0x00000005


mem[X,0x8001BAE8] -> 0x0613
mem[X,0x8001BAEA] -> 0x0000
[2681] [M]: 0x8001BAE8 (0x00000613) addi a2, zero, 0
x12 <- 0x00000000


mem[X,0x8001BAEC] -> 0x006F
mem[X,0x8001BAEE] -> 0x00C0
[2682] [M]: 0x8001BAEC (0x00C0006F) jal zero, 12


mem[X,0x8001BAF8] -> 0x5063
mem[X,0x8001BAFA] -> 0x40B5
[2683] [M]: 0x8001BAF8 (0x40B55063) bge a0, a1, 1024


mem[X,0x8001BAFC] -> 0x0613
mem[X,0x8001BAFE] -> 0x0026
[2684] [M]: 0x8001BAFC (0x00260613) addi a2, a2, 2
x12 <- 0x00000002


mem[X,0x8001BB00] -> 0x006F
mem[X,0x8001BB02] -> 0x4000
[2685] [M]: 0x8001BB00 (0x4000006F) jal zero, 1024


mem[X,0x8001BF00] -> 0x2E23
mem[X,0x8001BF02] -> 0x40C2
[2686] [M]: 0x8001BF00 (0x40C22E23) sw a2, 1052(tp)
mem[0x8003B584] <- 0x00000002


mem[X,0x8001BF04] -> 0x0513
mem[X,0x8001BF06] -> 0x0020
[2687] [M]: 0x8001BF04 (0x00200513) addi a0, zero, 2
x10 <- 0x00000002


mem[X,0x8001BF08] -> 0x35B7
mem[X,0x8001BF0A] -> 0x3333
[2688] [M]: 0x8001BF08 (0x333335B7) lui a1, 209715
x11 <- 0x33333000


mem[X,0x8001BF0C] -> 0x8593
mem[X,0x8001BF0E] -> 0x3335
[2689] [M]: 0x8001BF0C (0x33358593) addi a1, a1, 819
x11 <- 0x33333333


mem[X,0x8001BF10] -> 0x0613
mem[X,0x8001BF12] -> 0x0000
[2690] [M]: 0x8001BF10 (0x00000613) addi a2, zero, 0
x12 <- 0x00000000


mem[X,0x8001BF14] -> 0x006F
mem[X,0x8001BF16] -> 0x00C0
[2691] [M]: 0x8001BF14 (0x00C0006F) jal zero, 12


mem[X,0x8001BF20] -> 0x5CE3
mem[X,0x8001BF22] -> 0xFEB5
[2692] [M]: 0x8001BF20 (0xFEB55CE3) bge a0, a1, 8184


mem[X,0x8001BF24] -> 0x0613
mem[X,0x8001BF26] -> 0x0026
[2693] [M]: 0x8001BF24 (0x00260613) addi a2, a2, 2
x12 <- 0x00000002


mem[X,0x8001BF28] -> 0x006F
mem[X,0x8001BF2A] -> 0x00C0
[2694] [M]: 0x8001BF28 (0x00C0006F) jal zero, 12


mem[X,0x8001BF34] -> 0x2023
mem[X,0x8001BF36] -> 0x42C2
[2695] [M]: 0x8001BF34 (0x42C22023) sw a2, 1056(tp)
mem[0x8003B588] <- 0x00000002


mem[X,0x8001BF38] -> 0x0513
mem[X,0x8001BF3A] -> 0x0020
[2696] [M]: 0x8001BF38 (0x00200513) addi a0, zero, 2
x10 <- 0x00000002


mem[X,0x8001BF3C] -> 0x65B7
mem[X,0x8001BF3E] -> 0x6666
[2697] [M]: 0x8001BF3C (0x666665B7) lui a1, 419430
x11 <- 0x66666000


mem[X,0x8001BF40] -> 0x8593
mem[X,0x8001BF42] -> 0x6665
[2698] [M]: 0x8001BF40 (0x66658593) addi a1, a1, 1638
x11 <- 0x66666666


mem[X,0x8001BF44] -> 0x0613
mem[X,0x8001BF46] -> 0x0000
[2699] [M]: 0x8001BF44 (0x00000613) addi a2, zero, 0
x12 <- 0x00000000


clint::tick mtime <- 0x000000000000001B
 clint timer pending at mtime 0x000000000000001B
htif::tick 0x0000000000000000
mem[X,0x8001BF48] -> 0x006F
mem[X,0x8001BF4A] -> 0x00C0
[2700] [M]: 0x8001BF48 (0x00C0006F) jal zero, 12


mem[X,0x8001BF54] -> 0x5CE3
mem[X,0x8001BF56] -> 0xFEB5
[2701] [M]: 0x8001BF54 (0xFEB55CE3) bge a0, a1, 8184


mem[X,0x8001BF58] -> 0x0613
mem[X,0x8001BF5A] -> 0x0026
[2702] [M]: 0x8001BF58 (0x00260613) addi a2, a2, 2
x12 <- 0x00000002


mem[X,0x8001BF5C] -> 0x006F
mem[X,0x8001BF5E] -> 0x00C0
[2703] [M]: 0x8001BF5C (0x00C0006F) jal zero, 12


mem[X,0x8001BF68] -> 0x2223
mem[X,0x8001BF6A] -> 0x42C2
[2704] [M]: 0x8001BF68 (0x42C22223) sw a2, 1060(tp)
mem[0x8003B58C] <- 0x00000002


mem[X,0x8001BF6C] -> 0x0513
mem[X,0x8001BF6E] -> 0x0020
[2705] [M]: 0x8001BF6C (0x00200513) addi a0, zero, 2
x10 <- 0x00000002


mem[X,0x8001BF70] -> 0x55B7
mem[X,0x8001BF72] -> 0xFFFF
[2706] [M]: 0x8001BF70 (0xFFFF55B7) lui a1, 1048565
x11 <- 0xFFFF5000


mem[X,0x8001BF74] -> 0x8593
mem[X,0x8001BF76] -> 0xAFC5
[2707] [M]: 0x8001BF74 (0xAFC58593) addi a1, a1, 2812
x11 <- 0xFFFF4AFC


mem[X,0x8001BF78] -> 0x0613
mem[X,0x8001BF7A] -> 0x0000
[2708] [M]: 0x8001BF78 (0x00000613) addi a2, zero, 0
x12 <- 0x00000000


mem[X,0x8001BF7C] -> 0x006F
mem[X,0x8001BF7E] -> 0x00C0
[2709] [M]: 0x8001BF7C (0x00C0006F) jal zero, 12


mem[X,0x8001BF88] -> 0x5CE3
mem[X,0x8001BF8A] -> 0xFEB5
[2710] [M]: 0x8001BF88 (0xFEB55CE3) bge a0, a1, 8184


mem[X,0x8001BF80] -> 0x0613
mem[X,0x8001BF82] -> 0x0016
[2711] [M]: 0x8001BF80 (0x00160613) addi a2, a2, 1
x12 <- 0x00000001


mem[X,0x8001BF84] -> 0x006F
mem[X,0x8001BF86] -> 0x0180
[2712] [M]: 0x8001BF84 (0x0180006F) jal zero, 24


mem[X,0x8001BF9C] -> 0x2423
mem[X,0x8001BF9E] -> 0x42C2
[2713] [M]: 0x8001BF9C (0x42C22423) sw a2, 1064(tp)
mem[0x8003B590] <- 0x00000001


mem[X,0x8001BFA0] -> 0x0513
mem[X,0x8001BFA2] -> 0x0020
[2714] [M]: 0x8001BFA0 (0x00200513) addi a0, zero, 2
x10 <- 0x00000002


mem[X,0x8001BFA4] -> 0xB5B7
mem[X,0x8001BFA6] -> 0x0000
[2715] [M]: 0x8001BFA4 (0x0000B5B7) lui a1, 11
x11 <- 0x0000B000


mem[X,0x8001BFA8] -> 0x8593
mem[X,0x8001BFAA] -> 0x5045
[2716] [M]: 0x8001BFA8 (0x50458593) addi a1, a1, 1284
x11 <- 0x0000B504


mem[X,0x8001BFAC] -> 0x0613
mem[X,0x8001BFAE] -> 0x0000
[2717] [M]: 0x8001BFAC (0x00000613) addi a2, zero, 0
x12 <- 0x00000000


mem[X,0x8001BFB0] -> 0x006F
mem[X,0x8001BFB2] -> 0x00C0
[2718] [M]: 0x8001BFB0 (0x00C0006F) jal zero, 12


mem[X,0x8001BFBC] -> 0x5CE3
mem[X,0x8001BFBE] -> 0xFEB5
[2719] [M]: 0x8001BFBC (0xFEB55CE3) bge a0, a1, 8184


mem[X,0x8001BFC0] -> 0x0613
mem[X,0x8001BFC2] -> 0x0026
[2720] [M]: 0x8001BFC0 (0x00260613) addi a2, a2, 2
x12 <- 0x00000002


mem[X,0x8001BFC4] -> 0x006F
mem[X,0x8001BFC6] -> 0x00C0
[2721] [M]: 0x8001BFC4 (0x00C0006F) jal zero, 12


mem[X,0x8001BFD0] -> 0x2623
mem[X,0x8001BFD2] -> 0x42C2
[2722] [M]: 0x8001BFD0 (0x42C22623) sw a2, 1068(tp)
mem[0x8003B594] <- 0x00000002


mem[X,0x8001BFD4] -> 0x0513
mem[X,0x8001BFD6] -> 0x0020
[2723] [M]: 0x8001BFD4 (0x00200513) addi a0, zero, 2
x10 <- 0x00000002


mem[X,0x8001BFD8] -> 0x0593
mem[X,0x8001BFDA] -> 0x0020
[2724] [M]: 0x8001BFD8 (0x00200593) addi a1, zero, 2
x11 <- 0x00000002


mem[X,0x8001BFDC] -> 0x0613
mem[X,0x8001BFDE] -> 0x0000
[2725] [M]: 0x8001BFDC (0x00000613) addi a2, zero, 0
x12 <- 0x00000000


mem[X,0x8001BFE0] -> 0x006F
mem[X,0x8001BFE2] -> 0x00C0
[2726] [M]: 0x8001BFE0 (0x00C0006F) jal zero, 12


mem[X,0x8001BFEC] -> 0x5663
mem[X,0x8001BFEE] -> 0x00B5
[2727] [M]: 0x8001BFEC (0x00B55663) bge a0, a1, 12


mem[X,0x8001BFF8] -> 0x0613
mem[X,0x8001BFFA] -> 0x0036
[2728] [M]: 0x8001BFF8 (0x00360613) addi a2, a2, 3
x12 <- 0x00000003


mem[X,0x8001BFFC] -> 0x006F
mem[X,0x8001BFFE] -> 0x0040
[2729] [M]: 0x8001BFFC (0x0040006F) jal zero, 4


mem[X,0x8001C000] -> 0x2823
mem[X,0x8001C002] -> 0x42C2
[2730] [M]: 0x8001C000 (0x42C22823) sw a2, 1072(tp)
mem[0x8003B598] <- 0x00000003


mem[X,0x8001C004] -> 0x0513
mem[X,0x8001C006] -> 0x0020
[2731] [M]: 0x8001C004 (0x00200513) addi a0, zero, 2
x10 <- 0x00000002


mem[X,0x8001C008] -> 0x55B7
mem[X,0x8001C00A] -> 0x5555
[2732] [M]: 0x8001C008 (0x555555B7) lui a1, 349525
x11 <- 0x55555000


mem[X,0x8001C00C] -> 0x8593
mem[X,0x8001C00E] -> 0x5545
[2733] [M]: 0x8001C00C (0x55458593) addi a1, a1, 1364
x11 <- 0x55555554


mem[X,0x8001C010] -> 0x0613
mem[X,0x8001C012] -> 0x0000
[2734] [M]: 0x8001C010 (0x00000613) addi a2, zero, 0
x12 <- 0x00000000


mem[X,0x8001C014] -> 0x006F
mem[X,0x8001C016] -> 0x0100
[2735] [M]: 0x8001C014 (0x0100006F) jal zero, 16


mem[X,0x8001C024] -> 0x5AE3
mem[X,0x8001C026] -> 0xFEB5
[2736] [M]: 0x8001C024 (0xFEB55AE3) bge a0, a1, 8180


mem[X,0x8001C028] -> 0x0613
mem[X,0x8001C02A] -> 0x0026
[2737] [M]: 0x8001C028 (0x00260613) addi a2, a2, 2
x12 <- 0x00000002


mem[X,0x8001C02C] -> 0x006F
mem[X,0x8001C02E] -> 0x00C0
[2738] [M]: 0x8001C02C (0x00C0006F) jal zero, 12


mem[X,0x8001C038] -> 0x2A23
mem[X,0x8001C03A] -> 0x42C2
[2739] [M]: 0x8001C038 (0x42C22A23) sw a2, 1076(tp)
mem[0x8003B59C] <- 0x00000002


mem[X,0x8001C03C] -> 0x0513
mem[X,0x8001C03E] -> 0x0020
[2740] [M]: 0x8001C03C (0x00200513) addi a0, zero, 2
x10 <- 0x00000002


mem[X,0x8001C040] -> 0x0593
mem[X,0x8001C042] -> 0x0000
[2741] [M]: 0x8001C040 (0x00000593) addi a1, zero, 0
x11 <- 0x00000000


mem[X,0x8001C044] -> 0x0613
mem[X,0x8001C046] -> 0x0000
[2742] [M]: 0x8001C044 (0x00000613) addi a2, zero, 0
x12 <- 0x00000000


mem[X,0x8001C048] -> 0x006F
mem[X,0x8001C04A] -> 0x00C0
[2743] [M]: 0x8001C048 (0x00C0006F) jal zero, 12


mem[X,0x8001C054] -> 0x5863
mem[X,0x8001C056] -> 0x00B5
[2744] [M]: 0x8001C054 (0x00B55863) bge a0, a1, 16


mem[X,0x8001C064] -> 0x0613
mem[X,0x8001C066] -> 0x0036
[2745] [M]: 0x8001C064 (0x00360613) addi a2, a2, 3
x12 <- 0x00000003


mem[X,0x8001C068] -> 0x006F
mem[X,0x8001C06A] -> 0x0040
[2746] [M]: 0x8001C068 (0x0040006F) jal zero, 4


mem[X,0x8001C06C] -> 0x2C23
mem[X,0x8001C06E] -> 0x42C2
[2747] [M]: 0x8001C06C (0x42C22C23) sw a2, 1080(tp)
mem[0x8003B5A0] <- 0x00000003


mem[X,0x8001C070] -> 0x0513
mem[X,0x8001C072] -> 0x0020
[2748] [M]: 0x8001C070 (0x00200513) addi a0, zero, 2
x10 <- 0x00000002


mem[X,0x8001C074] -> 0x0593
mem[X,0x8001C076] -> 0x0040
[2749] [M]: 0x8001C074 (0x00400593) addi a1, zero, 4
x11 <- 0x00000004


mem[X,0x8001C078] -> 0x0613
mem[X,0x8001C07A] -> 0x0000
[2750] [M]: 0x8001C078 (0x00000613) addi a2, zero, 0
x12 <- 0x00000000


mem[X,0x8001C07C] -> 0x006F
mem[X,0x8001C07E] -> 0x0100
[2751] [M]: 0x8001C07C (0x0100006F) jal zero, 16


mem[X,0x8001C08C] -> 0x5AE3
mem[X,0x8001C08E] -> 0xFEB5
[2752] [M]: 0x8001C08C (0xFEB55AE3) bge a0, a1, 8180


mem[X,0x8001C090] -> 0x0613
mem[X,0x8001C092] -> 0x0026
[2753] [M]: 0x8001C090 (0x00260613) addi a2, a2, 2
x12 <- 0x00000002


mem[X,0x8001C094] -> 0x006F
mem[X,0x8001C096] -> 0x00C0
[2754] [M]: 0x8001C094 (0x00C0006F) jal zero, 12


mem[X,0x8001C0A0] -> 0x2E23
mem[X,0x8001C0A2] -> 0x42C2
[2755] [M]: 0x8001C0A0 (0x42C22E23) sw a2, 1084(tp)
mem[0x8003B5A4] <- 0x00000002


mem[X,0x8001C0A4] -> 0x0513
mem[X,0x8001C0A6] -> 0x0020
[2756] [M]: 0x8001C0A4 (0x00200513) addi a0, zero, 2
x10 <- 0x00000002


mem[X,0x8001C0A8] -> 0x35B7
mem[X,0x8001C0AA] -> 0x3333
[2757] [M]: 0x8001C0A8 (0x333335B7) lui a1, 209715
x11 <- 0x33333000


mem[X,0x8001C0AC] -> 0x8593
mem[X,0x8001C0AE] -> 0x3325
[2758] [M]: 0x8001C0AC (0x33258593) addi a1, a1, 818
x11 <- 0x33333332


mem[X,0x8001C0B0] -> 0x0613
mem[X,0x8001C0B2] -> 0x0000
[2759] [M]: 0x8001C0B0 (0x00000613) addi a2, zero, 0
x12 <- 0x00000000


mem[X,0x8001C0B4] -> 0x006F
mem[X,0x8001C0B6] -> 0x00C0
[2760] [M]: 0x8001C0B4 (0x00C0006F) jal zero, 12


mem[X,0x8001C0C0] -> 0x5663
mem[X,0x8001C0C2] -> 0x00B5
[2761] [M]: 0x8001C0C0 (0x00B55663) bge a0, a1, 12


mem[X,0x8001C0C4] -> 0x0613
mem[X,0x8001C0C6] -> 0x0026
[2762] [M]: 0x8001C0C4 (0x00260613) addi a2, a2, 2
x12 <- 0x00000002


mem[X,0x8001C0C8] -> 0x006F
mem[X,0x8001C0CA] -> 0x00C0
[2763] [M]: 0x8001C0C8 (0x00C0006F) jal zero, 12


mem[X,0x8001C0D4] -> 0x2023
mem[X,0x8001C0D6] -> 0x44C2
[2764] [M]: 0x8001C0D4 (0x44C22023) sw a2, 1088(tp)
mem[0x8003B5A8] <- 0x00000002


mem[X,0x8001C0D8] -> 0x0513
mem[X,0x8001C0DA] -> 0x0020
[2765] [M]: 0x8001C0D8 (0x00200513) addi a0, zero, 2
x10 <- 0x00000002


mem[X,0x8001C0DC] -> 0x65B7
mem[X,0x8001C0DE] -> 0x6666
[2766] [M]: 0x8001C0DC (0x666665B7) lui a1, 419430
x11 <- 0x66666000


mem[X,0x8001C0E0] -> 0x8593
mem[X,0x8001C0E2] -> 0x6655
[2767] [M]: 0x8001C0E0 (0x66558593) addi a1, a1, 1637
x11 <- 0x66666665


mem[X,0x8001C0E4] -> 0x0613
mem[X,0x8001C0E6] -> 0x0000
[2768] [M]: 0x8001C0E4 (0x00000613) addi a2, zero, 0
x12 <- 0x00000000


mem[X,0x8001C0E8] -> 0x006F
mem[X,0x8001C0EA] -> 0x00C0
[2769] [M]: 0x8001C0E8 (0x00C0006F) jal zero, 12


mem[X,0x8001C0F4] -> 0x5063
mem[X,0x8001C0F6] -> 0x40B5
[2770] [M]: 0x8001C0F4 (0x40B55063) bge a0, a1, 1024


mem[X,0x8001C0F8] -> 0x0613
mem[X,0x8001C0FA] -> 0x0026
[2771] [M]: 0x8001C0F8 (0x00260613) addi a2, a2, 2
x12 <- 0x00000002


mem[X,0x8001C0FC] -> 0x006F
mem[X,0x8001C0FE] -> 0x4000
[2772] [M]: 0x8001C0FC (0x4000006F) jal zero, 1024


mem[X,0x8001C4FC] -> 0x2223
mem[X,0x8001C4FE] -> 0x44C2
[2773] [M]: 0x8001C4FC (0x44C22223) sw a2, 1092(tp)
mem[0x8003B5AC] <- 0x00000002


mem[X,0x8001C500] -> 0x0513
mem[X,0x8001C502] -> 0x0020
[2774] [M]: 0x8001C500 (0x00200513) addi a0, zero, 2
x10 <- 0x00000002


mem[X,0x8001C504] -> 0xB5B7
mem[X,0x8001C506] -> 0x0000
[2775] [M]: 0x8001C504 (0x0000B5B7) lui a1, 11
x11 <- 0x0000B000


mem[X,0x8001C508] -> 0x8593
mem[X,0x8001C50A] -> 0x5035
[2776] [M]: 0x8001C508 (0x50358593) addi a1, a1, 1283
x11 <- 0x0000B503


mem[X,0x8001C50C] -> 0x0613
mem[X,0x8001C50E] -> 0x0000
[2777] [M]: 0x8001C50C (0x00000613) addi a2, zero, 0
x12 <- 0x00000000


mem[X,0x8001C510] -> 0x006F
mem[X,0x8001C512] -> 0x00C0
[2778] [M]: 0x8001C510 (0x00C0006F) jal zero, 12


mem[X,0x8001C51C] -> 0x5663
mem[X,0x8001C51E] -> 0x00B5
[2779] [M]: 0x8001C51C (0x00B55663) bge a0, a1, 12


mem[X,0x8001C520] -> 0x0613
mem[X,0x8001C522] -> 0x0026
[2780] [M]: 0x8001C520 (0x00260613) addi a2, a2, 2
x12 <- 0x00000002


mem[X,0x8001C524] -> 0x006F
mem[X,0x8001C526] -> 0x00C0
[2781] [M]: 0x8001C524 (0x00C0006F) jal zero, 12


mem[X,0x8001C530] -> 0x2423
mem[X,0x8001C532] -> 0x44C2
[2782] [M]: 0x8001C530 (0x44C22423) sw a2, 1096(tp)
mem[0x8003B5B0] <- 0x00000002


mem[X,0x8001C534] -> 0x0513
mem[X,0x8001C536] -> 0x0020
[2783] [M]: 0x8001C534 (0x00200513) addi a0, zero, 2
x10 <- 0x00000002


mem[X,0x8001C538] -> 0x55B7
mem[X,0x8001C53A] -> 0x5555
[2784] [M]: 0x8001C538 (0x555555B7) lui a1, 349525
x11 <- 0x55555000


mem[X,0x8001C53C] -> 0x8593
mem[X,0x8001C53E] -> 0x5565
[2785] [M]: 0x8001C53C (0x55658593) addi a1, a1, 1366
x11 <- 0x55555556


mem[X,0x8001C540] -> 0x0613
mem[X,0x8001C542] -> 0x0000
[2786] [M]: 0x8001C540 (0x00000613) addi a2, zero, 0
x12 <- 0x00000000


mem[X,0x8001C544] -> 0x006F
mem[X,0x8001C546] -> 0x00C0
[2787] [M]: 0x8001C544 (0x00C0006F) jal zero, 12


mem[X,0x8001C550] -> 0x5663
mem[X,0x8001C552] -> 0x00B5
[2788] [M]: 0x8001C550 (0x00B55663) bge a0, a1, 12


mem[X,0x8001C554] -> 0x0613
mem[X,0x8001C556] -> 0x0026
[2789] [M]: 0x8001C554 (0x00260613) addi a2, a2, 2
x12 <- 0x00000002


mem[X,0x8001C558] -> 0x006F
mem[X,0x8001C55A] -> 0x00C0
[2790] [M]: 0x8001C558 (0x00C0006F) jal zero, 12


mem[X,0x8001C564] -> 0x2623
mem[X,0x8001C566] -> 0x44C2
[2791] [M]: 0x8001C564 (0x44C22623) sw a2, 1100(tp)
mem[0x8003B5B4] <- 0x00000002


mem[X,0x8001C568] -> 0x0513
mem[X,0x8001C56A] -> 0x0020
[2792] [M]: 0x8001C568 (0x00200513) addi a0, zero, 2
x10 <- 0x00000002


mem[X,0x8001C56C] -> 0xB5B7
mem[X,0x8001C56E] -> 0xAAAA
[2793] [M]: 0x8001C56C (0xAAAAB5B7) lui a1, 699051
x11 <- 0xAAAAB000


mem[X,0x8001C570] -> 0x8593
mem[X,0x8001C572] -> 0xAAB5
[2794] [M]: 0x8001C570 (0xAAB58593) addi a1, a1, 2731
x11 <- 0xAAAAAAAB


mem[X,0x8001C574] -> 0x0613
mem[X,0x8001C576] -> 0x0000
[2795] [M]: 0x8001C574 (0x00000613) addi a2, zero, 0
x12 <- 0x00000000


mem[X,0x8001C578] -> 0x006F
mem[X,0x8001C57A] -> 0x00C0
[2796] [M]: 0x8001C578 (0x00C0006F) jal zero, 12


mem[X,0x8001C584] -> 0x5663
mem[X,0x8001C586] -> 0x00B5
[2797] [M]: 0x8001C584 (0x00B55663) bge a0, a1, 12


mem[X,0x8001C590] -> 0x0613
mem[X,0x8001C592] -> 0x0036
[2798] [M]: 0x8001C590 (0x00360613) addi a2, a2, 3
x12 <- 0x00000003


mem[X,0x8001C594] -> 0x006F
mem[X,0x8001C596] -> 0x0040
[2799] [M]: 0x8001C594 (0x0040006F) jal zero, 4


clint::tick mtime <- 0x000000000000001C
 clint timer pending at mtime 0x000000000000001C
htif::tick 0x0000000000000000
mem[X,0x8001C598] -> 0x2823
mem[X,0x8001C59A] -> 0x44C2
[2800] [M]: 0x8001C598 (0x44C22823) sw a2, 1104(tp)
mem[0x8003B5B8] <- 0x00000003


mem[X,0x8001C59C] -> 0x0513
mem[X,0x8001C59E] -> 0x0020
[2801] [M]: 0x8001C59C (0x00200513) addi a0, zero, 2
x10 <- 0x00000002


mem[X,0x8001C5A0] -> 0x0593
mem[X,0x8001C5A2] -> 0x0060
[2802] [M]: 0x8001C5A0 (0x00600593) addi a1, zero, 6
x11 <- 0x00000006


mem[X,0x8001C5A4] -> 0x0613
mem[X,0x8001C5A6] -> 0x0000
[2803] [M]: 0x8001C5A4 (0x00000613) addi a2, zero, 0
x12 <- 0x00000000


mem[X,0x8001C5A8] -> 0x006F
mem[X,0x8001C5AA] -> 0x00C0
[2804] [M]: 0x8001C5A8 (0x00C0006F) jal zero, 12


mem[X,0x8001C5B4] -> 0x5663
mem[X,0x8001C5B6] -> 0x00B5
[2805] [M]: 0x8001C5B4 (0x00B55663) bge a0, a1, 12


mem[X,0x8001C5B8] -> 0x0613
mem[X,0x8001C5BA] -> 0x0026
[2806] [M]: 0x8001C5B8 (0x00260613) addi a2, a2, 2
x12 <- 0x00000002


mem[X,0x8001C5BC] -> 0x006F
mem[X,0x8001C5BE] -> 0x00C0
[2807] [M]: 0x8001C5BC (0x00C0006F) jal zero, 12


mem[X,0x8001C5C8] -> 0x2A23
mem[X,0x8001C5CA] -> 0x44C2
[2808] [M]: 0x8001C5C8 (0x44C22A23) sw a2, 1108(tp)
mem[0x8003B5BC] <- 0x00000002


mem[X,0x8001C5CC] -> 0x0513
mem[X,0x8001C5CE] -> 0x0020
[2809] [M]: 0x8001C5CC (0x00200513) addi a0, zero, 2
x10 <- 0x00000002


mem[X,0x8001C5D0] -> 0x35B7
mem[X,0x8001C5D2] -> 0x3333
[2810] [M]: 0x8001C5D0 (0x333335B7) lui a1, 209715
x11 <- 0x33333000


mem[X,0x8001C5D4] -> 0x8593
mem[X,0x8001C5D6] -> 0x3345
[2811] [M]: 0x8001C5D4 (0x33458593) addi a1, a1, 820
x11 <- 0x33333334


mem[X,0x8001C5D8] -> 0x0613
mem[X,0x8001C5DA] -> 0x0000
[2812] [M]: 0x8001C5D8 (0x00000613) addi a2, zero, 0
x12 <- 0x00000000


mem[X,0x8001C5DC] -> 0x006F
mem[X,0x8001C5DE] -> 0x00C0
[2813] [M]: 0x8001C5DC (0x00C0006F) jal zero, 12


mem[X,0x8001C5E8] -> 0x5063
mem[X,0x8001C5EA] -> 0x04B5
[2814] [M]: 0x8001C5E8 (0x04B55063) bge a0, a1, 64


mem[X,0x8001C5EC] -> 0x0613
mem[X,0x8001C5EE] -> 0x0026
[2815] [M]: 0x8001C5EC (0x00260613) addi a2, a2, 2
x12 <- 0x00000002


mem[X,0x8001C5F0] -> 0x006F
mem[X,0x8001C5F2] -> 0x0400
[2816] [M]: 0x8001C5F0 (0x0400006F) jal zero, 64


mem[X,0x8001C630] -> 0x2C23
mem[X,0x8001C632] -> 0x44C2
[2817] [M]: 0x8001C630 (0x44C22C23) sw a2, 1112(tp)
mem[0x8003B5C0] <- 0x00000002


mem[X,0x8001C634] -> 0x0513
mem[X,0x8001C636] -> 0x0020
[2818] [M]: 0x8001C634 (0x00200513) addi a0, zero, 2
x10 <- 0x00000002


mem[X,0x8001C638] -> 0x65B7
mem[X,0x8001C63A] -> 0x6666
[2819] [M]: 0x8001C638 (0x666665B7) lui a1, 419430
x11 <- 0x66666000


mem[X,0x8001C63C] -> 0x8593
mem[X,0x8001C63E] -> 0x6675
[2820] [M]: 0x8001C63C (0x66758593) addi a1, a1, 1639
x11 <- 0x66666667


mem[X,0x8001C640] -> 0x0613
mem[X,0x8001C642] -> 0x0000
[2821] [M]: 0x8001C640 (0x00000613) addi a2, zero, 0
x12 <- 0x00000000


mem[X,0x8001C644] -> 0x006F
mem[X,0x8001C646] -> 0x00C0
[2822] [M]: 0x8001C644 (0x00C0006F) jal zero, 12


mem[X,0x8001C650] -> 0x5663
mem[X,0x8001C652] -> 0x00B5
[2823] [M]: 0x8001C650 (0x00B55663) bge a0, a1, 12


mem[X,0x8001C654] -> 0x0613
mem[X,0x8001C656] -> 0x0026
[2824] [M]: 0x8001C654 (0x00260613) addi a2, a2, 2
x12 <- 0x00000002


mem[X,0x8001C658] -> 0x006F
mem[X,0x8001C65A] -> 0x00C0
[2825] [M]: 0x8001C658 (0x00C0006F) jal zero, 12


mem[X,0x8001C664] -> 0x2E23
mem[X,0x8001C666] -> 0x44C2
[2826] [M]: 0x8001C664 (0x44C22E23) sw a2, 1116(tp)
mem[0x8003B5C4] <- 0x00000002


mem[X,0x8001C668] -> 0x0513
mem[X,0x8001C66A] -> 0x0020
[2827] [M]: 0x8001C668 (0x00200513) addi a0, zero, 2
x10 <- 0x00000002


mem[X,0x8001C66C] -> 0x55B7
mem[X,0x8001C66E] -> 0xFFFF
[2828] [M]: 0x8001C66C (0xFFFF55B7) lui a1, 1048565
x11 <- 0xFFFF5000


mem[X,0x8001C670] -> 0x8593
mem[X,0x8001C672] -> 0xAFD5
[2829] [M]: 0x8001C670 (0xAFD58593) addi a1, a1, 2813
x11 <- 0xFFFF4AFD


mem[X,0x8001C674] -> 0x0613
mem[X,0x8001C676] -> 0x0000
[2830] [M]: 0x8001C674 (0x00000613) addi a2, zero, 0
x12 <- 0x00000000


mem[X,0x8001C678] -> 0x006F
mem[X,0x8001C67A] -> 0x00C0
[2831] [M]: 0x8001C678 (0x00C0006F) jal zero, 12


mem[X,0x8001C684] -> 0x5063
mem[X,0x8001C686] -> 0x04B5
[2832] [M]: 0x8001C684 (0x04B55063) bge a0, a1, 64


mem[X,0x8001C6C4] -> 0x0613
mem[X,0x8001C6C6] -> 0x0036
[2833] [M]: 0x8001C6C4 (0x00360613) addi a2, a2, 3
x12 <- 0x00000003


mem[X,0x8001C6C8] -> 0x006F
mem[X,0x8001C6CA] -> 0x0040
[2834] [M]: 0x8001C6C8 (0x0040006F) jal zero, 4


mem[X,0x8001C6CC] -> 0x2023
mem[X,0x8001C6CE] -> 0x46C2
[2835] [M]: 0x8001C6CC (0x46C22023) sw a2, 1120(tp)
mem[0x8003B5C8] <- 0x00000003


mem[X,0x8001C6D0] -> 0x0513
mem[X,0x8001C6D2] -> 0x0020
[2836] [M]: 0x8001C6D0 (0x00200513) addi a0, zero, 2
x10 <- 0x00000002


mem[X,0x8001C6D4] -> 0xB5B7
mem[X,0x8001C6D6] -> 0x0000
[2837] [M]: 0x8001C6D4 (0x0000B5B7) lui a1, 11
x11 <- 0x0000B000


mem[X,0x8001C6D8] -> 0x8593
mem[X,0x8001C6DA] -> 0x5055
[2838] [M]: 0x8001C6D8 (0x50558593) addi a1, a1, 1285
x11 <- 0x0000B505


mem[X,0x8001C6DC] -> 0x0613
mem[X,0x8001C6DE] -> 0x0000
[2839] [M]: 0x8001C6DC (0x00000613) addi a2, zero, 0
x12 <- 0x00000000


mem[X,0x8001C6E0] -> 0x006F
mem[X,0x8001C6E2] -> 0x2B10
[2840] [M]: 0x8001C6E0 (0x2B10006F) jal zero, 2736


mem[X,0x8001D190] -> 0x5A63
mem[X,0x8001D192] -> 0xD4B5
[2841] [M]: 0x8001D190 (0xD4B55A63) bge a0, a1, 5460


mem[X,0x8001D194] -> 0x0613
mem[X,0x8001D196] -> 0x0026
[2842] [M]: 0x8001D194 (0x00260613) addi a2, a2, 2
x12 <- 0x00000002


mem[X,0x8001D198] -> 0x006F
mem[X,0x8001D19A] -> 0x00C0
[2843] [M]: 0x8001D198 (0x00C0006F) jal zero, 12


mem[X,0x8001D1A4] -> 0x2223
mem[X,0x8001D1A6] -> 0x46C2
[2844] [M]: 0x8001D1A4 (0x46C22223) sw a2, 1124(tp)
mem[0x8003B5CC] <- 0x00000002


mem[X,0x8001D1A8] -> 0x5537
mem[X,0x8001D1AA] -> 0x5555
[2845] [M]: 0x8001D1A8 (0x55555537) lui a0, 349525
x10 <- 0x55555000


mem[X,0x8001D1AC] -> 0x0513
mem[X,0x8001D1AE] -> 0x5545
[2846] [M]: 0x8001D1AC (0x55450513) addi a0, a0, 1364
x10 <- 0x55555554


mem[X,0x8001D1B0] -> 0x0593
mem[X,0x8001D1B2] -> 0x0030
[2847] [M]: 0x8001D1B0 (0x00300593) addi a1, zero, 3
x11 <- 0x00000003


mem[X,0x8001D1B4] -> 0x0613
mem[X,0x8001D1B6] -> 0x0000
[2848] [M]: 0x8001D1B4 (0x00000613) addi a2, zero, 0
x12 <- 0x00000000


mem[X,0x8001D1B8] -> 0x006F
mem[X,0x8001D1BA] -> 0x00C0
[2849] [M]: 0x8001D1B8 (0x00C0006F) jal zero, 12


mem[X,0x8001D1C4] -> 0x5CE3
mem[X,0x8001D1C6] -> 0xFEB5
[2850] [M]: 0x8001D1C4 (0xFEB55CE3) bge a0, a1, 8184


mem[X,0x8001D1BC] -> 0x0613
mem[X,0x8001D1BE] -> 0x0016
[2851] [M]: 0x8001D1BC (0x00160613) addi a2, a2, 1
x12 <- 0x00000001


mem[X,0x8001D1C0] -> 0x006F
mem[X,0x8001D1C2] -> 0x0180
[2852] [M]: 0x8001D1C0 (0x0180006F) jal zero, 24


mem[X,0x8001D1D8] -> 0x2423
mem[X,0x8001D1DA] -> 0x46C2
[2853] [M]: 0x8001D1D8 (0x46C22423) sw a2, 1128(tp)
mem[0x8003B5D0] <- 0x00000001


mem[X,0x8001D1DC] -> 0x5537
mem[X,0x8001D1DE] -> 0x5555
[2854] [M]: 0x8001D1DC (0x55555537) lui a0, 349525
x10 <- 0x55555000


mem[X,0x8001D1E0] -> 0x0513
mem[X,0x8001D1E2] -> 0x5545
[2855] [M]: 0x8001D1E0 (0x55450513) addi a0, a0, 1364
x10 <- 0x55555554


mem[X,0x8001D1E4] -> 0x55B7
mem[X,0x8001D1E6] -> 0x5555
[2856] [M]: 0x8001D1E4 (0x555555B7) lui a1, 349525
x11 <- 0x55555000


mem[X,0x8001D1E8] -> 0x8593
mem[X,0x8001D1EA] -> 0x5555
[2857] [M]: 0x8001D1E8 (0x55558593) addi a1, a1, 1365
x11 <- 0x55555555


mem[X,0x8001D1EC] -> 0x0613
mem[X,0x8001D1EE] -> 0x0000
[2858] [M]: 0x8001D1EC (0x00000613) addi a2, zero, 0
x12 <- 0x00000000


mem[X,0x8001D1F0] -> 0x006F
mem[X,0x8001D1F2] -> 0x00C0
[2859] [M]: 0x8001D1F0 (0x00C0006F) jal zero, 12


mem[X,0x8001D1FC] -> 0x5063
mem[X,0x8001D1FE] -> 0x08B5
[2860] [M]: 0x8001D1FC (0x08B55063) bge a0, a1, 128


mem[X,0x8001D200] -> 0x0613
mem[X,0x8001D202] -> 0x0026
[2861] [M]: 0x8001D200 (0x00260613) addi a2, a2, 2
x12 <- 0x00000002


mem[X,0x8001D204] -> 0x006F
mem[X,0x8001D206] -> 0x0800
[2862] [M]: 0x8001D204 (0x0800006F) jal zero, 128


mem[X,0x8001D284] -> 0x2623
mem[X,0x8001D286] -> 0x46C2
[2863] [M]: 0x8001D284 (0x46C22623) sw a2, 1132(tp)
mem[0x8003B5D4] <- 0x00000002


mem[X,0x8001D288] -> 0x5537
mem[X,0x8001D28A] -> 0x5555
[2864] [M]: 0x8001D288 (0x55555537) lui a0, 349525
x10 <- 0x55555000


mem[X,0x8001D28C] -> 0x0513
mem[X,0x8001D28E] -> 0x5545
[2865] [M]: 0x8001D28C (0x55450513) addi a0, a0, 1364
x10 <- 0x55555554


mem[X,0x8001D290] -> 0xB5B7
mem[X,0x8001D292] -> 0xAAAA
[2866] [M]: 0x8001D290 (0xAAAAB5B7) lui a1, 699051
x11 <- 0xAAAAB000


mem[X,0x8001D294] -> 0x8593
mem[X,0x8001D296] -> 0xAAA5
[2867] [M]: 0x8001D294 (0xAAA58593) addi a1, a1, 2730
x11 <- 0xAAAAAAAA


mem[X,0x8001D298] -> 0x0613
mem[X,0x8001D29A] -> 0x0000
[2868] [M]: 0x8001D298 (0x00000613) addi a2, zero, 0
x12 <- 0x00000000


mem[X,0x8001D29C] -> 0x006F
mem[X,0x8001D29E] -> 0x2B10
[2869] [M]: 0x8001D29C (0x2B10006F) jal zero, 2736


mem[X,0x8001DD4C] -> 0x5A63
mem[X,0x8001DD4E] -> 0xD4B5
[2870] [M]: 0x8001DD4C (0xD4B55A63) bge a0, a1, 5460


mem[X,0x8001D2A0] -> 0x0613
mem[X,0x8001D2A2] -> 0x0016
[2871] [M]: 0x8001D2A0 (0x00160613) addi a2, a2, 1
x12 <- 0x00000001


mem[X,0x8001D2A4] -> 0x006F
mem[X,0x8001D2A6] -> 0x2BD0
[2872] [M]: 0x8001D2A4 (0x2BD0006F) jal zero, 2748


mem[X,0x8001DD60] -> 0x2823
mem[X,0x8001DD62] -> 0x46C2
[2873] [M]: 0x8001DD60 (0x46C22823) sw a2, 1136(tp)
mem[0x8003B5D8] <- 0x00000001


mem[X,0x8001DD64] -> 0x5537
mem[X,0x8001DD66] -> 0x5555
[2874] [M]: 0x8001DD64 (0x55555537) lui a0, 349525
x10 <- 0x55555000


mem[X,0x8001DD68] -> 0x0513
mem[X,0x8001DD6A] -> 0x5545
[2875] [M]: 0x8001DD68 (0x55450513) addi a0, a0, 1364
x10 <- 0x55555554


mem[X,0x8001DD6C] -> 0x0593
mem[X,0x8001DD6E] -> 0x0050
[2876] [M]: 0x8001DD6C (0x00500593) addi a1, zero, 5
x11 <- 0x00000005


mem[X,0x8001DD70] -> 0x0613
mem[X,0x8001DD72] -> 0x0000
[2877] [M]: 0x8001DD70 (0x00000613) addi a2, zero, 0
x12 <- 0x00000000


mem[X,0x8001DD74] -> 0x006F
mem[X,0x8001DD76] -> 0x00C0
[2878] [M]: 0x8001DD74 (0x00C0006F) jal zero, 12


mem[X,0x8001DD80] -> 0x5863
mem[X,0x8001DD82] -> 0x00B5
[2879] [M]: 0x8001DD80 (0x00B55863) bge a0, a1, 16


mem[X,0x8001DD90] -> 0x0613
mem[X,0x8001DD92] -> 0x0036
[2880] [M]: 0x8001DD90 (0x00360613) addi a2, a2, 3
x12 <- 0x00000003


mem[X,0x8001DD94] -> 0x006F
mem[X,0x8001DD96] -> 0x0040
[2881] [M]: 0x8001DD94 (0x0040006F) jal zero, 4


mem[X,0x8001DD98] -> 0x2A23
mem[X,0x8001DD9A] -> 0x46C2
[2882] [M]: 0x8001DD98 (0x46C22A23) sw a2, 1140(tp)
mem[0x8003B5DC] <- 0x00000003


mem[X,0x8001DD9C] -> 0x5537
mem[X,0x8001DD9E] -> 0x5555
[2883] [M]: 0x8001DD9C (0x55555537) lui a0, 349525
x10 <- 0x55555000


mem[X,0x8001DDA0] -> 0x0513
mem[X,0x8001DDA2] -> 0x5545
[2884] [M]: 0x8001DDA0 (0x55450513) addi a0, a0, 1364
x10 <- 0x55555554


mem[X,0x8001DDA4] -> 0x35B7
mem[X,0x8001DDA6] -> 0x3333
[2885] [M]: 0x8001DDA4 (0x333335B7) lui a1, 209715
x11 <- 0x33333000


mem[X,0x8001DDA8] -> 0x8593
mem[X,0x8001DDAA] -> 0x3335
[2886] [M]: 0x8001DDA8 (0x33358593) addi a1, a1, 819
x11 <- 0x33333333


mem[X,0x8001DDAC] -> 0x0613
mem[X,0x8001DDAE] -> 0x0000
[2887] [M]: 0x8001DDAC (0x00000613) addi a2, zero, 0
x12 <- 0x00000000


mem[X,0x8001DDB0] -> 0x006F
mem[X,0x8001DDB2] -> 0x00C0
[2888] [M]: 0x8001DDB0 (0x00C0006F) jal zero, 12


mem[X,0x8001DDBC] -> 0x5663
mem[X,0x8001DDBE] -> 0x00B5
[2889] [M]: 0x8001DDBC (0x00B55663) bge a0, a1, 12


mem[X,0x8001DDC8] -> 0x0613
mem[X,0x8001DDCA] -> 0x0036
[2890] [M]: 0x8001DDC8 (0x00360613) addi a2, a2, 3
x12 <- 0x00000003


mem[X,0x8001DDCC] -> 0x006F
mem[X,0x8001DDCE] -> 0x0040
[2891] [M]: 0x8001DDCC (0x0040006F) jal zero, 4


mem[X,0x8001DDD0] -> 0x2C23
mem[X,0x8001DDD2] -> 0x46C2
[2892] [M]: 0x8001DDD0 (0x46C22C23) sw a2, 1144(tp)
mem[0x8003B5E0] <- 0x00000003


mem[X,0x8001DDD4] -> 0x5537
mem[X,0x8001DDD6] -> 0x5555
[2893] [M]: 0x8001DDD4 (0x55555537) lui a0, 349525
x10 <- 0x55555000


mem[X,0x8001DDD8] -> 0x0513
mem[X,0x8001DDDA] -> 0x5545
[2894] [M]: 0x8001DDD8 (0x55450513) addi a0, a0, 1364
x10 <- 0x55555554


mem[X,0x8001DDDC] -> 0x65B7
mem[X,0x8001DDDE] -> 0x6666
[2895] [M]: 0x8001DDDC (0x666665B7) lui a1, 419430
x11 <- 0x66666000


mem[X,0x8001DDE0] -> 0x8593
mem[X,0x8001DDE2] -> 0x6665
[2896] [M]: 0x8001DDE0 (0x66658593) addi a1, a1, 1638
x11 <- 0x66666666


mem[X,0x8001DDE4] -> 0x0613
mem[X,0x8001DDE6] -> 0x0000
[2897] [M]: 0x8001DDE4 (0x00000613) addi a2, zero, 0
x12 <- 0x00000000


mem[X,0x8001DDE8] -> 0x006F
mem[X,0x8001DDEA] -> 0x0100
[2898] [M]: 0x8001DDE8 (0x0100006F) jal zero, 16


mem[X,0x8001DDF8] -> 0x5AE3
mem[X,0x8001DDFA] -> 0xFEB5
[2899] [M]: 0x8001DDF8 (0xFEB55AE3) bge a0, a1, 8180


clint::tick mtime <- 0x000000000000001D
 clint timer pending at mtime 0x000000000000001D
htif::tick 0x0000000000000000
mem[X,0x8001DDFC] -> 0x0613
mem[X,0x8001DDFE] -> 0x0026
[2900] [M]: 0x8001DDFC (0x00260613) addi a2, a2, 2
x12 <- 0x00000002


mem[X,0x8001DE00] -> 0x006F
mem[X,0x8001DE02] -> 0x00C0
[2901] [M]: 0x8001DE00 (0x00C0006F) jal zero, 12


mem[X,0x8001DE0C] -> 0x2E23
mem[X,0x8001DE0E] -> 0x46C2
[2902] [M]: 0x8001DE0C (0x46C22E23) sw a2, 1148(tp)
mem[0x8003B5E4] <- 0x00000002


mem[X,0x8001DE10] -> 0x5537
mem[X,0x8001DE12] -> 0x5555
[2903] [M]: 0x8001DE10 (0x55555537) lui a0, 349525
x10 <- 0x55555000


mem[X,0x8001DE14] -> 0x0513
mem[X,0x8001DE16] -> 0x5545
[2904] [M]: 0x8001DE14 (0x55450513) addi a0, a0, 1364
x10 <- 0x55555554


mem[X,0x8001DE18] -> 0x55B7
mem[X,0x8001DE1A] -> 0xFFFF
[2905] [M]: 0x8001DE18 (0xFFFF55B7) lui a1, 1048565
x11 <- 0xFFFF5000


mem[X,0x8001DE1C] -> 0x8593
mem[X,0x8001DE1E] -> 0xAFC5
[2906] [M]: 0x8001DE1C (0xAFC58593) addi a1, a1, 2812
x11 <- 0xFFFF4AFC


mem[X,0x8001DE20] -> 0x0613
mem[X,0x8001DE22] -> 0x0000
[2907] [M]: 0x8001DE20 (0x00000613) addi a2, zero, 0
x12 <- 0x00000000


mem[X,0x8001DE24] -> 0x006F
mem[X,0x8001DE26] -> 0x00C0
[2908] [M]: 0x8001DE24 (0x00C0006F) jal zero, 12


mem[X,0x8001DE30] -> 0x5663
mem[X,0x8001DE32] -> 0x00B5
[2909] [M]: 0x8001DE30 (0x00B55663) bge a0, a1, 12


mem[X,0x8001DE3C] -> 0x0613
mem[X,0x8001DE3E] -> 0x0036
[2910] [M]: 0x8001DE3C (0x00360613) addi a2, a2, 3
x12 <- 0x00000003


mem[X,0x8001DE40] -> 0x006F
mem[X,0x8001DE42] -> 0x0040
[2911] [M]: 0x8001DE40 (0x0040006F) jal zero, 4


mem[X,0x8001DE44] -> 0x2023
mem[X,0x8001DE46] -> 0x48C2
[2912] [M]: 0x8001DE44 (0x48C22023) sw a2, 1152(tp)
mem[0x8003B5E8] <- 0x00000003


mem[X,0x8001DE48] -> 0x5537
mem[X,0x8001DE4A] -> 0x5555
[2913] [M]: 0x8001DE48 (0x55555537) lui a0, 349525
x10 <- 0x55555000


mem[X,0x8001DE4C] -> 0x0513
mem[X,0x8001DE4E] -> 0x5545
[2914] [M]: 0x8001DE4C (0x55450513) addi a0, a0, 1364
x10 <- 0x55555554


mem[X,0x8001DE50] -> 0xB5B7
mem[X,0x8001DE52] -> 0x0000
[2915] [M]: 0x8001DE50 (0x0000B5B7) lui a1, 11
x11 <- 0x0000B000


mem[X,0x8001DE54] -> 0x8593
mem[X,0x8001DE56] -> 0x5045
[2916] [M]: 0x8001DE54 (0x50458593) addi a1, a1, 1284
x11 <- 0x0000B504


mem[X,0x8001DE58] -> 0x0613
mem[X,0x8001DE5A] -> 0x0000
[2917] [M]: 0x8001DE58 (0x00000613) addi a2, zero, 0
x12 <- 0x00000000


mem[X,0x8001DE5C] -> 0x006F
mem[X,0x8001DE5E] -> 0x00C0
[2918] [M]: 0x8001DE5C (0x00C0006F) jal zero, 12


mem[X,0x8001DE68] -> 0x5063
mem[X,0x8001DE6A] -> 0x02B5
[2919] [M]: 0x8001DE68 (0x02B55063) bge a0, a1, 32


mem[X,0x8001DE88] -> 0x0613
mem[X,0x8001DE8A] -> 0x0036
[2920] [M]: 0x8001DE88 (0x00360613) addi a2, a2, 3
x12 <- 0x00000003


mem[X,0x8001DE8C] -> 0x006F
mem[X,0x8001DE8E] -> 0x0040
[2921] [M]: 0x8001DE8C (0x0040006F) jal zero, 4


mem[X,0x8001DE90] -> 0x2223
mem[X,0x8001DE92] -> 0x48C2
[2922] [M]: 0x8001DE90 (0x48C22223) sw a2, 1156(tp)
mem[0x8003B5EC] <- 0x00000003


mem[X,0x8001DE94] -> 0x5537
mem[X,0x8001DE96] -> 0x5555
[2923] [M]: 0x8001DE94 (0x55555537) lui a0, 349525
x10 <- 0x55555000


mem[X,0x8001DE98] -> 0x0513
mem[X,0x8001DE9A] -> 0x5545
[2924] [M]: 0x8001DE98 (0x55450513) addi a0, a0, 1364
x10 <- 0x55555554


mem[X,0x8001DE9C] -> 0x0593
mem[X,0x8001DE9E] -> 0x0020
[2925] [M]: 0x8001DE9C (0x00200593) addi a1, zero, 2
x11 <- 0x00000002


mem[X,0x8001DEA0] -> 0x0613
mem[X,0x8001DEA2] -> 0x0000
[2926] [M]: 0x8001DEA0 (0x00000613) addi a2, zero, 0
x12 <- 0x00000000


mem[X,0x8001DEA4] -> 0x006F
mem[X,0x8001DEA6] -> 0x0140
[2927] [M]: 0x8001DEA4 (0x0140006F) jal zero, 20


mem[X,0x8001DEB8] -> 0x58E3
mem[X,0x8001DEBA] -> 0xFEB5
[2928] [M]: 0x8001DEB8 (0xFEB558E3) bge a0, a1, 8176


mem[X,0x8001DEA8] -> 0x0613
mem[X,0x8001DEAA] -> 0x0016
[2929] [M]: 0x8001DEA8 (0x00160613) addi a2, a2, 1
x12 <- 0x00000001


mem[X,0x8001DEAC] -> 0x006F
mem[X,0x8001DEAE] -> 0x0200
[2930] [M]: 0x8001DEAC (0x0200006F) jal zero, 32


mem[X,0x8001DECC] -> 0x2423
mem[X,0x8001DECE] -> 0x48C2
[2931] [M]: 0x8001DECC (0x48C22423) sw a2, 1160(tp)
mem[0x8003B5F0] <- 0x00000001


mem[X,0x8001DED0] -> 0x5537
mem[X,0x8001DED2] -> 0x5555
[2932] [M]: 0x8001DED0 (0x55555537) lui a0, 349525
x10 <- 0x55555000


mem[X,0x8001DED4] -> 0x0513
mem[X,0x8001DED6] -> 0x5545
[2933] [M]: 0x8001DED4 (0x55450513) addi a0, a0, 1364
x10 <- 0x55555554


mem[X,0x8001DED8] -> 0x55B7
mem[X,0x8001DEDA] -> 0x5555
[2934] [M]: 0x8001DED8 (0x555555B7) lui a1, 349525
x11 <- 0x55555000


mem[X,0x8001DEDC] -> 0x8593
mem[X,0x8001DEDE] -> 0x5545
[2935] [M]: 0x8001DEDC (0x55458593) addi a1, a1, 1364
x11 <- 0x55555554


mem[X,0x8001DEE0] -> 0x0613
mem[X,0x8001DEE2] -> 0x0000
[2936] [M]: 0x8001DEE0 (0x00000613) addi a2, zero, 0
x12 <- 0x00000000


mem[X,0x8001DEE4] -> 0x006F
mem[X,0x8001DEE6] -> 0x0140
[2937] [M]: 0x8001DEE4 (0x0140006F) jal zero, 20


mem[X,0x8001DEF8] -> 0x58E3
mem[X,0x8001DEFA] -> 0xFEB5
[2938] [M]: 0x8001DEF8 (0xFEB558E3) bge a0, a1, 8176


mem[X,0x8001DEE8] -> 0x0613
mem[X,0x8001DEEA] -> 0x0016
[2939] [M]: 0x8001DEE8 (0x00160613) addi a2, a2, 1
x12 <- 0x00000001


mem[X,0x8001DEEC] -> 0x006F
mem[X,0x8001DEEE] -> 0x0200
[2940] [M]: 0x8001DEEC (0x0200006F) jal zero, 32


mem[X,0x8001DF0C] -> 0x2623
mem[X,0x8001DF0E] -> 0x48C2
[2941] [M]: 0x8001DF0C (0x48C22623) sw a2, 1164(tp)
mem[0x8003B5F4] <- 0x00000001


mem[X,0x8001DF10] -> 0x5537
mem[X,0x8001DF12] -> 0x5555
[2942] [M]: 0x8001DF10 (0x55555537) lui a0, 349525
x10 <- 0x55555000


mem[X,0x8001DF14] -> 0x0513
mem[X,0x8001DF16] -> 0x5545
[2943] [M]: 0x8001DF14 (0x55450513) addi a0, a0, 1364
x10 <- 0x55555554


mem[X,0x8001DF18] -> 0x0593
mem[X,0x8001DF1A] -> 0x0000
[2944] [M]: 0x8001DF18 (0x00000593) addi a1, zero, 0
x11 <- 0x00000000


mem[X,0x8001DF1C] -> 0x0613
mem[X,0x8001DF1E] -> 0x0000
[2945] [M]: 0x8001DF1C (0x00000613) addi a2, zero, 0
x12 <- 0x00000000


mem[X,0x8001DF20] -> 0x006F
mem[X,0x8001DF22] -> 0x0180
[2946] [M]: 0x8001DF20 (0x0180006F) jal zero, 24


mem[X,0x8001DF38] -> 0x56E3
mem[X,0x8001DF3A] -> 0xFEB5
[2947] [M]: 0x8001DF38 (0xFEB556E3) bge a0, a1, 8172


mem[X,0x8001DF24] -> 0x0613
mem[X,0x8001DF26] -> 0x0016
[2948] [M]: 0x8001DF24 (0x00160613) addi a2, a2, 1
x12 <- 0x00000001


mem[X,0x8001DF28] -> 0x006F
mem[X,0x8001DF2A] -> 0x0240
[2949] [M]: 0x8001DF28 (0x0240006F) jal zero, 36


mem[X,0x8001DF4C] -> 0x2823
mem[X,0x8001DF4E] -> 0x48C2
[2950] [M]: 0x8001DF4C (0x48C22823) sw a2, 1168(tp)
mem[0x8003B5F8] <- 0x00000001


mem[X,0x8001DF50] -> 0x5537
mem[X,0x8001DF52] -> 0x5555
[2951] [M]: 0x8001DF50 (0x55555537) lui a0, 349525
x10 <- 0x55555000


mem[X,0x8001DF54] -> 0x0513
mem[X,0x8001DF56] -> 0x5545
[2952] [M]: 0x8001DF54 (0x55450513) addi a0, a0, 1364
x10 <- 0x55555554


mem[X,0x8001DF58] -> 0x0593
mem[X,0x8001DF5A] -> 0x0040
[2953] [M]: 0x8001DF58 (0x00400593) addi a1, zero, 4
x11 <- 0x00000004


mem[X,0x8001DF5C] -> 0x0613
mem[X,0x8001DF5E] -> 0x0000
[2954] [M]: 0x8001DF5C (0x00000613) addi a2, zero, 0
x12 <- 0x00000000


mem[X,0x8001DF60] -> 0x006F
mem[X,0x8001DF62] -> 0x0050
[2955] [M]: 0x8001DF60 (0x0050006F) jal zero, 2052


mem[X,0x8001E764] -> 0x50E3
mem[X,0x8001E766] -> 0x80B5
[2956] [M]: 0x8001E764 (0x80B550E3) bge a0, a1, 6144


mem[X,0x8001DF64] -> 0x0613
mem[X,0x8001DF66] -> 0x0016
[2957] [M]: 0x8001DF64 (0x00160613) addi a2, a2, 1
x12 <- 0x00000001


mem[X,0x8001DF68] -> 0x006F
mem[X,0x8001DF6A] -> 0x0110
[2958] [M]: 0x8001DF68 (0x0110006F) jal zero, 2064


mem[X,0x8001E778] -> 0x2A23
mem[X,0x8001E77A] -> 0x48C2
[2959] [M]: 0x8001E778 (0x48C22A23) sw a2, 1172(tp)
mem[0x8003B5FC] <- 0x00000001


mem[X,0x8001E77C] -> 0x5537
mem[X,0x8001E77E] -> 0x5555
[2960] [M]: 0x8001E77C (0x55555537) lui a0, 349525
x10 <- 0x55555000


mem[X,0x8001E780] -> 0x0513
mem[X,0x8001E782] -> 0x5545
[2961] [M]: 0x8001E780 (0x55450513) addi a0, a0, 1364
x10 <- 0x55555554


mem[X,0x8001E784] -> 0x35B7
mem[X,0x8001E786] -> 0x3333
[2962] [M]: 0x8001E784 (0x333335B7) lui a1, 209715
x11 <- 0x33333000


mem[X,0x8001E788] -> 0x8593
mem[X,0x8001E78A] -> 0x3325
[2963] [M]: 0x8001E788 (0x33258593) addi a1, a1, 818
x11 <- 0x33333332


mem[X,0x8001E78C] -> 0x0613
mem[X,0x8001E78E] -> 0x0000
[2964] [M]: 0x8001E78C (0x00000613) addi a2, zero, 0
x12 <- 0x00000000


mem[X,0x8001E790] -> 0x006F
mem[X,0x8001E792] -> 0x00C0
[2965] [M]: 0x8001E790 (0x00C0006F) jal zero, 12


mem[X,0x8001E79C] -> 0x5CE3
mem[X,0x8001E79E] -> 0xFEB5
[2966] [M]: 0x8001E79C (0xFEB55CE3) bge a0, a1, 8184


mem[X,0x8001E794] -> 0x0613
mem[X,0x8001E796] -> 0x0016
[2967] [M]: 0x8001E794 (0x00160613) addi a2, a2, 1
x12 <- 0x00000001


mem[X,0x8001E798] -> 0x006F
mem[X,0x8001E79A] -> 0x0180
[2968] [M]: 0x8001E798 (0x0180006F) jal zero, 24


mem[X,0x8001E7B0] -> 0x2C23
mem[X,0x8001E7B2] -> 0x48C2
[2969] [M]: 0x8001E7B0 (0x48C22C23) sw a2, 1176(tp)
mem[0x8003B600] <- 0x00000001


mem[X,0x8001E7B4] -> 0x5537
mem[X,0x8001E7B6] -> 0x5555
[2970] [M]: 0x8001E7B4 (0x55555537) lui a0, 349525
x10 <- 0x55555000


mem[X,0x8001E7B8] -> 0x0513
mem[X,0x8001E7BA] -> 0x5545
[2971] [M]: 0x8001E7B8 (0x55450513) addi a0, a0, 1364
x10 <- 0x55555554


mem[X,0x8001E7BC] -> 0x65B7
mem[X,0x8001E7BE] -> 0x6666
[2972] [M]: 0x8001E7BC (0x666665B7) lui a1, 419430
x11 <- 0x66666000


mem[X,0x8001E7C0] -> 0x8593
mem[X,0x8001E7C2] -> 0x6655
[2973] [M]: 0x8001E7C0 (0x66558593) addi a1, a1, 1637
x11 <- 0x66666665


mem[X,0x8001E7C4] -> 0x0613
mem[X,0x8001E7C6] -> 0x0000
[2974] [M]: 0x8001E7C4 (0x00000613) addi a2, zero, 0
x12 <- 0x00000000


mem[X,0x8001E7C8] -> 0x006F
mem[X,0x8001E7CA] -> 0x00C0
[2975] [M]: 0x8001E7C8 (0x00C0006F) jal zero, 12


mem[X,0x8001E7D4] -> 0x5063
mem[X,0x8001E7D6] -> 0x08B5
[2976] [M]: 0x8001E7D4 (0x08B55063) bge a0, a1, 128


mem[X,0x8001E7D8] -> 0x0613
mem[X,0x8001E7DA] -> 0x0026
[2977] [M]: 0x8001E7D8 (0x00260613) addi a2, a2, 2
x12 <- 0x00000002


mem[X,0x8001E7DC] -> 0x006F
mem[X,0x8001E7DE] -> 0x0800
[2978] [M]: 0x8001E7DC (0x0800006F) jal zero, 128


mem[X,0x8001E85C] -> 0x2E23
mem[X,0x8001E85E] -> 0x48C2
[2979] [M]: 0x8001E85C (0x48C22E23) sw a2, 1180(tp)
mem[0x8003B604] <- 0x00000002


mem[X,0x8001E860] -> 0x5537
mem[X,0x8001E862] -> 0x5555
[2980] [M]: 0x8001E860 (0x55555537) lui a0, 349525
x10 <- 0x55555000


mem[X,0x8001E864] -> 0x0513
mem[X,0x8001E866] -> 0x5545
[2981] [M]: 0x8001E864 (0x55450513) addi a0, a0, 1364
x10 <- 0x55555554


mem[X,0x8001E868] -> 0xB5B7
mem[X,0x8001E86A] -> 0x0000
[2982] [M]: 0x8001E868 (0x0000B5B7) lui a1, 11
x11 <- 0x0000B000


mem[X,0x8001E86C] -> 0x8593
mem[X,0x8001E86E] -> 0x5035
[2983] [M]: 0x8001E86C (0x50358593) addi a1, a1, 1283
x11 <- 0x0000B503


mem[X,0x8001E870] -> 0x0613
mem[X,0x8001E872] -> 0x0000
[2984] [M]: 0x8001E870 (0x00000613) addi a2, zero, 0
x12 <- 0x00000000


mem[X,0x8001E874] -> 0x006F
mem[X,0x8001E876] -> 0x00C0
[2985] [M]: 0x8001E874 (0x00C0006F) jal zero, 12


mem[X,0x8001E880] -> 0x5063
mem[X,0x8001E882] -> 0x40B5
[2986] [M]: 0x8001E880 (0x40B55063) bge a0, a1, 1024


mem[X,0x8001EC80] -> 0x0613
mem[X,0x8001EC82] -> 0x0036
[2987] [M]: 0x8001EC80 (0x00360613) addi a2, a2, 3
x12 <- 0x00000003


mem[X,0x8001EC84] -> 0x006F
mem[X,0x8001EC86] -> 0x0040
[2988] [M]: 0x8001EC84 (0x0040006F) jal zero, 4


mem[X,0x8001EC88] -> 0x2023
mem[X,0x8001EC8A] -> 0x4AC2
[2989] [M]: 0x8001EC88 (0x4AC22023) sw a2, 1184(tp)
mem[0x8003B608] <- 0x00000003


mem[X,0x8001EC8C] -> 0x5537
mem[X,0x8001EC8E] -> 0x5555
[2990] [M]: 0x8001EC8C (0x55555537) lui a0, 349525
x10 <- 0x55555000


mem[X,0x8001EC90] -> 0x0513
mem[X,0x8001EC92] -> 0x5545
[2991] [M]: 0x8001EC90 (0x55450513) addi a0, a0, 1364
x10 <- 0x55555554


mem[X,0x8001EC94] -> 0x55B7
mem[X,0x8001EC96] -> 0x5555
[2992] [M]: 0x8001EC94 (0x555555B7) lui a1, 349525
x11 <- 0x55555000


mem[X,0x8001EC98] -> 0x8593
mem[X,0x8001EC9A] -> 0x5565
[2993] [M]: 0x8001EC98 (0x55658593) addi a1, a1, 1366
x11 <- 0x55555556


mem[X,0x8001EC9C] -> 0x0613
mem[X,0x8001EC9E] -> 0x0000
[2994] [M]: 0x8001EC9C (0x00000613) addi a2, zero, 0
x12 <- 0x00000000


mem[X,0x8001ECA0] -> 0x006F
mem[X,0x8001ECA2] -> 0x00C0
[2995] [M]: 0x8001ECA0 (0x00C0006F) jal zero, 12


mem[X,0x8001ECAC] -> 0x5663
mem[X,0x8001ECAE] -> 0x00B5
[2996] [M]: 0x8001ECAC (0x00B55663) bge a0, a1, 12


mem[X,0x8001ECB0] -> 0x0613
mem[X,0x8001ECB2] -> 0x0026
[2997] [M]: 0x8001ECB0 (0x00260613) addi a2, a2, 2
x12 <- 0x00000002


mem[X,0x8001ECB4] -> 0x006F
mem[X,0x8001ECB6] -> 0x00C0
[2998] [M]: 0x8001ECB4 (0x00C0006F) jal zero, 12


mem[X,0x8001ECC0] -> 0x2223
mem[X,0x8001ECC2] -> 0x4AC2
[2999] [M]: 0x8001ECC0 (0x4AC22223) sw a2, 1188(tp)
mem[0x8003B60C] <- 0x00000002


clint::tick mtime <- 0x000000000000001E
 clint timer pending at mtime 0x000000000000001E
htif::tick 0x0000000000000000
mem[X,0x8001ECC4] -> 0x5537
mem[X,0x8001ECC6] -> 0x5555
[3000] [M]: 0x8001ECC4 (0x55555537) lui a0, 349525
x10 <- 0x55555000


mem[X,0x8001ECC8] -> 0x0513
mem[X,0x8001ECCA] -> 0x5545
[3001] [M]: 0x8001ECC8 (0x55450513) addi a0, a0, 1364
x10 <- 0x55555554


mem[X,0x8001ECCC] -> 0xB5B7
mem[X,0x8001ECCE] -> 0xAAAA
[3002] [M]: 0x8001ECCC (0xAAAAB5B7) lui a1, 699051
x11 <- 0xAAAAB000


mem[X,0x8001ECD0] -> 0x8593
mem[X,0x8001ECD2] -> 0xAAB5
[3003] [M]: 0x8001ECD0 (0xAAB58593) addi a1, a1, 2731
x11 <- 0xAAAAAAAB


mem[X,0x8001ECD4] -> 0x0613
mem[X,0x8001ECD6] -> 0x0000
[3004] [M]: 0x8001ECD4 (0x00000613) addi a2, zero, 0
x12 <- 0x00000000


mem[X,0x8001ECD8] -> 0x006F
mem[X,0x8001ECDA] -> 0x00C0
[3005] [M]: 0x8001ECD8 (0x00C0006F) jal zero, 12


mem[X,0x8001ECE4] -> 0x5663
mem[X,0x8001ECE6] -> 0x00B5
[3006] [M]: 0x8001ECE4 (0x00B55663) bge a0, a1, 12


mem[X,0x8001ECF0] -> 0x0613
mem[X,0x8001ECF2] -> 0x0036
[3007] [M]: 0x8001ECF0 (0x00360613) addi a2, a2, 3
x12 <- 0x00000003


mem[X,0x8001ECF4] -> 0x006F
mem[X,0x8001ECF6] -> 0x0040
[3008] [M]: 0x8001ECF4 (0x0040006F) jal zero, 4


mem[X,0x8001ECF8] -> 0x2423
mem[X,0x8001ECFA] -> 0x4AC2
[3009] [M]: 0x8001ECF8 (0x4AC22423) sw a2, 1192(tp)
mem[0x8003B610] <- 0x00000003


mem[X,0x8001ECFC] -> 0x5537
mem[X,0x8001ECFE] -> 0x5555
[3010] [M]: 0x8001ECFC (0x55555537) lui a0, 349525
x10 <- 0x55555000


mem[X,0x8001ED00] -> 0x0513
mem[X,0x8001ED02] -> 0x5545
[3011] [M]: 0x8001ED00 (0x55450513) addi a0, a0, 1364
x10 <- 0x55555554


mem[X,0x8001ED04] -> 0x0593
mem[X,0x8001ED06] -> 0x0060
[3012] [M]: 0x8001ED04 (0x00600593) addi a1, zero, 6
x11 <- 0x00000006


mem[X,0x8001ED08] -> 0x0613
mem[X,0x8001ED0A] -> 0x0000
[3013] [M]: 0x8001ED08 (0x00000613) addi a2, zero, 0
x12 <- 0x00000000


mem[X,0x8001ED0C] -> 0x006F
mem[X,0x8001ED0E] -> 0x0100
[3014] [M]: 0x8001ED0C (0x0100006F) jal zero, 16


mem[X,0x8001ED1C] -> 0x5AE3
mem[X,0x8001ED1E] -> 0xFEB5
[3015] [M]: 0x8001ED1C (0xFEB55AE3) bge a0, a1, 8180


mem[X,0x8001ED10] -> 0x0613
mem[X,0x8001ED12] -> 0x0016
[3016] [M]: 0x8001ED10 (0x00160613) addi a2, a2, 1
x12 <- 0x00000001


mem[X,0x8001ED14] -> 0x006F
mem[X,0x8001ED16] -> 0x01C0
[3017] [M]: 0x8001ED14 (0x01C0006F) jal zero, 28


mem[X,0x8001ED30] -> 0x2623
mem[X,0x8001ED32] -> 0x4AC2
[3018] [M]: 0x8001ED30 (0x4AC22623) sw a2, 1196(tp)
mem[0x8003B614] <- 0x00000001


mem[X,0x8001ED34] -> 0x5537
mem[X,0x8001ED36] -> 0x5555
[3019] [M]: 0x8001ED34 (0x55555537) lui a0, 349525
x10 <- 0x55555000


mem[X,0x8001ED38] -> 0x0513
mem[X,0x8001ED3A] -> 0x5545
[3020] [M]: 0x8001ED38 (0x55450513) addi a0, a0, 1364
x10 <- 0x55555554


mem[X,0x8001ED3C] -> 0x35B7
mem[X,0x8001ED3E] -> 0x3333
[3021] [M]: 0x8001ED3C (0x333335B7) lui a1, 209715
x11 <- 0x33333000


mem[X,0x8001ED40] -> 0x8593
mem[X,0x8001ED42] -> 0x3345
[3022] [M]: 0x8001ED40 (0x33458593) addi a1, a1, 820
x11 <- 0x33333334


mem[X,0x8001ED44] -> 0x0613
mem[X,0x8001ED46] -> 0x0000
[3023] [M]: 0x8001ED44 (0x00000613) addi a2, zero, 0
x12 <- 0x00000000


mem[X,0x8001ED48] -> 0x006F
mem[X,0x8001ED4A] -> 0x00C0
[3024] [M]: 0x8001ED48 (0x00C0006F) jal zero, 12


mem[X,0x8001ED54] -> 0x5663
mem[X,0x8001ED56] -> 0x00B5
[3025] [M]: 0x8001ED54 (0x00B55663) bge a0, a1, 12


mem[X,0x8001ED60] -> 0x0613
mem[X,0x8001ED62] -> 0x0036
[3026] [M]: 0x8001ED60 (0x00360613) addi a2, a2, 3
x12 <- 0x00000003


mem[X,0x8001ED64] -> 0x006F
mem[X,0x8001ED66] -> 0x0040
[3027] [M]: 0x8001ED64 (0x0040006F) jal zero, 4


mem[X,0x8001ED68] -> 0x2823
mem[X,0x8001ED6A] -> 0x4AC2
[3028] [M]: 0x8001ED68 (0x4AC22823) sw a2, 1200(tp)
mem[0x8003B618] <- 0x00000003


mem[X,0x8001ED6C] -> 0x5537
mem[X,0x8001ED6E] -> 0x5555
[3029] [M]: 0x8001ED6C (0x55555537) lui a0, 349525
x10 <- 0x55555000


mem[X,0x8001ED70] -> 0x0513
mem[X,0x8001ED72] -> 0x5545
[3030] [M]: 0x8001ED70 (0x55450513) addi a0, a0, 1364
x10 <- 0x55555554


mem[X,0x8001ED74] -> 0x65B7
mem[X,0x8001ED76] -> 0x6666
[3031] [M]: 0x8001ED74 (0x666665B7) lui a1, 419430
x11 <- 0x66666000


mem[X,0x8001ED78] -> 0x8593
mem[X,0x8001ED7A] -> 0x6675
[3032] [M]: 0x8001ED78 (0x66758593) addi a1, a1, 1639
x11 <- 0x66666667


mem[X,0x8001ED7C] -> 0x0613
mem[X,0x8001ED7E] -> 0x0000
[3033] [M]: 0x8001ED7C (0x00000613) addi a2, zero, 0
x12 <- 0x00000000


mem[X,0x8001ED80] -> 0x006F
mem[X,0x8001ED82] -> 0x00C0
[3034] [M]: 0x8001ED80 (0x00C0006F) jal zero, 12


mem[X,0x8001ED8C] -> 0x5063
mem[X,0x8001ED8E] -> 0x02B5
[3035] [M]: 0x8001ED8C (0x02B55063) bge a0, a1, 32


mem[X,0x8001ED90] -> 0x0613
mem[X,0x8001ED92] -> 0x0026
[3036] [M]: 0x8001ED90 (0x00260613) addi a2, a2, 2
x12 <- 0x00000002


mem[X,0x8001ED94] -> 0x006F
mem[X,0x8001ED96] -> 0x0200
[3037] [M]: 0x8001ED94 (0x0200006F) jal zero, 32


mem[X,0x8001EDB4] -> 0x2A23
mem[X,0x8001EDB6] -> 0x4AC2
[3038] [M]: 0x8001EDB4 (0x4AC22A23) sw a2, 1204(tp)
mem[0x8003B61C] <- 0x00000002


mem[X,0x8001EDB8] -> 0x5537
mem[X,0x8001EDBA] -> 0x5555
[3039] [M]: 0x8001EDB8 (0x55555537) lui a0, 349525
x10 <- 0x55555000


mem[X,0x8001EDBC] -> 0x0513
mem[X,0x8001EDBE] -> 0x5545
[3040] [M]: 0x8001EDBC (0x55450513) addi a0, a0, 1364
x10 <- 0x55555554


mem[X,0x8001EDC0] -> 0x55B7
mem[X,0x8001EDC2] -> 0xFFFF
[3041] [M]: 0x8001EDC0 (0xFFFF55B7) lui a1, 1048565
x11 <- 0xFFFF5000


mem[X,0x8001EDC4] -> 0x8593
mem[X,0x8001EDC6] -> 0xAFD5
[3042] [M]: 0x8001EDC4 (0xAFD58593) addi a1, a1, 2813
x11 <- 0xFFFF4AFD


mem[X,0x8001EDC8] -> 0x0613
mem[X,0x8001EDCA] -> 0x0000
[3043] [M]: 0x8001EDC8 (0x00000613) addi a2, zero, 0
x12 <- 0x00000000


mem[X,0x8001EDCC] -> 0x006F
mem[X,0x8001EDCE] -> 0x0050
[3044] [M]: 0x8001EDCC (0x0050006F) jal zero, 2052


mem[X,0x8001F5D0] -> 0x50E3
mem[X,0x8001F5D2] -> 0x80B5
[3045] [M]: 0x8001F5D0 (0x80B550E3) bge a0, a1, 6144


mem[X,0x8001EDD0] -> 0x0613
mem[X,0x8001EDD2] -> 0x0016
[3046] [M]: 0x8001EDD0 (0x00160613) addi a2, a2, 1
x12 <- 0x00000001


mem[X,0x8001EDD4] -> 0x006F
mem[X,0x8001EDD6] -> 0x0110
[3047] [M]: 0x8001EDD4 (0x0110006F) jal zero, 2064


mem[X,0x8001F5E4] -> 0x2C23
mem[X,0x8001F5E6] -> 0x4AC2
[3048] [M]: 0x8001F5E4 (0x4AC22C23) sw a2, 1208(tp)
mem[0x8003B620] <- 0x00000001


mem[X,0x8001F5E8] -> 0x5537
mem[X,0x8001F5EA] -> 0x5555
[3049] [M]: 0x8001F5E8 (0x55555537) lui a0, 349525
x10 <- 0x55555000


mem[X,0x8001F5EC] -> 0x0513
mem[X,0x8001F5EE] -> 0x5545
[3050] [M]: 0x8001F5EC (0x55450513) addi a0, a0, 1364
x10 <- 0x55555554


mem[X,0x8001F5F0] -> 0xB5B7
mem[X,0x8001F5F2] -> 0x0000
[3051] [M]: 0x8001F5F0 (0x0000B5B7) lui a1, 11
x11 <- 0x0000B000


mem[X,0x8001F5F4] -> 0x8593
mem[X,0x8001F5F6] -> 0x5055
[3052] [M]: 0x8001F5F4 (0x50558593) addi a1, a1, 1285
x11 <- 0x0000B505


mem[X,0x8001F5F8] -> 0x0613
mem[X,0x8001F5FA] -> 0x0000
[3053] [M]: 0x8001F5F8 (0x00000613) addi a2, zero, 0
x12 <- 0x00000000


mem[X,0x8001F5FC] -> 0x006F
mem[X,0x8001F5FE] -> 0x00C0
[3054] [M]: 0x8001F5FC (0x00C0006F) jal zero, 12


mem[X,0x8001F608] -> 0x5CE3
mem[X,0x8001F60A] -> 0xFEB5
[3055] [M]: 0x8001F608 (0xFEB55CE3) bge a0, a1, 8184


mem[X,0x8001F600] -> 0x0613
mem[X,0x8001F602] -> 0x0016
[3056] [M]: 0x8001F600 (0x00160613) addi a2, a2, 1
x12 <- 0x00000001


mem[X,0x8001F604] -> 0x006F
mem[X,0x8001F606] -> 0x0180
[3057] [M]: 0x8001F604 (0x0180006F) jal zero, 24


mem[X,0x8001F61C] -> 0x2E23
mem[X,0x8001F61E] -> 0x4AC2
[3058] [M]: 0x8001F61C (0x4AC22E23) sw a2, 1212(tp)
mem[0x8003B624] <- 0x00000001


mem[X,0x8001F620] -> 0x0513
mem[X,0x8001F622] -> 0x0000
[3059] [M]: 0x8001F620 (0x00000513) addi a0, zero, 0
x10 <- 0x00000000


mem[X,0x8001F624] -> 0x0593
mem[X,0x8001F626] -> 0x0030
[3060] [M]: 0x8001F624 (0x00300593) addi a1, zero, 3
x11 <- 0x00000003


mem[X,0x8001F628] -> 0x0613
mem[X,0x8001F62A] -> 0x0000
[3061] [M]: 0x8001F628 (0x00000613) addi a2, zero, 0
x12 <- 0x00000000


mem[X,0x8001F62C] -> 0x006F
mem[X,0x8001F62E] -> 0x00C0
[3062] [M]: 0x8001F62C (0x00C0006F) jal zero, 12


mem[X,0x8001F638] -> 0x5063
mem[X,0x8001F63A] -> 0x10B5
[3063] [M]: 0x8001F638 (0x10B55063) bge a0, a1, 256


mem[X,0x8001F63C] -> 0x0613
mem[X,0x8001F63E] -> 0x0026
[3064] [M]: 0x8001F63C (0x00260613) addi a2, a2, 2
x12 <- 0x00000002


mem[X,0x8001F640] -> 0x006F
mem[X,0x8001F642] -> 0x1000
[3065] [M]: 0x8001F640 (0x1000006F) jal zero, 256


mem[X,0x8001F740] -> 0x2023
mem[X,0x8001F742] -> 0x4CC2
[3066] [M]: 0x8001F740 (0x4CC22023) sw a2, 1216(tp)
mem[0x8003B628] <- 0x00000002


mem[X,0x8001F744] -> 0x0513
mem[X,0x8001F746] -> 0x0000
[3067] [M]: 0x8001F744 (0x00000513) addi a0, zero, 0
x10 <- 0x00000000


mem[X,0x8001F748] -> 0x55B7
mem[X,0x8001F74A] -> 0x5555
[3068] [M]: 0x8001F748 (0x555555B7) lui a1, 349525
x11 <- 0x55555000


mem[X,0x8001F74C] -> 0x8593
mem[X,0x8001F74E] -> 0x5555
[3069] [M]: 0x8001F74C (0x55558593) addi a1, a1, 1365
x11 <- 0x55555555


mem[X,0x8001F750] -> 0x0613
mem[X,0x8001F752] -> 0x0000
[3070] [M]: 0x8001F750 (0x00000613) addi a2, zero, 0
x12 <- 0x00000000


mem[X,0x8001F754] -> 0x006F
mem[X,0x8001F756] -> 0x0050
[3071] [M]: 0x8001F754 (0x0050006F) jal zero, 2052


mem[X,0x8001FF58] -> 0x50E3
mem[X,0x8001FF5A] -> 0x80B5
[3072] [M]: 0x8001FF58 (0x80B550E3) bge a0, a1, 6144


mem[X,0x8001FF5C] -> 0x0613
mem[X,0x8001FF5E] -> 0x0026
[3073] [M]: 0x8001FF5C (0x00260613) addi a2, a2, 2
x12 <- 0x00000002


mem[X,0x8001FF60] -> 0x006F
mem[X,0x8001FF62] -> 0x00C0
[3074] [M]: 0x8001FF60 (0x00C0006F) jal zero, 12


mem[X,0x8001FF6C] -> 0x2223
mem[X,0x8001FF6E] -> 0x4CC2
[3075] [M]: 0x8001FF6C (0x4CC22223) sw a2, 1220(tp)
mem[0x8003B62C] <- 0x00000002


mem[X,0x8001FF70] -> 0x0513
mem[X,0x8001FF72] -> 0x0000
[3076] [M]: 0x8001FF70 (0x00000513) addi a0, zero, 0
x10 <- 0x00000000


mem[X,0x8001FF74] -> 0xB5B7
mem[X,0x8001FF76] -> 0xAAAA
[3077] [M]: 0x8001FF74 (0xAAAAB5B7) lui a1, 699051
x11 <- 0xAAAAB000


mem[X,0x8001FF78] -> 0x8593
mem[X,0x8001FF7A] -> 0xAAA5
[3078] [M]: 0x8001FF78 (0xAAA58593) addi a1, a1, 2730
x11 <- 0xAAAAAAAA


mem[X,0x8001FF7C] -> 0x0613
mem[X,0x8001FF7E] -> 0x0000
[3079] [M]: 0x8001FF7C (0x00000613) addi a2, zero, 0
x12 <- 0x00000000


mem[X,0x8001FF80] -> 0x006F
mem[X,0x8001FF82] -> 0x2B10
[3080] [M]: 0x8001FF80 (0x2B10006F) jal zero, 2736


mem[X,0x80020A30] -> 0x5A63
mem[X,0x80020A32] -> 0xD4B5
[3081] [M]: 0x80020A30 (0xD4B55A63) bge a0, a1, 5460


mem[X,0x8001FF84] -> 0x0613
mem[X,0x8001FF86] -> 0x0016
[3082] [M]: 0x8001FF84 (0x00160613) addi a2, a2, 1
x12 <- 0x00000001


mem[X,0x8001FF88] -> 0x006F
mem[X,0x8001FF8A] -> 0x2BD0
[3083] [M]: 0x8001FF88 (0x2BD0006F) jal zero, 2748


mem[X,0x80020A44] -> 0x2423
mem[X,0x80020A46] -> 0x4CC2
[3084] [M]: 0x80020A44 (0x4CC22423) sw a2, 1224(tp)
mem[0x8003B630] <- 0x00000001


mem[X,0x80020A48] -> 0x0513
mem[X,0x80020A4A] -> 0x0000
[3085] [M]: 0x80020A48 (0x00000513) addi a0, zero, 0
x10 <- 0x00000000


mem[X,0x80020A4C] -> 0x0593
mem[X,0x80020A4E] -> 0x0050
[3086] [M]: 0x80020A4C (0x00500593) addi a1, zero, 5
x11 <- 0x00000005


mem[X,0x80020A50] -> 0x0613
mem[X,0x80020A52] -> 0x0000
[3087] [M]: 0x80020A50 (0x00000613) addi a2, zero, 0
x12 <- 0x00000000


mem[X,0x80020A54] -> 0x006F
mem[X,0x80020A56] -> 0x00C0
[3088] [M]: 0x80020A54 (0x00C0006F) jal zero, 12


mem[X,0x80020A60] -> 0x5663
mem[X,0x80020A62] -> 0x00B5
[3089] [M]: 0x80020A60 (0x00B55663) bge a0, a1, 12


mem[X,0x80020A64] -> 0x0613
mem[X,0x80020A66] -> 0x0026
[3090] [M]: 0x80020A64 (0x00260613) addi a2, a2, 2
x12 <- 0x00000002


mem[X,0x80020A68] -> 0x006F
mem[X,0x80020A6A] -> 0x00C0
[3091] [M]: 0x80020A68 (0x00C0006F) jal zero, 12


mem[X,0x80020A74] -> 0x2623
mem[X,0x80020A76] -> 0x4CC2
[3092] [M]: 0x80020A74 (0x4CC22623) sw a2, 1228(tp)
mem[0x8003B634] <- 0x00000002


mem[X,0x80020A78] -> 0x0513
mem[X,0x80020A7A] -> 0x0000
[3093] [M]: 0x80020A78 (0x00000513) addi a0, zero, 0
x10 <- 0x00000000


mem[X,0x80020A7C] -> 0x35B7
mem[X,0x80020A7E] -> 0x3333
[3094] [M]: 0x80020A7C (0x333335B7) lui a1, 209715
x11 <- 0x33333000


mem[X,0x80020A80] -> 0x8593
mem[X,0x80020A82] -> 0x3335
[3095] [M]: 0x80020A80 (0x33358593) addi a1, a1, 819
x11 <- 0x33333333


mem[X,0x80020A84] -> 0x0613
mem[X,0x80020A86] -> 0x0000
[3096] [M]: 0x80020A84 (0x00000613) addi a2, zero, 0
x12 <- 0x00000000


mem[X,0x80020A88] -> 0x006F
mem[X,0x80020A8A] -> 0x00C0
[3097] [M]: 0x80020A88 (0x00C0006F) jal zero, 12


mem[X,0x80020A94] -> 0x5063
mem[X,0x80020A96] -> 0x04B5
[3098] [M]: 0x80020A94 (0x04B55063) bge a0, a1, 64


mem[X,0x80020A98] -> 0x0613
mem[X,0x80020A9A] -> 0x0026
[3099] [M]: 0x80020A98 (0x00260613) addi a2, a2, 2
x12 <- 0x00000002


clint::tick mtime <- 0x000000000000001F
 clint timer pending at mtime 0x000000000000001F
htif::tick 0x0000000000000000
mem[X,0x80020A9C] -> 0x006F
mem[X,0x80020A9E] -> 0x0400
[3100] [M]: 0x80020A9C (0x0400006F) jal zero, 64


mem[X,0x80020ADC] -> 0x2823
mem[X,0x80020ADE] -> 0x4CC2
[3101] [M]: 0x80020ADC (0x4CC22823) sw a2, 1232(tp)
mem[0x8003B638] <- 0x00000002


mem[X,0x80020AE0] -> 0x0513
mem[X,0x80020AE2] -> 0x0000
[3102] [M]: 0x80020AE0 (0x00000513) addi a0, zero, 0
x10 <- 0x00000000


mem[X,0x80020AE4] -> 0x65B7
mem[X,0x80020AE6] -> 0x6666
[3103] [M]: 0x80020AE4 (0x666665B7) lui a1, 419430
x11 <- 0x66666000


mem[X,0x80020AE8] -> 0x8593
mem[X,0x80020AEA] -> 0x6665
[3104] [M]: 0x80020AE8 (0x66658593) addi a1, a1, 1638
x11 <- 0x66666666


mem[X,0x80020AEC] -> 0x0613
mem[X,0x80020AEE] -> 0x0000
[3105] [M]: 0x80020AEC (0x00000613) addi a2, zero, 0
x12 <- 0x00000000


mem[X,0x80020AF0] -> 0x006F
mem[X,0x80020AF2] -> 0x2B10
[3106] [M]: 0x80020AF0 (0x2B10006F) jal zero, 2736


mem[X,0x800215A0] -> 0x5A63
mem[X,0x800215A2] -> 0xD4B5
[3107] [M]: 0x800215A0 (0xD4B55A63) bge a0, a1, 5460


mem[X,0x800215A4] -> 0x0613
mem[X,0x800215A6] -> 0x0026
[3108] [M]: 0x800215A4 (0x00260613) addi a2, a2, 2
x12 <- 0x00000002


mem[X,0x800215A8] -> 0x006F
mem[X,0x800215AA] -> 0x00C0
[3109] [M]: 0x800215A8 (0x00C0006F) jal zero, 12


mem[X,0x800215B4] -> 0x2A23
mem[X,0x800215B6] -> 0x4CC2
[3110] [M]: 0x800215B4 (0x4CC22A23) sw a2, 1236(tp)
mem[0x8003B63C] <- 0x00000002


mem[X,0x800215B8] -> 0x0513
mem[X,0x800215BA] -> 0x0000
[3111] [M]: 0x800215B8 (0x00000513) addi a0, zero, 0
x10 <- 0x00000000


mem[X,0x800215BC] -> 0x55B7
mem[X,0x800215BE] -> 0xFFFF
[3112] [M]: 0x800215BC (0xFFFF55B7) lui a1, 1048565
x11 <- 0xFFFF5000


mem[X,0x800215C0] -> 0x8593
mem[X,0x800215C2] -> 0xAFC5
[3113] [M]: 0x800215C0 (0xAFC58593) addi a1, a1, 2812
x11 <- 0xFFFF4AFC


mem[X,0x800215C4] -> 0x0613
mem[X,0x800215C6] -> 0x0000
[3114] [M]: 0x800215C4 (0x00000613) addi a2, zero, 0
x12 <- 0x00000000


mem[X,0x800215C8] -> 0x006F
mem[X,0x800215CA] -> 0x00C0
[3115] [M]: 0x800215C8 (0x00C0006F) jal zero, 12


mem[X,0x800215D4] -> 0x5063
mem[X,0x800215D6] -> 0x40B5
[3116] [M]: 0x800215D4 (0x40B55063) bge a0, a1, 1024


mem[X,0x800219D4] -> 0x0613
mem[X,0x800219D6] -> 0x0036
[3117] [M]: 0x800219D4 (0x00360613) addi a2, a2, 3
x12 <- 0x00000003


mem[X,0x800219D8] -> 0x006F
mem[X,0x800219DA] -> 0x0040
[3118] [M]: 0x800219D8 (0x0040006F) jal zero, 4


mem[X,0x800219DC] -> 0x2C23
mem[X,0x800219DE] -> 0x4CC2
[3119] [M]: 0x800219DC (0x4CC22C23) sw a2, 1240(tp)
mem[0x8003B640] <- 0x00000003


mem[X,0x800219E0] -> 0x0513
mem[X,0x800219E2] -> 0x0000
[3120] [M]: 0x800219E0 (0x00000513) addi a0, zero, 0
x10 <- 0x00000000


mem[X,0x800219E4] -> 0xB5B7
mem[X,0x800219E6] -> 0x0000
[3121] [M]: 0x800219E4 (0x0000B5B7) lui a1, 11
x11 <- 0x0000B000


mem[X,0x800219E8] -> 0x8593
mem[X,0x800219EA] -> 0x5045
[3122] [M]: 0x800219E8 (0x50458593) addi a1, a1, 1284
x11 <- 0x0000B504


mem[X,0x800219EC] -> 0x0613
mem[X,0x800219EE] -> 0x0000
[3123] [M]: 0x800219EC (0x00000613) addi a2, zero, 0
x12 <- 0x00000000


mem[X,0x800219F0] -> 0x006F
mem[X,0x800219F2] -> 0x00C0
[3124] [M]: 0x800219F0 (0x00C0006F) jal zero, 12


mem[X,0x800219FC] -> 0x5063
mem[X,0x800219FE] -> 0x40B5
[3125] [M]: 0x800219FC (0x40B55063) bge a0, a1, 1024


mem[X,0x80021A00] -> 0x0613
mem[X,0x80021A02] -> 0x0026
[3126] [M]: 0x80021A00 (0x00260613) addi a2, a2, 2
x12 <- 0x00000002


mem[X,0x80021A04] -> 0x006F
mem[X,0x80021A06] -> 0x4000
[3127] [M]: 0x80021A04 (0x4000006F) jal zero, 1024


mem[X,0x80021E04] -> 0x2E23
mem[X,0x80021E06] -> 0x4CC2
[3128] [M]: 0x80021E04 (0x4CC22E23) sw a2, 1244(tp)
mem[0x8003B644] <- 0x00000002


mem[X,0x80021E08] -> 0xB537
mem[X,0x80021E0A] -> 0xAAAA
[3129] [M]: 0x80021E08 (0xAAAAB537) lui a0, 699051
x10 <- 0xAAAAB000


mem[X,0x80021E0C] -> 0x0513
mem[X,0x80021E0E] -> 0xAAB5
[3130] [M]: 0x80021E0C (0xAAB50513) addi a0, a0, 2731
x10 <- 0xAAAAAAAB


mem[X,0x80021E10] -> 0x35B7
mem[X,0x80021E12] -> 0x3333
[3131] [M]: 0x80021E10 (0x333335B7) lui a1, 209715
x11 <- 0x33333000


mem[X,0x80021E14] -> 0x8593
mem[X,0x80021E16] -> 0x3345
[3132] [M]: 0x80021E14 (0x33458593) addi a1, a1, 820
x11 <- 0x33333334


mem[X,0x80021E18] -> 0x0613
mem[X,0x80021E1A] -> 0x0000
[3133] [M]: 0x80021E18 (0x00000613) addi a2, zero, 0
x12 <- 0x00000000


mem[X,0x80021E1C] -> 0x006F
mem[X,0x80021E1E] -> 0x0100
[3134] [M]: 0x80021E1C (0x0100006F) jal zero, 16


mem[X,0x80021E2C] -> 0x5AE3
mem[X,0x80021E2E] -> 0xFEB5
[3135] [M]: 0x80021E2C (0xFEB55AE3) bge a0, a1, 8180


mem[X,0x80021E30] -> 0x0613
mem[X,0x80021E32] -> 0x0026
[3136] [M]: 0x80021E30 (0x00260613) addi a2, a2, 2
x12 <- 0x00000002


mem[X,0x80021E34] -> 0x006F
mem[X,0x80021E36] -> 0x00C0
[3137] [M]: 0x80021E34 (0x00C0006F) jal zero, 12


mem[X,0x80021E40] -> 0x2023
mem[X,0x80021E42] -> 0x4EC2
[3138] [M]: 0x80021E40 (0x4EC22023) sw a2, 1248(tp)
mem[0x8003B648] <- 0x00000002


mem[X,0x80021E44] -> 0xB537
mem[X,0x80021E46] -> 0xAAAA
[3139] [M]: 0x80021E44 (0xAAAAB537) lui a0, 699051
x10 <- 0xAAAAB000


mem[X,0x80021E48] -> 0x0513
mem[X,0x80021E4A] -> 0xAAB5
[3140] [M]: 0x80021E48 (0xAAB50513) addi a0, a0, 2731
x10 <- 0xAAAAAAAB


mem[X,0x80021E4C] -> 0x65B7
mem[X,0x80021E4E] -> 0x6666
[3141] [M]: 0x80021E4C (0x666665B7) lui a1, 419430
x11 <- 0x66666000


mem[X,0x80021E50] -> 0x8593
mem[X,0x80021E52] -> 0x6675
[3142] [M]: 0x80021E50 (0x66758593) addi a1, a1, 1639
x11 <- 0x66666667


mem[X,0x80021E54] -> 0x0613
mem[X,0x80021E56] -> 0x0000
[3143] [M]: 0x80021E54 (0x00000613) addi a2, zero, 0
x12 <- 0x00000000


mem[X,0x80021E58] -> 0x006F
mem[X,0x80021E5A] -> 0x00C0
[3144] [M]: 0x80021E58 (0x00C0006F) jal zero, 12


mem[X,0x80021E64] -> 0x5063
mem[X,0x80021E66] -> 0x20B5
[3145] [M]: 0x80021E64 (0x20B55063) bge a0, a1, 512


mem[X,0x80021E68] -> 0x0613
mem[X,0x80021E6A] -> 0x0026
[3146] [M]: 0x80021E68 (0x00260613) addi a2, a2, 2
x12 <- 0x00000002


mem[X,0x80021E6C] -> 0x006F
mem[X,0x80021E6E] -> 0x2000
[3147] [M]: 0x80021E6C (0x2000006F) jal zero, 512


mem[X,0x8002206C] -> 0x2223
mem[X,0x8002206E] -> 0x4EC2
[3148] [M]: 0x8002206C (0x4EC22223) sw a2, 1252(tp)
mem[0x8003B64C] <- 0x00000002


mem[X,0x80022070] -> 0xB537
mem[X,0x80022072] -> 0xAAAA
[3149] [M]: 0x80022070 (0xAAAAB537) lui a0, 699051
x10 <- 0xAAAAB000


mem[X,0x80022074] -> 0x0513
mem[X,0x80022076] -> 0xAAB5
[3150] [M]: 0x80022074 (0xAAB50513) addi a0, a0, 2731
x10 <- 0xAAAAAAAB


mem[X,0x80022078] -> 0x55B7
mem[X,0x8002207A] -> 0xFFFF
[3151] [M]: 0x80022078 (0xFFFF55B7) lui a1, 1048565
x11 <- 0xFFFF5000


mem[X,0x8002207C] -> 0x8593
mem[X,0x8002207E] -> 0xAFD5
[3152] [M]: 0x8002207C (0xAFD58593) addi a1, a1, 2813
x11 <- 0xFFFF4AFD


mem[X,0x80022080] -> 0x0613
mem[X,0x80022082] -> 0x0000
[3153] [M]: 0x80022080 (0x00000613) addi a2, zero, 0
x12 <- 0x00000000


mem[X,0x80022084] -> 0x006F
mem[X,0x80022086] -> 0x0140
[3154] [M]: 0x80022084 (0x0140006F) jal zero, 20


mem[X,0x80022098] -> 0x58E3
mem[X,0x8002209A] -> 0xFEB5
[3155] [M]: 0x80022098 (0xFEB558E3) bge a0, a1, 8176


mem[X,0x8002209C] -> 0x0613
mem[X,0x8002209E] -> 0x0026
[3156] [M]: 0x8002209C (0x00260613) addi a2, a2, 2
x12 <- 0x00000002


mem[X,0x800220A0] -> 0x006F
mem[X,0x800220A2] -> 0x00C0
[3157] [M]: 0x800220A0 (0x00C0006F) jal zero, 12


mem[X,0x800220AC] -> 0x2423
mem[X,0x800220AE] -> 0x4EC2
[3158] [M]: 0x800220AC (0x4EC22423) sw a2, 1256(tp)
mem[0x8003B650] <- 0x00000002


mem[X,0x800220B0] -> 0xB537
mem[X,0x800220B2] -> 0xAAAA
[3159] [M]: 0x800220B0 (0xAAAAB537) lui a0, 699051
x10 <- 0xAAAAB000


mem[X,0x800220B4] -> 0x0513
mem[X,0x800220B6] -> 0xAAB5
[3160] [M]: 0x800220B4 (0xAAB50513) addi a0, a0, 2731
x10 <- 0xAAAAAAAB


mem[X,0x800220B8] -> 0xB5B7
mem[X,0x800220BA] -> 0x0000
[3161] [M]: 0x800220B8 (0x0000B5B7) lui a1, 11
x11 <- 0x0000B000


mem[X,0x800220BC] -> 0x8593
mem[X,0x800220BE] -> 0x5055
[3162] [M]: 0x800220BC (0x50558593) addi a1, a1, 1285
x11 <- 0x0000B505


mem[X,0x800220C0] -> 0x0613
mem[X,0x800220C2] -> 0x0000
[3163] [M]: 0x800220C0 (0x00000613) addi a2, zero, 0
x12 <- 0x00000000


mem[X,0x800220C4] -> 0x006F
mem[X,0x800220C6] -> 0x00C0
[3164] [M]: 0x800220C4 (0x00C0006F) jal zero, 12


mem[X,0x800220D0] -> 0x5663
mem[X,0x800220D2] -> 0x00B5
[3165] [M]: 0x800220D0 (0x00B55663) bge a0, a1, 12


mem[X,0x800220D4] -> 0x0613
mem[X,0x800220D6] -> 0x0026
[3166] [M]: 0x800220D4 (0x00260613) addi a2, a2, 2
x12 <- 0x00000002


mem[X,0x800220D8] -> 0x006F
mem[X,0x800220DA] -> 0x00C0
[3167] [M]: 0x800220D8 (0x00C0006F) jal zero, 12


mem[X,0x800220E4] -> 0x2623
mem[X,0x800220E6] -> 0x4EC2
[3168] [M]: 0x800220E4 (0x4EC22623) sw a2, 1260(tp)
mem[0x8003B654] <- 0x00000002


mem[X,0x800220E8] -> 0x0513
mem[X,0x800220EA] -> 0x0060
[3169] [M]: 0x800220E8 (0x00600513) addi a0, zero, 6
x10 <- 0x00000006


mem[X,0x800220EC] -> 0x0593
mem[X,0x800220EE] -> 0x0030
[3170] [M]: 0x800220EC (0x00300593) addi a1, zero, 3
x11 <- 0x00000003


mem[X,0x800220F0] -> 0x0613
mem[X,0x800220F2] -> 0x0000
[3171] [M]: 0x800220F0 (0x00000613) addi a2, zero, 0
x12 <- 0x00000000


mem[X,0x800220F4] -> 0x006F
mem[X,0x800220F6] -> 0x00C0
[3172] [M]: 0x800220F4 (0x00C0006F) jal zero, 12


mem[X,0x80022100] -> 0x5063
mem[X,0x80022102] -> 0x08B5
[3173] [M]: 0x80022100 (0x08B55063) bge a0, a1, 128


mem[X,0x80022180] -> 0x0613
mem[X,0x80022182] -> 0x0036
[3174] [M]: 0x80022180 (0x00360613) addi a2, a2, 3
x12 <- 0x00000003


mem[X,0x80022184] -> 0x006F
mem[X,0x80022186] -> 0x0040
[3175] [M]: 0x80022184 (0x0040006F) jal zero, 4


mem[X,0x80022188] -> 0x2823
mem[X,0x8002218A] -> 0x4EC2
[3176] [M]: 0x80022188 (0x4EC22823) sw a2, 1264(tp)
mem[0x8003B658] <- 0x00000003


mem[X,0x8002218C] -> 0x0513
mem[X,0x8002218E] -> 0x0060
[3177] [M]: 0x8002218C (0x00600513) addi a0, zero, 6
x10 <- 0x00000006


mem[X,0x80022190] -> 0x55B7
mem[X,0x80022192] -> 0x5555
[3178] [M]: 0x80022190 (0x555555B7) lui a1, 349525
x11 <- 0x55555000


mem[X,0x80022194] -> 0x8593
mem[X,0x80022196] -> 0x5555
[3179] [M]: 0x80022194 (0x55558593) addi a1, a1, 1365
x11 <- 0x55555555


mem[X,0x80022198] -> 0x0613
mem[X,0x8002219A] -> 0x0000
[3180] [M]: 0x80022198 (0x00000613) addi a2, zero, 0
x12 <- 0x00000000


mem[X,0x8002219C] -> 0x006F
mem[X,0x8002219E] -> 0x0100
[3181] [M]: 0x8002219C (0x0100006F) jal zero, 16


mem[X,0x800221AC] -> 0x5AE3
mem[X,0x800221AE] -> 0xFEB5
[3182] [M]: 0x800221AC (0xFEB55AE3) bge a0, a1, 8180


mem[X,0x800221B0] -> 0x0613
mem[X,0x800221B2] -> 0x0026
[3183] [M]: 0x800221B0 (0x00260613) addi a2, a2, 2
x12 <- 0x00000002


mem[X,0x800221B4] -> 0x006F
mem[X,0x800221B6] -> 0x00C0
[3184] [M]: 0x800221B4 (0x00C0006F) jal zero, 12


mem[X,0x800221C0] -> 0x2A23
mem[X,0x800221C2] -> 0x4EC2
[3185] [M]: 0x800221C0 (0x4EC22A23) sw a2, 1268(tp)
mem[0x8003B65C] <- 0x00000002


mem[X,0x800221C4] -> 0x0513
mem[X,0x800221C6] -> 0x0060
[3186] [M]: 0x800221C4 (0x00600513) addi a0, zero, 6
x10 <- 0x00000006


mem[X,0x800221C8] -> 0xB5B7
mem[X,0x800221CA] -> 0xAAAA
[3187] [M]: 0x800221C8 (0xAAAAB5B7) lui a1, 699051
x11 <- 0xAAAAB000


mem[X,0x800221CC] -> 0x8593
mem[X,0x800221CE] -> 0xAAA5
[3188] [M]: 0x800221CC (0xAAA58593) addi a1, a1, 2730
x11 <- 0xAAAAAAAA


mem[X,0x800221D0] -> 0x0613
mem[X,0x800221D2] -> 0x0000
[3189] [M]: 0x800221D0 (0x00000613) addi a2, zero, 0
x12 <- 0x00000000


mem[X,0x800221D4] -> 0x006F
mem[X,0x800221D6] -> 0x2B10
[3190] [M]: 0x800221D4 (0x2B10006F) jal zero, 2736


mem[X,0x80022C84] -> 0x5A63
mem[X,0x80022C86] -> 0xD4B5
[3191] [M]: 0x80022C84 (0xD4B55A63) bge a0, a1, 5460


mem[X,0x800221D8] -> 0x0613
mem[X,0x800221DA] -> 0x0016
[3192] [M]: 0x800221D8 (0x00160613) addi a2, a2, 1
x12 <- 0x00000001


mem[X,0x800221DC] -> 0x006F
mem[X,0x800221DE] -> 0x2BD0
[3193] [M]: 0x800221DC (0x2BD0006F) jal zero, 2748


mem[X,0x80022C98] -> 0x2C23
mem[X,0x80022C9A] -> 0x4EC2
[3194] [M]: 0x80022C98 (0x4EC22C23) sw a2, 1272(tp)
mem[0x8003B660] <- 0x00000001


mem[X,0x80022C9C] -> 0x0513
mem[X,0x80022C9E] -> 0x0060
[3195] [M]: 0x80022C9C (0x00600513) addi a0, zero, 6
x10 <- 0x00000006


mem[X,0x80022CA0] -> 0x0593
mem[X,0x80022CA2] -> 0x0050
[3196] [M]: 0x80022CA0 (0x00500593) addi a1, zero, 5
x11 <- 0x00000005


mem[X,0x80022CA4] -> 0x0613
mem[X,0x80022CA6] -> 0x0000
[3197] [M]: 0x80022CA4 (0x00000613) addi a2, zero, 0
x12 <- 0x00000000


mem[X,0x80022CA8] -> 0x006F
mem[X,0x80022CAA] -> 0x00C0
[3198] [M]: 0x80022CA8 (0x00C0006F) jal zero, 12


mem[X,0x80022CB4] -> 0x5063
mem[X,0x80022CB6] -> 0x20B5
[3199] [M]: 0x80022CB4 (0x20B55063) bge a0, a1, 512


clint::tick mtime <- 0x0000000000000020
 clint timer pending at mtime 0x0000000000000020
htif::tick 0x0000000000000000
mem[X,0x80022EB4] -> 0x0613
mem[X,0x80022EB6] -> 0x0036
[3200] [M]: 0x80022EB4 (0x00360613) addi a2, a2, 3
x12 <- 0x00000003


mem[X,0x80022EB8] -> 0x006F
mem[X,0x80022EBA] -> 0x0040
[3201] [M]: 0x80022EB8 (0x0040006F) jal zero, 4


mem[X,0x80022EBC] -> 0x2E23
mem[X,0x80022EBE] -> 0x4EC2
[3202] [M]: 0x80022EBC (0x4EC22E23) sw a2, 1276(tp)
mem[0x8003B664] <- 0x00000003


mem[X,0x80022EC0] -> 0x0513
mem[X,0x80022EC2] -> 0x0060
[3203] [M]: 0x80022EC0 (0x00600513) addi a0, zero, 6
x10 <- 0x00000006


mem[X,0x80022EC4] -> 0x35B7
mem[X,0x80022EC6] -> 0x3333
[3204] [M]: 0x80022EC4 (0x333335B7) lui a1, 209715
x11 <- 0x33333000


mem[X,0x80022EC8] -> 0x8593
mem[X,0x80022ECA] -> 0x3335
[3205] [M]: 0x80022EC8 (0x33358593) addi a1, a1, 819
x11 <- 0x33333333


mem[X,0x80022ECC] -> 0x0613
mem[X,0x80022ECE] -> 0x0000
[3206] [M]: 0x80022ECC (0x00000613) addi a2, zero, 0
x12 <- 0x00000000


mem[X,0x80022ED0] -> 0x006F
mem[X,0x80022ED2] -> 0x00C0
[3207] [M]: 0x80022ED0 (0x00C0006F) jal zero, 12


mem[X,0x80022EDC] -> 0x5063
mem[X,0x80022EDE] -> 0x40B5
[3208] [M]: 0x80022EDC (0x40B55063) bge a0, a1, 1024


mem[X,0x80022EE0] -> 0x0613
mem[X,0x80022EE2] -> 0x0026
[3209] [M]: 0x80022EE0 (0x00260613) addi a2, a2, 2
x12 <- 0x00000002


mem[X,0x80022EE4] -> 0x006F
mem[X,0x80022EE6] -> 0x4000
[3210] [M]: 0x80022EE4 (0x4000006F) jal zero, 1024


mem[X,0x800232E4] -> 0x2023
mem[X,0x800232E6] -> 0x50C2
[3211] [M]: 0x800232E4 (0x50C22023) sw a2, 1280(tp)
mem[0x8003B668] <- 0x00000002


mem[X,0x800232E8] -> 0x0513
mem[X,0x800232EA] -> 0x0060
[3212] [M]: 0x800232E8 (0x00600513) addi a0, zero, 6
x10 <- 0x00000006


mem[X,0x800232EC] -> 0x65B7
mem[X,0x800232EE] -> 0x6666
[3213] [M]: 0x800232EC (0x666665B7) lui a1, 419430
x11 <- 0x66666000


mem[X,0x800232F0] -> 0x8593
mem[X,0x800232F2] -> 0x6665
[3214] [M]: 0x800232F0 (0x66658593) addi a1, a1, 1638
x11 <- 0x66666666


mem[X,0x800232F4] -> 0x0613
mem[X,0x800232F6] -> 0x0000
[3215] [M]: 0x800232F4 (0x00000613) addi a2, zero, 0
x12 <- 0x00000000


mem[X,0x800232F8] -> 0x006F
mem[X,0x800232FA] -> 0x00C0
[3216] [M]: 0x800232F8 (0x00C0006F) jal zero, 12


mem[X,0x80023304] -> 0x5CE3
mem[X,0x80023306] -> 0xFEB5
[3217] [M]: 0x80023304 (0xFEB55CE3) bge a0, a1, 8184


mem[X,0x80023308] -> 0x0613
mem[X,0x8002330A] -> 0x0026
[3218] [M]: 0x80023308 (0x00260613) addi a2, a2, 2
x12 <- 0x00000002


mem[X,0x8002330C] -> 0x006F
mem[X,0x8002330E] -> 0x00C0
[3219] [M]: 0x8002330C (0x00C0006F) jal zero, 12


mem[X,0x80023318] -> 0x2223
mem[X,0x8002331A] -> 0x50C2
[3220] [M]: 0x80023318 (0x50C22223) sw a2, 1284(tp)
mem[0x8003B66C] <- 0x00000002


mem[X,0x8002331C] -> 0x0513
mem[X,0x8002331E] -> 0x0060
[3221] [M]: 0x8002331C (0x00600513) addi a0, zero, 6
x10 <- 0x00000006


mem[X,0x80023320] -> 0x55B7
mem[X,0x80023322] -> 0xFFFF
[3222] [M]: 0x80023320 (0xFFFF55B7) lui a1, 1048565
x11 <- 0xFFFF5000


mem[X,0x80023324] -> 0x8593
mem[X,0x80023326] -> 0xAFC5
[3223] [M]: 0x80023324 (0xAFC58593) addi a1, a1, 2812
x11 <- 0xFFFF4AFC


mem[X,0x80023328] -> 0x0613
mem[X,0x8002332A] -> 0x0000
[3224] [M]: 0x80023328 (0x00000613) addi a2, zero, 0
x12 <- 0x00000000


mem[X,0x8002332C] -> 0x006F
mem[X,0x8002332E] -> 0x00C0
[3225] [M]: 0x8002332C (0x00C0006F) jal zero, 12


mem[X,0x80023338] -> 0x5063
mem[X,0x8002333A] -> 0x40B5
[3226] [M]: 0x80023338 (0x40B55063) bge a0, a1, 1024


mem[X,0x80023738] -> 0x0613
mem[X,0x8002373A] -> 0x0036
[3227] [M]: 0x80023738 (0x00360613) addi a2, a2, 3
x12 <- 0x00000003


mem[X,0x8002373C] -> 0x006F
mem[X,0x8002373E] -> 0x0040
[3228] [M]: 0x8002373C (0x0040006F) jal zero, 4


mem[X,0x80023740] -> 0x2423
mem[X,0x80023742] -> 0x50C2
[3229] [M]: 0x80023740 (0x50C22423) sw a2, 1288(tp)
mem[0x8003B670] <- 0x00000003


mem[X,0x80023744] -> 0x0513
mem[X,0x80023746] -> 0x0060
[3230] [M]: 0x80023744 (0x00600513) addi a0, zero, 6
x10 <- 0x00000006


mem[X,0x80023748] -> 0xB5B7
mem[X,0x8002374A] -> 0x0000
[3231] [M]: 0x80023748 (0x0000B5B7) lui a1, 11
x11 <- 0x0000B000


mem[X,0x8002374C] -> 0x8593
mem[X,0x8002374E] -> 0x5045
[3232] [M]: 0x8002374C (0x50458593) addi a1, a1, 1284
x11 <- 0x0000B504


mem[X,0x80023750] -> 0x0613
mem[X,0x80023752] -> 0x0000
[3233] [M]: 0x80023750 (0x00000613) addi a2, zero, 0
x12 <- 0x00000000


mem[X,0x80023754] -> 0x006F
mem[X,0x80023756] -> 0x00C0
[3234] [M]: 0x80023754 (0x00C0006F) jal zero, 12


mem[X,0x80023760] -> 0x5CE3
mem[X,0x80023762] -> 0xFEB5
[3235] [M]: 0x80023760 (0xFEB55CE3) bge a0, a1, 8184


mem[X,0x80023764] -> 0x0613
mem[X,0x80023766] -> 0x0026
[3236] [M]: 0x80023764 (0x00260613) addi a2, a2, 2
x12 <- 0x00000002


mem[X,0x80023768] -> 0x006F
mem[X,0x8002376A] -> 0x00C0
[3237] [M]: 0x80023768 (0x00C0006F) jal zero, 12


mem[X,0x80023774] -> 0x2623
mem[X,0x80023776] -> 0x50C2
[3238] [M]: 0x80023774 (0x50C22623) sw a2, 1292(tp)
mem[0x8003B674] <- 0x00000002


mem[X,0x80023778] -> 0x0513
mem[X,0x8002377A] -> 0x0060
[3239] [M]: 0x80023778 (0x00600513) addi a0, zero, 6
x10 <- 0x00000006


mem[X,0x8002377C] -> 0x0593
mem[X,0x8002377E] -> 0x0020
[3240] [M]: 0x8002377C (0x00200593) addi a1, zero, 2
x11 <- 0x00000002


mem[X,0x80023780] -> 0x0613
mem[X,0x80023782] -> 0x0000
[3241] [M]: 0x80023780 (0x00000613) addi a2, zero, 0
x12 <- 0x00000000


mem[X,0x80023784] -> 0x006F
mem[X,0x80023786] -> 0x00C0
[3242] [M]: 0x80023784 (0x00C0006F) jal zero, 12


mem[X,0x80023790] -> 0x5063
mem[X,0x80023792] -> 0x04B5
[3243] [M]: 0x80023790 (0x04B55063) bge a0, a1, 64


mem[X,0x800237D0] -> 0x0613
mem[X,0x800237D2] -> 0x0036
[3244] [M]: 0x800237D0 (0x00360613) addi a2, a2, 3
x12 <- 0x00000003


mem[X,0x800237D4] -> 0x006F
mem[X,0x800237D6] -> 0x0040
[3245] [M]: 0x800237D4 (0x0040006F) jal zero, 4


mem[X,0x800237D8] -> 0x2823
mem[X,0x800237DA] -> 0x50C2
[3246] [M]: 0x800237D8 (0x50C22823) sw a2, 1296(tp)
mem[0x8003B678] <- 0x00000003


mem[X,0x800237DC] -> 0x0513
mem[X,0x800237DE] -> 0x0060
[3247] [M]: 0x800237DC (0x00600513) addi a0, zero, 6
x10 <- 0x00000006


mem[X,0x800237E0] -> 0x55B7
mem[X,0x800237E2] -> 0x5555
[3248] [M]: 0x800237E0 (0x555555B7) lui a1, 349525
x11 <- 0x55555000


mem[X,0x800237E4] -> 0x8593
mem[X,0x800237E6] -> 0x5545
[3249] [M]: 0x800237E4 (0x55458593) addi a1, a1, 1364
x11 <- 0x55555554


mem[X,0x800237E8] -> 0x0613
mem[X,0x800237EA] -> 0x0000
[3250] [M]: 0x800237E8 (0x00000613) addi a2, zero, 0
x12 <- 0x00000000


mem[X,0x800237EC] -> 0x006F
mem[X,0x800237EE] -> 0x00C0
[3251] [M]: 0x800237EC (0x00C0006F) jal zero, 12


mem[X,0x800237F8] -> 0x5663
mem[X,0x800237FA] -> 0x00B5
[3252] [M]: 0x800237F8 (0x00B55663) bge a0, a1, 12


mem[X,0x800237FC] -> 0x0613
mem[X,0x800237FE] -> 0x0026
[3253] [M]: 0x800237FC (0x00260613) addi a2, a2, 2
x12 <- 0x00000002


mem[X,0x80023800] -> 0x006F
mem[X,0x80023802] -> 0x00C0
[3254] [M]: 0x80023800 (0x00C0006F) jal zero, 12


mem[X,0x8002380C] -> 0x2A23
mem[X,0x8002380E] -> 0x50C2
[3255] [M]: 0x8002380C (0x50C22A23) sw a2, 1300(tp)
mem[0x8003B67C] <- 0x00000002


mem[X,0x80023810] -> 0x0513
mem[X,0x80023812] -> 0x0060
[3256] [M]: 0x80023810 (0x00600513) addi a0, zero, 6
x10 <- 0x00000006


mem[X,0x80023814] -> 0x0593
mem[X,0x80023816] -> 0x0000
[3257] [M]: 0x80023814 (0x00000593) addi a1, zero, 0
x11 <- 0x00000000


mem[X,0x80023818] -> 0x0613
mem[X,0x8002381A] -> 0x0000
[3258] [M]: 0x80023818 (0x00000613) addi a2, zero, 0
x12 <- 0x00000000


mem[X,0x8002381C] -> 0x006F
mem[X,0x8002381E] -> 0x00C0
[3259] [M]: 0x8002381C (0x00C0006F) jal zero, 12


mem[X,0x80023828] -> 0x5CE3
mem[X,0x8002382A] -> 0xFEB5
[3260] [M]: 0x80023828 (0xFEB55CE3) bge a0, a1, 8184


mem[X,0x80023820] -> 0x0613
mem[X,0x80023822] -> 0x0016
[3261] [M]: 0x80023820 (0x00160613) addi a2, a2, 1
x12 <- 0x00000001


mem[X,0x80023824] -> 0x006F
mem[X,0x80023826] -> 0x0180
[3262] [M]: 0x80023824 (0x0180006F) jal zero, 24


mem[X,0x8002383C] -> 0x2C23
mem[X,0x8002383E] -> 0x50C2
[3263] [M]: 0x8002383C (0x50C22C23) sw a2, 1304(tp)
mem[0x8003B680] <- 0x00000001


mem[X,0x80023840] -> 0x0513
mem[X,0x80023842] -> 0x0060
[3264] [M]: 0x80023840 (0x00600513) addi a0, zero, 6
x10 <- 0x00000006


mem[X,0x80023844] -> 0x0593
mem[X,0x80023846] -> 0x0040
[3265] [M]: 0x80023844 (0x00400593) addi a1, zero, 4
x11 <- 0x00000004


mem[X,0x80023848] -> 0x0613
mem[X,0x8002384A] -> 0x0000
[3266] [M]: 0x80023848 (0x00000613) addi a2, zero, 0
x12 <- 0x00000000


mem[X,0x8002384C] -> 0x006F
mem[X,0x8002384E] -> 0x00C0
[3267] [M]: 0x8002384C (0x00C0006F) jal zero, 12


mem[X,0x80023858] -> 0x5663
mem[X,0x8002385A] -> 0x00B5
[3268] [M]: 0x80023858 (0x00B55663) bge a0, a1, 12


mem[X,0x80023864] -> 0x0613
mem[X,0x80023866] -> 0x0036
[3269] [M]: 0x80023864 (0x00360613) addi a2, a2, 3
x12 <- 0x00000003


mem[X,0x80023868] -> 0x006F
mem[X,0x8002386A] -> 0x0040
[3270] [M]: 0x80023868 (0x0040006F) jal zero, 4


mem[X,0x8002386C] -> 0x2E23
mem[X,0x8002386E] -> 0x50C2
[3271] [M]: 0x8002386C (0x50C22E23) sw a2, 1308(tp)
mem[0x8003B684] <- 0x00000003


mem[X,0x80023870] -> 0x0513
mem[X,0x80023872] -> 0x0060
[3272] [M]: 0x80023870 (0x00600513) addi a0, zero, 6
x10 <- 0x00000006


mem[X,0x80023874] -> 0x35B7
mem[X,0x80023876] -> 0x3333
[3273] [M]: 0x80023874 (0x333335B7) lui a1, 209715
x11 <- 0x33333000


mem[X,0x80023878] -> 0x8593
mem[X,0x8002387A] -> 0x3325
[3274] [M]: 0x80023878 (0x33258593) addi a1, a1, 818
x11 <- 0x33333332


mem[X,0x8002387C] -> 0x0613
mem[X,0x8002387E] -> 0x0000
[3275] [M]: 0x8002387C (0x00000613) addi a2, zero, 0
x12 <- 0x00000000


mem[X,0x80023880] -> 0x006F
mem[X,0x80023882] -> 0x00C0
[3276] [M]: 0x80023880 (0x00C0006F) jal zero, 12


mem[X,0x8002388C] -> 0x5663
mem[X,0x8002388E] -> 0x00B5
[3277] [M]: 0x8002388C (0x00B55663) bge a0, a1, 12


mem[X,0x80023890] -> 0x0613
mem[X,0x80023892] -> 0x0026
[3278] [M]: 0x80023890 (0x00260613) addi a2, a2, 2
x12 <- 0x00000002


mem[X,0x80023894] -> 0x006F
mem[X,0x80023896] -> 0x00C0
[3279] [M]: 0x80023894 (0x00C0006F) jal zero, 12


mem[X,0x800238A0] -> 0x2023
mem[X,0x800238A2] -> 0x52C2
[3280] [M]: 0x800238A0 (0x52C22023) sw a2, 1312(tp)
mem[0x8003B688] <- 0x00000002


mem[X,0x800238A4] -> 0x0513
mem[X,0x800238A6] -> 0x0060
[3281] [M]: 0x800238A4 (0x00600513) addi a0, zero, 6
x10 <- 0x00000006


mem[X,0x800238A8] -> 0x65B7
mem[X,0x800238AA] -> 0x6666
[3282] [M]: 0x800238A8 (0x666665B7) lui a1, 419430
x11 <- 0x66666000


mem[X,0x800238AC] -> 0x8593
mem[X,0x800238AE] -> 0x6655
[3283] [M]: 0x800238AC (0x66558593) addi a1, a1, 1637
x11 <- 0x66666665


mem[X,0x800238B0] -> 0x0613
mem[X,0x800238B2] -> 0x0000
[3284] [M]: 0x800238B0 (0x00000613) addi a2, zero, 0
x12 <- 0x00000000


mem[X,0x800238B4] -> 0x006F
mem[X,0x800238B6] -> 0x00C0
[3285] [M]: 0x800238B4 (0x00C0006F) jal zero, 12


mem[X,0x800238C0] -> 0x5CE3
mem[X,0x800238C2] -> 0xFEB5
[3286] [M]: 0x800238C0 (0xFEB55CE3) bge a0, a1, 8184


mem[X,0x800238C4] -> 0x0613
mem[X,0x800238C6] -> 0x0026
[3287] [M]: 0x800238C4 (0x00260613) addi a2, a2, 2
x12 <- 0x00000002


mem[X,0x800238C8] -> 0x006F
mem[X,0x800238CA] -> 0x00C0
[3288] [M]: 0x800238C8 (0x00C0006F) jal zero, 12


mem[X,0x800238D4] -> 0x2223
mem[X,0x800238D6] -> 0x52C2
[3289] [M]: 0x800238D4 (0x52C22223) sw a2, 1316(tp)
mem[0x8003B68C] <- 0x00000002


mem[X,0x800238D8] -> 0x0513
mem[X,0x800238DA] -> 0x0060
[3290] [M]: 0x800238D8 (0x00600513) addi a0, zero, 6
x10 <- 0x00000006


mem[X,0x800238DC] -> 0xB5B7
mem[X,0x800238DE] -> 0x0000
[3291] [M]: 0x800238DC (0x0000B5B7) lui a1, 11
x11 <- 0x0000B000


mem[X,0x800238E0] -> 0x8593
mem[X,0x800238E2] -> 0x5035
[3292] [M]: 0x800238E0 (0x50358593) addi a1, a1, 1283
x11 <- 0x0000B503


mem[X,0x800238E4] -> 0x0613
mem[X,0x800238E6] -> 0x0000
[3293] [M]: 0x800238E4 (0x00000613) addi a2, zero, 0
x12 <- 0x00000000


mem[X,0x800238E8] -> 0x006F
mem[X,0x800238EA] -> 0x00C0
[3294] [M]: 0x800238E8 (0x00C0006F) jal zero, 12


mem[X,0x800238F4] -> 0x5663
mem[X,0x800238F6] -> 0x00B5
[3295] [M]: 0x800238F4 (0x00B55663) bge a0, a1, 12


mem[X,0x800238F8] -> 0x0613
mem[X,0x800238FA] -> 0x0026
[3296] [M]: 0x800238F8 (0x00260613) addi a2, a2, 2
x12 <- 0x00000002


mem[X,0x800238FC] -> 0x006F
mem[X,0x800238FE] -> 0x00C0
[3297] [M]: 0x800238FC (0x00C0006F) jal zero, 12


mem[X,0x80023908] -> 0x2423
mem[X,0x8002390A] -> 0x52C2
[3298] [M]: 0x80023908 (0x52C22423) sw a2, 1320(tp)
mem[0x8003B690] <- 0x00000002


mem[X,0x8002390C] -> 0x0513
mem[X,0x8002390E] -> 0x0060
[3299] [M]: 0x8002390C (0x00600513) addi a0, zero, 6
x10 <- 0x00000006


clint::tick mtime <- 0x0000000000000021
 clint timer pending at mtime 0x0000000000000021
htif::tick 0x0000000000000000
mem[X,0x80023910] -> 0x55B7
mem[X,0x80023912] -> 0x5555
[3300] [M]: 0x80023910 (0x555555B7) lui a1, 349525
x11 <- 0x55555000


mem[X,0x80023914] -> 0x8593
mem[X,0x80023916] -> 0x5565
[3301] [M]: 0x80023914 (0x55658593) addi a1, a1, 1366
x11 <- 0x55555556


mem[X,0x80023918] -> 0x0613
mem[X,0x8002391A] -> 0x0000
[3302] [M]: 0x80023918 (0x00000613) addi a2, zero, 0
x12 <- 0x00000000


mem[X,0x8002391C] -> 0x006F
mem[X,0x8002391E] -> 0x00C0
[3303] [M]: 0x8002391C (0x00C0006F) jal zero, 12


mem[X,0x80023928] -> 0x5663
mem[X,0x8002392A] -> 0x00B5
[3304] [M]: 0x80023928 (0x00B55663) bge a0, a1, 12


mem[X,0x8002392C] -> 0x0613
mem[X,0x8002392E] -> 0x0026
[3305] [M]: 0x8002392C (0x00260613) addi a2, a2, 2
x12 <- 0x00000002


mem[X,0x80023930] -> 0x006F
mem[X,0x80023932] -> 0x00C0
[3306] [M]: 0x80023930 (0x00C0006F) jal zero, 12


mem[X,0x8002393C] -> 0x2623
mem[X,0x8002393E] -> 0x52C2
[3307] [M]: 0x8002393C (0x52C22623) sw a2, 1324(tp)
mem[0x8003B694] <- 0x00000002


mem[X,0x80023940] -> 0x0513
mem[X,0x80023942] -> 0x0060
[3308] [M]: 0x80023940 (0x00600513) addi a0, zero, 6
x10 <- 0x00000006


mem[X,0x80023944] -> 0xB5B7
mem[X,0x80023946] -> 0xAAAA
[3309] [M]: 0x80023944 (0xAAAAB5B7) lui a1, 699051
x11 <- 0xAAAAB000


mem[X,0x80023948] -> 0x8593
mem[X,0x8002394A] -> 0xAAB5
[3310] [M]: 0x80023948 (0xAAB58593) addi a1, a1, 2731
x11 <- 0xAAAAAAAB


mem[X,0x8002394C] -> 0x0613
mem[X,0x8002394E] -> 0x0000
[3311] [M]: 0x8002394C (0x00000613) addi a2, zero, 0
x12 <- 0x00000000


mem[X,0x80023950] -> 0x006F
mem[X,0x80023952] -> 0x00C0
[3312] [M]: 0x80023950 (0x00C0006F) jal zero, 12


mem[X,0x8002395C] -> 0x5CE3
mem[X,0x8002395E] -> 0xFEB5
[3313] [M]: 0x8002395C (0xFEB55CE3) bge a0, a1, 8184


mem[X,0x80023954] -> 0x0613
mem[X,0x80023956] -> 0x0016
[3314] [M]: 0x80023954 (0x00160613) addi a2, a2, 1
x12 <- 0x00000001


mem[X,0x80023958] -> 0x006F
mem[X,0x8002395A] -> 0x0180
[3315] [M]: 0x80023958 (0x0180006F) jal zero, 24


mem[X,0x80023970] -> 0x2823
mem[X,0x80023972] -> 0x52C2
[3316] [M]: 0x80023970 (0x52C22823) sw a2, 1328(tp)
mem[0x8003B698] <- 0x00000001


mem[X,0x80023974] -> 0x0513
mem[X,0x80023976] -> 0x0060
[3317] [M]: 0x80023974 (0x00600513) addi a0, zero, 6
x10 <- 0x00000006


mem[X,0x80023978] -> 0x0593
mem[X,0x8002397A] -> 0x0060
[3318] [M]: 0x80023978 (0x00600593) addi a1, zero, 6
x11 <- 0x00000006


mem[X,0x8002397C] -> 0x0613
mem[X,0x8002397E] -> 0x0000
[3319] [M]: 0x8002397C (0x00000613) addi a2, zero, 0
x12 <- 0x00000000


mem[X,0x80023980] -> 0x006F
mem[X,0x80023982] -> 0x00C0
[3320] [M]: 0x80023980 (0x00C0006F) jal zero, 12


mem[X,0x8002398C] -> 0x5063
mem[X,0x8002398E] -> 0x40B5
[3321] [M]: 0x8002398C (0x40B55063) bge a0, a1, 1024


mem[X,0x80023D8C] -> 0x0613
mem[X,0x80023D8E] -> 0x0036
[3322] [M]: 0x80023D8C (0x00360613) addi a2, a2, 3
x12 <- 0x00000003


mem[X,0x80023D90] -> 0x006F
mem[X,0x80023D92] -> 0x0040
[3323] [M]: 0x80023D90 (0x0040006F) jal zero, 4


mem[X,0x80023D94] -> 0x2A23
mem[X,0x80023D96] -> 0x52C2
[3324] [M]: 0x80023D94 (0x52C22A23) sw a2, 1332(tp)
mem[0x8003B69C] <- 0x00000003


mem[X,0x80023D98] -> 0x0513
mem[X,0x80023D9A] -> 0x0060
[3325] [M]: 0x80023D98 (0x00600513) addi a0, zero, 6
x10 <- 0x00000006


mem[X,0x80023D9C] -> 0x35B7
mem[X,0x80023D9E] -> 0x3333
[3326] [M]: 0x80023D9C (0x333335B7) lui a1, 209715
x11 <- 0x33333000


mem[X,0x80023DA0] -> 0x8593
mem[X,0x80023DA2] -> 0x3345
[3327] [M]: 0x80023DA0 (0x33458593) addi a1, a1, 820
x11 <- 0x33333334


mem[X,0x80023DA4] -> 0x0613
mem[X,0x80023DA6] -> 0x0000
[3328] [M]: 0x80023DA4 (0x00000613) addi a2, zero, 0
x12 <- 0x00000000


mem[X,0x80023DA8] -> 0x006F
mem[X,0x80023DAA] -> 0x0180
[3329] [M]: 0x80023DA8 (0x0180006F) jal zero, 24


mem[X,0x80023DC0] -> 0x56E3
mem[X,0x80023DC2] -> 0xFEB5
[3330] [M]: 0x80023DC0 (0xFEB556E3) bge a0, a1, 8172


mem[X,0x80023DC4] -> 0x0613
mem[X,0x80023DC6] -> 0x0026
[3331] [M]: 0x80023DC4 (0x00260613) addi a2, a2, 2
x12 <- 0x00000002


mem[X,0x80023DC8] -> 0x006F
mem[X,0x80023DCA] -> 0x00C0
[3332] [M]: 0x80023DC8 (0x00C0006F) jal zero, 12


mem[X,0x80023DD4] -> 0x2C23
mem[X,0x80023DD6] -> 0x52C2
[3333] [M]: 0x80023DD4 (0x52C22C23) sw a2, 1336(tp)
mem[0x8003B6A0] <- 0x00000002


mem[X,0x80023DD8] -> 0x0513
mem[X,0x80023DDA] -> 0x0060
[3334] [M]: 0x80023DD8 (0x00600513) addi a0, zero, 6
x10 <- 0x00000006


mem[X,0x80023DDC] -> 0x65B7
mem[X,0x80023DDE] -> 0x6666
[3335] [M]: 0x80023DDC (0x666665B7) lui a1, 419430
x11 <- 0x66666000


mem[X,0x80023DE0] -> 0x8593
mem[X,0x80023DE2] -> 0x6675
[3336] [M]: 0x80023DE0 (0x66758593) addi a1, a1, 1639
x11 <- 0x66666667


mem[X,0x80023DE4] -> 0x0613
mem[X,0x80023DE6] -> 0x0000
[3337] [M]: 0x80023DE4 (0x00000613) addi a2, zero, 0
x12 <- 0x00000000


mem[X,0x80023DE8] -> 0x006F
mem[X,0x80023DEA] -> 0x2B10
[3338] [M]: 0x80023DE8 (0x2B10006F) jal zero, 2736


mem[X,0x80024898] -> 0x5A63
mem[X,0x8002489A] -> 0xD4B5
[3339] [M]: 0x80024898 (0xD4B55A63) bge a0, a1, 5460


mem[X,0x8002489C] -> 0x0613
mem[X,0x8002489E] -> 0x0026
[3340] [M]: 0x8002489C (0x00260613) addi a2, a2, 2
x12 <- 0x00000002


mem[X,0x800248A0] -> 0x006F
mem[X,0x800248A2] -> 0x00C0
[3341] [M]: 0x800248A0 (0x00C0006F) jal zero, 12


mem[X,0x800248AC] -> 0x2E23
mem[X,0x800248AE] -> 0x52C2
[3342] [M]: 0x800248AC (0x52C22E23) sw a2, 1340(tp)
mem[0x8003B6A4] <- 0x00000002


mem[X,0x800248B0] -> 0x0513
mem[X,0x800248B2] -> 0x0060
[3343] [M]: 0x800248B0 (0x00600513) addi a0, zero, 6
x10 <- 0x00000006


mem[X,0x800248B4] -> 0x55B7
mem[X,0x800248B6] -> 0xFFFF
[3344] [M]: 0x800248B4 (0xFFFF55B7) lui a1, 1048565
x11 <- 0xFFFF5000


mem[X,0x800248B8] -> 0x8593
mem[X,0x800248BA] -> 0xAFD5
[3345] [M]: 0x800248B8 (0xAFD58593) addi a1, a1, 2813
x11 <- 0xFFFF4AFD


mem[X,0x800248BC] -> 0x0613
mem[X,0x800248BE] -> 0x0000
[3346] [M]: 0x800248BC (0x00000613) addi a2, zero, 0
x12 <- 0x00000000


mem[X,0x800248C0] -> 0x006F
mem[X,0x800248C2] -> 0x00C0
[3347] [M]: 0x800248C0 (0x00C0006F) jal zero, 12


mem[X,0x800248CC] -> 0x5CE3
mem[X,0x800248CE] -> 0xFEB5
[3348] [M]: 0x800248CC (0xFEB55CE3) bge a0, a1, 8184


mem[X,0x800248C4] -> 0x0613
mem[X,0x800248C6] -> 0x0016
[3349] [M]: 0x800248C4 (0x00160613) addi a2, a2, 1
x12 <- 0x00000001


mem[X,0x800248C8] -> 0x006F
mem[X,0x800248CA] -> 0x0180
[3350] [M]: 0x800248C8 (0x0180006F) jal zero, 24


mem[X,0x800248E0] -> 0x2023
mem[X,0x800248E2] -> 0x54C2
[3351] [M]: 0x800248E0 (0x54C22023) sw a2, 1344(tp)
mem[0x8003B6A8] <- 0x00000001


mem[X,0x800248E4] -> 0x0513
mem[X,0x800248E6] -> 0x0060
[3352] [M]: 0x800248E4 (0x00600513) addi a0, zero, 6
x10 <- 0x00000006


mem[X,0x800248E8] -> 0xB5B7
mem[X,0x800248EA] -> 0x0000
[3353] [M]: 0x800248E8 (0x0000B5B7) lui a1, 11
x11 <- 0x0000B000


mem[X,0x800248EC] -> 0x8593
mem[X,0x800248EE] -> 0x5055
[3354] [M]: 0x800248EC (0x50558593) addi a1, a1, 1285
x11 <- 0x0000B505


mem[X,0x800248F0] -> 0x0613
mem[X,0x800248F2] -> 0x0000
[3355] [M]: 0x800248F0 (0x00000613) addi a2, zero, 0
x12 <- 0x00000000


mem[X,0x800248F4] -> 0x006F
mem[X,0x800248F6] -> 0x00C0
[3356] [M]: 0x800248F4 (0x00C0006F) jal zero, 12


mem[X,0x80024900] -> 0x5063
mem[X,0x80024902] -> 0x08B5
[3357] [M]: 0x80024900 (0x08B55063) bge a0, a1, 128


mem[X,0x80024904] -> 0x0613
mem[X,0x80024906] -> 0x0026
[3358] [M]: 0x80024904 (0x00260613) addi a2, a2, 2
x12 <- 0x00000002


mem[X,0x80024908] -> 0x006F
mem[X,0x8002490A] -> 0x0800
[3359] [M]: 0x80024908 (0x0800006F) jal zero, 128


mem[X,0x80024988] -> 0x2223
mem[X,0x8002498A] -> 0x54C2
[3360] [M]: 0x80024988 (0x54C22223) sw a2, 1348(tp)
mem[0x8003B6AC] <- 0x00000002


mem[X,0x8002498C] -> 0x3537
mem[X,0x8002498E] -> 0x3333
[3361] [M]: 0x8002498C (0x33333537) lui a0, 209715
x10 <- 0x33333000


mem[X,0x80024990] -> 0x0513
mem[X,0x80024992] -> 0x3345
[3362] [M]: 0x80024990 (0x33450513) addi a0, a0, 820
x10 <- 0x33333334


mem[X,0x80024994] -> 0x0593
mem[X,0x80024996] -> 0x0030
[3363] [M]: 0x80024994 (0x00300593) addi a1, zero, 3
x11 <- 0x00000003


mem[X,0x80024998] -> 0x0613
mem[X,0x8002499A] -> 0x0000
[3364] [M]: 0x80024998 (0x00000613) addi a2, zero, 0
x12 <- 0x00000000


mem[X,0x8002499C] -> 0x006F
mem[X,0x8002499E] -> 0x00C0
[3365] [M]: 0x8002499C (0x00C0006F) jal zero, 12


mem[X,0x800249A8] -> 0x5063
mem[X,0x800249AA] -> 0x10B5
[3366] [M]: 0x800249A8 (0x10B55063) bge a0, a1, 256


mem[X,0x80024AA8] -> 0x0613
mem[X,0x80024AAA] -> 0x0036
[3367] [M]: 0x80024AA8 (0x00360613) addi a2, a2, 3
x12 <- 0x00000003


mem[X,0x80024AAC] -> 0x006F
mem[X,0x80024AAE] -> 0x0040
[3368] [M]: 0x80024AAC (0x0040006F) jal zero, 4


mem[X,0x80024AB0] -> 0x2423
mem[X,0x80024AB2] -> 0x54C2
[3369] [M]: 0x80024AB0 (0x54C22423) sw a2, 1352(tp)
mem[0x8003B6B0] <- 0x00000003


mem[X,0x80024AB4] -> 0x3537
mem[X,0x80024AB6] -> 0x3333
[3370] [M]: 0x80024AB4 (0x33333537) lui a0, 209715
x10 <- 0x33333000


mem[X,0x80024AB8] -> 0x0513
mem[X,0x80024ABA] -> 0x3345
[3371] [M]: 0x80024AB8 (0x33450513) addi a0, a0, 820
x10 <- 0x33333334


mem[X,0x80024ABC] -> 0x55B7
mem[X,0x80024ABE] -> 0x5555
[3372] [M]: 0x80024ABC (0x555555B7) lui a1, 349525
x11 <- 0x55555000


mem[X,0x80024AC0] -> 0x8593
mem[X,0x80024AC2] -> 0x5555
[3373] [M]: 0x80024AC0 (0x55558593) addi a1, a1, 1365
x11 <- 0x55555555


mem[X,0x80024AC4] -> 0x0613
mem[X,0x80024AC6] -> 0x0000
[3374] [M]: 0x80024AC4 (0x00000613) addi a2, zero, 0
x12 <- 0x00000000


mem[X,0x80024AC8] -> 0x006F
mem[X,0x80024ACA] -> 0x00C0
[3375] [M]: 0x80024AC8 (0x00C0006F) jal zero, 12


mem[X,0x80024AD4] -> 0x5663
mem[X,0x80024AD6] -> 0x00B5
[3376] [M]: 0x80024AD4 (0x00B55663) bge a0, a1, 12


mem[X,0x80024AD8] -> 0x0613
mem[X,0x80024ADA] -> 0x0026
[3377] [M]: 0x80024AD8 (0x00260613) addi a2, a2, 2
x12 <- 0x00000002


mem[X,0x80024ADC] -> 0x006F
mem[X,0x80024ADE] -> 0x00C0
[3378] [M]: 0x80024ADC (0x00C0006F) jal zero, 12


mem[X,0x80024AE8] -> 0x2623
mem[X,0x80024AEA] -> 0x54C2
[3379] [M]: 0x80024AE8 (0x54C22623) sw a2, 1356(tp)
mem[0x8003B6B4] <- 0x00000002


mem[X,0x80024AEC] -> 0x3537
mem[X,0x80024AEE] -> 0x3333
[3380] [M]: 0x80024AEC (0x33333537) lui a0, 209715
x10 <- 0x33333000


mem[X,0x80024AF0] -> 0x0513
mem[X,0x80024AF2] -> 0x3345
[3381] [M]: 0x80024AF0 (0x33450513) addi a0, a0, 820
x10 <- 0x33333334


mem[X,0x80024AF4] -> 0xB5B7
mem[X,0x80024AF6] -> 0xAAAA
[3382] [M]: 0x80024AF4 (0xAAAAB5B7) lui a1, 699051
x11 <- 0xAAAAB000


mem[X,0x80024AF8] -> 0x8593
mem[X,0x80024AFA] -> 0xAAA5
[3383] [M]: 0x80024AF8 (0xAAA58593) addi a1, a1, 2730
x11 <- 0xAAAAAAAA


mem[X,0x80024AFC] -> 0x0613
mem[X,0x80024AFE] -> 0x0000
[3384] [M]: 0x80024AFC (0x00000613) addi a2, zero, 0
x12 <- 0x00000000


mem[X,0x80024B00] -> 0x006F
mem[X,0x80024B02] -> 0x00C0
[3385] [M]: 0x80024B00 (0x00C0006F) jal zero, 12


mem[X,0x80024B0C] -> 0x5CE3
mem[X,0x80024B0E] -> 0xFEB5
[3386] [M]: 0x80024B0C (0xFEB55CE3) bge a0, a1, 8184


mem[X,0x80024B04] -> 0x0613
mem[X,0x80024B06] -> 0x0016
[3387] [M]: 0x80024B04 (0x00160613) addi a2, a2, 1
x12 <- 0x00000001


mem[X,0x80024B08] -> 0x006F
mem[X,0x80024B0A] -> 0x0180
[3388] [M]: 0x80024B08 (0x0180006F) jal zero, 24


mem[X,0x80024B20] -> 0x2823
mem[X,0x80024B22] -> 0x54C2
[3389] [M]: 0x80024B20 (0x54C22823) sw a2, 1360(tp)
mem[0x8003B6B8] <- 0x00000001


mem[X,0x80024B24] -> 0x3537
mem[X,0x80024B26] -> 0x3333
[3390] [M]: 0x80024B24 (0x33333537) lui a0, 209715
x10 <- 0x33333000


mem[X,0x80024B28] -> 0x0513
mem[X,0x80024B2A] -> 0x3345
[3391] [M]: 0x80024B28 (0x33450513) addi a0, a0, 820
x10 <- 0x33333334


mem[X,0x80024B2C] -> 0x0593
mem[X,0x80024B2E] -> 0x0050
[3392] [M]: 0x80024B2C (0x00500593) addi a1, zero, 5
x11 <- 0x00000005


mem[X,0x80024B30] -> 0x0613
mem[X,0x80024B32] -> 0x0000
[3393] [M]: 0x80024B30 (0x00000613) addi a2, zero, 0
x12 <- 0x00000000


mem[X,0x80024B34] -> 0x006F
mem[X,0x80024B36] -> 0x00C0
[3394] [M]: 0x80024B34 (0x00C0006F) jal zero, 12


mem[X,0x80024B40] -> 0x5063
mem[X,0x80024B42] -> 0x20B5
[3395] [M]: 0x80024B40 (0x20B55063) bge a0, a1, 512


mem[X,0x80024D40] -> 0x0613
mem[X,0x80024D42] -> 0x0036
[3396] [M]: 0x80024D40 (0x00360613) addi a2, a2, 3
x12 <- 0x00000003


mem[X,0x80024D44] -> 0x006F
mem[X,0x80024D46] -> 0x0040
[3397] [M]: 0x80024D44 (0x0040006F) jal zero, 4


mem[X,0x80024D48] -> 0x2A23
mem[X,0x80024D4A] -> 0x54C2
[3398] [M]: 0x80024D48 (0x54C22A23) sw a2, 1364(tp)
mem[0x8003B6BC] <- 0x00000003


mem[X,0x80024D4C] -> 0x3537
mem[X,0x80024D4E] -> 0x3333
[3399] [M]: 0x80024D4C (0x33333537) lui a0, 209715
x10 <- 0x33333000


clint::tick mtime <- 0x0000000000000022
 clint timer pending at mtime 0x0000000000000022
htif::tick 0x0000000000000000
mem[X,0x80024D50] -> 0x0513
mem[X,0x80024D52] -> 0x3345
[3400] [M]: 0x80024D50 (0x33450513) addi a0, a0, 820
x10 <- 0x33333334


mem[X,0x80024D54] -> 0x35B7
mem[X,0x80024D56] -> 0x3333
[3401] [M]: 0x80024D54 (0x333335B7) lui a1, 209715
x11 <- 0x33333000


mem[X,0x80024D58] -> 0x8593
mem[X,0x80024D5A] -> 0x3335
[3402] [M]: 0x80024D58 (0x33358593) addi a1, a1, 819
x11 <- 0x33333333


mem[X,0x80024D5C] -> 0x0613
mem[X,0x80024D5E] -> 0x0000
[3403] [M]: 0x80024D5C (0x00000613) addi a2, zero, 0
x12 <- 0x00000000


mem[X,0x80024D60] -> 0x006F
mem[X,0x80024D62] -> 0x00C0
[3404] [M]: 0x80024D60 (0x00C0006F) jal zero, 12


mem[X,0x80024D6C] -> 0x5663
mem[X,0x80024D6E] -> 0x00B5
[3405] [M]: 0x80024D6C (0x00B55663) bge a0, a1, 12


mem[X,0x80024D78] -> 0x0613
mem[X,0x80024D7A] -> 0x0036
[3406] [M]: 0x80024D78 (0x00360613) addi a2, a2, 3
x12 <- 0x00000003


mem[X,0x80024D7C] -> 0x006F
mem[X,0x80024D7E] -> 0x0040
[3407] [M]: 0x80024D7C (0x0040006F) jal zero, 4


mem[X,0x80024D80] -> 0x2C23
mem[X,0x80024D82] -> 0x54C2
[3408] [M]: 0x80024D80 (0x54C22C23) sw a2, 1368(tp)
mem[0x8003B6C0] <- 0x00000003


mem[X,0x80024D84] -> 0x3537
mem[X,0x80024D86] -> 0x3333
[3409] [M]: 0x80024D84 (0x33333537) lui a0, 209715
x10 <- 0x33333000


mem[X,0x80024D88] -> 0x0513
mem[X,0x80024D8A] -> 0x3345
[3410] [M]: 0x80024D88 (0x33450513) addi a0, a0, 820
x10 <- 0x33333334


mem[X,0x80024D8C] -> 0x65B7
mem[X,0x80024D8E] -> 0x6666
[3411] [M]: 0x80024D8C (0x666665B7) lui a1, 419430
x11 <- 0x66666000


mem[X,0x80024D90] -> 0x8593
mem[X,0x80024D92] -> 0x6665
[3412] [M]: 0x80024D90 (0x66658593) addi a1, a1, 1638
x11 <- 0x66666666


mem[X,0x80024D94] -> 0x0613
mem[X,0x80024D96] -> 0x0000
[3413] [M]: 0x80024D94 (0x00000613) addi a2, zero, 0
x12 <- 0x00000000


mem[X,0x80024D98] -> 0x006F
mem[X,0x80024D9A] -> 0x00C0
[3414] [M]: 0x80024D98 (0x00C0006F) jal zero, 12


mem[X,0x80024DA4] -> 0x5063
mem[X,0x80024DA6] -> 0x08B5
[3415] [M]: 0x80024DA4 (0x08B55063) bge a0, a1, 128


mem[X,0x80024DA8] -> 0x0613
mem[X,0x80024DAA] -> 0x0026
[3416] [M]: 0x80024DA8 (0x00260613) addi a2, a2, 2
x12 <- 0x00000002


mem[X,0x80024DAC] -> 0x006F
mem[X,0x80024DAE] -> 0x0800
[3417] [M]: 0x80024DAC (0x0800006F) jal zero, 128


mem[X,0x80024E2C] -> 0x2E23
mem[X,0x80024E2E] -> 0x54C2
[3418] [M]: 0x80024E2C (0x54C22E23) sw a2, 1372(tp)
mem[0x8003B6C4] <- 0x00000002


mem[X,0x80024E30] -> 0x3537
mem[X,0x80024E32] -> 0x3333
[3419] [M]: 0x80024E30 (0x33333537) lui a0, 209715
x10 <- 0x33333000


mem[X,0x80024E34] -> 0x0513
mem[X,0x80024E36] -> 0x3345
[3420] [M]: 0x80024E34 (0x33450513) addi a0, a0, 820
x10 <- 0x33333334


mem[X,0x80024E38] -> 0x55B7
mem[X,0x80024E3A] -> 0xFFFF
[3421] [M]: 0x80024E38 (0xFFFF55B7) lui a1, 1048565
x11 <- 0xFFFF5000


mem[X,0x80024E3C] -> 0x8593
mem[X,0x80024E3E] -> 0xAFC5
[3422] [M]: 0x80024E3C (0xAFC58593) addi a1, a1, 2812
x11 <- 0xFFFF4AFC


mem[X,0x80024E40] -> 0x0613
mem[X,0x80024E42] -> 0x0000
[3423] [M]: 0x80024E40 (0x00000613) addi a2, zero, 0
x12 <- 0x00000000


mem[X,0x80024E44] -> 0x006F
mem[X,0x80024E46] -> 0x00C0
[3424] [M]: 0x80024E44 (0x00C0006F) jal zero, 12


mem[X,0x80024E50] -> 0x5063
mem[X,0x80024E52] -> 0x40B5
[3425] [M]: 0x80024E50 (0x40B55063) bge a0, a1, 1024


mem[X,0x80025250] -> 0x0613
mem[X,0x80025252] -> 0x0036
[3426] [M]: 0x80025250 (0x00360613) addi a2, a2, 3
x12 <- 0x00000003


mem[X,0x80025254] -> 0x006F
mem[X,0x80025256] -> 0x0040
[3427] [M]: 0x80025254 (0x0040006F) jal zero, 4


mem[X,0x80025258] -> 0x2023
mem[X,0x8002525A] -> 0x56C2
[3428] [M]: 0x80025258 (0x56C22023) sw a2, 1376(tp)
mem[0x8003B6C8] <- 0x00000003


mem[X,0x8002525C] -> 0x3537
mem[X,0x8002525E] -> 0x3333
[3429] [M]: 0x8002525C (0x33333537) lui a0, 209715
x10 <- 0x33333000


mem[X,0x80025260] -> 0x0513
mem[X,0x80025262] -> 0x3345
[3430] [M]: 0x80025260 (0x33450513) addi a0, a0, 820
x10 <- 0x33333334


mem[X,0x80025264] -> 0xB5B7
mem[X,0x80025266] -> 0x0000
[3431] [M]: 0x80025264 (0x0000B5B7) lui a1, 11
x11 <- 0x0000B000


mem[X,0x80025268] -> 0x8593
mem[X,0x8002526A] -> 0x5045
[3432] [M]: 0x80025268 (0x50458593) addi a1, a1, 1284
x11 <- 0x0000B504


mem[X,0x8002526C] -> 0x0613
mem[X,0x8002526E] -> 0x0000
[3433] [M]: 0x8002526C (0x00000613) addi a2, zero, 0
x12 <- 0x00000000


mem[X,0x80025270] -> 0x006F
mem[X,0x80025272] -> 0x00C0
[3434] [M]: 0x80025270 (0x00C0006F) jal zero, 12


mem[X,0x8002527C] -> 0x5CE3
mem[X,0x8002527E] -> 0xFEB5
[3435] [M]: 0x8002527C (0xFEB55CE3) bge a0, a1, 8184


mem[X,0x80025274] -> 0x0613
mem[X,0x80025276] -> 0x0016
[3436] [M]: 0x80025274 (0x00160613) addi a2, a2, 1
x12 <- 0x00000001


mem[X,0x80025278] -> 0x006F
mem[X,0x8002527A] -> 0x0180
[3437] [M]: 0x80025278 (0x0180006F) jal zero, 24


mem[X,0x80025290] -> 0x2223
mem[X,0x80025292] -> 0x56C2
[3438] [M]: 0x80025290 (0x56C22223) sw a2, 1380(tp)
mem[0x8003B6CC] <- 0x00000001


mem[X,0x80025294] -> 0x3537
mem[X,0x80025296] -> 0x3333
[3439] [M]: 0x80025294 (0x33333537) lui a0, 209715
x10 <- 0x33333000


mem[X,0x80025298] -> 0x0513
mem[X,0x8002529A] -> 0x3345
[3440] [M]: 0x80025298 (0x33450513) addi a0, a0, 820
x10 <- 0x33333334


mem[X,0x8002529C] -> 0x0593
mem[X,0x8002529E] -> 0x0020
[3441] [M]: 0x8002529C (0x00200593) addi a1, zero, 2
x11 <- 0x00000002


mem[X,0x800252A0] -> 0x0613
mem[X,0x800252A2] -> 0x0000
[3442] [M]: 0x800252A0 (0x00000613) addi a2, zero, 0
x12 <- 0x00000000


mem[X,0x800252A4] -> 0x006F
mem[X,0x800252A6] -> 0x00C0
[3443] [M]: 0x800252A4 (0x00C0006F) jal zero, 12


mem[X,0x800252B0] -> 0x5063
mem[X,0x800252B2] -> 0x40B5
[3444] [M]: 0x800252B0 (0x40B55063) bge a0, a1, 1024


mem[X,0x800256B0] -> 0x0613
mem[X,0x800256B2] -> 0x0036
[3445] [M]: 0x800256B0 (0x00360613) addi a2, a2, 3
x12 <- 0x00000003


mem[X,0x800256B4] -> 0x006F
mem[X,0x800256B6] -> 0x0040
[3446] [M]: 0x800256B4 (0x0040006F) jal zero, 4


mem[X,0x800256B8] -> 0x2423
mem[X,0x800256BA] -> 0x56C2
[3447] [M]: 0x800256B8 (0x56C22423) sw a2, 1384(tp)
mem[0x8003B6D0] <- 0x00000003


mem[X,0x800256BC] -> 0x3537
mem[X,0x800256BE] -> 0x3333
[3448] [M]: 0x800256BC (0x33333537) lui a0, 209715
x10 <- 0x33333000


mem[X,0x800256C0] -> 0x0513
mem[X,0x800256C2] -> 0x3345
[3449] [M]: 0x800256C0 (0x33450513) addi a0, a0, 820
x10 <- 0x33333334


mem[X,0x800256C4] -> 0x55B7
mem[X,0x800256C6] -> 0x5555
[3450] [M]: 0x800256C4 (0x555555B7) lui a1, 349525
x11 <- 0x55555000


mem[X,0x800256C8] -> 0x8593
mem[X,0x800256CA] -> 0x5545
[3451] [M]: 0x800256C8 (0x55458593) addi a1, a1, 1364
x11 <- 0x55555554


mem[X,0x800256CC] -> 0x0613
mem[X,0x800256CE] -> 0x0000
[3452] [M]: 0x800256CC (0x00000613) addi a2, zero, 0
x12 <- 0x00000000


mem[X,0x800256D0] -> 0x006F
mem[X,0x800256D2] -> 0x00C0
[3453] [M]: 0x800256D0 (0x00C0006F) jal zero, 12


mem[X,0x800256DC] -> 0x5063
mem[X,0x800256DE] -> 0x02B5
[3454] [M]: 0x800256DC (0x02B55063) bge a0, a1, 32


mem[X,0x800256E0] -> 0x0613
mem[X,0x800256E2] -> 0x0026
[3455] [M]: 0x800256E0 (0x00260613) addi a2, a2, 2
x12 <- 0x00000002


mem[X,0x800256E4] -> 0x006F
mem[X,0x800256E6] -> 0x0200
[3456] [M]: 0x800256E4 (0x0200006F) jal zero, 32


mem[X,0x80025704] -> 0x2623
mem[X,0x80025706] -> 0x56C2
[3457] [M]: 0x80025704 (0x56C22623) sw a2, 1388(tp)
mem[0x8003B6D4] <- 0x00000002


mem[X,0x80025708] -> 0x3537
mem[X,0x8002570A] -> 0x3333
[3458] [M]: 0x80025708 (0x33333537) lui a0, 209715
x10 <- 0x33333000


mem[X,0x8002570C] -> 0x0513
mem[X,0x8002570E] -> 0x3345
[3459] [M]: 0x8002570C (0x33450513) addi a0, a0, 820
x10 <- 0x33333334


mem[X,0x80025710] -> 0x0593
mem[X,0x80025712] -> 0x0000
[3460] [M]: 0x80025710 (0x00000593) addi a1, zero, 0
x11 <- 0x00000000


mem[X,0x80025714] -> 0x0613
mem[X,0x80025716] -> 0x0000
[3461] [M]: 0x80025714 (0x00000613) addi a2, zero, 0
x12 <- 0x00000000


mem[X,0x80025718] -> 0x006F
mem[X,0x8002571A] -> 0x00C0
[3462] [M]: 0x80025718 (0x00C0006F) jal zero, 12


mem[X,0x80025724] -> 0x5063
mem[X,0x80025726] -> 0x10B5
[3463] [M]: 0x80025724 (0x10B55063) bge a0, a1, 256


mem[X,0x80025824] -> 0x0613
mem[X,0x80025826] -> 0x0036
[3464] [M]: 0x80025824 (0x00360613) addi a2, a2, 3
x12 <- 0x00000003


mem[X,0x80025828] -> 0x006F
mem[X,0x8002582A] -> 0x0040
[3465] [M]: 0x80025828 (0x0040006F) jal zero, 4


mem[X,0x8002582C] -> 0x2823
mem[X,0x8002582E] -> 0x56C2
[3466] [M]: 0x8002582C (0x56C22823) sw a2, 1392(tp)
mem[0x8003B6D8] <- 0x00000003


mem[X,0x80025830] -> 0x3537
mem[X,0x80025832] -> 0x3333
[3467] [M]: 0x80025830 (0x33333537) lui a0, 209715
x10 <- 0x33333000


mem[X,0x80025834] -> 0x0513
mem[X,0x80025836] -> 0x3345
[3468] [M]: 0x80025834 (0x33450513) addi a0, a0, 820
x10 <- 0x33333334


mem[X,0x80025838] -> 0x0593
mem[X,0x8002583A] -> 0x0040
[3469] [M]: 0x80025838 (0x00400593) addi a1, zero, 4
x11 <- 0x00000004


mem[X,0x8002583C] -> 0x0613
mem[X,0x8002583E] -> 0x0000
[3470] [M]: 0x8002583C (0x00000613) addi a2, zero, 0
x12 <- 0x00000000


mem[X,0x80025840] -> 0x006F
mem[X,0x80025842] -> 0x00C0
[3471] [M]: 0x80025840 (0x00C0006F) jal zero, 12


mem[X,0x8002584C] -> 0x5663
mem[X,0x8002584E] -> 0x00B5
[3472] [M]: 0x8002584C (0x00B55663) bge a0, a1, 12


mem[X,0x80025858] -> 0x0613
mem[X,0x8002585A] -> 0x0036
[3473] [M]: 0x80025858 (0x00360613) addi a2, a2, 3
x12 <- 0x00000003


mem[X,0x8002585C] -> 0x006F
mem[X,0x8002585E] -> 0x0040
[3474] [M]: 0x8002585C (0x0040006F) jal zero, 4


mem[X,0x80025860] -> 0x2A23
mem[X,0x80025862] -> 0x56C2
[3475] [M]: 0x80025860 (0x56C22A23) sw a2, 1396(tp)
mem[0x8003B6DC] <- 0x00000003


mem[X,0x80025864] -> 0x3537
mem[X,0x80025866] -> 0x3333
[3476] [M]: 0x80025864 (0x33333537) lui a0, 209715
x10 <- 0x33333000


mem[X,0x80025868] -> 0x0513
mem[X,0x8002586A] -> 0x3345
[3477] [M]: 0x80025868 (0x33450513) addi a0, a0, 820
x10 <- 0x33333334


mem[X,0x8002586C] -> 0x35B7
mem[X,0x8002586E] -> 0x3333
[3478] [M]: 0x8002586C (0x333335B7) lui a1, 209715
x11 <- 0x33333000


mem[X,0x80025870] -> 0x8593
mem[X,0x80025872] -> 0x3325
[3479] [M]: 0x80025870 (0x33258593) addi a1, a1, 818
x11 <- 0x33333332


mem[X,0x80025874] -> 0x0613
mem[X,0x80025876] -> 0x0000
[3480] [M]: 0x80025874 (0x00000613) addi a2, zero, 0
x12 <- 0x00000000


mem[X,0x80025878] -> 0x006F
mem[X,0x8002587A] -> 0x00C0
[3481] [M]: 0x80025878 (0x00C0006F) jal zero, 12


mem[X,0x80025884] -> 0x5863
mem[X,0x80025886] -> 0x00B5
[3482] [M]: 0x80025884 (0x00B55863) bge a0, a1, 16


mem[X,0x80025894] -> 0x0613
mem[X,0x80025896] -> 0x0036
[3483] [M]: 0x80025894 (0x00360613) addi a2, a2, 3
x12 <- 0x00000003


mem[X,0x80025898] -> 0x006F
mem[X,0x8002589A] -> 0x0040
[3484] [M]: 0x80025898 (0x0040006F) jal zero, 4


mem[X,0x8002589C] -> 0x2C23
mem[X,0x8002589E] -> 0x56C2
[3485] [M]: 0x8002589C (0x56C22C23) sw a2, 1400(tp)
mem[0x8003B6E0] <- 0x00000003


mem[X,0x800258A0] -> 0x3537
mem[X,0x800258A2] -> 0x3333
[3486] [M]: 0x800258A0 (0x33333537) lui a0, 209715
x10 <- 0x33333000


mem[X,0x800258A4] -> 0x0513
mem[X,0x800258A6] -> 0x3345
[3487] [M]: 0x800258A4 (0x33450513) addi a0, a0, 820
x10 <- 0x33333334


mem[X,0x800258A8] -> 0x65B7
mem[X,0x800258AA] -> 0x6666
[3488] [M]: 0x800258A8 (0x666665B7) lui a1, 419430
x11 <- 0x66666000


mem[X,0x800258AC] -> 0x8593
mem[X,0x800258AE] -> 0x6655
[3489] [M]: 0x800258AC (0x66558593) addi a1, a1, 1637
x11 <- 0x66666665


mem[X,0x800258B0] -> 0x0613
mem[X,0x800258B2] -> 0x0000
[3490] [M]: 0x800258B0 (0x00000613) addi a2, zero, 0
x12 <- 0x00000000


mem[X,0x800258B4] -> 0x006F
mem[X,0x800258B6] -> 0x00C0
[3491] [M]: 0x800258B4 (0x00C0006F) jal zero, 12


mem[X,0x800258C0] -> 0x5063
mem[X,0x800258C2] -> 0x04B5
[3492] [M]: 0x800258C0 (0x04B55063) bge a0, a1, 64


mem[X,0x800258C4] -> 0x0613
mem[X,0x800258C6] -> 0x0026
[3493] [M]: 0x800258C4 (0x00260613) addi a2, a2, 2
x12 <- 0x00000002


mem[X,0x800258C8] -> 0x006F
mem[X,0x800258CA] -> 0x0400
[3494] [M]: 0x800258C8 (0x0400006F) jal zero, 64


mem[X,0x80025908] -> 0x2E23
mem[X,0x8002590A] -> 0x56C2
[3495] [M]: 0x80025908 (0x56C22E23) sw a2, 1404(tp)
mem[0x8003B6E4] <- 0x00000002


mem[X,0x8002590C] -> 0x3537
mem[X,0x8002590E] -> 0x3333
[3496] [M]: 0x8002590C (0x33333537) lui a0, 209715
x10 <- 0x33333000


mem[X,0x80025910] -> 0x0513
mem[X,0x80025912] -> 0x3345
[3497] [M]: 0x80025910 (0x33450513) addi a0, a0, 820
x10 <- 0x33333334


mem[X,0x80025914] -> 0xB5B7
mem[X,0x80025916] -> 0x0000
[3498] [M]: 0x80025914 (0x0000B5B7) lui a1, 11
x11 <- 0x0000B000


mem[X,0x80025918] -> 0x8593
mem[X,0x8002591A] -> 0x5035
[3499] [M]: 0x80025918 (0x50358593) addi a1, a1, 1283
x11 <- 0x0000B503


clint::tick mtime <- 0x0000000000000023
 clint timer pending at mtime 0x0000000000000023
htif::tick 0x0000000000000000
mem[X,0x8002591C] -> 0x0613
mem[X,0x8002591E] -> 0x0000
[3500] [M]: 0x8002591C (0x00000613) addi a2, zero, 0
x12 <- 0x00000000


mem[X,0x80025920] -> 0x006F
mem[X,0x80025922] -> 0x00C0
[3501] [M]: 0x80025920 (0x00C0006F) jal zero, 12


mem[X,0x8002592C] -> 0x5063
mem[X,0x8002592E] -> 0x04B5
[3502] [M]: 0x8002592C (0x04B55063) bge a0, a1, 64


mem[X,0x8002596C] -> 0x0613
mem[X,0x8002596E] -> 0x0036
[3503] [M]: 0x8002596C (0x00360613) addi a2, a2, 3
x12 <- 0x00000003


mem[X,0x80025970] -> 0x006F
mem[X,0x80025972] -> 0x0040
[3504] [M]: 0x80025970 (0x0040006F) jal zero, 4


mem[X,0x80025974] -> 0x2023
mem[X,0x80025976] -> 0x58C2
[3505] [M]: 0x80025974 (0x58C22023) sw a2, 1408(tp)
mem[0x8003B6E8] <- 0x00000003


mem[X,0x80025978] -> 0x3537
mem[X,0x8002597A] -> 0x3333
[3506] [M]: 0x80025978 (0x33333537) lui a0, 209715
x10 <- 0x33333000


mem[X,0x8002597C] -> 0x0513
mem[X,0x8002597E] -> 0x3345
[3507] [M]: 0x8002597C (0x33450513) addi a0, a0, 820
x10 <- 0x33333334


mem[X,0x80025980] -> 0x55B7
mem[X,0x80025982] -> 0x5555
[3508] [M]: 0x80025980 (0x555555B7) lui a1, 349525
x11 <- 0x55555000


mem[X,0x80025984] -> 0x8593
mem[X,0x80025986] -> 0x5565
[3509] [M]: 0x80025984 (0x55658593) addi a1, a1, 1366
x11 <- 0x55555556


mem[X,0x80025988] -> 0x0613
mem[X,0x8002598A] -> 0x0000
[3510] [M]: 0x80025988 (0x00000613) addi a2, zero, 0
x12 <- 0x00000000


mem[X,0x8002598C] -> 0x006F
mem[X,0x8002598E] -> 0x00C0
[3511] [M]: 0x8002598C (0x00C0006F) jal zero, 12


mem[X,0x80025998] -> 0x5663
mem[X,0x8002599A] -> 0x00B5
[3512] [M]: 0x80025998 (0x00B55663) bge a0, a1, 12


mem[X,0x8002599C] -> 0x0613
mem[X,0x8002599E] -> 0x0026
[3513] [M]: 0x8002599C (0x00260613) addi a2, a2, 2
x12 <- 0x00000002


mem[X,0x800259A0] -> 0x006F
mem[X,0x800259A2] -> 0x00C0
[3514] [M]: 0x800259A0 (0x00C0006F) jal zero, 12


mem[X,0x800259AC] -> 0x2223
mem[X,0x800259AE] -> 0x58C2
[3515] [M]: 0x800259AC (0x58C22223) sw a2, 1412(tp)
mem[0x8003B6EC] <- 0x00000002


mem[X,0x800259B0] -> 0x3537
mem[X,0x800259B2] -> 0x3333
[3516] [M]: 0x800259B0 (0x33333537) lui a0, 209715
x10 <- 0x33333000


mem[X,0x800259B4] -> 0x0513
mem[X,0x800259B6] -> 0x3345
[3517] [M]: 0x800259B4 (0x33450513) addi a0, a0, 820
x10 <- 0x33333334


mem[X,0x800259B8] -> 0xB5B7
mem[X,0x800259BA] -> 0xAAAA
[3518] [M]: 0x800259B8 (0xAAAAB5B7) lui a1, 699051
x11 <- 0xAAAAB000


mem[X,0x800259BC] -> 0x8593
mem[X,0x800259BE] -> 0xAAB5
[3519] [M]: 0x800259BC (0xAAB58593) addi a1, a1, 2731
x11 <- 0xAAAAAAAB


mem[X,0x800259C0] -> 0x0613
mem[X,0x800259C2] -> 0x0000
[3520] [M]: 0x800259C0 (0x00000613) addi a2, zero, 0
x12 <- 0x00000000


mem[X,0x800259C4] -> 0x006F
mem[X,0x800259C6] -> 0x0050
[3521] [M]: 0x800259C4 (0x0050006F) jal zero, 2052


mem[X,0x800261C8] -> 0x50E3
mem[X,0x800261CA] -> 0x80B5
[3522] [M]: 0x800261C8 (0x80B550E3) bge a0, a1, 6144


mem[X,0x800259C8] -> 0x0613
mem[X,0x800259CA] -> 0x0016
[3523] [M]: 0x800259C8 (0x00160613) addi a2, a2, 1
x12 <- 0x00000001


mem[X,0x800259CC] -> 0x006F
mem[X,0x800259CE] -> 0x0110
[3524] [M]: 0x800259CC (0x0110006F) jal zero, 2064


mem[X,0x800261DC] -> 0x2423
mem[X,0x800261DE] -> 0x58C2
[3525] [M]: 0x800261DC (0x58C22423) sw a2, 1416(tp)
mem[0x8003B6F0] <- 0x00000001


mem[X,0x800261E0] -> 0x3537
mem[X,0x800261E2] -> 0x3333
[3526] [M]: 0x800261E0 (0x33333537) lui a0, 209715
x10 <- 0x33333000


mem[X,0x800261E4] -> 0x0513
mem[X,0x800261E6] -> 0x3345
[3527] [M]: 0x800261E4 (0x33450513) addi a0, a0, 820
x10 <- 0x33333334


mem[X,0x800261E8] -> 0x0593
mem[X,0x800261EA] -> 0x0060
[3528] [M]: 0x800261E8 (0x00600593) addi a1, zero, 6
x11 <- 0x00000006


mem[X,0x800261EC] -> 0x0613
mem[X,0x800261EE] -> 0x0000
[3529] [M]: 0x800261EC (0x00000613) addi a2, zero, 0
x12 <- 0x00000000


mem[X,0x800261F0] -> 0x006F
mem[X,0x800261F2] -> 0x0050
[3530] [M]: 0x800261F0 (0x0050006F) jal zero, 2052


mem[X,0x800269F4] -> 0x50E3
mem[X,0x800269F6] -> 0x80B5
[3531] [M]: 0x800269F4 (0x80B550E3) bge a0, a1, 6144


mem[X,0x800261F4] -> 0x0613
mem[X,0x800261F6] -> 0x0016
[3532] [M]: 0x800261F4 (0x00160613) addi a2, a2, 1
x12 <- 0x00000001


mem[X,0x800261F8] -> 0x006F
mem[X,0x800261FA] -> 0x0110
[3533] [M]: 0x800261F8 (0x0110006F) jal zero, 2064


mem[X,0x80026A08] -> 0x2623
mem[X,0x80026A0A] -> 0x58C2
[3534] [M]: 0x80026A08 (0x58C22623) sw a2, 1420(tp)
mem[0x8003B6F4] <- 0x00000001


mem[X,0x80026A0C] -> 0x3537
mem[X,0x80026A0E] -> 0x3333
[3535] [M]: 0x80026A0C (0x33333537) lui a0, 209715
x10 <- 0x33333000


mem[X,0x80026A10] -> 0x0513
mem[X,0x80026A12] -> 0x3345
[3536] [M]: 0x80026A10 (0x33450513) addi a0, a0, 820
x10 <- 0x33333334


mem[X,0x80026A14] -> 0x35B7
mem[X,0x80026A16] -> 0x3333
[3537] [M]: 0x80026A14 (0x333335B7) lui a1, 209715
x11 <- 0x33333000


mem[X,0x80026A18] -> 0x8593
mem[X,0x80026A1A] -> 0x3345
[3538] [M]: 0x80026A18 (0x33458593) addi a1, a1, 820
x11 <- 0x33333334


mem[X,0x80026A1C] -> 0x0613
mem[X,0x80026A1E] -> 0x0000
[3539] [M]: 0x80026A1C (0x00000613) addi a2, zero, 0
x12 <- 0x00000000


mem[X,0x80026A20] -> 0x006F
mem[X,0x80026A22] -> 0x0050
[3540] [M]: 0x80026A20 (0x0050006F) jal zero, 2052


mem[X,0x80027224] -> 0x50E3
mem[X,0x80027226] -> 0x80B5
[3541] [M]: 0x80027224 (0x80B550E3) bge a0, a1, 6144


mem[X,0x80026A24] -> 0x0613
mem[X,0x80026A26] -> 0x0016
[3542] [M]: 0x80026A24 (0x00160613) addi a2, a2, 1
x12 <- 0x00000001


mem[X,0x80026A28] -> 0x006F
mem[X,0x80026A2A] -> 0x0110
[3543] [M]: 0x80026A28 (0x0110006F) jal zero, 2064


mem[X,0x80027238] -> 0x2823
mem[X,0x8002723A] -> 0x58C2
[3544] [M]: 0x80027238 (0x58C22823) sw a2, 1424(tp)
mem[0x8003B6F8] <- 0x00000001


mem[X,0x8002723C] -> 0x3537
mem[X,0x8002723E] -> 0x3333
[3545] [M]: 0x8002723C (0x33333537) lui a0, 209715
x10 <- 0x33333000


mem[X,0x80027240] -> 0x0513
mem[X,0x80027242] -> 0x3345
[3546] [M]: 0x80027240 (0x33450513) addi a0, a0, 820
x10 <- 0x33333334


mem[X,0x80027244] -> 0x65B7
mem[X,0x80027246] -> 0x6666
[3547] [M]: 0x80027244 (0x666665B7) lui a1, 419430
x11 <- 0x66666000


mem[X,0x80027248] -> 0x8593
mem[X,0x8002724A] -> 0x6675
[3548] [M]: 0x80027248 (0x66758593) addi a1, a1, 1639
x11 <- 0x66666667


mem[X,0x8002724C] -> 0x0613
mem[X,0x8002724E] -> 0x0000
[3549] [M]: 0x8002724C (0x00000613) addi a2, zero, 0
x12 <- 0x00000000


mem[X,0x80027250] -> 0x006F
mem[X,0x80027252] -> 0x00C0
[3550] [M]: 0x80027250 (0x00C0006F) jal zero, 12


mem[X,0x8002725C] -> 0x5CE3
mem[X,0x8002725E] -> 0xFEB5
[3551] [M]: 0x8002725C (0xFEB55CE3) bge a0, a1, 8184


mem[X,0x80027260] -> 0x0613
mem[X,0x80027262] -> 0x0026
[3552] [M]: 0x80027260 (0x00260613) addi a2, a2, 2
x12 <- 0x00000002


mem[X,0x80027264] -> 0x006F
mem[X,0x80027266] -> 0x00C0
[3553] [M]: 0x80027264 (0x00C0006F) jal zero, 12


mem[X,0x80027270] -> 0x2A23
mem[X,0x80027272] -> 0x58C2
[3554] [M]: 0x80027270 (0x58C22A23) sw a2, 1428(tp)
mem[0x8003B6FC] <- 0x00000002


mem[X,0x80027274] -> 0x3537
mem[X,0x80027276] -> 0x3333
[3555] [M]: 0x80027274 (0x33333537) lui a0, 209715
x10 <- 0x33333000


mem[X,0x80027278] -> 0x0513
mem[X,0x8002727A] -> 0x3345
[3556] [M]: 0x80027278 (0x33450513) addi a0, a0, 820
x10 <- 0x33333334


mem[X,0x8002727C] -> 0x55B7
mem[X,0x8002727E] -> 0xFFFF
[3557] [M]: 0x8002727C (0xFFFF55B7) lui a1, 1048565
x11 <- 0xFFFF5000


mem[X,0x80027280] -> 0x8593
mem[X,0x80027282] -> 0xAFD5
[3558] [M]: 0x80027280 (0xAFD58593) addi a1, a1, 2813
x11 <- 0xFFFF4AFD


mem[X,0x80027284] -> 0x0613
mem[X,0x80027286] -> 0x0000
[3559] [M]: 0x80027284 (0x00000613) addi a2, zero, 0
x12 <- 0x00000000


mem[X,0x80027288] -> 0x006F
mem[X,0x8002728A] -> 0x0050
[3560] [M]: 0x80027288 (0x0050006F) jal zero, 2052


mem[X,0x80027A8C] -> 0x50E3
mem[X,0x80027A8E] -> 0x80B5
[3561] [M]: 0x80027A8C (0x80B550E3) bge a0, a1, 6144


mem[X,0x8002728C] -> 0x0613
mem[X,0x8002728E] -> 0x0016
[3562] [M]: 0x8002728C (0x00160613) addi a2, a2, 1
x12 <- 0x00000001


mem[X,0x80027290] -> 0x006F
mem[X,0x80027292] -> 0x0110
[3563] [M]: 0x80027290 (0x0110006F) jal zero, 2064


mem[X,0x80027AA0] -> 0x2C23
mem[X,0x80027AA2] -> 0x58C2
[3564] [M]: 0x80027AA0 (0x58C22C23) sw a2, 1432(tp)
mem[0x8003B700] <- 0x00000001


mem[X,0x80027AA4] -> 0x3537
mem[X,0x80027AA6] -> 0x3333
[3565] [M]: 0x80027AA4 (0x33333537) lui a0, 209715
x10 <- 0x33333000


mem[X,0x80027AA8] -> 0x0513
mem[X,0x80027AAA] -> 0x3345
[3566] [M]: 0x80027AA8 (0x33450513) addi a0, a0, 820
x10 <- 0x33333334


mem[X,0x80027AAC] -> 0xB5B7
mem[X,0x80027AAE] -> 0x0000
[3567] [M]: 0x80027AAC (0x0000B5B7) lui a1, 11
x11 <- 0x0000B000


mem[X,0x80027AB0] -> 0x8593
mem[X,0x80027AB2] -> 0x5055
[3568] [M]: 0x80027AB0 (0x50558593) addi a1, a1, 1285
x11 <- 0x0000B505


mem[X,0x80027AB4] -> 0x0613
mem[X,0x80027AB6] -> 0x0000
[3569] [M]: 0x80027AB4 (0x00000613) addi a2, zero, 0
x12 <- 0x00000000


mem[X,0x80027AB8] -> 0x006F
mem[X,0x80027ABA] -> 0x00C0
[3570] [M]: 0x80027AB8 (0x00C0006F) jal zero, 12


mem[X,0x80027AC4] -> 0x5063
mem[X,0x80027AC6] -> 0x40B5
[3571] [M]: 0x80027AC4 (0x40B55063) bge a0, a1, 1024


mem[X,0x80027EC4] -> 0x0613
mem[X,0x80027EC6] -> 0x0036
[3572] [M]: 0x80027EC4 (0x00360613) addi a2, a2, 3
x12 <- 0x00000003


mem[X,0x80027EC8] -> 0x006F
mem[X,0x80027ECA] -> 0x0040
[3573] [M]: 0x80027EC8 (0x0040006F) jal zero, 4


mem[X,0x80027ECC] -> 0x2E23
mem[X,0x80027ECE] -> 0x58C2
[3574] [M]: 0x80027ECC (0x58C22E23) sw a2, 1436(tp)
mem[0x8003B704] <- 0x00000003


mem[X,0x80027ED0] -> 0x6537
mem[X,0x80027ED2] -> 0x6666
[3575] [M]: 0x80027ED0 (0x66666537) lui a0, 419430
x10 <- 0x66666000


mem[X,0x80027ED4] -> 0x0513
mem[X,0x80027ED6] -> 0x6675
[3576] [M]: 0x80027ED4 (0x66750513) addi a0, a0, 1639
x10 <- 0x66666667


mem[X,0x80027ED8] -> 0x0593
mem[X,0x80027EDA] -> 0x0030
[3577] [M]: 0x80027ED8 (0x00300593) addi a1, zero, 3
x11 <- 0x00000003


mem[X,0x80027EDC] -> 0x0613
mem[X,0x80027EDE] -> 0x0000
[3578] [M]: 0x80027EDC (0x00000613) addi a2, zero, 0
x12 <- 0x00000000


mem[X,0x80027EE0] -> 0x006F
mem[X,0x80027EE2] -> 0x0050
[3579] [M]: 0x80027EE0 (0x0050006F) jal zero, 2052


mem[X,0x800286E4] -> 0x50E3
mem[X,0x800286E6] -> 0x80B5
[3580] [M]: 0x800286E4 (0x80B550E3) bge a0, a1, 6144


mem[X,0x80027EE4] -> 0x0613
mem[X,0x80027EE6] -> 0x0016
[3581] [M]: 0x80027EE4 (0x00160613) addi a2, a2, 1
x12 <- 0x00000001


mem[X,0x80027EE8] -> 0x006F
mem[X,0x80027EEA] -> 0x0110
[3582] [M]: 0x80027EE8 (0x0110006F) jal zero, 2064


mem[X,0x800286F8] -> 0x2023
mem[X,0x800286FA] -> 0x5AC2
[3583] [M]: 0x800286F8 (0x5AC22023) sw a2, 1440(tp)
mem[0x8003B708] <- 0x00000001


mem[X,0x800286FC] -> 0x6537
mem[X,0x800286FE] -> 0x6666
[3584] [M]: 0x800286FC (0x66666537) lui a0, 419430
x10 <- 0x66666000


mem[X,0x80028700] -> 0x0513
mem[X,0x80028702] -> 0x6675
[3585] [M]: 0x80028700 (0x66750513) addi a0, a0, 1639
x10 <- 0x66666667


mem[X,0x80028704] -> 0x55B7
mem[X,0x80028706] -> 0x5555
[3586] [M]: 0x80028704 (0x555555B7) lui a1, 349525
x11 <- 0x55555000


mem[X,0x80028708] -> 0x8593
mem[X,0x8002870A] -> 0x5555
[3587] [M]: 0x80028708 (0x55558593) addi a1, a1, 1365
x11 <- 0x55555555


mem[X,0x8002870C] -> 0x0613
mem[X,0x8002870E] -> 0x0000
[3588] [M]: 0x8002870C (0x00000613) addi a2, zero, 0
x12 <- 0x00000000


mem[X,0x80028710] -> 0x006F
mem[X,0x80028712] -> 0x2B10
[3589] [M]: 0x80028710 (0x2B10006F) jal zero, 2736


mem[X,0x800291C0] -> 0x5A63
mem[X,0x800291C2] -> 0xD4B5
[3590] [M]: 0x800291C0 (0xD4B55A63) bge a0, a1, 5460


mem[X,0x80028714] -> 0x0613
mem[X,0x80028716] -> 0x0016
[3591] [M]: 0x80028714 (0x00160613) addi a2, a2, 1
x12 <- 0x00000001


mem[X,0x80028718] -> 0x006F
mem[X,0x8002871A] -> 0x2BD0
[3592] [M]: 0x80028718 (0x2BD0006F) jal zero, 2748


mem[X,0x800291D4] -> 0x2223
mem[X,0x800291D6] -> 0x5AC2
[3593] [M]: 0x800291D4 (0x5AC22223) sw a2, 1444(tp)
mem[0x8003B70C] <- 0x00000001


mem[X,0x800291D8] -> 0x6537
mem[X,0x800291DA] -> 0x6666
[3594] [M]: 0x800291D8 (0x66666537) lui a0, 419430
x10 <- 0x66666000


mem[X,0x800291DC] -> 0x0513
mem[X,0x800291DE] -> 0x6675
[3595] [M]: 0x800291DC (0x66750513) addi a0, a0, 1639
x10 <- 0x66666667


mem[X,0x800291E0] -> 0xB5B7
mem[X,0x800291E2] -> 0xAAAA
[3596] [M]: 0x800291E0 (0xAAAAB5B7) lui a1, 699051
x11 <- 0xAAAAB000


mem[X,0x800291E4] -> 0x8593
mem[X,0x800291E6] -> 0xAAA5
[3597] [M]: 0x800291E4 (0xAAA58593) addi a1, a1, 2730
x11 <- 0xAAAAAAAA


mem[X,0x800291E8] -> 0x0613
mem[X,0x800291EA] -> 0x0000
[3598] [M]: 0x800291E8 (0x00000613) addi a2, zero, 0
x12 <- 0x00000000


mem[X,0x800291EC] -> 0x006F
mem[X,0x800291EE] -> 0x00C0
[3599] [M]: 0x800291EC (0x00C0006F) jal zero, 12


clint::tick mtime <- 0x0000000000000024
 clint timer pending at mtime 0x0000000000000024
htif::tick 0x0000000000000000
mem[X,0x800291F8] -> 0x5063
mem[X,0x800291FA] -> 0x02B5
[3600] [M]: 0x800291F8 (0x02B55063) bge a0, a1, 32


mem[X,0x80029218] -> 0x0613
mem[X,0x8002921A] -> 0x0036
[3601] [M]: 0x80029218 (0x00360613) addi a2, a2, 3
x12 <- 0x00000003


mem[X,0x8002921C] -> 0x006F
mem[X,0x8002921E] -> 0x0040
[3602] [M]: 0x8002921C (0x0040006F) jal zero, 4


mem[X,0x80029220] -> 0x2423
mem[X,0x80029222] -> 0x5AC2
[3603] [M]: 0x80029220 (0x5AC22423) sw a2, 1448(tp)
mem[0x8003B710] <- 0x00000003


mem[X,0x80029224] -> 0x6537
mem[X,0x80029226] -> 0x6666
[3604] [M]: 0x80029224 (0x66666537) lui a0, 419430
x10 <- 0x66666000


mem[X,0x80029228] -> 0x0513
mem[X,0x8002922A] -> 0x6675
[3605] [M]: 0x80029228 (0x66750513) addi a0, a0, 1639
x10 <- 0x66666667


mem[X,0x8002922C] -> 0x0593
mem[X,0x8002922E] -> 0x0050
[3606] [M]: 0x8002922C (0x00500593) addi a1, zero, 5
x11 <- 0x00000005


mem[X,0x80029230] -> 0x0613
mem[X,0x80029232] -> 0x0000
[3607] [M]: 0x80029230 (0x00000613) addi a2, zero, 0
x12 <- 0x00000000


mem[X,0x80029234] -> 0x006F
mem[X,0x80029236] -> 0x0180
[3608] [M]: 0x80029234 (0x0180006F) jal zero, 24


mem[X,0x8002924C] -> 0x56E3
mem[X,0x8002924E] -> 0xFEB5
[3609] [M]: 0x8002924C (0xFEB556E3) bge a0, a1, 8172


mem[X,0x80029238] -> 0x0613
mem[X,0x8002923A] -> 0x0016
[3610] [M]: 0x80029238 (0x00160613) addi a2, a2, 1
x12 <- 0x00000001


mem[X,0x8002923C] -> 0x006F
mem[X,0x8002923E] -> 0x0240
[3611] [M]: 0x8002923C (0x0240006F) jal zero, 36


mem[X,0x80029260] -> 0x2623
mem[X,0x80029262] -> 0x5AC2
[3612] [M]: 0x80029260 (0x5AC22623) sw a2, 1452(tp)
mem[0x8003B714] <- 0x00000001


mem[X,0x80029264] -> 0x6537
mem[X,0x80029266] -> 0x6666
[3613] [M]: 0x80029264 (0x66666537) lui a0, 419430
x10 <- 0x66666000


mem[X,0x80029268] -> 0x0513
mem[X,0x8002926A] -> 0x6675
[3614] [M]: 0x80029268 (0x66750513) addi a0, a0, 1639
x10 <- 0x66666667


mem[X,0x8002926C] -> 0x35B7
mem[X,0x8002926E] -> 0x3333
[3615] [M]: 0x8002926C (0x333335B7) lui a1, 209715
x11 <- 0x33333000


mem[X,0x80029270] -> 0x8593
mem[X,0x80029272] -> 0x3335
[3616] [M]: 0x80029270 (0x33358593) addi a1, a1, 819
x11 <- 0x33333333


mem[X,0x80029274] -> 0x0613
mem[X,0x80029276] -> 0x0000
[3617] [M]: 0x80029274 (0x00000613) addi a2, zero, 0
x12 <- 0x00000000


mem[X,0x80029278] -> 0x006F
mem[X,0x8002927A] -> 0x00C0
[3618] [M]: 0x80029278 (0x00C0006F) jal zero, 12


mem[X,0x80029284] -> 0x5CE3
mem[X,0x80029286] -> 0xFEB5
[3619] [M]: 0x80029284 (0xFEB55CE3) bge a0, a1, 8184


mem[X,0x8002927C] -> 0x0613
mem[X,0x8002927E] -> 0x0016
[3620] [M]: 0x8002927C (0x00160613) addi a2, a2, 1
x12 <- 0x00000001


mem[X,0x80029280] -> 0x006F
mem[X,0x80029282] -> 0x0180
[3621] [M]: 0x80029280 (0x0180006F) jal zero, 24


mem[X,0x80029298] -> 0x2823
mem[X,0x8002929A] -> 0x5AC2
[3622] [M]: 0x80029298 (0x5AC22823) sw a2, 1456(tp)
mem[0x8003B718] <- 0x00000001


mem[X,0x8002929C] -> 0x6537
mem[X,0x8002929E] -> 0x6666
[3623] [M]: 0x8002929C (0x66666537) lui a0, 419430
x10 <- 0x66666000


mem[X,0x800292A0] -> 0x0513
mem[X,0x800292A2] -> 0x6675
[3624] [M]: 0x800292A0 (0x66750513) addi a0, a0, 1639
x10 <- 0x66666667


mem[X,0x800292A4] -> 0x65B7
mem[X,0x800292A6] -> 0x6666
[3625] [M]: 0x800292A4 (0x666665B7) lui a1, 419430
x11 <- 0x66666000


mem[X,0x800292A8] -> 0x8593
mem[X,0x800292AA] -> 0x6665
[3626] [M]: 0x800292A8 (0x66658593) addi a1, a1, 1638
x11 <- 0x66666666


mem[X,0x800292AC] -> 0x0613
mem[X,0x800292AE] -> 0x0000
[3627] [M]: 0x800292AC (0x00000613) addi a2, zero, 0
x12 <- 0x00000000


mem[X,0x800292B0] -> 0x006F
mem[X,0x800292B2] -> 0x00C0
[3628] [M]: 0x800292B0 (0x00C0006F) jal zero, 12


mem[X,0x800292BC] -> 0x5063
mem[X,0x800292BE] -> 0x10B5
[3629] [M]: 0x800292BC (0x10B55063) bge a0, a1, 256


mem[X,0x800293BC] -> 0x0613
mem[X,0x800293BE] -> 0x0036
[3630] [M]: 0x800293BC (0x00360613) addi a2, a2, 3
x12 <- 0x00000003


mem[X,0x800293C0] -> 0x006F
mem[X,0x800293C2] -> 0x0040
[3631] [M]: 0x800293C0 (0x0040006F) jal zero, 4


mem[X,0x800293C4] -> 0x2A23
mem[X,0x800293C6] -> 0x5AC2
[3632] [M]: 0x800293C4 (0x5AC22A23) sw a2, 1460(tp)
mem[0x8003B71C] <- 0x00000003


mem[X,0x800293C8] -> 0x6537
mem[X,0x800293CA] -> 0x6666
[3633] [M]: 0x800293C8 (0x66666537) lui a0, 419430
x10 <- 0x66666000


mem[X,0x800293CC] -> 0x0513
mem[X,0x800293CE] -> 0x6675
[3634] [M]: 0x800293CC (0x66750513) addi a0, a0, 1639
x10 <- 0x66666667


mem[X,0x800293D0] -> 0x55B7
mem[X,0x800293D2] -> 0xFFFF
[3635] [M]: 0x800293D0 (0xFFFF55B7) lui a1, 1048565
x11 <- 0xFFFF5000


mem[X,0x800293D4] -> 0x8593
mem[X,0x800293D6] -> 0xAFC5
[3636] [M]: 0x800293D4 (0xAFC58593) addi a1, a1, 2812
x11 <- 0xFFFF4AFC


mem[X,0x800293D8] -> 0x0613
mem[X,0x800293DA] -> 0x0000
[3637] [M]: 0x800293D8 (0x00000613) addi a2, zero, 0
x12 <- 0x00000000


mem[X,0x800293DC] -> 0x006F
mem[X,0x800293DE] -> 0x0050
[3638] [M]: 0x800293DC (0x0050006F) jal zero, 2052


mem[X,0x80029BE0] -> 0x50E3
mem[X,0x80029BE2] -> 0x80B5
[3639] [M]: 0x80029BE0 (0x80B550E3) bge a0, a1, 6144


mem[X,0x800293E0] -> 0x0613
mem[X,0x800293E2] -> 0x0016
[3640] [M]: 0x800293E0 (0x00160613) addi a2, a2, 1
x12 <- 0x00000001


mem[X,0x800293E4] -> 0x006F
mem[X,0x800293E6] -> 0x0110
[3641] [M]: 0x800293E4 (0x0110006F) jal zero, 2064


mem[X,0x80029BF4] -> 0x2C23
mem[X,0x80029BF6] -> 0x5AC2
[3642] [M]: 0x80029BF4 (0x5AC22C23) sw a2, 1464(tp)
mem[0x8003B720] <- 0x00000001


mem[X,0x80029BF8] -> 0x6537
mem[X,0x80029BFA] -> 0x6666
[3643] [M]: 0x80029BF8 (0x66666537) lui a0, 419430
x10 <- 0x66666000


mem[X,0x80029BFC] -> 0x0513
mem[X,0x80029BFE] -> 0x6675
[3644] [M]: 0x80029BFC (0x66750513) addi a0, a0, 1639
x10 <- 0x66666667


mem[X,0x80029C00] -> 0xB5B7
mem[X,0x80029C02] -> 0x0000
[3645] [M]: 0x80029C00 (0x0000B5B7) lui a1, 11
x11 <- 0x0000B000


mem[X,0x80029C04] -> 0x8593
mem[X,0x80029C06] -> 0x5045
[3646] [M]: 0x80029C04 (0x50458593) addi a1, a1, 1284
x11 <- 0x0000B504


mem[X,0x80029C08] -> 0x0613
mem[X,0x80029C0A] -> 0x0000
[3647] [M]: 0x80029C08 (0x00000613) addi a2, zero, 0
x12 <- 0x00000000


mem[X,0x80029C0C] -> 0x006F
mem[X,0x80029C0E] -> 0x00C0
[3648] [M]: 0x80029C0C (0x00C0006F) jal zero, 12


mem[X,0x80029C18] -> 0x5063
mem[X,0x80029C1A] -> 0x40B5
[3649] [M]: 0x80029C18 (0x40B55063) bge a0, a1, 1024


mem[X,0x8002A018] -> 0x0613
mem[X,0x8002A01A] -> 0x0036
[3650] [M]: 0x8002A018 (0x00360613) addi a2, a2, 3
x12 <- 0x00000003


mem[X,0x8002A01C] -> 0x006F
mem[X,0x8002A01E] -> 0x0040
[3651] [M]: 0x8002A01C (0x0040006F) jal zero, 4


mem[X,0x8002A020] -> 0x2E23
mem[X,0x8002A022] -> 0x5AC2
[3652] [M]: 0x8002A020 (0x5AC22E23) sw a2, 1468(tp)
mem[0x8003B724] <- 0x00000003


mem[X,0x8002A024] -> 0x6537
mem[X,0x8002A026] -> 0x6666
[3653] [M]: 0x8002A024 (0x66666537) lui a0, 419430
x10 <- 0x66666000


mem[X,0x8002A028] -> 0x0513
mem[X,0x8002A02A] -> 0x6675
[3654] [M]: 0x8002A028 (0x66750513) addi a0, a0, 1639
x10 <- 0x66666667


mem[X,0x8002A02C] -> 0x0593
mem[X,0x8002A02E] -> 0x0020
[3655] [M]: 0x8002A02C (0x00200593) addi a1, zero, 2
x11 <- 0x00000002


mem[X,0x8002A030] -> 0x0613
mem[X,0x8002A032] -> 0x0000
[3656] [M]: 0x8002A030 (0x00000613) addi a2, zero, 0
x12 <- 0x00000000


mem[X,0x8002A034] -> 0x006F
mem[X,0x8002A036] -> 0x00C0
[3657] [M]: 0x8002A034 (0x00C0006F) jal zero, 12


mem[X,0x8002A040] -> 0x5CE3
mem[X,0x8002A042] -> 0xFEB5
[3658] [M]: 0x8002A040 (0xFEB55CE3) bge a0, a1, 8184


mem[X,0x8002A038] -> 0x0613
mem[X,0x8002A03A] -> 0x0016
[3659] [M]: 0x8002A038 (0x00160613) addi a2, a2, 1
x12 <- 0x00000001


mem[X,0x8002A03C] -> 0x006F
mem[X,0x8002A03E] -> 0x0180
[3660] [M]: 0x8002A03C (0x0180006F) jal zero, 24


mem[X,0x8002A054] -> 0x2023
mem[X,0x8002A056] -> 0x5CC2
[3661] [M]: 0x8002A054 (0x5CC22023) sw a2, 1472(tp)
mem[0x8003B728] <- 0x00000001


mem[X,0x8002A058] -> 0x6537
mem[X,0x8002A05A] -> 0x6666
[3662] [M]: 0x8002A058 (0x66666537) lui a0, 419430
x10 <- 0x66666000


mem[X,0x8002A05C] -> 0x0513
mem[X,0x8002A05E] -> 0x6675
[3663] [M]: 0x8002A05C (0x66750513) addi a0, a0, 1639
x10 <- 0x66666667


mem[X,0x8002A060] -> 0x55B7
mem[X,0x8002A062] -> 0x5555
[3664] [M]: 0x8002A060 (0x555555B7) lui a1, 349525
x11 <- 0x55555000


mem[X,0x8002A064] -> 0x8593
mem[X,0x8002A066] -> 0x5545
[3665] [M]: 0x8002A064 (0x55458593) addi a1, a1, 1364
x11 <- 0x55555554


mem[X,0x8002A068] -> 0x0613
mem[X,0x8002A06A] -> 0x0000
[3666] [M]: 0x8002A068 (0x00000613) addi a2, zero, 0
x12 <- 0x00000000


mem[X,0x8002A06C] -> 0x006F
mem[X,0x8002A06E] -> 0x00C0
[3667] [M]: 0x8002A06C (0x00C0006F) jal zero, 12


mem[X,0x8002A078] -> 0x5663
mem[X,0x8002A07A] -> 0x00B5
[3668] [M]: 0x8002A078 (0x00B55663) bge a0, a1, 12


mem[X,0x8002A084] -> 0x0613
mem[X,0x8002A086] -> 0x0036
[3669] [M]: 0x8002A084 (0x00360613) addi a2, a2, 3
x12 <- 0x00000003


mem[X,0x8002A088] -> 0x006F
mem[X,0x8002A08A] -> 0x0040
[3670] [M]: 0x8002A088 (0x0040006F) jal zero, 4


mem[X,0x8002A08C] -> 0x2223
mem[X,0x8002A08E] -> 0x5CC2
[3671] [M]: 0x8002A08C (0x5CC22223) sw a2, 1476(tp)
mem[0x8003B72C] <- 0x00000003


mem[X,0x8002A090] -> 0x6537
mem[X,0x8002A092] -> 0x6666
[3672] [M]: 0x8002A090 (0x66666537) lui a0, 419430
x10 <- 0x66666000


mem[X,0x8002A094] -> 0x0513
mem[X,0x8002A096] -> 0x6675
[3673] [M]: 0x8002A094 (0x66750513) addi a0, a0, 1639
x10 <- 0x66666667


mem[X,0x8002A098] -> 0x0593
mem[X,0x8002A09A] -> 0x0000
[3674] [M]: 0x8002A098 (0x00000593) addi a1, zero, 0
x11 <- 0x00000000


mem[X,0x8002A09C] -> 0x0613
mem[X,0x8002A09E] -> 0x0000
[3675] [M]: 0x8002A09C (0x00000613) addi a2, zero, 0
x12 <- 0x00000000


mem[X,0x8002A0A0] -> 0x006F
mem[X,0x8002A0A2] -> 0x00C0
[3676] [M]: 0x8002A0A0 (0x00C0006F) jal zero, 12


mem[X,0x8002A0AC] -> 0x5CE3
mem[X,0x8002A0AE] -> 0xFEB5
[3677] [M]: 0x8002A0AC (0xFEB55CE3) bge a0, a1, 8184


mem[X,0x8002A0A4] -> 0x0613
mem[X,0x8002A0A6] -> 0x0016
[3678] [M]: 0x8002A0A4 (0x00160613) addi a2, a2, 1
x12 <- 0x00000001


mem[X,0x8002A0A8] -> 0x006F
mem[X,0x8002A0AA] -> 0x0180
[3679] [M]: 0x8002A0A8 (0x0180006F) jal zero, 24


mem[X,0x8002A0C0] -> 0x2423
mem[X,0x8002A0C2] -> 0x5CC2
[3680] [M]: 0x8002A0C0 (0x5CC22423) sw a2, 1480(tp)
mem[0x8003B730] <- 0x00000001


mem[X,0x8002A0C4] -> 0x6537
mem[X,0x8002A0C6] -> 0x6666
[3681] [M]: 0x8002A0C4 (0x66666537) lui a0, 419430
x10 <- 0x66666000


mem[X,0x8002A0C8] -> 0x0513
mem[X,0x8002A0CA] -> 0x6675
[3682] [M]: 0x8002A0C8 (0x66750513) addi a0, a0, 1639
x10 <- 0x66666667


mem[X,0x8002A0CC] -> 0x0593
mem[X,0x8002A0CE] -> 0x0040
[3683] [M]: 0x8002A0CC (0x00400593) addi a1, zero, 4
x11 <- 0x00000004


mem[X,0x8002A0D0] -> 0x0613
mem[X,0x8002A0D2] -> 0x0000
[3684] [M]: 0x8002A0D0 (0x00000613) addi a2, zero, 0
x12 <- 0x00000000


mem[X,0x8002A0D4] -> 0x006F
mem[X,0x8002A0D6] -> 0x00C0
[3685] [M]: 0x8002A0D4 (0x00C0006F) jal zero, 12


mem[X,0x8002A0E0] -> 0x5663
mem[X,0x8002A0E2] -> 0x00B5
[3686] [M]: 0x8002A0E0 (0x00B55663) bge a0, a1, 12


mem[X,0x8002A0EC] -> 0x0613
mem[X,0x8002A0EE] -> 0x0036
[3687] [M]: 0x8002A0EC (0x00360613) addi a2, a2, 3
x12 <- 0x00000003


mem[X,0x8002A0F0] -> 0x006F
mem[X,0x8002A0F2] -> 0x0040
[3688] [M]: 0x8002A0F0 (0x0040006F) jal zero, 4


mem[X,0x8002A0F4] -> 0x2623
mem[X,0x8002A0F6] -> 0x5CC2
[3689] [M]: 0x8002A0F4 (0x5CC22623) sw a2, 1484(tp)
mem[0x8003B734] <- 0x00000003


mem[X,0x8002A0F8] -> 0x6537
mem[X,0x8002A0FA] -> 0x6666
[3690] [M]: 0x8002A0F8 (0x66666537) lui a0, 419430
x10 <- 0x66666000


mem[X,0x8002A0FC] -> 0x0513
mem[X,0x8002A0FE] -> 0x6675
[3691] [M]: 0x8002A0FC (0x66750513) addi a0, a0, 1639
x10 <- 0x66666667


mem[X,0x8002A100] -> 0x35B7
mem[X,0x8002A102] -> 0x3333
[3692] [M]: 0x8002A100 (0x333335B7) lui a1, 209715
x11 <- 0x33333000


mem[X,0x8002A104] -> 0x8593
mem[X,0x8002A106] -> 0x3325
[3693] [M]: 0x8002A104 (0x33258593) addi a1, a1, 818
x11 <- 0x33333332


mem[X,0x8002A108] -> 0x0613
mem[X,0x8002A10A] -> 0x0000
[3694] [M]: 0x8002A108 (0x00000613) addi a2, zero, 0
x12 <- 0x00000000


mem[X,0x8002A10C] -> 0x006F
mem[X,0x8002A10E] -> 0x0180
[3695] [M]: 0x8002A10C (0x0180006F) jal zero, 24


mem[X,0x8002A124] -> 0x56E3
mem[X,0x8002A126] -> 0xFEB5
[3696] [M]: 0x8002A124 (0xFEB556E3) bge a0, a1, 8172


mem[X,0x8002A110] -> 0x0613
mem[X,0x8002A112] -> 0x0016
[3697] [M]: 0x8002A110 (0x00160613) addi a2, a2, 1
x12 <- 0x00000001


mem[X,0x8002A114] -> 0x006F
mem[X,0x8002A116] -> 0x0240
[3698] [M]: 0x8002A114 (0x0240006F) jal zero, 36


mem[X,0x8002A138] -> 0x2823
mem[X,0x8002A13A] -> 0x5CC2
[3699] [M]: 0x8002A138 (0x5CC22823) sw a2, 1488(tp)
mem[0x8003B738] <- 0x00000001


clint::tick mtime <- 0x0000000000000025
 clint timer pending at mtime 0x0000000000000025
htif::tick 0x0000000000000000
mem[X,0x8002A13C] -> 0x6537
mem[X,0x8002A13E] -> 0x6666
[3700] [M]: 0x8002A13C (0x66666537) lui a0, 419430
x10 <- 0x66666000


mem[X,0x8002A140] -> 0x0513
mem[X,0x8002A142] -> 0x6675
[3701] [M]: 0x8002A140 (0x66750513) addi a0, a0, 1639
x10 <- 0x66666667


mem[X,0x8002A144] -> 0x65B7
mem[X,0x8002A146] -> 0x6666
[3702] [M]: 0x8002A144 (0x666665B7) lui a1, 419430
x11 <- 0x66666000


mem[X,0x8002A148] -> 0x8593
mem[X,0x8002A14A] -> 0x6655
[3703] [M]: 0x8002A148 (0x66558593) addi a1, a1, 1637
x11 <- 0x66666665


mem[X,0x8002A14C] -> 0x0613
mem[X,0x8002A14E] -> 0x0000
[3704] [M]: 0x8002A14C (0x00000613) addi a2, zero, 0
x12 <- 0x00000000


mem[X,0x8002A150] -> 0x006F
mem[X,0x8002A152] -> 0x00C0
[3705] [M]: 0x8002A150 (0x00C0006F) jal zero, 12


mem[X,0x8002A15C] -> 0x5663
mem[X,0x8002A15E] -> 0x00B5
[3706] [M]: 0x8002A15C (0x00B55663) bge a0, a1, 12


mem[X,0x8002A168] -> 0x0613
mem[X,0x8002A16A] -> 0x0036
[3707] [M]: 0x8002A168 (0x00360613) addi a2, a2, 3
x12 <- 0x00000003


mem[X,0x8002A16C] -> 0x006F
mem[X,0x8002A16E] -> 0x0040
[3708] [M]: 0x8002A16C (0x0040006F) jal zero, 4


mem[X,0x8002A170] -> 0x2A23
mem[X,0x8002A172] -> 0x5CC2
[3709] [M]: 0x8002A170 (0x5CC22A23) sw a2, 1492(tp)
mem[0x8003B73C] <- 0x00000003


mem[X,0x8002A174] -> 0x6537
mem[X,0x8002A176] -> 0x6666
[3710] [M]: 0x8002A174 (0x66666537) lui a0, 419430
x10 <- 0x66666000


mem[X,0x8002A178] -> 0x0513
mem[X,0x8002A17A] -> 0x6675
[3711] [M]: 0x8002A178 (0x66750513) addi a0, a0, 1639
x10 <- 0x66666667


mem[X,0x8002A17C] -> 0xB5B7
mem[X,0x8002A17E] -> 0x0000
[3712] [M]: 0x8002A17C (0x0000B5B7) lui a1, 11
x11 <- 0x0000B000


mem[X,0x8002A180] -> 0x8593
mem[X,0x8002A182] -> 0x5035
[3713] [M]: 0x8002A180 (0x50358593) addi a1, a1, 1283
x11 <- 0x0000B503


mem[X,0x8002A184] -> 0x0613
mem[X,0x8002A186] -> 0x0000
[3714] [M]: 0x8002A184 (0x00000613) addi a2, zero, 0
x12 <- 0x00000000


mem[X,0x8002A188] -> 0x006F
mem[X,0x8002A18A] -> 0x00C0
[3715] [M]: 0x8002A188 (0x00C0006F) jal zero, 12


mem[X,0x8002A194] -> 0x5CE3
mem[X,0x8002A196] -> 0xFEB5
[3716] [M]: 0x8002A194 (0xFEB55CE3) bge a0, a1, 8184


mem[X,0x8002A18C] -> 0x0613
mem[X,0x8002A18E] -> 0x0016
[3717] [M]: 0x8002A18C (0x00160613) addi a2, a2, 1
x12 <- 0x00000001


mem[X,0x8002A190] -> 0x006F
mem[X,0x8002A192] -> 0x0180
[3718] [M]: 0x8002A190 (0x0180006F) jal zero, 24


mem[X,0x8002A1A8] -> 0x2C23
mem[X,0x8002A1AA] -> 0x5CC2
[3719] [M]: 0x8002A1A8 (0x5CC22C23) sw a2, 1496(tp)
mem[0x8003B740] <- 0x00000001


mem[X,0x8002A1AC] -> 0x6537
mem[X,0x8002A1AE] -> 0x6666
[3720] [M]: 0x8002A1AC (0x66666537) lui a0, 419430
x10 <- 0x66666000


mem[X,0x8002A1B0] -> 0x0513
mem[X,0x8002A1B2] -> 0x6675
[3721] [M]: 0x8002A1B0 (0x66750513) addi a0, a0, 1639
x10 <- 0x66666667


mem[X,0x8002A1B4] -> 0x55B7
mem[X,0x8002A1B6] -> 0x5555
[3722] [M]: 0x8002A1B4 (0x555555B7) lui a1, 349525
x11 <- 0x55555000


mem[X,0x8002A1B8] -> 0x8593
mem[X,0x8002A1BA] -> 0x5565
[3723] [M]: 0x8002A1B8 (0x55658593) addi a1, a1, 1366
x11 <- 0x55555556


mem[X,0x8002A1BC] -> 0x0613
mem[X,0x8002A1BE] -> 0x0000
[3724] [M]: 0x8002A1BC (0x00000613) addi a2, zero, 0
x12 <- 0x00000000


mem[X,0x8002A1C0] -> 0x006F
mem[X,0x8002A1C2] -> 0x00C0
[3725] [M]: 0x8002A1C0 (0x00C0006F) jal zero, 12


mem[X,0x8002A1CC] -> 0x5663
mem[X,0x8002A1CE] -> 0x00B5
[3726] [M]: 0x8002A1CC (0x00B55663) bge a0, a1, 12


mem[X,0x8002A1D8] -> 0x0613
mem[X,0x8002A1DA] -> 0x0036
[3727] [M]: 0x8002A1D8 (0x00360613) addi a2, a2, 3
x12 <- 0x00000003


mem[X,0x8002A1DC] -> 0x006F
mem[X,0x8002A1DE] -> 0x0040
[3728] [M]: 0x8002A1DC (0x0040006F) jal zero, 4


mem[X,0x8002A1E0] -> 0x2E23
mem[X,0x8002A1E2] -> 0x5CC2
[3729] [M]: 0x8002A1E0 (0x5CC22E23) sw a2, 1500(tp)
mem[0x8003B744] <- 0x00000003


mem[X,0x8002A1E4] -> 0x6537
mem[X,0x8002A1E6] -> 0x6666
[3730] [M]: 0x8002A1E4 (0x66666537) lui a0, 419430
x10 <- 0x66666000


mem[X,0x8002A1E8] -> 0x0513
mem[X,0x8002A1EA] -> 0x6675
[3731] [M]: 0x8002A1E8 (0x66750513) addi a0, a0, 1639
x10 <- 0x66666667


mem[X,0x8002A1EC] -> 0xB5B7
mem[X,0x8002A1EE] -> 0xAAAA
[3732] [M]: 0x8002A1EC (0xAAAAB5B7) lui a1, 699051
x11 <- 0xAAAAB000


mem[X,0x8002A1F0] -> 0x8593
mem[X,0x8002A1F2] -> 0xAAB5
[3733] [M]: 0x8002A1F0 (0xAAB58593) addi a1, a1, 2731
x11 <- 0xAAAAAAAB


mem[X,0x8002A1F4] -> 0x0613
mem[X,0x8002A1F6] -> 0x0000
[3734] [M]: 0x8002A1F4 (0x00000613) addi a2, zero, 0
x12 <- 0x00000000


mem[X,0x8002A1F8] -> 0x006F
mem[X,0x8002A1FA] -> 0x0050
[3735] [M]: 0x8002A1F8 (0x0050006F) jal zero, 2052


mem[X,0x8002A9FC] -> 0x50E3
mem[X,0x8002A9FE] -> 0x80B5
[3736] [M]: 0x8002A9FC (0x80B550E3) bge a0, a1, 6144


mem[X,0x8002A1FC] -> 0x0613
mem[X,0x8002A1FE] -> 0x0016
[3737] [M]: 0x8002A1FC (0x00160613) addi a2, a2, 1
x12 <- 0x00000001


mem[X,0x8002A200] -> 0x006F
mem[X,0x8002A202] -> 0x0110
[3738] [M]: 0x8002A200 (0x0110006F) jal zero, 2064


mem[X,0x8002AA10] -> 0x2023
mem[X,0x8002AA12] -> 0x5EC2
[3739] [M]: 0x8002AA10 (0x5EC22023) sw a2, 1504(tp)
mem[0x8003B748] <- 0x00000001


mem[X,0x8002AA14] -> 0x6537
mem[X,0x8002AA16] -> 0x6666
[3740] [M]: 0x8002AA14 (0x66666537) lui a0, 419430
x10 <- 0x66666000


mem[X,0x8002AA18] -> 0x0513
mem[X,0x8002AA1A] -> 0x6675
[3741] [M]: 0x8002AA18 (0x66750513) addi a0, a0, 1639
x10 <- 0x66666667


mem[X,0x8002AA1C] -> 0x0593
mem[X,0x8002AA1E] -> 0x0060
[3742] [M]: 0x8002AA1C (0x00600593) addi a1, zero, 6
x11 <- 0x00000006


mem[X,0x8002AA20] -> 0x0613
mem[X,0x8002AA22] -> 0x0000
[3743] [M]: 0x8002AA20 (0x00000613) addi a2, zero, 0
x12 <- 0x00000000


mem[X,0x8002AA24] -> 0x006F
mem[X,0x8002AA26] -> 0x00C0
[3744] [M]: 0x8002AA24 (0x00C0006F) jal zero, 12


mem[X,0x8002AA30] -> 0x5CE3
mem[X,0x8002AA32] -> 0xFEB5
[3745] [M]: 0x8002AA30 (0xFEB55CE3) bge a0, a1, 8184


mem[X,0x8002AA28] -> 0x0613
mem[X,0x8002AA2A] -> 0x0016
[3746] [M]: 0x8002AA28 (0x00160613) addi a2, a2, 1
x12 <- 0x00000001


mem[X,0x8002AA2C] -> 0x006F
mem[X,0x8002AA2E] -> 0x0180
[3747] [M]: 0x8002AA2C (0x0180006F) jal zero, 24


mem[X,0x8002AA44] -> 0x2223
mem[X,0x8002AA46] -> 0x5EC2
[3748] [M]: 0x8002AA44 (0x5EC22223) sw a2, 1508(tp)
mem[0x8003B74C] <- 0x00000001


mem[X,0x8002AA48] -> 0x6537
mem[X,0x8002AA4A] -> 0x6666
[3749] [M]: 0x8002AA48 (0x66666537) lui a0, 419430
x10 <- 0x66666000


mem[X,0x8002AA4C] -> 0x0513
mem[X,0x8002AA4E] -> 0x6675
[3750] [M]: 0x8002AA4C (0x66750513) addi a0, a0, 1639
x10 <- 0x66666667


mem[X,0x8002AA50] -> 0x35B7
mem[X,0x8002AA52] -> 0x3333
[3751] [M]: 0x8002AA50 (0x333335B7) lui a1, 209715
x11 <- 0x33333000


mem[X,0x8002AA54] -> 0x8593
mem[X,0x8002AA56] -> 0x3345
[3752] [M]: 0x8002AA54 (0x33458593) addi a1, a1, 820
x11 <- 0x33333334


mem[X,0x8002AA58] -> 0x0613
mem[X,0x8002AA5A] -> 0x0000
[3753] [M]: 0x8002AA58 (0x00000613) addi a2, zero, 0
x12 <- 0x00000000


mem[X,0x8002AA5C] -> 0x006F
mem[X,0x8002AA5E] -> 0x00C0
[3754] [M]: 0x8002AA5C (0x00C0006F) jal zero, 12


mem[X,0x8002AA68] -> 0x5063
mem[X,0x8002AA6A] -> 0x40B5
[3755] [M]: 0x8002AA68 (0x40B55063) bge a0, a1, 1024


mem[X,0x8002AE68] -> 0x0613
mem[X,0x8002AE6A] -> 0x0036
[3756] [M]: 0x8002AE68 (0x00360613) addi a2, a2, 3
x12 <- 0x00000003


mem[X,0x8002AE6C] -> 0x006F
mem[X,0x8002AE6E] -> 0x0040
[3757] [M]: 0x8002AE6C (0x0040006F) jal zero, 4


mem[X,0x8002AE70] -> 0x2423
mem[X,0x8002AE72] -> 0x5EC2
[3758] [M]: 0x8002AE70 (0x5EC22423) sw a2, 1512(tp)
mem[0x8003B750] <- 0x00000003


mem[X,0x8002AE74] -> 0x6537
mem[X,0x8002AE76] -> 0x6666
[3759] [M]: 0x8002AE74 (0x66666537) lui a0, 419430
x10 <- 0x66666000


mem[X,0x8002AE78] -> 0x0513
mem[X,0x8002AE7A] -> 0x6675
[3760] [M]: 0x8002AE78 (0x66750513) addi a0, a0, 1639
x10 <- 0x66666667


mem[X,0x8002AE7C] -> 0x55B7
mem[X,0x8002AE7E] -> 0xFFFF
[3761] [M]: 0x8002AE7C (0xFFFF55B7) lui a1, 1048565
x11 <- 0xFFFF5000


mem[X,0x8002AE80] -> 0x8593
mem[X,0x8002AE82] -> 0xAFD5
[3762] [M]: 0x8002AE80 (0xAFD58593) addi a1, a1, 2813
x11 <- 0xFFFF4AFD


mem[X,0x8002AE84] -> 0x0613
mem[X,0x8002AE86] -> 0x0000
[3763] [M]: 0x8002AE84 (0x00000613) addi a2, zero, 0
x12 <- 0x00000000


mem[X,0x8002AE88] -> 0x006F
mem[X,0x8002AE8A] -> 0x00C0
[3764] [M]: 0x8002AE88 (0x00C0006F) jal zero, 12


mem[X,0x8002AE94] -> 0x5CE3
mem[X,0x8002AE96] -> 0xFEB5
[3765] [M]: 0x8002AE94 (0xFEB55CE3) bge a0, a1, 8184


mem[X,0x8002AE8C] -> 0x0613
mem[X,0x8002AE8E] -> 0x0016
[3766] [M]: 0x8002AE8C (0x00160613) addi a2, a2, 1
x12 <- 0x00000001


mem[X,0x8002AE90] -> 0x006F
mem[X,0x8002AE92] -> 0x0180
[3767] [M]: 0x8002AE90 (0x0180006F) jal zero, 24


mem[X,0x8002AEA8] -> 0x2623
mem[X,0x8002AEAA] -> 0x5EC2
[3768] [M]: 0x8002AEA8 (0x5EC22623) sw a2, 1516(tp)
mem[0x8003B754] <- 0x00000001


mem[X,0x8002AEAC] -> 0x6537
mem[X,0x8002AEAE] -> 0x6666
[3769] [M]: 0x8002AEAC (0x66666537) lui a0, 419430
x10 <- 0x66666000


mem[X,0x8002AEB0] -> 0x0513
mem[X,0x8002AEB2] -> 0x6675
[3770] [M]: 0x8002AEB0 (0x66750513) addi a0, a0, 1639
x10 <- 0x66666667


mem[X,0x8002AEB4] -> 0xB5B7
mem[X,0x8002AEB6] -> 0x0000
[3771] [M]: 0x8002AEB4 (0x0000B5B7) lui a1, 11
x11 <- 0x0000B000


mem[X,0x8002AEB8] -> 0x8593
mem[X,0x8002AEBA] -> 0x5055
[3772] [M]: 0x8002AEB8 (0x50558593) addi a1, a1, 1285
x11 <- 0x0000B505


mem[X,0x8002AEBC] -> 0x0613
mem[X,0x8002AEBE] -> 0x0000
[3773] [M]: 0x8002AEBC (0x00000613) addi a2, zero, 0
x12 <- 0x00000000


mem[X,0x8002AEC0] -> 0x006F
mem[X,0x8002AEC2] -> 0x0140
[3774] [M]: 0x8002AEC0 (0x0140006F) jal zero, 20


mem[X,0x8002AED4] -> 0x58E3
mem[X,0x8002AED6] -> 0xFEB5
[3775] [M]: 0x8002AED4 (0xFEB558E3) bge a0, a1, 8176


mem[X,0x8002AEC4] -> 0x0613
mem[X,0x8002AEC6] -> 0x0016
[3776] [M]: 0x8002AEC4 (0x00160613) addi a2, a2, 1
x12 <- 0x00000001


mem[X,0x8002AEC8] -> 0x006F
mem[X,0x8002AECA] -> 0x0200
[3777] [M]: 0x8002AEC8 (0x0200006F) jal zero, 32


mem[X,0x8002AEE8] -> 0x2823
mem[X,0x8002AEEA] -> 0x5EC2
[3778] [M]: 0x8002AEE8 (0x5EC22823) sw a2, 1520(tp)
mem[0x8003B758] <- 0x00000001


mem[X,0x8002AEEC] -> 0x5537
mem[X,0x8002AEEE] -> 0xFFFF
[3779] [M]: 0x8002AEEC (0xFFFF5537) lui a0, 1048565
x10 <- 0xFFFF5000


mem[X,0x8002AEF0] -> 0x0513
mem[X,0x8002AEF2] -> 0xAFD5
[3780] [M]: 0x8002AEF0 (0xAFD50513) addi a0, a0, 2813
x10 <- 0xFFFF4AFD


mem[X,0x8002AEF4] -> 0x0593
mem[X,0x8002AEF6] -> 0x0030
[3781] [M]: 0x8002AEF4 (0x00300593) addi a1, zero, 3
x11 <- 0x00000003


mem[X,0x8002AEF8] -> 0x0613
mem[X,0x8002AEFA] -> 0x0000
[3782] [M]: 0x8002AEF8 (0x00000613) addi a2, zero, 0
x12 <- 0x00000000


mem[X,0x8002AEFC] -> 0x006F
mem[X,0x8002AEFE] -> 0x00C0
[3783] [M]: 0x8002AEFC (0x00C0006F) jal zero, 12


mem[X,0x8002AF08] -> 0x5663
mem[X,0x8002AF0A] -> 0x00B5
[3784] [M]: 0x8002AF08 (0x00B55663) bge a0, a1, 12


mem[X,0x8002AF0C] -> 0x0613
mem[X,0x8002AF0E] -> 0x0026
[3785] [M]: 0x8002AF0C (0x00260613) addi a2, a2, 2
x12 <- 0x00000002


mem[X,0x8002AF10] -> 0x006F
mem[X,0x8002AF12] -> 0x00C0
[3786] [M]: 0x8002AF10 (0x00C0006F) jal zero, 12


mem[X,0x8002AF1C] -> 0x2A23
mem[X,0x8002AF1E] -> 0x5EC2
[3787] [M]: 0x8002AF1C (0x5EC22A23) sw a2, 1524(tp)
mem[0x8003B75C] <- 0x00000002


mem[X,0x8002AF20] -> 0x5537
mem[X,0x8002AF22] -> 0xFFFF
[3788] [M]: 0x8002AF20 (0xFFFF5537) lui a0, 1048565
x10 <- 0xFFFF5000


mem[X,0x8002AF24] -> 0x0513
mem[X,0x8002AF26] -> 0xAFD5
[3789] [M]: 0x8002AF24 (0xAFD50513) addi a0, a0, 2813
x10 <- 0xFFFF4AFD


mem[X,0x8002AF28] -> 0x55B7
mem[X,0x8002AF2A] -> 0x5555
[3790] [M]: 0x8002AF28 (0x555555B7) lui a1, 349525
x11 <- 0x55555000


mem[X,0x8002AF2C] -> 0x8593
mem[X,0x8002AF2E] -> 0x5555
[3791] [M]: 0x8002AF2C (0x55558593) addi a1, a1, 1365
x11 <- 0x55555555


mem[X,0x8002AF30] -> 0x0613
mem[X,0x8002AF32] -> 0x0000
[3792] [M]: 0x8002AF30 (0x00000613) addi a2, zero, 0
x12 <- 0x00000000


mem[X,0x8002AF34] -> 0x006F
mem[X,0x8002AF36] -> 0x00C0
[3793] [M]: 0x8002AF34 (0x00C0006F) jal zero, 12


mem[X,0x8002AF40] -> 0x5663
mem[X,0x8002AF42] -> 0x00B5
[3794] [M]: 0x8002AF40 (0x00B55663) bge a0, a1, 12


mem[X,0x8002AF44] -> 0x0613
mem[X,0x8002AF46] -> 0x0026
[3795] [M]: 0x8002AF44 (0x00260613) addi a2, a2, 2
x12 <- 0x00000002


mem[X,0x8002AF48] -> 0x006F
mem[X,0x8002AF4A] -> 0x00C0
[3796] [M]: 0x8002AF48 (0x00C0006F) jal zero, 12


mem[X,0x8002AF54] -> 0x2C23
mem[X,0x8002AF56] -> 0x5EC2
[3797] [M]: 0x8002AF54 (0x5EC22C23) sw a2, 1528(tp)
mem[0x8003B760] <- 0x00000002


mem[X,0x8002AF58] -> 0x5537
mem[X,0x8002AF5A] -> 0xFFFF
[3798] [M]: 0x8002AF58 (0xFFFF5537) lui a0, 1048565
x10 <- 0xFFFF5000


mem[X,0x8002AF5C] -> 0x0513
mem[X,0x8002AF5E] -> 0xAFD5
[3799] [M]: 0x8002AF5C (0xAFD50513) addi a0, a0, 2813
x10 <- 0xFFFF4AFD


clint::tick mtime <- 0x0000000000000026
 clint timer pending at mtime 0x0000000000000026
htif::tick 0x0000000000000000
mem[X,0x8002AF60] -> 0xB5B7
mem[X,0x8002AF62] -> 0xAAAA
[3800] [M]: 0x8002AF60 (0xAAAAB5B7) lui a1, 699051
x11 <- 0xAAAAB000


mem[X,0x8002AF64] -> 0x8593
mem[X,0x8002AF66] -> 0xAAA5
[3801] [M]: 0x8002AF64 (0xAAA58593) addi a1, a1, 2730
x11 <- 0xAAAAAAAA


mem[X,0x8002AF68] -> 0x0613
mem[X,0x8002AF6A] -> 0x0000
[3802] [M]: 0x8002AF68 (0x00000613) addi a2, zero, 0
x12 <- 0x00000000


mem[X,0x8002AF6C] -> 0x006F
mem[X,0x8002AF6E] -> 0x00C0
[3803] [M]: 0x8002AF6C (0x00C0006F) jal zero, 12


mem[X,0x8002AF78] -> 0x5663
mem[X,0x8002AF7A] -> 0x00B5
[3804] [M]: 0x8002AF78 (0x00B55663) bge a0, a1, 12


mem[X,0x8002AF84] -> 0x0613
mem[X,0x8002AF86] -> 0x0036
[3805] [M]: 0x8002AF84 (0x00360613) addi a2, a2, 3
x12 <- 0x00000003


mem[X,0x8002AF88] -> 0x006F
mem[X,0x8002AF8A] -> 0x0040
[3806] [M]: 0x8002AF88 (0x0040006F) jal zero, 4


mem[X,0x8002AF8C] -> 0x2E23
mem[X,0x8002AF8E] -> 0x5EC2
[3807] [M]: 0x8002AF8C (0x5EC22E23) sw a2, 1532(tp)
mem[0x8003B764] <- 0x00000003


mem[X,0x8002AF90] -> 0x5537
mem[X,0x8002AF92] -> 0xFFFF
[3808] [M]: 0x8002AF90 (0xFFFF5537) lui a0, 1048565
x10 <- 0xFFFF5000


mem[X,0x8002AF94] -> 0x0513
mem[X,0x8002AF96] -> 0xAFD5
[3809] [M]: 0x8002AF94 (0xAFD50513) addi a0, a0, 2813
x10 <- 0xFFFF4AFD


mem[X,0x8002AF98] -> 0x0593
mem[X,0x8002AF9A] -> 0x0050
[3810] [M]: 0x8002AF98 (0x00500593) addi a1, zero, 5
x11 <- 0x00000005


mem[X,0x8002AF9C] -> 0x0613
mem[X,0x8002AF9E] -> 0x0000
[3811] [M]: 0x8002AF9C (0x00000613) addi a2, zero, 0
x12 <- 0x00000000


mem[X,0x8002AFA0] -> 0x006F
mem[X,0x8002AFA2] -> 0x0140
[3812] [M]: 0x8002AFA0 (0x0140006F) jal zero, 20


mem[X,0x8002AFB4] -> 0x58E3
mem[X,0x8002AFB6] -> 0xFEB5
[3813] [M]: 0x8002AFB4 (0xFEB558E3) bge a0, a1, 8176


mem[X,0x8002AFB8] -> 0x0613
mem[X,0x8002AFBA] -> 0x0026
[3814] [M]: 0x8002AFB8 (0x00260613) addi a2, a2, 2
x12 <- 0x00000002


mem[X,0x8002AFBC] -> 0x006F
mem[X,0x8002AFBE] -> 0x00C0
[3815] [M]: 0x8002AFBC (0x00C0006F) jal zero, 12


mem[X,0x8002AFC8] -> 0x2023
mem[X,0x8002AFCA] -> 0x60C2
[3816] [M]: 0x8002AFC8 (0x60C22023) sw a2, 1536(tp)
mem[0x8003B768] <- 0x00000002


mem[X,0x8002AFCC] -> 0x5537
mem[X,0x8002AFCE] -> 0xFFFF
[3817] [M]: 0x8002AFCC (0xFFFF5537) lui a0, 1048565
x10 <- 0xFFFF5000


mem[X,0x8002AFD0] -> 0x0513
mem[X,0x8002AFD2] -> 0xAFD5
[3818] [M]: 0x8002AFD0 (0xAFD50513) addi a0, a0, 2813
x10 <- 0xFFFF4AFD


mem[X,0x8002AFD4] -> 0x35B7
mem[X,0x8002AFD6] -> 0x3333
[3819] [M]: 0x8002AFD4 (0x333335B7) lui a1, 209715
x11 <- 0x33333000


mem[X,0x8002AFD8] -> 0x8593
mem[X,0x8002AFDA] -> 0x3335
[3820] [M]: 0x8002AFD8 (0x33358593) addi a1, a1, 819
x11 <- 0x33333333


mem[X,0x8002AFDC] -> 0x0613
mem[X,0x8002AFDE] -> 0x0000
[3821] [M]: 0x8002AFDC (0x00000613) addi a2, zero, 0
x12 <- 0x00000000


mem[X,0x8002AFE0] -> 0x006F
mem[X,0x8002AFE2] -> 0x0180
[3822] [M]: 0x8002AFE0 (0x0180006F) jal zero, 24


mem[X,0x8002AFF8] -> 0x56E3
mem[X,0x8002AFFA] -> 0xFEB5
[3823] [M]: 0x8002AFF8 (0xFEB556E3) bge a0, a1, 8172


mem[X,0x8002AFFC] -> 0x0613
mem[X,0x8002AFFE] -> 0x0026
[3824] [M]: 0x8002AFFC (0x00260613) addi a2, a2, 2
x12 <- 0x00000002


mem[X,0x8002B000] -> 0x006F
mem[X,0x8002B002] -> 0x00C0
[3825] [M]: 0x8002B000 (0x00C0006F) jal zero, 12


mem[X,0x8002B00C] -> 0x2223
mem[X,0x8002B00E] -> 0x60C2
[3826] [M]: 0x8002B00C (0x60C22223) sw a2, 1540(tp)
mem[0x8003B76C] <- 0x00000002


mem[X,0x8002B010] -> 0x5537
mem[X,0x8002B012] -> 0xFFFF
[3827] [M]: 0x8002B010 (0xFFFF5537) lui a0, 1048565
x10 <- 0xFFFF5000


mem[X,0x8002B014] -> 0x0513
mem[X,0x8002B016] -> 0xAFD5
[3828] [M]: 0x8002B014 (0xAFD50513) addi a0, a0, 2813
x10 <- 0xFFFF4AFD


mem[X,0x8002B018] -> 0x65B7
mem[X,0x8002B01A] -> 0x6666
[3829] [M]: 0x8002B018 (0x666665B7) lui a1, 419430
x11 <- 0x66666000


mem[X,0x8002B01C] -> 0x8593
mem[X,0x8002B01E] -> 0x6665
[3830] [M]: 0x8002B01C (0x66658593) addi a1, a1, 1638
x11 <- 0x66666666


mem[X,0x8002B020] -> 0x0613
mem[X,0x8002B022] -> 0x0000
[3831] [M]: 0x8002B020 (0x00000613) addi a2, zero, 0
x12 <- 0x00000000


mem[X,0x8002B024] -> 0x006F
mem[X,0x8002B026] -> 0x00C0
[3832] [M]: 0x8002B024 (0x00C0006F) jal zero, 12


mem[X,0x8002B030] -> 0x5063
mem[X,0x8002B032] -> 0x08B5
[3833] [M]: 0x8002B030 (0x08B55063) bge a0, a1, 128


mem[X,0x8002B034] -> 0x0613
mem[X,0x8002B036] -> 0x0026
[3834] [M]: 0x8002B034 (0x00260613) addi a2, a2, 2
x12 <- 0x00000002


mem[X,0x8002B038] -> 0x006F
mem[X,0x8002B03A] -> 0x0800
[3835] [M]: 0x8002B038 (0x0800006F) jal zero, 128


mem[X,0x8002B0B8] -> 0x2423
mem[X,0x8002B0BA] -> 0x60C2
[3836] [M]: 0x8002B0B8 (0x60C22423) sw a2, 1544(tp)
mem[0x8003B770] <- 0x00000002


mem[X,0x8002B0BC] -> 0x5537
mem[X,0x8002B0BE] -> 0xFFFF
[3837] [M]: 0x8002B0BC (0xFFFF5537) lui a0, 1048565
x10 <- 0xFFFF5000


mem[X,0x8002B0C0] -> 0x0513
mem[X,0x8002B0C2] -> 0xAFD5
[3838] [M]: 0x8002B0C0 (0xAFD50513) addi a0, a0, 2813
x10 <- 0xFFFF4AFD


mem[X,0x8002B0C4] -> 0x55B7
mem[X,0x8002B0C6] -> 0xFFFF
[3839] [M]: 0x8002B0C4 (0xFFFF55B7) lui a1, 1048565
x11 <- 0xFFFF5000


mem[X,0x8002B0C8] -> 0x8593
mem[X,0x8002B0CA] -> 0xAFC5
[3840] [M]: 0x8002B0C8 (0xAFC58593) addi a1, a1, 2812
x11 <- 0xFFFF4AFC


mem[X,0x8002B0CC] -> 0x0613
mem[X,0x8002B0CE] -> 0x0000
[3841] [M]: 0x8002B0CC (0x00000613) addi a2, zero, 0
x12 <- 0x00000000


mem[X,0x8002B0D0] -> 0x006F
mem[X,0x8002B0D2] -> 0x00C0
[3842] [M]: 0x8002B0D0 (0x00C0006F) jal zero, 12


mem[X,0x8002B0DC] -> 0x5663
mem[X,0x8002B0DE] -> 0x00B5
[3843] [M]: 0x8002B0DC (0x00B55663) bge a0, a1, 12


mem[X,0x8002B0E8] -> 0x0613
mem[X,0x8002B0EA] -> 0x0036
[3844] [M]: 0x8002B0E8 (0x00360613) addi a2, a2, 3
x12 <- 0x00000003


mem[X,0x8002B0EC] -> 0x006F
mem[X,0x8002B0EE] -> 0x0040
[3845] [M]: 0x8002B0EC (0x0040006F) jal zero, 4


mem[X,0x8002B0F0] -> 0x2623
mem[X,0x8002B0F2] -> 0x60C2
[3846] [M]: 0x8002B0F0 (0x60C22623) sw a2, 1548(tp)
mem[0x8003B774] <- 0x00000003


mem[X,0x8002B0F4] -> 0x5537
mem[X,0x8002B0F6] -> 0xFFFF
[3847] [M]: 0x8002B0F4 (0xFFFF5537) lui a0, 1048565
x10 <- 0xFFFF5000


mem[X,0x8002B0F8] -> 0x0513
mem[X,0x8002B0FA] -> 0xAFD5
[3848] [M]: 0x8002B0F8 (0xAFD50513) addi a0, a0, 2813
x10 <- 0xFFFF4AFD


mem[X,0x8002B0FC] -> 0xB5B7
mem[X,0x8002B0FE] -> 0x0000
[3849] [M]: 0x8002B0FC (0x0000B5B7) lui a1, 11
x11 <- 0x0000B000


mem[X,0x8002B100] -> 0x8593
mem[X,0x8002B102] -> 0x5045
[3850] [M]: 0x8002B100 (0x50458593) addi a1, a1, 1284
x11 <- 0x0000B504


mem[X,0x8002B104] -> 0x0613
mem[X,0x8002B106] -> 0x0000
[3851] [M]: 0x8002B104 (0x00000613) addi a2, zero, 0
x12 <- 0x00000000


mem[X,0x8002B108] -> 0x006F
mem[X,0x8002B10A] -> 0x00C0
[3852] [M]: 0x8002B108 (0x00C0006F) jal zero, 12


mem[X,0x8002B114] -> 0x5063
mem[X,0x8002B116] -> 0x40B5
[3853] [M]: 0x8002B114 (0x40B55063) bge a0, a1, 1024


mem[X,0x8002B118] -> 0x0613
mem[X,0x8002B11A] -> 0x0026
[3854] [M]: 0x8002B118 (0x00260613) addi a2, a2, 2
x12 <- 0x00000002


mem[X,0x8002B11C] -> 0x006F
mem[X,0x8002B11E] -> 0x4000
[3855] [M]: 0x8002B11C (0x4000006F) jal zero, 1024


mem[X,0x8002B51C] -> 0x2823
mem[X,0x8002B51E] -> 0x60C2
[3856] [M]: 0x8002B51C (0x60C22823) sw a2, 1552(tp)
mem[0x8003B778] <- 0x00000002


mem[X,0x8002B520] -> 0x5537
mem[X,0x8002B522] -> 0xFFFF
[3857] [M]: 0x8002B520 (0xFFFF5537) lui a0, 1048565
x10 <- 0xFFFF5000


mem[X,0x8002B524] -> 0x0513
mem[X,0x8002B526] -> 0xAFD5
[3858] [M]: 0x8002B524 (0xAFD50513) addi a0, a0, 2813
x10 <- 0xFFFF4AFD


mem[X,0x8002B528] -> 0x0593
mem[X,0x8002B52A] -> 0x0020
[3859] [M]: 0x8002B528 (0x00200593) addi a1, zero, 2
x11 <- 0x00000002


mem[X,0x8002B52C] -> 0x0613
mem[X,0x8002B52E] -> 0x0000
[3860] [M]: 0x8002B52C (0x00000613) addi a2, zero, 0
x12 <- 0x00000000


mem[X,0x8002B530] -> 0x006F
mem[X,0x8002B532] -> 0x00C0
[3861] [M]: 0x8002B530 (0x00C0006F) jal zero, 12


mem[X,0x8002B53C] -> 0x5063
mem[X,0x8002B53E] -> 0x02B5
[3862] [M]: 0x8002B53C (0x02B55063) bge a0, a1, 32


mem[X,0x8002B540] -> 0x0613
mem[X,0x8002B542] -> 0x0026
[3863] [M]: 0x8002B540 (0x00260613) addi a2, a2, 2
x12 <- 0x00000002


mem[X,0x8002B544] -> 0x006F
mem[X,0x8002B546] -> 0x0200
[3864] [M]: 0x8002B544 (0x0200006F) jal zero, 32


mem[X,0x8002B564] -> 0x2A23
mem[X,0x8002B566] -> 0x60C2
[3865] [M]: 0x8002B564 (0x60C22A23) sw a2, 1556(tp)
mem[0x8003B77C] <- 0x00000002


mem[X,0x8002B568] -> 0x5537
mem[X,0x8002B56A] -> 0xFFFF
[3866] [M]: 0x8002B568 (0xFFFF5537) lui a0, 1048565
x10 <- 0xFFFF5000


mem[X,0x8002B56C] -> 0x0513
mem[X,0x8002B56E] -> 0xAFD5
[3867] [M]: 0x8002B56C (0xAFD50513) addi a0, a0, 2813
x10 <- 0xFFFF4AFD


mem[X,0x8002B570] -> 0x55B7
mem[X,0x8002B572] -> 0x5555
[3868] [M]: 0x8002B570 (0x555555B7) lui a1, 349525
x11 <- 0x55555000


mem[X,0x8002B574] -> 0x8593
mem[X,0x8002B576] -> 0x5545
[3869] [M]: 0x8002B574 (0x55458593) addi a1, a1, 1364
x11 <- 0x55555554


mem[X,0x8002B578] -> 0x0613
mem[X,0x8002B57A] -> 0x0000
[3870] [M]: 0x8002B578 (0x00000613) addi a2, zero, 0
x12 <- 0x00000000


mem[X,0x8002B57C] -> 0x006F
mem[X,0x8002B57E] -> 0x0140
[3871] [M]: 0x8002B57C (0x0140006F) jal zero, 20


mem[X,0x8002B590] -> 0x58E3
mem[X,0x8002B592] -> 0xFEB5
[3872] [M]: 0x8002B590 (0xFEB558E3) bge a0, a1, 8176


mem[X,0x8002B594] -> 0x0613
mem[X,0x8002B596] -> 0x0026
[3873] [M]: 0x8002B594 (0x00260613) addi a2, a2, 2
x12 <- 0x00000002


mem[X,0x8002B598] -> 0x006F
mem[X,0x8002B59A] -> 0x00C0
[3874] [M]: 0x8002B598 (0x00C0006F) jal zero, 12


mem[X,0x8002B5A4] -> 0x2C23
mem[X,0x8002B5A6] -> 0x60C2
[3875] [M]: 0x8002B5A4 (0x60C22C23) sw a2, 1560(tp)
mem[0x8003B780] <- 0x00000002


mem[X,0x8002B5A8] -> 0x5537
mem[X,0x8002B5AA] -> 0xFFFF
[3876] [M]: 0x8002B5A8 (0xFFFF5537) lui a0, 1048565
x10 <- 0xFFFF5000


mem[X,0x8002B5AC] -> 0x0513
mem[X,0x8002B5AE] -> 0xAFD5
[3877] [M]: 0x8002B5AC (0xAFD50513) addi a0, a0, 2813
x10 <- 0xFFFF4AFD


mem[X,0x8002B5B0] -> 0x0593
mem[X,0x8002B5B2] -> 0x0000
[3878] [M]: 0x8002B5B0 (0x00000593) addi a1, zero, 0
x11 <- 0x00000000


mem[X,0x8002B5B4] -> 0x0613
mem[X,0x8002B5B6] -> 0x0000
[3879] [M]: 0x8002B5B4 (0x00000613) addi a2, zero, 0
x12 <- 0x00000000


mem[X,0x8002B5B8] -> 0x006F
mem[X,0x8002B5BA] -> 0x00C0
[3880] [M]: 0x8002B5B8 (0x00C0006F) jal zero, 12


mem[X,0x8002B5C4] -> 0x5063
mem[X,0x8002B5C6] -> 0x02B5
[3881] [M]: 0x8002B5C4 (0x02B55063) bge a0, a1, 32


mem[X,0x8002B5C8] -> 0x0613
mem[X,0x8002B5CA] -> 0x0026
[3882] [M]: 0x8002B5C8 (0x00260613) addi a2, a2, 2
x12 <- 0x00000002


mem[X,0x8002B5CC] -> 0x006F
mem[X,0x8002B5CE] -> 0x0200
[3883] [M]: 0x8002B5CC (0x0200006F) jal zero, 32


mem[X,0x8002B5EC] -> 0x2E23
mem[X,0x8002B5EE] -> 0x60C2
[3884] [M]: 0x8002B5EC (0x60C22E23) sw a2, 1564(tp)
mem[0x8003B784] <- 0x00000002


mem[X,0x8002B5F0] -> 0x5537
mem[X,0x8002B5F2] -> 0xFFFF
[3885] [M]: 0x8002B5F0 (0xFFFF5537) lui a0, 1048565
x10 <- 0xFFFF5000


mem[X,0x8002B5F4] -> 0x0513
mem[X,0x8002B5F6] -> 0xAFD5
[3886] [M]: 0x8002B5F4 (0xAFD50513) addi a0, a0, 2813
x10 <- 0xFFFF4AFD


mem[X,0x8002B5F8] -> 0x0593
mem[X,0x8002B5FA] -> 0x0040
[3887] [M]: 0x8002B5F8 (0x00400593) addi a1, zero, 4
x11 <- 0x00000004


mem[X,0x8002B5FC] -> 0x0613
mem[X,0x8002B5FE] -> 0x0000
[3888] [M]: 0x8002B5FC (0x00000613) addi a2, zero, 0
x12 <- 0x00000000


mem[X,0x8002B600] -> 0x006F
mem[X,0x8002B602] -> 0x00C0
[3889] [M]: 0x8002B600 (0x00C0006F) jal zero, 12


mem[X,0x8002B60C] -> 0x5063
mem[X,0x8002B60E] -> 0x04B5
[3890] [M]: 0x8002B60C (0x04B55063) bge a0, a1, 64


mem[X,0x8002B610] -> 0x0613
mem[X,0x8002B612] -> 0x0026
[3891] [M]: 0x8002B610 (0x00260613) addi a2, a2, 2
x12 <- 0x00000002


mem[X,0x8002B614] -> 0x006F
mem[X,0x8002B616] -> 0x0400
[3892] [M]: 0x8002B614 (0x0400006F) jal zero, 64


mem[X,0x8002B654] -> 0x2023
mem[X,0x8002B656] -> 0x62C2
[3893] [M]: 0x8002B654 (0x62C22023) sw a2, 1568(tp)
mem[0x8003B788] <- 0x00000002


mem[X,0x8002B658] -> 0x5537
mem[X,0x8002B65A] -> 0xFFFF
[3894] [M]: 0x8002B658 (0xFFFF5537) lui a0, 1048565
x10 <- 0xFFFF5000


mem[X,0x8002B65C] -> 0x0513
mem[X,0x8002B65E] -> 0xAFD5
[3895] [M]: 0x8002B65C (0xAFD50513) addi a0, a0, 2813
x10 <- 0xFFFF4AFD


mem[X,0x8002B660] -> 0x35B7
mem[X,0x8002B662] -> 0x3333
[3896] [M]: 0x8002B660 (0x333335B7) lui a1, 209715
x11 <- 0x33333000


mem[X,0x8002B664] -> 0x8593
mem[X,0x8002B666] -> 0x3325
[3897] [M]: 0x8002B664 (0x33258593) addi a1, a1, 818
x11 <- 0x33333332


mem[X,0x8002B668] -> 0x0613
mem[X,0x8002B66A] -> 0x0000
[3898] [M]: 0x8002B668 (0x00000613) addi a2, zero, 0
x12 <- 0x00000000


mem[X,0x8002B66C] -> 0x006F
mem[X,0x8002B66E] -> 0x00C0
[3899] [M]: 0x8002B66C (0x00C0006F) jal zero, 12


clint::tick mtime <- 0x0000000000000027
 clint timer pending at mtime 0x0000000000000027
htif::tick 0x0000000000000000
mem[X,0x8002B678] -> 0x5CE3
mem[X,0x8002B67A] -> 0xFEB5
[3900] [M]: 0x8002B678 (0xFEB55CE3) bge a0, a1, 8184


mem[X,0x8002B67C] -> 0x0613
mem[X,0x8002B67E] -> 0x0026
[3901] [M]: 0x8002B67C (0x00260613) addi a2, a2, 2
x12 <- 0x00000002


mem[X,0x8002B680] -> 0x006F
mem[X,0x8002B682] -> 0x00C0
[3902] [M]: 0x8002B680 (0x00C0006F) jal zero, 12


mem[X,0x8002B68C] -> 0x2223
mem[X,0x8002B68E] -> 0x62C2
[3903] [M]: 0x8002B68C (0x62C22223) sw a2, 1572(tp)
mem[0x8003B78C] <- 0x00000002


mem[X,0x8002B690] -> 0x5537
mem[X,0x8002B692] -> 0xFFFF
[3904] [M]: 0x8002B690 (0xFFFF5537) lui a0, 1048565
x10 <- 0xFFFF5000


mem[X,0x8002B694] -> 0x0513
mem[X,0x8002B696] -> 0xAFD5
[3905] [M]: 0x8002B694 (0xAFD50513) addi a0, a0, 2813
x10 <- 0xFFFF4AFD


mem[X,0x8002B698] -> 0x65B7
mem[X,0x8002B69A] -> 0x6666
[3906] [M]: 0x8002B698 (0x666665B7) lui a1, 419430
x11 <- 0x66666000


mem[X,0x8002B69C] -> 0x8593
mem[X,0x8002B69E] -> 0x6655
[3907] [M]: 0x8002B69C (0x66558593) addi a1, a1, 1637
x11 <- 0x66666665


mem[X,0x8002B6A0] -> 0x0613
mem[X,0x8002B6A2] -> 0x0000
[3908] [M]: 0x8002B6A0 (0x00000613) addi a2, zero, 0
x12 <- 0x00000000


mem[X,0x8002B6A4] -> 0x006F
mem[X,0x8002B6A6] -> 0x00C0
[3909] [M]: 0x8002B6A4 (0x00C0006F) jal zero, 12


mem[X,0x8002B6B0] -> 0x5663
mem[X,0x8002B6B2] -> 0x00B5
[3910] [M]: 0x8002B6B0 (0x00B55663) bge a0, a1, 12


mem[X,0x8002B6B4] -> 0x0613
mem[X,0x8002B6B6] -> 0x0026
[3911] [M]: 0x8002B6B4 (0x00260613) addi a2, a2, 2
x12 <- 0x00000002


mem[X,0x8002B6B8] -> 0x006F
mem[X,0x8002B6BA] -> 0x00C0
[3912] [M]: 0x8002B6B8 (0x00C0006F) jal zero, 12


mem[X,0x8002B6C4] -> 0x2423
mem[X,0x8002B6C6] -> 0x62C2
[3913] [M]: 0x8002B6C4 (0x62C22423) sw a2, 1576(tp)
mem[0x8003B790] <- 0x00000002


mem[X,0x8002B6C8] -> 0x5537
mem[X,0x8002B6CA] -> 0xFFFF
[3914] [M]: 0x8002B6C8 (0xFFFF5537) lui a0, 1048565
x10 <- 0xFFFF5000


mem[X,0x8002B6CC] -> 0x0513
mem[X,0x8002B6CE] -> 0xAFD5
[3915] [M]: 0x8002B6CC (0xAFD50513) addi a0, a0, 2813
x10 <- 0xFFFF4AFD


mem[X,0x8002B6D0] -> 0xB5B7
mem[X,0x8002B6D2] -> 0x0000
[3916] [M]: 0x8002B6D0 (0x0000B5B7) lui a1, 11
x11 <- 0x0000B000


mem[X,0x8002B6D4] -> 0x8593
mem[X,0x8002B6D6] -> 0x5035
[3917] [M]: 0x8002B6D4 (0x50358593) addi a1, a1, 1283
x11 <- 0x0000B503


mem[X,0x8002B6D8] -> 0x0613
mem[X,0x8002B6DA] -> 0x0000
[3918] [M]: 0x8002B6D8 (0x00000613) addi a2, zero, 0
x12 <- 0x00000000


mem[X,0x8002B6DC] -> 0x006F
mem[X,0x8002B6DE] -> 0x0180
[3919] [M]: 0x8002B6DC (0x0180006F) jal zero, 24


mem[X,0x8002B6F4] -> 0x56E3
mem[X,0x8002B6F6] -> 0xFEB5
[3920] [M]: 0x8002B6F4 (0xFEB556E3) bge a0, a1, 8172


mem[X,0x8002B6F8] -> 0x0613
mem[X,0x8002B6FA] -> 0x0026
[3921] [M]: 0x8002B6F8 (0x00260613) addi a2, a2, 2
x12 <- 0x00000002


mem[X,0x8002B6FC] -> 0x006F
mem[X,0x8002B6FE] -> 0x00C0
[3922] [M]: 0x8002B6FC (0x00C0006F) jal zero, 12


mem[X,0x8002B708] -> 0x2623
mem[X,0x8002B70A] -> 0x62C2
[3923] [M]: 0x8002B708 (0x62C22623) sw a2, 1580(tp)
mem[0x8003B794] <- 0x00000002


mem[X,0x8002B70C] -> 0x5537
mem[X,0x8002B70E] -> 0xFFFF
[3924] [M]: 0x8002B70C (0xFFFF5537) lui a0, 1048565
x10 <- 0xFFFF5000


mem[X,0x8002B710] -> 0x0513
mem[X,0x8002B712] -> 0xAFD5
[3925] [M]: 0x8002B710 (0xAFD50513) addi a0, a0, 2813
x10 <- 0xFFFF4AFD


mem[X,0x8002B714] -> 0x55B7
mem[X,0x8002B716] -> 0x5555
[3926] [M]: 0x8002B714 (0x555555B7) lui a1, 349525
x11 <- 0x55555000


mem[X,0x8002B718] -> 0x8593
mem[X,0x8002B71A] -> 0x5565
[3927] [M]: 0x8002B718 (0x55658593) addi a1, a1, 1366
x11 <- 0x55555556


mem[X,0x8002B71C] -> 0x0613
mem[X,0x8002B71E] -> 0x0000
[3928] [M]: 0x8002B71C (0x00000613) addi a2, zero, 0
x12 <- 0x00000000


mem[X,0x8002B720] -> 0x006F
mem[X,0x8002B722] -> 0x00C0
[3929] [M]: 0x8002B720 (0x00C0006F) jal zero, 12


mem[X,0x8002B72C] -> 0x5663
mem[X,0x8002B72E] -> 0x00B5
[3930] [M]: 0x8002B72C (0x00B55663) bge a0, a1, 12


mem[X,0x8002B730] -> 0x0613
mem[X,0x8002B732] -> 0x0026
[3931] [M]: 0x8002B730 (0x00260613) addi a2, a2, 2
x12 <- 0x00000002


mem[X,0x8002B734] -> 0x006F
mem[X,0x8002B736] -> 0x00C0
[3932] [M]: 0x8002B734 (0x00C0006F) jal zero, 12


mem[X,0x8002B740] -> 0x2823
mem[X,0x8002B742] -> 0x62C2
[3933] [M]: 0x8002B740 (0x62C22823) sw a2, 1584(tp)
mem[0x8003B798] <- 0x00000002


mem[X,0x8002B744] -> 0x5537
mem[X,0x8002B746] -> 0xFFFF
[3934] [M]: 0x8002B744 (0xFFFF5537) lui a0, 1048565
x10 <- 0xFFFF5000


mem[X,0x8002B748] -> 0x0513
mem[X,0x8002B74A] -> 0xAFD5
[3935] [M]: 0x8002B748 (0xAFD50513) addi a0, a0, 2813
x10 <- 0xFFFF4AFD


mem[X,0x8002B74C] -> 0xB5B7
mem[X,0x8002B74E] -> 0xAAAA
[3936] [M]: 0x8002B74C (0xAAAAB5B7) lui a1, 699051
x11 <- 0xAAAAB000


mem[X,0x8002B750] -> 0x8593
mem[X,0x8002B752] -> 0xAAB5
[3937] [M]: 0x8002B750 (0xAAB58593) addi a1, a1, 2731
x11 <- 0xAAAAAAAB


mem[X,0x8002B754] -> 0x0613
mem[X,0x8002B756] -> 0x0000
[3938] [M]: 0x8002B754 (0x00000613) addi a2, zero, 0
x12 <- 0x00000000


mem[X,0x8002B758] -> 0x006F
mem[X,0x8002B75A] -> 0x00C0
[3939] [M]: 0x8002B758 (0x00C0006F) jal zero, 12


mem[X,0x8002B764] -> 0x5CE3
mem[X,0x8002B766] -> 0xFEB5
[3940] [M]: 0x8002B764 (0xFEB55CE3) bge a0, a1, 8184


mem[X,0x8002B75C] -> 0x0613
mem[X,0x8002B75E] -> 0x0016
[3941] [M]: 0x8002B75C (0x00160613) addi a2, a2, 1
x12 <- 0x00000001


mem[X,0x8002B760] -> 0x006F
mem[X,0x8002B762] -> 0x0180
[3942] [M]: 0x8002B760 (0x0180006F) jal zero, 24


mem[X,0x8002B778] -> 0x2A23
mem[X,0x8002B77A] -> 0x62C2
[3943] [M]: 0x8002B778 (0x62C22A23) sw a2, 1588(tp)
mem[0x8003B79C] <- 0x00000001


mem[X,0x8002B77C] -> 0x5537
mem[X,0x8002B77E] -> 0xFFFF
[3944] [M]: 0x8002B77C (0xFFFF5537) lui a0, 1048565
x10 <- 0xFFFF5000


mem[X,0x8002B780] -> 0x0513
mem[X,0x8002B782] -> 0xAFD5
[3945] [M]: 0x8002B780 (0xAFD50513) addi a0, a0, 2813
x10 <- 0xFFFF4AFD


mem[X,0x8002B784] -> 0x0593
mem[X,0x8002B786] -> 0x0060
[3946] [M]: 0x8002B784 (0x00600593) addi a1, zero, 6
x11 <- 0x00000006


mem[X,0x8002B788] -> 0x0613
mem[X,0x8002B78A] -> 0x0000
[3947] [M]: 0x8002B788 (0x00000613) addi a2, zero, 0
x12 <- 0x00000000


mem[X,0x8002B78C] -> 0x006F
mem[X,0x8002B78E] -> 0x0180
[3948] [M]: 0x8002B78C (0x0180006F) jal zero, 24


mem[X,0x8002B7A4] -> 0x56E3
mem[X,0x8002B7A6] -> 0xFEB5
[3949] [M]: 0x8002B7A4 (0xFEB556E3) bge a0, a1, 8172


mem[X,0x8002B7A8] -> 0x0613
mem[X,0x8002B7AA] -> 0x0026
[3950] [M]: 0x8002B7A8 (0x00260613) addi a2, a2, 2
x12 <- 0x00000002


mem[X,0x8002B7AC] -> 0x006F
mem[X,0x8002B7AE] -> 0x00C0
[3951] [M]: 0x8002B7AC (0x00C0006F) jal zero, 12


mem[X,0x8002B7B8] -> 0x2C23
mem[X,0x8002B7BA] -> 0x62C2
[3952] [M]: 0x8002B7B8 (0x62C22C23) sw a2, 1592(tp)
mem[0x8003B7A0] <- 0x00000002


mem[X,0x8002B7BC] -> 0x5537
mem[X,0x8002B7BE] -> 0xFFFF
[3953] [M]: 0x8002B7BC (0xFFFF5537) lui a0, 1048565
x10 <- 0xFFFF5000


mem[X,0x8002B7C0] -> 0x0513
mem[X,0x8002B7C2] -> 0xAFD5
[3954] [M]: 0x8002B7C0 (0xAFD50513) addi a0, a0, 2813
x10 <- 0xFFFF4AFD


mem[X,0x8002B7C4] -> 0x35B7
mem[X,0x8002B7C6] -> 0x3333
[3955] [M]: 0x8002B7C4 (0x333335B7) lui a1, 209715
x11 <- 0x33333000


mem[X,0x8002B7C8] -> 0x8593
mem[X,0x8002B7CA] -> 0x3345
[3956] [M]: 0x8002B7C8 (0x33458593) addi a1, a1, 820
x11 <- 0x33333334


mem[X,0x8002B7CC] -> 0x0613
mem[X,0x8002B7CE] -> 0x0000
[3957] [M]: 0x8002B7CC (0x00000613) addi a2, zero, 0
x12 <- 0x00000000


mem[X,0x8002B7D0] -> 0x006F
mem[X,0x8002B7D2] -> 0x00C0
[3958] [M]: 0x8002B7D0 (0x00C0006F) jal zero, 12


mem[X,0x8002B7DC] -> 0x5863
mem[X,0x8002B7DE] -> 0x00B5
[3959] [M]: 0x8002B7DC (0x00B55863) bge a0, a1, 16


mem[X,0x8002B7E0] -> 0x0613
mem[X,0x8002B7E2] -> 0x0026
[3960] [M]: 0x8002B7E0 (0x00260613) addi a2, a2, 2
x12 <- 0x00000002


mem[X,0x8002B7E4] -> 0x006F
mem[X,0x8002B7E6] -> 0x0100
[3961] [M]: 0x8002B7E4 (0x0100006F) jal zero, 16


mem[X,0x8002B7F4] -> 0x2E23
mem[X,0x8002B7F6] -> 0x62C2
[3962] [M]: 0x8002B7F4 (0x62C22E23) sw a2, 1596(tp)
mem[0x8003B7A4] <- 0x00000002


mem[X,0x8002B7F8] -> 0x5537
mem[X,0x8002B7FA] -> 0xFFFF
[3963] [M]: 0x8002B7F8 (0xFFFF5537) lui a0, 1048565
x10 <- 0xFFFF5000


mem[X,0x8002B7FC] -> 0x0513
mem[X,0x8002B7FE] -> 0xAFD5
[3964] [M]: 0x8002B7FC (0xAFD50513) addi a0, a0, 2813
x10 <- 0xFFFF4AFD


mem[X,0x8002B800] -> 0x65B7
mem[X,0x8002B802] -> 0x6666
[3965] [M]: 0x8002B800 (0x666665B7) lui a1, 419430
x11 <- 0x66666000


mem[X,0x8002B804] -> 0x8593
mem[X,0x8002B806] -> 0x6675
[3966] [M]: 0x8002B804 (0x66758593) addi a1, a1, 1639
x11 <- 0x66666667


mem[X,0x8002B808] -> 0x0613
mem[X,0x8002B80A] -> 0x0000
[3967] [M]: 0x8002B808 (0x00000613) addi a2, zero, 0
x12 <- 0x00000000


mem[X,0x8002B80C] -> 0x006F
mem[X,0x8002B80E] -> 0x00C0
[3968] [M]: 0x8002B80C (0x00C0006F) jal zero, 12


mem[X,0x8002B818] -> 0x5663
mem[X,0x8002B81A] -> 0x00B5
[3969] [M]: 0x8002B818 (0x00B55663) bge a0, a1, 12


mem[X,0x8002B81C] -> 0x0613
mem[X,0x8002B81E] -> 0x0026
[3970] [M]: 0x8002B81C (0x00260613) addi a2, a2, 2
x12 <- 0x00000002


mem[X,0x8002B820] -> 0x006F
mem[X,0x8002B822] -> 0x00C0
[3971] [M]: 0x8002B820 (0x00C0006F) jal zero, 12


mem[X,0x8002B82C] -> 0x2023
mem[X,0x8002B82E] -> 0x64C2
[3972] [M]: 0x8002B82C (0x64C22023) sw a2, 1600(tp)
mem[0x8003B7A8] <- 0x00000002


mem[X,0x8002B830] -> 0x5537
mem[X,0x8002B832] -> 0xFFFF
[3973] [M]: 0x8002B830 (0xFFFF5537) lui a0, 1048565
x10 <- 0xFFFF5000


mem[X,0x8002B834] -> 0x0513
mem[X,0x8002B836] -> 0xAFD5
[3974] [M]: 0x8002B834 (0xAFD50513) addi a0, a0, 2813
x10 <- 0xFFFF4AFD


mem[X,0x8002B838] -> 0x55B7
mem[X,0x8002B83A] -> 0xFFFF
[3975] [M]: 0x8002B838 (0xFFFF55B7) lui a1, 1048565
x11 <- 0xFFFF5000


mem[X,0x8002B83C] -> 0x8593
mem[X,0x8002B83E] -> 0xAFD5
[3976] [M]: 0x8002B83C (0xAFD58593) addi a1, a1, 2813
x11 <- 0xFFFF4AFD


mem[X,0x8002B840] -> 0x0613
mem[X,0x8002B842] -> 0x0000
[3977] [M]: 0x8002B840 (0x00000613) addi a2, zero, 0
x12 <- 0x00000000


mem[X,0x8002B844] -> 0x006F
mem[X,0x8002B846] -> 0x00C0
[3978] [M]: 0x8002B844 (0x00C0006F) jal zero, 12


mem[X,0x8002B850] -> 0x5663
mem[X,0x8002B852] -> 0x00B5
[3979] [M]: 0x8002B850 (0x00B55663) bge a0, a1, 12


mem[X,0x8002B85C] -> 0x0613
mem[X,0x8002B85E] -> 0x0036
[3980] [M]: 0x8002B85C (0x00360613) addi a2, a2, 3
x12 <- 0x00000003


mem[X,0x8002B860] -> 0x006F
mem[X,0x8002B862] -> 0x0040
[3981] [M]: 0x8002B860 (0x0040006F) jal zero, 4


mem[X,0x8002B864] -> 0x2223
mem[X,0x8002B866] -> 0x64C2
[3982] [M]: 0x8002B864 (0x64C22223) sw a2, 1604(tp)
mem[0x8003B7AC] <- 0x00000003


mem[X,0x8002B868] -> 0x5537
mem[X,0x8002B86A] -> 0xFFFF
[3983] [M]: 0x8002B868 (0xFFFF5537) lui a0, 1048565
x10 <- 0xFFFF5000


mem[X,0x8002B86C] -> 0x0513
mem[X,0x8002B86E] -> 0xAFD5
[3984] [M]: 0x8002B86C (0xAFD50513) addi a0, a0, 2813
x10 <- 0xFFFF4AFD


mem[X,0x8002B870] -> 0xB5B7
mem[X,0x8002B872] -> 0x0000
[3985] [M]: 0x8002B870 (0x0000B5B7) lui a1, 11
x11 <- 0x0000B000


mem[X,0x8002B874] -> 0x8593
mem[X,0x8002B876] -> 0x5055
[3986] [M]: 0x8002B874 (0x50558593) addi a1, a1, 1285
x11 <- 0x0000B505


mem[X,0x8002B878] -> 0x0613
mem[X,0x8002B87A] -> 0x0000
[3987] [M]: 0x8002B878 (0x00000613) addi a2, zero, 0
x12 <- 0x00000000


mem[X,0x8002B87C] -> 0x006F
mem[X,0x8002B87E] -> 0x0050
[3988] [M]: 0x8002B87C (0x0050006F) jal zero, 2052


mem[X,0x8002C080] -> 0x50E3
mem[X,0x8002C082] -> 0x80B5
[3989] [M]: 0x8002C080 (0x80B550E3) bge a0, a1, 6144


mem[X,0x8002C084] -> 0x0613
mem[X,0x8002C086] -> 0x0026
[3990] [M]: 0x8002C084 (0x00260613) addi a2, a2, 2
x12 <- 0x00000002


mem[X,0x8002C088] -> 0x006F
mem[X,0x8002C08A] -> 0x00C0
[3991] [M]: 0x8002C088 (0x00C0006F) jal zero, 12


mem[X,0x8002C094] -> 0x2423
mem[X,0x8002C096] -> 0x64C2
[3992] [M]: 0x8002C094 (0x64C22423) sw a2, 1608(tp)
mem[0x8003B7B0] <- 0x00000002


mem[X,0x8002C098] -> 0xB537
mem[X,0x8002C09A] -> 0x0000
[3993] [M]: 0x8002C098 (0x0000B537) lui a0, 11
x10 <- 0x0000B000


mem[X,0x8002C09C] -> 0x0513
mem[X,0x8002C09E] -> 0x5055
[3994] [M]: 0x8002C09C (0x50550513) addi a0, a0, 1285
x10 <- 0x0000B505


mem[X,0x8002C0A0] -> 0x0593
mem[X,0x8002C0A2] -> 0x0030
[3995] [M]: 0x8002C0A0 (0x00300593) addi a1, zero, 3
x11 <- 0x00000003


mem[X,0x8002C0A4] -> 0x0613
mem[X,0x8002C0A6] -> 0x0000
[3996] [M]: 0x8002C0A4 (0x00000613) addi a2, zero, 0
x12 <- 0x00000000


mem[X,0x8002C0A8] -> 0x006F
mem[X,0x8002C0AA] -> 0x00C0
[3997] [M]: 0x8002C0A8 (0x00C0006F) jal zero, 12


mem[X,0x8002C0B4] -> 0x5663
mem[X,0x8002C0B6] -> 0x00B5
[3998] [M]: 0x8002C0B4 (0x00B55663) bge a0, a1, 12


mem[X,0x8002C0C0] -> 0x0613
mem[X,0x8002C0C2] -> 0x0036
[3999] [M]: 0x8002C0C0 (0x00360613) addi a2, a2, 3
x12 <- 0x00000003


clint::tick mtime <- 0x0000000000000028
 clint timer pending at mtime 0x0000000000000028
htif::tick 0x0000000000000000
mem[X,0x8002C0C4] -> 0x006F
mem[X,0x8002C0C6] -> 0x0040
[4000] [M]: 0x8002C0C4 (0x0040006F) jal zero, 4


mem[X,0x8002C0C8] -> 0x2623
mem[X,0x8002C0CA] -> 0x64C2
[4001] [M]: 0x8002C0C8 (0x64C22623) sw a2, 1612(tp)
mem[0x8003B7B4] <- 0x00000003


mem[X,0x8002C0CC] -> 0xB537
mem[X,0x8002C0CE] -> 0x0000
[4002] [M]: 0x8002C0CC (0x0000B537) lui a0, 11
x10 <- 0x0000B000


mem[X,0x8002C0D0] -> 0x0513
mem[X,0x8002C0D2] -> 0x5055
[4003] [M]: 0x8002C0D0 (0x50550513) addi a0, a0, 1285
x10 <- 0x0000B505


mem[X,0x8002C0D4] -> 0x55B7
mem[X,0x8002C0D6] -> 0x5555
[4004] [M]: 0x8002C0D4 (0x555555B7) lui a1, 349525
x11 <- 0x55555000


mem[X,0x8002C0D8] -> 0x8593
mem[X,0x8002C0DA] -> 0x5555
[4005] [M]: 0x8002C0D8 (0x55558593) addi a1, a1, 1365
x11 <- 0x55555555


mem[X,0x8002C0DC] -> 0x0613
mem[X,0x8002C0DE] -> 0x0000
[4006] [M]: 0x8002C0DC (0x00000613) addi a2, zero, 0
x12 <- 0x00000000


mem[X,0x8002C0E0] -> 0x006F
mem[X,0x8002C0E2] -> 0x00C0
[4007] [M]: 0x8002C0E0 (0x00C0006F) jal zero, 12


mem[X,0x8002C0EC] -> 0x5063
mem[X,0x8002C0EE] -> 0x02B5
[4008] [M]: 0x8002C0EC (0x02B55063) bge a0, a1, 32


mem[X,0x8002C0F0] -> 0x0613
mem[X,0x8002C0F2] -> 0x0026
[4009] [M]: 0x8002C0F0 (0x00260613) addi a2, a2, 2
x12 <- 0x00000002


mem[X,0x8002C0F4] -> 0x006F
mem[X,0x8002C0F6] -> 0x0200
[4010] [M]: 0x8002C0F4 (0x0200006F) jal zero, 32


mem[X,0x8002C114] -> 0x2823
mem[X,0x8002C116] -> 0x64C2
[4011] [M]: 0x8002C114 (0x64C22823) sw a2, 1616(tp)
mem[0x8003B7B8] <- 0x00000002


mem[X,0x8002C118] -> 0xB537
mem[X,0x8002C11A] -> 0x0000
[4012] [M]: 0x8002C118 (0x0000B537) lui a0, 11
x10 <- 0x0000B000


mem[X,0x8002C11C] -> 0x0513
mem[X,0x8002C11E] -> 0x5055
[4013] [M]: 0x8002C11C (0x50550513) addi a0, a0, 1285
x10 <- 0x0000B505


mem[X,0x8002C120] -> 0xB5B7
mem[X,0x8002C122] -> 0xAAAA
[4014] [M]: 0x8002C120 (0xAAAAB5B7) lui a1, 699051
x11 <- 0xAAAAB000


mem[X,0x8002C124] -> 0x8593
mem[X,0x8002C126] -> 0xAAA5
[4015] [M]: 0x8002C124 (0xAAA58593) addi a1, a1, 2730
x11 <- 0xAAAAAAAA


mem[X,0x8002C128] -> 0x0613
mem[X,0x8002C12A] -> 0x0000
[4016] [M]: 0x8002C128 (0x00000613) addi a2, zero, 0
x12 <- 0x00000000


mem[X,0x8002C12C] -> 0x006F
mem[X,0x8002C12E] -> 0x00C0
[4017] [M]: 0x8002C12C (0x00C0006F) jal zero, 12


mem[X,0x8002C138] -> 0x5063
mem[X,0x8002C13A] -> 0x08B5
[4018] [M]: 0x8002C138 (0x08B55063) bge a0, a1, 128


mem[X,0x8002C1B8] -> 0x0613
mem[X,0x8002C1BA] -> 0x0036
[4019] [M]: 0x8002C1B8 (0x00360613) addi a2, a2, 3
x12 <- 0x00000003


mem[X,0x8002C1BC] -> 0x006F
mem[X,0x8002C1BE] -> 0x0040
[4020] [M]: 0x8002C1BC (0x0040006F) jal zero, 4


mem[X,0x8002C1C0] -> 0x2A23
mem[X,0x8002C1C2] -> 0x64C2
[4021] [M]: 0x8002C1C0 (0x64C22A23) sw a2, 1620(tp)
mem[0x8003B7BC] <- 0x00000003


mem[X,0x8002C1C4] -> 0xB537
mem[X,0x8002C1C6] -> 0x0000
[4022] [M]: 0x8002C1C4 (0x0000B537) lui a0, 11
x10 <- 0x0000B000


mem[X,0x8002C1C8] -> 0x0513
mem[X,0x8002C1CA] -> 0x5055
[4023] [M]: 0x8002C1C8 (0x50550513) addi a0, a0, 1285
x10 <- 0x0000B505


mem[X,0x8002C1CC] -> 0x0593
mem[X,0x8002C1CE] -> 0x0050
[4024] [M]: 0x8002C1CC (0x00500593) addi a1, zero, 5
x11 <- 0x00000005


mem[X,0x8002C1D0] -> 0x0613
mem[X,0x8002C1D2] -> 0x0000
[4025] [M]: 0x8002C1D0 (0x00000613) addi a2, zero, 0
x12 <- 0x00000000


mem[X,0x8002C1D4] -> 0x006F
mem[X,0x8002C1D6] -> 0x00C0
[4026] [M]: 0x8002C1D4 (0x00C0006F) jal zero, 12


mem[X,0x8002C1E0] -> 0x5663
mem[X,0x8002C1E2] -> 0x00B5
[4027] [M]: 0x8002C1E0 (0x00B55663) bge a0, a1, 12


mem[X,0x8002C1EC] -> 0x0613
mem[X,0x8002C1EE] -> 0x0036
[4028] [M]: 0x8002C1EC (0x00360613) addi a2, a2, 3
x12 <- 0x00000003


mem[X,0x8002C1F0] -> 0x006F
mem[X,0x8002C1F2] -> 0x0040
[4029] [M]: 0x8002C1F0 (0x0040006F) jal zero, 4


mem[X,0x8002C1F4] -> 0x2C23
mem[X,0x8002C1F6] -> 0x64C2
[4030] [M]: 0x8002C1F4 (0x64C22C23) sw a2, 1624(tp)
mem[0x8003B7C0] <- 0x00000003


mem[X,0x8002C1F8] -> 0xB537
mem[X,0x8002C1FA] -> 0x0000
[4031] [M]: 0x8002C1F8 (0x0000B537) lui a0, 11
x10 <- 0x0000B000


mem[X,0x8002C1FC] -> 0x0513
mem[X,0x8002C1FE] -> 0x5055
[4032] [M]: 0x8002C1FC (0x50550513) addi a0, a0, 1285
x10 <- 0x0000B505


mem[X,0x8002C200] -> 0x35B7
mem[X,0x8002C202] -> 0x3333
[4033] [M]: 0x8002C200 (0x333335B7) lui a1, 209715
x11 <- 0x33333000


mem[X,0x8002C204] -> 0x8593
mem[X,0x8002C206] -> 0x3335
[4034] [M]: 0x8002C204 (0x33358593) addi a1, a1, 819
x11 <- 0x33333333


mem[X,0x8002C208] -> 0x0613
mem[X,0x8002C20A] -> 0x0000
[4035] [M]: 0x8002C208 (0x00000613) addi a2, zero, 0
x12 <- 0x00000000


mem[X,0x8002C20C] -> 0x006F
mem[X,0x8002C20E] -> 0x0180
[4036] [M]: 0x8002C20C (0x0180006F) jal zero, 24


mem[X,0x8002C224] -> 0x56E3
mem[X,0x8002C226] -> 0xFEB5
[4037] [M]: 0x8002C224 (0xFEB556E3) bge a0, a1, 8172


mem[X,0x8002C228] -> 0x0613
mem[X,0x8002C22A] -> 0x0026
[4038] [M]: 0x8002C228 (0x00260613) addi a2, a2, 2
x12 <- 0x00000002


mem[X,0x8002C22C] -> 0x006F
mem[X,0x8002C22E] -> 0x00C0
[4039] [M]: 0x8002C22C (0x00C0006F) jal zero, 12


mem[X,0x8002C238] -> 0x2E23
mem[X,0x8002C23A] -> 0x64C2
[4040] [M]: 0x8002C238 (0x64C22E23) sw a2, 1628(tp)
mem[0x8003B7C4] <- 0x00000002


mem[X,0x8002C23C] -> 0xB537
mem[X,0x8002C23E] -> 0x0000
[4041] [M]: 0x8002C23C (0x0000B537) lui a0, 11
x10 <- 0x0000B000


mem[X,0x8002C240] -> 0x0513
mem[X,0x8002C242] -> 0x5055
[4042] [M]: 0x8002C240 (0x50550513) addi a0, a0, 1285
x10 <- 0x0000B505


mem[X,0x8002C244] -> 0x65B7
mem[X,0x8002C246] -> 0x6666
[4043] [M]: 0x8002C244 (0x666665B7) lui a1, 419430
x11 <- 0x66666000


mem[X,0x8002C248] -> 0x8593
mem[X,0x8002C24A] -> 0x6665
[4044] [M]: 0x8002C248 (0x66658593) addi a1, a1, 1638
x11 <- 0x66666666


mem[X,0x8002C24C] -> 0x0613
mem[X,0x8002C24E] -> 0x0000
[4045] [M]: 0x8002C24C (0x00000613) addi a2, zero, 0
x12 <- 0x00000000


mem[X,0x8002C250] -> 0x006F
mem[X,0x8002C252] -> 0x00C0
[4046] [M]: 0x8002C250 (0x00C0006F) jal zero, 12


mem[X,0x8002C25C] -> 0x5CE3
mem[X,0x8002C25E] -> 0xFEB5
[4047] [M]: 0x8002C25C (0xFEB55CE3) bge a0, a1, 8184


mem[X,0x8002C260] -> 0x0613
mem[X,0x8002C262] -> 0x0026
[4048] [M]: 0x8002C260 (0x00260613) addi a2, a2, 2
x12 <- 0x00000002


mem[X,0x8002C264] -> 0x006F
mem[X,0x8002C266] -> 0x00C0
[4049] [M]: 0x8002C264 (0x00C0006F) jal zero, 12


mem[X,0x8002C270] -> 0x2023
mem[X,0x8002C272] -> 0x66C2
[4050] [M]: 0x8002C270 (0x66C22023) sw a2, 1632(tp)
mem[0x8003B7C8] <- 0x00000002


mem[X,0x8002C274] -> 0xB537
mem[X,0x8002C276] -> 0x0000
[4051] [M]: 0x8002C274 (0x0000B537) lui a0, 11
x10 <- 0x0000B000


mem[X,0x8002C278] -> 0x0513
mem[X,0x8002C27A] -> 0x5055
[4052] [M]: 0x8002C278 (0x50550513) addi a0, a0, 1285
x10 <- 0x0000B505


mem[X,0x8002C27C] -> 0x55B7
mem[X,0x8002C27E] -> 0xFFFF
[4053] [M]: 0x8002C27C (0xFFFF55B7) lui a1, 1048565
x11 <- 0xFFFF5000


mem[X,0x8002C280] -> 0x8593
mem[X,0x8002C282] -> 0xAFC5
[4054] [M]: 0x8002C280 (0xAFC58593) addi a1, a1, 2812
x11 <- 0xFFFF4AFC


mem[X,0x8002C284] -> 0x0613
mem[X,0x8002C286] -> 0x0000
[4055] [M]: 0x8002C284 (0x00000613) addi a2, zero, 0
x12 <- 0x00000000


mem[X,0x8002C288] -> 0x006F
mem[X,0x8002C28A] -> 0x00C0
[4056] [M]: 0x8002C288 (0x00C0006F) jal zero, 12


mem[X,0x8002C294] -> 0x5CE3
mem[X,0x8002C296] -> 0xFEB5
[4057] [M]: 0x8002C294 (0xFEB55CE3) bge a0, a1, 8184


mem[X,0x8002C28C] -> 0x0613
mem[X,0x8002C28E] -> 0x0016
[4058] [M]: 0x8002C28C (0x00160613) addi a2, a2, 1
x12 <- 0x00000001


mem[X,0x8002C290] -> 0x006F
mem[X,0x8002C292] -> 0x0180
[4059] [M]: 0x8002C290 (0x0180006F) jal zero, 24


mem[X,0x8002C2A8] -> 0x2223
mem[X,0x8002C2AA] -> 0x66C2
[4060] [M]: 0x8002C2A8 (0x66C22223) sw a2, 1636(tp)
mem[0x8003B7CC] <- 0x00000001


mem[X,0x8002C2AC] -> 0xB537
mem[X,0x8002C2AE] -> 0x0000
[4061] [M]: 0x8002C2AC (0x0000B537) lui a0, 11
x10 <- 0x0000B000


mem[X,0x8002C2B0] -> 0x0513
mem[X,0x8002C2B2] -> 0x5055
[4062] [M]: 0x8002C2B0 (0x50550513) addi a0, a0, 1285
x10 <- 0x0000B505


mem[X,0x8002C2B4] -> 0xB5B7
mem[X,0x8002C2B6] -> 0x0000
[4063] [M]: 0x8002C2B4 (0x0000B5B7) lui a1, 11
x11 <- 0x0000B000


mem[X,0x8002C2B8] -> 0x8593
mem[X,0x8002C2BA] -> 0x5045
[4064] [M]: 0x8002C2B8 (0x50458593) addi a1, a1, 1284
x11 <- 0x0000B504


mem[X,0x8002C2BC] -> 0x0613
mem[X,0x8002C2BE] -> 0x0000
[4065] [M]: 0x8002C2BC (0x00000613) addi a2, zero, 0
x12 <- 0x00000000


mem[X,0x8002C2C0] -> 0x006F
mem[X,0x8002C2C2] -> 0x00C0
[4066] [M]: 0x8002C2C0 (0x00C0006F) jal zero, 12


mem[X,0x8002C2CC] -> 0x5863
mem[X,0x8002C2CE] -> 0x00B5
[4067] [M]: 0x8002C2CC (0x00B55863) bge a0, a1, 16


mem[X,0x8002C2DC] -> 0x0613
mem[X,0x8002C2DE] -> 0x0036
[4068] [M]: 0x8002C2DC (0x00360613) addi a2, a2, 3
x12 <- 0x00000003


mem[X,0x8002C2E0] -> 0x006F
mem[X,0x8002C2E2] -> 0x0040
[4069] [M]: 0x8002C2E0 (0x0040006F) jal zero, 4


mem[X,0x8002C2E4] -> 0x2423
mem[X,0x8002C2E6] -> 0x66C2
[4070] [M]: 0x8002C2E4 (0x66C22423) sw a2, 1640(tp)
mem[0x8003B7D0] <- 0x00000003


mem[X,0x8002C2E8] -> 0xB537
mem[X,0x8002C2EA] -> 0x0000
[4071] [M]: 0x8002C2E8 (0x0000B537) lui a0, 11
x10 <- 0x0000B000


mem[X,0x8002C2EC] -> 0x0513
mem[X,0x8002C2EE] -> 0x5055
[4072] [M]: 0x8002C2EC (0x50550513) addi a0, a0, 1285
x10 <- 0x0000B505


mem[X,0x8002C2F0] -> 0x0593
mem[X,0x8002C2F2] -> 0x0020
[4073] [M]: 0x8002C2F0 (0x00200593) addi a1, zero, 2
x11 <- 0x00000002


mem[X,0x8002C2F4] -> 0x0613
mem[X,0x8002C2F6] -> 0x0000
[4074] [M]: 0x8002C2F4 (0x00000613) addi a2, zero, 0
x12 <- 0x00000000


mem[X,0x8002C2F8] -> 0x006F
mem[X,0x8002C2FA] -> 0x0180
[4075] [M]: 0x8002C2F8 (0x0180006F) jal zero, 24


mem[X,0x8002C310] -> 0x56E3
mem[X,0x8002C312] -> 0xFEB5
[4076] [M]: 0x8002C310 (0xFEB556E3) bge a0, a1, 8172


mem[X,0x8002C2FC] -> 0x0613
mem[X,0x8002C2FE] -> 0x0016
[4077] [M]: 0x8002C2FC (0x00160613) addi a2, a2, 1
x12 <- 0x00000001


mem[X,0x8002C300] -> 0x006F
mem[X,0x8002C302] -> 0x0240
[4078] [M]: 0x8002C300 (0x0240006F) jal zero, 36


mem[X,0x8002C324] -> 0x2623
mem[X,0x8002C326] -> 0x66C2
[4079] [M]: 0x8002C324 (0x66C22623) sw a2, 1644(tp)
mem[0x8003B7D4] <- 0x00000001


mem[X,0x8002C328] -> 0xB537
mem[X,0x8002C32A] -> 0x0000
[4080] [M]: 0x8002C328 (0x0000B537) lui a0, 11
x10 <- 0x0000B000


mem[X,0x8002C32C] -> 0x0513
mem[X,0x8002C32E] -> 0x5055
[4081] [M]: 0x8002C32C (0x50550513) addi a0, a0, 1285
x10 <- 0x0000B505


mem[X,0x8002C330] -> 0x55B7
mem[X,0x8002C332] -> 0x5555
[4082] [M]: 0x8002C330 (0x555555B7) lui a1, 349525
x11 <- 0x55555000


mem[X,0x8002C334] -> 0x8593
mem[X,0x8002C336] -> 0x5545
[4083] [M]: 0x8002C334 (0x55458593) addi a1, a1, 1364
x11 <- 0x55555554


mem[X,0x8002C338] -> 0x0613
mem[X,0x8002C33A] -> 0x0000
[4084] [M]: 0x8002C338 (0x00000613) addi a2, zero, 0
x12 <- 0x00000000


mem[X,0x8002C33C] -> 0x006F
mem[X,0x8002C33E] -> 0x00C0
[4085] [M]: 0x8002C33C (0x00C0006F) jal zero, 12


mem[X,0x8002C348] -> 0x5663
mem[X,0x8002C34A] -> 0x00B5
[4086] [M]: 0x8002C348 (0x00B55663) bge a0, a1, 12


mem[X,0x8002C34C] -> 0x0613
mem[X,0x8002C34E] -> 0x0026
[4087] [M]: 0x8002C34C (0x00260613) addi a2, a2, 2
x12 <- 0x00000002


mem[X,0x8002C350] -> 0x006F
mem[X,0x8002C352] -> 0x00C0
[4088] [M]: 0x8002C350 (0x00C0006F) jal zero, 12


mem[X,0x8002C35C] -> 0x2823
mem[X,0x8002C35E] -> 0x66C2
[4089] [M]: 0x8002C35C (0x66C22823) sw a2, 1648(tp)
mem[0x8003B7D8] <- 0x00000002


mem[X,0x8002C360] -> 0xB537
mem[X,0x8002C362] -> 0x0000
[4090] [M]: 0x8002C360 (0x0000B537) lui a0, 11
x10 <- 0x0000B000


mem[X,0x8002C364] -> 0x0513
mem[X,0x8002C366] -> 0x5055
[4091] [M]: 0x8002C364 (0x50550513) addi a0, a0, 1285
x10 <- 0x0000B505


mem[X,0x8002C368] -> 0x0593
mem[X,0x8002C36A] -> 0x0000
[4092] [M]: 0x8002C368 (0x00000593) addi a1, zero, 0
x11 <- 0x00000000


mem[X,0x8002C36C] -> 0x0613
mem[X,0x8002C36E] -> 0x0000
[4093] [M]: 0x8002C36C (0x00000613) addi a2, zero, 0
x12 <- 0x00000000


mem[X,0x8002C370] -> 0x006F
mem[X,0x8002C372] -> 0x00C0
[4094] [M]: 0x8002C370 (0x00C0006F) jal zero, 12


mem[X,0x8002C37C] -> 0x5663
mem[X,0x8002C37E] -> 0x00B5
[4095] [M]: 0x8002C37C (0x00B55663) bge a0, a1, 12


mem[X,0x8002C388] -> 0x0613
mem[X,0x8002C38A] -> 0x0036
[4096] [M]: 0x8002C388 (0x00360613) addi a2, a2, 3
x12 <- 0x00000003


mem[X,0x8002C38C] -> 0x006F
mem[X,0x8002C38E] -> 0x0040
[4097] [M]: 0x8002C38C (0x0040006F) jal zero, 4


mem[X,0x8002C390] -> 0x2A23
mem[X,0x8002C392] -> 0x66C2
[4098] [M]: 0x8002C390 (0x66C22A23) sw a2, 1652(tp)
mem[0x8003B7DC] <- 0x00000003


mem[X,0x8002C394] -> 0xB537
mem[X,0x8002C396] -> 0x0000
[4099] [M]: 0x8002C394 (0x0000B537) lui a0, 11
x10 <- 0x0000B000


clint::tick mtime <- 0x0000000000000029
 clint timer pending at mtime 0x0000000000000029
htif::tick 0x0000000000000000
mem[X,0x8002C398] -> 0x0513
mem[X,0x8002C39A] -> 0x5055
[4100] [M]: 0x8002C398 (0x50550513) addi a0, a0, 1285
x10 <- 0x0000B505


mem[X,0x8002C39C] -> 0x0593
mem[X,0x8002C39E] -> 0x0040
[4101] [M]: 0x8002C39C (0x00400593) addi a1, zero, 4
x11 <- 0x00000004


mem[X,0x8002C3A0] -> 0x0613
mem[X,0x8002C3A2] -> 0x0000
[4102] [M]: 0x8002C3A0 (0x00000613) addi a2, zero, 0
x12 <- 0x00000000


mem[X,0x8002C3A4] -> 0x006F
mem[X,0x8002C3A6] -> 0x0180
[4103] [M]: 0x8002C3A4 (0x0180006F) jal zero, 24


mem[X,0x8002C3BC] -> 0x56E3
mem[X,0x8002C3BE] -> 0xFEB5
[4104] [M]: 0x8002C3BC (0xFEB556E3) bge a0, a1, 8172


mem[X,0x8002C3A8] -> 0x0613
mem[X,0x8002C3AA] -> 0x0016
[4105] [M]: 0x8002C3A8 (0x00160613) addi a2, a2, 1
x12 <- 0x00000001


mem[X,0x8002C3AC] -> 0x006F
mem[X,0x8002C3AE] -> 0x0240
[4106] [M]: 0x8002C3AC (0x0240006F) jal zero, 36


mem[X,0x8002C3D0] -> 0x2C23
mem[X,0x8002C3D2] -> 0x66C2
[4107] [M]: 0x8002C3D0 (0x66C22C23) sw a2, 1656(tp)
mem[0x8003B7E0] <- 0x00000001


mem[X,0x8002C3D4] -> 0xB537
mem[X,0x8002C3D6] -> 0x0000
[4108] [M]: 0x8002C3D4 (0x0000B537) lui a0, 11
x10 <- 0x0000B000


mem[X,0x8002C3D8] -> 0x0513
mem[X,0x8002C3DA] -> 0x5055
[4109] [M]: 0x8002C3D8 (0x50550513) addi a0, a0, 1285
x10 <- 0x0000B505


mem[X,0x8002C3DC] -> 0x35B7
mem[X,0x8002C3DE] -> 0x3333
[4110] [M]: 0x8002C3DC (0x333335B7) lui a1, 209715
x11 <- 0x33333000


mem[X,0x8002C3E0] -> 0x8593
mem[X,0x8002C3E2] -> 0x3325
[4111] [M]: 0x8002C3E0 (0x33258593) addi a1, a1, 818
x11 <- 0x33333332


mem[X,0x8002C3E4] -> 0x0613
mem[X,0x8002C3E6] -> 0x0000
[4112] [M]: 0x8002C3E4 (0x00000613) addi a2, zero, 0
x12 <- 0x00000000


mem[X,0x8002C3E8] -> 0x006F
mem[X,0x8002C3EA] -> 0x00C0
[4113] [M]: 0x8002C3E8 (0x00C0006F) jal zero, 12


mem[X,0x8002C3F4] -> 0x5CE3
mem[X,0x8002C3F6] -> 0xFEB5
[4114] [M]: 0x8002C3F4 (0xFEB55CE3) bge a0, a1, 8184


mem[X,0x8002C3F8] -> 0x0613
mem[X,0x8002C3FA] -> 0x0026
[4115] [M]: 0x8002C3F8 (0x00260613) addi a2, a2, 2
x12 <- 0x00000002


mem[X,0x8002C3FC] -> 0x006F
mem[X,0x8002C3FE] -> 0x00C0
[4116] [M]: 0x8002C3FC (0x00C0006F) jal zero, 12


mem[X,0x8002C408] -> 0x2E23
mem[X,0x8002C40A] -> 0x66C2
[4117] [M]: 0x8002C408 (0x66C22E23) sw a2, 1660(tp)
mem[0x8003B7E4] <- 0x00000002


mem[X,0x8002C40C] -> 0xB537
mem[X,0x8002C40E] -> 0x0000
[4118] [M]: 0x8002C40C (0x0000B537) lui a0, 11
x10 <- 0x0000B000


mem[X,0x8002C410] -> 0x0513
mem[X,0x8002C412] -> 0x5055
[4119] [M]: 0x8002C410 (0x50550513) addi a0, a0, 1285
x10 <- 0x0000B505


mem[X,0x8002C414] -> 0x65B7
mem[X,0x8002C416] -> 0x6666
[4120] [M]: 0x8002C414 (0x666665B7) lui a1, 419430
x11 <- 0x66666000


mem[X,0x8002C418] -> 0x8593
mem[X,0x8002C41A] -> 0x6655
[4121] [M]: 0x8002C418 (0x66558593) addi a1, a1, 1637
x11 <- 0x66666665


mem[X,0x8002C41C] -> 0x0613
mem[X,0x8002C41E] -> 0x0000
[4122] [M]: 0x8002C41C (0x00000613) addi a2, zero, 0
x12 <- 0x00000000


mem[X,0x8002C420] -> 0x006F
mem[X,0x8002C422] -> 0x00C0
[4123] [M]: 0x8002C420 (0x00C0006F) jal zero, 12


mem[X,0x8002C42C] -> 0x5063
mem[X,0x8002C42E] -> 0x20B5
[4124] [M]: 0x8002C42C (0x20B55063) bge a0, a1, 512


mem[X,0x8002C430] -> 0x0613
mem[X,0x8002C432] -> 0x0026
[4125] [M]: 0x8002C430 (0x00260613) addi a2, a2, 2
x12 <- 0x00000002


mem[X,0x8002C434] -> 0x006F
mem[X,0x8002C436] -> 0x2000
[4126] [M]: 0x8002C434 (0x2000006F) jal zero, 512


mem[X,0x8002C634] -> 0x2023
mem[X,0x8002C636] -> 0x68C2
[4127] [M]: 0x8002C634 (0x68C22023) sw a2, 1664(tp)
mem[0x8003B7E8] <- 0x00000002


mem[X,0x8002C638] -> 0xB537
mem[X,0x8002C63A] -> 0x0000
[4128] [M]: 0x8002C638 (0x0000B537) lui a0, 11
x10 <- 0x0000B000


mem[X,0x8002C63C] -> 0x0513
mem[X,0x8002C63E] -> 0x5055
[4129] [M]: 0x8002C63C (0x50550513) addi a0, a0, 1285
x10 <- 0x0000B505


mem[X,0x8002C640] -> 0xB5B7
mem[X,0x8002C642] -> 0x0000
[4130] [M]: 0x8002C640 (0x0000B5B7) lui a1, 11
x11 <- 0x0000B000


mem[X,0x8002C644] -> 0x8593
mem[X,0x8002C646] -> 0x5035
[4131] [M]: 0x8002C644 (0x50358593) addi a1, a1, 1283
x11 <- 0x0000B503


mem[X,0x8002C648] -> 0x0613
mem[X,0x8002C64A] -> 0x0000
[4132] [M]: 0x8002C648 (0x00000613) addi a2, zero, 0
x12 <- 0x00000000


mem[X,0x8002C64C] -> 0x006F
mem[X,0x8002C64E] -> 0x00C0
[4133] [M]: 0x8002C64C (0x00C0006F) jal zero, 12


mem[X,0x8002C658] -> 0x5CE3
mem[X,0x8002C65A] -> 0xFEB5
[4134] [M]: 0x8002C658 (0xFEB55CE3) bge a0, a1, 8184


mem[X,0x8002C650] -> 0x0613
mem[X,0x8002C652] -> 0x0016
[4135] [M]: 0x8002C650 (0x00160613) addi a2, a2, 1
x12 <- 0x00000001


mem[X,0x8002C654] -> 0x006F
mem[X,0x8002C656] -> 0x0180
[4136] [M]: 0x8002C654 (0x0180006F) jal zero, 24


mem[X,0x8002C66C] -> 0x2223
mem[X,0x8002C66E] -> 0x68C2
[4137] [M]: 0x8002C66C (0x68C22223) sw a2, 1668(tp)
mem[0x8003B7EC] <- 0x00000001


mem[X,0x8002C670] -> 0xB537
mem[X,0x8002C672] -> 0x0000
[4138] [M]: 0x8002C670 (0x0000B537) lui a0, 11
x10 <- 0x0000B000


mem[X,0x8002C674] -> 0x0513
mem[X,0x8002C676] -> 0x5055
[4139] [M]: 0x8002C674 (0x50550513) addi a0, a0, 1285
x10 <- 0x0000B505


mem[X,0x8002C678] -> 0x55B7
mem[X,0x8002C67A] -> 0x5555
[4140] [M]: 0x8002C678 (0x555555B7) lui a1, 349525
x11 <- 0x55555000


mem[X,0x8002C67C] -> 0x8593
mem[X,0x8002C67E] -> 0x5565
[4141] [M]: 0x8002C67C (0x55658593) addi a1, a1, 1366
x11 <- 0x55555556


mem[X,0x8002C680] -> 0x0613
mem[X,0x8002C682] -> 0x0000
[4142] [M]: 0x8002C680 (0x00000613) addi a2, zero, 0
x12 <- 0x00000000


mem[X,0x8002C684] -> 0x006F
mem[X,0x8002C686] -> 0x0050
[4143] [M]: 0x8002C684 (0x0050006F) jal zero, 2052


mem[X,0x8002CE88] -> 0x50E3
mem[X,0x8002CE8A] -> 0x80B5
[4144] [M]: 0x8002CE88 (0x80B550E3) bge a0, a1, 6144


mem[X,0x8002CE8C] -> 0x0613
mem[X,0x8002CE8E] -> 0x0026
[4145] [M]: 0x8002CE8C (0x00260613) addi a2, a2, 2
x12 <- 0x00000002


mem[X,0x8002CE90] -> 0x006F
mem[X,0x8002CE92] -> 0x00C0
[4146] [M]: 0x8002CE90 (0x00C0006F) jal zero, 12


mem[X,0x8002CE9C] -> 0x2423
mem[X,0x8002CE9E] -> 0x68C2
[4147] [M]: 0x8002CE9C (0x68C22423) sw a2, 1672(tp)
mem[0x8003B7F0] <- 0x00000002


mem[X,0x8002CEA0] -> 0xB537
mem[X,0x8002CEA2] -> 0x0000
[4148] [M]: 0x8002CEA0 (0x0000B537) lui a0, 11
x10 <- 0x0000B000


mem[X,0x8002CEA4] -> 0x0513
mem[X,0x8002CEA6] -> 0x5055
[4149] [M]: 0x8002CEA4 (0x50550513) addi a0, a0, 1285
x10 <- 0x0000B505


mem[X,0x8002CEA8] -> 0xB5B7
mem[X,0x8002CEAA] -> 0xAAAA
[4150] [M]: 0x8002CEA8 (0xAAAAB5B7) lui a1, 699051
x11 <- 0xAAAAB000


mem[X,0x8002CEAC] -> 0x8593
mem[X,0x8002CEAE] -> 0xAAB5
[4151] [M]: 0x8002CEAC (0xAAB58593) addi a1, a1, 2731
x11 <- 0xAAAAAAAB


mem[X,0x8002CEB0] -> 0x0613
mem[X,0x8002CEB2] -> 0x0000
[4152] [M]: 0x8002CEB0 (0x00000613) addi a2, zero, 0
x12 <- 0x00000000


mem[X,0x8002CEB4] -> 0x006F
mem[X,0x8002CEB6] -> 0x00C0
[4153] [M]: 0x8002CEB4 (0x00C0006F) jal zero, 12


mem[X,0x8002CEC0] -> 0x5863
mem[X,0x8002CEC2] -> 0x00B5
[4154] [M]: 0x8002CEC0 (0x00B55863) bge a0, a1, 16


mem[X,0x8002CED0] -> 0x0613
mem[X,0x8002CED2] -> 0x0036
[4155] [M]: 0x8002CED0 (0x00360613) addi a2, a2, 3
x12 <- 0x00000003


mem[X,0x8002CED4] -> 0x006F
mem[X,0x8002CED6] -> 0x0040
[4156] [M]: 0x8002CED4 (0x0040006F) jal zero, 4


mem[X,0x8002CED8] -> 0x2623
mem[X,0x8002CEDA] -> 0x68C2
[4157] [M]: 0x8002CED8 (0x68C22623) sw a2, 1676(tp)
mem[0x8003B7F4] <- 0x00000003


mem[X,0x8002CEDC] -> 0xB537
mem[X,0x8002CEDE] -> 0x0000
[4158] [M]: 0x8002CEDC (0x0000B537) lui a0, 11
x10 <- 0x0000B000


mem[X,0x8002CEE0] -> 0x0513
mem[X,0x8002CEE2] -> 0x5055
[4159] [M]: 0x8002CEE0 (0x50550513) addi a0, a0, 1285
x10 <- 0x0000B505


mem[X,0x8002CEE4] -> 0x0593
mem[X,0x8002CEE6] -> 0x0060
[4160] [M]: 0x8002CEE4 (0x00600593) addi a1, zero, 6
x11 <- 0x00000006


mem[X,0x8002CEE8] -> 0x0613
mem[X,0x8002CEEA] -> 0x0000
[4161] [M]: 0x8002CEE8 (0x00000613) addi a2, zero, 0
x12 <- 0x00000000


mem[X,0x8002CEEC] -> 0x006F
mem[X,0x8002CEEE] -> 0x2B10
[4162] [M]: 0x8002CEEC (0x2B10006F) jal zero, 2736


mem[X,0x8002D99C] -> 0x5A63
mem[X,0x8002D99E] -> 0xD4B5
[4163] [M]: 0x8002D99C (0xD4B55A63) bge a0, a1, 5460


mem[X,0x8002CEF0] -> 0x0613
mem[X,0x8002CEF2] -> 0x0016
[4164] [M]: 0x8002CEF0 (0x00160613) addi a2, a2, 1
x12 <- 0x00000001


mem[X,0x8002CEF4] -> 0x006F
mem[X,0x8002CEF6] -> 0x2BD0
[4165] [M]: 0x8002CEF4 (0x2BD0006F) jal zero, 2748


mem[X,0x8002D9B0] -> 0x2823
mem[X,0x8002D9B2] -> 0x68C2
[4166] [M]: 0x8002D9B0 (0x68C22823) sw a2, 1680(tp)
mem[0x8003B7F8] <- 0x00000001


mem[X,0x8002D9B4] -> 0xB537
mem[X,0x8002D9B6] -> 0x0000
[4167] [M]: 0x8002D9B4 (0x0000B537) lui a0, 11
x10 <- 0x0000B000


mem[X,0x8002D9B8] -> 0x0513
mem[X,0x8002D9BA] -> 0x5055
[4168] [M]: 0x8002D9B8 (0x50550513) addi a0, a0, 1285
x10 <- 0x0000B505


mem[X,0x8002D9BC] -> 0x35B7
mem[X,0x8002D9BE] -> 0x3333
[4169] [M]: 0x8002D9BC (0x333335B7) lui a1, 209715
x11 <- 0x33333000


mem[X,0x8002D9C0] -> 0x8593
mem[X,0x8002D9C2] -> 0x3345
[4170] [M]: 0x8002D9C0 (0x33458593) addi a1, a1, 820
x11 <- 0x33333334


mem[X,0x8002D9C4] -> 0x0613
mem[X,0x8002D9C6] -> 0x0000
[4171] [M]: 0x8002D9C4 (0x00000613) addi a2, zero, 0
x12 <- 0x00000000


mem[X,0x8002D9C8] -> 0x006F
mem[X,0x8002D9CA] -> 0x00C0
[4172] [M]: 0x8002D9C8 (0x00C0006F) jal zero, 12


mem[X,0x8002D9D4] -> 0x5063
mem[X,0x8002D9D6] -> 0x02B5
[4173] [M]: 0x8002D9D4 (0x02B55063) bge a0, a1, 32


mem[X,0x8002D9D8] -> 0x0613
mem[X,0x8002D9DA] -> 0x0026
[4174] [M]: 0x8002D9D8 (0x00260613) addi a2, a2, 2
x12 <- 0x00000002


mem[X,0x8002D9DC] -> 0x006F
mem[X,0x8002D9DE] -> 0x0200
[4175] [M]: 0x8002D9DC (0x0200006F) jal zero, 32


mem[X,0x8002D9FC] -> 0x2A23
mem[X,0x8002D9FE] -> 0x68C2
[4176] [M]: 0x8002D9FC (0x68C22A23) sw a2, 1684(tp)
mem[0x8003B7FC] <- 0x00000002


mem[X,0x8002DA00] -> 0xB537
mem[X,0x8002DA02] -> 0x0000
[4177] [M]: 0x8002DA00 (0x0000B537) lui a0, 11
x10 <- 0x0000B000


mem[X,0x8002DA04] -> 0x0513
mem[X,0x8002DA06] -> 0x5055
[4178] [M]: 0x8002DA04 (0x50550513) addi a0, a0, 1285
x10 <- 0x0000B505


mem[X,0x8002DA08] -> 0x65B7
mem[X,0x8002DA0A] -> 0x6666
[4179] [M]: 0x8002DA08 (0x666665B7) lui a1, 419430
x11 <- 0x66666000


mem[X,0x8002DA0C] -> 0x8593
mem[X,0x8002DA0E] -> 0x6675
[4180] [M]: 0x8002DA0C (0x66758593) addi a1, a1, 1639
x11 <- 0x66666667


mem[X,0x8002DA10] -> 0x0613
mem[X,0x8002DA12] -> 0x0000
[4181] [M]: 0x8002DA10 (0x00000613) addi a2, zero, 0
x12 <- 0x00000000


mem[X,0x8002DA14] -> 0x006F
mem[X,0x8002DA16] -> 0x00C0
[4182] [M]: 0x8002DA14 (0x00C0006F) jal zero, 12


mem[X,0x8002DA20] -> 0x5663
mem[X,0x8002DA22] -> 0x00B5
[4183] [M]: 0x8002DA20 (0x00B55663) bge a0, a1, 12


mem[X,0x8002DA24] -> 0x0613
mem[X,0x8002DA26] -> 0x0026
[4184] [M]: 0x8002DA24 (0x00260613) addi a2, a2, 2
x12 <- 0x00000002


mem[X,0x8002DA28] -> 0x006F
mem[X,0x8002DA2A] -> 0x00C0
[4185] [M]: 0x8002DA28 (0x00C0006F) jal zero, 12


mem[X,0x8002DA34] -> 0x2C23
mem[X,0x8002DA36] -> 0x68C2
[4186] [M]: 0x8002DA34 (0x68C22C23) sw a2, 1688(tp)
mem[0x8003B800] <- 0x00000002


mem[X,0x8002DA38] -> 0xB537
mem[X,0x8002DA3A] -> 0x0000
[4187] [M]: 0x8002DA38 (0x0000B537) lui a0, 11
x10 <- 0x0000B000


mem[X,0x8002DA3C] -> 0x0513
mem[X,0x8002DA3E] -> 0x5055
[4188] [M]: 0x8002DA3C (0x50550513) addi a0, a0, 1285
x10 <- 0x0000B505


mem[X,0x8002DA40] -> 0x55B7
mem[X,0x8002DA42] -> 0xFFFF
[4189] [M]: 0x8002DA40 (0xFFFF55B7) lui a1, 1048565
x11 <- 0xFFFF5000


mem[X,0x8002DA44] -> 0x8593
mem[X,0x8002DA46] -> 0xAFD5
[4190] [M]: 0x8002DA44 (0xAFD58593) addi a1, a1, 2813
x11 <- 0xFFFF4AFD


mem[X,0x8002DA48] -> 0x0613
mem[X,0x8002DA4A] -> 0x0000
[4191] [M]: 0x8002DA48 (0x00000613) addi a2, zero, 0
x12 <- 0x00000000


mem[X,0x8002DA4C] -> 0x006F
mem[X,0x8002DA4E] -> 0x00C0
[4192] [M]: 0x8002DA4C (0x00C0006F) jal zero, 12


mem[X,0x8002DA58] -> 0x5663
mem[X,0x8002DA5A] -> 0x00B5
[4193] [M]: 0x8002DA58 (0x00B55663) bge a0, a1, 12


mem[X,0x8002DA64] -> 0x0613
mem[X,0x8002DA66] -> 0x0036
[4194] [M]: 0x8002DA64 (0x00360613) addi a2, a2, 3
x12 <- 0x00000003


mem[X,0x8002DA68] -> 0x006F
mem[X,0x8002DA6A] -> 0x0040
[4195] [M]: 0x8002DA68 (0x0040006F) jal zero, 4


mem[X,0x8002DA6C] -> 0x2E23
mem[X,0x8002DA6E] -> 0x68C2
[4196] [M]: 0x8002DA6C (0x68C22E23) sw a2, 1692(tp)
mem[0x8003B804] <- 0x00000003


mem[X,0x8002DA70] -> 0xB537
mem[X,0x8002DA72] -> 0x0000
[4197] [M]: 0x8002DA70 (0x0000B537) lui a0, 11
x10 <- 0x0000B000


mem[X,0x8002DA74] -> 0x0513
mem[X,0x8002DA76] -> 0x5055
[4198] [M]: 0x8002DA74 (0x50550513) addi a0, a0, 1285
x10 <- 0x0000B505


mem[X,0x8002DA78] -> 0xB5B7
mem[X,0x8002DA7A] -> 0x0000
[4199] [M]: 0x8002DA78 (0x0000B5B7) lui a1, 11
x11 <- 0x0000B000


clint::tick mtime <- 0x000000000000002A
 clint timer pending at mtime 0x000000000000002A
htif::tick 0x0000000000000000
mem[X,0x8002DA7C] -> 0x8593
mem[X,0x8002DA7E] -> 0x5055
[4200] [M]: 0x8002DA7C (0x50558593) addi a1, a1, 1285
x11 <- 0x0000B505


mem[X,0x8002DA80] -> 0x0613
mem[X,0x8002DA82] -> 0x0000
[4201] [M]: 0x8002DA80 (0x00000613) addi a2, zero, 0
x12 <- 0x00000000


mem[X,0x8002DA84] -> 0x006F
mem[X,0x8002DA86] -> 0x00C0
[4202] [M]: 0x8002DA84 (0x00C0006F) jal zero, 12


mem[X,0x8002DA90] -> 0x5863
mem[X,0x8002DA92] -> 0x00B5
[4203] [M]: 0x8002DA90 (0x00B55863) bge a0, a1, 16


mem[X,0x8002DAA0] -> 0x0613
mem[X,0x8002DAA2] -> 0x0036
[4204] [M]: 0x8002DAA0 (0x00360613) addi a2, a2, 3
x12 <- 0x00000003


mem[X,0x8002DAA4] -> 0x006F
mem[X,0x8002DAA6] -> 0x0040
[4205] [M]: 0x8002DAA4 (0x0040006F) jal zero, 4


mem[X,0x8002DAA8] -> 0x2023
mem[X,0x8002DAAA] -> 0x6AC2
[4206] [M]: 0x8002DAA8 (0x6AC22023) sw a2, 1696(tp)
mem[0x8003B808] <- 0x00000003


mem[X,0x8002DAAC] -> 0x0513
mem[X,0x8002DAAE] -> 0x0000
[4207] [M]: 0x8002DAAC (0x00000513) addi a0, zero, 0
x10 <- 0x00000000


mem[X,0x8002DAB0] -> 0x0593
mem[X,0x8002DAB2] -> 0x0020
[4208] [M]: 0x8002DAB0 (0x00200593) addi a1, zero, 2
x11 <- 0x00000002


mem[X,0x8002DAB4] -> 0x0613
mem[X,0x8002DAB6] -> 0x0000
[4209] [M]: 0x8002DAB4 (0x00000613) addi a2, zero, 0
x12 <- 0x00000000


mem[X,0x8002DAB8] -> 0x006F
mem[X,0x8002DABA] -> 0x00C0
[4210] [M]: 0x8002DAB8 (0x00C0006F) jal zero, 12


mem[X,0x8002DAC4] -> 0x5863
mem[X,0x8002DAC6] -> 0x00B5
[4211] [M]: 0x8002DAC4 (0x00B55863) bge a0, a1, 16


mem[X,0x8002DAC8] -> 0x0613
mem[X,0x8002DACA] -> 0x0026
[4212] [M]: 0x8002DAC8 (0x00260613) addi a2, a2, 2
x12 <- 0x00000002


mem[X,0x8002DACC] -> 0x006F
mem[X,0x8002DACE] -> 0x0100
[4213] [M]: 0x8002DACC (0x0100006F) jal zero, 16


mem[X,0x8002DADC] -> 0x2223
mem[X,0x8002DADE] -> 0x6AC2
[4214] [M]: 0x8002DADC (0x6AC22223) sw a2, 1700(tp)
mem[0x8003B80C] <- 0x00000002


mem[X,0x8002DAE0] -> 0x0513
mem[X,0x8002DAE2] -> 0x0000
[4215] [M]: 0x8002DAE0 (0x00000513) addi a0, zero, 0
x10 <- 0x00000000


mem[X,0x8002DAE4] -> 0x55B7
mem[X,0x8002DAE6] -> 0x5555
[4216] [M]: 0x8002DAE4 (0x555555B7) lui a1, 349525
x11 <- 0x55555000


mem[X,0x8002DAE8] -> 0x8593
mem[X,0x8002DAEA] -> 0x5545
[4217] [M]: 0x8002DAE8 (0x55458593) addi a1, a1, 1364
x11 <- 0x55555554


mem[X,0x8002DAEC] -> 0x0613
mem[X,0x8002DAEE] -> 0x0000
[4218] [M]: 0x8002DAEC (0x00000613) addi a2, zero, 0
x12 <- 0x00000000


mem[X,0x8002DAF0] -> 0x006F
mem[X,0x8002DAF2] -> 0x00C0
[4219] [M]: 0x8002DAF0 (0x00C0006F) jal zero, 12


mem[X,0x8002DAFC] -> 0x5663
mem[X,0x8002DAFE] -> 0x00B5
[4220] [M]: 0x8002DAFC (0x00B55663) bge a0, a1, 12


mem[X,0x8002DB00] -> 0x0613
mem[X,0x8002DB02] -> 0x0026
[4221] [M]: 0x8002DB00 (0x00260613) addi a2, a2, 2
x12 <- 0x00000002


mem[X,0x8002DB04] -> 0x006F
mem[X,0x8002DB06] -> 0x00C0
[4222] [M]: 0x8002DB04 (0x00C0006F) jal zero, 12


mem[X,0x8002DB10] -> 0x2423
mem[X,0x8002DB12] -> 0x6AC2
[4223] [M]: 0x8002DB10 (0x6AC22423) sw a2, 1704(tp)
mem[0x8003B810] <- 0x00000002


mem[X,0x8002DB14] -> 0x0513
mem[X,0x8002DB16] -> 0x0000
[4224] [M]: 0x8002DB14 (0x00000513) addi a0, zero, 0
x10 <- 0x00000000


mem[X,0x8002DB18] -> 0x0593
mem[X,0x8002DB1A] -> 0x0000
[4225] [M]: 0x8002DB18 (0x00000593) addi a1, zero, 0
x11 <- 0x00000000


mem[X,0x8002DB1C] -> 0x0613
mem[X,0x8002DB1E] -> 0x0000
[4226] [M]: 0x8002DB1C (0x00000613) addi a2, zero, 0
x12 <- 0x00000000


mem[X,0x8002DB20] -> 0x006F
mem[X,0x8002DB22] -> 0x00C0
[4227] [M]: 0x8002DB20 (0x00C0006F) jal zero, 12


mem[X,0x8002DB2C] -> 0x5063
mem[X,0x8002DB2E] -> 0x02B5
[4228] [M]: 0x8002DB2C (0x02B55063) bge a0, a1, 32


mem[X,0x8002DB4C] -> 0x0613
mem[X,0x8002DB4E] -> 0x0036
[4229] [M]: 0x8002DB4C (0x00360613) addi a2, a2, 3
x12 <- 0x00000003


mem[X,0x8002DB50] -> 0x006F
mem[X,0x8002DB52] -> 0x0040
[4230] [M]: 0x8002DB50 (0x0040006F) jal zero, 4


mem[X,0x8002DB54] -> 0x2623
mem[X,0x8002DB56] -> 0x6AC2
[4231] [M]: 0x8002DB54 (0x6AC22623) sw a2, 1708(tp)
mem[0x8003B814] <- 0x00000003


mem[X,0x8002DB58] -> 0x0513
mem[X,0x8002DB5A] -> 0x0000
[4232] [M]: 0x8002DB58 (0x00000513) addi a0, zero, 0
x10 <- 0x00000000


mem[X,0x8002DB5C] -> 0x0593
mem[X,0x8002DB5E] -> 0x0040
[4233] [M]: 0x8002DB5C (0x00400593) addi a1, zero, 4
x11 <- 0x00000004


mem[X,0x8002DB60] -> 0x0613
mem[X,0x8002DB62] -> 0x0000
[4234] [M]: 0x8002DB60 (0x00000613) addi a2, zero, 0
x12 <- 0x00000000


mem[X,0x8002DB64] -> 0x006F
mem[X,0x8002DB66] -> 0x00C0
[4235] [M]: 0x8002DB64 (0x00C0006F) jal zero, 12


mem[X,0x8002DB70] -> 0x5663
mem[X,0x8002DB72] -> 0x00B5
[4236] [M]: 0x8002DB70 (0x00B55663) bge a0, a1, 12


mem[X,0x8002DB74] -> 0x0613
mem[X,0x8002DB76] -> 0x0026
[4237] [M]: 0x8002DB74 (0x00260613) addi a2, a2, 2
x12 <- 0x00000002


mem[X,0x8002DB78] -> 0x006F
mem[X,0x8002DB7A] -> 0x00C0
[4238] [M]: 0x8002DB78 (0x00C0006F) jal zero, 12


mem[X,0x8002DB84] -> 0x2823
mem[X,0x8002DB86] -> 0x6AC2
[4239] [M]: 0x8002DB84 (0x6AC22823) sw a2, 1712(tp)
mem[0x8003B818] <- 0x00000002


mem[X,0x8002DB88] -> 0x0513
mem[X,0x8002DB8A] -> 0x0000
[4240] [M]: 0x8002DB88 (0x00000513) addi a0, zero, 0
x10 <- 0x00000000


mem[X,0x8002DB8C] -> 0x35B7
mem[X,0x8002DB8E] -> 0x3333
[4241] [M]: 0x8002DB8C (0x333335B7) lui a1, 209715
x11 <- 0x33333000


mem[X,0x8002DB90] -> 0x8593
mem[X,0x8002DB92] -> 0x3325
[4242] [M]: 0x8002DB90 (0x33258593) addi a1, a1, 818
x11 <- 0x33333332


mem[X,0x8002DB94] -> 0x0613
mem[X,0x8002DB96] -> 0x0000
[4243] [M]: 0x8002DB94 (0x00000613) addi a2, zero, 0
x12 <- 0x00000000


mem[X,0x8002DB98] -> 0x006F
mem[X,0x8002DB9A] -> 0x00C0
[4244] [M]: 0x8002DB98 (0x00C0006F) jal zero, 12


mem[X,0x8002DBA4] -> 0x5CE3
mem[X,0x8002DBA6] -> 0xFEB5
[4245] [M]: 0x8002DBA4 (0xFEB55CE3) bge a0, a1, 8184


mem[X,0x8002DBA8] -> 0x0613
mem[X,0x8002DBAA] -> 0x0026
[4246] [M]: 0x8002DBA8 (0x00260613) addi a2, a2, 2
x12 <- 0x00000002


mem[X,0x8002DBAC] -> 0x006F
mem[X,0x8002DBAE] -> 0x00C0
[4247] [M]: 0x8002DBAC (0x00C0006F) jal zero, 12


mem[X,0x8002DBB8] -> 0x2A23
mem[X,0x8002DBBA] -> 0x6AC2
[4248] [M]: 0x8002DBB8 (0x6AC22A23) sw a2, 1716(tp)
mem[0x8003B81C] <- 0x00000002


mem[X,0x8002DBBC] -> 0x0513
mem[X,0x8002DBBE] -> 0x0000
[4249] [M]: 0x8002DBBC (0x00000513) addi a0, zero, 0
x10 <- 0x00000000


mem[X,0x8002DBC0] -> 0x65B7
mem[X,0x8002DBC2] -> 0x6666
[4250] [M]: 0x8002DBC0 (0x666665B7) lui a1, 419430
x11 <- 0x66666000


mem[X,0x8002DBC4] -> 0x8593
mem[X,0x8002DBC6] -> 0x6655
[4251] [M]: 0x8002DBC4 (0x66558593) addi a1, a1, 1637
x11 <- 0x66666665


mem[X,0x8002DBC8] -> 0x0613
mem[X,0x8002DBCA] -> 0x0000
[4252] [M]: 0x8002DBC8 (0x00000613) addi a2, zero, 0
x12 <- 0x00000000


mem[X,0x8002DBCC] -> 0x006F
mem[X,0x8002DBCE] -> 0x00C0
[4253] [M]: 0x8002DBCC (0x00C0006F) jal zero, 12


mem[X,0x8002DBD8] -> 0x5063
mem[X,0x8002DBDA] -> 0x04B5
[4254] [M]: 0x8002DBD8 (0x04B55063) bge a0, a1, 64


mem[X,0x8002DBDC] -> 0x0613
mem[X,0x8002DBDE] -> 0x0026
[4255] [M]: 0x8002DBDC (0x00260613) addi a2, a2, 2
x12 <- 0x00000002


mem[X,0x8002DBE0] -> 0x006F
mem[X,0x8002DBE2] -> 0x0400
[4256] [M]: 0x8002DBE0 (0x0400006F) jal zero, 64


mem[X,0x8002DC20] -> 0x2C23
mem[X,0x8002DC22] -> 0x6AC2
[4257] [M]: 0x8002DC20 (0x6AC22C23) sw a2, 1720(tp)
mem[0x8003B820] <- 0x00000002


mem[X,0x8002DC24] -> 0x0513
mem[X,0x8002DC26] -> 0x0000
[4258] [M]: 0x8002DC24 (0x00000513) addi a0, zero, 0
x10 <- 0x00000000


mem[X,0x8002DC28] -> 0xB5B7
mem[X,0x8002DC2A] -> 0x0000
[4259] [M]: 0x8002DC28 (0x0000B5B7) lui a1, 11
x11 <- 0x0000B000


mem[X,0x8002DC2C] -> 0x8593
mem[X,0x8002DC2E] -> 0x5035
[4260] [M]: 0x8002DC2C (0x50358593) addi a1, a1, 1283
x11 <- 0x0000B503


mem[X,0x8002DC30] -> 0x0613
mem[X,0x8002DC32] -> 0x0000
[4261] [M]: 0x8002DC30 (0x00000613) addi a2, zero, 0
x12 <- 0x00000000


mem[X,0x8002DC34] -> 0x006F
mem[X,0x8002DC36] -> 0x00C0
[4262] [M]: 0x8002DC34 (0x00C0006F) jal zero, 12


mem[X,0x8002DC40] -> 0x5663
mem[X,0x8002DC42] -> 0x00B5
[4263] [M]: 0x8002DC40 (0x00B55663) bge a0, a1, 12


mem[X,0x8002DC44] -> 0x0613
mem[X,0x8002DC46] -> 0x0026
[4264] [M]: 0x8002DC44 (0x00260613) addi a2, a2, 2
x12 <- 0x00000002


mem[X,0x8002DC48] -> 0x006F
mem[X,0x8002DC4A] -> 0x00C0
[4265] [M]: 0x8002DC48 (0x00C0006F) jal zero, 12


mem[X,0x8002DC54] -> 0x2E23
mem[X,0x8002DC56] -> 0x6AC2
[4266] [M]: 0x8002DC54 (0x6AC22E23) sw a2, 1724(tp)
mem[0x8003B824] <- 0x00000002


mem[X,0x8002DC58] -> 0x0513
mem[X,0x8002DC5A] -> 0x0000
[4267] [M]: 0x8002DC58 (0x00000513) addi a0, zero, 0
x10 <- 0x00000000


mem[X,0x8002DC5C] -> 0x55B7
mem[X,0x8002DC5E] -> 0x5555
[4268] [M]: 0x8002DC5C (0x555555B7) lui a1, 349525
x11 <- 0x55555000


mem[X,0x8002DC60] -> 0x8593
mem[X,0x8002DC62] -> 0x5565
[4269] [M]: 0x8002DC60 (0x55658593) addi a1, a1, 1366
x11 <- 0x55555556


mem[X,0x8002DC64] -> 0x0613
mem[X,0x8002DC66] -> 0x0000
[4270] [M]: 0x8002DC64 (0x00000613) addi a2, zero, 0
x12 <- 0x00000000


mem[X,0x8002DC68] -> 0x006F
mem[X,0x8002DC6A] -> 0x00C0
[4271] [M]: 0x8002DC68 (0x00C0006F) jal zero, 12


mem[X,0x8002DC74] -> 0x5063
mem[X,0x8002DC76] -> 0x10B5
[4272] [M]: 0x8002DC74 (0x10B55063) bge a0, a1, 256


mem[X,0x8002DC78] -> 0x0613
mem[X,0x8002DC7A] -> 0x0026
[4273] [M]: 0x8002DC78 (0x00260613) addi a2, a2, 2
x12 <- 0x00000002


mem[X,0x8002DC7C] -> 0x006F
mem[X,0x8002DC7E] -> 0x1000
[4274] [M]: 0x8002DC7C (0x1000006F) jal zero, 256


mem[X,0x8002DD7C] -> 0x2023
mem[X,0x8002DD7E] -> 0x6CC2
[4275] [M]: 0x8002DD7C (0x6CC22023) sw a2, 1728(tp)
mem[0x8003B828] <- 0x00000002


mem[X,0x8002DD80] -> 0x0513
mem[X,0x8002DD82] -> 0x0000
[4276] [M]: 0x8002DD80 (0x00000513) addi a0, zero, 0
x10 <- 0x00000000


mem[X,0x8002DD84] -> 0xB5B7
mem[X,0x8002DD86] -> 0xAAAA
[4277] [M]: 0x8002DD84 (0xAAAAB5B7) lui a1, 699051
x11 <- 0xAAAAB000


mem[X,0x8002DD88] -> 0x8593
mem[X,0x8002DD8A] -> 0xAAB5
[4278] [M]: 0x8002DD88 (0xAAB58593) addi a1, a1, 2731
x11 <- 0xAAAAAAAB


mem[X,0x8002DD8C] -> 0x0613
mem[X,0x8002DD8E] -> 0x0000
[4279] [M]: 0x8002DD8C (0x00000613) addi a2, zero, 0
x12 <- 0x00000000


mem[X,0x8002DD90] -> 0x006F
mem[X,0x8002DD92] -> 0x0140
[4280] [M]: 0x8002DD90 (0x0140006F) jal zero, 20


mem[X,0x8002DDA4] -> 0x58E3
mem[X,0x8002DDA6] -> 0xFEB5
[4281] [M]: 0x8002DDA4 (0xFEB558E3) bge a0, a1, 8176


mem[X,0x8002DD94] -> 0x0613
mem[X,0x8002DD96] -> 0x0016
[4282] [M]: 0x8002DD94 (0x00160613) addi a2, a2, 1
x12 <- 0x00000001


mem[X,0x8002DD98] -> 0x006F
mem[X,0x8002DD9A] -> 0x0200
[4283] [M]: 0x8002DD98 (0x0200006F) jal zero, 32


mem[X,0x8002DDB8] -> 0x2223
mem[X,0x8002DDBA] -> 0x6CC2
[4284] [M]: 0x8002DDB8 (0x6CC22223) sw a2, 1732(tp)
mem[0x8003B82C] <- 0x00000001


mem[X,0x8002DDBC] -> 0x0513
mem[X,0x8002DDBE] -> 0x0000
[4285] [M]: 0x8002DDBC (0x00000513) addi a0, zero, 0
x10 <- 0x00000000


mem[X,0x8002DDC0] -> 0x0593
mem[X,0x8002DDC2] -> 0x0060
[4286] [M]: 0x8002DDC0 (0x00600593) addi a1, zero, 6
x11 <- 0x00000006


mem[X,0x8002DDC4] -> 0x0613
mem[X,0x8002DDC6] -> 0x0000
[4287] [M]: 0x8002DDC4 (0x00000613) addi a2, zero, 0
x12 <- 0x00000000


mem[X,0x8002DDC8] -> 0x006F
mem[X,0x8002DDCA] -> 0x00C0
[4288] [M]: 0x8002DDC8 (0x00C0006F) jal zero, 12


mem[X,0x8002DDD4] -> 0x5CE3
mem[X,0x8002DDD6] -> 0xFEB5
[4289] [M]: 0x8002DDD4 (0xFEB55CE3) bge a0, a1, 8184


mem[X,0x8002DDD8] -> 0x0613
mem[X,0x8002DDDA] -> 0x0026
[4290] [M]: 0x8002DDD8 (0x00260613) addi a2, a2, 2
x12 <- 0x00000002


mem[X,0x8002DDDC] -> 0x006F
mem[X,0x8002DDDE] -> 0x00C0
[4291] [M]: 0x8002DDDC (0x00C0006F) jal zero, 12


mem[X,0x8002DDE8] -> 0x2423
mem[X,0x8002DDEA] -> 0x6CC2
[4292] [M]: 0x8002DDE8 (0x6CC22423) sw a2, 1736(tp)
mem[0x8003B830] <- 0x00000002


mem[X,0x8002DDEC] -> 0x0513
mem[X,0x8002DDEE] -> 0x0000
[4293] [M]: 0x8002DDEC (0x00000513) addi a0, zero, 0
x10 <- 0x00000000


mem[X,0x8002DDF0] -> 0x35B7
mem[X,0x8002DDF2] -> 0x3333
[4294] [M]: 0x8002DDF0 (0x333335B7) lui a1, 209715
x11 <- 0x33333000


mem[X,0x8002DDF4] -> 0x8593
mem[X,0x8002DDF6] -> 0x3345
[4295] [M]: 0x8002DDF4 (0x33458593) addi a1, a1, 820
x11 <- 0x33333334


mem[X,0x8002DDF8] -> 0x0613
mem[X,0x8002DDFA] -> 0x0000
[4296] [M]: 0x8002DDF8 (0x00000613) addi a2, zero, 0
x12 <- 0x00000000


mem[X,0x8002DDFC] -> 0x006F
mem[X,0x8002DDFE] -> 0x00C0
[4297] [M]: 0x8002DDFC (0x00C0006F) jal zero, 12


mem[X,0x8002DE08] -> 0x5663
mem[X,0x8002DE0A] -> 0x00B5
[4298] [M]: 0x8002DE08 (0x00B55663) bge a0, a1, 12


mem[X,0x8002DE0C] -> 0x0613
mem[X,0x8002DE0E] -> 0x0026
[4299] [M]: 0x8002DE0C (0x00260613) addi a2, a2, 2
x12 <- 0x00000002


clint::tick mtime <- 0x000000000000002B
 clint timer pending at mtime 0x000000000000002B
htif::tick 0x0000000000000000
mem[X,0x8002DE10] -> 0x006F
mem[X,0x8002DE12] -> 0x00C0
[4300] [M]: 0x8002DE10 (0x00C0006F) jal zero, 12


mem[X,0x8002DE1C] -> 0x2623
mem[X,0x8002DE1E] -> 0x6CC2
[4301] [M]: 0x8002DE1C (0x6CC22623) sw a2, 1740(tp)
mem[0x8003B834] <- 0x00000002


mem[X,0x8002DE20] -> 0x0513
mem[X,0x8002DE22] -> 0x0000
[4302] [M]: 0x8002DE20 (0x00000513) addi a0, zero, 0
x10 <- 0x00000000


mem[X,0x8002DE24] -> 0x65B7
mem[X,0x8002DE26] -> 0x6666
[4303] [M]: 0x8002DE24 (0x666665B7) lui a1, 419430
x11 <- 0x66666000


mem[X,0x8002DE28] -> 0x8593
mem[X,0x8002DE2A] -> 0x6675
[4304] [M]: 0x8002DE28 (0x66758593) addi a1, a1, 1639
x11 <- 0x66666667


mem[X,0x8002DE2C] -> 0x0613
mem[X,0x8002DE2E] -> 0x0000
[4305] [M]: 0x8002DE2C (0x00000613) addi a2, zero, 0
x12 <- 0x00000000


mem[X,0x8002DE30] -> 0x006F
mem[X,0x8002DE32] -> 0x00C0
[4306] [M]: 0x8002DE30 (0x00C0006F) jal zero, 12


mem[X,0x8002DE3C] -> 0x5CE3
mem[X,0x8002DE3E] -> 0xFEB5
[4307] [M]: 0x8002DE3C (0xFEB55CE3) bge a0, a1, 8184


mem[X,0x8002DE40] -> 0x0613
mem[X,0x8002DE42] -> 0x0026
[4308] [M]: 0x8002DE40 (0x00260613) addi a2, a2, 2
x12 <- 0x00000002


mem[X,0x8002DE44] -> 0x006F
mem[X,0x8002DE46] -> 0x00C0
[4309] [M]: 0x8002DE44 (0x00C0006F) jal zero, 12


mem[X,0x8002DE50] -> 0x2823
mem[X,0x8002DE52] -> 0x6CC2
[4310] [M]: 0x8002DE50 (0x6CC22823) sw a2, 1744(tp)
mem[0x8003B838] <- 0x00000002


mem[X,0x8002DE54] -> 0x0513
mem[X,0x8002DE56] -> 0x0000
[4311] [M]: 0x8002DE54 (0x00000513) addi a0, zero, 0
x10 <- 0x00000000


mem[X,0x8002DE58] -> 0x55B7
mem[X,0x8002DE5A] -> 0xFFFF
[4312] [M]: 0x8002DE58 (0xFFFF55B7) lui a1, 1048565
x11 <- 0xFFFF5000


mem[X,0x8002DE5C] -> 0x8593
mem[X,0x8002DE5E] -> 0xAFD5
[4313] [M]: 0x8002DE5C (0xAFD58593) addi a1, a1, 2813
x11 <- 0xFFFF4AFD


mem[X,0x8002DE60] -> 0x0613
mem[X,0x8002DE62] -> 0x0000
[4314] [M]: 0x8002DE60 (0x00000613) addi a2, zero, 0
x12 <- 0x00000000


mem[X,0x8002DE64] -> 0x006F
mem[X,0x8002DE66] -> 0x0100
[4315] [M]: 0x8002DE64 (0x0100006F) jal zero, 16


mem[X,0x8002DE74] -> 0x5AE3
mem[X,0x8002DE76] -> 0xFEB5
[4316] [M]: 0x8002DE74 (0xFEB55AE3) bge a0, a1, 8180


mem[X,0x8002DE68] -> 0x0613
mem[X,0x8002DE6A] -> 0x0016
[4317] [M]: 0x8002DE68 (0x00160613) addi a2, a2, 1
x12 <- 0x00000001


mem[X,0x8002DE6C] -> 0x006F
mem[X,0x8002DE6E] -> 0x01C0
[4318] [M]: 0x8002DE6C (0x01C0006F) jal zero, 28


mem[X,0x8002DE88] -> 0x2A23
mem[X,0x8002DE8A] -> 0x6CC2
[4319] [M]: 0x8002DE88 (0x6CC22A23) sw a2, 1748(tp)
mem[0x8003B83C] <- 0x00000001


mem[X,0x8002DE8C] -> 0x0513
mem[X,0x8002DE8E] -> 0x0000
[4320] [M]: 0x8002DE8C (0x00000513) addi a0, zero, 0
x10 <- 0x00000000


mem[X,0x8002DE90] -> 0xB5B7
mem[X,0x8002DE92] -> 0x0000
[4321] [M]: 0x8002DE90 (0x0000B5B7) lui a1, 11
x11 <- 0x0000B000


mem[X,0x8002DE94] -> 0x8593
mem[X,0x8002DE96] -> 0x5055
[4322] [M]: 0x8002DE94 (0x50558593) addi a1, a1, 1285
x11 <- 0x0000B505


mem[X,0x8002DE98] -> 0x0613
mem[X,0x8002DE9A] -> 0x0000
[4323] [M]: 0x8002DE98 (0x00000613) addi a2, zero, 0
x12 <- 0x00000000


mem[X,0x8002DE9C] -> 0x006F
mem[X,0x8002DE9E] -> 0x00C0
[4324] [M]: 0x8002DE9C (0x00C0006F) jal zero, 12


mem[X,0x8002DEA8] -> 0x5063
mem[X,0x8002DEAA] -> 0x02B5
[4325] [M]: 0x8002DEA8 (0x02B55063) bge a0, a1, 32


mem[X,0x8002DEAC] -> 0x0613
mem[X,0x8002DEAE] -> 0x0026
[4326] [M]: 0x8002DEAC (0x00260613) addi a2, a2, 2
x12 <- 0x00000002


mem[X,0x8002DEB0] -> 0x006F
mem[X,0x8002DEB2] -> 0x0200
[4327] [M]: 0x8002DEB0 (0x0200006F) jal zero, 32


mem[X,0x8002DED0] -> 0x2C23
mem[X,0x8002DED2] -> 0x6CC2
[4328] [M]: 0x8002DED0 (0x6CC22C23) sw a2, 1752(tp)
mem[0x8003B840] <- 0x00000002


mem[X,0x8002DED4] -> 0x0513
mem[X,0x8002DED6] -> 0x0040
[4329] [M]: 0x8002DED4 (0x00400513) addi a0, zero, 4
x10 <- 0x00000004


mem[X,0x8002DED8] -> 0x0593
mem[X,0x8002DEDA] -> 0x0030
[4330] [M]: 0x8002DED8 (0x00300593) addi a1, zero, 3
x11 <- 0x00000003


mem[X,0x8002DEDC] -> 0x0613
mem[X,0x8002DEDE] -> 0x0000
[4331] [M]: 0x8002DEDC (0x00000613) addi a2, zero, 0
x12 <- 0x00000000


mem[X,0x8002DEE0] -> 0x006F
mem[X,0x8002DEE2] -> 0x00C0
[4332] [M]: 0x8002DEE0 (0x00C0006F) jal zero, 12


mem[X,0x8002DEEC] -> 0x5663
mem[X,0x8002DEEE] -> 0x00B5
[4333] [M]: 0x8002DEEC (0x00B55663) bge a0, a1, 12


mem[X,0x8002DEF8] -> 0x0613
mem[X,0x8002DEFA] -> 0x0036
[4334] [M]: 0x8002DEF8 (0x00360613) addi a2, a2, 3
x12 <- 0x00000003


mem[X,0x8002DEFC] -> 0x006F
mem[X,0x8002DEFE] -> 0x0040
[4335] [M]: 0x8002DEFC (0x0040006F) jal zero, 4


mem[X,0x8002DF00] -> 0x2E23
mem[X,0x8002DF02] -> 0x6CC2
[4336] [M]: 0x8002DF00 (0x6CC22E23) sw a2, 1756(tp)
mem[0x8003B844] <- 0x00000003


mem[X,0x8002DF04] -> 0x0513
mem[X,0x8002DF06] -> 0x0040
[4337] [M]: 0x8002DF04 (0x00400513) addi a0, zero, 4
x10 <- 0x00000004


mem[X,0x8002DF08] -> 0x55B7
mem[X,0x8002DF0A] -> 0x5555
[4338] [M]: 0x8002DF08 (0x555555B7) lui a1, 349525
x11 <- 0x55555000


mem[X,0x8002DF0C] -> 0x8593
mem[X,0x8002DF0E] -> 0x5555
[4339] [M]: 0x8002DF0C (0x55558593) addi a1, a1, 1365
x11 <- 0x55555555


mem[X,0x8002DF10] -> 0x0613
mem[X,0x8002DF12] -> 0x0000
[4340] [M]: 0x8002DF10 (0x00000613) addi a2, zero, 0
x12 <- 0x00000000


mem[X,0x8002DF14] -> 0x006F
mem[X,0x8002DF16] -> 0x00C0
[4341] [M]: 0x8002DF14 (0x00C0006F) jal zero, 12


mem[X,0x8002DF20] -> 0x5663
mem[X,0x8002DF22] -> 0x00B5
[4342] [M]: 0x8002DF20 (0x00B55663) bge a0, a1, 12


mem[X,0x8002DF24] -> 0x0613
mem[X,0x8002DF26] -> 0x0026
[4343] [M]: 0x8002DF24 (0x00260613) addi a2, a2, 2
x12 <- 0x00000002


mem[X,0x8002DF28] -> 0x006F
mem[X,0x8002DF2A] -> 0x00C0
[4344] [M]: 0x8002DF28 (0x00C0006F) jal zero, 12


mem[X,0x8002DF34] -> 0x2023
mem[X,0x8002DF36] -> 0x6EC2
[4345] [M]: 0x8002DF34 (0x6EC22023) sw a2, 1760(tp)
mem[0x8003B848] <- 0x00000002


mem[X,0x8002DF38] -> 0x0513
mem[X,0x8002DF3A] -> 0x0040
[4346] [M]: 0x8002DF38 (0x00400513) addi a0, zero, 4
x10 <- 0x00000004


mem[X,0x8002DF3C] -> 0xB5B7
mem[X,0x8002DF3E] -> 0xAAAA
[4347] [M]: 0x8002DF3C (0xAAAAB5B7) lui a1, 699051
x11 <- 0xAAAAB000


mem[X,0x8002DF40] -> 0x8593
mem[X,0x8002DF42] -> 0xAAA5
[4348] [M]: 0x8002DF40 (0xAAA58593) addi a1, a1, 2730
x11 <- 0xAAAAAAAA


mem[X,0x8002DF44] -> 0x0613
mem[X,0x8002DF46] -> 0x0000
[4349] [M]: 0x8002DF44 (0x00000613) addi a2, zero, 0
x12 <- 0x00000000


mem[X,0x8002DF48] -> 0x006F
mem[X,0x8002DF4A] -> 0x00C0
[4350] [M]: 0x8002DF48 (0x00C0006F) jal zero, 12


mem[X,0x8002DF54] -> 0x5063
mem[X,0x8002DF56] -> 0x20B5
[4351] [M]: 0x8002DF54 (0x20B55063) bge a0, a1, 512


mem[X,0x8002E154] -> 0x0613
mem[X,0x8002E156] -> 0x0036
[4352] [M]: 0x8002E154 (0x00360613) addi a2, a2, 3
x12 <- 0x00000003


mem[X,0x8002E158] -> 0x006F
mem[X,0x8002E15A] -> 0x0040
[4353] [M]: 0x8002E158 (0x0040006F) jal zero, 4


mem[X,0x8002E15C] -> 0x2223
mem[X,0x8002E15E] -> 0x6EC2
[4354] [M]: 0x8002E15C (0x6EC22223) sw a2, 1764(tp)
mem[0x8003B84C] <- 0x00000003


mem[X,0x8002E160] -> 0x0513
mem[X,0x8002E162] -> 0x0040
[4355] [M]: 0x8002E160 (0x00400513) addi a0, zero, 4
x10 <- 0x00000004


mem[X,0x8002E164] -> 0x0593
mem[X,0x8002E166] -> 0x0050
[4356] [M]: 0x8002E164 (0x00500593) addi a1, zero, 5
x11 <- 0x00000005


mem[X,0x8002E168] -> 0x0613
mem[X,0x8002E16A] -> 0x0000
[4357] [M]: 0x8002E168 (0x00000613) addi a2, zero, 0
x12 <- 0x00000000


mem[X,0x8002E16C] -> 0x006F
mem[X,0x8002E16E] -> 0x00C0
[4358] [M]: 0x8002E16C (0x00C0006F) jal zero, 12


mem[X,0x8002E178] -> 0x5663
mem[X,0x8002E17A] -> 0x00B5
[4359] [M]: 0x8002E178 (0x00B55663) bge a0, a1, 12


mem[X,0x8002E17C] -> 0x0613
mem[X,0x8002E17E] -> 0x0026
[4360] [M]: 0x8002E17C (0x00260613) addi a2, a2, 2
x12 <- 0x00000002


mem[X,0x8002E180] -> 0x006F
mem[X,0x8002E182] -> 0x00C0
[4361] [M]: 0x8002E180 (0x00C0006F) jal zero, 12


mem[X,0x8002E18C] -> 0x2423
mem[X,0x8002E18E] -> 0x6EC2
[4362] [M]: 0x8002E18C (0x6EC22423) sw a2, 1768(tp)
mem[0x8003B850] <- 0x00000002


mem[X,0x8002E190] -> 0x0513
mem[X,0x8002E192] -> 0x0040
[4363] [M]: 0x8002E190 (0x00400513) addi a0, zero, 4
x10 <- 0x00000004


mem[X,0x8002E194] -> 0x35B7
mem[X,0x8002E196] -> 0x3333
[4364] [M]: 0x8002E194 (0x333335B7) lui a1, 209715
x11 <- 0x33333000


mem[X,0x8002E198] -> 0x8593
mem[X,0x8002E19A] -> 0x3335
[4365] [M]: 0x8002E198 (0x33358593) addi a1, a1, 819
x11 <- 0x33333333


mem[X,0x8002E19C] -> 0x0613
mem[X,0x8002E19E] -> 0x0000
[4366] [M]: 0x8002E19C (0x00000613) addi a2, zero, 0
x12 <- 0x00000000


mem[X,0x8002E1A0] -> 0x006F
mem[X,0x8002E1A2] -> 0x00C0
[4367] [M]: 0x8002E1A0 (0x00C0006F) jal zero, 12


mem[X,0x8002E1AC] -> 0x5663
mem[X,0x8002E1AE] -> 0x00B5
[4368] [M]: 0x8002E1AC (0x00B55663) bge a0, a1, 12


mem[X,0x8002E1B0] -> 0x0613
mem[X,0x8002E1B2] -> 0x0026
[4369] [M]: 0x8002E1B0 (0x00260613) addi a2, a2, 2
x12 <- 0x00000002


mem[X,0x8002E1B4] -> 0x006F
mem[X,0x8002E1B6] -> 0x00C0
[4370] [M]: 0x8002E1B4 (0x00C0006F) jal zero, 12


mem[X,0x8002E1C0] -> 0x2623
mem[X,0x8002E1C2] -> 0x6EC2
[4371] [M]: 0x8002E1C0 (0x6EC22623) sw a2, 1772(tp)
mem[0x8003B854] <- 0x00000002


mem[X,0x8002E1C4] -> 0x0513
mem[X,0x8002E1C6] -> 0x0040
[4372] [M]: 0x8002E1C4 (0x00400513) addi a0, zero, 4
x10 <- 0x00000004


mem[X,0x8002E1C8] -> 0x65B7
mem[X,0x8002E1CA] -> 0x6666
[4373] [M]: 0x8002E1C8 (0x666665B7) lui a1, 419430
x11 <- 0x66666000


mem[X,0x8002E1CC] -> 0x8593
mem[X,0x8002E1CE] -> 0x6665
[4374] [M]: 0x8002E1CC (0x66658593) addi a1, a1, 1638
x11 <- 0x66666666


mem[X,0x8002E1D0] -> 0x0613
mem[X,0x8002E1D2] -> 0x0000
[4375] [M]: 0x8002E1D0 (0x00000613) addi a2, zero, 0
x12 <- 0x00000000


mem[X,0x8002E1D4] -> 0x006F
mem[X,0x8002E1D6] -> 0x0050
[4376] [M]: 0x8002E1D4 (0x0050006F) jal zero, 2052


mem[X,0x8002E9D8] -> 0x50E3
mem[X,0x8002E9DA] -> 0x80B5
[4377] [M]: 0x8002E9D8 (0x80B550E3) bge a0, a1, 6144


mem[X,0x8002E9DC] -> 0x0613
mem[X,0x8002E9DE] -> 0x0026
[4378] [M]: 0x8002E9DC (0x00260613) addi a2, a2, 2
x12 <- 0x00000002


mem[X,0x8002E9E0] -> 0x006F
mem[X,0x8002E9E2] -> 0x00C0
[4379] [M]: 0x8002E9E0 (0x00C0006F) jal zero, 12


mem[X,0x8002E9EC] -> 0x2823
mem[X,0x8002E9EE] -> 0x6EC2
[4380] [M]: 0x8002E9EC (0x6EC22823) sw a2, 1776(tp)
mem[0x8003B858] <- 0x00000002


mem[X,0x8002E9F0] -> 0x0513
mem[X,0x8002E9F2] -> 0x0040
[4381] [M]: 0x8002E9F0 (0x00400513) addi a0, zero, 4
x10 <- 0x00000004


mem[X,0x8002E9F4] -> 0x55B7
mem[X,0x8002E9F6] -> 0xFFFF
[4382] [M]: 0x8002E9F4 (0xFFFF55B7) lui a1, 1048565
x11 <- 0xFFFF5000


mem[X,0x8002E9F8] -> 0x8593
mem[X,0x8002E9FA] -> 0xAFC5
[4383] [M]: 0x8002E9F8 (0xAFC58593) addi a1, a1, 2812
x11 <- 0xFFFF4AFC


mem[X,0x8002E9FC] -> 0x0613
mem[X,0x8002E9FE] -> 0x0000
[4384] [M]: 0x8002E9FC (0x00000613) addi a2, zero, 0
x12 <- 0x00000000


mem[X,0x8002EA00] -> 0x006F
mem[X,0x8002EA02] -> 0x00C0
[4385] [M]: 0x8002EA00 (0x00C0006F) jal zero, 12


mem[X,0x8002EA0C] -> 0x5CE3
mem[X,0x8002EA0E] -> 0xFEB5
[4386] [M]: 0x8002EA0C (0xFEB55CE3) bge a0, a1, 8184


mem[X,0x8002EA04] -> 0x0613
mem[X,0x8002EA06] -> 0x0016
[4387] [M]: 0x8002EA04 (0x00160613) addi a2, a2, 1
x12 <- 0x00000001


mem[X,0x8002EA08] -> 0x006F
mem[X,0x8002EA0A] -> 0x0180
[4388] [M]: 0x8002EA08 (0x0180006F) jal zero, 24


mem[X,0x8002EA20] -> 0x2A23
mem[X,0x8002EA22] -> 0x6EC2
[4389] [M]: 0x8002EA20 (0x6EC22A23) sw a2, 1780(tp)
mem[0x8003B85C] <- 0x00000001


mem[X,0x8002EA24] -> 0x0513
mem[X,0x8002EA26] -> 0x0040
[4390] [M]: 0x8002EA24 (0x00400513) addi a0, zero, 4
x10 <- 0x00000004


mem[X,0x8002EA28] -> 0xB5B7
mem[X,0x8002EA2A] -> 0x0000
[4391] [M]: 0x8002EA28 (0x0000B5B7) lui a1, 11
x11 <- 0x0000B000


mem[X,0x8002EA2C] -> 0x8593
mem[X,0x8002EA2E] -> 0x5045
[4392] [M]: 0x8002EA2C (0x50458593) addi a1, a1, 1284
x11 <- 0x0000B504


mem[X,0x8002EA30] -> 0x0613
mem[X,0x8002EA32] -> 0x0000
[4393] [M]: 0x8002EA30 (0x00000613) addi a2, zero, 0
x12 <- 0x00000000


mem[X,0x8002EA34] -> 0x006F
mem[X,0x8002EA36] -> 0x0140
[4394] [M]: 0x8002EA34 (0x0140006F) jal zero, 20


mem[X,0x8002EA48] -> 0x58E3
mem[X,0x8002EA4A] -> 0xFEB5
[4395] [M]: 0x8002EA48 (0xFEB558E3) bge a0, a1, 8176


mem[X,0x8002EA4C] -> 0x0613
mem[X,0x8002EA4E] -> 0x0026
[4396] [M]: 0x8002EA4C (0x00260613) addi a2, a2, 2
x12 <- 0x00000002


mem[X,0x8002EA50] -> 0x006F
mem[X,0x8002EA52] -> 0x00C0
[4397] [M]: 0x8002EA50 (0x00C0006F) jal zero, 12


mem[X,0x8002EA5C] -> 0x2C23
mem[X,0x8002EA5E] -> 0x6EC2
[4398] [M]: 0x8002EA5C (0x6EC22C23) sw a2, 1784(tp)
mem[0x8003B860] <- 0x00000002


mem[X,0x8002EA60] -> 0x0513
mem[X,0x8002EA62] -> 0x0040
[4399] [M]: 0x8002EA60 (0x00400513) addi a0, zero, 4
x10 <- 0x00000004


clint::tick mtime <- 0x000000000000002C
 clint timer pending at mtime 0x000000000000002C
htif::tick 0x0000000000000000
mem[X,0x8002EA64] -> 0x0593
mem[X,0x8002EA66] -> 0x0020
[4400] [M]: 0x8002EA64 (0x00200593) addi a1, zero, 2
x11 <- 0x00000002


mem[X,0x8002EA68] -> 0x0613
mem[X,0x8002EA6A] -> 0x0000
[4401] [M]: 0x8002EA68 (0x00000613) addi a2, zero, 0
x12 <- 0x00000000


mem[X,0x8002EA6C] -> 0x006F
mem[X,0x8002EA6E] -> 0x00C0
[4402] [M]: 0x8002EA6C (0x00C0006F) jal zero, 12


mem[X,0x8002EA78] -> 0x5063
mem[X,0x8002EA7A] -> 0x10B5
[4403] [M]: 0x8002EA78 (0x10B55063) bge a0, a1, 256


mem[X,0x8002EB78] -> 0x0613
mem[X,0x8002EB7A] -> 0x0036
[4404] [M]: 0x8002EB78 (0x00360613) addi a2, a2, 3
x12 <- 0x00000003


mem[X,0x8002EB7C] -> 0x006F
mem[X,0x8002EB7E] -> 0x0040
[4405] [M]: 0x8002EB7C (0x0040006F) jal zero, 4


mem[X,0x8002EB80] -> 0x2E23
mem[X,0x8002EB82] -> 0x6EC2
[4406] [M]: 0x8002EB80 (0x6EC22E23) sw a2, 1788(tp)
mem[0x8003B864] <- 0x00000003


mem[X,0x8002EB84] -> 0x0513
mem[X,0x8002EB86] -> 0x0040
[4407] [M]: 0x8002EB84 (0x00400513) addi a0, zero, 4
x10 <- 0x00000004


mem[X,0x8002EB88] -> 0x55B7
mem[X,0x8002EB8A] -> 0x5555
[4408] [M]: 0x8002EB88 (0x555555B7) lui a1, 349525
x11 <- 0x55555000


mem[X,0x8002EB8C] -> 0x8593
mem[X,0x8002EB8E] -> 0x5545
[4409] [M]: 0x8002EB8C (0x55458593) addi a1, a1, 1364
x11 <- 0x55555554


mem[X,0x8002EB90] -> 0x0613
mem[X,0x8002EB92] -> 0x0000
[4410] [M]: 0x8002EB90 (0x00000613) addi a2, zero, 0
x12 <- 0x00000000


mem[X,0x8002EB94] -> 0x006F
mem[X,0x8002EB96] -> 0x00C0
[4411] [M]: 0x8002EB94 (0x00C0006F) jal zero, 12


mem[X,0x8002EBA0] -> 0x5CE3
mem[X,0x8002EBA2] -> 0xFEB5
[4412] [M]: 0x8002EBA0 (0xFEB55CE3) bge a0, a1, 8184


mem[X,0x8002EBA4] -> 0x0613
mem[X,0x8002EBA6] -> 0x0026
[4413] [M]: 0x8002EBA4 (0x00260613) addi a2, a2, 2
x12 <- 0x00000002


mem[X,0x8002EBA8] -> 0x006F
mem[X,0x8002EBAA] -> 0x00C0
[4414] [M]: 0x8002EBA8 (0x00C0006F) jal zero, 12


mem[X,0x8002EBB4] -> 0x2023
mem[X,0x8002EBB6] -> 0x70C2
[4415] [M]: 0x8002EBB4 (0x70C22023) sw a2, 1792(tp)
mem[0x8003B868] <- 0x00000002


mem[X,0x8002EBB8] -> 0x0513
mem[X,0x8002EBBA] -> 0x0040
[4416] [M]: 0x8002EBB8 (0x00400513) addi a0, zero, 4
x10 <- 0x00000004


mem[X,0x8002EBBC] -> 0x0593
mem[X,0x8002EBBE] -> 0x0000
[4417] [M]: 0x8002EBBC (0x00000593) addi a1, zero, 0
x11 <- 0x00000000


mem[X,0x8002EBC0] -> 0x0613
mem[X,0x8002EBC2] -> 0x0000
[4418] [M]: 0x8002EBC0 (0x00000613) addi a2, zero, 0
x12 <- 0x00000000


mem[X,0x8002EBC4] -> 0x006F
mem[X,0x8002EBC6] -> 0x2B10
[4419] [M]: 0x8002EBC4 (0x2B10006F) jal zero, 2736


mem[X,0x8002F674] -> 0x5A63
mem[X,0x8002F676] -> 0xD4B5
[4420] [M]: 0x8002F674 (0xD4B55A63) bge a0, a1, 5460


mem[X,0x8002EBC8] -> 0x0613
mem[X,0x8002EBCA] -> 0x0016
[4421] [M]: 0x8002EBC8 (0x00160613) addi a2, a2, 1
x12 <- 0x00000001


mem[X,0x8002EBCC] -> 0x006F
mem[X,0x8002EBCE] -> 0x2BD0
[4422] [M]: 0x8002EBCC (0x2BD0006F) jal zero, 2748


mem[X,0x8002F688] -> 0x2223
mem[X,0x8002F68A] -> 0x70C2
[4423] [M]: 0x8002F688 (0x70C22223) sw a2, 1796(tp)
mem[0x8003B86C] <- 0x00000001


mem[X,0x8002F68C] -> 0x0513
mem[X,0x8002F68E] -> 0x0040
[4424] [M]: 0x8002F68C (0x00400513) addi a0, zero, 4
x10 <- 0x00000004


mem[X,0x8002F690] -> 0x0593
mem[X,0x8002F692] -> 0x0040
[4425] [M]: 0x8002F690 (0x00400593) addi a1, zero, 4
x11 <- 0x00000004


mem[X,0x8002F694] -> 0x0613
mem[X,0x8002F696] -> 0x0000
[4426] [M]: 0x8002F694 (0x00000613) addi a2, zero, 0
x12 <- 0x00000000


mem[X,0x8002F698] -> 0x006F
mem[X,0x8002F69A] -> 0x00C0
[4427] [M]: 0x8002F698 (0x00C0006F) jal zero, 12


mem[X,0x8002F6A4] -> 0x5663
mem[X,0x8002F6A6] -> 0x00B5
[4428] [M]: 0x8002F6A4 (0x00B55663) bge a0, a1, 12


mem[X,0x8002F6B0] -> 0x0613
mem[X,0x8002F6B2] -> 0x0036
[4429] [M]: 0x8002F6B0 (0x00360613) addi a2, a2, 3
x12 <- 0x00000003


mem[X,0x8002F6B4] -> 0x006F
mem[X,0x8002F6B6] -> 0x0040
[4430] [M]: 0x8002F6B4 (0x0040006F) jal zero, 4


mem[X,0x8002F6B8] -> 0x2423
mem[X,0x8002F6BA] -> 0x70C2
[4431] [M]: 0x8002F6B8 (0x70C22423) sw a2, 1800(tp)
mem[0x8003B870] <- 0x00000003


mem[X,0x8002F6BC] -> 0x0513
mem[X,0x8002F6BE] -> 0x0040
[4432] [M]: 0x8002F6BC (0x00400513) addi a0, zero, 4
x10 <- 0x00000004


mem[X,0x8002F6C0] -> 0x35B7
mem[X,0x8002F6C2] -> 0x3333
[4433] [M]: 0x8002F6C0 (0x333335B7) lui a1, 209715
x11 <- 0x33333000


mem[X,0x8002F6C4] -> 0x8593
mem[X,0x8002F6C6] -> 0x3325
[4434] [M]: 0x8002F6C4 (0x33258593) addi a1, a1, 818
x11 <- 0x33333332


mem[X,0x8002F6C8] -> 0x0613
mem[X,0x8002F6CA] -> 0x0000
[4435] [M]: 0x8002F6C8 (0x00000613) addi a2, zero, 0
x12 <- 0x00000000


mem[X,0x8002F6CC] -> 0x006F
mem[X,0x8002F6CE] -> 0x00C0
[4436] [M]: 0x8002F6CC (0x00C0006F) jal zero, 12


mem[X,0x8002F6D8] -> 0x5063
mem[X,0x8002F6DA] -> 0x08B5
[4437] [M]: 0x8002F6D8 (0x08B55063) bge a0, a1, 128


mem[X,0x8002F6DC] -> 0x0613
mem[X,0x8002F6DE] -> 0x0026
[4438] [M]: 0x8002F6DC (0x00260613) addi a2, a2, 2
x12 <- 0x00000002


mem[X,0x8002F6E0] -> 0x006F
mem[X,0x8002F6E2] -> 0x0800
[4439] [M]: 0x8002F6E0 (0x0800006F) jal zero, 128


mem[X,0x8002F760] -> 0x2623
mem[X,0x8002F762] -> 0x70C2
[4440] [M]: 0x8002F760 (0x70C22623) sw a2, 1804(tp)
mem[0x8003B874] <- 0x00000002


mem[X,0x8002F764] -> 0x0513
mem[X,0x8002F766] -> 0x0040
[4441] [M]: 0x8002F764 (0x00400513) addi a0, zero, 4
x10 <- 0x00000004


mem[X,0x8002F768] -> 0x65B7
mem[X,0x8002F76A] -> 0x6666
[4442] [M]: 0x8002F768 (0x666665B7) lui a1, 419430
x11 <- 0x66666000


mem[X,0x8002F76C] -> 0x8593
mem[X,0x8002F76E] -> 0x6655
[4443] [M]: 0x8002F76C (0x66558593) addi a1, a1, 1637
x11 <- 0x66666665


mem[X,0x8002F770] -> 0x0613
mem[X,0x8002F772] -> 0x0000
[4444] [M]: 0x8002F770 (0x00000613) addi a2, zero, 0
x12 <- 0x00000000


mem[X,0x8002F774] -> 0x006F
mem[X,0x8002F776] -> 0x0100
[4445] [M]: 0x8002F774 (0x0100006F) jal zero, 16


mem[X,0x8002F784] -> 0x5AE3
mem[X,0x8002F786] -> 0xFEB5
[4446] [M]: 0x8002F784 (0xFEB55AE3) bge a0, a1, 8180


mem[X,0x8002F788] -> 0x0613
mem[X,0x8002F78A] -> 0x0026
[4447] [M]: 0x8002F788 (0x00260613) addi a2, a2, 2
x12 <- 0x00000002


mem[X,0x8002F78C] -> 0x006F
mem[X,0x8002F78E] -> 0x00C0
[4448] [M]: 0x8002F78C (0x00C0006F) jal zero, 12


mem[X,0x8002F798] -> 0x2823
mem[X,0x8002F79A] -> 0x70C2
[4449] [M]: 0x8002F798 (0x70C22823) sw a2, 1808(tp)
mem[0x8003B878] <- 0x00000002


mem[X,0x8002F79C] -> 0x0513
mem[X,0x8002F79E] -> 0x0040
[4450] [M]: 0x8002F79C (0x00400513) addi a0, zero, 4
x10 <- 0x00000004


mem[X,0x8002F7A0] -> 0xB5B7
mem[X,0x8002F7A2] -> 0x0000
[4451] [M]: 0x8002F7A0 (0x0000B5B7) lui a1, 11
x11 <- 0x0000B000


mem[X,0x8002F7A4] -> 0x8593
mem[X,0x8002F7A6] -> 0x5035
[4452] [M]: 0x8002F7A4 (0x50358593) addi a1, a1, 1283
x11 <- 0x0000B503


mem[X,0x8002F7A8] -> 0x0613
mem[X,0x8002F7AA] -> 0x0000
[4453] [M]: 0x8002F7A8 (0x00000613) addi a2, zero, 0
x12 <- 0x00000000


mem[X,0x8002F7AC] -> 0x006F
mem[X,0x8002F7AE] -> 0x00C0
[4454] [M]: 0x8002F7AC (0x00C0006F) jal zero, 12


mem[X,0x8002F7B8] -> 0x5863
mem[X,0x8002F7BA] -> 0x00B5
[4455] [M]: 0x8002F7B8 (0x00B55863) bge a0, a1, 16


mem[X,0x8002F7BC] -> 0x0613
mem[X,0x8002F7BE] -> 0x0026
[4456] [M]: 0x8002F7BC (0x00260613) addi a2, a2, 2
x12 <- 0x00000002


mem[X,0x8002F7C0] -> 0x006F
mem[X,0x8002F7C2] -> 0x0100
[4457] [M]: 0x8002F7C0 (0x0100006F) jal zero, 16


mem[X,0x8002F7D0] -> 0x2A23
mem[X,0x8002F7D2] -> 0x70C2
[4458] [M]: 0x8002F7D0 (0x70C22A23) sw a2, 1812(tp)
mem[0x8003B87C] <- 0x00000002


mem[X,0x8002F7D4] -> 0x0513
mem[X,0x8002F7D6] -> 0x0040
[4459] [M]: 0x8002F7D4 (0x00400513) addi a0, zero, 4
x10 <- 0x00000004


mem[X,0x8002F7D8] -> 0x55B7
mem[X,0x8002F7DA] -> 0x5555
[4460] [M]: 0x8002F7D8 (0x555555B7) lui a1, 349525
x11 <- 0x55555000


mem[X,0x8002F7DC] -> 0x8593
mem[X,0x8002F7DE] -> 0x5565
[4461] [M]: 0x8002F7DC (0x55658593) addi a1, a1, 1366
x11 <- 0x55555556


mem[X,0x8002F7E0] -> 0x0613
mem[X,0x8002F7E2] -> 0x0000
[4462] [M]: 0x8002F7E0 (0x00000613) addi a2, zero, 0
x12 <- 0x00000000


mem[X,0x8002F7E4] -> 0x006F
mem[X,0x8002F7E6] -> 0x00C0
[4463] [M]: 0x8002F7E4 (0x00C0006F) jal zero, 12


mem[X,0x8002F7F0] -> 0x5063
mem[X,0x8002F7F2] -> 0x08B5
[4464] [M]: 0x8002F7F0 (0x08B55063) bge a0, a1, 128


mem[X,0x8002F7F4] -> 0x0613
mem[X,0x8002F7F6] -> 0x0026
[4465] [M]: 0x8002F7F4 (0x00260613) addi a2, a2, 2
x12 <- 0x00000002


mem[X,0x8002F7F8] -> 0x006F
mem[X,0x8002F7FA] -> 0x0800
[4466] [M]: 0x8002F7F8 (0x0800006F) jal zero, 128


mem[X,0x8002F878] -> 0x2C23
mem[X,0x8002F87A] -> 0x70C2
[4467] [M]: 0x8002F878 (0x70C22C23) sw a2, 1816(tp)
mem[0x8003B880] <- 0x00000002


mem[X,0x8002F87C] -> 0x0513
mem[X,0x8002F87E] -> 0x0040
[4468] [M]: 0x8002F87C (0x00400513) addi a0, zero, 4
x10 <- 0x00000004


mem[X,0x8002F880] -> 0xB5B7
mem[X,0x8002F882] -> 0xAAAA
[4469] [M]: 0x8002F880 (0xAAAAB5B7) lui a1, 699051
x11 <- 0xAAAAB000


mem[X,0x8002F884] -> 0x8593
mem[X,0x8002F886] -> 0xAAB5
[4470] [M]: 0x8002F884 (0xAAB58593) addi a1, a1, 2731
x11 <- 0xAAAAAAAB


mem[X,0x8002F888] -> 0x0613
mem[X,0x8002F88A] -> 0x0000
[4471] [M]: 0x8002F888 (0x00000613) addi a2, zero, 0
x12 <- 0x00000000


mem[X,0x8002F88C] -> 0x006F
mem[X,0x8002F88E] -> 0x00C0
[4472] [M]: 0x8002F88C (0x00C0006F) jal zero, 12


mem[X,0x8002F898] -> 0x5663
mem[X,0x8002F89A] -> 0x00B5
[4473] [M]: 0x8002F898 (0x00B55663) bge a0, a1, 12


mem[X,0x8002F8A4] -> 0x0613
mem[X,0x8002F8A6] -> 0x0036
[4474] [M]: 0x8002F8A4 (0x00360613) addi a2, a2, 3
x12 <- 0x00000003


mem[X,0x8002F8A8] -> 0x006F
mem[X,0x8002F8AA] -> 0x0040
[4475] [M]: 0x8002F8A8 (0x0040006F) jal zero, 4


mem[X,0x8002F8AC] -> 0x2E23
mem[X,0x8002F8AE] -> 0x70C2
[4476] [M]: 0x8002F8AC (0x70C22E23) sw a2, 1820(tp)
mem[0x8003B884] <- 0x00000003


mem[X,0x8002F8B0] -> 0x0513
mem[X,0x8002F8B2] -> 0x0040
[4477] [M]: 0x8002F8B0 (0x00400513) addi a0, zero, 4
x10 <- 0x00000004


mem[X,0x8002F8B4] -> 0x0593
mem[X,0x8002F8B6] -> 0x0060
[4478] [M]: 0x8002F8B4 (0x00600593) addi a1, zero, 6
x11 <- 0x00000006


mem[X,0x8002F8B8] -> 0x0613
mem[X,0x8002F8BA] -> 0x0000
[4479] [M]: 0x8002F8B8 (0x00000613) addi a2, zero, 0
x12 <- 0x00000000


mem[X,0x8002F8BC] -> 0x006F
mem[X,0x8002F8BE] -> 0x0140
[4480] [M]: 0x8002F8BC (0x0140006F) jal zero, 20


mem[X,0x8002F8D0] -> 0x58E3
mem[X,0x8002F8D2] -> 0xFEB5
[4481] [M]: 0x8002F8D0 (0xFEB558E3) bge a0, a1, 8176


mem[X,0x8002F8D4] -> 0x0613
mem[X,0x8002F8D6] -> 0x0026
[4482] [M]: 0x8002F8D4 (0x00260613) addi a2, a2, 2
x12 <- 0x00000002


mem[X,0x8002F8D8] -> 0x006F
mem[X,0x8002F8DA] -> 0x00C0
[4483] [M]: 0x8002F8D8 (0x00C0006F) jal zero, 12


mem[X,0x8002F8E4] -> 0x2023
mem[X,0x8002F8E6] -> 0x72C2
[4484] [M]: 0x8002F8E4 (0x72C22023) sw a2, 1824(tp)
mem[0x8003B888] <- 0x00000002


mem[X,0x8002F8E8] -> 0x0513
mem[X,0x8002F8EA] -> 0x0040
[4485] [M]: 0x8002F8E8 (0x00400513) addi a0, zero, 4
x10 <- 0x00000004


mem[X,0x8002F8EC] -> 0x35B7
mem[X,0x8002F8EE] -> 0x3333
[4486] [M]: 0x8002F8EC (0x333335B7) lui a1, 209715
x11 <- 0x33333000


mem[X,0x8002F8F0] -> 0x8593
mem[X,0x8002F8F2] -> 0x3345
[4487] [M]: 0x8002F8F0 (0x33458593) addi a1, a1, 820
x11 <- 0x33333334


mem[X,0x8002F8F4] -> 0x0613
mem[X,0x8002F8F6] -> 0x0000
[4488] [M]: 0x8002F8F4 (0x00000613) addi a2, zero, 0
x12 <- 0x00000000


mem[X,0x8002F8F8] -> 0x006F
mem[X,0x8002F8FA] -> 0x00C0
[4489] [M]: 0x8002F8F8 (0x00C0006F) jal zero, 12


mem[X,0x8002F904] -> 0x5063
mem[X,0x8002F906] -> 0x40B5
[4490] [M]: 0x8002F904 (0x40B55063) bge a0, a1, 1024


mem[X,0x8002F908] -> 0x0613
mem[X,0x8002F90A] -> 0x0026
[4491] [M]: 0x8002F908 (0x00260613) addi a2, a2, 2
x12 <- 0x00000002


mem[X,0x8002F90C] -> 0x006F
mem[X,0x8002F90E] -> 0x4000
[4492] [M]: 0x8002F90C (0x4000006F) jal zero, 1024


mem[X,0x8002FD0C] -> 0x2223
mem[X,0x8002FD0E] -> 0x72C2
[4493] [M]: 0x8002FD0C (0x72C22223) sw a2, 1828(tp)
mem[0x8003B88C] <- 0x00000002


mem[X,0x8002FD10] -> 0x0513
mem[X,0x8002FD12] -> 0x0040
[4494] [M]: 0x8002FD10 (0x00400513) addi a0, zero, 4
x10 <- 0x00000004


mem[X,0x8002FD14] -> 0x65B7
mem[X,0x8002FD16] -> 0x6666
[4495] [M]: 0x8002FD14 (0x666665B7) lui a1, 419430
x11 <- 0x66666000


mem[X,0x8002FD18] -> 0x8593
mem[X,0x8002FD1A] -> 0x6675
[4496] [M]: 0x8002FD18 (0x66758593) addi a1, a1, 1639
x11 <- 0x66666667


mem[X,0x8002FD1C] -> 0x0613
mem[X,0x8002FD1E] -> 0x0000
[4497] [M]: 0x8002FD1C (0x00000613) addi a2, zero, 0
x12 <- 0x00000000


mem[X,0x8002FD20] -> 0x006F
mem[X,0x8002FD22] -> 0x00C0
[4498] [M]: 0x8002FD20 (0x00C0006F) jal zero, 12


mem[X,0x8002FD2C] -> 0x5063
mem[X,0x8002FD2E] -> 0x40B5
[4499] [M]: 0x8002FD2C (0x40B55063) bge a0, a1, 1024


clint::tick mtime <- 0x000000000000002D
 clint timer pending at mtime 0x000000000000002D
htif::tick 0x0000000000000000
mem[X,0x8002FD30] -> 0x0613
mem[X,0x8002FD32] -> 0x0026
[4500] [M]: 0x8002FD30 (0x00260613) addi a2, a2, 2
x12 <- 0x00000002


mem[X,0x8002FD34] -> 0x006F
mem[X,0x8002FD36] -> 0x4000
[4501] [M]: 0x8002FD34 (0x4000006F) jal zero, 1024


mem[X,0x80030134] -> 0x2423
mem[X,0x80030136] -> 0x72C2
[4502] [M]: 0x80030134 (0x72C22423) sw a2, 1832(tp)
mem[0x8003B890] <- 0x00000002


mem[X,0x80030138] -> 0x0513
mem[X,0x8003013A] -> 0x0040
[4503] [M]: 0x80030138 (0x00400513) addi a0, zero, 4
x10 <- 0x00000004


mem[X,0x8003013C] -> 0x55B7
mem[X,0x8003013E] -> 0xFFFF
[4504] [M]: 0x8003013C (0xFFFF55B7) lui a1, 1048565
x11 <- 0xFFFF5000


mem[X,0x80030140] -> 0x8593
mem[X,0x80030142] -> 0xAFD5
[4505] [M]: 0x80030140 (0xAFD58593) addi a1, a1, 2813
x11 <- 0xFFFF4AFD


mem[X,0x80030144] -> 0x0613
mem[X,0x80030146] -> 0x0000
[4506] [M]: 0x80030144 (0x00000613) addi a2, zero, 0
x12 <- 0x00000000


mem[X,0x80030148] -> 0x006F
mem[X,0x8003014A] -> 0x0140
[4507] [M]: 0x80030148 (0x0140006F) jal zero, 20


mem[X,0x8003015C] -> 0x58E3
mem[X,0x8003015E] -> 0xFEB5
[4508] [M]: 0x8003015C (0xFEB558E3) bge a0, a1, 8176


mem[X,0x8003014C] -> 0x0613
mem[X,0x8003014E] -> 0x0016
[4509] [M]: 0x8003014C (0x00160613) addi a2, a2, 1
x12 <- 0x00000001


mem[X,0x80030150] -> 0x006F
mem[X,0x80030152] -> 0x0200
[4510] [M]: 0x80030150 (0x0200006F) jal zero, 32


mem[X,0x80030170] -> 0x2623
mem[X,0x80030172] -> 0x72C2
[4511] [M]: 0x80030170 (0x72C22623) sw a2, 1836(tp)
mem[0x8003B894] <- 0x00000001


mem[X,0x80030174] -> 0x0513
mem[X,0x80030176] -> 0x0040
[4512] [M]: 0x80030174 (0x00400513) addi a0, zero, 4
x10 <- 0x00000004


mem[X,0x80030178] -> 0xB5B7
mem[X,0x8003017A] -> 0x0000
[4513] [M]: 0x80030178 (0x0000B5B7) lui a1, 11
x11 <- 0x0000B000


mem[X,0x8003017C] -> 0x8593
mem[X,0x8003017E] -> 0x5055
[4514] [M]: 0x8003017C (0x50558593) addi a1, a1, 1285
x11 <- 0x0000B505


mem[X,0x80030180] -> 0x0613
mem[X,0x80030182] -> 0x0000
[4515] [M]: 0x80030180 (0x00000613) addi a2, zero, 0
x12 <- 0x00000000


mem[X,0x80030184] -> 0x006F
mem[X,0x80030186] -> 0x00C0
[4516] [M]: 0x80030184 (0x00C0006F) jal zero, 12


mem[X,0x80030190] -> 0x5063
mem[X,0x80030192] -> 0x02B5
[4517] [M]: 0x80030190 (0x02B55063) bge a0, a1, 32


mem[X,0x80030194] -> 0x0613
mem[X,0x80030196] -> 0x0026
[4518] [M]: 0x80030194 (0x00260613) addi a2, a2, 2
x12 <- 0x00000002


mem[X,0x80030198] -> 0x006F
mem[X,0x8003019A] -> 0x0200
[4519] [M]: 0x80030198 (0x0200006F) jal zero, 32


mem[X,0x800301B8] -> 0x2823
mem[X,0x800301BA] -> 0x72C2
[4520] [M]: 0x800301B8 (0x72C22823) sw a2, 1840(tp)
mem[0x8003B898] <- 0x00000002


mem[X,0x800301BC] -> 0x3537
mem[X,0x800301BE] -> 0x3333
[4521] [M]: 0x800301BC (0x33333537) lui a0, 209715
x10 <- 0x33333000


mem[X,0x800301C0] -> 0x0513
mem[X,0x800301C2] -> 0x3325
[4522] [M]: 0x800301C0 (0x33250513) addi a0, a0, 818
x10 <- 0x33333332


mem[X,0x800301C4] -> 0x0593
mem[X,0x800301C6] -> 0x0030
[4523] [M]: 0x800301C4 (0x00300593) addi a1, zero, 3
x11 <- 0x00000003


mem[X,0x800301C8] -> 0x0613
mem[X,0x800301CA] -> 0x0000
[4524] [M]: 0x800301C8 (0x00000613) addi a2, zero, 0
x12 <- 0x00000000


mem[X,0x800301CC] -> 0x006F
mem[X,0x800301CE] -> 0x00C0
[4525] [M]: 0x800301CC (0x00C0006F) jal zero, 12


mem[X,0x800301D8] -> 0x5663
mem[X,0x800301DA] -> 0x00B5
[4526] [M]: 0x800301D8 (0x00B55663) bge a0, a1, 12


mem[X,0x800301E4] -> 0x0613
mem[X,0x800301E6] -> 0x0036
[4527] [M]: 0x800301E4 (0x00360613) addi a2, a2, 3
x12 <- 0x00000003


mem[X,0x800301E8] -> 0x006F
mem[X,0x800301EA] -> 0x0040
[4528] [M]: 0x800301E8 (0x0040006F) jal zero, 4


mem[X,0x800301EC] -> 0x2A23
mem[X,0x800301EE] -> 0x72C2
[4529] [M]: 0x800301EC (0x72C22A23) sw a2, 1844(tp)
mem[0x8003B89C] <- 0x00000003


mem[X,0x800301F0] -> 0x3537
mem[X,0x800301F2] -> 0x3333
[4530] [M]: 0x800301F0 (0x33333537) lui a0, 209715
x10 <- 0x33333000


mem[X,0x800301F4] -> 0x0513
mem[X,0x800301F6] -> 0x3325
[4531] [M]: 0x800301F4 (0x33250513) addi a0, a0, 818
x10 <- 0x33333332


mem[X,0x800301F8] -> 0x55B7
mem[X,0x800301FA] -> 0x5555
[4532] [M]: 0x800301F8 (0x555555B7) lui a1, 349525
x11 <- 0x55555000


mem[X,0x800301FC] -> 0x8593
mem[X,0x800301FE] -> 0x5555
[4533] [M]: 0x800301FC (0x55558593) addi a1, a1, 1365
x11 <- 0x55555555


mem[X,0x80030200] -> 0x0613
mem[X,0x80030202] -> 0x0000
[4534] [M]: 0x80030200 (0x00000613) addi a2, zero, 0
x12 <- 0x00000000


mem[X,0x80030204] -> 0x006F
mem[X,0x80030206] -> 0x0140
[4535] [M]: 0x80030204 (0x0140006F) jal zero, 20


mem[X,0x80030218] -> 0x58E3
mem[X,0x8003021A] -> 0xFEB5
[4536] [M]: 0x80030218 (0xFEB558E3) bge a0, a1, 8176


mem[X,0x8003021C] -> 0x0613
mem[X,0x8003021E] -> 0x0026
[4537] [M]: 0x8003021C (0x00260613) addi a2, a2, 2
x12 <- 0x00000002


mem[X,0x80030220] -> 0x006F
mem[X,0x80030222] -> 0x00C0
[4538] [M]: 0x80030220 (0x00C0006F) jal zero, 12


mem[X,0x8003022C] -> 0x2C23
mem[X,0x8003022E] -> 0x72C2
[4539] [M]: 0x8003022C (0x72C22C23) sw a2, 1848(tp)
mem[0x8003B8A0] <- 0x00000002


mem[X,0x80030230] -> 0x3537
mem[X,0x80030232] -> 0x3333
[4540] [M]: 0x80030230 (0x33333537) lui a0, 209715
x10 <- 0x33333000


mem[X,0x80030234] -> 0x0513
mem[X,0x80030236] -> 0x3325
[4541] [M]: 0x80030234 (0x33250513) addi a0, a0, 818
x10 <- 0x33333332


mem[X,0x80030238] -> 0xB5B7
mem[X,0x8003023A] -> 0xAAAA
[4542] [M]: 0x80030238 (0xAAAAB5B7) lui a1, 699051
x11 <- 0xAAAAB000


mem[X,0x8003023C] -> 0x8593
mem[X,0x8003023E] -> 0xAAA5
[4543] [M]: 0x8003023C (0xAAA58593) addi a1, a1, 2730
x11 <- 0xAAAAAAAA


mem[X,0x80030240] -> 0x0613
mem[X,0x80030242] -> 0x0000
[4544] [M]: 0x80030240 (0x00000613) addi a2, zero, 0
x12 <- 0x00000000


mem[X,0x80030244] -> 0x006F
mem[X,0x80030246] -> 0x0180
[4545] [M]: 0x80030244 (0x0180006F) jal zero, 24


mem[X,0x8003025C] -> 0x56E3
mem[X,0x8003025E] -> 0xFEB5
[4546] [M]: 0x8003025C (0xFEB556E3) bge a0, a1, 8172


mem[X,0x80030248] -> 0x0613
mem[X,0x8003024A] -> 0x0016
[4547] [M]: 0x80030248 (0x00160613) addi a2, a2, 1
x12 <- 0x00000001


mem[X,0x8003024C] -> 0x006F
mem[X,0x8003024E] -> 0x0240
[4548] [M]: 0x8003024C (0x0240006F) jal zero, 36


mem[X,0x80030270] -> 0x2E23
mem[X,0x80030272] -> 0x72C2
[4549] [M]: 0x80030270 (0x72C22E23) sw a2, 1852(tp)
mem[0x8003B8A4] <- 0x00000001


mem[X,0x80030274] -> 0x3537
mem[X,0x80030276] -> 0x3333
[4550] [M]: 0x80030274 (0x33333537) lui a0, 209715
x10 <- 0x33333000


mem[X,0x80030278] -> 0x0513
mem[X,0x8003027A] -> 0x3325
[4551] [M]: 0x80030278 (0x33250513) addi a0, a0, 818
x10 <- 0x33333332


mem[X,0x8003027C] -> 0x0593
mem[X,0x8003027E] -> 0x0050
[4552] [M]: 0x8003027C (0x00500593) addi a1, zero, 5
x11 <- 0x00000005


mem[X,0x80030280] -> 0x0613
mem[X,0x80030282] -> 0x0000
[4553] [M]: 0x80030280 (0x00000613) addi a2, zero, 0
x12 <- 0x00000000


mem[X,0x80030284] -> 0x006F
mem[X,0x80030286] -> 0x00C0
[4554] [M]: 0x80030284 (0x00C0006F) jal zero, 12


mem[X,0x80030290] -> 0x5CE3
mem[X,0x80030292] -> 0xFEB5
[4555] [M]: 0x80030290 (0xFEB55CE3) bge a0, a1, 8184


mem[X,0x80030288] -> 0x0613
mem[X,0x8003028A] -> 0x0016
[4556] [M]: 0x80030288 (0x00160613) addi a2, a2, 1
x12 <- 0x00000001


mem[X,0x8003028C] -> 0x006F
mem[X,0x8003028E] -> 0x0180
[4557] [M]: 0x8003028C (0x0180006F) jal zero, 24


mem[X,0x800302A4] -> 0x2023
mem[X,0x800302A6] -> 0x74C2
[4558] [M]: 0x800302A4 (0x74C22023) sw a2, 1856(tp)
mem[0x8003B8A8] <- 0x00000001


mem[X,0x800302A8] -> 0x3537
mem[X,0x800302AA] -> 0x3333
[4559] [M]: 0x800302A8 (0x33333537) lui a0, 209715
x10 <- 0x33333000


mem[X,0x800302AC] -> 0x0513
mem[X,0x800302AE] -> 0x3325
[4560] [M]: 0x800302AC (0x33250513) addi a0, a0, 818
x10 <- 0x33333332


mem[X,0x800302B0] -> 0x35B7
mem[X,0x800302B2] -> 0x3333
[4561] [M]: 0x800302B0 (0x333335B7) lui a1, 209715
x11 <- 0x33333000


mem[X,0x800302B4] -> 0x8593
mem[X,0x800302B6] -> 0x3335
[4562] [M]: 0x800302B4 (0x33358593) addi a1, a1, 819
x11 <- 0x33333333


mem[X,0x800302B8] -> 0x0613
mem[X,0x800302BA] -> 0x0000
[4563] [M]: 0x800302B8 (0x00000613) addi a2, zero, 0
x12 <- 0x00000000


mem[X,0x800302BC] -> 0x006F
mem[X,0x800302BE] -> 0x0100
[4564] [M]: 0x800302BC (0x0100006F) jal zero, 16


mem[X,0x800302CC] -> 0x5AE3
mem[X,0x800302CE] -> 0xFEB5
[4565] [M]: 0x800302CC (0xFEB55AE3) bge a0, a1, 8180


mem[X,0x800302D0] -> 0x0613
mem[X,0x800302D2] -> 0x0026
[4566] [M]: 0x800302D0 (0x00260613) addi a2, a2, 2
x12 <- 0x00000002


mem[X,0x800302D4] -> 0x006F
mem[X,0x800302D6] -> 0x00C0
[4567] [M]: 0x800302D4 (0x00C0006F) jal zero, 12


mem[X,0x800302E0] -> 0x2223
mem[X,0x800302E2] -> 0x74C2
[4568] [M]: 0x800302E0 (0x74C22223) sw a2, 1860(tp)
mem[0x8003B8AC] <- 0x00000002


mem[X,0x800302E4] -> 0x3537
mem[X,0x800302E6] -> 0x3333
[4569] [M]: 0x800302E4 (0x33333537) lui a0, 209715
x10 <- 0x33333000


mem[X,0x800302E8] -> 0x0513
mem[X,0x800302EA] -> 0x3325
[4570] [M]: 0x800302E8 (0x33250513) addi a0, a0, 818
x10 <- 0x33333332


mem[X,0x800302EC] -> 0x65B7
mem[X,0x800302EE] -> 0x6666
[4571] [M]: 0x800302EC (0x666665B7) lui a1, 419430
x11 <- 0x66666000


mem[X,0x800302F0] -> 0x8593
mem[X,0x800302F2] -> 0x6665
[4572] [M]: 0x800302F0 (0x66658593) addi a1, a1, 1638
x11 <- 0x66666666


mem[X,0x800302F4] -> 0x0613
mem[X,0x800302F6] -> 0x0000
[4573] [M]: 0x800302F4 (0x00000613) addi a2, zero, 0
x12 <- 0x00000000


mem[X,0x800302F8] -> 0x006F
mem[X,0x800302FA] -> 0x0050
[4574] [M]: 0x800302F8 (0x0050006F) jal zero, 2052


mem[X,0x80030AFC] -> 0x50E3
mem[X,0x80030AFE] -> 0x80B5
[4575] [M]: 0x80030AFC (0x80B550E3) bge a0, a1, 6144


mem[X,0x80030B00] -> 0x0613
mem[X,0x80030B02] -> 0x0026
[4576] [M]: 0x80030B00 (0x00260613) addi a2, a2, 2
x12 <- 0x00000002


mem[X,0x80030B04] -> 0x006F
mem[X,0x80030B06] -> 0x00C0
[4577] [M]: 0x80030B04 (0x00C0006F) jal zero, 12


mem[X,0x80030B10] -> 0x2423
mem[X,0x80030B12] -> 0x74C2
[4578] [M]: 0x80030B10 (0x74C22423) sw a2, 1864(tp)
mem[0x8003B8B0] <- 0x00000002


mem[X,0x80030B14] -> 0x3537
mem[X,0x80030B16] -> 0x3333
[4579] [M]: 0x80030B14 (0x33333537) lui a0, 209715
x10 <- 0x33333000


mem[X,0x80030B18] -> 0x0513
mem[X,0x80030B1A] -> 0x3325
[4580] [M]: 0x80030B18 (0x33250513) addi a0, a0, 818
x10 <- 0x33333332


mem[X,0x80030B1C] -> 0x55B7
mem[X,0x80030B1E] -> 0xFFFF
[4581] [M]: 0x80030B1C (0xFFFF55B7) lui a1, 1048565
x11 <- 0xFFFF5000


mem[X,0x80030B20] -> 0x8593
mem[X,0x80030B22] -> 0xAFC5
[4582] [M]: 0x80030B20 (0xAFC58593) addi a1, a1, 2812
x11 <- 0xFFFF4AFC


mem[X,0x80030B24] -> 0x0613
mem[X,0x80030B26] -> 0x0000
[4583] [M]: 0x80030B24 (0x00000613) addi a2, zero, 0
x12 <- 0x00000000


mem[X,0x80030B28] -> 0x006F
mem[X,0x80030B2A] -> 0x0180
[4584] [M]: 0x80030B28 (0x0180006F) jal zero, 24


mem[X,0x80030B40] -> 0x56E3
mem[X,0x80030B42] -> 0xFEB5
[4585] [M]: 0x80030B40 (0xFEB556E3) bge a0, a1, 8172


mem[X,0x80030B2C] -> 0x0613
mem[X,0x80030B2E] -> 0x0016
[4586] [M]: 0x80030B2C (0x00160613) addi a2, a2, 1
x12 <- 0x00000001


mem[X,0x80030B30] -> 0x006F
mem[X,0x80030B32] -> 0x0240
[4587] [M]: 0x80030B30 (0x0240006F) jal zero, 36


mem[X,0x80030B54] -> 0x2623
mem[X,0x80030B56] -> 0x74C2
[4588] [M]: 0x80030B54 (0x74C22623) sw a2, 1868(tp)
mem[0x8003B8B4] <- 0x00000001


mem[X,0x80030B58] -> 0x3537
mem[X,0x80030B5A] -> 0x3333
[4589] [M]: 0x80030B58 (0x33333537) lui a0, 209715
x10 <- 0x33333000


mem[X,0x80030B5C] -> 0x0513
mem[X,0x80030B5E] -> 0x3325
[4590] [M]: 0x80030B5C (0x33250513) addi a0, a0, 818
x10 <- 0x33333332


mem[X,0x80030B60] -> 0xB5B7
mem[X,0x80030B62] -> 0x0000
[4591] [M]: 0x80030B60 (0x0000B5B7) lui a1, 11
x11 <- 0x0000B000


mem[X,0x80030B64] -> 0x8593
mem[X,0x80030B66] -> 0x5045
[4592] [M]: 0x80030B64 (0x50458593) addi a1, a1, 1284
x11 <- 0x0000B504


mem[X,0x80030B68] -> 0x0613
mem[X,0x80030B6A] -> 0x0000
[4593] [M]: 0x80030B68 (0x00000613) addi a2, zero, 0
x12 <- 0x00000000


mem[X,0x80030B6C] -> 0x006F
mem[X,0x80030B6E] -> 0x0140
[4594] [M]: 0x80030B6C (0x0140006F) jal zero, 20


mem[X,0x80030B80] -> 0x58E3
mem[X,0x80030B82] -> 0xFEB5
[4595] [M]: 0x80030B80 (0xFEB558E3) bge a0, a1, 8176


mem[X,0x80030B70] -> 0x0613
mem[X,0x80030B72] -> 0x0016
[4596] [M]: 0x80030B70 (0x00160613) addi a2, a2, 1
x12 <- 0x00000001


mem[X,0x80030B74] -> 0x006F
mem[X,0x80030B76] -> 0x0200
[4597] [M]: 0x80030B74 (0x0200006F) jal zero, 32


mem[X,0x80030B94] -> 0x2823
mem[X,0x80030B96] -> 0x74C2
[4598] [M]: 0x80030B94 (0x74C22823) sw a2, 1872(tp)
mem[0x8003B8B8] <- 0x00000001


mem[X,0x80030B98] -> 0x3537
mem[X,0x80030B9A] -> 0x3333
[4599] [M]: 0x80030B98 (0x33333537) lui a0, 209715
x10 <- 0x33333000


clint::tick mtime <- 0x000000000000002E
 clint timer pending at mtime 0x000000000000002E
htif::tick 0x0000000000000000
mem[X,0x80030B9C] -> 0x0513
mem[X,0x80030B9E] -> 0x3325
[4600] [M]: 0x80030B9C (0x33250513) addi a0, a0, 818
x10 <- 0x33333332


mem[X,0x80030BA0] -> 0x0593
mem[X,0x80030BA2] -> 0x0020
[4601] [M]: 0x80030BA0 (0x00200593) addi a1, zero, 2
x11 <- 0x00000002


mem[X,0x80030BA4] -> 0x0613
mem[X,0x80030BA6] -> 0x0000
[4602] [M]: 0x80030BA4 (0x00000613) addi a2, zero, 0
x12 <- 0x00000000


mem[X,0x80030BA8] -> 0x006F
mem[X,0x80030BAA] -> 0x00C0
[4603] [M]: 0x80030BA8 (0x00C0006F) jal zero, 12


mem[X,0x80030BB4] -> 0x5663
mem[X,0x80030BB6] -> 0x00B5
[4604] [M]: 0x80030BB4 (0x00B55663) bge a0, a1, 12


mem[X,0x80030BC0] -> 0x0613
mem[X,0x80030BC2] -> 0x0036
[4605] [M]: 0x80030BC0 (0x00360613) addi a2, a2, 3
x12 <- 0x00000003


mem[X,0x80030BC4] -> 0x006F
mem[X,0x80030BC6] -> 0x0040
[4606] [M]: 0x80030BC4 (0x0040006F) jal zero, 4


mem[X,0x80030BC8] -> 0x2A23
mem[X,0x80030BCA] -> 0x74C2
[4607] [M]: 0x80030BC8 (0x74C22A23) sw a2, 1876(tp)
mem[0x8003B8BC] <- 0x00000003


mem[X,0x80030BCC] -> 0x3537
mem[X,0x80030BCE] -> 0x3333
[4608] [M]: 0x80030BCC (0x33333537) lui a0, 209715
x10 <- 0x33333000


mem[X,0x80030BD0] -> 0x0513
mem[X,0x80030BD2] -> 0x3325
[4609] [M]: 0x80030BD0 (0x33250513) addi a0, a0, 818
x10 <- 0x33333332


mem[X,0x80030BD4] -> 0x55B7
mem[X,0x80030BD6] -> 0x5555
[4610] [M]: 0x80030BD4 (0x555555B7) lui a1, 349525
x11 <- 0x55555000


mem[X,0x80030BD8] -> 0x8593
mem[X,0x80030BDA] -> 0x5545
[4611] [M]: 0x80030BD8 (0x55458593) addi a1, a1, 1364
x11 <- 0x55555554


mem[X,0x80030BDC] -> 0x0613
mem[X,0x80030BDE] -> 0x0000
[4612] [M]: 0x80030BDC (0x00000613) addi a2, zero, 0
x12 <- 0x00000000


mem[X,0x80030BE0] -> 0x006F
mem[X,0x80030BE2] -> 0x00C0
[4613] [M]: 0x80030BE0 (0x00C0006F) jal zero, 12


mem[X,0x80030BEC] -> 0x5063
mem[X,0x80030BEE] -> 0x08B5
[4614] [M]: 0x80030BEC (0x08B55063) bge a0, a1, 128


mem[X,0x80030BF0] -> 0x0613
mem[X,0x80030BF2] -> 0x0026
[4615] [M]: 0x80030BF0 (0x00260613) addi a2, a2, 2
x12 <- 0x00000002


mem[X,0x80030BF4] -> 0x006F
mem[X,0x80030BF6] -> 0x0800
[4616] [M]: 0x80030BF4 (0x0800006F) jal zero, 128


mem[X,0x80030C74] -> 0x2C23
mem[X,0x80030C76] -> 0x74C2
[4617] [M]: 0x80030C74 (0x74C22C23) sw a2, 1880(tp)
mem[0x8003B8C0] <- 0x00000002


mem[X,0x80030C78] -> 0x3537
mem[X,0x80030C7A] -> 0x3333
[4618] [M]: 0x80030C78 (0x33333537) lui a0, 209715
x10 <- 0x33333000


mem[X,0x80030C7C] -> 0x0513
mem[X,0x80030C7E] -> 0x3325
[4619] [M]: 0x80030C7C (0x33250513) addi a0, a0, 818
x10 <- 0x33333332


mem[X,0x80030C80] -> 0x0593
mem[X,0x80030C82] -> 0x0000
[4620] [M]: 0x80030C80 (0x00000593) addi a1, zero, 0
x11 <- 0x00000000


mem[X,0x80030C84] -> 0x0613
mem[X,0x80030C86] -> 0x0000
[4621] [M]: 0x80030C84 (0x00000613) addi a2, zero, 0
x12 <- 0x00000000


mem[X,0x80030C88] -> 0x006F
mem[X,0x80030C8A] -> 0x0180
[4622] [M]: 0x80030C88 (0x0180006F) jal zero, 24


mem[X,0x80030CA0] -> 0x56E3
mem[X,0x80030CA2] -> 0xFEB5
[4623] [M]: 0x80030CA0 (0xFEB556E3) bge a0, a1, 8172


mem[X,0x80030C8C] -> 0x0613
mem[X,0x80030C8E] -> 0x0016
[4624] [M]: 0x80030C8C (0x00160613) addi a2, a2, 1
x12 <- 0x00000001


mem[X,0x80030C90] -> 0x006F
mem[X,0x80030C92] -> 0x0240
[4625] [M]: 0x80030C90 (0x0240006F) jal zero, 36


mem[X,0x80030CB4] -> 0x2E23
mem[X,0x80030CB6] -> 0x74C2
[4626] [M]: 0x80030CB4 (0x74C22E23) sw a2, 1884(tp)
mem[0x8003B8C4] <- 0x00000001


mem[X,0x80030CB8] -> 0x3537
mem[X,0x80030CBA] -> 0x3333
[4627] [M]: 0x80030CB8 (0x33333537) lui a0, 209715
x10 <- 0x33333000


mem[X,0x80030CBC] -> 0x0513
mem[X,0x80030CBE] -> 0x3325
[4628] [M]: 0x80030CBC (0x33250513) addi a0, a0, 818
x10 <- 0x33333332


mem[X,0x80030CC0] -> 0x0593
mem[X,0x80030CC2] -> 0x0040
[4629] [M]: 0x80030CC0 (0x00400593) addi a1, zero, 4
x11 <- 0x00000004


mem[X,0x80030CC4] -> 0x0613
mem[X,0x80030CC6] -> 0x0000
[4630] [M]: 0x80030CC4 (0x00000613) addi a2, zero, 0
x12 <- 0x00000000


mem[X,0x80030CC8] -> 0x006F
mem[X,0x80030CCA] -> 0x00C0
[4631] [M]: 0x80030CC8 (0x00C0006F) jal zero, 12


mem[X,0x80030CD4] -> 0x5063
mem[X,0x80030CD6] -> 0x40B5
[4632] [M]: 0x80030CD4 (0x40B55063) bge a0, a1, 1024


mem[X,0x800310D4] -> 0x0613
mem[X,0x800310D6] -> 0x0036
[4633] [M]: 0x800310D4 (0x00360613) addi a2, a2, 3
x12 <- 0x00000003


mem[X,0x800310D8] -> 0x006F
mem[X,0x800310DA] -> 0x0040
[4634] [M]: 0x800310D8 (0x0040006F) jal zero, 4


mem[X,0x800310DC] -> 0x2023
mem[X,0x800310DE] -> 0x76C2
[4635] [M]: 0x800310DC (0x76C22023) sw a2, 1888(tp)
mem[0x8003B8C8] <- 0x00000003


mem[X,0x800310E0] -> 0x3537
mem[X,0x800310E2] -> 0x3333
[4636] [M]: 0x800310E0 (0x33333537) lui a0, 209715
x10 <- 0x33333000


mem[X,0x800310E4] -> 0x0513
mem[X,0x800310E6] -> 0x3325
[4637] [M]: 0x800310E4 (0x33250513) addi a0, a0, 818
x10 <- 0x33333332


mem[X,0x800310E8] -> 0x35B7
mem[X,0x800310EA] -> 0x3333
[4638] [M]: 0x800310E8 (0x333335B7) lui a1, 209715
x11 <- 0x33333000


mem[X,0x800310EC] -> 0x8593
mem[X,0x800310EE] -> 0x3325
[4639] [M]: 0x800310EC (0x33258593) addi a1, a1, 818
x11 <- 0x33333332


mem[X,0x800310F0] -> 0x0613
mem[X,0x800310F2] -> 0x0000
[4640] [M]: 0x800310F0 (0x00000613) addi a2, zero, 0
x12 <- 0x00000000


mem[X,0x800310F4] -> 0x006F
mem[X,0x800310F6] -> 0x00C0
[4641] [M]: 0x800310F4 (0x00C0006F) jal zero, 12


mem[X,0x80031100] -> 0x5663
mem[X,0x80031102] -> 0x00B5
[4642] [M]: 0x80031100 (0x00B55663) bge a0, a1, 12


mem[X,0x8003110C] -> 0x0613
mem[X,0x8003110E] -> 0x0036
[4643] [M]: 0x8003110C (0x00360613) addi a2, a2, 3
x12 <- 0x00000003


mem[X,0x80031110] -> 0x006F
mem[X,0x80031112] -> 0x0040
[4644] [M]: 0x80031110 (0x0040006F) jal zero, 4


mem[X,0x80031114] -> 0x2223
mem[X,0x80031116] -> 0x76C2
[4645] [M]: 0x80031114 (0x76C22223) sw a2, 1892(tp)
mem[0x8003B8CC] <- 0x00000003


mem[X,0x80031118] -> 0x3537
mem[X,0x8003111A] -> 0x3333
[4646] [M]: 0x80031118 (0x33333537) lui a0, 209715
x10 <- 0x33333000


mem[X,0x8003111C] -> 0x0513
mem[X,0x8003111E] -> 0x3325
[4647] [M]: 0x8003111C (0x33250513) addi a0, a0, 818
x10 <- 0x33333332


mem[X,0x80031120] -> 0x65B7
mem[X,0x80031122] -> 0x6666
[4648] [M]: 0x80031120 (0x666665B7) lui a1, 419430
x11 <- 0x66666000


mem[X,0x80031124] -> 0x8593
mem[X,0x80031126] -> 0x6655
[4649] [M]: 0x80031124 (0x66558593) addi a1, a1, 1637
x11 <- 0x66666665


mem[X,0x80031128] -> 0x0613
mem[X,0x8003112A] -> 0x0000
[4650] [M]: 0x80031128 (0x00000613) addi a2, zero, 0
x12 <- 0x00000000


mem[X,0x8003112C] -> 0x006F
mem[X,0x8003112E] -> 0x00C0
[4651] [M]: 0x8003112C (0x00C0006F) jal zero, 12


mem[X,0x80031138] -> 0x5663
mem[X,0x8003113A] -> 0x00B5
[4652] [M]: 0x80031138 (0x00B55663) bge a0, a1, 12


mem[X,0x8003113C] -> 0x0613
mem[X,0x8003113E] -> 0x0026
[4653] [M]: 0x8003113C (0x00260613) addi a2, a2, 2
x12 <- 0x00000002


mem[X,0x80031140] -> 0x006F
mem[X,0x80031142] -> 0x00C0
[4654] [M]: 0x80031140 (0x00C0006F) jal zero, 12


mem[X,0x8003114C] -> 0x2423
mem[X,0x8003114E] -> 0x76C2
[4655] [M]: 0x8003114C (0x76C22423) sw a2, 1896(tp)
mem[0x8003B8D0] <- 0x00000002


mem[X,0x80031150] -> 0x3537
mem[X,0x80031152] -> 0x3333
[4656] [M]: 0x80031150 (0x33333537) lui a0, 209715
x10 <- 0x33333000


mem[X,0x80031154] -> 0x0513
mem[X,0x80031156] -> 0x3325
[4657] [M]: 0x80031154 (0x33250513) addi a0, a0, 818
x10 <- 0x33333332


mem[X,0x80031158] -> 0xB5B7
mem[X,0x8003115A] -> 0x0000
[4658] [M]: 0x80031158 (0x0000B5B7) lui a1, 11
x11 <- 0x0000B000


mem[X,0x8003115C] -> 0x8593
mem[X,0x8003115E] -> 0x5035
[4659] [M]: 0x8003115C (0x50358593) addi a1, a1, 1283
x11 <- 0x0000B503


mem[X,0x80031160] -> 0x0613
mem[X,0x80031162] -> 0x0000
[4660] [M]: 0x80031160 (0x00000613) addi a2, zero, 0
x12 <- 0x00000000


mem[X,0x80031164] -> 0x006F
mem[X,0x80031166] -> 0x00C0
[4661] [M]: 0x80031164 (0x00C0006F) jal zero, 12


mem[X,0x80031170] -> 0x5CE3
mem[X,0x80031172] -> 0xFEB5
[4662] [M]: 0x80031170 (0xFEB55CE3) bge a0, a1, 8184


mem[X,0x80031168] -> 0x0613
mem[X,0x8003116A] -> 0x0016
[4663] [M]: 0x80031168 (0x00160613) addi a2, a2, 1
x12 <- 0x00000001


mem[X,0x8003116C] -> 0x006F
mem[X,0x8003116E] -> 0x0180
[4664] [M]: 0x8003116C (0x0180006F) jal zero, 24


mem[X,0x80031184] -> 0x2623
mem[X,0x80031186] -> 0x76C2
[4665] [M]: 0x80031184 (0x76C22623) sw a2, 1900(tp)
mem[0x8003B8D4] <- 0x00000001


mem[X,0x80031188] -> 0x3537
mem[X,0x8003118A] -> 0x3333
[4666] [M]: 0x80031188 (0x33333537) lui a0, 209715
x10 <- 0x33333000


mem[X,0x8003118C] -> 0x0513
mem[X,0x8003118E] -> 0x3325
[4667] [M]: 0x8003118C (0x33250513) addi a0, a0, 818
x10 <- 0x33333332


mem[X,0x80031190] -> 0x55B7
mem[X,0x80031192] -> 0x5555
[4668] [M]: 0x80031190 (0x555555B7) lui a1, 349525
x11 <- 0x55555000


mem[X,0x80031194] -> 0x8593
mem[X,0x80031196] -> 0x5565
[4669] [M]: 0x80031194 (0x55658593) addi a1, a1, 1366
x11 <- 0x55555556


mem[X,0x80031198] -> 0x0613
mem[X,0x8003119A] -> 0x0000
[4670] [M]: 0x80031198 (0x00000613) addi a2, zero, 0
x12 <- 0x00000000


mem[X,0x8003119C] -> 0x006F
mem[X,0x8003119E] -> 0x00C0
[4671] [M]: 0x8003119C (0x00C0006F) jal zero, 12


mem[X,0x800311A8] -> 0x5063
mem[X,0x800311AA] -> 0x40B5
[4672] [M]: 0x800311A8 (0x40B55063) bge a0, a1, 1024


mem[X,0x800311AC] -> 0x0613
mem[X,0x800311AE] -> 0x0026
[4673] [M]: 0x800311AC (0x00260613) addi a2, a2, 2
x12 <- 0x00000002


mem[X,0x800311B0] -> 0x006F
mem[X,0x800311B2] -> 0x4000
[4674] [M]: 0x800311B0 (0x4000006F) jal zero, 1024


mem[X,0x800315B0] -> 0x2823
mem[X,0x800315B2] -> 0x76C2
[4675] [M]: 0x800315B0 (0x76C22823) sw a2, 1904(tp)
mem[0x8003B8D8] <- 0x00000002


mem[X,0x800315B4] -> 0x3537
mem[X,0x800315B6] -> 0x3333
[4676] [M]: 0x800315B4 (0x33333537) lui a0, 209715
x10 <- 0x33333000


mem[X,0x800315B8] -> 0x0513
mem[X,0x800315BA] -> 0x3325
[4677] [M]: 0x800315B8 (0x33250513) addi a0, a0, 818
x10 <- 0x33333332


mem[X,0x800315BC] -> 0xB5B7
mem[X,0x800315BE] -> 0xAAAA
[4678] [M]: 0x800315BC (0xAAAAB5B7) lui a1, 699051
x11 <- 0xAAAAB000


mem[X,0x800315C0] -> 0x8593
mem[X,0x800315C2] -> 0xAAB5
[4679] [M]: 0x800315C0 (0xAAB58593) addi a1, a1, 2731
x11 <- 0xAAAAAAAB


mem[X,0x800315C4] -> 0x0613
mem[X,0x800315C6] -> 0x0000
[4680] [M]: 0x800315C4 (0x00000613) addi a2, zero, 0
x12 <- 0x00000000


mem[X,0x800315C8] -> 0x006F
mem[X,0x800315CA] -> 0x0180
[4681] [M]: 0x800315C8 (0x0180006F) jal zero, 24


mem[X,0x800315E0] -> 0x56E3
mem[X,0x800315E2] -> 0xFEB5
[4682] [M]: 0x800315E0 (0xFEB556E3) bge a0, a1, 8172


mem[X,0x800315CC] -> 0x0613
mem[X,0x800315CE] -> 0x0016
[4683] [M]: 0x800315CC (0x00160613) addi a2, a2, 1
x12 <- 0x00000001


mem[X,0x800315D0] -> 0x006F
mem[X,0x800315D2] -> 0x0240
[4684] [M]: 0x800315D0 (0x0240006F) jal zero, 36


mem[X,0x800315F4] -> 0x2A23
mem[X,0x800315F6] -> 0x76C2
[4685] [M]: 0x800315F4 (0x76C22A23) sw a2, 1908(tp)
mem[0x8003B8DC] <- 0x00000001


mem[X,0x800315F8] -> 0x3537
mem[X,0x800315FA] -> 0x3333
[4686] [M]: 0x800315F8 (0x33333537) lui a0, 209715
x10 <- 0x33333000


mem[X,0x800315FC] -> 0x0513
mem[X,0x800315FE] -> 0x3325
[4687] [M]: 0x800315FC (0x33250513) addi a0, a0, 818
x10 <- 0x33333332


mem[X,0x80031600] -> 0x0593
mem[X,0x80031602] -> 0x0060
[4688] [M]: 0x80031600 (0x00600593) addi a1, zero, 6
x11 <- 0x00000006


mem[X,0x80031604] -> 0x0613
mem[X,0x80031606] -> 0x0000
[4689] [M]: 0x80031604 (0x00000613) addi a2, zero, 0
x12 <- 0x00000000


mem[X,0x80031608] -> 0x006F
mem[X,0x8003160A] -> 0x00C0
[4690] [M]: 0x80031608 (0x00C0006F) jal zero, 12


mem[X,0x80031614] -> 0x5663
mem[X,0x80031616] -> 0x00B5
[4691] [M]: 0x80031614 (0x00B55663) bge a0, a1, 12


mem[X,0x80031620] -> 0x0613
mem[X,0x80031622] -> 0x0036
[4692] [M]: 0x80031620 (0x00360613) addi a2, a2, 3
x12 <- 0x00000003


mem[X,0x80031624] -> 0x006F
mem[X,0x80031626] -> 0x0040
[4693] [M]: 0x80031624 (0x0040006F) jal zero, 4


mem[X,0x80031628] -> 0x2C23
mem[X,0x8003162A] -> 0x76C2
[4694] [M]: 0x80031628 (0x76C22C23) sw a2, 1912(tp)
mem[0x8003B8E0] <- 0x00000003


mem[X,0x8003162C] -> 0x3537
mem[X,0x8003162E] -> 0x3333
[4695] [M]: 0x8003162C (0x33333537) lui a0, 209715
x10 <- 0x33333000


mem[X,0x80031630] -> 0x0513
mem[X,0x80031632] -> 0x3325
[4696] [M]: 0x80031630 (0x33250513) addi a0, a0, 818
x10 <- 0x33333332


mem[X,0x80031634] -> 0x35B7
mem[X,0x80031636] -> 0x3333
[4697] [M]: 0x80031634 (0x333335B7) lui a1, 209715
x11 <- 0x33333000


mem[X,0x80031638] -> 0x8593
mem[X,0x8003163A] -> 0x3345
[4698] [M]: 0x80031638 (0x33458593) addi a1, a1, 820
x11 <- 0x33333334


mem[X,0x8003163C] -> 0x0613
mem[X,0x8003163E] -> 0x0000
[4699] [M]: 0x8003163C (0x00000613) addi a2, zero, 0
x12 <- 0x00000000


clint::tick mtime <- 0x000000000000002F
 clint timer pending at mtime 0x000000000000002F
htif::tick 0x0000000000000000
mem[X,0x80031640] -> 0x006F
mem[X,0x80031642] -> 0x0180
[4700] [M]: 0x80031640 (0x0180006F) jal zero, 24


mem[X,0x80031658] -> 0x56E3
mem[X,0x8003165A] -> 0xFEB5
[4701] [M]: 0x80031658 (0xFEB556E3) bge a0, a1, 8172


mem[X,0x8003165C] -> 0x0613
mem[X,0x8003165E] -> 0x0026
[4702] [M]: 0x8003165C (0x00260613) addi a2, a2, 2
x12 <- 0x00000002


mem[X,0x80031660] -> 0x006F
mem[X,0x80031662] -> 0x00C0
[4703] [M]: 0x80031660 (0x00C0006F) jal zero, 12


mem[X,0x8003166C] -> 0x2E23
mem[X,0x8003166E] -> 0x76C2
[4704] [M]: 0x8003166C (0x76C22E23) sw a2, 1916(tp)
mem[0x8003B8E4] <- 0x00000002


mem[X,0x80031670] -> 0x3537
mem[X,0x80031672] -> 0x3333
[4705] [M]: 0x80031670 (0x33333537) lui a0, 209715
x10 <- 0x33333000


mem[X,0x80031674] -> 0x0513
mem[X,0x80031676] -> 0x3325
[4706] [M]: 0x80031674 (0x33250513) addi a0, a0, 818
x10 <- 0x33333332


mem[X,0x80031678] -> 0x65B7
mem[X,0x8003167A] -> 0x6666
[4707] [M]: 0x80031678 (0x666665B7) lui a1, 419430
x11 <- 0x66666000


mem[X,0x8003167C] -> 0x8593
mem[X,0x8003167E] -> 0x6675
[4708] [M]: 0x8003167C (0x66758593) addi a1, a1, 1639
x11 <- 0x66666667


mem[X,0x80031680] -> 0x0613
mem[X,0x80031682] -> 0x0000
[4709] [M]: 0x80031680 (0x00000613) addi a2, zero, 0
x12 <- 0x00000000


mem[X,0x80031684] -> 0x006F
mem[X,0x80031686] -> 0x00C0
[4710] [M]: 0x80031684 (0x00C0006F) jal zero, 12


mem[X,0x80031690] -> 0x5CE3
mem[X,0x80031692] -> 0xFEB5
[4711] [M]: 0x80031690 (0xFEB55CE3) bge a0, a1, 8184


mem[X,0x80031694] -> 0x0613
mem[X,0x80031696] -> 0x0026
[4712] [M]: 0x80031694 (0x00260613) addi a2, a2, 2
x12 <- 0x00000002


mem[X,0x80031698] -> 0x006F
mem[X,0x8003169A] -> 0x00C0
[4713] [M]: 0x80031698 (0x00C0006F) jal zero, 12


mem[X,0x800316A4] -> 0x2023
mem[X,0x800316A6] -> 0x78C2
[4714] [M]: 0x800316A4 (0x78C22023) sw a2, 1920(tp)
mem[0x8003B8E8] <- 0x00000002


mem[X,0x800316A8] -> 0x3537
mem[X,0x800316AA] -> 0x3333
[4715] [M]: 0x800316A8 (0x33333537) lui a0, 209715
x10 <- 0x33333000


mem[X,0x800316AC] -> 0x0513
mem[X,0x800316AE] -> 0x3325
[4716] [M]: 0x800316AC (0x33250513) addi a0, a0, 818
x10 <- 0x33333332


mem[X,0x800316B0] -> 0x55B7
mem[X,0x800316B2] -> 0xFFFF
[4717] [M]: 0x800316B0 (0xFFFF55B7) lui a1, 1048565
x11 <- 0xFFFF5000


mem[X,0x800316B4] -> 0x8593
mem[X,0x800316B6] -> 0xAFD5
[4718] [M]: 0x800316B4 (0xAFD58593) addi a1, a1, 2813
x11 <- 0xFFFF4AFD


mem[X,0x800316B8] -> 0x0613
mem[X,0x800316BA] -> 0x0000
[4719] [M]: 0x800316B8 (0x00000613) addi a2, zero, 0
x12 <- 0x00000000


mem[X,0x800316BC] -> 0x006F
mem[X,0x800316BE] -> 0x00C0
[4720] [M]: 0x800316BC (0x00C0006F) jal zero, 12


mem[X,0x800316C8] -> 0x5863
mem[X,0x800316CA] -> 0x00B5
[4721] [M]: 0x800316C8 (0x00B55863) bge a0, a1, 16


mem[X,0x800316D8] -> 0x0613
mem[X,0x800316DA] -> 0x0036
[4722] [M]: 0x800316D8 (0x00360613) addi a2, a2, 3
x12 <- 0x00000003


mem[X,0x800316DC] -> 0x006F
mem[X,0x800316DE] -> 0x0040
[4723] [M]: 0x800316DC (0x0040006F) jal zero, 4


mem[X,0x800316E0] -> 0x2223
mem[X,0x800316E2] -> 0x78C2
[4724] [M]: 0x800316E0 (0x78C22223) sw a2, 1924(tp)
mem[0x8003B8EC] <- 0x00000003


mem[X,0x800316E4] -> 0x3537
mem[X,0x800316E6] -> 0x3333
[4725] [M]: 0x800316E4 (0x33333537) lui a0, 209715
x10 <- 0x33333000


mem[X,0x800316E8] -> 0x0513
mem[X,0x800316EA] -> 0x3325
[4726] [M]: 0x800316E8 (0x33250513) addi a0, a0, 818
x10 <- 0x33333332


mem[X,0x800316EC] -> 0xB5B7
mem[X,0x800316EE] -> 0x0000
[4727] [M]: 0x800316EC (0x0000B5B7) lui a1, 11
x11 <- 0x0000B000


mem[X,0x800316F0] -> 0x8593
mem[X,0x800316F2] -> 0x5055
[4728] [M]: 0x800316F0 (0x50558593) addi a1, a1, 1285
x11 <- 0x0000B505


mem[X,0x800316F4] -> 0x0613
mem[X,0x800316F6] -> 0x0000
[4729] [M]: 0x800316F4 (0x00000613) addi a2, zero, 0
x12 <- 0x00000000


mem[X,0x800316F8] -> 0x006F
mem[X,0x800316FA] -> 0x00C0
[4730] [M]: 0x800316F8 (0x00C0006F) jal zero, 12


mem[X,0x80031704] -> 0x5CE3
mem[X,0x80031706] -> 0xFEB5
[4731] [M]: 0x80031704 (0xFEB55CE3) bge a0, a1, 8184


mem[X,0x800316FC] -> 0x0613
mem[X,0x800316FE] -> 0x0016
[4732] [M]: 0x800316FC (0x00160613) addi a2, a2, 1
x12 <- 0x00000001


mem[X,0x80031700] -> 0x006F
mem[X,0x80031702] -> 0x0180
[4733] [M]: 0x80031700 (0x0180006F) jal zero, 24


mem[X,0x80031718] -> 0x2423
mem[X,0x8003171A] -> 0x78C2
[4734] [M]: 0x80031718 (0x78C22423) sw a2, 1928(tp)
mem[0x8003B8F0] <- 0x00000001


mem[X,0x8003171C] -> 0x6537
mem[X,0x8003171E] -> 0x6666
[4735] [M]: 0x8003171C (0x66666537) lui a0, 419430
x10 <- 0x66666000


mem[X,0x80031720] -> 0x0513
mem[X,0x80031722] -> 0x6655
[4736] [M]: 0x80031720 (0x66550513) addi a0, a0, 1637
x10 <- 0x66666665


mem[X,0x80031724] -> 0x0593
mem[X,0x80031726] -> 0x0030
[4737] [M]: 0x80031724 (0x00300593) addi a1, zero, 3
x11 <- 0x00000003


mem[X,0x80031728] -> 0x0613
mem[X,0x8003172A] -> 0x0000
[4738] [M]: 0x80031728 (0x00000613) addi a2, zero, 0
x12 <- 0x00000000


mem[X,0x8003172C] -> 0x006F
mem[X,0x8003172E] -> 0x00C0
[4739] [M]: 0x8003172C (0x00C0006F) jal zero, 12


mem[X,0x80031738] -> 0x5663
mem[X,0x8003173A] -> 0x00B5
[4740] [M]: 0x80031738 (0x00B55663) bge a0, a1, 12


mem[X,0x80031744] -> 0x0613
mem[X,0x80031746] -> 0x0036
[4741] [M]: 0x80031744 (0x00360613) addi a2, a2, 3
x12 <- 0x00000003


mem[X,0x80031748] -> 0x006F
mem[X,0x8003174A] -> 0x0040
[4742] [M]: 0x80031748 (0x0040006F) jal zero, 4


mem[X,0x8003174C] -> 0x2623
mem[X,0x8003174E] -> 0x78C2
[4743] [M]: 0x8003174C (0x78C22623) sw a2, 1932(tp)
mem[0x8003B8F4] <- 0x00000003


mem[X,0x80031750] -> 0x6537
mem[X,0x80031752] -> 0x6666
[4744] [M]: 0x80031750 (0x66666537) lui a0, 419430
x10 <- 0x66666000


mem[X,0x80031754] -> 0x0513
mem[X,0x80031756] -> 0x6655
[4745] [M]: 0x80031754 (0x66550513) addi a0, a0, 1637
x10 <- 0x66666665


mem[X,0x80031758] -> 0x55B7
mem[X,0x8003175A] -> 0x5555
[4746] [M]: 0x80031758 (0x555555B7) lui a1, 349525
x11 <- 0x55555000


mem[X,0x8003175C] -> 0x8593
mem[X,0x8003175E] -> 0x5555
[4747] [M]: 0x8003175C (0x55558593) addi a1, a1, 1365
x11 <- 0x55555555


mem[X,0x80031760] -> 0x0613
mem[X,0x80031762] -> 0x0000
[4748] [M]: 0x80031760 (0x00000613) addi a2, zero, 0
x12 <- 0x00000000


mem[X,0x80031764] -> 0x006F
mem[X,0x80031766] -> 0x00C0
[4749] [M]: 0x80031764 (0x00C0006F) jal zero, 12


mem[X,0x80031770] -> 0x5663
mem[X,0x80031772] -> 0x00B5
[4750] [M]: 0x80031770 (0x00B55663) bge a0, a1, 12


mem[X,0x8003177C] -> 0x0613
mem[X,0x8003177E] -> 0x0036
[4751] [M]: 0x8003177C (0x00360613) addi a2, a2, 3
x12 <- 0x00000003


mem[X,0x80031780] -> 0x006F
mem[X,0x80031782] -> 0x0040
[4752] [M]: 0x80031780 (0x0040006F) jal zero, 4


mem[X,0x80031784] -> 0x2823
mem[X,0x80031786] -> 0x78C2
[4753] [M]: 0x80031784 (0x78C22823) sw a2, 1936(tp)
mem[0x8003B8F8] <- 0x00000003


mem[X,0x80031788] -> 0x6537
mem[X,0x8003178A] -> 0x6666
[4754] [M]: 0x80031788 (0x66666537) lui a0, 419430
x10 <- 0x66666000


mem[X,0x8003178C] -> 0x0513
mem[X,0x8003178E] -> 0x6655
[4755] [M]: 0x8003178C (0x66550513) addi a0, a0, 1637
x10 <- 0x66666665


mem[X,0x80031790] -> 0xB5B7
mem[X,0x80031792] -> 0xAAAA
[4756] [M]: 0x80031790 (0xAAAAB5B7) lui a1, 699051
x11 <- 0xAAAAB000


mem[X,0x80031794] -> 0x8593
mem[X,0x80031796] -> 0xAAA5
[4757] [M]: 0x80031794 (0xAAA58593) addi a1, a1, 2730
x11 <- 0xAAAAAAAA


mem[X,0x80031798] -> 0x0613
mem[X,0x8003179A] -> 0x0000
[4758] [M]: 0x80031798 (0x00000613) addi a2, zero, 0
x12 <- 0x00000000


mem[X,0x8003179C] -> 0x006F
mem[X,0x8003179E] -> 0x00C0
[4759] [M]: 0x8003179C (0x00C0006F) jal zero, 12


mem[X,0x800317A8] -> 0x5063
mem[X,0x800317AA] -> 0x20B5
[4760] [M]: 0x800317A8 (0x20B55063) bge a0, a1, 512


mem[X,0x800319A8] -> 0x0613
mem[X,0x800319AA] -> 0x0036
[4761] [M]: 0x800319A8 (0x00360613) addi a2, a2, 3
x12 <- 0x00000003


mem[X,0x800319AC] -> 0x006F
mem[X,0x800319AE] -> 0x0040
[4762] [M]: 0x800319AC (0x0040006F) jal zero, 4


mem[X,0x800319B0] -> 0x2A23
mem[X,0x800319B2] -> 0x78C2
[4763] [M]: 0x800319B0 (0x78C22A23) sw a2, 1940(tp)
mem[0x8003B8FC] <- 0x00000003


mem[X,0x800319B4] -> 0x6537
mem[X,0x800319B6] -> 0x6666
[4764] [M]: 0x800319B4 (0x66666537) lui a0, 419430
x10 <- 0x66666000


mem[X,0x800319B8] -> 0x0513
mem[X,0x800319BA] -> 0x6655
[4765] [M]: 0x800319B8 (0x66550513) addi a0, a0, 1637
x10 <- 0x66666665


mem[X,0x800319BC] -> 0x0593
mem[X,0x800319BE] -> 0x0050
[4766] [M]: 0x800319BC (0x00500593) addi a1, zero, 5
x11 <- 0x00000005


mem[X,0x800319C0] -> 0x0613
mem[X,0x800319C2] -> 0x0000
[4767] [M]: 0x800319C0 (0x00000613) addi a2, zero, 0
x12 <- 0x00000000


mem[X,0x800319C4] -> 0x006F
mem[X,0x800319C6] -> 0x0100
[4768] [M]: 0x800319C4 (0x0100006F) jal zero, 16


mem[X,0x800319D4] -> 0x5AE3
mem[X,0x800319D6] -> 0xFEB5
[4769] [M]: 0x800319D4 (0xFEB55AE3) bge a0, a1, 8180


mem[X,0x800319C8] -> 0x0613
mem[X,0x800319CA] -> 0x0016
[4770] [M]: 0x800319C8 (0x00160613) addi a2, a2, 1
x12 <- 0x00000001


mem[X,0x800319CC] -> 0x006F
mem[X,0x800319CE] -> 0x01C0
[4771] [M]: 0x800319CC (0x01C0006F) jal zero, 28


mem[X,0x800319E8] -> 0x2C23
mem[X,0x800319EA] -> 0x78C2
[4772] [M]: 0x800319E8 (0x78C22C23) sw a2, 1944(tp)
mem[0x8003B900] <- 0x00000001


mem[X,0x800319EC] -> 0x6537
mem[X,0x800319EE] -> 0x6666
[4773] [M]: 0x800319EC (0x66666537) lui a0, 419430
x10 <- 0x66666000


mem[X,0x800319F0] -> 0x0513
mem[X,0x800319F2] -> 0x6655
[4774] [M]: 0x800319F0 (0x66550513) addi a0, a0, 1637
x10 <- 0x66666665


mem[X,0x800319F4] -> 0x35B7
mem[X,0x800319F6] -> 0x3333
[4775] [M]: 0x800319F4 (0x333335B7) lui a1, 209715
x11 <- 0x33333000


mem[X,0x800319F8] -> 0x8593
mem[X,0x800319FA] -> 0x3335
[4776] [M]: 0x800319F8 (0x33358593) addi a1, a1, 819
x11 <- 0x33333333


mem[X,0x800319FC] -> 0x0613
mem[X,0x800319FE] -> 0x0000
[4777] [M]: 0x800319FC (0x00000613) addi a2, zero, 0
x12 <- 0x00000000


mem[X,0x80031A00] -> 0x006F
mem[X,0x80031A02] -> 0x00C0
[4778] [M]: 0x80031A00 (0x00C0006F) jal zero, 12


mem[X,0x80031A0C] -> 0x5CE3
mem[X,0x80031A0E] -> 0xFEB5
[4779] [M]: 0x80031A0C (0xFEB55CE3) bge a0, a1, 8184


mem[X,0x80031A04] -> 0x0613
mem[X,0x80031A06] -> 0x0016
[4780] [M]: 0x80031A04 (0x00160613) addi a2, a2, 1
x12 <- 0x00000001


mem[X,0x80031A08] -> 0x006F
mem[X,0x80031A0A] -> 0x0180
[4781] [M]: 0x80031A08 (0x0180006F) jal zero, 24


mem[X,0x80031A20] -> 0x2E23
mem[X,0x80031A22] -> 0x78C2
[4782] [M]: 0x80031A20 (0x78C22E23) sw a2, 1948(tp)
mem[0x8003B904] <- 0x00000001


mem[X,0x80031A24] -> 0x6537
mem[X,0x80031A26] -> 0x6666
[4783] [M]: 0x80031A24 (0x66666537) lui a0, 419430
x10 <- 0x66666000


mem[X,0x80031A28] -> 0x0513
mem[X,0x80031A2A] -> 0x6655
[4784] [M]: 0x80031A28 (0x66550513) addi a0, a0, 1637
x10 <- 0x66666665


mem[X,0x80031A2C] -> 0x65B7
mem[X,0x80031A2E] -> 0x6666
[4785] [M]: 0x80031A2C (0x666665B7) lui a1, 419430
x11 <- 0x66666000


mem[X,0x80031A30] -> 0x8593
mem[X,0x80031A32] -> 0x6665
[4786] [M]: 0x80031A30 (0x66658593) addi a1, a1, 1638
x11 <- 0x66666666


mem[X,0x80031A34] -> 0x0613
mem[X,0x80031A36] -> 0x0000
[4787] [M]: 0x80031A34 (0x00000613) addi a2, zero, 0
x12 <- 0x00000000


mem[X,0x80031A38] -> 0x006F
mem[X,0x80031A3A] -> 0x00C0
[4788] [M]: 0x80031A38 (0x00C0006F) jal zero, 12


mem[X,0x80031A44] -> 0x5063
mem[X,0x80031A46] -> 0x08B5
[4789] [M]: 0x80031A44 (0x08B55063) bge a0, a1, 128


mem[X,0x80031A48] -> 0x0613
mem[X,0x80031A4A] -> 0x0026
[4790] [M]: 0x80031A48 (0x00260613) addi a2, a2, 2
x12 <- 0x00000002


mem[X,0x80031A4C] -> 0x006F
mem[X,0x80031A4E] -> 0x0800
[4791] [M]: 0x80031A4C (0x0800006F) jal zero, 128


mem[X,0x80031ACC] -> 0x2023
mem[X,0x80031ACE] -> 0x7AC2
[4792] [M]: 0x80031ACC (0x7AC22023) sw a2, 1952(tp)
mem[0x8003B908] <- 0x00000002


mem[X,0x80031AD0] -> 0x6537
mem[X,0x80031AD2] -> 0x6666
[4793] [M]: 0x80031AD0 (0x66666537) lui a0, 419430
x10 <- 0x66666000


mem[X,0x80031AD4] -> 0x0513
mem[X,0x80031AD6] -> 0x6655
[4794] [M]: 0x80031AD4 (0x66550513) addi a0, a0, 1637
x10 <- 0x66666665


mem[X,0x80031AD8] -> 0x55B7
mem[X,0x80031ADA] -> 0xFFFF
[4795] [M]: 0x80031AD8 (0xFFFF55B7) lui a1, 1048565
x11 <- 0xFFFF5000


mem[X,0x80031ADC] -> 0x8593
mem[X,0x80031ADE] -> 0xAFC5
[4796] [M]: 0x80031ADC (0xAFC58593) addi a1, a1, 2812
x11 <- 0xFFFF4AFC


mem[X,0x80031AE0] -> 0x0613
mem[X,0x80031AE2] -> 0x0000
[4797] [M]: 0x80031AE0 (0x00000613) addi a2, zero, 0
x12 <- 0x00000000


mem[X,0x80031AE4] -> 0x006F
mem[X,0x80031AE6] -> 0x00C0
[4798] [M]: 0x80031AE4 (0x00C0006F) jal zero, 12


mem[X,0x80031AF0] -> 0x5063
mem[X,0x80031AF2] -> 0x20B5
[4799] [M]: 0x80031AF0 (0x20B55063) bge a0, a1, 512


clint::tick mtime <- 0x0000000000000030
 clint timer pending at mtime 0x0000000000000030
htif::tick 0x0000000000000000
mem[X,0x80031CF0] -> 0x0613
mem[X,0x80031CF2] -> 0x0036
[4800] [M]: 0x80031CF0 (0x00360613) addi a2, a2, 3
x12 <- 0x00000003


mem[X,0x80031CF4] -> 0x006F
mem[X,0x80031CF6] -> 0x0040
[4801] [M]: 0x80031CF4 (0x0040006F) jal zero, 4


mem[X,0x80031CF8] -> 0x2223
mem[X,0x80031CFA] -> 0x7AC2
[4802] [M]: 0x80031CF8 (0x7AC22223) sw a2, 1956(tp)
mem[0x8003B90C] <- 0x00000003


mem[X,0x80031CFC] -> 0x6537
mem[X,0x80031CFE] -> 0x6666
[4803] [M]: 0x80031CFC (0x66666537) lui a0, 419430
x10 <- 0x66666000


mem[X,0x80031D00] -> 0x0513
mem[X,0x80031D02] -> 0x6655
[4804] [M]: 0x80031D00 (0x66550513) addi a0, a0, 1637
x10 <- 0x66666665


mem[X,0x80031D04] -> 0xB5B7
mem[X,0x80031D06] -> 0x0000
[4805] [M]: 0x80031D04 (0x0000B5B7) lui a1, 11
x11 <- 0x0000B000


mem[X,0x80031D08] -> 0x8593
mem[X,0x80031D0A] -> 0x5045
[4806] [M]: 0x80031D08 (0x50458593) addi a1, a1, 1284
x11 <- 0x0000B504


mem[X,0x80031D0C] -> 0x0613
mem[X,0x80031D0E] -> 0x0000
[4807] [M]: 0x80031D0C (0x00000613) addi a2, zero, 0
x12 <- 0x00000000


mem[X,0x80031D10] -> 0x006F
mem[X,0x80031D12] -> 0x00C0
[4808] [M]: 0x80031D10 (0x00C0006F) jal zero, 12


mem[X,0x80031D1C] -> 0x5663
mem[X,0x80031D1E] -> 0x00B5
[4809] [M]: 0x80031D1C (0x00B55663) bge a0, a1, 12


mem[X,0x80031D28] -> 0x0613
mem[X,0x80031D2A] -> 0x0036
[4810] [M]: 0x80031D28 (0x00360613) addi a2, a2, 3
x12 <- 0x00000003


mem[X,0x80031D2C] -> 0x006F
mem[X,0x80031D2E] -> 0x0040
[4811] [M]: 0x80031D2C (0x0040006F) jal zero, 4


mem[X,0x80031D30] -> 0x2423
mem[X,0x80031D32] -> 0x7AC2
[4812] [M]: 0x80031D30 (0x7AC22423) sw a2, 1960(tp)
mem[0x8003B910] <- 0x00000003


mem[X,0x80031D34] -> 0x6537
mem[X,0x80031D36] -> 0x6666
[4813] [M]: 0x80031D34 (0x66666537) lui a0, 419430
x10 <- 0x66666000


mem[X,0x80031D38] -> 0x0513
mem[X,0x80031D3A] -> 0x6655
[4814] [M]: 0x80031D38 (0x66550513) addi a0, a0, 1637
x10 <- 0x66666665


mem[X,0x80031D3C] -> 0x0593
mem[X,0x80031D3E] -> 0x0020
[4815] [M]: 0x80031D3C (0x00200593) addi a1, zero, 2
x11 <- 0x00000002


mem[X,0x80031D40] -> 0x0613
mem[X,0x80031D42] -> 0x0000
[4816] [M]: 0x80031D40 (0x00000613) addi a2, zero, 0
x12 <- 0x00000000


mem[X,0x80031D44] -> 0x006F
mem[X,0x80031D46] -> 0x00C0
[4817] [M]: 0x80031D44 (0x00C0006F) jal zero, 12


mem[X,0x80031D50] -> 0x5063
mem[X,0x80031D52] -> 0x08B5
[4818] [M]: 0x80031D50 (0x08B55063) bge a0, a1, 128


mem[X,0x80031DD0] -> 0x0613
mem[X,0x80031DD2] -> 0x0036
[4819] [M]: 0x80031DD0 (0x00360613) addi a2, a2, 3
x12 <- 0x00000003


mem[X,0x80031DD4] -> 0x006F
mem[X,0x80031DD6] -> 0x0040
[4820] [M]: 0x80031DD4 (0x0040006F) jal zero, 4


mem[X,0x80031DD8] -> 0x2623
mem[X,0x80031DDA] -> 0x7AC2
[4821] [M]: 0x80031DD8 (0x7AC22623) sw a2, 1964(tp)
mem[0x8003B914] <- 0x00000003


mem[X,0x80031DDC] -> 0x6537
mem[X,0x80031DDE] -> 0x6666
[4822] [M]: 0x80031DDC (0x66666537) lui a0, 419430
x10 <- 0x66666000


mem[X,0x80031DE0] -> 0x0513
mem[X,0x80031DE2] -> 0x6655
[4823] [M]: 0x80031DE0 (0x66550513) addi a0, a0, 1637
x10 <- 0x66666665


mem[X,0x80031DE4] -> 0x55B7
mem[X,0x80031DE6] -> 0x5555
[4824] [M]: 0x80031DE4 (0x555555B7) lui a1, 349525
x11 <- 0x55555000


mem[X,0x80031DE8] -> 0x8593
mem[X,0x80031DEA] -> 0x5545
[4825] [M]: 0x80031DE8 (0x55458593) addi a1, a1, 1364
x11 <- 0x55555554


mem[X,0x80031DEC] -> 0x0613
mem[X,0x80031DEE] -> 0x0000
[4826] [M]: 0x80031DEC (0x00000613) addi a2, zero, 0
x12 <- 0x00000000


mem[X,0x80031DF0] -> 0x006F
mem[X,0x80031DF2] -> 0x00C0
[4827] [M]: 0x80031DF0 (0x00C0006F) jal zero, 12


mem[X,0x80031DFC] -> 0x5063
mem[X,0x80031DFE] -> 0x02B5
[4828] [M]: 0x80031DFC (0x02B55063) bge a0, a1, 32


mem[X,0x80031E1C] -> 0x0613
mem[X,0x80031E1E] -> 0x0036
[4829] [M]: 0x80031E1C (0x00360613) addi a2, a2, 3
x12 <- 0x00000003


mem[X,0x80031E20] -> 0x006F
mem[X,0x80031E22] -> 0x0040
[4830] [M]: 0x80031E20 (0x0040006F) jal zero, 4


mem[X,0x80031E24] -> 0x2823
mem[X,0x80031E26] -> 0x7AC2
[4831] [M]: 0x80031E24 (0x7AC22823) sw a2, 1968(tp)
mem[0x8003B918] <- 0x00000003


mem[X,0x80031E28] -> 0x6537
mem[X,0x80031E2A] -> 0x6666
[4832] [M]: 0x80031E28 (0x66666537) lui a0, 419430
x10 <- 0x66666000


mem[X,0x80031E2C] -> 0x0513
mem[X,0x80031E2E] -> 0x6655
[4833] [M]: 0x80031E2C (0x66550513) addi a0, a0, 1637
x10 <- 0x66666665


mem[X,0x80031E30] -> 0x0593
mem[X,0x80031E32] -> 0x0000
[4834] [M]: 0x80031E30 (0x00000593) addi a1, zero, 0
x11 <- 0x00000000


mem[X,0x80031E34] -> 0x0613
mem[X,0x80031E36] -> 0x0000
[4835] [M]: 0x80031E34 (0x00000613) addi a2, zero, 0
x12 <- 0x00000000


mem[X,0x80031E38] -> 0x006F
mem[X,0x80031E3A] -> 0x00C0
[4836] [M]: 0x80031E38 (0x00C0006F) jal zero, 12


mem[X,0x80031E44] -> 0x5663
mem[X,0x80031E46] -> 0x00B5
[4837] [M]: 0x80031E44 (0x00B55663) bge a0, a1, 12


mem[X,0x80031E50] -> 0x0613
mem[X,0x80031E52] -> 0x0036
[4838] [M]: 0x80031E50 (0x00360613) addi a2, a2, 3
x12 <- 0x00000003


mem[X,0x80031E54] -> 0x006F
mem[X,0x80031E56] -> 0x0040
[4839] [M]: 0x80031E54 (0x0040006F) jal zero, 4


mem[X,0x80031E58] -> 0x2A23
mem[X,0x80031E5A] -> 0x7AC2
[4840] [M]: 0x80031E58 (0x7AC22A23) sw a2, 1972(tp)
mem[0x8003B91C] <- 0x00000003


mem[X,0x80031E5C] -> 0x6537
mem[X,0x80031E5E] -> 0x6666
[4841] [M]: 0x80031E5C (0x66666537) lui a0, 419430
x10 <- 0x66666000


mem[X,0x80031E60] -> 0x0513
mem[X,0x80031E62] -> 0x6655
[4842] [M]: 0x80031E60 (0x66550513) addi a0, a0, 1637
x10 <- 0x66666665


mem[X,0x80031E64] -> 0x0593
mem[X,0x80031E66] -> 0x0040
[4843] [M]: 0x80031E64 (0x00400593) addi a1, zero, 4
x11 <- 0x00000004


mem[X,0x80031E68] -> 0x0613
mem[X,0x80031E6A] -> 0x0000
[4844] [M]: 0x80031E68 (0x00000613) addi a2, zero, 0
x12 <- 0x00000000


mem[X,0x80031E6C] -> 0x006F
mem[X,0x80031E6E] -> 0x00C0
[4845] [M]: 0x80031E6C (0x00C0006F) jal zero, 12


mem[X,0x80031E78] -> 0x5063
mem[X,0x80031E7A] -> 0x04B5
[4846] [M]: 0x80031E78 (0x04B55063) bge a0, a1, 64


mem[X,0x80031EB8] -> 0x0613
mem[X,0x80031EBA] -> 0x0036
[4847] [M]: 0x80031EB8 (0x00360613) addi a2, a2, 3
x12 <- 0x00000003


mem[X,0x80031EBC] -> 0x006F
mem[X,0x80031EBE] -> 0x0040
[4848] [M]: 0x80031EBC (0x0040006F) jal zero, 4


mem[X,0x80031EC0] -> 0x2C23
mem[X,0x80031EC2] -> 0x7AC2
[4849] [M]: 0x80031EC0 (0x7AC22C23) sw a2, 1976(tp)
mem[0x8003B920] <- 0x00000003


mem[X,0x80031EC4] -> 0x6537
mem[X,0x80031EC6] -> 0x6666
[4850] [M]: 0x80031EC4 (0x66666537) lui a0, 419430
x10 <- 0x66666000


mem[X,0x80031EC8] -> 0x0513
mem[X,0x80031ECA] -> 0x6655
[4851] [M]: 0x80031EC8 (0x66550513) addi a0, a0, 1637
x10 <- 0x66666665


mem[X,0x80031ECC] -> 0x35B7
mem[X,0x80031ECE] -> 0x3333
[4852] [M]: 0x80031ECC (0x333335B7) lui a1, 209715
x11 <- 0x33333000


mem[X,0x80031ED0] -> 0x8593
mem[X,0x80031ED2] -> 0x3325
[4853] [M]: 0x80031ED0 (0x33258593) addi a1, a1, 818
x11 <- 0x33333332


mem[X,0x80031ED4] -> 0x0613
mem[X,0x80031ED6] -> 0x0000
[4854] [M]: 0x80031ED4 (0x00000613) addi a2, zero, 0
x12 <- 0x00000000


mem[X,0x80031ED8] -> 0x006F
mem[X,0x80031EDA] -> 0x00C0
[4855] [M]: 0x80031ED8 (0x00C0006F) jal zero, 12


mem[X,0x80031EE4] -> 0x5663
mem[X,0x80031EE6] -> 0x00B5
[4856] [M]: 0x80031EE4 (0x00B55663) bge a0, a1, 12


mem[X,0x80031EF0] -> 0x0613
mem[X,0x80031EF2] -> 0x0036
[4857] [M]: 0x80031EF0 (0x00360613) addi a2, a2, 3
x12 <- 0x00000003


mem[X,0x80031EF4] -> 0x006F
mem[X,0x80031EF6] -> 0x0040
[4858] [M]: 0x80031EF4 (0x0040006F) jal zero, 4


mem[X,0x80031EF8] -> 0x2E23
mem[X,0x80031EFA] -> 0x7AC2
[4859] [M]: 0x80031EF8 (0x7AC22E23) sw a2, 1980(tp)
mem[0x8003B924] <- 0x00000003


mem[X,0x80031EFC] -> 0x6537
mem[X,0x80031EFE] -> 0x6666
[4860] [M]: 0x80031EFC (0x66666537) lui a0, 419430
x10 <- 0x66666000


mem[X,0x80031F00] -> 0x0513
mem[X,0x80031F02] -> 0x6655
[4861] [M]: 0x80031F00 (0x66550513) addi a0, a0, 1637
x10 <- 0x66666665


mem[X,0x80031F04] -> 0x65B7
mem[X,0x80031F06] -> 0x6666
[4862] [M]: 0x80031F04 (0x666665B7) lui a1, 419430
x11 <- 0x66666000


mem[X,0x80031F08] -> 0x8593
mem[X,0x80031F0A] -> 0x6655
[4863] [M]: 0x80031F08 (0x66558593) addi a1, a1, 1637
x11 <- 0x66666665


mem[X,0x80031F0C] -> 0x0613
mem[X,0x80031F0E] -> 0x0000
[4864] [M]: 0x80031F0C (0x00000613) addi a2, zero, 0
x12 <- 0x00000000


mem[X,0x80031F10] -> 0x006F
mem[X,0x80031F12] -> 0x0100
[4865] [M]: 0x80031F10 (0x0100006F) jal zero, 16


mem[X,0x80031F20] -> 0x5AE3
mem[X,0x80031F22] -> 0xFEB5
[4866] [M]: 0x80031F20 (0xFEB55AE3) bge a0, a1, 8180


mem[X,0x80031F14] -> 0x0613
mem[X,0x80031F16] -> 0x0016
[4867] [M]: 0x80031F14 (0x00160613) addi a2, a2, 1
x12 <- 0x00000001


mem[X,0x80031F18] -> 0x006F
mem[X,0x80031F1A] -> 0x01C0
[4868] [M]: 0x80031F18 (0x01C0006F) jal zero, 28


mem[X,0x80031F34] -> 0x2023
mem[X,0x80031F36] -> 0x7CC2
[4869] [M]: 0x80031F34 (0x7CC22023) sw a2, 1984(tp)
mem[0x8003B928] <- 0x00000001


mem[X,0x80031F38] -> 0x6537
mem[X,0x80031F3A] -> 0x6666
[4870] [M]: 0x80031F38 (0x66666537) lui a0, 419430
x10 <- 0x66666000


mem[X,0x80031F3C] -> 0x0513
mem[X,0x80031F3E] -> 0x6655
[4871] [M]: 0x80031F3C (0x66550513) addi a0, a0, 1637
x10 <- 0x66666665


mem[X,0x80031F40] -> 0xB5B7
mem[X,0x80031F42] -> 0x0000
[4872] [M]: 0x80031F40 (0x0000B5B7) lui a1, 11
x11 <- 0x0000B000


mem[X,0x80031F44] -> 0x8593
mem[X,0x80031F46] -> 0x5035
[4873] [M]: 0x80031F44 (0x50358593) addi a1, a1, 1283
x11 <- 0x0000B503


mem[X,0x80031F48] -> 0x0613
mem[X,0x80031F4A] -> 0x0000
[4874] [M]: 0x80031F48 (0x00000613) addi a2, zero, 0
x12 <- 0x00000000


mem[X,0x80031F4C] -> 0x006F
mem[X,0x80031F4E] -> 0x00C0
[4875] [M]: 0x80031F4C (0x00C0006F) jal zero, 12


mem[X,0x80031F58] -> 0x5CE3
mem[X,0x80031F5A] -> 0xFEB5
[4876] [M]: 0x80031F58 (0xFEB55CE3) bge a0, a1, 8184


mem[X,0x80031F50] -> 0x0613
mem[X,0x80031F52] -> 0x0016
[4877] [M]: 0x80031F50 (0x00160613) addi a2, a2, 1
x12 <- 0x00000001


mem[X,0x80031F54] -> 0x006F
mem[X,0x80031F56] -> 0x0180
[4878] [M]: 0x80031F54 (0x0180006F) jal zero, 24


mem[X,0x80031F6C] -> 0x2223
mem[X,0x80031F6E] -> 0x7CC2
[4879] [M]: 0x80031F6C (0x7CC22223) sw a2, 1988(tp)
mem[0x8003B92C] <- 0x00000001


mem[X,0x80031F70] -> 0x6537
mem[X,0x80031F72] -> 0x6666
[4880] [M]: 0x80031F70 (0x66666537) lui a0, 419430
x10 <- 0x66666000


mem[X,0x80031F74] -> 0x0513
mem[X,0x80031F76] -> 0x6655
[4881] [M]: 0x80031F74 (0x66550513) addi a0, a0, 1637
x10 <- 0x66666665


mem[X,0x80031F78] -> 0x55B7
mem[X,0x80031F7A] -> 0x5555
[4882] [M]: 0x80031F78 (0x555555B7) lui a1, 349525
x11 <- 0x55555000


mem[X,0x80031F7C] -> 0x8593
mem[X,0x80031F7E] -> 0x5565
[4883] [M]: 0x80031F7C (0x55658593) addi a1, a1, 1366
x11 <- 0x55555556


mem[X,0x80031F80] -> 0x0613
mem[X,0x80031F82] -> 0x0000
[4884] [M]: 0x80031F80 (0x00000613) addi a2, zero, 0
x12 <- 0x00000000


mem[X,0x80031F84] -> 0x006F
mem[X,0x80031F86] -> 0x0050
[4885] [M]: 0x80031F84 (0x0050006F) jal zero, 2052


mem[X,0x80032788] -> 0x50E3
mem[X,0x8003278A] -> 0x80B5
[4886] [M]: 0x80032788 (0x80B550E3) bge a0, a1, 6144


mem[X,0x80031F88] -> 0x0613
mem[X,0x80031F8A] -> 0x0016
[4887] [M]: 0x80031F88 (0x00160613) addi a2, a2, 1
x12 <- 0x00000001


mem[X,0x80031F8C] -> 0x006F
mem[X,0x80031F8E] -> 0x0110
[4888] [M]: 0x80031F8C (0x0110006F) jal zero, 2064


mem[X,0x8003279C] -> 0x2423
mem[X,0x8003279E] -> 0x7CC2
[4889] [M]: 0x8003279C (0x7CC22423) sw a2, 1992(tp)
mem[0x8003B930] <- 0x00000001


mem[X,0x800327A0] -> 0x6537
mem[X,0x800327A2] -> 0x6666
[4890] [M]: 0x800327A0 (0x66666537) lui a0, 419430
x10 <- 0x66666000


mem[X,0x800327A4] -> 0x0513
mem[X,0x800327A6] -> 0x6655
[4891] [M]: 0x800327A4 (0x66550513) addi a0, a0, 1637
x10 <- 0x66666665


mem[X,0x800327A8] -> 0xB5B7
mem[X,0x800327AA] -> 0xAAAA
[4892] [M]: 0x800327A8 (0xAAAAB5B7) lui a1, 699051
x11 <- 0xAAAAB000


mem[X,0x800327AC] -> 0x8593
mem[X,0x800327AE] -> 0xAAB5
[4893] [M]: 0x800327AC (0xAAB58593) addi a1, a1, 2731
x11 <- 0xAAAAAAAB


mem[X,0x800327B0] -> 0x0613
mem[X,0x800327B2] -> 0x0000
[4894] [M]: 0x800327B0 (0x00000613) addi a2, zero, 0
x12 <- 0x00000000


mem[X,0x800327B4] -> 0x006F
mem[X,0x800327B6] -> 0x00C0
[4895] [M]: 0x800327B4 (0x00C0006F) jal zero, 12


mem[X,0x800327C0] -> 0x5063
mem[X,0x800327C2] -> 0x02B5
[4896] [M]: 0x800327C0 (0x02B55063) bge a0, a1, 32


mem[X,0x800327E0] -> 0x0613
mem[X,0x800327E2] -> 0x0036
[4897] [M]: 0x800327E0 (0x00360613) addi a2, a2, 3
x12 <- 0x00000003


mem[X,0x800327E4] -> 0x006F
mem[X,0x800327E6] -> 0x0040
[4898] [M]: 0x800327E4 (0x0040006F) jal zero, 4


mem[X,0x800327E8] -> 0x2623
mem[X,0x800327EA] -> 0x7CC2
[4899] [M]: 0x800327E8 (0x7CC22623) sw a2, 1996(tp)
mem[0x8003B934] <- 0x00000003


clint::tick mtime <- 0x0000000000000031
 clint timer pending at mtime 0x0000000000000031
htif::tick 0x0000000000000000
mem[X,0x800327EC] -> 0x6537
mem[X,0x800327EE] -> 0x6666
[4900] [M]: 0x800327EC (0x66666537) lui a0, 419430
x10 <- 0x66666000


mem[X,0x800327F0] -> 0x0513
mem[X,0x800327F2] -> 0x6655
[4901] [M]: 0x800327F0 (0x66550513) addi a0, a0, 1637
x10 <- 0x66666665


mem[X,0x800327F4] -> 0x0593
mem[X,0x800327F6] -> 0x0060
[4902] [M]: 0x800327F4 (0x00600593) addi a1, zero, 6
x11 <- 0x00000006


mem[X,0x800327F8] -> 0x0613
mem[X,0x800327FA] -> 0x0000
[4903] [M]: 0x800327F8 (0x00000613) addi a2, zero, 0
x12 <- 0x00000000


mem[X,0x800327FC] -> 0x006F
mem[X,0x800327FE] -> 0x00C0
[4904] [M]: 0x800327FC (0x00C0006F) jal zero, 12


mem[X,0x80032808] -> 0x5CE3
mem[X,0x8003280A] -> 0xFEB5
[4905] [M]: 0x80032808 (0xFEB55CE3) bge a0, a1, 8184


mem[X,0x80032800] -> 0x0613
mem[X,0x80032802] -> 0x0016
[4906] [M]: 0x80032800 (0x00160613) addi a2, a2, 1
x12 <- 0x00000001


mem[X,0x80032804] -> 0x006F
mem[X,0x80032806] -> 0x0180
[4907] [M]: 0x80032804 (0x0180006F) jal zero, 24


mem[X,0x8003281C] -> 0x2823
mem[X,0x8003281E] -> 0x7CC2
[4908] [M]: 0x8003281C (0x7CC22823) sw a2, 2000(tp)
mem[0x8003B938] <- 0x00000001


mem[X,0x80032820] -> 0x6537
mem[X,0x80032822] -> 0x6666
[4909] [M]: 0x80032820 (0x66666537) lui a0, 419430
x10 <- 0x66666000


mem[X,0x80032824] -> 0x0513
mem[X,0x80032826] -> 0x6655
[4910] [M]: 0x80032824 (0x66550513) addi a0, a0, 1637
x10 <- 0x66666665


mem[X,0x80032828] -> 0x35B7
mem[X,0x8003282A] -> 0x3333
[4911] [M]: 0x80032828 (0x333335B7) lui a1, 209715
x11 <- 0x33333000


mem[X,0x8003282C] -> 0x8593
mem[X,0x8003282E] -> 0x3345
[4912] [M]: 0x8003282C (0x33458593) addi a1, a1, 820
x11 <- 0x33333334


mem[X,0x80032830] -> 0x0613
mem[X,0x80032832] -> 0x0000
[4913] [M]: 0x80032830 (0x00000613) addi a2, zero, 0
x12 <- 0x00000000


mem[X,0x80032834] -> 0x006F
mem[X,0x80032836] -> 0x00C0
[4914] [M]: 0x80032834 (0x00C0006F) jal zero, 12


mem[X,0x80032840] -> 0x5663
mem[X,0x80032842] -> 0x00B5
[4915] [M]: 0x80032840 (0x00B55663) bge a0, a1, 12


mem[X,0x8003284C] -> 0x0613
mem[X,0x8003284E] -> 0x0036
[4916] [M]: 0x8003284C (0x00360613) addi a2, a2, 3
x12 <- 0x00000003


mem[X,0x80032850] -> 0x006F
mem[X,0x80032852] -> 0x0040
[4917] [M]: 0x80032850 (0x0040006F) jal zero, 4


mem[X,0x80032854] -> 0x2A23
mem[X,0x80032856] -> 0x7CC2
[4918] [M]: 0x80032854 (0x7CC22A23) sw a2, 2004(tp)
mem[0x8003B93C] <- 0x00000003


mem[X,0x80032858] -> 0x6537
mem[X,0x8003285A] -> 0x6666
[4919] [M]: 0x80032858 (0x66666537) lui a0, 419430
x10 <- 0x66666000


mem[X,0x8003285C] -> 0x0513
mem[X,0x8003285E] -> 0x6655
[4920] [M]: 0x8003285C (0x66550513) addi a0, a0, 1637
x10 <- 0x66666665


mem[X,0x80032860] -> 0x65B7
mem[X,0x80032862] -> 0x6666
[4921] [M]: 0x80032860 (0x666665B7) lui a1, 419430
x11 <- 0x66666000


mem[X,0x80032864] -> 0x8593
mem[X,0x80032866] -> 0x6675
[4922] [M]: 0x80032864 (0x66758593) addi a1, a1, 1639
x11 <- 0x66666667


mem[X,0x80032868] -> 0x0613
mem[X,0x8003286A] -> 0x0000
[4923] [M]: 0x80032868 (0x00000613) addi a2, zero, 0
x12 <- 0x00000000


mem[X,0x8003286C] -> 0x006F
mem[X,0x8003286E] -> 0x00C0
[4924] [M]: 0x8003286C (0x00C0006F) jal zero, 12


mem[X,0x80032878] -> 0x5663
mem[X,0x8003287A] -> 0x00B5
[4925] [M]: 0x80032878 (0x00B55663) bge a0, a1, 12


mem[X,0x8003287C] -> 0x0613
mem[X,0x8003287E] -> 0x0026
[4926] [M]: 0x8003287C (0x00260613) addi a2, a2, 2
x12 <- 0x00000002


mem[X,0x80032880] -> 0x006F
mem[X,0x80032882] -> 0x00C0
[4927] [M]: 0x80032880 (0x00C0006F) jal zero, 12


mem[X,0x8003288C] -> 0x2C23
mem[X,0x8003288E] -> 0x7CC2
[4928] [M]: 0x8003288C (0x7CC22C23) sw a2, 2008(tp)
mem[0x8003B940] <- 0x00000002


mem[X,0x80032890] -> 0x6537
mem[X,0x80032892] -> 0x6666
[4929] [M]: 0x80032890 (0x66666537) lui a0, 419430
x10 <- 0x66666000


mem[X,0x80032894] -> 0x0513
mem[X,0x80032896] -> 0x6655
[4930] [M]: 0x80032894 (0x66550513) addi a0, a0, 1637
x10 <- 0x66666665


mem[X,0x80032898] -> 0x55B7
mem[X,0x8003289A] -> 0xFFFF
[4931] [M]: 0x80032898 (0xFFFF55B7) lui a1, 1048565
x11 <- 0xFFFF5000


mem[X,0x8003289C] -> 0x8593
mem[X,0x8003289E] -> 0xAFD5
[4932] [M]: 0x8003289C (0xAFD58593) addi a1, a1, 2813
x11 <- 0xFFFF4AFD


mem[X,0x800328A0] -> 0x0613
mem[X,0x800328A2] -> 0x0000
[4933] [M]: 0x800328A0 (0x00000613) addi a2, zero, 0
x12 <- 0x00000000


mem[X,0x800328A4] -> 0x006F
mem[X,0x800328A6] -> 0x00C0
[4934] [M]: 0x800328A4 (0x00C0006F) jal zero, 12


mem[X,0x800328B0] -> 0x5663
mem[X,0x800328B2] -> 0x00B5
[4935] [M]: 0x800328B0 (0x00B55663) bge a0, a1, 12


mem[X,0x800328BC] -> 0x0613
mem[X,0x800328BE] -> 0x0036
[4936] [M]: 0x800328BC (0x00360613) addi a2, a2, 3
x12 <- 0x00000003


mem[X,0x800328C0] -> 0x006F
mem[X,0x800328C2] -> 0x0040
[4937] [M]: 0x800328C0 (0x0040006F) jal zero, 4


mem[X,0x800328C4] -> 0x2E23
mem[X,0x800328C6] -> 0x7CC2
[4938] [M]: 0x800328C4 (0x7CC22E23) sw a2, 2012(tp)
mem[0x8003B944] <- 0x00000003


mem[X,0x800328C8] -> 0x6537
mem[X,0x800328CA] -> 0x6666
[4939] [M]: 0x800328C8 (0x66666537) lui a0, 419430
x10 <- 0x66666000


mem[X,0x800328CC] -> 0x0513
mem[X,0x800328CE] -> 0x6655
[4940] [M]: 0x800328CC (0x66550513) addi a0, a0, 1637
x10 <- 0x66666665


mem[X,0x800328D0] -> 0xB5B7
mem[X,0x800328D2] -> 0x0000
[4941] [M]: 0x800328D0 (0x0000B5B7) lui a1, 11
x11 <- 0x0000B000


mem[X,0x800328D4] -> 0x8593
mem[X,0x800328D6] -> 0x5055
[4942] [M]: 0x800328D4 (0x50558593) addi a1, a1, 1285
x11 <- 0x0000B505


mem[X,0x800328D8] -> 0x0613
mem[X,0x800328DA] -> 0x0000
[4943] [M]: 0x800328D8 (0x00000613) addi a2, zero, 0
x12 <- 0x00000000


mem[X,0x800328DC] -> 0x006F
mem[X,0x800328DE] -> 0x00C0
[4944] [M]: 0x800328DC (0x00C0006F) jal zero, 12


mem[X,0x800328E8] -> 0x5CE3
mem[X,0x800328EA] -> 0xFEB5
[4945] [M]: 0x800328E8 (0xFEB55CE3) bge a0, a1, 8184


mem[X,0x800328E0] -> 0x0613
mem[X,0x800328E2] -> 0x0016
[4946] [M]: 0x800328E0 (0x00160613) addi a2, a2, 1
x12 <- 0x00000001


mem[X,0x800328E4] -> 0x006F
mem[X,0x800328E6] -> 0x0180
[4947] [M]: 0x800328E4 (0x0180006F) jal zero, 24


mem[X,0x800328FC] -> 0x2023
mem[X,0x800328FE] -> 0x7EC2
[4948] [M]: 0x800328FC (0x7EC22023) sw a2, 2016(tp)
mem[0x8003B948] <- 0x00000001


mem[X,0x80032900] -> 0xB537
mem[X,0x80032902] -> 0x0000
[4949] [M]: 0x80032900 (0x0000B537) lui a0, 11
x10 <- 0x0000B000


mem[X,0x80032904] -> 0x0513
mem[X,0x80032906] -> 0x5035
[4950] [M]: 0x80032904 (0x50350513) addi a0, a0, 1283
x10 <- 0x0000B503


mem[X,0x80032908] -> 0x0593
mem[X,0x8003290A] -> 0x0030
[4951] [M]: 0x80032908 (0x00300593) addi a1, zero, 3
x11 <- 0x00000003


mem[X,0x8003290C] -> 0x0613
mem[X,0x8003290E] -> 0x0000
[4952] [M]: 0x8003290C (0x00000613) addi a2, zero, 0
x12 <- 0x00000000


mem[X,0x80032910] -> 0x006F
mem[X,0x80032912] -> 0x0100
[4953] [M]: 0x80032910 (0x0100006F) jal zero, 16


mem[X,0x80032920] -> 0x5AE3
mem[X,0x80032922] -> 0xFEB5
[4954] [M]: 0x80032920 (0xFEB55AE3) bge a0, a1, 8180


mem[X,0x80032914] -> 0x0613
mem[X,0x80032916] -> 0x0016
[4955] [M]: 0x80032914 (0x00160613) addi a2, a2, 1
x12 <- 0x00000001


mem[X,0x80032918] -> 0x006F
mem[X,0x8003291A] -> 0x01C0
[4956] [M]: 0x80032918 (0x01C0006F) jal zero, 28


mem[X,0x80032934] -> 0x2223
mem[X,0x80032936] -> 0x7EC2
[4957] [M]: 0x80032934 (0x7EC22223) sw a2, 2020(tp)
mem[0x8003B94C] <- 0x00000001


mem[X,0x80032938] -> 0xB537
mem[X,0x8003293A] -> 0x0000
[4958] [M]: 0x80032938 (0x0000B537) lui a0, 11
x10 <- 0x0000B000


mem[X,0x8003293C] -> 0x0513
mem[X,0x8003293E] -> 0x5035
[4959] [M]: 0x8003293C (0x50350513) addi a0, a0, 1283
x10 <- 0x0000B503


mem[X,0x80032940] -> 0x55B7
mem[X,0x80032942] -> 0x5555
[4960] [M]: 0x80032940 (0x555555B7) lui a1, 349525
x11 <- 0x55555000


mem[X,0x80032944] -> 0x8593
mem[X,0x80032946] -> 0x5555
[4961] [M]: 0x80032944 (0x55558593) addi a1, a1, 1365
x11 <- 0x55555555


mem[X,0x80032948] -> 0x0613
mem[X,0x8003294A] -> 0x0000
[4962] [M]: 0x80032948 (0x00000613) addi a2, zero, 0
x12 <- 0x00000000


mem[X,0x8003294C] -> 0x006F
mem[X,0x8003294E] -> 0x00C0
[4963] [M]: 0x8003294C (0x00C0006F) jal zero, 12


mem[X,0x80032958] -> 0x5CE3
mem[X,0x8003295A] -> 0xFEB5
[4964] [M]: 0x80032958 (0xFEB55CE3) bge a0, a1, 8184


mem[X,0x8003295C] -> 0x0613
mem[X,0x8003295E] -> 0x0026
[4965] [M]: 0x8003295C (0x00260613) addi a2, a2, 2
x12 <- 0x00000002


mem[X,0x80032960] -> 0x006F
mem[X,0x80032962] -> 0x00C0
[4966] [M]: 0x80032960 (0x00C0006F) jal zero, 12


mem[X,0x8003296C] -> 0x2423
mem[X,0x8003296E] -> 0x7EC2
[4967] [M]: 0x8003296C (0x7EC22423) sw a2, 2024(tp)
mem[0x8003B950] <- 0x00000002


mem[X,0x80032970] -> 0xB537
mem[X,0x80032972] -> 0x0000
[4968] [M]: 0x80032970 (0x0000B537) lui a0, 11
x10 <- 0x0000B000


mem[X,0x80032974] -> 0x0513
mem[X,0x80032976] -> 0x5035
[4969] [M]: 0x80032974 (0x50350513) addi a0, a0, 1283
x10 <- 0x0000B503


mem[X,0x80032978] -> 0xB5B7
mem[X,0x8003297A] -> 0xAAAA
[4970] [M]: 0x80032978 (0xAAAAB5B7) lui a1, 699051
x11 <- 0xAAAAB000


mem[X,0x8003297C] -> 0x8593
mem[X,0x8003297E] -> 0xAAA5
[4971] [M]: 0x8003297C (0xAAA58593) addi a1, a1, 2730
x11 <- 0xAAAAAAAA


mem[X,0x80032980] -> 0x0613
mem[X,0x80032982] -> 0x0000
[4972] [M]: 0x80032980 (0x00000613) addi a2, zero, 0
x12 <- 0x00000000


mem[X,0x80032984] -> 0x006F
mem[X,0x80032986] -> 0x00C0
[4973] [M]: 0x80032984 (0x00C0006F) jal zero, 12


mem[X,0x80032990] -> 0x5663
mem[X,0x80032992] -> 0x00B5
[4974] [M]: 0x80032990 (0x00B55663) bge a0, a1, 12


mem[X,0x8003299C] -> 0x0613
mem[X,0x8003299E] -> 0x0036
[4975] [M]: 0x8003299C (0x00360613) addi a2, a2, 3
x12 <- 0x00000003


mem[X,0x800329A0] -> 0x006F
mem[X,0x800329A2] -> 0x0040
[4976] [M]: 0x800329A0 (0x0040006F) jal zero, 4


mem[X,0x800329A4] -> 0x2623
mem[X,0x800329A6] -> 0x7EC2
[4977] [M]: 0x800329A4 (0x7EC22623) sw a2, 2028(tp)
mem[0x8003B954] <- 0x00000003


mem[X,0x800329A8] -> 0xB537
mem[X,0x800329AA] -> 0x0000
[4978] [M]: 0x800329A8 (0x0000B537) lui a0, 11
x10 <- 0x0000B000


mem[X,0x800329AC] -> 0x0513
mem[X,0x800329AE] -> 0x5035
[4979] [M]: 0x800329AC (0x50350513) addi a0, a0, 1283
x10 <- 0x0000B503


mem[X,0x800329B0] -> 0x0593
mem[X,0x800329B2] -> 0x0050
[4980] [M]: 0x800329B0 (0x00500593) addi a1, zero, 5
x11 <- 0x00000005


mem[X,0x800329B4] -> 0x0613
mem[X,0x800329B6] -> 0x0000
[4981] [M]: 0x800329B4 (0x00000613) addi a2, zero, 0
x12 <- 0x00000000


mem[X,0x800329B8] -> 0x006F
mem[X,0x800329BA] -> 0x00C0
[4982] [M]: 0x800329B8 (0x00C0006F) jal zero, 12


mem[X,0x800329C4] -> 0x5863
mem[X,0x800329C6] -> 0x00B5
[4983] [M]: 0x800329C4 (0x00B55863) bge a0, a1, 16


mem[X,0x800329D4] -> 0x0613
mem[X,0x800329D6] -> 0x0036
[4984] [M]: 0x800329D4 (0x00360613) addi a2, a2, 3
x12 <- 0x00000003


mem[X,0x800329D8] -> 0x006F
mem[X,0x800329DA] -> 0x0040
[4985] [M]: 0x800329D8 (0x0040006F) jal zero, 4


mem[X,0x800329DC] -> 0x2823
mem[X,0x800329DE] -> 0x7EC2
[4986] [M]: 0x800329DC (0x7EC22823) sw a2, 2032(tp)
mem[0x8003B958] <- 0x00000003


mem[X,0x800329E0] -> 0xB537
mem[X,0x800329E2] -> 0x0000
[4987] [M]: 0x800329E0 (0x0000B537) lui a0, 11
x10 <- 0x0000B000


mem[X,0x800329E4] -> 0x0513
mem[X,0x800329E6] -> 0x5035
[4988] [M]: 0x800329E4 (0x50350513) addi a0, a0, 1283
x10 <- 0x0000B503


mem[X,0x800329E8] -> 0x35B7
mem[X,0x800329EA] -> 0x3333
[4989] [M]: 0x800329E8 (0x333335B7) lui a1, 209715
x11 <- 0x33333000


mem[X,0x800329EC] -> 0x8593
mem[X,0x800329EE] -> 0x3335
[4990] [M]: 0x800329EC (0x33358593) addi a1, a1, 819
x11 <- 0x33333333


mem[X,0x800329F0] -> 0x0613
mem[X,0x800329F2] -> 0x0000
[4991] [M]: 0x800329F0 (0x00000613) addi a2, zero, 0
x12 <- 0x00000000


mem[X,0x800329F4] -> 0x006F
mem[X,0x800329F6] -> 0x00C0
[4992] [M]: 0x800329F4 (0x00C0006F) jal zero, 12


mem[X,0x80032A00] -> 0x5063
mem[X,0x80032A02] -> 0x04B5
[4993] [M]: 0x80032A00 (0x04B55063) bge a0, a1, 64


mem[X,0x80032A04] -> 0x0613
mem[X,0x80032A06] -> 0x0026
[4994] [M]: 0x80032A04 (0x00260613) addi a2, a2, 2
x12 <- 0x00000002


mem[X,0x80032A08] -> 0x006F
mem[X,0x80032A0A] -> 0x0400
[4995] [M]: 0x80032A08 (0x0400006F) jal zero, 64


mem[X,0x80032A48] -> 0x2A23
mem[X,0x80032A4A] -> 0x7EC2
[4996] [M]: 0x80032A48 (0x7EC22A23) sw a2, 2036(tp)
mem[0x8003B95C] <- 0x00000002


mem[X,0x80032A4C] -> 0xB537
mem[X,0x80032A4E] -> 0x0000
[4997] [M]: 0x80032A4C (0x0000B537) lui a0, 11
x10 <- 0x0000B000


mem[X,0x80032A50] -> 0x0513
mem[X,0x80032A52] -> 0x5035
[4998] [M]: 0x80032A50 (0x50350513) addi a0, a0, 1283
x10 <- 0x0000B503


mem[X,0x80032A54] -> 0x65B7
mem[X,0x80032A56] -> 0x6666
[4999] [M]: 0x80032A54 (0x666665B7) lui a1, 419430
x11 <- 0x66666000


clint::tick mtime <- 0x0000000000000032
 clint timer pending at mtime 0x0000000000000032
htif::tick 0x0000000000000000
mem[X,0x80032A58] -> 0x8593
mem[X,0x80032A5A] -> 0x6665
[5000] [M]: 0x80032A58 (0x66658593) addi a1, a1, 1638
x11 <- 0x66666666


mem[X,0x80032A5C] -> 0x0613
mem[X,0x80032A5E] -> 0x0000
[5001] [M]: 0x80032A5C (0x00000613) addi a2, zero, 0
x12 <- 0x00000000


mem[X,0x80032A60] -> 0x006F
mem[X,0x80032A62] -> 0x00C0
[5002] [M]: 0x80032A60 (0x00C0006F) jal zero, 12


mem[X,0x80032A6C] -> 0x5063
mem[X,0x80032A6E] -> 0x04B5
[5003] [M]: 0x80032A6C (0x04B55063) bge a0, a1, 64


mem[X,0x80032A70] -> 0x0613
mem[X,0x80032A72] -> 0x0026
[5004] [M]: 0x80032A70 (0x00260613) addi a2, a2, 2
x12 <- 0x00000002


mem[X,0x80032A74] -> 0x006F
mem[X,0x80032A76] -> 0x0400
[5005] [M]: 0x80032A74 (0x0400006F) jal zero, 64


mem[X,0x80032AB4] -> 0x2C23
mem[X,0x80032AB6] -> 0x7EC2
[5006] [M]: 0x80032AB4 (0x7EC22C23) sw a2, 2040(tp)
mem[0x8003B960] <- 0x00000002


mem[X,0x80032AB8] -> 0xB537
mem[X,0x80032ABA] -> 0x0000
[5007] [M]: 0x80032AB8 (0x0000B537) lui a0, 11
x10 <- 0x0000B000


mem[X,0x80032ABC] -> 0x0513
mem[X,0x80032ABE] -> 0x5035
[5008] [M]: 0x80032ABC (0x50350513) addi a0, a0, 1283
x10 <- 0x0000B503


mem[X,0x80032AC0] -> 0x55B7
mem[X,0x80032AC2] -> 0xFFFF
[5009] [M]: 0x80032AC0 (0xFFFF55B7) lui a1, 1048565
x11 <- 0xFFFF5000


mem[X,0x80032AC4] -> 0x8593
mem[X,0x80032AC6] -> 0xAFC5
[5010] [M]: 0x80032AC4 (0xAFC58593) addi a1, a1, 2812
x11 <- 0xFFFF4AFC


mem[X,0x80032AC8] -> 0x0613
mem[X,0x80032ACA] -> 0x0000
[5011] [M]: 0x80032AC8 (0x00000613) addi a2, zero, 0
x12 <- 0x00000000


mem[X,0x80032ACC] -> 0x006F
mem[X,0x80032ACE] -> 0x00C0
[5012] [M]: 0x80032ACC (0x00C0006F) jal zero, 12


mem[X,0x80032AD8] -> 0x5063
mem[X,0x80032ADA] -> 0x10B5
[5013] [M]: 0x80032AD8 (0x10B55063) bge a0, a1, 256


mem[X,0x80032BD8] -> 0x0613
mem[X,0x80032BDA] -> 0x0036
[5014] [M]: 0x80032BD8 (0x00360613) addi a2, a2, 3
x12 <- 0x00000003


mem[X,0x80032BDC] -> 0x006F
mem[X,0x80032BDE] -> 0x0040
[5015] [M]: 0x80032BDC (0x0040006F) jal zero, 4


mem[X,0x80032BE0] -> 0x2E23
mem[X,0x80032BE2] -> 0x7EC2
[5016] [M]: 0x80032BE0 (0x7EC22E23) sw a2, 2044(tp)
mem[0x8003B964] <- 0x00000003


mem[X,0x80032BE4] -> 0x0013
mem[X,0x80032BE6] -> 0x0000
[5017] [M]: 0x80032BE4 (0x00000013) addi zero, zero, 0


mem[X,0x80032BE8] -> 0x0013
mem[X,0x80032BEA] -> 0x0000
[5018] [M]: 0x80032BE8 (0x00000013) addi zero, zero, 0


mem[X,0x80032BEC] -> 0x0013
mem[X,0x80032BEE] -> 0x0000
[5019] [M]: 0x80032BEC (0x00000013) addi zero, zero, 0


mem[X,0x80032BF0] -> 0x0013
mem[X,0x80032BF2] -> 0x0000
[5020] [M]: 0x80032BF0 (0x00000013) addi zero, zero, 0


mem[X,0x80032BF4] -> 0x0013
mem[X,0x80032BF6] -> 0x0000
[5021] [M]: 0x80032BF4 (0x00000013) addi zero, zero, 0


mem[X,0x80032BF8] -> 0x0013
mem[X,0x80032BFA] -> 0x0000
[5022] [M]: 0x80032BF8 (0x00000013) addi zero, zero, 0


mem[X,0x80032BFC] -> 0x0013
mem[X,0x80032BFE] -> 0x0000
[5023] [M]: 0x80032BFC (0x00000013) addi zero, zero, 0


mem[X,0x80032C00] -> 0x9217
mem[X,0x80032C02] -> 0x0000
[5024] [M]: 0x80032C00 (0x00009217) auipc tp, 9
x4 <- 0x8003BC00


mem[X,0x80032C04] -> 0x0213
mem[X,0x80032C06] -> 0xD682
[5025] [M]: 0x80032C04 (0xD6820213) addi tp, tp, 3432
x4 <- 0x8003B968


mem[X,0x80032C08] -> 0x0013
mem[X,0x80032C0A] -> 0x0000
[5026] [M]: 0x80032C08 (0x00000013) addi zero, zero, 0


mem[X,0x80032C0C] -> 0x0013
mem[X,0x80032C0E] -> 0x0000
[5027] [M]: 0x80032C0C (0x00000013) addi zero, zero, 0


mem[X,0x80032C10] -> 0x0013
mem[X,0x80032C12] -> 0x0000
[5028] [M]: 0x80032C10 (0x00000013) addi zero, zero, 0


mem[X,0x80032C14] -> 0x0013
mem[X,0x80032C16] -> 0x0000
[5029] [M]: 0x80032C14 (0x00000013) addi zero, zero, 0


mem[X,0x80032C18] -> 0x0013
mem[X,0x80032C1A] -> 0x0000
[5030] [M]: 0x80032C18 (0x00000013) addi zero, zero, 0


mem[X,0x80032C1C] -> 0x0013
mem[X,0x80032C1E] -> 0x0000
[5031] [M]: 0x80032C1C (0x00000013) addi zero, zero, 0


mem[X,0x80032C20] -> 0xB537
mem[X,0x80032C22] -> 0x0000
[5032] [M]: 0x80032C20 (0x0000B537) lui a0, 11
x10 <- 0x0000B000


mem[X,0x80032C24] -> 0x0513
mem[X,0x80032C26] -> 0x5035
[5033] [M]: 0x80032C24 (0x50350513) addi a0, a0, 1283
x10 <- 0x0000B503


mem[X,0x80032C28] -> 0xB5B7
mem[X,0x80032C2A] -> 0x0000
[5034] [M]: 0x80032C28 (0x0000B5B7) lui a1, 11
x11 <- 0x0000B000


mem[X,0x80032C2C] -> 0x8593
mem[X,0x80032C2E] -> 0x5045
[5035] [M]: 0x80032C2C (0x50458593) addi a1, a1, 1284
x11 <- 0x0000B504


mem[X,0x80032C30] -> 0x0613
mem[X,0x80032C32] -> 0x0000
[5036] [M]: 0x80032C30 (0x00000613) addi a2, zero, 0
x12 <- 0x00000000


mem[X,0x80032C34] -> 0x006F
mem[X,0x80032C36] -> 0x00C0
[5037] [M]: 0x80032C34 (0x00C0006F) jal zero, 12


mem[X,0x80032C40] -> 0x5063
mem[X,0x80032C42] -> 0x04B5
[5038] [M]: 0x80032C40 (0x04B55063) bge a0, a1, 64


mem[X,0x80032C44] -> 0x0613
mem[X,0x80032C46] -> 0x0026
[5039] [M]: 0x80032C44 (0x00260613) addi a2, a2, 2
x12 <- 0x00000002


mem[X,0x80032C48] -> 0x006F
mem[X,0x80032C4A] -> 0x0400
[5040] [M]: 0x80032C48 (0x0400006F) jal zero, 64


mem[X,0x80032C88] -> 0x2023
mem[X,0x80032C8A] -> 0x00C2
[5041] [M]: 0x80032C88 (0x00C22023) sw a2, 0(tp)
mem[0x8003B968] <- 0x00000002


mem[X,0x80032C8C] -> 0xB537
mem[X,0x80032C8E] -> 0x0000
[5042] [M]: 0x80032C8C (0x0000B537) lui a0, 11
x10 <- 0x0000B000


mem[X,0x80032C90] -> 0x0513
mem[X,0x80032C92] -> 0x5035
[5043] [M]: 0x80032C90 (0x50350513) addi a0, a0, 1283
x10 <- 0x0000B503


mem[X,0x80032C94] -> 0x0593
mem[X,0x80032C96] -> 0x0020
[5044] [M]: 0x80032C94 (0x00200593) addi a1, zero, 2
x11 <- 0x00000002


mem[X,0x80032C98] -> 0x0613
mem[X,0x80032C9A] -> 0x0000
[5045] [M]: 0x80032C98 (0x00000613) addi a2, zero, 0
x12 <- 0x00000000


mem[X,0x80032C9C] -> 0x006F
mem[X,0x80032C9E] -> 0x00C0
[5046] [M]: 0x80032C9C (0x00C0006F) jal zero, 12


mem[X,0x80032CA8] -> 0x5CE3
mem[X,0x80032CAA] -> 0xFEB5
[5047] [M]: 0x80032CA8 (0xFEB55CE3) bge a0, a1, 8184


mem[X,0x80032CA0] -> 0x0613
mem[X,0x80032CA2] -> 0x0016
[5048] [M]: 0x80032CA0 (0x00160613) addi a2, a2, 1
x12 <- 0x00000001


mem[X,0x80032CA4] -> 0x006F
mem[X,0x80032CA6] -> 0x0180
[5049] [M]: 0x80032CA4 (0x0180006F) jal zero, 24


mem[X,0x80032CBC] -> 0x2223
mem[X,0x80032CBE] -> 0x00C2
[5050] [M]: 0x80032CBC (0x00C22223) sw a2, 4(tp)
mem[0x8003B96C] <- 0x00000001


mem[X,0x80032CC0] -> 0xB537
mem[X,0x80032CC2] -> 0x0000
[5051] [M]: 0x80032CC0 (0x0000B537) lui a0, 11
x10 <- 0x0000B000


mem[X,0x80032CC4] -> 0x0513
mem[X,0x80032CC6] -> 0x5035
[5052] [M]: 0x80032CC4 (0x50350513) addi a0, a0, 1283
x10 <- 0x0000B503


mem[X,0x80032CC8] -> 0x55B7
mem[X,0x80032CCA] -> 0x5555
[5053] [M]: 0x80032CC8 (0x555555B7) lui a1, 349525
x11 <- 0x55555000


mem[X,0x80032CCC] -> 0x8593
mem[X,0x80032CCE] -> 0x5545
[5054] [M]: 0x80032CCC (0x55458593) addi a1, a1, 1364
x11 <- 0x55555554


mem[X,0x80032CD0] -> 0x0613
mem[X,0x80032CD2] -> 0x0000
[5055] [M]: 0x80032CD0 (0x00000613) addi a2, zero, 0
x12 <- 0x00000000


mem[X,0x80032CD4] -> 0x006F
mem[X,0x80032CD6] -> 0x00C0
[5056] [M]: 0x80032CD4 (0x00C0006F) jal zero, 12


mem[X,0x80032CE0] -> 0x5CE3
mem[X,0x80032CE2] -> 0xFEB5
[5057] [M]: 0x80032CE0 (0xFEB55CE3) bge a0, a1, 8184


mem[X,0x80032CE4] -> 0x0613
mem[X,0x80032CE6] -> 0x0026
[5058] [M]: 0x80032CE4 (0x00260613) addi a2, a2, 2
x12 <- 0x00000002


mem[X,0x80032CE8] -> 0x006F
mem[X,0x80032CEA] -> 0x00C0
[5059] [M]: 0x80032CE8 (0x00C0006F) jal zero, 12


mem[X,0x80032CF4] -> 0x2423
mem[X,0x80032CF6] -> 0x00C2
[5060] [M]: 0x80032CF4 (0x00C22423) sw a2, 8(tp)
mem[0x8003B970] <- 0x00000002


mem[X,0x80032CF8] -> 0xB537
mem[X,0x80032CFA] -> 0x0000
[5061] [M]: 0x80032CF8 (0x0000B537) lui a0, 11
x10 <- 0x0000B000


mem[X,0x80032CFC] -> 0x0513
mem[X,0x80032CFE] -> 0x5035
[5062] [M]: 0x80032CFC (0x50350513) addi a0, a0, 1283
x10 <- 0x0000B503


mem[X,0x80032D00] -> 0x0593
mem[X,0x80032D02] -> 0x0000
[5063] [M]: 0x80032D00 (0x00000593) addi a1, zero, 0
x11 <- 0x00000000


mem[X,0x80032D04] -> 0x0613
mem[X,0x80032D06] -> 0x0000
[5064] [M]: 0x80032D04 (0x00000613) addi a2, zero, 0
x12 <- 0x00000000


mem[X,0x80032D08] -> 0x006F
mem[X,0x80032D0A] -> 0x00C0
[5065] [M]: 0x80032D08 (0x00C0006F) jal zero, 12


mem[X,0x80032D14] -> 0x5063
mem[X,0x80032D16] -> 0x40B5
[5066] [M]: 0x80032D14 (0x40B55063) bge a0, a1, 1024


mem[X,0x80033114] -> 0x0613
mem[X,0x80033116] -> 0x0036
[5067] [M]: 0x80033114 (0x00360613) addi a2, a2, 3
x12 <- 0x00000003


mem[X,0x80033118] -> 0x006F
mem[X,0x8003311A] -> 0x0040
[5068] [M]: 0x80033118 (0x0040006F) jal zero, 4


mem[X,0x8003311C] -> 0x2623
mem[X,0x8003311E] -> 0x00C2
[5069] [M]: 0x8003311C (0x00C22623) sw a2, 12(tp)
mem[0x8003B974] <- 0x00000003


mem[X,0x80033120] -> 0xB537
mem[X,0x80033122] -> 0x0000
[5070] [M]: 0x80033120 (0x0000B537) lui a0, 11
x10 <- 0x0000B000


mem[X,0x80033124] -> 0x0513
mem[X,0x80033126] -> 0x5035
[5071] [M]: 0x80033124 (0x50350513) addi a0, a0, 1283
x10 <- 0x0000B503


mem[X,0x80033128] -> 0x0593
mem[X,0x8003312A] -> 0x0040
[5072] [M]: 0x80033128 (0x00400593) addi a1, zero, 4
x11 <- 0x00000004


mem[X,0x8003312C] -> 0x0613
mem[X,0x8003312E] -> 0x0000
[5073] [M]: 0x8003312C (0x00000613) addi a2, zero, 0
x12 <- 0x00000000


mem[X,0x80033130] -> 0x006F
mem[X,0x80033132] -> 0x00C0
[5074] [M]: 0x80033130 (0x00C0006F) jal zero, 12


mem[X,0x8003313C] -> 0x5CE3
mem[X,0x8003313E] -> 0xFEB5
[5075] [M]: 0x8003313C (0xFEB55CE3) bge a0, a1, 8184


mem[X,0x80033134] -> 0x0613
mem[X,0x80033136] -> 0x0016
[5076] [M]: 0x80033134 (0x00160613) addi a2, a2, 1
x12 <- 0x00000001


mem[X,0x80033138] -> 0x006F
mem[X,0x8003313A] -> 0x0180
[5077] [M]: 0x80033138 (0x0180006F) jal zero, 24


mem[X,0x80033150] -> 0x2823
mem[X,0x80033152] -> 0x00C2
[5078] [M]: 0x80033150 (0x00C22823) sw a2, 16(tp)
mem[0x8003B978] <- 0x00000001


mem[X,0x80033154] -> 0xB537
mem[X,0x80033156] -> 0x0000
[5079] [M]: 0x80033154 (0x0000B537) lui a0, 11
x10 <- 0x0000B000


mem[X,0x80033158] -> 0x0513
mem[X,0x8003315A] -> 0x5035
[5080] [M]: 0x80033158 (0x50350513) addi a0, a0, 1283
x10 <- 0x0000B503


mem[X,0x8003315C] -> 0x35B7
mem[X,0x8003315E] -> 0x3333
[5081] [M]: 0x8003315C (0x333335B7) lui a1, 209715
x11 <- 0x33333000


mem[X,0x80033160] -> 0x8593
mem[X,0x80033162] -> 0x3325
[5082] [M]: 0x80033160 (0x33258593) addi a1, a1, 818
x11 <- 0x33333332


mem[X,0x80033164] -> 0x0613
mem[X,0x80033166] -> 0x0000
[5083] [M]: 0x80033164 (0x00000613) addi a2, zero, 0
x12 <- 0x00000000


mem[X,0x80033168] -> 0x006F
mem[X,0x8003316A] -> 0x00C0
[5084] [M]: 0x80033168 (0x00C0006F) jal zero, 12


mem[X,0x80033174] -> 0x5063
mem[X,0x80033176] -> 0x40B5
[5085] [M]: 0x80033174 (0x40B55063) bge a0, a1, 1024


mem[X,0x80033178] -> 0x0613
mem[X,0x8003317A] -> 0x0026
[5086] [M]: 0x80033178 (0x00260613) addi a2, a2, 2
x12 <- 0x00000002


mem[X,0x8003317C] -> 0x006F
mem[X,0x8003317E] -> 0x4000
[5087] [M]: 0x8003317C (0x4000006F) jal zero, 1024


mem[X,0x8003357C] -> 0x2A23
mem[X,0x8003357E] -> 0x00C2
[5088] [M]: 0x8003357C (0x00C22A23) sw a2, 20(tp)
mem[0x8003B97C] <- 0x00000002


mem[X,0x80033580] -> 0xB537
mem[X,0x80033582] -> 0x0000
[5089] [M]: 0x80033580 (0x0000B537) lui a0, 11
x10 <- 0x0000B000


mem[X,0x80033584] -> 0x0513
mem[X,0x80033586] -> 0x5035
[5090] [M]: 0x80033584 (0x50350513) addi a0, a0, 1283
x10 <- 0x0000B503


mem[X,0x80033588] -> 0x65B7
mem[X,0x8003358A] -> 0x6666
[5091] [M]: 0x80033588 (0x666665B7) lui a1, 419430
x11 <- 0x66666000


mem[X,0x8003358C] -> 0x8593
mem[X,0x8003358E] -> 0x6655
[5092] [M]: 0x8003358C (0x66558593) addi a1, a1, 1637
x11 <- 0x66666665


mem[X,0x80033590] -> 0x0613
mem[X,0x80033592] -> 0x0000
[5093] [M]: 0x80033590 (0x00000613) addi a2, zero, 0
x12 <- 0x00000000


mem[X,0x80033594] -> 0x006F
mem[X,0x80033596] -> 0x0050
[5094] [M]: 0x80033594 (0x0050006F) jal zero, 2052


mem[X,0x80033D98] -> 0x50E3
mem[X,0x80033D9A] -> 0x80B5
[5095] [M]: 0x80033D98 (0x80B550E3) bge a0, a1, 6144


mem[X,0x80033D9C] -> 0x0613
mem[X,0x80033D9E] -> 0x0026
[5096] [M]: 0x80033D9C (0x00260613) addi a2, a2, 2
x12 <- 0x00000002


mem[X,0x80033DA0] -> 0x006F
mem[X,0x80033DA2] -> 0x00C0
[5097] [M]: 0x80033DA0 (0x00C0006F) jal zero, 12


mem[X,0x80033DAC] -> 0x2C23
mem[X,0x80033DAE] -> 0x00C2
[5098] [M]: 0x80033DAC (0x00C22C23) sw a2, 24(tp)
mem[0x8003B980] <- 0x00000002


mem[X,0x80033DB0] -> 0xB537
mem[X,0x80033DB2] -> 0x0000
[5099] [M]: 0x80033DB0 (0x0000B537) lui a0, 11
x10 <- 0x0000B000


clint::tick mtime <- 0x0000000000000033
 clint timer pending at mtime 0x0000000000000033
htif::tick 0x0000000000000000
mem[X,0x80033DB4] -> 0x0513
mem[X,0x80033DB6] -> 0x5035
[5100] [M]: 0x80033DB4 (0x50350513) addi a0, a0, 1283
x10 <- 0x0000B503


mem[X,0x80033DB8] -> 0xB5B7
mem[X,0x80033DBA] -> 0x0000
[5101] [M]: 0x80033DB8 (0x0000B5B7) lui a1, 11
x11 <- 0x0000B000


mem[X,0x80033DBC] -> 0x8593
mem[X,0x80033DBE] -> 0x5035
[5102] [M]: 0x80033DBC (0x50358593) addi a1, a1, 1283
x11 <- 0x0000B503


mem[X,0x80033DC0] -> 0x0613
mem[X,0x80033DC2] -> 0x0000
[5103] [M]: 0x80033DC0 (0x00000613) addi a2, zero, 0
x12 <- 0x00000000


mem[X,0x80033DC4] -> 0x006F
mem[X,0x80033DC6] -> 0x00C0
[5104] [M]: 0x80033DC4 (0x00C0006F) jal zero, 12


mem[X,0x80033DD0] -> 0x5063
mem[X,0x80033DD2] -> 0x40B5
[5105] [M]: 0x80033DD0 (0x40B55063) bge a0, a1, 1024


mem[X,0x800341D0] -> 0x0613
mem[X,0x800341D2] -> 0x0036
[5106] [M]: 0x800341D0 (0x00360613) addi a2, a2, 3
x12 <- 0x00000003


mem[X,0x800341D4] -> 0x006F
mem[X,0x800341D6] -> 0x0040
[5107] [M]: 0x800341D4 (0x0040006F) jal zero, 4


mem[X,0x800341D8] -> 0x2E23
mem[X,0x800341DA] -> 0x00C2
[5108] [M]: 0x800341D8 (0x00C22E23) sw a2, 28(tp)
mem[0x8003B984] <- 0x00000003


mem[X,0x800341DC] -> 0xB537
mem[X,0x800341DE] -> 0x0000
[5109] [M]: 0x800341DC (0x0000B537) lui a0, 11
x10 <- 0x0000B000


mem[X,0x800341E0] -> 0x0513
mem[X,0x800341E2] -> 0x5035
[5110] [M]: 0x800341E0 (0x50350513) addi a0, a0, 1283
x10 <- 0x0000B503


mem[X,0x800341E4] -> 0x55B7
mem[X,0x800341E6] -> 0x5555
[5111] [M]: 0x800341E4 (0x555555B7) lui a1, 349525
x11 <- 0x55555000


mem[X,0x800341E8] -> 0x8593
mem[X,0x800341EA] -> 0x5565
[5112] [M]: 0x800341E8 (0x55658593) addi a1, a1, 1366
x11 <- 0x55555556


mem[X,0x800341EC] -> 0x0613
mem[X,0x800341EE] -> 0x0000
[5113] [M]: 0x800341EC (0x00000613) addi a2, zero, 0
x12 <- 0x00000000


mem[X,0x800341F0] -> 0x006F
mem[X,0x800341F2] -> 0x00C0
[5114] [M]: 0x800341F0 (0x00C0006F) jal zero, 12


mem[X,0x800341FC] -> 0x5663
mem[X,0x800341FE] -> 0x00B5
[5115] [M]: 0x800341FC (0x00B55663) bge a0, a1, 12


mem[X,0x80034200] -> 0x0613
mem[X,0x80034202] -> 0x0026
[5116] [M]: 0x80034200 (0x00260613) addi a2, a2, 2
x12 <- 0x00000002


mem[X,0x80034204] -> 0x006F
mem[X,0x80034206] -> 0x00C0
[5117] [M]: 0x80034204 (0x00C0006F) jal zero, 12


mem[X,0x80034210] -> 0x2023
mem[X,0x80034212] -> 0x02C2
[5118] [M]: 0x80034210 (0x02C22023) sw a2, 32(tp)
mem[0x8003B988] <- 0x00000002


mem[X,0x80034214] -> 0xB537
mem[X,0x80034216] -> 0x0000
[5119] [M]: 0x80034214 (0x0000B537) lui a0, 11
x10 <- 0x0000B000


mem[X,0x80034218] -> 0x0513
mem[X,0x8003421A] -> 0x5035
[5120] [M]: 0x80034218 (0x50350513) addi a0, a0, 1283
x10 <- 0x0000B503


mem[X,0x8003421C] -> 0xB5B7
mem[X,0x8003421E] -> 0xAAAA
[5121] [M]: 0x8003421C (0xAAAAB5B7) lui a1, 699051
x11 <- 0xAAAAB000


mem[X,0x80034220] -> 0x8593
mem[X,0x80034222] -> 0xAAB5
[5122] [M]: 0x80034220 (0xAAB58593) addi a1, a1, 2731
x11 <- 0xAAAAAAAB


mem[X,0x80034224] -> 0x0613
mem[X,0x80034226] -> 0x0000
[5123] [M]: 0x80034224 (0x00000613) addi a2, zero, 0
x12 <- 0x00000000


mem[X,0x80034228] -> 0x006F
mem[X,0x8003422A] -> 0x00C0
[5124] [M]: 0x80034228 (0x00C0006F) jal zero, 12


mem[X,0x80034234] -> 0x5CE3
mem[X,0x80034236] -> 0xFEB5
[5125] [M]: 0x80034234 (0xFEB55CE3) bge a0, a1, 8184


mem[X,0x8003422C] -> 0x0613
mem[X,0x8003422E] -> 0x0016
[5126] [M]: 0x8003422C (0x00160613) addi a2, a2, 1
x12 <- 0x00000001


mem[X,0x80034230] -> 0x006F
mem[X,0x80034232] -> 0x0180
[5127] [M]: 0x80034230 (0x0180006F) jal zero, 24


mem[X,0x80034248] -> 0x2223
mem[X,0x8003424A] -> 0x02C2
[5128] [M]: 0x80034248 (0x02C22223) sw a2, 36(tp)
mem[0x8003B98C] <- 0x00000001


mem[X,0x8003424C] -> 0xB537
mem[X,0x8003424E] -> 0x0000
[5129] [M]: 0x8003424C (0x0000B537) lui a0, 11
x10 <- 0x0000B000


mem[X,0x80034250] -> 0x0513
mem[X,0x80034252] -> 0x5035
[5130] [M]: 0x80034250 (0x50350513) addi a0, a0, 1283
x10 <- 0x0000B503


mem[X,0x80034254] -> 0x0593
mem[X,0x80034256] -> 0x0060
[5131] [M]: 0x80034254 (0x00600593) addi a1, zero, 6
x11 <- 0x00000006


mem[X,0x80034258] -> 0x0613
mem[X,0x8003425A] -> 0x0000
[5132] [M]: 0x80034258 (0x00000613) addi a2, zero, 0
x12 <- 0x00000000


mem[X,0x8003425C] -> 0x006F
mem[X,0x8003425E] -> 0x00C0
[5133] [M]: 0x8003425C (0x00C0006F) jal zero, 12


mem[X,0x80034268] -> 0x5663
mem[X,0x8003426A] -> 0x00B5
[5134] [M]: 0x80034268 (0x00B55663) bge a0, a1, 12


mem[X,0x80034274] -> 0x0613
mem[X,0x80034276] -> 0x0036
[5135] [M]: 0x80034274 (0x00360613) addi a2, a2, 3
x12 <- 0x00000003


mem[X,0x80034278] -> 0x006F
mem[X,0x8003427A] -> 0x0040
[5136] [M]: 0x80034278 (0x0040006F) jal zero, 4


mem[X,0x8003427C] -> 0x2423
mem[X,0x8003427E] -> 0x02C2
[5137] [M]: 0x8003427C (0x02C22423) sw a2, 40(tp)
mem[0x8003B990] <- 0x00000003


mem[X,0x80034280] -> 0xB537
mem[X,0x80034282] -> 0x0000
[5138] [M]: 0x80034280 (0x0000B537) lui a0, 11
x10 <- 0x0000B000


mem[X,0x80034284] -> 0x0513
mem[X,0x80034286] -> 0x5035
[5139] [M]: 0x80034284 (0x50350513) addi a0, a0, 1283
x10 <- 0x0000B503


mem[X,0x80034288] -> 0x35B7
mem[X,0x8003428A] -> 0x3333
[5140] [M]: 0x80034288 (0x333335B7) lui a1, 209715
x11 <- 0x33333000


mem[X,0x8003428C] -> 0x8593
mem[X,0x8003428E] -> 0x3345
[5141] [M]: 0x8003428C (0x33458593) addi a1, a1, 820
x11 <- 0x33333334


mem[X,0x80034290] -> 0x0613
mem[X,0x80034292] -> 0x0000
[5142] [M]: 0x80034290 (0x00000613) addi a2, zero, 0
x12 <- 0x00000000


mem[X,0x80034294] -> 0x006F
mem[X,0x80034296] -> 0x0140
[5143] [M]: 0x80034294 (0x0140006F) jal zero, 20


mem[X,0x800342A8] -> 0x58E3
mem[X,0x800342AA] -> 0xFEB5
[5144] [M]: 0x800342A8 (0xFEB558E3) bge a0, a1, 8176


mem[X,0x800342AC] -> 0x0613
mem[X,0x800342AE] -> 0x0026
[5145] [M]: 0x800342AC (0x00260613) addi a2, a2, 2
x12 <- 0x00000002


mem[X,0x800342B0] -> 0x006F
mem[X,0x800342B2] -> 0x00C0
[5146] [M]: 0x800342B0 (0x00C0006F) jal zero, 12


mem[X,0x800342BC] -> 0x2623
mem[X,0x800342BE] -> 0x02C2
[5147] [M]: 0x800342BC (0x02C22623) sw a2, 44(tp)
mem[0x8003B994] <- 0x00000002


mem[X,0x800342C0] -> 0xB537
mem[X,0x800342C2] -> 0x0000
[5148] [M]: 0x800342C0 (0x0000B537) lui a0, 11
x10 <- 0x0000B000


mem[X,0x800342C4] -> 0x0513
mem[X,0x800342C6] -> 0x5035
[5149] [M]: 0x800342C4 (0x50350513) addi a0, a0, 1283
x10 <- 0x0000B503


mem[X,0x800342C8] -> 0x65B7
mem[X,0x800342CA] -> 0x6666
[5150] [M]: 0x800342C8 (0x666665B7) lui a1, 419430
x11 <- 0x66666000


mem[X,0x800342CC] -> 0x8593
mem[X,0x800342CE] -> 0x6675
[5151] [M]: 0x800342CC (0x66758593) addi a1, a1, 1639
x11 <- 0x66666667


mem[X,0x800342D0] -> 0x0613
mem[X,0x800342D2] -> 0x0000
[5152] [M]: 0x800342D0 (0x00000613) addi a2, zero, 0
x12 <- 0x00000000


mem[X,0x800342D4] -> 0x006F
mem[X,0x800342D6] -> 0x00C0
[5153] [M]: 0x800342D4 (0x00C0006F) jal zero, 12


mem[X,0x800342E0] -> 0x5063
mem[X,0x800342E2] -> 0x08B5
[5154] [M]: 0x800342E0 (0x08B55063) bge a0, a1, 128


mem[X,0x800342E4] -> 0x0613
mem[X,0x800342E6] -> 0x0026
[5155] [M]: 0x800342E4 (0x00260613) addi a2, a2, 2
x12 <- 0x00000002


mem[X,0x800342E8] -> 0x006F
mem[X,0x800342EA] -> 0x0800
[5156] [M]: 0x800342E8 (0x0800006F) jal zero, 128


mem[X,0x80034368] -> 0x2823
mem[X,0x8003436A] -> 0x02C2
[5157] [M]: 0x80034368 (0x02C22823) sw a2, 48(tp)
mem[0x8003B998] <- 0x00000002


mem[X,0x8003436C] -> 0xB537
mem[X,0x8003436E] -> 0x0000
[5158] [M]: 0x8003436C (0x0000B537) lui a0, 11
x10 <- 0x0000B000


mem[X,0x80034370] -> 0x0513
mem[X,0x80034372] -> 0x5035
[5159] [M]: 0x80034370 (0x50350513) addi a0, a0, 1283
x10 <- 0x0000B503


mem[X,0x80034374] -> 0x55B7
mem[X,0x80034376] -> 0xFFFF
[5160] [M]: 0x80034374 (0xFFFF55B7) lui a1, 1048565
x11 <- 0xFFFF5000


mem[X,0x80034378] -> 0x8593
mem[X,0x8003437A] -> 0xAFD5
[5161] [M]: 0x80034378 (0xAFD58593) addi a1, a1, 2813
x11 <- 0xFFFF4AFD


mem[X,0x8003437C] -> 0x0613
mem[X,0x8003437E] -> 0x0000
[5162] [M]: 0x8003437C (0x00000613) addi a2, zero, 0
x12 <- 0x00000000


mem[X,0x80034380] -> 0x006F
mem[X,0x80034382] -> 0x0100
[5163] [M]: 0x80034380 (0x0100006F) jal zero, 16


mem[X,0x80034390] -> 0x5AE3
mem[X,0x80034392] -> 0xFEB5
[5164] [M]: 0x80034390 (0xFEB55AE3) bge a0, a1, 8180


mem[X,0x80034384] -> 0x0613
mem[X,0x80034386] -> 0x0016
[5165] [M]: 0x80034384 (0x00160613) addi a2, a2, 1
x12 <- 0x00000001


mem[X,0x80034388] -> 0x006F
mem[X,0x8003438A] -> 0x01C0
[5166] [M]: 0x80034388 (0x01C0006F) jal zero, 28


mem[X,0x800343A4] -> 0x2A23
mem[X,0x800343A6] -> 0x02C2
[5167] [M]: 0x800343A4 (0x02C22A23) sw a2, 52(tp)
mem[0x8003B99C] <- 0x00000001


mem[X,0x800343A8] -> 0xB537
mem[X,0x800343AA] -> 0x0000
[5168] [M]: 0x800343A8 (0x0000B537) lui a0, 11
x10 <- 0x0000B000


mem[X,0x800343AC] -> 0x0513
mem[X,0x800343AE] -> 0x5035
[5169] [M]: 0x800343AC (0x50350513) addi a0, a0, 1283
x10 <- 0x0000B503


mem[X,0x800343B0] -> 0xB5B7
mem[X,0x800343B2] -> 0x0000
[5170] [M]: 0x800343B0 (0x0000B5B7) lui a1, 11
x11 <- 0x0000B000


mem[X,0x800343B4] -> 0x8593
mem[X,0x800343B6] -> 0x5055
[5171] [M]: 0x800343B4 (0x50558593) addi a1, a1, 1285
x11 <- 0x0000B505


mem[X,0x800343B8] -> 0x0613
mem[X,0x800343BA] -> 0x0000
[5172] [M]: 0x800343B8 (0x00000613) addi a2, zero, 0
x12 <- 0x00000000


mem[X,0x800343BC] -> 0x006F
mem[X,0x800343BE] -> 0x00C0
[5173] [M]: 0x800343BC (0x00C0006F) jal zero, 12


mem[X,0x800343C8] -> 0x5663
mem[X,0x800343CA] -> 0x00B5
[5174] [M]: 0x800343C8 (0x00B55663) bge a0, a1, 12


mem[X,0x800343CC] -> 0x0613
mem[X,0x800343CE] -> 0x0026
[5175] [M]: 0x800343CC (0x00260613) addi a2, a2, 2
x12 <- 0x00000002


mem[X,0x800343D0] -> 0x006F
mem[X,0x800343D2] -> 0x00C0
[5176] [M]: 0x800343D0 (0x00C0006F) jal zero, 12


mem[X,0x800343DC] -> 0x2C23
mem[X,0x800343DE] -> 0x02C2
[5177] [M]: 0x800343DC (0x02C22C23) sw a2, 56(tp)
mem[0x8003B9A0] <- 0x00000002


mem[X,0x800343E0] -> 0x5537
mem[X,0x800343E2] -> 0x5555
[5178] [M]: 0x800343E0 (0x55555537) lui a0, 349525
x10 <- 0x55555000


mem[X,0x800343E4] -> 0x0513
mem[X,0x800343E6] -> 0x5565
[5179] [M]: 0x800343E4 (0x55650513) addi a0, a0, 1366
x10 <- 0x55555556


mem[X,0x800343E8] -> 0x0593
mem[X,0x800343EA] -> 0x0030
[5180] [M]: 0x800343E8 (0x00300593) addi a1, zero, 3
x11 <- 0x00000003


mem[X,0x800343EC] -> 0x0613
mem[X,0x800343EE] -> 0x0000
[5181] [M]: 0x800343EC (0x00000613) addi a2, zero, 0
x12 <- 0x00000000


mem[X,0x800343F0] -> 0x006F
mem[X,0x800343F2] -> 0x2B10
[5182] [M]: 0x800343F0 (0x2B10006F) jal zero, 2736


mem[X,0x80034EA0] -> 0x5A63
mem[X,0x80034EA2] -> 0xD4B5
[5183] [M]: 0x80034EA0 (0xD4B55A63) bge a0, a1, 5460


mem[X,0x800343F4] -> 0x0613
mem[X,0x800343F6] -> 0x0016
[5184] [M]: 0x800343F4 (0x00160613) addi a2, a2, 1
x12 <- 0x00000001


mem[X,0x800343F8] -> 0x006F
mem[X,0x800343FA] -> 0x2BD0
[5185] [M]: 0x800343F8 (0x2BD0006F) jal zero, 2748


mem[X,0x80034EB4] -> 0x2E23
mem[X,0x80034EB6] -> 0x02C2
[5186] [M]: 0x80034EB4 (0x02C22E23) sw a2, 60(tp)
mem[0x8003B9A4] <- 0x00000001


mem[X,0x80034EB8] -> 0x5537
mem[X,0x80034EBA] -> 0x5555
[5187] [M]: 0x80034EB8 (0x55555537) lui a0, 349525
x10 <- 0x55555000


mem[X,0x80034EBC] -> 0x0513
mem[X,0x80034EBE] -> 0x5565
[5188] [M]: 0x80034EBC (0x55650513) addi a0, a0, 1366
x10 <- 0x55555556


mem[X,0x80034EC0] -> 0x55B7
mem[X,0x80034EC2] -> 0x5555
[5189] [M]: 0x80034EC0 (0x555555B7) lui a1, 349525
x11 <- 0x55555000


mem[X,0x80034EC4] -> 0x8593
mem[X,0x80034EC6] -> 0x5555
[5190] [M]: 0x80034EC4 (0x55558593) addi a1, a1, 1365
x11 <- 0x55555555


mem[X,0x80034EC8] -> 0x0613
mem[X,0x80034ECA] -> 0x0000
[5191] [M]: 0x80034EC8 (0x00000613) addi a2, zero, 0
x12 <- 0x00000000


mem[X,0x80034ECC] -> 0x006F
mem[X,0x80034ECE] -> 0x00C0
[5192] [M]: 0x80034ECC (0x00C0006F) jal zero, 12


mem[X,0x80034ED8] -> 0x5063
mem[X,0x80034EDA] -> 0x10B5
[5193] [M]: 0x80034ED8 (0x10B55063) bge a0, a1, 256


mem[X,0x80034FD8] -> 0x0613
mem[X,0x80034FDA] -> 0x0036
[5194] [M]: 0x80034FD8 (0x00360613) addi a2, a2, 3
x12 <- 0x00000003


mem[X,0x80034FDC] -> 0x006F
mem[X,0x80034FDE] -> 0x0040
[5195] [M]: 0x80034FDC (0x0040006F) jal zero, 4


mem[X,0x80034FE0] -> 0x2023
mem[X,0x80034FE2] -> 0x04C2
[5196] [M]: 0x80034FE0 (0x04C22023) sw a2, 64(tp)
mem[0x8003B9A8] <- 0x00000003


mem[X,0x80034FE4] -> 0x5537
mem[X,0x80034FE6] -> 0x5555
[5197] [M]: 0x80034FE4 (0x55555537) lui a0, 349525
x10 <- 0x55555000


mem[X,0x80034FE8] -> 0x0513
mem[X,0x80034FEA] -> 0x5565
[5198] [M]: 0x80034FE8 (0x55650513) addi a0, a0, 1366
x10 <- 0x55555556


mem[X,0x80034FEC] -> 0xB5B7
mem[X,0x80034FEE] -> 0xAAAA
[5199] [M]: 0x80034FEC (0xAAAAB5B7) lui a1, 699051
x11 <- 0xAAAAB000


clint::tick mtime <- 0x0000000000000034
 clint timer pending at mtime 0x0000000000000034
htif::tick 0x0000000000000000
mem[X,0x80034FF0] -> 0x8593
mem[X,0x80034FF2] -> 0xAAA5
[5200] [M]: 0x80034FF0 (0xAAA58593) addi a1, a1, 2730
x11 <- 0xAAAAAAAA


mem[X,0x80034FF4] -> 0x0613
mem[X,0x80034FF6] -> 0x0000
[5201] [M]: 0x80034FF4 (0x00000613) addi a2, zero, 0
x12 <- 0x00000000


mem[X,0x80034FF8] -> 0x006F
mem[X,0x80034FFA] -> 0x00C0
[5202] [M]: 0x80034FF8 (0x00C0006F) jal zero, 12


mem[X,0x80035004] -> 0x5063
mem[X,0x80035006] -> 0x08B5
[5203] [M]: 0x80035004 (0x08B55063) bge a0, a1, 128


mem[X,0x80035084] -> 0x0613
mem[X,0x80035086] -> 0x0036
[5204] [M]: 0x80035084 (0x00360613) addi a2, a2, 3
x12 <- 0x00000003


mem[X,0x80035088] -> 0x006F
mem[X,0x8003508A] -> 0x0040
[5205] [M]: 0x80035088 (0x0040006F) jal zero, 4


mem[X,0x8003508C] -> 0x2223
mem[X,0x8003508E] -> 0x04C2
[5206] [M]: 0x8003508C (0x04C22223) sw a2, 68(tp)
mem[0x8003B9AC] <- 0x00000003


mem[X,0x80035090] -> 0x5537
mem[X,0x80035092] -> 0x5555
[5207] [M]: 0x80035090 (0x55555537) lui a0, 349525
x10 <- 0x55555000


mem[X,0x80035094] -> 0x0513
mem[X,0x80035096] -> 0x5565
[5208] [M]: 0x80035094 (0x55650513) addi a0, a0, 1366
x10 <- 0x55555556


mem[X,0x80035098] -> 0x0593
mem[X,0x8003509A] -> 0x0050
[5209] [M]: 0x80035098 (0x00500593) addi a1, zero, 5
x11 <- 0x00000005


mem[X,0x8003509C] -> 0x0613
mem[X,0x8003509E] -> 0x0000
[5210] [M]: 0x8003509C (0x00000613) addi a2, zero, 0
x12 <- 0x00000000


mem[X,0x800350A0] -> 0x006F
mem[X,0x800350A2] -> 0x00C0
[5211] [M]: 0x800350A0 (0x00C0006F) jal zero, 12


mem[X,0x800350AC] -> 0x5663
mem[X,0x800350AE] -> 0x00B5
[5212] [M]: 0x800350AC (0x00B55663) bge a0, a1, 12


mem[X,0x800350B8] -> 0x0613
mem[X,0x800350BA] -> 0x0036
[5213] [M]: 0x800350B8 (0x00360613) addi a2, a2, 3
x12 <- 0x00000003


mem[X,0x800350BC] -> 0x006F
mem[X,0x800350BE] -> 0x0040
[5214] [M]: 0x800350BC (0x0040006F) jal zero, 4


mem[X,0x800350C0] -> 0x2423
mem[X,0x800350C2] -> 0x04C2
[5215] [M]: 0x800350C0 (0x04C22423) sw a2, 72(tp)
mem[0x8003B9B0] <- 0x00000003


mem[X,0x800350C4] -> 0x5537
mem[X,0x800350C6] -> 0x5555
[5216] [M]: 0x800350C4 (0x55555537) lui a0, 349525
x10 <- 0x55555000


mem[X,0x800350C8] -> 0x0513
mem[X,0x800350CA] -> 0x5565
[5217] [M]: 0x800350C8 (0x55650513) addi a0, a0, 1366
x10 <- 0x55555556


mem[X,0x800350CC] -> 0x35B7
mem[X,0x800350CE] -> 0x3333
[5218] [M]: 0x800350CC (0x333335B7) lui a1, 209715
x11 <- 0x33333000


mem[X,0x800350D0] -> 0x8593
mem[X,0x800350D2] -> 0x3335
[5219] [M]: 0x800350D0 (0x33358593) addi a1, a1, 819
x11 <- 0x33333333


mem[X,0x800350D4] -> 0x0613
mem[X,0x800350D6] -> 0x0000
[5220] [M]: 0x800350D4 (0x00000613) addi a2, zero, 0
x12 <- 0x00000000


mem[X,0x800350D8] -> 0x006F
mem[X,0x800350DA] -> 0x0180
[5221] [M]: 0x800350D8 (0x0180006F) jal zero, 24


mem[X,0x800350F0] -> 0x56E3
mem[X,0x800350F2] -> 0xFEB5
[5222] [M]: 0x800350F0 (0xFEB556E3) bge a0, a1, 8172


mem[X,0x800350DC] -> 0x0613
mem[X,0x800350DE] -> 0x0016
[5223] [M]: 0x800350DC (0x00160613) addi a2, a2, 1
x12 <- 0x00000001


mem[X,0x800350E0] -> 0x006F
mem[X,0x800350E2] -> 0x0240
[5224] [M]: 0x800350E0 (0x0240006F) jal zero, 36


mem[X,0x80035104] -> 0x2623
mem[X,0x80035106] -> 0x04C2
[5225] [M]: 0x80035104 (0x04C22623) sw a2, 76(tp)
mem[0x8003B9B4] <- 0x00000001


mem[X,0x80035108] -> 0x5537
mem[X,0x8003510A] -> 0x5555
[5226] [M]: 0x80035108 (0x55555537) lui a0, 349525
x10 <- 0x55555000


mem[X,0x8003510C] -> 0x0513
mem[X,0x8003510E] -> 0x5565
[5227] [M]: 0x8003510C (0x55650513) addi a0, a0, 1366
x10 <- 0x55555556


mem[X,0x80035110] -> 0x65B7
mem[X,0x80035112] -> 0x6666
[5228] [M]: 0x80035110 (0x666665B7) lui a1, 419430
x11 <- 0x66666000


mem[X,0x80035114] -> 0x8593
mem[X,0x80035116] -> 0x6665
[5229] [M]: 0x80035114 (0x66658593) addi a1, a1, 1638
x11 <- 0x66666666


mem[X,0x80035118] -> 0x0613
mem[X,0x8003511A] -> 0x0000
[5230] [M]: 0x80035118 (0x00000613) addi a2, zero, 0
x12 <- 0x00000000


mem[X,0x8003511C] -> 0x006F
mem[X,0x8003511E] -> 0x00C0
[5231] [M]: 0x8003511C (0x00C0006F) jal zero, 12


mem[X,0x80035128] -> 0x5063
mem[X,0x8003512A] -> 0x08B5
[5232] [M]: 0x80035128 (0x08B55063) bge a0, a1, 128


mem[X,0x8003512C] -> 0x0613
mem[X,0x8003512E] -> 0x0026
[5233] [M]: 0x8003512C (0x00260613) addi a2, a2, 2
x12 <- 0x00000002


mem[X,0x80035130] -> 0x006F
mem[X,0x80035132] -> 0x0800
[5234] [M]: 0x80035130 (0x0800006F) jal zero, 128


mem[X,0x800351B0] -> 0x2823
mem[X,0x800351B2] -> 0x04C2
[5235] [M]: 0x800351B0 (0x04C22823) sw a2, 80(tp)
mem[0x8003B9B8] <- 0x00000002


mem[X,0x800351B4] -> 0x5537
mem[X,0x800351B6] -> 0x5555
[5236] [M]: 0x800351B4 (0x55555537) lui a0, 349525
x10 <- 0x55555000


mem[X,0x800351B8] -> 0x0513
mem[X,0x800351BA] -> 0x5565
[5237] [M]: 0x800351B8 (0x55650513) addi a0, a0, 1366
x10 <- 0x55555556


mem[X,0x800351BC] -> 0x55B7
mem[X,0x800351BE] -> 0xFFFF
[5238] [M]: 0x800351BC (0xFFFF55B7) lui a1, 1048565
x11 <- 0xFFFF5000


mem[X,0x800351C0] -> 0x8593
mem[X,0x800351C2] -> 0xAFC5
[5239] [M]: 0x800351C0 (0xAFC58593) addi a1, a1, 2812
x11 <- 0xFFFF4AFC


mem[X,0x800351C4] -> 0x0613
mem[X,0x800351C6] -> 0x0000
[5240] [M]: 0x800351C4 (0x00000613) addi a2, zero, 0
x12 <- 0x00000000


mem[X,0x800351C8] -> 0x006F
mem[X,0x800351CA] -> 0x0140
[5241] [M]: 0x800351C8 (0x0140006F) jal zero, 20


mem[X,0x800351DC] -> 0x58E3
mem[X,0x800351DE] -> 0xFEB5
[5242] [M]: 0x800351DC (0xFEB558E3) bge a0, a1, 8176


mem[X,0x800351CC] -> 0x0613
mem[X,0x800351CE] -> 0x0016
[5243] [M]: 0x800351CC (0x00160613) addi a2, a2, 1
x12 <- 0x00000001


mem[X,0x800351D0] -> 0x006F
mem[X,0x800351D2] -> 0x0200
[5244] [M]: 0x800351D0 (0x0200006F) jal zero, 32


mem[X,0x800351F0] -> 0x2A23
mem[X,0x800351F2] -> 0x04C2
[5245] [M]: 0x800351F0 (0x04C22A23) sw a2, 84(tp)
mem[0x8003B9BC] <- 0x00000001


mem[X,0x800351F4] -> 0x5537
mem[X,0x800351F6] -> 0x5555
[5246] [M]: 0x800351F4 (0x55555537) lui a0, 349525
x10 <- 0x55555000


mem[X,0x800351F8] -> 0x0513
mem[X,0x800351FA] -> 0x5565
[5247] [M]: 0x800351F8 (0x55650513) addi a0, a0, 1366
x10 <- 0x55555556


mem[X,0x800351FC] -> 0xB5B7
mem[X,0x800351FE] -> 0x0000
[5248] [M]: 0x800351FC (0x0000B5B7) lui a1, 11
x11 <- 0x0000B000


mem[X,0x80035200] -> 0x8593
mem[X,0x80035202] -> 0x5045
[5249] [M]: 0x80035200 (0x50458593) addi a1, a1, 1284
x11 <- 0x0000B504


mem[X,0x80035204] -> 0x0613
mem[X,0x80035206] -> 0x0000
[5250] [M]: 0x80035204 (0x00000613) addi a2, zero, 0
x12 <- 0x00000000


mem[X,0x80035208] -> 0x006F
mem[X,0x8003520A] -> 0x00C0
[5251] [M]: 0x80035208 (0x00C0006F) jal zero, 12


mem[X,0x80035214] -> 0x5663
mem[X,0x80035216] -> 0x00B5
[5252] [M]: 0x80035214 (0x00B55663) bge a0, a1, 12


mem[X,0x80035220] -> 0x0613
mem[X,0x80035222] -> 0x0036
[5253] [M]: 0x80035220 (0x00360613) addi a2, a2, 3
x12 <- 0x00000003


mem[X,0x80035224] -> 0x006F
mem[X,0x80035226] -> 0x0040
[5254] [M]: 0x80035224 (0x0040006F) jal zero, 4


mem[X,0x80035228] -> 0x2C23
mem[X,0x8003522A] -> 0x04C2
[5255] [M]: 0x80035228 (0x04C22C23) sw a2, 88(tp)
mem[0x8003B9C0] <- 0x00000003


mem[X,0x8003522C] -> 0x5537
mem[X,0x8003522E] -> 0x5555
[5256] [M]: 0x8003522C (0x55555537) lui a0, 349525
x10 <- 0x55555000


mem[X,0x80035230] -> 0x0513
mem[X,0x80035232] -> 0x5565
[5257] [M]: 0x80035230 (0x55650513) addi a0, a0, 1366
x10 <- 0x55555556


mem[X,0x80035234] -> 0x0593
mem[X,0x80035236] -> 0x0020
[5258] [M]: 0x80035234 (0x00200593) addi a1, zero, 2
x11 <- 0x00000002


mem[X,0x80035238] -> 0x0613
mem[X,0x8003523A] -> 0x0000
[5259] [M]: 0x80035238 (0x00000613) addi a2, zero, 0
x12 <- 0x00000000


mem[X,0x8003523C] -> 0x006F
mem[X,0x8003523E] -> 0x00C0
[5260] [M]: 0x8003523C (0x00C0006F) jal zero, 12


mem[X,0x80035248] -> 0x5CE3
mem[X,0x8003524A] -> 0xFEB5
[5261] [M]: 0x80035248 (0xFEB55CE3) bge a0, a1, 8184


mem[X,0x80035240] -> 0x0613
mem[X,0x80035242] -> 0x0016
[5262] [M]: 0x80035240 (0x00160613) addi a2, a2, 1
x12 <- 0x00000001


mem[X,0x80035244] -> 0x006F
mem[X,0x80035246] -> 0x0180
[5263] [M]: 0x80035244 (0x0180006F) jal zero, 24


mem[X,0x8003525C] -> 0x2E23
mem[X,0x8003525E] -> 0x04C2
[5264] [M]: 0x8003525C (0x04C22E23) sw a2, 92(tp)
mem[0x8003B9C4] <- 0x00000001


mem[X,0x80035260] -> 0x5537
mem[X,0x80035262] -> 0x5555
[5265] [M]: 0x80035260 (0x55555537) lui a0, 349525
x10 <- 0x55555000


mem[X,0x80035264] -> 0x0513
mem[X,0x80035266] -> 0x5565
[5266] [M]: 0x80035264 (0x55650513) addi a0, a0, 1366
x10 <- 0x55555556


mem[X,0x80035268] -> 0x55B7
mem[X,0x8003526A] -> 0x5555
[5267] [M]: 0x80035268 (0x555555B7) lui a1, 349525
x11 <- 0x55555000


mem[X,0x8003526C] -> 0x8593
mem[X,0x8003526E] -> 0x5545
[5268] [M]: 0x8003526C (0x55458593) addi a1, a1, 1364
x11 <- 0x55555554


mem[X,0x80035270] -> 0x0613
mem[X,0x80035272] -> 0x0000
[5269] [M]: 0x80035270 (0x00000613) addi a2, zero, 0
x12 <- 0x00000000


mem[X,0x80035274] -> 0x006F
mem[X,0x80035276] -> 0x00C0
[5270] [M]: 0x80035274 (0x00C0006F) jal zero, 12


mem[X,0x80035280] -> 0x5663
mem[X,0x80035282] -> 0x00B5
[5271] [M]: 0x80035280 (0x00B55663) bge a0, a1, 12


mem[X,0x8003528C] -> 0x0613
mem[X,0x8003528E] -> 0x0036
[5272] [M]: 0x8003528C (0x00360613) addi a2, a2, 3
x12 <- 0x00000003


mem[X,0x80035290] -> 0x006F
mem[X,0x80035292] -> 0x0040
[5273] [M]: 0x80035290 (0x0040006F) jal zero, 4


mem[X,0x80035294] -> 0x2023
mem[X,0x80035296] -> 0x06C2
[5274] [M]: 0x80035294 (0x06C22023) sw a2, 96(tp)
mem[0x8003B9C8] <- 0x00000003


mem[X,0x80035298] -> 0x5537
mem[X,0x8003529A] -> 0x5555
[5275] [M]: 0x80035298 (0x55555537) lui a0, 349525
x10 <- 0x55555000


mem[X,0x8003529C] -> 0x0513
mem[X,0x8003529E] -> 0x5565
[5276] [M]: 0x8003529C (0x55650513) addi a0, a0, 1366
x10 <- 0x55555556


mem[X,0x800352A0] -> 0x0593
mem[X,0x800352A2] -> 0x0000
[5277] [M]: 0x800352A0 (0x00000593) addi a1, zero, 0
x11 <- 0x00000000


mem[X,0x800352A4] -> 0x0613
mem[X,0x800352A6] -> 0x0000
[5278] [M]: 0x800352A4 (0x00000613) addi a2, zero, 0
x12 <- 0x00000000


mem[X,0x800352A8] -> 0x006F
mem[X,0x800352AA] -> 0x00C0
[5279] [M]: 0x800352A8 (0x00C0006F) jal zero, 12


mem[X,0x800352B4] -> 0x5663
mem[X,0x800352B6] -> 0x00B5
[5280] [M]: 0x800352B4 (0x00B55663) bge a0, a1, 12


mem[X,0x800352C0] -> 0x0613
mem[X,0x800352C2] -> 0x0036
[5281] [M]: 0x800352C0 (0x00360613) addi a2, a2, 3
x12 <- 0x00000003


mem[X,0x800352C4] -> 0x006F
mem[X,0x800352C6] -> 0x0040
[5282] [M]: 0x800352C4 (0x0040006F) jal zero, 4


mem[X,0x800352C8] -> 0x2223
mem[X,0x800352CA] -> 0x06C2
[5283] [M]: 0x800352C8 (0x06C22223) sw a2, 100(tp)
mem[0x8003B9CC] <- 0x00000003


mem[X,0x800352CC] -> 0x5537
mem[X,0x800352CE] -> 0x5555
[5284] [M]: 0x800352CC (0x55555537) lui a0, 349525
x10 <- 0x55555000


mem[X,0x800352D0] -> 0x0513
mem[X,0x800352D2] -> 0x5565
[5285] [M]: 0x800352D0 (0x55650513) addi a0, a0, 1366
x10 <- 0x55555556


mem[X,0x800352D4] -> 0x0593
mem[X,0x800352D6] -> 0x0040
[5286] [M]: 0x800352D4 (0x00400593) addi a1, zero, 4
x11 <- 0x00000004


mem[X,0x800352D8] -> 0x0613
mem[X,0x800352DA] -> 0x0000
[5287] [M]: 0x800352D8 (0x00000613) addi a2, zero, 0
x12 <- 0x00000000


mem[X,0x800352DC] -> 0x006F
mem[X,0x800352DE] -> 0x2B10
[5288] [M]: 0x800352DC (0x2B10006F) jal zero, 2736


mem[X,0x80035D8C] -> 0x5A63
mem[X,0x80035D8E] -> 0xD4B5
[5289] [M]: 0x80035D8C (0xD4B55A63) bge a0, a1, 5460


mem[X,0x800352E0] -> 0x0613
mem[X,0x800352E2] -> 0x0016
[5290] [M]: 0x800352E0 (0x00160613) addi a2, a2, 1
x12 <- 0x00000001


mem[X,0x800352E4] -> 0x006F
mem[X,0x800352E6] -> 0x2BD0
[5291] [M]: 0x800352E4 (0x2BD0006F) jal zero, 2748


mem[X,0x80035DA0] -> 0x2423
mem[X,0x80035DA2] -> 0x06C2
[5292] [M]: 0x80035DA0 (0x06C22423) sw a2, 104(tp)
mem[0x8003B9D0] <- 0x00000001


mem[X,0x80035DA4] -> 0x5537
mem[X,0x80035DA6] -> 0x5555
[5293] [M]: 0x80035DA4 (0x55555537) lui a0, 349525
x10 <- 0x55555000


mem[X,0x80035DA8] -> 0x0513
mem[X,0x80035DAA] -> 0x5565
[5294] [M]: 0x80035DA8 (0x55650513) addi a0, a0, 1366
x10 <- 0x55555556


mem[X,0x80035DAC] -> 0x35B7
mem[X,0x80035DAE] -> 0x3333
[5295] [M]: 0x80035DAC (0x333335B7) lui a1, 209715
x11 <- 0x33333000


mem[X,0x80035DB0] -> 0x8593
mem[X,0x80035DB2] -> 0x3325
[5296] [M]: 0x80035DB0 (0x33258593) addi a1, a1, 818
x11 <- 0x33333332


mem[X,0x80035DB4] -> 0x0613
mem[X,0x80035DB6] -> 0x0000
[5297] [M]: 0x80035DB4 (0x00000613) addi a2, zero, 0
x12 <- 0x00000000


mem[X,0x80035DB8] -> 0x006F
mem[X,0x80035DBA] -> 0x00C0
[5298] [M]: 0x80035DB8 (0x00C0006F) jal zero, 12


mem[X,0x80035DC4] -> 0x5063
mem[X,0x80035DC6] -> 0x08B5
[5299] [M]: 0x80035DC4 (0x08B55063) bge a0, a1, 128


clint::tick mtime <- 0x0000000000000035
 clint timer pending at mtime 0x0000000000000035
htif::tick 0x0000000000000000
mem[X,0x80035E44] -> 0x0613
mem[X,0x80035E46] -> 0x0036
[5300] [M]: 0x80035E44 (0x00360613) addi a2, a2, 3
x12 <- 0x00000003


mem[X,0x80035E48] -> 0x006F
mem[X,0x80035E4A] -> 0x0040
[5301] [M]: 0x80035E48 (0x0040006F) jal zero, 4


mem[X,0x80035E4C] -> 0x2623
mem[X,0x80035E4E] -> 0x06C2
[5302] [M]: 0x80035E4C (0x06C22623) sw a2, 108(tp)
mem[0x8003B9D4] <- 0x00000003


mem[X,0x80035E50] -> 0x5537
mem[X,0x80035E52] -> 0x5555
[5303] [M]: 0x80035E50 (0x55555537) lui a0, 349525
x10 <- 0x55555000


mem[X,0x80035E54] -> 0x0513
mem[X,0x80035E56] -> 0x5565
[5304] [M]: 0x80035E54 (0x55650513) addi a0, a0, 1366
x10 <- 0x55555556


mem[X,0x80035E58] -> 0x65B7
mem[X,0x80035E5A] -> 0x6666
[5305] [M]: 0x80035E58 (0x666665B7) lui a1, 419430
x11 <- 0x66666000


mem[X,0x80035E5C] -> 0x8593
mem[X,0x80035E5E] -> 0x6655
[5306] [M]: 0x80035E5C (0x66558593) addi a1, a1, 1637
x11 <- 0x66666665


mem[X,0x80035E60] -> 0x0613
mem[X,0x80035E62] -> 0x0000
[5307] [M]: 0x80035E60 (0x00000613) addi a2, zero, 0
x12 <- 0x00000000


mem[X,0x80035E64] -> 0x006F
mem[X,0x80035E66] -> 0x00C0
[5308] [M]: 0x80035E64 (0x00C0006F) jal zero, 12


mem[X,0x80035E70] -> 0x5663
mem[X,0x80035E72] -> 0x00B5
[5309] [M]: 0x80035E70 (0x00B55663) bge a0, a1, 12


mem[X,0x80035E74] -> 0x0613
mem[X,0x80035E76] -> 0x0026
[5310] [M]: 0x80035E74 (0x00260613) addi a2, a2, 2
x12 <- 0x00000002


mem[X,0x80035E78] -> 0x006F
mem[X,0x80035E7A] -> 0x00C0
[5311] [M]: 0x80035E78 (0x00C0006F) jal zero, 12


mem[X,0x80035E84] -> 0x2823
mem[X,0x80035E86] -> 0x06C2
[5312] [M]: 0x80035E84 (0x06C22823) sw a2, 112(tp)
mem[0x8003B9D8] <- 0x00000002


mem[X,0x80035E88] -> 0x5537
mem[X,0x80035E8A] -> 0x5555
[5313] [M]: 0x80035E88 (0x55555537) lui a0, 349525
x10 <- 0x55555000


mem[X,0x80035E8C] -> 0x0513
mem[X,0x80035E8E] -> 0x5565
[5314] [M]: 0x80035E8C (0x55650513) addi a0, a0, 1366
x10 <- 0x55555556


mem[X,0x80035E90] -> 0xB5B7
mem[X,0x80035E92] -> 0x0000
[5315] [M]: 0x80035E90 (0x0000B5B7) lui a1, 11
x11 <- 0x0000B000


mem[X,0x80035E94] -> 0x8593
mem[X,0x80035E96] -> 0x5035
[5316] [M]: 0x80035E94 (0x50358593) addi a1, a1, 1283
x11 <- 0x0000B503


mem[X,0x80035E98] -> 0x0613
mem[X,0x80035E9A] -> 0x0000
[5317] [M]: 0x80035E98 (0x00000613) addi a2, zero, 0
x12 <- 0x00000000


mem[X,0x80035E9C] -> 0x006F
mem[X,0x80035E9E] -> 0x00C0
[5318] [M]: 0x80035E9C (0x00C0006F) jal zero, 12


mem[X,0x80035EA8] -> 0x5CE3
mem[X,0x80035EAA] -> 0xFEB5
[5319] [M]: 0x80035EA8 (0xFEB55CE3) bge a0, a1, 8184


mem[X,0x80035EA0] -> 0x0613
mem[X,0x80035EA2] -> 0x0016
[5320] [M]: 0x80035EA0 (0x00160613) addi a2, a2, 1
x12 <- 0x00000001


mem[X,0x80035EA4] -> 0x006F
mem[X,0x80035EA6] -> 0x0180
[5321] [M]: 0x80035EA4 (0x0180006F) jal zero, 24


mem[X,0x80035EBC] -> 0x2A23
mem[X,0x80035EBE] -> 0x06C2
[5322] [M]: 0x80035EBC (0x06C22A23) sw a2, 116(tp)
mem[0x8003B9DC] <- 0x00000001


mem[X,0x80035EC0] -> 0x5537
mem[X,0x80035EC2] -> 0x5555
[5323] [M]: 0x80035EC0 (0x55555537) lui a0, 349525
x10 <- 0x55555000


mem[X,0x80035EC4] -> 0x0513
mem[X,0x80035EC6] -> 0x5565
[5324] [M]: 0x80035EC4 (0x55650513) addi a0, a0, 1366
x10 <- 0x55555556


mem[X,0x80035EC8] -> 0x55B7
mem[X,0x80035ECA] -> 0x5555
[5325] [M]: 0x80035EC8 (0x555555B7) lui a1, 349525
x11 <- 0x55555000


mem[X,0x80035ECC] -> 0x8593
mem[X,0x80035ECE] -> 0x5565
[5326] [M]: 0x80035ECC (0x55658593) addi a1, a1, 1366
x11 <- 0x55555556


mem[X,0x80035ED0] -> 0x0613
mem[X,0x80035ED2] -> 0x0000
[5327] [M]: 0x80035ED0 (0x00000613) addi a2, zero, 0
x12 <- 0x00000000


mem[X,0x80035ED4] -> 0x006F
mem[X,0x80035ED6] -> 0x00C0
[5328] [M]: 0x80035ED4 (0x00C0006F) jal zero, 12


mem[X,0x80035EE0] -> 0x5663
mem[X,0x80035EE2] -> 0x00B5
[5329] [M]: 0x80035EE0 (0x00B55663) bge a0, a1, 12


mem[X,0x80035EEC] -> 0x0613
mem[X,0x80035EEE] -> 0x0036
[5330] [M]: 0x80035EEC (0x00360613) addi a2, a2, 3
x12 <- 0x00000003


mem[X,0x80035EF0] -> 0x006F
mem[X,0x80035EF2] -> 0x0040
[5331] [M]: 0x80035EF0 (0x0040006F) jal zero, 4


mem[X,0x80035EF4] -> 0x2C23
mem[X,0x80035EF6] -> 0x06C2
[5332] [M]: 0x80035EF4 (0x06C22C23) sw a2, 120(tp)
mem[0x8003B9E0] <- 0x00000003


mem[X,0x80035EF8] -> 0x5537
mem[X,0x80035EFA] -> 0x5555
[5333] [M]: 0x80035EF8 (0x55555537) lui a0, 349525
x10 <- 0x55555000


mem[X,0x80035EFC] -> 0x0513
mem[X,0x80035EFE] -> 0x5565
[5334] [M]: 0x80035EFC (0x55650513) addi a0, a0, 1366
x10 <- 0x55555556


mem[X,0x80035F00] -> 0xB5B7
mem[X,0x80035F02] -> 0xAAAA
[5335] [M]: 0x80035F00 (0xAAAAB5B7) lui a1, 699051
x11 <- 0xAAAAB000


mem[X,0x80035F04] -> 0x8593
mem[X,0x80035F06] -> 0xAAB5
[5336] [M]: 0x80035F04 (0xAAB58593) addi a1, a1, 2731
x11 <- 0xAAAAAAAB


mem[X,0x80035F08] -> 0x0613
mem[X,0x80035F0A] -> 0x0000
[5337] [M]: 0x80035F08 (0x00000613) addi a2, zero, 0
x12 <- 0x00000000


mem[X,0x80035F0C] -> 0x006F
mem[X,0x80035F0E] -> 0x2B10
[5338] [M]: 0x80035F0C (0x2B10006F) jal zero, 2736


mem[X,0x800369BC] -> 0x5A63
mem[X,0x800369BE] -> 0xD4B5
[5339] [M]: 0x800369BC (0xD4B55A63) bge a0, a1, 5460


mem[X,0x80035F10] -> 0x0613
mem[X,0x80035F12] -> 0x0016
[5340] [M]: 0x80035F10 (0x00160613) addi a2, a2, 1
x12 <- 0x00000001


mem[X,0x80035F14] -> 0x006F
mem[X,0x80035F16] -> 0x2BD0
[5341] [M]: 0x80035F14 (0x2BD0006F) jal zero, 2748


mem[X,0x800369D0] -> 0x2E23
mem[X,0x800369D2] -> 0x06C2
[5342] [M]: 0x800369D0 (0x06C22E23) sw a2, 124(tp)
mem[0x8003B9E4] <- 0x00000001


mem[X,0x800369D4] -> 0x5537
mem[X,0x800369D6] -> 0x5555
[5343] [M]: 0x800369D4 (0x55555537) lui a0, 349525
x10 <- 0x55555000


mem[X,0x800369D8] -> 0x0513
mem[X,0x800369DA] -> 0x5565
[5344] [M]: 0x800369D8 (0x55650513) addi a0, a0, 1366
x10 <- 0x55555556


mem[X,0x800369DC] -> 0x0593
mem[X,0x800369DE] -> 0x0060
[5345] [M]: 0x800369DC (0x00600593) addi a1, zero, 6
x11 <- 0x00000006


mem[X,0x800369E0] -> 0x0613
mem[X,0x800369E2] -> 0x0000
[5346] [M]: 0x800369E0 (0x00000613) addi a2, zero, 0
x12 <- 0x00000000


mem[X,0x800369E4] -> 0x006F
mem[X,0x800369E6] -> 0x00C0
[5347] [M]: 0x800369E4 (0x00C0006F) jal zero, 12


mem[X,0x800369F0] -> 0x5CE3
mem[X,0x800369F2] -> 0xFEB5
[5348] [M]: 0x800369F0 (0xFEB55CE3) bge a0, a1, 8184


mem[X,0x800369E8] -> 0x0613
mem[X,0x800369EA] -> 0x0016
[5349] [M]: 0x800369E8 (0x00160613) addi a2, a2, 1
x12 <- 0x00000001


mem[X,0x800369EC] -> 0x006F
mem[X,0x800369EE] -> 0x0180
[5350] [M]: 0x800369EC (0x0180006F) jal zero, 24


mem[X,0x80036A04] -> 0x2023
mem[X,0x80036A06] -> 0x08C2
[5351] [M]: 0x80036A04 (0x08C22023) sw a2, 128(tp)
mem[0x8003B9E8] <- 0x00000001


mem[X,0x80036A08] -> 0x5537
mem[X,0x80036A0A] -> 0x5555
[5352] [M]: 0x80036A08 (0x55555537) lui a0, 349525
x10 <- 0x55555000


mem[X,0x80036A0C] -> 0x0513
mem[X,0x80036A0E] -> 0x5565
[5353] [M]: 0x80036A0C (0x55650513) addi a0, a0, 1366
x10 <- 0x55555556


mem[X,0x80036A10] -> 0x35B7
mem[X,0x80036A12] -> 0x3333
[5354] [M]: 0x80036A10 (0x333335B7) lui a1, 209715
x11 <- 0x33333000


mem[X,0x80036A14] -> 0x8593
mem[X,0x80036A16] -> 0x3345
[5355] [M]: 0x80036A14 (0x33458593) addi a1, a1, 820
x11 <- 0x33333334


mem[X,0x80036A18] -> 0x0613
mem[X,0x80036A1A] -> 0x0000
[5356] [M]: 0x80036A18 (0x00000613) addi a2, zero, 0
x12 <- 0x00000000


mem[X,0x80036A1C] -> 0x006F
mem[X,0x80036A1E] -> 0x2B10
[5357] [M]: 0x80036A1C (0x2B10006F) jal zero, 2736


mem[X,0x800374CC] -> 0x5A63
mem[X,0x800374CE] -> 0xD4B5
[5358] [M]: 0x800374CC (0xD4B55A63) bge a0, a1, 5460


mem[X,0x80036A20] -> 0x0613
mem[X,0x80036A22] -> 0x0016
[5359] [M]: 0x80036A20 (0x00160613) addi a2, a2, 1
x12 <- 0x00000001


mem[X,0x80036A24] -> 0x006F
mem[X,0x80036A26] -> 0x2BD0
[5360] [M]: 0x80036A24 (0x2BD0006F) jal zero, 2748


mem[X,0x800374E0] -> 0x2223
mem[X,0x800374E2] -> 0x08C2
[5361] [M]: 0x800374E0 (0x08C22223) sw a2, 132(tp)
mem[0x8003B9EC] <- 0x00000001


mem[X,0x800374E4] -> 0x5537
mem[X,0x800374E6] -> 0x5555
[5362] [M]: 0x800374E4 (0x55555537) lui a0, 349525
x10 <- 0x55555000


mem[X,0x800374E8] -> 0x0513
mem[X,0x800374EA] -> 0x5565
[5363] [M]: 0x800374E8 (0x55650513) addi a0, a0, 1366
x10 <- 0x55555556


mem[X,0x800374EC] -> 0x65B7
mem[X,0x800374EE] -> 0x6666
[5364] [M]: 0x800374EC (0x666665B7) lui a1, 419430
x11 <- 0x66666000


mem[X,0x800374F0] -> 0x8593
mem[X,0x800374F2] -> 0x6675
[5365] [M]: 0x800374F0 (0x66758593) addi a1, a1, 1639
x11 <- 0x66666667


mem[X,0x800374F4] -> 0x0613
mem[X,0x800374F6] -> 0x0000
[5366] [M]: 0x800374F4 (0x00000613) addi a2, zero, 0
x12 <- 0x00000000


mem[X,0x800374F8] -> 0x006F
mem[X,0x800374FA] -> 0x00C0
[5367] [M]: 0x800374F8 (0x00C0006F) jal zero, 12


mem[X,0x80037504] -> 0x5663
mem[X,0x80037506] -> 0x00B5
[5368] [M]: 0x80037504 (0x00B55663) bge a0, a1, 12


mem[X,0x80037508] -> 0x0613
mem[X,0x8003750A] -> 0x0026
[5369] [M]: 0x80037508 (0x00260613) addi a2, a2, 2
x12 <- 0x00000002


mem[X,0x8003750C] -> 0x006F
mem[X,0x8003750E] -> 0x00C0
[5370] [M]: 0x8003750C (0x00C0006F) jal zero, 12


mem[X,0x80037518] -> 0x2423
mem[X,0x8003751A] -> 0x08C2
[5371] [M]: 0x80037518 (0x08C22423) sw a2, 136(tp)
mem[0x8003B9F0] <- 0x00000002


mem[X,0x8003751C] -> 0x5537
mem[X,0x8003751E] -> 0x5555
[5372] [M]: 0x8003751C (0x55555537) lui a0, 349525
x10 <- 0x55555000


mem[X,0x80037520] -> 0x0513
mem[X,0x80037522] -> 0x5565
[5373] [M]: 0x80037520 (0x55650513) addi a0, a0, 1366
x10 <- 0x55555556


mem[X,0x80037524] -> 0x55B7
mem[X,0x80037526] -> 0xFFFF
[5374] [M]: 0x80037524 (0xFFFF55B7) lui a1, 1048565
x11 <- 0xFFFF5000


mem[X,0x80037528] -> 0x8593
mem[X,0x8003752A] -> 0xAFD5
[5375] [M]: 0x80037528 (0xAFD58593) addi a1, a1, 2813
x11 <- 0xFFFF4AFD


mem[X,0x8003752C] -> 0x0613
mem[X,0x8003752E] -> 0x0000
[5376] [M]: 0x8003752C (0x00000613) addi a2, zero, 0
x12 <- 0x00000000


mem[X,0x80037530] -> 0x006F
mem[X,0x80037532] -> 0x00C0
[5377] [M]: 0x80037530 (0x00C0006F) jal zero, 12


mem[X,0x8003753C] -> 0x5063
mem[X,0x8003753E] -> 0x04B5
[5378] [M]: 0x8003753C (0x04B55063) bge a0, a1, 64


mem[X,0x8003757C] -> 0x0613
mem[X,0x8003757E] -> 0x0036
[5379] [M]: 0x8003757C (0x00360613) addi a2, a2, 3
x12 <- 0x00000003


mem[X,0x80037580] -> 0x006F
mem[X,0x80037582] -> 0x0040
[5380] [M]: 0x80037580 (0x0040006F) jal zero, 4


mem[X,0x80037584] -> 0x2623
mem[X,0x80037586] -> 0x08C2
[5381] [M]: 0x80037584 (0x08C22623) sw a2, 140(tp)
mem[0x8003B9F4] <- 0x00000003


mem[X,0x80037588] -> 0x5537
mem[X,0x8003758A] -> 0x5555
[5382] [M]: 0x80037588 (0x55555537) lui a0, 349525
x10 <- 0x55555000


mem[X,0x8003758C] -> 0x0513
mem[X,0x8003758E] -> 0x5565
[5383] [M]: 0x8003758C (0x55650513) addi a0, a0, 1366
x10 <- 0x55555556


mem[X,0x80037590] -> 0xB5B7
mem[X,0x80037592] -> 0x0000
[5384] [M]: 0x80037590 (0x0000B5B7) lui a1, 11
x11 <- 0x0000B000


mem[X,0x80037594] -> 0x8593
mem[X,0x80037596] -> 0x5055
[5385] [M]: 0x80037594 (0x50558593) addi a1, a1, 1285
x11 <- 0x0000B505


mem[X,0x80037598] -> 0x0613
mem[X,0x8003759A] -> 0x0000
[5386] [M]: 0x80037598 (0x00000613) addi a2, zero, 0
x12 <- 0x00000000


mem[X,0x8003759C] -> 0x006F
mem[X,0x8003759E] -> 0x00C0
[5387] [M]: 0x8003759C (0x00C0006F) jal zero, 12


mem[X,0x800375A8] -> 0x5CE3
mem[X,0x800375AA] -> 0xFEB5
[5388] [M]: 0x800375A8 (0xFEB55CE3) bge a0, a1, 8184


mem[X,0x800375A0] -> 0x0613
mem[X,0x800375A2] -> 0x0016
[5389] [M]: 0x800375A0 (0x00160613) addi a2, a2, 1
x12 <- 0x00000001


mem[X,0x800375A4] -> 0x006F
mem[X,0x800375A6] -> 0x0180
[5390] [M]: 0x800375A4 (0x0180006F) jal zero, 24


mem[X,0x800375BC] -> 0x2823
mem[X,0x800375BE] -> 0x08C2
[5391] [M]: 0x800375BC (0x08C22823) sw a2, 144(tp)
mem[0x8003B9F8] <- 0x00000001


mem[X,0x800375C0] -> 0xB537
mem[X,0x800375C2] -> 0xAAAA
[5392] [M]: 0x800375C0 (0xAAAAB537) lui a0, 699051
x10 <- 0xAAAAB000


mem[X,0x800375C4] -> 0x0513
mem[X,0x800375C6] -> 0xAAB5
[5393] [M]: 0x800375C4 (0xAAB50513) addi a0, a0, 2731
x10 <- 0xAAAAAAAB


mem[X,0x800375C8] -> 0x0593
mem[X,0x800375CA] -> 0x0030
[5394] [M]: 0x800375C8 (0x00300593) addi a1, zero, 3
x11 <- 0x00000003


mem[X,0x800375CC] -> 0x0613
mem[X,0x800375CE] -> 0x0000
[5395] [M]: 0x800375CC (0x00000613) addi a2, zero, 0
x12 <- 0x00000000


mem[X,0x800375D0] -> 0x006F
mem[X,0x800375D2] -> 0x0100
[5396] [M]: 0x800375D0 (0x0100006F) jal zero, 16


mem[X,0x800375E0] -> 0x5AE3
mem[X,0x800375E2] -> 0xFEB5
[5397] [M]: 0x800375E0 (0xFEB55AE3) bge a0, a1, 8180


mem[X,0x800375E4] -> 0x0613
mem[X,0x800375E6] -> 0x0026
[5398] [M]: 0x800375E4 (0x00260613) addi a2, a2, 2
x12 <- 0x00000002


mem[X,0x800375E8] -> 0x006F
mem[X,0x800375EA] -> 0x00C0
[5399] [M]: 0x800375E8 (0x00C0006F) jal zero, 12


clint::tick mtime <- 0x0000000000000036
 clint timer pending at mtime 0x0000000000000036
htif::tick 0x0000000000000000
mem[X,0x800375F4] -> 0x2A23
mem[X,0x800375F6] -> 0x08C2
[5400] [M]: 0x800375F4 (0x08C22A23) sw a2, 148(tp)
mem[0x8003B9FC] <- 0x00000002


mem[X,0x800375F8] -> 0xB537
mem[X,0x800375FA] -> 0xAAAA
[5401] [M]: 0x800375F8 (0xAAAAB537) lui a0, 699051
x10 <- 0xAAAAB000


mem[X,0x800375FC] -> 0x0513
mem[X,0x800375FE] -> 0xAAB5
[5402] [M]: 0x800375FC (0xAAB50513) addi a0, a0, 2731
x10 <- 0xAAAAAAAB


mem[X,0x80037600] -> 0x55B7
mem[X,0x80037602] -> 0x5555
[5403] [M]: 0x80037600 (0x555555B7) lui a1, 349525
x11 <- 0x55555000


mem[X,0x80037604] -> 0x8593
mem[X,0x80037606] -> 0x5555
[5404] [M]: 0x80037604 (0x55558593) addi a1, a1, 1365
x11 <- 0x55555555


mem[X,0x80037608] -> 0x0613
mem[X,0x8003760A] -> 0x0000
[5405] [M]: 0x80037608 (0x00000613) addi a2, zero, 0
x12 <- 0x00000000


mem[X,0x8003760C] -> 0x006F
mem[X,0x8003760E] -> 0x0180
[5406] [M]: 0x8003760C (0x0180006F) jal zero, 24


mem[X,0x80037624] -> 0x56E3
mem[X,0x80037626] -> 0xFEB5
[5407] [M]: 0x80037624 (0xFEB556E3) bge a0, a1, 8172


mem[X,0x80037628] -> 0x0613
mem[X,0x8003762A] -> 0x0026
[5408] [M]: 0x80037628 (0x00260613) addi a2, a2, 2
x12 <- 0x00000002


mem[X,0x8003762C] -> 0x006F
mem[X,0x8003762E] -> 0x00C0
[5409] [M]: 0x8003762C (0x00C0006F) jal zero, 12


mem[X,0x80037638] -> 0x2C23
mem[X,0x8003763A] -> 0x08C2
[5410] [M]: 0x80037638 (0x08C22C23) sw a2, 152(tp)
mem[0x8003BA00] <- 0x00000002


mem[X,0x8003763C] -> 0xB537
mem[X,0x8003763E] -> 0xAAAA
[5411] [M]: 0x8003763C (0xAAAAB537) lui a0, 699051
x10 <- 0xAAAAB000


mem[X,0x80037640] -> 0x0513
mem[X,0x80037642] -> 0xAAB5
[5412] [M]: 0x80037640 (0xAAB50513) addi a0, a0, 2731
x10 <- 0xAAAAAAAB


mem[X,0x80037644] -> 0xB5B7
mem[X,0x80037646] -> 0xAAAA
[5413] [M]: 0x80037644 (0xAAAAB5B7) lui a1, 699051
x11 <- 0xAAAAB000


mem[X,0x80037648] -> 0x8593
mem[X,0x8003764A] -> 0xAAA5
[5414] [M]: 0x80037648 (0xAAA58593) addi a1, a1, 2730
x11 <- 0xAAAAAAAA


mem[X,0x8003764C] -> 0x0613
mem[X,0x8003764E] -> 0x0000
[5415] [M]: 0x8003764C (0x00000613) addi a2, zero, 0
x12 <- 0x00000000


mem[X,0x80037650] -> 0x006F
mem[X,0x80037652] -> 0x00C0
[5416] [M]: 0x80037650 (0x00C0006F) jal zero, 12


mem[X,0x8003765C] -> 0x5063
mem[X,0x8003765E] -> 0x20B5
[5417] [M]: 0x8003765C (0x20B55063) bge a0, a1, 512


mem[X,0x8003785C] -> 0x0613
mem[X,0x8003785E] -> 0x0036
[5418] [M]: 0x8003785C (0x00360613) addi a2, a2, 3
x12 <- 0x00000003


mem[X,0x80037860] -> 0x006F
mem[X,0x80037862] -> 0x0040
[5419] [M]: 0x80037860 (0x0040006F) jal zero, 4


mem[X,0x80037864] -> 0x2E23
mem[X,0x80037866] -> 0x08C2
[5420] [M]: 0x80037864 (0x08C22E23) sw a2, 156(tp)
mem[0x8003BA04] <- 0x00000003


mem[X,0x80037868] -> 0xB537
mem[X,0x8003786A] -> 0xAAAA
[5421] [M]: 0x80037868 (0xAAAAB537) lui a0, 699051
x10 <- 0xAAAAB000


mem[X,0x8003786C] -> 0x0513
mem[X,0x8003786E] -> 0xAAB5
[5422] [M]: 0x8003786C (0xAAB50513) addi a0, a0, 2731
x10 <- 0xAAAAAAAB


mem[X,0x80037870] -> 0x0593
mem[X,0x80037872] -> 0x0050
[5423] [M]: 0x80037870 (0x00500593) addi a1, zero, 5
x11 <- 0x00000005


mem[X,0x80037874] -> 0x0613
mem[X,0x80037876] -> 0x0000
[5424] [M]: 0x80037874 (0x00000613) addi a2, zero, 0
x12 <- 0x00000000


mem[X,0x80037878] -> 0x006F
mem[X,0x8003787A] -> 0x00C0
[5425] [M]: 0x80037878 (0x00C0006F) jal zero, 12


mem[X,0x80037884] -> 0x5063
mem[X,0x80037886] -> 0x20B5
[5426] [M]: 0x80037884 (0x20B55063) bge a0, a1, 512


mem[X,0x80037888] -> 0x0613
mem[X,0x8003788A] -> 0x0026
[5427] [M]: 0x80037888 (0x00260613) addi a2, a2, 2
x12 <- 0x00000002


mem[X,0x8003788C] -> 0x006F
mem[X,0x8003788E] -> 0x2000
[5428] [M]: 0x8003788C (0x2000006F) jal zero, 512


mem[X,0x80037A8C] -> 0x2023
mem[X,0x80037A8E] -> 0x0AC2
[5429] [M]: 0x80037A8C (0x0AC22023) sw a2, 160(tp)
mem[0x8003BA08] <- 0x00000002


mem[X,0x80037A90] -> 0xB537
mem[X,0x80037A92] -> 0xAAAA
[5430] [M]: 0x80037A90 (0xAAAAB537) lui a0, 699051
x10 <- 0xAAAAB000


mem[X,0x80037A94] -> 0x0513
mem[X,0x80037A96] -> 0xAAB5
[5431] [M]: 0x80037A94 (0xAAB50513) addi a0, a0, 2731
x10 <- 0xAAAAAAAB


mem[X,0x80037A98] -> 0x35B7
mem[X,0x80037A9A] -> 0x3333
[5432] [M]: 0x80037A98 (0x333335B7) lui a1, 209715
x11 <- 0x33333000


mem[X,0x80037A9C] -> 0x8593
mem[X,0x80037A9E] -> 0x3335
[5433] [M]: 0x80037A9C (0x33358593) addi a1, a1, 819
x11 <- 0x33333333


mem[X,0x80037AA0] -> 0x0613
mem[X,0x80037AA2] -> 0x0000
[5434] [M]: 0x80037AA0 (0x00000613) addi a2, zero, 0
x12 <- 0x00000000


mem[X,0x80037AA4] -> 0x006F
mem[X,0x80037AA6] -> 0x00C0
[5435] [M]: 0x80037AA4 (0x00C0006F) jal zero, 12


mem[X,0x80037AB0] -> 0x5063
mem[X,0x80037AB2] -> 0x08B5
[5436] [M]: 0x80037AB0 (0x08B55063) bge a0, a1, 128


mem[X,0x80037AB4] -> 0x0613
mem[X,0x80037AB6] -> 0x0026
[5437] [M]: 0x80037AB4 (0x00260613) addi a2, a2, 2
x12 <- 0x00000002


mem[X,0x80037AB8] -> 0x006F
mem[X,0x80037ABA] -> 0x0800
[5438] [M]: 0x80037AB8 (0x0800006F) jal zero, 128


mem[X,0x80037B38] -> 0x2223
mem[X,0x80037B3A] -> 0x0AC2
[5439] [M]: 0x80037B38 (0x0AC22223) sw a2, 164(tp)
mem[0x8003BA0C] <- 0x00000002


mem[X,0x80037B3C] -> 0xB537
mem[X,0x80037B3E] -> 0xAAAA
[5440] [M]: 0x80037B3C (0xAAAAB537) lui a0, 699051
x10 <- 0xAAAAB000


mem[X,0x80037B40] -> 0x0513
mem[X,0x80037B42] -> 0xAAB5
[5441] [M]: 0x80037B40 (0xAAB50513) addi a0, a0, 2731
x10 <- 0xAAAAAAAB


mem[X,0x80037B44] -> 0x65B7
mem[X,0x80037B46] -> 0x6666
[5442] [M]: 0x80037B44 (0x666665B7) lui a1, 419430
x11 <- 0x66666000


mem[X,0x80037B48] -> 0x8593
mem[X,0x80037B4A] -> 0x6665
[5443] [M]: 0x80037B48 (0x66658593) addi a1, a1, 1638
x11 <- 0x66666666


mem[X,0x80037B4C] -> 0x0613
mem[X,0x80037B4E] -> 0x0000
[5444] [M]: 0x80037B4C (0x00000613) addi a2, zero, 0
x12 <- 0x00000000


mem[X,0x80037B50] -> 0x006F
mem[X,0x80037B52] -> 0x00C0
[5445] [M]: 0x80037B50 (0x00C0006F) jal zero, 12


mem[X,0x80037B5C] -> 0x5CE3
mem[X,0x80037B5E] -> 0xFEB5
[5446] [M]: 0x80037B5C (0xFEB55CE3) bge a0, a1, 8184


mem[X,0x80037B60] -> 0x0613
mem[X,0x80037B62] -> 0x0026
[5447] [M]: 0x80037B60 (0x00260613) addi a2, a2, 2
x12 <- 0x00000002


mem[X,0x80037B64] -> 0x006F
mem[X,0x80037B66] -> 0x00C0
[5448] [M]: 0x80037B64 (0x00C0006F) jal zero, 12


mem[X,0x80037B70] -> 0x2423
mem[X,0x80037B72] -> 0x0AC2
[5449] [M]: 0x80037B70 (0x0AC22423) sw a2, 168(tp)
mem[0x8003BA10] <- 0x00000002


mem[X,0x80037B74] -> 0xB537
mem[X,0x80037B76] -> 0xAAAA
[5450] [M]: 0x80037B74 (0xAAAAB537) lui a0, 699051
x10 <- 0xAAAAB000


mem[X,0x80037B78] -> 0x0513
mem[X,0x80037B7A] -> 0xAAB5
[5451] [M]: 0x80037B78 (0xAAB50513) addi a0, a0, 2731
x10 <- 0xAAAAAAAB


mem[X,0x80037B7C] -> 0x55B7
mem[X,0x80037B7E] -> 0xFFFF
[5452] [M]: 0x80037B7C (0xFFFF55B7) lui a1, 1048565
x11 <- 0xFFFF5000


mem[X,0x80037B80] -> 0x8593
mem[X,0x80037B82] -> 0xAFC5
[5453] [M]: 0x80037B80 (0xAFC58593) addi a1, a1, 2812
x11 <- 0xFFFF4AFC


mem[X,0x80037B84] -> 0x0613
mem[X,0x80037B86] -> 0x0000
[5454] [M]: 0x80037B84 (0x00000613) addi a2, zero, 0
x12 <- 0x00000000


mem[X,0x80037B88] -> 0x006F
mem[X,0x80037B8A] -> 0x00C0
[5455] [M]: 0x80037B88 (0x00C0006F) jal zero, 12


mem[X,0x80037B94] -> 0x5663
mem[X,0x80037B96] -> 0x00B5
[5456] [M]: 0x80037B94 (0x00B55663) bge a0, a1, 12


mem[X,0x80037B98] -> 0x0613
mem[X,0x80037B9A] -> 0x0026
[5457] [M]: 0x80037B98 (0x00260613) addi a2, a2, 2
x12 <- 0x00000002


mem[X,0x80037B9C] -> 0x006F
mem[X,0x80037B9E] -> 0x00C0
[5458] [M]: 0x80037B9C (0x00C0006F) jal zero, 12


mem[X,0x80037BA8] -> 0x2623
mem[X,0x80037BAA] -> 0x0AC2
[5459] [M]: 0x80037BA8 (0x0AC22623) sw a2, 172(tp)
mem[0x8003BA14] <- 0x00000002


mem[X,0x80037BAC] -> 0xB537
mem[X,0x80037BAE] -> 0xAAAA
[5460] [M]: 0x80037BAC (0xAAAAB537) lui a0, 699051
x10 <- 0xAAAAB000


mem[X,0x80037BB0] -> 0x0513
mem[X,0x80037BB2] -> 0xAAB5
[5461] [M]: 0x80037BB0 (0xAAB50513) addi a0, a0, 2731
x10 <- 0xAAAAAAAB


mem[X,0x80037BB4] -> 0xB5B7
mem[X,0x80037BB6] -> 0x0000
[5462] [M]: 0x80037BB4 (0x0000B5B7) lui a1, 11
x11 <- 0x0000B000


mem[X,0x80037BB8] -> 0x8593
mem[X,0x80037BBA] -> 0x5045
[5463] [M]: 0x80037BB8 (0x50458593) addi a1, a1, 1284
x11 <- 0x0000B504


mem[X,0x80037BBC] -> 0x0613
mem[X,0x80037BBE] -> 0x0000
[5464] [M]: 0x80037BBC (0x00000613) addi a2, zero, 0
x12 <- 0x00000000


mem[X,0x80037BC0] -> 0x006F
mem[X,0x80037BC2] -> 0x2B10
[5465] [M]: 0x80037BC0 (0x2B10006F) jal zero, 2736


mem[X,0x80038670] -> 0x5A63
mem[X,0x80038672] -> 0xD4B5
[5466] [M]: 0x80038670 (0xD4B55A63) bge a0, a1, 5460


mem[X,0x80038674] -> 0x0613
mem[X,0x80038676] -> 0x0026
[5467] [M]: 0x80038674 (0x00260613) addi a2, a2, 2
x12 <- 0x00000002


mem[X,0x80038678] -> 0x006F
mem[X,0x8003867A] -> 0x00C0
[5468] [M]: 0x80038678 (0x00C0006F) jal zero, 12


mem[X,0x80038684] -> 0x2823
mem[X,0x80038686] -> 0x0AC2
[5469] [M]: 0x80038684 (0x0AC22823) sw a2, 176(tp)
mem[0x8003BA18] <- 0x00000002


mem[X,0x80038688] -> 0xB537
mem[X,0x8003868A] -> 0xAAAA
[5470] [M]: 0x80038688 (0xAAAAB537) lui a0, 699051
x10 <- 0xAAAAB000


mem[X,0x8003868C] -> 0x0513
mem[X,0x8003868E] -> 0xAAB5
[5471] [M]: 0x8003868C (0xAAB50513) addi a0, a0, 2731
x10 <- 0xAAAAAAAB


mem[X,0x80038690] -> 0x0593
mem[X,0x80038692] -> 0x0020
[5472] [M]: 0x80038690 (0x00200593) addi a1, zero, 2
x11 <- 0x00000002


mem[X,0x80038694] -> 0x0613
mem[X,0x80038696] -> 0x0000
[5473] [M]: 0x80038694 (0x00000613) addi a2, zero, 0
x12 <- 0x00000000


mem[X,0x80038698] -> 0x006F
mem[X,0x8003869A] -> 0x0140
[5474] [M]: 0x80038698 (0x0140006F) jal zero, 20


mem[X,0x800386AC] -> 0x58E3
mem[X,0x800386AE] -> 0xFEB5
[5475] [M]: 0x800386AC (0xFEB558E3) bge a0, a1, 8176


mem[X,0x800386B0] -> 0x0613
mem[X,0x800386B2] -> 0x0026
[5476] [M]: 0x800386B0 (0x00260613) addi a2, a2, 2
x12 <- 0x00000002


mem[X,0x800386B4] -> 0x006F
mem[X,0x800386B6] -> 0x00C0
[5477] [M]: 0x800386B4 (0x00C0006F) jal zero, 12


mem[X,0x800386C0] -> 0x2A23
mem[X,0x800386C2] -> 0x0AC2
[5478] [M]: 0x800386C0 (0x0AC22A23) sw a2, 180(tp)
mem[0x8003BA1C] <- 0x00000002


mem[X,0x800386C4] -> 0xB537
mem[X,0x800386C6] -> 0xAAAA
[5479] [M]: 0x800386C4 (0xAAAAB537) lui a0, 699051
x10 <- 0xAAAAB000


mem[X,0x800386C8] -> 0x0513
mem[X,0x800386CA] -> 0xAAB5
[5480] [M]: 0x800386C8 (0xAAB50513) addi a0, a0, 2731
x10 <- 0xAAAAAAAB


mem[X,0x800386CC] -> 0x55B7
mem[X,0x800386CE] -> 0x5555
[5481] [M]: 0x800386CC (0x555555B7) lui a1, 349525
x11 <- 0x55555000


mem[X,0x800386D0] -> 0x8593
mem[X,0x800386D2] -> 0x5545
[5482] [M]: 0x800386D0 (0x55458593) addi a1, a1, 1364
x11 <- 0x55555554


mem[X,0x800386D4] -> 0x0613
mem[X,0x800386D6] -> 0x0000
[5483] [M]: 0x800386D4 (0x00000613) addi a2, zero, 0
x12 <- 0x00000000


mem[X,0x800386D8] -> 0x006F
mem[X,0x800386DA] -> 0x00C0
[5484] [M]: 0x800386D8 (0x00C0006F) jal zero, 12


mem[X,0x800386E4] -> 0x5CE3
mem[X,0x800386E6] -> 0xFEB5
[5485] [M]: 0x800386E4 (0xFEB55CE3) bge a0, a1, 8184


mem[X,0x800386E8] -> 0x0613
mem[X,0x800386EA] -> 0x0026
[5486] [M]: 0x800386E8 (0x00260613) addi a2, a2, 2
x12 <- 0x00000002


mem[X,0x800386EC] -> 0x006F
mem[X,0x800386EE] -> 0x00C0
[5487] [M]: 0x800386EC (0x00C0006F) jal zero, 12


mem[X,0x800386F8] -> 0x2C23
mem[X,0x800386FA] -> 0x0AC2
[5488] [M]: 0x800386F8 (0x0AC22C23) sw a2, 184(tp)
mem[0x8003BA20] <- 0x00000002


mem[X,0x800386FC] -> 0xB537
mem[X,0x800386FE] -> 0xAAAA
[5489] [M]: 0x800386FC (0xAAAAB537) lui a0, 699051
x10 <- 0xAAAAB000


mem[X,0x80038700] -> 0x0513
mem[X,0x80038702] -> 0xAAB5
[5490] [M]: 0x80038700 (0xAAB50513) addi a0, a0, 2731
x10 <- 0xAAAAAAAB


mem[X,0x80038704] -> 0x0593
mem[X,0x80038706] -> 0x0000
[5491] [M]: 0x80038704 (0x00000593) addi a1, zero, 0
x11 <- 0x00000000


mem[X,0x80038708] -> 0x0613
mem[X,0x8003870A] -> 0x0000
[5492] [M]: 0x80038708 (0x00000613) addi a2, zero, 0
x12 <- 0x00000000


mem[X,0x8003870C] -> 0x006F
mem[X,0x8003870E] -> 0x00C0
[5493] [M]: 0x8003870C (0x00C0006F) jal zero, 12


mem[X,0x80038718] -> 0x5063
mem[X,0x8003871A] -> 0x10B5
[5494] [M]: 0x80038718 (0x10B55063) bge a0, a1, 256


mem[X,0x8003871C] -> 0x0613
mem[X,0x8003871E] -> 0x0026
[5495] [M]: 0x8003871C (0x00260613) addi a2, a2, 2
x12 <- 0x00000002


mem[X,0x80038720] -> 0x006F
mem[X,0x80038722] -> 0x1000
[5496] [M]: 0x80038720 (0x1000006F) jal zero, 256


mem[X,0x80038820] -> 0x2E23
mem[X,0x80038822] -> 0x0AC2
[5497] [M]: 0x80038820 (0x0AC22E23) sw a2, 188(tp)
mem[0x8003BA24] <- 0x00000002


mem[X,0x80038824] -> 0xB537
mem[X,0x80038826] -> 0xAAAA
[5498] [M]: 0x80038824 (0xAAAAB537) lui a0, 699051
x10 <- 0xAAAAB000


mem[X,0x80038828] -> 0x0513
mem[X,0x8003882A] -> 0xAAB5
[5499] [M]: 0x80038828 (0xAAB50513) addi a0, a0, 2731
x10 <- 0xAAAAAAAB


clint::tick mtime <- 0x0000000000000037
 clint timer pending at mtime 0x0000000000000037
htif::tick 0x0000000000000000
mem[X,0x8003882C] -> 0x0593
mem[X,0x8003882E] -> 0x0040
[5500] [M]: 0x8003882C (0x00400593) addi a1, zero, 4
x11 <- 0x00000004


mem[X,0x80038830] -> 0x0613
mem[X,0x80038832] -> 0x0000
[5501] [M]: 0x80038830 (0x00000613) addi a2, zero, 0
x12 <- 0x00000000


mem[X,0x80038834] -> 0x006F
mem[X,0x80038836] -> 0x00C0
[5502] [M]: 0x80038834 (0x00C0006F) jal zero, 12


mem[X,0x80038840] -> 0x5063
mem[X,0x80038842] -> 0x04B5
[5503] [M]: 0x80038840 (0x04B55063) bge a0, a1, 64


mem[X,0x80038844] -> 0x0613
mem[X,0x80038846] -> 0x0026
[5504] [M]: 0x80038844 (0x00260613) addi a2, a2, 2
x12 <- 0x00000002


mem[X,0x80038848] -> 0x006F
mem[X,0x8003884A] -> 0x0400
[5505] [M]: 0x80038848 (0x0400006F) jal zero, 64


mem[X,0x80038888] -> 0x2023
mem[X,0x8003888A] -> 0x0CC2
[5506] [M]: 0x80038888 (0x0CC22023) sw a2, 192(tp)
mem[0x8003BA28] <- 0x00000002


mem[X,0x8003888C] -> 0xB537
mem[X,0x8003888E] -> 0xAAAA
[5507] [M]: 0x8003888C (0xAAAAB537) lui a0, 699051
x10 <- 0xAAAAB000


mem[X,0x80038890] -> 0x0513
mem[X,0x80038892] -> 0xAAB5
[5508] [M]: 0x80038890 (0xAAB50513) addi a0, a0, 2731
x10 <- 0xAAAAAAAB


mem[X,0x80038894] -> 0x35B7
mem[X,0x80038896] -> 0x3333
[5509] [M]: 0x80038894 (0x333335B7) lui a1, 209715
x11 <- 0x33333000


mem[X,0x80038898] -> 0x8593
mem[X,0x8003889A] -> 0x3325
[5510] [M]: 0x80038898 (0x33258593) addi a1, a1, 818
x11 <- 0x33333332


mem[X,0x8003889C] -> 0x0613
mem[X,0x8003889E] -> 0x0000
[5511] [M]: 0x8003889C (0x00000613) addi a2, zero, 0
x12 <- 0x00000000


mem[X,0x800388A0] -> 0x006F
mem[X,0x800388A2] -> 0x00C0
[5512] [M]: 0x800388A0 (0x00C0006F) jal zero, 12


mem[X,0x800388AC] -> 0x5663
mem[X,0x800388AE] -> 0x00B5
[5513] [M]: 0x800388AC (0x00B55663) bge a0, a1, 12


mem[X,0x800388B0] -> 0x0613
mem[X,0x800388B2] -> 0x0026
[5514] [M]: 0x800388B0 (0x00260613) addi a2, a2, 2
x12 <- 0x00000002


mem[X,0x800388B4] -> 0x006F
mem[X,0x800388B6] -> 0x00C0
[5515] [M]: 0x800388B4 (0x00C0006F) jal zero, 12


mem[X,0x800388C0] -> 0x2223
mem[X,0x800388C2] -> 0x0CC2
[5516] [M]: 0x800388C0 (0x0CC22223) sw a2, 196(tp)
mem[0x8003BA2C] <- 0x00000002


mem[X,0x800388C4] -> 0xB537
mem[X,0x800388C6] -> 0xAAAA
[5517] [M]: 0x800388C4 (0xAAAAB537) lui a0, 699051
x10 <- 0xAAAAB000


mem[X,0x800388C8] -> 0x0513
mem[X,0x800388CA] -> 0xAAB5
[5518] [M]: 0x800388C8 (0xAAB50513) addi a0, a0, 2731
x10 <- 0xAAAAAAAB


mem[X,0x800388CC] -> 0x65B7
mem[X,0x800388CE] -> 0x6666
[5519] [M]: 0x800388CC (0x666665B7) lui a1, 419430
x11 <- 0x66666000


mem[X,0x800388D0] -> 0x8593
mem[X,0x800388D2] -> 0x6655
[5520] [M]: 0x800388D0 (0x66558593) addi a1, a1, 1637
x11 <- 0x66666665


mem[X,0x800388D4] -> 0x0613
mem[X,0x800388D6] -> 0x0000
[5521] [M]: 0x800388D4 (0x00000613) addi a2, zero, 0
x12 <- 0x00000000


mem[X,0x800388D8] -> 0x006F
mem[X,0x800388DA] -> 0x00C0
[5522] [M]: 0x800388D8 (0x00C0006F) jal zero, 12


mem[X,0x800388E4] -> 0x5663
mem[X,0x800388E6] -> 0x00B5
[5523] [M]: 0x800388E4 (0x00B55663) bge a0, a1, 12


mem[X,0x800388E8] -> 0x0613
mem[X,0x800388EA] -> 0x0026
[5524] [M]: 0x800388E8 (0x00260613) addi a2, a2, 2
x12 <- 0x00000002


mem[X,0x800388EC] -> 0x006F
mem[X,0x800388EE] -> 0x00C0
[5525] [M]: 0x800388EC (0x00C0006F) jal zero, 12


mem[X,0x800388F8] -> 0x2423
mem[X,0x800388FA] -> 0x0CC2
[5526] [M]: 0x800388F8 (0x0CC22423) sw a2, 200(tp)
mem[0x8003BA30] <- 0x00000002


mem[X,0x800388FC] -> 0xB537
mem[X,0x800388FE] -> 0xAAAA
[5527] [M]: 0x800388FC (0xAAAAB537) lui a0, 699051
x10 <- 0xAAAAB000


mem[X,0x80038900] -> 0x0513
mem[X,0x80038902] -> 0xAAB5
[5528] [M]: 0x80038900 (0xAAB50513) addi a0, a0, 2731
x10 <- 0xAAAAAAAB


mem[X,0x80038904] -> 0xB5B7
mem[X,0x80038906] -> 0x0000
[5529] [M]: 0x80038904 (0x0000B5B7) lui a1, 11
x11 <- 0x0000B000


mem[X,0x80038908] -> 0x8593
mem[X,0x8003890A] -> 0x5035
[5530] [M]: 0x80038908 (0x50358593) addi a1, a1, 1283
x11 <- 0x0000B503


mem[X,0x8003890C] -> 0x0613
mem[X,0x8003890E] -> 0x0000
[5531] [M]: 0x8003890C (0x00000613) addi a2, zero, 0
x12 <- 0x00000000


mem[X,0x80038910] -> 0x006F
mem[X,0x80038912] -> 0x00C0
[5532] [M]: 0x80038910 (0x00C0006F) jal zero, 12


mem[X,0x8003891C] -> 0x5063
mem[X,0x8003891E] -> 0x08B5
[5533] [M]: 0x8003891C (0x08B55063) bge a0, a1, 128


mem[X,0x80038920] -> 0x0613
mem[X,0x80038922] -> 0x0026
[5534] [M]: 0x80038920 (0x00260613) addi a2, a2, 2
x12 <- 0x00000002


mem[X,0x80038924] -> 0x006F
mem[X,0x80038926] -> 0x0800
[5535] [M]: 0x80038924 (0x0800006F) jal zero, 128


mem[X,0x800389A4] -> 0x2623
mem[X,0x800389A6] -> 0x0CC2
[5536] [M]: 0x800389A4 (0x0CC22623) sw a2, 204(tp)
mem[0x8003BA34] <- 0x00000002


mem[X,0x800389A8] -> 0xB537
mem[X,0x800389AA] -> 0xAAAA
[5537] [M]: 0x800389A8 (0xAAAAB537) lui a0, 699051
x10 <- 0xAAAAB000


mem[X,0x800389AC] -> 0x0513
mem[X,0x800389AE] -> 0xAAB5
[5538] [M]: 0x800389AC (0xAAB50513) addi a0, a0, 2731
x10 <- 0xAAAAAAAB


mem[X,0x800389B0] -> 0x55B7
mem[X,0x800389B2] -> 0x5555
[5539] [M]: 0x800389B0 (0x555555B7) lui a1, 349525
x11 <- 0x55555000


mem[X,0x800389B4] -> 0x8593
mem[X,0x800389B6] -> 0x5565
[5540] [M]: 0x800389B4 (0x55658593) addi a1, a1, 1366
x11 <- 0x55555556


mem[X,0x800389B8] -> 0x0613
mem[X,0x800389BA] -> 0x0000
[5541] [M]: 0x800389B8 (0x00000613) addi a2, zero, 0
x12 <- 0x00000000


mem[X,0x800389BC] -> 0x006F
mem[X,0x800389BE] -> 0x00C0
[5542] [M]: 0x800389BC (0x00C0006F) jal zero, 12


mem[X,0x800389C8] -> 0x5663
mem[X,0x800389CA] -> 0x00B5
[5543] [M]: 0x800389C8 (0x00B55663) bge a0, a1, 12


mem[X,0x800389CC] -> 0x0613
mem[X,0x800389CE] -> 0x0026
[5544] [M]: 0x800389CC (0x00260613) addi a2, a2, 2
x12 <- 0x00000002


mem[X,0x800389D0] -> 0x006F
mem[X,0x800389D2] -> 0x00C0
[5545] [M]: 0x800389D0 (0x00C0006F) jal zero, 12


mem[X,0x800389DC] -> 0x2823
mem[X,0x800389DE] -> 0x0CC2
[5546] [M]: 0x800389DC (0x0CC22823) sw a2, 208(tp)
mem[0x8003BA38] <- 0x00000002


mem[X,0x800389E0] -> 0xB537
mem[X,0x800389E2] -> 0xAAAA
[5547] [M]: 0x800389E0 (0xAAAAB537) lui a0, 699051
x10 <- 0xAAAAB000


mem[X,0x800389E4] -> 0x0513
mem[X,0x800389E6] -> 0xAAB5
[5548] [M]: 0x800389E4 (0xAAB50513) addi a0, a0, 2731
x10 <- 0xAAAAAAAB


mem[X,0x800389E8] -> 0xB5B7
mem[X,0x800389EA] -> 0xAAAA
[5549] [M]: 0x800389E8 (0xAAAAB5B7) lui a1, 699051
x11 <- 0xAAAAB000


mem[X,0x800389EC] -> 0x8593
mem[X,0x800389EE] -> 0xAAB5
[5550] [M]: 0x800389EC (0xAAB58593) addi a1, a1, 2731
x11 <- 0xAAAAAAAB


mem[X,0x800389F0] -> 0x0613
mem[X,0x800389F2] -> 0x0000
[5551] [M]: 0x800389F0 (0x00000613) addi a2, zero, 0
x12 <- 0x00000000


mem[X,0x800389F4] -> 0x006F
mem[X,0x800389F6] -> 0x0180
[5552] [M]: 0x800389F4 (0x0180006F) jal zero, 24


mem[X,0x80038A0C] -> 0x56E3
mem[X,0x80038A0E] -> 0xFEB5
[5553] [M]: 0x80038A0C (0xFEB556E3) bge a0, a1, 8172


mem[X,0x800389F8] -> 0x0613
mem[X,0x800389FA] -> 0x0016
[5554] [M]: 0x800389F8 (0x00160613) addi a2, a2, 1
x12 <- 0x00000001


mem[X,0x800389FC] -> 0x006F
mem[X,0x800389FE] -> 0x0240
[5555] [M]: 0x800389FC (0x0240006F) jal zero, 36


mem[X,0x80038A20] -> 0x2A23
mem[X,0x80038A22] -> 0x0CC2
[5556] [M]: 0x80038A20 (0x0CC22A23) sw a2, 212(tp)
mem[0x8003BA3C] <- 0x00000001


mem[X,0x80038A24] -> 0xB537
mem[X,0x80038A26] -> 0xAAAA
[5557] [M]: 0x80038A24 (0xAAAAB537) lui a0, 699051
x10 <- 0xAAAAB000


mem[X,0x80038A28] -> 0x0513
mem[X,0x80038A2A] -> 0xAAB5
[5558] [M]: 0x80038A28 (0xAAB50513) addi a0, a0, 2731
x10 <- 0xAAAAAAAB


mem[X,0x80038A2C] -> 0x0593
mem[X,0x80038A2E] -> 0x0060
[5559] [M]: 0x80038A2C (0x00600593) addi a1, zero, 6
x11 <- 0x00000006


mem[X,0x80038A30] -> 0x0613
mem[X,0x80038A32] -> 0x0000
[5560] [M]: 0x80038A30 (0x00000613) addi a2, zero, 0
x12 <- 0x00000000


mem[X,0x80038A34] -> 0x006F
mem[X,0x80038A36] -> 0x00C0
[5561] [M]: 0x80038A34 (0x00C0006F) jal zero, 12


mem[X,0x80038A40] -> 0x5063
mem[X,0x80038A42] -> 0x40B5
[5562] [M]: 0x80038A40 (0x40B55063) bge a0, a1, 1024


mem[X,0x80038A44] -> 0x0613
mem[X,0x80038A46] -> 0x0026
[5563] [M]: 0x80038A44 (0x00260613) addi a2, a2, 2
x12 <- 0x00000002


mem[X,0x80038A48] -> 0x006F
mem[X,0x80038A4A] -> 0x4000
[5564] [M]: 0x80038A48 (0x4000006F) jal zero, 1024


mem[X,0x80038E48] -> 0x2C23
mem[X,0x80038E4A] -> 0x0CC2
[5565] [M]: 0x80038E48 (0x0CC22C23) sw a2, 216(tp)
mem[0x8003BA40] <- 0x00000002


mem[X,0x80038E4C] -> 0x0513
mem[X,0x80038E4E] -> 0x0000
[5566] [M]: 0x80038E4C (0x00000513) addi a0, zero, 0
x10 <- 0x00000000


mem[X,0x80038E50] -> 0x0593
mem[X,0x80038E52] -> 0x2000
[5567] [M]: 0x80038E50 (0x20000593) addi a1, zero, 512
x11 <- 0x00000200


mem[X,0x80038E54] -> 0x0613
mem[X,0x80038E56] -> 0x0000
[5568] [M]: 0x80038E54 (0x00000613) addi a2, zero, 0
x12 <- 0x00000000


mem[X,0x80038E58] -> 0x006F
mem[X,0x80038E5A] -> 0x0180
[5569] [M]: 0x80038E58 (0x0180006F) jal zero, 24


mem[X,0x80038E70] -> 0x56E3
mem[X,0x80038E72] -> 0xFEB5
[5570] [M]: 0x80038E70 (0xFEB556E3) bge a0, a1, 8172


mem[X,0x80038E74] -> 0x0613
mem[X,0x80038E76] -> 0x0026
[5571] [M]: 0x80038E74 (0x00260613) addi a2, a2, 2
x12 <- 0x00000002


mem[X,0x80038E78] -> 0x006F
mem[X,0x80038E7A] -> 0x00C0
[5572] [M]: 0x80038E78 (0x00C0006F) jal zero, 12


mem[X,0x80038E84] -> 0x2E23
mem[X,0x80038E86] -> 0x0CC2
[5573] [M]: 0x80038E84 (0x0CC22E23) sw a2, 220(tp)
mem[0x8003BA44] <- 0x00000002


mem[X,0x80038E88] -> 0x0537
mem[X,0x80038E8A] -> 0xFFC0
[5574] [M]: 0x80038E88 (0xFFC00537) lui a0, 1047552
x10 <- 0xFFC00000


mem[X,0x80038E8C] -> 0x0513
mem[X,0x80038E8E] -> 0xFFF5
[5575] [M]: 0x80038E8C (0xFFF50513) addi a0, a0, 4095
x10 <- 0xFFBFFFFF


mem[X,0x80038E90] -> 0x05B7
mem[X,0x80038E92] -> 0x0040
[5576] [M]: 0x80038E90 (0x004005B7) lui a1, 1024
x11 <- 0x00400000


mem[X,0x80038E94] -> 0x0613
mem[X,0x80038E96] -> 0x0000
[5577] [M]: 0x80038E94 (0x00000613) addi a2, zero, 0
x12 <- 0x00000000


mem[X,0x80038E98] -> 0x006F
mem[X,0x80038E9A] -> 0x00C0
[5578] [M]: 0x80038E98 (0x00C0006F) jal zero, 12


mem[X,0x80038EA4] -> 0x5063
mem[X,0x80038EA6] -> 0x04B5
[5579] [M]: 0x80038EA4 (0x04B55063) bge a0, a1, 64


mem[X,0x80038EA8] -> 0x0613
mem[X,0x80038EAA] -> 0x0026
[5580] [M]: 0x80038EA8 (0x00260613) addi a2, a2, 2
x12 <- 0x00000002


mem[X,0x80038EAC] -> 0x006F
mem[X,0x80038EAE] -> 0x0400
[5581] [M]: 0x80038EAC (0x0400006F) jal zero, 64


mem[X,0x80038EEC] -> 0x2023
mem[X,0x80038EEE] -> 0x0EC2
[5582] [M]: 0x80038EEC (0x0EC22023) sw a2, 224(tp)
mem[0x8003BA48] <- 0x00000002


mem[X,0x80038EF0] -> 0x006F
mem[X,0x80038EF2] -> 0x0200
[5583] [M]: 0x80038EF0 (0x0200006F) jal zero, 32


mem[X,0x80038F10] -> 0x0093
mem[X,0x80038F12] -> 0x0010
[5584] [M]: 0x80038F10 (0x00100093) addi ra, zero, 1
x1 <- 0x00000001


mem[X,0x80038F14] -> 0x0F17
mem[X,0x80038F16] -> 0x0000
[5585] [M]: 0x80038F14 (0x00000F17) auipc t5, 0
x30 <- 0x80038F14


mem[X,0x80038F18] -> 0x2623
mem[X,0x80038F1A] -> 0x0E1F
[5586] [M]: 0x80038F18 (0x0E1F2623) sw ra, 236(t5)
htif[0x80039000] <- 0x00000001


mem[X,0x80038F1C] -> 0xF06F
mem[X,0x80038F1E] -> 0xFF9F
[5587] [M]: 0x80038F1C (0xFF9FF06F) jal zero, 2097144


mem[X,0x80038F14] -> 0x0F17
mem[X,0x80038F16] -> 0x0000
[5588] [M]: 0x80038F14 (0x00000F17) auipc t5, 0
x30 <- 0x80038F14


mem[X,0x80038F18] -> 0x2623
mem[X,0x80038F1A] -> 0x0E1F
[5589] [M]: 0x80038F18 (0x0E1F2623) sw ra, 236(t5)
htif[0x80039000] <- 0x00000001


mem[X,0x80038F1C] -> 0xF06F
mem[X,0x80038F1E] -> 0xFF9F
[5590] [M]: 0x80038F1C (0xFF9FF06F) jal zero, 2097144


mem[X,0x80038F14] -> 0x0F17
mem[X,0x80038F16] -> 0x0000
[5591] [M]: 0x80038F14 (0x00000F17) auipc t5, 0
x30 <- 0x80038F14


mem[X,0x80038F18] -> 0x2623
mem[X,0x80038F1A] -> 0x0E1F
[5592] [M]: 0x80038F18 (0x0E1F2623) sw ra, 236(t5)
htif[0x80039000] <- 0x00000001
htif-syscall-proxy cmd: 0x000000000001

SUCCESS
