using /home/force/Desktop/work/compliance_testing/our_riscv/work/riscof_work/C/src/clui-01.S/ref/Reference-sail_c_simulator.signature for test-signature output.
[Sail] Allocating new block 0x80000000
tohost located at 0x80001000
[Sail] Allocating new block 0x0

Running file ref.elf.
ELF Entry @ 0x80000000
begin_signature: 0x80003110
end_signature: 0x800031a0
CSR mstatus <- 0x00000000 (input: 0x00000000)
mem[X,0x00001000] -> 0x0297
mem[X,0x00001002] -> 0x0000
[0] [M]: 0x00001000 (0x00000297) auipc t0, 0
x5 <- 0x00001000


mem[X,0x00001004] -> 0x8593
mem[X,0x00001006] -> 0x0202
[1] [M]: 0x00001004 (0x02028593) addi a1, t0, 32
x11 <- 0x00001020


mem[X,0x00001008] -> 0x2573
mem[X,0x0000100A] -> 0xF140
[2] [M]: 0x00001008 (0xF1402573) csrrs a0, mhartid, zero
CSR mhartid -> 0x00000000
x10 <- 0x00000000


mem[X,0x0000100C] -> 0xA283
mem[X,0x0000100E] -> 0x0182
[3] [M]: 0x0000100C (0x0182A283) lw t0, 24(t0)
mem[R,0x00001018] -> 0x80000000
x5 <- 0x80000000


mem[X,0x00001010] -> 0x8067
mem[X,0x00001012] -> 0x0002
[4] [M]: 0x00001010 (0x00028067) jalr zero, t0, 0


mem[X,0x80000000] -> 0xC0B7
mem[X,0x80000002] -> 0xFEED
[5] [M]: 0x80000000 (0xFEEDC0B7) lui ra, 1044188
x1 <- 0xFEEDC000


mem[X,0x80000004] -> 0x8093
mem[X,0x80000006] -> 0xEAD0
[6] [M]: 0x80000004 (0xEAD08093) addi ra, ra, 3757
x1 <- 0xFEEDBEAD


mem[X,0x80000008] -> 0xE137
mem[X,0x8000000A] -> 0xFF76
[7] [M]: 0x80000008 (0xFF76E137) lui sp, 1046382
x2 <- 0xFF76E000


mem[X,0x8000000C] -> 0x0113
mem[X,0x8000000E] -> 0xF561
[8] [M]: 0x8000000C (0xF5610113) addi sp, sp, 3926
x2 <- 0xFF76DF56


mem[X,0x80000010] -> 0x71B7
mem[X,0x80000012] -> 0x7FBB
[9] [M]: 0x80000010 (0x7FBB71B7) lui gp, 523191
x3 <- 0x7FBB7000


mem[X,0x80000014] -> 0x8193
mem[X,0x80000016] -> 0xFAB1
[10] [M]: 0x80000014 (0xFAB18193) addi gp, gp, 4011
x3 <- 0x7FBB6FAB


mem[X,0x80000018] -> 0xB237
mem[X,0x8000001A] -> 0xBFDD
[11] [M]: 0x80000018 (0xBFDDB237) lui tp, 785883
x4 <- 0xBFDDB000


mem[X,0x8000001C] -> 0x0213
mem[X,0x8000001E] -> 0x7D52
[12] [M]: 0x8000001C (0x7D520213) addi tp, tp, 2005
x4 <- 0xBFDDB7D5


mem[X,0x80000020] -> 0x0297
mem[X,0x80000022] -> 0x0000
[13] [M]: 0x80000020 (0x00000297) auipc t0, 0
x5 <- 0x80000020


mem[X,0x80000024] -> 0x8293
mem[X,0x80000026] -> 0x0882
[14] [M]: 0x80000024 (0x08828293) addi t0, t0, 136
x5 <- 0x800000A8


mem[X,0x80000028] -> 0x0013
mem[X,0x8000002A] -> 0x0000
[15] [M]: 0x80000028 (0x00000013) addi zero, zero, 0


mem[X,0x8000002C] -> 0x0013
mem[X,0x8000002E] -> 0x0000
[16] [M]: 0x8000002C (0x00000013) addi zero, zero, 0


mem[X,0x80000030] -> 0x0013
mem[X,0x80000032] -> 0x0000
[17] [M]: 0x80000030 (0x00000013) addi zero, zero, 0


mem[X,0x80000034] -> 0x0013
mem[X,0x80000036] -> 0x0000
[18] [M]: 0x80000034 (0x00000013) addi zero, zero, 0


mem[X,0x80000038] -> 0x0013
mem[X,0x8000003A] -> 0x0000
[19] [M]: 0x80000038 (0x00000013) addi zero, zero, 0


mem[X,0x8000003C] -> 0x0013
mem[X,0x8000003E] -> 0x0000
[20] [M]: 0x8000003C (0x00000013) addi zero, zero, 0


mem[X,0x80000040] -> 0x2317
mem[X,0x80000042] -> 0x0000
[21] [M]: 0x80000040 (0x00002317) auipc t1, 2
x6 <- 0x80002040


mem[X,0x80000044] -> 0x0313
mem[X,0x80000046] -> 0xFC03
[22] [M]: 0x80000044 (0xFC030313) addi t1, t1, 4032
x6 <- 0x80002000


mem[X,0x80000048] -> 0x0013
mem[X,0x8000004A] -> 0x0000
[23] [M]: 0x80000048 (0x00000013) addi zero, zero, 0


mem[X,0x8000004C] -> 0x0013
mem[X,0x8000004E] -> 0x0000
[24] [M]: 0x8000004C (0x00000013) addi zero, zero, 0


mem[X,0x80000050] -> 0x0013
mem[X,0x80000052] -> 0x0000
[25] [M]: 0x80000050 (0x00000013) addi zero, zero, 0


mem[X,0x80000054] -> 0x0013
mem[X,0x80000056] -> 0x0000
[26] [M]: 0x80000054 (0x00000013) addi zero, zero, 0


mem[X,0x80000058] -> 0x0013
mem[X,0x8000005A] -> 0x0000
[27] [M]: 0x80000058 (0x00000013) addi zero, zero, 0


mem[X,0x8000005C] -> 0x0013
mem[X,0x8000005E] -> 0x0000
[28] [M]: 0x8000005C (0x00000013) addi zero, zero, 0


mem[X,0x80000060] -> 0xB3B7
mem[X,0x80000062] -> 0xB7FB
[29] [M]: 0x80000060 (0xB7FBB3B7) lui t2, 753595
x7 <- 0xB7FBB000


mem[X,0x80000064] -> 0x8393
mem[X,0x80000066] -> 0x6FA3
[30] [M]: 0x80000064 (0x6FA38393) addi t2, t2, 1786
x7 <- 0xB7FBB6FA


mem[X,0x80000068] -> 0xE437
mem[X,0x8000006A] -> 0x5BFD
[31] [M]: 0x80000068 (0x5BFDE437) lui fp, 376798
x8 <- 0x5BFDE000


mem[X,0x8000006C] -> 0x0413
mem[X,0x8000006E] -> 0xB7D4
[32] [M]: 0x8000006C (0xB7D40413) addi fp, fp, 2941
x8 <- 0x5BFDDB7D


mem[X,0x80000070] -> 0xF4B7
mem[X,0x80000072] -> 0xADFE
[33] [M]: 0x80000070 (0xADFEF4B7) lui s1, 712687
x9 <- 0xADFEF000


mem[X,0x80000074] -> 0x8493
mem[X,0x80000076] -> 0xDBE4
[34] [M]: 0x80000074 (0xDBE48493) addi s1, s1, 3518
x9 <- 0xADFEEDBE


mem[X,0x80000078] -> 0x7537
mem[X,0x8000007A] -> 0x56FF
[35] [M]: 0x80000078 (0x56FF7537) lui a0, 356343
x10 <- 0x56FF7000


mem[X,0x8000007C] -> 0x0513
mem[X,0x8000007E] -> 0x6DF5
[36] [M]: 0x8000007C (0x6DF50513) addi a0, a0, 1759
x10 <- 0x56FF76DF


mem[X,0x80000080] -> 0xC5B7
mem[X,0x80000082] -> 0xAB7F
[37] [M]: 0x80000080 (0xAB7FC5B7) lui a1, 702460
x11 <- 0xAB7FC000


mem[X,0x80000084] -> 0x8593
mem[X,0x80000086] -> 0xB6F5
[38] [M]: 0x80000084 (0xB6F58593) addi a1, a1, 2927
x11 <- 0xAB7FBB6F


mem[X,0x80000088] -> 0xE637
mem[X,0x8000008A] -> 0xD5BF
[39] [M]: 0x80000088 (0xD5BFE637) lui a2, 875518
x12 <- 0xD5BFE000


mem[X,0x8000008C] -> 0x0613
mem[X,0x8000008E] -> 0xDB76
[40] [M]: 0x8000008C (0xDB760613) addi a2, a2, 3511
x12 <- 0xD5BFDDB7


mem[X,0x80000090] -> 0xF6B7
mem[X,0x80000092] -> 0xEADF
[41] [M]: 0x80000090 (0xEADFF6B7) lui a3, 962047
x13 <- 0xEADFF000


mem[X,0x80000094] -> 0x8693
mem[X,0x80000096] -> 0xEDB6
[42] [M]: 0x80000094 (0xEDB68693) addi a3, a3, 3803
x13 <- 0xEADFEEDB


mem[X,0x80000098] -> 0xF737
mem[X,0x8000009A] -> 0xF56F
[43] [M]: 0x80000098 (0xF56FF737) lui a4, 1005311
x14 <- 0xF56FF000


mem[X,0x8000009C] -> 0x0713
mem[X,0x8000009E] -> 0x76D7
[44] [M]: 0x8000009C (0x76D70713) addi a4, a4, 1901
x14 <- 0xF56FF76D


mem[X,0x800000A0] -> 0x07B7
mem[X,0x800000A2] -> 0xFAB8
[45] [M]: 0x800000A0 (0xFAB807B7) lui a5, 1026944
x15 <- 0xFAB80000


mem[X,0x800000A4] -> 0x8793
mem[X,0x800000A6] -> 0xBB67
[46] [M]: 0x800000A4 (0xBB678793) addi a5, a5, 2998
x15 <- 0xFAB7FBB6


mem[X,0x800000A8] -> 0x0013
mem[X,0x800000AA] -> 0x0000
[47] [M]: 0x800000A8 (0x00000013) addi zero, zero, 0


mem[X,0x800000AC] -> 0x0013
mem[X,0x800000AE] -> 0x0000
[48] [M]: 0x800000AC (0x00000013) addi zero, zero, 0


mem[X,0x800000B0] -> 0x0013
mem[X,0x800000B2] -> 0x0000
[49] [M]: 0x800000B0 (0x00000013) addi zero, zero, 0


mem[X,0x800000B4] -> 0x0013
mem[X,0x800000B6] -> 0x0000
[50] [M]: 0x800000B4 (0x00000013) addi zero, zero, 0


mem[X,0x800000B8] -> 0x0013
mem[X,0x800000BA] -> 0x0000
[51] [M]: 0x800000B8 (0x00000013) addi zero, zero, 0


mem[X,0x800000BC] -> 0x0013
mem[X,0x800000BE] -> 0x0000
[52] [M]: 0x800000BC (0x00000013) addi zero, zero, 0


mem[X,0x800000C0] -> 0x3117
mem[X,0x800000C2] -> 0x0000
[53] [M]: 0x800000C0 (0x00003117) auipc sp, 3
x2 <- 0x800030C0


mem[X,0x800000C4] -> 0x0113
mem[X,0x800000C6] -> 0x0541
[54] [M]: 0x800000C4 (0x05410113) addi sp, sp, 84
x2 <- 0x80003114


mem[X,0x800000C8] -> 0x0013
mem[X,0x800000CA] -> 0x0000
[55] [M]: 0x800000C8 (0x00000013) addi zero, zero, 0


mem[X,0x800000CC] -> 0x0013
mem[X,0x800000CE] -> 0x0000
[56] [M]: 0x800000CC (0x00000013) addi zero, zero, 0


mem[X,0x800000D0] -> 0x0013
mem[X,0x800000D2] -> 0x0000
[57] [M]: 0x800000D0 (0x00000013) addi zero, zero, 0


mem[X,0x800000D4] -> 0x0013
mem[X,0x800000D6] -> 0x0000
[58] [M]: 0x800000D4 (0x00000013) addi zero, zero, 0


mem[X,0x800000D8] -> 0x0013
mem[X,0x800000DA] -> 0x0000
[59] [M]: 0x800000D8 (0x00000013) addi zero, zero, 0


mem[X,0x800000DC] -> 0x0013
mem[X,0x800000DE] -> 0x0000
[60] [M]: 0x800000DC (0x00000013) addi zero, zero, 0


mem[X,0x800000E0] -> 0x0613
mem[X,0x800000E2] -> 0x0800
[61] [M]: 0x800000E0 (0x08000613) addi a2, zero, 128
x12 <- 0x00000080


mem[X,0x800000E4] -> 0x7629
[62] [M]: 0x800000E4 (0x7629) c.lui a2, 42
x12 <- 0xFFFEA000


mem[X,0x800000E6] -> 0xC032
[63] [M]: 0x800000E6 (0xC032) c.swsp a2, 0
mem[0x80003114] <- 0xFFFEA000


mem[X,0x800000E8] -> 0x0A93
mem[X,0x800000EA] -> 0x0200
[64] [M]: 0x800000E8 (0x02000A93) addi s5, zero, 32
x21 <- 0x00000020


mem[X,0x800000EC] -> 0x6AB1
[65] [M]: 0x800000EC (0x6AB1) c.lui s5, 12
x21 <- 0x0000C000


mem[X,0x800000EE] -> 0xC256
[66] [M]: 0x800000EE (0xC256) c.swsp s5, 1
mem[0x80003118] <- 0x0000C000


mem[X,0x800000F0] -> 0x5DBD
[67] [M]: 0x800000F0 (0x5DBD) c.li s11, 47
x27 <- 0xFFFFFFEF


mem[X,0x800000F2] -> 0x7DFD
[68] [M]: 0x800000F2 (0x7DFD) c.lui s11, 63
x27 <- 0xFFFFF000


mem[X,0x800000F4] -> 0xC46E
[69] [M]: 0x800000F4 (0xC46E) c.swsp s11, 2
mem[0x8000311C] <- 0xFFFFF000


mem[X,0x800000F6] -> 0x5BF9
[70] [M]: 0x800000F6 (0x5BF9) c.li s7, 62
x23 <- 0xFFFFFFFE


mem[X,0x800000F8] -> 0x6BBD
[71] [M]: 0x800000F8 (0x6BBD) c.lui s7, 15
x23 <- 0x0000F000


mem[X,0x800000FA] -> 0xC65E
[72] [M]: 0x800000FA (0xC65E) c.swsp s7, 3
mem[0x80003120] <- 0x0000F000


mem[X,0x800000FC] -> 0x09B7
mem[X,0x800000FE] -> 0xF800
[73] [M]: 0x800000FC (0xF80009B7) lui s3, 1015808
x19 <- 0xF8000000


mem[X,0x80000100] -> 0x19FD
[74] [M]: 0x80000100 (0x19FD) c.addi s3, 63
x19 <- 0xF7FFFFFF


mem[X,0x80000102] -> 0x6985
[75] [M]: 0x80000102 (0x6985) c.lui s3, 1
x19 <- 0x00001000


mem[X,0x80000104] -> 0xC84E
[76] [M]: 0x80000104 (0xC84E) c.swsp s3, 4
mem[0x80003124] <- 0x00001000


mem[X,0x80000106] -> 0x7A41
[77] [M]: 0x80000106 (0x7A41) c.lui s4, 48
x20 <- 0xFFFF0000


mem[X,0x80000108] -> 0x1A7D
[78] [M]: 0x80000108 (0x1A7D) c.addi s4, 63
x20 <- 0xFFFEFFFF


mem[X,0x8000010A] -> 0x6A09
[79] [M]: 0x8000010A (0x6A09) c.lui s4, 2
x20 <- 0x00002000


mem[X,0x8000010C] -> 0xCA52
[80] [M]: 0x8000010C (0xCA52) c.swsp s4, 5
mem[0x80003128] <- 0x00002000


mem[X,0x8000010E] -> 0x6405
[81] [M]: 0x8000010E (0x6405) c.lui fp, 1
x8 <- 0x00001000


mem[X,0x80000110] -> 0x6411
[82] [M]: 0x80000110 (0x6411) c.lui fp, 4
x8 <- 0x00004000


mem[X,0x80000112] -> 0xCC22
[83] [M]: 0x80000112 (0xCC22) c.swsp fp, 6
mem[0x8000312C] <- 0x00004000


mem[X,0x80000114] -> 0x0EB7
mem[X,0x80000116] -> 0x8000
[84] [M]: 0x80000114 (0x80000EB7) lui t4, 524288
x29 <- 0x80000000


mem[X,0x80000118] -> 0x1EFD
[85] [M]: 0x80000118 (0x1EFD) c.addi t4, 63
x29 <- 0x7FFFFFFF


mem[X,0x8000011A] -> 0x6EA1
[86] [M]: 0x8000011A (0x6EA1) c.lui t4, 8
x29 <- 0x00008000


mem[X,0x8000011C] -> 0xCE76
[87] [M]: 0x8000011C (0xCE76) c.swsp t4, 7
mem[0x80003130] <- 0x00008000


mem[X,0x8000011E] -> 0x5FED
[88] [M]: 0x8000011E (0x5FED) c.li t6, 59
x31 <- 0xFFFFFFFB


mem[X,0x80000120] -> 0x6FC1
[89] [M]: 0x80000120 (0x6FC1) c.lui t6, 16
x31 <- 0x00010000


mem[X,0x80000122] -> 0xD07E
[90] [M]: 0x80000122 (0xD07E) c.swsp t6, 8
mem[0x80003134] <- 0x00010000


mem[X,0x80000124] -> 0x0737
mem[X,0x80000126] -> 0x0040
[91] [M]: 0x80000124 (0x00400737) lui a4, 1024
x14 <- 0x00400000


mem[X,0x80000128] -> 0x7701
[92] [M]: 0x80000128 (0x7701) c.lui a4, 32
x14 <- 0xFFFE0000


mem[X,0x8000012A] -> 0xD23A
[93] [M]: 0x8000012A (0xD23A) c.swsp a4, 9
mem[0x80003138] <- 0xFFFE0000


mem[X,0x8000012C] -> 0x01B7
mem[X,0x8000012E] -> 0xFE00
[94] [M]: 0x8000012C (0xFE0001B7) lui gp, 1040384
x3 <- 0xFE000000


mem[X,0x80000130] -> 0x11FD
[95] [M]: 0x80000130 (0x11FD) c.addi gp, 63
x3 <- 0xFDFFFFFF


mem[X,0x80000132] -> 0x61D5
[96] [M]: 0x80000132 (0x61D5) c.lui gp, 21
x3 <- 0x00015000


mem[X,0x80000134] -> 0xD40E
[97] [M]: 0x80000134 (0xD40E) c.swsp gp, 10
mem[0x8000313C] <- 0x00015000


mem[X,0x80000136] -> 0x5265
[98] [M]: 0x80000136 (0x5265) c.li tp, 57
x4 <- 0xFFFFFFF9


mem[X,0x80000138] -> 0x7279
[99] [M]: 0x80000138 (0x7279) c.lui tp, 62
x4 <- 0xFFFFE000


clint::tick mtime <- 0x0000000000000001
 clint timer pending at mtime 0x0000000000000001
htif::tick 0x0000000000000000
mem[X,0x8000013A] -> 0xD612
[100] [M]: 0x8000013A (0xD612) c.swsp tp, 11
mem[0x80003140] <- 0xFFFFE000


mem[X,0x8000013C] -> 0x6891
[101] [M]: 0x8000013C (0x6891) c.lui a7, 4
x17 <- 0x00004000


mem[X,0x8000013E] -> 0x78F5
[102] [M]: 0x8000013E (0x78F5) c.lui a7, 61
x17 <- 0xFFFFD000


mem[X,0x80000140] -> 0xD846
[103] [M]: 0x80000140 (0xD846) c.swsp a7, 12
mem[0x80003144] <- 0xFFFFD000


mem[X,0x80000142] -> 0x0537
mem[X,0x80000144] -> 0x0004
[104] [M]: 0x80000142 (0x00040537) lui a0, 64
x10 <- 0x00040000


mem[X,0x80000146] -> 0x756D
[105] [M]: 0x80000146 (0x756D) c.lui a0, 59
x10 <- 0xFFFFB000


mem[X,0x80000148] -> 0xDA2A
[106] [M]: 0x80000148 (0xDA2A) c.swsp a0, 13
mem[0x80003148] <- 0xFFFFB000


mem[X,0x8000014A] -> 0x0393
mem[X,0x8000014C] -> 0xDFF0
[107] [M]: 0x8000014A (0xDFF00393) addi t2, zero, 3583
x7 <- 0xFFFFFDFF


mem[X,0x8000014E] -> 0x73DD
[108] [M]: 0x8000014E (0x73DD) c.lui t2, 55
x7 <- 0xFFFF7000


mem[X,0x80000150] -> 0xDC1E
[109] [M]: 0x80000150 (0xDC1E) c.swsp t2, 14
mem[0x8000314C] <- 0xFFFF7000


mem[X,0x80000152] -> 0x4B15
[110] [M]: 0x80000152 (0x4B15) c.li s6, 5
x22 <- 0x00000005


mem[X,0x80000154] -> 0x7B3D
[111] [M]: 0x80000154 (0x7B3D) c.lui s6, 47
x22 <- 0xFFFEF000


mem[X,0x80000156] -> 0xDE5A
[112] [M]: 0x80000156 (0xDE5A) c.swsp s6, 15
mem[0x80003150] <- 0xFFFEF000


mem[X,0x80000158] -> 0x0293
mem[X,0x8000015A] -> 0x0200
[113] [M]: 0x80000158 (0x02000293) addi t0, zero, 32
x5 <- 0x00000020


mem[X,0x8000015C] -> 0x62FD
[114] [M]: 0x8000015C (0x62FD) c.lui t0, 31
x5 <- 0x0001F000


mem[X,0x8000015E] -> 0xC096
[115] [M]: 0x8000015E (0xC096) c.swsp t0, 16
mem[0x80003154] <- 0x0001F000


mem[X,0x80000160] -> 0x0CB7
mem[X,0x80000162] -> 0x8000
[116] [M]: 0x80000160 (0x80000CB7) lui s9, 524288
x25 <- 0x80000000


mem[X,0x80000164] -> 0x6C85
[117] [M]: 0x80000164 (0x6C85) c.lui s9, 1
x25 <- 0x00001000


mem[X,0x80000166] -> 0xC2E6
[118] [M]: 0x80000166 (0xC2E6) c.swsp s9, 17
mem[0x80003158] <- 0x00001000


mem[X,0x80000168] -> 0x0E37
mem[X,0x8000016A] -> 0x8000
[119] [M]: 0x80000168 (0x80000E37) lui t3, 524288
x28 <- 0x80000000


mem[X,0x8000016C] -> 0x6E05
[120] [M]: 0x8000016C (0x6E05) c.lui t3, 1
x28 <- 0x00001000


mem[X,0x8000016E] -> 0xC4F2
[121] [M]: 0x8000016E (0xC4F2) c.swsp t3, 18
mem[0x8000315C] <- 0x00001000


mem[X,0x80000170] -> 0x0037
mem[X,0x80000172] -> 0x8000
[122] [M]: 0x80000170 (0x80000037) lui zero, 524288


mem[X,0x80000174] -> 0x6005
[123] [M]: 0x80000174 (0x6005) c.lui.hint.1


mem[X,0x80000176] -> 0xC682
[124] [M]: 0x80000176 (0xC682) c.swsp zero, 19
mem[0x80003160] <- 0x00000000


mem[X,0x80000178] -> 0x05B7
mem[X,0x8000017A] -> 0x8000
[125] [M]: 0x80000178 (0x800005B7) lui a1, 524288
x11 <- 0x80000000


mem[X,0x8000017C] -> 0x6585
[126] [M]: 0x8000017C (0x6585) c.lui a1, 1
x11 <- 0x00001000


mem[X,0x8000017E] -> 0xC8AE
[127] [M]: 0x8000017E (0xC8AE) c.swsp a1, 20
mem[0x80003164] <- 0x00001000


mem[X,0x80000180] -> 0x00B7
mem[X,0x80000182] -> 0x8000
[128] [M]: 0x80000180 (0x800000B7) lui ra, 524288
x1 <- 0x80000000


mem[X,0x80000184] -> 0x6085
[129] [M]: 0x80000184 (0x6085) c.lui ra, 1
x1 <- 0x00001000


mem[X,0x80000186] -> 0xCA86
[130] [M]: 0x80000186 (0xCA86) c.swsp ra, 21
mem[0x80003168] <- 0x00001000


mem[X,0x80000188] -> 0x0937
mem[X,0x8000018A] -> 0x8000
[131] [M]: 0x80000188 (0x80000937) lui s2, 524288
x18 <- 0x80000000


mem[X,0x8000018C] -> 0x6905
[132] [M]: 0x8000018C (0x6905) c.lui s2, 1
x18 <- 0x00001000


mem[X,0x8000018E] -> 0xCCCA
[133] [M]: 0x8000018E (0xCCCA) c.swsp s2, 22
mem[0x8000316C] <- 0x00001000


mem[X,0x80000190] -> 0x04B7
mem[X,0x80000192] -> 0x8000
[134] [M]: 0x80000190 (0x800004B7) lui s1, 524288
x9 <- 0x80000000


mem[X,0x80000194] -> 0x6485
[135] [M]: 0x80000194 (0x6485) c.lui s1, 1
x9 <- 0x00001000


mem[X,0x80000196] -> 0xCEA6
[136] [M]: 0x80000196 (0xCEA6) c.swsp s1, 23
mem[0x80003170] <- 0x00001000


mem[X,0x80000198] -> 0x0D37
mem[X,0x8000019A] -> 0x8000
[137] [M]: 0x80000198 (0x80000D37) lui s10, 524288
x26 <- 0x80000000


mem[X,0x8000019C] -> 0x6D05
[138] [M]: 0x8000019C (0x6D05) c.lui s10, 1
x26 <- 0x00001000


mem[X,0x8000019E] -> 0xD0EA
[139] [M]: 0x8000019E (0xD0EA) c.swsp s10, 24
mem[0x80003174] <- 0x00001000


mem[X,0x800001A0] -> 0x0F37
mem[X,0x800001A2] -> 0x8000
[140] [M]: 0x800001A0 (0x80000F37) lui t5, 524288
x30 <- 0x80000000


mem[X,0x800001A4] -> 0x6F05
[141] [M]: 0x800001A4 (0x6F05) c.lui t5, 1
x30 <- 0x00001000


mem[X,0x800001A6] -> 0xD2FA
[142] [M]: 0x800001A6 (0xD2FA) c.swsp t5, 25
mem[0x80003178] <- 0x00001000


mem[X,0x800001A8] -> 0x0837
mem[X,0x800001AA] -> 0x8000
[143] [M]: 0x800001A8 (0x80000837) lui a6, 524288
x16 <- 0x80000000


mem[X,0x800001AC] -> 0x6805
[144] [M]: 0x800001AC (0x6805) c.lui a6, 1
x16 <- 0x00001000


mem[X,0x800001AE] -> 0xD4C2
[145] [M]: 0x800001AE (0xD4C2) c.swsp a6, 26
mem[0x8000317C] <- 0x00001000


mem[X,0x800001B0] -> 0x0337
mem[X,0x800001B2] -> 0x8000
[146] [M]: 0x800001B0 (0x80000337) lui t1, 524288
x6 <- 0x80000000


mem[X,0x800001B4] -> 0x6305
[147] [M]: 0x800001B4 (0x6305) c.lui t1, 1
x6 <- 0x00001000


mem[X,0x800001B6] -> 0xD69A
[148] [M]: 0x800001B6 (0xD69A) c.swsp t1, 27
mem[0x80003180] <- 0x00001000


mem[X,0x800001B8] -> 0x07B7
mem[X,0x800001BA] -> 0x8000
[149] [M]: 0x800001B8 (0x800007B7) lui a5, 524288
x15 <- 0x80000000


mem[X,0x800001BC] -> 0x6785
[150] [M]: 0x800001BC (0x6785) c.lui a5, 1
x15 <- 0x00001000


mem[X,0x800001BE] -> 0xD8BE
[151] [M]: 0x800001BE (0xD8BE) c.swsp a5, 28
mem[0x80003184] <- 0x00001000


mem[X,0x800001C0] -> 0x3097
mem[X,0x800001C2] -> 0x0000
[152] [M]: 0x800001C0 (0x00003097) auipc ra, 3
x1 <- 0x800031C0


mem[X,0x800001C4] -> 0x8093
mem[X,0x800001C6] -> 0xFC80
[153] [M]: 0x800001C4 (0xFC808093) addi ra, ra, 4040
x1 <- 0x80003188


mem[X,0x800001C8] -> 0x0013
mem[X,0x800001CA] -> 0x0000
[154] [M]: 0x800001C8 (0x00000013) addi zero, zero, 0


mem[X,0x800001CC] -> 0x0013
mem[X,0x800001CE] -> 0x0000
[155] [M]: 0x800001CC (0x00000013) addi zero, zero, 0


mem[X,0x800001D0] -> 0x0013
mem[X,0x800001D2] -> 0x0000
[156] [M]: 0x800001D0 (0x00000013) addi zero, zero, 0


mem[X,0x800001D4] -> 0x0013
mem[X,0x800001D6] -> 0x0000
[157] [M]: 0x800001D4 (0x00000013) addi zero, zero, 0


mem[X,0x800001D8] -> 0x0013
mem[X,0x800001DA] -> 0x0000
[158] [M]: 0x800001D8 (0x00000013) addi zero, zero, 0


mem[X,0x800001DC] -> 0x0013
mem[X,0x800001DE] -> 0x0000
[159] [M]: 0x800001DC (0x00000013) addi zero, zero, 0


mem[X,0x800001E0] -> 0x0C37
mem[X,0x800001E2] -> 0x8000
[160] [M]: 0x800001E0 (0x80000C37) lui s8, 524288
x24 <- 0x80000000


mem[X,0x800001E4] -> 0x6C05
[161] [M]: 0x800001E4 (0x6C05) c.lui s8, 1
x24 <- 0x00001000


mem[X,0x800001E6] -> 0xA023
mem[X,0x800001E8] -> 0x0180
[162] [M]: 0x800001E6 (0x0180A023) sw s8, 0(ra)
mem[0x80003188] <- 0x00001000


mem[X,0x800001EA] -> 0x06B7
mem[X,0x800001EC] -> 0x8000
[163] [M]: 0x800001EA (0x800006B7) lui a3, 524288
x13 <- 0x80000000


mem[X,0x800001EE] -> 0x6685
[164] [M]: 0x800001EE (0x6685) c.lui a3, 1
x13 <- 0x00001000


mem[X,0x800001F0] -> 0xA223
mem[X,0x800001F2] -> 0x00D0
[165] [M]: 0x800001F0 (0x00D0A223) sw a3, 4(ra)
mem[0x8000318C] <- 0x00001000


mem[X,0x800001F4] -> 0x006F
mem[X,0x800001F6] -> 0x0200
[166] [M]: 0x800001F4 (0x0200006F) jal zero, 32


mem[X,0x80000214] -> 0x4085
[167] [M]: 0x80000214 (0x4085) c.li ra, 1
x1 <- 0x00000001


mem[X,0x80000216] -> 0x1F17
mem[X,0x80000218] -> 0x0000
[168] [M]: 0x80000216 (0x00001F17) auipc t5, 1
x30 <- 0x80001216


mem[X,0x8000021A] -> 0x2523
mem[X,0x8000021C] -> 0xDE1F
[169] [M]: 0x8000021A (0xDE1F2523) sw ra, 3562(t5)
htif[0x80001000] <- 0x00000001


mem[X,0x8000021E] -> 0xBFE5
[170] [M]: 0x8000021E (0xBFE5) c.j 2044


mem[X,0x80000216] -> 0x1F17
mem[X,0x80000218] -> 0x0000
[171] [M]: 0x80000216 (0x00001F17) auipc t5, 1
x30 <- 0x80001216


mem[X,0x8000021A] -> 0x2523
mem[X,0x8000021C] -> 0xDE1F
[172] [M]: 0x8000021A (0xDE1F2523) sw ra, 3562(t5)
htif[0x80001000] <- 0x00000001


mem[X,0x8000021E] -> 0xBFE5
[173] [M]: 0x8000021E (0xBFE5) c.j 2044


mem[X,0x80000216] -> 0x1F17
mem[X,0x80000218] -> 0x0000
[174] [M]: 0x80000216 (0x00001F17) auipc t5, 1
x30 <- 0x80001216


mem[X,0x8000021A] -> 0x2523
mem[X,0x8000021C] -> 0xDE1F
[175] [M]: 0x8000021A (0xDE1F2523) sw ra, 3562(t5)
htif[0x80001000] <- 0x00000001
htif-syscall-proxy cmd: 0x000000000001

SUCCESS
