using /home/force/Desktop/work/compliance_testing/our_riscv/work/riscof_work/C/src/csrli-01.S/ref/Reference-sail_c_simulator.signature for test-signature output.
[Sail] Allocating new block 0x80000000
tohost located at 0x80001000
[Sail] Allocating new block 0x0

Running file ref.elf.
ELF Entry @ 0x80000000
begin_signature: 0x80003110
end_signature: 0x80003270
CSR mstatus <- 0x00000000 (input: 0x00000000)
mem[X,0x00001000] -> 0x0297
mem[X,0x00001002] -> 0x0000
[0] [M]: 0x00001000 (0x00000297) auipc t0, 0
x5 <- 0x00001000


mem[X,0x00001004] -> 0x8593
mem[X,0x00001006] -> 0x0202
[1] [M]: 0x00001004 (0x02028593) addi a1, t0, 32
x11 <- 0x00001020


mem[X,0x00001008] -> 0x2573
mem[X,0x0000100A] -> 0xF140
[2] [M]: 0x00001008 (0xF1402573) csrrs a0, mhartid, zero
CSR mhartid -> 0x00000000
x10 <- 0x00000000


mem[X,0x0000100C] -> 0xA283
mem[X,0x0000100E] -> 0x0182
[3] [M]: 0x0000100C (0x0182A283) lw t0, 24(t0)
mem[R,0x00001018] -> 0x80000000
x5 <- 0x80000000


mem[X,0x00001010] -> 0x8067
mem[X,0x00001012] -> 0x0002
[4] [M]: 0x00001010 (0x00028067) jalr zero, t0, 0


mem[X,0x80000000] -> 0xC0B7
mem[X,0x80000002] -> 0xFEED
[5] [M]: 0x80000000 (0xFEEDC0B7) lui ra, 1044188
x1 <- 0xFEEDC000


mem[X,0x80000004] -> 0x8093
mem[X,0x80000006] -> 0xEAD0
[6] [M]: 0x80000004 (0xEAD08093) addi ra, ra, 3757
x1 <- 0xFEEDBEAD


mem[X,0x80000008] -> 0xE137
mem[X,0x8000000A] -> 0xFF76
[7] [M]: 0x80000008 (0xFF76E137) lui sp, 1046382
x2 <- 0xFF76E000


mem[X,0x8000000C] -> 0x0113
mem[X,0x8000000E] -> 0xF561
[8] [M]: 0x8000000C (0xF5610113) addi sp, sp, 3926
x2 <- 0xFF76DF56


mem[X,0x80000010] -> 0x71B7
mem[X,0x80000012] -> 0x7FBB
[9] [M]: 0x80000010 (0x7FBB71B7) lui gp, 523191
x3 <- 0x7FBB7000


mem[X,0x80000014] -> 0x8193
mem[X,0x80000016] -> 0xFAB1
[10] [M]: 0x80000014 (0xFAB18193) addi gp, gp, 4011
x3 <- 0x7FBB6FAB


mem[X,0x80000018] -> 0xB237
mem[X,0x8000001A] -> 0xBFDD
[11] [M]: 0x80000018 (0xBFDDB237) lui tp, 785883
x4 <- 0xBFDDB000


mem[X,0x8000001C] -> 0x0213
mem[X,0x8000001E] -> 0x7D52
[12] [M]: 0x8000001C (0x7D520213) addi tp, tp, 2005
x4 <- 0xBFDDB7D5


mem[X,0x80000020] -> 0x0297
mem[X,0x80000022] -> 0x0000
[13] [M]: 0x80000020 (0x00000297) auipc t0, 0
x5 <- 0x80000020


mem[X,0x80000024] -> 0x8293
mem[X,0x80000026] -> 0x0882
[14] [M]: 0x80000024 (0x08828293) addi t0, t0, 136
x5 <- 0x800000A8


mem[X,0x80000028] -> 0x0013
mem[X,0x8000002A] -> 0x0000
[15] [M]: 0x80000028 (0x00000013) addi zero, zero, 0


mem[X,0x8000002C] -> 0x0013
mem[X,0x8000002E] -> 0x0000
[16] [M]: 0x8000002C (0x00000013) addi zero, zero, 0


mem[X,0x80000030] -> 0x0013
mem[X,0x80000032] -> 0x0000
[17] [M]: 0x80000030 (0x00000013) addi zero, zero, 0


mem[X,0x80000034] -> 0x0013
mem[X,0x80000036] -> 0x0000
[18] [M]: 0x80000034 (0x00000013) addi zero, zero, 0


mem[X,0x80000038] -> 0x0013
mem[X,0x8000003A] -> 0x0000
[19] [M]: 0x80000038 (0x00000013) addi zero, zero, 0


mem[X,0x8000003C] -> 0x0013
mem[X,0x8000003E] -> 0x0000
[20] [M]: 0x8000003C (0x00000013) addi zero, zero, 0


mem[X,0x80000040] -> 0x2317
mem[X,0x80000042] -> 0x0000
[21] [M]: 0x80000040 (0x00002317) auipc t1, 2
x6 <- 0x80002040


mem[X,0x80000044] -> 0x0313
mem[X,0x80000046] -> 0xFC03
[22] [M]: 0x80000044 (0xFC030313) addi t1, t1, 4032
x6 <- 0x80002000


mem[X,0x80000048] -> 0x0013
mem[X,0x8000004A] -> 0x0000
[23] [M]: 0x80000048 (0x00000013) addi zero, zero, 0


mem[X,0x8000004C] -> 0x0013
mem[X,0x8000004E] -> 0x0000
[24] [M]: 0x8000004C (0x00000013) addi zero, zero, 0


mem[X,0x80000050] -> 0x0013
mem[X,0x80000052] -> 0x0000
[25] [M]: 0x80000050 (0x00000013) addi zero, zero, 0


mem[X,0x80000054] -> 0x0013
mem[X,0x80000056] -> 0x0000
[26] [M]: 0x80000054 (0x00000013) addi zero, zero, 0


mem[X,0x80000058] -> 0x0013
mem[X,0x8000005A] -> 0x0000
[27] [M]: 0x80000058 (0x00000013) addi zero, zero, 0


mem[X,0x8000005C] -> 0x0013
mem[X,0x8000005E] -> 0x0000
[28] [M]: 0x8000005C (0x00000013) addi zero, zero, 0


mem[X,0x80000060] -> 0xB3B7
mem[X,0x80000062] -> 0xB7FB
[29] [M]: 0x80000060 (0xB7FBB3B7) lui t2, 753595
x7 <- 0xB7FBB000


mem[X,0x80000064] -> 0x8393
mem[X,0x80000066] -> 0x6FA3
[30] [M]: 0x80000064 (0x6FA38393) addi t2, t2, 1786
x7 <- 0xB7FBB6FA


mem[X,0x80000068] -> 0xE437
mem[X,0x8000006A] -> 0x5BFD
[31] [M]: 0x80000068 (0x5BFDE437) lui fp, 376798
x8 <- 0x5BFDE000


mem[X,0x8000006C] -> 0x0413
mem[X,0x8000006E] -> 0xB7D4
[32] [M]: 0x8000006C (0xB7D40413) addi fp, fp, 2941
x8 <- 0x5BFDDB7D


mem[X,0x80000070] -> 0xF4B7
mem[X,0x80000072] -> 0xADFE
[33] [M]: 0x80000070 (0xADFEF4B7) lui s1, 712687
x9 <- 0xADFEF000


mem[X,0x80000074] -> 0x8493
mem[X,0x80000076] -> 0xDBE4
[34] [M]: 0x80000074 (0xDBE48493) addi s1, s1, 3518
x9 <- 0xADFEEDBE


mem[X,0x80000078] -> 0x7537
mem[X,0x8000007A] -> 0x56FF
[35] [M]: 0x80000078 (0x56FF7537) lui a0, 356343
x10 <- 0x56FF7000


mem[X,0x8000007C] -> 0x0513
mem[X,0x8000007E] -> 0x6DF5
[36] [M]: 0x8000007C (0x6DF50513) addi a0, a0, 1759
x10 <- 0x56FF76DF


mem[X,0x80000080] -> 0xC5B7
mem[X,0x80000082] -> 0xAB7F
[37] [M]: 0x80000080 (0xAB7FC5B7) lui a1, 702460
x11 <- 0xAB7FC000


mem[X,0x80000084] -> 0x8593
mem[X,0x80000086] -> 0xB6F5
[38] [M]: 0x80000084 (0xB6F58593) addi a1, a1, 2927
x11 <- 0xAB7FBB6F


mem[X,0x80000088] -> 0xE637
mem[X,0x8000008A] -> 0xD5BF
[39] [M]: 0x80000088 (0xD5BFE637) lui a2, 875518
x12 <- 0xD5BFE000


mem[X,0x8000008C] -> 0x0613
mem[X,0x8000008E] -> 0xDB76
[40] [M]: 0x8000008C (0xDB760613) addi a2, a2, 3511
x12 <- 0xD5BFDDB7


mem[X,0x80000090] -> 0xF6B7
mem[X,0x80000092] -> 0xEADF
[41] [M]: 0x80000090 (0xEADFF6B7) lui a3, 962047
x13 <- 0xEADFF000


mem[X,0x80000094] -> 0x8693
mem[X,0x80000096] -> 0xEDB6
[42] [M]: 0x80000094 (0xEDB68693) addi a3, a3, 3803
x13 <- 0xEADFEEDB


mem[X,0x80000098] -> 0xF737
mem[X,0x8000009A] -> 0xF56F
[43] [M]: 0x80000098 (0xF56FF737) lui a4, 1005311
x14 <- 0xF56FF000


mem[X,0x8000009C] -> 0x0713
mem[X,0x8000009E] -> 0x76D7
[44] [M]: 0x8000009C (0x76D70713) addi a4, a4, 1901
x14 <- 0xF56FF76D


mem[X,0x800000A0] -> 0x07B7
mem[X,0x800000A2] -> 0xFAB8
[45] [M]: 0x800000A0 (0xFAB807B7) lui a5, 1026944
x15 <- 0xFAB80000


mem[X,0x800000A4] -> 0x8793
mem[X,0x800000A6] -> 0xBB67
[46] [M]: 0x800000A4 (0xBB678793) addi a5, a5, 2998
x15 <- 0xFAB7FBB6


mem[X,0x800000A8] -> 0x0013
mem[X,0x800000AA] -> 0x0000
[47] [M]: 0x800000A8 (0x00000013) addi zero, zero, 0


mem[X,0x800000AC] -> 0x0013
mem[X,0x800000AE] -> 0x0000
[48] [M]: 0x800000AC (0x00000013) addi zero, zero, 0


mem[X,0x800000B0] -> 0x0013
mem[X,0x800000B2] -> 0x0000
[49] [M]: 0x800000B0 (0x00000013) addi zero, zero, 0


mem[X,0x800000B4] -> 0x0013
mem[X,0x800000B6] -> 0x0000
[50] [M]: 0x800000B4 (0x00000013) addi zero, zero, 0


mem[X,0x800000B8] -> 0x0013
mem[X,0x800000BA] -> 0x0000
[51] [M]: 0x800000B8 (0x00000013) addi zero, zero, 0


mem[X,0x800000BC] -> 0x0013
mem[X,0x800000BE] -> 0x0000
[52] [M]: 0x800000BC (0x00000013) addi zero, zero, 0


mem[X,0x800000C0] -> 0x3097
mem[X,0x800000C2] -> 0x0000
[53] [M]: 0x800000C0 (0x00003097) auipc ra, 3
x1 <- 0x800030C0


mem[X,0x800000C4] -> 0x8093
mem[X,0x800000C6] -> 0x0540
[54] [M]: 0x800000C4 (0x05408093) addi ra, ra, 84
x1 <- 0x80003114


mem[X,0x800000C8] -> 0x0013
mem[X,0x800000CA] -> 0x0000
[55] [M]: 0x800000C8 (0x00000013) addi zero, zero, 0


mem[X,0x800000CC] -> 0x0013
mem[X,0x800000CE] -> 0x0000
[56] [M]: 0x800000CC (0x00000013) addi zero, zero, 0


mem[X,0x800000D0] -> 0x0013
mem[X,0x800000D2] -> 0x0000
[57] [M]: 0x800000D0 (0x00000013) addi zero, zero, 0


mem[X,0x800000D4] -> 0x0013
mem[X,0x800000D6] -> 0x0000
[58] [M]: 0x800000D4 (0x00000013) addi zero, zero, 0


mem[X,0x800000D8] -> 0x0013
mem[X,0x800000DA] -> 0x0000
[59] [M]: 0x800000D8 (0x00000013) addi zero, zero, 0


mem[X,0x800000DC] -> 0x0013
mem[X,0x800000DE] -> 0x0000
[60] [M]: 0x800000DC (0x00000013) addi zero, zero, 0


mem[X,0x800000E0] -> 0x07B7
mem[X,0x800000E2] -> 0xFFF8
[61] [M]: 0x800000E0 (0xFFF807B7) lui a5, 1048448
x15 <- 0xFFF80000


mem[X,0x800000E4] -> 0x17FD
[62] [M]: 0x800000E4 (0x17FD) c.addi a5, 63
x15 <- 0xFFF7FFFF


mem[X,0x800000E6] -> 0x83FD
[63] [M]: 0x800000E6 (0x83FD) c.srli a5, 31
x15 <- 0x00000001


mem[X,0x800000E8] -> 0xA023
mem[X,0x800000EA] -> 0x00F0
[64] [M]: 0x800000E8 (0x00F0A023) sw a5, 0(ra)
mem[0x80003114] <- 0x00000001


mem[X,0x800000EC] -> 0x4711
[65] [M]: 0x800000EC (0x4711) c.li a4, 4
x14 <- 0x00000004


mem[X,0x800000EE] -> 0x832D
[66] [M]: 0x800000EE (0x832D) c.srli a4, 11
x14 <- 0x00000000


mem[X,0x800000F0] -> 0xA223
mem[X,0x800000F2] -> 0x00E0
[67] [M]: 0x800000F0 (0x00E0A223) sw a4, 4(ra)
mem[0x80003118] <- 0x00000000


mem[X,0x800000F4] -> 0x44A1
[68] [M]: 0x800000F4 (0x44A1) c.li s1, 8
x9 <- 0x00000008


mem[X,0x800000F6] -> 0x80A1
[69] [M]: 0x800000F6 (0x80A1) c.srli s1, 8
x9 <- 0x00000000


mem[X,0x800000F8] -> 0xA423
mem[X,0x800000FA] -> 0x0090
[70] [M]: 0x800000F8 (0x0090A423) sw s1, 8(ra)
mem[0x8000311C] <- 0x00000000


mem[X,0x800000FC] -> 0x06B7
mem[X,0x800000FE] -> 0x8000
[71] [M]: 0x800000FC (0x800006B7) lui a3, 524288
x13 <- 0x80000000


mem[X,0x80000100] -> 0x82ED
[72] [M]: 0x80000100 (0x82ED) c.srli a3, 27
x13 <- 0x00000010


mem[X,0x80000102] -> 0xA623
mem[X,0x80000104] -> 0x00D0
[73] [M]: 0x80000102 (0x00D0A623) sw a3, 12(ra)
mem[0x80003120] <- 0x00000010


mem[X,0x80000106] -> 0x4401
[74] [M]: 0x80000106 (0x4401) c.li fp, 0
x8 <- 0x00000000


mem[X,0x80000108] -> 0x8045
[75] [M]: 0x80000108 (0x8045) c.srli s0, 17
x8 <- 0x00000000


mem[X,0x8000010A] -> 0xA823
mem[X,0x8000010C] -> 0x0080
[76] [M]: 0x8000010A (0x0080A823) sw fp, 16(ra)
mem[0x80003124] <- 0x00000000


mem[X,0x8000010E] -> 0x0537
mem[X,0x80000110] -> 0x8000
[77] [M]: 0x8000010E (0x80000537) lui a0, 524288
x10 <- 0x80000000


mem[X,0x80000112] -> 0x157D
[78] [M]: 0x80000112 (0x157D) c.addi a0, 63
x10 <- 0x7FFFFFFF


mem[X,0x80000114] -> 0x812D
[79] [M]: 0x80000114 (0x812D) c.srli a0, 11
x10 <- 0x000FFFFF


mem[X,0x80000116] -> 0xAA23
mem[X,0x80000118] -> 0x00A0
[80] [M]: 0x80000116 (0x00A0AA23) sw a0, 20(ra)
mem[0x80003128] <- 0x000FFFFF


mem[X,0x8000011A] -> 0x4585
[81] [M]: 0x8000011A (0x4585) c.li a1, 1
x11 <- 0x00000001


mem[X,0x8000011C] -> 0x8189
[82] [M]: 0x8000011C (0x8189) c.srli a1, 2
x11 <- 0x00000000


mem[X,0x8000011E] -> 0xAC23
mem[X,0x80000120] -> 0x00B0
[83] [M]: 0x8000011E (0x00B0AC23) sw a1, 24(ra)
mem[0x8000312C] <- 0x00000000


mem[X,0x80000122] -> 0x4609
[84] [M]: 0x80000122 (0x4609) c.li a2, 2
x12 <- 0x00000002


mem[X,0x80000124] -> 0x8239
[85] [M]: 0x80000124 (0x8239) c.srli a2, 14
x12 <- 0x00000000


mem[X,0x80000126] -> 0xAE23
mem[X,0x80000128] -> 0x00C0
[86] [M]: 0x80000126 (0x00C0AE23) sw a2, 28(ra)
mem[0x80003130] <- 0x00000000


mem[X,0x8000012A] -> 0x4541
[87] [M]: 0x8000012A (0x4541) c.li a0, 16
x10 <- 0x00000010


mem[X,0x8000012C] -> 0x8109
[88] [M]: 0x8000012C (0x8109) c.srli a0, 2
x10 <- 0x00000004


mem[X,0x8000012E] -> 0xA023
mem[X,0x80000130] -> 0x02A0
[89] [M]: 0x8000012E (0x02A0A023) sw a0, 32(ra)
mem[0x80003134] <- 0x00000004


mem[X,0x80000132] -> 0x0513
mem[X,0x80000134] -> 0x0200
[90] [M]: 0x80000132 (0x02000513) addi a0, zero, 32
x10 <- 0x00000020


mem[X,0x80000136] -> 0x815D
[91] [M]: 0x80000136 (0x815D) c.srli a0, 23
x10 <- 0x00000000


mem[X,0x80000138] -> 0xA223
mem[X,0x8000013A] -> 0x02A0
[92] [M]: 0x80000138 (0x02A0A223) sw a0, 36(ra)
mem[0x80003138] <- 0x00000000


mem[X,0x8000013C] -> 0x0513
mem[X,0x8000013E] -> 0x0400
[93] [M]: 0x8000013C (0x04000513) addi a0, zero, 64
x10 <- 0x00000040


mem[X,0x80000140] -> 0x8121
[94] [M]: 0x80000140 (0x8121) c.srli a0, 8
x10 <- 0x00000000


mem[X,0x80000142] -> 0xA423
mem[X,0x80000144] -> 0x02A0
[95] [M]: 0x80000142 (0x02A0A423) sw a0, 40(ra)
mem[0x8000313C] <- 0x00000000


mem[X,0x80000146] -> 0x0513
mem[X,0x80000148] -> 0x0800
[96] [M]: 0x80000146 (0x08000513) addi a0, zero, 128
x10 <- 0x00000080


mem[X,0x8000014A] -> 0x8131
[97] [M]: 0x8000014A (0x8131) c.srli a0, 12
x10 <- 0x00000000


mem[X,0x8000014C] -> 0xA623
mem[X,0x8000014E] -> 0x02A0
[98] [M]: 0x8000014C (0x02A0A623) sw a0, 44(ra)
mem[0x80003140] <- 0x00000000


mem[X,0x80000150] -> 0x0513
mem[X,0x80000152] -> 0x1000
[99] [M]: 0x80000150 (0x10000513) addi a0, zero, 256
x10 <- 0x00000100


clint::tick mtime <- 0x0000000000000001
 clint timer pending at mtime 0x0000000000000001
htif::tick 0x0000000000000000
mem[X,0x80000154] -> 0x8109
[100] [M]: 0x80000154 (0x8109) c.srli a0, 2
x10 <- 0x00000040


mem[X,0x80000156] -> 0xA823
mem[X,0x80000158] -> 0x02A0
[101] [M]: 0x80000156 (0x02A0A823) sw a0, 48(ra)
mem[0x80003144] <- 0x00000040


mem[X,0x8000015A] -> 0x0513
mem[X,0x8000015C] -> 0x2000
[102] [M]: 0x8000015A (0x20000513) addi a0, zero, 512
x10 <- 0x00000200


mem[X,0x8000015E] -> 0x814D
[103] [M]: 0x8000015E (0x814D) c.srli a0, 19
x10 <- 0x00000000


mem[X,0x80000160] -> 0xAA23
mem[X,0x80000162] -> 0x02A0
[104] [M]: 0x80000160 (0x02A0AA23) sw a0, 52(ra)
mem[0x80003148] <- 0x00000000


mem[X,0x80000164] -> 0x0513
mem[X,0x80000166] -> 0x4000
[105] [M]: 0x80000164 (0x40000513) addi a0, zero, 1024
x10 <- 0x00000400


mem[X,0x80000168] -> 0x8125
[106] [M]: 0x80000168 (0x8125) c.srli a0, 9
x10 <- 0x00000002


mem[X,0x8000016A] -> 0xAC23
mem[X,0x8000016C] -> 0x02A0
[107] [M]: 0x8000016A (0x02A0AC23) sw a0, 56(ra)
mem[0x8000314C] <- 0x00000002


mem[X,0x8000016E] -> 0x6505
[108] [M]: 0x8000016E (0x6505) c.lui a0, 1
x10 <- 0x00001000


mem[X,0x80000170] -> 0x0513
mem[X,0x80000172] -> 0x8005
[109] [M]: 0x80000170 (0x80050513) addi a0, a0, 2048
x10 <- 0x00000800


mem[X,0x80000174] -> 0x814D
[110] [M]: 0x80000174 (0x814D) c.srli a0, 19
x10 <- 0x00000000


mem[X,0x80000176] -> 0xAE23
mem[X,0x80000178] -> 0x02A0
[111] [M]: 0x80000176 (0x02A0AE23) sw a0, 60(ra)
mem[0x80003150] <- 0x00000000


mem[X,0x8000017A] -> 0x6505
[112] [M]: 0x8000017A (0x6505) c.lui a0, 1
x10 <- 0x00001000


mem[X,0x8000017C] -> 0x8141
[113] [M]: 0x8000017C (0x8141) c.srli a0, 16
x10 <- 0x00000000


mem[X,0x8000017E] -> 0xA023
mem[X,0x80000180] -> 0x04A0
[114] [M]: 0x8000017E (0x04A0A023) sw a0, 64(ra)
mem[0x80003154] <- 0x00000000


mem[X,0x80000182] -> 0x6509
[115] [M]: 0x80000182 (0x6509) c.lui a0, 2
x10 <- 0x00002000


mem[X,0x80000184] -> 0x814D
[116] [M]: 0x80000184 (0x814D) c.srli a0, 19
x10 <- 0x00000000


mem[X,0x80000186] -> 0xA223
mem[X,0x80000188] -> 0x04A0
[117] [M]: 0x80000186 (0x04A0A223) sw a0, 68(ra)
mem[0x80003158] <- 0x00000000


mem[X,0x8000018A] -> 0x6511
[118] [M]: 0x8000018A (0x6511) c.lui a0, 4
x10 <- 0x00004000


mem[X,0x8000018C] -> 0x8139
[119] [M]: 0x8000018C (0x8139) c.srli a0, 14
x10 <- 0x00000001


mem[X,0x8000018E] -> 0xA423
mem[X,0x80000190] -> 0x04A0
[120] [M]: 0x8000018E (0x04A0A423) sw a0, 72(ra)
mem[0x8000315C] <- 0x00000001


mem[X,0x80000192] -> 0x6521
[121] [M]: 0x80000192 (0x6521) c.lui a0, 8
x10 <- 0x00008000


mem[X,0x80000194] -> 0x816D
[122] [M]: 0x80000194 (0x816D) c.srli a0, 27
x10 <- 0x00000000


mem[X,0x80000196] -> 0xA623
mem[X,0x80000198] -> 0x04A0
[123] [M]: 0x80000196 (0x04A0A623) sw a0, 76(ra)
mem[0x80003160] <- 0x00000000


mem[X,0x8000019A] -> 0x6541
[124] [M]: 0x8000019A (0x6541) c.lui a0, 16
x10 <- 0x00010000


mem[X,0x8000019C] -> 0x8119
[125] [M]: 0x8000019C (0x8119) c.srli a0, 6
x10 <- 0x00000400


mem[X,0x8000019E] -> 0xA823
mem[X,0x800001A0] -> 0x04A0
[126] [M]: 0x8000019E (0x04A0A823) sw a0, 80(ra)
mem[0x80003164] <- 0x00000400


mem[X,0x800001A2] -> 0x0537
mem[X,0x800001A4] -> 0x0002
[127] [M]: 0x800001A2 (0x00020537) lui a0, 32
x10 <- 0x00020000


mem[X,0x800001A6] -> 0x8109
[128] [M]: 0x800001A6 (0x8109) c.srli a0, 2
x10 <- 0x00008000


mem[X,0x800001A8] -> 0xAA23
mem[X,0x800001AA] -> 0x04A0
[129] [M]: 0x800001A8 (0x04A0AA23) sw a0, 84(ra)
mem[0x80003168] <- 0x00008000


mem[X,0x800001AC] -> 0x0537
mem[X,0x800001AE] -> 0x0004
[130] [M]: 0x800001AC (0x00040537) lui a0, 64
x10 <- 0x00040000


mem[X,0x800001B0] -> 0x8131
[131] [M]: 0x800001B0 (0x8131) c.srli a0, 12
x10 <- 0x00000040


mem[X,0x800001B2] -> 0xAC23
mem[X,0x800001B4] -> 0x04A0
[132] [M]: 0x800001B2 (0x04A0AC23) sw a0, 88(ra)
mem[0x8000316C] <- 0x00000040


mem[X,0x800001B6] -> 0x0537
mem[X,0x800001B8] -> 0x0008
[133] [M]: 0x800001B6 (0x00080537) lui a0, 128
x10 <- 0x00080000


mem[X,0x800001BA] -> 0x8155
[134] [M]: 0x800001BA (0x8155) c.srli a0, 21
x10 <- 0x00000000


mem[X,0x800001BC] -> 0xAE23
mem[X,0x800001BE] -> 0x04A0
[135] [M]: 0x800001BC (0x04A0AE23) sw a0, 92(ra)
mem[0x80003170] <- 0x00000000


mem[X,0x800001C0] -> 0x0537
mem[X,0x800001C2] -> 0x0010
[136] [M]: 0x800001C0 (0x00100537) lui a0, 256
x10 <- 0x00100000


mem[X,0x800001C4] -> 0x812D
[137] [M]: 0x800001C4 (0x812D) c.srli a0, 11
x10 <- 0x00000200


mem[X,0x800001C6] -> 0xA023
mem[X,0x800001C8] -> 0x06A0
[138] [M]: 0x800001C6 (0x06A0A023) sw a0, 96(ra)
mem[0x80003174] <- 0x00000200


mem[X,0x800001CA] -> 0x0537
mem[X,0x800001CC] -> 0x0020
[139] [M]: 0x800001CA (0x00200537) lui a0, 512
x10 <- 0x00200000


mem[X,0x800001CE] -> 0x8129
[140] [M]: 0x800001CE (0x8129) c.srli a0, 10
x10 <- 0x00000800


mem[X,0x800001D0] -> 0xA223
mem[X,0x800001D2] -> 0x06A0
[141] [M]: 0x800001D0 (0x06A0A223) sw a0, 100(ra)
mem[0x80003178] <- 0x00000800


mem[X,0x800001D4] -> 0x0537
mem[X,0x800001D6] -> 0x0040
[142] [M]: 0x800001D4 (0x00400537) lui a0, 1024
x10 <- 0x00400000


mem[X,0x800001D8] -> 0x813D
[143] [M]: 0x800001D8 (0x813D) c.srli a0, 15
x10 <- 0x00000080


mem[X,0x800001DA] -> 0xA423
mem[X,0x800001DC] -> 0x06A0
[144] [M]: 0x800001DA (0x06A0A423) sw a0, 104(ra)
mem[0x8000317C] <- 0x00000080


mem[X,0x800001DE] -> 0x0537
mem[X,0x800001E0] -> 0x0080
[145] [M]: 0x800001DE (0x00800537) lui a0, 2048
x10 <- 0x00800000


mem[X,0x800001E2] -> 0x812D
[146] [M]: 0x800001E2 (0x812D) c.srli a0, 11
x10 <- 0x00001000


mem[X,0x800001E4] -> 0xA623
mem[X,0x800001E6] -> 0x06A0
[147] [M]: 0x800001E4 (0x06A0A623) sw a0, 108(ra)
mem[0x80003180] <- 0x00001000


mem[X,0x800001E8] -> 0x0537
mem[X,0x800001EA] -> 0x0100
[148] [M]: 0x800001E8 (0x01000537) lui a0, 4096
x10 <- 0x01000000


mem[X,0x800001EC] -> 0x8121
[149] [M]: 0x800001EC (0x8121) c.srli a0, 8
x10 <- 0x00010000


mem[X,0x800001EE] -> 0xA823
mem[X,0x800001F0] -> 0x06A0
[150] [M]: 0x800001EE (0x06A0A823) sw a0, 112(ra)
mem[0x80003184] <- 0x00010000


mem[X,0x800001F2] -> 0x0537
mem[X,0x800001F4] -> 0x0200
[151] [M]: 0x800001F2 (0x02000537) lui a0, 8192
x10 <- 0x02000000


mem[X,0x800001F6] -> 0x8115
[152] [M]: 0x800001F6 (0x8115) c.srli a0, 5
x10 <- 0x00100000


mem[X,0x800001F8] -> 0xAA23
mem[X,0x800001FA] -> 0x06A0
[153] [M]: 0x800001F8 (0x06A0AA23) sw a0, 116(ra)
mem[0x80003188] <- 0x00100000


mem[X,0x800001FC] -> 0x0537
mem[X,0x800001FE] -> 0x0400
[154] [M]: 0x800001FC (0x04000537) lui a0, 16384
x10 <- 0x04000000


mem[X,0x80000200] -> 0x8109
[155] [M]: 0x80000200 (0x8109) c.srli a0, 2
x10 <- 0x01000000


mem[X,0x80000202] -> 0xAC23
mem[X,0x80000204] -> 0x06A0
[156] [M]: 0x80000202 (0x06A0AC23) sw a0, 120(ra)
mem[0x8000318C] <- 0x01000000


mem[X,0x80000206] -> 0x0537
mem[X,0x80000208] -> 0x0800
[157] [M]: 0x80000206 (0x08000537) lui a0, 32768
x10 <- 0x08000000


mem[X,0x8000020A] -> 0x8175
[158] [M]: 0x8000020A (0x8175) c.srli a0, 29
x10 <- 0x00000000


mem[X,0x8000020C] -> 0xAE23
mem[X,0x8000020E] -> 0x06A0
[159] [M]: 0x8000020C (0x06A0AE23) sw a0, 124(ra)
mem[0x80003190] <- 0x00000000


mem[X,0x80000210] -> 0x0537
mem[X,0x80000212] -> 0x1000
[160] [M]: 0x80000210 (0x10000537) lui a0, 65536
x10 <- 0x10000000


mem[X,0x80000214] -> 0x814D
[161] [M]: 0x80000214 (0x814D) c.srli a0, 19
x10 <- 0x00000200


mem[X,0x80000216] -> 0xA023
mem[X,0x80000218] -> 0x08A0
[162] [M]: 0x80000216 (0x08A0A023) sw a0, 128(ra)
mem[0x80003194] <- 0x00000200


mem[X,0x8000021A] -> 0x0537
mem[X,0x8000021C] -> 0x2000
[163] [M]: 0x8000021A (0x20000537) lui a0, 131072
x10 <- 0x20000000


mem[X,0x8000021E] -> 0x814D
[164] [M]: 0x8000021E (0x814D) c.srli a0, 19
x10 <- 0x00000400


mem[X,0x80000220] -> 0xA223
mem[X,0x80000222] -> 0x08A0
[165] [M]: 0x80000220 (0x08A0A223) sw a0, 132(ra)
mem[0x80003198] <- 0x00000400


mem[X,0x80000224] -> 0x0537
mem[X,0x80000226] -> 0x4000
[166] [M]: 0x80000224 (0x40000537) lui a0, 262144
x10 <- 0x40000000


mem[X,0x80000228] -> 0x8129
[167] [M]: 0x80000228 (0x8129) c.srli a0, 10
x10 <- 0x00100000


mem[X,0x8000022A] -> 0xA423
mem[X,0x8000022C] -> 0x08A0
[168] [M]: 0x8000022A (0x08A0A423) sw a0, 136(ra)
mem[0x8000319C] <- 0x00100000


mem[X,0x8000022E] -> 0x5579
[169] [M]: 0x8000022E (0x5579) c.li a0, 62
x10 <- 0xFFFFFFFE


mem[X,0x80000230] -> 0x8129
[170] [M]: 0x80000230 (0x8129) c.srli a0, 10
x10 <- 0x003FFFFF


mem[X,0x80000232] -> 0xA623
mem[X,0x80000234] -> 0x08A0
[171] [M]: 0x80000232 (0x08A0A623) sw a0, 140(ra)
mem[0x800031A0] <- 0x003FFFFF


mem[X,0x80000236] -> 0x5575
[172] [M]: 0x80000236 (0x5575) c.li a0, 61
x10 <- 0xFFFFFFFD


mem[X,0x80000238] -> 0x817D
[173] [M]: 0x80000238 (0x817D) c.srli a0, 31
x10 <- 0x00000001


mem[X,0x8000023A] -> 0xA823
mem[X,0x8000023C] -> 0x08A0
[174] [M]: 0x8000023A (0x08A0A823) sw a0, 144(ra)
mem[0x800031A4] <- 0x00000001


mem[X,0x8000023E] -> 0x556D
[175] [M]: 0x8000023E (0x556D) c.li a0, 59
x10 <- 0xFFFFFFFB


mem[X,0x80000240] -> 0x8121
[176] [M]: 0x80000240 (0x8121) c.srli a0, 8
x10 <- 0x00FFFFFF


mem[X,0x80000242] -> 0xAA23
mem[X,0x80000244] -> 0x08A0
[177] [M]: 0x80000242 (0x08A0AA23) sw a0, 148(ra)
mem[0x800031A8] <- 0x00FFFFFF


mem[X,0x80000246] -> 0x555D
[178] [M]: 0x80000246 (0x555D) c.li a0, 55
x10 <- 0xFFFFFFF7


mem[X,0x80000248] -> 0x8149
[179] [M]: 0x80000248 (0x8149) c.srli a0, 18
x10 <- 0x00003FFF


mem[X,0x8000024A] -> 0xAC23
mem[X,0x8000024C] -> 0x08A0
[180] [M]: 0x8000024A (0x08A0AC23) sw a0, 152(ra)
mem[0x800031AC] <- 0x00003FFF


mem[X,0x8000024E] -> 0x553D
[181] [M]: 0x8000024E (0x553D) c.li a0, 47
x10 <- 0xFFFFFFEF


mem[X,0x80000250] -> 0x8131
[182] [M]: 0x80000250 (0x8131) c.srli a0, 12
x10 <- 0x000FFFFF


mem[X,0x80000252] -> 0xAE23
mem[X,0x80000254] -> 0x08A0
[183] [M]: 0x80000252 (0x08A0AE23) sw a0, 156(ra)
mem[0x800031B0] <- 0x000FFFFF


mem[X,0x80000256] -> 0x0513
mem[X,0x80000258] -> 0xFDF0
[184] [M]: 0x80000256 (0xFDF00513) addi a0, zero, 4063
x10 <- 0xFFFFFFDF


mem[X,0x8000025A] -> 0x812D
[185] [M]: 0x8000025A (0x812D) c.srli a0, 11
x10 <- 0x001FFFFF


mem[X,0x8000025C] -> 0xA023
mem[X,0x8000025E] -> 0x0AA0
[186] [M]: 0x8000025C (0x0AA0A023) sw a0, 160(ra)
mem[0x800031B4] <- 0x001FFFFF


mem[X,0x80000260] -> 0x0513
mem[X,0x80000262] -> 0xFBF0
[187] [M]: 0x80000260 (0xFBF00513) addi a0, zero, 4031
x10 <- 0xFFFFFFBF


mem[X,0x80000264] -> 0x811D
[188] [M]: 0x80000264 (0x811D) c.srli a0, 7
x10 <- 0x01FFFFFF


mem[X,0x80000266] -> 0xA223
mem[X,0x80000268] -> 0x0AA0
[189] [M]: 0x80000266 (0x0AA0A223) sw a0, 164(ra)
mem[0x800031B8] <- 0x01FFFFFF


mem[X,0x8000026A] -> 0x0513
mem[X,0x8000026C] -> 0xF7F0
[190] [M]: 0x8000026A (0xF7F00513) addi a0, zero, 3967
x10 <- 0xFFFFFF7F


mem[X,0x8000026E] -> 0x8155
[191] [M]: 0x8000026E (0x8155) c.srli a0, 21
x10 <- 0x000007FF


mem[X,0x80000270] -> 0xA423
mem[X,0x80000272] -> 0x0AA0
[192] [M]: 0x80000270 (0x0AA0A423) sw a0, 168(ra)
mem[0x800031BC] <- 0x000007FF


mem[X,0x80000274] -> 0x0513
mem[X,0x80000276] -> 0xEFF0
[193] [M]: 0x80000274 (0xEFF00513) addi a0, zero, 3839
x10 <- 0xFFFFFEFF


mem[X,0x80000278] -> 0x8175
[194] [M]: 0x80000278 (0x8175) c.srli a0, 29
x10 <- 0x00000007


mem[X,0x8000027A] -> 0xA623
mem[X,0x8000027C] -> 0x0AA0
[195] [M]: 0x8000027A (0x0AA0A623) sw a0, 172(ra)
mem[0x800031C0] <- 0x00000007


mem[X,0x8000027E] -> 0x0513
mem[X,0x80000280] -> 0xDFF0
[196] [M]: 0x8000027E (0xDFF00513) addi a0, zero, 3583
x10 <- 0xFFFFFDFF


mem[X,0x80000282] -> 0x8141
[197] [M]: 0x80000282 (0x8141) c.srli a0, 16
x10 <- 0x0000FFFF


mem[X,0x80000284] -> 0xA823
mem[X,0x80000286] -> 0x0AA0
[198] [M]: 0x80000284 (0x0AA0A823) sw a0, 176(ra)
mem[0x800031C4] <- 0x0000FFFF


mem[X,0x80000288] -> 0x0513
mem[X,0x8000028A] -> 0xBFF0
[199] [M]: 0x80000288 (0xBFF00513) addi a0, zero, 3071
x10 <- 0xFFFFFBFF


clint::tick mtime <- 0x0000000000000002
 clint timer pending at mtime 0x0000000000000002
htif::tick 0x0000000000000000
mem[X,0x8000028C] -> 0x810D
[200] [M]: 0x8000028C (0x810D) c.srli a0, 3
x10 <- 0x1FFFFF7F


mem[X,0x8000028E] -> 0xAA23
mem[X,0x80000290] -> 0x0AA0
[201] [M]: 0x8000028E (0x0AA0AA23) sw a0, 180(ra)
mem[0x800031C8] <- 0x1FFFFF7F


mem[X,0x80000292] -> 0x757D
[202] [M]: 0x80000292 (0x757D) c.lui a0, 63
x10 <- 0xFFFFF000


mem[X,0x80000294] -> 0x0513
mem[X,0x80000296] -> 0x7FF5
[203] [M]: 0x80000294 (0x7FF50513) addi a0, a0, 2047
x10 <- 0xFFFFF7FF


mem[X,0x80000298] -> 0x814D
[204] [M]: 0x80000298 (0x814D) c.srli a0, 19
x10 <- 0x00001FFF


mem[X,0x8000029A] -> 0xAC23
mem[X,0x8000029C] -> 0x0AA0
[205] [M]: 0x8000029A (0x0AA0AC23) sw a0, 184(ra)
mem[0x800031CC] <- 0x00001FFF


mem[X,0x8000029E] -> 0x757D
[206] [M]: 0x8000029E (0x757D) c.lui a0, 63
x10 <- 0xFFFFF000


mem[X,0x800002A0] -> 0x157D
[207] [M]: 0x800002A0 (0x157D) c.addi a0, 63
x10 <- 0xFFFFEFFF


mem[X,0x800002A2] -> 0x8105
[208] [M]: 0x800002A2 (0x8105) c.srli a0, 1
x10 <- 0x7FFFF7FF


mem[X,0x800002A4] -> 0xAE23
mem[X,0x800002A6] -> 0x0AA0
[209] [M]: 0x800002A4 (0x0AA0AE23) sw a0, 188(ra)
mem[0x800031D0] <- 0x7FFFF7FF


mem[X,0x800002A8] -> 0x7579
[210] [M]: 0x800002A8 (0x7579) c.lui a0, 62
x10 <- 0xFFFFE000


mem[X,0x800002AA] -> 0x157D
[211] [M]: 0x800002AA (0x157D) c.addi a0, 63
x10 <- 0xFFFFDFFF


mem[X,0x800002AC] -> 0x811D
[212] [M]: 0x800002AC (0x811D) c.srli a0, 7
x10 <- 0x01FFFFBF


mem[X,0x800002AE] -> 0xA023
mem[X,0x800002B0] -> 0x0CA0
[213] [M]: 0x800002AE (0x0CA0A023) sw a0, 192(ra)
mem[0x800031D4] <- 0x01FFFFBF


mem[X,0x800002B2] -> 0x7571
[214] [M]: 0x800002B2 (0x7571) c.lui a0, 60
x10 <- 0xFFFFC000


mem[X,0x800002B4] -> 0x157D
[215] [M]: 0x800002B4 (0x157D) c.addi a0, 63
x10 <- 0xFFFFBFFF


mem[X,0x800002B6] -> 0x8119
[216] [M]: 0x800002B6 (0x8119) c.srli a0, 6
x10 <- 0x03FFFEFF


mem[X,0x800002B8] -> 0xA223
mem[X,0x800002BA] -> 0x0CA0
[217] [M]: 0x800002B8 (0x0CA0A223) sw a0, 196(ra)
mem[0x800031D8] <- 0x03FFFEFF


mem[X,0x800002BC] -> 0x7561
[218] [M]: 0x800002BC (0x7561) c.lui a0, 56
x10 <- 0xFFFF8000


mem[X,0x800002BE] -> 0x157D
[219] [M]: 0x800002BE (0x157D) c.addi a0, 63
x10 <- 0xFFFF7FFF


mem[X,0x800002C0] -> 0x810D
[220] [M]: 0x800002C0 (0x810D) c.srli a0, 3
x10 <- 0x1FFFEFFF


mem[X,0x800002C2] -> 0xA423
mem[X,0x800002C4] -> 0x0CA0
[221] [M]: 0x800002C2 (0x0CA0A423) sw a0, 200(ra)
mem[0x800031DC] <- 0x1FFFEFFF


mem[X,0x800002C6] -> 0x7541
[222] [M]: 0x800002C6 (0x7541) c.lui a0, 48
x10 <- 0xFFFF0000


mem[X,0x800002C8] -> 0x157D
[223] [M]: 0x800002C8 (0x157D) c.addi a0, 63
x10 <- 0xFFFEFFFF


mem[X,0x800002CA] -> 0x811D
[224] [M]: 0x800002CA (0x811D) c.srli a0, 7
x10 <- 0x01FFFDFF


mem[X,0x800002CC] -> 0xA623
mem[X,0x800002CE] -> 0x0CA0
[225] [M]: 0x800002CC (0x0CA0A623) sw a0, 204(ra)
mem[0x800031E0] <- 0x01FFFDFF


mem[X,0x800002D0] -> 0x7501
[226] [M]: 0x800002D0 (0x7501) c.lui a0, 32
x10 <- 0xFFFE0000


mem[X,0x800002D2] -> 0x157D
[227] [M]: 0x800002D2 (0x157D) c.addi a0, 63
x10 <- 0xFFFDFFFF


mem[X,0x800002D4] -> 0x811D
[228] [M]: 0x800002D4 (0x811D) c.srli a0, 7
x10 <- 0x01FFFBFF


mem[X,0x800002D6] -> 0xA823
mem[X,0x800002D8] -> 0x0CA0
[229] [M]: 0x800002D6 (0x0CA0A823) sw a0, 208(ra)
mem[0x800031E4] <- 0x01FFFBFF


mem[X,0x800002DA] -> 0x0537
mem[X,0x800002DC] -> 0xFFFC
[230] [M]: 0x800002DA (0xFFFC0537) lui a0, 1048512
x10 <- 0xFFFC0000


mem[X,0x800002DE] -> 0x157D
[231] [M]: 0x800002DE (0x157D) c.addi a0, 63
x10 <- 0xFFFBFFFF


mem[X,0x800002E0] -> 0x8175
[232] [M]: 0x800002E0 (0x8175) c.srli a0, 29
x10 <- 0x00000007


mem[X,0x800002E2] -> 0xAA23
mem[X,0x800002E4] -> 0x0CA0
[233] [M]: 0x800002E2 (0x0CA0AA23) sw a0, 212(ra)
mem[0x800031E8] <- 0x00000007


mem[X,0x800002E6] -> 0x0537
mem[X,0x800002E8] -> 0xFFF0
[234] [M]: 0x800002E6 (0xFFF00537) lui a0, 1048320
x10 <- 0xFFF00000


mem[X,0x800002EA] -> 0x157D
[235] [M]: 0x800002EA (0x157D) c.addi a0, 63
x10 <- 0xFFEFFFFF


mem[X,0x800002EC] -> 0x8145
[236] [M]: 0x800002EC (0x8145) c.srli a0, 17
x10 <- 0x00007FF7


mem[X,0x800002EE] -> 0xAC23
mem[X,0x800002F0] -> 0x0CA0
[237] [M]: 0x800002EE (0x0CA0AC23) sw a0, 216(ra)
mem[0x800031EC] <- 0x00007FF7


mem[X,0x800002F2] -> 0x0537
mem[X,0x800002F4] -> 0xFFE0
[238] [M]: 0x800002F2 (0xFFE00537) lui a0, 1048064
x10 <- 0xFFE00000


mem[X,0x800002F6] -> 0x157D
[239] [M]: 0x800002F6 (0x157D) c.addi a0, 63
x10 <- 0xFFDFFFFF


mem[X,0x800002F8] -> 0x8111
[240] [M]: 0x800002F8 (0x8111) c.srli a0, 4
x10 <- 0x0FFDFFFF


mem[X,0x800002FA] -> 0xAE23
mem[X,0x800002FC] -> 0x0CA0
[241] [M]: 0x800002FA (0x0CA0AE23) sw a0, 220(ra)
mem[0x800031F0] <- 0x0FFDFFFF


mem[X,0x800002FE] -> 0x0537
mem[X,0x80000300] -> 0xFFC0
[242] [M]: 0x800002FE (0xFFC00537) lui a0, 1047552
x10 <- 0xFFC00000


mem[X,0x80000302] -> 0x157D
[243] [M]: 0x80000302 (0x157D) c.addi a0, 63
x10 <- 0xFFBFFFFF


mem[X,0x80000304] -> 0x816D
[244] [M]: 0x80000304 (0x816D) c.srli a0, 27
x10 <- 0x0000001F


mem[X,0x80000306] -> 0xA023
mem[X,0x80000308] -> 0x0EA0
[245] [M]: 0x80000306 (0x0EA0A023) sw a0, 224(ra)
mem[0x800031F4] <- 0x0000001F


mem[X,0x8000030A] -> 0x0537
mem[X,0x8000030C] -> 0xFE00
[246] [M]: 0x8000030A (0xFE000537) lui a0, 1040384
x10 <- 0xFE000000


mem[X,0x8000030E] -> 0x157D
[247] [M]: 0x8000030E (0x157D) c.addi a0, 63
x10 <- 0xFDFFFFFF


mem[X,0x80000310] -> 0x814D
[248] [M]: 0x80000310 (0x814D) c.srli a0, 19
x10 <- 0x00001FBF


mem[X,0x80000312] -> 0xA223
mem[X,0x80000314] -> 0x0EA0
[249] [M]: 0x80000312 (0x0EA0A223) sw a0, 228(ra)
mem[0x800031F8] <- 0x00001FBF


mem[X,0x80000316] -> 0x0537
mem[X,0x80000318] -> 0xFC00
[250] [M]: 0x80000316 (0xFC000537) lui a0, 1032192
x10 <- 0xFC000000


mem[X,0x8000031A] -> 0x157D
[251] [M]: 0x8000031A (0x157D) c.addi a0, 63
x10 <- 0xFBFFFFFF


mem[X,0x8000031C] -> 0x815D
[252] [M]: 0x8000031C (0x815D) c.srli a0, 23
x10 <- 0x000001F7


mem[X,0x8000031E] -> 0xA423
mem[X,0x80000320] -> 0x0EA0
[253] [M]: 0x8000031E (0x0EA0A423) sw a0, 232(ra)
mem[0x800031FC] <- 0x000001F7


mem[X,0x80000322] -> 0x0537
mem[X,0x80000324] -> 0xF800
[254] [M]: 0x80000322 (0xF8000537) lui a0, 1015808
x10 <- 0xF8000000


mem[X,0x80000326] -> 0x157D
[255] [M]: 0x80000326 (0x157D) c.addi a0, 63
x10 <- 0xF7FFFFFF


mem[X,0x80000328] -> 0x8135
[256] [M]: 0x80000328 (0x8135) c.srli a0, 13
x10 <- 0x0007BFFF


mem[X,0x8000032A] -> 0xA623
mem[X,0x8000032C] -> 0x0EA0
[257] [M]: 0x8000032A (0x0EA0A623) sw a0, 236(ra)
mem[0x80003200] <- 0x0007BFFF


mem[X,0x8000032E] -> 0x0537
mem[X,0x80000330] -> 0xF000
[258] [M]: 0x8000032E (0xF0000537) lui a0, 983040
x10 <- 0xF0000000


mem[X,0x80000332] -> 0x157D
[259] [M]: 0x80000332 (0x157D) c.addi a0, 63
x10 <- 0xEFFFFFFF


mem[X,0x80000334] -> 0x8121
[260] [M]: 0x80000334 (0x8121) c.srli a0, 8
x10 <- 0x00EFFFFF


mem[X,0x80000336] -> 0xA823
mem[X,0x80000338] -> 0x0EA0
[261] [M]: 0x80000336 (0x0EA0A823) sw a0, 240(ra)
mem[0x80003204] <- 0x00EFFFFF


mem[X,0x8000033A] -> 0x0537
mem[X,0x8000033C] -> 0xE000
[262] [M]: 0x8000033A (0xE0000537) lui a0, 917504
x10 <- 0xE0000000


mem[X,0x8000033E] -> 0x157D
[263] [M]: 0x8000033E (0x157D) c.addi a0, 63
x10 <- 0xDFFFFFFF


mem[X,0x80000340] -> 0x8121
[264] [M]: 0x80000340 (0x8121) c.srli a0, 8
x10 <- 0x00DFFFFF


mem[X,0x80000342] -> 0xAA23
mem[X,0x80000344] -> 0x0EA0
[265] [M]: 0x80000342 (0x0EA0AA23) sw a0, 244(ra)
mem[0x80003208] <- 0x00DFFFFF


mem[X,0x80000346] -> 0x0537
mem[X,0x80000348] -> 0xC000
[266] [M]: 0x80000346 (0xC0000537) lui a0, 786432
x10 <- 0xC0000000


mem[X,0x8000034A] -> 0x157D
[267] [M]: 0x8000034A (0x157D) c.addi a0, 63
x10 <- 0xBFFFFFFF


mem[X,0x8000034C] -> 0x8139
[268] [M]: 0x8000034C (0x8139) c.srli a0, 14
x10 <- 0x0002FFFF


mem[X,0x8000034E] -> 0xAC23
mem[X,0x80000350] -> 0x0EA0
[269] [M]: 0x8000034E (0x0EA0AC23) sw a0, 248(ra)
mem[0x8000320C] <- 0x0002FFFF


mem[X,0x80000352] -> 0x5537
mem[X,0x80000354] -> 0x5555
[270] [M]: 0x80000352 (0x55555537) lui a0, 349525
x10 <- 0x55555000


mem[X,0x80000356] -> 0x0513
mem[X,0x80000358] -> 0x5555
[271] [M]: 0x80000356 (0x55550513) addi a0, a0, 1365
x10 <- 0x55555555


mem[X,0x8000035A] -> 0x8125
[272] [M]: 0x8000035A (0x8125) c.srli a0, 9
x10 <- 0x002AAAAA


mem[X,0x8000035C] -> 0xAE23
mem[X,0x8000035E] -> 0x0EA0
[273] [M]: 0x8000035C (0x0EA0AE23) sw a0, 252(ra)
mem[0x80003210] <- 0x002AAAAA


mem[X,0x80000360] -> 0xB537
mem[X,0x80000362] -> 0xAAAA
[274] [M]: 0x80000360 (0xAAAAB537) lui a0, 699051
x10 <- 0xAAAAB000


mem[X,0x80000364] -> 0x0513
mem[X,0x80000366] -> 0xAAA5
[275] [M]: 0x80000364 (0xAAA50513) addi a0, a0, 2730
x10 <- 0xAAAAAAAA


mem[X,0x80000368] -> 0x815D
[276] [M]: 0x80000368 (0x815D) c.srli a0, 23
x10 <- 0x00000155


mem[X,0x8000036A] -> 0xA023
mem[X,0x8000036C] -> 0x10A0
[277] [M]: 0x8000036A (0x10A0A023) sw a0, 256(ra)
mem[0x80003214] <- 0x00000155


mem[X,0x8000036E] -> 0x450D
[278] [M]: 0x8000036E (0x450D) c.li a0, 3
x10 <- 0x00000003


mem[X,0x80000370] -> 0x810D
[279] [M]: 0x80000370 (0x810D) c.srli a0, 3
x10 <- 0x00000000


mem[X,0x80000372] -> 0xA223
mem[X,0x80000374] -> 0x10A0
[280] [M]: 0x80000372 (0x10A0A223) sw a0, 260(ra)
mem[0x80003218] <- 0x00000000


mem[X,0x80000376] -> 0x4515
[281] [M]: 0x80000376 (0x4515) c.li a0, 5
x10 <- 0x00000005


mem[X,0x80000378] -> 0x812D
[282] [M]: 0x80000378 (0x812D) c.srli a0, 11
x10 <- 0x00000000


mem[X,0x8000037A] -> 0xA423
mem[X,0x8000037C] -> 0x10A0
[283] [M]: 0x8000037A (0x10A0A423) sw a0, 264(ra)
mem[0x8000321C] <- 0x00000000


mem[X,0x8000037E] -> 0x3537
mem[X,0x80000380] -> 0x3333
[284] [M]: 0x8000037E (0x33333537) lui a0, 209715
x10 <- 0x33333000


mem[X,0x80000382] -> 0x0513
mem[X,0x80000384] -> 0x3335
[285] [M]: 0x80000382 (0x33350513) addi a0, a0, 819
x10 <- 0x33333333


mem[X,0x80000386] -> 0x8109
[286] [M]: 0x80000386 (0x8109) c.srli a0, 2
x10 <- 0x0CCCCCCC


mem[X,0x80000388] -> 0xA623
mem[X,0x8000038A] -> 0x10A0
[287] [M]: 0x80000388 (0x10A0A623) sw a0, 268(ra)
mem[0x80003220] <- 0x0CCCCCCC


mem[X,0x8000038C] -> 0x6537
mem[X,0x8000038E] -> 0x6666
[288] [M]: 0x8000038C (0x66666537) lui a0, 419430
x10 <- 0x66666000


mem[X,0x80000390] -> 0x0513
mem[X,0x80000392] -> 0x6665
[289] [M]: 0x80000390 (0x66650513) addi a0, a0, 1638
x10 <- 0x66666666


mem[X,0x80000394] -> 0x8155
[290] [M]: 0x80000394 (0x8155) c.srli a0, 21
x10 <- 0x00000333


mem[X,0x80000396] -> 0xA823
mem[X,0x80000398] -> 0x10A0
[291] [M]: 0x80000396 (0x10A0A823) sw a0, 272(ra)
mem[0x80003224] <- 0x00000333


mem[X,0x8000039A] -> 0x7555
[292] [M]: 0x8000039A (0x7555) c.lui a0, 53
x10 <- 0xFFFF5000


mem[X,0x8000039C] -> 0x0513
mem[X,0x8000039E] -> 0xAFC5
[293] [M]: 0x8000039C (0xAFC50513) addi a0, a0, 2812
x10 <- 0xFFFF4AFC


mem[X,0x800003A0] -> 0x815D
[294] [M]: 0x800003A0 (0x815D) c.srli a0, 23
x10 <- 0x000001FF


mem[X,0x800003A2] -> 0xAA23
mem[X,0x800003A4] -> 0x10A0
[295] [M]: 0x800003A2 (0x10A0AA23) sw a0, 276(ra)
mem[0x80003228] <- 0x000001FF


mem[X,0x800003A6] -> 0x0513
mem[X,0x800003A8] -> 0xFDF0
[296] [M]: 0x800003A6 (0xFDF00513) addi a0, zero, 4063
x10 <- 0xFFFFFFDF


mem[X,0x800003AA] -> 0x8179
[297] [M]: 0x800003AA (0x8179) c.srli a0, 30
x10 <- 0x00000003


mem[X,0x800003AC] -> 0xAC23
mem[X,0x800003AE] -> 0x10A0
[298] [M]: 0x800003AC (0x10A0AC23) sw a0, 280(ra)
mem[0x8000322C] <- 0x00000003


mem[X,0x800003B0] -> 0x652D
[299] [M]: 0x800003B0 (0x652D) c.lui a0, 11
x10 <- 0x0000B000


clint::tick mtime <- 0x0000000000000003
 clint timer pending at mtime 0x0000000000000003
htif::tick 0x0000000000000000
mem[X,0x800003B2] -> 0x0513
mem[X,0x800003B4] -> 0x5045
[300] [M]: 0x800003B2 (0x50450513) addi a0, a0, 1284
x10 <- 0x0000B504


mem[X,0x800003B6] -> 0x811D
[301] [M]: 0x800003B6 (0x811D) c.srli a0, 7
x10 <- 0x0000016A


mem[X,0x800003B8] -> 0xAE23
mem[X,0x800003BA] -> 0x10A0
[302] [M]: 0x800003B8 (0x10A0AE23) sw a0, 284(ra)
mem[0x80003230] <- 0x0000016A


mem[X,0x800003BC] -> 0x5537
mem[X,0x800003BE] -> 0x5555
[303] [M]: 0x800003BC (0x55555537) lui a0, 349525
x10 <- 0x55555000


mem[X,0x800003C0] -> 0x0513
mem[X,0x800003C2] -> 0x5545
[304] [M]: 0x800003C0 (0x55450513) addi a0, a0, 1364
x10 <- 0x55555554


mem[X,0x800003C4] -> 0x8149
[305] [M]: 0x800003C4 (0x8149) c.srli a0, 18
x10 <- 0x00001555


mem[X,0x800003C6] -> 0xA023
mem[X,0x800003C8] -> 0x12A0
[306] [M]: 0x800003C6 (0x12A0A023) sw a0, 288(ra)
mem[0x80003234] <- 0x00001555


mem[X,0x800003CA] -> 0x652D
[307] [M]: 0x800003CA (0x652D) c.lui a0, 11
x10 <- 0x0000B000


mem[X,0x800003CC] -> 0x0513
mem[X,0x800003CE] -> 0x5055
[308] [M]: 0x800003CC (0x50550513) addi a0, a0, 1285
x10 <- 0x0000B505


mem[X,0x800003D0] -> 0x8175
[309] [M]: 0x800003D0 (0x8175) c.srli a0, 29
x10 <- 0x00000000


mem[X,0x800003D2] -> 0xA223
mem[X,0x800003D4] -> 0x12A0
[310] [M]: 0x800003D2 (0x12A0A223) sw a0, 292(ra)
mem[0x80003238] <- 0x00000000


mem[X,0x800003D6] -> 0x3537
mem[X,0x800003D8] -> 0x3333
[311] [M]: 0x800003D6 (0x33333537) lui a0, 209715
x10 <- 0x33333000


mem[X,0x800003DA] -> 0x0513
mem[X,0x800003DC] -> 0x3325
[312] [M]: 0x800003DA (0x33250513) addi a0, a0, 818
x10 <- 0x33333332


mem[X,0x800003DE] -> 0x8179
[313] [M]: 0x800003DE (0x8179) c.srli a0, 30
x10 <- 0x00000000


mem[X,0x800003E0] -> 0xA423
mem[X,0x800003E2] -> 0x12A0
[314] [M]: 0x800003E0 (0x12A0A423) sw a0, 296(ra)
mem[0x8000323C] <- 0x00000000


mem[X,0x800003E4] -> 0x6537
mem[X,0x800003E6] -> 0x6666
[315] [M]: 0x800003E4 (0x66666537) lui a0, 419430
x10 <- 0x66666000


mem[X,0x800003E8] -> 0x0513
mem[X,0x800003EA] -> 0x6655
[316] [M]: 0x800003E8 (0x66550513) addi a0, a0, 1637
x10 <- 0x66666665


mem[X,0x800003EC] -> 0x8109
[317] [M]: 0x800003EC (0x8109) c.srli a0, 2
x10 <- 0x19999999


mem[X,0x800003EE] -> 0xA623
mem[X,0x800003F0] -> 0x12A0
[318] [M]: 0x800003EE (0x12A0A623) sw a0, 300(ra)
mem[0x80003240] <- 0x19999999


mem[X,0x800003F2] -> 0x652D
[319] [M]: 0x800003F2 (0x652D) c.lui a0, 11
x10 <- 0x0000B000


mem[X,0x800003F4] -> 0x0513
mem[X,0x800003F6] -> 0x5035
[320] [M]: 0x800003F4 (0x50350513) addi a0, a0, 1283
x10 <- 0x0000B503


mem[X,0x800003F8] -> 0x8131
[321] [M]: 0x800003F8 (0x8131) c.srli a0, 12
x10 <- 0x0000000B


mem[X,0x800003FA] -> 0xA823
mem[X,0x800003FC] -> 0x12A0
[322] [M]: 0x800003FA (0x12A0A823) sw a0, 304(ra)
mem[0x80003244] <- 0x0000000B


mem[X,0x800003FE] -> 0x5537
mem[X,0x80000400] -> 0x5555
[323] [M]: 0x800003FE (0x55555537) lui a0, 349525
x10 <- 0x55555000


mem[X,0x80000402] -> 0x0513
mem[X,0x80000404] -> 0x5565
[324] [M]: 0x80000402 (0x55650513) addi a0, a0, 1366
x10 <- 0x55555556


mem[X,0x80000406] -> 0x8121
[325] [M]: 0x80000406 (0x8121) c.srli a0, 8
x10 <- 0x00555555


mem[X,0x80000408] -> 0xAA23
mem[X,0x8000040A] -> 0x12A0
[326] [M]: 0x80000408 (0x12A0AA23) sw a0, 308(ra)
mem[0x80003248] <- 0x00555555


mem[X,0x8000040C] -> 0xB537
mem[X,0x8000040E] -> 0xAAAA
[327] [M]: 0x8000040C (0xAAAAB537) lui a0, 699051
x10 <- 0xAAAAB000


mem[X,0x80000410] -> 0x0513
mem[X,0x80000412] -> 0xAAB5
[328] [M]: 0x80000410 (0xAAB50513) addi a0, a0, 2731
x10 <- 0xAAAAAAAB


mem[X,0x80000414] -> 0x8141
[329] [M]: 0x80000414 (0x8141) c.srli a0, 16
x10 <- 0x0000AAAA


mem[X,0x80000416] -> 0xAC23
mem[X,0x80000418] -> 0x12A0
[330] [M]: 0x80000416 (0x12A0AC23) sw a0, 312(ra)
mem[0x8000324C] <- 0x0000AAAA


mem[X,0x8000041A] -> 0x4519
[331] [M]: 0x8000041A (0x4519) c.li a0, 6
x10 <- 0x00000006


mem[X,0x8000041C] -> 0x8141
[332] [M]: 0x8000041C (0x8141) c.srli a0, 16
x10 <- 0x00000000


mem[X,0x8000041E] -> 0xAE23
mem[X,0x80000420] -> 0x12A0
[333] [M]: 0x8000041E (0x12A0AE23) sw a0, 316(ra)
mem[0x80003250] <- 0x00000000


mem[X,0x80000422] -> 0x3537
mem[X,0x80000424] -> 0x3333
[334] [M]: 0x80000422 (0x33333537) lui a0, 209715
x10 <- 0x33333000


mem[X,0x80000426] -> 0x0513
mem[X,0x80000428] -> 0x3345
[335] [M]: 0x80000426 (0x33450513) addi a0, a0, 820
x10 <- 0x33333334


mem[X,0x8000042A] -> 0x812D
[336] [M]: 0x8000042A (0x812D) c.srli a0, 11
x10 <- 0x00066666


mem[X,0x8000042C] -> 0xA023
mem[X,0x8000042E] -> 0x14A0
[337] [M]: 0x8000042C (0x14A0A023) sw a0, 320(ra)
mem[0x80003254] <- 0x00066666


mem[X,0x80000430] -> 0x6537
mem[X,0x80000432] -> 0x6666
[338] [M]: 0x80000430 (0x66666537) lui a0, 419430
x10 <- 0x66666000


mem[X,0x80000434] -> 0x0513
mem[X,0x80000436] -> 0x6675
[339] [M]: 0x80000434 (0x66750513) addi a0, a0, 1639
x10 <- 0x66666667


mem[X,0x80000438] -> 0x8131
[340] [M]: 0x80000438 (0x8131) c.srli a0, 12
x10 <- 0x00066666


mem[X,0x8000043A] -> 0xA223
mem[X,0x8000043C] -> 0x14A0
[341] [M]: 0x8000043A (0x14A0A223) sw a0, 324(ra)
mem[0x80003258] <- 0x00066666


mem[X,0x8000043E] -> 0x7555
[342] [M]: 0x8000043E (0x7555) c.lui a0, 53
x10 <- 0xFFFF5000


mem[X,0x80000440] -> 0x0513
mem[X,0x80000442] -> 0xAFD5
[343] [M]: 0x80000440 (0xAFD50513) addi a0, a0, 2813
x10 <- 0xFFFF4AFD


mem[X,0x80000444] -> 0x8125
[344] [M]: 0x80000444 (0x8125) c.srli a0, 9
x10 <- 0x007FFFA5


mem[X,0x80000446] -> 0xA423
mem[X,0x80000448] -> 0x14A0
[345] [M]: 0x80000446 (0x14A0A423) sw a0, 328(ra)
mem[0x8000325C] <- 0x007FFFA5


mem[X,0x8000044A] -> 0x0537
mem[X,0x8000044C] -> 0xFF80
[346] [M]: 0x8000044A (0xFF800537) lui a0, 1046528
x10 <- 0xFF800000


mem[X,0x8000044E] -> 0x157D
[347] [M]: 0x8000044E (0x157D) c.addi a0, 63
x10 <- 0xFF7FFFFF


mem[X,0x80000450] -> 0x8115
[348] [M]: 0x80000450 (0x8115) c.srli a0, 5
x10 <- 0x07FBFFFF


mem[X,0x80000452] -> 0xA623
mem[X,0x80000454] -> 0x14A0
[349] [M]: 0x80000452 (0x14A0A623) sw a0, 332(ra)
mem[0x80003260] <- 0x07FBFFFF


mem[X,0x80000456] -> 0x0537
mem[X,0x80000458] -> 0xFF00
[350] [M]: 0x80000456 (0xFF000537) lui a0, 1044480
x10 <- 0xFF000000


mem[X,0x8000045A] -> 0x157D
[351] [M]: 0x8000045A (0x157D) c.addi a0, 63
x10 <- 0xFEFFFFFF


mem[X,0x8000045C] -> 0x810D
[352] [M]: 0x8000045C (0x810D) c.srli a0, 3
x10 <- 0x1FDFFFFF


mem[X,0x8000045E] -> 0xA823
mem[X,0x80000460] -> 0x14A0
[353] [M]: 0x8000045E (0x14A0A823) sw a0, 336(ra)
mem[0x80003264] <- 0x1FDFFFFF


mem[X,0x80000462] -> 0x006F
mem[X,0x80000464] -> 0x0200
[354] [M]: 0x80000462 (0x0200006F) jal zero, 32


mem[X,0x80000482] -> 0x4085
[355] [M]: 0x80000482 (0x4085) c.li ra, 1
x1 <- 0x00000001


mem[X,0x80000484] -> 0x1F17
mem[X,0x80000486] -> 0x0000
[356] [M]: 0x80000484 (0x00001F17) auipc t5, 1
x30 <- 0x80001484


mem[X,0x80000488] -> 0x2E23
mem[X,0x8000048A] -> 0xB61F
[357] [M]: 0x80000488 (0xB61F2E23) sw ra, 2940(t5)
htif[0x80001000] <- 0x00000001


mem[X,0x8000048C] -> 0xBFE5
[358] [M]: 0x8000048C (0xBFE5) c.j 2044


mem[X,0x80000484] -> 0x1F17
mem[X,0x80000486] -> 0x0000
[359] [M]: 0x80000484 (0x00001F17) auipc t5, 1
x30 <- 0x80001484


mem[X,0x80000488] -> 0x2E23
mem[X,0x8000048A] -> 0xB61F
[360] [M]: 0x80000488 (0xB61F2E23) sw ra, 2940(t5)
htif[0x80001000] <- 0x00000001


mem[X,0x8000048C] -> 0xBFE5
[361] [M]: 0x8000048C (0xBFE5) c.j 2044


mem[X,0x80000484] -> 0x1F17
mem[X,0x80000486] -> 0x0000
[362] [M]: 0x80000484 (0x00001F17) auipc t5, 1
x30 <- 0x80001484


mem[X,0x80000488] -> 0x2E23
mem[X,0x8000048A] -> 0xB61F
[363] [M]: 0x80000488 (0xB61F2E23) sw ra, 2940(t5)
htif[0x80001000] <- 0x00000001
htif-syscall-proxy cmd: 0x000000000001

SUCCESS
