using /home/force/Desktop/work/compliance_testing/our_riscv/work/riscof_work/C/src/clw-01.S/ref/Reference-sail_c_simulator.signature for test-signature output.
[Sail] Allocating new block 0x80000000
tohost located at 0x80001000
[Sail] Allocating new block 0x0

Running file ref.elf.
ELF Entry @ 0x80000000
begin_signature: 0x80003110
end_signature: 0x80003150
CSR mstatus <- 0x00000000 (input: 0x00000000)
mem[X,0x00001000] -> 0x0297
mem[X,0x00001002] -> 0x0000
[0] [M]: 0x00001000 (0x00000297) auipc t0, 0
x5 <- 0x00001000


mem[X,0x00001004] -> 0x8593
mem[X,0x00001006] -> 0x0202
[1] [M]: 0x00001004 (0x02028593) addi a1, t0, 32
x11 <- 0x00001020


mem[X,0x00001008] -> 0x2573
mem[X,0x0000100A] -> 0xF140
[2] [M]: 0x00001008 (0xF1402573) csrrs a0, mhartid, zero
CSR mhartid -> 0x00000000
x10 <- 0x00000000


mem[X,0x0000100C] -> 0xA283
mem[X,0x0000100E] -> 0x0182
[3] [M]: 0x0000100C (0x0182A283) lw t0, 24(t0)
mem[R,0x00001018] -> 0x80000000
x5 <- 0x80000000


mem[X,0x00001010] -> 0x8067
mem[X,0x00001012] -> 0x0002
[4] [M]: 0x00001010 (0x00028067) jalr zero, t0, 0


mem[X,0x80000000] -> 0xC0B7
mem[X,0x80000002] -> 0xFEED
[5] [M]: 0x80000000 (0xFEEDC0B7) lui ra, 1044188
x1 <- 0xFEEDC000


mem[X,0x80000004] -> 0x8093
mem[X,0x80000006] -> 0xEAD0
[6] [M]: 0x80000004 (0xEAD08093) addi ra, ra, 3757
x1 <- 0xFEEDBEAD


mem[X,0x80000008] -> 0xE137
mem[X,0x8000000A] -> 0xFF76
[7] [M]: 0x80000008 (0xFF76E137) lui sp, 1046382
x2 <- 0xFF76E000


mem[X,0x8000000C] -> 0x0113
mem[X,0x8000000E] -> 0xF561
[8] [M]: 0x8000000C (0xF5610113) addi sp, sp, 3926
x2 <- 0xFF76DF56


mem[X,0x80000010] -> 0x71B7
mem[X,0x80000012] -> 0x7FBB
[9] [M]: 0x80000010 (0x7FBB71B7) lui gp, 523191
x3 <- 0x7FBB7000


mem[X,0x80000014] -> 0x8193
mem[X,0x80000016] -> 0xFAB1
[10] [M]: 0x80000014 (0xFAB18193) addi gp, gp, 4011
x3 <- 0x7FBB6FAB


mem[X,0x80000018] -> 0xB237
mem[X,0x8000001A] -> 0xBFDD
[11] [M]: 0x80000018 (0xBFDDB237) lui tp, 785883
x4 <- 0xBFDDB000


mem[X,0x8000001C] -> 0x0213
mem[X,0x8000001E] -> 0x7D52
[12] [M]: 0x8000001C (0x7D520213) addi tp, tp, 2005
x4 <- 0xBFDDB7D5


mem[X,0x80000020] -> 0x0297
mem[X,0x80000022] -> 0x0000
[13] [M]: 0x80000020 (0x00000297) auipc t0, 0
x5 <- 0x80000020


mem[X,0x80000024] -> 0x8293
mem[X,0x80000026] -> 0x0882
[14] [M]: 0x80000024 (0x08828293) addi t0, t0, 136
x5 <- 0x800000A8


mem[X,0x80000028] -> 0x0013
mem[X,0x8000002A] -> 0x0000
[15] [M]: 0x80000028 (0x00000013) addi zero, zero, 0


mem[X,0x8000002C] -> 0x0013
mem[X,0x8000002E] -> 0x0000
[16] [M]: 0x8000002C (0x00000013) addi zero, zero, 0


mem[X,0x80000030] -> 0x0013
mem[X,0x80000032] -> 0x0000
[17] [M]: 0x80000030 (0x00000013) addi zero, zero, 0


mem[X,0x80000034] -> 0x0013
mem[X,0x80000036] -> 0x0000
[18] [M]: 0x80000034 (0x00000013) addi zero, zero, 0


mem[X,0x80000038] -> 0x0013
mem[X,0x8000003A] -> 0x0000
[19] [M]: 0x80000038 (0x00000013) addi zero, zero, 0


mem[X,0x8000003C] -> 0x0013
mem[X,0x8000003E] -> 0x0000
[20] [M]: 0x8000003C (0x00000013) addi zero, zero, 0


mem[X,0x80000040] -> 0x2317
mem[X,0x80000042] -> 0x0000
[21] [M]: 0x80000040 (0x00002317) auipc t1, 2
x6 <- 0x80002040


mem[X,0x80000044] -> 0x0313
mem[X,0x80000046] -> 0xFC03
[22] [M]: 0x80000044 (0xFC030313) addi t1, t1, 4032
x6 <- 0x80002000


mem[X,0x80000048] -> 0x0013
mem[X,0x8000004A] -> 0x0000
[23] [M]: 0x80000048 (0x00000013) addi zero, zero, 0


mem[X,0x8000004C] -> 0x0013
mem[X,0x8000004E] -> 0x0000
[24] [M]: 0x8000004C (0x00000013) addi zero, zero, 0


mem[X,0x80000050] -> 0x0013
mem[X,0x80000052] -> 0x0000
[25] [M]: 0x80000050 (0x00000013) addi zero, zero, 0


mem[X,0x80000054] -> 0x0013
mem[X,0x80000056] -> 0x0000
[26] [M]: 0x80000054 (0x00000013) addi zero, zero, 0


mem[X,0x80000058] -> 0x0013
mem[X,0x8000005A] -> 0x0000
[27] [M]: 0x80000058 (0x00000013) addi zero, zero, 0


mem[X,0x8000005C] -> 0x0013
mem[X,0x8000005E] -> 0x0000
[28] [M]: 0x8000005C (0x00000013) addi zero, zero, 0


mem[X,0x80000060] -> 0xB3B7
mem[X,0x80000062] -> 0xB7FB
[29] [M]: 0x80000060 (0xB7FBB3B7) lui t2, 753595
x7 <- 0xB7FBB000


mem[X,0x80000064] -> 0x8393
mem[X,0x80000066] -> 0x6FA3
[30] [M]: 0x80000064 (0x6FA38393) addi t2, t2, 1786
x7 <- 0xB7FBB6FA


mem[X,0x80000068] -> 0xE437
mem[X,0x8000006A] -> 0x5BFD
[31] [M]: 0x80000068 (0x5BFDE437) lui fp, 376798
x8 <- 0x5BFDE000


mem[X,0x8000006C] -> 0x0413
mem[X,0x8000006E] -> 0xB7D4
[32] [M]: 0x8000006C (0xB7D40413) addi fp, fp, 2941
x8 <- 0x5BFDDB7D


mem[X,0x80000070] -> 0xF4B7
mem[X,0x80000072] -> 0xADFE
[33] [M]: 0x80000070 (0xADFEF4B7) lui s1, 712687
x9 <- 0xADFEF000


mem[X,0x80000074] -> 0x8493
mem[X,0x80000076] -> 0xDBE4
[34] [M]: 0x80000074 (0xDBE48493) addi s1, s1, 3518
x9 <- 0xADFEEDBE


mem[X,0x80000078] -> 0x7537
mem[X,0x8000007A] -> 0x56FF
[35] [M]: 0x80000078 (0x56FF7537) lui a0, 356343
x10 <- 0x56FF7000


mem[X,0x8000007C] -> 0x0513
mem[X,0x8000007E] -> 0x6DF5
[36] [M]: 0x8000007C (0x6DF50513) addi a0, a0, 1759
x10 <- 0x56FF76DF


mem[X,0x80000080] -> 0xC5B7
mem[X,0x80000082] -> 0xAB7F
[37] [M]: 0x80000080 (0xAB7FC5B7) lui a1, 702460
x11 <- 0xAB7FC000


mem[X,0x80000084] -> 0x8593
mem[X,0x80000086] -> 0xB6F5
[38] [M]: 0x80000084 (0xB6F58593) addi a1, a1, 2927
x11 <- 0xAB7FBB6F


mem[X,0x80000088] -> 0xE637
mem[X,0x8000008A] -> 0xD5BF
[39] [M]: 0x80000088 (0xD5BFE637) lui a2, 875518
x12 <- 0xD5BFE000


mem[X,0x8000008C] -> 0x0613
mem[X,0x8000008E] -> 0xDB76
[40] [M]: 0x8000008C (0xDB760613) addi a2, a2, 3511
x12 <- 0xD5BFDDB7


mem[X,0x80000090] -> 0xF6B7
mem[X,0x80000092] -> 0xEADF
[41] [M]: 0x80000090 (0xEADFF6B7) lui a3, 962047
x13 <- 0xEADFF000


mem[X,0x80000094] -> 0x8693
mem[X,0x80000096] -> 0xEDB6
[42] [M]: 0x80000094 (0xEDB68693) addi a3, a3, 3803
x13 <- 0xEADFEEDB


mem[X,0x80000098] -> 0xF737
mem[X,0x8000009A] -> 0xF56F
[43] [M]: 0x80000098 (0xF56FF737) lui a4, 1005311
x14 <- 0xF56FF000


mem[X,0x8000009C] -> 0x0713
mem[X,0x8000009E] -> 0x76D7
[44] [M]: 0x8000009C (0x76D70713) addi a4, a4, 1901
x14 <- 0xF56FF76D


mem[X,0x800000A0] -> 0x07B7
mem[X,0x800000A2] -> 0xFAB8
[45] [M]: 0x800000A0 (0xFAB807B7) lui a5, 1026944
x15 <- 0xFAB80000


mem[X,0x800000A4] -> 0x8793
mem[X,0x800000A6] -> 0xBB67
[46] [M]: 0x800000A4 (0xBB678793) addi a5, a5, 2998
x15 <- 0xFAB7FBB6


mem[X,0x800000A8] -> 0x0013
mem[X,0x800000AA] -> 0x0000
[47] [M]: 0x800000A8 (0x00000013) addi zero, zero, 0


mem[X,0x800000AC] -> 0x0013
mem[X,0x800000AE] -> 0x0000
[48] [M]: 0x800000AC (0x00000013) addi zero, zero, 0


mem[X,0x800000B0] -> 0x0013
mem[X,0x800000B2] -> 0x0000
[49] [M]: 0x800000B0 (0x00000013) addi zero, zero, 0


mem[X,0x800000B4] -> 0x0013
mem[X,0x800000B6] -> 0x0000
[50] [M]: 0x800000B4 (0x00000013) addi zero, zero, 0


mem[X,0x800000B8] -> 0x0013
mem[X,0x800000BA] -> 0x0000
[51] [M]: 0x800000B8 (0x00000013) addi zero, zero, 0


mem[X,0x800000BC] -> 0x0013
mem[X,0x800000BE] -> 0x0000
[52] [M]: 0x800000BC (0x00000013) addi zero, zero, 0


mem[X,0x800000C0] -> 0x3097
mem[X,0x800000C2] -> 0x0000
[53] [M]: 0x800000C0 (0x00003097) auipc ra, 3
x1 <- 0x800030C0


mem[X,0x800000C4] -> 0x8093
mem[X,0x800000C6] -> 0x0540
[54] [M]: 0x800000C4 (0x05408093) addi ra, ra, 84
x1 <- 0x80003114


mem[X,0x800000C8] -> 0x0013
mem[X,0x800000CA] -> 0x0000
[55] [M]: 0x800000C8 (0x00000013) addi zero, zero, 0


mem[X,0x800000CC] -> 0x0013
mem[X,0x800000CE] -> 0x0000
[56] [M]: 0x800000CC (0x00000013) addi zero, zero, 0


mem[X,0x800000D0] -> 0x0013
mem[X,0x800000D2] -> 0x0000
[57] [M]: 0x800000D0 (0x00000013) addi zero, zero, 0


mem[X,0x800000D4] -> 0x0013
mem[X,0x800000D6] -> 0x0000
[58] [M]: 0x800000D4 (0x00000013) addi zero, zero, 0


mem[X,0x800000D8] -> 0x0013
mem[X,0x800000DA] -> 0x0000
[59] [M]: 0x800000D8 (0x00000013) addi zero, zero, 0


mem[X,0x800000DC] -> 0x0013
mem[X,0x800000DE] -> 0x0000
[60] [M]: 0x800000DC (0x00000013) addi zero, zero, 0


mem[X,0x800000E0] -> 0x2617
mem[X,0x800000E2] -> 0x0000
[61] [M]: 0x800000E0 (0x00002617) auipc a2, 2
x12 <- 0x800020E0


mem[X,0x800000E4] -> 0x0613
mem[X,0x800000E6] -> 0xEF06
[62] [M]: 0x800000E4 (0xEF060613) addi a2, a2, 3824
x12 <- 0x80001FD0


mem[X,0x800000E8] -> 0x0013
mem[X,0x800000EA] -> 0x0000
[63] [M]: 0x800000E8 (0x00000013) addi zero, zero, 0


mem[X,0x800000EC] -> 0x0013
mem[X,0x800000EE] -> 0x0000
[64] [M]: 0x800000EC (0x00000013) addi zero, zero, 0


mem[X,0x800000F0] -> 0x0013
mem[X,0x800000F2] -> 0x0000
[65] [M]: 0x800000F0 (0x00000013) addi zero, zero, 0


mem[X,0x800000F4] -> 0x0013
mem[X,0x800000F6] -> 0x0000
[66] [M]: 0x800000F4 (0x00000013) addi zero, zero, 0


mem[X,0x800000F8] -> 0x0013
mem[X,0x800000FA] -> 0x0000
[67] [M]: 0x800000F8 (0x00000013) addi zero, zero, 0


mem[X,0x800000FC] -> 0x0013
mem[X,0x800000FE] -> 0x0000
[68] [M]: 0x800000FC (0x00000013) addi zero, zero, 0


mem[X,0x80000100] -> 0x5A10
[69] [M]: 0x80000100 (0x5A10) c.lw a2, a2, 48
mem[R,0x80002000] -> 0xBABECAFE
x12 <- 0xBABECAFE


mem[X,0x80000102] -> 0x0001
[70] [M]: 0x80000102 (0x0001) c.nop


mem[X,0x80000104] -> 0x0001
[71] [M]: 0x80000104 (0x0001) c.nop


mem[X,0x80000106] -> 0xA023
mem[X,0x80000108] -> 0x00C0
[72] [M]: 0x80000106 (0x00C0A023) sw a2, 0(ra)
mem[0x80003114] <- 0xBABECAFE


mem[X,0x8000010A] -> 0x0013
mem[X,0x8000010C] -> 0x0000
[73] [M]: 0x8000010A (0x00000013) addi zero, zero, 0


mem[X,0x8000010E] -> 0x0013
mem[X,0x80000110] -> 0x0000
[74] [M]: 0x8000010E (0x00000013) addi zero, zero, 0


mem[X,0x80000112] -> 0x0013
mem[X,0x80000114] -> 0x0000
[75] [M]: 0x80000112 (0x00000013) addi zero, zero, 0


mem[X,0x80000116] -> 0x0013
mem[X,0x80000118] -> 0x0000
[76] [M]: 0x80000116 (0x00000013) addi zero, zero, 0


mem[X,0x8000011A] -> 0x0013
mem[X,0x8000011C] -> 0x0000
[77] [M]: 0x8000011A (0x00000013) addi zero, zero, 0


mem[X,0x8000011E] -> 0x0001
[78] [M]: 0x8000011E (0x0001) c.nop


mem[X,0x80000120] -> 0x2517
mem[X,0x80000122] -> 0x0000
[79] [M]: 0x80000120 (0x00002517) auipc a0, 2
x10 <- 0x80002120


mem[X,0x80000124] -> 0x0513
mem[X,0x80000126] -> 0xEE05
[80] [M]: 0x80000124 (0xEE050513) addi a0, a0, 3808
x10 <- 0x80002000


mem[X,0x80000128] -> 0x0013
mem[X,0x8000012A] -> 0x0000
[81] [M]: 0x80000128 (0x00000013) addi zero, zero, 0


mem[X,0x8000012C] -> 0x0013
mem[X,0x8000012E] -> 0x0000
[82] [M]: 0x8000012C (0x00000013) addi zero, zero, 0


mem[X,0x80000130] -> 0x0013
mem[X,0x80000132] -> 0x0000
[83] [M]: 0x80000130 (0x00000013) addi zero, zero, 0


mem[X,0x80000134] -> 0x0013
mem[X,0x80000136] -> 0x0000
[84] [M]: 0x80000134 (0x00000013) addi zero, zero, 0


mem[X,0x80000138] -> 0x0013
mem[X,0x8000013A] -> 0x0000
[85] [M]: 0x80000138 (0x00000013) addi zero, zero, 0


mem[X,0x8000013C] -> 0x0013
mem[X,0x8000013E] -> 0x0000
[86] [M]: 0x8000013C (0x00000013) addi zero, zero, 0


mem[X,0x80000140] -> 0x410C
[87] [M]: 0x80000140 (0x410C) c.lw a1, a0, 0
mem[R,0x80002000] -> 0xBABECAFE
x11 <- 0xBABECAFE


mem[X,0x80000142] -> 0x0001
[88] [M]: 0x80000142 (0x0001) c.nop


mem[X,0x80000144] -> 0x0001
[89] [M]: 0x80000144 (0x0001) c.nop


mem[X,0x80000146] -> 0xA223
mem[X,0x80000148] -> 0x00B0
[90] [M]: 0x80000146 (0x00B0A223) sw a1, 4(ra)
mem[0x80003118] <- 0xBABECAFE


mem[X,0x8000014A] -> 0x0013
mem[X,0x8000014C] -> 0x0000
[91] [M]: 0x8000014A (0x00000013) addi zero, zero, 0


mem[X,0x8000014E] -> 0x0013
mem[X,0x80000150] -> 0x0000
[92] [M]: 0x8000014E (0x00000013) addi zero, zero, 0


mem[X,0x80000152] -> 0x0013
mem[X,0x80000154] -> 0x0000
[93] [M]: 0x80000152 (0x00000013) addi zero, zero, 0


mem[X,0x80000156] -> 0x0013
mem[X,0x80000158] -> 0x0000
[94] [M]: 0x80000156 (0x00000013) addi zero, zero, 0


mem[X,0x8000015A] -> 0x0013
mem[X,0x8000015C] -> 0x0000
[95] [M]: 0x8000015A (0x00000013) addi zero, zero, 0


mem[X,0x8000015E] -> 0x0001
[96] [M]: 0x8000015E (0x0001) c.nop


mem[X,0x80000160] -> 0x2497
mem[X,0x80000162] -> 0x0000
[97] [M]: 0x80000160 (0x00002497) auipc s1, 2
x9 <- 0x80002160


mem[X,0x80000164] -> 0x8493
mem[X,0x80000166] -> 0xE9C4
[98] [M]: 0x80000164 (0xE9C48493) addi s1, s1, 3740
x9 <- 0x80001FFC


mem[X,0x80000168] -> 0x0013
mem[X,0x8000016A] -> 0x0000
[99] [M]: 0x80000168 (0x00000013) addi zero, zero, 0


clint::tick mtime <- 0x0000000000000001
 clint timer pending at mtime 0x0000000000000001
htif::tick 0x0000000000000000
mem[X,0x8000016C] -> 0x0013
mem[X,0x8000016E] -> 0x0000
[100] [M]: 0x8000016C (0x00000013) addi zero, zero, 0


mem[X,0x80000170] -> 0x0013
mem[X,0x80000172] -> 0x0000
[101] [M]: 0x80000170 (0x00000013) addi zero, zero, 0


mem[X,0x80000174] -> 0x0013
mem[X,0x80000176] -> 0x0000
[102] [M]: 0x80000174 (0x00000013) addi zero, zero, 0


mem[X,0x80000178] -> 0x0013
mem[X,0x8000017A] -> 0x0000
[103] [M]: 0x80000178 (0x00000013) addi zero, zero, 0


mem[X,0x8000017C] -> 0x0013
mem[X,0x8000017E] -> 0x0000
[104] [M]: 0x8000017C (0x00000013) addi zero, zero, 0


mem[X,0x80000180] -> 0x40D8
[105] [M]: 0x80000180 (0x40D8) c.lw a4, s1, 4
mem[R,0x80002000] -> 0xBABECAFE
x14 <- 0xBABECAFE


mem[X,0x80000182] -> 0x0001
[106] [M]: 0x80000182 (0x0001) c.nop


mem[X,0x80000184] -> 0x0001
[107] [M]: 0x80000184 (0x0001) c.nop


mem[X,0x80000186] -> 0xA423
mem[X,0x80000188] -> 0x00E0
[108] [M]: 0x80000186 (0x00E0A423) sw a4, 8(ra)
mem[0x8000311C] <- 0xBABECAFE


mem[X,0x8000018A] -> 0x0013
mem[X,0x8000018C] -> 0x0000
[109] [M]: 0x8000018A (0x00000013) addi zero, zero, 0


mem[X,0x8000018E] -> 0x0013
mem[X,0x80000190] -> 0x0000
[110] [M]: 0x8000018E (0x00000013) addi zero, zero, 0


mem[X,0x80000192] -> 0x0013
mem[X,0x80000194] -> 0x0000
[111] [M]: 0x80000192 (0x00000013) addi zero, zero, 0


mem[X,0x80000196] -> 0x0013
mem[X,0x80000198] -> 0x0000
[112] [M]: 0x80000196 (0x00000013) addi zero, zero, 0


mem[X,0x8000019A] -> 0x0013
mem[X,0x8000019C] -> 0x0000
[113] [M]: 0x8000019A (0x00000013) addi zero, zero, 0


mem[X,0x8000019E] -> 0x0001
[114] [M]: 0x8000019E (0x0001) c.nop


mem[X,0x800001A0] -> 0x2797
mem[X,0x800001A2] -> 0x0000
[115] [M]: 0x800001A0 (0x00002797) auipc a5, 2
x15 <- 0x800021A0


mem[X,0x800001A4] -> 0x8793
mem[X,0x800001A6] -> 0xE587
[116] [M]: 0x800001A4 (0xE5878793) addi a5, a5, 3672
x15 <- 0x80001FF8


mem[X,0x800001A8] -> 0x0013
mem[X,0x800001AA] -> 0x0000
[117] [M]: 0x800001A8 (0x00000013) addi zero, zero, 0


mem[X,0x800001AC] -> 0x0013
mem[X,0x800001AE] -> 0x0000
[118] [M]: 0x800001AC (0x00000013) addi zero, zero, 0


mem[X,0x800001B0] -> 0x0013
mem[X,0x800001B2] -> 0x0000
[119] [M]: 0x800001B0 (0x00000013) addi zero, zero, 0


mem[X,0x800001B4] -> 0x0013
mem[X,0x800001B6] -> 0x0000
[120] [M]: 0x800001B4 (0x00000013) addi zero, zero, 0


mem[X,0x800001B8] -> 0x0013
mem[X,0x800001BA] -> 0x0000
[121] [M]: 0x800001B8 (0x00000013) addi zero, zero, 0


mem[X,0x800001BC] -> 0x0013
mem[X,0x800001BE] -> 0x0000
[122] [M]: 0x800001BC (0x00000013) addi zero, zero, 0


mem[X,0x800001C0] -> 0x4794
[123] [M]: 0x800001C0 (0x4794) c.lw a3, a5, 8
mem[R,0x80002000] -> 0xBABECAFE
x13 <- 0xBABECAFE


mem[X,0x800001C2] -> 0x0001
[124] [M]: 0x800001C2 (0x0001) c.nop


mem[X,0x800001C4] -> 0x0001
[125] [M]: 0x800001C4 (0x0001) c.nop


mem[X,0x800001C6] -> 0xA623
mem[X,0x800001C8] -> 0x00D0
[126] [M]: 0x800001C6 (0x00D0A623) sw a3, 12(ra)
mem[0x80003120] <- 0xBABECAFE


mem[X,0x800001CA] -> 0x0013
mem[X,0x800001CC] -> 0x0000
[127] [M]: 0x800001CA (0x00000013) addi zero, zero, 0


mem[X,0x800001CE] -> 0x0013
mem[X,0x800001D0] -> 0x0000
[128] [M]: 0x800001CE (0x00000013) addi zero, zero, 0


mem[X,0x800001D2] -> 0x0013
mem[X,0x800001D4] -> 0x0000
[129] [M]: 0x800001D2 (0x00000013) addi zero, zero, 0


mem[X,0x800001D6] -> 0x0013
mem[X,0x800001D8] -> 0x0000
[130] [M]: 0x800001D6 (0x00000013) addi zero, zero, 0


mem[X,0x800001DA] -> 0x0013
mem[X,0x800001DC] -> 0x0000
[131] [M]: 0x800001DA (0x00000013) addi zero, zero, 0


mem[X,0x800001DE] -> 0x0001
[132] [M]: 0x800001DE (0x0001) c.nop


mem[X,0x800001E0] -> 0x2717
mem[X,0x800001E2] -> 0x0000
[133] [M]: 0x800001E0 (0x00002717) auipc a4, 2
x14 <- 0x800021E0


mem[X,0x800001E4] -> 0x0713
mem[X,0x800001E6] -> 0xE107
[134] [M]: 0x800001E4 (0xE1070713) addi a4, a4, 3600
x14 <- 0x80001FF0


mem[X,0x800001E8] -> 0x0013
mem[X,0x800001EA] -> 0x0000
[135] [M]: 0x800001E8 (0x00000013) addi zero, zero, 0


mem[X,0x800001EC] -> 0x0013
mem[X,0x800001EE] -> 0x0000
[136] [M]: 0x800001EC (0x00000013) addi zero, zero, 0


mem[X,0x800001F0] -> 0x0013
mem[X,0x800001F2] -> 0x0000
[137] [M]: 0x800001F0 (0x00000013) addi zero, zero, 0


mem[X,0x800001F4] -> 0x0013
mem[X,0x800001F6] -> 0x0000
[138] [M]: 0x800001F4 (0x00000013) addi zero, zero, 0


mem[X,0x800001F8] -> 0x0013
mem[X,0x800001FA] -> 0x0000
[139] [M]: 0x800001F8 (0x00000013) addi zero, zero, 0


mem[X,0x800001FC] -> 0x0013
mem[X,0x800001FE] -> 0x0000
[140] [M]: 0x800001FC (0x00000013) addi zero, zero, 0


mem[X,0x80000200] -> 0x4B08
[141] [M]: 0x80000200 (0x4B08) c.lw a0, a4, 16
mem[R,0x80002000] -> 0xBABECAFE
x10 <- 0xBABECAFE


mem[X,0x80000202] -> 0x0001
[142] [M]: 0x80000202 (0x0001) c.nop


mem[X,0x80000204] -> 0x0001
[143] [M]: 0x80000204 (0x0001) c.nop


mem[X,0x80000206] -> 0xA823
mem[X,0x80000208] -> 0x00A0
[144] [M]: 0x80000206 (0x00A0A823) sw a0, 16(ra)
mem[0x80003124] <- 0xBABECAFE


mem[X,0x8000020A] -> 0x0013
mem[X,0x8000020C] -> 0x0000
[145] [M]: 0x8000020A (0x00000013) addi zero, zero, 0


mem[X,0x8000020E] -> 0x0013
mem[X,0x80000210] -> 0x0000
[146] [M]: 0x8000020E (0x00000013) addi zero, zero, 0


mem[X,0x80000212] -> 0x0013
mem[X,0x80000214] -> 0x0000
[147] [M]: 0x80000212 (0x00000013) addi zero, zero, 0


mem[X,0x80000216] -> 0x0013
mem[X,0x80000218] -> 0x0000
[148] [M]: 0x80000216 (0x00000013) addi zero, zero, 0


mem[X,0x8000021A] -> 0x0013
mem[X,0x8000021C] -> 0x0000
[149] [M]: 0x8000021A (0x00000013) addi zero, zero, 0


mem[X,0x8000021E] -> 0x0001
[150] [M]: 0x8000021E (0x0001) c.nop


mem[X,0x80000220] -> 0x2417
mem[X,0x80000222] -> 0x0000
[151] [M]: 0x80000220 (0x00002417) auipc fp, 2
x8 <- 0x80002220


mem[X,0x80000224] -> 0x0413
mem[X,0x80000226] -> 0xDC04
[152] [M]: 0x80000224 (0xDC040413) addi fp, fp, 3520
x8 <- 0x80001FE0


mem[X,0x80000228] -> 0x0013
mem[X,0x8000022A] -> 0x0000
[153] [M]: 0x80000228 (0x00000013) addi zero, zero, 0


mem[X,0x8000022C] -> 0x0013
mem[X,0x8000022E] -> 0x0000
[154] [M]: 0x8000022C (0x00000013) addi zero, zero, 0


mem[X,0x80000230] -> 0x0013
mem[X,0x80000232] -> 0x0000
[155] [M]: 0x80000230 (0x00000013) addi zero, zero, 0


mem[X,0x80000234] -> 0x0013
mem[X,0x80000236] -> 0x0000
[156] [M]: 0x80000234 (0x00000013) addi zero, zero, 0


mem[X,0x80000238] -> 0x0013
mem[X,0x8000023A] -> 0x0000
[157] [M]: 0x80000238 (0x00000013) addi zero, zero, 0


mem[X,0x8000023C] -> 0x0013
mem[X,0x8000023E] -> 0x0000
[158] [M]: 0x8000023C (0x00000013) addi zero, zero, 0


mem[X,0x80000240] -> 0x501C
[159] [M]: 0x80000240 (0x501C) c.lw a5, s0, 32
mem[R,0x80002000] -> 0xBABECAFE
x15 <- 0xBABECAFE


mem[X,0x80000242] -> 0x0001
[160] [M]: 0x80000242 (0x0001) c.nop


mem[X,0x80000244] -> 0x0001
[161] [M]: 0x80000244 (0x0001) c.nop


mem[X,0x80000246] -> 0xAA23
mem[X,0x80000248] -> 0x00F0
[162] [M]: 0x80000246 (0x00F0AA23) sw a5, 20(ra)
mem[0x80003128] <- 0xBABECAFE


mem[X,0x8000024A] -> 0x0013
mem[X,0x8000024C] -> 0x0000
[163] [M]: 0x8000024A (0x00000013) addi zero, zero, 0


mem[X,0x8000024E] -> 0x0013
mem[X,0x80000250] -> 0x0000
[164] [M]: 0x8000024E (0x00000013) addi zero, zero, 0


mem[X,0x80000252] -> 0x0013
mem[X,0x80000254] -> 0x0000
[165] [M]: 0x80000252 (0x00000013) addi zero, zero, 0


mem[X,0x80000256] -> 0x0013
mem[X,0x80000258] -> 0x0000
[166] [M]: 0x80000256 (0x00000013) addi zero, zero, 0


mem[X,0x8000025A] -> 0x0013
mem[X,0x8000025C] -> 0x0000
[167] [M]: 0x8000025A (0x00000013) addi zero, zero, 0


mem[X,0x8000025E] -> 0x0001
[168] [M]: 0x8000025E (0x0001) c.nop


mem[X,0x80000260] -> 0x2597
mem[X,0x80000262] -> 0x0000
[169] [M]: 0x80000260 (0x00002597) auipc a1, 2
x11 <- 0x80002260


mem[X,0x80000264] -> 0x8593
mem[X,0x80000266] -> 0xD605
[170] [M]: 0x80000264 (0xD6058593) addi a1, a1, 3424
x11 <- 0x80001FC0


mem[X,0x80000268] -> 0x0013
mem[X,0x8000026A] -> 0x0000
[171] [M]: 0x80000268 (0x00000013) addi zero, zero, 0


mem[X,0x8000026C] -> 0x0013
mem[X,0x8000026E] -> 0x0000
[172] [M]: 0x8000026C (0x00000013) addi zero, zero, 0


mem[X,0x80000270] -> 0x0013
mem[X,0x80000272] -> 0x0000
[173] [M]: 0x80000270 (0x00000013) addi zero, zero, 0


mem[X,0x80000274] -> 0x0013
mem[X,0x80000276] -> 0x0000
[174] [M]: 0x80000274 (0x00000013) addi zero, zero, 0


mem[X,0x80000278] -> 0x0013
mem[X,0x8000027A] -> 0x0000
[175] [M]: 0x80000278 (0x00000013) addi zero, zero, 0


mem[X,0x8000027C] -> 0x0013
mem[X,0x8000027E] -> 0x0000
[176] [M]: 0x8000027C (0x00000013) addi zero, zero, 0


mem[X,0x80000280] -> 0x41A0
[177] [M]: 0x80000280 (0x41A0) c.lw s0, a1, 64
mem[R,0x80002000] -> 0xBABECAFE
x8 <- 0xBABECAFE


mem[X,0x80000282] -> 0x0001
[178] [M]: 0x80000282 (0x0001) c.nop


mem[X,0x80000284] -> 0x0001
[179] [M]: 0x80000284 (0x0001) c.nop


mem[X,0x80000286] -> 0xAC23
mem[X,0x80000288] -> 0x0080
[180] [M]: 0x80000286 (0x0080AC23) sw fp, 24(ra)
mem[0x8000312C] <- 0xBABECAFE


mem[X,0x8000028A] -> 0x0013
mem[X,0x8000028C] -> 0x0000
[181] [M]: 0x8000028A (0x00000013) addi zero, zero, 0


mem[X,0x8000028E] -> 0x0013
mem[X,0x80000290] -> 0x0000
[182] [M]: 0x8000028E (0x00000013) addi zero, zero, 0


mem[X,0x80000292] -> 0x0013
mem[X,0x80000294] -> 0x0000
[183] [M]: 0x80000292 (0x00000013) addi zero, zero, 0


mem[X,0x80000296] -> 0x0013
mem[X,0x80000298] -> 0x0000
[184] [M]: 0x80000296 (0x00000013) addi zero, zero, 0


mem[X,0x8000029A] -> 0x0013
mem[X,0x8000029C] -> 0x0000
[185] [M]: 0x8000029A (0x00000013) addi zero, zero, 0


mem[X,0x8000029E] -> 0x0001
[186] [M]: 0x8000029E (0x0001) c.nop


mem[X,0x800002A0] -> 0x2697
mem[X,0x800002A2] -> 0x0000
[187] [M]: 0x800002A0 (0x00002697) auipc a3, 2
x13 <- 0x800022A0


mem[X,0x800002A4] -> 0x8693
mem[X,0x800002A6] -> 0xCE86
[188] [M]: 0x800002A4 (0xCE868693) addi a3, a3, 3304
x13 <- 0x80001F88


mem[X,0x800002A8] -> 0x0013
mem[X,0x800002AA] -> 0x0000
[189] [M]: 0x800002A8 (0x00000013) addi zero, zero, 0


mem[X,0x800002AC] -> 0x0013
mem[X,0x800002AE] -> 0x0000
[190] [M]: 0x800002AC (0x00000013) addi zero, zero, 0


mem[X,0x800002B0] -> 0x0013
mem[X,0x800002B2] -> 0x0000
[191] [M]: 0x800002B0 (0x00000013) addi zero, zero, 0


mem[X,0x800002B4] -> 0x0013
mem[X,0x800002B6] -> 0x0000
[192] [M]: 0x800002B4 (0x00000013) addi zero, zero, 0


mem[X,0x800002B8] -> 0x0013
mem[X,0x800002BA] -> 0x0000
[193] [M]: 0x800002B8 (0x00000013) addi zero, zero, 0


mem[X,0x800002BC] -> 0x0013
mem[X,0x800002BE] -> 0x0000
[194] [M]: 0x800002BC (0x00000013) addi zero, zero, 0


mem[X,0x800002C0] -> 0x5EA4
[195] [M]: 0x800002C0 (0x5EA4) c.lw s1, a3, 120
mem[R,0x80002000] -> 0xBABECAFE
x9 <- 0xBABECAFE


mem[X,0x800002C2] -> 0x0001
[196] [M]: 0x800002C2 (0x0001) c.nop


mem[X,0x800002C4] -> 0x0001
[197] [M]: 0x800002C4 (0x0001) c.nop


mem[X,0x800002C6] -> 0xAE23
mem[X,0x800002C8] -> 0x0090
[198] [M]: 0x800002C6 (0x0090AE23) sw s1, 28(ra)
mem[0x80003130] <- 0xBABECAFE


mem[X,0x800002CA] -> 0x0013
mem[X,0x800002CC] -> 0x0000
[199] [M]: 0x800002CA (0x00000013) addi zero, zero, 0


clint::tick mtime <- 0x0000000000000002
 clint timer pending at mtime 0x0000000000000002
htif::tick 0x0000000000000000
mem[X,0x800002CE] -> 0x0013
mem[X,0x800002D0] -> 0x0000
[200] [M]: 0x800002CE (0x00000013) addi zero, zero, 0


mem[X,0x800002D2] -> 0x0013
mem[X,0x800002D4] -> 0x0000
[201] [M]: 0x800002D2 (0x00000013) addi zero, zero, 0


mem[X,0x800002D6] -> 0x0013
mem[X,0x800002D8] -> 0x0000
[202] [M]: 0x800002D6 (0x00000013) addi zero, zero, 0


mem[X,0x800002DA] -> 0x0013
mem[X,0x800002DC] -> 0x0000
[203] [M]: 0x800002DA (0x00000013) addi zero, zero, 0


mem[X,0x800002DE] -> 0x0001
[204] [M]: 0x800002DE (0x0001) c.nop


mem[X,0x800002E0] -> 0x2597
mem[X,0x800002E2] -> 0x0000
[205] [M]: 0x800002E0 (0x00002597) auipc a1, 2
x11 <- 0x800022E0


mem[X,0x800002E4] -> 0x8593
mem[X,0x800002E6] -> 0xCAC5
[206] [M]: 0x800002E4 (0xCAC58593) addi a1, a1, 3244
x11 <- 0x80001F8C


mem[X,0x800002E8] -> 0x0013
mem[X,0x800002EA] -> 0x0000
[207] [M]: 0x800002E8 (0x00000013) addi zero, zero, 0


mem[X,0x800002EC] -> 0x0013
mem[X,0x800002EE] -> 0x0000
[208] [M]: 0x800002EC (0x00000013) addi zero, zero, 0


mem[X,0x800002F0] -> 0x0013
mem[X,0x800002F2] -> 0x0000
[209] [M]: 0x800002F0 (0x00000013) addi zero, zero, 0


mem[X,0x800002F4] -> 0x0013
mem[X,0x800002F6] -> 0x0000
[210] [M]: 0x800002F4 (0x00000013) addi zero, zero, 0


mem[X,0x800002F8] -> 0x0013
mem[X,0x800002FA] -> 0x0000
[211] [M]: 0x800002F8 (0x00000013) addi zero, zero, 0


mem[X,0x800002FC] -> 0x0013
mem[X,0x800002FE] -> 0x0000
[212] [M]: 0x800002FC (0x00000013) addi zero, zero, 0


mem[X,0x80000300] -> 0x59E8
[213] [M]: 0x80000300 (0x59E8) c.lw a0, a1, 116
mem[R,0x80002000] -> 0xBABECAFE
x10 <- 0xBABECAFE


mem[X,0x80000302] -> 0x0001
[214] [M]: 0x80000302 (0x0001) c.nop


mem[X,0x80000304] -> 0x0001
[215] [M]: 0x80000304 (0x0001) c.nop


mem[X,0x80000306] -> 0xA023
mem[X,0x80000308] -> 0x02A0
[216] [M]: 0x80000306 (0x02A0A023) sw a0, 32(ra)
mem[0x80003134] <- 0xBABECAFE


mem[X,0x8000030A] -> 0x0013
mem[X,0x8000030C] -> 0x0000
[217] [M]: 0x8000030A (0x00000013) addi zero, zero, 0


mem[X,0x8000030E] -> 0x0013
mem[X,0x80000310] -> 0x0000
[218] [M]: 0x8000030E (0x00000013) addi zero, zero, 0


mem[X,0x80000312] -> 0x0013
mem[X,0x80000314] -> 0x0000
[219] [M]: 0x80000312 (0x00000013) addi zero, zero, 0


mem[X,0x80000316] -> 0x0013
mem[X,0x80000318] -> 0x0000
[220] [M]: 0x80000316 (0x00000013) addi zero, zero, 0


mem[X,0x8000031A] -> 0x0013
mem[X,0x8000031C] -> 0x0000
[221] [M]: 0x8000031A (0x00000013) addi zero, zero, 0


mem[X,0x8000031E] -> 0x0001
[222] [M]: 0x8000031E (0x0001) c.nop


mem[X,0x80000320] -> 0x2597
mem[X,0x80000322] -> 0x0000
[223] [M]: 0x80000320 (0x00002597) auipc a1, 2
x11 <- 0x80002320


mem[X,0x80000324] -> 0x8593
mem[X,0x80000326] -> 0xC745
[224] [M]: 0x80000324 (0xC7458593) addi a1, a1, 3188
x11 <- 0x80001F94


mem[X,0x80000328] -> 0x0013
mem[X,0x8000032A] -> 0x0000
[225] [M]: 0x80000328 (0x00000013) addi zero, zero, 0


mem[X,0x8000032C] -> 0x0013
mem[X,0x8000032E] -> 0x0000
[226] [M]: 0x8000032C (0x00000013) addi zero, zero, 0


mem[X,0x80000330] -> 0x0013
mem[X,0x80000332] -> 0x0000
[227] [M]: 0x80000330 (0x00000013) addi zero, zero, 0


mem[X,0x80000334] -> 0x0013
mem[X,0x80000336] -> 0x0000
[228] [M]: 0x80000334 (0x00000013) addi zero, zero, 0


mem[X,0x80000338] -> 0x0013
mem[X,0x8000033A] -> 0x0000
[229] [M]: 0x80000338 (0x00000013) addi zero, zero, 0


mem[X,0x8000033C] -> 0x0013
mem[X,0x8000033E] -> 0x0000
[230] [M]: 0x8000033C (0x00000013) addi zero, zero, 0


mem[X,0x80000340] -> 0x55E8
[231] [M]: 0x80000340 (0x55E8) c.lw a0, a1, 108
mem[R,0x80002000] -> 0xBABECAFE
x10 <- 0xBABECAFE


mem[X,0x80000342] -> 0x0001
[232] [M]: 0x80000342 (0x0001) c.nop


mem[X,0x80000344] -> 0x0001
[233] [M]: 0x80000344 (0x0001) c.nop


mem[X,0x80000346] -> 0xA223
mem[X,0x80000348] -> 0x02A0
[234] [M]: 0x80000346 (0x02A0A223) sw a0, 36(ra)
mem[0x80003138] <- 0xBABECAFE


mem[X,0x8000034A] -> 0x0013
mem[X,0x8000034C] -> 0x0000
[235] [M]: 0x8000034A (0x00000013) addi zero, zero, 0


mem[X,0x8000034E] -> 0x0013
mem[X,0x80000350] -> 0x0000
[236] [M]: 0x8000034E (0x00000013) addi zero, zero, 0


mem[X,0x80000352] -> 0x0013
mem[X,0x80000354] -> 0x0000
[237] [M]: 0x80000352 (0x00000013) addi zero, zero, 0


mem[X,0x80000356] -> 0x0013
mem[X,0x80000358] -> 0x0000
[238] [M]: 0x80000356 (0x00000013) addi zero, zero, 0


mem[X,0x8000035A] -> 0x0013
mem[X,0x8000035C] -> 0x0000
[239] [M]: 0x8000035A (0x00000013) addi zero, zero, 0


mem[X,0x8000035E] -> 0x0001
[240] [M]: 0x8000035E (0x0001) c.nop


mem[X,0x80000360] -> 0x2597
mem[X,0x80000362] -> 0x0000
[241] [M]: 0x80000360 (0x00002597) auipc a1, 2
x11 <- 0x80002360


mem[X,0x80000364] -> 0x8593
mem[X,0x80000366] -> 0xC445
[242] [M]: 0x80000364 (0xC4458593) addi a1, a1, 3140
x11 <- 0x80001FA4


mem[X,0x80000368] -> 0x0013
mem[X,0x8000036A] -> 0x0000
[243] [M]: 0x80000368 (0x00000013) addi zero, zero, 0


mem[X,0x8000036C] -> 0x0013
mem[X,0x8000036E] -> 0x0000
[244] [M]: 0x8000036C (0x00000013) addi zero, zero, 0


mem[X,0x80000370] -> 0x0013
mem[X,0x80000372] -> 0x0000
[245] [M]: 0x80000370 (0x00000013) addi zero, zero, 0


mem[X,0x80000374] -> 0x0013
mem[X,0x80000376] -> 0x0000
[246] [M]: 0x80000374 (0x00000013) addi zero, zero, 0


mem[X,0x80000378] -> 0x0013
mem[X,0x8000037A] -> 0x0000
[247] [M]: 0x80000378 (0x00000013) addi zero, zero, 0


mem[X,0x8000037C] -> 0x0013
mem[X,0x8000037E] -> 0x0000
[248] [M]: 0x8000037C (0x00000013) addi zero, zero, 0


mem[X,0x80000380] -> 0x4DE8
[249] [M]: 0x80000380 (0x4DE8) c.lw a0, a1, 92
mem[R,0x80002000] -> 0xBABECAFE
x10 <- 0xBABECAFE


mem[X,0x80000382] -> 0x0001
[250] [M]: 0x80000382 (0x0001) c.nop


mem[X,0x80000384] -> 0x0001
[251] [M]: 0x80000384 (0x0001) c.nop


mem[X,0x80000386] -> 0xA423
mem[X,0x80000388] -> 0x02A0
[252] [M]: 0x80000386 (0x02A0A423) sw a0, 40(ra)
mem[0x8000313C] <- 0xBABECAFE


mem[X,0x8000038A] -> 0x0013
mem[X,0x8000038C] -> 0x0000
[253] [M]: 0x8000038A (0x00000013) addi zero, zero, 0


mem[X,0x8000038E] -> 0x0013
mem[X,0x80000390] -> 0x0000
[254] [M]: 0x8000038E (0x00000013) addi zero, zero, 0


mem[X,0x80000392] -> 0x0013
mem[X,0x80000394] -> 0x0000
[255] [M]: 0x80000392 (0x00000013) addi zero, zero, 0


mem[X,0x80000396] -> 0x0013
mem[X,0x80000398] -> 0x0000
[256] [M]: 0x80000396 (0x00000013) addi zero, zero, 0


mem[X,0x8000039A] -> 0x0013
mem[X,0x8000039C] -> 0x0000
[257] [M]: 0x8000039A (0x00000013) addi zero, zero, 0


mem[X,0x8000039E] -> 0x0001
[258] [M]: 0x8000039E (0x0001) c.nop


mem[X,0x800003A0] -> 0x2597
mem[X,0x800003A2] -> 0x0000
[259] [M]: 0x800003A0 (0x00002597) auipc a1, 2
x11 <- 0x800023A0


mem[X,0x800003A4] -> 0x8593
mem[X,0x800003A6] -> 0xC245
[260] [M]: 0x800003A4 (0xC2458593) addi a1, a1, 3108
x11 <- 0x80001FC4


mem[X,0x800003A8] -> 0x0013
mem[X,0x800003AA] -> 0x0000
[261] [M]: 0x800003A8 (0x00000013) addi zero, zero, 0


mem[X,0x800003AC] -> 0x0013
mem[X,0x800003AE] -> 0x0000
[262] [M]: 0x800003AC (0x00000013) addi zero, zero, 0


mem[X,0x800003B0] -> 0x0013
mem[X,0x800003B2] -> 0x0000
[263] [M]: 0x800003B0 (0x00000013) addi zero, zero, 0


mem[X,0x800003B4] -> 0x0013
mem[X,0x800003B6] -> 0x0000
[264] [M]: 0x800003B4 (0x00000013) addi zero, zero, 0


mem[X,0x800003B8] -> 0x0013
mem[X,0x800003BA] -> 0x0000
[265] [M]: 0x800003B8 (0x00000013) addi zero, zero, 0


mem[X,0x800003BC] -> 0x0013
mem[X,0x800003BE] -> 0x0000
[266] [M]: 0x800003BC (0x00000013) addi zero, zero, 0


mem[X,0x800003C0] -> 0x5DC8
[267] [M]: 0x800003C0 (0x5DC8) c.lw a0, a1, 60
mem[R,0x80002000] -> 0xBABECAFE
x10 <- 0xBABECAFE


mem[X,0x800003C2] -> 0x0001
[268] [M]: 0x800003C2 (0x0001) c.nop


mem[X,0x800003C4] -> 0x0001
[269] [M]: 0x800003C4 (0x0001) c.nop


mem[X,0x800003C6] -> 0xA623
mem[X,0x800003C8] -> 0x02A0
[270] [M]: 0x800003C6 (0x02A0A623) sw a0, 44(ra)
mem[0x80003140] <- 0xBABECAFE


mem[X,0x800003CA] -> 0x0013
mem[X,0x800003CC] -> 0x0000
[271] [M]: 0x800003CA (0x00000013) addi zero, zero, 0


mem[X,0x800003CE] -> 0x0013
mem[X,0x800003D0] -> 0x0000
[272] [M]: 0x800003CE (0x00000013) addi zero, zero, 0


mem[X,0x800003D2] -> 0x0013
mem[X,0x800003D4] -> 0x0000
[273] [M]: 0x800003D2 (0x00000013) addi zero, zero, 0


mem[X,0x800003D6] -> 0x0013
mem[X,0x800003D8] -> 0x0000
[274] [M]: 0x800003D6 (0x00000013) addi zero, zero, 0


mem[X,0x800003DA] -> 0x0013
mem[X,0x800003DC] -> 0x0000
[275] [M]: 0x800003DA (0x00000013) addi zero, zero, 0


mem[X,0x800003DE] -> 0x0001
[276] [M]: 0x800003DE (0x0001) c.nop


mem[X,0x800003E0] -> 0x2597
mem[X,0x800003E2] -> 0x0000
[277] [M]: 0x800003E0 (0x00002597) auipc a1, 2
x11 <- 0x800023E0


mem[X,0x800003E4] -> 0x8593
mem[X,0x800003E6] -> 0xBCC5
[278] [M]: 0x800003E4 (0xBCC58593) addi a1, a1, 3020
x11 <- 0x80001FAC


mem[X,0x800003E8] -> 0x0013
mem[X,0x800003EA] -> 0x0000
[279] [M]: 0x800003E8 (0x00000013) addi zero, zero, 0


mem[X,0x800003EC] -> 0x0013
mem[X,0x800003EE] -> 0x0000
[280] [M]: 0x800003EC (0x00000013) addi zero, zero, 0


mem[X,0x800003F0] -> 0x0013
mem[X,0x800003F2] -> 0x0000
[281] [M]: 0x800003F0 (0x00000013) addi zero, zero, 0


mem[X,0x800003F4] -> 0x0013
mem[X,0x800003F6] -> 0x0000
[282] [M]: 0x800003F4 (0x00000013) addi zero, zero, 0


mem[X,0x800003F8] -> 0x0013
mem[X,0x800003FA] -> 0x0000
[283] [M]: 0x800003F8 (0x00000013) addi zero, zero, 0


mem[X,0x800003FC] -> 0x0013
mem[X,0x800003FE] -> 0x0000
[284] [M]: 0x800003FC (0x00000013) addi zero, zero, 0


mem[X,0x80000400] -> 0x49E8
[285] [M]: 0x80000400 (0x49E8) c.lw a0, a1, 84
mem[R,0x80002000] -> 0xBABECAFE
x10 <- 0xBABECAFE


mem[X,0x80000402] -> 0x0001
[286] [M]: 0x80000402 (0x0001) c.nop


mem[X,0x80000404] -> 0x0001
[287] [M]: 0x80000404 (0x0001) c.nop


mem[X,0x80000406] -> 0xA823
mem[X,0x80000408] -> 0x02A0
[288] [M]: 0x80000406 (0x02A0A823) sw a0, 48(ra)
mem[0x80003144] <- 0xBABECAFE


mem[X,0x8000040A] -> 0x0013
mem[X,0x8000040C] -> 0x0000
[289] [M]: 0x8000040A (0x00000013) addi zero, zero, 0


mem[X,0x8000040E] -> 0x0013
mem[X,0x80000410] -> 0x0000
[290] [M]: 0x8000040E (0x00000013) addi zero, zero, 0


mem[X,0x80000412] -> 0x0013
mem[X,0x80000414] -> 0x0000
[291] [M]: 0x80000412 (0x00000013) addi zero, zero, 0


mem[X,0x80000416] -> 0x0013
mem[X,0x80000418] -> 0x0000
[292] [M]: 0x80000416 (0x00000013) addi zero, zero, 0


mem[X,0x8000041A] -> 0x0013
mem[X,0x8000041C] -> 0x0000
[293] [M]: 0x8000041A (0x00000013) addi zero, zero, 0


mem[X,0x8000041E] -> 0x0001
[294] [M]: 0x8000041E (0x0001) c.nop


mem[X,0x80000420] -> 0x2597
mem[X,0x80000422] -> 0x0000
[295] [M]: 0x80000420 (0x00002597) auipc a1, 2
x11 <- 0x80002420


mem[X,0x80000424] -> 0x8593
mem[X,0x80000426] -> 0xBB85
[296] [M]: 0x80000424 (0xBB858593) addi a1, a1, 3000
x11 <- 0x80001FD8


mem[X,0x80000428] -> 0x0013
mem[X,0x8000042A] -> 0x0000
[297] [M]: 0x80000428 (0x00000013) addi zero, zero, 0


mem[X,0x8000042C] -> 0x0013
mem[X,0x8000042E] -> 0x0000
[298] [M]: 0x8000042C (0x00000013) addi zero, zero, 0


mem[X,0x80000430] -> 0x0013
mem[X,0x80000432] -> 0x0000
[299] [M]: 0x80000430 (0x00000013) addi zero, zero, 0


clint::tick mtime <- 0x0000000000000003
 clint timer pending at mtime 0x0000000000000003
htif::tick 0x0000000000000000
mem[X,0x80000434] -> 0x0013
mem[X,0x80000436] -> 0x0000
[300] [M]: 0x80000434 (0x00000013) addi zero, zero, 0


mem[X,0x80000438] -> 0x0013
mem[X,0x8000043A] -> 0x0000
[301] [M]: 0x80000438 (0x00000013) addi zero, zero, 0


mem[X,0x8000043C] -> 0x0013
mem[X,0x8000043E] -> 0x0000
[302] [M]: 0x8000043C (0x00000013) addi zero, zero, 0


mem[X,0x80000440] -> 0x5588
[303] [M]: 0x80000440 (0x5588) c.lw a0, a1, 40
mem[R,0x80002000] -> 0xBABECAFE
x10 <- 0xBABECAFE


mem[X,0x80000442] -> 0x0001
[304] [M]: 0x80000442 (0x0001) c.nop


mem[X,0x80000444] -> 0x0001
[305] [M]: 0x80000444 (0x0001) c.nop


mem[X,0x80000446] -> 0xAA23
mem[X,0x80000448] -> 0x02A0
[306] [M]: 0x80000446 (0x02A0AA23) sw a0, 52(ra)
mem[0x80003148] <- 0xBABECAFE


mem[X,0x8000044A] -> 0x006F
mem[X,0x8000044C] -> 0x0200
[307] [M]: 0x8000044A (0x0200006F) jal zero, 32


mem[X,0x8000046A] -> 0x4085
[308] [M]: 0x8000046A (0x4085) c.li ra, 1
x1 <- 0x00000001


mem[X,0x8000046C] -> 0x1F17
mem[X,0x8000046E] -> 0x0000
[309] [M]: 0x8000046C (0x00001F17) auipc t5, 1
x30 <- 0x8000146C


mem[X,0x80000470] -> 0x2A23
mem[X,0x80000472] -> 0xB81F
[310] [M]: 0x80000470 (0xB81F2A23) sw ra, 2964(t5)
htif[0x80001000] <- 0x00000001


mem[X,0x80000474] -> 0xBFE5
[311] [M]: 0x80000474 (0xBFE5) c.j 2044


mem[X,0x8000046C] -> 0x1F17
mem[X,0x8000046E] -> 0x0000
[312] [M]: 0x8000046C (0x00001F17) auipc t5, 1
x30 <- 0x8000146C


mem[X,0x80000470] -> 0x2A23
mem[X,0x80000472] -> 0xB81F
[313] [M]: 0x80000470 (0xB81F2A23) sw ra, 2964(t5)
htif[0x80001000] <- 0x00000001


mem[X,0x80000474] -> 0xBFE5
[314] [M]: 0x80000474 (0xBFE5) c.j 2044


mem[X,0x8000046C] -> 0x1F17
mem[X,0x8000046E] -> 0x0000
[315] [M]: 0x8000046C (0x00001F17) auipc t5, 1
x30 <- 0x8000146C


mem[X,0x80000470] -> 0x2A23
mem[X,0x80000472] -> 0xB81F
[316] [M]: 0x80000470 (0xB81F2A23) sw ra, 2964(t5)
htif[0x80001000] <- 0x00000001
htif-syscall-proxy cmd: 0x000000000001

SUCCESS
