using /home/force/Desktop/work/compliance_testing/our_riscv/work/riscof_work/C/src/cj-01.S/ref/Reference-sail_c_simulator.signature for test-signature output.
[Sail] Allocating new block 0x80000000
tohost located at 0x80002000
[Sail] Allocating new block 0x0

Running file ref.elf.
ELF Entry @ 0x80000000
begin_signature: 0x80004110
end_signature: 0x80004160
CSR mstatus <- 0x00000000 (input: 0x00000000)
mem[X,0x00001000] -> 0x0297
mem[X,0x00001002] -> 0x0000
[0] [M]: 0x00001000 (0x00000297) auipc t0, 0
x5 <- 0x00001000


mem[X,0x00001004] -> 0x8593
mem[X,0x00001006] -> 0x0202
[1] [M]: 0x00001004 (0x02028593) addi a1, t0, 32
x11 <- 0x00001020


mem[X,0x00001008] -> 0x2573
mem[X,0x0000100A] -> 0xF140
[2] [M]: 0x00001008 (0xF1402573) csrrs a0, mhartid, zero
CSR mhartid -> 0x00000000
x10 <- 0x00000000


mem[X,0x0000100C] -> 0xA283
mem[X,0x0000100E] -> 0x0182
[3] [M]: 0x0000100C (0x0182A283) lw t0, 24(t0)
mem[R,0x00001018] -> 0x80000000
x5 <- 0x80000000


mem[X,0x00001010] -> 0x8067
mem[X,0x00001012] -> 0x0002
[4] [M]: 0x00001010 (0x00028067) jalr zero, t0, 0


mem[X,0x80000000] -> 0xC0B7
mem[X,0x80000002] -> 0xFEED
[5] [M]: 0x80000000 (0xFEEDC0B7) lui ra, 1044188
x1 <- 0xFEEDC000


mem[X,0x80000004] -> 0x8093
mem[X,0x80000006] -> 0xEAD0
[6] [M]: 0x80000004 (0xEAD08093) addi ra, ra, 3757
x1 <- 0xFEEDBEAD


mem[X,0x80000008] -> 0xE137
mem[X,0x8000000A] -> 0xFF76
[7] [M]: 0x80000008 (0xFF76E137) lui sp, 1046382
x2 <- 0xFF76E000


mem[X,0x8000000C] -> 0x0113
mem[X,0x8000000E] -> 0xF561
[8] [M]: 0x8000000C (0xF5610113) addi sp, sp, 3926
x2 <- 0xFF76DF56


mem[X,0x80000010] -> 0x71B7
mem[X,0x80000012] -> 0x7FBB
[9] [M]: 0x80000010 (0x7FBB71B7) lui gp, 523191
x3 <- 0x7FBB7000


mem[X,0x80000014] -> 0x8193
mem[X,0x80000016] -> 0xFAB1
[10] [M]: 0x80000014 (0xFAB18193) addi gp, gp, 4011
x3 <- 0x7FBB6FAB


mem[X,0x80000018] -> 0xB237
mem[X,0x8000001A] -> 0xBFDD
[11] [M]: 0x80000018 (0xBFDDB237) lui tp, 785883
x4 <- 0xBFDDB000


mem[X,0x8000001C] -> 0x0213
mem[X,0x8000001E] -> 0x7D52
[12] [M]: 0x8000001C (0x7D520213) addi tp, tp, 2005
x4 <- 0xBFDDB7D5


mem[X,0x80000020] -> 0x0297
mem[X,0x80000022] -> 0x0000
[13] [M]: 0x80000020 (0x00000297) auipc t0, 0
x5 <- 0x80000020


mem[X,0x80000024] -> 0x8293
mem[X,0x80000026] -> 0x0882
[14] [M]: 0x80000024 (0x08828293) addi t0, t0, 136
x5 <- 0x800000A8


mem[X,0x80000028] -> 0x0013
mem[X,0x8000002A] -> 0x0000
[15] [M]: 0x80000028 (0x00000013) addi zero, zero, 0


mem[X,0x8000002C] -> 0x0013
mem[X,0x8000002E] -> 0x0000
[16] [M]: 0x8000002C (0x00000013) addi zero, zero, 0


mem[X,0x80000030] -> 0x0013
mem[X,0x80000032] -> 0x0000
[17] [M]: 0x80000030 (0x00000013) addi zero, zero, 0


mem[X,0x80000034] -> 0x0013
mem[X,0x80000036] -> 0x0000
[18] [M]: 0x80000034 (0x00000013) addi zero, zero, 0


mem[X,0x80000038] -> 0x0013
mem[X,0x8000003A] -> 0x0000
[19] [M]: 0x80000038 (0x00000013) addi zero, zero, 0


mem[X,0x8000003C] -> 0x0013
mem[X,0x8000003E] -> 0x0000
[20] [M]: 0x8000003C (0x00000013) addi zero, zero, 0


mem[X,0x80000040] -> 0x3317
mem[X,0x80000042] -> 0x0000
[21] [M]: 0x80000040 (0x00003317) auipc t1, 3
x6 <- 0x80003040


mem[X,0x80000044] -> 0x0313
mem[X,0x80000046] -> 0xFC03
[22] [M]: 0x80000044 (0xFC030313) addi t1, t1, 4032
x6 <- 0x80003000


mem[X,0x80000048] -> 0x0013
mem[X,0x8000004A] -> 0x0000
[23] [M]: 0x80000048 (0x00000013) addi zero, zero, 0


mem[X,0x8000004C] -> 0x0013
mem[X,0x8000004E] -> 0x0000
[24] [M]: 0x8000004C (0x00000013) addi zero, zero, 0


mem[X,0x80000050] -> 0x0013
mem[X,0x80000052] -> 0x0000
[25] [M]: 0x80000050 (0x00000013) addi zero, zero, 0


mem[X,0x80000054] -> 0x0013
mem[X,0x80000056] -> 0x0000
[26] [M]: 0x80000054 (0x00000013) addi zero, zero, 0


mem[X,0x80000058] -> 0x0013
mem[X,0x8000005A] -> 0x0000
[27] [M]: 0x80000058 (0x00000013) addi zero, zero, 0


mem[X,0x8000005C] -> 0x0013
mem[X,0x8000005E] -> 0x0000
[28] [M]: 0x8000005C (0x00000013) addi zero, zero, 0


mem[X,0x80000060] -> 0xB3B7
mem[X,0x80000062] -> 0xB7FB
[29] [M]: 0x80000060 (0xB7FBB3B7) lui t2, 753595
x7 <- 0xB7FBB000


mem[X,0x80000064] -> 0x8393
mem[X,0x80000066] -> 0x6FA3
[30] [M]: 0x80000064 (0x6FA38393) addi t2, t2, 1786
x7 <- 0xB7FBB6FA


mem[X,0x80000068] -> 0xE437
mem[X,0x8000006A] -> 0x5BFD
[31] [M]: 0x80000068 (0x5BFDE437) lui fp, 376798
x8 <- 0x5BFDE000


mem[X,0x8000006C] -> 0x0413
mem[X,0x8000006E] -> 0xB7D4
[32] [M]: 0x8000006C (0xB7D40413) addi fp, fp, 2941
x8 <- 0x5BFDDB7D


mem[X,0x80000070] -> 0xF4B7
mem[X,0x80000072] -> 0xADFE
[33] [M]: 0x80000070 (0xADFEF4B7) lui s1, 712687
x9 <- 0xADFEF000


mem[X,0x80000074] -> 0x8493
mem[X,0x80000076] -> 0xDBE4
[34] [M]: 0x80000074 (0xDBE48493) addi s1, s1, 3518
x9 <- 0xADFEEDBE


mem[X,0x80000078] -> 0x7537
mem[X,0x8000007A] -> 0x56FF
[35] [M]: 0x80000078 (0x56FF7537) lui a0, 356343
x10 <- 0x56FF7000


mem[X,0x8000007C] -> 0x0513
mem[X,0x8000007E] -> 0x6DF5
[36] [M]: 0x8000007C (0x6DF50513) addi a0, a0, 1759
x10 <- 0x56FF76DF


mem[X,0x80000080] -> 0xC5B7
mem[X,0x80000082] -> 0xAB7F
[37] [M]: 0x80000080 (0xAB7FC5B7) lui a1, 702460
x11 <- 0xAB7FC000


mem[X,0x80000084] -> 0x8593
mem[X,0x80000086] -> 0xB6F5
[38] [M]: 0x80000084 (0xB6F58593) addi a1, a1, 2927
x11 <- 0xAB7FBB6F


mem[X,0x80000088] -> 0xE637
mem[X,0x8000008A] -> 0xD5BF
[39] [M]: 0x80000088 (0xD5BFE637) lui a2, 875518
x12 <- 0xD5BFE000


mem[X,0x8000008C] -> 0x0613
mem[X,0x8000008E] -> 0xDB76
[40] [M]: 0x8000008C (0xDB760613) addi a2, a2, 3511
x12 <- 0xD5BFDDB7


mem[X,0x80000090] -> 0xF6B7
mem[X,0x80000092] -> 0xEADF
[41] [M]: 0x80000090 (0xEADFF6B7) lui a3, 962047
x13 <- 0xEADFF000


mem[X,0x80000094] -> 0x8693
mem[X,0x80000096] -> 0xEDB6
[42] [M]: 0x80000094 (0xEDB68693) addi a3, a3, 3803
x13 <- 0xEADFEEDB


mem[X,0x80000098] -> 0xF737
mem[X,0x8000009A] -> 0xF56F
[43] [M]: 0x80000098 (0xF56FF737) lui a4, 1005311
x14 <- 0xF56FF000


mem[X,0x8000009C] -> 0x0713
mem[X,0x8000009E] -> 0x76D7
[44] [M]: 0x8000009C (0x76D70713) addi a4, a4, 1901
x14 <- 0xF56FF76D


mem[X,0x800000A0] -> 0x07B7
mem[X,0x800000A2] -> 0xFAB8
[45] [M]: 0x800000A0 (0xFAB807B7) lui a5, 1026944
x15 <- 0xFAB80000


mem[X,0x800000A4] -> 0x8793
mem[X,0x800000A6] -> 0xBB67
[46] [M]: 0x800000A4 (0xBB678793) addi a5, a5, 2998
x15 <- 0xFAB7FBB6


mem[X,0x800000A8] -> 0x0013
mem[X,0x800000AA] -> 0x0000
[47] [M]: 0x800000A8 (0x00000013) addi zero, zero, 0


mem[X,0x800000AC] -> 0x0013
mem[X,0x800000AE] -> 0x0000
[48] [M]: 0x800000AC (0x00000013) addi zero, zero, 0


mem[X,0x800000B0] -> 0x0013
mem[X,0x800000B2] -> 0x0000
[49] [M]: 0x800000B0 (0x00000013) addi zero, zero, 0


mem[X,0x800000B4] -> 0x0013
mem[X,0x800000B6] -> 0x0000
[50] [M]: 0x800000B4 (0x00000013) addi zero, zero, 0


mem[X,0x800000B8] -> 0x0013
mem[X,0x800000BA] -> 0x0000
[51] [M]: 0x800000B8 (0x00000013) addi zero, zero, 0


mem[X,0x800000BC] -> 0x0013
mem[X,0x800000BE] -> 0x0000
[52] [M]: 0x800000BC (0x00000013) addi zero, zero, 0


mem[X,0x800000C0] -> 0x4097
mem[X,0x800000C2] -> 0x0000
[53] [M]: 0x800000C0 (0x00004097) auipc ra, 4
x1 <- 0x800040C0


mem[X,0x800000C4] -> 0x8093
mem[X,0x800000C6] -> 0x0540
[54] [M]: 0x800000C4 (0x05408093) addi ra, ra, 84
x1 <- 0x80004114


mem[X,0x800000C8] -> 0x0013
mem[X,0x800000CA] -> 0x0000
[55] [M]: 0x800000C8 (0x00000013) addi zero, zero, 0


mem[X,0x800000CC] -> 0x0013
mem[X,0x800000CE] -> 0x0000
[56] [M]: 0x800000CC (0x00000013) addi zero, zero, 0


mem[X,0x800000D0] -> 0x0013
mem[X,0x800000D2] -> 0x0000
[57] [M]: 0x800000D0 (0x00000013) addi zero, zero, 0


mem[X,0x800000D4] -> 0x0013
mem[X,0x800000D6] -> 0x0000
[58] [M]: 0x800000D4 (0x00000013) addi zero, zero, 0


mem[X,0x800000D8] -> 0x0013
mem[X,0x800000DA] -> 0x0000
[59] [M]: 0x800000D8 (0x00000013) addi zero, zero, 0


mem[X,0x800000DC] -> 0x0013
mem[X,0x800000DE] -> 0x0000
[60] [M]: 0x800000DC (0x00000013) addi zero, zero, 0


mem[X,0x800000E0] -> 0x006F
mem[X,0x800000E2] -> 0x0100
[61] [M]: 0x800000E0 (0x0100006F) jal zero, 16


mem[X,0x800000F0] -> 0xA101
[62] [M]: 0x800000F0 (0xA101) c.j 512


mem[X,0x800004F0] -> 0x010D
[63] [M]: 0x800004F0 (0x010D) c.addi sp, 3
x2 <- 0xFF76DF59


mem[X,0x800004F2] -> 0xA023
mem[X,0x800004F4] -> 0x0020
[64] [M]: 0x800004F2 (0x0020A023) sw sp, 0(ra)
mem[0x80004114] <- 0xFF76DF59


mem[X,0x800004F6] -> 0x006F
mem[X,0x800004F8] -> 0x0100
[65] [M]: 0x800004F6 (0x0100006F) jal zero, 16


mem[X,0x80000506] -> 0xBFE5
[66] [M]: 0x80000506 (0xBFE5) c.j 2044


mem[X,0x800004FE] -> 0x0113
mem[X,0x80000500] -> 0x0011
[67] [M]: 0x800004FE (0x00110113) addi sp, sp, 1
x2 <- 0xFF76DF5A


mem[X,0x80000502] -> 0x006F
mem[X,0x80000504] -> 0x0100
[68] [M]: 0x80000502 (0x0100006F) jal zero, 16


mem[X,0x80000512] -> 0xA223
mem[X,0x80000514] -> 0x0020
[69] [M]: 0x80000512 (0x0020A223) sw sp, 4(ra)
mem[0x80004118] <- 0xFF76DF5A


mem[X,0x80000516] -> 0x006F
mem[X,0x80000518] -> 0x0100
[70] [M]: 0x80000516 (0x0100006F) jal zero, 16


mem[X,0x80000526] -> 0xA801
[71] [M]: 0x80000526 (0xA801) c.j 8


mem[X,0x80000536] -> 0x010D
[72] [M]: 0x80000536 (0x010D) c.addi sp, 3
x2 <- 0xFF76DF5D


mem[X,0x80000538] -> 0xA423
mem[X,0x8000053A] -> 0x0020
[73] [M]: 0x80000538 (0x0020A423) sw sp, 8(ra)
mem[0x8000411C] <- 0xFF76DF5D


mem[X,0x8000053C] -> 0x006F
mem[X,0x8000053E] -> 0x0100
[74] [M]: 0x8000053C (0x0100006F) jal zero, 16


mem[X,0x8000054C] -> 0xA005
[75] [M]: 0x8000054C (0xA005) c.j 16


mem[X,0x8000056C] -> 0x010D
[76] [M]: 0x8000056C (0x010D) c.addi sp, 3
x2 <- 0xFF76DF60


mem[X,0x8000056E] -> 0xA623
mem[X,0x80000570] -> 0x0020
[77] [M]: 0x8000056E (0x0020A623) sw sp, 12(ra)
mem[0x80004120] <- 0xFF76DF60


mem[X,0x80000572] -> 0x006F
mem[X,0x80000574] -> 0x0100
[78] [M]: 0x80000572 (0x0100006F) jal zero, 16


mem[X,0x80000582] -> 0xA081
[79] [M]: 0x80000582 (0xA081) c.j 32


mem[X,0x800005C2] -> 0x010D
[80] [M]: 0x800005C2 (0x010D) c.addi sp, 3
x2 <- 0xFF76DF63


mem[X,0x800005C4] -> 0xA823
mem[X,0x800005C6] -> 0x0020
[81] [M]: 0x800005C4 (0x0020A823) sw sp, 16(ra)
mem[0x80004124] <- 0xFF76DF63


mem[X,0x800005C8] -> 0x006F
mem[X,0x800005CA] -> 0x0100
[82] [M]: 0x800005C8 (0x0100006F) jal zero, 16


mem[X,0x800005D8] -> 0xA041
[83] [M]: 0x800005D8 (0xA041) c.j 64


mem[X,0x80000658] -> 0x010D
[84] [M]: 0x80000658 (0x010D) c.addi sp, 3
x2 <- 0xFF76DF66


mem[X,0x8000065A] -> 0xAA23
mem[X,0x8000065C] -> 0x0020
[85] [M]: 0x8000065A (0x0020AA23) sw sp, 20(ra)
mem[0x80004128] <- 0xFF76DF66


mem[X,0x8000065E] -> 0x006F
mem[X,0x80000660] -> 0x0100
[86] [M]: 0x8000065E (0x0100006F) jal zero, 16


mem[X,0x8000066E] -> 0xA201
[87] [M]: 0x8000066E (0xA201) c.j 128


mem[X,0x8000076E] -> 0x010D
[88] [M]: 0x8000076E (0x010D) c.addi sp, 3
x2 <- 0xFF76DF69


mem[X,0x80000770] -> 0xAC23
mem[X,0x80000772] -> 0x0020
[89] [M]: 0x80000770 (0x0020AC23) sw sp, 24(ra)
mem[0x8000412C] <- 0xFF76DF69


mem[X,0x80000774] -> 0x006F
mem[X,0x80000776] -> 0x0100
[90] [M]: 0x80000774 (0x0100006F) jal zero, 16


mem[X,0x80000784] -> 0xA401
[91] [M]: 0x80000784 (0xA401) c.j 256


mem[X,0x80000984] -> 0x010D
[92] [M]: 0x80000984 (0x010D) c.addi sp, 3
x2 <- 0xFF76DF6C


mem[X,0x80000986] -> 0xAE23
mem[X,0x80000988] -> 0x0020
[93] [M]: 0x80000986 (0x0020AE23) sw sp, 28(ra)
mem[0x80004130] <- 0xFF76DF6C


mem[X,0x8000098A] -> 0x006F
mem[X,0x8000098C] -> 0x0120
[94] [M]: 0x8000098A (0x0120006F) jal zero, 18


mem[X,0x8000099C] -> 0xBFDD
[95] [M]: 0x8000099C (0xBFDD) c.j 2043


mem[X,0x80000992] -> 0x0113
mem[X,0x80000994] -> 0x0011
[96] [M]: 0x80000992 (0x00110113) addi sp, sp, 1
x2 <- 0xFF76DF6D


mem[X,0x80000996] -> 0x006F
mem[X,0x80000998] -> 0x0120
[97] [M]: 0x80000996 (0x0120006F) jal zero, 18


mem[X,0x800009A8] -> 0xA023
mem[X,0x800009AA] -> 0x0220
[98] [M]: 0x800009A8 (0x0220A023) sw sp, 32(ra)
mem[0x80004134] <- 0xFF76DF6D


mem[X,0x800009AC] -> 0x006F
mem[X,0x800009AE] -> 0x01A0
[99] [M]: 0x800009AC (0x01A0006F) jal zero, 26


clint::tick mtime <- 0x0000000000000001
 clint timer pending at mtime 0x0000000000000001
htif::tick 0x0000000000000000
mem[X,0x800009C6] -> 0xB7FD
[100] [M]: 0x800009C6 (0xB7FD) c.j 2039


mem[X,0x800009B4] -> 0x0113
mem[X,0x800009B6] -> 0x0011
[101] [M]: 0x800009B4 (0x00110113) addi sp, sp, 1
x2 <- 0xFF76DF6E


mem[X,0x800009B8] -> 0x006F
mem[X,0x800009BA] -> 0x01A0
[102] [M]: 0x800009B8 (0x01A0006F) jal zero, 26


mem[X,0x800009D2] -> 0xA223
mem[X,0x800009D4] -> 0x0220
[103] [M]: 0x800009D2 (0x0220A223) sw sp, 36(ra)
mem[0x80004138] <- 0xFF76DF6E


mem[X,0x800009D6] -> 0x006F
mem[X,0x800009D8] -> 0x02A0
[104] [M]: 0x800009D6 (0x02A0006F) jal zero, 42


mem[X,0x80000A00] -> 0xBFF9
[105] [M]: 0x80000A00 (0xBFF9) c.j 2031


mem[X,0x800009DE] -> 0x0113
mem[X,0x800009E0] -> 0x0011
[106] [M]: 0x800009DE (0x00110113) addi sp, sp, 1
x2 <- 0xFF76DF6F


mem[X,0x800009E2] -> 0x006F
mem[X,0x800009E4] -> 0x02A0
[107] [M]: 0x800009E2 (0x02A0006F) jal zero, 42


mem[X,0x80000A0C] -> 0xA423
mem[X,0x80000A0E] -> 0x0220
[108] [M]: 0x80000A0C (0x0220A423) sw sp, 40(ra)
mem[0x8000413C] <- 0xFF76DF6F


mem[X,0x80000A10] -> 0x006F
mem[X,0x80000A12] -> 0x40A0
[109] [M]: 0x80000A10 (0x40A0006F) jal zero, 1034


mem[X,0x80000E1A] -> 0xBEFD
[110] [M]: 0x80000E1A (0xBEFD) c.j 1535


mem[X,0x80000A18] -> 0x0113
mem[X,0x80000A1A] -> 0x0011
[111] [M]: 0x80000A18 (0x00110113) addi sp, sp, 1
x2 <- 0xFF76DF70


mem[X,0x80000A1C] -> 0x006F
mem[X,0x80000A1E] -> 0x40A0
[112] [M]: 0x80000A1C (0x40A0006F) jal zero, 1034


mem[X,0x80000E26] -> 0xA623
mem[X,0x80000E28] -> 0x0220
[113] [M]: 0x80000E26 (0x0220A623) sw sp, 44(ra)
mem[0x80004140] <- 0xFF76DF70


mem[X,0x80000E2A] -> 0x006F
mem[X,0x80000E2C] -> 0x55E0
[114] [M]: 0x80000E2A (0x55E0006F) jal zero, 1374


mem[X,0x80001388] -> 0xB46D
[115] [M]: 0x80001388 (0xB46D) c.j 1365


mem[X,0x80000E32] -> 0x0113
mem[X,0x80000E34] -> 0x0011
[116] [M]: 0x80000E32 (0x00110113) addi sp, sp, 1
x2 <- 0xFF76DF71


mem[X,0x80000E36] -> 0x006F
mem[X,0x80000E38] -> 0x55E0
[117] [M]: 0x80000E36 (0x55E0006F) jal zero, 1374


mem[X,0x80001394] -> 0xA823
mem[X,0x80001396] -> 0x0220
[118] [M]: 0x80001394 (0x0220A823) sw sp, 48(ra)
mem[0x80004144] <- 0xFF76DF71


mem[X,0x80001398] -> 0x006F
mem[X,0x8000139A] -> 0x0100
[119] [M]: 0x80001398 (0x0100006F) jal zero, 16


mem[X,0x800013A8] -> 0xAB91
[120] [M]: 0x800013A8 (0xAB91) c.j 682


mem[X,0x800018FC] -> 0x010D
[121] [M]: 0x800018FC (0x010D) c.addi sp, 3
x2 <- 0xFF76DF74


mem[X,0x800018FE] -> 0xAA23
mem[X,0x80001900] -> 0x0220
[122] [M]: 0x800018FE (0x0220AA23) sw sp, 52(ra)
mem[0x80004148] <- 0xFF76DF74


mem[X,0x80001902] -> 0x006F
mem[X,0x80001904] -> 0x04A0
[123] [M]: 0x80001902 (0x04A0006F) jal zero, 74


mem[X,0x8000194C] -> 0xBF7D
[124] [M]: 0x8000194C (0xBF7D) c.j 2015


mem[X,0x8000190A] -> 0x0113
mem[X,0x8000190C] -> 0x0011
[125] [M]: 0x8000190A (0x00110113) addi sp, sp, 1
x2 <- 0xFF76DF75


mem[X,0x8000190E] -> 0x006F
mem[X,0x80001910] -> 0x04A0
[126] [M]: 0x8000190E (0x04A0006F) jal zero, 74


mem[X,0x80001958] -> 0xAC23
mem[X,0x8000195A] -> 0x0220
[127] [M]: 0x80001958 (0x0220AC23) sw sp, 56(ra)
mem[0x8000414C] <- 0xFF76DF75


mem[X,0x8000195C] -> 0x006F
mem[X,0x8000195E] -> 0x08A0
[128] [M]: 0x8000195C (0x08A0006F) jal zero, 138


mem[X,0x800019E6] -> 0xBFBD
[129] [M]: 0x800019E6 (0xBFBD) c.j 1983


mem[X,0x80001964] -> 0x0113
mem[X,0x80001966] -> 0x0011
[130] [M]: 0x80001964 (0x00110113) addi sp, sp, 1
x2 <- 0xFF76DF76


mem[X,0x80001968] -> 0x006F
mem[X,0x8000196A] -> 0x08A0
[131] [M]: 0x80001968 (0x08A0006F) jal zero, 138


mem[X,0x800019F2] -> 0xAE23
mem[X,0x800019F4] -> 0x0220
[132] [M]: 0x800019F2 (0x0220AE23) sw sp, 60(ra)
mem[0x80004150] <- 0xFF76DF76


mem[X,0x800019F6] -> 0x006F
mem[X,0x800019F8] -> 0x10A0
[133] [M]: 0x800019F6 (0x10A0006F) jal zero, 266


mem[X,0x80001B00] -> 0xBDFD
[134] [M]: 0x80001B00 (0xBDFD) c.j 1919


mem[X,0x800019FE] -> 0x0113
mem[X,0x80001A00] -> 0x0011
[135] [M]: 0x800019FE (0x00110113) addi sp, sp, 1
x2 <- 0xFF76DF77


mem[X,0x80001A02] -> 0x006F
mem[X,0x80001A04] -> 0x10A0
[136] [M]: 0x80001A02 (0x10A0006F) jal zero, 266


mem[X,0x80001B0C] -> 0xA023
mem[X,0x80001B0E] -> 0x0420
[137] [M]: 0x80001B0C (0x0420A023) sw sp, 64(ra)
mem[0x80004154] <- 0xFF76DF77


mem[X,0x80001B10] -> 0x006F
mem[X,0x80001B12] -> 0x20A0
[138] [M]: 0x80001B10 (0x20A0006F) jal zero, 522


mem[X,0x80001D1A] -> 0xBBFD
[139] [M]: 0x80001D1A (0xBBFD) c.j 1791


mem[X,0x80001B18] -> 0x0113
mem[X,0x80001B1A] -> 0x0011
[140] [M]: 0x80001B18 (0x00110113) addi sp, sp, 1
x2 <- 0xFF76DF78


mem[X,0x80001B1C] -> 0x006F
mem[X,0x80001B1E] -> 0x20A0
[141] [M]: 0x80001B1C (0x20A0006F) jal zero, 522


mem[X,0x80001D26] -> 0xA223
mem[X,0x80001D28] -> 0x0420
[142] [M]: 0x80001D26 (0x0420A223) sw sp, 68(ra)
mem[0x80004158] <- 0xFF76DF78


mem[X,0x80001D2A] -> 0x006F
mem[X,0x80001D2C] -> 0x0200
[143] [M]: 0x80001D2A (0x0200006F) jal zero, 32


mem[X,0x80001D4A] -> 0x4085
[144] [M]: 0x80001D4A (0x4085) c.li ra, 1
x1 <- 0x00000001


mem[X,0x80001D4C] -> 0x0F17
mem[X,0x80001D4E] -> 0x0000
[145] [M]: 0x80001D4C (0x00000F17) auipc t5, 0
x30 <- 0x80001D4C


mem[X,0x80001D50] -> 0x2A23
mem[X,0x80001D52] -> 0x2A1F
[146] [M]: 0x80001D50 (0x2A1F2A23) sw ra, 692(t5)
htif[0x80002000] <- 0x00000001


mem[X,0x80001D54] -> 0xBFE5
[147] [M]: 0x80001D54 (0xBFE5) c.j 2044


mem[X,0x80001D4C] -> 0x0F17
mem[X,0x80001D4E] -> 0x0000
[148] [M]: 0x80001D4C (0x00000F17) auipc t5, 0
x30 <- 0x80001D4C


mem[X,0x80001D50] -> 0x2A23
mem[X,0x80001D52] -> 0x2A1F
[149] [M]: 0x80001D50 (0x2A1F2A23) sw ra, 692(t5)
htif[0x80002000] <- 0x00000001


mem[X,0x80001D54] -> 0xBFE5
[150] [M]: 0x80001D54 (0xBFE5) c.j 2044


mem[X,0x80001D4C] -> 0x0F17
mem[X,0x80001D4E] -> 0x0000
[151] [M]: 0x80001D4C (0x00000F17) auipc t5, 0
x30 <- 0x80001D4C


mem[X,0x80001D50] -> 0x2A23
mem[X,0x80001D52] -> 0x2A1F
[152] [M]: 0x80001D50 (0x2A1F2A23) sw ra, 692(t5)
htif[0x80002000] <- 0x00000001
htif-syscall-proxy cmd: 0x000000000001

SUCCESS
