using /home/force/Desktop/work/compliance_testing/our_riscv/work/riscof_work/I/src/bltu-01.S/ref/Reference-sail_c_simulator.signature for test-signature output.
[Sail] Allocating new block 0x80000000
tohost located at 0x8004a000
[Sail] Allocating new block 0x0

Running file ref.elf.
ELF Entry @ 0x80000000
begin_signature: 0x8004c110
end_signature: 0x8004cc70
CSR mstatus <- 0x00000000 (input: 0x00000000)
mem[X,0x00001000] -> 0x0297
mem[X,0x00001002] -> 0x0000
[0] [M]: 0x00001000 (0x00000297) auipc t0, 0
x5 <- 0x00001000


mem[X,0x00001004] -> 0x8593
mem[X,0x00001006] -> 0x0202
[1] [M]: 0x00001004 (0x02028593) addi a1, t0, 32
x11 <- 0x00001020


mem[X,0x00001008] -> 0x2573
mem[X,0x0000100A] -> 0xF140
[2] [M]: 0x00001008 (0xF1402573) csrrs a0, mhartid, zero
CSR mhartid -> 0x00000000
x10 <- 0x00000000


mem[X,0x0000100C] -> 0xA283
mem[X,0x0000100E] -> 0x0182
[3] [M]: 0x0000100C (0x0182A283) lw t0, 24(t0)
mem[R,0x00001018] -> 0x80000000
x5 <- 0x80000000


mem[X,0x00001010] -> 0x8067
mem[X,0x00001012] -> 0x0002
[4] [M]: 0x00001010 (0x00028067) jalr zero, t0, 0


mem[X,0x80000000] -> 0xC0B7
mem[X,0x80000002] -> 0xFEED
[5] [M]: 0x80000000 (0xFEEDC0B7) lui ra, 1044188
x1 <- 0xFEEDC000


mem[X,0x80000004] -> 0x8093
mem[X,0x80000006] -> 0xEAD0
[6] [M]: 0x80000004 (0xEAD08093) addi ra, ra, 3757
x1 <- 0xFEEDBEAD


mem[X,0x80000008] -> 0xE137
mem[X,0x8000000A] -> 0xFF76
[7] [M]: 0x80000008 (0xFF76E137) lui sp, 1046382
x2 <- 0xFF76E000


mem[X,0x8000000C] -> 0x0113
mem[X,0x8000000E] -> 0xF561
[8] [M]: 0x8000000C (0xF5610113) addi sp, sp, 3926
x2 <- 0xFF76DF56


mem[X,0x80000010] -> 0x71B7
mem[X,0x80000012] -> 0x7FBB
[9] [M]: 0x80000010 (0x7FBB71B7) lui gp, 523191
x3 <- 0x7FBB7000


mem[X,0x80000014] -> 0x8193
mem[X,0x80000016] -> 0xFAB1
[10] [M]: 0x80000014 (0xFAB18193) addi gp, gp, 4011
x3 <- 0x7FBB6FAB


mem[X,0x80000018] -> 0xB237
mem[X,0x8000001A] -> 0xBFDD
[11] [M]: 0x80000018 (0xBFDDB237) lui tp, 785883
x4 <- 0xBFDDB000


mem[X,0x8000001C] -> 0x0213
mem[X,0x8000001E] -> 0x7D52
[12] [M]: 0x8000001C (0x7D520213) addi tp, tp, 2005
x4 <- 0xBFDDB7D5


mem[X,0x80000020] -> 0x0297
mem[X,0x80000022] -> 0x0000
[13] [M]: 0x80000020 (0x00000297) auipc t0, 0
x5 <- 0x80000020


mem[X,0x80000024] -> 0x8293
mem[X,0x80000026] -> 0x0882
[14] [M]: 0x80000024 (0x08828293) addi t0, t0, 136
x5 <- 0x800000A8


mem[X,0x80000028] -> 0x0013
mem[X,0x8000002A] -> 0x0000
[15] [M]: 0x80000028 (0x00000013) addi zero, zero, 0


mem[X,0x8000002C] -> 0x0013
mem[X,0x8000002E] -> 0x0000
[16] [M]: 0x8000002C (0x00000013) addi zero, zero, 0


mem[X,0x80000030] -> 0x0013
mem[X,0x80000032] -> 0x0000
[17] [M]: 0x80000030 (0x00000013) addi zero, zero, 0


mem[X,0x80000034] -> 0x0013
mem[X,0x80000036] -> 0x0000
[18] [M]: 0x80000034 (0x00000013) addi zero, zero, 0


mem[X,0x80000038] -> 0x0013
mem[X,0x8000003A] -> 0x0000
[19] [M]: 0x80000038 (0x00000013) addi zero, zero, 0


mem[X,0x8000003C] -> 0x0013
mem[X,0x8000003E] -> 0x0000
[20] [M]: 0x8000003C (0x00000013) addi zero, zero, 0


mem[X,0x80000040] -> 0xB317
mem[X,0x80000042] -> 0x0004
[21] [M]: 0x80000040 (0x0004B317) auipc t1, 75
x6 <- 0x8004B040


mem[X,0x80000044] -> 0x0313
mem[X,0x80000046] -> 0xFC03
[22] [M]: 0x80000044 (0xFC030313) addi t1, t1, 4032
x6 <- 0x8004B000


mem[X,0x80000048] -> 0x0013
mem[X,0x8000004A] -> 0x0000
[23] [M]: 0x80000048 (0x00000013) addi zero, zero, 0


mem[X,0x8000004C] -> 0x0013
mem[X,0x8000004E] -> 0x0000
[24] [M]: 0x8000004C (0x00000013) addi zero, zero, 0


mem[X,0x80000050] -> 0x0013
mem[X,0x80000052] -> 0x0000
[25] [M]: 0x80000050 (0x00000013) addi zero, zero, 0


mem[X,0x80000054] -> 0x0013
mem[X,0x80000056] -> 0x0000
[26] [M]: 0x80000054 (0x00000013) addi zero, zero, 0


mem[X,0x80000058] -> 0x0013
mem[X,0x8000005A] -> 0x0000
[27] [M]: 0x80000058 (0x00000013) addi zero, zero, 0


mem[X,0x8000005C] -> 0x0013
mem[X,0x8000005E] -> 0x0000
[28] [M]: 0x8000005C (0x00000013) addi zero, zero, 0


mem[X,0x80000060] -> 0xB3B7
mem[X,0x80000062] -> 0xB7FB
[29] [M]: 0x80000060 (0xB7FBB3B7) lui t2, 753595
x7 <- 0xB7FBB000


mem[X,0x80000064] -> 0x8393
mem[X,0x80000066] -> 0x6FA3
[30] [M]: 0x80000064 (0x6FA38393) addi t2, t2, 1786
x7 <- 0xB7FBB6FA


mem[X,0x80000068] -> 0xE437
mem[X,0x8000006A] -> 0x5BFD
[31] [M]: 0x80000068 (0x5BFDE437) lui fp, 376798
x8 <- 0x5BFDE000


mem[X,0x8000006C] -> 0x0413
mem[X,0x8000006E] -> 0xB7D4
[32] [M]: 0x8000006C (0xB7D40413) addi fp, fp, 2941
x8 <- 0x5BFDDB7D


mem[X,0x80000070] -> 0xF4B7
mem[X,0x80000072] -> 0xADFE
[33] [M]: 0x80000070 (0xADFEF4B7) lui s1, 712687
x9 <- 0xADFEF000


mem[X,0x80000074] -> 0x8493
mem[X,0x80000076] -> 0xDBE4
[34] [M]: 0x80000074 (0xDBE48493) addi s1, s1, 3518
x9 <- 0xADFEEDBE


mem[X,0x80000078] -> 0x7537
mem[X,0x8000007A] -> 0x56FF
[35] [M]: 0x80000078 (0x56FF7537) lui a0, 356343
x10 <- 0x56FF7000


mem[X,0x8000007C] -> 0x0513
mem[X,0x8000007E] -> 0x6DF5
[36] [M]: 0x8000007C (0x6DF50513) addi a0, a0, 1759
x10 <- 0x56FF76DF


mem[X,0x80000080] -> 0xC5B7
mem[X,0x80000082] -> 0xAB7F
[37] [M]: 0x80000080 (0xAB7FC5B7) lui a1, 702460
x11 <- 0xAB7FC000


mem[X,0x80000084] -> 0x8593
mem[X,0x80000086] -> 0xB6F5
[38] [M]: 0x80000084 (0xB6F58593) addi a1, a1, 2927
x11 <- 0xAB7FBB6F


mem[X,0x80000088] -> 0xE637
mem[X,0x8000008A] -> 0xD5BF
[39] [M]: 0x80000088 (0xD5BFE637) lui a2, 875518
x12 <- 0xD5BFE000


mem[X,0x8000008C] -> 0x0613
mem[X,0x8000008E] -> 0xDB76
[40] [M]: 0x8000008C (0xDB760613) addi a2, a2, 3511
x12 <- 0xD5BFDDB7


mem[X,0x80000090] -> 0xF6B7
mem[X,0x80000092] -> 0xEADF
[41] [M]: 0x80000090 (0xEADFF6B7) lui a3, 962047
x13 <- 0xEADFF000


mem[X,0x80000094] -> 0x8693
mem[X,0x80000096] -> 0xEDB6
[42] [M]: 0x80000094 (0xEDB68693) addi a3, a3, 3803
x13 <- 0xEADFEEDB


mem[X,0x80000098] -> 0xF737
mem[X,0x8000009A] -> 0xF56F
[43] [M]: 0x80000098 (0xF56FF737) lui a4, 1005311
x14 <- 0xF56FF000


mem[X,0x8000009C] -> 0x0713
mem[X,0x8000009E] -> 0x76D7
[44] [M]: 0x8000009C (0x76D70713) addi a4, a4, 1901
x14 <- 0xF56FF76D


mem[X,0x800000A0] -> 0x07B7
mem[X,0x800000A2] -> 0xFAB8
[45] [M]: 0x800000A0 (0xFAB807B7) lui a5, 1026944
x15 <- 0xFAB80000


mem[X,0x800000A4] -> 0x8793
mem[X,0x800000A6] -> 0xBB67
[46] [M]: 0x800000A4 (0xBB678793) addi a5, a5, 2998
x15 <- 0xFAB7FBB6


mem[X,0x800000A8] -> 0x0013
mem[X,0x800000AA] -> 0x0000
[47] [M]: 0x800000A8 (0x00000013) addi zero, zero, 0


mem[X,0x800000AC] -> 0x0013
mem[X,0x800000AE] -> 0x0000
[48] [M]: 0x800000AC (0x00000013) addi zero, zero, 0


mem[X,0x800000B0] -> 0x0013
mem[X,0x800000B2] -> 0x0000
[49] [M]: 0x800000B0 (0x00000013) addi zero, zero, 0


mem[X,0x800000B4] -> 0x0013
mem[X,0x800000B6] -> 0x0000
[50] [M]: 0x800000B4 (0x00000013) addi zero, zero, 0


mem[X,0x800000B8] -> 0x0013
mem[X,0x800000BA] -> 0x0000
[51] [M]: 0x800000B8 (0x00000013) addi zero, zero, 0


mem[X,0x800000BC] -> 0x0013
mem[X,0x800000BE] -> 0x0000
[52] [M]: 0x800000BC (0x00000013) addi zero, zero, 0


mem[X,0x800000C0] -> 0xC597
mem[X,0x800000C2] -> 0x0004
[53] [M]: 0x800000C0 (0x0004C597) auipc a1, 76
x11 <- 0x8004C0C0


mem[X,0x800000C4] -> 0x8593
mem[X,0x800000C6] -> 0x0545
[54] [M]: 0x800000C4 (0x05458593) addi a1, a1, 84
x11 <- 0x8004C114


mem[X,0x800000C8] -> 0x0013
mem[X,0x800000CA] -> 0x0000
[55] [M]: 0x800000C8 (0x00000013) addi zero, zero, 0


mem[X,0x800000CC] -> 0x0013
mem[X,0x800000CE] -> 0x0000
[56] [M]: 0x800000CC (0x00000013) addi zero, zero, 0


mem[X,0x800000D0] -> 0x0013
mem[X,0x800000D2] -> 0x0000
[57] [M]: 0x800000D0 (0x00000013) addi zero, zero, 0


mem[X,0x800000D4] -> 0x0013
mem[X,0x800000D6] -> 0x0000
[58] [M]: 0x800000D4 (0x00000013) addi zero, zero, 0


mem[X,0x800000D8] -> 0x0013
mem[X,0x800000DA] -> 0x0000
[59] [M]: 0x800000D8 (0x00000013) addi zero, zero, 0


mem[X,0x800000DC] -> 0x0013
mem[X,0x800000DE] -> 0x0000
[60] [M]: 0x800000DC (0x00000013) addi zero, zero, 0


mem[X,0x800000E0] -> 0x08B7
mem[X,0x800000E2] -> 0x2000
[61] [M]: 0x800000E0 (0x200008B7) lui a7, 131072
x17 <- 0x20000000


mem[X,0x800000E4] -> 0x08B7
mem[X,0x800000E6] -> 0x2000
[62] [M]: 0x800000E4 (0x200008B7) lui a7, 131072
x17 <- 0x20000000


mem[X,0x800000E8] -> 0x0113
mem[X,0x800000EA] -> 0x0000
[63] [M]: 0x800000E8 (0x00000113) addi sp, zero, 0
x2 <- 0x00000000


mem[X,0x800000EC] -> 0x006F
mem[X,0x800000EE] -> 0x2B10
[64] [M]: 0x800000EC (0x2B10006F) jal zero, 2736


mem[X,0x80000B9C] -> 0xEA63
mem[X,0x80000B9E] -> 0xD518
[65] [M]: 0x80000B9C (0xD518EA63) bltu a7, a7, 5460


mem[X,0x80000BA0] -> 0x0113
mem[X,0x80000BA2] -> 0x0021
[66] [M]: 0x80000BA0 (0x00210113) addi sp, sp, 2
x2 <- 0x00000002


mem[X,0x80000BA4] -> 0x006F
mem[X,0x80000BA6] -> 0x00C0
[67] [M]: 0x80000BA4 (0x00C0006F) jal zero, 12


mem[X,0x80000BB0] -> 0xA023
mem[X,0x80000BB2] -> 0x0025
[68] [M]: 0x80000BB0 (0x0025A023) sw sp, 0(a1)
mem[0x8004C114] <- 0x00000002


mem[X,0x80000BB4] -> 0x0437
mem[X,0x80000BB6] -> 0xFF80
[69] [M]: 0x80000BB4 (0xFF800437) lui fp, 1046528
x8 <- 0xFF800000


mem[X,0x80000BB8] -> 0x0413
mem[X,0x80000BBA] -> 0xFFF4
[70] [M]: 0x80000BB8 (0xFFF40413) addi fp, fp, 4095
x8 <- 0xFF7FFFFF


mem[X,0x80000BBC] -> 0x0A37
mem[X,0x80000BBE] -> 0xFF80
[71] [M]: 0x80000BBC (0xFF800A37) lui s4, 1046528
x20 <- 0xFF800000


mem[X,0x80000BC0] -> 0x0A13
mem[X,0x80000BC2] -> 0xFFFA
[72] [M]: 0x80000BC0 (0xFFFA0A13) addi s4, s4, 4095
x20 <- 0xFF7FFFFF


mem[X,0x80000BC4] -> 0x0113
mem[X,0x80000BC6] -> 0x0000
[73] [M]: 0x80000BC4 (0x00000113) addi sp, zero, 0
x2 <- 0x00000000


mem[X,0x80000BC8] -> 0x006F
mem[X,0x80000BCA] -> 0x00C0
[74] [M]: 0x80000BC8 (0x00C0006F) jal zero, 12


mem[X,0x80000BD4] -> 0x6663
mem[X,0x80000BD6] -> 0x0144
[75] [M]: 0x80000BD4 (0x01446663) bltu fp, s4, 12


mem[X,0x80000BD8] -> 0x0113
mem[X,0x80000BDA] -> 0x0021
[76] [M]: 0x80000BD8 (0x00210113) addi sp, sp, 2
x2 <- 0x00000002


mem[X,0x80000BDC] -> 0x006F
mem[X,0x80000BDE] -> 0x00C0
[77] [M]: 0x80000BDC (0x00C0006F) jal zero, 12


mem[X,0x80000BE8] -> 0xA223
mem[X,0x80000BEA] -> 0x0025
[78] [M]: 0x80000BE8 (0x0025A223) sw sp, 4(a1)
mem[0x8004C118] <- 0x00000002


mem[X,0x80000BEC] -> 0x0AB7
mem[X,0x80000BEE] -> 0x8000
[79] [M]: 0x80000BEC (0x80000AB7) lui s5, 524288
x21 <- 0x80000000


mem[X,0x80000BF0] -> 0x8A93
mem[X,0x80000BF2] -> 0xFFFA
[80] [M]: 0x80000BF0 (0xFFFA8A93) addi s5, s5, 4095
x21 <- 0x7FFFFFFF


mem[X,0x80000BF4] -> 0x03B7
mem[X,0x80000BF6] -> 0x8000
[81] [M]: 0x80000BF4 (0x800003B7) lui t2, 524288
x7 <- 0x80000000


mem[X,0x80000BF8] -> 0x8393
mem[X,0x80000BFA] -> 0xFFF3
[82] [M]: 0x80000BF8 (0xFFF38393) addi t2, t2, 4095
x7 <- 0x7FFFFFFF


mem[X,0x80000BFC] -> 0x0113
mem[X,0x80000BFE] -> 0x0000
[83] [M]: 0x80000BFC (0x00000113) addi sp, zero, 0
x2 <- 0x00000000


mem[X,0x80000C00] -> 0x006F
mem[X,0x80000C02] -> 0x0140
[84] [M]: 0x80000C00 (0x0140006F) jal zero, 20


mem[X,0x80000C14] -> 0xE8E3
mem[X,0x80000C16] -> 0xFE7A
[85] [M]: 0x80000C14 (0xFE7AE8E3) bltu s5, t2, 8176


mem[X,0x80000C18] -> 0x0113
mem[X,0x80000C1A] -> 0x0021
[86] [M]: 0x80000C18 (0x00210113) addi sp, sp, 2
x2 <- 0x00000002


mem[X,0x80000C1C] -> 0x006F
mem[X,0x80000C1E] -> 0x00C0
[87] [M]: 0x80000C1C (0x00C0006F) jal zero, 12


mem[X,0x80000C28] -> 0xA423
mem[X,0x80000C2A] -> 0x0025
[88] [M]: 0x80000C28 (0x0025A423) sw sp, 8(a1)
mem[0x8004C11C] <- 0x00000002


mem[X,0x80000C2C] -> 0x0A37
mem[X,0x80000C2E] -> 0xFE00
[89] [M]: 0x80000C2C (0xFE000A37) lui s4, 1040384
x20 <- 0xFE000000


mem[X,0x80000C30] -> 0x0A13
mem[X,0x80000C32] -> 0xFFFA
[90] [M]: 0x80000C30 (0xFFFA0A13) addi s4, s4, 4095
x20 <- 0xFDFFFFFF


mem[X,0x80000C34] -> 0xBAB7
mem[X,0x80000C36] -> 0xAAAA
[91] [M]: 0x80000C34 (0xAAAABAB7) lui s5, 699051
x21 <- 0xAAAAB000


mem[X,0x80000C38] -> 0x8A93
mem[X,0x80000C3A] -> 0xAABA
[92] [M]: 0x80000C38 (0xAABA8A93) addi s5, s5, 2731
x21 <- 0xAAAAAAAB


mem[X,0x80000C3C] -> 0x0113
mem[X,0x80000C3E] -> 0x0000
[93] [M]: 0x80000C3C (0x00000113) addi sp, zero, 0
x2 <- 0x00000000


mem[X,0x80000C40] -> 0x006F
mem[X,0x80000C42] -> 0x00C0
[94] [M]: 0x80000C40 (0x00C0006F) jal zero, 12


mem[X,0x80000C4C] -> 0x6063
mem[X,0x80000C4E] -> 0x115A
[95] [M]: 0x80000C4C (0x115A6063) bltu s4, s5, 256


mem[X,0x80000C50] -> 0x0113
mem[X,0x80000C52] -> 0x0021
[96] [M]: 0x80000C50 (0x00210113) addi sp, sp, 2
x2 <- 0x00000002


mem[X,0x80000C54] -> 0x006F
mem[X,0x80000C56] -> 0x1000
[97] [M]: 0x80000C54 (0x1000006F) jal zero, 256


mem[X,0x80000D54] -> 0xA623
mem[X,0x80000D56] -> 0x0025
[98] [M]: 0x80000D54 (0x0025A623) sw sp, 12(a1)
mem[0x8004C120] <- 0x00000002


mem[X,0x80000D58] -> 0x0D13
mem[X,0x80000D5A] -> 0xFFE0
[99] [M]: 0x80000D58 (0xFFE00D13) addi s10, zero, 4094
x26 <- 0xFFFFFFFE


clint::tick mtime <- 0x0000000000000001
 clint timer pending at mtime 0x0000000000000001
htif::tick 0x0000000000000000
mem[X,0x80000D5C] -> 0x0993
mem[X,0x80000D5E] -> 0xFFF0
[100] [M]: 0x80000D5C (0xFFF00993) addi s3, zero, 4095
x19 <- 0xFFFFFFFF


mem[X,0x80000D60] -> 0x0113
mem[X,0x80000D62] -> 0x0000
[101] [M]: 0x80000D60 (0x00000113) addi sp, zero, 0
x2 <- 0x00000000


mem[X,0x80000D64] -> 0x006F
mem[X,0x80000D66] -> 0x00C0
[102] [M]: 0x80000D64 (0x00C0006F) jal zero, 12


mem[X,0x80000D70] -> 0x6063
mem[X,0x80000D72] -> 0x413D
[103] [M]: 0x80000D70 (0x413D6063) bltu s10, s3, 1024


mem[X,0x80001170] -> 0x0113
mem[X,0x80001172] -> 0x0031
[104] [M]: 0x80001170 (0x00310113) addi sp, sp, 3
x2 <- 0x00000003


mem[X,0x80001174] -> 0x006F
mem[X,0x80001176] -> 0x0040
[105] [M]: 0x80001174 (0x0040006F) jal zero, 4


mem[X,0x80001178] -> 0xA823
mem[X,0x8000117A] -> 0x0025
[106] [M]: 0x80001178 (0x0025A823) sw sp, 16(a1)
mem[0x8004C124] <- 0x00000003


mem[X,0x8000117C] -> 0x0CB7
mem[X,0x8000117E] -> 0x4000
[107] [M]: 0x8000117C (0x40000CB7) lui s9, 262144
x25 <- 0x40000000


mem[X,0x80001180] -> 0x0013
mem[X,0x80001182] -> 0x0000
[108] [M]: 0x80001180 (0x00000013) addi zero, zero, 0


mem[X,0x80001184] -> 0x0113
mem[X,0x80001186] -> 0x0000
[109] [M]: 0x80001184 (0x00000113) addi sp, zero, 0
x2 <- 0x00000000


mem[X,0x80001188] -> 0x006F
mem[X,0x8000118A] -> 0x00C0
[110] [M]: 0x80001188 (0x00C0006F) jal zero, 12


mem[X,0x80001194] -> 0xECE3
mem[X,0x80001196] -> 0xFE0C
[111] [M]: 0x80001194 (0xFE0CECE3) bltu s9, zero, 8184


mem[X,0x80001198] -> 0x0113
mem[X,0x8000119A] -> 0x0021
[112] [M]: 0x80001198 (0x00210113) addi sp, sp, 2
x2 <- 0x00000002


mem[X,0x8000119C] -> 0x006F
mem[X,0x8000119E] -> 0x00C0
[113] [M]: 0x8000119C (0x00C0006F) jal zero, 12


mem[X,0x800011A8] -> 0xAA23
mem[X,0x800011AA] -> 0x0025
[114] [M]: 0x800011A8 (0x0025AA23) sw sp, 20(a1)
mem[0x8004C128] <- 0x00000002


mem[X,0x800011AC] -> 0x0EB7
mem[X,0x800011AE] -> 0x0004
[115] [M]: 0x800011AC (0x00040EB7) lui t4, 64
x29 <- 0x00040000


mem[X,0x800011B0] -> 0x0913
mem[X,0x800011B2] -> 0x0010
[116] [M]: 0x800011B0 (0x00100913) addi s2, zero, 1
x18 <- 0x00000001


mem[X,0x800011B4] -> 0x0113
mem[X,0x800011B6] -> 0x0000
[117] [M]: 0x800011B4 (0x00000113) addi sp, zero, 0
x2 <- 0x00000000


mem[X,0x800011B8] -> 0x006F
mem[X,0x800011BA] -> 0x0140
[118] [M]: 0x800011B8 (0x0140006F) jal zero, 20


mem[X,0x800011CC] -> 0xE8E3
mem[X,0x800011CE] -> 0xFF2E
[119] [M]: 0x800011CC (0xFF2EE8E3) bltu t4, s2, 8176


mem[X,0x800011D0] -> 0x0113
mem[X,0x800011D2] -> 0x0021
[120] [M]: 0x800011D0 (0x00210113) addi sp, sp, 2
x2 <- 0x00000002


mem[X,0x800011D4] -> 0x006F
mem[X,0x800011D6] -> 0x00C0
[121] [M]: 0x800011D4 (0x00C0006F) jal zero, 12


mem[X,0x800011E0] -> 0xAC23
mem[X,0x800011E2] -> 0x0025
[122] [M]: 0x800011E0 (0x0025AC23) sw sp, 24(a1)
mem[0x8004C12C] <- 0x00000002


mem[X,0x800011E4] -> 0x0013
mem[X,0x800011E6] -> 0x0000
[123] [M]: 0x800011E4 (0x00000013) addi zero, zero, 0


mem[X,0x800011E8] -> 0x0693
mem[X,0x800011EA] -> 0x0020
[124] [M]: 0x800011E8 (0x00200693) addi a3, zero, 2
x13 <- 0x00000002


mem[X,0x800011EC] -> 0x0113
mem[X,0x800011EE] -> 0x0000
[125] [M]: 0x800011EC (0x00000113) addi sp, zero, 0
x2 <- 0x00000000


mem[X,0x800011F0] -> 0x006F
mem[X,0x800011F2] -> 0x00C0
[126] [M]: 0x800011F0 (0x00C0006F) jal zero, 12


mem[X,0x800011FC] -> 0x6663
mem[X,0x800011FE] -> 0x00D0
[127] [M]: 0x800011FC (0x00D06663) bltu zero, a3, 12


mem[X,0x80001208] -> 0x0113
mem[X,0x8000120A] -> 0x0031
[128] [M]: 0x80001208 (0x00310113) addi sp, sp, 3
x2 <- 0x00000003


mem[X,0x8000120C] -> 0x006F
mem[X,0x8000120E] -> 0x0040
[129] [M]: 0x8000120C (0x0040006F) jal zero, 4


mem[X,0x80001210] -> 0xAE23
mem[X,0x80001212] -> 0x0025
[130] [M]: 0x80001210 (0x0025AE23) sw sp, 28(a1)
mem[0x8004C130] <- 0x00000003


mem[X,0x80001214] -> 0xBF37
mem[X,0x80001216] -> 0xAAAA
[131] [M]: 0x80001214 (0xAAAABF37) lui t5, 699051
x30 <- 0xAAAAB000


mem[X,0x80001218] -> 0x0F13
mem[X,0x8000121A] -> 0xAABF
[132] [M]: 0x80001218 (0xAABF0F13) addi t5, t5, 2731
x30 <- 0xAAAAAAAB


mem[X,0x8000121C] -> 0x0093
mem[X,0x8000121E] -> 0x0040
[133] [M]: 0x8000121C (0x00400093) addi ra, zero, 4
x1 <- 0x00000004


mem[X,0x80001220] -> 0x0113
mem[X,0x80001222] -> 0x0000
[134] [M]: 0x80001220 (0x00000113) addi sp, zero, 0
x2 <- 0x00000000


mem[X,0x80001224] -> 0x006F
mem[X,0x80001226] -> 0x00C0
[135] [M]: 0x80001224 (0x00C0006F) jal zero, 12


mem[X,0x80001230] -> 0x6CE3
mem[X,0x80001232] -> 0xFE1F
[136] [M]: 0x80001230 (0xFE1F6CE3) bltu t5, ra, 8184


mem[X,0x80001234] -> 0x0113
mem[X,0x80001236] -> 0x0021
[137] [M]: 0x80001234 (0x00210113) addi sp, sp, 2
x2 <- 0x00000002


mem[X,0x80001238] -> 0x006F
mem[X,0x8000123A] -> 0x00C0
[138] [M]: 0x80001238 (0x00C0006F) jal zero, 12


mem[X,0x80001244] -> 0xA023
mem[X,0x80001246] -> 0x0225
[139] [M]: 0x80001244 (0x0225A023) sw sp, 32(a1)
mem[0x8004C134] <- 0x00000002


mem[X,0x80001248] -> 0x0813
mem[X,0x8000124A] -> 0x0800
[140] [M]: 0x80001248 (0x08000813) addi a6, zero, 128
x16 <- 0x00000080


mem[X,0x8000124C] -> 0x0413
mem[X,0x8000124E] -> 0x0080
[141] [M]: 0x8000124C (0x00800413) addi fp, zero, 8
x8 <- 0x00000008


mem[X,0x80001250] -> 0x0113
mem[X,0x80001252] -> 0x0000
[142] [M]: 0x80001250 (0x00000113) addi sp, zero, 0
x2 <- 0x00000000


mem[X,0x80001254] -> 0x006F
mem[X,0x80001256] -> 0x00C0
[143] [M]: 0x80001254 (0x00C0006F) jal zero, 12


mem[X,0x80001260] -> 0x6063
mem[X,0x80001262] -> 0x0488
[144] [M]: 0x80001260 (0x04886063) bltu a6, fp, 64


mem[X,0x80001264] -> 0x0113
mem[X,0x80001266] -> 0x0021
[145] [M]: 0x80001264 (0x00210113) addi sp, sp, 2
x2 <- 0x00000002


mem[X,0x80001268] -> 0x006F
mem[X,0x8000126A] -> 0x0400
[146] [M]: 0x80001268 (0x0400006F) jal zero, 64


mem[X,0x800012A8] -> 0xA223
mem[X,0x800012AA] -> 0x0225
[147] [M]: 0x800012A8 (0x0225A223) sw sp, 36(a1)
mem[0x8004C138] <- 0x00000002


mem[X,0x800012AC] -> 0x03B7
mem[X,0x800012AE] -> 0x0004
[148] [M]: 0x800012AC (0x000403B7) lui t2, 64
x7 <- 0x00040000


mem[X,0x800012B0] -> 0x0F13
mem[X,0x800012B2] -> 0x0100
[149] [M]: 0x800012B0 (0x01000F13) addi t5, zero, 16
x30 <- 0x00000010


mem[X,0x800012B4] -> 0x0113
mem[X,0x800012B6] -> 0x0000
[150] [M]: 0x800012B4 (0x00000113) addi sp, zero, 0
x2 <- 0x00000000


mem[X,0x800012B8] -> 0x006F
mem[X,0x800012BA] -> 0x00C0
[151] [M]: 0x800012B8 (0x00C0006F) jal zero, 12


mem[X,0x800012C4] -> 0xE063
mem[X,0x800012C6] -> 0x09E3
[152] [M]: 0x800012C4 (0x09E3E063) bltu t2, t5, 128


mem[X,0x800012C8] -> 0x0113
mem[X,0x800012CA] -> 0x0021
[153] [M]: 0x800012C8 (0x00210113) addi sp, sp, 2
x2 <- 0x00000002


mem[X,0x800012CC] -> 0x006F
mem[X,0x800012CE] -> 0x0800
[154] [M]: 0x800012CC (0x0800006F) jal zero, 128


mem[X,0x8000134C] -> 0xA423
mem[X,0x8000134E] -> 0x0225
[155] [M]: 0x8000134C (0x0225A423) sw sp, 40(a1)
mem[0x8004C13C] <- 0x00000002


mem[X,0x80001350] -> 0x0493
mem[X,0x80001352] -> 0x0000
[156] [M]: 0x80001350 (0x00000493) addi s1, zero, 0
x9 <- 0x00000000


mem[X,0x80001354] -> 0x0193
mem[X,0x80001356] -> 0x0200
[157] [M]: 0x80001354 (0x02000193) addi gp, zero, 32
x3 <- 0x00000020


mem[X,0x80001358] -> 0x0113
mem[X,0x8000135A] -> 0x0000
[158] [M]: 0x80001358 (0x00000113) addi sp, zero, 0
x2 <- 0x00000000


mem[X,0x8000135C] -> 0x006F
mem[X,0x8000135E] -> 0x00C0
[159] [M]: 0x8000135C (0x00C0006F) jal zero, 12


mem[X,0x80001368] -> 0xE663
mem[X,0x8000136A] -> 0x0034
[160] [M]: 0x80001368 (0x0034E663) bltu s1, gp, 12


mem[X,0x80001374] -> 0x0113
mem[X,0x80001376] -> 0x0031
[161] [M]: 0x80001374 (0x00310113) addi sp, sp, 3
x2 <- 0x00000003


mem[X,0x80001378] -> 0x006F
mem[X,0x8000137A] -> 0x0040
[162] [M]: 0x80001378 (0x0040006F) jal zero, 4


mem[X,0x8000137C] -> 0xA623
mem[X,0x8000137E] -> 0x0225
[163] [M]: 0x8000137C (0x0225A623) sw sp, 44(a1)
mem[0x8004C140] <- 0x00000003


mem[X,0x80001380] -> 0x0713
mem[X,0x80001382] -> 0x0110
[164] [M]: 0x80001380 (0x01100713) addi a4, zero, 17
x14 <- 0x00000011


mem[X,0x80001384] -> 0x0493
mem[X,0x80001386] -> 0x0400
[165] [M]: 0x80001384 (0x04000493) addi s1, zero, 64
x9 <- 0x00000040


mem[X,0x80001388] -> 0x0113
mem[X,0x8000138A] -> 0x0000
[166] [M]: 0x80001388 (0x00000113) addi sp, zero, 0
x2 <- 0x00000000


mem[X,0x8000138C] -> 0x006F
mem[X,0x8000138E] -> 0x00C0
[167] [M]: 0x8000138C (0x00C0006F) jal zero, 12


mem[X,0x80001398] -> 0x6063
mem[X,0x8000139A] -> 0x0897
[168] [M]: 0x80001398 (0x08976063) bltu a4, s1, 128


mem[X,0x80001418] -> 0x0113
mem[X,0x8000141A] -> 0x0031
[169] [M]: 0x80001418 (0x00310113) addi sp, sp, 3
x2 <- 0x00000003


mem[X,0x8000141C] -> 0x006F
mem[X,0x8000141E] -> 0x0040
[170] [M]: 0x8000141C (0x0040006F) jal zero, 4


mem[X,0x80001420] -> 0xA823
mem[X,0x80001422] -> 0x0225
[171] [M]: 0x80001420 (0x0225A823) sw sp, 48(a1)
mem[0x8004C144] <- 0x00000003


mem[X,0x80001424] -> 0x0337
mem[X,0x80001426] -> 0xC000
[172] [M]: 0x80001424 (0xC0000337) lui t1, 786432
x6 <- 0xC0000000


mem[X,0x80001428] -> 0x0313
mem[X,0x8000142A] -> 0xFFF3
[173] [M]: 0x80001428 (0xFFF30313) addi t1, t1, 4095
x6 <- 0xBFFFFFFF


mem[X,0x8000142C] -> 0x0E93
mem[X,0x8000142E] -> 0x0800
[174] [M]: 0x8000142C (0x08000E93) addi t4, zero, 128
x29 <- 0x00000080


mem[X,0x80001430] -> 0x0113
mem[X,0x80001432] -> 0x0000
[175] [M]: 0x80001430 (0x00000113) addi sp, zero, 0
x2 <- 0x00000000


mem[X,0x80001434] -> 0x006F
mem[X,0x80001436] -> 0x00C0
[176] [M]: 0x80001434 (0x00C0006F) jal zero, 12


mem[X,0x80001440] -> 0x6CE3
mem[X,0x80001442] -> 0xFFD3
[177] [M]: 0x80001440 (0xFFD36CE3) bltu t1, t4, 8184


mem[X,0x80001444] -> 0x0113
mem[X,0x80001446] -> 0x0021
[178] [M]: 0x80001444 (0x00210113) addi sp, sp, 2
x2 <- 0x00000002


mem[X,0x80001448] -> 0x006F
mem[X,0x8000144A] -> 0x00C0
[179] [M]: 0x80001448 (0x00C0006F) jal zero, 12


mem[X,0x80001454] -> 0xAA23
mem[X,0x80001456] -> 0x0225
[180] [M]: 0x80001454 (0x0225AA23) sw sp, 52(a1)
mem[0x8004C148] <- 0x00000002


mem[X,0x80001458] -> 0x0093
mem[X,0x8000145A] -> 0x0070
[181] [M]: 0x80001458 (0x00700093) addi ra, zero, 7
x1 <- 0x00000007


mem[X,0x8000145C] -> 0x0293
mem[X,0x8000145E] -> 0x1000
[182] [M]: 0x8000145C (0x10000293) addi t0, zero, 256
x5 <- 0x00000100


mem[X,0x80001460] -> 0x0113
mem[X,0x80001462] -> 0x0000
[183] [M]: 0x80001460 (0x00000113) addi sp, zero, 0
x2 <- 0x00000000


mem[X,0x80001464] -> 0x006F
mem[X,0x80001466] -> 0x00C0
[184] [M]: 0x80001464 (0x00C0006F) jal zero, 12


mem[X,0x80001470] -> 0xE063
mem[X,0x80001472] -> 0x0250
[185] [M]: 0x80001470 (0x0250E063) bltu ra, t0, 32


mem[X,0x80001490] -> 0x0113
mem[X,0x80001492] -> 0x0031
[186] [M]: 0x80001490 (0x00310113) addi sp, sp, 3
x2 <- 0x00000003


mem[X,0x80001494] -> 0x006F
mem[X,0x80001496] -> 0x0040
[187] [M]: 0x80001494 (0x0040006F) jal zero, 4


mem[X,0x80001498] -> 0xAC23
mem[X,0x8000149A] -> 0x0225
[188] [M]: 0x80001498 (0x0225AC23) sw sp, 56(a1)
mem[0x8004C14C] <- 0x00000003


mem[X,0x8000149C] -> 0x0F93
mem[X,0x8000149E] -> 0x00F0
[189] [M]: 0x8000149C (0x00F00F93) addi t6, zero, 15
x31 <- 0x0000000F


mem[X,0x800014A0] -> 0x0E13
mem[X,0x800014A2] -> 0x2000
[190] [M]: 0x800014A0 (0x20000E13) addi t3, zero, 512
x28 <- 0x00000200


mem[X,0x800014A4] -> 0x0113
mem[X,0x800014A6] -> 0x0000
[191] [M]: 0x800014A4 (0x00000113) addi sp, zero, 0
x2 <- 0x00000000


mem[X,0x800014A8] -> 0x006F
mem[X,0x800014AA] -> 0x00C0
[192] [M]: 0x800014A8 (0x00C0006F) jal zero, 12


mem[X,0x800014B4] -> 0xE063
mem[X,0x800014B6] -> 0x21CF
[193] [M]: 0x800014B4 (0x21CFE063) bltu t6, t3, 512


mem[X,0x800016B4] -> 0x0113
mem[X,0x800016B6] -> 0x0031
[194] [M]: 0x800016B4 (0x00310113) addi sp, sp, 3
x2 <- 0x00000003


mem[X,0x800016B8] -> 0x006F
mem[X,0x800016BA] -> 0x0040
[195] [M]: 0x800016B8 (0x0040006F) jal zero, 4


mem[X,0x800016BC] -> 0xAE23
mem[X,0x800016BE] -> 0x0225
[196] [M]: 0x800016BC (0x0225AE23) sw sp, 60(a1)
mem[0x8004C150] <- 0x00000003


mem[X,0x800016C0] -> 0x0937
mem[X,0x800016C2] -> 0x0400
[197] [M]: 0x800016C0 (0x04000937) lui s2, 16384
x18 <- 0x04000000


mem[X,0x800016C4] -> 0x0B13
mem[X,0x800016C6] -> 0x4000
[198] [M]: 0x800016C4 (0x40000B13) addi s6, zero, 1024
x22 <- 0x00000400


mem[X,0x800016C8] -> 0x0113
mem[X,0x800016CA] -> 0x0000
[199] [M]: 0x800016C8 (0x00000113) addi sp, zero, 0
x2 <- 0x00000000


clint::tick mtime <- 0x0000000000000002
 clint timer pending at mtime 0x0000000000000002
htif::tick 0x0000000000000000
mem[X,0x800016CC] -> 0x006F
mem[X,0x800016CE] -> 0x00C0
[200] [M]: 0x800016CC (0x00C0006F) jal zero, 12


mem[X,0x800016D8] -> 0x6663
mem[X,0x800016DA] -> 0x0169
[201] [M]: 0x800016D8 (0x01696663) bltu s2, s6, 12


mem[X,0x800016DC] -> 0x0113
mem[X,0x800016DE] -> 0x0021
[202] [M]: 0x800016DC (0x00210113) addi sp, sp, 2
x2 <- 0x00000002


mem[X,0x800016E0] -> 0x006F
mem[X,0x800016E2] -> 0x00C0
[203] [M]: 0x800016E0 (0x00C0006F) jal zero, 12


mem[X,0x800016EC] -> 0xA023
mem[X,0x800016EE] -> 0x0425
[204] [M]: 0x800016EC (0x0425A023) sw sp, 64(a1)
mem[0x8004C154] <- 0x00000002


mem[X,0x800016F0] -> 0x6537
mem[X,0x800016F2] -> 0x6666
[205] [M]: 0x800016F0 (0x66666537) lui a0, 419430
x10 <- 0x66666000


mem[X,0x800016F4] -> 0x0513
mem[X,0x800016F6] -> 0x6655
[206] [M]: 0x800016F4 (0x66550513) addi a0, a0, 1637
x10 <- 0x66666665


mem[X,0x800016F8] -> 0x1237
mem[X,0x800016FA] -> 0x0000
[207] [M]: 0x800016F8 (0x00001237) lui tp, 1
x4 <- 0x00001000


mem[X,0x800016FC] -> 0x0213
mem[X,0x800016FE] -> 0x8002
[208] [M]: 0x800016FC (0x80020213) addi tp, tp, 2048
x4 <- 0x00000800


mem[X,0x80001700] -> 0x0113
mem[X,0x80001702] -> 0x0000
[209] [M]: 0x80001700 (0x00000113) addi sp, zero, 0
x2 <- 0x00000000


mem[X,0x80001704] -> 0x006F
mem[X,0x80001706] -> 0x0100
[210] [M]: 0x80001704 (0x0100006F) jal zero, 16


mem[X,0x80001714] -> 0x6AE3
mem[X,0x80001716] -> 0xFE45
[211] [M]: 0x80001714 (0xFE456AE3) bltu a0, tp, 8180


mem[X,0x80001718] -> 0x0113
mem[X,0x8000171A] -> 0x0021
[212] [M]: 0x80001718 (0x00210113) addi sp, sp, 2
x2 <- 0x00000002


mem[X,0x8000171C] -> 0x006F
mem[X,0x8000171E] -> 0x00C0
[213] [M]: 0x8000171C (0x00C0006F) jal zero, 12


mem[X,0x80001728] -> 0xA223
mem[X,0x8000172A] -> 0x0425
[214] [M]: 0x80001728 (0x0425A223) sw sp, 68(a1)
mem[0x8004C158] <- 0x00000002


mem[X,0x8000172C] -> 0x0237
mem[X,0x8000172E] -> 0xF000
[215] [M]: 0x8000172C (0xF0000237) lui tp, 983040
x4 <- 0xF0000000


mem[X,0x80001730] -> 0x0213
mem[X,0x80001732] -> 0xFFF2
[216] [M]: 0x80001730 (0xFFF20213) addi tp, tp, 4095
x4 <- 0xEFFFFFFF


mem[X,0x80001734] -> 0x1FB7
mem[X,0x80001736] -> 0x0000
[217] [M]: 0x80001734 (0x00001FB7) lui t6, 1
x31 <- 0x00001000


mem[X,0x80001738] -> 0x0113
mem[X,0x8000173A] -> 0x0000
[218] [M]: 0x80001738 (0x00000113) addi sp, zero, 0
x2 <- 0x00000000


mem[X,0x8000173C] -> 0x006F
mem[X,0x8000173E] -> 0x00C0
[219] [M]: 0x8000173C (0x00C0006F) jal zero, 12


mem[X,0x80001748] -> 0x6663
mem[X,0x8000174A] -> 0x01F2
[220] [M]: 0x80001748 (0x01F26663) bltu tp, t6, 12


mem[X,0x8000174C] -> 0x0113
mem[X,0x8000174E] -> 0x0021
[221] [M]: 0x8000174C (0x00210113) addi sp, sp, 2
x2 <- 0x00000002


mem[X,0x80001750] -> 0x006F
mem[X,0x80001752] -> 0x00C0
[222] [M]: 0x80001750 (0x00C0006F) jal zero, 12


mem[X,0x8000175C] -> 0xA423
mem[X,0x8000175E] -> 0x0425
[223] [M]: 0x8000175C (0x0425A423) sw sp, 72(a1)
mem[0x8004C15C] <- 0x00000002


mem[X,0x80001760] -> 0x0793
mem[X,0x80001762] -> 0xFEF0
[224] [M]: 0x80001760 (0xFEF00793) addi a5, zero, 4079
x15 <- 0xFFFFFFEF


mem[X,0x80001764] -> 0x2CB7
mem[X,0x80001766] -> 0x0000
[225] [M]: 0x80001764 (0x00002CB7) lui s9, 2
x25 <- 0x00002000


mem[X,0x80001768] -> 0x0113
mem[X,0x8000176A] -> 0x0000
[226] [M]: 0x80001768 (0x00000113) addi sp, zero, 0
x2 <- 0x00000000


mem[X,0x8000176C] -> 0x006F
mem[X,0x8000176E] -> 0x00C0
[227] [M]: 0x8000176C (0x00C0006F) jal zero, 12


mem[X,0x80001778] -> 0xE063
mem[X,0x8000177A] -> 0x0397
[228] [M]: 0x80001778 (0x0397E063) bltu a5, s9, 32


mem[X,0x8000177C] -> 0x0113
mem[X,0x8000177E] -> 0x0021
[229] [M]: 0x8000177C (0x00210113) addi sp, sp, 2
x2 <- 0x00000002


mem[X,0x80001780] -> 0x006F
mem[X,0x80001782] -> 0x0200
[230] [M]: 0x80001780 (0x0200006F) jal zero, 32


mem[X,0x800017A0] -> 0xA623
mem[X,0x800017A2] -> 0x0425
[231] [M]: 0x800017A0 (0x0425A623) sw sp, 76(a1)
mem[0x8004C160] <- 0x00000002


mem[X,0x800017A4] -> 0x0293
mem[X,0x800017A6] -> 0x0000
[232] [M]: 0x800017A4 (0x00000293) addi t0, zero, 0
x5 <- 0x00000000


mem[X,0x800017A8] -> 0x4837
mem[X,0x800017AA] -> 0x0000
[233] [M]: 0x800017A8 (0x00004837) lui a6, 4
x16 <- 0x00004000


mem[X,0x800017AC] -> 0x0113
mem[X,0x800017AE] -> 0x0000
[234] [M]: 0x800017AC (0x00000113) addi sp, zero, 0
x2 <- 0x00000000


mem[X,0x800017B0] -> 0x006F
mem[X,0x800017B2] -> 0x00C0
[235] [M]: 0x800017B0 (0x00C0006F) jal zero, 12


mem[X,0x800017BC] -> 0xE863
mem[X,0x800017BE] -> 0x0102
[236] [M]: 0x800017BC (0x0102E863) bltu t0, a6, 16


mem[X,0x800017CC] -> 0x0113
mem[X,0x800017CE] -> 0x0031
[237] [M]: 0x800017CC (0x00310113) addi sp, sp, 3
x2 <- 0x00000003


mem[X,0x800017D0] -> 0x006F
mem[X,0x800017D2] -> 0x0040
[238] [M]: 0x800017D0 (0x0040006F) jal zero, 4


mem[X,0x800017D4] -> 0xA823
mem[X,0x800017D6] -> 0x0425
[239] [M]: 0x800017D4 (0x0425A823) sw sp, 80(a1)
mem[0x8004C164] <- 0x00000003


mem[X,0x800017D8] -> 0x0613
mem[X,0x800017DA] -> 0x0000
[240] [M]: 0x800017D8 (0x00000613) addi a2, zero, 0
x12 <- 0x00000000


mem[X,0x800017DC] -> 0x0D37
mem[X,0x800017DE] -> 0x0001
[241] [M]: 0x800017DC (0x00010D37) lui s10, 16
x26 <- 0x00010000


mem[X,0x800017E0] -> 0x0113
mem[X,0x800017E2] -> 0x0000
[242] [M]: 0x800017E0 (0x00000113) addi sp, zero, 0
x2 <- 0x00000000


mem[X,0x800017E4] -> 0x006F
mem[X,0x800017E6] -> 0x00C0
[243] [M]: 0x800017E4 (0x00C0006F) jal zero, 12


mem[X,0x800017F0] -> 0x6663
mem[X,0x800017F2] -> 0x01A6
[244] [M]: 0x800017F0 (0x01A66663) bltu a2, s10, 12


mem[X,0x800017FC] -> 0x0113
mem[X,0x800017FE] -> 0x0031
[245] [M]: 0x800017FC (0x00310113) addi sp, sp, 3
x2 <- 0x00000003


mem[X,0x80001800] -> 0x006F
mem[X,0x80001802] -> 0x0040
[246] [M]: 0x80001800 (0x0040006F) jal zero, 4


mem[X,0x80001804] -> 0xAA23
mem[X,0x80001806] -> 0x0425
[247] [M]: 0x80001804 (0x0425AA23) sw sp, 84(a1)
mem[0x8004C168] <- 0x00000003


mem[X,0x80001808] -> 0x0B13
mem[X,0x8000180A] -> 0x0200
[248] [M]: 0x80001808 (0x02000B13) addi s6, zero, 32
x22 <- 0x00000020


mem[X,0x8000180C] -> 0x0C37
mem[X,0x8000180E] -> 0x0002
[249] [M]: 0x8000180C (0x00020C37) lui s8, 32
x24 <- 0x00020000


mem[X,0x80001810] -> 0x0113
mem[X,0x80001812] -> 0x0000
[250] [M]: 0x80001810 (0x00000113) addi sp, zero, 0
x2 <- 0x00000000


mem[X,0x80001814] -> 0x006F
mem[X,0x80001816] -> 0x0100
[251] [M]: 0x80001814 (0x0100006F) jal zero, 16


mem[X,0x80001824] -> 0x6AE3
mem[X,0x80001826] -> 0xFF8B
[252] [M]: 0x80001824 (0xFF8B6AE3) bltu s6, s8, 8180


mem[X,0x80001818] -> 0x0113
mem[X,0x8000181A] -> 0x0011
[253] [M]: 0x80001818 (0x00110113) addi sp, sp, 1
x2 <- 0x00000001


mem[X,0x8000181C] -> 0x006F
mem[X,0x8000181E] -> 0x01C0
[254] [M]: 0x8000181C (0x01C0006F) jal zero, 28


mem[X,0x80001838] -> 0xAC23
mem[X,0x8000183A] -> 0x0425
[255] [M]: 0x80001838 (0x0425AC23) sw sp, 88(a1)
mem[0x8004C16C] <- 0x00000001


mem[X,0x8000183C] -> 0x0113
mem[X,0x8000183E] -> 0x0070
[256] [M]: 0x8000183C (0x00700113) addi sp, zero, 7
x2 <- 0x00000007


mem[X,0x80001840] -> 0x0DB7
mem[X,0x80001842] -> 0x0004
[257] [M]: 0x80001840 (0x00040DB7) lui s11, 64
x27 <- 0x00040000


mem[X,0x80001844] -> 0x0213
mem[X,0x80001846] -> 0x0000
[258] [M]: 0x80001844 (0x00000213) addi tp, zero, 0
x4 <- 0x00000000


mem[X,0x80001848] -> 0x006F
mem[X,0x8000184A] -> 0x00C0
[259] [M]: 0x80001848 (0x00C0006F) jal zero, 12


mem[X,0x80001854] -> 0x6CE3
mem[X,0x80001856] -> 0xFFB1
[260] [M]: 0x80001854 (0xFFB16CE3) bltu sp, s11, 8184


mem[X,0x8000184C] -> 0x0213
mem[X,0x8000184E] -> 0x0012
[261] [M]: 0x8000184C (0x00120213) addi tp, tp, 1
x4 <- 0x00000001


mem[X,0x80001850] -> 0x006F
mem[X,0x80001852] -> 0x0180
[262] [M]: 0x80001850 (0x0180006F) jal zero, 24


mem[X,0x80001868] -> 0xAE23
mem[X,0x8000186A] -> 0x0445
[263] [M]: 0x80001868 (0x0445AE23) sw tp, 92(a1)
mem[0x8004C170] <- 0x00000001


mem[X,0x8000186C] -> 0x0013
mem[X,0x8000186E] -> 0x0000
[264] [M]: 0x8000186C (0x00000013) addi zero, zero, 0


mem[X,0x80001870] -> 0x0013
mem[X,0x80001872] -> 0x0000
[265] [M]: 0x80001870 (0x00000013) addi zero, zero, 0


mem[X,0x80001874] -> 0x0013
mem[X,0x80001876] -> 0x0000
[266] [M]: 0x80001874 (0x00000013) addi zero, zero, 0


mem[X,0x80001878] -> 0x0013
mem[X,0x8000187A] -> 0x0000
[267] [M]: 0x80001878 (0x00000013) addi zero, zero, 0


mem[X,0x8000187C] -> 0x0013
mem[X,0x8000187E] -> 0x0000
[268] [M]: 0x8000187C (0x00000013) addi zero, zero, 0


mem[X,0x80001880] -> 0xB097
mem[X,0x80001882] -> 0x0004
[269] [M]: 0x80001880 (0x0004B097) auipc ra, 75
x1 <- 0x8004C880


mem[X,0x80001884] -> 0x8093
mem[X,0x80001886] -> 0x8F40
[270] [M]: 0x80001884 (0x8F408093) addi ra, ra, 2292
x1 <- 0x8004C174


mem[X,0x80001888] -> 0x0013
mem[X,0x8000188A] -> 0x0000
[271] [M]: 0x80001888 (0x00000013) addi zero, zero, 0


mem[X,0x8000188C] -> 0x0013
mem[X,0x8000188E] -> 0x0000
[272] [M]: 0x8000188C (0x00000013) addi zero, zero, 0


mem[X,0x80001890] -> 0x0013
mem[X,0x80001892] -> 0x0000
[273] [M]: 0x80001890 (0x00000013) addi zero, zero, 0


mem[X,0x80001894] -> 0x0013
mem[X,0x80001896] -> 0x0000
[274] [M]: 0x80001894 (0x00000013) addi zero, zero, 0


mem[X,0x80001898] -> 0x0013
mem[X,0x8000189A] -> 0x0000
[275] [M]: 0x80001898 (0x00000013) addi zero, zero, 0


mem[X,0x8000189C] -> 0x0013
mem[X,0x8000189E] -> 0x0000
[276] [M]: 0x8000189C (0x00000013) addi zero, zero, 0


mem[X,0x800018A0] -> 0x0D93
mem[X,0x800018A2] -> 0x00E0
[277] [M]: 0x800018A0 (0x00E00D93) addi s11, zero, 14
x27 <- 0x0000000E


mem[X,0x800018A4] -> 0x07B7
mem[X,0x800018A6] -> 0x0008
[278] [M]: 0x800018A4 (0x000807B7) lui a5, 128
x15 <- 0x00080000


mem[X,0x800018A8] -> 0x0213
mem[X,0x800018AA] -> 0x0000
[279] [M]: 0x800018A8 (0x00000213) addi tp, zero, 0
x4 <- 0x00000000


mem[X,0x800018AC] -> 0x006F
mem[X,0x800018AE] -> 0x00C0
[280] [M]: 0x800018AC (0x00C0006F) jal zero, 12


mem[X,0x800018B8] -> 0xECE3
mem[X,0x800018BA] -> 0xFEFD
[281] [M]: 0x800018B8 (0xFEFDECE3) bltu s11, a5, 8184


mem[X,0x800018B0] -> 0x0213
mem[X,0x800018B2] -> 0x0012
[282] [M]: 0x800018B0 (0x00120213) addi tp, tp, 1
x4 <- 0x00000001


mem[X,0x800018B4] -> 0x006F
mem[X,0x800018B6] -> 0x0180
[283] [M]: 0x800018B4 (0x0180006F) jal zero, 24


mem[X,0x800018CC] -> 0xA023
mem[X,0x800018CE] -> 0x0040
[284] [M]: 0x800018CC (0x0040A023) sw tp, 0(ra)
mem[0x8004C174] <- 0x00000001


mem[X,0x800018D0] -> 0x05B7
mem[X,0x800018D2] -> 0x0080
[285] [M]: 0x800018D0 (0x008005B7) lui a1, 2048
x11 <- 0x00800000


mem[X,0x800018D4] -> 0x0537
mem[X,0x800018D6] -> 0x0010
[286] [M]: 0x800018D4 (0x00100537) lui a0, 256
x10 <- 0x00100000


mem[X,0x800018D8] -> 0x0213
mem[X,0x800018DA] -> 0x0000
[287] [M]: 0x800018D8 (0x00000213) addi tp, zero, 0
x4 <- 0x00000000


mem[X,0x800018DC] -> 0x006F
mem[X,0x800018DE] -> 0x00C0
[288] [M]: 0x800018DC (0x00C0006F) jal zero, 12


mem[X,0x800018E8] -> 0xECE3
mem[X,0x800018EA] -> 0xFEA5
[289] [M]: 0x800018E8 (0xFEA5ECE3) bltu a1, a0, 8184


mem[X,0x800018EC] -> 0x0213
mem[X,0x800018EE] -> 0x0022
[290] [M]: 0x800018EC (0x00220213) addi tp, tp, 2
x4 <- 0x00000002


mem[X,0x800018F0] -> 0x006F
mem[X,0x800018F2] -> 0x00C0
[291] [M]: 0x800018F0 (0x00C0006F) jal zero, 12


mem[X,0x800018FC] -> 0xA223
mem[X,0x800018FE] -> 0x0040
[292] [M]: 0x800018FC (0x0040A223) sw tp, 4(ra)
mem[0x8004C178] <- 0x00000002


mem[X,0x80001900] -> 0x0B93
mem[X,0x80001902] -> 0x0400
[293] [M]: 0x80001900 (0x04000B93) addi s7, zero, 64
x23 <- 0x00000040


mem[X,0x80001904] -> 0x0137
mem[X,0x80001906] -> 0x0020
[294] [M]: 0x80001904 (0x00200137) lui sp, 512
x2 <- 0x00200000


mem[X,0x80001908] -> 0x0213
mem[X,0x8000190A] -> 0x0000
[295] [M]: 0x80001908 (0x00000213) addi tp, zero, 0
x4 <- 0x00000000


mem[X,0x8000190C] -> 0x006F
mem[X,0x8000190E] -> 0x00C0
[296] [M]: 0x8000190C (0x00C0006F) jal zero, 12


mem[X,0x80001918] -> 0xE063
mem[X,0x8000191A] -> 0x202B
[297] [M]: 0x80001918 (0x202BE063) bltu s7, sp, 512


mem[X,0x80001B18] -> 0x0213
mem[X,0x80001B1A] -> 0x0032
[298] [M]: 0x80001B18 (0x00320213) addi tp, tp, 3
x4 <- 0x00000003


mem[X,0x80001B1C] -> 0x006F
mem[X,0x80001B1E] -> 0x0040
[299] [M]: 0x80001B1C (0x0040006F) jal zero, 4


clint::tick mtime <- 0x0000000000000003
 clint timer pending at mtime 0x0000000000000003
htif::tick 0x0000000000000000
mem[X,0x80001B20] -> 0xA423
mem[X,0x80001B22] -> 0x0040
[300] [M]: 0x80001B20 (0x0040A423) sw tp, 8(ra)
mem[0x8004C17C] <- 0x00000003


mem[X,0x80001B24] -> 0x0993
mem[X,0x80001B26] -> 0x1000
[301] [M]: 0x80001B24 (0x10000993) addi s3, zero, 256
x19 <- 0x00000100


mem[X,0x80001B28] -> 0x0637
mem[X,0x80001B2A] -> 0x0040
[302] [M]: 0x80001B28 (0x00400637) lui a2, 1024
x12 <- 0x00400000


mem[X,0x80001B2C] -> 0x0213
mem[X,0x80001B2E] -> 0x0000
[303] [M]: 0x80001B2C (0x00000213) addi tp, zero, 0
x4 <- 0x00000000


mem[X,0x80001B30] -> 0x006F
mem[X,0x80001B32] -> 0x00C0
[304] [M]: 0x80001B30 (0x00C0006F) jal zero, 12


mem[X,0x80001B3C] -> 0xE063
mem[X,0x80001B3E] -> 0x40C9
[305] [M]: 0x80001B3C (0x40C9E063) bltu s3, a2, 1024


mem[X,0x80001F3C] -> 0x0213
mem[X,0x80001F3E] -> 0x0032
[306] [M]: 0x80001F3C (0x00320213) addi tp, tp, 3
x4 <- 0x00000003


mem[X,0x80001F40] -> 0x006F
mem[X,0x80001F42] -> 0x0040
[307] [M]: 0x80001F40 (0x0040006F) jal zero, 4


mem[X,0x80001F44] -> 0xA623
mem[X,0x80001F46] -> 0x0040
[308] [M]: 0x80001F44 (0x0040A623) sw tp, 12(ra)
mem[0x8004C180] <- 0x00000003


mem[X,0x80001F48] -> 0x0C13
mem[X,0x80001F4A] -> 0xFFD0
[309] [M]: 0x80001F48 (0xFFD00C13) addi s8, zero, 4093
x24 <- 0xFFFFFFFD


mem[X,0x80001F4C] -> 0x05B7
mem[X,0x80001F4E] -> 0x0080
[310] [M]: 0x80001F4C (0x008005B7) lui a1, 2048
x11 <- 0x00800000


mem[X,0x80001F50] -> 0x0213
mem[X,0x80001F52] -> 0x0000
[311] [M]: 0x80001F50 (0x00000213) addi tp, zero, 0
x4 <- 0x00000000


mem[X,0x80001F54] -> 0x006F
mem[X,0x80001F56] -> 0x00C0
[312] [M]: 0x80001F54 (0x00C0006F) jal zero, 12


mem[X,0x80001F60] -> 0x6CE3
mem[X,0x80001F62] -> 0xFEBC
[313] [M]: 0x80001F60 (0xFEBC6CE3) bltu s8, a1, 8184


mem[X,0x80001F64] -> 0x0213
mem[X,0x80001F66] -> 0x0022
[314] [M]: 0x80001F64 (0x00220213) addi tp, tp, 2
x4 <- 0x00000002


mem[X,0x80001F68] -> 0x006F
mem[X,0x80001F6A] -> 0x00C0
[315] [M]: 0x80001F68 (0x00C0006F) jal zero, 12


mem[X,0x80001F74] -> 0xA823
mem[X,0x80001F76] -> 0x0040
[316] [M]: 0x80001F74 (0x0040A823) sw tp, 16(ra)
mem[0x8004C184] <- 0x00000002


mem[X,0x80001F78] -> 0x01B7
mem[X,0x80001F7A] -> 0x4000
[317] [M]: 0x80001F78 (0x400001B7) lui gp, 262144
x3 <- 0x40000000


mem[X,0x80001F7C] -> 0x0737
mem[X,0x80001F7E] -> 0x0100
[318] [M]: 0x80001F7C (0x01000737) lui a4, 4096
x14 <- 0x01000000


mem[X,0x80001F80] -> 0x0213
mem[X,0x80001F82] -> 0x0000
[319] [M]: 0x80001F80 (0x00000213) addi tp, zero, 0
x4 <- 0x00000000


mem[X,0x80001F84] -> 0x006F
mem[X,0x80001F86] -> 0x00C0
[320] [M]: 0x80001F84 (0x00C0006F) jal zero, 12


mem[X,0x80001F90] -> 0xECE3
mem[X,0x80001F92] -> 0xFEE1
[321] [M]: 0x80001F90 (0xFEE1ECE3) bltu gp, a4, 8184


mem[X,0x80001F94] -> 0x0213
mem[X,0x80001F96] -> 0x0022
[322] [M]: 0x80001F94 (0x00220213) addi tp, tp, 2
x4 <- 0x00000002


mem[X,0x80001F98] -> 0x006F
mem[X,0x80001F9A] -> 0x00C0
[323] [M]: 0x80001F98 (0x00C0006F) jal zero, 12


mem[X,0x80001FA4] -> 0xAA23
mem[X,0x80001FA6] -> 0x0040
[324] [M]: 0x80001FA4 (0x0040AA23) sw tp, 20(ra)
mem[0x8004C188] <- 0x00000002


mem[X,0x80001FA8] -> 0x0E37
mem[X,0x80001FAA] -> 0xFFE0
[325] [M]: 0x80001FA8 (0xFFE00E37) lui t3, 1048064
x28 <- 0xFFE00000


mem[X,0x80001FAC] -> 0x0E13
mem[X,0x80001FAE] -> 0xFFFE
[326] [M]: 0x80001FAC (0xFFFE0E13) addi t3, t3, 4095
x28 <- 0xFFDFFFFF


mem[X,0x80001FB0] -> 0x0337
mem[X,0x80001FB2] -> 0x0200
[327] [M]: 0x80001FB0 (0x02000337) lui t1, 8192
x6 <- 0x02000000


mem[X,0x80001FB4] -> 0x0213
mem[X,0x80001FB6] -> 0x0000
[328] [M]: 0x80001FB4 (0x00000213) addi tp, zero, 0
x4 <- 0x00000000


mem[X,0x80001FB8] -> 0x006F
mem[X,0x80001FBA] -> 0x00C0
[329] [M]: 0x80001FB8 (0x00C0006F) jal zero, 12


mem[X,0x80001FC4] -> 0x6CE3
mem[X,0x80001FC6] -> 0xFE6E
[330] [M]: 0x80001FC4 (0xFE6E6CE3) bltu t3, t1, 8184


mem[X,0x80001FC8] -> 0x0213
mem[X,0x80001FCA] -> 0x0022
[331] [M]: 0x80001FC8 (0x00220213) addi tp, tp, 2
x4 <- 0x00000002


mem[X,0x80001FCC] -> 0x006F
mem[X,0x80001FCE] -> 0x00C0
[332] [M]: 0x80001FCC (0x00C0006F) jal zero, 12


mem[X,0x80001FD8] -> 0xAC23
mem[X,0x80001FDA] -> 0x0040
[333] [M]: 0x80001FD8 (0x0040AC23) sw tp, 24(ra)
mem[0x8004C18C] <- 0x00000002


mem[X,0x80001FDC] -> 0x66B7
mem[X,0x80001FDE] -> 0x6666
[334] [M]: 0x80001FDC (0x666666B7) lui a3, 419430
x13 <- 0x66666000


mem[X,0x80001FE0] -> 0x8693
mem[X,0x80001FE2] -> 0x6656
[335] [M]: 0x80001FE0 (0x66568693) addi a3, a3, 1637
x13 <- 0x66666665


mem[X,0x80001FE4] -> 0x0BB7
mem[X,0x80001FE6] -> 0x0400
[336] [M]: 0x80001FE4 (0x04000BB7) lui s7, 16384
x23 <- 0x04000000


mem[X,0x80001FE8] -> 0x0213
mem[X,0x80001FEA] -> 0x0000
[337] [M]: 0x80001FE8 (0x00000213) addi tp, zero, 0
x4 <- 0x00000000


mem[X,0x80001FEC] -> 0x006F
mem[X,0x80001FEE] -> 0x00C0
[338] [M]: 0x80001FEC (0x00C0006F) jal zero, 12


mem[X,0x80001FF8] -> 0xE063
mem[X,0x80001FFA] -> 0x4176
[339] [M]: 0x80001FF8 (0x4176E063) bltu a3, s7, 1024


mem[X,0x80001FFC] -> 0x0213
mem[X,0x80001FFE] -> 0x0022
[340] [M]: 0x80001FFC (0x00220213) addi tp, tp, 2
x4 <- 0x00000002


mem[X,0x80002000] -> 0x006F
mem[X,0x80002002] -> 0x4000
[341] [M]: 0x80002000 (0x4000006F) jal zero, 1024


mem[X,0x80002400] -> 0xAE23
mem[X,0x80002402] -> 0x0040
[342] [M]: 0x80002400 (0x0040AE23) sw tp, 28(ra)
mem[0x8004C190] <- 0x00000002


mem[X,0x80002404] -> 0x0537
mem[X,0x80002406] -> 0xC000
[343] [M]: 0x80002404 (0xC0000537) lui a0, 786432
x10 <- 0xC0000000


mem[X,0x80002408] -> 0x0513
mem[X,0x8000240A] -> 0xFFF5
[344] [M]: 0x80002408 (0xFFF50513) addi a0, a0, 4095
x10 <- 0xBFFFFFFF


mem[X,0x8000240C] -> 0x05B7
mem[X,0x8000240E] -> 0x0800
[345] [M]: 0x8000240C (0x080005B7) lui a1, 32768
x11 <- 0x08000000


mem[X,0x80002410] -> 0x0213
mem[X,0x80002412] -> 0x0000
[346] [M]: 0x80002410 (0x00000213) addi tp, zero, 0
x4 <- 0x00000000


mem[X,0x80002414] -> 0x006F
mem[X,0x80002416] -> 0x00C0
[347] [M]: 0x80002414 (0x00C0006F) jal zero, 12


mem[X,0x80002420] -> 0x6063
mem[X,0x80002422] -> 0x10B5
[348] [M]: 0x80002420 (0x10B56063) bltu a0, a1, 256


mem[X,0x80002424] -> 0x0213
mem[X,0x80002426] -> 0x0022
[349] [M]: 0x80002424 (0x00220213) addi tp, tp, 2
x4 <- 0x00000002


mem[X,0x80002428] -> 0x006F
mem[X,0x8000242A] -> 0x1000
[350] [M]: 0x80002428 (0x1000006F) jal zero, 256


mem[X,0x80002528] -> 0xA023
mem[X,0x8000252A] -> 0x0240
[351] [M]: 0x80002528 (0x0240A023) sw tp, 32(ra)
mem[0x8004C194] <- 0x00000002


mem[X,0x8000252C] -> 0x0537
mem[X,0x8000252E] -> 0xF000
[352] [M]: 0x8000252C (0xF0000537) lui a0, 983040
x10 <- 0xF0000000


mem[X,0x80002530] -> 0x0513
mem[X,0x80002532] -> 0xFFF5
[353] [M]: 0x80002530 (0xFFF50513) addi a0, a0, 4095
x10 <- 0xEFFFFFFF


mem[X,0x80002534] -> 0x05B7
mem[X,0x80002536] -> 0x1000
[354] [M]: 0x80002534 (0x100005B7) lui a1, 65536
x11 <- 0x10000000


mem[X,0x80002538] -> 0x0213
mem[X,0x8000253A] -> 0x0000
[355] [M]: 0x80002538 (0x00000213) addi tp, zero, 0
x4 <- 0x00000000


mem[X,0x8000253C] -> 0x006F
mem[X,0x8000253E] -> 0x0050
[356] [M]: 0x8000253C (0x0050006F) jal zero, 2052


mem[X,0x80002D40] -> 0x60E3
mem[X,0x80002D42] -> 0x80B5
[357] [M]: 0x80002D40 (0x80B560E3) bltu a0, a1, 6144


mem[X,0x80002D44] -> 0x0213
mem[X,0x80002D46] -> 0x0022
[358] [M]: 0x80002D44 (0x00220213) addi tp, tp, 2
x4 <- 0x00000002


mem[X,0x80002D48] -> 0x006F
mem[X,0x80002D4A] -> 0x00C0
[359] [M]: 0x80002D48 (0x00C0006F) jal zero, 12


mem[X,0x80002D54] -> 0xA223
mem[X,0x80002D56] -> 0x0240
[360] [M]: 0x80002D54 (0x0240A223) sw tp, 36(ra)
mem[0x8004C198] <- 0x00000002


mem[X,0x80002D58] -> 0x4537
mem[X,0x80002D5A] -> 0x0000
[361] [M]: 0x80002D58 (0x00004537) lui a0, 4
x10 <- 0x00004000


mem[X,0x80002D5C] -> 0x05B7
mem[X,0x80002D5E] -> 0x2000
[362] [M]: 0x80002D5C (0x200005B7) lui a1, 131072
x11 <- 0x20000000


mem[X,0x80002D60] -> 0x0213
mem[X,0x80002D62] -> 0x0000
[363] [M]: 0x80002D60 (0x00000213) addi tp, zero, 0
x4 <- 0x00000000


mem[X,0x80002D64] -> 0x006F
mem[X,0x80002D66] -> 0x00C0
[364] [M]: 0x80002D64 (0x00C0006F) jal zero, 12


mem[X,0x80002D70] -> 0x6CE3
mem[X,0x80002D72] -> 0xFEB5
[365] [M]: 0x80002D70 (0xFEB56CE3) bltu a0, a1, 8184


mem[X,0x80002D68] -> 0x0213
mem[X,0x80002D6A] -> 0x0012
[366] [M]: 0x80002D68 (0x00120213) addi tp, tp, 1
x4 <- 0x00000001


mem[X,0x80002D6C] -> 0x006F
mem[X,0x80002D6E] -> 0x0180
[367] [M]: 0x80002D6C (0x0180006F) jal zero, 24


mem[X,0x80002D84] -> 0xA423
mem[X,0x80002D86] -> 0x0240
[368] [M]: 0x80002D84 (0x0240A423) sw tp, 40(ra)
mem[0x8004C19C] <- 0x00000001


mem[X,0x80002D88] -> 0x0537
mem[X,0x80002D8A] -> 0xFFFF
[369] [M]: 0x80002D88 (0xFFFF0537) lui a0, 1048560
x10 <- 0xFFFF0000


mem[X,0x80002D8C] -> 0x0513
mem[X,0x80002D8E] -> 0xFFF5
[370] [M]: 0x80002D8C (0xFFF50513) addi a0, a0, 4095
x10 <- 0xFFFEFFFF


mem[X,0x80002D90] -> 0x05B7
mem[X,0x80002D92] -> 0x4000
[371] [M]: 0x80002D90 (0x400005B7) lui a1, 262144
x11 <- 0x40000000


mem[X,0x80002D94] -> 0x0213
mem[X,0x80002D96] -> 0x0000
[372] [M]: 0x80002D94 (0x00000213) addi tp, zero, 0
x4 <- 0x00000000


mem[X,0x80002D98] -> 0x006F
mem[X,0x80002D9A] -> 0x00C0
[373] [M]: 0x80002D98 (0x00C0006F) jal zero, 12


mem[X,0x80002DA4] -> 0x6663
mem[X,0x80002DA6] -> 0x00B5
[374] [M]: 0x80002DA4 (0x00B56663) bltu a0, a1, 12


mem[X,0x80002DA8] -> 0x0213
mem[X,0x80002DAA] -> 0x0022
[375] [M]: 0x80002DA8 (0x00220213) addi tp, tp, 2
x4 <- 0x00000002


mem[X,0x80002DAC] -> 0x006F
mem[X,0x80002DAE] -> 0x00C0
[376] [M]: 0x80002DAC (0x00C0006F) jal zero, 12


mem[X,0x80002DB8] -> 0xA623
mem[X,0x80002DBA] -> 0x0240
[377] [M]: 0x80002DB8 (0x0240A623) sw tp, 44(ra)
mem[0x8004C1A0] <- 0x00000002


mem[X,0x80002DBC] -> 0x0537
mem[X,0x80002DBE] -> 0xFFFE
[378] [M]: 0x80002DBC (0xFFFE0537) lui a0, 1048544
x10 <- 0xFFFE0000


mem[X,0x80002DC0] -> 0x0513
mem[X,0x80002DC2] -> 0xFFF5
[379] [M]: 0x80002DC0 (0xFFF50513) addi a0, a0, 4095
x10 <- 0xFFFDFFFF


mem[X,0x80002DC4] -> 0x05B7
mem[X,0x80002DC6] -> 0x8000
[380] [M]: 0x80002DC4 (0x800005B7) lui a1, 524288
x11 <- 0x80000000


mem[X,0x80002DC8] -> 0x0213
mem[X,0x80002DCA] -> 0x0000
[381] [M]: 0x80002DC8 (0x00000213) addi tp, zero, 0
x4 <- 0x00000000


mem[X,0x80002DCC] -> 0x006F
mem[X,0x80002DCE] -> 0x00C0
[382] [M]: 0x80002DCC (0x00C0006F) jal zero, 12


mem[X,0x80002DD8] -> 0x6CE3
mem[X,0x80002DDA] -> 0xFEB5
[383] [M]: 0x80002DD8 (0xFEB56CE3) bltu a0, a1, 8184


mem[X,0x80002DDC] -> 0x0213
mem[X,0x80002DDE] -> 0x0022
[384] [M]: 0x80002DDC (0x00220213) addi tp, tp, 2
x4 <- 0x00000002


mem[X,0x80002DE0] -> 0x006F
mem[X,0x80002DE2] -> 0x00C0
[385] [M]: 0x80002DE0 (0x00C0006F) jal zero, 12


mem[X,0x80002DEC] -> 0xA823
mem[X,0x80002DEE] -> 0x0240
[386] [M]: 0x80002DEC (0x0240A823) sw tp, 48(ra)
mem[0x8004C1A4] <- 0x00000002


mem[X,0x80002DF0] -> 0x0537
mem[X,0x80002DF2] -> 0x0001
[387] [M]: 0x80002DF0 (0x00010537) lui a0, 16
x10 <- 0x00010000


mem[X,0x80002DF4] -> 0x0593
mem[X,0x80002DF6] -> 0xFFE0
[388] [M]: 0x80002DF4 (0xFFE00593) addi a1, zero, 4094
x11 <- 0xFFFFFFFE


mem[X,0x80002DF8] -> 0x0213
mem[X,0x80002DFA] -> 0x0000
[389] [M]: 0x80002DF8 (0x00000213) addi tp, zero, 0
x4 <- 0x00000000


mem[X,0x80002DFC] -> 0x006F
mem[X,0x80002DFE] -> 0x00C0
[390] [M]: 0x80002DFC (0x00C0006F) jal zero, 12


mem[X,0x80002E08] -> 0x6063
mem[X,0x80002E0A] -> 0x20B5
[391] [M]: 0x80002E08 (0x20B56063) bltu a0, a1, 512


mem[X,0x80003008] -> 0x0213
mem[X,0x8000300A] -> 0x0032
[392] [M]: 0x80003008 (0x00320213) addi tp, tp, 3
x4 <- 0x00000003


mem[X,0x8000300C] -> 0x006F
mem[X,0x8000300E] -> 0x0040
[393] [M]: 0x8000300C (0x0040006F) jal zero, 4


mem[X,0x80003010] -> 0xAA23
mem[X,0x80003012] -> 0x0240
[394] [M]: 0x80003010 (0x0240AA23) sw tp, 52(ra)
mem[0x8004C1A8] <- 0x00000003


mem[X,0x80003014] -> 0x0513
mem[X,0x80003016] -> 0x00C0
[395] [M]: 0x80003014 (0x00C00513) addi a0, zero, 12
x10 <- 0x0000000C


mem[X,0x80003018] -> 0x0593
mem[X,0x8000301A] -> 0xFFD0
[396] [M]: 0x80003018 (0xFFD00593) addi a1, zero, 4093
x11 <- 0xFFFFFFFD


mem[X,0x8000301C] -> 0x0213
mem[X,0x8000301E] -> 0x0000
[397] [M]: 0x8000301C (0x00000213) addi tp, zero, 0
x4 <- 0x00000000


mem[X,0x80003020] -> 0x006F
mem[X,0x80003022] -> 0x0100
[398] [M]: 0x80003020 (0x0100006F) jal zero, 16


mem[X,0x80003030] -> 0x6AE3
mem[X,0x80003032] -> 0xFEB5
[399] [M]: 0x80003030 (0xFEB56AE3) bltu a0, a1, 8180


clint::tick mtime <- 0x0000000000000004
 clint timer pending at mtime 0x0000000000000004
htif::tick 0x0000000000000000
mem[X,0x80003024] -> 0x0213
mem[X,0x80003026] -> 0x0012
[400] [M]: 0x80003024 (0x00120213) addi tp, tp, 1
x4 <- 0x00000001


mem[X,0x80003028] -> 0x006F
mem[X,0x8000302A] -> 0x01C0
[401] [M]: 0x80003028 (0x01C0006F) jal zero, 28


mem[X,0x80003044] -> 0xAC23
mem[X,0x80003046] -> 0x0240
[402] [M]: 0x80003044 (0x0240AC23) sw tp, 56(ra)
mem[0x8004C1AC] <- 0x00000001


mem[X,0x80003048] -> 0x0513
mem[X,0x8000304A] -> 0x0040
[403] [M]: 0x80003048 (0x00400513) addi a0, zero, 4
x10 <- 0x00000004


mem[X,0x8000304C] -> 0x0593
mem[X,0x8000304E] -> 0xFFB0
[404] [M]: 0x8000304C (0xFFB00593) addi a1, zero, 4091
x11 <- 0xFFFFFFFB


mem[X,0x80003050] -> 0x0213
mem[X,0x80003052] -> 0x0000
[405] [M]: 0x80003050 (0x00000213) addi tp, zero, 0
x4 <- 0x00000000


mem[X,0x80003054] -> 0x006F
mem[X,0x80003056] -> 0x00C0
[406] [M]: 0x80003054 (0x00C0006F) jal zero, 12


mem[X,0x80003060] -> 0x6063
mem[X,0x80003062] -> 0x10B5
[407] [M]: 0x80003060 (0x10B56063) bltu a0, a1, 256


mem[X,0x80003160] -> 0x0213
mem[X,0x80003162] -> 0x0032
[408] [M]: 0x80003160 (0x00320213) addi tp, tp, 3
x4 <- 0x00000003


mem[X,0x80003164] -> 0x006F
mem[X,0x80003166] -> 0x0040
[409] [M]: 0x80003164 (0x0040006F) jal zero, 4


mem[X,0x80003168] -> 0xAE23
mem[X,0x8000316A] -> 0x0240
[410] [M]: 0x80003168 (0x0240AE23) sw tp, 60(ra)
mem[0x8004C1B0] <- 0x00000003


mem[X,0x8000316C] -> 0xB537
mem[X,0x8000316E] -> 0xAAAA
[411] [M]: 0x8000316C (0xAAAAB537) lui a0, 699051
x10 <- 0xAAAAB000


mem[X,0x80003170] -> 0x0513
mem[X,0x80003172] -> 0xAAA5
[412] [M]: 0x80003170 (0xAAA50513) addi a0, a0, 2730
x10 <- 0xAAAAAAAA


mem[X,0x80003174] -> 0x0593
mem[X,0x80003176] -> 0xFF70
[413] [M]: 0x80003174 (0xFF700593) addi a1, zero, 4087
x11 <- 0xFFFFFFF7


mem[X,0x80003178] -> 0x0213
mem[X,0x8000317A] -> 0x0000
[414] [M]: 0x80003178 (0x00000213) addi tp, zero, 0
x4 <- 0x00000000


mem[X,0x8000317C] -> 0x006F
mem[X,0x8000317E] -> 0x0180
[415] [M]: 0x8000317C (0x0180006F) jal zero, 24


mem[X,0x80003194] -> 0x66E3
mem[X,0x80003196] -> 0xFEB5
[416] [M]: 0x80003194 (0xFEB566E3) bltu a0, a1, 8172


mem[X,0x80003180] -> 0x0213
mem[X,0x80003182] -> 0x0012
[417] [M]: 0x80003180 (0x00120213) addi tp, tp, 1
x4 <- 0x00000001


mem[X,0x80003184] -> 0x006F
mem[X,0x80003186] -> 0x0240
[418] [M]: 0x80003184 (0x0240006F) jal zero, 36


mem[X,0x800031A8] -> 0xA023
mem[X,0x800031AA] -> 0x0440
[419] [M]: 0x800031A8 (0x0440A023) sw tp, 64(ra)
mem[0x8004C1B4] <- 0x00000001


mem[X,0x800031AC] -> 0xB537
mem[X,0x800031AE] -> 0xAAAA
[420] [M]: 0x800031AC (0xAAAAB537) lui a0, 699051
x10 <- 0xAAAAB000


mem[X,0x800031B0] -> 0x0513
mem[X,0x800031B2] -> 0xAAB5
[421] [M]: 0x800031B0 (0xAAB50513) addi a0, a0, 2731
x10 <- 0xAAAAAAAB


mem[X,0x800031B4] -> 0x0593
mem[X,0x800031B6] -> 0xFEF0
[422] [M]: 0x800031B4 (0xFEF00593) addi a1, zero, 4079
x11 <- 0xFFFFFFEF


mem[X,0x800031B8] -> 0x0213
mem[X,0x800031BA] -> 0x0000
[423] [M]: 0x800031B8 (0x00000213) addi tp, zero, 0
x4 <- 0x00000000


mem[X,0x800031BC] -> 0x006F
mem[X,0x800031BE] -> 0x0050
[424] [M]: 0x800031BC (0x0050006F) jal zero, 2052


mem[X,0x800039C0] -> 0x60E3
mem[X,0x800039C2] -> 0x80B5
[425] [M]: 0x800039C0 (0x80B560E3) bltu a0, a1, 6144


mem[X,0x800031C0] -> 0x0213
mem[X,0x800031C2] -> 0x0012
[426] [M]: 0x800031C0 (0x00120213) addi tp, tp, 1
x4 <- 0x00000001


mem[X,0x800031C4] -> 0x006F
mem[X,0x800031C6] -> 0x0110
[427] [M]: 0x800031C4 (0x0110006F) jal zero, 2064


mem[X,0x800039D4] -> 0xA223
mem[X,0x800039D6] -> 0x0440
[428] [M]: 0x800039D4 (0x0440A223) sw tp, 68(ra)
mem[0x8004C1B8] <- 0x00000001


mem[X,0x800039D8] -> 0x0513
mem[X,0x800039DA] -> 0xFEF0
[429] [M]: 0x800039D8 (0xFEF00513) addi a0, zero, 4079
x10 <- 0xFFFFFFEF


mem[X,0x800039DC] -> 0x0593
mem[X,0x800039DE] -> 0xFDF0
[430] [M]: 0x800039DC (0xFDF00593) addi a1, zero, 4063
x11 <- 0xFFFFFFDF


mem[X,0x800039E0] -> 0x0213
mem[X,0x800039E2] -> 0x0000
[431] [M]: 0x800039E0 (0x00000213) addi tp, zero, 0
x4 <- 0x00000000


mem[X,0x800039E4] -> 0x006F
mem[X,0x800039E6] -> 0x00C0
[432] [M]: 0x800039E4 (0x00C0006F) jal zero, 12


mem[X,0x800039F0] -> 0x6663
mem[X,0x800039F2] -> 0x00B5
[433] [M]: 0x800039F0 (0x00B56663) bltu a0, a1, 12


mem[X,0x800039F4] -> 0x0213
mem[X,0x800039F6] -> 0x0022
[434] [M]: 0x800039F4 (0x00220213) addi tp, tp, 2
x4 <- 0x00000002


mem[X,0x800039F8] -> 0x006F
mem[X,0x800039FA] -> 0x00C0
[435] [M]: 0x800039F8 (0x00C0006F) jal zero, 12


mem[X,0x80003A04] -> 0xA423
mem[X,0x80003A06] -> 0x0440
[436] [M]: 0x80003A04 (0x0440A423) sw tp, 72(ra)
mem[0x8004C1BC] <- 0x00000002


mem[X,0x80003A08] -> 0x0537
mem[X,0x80003A0A] -> 0xFFE0
[437] [M]: 0x80003A08 (0xFFE00537) lui a0, 1048064
x10 <- 0xFFE00000


mem[X,0x80003A0C] -> 0x0513
mem[X,0x80003A0E] -> 0xFFF5
[438] [M]: 0x80003A0C (0xFFF50513) addi a0, a0, 4095
x10 <- 0xFFDFFFFF


mem[X,0x80003A10] -> 0x0593
mem[X,0x80003A12] -> 0xFBF0
[439] [M]: 0x80003A10 (0xFBF00593) addi a1, zero, 4031
x11 <- 0xFFFFFFBF


mem[X,0x80003A14] -> 0x0213
mem[X,0x80003A16] -> 0x0000
[440] [M]: 0x80003A14 (0x00000213) addi tp, zero, 0
x4 <- 0x00000000


mem[X,0x80003A18] -> 0x006F
mem[X,0x80003A1A] -> 0x00C0
[441] [M]: 0x80003A18 (0x00C0006F) jal zero, 12


mem[X,0x80003A24] -> 0x6863
mem[X,0x80003A26] -> 0x00B5
[442] [M]: 0x80003A24 (0x00B56863) bltu a0, a1, 16


mem[X,0x80003A34] -> 0x0213
mem[X,0x80003A36] -> 0x0032
[443] [M]: 0x80003A34 (0x00320213) addi tp, tp, 3
x4 <- 0x00000003


mem[X,0x80003A38] -> 0x006F
mem[X,0x80003A3A] -> 0x0040
[444] [M]: 0x80003A38 (0x0040006F) jal zero, 4


mem[X,0x80003A3C] -> 0xA623
mem[X,0x80003A3E] -> 0x0440
[445] [M]: 0x80003A3C (0x0440A623) sw tp, 76(ra)
mem[0x8004C1C0] <- 0x00000003


mem[X,0x80003A40] -> 0x0513
mem[X,0x80003A42] -> 0x00F0
[446] [M]: 0x80003A40 (0x00F00513) addi a0, zero, 15
x10 <- 0x0000000F


mem[X,0x80003A44] -> 0x0593
mem[X,0x80003A46] -> 0xF7F0
[447] [M]: 0x80003A44 (0xF7F00593) addi a1, zero, 3967
x11 <- 0xFFFFFF7F


mem[X,0x80003A48] -> 0x0213
mem[X,0x80003A4A] -> 0x0000
[448] [M]: 0x80003A48 (0x00000213) addi tp, zero, 0
x4 <- 0x00000000


mem[X,0x80003A4C] -> 0x006F
mem[X,0x80003A4E] -> 0x00C0
[449] [M]: 0x80003A4C (0x00C0006F) jal zero, 12


mem[X,0x80003A58] -> 0x6663
mem[X,0x80003A5A] -> 0x00B5
[450] [M]: 0x80003A58 (0x00B56663) bltu a0, a1, 12


mem[X,0x80003A64] -> 0x0213
mem[X,0x80003A66] -> 0x0032
[451] [M]: 0x80003A64 (0x00320213) addi tp, tp, 3
x4 <- 0x00000003


mem[X,0x80003A68] -> 0x006F
mem[X,0x80003A6A] -> 0x0040
[452] [M]: 0x80003A68 (0x0040006F) jal zero, 4


mem[X,0x80003A6C] -> 0xA823
mem[X,0x80003A6E] -> 0x0440
[453] [M]: 0x80003A6C (0x0440A823) sw tp, 80(ra)
mem[0x8004C1C4] <- 0x00000003


mem[X,0x80003A70] -> 0x0513
mem[X,0x80003A72] -> 0x00F0
[454] [M]: 0x80003A70 (0x00F00513) addi a0, zero, 15
x10 <- 0x0000000F


mem[X,0x80003A74] -> 0x0593
mem[X,0x80003A76] -> 0xEFF0
[455] [M]: 0x80003A74 (0xEFF00593) addi a1, zero, 3839
x11 <- 0xFFFFFEFF


mem[X,0x80003A78] -> 0x0213
mem[X,0x80003A7A] -> 0x0000
[456] [M]: 0x80003A78 (0x00000213) addi tp, zero, 0
x4 <- 0x00000000


mem[X,0x80003A7C] -> 0x006F
mem[X,0x80003A7E] -> 0x00C0
[457] [M]: 0x80003A7C (0x00C0006F) jal zero, 12


mem[X,0x80003A88] -> 0x6663
mem[X,0x80003A8A] -> 0x00B5
[458] [M]: 0x80003A88 (0x00B56663) bltu a0, a1, 12


mem[X,0x80003A94] -> 0x0213
mem[X,0x80003A96] -> 0x0032
[459] [M]: 0x80003A94 (0x00320213) addi tp, tp, 3
x4 <- 0x00000003


mem[X,0x80003A98] -> 0x006F
mem[X,0x80003A9A] -> 0x0040
[460] [M]: 0x80003A98 (0x0040006F) jal zero, 4


mem[X,0x80003A9C] -> 0xAA23
mem[X,0x80003A9E] -> 0x0440
[461] [M]: 0x80003A9C (0x0440AA23) sw tp, 84(ra)
mem[0x8004C1C8] <- 0x00000003


mem[X,0x80003AA0] -> 0x0537
mem[X,0x80003AA2] -> 0x0080
[462] [M]: 0x80003AA0 (0x00800537) lui a0, 2048
x10 <- 0x00800000


mem[X,0x80003AA4] -> 0x0593
mem[X,0x80003AA6] -> 0xDFF0
[463] [M]: 0x80003AA4 (0xDFF00593) addi a1, zero, 3583
x11 <- 0xFFFFFDFF


mem[X,0x80003AA8] -> 0x0213
mem[X,0x80003AAA] -> 0x0000
[464] [M]: 0x80003AA8 (0x00000213) addi tp, zero, 0
x4 <- 0x00000000


mem[X,0x80003AAC] -> 0x006F
mem[X,0x80003AAE] -> 0x0100
[465] [M]: 0x80003AAC (0x0100006F) jal zero, 16


mem[X,0x80003ABC] -> 0x6AE3
mem[X,0x80003ABE] -> 0xFEB5
[466] [M]: 0x80003ABC (0xFEB56AE3) bltu a0, a1, 8180


mem[X,0x80003AB0] -> 0x0213
mem[X,0x80003AB2] -> 0x0012
[467] [M]: 0x80003AB0 (0x00120213) addi tp, tp, 1
x4 <- 0x00000001


mem[X,0x80003AB4] -> 0x006F
mem[X,0x80003AB6] -> 0x01C0
[468] [M]: 0x80003AB4 (0x01C0006F) jal zero, 28


mem[X,0x80003AD0] -> 0xAC23
mem[X,0x80003AD2] -> 0x0440
[469] [M]: 0x80003AD0 (0x0440AC23) sw tp, 88(ra)
mem[0x8004C1CC] <- 0x00000001


mem[X,0x80003AD4] -> 0x0513
mem[X,0x80003AD6] -> 0x00B0
[470] [M]: 0x80003AD4 (0x00B00513) addi a0, zero, 11
x10 <- 0x0000000B


mem[X,0x80003AD8] -> 0x0593
mem[X,0x80003ADA] -> 0xBFF0
[471] [M]: 0x80003AD8 (0xBFF00593) addi a1, zero, 3071
x11 <- 0xFFFFFBFF


mem[X,0x80003ADC] -> 0x0213
mem[X,0x80003ADE] -> 0x0000
[472] [M]: 0x80003ADC (0x00000213) addi tp, zero, 0
x4 <- 0x00000000


mem[X,0x80003AE0] -> 0x006F
mem[X,0x80003AE2] -> 0x00C0
[473] [M]: 0x80003AE0 (0x00C0006F) jal zero, 12


mem[X,0x80003AEC] -> 0x6063
mem[X,0x80003AEE] -> 0x20B5
[474] [M]: 0x80003AEC (0x20B56063) bltu a0, a1, 512


mem[X,0x80003CEC] -> 0x0213
mem[X,0x80003CEE] -> 0x0032
[475] [M]: 0x80003CEC (0x00320213) addi tp, tp, 3
x4 <- 0x00000003


mem[X,0x80003CF0] -> 0x006F
mem[X,0x80003CF2] -> 0x0040
[476] [M]: 0x80003CF0 (0x0040006F) jal zero, 4


mem[X,0x80003CF4] -> 0xAE23
mem[X,0x80003CF6] -> 0x0440
[477] [M]: 0x80003CF4 (0x0440AE23) sw tp, 92(ra)
mem[0x8004C1D0] <- 0x00000003


mem[X,0x80003CF8] -> 0x0537
mem[X,0x80003CFA] -> 0x0010
[478] [M]: 0x80003CF8 (0x00100537) lui a0, 256
x10 <- 0x00100000


mem[X,0x80003CFC] -> 0xF5B7
mem[X,0x80003CFE] -> 0xFFFF
[479] [M]: 0x80003CFC (0xFFFFF5B7) lui a1, 1048575
x11 <- 0xFFFFF000


mem[X,0x80003D00] -> 0x8593
mem[X,0x80003D02] -> 0x7FF5
[480] [M]: 0x80003D00 (0x7FF58593) addi a1, a1, 2047
x11 <- 0xFFFFF7FF


mem[X,0x80003D04] -> 0x0213
mem[X,0x80003D06] -> 0x0000
[481] [M]: 0x80003D04 (0x00000213) addi tp, zero, 0
x4 <- 0x00000000


mem[X,0x80003D08] -> 0x006F
mem[X,0x80003D0A] -> 0x00C0
[482] [M]: 0x80003D08 (0x00C0006F) jal zero, 12


mem[X,0x80003D14] -> 0x6CE3
mem[X,0x80003D16] -> 0xFEB5
[483] [M]: 0x80003D14 (0xFEB56CE3) bltu a0, a1, 8184


mem[X,0x80003D0C] -> 0x0213
mem[X,0x80003D0E] -> 0x0012
[484] [M]: 0x80003D0C (0x00120213) addi tp, tp, 1
x4 <- 0x00000001


mem[X,0x80003D10] -> 0x006F
mem[X,0x80003D12] -> 0x0180
[485] [M]: 0x80003D10 (0x0180006F) jal zero, 24


mem[X,0x80003D28] -> 0xA023
mem[X,0x80003D2A] -> 0x0640
[486] [M]: 0x80003D28 (0x0640A023) sw tp, 96(ra)
mem[0x8004C1D4] <- 0x00000001


mem[X,0x80003D2C] -> 0x6537
mem[X,0x80003D2E] -> 0x6666
[487] [M]: 0x80003D2C (0x66666537) lui a0, 419430
x10 <- 0x66666000


mem[X,0x80003D30] -> 0x0513
mem[X,0x80003D32] -> 0x6665
[488] [M]: 0x80003D30 (0x66650513) addi a0, a0, 1638
x10 <- 0x66666666


mem[X,0x80003D34] -> 0xF5B7
mem[X,0x80003D36] -> 0xFFFF
[489] [M]: 0x80003D34 (0xFFFFF5B7) lui a1, 1048575
x11 <- 0xFFFFF000


mem[X,0x80003D38] -> 0x8593
mem[X,0x80003D3A] -> 0xFFF5
[490] [M]: 0x80003D38 (0xFFF58593) addi a1, a1, 4095
x11 <- 0xFFFFEFFF


mem[X,0x80003D3C] -> 0x0213
mem[X,0x80003D3E] -> 0x0000
[491] [M]: 0x80003D3C (0x00000213) addi tp, zero, 0
x4 <- 0x00000000


mem[X,0x80003D40] -> 0x006F
mem[X,0x80003D42] -> 0x00C0
[492] [M]: 0x80003D40 (0x00C0006F) jal zero, 12


mem[X,0x80003D4C] -> 0x6663
mem[X,0x80003D4E] -> 0x00B5
[493] [M]: 0x80003D4C (0x00B56663) bltu a0, a1, 12


mem[X,0x80003D58] -> 0x0213
mem[X,0x80003D5A] -> 0x0032
[494] [M]: 0x80003D58 (0x00320213) addi tp, tp, 3
x4 <- 0x00000003


mem[X,0x80003D5C] -> 0x006F
mem[X,0x80003D5E] -> 0x0040
[495] [M]: 0x80003D5C (0x0040006F) jal zero, 4


mem[X,0x80003D60] -> 0xA223
mem[X,0x80003D62] -> 0x0640
[496] [M]: 0x80003D60 (0x0640A223) sw tp, 100(ra)
mem[0x8004C1D8] <- 0x00000003


mem[X,0x80003D64] -> 0xB537
mem[X,0x80003D66] -> 0xAAAA
[497] [M]: 0x80003D64 (0xAAAAB537) lui a0, 699051
x10 <- 0xAAAAB000


mem[X,0x80003D68] -> 0x0513
mem[X,0x80003D6A] -> 0xAAB5
[498] [M]: 0x80003D68 (0xAAB50513) addi a0, a0, 2731
x10 <- 0xAAAAAAAB


mem[X,0x80003D6C] -> 0xE5B7
mem[X,0x80003D6E] -> 0xFFFF
[499] [M]: 0x80003D6C (0xFFFFE5B7) lui a1, 1048574
x11 <- 0xFFFFE000


clint::tick mtime <- 0x0000000000000005
 clint timer pending at mtime 0x0000000000000005
htif::tick 0x0000000000000000
mem[X,0x80003D70] -> 0x8593
mem[X,0x80003D72] -> 0xFFF5
[500] [M]: 0x80003D70 (0xFFF58593) addi a1, a1, 4095
x11 <- 0xFFFFDFFF


mem[X,0x80003D74] -> 0x0213
mem[X,0x80003D76] -> 0x0000
[501] [M]: 0x80003D74 (0x00000213) addi tp, zero, 0
x4 <- 0x00000000


mem[X,0x80003D78] -> 0x006F
mem[X,0x80003D7A] -> 0x00C0
[502] [M]: 0x80003D78 (0x00C0006F) jal zero, 12


mem[X,0x80003D84] -> 0x6063
mem[X,0x80003D86] -> 0x40B5
[503] [M]: 0x80003D84 (0x40B56063) bltu a0, a1, 1024


mem[X,0x80004184] -> 0x0213
mem[X,0x80004186] -> 0x0032
[504] [M]: 0x80004184 (0x00320213) addi tp, tp, 3
x4 <- 0x00000003


mem[X,0x80004188] -> 0x006F
mem[X,0x8000418A] -> 0x0040
[505] [M]: 0x80004188 (0x0040006F) jal zero, 4


mem[X,0x8000418C] -> 0xA423
mem[X,0x8000418E] -> 0x0640
[506] [M]: 0x8000418C (0x0640A423) sw tp, 104(ra)
mem[0x8004C1DC] <- 0x00000003


mem[X,0x80004190] -> 0x0537
mem[X,0x80004192] -> 0xE000
[507] [M]: 0x80004190 (0xE0000537) lui a0, 917504
x10 <- 0xE0000000


mem[X,0x80004194] -> 0x0513
mem[X,0x80004196] -> 0xFFF5
[508] [M]: 0x80004194 (0xFFF50513) addi a0, a0, 4095
x10 <- 0xDFFFFFFF


mem[X,0x80004198] -> 0xC5B7
mem[X,0x8000419A] -> 0xFFFF
[509] [M]: 0x80004198 (0xFFFFC5B7) lui a1, 1048572
x11 <- 0xFFFFC000


mem[X,0x8000419C] -> 0x8593
mem[X,0x8000419E] -> 0xFFF5
[510] [M]: 0x8000419C (0xFFF58593) addi a1, a1, 4095
x11 <- 0xFFFFBFFF


mem[X,0x800041A0] -> 0x0213
mem[X,0x800041A2] -> 0x0000
[511] [M]: 0x800041A0 (0x00000213) addi tp, zero, 0
x4 <- 0x00000000


mem[X,0x800041A4] -> 0x006F
mem[X,0x800041A6] -> 0x00C0
[512] [M]: 0x800041A4 (0x00C0006F) jal zero, 12


mem[X,0x800041B0] -> 0x6063
mem[X,0x800041B2] -> 0x08B5
[513] [M]: 0x800041B0 (0x08B56063) bltu a0, a1, 128


mem[X,0x80004230] -> 0x0213
mem[X,0x80004232] -> 0x0032
[514] [M]: 0x80004230 (0x00320213) addi tp, tp, 3
x4 <- 0x00000003


mem[X,0x80004234] -> 0x006F
mem[X,0x80004236] -> 0x0040
[515] [M]: 0x80004234 (0x0040006F) jal zero, 4


mem[X,0x80004238] -> 0xA623
mem[X,0x8000423A] -> 0x0640
[516] [M]: 0x80004238 (0x0640A623) sw tp, 108(ra)
mem[0x8004C1E0] <- 0x00000003


mem[X,0x8000423C] -> 0x0513
mem[X,0x8000423E] -> 0x0010
[517] [M]: 0x8000423C (0x00100513) addi a0, zero, 1
x10 <- 0x00000001


mem[X,0x80004240] -> 0x85B7
mem[X,0x80004242] -> 0xFFFF
[518] [M]: 0x80004240 (0xFFFF85B7) lui a1, 1048568
x11 <- 0xFFFF8000


mem[X,0x80004244] -> 0x8593
mem[X,0x80004246] -> 0xFFF5
[519] [M]: 0x80004244 (0xFFF58593) addi a1, a1, 4095
x11 <- 0xFFFF7FFF


mem[X,0x80004248] -> 0x0213
mem[X,0x8000424A] -> 0x0000
[520] [M]: 0x80004248 (0x00000213) addi tp, zero, 0
x4 <- 0x00000000


mem[X,0x8000424C] -> 0x006F
mem[X,0x8000424E] -> 0x00C0
[521] [M]: 0x8000424C (0x00C0006F) jal zero, 12


mem[X,0x80004258] -> 0x6663
mem[X,0x8000425A] -> 0x00B5
[522] [M]: 0x80004258 (0x00B56663) bltu a0, a1, 12


mem[X,0x80004264] -> 0x0213
mem[X,0x80004266] -> 0x0032
[523] [M]: 0x80004264 (0x00320213) addi tp, tp, 3
x4 <- 0x00000003


mem[X,0x80004268] -> 0x006F
mem[X,0x8000426A] -> 0x0040
[524] [M]: 0x80004268 (0x0040006F) jal zero, 4


mem[X,0x8000426C] -> 0xA823
mem[X,0x8000426E] -> 0x0640
[525] [M]: 0x8000426C (0x0640A823) sw tp, 112(ra)
mem[0x8004C1E4] <- 0x00000003


mem[X,0x80004270] -> 0x2537
mem[X,0x80004272] -> 0x0000
[526] [M]: 0x80004270 (0x00002537) lui a0, 2
x10 <- 0x00002000


mem[X,0x80004274] -> 0x05B7
mem[X,0x80004276] -> 0xFFFF
[527] [M]: 0x80004274 (0xFFFF05B7) lui a1, 1048560
x11 <- 0xFFFF0000


mem[X,0x80004278] -> 0x8593
mem[X,0x8000427A] -> 0xFFF5
[528] [M]: 0x80004278 (0xFFF58593) addi a1, a1, 4095
x11 <- 0xFFFEFFFF


mem[X,0x8000427C] -> 0x0213
mem[X,0x8000427E] -> 0x0000
[529] [M]: 0x8000427C (0x00000213) addi tp, zero, 0
x4 <- 0x00000000


mem[X,0x80004280] -> 0x006F
mem[X,0x80004282] -> 0x0100
[530] [M]: 0x80004280 (0x0100006F) jal zero, 16


mem[X,0x80004290] -> 0x6AE3
mem[X,0x80004292] -> 0xFEB5
[531] [M]: 0x80004290 (0xFEB56AE3) bltu a0, a1, 8180


mem[X,0x80004284] -> 0x0213
mem[X,0x80004286] -> 0x0012
[532] [M]: 0x80004284 (0x00120213) addi tp, tp, 1
x4 <- 0x00000001


mem[X,0x80004288] -> 0x006F
mem[X,0x8000428A] -> 0x01C0
[533] [M]: 0x80004288 (0x01C0006F) jal zero, 28


mem[X,0x800042A4] -> 0xAA23
mem[X,0x800042A6] -> 0x0640
[534] [M]: 0x800042A4 (0x0640AA23) sw tp, 116(ra)
mem[0x8004C1E8] <- 0x00000001


mem[X,0x800042A8] -> 0x4537
mem[X,0x800042AA] -> 0x0000
[535] [M]: 0x800042A8 (0x00004537) lui a0, 4
x10 <- 0x00004000


mem[X,0x800042AC] -> 0x05B7
mem[X,0x800042AE] -> 0xFFFE
[536] [M]: 0x800042AC (0xFFFE05B7) lui a1, 1048544
x11 <- 0xFFFE0000


mem[X,0x800042B0] -> 0x8593
mem[X,0x800042B2] -> 0xFFF5
[537] [M]: 0x800042B0 (0xFFF58593) addi a1, a1, 4095
x11 <- 0xFFFDFFFF


mem[X,0x800042B4] -> 0x0213
mem[X,0x800042B6] -> 0x0000
[538] [M]: 0x800042B4 (0x00000213) addi tp, zero, 0
x4 <- 0x00000000


mem[X,0x800042B8] -> 0x006F
mem[X,0x800042BA] -> 0x00C0
[539] [M]: 0x800042B8 (0x00C0006F) jal zero, 12


mem[X,0x800042C4] -> 0x6063
mem[X,0x800042C6] -> 0x04B5
[540] [M]: 0x800042C4 (0x04B56063) bltu a0, a1, 64


mem[X,0x80004304] -> 0x0213
mem[X,0x80004306] -> 0x0032
[541] [M]: 0x80004304 (0x00320213) addi tp, tp, 3
x4 <- 0x00000003


mem[X,0x80004308] -> 0x006F
mem[X,0x8000430A] -> 0x0040
[542] [M]: 0x80004308 (0x0040006F) jal zero, 4


mem[X,0x8000430C] -> 0xAC23
mem[X,0x8000430E] -> 0x0640
[543] [M]: 0x8000430C (0x0640AC23) sw tp, 120(ra)
mem[0x8004C1EC] <- 0x00000003


mem[X,0x80004310] -> 0x0513
mem[X,0x80004312] -> 0x0050
[544] [M]: 0x80004310 (0x00500513) addi a0, zero, 5
x10 <- 0x00000005


mem[X,0x80004314] -> 0x05B7
mem[X,0x80004316] -> 0xFFFC
[545] [M]: 0x80004314 (0xFFFC05B7) lui a1, 1048512
x11 <- 0xFFFC0000


mem[X,0x80004318] -> 0x8593
mem[X,0x8000431A] -> 0xFFF5
[546] [M]: 0x80004318 (0xFFF58593) addi a1, a1, 4095
x11 <- 0xFFFBFFFF


mem[X,0x8000431C] -> 0x0213
mem[X,0x8000431E] -> 0x0000
[547] [M]: 0x8000431C (0x00000213) addi tp, zero, 0
x4 <- 0x00000000


mem[X,0x80004320] -> 0x006F
mem[X,0x80004322] -> 0x00C0
[548] [M]: 0x80004320 (0x00C0006F) jal zero, 12


mem[X,0x8000432C] -> 0x6663
mem[X,0x8000432E] -> 0x00B5
[549] [M]: 0x8000432C (0x00B56663) bltu a0, a1, 12


mem[X,0x80004338] -> 0x0213
mem[X,0x8000433A] -> 0x0032
[550] [M]: 0x80004338 (0x00320213) addi tp, tp, 3
x4 <- 0x00000003


mem[X,0x8000433C] -> 0x006F
mem[X,0x8000433E] -> 0x0040
[551] [M]: 0x8000433C (0x0040006F) jal zero, 4


mem[X,0x80004340] -> 0xAE23
mem[X,0x80004342] -> 0x0640
[552] [M]: 0x80004340 (0x0640AE23) sw tp, 124(ra)
mem[0x8004C1F0] <- 0x00000003


mem[X,0x80004344] -> 0x0513
mem[X,0x80004346] -> 0x0030
[553] [M]: 0x80004344 (0x00300513) addi a0, zero, 3
x10 <- 0x00000003


mem[X,0x80004348] -> 0x05B7
mem[X,0x8000434A] -> 0xFFF8
[554] [M]: 0x80004348 (0xFFF805B7) lui a1, 1048448
x11 <- 0xFFF80000


mem[X,0x8000434C] -> 0x8593
mem[X,0x8000434E] -> 0xFFF5
[555] [M]: 0x8000434C (0xFFF58593) addi a1, a1, 4095
x11 <- 0xFFF7FFFF


mem[X,0x80004350] -> 0x0213
mem[X,0x80004352] -> 0x0000
[556] [M]: 0x80004350 (0x00000213) addi tp, zero, 0
x4 <- 0x00000000


mem[X,0x80004354] -> 0x006F
mem[X,0x80004356] -> 0x0140
[557] [M]: 0x80004354 (0x0140006F) jal zero, 20


mem[X,0x80004368] -> 0x68E3
mem[X,0x8000436A] -> 0xFEB5
[558] [M]: 0x80004368 (0xFEB568E3) bltu a0, a1, 8176


mem[X,0x80004358] -> 0x0213
mem[X,0x8000435A] -> 0x0012
[559] [M]: 0x80004358 (0x00120213) addi tp, tp, 1
x4 <- 0x00000001


mem[X,0x8000435C] -> 0x006F
mem[X,0x8000435E] -> 0x0200
[560] [M]: 0x8000435C (0x0200006F) jal zero, 32


mem[X,0x8000437C] -> 0xA023
mem[X,0x8000437E] -> 0x0840
[561] [M]: 0x8000437C (0x0840A023) sw tp, 128(ra)
mem[0x8004C1F4] <- 0x00000001


mem[X,0x80004380] -> 0x0537
mem[X,0x80004382] -> 0x0001
[562] [M]: 0x80004380 (0x00010537) lui a0, 16
x10 <- 0x00010000


mem[X,0x80004384] -> 0x05B7
mem[X,0x80004386] -> 0xFFF0
[563] [M]: 0x80004384 (0xFFF005B7) lui a1, 1048320
x11 <- 0xFFF00000


mem[X,0x80004388] -> 0x8593
mem[X,0x8000438A] -> 0xFFF5
[564] [M]: 0x80004388 (0xFFF58593) addi a1, a1, 4095
x11 <- 0xFFEFFFFF


mem[X,0x8000438C] -> 0x0213
mem[X,0x8000438E] -> 0x0000
[565] [M]: 0x8000438C (0x00000213) addi tp, zero, 0
x4 <- 0x00000000


mem[X,0x80004390] -> 0x006F
mem[X,0x80004392] -> 0x00C0
[566] [M]: 0x80004390 (0x00C0006F) jal zero, 12


mem[X,0x8000439C] -> 0x6663
mem[X,0x8000439E] -> 0x00B5
[567] [M]: 0x8000439C (0x00B56663) bltu a0, a1, 12


mem[X,0x800043A8] -> 0x0213
mem[X,0x800043AA] -> 0x0032
[568] [M]: 0x800043A8 (0x00320213) addi tp, tp, 3
x4 <- 0x00000003


mem[X,0x800043AC] -> 0x006F
mem[X,0x800043AE] -> 0x0040
[569] [M]: 0x800043AC (0x0040006F) jal zero, 4


mem[X,0x800043B0] -> 0xA223
mem[X,0x800043B2] -> 0x0840
[570] [M]: 0x800043B0 (0x0840A223) sw tp, 132(ra)
mem[0x8004C1F8] <- 0x00000003


mem[X,0x800043B4] -> 0x0513
mem[X,0x800043B6] -> 0x0030
[571] [M]: 0x800043B4 (0x00300513) addi a0, zero, 3
x10 <- 0x00000003


mem[X,0x800043B8] -> 0x05B7
mem[X,0x800043BA] -> 0xFFE0
[572] [M]: 0x800043B8 (0xFFE005B7) lui a1, 1048064
x11 <- 0xFFE00000


mem[X,0x800043BC] -> 0x8593
mem[X,0x800043BE] -> 0xFFF5
[573] [M]: 0x800043BC (0xFFF58593) addi a1, a1, 4095
x11 <- 0xFFDFFFFF


mem[X,0x800043C0] -> 0x0213
mem[X,0x800043C2] -> 0x0000
[574] [M]: 0x800043C0 (0x00000213) addi tp, zero, 0
x4 <- 0x00000000


mem[X,0x800043C4] -> 0x006F
mem[X,0x800043C6] -> 0x00C0
[575] [M]: 0x800043C4 (0x00C0006F) jal zero, 12


mem[X,0x800043D0] -> 0x6CE3
mem[X,0x800043D2] -> 0xFEB5
[576] [M]: 0x800043D0 (0xFEB56CE3) bltu a0, a1, 8184


mem[X,0x800043C8] -> 0x0213
mem[X,0x800043CA] -> 0x0012
[577] [M]: 0x800043C8 (0x00120213) addi tp, tp, 1
x4 <- 0x00000001


mem[X,0x800043CC] -> 0x006F
mem[X,0x800043CE] -> 0x0180
[578] [M]: 0x800043CC (0x0180006F) jal zero, 24


mem[X,0x800043E4] -> 0xA423
mem[X,0x800043E6] -> 0x0840
[579] [M]: 0x800043E4 (0x0840A423) sw tp, 136(ra)
mem[0x8004C1FC] <- 0x00000001


mem[X,0x800043E8] -> 0x0513
mem[X,0x800043EA] -> 0xF7F0
[580] [M]: 0x800043E8 (0xF7F00513) addi a0, zero, 3967
x10 <- 0xFFFFFF7F


mem[X,0x800043EC] -> 0x05B7
mem[X,0x800043EE] -> 0xFFC0
[581] [M]: 0x800043EC (0xFFC005B7) lui a1, 1047552
x11 <- 0xFFC00000


mem[X,0x800043F0] -> 0x8593
mem[X,0x800043F2] -> 0xFFF5
[582] [M]: 0x800043F0 (0xFFF58593) addi a1, a1, 4095
x11 <- 0xFFBFFFFF


mem[X,0x800043F4] -> 0x0213
mem[X,0x800043F6] -> 0x0000
[583] [M]: 0x800043F4 (0x00000213) addi tp, zero, 0
x4 <- 0x00000000


mem[X,0x800043F8] -> 0x006F
mem[X,0x800043FA] -> 0x00C0
[584] [M]: 0x800043F8 (0x00C0006F) jal zero, 12


mem[X,0x80004404] -> 0x6063
mem[X,0x80004406] -> 0x20B5
[585] [M]: 0x80004404 (0x20B56063) bltu a0, a1, 512


mem[X,0x80004408] -> 0x0213
mem[X,0x8000440A] -> 0x0022
[586] [M]: 0x80004408 (0x00220213) addi tp, tp, 2
x4 <- 0x00000002


mem[X,0x8000440C] -> 0x006F
mem[X,0x8000440E] -> 0x2000
[587] [M]: 0x8000440C (0x2000006F) jal zero, 512


mem[X,0x8000460C] -> 0xA623
mem[X,0x8000460E] -> 0x0840
[588] [M]: 0x8000460C (0x0840A623) sw tp, 140(ra)
mem[0x8004C200] <- 0x00000002


mem[X,0x80004610] -> 0x0537
mem[X,0x80004612] -> 0x0004
[589] [M]: 0x80004610 (0x00040537) lui a0, 64
x10 <- 0x00040000


mem[X,0x80004614] -> 0x05B7
mem[X,0x80004616] -> 0xFF00
[590] [M]: 0x80004614 (0xFF0005B7) lui a1, 1044480
x11 <- 0xFF000000


mem[X,0x80004618] -> 0x8593
mem[X,0x8000461A] -> 0xFFF5
[591] [M]: 0x80004618 (0xFFF58593) addi a1, a1, 4095
x11 <- 0xFEFFFFFF


mem[X,0x8000461C] -> 0x0213
mem[X,0x8000461E] -> 0x0000
[592] [M]: 0x8000461C (0x00000213) addi tp, zero, 0
x4 <- 0x00000000


mem[X,0x80004620] -> 0x006F
mem[X,0x80004622] -> 0x00C0
[593] [M]: 0x80004620 (0x00C0006F) jal zero, 12


mem[X,0x8000462C] -> 0x6663
mem[X,0x8000462E] -> 0x00B5
[594] [M]: 0x8000462C (0x00B56663) bltu a0, a1, 12


mem[X,0x80004638] -> 0x0213
mem[X,0x8000463A] -> 0x0032
[595] [M]: 0x80004638 (0x00320213) addi tp, tp, 3
x4 <- 0x00000003


mem[X,0x8000463C] -> 0x006F
mem[X,0x8000463E] -> 0x0040
[596] [M]: 0x8000463C (0x0040006F) jal zero, 4


mem[X,0x80004640] -> 0xA823
mem[X,0x80004642] -> 0x0840
[597] [M]: 0x80004640 (0x0840A823) sw tp, 144(ra)
mem[0x8004C204] <- 0x00000003


mem[X,0x80004644] -> 0x0513
mem[X,0x80004646] -> 0x0020
[598] [M]: 0x80004644 (0x00200513) addi a0, zero, 2
x10 <- 0x00000002


mem[X,0x80004648] -> 0x05B7
mem[X,0x8000464A] -> 0xFE00
[599] [M]: 0x80004648 (0xFE0005B7) lui a1, 1040384
x11 <- 0xFE000000


clint::tick mtime <- 0x0000000000000006
 clint timer pending at mtime 0x0000000000000006
htif::tick 0x0000000000000000
mem[X,0x8000464C] -> 0x8593
mem[X,0x8000464E] -> 0xFFF5
[600] [M]: 0x8000464C (0xFFF58593) addi a1, a1, 4095
x11 <- 0xFDFFFFFF


mem[X,0x80004650] -> 0x0213
mem[X,0x80004652] -> 0x0000
[601] [M]: 0x80004650 (0x00000213) addi tp, zero, 0
x4 <- 0x00000000


mem[X,0x80004654] -> 0x006F
mem[X,0x80004656] -> 0x00C0
[602] [M]: 0x80004654 (0x00C0006F) jal zero, 12


mem[X,0x80004660] -> 0x6CE3
mem[X,0x80004662] -> 0xFEB5
[603] [M]: 0x80004660 (0xFEB56CE3) bltu a0, a1, 8184


mem[X,0x80004658] -> 0x0213
mem[X,0x8000465A] -> 0x0012
[604] [M]: 0x80004658 (0x00120213) addi tp, tp, 1
x4 <- 0x00000001


mem[X,0x8000465C] -> 0x006F
mem[X,0x8000465E] -> 0x0180
[605] [M]: 0x8000465C (0x0180006F) jal zero, 24


mem[X,0x80004674] -> 0xAA23
mem[X,0x80004676] -> 0x0840
[606] [M]: 0x80004674 (0x0840AA23) sw tp, 148(ra)
mem[0x8004C208] <- 0x00000001


mem[X,0x80004678] -> 0x0537
mem[X,0x8000467A] -> 0x4000
[607] [M]: 0x80004678 (0x40000537) lui a0, 262144
x10 <- 0x40000000


mem[X,0x8000467C] -> 0x05B7
mem[X,0x8000467E] -> 0xF800
[608] [M]: 0x8000467C (0xF80005B7) lui a1, 1015808
x11 <- 0xF8000000


mem[X,0x80004680] -> 0x8593
mem[X,0x80004682] -> 0xFFF5
[609] [M]: 0x80004680 (0xFFF58593) addi a1, a1, 4095
x11 <- 0xF7FFFFFF


mem[X,0x80004684] -> 0x0213
mem[X,0x80004686] -> 0x0000
[610] [M]: 0x80004684 (0x00000213) addi tp, zero, 0
x4 <- 0x00000000


mem[X,0x80004688] -> 0x006F
mem[X,0x8000468A] -> 0x0050
[611] [M]: 0x80004688 (0x0050006F) jal zero, 2052


mem[X,0x80004E8C] -> 0x60E3
mem[X,0x80004E8E] -> 0x80B5
[612] [M]: 0x80004E8C (0x80B560E3) bltu a0, a1, 6144


mem[X,0x8000468C] -> 0x0213
mem[X,0x8000468E] -> 0x0012
[613] [M]: 0x8000468C (0x00120213) addi tp, tp, 1
x4 <- 0x00000001


mem[X,0x80004690] -> 0x006F
mem[X,0x80004692] -> 0x0110
[614] [M]: 0x80004690 (0x0110006F) jal zero, 2064


mem[X,0x80004EA0] -> 0xAC23
mem[X,0x80004EA2] -> 0x0840
[615] [M]: 0x80004EA0 (0x0840AC23) sw tp, 152(ra)
mem[0x8004C20C] <- 0x00000001


mem[X,0x80004EA4] -> 0x0513
mem[X,0x80004EA6] -> 0xFF70
[616] [M]: 0x80004EA4 (0xFF700513) addi a0, zero, 4087
x10 <- 0xFFFFFFF7


mem[X,0x80004EA8] -> 0x05B7
mem[X,0x80004EAA] -> 0xF000
[617] [M]: 0x80004EA8 (0xF00005B7) lui a1, 983040
x11 <- 0xF0000000


mem[X,0x80004EAC] -> 0x8593
mem[X,0x80004EAE] -> 0xFFF5
[618] [M]: 0x80004EAC (0xFFF58593) addi a1, a1, 4095
x11 <- 0xEFFFFFFF


mem[X,0x80004EB0] -> 0x0213
mem[X,0x80004EB2] -> 0x0000
[619] [M]: 0x80004EB0 (0x00000213) addi tp, zero, 0
x4 <- 0x00000000


mem[X,0x80004EB4] -> 0x006F
mem[X,0x80004EB6] -> 0x00C0
[620] [M]: 0x80004EB4 (0x00C0006F) jal zero, 12


mem[X,0x80004EC0] -> 0x6063
mem[X,0x80004EC2] -> 0x02B5
[621] [M]: 0x80004EC0 (0x02B56063) bltu a0, a1, 32


mem[X,0x80004EC4] -> 0x0213
mem[X,0x80004EC6] -> 0x0022
[622] [M]: 0x80004EC4 (0x00220213) addi tp, tp, 2
x4 <- 0x00000002


mem[X,0x80004EC8] -> 0x006F
mem[X,0x80004ECA] -> 0x0200
[623] [M]: 0x80004EC8 (0x0200006F) jal zero, 32


mem[X,0x80004EE8] -> 0xAE23
mem[X,0x80004EEA] -> 0x0840
[624] [M]: 0x80004EE8 (0x0840AE23) sw tp, 156(ra)
mem[0x8004C210] <- 0x00000002


mem[X,0x80004EEC] -> 0x0513
mem[X,0x80004EEE] -> 0xFEF0
[625] [M]: 0x80004EEC (0xFEF00513) addi a0, zero, 4079
x10 <- 0xFFFFFFEF


mem[X,0x80004EF0] -> 0x05B7
mem[X,0x80004EF2] -> 0xE000
[626] [M]: 0x80004EF0 (0xE00005B7) lui a1, 917504
x11 <- 0xE0000000


mem[X,0x80004EF4] -> 0x8593
mem[X,0x80004EF6] -> 0xFFF5
[627] [M]: 0x80004EF4 (0xFFF58593) addi a1, a1, 4095
x11 <- 0xDFFFFFFF


mem[X,0x80004EF8] -> 0x0213
mem[X,0x80004EFA] -> 0x0000
[628] [M]: 0x80004EF8 (0x00000213) addi tp, zero, 0
x4 <- 0x00000000


mem[X,0x80004EFC] -> 0x006F
mem[X,0x80004EFE] -> 0x00C0
[629] [M]: 0x80004EFC (0x00C0006F) jal zero, 12


mem[X,0x80004F08] -> 0x6CE3
mem[X,0x80004F0A] -> 0xFEB5
[630] [M]: 0x80004F08 (0xFEB56CE3) bltu a0, a1, 8184


mem[X,0x80004F0C] -> 0x0213
mem[X,0x80004F0E] -> 0x0022
[631] [M]: 0x80004F0C (0x00220213) addi tp, tp, 2
x4 <- 0x00000002


mem[X,0x80004F10] -> 0x006F
mem[X,0x80004F12] -> 0x00C0
[632] [M]: 0x80004F10 (0x00C0006F) jal zero, 12


mem[X,0x80004F1C] -> 0xA023
mem[X,0x80004F1E] -> 0x0A40
[633] [M]: 0x80004F1C (0x0A40A023) sw tp, 160(ra)
mem[0x8004C214] <- 0x00000002


mem[X,0x80004F20] -> 0x0513
mem[X,0x80004F22] -> 0x0030
[634] [M]: 0x80004F20 (0x00300513) addi a0, zero, 3
x10 <- 0x00000003


mem[X,0x80004F24] -> 0x05B7
mem[X,0x80004F26] -> 0xC000
[635] [M]: 0x80004F24 (0xC00005B7) lui a1, 786432
x11 <- 0xC0000000


mem[X,0x80004F28] -> 0x8593
mem[X,0x80004F2A] -> 0xFFF5
[636] [M]: 0x80004F28 (0xFFF58593) addi a1, a1, 4095
x11 <- 0xBFFFFFFF


mem[X,0x80004F2C] -> 0x0213
mem[X,0x80004F2E] -> 0x0000
[637] [M]: 0x80004F2C (0x00000213) addi tp, zero, 0
x4 <- 0x00000000


mem[X,0x80004F30] -> 0x006F
mem[X,0x80004F32] -> 0x2B10
[638] [M]: 0x80004F30 (0x2B10006F) jal zero, 2736


mem[X,0x800059E0] -> 0x6A63
mem[X,0x800059E2] -> 0xD4B5
[639] [M]: 0x800059E0 (0xD4B56A63) bltu a0, a1, 5460


mem[X,0x80004F34] -> 0x0213
mem[X,0x80004F36] -> 0x0012
[640] [M]: 0x80004F34 (0x00120213) addi tp, tp, 1
x4 <- 0x00000001


mem[X,0x80004F38] -> 0x006F
mem[X,0x80004F3A] -> 0x2BD0
[641] [M]: 0x80004F38 (0x2BD0006F) jal zero, 2748


mem[X,0x800059F4] -> 0xA223
mem[X,0x800059F6] -> 0x0A40
[642] [M]: 0x800059F4 (0x0A40A223) sw tp, 164(ra)
mem[0x8004C218] <- 0x00000001


mem[X,0x800059F8] -> 0x3537
mem[X,0x800059FA] -> 0x3333
[643] [M]: 0x800059F8 (0x33333537) lui a0, 209715
x10 <- 0x33333000


mem[X,0x800059FC] -> 0x0513
mem[X,0x800059FE] -> 0x3345
[644] [M]: 0x800059FC (0x33450513) addi a0, a0, 820
x10 <- 0x33333334


mem[X,0x80005A00] -> 0x55B7
mem[X,0x80005A02] -> 0x5555
[645] [M]: 0x80005A00 (0x555555B7) lui a1, 349525
x11 <- 0x55555000


mem[X,0x80005A04] -> 0x8593
mem[X,0x80005A06] -> 0x5555
[646] [M]: 0x80005A04 (0x55558593) addi a1, a1, 1365
x11 <- 0x55555555


mem[X,0x80005A08] -> 0x0213
mem[X,0x80005A0A] -> 0x0000
[647] [M]: 0x80005A08 (0x00000213) addi tp, zero, 0
x4 <- 0x00000000


mem[X,0x80005A0C] -> 0x006F
mem[X,0x80005A0E] -> 0x00C0
[648] [M]: 0x80005A0C (0x00C0006F) jal zero, 12


mem[X,0x80005A18] -> 0x6063
mem[X,0x80005A1A] -> 0x08B5
[649] [M]: 0x80005A18 (0x08B56063) bltu a0, a1, 128


mem[X,0x80005A98] -> 0x0213
mem[X,0x80005A9A] -> 0x0032
[650] [M]: 0x80005A98 (0x00320213) addi tp, tp, 3
x4 <- 0x00000003


mem[X,0x80005A9C] -> 0x006F
mem[X,0x80005A9E] -> 0x0040
[651] [M]: 0x80005A9C (0x0040006F) jal zero, 4


mem[X,0x80005AA0] -> 0xA423
mem[X,0x80005AA2] -> 0x0A40
[652] [M]: 0x80005AA0 (0x0A40A423) sw tp, 168(ra)
mem[0x8004C21C] <- 0x00000003


mem[X,0x80005AA4] -> 0x0513
mem[X,0x80005AA6] -> 0x0100
[653] [M]: 0x80005AA4 (0x01000513) addi a0, zero, 16
x10 <- 0x00000010


mem[X,0x80005AA8] -> 0xB5B7
mem[X,0x80005AAA] -> 0xAAAA
[654] [M]: 0x80005AA8 (0xAAAAB5B7) lui a1, 699051
x11 <- 0xAAAAB000


mem[X,0x80005AAC] -> 0x8593
mem[X,0x80005AAE] -> 0xAAA5
[655] [M]: 0x80005AAC (0xAAA58593) addi a1, a1, 2730
x11 <- 0xAAAAAAAA


mem[X,0x80005AB0] -> 0x0213
mem[X,0x80005AB2] -> 0x0000
[656] [M]: 0x80005AB0 (0x00000213) addi tp, zero, 0
x4 <- 0x00000000


mem[X,0x80005AB4] -> 0x006F
mem[X,0x80005AB6] -> 0x00C0
[657] [M]: 0x80005AB4 (0x00C0006F) jal zero, 12


mem[X,0x80005AC0] -> 0x6CE3
mem[X,0x80005AC2] -> 0xFEB5
[658] [M]: 0x80005AC0 (0xFEB56CE3) bltu a0, a1, 8184


mem[X,0x80005AB8] -> 0x0213
mem[X,0x80005ABA] -> 0x0012
[659] [M]: 0x80005AB8 (0x00120213) addi tp, tp, 1
x4 <- 0x00000001


mem[X,0x80005ABC] -> 0x006F
mem[X,0x80005ABE] -> 0x0180
[660] [M]: 0x80005ABC (0x0180006F) jal zero, 24


mem[X,0x80005AD4] -> 0xA623
mem[X,0x80005AD6] -> 0x0A40
[661] [M]: 0x80005AD4 (0x0A40A623) sw tp, 172(ra)
mem[0x8004C220] <- 0x00000001


mem[X,0x80005AD8] -> 0x0513
mem[X,0x80005ADA] -> 0x0080
[662] [M]: 0x80005AD8 (0x00800513) addi a0, zero, 8
x10 <- 0x00000008


mem[X,0x80005ADC] -> 0x0593
mem[X,0x80005ADE] -> 0x0030
[663] [M]: 0x80005ADC (0x00300593) addi a1, zero, 3
x11 <- 0x00000003


mem[X,0x80005AE0] -> 0x0213
mem[X,0x80005AE2] -> 0x0000
[664] [M]: 0x80005AE0 (0x00000213) addi tp, zero, 0
x4 <- 0x00000000


mem[X,0x80005AE4] -> 0x006F
mem[X,0x80005AE6] -> 0x0180
[665] [M]: 0x80005AE4 (0x0180006F) jal zero, 24


mem[X,0x80005AFC] -> 0x66E3
mem[X,0x80005AFE] -> 0xFEB5
[666] [M]: 0x80005AFC (0xFEB566E3) bltu a0, a1, 8172


mem[X,0x80005B00] -> 0x0213
mem[X,0x80005B02] -> 0x0022
[667] [M]: 0x80005B00 (0x00220213) addi tp, tp, 2
x4 <- 0x00000002


mem[X,0x80005B04] -> 0x006F
mem[X,0x80005B06] -> 0x00C0
[668] [M]: 0x80005B04 (0x00C0006F) jal zero, 12


mem[X,0x80005B10] -> 0xA823
mem[X,0x80005B12] -> 0x0A40
[669] [M]: 0x80005B10 (0x0A40A823) sw tp, 176(ra)
mem[0x8004C224] <- 0x00000002


mem[X,0x80005B14] -> 0x0513
mem[X,0x80005B16] -> 0x2000
[670] [M]: 0x80005B14 (0x20000513) addi a0, zero, 512
x10 <- 0x00000200


mem[X,0x80005B18] -> 0x0593
mem[X,0x80005B1A] -> 0x00D0
[671] [M]: 0x80005B18 (0x00D00593) addi a1, zero, 13
x11 <- 0x0000000D


mem[X,0x80005B1C] -> 0x0213
mem[X,0x80005B1E] -> 0x0000
[672] [M]: 0x80005B1C (0x00000213) addi tp, zero, 0
x4 <- 0x00000000


mem[X,0x80005B20] -> 0x006F
mem[X,0x80005B22] -> 0x00C0
[673] [M]: 0x80005B20 (0x00C0006F) jal zero, 12


mem[X,0x80005B2C] -> 0x6063
mem[X,0x80005B2E] -> 0x04B5
[674] [M]: 0x80005B2C (0x04B56063) bltu a0, a1, 64


mem[X,0x80005B30] -> 0x0213
mem[X,0x80005B32] -> 0x0022
[675] [M]: 0x80005B30 (0x00220213) addi tp, tp, 2
x4 <- 0x00000002


mem[X,0x80005B34] -> 0x006F
mem[X,0x80005B36] -> 0x0400
[676] [M]: 0x80005B34 (0x0400006F) jal zero, 64


mem[X,0x80005B74] -> 0xAA23
mem[X,0x80005B76] -> 0x0A40
[677] [M]: 0x80005B74 (0x0A40AA23) sw tp, 180(ra)
mem[0x8004C228] <- 0x00000002


mem[X,0x80005B78] -> 0x0513
mem[X,0x80005B7A] -> 0x4000
[678] [M]: 0x80005B78 (0x40000513) addi a0, zero, 1024
x10 <- 0x00000400


mem[X,0x80005B7C] -> 0x05B7
mem[X,0x80005B7E] -> 0xFFC0
[679] [M]: 0x80005B7C (0xFFC005B7) lui a1, 1047552
x11 <- 0xFFC00000


mem[X,0x80005B80] -> 0x8593
mem[X,0x80005B82] -> 0xFFF5
[680] [M]: 0x80005B80 (0xFFF58593) addi a1, a1, 4095
x11 <- 0xFFBFFFFF


mem[X,0x80005B84] -> 0x0213
mem[X,0x80005B86] -> 0x0000
[681] [M]: 0x80005B84 (0x00000213) addi tp, zero, 0
x4 <- 0x00000000


mem[X,0x80005B88] -> 0x006F
mem[X,0x80005B8A] -> 0x0180
[682] [M]: 0x80005B88 (0x0180006F) jal zero, 24


mem[X,0x80005BA0] -> 0x66E3
mem[X,0x80005BA2] -> 0xFEB5
[683] [M]: 0x80005BA0 (0xFEB566E3) bltu a0, a1, 8172


mem[X,0x80005B8C] -> 0x0213
mem[X,0x80005B8E] -> 0x0012
[684] [M]: 0x80005B8C (0x00120213) addi tp, tp, 1
x4 <- 0x00000001


mem[X,0x80005B90] -> 0x006F
mem[X,0x80005B92] -> 0x0240
[685] [M]: 0x80005B90 (0x0240006F) jal zero, 36


mem[X,0x80005BB4] -> 0xAC23
mem[X,0x80005BB6] -> 0x0A40
[686] [M]: 0x80005BB4 (0x0A40AC23) sw tp, 184(ra)
mem[0x8004C22C] <- 0x00000001


mem[X,0x80005BB8] -> 0x1537
mem[X,0x80005BBA] -> 0x0000
[687] [M]: 0x80005BB8 (0x00001537) lui a0, 1
x10 <- 0x00001000


mem[X,0x80005BBC] -> 0x0513
mem[X,0x80005BBE] -> 0x8005
[688] [M]: 0x80005BBC (0x80050513) addi a0, a0, 2048
x10 <- 0x00000800


mem[X,0x80005BC0] -> 0x0593
mem[X,0x80005BC2] -> 0x0050
[689] [M]: 0x80005BC0 (0x00500593) addi a1, zero, 5
x11 <- 0x00000005


mem[X,0x80005BC4] -> 0x0213
mem[X,0x80005BC6] -> 0x0000
[690] [M]: 0x80005BC4 (0x00000213) addi tp, zero, 0
x4 <- 0x00000000


mem[X,0x80005BC8] -> 0x006F
mem[X,0x80005BCA] -> 0x2B10
[691] [M]: 0x80005BC8 (0x2B10006F) jal zero, 2736


mem[X,0x80006678] -> 0x6A63
mem[X,0x8000667A] -> 0xD4B5
[692] [M]: 0x80006678 (0xD4B56A63) bltu a0, a1, 5460


mem[X,0x8000667C] -> 0x0213
mem[X,0x8000667E] -> 0x0022
[693] [M]: 0x8000667C (0x00220213) addi tp, tp, 2
x4 <- 0x00000002


mem[X,0x80006680] -> 0x006F
mem[X,0x80006682] -> 0x00C0
[694] [M]: 0x80006680 (0x00C0006F) jal zero, 12


mem[X,0x8000668C] -> 0xAE23
mem[X,0x8000668E] -> 0x0A40
[695] [M]: 0x8000668C (0x0A40AE23) sw tp, 188(ra)
mem[0x8004C230] <- 0x00000002


mem[X,0x80006690] -> 0x1537
mem[X,0x80006692] -> 0x0000
[696] [M]: 0x80006690 (0x00001537) lui a0, 1
x10 <- 0x00001000


mem[X,0x80006694] -> 0x05B7
mem[X,0x80006696] -> 0x4000
[697] [M]: 0x80006694 (0x400005B7) lui a1, 262144
x11 <- 0x40000000


mem[X,0x80006698] -> 0x0213
mem[X,0x8000669A] -> 0x0000
[698] [M]: 0x80006698 (0x00000213) addi tp, zero, 0
x4 <- 0x00000000


mem[X,0x8000669C] -> 0x006F
mem[X,0x8000669E] -> 0x00C0
[699] [M]: 0x8000669C (0x00C0006F) jal zero, 12


clint::tick mtime <- 0x0000000000000007
 clint timer pending at mtime 0x0000000000000007
htif::tick 0x0000000000000000
mem[X,0x800066A8] -> 0x6063
mem[X,0x800066AA] -> 0x10B5
[700] [M]: 0x800066A8 (0x10B56063) bltu a0, a1, 256


mem[X,0x800067A8] -> 0x0213
mem[X,0x800067AA] -> 0x0032
[701] [M]: 0x800067A8 (0x00320213) addi tp, tp, 3
x4 <- 0x00000003


mem[X,0x800067AC] -> 0x006F
mem[X,0x800067AE] -> 0x0040
[702] [M]: 0x800067AC (0x0040006F) jal zero, 4


mem[X,0x800067B0] -> 0xA023
mem[X,0x800067B2] -> 0x0C40
[703] [M]: 0x800067B0 (0x0C40A023) sw tp, 192(ra)
mem[0x8004C234] <- 0x00000003


mem[X,0x800067B4] -> 0x8537
mem[X,0x800067B6] -> 0x0000
[704] [M]: 0x800067B4 (0x00008537) lui a0, 8
x10 <- 0x00008000


mem[X,0x800067B8] -> 0x05B7
mem[X,0x800067BA] -> 0xFFFC
[705] [M]: 0x800067B8 (0xFFFC05B7) lui a1, 1048512
x11 <- 0xFFFC0000


mem[X,0x800067BC] -> 0x8593
mem[X,0x800067BE] -> 0xFFF5
[706] [M]: 0x800067BC (0xFFF58593) addi a1, a1, 4095
x11 <- 0xFFFBFFFF


mem[X,0x800067C0] -> 0x0213
mem[X,0x800067C2] -> 0x0000
[707] [M]: 0x800067C0 (0x00000213) addi tp, zero, 0
x4 <- 0x00000000


mem[X,0x800067C4] -> 0x006F
mem[X,0x800067C6] -> 0x00C0
[708] [M]: 0x800067C4 (0x00C0006F) jal zero, 12


mem[X,0x800067D0] -> 0x6663
mem[X,0x800067D2] -> 0x00B5
[709] [M]: 0x800067D0 (0x00B56663) bltu a0, a1, 12


mem[X,0x800067DC] -> 0x0213
mem[X,0x800067DE] -> 0x0032
[710] [M]: 0x800067DC (0x00320213) addi tp, tp, 3
x4 <- 0x00000003


mem[X,0x800067E0] -> 0x006F
mem[X,0x800067E2] -> 0x0040
[711] [M]: 0x800067E0 (0x0040006F) jal zero, 4


mem[X,0x800067E4] -> 0xA223
mem[X,0x800067E6] -> 0x0C40
[712] [M]: 0x800067E4 (0x0C40A223) sw tp, 196(ra)
mem[0x8004C238] <- 0x00000003


mem[X,0x800067E8] -> 0x0537
mem[X,0x800067EA] -> 0x0002
[713] [M]: 0x800067E8 (0x00020537) lui a0, 32
x10 <- 0x00020000


mem[X,0x800067EC] -> 0x05B7
mem[X,0x800067EE] -> 0x0080
[714] [M]: 0x800067EC (0x008005B7) lui a1, 2048
x11 <- 0x00800000


mem[X,0x800067F0] -> 0x0213
mem[X,0x800067F2] -> 0x0000
[715] [M]: 0x800067F0 (0x00000213) addi tp, zero, 0
x4 <- 0x00000000


mem[X,0x800067F4] -> 0x006F
mem[X,0x800067F6] -> 0x00C0
[716] [M]: 0x800067F4 (0x00C0006F) jal zero, 12


mem[X,0x80006800] -> 0x6CE3
mem[X,0x80006802] -> 0xFEB5
[717] [M]: 0x80006800 (0xFEB56CE3) bltu a0, a1, 8184


mem[X,0x800067F8] -> 0x0213
mem[X,0x800067FA] -> 0x0012
[718] [M]: 0x800067F8 (0x00120213) addi tp, tp, 1
x4 <- 0x00000001


mem[X,0x800067FC] -> 0x006F
mem[X,0x800067FE] -> 0x0180
[719] [M]: 0x800067FC (0x0180006F) jal zero, 24


mem[X,0x80006814] -> 0xA423
mem[X,0x80006816] -> 0x0C40
[720] [M]: 0x80006814 (0x0C40A423) sw tp, 200(ra)
mem[0x8004C23C] <- 0x00000001


mem[X,0x80006818] -> 0x0537
mem[X,0x8000681A] -> 0x0008
[721] [M]: 0x80006818 (0x00080537) lui a0, 128
x10 <- 0x00080000


mem[X,0x8000681C] -> 0xF5B7
mem[X,0x8000681E] -> 0xFFFF
[722] [M]: 0x8000681C (0xFFFFF5B7) lui a1, 1048575
x11 <- 0xFFFFF000


mem[X,0x80006820] -> 0x8593
mem[X,0x80006822] -> 0xFFF5
[723] [M]: 0x80006820 (0xFFF58593) addi a1, a1, 4095
x11 <- 0xFFFFEFFF


mem[X,0x80006824] -> 0x0213
mem[X,0x80006826] -> 0x0000
[724] [M]: 0x80006824 (0x00000213) addi tp, zero, 0
x4 <- 0x00000000


mem[X,0x80006828] -> 0x006F
mem[X,0x8000682A] -> 0x0180
[725] [M]: 0x80006828 (0x0180006F) jal zero, 24


mem[X,0x80006840] -> 0x66E3
mem[X,0x80006842] -> 0xFEB5
[726] [M]: 0x80006840 (0xFEB566E3) bltu a0, a1, 8172


mem[X,0x8000682C] -> 0x0213
mem[X,0x8000682E] -> 0x0012
[727] [M]: 0x8000682C (0x00120213) addi tp, tp, 1
x4 <- 0x00000001


mem[X,0x80006830] -> 0x006F
mem[X,0x80006832] -> 0x0240
[728] [M]: 0x80006830 (0x0240006F) jal zero, 36


mem[X,0x80006854] -> 0xA623
mem[X,0x80006856] -> 0x0C40
[729] [M]: 0x80006854 (0x0C40A623) sw tp, 204(ra)
mem[0x8004C240] <- 0x00000001


mem[X,0x80006858] -> 0x0537
mem[X,0x8000685A] -> 0x0020
[730] [M]: 0x80006858 (0x00200537) lui a0, 512
x10 <- 0x00200000


mem[X,0x8000685C] -> 0x05B7
mem[X,0x8000685E] -> 0x0400
[731] [M]: 0x8000685C (0x040005B7) lui a1, 16384
x11 <- 0x04000000


mem[X,0x80006860] -> 0x0213
mem[X,0x80006862] -> 0x0000
[732] [M]: 0x80006860 (0x00000213) addi tp, zero, 0
x4 <- 0x00000000


mem[X,0x80006864] -> 0x006F
mem[X,0x80006866] -> 0x00C0
[733] [M]: 0x80006864 (0x00C0006F) jal zero, 12


mem[X,0x80006870] -> 0x6063
mem[X,0x80006872] -> 0x04B5
[734] [M]: 0x80006870 (0x04B56063) bltu a0, a1, 64


mem[X,0x800068B0] -> 0x0213
mem[X,0x800068B2] -> 0x0032
[735] [M]: 0x800068B0 (0x00320213) addi tp, tp, 3
x4 <- 0x00000003


mem[X,0x800068B4] -> 0x006F
mem[X,0x800068B6] -> 0x0040
[736] [M]: 0x800068B4 (0x0040006F) jal zero, 4


mem[X,0x800068B8] -> 0xA823
mem[X,0x800068BA] -> 0x0C40
[737] [M]: 0x800068B8 (0x0C40A823) sw tp, 208(ra)
mem[0x8004C244] <- 0x00000003


mem[X,0x800068BC] -> 0x0537
mem[X,0x800068BE] -> 0x0040
[738] [M]: 0x800068BC (0x00400537) lui a0, 1024
x10 <- 0x00400000


mem[X,0x800068C0] -> 0x05B7
mem[X,0x800068C2] -> 0x0004
[739] [M]: 0x800068C0 (0x000405B7) lui a1, 64
x11 <- 0x00040000


mem[X,0x800068C4] -> 0x0213
mem[X,0x800068C6] -> 0x0000
[740] [M]: 0x800068C4 (0x00000213) addi tp, zero, 0
x4 <- 0x00000000


mem[X,0x800068C8] -> 0x006F
mem[X,0x800068CA] -> 0x2B10
[741] [M]: 0x800068C8 (0x2B10006F) jal zero, 2736


mem[X,0x80007378] -> 0x6A63
mem[X,0x8000737A] -> 0xD4B5
[742] [M]: 0x80007378 (0xD4B56A63) bltu a0, a1, 5460


mem[X,0x8000737C] -> 0x0213
mem[X,0x8000737E] -> 0x0022
[743] [M]: 0x8000737C (0x00220213) addi tp, tp, 2
x4 <- 0x00000002


mem[X,0x80007380] -> 0x006F
mem[X,0x80007382] -> 0x00C0
[744] [M]: 0x80007380 (0x00C0006F) jal zero, 12


mem[X,0x8000738C] -> 0xAA23
mem[X,0x8000738E] -> 0x0C40
[745] [M]: 0x8000738C (0x0C40AA23) sw tp, 212(ra)
mem[0x8004C248] <- 0x00000002


mem[X,0x80007390] -> 0x0537
mem[X,0x80007392] -> 0x0100
[746] [M]: 0x80007390 (0x01000537) lui a0, 4096
x10 <- 0x01000000


mem[X,0x80007394] -> 0x05B7
mem[X,0x80007396] -> 0xE000
[747] [M]: 0x80007394 (0xE00005B7) lui a1, 917504
x11 <- 0xE0000000


mem[X,0x80007398] -> 0x8593
mem[X,0x8000739A] -> 0xFFF5
[748] [M]: 0x80007398 (0xFFF58593) addi a1, a1, 4095
x11 <- 0xDFFFFFFF


mem[X,0x8000739C] -> 0x0213
mem[X,0x8000739E] -> 0x0000
[749] [M]: 0x8000739C (0x00000213) addi tp, zero, 0
x4 <- 0x00000000


mem[X,0x800073A0] -> 0x006F
mem[X,0x800073A2] -> 0x00C0
[750] [M]: 0x800073A0 (0x00C0006F) jal zero, 12


mem[X,0x800073AC] -> 0x6663
mem[X,0x800073AE] -> 0x00B5
[751] [M]: 0x800073AC (0x00B56663) bltu a0, a1, 12


mem[X,0x800073B8] -> 0x0213
mem[X,0x800073BA] -> 0x0032
[752] [M]: 0x800073B8 (0x00320213) addi tp, tp, 3
x4 <- 0x00000003


mem[X,0x800073BC] -> 0x006F
mem[X,0x800073BE] -> 0x0040
[753] [M]: 0x800073BC (0x0040006F) jal zero, 4


mem[X,0x800073C0] -> 0xAC23
mem[X,0x800073C2] -> 0x0C40
[754] [M]: 0x800073C0 (0x0C40AC23) sw tp, 216(ra)
mem[0x8004C24C] <- 0x00000003


mem[X,0x800073C4] -> 0x0537
mem[X,0x800073C6] -> 0x0200
[755] [M]: 0x800073C4 (0x02000537) lui a0, 8192
x10 <- 0x02000000


mem[X,0x800073C8] -> 0x45B7
mem[X,0x800073CA] -> 0x0000
[756] [M]: 0x800073C8 (0x000045B7) lui a1, 4
x11 <- 0x00004000


mem[X,0x800073CC] -> 0x0213
mem[X,0x800073CE] -> 0x0000
[757] [M]: 0x800073CC (0x00000213) addi tp, zero, 0
x4 <- 0x00000000


mem[X,0x800073D0] -> 0x006F
mem[X,0x800073D2] -> 0x00C0
[758] [M]: 0x800073D0 (0x00C0006F) jal zero, 12


mem[X,0x800073DC] -> 0x6063
mem[X,0x800073DE] -> 0x40B5
[759] [M]: 0x800073DC (0x40B56063) bltu a0, a1, 1024


mem[X,0x800073E0] -> 0x0213
mem[X,0x800073E2] -> 0x0022
[760] [M]: 0x800073E0 (0x00220213) addi tp, tp, 2
x4 <- 0x00000002


mem[X,0x800073E4] -> 0x006F
mem[X,0x800073E6] -> 0x4000
[761] [M]: 0x800073E4 (0x4000006F) jal zero, 1024


mem[X,0x800077E4] -> 0xAE23
mem[X,0x800077E6] -> 0x0C40
[762] [M]: 0x800077E4 (0x0C40AE23) sw tp, 220(ra)
mem[0x8004C250] <- 0x00000002


mem[X,0x800077E8] -> 0x0537
mem[X,0x800077EA] -> 0x0800
[763] [M]: 0x800077E8 (0x08000537) lui a0, 32768
x10 <- 0x08000000


mem[X,0x800077EC] -> 0x05B7
mem[X,0x800077EE] -> 0x0002
[764] [M]: 0x800077EC (0x000205B7) lui a1, 32
x11 <- 0x00020000


mem[X,0x800077F0] -> 0x0213
mem[X,0x800077F2] -> 0x0000
[765] [M]: 0x800077F0 (0x00000213) addi tp, zero, 0
x4 <- 0x00000000


mem[X,0x800077F4] -> 0x006F
mem[X,0x800077F6] -> 0x0140
[766] [M]: 0x800077F4 (0x0140006F) jal zero, 20


mem[X,0x80007808] -> 0x68E3
mem[X,0x8000780A] -> 0xFEB5
[767] [M]: 0x80007808 (0xFEB568E3) bltu a0, a1, 8176


mem[X,0x8000780C] -> 0x0213
mem[X,0x8000780E] -> 0x0022
[768] [M]: 0x8000780C (0x00220213) addi tp, tp, 2
x4 <- 0x00000002


mem[X,0x80007810] -> 0x006F
mem[X,0x80007812] -> 0x00C0
[769] [M]: 0x80007810 (0x00C0006F) jal zero, 12


mem[X,0x8000781C] -> 0xA023
mem[X,0x8000781E] -> 0x0E40
[770] [M]: 0x8000781C (0x0E40A023) sw tp, 224(ra)
mem[0x8004C254] <- 0x00000002


mem[X,0x80007820] -> 0x0537
mem[X,0x80007822] -> 0x1000
[771] [M]: 0x80007820 (0x10000537) lui a0, 65536
x10 <- 0x10000000


mem[X,0x80007824] -> 0x0593
mem[X,0x80007826] -> 0xBFF0
[772] [M]: 0x80007824 (0xBFF00593) addi a1, zero, 3071
x11 <- 0xFFFFFBFF


mem[X,0x80007828] -> 0x0213
mem[X,0x8000782A] -> 0x0000
[773] [M]: 0x80007828 (0x00000213) addi tp, zero, 0
x4 <- 0x00000000


mem[X,0x8000782C] -> 0x006F
mem[X,0x8000782E] -> 0x00C0
[774] [M]: 0x8000782C (0x00C0006F) jal zero, 12


mem[X,0x80007838] -> 0x6063
mem[X,0x8000783A] -> 0x40B5
[775] [M]: 0x80007838 (0x40B56063) bltu a0, a1, 1024


mem[X,0x80007C38] -> 0x0213
mem[X,0x80007C3A] -> 0x0032
[776] [M]: 0x80007C38 (0x00320213) addi tp, tp, 3
x4 <- 0x00000003


mem[X,0x80007C3C] -> 0x006F
mem[X,0x80007C3E] -> 0x0040
[777] [M]: 0x80007C3C (0x0040006F) jal zero, 4


mem[X,0x80007C40] -> 0xA223
mem[X,0x80007C42] -> 0x0E40
[778] [M]: 0x80007C40 (0x0E40A223) sw tp, 228(ra)
mem[0x8004C258] <- 0x00000003


mem[X,0x80007C44] -> 0x0537
mem[X,0x80007C46] -> 0x8000
[779] [M]: 0x80007C44 (0x80000537) lui a0, 524288
x10 <- 0x80000000


mem[X,0x80007C48] -> 0x05B7
mem[X,0x80007C4A] -> 0xFE00
[780] [M]: 0x80007C48 (0xFE0005B7) lui a1, 1040384
x11 <- 0xFE000000


mem[X,0x80007C4C] -> 0x8593
mem[X,0x80007C4E] -> 0xFFF5
[781] [M]: 0x80007C4C (0xFFF58593) addi a1, a1, 4095
x11 <- 0xFDFFFFFF


mem[X,0x80007C50] -> 0x0213
mem[X,0x80007C52] -> 0x0000
[782] [M]: 0x80007C50 (0x00000213) addi tp, zero, 0
x4 <- 0x00000000


mem[X,0x80007C54] -> 0x006F
mem[X,0x80007C56] -> 0x00C0
[783] [M]: 0x80007C54 (0x00C0006F) jal zero, 12


mem[X,0x80007C60] -> 0x6CE3
mem[X,0x80007C62] -> 0xFEB5
[784] [M]: 0x80007C60 (0xFEB56CE3) bltu a0, a1, 8184


mem[X,0x80007C58] -> 0x0213
mem[X,0x80007C5A] -> 0x0012
[785] [M]: 0x80007C58 (0x00120213) addi tp, tp, 1
x4 <- 0x00000001


mem[X,0x80007C5C] -> 0x006F
mem[X,0x80007C5E] -> 0x0180
[786] [M]: 0x80007C5C (0x0180006F) jal zero, 24


mem[X,0x80007C74] -> 0xA423
mem[X,0x80007C76] -> 0x0E40
[787] [M]: 0x80007C74 (0x0E40A423) sw tp, 232(ra)
mem[0x8004C25C] <- 0x00000001


mem[X,0x80007C78] -> 0x0513
mem[X,0x80007C7A] -> 0xFFB0
[788] [M]: 0x80007C78 (0xFFB00513) addi a0, zero, 4091
x10 <- 0xFFFFFFFB


mem[X,0x80007C7C] -> 0x55B7
mem[X,0x80007C7E] -> 0x5555
[789] [M]: 0x80007C7C (0x555555B7) lui a1, 349525
x11 <- 0x55555000


mem[X,0x80007C80] -> 0x8593
mem[X,0x80007C82] -> 0x5545
[790] [M]: 0x80007C80 (0x55458593) addi a1, a1, 1364
x11 <- 0x55555554


mem[X,0x80007C84] -> 0x0213
mem[X,0x80007C86] -> 0x0000
[791] [M]: 0x80007C84 (0x00000213) addi tp, zero, 0
x4 <- 0x00000000


mem[X,0x80007C88] -> 0x006F
mem[X,0x80007C8A] -> 0x00C0
[792] [M]: 0x80007C88 (0x00C0006F) jal zero, 12


mem[X,0x80007C94] -> 0x6CE3
mem[X,0x80007C96] -> 0xFEB5
[793] [M]: 0x80007C94 (0xFEB56CE3) bltu a0, a1, 8184


mem[X,0x80007C98] -> 0x0213
mem[X,0x80007C9A] -> 0x0022
[794] [M]: 0x80007C98 (0x00220213) addi tp, tp, 2
x4 <- 0x00000002


mem[X,0x80007C9C] -> 0x006F
mem[X,0x80007C9E] -> 0x00C0
[795] [M]: 0x80007C9C (0x00C0006F) jal zero, 12


mem[X,0x80007CA8] -> 0xA623
mem[X,0x80007CAA] -> 0x0E40
[796] [M]: 0x80007CA8 (0x0E40A623) sw tp, 236(ra)
mem[0x8004C260] <- 0x00000002


mem[X,0x80007CAC] -> 0x0513
mem[X,0x80007CAE] -> 0xFDF0
[797] [M]: 0x80007CAC (0xFDF00513) addi a0, zero, 4063
x10 <- 0xFFFFFFDF


mem[X,0x80007CB0] -> 0x85B7
mem[X,0x80007CB2] -> 0xFFFF
[798] [M]: 0x80007CB0 (0xFFFF85B7) lui a1, 1048568
x11 <- 0xFFFF8000


mem[X,0x80007CB4] -> 0x8593
mem[X,0x80007CB6] -> 0xFFF5
[799] [M]: 0x80007CB4 (0xFFF58593) addi a1, a1, 4095
x11 <- 0xFFFF7FFF


clint::tick mtime <- 0x0000000000000008
 clint timer pending at mtime 0x0000000000000008
htif::tick 0x0000000000000000
mem[X,0x80007CB8] -> 0x0213
mem[X,0x80007CBA] -> 0x0000
[800] [M]: 0x80007CB8 (0x00000213) addi tp, zero, 0
x4 <- 0x00000000


mem[X,0x80007CBC] -> 0x006F
mem[X,0x80007CBE] -> 0x0180
[801] [M]: 0x80007CBC (0x0180006F) jal zero, 24


mem[X,0x80007CD4] -> 0x66E3
mem[X,0x80007CD6] -> 0xFEB5
[802] [M]: 0x80007CD4 (0xFEB566E3) bltu a0, a1, 8172


mem[X,0x80007CD8] -> 0x0213
mem[X,0x80007CDA] -> 0x0022
[803] [M]: 0x80007CD8 (0x00220213) addi tp, tp, 2
x4 <- 0x00000002


mem[X,0x80007CDC] -> 0x006F
mem[X,0x80007CDE] -> 0x00C0
[804] [M]: 0x80007CDC (0x00C0006F) jal zero, 12


mem[X,0x80007CE8] -> 0xA823
mem[X,0x80007CEA] -> 0x0E40
[805] [M]: 0x80007CE8 (0x0E40A823) sw tp, 240(ra)
mem[0x8004C264] <- 0x00000002


mem[X,0x80007CEC] -> 0x0513
mem[X,0x80007CEE] -> 0xFBF0
[806] [M]: 0x80007CEC (0xFBF00513) addi a0, zero, 4031
x10 <- 0xFFFFFFBF


mem[X,0x80007CF0] -> 0x0593
mem[X,0x80007CF2] -> 0x0020
[807] [M]: 0x80007CF0 (0x00200593) addi a1, zero, 2
x11 <- 0x00000002


mem[X,0x80007CF4] -> 0x0213
mem[X,0x80007CF6] -> 0x0000
[808] [M]: 0x80007CF4 (0x00000213) addi tp, zero, 0
x4 <- 0x00000000


mem[X,0x80007CF8] -> 0x006F
mem[X,0x80007CFA] -> 0x00C0
[809] [M]: 0x80007CF8 (0x00C0006F) jal zero, 12


mem[X,0x80007D04] -> 0x6063
mem[X,0x80007D06] -> 0x40B5
[810] [M]: 0x80007D04 (0x40B56063) bltu a0, a1, 1024


mem[X,0x80007D08] -> 0x0213
mem[X,0x80007D0A] -> 0x0022
[811] [M]: 0x80007D08 (0x00220213) addi tp, tp, 2
x4 <- 0x00000002


mem[X,0x80007D0C] -> 0x006F
mem[X,0x80007D0E] -> 0x4000
[812] [M]: 0x80007D0C (0x4000006F) jal zero, 1024


mem[X,0x8000810C] -> 0xAA23
mem[X,0x8000810E] -> 0x0E40
[813] [M]: 0x8000810C (0x0E40AA23) sw tp, 244(ra)
mem[0x8004C268] <- 0x00000002


mem[X,0x80008110] -> 0x0513
mem[X,0x80008112] -> 0xEFF0
[814] [M]: 0x80008110 (0xEFF00513) addi a0, zero, 3839
x10 <- 0xFFFFFEFF


mem[X,0x80008114] -> 0xB5B7
mem[X,0x80008116] -> 0xAAAA
[815] [M]: 0x80008114 (0xAAAAB5B7) lui a1, 699051
x11 <- 0xAAAAB000


mem[X,0x80008118] -> 0x8593
mem[X,0x8000811A] -> 0xAAA5
[816] [M]: 0x80008118 (0xAAA58593) addi a1, a1, 2730
x11 <- 0xAAAAAAAA


mem[X,0x8000811C] -> 0x0213
mem[X,0x8000811E] -> 0x0000
[817] [M]: 0x8000811C (0x00000213) addi tp, zero, 0
x4 <- 0x00000000


mem[X,0x80008120] -> 0x006F
mem[X,0x80008122] -> 0x00C0
[818] [M]: 0x80008120 (0x00C0006F) jal zero, 12


mem[X,0x8000812C] -> 0x6CE3
mem[X,0x8000812E] -> 0xFEB5
[819] [M]: 0x8000812C (0xFEB56CE3) bltu a0, a1, 8184


mem[X,0x80008130] -> 0x0213
mem[X,0x80008132] -> 0x0022
[820] [M]: 0x80008130 (0x00220213) addi tp, tp, 2
x4 <- 0x00000002


mem[X,0x80008134] -> 0x006F
mem[X,0x80008136] -> 0x00C0
[821] [M]: 0x80008134 (0x00C0006F) jal zero, 12


mem[X,0x80008140] -> 0xAC23
mem[X,0x80008142] -> 0x0E40
[822] [M]: 0x80008140 (0x0E40AC23) sw tp, 248(ra)
mem[0x8004C26C] <- 0x00000002


mem[X,0x80008144] -> 0x0513
mem[X,0x80008146] -> 0xDFF0
[823] [M]: 0x80008144 (0xDFF00513) addi a0, zero, 3583
x10 <- 0xFFFFFDFF


mem[X,0x80008148] -> 0x0593
mem[X,0x8000814A] -> 0x4000
[824] [M]: 0x80008148 (0x40000593) addi a1, zero, 1024
x11 <- 0x00000400


mem[X,0x8000814C] -> 0x0213
mem[X,0x8000814E] -> 0x0000
[825] [M]: 0x8000814C (0x00000213) addi tp, zero, 0
x4 <- 0x00000000


mem[X,0x80008150] -> 0x006F
mem[X,0x80008152] -> 0x00C0
[826] [M]: 0x80008150 (0x00C0006F) jal zero, 12


mem[X,0x8000815C] -> 0x6CE3
mem[X,0x8000815E] -> 0xFEB5
[827] [M]: 0x8000815C (0xFEB56CE3) bltu a0, a1, 8184


mem[X,0x80008160] -> 0x0213
mem[X,0x80008162] -> 0x0022
[828] [M]: 0x80008160 (0x00220213) addi tp, tp, 2
x4 <- 0x00000002


mem[X,0x80008164] -> 0x006F
mem[X,0x80008166] -> 0x00C0
[829] [M]: 0x80008164 (0x00C0006F) jal zero, 12


mem[X,0x80008170] -> 0xAE23
mem[X,0x80008172] -> 0x0E40
[830] [M]: 0x80008170 (0x0E40AE23) sw tp, 252(ra)
mem[0x8004C270] <- 0x00000002


mem[X,0x80008174] -> 0x0513
mem[X,0x80008176] -> 0xBFF0
[831] [M]: 0x80008174 (0xBFF00513) addi a0, zero, 3071
x10 <- 0xFFFFFBFF


mem[X,0x80008178] -> 0x05B7
mem[X,0x8000817A] -> 0x0010
[832] [M]: 0x80008178 (0x001005B7) lui a1, 256
x11 <- 0x00100000


mem[X,0x8000817C] -> 0x0213
mem[X,0x8000817E] -> 0x0000
[833] [M]: 0x8000817C (0x00000213) addi tp, zero, 0
x4 <- 0x00000000


mem[X,0x80008180] -> 0x006F
mem[X,0x80008182] -> 0x0140
[834] [M]: 0x80008180 (0x0140006F) jal zero, 20


mem[X,0x80008194] -> 0x68E3
mem[X,0x80008196] -> 0xFEB5
[835] [M]: 0x80008194 (0xFEB568E3) bltu a0, a1, 8176


mem[X,0x80008198] -> 0x0213
mem[X,0x8000819A] -> 0x0022
[836] [M]: 0x80008198 (0x00220213) addi tp, tp, 2
x4 <- 0x00000002


mem[X,0x8000819C] -> 0x006F
mem[X,0x8000819E] -> 0x00C0
[837] [M]: 0x8000819C (0x00C0006F) jal zero, 12


mem[X,0x800081A8] -> 0xA023
mem[X,0x800081AA] -> 0x1040
[838] [M]: 0x800081A8 (0x1040A023) sw tp, 256(ra)
mem[0x8004C274] <- 0x00000002


mem[X,0x800081AC] -> 0xF537
mem[X,0x800081AE] -> 0xFFFF
[839] [M]: 0x800081AC (0xFFFFF537) lui a0, 1048575
x10 <- 0xFFFFF000


mem[X,0x800081B0] -> 0x0513
mem[X,0x800081B2] -> 0x7FF5
[840] [M]: 0x800081B0 (0x7FF50513) addi a0, a0, 2047
x10 <- 0xFFFFF7FF


mem[X,0x800081B4] -> 0x15B7
mem[X,0x800081B6] -> 0x0000
[841] [M]: 0x800081B4 (0x000015B7) lui a1, 1
x11 <- 0x00001000


mem[X,0x800081B8] -> 0x0213
mem[X,0x800081BA] -> 0x0000
[842] [M]: 0x800081B8 (0x00000213) addi tp, zero, 0
x4 <- 0x00000000


mem[X,0x800081BC] -> 0x006F
mem[X,0x800081BE] -> 0x00C0
[843] [M]: 0x800081BC (0x00C0006F) jal zero, 12


mem[X,0x800081C8] -> 0x6063
mem[X,0x800081CA] -> 0x20B5
[844] [M]: 0x800081C8 (0x20B56063) bltu a0, a1, 512


mem[X,0x800081CC] -> 0x0213
mem[X,0x800081CE] -> 0x0022
[845] [M]: 0x800081CC (0x00220213) addi tp, tp, 2
x4 <- 0x00000002


mem[X,0x800081D0] -> 0x006F
mem[X,0x800081D2] -> 0x2000
[846] [M]: 0x800081D0 (0x2000006F) jal zero, 512


mem[X,0x800083D0] -> 0xA223
mem[X,0x800083D2] -> 0x1040
[847] [M]: 0x800083D0 (0x1040A223) sw tp, 260(ra)
mem[0x8004C278] <- 0x00000002


mem[X,0x800083D4] -> 0xF537
mem[X,0x800083D6] -> 0xFFFF
[848] [M]: 0x800083D4 (0xFFFFF537) lui a0, 1048575
x10 <- 0xFFFFF000


mem[X,0x800083D8] -> 0x0513
mem[X,0x800083DA] -> 0xFFF5
[849] [M]: 0x800083D8 (0xFFF50513) addi a0, a0, 4095
x10 <- 0xFFFFEFFF


mem[X,0x800083DC] -> 0x0593
mem[X,0x800083DE] -> 0x0030
[850] [M]: 0x800083DC (0x00300593) addi a1, zero, 3
x11 <- 0x00000003


mem[X,0x800083E0] -> 0x0213
mem[X,0x800083E2] -> 0x0000
[851] [M]: 0x800083E0 (0x00000213) addi tp, zero, 0
x4 <- 0x00000000


mem[X,0x800083E4] -> 0x006F
mem[X,0x800083E6] -> 0x0100
[852] [M]: 0x800083E4 (0x0100006F) jal zero, 16


mem[X,0x800083F4] -> 0x6AE3
mem[X,0x800083F6] -> 0xFEB5
[853] [M]: 0x800083F4 (0xFEB56AE3) bltu a0, a1, 8180


mem[X,0x800083F8] -> 0x0213
mem[X,0x800083FA] -> 0x0022
[854] [M]: 0x800083F8 (0x00220213) addi tp, tp, 2
x4 <- 0x00000002


mem[X,0x800083FC] -> 0x006F
mem[X,0x800083FE] -> 0x00C0
[855] [M]: 0x800083FC (0x00C0006F) jal zero, 12


mem[X,0x80008408] -> 0xA423
mem[X,0x8000840A] -> 0x1040
[856] [M]: 0x80008408 (0x1040A423) sw tp, 264(ra)
mem[0x8004C27C] <- 0x00000002


mem[X,0x8000840C] -> 0xE537
mem[X,0x8000840E] -> 0xFFFF
[857] [M]: 0x8000840C (0xFFFFE537) lui a0, 1048574
x10 <- 0xFFFFE000


mem[X,0x80008410] -> 0x0513
mem[X,0x80008412] -> 0xFFF5
[858] [M]: 0x80008410 (0xFFF50513) addi a0, a0, 4095
x10 <- 0xFFFFDFFF


mem[X,0x80008414] -> 0x05B7
mem[X,0x80008416] -> 0xFF80
[859] [M]: 0x80008414 (0xFF8005B7) lui a1, 1046528
x11 <- 0xFF800000


mem[X,0x80008418] -> 0x8593
mem[X,0x8000841A] -> 0xFFF5
[860] [M]: 0x80008418 (0xFFF58593) addi a1, a1, 4095
x11 <- 0xFF7FFFFF


mem[X,0x8000841C] -> 0x0213
mem[X,0x8000841E] -> 0x0000
[861] [M]: 0x8000841C (0x00000213) addi tp, zero, 0
x4 <- 0x00000000


mem[X,0x80008420] -> 0x006F
mem[X,0x80008422] -> 0x00C0
[862] [M]: 0x80008420 (0x00C0006F) jal zero, 12


mem[X,0x8000842C] -> 0x6663
mem[X,0x8000842E] -> 0x00B5
[863] [M]: 0x8000842C (0x00B56663) bltu a0, a1, 12


mem[X,0x80008430] -> 0x0213
mem[X,0x80008432] -> 0x0022
[864] [M]: 0x80008430 (0x00220213) addi tp, tp, 2
x4 <- 0x00000002


mem[X,0x80008434] -> 0x006F
mem[X,0x80008436] -> 0x00C0
[865] [M]: 0x80008434 (0x00C0006F) jal zero, 12


mem[X,0x80008440] -> 0xA623
mem[X,0x80008442] -> 0x1040
[866] [M]: 0x80008440 (0x1040A623) sw tp, 268(ra)
mem[0x8004C280] <- 0x00000002


mem[X,0x80008444] -> 0xC537
mem[X,0x80008446] -> 0xFFFF
[867] [M]: 0x80008444 (0xFFFFC537) lui a0, 1048572
x10 <- 0xFFFFC000


mem[X,0x80008448] -> 0x0513
mem[X,0x8000844A] -> 0xFFF5
[868] [M]: 0x80008448 (0xFFF50513) addi a0, a0, 4095
x10 <- 0xFFFFBFFF


mem[X,0x8000844C] -> 0x0593
mem[X,0x8000844E] -> 0x0030
[869] [M]: 0x8000844C (0x00300593) addi a1, zero, 3
x11 <- 0x00000003


mem[X,0x80008450] -> 0x0213
mem[X,0x80008452] -> 0x0000
[870] [M]: 0x80008450 (0x00000213) addi tp, zero, 0
x4 <- 0x00000000


mem[X,0x80008454] -> 0x006F
mem[X,0x80008456] -> 0x00C0
[871] [M]: 0x80008454 (0x00C0006F) jal zero, 12


mem[X,0x80008460] -> 0x6063
mem[X,0x80008462] -> 0x40B5
[872] [M]: 0x80008460 (0x40B56063) bltu a0, a1, 1024


mem[X,0x80008464] -> 0x0213
mem[X,0x80008466] -> 0x0022
[873] [M]: 0x80008464 (0x00220213) addi tp, tp, 2
x4 <- 0x00000002


mem[X,0x80008468] -> 0x006F
mem[X,0x8000846A] -> 0x4000
[874] [M]: 0x80008468 (0x4000006F) jal zero, 1024


mem[X,0x80008868] -> 0xA823
mem[X,0x8000886A] -> 0x1040
[875] [M]: 0x80008868 (0x1040A823) sw tp, 272(ra)
mem[0x8004C284] <- 0x00000002


mem[X,0x8000886C] -> 0x8537
mem[X,0x8000886E] -> 0xFFFF
[876] [M]: 0x8000886C (0xFFFF8537) lui a0, 1048568
x10 <- 0xFFFF8000


mem[X,0x80008870] -> 0x0513
mem[X,0x80008872] -> 0xFFF5
[877] [M]: 0x80008870 (0xFFF50513) addi a0, a0, 4095
x10 <- 0xFFFF7FFF


mem[X,0x80008874] -> 0x0593
mem[X,0x80008876] -> 0x0090
[878] [M]: 0x80008874 (0x00900593) addi a1, zero, 9
x11 <- 0x00000009


mem[X,0x80008878] -> 0x0213
mem[X,0x8000887A] -> 0x0000
[879] [M]: 0x80008878 (0x00000213) addi tp, zero, 0
x4 <- 0x00000000


mem[X,0x8000887C] -> 0x006F
mem[X,0x8000887E] -> 0x00C0
[880] [M]: 0x8000887C (0x00C0006F) jal zero, 12


mem[X,0x80008888] -> 0x6063
mem[X,0x8000888A] -> 0x20B5
[881] [M]: 0x80008888 (0x20B56063) bltu a0, a1, 512


mem[X,0x8000888C] -> 0x0213
mem[X,0x8000888E] -> 0x0022
[882] [M]: 0x8000888C (0x00220213) addi tp, tp, 2
x4 <- 0x00000002


mem[X,0x80008890] -> 0x006F
mem[X,0x80008892] -> 0x2000
[883] [M]: 0x80008890 (0x2000006F) jal zero, 512


mem[X,0x80008A90] -> 0xAA23
mem[X,0x80008A92] -> 0x1040
[884] [M]: 0x80008A90 (0x1040AA23) sw tp, 276(ra)
mem[0x8004C288] <- 0x00000002


mem[X,0x80008A94] -> 0x0537
mem[X,0x80008A96] -> 0xFFFC
[885] [M]: 0x80008A94 (0xFFFC0537) lui a0, 1048512
x10 <- 0xFFFC0000


mem[X,0x80008A98] -> 0x0513
mem[X,0x80008A9A] -> 0xFFF5
[886] [M]: 0x80008A98 (0xFFF50513) addi a0, a0, 4095
x10 <- 0xFFFBFFFF


mem[X,0x80008A9C] -> 0x15B7
mem[X,0x80008A9E] -> 0x0000
[887] [M]: 0x80008A9C (0x000015B7) lui a1, 1
x11 <- 0x00001000


mem[X,0x80008AA0] -> 0x8593
mem[X,0x80008AA2] -> 0x8005
[888] [M]: 0x80008AA0 (0x80058593) addi a1, a1, 2048
x11 <- 0x00000800


mem[X,0x80008AA4] -> 0x0213
mem[X,0x80008AA6] -> 0x0000
[889] [M]: 0x80008AA4 (0x00000213) addi tp, zero, 0
x4 <- 0x00000000


mem[X,0x80008AA8] -> 0x006F
mem[X,0x80008AAA] -> 0x00C0
[890] [M]: 0x80008AA8 (0x00C0006F) jal zero, 12


mem[X,0x80008AB4] -> 0x6063
mem[X,0x80008AB6] -> 0x04B5
[891] [M]: 0x80008AB4 (0x04B56063) bltu a0, a1, 64


mem[X,0x80008AB8] -> 0x0213
mem[X,0x80008ABA] -> 0x0022
[892] [M]: 0x80008AB8 (0x00220213) addi tp, tp, 2
x4 <- 0x00000002


mem[X,0x80008ABC] -> 0x006F
mem[X,0x80008ABE] -> 0x0400
[893] [M]: 0x80008ABC (0x0400006F) jal zero, 64


mem[X,0x80008AFC] -> 0xAC23
mem[X,0x80008AFE] -> 0x1040
[894] [M]: 0x80008AFC (0x1040AC23) sw tp, 280(ra)
mem[0x8004C28C] <- 0x00000002


mem[X,0x80008B00] -> 0x0537
mem[X,0x80008B02] -> 0xFFF8
[895] [M]: 0x80008B00 (0xFFF80537) lui a0, 1048448
x10 <- 0xFFF80000


mem[X,0x80008B04] -> 0x0513
mem[X,0x80008B06] -> 0xFFF5
[896] [M]: 0x80008B04 (0xFFF50513) addi a0, a0, 4095
x10 <- 0xFFF7FFFF


mem[X,0x80008B08] -> 0x0593
mem[X,0x80008B0A] -> 0xFFF0
[897] [M]: 0x80008B08 (0xFFF00593) addi a1, zero, 4095
x11 <- 0xFFFFFFFF


mem[X,0x80008B0C] -> 0x0213
mem[X,0x80008B0E] -> 0x0000
[898] [M]: 0x80008B0C (0x00000213) addi tp, zero, 0
x4 <- 0x00000000


mem[X,0x80008B10] -> 0x006F
mem[X,0x80008B12] -> 0x00C0
[899] [M]: 0x80008B10 (0x00C0006F) jal zero, 12


clint::tick mtime <- 0x0000000000000009
 clint timer pending at mtime 0x0000000000000009
htif::tick 0x0000000000000000
mem[X,0x80008B1C] -> 0x6663
mem[X,0x80008B1E] -> 0x00B5
[900] [M]: 0x80008B1C (0x00B56663) bltu a0, a1, 12


mem[X,0x80008B28] -> 0x0213
mem[X,0x80008B2A] -> 0x0032
[901] [M]: 0x80008B28 (0x00320213) addi tp, tp, 3
x4 <- 0x00000003


mem[X,0x80008B2C] -> 0x006F
mem[X,0x80008B2E] -> 0x0040
[902] [M]: 0x80008B2C (0x0040006F) jal zero, 4


mem[X,0x80008B30] -> 0xAE23
mem[X,0x80008B32] -> 0x1040
[903] [M]: 0x80008B30 (0x1040AE23) sw tp, 284(ra)
mem[0x8004C290] <- 0x00000003


mem[X,0x80008B34] -> 0x0537
mem[X,0x80008B36] -> 0xFFF0
[904] [M]: 0x80008B34 (0xFFF00537) lui a0, 1048320
x10 <- 0xFFF00000


mem[X,0x80008B38] -> 0x0513
mem[X,0x80008B3A] -> 0xFFF5
[905] [M]: 0x80008B38 (0xFFF50513) addi a0, a0, 4095
x10 <- 0xFFEFFFFF


mem[X,0x80008B3C] -> 0x05B7
mem[X,0x80008B3E] -> 0x0001
[906] [M]: 0x80008B3C (0x000105B7) lui a1, 16
x11 <- 0x00010000


mem[X,0x80008B40] -> 0x0213
mem[X,0x80008B42] -> 0x0000
[907] [M]: 0x80008B40 (0x00000213) addi tp, zero, 0
x4 <- 0x00000000


mem[X,0x80008B44] -> 0x006F
mem[X,0x80008B46] -> 0x00C0
[908] [M]: 0x80008B44 (0x00C0006F) jal zero, 12


mem[X,0x80008B50] -> 0x6663
mem[X,0x80008B52] -> 0x00B5
[909] [M]: 0x80008B50 (0x00B56663) bltu a0, a1, 12


mem[X,0x80008B54] -> 0x0213
mem[X,0x80008B56] -> 0x0022
[910] [M]: 0x80008B54 (0x00220213) addi tp, tp, 2
x4 <- 0x00000002


mem[X,0x80008B58] -> 0x006F
mem[X,0x80008B5A] -> 0x00C0
[911] [M]: 0x80008B58 (0x00C0006F) jal zero, 12


mem[X,0x80008B64] -> 0xA023
mem[X,0x80008B66] -> 0x1240
[912] [M]: 0x80008B64 (0x1240A023) sw tp, 288(ra)
mem[0x8004C294] <- 0x00000002


mem[X,0x80008B68] -> 0x0537
mem[X,0x80008B6A] -> 0xFFC0
[913] [M]: 0x80008B68 (0xFFC00537) lui a0, 1047552
x10 <- 0xFFC00000


mem[X,0x80008B6C] -> 0x0513
mem[X,0x80008B6E] -> 0xFFF5
[914] [M]: 0x80008B6C (0xFFF50513) addi a0, a0, 4095
x10 <- 0xFFBFFFFF


mem[X,0x80008B70] -> 0x0593
mem[X,0x80008B72] -> 0x0000
[915] [M]: 0x80008B70 (0x00000593) addi a1, zero, 0
x11 <- 0x00000000


mem[X,0x80008B74] -> 0x0213
mem[X,0x80008B76] -> 0x0000
[916] [M]: 0x80008B74 (0x00000213) addi tp, zero, 0
x4 <- 0x00000000


mem[X,0x80008B78] -> 0x006F
mem[X,0x80008B7A] -> 0x00C0
[917] [M]: 0x80008B78 (0x00C0006F) jal zero, 12


mem[X,0x80008B84] -> 0x6663
mem[X,0x80008B86] -> 0x00B5
[918] [M]: 0x80008B84 (0x00B56663) bltu a0, a1, 12


mem[X,0x80008B88] -> 0x0213
mem[X,0x80008B8A] -> 0x0022
[919] [M]: 0x80008B88 (0x00220213) addi tp, tp, 2
x4 <- 0x00000002


mem[X,0x80008B8C] -> 0x006F
mem[X,0x80008B8E] -> 0x00C0
[920] [M]: 0x80008B8C (0x00C0006F) jal zero, 12


mem[X,0x80008B98] -> 0xA223
mem[X,0x80008B9A] -> 0x1240
[921] [M]: 0x80008B98 (0x1240A223) sw tp, 292(ra)
mem[0x8004C298] <- 0x00000002


mem[X,0x80008B9C] -> 0x0537
mem[X,0x80008B9E] -> 0xFF00
[922] [M]: 0x80008B9C (0xFF000537) lui a0, 1044480
x10 <- 0xFF000000


mem[X,0x80008BA0] -> 0x0513
mem[X,0x80008BA2] -> 0xFFF5
[923] [M]: 0x80008BA0 (0xFFF50513) addi a0, a0, 4095
x10 <- 0xFEFFFFFF


mem[X,0x80008BA4] -> 0x0593
mem[X,0x80008BA6] -> 0x0800
[924] [M]: 0x80008BA4 (0x08000593) addi a1, zero, 128
x11 <- 0x00000080


mem[X,0x80008BA8] -> 0x0213
mem[X,0x80008BAA] -> 0x0000
[925] [M]: 0x80008BA8 (0x00000213) addi tp, zero, 0
x4 <- 0x00000000


mem[X,0x80008BAC] -> 0x006F
mem[X,0x80008BAE] -> 0x00C0
[926] [M]: 0x80008BAC (0x00C0006F) jal zero, 12


mem[X,0x80008BB8] -> 0x6663
mem[X,0x80008BBA] -> 0x00B5
[927] [M]: 0x80008BB8 (0x00B56663) bltu a0, a1, 12


mem[X,0x80008BBC] -> 0x0213
mem[X,0x80008BBE] -> 0x0022
[928] [M]: 0x80008BBC (0x00220213) addi tp, tp, 2
x4 <- 0x00000002


mem[X,0x80008BC0] -> 0x006F
mem[X,0x80008BC2] -> 0x00C0
[929] [M]: 0x80008BC0 (0x00C0006F) jal zero, 12


mem[X,0x80008BCC] -> 0xA423
mem[X,0x80008BCE] -> 0x1240
[930] [M]: 0x80008BCC (0x1240A423) sw tp, 296(ra)
mem[0x8004C29C] <- 0x00000002


mem[X,0x80008BD0] -> 0x0537
mem[X,0x80008BD2] -> 0xFC00
[931] [M]: 0x80008BD0 (0xFC000537) lui a0, 1032192
x10 <- 0xFC000000


mem[X,0x80008BD4] -> 0x0513
mem[X,0x80008BD6] -> 0xFFF5
[932] [M]: 0x80008BD4 (0xFFF50513) addi a0, a0, 4095
x10 <- 0xFBFFFFFF


mem[X,0x80008BD8] -> 0x0593
mem[X,0x80008BDA] -> 0x0030
[933] [M]: 0x80008BD8 (0x00300593) addi a1, zero, 3
x11 <- 0x00000003


mem[X,0x80008BDC] -> 0x0213
mem[X,0x80008BDE] -> 0x0000
[934] [M]: 0x80008BDC (0x00000213) addi tp, zero, 0
x4 <- 0x00000000


mem[X,0x80008BE0] -> 0x006F
mem[X,0x80008BE2] -> 0x2B10
[935] [M]: 0x80008BE0 (0x2B10006F) jal zero, 2736


mem[X,0x80009690] -> 0x6A63
mem[X,0x80009692] -> 0xD4B5
[936] [M]: 0x80009690 (0xD4B56A63) bltu a0, a1, 5460


mem[X,0x80009694] -> 0x0213
mem[X,0x80009696] -> 0x0022
[937] [M]: 0x80009694 (0x00220213) addi tp, tp, 2
x4 <- 0x00000002


mem[X,0x80009698] -> 0x006F
mem[X,0x8000969A] -> 0x00C0
[938] [M]: 0x80009698 (0x00C0006F) jal zero, 12


mem[X,0x800096A4] -> 0xA623
mem[X,0x800096A6] -> 0x1240
[939] [M]: 0x800096A4 (0x1240A623) sw tp, 300(ra)
mem[0x8004C2A0] <- 0x00000002


mem[X,0x800096A8] -> 0x0537
mem[X,0x800096AA] -> 0xF800
[940] [M]: 0x800096A8 (0xF8000537) lui a0, 1015808
x10 <- 0xF8000000


mem[X,0x800096AC] -> 0x0513
mem[X,0x800096AE] -> 0xFFF5
[941] [M]: 0x800096AC (0xFFF50513) addi a0, a0, 4095
x10 <- 0xF7FFFFFF


mem[X,0x800096B0] -> 0xC5B7
mem[X,0x800096B2] -> 0xFFFF
[942] [M]: 0x800096B0 (0xFFFFC5B7) lui a1, 1048572
x11 <- 0xFFFFC000


mem[X,0x800096B4] -> 0x8593
mem[X,0x800096B6] -> 0xFFF5
[943] [M]: 0x800096B4 (0xFFF58593) addi a1, a1, 4095
x11 <- 0xFFFFBFFF


mem[X,0x800096B8] -> 0x0213
mem[X,0x800096BA] -> 0x0000
[944] [M]: 0x800096B8 (0x00000213) addi tp, zero, 0
x4 <- 0x00000000


mem[X,0x800096BC] -> 0x006F
mem[X,0x800096BE] -> 0x00C0
[945] [M]: 0x800096BC (0x00C0006F) jal zero, 12


mem[X,0x800096C8] -> 0x6063
mem[X,0x800096CA] -> 0x04B5
[946] [M]: 0x800096C8 (0x04B56063) bltu a0, a1, 64


mem[X,0x80009708] -> 0x0213
mem[X,0x8000970A] -> 0x0032
[947] [M]: 0x80009708 (0x00320213) addi tp, tp, 3
x4 <- 0x00000003


mem[X,0x8000970C] -> 0x006F
mem[X,0x8000970E] -> 0x0040
[948] [M]: 0x8000970C (0x0040006F) jal zero, 4


mem[X,0x80009710] -> 0xA823
mem[X,0x80009712] -> 0x1240
[949] [M]: 0x80009710 (0x1240A823) sw tp, 304(ra)
mem[0x8004C2A4] <- 0x00000003


mem[X,0x80009714] -> 0x5537
mem[X,0x80009716] -> 0x5555
[950] [M]: 0x80009714 (0x55555537) lui a0, 349525
x10 <- 0x55555000


mem[X,0x80009718] -> 0x0513
mem[X,0x8000971A] -> 0x5555
[951] [M]: 0x80009718 (0x55550513) addi a0, a0, 1365
x10 <- 0x55555555


mem[X,0x8000971C] -> 0x05B7
mem[X,0x8000971E] -> 0xE000
[952] [M]: 0x8000971C (0xE00005B7) lui a1, 917504
x11 <- 0xE0000000


mem[X,0x80009720] -> 0x8593
mem[X,0x80009722] -> 0xFFF5
[953] [M]: 0x80009720 (0xFFF58593) addi a1, a1, 4095
x11 <- 0xDFFFFFFF


mem[X,0x80009724] -> 0x0213
mem[X,0x80009726] -> 0x0000
[954] [M]: 0x80009724 (0x00000213) addi tp, zero, 0
x4 <- 0x00000000


mem[X,0x80009728] -> 0x006F
mem[X,0x8000972A] -> 0x00C0
[955] [M]: 0x80009728 (0x00C0006F) jal zero, 12


mem[X,0x80009734] -> 0x6063
mem[X,0x80009736] -> 0x08B5
[956] [M]: 0x80009734 (0x08B56063) bltu a0, a1, 128


mem[X,0x800097B4] -> 0x0213
mem[X,0x800097B6] -> 0x0032
[957] [M]: 0x800097B4 (0x00320213) addi tp, tp, 3
x4 <- 0x00000003


mem[X,0x800097B8] -> 0x006F
mem[X,0x800097BA] -> 0x0040
[958] [M]: 0x800097B8 (0x0040006F) jal zero, 4


mem[X,0x800097BC] -> 0xAA23
mem[X,0x800097BE] -> 0x1240
[959] [M]: 0x800097BC (0x1240AA23) sw tp, 308(ra)
mem[0x8004C2A8] <- 0x00000003


mem[X,0x800097C0] -> 0x0513
mem[X,0x800097C2] -> 0x0030
[960] [M]: 0x800097C0 (0x00300513) addi a0, zero, 3
x10 <- 0x00000003


mem[X,0x800097C4] -> 0x0593
mem[X,0x800097C6] -> 0x0030
[961] [M]: 0x800097C4 (0x00300593) addi a1, zero, 3
x11 <- 0x00000003


mem[X,0x800097C8] -> 0x0213
mem[X,0x800097CA] -> 0x0000
[962] [M]: 0x800097C8 (0x00000213) addi tp, zero, 0
x4 <- 0x00000000


mem[X,0x800097CC] -> 0x006F
mem[X,0x800097CE] -> 0x0180
[963] [M]: 0x800097CC (0x0180006F) jal zero, 24


mem[X,0x800097E4] -> 0x66E3
mem[X,0x800097E6] -> 0xFEB5
[964] [M]: 0x800097E4 (0xFEB566E3) bltu a0, a1, 8172


mem[X,0x800097E8] -> 0x0213
mem[X,0x800097EA] -> 0x0022
[965] [M]: 0x800097E8 (0x00220213) addi tp, tp, 2
x4 <- 0x00000002


mem[X,0x800097EC] -> 0x006F
mem[X,0x800097EE] -> 0x00C0
[966] [M]: 0x800097EC (0x00C0006F) jal zero, 12


mem[X,0x800097F8] -> 0xAC23
mem[X,0x800097FA] -> 0x1240
[967] [M]: 0x800097F8 (0x1240AC23) sw tp, 312(ra)
mem[0x8004C2AC] <- 0x00000002


mem[X,0x800097FC] -> 0x0513
mem[X,0x800097FE] -> 0x0030
[968] [M]: 0x800097FC (0x00300513) addi a0, zero, 3
x10 <- 0x00000003


mem[X,0x80009800] -> 0x55B7
mem[X,0x80009802] -> 0x5555
[969] [M]: 0x80009800 (0x555555B7) lui a1, 349525
x11 <- 0x55555000


mem[X,0x80009804] -> 0x8593
mem[X,0x80009806] -> 0x5555
[970] [M]: 0x80009804 (0x55558593) addi a1, a1, 1365
x11 <- 0x55555555


mem[X,0x80009808] -> 0x0213
mem[X,0x8000980A] -> 0x0000
[971] [M]: 0x80009808 (0x00000213) addi tp, zero, 0
x4 <- 0x00000000


mem[X,0x8000980C] -> 0x006F
mem[X,0x8000980E] -> 0x00C0
[972] [M]: 0x8000980C (0x00C0006F) jal zero, 12


mem[X,0x80009818] -> 0x6663
mem[X,0x8000981A] -> 0x00B5
[973] [M]: 0x80009818 (0x00B56663) bltu a0, a1, 12


mem[X,0x80009824] -> 0x0213
mem[X,0x80009826] -> 0x0032
[974] [M]: 0x80009824 (0x00320213) addi tp, tp, 3
x4 <- 0x00000003


mem[X,0x80009828] -> 0x006F
mem[X,0x8000982A] -> 0x0040
[975] [M]: 0x80009828 (0x0040006F) jal zero, 4


mem[X,0x8000982C] -> 0xAE23
mem[X,0x8000982E] -> 0x1240
[976] [M]: 0x8000982C (0x1240AE23) sw tp, 316(ra)
mem[0x8004C2B0] <- 0x00000003


mem[X,0x80009830] -> 0x0513
mem[X,0x80009832] -> 0x0030
[977] [M]: 0x80009830 (0x00300513) addi a0, zero, 3
x10 <- 0x00000003


mem[X,0x80009834] -> 0xB5B7
mem[X,0x80009836] -> 0xAAAA
[978] [M]: 0x80009834 (0xAAAAB5B7) lui a1, 699051
x11 <- 0xAAAAB000


mem[X,0x80009838] -> 0x8593
mem[X,0x8000983A] -> 0xAAA5
[979] [M]: 0x80009838 (0xAAA58593) addi a1, a1, 2730
x11 <- 0xAAAAAAAA


mem[X,0x8000983C] -> 0x0213
mem[X,0x8000983E] -> 0x0000
[980] [M]: 0x8000983C (0x00000213) addi tp, zero, 0
x4 <- 0x00000000


mem[X,0x80009840] -> 0x006F
mem[X,0x80009842] -> 0x00C0
[981] [M]: 0x80009840 (0x00C0006F) jal zero, 12


mem[X,0x8000984C] -> 0x6063
mem[X,0x8000984E] -> 0x08B5
[982] [M]: 0x8000984C (0x08B56063) bltu a0, a1, 128


mem[X,0x800098CC] -> 0x0213
mem[X,0x800098CE] -> 0x0032
[983] [M]: 0x800098CC (0x00320213) addi tp, tp, 3
x4 <- 0x00000003


mem[X,0x800098D0] -> 0x006F
mem[X,0x800098D2] -> 0x0040
[984] [M]: 0x800098D0 (0x0040006F) jal zero, 4


mem[X,0x800098D4] -> 0xA023
mem[X,0x800098D6] -> 0x1440
[985] [M]: 0x800098D4 (0x1440A023) sw tp, 320(ra)
mem[0x8004C2B4] <- 0x00000003


mem[X,0x800098D8] -> 0x0513
mem[X,0x800098DA] -> 0x0030
[986] [M]: 0x800098D8 (0x00300513) addi a0, zero, 3
x10 <- 0x00000003


mem[X,0x800098DC] -> 0x0593
mem[X,0x800098DE] -> 0x0050
[987] [M]: 0x800098DC (0x00500593) addi a1, zero, 5
x11 <- 0x00000005


mem[X,0x800098E0] -> 0x0213
mem[X,0x800098E2] -> 0x0000
[988] [M]: 0x800098E0 (0x00000213) addi tp, zero, 0
x4 <- 0x00000000


mem[X,0x800098E4] -> 0x006F
mem[X,0x800098E6] -> 0x00C0
[989] [M]: 0x800098E4 (0x00C0006F) jal zero, 12


mem[X,0x800098F0] -> 0x6063
mem[X,0x800098F2] -> 0x10B5
[990] [M]: 0x800098F0 (0x10B56063) bltu a0, a1, 256


mem[X,0x800099F0] -> 0x0213
mem[X,0x800099F2] -> 0x0032
[991] [M]: 0x800099F0 (0x00320213) addi tp, tp, 3
x4 <- 0x00000003


mem[X,0x800099F4] -> 0x006F
mem[X,0x800099F6] -> 0x0040
[992] [M]: 0x800099F4 (0x0040006F) jal zero, 4


mem[X,0x800099F8] -> 0xA223
mem[X,0x800099FA] -> 0x1440
[993] [M]: 0x800099F8 (0x1440A223) sw tp, 324(ra)
mem[0x8004C2B8] <- 0x00000003


mem[X,0x800099FC] -> 0x0513
mem[X,0x800099FE] -> 0x0030
[994] [M]: 0x800099FC (0x00300513) addi a0, zero, 3
x10 <- 0x00000003


mem[X,0x80009A00] -> 0x35B7
mem[X,0x80009A02] -> 0x3333
[995] [M]: 0x80009A00 (0x333335B7) lui a1, 209715
x11 <- 0x33333000


mem[X,0x80009A04] -> 0x8593
mem[X,0x80009A06] -> 0x3335
[996] [M]: 0x80009A04 (0x33358593) addi a1, a1, 819
x11 <- 0x33333333


mem[X,0x80009A08] -> 0x0213
mem[X,0x80009A0A] -> 0x0000
[997] [M]: 0x80009A08 (0x00000213) addi tp, zero, 0
x4 <- 0x00000000


mem[X,0x80009A0C] -> 0x006F
mem[X,0x80009A0E] -> 0x00C0
[998] [M]: 0x80009A0C (0x00C0006F) jal zero, 12


mem[X,0x80009A18] -> 0x6663
mem[X,0x80009A1A] -> 0x00B5
[999] [M]: 0x80009A18 (0x00B56663) bltu a0, a1, 12


clint::tick mtime <- 0x000000000000000A
 clint timer pending at mtime 0x000000000000000A
htif::tick 0x0000000000000000
mem[X,0x80009A24] -> 0x0213
mem[X,0x80009A26] -> 0x0032
[1000] [M]: 0x80009A24 (0x00320213) addi tp, tp, 3
x4 <- 0x00000003


mem[X,0x80009A28] -> 0x006F
mem[X,0x80009A2A] -> 0x0040
[1001] [M]: 0x80009A28 (0x0040006F) jal zero, 4


mem[X,0x80009A2C] -> 0xA423
mem[X,0x80009A2E] -> 0x1440
[1002] [M]: 0x80009A2C (0x1440A423) sw tp, 328(ra)
mem[0x8004C2BC] <- 0x00000003


mem[X,0x80009A30] -> 0x0513
mem[X,0x80009A32] -> 0x0030
[1003] [M]: 0x80009A30 (0x00300513) addi a0, zero, 3
x10 <- 0x00000003


mem[X,0x80009A34] -> 0x65B7
mem[X,0x80009A36] -> 0x6666
[1004] [M]: 0x80009A34 (0x666665B7) lui a1, 419430
x11 <- 0x66666000


mem[X,0x80009A38] -> 0x8593
mem[X,0x80009A3A] -> 0x6665
[1005] [M]: 0x80009A38 (0x66658593) addi a1, a1, 1638
x11 <- 0x66666666


mem[X,0x80009A3C] -> 0x0213
mem[X,0x80009A3E] -> 0x0000
[1006] [M]: 0x80009A3C (0x00000213) addi tp, zero, 0
x4 <- 0x00000000


mem[X,0x80009A40] -> 0x006F
mem[X,0x80009A42] -> 0x00C0
[1007] [M]: 0x80009A40 (0x00C0006F) jal zero, 12


mem[X,0x80009A4C] -> 0x6063
mem[X,0x80009A4E] -> 0x04B5
[1008] [M]: 0x80009A4C (0x04B56063) bltu a0, a1, 64


mem[X,0x80009A8C] -> 0x0213
mem[X,0x80009A8E] -> 0x0032
[1009] [M]: 0x80009A8C (0x00320213) addi tp, tp, 3
x4 <- 0x00000003


mem[X,0x80009A90] -> 0x006F
mem[X,0x80009A92] -> 0x0040
[1010] [M]: 0x80009A90 (0x0040006F) jal zero, 4


mem[X,0x80009A94] -> 0xA623
mem[X,0x80009A96] -> 0x1440
[1011] [M]: 0x80009A94 (0x1440A623) sw tp, 332(ra)
mem[0x8004C2C0] <- 0x00000003


mem[X,0x80009A98] -> 0x0513
mem[X,0x80009A9A] -> 0x0030
[1012] [M]: 0x80009A98 (0x00300513) addi a0, zero, 3
x10 <- 0x00000003


mem[X,0x80009A9C] -> 0xB5B7
mem[X,0x80009A9E] -> 0x0000
[1013] [M]: 0x80009A9C (0x0000B5B7) lui a1, 11
x11 <- 0x0000B000


mem[X,0x80009AA0] -> 0x8593
mem[X,0x80009AA2] -> 0x5045
[1014] [M]: 0x80009AA0 (0x50458593) addi a1, a1, 1284
x11 <- 0x0000B504


mem[X,0x80009AA4] -> 0x0213
mem[X,0x80009AA6] -> 0x0000
[1015] [M]: 0x80009AA4 (0x00000213) addi tp, zero, 0
x4 <- 0x00000000


mem[X,0x80009AA8] -> 0x006F
mem[X,0x80009AAA] -> 0x00C0
[1016] [M]: 0x80009AA8 (0x00C0006F) jal zero, 12


mem[X,0x80009AB4] -> 0x6663
mem[X,0x80009AB6] -> 0x00B5
[1017] [M]: 0x80009AB4 (0x00B56663) bltu a0, a1, 12


mem[X,0x80009AC0] -> 0x0213
mem[X,0x80009AC2] -> 0x0032
[1018] [M]: 0x80009AC0 (0x00320213) addi tp, tp, 3
x4 <- 0x00000003


mem[X,0x80009AC4] -> 0x006F
mem[X,0x80009AC6] -> 0x0040
[1019] [M]: 0x80009AC4 (0x0040006F) jal zero, 4


mem[X,0x80009AC8] -> 0xA823
mem[X,0x80009ACA] -> 0x1440
[1020] [M]: 0x80009AC8 (0x1440A823) sw tp, 336(ra)
mem[0x8004C2C4] <- 0x00000003


mem[X,0x80009ACC] -> 0x0513
mem[X,0x80009ACE] -> 0x0030
[1021] [M]: 0x80009ACC (0x00300513) addi a0, zero, 3
x10 <- 0x00000003


mem[X,0x80009AD0] -> 0x0593
mem[X,0x80009AD2] -> 0x0000
[1022] [M]: 0x80009AD0 (0x00000593) addi a1, zero, 0
x11 <- 0x00000000


mem[X,0x80009AD4] -> 0x0213
mem[X,0x80009AD6] -> 0x0000
[1023] [M]: 0x80009AD4 (0x00000213) addi tp, zero, 0
x4 <- 0x00000000


mem[X,0x80009AD8] -> 0x006F
mem[X,0x80009ADA] -> 0x00C0
[1024] [M]: 0x80009AD8 (0x00C0006F) jal zero, 12


mem[X,0x80009AE4] -> 0x6663
mem[X,0x80009AE6] -> 0x00B5
[1025] [M]: 0x80009AE4 (0x00B56663) bltu a0, a1, 12


mem[X,0x80009AE8] -> 0x0213
mem[X,0x80009AEA] -> 0x0022
[1026] [M]: 0x80009AE8 (0x00220213) addi tp, tp, 2
x4 <- 0x00000002


mem[X,0x80009AEC] -> 0x006F
mem[X,0x80009AEE] -> 0x00C0
[1027] [M]: 0x80009AEC (0x00C0006F) jal zero, 12


mem[X,0x80009AF8] -> 0xAA23
mem[X,0x80009AFA] -> 0x1440
[1028] [M]: 0x80009AF8 (0x1440AA23) sw tp, 340(ra)
mem[0x8004C2C8] <- 0x00000002


mem[X,0x80009AFC] -> 0x0513
mem[X,0x80009AFE] -> 0x0030
[1029] [M]: 0x80009AFC (0x00300513) addi a0, zero, 3
x10 <- 0x00000003


mem[X,0x80009B00] -> 0x05B7
mem[X,0x80009B02] -> 0x0001
[1030] [M]: 0x80009B00 (0x000105B7) lui a1, 16
x11 <- 0x00010000


mem[X,0x80009B04] -> 0x8593
mem[X,0x80009B06] -> 0xFFF5
[1031] [M]: 0x80009B04 (0xFFF58593) addi a1, a1, 4095
x11 <- 0x0000FFFF


mem[X,0x80009B08] -> 0x0213
mem[X,0x80009B0A] -> 0x0000
[1032] [M]: 0x80009B08 (0x00000213) addi tp, zero, 0
x4 <- 0x00000000


mem[X,0x80009B0C] -> 0x006F
mem[X,0x80009B0E] -> 0x00C0
[1033] [M]: 0x80009B0C (0x00C0006F) jal zero, 12


mem[X,0x80009B18] -> 0x6663
mem[X,0x80009B1A] -> 0x00B5
[1034] [M]: 0x80009B18 (0x00B56663) bltu a0, a1, 12


mem[X,0x80009B24] -> 0x0213
mem[X,0x80009B26] -> 0x0032
[1035] [M]: 0x80009B24 (0x00320213) addi tp, tp, 3
x4 <- 0x00000003


mem[X,0x80009B28] -> 0x006F
mem[X,0x80009B2A] -> 0x0040
[1036] [M]: 0x80009B28 (0x0040006F) jal zero, 4


mem[X,0x80009B2C] -> 0xAC23
mem[X,0x80009B2E] -> 0x1440
[1037] [M]: 0x80009B2C (0x1440AC23) sw tp, 344(ra)
mem[0x8004C2CC] <- 0x00000003


mem[X,0x80009B30] -> 0x0513
mem[X,0x80009B32] -> 0x0030
[1038] [M]: 0x80009B30 (0x00300513) addi a0, zero, 3
x10 <- 0x00000003


mem[X,0x80009B34] -> 0x0593
mem[X,0x80009B36] -> 0x0020
[1039] [M]: 0x80009B34 (0x00200593) addi a1, zero, 2
x11 <- 0x00000002


mem[X,0x80009B38] -> 0x0213
mem[X,0x80009B3A] -> 0x0000
[1040] [M]: 0x80009B38 (0x00000213) addi tp, zero, 0
x4 <- 0x00000000


mem[X,0x80009B3C] -> 0x006F
mem[X,0x80009B3E] -> 0x00C0
[1041] [M]: 0x80009B3C (0x00C0006F) jal zero, 12


mem[X,0x80009B48] -> 0x6063
mem[X,0x80009B4A] -> 0x10B5
[1042] [M]: 0x80009B48 (0x10B56063) bltu a0, a1, 256


mem[X,0x80009B4C] -> 0x0213
mem[X,0x80009B4E] -> 0x0022
[1043] [M]: 0x80009B4C (0x00220213) addi tp, tp, 2
x4 <- 0x00000002


mem[X,0x80009B50] -> 0x006F
mem[X,0x80009B52] -> 0x1000
[1044] [M]: 0x80009B50 (0x1000006F) jal zero, 256


mem[X,0x80009C50] -> 0xAE23
mem[X,0x80009C52] -> 0x1440
[1045] [M]: 0x80009C50 (0x1440AE23) sw tp, 348(ra)
mem[0x8004C2D0] <- 0x00000002


mem[X,0x80009C54] -> 0x0513
mem[X,0x80009C56] -> 0x0030
[1046] [M]: 0x80009C54 (0x00300513) addi a0, zero, 3
x10 <- 0x00000003


mem[X,0x80009C58] -> 0x55B7
mem[X,0x80009C5A] -> 0x5555
[1047] [M]: 0x80009C58 (0x555555B7) lui a1, 349525
x11 <- 0x55555000


mem[X,0x80009C5C] -> 0x8593
mem[X,0x80009C5E] -> 0x5545
[1048] [M]: 0x80009C5C (0x55458593) addi a1, a1, 1364
x11 <- 0x55555554


mem[X,0x80009C60] -> 0x0213
mem[X,0x80009C62] -> 0x0000
[1049] [M]: 0x80009C60 (0x00000213) addi tp, zero, 0
x4 <- 0x00000000


mem[X,0x80009C64] -> 0x006F
mem[X,0x80009C66] -> 0x00C0
[1050] [M]: 0x80009C64 (0x00C0006F) jal zero, 12


mem[X,0x80009C70] -> 0x6063
mem[X,0x80009C72] -> 0x02B5
[1051] [M]: 0x80009C70 (0x02B56063) bltu a0, a1, 32


mem[X,0x80009C90] -> 0x0213
mem[X,0x80009C92] -> 0x0032
[1052] [M]: 0x80009C90 (0x00320213) addi tp, tp, 3
x4 <- 0x00000003


mem[X,0x80009C94] -> 0x006F
mem[X,0x80009C96] -> 0x0040
[1053] [M]: 0x80009C94 (0x0040006F) jal zero, 4


mem[X,0x80009C98] -> 0xA023
mem[X,0x80009C9A] -> 0x1640
[1054] [M]: 0x80009C98 (0x1640A023) sw tp, 352(ra)
mem[0x8004C2D4] <- 0x00000003


mem[X,0x80009C9C] -> 0x0513
mem[X,0x80009C9E] -> 0x0030
[1055] [M]: 0x80009C9C (0x00300513) addi a0, zero, 3
x10 <- 0x00000003


mem[X,0x80009CA0] -> 0xB5B7
mem[X,0x80009CA2] -> 0xAAAA
[1056] [M]: 0x80009CA0 (0xAAAAB5B7) lui a1, 699051
x11 <- 0xAAAAB000


mem[X,0x80009CA4] -> 0x8593
mem[X,0x80009CA6] -> 0xAA95
[1057] [M]: 0x80009CA4 (0xAA958593) addi a1, a1, 2729
x11 <- 0xAAAAAAA9


mem[X,0x80009CA8] -> 0x0213
mem[X,0x80009CAA] -> 0x0000
[1058] [M]: 0x80009CA8 (0x00000213) addi tp, zero, 0
x4 <- 0x00000000


mem[X,0x80009CAC] -> 0x006F
mem[X,0x80009CAE] -> 0x00C0
[1059] [M]: 0x80009CAC (0x00C0006F) jal zero, 12


mem[X,0x80009CB8] -> 0x6063
mem[X,0x80009CBA] -> 0x04B5
[1060] [M]: 0x80009CB8 (0x04B56063) bltu a0, a1, 64


mem[X,0x80009CF8] -> 0x0213
mem[X,0x80009CFA] -> 0x0032
[1061] [M]: 0x80009CF8 (0x00320213) addi tp, tp, 3
x4 <- 0x00000003


mem[X,0x80009CFC] -> 0x006F
mem[X,0x80009CFE] -> 0x0040
[1062] [M]: 0x80009CFC (0x0040006F) jal zero, 4


mem[X,0x80009D00] -> 0xA223
mem[X,0x80009D02] -> 0x1640
[1063] [M]: 0x80009D00 (0x1640A223) sw tp, 356(ra)
mem[0x8004C2D8] <- 0x00000003


mem[X,0x80009D04] -> 0x0513
mem[X,0x80009D06] -> 0x0030
[1064] [M]: 0x80009D04 (0x00300513) addi a0, zero, 3
x10 <- 0x00000003


mem[X,0x80009D08] -> 0x0593
mem[X,0x80009D0A] -> 0x0040
[1065] [M]: 0x80009D08 (0x00400593) addi a1, zero, 4
x11 <- 0x00000004


mem[X,0x80009D0C] -> 0x0213
mem[X,0x80009D0E] -> 0x0000
[1066] [M]: 0x80009D0C (0x00000213) addi tp, zero, 0
x4 <- 0x00000000


mem[X,0x80009D10] -> 0x006F
mem[X,0x80009D12] -> 0x2B10
[1067] [M]: 0x80009D10 (0x2B10006F) jal zero, 2736


mem[X,0x8000A7C0] -> 0x6A63
mem[X,0x8000A7C2] -> 0xD4B5
[1068] [M]: 0x8000A7C0 (0xD4B56A63) bltu a0, a1, 5460


mem[X,0x80009D14] -> 0x0213
mem[X,0x80009D16] -> 0x0012
[1069] [M]: 0x80009D14 (0x00120213) addi tp, tp, 1
x4 <- 0x00000001


mem[X,0x80009D18] -> 0x006F
mem[X,0x80009D1A] -> 0x2BD0
[1070] [M]: 0x80009D18 (0x2BD0006F) jal zero, 2748


mem[X,0x8000A7D4] -> 0xA423
mem[X,0x8000A7D6] -> 0x1640
[1071] [M]: 0x8000A7D4 (0x1640A423) sw tp, 360(ra)
mem[0x8004C2DC] <- 0x00000001


mem[X,0x8000A7D8] -> 0x0513
mem[X,0x8000A7DA] -> 0x0030
[1072] [M]: 0x8000A7D8 (0x00300513) addi a0, zero, 3
x10 <- 0x00000003


mem[X,0x8000A7DC] -> 0x35B7
mem[X,0x8000A7DE] -> 0x3333
[1073] [M]: 0x8000A7DC (0x333335B7) lui a1, 209715
x11 <- 0x33333000


mem[X,0x8000A7E0] -> 0x8593
mem[X,0x8000A7E2] -> 0x3325
[1074] [M]: 0x8000A7E0 (0x33258593) addi a1, a1, 818
x11 <- 0x33333332


mem[X,0x8000A7E4] -> 0x0213
mem[X,0x8000A7E6] -> 0x0000
[1075] [M]: 0x8000A7E4 (0x00000213) addi tp, zero, 0
x4 <- 0x00000000


mem[X,0x8000A7E8] -> 0x006F
mem[X,0x8000A7EA] -> 0x00C0
[1076] [M]: 0x8000A7E8 (0x00C0006F) jal zero, 12


mem[X,0x8000A7F4] -> 0x6663
mem[X,0x8000A7F6] -> 0x00B5
[1077] [M]: 0x8000A7F4 (0x00B56663) bltu a0, a1, 12


mem[X,0x8000A800] -> 0x0213
mem[X,0x8000A802] -> 0x0032
[1078] [M]: 0x8000A800 (0x00320213) addi tp, tp, 3
x4 <- 0x00000003


mem[X,0x8000A804] -> 0x006F
mem[X,0x8000A806] -> 0x0040
[1079] [M]: 0x8000A804 (0x0040006F) jal zero, 4


mem[X,0x8000A808] -> 0xA623
mem[X,0x8000A80A] -> 0x1640
[1080] [M]: 0x8000A808 (0x1640A623) sw tp, 364(ra)
mem[0x8004C2E0] <- 0x00000003


mem[X,0x8000A80C] -> 0x0513
mem[X,0x8000A80E] -> 0x0030
[1081] [M]: 0x8000A80C (0x00300513) addi a0, zero, 3
x10 <- 0x00000003


mem[X,0x8000A810] -> 0x65B7
mem[X,0x8000A812] -> 0x6666
[1082] [M]: 0x8000A810 (0x666665B7) lui a1, 419430
x11 <- 0x66666000


mem[X,0x8000A814] -> 0x8593
mem[X,0x8000A816] -> 0x6655
[1083] [M]: 0x8000A814 (0x66558593) addi a1, a1, 1637
x11 <- 0x66666665


mem[X,0x8000A818] -> 0x0213
mem[X,0x8000A81A] -> 0x0000
[1084] [M]: 0x8000A818 (0x00000213) addi tp, zero, 0
x4 <- 0x00000000


mem[X,0x8000A81C] -> 0x006F
mem[X,0x8000A81E] -> 0x00C0
[1085] [M]: 0x8000A81C (0x00C0006F) jal zero, 12


mem[X,0x8000A828] -> 0x6663
mem[X,0x8000A82A] -> 0x00B5
[1086] [M]: 0x8000A828 (0x00B56663) bltu a0, a1, 12


mem[X,0x8000A834] -> 0x0213
mem[X,0x8000A836] -> 0x0032
[1087] [M]: 0x8000A834 (0x00320213) addi tp, tp, 3
x4 <- 0x00000003


mem[X,0x8000A838] -> 0x006F
mem[X,0x8000A83A] -> 0x0040
[1088] [M]: 0x8000A838 (0x0040006F) jal zero, 4


mem[X,0x8000A83C] -> 0xA823
mem[X,0x8000A83E] -> 0x1640
[1089] [M]: 0x8000A83C (0x1640A823) sw tp, 368(ra)
mem[0x8004C2E4] <- 0x00000003


mem[X,0x8000A840] -> 0x0513
mem[X,0x8000A842] -> 0x0030
[1090] [M]: 0x8000A840 (0x00300513) addi a0, zero, 3
x10 <- 0x00000003


mem[X,0x8000A844] -> 0xB5B7
mem[X,0x8000A846] -> 0x0000
[1091] [M]: 0x8000A844 (0x0000B5B7) lui a1, 11
x11 <- 0x0000B000


mem[X,0x8000A848] -> 0x8593
mem[X,0x8000A84A] -> 0x5035
[1092] [M]: 0x8000A848 (0x50358593) addi a1, a1, 1283
x11 <- 0x0000B503


mem[X,0x8000A84C] -> 0x0213
mem[X,0x8000A84E] -> 0x0000
[1093] [M]: 0x8000A84C (0x00000213) addi tp, zero, 0
x4 <- 0x00000000


mem[X,0x8000A850] -> 0x006F
mem[X,0x8000A852] -> 0x0100
[1094] [M]: 0x8000A850 (0x0100006F) jal zero, 16


mem[X,0x8000A860] -> 0x6AE3
mem[X,0x8000A862] -> 0xFEB5
[1095] [M]: 0x8000A860 (0xFEB56AE3) bltu a0, a1, 8180


mem[X,0x8000A854] -> 0x0213
mem[X,0x8000A856] -> 0x0012
[1096] [M]: 0x8000A854 (0x00120213) addi tp, tp, 1
x4 <- 0x00000001


mem[X,0x8000A858] -> 0x006F
mem[X,0x8000A85A] -> 0x01C0
[1097] [M]: 0x8000A858 (0x01C0006F) jal zero, 28


mem[X,0x8000A874] -> 0xAA23
mem[X,0x8000A876] -> 0x1640
[1098] [M]: 0x8000A874 (0x1640AA23) sw tp, 372(ra)
mem[0x8004C2E8] <- 0x00000001


mem[X,0x8000A878] -> 0x0513
mem[X,0x8000A87A] -> 0x0030
[1099] [M]: 0x8000A878 (0x00300513) addi a0, zero, 3
x10 <- 0x00000003


clint::tick mtime <- 0x000000000000000B
 clint timer pending at mtime 0x000000000000000B
htif::tick 0x0000000000000000
mem[X,0x8000A87C] -> 0x05B7
mem[X,0x8000A87E] -> 0x0001
[1100] [M]: 0x8000A87C (0x000105B7) lui a1, 16
x11 <- 0x00010000


mem[X,0x8000A880] -> 0x8593
mem[X,0x8000A882] -> 0xFFE5
[1101] [M]: 0x8000A880 (0xFFE58593) addi a1, a1, 4094
x11 <- 0x0000FFFE


mem[X,0x8000A884] -> 0x0213
mem[X,0x8000A886] -> 0x0000
[1102] [M]: 0x8000A884 (0x00000213) addi tp, zero, 0
x4 <- 0x00000000


mem[X,0x8000A888] -> 0x006F
mem[X,0x8000A88A] -> 0x0050
[1103] [M]: 0x8000A888 (0x0050006F) jal zero, 2052


mem[X,0x8000B08C] -> 0x60E3
mem[X,0x8000B08E] -> 0x80B5
[1104] [M]: 0x8000B08C (0x80B560E3) bltu a0, a1, 6144


mem[X,0x8000A88C] -> 0x0213
mem[X,0x8000A88E] -> 0x0012
[1105] [M]: 0x8000A88C (0x00120213) addi tp, tp, 1
x4 <- 0x00000001


mem[X,0x8000A890] -> 0x006F
mem[X,0x8000A892] -> 0x0110
[1106] [M]: 0x8000A890 (0x0110006F) jal zero, 2064


mem[X,0x8000B0A0] -> 0xAC23
mem[X,0x8000B0A2] -> 0x1640
[1107] [M]: 0x8000B0A0 (0x1640AC23) sw tp, 376(ra)
mem[0x8004C2EC] <- 0x00000001


mem[X,0x8000B0A4] -> 0x0513
mem[X,0x8000B0A6] -> 0x0030
[1108] [M]: 0x8000B0A4 (0x00300513) addi a0, zero, 3
x10 <- 0x00000003


mem[X,0x8000B0A8] -> 0x55B7
mem[X,0x8000B0AA] -> 0x5555
[1109] [M]: 0x8000B0A8 (0x555555B7) lui a1, 349525
x11 <- 0x55555000


mem[X,0x8000B0AC] -> 0x8593
mem[X,0x8000B0AE] -> 0x5565
[1110] [M]: 0x8000B0AC (0x55658593) addi a1, a1, 1366
x11 <- 0x55555556


mem[X,0x8000B0B0] -> 0x0213
mem[X,0x8000B0B2] -> 0x0000
[1111] [M]: 0x8000B0B0 (0x00000213) addi tp, zero, 0
x4 <- 0x00000000


mem[X,0x8000B0B4] -> 0x006F
mem[X,0x8000B0B6] -> 0x00C0
[1112] [M]: 0x8000B0B4 (0x00C0006F) jal zero, 12


mem[X,0x8000B0C0] -> 0x6663
mem[X,0x8000B0C2] -> 0x00B5
[1113] [M]: 0x8000B0C0 (0x00B56663) bltu a0, a1, 12


mem[X,0x8000B0CC] -> 0x0213
mem[X,0x8000B0CE] -> 0x0032
[1114] [M]: 0x8000B0CC (0x00320213) addi tp, tp, 3
x4 <- 0x00000003


mem[X,0x8000B0D0] -> 0x006F
mem[X,0x8000B0D2] -> 0x0040
[1115] [M]: 0x8000B0D0 (0x0040006F) jal zero, 4


mem[X,0x8000B0D4] -> 0xAE23
mem[X,0x8000B0D6] -> 0x1640
[1116] [M]: 0x8000B0D4 (0x1640AE23) sw tp, 380(ra)
mem[0x8004C2F0] <- 0x00000003


mem[X,0x8000B0D8] -> 0x0513
mem[X,0x8000B0DA] -> 0x0030
[1117] [M]: 0x8000B0D8 (0x00300513) addi a0, zero, 3
x10 <- 0x00000003


mem[X,0x8000B0DC] -> 0xB5B7
mem[X,0x8000B0DE] -> 0xAAAA
[1118] [M]: 0x8000B0DC (0xAAAAB5B7) lui a1, 699051
x11 <- 0xAAAAB000


mem[X,0x8000B0E0] -> 0x8593
mem[X,0x8000B0E2] -> 0xAAB5
[1119] [M]: 0x8000B0E0 (0xAAB58593) addi a1, a1, 2731
x11 <- 0xAAAAAAAB


mem[X,0x8000B0E4] -> 0x0213
mem[X,0x8000B0E6] -> 0x0000
[1120] [M]: 0x8000B0E4 (0x00000213) addi tp, zero, 0
x4 <- 0x00000000


mem[X,0x8000B0E8] -> 0x006F
mem[X,0x8000B0EA] -> 0x00C0
[1121] [M]: 0x8000B0E8 (0x00C0006F) jal zero, 12


mem[X,0x8000B0F4] -> 0x6CE3
mem[X,0x8000B0F6] -> 0xFEB5
[1122] [M]: 0x8000B0F4 (0xFEB56CE3) bltu a0, a1, 8184


mem[X,0x8000B0EC] -> 0x0213
mem[X,0x8000B0EE] -> 0x0012
[1123] [M]: 0x8000B0EC (0x00120213) addi tp, tp, 1
x4 <- 0x00000001


mem[X,0x8000B0F0] -> 0x006F
mem[X,0x8000B0F2] -> 0x0180
[1124] [M]: 0x8000B0F0 (0x0180006F) jal zero, 24


mem[X,0x8000B108] -> 0xA023
mem[X,0x8000B10A] -> 0x1840
[1125] [M]: 0x8000B108 (0x1840A023) sw tp, 384(ra)
mem[0x8004C2F4] <- 0x00000001


mem[X,0x8000B10C] -> 0x0513
mem[X,0x8000B10E] -> 0x0030
[1126] [M]: 0x8000B10C (0x00300513) addi a0, zero, 3
x10 <- 0x00000003


mem[X,0x8000B110] -> 0x0593
mem[X,0x8000B112] -> 0x0060
[1127] [M]: 0x8000B110 (0x00600593) addi a1, zero, 6
x11 <- 0x00000006


mem[X,0x8000B114] -> 0x0213
mem[X,0x8000B116] -> 0x0000
[1128] [M]: 0x8000B114 (0x00000213) addi tp, zero, 0
x4 <- 0x00000000


mem[X,0x8000B118] -> 0x006F
mem[X,0x8000B11A] -> 0x00C0
[1129] [M]: 0x8000B118 (0x00C0006F) jal zero, 12


mem[X,0x8000B124] -> 0x6063
mem[X,0x8000B126] -> 0x10B5
[1130] [M]: 0x8000B124 (0x10B56063) bltu a0, a1, 256


mem[X,0x8000B224] -> 0x0213
mem[X,0x8000B226] -> 0x0032
[1131] [M]: 0x8000B224 (0x00320213) addi tp, tp, 3
x4 <- 0x00000003


mem[X,0x8000B228] -> 0x006F
mem[X,0x8000B22A] -> 0x0040
[1132] [M]: 0x8000B228 (0x0040006F) jal zero, 4


mem[X,0x8000B22C] -> 0xA223
mem[X,0x8000B22E] -> 0x1840
[1133] [M]: 0x8000B22C (0x1840A223) sw tp, 388(ra)
mem[0x8004C2F8] <- 0x00000003


mem[X,0x8000B230] -> 0x0513
mem[X,0x8000B232] -> 0x0030
[1134] [M]: 0x8000B230 (0x00300513) addi a0, zero, 3
x10 <- 0x00000003


mem[X,0x8000B234] -> 0x35B7
mem[X,0x8000B236] -> 0x3333
[1135] [M]: 0x8000B234 (0x333335B7) lui a1, 209715
x11 <- 0x33333000


mem[X,0x8000B238] -> 0x8593
mem[X,0x8000B23A] -> 0x3345
[1136] [M]: 0x8000B238 (0x33458593) addi a1, a1, 820
x11 <- 0x33333334


mem[X,0x8000B23C] -> 0x0213
mem[X,0x8000B23E] -> 0x0000
[1137] [M]: 0x8000B23C (0x00000213) addi tp, zero, 0
x4 <- 0x00000000


mem[X,0x8000B240] -> 0x006F
mem[X,0x8000B242] -> 0x00C0
[1138] [M]: 0x8000B240 (0x00C0006F) jal zero, 12


mem[X,0x8000B24C] -> 0x6CE3
mem[X,0x8000B24E] -> 0xFEB5
[1139] [M]: 0x8000B24C (0xFEB56CE3) bltu a0, a1, 8184


mem[X,0x8000B244] -> 0x0213
mem[X,0x8000B246] -> 0x0012
[1140] [M]: 0x8000B244 (0x00120213) addi tp, tp, 1
x4 <- 0x00000001


mem[X,0x8000B248] -> 0x006F
mem[X,0x8000B24A] -> 0x0180
[1141] [M]: 0x8000B248 (0x0180006F) jal zero, 24


mem[X,0x8000B260] -> 0xA423
mem[X,0x8000B262] -> 0x1840
[1142] [M]: 0x8000B260 (0x1840A423) sw tp, 392(ra)
mem[0x8004C2FC] <- 0x00000001


mem[X,0x8000B264] -> 0x0513
mem[X,0x8000B266] -> 0x0030
[1143] [M]: 0x8000B264 (0x00300513) addi a0, zero, 3
x10 <- 0x00000003


mem[X,0x8000B268] -> 0x65B7
mem[X,0x8000B26A] -> 0x6666
[1144] [M]: 0x8000B268 (0x666665B7) lui a1, 419430
x11 <- 0x66666000


mem[X,0x8000B26C] -> 0x8593
mem[X,0x8000B26E] -> 0x6675
[1145] [M]: 0x8000B26C (0x66758593) addi a1, a1, 1639
x11 <- 0x66666667


mem[X,0x8000B270] -> 0x0213
mem[X,0x8000B272] -> 0x0000
[1146] [M]: 0x8000B270 (0x00000213) addi tp, zero, 0
x4 <- 0x00000000


mem[X,0x8000B274] -> 0x006F
mem[X,0x8000B276] -> 0x00C0
[1147] [M]: 0x8000B274 (0x00C0006F) jal zero, 12


mem[X,0x8000B280] -> 0x6063
mem[X,0x8000B282] -> 0x08B5
[1148] [M]: 0x8000B280 (0x08B56063) bltu a0, a1, 128


mem[X,0x8000B300] -> 0x0213
mem[X,0x8000B302] -> 0x0032
[1149] [M]: 0x8000B300 (0x00320213) addi tp, tp, 3
x4 <- 0x00000003


mem[X,0x8000B304] -> 0x006F
mem[X,0x8000B306] -> 0x0040
[1150] [M]: 0x8000B304 (0x0040006F) jal zero, 4


mem[X,0x8000B308] -> 0xA623
mem[X,0x8000B30A] -> 0x1840
[1151] [M]: 0x8000B308 (0x1840A623) sw tp, 396(ra)
mem[0x8004C300] <- 0x00000003


mem[X,0x8000B30C] -> 0x0513
mem[X,0x8000B30E] -> 0x0030
[1152] [M]: 0x8000B30C (0x00300513) addi a0, zero, 3
x10 <- 0x00000003


mem[X,0x8000B310] -> 0xB5B7
mem[X,0x8000B312] -> 0x0000
[1153] [M]: 0x8000B310 (0x0000B5B7) lui a1, 11
x11 <- 0x0000B000


mem[X,0x8000B314] -> 0x8593
mem[X,0x8000B316] -> 0x5055
[1154] [M]: 0x8000B314 (0x50558593) addi a1, a1, 1285
x11 <- 0x0000B505


mem[X,0x8000B318] -> 0x0213
mem[X,0x8000B31A] -> 0x0000
[1155] [M]: 0x8000B318 (0x00000213) addi tp, zero, 0
x4 <- 0x00000000


mem[X,0x8000B31C] -> 0x006F
mem[X,0x8000B31E] -> 0x00C0
[1156] [M]: 0x8000B31C (0x00C0006F) jal zero, 12


mem[X,0x8000B328] -> 0x6863
mem[X,0x8000B32A] -> 0x00B5
[1157] [M]: 0x8000B328 (0x00B56863) bltu a0, a1, 16


mem[X,0x8000B338] -> 0x0213
mem[X,0x8000B33A] -> 0x0032
[1158] [M]: 0x8000B338 (0x00320213) addi tp, tp, 3
x4 <- 0x00000003


mem[X,0x8000B33C] -> 0x006F
mem[X,0x8000B33E] -> 0x0040
[1159] [M]: 0x8000B33C (0x0040006F) jal zero, 4


mem[X,0x8000B340] -> 0xA823
mem[X,0x8000B342] -> 0x1840
[1160] [M]: 0x8000B340 (0x1840A823) sw tp, 400(ra)
mem[0x8004C304] <- 0x00000003


mem[X,0x8000B344] -> 0x0513
mem[X,0x8000B346] -> 0x0030
[1161] [M]: 0x8000B344 (0x00300513) addi a0, zero, 3
x10 <- 0x00000003


mem[X,0x8000B348] -> 0x0593
mem[X,0x8000B34A] -> 0x0010
[1162] [M]: 0x8000B348 (0x00100593) addi a1, zero, 1
x11 <- 0x00000001


mem[X,0x8000B34C] -> 0x0213
mem[X,0x8000B34E] -> 0x0000
[1163] [M]: 0x8000B34C (0x00000213) addi tp, zero, 0
x4 <- 0x00000000


mem[X,0x8000B350] -> 0x006F
mem[X,0x8000B352] -> 0x0140
[1164] [M]: 0x8000B350 (0x0140006F) jal zero, 20


mem[X,0x8000B364] -> 0x68E3
mem[X,0x8000B366] -> 0xFEB5
[1165] [M]: 0x8000B364 (0xFEB568E3) bltu a0, a1, 8176


mem[X,0x8000B368] -> 0x0213
mem[X,0x8000B36A] -> 0x0022
[1166] [M]: 0x8000B368 (0x00220213) addi tp, tp, 2
x4 <- 0x00000002


mem[X,0x8000B36C] -> 0x006F
mem[X,0x8000B36E] -> 0x00C0
[1167] [M]: 0x8000B36C (0x00C0006F) jal zero, 12


mem[X,0x8000B378] -> 0xAA23
mem[X,0x8000B37A] -> 0x1840
[1168] [M]: 0x8000B378 (0x1840AA23) sw tp, 404(ra)
mem[0x8004C308] <- 0x00000002


mem[X,0x8000B37C] -> 0x0513
mem[X,0x8000B37E] -> 0x0030
[1169] [M]: 0x8000B37C (0x00300513) addi a0, zero, 3
x10 <- 0x00000003


mem[X,0x8000B380] -> 0x05B7
mem[X,0x8000B382] -> 0x0001
[1170] [M]: 0x8000B380 (0x000105B7) lui a1, 16
x11 <- 0x00010000


mem[X,0x8000B384] -> 0x0213
mem[X,0x8000B386] -> 0x0000
[1171] [M]: 0x8000B384 (0x00000213) addi tp, zero, 0
x4 <- 0x00000000


mem[X,0x8000B388] -> 0x006F
mem[X,0x8000B38A] -> 0x00C0
[1172] [M]: 0x8000B388 (0x00C0006F) jal zero, 12


mem[X,0x8000B394] -> 0x6063
mem[X,0x8000B396] -> 0x10B5
[1173] [M]: 0x8000B394 (0x10B56063) bltu a0, a1, 256


mem[X,0x8000B494] -> 0x0213
mem[X,0x8000B496] -> 0x0032
[1174] [M]: 0x8000B494 (0x00320213) addi tp, tp, 3
x4 <- 0x00000003


mem[X,0x8000B498] -> 0x006F
mem[X,0x8000B49A] -> 0x0040
[1175] [M]: 0x8000B498 (0x0040006F) jal zero, 4


mem[X,0x8000B49C] -> 0xAC23
mem[X,0x8000B49E] -> 0x1840
[1176] [M]: 0x8000B49C (0x1840AC23) sw tp, 408(ra)
mem[0x8004C30C] <- 0x00000003


mem[X,0x8000B4A0] -> 0x5537
mem[X,0x8000B4A2] -> 0x5555
[1177] [M]: 0x8000B4A0 (0x55555537) lui a0, 349525
x10 <- 0x55555000


mem[X,0x8000B4A4] -> 0x0513
mem[X,0x8000B4A6] -> 0x5555
[1178] [M]: 0x8000B4A4 (0x55550513) addi a0, a0, 1365
x10 <- 0x55555555


mem[X,0x8000B4A8] -> 0x0593
mem[X,0x8000B4AA] -> 0x0030
[1179] [M]: 0x8000B4A8 (0x00300593) addi a1, zero, 3
x11 <- 0x00000003


mem[X,0x8000B4AC] -> 0x0213
mem[X,0x8000B4AE] -> 0x0000
[1180] [M]: 0x8000B4AC (0x00000213) addi tp, zero, 0
x4 <- 0x00000000


mem[X,0x8000B4B0] -> 0x006F
mem[X,0x8000B4B2] -> 0x00C0
[1181] [M]: 0x8000B4B0 (0x00C0006F) jal zero, 12


mem[X,0x8000B4BC] -> 0x6063
mem[X,0x8000B4BE] -> 0x08B5
[1182] [M]: 0x8000B4BC (0x08B56063) bltu a0, a1, 128


mem[X,0x8000B4C0] -> 0x0213
mem[X,0x8000B4C2] -> 0x0022
[1183] [M]: 0x8000B4C0 (0x00220213) addi tp, tp, 2
x4 <- 0x00000002


mem[X,0x8000B4C4] -> 0x006F
mem[X,0x8000B4C6] -> 0x0800
[1184] [M]: 0x8000B4C4 (0x0800006F) jal zero, 128


mem[X,0x8000B544] -> 0xAE23
mem[X,0x8000B546] -> 0x1840
[1185] [M]: 0x8000B544 (0x1840AE23) sw tp, 412(ra)
mem[0x8004C310] <- 0x00000002


mem[X,0x8000B548] -> 0x5537
mem[X,0x8000B54A] -> 0x5555
[1186] [M]: 0x8000B548 (0x55555537) lui a0, 349525
x10 <- 0x55555000


mem[X,0x8000B54C] -> 0x0513
mem[X,0x8000B54E] -> 0x5555
[1187] [M]: 0x8000B54C (0x55550513) addi a0, a0, 1365
x10 <- 0x55555555


mem[X,0x8000B550] -> 0x55B7
mem[X,0x8000B552] -> 0x5555
[1188] [M]: 0x8000B550 (0x555555B7) lui a1, 349525
x11 <- 0x55555000


mem[X,0x8000B554] -> 0x8593
mem[X,0x8000B556] -> 0x5555
[1189] [M]: 0x8000B554 (0x55558593) addi a1, a1, 1365
x11 <- 0x55555555


mem[X,0x8000B558] -> 0x0213
mem[X,0x8000B55A] -> 0x0000
[1190] [M]: 0x8000B558 (0x00000213) addi tp, zero, 0
x4 <- 0x00000000


mem[X,0x8000B55C] -> 0x006F
mem[X,0x8000B55E] -> 0x00C0
[1191] [M]: 0x8000B55C (0x00C0006F) jal zero, 12


mem[X,0x8000B568] -> 0x6CE3
mem[X,0x8000B56A] -> 0xFEB5
[1192] [M]: 0x8000B568 (0xFEB56CE3) bltu a0, a1, 8184


mem[X,0x8000B56C] -> 0x0213
mem[X,0x8000B56E] -> 0x0022
[1193] [M]: 0x8000B56C (0x00220213) addi tp, tp, 2
x4 <- 0x00000002


mem[X,0x8000B570] -> 0x006F
mem[X,0x8000B572] -> 0x00C0
[1194] [M]: 0x8000B570 (0x00C0006F) jal zero, 12


mem[X,0x8000B57C] -> 0xA023
mem[X,0x8000B57E] -> 0x1A40
[1195] [M]: 0x8000B57C (0x1A40A023) sw tp, 416(ra)
mem[0x8004C314] <- 0x00000002


mem[X,0x8000B580] -> 0x5537
mem[X,0x8000B582] -> 0x5555
[1196] [M]: 0x8000B580 (0x55555537) lui a0, 349525
x10 <- 0x55555000


mem[X,0x8000B584] -> 0x0513
mem[X,0x8000B586] -> 0x5555
[1197] [M]: 0x8000B584 (0x55550513) addi a0, a0, 1365
x10 <- 0x55555555


mem[X,0x8000B588] -> 0xB5B7
mem[X,0x8000B58A] -> 0xAAAA
[1198] [M]: 0x8000B588 (0xAAAAB5B7) lui a1, 699051
x11 <- 0xAAAAB000


mem[X,0x8000B58C] -> 0x8593
mem[X,0x8000B58E] -> 0xAAA5
[1199] [M]: 0x8000B58C (0xAAA58593) addi a1, a1, 2730
x11 <- 0xAAAAAAAA


clint::tick mtime <- 0x000000000000000C
 clint timer pending at mtime 0x000000000000000C
htif::tick 0x0000000000000000
mem[X,0x8000B590] -> 0x0213
mem[X,0x8000B592] -> 0x0000
[1200] [M]: 0x8000B590 (0x00000213) addi tp, zero, 0
x4 <- 0x00000000


mem[X,0x8000B594] -> 0x006F
mem[X,0x8000B596] -> 0x0050
[1201] [M]: 0x8000B594 (0x0050006F) jal zero, 2052


mem[X,0x8000BD98] -> 0x60E3
mem[X,0x8000BD9A] -> 0x80B5
[1202] [M]: 0x8000BD98 (0x80B560E3) bltu a0, a1, 6144


mem[X,0x8000B598] -> 0x0213
mem[X,0x8000B59A] -> 0x0012
[1203] [M]: 0x8000B598 (0x00120213) addi tp, tp, 1
x4 <- 0x00000001


mem[X,0x8000B59C] -> 0x006F
mem[X,0x8000B59E] -> 0x0110
[1204] [M]: 0x8000B59C (0x0110006F) jal zero, 2064


mem[X,0x8000BDAC] -> 0xA223
mem[X,0x8000BDAE] -> 0x1A40
[1205] [M]: 0x8000BDAC (0x1A40A223) sw tp, 420(ra)
mem[0x8004C318] <- 0x00000001


mem[X,0x8000BDB0] -> 0x5537
mem[X,0x8000BDB2] -> 0x5555
[1206] [M]: 0x8000BDB0 (0x55555537) lui a0, 349525
x10 <- 0x55555000


mem[X,0x8000BDB4] -> 0x0513
mem[X,0x8000BDB6] -> 0x5555
[1207] [M]: 0x8000BDB4 (0x55550513) addi a0, a0, 1365
x10 <- 0x55555555


mem[X,0x8000BDB8] -> 0x0593
mem[X,0x8000BDBA] -> 0x0050
[1208] [M]: 0x8000BDB8 (0x00500593) addi a1, zero, 5
x11 <- 0x00000005


mem[X,0x8000BDBC] -> 0x0213
mem[X,0x8000BDBE] -> 0x0000
[1209] [M]: 0x8000BDBC (0x00000213) addi tp, zero, 0
x4 <- 0x00000000


mem[X,0x8000BDC0] -> 0x006F
mem[X,0x8000BDC2] -> 0x00C0
[1210] [M]: 0x8000BDC0 (0x00C0006F) jal zero, 12


mem[X,0x8000BDCC] -> 0x6063
mem[X,0x8000BDCE] -> 0x02B5
[1211] [M]: 0x8000BDCC (0x02B56063) bltu a0, a1, 32


mem[X,0x8000BDD0] -> 0x0213
mem[X,0x8000BDD2] -> 0x0022
[1212] [M]: 0x8000BDD0 (0x00220213) addi tp, tp, 2
x4 <- 0x00000002


mem[X,0x8000BDD4] -> 0x006F
mem[X,0x8000BDD6] -> 0x0200
[1213] [M]: 0x8000BDD4 (0x0200006F) jal zero, 32


mem[X,0x8000BDF4] -> 0xA423
mem[X,0x8000BDF6] -> 0x1A40
[1214] [M]: 0x8000BDF4 (0x1A40A423) sw tp, 424(ra)
mem[0x8004C31C] <- 0x00000002


mem[X,0x8000BDF8] -> 0x5537
mem[X,0x8000BDFA] -> 0x5555
[1215] [M]: 0x8000BDF8 (0x55555537) lui a0, 349525
x10 <- 0x55555000


mem[X,0x8000BDFC] -> 0x0513
mem[X,0x8000BDFE] -> 0x5555
[1216] [M]: 0x8000BDFC (0x55550513) addi a0, a0, 1365
x10 <- 0x55555555


mem[X,0x8000BE00] -> 0x35B7
mem[X,0x8000BE02] -> 0x3333
[1217] [M]: 0x8000BE00 (0x333335B7) lui a1, 209715
x11 <- 0x33333000


mem[X,0x8000BE04] -> 0x8593
mem[X,0x8000BE06] -> 0x3335
[1218] [M]: 0x8000BE04 (0x33358593) addi a1, a1, 819
x11 <- 0x33333333


mem[X,0x8000BE08] -> 0x0213
mem[X,0x8000BE0A] -> 0x0000
[1219] [M]: 0x8000BE08 (0x00000213) addi tp, zero, 0
x4 <- 0x00000000


mem[X,0x8000BE0C] -> 0x006F
mem[X,0x8000BE0E] -> 0x00C0
[1220] [M]: 0x8000BE0C (0x00C0006F) jal zero, 12


mem[X,0x8000BE18] -> 0x6063
mem[X,0x8000BE1A] -> 0x02B5
[1221] [M]: 0x8000BE18 (0x02B56063) bltu a0, a1, 32


mem[X,0x8000BE1C] -> 0x0213
mem[X,0x8000BE1E] -> 0x0022
[1222] [M]: 0x8000BE1C (0x00220213) addi tp, tp, 2
x4 <- 0x00000002


mem[X,0x8000BE20] -> 0x006F
mem[X,0x8000BE22] -> 0x0200
[1223] [M]: 0x8000BE20 (0x0200006F) jal zero, 32


mem[X,0x8000BE40] -> 0xA623
mem[X,0x8000BE42] -> 0x1A40
[1224] [M]: 0x8000BE40 (0x1A40A623) sw tp, 428(ra)
mem[0x8004C320] <- 0x00000002


mem[X,0x8000BE44] -> 0x5537
mem[X,0x8000BE46] -> 0x5555
[1225] [M]: 0x8000BE44 (0x55555537) lui a0, 349525
x10 <- 0x55555000


mem[X,0x8000BE48] -> 0x0513
mem[X,0x8000BE4A] -> 0x5555
[1226] [M]: 0x8000BE48 (0x55550513) addi a0, a0, 1365
x10 <- 0x55555555


mem[X,0x8000BE4C] -> 0x65B7
mem[X,0x8000BE4E] -> 0x6666
[1227] [M]: 0x8000BE4C (0x666665B7) lui a1, 419430
x11 <- 0x66666000


mem[X,0x8000BE50] -> 0x8593
mem[X,0x8000BE52] -> 0x6665
[1228] [M]: 0x8000BE50 (0x66658593) addi a1, a1, 1638
x11 <- 0x66666666


mem[X,0x8000BE54] -> 0x0213
mem[X,0x8000BE56] -> 0x0000
[1229] [M]: 0x8000BE54 (0x00000213) addi tp, zero, 0
x4 <- 0x00000000


mem[X,0x8000BE58] -> 0x006F
mem[X,0x8000BE5A] -> 0x00C0
[1230] [M]: 0x8000BE58 (0x00C0006F) jal zero, 12


mem[X,0x8000BE64] -> 0x6063
mem[X,0x8000BE66] -> 0x20B5
[1231] [M]: 0x8000BE64 (0x20B56063) bltu a0, a1, 512


mem[X,0x8000C064] -> 0x0213
mem[X,0x8000C066] -> 0x0032
[1232] [M]: 0x8000C064 (0x00320213) addi tp, tp, 3
x4 <- 0x00000003


mem[X,0x8000C068] -> 0x006F
mem[X,0x8000C06A] -> 0x0040
[1233] [M]: 0x8000C068 (0x0040006F) jal zero, 4


mem[X,0x8000C06C] -> 0xA823
mem[X,0x8000C06E] -> 0x1A40
[1234] [M]: 0x8000C06C (0x1A40A823) sw tp, 432(ra)
mem[0x8004C324] <- 0x00000003


mem[X,0x8000C070] -> 0x5537
mem[X,0x8000C072] -> 0x5555
[1235] [M]: 0x8000C070 (0x55555537) lui a0, 349525
x10 <- 0x55555000


mem[X,0x8000C074] -> 0x0513
mem[X,0x8000C076] -> 0x5555
[1236] [M]: 0x8000C074 (0x55550513) addi a0, a0, 1365
x10 <- 0x55555555


mem[X,0x8000C078] -> 0xB5B7
mem[X,0x8000C07A] -> 0x0000
[1237] [M]: 0x8000C078 (0x0000B5B7) lui a1, 11
x11 <- 0x0000B000


mem[X,0x8000C07C] -> 0x8593
mem[X,0x8000C07E] -> 0x5045
[1238] [M]: 0x8000C07C (0x50458593) addi a1, a1, 1284
x11 <- 0x0000B504


mem[X,0x8000C080] -> 0x0213
mem[X,0x8000C082] -> 0x0000
[1239] [M]: 0x8000C080 (0x00000213) addi tp, zero, 0
x4 <- 0x00000000


mem[X,0x8000C084] -> 0x006F
mem[X,0x8000C086] -> 0x00C0
[1240] [M]: 0x8000C084 (0x00C0006F) jal zero, 12


mem[X,0x8000C090] -> 0x6663
mem[X,0x8000C092] -> 0x00B5
[1241] [M]: 0x8000C090 (0x00B56663) bltu a0, a1, 12


mem[X,0x8000C094] -> 0x0213
mem[X,0x8000C096] -> 0x0022
[1242] [M]: 0x8000C094 (0x00220213) addi tp, tp, 2
x4 <- 0x00000002


mem[X,0x8000C098] -> 0x006F
mem[X,0x8000C09A] -> 0x00C0
[1243] [M]: 0x8000C098 (0x00C0006F) jal zero, 12


mem[X,0x8000C0A4] -> 0xAA23
mem[X,0x8000C0A6] -> 0x1A40
[1244] [M]: 0x8000C0A4 (0x1A40AA23) sw tp, 436(ra)
mem[0x8004C328] <- 0x00000002


mem[X,0x8000C0A8] -> 0x5537
mem[X,0x8000C0AA] -> 0x5555
[1245] [M]: 0x8000C0A8 (0x55555537) lui a0, 349525
x10 <- 0x55555000


mem[X,0x8000C0AC] -> 0x0513
mem[X,0x8000C0AE] -> 0x5555
[1246] [M]: 0x8000C0AC (0x55550513) addi a0, a0, 1365
x10 <- 0x55555555


mem[X,0x8000C0B0] -> 0x0593
mem[X,0x8000C0B2] -> 0x0000
[1247] [M]: 0x8000C0B0 (0x00000593) addi a1, zero, 0
x11 <- 0x00000000


mem[X,0x8000C0B4] -> 0x0213
mem[X,0x8000C0B6] -> 0x0000
[1248] [M]: 0x8000C0B4 (0x00000213) addi tp, zero, 0
x4 <- 0x00000000


mem[X,0x8000C0B8] -> 0x006F
mem[X,0x8000C0BA] -> 0x0050
[1249] [M]: 0x8000C0B8 (0x0050006F) jal zero, 2052


mem[X,0x8000C8BC] -> 0x60E3
mem[X,0x8000C8BE] -> 0x80B5
[1250] [M]: 0x8000C8BC (0x80B560E3) bltu a0, a1, 6144


mem[X,0x8000C8C0] -> 0x0213
mem[X,0x8000C8C2] -> 0x0022
[1251] [M]: 0x8000C8C0 (0x00220213) addi tp, tp, 2
x4 <- 0x00000002


mem[X,0x8000C8C4] -> 0x006F
mem[X,0x8000C8C6] -> 0x00C0
[1252] [M]: 0x8000C8C4 (0x00C0006F) jal zero, 12


mem[X,0x8000C8D0] -> 0xAC23
mem[X,0x8000C8D2] -> 0x1A40
[1253] [M]: 0x8000C8D0 (0x1A40AC23) sw tp, 440(ra)
mem[0x8004C32C] <- 0x00000002


mem[X,0x8000C8D4] -> 0x5537
mem[X,0x8000C8D6] -> 0x5555
[1254] [M]: 0x8000C8D4 (0x55555537) lui a0, 349525
x10 <- 0x55555000


mem[X,0x8000C8D8] -> 0x0513
mem[X,0x8000C8DA] -> 0x5555
[1255] [M]: 0x8000C8D8 (0x55550513) addi a0, a0, 1365
x10 <- 0x55555555


mem[X,0x8000C8DC] -> 0x05B7
mem[X,0x8000C8DE] -> 0x0001
[1256] [M]: 0x8000C8DC (0x000105B7) lui a1, 16
x11 <- 0x00010000


mem[X,0x8000C8E0] -> 0x8593
mem[X,0x8000C8E2] -> 0xFFF5
[1257] [M]: 0x8000C8E0 (0xFFF58593) addi a1, a1, 4095
x11 <- 0x0000FFFF


mem[X,0x8000C8E4] -> 0x0213
mem[X,0x8000C8E6] -> 0x0000
[1258] [M]: 0x8000C8E4 (0x00000213) addi tp, zero, 0
x4 <- 0x00000000


mem[X,0x8000C8E8] -> 0x006F
mem[X,0x8000C8EA] -> 0x00C0
[1259] [M]: 0x8000C8E8 (0x00C0006F) jal zero, 12


mem[X,0x8000C8F4] -> 0x6063
mem[X,0x8000C8F6] -> 0x04B5
[1260] [M]: 0x8000C8F4 (0x04B56063) bltu a0, a1, 64


mem[X,0x8000C8F8] -> 0x0213
mem[X,0x8000C8FA] -> 0x0022
[1261] [M]: 0x8000C8F8 (0x00220213) addi tp, tp, 2
x4 <- 0x00000002


mem[X,0x8000C8FC] -> 0x006F
mem[X,0x8000C8FE] -> 0x0400
[1262] [M]: 0x8000C8FC (0x0400006F) jal zero, 64


mem[X,0x8000C93C] -> 0xAE23
mem[X,0x8000C93E] -> 0x1A40
[1263] [M]: 0x8000C93C (0x1A40AE23) sw tp, 444(ra)
mem[0x8004C330] <- 0x00000002


mem[X,0x8000C940] -> 0x5537
mem[X,0x8000C942] -> 0x5555
[1264] [M]: 0x8000C940 (0x55555537) lui a0, 349525
x10 <- 0x55555000


mem[X,0x8000C944] -> 0x0513
mem[X,0x8000C946] -> 0x5555
[1265] [M]: 0x8000C944 (0x55550513) addi a0, a0, 1365
x10 <- 0x55555555


mem[X,0x8000C948] -> 0x0593
mem[X,0x8000C94A] -> 0x0020
[1266] [M]: 0x8000C948 (0x00200593) addi a1, zero, 2
x11 <- 0x00000002


mem[X,0x8000C94C] -> 0x0213
mem[X,0x8000C94E] -> 0x0000
[1267] [M]: 0x8000C94C (0x00000213) addi tp, zero, 0
x4 <- 0x00000000


mem[X,0x8000C950] -> 0x006F
mem[X,0x8000C952] -> 0x00C0
[1268] [M]: 0x8000C950 (0x00C0006F) jal zero, 12


mem[X,0x8000C95C] -> 0x6663
mem[X,0x8000C95E] -> 0x00B5
[1269] [M]: 0x8000C95C (0x00B56663) bltu a0, a1, 12


mem[X,0x8000C960] -> 0x0213
mem[X,0x8000C962] -> 0x0022
[1270] [M]: 0x8000C960 (0x00220213) addi tp, tp, 2
x4 <- 0x00000002


mem[X,0x8000C964] -> 0x006F
mem[X,0x8000C966] -> 0x00C0
[1271] [M]: 0x8000C964 (0x00C0006F) jal zero, 12


mem[X,0x8000C970] -> 0xA023
mem[X,0x8000C972] -> 0x1C40
[1272] [M]: 0x8000C970 (0x1C40A023) sw tp, 448(ra)
mem[0x8004C334] <- 0x00000002


mem[X,0x8000C974] -> 0x5537
mem[X,0x8000C976] -> 0x5555
[1273] [M]: 0x8000C974 (0x55555537) lui a0, 349525
x10 <- 0x55555000


mem[X,0x8000C978] -> 0x0513
mem[X,0x8000C97A] -> 0x5555
[1274] [M]: 0x8000C978 (0x55550513) addi a0, a0, 1365
x10 <- 0x55555555


mem[X,0x8000C97C] -> 0x55B7
mem[X,0x8000C97E] -> 0x5555
[1275] [M]: 0x8000C97C (0x555555B7) lui a1, 349525
x11 <- 0x55555000


mem[X,0x8000C980] -> 0x8593
mem[X,0x8000C982] -> 0x5545
[1276] [M]: 0x8000C980 (0x55458593) addi a1, a1, 1364
x11 <- 0x55555554


mem[X,0x8000C984] -> 0x0213
mem[X,0x8000C986] -> 0x0000
[1277] [M]: 0x8000C984 (0x00000213) addi tp, zero, 0
x4 <- 0x00000000


mem[X,0x8000C988] -> 0x006F
mem[X,0x8000C98A] -> 0x00C0
[1278] [M]: 0x8000C988 (0x00C0006F) jal zero, 12


mem[X,0x8000C994] -> 0x6663
mem[X,0x8000C996] -> 0x00B5
[1279] [M]: 0x8000C994 (0x00B56663) bltu a0, a1, 12


mem[X,0x8000C998] -> 0x0213
mem[X,0x8000C99A] -> 0x0022
[1280] [M]: 0x8000C998 (0x00220213) addi tp, tp, 2
x4 <- 0x00000002


mem[X,0x8000C99C] -> 0x006F
mem[X,0x8000C99E] -> 0x00C0
[1281] [M]: 0x8000C99C (0x00C0006F) jal zero, 12


mem[X,0x8000C9A8] -> 0xA223
mem[X,0x8000C9AA] -> 0x1C40
[1282] [M]: 0x8000C9A8 (0x1C40A223) sw tp, 452(ra)
mem[0x8004C338] <- 0x00000002


mem[X,0x8000C9AC] -> 0x5537
mem[X,0x8000C9AE] -> 0x5555
[1283] [M]: 0x8000C9AC (0x55555537) lui a0, 349525
x10 <- 0x55555000


mem[X,0x8000C9B0] -> 0x0513
mem[X,0x8000C9B2] -> 0x5555
[1284] [M]: 0x8000C9B0 (0x55550513) addi a0, a0, 1365
x10 <- 0x55555555


mem[X,0x8000C9B4] -> 0xB5B7
mem[X,0x8000C9B6] -> 0xAAAA
[1285] [M]: 0x8000C9B4 (0xAAAAB5B7) lui a1, 699051
x11 <- 0xAAAAB000


mem[X,0x8000C9B8] -> 0x8593
mem[X,0x8000C9BA] -> 0xAA95
[1286] [M]: 0x8000C9B8 (0xAA958593) addi a1, a1, 2729
x11 <- 0xAAAAAAA9


mem[X,0x8000C9BC] -> 0x0213
mem[X,0x8000C9BE] -> 0x0000
[1287] [M]: 0x8000C9BC (0x00000213) addi tp, zero, 0
x4 <- 0x00000000


mem[X,0x8000C9C0] -> 0x006F
mem[X,0x8000C9C2] -> 0x0140
[1288] [M]: 0x8000C9C0 (0x0140006F) jal zero, 20


mem[X,0x8000C9D4] -> 0x68E3
mem[X,0x8000C9D6] -> 0xFEB5
[1289] [M]: 0x8000C9D4 (0xFEB568E3) bltu a0, a1, 8176


mem[X,0x8000C9C4] -> 0x0213
mem[X,0x8000C9C6] -> 0x0012
[1290] [M]: 0x8000C9C4 (0x00120213) addi tp, tp, 1
x4 <- 0x00000001


mem[X,0x8000C9C8] -> 0x006F
mem[X,0x8000C9CA] -> 0x0200
[1291] [M]: 0x8000C9C8 (0x0200006F) jal zero, 32


mem[X,0x8000C9E8] -> 0xA423
mem[X,0x8000C9EA] -> 0x1C40
[1292] [M]: 0x8000C9E8 (0x1C40A423) sw tp, 456(ra)
mem[0x8004C33C] <- 0x00000001


mem[X,0x8000C9EC] -> 0x5537
mem[X,0x8000C9EE] -> 0x5555
[1293] [M]: 0x8000C9EC (0x55555537) lui a0, 349525
x10 <- 0x55555000


mem[X,0x8000C9F0] -> 0x0513
mem[X,0x8000C9F2] -> 0x5555
[1294] [M]: 0x8000C9F0 (0x55550513) addi a0, a0, 1365
x10 <- 0x55555555


mem[X,0x8000C9F4] -> 0x0593
mem[X,0x8000C9F6] -> 0x0040
[1295] [M]: 0x8000C9F4 (0x00400593) addi a1, zero, 4
x11 <- 0x00000004


mem[X,0x8000C9F8] -> 0x0213
mem[X,0x8000C9FA] -> 0x0000
[1296] [M]: 0x8000C9F8 (0x00000213) addi tp, zero, 0
x4 <- 0x00000000


mem[X,0x8000C9FC] -> 0x006F
mem[X,0x8000C9FE] -> 0x00C0
[1297] [M]: 0x8000C9FC (0x00C0006F) jal zero, 12


mem[X,0x8000CA08] -> 0x6863
mem[X,0x8000CA0A] -> 0x00B5
[1298] [M]: 0x8000CA08 (0x00B56863) bltu a0, a1, 16


mem[X,0x8000CA0C] -> 0x0213
mem[X,0x8000CA0E] -> 0x0022
[1299] [M]: 0x8000CA0C (0x00220213) addi tp, tp, 2
x4 <- 0x00000002


clint::tick mtime <- 0x000000000000000D
 clint timer pending at mtime 0x000000000000000D
htif::tick 0x0000000000000000
mem[X,0x8000CA10] -> 0x006F
mem[X,0x8000CA12] -> 0x0100
[1300] [M]: 0x8000CA10 (0x0100006F) jal zero, 16


mem[X,0x8000CA20] -> 0xA623
mem[X,0x8000CA22] -> 0x1C40
[1301] [M]: 0x8000CA20 (0x1C40A623) sw tp, 460(ra)
mem[0x8004C340] <- 0x00000002


mem[X,0x8000CA24] -> 0x5537
mem[X,0x8000CA26] -> 0x5555
[1302] [M]: 0x8000CA24 (0x55555537) lui a0, 349525
x10 <- 0x55555000


mem[X,0x8000CA28] -> 0x0513
mem[X,0x8000CA2A] -> 0x5555
[1303] [M]: 0x8000CA28 (0x55550513) addi a0, a0, 1365
x10 <- 0x55555555


mem[X,0x8000CA2C] -> 0x35B7
mem[X,0x8000CA2E] -> 0x3333
[1304] [M]: 0x8000CA2C (0x333335B7) lui a1, 209715
x11 <- 0x33333000


mem[X,0x8000CA30] -> 0x8593
mem[X,0x8000CA32] -> 0x3325
[1305] [M]: 0x8000CA30 (0x33258593) addi a1, a1, 818
x11 <- 0x33333332


mem[X,0x8000CA34] -> 0x0213
mem[X,0x8000CA36] -> 0x0000
[1306] [M]: 0x8000CA34 (0x00000213) addi tp, zero, 0
x4 <- 0x00000000


mem[X,0x8000CA38] -> 0x006F
mem[X,0x8000CA3A] -> 0x0180
[1307] [M]: 0x8000CA38 (0x0180006F) jal zero, 24


mem[X,0x8000CA50] -> 0x66E3
mem[X,0x8000CA52] -> 0xFEB5
[1308] [M]: 0x8000CA50 (0xFEB566E3) bltu a0, a1, 8172


mem[X,0x8000CA54] -> 0x0213
mem[X,0x8000CA56] -> 0x0022
[1309] [M]: 0x8000CA54 (0x00220213) addi tp, tp, 2
x4 <- 0x00000002


mem[X,0x8000CA58] -> 0x006F
mem[X,0x8000CA5A] -> 0x00C0
[1310] [M]: 0x8000CA58 (0x00C0006F) jal zero, 12


mem[X,0x8000CA64] -> 0xA823
mem[X,0x8000CA66] -> 0x1C40
[1311] [M]: 0x8000CA64 (0x1C40A823) sw tp, 464(ra)
mem[0x8004C344] <- 0x00000002


mem[X,0x8000CA68] -> 0x5537
mem[X,0x8000CA6A] -> 0x5555
[1312] [M]: 0x8000CA68 (0x55555537) lui a0, 349525
x10 <- 0x55555000


mem[X,0x8000CA6C] -> 0x0513
mem[X,0x8000CA6E] -> 0x5555
[1313] [M]: 0x8000CA6C (0x55550513) addi a0, a0, 1365
x10 <- 0x55555555


mem[X,0x8000CA70] -> 0x65B7
mem[X,0x8000CA72] -> 0x6666
[1314] [M]: 0x8000CA70 (0x666665B7) lui a1, 419430
x11 <- 0x66666000


mem[X,0x8000CA74] -> 0x8593
mem[X,0x8000CA76] -> 0x6655
[1315] [M]: 0x8000CA74 (0x66558593) addi a1, a1, 1637
x11 <- 0x66666665


mem[X,0x8000CA78] -> 0x0213
mem[X,0x8000CA7A] -> 0x0000
[1316] [M]: 0x8000CA78 (0x00000213) addi tp, zero, 0
x4 <- 0x00000000


mem[X,0x8000CA7C] -> 0x006F
mem[X,0x8000CA7E] -> 0x00C0
[1317] [M]: 0x8000CA7C (0x00C0006F) jal zero, 12


mem[X,0x8000CA88] -> 0x6663
mem[X,0x8000CA8A] -> 0x00B5
[1318] [M]: 0x8000CA88 (0x00B56663) bltu a0, a1, 12


mem[X,0x8000CA94] -> 0x0213
mem[X,0x8000CA96] -> 0x0032
[1319] [M]: 0x8000CA94 (0x00320213) addi tp, tp, 3
x4 <- 0x00000003


mem[X,0x8000CA98] -> 0x006F
mem[X,0x8000CA9A] -> 0x0040
[1320] [M]: 0x8000CA98 (0x0040006F) jal zero, 4


mem[X,0x8000CA9C] -> 0xAA23
mem[X,0x8000CA9E] -> 0x1C40
[1321] [M]: 0x8000CA9C (0x1C40AA23) sw tp, 468(ra)
mem[0x8004C348] <- 0x00000003


mem[X,0x8000CAA0] -> 0x5537
mem[X,0x8000CAA2] -> 0x5555
[1322] [M]: 0x8000CAA0 (0x55555537) lui a0, 349525
x10 <- 0x55555000


mem[X,0x8000CAA4] -> 0x0513
mem[X,0x8000CAA6] -> 0x5555
[1323] [M]: 0x8000CAA4 (0x55550513) addi a0, a0, 1365
x10 <- 0x55555555


mem[X,0x8000CAA8] -> 0xB5B7
mem[X,0x8000CAAA] -> 0x0000
[1324] [M]: 0x8000CAA8 (0x0000B5B7) lui a1, 11
x11 <- 0x0000B000


mem[X,0x8000CAAC] -> 0x8593
mem[X,0x8000CAAE] -> 0x5035
[1325] [M]: 0x8000CAAC (0x50358593) addi a1, a1, 1283
x11 <- 0x0000B503


mem[X,0x8000CAB0] -> 0x0213
mem[X,0x8000CAB2] -> 0x0000
[1326] [M]: 0x8000CAB0 (0x00000213) addi tp, zero, 0
x4 <- 0x00000000


mem[X,0x8000CAB4] -> 0x006F
mem[X,0x8000CAB6] -> 0x00C0
[1327] [M]: 0x8000CAB4 (0x00C0006F) jal zero, 12


mem[X,0x8000CAC0] -> 0x6063
mem[X,0x8000CAC2] -> 0x10B5
[1328] [M]: 0x8000CAC0 (0x10B56063) bltu a0, a1, 256


mem[X,0x8000CAC4] -> 0x0213
mem[X,0x8000CAC6] -> 0x0022
[1329] [M]: 0x8000CAC4 (0x00220213) addi tp, tp, 2
x4 <- 0x00000002


mem[X,0x8000CAC8] -> 0x006F
mem[X,0x8000CACA] -> 0x1000
[1330] [M]: 0x8000CAC8 (0x1000006F) jal zero, 256


mem[X,0x8000CBC8] -> 0xAC23
mem[X,0x8000CBCA] -> 0x1C40
[1331] [M]: 0x8000CBC8 (0x1C40AC23) sw tp, 472(ra)
mem[0x8004C34C] <- 0x00000002


mem[X,0x8000CBCC] -> 0x5537
mem[X,0x8000CBCE] -> 0x5555
[1332] [M]: 0x8000CBCC (0x55555537) lui a0, 349525
x10 <- 0x55555000


mem[X,0x8000CBD0] -> 0x0513
mem[X,0x8000CBD2] -> 0x5555
[1333] [M]: 0x8000CBD0 (0x55550513) addi a0, a0, 1365
x10 <- 0x55555555


mem[X,0x8000CBD4] -> 0x05B7
mem[X,0x8000CBD6] -> 0x0001
[1334] [M]: 0x8000CBD4 (0x000105B7) lui a1, 16
x11 <- 0x00010000


mem[X,0x8000CBD8] -> 0x8593
mem[X,0x8000CBDA] -> 0xFFE5
[1335] [M]: 0x8000CBD8 (0xFFE58593) addi a1, a1, 4094
x11 <- 0x0000FFFE


mem[X,0x8000CBDC] -> 0x0213
mem[X,0x8000CBDE] -> 0x0000
[1336] [M]: 0x8000CBDC (0x00000213) addi tp, zero, 0
x4 <- 0x00000000


mem[X,0x8000CBE0] -> 0x006F
mem[X,0x8000CBE2] -> 0x0140
[1337] [M]: 0x8000CBE0 (0x0140006F) jal zero, 20


mem[X,0x8000CBF4] -> 0x68E3
mem[X,0x8000CBF6] -> 0xFEB5
[1338] [M]: 0x8000CBF4 (0xFEB568E3) bltu a0, a1, 8176


mem[X,0x8000CBF8] -> 0x0213
mem[X,0x8000CBFA] -> 0x0022
[1339] [M]: 0x8000CBF8 (0x00220213) addi tp, tp, 2
x4 <- 0x00000002


mem[X,0x8000CBFC] -> 0x006F
mem[X,0x8000CBFE] -> 0x00C0
[1340] [M]: 0x8000CBFC (0x00C0006F) jal zero, 12


mem[X,0x8000CC08] -> 0xAE23
mem[X,0x8000CC0A] -> 0x1C40
[1341] [M]: 0x8000CC08 (0x1C40AE23) sw tp, 476(ra)
mem[0x8004C350] <- 0x00000002


mem[X,0x8000CC0C] -> 0x5537
mem[X,0x8000CC0E] -> 0x5555
[1342] [M]: 0x8000CC0C (0x55555537) lui a0, 349525
x10 <- 0x55555000


mem[X,0x8000CC10] -> 0x0513
mem[X,0x8000CC12] -> 0x5555
[1343] [M]: 0x8000CC10 (0x55550513) addi a0, a0, 1365
x10 <- 0x55555555


mem[X,0x8000CC14] -> 0x55B7
mem[X,0x8000CC16] -> 0x5555
[1344] [M]: 0x8000CC14 (0x555555B7) lui a1, 349525
x11 <- 0x55555000


mem[X,0x8000CC18] -> 0x8593
mem[X,0x8000CC1A] -> 0x5565
[1345] [M]: 0x8000CC18 (0x55658593) addi a1, a1, 1366
x11 <- 0x55555556


mem[X,0x8000CC1C] -> 0x0213
mem[X,0x8000CC1E] -> 0x0000
[1346] [M]: 0x8000CC1C (0x00000213) addi tp, zero, 0
x4 <- 0x00000000


mem[X,0x8000CC20] -> 0x006F
mem[X,0x8000CC22] -> 0x00C0
[1347] [M]: 0x8000CC20 (0x00C0006F) jal zero, 12


mem[X,0x8000CC2C] -> 0x6663
mem[X,0x8000CC2E] -> 0x00B5
[1348] [M]: 0x8000CC2C (0x00B56663) bltu a0, a1, 12


mem[X,0x8000CC38] -> 0x0213
mem[X,0x8000CC3A] -> 0x0032
[1349] [M]: 0x8000CC38 (0x00320213) addi tp, tp, 3
x4 <- 0x00000003


mem[X,0x8000CC3C] -> 0x006F
mem[X,0x8000CC3E] -> 0x0040
[1350] [M]: 0x8000CC3C (0x0040006F) jal zero, 4


mem[X,0x8000CC40] -> 0xA023
mem[X,0x8000CC42] -> 0x1E40
[1351] [M]: 0x8000CC40 (0x1E40A023) sw tp, 480(ra)
mem[0x8004C354] <- 0x00000003


mem[X,0x8000CC44] -> 0x5537
mem[X,0x8000CC46] -> 0x5555
[1352] [M]: 0x8000CC44 (0x55555537) lui a0, 349525
x10 <- 0x55555000


mem[X,0x8000CC48] -> 0x0513
mem[X,0x8000CC4A] -> 0x5555
[1353] [M]: 0x8000CC48 (0x55550513) addi a0, a0, 1365
x10 <- 0x55555555


mem[X,0x8000CC4C] -> 0xB5B7
mem[X,0x8000CC4E] -> 0xAAAA
[1354] [M]: 0x8000CC4C (0xAAAAB5B7) lui a1, 699051
x11 <- 0xAAAAB000


mem[X,0x8000CC50] -> 0x8593
mem[X,0x8000CC52] -> 0xAAB5
[1355] [M]: 0x8000CC50 (0xAAB58593) addi a1, a1, 2731
x11 <- 0xAAAAAAAB


mem[X,0x8000CC54] -> 0x0213
mem[X,0x8000CC56] -> 0x0000
[1356] [M]: 0x8000CC54 (0x00000213) addi tp, zero, 0
x4 <- 0x00000000


mem[X,0x8000CC58] -> 0x006F
mem[X,0x8000CC5A] -> 0x0100
[1357] [M]: 0x8000CC58 (0x0100006F) jal zero, 16


mem[X,0x8000CC68] -> 0x6AE3
mem[X,0x8000CC6A] -> 0xFEB5
[1358] [M]: 0x8000CC68 (0xFEB56AE3) bltu a0, a1, 8180


mem[X,0x8000CC5C] -> 0x0213
mem[X,0x8000CC5E] -> 0x0012
[1359] [M]: 0x8000CC5C (0x00120213) addi tp, tp, 1
x4 <- 0x00000001


mem[X,0x8000CC60] -> 0x006F
mem[X,0x8000CC62] -> 0x01C0
[1360] [M]: 0x8000CC60 (0x01C0006F) jal zero, 28


mem[X,0x8000CC7C] -> 0xA223
mem[X,0x8000CC7E] -> 0x1E40
[1361] [M]: 0x8000CC7C (0x1E40A223) sw tp, 484(ra)
mem[0x8004C358] <- 0x00000001


mem[X,0x8000CC80] -> 0x5537
mem[X,0x8000CC82] -> 0x5555
[1362] [M]: 0x8000CC80 (0x55555537) lui a0, 349525
x10 <- 0x55555000


mem[X,0x8000CC84] -> 0x0513
mem[X,0x8000CC86] -> 0x5555
[1363] [M]: 0x8000CC84 (0x55550513) addi a0, a0, 1365
x10 <- 0x55555555


mem[X,0x8000CC88] -> 0x0593
mem[X,0x8000CC8A] -> 0x0060
[1364] [M]: 0x8000CC88 (0x00600593) addi a1, zero, 6
x11 <- 0x00000006


mem[X,0x8000CC8C] -> 0x0213
mem[X,0x8000CC8E] -> 0x0000
[1365] [M]: 0x8000CC8C (0x00000213) addi tp, zero, 0
x4 <- 0x00000000


mem[X,0x8000CC90] -> 0x006F
mem[X,0x8000CC92] -> 0x0180
[1366] [M]: 0x8000CC90 (0x0180006F) jal zero, 24


mem[X,0x8000CCA8] -> 0x66E3
mem[X,0x8000CCAA] -> 0xFEB5
[1367] [M]: 0x8000CCA8 (0xFEB566E3) bltu a0, a1, 8172


mem[X,0x8000CCAC] -> 0x0213
mem[X,0x8000CCAE] -> 0x0022
[1368] [M]: 0x8000CCAC (0x00220213) addi tp, tp, 2
x4 <- 0x00000002


mem[X,0x8000CCB0] -> 0x006F
mem[X,0x8000CCB2] -> 0x00C0
[1369] [M]: 0x8000CCB0 (0x00C0006F) jal zero, 12


mem[X,0x8000CCBC] -> 0xA423
mem[X,0x8000CCBE] -> 0x1E40
[1370] [M]: 0x8000CCBC (0x1E40A423) sw tp, 488(ra)
mem[0x8004C35C] <- 0x00000002


mem[X,0x8000CCC0] -> 0x5537
mem[X,0x8000CCC2] -> 0x5555
[1371] [M]: 0x8000CCC0 (0x55555537) lui a0, 349525
x10 <- 0x55555000


mem[X,0x8000CCC4] -> 0x0513
mem[X,0x8000CCC6] -> 0x5555
[1372] [M]: 0x8000CCC4 (0x55550513) addi a0, a0, 1365
x10 <- 0x55555555


mem[X,0x8000CCC8] -> 0x35B7
mem[X,0x8000CCCA] -> 0x3333
[1373] [M]: 0x8000CCC8 (0x333335B7) lui a1, 209715
x11 <- 0x33333000


mem[X,0x8000CCCC] -> 0x8593
mem[X,0x8000CCCE] -> 0x3345
[1374] [M]: 0x8000CCCC (0x33458593) addi a1, a1, 820
x11 <- 0x33333334


mem[X,0x8000CCD0] -> 0x0213
mem[X,0x8000CCD2] -> 0x0000
[1375] [M]: 0x8000CCD0 (0x00000213) addi tp, zero, 0
x4 <- 0x00000000


mem[X,0x8000CCD4] -> 0x006F
mem[X,0x8000CCD6] -> 0x00C0
[1376] [M]: 0x8000CCD4 (0x00C0006F) jal zero, 12


mem[X,0x8000CCE0] -> 0x6063
mem[X,0x8000CCE2] -> 0x02B5
[1377] [M]: 0x8000CCE0 (0x02B56063) bltu a0, a1, 32


mem[X,0x8000CCE4] -> 0x0213
mem[X,0x8000CCE6] -> 0x0022
[1378] [M]: 0x8000CCE4 (0x00220213) addi tp, tp, 2
x4 <- 0x00000002


mem[X,0x8000CCE8] -> 0x006F
mem[X,0x8000CCEA] -> 0x0200
[1379] [M]: 0x8000CCE8 (0x0200006F) jal zero, 32


mem[X,0x8000CD08] -> 0xA623
mem[X,0x8000CD0A] -> 0x1E40
[1380] [M]: 0x8000CD08 (0x1E40A623) sw tp, 492(ra)
mem[0x8004C360] <- 0x00000002


mem[X,0x8000CD0C] -> 0x5537
mem[X,0x8000CD0E] -> 0x5555
[1381] [M]: 0x8000CD0C (0x55555537) lui a0, 349525
x10 <- 0x55555000


mem[X,0x8000CD10] -> 0x0513
mem[X,0x8000CD12] -> 0x5555
[1382] [M]: 0x8000CD10 (0x55550513) addi a0, a0, 1365
x10 <- 0x55555555


mem[X,0x8000CD14] -> 0x65B7
mem[X,0x8000CD16] -> 0x6666
[1383] [M]: 0x8000CD14 (0x666665B7) lui a1, 419430
x11 <- 0x66666000


mem[X,0x8000CD18] -> 0x8593
mem[X,0x8000CD1A] -> 0x6675
[1384] [M]: 0x8000CD18 (0x66758593) addi a1, a1, 1639
x11 <- 0x66666667


mem[X,0x8000CD1C] -> 0x0213
mem[X,0x8000CD1E] -> 0x0000
[1385] [M]: 0x8000CD1C (0x00000213) addi tp, zero, 0
x4 <- 0x00000000


mem[X,0x8000CD20] -> 0x006F
mem[X,0x8000CD22] -> 0x0050
[1386] [M]: 0x8000CD20 (0x0050006F) jal zero, 2052


mem[X,0x8000D524] -> 0x60E3
mem[X,0x8000D526] -> 0x80B5
[1387] [M]: 0x8000D524 (0x80B560E3) bltu a0, a1, 6144


mem[X,0x8000CD24] -> 0x0213
mem[X,0x8000CD26] -> 0x0012
[1388] [M]: 0x8000CD24 (0x00120213) addi tp, tp, 1
x4 <- 0x00000001


mem[X,0x8000CD28] -> 0x006F
mem[X,0x8000CD2A] -> 0x0110
[1389] [M]: 0x8000CD28 (0x0110006F) jal zero, 2064


mem[X,0x8000D538] -> 0xA823
mem[X,0x8000D53A] -> 0x1E40
[1390] [M]: 0x8000D538 (0x1E40A823) sw tp, 496(ra)
mem[0x8004C364] <- 0x00000001


mem[X,0x8000D53C] -> 0x5537
mem[X,0x8000D53E] -> 0x5555
[1391] [M]: 0x8000D53C (0x55555537) lui a0, 349525
x10 <- 0x55555000


mem[X,0x8000D540] -> 0x0513
mem[X,0x8000D542] -> 0x5555
[1392] [M]: 0x8000D540 (0x55550513) addi a0, a0, 1365
x10 <- 0x55555555


mem[X,0x8000D544] -> 0xB5B7
mem[X,0x8000D546] -> 0x0000
[1393] [M]: 0x8000D544 (0x0000B5B7) lui a1, 11
x11 <- 0x0000B000


mem[X,0x8000D548] -> 0x8593
mem[X,0x8000D54A] -> 0x5055
[1394] [M]: 0x8000D548 (0x50558593) addi a1, a1, 1285
x11 <- 0x0000B505


mem[X,0x8000D54C] -> 0x0213
mem[X,0x8000D54E] -> 0x0000
[1395] [M]: 0x8000D54C (0x00000213) addi tp, zero, 0
x4 <- 0x00000000


mem[X,0x8000D550] -> 0x006F
mem[X,0x8000D552] -> 0x00C0
[1396] [M]: 0x8000D550 (0x00C0006F) jal zero, 12


mem[X,0x8000D55C] -> 0x6CE3
mem[X,0x8000D55E] -> 0xFEB5
[1397] [M]: 0x8000D55C (0xFEB56CE3) bltu a0, a1, 8184


mem[X,0x8000D560] -> 0x0213
mem[X,0x8000D562] -> 0x0022
[1398] [M]: 0x8000D560 (0x00220213) addi tp, tp, 2
x4 <- 0x00000002


mem[X,0x8000D564] -> 0x006F
mem[X,0x8000D566] -> 0x00C0
[1399] [M]: 0x8000D564 (0x00C0006F) jal zero, 12


clint::tick mtime <- 0x000000000000000E
 clint timer pending at mtime 0x000000000000000E
htif::tick 0x0000000000000000
mem[X,0x8000D570] -> 0xAA23
mem[X,0x8000D572] -> 0x1E40
[1400] [M]: 0x8000D570 (0x1E40AA23) sw tp, 500(ra)
mem[0x8004C368] <- 0x00000002


mem[X,0x8000D574] -> 0x5537
mem[X,0x8000D576] -> 0x5555
[1401] [M]: 0x8000D574 (0x55555537) lui a0, 349525
x10 <- 0x55555000


mem[X,0x8000D578] -> 0x0513
mem[X,0x8000D57A] -> 0x5555
[1402] [M]: 0x8000D578 (0x55550513) addi a0, a0, 1365
x10 <- 0x55555555


mem[X,0x8000D57C] -> 0x0593
mem[X,0x8000D57E] -> 0x0010
[1403] [M]: 0x8000D57C (0x00100593) addi a1, zero, 1
x11 <- 0x00000001


mem[X,0x8000D580] -> 0x0213
mem[X,0x8000D582] -> 0x0000
[1404] [M]: 0x8000D580 (0x00000213) addi tp, zero, 0
x4 <- 0x00000000


mem[X,0x8000D584] -> 0x006F
mem[X,0x8000D586] -> 0x00C0
[1405] [M]: 0x8000D584 (0x00C0006F) jal zero, 12


mem[X,0x8000D590] -> 0x6663
mem[X,0x8000D592] -> 0x00B5
[1406] [M]: 0x8000D590 (0x00B56663) bltu a0, a1, 12


mem[X,0x8000D594] -> 0x0213
mem[X,0x8000D596] -> 0x0022
[1407] [M]: 0x8000D594 (0x00220213) addi tp, tp, 2
x4 <- 0x00000002


mem[X,0x8000D598] -> 0x006F
mem[X,0x8000D59A] -> 0x00C0
[1408] [M]: 0x8000D598 (0x00C0006F) jal zero, 12


mem[X,0x8000D5A4] -> 0xAC23
mem[X,0x8000D5A6] -> 0x1E40
[1409] [M]: 0x8000D5A4 (0x1E40AC23) sw tp, 504(ra)
mem[0x8004C36C] <- 0x00000002


mem[X,0x8000D5A8] -> 0x5537
mem[X,0x8000D5AA] -> 0x5555
[1410] [M]: 0x8000D5A8 (0x55555537) lui a0, 349525
x10 <- 0x55555000


mem[X,0x8000D5AC] -> 0x0513
mem[X,0x8000D5AE] -> 0x5555
[1411] [M]: 0x8000D5AC (0x55550513) addi a0, a0, 1365
x10 <- 0x55555555


mem[X,0x8000D5B0] -> 0x05B7
mem[X,0x8000D5B2] -> 0x0001
[1412] [M]: 0x8000D5B0 (0x000105B7) lui a1, 16
x11 <- 0x00010000


mem[X,0x8000D5B4] -> 0x0213
mem[X,0x8000D5B6] -> 0x0000
[1413] [M]: 0x8000D5B4 (0x00000213) addi tp, zero, 0
x4 <- 0x00000000


mem[X,0x8000D5B8] -> 0x006F
mem[X,0x8000D5BA] -> 0x00C0
[1414] [M]: 0x8000D5B8 (0x00C0006F) jal zero, 12


mem[X,0x8000D5C4] -> 0x6063
mem[X,0x8000D5C6] -> 0x08B5
[1415] [M]: 0x8000D5C4 (0x08B56063) bltu a0, a1, 128


mem[X,0x8000D5C8] -> 0x0213
mem[X,0x8000D5CA] -> 0x0022
[1416] [M]: 0x8000D5C8 (0x00220213) addi tp, tp, 2
x4 <- 0x00000002


mem[X,0x8000D5CC] -> 0x006F
mem[X,0x8000D5CE] -> 0x0800
[1417] [M]: 0x8000D5CC (0x0800006F) jal zero, 128


mem[X,0x8000D64C] -> 0xAE23
mem[X,0x8000D64E] -> 0x1E40
[1418] [M]: 0x8000D64C (0x1E40AE23) sw tp, 508(ra)
mem[0x8004C370] <- 0x00000002


mem[X,0x8000D650] -> 0xB537
mem[X,0x8000D652] -> 0xAAAA
[1419] [M]: 0x8000D650 (0xAAAAB537) lui a0, 699051
x10 <- 0xAAAAB000


mem[X,0x8000D654] -> 0x0513
mem[X,0x8000D656] -> 0xAAA5
[1420] [M]: 0x8000D654 (0xAAA50513) addi a0, a0, 2730
x10 <- 0xAAAAAAAA


mem[X,0x8000D658] -> 0x0593
mem[X,0x8000D65A] -> 0x0030
[1421] [M]: 0x8000D658 (0x00300593) addi a1, zero, 3
x11 <- 0x00000003


mem[X,0x8000D65C] -> 0x0213
mem[X,0x8000D65E] -> 0x0000
[1422] [M]: 0x8000D65C (0x00000213) addi tp, zero, 0
x4 <- 0x00000000


mem[X,0x8000D660] -> 0x006F
mem[X,0x8000D662] -> 0x00C0
[1423] [M]: 0x8000D660 (0x00C0006F) jal zero, 12


mem[X,0x8000D66C] -> 0x6663
mem[X,0x8000D66E] -> 0x00B5
[1424] [M]: 0x8000D66C (0x00B56663) bltu a0, a1, 12


mem[X,0x8000D670] -> 0x0213
mem[X,0x8000D672] -> 0x0022
[1425] [M]: 0x8000D670 (0x00220213) addi tp, tp, 2
x4 <- 0x00000002


mem[X,0x8000D674] -> 0x006F
mem[X,0x8000D676] -> 0x00C0
[1426] [M]: 0x8000D674 (0x00C0006F) jal zero, 12


mem[X,0x8000D680] -> 0xA023
mem[X,0x8000D682] -> 0x2040
[1427] [M]: 0x8000D680 (0x2040A023) sw tp, 512(ra)
mem[0x8004C374] <- 0x00000002


mem[X,0x8000D684] -> 0xB537
mem[X,0x8000D686] -> 0xAAAA
[1428] [M]: 0x8000D684 (0xAAAAB537) lui a0, 699051
x10 <- 0xAAAAB000


mem[X,0x8000D688] -> 0x0513
mem[X,0x8000D68A] -> 0xAAA5
[1429] [M]: 0x8000D688 (0xAAA50513) addi a0, a0, 2730
x10 <- 0xAAAAAAAA


mem[X,0x8000D68C] -> 0x55B7
mem[X,0x8000D68E] -> 0x5555
[1430] [M]: 0x8000D68C (0x555555B7) lui a1, 349525
x11 <- 0x55555000


mem[X,0x8000D690] -> 0x8593
mem[X,0x8000D692] -> 0x5555
[1431] [M]: 0x8000D690 (0x55558593) addi a1, a1, 1365
x11 <- 0x55555555


mem[X,0x8000D694] -> 0x0213
mem[X,0x8000D696] -> 0x0000
[1432] [M]: 0x8000D694 (0x00000213) addi tp, zero, 0
x4 <- 0x00000000


mem[X,0x8000D698] -> 0x006F
mem[X,0x8000D69A] -> 0x00C0
[1433] [M]: 0x8000D698 (0x00C0006F) jal zero, 12


mem[X,0x8000D6A4] -> 0x6063
mem[X,0x8000D6A6] -> 0x02B5
[1434] [M]: 0x8000D6A4 (0x02B56063) bltu a0, a1, 32


mem[X,0x8000D6A8] -> 0x0213
mem[X,0x8000D6AA] -> 0x0022
[1435] [M]: 0x8000D6A8 (0x00220213) addi tp, tp, 2
x4 <- 0x00000002


mem[X,0x8000D6AC] -> 0x006F
mem[X,0x8000D6AE] -> 0x0200
[1436] [M]: 0x8000D6AC (0x0200006F) jal zero, 32


mem[X,0x8000D6CC] -> 0xA223
mem[X,0x8000D6CE] -> 0x2040
[1437] [M]: 0x8000D6CC (0x2040A223) sw tp, 516(ra)
mem[0x8004C378] <- 0x00000002


mem[X,0x8000D6D0] -> 0xB537
mem[X,0x8000D6D2] -> 0xAAAA
[1438] [M]: 0x8000D6D0 (0xAAAAB537) lui a0, 699051
x10 <- 0xAAAAB000


mem[X,0x8000D6D4] -> 0x0513
mem[X,0x8000D6D6] -> 0xAAA5
[1439] [M]: 0x8000D6D4 (0xAAA50513) addi a0, a0, 2730
x10 <- 0xAAAAAAAA


mem[X,0x8000D6D8] -> 0xB5B7
mem[X,0x8000D6DA] -> 0xAAAA
[1440] [M]: 0x8000D6D8 (0xAAAAB5B7) lui a1, 699051
x11 <- 0xAAAAB000


mem[X,0x8000D6DC] -> 0x8593
mem[X,0x8000D6DE] -> 0xAAA5
[1441] [M]: 0x8000D6DC (0xAAA58593) addi a1, a1, 2730
x11 <- 0xAAAAAAAA


mem[X,0x8000D6E0] -> 0x0213
mem[X,0x8000D6E2] -> 0x0000
[1442] [M]: 0x8000D6E0 (0x00000213) addi tp, zero, 0
x4 <- 0x00000000


mem[X,0x8000D6E4] -> 0x006F
mem[X,0x8000D6E6] -> 0x0180
[1443] [M]: 0x8000D6E4 (0x0180006F) jal zero, 24


mem[X,0x8000D6FC] -> 0x66E3
mem[X,0x8000D6FE] -> 0xFEB5
[1444] [M]: 0x8000D6FC (0xFEB566E3) bltu a0, a1, 8172


mem[X,0x8000D700] -> 0x0213
mem[X,0x8000D702] -> 0x0022
[1445] [M]: 0x8000D700 (0x00220213) addi tp, tp, 2
x4 <- 0x00000002


mem[X,0x8000D704] -> 0x006F
mem[X,0x8000D706] -> 0x00C0
[1446] [M]: 0x8000D704 (0x00C0006F) jal zero, 12


mem[X,0x8000D710] -> 0xA423
mem[X,0x8000D712] -> 0x2040
[1447] [M]: 0x8000D710 (0x2040A423) sw tp, 520(ra)
mem[0x8004C37C] <- 0x00000002


mem[X,0x8000D714] -> 0xB537
mem[X,0x8000D716] -> 0xAAAA
[1448] [M]: 0x8000D714 (0xAAAAB537) lui a0, 699051
x10 <- 0xAAAAB000


mem[X,0x8000D718] -> 0x0513
mem[X,0x8000D71A] -> 0xAAA5
[1449] [M]: 0x8000D718 (0xAAA50513) addi a0, a0, 2730
x10 <- 0xAAAAAAAA


mem[X,0x8000D71C] -> 0x0593
mem[X,0x8000D71E] -> 0x0050
[1450] [M]: 0x8000D71C (0x00500593) addi a1, zero, 5
x11 <- 0x00000005


mem[X,0x8000D720] -> 0x0213
mem[X,0x8000D722] -> 0x0000
[1451] [M]: 0x8000D720 (0x00000213) addi tp, zero, 0
x4 <- 0x00000000


mem[X,0x8000D724] -> 0x006F
mem[X,0x8000D726] -> 0x0050
[1452] [M]: 0x8000D724 (0x0050006F) jal zero, 2052


mem[X,0x8000DF28] -> 0x60E3
mem[X,0x8000DF2A] -> 0x80B5
[1453] [M]: 0x8000DF28 (0x80B560E3) bltu a0, a1, 6144


mem[X,0x8000DF2C] -> 0x0213
mem[X,0x8000DF2E] -> 0x0022
[1454] [M]: 0x8000DF2C (0x00220213) addi tp, tp, 2
x4 <- 0x00000002


mem[X,0x8000DF30] -> 0x006F
mem[X,0x8000DF32] -> 0x00C0
[1455] [M]: 0x8000DF30 (0x00C0006F) jal zero, 12


mem[X,0x8000DF3C] -> 0xA623
mem[X,0x8000DF3E] -> 0x2040
[1456] [M]: 0x8000DF3C (0x2040A623) sw tp, 524(ra)
mem[0x8004C380] <- 0x00000002


mem[X,0x8000DF40] -> 0xB537
mem[X,0x8000DF42] -> 0xAAAA
[1457] [M]: 0x8000DF40 (0xAAAAB537) lui a0, 699051
x10 <- 0xAAAAB000


mem[X,0x8000DF44] -> 0x0513
mem[X,0x8000DF46] -> 0xAAA5
[1458] [M]: 0x8000DF44 (0xAAA50513) addi a0, a0, 2730
x10 <- 0xAAAAAAAA


mem[X,0x8000DF48] -> 0x35B7
mem[X,0x8000DF4A] -> 0x3333
[1459] [M]: 0x8000DF48 (0x333335B7) lui a1, 209715
x11 <- 0x33333000


mem[X,0x8000DF4C] -> 0x8593
mem[X,0x8000DF4E] -> 0x3335
[1460] [M]: 0x8000DF4C (0x33358593) addi a1, a1, 819
x11 <- 0x33333333


mem[X,0x8000DF50] -> 0x0213
mem[X,0x8000DF52] -> 0x0000
[1461] [M]: 0x8000DF50 (0x00000213) addi tp, zero, 0
x4 <- 0x00000000


mem[X,0x8000DF54] -> 0x006F
mem[X,0x8000DF56] -> 0x00C0
[1462] [M]: 0x8000DF54 (0x00C0006F) jal zero, 12


mem[X,0x8000DF60] -> 0x6063
mem[X,0x8000DF62] -> 0x04B5
[1463] [M]: 0x8000DF60 (0x04B56063) bltu a0, a1, 64


mem[X,0x8000DF64] -> 0x0213
mem[X,0x8000DF66] -> 0x0022
[1464] [M]: 0x8000DF64 (0x00220213) addi tp, tp, 2
x4 <- 0x00000002


mem[X,0x8000DF68] -> 0x006F
mem[X,0x8000DF6A] -> 0x0400
[1465] [M]: 0x8000DF68 (0x0400006F) jal zero, 64


mem[X,0x8000DFA8] -> 0xA823
mem[X,0x8000DFAA] -> 0x2040
[1466] [M]: 0x8000DFA8 (0x2040A823) sw tp, 528(ra)
mem[0x8004C384] <- 0x00000002


mem[X,0x8000DFAC] -> 0xB537
mem[X,0x8000DFAE] -> 0xAAAA
[1467] [M]: 0x8000DFAC (0xAAAAB537) lui a0, 699051
x10 <- 0xAAAAB000


mem[X,0x8000DFB0] -> 0x0513
mem[X,0x8000DFB2] -> 0xAAA5
[1468] [M]: 0x8000DFB0 (0xAAA50513) addi a0, a0, 2730
x10 <- 0xAAAAAAAA


mem[X,0x8000DFB4] -> 0x65B7
mem[X,0x8000DFB6] -> 0x6666
[1469] [M]: 0x8000DFB4 (0x666665B7) lui a1, 419430
x11 <- 0x66666000


mem[X,0x8000DFB8] -> 0x8593
mem[X,0x8000DFBA] -> 0x6665
[1470] [M]: 0x8000DFB8 (0x66658593) addi a1, a1, 1638
x11 <- 0x66666666


mem[X,0x8000DFBC] -> 0x0213
mem[X,0x8000DFBE] -> 0x0000
[1471] [M]: 0x8000DFBC (0x00000213) addi tp, zero, 0
x4 <- 0x00000000


mem[X,0x8000DFC0] -> 0x006F
mem[X,0x8000DFC2] -> 0x00C0
[1472] [M]: 0x8000DFC0 (0x00C0006F) jal zero, 12


mem[X,0x8000DFCC] -> 0x6663
mem[X,0x8000DFCE] -> 0x00B5
[1473] [M]: 0x8000DFCC (0x00B56663) bltu a0, a1, 12


mem[X,0x8000DFD0] -> 0x0213
mem[X,0x8000DFD2] -> 0x0022
[1474] [M]: 0x8000DFD0 (0x00220213) addi tp, tp, 2
x4 <- 0x00000002


mem[X,0x8000DFD4] -> 0x006F
mem[X,0x8000DFD6] -> 0x00C0
[1475] [M]: 0x8000DFD4 (0x00C0006F) jal zero, 12


mem[X,0x8000DFE0] -> 0xAA23
mem[X,0x8000DFE2] -> 0x2040
[1476] [M]: 0x8000DFE0 (0x2040AA23) sw tp, 532(ra)
mem[0x8004C388] <- 0x00000002


mem[X,0x8000DFE4] -> 0xB537
mem[X,0x8000DFE6] -> 0xAAAA
[1477] [M]: 0x8000DFE4 (0xAAAAB537) lui a0, 699051
x10 <- 0xAAAAB000


mem[X,0x8000DFE8] -> 0x0513
mem[X,0x8000DFEA] -> 0xAAA5
[1478] [M]: 0x8000DFE8 (0xAAA50513) addi a0, a0, 2730
x10 <- 0xAAAAAAAA


mem[X,0x8000DFEC] -> 0xB5B7
mem[X,0x8000DFEE] -> 0x0000
[1479] [M]: 0x8000DFEC (0x0000B5B7) lui a1, 11
x11 <- 0x0000B000


mem[X,0x8000DFF0] -> 0x8593
mem[X,0x8000DFF2] -> 0x5045
[1480] [M]: 0x8000DFF0 (0x50458593) addi a1, a1, 1284
x11 <- 0x0000B504


mem[X,0x8000DFF4] -> 0x0213
mem[X,0x8000DFF6] -> 0x0000
[1481] [M]: 0x8000DFF4 (0x00000213) addi tp, zero, 0
x4 <- 0x00000000


mem[X,0x8000DFF8] -> 0x006F
mem[X,0x8000DFFA] -> 0x00C0
[1482] [M]: 0x8000DFF8 (0x00C0006F) jal zero, 12


mem[X,0x8000E004] -> 0x6063
mem[X,0x8000E006] -> 0x08B5
[1483] [M]: 0x8000E004 (0x08B56063) bltu a0, a1, 128


mem[X,0x8000E008] -> 0x0213
mem[X,0x8000E00A] -> 0x0022
[1484] [M]: 0x8000E008 (0x00220213) addi tp, tp, 2
x4 <- 0x00000002


mem[X,0x8000E00C] -> 0x006F
mem[X,0x8000E00E] -> 0x0800
[1485] [M]: 0x8000E00C (0x0800006F) jal zero, 128


mem[X,0x8000E08C] -> 0xAC23
mem[X,0x8000E08E] -> 0x2040
[1486] [M]: 0x8000E08C (0x2040AC23) sw tp, 536(ra)
mem[0x8004C38C] <- 0x00000002


mem[X,0x8000E090] -> 0xB537
mem[X,0x8000E092] -> 0xAAAA
[1487] [M]: 0x8000E090 (0xAAAAB537) lui a0, 699051
x10 <- 0xAAAAB000


mem[X,0x8000E094] -> 0x0513
mem[X,0x8000E096] -> 0xAAA5
[1488] [M]: 0x8000E094 (0xAAA50513) addi a0, a0, 2730
x10 <- 0xAAAAAAAA


mem[X,0x8000E098] -> 0x0593
mem[X,0x8000E09A] -> 0x0000
[1489] [M]: 0x8000E098 (0x00000593) addi a1, zero, 0
x11 <- 0x00000000


mem[X,0x8000E09C] -> 0x0213
mem[X,0x8000E09E] -> 0x0000
[1490] [M]: 0x8000E09C (0x00000213) addi tp, zero, 0
x4 <- 0x00000000


mem[X,0x8000E0A0] -> 0x006F
mem[X,0x8000E0A2] -> 0x00C0
[1491] [M]: 0x8000E0A0 (0x00C0006F) jal zero, 12


mem[X,0x8000E0AC] -> 0x6863
mem[X,0x8000E0AE] -> 0x00B5
[1492] [M]: 0x8000E0AC (0x00B56863) bltu a0, a1, 16


mem[X,0x8000E0B0] -> 0x0213
mem[X,0x8000E0B2] -> 0x0022
[1493] [M]: 0x8000E0B0 (0x00220213) addi tp, tp, 2
x4 <- 0x00000002


mem[X,0x8000E0B4] -> 0x006F
mem[X,0x8000E0B6] -> 0x0100
[1494] [M]: 0x8000E0B4 (0x0100006F) jal zero, 16


mem[X,0x8000E0C4] -> 0xAE23
mem[X,0x8000E0C6] -> 0x2040
[1495] [M]: 0x8000E0C4 (0x2040AE23) sw tp, 540(ra)
mem[0x8004C390] <- 0x00000002


mem[X,0x8000E0C8] -> 0xB537
mem[X,0x8000E0CA] -> 0xAAAA
[1496] [M]: 0x8000E0C8 (0xAAAAB537) lui a0, 699051
x10 <- 0xAAAAB000


mem[X,0x8000E0CC] -> 0x0513
mem[X,0x8000E0CE] -> 0xAAA5
[1497] [M]: 0x8000E0CC (0xAAA50513) addi a0, a0, 2730
x10 <- 0xAAAAAAAA


mem[X,0x8000E0D0] -> 0x05B7
mem[X,0x8000E0D2] -> 0x0001
[1498] [M]: 0x8000E0D0 (0x000105B7) lui a1, 16
x11 <- 0x00010000


mem[X,0x8000E0D4] -> 0x8593
mem[X,0x8000E0D6] -> 0xFFF5
[1499] [M]: 0x8000E0D4 (0xFFF58593) addi a1, a1, 4095
x11 <- 0x0000FFFF


clint::tick mtime <- 0x000000000000000F
 clint timer pending at mtime 0x000000000000000F
htif::tick 0x0000000000000000
mem[X,0x8000E0D8] -> 0x0213
mem[X,0x8000E0DA] -> 0x0000
[1500] [M]: 0x8000E0D8 (0x00000213) addi tp, zero, 0
x4 <- 0x00000000


mem[X,0x8000E0DC] -> 0x006F
mem[X,0x8000E0DE] -> 0x00C0
[1501] [M]: 0x8000E0DC (0x00C0006F) jal zero, 12


mem[X,0x8000E0E8] -> 0x6063
mem[X,0x8000E0EA] -> 0x08B5
[1502] [M]: 0x8000E0E8 (0x08B56063) bltu a0, a1, 128


mem[X,0x8000E0EC] -> 0x0213
mem[X,0x8000E0EE] -> 0x0022
[1503] [M]: 0x8000E0EC (0x00220213) addi tp, tp, 2
x4 <- 0x00000002


mem[X,0x8000E0F0] -> 0x006F
mem[X,0x8000E0F2] -> 0x0800
[1504] [M]: 0x8000E0F0 (0x0800006F) jal zero, 128


mem[X,0x8000E170] -> 0xA023
mem[X,0x8000E172] -> 0x2240
[1505] [M]: 0x8000E170 (0x2240A023) sw tp, 544(ra)
mem[0x8004C394] <- 0x00000002


mem[X,0x8000E174] -> 0xB537
mem[X,0x8000E176] -> 0xAAAA
[1506] [M]: 0x8000E174 (0xAAAAB537) lui a0, 699051
x10 <- 0xAAAAB000


mem[X,0x8000E178] -> 0x0513
mem[X,0x8000E17A] -> 0xAAA5
[1507] [M]: 0x8000E178 (0xAAA50513) addi a0, a0, 2730
x10 <- 0xAAAAAAAA


mem[X,0x8000E17C] -> 0x0593
mem[X,0x8000E17E] -> 0x0020
[1508] [M]: 0x8000E17C (0x00200593) addi a1, zero, 2
x11 <- 0x00000002


mem[X,0x8000E180] -> 0x0213
mem[X,0x8000E182] -> 0x0000
[1509] [M]: 0x8000E180 (0x00000213) addi tp, zero, 0
x4 <- 0x00000000


mem[X,0x8000E184] -> 0x006F
mem[X,0x8000E186] -> 0x00C0
[1510] [M]: 0x8000E184 (0x00C0006F) jal zero, 12


mem[X,0x8000E190] -> 0x6CE3
mem[X,0x8000E192] -> 0xFEB5
[1511] [M]: 0x8000E190 (0xFEB56CE3) bltu a0, a1, 8184


mem[X,0x8000E194] -> 0x0213
mem[X,0x8000E196] -> 0x0022
[1512] [M]: 0x8000E194 (0x00220213) addi tp, tp, 2
x4 <- 0x00000002


mem[X,0x8000E198] -> 0x006F
mem[X,0x8000E19A] -> 0x00C0
[1513] [M]: 0x8000E198 (0x00C0006F) jal zero, 12


mem[X,0x8000E1A4] -> 0xA223
mem[X,0x8000E1A6] -> 0x2240
[1514] [M]: 0x8000E1A4 (0x2240A223) sw tp, 548(ra)
mem[0x8004C398] <- 0x00000002


mem[X,0x8000E1A8] -> 0xB537
mem[X,0x8000E1AA] -> 0xAAAA
[1515] [M]: 0x8000E1A8 (0xAAAAB537) lui a0, 699051
x10 <- 0xAAAAB000


mem[X,0x8000E1AC] -> 0x0513
mem[X,0x8000E1AE] -> 0xAAA5
[1516] [M]: 0x8000E1AC (0xAAA50513) addi a0, a0, 2730
x10 <- 0xAAAAAAAA


mem[X,0x8000E1B0] -> 0x55B7
mem[X,0x8000E1B2] -> 0x5555
[1517] [M]: 0x8000E1B0 (0x555555B7) lui a1, 349525
x11 <- 0x55555000


mem[X,0x8000E1B4] -> 0x8593
mem[X,0x8000E1B6] -> 0x5545
[1518] [M]: 0x8000E1B4 (0x55458593) addi a1, a1, 1364
x11 <- 0x55555554


mem[X,0x8000E1B8] -> 0x0213
mem[X,0x8000E1BA] -> 0x0000
[1519] [M]: 0x8000E1B8 (0x00000213) addi tp, zero, 0
x4 <- 0x00000000


mem[X,0x8000E1BC] -> 0x006F
mem[X,0x8000E1BE] -> 0x00C0
[1520] [M]: 0x8000E1BC (0x00C0006F) jal zero, 12


mem[X,0x8000E1C8] -> 0x6CE3
mem[X,0x8000E1CA] -> 0xFEB5
[1521] [M]: 0x8000E1C8 (0xFEB56CE3) bltu a0, a1, 8184


mem[X,0x8000E1CC] -> 0x0213
mem[X,0x8000E1CE] -> 0x0022
[1522] [M]: 0x8000E1CC (0x00220213) addi tp, tp, 2
x4 <- 0x00000002


mem[X,0x8000E1D0] -> 0x006F
mem[X,0x8000E1D2] -> 0x00C0
[1523] [M]: 0x8000E1D0 (0x00C0006F) jal zero, 12


mem[X,0x8000E1DC] -> 0xA423
mem[X,0x8000E1DE] -> 0x2240
[1524] [M]: 0x8000E1DC (0x2240A423) sw tp, 552(ra)
mem[0x8004C39C] <- 0x00000002


mem[X,0x8000E1E0] -> 0xB537
mem[X,0x8000E1E2] -> 0xAAAA
[1525] [M]: 0x8000E1E0 (0xAAAAB537) lui a0, 699051
x10 <- 0xAAAAB000


mem[X,0x8000E1E4] -> 0x0513
mem[X,0x8000E1E6] -> 0xAAA5
[1526] [M]: 0x8000E1E4 (0xAAA50513) addi a0, a0, 2730
x10 <- 0xAAAAAAAA


mem[X,0x8000E1E8] -> 0xB5B7
mem[X,0x8000E1EA] -> 0xAAAA
[1527] [M]: 0x8000E1E8 (0xAAAAB5B7) lui a1, 699051
x11 <- 0xAAAAB000


mem[X,0x8000E1EC] -> 0x8593
mem[X,0x8000E1EE] -> 0xAA95
[1528] [M]: 0x8000E1EC (0xAA958593) addi a1, a1, 2729
x11 <- 0xAAAAAAA9


mem[X,0x8000E1F0] -> 0x0213
mem[X,0x8000E1F2] -> 0x0000
[1529] [M]: 0x8000E1F0 (0x00000213) addi tp, zero, 0
x4 <- 0x00000000


mem[X,0x8000E1F4] -> 0x006F
mem[X,0x8000E1F6] -> 0x00C0
[1530] [M]: 0x8000E1F4 (0x00C0006F) jal zero, 12


mem[X,0x8000E200] -> 0x6663
mem[X,0x8000E202] -> 0x00B5
[1531] [M]: 0x8000E200 (0x00B56663) bltu a0, a1, 12


mem[X,0x8000E204] -> 0x0213
mem[X,0x8000E206] -> 0x0022
[1532] [M]: 0x8000E204 (0x00220213) addi tp, tp, 2
x4 <- 0x00000002


mem[X,0x8000E208] -> 0x006F
mem[X,0x8000E20A] -> 0x00C0
[1533] [M]: 0x8000E208 (0x00C0006F) jal zero, 12


mem[X,0x8000E214] -> 0xA623
mem[X,0x8000E216] -> 0x2240
[1534] [M]: 0x8000E214 (0x2240A623) sw tp, 556(ra)
mem[0x8004C3A0] <- 0x00000002


mem[X,0x8000E218] -> 0xB537
mem[X,0x8000E21A] -> 0xAAAA
[1535] [M]: 0x8000E218 (0xAAAAB537) lui a0, 699051
x10 <- 0xAAAAB000


mem[X,0x8000E21C] -> 0x0513
mem[X,0x8000E21E] -> 0xAAA5
[1536] [M]: 0x8000E21C (0xAAA50513) addi a0, a0, 2730
x10 <- 0xAAAAAAAA


mem[X,0x8000E220] -> 0x0593
mem[X,0x8000E222] -> 0x0040
[1537] [M]: 0x8000E220 (0x00400593) addi a1, zero, 4
x11 <- 0x00000004


mem[X,0x8000E224] -> 0x0213
mem[X,0x8000E226] -> 0x0000
[1538] [M]: 0x8000E224 (0x00000213) addi tp, zero, 0
x4 <- 0x00000000


mem[X,0x8000E228] -> 0x006F
mem[X,0x8000E22A] -> 0x00C0
[1539] [M]: 0x8000E228 (0x00C0006F) jal zero, 12


mem[X,0x8000E234] -> 0x6063
mem[X,0x8000E236] -> 0x04B5
[1540] [M]: 0x8000E234 (0x04B56063) bltu a0, a1, 64


mem[X,0x8000E238] -> 0x0213
mem[X,0x8000E23A] -> 0x0022
[1541] [M]: 0x8000E238 (0x00220213) addi tp, tp, 2
x4 <- 0x00000002


mem[X,0x8000E23C] -> 0x006F
mem[X,0x8000E23E] -> 0x0400
[1542] [M]: 0x8000E23C (0x0400006F) jal zero, 64


mem[X,0x8000E27C] -> 0xA823
mem[X,0x8000E27E] -> 0x2240
[1543] [M]: 0x8000E27C (0x2240A823) sw tp, 560(ra)
mem[0x8004C3A4] <- 0x00000002


mem[X,0x8000E280] -> 0xB537
mem[X,0x8000E282] -> 0xAAAA
[1544] [M]: 0x8000E280 (0xAAAAB537) lui a0, 699051
x10 <- 0xAAAAB000


mem[X,0x8000E284] -> 0x0513
mem[X,0x8000E286] -> 0xAAA5
[1545] [M]: 0x8000E284 (0xAAA50513) addi a0, a0, 2730
x10 <- 0xAAAAAAAA


mem[X,0x8000E288] -> 0x35B7
mem[X,0x8000E28A] -> 0x3333
[1546] [M]: 0x8000E288 (0x333335B7) lui a1, 209715
x11 <- 0x33333000


mem[X,0x8000E28C] -> 0x8593
mem[X,0x8000E28E] -> 0x3325
[1547] [M]: 0x8000E28C (0x33258593) addi a1, a1, 818
x11 <- 0x33333332


mem[X,0x8000E290] -> 0x0213
mem[X,0x8000E292] -> 0x0000
[1548] [M]: 0x8000E290 (0x00000213) addi tp, zero, 0
x4 <- 0x00000000


mem[X,0x8000E294] -> 0x006F
mem[X,0x8000E296] -> 0x0180
[1549] [M]: 0x8000E294 (0x0180006F) jal zero, 24


mem[X,0x8000E2AC] -> 0x66E3
mem[X,0x8000E2AE] -> 0xFEB5
[1550] [M]: 0x8000E2AC (0xFEB566E3) bltu a0, a1, 8172


mem[X,0x8000E2B0] -> 0x0213
mem[X,0x8000E2B2] -> 0x0022
[1551] [M]: 0x8000E2B0 (0x00220213) addi tp, tp, 2
x4 <- 0x00000002


mem[X,0x8000E2B4] -> 0x006F
mem[X,0x8000E2B6] -> 0x00C0
[1552] [M]: 0x8000E2B4 (0x00C0006F) jal zero, 12


mem[X,0x8000E2C0] -> 0xAA23
mem[X,0x8000E2C2] -> 0x2240
[1553] [M]: 0x8000E2C0 (0x2240AA23) sw tp, 564(ra)
mem[0x8004C3A8] <- 0x00000002


mem[X,0x8000E2C4] -> 0xB537
mem[X,0x8000E2C6] -> 0xAAAA
[1554] [M]: 0x8000E2C4 (0xAAAAB537) lui a0, 699051
x10 <- 0xAAAAB000


mem[X,0x8000E2C8] -> 0x0513
mem[X,0x8000E2CA] -> 0xAAA5
[1555] [M]: 0x8000E2C8 (0xAAA50513) addi a0, a0, 2730
x10 <- 0xAAAAAAAA


mem[X,0x8000E2CC] -> 0x65B7
mem[X,0x8000E2CE] -> 0x6666
[1556] [M]: 0x8000E2CC (0x666665B7) lui a1, 419430
x11 <- 0x66666000


mem[X,0x8000E2D0] -> 0x8593
mem[X,0x8000E2D2] -> 0x6655
[1557] [M]: 0x8000E2D0 (0x66558593) addi a1, a1, 1637
x11 <- 0x66666665


mem[X,0x8000E2D4] -> 0x0213
mem[X,0x8000E2D6] -> 0x0000
[1558] [M]: 0x8000E2D4 (0x00000213) addi tp, zero, 0
x4 <- 0x00000000


mem[X,0x8000E2D8] -> 0x006F
mem[X,0x8000E2DA] -> 0x0100
[1559] [M]: 0x8000E2D8 (0x0100006F) jal zero, 16


mem[X,0x8000E2E8] -> 0x6AE3
mem[X,0x8000E2EA] -> 0xFEB5
[1560] [M]: 0x8000E2E8 (0xFEB56AE3) bltu a0, a1, 8180


mem[X,0x8000E2EC] -> 0x0213
mem[X,0x8000E2EE] -> 0x0022
[1561] [M]: 0x8000E2EC (0x00220213) addi tp, tp, 2
x4 <- 0x00000002


mem[X,0x8000E2F0] -> 0x006F
mem[X,0x8000E2F2] -> 0x00C0
[1562] [M]: 0x8000E2F0 (0x00C0006F) jal zero, 12


mem[X,0x8000E2FC] -> 0xAC23
mem[X,0x8000E2FE] -> 0x2240
[1563] [M]: 0x8000E2FC (0x2240AC23) sw tp, 568(ra)
mem[0x8004C3AC] <- 0x00000002


mem[X,0x8000E300] -> 0xB537
mem[X,0x8000E302] -> 0xAAAA
[1564] [M]: 0x8000E300 (0xAAAAB537) lui a0, 699051
x10 <- 0xAAAAB000


mem[X,0x8000E304] -> 0x0513
mem[X,0x8000E306] -> 0xAAA5
[1565] [M]: 0x8000E304 (0xAAA50513) addi a0, a0, 2730
x10 <- 0xAAAAAAAA


mem[X,0x8000E308] -> 0xB5B7
mem[X,0x8000E30A] -> 0x0000
[1566] [M]: 0x8000E308 (0x0000B5B7) lui a1, 11
x11 <- 0x0000B000


mem[X,0x8000E30C] -> 0x8593
mem[X,0x8000E30E] -> 0x5035
[1567] [M]: 0x8000E30C (0x50358593) addi a1, a1, 1283
x11 <- 0x0000B503


mem[X,0x8000E310] -> 0x0213
mem[X,0x8000E312] -> 0x0000
[1568] [M]: 0x8000E310 (0x00000213) addi tp, zero, 0
x4 <- 0x00000000


mem[X,0x8000E314] -> 0x006F
mem[X,0x8000E316] -> 0x00C0
[1569] [M]: 0x8000E314 (0x00C0006F) jal zero, 12


mem[X,0x8000E320] -> 0x6063
mem[X,0x8000E322] -> 0x08B5
[1570] [M]: 0x8000E320 (0x08B56063) bltu a0, a1, 128


mem[X,0x8000E324] -> 0x0213
mem[X,0x8000E326] -> 0x0022
[1571] [M]: 0x8000E324 (0x00220213) addi tp, tp, 2
x4 <- 0x00000002


mem[X,0x8000E328] -> 0x006F
mem[X,0x8000E32A] -> 0x0800
[1572] [M]: 0x8000E328 (0x0800006F) jal zero, 128


mem[X,0x8000E3A8] -> 0xAE23
mem[X,0x8000E3AA] -> 0x2240
[1573] [M]: 0x8000E3A8 (0x2240AE23) sw tp, 572(ra)
mem[0x8004C3B0] <- 0x00000002


mem[X,0x8000E3AC] -> 0xB537
mem[X,0x8000E3AE] -> 0xAAAA
[1574] [M]: 0x8000E3AC (0xAAAAB537) lui a0, 699051
x10 <- 0xAAAAB000


mem[X,0x8000E3B0] -> 0x0513
mem[X,0x8000E3B2] -> 0xAAA5
[1575] [M]: 0x8000E3B0 (0xAAA50513) addi a0, a0, 2730
x10 <- 0xAAAAAAAA


mem[X,0x8000E3B4] -> 0x05B7
mem[X,0x8000E3B6] -> 0x0001
[1576] [M]: 0x8000E3B4 (0x000105B7) lui a1, 16
x11 <- 0x00010000


mem[X,0x8000E3B8] -> 0x8593
mem[X,0x8000E3BA] -> 0xFFE5
[1577] [M]: 0x8000E3B8 (0xFFE58593) addi a1, a1, 4094
x11 <- 0x0000FFFE


mem[X,0x8000E3BC] -> 0x0213
mem[X,0x8000E3BE] -> 0x0000
[1578] [M]: 0x8000E3BC (0x00000213) addi tp, zero, 0
x4 <- 0x00000000


mem[X,0x8000E3C0] -> 0x006F
mem[X,0x8000E3C2] -> 0x0050
[1579] [M]: 0x8000E3C0 (0x0050006F) jal zero, 2052


mem[X,0x8000EBC4] -> 0x60E3
mem[X,0x8000EBC6] -> 0x80B5
[1580] [M]: 0x8000EBC4 (0x80B560E3) bltu a0, a1, 6144


mem[X,0x8000EBC8] -> 0x0213
mem[X,0x8000EBCA] -> 0x0022
[1581] [M]: 0x8000EBC8 (0x00220213) addi tp, tp, 2
x4 <- 0x00000002


mem[X,0x8000EBCC] -> 0x006F
mem[X,0x8000EBCE] -> 0x00C0
[1582] [M]: 0x8000EBCC (0x00C0006F) jal zero, 12


mem[X,0x8000EBD8] -> 0xA023
mem[X,0x8000EBDA] -> 0x2440
[1583] [M]: 0x8000EBD8 (0x2440A023) sw tp, 576(ra)
mem[0x8004C3B4] <- 0x00000002


mem[X,0x8000EBDC] -> 0xB537
mem[X,0x8000EBDE] -> 0xAAAA
[1584] [M]: 0x8000EBDC (0xAAAAB537) lui a0, 699051
x10 <- 0xAAAAB000


mem[X,0x8000EBE0] -> 0x0513
mem[X,0x8000EBE2] -> 0xAAA5
[1585] [M]: 0x8000EBE0 (0xAAA50513) addi a0, a0, 2730
x10 <- 0xAAAAAAAA


mem[X,0x8000EBE4] -> 0x55B7
mem[X,0x8000EBE6] -> 0x5555
[1586] [M]: 0x8000EBE4 (0x555555B7) lui a1, 349525
x11 <- 0x55555000


mem[X,0x8000EBE8] -> 0x8593
mem[X,0x8000EBEA] -> 0x5565
[1587] [M]: 0x8000EBE8 (0x55658593) addi a1, a1, 1366
x11 <- 0x55555556


mem[X,0x8000EBEC] -> 0x0213
mem[X,0x8000EBEE] -> 0x0000
[1588] [M]: 0x8000EBEC (0x00000213) addi tp, zero, 0
x4 <- 0x00000000


mem[X,0x8000EBF0] -> 0x006F
mem[X,0x8000EBF2] -> 0x00C0
[1589] [M]: 0x8000EBF0 (0x00C0006F) jal zero, 12


mem[X,0x8000EBFC] -> 0x6863
mem[X,0x8000EBFE] -> 0x00B5
[1590] [M]: 0x8000EBFC (0x00B56863) bltu a0, a1, 16


mem[X,0x8000EC00] -> 0x0213
mem[X,0x8000EC02] -> 0x0022
[1591] [M]: 0x8000EC00 (0x00220213) addi tp, tp, 2
x4 <- 0x00000002


mem[X,0x8000EC04] -> 0x006F
mem[X,0x8000EC06] -> 0x0100
[1592] [M]: 0x8000EC04 (0x0100006F) jal zero, 16


mem[X,0x8000EC14] -> 0xA223
mem[X,0x8000EC16] -> 0x2440
[1593] [M]: 0x8000EC14 (0x2440A223) sw tp, 580(ra)
mem[0x8004C3B8] <- 0x00000002


mem[X,0x8000EC18] -> 0xB537
mem[X,0x8000EC1A] -> 0xAAAA
[1594] [M]: 0x8000EC18 (0xAAAAB537) lui a0, 699051
x10 <- 0xAAAAB000


mem[X,0x8000EC1C] -> 0x0513
mem[X,0x8000EC1E] -> 0xAAA5
[1595] [M]: 0x8000EC1C (0xAAA50513) addi a0, a0, 2730
x10 <- 0xAAAAAAAA


mem[X,0x8000EC20] -> 0xB5B7
mem[X,0x8000EC22] -> 0xAAAA
[1596] [M]: 0x8000EC20 (0xAAAAB5B7) lui a1, 699051
x11 <- 0xAAAAB000


mem[X,0x8000EC24] -> 0x8593
mem[X,0x8000EC26] -> 0xAAB5
[1597] [M]: 0x8000EC24 (0xAAB58593) addi a1, a1, 2731
x11 <- 0xAAAAAAAB


mem[X,0x8000EC28] -> 0x0213
mem[X,0x8000EC2A] -> 0x0000
[1598] [M]: 0x8000EC28 (0x00000213) addi tp, zero, 0
x4 <- 0x00000000


mem[X,0x8000EC2C] -> 0x006F
mem[X,0x8000EC2E] -> 0x00C0
[1599] [M]: 0x8000EC2C (0x00C0006F) jal zero, 12


clint::tick mtime <- 0x0000000000000010
 clint timer pending at mtime 0x0000000000000010
htif::tick 0x0000000000000000
mem[X,0x8000EC38] -> 0x6663
mem[X,0x8000EC3A] -> 0x00B5
[1600] [M]: 0x8000EC38 (0x00B56663) bltu a0, a1, 12


mem[X,0x8000EC44] -> 0x0213
mem[X,0x8000EC46] -> 0x0032
[1601] [M]: 0x8000EC44 (0x00320213) addi tp, tp, 3
x4 <- 0x00000003


mem[X,0x8000EC48] -> 0x006F
mem[X,0x8000EC4A] -> 0x0040
[1602] [M]: 0x8000EC48 (0x0040006F) jal zero, 4


mem[X,0x8000EC4C] -> 0xA423
mem[X,0x8000EC4E] -> 0x2440
[1603] [M]: 0x8000EC4C (0x2440A423) sw tp, 584(ra)
mem[0x8004C3BC] <- 0x00000003


mem[X,0x8000EC50] -> 0xB537
mem[X,0x8000EC52] -> 0xAAAA
[1604] [M]: 0x8000EC50 (0xAAAAB537) lui a0, 699051
x10 <- 0xAAAAB000


mem[X,0x8000EC54] -> 0x0513
mem[X,0x8000EC56] -> 0xAAA5
[1605] [M]: 0x8000EC54 (0xAAA50513) addi a0, a0, 2730
x10 <- 0xAAAAAAAA


mem[X,0x8000EC58] -> 0x0593
mem[X,0x8000EC5A] -> 0x0060
[1606] [M]: 0x8000EC58 (0x00600593) addi a1, zero, 6
x11 <- 0x00000006


mem[X,0x8000EC5C] -> 0x0213
mem[X,0x8000EC5E] -> 0x0000
[1607] [M]: 0x8000EC5C (0x00000213) addi tp, zero, 0
x4 <- 0x00000000


mem[X,0x8000EC60] -> 0x006F
mem[X,0x8000EC62] -> 0x0180
[1608] [M]: 0x8000EC60 (0x0180006F) jal zero, 24


mem[X,0x8000EC78] -> 0x66E3
mem[X,0x8000EC7A] -> 0xFEB5
[1609] [M]: 0x8000EC78 (0xFEB566E3) bltu a0, a1, 8172


mem[X,0x8000EC7C] -> 0x0213
mem[X,0x8000EC7E] -> 0x0022
[1610] [M]: 0x8000EC7C (0x00220213) addi tp, tp, 2
x4 <- 0x00000002


mem[X,0x8000EC80] -> 0x006F
mem[X,0x8000EC82] -> 0x00C0
[1611] [M]: 0x8000EC80 (0x00C0006F) jal zero, 12


mem[X,0x8000EC8C] -> 0xA623
mem[X,0x8000EC8E] -> 0x2440
[1612] [M]: 0x8000EC8C (0x2440A623) sw tp, 588(ra)
mem[0x8004C3C0] <- 0x00000002


mem[X,0x8000EC90] -> 0xB537
mem[X,0x8000EC92] -> 0xAAAA
[1613] [M]: 0x8000EC90 (0xAAAAB537) lui a0, 699051
x10 <- 0xAAAAB000


mem[X,0x8000EC94] -> 0x0513
mem[X,0x8000EC96] -> 0xAAA5
[1614] [M]: 0x8000EC94 (0xAAA50513) addi a0, a0, 2730
x10 <- 0xAAAAAAAA


mem[X,0x8000EC98] -> 0x35B7
mem[X,0x8000EC9A] -> 0x3333
[1615] [M]: 0x8000EC98 (0x333335B7) lui a1, 209715
x11 <- 0x33333000


mem[X,0x8000EC9C] -> 0x8593
mem[X,0x8000EC9E] -> 0x3345
[1616] [M]: 0x8000EC9C (0x33458593) addi a1, a1, 820
x11 <- 0x33333334


mem[X,0x8000ECA0] -> 0x0213
mem[X,0x8000ECA2] -> 0x0000
[1617] [M]: 0x8000ECA0 (0x00000213) addi tp, zero, 0
x4 <- 0x00000000


mem[X,0x8000ECA4] -> 0x006F
mem[X,0x8000ECA6] -> 0x00C0
[1618] [M]: 0x8000ECA4 (0x00C0006F) jal zero, 12


mem[X,0x8000ECB0] -> 0x6CE3
mem[X,0x8000ECB2] -> 0xFEB5
[1619] [M]: 0x8000ECB0 (0xFEB56CE3) bltu a0, a1, 8184


mem[X,0x8000ECB4] -> 0x0213
mem[X,0x8000ECB6] -> 0x0022
[1620] [M]: 0x8000ECB4 (0x00220213) addi tp, tp, 2
x4 <- 0x00000002


mem[X,0x8000ECB8] -> 0x006F
mem[X,0x8000ECBA] -> 0x00C0
[1621] [M]: 0x8000ECB8 (0x00C0006F) jal zero, 12


mem[X,0x8000ECC4] -> 0xA823
mem[X,0x8000ECC6] -> 0x2440
[1622] [M]: 0x8000ECC4 (0x2440A823) sw tp, 592(ra)
mem[0x8004C3C4] <- 0x00000002


mem[X,0x8000ECC8] -> 0xB537
mem[X,0x8000ECCA] -> 0xAAAA
[1623] [M]: 0x8000ECC8 (0xAAAAB537) lui a0, 699051
x10 <- 0xAAAAB000


mem[X,0x8000ECCC] -> 0x0513
mem[X,0x8000ECCE] -> 0xAAA5
[1624] [M]: 0x8000ECCC (0xAAA50513) addi a0, a0, 2730
x10 <- 0xAAAAAAAA


mem[X,0x8000ECD0] -> 0x65B7
mem[X,0x8000ECD2] -> 0x6666
[1625] [M]: 0x8000ECD0 (0x666665B7) lui a1, 419430
x11 <- 0x66666000


mem[X,0x8000ECD4] -> 0x8593
mem[X,0x8000ECD6] -> 0x6675
[1626] [M]: 0x8000ECD4 (0x66758593) addi a1, a1, 1639
x11 <- 0x66666667


mem[X,0x8000ECD8] -> 0x0213
mem[X,0x8000ECDA] -> 0x0000
[1627] [M]: 0x8000ECD8 (0x00000213) addi tp, zero, 0
x4 <- 0x00000000


mem[X,0x8000ECDC] -> 0x006F
mem[X,0x8000ECDE] -> 0x00C0
[1628] [M]: 0x8000ECDC (0x00C0006F) jal zero, 12


mem[X,0x8000ECE8] -> 0x6663
mem[X,0x8000ECEA] -> 0x00B5
[1629] [M]: 0x8000ECE8 (0x00B56663) bltu a0, a1, 12


mem[X,0x8000ECEC] -> 0x0213
mem[X,0x8000ECEE] -> 0x0022
[1630] [M]: 0x8000ECEC (0x00220213) addi tp, tp, 2
x4 <- 0x00000002


mem[X,0x8000ECF0] -> 0x006F
mem[X,0x8000ECF2] -> 0x00C0
[1631] [M]: 0x8000ECF0 (0x00C0006F) jal zero, 12


mem[X,0x8000ECFC] -> 0xAA23
mem[X,0x8000ECFE] -> 0x2440
[1632] [M]: 0x8000ECFC (0x2440AA23) sw tp, 596(ra)
mem[0x8004C3C8] <- 0x00000002


mem[X,0x8000ED00] -> 0xB537
mem[X,0x8000ED02] -> 0xAAAA
[1633] [M]: 0x8000ED00 (0xAAAAB537) lui a0, 699051
x10 <- 0xAAAAB000


mem[X,0x8000ED04] -> 0x0513
mem[X,0x8000ED06] -> 0xAAA5
[1634] [M]: 0x8000ED04 (0xAAA50513) addi a0, a0, 2730
x10 <- 0xAAAAAAAA


mem[X,0x8000ED08] -> 0xB5B7
mem[X,0x8000ED0A] -> 0x0000
[1635] [M]: 0x8000ED08 (0x0000B5B7) lui a1, 11
x11 <- 0x0000B000


mem[X,0x8000ED0C] -> 0x8593
mem[X,0x8000ED0E] -> 0x5055
[1636] [M]: 0x8000ED0C (0x50558593) addi a1, a1, 1285
x11 <- 0x0000B505


mem[X,0x8000ED10] -> 0x0213
mem[X,0x8000ED12] -> 0x0000
[1637] [M]: 0x8000ED10 (0x00000213) addi tp, zero, 0
x4 <- 0x00000000


mem[X,0x8000ED14] -> 0x006F
mem[X,0x8000ED16] -> 0x00C0
[1638] [M]: 0x8000ED14 (0x00C0006F) jal zero, 12


mem[X,0x8000ED20] -> 0x6063
mem[X,0x8000ED22] -> 0x20B5
[1639] [M]: 0x8000ED20 (0x20B56063) bltu a0, a1, 512


mem[X,0x8000ED24] -> 0x0213
mem[X,0x8000ED26] -> 0x0022
[1640] [M]: 0x8000ED24 (0x00220213) addi tp, tp, 2
x4 <- 0x00000002


mem[X,0x8000ED28] -> 0x006F
mem[X,0x8000ED2A] -> 0x2000
[1641] [M]: 0x8000ED28 (0x2000006F) jal zero, 512


mem[X,0x8000EF28] -> 0xAC23
mem[X,0x8000EF2A] -> 0x2440
[1642] [M]: 0x8000EF28 (0x2440AC23) sw tp, 600(ra)
mem[0x8004C3CC] <- 0x00000002


mem[X,0x8000EF2C] -> 0xB537
mem[X,0x8000EF2E] -> 0xAAAA
[1643] [M]: 0x8000EF2C (0xAAAAB537) lui a0, 699051
x10 <- 0xAAAAB000


mem[X,0x8000EF30] -> 0x0513
mem[X,0x8000EF32] -> 0xAAA5
[1644] [M]: 0x8000EF30 (0xAAA50513) addi a0, a0, 2730
x10 <- 0xAAAAAAAA


mem[X,0x8000EF34] -> 0x0593
mem[X,0x8000EF36] -> 0x0010
[1645] [M]: 0x8000EF34 (0x00100593) addi a1, zero, 1
x11 <- 0x00000001


mem[X,0x8000EF38] -> 0x0213
mem[X,0x8000EF3A] -> 0x0000
[1646] [M]: 0x8000EF38 (0x00000213) addi tp, zero, 0
x4 <- 0x00000000


mem[X,0x8000EF3C] -> 0x006F
mem[X,0x8000EF3E] -> 0x0100
[1647] [M]: 0x8000EF3C (0x0100006F) jal zero, 16


mem[X,0x8000EF4C] -> 0x6AE3
mem[X,0x8000EF4E] -> 0xFEB5
[1648] [M]: 0x8000EF4C (0xFEB56AE3) bltu a0, a1, 8180


mem[X,0x8000EF50] -> 0x0213
mem[X,0x8000EF52] -> 0x0022
[1649] [M]: 0x8000EF50 (0x00220213) addi tp, tp, 2
x4 <- 0x00000002


mem[X,0x8000EF54] -> 0x006F
mem[X,0x8000EF56] -> 0x00C0
[1650] [M]: 0x8000EF54 (0x00C0006F) jal zero, 12


mem[X,0x8000EF60] -> 0xAE23
mem[X,0x8000EF62] -> 0x2440
[1651] [M]: 0x8000EF60 (0x2440AE23) sw tp, 604(ra)
mem[0x8004C3D0] <- 0x00000002


mem[X,0x8000EF64] -> 0xB537
mem[X,0x8000EF66] -> 0xAAAA
[1652] [M]: 0x8000EF64 (0xAAAAB537) lui a0, 699051
x10 <- 0xAAAAB000


mem[X,0x8000EF68] -> 0x0513
mem[X,0x8000EF6A] -> 0xAAA5
[1653] [M]: 0x8000EF68 (0xAAA50513) addi a0, a0, 2730
x10 <- 0xAAAAAAAA


mem[X,0x8000EF6C] -> 0x05B7
mem[X,0x8000EF6E] -> 0x0001
[1654] [M]: 0x8000EF6C (0x000105B7) lui a1, 16
x11 <- 0x00010000


mem[X,0x8000EF70] -> 0x0213
mem[X,0x8000EF72] -> 0x0000
[1655] [M]: 0x8000EF70 (0x00000213) addi tp, zero, 0
x4 <- 0x00000000


mem[X,0x8000EF74] -> 0x006F
mem[X,0x8000EF76] -> 0x0140
[1656] [M]: 0x8000EF74 (0x0140006F) jal zero, 20


mem[X,0x8000EF88] -> 0x68E3
mem[X,0x8000EF8A] -> 0xFEB5
[1657] [M]: 0x8000EF88 (0xFEB568E3) bltu a0, a1, 8176


mem[X,0x8000EF8C] -> 0x0213
mem[X,0x8000EF8E] -> 0x0022
[1658] [M]: 0x8000EF8C (0x00220213) addi tp, tp, 2
x4 <- 0x00000002


mem[X,0x8000EF90] -> 0x006F
mem[X,0x8000EF92] -> 0x00C0
[1659] [M]: 0x8000EF90 (0x00C0006F) jal zero, 12


mem[X,0x8000EF9C] -> 0xA023
mem[X,0x8000EF9E] -> 0x2640
[1660] [M]: 0x8000EF9C (0x2640A023) sw tp, 608(ra)
mem[0x8004C3D4] <- 0x00000002


mem[X,0x8000EFA0] -> 0x0513
mem[X,0x8000EFA2] -> 0x0050
[1661] [M]: 0x8000EFA0 (0x00500513) addi a0, zero, 5
x10 <- 0x00000005


mem[X,0x8000EFA4] -> 0x0593
mem[X,0x8000EFA6] -> 0x0030
[1662] [M]: 0x8000EFA4 (0x00300593) addi a1, zero, 3
x11 <- 0x00000003


mem[X,0x8000EFA8] -> 0x0213
mem[X,0x8000EFAA] -> 0x0000
[1663] [M]: 0x8000EFA8 (0x00000213) addi tp, zero, 0
x4 <- 0x00000000


mem[X,0x8000EFAC] -> 0x006F
mem[X,0x8000EFAE] -> 0x00C0
[1664] [M]: 0x8000EFAC (0x00C0006F) jal zero, 12


mem[X,0x8000EFB8] -> 0x6063
mem[X,0x8000EFBA] -> 0x02B5
[1665] [M]: 0x8000EFB8 (0x02B56063) bltu a0, a1, 32


mem[X,0x8000EFBC] -> 0x0213
mem[X,0x8000EFBE] -> 0x0022
[1666] [M]: 0x8000EFBC (0x00220213) addi tp, tp, 2
x4 <- 0x00000002


mem[X,0x8000EFC0] -> 0x006F
mem[X,0x8000EFC2] -> 0x0200
[1667] [M]: 0x8000EFC0 (0x0200006F) jal zero, 32


mem[X,0x8000EFE0] -> 0xA223
mem[X,0x8000EFE2] -> 0x2640
[1668] [M]: 0x8000EFE0 (0x2640A223) sw tp, 612(ra)
mem[0x8004C3D8] <- 0x00000002


mem[X,0x8000EFE4] -> 0x0513
mem[X,0x8000EFE6] -> 0x0050
[1669] [M]: 0x8000EFE4 (0x00500513) addi a0, zero, 5
x10 <- 0x00000005


mem[X,0x8000EFE8] -> 0x55B7
mem[X,0x8000EFEA] -> 0x5555
[1670] [M]: 0x8000EFE8 (0x555555B7) lui a1, 349525
x11 <- 0x55555000


mem[X,0x8000EFEC] -> 0x8593
mem[X,0x8000EFEE] -> 0x5555
[1671] [M]: 0x8000EFEC (0x55558593) addi a1, a1, 1365
x11 <- 0x55555555


mem[X,0x8000EFF0] -> 0x0213
mem[X,0x8000EFF2] -> 0x0000
[1672] [M]: 0x8000EFF0 (0x00000213) addi tp, zero, 0
x4 <- 0x00000000


mem[X,0x8000EFF4] -> 0x006F
mem[X,0x8000EFF6] -> 0x00C0
[1673] [M]: 0x8000EFF4 (0x00C0006F) jal zero, 12


mem[X,0x8000F000] -> 0x6663
mem[X,0x8000F002] -> 0x00B5
[1674] [M]: 0x8000F000 (0x00B56663) bltu a0, a1, 12


mem[X,0x8000F00C] -> 0x0213
mem[X,0x8000F00E] -> 0x0032
[1675] [M]: 0x8000F00C (0x00320213) addi tp, tp, 3
x4 <- 0x00000003


mem[X,0x8000F010] -> 0x006F
mem[X,0x8000F012] -> 0x0040
[1676] [M]: 0x8000F010 (0x0040006F) jal zero, 4


mem[X,0x8000F014] -> 0xA423
mem[X,0x8000F016] -> 0x2640
[1677] [M]: 0x8000F014 (0x2640A423) sw tp, 616(ra)
mem[0x8004C3DC] <- 0x00000003


mem[X,0x8000F018] -> 0x0513
mem[X,0x8000F01A] -> 0x0050
[1678] [M]: 0x8000F018 (0x00500513) addi a0, zero, 5
x10 <- 0x00000005


mem[X,0x8000F01C] -> 0xB5B7
mem[X,0x8000F01E] -> 0xAAAA
[1679] [M]: 0x8000F01C (0xAAAAB5B7) lui a1, 699051
x11 <- 0xAAAAB000


mem[X,0x8000F020] -> 0x8593
mem[X,0x8000F022] -> 0xAAA5
[1680] [M]: 0x8000F020 (0xAAA58593) addi a1, a1, 2730
x11 <- 0xAAAAAAAA


mem[X,0x8000F024] -> 0x0213
mem[X,0x8000F026] -> 0x0000
[1681] [M]: 0x8000F024 (0x00000213) addi tp, zero, 0
x4 <- 0x00000000


mem[X,0x8000F028] -> 0x006F
mem[X,0x8000F02A] -> 0x00C0
[1682] [M]: 0x8000F028 (0x00C0006F) jal zero, 12


mem[X,0x8000F034] -> 0x6863
mem[X,0x8000F036] -> 0x00B5
[1683] [M]: 0x8000F034 (0x00B56863) bltu a0, a1, 16


mem[X,0x8000F044] -> 0x0213
mem[X,0x8000F046] -> 0x0032
[1684] [M]: 0x8000F044 (0x00320213) addi tp, tp, 3
x4 <- 0x00000003


mem[X,0x8000F048] -> 0x006F
mem[X,0x8000F04A] -> 0x0040
[1685] [M]: 0x8000F048 (0x0040006F) jal zero, 4


mem[X,0x8000F04C] -> 0xA623
mem[X,0x8000F04E] -> 0x2640
[1686] [M]: 0x8000F04C (0x2640A623) sw tp, 620(ra)
mem[0x8004C3E0] <- 0x00000003


mem[X,0x8000F050] -> 0x0513
mem[X,0x8000F052] -> 0x0050
[1687] [M]: 0x8000F050 (0x00500513) addi a0, zero, 5
x10 <- 0x00000005


mem[X,0x8000F054] -> 0x0593
mem[X,0x8000F056] -> 0x0050
[1688] [M]: 0x8000F054 (0x00500593) addi a1, zero, 5
x11 <- 0x00000005


mem[X,0x8000F058] -> 0x0213
mem[X,0x8000F05A] -> 0x0000
[1689] [M]: 0x8000F058 (0x00000213) addi tp, zero, 0
x4 <- 0x00000000


mem[X,0x8000F05C] -> 0x006F
mem[X,0x8000F05E] -> 0x0140
[1690] [M]: 0x8000F05C (0x0140006F) jal zero, 20


mem[X,0x8000F070] -> 0x68E3
mem[X,0x8000F072] -> 0xFEB5
[1691] [M]: 0x8000F070 (0xFEB568E3) bltu a0, a1, 8176


mem[X,0x8000F074] -> 0x0213
mem[X,0x8000F076] -> 0x0022
[1692] [M]: 0x8000F074 (0x00220213) addi tp, tp, 2
x4 <- 0x00000002


mem[X,0x8000F078] -> 0x006F
mem[X,0x8000F07A] -> 0x00C0
[1693] [M]: 0x8000F078 (0x00C0006F) jal zero, 12


mem[X,0x8000F084] -> 0xA823
mem[X,0x8000F086] -> 0x2640
[1694] [M]: 0x8000F084 (0x2640A823) sw tp, 624(ra)
mem[0x8004C3E4] <- 0x00000002


mem[X,0x8000F088] -> 0x0513
mem[X,0x8000F08A] -> 0x0050
[1695] [M]: 0x8000F088 (0x00500513) addi a0, zero, 5
x10 <- 0x00000005


mem[X,0x8000F08C] -> 0x35B7
mem[X,0x8000F08E] -> 0x3333
[1696] [M]: 0x8000F08C (0x333335B7) lui a1, 209715
x11 <- 0x33333000


mem[X,0x8000F090] -> 0x8593
mem[X,0x8000F092] -> 0x3335
[1697] [M]: 0x8000F090 (0x33358593) addi a1, a1, 819
x11 <- 0x33333333


mem[X,0x8000F094] -> 0x0213
mem[X,0x8000F096] -> 0x0000
[1698] [M]: 0x8000F094 (0x00000213) addi tp, zero, 0
x4 <- 0x00000000


mem[X,0x8000F098] -> 0x006F
mem[X,0x8000F09A] -> 0x00C0
[1699] [M]: 0x8000F098 (0x00C0006F) jal zero, 12


clint::tick mtime <- 0x0000000000000011
 clint timer pending at mtime 0x0000000000000011
htif::tick 0x0000000000000000
mem[X,0x8000F0A4] -> 0x6663
mem[X,0x8000F0A6] -> 0x00B5
[1700] [M]: 0x8000F0A4 (0x00B56663) bltu a0, a1, 12


mem[X,0x8000F0B0] -> 0x0213
mem[X,0x8000F0B2] -> 0x0032
[1701] [M]: 0x8000F0B0 (0x00320213) addi tp, tp, 3
x4 <- 0x00000003


mem[X,0x8000F0B4] -> 0x006F
mem[X,0x8000F0B6] -> 0x0040
[1702] [M]: 0x8000F0B4 (0x0040006F) jal zero, 4


mem[X,0x8000F0B8] -> 0xAA23
mem[X,0x8000F0BA] -> 0x2640
[1703] [M]: 0x8000F0B8 (0x2640AA23) sw tp, 628(ra)
mem[0x8004C3E8] <- 0x00000003


mem[X,0x8000F0BC] -> 0x0513
mem[X,0x8000F0BE] -> 0x0050
[1704] [M]: 0x8000F0BC (0x00500513) addi a0, zero, 5
x10 <- 0x00000005


mem[X,0x8000F0C0] -> 0x65B7
mem[X,0x8000F0C2] -> 0x6666
[1705] [M]: 0x8000F0C0 (0x666665B7) lui a1, 419430
x11 <- 0x66666000


mem[X,0x8000F0C4] -> 0x8593
mem[X,0x8000F0C6] -> 0x6665
[1706] [M]: 0x8000F0C4 (0x66658593) addi a1, a1, 1638
x11 <- 0x66666666


mem[X,0x8000F0C8] -> 0x0213
mem[X,0x8000F0CA] -> 0x0000
[1707] [M]: 0x8000F0C8 (0x00000213) addi tp, zero, 0
x4 <- 0x00000000


mem[X,0x8000F0CC] -> 0x006F
mem[X,0x8000F0CE] -> 0x00C0
[1708] [M]: 0x8000F0CC (0x00C0006F) jal zero, 12


mem[X,0x8000F0D8] -> 0x6663
mem[X,0x8000F0DA] -> 0x00B5
[1709] [M]: 0x8000F0D8 (0x00B56663) bltu a0, a1, 12


mem[X,0x8000F0E4] -> 0x0213
mem[X,0x8000F0E6] -> 0x0032
[1710] [M]: 0x8000F0E4 (0x00320213) addi tp, tp, 3
x4 <- 0x00000003


mem[X,0x8000F0E8] -> 0x006F
mem[X,0x8000F0EA] -> 0x0040
[1711] [M]: 0x8000F0E8 (0x0040006F) jal zero, 4


mem[X,0x8000F0EC] -> 0xAC23
mem[X,0x8000F0EE] -> 0x2640
[1712] [M]: 0x8000F0EC (0x2640AC23) sw tp, 632(ra)
mem[0x8004C3EC] <- 0x00000003


mem[X,0x8000F0F0] -> 0x0513
mem[X,0x8000F0F2] -> 0x0050
[1713] [M]: 0x8000F0F0 (0x00500513) addi a0, zero, 5
x10 <- 0x00000005


mem[X,0x8000F0F4] -> 0xB5B7
mem[X,0x8000F0F6] -> 0x0000
[1714] [M]: 0x8000F0F4 (0x0000B5B7) lui a1, 11
x11 <- 0x0000B000


mem[X,0x8000F0F8] -> 0x8593
mem[X,0x8000F0FA] -> 0x5045
[1715] [M]: 0x8000F0F8 (0x50458593) addi a1, a1, 1284
x11 <- 0x0000B504


mem[X,0x8000F0FC] -> 0x0213
mem[X,0x8000F0FE] -> 0x0000
[1716] [M]: 0x8000F0FC (0x00000213) addi tp, zero, 0
x4 <- 0x00000000


mem[X,0x8000F100] -> 0x006F
mem[X,0x8000F102] -> 0x00C0
[1717] [M]: 0x8000F100 (0x00C0006F) jal zero, 12


mem[X,0x8000F10C] -> 0x6663
mem[X,0x8000F10E] -> 0x00B5
[1718] [M]: 0x8000F10C (0x00B56663) bltu a0, a1, 12


mem[X,0x8000F118] -> 0x0213
mem[X,0x8000F11A] -> 0x0032
[1719] [M]: 0x8000F118 (0x00320213) addi tp, tp, 3
x4 <- 0x00000003


mem[X,0x8000F11C] -> 0x006F
mem[X,0x8000F11E] -> 0x0040
[1720] [M]: 0x8000F11C (0x0040006F) jal zero, 4


mem[X,0x8000F120] -> 0xAE23
mem[X,0x8000F122] -> 0x2640
[1721] [M]: 0x8000F120 (0x2640AE23) sw tp, 636(ra)
mem[0x8004C3F0] <- 0x00000003


mem[X,0x8000F124] -> 0x0513
mem[X,0x8000F126] -> 0x0050
[1722] [M]: 0x8000F124 (0x00500513) addi a0, zero, 5
x10 <- 0x00000005


mem[X,0x8000F128] -> 0x0593
mem[X,0x8000F12A] -> 0x0000
[1723] [M]: 0x8000F128 (0x00000593) addi a1, zero, 0
x11 <- 0x00000000


mem[X,0x8000F12C] -> 0x0213
mem[X,0x8000F12E] -> 0x0000
[1724] [M]: 0x8000F12C (0x00000213) addi tp, zero, 0
x4 <- 0x00000000


mem[X,0x8000F130] -> 0x006F
mem[X,0x8000F132] -> 0x00C0
[1725] [M]: 0x8000F130 (0x00C0006F) jal zero, 12


mem[X,0x8000F13C] -> 0x6063
mem[X,0x8000F13E] -> 0x04B5
[1726] [M]: 0x8000F13C (0x04B56063) bltu a0, a1, 64


mem[X,0x8000F140] -> 0x0213
mem[X,0x8000F142] -> 0x0022
[1727] [M]: 0x8000F140 (0x00220213) addi tp, tp, 2
x4 <- 0x00000002


mem[X,0x8000F144] -> 0x006F
mem[X,0x8000F146] -> 0x0400
[1728] [M]: 0x8000F144 (0x0400006F) jal zero, 64


mem[X,0x8000F184] -> 0xA023
mem[X,0x8000F186] -> 0x2840
[1729] [M]: 0x8000F184 (0x2840A023) sw tp, 640(ra)
mem[0x8004C3F4] <- 0x00000002


mem[X,0x8000F188] -> 0x0513
mem[X,0x8000F18A] -> 0x0050
[1730] [M]: 0x8000F188 (0x00500513) addi a0, zero, 5
x10 <- 0x00000005


mem[X,0x8000F18C] -> 0x05B7
mem[X,0x8000F18E] -> 0x0001
[1731] [M]: 0x8000F18C (0x000105B7) lui a1, 16
x11 <- 0x00010000


mem[X,0x8000F190] -> 0x8593
mem[X,0x8000F192] -> 0xFFF5
[1732] [M]: 0x8000F190 (0xFFF58593) addi a1, a1, 4095
x11 <- 0x0000FFFF


mem[X,0x8000F194] -> 0x0213
mem[X,0x8000F196] -> 0x0000
[1733] [M]: 0x8000F194 (0x00000213) addi tp, zero, 0
x4 <- 0x00000000


mem[X,0x8000F198] -> 0x006F
mem[X,0x8000F19A] -> 0x0180
[1734] [M]: 0x8000F198 (0x0180006F) jal zero, 24


mem[X,0x8000F1B0] -> 0x66E3
mem[X,0x8000F1B2] -> 0xFEB5
[1735] [M]: 0x8000F1B0 (0xFEB566E3) bltu a0, a1, 8172


mem[X,0x8000F19C] -> 0x0213
mem[X,0x8000F19E] -> 0x0012
[1736] [M]: 0x8000F19C (0x00120213) addi tp, tp, 1
x4 <- 0x00000001


mem[X,0x8000F1A0] -> 0x006F
mem[X,0x8000F1A2] -> 0x0240
[1737] [M]: 0x8000F1A0 (0x0240006F) jal zero, 36


mem[X,0x8000F1C4] -> 0xA223
mem[X,0x8000F1C6] -> 0x2840
[1738] [M]: 0x8000F1C4 (0x2840A223) sw tp, 644(ra)
mem[0x8004C3F8] <- 0x00000001


mem[X,0x8000F1C8] -> 0x0513
mem[X,0x8000F1CA] -> 0x0050
[1739] [M]: 0x8000F1C8 (0x00500513) addi a0, zero, 5
x10 <- 0x00000005


mem[X,0x8000F1CC] -> 0x0593
mem[X,0x8000F1CE] -> 0x0020
[1740] [M]: 0x8000F1CC (0x00200593) addi a1, zero, 2
x11 <- 0x00000002


mem[X,0x8000F1D0] -> 0x0213
mem[X,0x8000F1D2] -> 0x0000
[1741] [M]: 0x8000F1D0 (0x00000213) addi tp, zero, 0
x4 <- 0x00000000


mem[X,0x8000F1D4] -> 0x006F
mem[X,0x8000F1D6] -> 0x00C0
[1742] [M]: 0x8000F1D4 (0x00C0006F) jal zero, 12


mem[X,0x8000F1E0] -> 0x6063
mem[X,0x8000F1E2] -> 0x40B5
[1743] [M]: 0x8000F1E0 (0x40B56063) bltu a0, a1, 1024


mem[X,0x8000F1E4] -> 0x0213
mem[X,0x8000F1E6] -> 0x0022
[1744] [M]: 0x8000F1E4 (0x00220213) addi tp, tp, 2
x4 <- 0x00000002


mem[X,0x8000F1E8] -> 0x006F
mem[X,0x8000F1EA] -> 0x4000
[1745] [M]: 0x8000F1E8 (0x4000006F) jal zero, 1024


mem[X,0x8000F5E8] -> 0xA423
mem[X,0x8000F5EA] -> 0x2840
[1746] [M]: 0x8000F5E8 (0x2840A423) sw tp, 648(ra)
mem[0x8004C3FC] <- 0x00000002


mem[X,0x8000F5EC] -> 0x0513
mem[X,0x8000F5EE] -> 0x0050
[1747] [M]: 0x8000F5EC (0x00500513) addi a0, zero, 5
x10 <- 0x00000005


mem[X,0x8000F5F0] -> 0x55B7
mem[X,0x8000F5F2] -> 0x5555
[1748] [M]: 0x8000F5F0 (0x555555B7) lui a1, 349525
x11 <- 0x55555000


mem[X,0x8000F5F4] -> 0x8593
mem[X,0x8000F5F6] -> 0x5545
[1749] [M]: 0x8000F5F4 (0x55458593) addi a1, a1, 1364
x11 <- 0x55555554


mem[X,0x8000F5F8] -> 0x0213
mem[X,0x8000F5FA] -> 0x0000
[1750] [M]: 0x8000F5F8 (0x00000213) addi tp, zero, 0
x4 <- 0x00000000


mem[X,0x8000F5FC] -> 0x006F
mem[X,0x8000F5FE] -> 0x00C0
[1751] [M]: 0x8000F5FC (0x00C0006F) jal zero, 12


mem[X,0x8000F608] -> 0x6663
mem[X,0x8000F60A] -> 0x00B5
[1752] [M]: 0x8000F608 (0x00B56663) bltu a0, a1, 12


mem[X,0x8000F614] -> 0x0213
mem[X,0x8000F616] -> 0x0032
[1753] [M]: 0x8000F614 (0x00320213) addi tp, tp, 3
x4 <- 0x00000003


mem[X,0x8000F618] -> 0x006F
mem[X,0x8000F61A] -> 0x0040
[1754] [M]: 0x8000F618 (0x0040006F) jal zero, 4


mem[X,0x8000F61C] -> 0xA623
mem[X,0x8000F61E] -> 0x2840
[1755] [M]: 0x8000F61C (0x2840A623) sw tp, 652(ra)
mem[0x8004C400] <- 0x00000003


mem[X,0x8000F620] -> 0x0513
mem[X,0x8000F622] -> 0x0050
[1756] [M]: 0x8000F620 (0x00500513) addi a0, zero, 5
x10 <- 0x00000005


mem[X,0x8000F624] -> 0xB5B7
mem[X,0x8000F626] -> 0xAAAA
[1757] [M]: 0x8000F624 (0xAAAAB5B7) lui a1, 699051
x11 <- 0xAAAAB000


mem[X,0x8000F628] -> 0x8593
mem[X,0x8000F62A] -> 0xAA95
[1758] [M]: 0x8000F628 (0xAA958593) addi a1, a1, 2729
x11 <- 0xAAAAAAA9


mem[X,0x8000F62C] -> 0x0213
mem[X,0x8000F62E] -> 0x0000
[1759] [M]: 0x8000F62C (0x00000213) addi tp, zero, 0
x4 <- 0x00000000


mem[X,0x8000F630] -> 0x006F
mem[X,0x8000F632] -> 0x00C0
[1760] [M]: 0x8000F630 (0x00C0006F) jal zero, 12


mem[X,0x8000F63C] -> 0x6CE3
mem[X,0x8000F63E] -> 0xFEB5
[1761] [M]: 0x8000F63C (0xFEB56CE3) bltu a0, a1, 8184


mem[X,0x8000F634] -> 0x0213
mem[X,0x8000F636] -> 0x0012
[1762] [M]: 0x8000F634 (0x00120213) addi tp, tp, 1
x4 <- 0x00000001


mem[X,0x8000F638] -> 0x006F
mem[X,0x8000F63A] -> 0x0180
[1763] [M]: 0x8000F638 (0x0180006F) jal zero, 24


mem[X,0x8000F650] -> 0xA823
mem[X,0x8000F652] -> 0x2840
[1764] [M]: 0x8000F650 (0x2840A823) sw tp, 656(ra)
mem[0x8004C404] <- 0x00000001


mem[X,0x8000F654] -> 0x0513
mem[X,0x8000F656] -> 0x0050
[1765] [M]: 0x8000F654 (0x00500513) addi a0, zero, 5
x10 <- 0x00000005


mem[X,0x8000F658] -> 0x0593
mem[X,0x8000F65A] -> 0x0040
[1766] [M]: 0x8000F658 (0x00400593) addi a1, zero, 4
x11 <- 0x00000004


mem[X,0x8000F65C] -> 0x0213
mem[X,0x8000F65E] -> 0x0000
[1767] [M]: 0x8000F65C (0x00000213) addi tp, zero, 0
x4 <- 0x00000000


mem[X,0x8000F660] -> 0x006F
mem[X,0x8000F662] -> 0x00C0
[1768] [M]: 0x8000F660 (0x00C0006F) jal zero, 12


mem[X,0x8000F66C] -> 0x6663
mem[X,0x8000F66E] -> 0x00B5
[1769] [M]: 0x8000F66C (0x00B56663) bltu a0, a1, 12


mem[X,0x8000F670] -> 0x0213
mem[X,0x8000F672] -> 0x0022
[1770] [M]: 0x8000F670 (0x00220213) addi tp, tp, 2
x4 <- 0x00000002


mem[X,0x8000F674] -> 0x006F
mem[X,0x8000F676] -> 0x00C0
[1771] [M]: 0x8000F674 (0x00C0006F) jal zero, 12


mem[X,0x8000F680] -> 0xAA23
mem[X,0x8000F682] -> 0x2840
[1772] [M]: 0x8000F680 (0x2840AA23) sw tp, 660(ra)
mem[0x8004C408] <- 0x00000002


mem[X,0x8000F684] -> 0x0513
mem[X,0x8000F686] -> 0x0050
[1773] [M]: 0x8000F684 (0x00500513) addi a0, zero, 5
x10 <- 0x00000005


mem[X,0x8000F688] -> 0x35B7
mem[X,0x8000F68A] -> 0x3333
[1774] [M]: 0x8000F688 (0x333335B7) lui a1, 209715
x11 <- 0x33333000


mem[X,0x8000F68C] -> 0x8593
mem[X,0x8000F68E] -> 0x3325
[1775] [M]: 0x8000F68C (0x33258593) addi a1, a1, 818
x11 <- 0x33333332


mem[X,0x8000F690] -> 0x0213
mem[X,0x8000F692] -> 0x0000
[1776] [M]: 0x8000F690 (0x00000213) addi tp, zero, 0
x4 <- 0x00000000


mem[X,0x8000F694] -> 0x006F
mem[X,0x8000F696] -> 0x00C0
[1777] [M]: 0x8000F694 (0x00C0006F) jal zero, 12


mem[X,0x8000F6A0] -> 0x6CE3
mem[X,0x8000F6A2] -> 0xFEB5
[1778] [M]: 0x8000F6A0 (0xFEB56CE3) bltu a0, a1, 8184


mem[X,0x8000F698] -> 0x0213
mem[X,0x8000F69A] -> 0x0012
[1779] [M]: 0x8000F698 (0x00120213) addi tp, tp, 1
x4 <- 0x00000001


mem[X,0x8000F69C] -> 0x006F
mem[X,0x8000F69E] -> 0x0180
[1780] [M]: 0x8000F69C (0x0180006F) jal zero, 24


mem[X,0x8000F6B4] -> 0xAC23
mem[X,0x8000F6B6] -> 0x2840
[1781] [M]: 0x8000F6B4 (0x2840AC23) sw tp, 664(ra)
mem[0x8004C40C] <- 0x00000001


mem[X,0x8000F6B8] -> 0x0513
mem[X,0x8000F6BA] -> 0x0050
[1782] [M]: 0x8000F6B8 (0x00500513) addi a0, zero, 5
x10 <- 0x00000005


mem[X,0x8000F6BC] -> 0x65B7
mem[X,0x8000F6BE] -> 0x6666
[1783] [M]: 0x8000F6BC (0x666665B7) lui a1, 419430
x11 <- 0x66666000


mem[X,0x8000F6C0] -> 0x8593
mem[X,0x8000F6C2] -> 0x6655
[1784] [M]: 0x8000F6C0 (0x66558593) addi a1, a1, 1637
x11 <- 0x66666665


mem[X,0x8000F6C4] -> 0x0213
mem[X,0x8000F6C6] -> 0x0000
[1785] [M]: 0x8000F6C4 (0x00000213) addi tp, zero, 0
x4 <- 0x00000000


mem[X,0x8000F6C8] -> 0x006F
mem[X,0x8000F6CA] -> 0x00C0
[1786] [M]: 0x8000F6C8 (0x00C0006F) jal zero, 12


mem[X,0x8000F6D4] -> 0x6063
mem[X,0x8000F6D6] -> 0x08B5
[1787] [M]: 0x8000F6D4 (0x08B56063) bltu a0, a1, 128


mem[X,0x8000F754] -> 0x0213
mem[X,0x8000F756] -> 0x0032
[1788] [M]: 0x8000F754 (0x00320213) addi tp, tp, 3
x4 <- 0x00000003


mem[X,0x8000F758] -> 0x006F
mem[X,0x8000F75A] -> 0x0040
[1789] [M]: 0x8000F758 (0x0040006F) jal zero, 4


mem[X,0x8000F75C] -> 0xAE23
mem[X,0x8000F75E] -> 0x2840
[1790] [M]: 0x8000F75C (0x2840AE23) sw tp, 668(ra)
mem[0x8004C410] <- 0x00000003


mem[X,0x8000F760] -> 0x0513
mem[X,0x8000F762] -> 0x0050
[1791] [M]: 0x8000F760 (0x00500513) addi a0, zero, 5
x10 <- 0x00000005


mem[X,0x8000F764] -> 0xB5B7
mem[X,0x8000F766] -> 0x0000
[1792] [M]: 0x8000F764 (0x0000B5B7) lui a1, 11
x11 <- 0x0000B000


mem[X,0x8000F768] -> 0x8593
mem[X,0x8000F76A] -> 0x5035
[1793] [M]: 0x8000F768 (0x50358593) addi a1, a1, 1283
x11 <- 0x0000B503


mem[X,0x8000F76C] -> 0x0213
mem[X,0x8000F76E] -> 0x0000
[1794] [M]: 0x8000F76C (0x00000213) addi tp, zero, 0
x4 <- 0x00000000


mem[X,0x8000F770] -> 0x006F
mem[X,0x8000F772] -> 0x00C0
[1795] [M]: 0x8000F770 (0x00C0006F) jal zero, 12


mem[X,0x8000F77C] -> 0x6863
mem[X,0x8000F77E] -> 0x00B5
[1796] [M]: 0x8000F77C (0x00B56863) bltu a0, a1, 16


mem[X,0x8000F78C] -> 0x0213
mem[X,0x8000F78E] -> 0x0032
[1797] [M]: 0x8000F78C (0x00320213) addi tp, tp, 3
x4 <- 0x00000003


mem[X,0x8000F790] -> 0x006F
mem[X,0x8000F792] -> 0x0040
[1798] [M]: 0x8000F790 (0x0040006F) jal zero, 4


mem[X,0x8000F794] -> 0xA023
mem[X,0x8000F796] -> 0x2A40
[1799] [M]: 0x8000F794 (0x2A40A023) sw tp, 672(ra)
mem[0x8004C414] <- 0x00000003


clint::tick mtime <- 0x0000000000000012
 clint timer pending at mtime 0x0000000000000012
htif::tick 0x0000000000000000
mem[X,0x8000F798] -> 0x0513
mem[X,0x8000F79A] -> 0x0050
[1800] [M]: 0x8000F798 (0x00500513) addi a0, zero, 5
x10 <- 0x00000005


mem[X,0x8000F79C] -> 0x05B7
mem[X,0x8000F79E] -> 0x0001
[1801] [M]: 0x8000F79C (0x000105B7) lui a1, 16
x11 <- 0x00010000


mem[X,0x8000F7A0] -> 0x8593
mem[X,0x8000F7A2] -> 0xFFE5
[1802] [M]: 0x8000F7A0 (0xFFE58593) addi a1, a1, 4094
x11 <- 0x0000FFFE


mem[X,0x8000F7A4] -> 0x0213
mem[X,0x8000F7A6] -> 0x0000
[1803] [M]: 0x8000F7A4 (0x00000213) addi tp, zero, 0
x4 <- 0x00000000


mem[X,0x8000F7A8] -> 0x006F
mem[X,0x8000F7AA] -> 0x00C0
[1804] [M]: 0x8000F7A8 (0x00C0006F) jal zero, 12


mem[X,0x8000F7B4] -> 0x6CE3
mem[X,0x8000F7B6] -> 0xFEB5
[1805] [M]: 0x8000F7B4 (0xFEB56CE3) bltu a0, a1, 8184


mem[X,0x8000F7AC] -> 0x0213
mem[X,0x8000F7AE] -> 0x0012
[1806] [M]: 0x8000F7AC (0x00120213) addi tp, tp, 1
x4 <- 0x00000001


mem[X,0x8000F7B0] -> 0x006F
mem[X,0x8000F7B2] -> 0x0180
[1807] [M]: 0x8000F7B0 (0x0180006F) jal zero, 24


mem[X,0x8000F7C8] -> 0xA223
mem[X,0x8000F7CA] -> 0x2A40
[1808] [M]: 0x8000F7C8 (0x2A40A223) sw tp, 676(ra)
mem[0x8004C418] <- 0x00000001


mem[X,0x8000F7CC] -> 0x0513
mem[X,0x8000F7CE] -> 0x0050
[1809] [M]: 0x8000F7CC (0x00500513) addi a0, zero, 5
x10 <- 0x00000005


mem[X,0x8000F7D0] -> 0x55B7
mem[X,0x8000F7D2] -> 0x5555
[1810] [M]: 0x8000F7D0 (0x555555B7) lui a1, 349525
x11 <- 0x55555000


mem[X,0x8000F7D4] -> 0x8593
mem[X,0x8000F7D6] -> 0x5565
[1811] [M]: 0x8000F7D4 (0x55658593) addi a1, a1, 1366
x11 <- 0x55555556


mem[X,0x8000F7D8] -> 0x0213
mem[X,0x8000F7DA] -> 0x0000
[1812] [M]: 0x8000F7D8 (0x00000213) addi tp, zero, 0
x4 <- 0x00000000


mem[X,0x8000F7DC] -> 0x006F
mem[X,0x8000F7DE] -> 0x00C0
[1813] [M]: 0x8000F7DC (0x00C0006F) jal zero, 12


mem[X,0x8000F7E8] -> 0x6663
mem[X,0x8000F7EA] -> 0x00B5
[1814] [M]: 0x8000F7E8 (0x00B56663) bltu a0, a1, 12


mem[X,0x8000F7F4] -> 0x0213
mem[X,0x8000F7F6] -> 0x0032
[1815] [M]: 0x8000F7F4 (0x00320213) addi tp, tp, 3
x4 <- 0x00000003


mem[X,0x8000F7F8] -> 0x006F
mem[X,0x8000F7FA] -> 0x0040
[1816] [M]: 0x8000F7F8 (0x0040006F) jal zero, 4


mem[X,0x8000F7FC] -> 0xA423
mem[X,0x8000F7FE] -> 0x2A40
[1817] [M]: 0x8000F7FC (0x2A40A423) sw tp, 680(ra)
mem[0x8004C41C] <- 0x00000003


mem[X,0x8000F800] -> 0x0513
mem[X,0x8000F802] -> 0x0050
[1818] [M]: 0x8000F800 (0x00500513) addi a0, zero, 5
x10 <- 0x00000005


mem[X,0x8000F804] -> 0xB5B7
mem[X,0x8000F806] -> 0xAAAA
[1819] [M]: 0x8000F804 (0xAAAAB5B7) lui a1, 699051
x11 <- 0xAAAAB000


mem[X,0x8000F808] -> 0x8593
mem[X,0x8000F80A] -> 0xAAB5
[1820] [M]: 0x8000F808 (0xAAB58593) addi a1, a1, 2731
x11 <- 0xAAAAAAAB


mem[X,0x8000F80C] -> 0x0213
mem[X,0x8000F80E] -> 0x0000
[1821] [M]: 0x8000F80C (0x00000213) addi tp, zero, 0
x4 <- 0x00000000


mem[X,0x8000F810] -> 0x006F
mem[X,0x8000F812] -> 0x0140
[1822] [M]: 0x8000F810 (0x0140006F) jal zero, 20


mem[X,0x8000F824] -> 0x68E3
mem[X,0x8000F826] -> 0xFEB5
[1823] [M]: 0x8000F824 (0xFEB568E3) bltu a0, a1, 8176


mem[X,0x8000F814] -> 0x0213
mem[X,0x8000F816] -> 0x0012
[1824] [M]: 0x8000F814 (0x00120213) addi tp, tp, 1
x4 <- 0x00000001


mem[X,0x8000F818] -> 0x006F
mem[X,0x8000F81A] -> 0x0200
[1825] [M]: 0x8000F818 (0x0200006F) jal zero, 32


mem[X,0x8000F838] -> 0xA623
mem[X,0x8000F83A] -> 0x2A40
[1826] [M]: 0x8000F838 (0x2A40A623) sw tp, 684(ra)
mem[0x8004C420] <- 0x00000001


mem[X,0x8000F83C] -> 0x0513
mem[X,0x8000F83E] -> 0x0050
[1827] [M]: 0x8000F83C (0x00500513) addi a0, zero, 5
x10 <- 0x00000005


mem[X,0x8000F840] -> 0x0593
mem[X,0x8000F842] -> 0x0060
[1828] [M]: 0x8000F840 (0x00600593) addi a1, zero, 6
x11 <- 0x00000006


mem[X,0x8000F844] -> 0x0213
mem[X,0x8000F846] -> 0x0000
[1829] [M]: 0x8000F844 (0x00000213) addi tp, zero, 0
x4 <- 0x00000000


mem[X,0x8000F848] -> 0x006F
mem[X,0x8000F84A] -> 0x0100
[1830] [M]: 0x8000F848 (0x0100006F) jal zero, 16


mem[X,0x8000F858] -> 0x6AE3
mem[X,0x8000F85A] -> 0xFEB5
[1831] [M]: 0x8000F858 (0xFEB56AE3) bltu a0, a1, 8180


mem[X,0x8000F84C] -> 0x0213
mem[X,0x8000F84E] -> 0x0012
[1832] [M]: 0x8000F84C (0x00120213) addi tp, tp, 1
x4 <- 0x00000001


mem[X,0x8000F850] -> 0x006F
mem[X,0x8000F852] -> 0x01C0
[1833] [M]: 0x8000F850 (0x01C0006F) jal zero, 28


mem[X,0x8000F86C] -> 0xA823
mem[X,0x8000F86E] -> 0x2A40
[1834] [M]: 0x8000F86C (0x2A40A823) sw tp, 688(ra)
mem[0x8004C424] <- 0x00000001


mem[X,0x8000F870] -> 0x0513
mem[X,0x8000F872] -> 0x0050
[1835] [M]: 0x8000F870 (0x00500513) addi a0, zero, 5
x10 <- 0x00000005


mem[X,0x8000F874] -> 0x35B7
mem[X,0x8000F876] -> 0x3333
[1836] [M]: 0x8000F874 (0x333335B7) lui a1, 209715
x11 <- 0x33333000


mem[X,0x8000F878] -> 0x8593
mem[X,0x8000F87A] -> 0x3345
[1837] [M]: 0x8000F878 (0x33458593) addi a1, a1, 820
x11 <- 0x33333334


mem[X,0x8000F87C] -> 0x0213
mem[X,0x8000F87E] -> 0x0000
[1838] [M]: 0x8000F87C (0x00000213) addi tp, zero, 0
x4 <- 0x00000000


mem[X,0x8000F880] -> 0x006F
mem[X,0x8000F882] -> 0x00C0
[1839] [M]: 0x8000F880 (0x00C0006F) jal zero, 12


mem[X,0x8000F88C] -> 0x6663
mem[X,0x8000F88E] -> 0x00B5
[1840] [M]: 0x8000F88C (0x00B56663) bltu a0, a1, 12


mem[X,0x8000F898] -> 0x0213
mem[X,0x8000F89A] -> 0x0032
[1841] [M]: 0x8000F898 (0x00320213) addi tp, tp, 3
x4 <- 0x00000003


mem[X,0x8000F89C] -> 0x006F
mem[X,0x8000F89E] -> 0x0040
[1842] [M]: 0x8000F89C (0x0040006F) jal zero, 4


mem[X,0x8000F8A0] -> 0xAA23
mem[X,0x8000F8A2] -> 0x2A40
[1843] [M]: 0x8000F8A0 (0x2A40AA23) sw tp, 692(ra)
mem[0x8004C428] <- 0x00000003


mem[X,0x8000F8A4] -> 0x0513
mem[X,0x8000F8A6] -> 0x0050
[1844] [M]: 0x8000F8A4 (0x00500513) addi a0, zero, 5
x10 <- 0x00000005


mem[X,0x8000F8A8] -> 0x65B7
mem[X,0x8000F8AA] -> 0x6666
[1845] [M]: 0x8000F8A8 (0x666665B7) lui a1, 419430
x11 <- 0x66666000


mem[X,0x8000F8AC] -> 0x8593
mem[X,0x8000F8AE] -> 0x6675
[1846] [M]: 0x8000F8AC (0x66758593) addi a1, a1, 1639
x11 <- 0x66666667


mem[X,0x8000F8B0] -> 0x0213
mem[X,0x8000F8B2] -> 0x0000
[1847] [M]: 0x8000F8B0 (0x00000213) addi tp, zero, 0
x4 <- 0x00000000


mem[X,0x8000F8B4] -> 0x006F
mem[X,0x8000F8B6] -> 0x00C0
[1848] [M]: 0x8000F8B4 (0x00C0006F) jal zero, 12


mem[X,0x8000F8C0] -> 0x6063
mem[X,0x8000F8C2] -> 0x10B5
[1849] [M]: 0x8000F8C0 (0x10B56063) bltu a0, a1, 256


mem[X,0x8000F9C0] -> 0x0213
mem[X,0x8000F9C2] -> 0x0032
[1850] [M]: 0x8000F9C0 (0x00320213) addi tp, tp, 3
x4 <- 0x00000003


mem[X,0x8000F9C4] -> 0x006F
mem[X,0x8000F9C6] -> 0x0040
[1851] [M]: 0x8000F9C4 (0x0040006F) jal zero, 4


mem[X,0x8000F9C8] -> 0xAC23
mem[X,0x8000F9CA] -> 0x2A40
[1852] [M]: 0x8000F9C8 (0x2A40AC23) sw tp, 696(ra)
mem[0x8004C42C] <- 0x00000003


mem[X,0x8000F9CC] -> 0x0513
mem[X,0x8000F9CE] -> 0x0050
[1853] [M]: 0x8000F9CC (0x00500513) addi a0, zero, 5
x10 <- 0x00000005


mem[X,0x8000F9D0] -> 0xB5B7
mem[X,0x8000F9D2] -> 0x0000
[1854] [M]: 0x8000F9D0 (0x0000B5B7) lui a1, 11
x11 <- 0x0000B000


mem[X,0x8000F9D4] -> 0x8593
mem[X,0x8000F9D6] -> 0x5055
[1855] [M]: 0x8000F9D4 (0x50558593) addi a1, a1, 1285
x11 <- 0x0000B505


mem[X,0x8000F9D8] -> 0x0213
mem[X,0x8000F9DA] -> 0x0000
[1856] [M]: 0x8000F9D8 (0x00000213) addi tp, zero, 0
x4 <- 0x00000000


mem[X,0x8000F9DC] -> 0x006F
mem[X,0x8000F9DE] -> 0x00C0
[1857] [M]: 0x8000F9DC (0x00C0006F) jal zero, 12


mem[X,0x8000F9E8] -> 0x6063
mem[X,0x8000F9EA] -> 0x02B5
[1858] [M]: 0x8000F9E8 (0x02B56063) bltu a0, a1, 32


mem[X,0x8000FA08] -> 0x0213
mem[X,0x8000FA0A] -> 0x0032
[1859] [M]: 0x8000FA08 (0x00320213) addi tp, tp, 3
x4 <- 0x00000003


mem[X,0x8000FA0C] -> 0x006F
mem[X,0x8000FA0E] -> 0x0040
[1860] [M]: 0x8000FA0C (0x0040006F) jal zero, 4


mem[X,0x8000FA10] -> 0xAE23
mem[X,0x8000FA12] -> 0x2A40
[1861] [M]: 0x8000FA10 (0x2A40AE23) sw tp, 700(ra)
mem[0x8004C430] <- 0x00000003


mem[X,0x8000FA14] -> 0x0513
mem[X,0x8000FA16] -> 0x0050
[1862] [M]: 0x8000FA14 (0x00500513) addi a0, zero, 5
x10 <- 0x00000005


mem[X,0x8000FA18] -> 0x0593
mem[X,0x8000FA1A] -> 0x0010
[1863] [M]: 0x8000FA18 (0x00100593) addi a1, zero, 1
x11 <- 0x00000001


mem[X,0x8000FA1C] -> 0x0213
mem[X,0x8000FA1E] -> 0x0000
[1864] [M]: 0x8000FA1C (0x00000213) addi tp, zero, 0
x4 <- 0x00000000


mem[X,0x8000FA20] -> 0x006F
mem[X,0x8000FA22] -> 0x00C0
[1865] [M]: 0x8000FA20 (0x00C0006F) jal zero, 12


mem[X,0x8000FA2C] -> 0x6CE3
mem[X,0x8000FA2E] -> 0xFEB5
[1866] [M]: 0x8000FA2C (0xFEB56CE3) bltu a0, a1, 8184


mem[X,0x8000FA30] -> 0x0213
mem[X,0x8000FA32] -> 0x0022
[1867] [M]: 0x8000FA30 (0x00220213) addi tp, tp, 2
x4 <- 0x00000002


mem[X,0x8000FA34] -> 0x006F
mem[X,0x8000FA36] -> 0x00C0
[1868] [M]: 0x8000FA34 (0x00C0006F) jal zero, 12


mem[X,0x8000FA40] -> 0xA023
mem[X,0x8000FA42] -> 0x2C40
[1869] [M]: 0x8000FA40 (0x2C40A023) sw tp, 704(ra)
mem[0x8004C434] <- 0x00000002


mem[X,0x8000FA44] -> 0x0513
mem[X,0x8000FA46] -> 0x0050
[1870] [M]: 0x8000FA44 (0x00500513) addi a0, zero, 5
x10 <- 0x00000005


mem[X,0x8000FA48] -> 0x05B7
mem[X,0x8000FA4A] -> 0x0001
[1871] [M]: 0x8000FA48 (0x000105B7) lui a1, 16
x11 <- 0x00010000


mem[X,0x8000FA4C] -> 0x0213
mem[X,0x8000FA4E] -> 0x0000
[1872] [M]: 0x8000FA4C (0x00000213) addi tp, zero, 0
x4 <- 0x00000000


mem[X,0x8000FA50] -> 0x006F
mem[X,0x8000FA52] -> 0x0180
[1873] [M]: 0x8000FA50 (0x0180006F) jal zero, 24


mem[X,0x8000FA68] -> 0x66E3
mem[X,0x8000FA6A] -> 0xFEB5
[1874] [M]: 0x8000FA68 (0xFEB566E3) bltu a0, a1, 8172


mem[X,0x8000FA54] -> 0x0213
mem[X,0x8000FA56] -> 0x0012
[1875] [M]: 0x8000FA54 (0x00120213) addi tp, tp, 1
x4 <- 0x00000001


mem[X,0x8000FA58] -> 0x006F
mem[X,0x8000FA5A] -> 0x0240
[1876] [M]: 0x8000FA58 (0x0240006F) jal zero, 36


mem[X,0x8000FA7C] -> 0xA223
mem[X,0x8000FA7E] -> 0x2C40
[1877] [M]: 0x8000FA7C (0x2C40A223) sw tp, 708(ra)
mem[0x8004C438] <- 0x00000001


mem[X,0x8000FA80] -> 0x3537
mem[X,0x8000FA82] -> 0x3333
[1878] [M]: 0x8000FA80 (0x33333537) lui a0, 209715
x10 <- 0x33333000


mem[X,0x8000FA84] -> 0x0513
mem[X,0x8000FA86] -> 0x3335
[1879] [M]: 0x8000FA84 (0x33350513) addi a0, a0, 819
x10 <- 0x33333333


mem[X,0x8000FA88] -> 0x0593
mem[X,0x8000FA8A] -> 0x0030
[1880] [M]: 0x8000FA88 (0x00300593) addi a1, zero, 3
x11 <- 0x00000003


mem[X,0x8000FA8C] -> 0x0213
mem[X,0x8000FA8E] -> 0x0000
[1881] [M]: 0x8000FA8C (0x00000213) addi tp, zero, 0
x4 <- 0x00000000


mem[X,0x8000FA90] -> 0x006F
mem[X,0x8000FA92] -> 0x00C0
[1882] [M]: 0x8000FA90 (0x00C0006F) jal zero, 12


mem[X,0x8000FA9C] -> 0x6663
mem[X,0x8000FA9E] -> 0x00B5
[1883] [M]: 0x8000FA9C (0x00B56663) bltu a0, a1, 12


mem[X,0x8000FAA0] -> 0x0213
mem[X,0x8000FAA2] -> 0x0022
[1884] [M]: 0x8000FAA0 (0x00220213) addi tp, tp, 2
x4 <- 0x00000002


mem[X,0x8000FAA4] -> 0x006F
mem[X,0x8000FAA6] -> 0x00C0
[1885] [M]: 0x8000FAA4 (0x00C0006F) jal zero, 12


mem[X,0x8000FAB0] -> 0xA423
mem[X,0x8000FAB2] -> 0x2C40
[1886] [M]: 0x8000FAB0 (0x2C40A423) sw tp, 712(ra)
mem[0x8004C43C] <- 0x00000002


mem[X,0x8000FAB4] -> 0x3537
mem[X,0x8000FAB6] -> 0x3333
[1887] [M]: 0x8000FAB4 (0x33333537) lui a0, 209715
x10 <- 0x33333000


mem[X,0x8000FAB8] -> 0x0513
mem[X,0x8000FABA] -> 0x3335
[1888] [M]: 0x8000FAB8 (0x33350513) addi a0, a0, 819
x10 <- 0x33333333


mem[X,0x8000FABC] -> 0x55B7
mem[X,0x8000FABE] -> 0x5555
[1889] [M]: 0x8000FABC (0x555555B7) lui a1, 349525
x11 <- 0x55555000


mem[X,0x8000FAC0] -> 0x8593
mem[X,0x8000FAC2] -> 0x5555
[1890] [M]: 0x8000FAC0 (0x55558593) addi a1, a1, 1365
x11 <- 0x55555555


mem[X,0x8000FAC4] -> 0x0213
mem[X,0x8000FAC6] -> 0x0000
[1891] [M]: 0x8000FAC4 (0x00000213) addi tp, zero, 0
x4 <- 0x00000000


mem[X,0x8000FAC8] -> 0x006F
mem[X,0x8000FACA] -> 0x2B10
[1892] [M]: 0x8000FAC8 (0x2B10006F) jal zero, 2736


mem[X,0x80010578] -> 0x6A63
mem[X,0x8001057A] -> 0xD4B5
[1893] [M]: 0x80010578 (0xD4B56A63) bltu a0, a1, 5460


mem[X,0x8000FACC] -> 0x0213
mem[X,0x8000FACE] -> 0x0012
[1894] [M]: 0x8000FACC (0x00120213) addi tp, tp, 1
x4 <- 0x00000001


mem[X,0x8000FAD0] -> 0x006F
mem[X,0x8000FAD2] -> 0x2BD0
[1895] [M]: 0x8000FAD0 (0x2BD0006F) jal zero, 2748


mem[X,0x8001058C] -> 0xA623
mem[X,0x8001058E] -> 0x2C40
[1896] [M]: 0x8001058C (0x2C40A623) sw tp, 716(ra)
mem[0x8004C440] <- 0x00000001


mem[X,0x80010590] -> 0x3537
mem[X,0x80010592] -> 0x3333
[1897] [M]: 0x80010590 (0x33333537) lui a0, 209715
x10 <- 0x33333000


mem[X,0x80010594] -> 0x0513
mem[X,0x80010596] -> 0x3335
[1898] [M]: 0x80010594 (0x33350513) addi a0, a0, 819
x10 <- 0x33333333


mem[X,0x80010598] -> 0xB5B7
mem[X,0x8001059A] -> 0xAAAA
[1899] [M]: 0x80010598 (0xAAAAB5B7) lui a1, 699051
x11 <- 0xAAAAB000


clint::tick mtime <- 0x0000000000000013
 clint timer pending at mtime 0x0000000000000013
htif::tick 0x0000000000000000
mem[X,0x8001059C] -> 0x8593
mem[X,0x8001059E] -> 0xAAA5
[1900] [M]: 0x8001059C (0xAAA58593) addi a1, a1, 2730
x11 <- 0xAAAAAAAA


mem[X,0x800105A0] -> 0x0213
mem[X,0x800105A2] -> 0x0000
[1901] [M]: 0x800105A0 (0x00000213) addi tp, zero, 0
x4 <- 0x00000000


mem[X,0x800105A4] -> 0x006F
mem[X,0x800105A6] -> 0x0050
[1902] [M]: 0x800105A4 (0x0050006F) jal zero, 2052


mem[X,0x80010DA8] -> 0x60E3
mem[X,0x80010DAA] -> 0x80B5
[1903] [M]: 0x80010DA8 (0x80B560E3) bltu a0, a1, 6144


mem[X,0x800105A8] -> 0x0213
mem[X,0x800105AA] -> 0x0012
[1904] [M]: 0x800105A8 (0x00120213) addi tp, tp, 1
x4 <- 0x00000001


mem[X,0x800105AC] -> 0x006F
mem[X,0x800105AE] -> 0x0110
[1905] [M]: 0x800105AC (0x0110006F) jal zero, 2064


mem[X,0x80010DBC] -> 0xA823
mem[X,0x80010DBE] -> 0x2C40
[1906] [M]: 0x80010DBC (0x2C40A823) sw tp, 720(ra)
mem[0x8004C444] <- 0x00000001


mem[X,0x80010DC0] -> 0x3537
mem[X,0x80010DC2] -> 0x3333
[1907] [M]: 0x80010DC0 (0x33333537) lui a0, 209715
x10 <- 0x33333000


mem[X,0x80010DC4] -> 0x0513
mem[X,0x80010DC6] -> 0x3335
[1908] [M]: 0x80010DC4 (0x33350513) addi a0, a0, 819
x10 <- 0x33333333


mem[X,0x80010DC8] -> 0x0593
mem[X,0x80010DCA] -> 0x0050
[1909] [M]: 0x80010DC8 (0x00500593) addi a1, zero, 5
x11 <- 0x00000005


mem[X,0x80010DCC] -> 0x0213
mem[X,0x80010DCE] -> 0x0000
[1910] [M]: 0x80010DCC (0x00000213) addi tp, zero, 0
x4 <- 0x00000000


mem[X,0x80010DD0] -> 0x006F
mem[X,0x80010DD2] -> 0x0180
[1911] [M]: 0x80010DD0 (0x0180006F) jal zero, 24


mem[X,0x80010DE8] -> 0x66E3
mem[X,0x80010DEA] -> 0xFEB5
[1912] [M]: 0x80010DE8 (0xFEB566E3) bltu a0, a1, 8172


mem[X,0x80010DEC] -> 0x0213
mem[X,0x80010DEE] -> 0x0022
[1913] [M]: 0x80010DEC (0x00220213) addi tp, tp, 2
x4 <- 0x00000002


mem[X,0x80010DF0] -> 0x006F
mem[X,0x80010DF2] -> 0x00C0
[1914] [M]: 0x80010DF0 (0x00C0006F) jal zero, 12


mem[X,0x80010DFC] -> 0xAA23
mem[X,0x80010DFE] -> 0x2C40
[1915] [M]: 0x80010DFC (0x2C40AA23) sw tp, 724(ra)
mem[0x8004C448] <- 0x00000002


mem[X,0x80010E00] -> 0x3537
mem[X,0x80010E02] -> 0x3333
[1916] [M]: 0x80010E00 (0x33333537) lui a0, 209715
x10 <- 0x33333000


mem[X,0x80010E04] -> 0x0513
mem[X,0x80010E06] -> 0x3335
[1917] [M]: 0x80010E04 (0x33350513) addi a0, a0, 819
x10 <- 0x33333333


mem[X,0x80010E08] -> 0x35B7
mem[X,0x80010E0A] -> 0x3333
[1918] [M]: 0x80010E08 (0x333335B7) lui a1, 209715
x11 <- 0x33333000


mem[X,0x80010E0C] -> 0x8593
mem[X,0x80010E0E] -> 0x3335
[1919] [M]: 0x80010E0C (0x33358593) addi a1, a1, 819
x11 <- 0x33333333


mem[X,0x80010E10] -> 0x0213
mem[X,0x80010E12] -> 0x0000
[1920] [M]: 0x80010E10 (0x00000213) addi tp, zero, 0
x4 <- 0x00000000


mem[X,0x80010E14] -> 0x006F
mem[X,0x80010E16] -> 0x00C0
[1921] [M]: 0x80010E14 (0x00C0006F) jal zero, 12


mem[X,0x80010E20] -> 0x6063
mem[X,0x80010E22] -> 0x02B5
[1922] [M]: 0x80010E20 (0x02B56063) bltu a0, a1, 32


mem[X,0x80010E24] -> 0x0213
mem[X,0x80010E26] -> 0x0022
[1923] [M]: 0x80010E24 (0x00220213) addi tp, tp, 2
x4 <- 0x00000002


mem[X,0x80010E28] -> 0x006F
mem[X,0x80010E2A] -> 0x0200
[1924] [M]: 0x80010E28 (0x0200006F) jal zero, 32


mem[X,0x80010E48] -> 0xAC23
mem[X,0x80010E4A] -> 0x2C40
[1925] [M]: 0x80010E48 (0x2C40AC23) sw tp, 728(ra)
mem[0x8004C44C] <- 0x00000002


mem[X,0x80010E4C] -> 0x3537
mem[X,0x80010E4E] -> 0x3333
[1926] [M]: 0x80010E4C (0x33333537) lui a0, 209715
x10 <- 0x33333000


mem[X,0x80010E50] -> 0x0513
mem[X,0x80010E52] -> 0x3335
[1927] [M]: 0x80010E50 (0x33350513) addi a0, a0, 819
x10 <- 0x33333333


mem[X,0x80010E54] -> 0x65B7
mem[X,0x80010E56] -> 0x6666
[1928] [M]: 0x80010E54 (0x666665B7) lui a1, 419430
x11 <- 0x66666000


mem[X,0x80010E58] -> 0x8593
mem[X,0x80010E5A] -> 0x6665
[1929] [M]: 0x80010E58 (0x66658593) addi a1, a1, 1638
x11 <- 0x66666666


mem[X,0x80010E5C] -> 0x0213
mem[X,0x80010E5E] -> 0x0000
[1930] [M]: 0x80010E5C (0x00000213) addi tp, zero, 0
x4 <- 0x00000000


mem[X,0x80010E60] -> 0x006F
mem[X,0x80010E62] -> 0x0100
[1931] [M]: 0x80010E60 (0x0100006F) jal zero, 16


mem[X,0x80010E70] -> 0x6AE3
mem[X,0x80010E72] -> 0xFEB5
[1932] [M]: 0x80010E70 (0xFEB56AE3) bltu a0, a1, 8180


mem[X,0x80010E64] -> 0x0213
mem[X,0x80010E66] -> 0x0012
[1933] [M]: 0x80010E64 (0x00120213) addi tp, tp, 1
x4 <- 0x00000001


mem[X,0x80010E68] -> 0x006F
mem[X,0x80010E6A] -> 0x01C0
[1934] [M]: 0x80010E68 (0x01C0006F) jal zero, 28


mem[X,0x80010E84] -> 0xAE23
mem[X,0x80010E86] -> 0x2C40
[1935] [M]: 0x80010E84 (0x2C40AE23) sw tp, 732(ra)
mem[0x8004C450] <- 0x00000001


mem[X,0x80010E88] -> 0x3537
mem[X,0x80010E8A] -> 0x3333
[1936] [M]: 0x80010E88 (0x33333537) lui a0, 209715
x10 <- 0x33333000


mem[X,0x80010E8C] -> 0x0513
mem[X,0x80010E8E] -> 0x3335
[1937] [M]: 0x80010E8C (0x33350513) addi a0, a0, 819
x10 <- 0x33333333


mem[X,0x80010E90] -> 0xB5B7
mem[X,0x80010E92] -> 0x0000
[1938] [M]: 0x80010E90 (0x0000B5B7) lui a1, 11
x11 <- 0x0000B000


mem[X,0x80010E94] -> 0x8593
mem[X,0x80010E96] -> 0x5045
[1939] [M]: 0x80010E94 (0x50458593) addi a1, a1, 1284
x11 <- 0x0000B504


mem[X,0x80010E98] -> 0x0213
mem[X,0x80010E9A] -> 0x0000
[1940] [M]: 0x80010E98 (0x00000213) addi tp, zero, 0
x4 <- 0x00000000


mem[X,0x80010E9C] -> 0x006F
mem[X,0x80010E9E] -> 0x00C0
[1941] [M]: 0x80010E9C (0x00C0006F) jal zero, 12


mem[X,0x80010EA8] -> 0x6063
mem[X,0x80010EAA] -> 0x10B5
[1942] [M]: 0x80010EA8 (0x10B56063) bltu a0, a1, 256


mem[X,0x80010EAC] -> 0x0213
mem[X,0x80010EAE] -> 0x0022
[1943] [M]: 0x80010EAC (0x00220213) addi tp, tp, 2
x4 <- 0x00000002


mem[X,0x80010EB0] -> 0x006F
mem[X,0x80010EB2] -> 0x1000
[1944] [M]: 0x80010EB0 (0x1000006F) jal zero, 256


mem[X,0x80010FB0] -> 0xA023
mem[X,0x80010FB2] -> 0x2E40
[1945] [M]: 0x80010FB0 (0x2E40A023) sw tp, 736(ra)
mem[0x8004C454] <- 0x00000002


mem[X,0x80010FB4] -> 0x3537
mem[X,0x80010FB6] -> 0x3333
[1946] [M]: 0x80010FB4 (0x33333537) lui a0, 209715
x10 <- 0x33333000


mem[X,0x80010FB8] -> 0x0513
mem[X,0x80010FBA] -> 0x3335
[1947] [M]: 0x80010FB8 (0x33350513) addi a0, a0, 819
x10 <- 0x33333333


mem[X,0x80010FBC] -> 0x0593
mem[X,0x80010FBE] -> 0x0000
[1948] [M]: 0x80010FBC (0x00000593) addi a1, zero, 0
x11 <- 0x00000000


mem[X,0x80010FC0] -> 0x0213
mem[X,0x80010FC2] -> 0x0000
[1949] [M]: 0x80010FC0 (0x00000213) addi tp, zero, 0
x4 <- 0x00000000


mem[X,0x80010FC4] -> 0x006F
mem[X,0x80010FC6] -> 0x00C0
[1950] [M]: 0x80010FC4 (0x00C0006F) jal zero, 12


mem[X,0x80010FD0] -> 0x6063
mem[X,0x80010FD2] -> 0x40B5
[1951] [M]: 0x80010FD0 (0x40B56063) bltu a0, a1, 1024


mem[X,0x80010FD4] -> 0x0213
mem[X,0x80010FD6] -> 0x0022
[1952] [M]: 0x80010FD4 (0x00220213) addi tp, tp, 2
x4 <- 0x00000002


mem[X,0x80010FD8] -> 0x006F
mem[X,0x80010FDA] -> 0x4000
[1953] [M]: 0x80010FD8 (0x4000006F) jal zero, 1024


mem[X,0x800113D8] -> 0xA223
mem[X,0x800113DA] -> 0x2E40
[1954] [M]: 0x800113D8 (0x2E40A223) sw tp, 740(ra)
mem[0x8004C458] <- 0x00000002


mem[X,0x800113DC] -> 0x3537
mem[X,0x800113DE] -> 0x3333
[1955] [M]: 0x800113DC (0x33333537) lui a0, 209715
x10 <- 0x33333000


mem[X,0x800113E0] -> 0x0513
mem[X,0x800113E2] -> 0x3335
[1956] [M]: 0x800113E0 (0x33350513) addi a0, a0, 819
x10 <- 0x33333333


mem[X,0x800113E4] -> 0x05B7
mem[X,0x800113E6] -> 0x0001
[1957] [M]: 0x800113E4 (0x000105B7) lui a1, 16
x11 <- 0x00010000


mem[X,0x800113E8] -> 0x8593
mem[X,0x800113EA] -> 0xFFF5
[1958] [M]: 0x800113E8 (0xFFF58593) addi a1, a1, 4095
x11 <- 0x0000FFFF


mem[X,0x800113EC] -> 0x0213
mem[X,0x800113EE] -> 0x0000
[1959] [M]: 0x800113EC (0x00000213) addi tp, zero, 0
x4 <- 0x00000000


mem[X,0x800113F0] -> 0x006F
mem[X,0x800113F2] -> 0x00C0
[1960] [M]: 0x800113F0 (0x00C0006F) jal zero, 12


mem[X,0x800113FC] -> 0x6663
mem[X,0x800113FE] -> 0x00B5
[1961] [M]: 0x800113FC (0x00B56663) bltu a0, a1, 12


mem[X,0x80011400] -> 0x0213
mem[X,0x80011402] -> 0x0022
[1962] [M]: 0x80011400 (0x00220213) addi tp, tp, 2
x4 <- 0x00000002


mem[X,0x80011404] -> 0x006F
mem[X,0x80011406] -> 0x00C0
[1963] [M]: 0x80011404 (0x00C0006F) jal zero, 12


mem[X,0x80011410] -> 0xA423
mem[X,0x80011412] -> 0x2E40
[1964] [M]: 0x80011410 (0x2E40A423) sw tp, 744(ra)
mem[0x8004C45C] <- 0x00000002


mem[X,0x80011414] -> 0x3537
mem[X,0x80011416] -> 0x3333
[1965] [M]: 0x80011414 (0x33333537) lui a0, 209715
x10 <- 0x33333000


mem[X,0x80011418] -> 0x0513
mem[X,0x8001141A] -> 0x3335
[1966] [M]: 0x80011418 (0x33350513) addi a0, a0, 819
x10 <- 0x33333333


mem[X,0x8001141C] -> 0x55B7
mem[X,0x8001141E] -> 0x5555
[1967] [M]: 0x8001141C (0x555555B7) lui a1, 349525
x11 <- 0x55555000


mem[X,0x80011420] -> 0x8593
mem[X,0x80011422] -> 0x5545
[1968] [M]: 0x80011420 (0x55458593) addi a1, a1, 1364
x11 <- 0x55555554


mem[X,0x80011424] -> 0x0213
mem[X,0x80011426] -> 0x0000
[1969] [M]: 0x80011424 (0x00000213) addi tp, zero, 0
x4 <- 0x00000000


mem[X,0x80011428] -> 0x006F
mem[X,0x8001142A] -> 0x00C0
[1970] [M]: 0x80011428 (0x00C0006F) jal zero, 12


mem[X,0x80011434] -> 0x6CE3
mem[X,0x80011436] -> 0xFEB5
[1971] [M]: 0x80011434 (0xFEB56CE3) bltu a0, a1, 8184


mem[X,0x8001142C] -> 0x0213
mem[X,0x8001142E] -> 0x0012
[1972] [M]: 0x8001142C (0x00120213) addi tp, tp, 1
x4 <- 0x00000001


mem[X,0x80011430] -> 0x006F
mem[X,0x80011432] -> 0x0180
[1973] [M]: 0x80011430 (0x0180006F) jal zero, 24


mem[X,0x80011448] -> 0xA623
mem[X,0x8001144A] -> 0x2E40
[1974] [M]: 0x80011448 (0x2E40A623) sw tp, 748(ra)
mem[0x8004C460] <- 0x00000001


mem[X,0x8001144C] -> 0x3537
mem[X,0x8001144E] -> 0x3333
[1975] [M]: 0x8001144C (0x33333537) lui a0, 209715
x10 <- 0x33333000


mem[X,0x80011450] -> 0x0513
mem[X,0x80011452] -> 0x3335
[1976] [M]: 0x80011450 (0x33350513) addi a0, a0, 819
x10 <- 0x33333333


mem[X,0x80011454] -> 0xB5B7
mem[X,0x80011456] -> 0xAAAA
[1977] [M]: 0x80011454 (0xAAAAB5B7) lui a1, 699051
x11 <- 0xAAAAB000


mem[X,0x80011458] -> 0x8593
mem[X,0x8001145A] -> 0xAA95
[1978] [M]: 0x80011458 (0xAA958593) addi a1, a1, 2729
x11 <- 0xAAAAAAA9


mem[X,0x8001145C] -> 0x0213
mem[X,0x8001145E] -> 0x0000
[1979] [M]: 0x8001145C (0x00000213) addi tp, zero, 0
x4 <- 0x00000000


mem[X,0x80011460] -> 0x006F
mem[X,0x80011462] -> 0x00C0
[1980] [M]: 0x80011460 (0x00C0006F) jal zero, 12


mem[X,0x8001146C] -> 0x6CE3
mem[X,0x8001146E] -> 0xFEB5
[1981] [M]: 0x8001146C (0xFEB56CE3) bltu a0, a1, 8184


mem[X,0x80011464] -> 0x0213
mem[X,0x80011466] -> 0x0012
[1982] [M]: 0x80011464 (0x00120213) addi tp, tp, 1
x4 <- 0x00000001


mem[X,0x80011468] -> 0x006F
mem[X,0x8001146A] -> 0x0180
[1983] [M]: 0x80011468 (0x0180006F) jal zero, 24


mem[X,0x80011480] -> 0xA823
mem[X,0x80011482] -> 0x2E40
[1984] [M]: 0x80011480 (0x2E40A823) sw tp, 752(ra)
mem[0x8004C464] <- 0x00000001


mem[X,0x80011484] -> 0x3537
mem[X,0x80011486] -> 0x3333
[1985] [M]: 0x80011484 (0x33333537) lui a0, 209715
x10 <- 0x33333000


mem[X,0x80011488] -> 0x0513
mem[X,0x8001148A] -> 0x3335
[1986] [M]: 0x80011488 (0x33350513) addi a0, a0, 819
x10 <- 0x33333333


mem[X,0x8001148C] -> 0x0593
mem[X,0x8001148E] -> 0x0040
[1987] [M]: 0x8001148C (0x00400593) addi a1, zero, 4
x11 <- 0x00000004


mem[X,0x80011490] -> 0x0213
mem[X,0x80011492] -> 0x0000
[1988] [M]: 0x80011490 (0x00000213) addi tp, zero, 0
x4 <- 0x00000000


mem[X,0x80011494] -> 0x006F
mem[X,0x80011496] -> 0x00C0
[1989] [M]: 0x80011494 (0x00C0006F) jal zero, 12


mem[X,0x800114A0] -> 0x6063
mem[X,0x800114A2] -> 0x10B5
[1990] [M]: 0x800114A0 (0x10B56063) bltu a0, a1, 256


mem[X,0x800114A4] -> 0x0213
mem[X,0x800114A6] -> 0x0022
[1991] [M]: 0x800114A4 (0x00220213) addi tp, tp, 2
x4 <- 0x00000002


mem[X,0x800114A8] -> 0x006F
mem[X,0x800114AA] -> 0x1000
[1992] [M]: 0x800114A8 (0x1000006F) jal zero, 256


mem[X,0x800115A8] -> 0xAA23
mem[X,0x800115AA] -> 0x2E40
[1993] [M]: 0x800115A8 (0x2E40AA23) sw tp, 756(ra)
mem[0x8004C468] <- 0x00000002


mem[X,0x800115AC] -> 0x3537
mem[X,0x800115AE] -> 0x3333
[1994] [M]: 0x800115AC (0x33333537) lui a0, 209715
x10 <- 0x33333000


mem[X,0x800115B0] -> 0x0513
mem[X,0x800115B2] -> 0x3335
[1995] [M]: 0x800115B0 (0x33350513) addi a0, a0, 819
x10 <- 0x33333333


mem[X,0x800115B4] -> 0x35B7
mem[X,0x800115B6] -> 0x3333
[1996] [M]: 0x800115B4 (0x333335B7) lui a1, 209715
x11 <- 0x33333000


mem[X,0x800115B8] -> 0x8593
mem[X,0x800115BA] -> 0x3325
[1997] [M]: 0x800115B8 (0x33258593) addi a1, a1, 818
x11 <- 0x33333332


mem[X,0x800115BC] -> 0x0213
mem[X,0x800115BE] -> 0x0000
[1998] [M]: 0x800115BC (0x00000213) addi tp, zero, 0
x4 <- 0x00000000


mem[X,0x800115C0] -> 0x006F
mem[X,0x800115C2] -> 0x00C0
[1999] [M]: 0x800115C0 (0x00C0006F) jal zero, 12


clint::tick mtime <- 0x0000000000000014
 clint timer pending at mtime 0x0000000000000014
htif::tick 0x0000000000000000
mem[X,0x800115CC] -> 0x6CE3
mem[X,0x800115CE] -> 0xFEB5
[2000] [M]: 0x800115CC (0xFEB56CE3) bltu a0, a1, 8184


mem[X,0x800115D0] -> 0x0213
mem[X,0x800115D2] -> 0x0022
[2001] [M]: 0x800115D0 (0x00220213) addi tp, tp, 2
x4 <- 0x00000002


mem[X,0x800115D4] -> 0x006F
mem[X,0x800115D6] -> 0x00C0
[2002] [M]: 0x800115D4 (0x00C0006F) jal zero, 12


mem[X,0x800115E0] -> 0xAC23
mem[X,0x800115E2] -> 0x2E40
[2003] [M]: 0x800115E0 (0x2E40AC23) sw tp, 760(ra)
mem[0x8004C46C] <- 0x00000002


mem[X,0x800115E4] -> 0x3537
mem[X,0x800115E6] -> 0x3333
[2004] [M]: 0x800115E4 (0x33333537) lui a0, 209715
x10 <- 0x33333000


mem[X,0x800115E8] -> 0x0513
mem[X,0x800115EA] -> 0x3335
[2005] [M]: 0x800115E8 (0x33350513) addi a0, a0, 819
x10 <- 0x33333333


mem[X,0x800115EC] -> 0x65B7
mem[X,0x800115EE] -> 0x6666
[2006] [M]: 0x800115EC (0x666665B7) lui a1, 419430
x11 <- 0x66666000


mem[X,0x800115F0] -> 0x8593
mem[X,0x800115F2] -> 0x6655
[2007] [M]: 0x800115F0 (0x66558593) addi a1, a1, 1637
x11 <- 0x66666665


mem[X,0x800115F4] -> 0x0213
mem[X,0x800115F6] -> 0x0000
[2008] [M]: 0x800115F4 (0x00000213) addi tp, zero, 0
x4 <- 0x00000000


mem[X,0x800115F8] -> 0x006F
mem[X,0x800115FA] -> 0x00C0
[2009] [M]: 0x800115F8 (0x00C0006F) jal zero, 12


mem[X,0x80011604] -> 0x6663
mem[X,0x80011606] -> 0x00B5
[2010] [M]: 0x80011604 (0x00B56663) bltu a0, a1, 12


mem[X,0x80011610] -> 0x0213
mem[X,0x80011612] -> 0x0032
[2011] [M]: 0x80011610 (0x00320213) addi tp, tp, 3
x4 <- 0x00000003


mem[X,0x80011614] -> 0x006F
mem[X,0x80011616] -> 0x0040
[2012] [M]: 0x80011614 (0x0040006F) jal zero, 4


mem[X,0x80011618] -> 0xAE23
mem[X,0x8001161A] -> 0x2E40
[2013] [M]: 0x80011618 (0x2E40AE23) sw tp, 764(ra)
mem[0x8004C470] <- 0x00000003


mem[X,0x8001161C] -> 0x3537
mem[X,0x8001161E] -> 0x3333
[2014] [M]: 0x8001161C (0x33333537) lui a0, 209715
x10 <- 0x33333000


mem[X,0x80011620] -> 0x0513
mem[X,0x80011622] -> 0x3335
[2015] [M]: 0x80011620 (0x33350513) addi a0, a0, 819
x10 <- 0x33333333


mem[X,0x80011624] -> 0xB5B7
mem[X,0x80011626] -> 0x0000
[2016] [M]: 0x80011624 (0x0000B5B7) lui a1, 11
x11 <- 0x0000B000


mem[X,0x80011628] -> 0x8593
mem[X,0x8001162A] -> 0x5035
[2017] [M]: 0x80011628 (0x50358593) addi a1, a1, 1283
x11 <- 0x0000B503


mem[X,0x8001162C] -> 0x0213
mem[X,0x8001162E] -> 0x0000
[2018] [M]: 0x8001162C (0x00000213) addi tp, zero, 0
x4 <- 0x00000000


mem[X,0x80011630] -> 0x006F
mem[X,0x80011632] -> 0x00C0
[2019] [M]: 0x80011630 (0x00C0006F) jal zero, 12


mem[X,0x8001163C] -> 0x6063
mem[X,0x8001163E] -> 0x08B5
[2020] [M]: 0x8001163C (0x08B56063) bltu a0, a1, 128


mem[X,0x80011640] -> 0x0213
mem[X,0x80011642] -> 0x0022
[2021] [M]: 0x80011640 (0x00220213) addi tp, tp, 2
x4 <- 0x00000002


mem[X,0x80011644] -> 0x006F
mem[X,0x80011646] -> 0x0800
[2022] [M]: 0x80011644 (0x0800006F) jal zero, 128


mem[X,0x800116C4] -> 0xA023
mem[X,0x800116C6] -> 0x3040
[2023] [M]: 0x800116C4 (0x3040A023) sw tp, 768(ra)
mem[0x8004C474] <- 0x00000002


mem[X,0x800116C8] -> 0x3537
mem[X,0x800116CA] -> 0x3333
[2024] [M]: 0x800116C8 (0x33333537) lui a0, 209715
x10 <- 0x33333000


mem[X,0x800116CC] -> 0x0513
mem[X,0x800116CE] -> 0x3335
[2025] [M]: 0x800116CC (0x33350513) addi a0, a0, 819
x10 <- 0x33333333


mem[X,0x800116D0] -> 0x05B7
mem[X,0x800116D2] -> 0x0001
[2026] [M]: 0x800116D0 (0x000105B7) lui a1, 16
x11 <- 0x00010000


mem[X,0x800116D4] -> 0x8593
mem[X,0x800116D6] -> 0xFFE5
[2027] [M]: 0x800116D4 (0xFFE58593) addi a1, a1, 4094
x11 <- 0x0000FFFE


mem[X,0x800116D8] -> 0x0213
mem[X,0x800116DA] -> 0x0000
[2028] [M]: 0x800116D8 (0x00000213) addi tp, zero, 0
x4 <- 0x00000000


mem[X,0x800116DC] -> 0x006F
mem[X,0x800116DE] -> 0x00C0
[2029] [M]: 0x800116DC (0x00C0006F) jal zero, 12


mem[X,0x800116E8] -> 0x6663
mem[X,0x800116EA] -> 0x00B5
[2030] [M]: 0x800116E8 (0x00B56663) bltu a0, a1, 12


mem[X,0x800116EC] -> 0x0213
mem[X,0x800116EE] -> 0x0022
[2031] [M]: 0x800116EC (0x00220213) addi tp, tp, 2
x4 <- 0x00000002


mem[X,0x800116F0] -> 0x006F
mem[X,0x800116F2] -> 0x00C0
[2032] [M]: 0x800116F0 (0x00C0006F) jal zero, 12


mem[X,0x800116FC] -> 0xA223
mem[X,0x800116FE] -> 0x3040
[2033] [M]: 0x800116FC (0x3040A223) sw tp, 772(ra)
mem[0x8004C478] <- 0x00000002


mem[X,0x80011700] -> 0x3537
mem[X,0x80011702] -> 0x3333
[2034] [M]: 0x80011700 (0x33333537) lui a0, 209715
x10 <- 0x33333000


mem[X,0x80011704] -> 0x0513
mem[X,0x80011706] -> 0x3335
[2035] [M]: 0x80011704 (0x33350513) addi a0, a0, 819
x10 <- 0x33333333


mem[X,0x80011708] -> 0x55B7
mem[X,0x8001170A] -> 0x5555
[2036] [M]: 0x80011708 (0x555555B7) lui a1, 349525
x11 <- 0x55555000


mem[X,0x8001170C] -> 0x8593
mem[X,0x8001170E] -> 0x5565
[2037] [M]: 0x8001170C (0x55658593) addi a1, a1, 1366
x11 <- 0x55555556


mem[X,0x80011710] -> 0x0213
mem[X,0x80011712] -> 0x0000
[2038] [M]: 0x80011710 (0x00000213) addi tp, zero, 0
x4 <- 0x00000000


mem[X,0x80011714] -> 0x006F
mem[X,0x80011716] -> 0x00C0
[2039] [M]: 0x80011714 (0x00C0006F) jal zero, 12


mem[X,0x80011720] -> 0x6063
mem[X,0x80011722] -> 0x02B5
[2040] [M]: 0x80011720 (0x02B56063) bltu a0, a1, 32


mem[X,0x80011740] -> 0x0213
mem[X,0x80011742] -> 0x0032
[2041] [M]: 0x80011740 (0x00320213) addi tp, tp, 3
x4 <- 0x00000003


mem[X,0x80011744] -> 0x006F
mem[X,0x80011746] -> 0x0040
[2042] [M]: 0x80011744 (0x0040006F) jal zero, 4


mem[X,0x80011748] -> 0xA423
mem[X,0x8001174A] -> 0x3040
[2043] [M]: 0x80011748 (0x3040A423) sw tp, 776(ra)
mem[0x8004C47C] <- 0x00000003


mem[X,0x8001174C] -> 0x3537
mem[X,0x8001174E] -> 0x3333
[2044] [M]: 0x8001174C (0x33333537) lui a0, 209715
x10 <- 0x33333000


mem[X,0x80011750] -> 0x0513
mem[X,0x80011752] -> 0x3335
[2045] [M]: 0x80011750 (0x33350513) addi a0, a0, 819
x10 <- 0x33333333


mem[X,0x80011754] -> 0xB5B7
mem[X,0x80011756] -> 0xAAAA
[2046] [M]: 0x80011754 (0xAAAAB5B7) lui a1, 699051
x11 <- 0xAAAAB000


mem[X,0x80011758] -> 0x8593
mem[X,0x8001175A] -> 0xAAB5
[2047] [M]: 0x80011758 (0xAAB58593) addi a1, a1, 2731
x11 <- 0xAAAAAAAB


mem[X,0x8001175C] -> 0x0213
mem[X,0x8001175E] -> 0x0000
[2048] [M]: 0x8001175C (0x00000213) addi tp, zero, 0
x4 <- 0x00000000


mem[X,0x80011760] -> 0x006F
mem[X,0x80011762] -> 0x00C0
[2049] [M]: 0x80011760 (0x00C0006F) jal zero, 12


mem[X,0x8001176C] -> 0x6CE3
mem[X,0x8001176E] -> 0xFEB5
[2050] [M]: 0x8001176C (0xFEB56CE3) bltu a0, a1, 8184


mem[X,0x80011764] -> 0x0213
mem[X,0x80011766] -> 0x0012
[2051] [M]: 0x80011764 (0x00120213) addi tp, tp, 1
x4 <- 0x00000001


mem[X,0x80011768] -> 0x006F
mem[X,0x8001176A] -> 0x0180
[2052] [M]: 0x80011768 (0x0180006F) jal zero, 24


mem[X,0x80011780] -> 0xA623
mem[X,0x80011782] -> 0x3040
[2053] [M]: 0x80011780 (0x3040A623) sw tp, 780(ra)
mem[0x8004C480] <- 0x00000001


mem[X,0x80011784] -> 0x3537
mem[X,0x80011786] -> 0x3333
[2054] [M]: 0x80011784 (0x33333537) lui a0, 209715
x10 <- 0x33333000


mem[X,0x80011788] -> 0x0513
mem[X,0x8001178A] -> 0x3335
[2055] [M]: 0x80011788 (0x33350513) addi a0, a0, 819
x10 <- 0x33333333


mem[X,0x8001178C] -> 0x0593
mem[X,0x8001178E] -> 0x0060
[2056] [M]: 0x8001178C (0x00600593) addi a1, zero, 6
x11 <- 0x00000006


mem[X,0x80011790] -> 0x0213
mem[X,0x80011792] -> 0x0000
[2057] [M]: 0x80011790 (0x00000213) addi tp, zero, 0
x4 <- 0x00000000


mem[X,0x80011794] -> 0x006F
mem[X,0x80011796] -> 0x00C0
[2058] [M]: 0x80011794 (0x00C0006F) jal zero, 12


mem[X,0x800117A0] -> 0x6663
mem[X,0x800117A2] -> 0x00B5
[2059] [M]: 0x800117A0 (0x00B56663) bltu a0, a1, 12


mem[X,0x800117A4] -> 0x0213
mem[X,0x800117A6] -> 0x0022
[2060] [M]: 0x800117A4 (0x00220213) addi tp, tp, 2
x4 <- 0x00000002


mem[X,0x800117A8] -> 0x006F
mem[X,0x800117AA] -> 0x00C0
[2061] [M]: 0x800117A8 (0x00C0006F) jal zero, 12


mem[X,0x800117B4] -> 0xA823
mem[X,0x800117B6] -> 0x3040
[2062] [M]: 0x800117B4 (0x3040A823) sw tp, 784(ra)
mem[0x8004C484] <- 0x00000002


mem[X,0x800117B8] -> 0x3537
mem[X,0x800117BA] -> 0x3333
[2063] [M]: 0x800117B8 (0x33333537) lui a0, 209715
x10 <- 0x33333000


mem[X,0x800117BC] -> 0x0513
mem[X,0x800117BE] -> 0x3335
[2064] [M]: 0x800117BC (0x33350513) addi a0, a0, 819
x10 <- 0x33333333


mem[X,0x800117C0] -> 0x35B7
mem[X,0x800117C2] -> 0x3333
[2065] [M]: 0x800117C0 (0x333335B7) lui a1, 209715
x11 <- 0x33333000


mem[X,0x800117C4] -> 0x8593
mem[X,0x800117C6] -> 0x3345
[2066] [M]: 0x800117C4 (0x33458593) addi a1, a1, 820
x11 <- 0x33333334


mem[X,0x800117C8] -> 0x0213
mem[X,0x800117CA] -> 0x0000
[2067] [M]: 0x800117C8 (0x00000213) addi tp, zero, 0
x4 <- 0x00000000


mem[X,0x800117CC] -> 0x006F
mem[X,0x800117CE] -> 0x00C0
[2068] [M]: 0x800117CC (0x00C0006F) jal zero, 12


mem[X,0x800117D8] -> 0x6663
mem[X,0x800117DA] -> 0x00B5
[2069] [M]: 0x800117D8 (0x00B56663) bltu a0, a1, 12


mem[X,0x800117E4] -> 0x0213
mem[X,0x800117E6] -> 0x0032
[2070] [M]: 0x800117E4 (0x00320213) addi tp, tp, 3
x4 <- 0x00000003


mem[X,0x800117E8] -> 0x006F
mem[X,0x800117EA] -> 0x0040
[2071] [M]: 0x800117E8 (0x0040006F) jal zero, 4


mem[X,0x800117EC] -> 0xAA23
mem[X,0x800117EE] -> 0x3040
[2072] [M]: 0x800117EC (0x3040AA23) sw tp, 788(ra)
mem[0x8004C488] <- 0x00000003


mem[X,0x800117F0] -> 0x3537
mem[X,0x800117F2] -> 0x3333
[2073] [M]: 0x800117F0 (0x33333537) lui a0, 209715
x10 <- 0x33333000


mem[X,0x800117F4] -> 0x0513
mem[X,0x800117F6] -> 0x3335
[2074] [M]: 0x800117F4 (0x33350513) addi a0, a0, 819
x10 <- 0x33333333


mem[X,0x800117F8] -> 0x65B7
mem[X,0x800117FA] -> 0x6666
[2075] [M]: 0x800117F8 (0x666665B7) lui a1, 419430
x11 <- 0x66666000


mem[X,0x800117FC] -> 0x8593
mem[X,0x800117FE] -> 0x6675
[2076] [M]: 0x800117FC (0x66758593) addi a1, a1, 1639
x11 <- 0x66666667


mem[X,0x80011800] -> 0x0213
mem[X,0x80011802] -> 0x0000
[2077] [M]: 0x80011800 (0x00000213) addi tp, zero, 0
x4 <- 0x00000000


mem[X,0x80011804] -> 0x006F
mem[X,0x80011806] -> 0x00C0
[2078] [M]: 0x80011804 (0x00C0006F) jal zero, 12


mem[X,0x80011810] -> 0x6663
mem[X,0x80011812] -> 0x00B5
[2079] [M]: 0x80011810 (0x00B56663) bltu a0, a1, 12


mem[X,0x8001181C] -> 0x0213
mem[X,0x8001181E] -> 0x0032
[2080] [M]: 0x8001181C (0x00320213) addi tp, tp, 3
x4 <- 0x00000003


mem[X,0x80011820] -> 0x006F
mem[X,0x80011822] -> 0x0040
[2081] [M]: 0x80011820 (0x0040006F) jal zero, 4


mem[X,0x80011824] -> 0xAC23
mem[X,0x80011826] -> 0x3040
[2082] [M]: 0x80011824 (0x3040AC23) sw tp, 792(ra)
mem[0x8004C48C] <- 0x00000003


mem[X,0x80011828] -> 0x3537
mem[X,0x8001182A] -> 0x3333
[2083] [M]: 0x80011828 (0x33333537) lui a0, 209715
x10 <- 0x33333000


mem[X,0x8001182C] -> 0x0513
mem[X,0x8001182E] -> 0x3335
[2084] [M]: 0x8001182C (0x33350513) addi a0, a0, 819
x10 <- 0x33333333


mem[X,0x80011830] -> 0xB5B7
mem[X,0x80011832] -> 0x0000
[2085] [M]: 0x80011830 (0x0000B5B7) lui a1, 11
x11 <- 0x0000B000


mem[X,0x80011834] -> 0x8593
mem[X,0x80011836] -> 0x5055
[2086] [M]: 0x80011834 (0x50558593) addi a1, a1, 1285
x11 <- 0x0000B505


mem[X,0x80011838] -> 0x0213
mem[X,0x8001183A] -> 0x0000
[2087] [M]: 0x80011838 (0x00000213) addi tp, zero, 0
x4 <- 0x00000000


mem[X,0x8001183C] -> 0x006F
mem[X,0x8001183E] -> 0x0140
[2088] [M]: 0x8001183C (0x0140006F) jal zero, 20


mem[X,0x80011850] -> 0x68E3
mem[X,0x80011852] -> 0xFEB5
[2089] [M]: 0x80011850 (0xFEB568E3) bltu a0, a1, 8176


mem[X,0x80011854] -> 0x0213
mem[X,0x80011856] -> 0x0022
[2090] [M]: 0x80011854 (0x00220213) addi tp, tp, 2
x4 <- 0x00000002


mem[X,0x80011858] -> 0x006F
mem[X,0x8001185A] -> 0x00C0
[2091] [M]: 0x80011858 (0x00C0006F) jal zero, 12


mem[X,0x80011864] -> 0xAE23
mem[X,0x80011866] -> 0x3040
[2092] [M]: 0x80011864 (0x3040AE23) sw tp, 796(ra)
mem[0x8004C490] <- 0x00000002


mem[X,0x80011868] -> 0x3537
mem[X,0x8001186A] -> 0x3333
[2093] [M]: 0x80011868 (0x33333537) lui a0, 209715
x10 <- 0x33333000


mem[X,0x8001186C] -> 0x0513
mem[X,0x8001186E] -> 0x3335
[2094] [M]: 0x8001186C (0x33350513) addi a0, a0, 819
x10 <- 0x33333333


mem[X,0x80011870] -> 0x0593
mem[X,0x80011872] -> 0x0010
[2095] [M]: 0x80011870 (0x00100593) addi a1, zero, 1
x11 <- 0x00000001


mem[X,0x80011874] -> 0x0213
mem[X,0x80011876] -> 0x0000
[2096] [M]: 0x80011874 (0x00000213) addi tp, zero, 0
x4 <- 0x00000000


mem[X,0x80011878] -> 0x006F
mem[X,0x8001187A] -> 0x00C0
[2097] [M]: 0x80011878 (0x00C0006F) jal zero, 12


mem[X,0x80011884] -> 0x6CE3
mem[X,0x80011886] -> 0xFEB5
[2098] [M]: 0x80011884 (0xFEB56CE3) bltu a0, a1, 8184


mem[X,0x80011888] -> 0x0213
mem[X,0x8001188A] -> 0x0022
[2099] [M]: 0x80011888 (0x00220213) addi tp, tp, 2
x4 <- 0x00000002


clint::tick mtime <- 0x0000000000000015
 clint timer pending at mtime 0x0000000000000015
htif::tick 0x0000000000000000
mem[X,0x8001188C] -> 0x006F
mem[X,0x8001188E] -> 0x00C0
[2100] [M]: 0x8001188C (0x00C0006F) jal zero, 12


mem[X,0x80011898] -> 0xA023
mem[X,0x8001189A] -> 0x3240
[2101] [M]: 0x80011898 (0x3240A023) sw tp, 800(ra)
mem[0x8004C494] <- 0x00000002


mem[X,0x8001189C] -> 0x3537
mem[X,0x8001189E] -> 0x3333
[2102] [M]: 0x8001189C (0x33333537) lui a0, 209715
x10 <- 0x33333000


mem[X,0x800118A0] -> 0x0513
mem[X,0x800118A2] -> 0x3335
[2103] [M]: 0x800118A0 (0x33350513) addi a0, a0, 819
x10 <- 0x33333333


mem[X,0x800118A4] -> 0x05B7
mem[X,0x800118A6] -> 0x0001
[2104] [M]: 0x800118A4 (0x000105B7) lui a1, 16
x11 <- 0x00010000


mem[X,0x800118A8] -> 0x0213
mem[X,0x800118AA] -> 0x0000
[2105] [M]: 0x800118A8 (0x00000213) addi tp, zero, 0
x4 <- 0x00000000


mem[X,0x800118AC] -> 0x006F
mem[X,0x800118AE] -> 0x0140
[2106] [M]: 0x800118AC (0x0140006F) jal zero, 20


mem[X,0x800118C0] -> 0x68E3
mem[X,0x800118C2] -> 0xFEB5
[2107] [M]: 0x800118C0 (0xFEB568E3) bltu a0, a1, 8176


mem[X,0x800118C4] -> 0x0213
mem[X,0x800118C6] -> 0x0022
[2108] [M]: 0x800118C4 (0x00220213) addi tp, tp, 2
x4 <- 0x00000002


mem[X,0x800118C8] -> 0x006F
mem[X,0x800118CA] -> 0x00C0
[2109] [M]: 0x800118C8 (0x00C0006F) jal zero, 12


mem[X,0x800118D4] -> 0xA223
mem[X,0x800118D6] -> 0x3240
[2110] [M]: 0x800118D4 (0x3240A223) sw tp, 804(ra)
mem[0x8004C498] <- 0x00000002


mem[X,0x800118D8] -> 0x6537
mem[X,0x800118DA] -> 0x6666
[2111] [M]: 0x800118D8 (0x66666537) lui a0, 419430
x10 <- 0x66666000


mem[X,0x800118DC] -> 0x0513
mem[X,0x800118DE] -> 0x6665
[2112] [M]: 0x800118DC (0x66650513) addi a0, a0, 1638
x10 <- 0x66666666


mem[X,0x800118E0] -> 0x0593
mem[X,0x800118E2] -> 0x0030
[2113] [M]: 0x800118E0 (0x00300593) addi a1, zero, 3
x11 <- 0x00000003


mem[X,0x800118E4] -> 0x0213
mem[X,0x800118E6] -> 0x0000
[2114] [M]: 0x800118E4 (0x00000213) addi tp, zero, 0
x4 <- 0x00000000


mem[X,0x800118E8] -> 0x006F
mem[X,0x800118EA] -> 0x00C0
[2115] [M]: 0x800118E8 (0x00C0006F) jal zero, 12


mem[X,0x800118F4] -> 0x6CE3
mem[X,0x800118F6] -> 0xFEB5
[2116] [M]: 0x800118F4 (0xFEB56CE3) bltu a0, a1, 8184


mem[X,0x800118F8] -> 0x0213
mem[X,0x800118FA] -> 0x0022
[2117] [M]: 0x800118F8 (0x00220213) addi tp, tp, 2
x4 <- 0x00000002


mem[X,0x800118FC] -> 0x006F
mem[X,0x800118FE] -> 0x00C0
[2118] [M]: 0x800118FC (0x00C0006F) jal zero, 12


mem[X,0x80011908] -> 0xA423
mem[X,0x8001190A] -> 0x3240
[2119] [M]: 0x80011908 (0x3240A423) sw tp, 808(ra)
mem[0x8004C49C] <- 0x00000002


mem[X,0x8001190C] -> 0x6537
mem[X,0x8001190E] -> 0x6666
[2120] [M]: 0x8001190C (0x66666537) lui a0, 419430
x10 <- 0x66666000


mem[X,0x80011910] -> 0x0513
mem[X,0x80011912] -> 0x6665
[2121] [M]: 0x80011910 (0x66650513) addi a0, a0, 1638
x10 <- 0x66666666


mem[X,0x80011914] -> 0x55B7
mem[X,0x80011916] -> 0x5555
[2122] [M]: 0x80011914 (0x555555B7) lui a1, 349525
x11 <- 0x55555000


mem[X,0x80011918] -> 0x8593
mem[X,0x8001191A] -> 0x5555
[2123] [M]: 0x80011918 (0x55558593) addi a1, a1, 1365
x11 <- 0x55555555


mem[X,0x8001191C] -> 0x0213
mem[X,0x8001191E] -> 0x0000
[2124] [M]: 0x8001191C (0x00000213) addi tp, zero, 0
x4 <- 0x00000000


mem[X,0x80011920] -> 0x006F
mem[X,0x80011922] -> 0x0100
[2125] [M]: 0x80011920 (0x0100006F) jal zero, 16


mem[X,0x80011930] -> 0x6AE3
mem[X,0x80011932] -> 0xFEB5
[2126] [M]: 0x80011930 (0xFEB56AE3) bltu a0, a1, 8180


mem[X,0x80011934] -> 0x0213
mem[X,0x80011936] -> 0x0022
[2127] [M]: 0x80011934 (0x00220213) addi tp, tp, 2
x4 <- 0x00000002


mem[X,0x80011938] -> 0x006F
mem[X,0x8001193A] -> 0x00C0
[2128] [M]: 0x80011938 (0x00C0006F) jal zero, 12


mem[X,0x80011944] -> 0xA623
mem[X,0x80011946] -> 0x3240
[2129] [M]: 0x80011944 (0x3240A623) sw tp, 812(ra)
mem[0x8004C4A0] <- 0x00000002


mem[X,0x80011948] -> 0x6537
mem[X,0x8001194A] -> 0x6666
[2130] [M]: 0x80011948 (0x66666537) lui a0, 419430
x10 <- 0x66666000


mem[X,0x8001194C] -> 0x0513
mem[X,0x8001194E] -> 0x6665
[2131] [M]: 0x8001194C (0x66650513) addi a0, a0, 1638
x10 <- 0x66666666


mem[X,0x80011950] -> 0xB5B7
mem[X,0x80011952] -> 0xAAAA
[2132] [M]: 0x80011950 (0xAAAAB5B7) lui a1, 699051
x11 <- 0xAAAAB000


mem[X,0x80011954] -> 0x8593
mem[X,0x80011956] -> 0xAAA5
[2133] [M]: 0x80011954 (0xAAA58593) addi a1, a1, 2730
x11 <- 0xAAAAAAAA


mem[X,0x80011958] -> 0x0213
mem[X,0x8001195A] -> 0x0000
[2134] [M]: 0x80011958 (0x00000213) addi tp, zero, 0
x4 <- 0x00000000


mem[X,0x8001195C] -> 0x006F
mem[X,0x8001195E] -> 0x0140
[2135] [M]: 0x8001195C (0x0140006F) jal zero, 20


mem[X,0x80011970] -> 0x68E3
mem[X,0x80011972] -> 0xFEB5
[2136] [M]: 0x80011970 (0xFEB568E3) bltu a0, a1, 8176


mem[X,0x80011960] -> 0x0213
mem[X,0x80011962] -> 0x0012
[2137] [M]: 0x80011960 (0x00120213) addi tp, tp, 1
x4 <- 0x00000001


mem[X,0x80011964] -> 0x006F
mem[X,0x80011966] -> 0x0200
[2138] [M]: 0x80011964 (0x0200006F) jal zero, 32


mem[X,0x80011984] -> 0xA823
mem[X,0x80011986] -> 0x3240
[2139] [M]: 0x80011984 (0x3240A823) sw tp, 816(ra)
mem[0x8004C4A4] <- 0x00000001


mem[X,0x80011988] -> 0x6537
mem[X,0x8001198A] -> 0x6666
[2140] [M]: 0x80011988 (0x66666537) lui a0, 419430
x10 <- 0x66666000


mem[X,0x8001198C] -> 0x0513
mem[X,0x8001198E] -> 0x6665
[2141] [M]: 0x8001198C (0x66650513) addi a0, a0, 1638
x10 <- 0x66666666


mem[X,0x80011990] -> 0x0593
mem[X,0x80011992] -> 0x0050
[2142] [M]: 0x80011990 (0x00500593) addi a1, zero, 5
x11 <- 0x00000005


mem[X,0x80011994] -> 0x0213
mem[X,0x80011996] -> 0x0000
[2143] [M]: 0x80011994 (0x00000213) addi tp, zero, 0
x4 <- 0x00000000


mem[X,0x80011998] -> 0x006F
mem[X,0x8001199A] -> 0x00C0
[2144] [M]: 0x80011998 (0x00C0006F) jal zero, 12


mem[X,0x800119A4] -> 0x6CE3
mem[X,0x800119A6] -> 0xFEB5
[2145] [M]: 0x800119A4 (0xFEB56CE3) bltu a0, a1, 8184


mem[X,0x800119A8] -> 0x0213
mem[X,0x800119AA] -> 0x0022
[2146] [M]: 0x800119A8 (0x00220213) addi tp, tp, 2
x4 <- 0x00000002


mem[X,0x800119AC] -> 0x006F
mem[X,0x800119AE] -> 0x00C0
[2147] [M]: 0x800119AC (0x00C0006F) jal zero, 12


mem[X,0x800119B8] -> 0xAA23
mem[X,0x800119BA] -> 0x3240
[2148] [M]: 0x800119B8 (0x3240AA23) sw tp, 820(ra)
mem[0x8004C4A8] <- 0x00000002


mem[X,0x800119BC] -> 0x6537
mem[X,0x800119BE] -> 0x6666
[2149] [M]: 0x800119BC (0x66666537) lui a0, 419430
x10 <- 0x66666000


mem[X,0x800119C0] -> 0x0513
mem[X,0x800119C2] -> 0x6665
[2150] [M]: 0x800119C0 (0x66650513) addi a0, a0, 1638
x10 <- 0x66666666


mem[X,0x800119C4] -> 0x35B7
mem[X,0x800119C6] -> 0x3333
[2151] [M]: 0x800119C4 (0x333335B7) lui a1, 209715
x11 <- 0x33333000


mem[X,0x800119C8] -> 0x8593
mem[X,0x800119CA] -> 0x3335
[2152] [M]: 0x800119C8 (0x33358593) addi a1, a1, 819
x11 <- 0x33333333


mem[X,0x800119CC] -> 0x0213
mem[X,0x800119CE] -> 0x0000
[2153] [M]: 0x800119CC (0x00000213) addi tp, zero, 0
x4 <- 0x00000000


mem[X,0x800119D0] -> 0x006F
mem[X,0x800119D2] -> 0x00C0
[2154] [M]: 0x800119D0 (0x00C0006F) jal zero, 12


mem[X,0x800119DC] -> 0x6063
mem[X,0x800119DE] -> 0x08B5
[2155] [M]: 0x800119DC (0x08B56063) bltu a0, a1, 128


mem[X,0x800119E0] -> 0x0213
mem[X,0x800119E2] -> 0x0022
[2156] [M]: 0x800119E0 (0x00220213) addi tp, tp, 2
x4 <- 0x00000002


mem[X,0x800119E4] -> 0x006F
mem[X,0x800119E6] -> 0x0800
[2157] [M]: 0x800119E4 (0x0800006F) jal zero, 128


mem[X,0x80011A64] -> 0xAC23
mem[X,0x80011A66] -> 0x3240
[2158] [M]: 0x80011A64 (0x3240AC23) sw tp, 824(ra)
mem[0x8004C4AC] <- 0x00000002


mem[X,0x80011A68] -> 0x6537
mem[X,0x80011A6A] -> 0x6666
[2159] [M]: 0x80011A68 (0x66666537) lui a0, 419430
x10 <- 0x66666000


mem[X,0x80011A6C] -> 0x0513
mem[X,0x80011A6E] -> 0x6665
[2160] [M]: 0x80011A6C (0x66650513) addi a0, a0, 1638
x10 <- 0x66666666


mem[X,0x80011A70] -> 0x65B7
mem[X,0x80011A72] -> 0x6666
[2161] [M]: 0x80011A70 (0x666665B7) lui a1, 419430
x11 <- 0x66666000


mem[X,0x80011A74] -> 0x8593
mem[X,0x80011A76] -> 0x6665
[2162] [M]: 0x80011A74 (0x66658593) addi a1, a1, 1638
x11 <- 0x66666666


mem[X,0x80011A78] -> 0x0213
mem[X,0x80011A7A] -> 0x0000
[2163] [M]: 0x80011A78 (0x00000213) addi tp, zero, 0
x4 <- 0x00000000


mem[X,0x80011A7C] -> 0x006F
mem[X,0x80011A7E] -> 0x00C0
[2164] [M]: 0x80011A7C (0x00C0006F) jal zero, 12


mem[X,0x80011A88] -> 0x6063
mem[X,0x80011A8A] -> 0x04B5
[2165] [M]: 0x80011A88 (0x04B56063) bltu a0, a1, 64


mem[X,0x80011A8C] -> 0x0213
mem[X,0x80011A8E] -> 0x0022
[2166] [M]: 0x80011A8C (0x00220213) addi tp, tp, 2
x4 <- 0x00000002


mem[X,0x80011A90] -> 0x006F
mem[X,0x80011A92] -> 0x0400
[2167] [M]: 0x80011A90 (0x0400006F) jal zero, 64


mem[X,0x80011AD0] -> 0xAE23
mem[X,0x80011AD2] -> 0x3240
[2168] [M]: 0x80011AD0 (0x3240AE23) sw tp, 828(ra)
mem[0x8004C4B0] <- 0x00000002


mem[X,0x80011AD4] -> 0x6537
mem[X,0x80011AD6] -> 0x6666
[2169] [M]: 0x80011AD4 (0x66666537) lui a0, 419430
x10 <- 0x66666000


mem[X,0x80011AD8] -> 0x0513
mem[X,0x80011ADA] -> 0x6665
[2170] [M]: 0x80011AD8 (0x66650513) addi a0, a0, 1638
x10 <- 0x66666666


mem[X,0x80011ADC] -> 0xB5B7
mem[X,0x80011ADE] -> 0x0000
[2171] [M]: 0x80011ADC (0x0000B5B7) lui a1, 11
x11 <- 0x0000B000


mem[X,0x80011AE0] -> 0x8593
mem[X,0x80011AE2] -> 0x5045
[2172] [M]: 0x80011AE0 (0x50458593) addi a1, a1, 1284
x11 <- 0x0000B504


mem[X,0x80011AE4] -> 0x0213
mem[X,0x80011AE6] -> 0x0000
[2173] [M]: 0x80011AE4 (0x00000213) addi tp, zero, 0
x4 <- 0x00000000


mem[X,0x80011AE8] -> 0x006F
mem[X,0x80011AEA] -> 0x00C0
[2174] [M]: 0x80011AE8 (0x00C0006F) jal zero, 12


mem[X,0x80011AF4] -> 0x6063
mem[X,0x80011AF6] -> 0x04B5
[2175] [M]: 0x80011AF4 (0x04B56063) bltu a0, a1, 64


mem[X,0x80011AF8] -> 0x0213
mem[X,0x80011AFA] -> 0x0022
[2176] [M]: 0x80011AF8 (0x00220213) addi tp, tp, 2
x4 <- 0x00000002


mem[X,0x80011AFC] -> 0x006F
mem[X,0x80011AFE] -> 0x0400
[2177] [M]: 0x80011AFC (0x0400006F) jal zero, 64


mem[X,0x80011B3C] -> 0xA023
mem[X,0x80011B3E] -> 0x3440
[2178] [M]: 0x80011B3C (0x3440A023) sw tp, 832(ra)
mem[0x8004C4B4] <- 0x00000002


mem[X,0x80011B40] -> 0x6537
mem[X,0x80011B42] -> 0x6666
[2179] [M]: 0x80011B40 (0x66666537) lui a0, 419430
x10 <- 0x66666000


mem[X,0x80011B44] -> 0x0513
mem[X,0x80011B46] -> 0x6665
[2180] [M]: 0x80011B44 (0x66650513) addi a0, a0, 1638
x10 <- 0x66666666


mem[X,0x80011B48] -> 0x0593
mem[X,0x80011B4A] -> 0x0000
[2181] [M]: 0x80011B48 (0x00000593) addi a1, zero, 0
x11 <- 0x00000000


mem[X,0x80011B4C] -> 0x0213
mem[X,0x80011B4E] -> 0x0000
[2182] [M]: 0x80011B4C (0x00000213) addi tp, zero, 0
x4 <- 0x00000000


mem[X,0x80011B50] -> 0x006F
mem[X,0x80011B52] -> 0x00C0
[2183] [M]: 0x80011B50 (0x00C0006F) jal zero, 12


mem[X,0x80011B5C] -> 0x6663
mem[X,0x80011B5E] -> 0x00B5
[2184] [M]: 0x80011B5C (0x00B56663) bltu a0, a1, 12


mem[X,0x80011B60] -> 0x0213
mem[X,0x80011B62] -> 0x0022
[2185] [M]: 0x80011B60 (0x00220213) addi tp, tp, 2
x4 <- 0x00000002


mem[X,0x80011B64] -> 0x006F
mem[X,0x80011B66] -> 0x00C0
[2186] [M]: 0x80011B64 (0x00C0006F) jal zero, 12


mem[X,0x80011B70] -> 0xA223
mem[X,0x80011B72] -> 0x3440
[2187] [M]: 0x80011B70 (0x3440A223) sw tp, 836(ra)
mem[0x8004C4B8] <- 0x00000002


mem[X,0x80011B74] -> 0x6537
mem[X,0x80011B76] -> 0x6666
[2188] [M]: 0x80011B74 (0x66666537) lui a0, 419430
x10 <- 0x66666000


mem[X,0x80011B78] -> 0x0513
mem[X,0x80011B7A] -> 0x6665
[2189] [M]: 0x80011B78 (0x66650513) addi a0, a0, 1638
x10 <- 0x66666666


mem[X,0x80011B7C] -> 0x05B7
mem[X,0x80011B7E] -> 0x0001
[2190] [M]: 0x80011B7C (0x000105B7) lui a1, 16
x11 <- 0x00010000


mem[X,0x80011B80] -> 0x8593
mem[X,0x80011B82] -> 0xFFF5
[2191] [M]: 0x80011B80 (0xFFF58593) addi a1, a1, 4095
x11 <- 0x0000FFFF


mem[X,0x80011B84] -> 0x0213
mem[X,0x80011B86] -> 0x0000
[2192] [M]: 0x80011B84 (0x00000213) addi tp, zero, 0
x4 <- 0x00000000


mem[X,0x80011B88] -> 0x006F
mem[X,0x80011B8A] -> 0x00C0
[2193] [M]: 0x80011B88 (0x00C0006F) jal zero, 12


mem[X,0x80011B94] -> 0x6CE3
mem[X,0x80011B96] -> 0xFEB5
[2194] [M]: 0x80011B94 (0xFEB56CE3) bltu a0, a1, 8184


mem[X,0x80011B98] -> 0x0213
mem[X,0x80011B9A] -> 0x0022
[2195] [M]: 0x80011B98 (0x00220213) addi tp, tp, 2
x4 <- 0x00000002


mem[X,0x80011B9C] -> 0x006F
mem[X,0x80011B9E] -> 0x00C0
[2196] [M]: 0x80011B9C (0x00C0006F) jal zero, 12


mem[X,0x80011BA8] -> 0xA423
mem[X,0x80011BAA] -> 0x3440
[2197] [M]: 0x80011BA8 (0x3440A423) sw tp, 840(ra)
mem[0x8004C4BC] <- 0x00000002


mem[X,0x80011BAC] -> 0x6537
mem[X,0x80011BAE] -> 0x6666
[2198] [M]: 0x80011BAC (0x66666537) lui a0, 419430
x10 <- 0x66666000


mem[X,0x80011BB0] -> 0x0513
mem[X,0x80011BB2] -> 0x6665
[2199] [M]: 0x80011BB0 (0x66650513) addi a0, a0, 1638
x10 <- 0x66666666


clint::tick mtime <- 0x0000000000000016
 clint timer pending at mtime 0x0000000000000016
htif::tick 0x0000000000000000
mem[X,0x80011BB4] -> 0x0593
mem[X,0x80011BB6] -> 0x0020
[2200] [M]: 0x80011BB4 (0x00200593) addi a1, zero, 2
x11 <- 0x00000002


mem[X,0x80011BB8] -> 0x0213
mem[X,0x80011BBA] -> 0x0000
[2201] [M]: 0x80011BB8 (0x00000213) addi tp, zero, 0
x4 <- 0x00000000


mem[X,0x80011BBC] -> 0x006F
mem[X,0x80011BBE] -> 0x00C0
[2202] [M]: 0x80011BBC (0x00C0006F) jal zero, 12


mem[X,0x80011BC8] -> 0x6663
mem[X,0x80011BCA] -> 0x00B5
[2203] [M]: 0x80011BC8 (0x00B56663) bltu a0, a1, 12


mem[X,0x80011BCC] -> 0x0213
mem[X,0x80011BCE] -> 0x0022
[2204] [M]: 0x80011BCC (0x00220213) addi tp, tp, 2
x4 <- 0x00000002


mem[X,0x80011BD0] -> 0x006F
mem[X,0x80011BD2] -> 0x00C0
[2205] [M]: 0x80011BD0 (0x00C0006F) jal zero, 12


mem[X,0x80011BDC] -> 0xA623
mem[X,0x80011BDE] -> 0x3440
[2206] [M]: 0x80011BDC (0x3440A623) sw tp, 844(ra)
mem[0x8004C4C0] <- 0x00000002


mem[X,0x80011BE0] -> 0x6537
mem[X,0x80011BE2] -> 0x6666
[2207] [M]: 0x80011BE0 (0x66666537) lui a0, 419430
x10 <- 0x66666000


mem[X,0x80011BE4] -> 0x0513
mem[X,0x80011BE6] -> 0x6665
[2208] [M]: 0x80011BE4 (0x66650513) addi a0, a0, 1638
x10 <- 0x66666666


mem[X,0x80011BE8] -> 0x55B7
mem[X,0x80011BEA] -> 0x5555
[2209] [M]: 0x80011BE8 (0x555555B7) lui a1, 349525
x11 <- 0x55555000


mem[X,0x80011BEC] -> 0x8593
mem[X,0x80011BEE] -> 0x5545
[2210] [M]: 0x80011BEC (0x55458593) addi a1, a1, 1364
x11 <- 0x55555554


mem[X,0x80011BF0] -> 0x0213
mem[X,0x80011BF2] -> 0x0000
[2211] [M]: 0x80011BF0 (0x00000213) addi tp, zero, 0
x4 <- 0x00000000


mem[X,0x80011BF4] -> 0x006F
mem[X,0x80011BF6] -> 0x00C0
[2212] [M]: 0x80011BF4 (0x00C0006F) jal zero, 12


mem[X,0x80011C00] -> 0x6663
mem[X,0x80011C02] -> 0x00B5
[2213] [M]: 0x80011C00 (0x00B56663) bltu a0, a1, 12


mem[X,0x80011C04] -> 0x0213
mem[X,0x80011C06] -> 0x0022
[2214] [M]: 0x80011C04 (0x00220213) addi tp, tp, 2
x4 <- 0x00000002


mem[X,0x80011C08] -> 0x006F
mem[X,0x80011C0A] -> 0x00C0
[2215] [M]: 0x80011C08 (0x00C0006F) jal zero, 12


mem[X,0x80011C14] -> 0xA823
mem[X,0x80011C16] -> 0x3440
[2216] [M]: 0x80011C14 (0x3440A823) sw tp, 848(ra)
mem[0x8004C4C4] <- 0x00000002


mem[X,0x80011C18] -> 0x6537
mem[X,0x80011C1A] -> 0x6666
[2217] [M]: 0x80011C18 (0x66666537) lui a0, 419430
x10 <- 0x66666000


mem[X,0x80011C1C] -> 0x0513
mem[X,0x80011C1E] -> 0x6665
[2218] [M]: 0x80011C1C (0x66650513) addi a0, a0, 1638
x10 <- 0x66666666


mem[X,0x80011C20] -> 0xB5B7
mem[X,0x80011C22] -> 0xAAAA
[2219] [M]: 0x80011C20 (0xAAAAB5B7) lui a1, 699051
x11 <- 0xAAAAB000


mem[X,0x80011C24] -> 0x8593
mem[X,0x80011C26] -> 0xAA95
[2220] [M]: 0x80011C24 (0xAA958593) addi a1, a1, 2729
x11 <- 0xAAAAAAA9


mem[X,0x80011C28] -> 0x0213
mem[X,0x80011C2A] -> 0x0000
[2221] [M]: 0x80011C28 (0x00000213) addi tp, zero, 0
x4 <- 0x00000000


mem[X,0x80011C2C] -> 0x006F
mem[X,0x80011C2E] -> 0x0100
[2222] [M]: 0x80011C2C (0x0100006F) jal zero, 16


mem[X,0x80011C3C] -> 0x6AE3
mem[X,0x80011C3E] -> 0xFEB5
[2223] [M]: 0x80011C3C (0xFEB56AE3) bltu a0, a1, 8180


mem[X,0x80011C30] -> 0x0213
mem[X,0x80011C32] -> 0x0012
[2224] [M]: 0x80011C30 (0x00120213) addi tp, tp, 1
x4 <- 0x00000001


mem[X,0x80011C34] -> 0x006F
mem[X,0x80011C36] -> 0x01C0
[2225] [M]: 0x80011C34 (0x01C0006F) jal zero, 28


mem[X,0x80011C50] -> 0xAA23
mem[X,0x80011C52] -> 0x3440
[2226] [M]: 0x80011C50 (0x3440AA23) sw tp, 852(ra)
mem[0x8004C4C8] <- 0x00000001


mem[X,0x80011C54] -> 0x6537
mem[X,0x80011C56] -> 0x6666
[2227] [M]: 0x80011C54 (0x66666537) lui a0, 419430
x10 <- 0x66666000


mem[X,0x80011C58] -> 0x0513
mem[X,0x80011C5A] -> 0x6665
[2228] [M]: 0x80011C58 (0x66650513) addi a0, a0, 1638
x10 <- 0x66666666


mem[X,0x80011C5C] -> 0x0593
mem[X,0x80011C5E] -> 0x0040
[2229] [M]: 0x80011C5C (0x00400593) addi a1, zero, 4
x11 <- 0x00000004


mem[X,0x80011C60] -> 0x0213
mem[X,0x80011C62] -> 0x0000
[2230] [M]: 0x80011C60 (0x00000213) addi tp, zero, 0
x4 <- 0x00000000


mem[X,0x80011C64] -> 0x006F
mem[X,0x80011C66] -> 0x00C0
[2231] [M]: 0x80011C64 (0x00C0006F) jal zero, 12


mem[X,0x80011C70] -> 0x6663
mem[X,0x80011C72] -> 0x00B5
[2232] [M]: 0x80011C70 (0x00B56663) bltu a0, a1, 12


mem[X,0x80011C74] -> 0x0213
mem[X,0x80011C76] -> 0x0022
[2233] [M]: 0x80011C74 (0x00220213) addi tp, tp, 2
x4 <- 0x00000002


mem[X,0x80011C78] -> 0x006F
mem[X,0x80011C7A] -> 0x00C0
[2234] [M]: 0x80011C78 (0x00C0006F) jal zero, 12


mem[X,0x80011C84] -> 0xAC23
mem[X,0x80011C86] -> 0x3440
[2235] [M]: 0x80011C84 (0x3440AC23) sw tp, 856(ra)
mem[0x8004C4CC] <- 0x00000002


mem[X,0x80011C88] -> 0x6537
mem[X,0x80011C8A] -> 0x6666
[2236] [M]: 0x80011C88 (0x66666537) lui a0, 419430
x10 <- 0x66666000


mem[X,0x80011C8C] -> 0x0513
mem[X,0x80011C8E] -> 0x6665
[2237] [M]: 0x80011C8C (0x66650513) addi a0, a0, 1638
x10 <- 0x66666666


mem[X,0x80011C90] -> 0x35B7
mem[X,0x80011C92] -> 0x3333
[2238] [M]: 0x80011C90 (0x333335B7) lui a1, 209715
x11 <- 0x33333000


mem[X,0x80011C94] -> 0x8593
mem[X,0x80011C96] -> 0x3325
[2239] [M]: 0x80011C94 (0x33258593) addi a1, a1, 818
x11 <- 0x33333332


mem[X,0x80011C98] -> 0x0213
mem[X,0x80011C9A] -> 0x0000
[2240] [M]: 0x80011C98 (0x00000213) addi tp, zero, 0
x4 <- 0x00000000


mem[X,0x80011C9C] -> 0x006F
mem[X,0x80011C9E] -> 0x00C0
[2241] [M]: 0x80011C9C (0x00C0006F) jal zero, 12


mem[X,0x80011CA8] -> 0x6063
mem[X,0x80011CAA] -> 0x40B5
[2242] [M]: 0x80011CA8 (0x40B56063) bltu a0, a1, 1024


mem[X,0x80011CAC] -> 0x0213
mem[X,0x80011CAE] -> 0x0022
[2243] [M]: 0x80011CAC (0x00220213) addi tp, tp, 2
x4 <- 0x00000002


mem[X,0x80011CB0] -> 0x006F
mem[X,0x80011CB2] -> 0x4000
[2244] [M]: 0x80011CB0 (0x4000006F) jal zero, 1024


mem[X,0x800120B0] -> 0xAE23
mem[X,0x800120B2] -> 0x3440
[2245] [M]: 0x800120B0 (0x3440AE23) sw tp, 860(ra)
mem[0x8004C4D0] <- 0x00000002


mem[X,0x800120B4] -> 0x6537
mem[X,0x800120B6] -> 0x6666
[2246] [M]: 0x800120B4 (0x66666537) lui a0, 419430
x10 <- 0x66666000


mem[X,0x800120B8] -> 0x0513
mem[X,0x800120BA] -> 0x6665
[2247] [M]: 0x800120B8 (0x66650513) addi a0, a0, 1638
x10 <- 0x66666666


mem[X,0x800120BC] -> 0x65B7
mem[X,0x800120BE] -> 0x6666
[2248] [M]: 0x800120BC (0x666665B7) lui a1, 419430
x11 <- 0x66666000


mem[X,0x800120C0] -> 0x8593
mem[X,0x800120C2] -> 0x6655
[2249] [M]: 0x800120C0 (0x66558593) addi a1, a1, 1637
x11 <- 0x66666665


mem[X,0x800120C4] -> 0x0213
mem[X,0x800120C6] -> 0x0000
[2250] [M]: 0x800120C4 (0x00000213) addi tp, zero, 0
x4 <- 0x00000000


mem[X,0x800120C8] -> 0x006F
mem[X,0x800120CA] -> 0x0050
[2251] [M]: 0x800120C8 (0x0050006F) jal zero, 2052


mem[X,0x800128CC] -> 0x60E3
mem[X,0x800128CE] -> 0x80B5
[2252] [M]: 0x800128CC (0x80B560E3) bltu a0, a1, 6144


mem[X,0x800128D0] -> 0x0213
mem[X,0x800128D2] -> 0x0022
[2253] [M]: 0x800128D0 (0x00220213) addi tp, tp, 2
x4 <- 0x00000002


mem[X,0x800128D4] -> 0x006F
mem[X,0x800128D6] -> 0x00C0
[2254] [M]: 0x800128D4 (0x00C0006F) jal zero, 12


mem[X,0x800128E0] -> 0xA023
mem[X,0x800128E2] -> 0x3640
[2255] [M]: 0x800128E0 (0x3640A023) sw tp, 864(ra)
mem[0x8004C4D4] <- 0x00000002


mem[X,0x800128E4] -> 0x6537
mem[X,0x800128E6] -> 0x6666
[2256] [M]: 0x800128E4 (0x66666537) lui a0, 419430
x10 <- 0x66666000


mem[X,0x800128E8] -> 0x0513
mem[X,0x800128EA] -> 0x6665
[2257] [M]: 0x800128E8 (0x66650513) addi a0, a0, 1638
x10 <- 0x66666666


mem[X,0x800128EC] -> 0xB5B7
mem[X,0x800128EE] -> 0x0000
[2258] [M]: 0x800128EC (0x0000B5B7) lui a1, 11
x11 <- 0x0000B000


mem[X,0x800128F0] -> 0x8593
mem[X,0x800128F2] -> 0x5035
[2259] [M]: 0x800128F0 (0x50358593) addi a1, a1, 1283
x11 <- 0x0000B503


mem[X,0x800128F4] -> 0x0213
mem[X,0x800128F6] -> 0x0000
[2260] [M]: 0x800128F4 (0x00000213) addi tp, zero, 0
x4 <- 0x00000000


mem[X,0x800128F8] -> 0x006F
mem[X,0x800128FA] -> 0x00C0
[2261] [M]: 0x800128F8 (0x00C0006F) jal zero, 12


mem[X,0x80012904] -> 0x6663
mem[X,0x80012906] -> 0x00B5
[2262] [M]: 0x80012904 (0x00B56663) bltu a0, a1, 12


mem[X,0x80012908] -> 0x0213
mem[X,0x8001290A] -> 0x0022
[2263] [M]: 0x80012908 (0x00220213) addi tp, tp, 2
x4 <- 0x00000002


mem[X,0x8001290C] -> 0x006F
mem[X,0x8001290E] -> 0x00C0
[2264] [M]: 0x8001290C (0x00C0006F) jal zero, 12


mem[X,0x80012918] -> 0xA223
mem[X,0x8001291A] -> 0x3640
[2265] [M]: 0x80012918 (0x3640A223) sw tp, 868(ra)
mem[0x8004C4D8] <- 0x00000002


mem[X,0x8001291C] -> 0x6537
mem[X,0x8001291E] -> 0x6666
[2266] [M]: 0x8001291C (0x66666537) lui a0, 419430
x10 <- 0x66666000


mem[X,0x80012920] -> 0x0513
mem[X,0x80012922] -> 0x6665
[2267] [M]: 0x80012920 (0x66650513) addi a0, a0, 1638
x10 <- 0x66666666


mem[X,0x80012924] -> 0x05B7
mem[X,0x80012926] -> 0x0001
[2268] [M]: 0x80012924 (0x000105B7) lui a1, 16
x11 <- 0x00010000


mem[X,0x80012928] -> 0x8593
mem[X,0x8001292A] -> 0xFFE5
[2269] [M]: 0x80012928 (0xFFE58593) addi a1, a1, 4094
x11 <- 0x0000FFFE


mem[X,0x8001292C] -> 0x0213
mem[X,0x8001292E] -> 0x0000
[2270] [M]: 0x8001292C (0x00000213) addi tp, zero, 0
x4 <- 0x00000000


mem[X,0x80012930] -> 0x006F
mem[X,0x80012932] -> 0x0100
[2271] [M]: 0x80012930 (0x0100006F) jal zero, 16


mem[X,0x80012940] -> 0x6AE3
mem[X,0x80012942] -> 0xFEB5
[2272] [M]: 0x80012940 (0xFEB56AE3) bltu a0, a1, 8180


mem[X,0x80012944] -> 0x0213
mem[X,0x80012946] -> 0x0022
[2273] [M]: 0x80012944 (0x00220213) addi tp, tp, 2
x4 <- 0x00000002


mem[X,0x80012948] -> 0x006F
mem[X,0x8001294A] -> 0x00C0
[2274] [M]: 0x80012948 (0x00C0006F) jal zero, 12


mem[X,0x80012954] -> 0xA423
mem[X,0x80012956] -> 0x3640
[2275] [M]: 0x80012954 (0x3640A423) sw tp, 872(ra)
mem[0x8004C4DC] <- 0x00000002


mem[X,0x80012958] -> 0x6537
mem[X,0x8001295A] -> 0x6666
[2276] [M]: 0x80012958 (0x66666537) lui a0, 419430
x10 <- 0x66666000


mem[X,0x8001295C] -> 0x0513
mem[X,0x8001295E] -> 0x6665
[2277] [M]: 0x8001295C (0x66650513) addi a0, a0, 1638
x10 <- 0x66666666


mem[X,0x80012960] -> 0x55B7
mem[X,0x80012962] -> 0x5555
[2278] [M]: 0x80012960 (0x555555B7) lui a1, 349525
x11 <- 0x55555000


mem[X,0x80012964] -> 0x8593
mem[X,0x80012966] -> 0x5565
[2279] [M]: 0x80012964 (0x55658593) addi a1, a1, 1366
x11 <- 0x55555556


mem[X,0x80012968] -> 0x0213
mem[X,0x8001296A] -> 0x0000
[2280] [M]: 0x80012968 (0x00000213) addi tp, zero, 0
x4 <- 0x00000000


mem[X,0x8001296C] -> 0x006F
mem[X,0x8001296E] -> 0x00C0
[2281] [M]: 0x8001296C (0x00C0006F) jal zero, 12


mem[X,0x80012978] -> 0x6063
mem[X,0x8001297A] -> 0x08B5
[2282] [M]: 0x80012978 (0x08B56063) bltu a0, a1, 128


mem[X,0x8001297C] -> 0x0213
mem[X,0x8001297E] -> 0x0022
[2283] [M]: 0x8001297C (0x00220213) addi tp, tp, 2
x4 <- 0x00000002


mem[X,0x80012980] -> 0x006F
mem[X,0x80012982] -> 0x0800
[2284] [M]: 0x80012980 (0x0800006F) jal zero, 128


mem[X,0x80012A00] -> 0xA623
mem[X,0x80012A02] -> 0x3640
[2285] [M]: 0x80012A00 (0x3640A623) sw tp, 876(ra)
mem[0x8004C4E0] <- 0x00000002


mem[X,0x80012A04] -> 0x6537
mem[X,0x80012A06] -> 0x6666
[2286] [M]: 0x80012A04 (0x66666537) lui a0, 419430
x10 <- 0x66666000


mem[X,0x80012A08] -> 0x0513
mem[X,0x80012A0A] -> 0x6665
[2287] [M]: 0x80012A08 (0x66650513) addi a0, a0, 1638
x10 <- 0x66666666


mem[X,0x80012A0C] -> 0xB5B7
mem[X,0x80012A0E] -> 0xAAAA
[2288] [M]: 0x80012A0C (0xAAAAB5B7) lui a1, 699051
x11 <- 0xAAAAB000


mem[X,0x80012A10] -> 0x8593
mem[X,0x80012A12] -> 0xAAB5
[2289] [M]: 0x80012A10 (0xAAB58593) addi a1, a1, 2731
x11 <- 0xAAAAAAAB


mem[X,0x80012A14] -> 0x0213
mem[X,0x80012A16] -> 0x0000
[2290] [M]: 0x80012A14 (0x00000213) addi tp, zero, 0
x4 <- 0x00000000


mem[X,0x80012A18] -> 0x006F
mem[X,0x80012A1A] -> 0x00C0
[2291] [M]: 0x80012A18 (0x00C0006F) jal zero, 12


mem[X,0x80012A24] -> 0x6063
mem[X,0x80012A26] -> 0x20B5
[2292] [M]: 0x80012A24 (0x20B56063) bltu a0, a1, 512


mem[X,0x80012C24] -> 0x0213
mem[X,0x80012C26] -> 0x0032
[2293] [M]: 0x80012C24 (0x00320213) addi tp, tp, 3
x4 <- 0x00000003


mem[X,0x80012C28] -> 0x006F
mem[X,0x80012C2A] -> 0x0040
[2294] [M]: 0x80012C28 (0x0040006F) jal zero, 4


mem[X,0x80012C2C] -> 0xA823
mem[X,0x80012C2E] -> 0x3640
[2295] [M]: 0x80012C2C (0x3640A823) sw tp, 880(ra)
mem[0x8004C4E4] <- 0x00000003


mem[X,0x80012C30] -> 0x6537
mem[X,0x80012C32] -> 0x6666
[2296] [M]: 0x80012C30 (0x66666537) lui a0, 419430
x10 <- 0x66666000


mem[X,0x80012C34] -> 0x0513
mem[X,0x80012C36] -> 0x6665
[2297] [M]: 0x80012C34 (0x66650513) addi a0, a0, 1638
x10 <- 0x66666666


mem[X,0x80012C38] -> 0x0593
mem[X,0x80012C3A] -> 0x0060
[2298] [M]: 0x80012C38 (0x00600593) addi a1, zero, 6
x11 <- 0x00000006


mem[X,0x80012C3C] -> 0x0213
mem[X,0x80012C3E] -> 0x0000
[2299] [M]: 0x80012C3C (0x00000213) addi tp, zero, 0
x4 <- 0x00000000


clint::tick mtime <- 0x0000000000000017
 clint timer pending at mtime 0x0000000000000017
htif::tick 0x0000000000000000
mem[X,0x80012C40] -> 0x006F
mem[X,0x80012C42] -> 0x00C0
[2300] [M]: 0x80012C40 (0x00C0006F) jal zero, 12


mem[X,0x80012C4C] -> 0x6063
mem[X,0x80012C4E] -> 0x04B5
[2301] [M]: 0x80012C4C (0x04B56063) bltu a0, a1, 64


mem[X,0x80012C50] -> 0x0213
mem[X,0x80012C52] -> 0x0022
[2302] [M]: 0x80012C50 (0x00220213) addi tp, tp, 2
x4 <- 0x00000002


mem[X,0x80012C54] -> 0x006F
mem[X,0x80012C56] -> 0x0400
[2303] [M]: 0x80012C54 (0x0400006F) jal zero, 64


mem[X,0x80012C94] -> 0xAA23
mem[X,0x80012C96] -> 0x3640
[2304] [M]: 0x80012C94 (0x3640AA23) sw tp, 884(ra)
mem[0x8004C4E8] <- 0x00000002


mem[X,0x80012C98] -> 0x6537
mem[X,0x80012C9A] -> 0x6666
[2305] [M]: 0x80012C98 (0x66666537) lui a0, 419430
x10 <- 0x66666000


mem[X,0x80012C9C] -> 0x0513
mem[X,0x80012C9E] -> 0x6665
[2306] [M]: 0x80012C9C (0x66650513) addi a0, a0, 1638
x10 <- 0x66666666


mem[X,0x80012CA0] -> 0x35B7
mem[X,0x80012CA2] -> 0x3333
[2307] [M]: 0x80012CA0 (0x333335B7) lui a1, 209715
x11 <- 0x33333000


mem[X,0x80012CA4] -> 0x8593
mem[X,0x80012CA6] -> 0x3345
[2308] [M]: 0x80012CA4 (0x33458593) addi a1, a1, 820
x11 <- 0x33333334


mem[X,0x80012CA8] -> 0x0213
mem[X,0x80012CAA] -> 0x0000
[2309] [M]: 0x80012CA8 (0x00000213) addi tp, zero, 0
x4 <- 0x00000000


mem[X,0x80012CAC] -> 0x006F
mem[X,0x80012CAE] -> 0x0140
[2310] [M]: 0x80012CAC (0x0140006F) jal zero, 20


mem[X,0x80012CC0] -> 0x68E3
mem[X,0x80012CC2] -> 0xFEB5
[2311] [M]: 0x80012CC0 (0xFEB568E3) bltu a0, a1, 8176


mem[X,0x80012CC4] -> 0x0213
mem[X,0x80012CC6] -> 0x0022
[2312] [M]: 0x80012CC4 (0x00220213) addi tp, tp, 2
x4 <- 0x00000002


mem[X,0x80012CC8] -> 0x006F
mem[X,0x80012CCA] -> 0x00C0
[2313] [M]: 0x80012CC8 (0x00C0006F) jal zero, 12


mem[X,0x80012CD4] -> 0xAC23
mem[X,0x80012CD6] -> 0x3640
[2314] [M]: 0x80012CD4 (0x3640AC23) sw tp, 888(ra)
mem[0x8004C4EC] <- 0x00000002


mem[X,0x80012CD8] -> 0x6537
mem[X,0x80012CDA] -> 0x6666
[2315] [M]: 0x80012CD8 (0x66666537) lui a0, 419430
x10 <- 0x66666000


mem[X,0x80012CDC] -> 0x0513
mem[X,0x80012CDE] -> 0x6665
[2316] [M]: 0x80012CDC (0x66650513) addi a0, a0, 1638
x10 <- 0x66666666


mem[X,0x80012CE0] -> 0x65B7
mem[X,0x80012CE2] -> 0x6666
[2317] [M]: 0x80012CE0 (0x666665B7) lui a1, 419430
x11 <- 0x66666000


mem[X,0x80012CE4] -> 0x8593
mem[X,0x80012CE6] -> 0x6675
[2318] [M]: 0x80012CE4 (0x66758593) addi a1, a1, 1639
x11 <- 0x66666667


mem[X,0x80012CE8] -> 0x0213
mem[X,0x80012CEA] -> 0x0000
[2319] [M]: 0x80012CE8 (0x00000213) addi tp, zero, 0
x4 <- 0x00000000


mem[X,0x80012CEC] -> 0x006F
mem[X,0x80012CEE] -> 0x0140
[2320] [M]: 0x80012CEC (0x0140006F) jal zero, 20


mem[X,0x80012D00] -> 0x68E3
mem[X,0x80012D02] -> 0xFEB5
[2321] [M]: 0x80012D00 (0xFEB568E3) bltu a0, a1, 8176


mem[X,0x80012CF0] -> 0x0213
mem[X,0x80012CF2] -> 0x0012
[2322] [M]: 0x80012CF0 (0x00120213) addi tp, tp, 1
x4 <- 0x00000001


mem[X,0x80012CF4] -> 0x006F
mem[X,0x80012CF6] -> 0x0200
[2323] [M]: 0x80012CF4 (0x0200006F) jal zero, 32


mem[X,0x80012D14] -> 0xAE23
mem[X,0x80012D16] -> 0x3640
[2324] [M]: 0x80012D14 (0x3640AE23) sw tp, 892(ra)
mem[0x8004C4F0] <- 0x00000001


mem[X,0x80012D18] -> 0x6537
mem[X,0x80012D1A] -> 0x6666
[2325] [M]: 0x80012D18 (0x66666537) lui a0, 419430
x10 <- 0x66666000


mem[X,0x80012D1C] -> 0x0513
mem[X,0x80012D1E] -> 0x6665
[2326] [M]: 0x80012D1C (0x66650513) addi a0, a0, 1638
x10 <- 0x66666666


mem[X,0x80012D20] -> 0xB5B7
mem[X,0x80012D22] -> 0x0000
[2327] [M]: 0x80012D20 (0x0000B5B7) lui a1, 11
x11 <- 0x0000B000


mem[X,0x80012D24] -> 0x8593
mem[X,0x80012D26] -> 0x5055
[2328] [M]: 0x80012D24 (0x50558593) addi a1, a1, 1285
x11 <- 0x0000B505


mem[X,0x80012D28] -> 0x0213
mem[X,0x80012D2A] -> 0x0000
[2329] [M]: 0x80012D28 (0x00000213) addi tp, zero, 0
x4 <- 0x00000000


mem[X,0x80012D2C] -> 0x006F
mem[X,0x80012D2E] -> 0x00C0
[2330] [M]: 0x80012D2C (0x00C0006F) jal zero, 12


mem[X,0x80012D38] -> 0x6CE3
mem[X,0x80012D3A] -> 0xFEB5
[2331] [M]: 0x80012D38 (0xFEB56CE3) bltu a0, a1, 8184


mem[X,0x80012D3C] -> 0x0213
mem[X,0x80012D3E] -> 0x0022
[2332] [M]: 0x80012D3C (0x00220213) addi tp, tp, 2
x4 <- 0x00000002


mem[X,0x80012D40] -> 0x006F
mem[X,0x80012D42] -> 0x00C0
[2333] [M]: 0x80012D40 (0x00C0006F) jal zero, 12


mem[X,0x80012D4C] -> 0xA023
mem[X,0x80012D4E] -> 0x3840
[2334] [M]: 0x80012D4C (0x3840A023) sw tp, 896(ra)
mem[0x8004C4F4] <- 0x00000002


mem[X,0x80012D50] -> 0x6537
mem[X,0x80012D52] -> 0x6666
[2335] [M]: 0x80012D50 (0x66666537) lui a0, 419430
x10 <- 0x66666000


mem[X,0x80012D54] -> 0x0513
mem[X,0x80012D56] -> 0x6665
[2336] [M]: 0x80012D54 (0x66650513) addi a0, a0, 1638
x10 <- 0x66666666


mem[X,0x80012D58] -> 0x0593
mem[X,0x80012D5A] -> 0x0010
[2337] [M]: 0x80012D58 (0x00100593) addi a1, zero, 1
x11 <- 0x00000001


mem[X,0x80012D5C] -> 0x0213
mem[X,0x80012D5E] -> 0x0000
[2338] [M]: 0x80012D5C (0x00000213) addi tp, zero, 0
x4 <- 0x00000000


mem[X,0x80012D60] -> 0x006F
mem[X,0x80012D62] -> 0x00C0
[2339] [M]: 0x80012D60 (0x00C0006F) jal zero, 12


mem[X,0x80012D6C] -> 0x6663
mem[X,0x80012D6E] -> 0x00B5
[2340] [M]: 0x80012D6C (0x00B56663) bltu a0, a1, 12


mem[X,0x80012D70] -> 0x0213
mem[X,0x80012D72] -> 0x0022
[2341] [M]: 0x80012D70 (0x00220213) addi tp, tp, 2
x4 <- 0x00000002


mem[X,0x80012D74] -> 0x006F
mem[X,0x80012D76] -> 0x00C0
[2342] [M]: 0x80012D74 (0x00C0006F) jal zero, 12


mem[X,0x80012D80] -> 0xA223
mem[X,0x80012D82] -> 0x3840
[2343] [M]: 0x80012D80 (0x3840A223) sw tp, 900(ra)
mem[0x8004C4F8] <- 0x00000002


mem[X,0x80012D84] -> 0x6537
mem[X,0x80012D86] -> 0x6666
[2344] [M]: 0x80012D84 (0x66666537) lui a0, 419430
x10 <- 0x66666000


mem[X,0x80012D88] -> 0x0513
mem[X,0x80012D8A] -> 0x6665
[2345] [M]: 0x80012D88 (0x66650513) addi a0, a0, 1638
x10 <- 0x66666666


mem[X,0x80012D8C] -> 0x05B7
mem[X,0x80012D8E] -> 0x0001
[2346] [M]: 0x80012D8C (0x000105B7) lui a1, 16
x11 <- 0x00010000


mem[X,0x80012D90] -> 0x0213
mem[X,0x80012D92] -> 0x0000
[2347] [M]: 0x80012D90 (0x00000213) addi tp, zero, 0
x4 <- 0x00000000


mem[X,0x80012D94] -> 0x006F
mem[X,0x80012D96] -> 0x2B10
[2348] [M]: 0x80012D94 (0x2B10006F) jal zero, 2736


mem[X,0x80013844] -> 0x6A63
mem[X,0x80013846] -> 0xD4B5
[2349] [M]: 0x80013844 (0xD4B56A63) bltu a0, a1, 5460


mem[X,0x80013848] -> 0x0213
mem[X,0x8001384A] -> 0x0022
[2350] [M]: 0x80013848 (0x00220213) addi tp, tp, 2
x4 <- 0x00000002


mem[X,0x8001384C] -> 0x006F
mem[X,0x8001384E] -> 0x00C0
[2351] [M]: 0x8001384C (0x00C0006F) jal zero, 12


mem[X,0x80013858] -> 0xA423
mem[X,0x8001385A] -> 0x3840
[2352] [M]: 0x80013858 (0x3840A423) sw tp, 904(ra)
mem[0x8004C4FC] <- 0x00000002


mem[X,0x8001385C] -> 0xB537
mem[X,0x8001385E] -> 0x0000
[2353] [M]: 0x8001385C (0x0000B537) lui a0, 11
x10 <- 0x0000B000


mem[X,0x80013860] -> 0x0513
mem[X,0x80013862] -> 0x5045
[2354] [M]: 0x80013860 (0x50450513) addi a0, a0, 1284
x10 <- 0x0000B504


mem[X,0x80013864] -> 0x0593
mem[X,0x80013866] -> 0x0030
[2355] [M]: 0x80013864 (0x00300593) addi a1, zero, 3
x11 <- 0x00000003


mem[X,0x80013868] -> 0x0213
mem[X,0x8001386A] -> 0x0000
[2356] [M]: 0x80013868 (0x00000213) addi tp, zero, 0
x4 <- 0x00000000


mem[X,0x8001386C] -> 0x006F
mem[X,0x8001386E] -> 0x00C0
[2357] [M]: 0x8001386C (0x00C0006F) jal zero, 12


mem[X,0x80013878] -> 0x6663
mem[X,0x8001387A] -> 0x00B5
[2358] [M]: 0x80013878 (0x00B56663) bltu a0, a1, 12


mem[X,0x8001387C] -> 0x0213
mem[X,0x8001387E] -> 0x0022
[2359] [M]: 0x8001387C (0x00220213) addi tp, tp, 2
x4 <- 0x00000002


mem[X,0x80013880] -> 0x006F
mem[X,0x80013882] -> 0x00C0
[2360] [M]: 0x80013880 (0x00C0006F) jal zero, 12


mem[X,0x8001388C] -> 0xA623
mem[X,0x8001388E] -> 0x3840
[2361] [M]: 0x8001388C (0x3840A623) sw tp, 908(ra)
mem[0x8004C500] <- 0x00000002


mem[X,0x80013890] -> 0xB537
mem[X,0x80013892] -> 0x0000
[2362] [M]: 0x80013890 (0x0000B537) lui a0, 11
x10 <- 0x0000B000


mem[X,0x80013894] -> 0x0513
mem[X,0x80013896] -> 0x5045
[2363] [M]: 0x80013894 (0x50450513) addi a0, a0, 1284
x10 <- 0x0000B504


mem[X,0x80013898] -> 0x55B7
mem[X,0x8001389A] -> 0x5555
[2364] [M]: 0x80013898 (0x555555B7) lui a1, 349525
x11 <- 0x55555000


mem[X,0x8001389C] -> 0x8593
mem[X,0x8001389E] -> 0x5555
[2365] [M]: 0x8001389C (0x55558593) addi a1, a1, 1365
x11 <- 0x55555555


mem[X,0x800138A0] -> 0x0213
mem[X,0x800138A2] -> 0x0000
[2366] [M]: 0x800138A0 (0x00000213) addi tp, zero, 0
x4 <- 0x00000000


mem[X,0x800138A4] -> 0x006F
mem[X,0x800138A6] -> 0x00C0
[2367] [M]: 0x800138A4 (0x00C0006F) jal zero, 12


mem[X,0x800138B0] -> 0x6063
mem[X,0x800138B2] -> 0x40B5
[2368] [M]: 0x800138B0 (0x40B56063) bltu a0, a1, 1024


mem[X,0x80013CB0] -> 0x0213
mem[X,0x80013CB2] -> 0x0032
[2369] [M]: 0x80013CB0 (0x00320213) addi tp, tp, 3
x4 <- 0x00000003


mem[X,0x80013CB4] -> 0x006F
mem[X,0x80013CB6] -> 0x0040
[2370] [M]: 0x80013CB4 (0x0040006F) jal zero, 4


mem[X,0x80013CB8] -> 0xA823
mem[X,0x80013CBA] -> 0x3840
[2371] [M]: 0x80013CB8 (0x3840A823) sw tp, 912(ra)
mem[0x8004C504] <- 0x00000003


mem[X,0x80013CBC] -> 0xB537
mem[X,0x80013CBE] -> 0x0000
[2372] [M]: 0x80013CBC (0x0000B537) lui a0, 11
x10 <- 0x0000B000


mem[X,0x80013CC0] -> 0x0513
mem[X,0x80013CC2] -> 0x5045
[2373] [M]: 0x80013CC0 (0x50450513) addi a0, a0, 1284
x10 <- 0x0000B504


mem[X,0x80013CC4] -> 0xB5B7
mem[X,0x80013CC6] -> 0xAAAA
[2374] [M]: 0x80013CC4 (0xAAAAB5B7) lui a1, 699051
x11 <- 0xAAAAB000


mem[X,0x80013CC8] -> 0x8593
mem[X,0x80013CCA] -> 0xAAA5
[2375] [M]: 0x80013CC8 (0xAAA58593) addi a1, a1, 2730
x11 <- 0xAAAAAAAA


mem[X,0x80013CCC] -> 0x0213
mem[X,0x80013CCE] -> 0x0000
[2376] [M]: 0x80013CCC (0x00000213) addi tp, zero, 0
x4 <- 0x00000000


mem[X,0x80013CD0] -> 0x006F
mem[X,0x80013CD2] -> 0x0100
[2377] [M]: 0x80013CD0 (0x0100006F) jal zero, 16


mem[X,0x80013CE0] -> 0x6AE3
mem[X,0x80013CE2] -> 0xFEB5
[2378] [M]: 0x80013CE0 (0xFEB56AE3) bltu a0, a1, 8180


mem[X,0x80013CD4] -> 0x0213
mem[X,0x80013CD6] -> 0x0012
[2379] [M]: 0x80013CD4 (0x00120213) addi tp, tp, 1
x4 <- 0x00000001


mem[X,0x80013CD8] -> 0x006F
mem[X,0x80013CDA] -> 0x01C0
[2380] [M]: 0x80013CD8 (0x01C0006F) jal zero, 28


mem[X,0x80013CF4] -> 0xAA23
mem[X,0x80013CF6] -> 0x3840
[2381] [M]: 0x80013CF4 (0x3840AA23) sw tp, 916(ra)
mem[0x8004C508] <- 0x00000001


mem[X,0x80013CF8] -> 0xB537
mem[X,0x80013CFA] -> 0x0000
[2382] [M]: 0x80013CF8 (0x0000B537) lui a0, 11
x10 <- 0x0000B000


mem[X,0x80013CFC] -> 0x0513
mem[X,0x80013CFE] -> 0x5045
[2383] [M]: 0x80013CFC (0x50450513) addi a0, a0, 1284
x10 <- 0x0000B504


mem[X,0x80013D00] -> 0x0593
mem[X,0x80013D02] -> 0x0050
[2384] [M]: 0x80013D00 (0x00500593) addi a1, zero, 5
x11 <- 0x00000005


mem[X,0x80013D04] -> 0x0213
mem[X,0x80013D06] -> 0x0000
[2385] [M]: 0x80013D04 (0x00000213) addi tp, zero, 0
x4 <- 0x00000000


mem[X,0x80013D08] -> 0x006F
mem[X,0x80013D0A] -> 0x00C0
[2386] [M]: 0x80013D08 (0x00C0006F) jal zero, 12


mem[X,0x80013D14] -> 0x6063
mem[X,0x80013D16] -> 0x02B5
[2387] [M]: 0x80013D14 (0x02B56063) bltu a0, a1, 32


mem[X,0x80013D18] -> 0x0213
mem[X,0x80013D1A] -> 0x0022
[2388] [M]: 0x80013D18 (0x00220213) addi tp, tp, 2
x4 <- 0x00000002


mem[X,0x80013D1C] -> 0x006F
mem[X,0x80013D1E] -> 0x0200
[2389] [M]: 0x80013D1C (0x0200006F) jal zero, 32


mem[X,0x80013D3C] -> 0xAC23
mem[X,0x80013D3E] -> 0x3840
[2390] [M]: 0x80013D3C (0x3840AC23) sw tp, 920(ra)
mem[0x8004C50C] <- 0x00000002


mem[X,0x80013D40] -> 0xB537
mem[X,0x80013D42] -> 0x0000
[2391] [M]: 0x80013D40 (0x0000B537) lui a0, 11
x10 <- 0x0000B000


mem[X,0x80013D44] -> 0x0513
mem[X,0x80013D46] -> 0x5045
[2392] [M]: 0x80013D44 (0x50450513) addi a0, a0, 1284
x10 <- 0x0000B504


mem[X,0x80013D48] -> 0x35B7
mem[X,0x80013D4A] -> 0x3333
[2393] [M]: 0x80013D48 (0x333335B7) lui a1, 209715
x11 <- 0x33333000


mem[X,0x80013D4C] -> 0x8593
mem[X,0x80013D4E] -> 0x3335
[2394] [M]: 0x80013D4C (0x33358593) addi a1, a1, 819
x11 <- 0x33333333


mem[X,0x80013D50] -> 0x0213
mem[X,0x80013D52] -> 0x0000
[2395] [M]: 0x80013D50 (0x00000213) addi tp, zero, 0
x4 <- 0x00000000


mem[X,0x80013D54] -> 0x006F
mem[X,0x80013D56] -> 0x0140
[2396] [M]: 0x80013D54 (0x0140006F) jal zero, 20


mem[X,0x80013D68] -> 0x68E3
mem[X,0x80013D6A] -> 0xFEB5
[2397] [M]: 0x80013D68 (0xFEB568E3) bltu a0, a1, 8176


mem[X,0x80013D58] -> 0x0213
mem[X,0x80013D5A] -> 0x0012
[2398] [M]: 0x80013D58 (0x00120213) addi tp, tp, 1
x4 <- 0x00000001


mem[X,0x80013D5C] -> 0x006F
mem[X,0x80013D5E] -> 0x0200
[2399] [M]: 0x80013D5C (0x0200006F) jal zero, 32


clint::tick mtime <- 0x0000000000000018
 clint timer pending at mtime 0x0000000000000018
htif::tick 0x0000000000000000
mem[X,0x80013D7C] -> 0xAE23
mem[X,0x80013D7E] -> 0x3840
[2400] [M]: 0x80013D7C (0x3840AE23) sw tp, 924(ra)
mem[0x8004C510] <- 0x00000001


mem[X,0x80013D80] -> 0xB537
mem[X,0x80013D82] -> 0x0000
[2401] [M]: 0x80013D80 (0x0000B537) lui a0, 11
x10 <- 0x0000B000


mem[X,0x80013D84] -> 0x0513
mem[X,0x80013D86] -> 0x5045
[2402] [M]: 0x80013D84 (0x50450513) addi a0, a0, 1284
x10 <- 0x0000B504


mem[X,0x80013D88] -> 0x65B7
mem[X,0x80013D8A] -> 0x6666
[2403] [M]: 0x80013D88 (0x666665B7) lui a1, 419430
x11 <- 0x66666000


mem[X,0x80013D8C] -> 0x8593
mem[X,0x80013D8E] -> 0x6665
[2404] [M]: 0x80013D8C (0x66658593) addi a1, a1, 1638
x11 <- 0x66666666


mem[X,0x80013D90] -> 0x0213
mem[X,0x80013D92] -> 0x0000
[2405] [M]: 0x80013D90 (0x00000213) addi tp, zero, 0
x4 <- 0x00000000


mem[X,0x80013D94] -> 0x006F
mem[X,0x80013D96] -> 0x00C0
[2406] [M]: 0x80013D94 (0x00C0006F) jal zero, 12


mem[X,0x80013DA0] -> 0x6863
mem[X,0x80013DA2] -> 0x00B5
[2407] [M]: 0x80013DA0 (0x00B56863) bltu a0, a1, 16


mem[X,0x80013DB0] -> 0x0213
mem[X,0x80013DB2] -> 0x0032
[2408] [M]: 0x80013DB0 (0x00320213) addi tp, tp, 3
x4 <- 0x00000003


mem[X,0x80013DB4] -> 0x006F
mem[X,0x80013DB6] -> 0x0040
[2409] [M]: 0x80013DB4 (0x0040006F) jal zero, 4


mem[X,0x80013DB8] -> 0xA023
mem[X,0x80013DBA] -> 0x3A40
[2410] [M]: 0x80013DB8 (0x3A40A023) sw tp, 928(ra)
mem[0x8004C514] <- 0x00000003


mem[X,0x80013DBC] -> 0xB537
mem[X,0x80013DBE] -> 0x0000
[2411] [M]: 0x80013DBC (0x0000B537) lui a0, 11
x10 <- 0x0000B000


mem[X,0x80013DC0] -> 0x0513
mem[X,0x80013DC2] -> 0x5045
[2412] [M]: 0x80013DC0 (0x50450513) addi a0, a0, 1284
x10 <- 0x0000B504


mem[X,0x80013DC4] -> 0xB5B7
mem[X,0x80013DC6] -> 0x0000
[2413] [M]: 0x80013DC4 (0x0000B5B7) lui a1, 11
x11 <- 0x0000B000


mem[X,0x80013DC8] -> 0x8593
mem[X,0x80013DCA] -> 0x5045
[2414] [M]: 0x80013DC8 (0x50458593) addi a1, a1, 1284
x11 <- 0x0000B504


mem[X,0x80013DCC] -> 0x0213
mem[X,0x80013DCE] -> 0x0000
[2415] [M]: 0x80013DCC (0x00000213) addi tp, zero, 0
x4 <- 0x00000000


mem[X,0x80013DD0] -> 0x006F
mem[X,0x80013DD2] -> 0x00C0
[2416] [M]: 0x80013DD0 (0x00C0006F) jal zero, 12


mem[X,0x80013DDC] -> 0x6063
mem[X,0x80013DDE] -> 0x08B5
[2417] [M]: 0x80013DDC (0x08B56063) bltu a0, a1, 128


mem[X,0x80013DE0] -> 0x0213
mem[X,0x80013DE2] -> 0x0022
[2418] [M]: 0x80013DE0 (0x00220213) addi tp, tp, 2
x4 <- 0x00000002


mem[X,0x80013DE4] -> 0x006F
mem[X,0x80013DE6] -> 0x0800
[2419] [M]: 0x80013DE4 (0x0800006F) jal zero, 128


mem[X,0x80013E64] -> 0xA223
mem[X,0x80013E66] -> 0x3A40
[2420] [M]: 0x80013E64 (0x3A40A223) sw tp, 932(ra)
mem[0x8004C518] <- 0x00000002


mem[X,0x80013E68] -> 0xB537
mem[X,0x80013E6A] -> 0x0000
[2421] [M]: 0x80013E68 (0x0000B537) lui a0, 11
x10 <- 0x0000B000


mem[X,0x80013E6C] -> 0x0513
mem[X,0x80013E6E] -> 0x5045
[2422] [M]: 0x80013E6C (0x50450513) addi a0, a0, 1284
x10 <- 0x0000B504


mem[X,0x80013E70] -> 0x0593
mem[X,0x80013E72] -> 0x0000
[2423] [M]: 0x80013E70 (0x00000593) addi a1, zero, 0
x11 <- 0x00000000


mem[X,0x80013E74] -> 0x0213
mem[X,0x80013E76] -> 0x0000
[2424] [M]: 0x80013E74 (0x00000213) addi tp, zero, 0
x4 <- 0x00000000


mem[X,0x80013E78] -> 0x006F
mem[X,0x80013E7A] -> 0x00C0
[2425] [M]: 0x80013E78 (0x00C0006F) jal zero, 12


mem[X,0x80013E84] -> 0x6663
mem[X,0x80013E86] -> 0x00B5
[2426] [M]: 0x80013E84 (0x00B56663) bltu a0, a1, 12


mem[X,0x80013E88] -> 0x0213
mem[X,0x80013E8A] -> 0x0022
[2427] [M]: 0x80013E88 (0x00220213) addi tp, tp, 2
x4 <- 0x00000002


mem[X,0x80013E8C] -> 0x006F
mem[X,0x80013E8E] -> 0x00C0
[2428] [M]: 0x80013E8C (0x00C0006F) jal zero, 12


mem[X,0x80013E98] -> 0xA423
mem[X,0x80013E9A] -> 0x3A40
[2429] [M]: 0x80013E98 (0x3A40A423) sw tp, 936(ra)
mem[0x8004C51C] <- 0x00000002


mem[X,0x80013E9C] -> 0xB537
mem[X,0x80013E9E] -> 0x0000
[2430] [M]: 0x80013E9C (0x0000B537) lui a0, 11
x10 <- 0x0000B000


mem[X,0x80013EA0] -> 0x0513
mem[X,0x80013EA2] -> 0x5045
[2431] [M]: 0x80013EA0 (0x50450513) addi a0, a0, 1284
x10 <- 0x0000B504


mem[X,0x80013EA4] -> 0x05B7
mem[X,0x80013EA6] -> 0x0001
[2432] [M]: 0x80013EA4 (0x000105B7) lui a1, 16
x11 <- 0x00010000


mem[X,0x80013EA8] -> 0x8593
mem[X,0x80013EAA] -> 0xFFF5
[2433] [M]: 0x80013EA8 (0xFFF58593) addi a1, a1, 4095
x11 <- 0x0000FFFF


mem[X,0x80013EAC] -> 0x0213
mem[X,0x80013EAE] -> 0x0000
[2434] [M]: 0x80013EAC (0x00000213) addi tp, zero, 0
x4 <- 0x00000000


mem[X,0x80013EB0] -> 0x006F
mem[X,0x80013EB2] -> 0x00C0
[2435] [M]: 0x80013EB0 (0x00C0006F) jal zero, 12


mem[X,0x80013EBC] -> 0x6CE3
mem[X,0x80013EBE] -> 0xFEB5
[2436] [M]: 0x80013EBC (0xFEB56CE3) bltu a0, a1, 8184


mem[X,0x80013EB4] -> 0x0213
mem[X,0x80013EB6] -> 0x0012
[2437] [M]: 0x80013EB4 (0x00120213) addi tp, tp, 1
x4 <- 0x00000001


mem[X,0x80013EB8] -> 0x006F
mem[X,0x80013EBA] -> 0x0180
[2438] [M]: 0x80013EB8 (0x0180006F) jal zero, 24


mem[X,0x80013ED0] -> 0xA623
mem[X,0x80013ED2] -> 0x3A40
[2439] [M]: 0x80013ED0 (0x3A40A623) sw tp, 940(ra)
mem[0x8004C520] <- 0x00000001


mem[X,0x80013ED4] -> 0xB537
mem[X,0x80013ED6] -> 0x0000
[2440] [M]: 0x80013ED4 (0x0000B537) lui a0, 11
x10 <- 0x0000B000


mem[X,0x80013ED8] -> 0x0513
mem[X,0x80013EDA] -> 0x5045
[2441] [M]: 0x80013ED8 (0x50450513) addi a0, a0, 1284
x10 <- 0x0000B504


mem[X,0x80013EDC] -> 0x0593
mem[X,0x80013EDE] -> 0x0020
[2442] [M]: 0x80013EDC (0x00200593) addi a1, zero, 2
x11 <- 0x00000002


mem[X,0x80013EE0] -> 0x0213
mem[X,0x80013EE2] -> 0x0000
[2443] [M]: 0x80013EE0 (0x00000213) addi tp, zero, 0
x4 <- 0x00000000


mem[X,0x80013EE4] -> 0x006F
mem[X,0x80013EE6] -> 0x0050
[2444] [M]: 0x80013EE4 (0x0050006F) jal zero, 2052


mem[X,0x800146E8] -> 0x60E3
mem[X,0x800146EA] -> 0x80B5
[2445] [M]: 0x800146E8 (0x80B560E3) bltu a0, a1, 6144


mem[X,0x800146EC] -> 0x0213
mem[X,0x800146EE] -> 0x0022
[2446] [M]: 0x800146EC (0x00220213) addi tp, tp, 2
x4 <- 0x00000002


mem[X,0x800146F0] -> 0x006F
mem[X,0x800146F2] -> 0x00C0
[2447] [M]: 0x800146F0 (0x00C0006F) jal zero, 12


mem[X,0x800146FC] -> 0xA823
mem[X,0x800146FE] -> 0x3A40
[2448] [M]: 0x800146FC (0x3A40A823) sw tp, 944(ra)
mem[0x8004C524] <- 0x00000002


mem[X,0x80014700] -> 0xB537
mem[X,0x80014702] -> 0x0000
[2449] [M]: 0x80014700 (0x0000B537) lui a0, 11
x10 <- 0x0000B000


mem[X,0x80014704] -> 0x0513
mem[X,0x80014706] -> 0x5045
[2450] [M]: 0x80014704 (0x50450513) addi a0, a0, 1284
x10 <- 0x0000B504


mem[X,0x80014708] -> 0x55B7
mem[X,0x8001470A] -> 0x5555
[2451] [M]: 0x80014708 (0x555555B7) lui a1, 349525
x11 <- 0x55555000


mem[X,0x8001470C] -> 0x8593
mem[X,0x8001470E] -> 0x5545
[2452] [M]: 0x8001470C (0x55458593) addi a1, a1, 1364
x11 <- 0x55555554


mem[X,0x80014710] -> 0x0213
mem[X,0x80014712] -> 0x0000
[2453] [M]: 0x80014710 (0x00000213) addi tp, zero, 0
x4 <- 0x00000000


mem[X,0x80014714] -> 0x006F
mem[X,0x80014716] -> 0x2B10
[2454] [M]: 0x80014714 (0x2B10006F) jal zero, 2736


mem[X,0x800151C4] -> 0x6A63
mem[X,0x800151C6] -> 0xD4B5
[2455] [M]: 0x800151C4 (0xD4B56A63) bltu a0, a1, 5460


mem[X,0x80014718] -> 0x0213
mem[X,0x8001471A] -> 0x0012
[2456] [M]: 0x80014718 (0x00120213) addi tp, tp, 1
x4 <- 0x00000001


mem[X,0x8001471C] -> 0x006F
mem[X,0x8001471E] -> 0x2BD0
[2457] [M]: 0x8001471C (0x2BD0006F) jal zero, 2748


mem[X,0x800151D8] -> 0xAA23
mem[X,0x800151DA] -> 0x3A40
[2458] [M]: 0x800151D8 (0x3A40AA23) sw tp, 948(ra)
mem[0x8004C528] <- 0x00000001


mem[X,0x800151DC] -> 0xB537
mem[X,0x800151DE] -> 0x0000
[2459] [M]: 0x800151DC (0x0000B537) lui a0, 11
x10 <- 0x0000B000


mem[X,0x800151E0] -> 0x0513
mem[X,0x800151E2] -> 0x5045
[2460] [M]: 0x800151E0 (0x50450513) addi a0, a0, 1284
x10 <- 0x0000B504


mem[X,0x800151E4] -> 0xB5B7
mem[X,0x800151E6] -> 0xAAAA
[2461] [M]: 0x800151E4 (0xAAAAB5B7) lui a1, 699051
x11 <- 0xAAAAB000


mem[X,0x800151E8] -> 0x8593
mem[X,0x800151EA] -> 0xAA95
[2462] [M]: 0x800151E8 (0xAA958593) addi a1, a1, 2729
x11 <- 0xAAAAAAA9


mem[X,0x800151EC] -> 0x0213
mem[X,0x800151EE] -> 0x0000
[2463] [M]: 0x800151EC (0x00000213) addi tp, zero, 0
x4 <- 0x00000000


mem[X,0x800151F0] -> 0x006F
mem[X,0x800151F2] -> 0x00C0
[2464] [M]: 0x800151F0 (0x00C0006F) jal zero, 12


mem[X,0x800151FC] -> 0x6863
mem[X,0x800151FE] -> 0x00B5
[2465] [M]: 0x800151FC (0x00B56863) bltu a0, a1, 16


mem[X,0x8001520C] -> 0x0213
mem[X,0x8001520E] -> 0x0032
[2466] [M]: 0x8001520C (0x00320213) addi tp, tp, 3
x4 <- 0x00000003


mem[X,0x80015210] -> 0x006F
mem[X,0x80015212] -> 0x0040
[2467] [M]: 0x80015210 (0x0040006F) jal zero, 4


mem[X,0x80015214] -> 0xAC23
mem[X,0x80015216] -> 0x3A40
[2468] [M]: 0x80015214 (0x3A40AC23) sw tp, 952(ra)
mem[0x8004C52C] <- 0x00000003


mem[X,0x80015218] -> 0xB537
mem[X,0x8001521A] -> 0x0000
[2469] [M]: 0x80015218 (0x0000B537) lui a0, 11
x10 <- 0x0000B000


mem[X,0x8001521C] -> 0x0513
mem[X,0x8001521E] -> 0x5045
[2470] [M]: 0x8001521C (0x50450513) addi a0, a0, 1284
x10 <- 0x0000B504


mem[X,0x80015220] -> 0x0593
mem[X,0x80015222] -> 0x0040
[2471] [M]: 0x80015220 (0x00400593) addi a1, zero, 4
x11 <- 0x00000004


mem[X,0x80015224] -> 0x0213
mem[X,0x80015226] -> 0x0000
[2472] [M]: 0x80015224 (0x00000213) addi tp, zero, 0
x4 <- 0x00000000


mem[X,0x80015228] -> 0x006F
mem[X,0x8001522A] -> 0x0180
[2473] [M]: 0x80015228 (0x0180006F) jal zero, 24


mem[X,0x80015240] -> 0x66E3
mem[X,0x80015242] -> 0xFEB5
[2474] [M]: 0x80015240 (0xFEB566E3) bltu a0, a1, 8172


mem[X,0x80015244] -> 0x0213
mem[X,0x80015246] -> 0x0022
[2475] [M]: 0x80015244 (0x00220213) addi tp, tp, 2
x4 <- 0x00000002


mem[X,0x80015248] -> 0x006F
mem[X,0x8001524A] -> 0x00C0
[2476] [M]: 0x80015248 (0x00C0006F) jal zero, 12


mem[X,0x80015254] -> 0xAE23
mem[X,0x80015256] -> 0x3A40
[2477] [M]: 0x80015254 (0x3A40AE23) sw tp, 956(ra)
mem[0x8004C530] <- 0x00000002


mem[X,0x80015258] -> 0xB537
mem[X,0x8001525A] -> 0x0000
[2478] [M]: 0x80015258 (0x0000B537) lui a0, 11
x10 <- 0x0000B000


mem[X,0x8001525C] -> 0x0513
mem[X,0x8001525E] -> 0x5045
[2479] [M]: 0x8001525C (0x50450513) addi a0, a0, 1284
x10 <- 0x0000B504


mem[X,0x80015260] -> 0x35B7
mem[X,0x80015262] -> 0x3333
[2480] [M]: 0x80015260 (0x333335B7) lui a1, 209715
x11 <- 0x33333000


mem[X,0x80015264] -> 0x8593
mem[X,0x80015266] -> 0x3325
[2481] [M]: 0x80015264 (0x33258593) addi a1, a1, 818
x11 <- 0x33333332


mem[X,0x80015268] -> 0x0213
mem[X,0x8001526A] -> 0x0000
[2482] [M]: 0x80015268 (0x00000213) addi tp, zero, 0
x4 <- 0x00000000


mem[X,0x8001526C] -> 0x006F
mem[X,0x8001526E] -> 0x00C0
[2483] [M]: 0x8001526C (0x00C0006F) jal zero, 12


mem[X,0x80015278] -> 0x6663
mem[X,0x8001527A] -> 0x00B5
[2484] [M]: 0x80015278 (0x00B56663) bltu a0, a1, 12


mem[X,0x80015284] -> 0x0213
mem[X,0x80015286] -> 0x0032
[2485] [M]: 0x80015284 (0x00320213) addi tp, tp, 3
x4 <- 0x00000003


mem[X,0x80015288] -> 0x006F
mem[X,0x8001528A] -> 0x0040
[2486] [M]: 0x80015288 (0x0040006F) jal zero, 4


mem[X,0x8001528C] -> 0xA023
mem[X,0x8001528E] -> 0x3C40
[2487] [M]: 0x8001528C (0x3C40A023) sw tp, 960(ra)
mem[0x8004C534] <- 0x00000003


mem[X,0x80015290] -> 0xB537
mem[X,0x80015292] -> 0x0000
[2488] [M]: 0x80015290 (0x0000B537) lui a0, 11
x10 <- 0x0000B000


mem[X,0x80015294] -> 0x0513
mem[X,0x80015296] -> 0x5045
[2489] [M]: 0x80015294 (0x50450513) addi a0, a0, 1284
x10 <- 0x0000B504


mem[X,0x80015298] -> 0x65B7
mem[X,0x8001529A] -> 0x6666
[2490] [M]: 0x80015298 (0x666665B7) lui a1, 419430
x11 <- 0x66666000


mem[X,0x8001529C] -> 0x8593
mem[X,0x8001529E] -> 0x6655
[2491] [M]: 0x8001529C (0x66558593) addi a1, a1, 1637
x11 <- 0x66666665


mem[X,0x800152A0] -> 0x0213
mem[X,0x800152A2] -> 0x0000
[2492] [M]: 0x800152A0 (0x00000213) addi tp, zero, 0
x4 <- 0x00000000


mem[X,0x800152A4] -> 0x006F
mem[X,0x800152A6] -> 0x00C0
[2493] [M]: 0x800152A4 (0x00C0006F) jal zero, 12


mem[X,0x800152B0] -> 0x6063
mem[X,0x800152B2] -> 0x10B5
[2494] [M]: 0x800152B0 (0x10B56063) bltu a0, a1, 256


mem[X,0x800153B0] -> 0x0213
mem[X,0x800153B2] -> 0x0032
[2495] [M]: 0x800153B0 (0x00320213) addi tp, tp, 3
x4 <- 0x00000003


mem[X,0x800153B4] -> 0x006F
mem[X,0x800153B6] -> 0x0040
[2496] [M]: 0x800153B4 (0x0040006F) jal zero, 4


mem[X,0x800153B8] -> 0xA223
mem[X,0x800153BA] -> 0x3C40
[2497] [M]: 0x800153B8 (0x3C40A223) sw tp, 964(ra)
mem[0x8004C538] <- 0x00000003


mem[X,0x800153BC] -> 0xB537
mem[X,0x800153BE] -> 0x0000
[2498] [M]: 0x800153BC (0x0000B537) lui a0, 11
x10 <- 0x0000B000


mem[X,0x800153C0] -> 0x0513
mem[X,0x800153C2] -> 0x5045
[2499] [M]: 0x800153C0 (0x50450513) addi a0, a0, 1284
x10 <- 0x0000B504


clint::tick mtime <- 0x0000000000000019
 clint timer pending at mtime 0x0000000000000019
htif::tick 0x0000000000000000
mem[X,0x800153C4] -> 0xB5B7
mem[X,0x800153C6] -> 0x0000
[2500] [M]: 0x800153C4 (0x0000B5B7) lui a1, 11
x11 <- 0x0000B000


mem[X,0x800153C8] -> 0x8593
mem[X,0x800153CA] -> 0x5035
[2501] [M]: 0x800153C8 (0x50358593) addi a1, a1, 1283
x11 <- 0x0000B503


mem[X,0x800153CC] -> 0x0213
mem[X,0x800153CE] -> 0x0000
[2502] [M]: 0x800153CC (0x00000213) addi tp, zero, 0
x4 <- 0x00000000


mem[X,0x800153D0] -> 0x006F
mem[X,0x800153D2] -> 0x2B10
[2503] [M]: 0x800153D0 (0x2B10006F) jal zero, 2736


mem[X,0x80015E80] -> 0x6A63
mem[X,0x80015E82] -> 0xD4B5
[2504] [M]: 0x80015E80 (0xD4B56A63) bltu a0, a1, 5460


mem[X,0x80015E84] -> 0x0213
mem[X,0x80015E86] -> 0x0022
[2505] [M]: 0x80015E84 (0x00220213) addi tp, tp, 2
x4 <- 0x00000002


mem[X,0x80015E88] -> 0x006F
mem[X,0x80015E8A] -> 0x00C0
[2506] [M]: 0x80015E88 (0x00C0006F) jal zero, 12


mem[X,0x80015E94] -> 0xA423
mem[X,0x80015E96] -> 0x3C40
[2507] [M]: 0x80015E94 (0x3C40A423) sw tp, 968(ra)
mem[0x8004C53C] <- 0x00000002


mem[X,0x80015E98] -> 0xB537
mem[X,0x80015E9A] -> 0x0000
[2508] [M]: 0x80015E98 (0x0000B537) lui a0, 11
x10 <- 0x0000B000


mem[X,0x80015E9C] -> 0x0513
mem[X,0x80015E9E] -> 0x5045
[2509] [M]: 0x80015E9C (0x50450513) addi a0, a0, 1284
x10 <- 0x0000B504


mem[X,0x80015EA0] -> 0x05B7
mem[X,0x80015EA2] -> 0x0001
[2510] [M]: 0x80015EA0 (0x000105B7) lui a1, 16
x11 <- 0x00010000


mem[X,0x80015EA4] -> 0x8593
mem[X,0x80015EA6] -> 0xFFE5
[2511] [M]: 0x80015EA4 (0xFFE58593) addi a1, a1, 4094
x11 <- 0x0000FFFE


mem[X,0x80015EA8] -> 0x0213
mem[X,0x80015EAA] -> 0x0000
[2512] [M]: 0x80015EA8 (0x00000213) addi tp, zero, 0
x4 <- 0x00000000


mem[X,0x80015EAC] -> 0x006F
mem[X,0x80015EAE] -> 0x0050
[2513] [M]: 0x80015EAC (0x0050006F) jal zero, 2052


mem[X,0x800166B0] -> 0x60E3
mem[X,0x800166B2] -> 0x80B5
[2514] [M]: 0x800166B0 (0x80B560E3) bltu a0, a1, 6144


mem[X,0x80015EB0] -> 0x0213
mem[X,0x80015EB2] -> 0x0012
[2515] [M]: 0x80015EB0 (0x00120213) addi tp, tp, 1
x4 <- 0x00000001


mem[X,0x80015EB4] -> 0x006F
mem[X,0x80015EB6] -> 0x0110
[2516] [M]: 0x80015EB4 (0x0110006F) jal zero, 2064


mem[X,0x800166C4] -> 0xA623
mem[X,0x800166C6] -> 0x3C40
[2517] [M]: 0x800166C4 (0x3C40A623) sw tp, 972(ra)
mem[0x8004C540] <- 0x00000001


mem[X,0x800166C8] -> 0xB537
mem[X,0x800166CA] -> 0x0000
[2518] [M]: 0x800166C8 (0x0000B537) lui a0, 11
x10 <- 0x0000B000


mem[X,0x800166CC] -> 0x0513
mem[X,0x800166CE] -> 0x5045
[2519] [M]: 0x800166CC (0x50450513) addi a0, a0, 1284
x10 <- 0x0000B504


mem[X,0x800166D0] -> 0x55B7
mem[X,0x800166D2] -> 0x5555
[2520] [M]: 0x800166D0 (0x555555B7) lui a1, 349525
x11 <- 0x55555000


mem[X,0x800166D4] -> 0x8593
mem[X,0x800166D6] -> 0x5565
[2521] [M]: 0x800166D4 (0x55658593) addi a1, a1, 1366
x11 <- 0x55555556


mem[X,0x800166D8] -> 0x0213
mem[X,0x800166DA] -> 0x0000
[2522] [M]: 0x800166D8 (0x00000213) addi tp, zero, 0
x4 <- 0x00000000


mem[X,0x800166DC] -> 0x006F
mem[X,0x800166DE] -> 0x00C0
[2523] [M]: 0x800166DC (0x00C0006F) jal zero, 12


mem[X,0x800166E8] -> 0x6063
mem[X,0x800166EA] -> 0x10B5
[2524] [M]: 0x800166E8 (0x10B56063) bltu a0, a1, 256


mem[X,0x800167E8] -> 0x0213
mem[X,0x800167EA] -> 0x0032
[2525] [M]: 0x800167E8 (0x00320213) addi tp, tp, 3
x4 <- 0x00000003


mem[X,0x800167EC] -> 0x006F
mem[X,0x800167EE] -> 0x0040
[2526] [M]: 0x800167EC (0x0040006F) jal zero, 4


mem[X,0x800167F0] -> 0xA823
mem[X,0x800167F2] -> 0x3C40
[2527] [M]: 0x800167F0 (0x3C40A823) sw tp, 976(ra)
mem[0x8004C544] <- 0x00000003


mem[X,0x800167F4] -> 0xB537
mem[X,0x800167F6] -> 0x0000
[2528] [M]: 0x800167F4 (0x0000B537) lui a0, 11
x10 <- 0x0000B000


mem[X,0x800167F8] -> 0x0513
mem[X,0x800167FA] -> 0x5045
[2529] [M]: 0x800167F8 (0x50450513) addi a0, a0, 1284
x10 <- 0x0000B504


mem[X,0x800167FC] -> 0xB5B7
mem[X,0x800167FE] -> 0xAAAA
[2530] [M]: 0x800167FC (0xAAAAB5B7) lui a1, 699051
x11 <- 0xAAAAB000


mem[X,0x80016800] -> 0x8593
mem[X,0x80016802] -> 0xAAB5
[2531] [M]: 0x80016800 (0xAAB58593) addi a1, a1, 2731
x11 <- 0xAAAAAAAB


mem[X,0x80016804] -> 0x0213
mem[X,0x80016806] -> 0x0000
[2532] [M]: 0x80016804 (0x00000213) addi tp, zero, 0
x4 <- 0x00000000


mem[X,0x80016808] -> 0x006F
mem[X,0x8001680A] -> 0x00C0
[2533] [M]: 0x80016808 (0x00C0006F) jal zero, 12


mem[X,0x80016814] -> 0x6063
mem[X,0x80016816] -> 0x08B5
[2534] [M]: 0x80016814 (0x08B56063) bltu a0, a1, 128


mem[X,0x80016894] -> 0x0213
mem[X,0x80016896] -> 0x0032
[2535] [M]: 0x80016894 (0x00320213) addi tp, tp, 3
x4 <- 0x00000003


mem[X,0x80016898] -> 0x006F
mem[X,0x8001689A] -> 0x0040
[2536] [M]: 0x80016898 (0x0040006F) jal zero, 4


mem[X,0x8001689C] -> 0xAA23
mem[X,0x8001689E] -> 0x3C40
[2537] [M]: 0x8001689C (0x3C40AA23) sw tp, 980(ra)
mem[0x8004C548] <- 0x00000003


mem[X,0x800168A0] -> 0xB537
mem[X,0x800168A2] -> 0x0000
[2538] [M]: 0x800168A0 (0x0000B537) lui a0, 11
x10 <- 0x0000B000


mem[X,0x800168A4] -> 0x0513
mem[X,0x800168A6] -> 0x5045
[2539] [M]: 0x800168A4 (0x50450513) addi a0, a0, 1284
x10 <- 0x0000B504


mem[X,0x800168A8] -> 0x0593
mem[X,0x800168AA] -> 0x0060
[2540] [M]: 0x800168A8 (0x00600593) addi a1, zero, 6
x11 <- 0x00000006


mem[X,0x800168AC] -> 0x0213
mem[X,0x800168AE] -> 0x0000
[2541] [M]: 0x800168AC (0x00000213) addi tp, zero, 0
x4 <- 0x00000000


mem[X,0x800168B0] -> 0x006F
mem[X,0x800168B2] -> 0x0050
[2542] [M]: 0x800168B0 (0x0050006F) jal zero, 2052


mem[X,0x800170B4] -> 0x60E3
mem[X,0x800170B6] -> 0x80B5
[2543] [M]: 0x800170B4 (0x80B560E3) bltu a0, a1, 6144


mem[X,0x800170B8] -> 0x0213
mem[X,0x800170BA] -> 0x0022
[2544] [M]: 0x800170B8 (0x00220213) addi tp, tp, 2
x4 <- 0x00000002


mem[X,0x800170BC] -> 0x006F
mem[X,0x800170BE] -> 0x00C0
[2545] [M]: 0x800170BC (0x00C0006F) jal zero, 12


mem[X,0x800170C8] -> 0xAC23
mem[X,0x800170CA] -> 0x3C40
[2546] [M]: 0x800170C8 (0x3C40AC23) sw tp, 984(ra)
mem[0x8004C54C] <- 0x00000002


mem[X,0x800170CC] -> 0xB537
mem[X,0x800170CE] -> 0x0000
[2547] [M]: 0x800170CC (0x0000B537) lui a0, 11
x10 <- 0x0000B000


mem[X,0x800170D0] -> 0x0513
mem[X,0x800170D2] -> 0x5045
[2548] [M]: 0x800170D0 (0x50450513) addi a0, a0, 1284
x10 <- 0x0000B504


mem[X,0x800170D4] -> 0x35B7
mem[X,0x800170D6] -> 0x3333
[2549] [M]: 0x800170D4 (0x333335B7) lui a1, 209715
x11 <- 0x33333000


mem[X,0x800170D8] -> 0x8593
mem[X,0x800170DA] -> 0x3345
[2550] [M]: 0x800170D8 (0x33458593) addi a1, a1, 820
x11 <- 0x33333334


mem[X,0x800170DC] -> 0x0213
mem[X,0x800170DE] -> 0x0000
[2551] [M]: 0x800170DC (0x00000213) addi tp, zero, 0
x4 <- 0x00000000


mem[X,0x800170E0] -> 0x006F
mem[X,0x800170E2] -> 0x00C0
[2552] [M]: 0x800170E0 (0x00C0006F) jal zero, 12


mem[X,0x800170EC] -> 0x6CE3
mem[X,0x800170EE] -> 0xFEB5
[2553] [M]: 0x800170EC (0xFEB56CE3) bltu a0, a1, 8184


mem[X,0x800170E4] -> 0x0213
mem[X,0x800170E6] -> 0x0012
[2554] [M]: 0x800170E4 (0x00120213) addi tp, tp, 1
x4 <- 0x00000001


mem[X,0x800170E8] -> 0x006F
mem[X,0x800170EA] -> 0x0180
[2555] [M]: 0x800170E8 (0x0180006F) jal zero, 24


mem[X,0x80017100] -> 0xAE23
mem[X,0x80017102] -> 0x3C40
[2556] [M]: 0x80017100 (0x3C40AE23) sw tp, 988(ra)
mem[0x8004C550] <- 0x00000001


mem[X,0x80017104] -> 0xB537
mem[X,0x80017106] -> 0x0000
[2557] [M]: 0x80017104 (0x0000B537) lui a0, 11
x10 <- 0x0000B000


mem[X,0x80017108] -> 0x0513
mem[X,0x8001710A] -> 0x5045
[2558] [M]: 0x80017108 (0x50450513) addi a0, a0, 1284
x10 <- 0x0000B504


mem[X,0x8001710C] -> 0x65B7
mem[X,0x8001710E] -> 0x6666
[2559] [M]: 0x8001710C (0x666665B7) lui a1, 419430
x11 <- 0x66666000


mem[X,0x80017110] -> 0x8593
mem[X,0x80017112] -> 0x6675
[2560] [M]: 0x80017110 (0x66758593) addi a1, a1, 1639
x11 <- 0x66666667


mem[X,0x80017114] -> 0x0213
mem[X,0x80017116] -> 0x0000
[2561] [M]: 0x80017114 (0x00000213) addi tp, zero, 0
x4 <- 0x00000000


mem[X,0x80017118] -> 0x006F
mem[X,0x8001711A] -> 0x0100
[2562] [M]: 0x80017118 (0x0100006F) jal zero, 16


mem[X,0x80017128] -> 0x6AE3
mem[X,0x8001712A] -> 0xFEB5
[2563] [M]: 0x80017128 (0xFEB56AE3) bltu a0, a1, 8180


mem[X,0x8001711C] -> 0x0213
mem[X,0x8001711E] -> 0x0012
[2564] [M]: 0x8001711C (0x00120213) addi tp, tp, 1
x4 <- 0x00000001


mem[X,0x80017120] -> 0x006F
mem[X,0x80017122] -> 0x01C0
[2565] [M]: 0x80017120 (0x01C0006F) jal zero, 28


mem[X,0x8001713C] -> 0xA023
mem[X,0x8001713E] -> 0x3E40
[2566] [M]: 0x8001713C (0x3E40A023) sw tp, 992(ra)
mem[0x8004C554] <- 0x00000001


mem[X,0x80017140] -> 0xB537
mem[X,0x80017142] -> 0x0000
[2567] [M]: 0x80017140 (0x0000B537) lui a0, 11
x10 <- 0x0000B000


mem[X,0x80017144] -> 0x0513
mem[X,0x80017146] -> 0x5045
[2568] [M]: 0x80017144 (0x50450513) addi a0, a0, 1284
x10 <- 0x0000B504


mem[X,0x80017148] -> 0xB5B7
mem[X,0x8001714A] -> 0x0000
[2569] [M]: 0x80017148 (0x0000B5B7) lui a1, 11
x11 <- 0x0000B000


mem[X,0x8001714C] -> 0x8593
mem[X,0x8001714E] -> 0x5055
[2570] [M]: 0x8001714C (0x50558593) addi a1, a1, 1285
x11 <- 0x0000B505


mem[X,0x80017150] -> 0x0213
mem[X,0x80017152] -> 0x0000
[2571] [M]: 0x80017150 (0x00000213) addi tp, zero, 0
x4 <- 0x00000000


mem[X,0x80017154] -> 0x006F
mem[X,0x80017156] -> 0x00C0
[2572] [M]: 0x80017154 (0x00C0006F) jal zero, 12


mem[X,0x80017160] -> 0x6CE3
mem[X,0x80017162] -> 0xFEB5
[2573] [M]: 0x80017160 (0xFEB56CE3) bltu a0, a1, 8184


mem[X,0x80017158] -> 0x0213
mem[X,0x8001715A] -> 0x0012
[2574] [M]: 0x80017158 (0x00120213) addi tp, tp, 1
x4 <- 0x00000001


mem[X,0x8001715C] -> 0x006F
mem[X,0x8001715E] -> 0x0180
[2575] [M]: 0x8001715C (0x0180006F) jal zero, 24


mem[X,0x80017174] -> 0xA223
mem[X,0x80017176] -> 0x3E40
[2576] [M]: 0x80017174 (0x3E40A223) sw tp, 996(ra)
mem[0x8004C558] <- 0x00000001


mem[X,0x80017178] -> 0xB537
mem[X,0x8001717A] -> 0x0000
[2577] [M]: 0x80017178 (0x0000B537) lui a0, 11
x10 <- 0x0000B000


mem[X,0x8001717C] -> 0x0513
mem[X,0x8001717E] -> 0x5045
[2578] [M]: 0x8001717C (0x50450513) addi a0, a0, 1284
x10 <- 0x0000B504


mem[X,0x80017180] -> 0x0593
mem[X,0x80017182] -> 0x0010
[2579] [M]: 0x80017180 (0x00100593) addi a1, zero, 1
x11 <- 0x00000001


mem[X,0x80017184] -> 0x0213
mem[X,0x80017186] -> 0x0000
[2580] [M]: 0x80017184 (0x00000213) addi tp, zero, 0
x4 <- 0x00000000


mem[X,0x80017188] -> 0x006F
mem[X,0x8001718A] -> 0x00C0
[2581] [M]: 0x80017188 (0x00C0006F) jal zero, 12


mem[X,0x80017194] -> 0x6063
mem[X,0x80017196] -> 0x40B5
[2582] [M]: 0x80017194 (0x40B56063) bltu a0, a1, 1024


mem[X,0x80017198] -> 0x0213
mem[X,0x8001719A] -> 0x0022
[2583] [M]: 0x80017198 (0x00220213) addi tp, tp, 2
x4 <- 0x00000002


mem[X,0x8001719C] -> 0x006F
mem[X,0x8001719E] -> 0x4000
[2584] [M]: 0x8001719C (0x4000006F) jal zero, 1024


mem[X,0x8001759C] -> 0xA423
mem[X,0x8001759E] -> 0x3E40
[2585] [M]: 0x8001759C (0x3E40A423) sw tp, 1000(ra)
mem[0x8004C55C] <- 0x00000002


mem[X,0x800175A0] -> 0xB537
mem[X,0x800175A2] -> 0x0000
[2586] [M]: 0x800175A0 (0x0000B537) lui a0, 11
x10 <- 0x0000B000


mem[X,0x800175A4] -> 0x0513
mem[X,0x800175A6] -> 0x5045
[2587] [M]: 0x800175A4 (0x50450513) addi a0, a0, 1284
x10 <- 0x0000B504


mem[X,0x800175A8] -> 0x05B7
mem[X,0x800175AA] -> 0x0001
[2588] [M]: 0x800175A8 (0x000105B7) lui a1, 16
x11 <- 0x00010000


mem[X,0x800175AC] -> 0x0213
mem[X,0x800175AE] -> 0x0000
[2589] [M]: 0x800175AC (0x00000213) addi tp, zero, 0
x4 <- 0x00000000


mem[X,0x800175B0] -> 0x006F
mem[X,0x800175B2] -> 0x00C0
[2590] [M]: 0x800175B0 (0x00C0006F) jal zero, 12


mem[X,0x800175BC] -> 0x6063
mem[X,0x800175BE] -> 0x04B5
[2591] [M]: 0x800175BC (0x04B56063) bltu a0, a1, 64


mem[X,0x800175FC] -> 0x0213
mem[X,0x800175FE] -> 0x0032
[2592] [M]: 0x800175FC (0x00320213) addi tp, tp, 3
x4 <- 0x00000003


mem[X,0x80017600] -> 0x006F
mem[X,0x80017602] -> 0x0040
[2593] [M]: 0x80017600 (0x0040006F) jal zero, 4


mem[X,0x80017604] -> 0xA623
mem[X,0x80017606] -> 0x3E40
[2594] [M]: 0x80017604 (0x3E40A623) sw tp, 1004(ra)
mem[0x8004C560] <- 0x00000003


mem[X,0x80017608] -> 0x0513
mem[X,0x8001760A] -> 0x0000
[2595] [M]: 0x80017608 (0x00000513) addi a0, zero, 0
x10 <- 0x00000000


mem[X,0x8001760C] -> 0x0593
mem[X,0x8001760E] -> 0x0030
[2596] [M]: 0x8001760C (0x00300593) addi a1, zero, 3
x11 <- 0x00000003


mem[X,0x80017610] -> 0x0213
mem[X,0x80017612] -> 0x0000
[2597] [M]: 0x80017610 (0x00000213) addi tp, zero, 0
x4 <- 0x00000000


mem[X,0x80017614] -> 0x006F
mem[X,0x80017616] -> 0x0100
[2598] [M]: 0x80017614 (0x0100006F) jal zero, 16


mem[X,0x80017624] -> 0x6AE3
mem[X,0x80017626] -> 0xFEB5
[2599] [M]: 0x80017624 (0xFEB56AE3) bltu a0, a1, 8180


clint::tick mtime <- 0x000000000000001A
 clint timer pending at mtime 0x000000000000001A
htif::tick 0x0000000000000000
mem[X,0x80017618] -> 0x0213
mem[X,0x8001761A] -> 0x0012
[2600] [M]: 0x80017618 (0x00120213) addi tp, tp, 1
x4 <- 0x00000001


mem[X,0x8001761C] -> 0x006F
mem[X,0x8001761E] -> 0x01C0
[2601] [M]: 0x8001761C (0x01C0006F) jal zero, 28


mem[X,0x80017638] -> 0xA823
mem[X,0x8001763A] -> 0x3E40
[2602] [M]: 0x80017638 (0x3E40A823) sw tp, 1008(ra)
mem[0x8004C564] <- 0x00000001


mem[X,0x8001763C] -> 0x0513
mem[X,0x8001763E] -> 0x0000
[2603] [M]: 0x8001763C (0x00000513) addi a0, zero, 0
x10 <- 0x00000000


mem[X,0x80017640] -> 0x55B7
mem[X,0x80017642] -> 0x5555
[2604] [M]: 0x80017640 (0x555555B7) lui a1, 349525
x11 <- 0x55555000


mem[X,0x80017644] -> 0x8593
mem[X,0x80017646] -> 0x5555
[2605] [M]: 0x80017644 (0x55558593) addi a1, a1, 1365
x11 <- 0x55555555


mem[X,0x80017648] -> 0x0213
mem[X,0x8001764A] -> 0x0000
[2606] [M]: 0x80017648 (0x00000213) addi tp, zero, 0
x4 <- 0x00000000


mem[X,0x8001764C] -> 0x006F
mem[X,0x8001764E] -> 0x00C0
[2607] [M]: 0x8001764C (0x00C0006F) jal zero, 12


mem[X,0x80017658] -> 0x6CE3
mem[X,0x8001765A] -> 0xFEB5
[2608] [M]: 0x80017658 (0xFEB56CE3) bltu a0, a1, 8184


mem[X,0x80017650] -> 0x0213
mem[X,0x80017652] -> 0x0012
[2609] [M]: 0x80017650 (0x00120213) addi tp, tp, 1
x4 <- 0x00000001


mem[X,0x80017654] -> 0x006F
mem[X,0x80017656] -> 0x0180
[2610] [M]: 0x80017654 (0x0180006F) jal zero, 24


mem[X,0x8001766C] -> 0xAA23
mem[X,0x8001766E] -> 0x3E40
[2611] [M]: 0x8001766C (0x3E40AA23) sw tp, 1012(ra)
mem[0x8004C568] <- 0x00000001


mem[X,0x80017670] -> 0x0513
mem[X,0x80017672] -> 0x0000
[2612] [M]: 0x80017670 (0x00000513) addi a0, zero, 0
x10 <- 0x00000000


mem[X,0x80017674] -> 0xB5B7
mem[X,0x80017676] -> 0xAAAA
[2613] [M]: 0x80017674 (0xAAAAB5B7) lui a1, 699051
x11 <- 0xAAAAB000


mem[X,0x80017678] -> 0x8593
mem[X,0x8001767A] -> 0xAAA5
[2614] [M]: 0x80017678 (0xAAA58593) addi a1, a1, 2730
x11 <- 0xAAAAAAAA


mem[X,0x8001767C] -> 0x0213
mem[X,0x8001767E] -> 0x0000
[2615] [M]: 0x8001767C (0x00000213) addi tp, zero, 0
x4 <- 0x00000000


mem[X,0x80017680] -> 0x006F
mem[X,0x80017682] -> 0x00C0
[2616] [M]: 0x80017680 (0x00C0006F) jal zero, 12


mem[X,0x8001768C] -> 0x6663
mem[X,0x8001768E] -> 0x00B5
[2617] [M]: 0x8001768C (0x00B56663) bltu a0, a1, 12


mem[X,0x80017698] -> 0x0213
mem[X,0x8001769A] -> 0x0032
[2618] [M]: 0x80017698 (0x00320213) addi tp, tp, 3
x4 <- 0x00000003


mem[X,0x8001769C] -> 0x006F
mem[X,0x8001769E] -> 0x0040
[2619] [M]: 0x8001769C (0x0040006F) jal zero, 4


mem[X,0x800176A0] -> 0xAC23
mem[X,0x800176A2] -> 0x3E40
[2620] [M]: 0x800176A0 (0x3E40AC23) sw tp, 1016(ra)
mem[0x8004C56C] <- 0x00000003


mem[X,0x800176A4] -> 0x0513
mem[X,0x800176A6] -> 0x0000
[2621] [M]: 0x800176A4 (0x00000513) addi a0, zero, 0
x10 <- 0x00000000


mem[X,0x800176A8] -> 0x0593
mem[X,0x800176AA] -> 0x0050
[2622] [M]: 0x800176A8 (0x00500593) addi a1, zero, 5
x11 <- 0x00000005


mem[X,0x800176AC] -> 0x0213
mem[X,0x800176AE] -> 0x0000
[2623] [M]: 0x800176AC (0x00000213) addi tp, zero, 0
x4 <- 0x00000000


mem[X,0x800176B0] -> 0x006F
mem[X,0x800176B2] -> 0x00C0
[2624] [M]: 0x800176B0 (0x00C0006F) jal zero, 12


mem[X,0x800176BC] -> 0x6063
mem[X,0x800176BE] -> 0x04B5
[2625] [M]: 0x800176BC (0x04B56063) bltu a0, a1, 64


mem[X,0x800176FC] -> 0x0213
mem[X,0x800176FE] -> 0x0032
[2626] [M]: 0x800176FC (0x00320213) addi tp, tp, 3
x4 <- 0x00000003


mem[X,0x80017700] -> 0x006F
mem[X,0x80017702] -> 0x0040
[2627] [M]: 0x80017700 (0x0040006F) jal zero, 4


mem[X,0x80017704] -> 0xAE23
mem[X,0x80017706] -> 0x3E40
[2628] [M]: 0x80017704 (0x3E40AE23) sw tp, 1020(ra)
mem[0x8004C570] <- 0x00000003


mem[X,0x80017708] -> 0x0513
mem[X,0x8001770A] -> 0x0000
[2629] [M]: 0x80017708 (0x00000513) addi a0, zero, 0
x10 <- 0x00000000


mem[X,0x8001770C] -> 0x35B7
mem[X,0x8001770E] -> 0x3333
[2630] [M]: 0x8001770C (0x333335B7) lui a1, 209715
x11 <- 0x33333000


mem[X,0x80017710] -> 0x8593
mem[X,0x80017712] -> 0x3335
[2631] [M]: 0x80017710 (0x33358593) addi a1, a1, 819
x11 <- 0x33333333


mem[X,0x80017714] -> 0x0213
mem[X,0x80017716] -> 0x0000
[2632] [M]: 0x80017714 (0x00000213) addi tp, zero, 0
x4 <- 0x00000000


mem[X,0x80017718] -> 0x006F
mem[X,0x8001771A] -> 0x0050
[2633] [M]: 0x80017718 (0x0050006F) jal zero, 2052


mem[X,0x80017F1C] -> 0x60E3
mem[X,0x80017F1E] -> 0x80B5
[2634] [M]: 0x80017F1C (0x80B560E3) bltu a0, a1, 6144


mem[X,0x8001771C] -> 0x0213
mem[X,0x8001771E] -> 0x0012
[2635] [M]: 0x8001771C (0x00120213) addi tp, tp, 1
x4 <- 0x00000001


mem[X,0x80017720] -> 0x006F
mem[X,0x80017722] -> 0x0110
[2636] [M]: 0x80017720 (0x0110006F) jal zero, 2064


mem[X,0x80017F30] -> 0xA023
mem[X,0x80017F32] -> 0x4040
[2637] [M]: 0x80017F30 (0x4040A023) sw tp, 1024(ra)
mem[0x8004C574] <- 0x00000001


mem[X,0x80017F34] -> 0x0513
mem[X,0x80017F36] -> 0x0000
[2638] [M]: 0x80017F34 (0x00000513) addi a0, zero, 0
x10 <- 0x00000000


mem[X,0x80017F38] -> 0x65B7
mem[X,0x80017F3A] -> 0x6666
[2639] [M]: 0x80017F38 (0x666665B7) lui a1, 419430
x11 <- 0x66666000


mem[X,0x80017F3C] -> 0x8593
mem[X,0x80017F3E] -> 0x6665
[2640] [M]: 0x80017F3C (0x66658593) addi a1, a1, 1638
x11 <- 0x66666666


mem[X,0x80017F40] -> 0x0213
mem[X,0x80017F42] -> 0x0000
[2641] [M]: 0x80017F40 (0x00000213) addi tp, zero, 0
x4 <- 0x00000000


mem[X,0x80017F44] -> 0x006F
mem[X,0x80017F46] -> 0x00C0
[2642] [M]: 0x80017F44 (0x00C0006F) jal zero, 12


mem[X,0x80017F50] -> 0x6CE3
mem[X,0x80017F52] -> 0xFEB5
[2643] [M]: 0x80017F50 (0xFEB56CE3) bltu a0, a1, 8184


mem[X,0x80017F48] -> 0x0213
mem[X,0x80017F4A] -> 0x0012
[2644] [M]: 0x80017F48 (0x00120213) addi tp, tp, 1
x4 <- 0x00000001


mem[X,0x80017F4C] -> 0x006F
mem[X,0x80017F4E] -> 0x0180
[2645] [M]: 0x80017F4C (0x0180006F) jal zero, 24


mem[X,0x80017F64] -> 0xA223
mem[X,0x80017F66] -> 0x4040
[2646] [M]: 0x80017F64 (0x4040A223) sw tp, 1028(ra)
mem[0x8004C578] <- 0x00000001


mem[X,0x80017F68] -> 0x0513
mem[X,0x80017F6A] -> 0x0000
[2647] [M]: 0x80017F68 (0x00000513) addi a0, zero, 0
x10 <- 0x00000000


mem[X,0x80017F6C] -> 0xB5B7
mem[X,0x80017F6E] -> 0x0000
[2648] [M]: 0x80017F6C (0x0000B5B7) lui a1, 11
x11 <- 0x0000B000


mem[X,0x80017F70] -> 0x8593
mem[X,0x80017F72] -> 0x5045
[2649] [M]: 0x80017F70 (0x50458593) addi a1, a1, 1284
x11 <- 0x0000B504


mem[X,0x80017F74] -> 0x0213
mem[X,0x80017F76] -> 0x0000
[2650] [M]: 0x80017F74 (0x00000213) addi tp, zero, 0
x4 <- 0x00000000


mem[X,0x80017F78] -> 0x006F
mem[X,0x80017F7A] -> 0x00C0
[2651] [M]: 0x80017F78 (0x00C0006F) jal zero, 12


mem[X,0x80017F84] -> 0x6863
mem[X,0x80017F86] -> 0x00B5
[2652] [M]: 0x80017F84 (0x00B56863) bltu a0, a1, 16


mem[X,0x80017F94] -> 0x0213
mem[X,0x80017F96] -> 0x0032
[2653] [M]: 0x80017F94 (0x00320213) addi tp, tp, 3
x4 <- 0x00000003


mem[X,0x80017F98] -> 0x006F
mem[X,0x80017F9A] -> 0x0040
[2654] [M]: 0x80017F98 (0x0040006F) jal zero, 4


mem[X,0x80017F9C] -> 0xA423
mem[X,0x80017F9E] -> 0x4040
[2655] [M]: 0x80017F9C (0x4040A423) sw tp, 1032(ra)
mem[0x8004C57C] <- 0x00000003


mem[X,0x80017FA0] -> 0x0513
mem[X,0x80017FA2] -> 0x0000
[2656] [M]: 0x80017FA0 (0x00000513) addi a0, zero, 0
x10 <- 0x00000000


mem[X,0x80017FA4] -> 0x0593
mem[X,0x80017FA6] -> 0x0000
[2657] [M]: 0x80017FA4 (0x00000593) addi a1, zero, 0
x11 <- 0x00000000


mem[X,0x80017FA8] -> 0x0213
mem[X,0x80017FAA] -> 0x0000
[2658] [M]: 0x80017FA8 (0x00000213) addi tp, zero, 0
x4 <- 0x00000000


mem[X,0x80017FAC] -> 0x006F
mem[X,0x80017FAE] -> 0x00C0
[2659] [M]: 0x80017FAC (0x00C0006F) jal zero, 12


mem[X,0x80017FB8] -> 0x6063
mem[X,0x80017FBA] -> 0x20B5
[2660] [M]: 0x80017FB8 (0x20B56063) bltu a0, a1, 512


mem[X,0x80017FBC] -> 0x0213
mem[X,0x80017FBE] -> 0x0022
[2661] [M]: 0x80017FBC (0x00220213) addi tp, tp, 2
x4 <- 0x00000002


mem[X,0x80017FC0] -> 0x006F
mem[X,0x80017FC2] -> 0x2000
[2662] [M]: 0x80017FC0 (0x2000006F) jal zero, 512


mem[X,0x800181C0] -> 0xA623
mem[X,0x800181C2] -> 0x4040
[2663] [M]: 0x800181C0 (0x4040A623) sw tp, 1036(ra)
mem[0x8004C580] <- 0x00000002


mem[X,0x800181C4] -> 0x0513
mem[X,0x800181C6] -> 0x0000
[2664] [M]: 0x800181C4 (0x00000513) addi a0, zero, 0
x10 <- 0x00000000


mem[X,0x800181C8] -> 0x05B7
mem[X,0x800181CA] -> 0x0001
[2665] [M]: 0x800181C8 (0x000105B7) lui a1, 16
x11 <- 0x00010000


mem[X,0x800181CC] -> 0x8593
mem[X,0x800181CE] -> 0xFFF5
[2666] [M]: 0x800181CC (0xFFF58593) addi a1, a1, 4095
x11 <- 0x0000FFFF


mem[X,0x800181D0] -> 0x0213
mem[X,0x800181D2] -> 0x0000
[2667] [M]: 0x800181D0 (0x00000213) addi tp, zero, 0
x4 <- 0x00000000


mem[X,0x800181D4] -> 0x006F
mem[X,0x800181D6] -> 0x2B10
[2668] [M]: 0x800181D4 (0x2B10006F) jal zero, 2736


mem[X,0x80018C84] -> 0x6A63
mem[X,0x80018C86] -> 0xD4B5
[2669] [M]: 0x80018C84 (0xD4B56A63) bltu a0, a1, 5460


mem[X,0x800181D8] -> 0x0213
mem[X,0x800181DA] -> 0x0012
[2670] [M]: 0x800181D8 (0x00120213) addi tp, tp, 1
x4 <- 0x00000001


mem[X,0x800181DC] -> 0x006F
mem[X,0x800181DE] -> 0x2BD0
[2671] [M]: 0x800181DC (0x2BD0006F) jal zero, 2748


mem[X,0x80018C98] -> 0xA823
mem[X,0x80018C9A] -> 0x4040
[2672] [M]: 0x80018C98 (0x4040A823) sw tp, 1040(ra)
mem[0x8004C584] <- 0x00000001


mem[X,0x80018C9C] -> 0x0513
mem[X,0x80018C9E] -> 0x0000
[2673] [M]: 0x80018C9C (0x00000513) addi a0, zero, 0
x10 <- 0x00000000


mem[X,0x80018CA0] -> 0x0593
mem[X,0x80018CA2] -> 0x0020
[2674] [M]: 0x80018CA0 (0x00200593) addi a1, zero, 2
x11 <- 0x00000002


mem[X,0x80018CA4] -> 0x0213
mem[X,0x80018CA6] -> 0x0000
[2675] [M]: 0x80018CA4 (0x00000213) addi tp, zero, 0
x4 <- 0x00000000


mem[X,0x80018CA8] -> 0x006F
mem[X,0x80018CAA] -> 0x00C0
[2676] [M]: 0x80018CA8 (0x00C0006F) jal zero, 12


mem[X,0x80018CB4] -> 0x6CE3
mem[X,0x80018CB6] -> 0xFEB5
[2677] [M]: 0x80018CB4 (0xFEB56CE3) bltu a0, a1, 8184


mem[X,0x80018CAC] -> 0x0213
mem[X,0x80018CAE] -> 0x0012
[2678] [M]: 0x80018CAC (0x00120213) addi tp, tp, 1
x4 <- 0x00000001


mem[X,0x80018CB0] -> 0x006F
mem[X,0x80018CB2] -> 0x0180
[2679] [M]: 0x80018CB0 (0x0180006F) jal zero, 24


mem[X,0x80018CC8] -> 0xAA23
mem[X,0x80018CCA] -> 0x4040
[2680] [M]: 0x80018CC8 (0x4040AA23) sw tp, 1044(ra)
mem[0x8004C588] <- 0x00000001


mem[X,0x80018CCC] -> 0x0513
mem[X,0x80018CCE] -> 0x0000
[2681] [M]: 0x80018CCC (0x00000513) addi a0, zero, 0
x10 <- 0x00000000


mem[X,0x80018CD0] -> 0x55B7
mem[X,0x80018CD2] -> 0x5555
[2682] [M]: 0x80018CD0 (0x555555B7) lui a1, 349525
x11 <- 0x55555000


mem[X,0x80018CD4] -> 0x8593
mem[X,0x80018CD6] -> 0x5545
[2683] [M]: 0x80018CD4 (0x55458593) addi a1, a1, 1364
x11 <- 0x55555554


mem[X,0x80018CD8] -> 0x0213
mem[X,0x80018CDA] -> 0x0000
[2684] [M]: 0x80018CD8 (0x00000213) addi tp, zero, 0
x4 <- 0x00000000


mem[X,0x80018CDC] -> 0x006F
mem[X,0x80018CDE] -> 0x00C0
[2685] [M]: 0x80018CDC (0x00C0006F) jal zero, 12


mem[X,0x80018CE8] -> 0x6063
mem[X,0x80018CEA] -> 0x02B5
[2686] [M]: 0x80018CE8 (0x02B56063) bltu a0, a1, 32


mem[X,0x80018D08] -> 0x0213
mem[X,0x80018D0A] -> 0x0032
[2687] [M]: 0x80018D08 (0x00320213) addi tp, tp, 3
x4 <- 0x00000003


mem[X,0x80018D0C] -> 0x006F
mem[X,0x80018D0E] -> 0x0040
[2688] [M]: 0x80018D0C (0x0040006F) jal zero, 4


mem[X,0x80018D10] -> 0xAC23
mem[X,0x80018D12] -> 0x4040
[2689] [M]: 0x80018D10 (0x4040AC23) sw tp, 1048(ra)
mem[0x8004C58C] <- 0x00000003


mem[X,0x80018D14] -> 0x0513
mem[X,0x80018D16] -> 0x0000
[2690] [M]: 0x80018D14 (0x00000513) addi a0, zero, 0
x10 <- 0x00000000


mem[X,0x80018D18] -> 0xB5B7
mem[X,0x80018D1A] -> 0xAAAA
[2691] [M]: 0x80018D18 (0xAAAAB5B7) lui a1, 699051
x11 <- 0xAAAAB000


mem[X,0x80018D1C] -> 0x8593
mem[X,0x80018D1E] -> 0xAA95
[2692] [M]: 0x80018D1C (0xAA958593) addi a1, a1, 2729
x11 <- 0xAAAAAAA9


mem[X,0x80018D20] -> 0x0213
mem[X,0x80018D22] -> 0x0000
[2693] [M]: 0x80018D20 (0x00000213) addi tp, zero, 0
x4 <- 0x00000000


mem[X,0x80018D24] -> 0x006F
mem[X,0x80018D26] -> 0x2B10
[2694] [M]: 0x80018D24 (0x2B10006F) jal zero, 2736


mem[X,0x800197D4] -> 0x6A63
mem[X,0x800197D6] -> 0xD4B5
[2695] [M]: 0x800197D4 (0xD4B56A63) bltu a0, a1, 5460


mem[X,0x80018D28] -> 0x0213
mem[X,0x80018D2A] -> 0x0012
[2696] [M]: 0x80018D28 (0x00120213) addi tp, tp, 1
x4 <- 0x00000001


mem[X,0x80018D2C] -> 0x006F
mem[X,0x80018D2E] -> 0x2BD0
[2697] [M]: 0x80018D2C (0x2BD0006F) jal zero, 2748


mem[X,0x800197E8] -> 0xAE23
mem[X,0x800197EA] -> 0x4040
[2698] [M]: 0x800197E8 (0x4040AE23) sw tp, 1052(ra)
mem[0x8004C590] <- 0x00000001


mem[X,0x800197EC] -> 0x0513
mem[X,0x800197EE] -> 0x0000
[2699] [M]: 0x800197EC (0x00000513) addi a0, zero, 0
x10 <- 0x00000000


clint::tick mtime <- 0x000000000000001B
 clint timer pending at mtime 0x000000000000001B
htif::tick 0x0000000000000000
mem[X,0x800197F0] -> 0x0593
mem[X,0x800197F2] -> 0x0040
[2700] [M]: 0x800197F0 (0x00400593) addi a1, zero, 4
x11 <- 0x00000004


mem[X,0x800197F4] -> 0x0213
mem[X,0x800197F6] -> 0x0000
[2701] [M]: 0x800197F4 (0x00000213) addi tp, zero, 0
x4 <- 0x00000000


mem[X,0x800197F8] -> 0x006F
mem[X,0x800197FA] -> 0x00C0
[2702] [M]: 0x800197F8 (0x00C0006F) jal zero, 12


mem[X,0x80019804] -> 0x6663
mem[X,0x80019806] -> 0x00B5
[2703] [M]: 0x80019804 (0x00B56663) bltu a0, a1, 12


mem[X,0x80019810] -> 0x0213
mem[X,0x80019812] -> 0x0032
[2704] [M]: 0x80019810 (0x00320213) addi tp, tp, 3
x4 <- 0x00000003


mem[X,0x80019814] -> 0x006F
mem[X,0x80019816] -> 0x0040
[2705] [M]: 0x80019814 (0x0040006F) jal zero, 4


mem[X,0x80019818] -> 0xA023
mem[X,0x8001981A] -> 0x4240
[2706] [M]: 0x80019818 (0x4240A023) sw tp, 1056(ra)
mem[0x8004C594] <- 0x00000003


mem[X,0x8001981C] -> 0x0513
mem[X,0x8001981E] -> 0x0000
[2707] [M]: 0x8001981C (0x00000513) addi a0, zero, 0
x10 <- 0x00000000


mem[X,0x80019820] -> 0x35B7
mem[X,0x80019822] -> 0x3333
[2708] [M]: 0x80019820 (0x333335B7) lui a1, 209715
x11 <- 0x33333000


mem[X,0x80019824] -> 0x8593
mem[X,0x80019826] -> 0x3325
[2709] [M]: 0x80019824 (0x33258593) addi a1, a1, 818
x11 <- 0x33333332


mem[X,0x80019828] -> 0x0213
mem[X,0x8001982A] -> 0x0000
[2710] [M]: 0x80019828 (0x00000213) addi tp, zero, 0
x4 <- 0x00000000


mem[X,0x8001982C] -> 0x006F
mem[X,0x8001982E] -> 0x0050
[2711] [M]: 0x8001982C (0x0050006F) jal zero, 2052


mem[X,0x8001A030] -> 0x60E3
mem[X,0x8001A032] -> 0x80B5
[2712] [M]: 0x8001A030 (0x80B560E3) bltu a0, a1, 6144


mem[X,0x80019830] -> 0x0213
mem[X,0x80019832] -> 0x0012
[2713] [M]: 0x80019830 (0x00120213) addi tp, tp, 1
x4 <- 0x00000001


mem[X,0x80019834] -> 0x006F
mem[X,0x80019836] -> 0x0110
[2714] [M]: 0x80019834 (0x0110006F) jal zero, 2064


mem[X,0x8001A044] -> 0xA223
mem[X,0x8001A046] -> 0x4240
[2715] [M]: 0x8001A044 (0x4240A223) sw tp, 1060(ra)
mem[0x8004C598] <- 0x00000001


mem[X,0x8001A048] -> 0x0513
mem[X,0x8001A04A] -> 0x0000
[2716] [M]: 0x8001A048 (0x00000513) addi a0, zero, 0
x10 <- 0x00000000


mem[X,0x8001A04C] -> 0x65B7
mem[X,0x8001A04E] -> 0x6666
[2717] [M]: 0x8001A04C (0x666665B7) lui a1, 419430
x11 <- 0x66666000


mem[X,0x8001A050] -> 0x8593
mem[X,0x8001A052] -> 0x6655
[2718] [M]: 0x8001A050 (0x66558593) addi a1, a1, 1637
x11 <- 0x66666665


mem[X,0x8001A054] -> 0x0213
mem[X,0x8001A056] -> 0x0000
[2719] [M]: 0x8001A054 (0x00000213) addi tp, zero, 0
x4 <- 0x00000000


mem[X,0x8001A058] -> 0x006F
mem[X,0x8001A05A] -> 0x00C0
[2720] [M]: 0x8001A058 (0x00C0006F) jal zero, 12


mem[X,0x8001A064] -> 0x6863
mem[X,0x8001A066] -> 0x00B5
[2721] [M]: 0x8001A064 (0x00B56863) bltu a0, a1, 16


mem[X,0x8001A074] -> 0x0213
mem[X,0x8001A076] -> 0x0032
[2722] [M]: 0x8001A074 (0x00320213) addi tp, tp, 3
x4 <- 0x00000003


mem[X,0x8001A078] -> 0x006F
mem[X,0x8001A07A] -> 0x0040
[2723] [M]: 0x8001A078 (0x0040006F) jal zero, 4


mem[X,0x8001A07C] -> 0xA423
mem[X,0x8001A07E] -> 0x4240
[2724] [M]: 0x8001A07C (0x4240A423) sw tp, 1064(ra)
mem[0x8004C59C] <- 0x00000003


mem[X,0x8001A080] -> 0x0513
mem[X,0x8001A082] -> 0x0000
[2725] [M]: 0x8001A080 (0x00000513) addi a0, zero, 0
x10 <- 0x00000000


mem[X,0x8001A084] -> 0xB5B7
mem[X,0x8001A086] -> 0x0000
[2726] [M]: 0x8001A084 (0x0000B5B7) lui a1, 11
x11 <- 0x0000B000


mem[X,0x8001A088] -> 0x8593
mem[X,0x8001A08A] -> 0x5035
[2727] [M]: 0x8001A088 (0x50358593) addi a1, a1, 1283
x11 <- 0x0000B503


mem[X,0x8001A08C] -> 0x0213
mem[X,0x8001A08E] -> 0x0000
[2728] [M]: 0x8001A08C (0x00000213) addi tp, zero, 0
x4 <- 0x00000000


mem[X,0x8001A090] -> 0x006F
mem[X,0x8001A092] -> 0x0180
[2729] [M]: 0x8001A090 (0x0180006F) jal zero, 24


mem[X,0x8001A0A8] -> 0x66E3
mem[X,0x8001A0AA] -> 0xFEB5
[2730] [M]: 0x8001A0A8 (0xFEB566E3) bltu a0, a1, 8172


mem[X,0x8001A094] -> 0x0213
mem[X,0x8001A096] -> 0x0012
[2731] [M]: 0x8001A094 (0x00120213) addi tp, tp, 1
x4 <- 0x00000001


mem[X,0x8001A098] -> 0x006F
mem[X,0x8001A09A] -> 0x0240
[2732] [M]: 0x8001A098 (0x0240006F) jal zero, 36


mem[X,0x8001A0BC] -> 0xA623
mem[X,0x8001A0BE] -> 0x4240
[2733] [M]: 0x8001A0BC (0x4240A623) sw tp, 1068(ra)
mem[0x8004C5A0] <- 0x00000001


mem[X,0x8001A0C0] -> 0x0513
mem[X,0x8001A0C2] -> 0x0000
[2734] [M]: 0x8001A0C0 (0x00000513) addi a0, zero, 0
x10 <- 0x00000000


mem[X,0x8001A0C4] -> 0x05B7
mem[X,0x8001A0C6] -> 0x0001
[2735] [M]: 0x8001A0C4 (0x000105B7) lui a1, 16
x11 <- 0x00010000


mem[X,0x8001A0C8] -> 0x8593
mem[X,0x8001A0CA] -> 0xFFE5
[2736] [M]: 0x8001A0C8 (0xFFE58593) addi a1, a1, 4094
x11 <- 0x0000FFFE


mem[X,0x8001A0CC] -> 0x0213
mem[X,0x8001A0CE] -> 0x0000
[2737] [M]: 0x8001A0CC (0x00000213) addi tp, zero, 0
x4 <- 0x00000000


mem[X,0x8001A0D0] -> 0x006F
mem[X,0x8001A0D2] -> 0x00C0
[2738] [M]: 0x8001A0D0 (0x00C0006F) jal zero, 12


mem[X,0x8001A0DC] -> 0x6663
mem[X,0x8001A0DE] -> 0x00B5
[2739] [M]: 0x8001A0DC (0x00B56663) bltu a0, a1, 12


mem[X,0x8001A0E8] -> 0x0213
mem[X,0x8001A0EA] -> 0x0032
[2740] [M]: 0x8001A0E8 (0x00320213) addi tp, tp, 3
x4 <- 0x00000003


mem[X,0x8001A0EC] -> 0x006F
mem[X,0x8001A0EE] -> 0x0040
[2741] [M]: 0x8001A0EC (0x0040006F) jal zero, 4


mem[X,0x8001A0F0] -> 0xA823
mem[X,0x8001A0F2] -> 0x4240
[2742] [M]: 0x8001A0F0 (0x4240A823) sw tp, 1072(ra)
mem[0x8004C5A4] <- 0x00000003


mem[X,0x8001A0F4] -> 0x0513
mem[X,0x8001A0F6] -> 0x0000
[2743] [M]: 0x8001A0F4 (0x00000513) addi a0, zero, 0
x10 <- 0x00000000


mem[X,0x8001A0F8] -> 0x55B7
mem[X,0x8001A0FA] -> 0x5555
[2744] [M]: 0x8001A0F8 (0x555555B7) lui a1, 349525
x11 <- 0x55555000


mem[X,0x8001A0FC] -> 0x8593
mem[X,0x8001A0FE] -> 0x5565
[2745] [M]: 0x8001A0FC (0x55658593) addi a1, a1, 1366
x11 <- 0x55555556


mem[X,0x8001A100] -> 0x0213
mem[X,0x8001A102] -> 0x0000
[2746] [M]: 0x8001A100 (0x00000213) addi tp, zero, 0
x4 <- 0x00000000


mem[X,0x8001A104] -> 0x006F
mem[X,0x8001A106] -> 0x0100
[2747] [M]: 0x8001A104 (0x0100006F) jal zero, 16


mem[X,0x8001A114] -> 0x6AE3
mem[X,0x8001A116] -> 0xFEB5
[2748] [M]: 0x8001A114 (0xFEB56AE3) bltu a0, a1, 8180


mem[X,0x8001A108] -> 0x0213
mem[X,0x8001A10A] -> 0x0012
[2749] [M]: 0x8001A108 (0x00120213) addi tp, tp, 1
x4 <- 0x00000001


mem[X,0x8001A10C] -> 0x006F
mem[X,0x8001A10E] -> 0x01C0
[2750] [M]: 0x8001A10C (0x01C0006F) jal zero, 28


mem[X,0x8001A128] -> 0xAA23
mem[X,0x8001A12A] -> 0x4240
[2751] [M]: 0x8001A128 (0x4240AA23) sw tp, 1076(ra)
mem[0x8004C5A8] <- 0x00000001


mem[X,0x8001A12C] -> 0x0513
mem[X,0x8001A12E] -> 0x0000
[2752] [M]: 0x8001A12C (0x00000513) addi a0, zero, 0
x10 <- 0x00000000


mem[X,0x8001A130] -> 0xB5B7
mem[X,0x8001A132] -> 0xAAAA
[2753] [M]: 0x8001A130 (0xAAAAB5B7) lui a1, 699051
x11 <- 0xAAAAB000


mem[X,0x8001A134] -> 0x8593
mem[X,0x8001A136] -> 0xAAB5
[2754] [M]: 0x8001A134 (0xAAB58593) addi a1, a1, 2731
x11 <- 0xAAAAAAAB


mem[X,0x8001A138] -> 0x0213
mem[X,0x8001A13A] -> 0x0000
[2755] [M]: 0x8001A138 (0x00000213) addi tp, zero, 0
x4 <- 0x00000000


mem[X,0x8001A13C] -> 0x006F
mem[X,0x8001A13E] -> 0x00C0
[2756] [M]: 0x8001A13C (0x00C0006F) jal zero, 12


mem[X,0x8001A148] -> 0x6663
mem[X,0x8001A14A] -> 0x00B5
[2757] [M]: 0x8001A148 (0x00B56663) bltu a0, a1, 12


mem[X,0x8001A154] -> 0x0213
mem[X,0x8001A156] -> 0x0032
[2758] [M]: 0x8001A154 (0x00320213) addi tp, tp, 3
x4 <- 0x00000003


mem[X,0x8001A158] -> 0x006F
mem[X,0x8001A15A] -> 0x0040
[2759] [M]: 0x8001A158 (0x0040006F) jal zero, 4


mem[X,0x8001A15C] -> 0xAC23
mem[X,0x8001A15E] -> 0x4240
[2760] [M]: 0x8001A15C (0x4240AC23) sw tp, 1080(ra)
mem[0x8004C5AC] <- 0x00000003


mem[X,0x8001A160] -> 0x0513
mem[X,0x8001A162] -> 0x0000
[2761] [M]: 0x8001A160 (0x00000513) addi a0, zero, 0
x10 <- 0x00000000


mem[X,0x8001A164] -> 0x0593
mem[X,0x8001A166] -> 0x0060
[2762] [M]: 0x8001A164 (0x00600593) addi a1, zero, 6
x11 <- 0x00000006


mem[X,0x8001A168] -> 0x0213
mem[X,0x8001A16A] -> 0x0000
[2763] [M]: 0x8001A168 (0x00000213) addi tp, zero, 0
x4 <- 0x00000000


mem[X,0x8001A16C] -> 0x006F
mem[X,0x8001A16E] -> 0x00C0
[2764] [M]: 0x8001A16C (0x00C0006F) jal zero, 12


mem[X,0x8001A178] -> 0x6663
mem[X,0x8001A17A] -> 0x00B5
[2765] [M]: 0x8001A178 (0x00B56663) bltu a0, a1, 12


mem[X,0x8001A184] -> 0x0213
mem[X,0x8001A186] -> 0x0032
[2766] [M]: 0x8001A184 (0x00320213) addi tp, tp, 3
x4 <- 0x00000003


mem[X,0x8001A188] -> 0x006F
mem[X,0x8001A18A] -> 0x0040
[2767] [M]: 0x8001A188 (0x0040006F) jal zero, 4


mem[X,0x8001A18C] -> 0xAE23
mem[X,0x8001A18E] -> 0x4240
[2768] [M]: 0x8001A18C (0x4240AE23) sw tp, 1084(ra)
mem[0x8004C5B0] <- 0x00000003


mem[X,0x8001A190] -> 0x0513
mem[X,0x8001A192] -> 0x0000
[2769] [M]: 0x8001A190 (0x00000513) addi a0, zero, 0
x10 <- 0x00000000


mem[X,0x8001A194] -> 0x35B7
mem[X,0x8001A196] -> 0x3333
[2770] [M]: 0x8001A194 (0x333335B7) lui a1, 209715
x11 <- 0x33333000


mem[X,0x8001A198] -> 0x8593
mem[X,0x8001A19A] -> 0x3345
[2771] [M]: 0x8001A198 (0x33458593) addi a1, a1, 820
x11 <- 0x33333334


mem[X,0x8001A19C] -> 0x0213
mem[X,0x8001A19E] -> 0x0000
[2772] [M]: 0x8001A19C (0x00000213) addi tp, zero, 0
x4 <- 0x00000000


mem[X,0x8001A1A0] -> 0x006F
mem[X,0x8001A1A2] -> 0x0140
[2773] [M]: 0x8001A1A0 (0x0140006F) jal zero, 20


mem[X,0x8001A1B4] -> 0x68E3
mem[X,0x8001A1B6] -> 0xFEB5
[2774] [M]: 0x8001A1B4 (0xFEB568E3) bltu a0, a1, 8176


mem[X,0x8001A1A4] -> 0x0213
mem[X,0x8001A1A6] -> 0x0012
[2775] [M]: 0x8001A1A4 (0x00120213) addi tp, tp, 1
x4 <- 0x00000001


mem[X,0x8001A1A8] -> 0x006F
mem[X,0x8001A1AA] -> 0x0200
[2776] [M]: 0x8001A1A8 (0x0200006F) jal zero, 32


mem[X,0x8001A1C8] -> 0xA023
mem[X,0x8001A1CA] -> 0x4440
[2777] [M]: 0x8001A1C8 (0x4440A023) sw tp, 1088(ra)
mem[0x8004C5B4] <- 0x00000001


mem[X,0x8001A1CC] -> 0x0513
mem[X,0x8001A1CE] -> 0x0000
[2778] [M]: 0x8001A1CC (0x00000513) addi a0, zero, 0
x10 <- 0x00000000


mem[X,0x8001A1D0] -> 0x65B7
mem[X,0x8001A1D2] -> 0x6666
[2779] [M]: 0x8001A1D0 (0x666665B7) lui a1, 419430
x11 <- 0x66666000


mem[X,0x8001A1D4] -> 0x8593
mem[X,0x8001A1D6] -> 0x6675
[2780] [M]: 0x8001A1D4 (0x66758593) addi a1, a1, 1639
x11 <- 0x66666667


mem[X,0x8001A1D8] -> 0x0213
mem[X,0x8001A1DA] -> 0x0000
[2781] [M]: 0x8001A1D8 (0x00000213) addi tp, zero, 0
x4 <- 0x00000000


mem[X,0x8001A1DC] -> 0x006F
mem[X,0x8001A1DE] -> 0x00C0
[2782] [M]: 0x8001A1DC (0x00C0006F) jal zero, 12


mem[X,0x8001A1E8] -> 0x6663
mem[X,0x8001A1EA] -> 0x00B5
[2783] [M]: 0x8001A1E8 (0x00B56663) bltu a0, a1, 12


mem[X,0x8001A1F4] -> 0x0213
mem[X,0x8001A1F6] -> 0x0032
[2784] [M]: 0x8001A1F4 (0x00320213) addi tp, tp, 3
x4 <- 0x00000003


mem[X,0x8001A1F8] -> 0x006F
mem[X,0x8001A1FA] -> 0x0040
[2785] [M]: 0x8001A1F8 (0x0040006F) jal zero, 4


mem[X,0x8001A1FC] -> 0xA223
mem[X,0x8001A1FE] -> 0x4440
[2786] [M]: 0x8001A1FC (0x4440A223) sw tp, 1092(ra)
mem[0x8004C5B8] <- 0x00000003


mem[X,0x8001A200] -> 0x0513
mem[X,0x8001A202] -> 0x0000
[2787] [M]: 0x8001A200 (0x00000513) addi a0, zero, 0
x10 <- 0x00000000


mem[X,0x8001A204] -> 0xB5B7
mem[X,0x8001A206] -> 0x0000
[2788] [M]: 0x8001A204 (0x0000B5B7) lui a1, 11
x11 <- 0x0000B000


mem[X,0x8001A208] -> 0x8593
mem[X,0x8001A20A] -> 0x5055
[2789] [M]: 0x8001A208 (0x50558593) addi a1, a1, 1285
x11 <- 0x0000B505


mem[X,0x8001A20C] -> 0x0213
mem[X,0x8001A20E] -> 0x0000
[2790] [M]: 0x8001A20C (0x00000213) addi tp, zero, 0
x4 <- 0x00000000


mem[X,0x8001A210] -> 0x006F
mem[X,0x8001A212] -> 0x00C0
[2791] [M]: 0x8001A210 (0x00C0006F) jal zero, 12


mem[X,0x8001A21C] -> 0x6863
mem[X,0x8001A21E] -> 0x00B5
[2792] [M]: 0x8001A21C (0x00B56863) bltu a0, a1, 16


mem[X,0x8001A22C] -> 0x0213
mem[X,0x8001A22E] -> 0x0032
[2793] [M]: 0x8001A22C (0x00320213) addi tp, tp, 3
x4 <- 0x00000003


mem[X,0x8001A230] -> 0x006F
mem[X,0x8001A232] -> 0x0040
[2794] [M]: 0x8001A230 (0x0040006F) jal zero, 4


mem[X,0x8001A234] -> 0xA423
mem[X,0x8001A236] -> 0x4440
[2795] [M]: 0x8001A234 (0x4440A423) sw tp, 1096(ra)
mem[0x8004C5BC] <- 0x00000003


mem[X,0x8001A238] -> 0x0513
mem[X,0x8001A23A] -> 0x0000
[2796] [M]: 0x8001A238 (0x00000513) addi a0, zero, 0
x10 <- 0x00000000


mem[X,0x8001A23C] -> 0x0593
mem[X,0x8001A23E] -> 0x0010
[2797] [M]: 0x8001A23C (0x00100593) addi a1, zero, 1
x11 <- 0x00000001


mem[X,0x8001A240] -> 0x0213
mem[X,0x8001A242] -> 0x0000
[2798] [M]: 0x8001A240 (0x00000213) addi tp, zero, 0
x4 <- 0x00000000


mem[X,0x8001A244] -> 0x006F
mem[X,0x8001A246] -> 0x2B10
[2799] [M]: 0x8001A244 (0x2B10006F) jal zero, 2736


clint::tick mtime <- 0x000000000000001C
 clint timer pending at mtime 0x000000000000001C
htif::tick 0x0000000000000000
mem[X,0x8001ACF4] -> 0x6A63
mem[X,0x8001ACF6] -> 0xD4B5
[2800] [M]: 0x8001ACF4 (0xD4B56A63) bltu a0, a1, 5460


mem[X,0x8001A248] -> 0x0213
mem[X,0x8001A24A] -> 0x0012
[2801] [M]: 0x8001A248 (0x00120213) addi tp, tp, 1
x4 <- 0x00000001


mem[X,0x8001A24C] -> 0x006F
mem[X,0x8001A24E] -> 0x2BD0
[2802] [M]: 0x8001A24C (0x2BD0006F) jal zero, 2748


mem[X,0x8001AD08] -> 0xA623
mem[X,0x8001AD0A] -> 0x4440
[2803] [M]: 0x8001AD08 (0x4440A623) sw tp, 1100(ra)
mem[0x8004C5C0] <- 0x00000001


mem[X,0x8001AD0C] -> 0x0537
mem[X,0x8001AD0E] -> 0x0001
[2804] [M]: 0x8001AD0C (0x00010537) lui a0, 16
x10 <- 0x00010000


mem[X,0x8001AD10] -> 0x0513
mem[X,0x8001AD12] -> 0xFFF5
[2805] [M]: 0x8001AD10 (0xFFF50513) addi a0, a0, 4095
x10 <- 0x0000FFFF


mem[X,0x8001AD14] -> 0x0593
mem[X,0x8001AD16] -> 0x0030
[2806] [M]: 0x8001AD14 (0x00300593) addi a1, zero, 3
x11 <- 0x00000003


mem[X,0x8001AD18] -> 0x0213
mem[X,0x8001AD1A] -> 0x0000
[2807] [M]: 0x8001AD18 (0x00000213) addi tp, zero, 0
x4 <- 0x00000000


mem[X,0x8001AD1C] -> 0x006F
mem[X,0x8001AD1E] -> 0x00C0
[2808] [M]: 0x8001AD1C (0x00C0006F) jal zero, 12


mem[X,0x8001AD28] -> 0x6063
mem[X,0x8001AD2A] -> 0x10B5
[2809] [M]: 0x8001AD28 (0x10B56063) bltu a0, a1, 256


mem[X,0x8001AD2C] -> 0x0213
mem[X,0x8001AD2E] -> 0x0022
[2810] [M]: 0x8001AD2C (0x00220213) addi tp, tp, 2
x4 <- 0x00000002


mem[X,0x8001AD30] -> 0x006F
mem[X,0x8001AD32] -> 0x1000
[2811] [M]: 0x8001AD30 (0x1000006F) jal zero, 256


mem[X,0x8001AE30] -> 0xA823
mem[X,0x8001AE32] -> 0x4440
[2812] [M]: 0x8001AE30 (0x4440A823) sw tp, 1104(ra)
mem[0x8004C5C4] <- 0x00000002


mem[X,0x8001AE34] -> 0x0537
mem[X,0x8001AE36] -> 0x0001
[2813] [M]: 0x8001AE34 (0x00010537) lui a0, 16
x10 <- 0x00010000


mem[X,0x8001AE38] -> 0x0513
mem[X,0x8001AE3A] -> 0xFFF5
[2814] [M]: 0x8001AE38 (0xFFF50513) addi a0, a0, 4095
x10 <- 0x0000FFFF


mem[X,0x8001AE3C] -> 0x55B7
mem[X,0x8001AE3E] -> 0x5555
[2815] [M]: 0x8001AE3C (0x555555B7) lui a1, 349525
x11 <- 0x55555000


mem[X,0x8001AE40] -> 0x8593
mem[X,0x8001AE42] -> 0x5555
[2816] [M]: 0x8001AE40 (0x55558593) addi a1, a1, 1365
x11 <- 0x55555555


mem[X,0x8001AE44] -> 0x0213
mem[X,0x8001AE46] -> 0x0000
[2817] [M]: 0x8001AE44 (0x00000213) addi tp, zero, 0
x4 <- 0x00000000


mem[X,0x8001AE48] -> 0x006F
mem[X,0x8001AE4A] -> 0x00C0
[2818] [M]: 0x8001AE48 (0x00C0006F) jal zero, 12


mem[X,0x8001AE54] -> 0x6063
mem[X,0x8001AE56] -> 0x20B5
[2819] [M]: 0x8001AE54 (0x20B56063) bltu a0, a1, 512


mem[X,0x8001B054] -> 0x0213
mem[X,0x8001B056] -> 0x0032
[2820] [M]: 0x8001B054 (0x00320213) addi tp, tp, 3
x4 <- 0x00000003


mem[X,0x8001B058] -> 0x006F
mem[X,0x8001B05A] -> 0x0040
[2821] [M]: 0x8001B058 (0x0040006F) jal zero, 4


mem[X,0x8001B05C] -> 0xAA23
mem[X,0x8001B05E] -> 0x4440
[2822] [M]: 0x8001B05C (0x4440AA23) sw tp, 1108(ra)
mem[0x8004C5C8] <- 0x00000003


mem[X,0x8001B060] -> 0x0537
mem[X,0x8001B062] -> 0x0001
[2823] [M]: 0x8001B060 (0x00010537) lui a0, 16
x10 <- 0x00010000


mem[X,0x8001B064] -> 0x0513
mem[X,0x8001B066] -> 0xFFF5
[2824] [M]: 0x8001B064 (0xFFF50513) addi a0, a0, 4095
x10 <- 0x0000FFFF


mem[X,0x8001B068] -> 0xB5B7
mem[X,0x8001B06A] -> 0xAAAA
[2825] [M]: 0x8001B068 (0xAAAAB5B7) lui a1, 699051
x11 <- 0xAAAAB000


mem[X,0x8001B06C] -> 0x8593
mem[X,0x8001B06E] -> 0xAAA5
[2826] [M]: 0x8001B06C (0xAAA58593) addi a1, a1, 2730
x11 <- 0xAAAAAAAA


mem[X,0x8001B070] -> 0x0213
mem[X,0x8001B072] -> 0x0000
[2827] [M]: 0x8001B070 (0x00000213) addi tp, zero, 0
x4 <- 0x00000000


mem[X,0x8001B074] -> 0x006F
mem[X,0x8001B076] -> 0x2B10
[2828] [M]: 0x8001B074 (0x2B10006F) jal zero, 2736


mem[X,0x8001BB24] -> 0x6A63
mem[X,0x8001BB26] -> 0xD4B5
[2829] [M]: 0x8001BB24 (0xD4B56A63) bltu a0, a1, 5460


mem[X,0x8001B078] -> 0x0213
mem[X,0x8001B07A] -> 0x0012
[2830] [M]: 0x8001B078 (0x00120213) addi tp, tp, 1
x4 <- 0x00000001


mem[X,0x8001B07C] -> 0x006F
mem[X,0x8001B07E] -> 0x2BD0
[2831] [M]: 0x8001B07C (0x2BD0006F) jal zero, 2748


mem[X,0x8001BB38] -> 0xAC23
mem[X,0x8001BB3A] -> 0x4440
[2832] [M]: 0x8001BB38 (0x4440AC23) sw tp, 1112(ra)
mem[0x8004C5CC] <- 0x00000001


mem[X,0x8001BB3C] -> 0x0537
mem[X,0x8001BB3E] -> 0x0001
[2833] [M]: 0x8001BB3C (0x00010537) lui a0, 16
x10 <- 0x00010000


mem[X,0x8001BB40] -> 0x0513
mem[X,0x8001BB42] -> 0xFFF5
[2834] [M]: 0x8001BB40 (0xFFF50513) addi a0, a0, 4095
x10 <- 0x0000FFFF


mem[X,0x8001BB44] -> 0x0593
mem[X,0x8001BB46] -> 0x0050
[2835] [M]: 0x8001BB44 (0x00500593) addi a1, zero, 5
x11 <- 0x00000005


mem[X,0x8001BB48] -> 0x0213
mem[X,0x8001BB4A] -> 0x0000
[2836] [M]: 0x8001BB48 (0x00000213) addi tp, zero, 0
x4 <- 0x00000000


mem[X,0x8001BB4C] -> 0x006F
mem[X,0x8001BB4E] -> 0x00C0
[2837] [M]: 0x8001BB4C (0x00C0006F) jal zero, 12


mem[X,0x8001BB58] -> 0x6CE3
mem[X,0x8001BB5A] -> 0xFEB5
[2838] [M]: 0x8001BB58 (0xFEB56CE3) bltu a0, a1, 8184


mem[X,0x8001BB5C] -> 0x0213
mem[X,0x8001BB5E] -> 0x0022
[2839] [M]: 0x8001BB5C (0x00220213) addi tp, tp, 2
x4 <- 0x00000002


mem[X,0x8001BB60] -> 0x006F
mem[X,0x8001BB62] -> 0x00C0
[2840] [M]: 0x8001BB60 (0x00C0006F) jal zero, 12


mem[X,0x8001BB6C] -> 0xAE23
mem[X,0x8001BB6E] -> 0x4440
[2841] [M]: 0x8001BB6C (0x4440AE23) sw tp, 1116(ra)
mem[0x8004C5D0] <- 0x00000002


mem[X,0x8001BB70] -> 0x0537
mem[X,0x8001BB72] -> 0x0001
[2842] [M]: 0x8001BB70 (0x00010537) lui a0, 16
x10 <- 0x00010000


mem[X,0x8001BB74] -> 0x0513
mem[X,0x8001BB76] -> 0xFFF5
[2843] [M]: 0x8001BB74 (0xFFF50513) addi a0, a0, 4095
x10 <- 0x0000FFFF


mem[X,0x8001BB78] -> 0x35B7
mem[X,0x8001BB7A] -> 0x3333
[2844] [M]: 0x8001BB78 (0x333335B7) lui a1, 209715
x11 <- 0x33333000


mem[X,0x8001BB7C] -> 0x8593
mem[X,0x8001BB7E] -> 0x3335
[2845] [M]: 0x8001BB7C (0x33358593) addi a1, a1, 819
x11 <- 0x33333333


mem[X,0x8001BB80] -> 0x0213
mem[X,0x8001BB82] -> 0x0000
[2846] [M]: 0x8001BB80 (0x00000213) addi tp, zero, 0
x4 <- 0x00000000


mem[X,0x8001BB84] -> 0x006F
mem[X,0x8001BB86] -> 0x00C0
[2847] [M]: 0x8001BB84 (0x00C0006F) jal zero, 12


mem[X,0x8001BB90] -> 0x6663
mem[X,0x8001BB92] -> 0x00B5
[2848] [M]: 0x8001BB90 (0x00B56663) bltu a0, a1, 12


mem[X,0x8001BB9C] -> 0x0213
mem[X,0x8001BB9E] -> 0x0032
[2849] [M]: 0x8001BB9C (0x00320213) addi tp, tp, 3
x4 <- 0x00000003


mem[X,0x8001BBA0] -> 0x006F
mem[X,0x8001BBA2] -> 0x0040
[2850] [M]: 0x8001BBA0 (0x0040006F) jal zero, 4


mem[X,0x8001BBA4] -> 0xA023
mem[X,0x8001BBA6] -> 0x4640
[2851] [M]: 0x8001BBA4 (0x4640A023) sw tp, 1120(ra)
mem[0x8004C5D4] <- 0x00000003


mem[X,0x8001BBA8] -> 0x0537
mem[X,0x8001BBAA] -> 0x0001
[2852] [M]: 0x8001BBA8 (0x00010537) lui a0, 16
x10 <- 0x00010000


mem[X,0x8001BBAC] -> 0x0513
mem[X,0x8001BBAE] -> 0xFFF5
[2853] [M]: 0x8001BBAC (0xFFF50513) addi a0, a0, 4095
x10 <- 0x0000FFFF


mem[X,0x8001BBB0] -> 0x65B7
mem[X,0x8001BBB2] -> 0x6666
[2854] [M]: 0x8001BBB0 (0x666665B7) lui a1, 419430
x11 <- 0x66666000


mem[X,0x8001BBB4] -> 0x8593
mem[X,0x8001BBB6] -> 0x6665
[2855] [M]: 0x8001BBB4 (0x66658593) addi a1, a1, 1638
x11 <- 0x66666666


mem[X,0x8001BBB8] -> 0x0213
mem[X,0x8001BBBA] -> 0x0000
[2856] [M]: 0x8001BBB8 (0x00000213) addi tp, zero, 0
x4 <- 0x00000000


mem[X,0x8001BBBC] -> 0x006F
mem[X,0x8001BBBE] -> 0x00C0
[2857] [M]: 0x8001BBBC (0x00C0006F) jal zero, 12


mem[X,0x8001BBC8] -> 0x6CE3
mem[X,0x8001BBCA] -> 0xFEB5
[2858] [M]: 0x8001BBC8 (0xFEB56CE3) bltu a0, a1, 8184


mem[X,0x8001BBC0] -> 0x0213
mem[X,0x8001BBC2] -> 0x0012
[2859] [M]: 0x8001BBC0 (0x00120213) addi tp, tp, 1
x4 <- 0x00000001


mem[X,0x8001BBC4] -> 0x006F
mem[X,0x8001BBC6] -> 0x0180
[2860] [M]: 0x8001BBC4 (0x0180006F) jal zero, 24


mem[X,0x8001BBDC] -> 0xA223
mem[X,0x8001BBDE] -> 0x4640
[2861] [M]: 0x8001BBDC (0x4640A223) sw tp, 1124(ra)
mem[0x8004C5D8] <- 0x00000001


mem[X,0x8001BBE0] -> 0x0537
mem[X,0x8001BBE2] -> 0x0001
[2862] [M]: 0x8001BBE0 (0x00010537) lui a0, 16
x10 <- 0x00010000


mem[X,0x8001BBE4] -> 0x0513
mem[X,0x8001BBE6] -> 0xFFF5
[2863] [M]: 0x8001BBE4 (0xFFF50513) addi a0, a0, 4095
x10 <- 0x0000FFFF


mem[X,0x8001BBE8] -> 0xB5B7
mem[X,0x8001BBEA] -> 0x0000
[2864] [M]: 0x8001BBE8 (0x0000B5B7) lui a1, 11
x11 <- 0x0000B000


mem[X,0x8001BBEC] -> 0x8593
mem[X,0x8001BBEE] -> 0x5045
[2865] [M]: 0x8001BBEC (0x50458593) addi a1, a1, 1284
x11 <- 0x0000B504


mem[X,0x8001BBF0] -> 0x0213
mem[X,0x8001BBF2] -> 0x0000
[2866] [M]: 0x8001BBF0 (0x00000213) addi tp, zero, 0
x4 <- 0x00000000


mem[X,0x8001BBF4] -> 0x006F
mem[X,0x8001BBF6] -> 0x00C0
[2867] [M]: 0x8001BBF4 (0x00C0006F) jal zero, 12


mem[X,0x8001BC00] -> 0x6CE3
mem[X,0x8001BC02] -> 0xFEB5
[2868] [M]: 0x8001BC00 (0xFEB56CE3) bltu a0, a1, 8184


mem[X,0x8001BC04] -> 0x0213
mem[X,0x8001BC06] -> 0x0022
[2869] [M]: 0x8001BC04 (0x00220213) addi tp, tp, 2
x4 <- 0x00000002


mem[X,0x8001BC08] -> 0x006F
mem[X,0x8001BC0A] -> 0x00C0
[2870] [M]: 0x8001BC08 (0x00C0006F) jal zero, 12


mem[X,0x8001BC14] -> 0xA423
mem[X,0x8001BC16] -> 0x4640
[2871] [M]: 0x8001BC14 (0x4640A423) sw tp, 1128(ra)
mem[0x8004C5DC] <- 0x00000002


mem[X,0x8001BC18] -> 0x0537
mem[X,0x8001BC1A] -> 0x0001
[2872] [M]: 0x8001BC18 (0x00010537) lui a0, 16
x10 <- 0x00010000


mem[X,0x8001BC1C] -> 0x0513
mem[X,0x8001BC1E] -> 0xFFF5
[2873] [M]: 0x8001BC1C (0xFFF50513) addi a0, a0, 4095
x10 <- 0x0000FFFF


mem[X,0x8001BC20] -> 0x0593
mem[X,0x8001BC22] -> 0x0000
[2874] [M]: 0x8001BC20 (0x00000593) addi a1, zero, 0
x11 <- 0x00000000


mem[X,0x8001BC24] -> 0x0213
mem[X,0x8001BC26] -> 0x0000
[2875] [M]: 0x8001BC24 (0x00000213) addi tp, zero, 0
x4 <- 0x00000000


mem[X,0x8001BC28] -> 0x006F
mem[X,0x8001BC2A] -> 0x00C0
[2876] [M]: 0x8001BC28 (0x00C0006F) jal zero, 12


mem[X,0x8001BC34] -> 0x6063
mem[X,0x8001BC36] -> 0x08B5
[2877] [M]: 0x8001BC34 (0x08B56063) bltu a0, a1, 128


mem[X,0x8001BC38] -> 0x0213
mem[X,0x8001BC3A] -> 0x0022
[2878] [M]: 0x8001BC38 (0x00220213) addi tp, tp, 2
x4 <- 0x00000002


mem[X,0x8001BC3C] -> 0x006F
mem[X,0x8001BC3E] -> 0x0800
[2879] [M]: 0x8001BC3C (0x0800006F) jal zero, 128


mem[X,0x8001BCBC] -> 0xA623
mem[X,0x8001BCBE] -> 0x4640
[2880] [M]: 0x8001BCBC (0x4640A623) sw tp, 1132(ra)
mem[0x8004C5E0] <- 0x00000002


mem[X,0x8001BCC0] -> 0x0537
mem[X,0x8001BCC2] -> 0x0001
[2881] [M]: 0x8001BCC0 (0x00010537) lui a0, 16
x10 <- 0x00010000


mem[X,0x8001BCC4] -> 0x0513
mem[X,0x8001BCC6] -> 0xFFF5
[2882] [M]: 0x8001BCC4 (0xFFF50513) addi a0, a0, 4095
x10 <- 0x0000FFFF


mem[X,0x8001BCC8] -> 0x05B7
mem[X,0x8001BCCA] -> 0x0001
[2883] [M]: 0x8001BCC8 (0x000105B7) lui a1, 16
x11 <- 0x00010000


mem[X,0x8001BCCC] -> 0x8593
mem[X,0x8001BCCE] -> 0xFFF5
[2884] [M]: 0x8001BCCC (0xFFF58593) addi a1, a1, 4095
x11 <- 0x0000FFFF


mem[X,0x8001BCD0] -> 0x0213
mem[X,0x8001BCD2] -> 0x0000
[2885] [M]: 0x8001BCD0 (0x00000213) addi tp, zero, 0
x4 <- 0x00000000


mem[X,0x8001BCD4] -> 0x006F
mem[X,0x8001BCD6] -> 0x0050
[2886] [M]: 0x8001BCD4 (0x0050006F) jal zero, 2052


mem[X,0x8001C4D8] -> 0x60E3
mem[X,0x8001C4DA] -> 0x80B5
[2887] [M]: 0x8001C4D8 (0x80B560E3) bltu a0, a1, 6144


mem[X,0x8001C4DC] -> 0x0213
mem[X,0x8001C4DE] -> 0x0022
[2888] [M]: 0x8001C4DC (0x00220213) addi tp, tp, 2
x4 <- 0x00000002


mem[X,0x8001C4E0] -> 0x006F
mem[X,0x8001C4E2] -> 0x00C0
[2889] [M]: 0x8001C4E0 (0x00C0006F) jal zero, 12


mem[X,0x8001C4EC] -> 0xA823
mem[X,0x8001C4EE] -> 0x4640
[2890] [M]: 0x8001C4EC (0x4640A823) sw tp, 1136(ra)
mem[0x8004C5E4] <- 0x00000002


mem[X,0x8001C4F0] -> 0x0537
mem[X,0x8001C4F2] -> 0x0001
[2891] [M]: 0x8001C4F0 (0x00010537) lui a0, 16
x10 <- 0x00010000


mem[X,0x8001C4F4] -> 0x0513
mem[X,0x8001C4F6] -> 0xFFF5
[2892] [M]: 0x8001C4F4 (0xFFF50513) addi a0, a0, 4095
x10 <- 0x0000FFFF


mem[X,0x8001C4F8] -> 0x0593
mem[X,0x8001C4FA] -> 0x0020
[2893] [M]: 0x8001C4F8 (0x00200593) addi a1, zero, 2
x11 <- 0x00000002


mem[X,0x8001C4FC] -> 0x0213
mem[X,0x8001C4FE] -> 0x0000
[2894] [M]: 0x8001C4FC (0x00000213) addi tp, zero, 0
x4 <- 0x00000000


mem[X,0x8001C500] -> 0x006F
mem[X,0x8001C502] -> 0x00C0
[2895] [M]: 0x8001C500 (0x00C0006F) jal zero, 12


mem[X,0x8001C50C] -> 0x6663
mem[X,0x8001C50E] -> 0x00B5
[2896] [M]: 0x8001C50C (0x00B56663) bltu a0, a1, 12


mem[X,0x8001C510] -> 0x0213
mem[X,0x8001C512] -> 0x0022
[2897] [M]: 0x8001C510 (0x00220213) addi tp, tp, 2
x4 <- 0x00000002


mem[X,0x8001C514] -> 0x006F
mem[X,0x8001C516] -> 0x00C0
[2898] [M]: 0x8001C514 (0x00C0006F) jal zero, 12


mem[X,0x8001C520] -> 0xAA23
mem[X,0x8001C522] -> 0x4640
[2899] [M]: 0x8001C520 (0x4640AA23) sw tp, 1140(ra)
mem[0x8004C5E8] <- 0x00000002


clint::tick mtime <- 0x000000000000001D
 clint timer pending at mtime 0x000000000000001D
htif::tick 0x0000000000000000
mem[X,0x8001C524] -> 0x0537
mem[X,0x8001C526] -> 0x0001
[2900] [M]: 0x8001C524 (0x00010537) lui a0, 16
x10 <- 0x00010000


mem[X,0x8001C528] -> 0x0513
mem[X,0x8001C52A] -> 0xFFF5
[2901] [M]: 0x8001C528 (0xFFF50513) addi a0, a0, 4095
x10 <- 0x0000FFFF


mem[X,0x8001C52C] -> 0x55B7
mem[X,0x8001C52E] -> 0x5555
[2902] [M]: 0x8001C52C (0x555555B7) lui a1, 349525
x11 <- 0x55555000


mem[X,0x8001C530] -> 0x8593
mem[X,0x8001C532] -> 0x5545
[2903] [M]: 0x8001C530 (0x55458593) addi a1, a1, 1364
x11 <- 0x55555554


mem[X,0x8001C534] -> 0x0213
mem[X,0x8001C536] -> 0x0000
[2904] [M]: 0x8001C534 (0x00000213) addi tp, zero, 0
x4 <- 0x00000000


mem[X,0x8001C538] -> 0x006F
mem[X,0x8001C53A] -> 0x00C0
[2905] [M]: 0x8001C538 (0x00C0006F) jal zero, 12


mem[X,0x8001C544] -> 0x6CE3
mem[X,0x8001C546] -> 0xFEB5
[2906] [M]: 0x8001C544 (0xFEB56CE3) bltu a0, a1, 8184


mem[X,0x8001C53C] -> 0x0213
mem[X,0x8001C53E] -> 0x0012
[2907] [M]: 0x8001C53C (0x00120213) addi tp, tp, 1
x4 <- 0x00000001


mem[X,0x8001C540] -> 0x006F
mem[X,0x8001C542] -> 0x0180
[2908] [M]: 0x8001C540 (0x0180006F) jal zero, 24


mem[X,0x8001C558] -> 0xAC23
mem[X,0x8001C55A] -> 0x4640
[2909] [M]: 0x8001C558 (0x4640AC23) sw tp, 1144(ra)
mem[0x8004C5EC] <- 0x00000001


mem[X,0x8001C55C] -> 0x0537
mem[X,0x8001C55E] -> 0x0001
[2910] [M]: 0x8001C55C (0x00010537) lui a0, 16
x10 <- 0x00010000


mem[X,0x8001C560] -> 0x0513
mem[X,0x8001C562] -> 0xFFF5
[2911] [M]: 0x8001C560 (0xFFF50513) addi a0, a0, 4095
x10 <- 0x0000FFFF


mem[X,0x8001C564] -> 0xB5B7
mem[X,0x8001C566] -> 0xAAAA
[2912] [M]: 0x8001C564 (0xAAAAB5B7) lui a1, 699051
x11 <- 0xAAAAB000


mem[X,0x8001C568] -> 0x8593
mem[X,0x8001C56A] -> 0xAA95
[2913] [M]: 0x8001C568 (0xAA958593) addi a1, a1, 2729
x11 <- 0xAAAAAAA9


mem[X,0x8001C56C] -> 0x0213
mem[X,0x8001C56E] -> 0x0000
[2914] [M]: 0x8001C56C (0x00000213) addi tp, zero, 0
x4 <- 0x00000000


mem[X,0x8001C570] -> 0x006F
mem[X,0x8001C572] -> 0x2B10
[2915] [M]: 0x8001C570 (0x2B10006F) jal zero, 2736


mem[X,0x8001D020] -> 0x6A63
mem[X,0x8001D022] -> 0xD4B5
[2916] [M]: 0x8001D020 (0xD4B56A63) bltu a0, a1, 5460


mem[X,0x8001C574] -> 0x0213
mem[X,0x8001C576] -> 0x0012
[2917] [M]: 0x8001C574 (0x00120213) addi tp, tp, 1
x4 <- 0x00000001


mem[X,0x8001C578] -> 0x006F
mem[X,0x8001C57A] -> 0x2BD0
[2918] [M]: 0x8001C578 (0x2BD0006F) jal zero, 2748


mem[X,0x8001D034] -> 0xAE23
mem[X,0x8001D036] -> 0x4640
[2919] [M]: 0x8001D034 (0x4640AE23) sw tp, 1148(ra)
mem[0x8004C5F0] <- 0x00000001


mem[X,0x8001D038] -> 0x0537
mem[X,0x8001D03A] -> 0x0001
[2920] [M]: 0x8001D038 (0x00010537) lui a0, 16
x10 <- 0x00010000


mem[X,0x8001D03C] -> 0x0513
mem[X,0x8001D03E] -> 0xFFF5
[2921] [M]: 0x8001D03C (0xFFF50513) addi a0, a0, 4095
x10 <- 0x0000FFFF


mem[X,0x8001D040] -> 0x0593
mem[X,0x8001D042] -> 0x0040
[2922] [M]: 0x8001D040 (0x00400593) addi a1, zero, 4
x11 <- 0x00000004


mem[X,0x8001D044] -> 0x0213
mem[X,0x8001D046] -> 0x0000
[2923] [M]: 0x8001D044 (0x00000213) addi tp, zero, 0
x4 <- 0x00000000


mem[X,0x8001D048] -> 0x006F
mem[X,0x8001D04A] -> 0x00C0
[2924] [M]: 0x8001D048 (0x00C0006F) jal zero, 12


mem[X,0x8001D054] -> 0x6063
mem[X,0x8001D056] -> 0x40B5
[2925] [M]: 0x8001D054 (0x40B56063) bltu a0, a1, 1024


mem[X,0x8001D058] -> 0x0213
mem[X,0x8001D05A] -> 0x0022
[2926] [M]: 0x8001D058 (0x00220213) addi tp, tp, 2
x4 <- 0x00000002


mem[X,0x8001D05C] -> 0x006F
mem[X,0x8001D05E] -> 0x4000
[2927] [M]: 0x8001D05C (0x4000006F) jal zero, 1024


mem[X,0x8001D45C] -> 0xA023
mem[X,0x8001D45E] -> 0x4840
[2928] [M]: 0x8001D45C (0x4840A023) sw tp, 1152(ra)
mem[0x8004C5F4] <- 0x00000002


mem[X,0x8001D460] -> 0x0537
mem[X,0x8001D462] -> 0x0001
[2929] [M]: 0x8001D460 (0x00010537) lui a0, 16
x10 <- 0x00010000


mem[X,0x8001D464] -> 0x0513
mem[X,0x8001D466] -> 0xFFF5
[2930] [M]: 0x8001D464 (0xFFF50513) addi a0, a0, 4095
x10 <- 0x0000FFFF


mem[X,0x8001D468] -> 0x35B7
mem[X,0x8001D46A] -> 0x3333
[2931] [M]: 0x8001D468 (0x333335B7) lui a1, 209715
x11 <- 0x33333000


mem[X,0x8001D46C] -> 0x8593
mem[X,0x8001D46E] -> 0x3325
[2932] [M]: 0x8001D46C (0x33258593) addi a1, a1, 818
x11 <- 0x33333332


mem[X,0x8001D470] -> 0x0213
mem[X,0x8001D472] -> 0x0000
[2933] [M]: 0x8001D470 (0x00000213) addi tp, zero, 0
x4 <- 0x00000000


mem[X,0x8001D474] -> 0x006F
mem[X,0x8001D476] -> 0x00C0
[2934] [M]: 0x8001D474 (0x00C0006F) jal zero, 12


mem[X,0x8001D480] -> 0x6663
mem[X,0x8001D482] -> 0x00B5
[2935] [M]: 0x8001D480 (0x00B56663) bltu a0, a1, 12


mem[X,0x8001D48C] -> 0x0213
mem[X,0x8001D48E] -> 0x0032
[2936] [M]: 0x8001D48C (0x00320213) addi tp, tp, 3
x4 <- 0x00000003


mem[X,0x8001D490] -> 0x006F
mem[X,0x8001D492] -> 0x0040
[2937] [M]: 0x8001D490 (0x0040006F) jal zero, 4


mem[X,0x8001D494] -> 0xA223
mem[X,0x8001D496] -> 0x4840
[2938] [M]: 0x8001D494 (0x4840A223) sw tp, 1156(ra)
mem[0x8004C5F8] <- 0x00000003


mem[X,0x8001D498] -> 0x0537
mem[X,0x8001D49A] -> 0x0001
[2939] [M]: 0x8001D498 (0x00010537) lui a0, 16
x10 <- 0x00010000


mem[X,0x8001D49C] -> 0x0513
mem[X,0x8001D49E] -> 0xFFF5
[2940] [M]: 0x8001D49C (0xFFF50513) addi a0, a0, 4095
x10 <- 0x0000FFFF


mem[X,0x8001D4A0] -> 0x65B7
mem[X,0x8001D4A2] -> 0x6666
[2941] [M]: 0x8001D4A0 (0x666665B7) lui a1, 419430
x11 <- 0x66666000


mem[X,0x8001D4A4] -> 0x8593
mem[X,0x8001D4A6] -> 0x6655
[2942] [M]: 0x8001D4A4 (0x66558593) addi a1, a1, 1637
x11 <- 0x66666665


mem[X,0x8001D4A8] -> 0x0213
mem[X,0x8001D4AA] -> 0x0000
[2943] [M]: 0x8001D4A8 (0x00000213) addi tp, zero, 0
x4 <- 0x00000000


mem[X,0x8001D4AC] -> 0x006F
mem[X,0x8001D4AE] -> 0x00C0
[2944] [M]: 0x8001D4AC (0x00C0006F) jal zero, 12


mem[X,0x8001D4B8] -> 0x6663
mem[X,0x8001D4BA] -> 0x00B5
[2945] [M]: 0x8001D4B8 (0x00B56663) bltu a0, a1, 12


mem[X,0x8001D4C4] -> 0x0213
mem[X,0x8001D4C6] -> 0x0032
[2946] [M]: 0x8001D4C4 (0x00320213) addi tp, tp, 3
x4 <- 0x00000003


mem[X,0x8001D4C8] -> 0x006F
mem[X,0x8001D4CA] -> 0x0040
[2947] [M]: 0x8001D4C8 (0x0040006F) jal zero, 4


mem[X,0x8001D4CC] -> 0xA423
mem[X,0x8001D4CE] -> 0x4840
[2948] [M]: 0x8001D4CC (0x4840A423) sw tp, 1160(ra)
mem[0x8004C5FC] <- 0x00000003


mem[X,0x8001D4D0] -> 0x0537
mem[X,0x8001D4D2] -> 0x0001
[2949] [M]: 0x8001D4D0 (0x00010537) lui a0, 16
x10 <- 0x00010000


mem[X,0x8001D4D4] -> 0x0513
mem[X,0x8001D4D6] -> 0xFFF5
[2950] [M]: 0x8001D4D4 (0xFFF50513) addi a0, a0, 4095
x10 <- 0x0000FFFF


mem[X,0x8001D4D8] -> 0xB5B7
mem[X,0x8001D4DA] -> 0x0000
[2951] [M]: 0x8001D4D8 (0x0000B5B7) lui a1, 11
x11 <- 0x0000B000


mem[X,0x8001D4DC] -> 0x8593
mem[X,0x8001D4DE] -> 0x5035
[2952] [M]: 0x8001D4DC (0x50358593) addi a1, a1, 1283
x11 <- 0x0000B503


mem[X,0x8001D4E0] -> 0x0213
mem[X,0x8001D4E2] -> 0x0000
[2953] [M]: 0x8001D4E0 (0x00000213) addi tp, zero, 0
x4 <- 0x00000000


mem[X,0x8001D4E4] -> 0x006F
mem[X,0x8001D4E6] -> 0x00C0
[2954] [M]: 0x8001D4E4 (0x00C0006F) jal zero, 12


mem[X,0x8001D4F0] -> 0x6063
mem[X,0x8001D4F2] -> 0x40B5
[2955] [M]: 0x8001D4F0 (0x40B56063) bltu a0, a1, 1024


mem[X,0x8001D4F4] -> 0x0213
mem[X,0x8001D4F6] -> 0x0022
[2956] [M]: 0x8001D4F4 (0x00220213) addi tp, tp, 2
x4 <- 0x00000002


mem[X,0x8001D4F8] -> 0x006F
mem[X,0x8001D4FA] -> 0x4000
[2957] [M]: 0x8001D4F8 (0x4000006F) jal zero, 1024


mem[X,0x8001D8F8] -> 0xA623
mem[X,0x8001D8FA] -> 0x4840
[2958] [M]: 0x8001D8F8 (0x4840A623) sw tp, 1164(ra)
mem[0x8004C600] <- 0x00000002


mem[X,0x8001D8FC] -> 0x0537
mem[X,0x8001D8FE] -> 0x0001
[2959] [M]: 0x8001D8FC (0x00010537) lui a0, 16
x10 <- 0x00010000


mem[X,0x8001D900] -> 0x0513
mem[X,0x8001D902] -> 0xFFF5
[2960] [M]: 0x8001D900 (0xFFF50513) addi a0, a0, 4095
x10 <- 0x0000FFFF


mem[X,0x8001D904] -> 0x05B7
mem[X,0x8001D906] -> 0x0001
[2961] [M]: 0x8001D904 (0x000105B7) lui a1, 16
x11 <- 0x00010000


mem[X,0x8001D908] -> 0x8593
mem[X,0x8001D90A] -> 0xFFE5
[2962] [M]: 0x8001D908 (0xFFE58593) addi a1, a1, 4094
x11 <- 0x0000FFFE


mem[X,0x8001D90C] -> 0x0213
mem[X,0x8001D90E] -> 0x0000
[2963] [M]: 0x8001D90C (0x00000213) addi tp, zero, 0
x4 <- 0x00000000


mem[X,0x8001D910] -> 0x006F
mem[X,0x8001D912] -> 0x00C0
[2964] [M]: 0x8001D910 (0x00C0006F) jal zero, 12


mem[X,0x8001D91C] -> 0x6CE3
mem[X,0x8001D91E] -> 0xFEB5
[2965] [M]: 0x8001D91C (0xFEB56CE3) bltu a0, a1, 8184


mem[X,0x8001D920] -> 0x0213
mem[X,0x8001D922] -> 0x0022
[2966] [M]: 0x8001D920 (0x00220213) addi tp, tp, 2
x4 <- 0x00000002


mem[X,0x8001D924] -> 0x006F
mem[X,0x8001D926] -> 0x00C0
[2967] [M]: 0x8001D924 (0x00C0006F) jal zero, 12


mem[X,0x8001D930] -> 0xA823
mem[X,0x8001D932] -> 0x4840
[2968] [M]: 0x8001D930 (0x4840A823) sw tp, 1168(ra)
mem[0x8004C604] <- 0x00000002


mem[X,0x8001D934] -> 0x0537
mem[X,0x8001D936] -> 0x0001
[2969] [M]: 0x8001D934 (0x00010537) lui a0, 16
x10 <- 0x00010000


mem[X,0x8001D938] -> 0x0513
mem[X,0x8001D93A] -> 0xFFF5
[2970] [M]: 0x8001D938 (0xFFF50513) addi a0, a0, 4095
x10 <- 0x0000FFFF


mem[X,0x8001D93C] -> 0x55B7
mem[X,0x8001D93E] -> 0x5555
[2971] [M]: 0x8001D93C (0x555555B7) lui a1, 349525
x11 <- 0x55555000


mem[X,0x8001D940] -> 0x8593
mem[X,0x8001D942] -> 0x5565
[2972] [M]: 0x8001D940 (0x55658593) addi a1, a1, 1366
x11 <- 0x55555556


mem[X,0x8001D944] -> 0x0213
mem[X,0x8001D946] -> 0x0000
[2973] [M]: 0x8001D944 (0x00000213) addi tp, zero, 0
x4 <- 0x00000000


mem[X,0x8001D948] -> 0x006F
mem[X,0x8001D94A] -> 0x00C0
[2974] [M]: 0x8001D948 (0x00C0006F) jal zero, 12


mem[X,0x8001D954] -> 0x6063
mem[X,0x8001D956] -> 0x08B5
[2975] [M]: 0x8001D954 (0x08B56063) bltu a0, a1, 128


mem[X,0x8001D9D4] -> 0x0213
mem[X,0x8001D9D6] -> 0x0032
[2976] [M]: 0x8001D9D4 (0x00320213) addi tp, tp, 3
x4 <- 0x00000003


mem[X,0x8001D9D8] -> 0x006F
mem[X,0x8001D9DA] -> 0x0040
[2977] [M]: 0x8001D9D8 (0x0040006F) jal zero, 4


mem[X,0x8001D9DC] -> 0xAA23
mem[X,0x8001D9DE] -> 0x4840
[2978] [M]: 0x8001D9DC (0x4840AA23) sw tp, 1172(ra)
mem[0x8004C608] <- 0x00000003


mem[X,0x8001D9E0] -> 0x0537
mem[X,0x8001D9E2] -> 0x0001
[2979] [M]: 0x8001D9E0 (0x00010537) lui a0, 16
x10 <- 0x00010000


mem[X,0x8001D9E4] -> 0x0513
mem[X,0x8001D9E6] -> 0xFFF5
[2980] [M]: 0x8001D9E4 (0xFFF50513) addi a0, a0, 4095
x10 <- 0x0000FFFF


mem[X,0x8001D9E8] -> 0xB5B7
mem[X,0x8001D9EA] -> 0xAAAA
[2981] [M]: 0x8001D9E8 (0xAAAAB5B7) lui a1, 699051
x11 <- 0xAAAAB000


mem[X,0x8001D9EC] -> 0x8593
mem[X,0x8001D9EE] -> 0xAAB5
[2982] [M]: 0x8001D9EC (0xAAB58593) addi a1, a1, 2731
x11 <- 0xAAAAAAAB


mem[X,0x8001D9F0] -> 0x0213
mem[X,0x8001D9F2] -> 0x0000
[2983] [M]: 0x8001D9F0 (0x00000213) addi tp, zero, 0
x4 <- 0x00000000


mem[X,0x8001D9F4] -> 0x006F
mem[X,0x8001D9F6] -> 0x0180
[2984] [M]: 0x8001D9F4 (0x0180006F) jal zero, 24


mem[X,0x8001DA0C] -> 0x66E3
mem[X,0x8001DA0E] -> 0xFEB5
[2985] [M]: 0x8001DA0C (0xFEB566E3) bltu a0, a1, 8172


mem[X,0x8001D9F8] -> 0x0213
mem[X,0x8001D9FA] -> 0x0012
[2986] [M]: 0x8001D9F8 (0x00120213) addi tp, tp, 1
x4 <- 0x00000001


mem[X,0x8001D9FC] -> 0x006F
mem[X,0x8001D9FE] -> 0x0240
[2987] [M]: 0x8001D9FC (0x0240006F) jal zero, 36


mem[X,0x8001DA20] -> 0xAC23
mem[X,0x8001DA22] -> 0x4840
[2988] [M]: 0x8001DA20 (0x4840AC23) sw tp, 1176(ra)
mem[0x8004C60C] <- 0x00000001


mem[X,0x8001DA24] -> 0x0537
mem[X,0x8001DA26] -> 0x0001
[2989] [M]: 0x8001DA24 (0x00010537) lui a0, 16
x10 <- 0x00010000


mem[X,0x8001DA28] -> 0x0513
mem[X,0x8001DA2A] -> 0xFFF5
[2990] [M]: 0x8001DA28 (0xFFF50513) addi a0, a0, 4095
x10 <- 0x0000FFFF


mem[X,0x8001DA2C] -> 0x0593
mem[X,0x8001DA2E] -> 0x0060
[2991] [M]: 0x8001DA2C (0x00600593) addi a1, zero, 6
x11 <- 0x00000006


mem[X,0x8001DA30] -> 0x0213
mem[X,0x8001DA32] -> 0x0000
[2992] [M]: 0x8001DA30 (0x00000213) addi tp, zero, 0
x4 <- 0x00000000


mem[X,0x8001DA34] -> 0x006F
mem[X,0x8001DA36] -> 0x00C0
[2993] [M]: 0x8001DA34 (0x00C0006F) jal zero, 12


mem[X,0x8001DA40] -> 0x6063
mem[X,0x8001DA42] -> 0x20B5
[2994] [M]: 0x8001DA40 (0x20B56063) bltu a0, a1, 512


mem[X,0x8001DA44] -> 0x0213
mem[X,0x8001DA46] -> 0x0022
[2995] [M]: 0x8001DA44 (0x00220213) addi tp, tp, 2
x4 <- 0x00000002


mem[X,0x8001DA48] -> 0x006F
mem[X,0x8001DA4A] -> 0x2000
[2996] [M]: 0x8001DA48 (0x2000006F) jal zero, 512


mem[X,0x8001DC48] -> 0xAE23
mem[X,0x8001DC4A] -> 0x4840
[2997] [M]: 0x8001DC48 (0x4840AE23) sw tp, 1180(ra)
mem[0x8004C610] <- 0x00000002


mem[X,0x8001DC4C] -> 0x0537
mem[X,0x8001DC4E] -> 0x0001
[2998] [M]: 0x8001DC4C (0x00010537) lui a0, 16
x10 <- 0x00010000


mem[X,0x8001DC50] -> 0x0513
mem[X,0x8001DC52] -> 0xFFF5
[2999] [M]: 0x8001DC50 (0xFFF50513) addi a0, a0, 4095
x10 <- 0x0000FFFF


clint::tick mtime <- 0x000000000000001E
 clint timer pending at mtime 0x000000000000001E
htif::tick 0x0000000000000000
mem[X,0x8001DC54] -> 0x35B7
mem[X,0x8001DC56] -> 0x3333
[3000] [M]: 0x8001DC54 (0x333335B7) lui a1, 209715
x11 <- 0x33333000


mem[X,0x8001DC58] -> 0x8593
mem[X,0x8001DC5A] -> 0x3345
[3001] [M]: 0x8001DC58 (0x33458593) addi a1, a1, 820
x11 <- 0x33333334


mem[X,0x8001DC5C] -> 0x0213
mem[X,0x8001DC5E] -> 0x0000
[3002] [M]: 0x8001DC5C (0x00000213) addi tp, zero, 0
x4 <- 0x00000000


mem[X,0x8001DC60] -> 0x006F
mem[X,0x8001DC62] -> 0x00C0
[3003] [M]: 0x8001DC60 (0x00C0006F) jal zero, 12


mem[X,0x8001DC6C] -> 0x6663
mem[X,0x8001DC6E] -> 0x00B5
[3004] [M]: 0x8001DC6C (0x00B56663) bltu a0, a1, 12


mem[X,0x8001DC78] -> 0x0213
mem[X,0x8001DC7A] -> 0x0032
[3005] [M]: 0x8001DC78 (0x00320213) addi tp, tp, 3
x4 <- 0x00000003


mem[X,0x8001DC7C] -> 0x006F
mem[X,0x8001DC7E] -> 0x0040
[3006] [M]: 0x8001DC7C (0x0040006F) jal zero, 4


mem[X,0x8001DC80] -> 0xA023
mem[X,0x8001DC82] -> 0x4A40
[3007] [M]: 0x8001DC80 (0x4A40A023) sw tp, 1184(ra)
mem[0x8004C614] <- 0x00000003


mem[X,0x8001DC84] -> 0x0537
mem[X,0x8001DC86] -> 0x0001
[3008] [M]: 0x8001DC84 (0x00010537) lui a0, 16
x10 <- 0x00010000


mem[X,0x8001DC88] -> 0x0513
mem[X,0x8001DC8A] -> 0xFFF5
[3009] [M]: 0x8001DC88 (0xFFF50513) addi a0, a0, 4095
x10 <- 0x0000FFFF


mem[X,0x8001DC8C] -> 0x65B7
mem[X,0x8001DC8E] -> 0x6666
[3010] [M]: 0x8001DC8C (0x666665B7) lui a1, 419430
x11 <- 0x66666000


mem[X,0x8001DC90] -> 0x8593
mem[X,0x8001DC92] -> 0x6675
[3011] [M]: 0x8001DC90 (0x66758593) addi a1, a1, 1639
x11 <- 0x66666667


mem[X,0x8001DC94] -> 0x0213
mem[X,0x8001DC96] -> 0x0000
[3012] [M]: 0x8001DC94 (0x00000213) addi tp, zero, 0
x4 <- 0x00000000


mem[X,0x8001DC98] -> 0x006F
mem[X,0x8001DC9A] -> 0x00C0
[3013] [M]: 0x8001DC98 (0x00C0006F) jal zero, 12


mem[X,0x8001DCA4] -> 0x6663
mem[X,0x8001DCA6] -> 0x00B5
[3014] [M]: 0x8001DCA4 (0x00B56663) bltu a0, a1, 12


mem[X,0x8001DCB0] -> 0x0213
mem[X,0x8001DCB2] -> 0x0032
[3015] [M]: 0x8001DCB0 (0x00320213) addi tp, tp, 3
x4 <- 0x00000003


mem[X,0x8001DCB4] -> 0x006F
mem[X,0x8001DCB6] -> 0x0040
[3016] [M]: 0x8001DCB4 (0x0040006F) jal zero, 4


mem[X,0x8001DCB8] -> 0xA223
mem[X,0x8001DCBA] -> 0x4A40
[3017] [M]: 0x8001DCB8 (0x4A40A223) sw tp, 1188(ra)
mem[0x8004C618] <- 0x00000003


mem[X,0x8001DCBC] -> 0x0537
mem[X,0x8001DCBE] -> 0x0001
[3018] [M]: 0x8001DCBC (0x00010537) lui a0, 16
x10 <- 0x00010000


mem[X,0x8001DCC0] -> 0x0513
mem[X,0x8001DCC2] -> 0xFFF5
[3019] [M]: 0x8001DCC0 (0xFFF50513) addi a0, a0, 4095
x10 <- 0x0000FFFF


mem[X,0x8001DCC4] -> 0xB5B7
mem[X,0x8001DCC6] -> 0x0000
[3020] [M]: 0x8001DCC4 (0x0000B5B7) lui a1, 11
x11 <- 0x0000B000


mem[X,0x8001DCC8] -> 0x8593
mem[X,0x8001DCCA] -> 0x5055
[3021] [M]: 0x8001DCC8 (0x50558593) addi a1, a1, 1285
x11 <- 0x0000B505


mem[X,0x8001DCCC] -> 0x0213
mem[X,0x8001DCCE] -> 0x0000
[3022] [M]: 0x8001DCCC (0x00000213) addi tp, zero, 0
x4 <- 0x00000000


mem[X,0x8001DCD0] -> 0x006F
mem[X,0x8001DCD2] -> 0x00C0
[3023] [M]: 0x8001DCD0 (0x00C0006F) jal zero, 12


mem[X,0x8001DCDC] -> 0x6063
mem[X,0x8001DCDE] -> 0x20B5
[3024] [M]: 0x8001DCDC (0x20B56063) bltu a0, a1, 512


mem[X,0x8001DCE0] -> 0x0213
mem[X,0x8001DCE2] -> 0x0022
[3025] [M]: 0x8001DCE0 (0x00220213) addi tp, tp, 2
x4 <- 0x00000002


mem[X,0x8001DCE4] -> 0x006F
mem[X,0x8001DCE6] -> 0x2000
[3026] [M]: 0x8001DCE4 (0x2000006F) jal zero, 512


mem[X,0x8001DEE4] -> 0xA423
mem[X,0x8001DEE6] -> 0x4A40
[3027] [M]: 0x8001DEE4 (0x4A40A423) sw tp, 1192(ra)
mem[0x8004C61C] <- 0x00000002


mem[X,0x8001DEE8] -> 0x0537
mem[X,0x8001DEEA] -> 0x0001
[3028] [M]: 0x8001DEE8 (0x00010537) lui a0, 16
x10 <- 0x00010000


mem[X,0x8001DEEC] -> 0x0513
mem[X,0x8001DEEE] -> 0xFFF5
[3029] [M]: 0x8001DEEC (0xFFF50513) addi a0, a0, 4095
x10 <- 0x0000FFFF


mem[X,0x8001DEF0] -> 0x0593
mem[X,0x8001DEF2] -> 0x0010
[3030] [M]: 0x8001DEF0 (0x00100593) addi a1, zero, 1
x11 <- 0x00000001


mem[X,0x8001DEF4] -> 0x0213
mem[X,0x8001DEF6] -> 0x0000
[3031] [M]: 0x8001DEF4 (0x00000213) addi tp, zero, 0
x4 <- 0x00000000


mem[X,0x8001DEF8] -> 0x006F
mem[X,0x8001DEFA] -> 0x0180
[3032] [M]: 0x8001DEF8 (0x0180006F) jal zero, 24


mem[X,0x8001DF10] -> 0x66E3
mem[X,0x8001DF12] -> 0xFEB5
[3033] [M]: 0x8001DF10 (0xFEB566E3) bltu a0, a1, 8172


mem[X,0x8001DF14] -> 0x0213
mem[X,0x8001DF16] -> 0x0022
[3034] [M]: 0x8001DF14 (0x00220213) addi tp, tp, 2
x4 <- 0x00000002


mem[X,0x8001DF18] -> 0x006F
mem[X,0x8001DF1A] -> 0x00C0
[3035] [M]: 0x8001DF18 (0x00C0006F) jal zero, 12


mem[X,0x8001DF24] -> 0xA623
mem[X,0x8001DF26] -> 0x4A40
[3036] [M]: 0x8001DF24 (0x4A40A623) sw tp, 1196(ra)
mem[0x8004C620] <- 0x00000002


mem[X,0x8001DF28] -> 0x0537
mem[X,0x8001DF2A] -> 0x0001
[3037] [M]: 0x8001DF28 (0x00010537) lui a0, 16
x10 <- 0x00010000


mem[X,0x8001DF2C] -> 0x0513
mem[X,0x8001DF2E] -> 0xFFF5
[3038] [M]: 0x8001DF2C (0xFFF50513) addi a0, a0, 4095
x10 <- 0x0000FFFF


mem[X,0x8001DF30] -> 0x05B7
mem[X,0x8001DF32] -> 0x0001
[3039] [M]: 0x8001DF30 (0x000105B7) lui a1, 16
x11 <- 0x00010000


mem[X,0x8001DF34] -> 0x0213
mem[X,0x8001DF36] -> 0x0000
[3040] [M]: 0x8001DF34 (0x00000213) addi tp, zero, 0
x4 <- 0x00000000


mem[X,0x8001DF38] -> 0x006F
mem[X,0x8001DF3A] -> 0x2B10
[3041] [M]: 0x8001DF38 (0x2B10006F) jal zero, 2736


mem[X,0x8001E9E8] -> 0x6A63
mem[X,0x8001E9EA] -> 0xD4B5
[3042] [M]: 0x8001E9E8 (0xD4B56A63) bltu a0, a1, 5460


mem[X,0x8001DF3C] -> 0x0213
mem[X,0x8001DF3E] -> 0x0012
[3043] [M]: 0x8001DF3C (0x00120213) addi tp, tp, 1
x4 <- 0x00000001


mem[X,0x8001DF40] -> 0x006F
mem[X,0x8001DF42] -> 0x2BD0
[3044] [M]: 0x8001DF40 (0x2BD0006F) jal zero, 2748


mem[X,0x8001E9FC] -> 0xA823
mem[X,0x8001E9FE] -> 0x4A40
[3045] [M]: 0x8001E9FC (0x4A40A823) sw tp, 1200(ra)
mem[0x8004C624] <- 0x00000001


mem[X,0x8001EA00] -> 0x0513
mem[X,0x8001EA02] -> 0x0020
[3046] [M]: 0x8001EA00 (0x00200513) addi a0, zero, 2
x10 <- 0x00000002


mem[X,0x8001EA04] -> 0x0593
mem[X,0x8001EA06] -> 0x0030
[3047] [M]: 0x8001EA04 (0x00300593) addi a1, zero, 3
x11 <- 0x00000003


mem[X,0x8001EA08] -> 0x0213
mem[X,0x8001EA0A] -> 0x0000
[3048] [M]: 0x8001EA08 (0x00000213) addi tp, zero, 0
x4 <- 0x00000000


mem[X,0x8001EA0C] -> 0x006F
mem[X,0x8001EA0E] -> 0x00C0
[3049] [M]: 0x8001EA0C (0x00C0006F) jal zero, 12


mem[X,0x8001EA18] -> 0x6663
mem[X,0x8001EA1A] -> 0x00B5
[3050] [M]: 0x8001EA18 (0x00B56663) bltu a0, a1, 12


mem[X,0x8001EA24] -> 0x0213
mem[X,0x8001EA26] -> 0x0032
[3051] [M]: 0x8001EA24 (0x00320213) addi tp, tp, 3
x4 <- 0x00000003


mem[X,0x8001EA28] -> 0x006F
mem[X,0x8001EA2A] -> 0x0040
[3052] [M]: 0x8001EA28 (0x0040006F) jal zero, 4


mem[X,0x8001EA2C] -> 0xAA23
mem[X,0x8001EA2E] -> 0x4A40
[3053] [M]: 0x8001EA2C (0x4A40AA23) sw tp, 1204(ra)
mem[0x8004C628] <- 0x00000003


mem[X,0x8001EA30] -> 0x0513
mem[X,0x8001EA32] -> 0x0020
[3054] [M]: 0x8001EA30 (0x00200513) addi a0, zero, 2
x10 <- 0x00000002


mem[X,0x8001EA34] -> 0x55B7
mem[X,0x8001EA36] -> 0x5555
[3055] [M]: 0x8001EA34 (0x555555B7) lui a1, 349525
x11 <- 0x55555000


mem[X,0x8001EA38] -> 0x8593
mem[X,0x8001EA3A] -> 0x5555
[3056] [M]: 0x8001EA38 (0x55558593) addi a1, a1, 1365
x11 <- 0x55555555


mem[X,0x8001EA3C] -> 0x0213
mem[X,0x8001EA3E] -> 0x0000
[3057] [M]: 0x8001EA3C (0x00000213) addi tp, zero, 0
x4 <- 0x00000000


mem[X,0x8001EA40] -> 0x006F
mem[X,0x8001EA42] -> 0x00C0
[3058] [M]: 0x8001EA40 (0x00C0006F) jal zero, 12


mem[X,0x8001EA4C] -> 0x6CE3
mem[X,0x8001EA4E] -> 0xFEB5
[3059] [M]: 0x8001EA4C (0xFEB56CE3) bltu a0, a1, 8184


mem[X,0x8001EA44] -> 0x0213
mem[X,0x8001EA46] -> 0x0012
[3060] [M]: 0x8001EA44 (0x00120213) addi tp, tp, 1
x4 <- 0x00000001


mem[X,0x8001EA48] -> 0x006F
mem[X,0x8001EA4A] -> 0x0180
[3061] [M]: 0x8001EA48 (0x0180006F) jal zero, 24


mem[X,0x8001EA60] -> 0xAC23
mem[X,0x8001EA62] -> 0x4A40
[3062] [M]: 0x8001EA60 (0x4A40AC23) sw tp, 1208(ra)
mem[0x8004C62C] <- 0x00000001


mem[X,0x8001EA64] -> 0x0513
mem[X,0x8001EA66] -> 0x0020
[3063] [M]: 0x8001EA64 (0x00200513) addi a0, zero, 2
x10 <- 0x00000002


mem[X,0x8001EA68] -> 0xB5B7
mem[X,0x8001EA6A] -> 0xAAAA
[3064] [M]: 0x8001EA68 (0xAAAAB5B7) lui a1, 699051
x11 <- 0xAAAAB000


mem[X,0x8001EA6C] -> 0x8593
mem[X,0x8001EA6E] -> 0xAAA5
[3065] [M]: 0x8001EA6C (0xAAA58593) addi a1, a1, 2730
x11 <- 0xAAAAAAAA


mem[X,0x8001EA70] -> 0x0213
mem[X,0x8001EA72] -> 0x0000
[3066] [M]: 0x8001EA70 (0x00000213) addi tp, zero, 0
x4 <- 0x00000000


mem[X,0x8001EA74] -> 0x006F
mem[X,0x8001EA76] -> 0x00C0
[3067] [M]: 0x8001EA74 (0x00C0006F) jal zero, 12


mem[X,0x8001EA80] -> 0x6CE3
mem[X,0x8001EA82] -> 0xFEB5
[3068] [M]: 0x8001EA80 (0xFEB56CE3) bltu a0, a1, 8184


mem[X,0x8001EA78] -> 0x0213
mem[X,0x8001EA7A] -> 0x0012
[3069] [M]: 0x8001EA78 (0x00120213) addi tp, tp, 1
x4 <- 0x00000001


mem[X,0x8001EA7C] -> 0x006F
mem[X,0x8001EA7E] -> 0x0180
[3070] [M]: 0x8001EA7C (0x0180006F) jal zero, 24


mem[X,0x8001EA94] -> 0xAE23
mem[X,0x8001EA96] -> 0x4A40
[3071] [M]: 0x8001EA94 (0x4A40AE23) sw tp, 1212(ra)
mem[0x8004C630] <- 0x00000001


mem[X,0x8001EA98] -> 0x0513
mem[X,0x8001EA9A] -> 0x0020
[3072] [M]: 0x8001EA98 (0x00200513) addi a0, zero, 2
x10 <- 0x00000002


mem[X,0x8001EA9C] -> 0x0593
mem[X,0x8001EA9E] -> 0x0050
[3073] [M]: 0x8001EA9C (0x00500593) addi a1, zero, 5
x11 <- 0x00000005


mem[X,0x8001EAA0] -> 0x0213
mem[X,0x8001EAA2] -> 0x0000
[3074] [M]: 0x8001EAA0 (0x00000213) addi tp, zero, 0
x4 <- 0x00000000


mem[X,0x8001EAA4] -> 0x006F
mem[X,0x8001EAA6] -> 0x0100
[3075] [M]: 0x8001EAA4 (0x0100006F) jal zero, 16


mem[X,0x8001EAB4] -> 0x6AE3
mem[X,0x8001EAB6] -> 0xFEB5
[3076] [M]: 0x8001EAB4 (0xFEB56AE3) bltu a0, a1, 8180


mem[X,0x8001EAA8] -> 0x0213
mem[X,0x8001EAAA] -> 0x0012
[3077] [M]: 0x8001EAA8 (0x00120213) addi tp, tp, 1
x4 <- 0x00000001


mem[X,0x8001EAAC] -> 0x006F
mem[X,0x8001EAAE] -> 0x01C0
[3078] [M]: 0x8001EAAC (0x01C0006F) jal zero, 28


mem[X,0x8001EAC8] -> 0xA023
mem[X,0x8001EACA] -> 0x4C40
[3079] [M]: 0x8001EAC8 (0x4C40A023) sw tp, 1216(ra)
mem[0x8004C634] <- 0x00000001


mem[X,0x8001EACC] -> 0x0513
mem[X,0x8001EACE] -> 0x0020
[3080] [M]: 0x8001EACC (0x00200513) addi a0, zero, 2
x10 <- 0x00000002


mem[X,0x8001EAD0] -> 0x35B7
mem[X,0x8001EAD2] -> 0x3333
[3081] [M]: 0x8001EAD0 (0x333335B7) lui a1, 209715
x11 <- 0x33333000


mem[X,0x8001EAD4] -> 0x8593
mem[X,0x8001EAD6] -> 0x3335
[3082] [M]: 0x8001EAD4 (0x33358593) addi a1, a1, 819
x11 <- 0x33333333


mem[X,0x8001EAD8] -> 0x0213
mem[X,0x8001EADA] -> 0x0000
[3083] [M]: 0x8001EAD8 (0x00000213) addi tp, zero, 0
x4 <- 0x00000000


mem[X,0x8001EADC] -> 0x006F
mem[X,0x8001EADE] -> 0x00C0
[3084] [M]: 0x8001EADC (0x00C0006F) jal zero, 12


mem[X,0x8001EAE8] -> 0x6063
mem[X,0x8001EAEA] -> 0x04B5
[3085] [M]: 0x8001EAE8 (0x04B56063) bltu a0, a1, 64


mem[X,0x8001EB28] -> 0x0213
mem[X,0x8001EB2A] -> 0x0032
[3086] [M]: 0x8001EB28 (0x00320213) addi tp, tp, 3
x4 <- 0x00000003


mem[X,0x8001EB2C] -> 0x006F
mem[X,0x8001EB2E] -> 0x0040
[3087] [M]: 0x8001EB2C (0x0040006F) jal zero, 4


mem[X,0x8001EB30] -> 0xA223
mem[X,0x8001EB32] -> 0x4C40
[3088] [M]: 0x8001EB30 (0x4C40A223) sw tp, 1220(ra)
mem[0x8004C638] <- 0x00000003


mem[X,0x8001EB34] -> 0x0513
mem[X,0x8001EB36] -> 0x0020
[3089] [M]: 0x8001EB34 (0x00200513) addi a0, zero, 2
x10 <- 0x00000002


mem[X,0x8001EB38] -> 0x65B7
mem[X,0x8001EB3A] -> 0x6666
[3090] [M]: 0x8001EB38 (0x666665B7) lui a1, 419430
x11 <- 0x66666000


mem[X,0x8001EB3C] -> 0x8593
mem[X,0x8001EB3E] -> 0x6665
[3091] [M]: 0x8001EB3C (0x66658593) addi a1, a1, 1638
x11 <- 0x66666666


mem[X,0x8001EB40] -> 0x0213
mem[X,0x8001EB42] -> 0x0000
[3092] [M]: 0x8001EB40 (0x00000213) addi tp, zero, 0
x4 <- 0x00000000


mem[X,0x8001EB44] -> 0x006F
mem[X,0x8001EB46] -> 0x0140
[3093] [M]: 0x8001EB44 (0x0140006F) jal zero, 20


mem[X,0x8001EB58] -> 0x68E3
mem[X,0x8001EB5A] -> 0xFEB5
[3094] [M]: 0x8001EB58 (0xFEB568E3) bltu a0, a1, 8176


mem[X,0x8001EB48] -> 0x0213
mem[X,0x8001EB4A] -> 0x0012
[3095] [M]: 0x8001EB48 (0x00120213) addi tp, tp, 1
x4 <- 0x00000001


mem[X,0x8001EB4C] -> 0x006F
mem[X,0x8001EB4E] -> 0x0200
[3096] [M]: 0x8001EB4C (0x0200006F) jal zero, 32


mem[X,0x8001EB6C] -> 0xA423
mem[X,0x8001EB6E] -> 0x4C40
[3097] [M]: 0x8001EB6C (0x4C40A423) sw tp, 1224(ra)
mem[0x8004C63C] <- 0x00000001


mem[X,0x8001EB70] -> 0x0513
mem[X,0x8001EB72] -> 0x0020
[3098] [M]: 0x8001EB70 (0x00200513) addi a0, zero, 2
x10 <- 0x00000002


mem[X,0x8001EB74] -> 0xB5B7
mem[X,0x8001EB76] -> 0x0000
[3099] [M]: 0x8001EB74 (0x0000B5B7) lui a1, 11
x11 <- 0x0000B000


clint::tick mtime <- 0x000000000000001F
 clint timer pending at mtime 0x000000000000001F
htif::tick 0x0000000000000000
mem[X,0x8001EB78] -> 0x8593
mem[X,0x8001EB7A] -> 0x5045
[3100] [M]: 0x8001EB78 (0x50458593) addi a1, a1, 1284
x11 <- 0x0000B504


mem[X,0x8001EB7C] -> 0x0213
mem[X,0x8001EB7E] -> 0x0000
[3101] [M]: 0x8001EB7C (0x00000213) addi tp, zero, 0
x4 <- 0x00000000


mem[X,0x8001EB80] -> 0x006F
mem[X,0x8001EB82] -> 0x00C0
[3102] [M]: 0x8001EB80 (0x00C0006F) jal zero, 12


mem[X,0x8001EB8C] -> 0x6063
mem[X,0x8001EB8E] -> 0x08B5
[3103] [M]: 0x8001EB8C (0x08B56063) bltu a0, a1, 128


mem[X,0x8001EC0C] -> 0x0213
mem[X,0x8001EC0E] -> 0x0032
[3104] [M]: 0x8001EC0C (0x00320213) addi tp, tp, 3
x4 <- 0x00000003


mem[X,0x8001EC10] -> 0x006F
mem[X,0x8001EC12] -> 0x0040
[3105] [M]: 0x8001EC10 (0x0040006F) jal zero, 4


mem[X,0x8001EC14] -> 0xA623
mem[X,0x8001EC16] -> 0x4C40
[3106] [M]: 0x8001EC14 (0x4C40A623) sw tp, 1228(ra)
mem[0x8004C640] <- 0x00000003


mem[X,0x8001EC18] -> 0x0513
mem[X,0x8001EC1A] -> 0x0020
[3107] [M]: 0x8001EC18 (0x00200513) addi a0, zero, 2
x10 <- 0x00000002


mem[X,0x8001EC1C] -> 0x0593
mem[X,0x8001EC1E] -> 0x0000
[3108] [M]: 0x8001EC1C (0x00000593) addi a1, zero, 0
x11 <- 0x00000000


mem[X,0x8001EC20] -> 0x0213
mem[X,0x8001EC22] -> 0x0000
[3109] [M]: 0x8001EC20 (0x00000213) addi tp, zero, 0
x4 <- 0x00000000


mem[X,0x8001EC24] -> 0x006F
mem[X,0x8001EC26] -> 0x00C0
[3110] [M]: 0x8001EC24 (0x00C0006F) jal zero, 12


mem[X,0x8001EC30] -> 0x6663
mem[X,0x8001EC32] -> 0x00B5
[3111] [M]: 0x8001EC30 (0x00B56663) bltu a0, a1, 12


mem[X,0x8001EC34] -> 0x0213
mem[X,0x8001EC36] -> 0x0022
[3112] [M]: 0x8001EC34 (0x00220213) addi tp, tp, 2
x4 <- 0x00000002


mem[X,0x8001EC38] -> 0x006F
mem[X,0x8001EC3A] -> 0x00C0
[3113] [M]: 0x8001EC38 (0x00C0006F) jal zero, 12


mem[X,0x8001EC44] -> 0xA823
mem[X,0x8001EC46] -> 0x4C40
[3114] [M]: 0x8001EC44 (0x4C40A823) sw tp, 1232(ra)
mem[0x8004C644] <- 0x00000002


mem[X,0x8001EC48] -> 0x0513
mem[X,0x8001EC4A] -> 0x0020
[3115] [M]: 0x8001EC48 (0x00200513) addi a0, zero, 2
x10 <- 0x00000002


mem[X,0x8001EC4C] -> 0x05B7
mem[X,0x8001EC4E] -> 0x0001
[3116] [M]: 0x8001EC4C (0x000105B7) lui a1, 16
x11 <- 0x00010000


mem[X,0x8001EC50] -> 0x8593
mem[X,0x8001EC52] -> 0xFFF5
[3117] [M]: 0x8001EC50 (0xFFF58593) addi a1, a1, 4095
x11 <- 0x0000FFFF


mem[X,0x8001EC54] -> 0x0213
mem[X,0x8001EC56] -> 0x0000
[3118] [M]: 0x8001EC54 (0x00000213) addi tp, zero, 0
x4 <- 0x00000000


mem[X,0x8001EC58] -> 0x006F
mem[X,0x8001EC5A] -> 0x00C0
[3119] [M]: 0x8001EC58 (0x00C0006F) jal zero, 12


mem[X,0x8001EC64] -> 0x6CE3
mem[X,0x8001EC66] -> 0xFEB5
[3120] [M]: 0x8001EC64 (0xFEB56CE3) bltu a0, a1, 8184


mem[X,0x8001EC5C] -> 0x0213
mem[X,0x8001EC5E] -> 0x0012
[3121] [M]: 0x8001EC5C (0x00120213) addi tp, tp, 1
x4 <- 0x00000001


mem[X,0x8001EC60] -> 0x006F
mem[X,0x8001EC62] -> 0x0180
[3122] [M]: 0x8001EC60 (0x0180006F) jal zero, 24


mem[X,0x8001EC78] -> 0xAA23
mem[X,0x8001EC7A] -> 0x4C40
[3123] [M]: 0x8001EC78 (0x4C40AA23) sw tp, 1236(ra)
mem[0x8004C648] <- 0x00000001


mem[X,0x8001EC7C] -> 0x0513
mem[X,0x8001EC7E] -> 0x0020
[3124] [M]: 0x8001EC7C (0x00200513) addi a0, zero, 2
x10 <- 0x00000002


mem[X,0x8001EC80] -> 0x0593
mem[X,0x8001EC82] -> 0x0020
[3125] [M]: 0x8001EC80 (0x00200593) addi a1, zero, 2
x11 <- 0x00000002


mem[X,0x8001EC84] -> 0x0213
mem[X,0x8001EC86] -> 0x0000
[3126] [M]: 0x8001EC84 (0x00000213) addi tp, zero, 0
x4 <- 0x00000000


mem[X,0x8001EC88] -> 0x006F
mem[X,0x8001EC8A] -> 0x0180
[3127] [M]: 0x8001EC88 (0x0180006F) jal zero, 24


mem[X,0x8001ECA0] -> 0x66E3
mem[X,0x8001ECA2] -> 0xFEB5
[3128] [M]: 0x8001ECA0 (0xFEB566E3) bltu a0, a1, 8172


mem[X,0x8001ECA4] -> 0x0213
mem[X,0x8001ECA6] -> 0x0022
[3129] [M]: 0x8001ECA4 (0x00220213) addi tp, tp, 2
x4 <- 0x00000002


mem[X,0x8001ECA8] -> 0x006F
mem[X,0x8001ECAA] -> 0x00C0
[3130] [M]: 0x8001ECA8 (0x00C0006F) jal zero, 12


mem[X,0x8001ECB4] -> 0xAC23
mem[X,0x8001ECB6] -> 0x4C40
[3131] [M]: 0x8001ECB4 (0x4C40AC23) sw tp, 1240(ra)
mem[0x8004C64C] <- 0x00000002


mem[X,0x8001ECB8] -> 0x0513
mem[X,0x8001ECBA] -> 0x0020
[3132] [M]: 0x8001ECB8 (0x00200513) addi a0, zero, 2
x10 <- 0x00000002


mem[X,0x8001ECBC] -> 0x55B7
mem[X,0x8001ECBE] -> 0x5555
[3133] [M]: 0x8001ECBC (0x555555B7) lui a1, 349525
x11 <- 0x55555000


mem[X,0x8001ECC0] -> 0x8593
mem[X,0x8001ECC2] -> 0x5545
[3134] [M]: 0x8001ECC0 (0x55458593) addi a1, a1, 1364
x11 <- 0x55555554


mem[X,0x8001ECC4] -> 0x0213
mem[X,0x8001ECC6] -> 0x0000
[3135] [M]: 0x8001ECC4 (0x00000213) addi tp, zero, 0
x4 <- 0x00000000


mem[X,0x8001ECC8] -> 0x006F
mem[X,0x8001ECCA] -> 0x0100
[3136] [M]: 0x8001ECC8 (0x0100006F) jal zero, 16


mem[X,0x8001ECD8] -> 0x6AE3
mem[X,0x8001ECDA] -> 0xFEB5
[3137] [M]: 0x8001ECD8 (0xFEB56AE3) bltu a0, a1, 8180


mem[X,0x8001ECCC] -> 0x0213
mem[X,0x8001ECCE] -> 0x0012
[3138] [M]: 0x8001ECCC (0x00120213) addi tp, tp, 1
x4 <- 0x00000001


mem[X,0x8001ECD0] -> 0x006F
mem[X,0x8001ECD2] -> 0x01C0
[3139] [M]: 0x8001ECD0 (0x01C0006F) jal zero, 28


mem[X,0x8001ECEC] -> 0xAE23
mem[X,0x8001ECEE] -> 0x4C40
[3140] [M]: 0x8001ECEC (0x4C40AE23) sw tp, 1244(ra)
mem[0x8004C650] <- 0x00000001


mem[X,0x8001ECF0] -> 0x0513
mem[X,0x8001ECF2] -> 0x0020
[3141] [M]: 0x8001ECF0 (0x00200513) addi a0, zero, 2
x10 <- 0x00000002


mem[X,0x8001ECF4] -> 0xB5B7
mem[X,0x8001ECF6] -> 0xAAAA
[3142] [M]: 0x8001ECF4 (0xAAAAB5B7) lui a1, 699051
x11 <- 0xAAAAB000


mem[X,0x8001ECF8] -> 0x8593
mem[X,0x8001ECFA] -> 0xAA95
[3143] [M]: 0x8001ECF8 (0xAA958593) addi a1, a1, 2729
x11 <- 0xAAAAAAA9


mem[X,0x8001ECFC] -> 0x0213
mem[X,0x8001ECFE] -> 0x0000
[3144] [M]: 0x8001ECFC (0x00000213) addi tp, zero, 0
x4 <- 0x00000000


mem[X,0x8001ED00] -> 0x006F
mem[X,0x8001ED02] -> 0x00C0
[3145] [M]: 0x8001ED00 (0x00C0006F) jal zero, 12


mem[X,0x8001ED0C] -> 0x6CE3
mem[X,0x8001ED0E] -> 0xFEB5
[3146] [M]: 0x8001ED0C (0xFEB56CE3) bltu a0, a1, 8184


mem[X,0x8001ED04] -> 0x0213
mem[X,0x8001ED06] -> 0x0012
[3147] [M]: 0x8001ED04 (0x00120213) addi tp, tp, 1
x4 <- 0x00000001


mem[X,0x8001ED08] -> 0x006F
mem[X,0x8001ED0A] -> 0x0180
[3148] [M]: 0x8001ED08 (0x0180006F) jal zero, 24


mem[X,0x8001ED20] -> 0xA023
mem[X,0x8001ED22] -> 0x4E40
[3149] [M]: 0x8001ED20 (0x4E40A023) sw tp, 1248(ra)
mem[0x8004C654] <- 0x00000001


mem[X,0x8001ED24] -> 0x0513
mem[X,0x8001ED26] -> 0x0020
[3150] [M]: 0x8001ED24 (0x00200513) addi a0, zero, 2
x10 <- 0x00000002


mem[X,0x8001ED28] -> 0x0593
mem[X,0x8001ED2A] -> 0x0040
[3151] [M]: 0x8001ED28 (0x00400593) addi a1, zero, 4
x11 <- 0x00000004


mem[X,0x8001ED2C] -> 0x0213
mem[X,0x8001ED2E] -> 0x0000
[3152] [M]: 0x8001ED2C (0x00000213) addi tp, zero, 0
x4 <- 0x00000000


mem[X,0x8001ED30] -> 0x006F
mem[X,0x8001ED32] -> 0x00C0
[3153] [M]: 0x8001ED30 (0x00C0006F) jal zero, 12


mem[X,0x8001ED3C] -> 0x6063
mem[X,0x8001ED3E] -> 0x40B5
[3154] [M]: 0x8001ED3C (0x40B56063) bltu a0, a1, 1024


mem[X,0x8001F13C] -> 0x0213
mem[X,0x8001F13E] -> 0x0032
[3155] [M]: 0x8001F13C (0x00320213) addi tp, tp, 3
x4 <- 0x00000003


mem[X,0x8001F140] -> 0x006F
mem[X,0x8001F142] -> 0x0040
[3156] [M]: 0x8001F140 (0x0040006F) jal zero, 4


mem[X,0x8001F144] -> 0xA223
mem[X,0x8001F146] -> 0x4E40
[3157] [M]: 0x8001F144 (0x4E40A223) sw tp, 1252(ra)
mem[0x8004C658] <- 0x00000003


mem[X,0x8001F148] -> 0x0513
mem[X,0x8001F14A] -> 0x0020
[3158] [M]: 0x8001F148 (0x00200513) addi a0, zero, 2
x10 <- 0x00000002


mem[X,0x8001F14C] -> 0x35B7
mem[X,0x8001F14E] -> 0x3333
[3159] [M]: 0x8001F14C (0x333335B7) lui a1, 209715
x11 <- 0x33333000


mem[X,0x8001F150] -> 0x8593
mem[X,0x8001F152] -> 0x3325
[3160] [M]: 0x8001F150 (0x33258593) addi a1, a1, 818
x11 <- 0x33333332


mem[X,0x8001F154] -> 0x0213
mem[X,0x8001F156] -> 0x0000
[3161] [M]: 0x8001F154 (0x00000213) addi tp, zero, 0
x4 <- 0x00000000


mem[X,0x8001F158] -> 0x006F
mem[X,0x8001F15A] -> 0x00C0
[3162] [M]: 0x8001F158 (0x00C0006F) jal zero, 12


mem[X,0x8001F164] -> 0x6063
mem[X,0x8001F166] -> 0x40B5
[3163] [M]: 0x8001F164 (0x40B56063) bltu a0, a1, 1024


mem[X,0x8001F564] -> 0x0213
mem[X,0x8001F566] -> 0x0032
[3164] [M]: 0x8001F564 (0x00320213) addi tp, tp, 3
x4 <- 0x00000003


mem[X,0x8001F568] -> 0x006F
mem[X,0x8001F56A] -> 0x0040
[3165] [M]: 0x8001F568 (0x0040006F) jal zero, 4


mem[X,0x8001F56C] -> 0xA423
mem[X,0x8001F56E] -> 0x4E40
[3166] [M]: 0x8001F56C (0x4E40A423) sw tp, 1256(ra)
mem[0x8004C65C] <- 0x00000003


mem[X,0x8001F570] -> 0x0513
mem[X,0x8001F572] -> 0x0020
[3167] [M]: 0x8001F570 (0x00200513) addi a0, zero, 2
x10 <- 0x00000002


mem[X,0x8001F574] -> 0x65B7
mem[X,0x8001F576] -> 0x6666
[3168] [M]: 0x8001F574 (0x666665B7) lui a1, 419430
x11 <- 0x66666000


mem[X,0x8001F578] -> 0x8593
mem[X,0x8001F57A] -> 0x6655
[3169] [M]: 0x8001F578 (0x66558593) addi a1, a1, 1637
x11 <- 0x66666665


mem[X,0x8001F57C] -> 0x0213
mem[X,0x8001F57E] -> 0x0000
[3170] [M]: 0x8001F57C (0x00000213) addi tp, zero, 0
x4 <- 0x00000000


mem[X,0x8001F580] -> 0x006F
mem[X,0x8001F582] -> 0x00C0
[3171] [M]: 0x8001F580 (0x00C0006F) jal zero, 12


mem[X,0x8001F58C] -> 0x6063
mem[X,0x8001F58E] -> 0x40B5
[3172] [M]: 0x8001F58C (0x40B56063) bltu a0, a1, 1024


mem[X,0x8001F98C] -> 0x0213
mem[X,0x8001F98E] -> 0x0032
[3173] [M]: 0x8001F98C (0x00320213) addi tp, tp, 3
x4 <- 0x00000003


mem[X,0x8001F990] -> 0x006F
mem[X,0x8001F992] -> 0x0040
[3174] [M]: 0x8001F990 (0x0040006F) jal zero, 4


mem[X,0x8001F994] -> 0xA623
mem[X,0x8001F996] -> 0x4E40
[3175] [M]: 0x8001F994 (0x4E40A623) sw tp, 1260(ra)
mem[0x8004C660] <- 0x00000003


mem[X,0x8001F998] -> 0x0513
mem[X,0x8001F99A] -> 0x0020
[3176] [M]: 0x8001F998 (0x00200513) addi a0, zero, 2
x10 <- 0x00000002


mem[X,0x8001F99C] -> 0xB5B7
mem[X,0x8001F99E] -> 0x0000
[3177] [M]: 0x8001F99C (0x0000B5B7) lui a1, 11
x11 <- 0x0000B000


mem[X,0x8001F9A0] -> 0x8593
mem[X,0x8001F9A2] -> 0x5035
[3178] [M]: 0x8001F9A0 (0x50358593) addi a1, a1, 1283
x11 <- 0x0000B503


mem[X,0x8001F9A4] -> 0x0213
mem[X,0x8001F9A6] -> 0x0000
[3179] [M]: 0x8001F9A4 (0x00000213) addi tp, zero, 0
x4 <- 0x00000000


mem[X,0x8001F9A8] -> 0x006F
mem[X,0x8001F9AA] -> 0x00C0
[3180] [M]: 0x8001F9A8 (0x00C0006F) jal zero, 12


mem[X,0x8001F9B4] -> 0x6063
mem[X,0x8001F9B6] -> 0x04B5
[3181] [M]: 0x8001F9B4 (0x04B56063) bltu a0, a1, 64


mem[X,0x8001F9F4] -> 0x0213
mem[X,0x8001F9F6] -> 0x0032
[3182] [M]: 0x8001F9F4 (0x00320213) addi tp, tp, 3
x4 <- 0x00000003


mem[X,0x8001F9F8] -> 0x006F
mem[X,0x8001F9FA] -> 0x0040
[3183] [M]: 0x8001F9F8 (0x0040006F) jal zero, 4


mem[X,0x8001F9FC] -> 0xA823
mem[X,0x8001F9FE] -> 0x4E40
[3184] [M]: 0x8001F9FC (0x4E40A823) sw tp, 1264(ra)
mem[0x8004C664] <- 0x00000003


mem[X,0x8001FA00] -> 0x0513
mem[X,0x8001FA02] -> 0x0020
[3185] [M]: 0x8001FA00 (0x00200513) addi a0, zero, 2
x10 <- 0x00000002


mem[X,0x8001FA04] -> 0x05B7
mem[X,0x8001FA06] -> 0x0001
[3186] [M]: 0x8001FA04 (0x000105B7) lui a1, 16
x11 <- 0x00010000


mem[X,0x8001FA08] -> 0x8593
mem[X,0x8001FA0A] -> 0xFFE5
[3187] [M]: 0x8001FA08 (0xFFE58593) addi a1, a1, 4094
x11 <- 0x0000FFFE


mem[X,0x8001FA0C] -> 0x0213
mem[X,0x8001FA0E] -> 0x0000
[3188] [M]: 0x8001FA0C (0x00000213) addi tp, zero, 0
x4 <- 0x00000000


mem[X,0x8001FA10] -> 0x006F
mem[X,0x8001FA12] -> 0x0100
[3189] [M]: 0x8001FA10 (0x0100006F) jal zero, 16


mem[X,0x8001FA20] -> 0x6AE3
mem[X,0x8001FA22] -> 0xFEB5
[3190] [M]: 0x8001FA20 (0xFEB56AE3) bltu a0, a1, 8180


mem[X,0x8001FA14] -> 0x0213
mem[X,0x8001FA16] -> 0x0012
[3191] [M]: 0x8001FA14 (0x00120213) addi tp, tp, 1
x4 <- 0x00000001


mem[X,0x8001FA18] -> 0x006F
mem[X,0x8001FA1A] -> 0x01C0
[3192] [M]: 0x8001FA18 (0x01C0006F) jal zero, 28


mem[X,0x8001FA34] -> 0xAA23
mem[X,0x8001FA36] -> 0x4E40
[3193] [M]: 0x8001FA34 (0x4E40AA23) sw tp, 1268(ra)
mem[0x8004C668] <- 0x00000001


mem[X,0x8001FA38] -> 0x0513
mem[X,0x8001FA3A] -> 0x0020
[3194] [M]: 0x8001FA38 (0x00200513) addi a0, zero, 2
x10 <- 0x00000002


mem[X,0x8001FA3C] -> 0x55B7
mem[X,0x8001FA3E] -> 0x5555
[3195] [M]: 0x8001FA3C (0x555555B7) lui a1, 349525
x11 <- 0x55555000


mem[X,0x8001FA40] -> 0x8593
mem[X,0x8001FA42] -> 0x5565
[3196] [M]: 0x8001FA40 (0x55658593) addi a1, a1, 1366
x11 <- 0x55555556


mem[X,0x8001FA44] -> 0x0213
mem[X,0x8001FA46] -> 0x0000
[3197] [M]: 0x8001FA44 (0x00000213) addi tp, zero, 0
x4 <- 0x00000000


mem[X,0x8001FA48] -> 0x006F
mem[X,0x8001FA4A] -> 0x00C0
[3198] [M]: 0x8001FA48 (0x00C0006F) jal zero, 12


mem[X,0x8001FA54] -> 0x6063
mem[X,0x8001FA56] -> 0x40B5
[3199] [M]: 0x8001FA54 (0x40B56063) bltu a0, a1, 1024


clint::tick mtime <- 0x0000000000000020
 clint timer pending at mtime 0x0000000000000020
htif::tick 0x0000000000000000
mem[X,0x8001FE54] -> 0x0213
mem[X,0x8001FE56] -> 0x0032
[3200] [M]: 0x8001FE54 (0x00320213) addi tp, tp, 3
x4 <- 0x00000003


mem[X,0x8001FE58] -> 0x006F
mem[X,0x8001FE5A] -> 0x0040
[3201] [M]: 0x8001FE58 (0x0040006F) jal zero, 4


mem[X,0x8001FE5C] -> 0xAC23
mem[X,0x8001FE5E] -> 0x4E40
[3202] [M]: 0x8001FE5C (0x4E40AC23) sw tp, 1272(ra)
mem[0x8004C66C] <- 0x00000003


mem[X,0x8001FE60] -> 0x0513
mem[X,0x8001FE62] -> 0x0020
[3203] [M]: 0x8001FE60 (0x00200513) addi a0, zero, 2
x10 <- 0x00000002


mem[X,0x8001FE64] -> 0xB5B7
mem[X,0x8001FE66] -> 0xAAAA
[3204] [M]: 0x8001FE64 (0xAAAAB5B7) lui a1, 699051
x11 <- 0xAAAAB000


mem[X,0x8001FE68] -> 0x8593
mem[X,0x8001FE6A] -> 0xAAB5
[3205] [M]: 0x8001FE68 (0xAAB58593) addi a1, a1, 2731
x11 <- 0xAAAAAAAB


mem[X,0x8001FE6C] -> 0x0213
mem[X,0x8001FE6E] -> 0x0000
[3206] [M]: 0x8001FE6C (0x00000213) addi tp, zero, 0
x4 <- 0x00000000


mem[X,0x8001FE70] -> 0x006F
mem[X,0x8001FE72] -> 0x00C0
[3207] [M]: 0x8001FE70 (0x00C0006F) jal zero, 12


mem[X,0x8001FE7C] -> 0x6663
mem[X,0x8001FE7E] -> 0x00B5
[3208] [M]: 0x8001FE7C (0x00B56663) bltu a0, a1, 12


mem[X,0x8001FE88] -> 0x0213
mem[X,0x8001FE8A] -> 0x0032
[3209] [M]: 0x8001FE88 (0x00320213) addi tp, tp, 3
x4 <- 0x00000003


mem[X,0x8001FE8C] -> 0x006F
mem[X,0x8001FE8E] -> 0x0040
[3210] [M]: 0x8001FE8C (0x0040006F) jal zero, 4


mem[X,0x8001FE90] -> 0xAE23
mem[X,0x8001FE92] -> 0x4E40
[3211] [M]: 0x8001FE90 (0x4E40AE23) sw tp, 1276(ra)
mem[0x8004C670] <- 0x00000003


mem[X,0x8001FE94] -> 0x0513
mem[X,0x8001FE96] -> 0x0020
[3212] [M]: 0x8001FE94 (0x00200513) addi a0, zero, 2
x10 <- 0x00000002


mem[X,0x8001FE98] -> 0x0593
mem[X,0x8001FE9A] -> 0x0060
[3213] [M]: 0x8001FE98 (0x00600593) addi a1, zero, 6
x11 <- 0x00000006


mem[X,0x8001FE9C] -> 0x0213
mem[X,0x8001FE9E] -> 0x0000
[3214] [M]: 0x8001FE9C (0x00000213) addi tp, zero, 0
x4 <- 0x00000000


mem[X,0x8001FEA0] -> 0x006F
mem[X,0x8001FEA2] -> 0x00C0
[3215] [M]: 0x8001FEA0 (0x00C0006F) jal zero, 12


mem[X,0x8001FEAC] -> 0x6CE3
mem[X,0x8001FEAE] -> 0xFEB5
[3216] [M]: 0x8001FEAC (0xFEB56CE3) bltu a0, a1, 8184


mem[X,0x8001FEA4] -> 0x0213
mem[X,0x8001FEA6] -> 0x0012
[3217] [M]: 0x8001FEA4 (0x00120213) addi tp, tp, 1
x4 <- 0x00000001


mem[X,0x8001FEA8] -> 0x006F
mem[X,0x8001FEAA] -> 0x0180
[3218] [M]: 0x8001FEA8 (0x0180006F) jal zero, 24


mem[X,0x8001FEC0] -> 0xA023
mem[X,0x8001FEC2] -> 0x5040
[3219] [M]: 0x8001FEC0 (0x5040A023) sw tp, 1280(ra)
mem[0x8004C674] <- 0x00000001


mem[X,0x8001FEC4] -> 0x0513
mem[X,0x8001FEC6] -> 0x0020
[3220] [M]: 0x8001FEC4 (0x00200513) addi a0, zero, 2
x10 <- 0x00000002


mem[X,0x8001FEC8] -> 0x35B7
mem[X,0x8001FECA] -> 0x3333
[3221] [M]: 0x8001FEC8 (0x333335B7) lui a1, 209715
x11 <- 0x33333000


mem[X,0x8001FECC] -> 0x8593
mem[X,0x8001FECE] -> 0x3345
[3222] [M]: 0x8001FECC (0x33458593) addi a1, a1, 820
x11 <- 0x33333334


mem[X,0x8001FED0] -> 0x0213
mem[X,0x8001FED2] -> 0x0000
[3223] [M]: 0x8001FED0 (0x00000213) addi tp, zero, 0
x4 <- 0x00000000


mem[X,0x8001FED4] -> 0x006F
mem[X,0x8001FED6] -> 0x00C0
[3224] [M]: 0x8001FED4 (0x00C0006F) jal zero, 12


mem[X,0x8001FEE0] -> 0x6063
mem[X,0x8001FEE2] -> 0x20B5
[3225] [M]: 0x8001FEE0 (0x20B56063) bltu a0, a1, 512


mem[X,0x800200E0] -> 0x0213
mem[X,0x800200E2] -> 0x0032
[3226] [M]: 0x800200E0 (0x00320213) addi tp, tp, 3
x4 <- 0x00000003


mem[X,0x800200E4] -> 0x006F
mem[X,0x800200E6] -> 0x0040
[3227] [M]: 0x800200E4 (0x0040006F) jal zero, 4


mem[X,0x800200E8] -> 0xA223
mem[X,0x800200EA] -> 0x5040
[3228] [M]: 0x800200E8 (0x5040A223) sw tp, 1284(ra)
mem[0x8004C678] <- 0x00000003


mem[X,0x800200EC] -> 0x0513
mem[X,0x800200EE] -> 0x0020
[3229] [M]: 0x800200EC (0x00200513) addi a0, zero, 2
x10 <- 0x00000002


mem[X,0x800200F0] -> 0x65B7
mem[X,0x800200F2] -> 0x6666
[3230] [M]: 0x800200F0 (0x666665B7) lui a1, 419430
x11 <- 0x66666000


mem[X,0x800200F4] -> 0x8593
mem[X,0x800200F6] -> 0x6675
[3231] [M]: 0x800200F4 (0x66758593) addi a1, a1, 1639
x11 <- 0x66666667


mem[X,0x800200F8] -> 0x0213
mem[X,0x800200FA] -> 0x0000
[3232] [M]: 0x800200F8 (0x00000213) addi tp, zero, 0
x4 <- 0x00000000


mem[X,0x800200FC] -> 0x006F
mem[X,0x800200FE] -> 0x00C0
[3233] [M]: 0x800200FC (0x00C0006F) jal zero, 12


mem[X,0x80020108] -> 0x6CE3
mem[X,0x8002010A] -> 0xFEB5
[3234] [M]: 0x80020108 (0xFEB56CE3) bltu a0, a1, 8184


mem[X,0x80020100] -> 0x0213
mem[X,0x80020102] -> 0x0012
[3235] [M]: 0x80020100 (0x00120213) addi tp, tp, 1
x4 <- 0x00000001


mem[X,0x80020104] -> 0x006F
mem[X,0x80020106] -> 0x0180
[3236] [M]: 0x80020104 (0x0180006F) jal zero, 24


mem[X,0x8002011C] -> 0xA423
mem[X,0x8002011E] -> 0x5040
[3237] [M]: 0x8002011C (0x5040A423) sw tp, 1288(ra)
mem[0x8004C67C] <- 0x00000001


mem[X,0x80020120] -> 0x0513
mem[X,0x80020122] -> 0x0020
[3238] [M]: 0x80020120 (0x00200513) addi a0, zero, 2
x10 <- 0x00000002


mem[X,0x80020124] -> 0xB5B7
mem[X,0x80020126] -> 0x0000
[3239] [M]: 0x80020124 (0x0000B5B7) lui a1, 11
x11 <- 0x0000B000


mem[X,0x80020128] -> 0x8593
mem[X,0x8002012A] -> 0x5055
[3240] [M]: 0x80020128 (0x50558593) addi a1, a1, 1285
x11 <- 0x0000B505


mem[X,0x8002012C] -> 0x0213
mem[X,0x8002012E] -> 0x0000
[3241] [M]: 0x8002012C (0x00000213) addi tp, zero, 0
x4 <- 0x00000000


mem[X,0x80020130] -> 0x006F
mem[X,0x80020132] -> 0x0180
[3242] [M]: 0x80020130 (0x0180006F) jal zero, 24


mem[X,0x80020148] -> 0x66E3
mem[X,0x8002014A] -> 0xFEB5
[3243] [M]: 0x80020148 (0xFEB566E3) bltu a0, a1, 8172


mem[X,0x80020134] -> 0x0213
mem[X,0x80020136] -> 0x0012
[3244] [M]: 0x80020134 (0x00120213) addi tp, tp, 1
x4 <- 0x00000001


mem[X,0x80020138] -> 0x006F
mem[X,0x8002013A] -> 0x0240
[3245] [M]: 0x80020138 (0x0240006F) jal zero, 36


mem[X,0x8002015C] -> 0xA623
mem[X,0x8002015E] -> 0x5040
[3246] [M]: 0x8002015C (0x5040A623) sw tp, 1292(ra)
mem[0x8004C680] <- 0x00000001


mem[X,0x80020160] -> 0x0513
mem[X,0x80020162] -> 0x0020
[3247] [M]: 0x80020160 (0x00200513) addi a0, zero, 2
x10 <- 0x00000002


mem[X,0x80020164] -> 0x0593
mem[X,0x80020166] -> 0x0010
[3248] [M]: 0x80020164 (0x00100593) addi a1, zero, 1
x11 <- 0x00000001


mem[X,0x80020168] -> 0x0213
mem[X,0x8002016A] -> 0x0000
[3249] [M]: 0x80020168 (0x00000213) addi tp, zero, 0
x4 <- 0x00000000


mem[X,0x8002016C] -> 0x006F
mem[X,0x8002016E] -> 0x0140
[3250] [M]: 0x8002016C (0x0140006F) jal zero, 20


mem[X,0x80020180] -> 0x68E3
mem[X,0x80020182] -> 0xFEB5
[3251] [M]: 0x80020180 (0xFEB568E3) bltu a0, a1, 8176


mem[X,0x80020184] -> 0x0213
mem[X,0x80020186] -> 0x0022
[3252] [M]: 0x80020184 (0x00220213) addi tp, tp, 2
x4 <- 0x00000002


mem[X,0x80020188] -> 0x006F
mem[X,0x8002018A] -> 0x00C0
[3253] [M]: 0x80020188 (0x00C0006F) jal zero, 12


mem[X,0x80020194] -> 0xA823
mem[X,0x80020196] -> 0x5040
[3254] [M]: 0x80020194 (0x5040A823) sw tp, 1296(ra)
mem[0x8004C684] <- 0x00000002


mem[X,0x80020198] -> 0x0513
mem[X,0x8002019A] -> 0x0020
[3255] [M]: 0x80020198 (0x00200513) addi a0, zero, 2
x10 <- 0x00000002


mem[X,0x8002019C] -> 0x05B7
mem[X,0x8002019E] -> 0x0001
[3256] [M]: 0x8002019C (0x000105B7) lui a1, 16
x11 <- 0x00010000


mem[X,0x800201A0] -> 0x0213
mem[X,0x800201A2] -> 0x0000
[3257] [M]: 0x800201A0 (0x00000213) addi tp, zero, 0
x4 <- 0x00000000


mem[X,0x800201A4] -> 0x006F
mem[X,0x800201A6] -> 0x0180
[3258] [M]: 0x800201A4 (0x0180006F) jal zero, 24


mem[X,0x800201BC] -> 0x66E3
mem[X,0x800201BE] -> 0xFEB5
[3259] [M]: 0x800201BC (0xFEB566E3) bltu a0, a1, 8172


mem[X,0x800201A8] -> 0x0213
mem[X,0x800201AA] -> 0x0012
[3260] [M]: 0x800201A8 (0x00120213) addi tp, tp, 1
x4 <- 0x00000001


mem[X,0x800201AC] -> 0x006F
mem[X,0x800201AE] -> 0x0240
[3261] [M]: 0x800201AC (0x0240006F) jal zero, 36


mem[X,0x800201D0] -> 0xAA23
mem[X,0x800201D2] -> 0x5040
[3262] [M]: 0x800201D0 (0x5040AA23) sw tp, 1300(ra)
mem[0x8004C688] <- 0x00000001


mem[X,0x800201D4] -> 0x5537
mem[X,0x800201D6] -> 0x5555
[3263] [M]: 0x800201D4 (0x55555537) lui a0, 349525
x10 <- 0x55555000


mem[X,0x800201D8] -> 0x0513
mem[X,0x800201DA] -> 0x5545
[3264] [M]: 0x800201D8 (0x55450513) addi a0, a0, 1364
x10 <- 0x55555554


mem[X,0x800201DC] -> 0x0593
mem[X,0x800201DE] -> 0x0030
[3265] [M]: 0x800201DC (0x00300593) addi a1, zero, 3
x11 <- 0x00000003


mem[X,0x800201E0] -> 0x0213
mem[X,0x800201E2] -> 0x0000
[3266] [M]: 0x800201E0 (0x00000213) addi tp, zero, 0
x4 <- 0x00000000


mem[X,0x800201E4] -> 0x006F
mem[X,0x800201E6] -> 0x2B10
[3267] [M]: 0x800201E4 (0x2B10006F) jal zero, 2736


mem[X,0x80020C94] -> 0x6A63
mem[X,0x80020C96] -> 0xD4B5
[3268] [M]: 0x80020C94 (0xD4B56A63) bltu a0, a1, 5460


mem[X,0x80020C98] -> 0x0213
mem[X,0x80020C9A] -> 0x0022
[3269] [M]: 0x80020C98 (0x00220213) addi tp, tp, 2
x4 <- 0x00000002


mem[X,0x80020C9C] -> 0x006F
mem[X,0x80020C9E] -> 0x00C0
[3270] [M]: 0x80020C9C (0x00C0006F) jal zero, 12


mem[X,0x80020CA8] -> 0xAC23
mem[X,0x80020CAA] -> 0x5040
[3271] [M]: 0x80020CA8 (0x5040AC23) sw tp, 1304(ra)
mem[0x8004C68C] <- 0x00000002


mem[X,0x80020CAC] -> 0x5537
mem[X,0x80020CAE] -> 0x5555
[3272] [M]: 0x80020CAC (0x55555537) lui a0, 349525
x10 <- 0x55555000


mem[X,0x80020CB0] -> 0x0513
mem[X,0x80020CB2] -> 0x5545
[3273] [M]: 0x80020CB0 (0x55450513) addi a0, a0, 1364
x10 <- 0x55555554


mem[X,0x80020CB4] -> 0x55B7
mem[X,0x80020CB6] -> 0x5555
[3274] [M]: 0x80020CB4 (0x555555B7) lui a1, 349525
x11 <- 0x55555000


mem[X,0x80020CB8] -> 0x8593
mem[X,0x80020CBA] -> 0x5555
[3275] [M]: 0x80020CB8 (0x55558593) addi a1, a1, 1365
x11 <- 0x55555555


mem[X,0x80020CBC] -> 0x0213
mem[X,0x80020CBE] -> 0x0000
[3276] [M]: 0x80020CBC (0x00000213) addi tp, zero, 0
x4 <- 0x00000000


mem[X,0x80020CC0] -> 0x006F
mem[X,0x80020CC2] -> 0x2B10
[3277] [M]: 0x80020CC0 (0x2B10006F) jal zero, 2736


mem[X,0x80021770] -> 0x6A63
mem[X,0x80021772] -> 0xD4B5
[3278] [M]: 0x80021770 (0xD4B56A63) bltu a0, a1, 5460


mem[X,0x80020CC4] -> 0x0213
mem[X,0x80020CC6] -> 0x0012
[3279] [M]: 0x80020CC4 (0x00120213) addi tp, tp, 1
x4 <- 0x00000001


mem[X,0x80020CC8] -> 0x006F
mem[X,0x80020CCA] -> 0x2BD0
[3280] [M]: 0x80020CC8 (0x2BD0006F) jal zero, 2748


mem[X,0x80021784] -> 0xAE23
mem[X,0x80021786] -> 0x5040
[3281] [M]: 0x80021784 (0x5040AE23) sw tp, 1308(ra)
mem[0x8004C690] <- 0x00000001


mem[X,0x80021788] -> 0x5537
mem[X,0x8002178A] -> 0x5555
[3282] [M]: 0x80021788 (0x55555537) lui a0, 349525
x10 <- 0x55555000


mem[X,0x8002178C] -> 0x0513
mem[X,0x8002178E] -> 0x5545
[3283] [M]: 0x8002178C (0x55450513) addi a0, a0, 1364
x10 <- 0x55555554


mem[X,0x80021790] -> 0xB5B7
mem[X,0x80021792] -> 0xAAAA
[3284] [M]: 0x80021790 (0xAAAAB5B7) lui a1, 699051
x11 <- 0xAAAAB000


mem[X,0x80021794] -> 0x8593
mem[X,0x80021796] -> 0xAAA5
[3285] [M]: 0x80021794 (0xAAA58593) addi a1, a1, 2730
x11 <- 0xAAAAAAAA


mem[X,0x80021798] -> 0x0213
mem[X,0x8002179A] -> 0x0000
[3286] [M]: 0x80021798 (0x00000213) addi tp, zero, 0
x4 <- 0x00000000


mem[X,0x8002179C] -> 0x006F
mem[X,0x8002179E] -> 0x0180
[3287] [M]: 0x8002179C (0x0180006F) jal zero, 24


mem[X,0x800217B4] -> 0x66E3
mem[X,0x800217B6] -> 0xFEB5
[3288] [M]: 0x800217B4 (0xFEB566E3) bltu a0, a1, 8172


mem[X,0x800217A0] -> 0x0213
mem[X,0x800217A2] -> 0x0012
[3289] [M]: 0x800217A0 (0x00120213) addi tp, tp, 1
x4 <- 0x00000001


mem[X,0x800217A4] -> 0x006F
mem[X,0x800217A6] -> 0x0240
[3290] [M]: 0x800217A4 (0x0240006F) jal zero, 36


mem[X,0x800217C8] -> 0xA023
mem[X,0x800217CA] -> 0x5240
[3291] [M]: 0x800217C8 (0x5240A023) sw tp, 1312(ra)
mem[0x8004C694] <- 0x00000001


mem[X,0x800217CC] -> 0x5537
mem[X,0x800217CE] -> 0x5555
[3292] [M]: 0x800217CC (0x55555537) lui a0, 349525
x10 <- 0x55555000


mem[X,0x800217D0] -> 0x0513
mem[X,0x800217D2] -> 0x5545
[3293] [M]: 0x800217D0 (0x55450513) addi a0, a0, 1364
x10 <- 0x55555554


mem[X,0x800217D4] -> 0x0593
mem[X,0x800217D6] -> 0x0050
[3294] [M]: 0x800217D4 (0x00500593) addi a1, zero, 5
x11 <- 0x00000005


mem[X,0x800217D8] -> 0x0213
mem[X,0x800217DA] -> 0x0000
[3295] [M]: 0x800217D8 (0x00000213) addi tp, zero, 0
x4 <- 0x00000000


mem[X,0x800217DC] -> 0x006F
mem[X,0x800217DE] -> 0x0180
[3296] [M]: 0x800217DC (0x0180006F) jal zero, 24


mem[X,0x800217F4] -> 0x66E3
mem[X,0x800217F6] -> 0xFEB5
[3297] [M]: 0x800217F4 (0xFEB566E3) bltu a0, a1, 8172


mem[X,0x800217F8] -> 0x0213
mem[X,0x800217FA] -> 0x0022
[3298] [M]: 0x800217F8 (0x00220213) addi tp, tp, 2
x4 <- 0x00000002


mem[X,0x800217FC] -> 0x006F
mem[X,0x800217FE] -> 0x00C0
[3299] [M]: 0x800217FC (0x00C0006F) jal zero, 12


clint::tick mtime <- 0x0000000000000021
 clint timer pending at mtime 0x0000000000000021
htif::tick 0x0000000000000000
mem[X,0x80021808] -> 0xA223
mem[X,0x8002180A] -> 0x5240
[3300] [M]: 0x80021808 (0x5240A223) sw tp, 1316(ra)
mem[0x8004C698] <- 0x00000002


mem[X,0x8002180C] -> 0x5537
mem[X,0x8002180E] -> 0x5555
[3301] [M]: 0x8002180C (0x55555537) lui a0, 349525
x10 <- 0x55555000


mem[X,0x80021810] -> 0x0513
mem[X,0x80021812] -> 0x5545
[3302] [M]: 0x80021810 (0x55450513) addi a0, a0, 1364
x10 <- 0x55555554


mem[X,0x80021814] -> 0x35B7
mem[X,0x80021816] -> 0x3333
[3303] [M]: 0x80021814 (0x333335B7) lui a1, 209715
x11 <- 0x33333000


mem[X,0x80021818] -> 0x8593
mem[X,0x8002181A] -> 0x3335
[3304] [M]: 0x80021818 (0x33358593) addi a1, a1, 819
x11 <- 0x33333333


mem[X,0x8002181C] -> 0x0213
mem[X,0x8002181E] -> 0x0000
[3305] [M]: 0x8002181C (0x00000213) addi tp, zero, 0
x4 <- 0x00000000


mem[X,0x80021820] -> 0x006F
mem[X,0x80021822] -> 0x00C0
[3306] [M]: 0x80021820 (0x00C0006F) jal zero, 12


mem[X,0x8002182C] -> 0x6CE3
mem[X,0x8002182E] -> 0xFEB5
[3307] [M]: 0x8002182C (0xFEB56CE3) bltu a0, a1, 8184


mem[X,0x80021830] -> 0x0213
mem[X,0x80021832] -> 0x0022
[3308] [M]: 0x80021830 (0x00220213) addi tp, tp, 2
x4 <- 0x00000002


mem[X,0x80021834] -> 0x006F
mem[X,0x80021836] -> 0x00C0
[3309] [M]: 0x80021834 (0x00C0006F) jal zero, 12


mem[X,0x80021840] -> 0xA423
mem[X,0x80021842] -> 0x5240
[3310] [M]: 0x80021840 (0x5240A423) sw tp, 1320(ra)
mem[0x8004C69C] <- 0x00000002


mem[X,0x80021844] -> 0x5537
mem[X,0x80021846] -> 0x5555
[3311] [M]: 0x80021844 (0x55555537) lui a0, 349525
x10 <- 0x55555000


mem[X,0x80021848] -> 0x0513
mem[X,0x8002184A] -> 0x5545
[3312] [M]: 0x80021848 (0x55450513) addi a0, a0, 1364
x10 <- 0x55555554


mem[X,0x8002184C] -> 0x65B7
mem[X,0x8002184E] -> 0x6666
[3313] [M]: 0x8002184C (0x666665B7) lui a1, 419430
x11 <- 0x66666000


mem[X,0x80021850] -> 0x8593
mem[X,0x80021852] -> 0x6665
[3314] [M]: 0x80021850 (0x66658593) addi a1, a1, 1638
x11 <- 0x66666666


mem[X,0x80021854] -> 0x0213
mem[X,0x80021856] -> 0x0000
[3315] [M]: 0x80021854 (0x00000213) addi tp, zero, 0
x4 <- 0x00000000


mem[X,0x80021858] -> 0x006F
mem[X,0x8002185A] -> 0x00C0
[3316] [M]: 0x80021858 (0x00C0006F) jal zero, 12


mem[X,0x80021864] -> 0x6663
mem[X,0x80021866] -> 0x00B5
[3317] [M]: 0x80021864 (0x00B56663) bltu a0, a1, 12


mem[X,0x80021870] -> 0x0213
mem[X,0x80021872] -> 0x0032
[3318] [M]: 0x80021870 (0x00320213) addi tp, tp, 3
x4 <- 0x00000003


mem[X,0x80021874] -> 0x006F
mem[X,0x80021876] -> 0x0040
[3319] [M]: 0x80021874 (0x0040006F) jal zero, 4


mem[X,0x80021878] -> 0xA623
mem[X,0x8002187A] -> 0x5240
[3320] [M]: 0x80021878 (0x5240A623) sw tp, 1324(ra)
mem[0x8004C6A0] <- 0x00000003


mem[X,0x8002187C] -> 0x5537
mem[X,0x8002187E] -> 0x5555
[3321] [M]: 0x8002187C (0x55555537) lui a0, 349525
x10 <- 0x55555000


mem[X,0x80021880] -> 0x0513
mem[X,0x80021882] -> 0x5545
[3322] [M]: 0x80021880 (0x55450513) addi a0, a0, 1364
x10 <- 0x55555554


mem[X,0x80021884] -> 0xB5B7
mem[X,0x80021886] -> 0x0000
[3323] [M]: 0x80021884 (0x0000B5B7) lui a1, 11
x11 <- 0x0000B000


mem[X,0x80021888] -> 0x8593
mem[X,0x8002188A] -> 0x5045
[3324] [M]: 0x80021888 (0x50458593) addi a1, a1, 1284
x11 <- 0x0000B504


mem[X,0x8002188C] -> 0x0213
mem[X,0x8002188E] -> 0x0000
[3325] [M]: 0x8002188C (0x00000213) addi tp, zero, 0
x4 <- 0x00000000


mem[X,0x80021890] -> 0x006F
mem[X,0x80021892] -> 0x0180
[3326] [M]: 0x80021890 (0x0180006F) jal zero, 24


mem[X,0x800218A8] -> 0x66E3
mem[X,0x800218AA] -> 0xFEB5
[3327] [M]: 0x800218A8 (0xFEB566E3) bltu a0, a1, 8172


mem[X,0x800218AC] -> 0x0213
mem[X,0x800218AE] -> 0x0022
[3328] [M]: 0x800218AC (0x00220213) addi tp, tp, 2
x4 <- 0x00000002


mem[X,0x800218B0] -> 0x006F
mem[X,0x800218B2] -> 0x00C0
[3329] [M]: 0x800218B0 (0x00C0006F) jal zero, 12


mem[X,0x800218BC] -> 0xA823
mem[X,0x800218BE] -> 0x5240
[3330] [M]: 0x800218BC (0x5240A823) sw tp, 1328(ra)
mem[0x8004C6A4] <- 0x00000002


mem[X,0x800218C0] -> 0x5537
mem[X,0x800218C2] -> 0x5555
[3331] [M]: 0x800218C0 (0x55555537) lui a0, 349525
x10 <- 0x55555000


mem[X,0x800218C4] -> 0x0513
mem[X,0x800218C6] -> 0x5545
[3332] [M]: 0x800218C4 (0x55450513) addi a0, a0, 1364
x10 <- 0x55555554


mem[X,0x800218C8] -> 0x0593
mem[X,0x800218CA] -> 0x0000
[3333] [M]: 0x800218C8 (0x00000593) addi a1, zero, 0
x11 <- 0x00000000


mem[X,0x800218CC] -> 0x0213
mem[X,0x800218CE] -> 0x0000
[3334] [M]: 0x800218CC (0x00000213) addi tp, zero, 0
x4 <- 0x00000000


mem[X,0x800218D0] -> 0x006F
mem[X,0x800218D2] -> 0x00C0
[3335] [M]: 0x800218D0 (0x00C0006F) jal zero, 12


mem[X,0x800218DC] -> 0x6863
mem[X,0x800218DE] -> 0x00B5
[3336] [M]: 0x800218DC (0x00B56863) bltu a0, a1, 16


mem[X,0x800218E0] -> 0x0213
mem[X,0x800218E2] -> 0x0022
[3337] [M]: 0x800218E0 (0x00220213) addi tp, tp, 2
x4 <- 0x00000002


mem[X,0x800218E4] -> 0x006F
mem[X,0x800218E6] -> 0x0100
[3338] [M]: 0x800218E4 (0x0100006F) jal zero, 16


mem[X,0x800218F4] -> 0xAA23
mem[X,0x800218F6] -> 0x5240
[3339] [M]: 0x800218F4 (0x5240AA23) sw tp, 1332(ra)
mem[0x8004C6A8] <- 0x00000002


mem[X,0x800218F8] -> 0x5537
mem[X,0x800218FA] -> 0x5555
[3340] [M]: 0x800218F8 (0x55555537) lui a0, 349525
x10 <- 0x55555000


mem[X,0x800218FC] -> 0x0513
mem[X,0x800218FE] -> 0x5545
[3341] [M]: 0x800218FC (0x55450513) addi a0, a0, 1364
x10 <- 0x55555554


mem[X,0x80021900] -> 0x05B7
mem[X,0x80021902] -> 0x0001
[3342] [M]: 0x80021900 (0x000105B7) lui a1, 16
x11 <- 0x00010000


mem[X,0x80021904] -> 0x8593
mem[X,0x80021906] -> 0xFFF5
[3343] [M]: 0x80021904 (0xFFF58593) addi a1, a1, 4095
x11 <- 0x0000FFFF


mem[X,0x80021908] -> 0x0213
mem[X,0x8002190A] -> 0x0000
[3344] [M]: 0x80021908 (0x00000213) addi tp, zero, 0
x4 <- 0x00000000


mem[X,0x8002190C] -> 0x006F
mem[X,0x8002190E] -> 0x0140
[3345] [M]: 0x8002190C (0x0140006F) jal zero, 20


mem[X,0x80021920] -> 0x68E3
mem[X,0x80021922] -> 0xFEB5
[3346] [M]: 0x80021920 (0xFEB568E3) bltu a0, a1, 8176


mem[X,0x80021924] -> 0x0213
mem[X,0x80021926] -> 0x0022
[3347] [M]: 0x80021924 (0x00220213) addi tp, tp, 2
x4 <- 0x00000002


mem[X,0x80021928] -> 0x006F
mem[X,0x8002192A] -> 0x00C0
[3348] [M]: 0x80021928 (0x00C0006F) jal zero, 12


mem[X,0x80021934] -> 0xAC23
mem[X,0x80021936] -> 0x5240
[3349] [M]: 0x80021934 (0x5240AC23) sw tp, 1336(ra)
mem[0x8004C6AC] <- 0x00000002


mem[X,0x80021938] -> 0x5537
mem[X,0x8002193A] -> 0x5555
[3350] [M]: 0x80021938 (0x55555537) lui a0, 349525
x10 <- 0x55555000


mem[X,0x8002193C] -> 0x0513
mem[X,0x8002193E] -> 0x5545
[3351] [M]: 0x8002193C (0x55450513) addi a0, a0, 1364
x10 <- 0x55555554


mem[X,0x80021940] -> 0x0593
mem[X,0x80021942] -> 0x0020
[3352] [M]: 0x80021940 (0x00200593) addi a1, zero, 2
x11 <- 0x00000002


mem[X,0x80021944] -> 0x0213
mem[X,0x80021946] -> 0x0000
[3353] [M]: 0x80021944 (0x00000213) addi tp, zero, 0
x4 <- 0x00000000


mem[X,0x80021948] -> 0x006F
mem[X,0x8002194A] -> 0x00C0
[3354] [M]: 0x80021948 (0x00C0006F) jal zero, 12


mem[X,0x80021954] -> 0x6CE3
mem[X,0x80021956] -> 0xFEB5
[3355] [M]: 0x80021954 (0xFEB56CE3) bltu a0, a1, 8184


mem[X,0x80021958] -> 0x0213
mem[X,0x8002195A] -> 0x0022
[3356] [M]: 0x80021958 (0x00220213) addi tp, tp, 2
x4 <- 0x00000002


mem[X,0x8002195C] -> 0x006F
mem[X,0x8002195E] -> 0x00C0
[3357] [M]: 0x8002195C (0x00C0006F) jal zero, 12


mem[X,0x80021968] -> 0xAE23
mem[X,0x8002196A] -> 0x5240
[3358] [M]: 0x80021968 (0x5240AE23) sw tp, 1340(ra)
mem[0x8004C6B0] <- 0x00000002


mem[X,0x8002196C] -> 0x5537
mem[X,0x8002196E] -> 0x5555
[3359] [M]: 0x8002196C (0x55555537) lui a0, 349525
x10 <- 0x55555000


mem[X,0x80021970] -> 0x0513
mem[X,0x80021972] -> 0x5545
[3360] [M]: 0x80021970 (0x55450513) addi a0, a0, 1364
x10 <- 0x55555554


mem[X,0x80021974] -> 0x55B7
mem[X,0x80021976] -> 0x5555
[3361] [M]: 0x80021974 (0x555555B7) lui a1, 349525
x11 <- 0x55555000


mem[X,0x80021978] -> 0x8593
mem[X,0x8002197A] -> 0x5545
[3362] [M]: 0x80021978 (0x55458593) addi a1, a1, 1364
x11 <- 0x55555554


mem[X,0x8002197C] -> 0x0213
mem[X,0x8002197E] -> 0x0000
[3363] [M]: 0x8002197C (0x00000213) addi tp, zero, 0
x4 <- 0x00000000


mem[X,0x80021980] -> 0x006F
mem[X,0x80021982] -> 0x00C0
[3364] [M]: 0x80021980 (0x00C0006F) jal zero, 12


mem[X,0x8002198C] -> 0x6663
mem[X,0x8002198E] -> 0x00B5
[3365] [M]: 0x8002198C (0x00B56663) bltu a0, a1, 12


mem[X,0x80021990] -> 0x0213
mem[X,0x80021992] -> 0x0022
[3366] [M]: 0x80021990 (0x00220213) addi tp, tp, 2
x4 <- 0x00000002


mem[X,0x80021994] -> 0x006F
mem[X,0x80021996] -> 0x00C0
[3367] [M]: 0x80021994 (0x00C0006F) jal zero, 12


mem[X,0x800219A0] -> 0xA023
mem[X,0x800219A2] -> 0x5440
[3368] [M]: 0x800219A0 (0x5440A023) sw tp, 1344(ra)
mem[0x8004C6B4] <- 0x00000002


mem[X,0x800219A4] -> 0x5537
mem[X,0x800219A6] -> 0x5555
[3369] [M]: 0x800219A4 (0x55555537) lui a0, 349525
x10 <- 0x55555000


mem[X,0x800219A8] -> 0x0513
mem[X,0x800219AA] -> 0x5545
[3370] [M]: 0x800219A8 (0x55450513) addi a0, a0, 1364
x10 <- 0x55555554


mem[X,0x800219AC] -> 0xB5B7
mem[X,0x800219AE] -> 0xAAAA
[3371] [M]: 0x800219AC (0xAAAAB5B7) lui a1, 699051
x11 <- 0xAAAAB000


mem[X,0x800219B0] -> 0x8593
mem[X,0x800219B2] -> 0xAA95
[3372] [M]: 0x800219B0 (0xAA958593) addi a1, a1, 2729
x11 <- 0xAAAAAAA9


mem[X,0x800219B4] -> 0x0213
mem[X,0x800219B6] -> 0x0000
[3373] [M]: 0x800219B4 (0x00000213) addi tp, zero, 0
x4 <- 0x00000000


mem[X,0x800219B8] -> 0x006F
mem[X,0x800219BA] -> 0x00C0
[3374] [M]: 0x800219B8 (0x00C0006F) jal zero, 12


mem[X,0x800219C4] -> 0x6063
mem[X,0x800219C6] -> 0x08B5
[3375] [M]: 0x800219C4 (0x08B56063) bltu a0, a1, 128


mem[X,0x80021A44] -> 0x0213
mem[X,0x80021A46] -> 0x0032
[3376] [M]: 0x80021A44 (0x00320213) addi tp, tp, 3
x4 <- 0x00000003


mem[X,0x80021A48] -> 0x006F
mem[X,0x80021A4A] -> 0x0040
[3377] [M]: 0x80021A48 (0x0040006F) jal zero, 4


mem[X,0x80021A4C] -> 0xA223
mem[X,0x80021A4E] -> 0x5440
[3378] [M]: 0x80021A4C (0x5440A223) sw tp, 1348(ra)
mem[0x8004C6B8] <- 0x00000003


mem[X,0x80021A50] -> 0x5537
mem[X,0x80021A52] -> 0x5555
[3379] [M]: 0x80021A50 (0x55555537) lui a0, 349525
x10 <- 0x55555000


mem[X,0x80021A54] -> 0x0513
mem[X,0x80021A56] -> 0x5545
[3380] [M]: 0x80021A54 (0x55450513) addi a0, a0, 1364
x10 <- 0x55555554


mem[X,0x80021A58] -> 0x0593
mem[X,0x80021A5A] -> 0x0040
[3381] [M]: 0x80021A58 (0x00400593) addi a1, zero, 4
x11 <- 0x00000004


mem[X,0x80021A5C] -> 0x0213
mem[X,0x80021A5E] -> 0x0000
[3382] [M]: 0x80021A5C (0x00000213) addi tp, zero, 0
x4 <- 0x00000000


mem[X,0x80021A60] -> 0x006F
mem[X,0x80021A62] -> 0x0050
[3383] [M]: 0x80021A60 (0x0050006F) jal zero, 2052


mem[X,0x80022264] -> 0x60E3
mem[X,0x80022266] -> 0x80B5
[3384] [M]: 0x80022264 (0x80B560E3) bltu a0, a1, 6144


mem[X,0x80022268] -> 0x0213
mem[X,0x8002226A] -> 0x0022
[3385] [M]: 0x80022268 (0x00220213) addi tp, tp, 2
x4 <- 0x00000002


mem[X,0x8002226C] -> 0x006F
mem[X,0x8002226E] -> 0x00C0
[3386] [M]: 0x8002226C (0x00C0006F) jal zero, 12


mem[X,0x80022278] -> 0xA423
mem[X,0x8002227A] -> 0x5440
[3387] [M]: 0x80022278 (0x5440A423) sw tp, 1352(ra)
mem[0x8004C6BC] <- 0x00000002


mem[X,0x8002227C] -> 0x5537
mem[X,0x8002227E] -> 0x5555
[3388] [M]: 0x8002227C (0x55555537) lui a0, 349525
x10 <- 0x55555000


mem[X,0x80022280] -> 0x0513
mem[X,0x80022282] -> 0x5545
[3389] [M]: 0x80022280 (0x55450513) addi a0, a0, 1364
x10 <- 0x55555554


mem[X,0x80022284] -> 0x35B7
mem[X,0x80022286] -> 0x3333
[3390] [M]: 0x80022284 (0x333335B7) lui a1, 209715
x11 <- 0x33333000


mem[X,0x80022288] -> 0x8593
mem[X,0x8002228A] -> 0x3325
[3391] [M]: 0x80022288 (0x33258593) addi a1, a1, 818
x11 <- 0x33333332


mem[X,0x8002228C] -> 0x0213
mem[X,0x8002228E] -> 0x0000
[3392] [M]: 0x8002228C (0x00000213) addi tp, zero, 0
x4 <- 0x00000000


mem[X,0x80022290] -> 0x006F
mem[X,0x80022292] -> 0x00C0
[3393] [M]: 0x80022290 (0x00C0006F) jal zero, 12


mem[X,0x8002229C] -> 0x6063
mem[X,0x8002229E] -> 0x02B5
[3394] [M]: 0x8002229C (0x02B56063) bltu a0, a1, 32


mem[X,0x800222A0] -> 0x0213
mem[X,0x800222A2] -> 0x0022
[3395] [M]: 0x800222A0 (0x00220213) addi tp, tp, 2
x4 <- 0x00000002


mem[X,0x800222A4] -> 0x006F
mem[X,0x800222A6] -> 0x0200
[3396] [M]: 0x800222A4 (0x0200006F) jal zero, 32


mem[X,0x800222C4] -> 0xA623
mem[X,0x800222C6] -> 0x5440
[3397] [M]: 0x800222C4 (0x5440A623) sw tp, 1356(ra)
mem[0x8004C6C0] <- 0x00000002


mem[X,0x800222C8] -> 0x5537
mem[X,0x800222CA] -> 0x5555
[3398] [M]: 0x800222C8 (0x55555537) lui a0, 349525
x10 <- 0x55555000


mem[X,0x800222CC] -> 0x0513
mem[X,0x800222CE] -> 0x5545
[3399] [M]: 0x800222CC (0x55450513) addi a0, a0, 1364
x10 <- 0x55555554


clint::tick mtime <- 0x0000000000000022
 clint timer pending at mtime 0x0000000000000022
htif::tick 0x0000000000000000
mem[X,0x800222D0] -> 0x65B7
mem[X,0x800222D2] -> 0x6666
[3400] [M]: 0x800222D0 (0x666665B7) lui a1, 419430
x11 <- 0x66666000


mem[X,0x800222D4] -> 0x8593
mem[X,0x800222D6] -> 0x6655
[3401] [M]: 0x800222D4 (0x66558593) addi a1, a1, 1637
x11 <- 0x66666665


mem[X,0x800222D8] -> 0x0213
mem[X,0x800222DA] -> 0x0000
[3402] [M]: 0x800222D8 (0x00000213) addi tp, zero, 0
x4 <- 0x00000000


mem[X,0x800222DC] -> 0x006F
mem[X,0x800222DE] -> 0x00C0
[3403] [M]: 0x800222DC (0x00C0006F) jal zero, 12


mem[X,0x800222E8] -> 0x6663
mem[X,0x800222EA] -> 0x00B5
[3404] [M]: 0x800222E8 (0x00B56663) bltu a0, a1, 12


mem[X,0x800222F4] -> 0x0213
mem[X,0x800222F6] -> 0x0032
[3405] [M]: 0x800222F4 (0x00320213) addi tp, tp, 3
x4 <- 0x00000003


mem[X,0x800222F8] -> 0x006F
mem[X,0x800222FA] -> 0x0040
[3406] [M]: 0x800222F8 (0x0040006F) jal zero, 4


mem[X,0x800222FC] -> 0xA823
mem[X,0x800222FE] -> 0x5440
[3407] [M]: 0x800222FC (0x5440A823) sw tp, 1360(ra)
mem[0x8004C6C4] <- 0x00000003


mem[X,0x80022300] -> 0x5537
mem[X,0x80022302] -> 0x5555
[3408] [M]: 0x80022300 (0x55555537) lui a0, 349525
x10 <- 0x55555000


mem[X,0x80022304] -> 0x0513
mem[X,0x80022306] -> 0x5545
[3409] [M]: 0x80022304 (0x55450513) addi a0, a0, 1364
x10 <- 0x55555554


mem[X,0x80022308] -> 0xB5B7
mem[X,0x8002230A] -> 0x0000
[3410] [M]: 0x80022308 (0x0000B5B7) lui a1, 11
x11 <- 0x0000B000


mem[X,0x8002230C] -> 0x8593
mem[X,0x8002230E] -> 0x5035
[3411] [M]: 0x8002230C (0x50358593) addi a1, a1, 1283
x11 <- 0x0000B503


mem[X,0x80022310] -> 0x0213
mem[X,0x80022312] -> 0x0000
[3412] [M]: 0x80022310 (0x00000213) addi tp, zero, 0
x4 <- 0x00000000


mem[X,0x80022314] -> 0x006F
mem[X,0x80022316] -> 0x00C0
[3413] [M]: 0x80022314 (0x00C0006F) jal zero, 12


mem[X,0x80022320] -> 0x6063
mem[X,0x80022322] -> 0x40B5
[3414] [M]: 0x80022320 (0x40B56063) bltu a0, a1, 1024


mem[X,0x80022324] -> 0x0213
mem[X,0x80022326] -> 0x0022
[3415] [M]: 0x80022324 (0x00220213) addi tp, tp, 2
x4 <- 0x00000002


mem[X,0x80022328] -> 0x006F
mem[X,0x8002232A] -> 0x4000
[3416] [M]: 0x80022328 (0x4000006F) jal zero, 1024


mem[X,0x80022728] -> 0xAA23
mem[X,0x8002272A] -> 0x5440
[3417] [M]: 0x80022728 (0x5440AA23) sw tp, 1364(ra)
mem[0x8004C6C8] <- 0x00000002


mem[X,0x8002272C] -> 0x5537
mem[X,0x8002272E] -> 0x5555
[3418] [M]: 0x8002272C (0x55555537) lui a0, 349525
x10 <- 0x55555000


mem[X,0x80022730] -> 0x0513
mem[X,0x80022732] -> 0x5545
[3419] [M]: 0x80022730 (0x55450513) addi a0, a0, 1364
x10 <- 0x55555554


mem[X,0x80022734] -> 0x05B7
mem[X,0x80022736] -> 0x0001
[3420] [M]: 0x80022734 (0x000105B7) lui a1, 16
x11 <- 0x00010000


mem[X,0x80022738] -> 0x8593
mem[X,0x8002273A] -> 0xFFE5
[3421] [M]: 0x80022738 (0xFFE58593) addi a1, a1, 4094
x11 <- 0x0000FFFE


mem[X,0x8002273C] -> 0x0213
mem[X,0x8002273E] -> 0x0000
[3422] [M]: 0x8002273C (0x00000213) addi tp, zero, 0
x4 <- 0x00000000


mem[X,0x80022740] -> 0x006F
mem[X,0x80022742] -> 0x00C0
[3423] [M]: 0x80022740 (0x00C0006F) jal zero, 12


mem[X,0x8002274C] -> 0x6663
mem[X,0x8002274E] -> 0x00B5
[3424] [M]: 0x8002274C (0x00B56663) bltu a0, a1, 12


mem[X,0x80022750] -> 0x0213
mem[X,0x80022752] -> 0x0022
[3425] [M]: 0x80022750 (0x00220213) addi tp, tp, 2
x4 <- 0x00000002


mem[X,0x80022754] -> 0x006F
mem[X,0x80022756] -> 0x00C0
[3426] [M]: 0x80022754 (0x00C0006F) jal zero, 12


mem[X,0x80022760] -> 0xAC23
mem[X,0x80022762] -> 0x5440
[3427] [M]: 0x80022760 (0x5440AC23) sw tp, 1368(ra)
mem[0x8004C6CC] <- 0x00000002


mem[X,0x80022764] -> 0x5537
mem[X,0x80022766] -> 0x5555
[3428] [M]: 0x80022764 (0x55555537) lui a0, 349525
x10 <- 0x55555000


mem[X,0x80022768] -> 0x0513
mem[X,0x8002276A] -> 0x5545
[3429] [M]: 0x80022768 (0x55450513) addi a0, a0, 1364
x10 <- 0x55555554


mem[X,0x8002276C] -> 0x55B7
mem[X,0x8002276E] -> 0x5555
[3430] [M]: 0x8002276C (0x555555B7) lui a1, 349525
x11 <- 0x55555000


mem[X,0x80022770] -> 0x8593
mem[X,0x80022772] -> 0x5565
[3431] [M]: 0x80022770 (0x55658593) addi a1, a1, 1366
x11 <- 0x55555556


mem[X,0x80022774] -> 0x0213
mem[X,0x80022776] -> 0x0000
[3432] [M]: 0x80022774 (0x00000213) addi tp, zero, 0
x4 <- 0x00000000


mem[X,0x80022778] -> 0x006F
mem[X,0x8002277A] -> 0x00C0
[3433] [M]: 0x80022778 (0x00C0006F) jal zero, 12


mem[X,0x80022784] -> 0x6CE3
mem[X,0x80022786] -> 0xFEB5
[3434] [M]: 0x80022784 (0xFEB56CE3) bltu a0, a1, 8184


mem[X,0x8002277C] -> 0x0213
mem[X,0x8002277E] -> 0x0012
[3435] [M]: 0x8002277C (0x00120213) addi tp, tp, 1
x4 <- 0x00000001


mem[X,0x80022780] -> 0x006F
mem[X,0x80022782] -> 0x0180
[3436] [M]: 0x80022780 (0x0180006F) jal zero, 24


mem[X,0x80022798] -> 0xAE23
mem[X,0x8002279A] -> 0x5440
[3437] [M]: 0x80022798 (0x5440AE23) sw tp, 1372(ra)
mem[0x8004C6D0] <- 0x00000001


mem[X,0x8002279C] -> 0x5537
mem[X,0x8002279E] -> 0x5555
[3438] [M]: 0x8002279C (0x55555537) lui a0, 349525
x10 <- 0x55555000


mem[X,0x800227A0] -> 0x0513
mem[X,0x800227A2] -> 0x5545
[3439] [M]: 0x800227A0 (0x55450513) addi a0, a0, 1364
x10 <- 0x55555554


mem[X,0x800227A4] -> 0xB5B7
mem[X,0x800227A6] -> 0xAAAA
[3440] [M]: 0x800227A4 (0xAAAAB5B7) lui a1, 699051
x11 <- 0xAAAAB000


mem[X,0x800227A8] -> 0x8593
mem[X,0x800227AA] -> 0xAAB5
[3441] [M]: 0x800227A8 (0xAAB58593) addi a1, a1, 2731
x11 <- 0xAAAAAAAB


mem[X,0x800227AC] -> 0x0213
mem[X,0x800227AE] -> 0x0000
[3442] [M]: 0x800227AC (0x00000213) addi tp, zero, 0
x4 <- 0x00000000


mem[X,0x800227B0] -> 0x006F
mem[X,0x800227B2] -> 0x00C0
[3443] [M]: 0x800227B0 (0x00C0006F) jal zero, 12


mem[X,0x800227BC] -> 0x6CE3
mem[X,0x800227BE] -> 0xFEB5
[3444] [M]: 0x800227BC (0xFEB56CE3) bltu a0, a1, 8184


mem[X,0x800227B4] -> 0x0213
mem[X,0x800227B6] -> 0x0012
[3445] [M]: 0x800227B4 (0x00120213) addi tp, tp, 1
x4 <- 0x00000001


mem[X,0x800227B8] -> 0x006F
mem[X,0x800227BA] -> 0x0180
[3446] [M]: 0x800227B8 (0x0180006F) jal zero, 24


mem[X,0x800227D0] -> 0xA023
mem[X,0x800227D2] -> 0x5640
[3447] [M]: 0x800227D0 (0x5640A023) sw tp, 1376(ra)
mem[0x8004C6D4] <- 0x00000001


mem[X,0x800227D4] -> 0x5537
mem[X,0x800227D6] -> 0x5555
[3448] [M]: 0x800227D4 (0x55555537) lui a0, 349525
x10 <- 0x55555000


mem[X,0x800227D8] -> 0x0513
mem[X,0x800227DA] -> 0x5545
[3449] [M]: 0x800227D8 (0x55450513) addi a0, a0, 1364
x10 <- 0x55555554


mem[X,0x800227DC] -> 0x0593
mem[X,0x800227DE] -> 0x0060
[3450] [M]: 0x800227DC (0x00600593) addi a1, zero, 6
x11 <- 0x00000006


mem[X,0x800227E0] -> 0x0213
mem[X,0x800227E2] -> 0x0000
[3451] [M]: 0x800227E0 (0x00000213) addi tp, zero, 0
x4 <- 0x00000000


mem[X,0x800227E4] -> 0x006F
mem[X,0x800227E6] -> 0x00C0
[3452] [M]: 0x800227E4 (0x00C0006F) jal zero, 12


mem[X,0x800227F0] -> 0x6663
mem[X,0x800227F2] -> 0x00B5
[3453] [M]: 0x800227F0 (0x00B56663) bltu a0, a1, 12


mem[X,0x800227F4] -> 0x0213
mem[X,0x800227F6] -> 0x0022
[3454] [M]: 0x800227F4 (0x00220213) addi tp, tp, 2
x4 <- 0x00000002


mem[X,0x800227F8] -> 0x006F
mem[X,0x800227FA] -> 0x00C0
[3455] [M]: 0x800227F8 (0x00C0006F) jal zero, 12


mem[X,0x80022804] -> 0xA223
mem[X,0x80022806] -> 0x5640
[3456] [M]: 0x80022804 (0x5640A223) sw tp, 1380(ra)
mem[0x8004C6D8] <- 0x00000002


mem[X,0x80022808] -> 0x5537
mem[X,0x8002280A] -> 0x5555
[3457] [M]: 0x80022808 (0x55555537) lui a0, 349525
x10 <- 0x55555000


mem[X,0x8002280C] -> 0x0513
mem[X,0x8002280E] -> 0x5545
[3458] [M]: 0x8002280C (0x55450513) addi a0, a0, 1364
x10 <- 0x55555554


mem[X,0x80022810] -> 0x35B7
mem[X,0x80022812] -> 0x3333
[3459] [M]: 0x80022810 (0x333335B7) lui a1, 209715
x11 <- 0x33333000


mem[X,0x80022814] -> 0x8593
mem[X,0x80022816] -> 0x3345
[3460] [M]: 0x80022814 (0x33458593) addi a1, a1, 820
x11 <- 0x33333334


mem[X,0x80022818] -> 0x0213
mem[X,0x8002281A] -> 0x0000
[3461] [M]: 0x80022818 (0x00000213) addi tp, zero, 0
x4 <- 0x00000000


mem[X,0x8002281C] -> 0x006F
mem[X,0x8002281E] -> 0x0100
[3462] [M]: 0x8002281C (0x0100006F) jal zero, 16


mem[X,0x8002282C] -> 0x6AE3
mem[X,0x8002282E] -> 0xFEB5
[3463] [M]: 0x8002282C (0xFEB56AE3) bltu a0, a1, 8180


mem[X,0x80022830] -> 0x0213
mem[X,0x80022832] -> 0x0022
[3464] [M]: 0x80022830 (0x00220213) addi tp, tp, 2
x4 <- 0x00000002


mem[X,0x80022834] -> 0x006F
mem[X,0x80022836] -> 0x00C0
[3465] [M]: 0x80022834 (0x00C0006F) jal zero, 12


mem[X,0x80022840] -> 0xA423
mem[X,0x80022842] -> 0x5640
[3466] [M]: 0x80022840 (0x5640A423) sw tp, 1384(ra)
mem[0x8004C6DC] <- 0x00000002


mem[X,0x80022844] -> 0x5537
mem[X,0x80022846] -> 0x5555
[3467] [M]: 0x80022844 (0x55555537) lui a0, 349525
x10 <- 0x55555000


mem[X,0x80022848] -> 0x0513
mem[X,0x8002284A] -> 0x5545
[3468] [M]: 0x80022848 (0x55450513) addi a0, a0, 1364
x10 <- 0x55555554


mem[X,0x8002284C] -> 0x65B7
mem[X,0x8002284E] -> 0x6666
[3469] [M]: 0x8002284C (0x666665B7) lui a1, 419430
x11 <- 0x66666000


mem[X,0x80022850] -> 0x8593
mem[X,0x80022852] -> 0x6675
[3470] [M]: 0x80022850 (0x66758593) addi a1, a1, 1639
x11 <- 0x66666667


mem[X,0x80022854] -> 0x0213
mem[X,0x80022856] -> 0x0000
[3471] [M]: 0x80022854 (0x00000213) addi tp, zero, 0
x4 <- 0x00000000


mem[X,0x80022858] -> 0x006F
mem[X,0x8002285A] -> 0x00C0
[3472] [M]: 0x80022858 (0x00C0006F) jal zero, 12


mem[X,0x80022864] -> 0x6CE3
mem[X,0x80022866] -> 0xFEB5
[3473] [M]: 0x80022864 (0xFEB56CE3) bltu a0, a1, 8184


mem[X,0x8002285C] -> 0x0213
mem[X,0x8002285E] -> 0x0012
[3474] [M]: 0x8002285C (0x00120213) addi tp, tp, 1
x4 <- 0x00000001


mem[X,0x80022860] -> 0x006F
mem[X,0x80022862] -> 0x0180
[3475] [M]: 0x80022860 (0x0180006F) jal zero, 24


mem[X,0x80022878] -> 0xA623
mem[X,0x8002287A] -> 0x5640
[3476] [M]: 0x80022878 (0x5640A623) sw tp, 1388(ra)
mem[0x8004C6E0] <- 0x00000001


mem[X,0x8002287C] -> 0x5537
mem[X,0x8002287E] -> 0x5555
[3477] [M]: 0x8002287C (0x55555537) lui a0, 349525
x10 <- 0x55555000


mem[X,0x80022880] -> 0x0513
mem[X,0x80022882] -> 0x5545
[3478] [M]: 0x80022880 (0x55450513) addi a0, a0, 1364
x10 <- 0x55555554


mem[X,0x80022884] -> 0xB5B7
mem[X,0x80022886] -> 0x0000
[3479] [M]: 0x80022884 (0x0000B5B7) lui a1, 11
x11 <- 0x0000B000


mem[X,0x80022888] -> 0x8593
mem[X,0x8002288A] -> 0x5055
[3480] [M]: 0x80022888 (0x50558593) addi a1, a1, 1285
x11 <- 0x0000B505


mem[X,0x8002288C] -> 0x0213
mem[X,0x8002288E] -> 0x0000
[3481] [M]: 0x8002288C (0x00000213) addi tp, zero, 0
x4 <- 0x00000000


mem[X,0x80022890] -> 0x006F
mem[X,0x80022892] -> 0x00C0
[3482] [M]: 0x80022890 (0x00C0006F) jal zero, 12


mem[X,0x8002289C] -> 0x6663
mem[X,0x8002289E] -> 0x00B5
[3483] [M]: 0x8002289C (0x00B56663) bltu a0, a1, 12


mem[X,0x800228A0] -> 0x0213
mem[X,0x800228A2] -> 0x0022
[3484] [M]: 0x800228A0 (0x00220213) addi tp, tp, 2
x4 <- 0x00000002


mem[X,0x800228A4] -> 0x006F
mem[X,0x800228A6] -> 0x00C0
[3485] [M]: 0x800228A4 (0x00C0006F) jal zero, 12


mem[X,0x800228B0] -> 0xA823
mem[X,0x800228B2] -> 0x5640
[3486] [M]: 0x800228B0 (0x5640A823) sw tp, 1392(ra)
mem[0x8004C6E4] <- 0x00000002


mem[X,0x800228B4] -> 0x5537
mem[X,0x800228B6] -> 0x5555
[3487] [M]: 0x800228B4 (0x55555537) lui a0, 349525
x10 <- 0x55555000


mem[X,0x800228B8] -> 0x0513
mem[X,0x800228BA] -> 0x5545
[3488] [M]: 0x800228B8 (0x55450513) addi a0, a0, 1364
x10 <- 0x55555554


mem[X,0x800228BC] -> 0x0593
mem[X,0x800228BE] -> 0x0010
[3489] [M]: 0x800228BC (0x00100593) addi a1, zero, 1
x11 <- 0x00000001


mem[X,0x800228C0] -> 0x0213
mem[X,0x800228C2] -> 0x0000
[3490] [M]: 0x800228C0 (0x00000213) addi tp, zero, 0
x4 <- 0x00000000


mem[X,0x800228C4] -> 0x006F
mem[X,0x800228C6] -> 0x00C0
[3491] [M]: 0x800228C4 (0x00C0006F) jal zero, 12


mem[X,0x800228D0] -> 0x6663
mem[X,0x800228D2] -> 0x00B5
[3492] [M]: 0x800228D0 (0x00B56663) bltu a0, a1, 12


mem[X,0x800228D4] -> 0x0213
mem[X,0x800228D6] -> 0x0022
[3493] [M]: 0x800228D4 (0x00220213) addi tp, tp, 2
x4 <- 0x00000002


mem[X,0x800228D8] -> 0x006F
mem[X,0x800228DA] -> 0x00C0
[3494] [M]: 0x800228D8 (0x00C0006F) jal zero, 12


mem[X,0x800228E4] -> 0xAA23
mem[X,0x800228E6] -> 0x5640
[3495] [M]: 0x800228E4 (0x5640AA23) sw tp, 1396(ra)
mem[0x8004C6E8] <- 0x00000002


mem[X,0x800228E8] -> 0x5537
mem[X,0x800228EA] -> 0x5555
[3496] [M]: 0x800228E8 (0x55555537) lui a0, 349525
x10 <- 0x55555000


mem[X,0x800228EC] -> 0x0513
mem[X,0x800228EE] -> 0x5545
[3497] [M]: 0x800228EC (0x55450513) addi a0, a0, 1364
x10 <- 0x55555554


mem[X,0x800228F0] -> 0x05B7
mem[X,0x800228F2] -> 0x0001
[3498] [M]: 0x800228F0 (0x000105B7) lui a1, 16
x11 <- 0x00010000


mem[X,0x800228F4] -> 0x0213
mem[X,0x800228F6] -> 0x0000
[3499] [M]: 0x800228F4 (0x00000213) addi tp, zero, 0
x4 <- 0x00000000


clint::tick mtime <- 0x0000000000000023
 clint timer pending at mtime 0x0000000000000023
htif::tick 0x0000000000000000
mem[X,0x800228F8] -> 0x006F
mem[X,0x800228FA] -> 0x0180
[3500] [M]: 0x800228F8 (0x0180006F) jal zero, 24


mem[X,0x80022910] -> 0x66E3
mem[X,0x80022912] -> 0xFEB5
[3501] [M]: 0x80022910 (0xFEB566E3) bltu a0, a1, 8172


mem[X,0x80022914] -> 0x0213
mem[X,0x80022916] -> 0x0022
[3502] [M]: 0x80022914 (0x00220213) addi tp, tp, 2
x4 <- 0x00000002


mem[X,0x80022918] -> 0x006F
mem[X,0x8002291A] -> 0x00C0
[3503] [M]: 0x80022918 (0x00C0006F) jal zero, 12


mem[X,0x80022924] -> 0xAC23
mem[X,0x80022926] -> 0x5640
[3504] [M]: 0x80022924 (0x5640AC23) sw tp, 1400(ra)
mem[0x8004C6EC] <- 0x00000002


mem[X,0x80022928] -> 0xB537
mem[X,0x8002292A] -> 0xAAAA
[3505] [M]: 0x80022928 (0xAAAAB537) lui a0, 699051
x10 <- 0xAAAAB000


mem[X,0x8002292C] -> 0x0513
mem[X,0x8002292E] -> 0xAA95
[3506] [M]: 0x8002292C (0xAA950513) addi a0, a0, 2729
x10 <- 0xAAAAAAA9


mem[X,0x80022930] -> 0x0593
mem[X,0x80022932] -> 0x0030
[3507] [M]: 0x80022930 (0x00300593) addi a1, zero, 3
x11 <- 0x00000003


mem[X,0x80022934] -> 0x0213
mem[X,0x80022936] -> 0x0000
[3508] [M]: 0x80022934 (0x00000213) addi tp, zero, 0
x4 <- 0x00000000


mem[X,0x80022938] -> 0x006F
mem[X,0x8002293A] -> 0x00C0
[3509] [M]: 0x80022938 (0x00C0006F) jal zero, 12


mem[X,0x80022944] -> 0x6063
mem[X,0x80022946] -> 0x40B5
[3510] [M]: 0x80022944 (0x40B56063) bltu a0, a1, 1024


mem[X,0x80022948] -> 0x0213
mem[X,0x8002294A] -> 0x0022
[3511] [M]: 0x80022948 (0x00220213) addi tp, tp, 2
x4 <- 0x00000002


mem[X,0x8002294C] -> 0x006F
mem[X,0x8002294E] -> 0x4000
[3512] [M]: 0x8002294C (0x4000006F) jal zero, 1024


mem[X,0x80022D4C] -> 0xAE23
mem[X,0x80022D4E] -> 0x5640
[3513] [M]: 0x80022D4C (0x5640AE23) sw tp, 1404(ra)
mem[0x8004C6F0] <- 0x00000002


mem[X,0x80022D50] -> 0xB537
mem[X,0x80022D52] -> 0xAAAA
[3514] [M]: 0x80022D50 (0xAAAAB537) lui a0, 699051
x10 <- 0xAAAAB000


mem[X,0x80022D54] -> 0x0513
mem[X,0x80022D56] -> 0xAA95
[3515] [M]: 0x80022D54 (0xAA950513) addi a0, a0, 2729
x10 <- 0xAAAAAAA9


mem[X,0x80022D58] -> 0x55B7
mem[X,0x80022D5A] -> 0x5555
[3516] [M]: 0x80022D58 (0x555555B7) lui a1, 349525
x11 <- 0x55555000


mem[X,0x80022D5C] -> 0x8593
mem[X,0x80022D5E] -> 0x5555
[3517] [M]: 0x80022D5C (0x55558593) addi a1, a1, 1365
x11 <- 0x55555555


mem[X,0x80022D60] -> 0x0213
mem[X,0x80022D62] -> 0x0000
[3518] [M]: 0x80022D60 (0x00000213) addi tp, zero, 0
x4 <- 0x00000000


mem[X,0x80022D64] -> 0x006F
mem[X,0x80022D66] -> 0x0050
[3519] [M]: 0x80022D64 (0x0050006F) jal zero, 2052


mem[X,0x80023568] -> 0x60E3
mem[X,0x8002356A] -> 0x80B5
[3520] [M]: 0x80023568 (0x80B560E3) bltu a0, a1, 6144


mem[X,0x8002356C] -> 0x0213
mem[X,0x8002356E] -> 0x0022
[3521] [M]: 0x8002356C (0x00220213) addi tp, tp, 2
x4 <- 0x00000002


mem[X,0x80023570] -> 0x006F
mem[X,0x80023572] -> 0x00C0
[3522] [M]: 0x80023570 (0x00C0006F) jal zero, 12


mem[X,0x8002357C] -> 0xA023
mem[X,0x8002357E] -> 0x5840
[3523] [M]: 0x8002357C (0x5840A023) sw tp, 1408(ra)
mem[0x8004C6F4] <- 0x00000002


mem[X,0x80023580] -> 0xB537
mem[X,0x80023582] -> 0xAAAA
[3524] [M]: 0x80023580 (0xAAAAB537) lui a0, 699051
x10 <- 0xAAAAB000


mem[X,0x80023584] -> 0x0513
mem[X,0x80023586] -> 0xAA95
[3525] [M]: 0x80023584 (0xAA950513) addi a0, a0, 2729
x10 <- 0xAAAAAAA9


mem[X,0x80023588] -> 0xB5B7
mem[X,0x8002358A] -> 0xAAAA
[3526] [M]: 0x80023588 (0xAAAAB5B7) lui a1, 699051
x11 <- 0xAAAAB000


mem[X,0x8002358C] -> 0x8593
mem[X,0x8002358E] -> 0xAAA5
[3527] [M]: 0x8002358C (0xAAA58593) addi a1, a1, 2730
x11 <- 0xAAAAAAAA


mem[X,0x80023590] -> 0x0213
mem[X,0x80023592] -> 0x0000
[3528] [M]: 0x80023590 (0x00000213) addi tp, zero, 0
x4 <- 0x00000000


mem[X,0x80023594] -> 0x006F
mem[X,0x80023596] -> 0x00C0
[3529] [M]: 0x80023594 (0x00C0006F) jal zero, 12


mem[X,0x800235A0] -> 0x6063
mem[X,0x800235A2] -> 0x04B5
[3530] [M]: 0x800235A0 (0x04B56063) bltu a0, a1, 64


mem[X,0x800235E0] -> 0x0213
mem[X,0x800235E2] -> 0x0032
[3531] [M]: 0x800235E0 (0x00320213) addi tp, tp, 3
x4 <- 0x00000003


mem[X,0x800235E4] -> 0x006F
mem[X,0x800235E6] -> 0x0040
[3532] [M]: 0x800235E4 (0x0040006F) jal zero, 4


mem[X,0x800235E8] -> 0xA223
mem[X,0x800235EA] -> 0x5840
[3533] [M]: 0x800235E8 (0x5840A223) sw tp, 1412(ra)
mem[0x8004C6F8] <- 0x00000003


mem[X,0x800235EC] -> 0xB537
mem[X,0x800235EE] -> 0xAAAA
[3534] [M]: 0x800235EC (0xAAAAB537) lui a0, 699051
x10 <- 0xAAAAB000


mem[X,0x800235F0] -> 0x0513
mem[X,0x800235F2] -> 0xAA95
[3535] [M]: 0x800235F0 (0xAA950513) addi a0, a0, 2729
x10 <- 0xAAAAAAA9


mem[X,0x800235F4] -> 0x0593
mem[X,0x800235F6] -> 0x0050
[3536] [M]: 0x800235F4 (0x00500593) addi a1, zero, 5
x11 <- 0x00000005


mem[X,0x800235F8] -> 0x0213
mem[X,0x800235FA] -> 0x0000
[3537] [M]: 0x800235F8 (0x00000213) addi tp, zero, 0
x4 <- 0x00000000


mem[X,0x800235FC] -> 0x006F
mem[X,0x800235FE] -> 0x0140
[3538] [M]: 0x800235FC (0x0140006F) jal zero, 20


mem[X,0x80023610] -> 0x68E3
mem[X,0x80023612] -> 0xFEB5
[3539] [M]: 0x80023610 (0xFEB568E3) bltu a0, a1, 8176


mem[X,0x80023614] -> 0x0213
mem[X,0x80023616] -> 0x0022
[3540] [M]: 0x80023614 (0x00220213) addi tp, tp, 2
x4 <- 0x00000002


mem[X,0x80023618] -> 0x006F
mem[X,0x8002361A] -> 0x00C0
[3541] [M]: 0x80023618 (0x00C0006F) jal zero, 12


mem[X,0x80023624] -> 0xA423
mem[X,0x80023626] -> 0x5840
[3542] [M]: 0x80023624 (0x5840A423) sw tp, 1416(ra)
mem[0x8004C6FC] <- 0x00000002


mem[X,0x80023628] -> 0xB537
mem[X,0x8002362A] -> 0xAAAA
[3543] [M]: 0x80023628 (0xAAAAB537) lui a0, 699051
x10 <- 0xAAAAB000


mem[X,0x8002362C] -> 0x0513
mem[X,0x8002362E] -> 0xAA95
[3544] [M]: 0x8002362C (0xAA950513) addi a0, a0, 2729
x10 <- 0xAAAAAAA9


mem[X,0x80023630] -> 0x35B7
mem[X,0x80023632] -> 0x3333
[3545] [M]: 0x80023630 (0x333335B7) lui a1, 209715
x11 <- 0x33333000


mem[X,0x80023634] -> 0x8593
mem[X,0x80023636] -> 0x3335
[3546] [M]: 0x80023634 (0x33358593) addi a1, a1, 819
x11 <- 0x33333333


mem[X,0x80023638] -> 0x0213
mem[X,0x8002363A] -> 0x0000
[3547] [M]: 0x80023638 (0x00000213) addi tp, zero, 0
x4 <- 0x00000000


mem[X,0x8002363C] -> 0x006F
mem[X,0x8002363E] -> 0x0140
[3548] [M]: 0x8002363C (0x0140006F) jal zero, 20


mem[X,0x80023650] -> 0x68E3
mem[X,0x80023652] -> 0xFEB5
[3549] [M]: 0x80023650 (0xFEB568E3) bltu a0, a1, 8176


mem[X,0x80023654] -> 0x0213
mem[X,0x80023656] -> 0x0022
[3550] [M]: 0x80023654 (0x00220213) addi tp, tp, 2
x4 <- 0x00000002


mem[X,0x80023658] -> 0x006F
mem[X,0x8002365A] -> 0x00C0
[3551] [M]: 0x80023658 (0x00C0006F) jal zero, 12


mem[X,0x80023664] -> 0xA623
mem[X,0x80023666] -> 0x5840
[3552] [M]: 0x80023664 (0x5840A623) sw tp, 1420(ra)
mem[0x8004C700] <- 0x00000002


mem[X,0x80023668] -> 0xB537
mem[X,0x8002366A] -> 0xAAAA
[3553] [M]: 0x80023668 (0xAAAAB537) lui a0, 699051
x10 <- 0xAAAAB000


mem[X,0x8002366C] -> 0x0513
mem[X,0x8002366E] -> 0xAA95
[3554] [M]: 0x8002366C (0xAA950513) addi a0, a0, 2729
x10 <- 0xAAAAAAA9


mem[X,0x80023670] -> 0x65B7
mem[X,0x80023672] -> 0x6666
[3555] [M]: 0x80023670 (0x666665B7) lui a1, 419430
x11 <- 0x66666000


mem[X,0x80023674] -> 0x8593
mem[X,0x80023676] -> 0x6665
[3556] [M]: 0x80023674 (0x66658593) addi a1, a1, 1638
x11 <- 0x66666666


mem[X,0x80023678] -> 0x0213
mem[X,0x8002367A] -> 0x0000
[3557] [M]: 0x80023678 (0x00000213) addi tp, zero, 0
x4 <- 0x00000000


mem[X,0x8002367C] -> 0x006F
mem[X,0x8002367E] -> 0x00C0
[3558] [M]: 0x8002367C (0x00C0006F) jal zero, 12


mem[X,0x80023688] -> 0x6663
mem[X,0x8002368A] -> 0x00B5
[3559] [M]: 0x80023688 (0x00B56663) bltu a0, a1, 12


mem[X,0x8002368C] -> 0x0213
mem[X,0x8002368E] -> 0x0022
[3560] [M]: 0x8002368C (0x00220213) addi tp, tp, 2
x4 <- 0x00000002


mem[X,0x80023690] -> 0x006F
mem[X,0x80023692] -> 0x00C0
[3561] [M]: 0x80023690 (0x00C0006F) jal zero, 12


mem[X,0x8002369C] -> 0xA823
mem[X,0x8002369E] -> 0x5840
[3562] [M]: 0x8002369C (0x5840A823) sw tp, 1424(ra)
mem[0x8004C704] <- 0x00000002


mem[X,0x800236A0] -> 0xB537
mem[X,0x800236A2] -> 0xAAAA
[3563] [M]: 0x800236A0 (0xAAAAB537) lui a0, 699051
x10 <- 0xAAAAB000


mem[X,0x800236A4] -> 0x0513
mem[X,0x800236A6] -> 0xAA95
[3564] [M]: 0x800236A4 (0xAA950513) addi a0, a0, 2729
x10 <- 0xAAAAAAA9


mem[X,0x800236A8] -> 0xB5B7
mem[X,0x800236AA] -> 0x0000
[3565] [M]: 0x800236A8 (0x0000B5B7) lui a1, 11
x11 <- 0x0000B000


mem[X,0x800236AC] -> 0x8593
mem[X,0x800236AE] -> 0x5045
[3566] [M]: 0x800236AC (0x50458593) addi a1, a1, 1284
x11 <- 0x0000B504


mem[X,0x800236B0] -> 0x0213
mem[X,0x800236B2] -> 0x0000
[3567] [M]: 0x800236B0 (0x00000213) addi tp, zero, 0
x4 <- 0x00000000


mem[X,0x800236B4] -> 0x006F
mem[X,0x800236B6] -> 0x00C0
[3568] [M]: 0x800236B4 (0x00C0006F) jal zero, 12


mem[X,0x800236C0] -> 0x6663
mem[X,0x800236C2] -> 0x00B5
[3569] [M]: 0x800236C0 (0x00B56663) bltu a0, a1, 12


mem[X,0x800236C4] -> 0x0213
mem[X,0x800236C6] -> 0x0022
[3570] [M]: 0x800236C4 (0x00220213) addi tp, tp, 2
x4 <- 0x00000002


mem[X,0x800236C8] -> 0x006F
mem[X,0x800236CA] -> 0x00C0
[3571] [M]: 0x800236C8 (0x00C0006F) jal zero, 12


mem[X,0x800236D4] -> 0xAA23
mem[X,0x800236D6] -> 0x5840
[3572] [M]: 0x800236D4 (0x5840AA23) sw tp, 1428(ra)
mem[0x8004C708] <- 0x00000002


mem[X,0x800236D8] -> 0xB537
mem[X,0x800236DA] -> 0xAAAA
[3573] [M]: 0x800236D8 (0xAAAAB537) lui a0, 699051
x10 <- 0xAAAAB000


mem[X,0x800236DC] -> 0x0513
mem[X,0x800236DE] -> 0xAA95
[3574] [M]: 0x800236DC (0xAA950513) addi a0, a0, 2729
x10 <- 0xAAAAAAA9


mem[X,0x800236E0] -> 0x0593
mem[X,0x800236E2] -> 0x0000
[3575] [M]: 0x800236E0 (0x00000593) addi a1, zero, 0
x11 <- 0x00000000


mem[X,0x800236E4] -> 0x0213
mem[X,0x800236E6] -> 0x0000
[3576] [M]: 0x800236E4 (0x00000213) addi tp, zero, 0
x4 <- 0x00000000


mem[X,0x800236E8] -> 0x006F
mem[X,0x800236EA] -> 0x00C0
[3577] [M]: 0x800236E8 (0x00C0006F) jal zero, 12


mem[X,0x800236F4] -> 0x6663
mem[X,0x800236F6] -> 0x00B5
[3578] [M]: 0x800236F4 (0x00B56663) bltu a0, a1, 12


mem[X,0x800236F8] -> 0x0213
mem[X,0x800236FA] -> 0x0022
[3579] [M]: 0x800236F8 (0x00220213) addi tp, tp, 2
x4 <- 0x00000002


mem[X,0x800236FC] -> 0x006F
mem[X,0x800236FE] -> 0x00C0
[3580] [M]: 0x800236FC (0x00C0006F) jal zero, 12


mem[X,0x80023708] -> 0xAC23
mem[X,0x8002370A] -> 0x5840
[3581] [M]: 0x80023708 (0x5840AC23) sw tp, 1432(ra)
mem[0x8004C70C] <- 0x00000002


mem[X,0x8002370C] -> 0xB537
mem[X,0x8002370E] -> 0xAAAA
[3582] [M]: 0x8002370C (0xAAAAB537) lui a0, 699051
x10 <- 0xAAAAB000


mem[X,0x80023710] -> 0x0513
mem[X,0x80023712] -> 0xAA95
[3583] [M]: 0x80023710 (0xAA950513) addi a0, a0, 2729
x10 <- 0xAAAAAAA9


mem[X,0x80023714] -> 0x05B7
mem[X,0x80023716] -> 0x0001
[3584] [M]: 0x80023714 (0x000105B7) lui a1, 16
x11 <- 0x00010000


mem[X,0x80023718] -> 0x8593
mem[X,0x8002371A] -> 0xFFF5
[3585] [M]: 0x80023718 (0xFFF58593) addi a1, a1, 4095
x11 <- 0x0000FFFF


mem[X,0x8002371C] -> 0x0213
mem[X,0x8002371E] -> 0x0000
[3586] [M]: 0x8002371C (0x00000213) addi tp, zero, 0
x4 <- 0x00000000


mem[X,0x80023720] -> 0x006F
mem[X,0x80023722] -> 0x0050
[3587] [M]: 0x80023720 (0x0050006F) jal zero, 2052


mem[X,0x80023F24] -> 0x60E3
mem[X,0x80023F26] -> 0x80B5
[3588] [M]: 0x80023F24 (0x80B560E3) bltu a0, a1, 6144


mem[X,0x80023F28] -> 0x0213
mem[X,0x80023F2A] -> 0x0022
[3589] [M]: 0x80023F28 (0x00220213) addi tp, tp, 2
x4 <- 0x00000002


mem[X,0x80023F2C] -> 0x006F
mem[X,0x80023F2E] -> 0x00C0
[3590] [M]: 0x80023F2C (0x00C0006F) jal zero, 12


mem[X,0x80023F38] -> 0xAE23
mem[X,0x80023F3A] -> 0x5840
[3591] [M]: 0x80023F38 (0x5840AE23) sw tp, 1436(ra)
mem[0x8004C710] <- 0x00000002


mem[X,0x80023F3C] -> 0xB537
mem[X,0x80023F3E] -> 0xAAAA
[3592] [M]: 0x80023F3C (0xAAAAB537) lui a0, 699051
x10 <- 0xAAAAB000


mem[X,0x80023F40] -> 0x0513
mem[X,0x80023F42] -> 0xAA95
[3593] [M]: 0x80023F40 (0xAA950513) addi a0, a0, 2729
x10 <- 0xAAAAAAA9


mem[X,0x80023F44] -> 0x0593
mem[X,0x80023F46] -> 0x0020
[3594] [M]: 0x80023F44 (0x00200593) addi a1, zero, 2
x11 <- 0x00000002


mem[X,0x80023F48] -> 0x0213
mem[X,0x80023F4A] -> 0x0000
[3595] [M]: 0x80023F48 (0x00000213) addi tp, zero, 0
x4 <- 0x00000000


mem[X,0x80023F4C] -> 0x006F
mem[X,0x80023F4E] -> 0x00C0
[3596] [M]: 0x80023F4C (0x00C0006F) jal zero, 12


mem[X,0x80023F58] -> 0x6CE3
mem[X,0x80023F5A] -> 0xFEB5
[3597] [M]: 0x80023F58 (0xFEB56CE3) bltu a0, a1, 8184


mem[X,0x80023F5C] -> 0x0213
mem[X,0x80023F5E] -> 0x0022
[3598] [M]: 0x80023F5C (0x00220213) addi tp, tp, 2
x4 <- 0x00000002


mem[X,0x80023F60] -> 0x006F
mem[X,0x80023F62] -> 0x00C0
[3599] [M]: 0x80023F60 (0x00C0006F) jal zero, 12


clint::tick mtime <- 0x0000000000000024
 clint timer pending at mtime 0x0000000000000024
htif::tick 0x0000000000000000
mem[X,0x80023F6C] -> 0xA023
mem[X,0x80023F6E] -> 0x5A40
[3600] [M]: 0x80023F6C (0x5A40A023) sw tp, 1440(ra)
mem[0x8004C714] <- 0x00000002


mem[X,0x80023F70] -> 0xB537
mem[X,0x80023F72] -> 0xAAAA
[3601] [M]: 0x80023F70 (0xAAAAB537) lui a0, 699051
x10 <- 0xAAAAB000


mem[X,0x80023F74] -> 0x0513
mem[X,0x80023F76] -> 0xAA95
[3602] [M]: 0x80023F74 (0xAA950513) addi a0, a0, 2729
x10 <- 0xAAAAAAA9


mem[X,0x80023F78] -> 0x55B7
mem[X,0x80023F7A] -> 0x5555
[3603] [M]: 0x80023F78 (0x555555B7) lui a1, 349525
x11 <- 0x55555000


mem[X,0x80023F7C] -> 0x8593
mem[X,0x80023F7E] -> 0x5545
[3604] [M]: 0x80023F7C (0x55458593) addi a1, a1, 1364
x11 <- 0x55555554


mem[X,0x80023F80] -> 0x0213
mem[X,0x80023F82] -> 0x0000
[3605] [M]: 0x80023F80 (0x00000213) addi tp, zero, 0
x4 <- 0x00000000


mem[X,0x80023F84] -> 0x006F
mem[X,0x80023F86] -> 0x0180
[3606] [M]: 0x80023F84 (0x0180006F) jal zero, 24


mem[X,0x80023F9C] -> 0x66E3
mem[X,0x80023F9E] -> 0xFEB5
[3607] [M]: 0x80023F9C (0xFEB566E3) bltu a0, a1, 8172


mem[X,0x80023FA0] -> 0x0213
mem[X,0x80023FA2] -> 0x0022
[3608] [M]: 0x80023FA0 (0x00220213) addi tp, tp, 2
x4 <- 0x00000002


mem[X,0x80023FA4] -> 0x006F
mem[X,0x80023FA6] -> 0x00C0
[3609] [M]: 0x80023FA4 (0x00C0006F) jal zero, 12


mem[X,0x80023FB0] -> 0xA223
mem[X,0x80023FB2] -> 0x5A40
[3610] [M]: 0x80023FB0 (0x5A40A223) sw tp, 1444(ra)
mem[0x8004C718] <- 0x00000002


mem[X,0x80023FB4] -> 0xB537
mem[X,0x80023FB6] -> 0xAAAA
[3611] [M]: 0x80023FB4 (0xAAAAB537) lui a0, 699051
x10 <- 0xAAAAB000


mem[X,0x80023FB8] -> 0x0513
mem[X,0x80023FBA] -> 0xAA95
[3612] [M]: 0x80023FB8 (0xAA950513) addi a0, a0, 2729
x10 <- 0xAAAAAAA9


mem[X,0x80023FBC] -> 0xB5B7
mem[X,0x80023FBE] -> 0xAAAA
[3613] [M]: 0x80023FBC (0xAAAAB5B7) lui a1, 699051
x11 <- 0xAAAAB000


mem[X,0x80023FC0] -> 0x8593
mem[X,0x80023FC2] -> 0xAA95
[3614] [M]: 0x80023FC0 (0xAA958593) addi a1, a1, 2729
x11 <- 0xAAAAAAA9


mem[X,0x80023FC4] -> 0x0213
mem[X,0x80023FC6] -> 0x0000
[3615] [M]: 0x80023FC4 (0x00000213) addi tp, zero, 0
x4 <- 0x00000000


mem[X,0x80023FC8] -> 0x006F
mem[X,0x80023FCA] -> 0x00C0
[3616] [M]: 0x80023FC8 (0x00C0006F) jal zero, 12


mem[X,0x80023FD4] -> 0x6663
mem[X,0x80023FD6] -> 0x00B5
[3617] [M]: 0x80023FD4 (0x00B56663) bltu a0, a1, 12


mem[X,0x80023FD8] -> 0x0213
mem[X,0x80023FDA] -> 0x0022
[3618] [M]: 0x80023FD8 (0x00220213) addi tp, tp, 2
x4 <- 0x00000002


mem[X,0x80023FDC] -> 0x006F
mem[X,0x80023FDE] -> 0x00C0
[3619] [M]: 0x80023FDC (0x00C0006F) jal zero, 12


mem[X,0x80023FE8] -> 0xA423
mem[X,0x80023FEA] -> 0x5A40
[3620] [M]: 0x80023FE8 (0x5A40A423) sw tp, 1448(ra)
mem[0x8004C71C] <- 0x00000002


mem[X,0x80023FEC] -> 0xB537
mem[X,0x80023FEE] -> 0xAAAA
[3621] [M]: 0x80023FEC (0xAAAAB537) lui a0, 699051
x10 <- 0xAAAAB000


mem[X,0x80023FF0] -> 0x0513
mem[X,0x80023FF2] -> 0xAA95
[3622] [M]: 0x80023FF0 (0xAA950513) addi a0, a0, 2729
x10 <- 0xAAAAAAA9


mem[X,0x80023FF4] -> 0x0593
mem[X,0x80023FF6] -> 0x0040
[3623] [M]: 0x80023FF4 (0x00400593) addi a1, zero, 4
x11 <- 0x00000004


mem[X,0x80023FF8] -> 0x0213
mem[X,0x80023FFA] -> 0x0000
[3624] [M]: 0x80023FF8 (0x00000213) addi tp, zero, 0
x4 <- 0x00000000


mem[X,0x80023FFC] -> 0x006F
mem[X,0x80023FFE] -> 0x2B10
[3625] [M]: 0x80023FFC (0x2B10006F) jal zero, 2736


mem[X,0x80024AAC] -> 0x6A63
mem[X,0x80024AAE] -> 0xD4B5
[3626] [M]: 0x80024AAC (0xD4B56A63) bltu a0, a1, 5460


mem[X,0x80024AB0] -> 0x0213
mem[X,0x80024AB2] -> 0x0022
[3627] [M]: 0x80024AB0 (0x00220213) addi tp, tp, 2
x4 <- 0x00000002


mem[X,0x80024AB4] -> 0x006F
mem[X,0x80024AB6] -> 0x00C0
[3628] [M]: 0x80024AB4 (0x00C0006F) jal zero, 12


mem[X,0x80024AC0] -> 0xA623
mem[X,0x80024AC2] -> 0x5A40
[3629] [M]: 0x80024AC0 (0x5A40A623) sw tp, 1452(ra)
mem[0x8004C720] <- 0x00000002


mem[X,0x80024AC4] -> 0xB537
mem[X,0x80024AC6] -> 0xAAAA
[3630] [M]: 0x80024AC4 (0xAAAAB537) lui a0, 699051
x10 <- 0xAAAAB000


mem[X,0x80024AC8] -> 0x0513
mem[X,0x80024ACA] -> 0xAA95
[3631] [M]: 0x80024AC8 (0xAA950513) addi a0, a0, 2729
x10 <- 0xAAAAAAA9


mem[X,0x80024ACC] -> 0x35B7
mem[X,0x80024ACE] -> 0x3333
[3632] [M]: 0x80024ACC (0x333335B7) lui a1, 209715
x11 <- 0x33333000


mem[X,0x80024AD0] -> 0x8593
mem[X,0x80024AD2] -> 0x3325
[3633] [M]: 0x80024AD0 (0x33258593) addi a1, a1, 818
x11 <- 0x33333332


mem[X,0x80024AD4] -> 0x0213
mem[X,0x80024AD6] -> 0x0000
[3634] [M]: 0x80024AD4 (0x00000213) addi tp, zero, 0
x4 <- 0x00000000


mem[X,0x80024AD8] -> 0x006F
mem[X,0x80024ADA] -> 0x0050
[3635] [M]: 0x80024AD8 (0x0050006F) jal zero, 2052


mem[X,0x800252DC] -> 0x60E3
mem[X,0x800252DE] -> 0x80B5
[3636] [M]: 0x800252DC (0x80B560E3) bltu a0, a1, 6144


mem[X,0x800252E0] -> 0x0213
mem[X,0x800252E2] -> 0x0022
[3637] [M]: 0x800252E0 (0x00220213) addi tp, tp, 2
x4 <- 0x00000002


mem[X,0x800252E4] -> 0x006F
mem[X,0x800252E6] -> 0x00C0
[3638] [M]: 0x800252E4 (0x00C0006F) jal zero, 12


mem[X,0x800252F0] -> 0xA823
mem[X,0x800252F2] -> 0x5A40
[3639] [M]: 0x800252F0 (0x5A40A823) sw tp, 1456(ra)
mem[0x8004C724] <- 0x00000002


mem[X,0x800252F4] -> 0xB537
mem[X,0x800252F6] -> 0xAAAA
[3640] [M]: 0x800252F4 (0xAAAAB537) lui a0, 699051
x10 <- 0xAAAAB000


mem[X,0x800252F8] -> 0x0513
mem[X,0x800252FA] -> 0xAA95
[3641] [M]: 0x800252F8 (0xAA950513) addi a0, a0, 2729
x10 <- 0xAAAAAAA9


mem[X,0x800252FC] -> 0x65B7
mem[X,0x800252FE] -> 0x6666
[3642] [M]: 0x800252FC (0x666665B7) lui a1, 419430
x11 <- 0x66666000


mem[X,0x80025300] -> 0x8593
mem[X,0x80025302] -> 0x6655
[3643] [M]: 0x80025300 (0x66558593) addi a1, a1, 1637
x11 <- 0x66666665


mem[X,0x80025304] -> 0x0213
mem[X,0x80025306] -> 0x0000
[3644] [M]: 0x80025304 (0x00000213) addi tp, zero, 0
x4 <- 0x00000000


mem[X,0x80025308] -> 0x006F
mem[X,0x8002530A] -> 0x2B10
[3645] [M]: 0x80025308 (0x2B10006F) jal zero, 2736


mem[X,0x80025DB8] -> 0x6A63
mem[X,0x80025DBA] -> 0xD4B5
[3646] [M]: 0x80025DB8 (0xD4B56A63) bltu a0, a1, 5460


mem[X,0x80025DBC] -> 0x0213
mem[X,0x80025DBE] -> 0x0022
[3647] [M]: 0x80025DBC (0x00220213) addi tp, tp, 2
x4 <- 0x00000002


mem[X,0x80025DC0] -> 0x006F
mem[X,0x80025DC2] -> 0x00C0
[3648] [M]: 0x80025DC0 (0x00C0006F) jal zero, 12


mem[X,0x80025DCC] -> 0xAA23
mem[X,0x80025DCE] -> 0x5A40
[3649] [M]: 0x80025DCC (0x5A40AA23) sw tp, 1460(ra)
mem[0x8004C728] <- 0x00000002


mem[X,0x80025DD0] -> 0xB537
mem[X,0x80025DD2] -> 0xAAAA
[3650] [M]: 0x80025DD0 (0xAAAAB537) lui a0, 699051
x10 <- 0xAAAAB000


mem[X,0x80025DD4] -> 0x0513
mem[X,0x80025DD6] -> 0xAA95
[3651] [M]: 0x80025DD4 (0xAA950513) addi a0, a0, 2729
x10 <- 0xAAAAAAA9


mem[X,0x80025DD8] -> 0xB5B7
mem[X,0x80025DDA] -> 0x0000
[3652] [M]: 0x80025DD8 (0x0000B5B7) lui a1, 11
x11 <- 0x0000B000


mem[X,0x80025DDC] -> 0x8593
mem[X,0x80025DDE] -> 0x5035
[3653] [M]: 0x80025DDC (0x50358593) addi a1, a1, 1283
x11 <- 0x0000B503


mem[X,0x80025DE0] -> 0x0213
mem[X,0x80025DE2] -> 0x0000
[3654] [M]: 0x80025DE0 (0x00000213) addi tp, zero, 0
x4 <- 0x00000000


mem[X,0x80025DE4] -> 0x006F
mem[X,0x80025DE6] -> 0x00C0
[3655] [M]: 0x80025DE4 (0x00C0006F) jal zero, 12


mem[X,0x80025DF0] -> 0x6863
mem[X,0x80025DF2] -> 0x00B5
[3656] [M]: 0x80025DF0 (0x00B56863) bltu a0, a1, 16


mem[X,0x80025DF4] -> 0x0213
mem[X,0x80025DF6] -> 0x0022
[3657] [M]: 0x80025DF4 (0x00220213) addi tp, tp, 2
x4 <- 0x00000002


mem[X,0x80025DF8] -> 0x006F
mem[X,0x80025DFA] -> 0x0100
[3658] [M]: 0x80025DF8 (0x0100006F) jal zero, 16


mem[X,0x80025E08] -> 0xAC23
mem[X,0x80025E0A] -> 0x5A40
[3659] [M]: 0x80025E08 (0x5A40AC23) sw tp, 1464(ra)
mem[0x8004C72C] <- 0x00000002


mem[X,0x80025E0C] -> 0xB537
mem[X,0x80025E0E] -> 0xAAAA
[3660] [M]: 0x80025E0C (0xAAAAB537) lui a0, 699051
x10 <- 0xAAAAB000


mem[X,0x80025E10] -> 0x0513
mem[X,0x80025E12] -> 0xAA95
[3661] [M]: 0x80025E10 (0xAA950513) addi a0, a0, 2729
x10 <- 0xAAAAAAA9


mem[X,0x80025E14] -> 0x05B7
mem[X,0x80025E16] -> 0x0001
[3662] [M]: 0x80025E14 (0x000105B7) lui a1, 16
x11 <- 0x00010000


mem[X,0x80025E18] -> 0x8593
mem[X,0x80025E1A] -> 0xFFE5
[3663] [M]: 0x80025E18 (0xFFE58593) addi a1, a1, 4094
x11 <- 0x0000FFFE


mem[X,0x80025E1C] -> 0x0213
mem[X,0x80025E1E] -> 0x0000
[3664] [M]: 0x80025E1C (0x00000213) addi tp, zero, 0
x4 <- 0x00000000


mem[X,0x80025E20] -> 0x006F
mem[X,0x80025E22] -> 0x00C0
[3665] [M]: 0x80025E20 (0x00C0006F) jal zero, 12


mem[X,0x80025E2C] -> 0x6663
mem[X,0x80025E2E] -> 0x00B5
[3666] [M]: 0x80025E2C (0x00B56663) bltu a0, a1, 12


mem[X,0x80025E30] -> 0x0213
mem[X,0x80025E32] -> 0x0022
[3667] [M]: 0x80025E30 (0x00220213) addi tp, tp, 2
x4 <- 0x00000002


mem[X,0x80025E34] -> 0x006F
mem[X,0x80025E36] -> 0x00C0
[3668] [M]: 0x80025E34 (0x00C0006F) jal zero, 12


mem[X,0x80025E40] -> 0xAE23
mem[X,0x80025E42] -> 0x5A40
[3669] [M]: 0x80025E40 (0x5A40AE23) sw tp, 1468(ra)
mem[0x8004C730] <- 0x00000002


mem[X,0x80025E44] -> 0xB537
mem[X,0x80025E46] -> 0xAAAA
[3670] [M]: 0x80025E44 (0xAAAAB537) lui a0, 699051
x10 <- 0xAAAAB000


mem[X,0x80025E48] -> 0x0513
mem[X,0x80025E4A] -> 0xAA95
[3671] [M]: 0x80025E48 (0xAA950513) addi a0, a0, 2729
x10 <- 0xAAAAAAA9


mem[X,0x80025E4C] -> 0x55B7
mem[X,0x80025E4E] -> 0x5555
[3672] [M]: 0x80025E4C (0x555555B7) lui a1, 349525
x11 <- 0x55555000


mem[X,0x80025E50] -> 0x8593
mem[X,0x80025E52] -> 0x5565
[3673] [M]: 0x80025E50 (0x55658593) addi a1, a1, 1366
x11 <- 0x55555556


mem[X,0x80025E54] -> 0x0213
mem[X,0x80025E56] -> 0x0000
[3674] [M]: 0x80025E54 (0x00000213) addi tp, zero, 0
x4 <- 0x00000000


mem[X,0x80025E58] -> 0x006F
mem[X,0x80025E5A] -> 0x00C0
[3675] [M]: 0x80025E58 (0x00C0006F) jal zero, 12


mem[X,0x80025E64] -> 0x6063
mem[X,0x80025E66] -> 0x40B5
[3676] [M]: 0x80025E64 (0x40B56063) bltu a0, a1, 1024


mem[X,0x80025E68] -> 0x0213
mem[X,0x80025E6A] -> 0x0022
[3677] [M]: 0x80025E68 (0x00220213) addi tp, tp, 2
x4 <- 0x00000002


mem[X,0x80025E6C] -> 0x006F
mem[X,0x80025E6E] -> 0x4000
[3678] [M]: 0x80025E6C (0x4000006F) jal zero, 1024


mem[X,0x8002626C] -> 0xA023
mem[X,0x8002626E] -> 0x5C40
[3679] [M]: 0x8002626C (0x5C40A023) sw tp, 1472(ra)
mem[0x8004C734] <- 0x00000002


mem[X,0x80026270] -> 0xB537
mem[X,0x80026272] -> 0xAAAA
[3680] [M]: 0x80026270 (0xAAAAB537) lui a0, 699051
x10 <- 0xAAAAB000


mem[X,0x80026274] -> 0x0513
mem[X,0x80026276] -> 0xAA95
[3681] [M]: 0x80026274 (0xAA950513) addi a0, a0, 2729
x10 <- 0xAAAAAAA9


mem[X,0x80026278] -> 0xB5B7
mem[X,0x8002627A] -> 0xAAAA
[3682] [M]: 0x80026278 (0xAAAAB5B7) lui a1, 699051
x11 <- 0xAAAAB000


mem[X,0x8002627C] -> 0x8593
mem[X,0x8002627E] -> 0xAAB5
[3683] [M]: 0x8002627C (0xAAB58593) addi a1, a1, 2731
x11 <- 0xAAAAAAAB


mem[X,0x80026280] -> 0x0213
mem[X,0x80026282] -> 0x0000
[3684] [M]: 0x80026280 (0x00000213) addi tp, zero, 0
x4 <- 0x00000000


mem[X,0x80026284] -> 0x006F
mem[X,0x80026286] -> 0x00C0
[3685] [M]: 0x80026284 (0x00C0006F) jal zero, 12


mem[X,0x80026290] -> 0x6063
mem[X,0x80026292] -> 0x20B5
[3686] [M]: 0x80026290 (0x20B56063) bltu a0, a1, 512


mem[X,0x80026490] -> 0x0213
mem[X,0x80026492] -> 0x0032
[3687] [M]: 0x80026490 (0x00320213) addi tp, tp, 3
x4 <- 0x00000003


mem[X,0x80026494] -> 0x006F
mem[X,0x80026496] -> 0x0040
[3688] [M]: 0x80026494 (0x0040006F) jal zero, 4


mem[X,0x80026498] -> 0xA223
mem[X,0x8002649A] -> 0x5C40
[3689] [M]: 0x80026498 (0x5C40A223) sw tp, 1476(ra)
mem[0x8004C738] <- 0x00000003


mem[X,0x8002649C] -> 0xB537
mem[X,0x8002649E] -> 0xAAAA
[3690] [M]: 0x8002649C (0xAAAAB537) lui a0, 699051
x10 <- 0xAAAAB000


mem[X,0x800264A0] -> 0x0513
mem[X,0x800264A2] -> 0xAA95
[3691] [M]: 0x800264A0 (0xAA950513) addi a0, a0, 2729
x10 <- 0xAAAAAAA9


mem[X,0x800264A4] -> 0x0593
mem[X,0x800264A6] -> 0x0060
[3692] [M]: 0x800264A4 (0x00600593) addi a1, zero, 6
x11 <- 0x00000006


mem[X,0x800264A8] -> 0x0213
mem[X,0x800264AA] -> 0x0000
[3693] [M]: 0x800264A8 (0x00000213) addi tp, zero, 0
x4 <- 0x00000000


mem[X,0x800264AC] -> 0x006F
mem[X,0x800264AE] -> 0x00C0
[3694] [M]: 0x800264AC (0x00C0006F) jal zero, 12


mem[X,0x800264B8] -> 0x6663
mem[X,0x800264BA] -> 0x00B5
[3695] [M]: 0x800264B8 (0x00B56663) bltu a0, a1, 12


mem[X,0x800264BC] -> 0x0213
mem[X,0x800264BE] -> 0x0022
[3696] [M]: 0x800264BC (0x00220213) addi tp, tp, 2
x4 <- 0x00000002


mem[X,0x800264C0] -> 0x006F
mem[X,0x800264C2] -> 0x00C0
[3697] [M]: 0x800264C0 (0x00C0006F) jal zero, 12


mem[X,0x800264CC] -> 0xA423
mem[X,0x800264CE] -> 0x5C40
[3698] [M]: 0x800264CC (0x5C40A423) sw tp, 1480(ra)
mem[0x8004C73C] <- 0x00000002


mem[X,0x800264D0] -> 0xB537
mem[X,0x800264D2] -> 0xAAAA
[3699] [M]: 0x800264D0 (0xAAAAB537) lui a0, 699051
x10 <- 0xAAAAB000


clint::tick mtime <- 0x0000000000000025
 clint timer pending at mtime 0x0000000000000025
htif::tick 0x0000000000000000
mem[X,0x800264D4] -> 0x0513
mem[X,0x800264D6] -> 0xAA95
[3700] [M]: 0x800264D4 (0xAA950513) addi a0, a0, 2729
x10 <- 0xAAAAAAA9


mem[X,0x800264D8] -> 0x35B7
mem[X,0x800264DA] -> 0x3333
[3701] [M]: 0x800264D8 (0x333335B7) lui a1, 209715
x11 <- 0x33333000


mem[X,0x800264DC] -> 0x8593
mem[X,0x800264DE] -> 0x3345
[3702] [M]: 0x800264DC (0x33458593) addi a1, a1, 820
x11 <- 0x33333334


mem[X,0x800264E0] -> 0x0213
mem[X,0x800264E2] -> 0x0000
[3703] [M]: 0x800264E0 (0x00000213) addi tp, zero, 0
x4 <- 0x00000000


mem[X,0x800264E4] -> 0x006F
mem[X,0x800264E6] -> 0x00C0
[3704] [M]: 0x800264E4 (0x00C0006F) jal zero, 12


mem[X,0x800264F0] -> 0x6CE3
mem[X,0x800264F2] -> 0xFEB5
[3705] [M]: 0x800264F0 (0xFEB56CE3) bltu a0, a1, 8184


mem[X,0x800264F4] -> 0x0213
mem[X,0x800264F6] -> 0x0022
[3706] [M]: 0x800264F4 (0x00220213) addi tp, tp, 2
x4 <- 0x00000002


mem[X,0x800264F8] -> 0x006F
mem[X,0x800264FA] -> 0x00C0
[3707] [M]: 0x800264F8 (0x00C0006F) jal zero, 12


mem[X,0x80026504] -> 0xA623
mem[X,0x80026506] -> 0x5C40
[3708] [M]: 0x80026504 (0x5C40A623) sw tp, 1484(ra)
mem[0x8004C740] <- 0x00000002


mem[X,0x80026508] -> 0xB537
mem[X,0x8002650A] -> 0xAAAA
[3709] [M]: 0x80026508 (0xAAAAB537) lui a0, 699051
x10 <- 0xAAAAB000


mem[X,0x8002650C] -> 0x0513
mem[X,0x8002650E] -> 0xAA95
[3710] [M]: 0x8002650C (0xAA950513) addi a0, a0, 2729
x10 <- 0xAAAAAAA9


mem[X,0x80026510] -> 0x65B7
mem[X,0x80026512] -> 0x6666
[3711] [M]: 0x80026510 (0x666665B7) lui a1, 419430
x11 <- 0x66666000


mem[X,0x80026514] -> 0x8593
mem[X,0x80026516] -> 0x6675
[3712] [M]: 0x80026514 (0x66758593) addi a1, a1, 1639
x11 <- 0x66666667


mem[X,0x80026518] -> 0x0213
mem[X,0x8002651A] -> 0x0000
[3713] [M]: 0x80026518 (0x00000213) addi tp, zero, 0
x4 <- 0x00000000


mem[X,0x8002651C] -> 0x006F
mem[X,0x8002651E] -> 0x00C0
[3714] [M]: 0x8002651C (0x00C0006F) jal zero, 12


mem[X,0x80026528] -> 0x6063
mem[X,0x8002652A] -> 0x20B5
[3715] [M]: 0x80026528 (0x20B56063) bltu a0, a1, 512


mem[X,0x8002652C] -> 0x0213
mem[X,0x8002652E] -> 0x0022
[3716] [M]: 0x8002652C (0x00220213) addi tp, tp, 2
x4 <- 0x00000002


mem[X,0x80026530] -> 0x006F
mem[X,0x80026532] -> 0x2000
[3717] [M]: 0x80026530 (0x2000006F) jal zero, 512


mem[X,0x80026730] -> 0xA823
mem[X,0x80026732] -> 0x5C40
[3718] [M]: 0x80026730 (0x5C40A823) sw tp, 1488(ra)
mem[0x8004C744] <- 0x00000002


mem[X,0x80026734] -> 0xB537
mem[X,0x80026736] -> 0xAAAA
[3719] [M]: 0x80026734 (0xAAAAB537) lui a0, 699051
x10 <- 0xAAAAB000


mem[X,0x80026738] -> 0x0513
mem[X,0x8002673A] -> 0xAA95
[3720] [M]: 0x80026738 (0xAA950513) addi a0, a0, 2729
x10 <- 0xAAAAAAA9


mem[X,0x8002673C] -> 0xB5B7
mem[X,0x8002673E] -> 0x0000
[3721] [M]: 0x8002673C (0x0000B5B7) lui a1, 11
x11 <- 0x0000B000


mem[X,0x80026740] -> 0x8593
mem[X,0x80026742] -> 0x5055
[3722] [M]: 0x80026740 (0x50558593) addi a1, a1, 1285
x11 <- 0x0000B505


mem[X,0x80026744] -> 0x0213
mem[X,0x80026746] -> 0x0000
[3723] [M]: 0x80026744 (0x00000213) addi tp, zero, 0
x4 <- 0x00000000


mem[X,0x80026748] -> 0x006F
mem[X,0x8002674A] -> 0x00C0
[3724] [M]: 0x80026748 (0x00C0006F) jal zero, 12


mem[X,0x80026754] -> 0x6663
mem[X,0x80026756] -> 0x00B5
[3725] [M]: 0x80026754 (0x00B56663) bltu a0, a1, 12


mem[X,0x80026758] -> 0x0213
mem[X,0x8002675A] -> 0x0022
[3726] [M]: 0x80026758 (0x00220213) addi tp, tp, 2
x4 <- 0x00000002


mem[X,0x8002675C] -> 0x006F
mem[X,0x8002675E] -> 0x00C0
[3727] [M]: 0x8002675C (0x00C0006F) jal zero, 12


mem[X,0x80026768] -> 0xAA23
mem[X,0x8002676A] -> 0x5C40
[3728] [M]: 0x80026768 (0x5C40AA23) sw tp, 1492(ra)
mem[0x8004C748] <- 0x00000002


mem[X,0x8002676C] -> 0xB537
mem[X,0x8002676E] -> 0xAAAA
[3729] [M]: 0x8002676C (0xAAAAB537) lui a0, 699051
x10 <- 0xAAAAB000


mem[X,0x80026770] -> 0x0513
mem[X,0x80026772] -> 0xAA95
[3730] [M]: 0x80026770 (0xAA950513) addi a0, a0, 2729
x10 <- 0xAAAAAAA9


mem[X,0x80026774] -> 0x0593
mem[X,0x80026776] -> 0x0010
[3731] [M]: 0x80026774 (0x00100593) addi a1, zero, 1
x11 <- 0x00000001


mem[X,0x80026778] -> 0x0213
mem[X,0x8002677A] -> 0x0000
[3732] [M]: 0x80026778 (0x00000213) addi tp, zero, 0
x4 <- 0x00000000


mem[X,0x8002677C] -> 0x006F
mem[X,0x8002677E] -> 0x00C0
[3733] [M]: 0x8002677C (0x00C0006F) jal zero, 12


mem[X,0x80026788] -> 0x6663
mem[X,0x8002678A] -> 0x00B5
[3734] [M]: 0x80026788 (0x00B56663) bltu a0, a1, 12


mem[X,0x8002678C] -> 0x0213
mem[X,0x8002678E] -> 0x0022
[3735] [M]: 0x8002678C (0x00220213) addi tp, tp, 2
x4 <- 0x00000002


mem[X,0x80026790] -> 0x006F
mem[X,0x80026792] -> 0x00C0
[3736] [M]: 0x80026790 (0x00C0006F) jal zero, 12


mem[X,0x8002679C] -> 0xAC23
mem[X,0x8002679E] -> 0x5C40
[3737] [M]: 0x8002679C (0x5C40AC23) sw tp, 1496(ra)
mem[0x8004C74C] <- 0x00000002


mem[X,0x800267A0] -> 0xB537
mem[X,0x800267A2] -> 0xAAAA
[3738] [M]: 0x800267A0 (0xAAAAB537) lui a0, 699051
x10 <- 0xAAAAB000


mem[X,0x800267A4] -> 0x0513
mem[X,0x800267A6] -> 0xAA95
[3739] [M]: 0x800267A4 (0xAA950513) addi a0, a0, 2729
x10 <- 0xAAAAAAA9


mem[X,0x800267A8] -> 0x05B7
mem[X,0x800267AA] -> 0x0001
[3740] [M]: 0x800267A8 (0x000105B7) lui a1, 16
x11 <- 0x00010000


mem[X,0x800267AC] -> 0x0213
mem[X,0x800267AE] -> 0x0000
[3741] [M]: 0x800267AC (0x00000213) addi tp, zero, 0
x4 <- 0x00000000


mem[X,0x800267B0] -> 0x006F
mem[X,0x800267B2] -> 0x0140
[3742] [M]: 0x800267B0 (0x0140006F) jal zero, 20


mem[X,0x800267C4] -> 0x68E3
mem[X,0x800267C6] -> 0xFEB5
[3743] [M]: 0x800267C4 (0xFEB568E3) bltu a0, a1, 8176


mem[X,0x800267C8] -> 0x0213
mem[X,0x800267CA] -> 0x0022
[3744] [M]: 0x800267C8 (0x00220213) addi tp, tp, 2
x4 <- 0x00000002


mem[X,0x800267CC] -> 0x006F
mem[X,0x800267CE] -> 0x00C0
[3745] [M]: 0x800267CC (0x00C0006F) jal zero, 12


mem[X,0x800267D8] -> 0xAE23
mem[X,0x800267DA] -> 0x5C40
[3746] [M]: 0x800267D8 (0x5C40AE23) sw tp, 1500(ra)
mem[0x8004C750] <- 0x00000002


mem[X,0x800267DC] -> 0x0513
mem[X,0x800267DE] -> 0x0040
[3747] [M]: 0x800267DC (0x00400513) addi a0, zero, 4
x10 <- 0x00000004


mem[X,0x800267E0] -> 0x0593
mem[X,0x800267E2] -> 0x0030
[3748] [M]: 0x800267E0 (0x00300593) addi a1, zero, 3
x11 <- 0x00000003


mem[X,0x800267E4] -> 0x0213
mem[X,0x800267E6] -> 0x0000
[3749] [M]: 0x800267E4 (0x00000213) addi tp, zero, 0
x4 <- 0x00000000


mem[X,0x800267E8] -> 0x006F
mem[X,0x800267EA] -> 0x2B10
[3750] [M]: 0x800267E8 (0x2B10006F) jal zero, 2736


mem[X,0x80027298] -> 0x6A63
mem[X,0x8002729A] -> 0xD4B5
[3751] [M]: 0x80027298 (0xD4B56A63) bltu a0, a1, 5460


mem[X,0x8002729C] -> 0x0213
mem[X,0x8002729E] -> 0x0022
[3752] [M]: 0x8002729C (0x00220213) addi tp, tp, 2
x4 <- 0x00000002


mem[X,0x800272A0] -> 0x006F
mem[X,0x800272A2] -> 0x00C0
[3753] [M]: 0x800272A0 (0x00C0006F) jal zero, 12


mem[X,0x800272AC] -> 0xA023
mem[X,0x800272AE] -> 0x5E40
[3754] [M]: 0x800272AC (0x5E40A023) sw tp, 1504(ra)
mem[0x8004C754] <- 0x00000002


mem[X,0x800272B0] -> 0x0513
mem[X,0x800272B2] -> 0x0040
[3755] [M]: 0x800272B0 (0x00400513) addi a0, zero, 4
x10 <- 0x00000004


mem[X,0x800272B4] -> 0x55B7
mem[X,0x800272B6] -> 0x5555
[3756] [M]: 0x800272B4 (0x555555B7) lui a1, 349525
x11 <- 0x55555000


mem[X,0x800272B8] -> 0x8593
mem[X,0x800272BA] -> 0x5555
[3757] [M]: 0x800272B8 (0x55558593) addi a1, a1, 1365
x11 <- 0x55555555


mem[X,0x800272BC] -> 0x0213
mem[X,0x800272BE] -> 0x0000
[3758] [M]: 0x800272BC (0x00000213) addi tp, zero, 0
x4 <- 0x00000000


mem[X,0x800272C0] -> 0x006F
mem[X,0x800272C2] -> 0x00C0
[3759] [M]: 0x800272C0 (0x00C0006F) jal zero, 12


mem[X,0x800272CC] -> 0x6063
mem[X,0x800272CE] -> 0x40B5
[3760] [M]: 0x800272CC (0x40B56063) bltu a0, a1, 1024


mem[X,0x800276CC] -> 0x0213
mem[X,0x800276CE] -> 0x0032
[3761] [M]: 0x800276CC (0x00320213) addi tp, tp, 3
x4 <- 0x00000003


mem[X,0x800276D0] -> 0x006F
mem[X,0x800276D2] -> 0x0040
[3762] [M]: 0x800276D0 (0x0040006F) jal zero, 4


mem[X,0x800276D4] -> 0xA223
mem[X,0x800276D6] -> 0x5E40
[3763] [M]: 0x800276D4 (0x5E40A223) sw tp, 1508(ra)
mem[0x8004C758] <- 0x00000003


mem[X,0x800276D8] -> 0x0513
mem[X,0x800276DA] -> 0x0040
[3764] [M]: 0x800276D8 (0x00400513) addi a0, zero, 4
x10 <- 0x00000004


mem[X,0x800276DC] -> 0xB5B7
mem[X,0x800276DE] -> 0xAAAA
[3765] [M]: 0x800276DC (0xAAAAB5B7) lui a1, 699051
x11 <- 0xAAAAB000


mem[X,0x800276E0] -> 0x8593
mem[X,0x800276E2] -> 0xAAA5
[3766] [M]: 0x800276E0 (0xAAA58593) addi a1, a1, 2730
x11 <- 0xAAAAAAAA


mem[X,0x800276E4] -> 0x0213
mem[X,0x800276E6] -> 0x0000
[3767] [M]: 0x800276E4 (0x00000213) addi tp, zero, 0
x4 <- 0x00000000


mem[X,0x800276E8] -> 0x006F
mem[X,0x800276EA] -> 0x00C0
[3768] [M]: 0x800276E8 (0x00C0006F) jal zero, 12


mem[X,0x800276F4] -> 0x6663
mem[X,0x800276F6] -> 0x00B5
[3769] [M]: 0x800276F4 (0x00B56663) bltu a0, a1, 12


mem[X,0x80027700] -> 0x0213
mem[X,0x80027702] -> 0x0032
[3770] [M]: 0x80027700 (0x00320213) addi tp, tp, 3
x4 <- 0x00000003


mem[X,0x80027704] -> 0x006F
mem[X,0x80027706] -> 0x0040
[3771] [M]: 0x80027704 (0x0040006F) jal zero, 4


mem[X,0x80027708] -> 0xA423
mem[X,0x8002770A] -> 0x5E40
[3772] [M]: 0x80027708 (0x5E40A423) sw tp, 1512(ra)
mem[0x8004C75C] <- 0x00000003


mem[X,0x8002770C] -> 0x0513
mem[X,0x8002770E] -> 0x0040
[3773] [M]: 0x8002770C (0x00400513) addi a0, zero, 4
x10 <- 0x00000004


mem[X,0x80027710] -> 0x0593
mem[X,0x80027712] -> 0x0050
[3774] [M]: 0x80027710 (0x00500593) addi a1, zero, 5
x11 <- 0x00000005


mem[X,0x80027714] -> 0x0213
mem[X,0x80027716] -> 0x0000
[3775] [M]: 0x80027714 (0x00000213) addi tp, zero, 0
x4 <- 0x00000000


mem[X,0x80027718] -> 0x006F
mem[X,0x8002771A] -> 0x00C0
[3776] [M]: 0x80027718 (0x00C0006F) jal zero, 12


mem[X,0x80027724] -> 0x6063
mem[X,0x80027726] -> 0x04B5
[3777] [M]: 0x80027724 (0x04B56063) bltu a0, a1, 64


mem[X,0x80027764] -> 0x0213
mem[X,0x80027766] -> 0x0032
[3778] [M]: 0x80027764 (0x00320213) addi tp, tp, 3
x4 <- 0x00000003


mem[X,0x80027768] -> 0x006F
mem[X,0x8002776A] -> 0x0040
[3779] [M]: 0x80027768 (0x0040006F) jal zero, 4


mem[X,0x8002776C] -> 0xA623
mem[X,0x8002776E] -> 0x5E40
[3780] [M]: 0x8002776C (0x5E40A623) sw tp, 1516(ra)
mem[0x8004C760] <- 0x00000003


mem[X,0x80027770] -> 0x0513
mem[X,0x80027772] -> 0x0040
[3781] [M]: 0x80027770 (0x00400513) addi a0, zero, 4
x10 <- 0x00000004


mem[X,0x80027774] -> 0x35B7
mem[X,0x80027776] -> 0x3333
[3782] [M]: 0x80027774 (0x333335B7) lui a1, 209715
x11 <- 0x33333000


mem[X,0x80027778] -> 0x8593
mem[X,0x8002777A] -> 0x3335
[3783] [M]: 0x80027778 (0x33358593) addi a1, a1, 819
x11 <- 0x33333333


mem[X,0x8002777C] -> 0x0213
mem[X,0x8002777E] -> 0x0000
[3784] [M]: 0x8002777C (0x00000213) addi tp, zero, 0
x4 <- 0x00000000


mem[X,0x80027780] -> 0x006F
mem[X,0x80027782] -> 0x00C0
[3785] [M]: 0x80027780 (0x00C0006F) jal zero, 12


mem[X,0x8002778C] -> 0x6CE3
mem[X,0x8002778E] -> 0xFEB5
[3786] [M]: 0x8002778C (0xFEB56CE3) bltu a0, a1, 8184


mem[X,0x80027784] -> 0x0213
mem[X,0x80027786] -> 0x0012
[3787] [M]: 0x80027784 (0x00120213) addi tp, tp, 1
x4 <- 0x00000001


mem[X,0x80027788] -> 0x006F
mem[X,0x8002778A] -> 0x0180
[3788] [M]: 0x80027788 (0x0180006F) jal zero, 24


mem[X,0x800277A0] -> 0xA823
mem[X,0x800277A2] -> 0x5E40
[3789] [M]: 0x800277A0 (0x5E40A823) sw tp, 1520(ra)
mem[0x8004C764] <- 0x00000001


mem[X,0x800277A4] -> 0x0513
mem[X,0x800277A6] -> 0x0040
[3790] [M]: 0x800277A4 (0x00400513) addi a0, zero, 4
x10 <- 0x00000004


mem[X,0x800277A8] -> 0x65B7
mem[X,0x800277AA] -> 0x6666
[3791] [M]: 0x800277A8 (0x666665B7) lui a1, 419430
x11 <- 0x66666000


mem[X,0x800277AC] -> 0x8593
mem[X,0x800277AE] -> 0x6665
[3792] [M]: 0x800277AC (0x66658593) addi a1, a1, 1638
x11 <- 0x66666666


mem[X,0x800277B0] -> 0x0213
mem[X,0x800277B2] -> 0x0000
[3793] [M]: 0x800277B0 (0x00000213) addi tp, zero, 0
x4 <- 0x00000000


mem[X,0x800277B4] -> 0x006F
mem[X,0x800277B6] -> 0x0050
[3794] [M]: 0x800277B4 (0x0050006F) jal zero, 2052


mem[X,0x80027FB8] -> 0x60E3
mem[X,0x80027FBA] -> 0x80B5
[3795] [M]: 0x80027FB8 (0x80B560E3) bltu a0, a1, 6144


mem[X,0x800277B8] -> 0x0213
mem[X,0x800277BA] -> 0x0012
[3796] [M]: 0x800277B8 (0x00120213) addi tp, tp, 1
x4 <- 0x00000001


mem[X,0x800277BC] -> 0x006F
mem[X,0x800277BE] -> 0x0110
[3797] [M]: 0x800277BC (0x0110006F) jal zero, 2064


mem[X,0x80027FCC] -> 0xAA23
mem[X,0x80027FCE] -> 0x5E40
[3798] [M]: 0x80027FCC (0x5E40AA23) sw tp, 1524(ra)
mem[0x8004C768] <- 0x00000001


mem[X,0x80027FD0] -> 0x0513
mem[X,0x80027FD2] -> 0x0040
[3799] [M]: 0x80027FD0 (0x00400513) addi a0, zero, 4
x10 <- 0x00000004


clint::tick mtime <- 0x0000000000000026
 clint timer pending at mtime 0x0000000000000026
htif::tick 0x0000000000000000
mem[X,0x80027FD4] -> 0xB5B7
mem[X,0x80027FD6] -> 0x0000
[3800] [M]: 0x80027FD4 (0x0000B5B7) lui a1, 11
x11 <- 0x0000B000


mem[X,0x80027FD8] -> 0x8593
mem[X,0x80027FDA] -> 0x5045
[3801] [M]: 0x80027FD8 (0x50458593) addi a1, a1, 1284
x11 <- 0x0000B504


mem[X,0x80027FDC] -> 0x0213
mem[X,0x80027FDE] -> 0x0000
[3802] [M]: 0x80027FDC (0x00000213) addi tp, zero, 0
x4 <- 0x00000000


mem[X,0x80027FE0] -> 0x006F
mem[X,0x80027FE2] -> 0x00C0
[3803] [M]: 0x80027FE0 (0x00C0006F) jal zero, 12


mem[X,0x80027FEC] -> 0x6663
mem[X,0x80027FEE] -> 0x00B5
[3804] [M]: 0x80027FEC (0x00B56663) bltu a0, a1, 12


mem[X,0x80027FF8] -> 0x0213
mem[X,0x80027FFA] -> 0x0032
[3805] [M]: 0x80027FF8 (0x00320213) addi tp, tp, 3
x4 <- 0x00000003


mem[X,0x80027FFC] -> 0x006F
mem[X,0x80027FFE] -> 0x0040
[3806] [M]: 0x80027FFC (0x0040006F) jal zero, 4


mem[X,0x80028000] -> 0xAC23
mem[X,0x80028002] -> 0x5E40
[3807] [M]: 0x80028000 (0x5E40AC23) sw tp, 1528(ra)
mem[0x8004C76C] <- 0x00000003


mem[X,0x80028004] -> 0x0513
mem[X,0x80028006] -> 0x0040
[3808] [M]: 0x80028004 (0x00400513) addi a0, zero, 4
x10 <- 0x00000004


mem[X,0x80028008] -> 0x0593
mem[X,0x8002800A] -> 0x0000
[3809] [M]: 0x80028008 (0x00000593) addi a1, zero, 0
x11 <- 0x00000000


mem[X,0x8002800C] -> 0x0213
mem[X,0x8002800E] -> 0x0000
[3810] [M]: 0x8002800C (0x00000213) addi tp, zero, 0
x4 <- 0x00000000


mem[X,0x80028010] -> 0x006F
mem[X,0x80028012] -> 0x0140
[3811] [M]: 0x80028010 (0x0140006F) jal zero, 20


mem[X,0x80028024] -> 0x68E3
mem[X,0x80028026] -> 0xFEB5
[3812] [M]: 0x80028024 (0xFEB568E3) bltu a0, a1, 8176


mem[X,0x80028028] -> 0x0213
mem[X,0x8002802A] -> 0x0022
[3813] [M]: 0x80028028 (0x00220213) addi tp, tp, 2
x4 <- 0x00000002


mem[X,0x8002802C] -> 0x006F
mem[X,0x8002802E] -> 0x00C0
[3814] [M]: 0x8002802C (0x00C0006F) jal zero, 12


mem[X,0x80028038] -> 0xAE23
mem[X,0x8002803A] -> 0x5E40
[3815] [M]: 0x80028038 (0x5E40AE23) sw tp, 1532(ra)
mem[0x8004C770] <- 0x00000002


mem[X,0x8002803C] -> 0x0513
mem[X,0x8002803E] -> 0x0040
[3816] [M]: 0x8002803C (0x00400513) addi a0, zero, 4
x10 <- 0x00000004


mem[X,0x80028040] -> 0x05B7
mem[X,0x80028042] -> 0x0001
[3817] [M]: 0x80028040 (0x000105B7) lui a1, 16
x11 <- 0x00010000


mem[X,0x80028044] -> 0x8593
mem[X,0x80028046] -> 0xFFF5
[3818] [M]: 0x80028044 (0xFFF58593) addi a1, a1, 4095
x11 <- 0x0000FFFF


mem[X,0x80028048] -> 0x0213
mem[X,0x8002804A] -> 0x0000
[3819] [M]: 0x80028048 (0x00000213) addi tp, zero, 0
x4 <- 0x00000000


mem[X,0x8002804C] -> 0x006F
mem[X,0x8002804E] -> 0x00C0
[3820] [M]: 0x8002804C (0x00C0006F) jal zero, 12


mem[X,0x80028058] -> 0x6863
mem[X,0x8002805A] -> 0x00B5
[3821] [M]: 0x80028058 (0x00B56863) bltu a0, a1, 16


mem[X,0x80028068] -> 0x0213
mem[X,0x8002806A] -> 0x0032
[3822] [M]: 0x80028068 (0x00320213) addi tp, tp, 3
x4 <- 0x00000003


mem[X,0x8002806C] -> 0x006F
mem[X,0x8002806E] -> 0x0040
[3823] [M]: 0x8002806C (0x0040006F) jal zero, 4


mem[X,0x80028070] -> 0xA023
mem[X,0x80028072] -> 0x6040
[3824] [M]: 0x80028070 (0x6040A023) sw tp, 1536(ra)
mem[0x8004C774] <- 0x00000003


mem[X,0x80028074] -> 0x0513
mem[X,0x80028076] -> 0x0040
[3825] [M]: 0x80028074 (0x00400513) addi a0, zero, 4
x10 <- 0x00000004


mem[X,0x80028078] -> 0x0593
mem[X,0x8002807A] -> 0x0020
[3826] [M]: 0x80028078 (0x00200593) addi a1, zero, 2
x11 <- 0x00000002


mem[X,0x8002807C] -> 0x0213
mem[X,0x8002807E] -> 0x0000
[3827] [M]: 0x8002807C (0x00000213) addi tp, zero, 0
x4 <- 0x00000000


mem[X,0x80028080] -> 0x006F
mem[X,0x80028082] -> 0x00C0
[3828] [M]: 0x80028080 (0x00C0006F) jal zero, 12


mem[X,0x8002808C] -> 0x6CE3
mem[X,0x8002808E] -> 0xFEB5
[3829] [M]: 0x8002808C (0xFEB56CE3) bltu a0, a1, 8184


mem[X,0x80028090] -> 0x0213
mem[X,0x80028092] -> 0x0022
[3830] [M]: 0x80028090 (0x00220213) addi tp, tp, 2
x4 <- 0x00000002


mem[X,0x80028094] -> 0x006F
mem[X,0x80028096] -> 0x00C0
[3831] [M]: 0x80028094 (0x00C0006F) jal zero, 12


mem[X,0x800280A0] -> 0xA223
mem[X,0x800280A2] -> 0x6040
[3832] [M]: 0x800280A0 (0x6040A223) sw tp, 1540(ra)
mem[0x8004C778] <- 0x00000002


mem[X,0x800280A4] -> 0x0513
mem[X,0x800280A6] -> 0x0040
[3833] [M]: 0x800280A4 (0x00400513) addi a0, zero, 4
x10 <- 0x00000004


mem[X,0x800280A8] -> 0x55B7
mem[X,0x800280AA] -> 0x5555
[3834] [M]: 0x800280A8 (0x555555B7) lui a1, 349525
x11 <- 0x55555000


mem[X,0x800280AC] -> 0x8593
mem[X,0x800280AE] -> 0x5545
[3835] [M]: 0x800280AC (0x55458593) addi a1, a1, 1364
x11 <- 0x55555554


mem[X,0x800280B0] -> 0x0213
mem[X,0x800280B2] -> 0x0000
[3836] [M]: 0x800280B0 (0x00000213) addi tp, zero, 0
x4 <- 0x00000000


mem[X,0x800280B4] -> 0x006F
mem[X,0x800280B6] -> 0x00C0
[3837] [M]: 0x800280B4 (0x00C0006F) jal zero, 12


mem[X,0x800280C0] -> 0x6863
mem[X,0x800280C2] -> 0x00B5
[3838] [M]: 0x800280C0 (0x00B56863) bltu a0, a1, 16


mem[X,0x800280D0] -> 0x0213
mem[X,0x800280D2] -> 0x0032
[3839] [M]: 0x800280D0 (0x00320213) addi tp, tp, 3
x4 <- 0x00000003


mem[X,0x800280D4] -> 0x006F
mem[X,0x800280D6] -> 0x0040
[3840] [M]: 0x800280D4 (0x0040006F) jal zero, 4


mem[X,0x800280D8] -> 0xA423
mem[X,0x800280DA] -> 0x6040
[3841] [M]: 0x800280D8 (0x6040A423) sw tp, 1544(ra)
mem[0x8004C77C] <- 0x00000003


mem[X,0x800280DC] -> 0x0513
mem[X,0x800280DE] -> 0x0040
[3842] [M]: 0x800280DC (0x00400513) addi a0, zero, 4
x10 <- 0x00000004


mem[X,0x800280E0] -> 0xB5B7
mem[X,0x800280E2] -> 0xAAAA
[3843] [M]: 0x800280E0 (0xAAAAB5B7) lui a1, 699051
x11 <- 0xAAAAB000


mem[X,0x800280E4] -> 0x8593
mem[X,0x800280E6] -> 0xAA95
[3844] [M]: 0x800280E4 (0xAA958593) addi a1, a1, 2729
x11 <- 0xAAAAAAA9


mem[X,0x800280E8] -> 0x0213
mem[X,0x800280EA] -> 0x0000
[3845] [M]: 0x800280E8 (0x00000213) addi tp, zero, 0
x4 <- 0x00000000


mem[X,0x800280EC] -> 0x006F
mem[X,0x800280EE] -> 0x00C0
[3846] [M]: 0x800280EC (0x00C0006F) jal zero, 12


mem[X,0x800280F8] -> 0x6063
mem[X,0x800280FA] -> 0x10B5
[3847] [M]: 0x800280F8 (0x10B56063) bltu a0, a1, 256


mem[X,0x800281F8] -> 0x0213
mem[X,0x800281FA] -> 0x0032
[3848] [M]: 0x800281F8 (0x00320213) addi tp, tp, 3
x4 <- 0x00000003


mem[X,0x800281FC] -> 0x006F
mem[X,0x800281FE] -> 0x0040
[3849] [M]: 0x800281FC (0x0040006F) jal zero, 4


mem[X,0x80028200] -> 0xA623
mem[X,0x80028202] -> 0x6040
[3850] [M]: 0x80028200 (0x6040A623) sw tp, 1548(ra)
mem[0x8004C780] <- 0x00000003


mem[X,0x80028204] -> 0x0513
mem[X,0x80028206] -> 0x0040
[3851] [M]: 0x80028204 (0x00400513) addi a0, zero, 4
x10 <- 0x00000004


mem[X,0x80028208] -> 0x0593
mem[X,0x8002820A] -> 0x0040
[3852] [M]: 0x80028208 (0x00400593) addi a1, zero, 4
x11 <- 0x00000004


mem[X,0x8002820C] -> 0x0213
mem[X,0x8002820E] -> 0x0000
[3853] [M]: 0x8002820C (0x00000213) addi tp, zero, 0
x4 <- 0x00000000


mem[X,0x80028210] -> 0x006F
mem[X,0x80028212] -> 0x00C0
[3854] [M]: 0x80028210 (0x00C0006F) jal zero, 12


mem[X,0x8002821C] -> 0x6663
mem[X,0x8002821E] -> 0x00B5
[3855] [M]: 0x8002821C (0x00B56663) bltu a0, a1, 12


mem[X,0x80028220] -> 0x0213
mem[X,0x80028222] -> 0x0022
[3856] [M]: 0x80028220 (0x00220213) addi tp, tp, 2
x4 <- 0x00000002


mem[X,0x80028224] -> 0x006F
mem[X,0x80028226] -> 0x00C0
[3857] [M]: 0x80028224 (0x00C0006F) jal zero, 12


mem[X,0x80028230] -> 0xA823
mem[X,0x80028232] -> 0x6040
[3858] [M]: 0x80028230 (0x6040A823) sw tp, 1552(ra)
mem[0x8004C784] <- 0x00000002


mem[X,0x80028234] -> 0x0513
mem[X,0x80028236] -> 0x0040
[3859] [M]: 0x80028234 (0x00400513) addi a0, zero, 4
x10 <- 0x00000004


mem[X,0x80028238] -> 0x35B7
mem[X,0x8002823A] -> 0x3333
[3860] [M]: 0x80028238 (0x333335B7) lui a1, 209715
x11 <- 0x33333000


mem[X,0x8002823C] -> 0x8593
mem[X,0x8002823E] -> 0x3325
[3861] [M]: 0x8002823C (0x33258593) addi a1, a1, 818
x11 <- 0x33333332


mem[X,0x80028240] -> 0x0213
mem[X,0x80028242] -> 0x0000
[3862] [M]: 0x80028240 (0x00000213) addi tp, zero, 0
x4 <- 0x00000000


mem[X,0x80028244] -> 0x006F
mem[X,0x80028246] -> 0x00C0
[3863] [M]: 0x80028244 (0x00C0006F) jal zero, 12


mem[X,0x80028250] -> 0x6063
mem[X,0x80028252] -> 0x40B5
[3864] [M]: 0x80028250 (0x40B56063) bltu a0, a1, 1024


mem[X,0x80028650] -> 0x0213
mem[X,0x80028652] -> 0x0032
[3865] [M]: 0x80028650 (0x00320213) addi tp, tp, 3
x4 <- 0x00000003


mem[X,0x80028654] -> 0x006F
mem[X,0x80028656] -> 0x0040
[3866] [M]: 0x80028654 (0x0040006F) jal zero, 4


mem[X,0x80028658] -> 0xAA23
mem[X,0x8002865A] -> 0x6040
[3867] [M]: 0x80028658 (0x6040AA23) sw tp, 1556(ra)
mem[0x8004C788] <- 0x00000003


mem[X,0x8002865C] -> 0x0513
mem[X,0x8002865E] -> 0x0040
[3868] [M]: 0x8002865C (0x00400513) addi a0, zero, 4
x10 <- 0x00000004


mem[X,0x80028660] -> 0x65B7
mem[X,0x80028662] -> 0x6666
[3869] [M]: 0x80028660 (0x666665B7) lui a1, 419430
x11 <- 0x66666000


mem[X,0x80028664] -> 0x8593
mem[X,0x80028666] -> 0x6655
[3870] [M]: 0x80028664 (0x66558593) addi a1, a1, 1637
x11 <- 0x66666665


mem[X,0x80028668] -> 0x0213
mem[X,0x8002866A] -> 0x0000
[3871] [M]: 0x80028668 (0x00000213) addi tp, zero, 0
x4 <- 0x00000000


mem[X,0x8002866C] -> 0x006F
mem[X,0x8002866E] -> 0x00C0
[3872] [M]: 0x8002866C (0x00C0006F) jal zero, 12


mem[X,0x80028678] -> 0x6863
mem[X,0x8002867A] -> 0x00B5
[3873] [M]: 0x80028678 (0x00B56863) bltu a0, a1, 16


mem[X,0x80028688] -> 0x0213
mem[X,0x8002868A] -> 0x0032
[3874] [M]: 0x80028688 (0x00320213) addi tp, tp, 3
x4 <- 0x00000003


mem[X,0x8002868C] -> 0x006F
mem[X,0x8002868E] -> 0x0040
[3875] [M]: 0x8002868C (0x0040006F) jal zero, 4


mem[X,0x80028690] -> 0xAC23
mem[X,0x80028692] -> 0x6040
[3876] [M]: 0x80028690 (0x6040AC23) sw tp, 1560(ra)
mem[0x8004C78C] <- 0x00000003


mem[X,0x80028694] -> 0x0513
mem[X,0x80028696] -> 0x0040
[3877] [M]: 0x80028694 (0x00400513) addi a0, zero, 4
x10 <- 0x00000004


mem[X,0x80028698] -> 0xB5B7
mem[X,0x8002869A] -> 0x0000
[3878] [M]: 0x80028698 (0x0000B5B7) lui a1, 11
x11 <- 0x0000B000


mem[X,0x8002869C] -> 0x8593
mem[X,0x8002869E] -> 0x5035
[3879] [M]: 0x8002869C (0x50358593) addi a1, a1, 1283
x11 <- 0x0000B503


mem[X,0x800286A0] -> 0x0213
mem[X,0x800286A2] -> 0x0000
[3880] [M]: 0x800286A0 (0x00000213) addi tp, zero, 0
x4 <- 0x00000000


mem[X,0x800286A4] -> 0x006F
mem[X,0x800286A6] -> 0x00C0
[3881] [M]: 0x800286A4 (0x00C0006F) jal zero, 12


mem[X,0x800286B0] -> 0x6663
mem[X,0x800286B2] -> 0x00B5
[3882] [M]: 0x800286B0 (0x00B56663) bltu a0, a1, 12


mem[X,0x800286BC] -> 0x0213
mem[X,0x800286BE] -> 0x0032
[3883] [M]: 0x800286BC (0x00320213) addi tp, tp, 3
x4 <- 0x00000003


mem[X,0x800286C0] -> 0x006F
mem[X,0x800286C2] -> 0x0040
[3884] [M]: 0x800286C0 (0x0040006F) jal zero, 4


mem[X,0x800286C4] -> 0xAE23
mem[X,0x800286C6] -> 0x6040
[3885] [M]: 0x800286C4 (0x6040AE23) sw tp, 1564(ra)
mem[0x8004C790] <- 0x00000003


mem[X,0x800286C8] -> 0x0513
mem[X,0x800286CA] -> 0x0040
[3886] [M]: 0x800286C8 (0x00400513) addi a0, zero, 4
x10 <- 0x00000004


mem[X,0x800286CC] -> 0x05B7
mem[X,0x800286CE] -> 0x0001
[3887] [M]: 0x800286CC (0x000105B7) lui a1, 16
x11 <- 0x00010000


mem[X,0x800286D0] -> 0x8593
mem[X,0x800286D2] -> 0xFFE5
[3888] [M]: 0x800286D0 (0xFFE58593) addi a1, a1, 4094
x11 <- 0x0000FFFE


mem[X,0x800286D4] -> 0x0213
mem[X,0x800286D6] -> 0x0000
[3889] [M]: 0x800286D4 (0x00000213) addi tp, zero, 0
x4 <- 0x00000000


mem[X,0x800286D8] -> 0x006F
mem[X,0x800286DA] -> 0x00C0
[3890] [M]: 0x800286D8 (0x00C0006F) jal zero, 12


mem[X,0x800286E4] -> 0x6063
mem[X,0x800286E6] -> 0x10B5
[3891] [M]: 0x800286E4 (0x10B56063) bltu a0, a1, 256


mem[X,0x800287E4] -> 0x0213
mem[X,0x800287E6] -> 0x0032
[3892] [M]: 0x800287E4 (0x00320213) addi tp, tp, 3
x4 <- 0x00000003


mem[X,0x800287E8] -> 0x006F
mem[X,0x800287EA] -> 0x0040
[3893] [M]: 0x800287E8 (0x0040006F) jal zero, 4


mem[X,0x800287EC] -> 0xA023
mem[X,0x800287EE] -> 0x6240
[3894] [M]: 0x800287EC (0x6240A023) sw tp, 1568(ra)
mem[0x8004C794] <- 0x00000003


mem[X,0x800287F0] -> 0x0513
mem[X,0x800287F2] -> 0x0040
[3895] [M]: 0x800287F0 (0x00400513) addi a0, zero, 4
x10 <- 0x00000004


mem[X,0x800287F4] -> 0x55B7
mem[X,0x800287F6] -> 0x5555
[3896] [M]: 0x800287F4 (0x555555B7) lui a1, 349525
x11 <- 0x55555000


mem[X,0x800287F8] -> 0x8593
mem[X,0x800287FA] -> 0x5565
[3897] [M]: 0x800287F8 (0x55658593) addi a1, a1, 1366
x11 <- 0x55555556


mem[X,0x800287FC] -> 0x0213
mem[X,0x800287FE] -> 0x0000
[3898] [M]: 0x800287FC (0x00000213) addi tp, zero, 0
x4 <- 0x00000000


mem[X,0x80028800] -> 0x006F
mem[X,0x80028802] -> 0x00C0
[3899] [M]: 0x80028800 (0x00C0006F) jal zero, 12


clint::tick mtime <- 0x0000000000000027
 clint timer pending at mtime 0x0000000000000027
htif::tick 0x0000000000000000
mem[X,0x8002880C] -> 0x6CE3
mem[X,0x8002880E] -> 0xFEB5
[3900] [M]: 0x8002880C (0xFEB56CE3) bltu a0, a1, 8184


mem[X,0x80028804] -> 0x0213
mem[X,0x80028806] -> 0x0012
[3901] [M]: 0x80028804 (0x00120213) addi tp, tp, 1
x4 <- 0x00000001


mem[X,0x80028808] -> 0x006F
mem[X,0x8002880A] -> 0x0180
[3902] [M]: 0x80028808 (0x0180006F) jal zero, 24


mem[X,0x80028820] -> 0xA223
mem[X,0x80028822] -> 0x6240
[3903] [M]: 0x80028820 (0x6240A223) sw tp, 1572(ra)
mem[0x8004C798] <- 0x00000001


mem[X,0x80028824] -> 0x0513
mem[X,0x80028826] -> 0x0040
[3904] [M]: 0x80028824 (0x00400513) addi a0, zero, 4
x10 <- 0x00000004


mem[X,0x80028828] -> 0xB5B7
mem[X,0x8002882A] -> 0xAAAA
[3905] [M]: 0x80028828 (0xAAAAB5B7) lui a1, 699051
x11 <- 0xAAAAB000


mem[X,0x8002882C] -> 0x8593
mem[X,0x8002882E] -> 0xAAB5
[3906] [M]: 0x8002882C (0xAAB58593) addi a1, a1, 2731
x11 <- 0xAAAAAAAB


mem[X,0x80028830] -> 0x0213
mem[X,0x80028832] -> 0x0000
[3907] [M]: 0x80028830 (0x00000213) addi tp, zero, 0
x4 <- 0x00000000


mem[X,0x80028834] -> 0x006F
mem[X,0x80028836] -> 0x0050
[3908] [M]: 0x80028834 (0x0050006F) jal zero, 2052


mem[X,0x80029038] -> 0x60E3
mem[X,0x8002903A] -> 0x80B5
[3909] [M]: 0x80029038 (0x80B560E3) bltu a0, a1, 6144


mem[X,0x80028838] -> 0x0213
mem[X,0x8002883A] -> 0x0012
[3910] [M]: 0x80028838 (0x00120213) addi tp, tp, 1
x4 <- 0x00000001


mem[X,0x8002883C] -> 0x006F
mem[X,0x8002883E] -> 0x0110
[3911] [M]: 0x8002883C (0x0110006F) jal zero, 2064


mem[X,0x8002904C] -> 0xA423
mem[X,0x8002904E] -> 0x6240
[3912] [M]: 0x8002904C (0x6240A423) sw tp, 1576(ra)
mem[0x8004C79C] <- 0x00000001


mem[X,0x80029050] -> 0x0513
mem[X,0x80029052] -> 0x0040
[3913] [M]: 0x80029050 (0x00400513) addi a0, zero, 4
x10 <- 0x00000004


mem[X,0x80029054] -> 0x0593
mem[X,0x80029056] -> 0x0060
[3914] [M]: 0x80029054 (0x00600593) addi a1, zero, 6
x11 <- 0x00000006


mem[X,0x80029058] -> 0x0213
mem[X,0x8002905A] -> 0x0000
[3915] [M]: 0x80029058 (0x00000213) addi tp, zero, 0
x4 <- 0x00000000


mem[X,0x8002905C] -> 0x006F
mem[X,0x8002905E] -> 0x00C0
[3916] [M]: 0x8002905C (0x00C0006F) jal zero, 12


mem[X,0x80029068] -> 0x6063
mem[X,0x8002906A] -> 0x40B5
[3917] [M]: 0x80029068 (0x40B56063) bltu a0, a1, 1024


mem[X,0x80029468] -> 0x0213
mem[X,0x8002946A] -> 0x0032
[3918] [M]: 0x80029468 (0x00320213) addi tp, tp, 3
x4 <- 0x00000003


mem[X,0x8002946C] -> 0x006F
mem[X,0x8002946E] -> 0x0040
[3919] [M]: 0x8002946C (0x0040006F) jal zero, 4


mem[X,0x80029470] -> 0xA623
mem[X,0x80029472] -> 0x6240
[3920] [M]: 0x80029470 (0x6240A623) sw tp, 1580(ra)
mem[0x8004C7A0] <- 0x00000003


mem[X,0x80029474] -> 0x0513
mem[X,0x80029476] -> 0x0040
[3921] [M]: 0x80029474 (0x00400513) addi a0, zero, 4
x10 <- 0x00000004


mem[X,0x80029478] -> 0x35B7
mem[X,0x8002947A] -> 0x3333
[3922] [M]: 0x80029478 (0x333335B7) lui a1, 209715
x11 <- 0x33333000


mem[X,0x8002947C] -> 0x8593
mem[X,0x8002947E] -> 0x3345
[3923] [M]: 0x8002947C (0x33458593) addi a1, a1, 820
x11 <- 0x33333334


mem[X,0x80029480] -> 0x0213
mem[X,0x80029482] -> 0x0000
[3924] [M]: 0x80029480 (0x00000213) addi tp, zero, 0
x4 <- 0x00000000


mem[X,0x80029484] -> 0x006F
mem[X,0x80029486] -> 0x00C0
[3925] [M]: 0x80029484 (0x00C0006F) jal zero, 12


mem[X,0x80029490] -> 0x6063
mem[X,0x80029492] -> 0x08B5
[3926] [M]: 0x80029490 (0x08B56063) bltu a0, a1, 128


mem[X,0x80029510] -> 0x0213
mem[X,0x80029512] -> 0x0032
[3927] [M]: 0x80029510 (0x00320213) addi tp, tp, 3
x4 <- 0x00000003


mem[X,0x80029514] -> 0x006F
mem[X,0x80029516] -> 0x0040
[3928] [M]: 0x80029514 (0x0040006F) jal zero, 4


mem[X,0x80029518] -> 0xA823
mem[X,0x8002951A] -> 0x6240
[3929] [M]: 0x80029518 (0x6240A823) sw tp, 1584(ra)
mem[0x8004C7A4] <- 0x00000003


mem[X,0x8002951C] -> 0x0513
mem[X,0x8002951E] -> 0x0040
[3930] [M]: 0x8002951C (0x00400513) addi a0, zero, 4
x10 <- 0x00000004


mem[X,0x80029520] -> 0x65B7
mem[X,0x80029522] -> 0x6666
[3931] [M]: 0x80029520 (0x666665B7) lui a1, 419430
x11 <- 0x66666000


mem[X,0x80029524] -> 0x8593
mem[X,0x80029526] -> 0x6675
[3932] [M]: 0x80029524 (0x66758593) addi a1, a1, 1639
x11 <- 0x66666667


mem[X,0x80029528] -> 0x0213
mem[X,0x8002952A] -> 0x0000
[3933] [M]: 0x80029528 (0x00000213) addi tp, zero, 0
x4 <- 0x00000000


mem[X,0x8002952C] -> 0x006F
mem[X,0x8002952E] -> 0x2B10
[3934] [M]: 0x8002952C (0x2B10006F) jal zero, 2736


mem[X,0x80029FDC] -> 0x6A63
mem[X,0x80029FDE] -> 0xD4B5
[3935] [M]: 0x80029FDC (0xD4B56A63) bltu a0, a1, 5460


mem[X,0x80029530] -> 0x0213
mem[X,0x80029532] -> 0x0012
[3936] [M]: 0x80029530 (0x00120213) addi tp, tp, 1
x4 <- 0x00000001


mem[X,0x80029534] -> 0x006F
mem[X,0x80029536] -> 0x2BD0
[3937] [M]: 0x80029534 (0x2BD0006F) jal zero, 2748


mem[X,0x80029FF0] -> 0xAA23
mem[X,0x80029FF2] -> 0x6240
[3938] [M]: 0x80029FF0 (0x6240AA23) sw tp, 1588(ra)
mem[0x8004C7A8] <- 0x00000001


mem[X,0x80029FF4] -> 0x0513
mem[X,0x80029FF6] -> 0x0040
[3939] [M]: 0x80029FF4 (0x00400513) addi a0, zero, 4
x10 <- 0x00000004


mem[X,0x80029FF8] -> 0xB5B7
mem[X,0x80029FFA] -> 0x0000
[3940] [M]: 0x80029FF8 (0x0000B5B7) lui a1, 11
x11 <- 0x0000B000


mem[X,0x80029FFC] -> 0x8593
mem[X,0x80029FFE] -> 0x5055
[3941] [M]: 0x80029FFC (0x50558593) addi a1, a1, 1285
x11 <- 0x0000B505


mem[X,0x8002A000] -> 0x0213
mem[X,0x8002A002] -> 0x0000
[3942] [M]: 0x8002A000 (0x00000213) addi tp, zero, 0
x4 <- 0x00000000


mem[X,0x8002A004] -> 0x006F
mem[X,0x8002A006] -> 0x00C0
[3943] [M]: 0x8002A004 (0x00C0006F) jal zero, 12


mem[X,0x8002A010] -> 0x6663
mem[X,0x8002A012] -> 0x00B5
[3944] [M]: 0x8002A010 (0x00B56663) bltu a0, a1, 12


mem[X,0x8002A01C] -> 0x0213
mem[X,0x8002A01E] -> 0x0032
[3945] [M]: 0x8002A01C (0x00320213) addi tp, tp, 3
x4 <- 0x00000003


mem[X,0x8002A020] -> 0x006F
mem[X,0x8002A022] -> 0x0040
[3946] [M]: 0x8002A020 (0x0040006F) jal zero, 4


mem[X,0x8002A024] -> 0xAC23
mem[X,0x8002A026] -> 0x6240
[3947] [M]: 0x8002A024 (0x6240AC23) sw tp, 1592(ra)
mem[0x8004C7AC] <- 0x00000003


mem[X,0x8002A028] -> 0x0513
mem[X,0x8002A02A] -> 0x0040
[3948] [M]: 0x8002A028 (0x00400513) addi a0, zero, 4
x10 <- 0x00000004


mem[X,0x8002A02C] -> 0x0593
mem[X,0x8002A02E] -> 0x0010
[3949] [M]: 0x8002A02C (0x00100593) addi a1, zero, 1
x11 <- 0x00000001


mem[X,0x8002A030] -> 0x0213
mem[X,0x8002A032] -> 0x0000
[3950] [M]: 0x8002A030 (0x00000213) addi tp, zero, 0
x4 <- 0x00000000


mem[X,0x8002A034] -> 0x006F
mem[X,0x8002A036] -> 0x00C0
[3951] [M]: 0x8002A034 (0x00C0006F) jal zero, 12


mem[X,0x8002A040] -> 0x6663
mem[X,0x8002A042] -> 0x00B5
[3952] [M]: 0x8002A040 (0x00B56663) bltu a0, a1, 12


mem[X,0x8002A044] -> 0x0213
mem[X,0x8002A046] -> 0x0022
[3953] [M]: 0x8002A044 (0x00220213) addi tp, tp, 2
x4 <- 0x00000002


mem[X,0x8002A048] -> 0x006F
mem[X,0x8002A04A] -> 0x00C0
[3954] [M]: 0x8002A048 (0x00C0006F) jal zero, 12


mem[X,0x8002A054] -> 0xAE23
mem[X,0x8002A056] -> 0x6240
[3955] [M]: 0x8002A054 (0x6240AE23) sw tp, 1596(ra)
mem[0x8004C7B0] <- 0x00000002


mem[X,0x8002A058] -> 0x0513
mem[X,0x8002A05A] -> 0x0040
[3956] [M]: 0x8002A058 (0x00400513) addi a0, zero, 4
x10 <- 0x00000004


mem[X,0x8002A05C] -> 0x05B7
mem[X,0x8002A05E] -> 0x0001
[3957] [M]: 0x8002A05C (0x000105B7) lui a1, 16
x11 <- 0x00010000


mem[X,0x8002A060] -> 0x0213
mem[X,0x8002A062] -> 0x0000
[3958] [M]: 0x8002A060 (0x00000213) addi tp, zero, 0
x4 <- 0x00000000


mem[X,0x8002A064] -> 0x006F
mem[X,0x8002A066] -> 0x00C0
[3959] [M]: 0x8002A064 (0x00C0006F) jal zero, 12


mem[X,0x8002A070] -> 0x6663
mem[X,0x8002A072] -> 0x00B5
[3960] [M]: 0x8002A070 (0x00B56663) bltu a0, a1, 12


mem[X,0x8002A07C] -> 0x0213
mem[X,0x8002A07E] -> 0x0032
[3961] [M]: 0x8002A07C (0x00320213) addi tp, tp, 3
x4 <- 0x00000003


mem[X,0x8002A080] -> 0x006F
mem[X,0x8002A082] -> 0x0040
[3962] [M]: 0x8002A080 (0x0040006F) jal zero, 4


mem[X,0x8002A084] -> 0xA023
mem[X,0x8002A086] -> 0x6440
[3963] [M]: 0x8002A084 (0x6440A023) sw tp, 1600(ra)
mem[0x8004C7B4] <- 0x00000003


mem[X,0x8002A088] -> 0x3537
mem[X,0x8002A08A] -> 0x3333
[3964] [M]: 0x8002A088 (0x33333537) lui a0, 209715
x10 <- 0x33333000


mem[X,0x8002A08C] -> 0x0513
mem[X,0x8002A08E] -> 0x3325
[3965] [M]: 0x8002A08C (0x33250513) addi a0, a0, 818
x10 <- 0x33333332


mem[X,0x8002A090] -> 0x0593
mem[X,0x8002A092] -> 0x0030
[3966] [M]: 0x8002A090 (0x00300593) addi a1, zero, 3
x11 <- 0x00000003


mem[X,0x8002A094] -> 0x0213
mem[X,0x8002A096] -> 0x0000
[3967] [M]: 0x8002A094 (0x00000213) addi tp, zero, 0
x4 <- 0x00000000


mem[X,0x8002A098] -> 0x006F
mem[X,0x8002A09A] -> 0x00C0
[3968] [M]: 0x8002A098 (0x00C0006F) jal zero, 12


mem[X,0x8002A0A4] -> 0x6063
mem[X,0x8002A0A6] -> 0x08B5
[3969] [M]: 0x8002A0A4 (0x08B56063) bltu a0, a1, 128


mem[X,0x8002A0A8] -> 0x0213
mem[X,0x8002A0AA] -> 0x0022
[3970] [M]: 0x8002A0A8 (0x00220213) addi tp, tp, 2
x4 <- 0x00000002


mem[X,0x8002A0AC] -> 0x006F
mem[X,0x8002A0AE] -> 0x0800
[3971] [M]: 0x8002A0AC (0x0800006F) jal zero, 128


mem[X,0x8002A12C] -> 0xA223
mem[X,0x8002A12E] -> 0x6440
[3972] [M]: 0x8002A12C (0x6440A223) sw tp, 1604(ra)
mem[0x8004C7B8] <- 0x00000002


mem[X,0x8002A130] -> 0x3537
mem[X,0x8002A132] -> 0x3333
[3973] [M]: 0x8002A130 (0x33333537) lui a0, 209715
x10 <- 0x33333000


mem[X,0x8002A134] -> 0x0513
mem[X,0x8002A136] -> 0x3325
[3974] [M]: 0x8002A134 (0x33250513) addi a0, a0, 818
x10 <- 0x33333332


mem[X,0x8002A138] -> 0x55B7
mem[X,0x8002A13A] -> 0x5555
[3975] [M]: 0x8002A138 (0x555555B7) lui a1, 349525
x11 <- 0x55555000


mem[X,0x8002A13C] -> 0x8593
mem[X,0x8002A13E] -> 0x5555
[3976] [M]: 0x8002A13C (0x55558593) addi a1, a1, 1365
x11 <- 0x55555555


mem[X,0x8002A140] -> 0x0213
mem[X,0x8002A142] -> 0x0000
[3977] [M]: 0x8002A140 (0x00000213) addi tp, zero, 0
x4 <- 0x00000000


mem[X,0x8002A144] -> 0x006F
mem[X,0x8002A146] -> 0x0180
[3978] [M]: 0x8002A144 (0x0180006F) jal zero, 24


mem[X,0x8002A15C] -> 0x66E3
mem[X,0x8002A15E] -> 0xFEB5
[3979] [M]: 0x8002A15C (0xFEB566E3) bltu a0, a1, 8172


mem[X,0x8002A148] -> 0x0213
mem[X,0x8002A14A] -> 0x0012
[3980] [M]: 0x8002A148 (0x00120213) addi tp, tp, 1
x4 <- 0x00000001


mem[X,0x8002A14C] -> 0x006F
mem[X,0x8002A14E] -> 0x0240
[3981] [M]: 0x8002A14C (0x0240006F) jal zero, 36


mem[X,0x8002A170] -> 0xA423
mem[X,0x8002A172] -> 0x6440
[3982] [M]: 0x8002A170 (0x6440A423) sw tp, 1608(ra)
mem[0x8004C7BC] <- 0x00000001


mem[X,0x8002A174] -> 0x3537
mem[X,0x8002A176] -> 0x3333
[3983] [M]: 0x8002A174 (0x33333537) lui a0, 209715
x10 <- 0x33333000


mem[X,0x8002A178] -> 0x0513
mem[X,0x8002A17A] -> 0x3325
[3984] [M]: 0x8002A178 (0x33250513) addi a0, a0, 818
x10 <- 0x33333332


mem[X,0x8002A17C] -> 0xB5B7
mem[X,0x8002A17E] -> 0xAAAA
[3985] [M]: 0x8002A17C (0xAAAAB5B7) lui a1, 699051
x11 <- 0xAAAAB000


mem[X,0x8002A180] -> 0x8593
mem[X,0x8002A182] -> 0xAAA5
[3986] [M]: 0x8002A180 (0xAAA58593) addi a1, a1, 2730
x11 <- 0xAAAAAAAA


mem[X,0x8002A184] -> 0x0213
mem[X,0x8002A186] -> 0x0000
[3987] [M]: 0x8002A184 (0x00000213) addi tp, zero, 0
x4 <- 0x00000000


mem[X,0x8002A188] -> 0x006F
mem[X,0x8002A18A] -> 0x00C0
[3988] [M]: 0x8002A188 (0x00C0006F) jal zero, 12


mem[X,0x8002A194] -> 0x6663
mem[X,0x8002A196] -> 0x00B5
[3989] [M]: 0x8002A194 (0x00B56663) bltu a0, a1, 12


mem[X,0x8002A1A0] -> 0x0213
mem[X,0x8002A1A2] -> 0x0032
[3990] [M]: 0x8002A1A0 (0x00320213) addi tp, tp, 3
x4 <- 0x00000003


mem[X,0x8002A1A4] -> 0x006F
mem[X,0x8002A1A6] -> 0x0040
[3991] [M]: 0x8002A1A4 (0x0040006F) jal zero, 4


mem[X,0x8002A1A8] -> 0xA623
mem[X,0x8002A1AA] -> 0x6440
[3992] [M]: 0x8002A1A8 (0x6440A623) sw tp, 1612(ra)
mem[0x8004C7C0] <- 0x00000003


mem[X,0x8002A1AC] -> 0x3537
mem[X,0x8002A1AE] -> 0x3333
[3993] [M]: 0x8002A1AC (0x33333537) lui a0, 209715
x10 <- 0x33333000


mem[X,0x8002A1B0] -> 0x0513
mem[X,0x8002A1B2] -> 0x3325
[3994] [M]: 0x8002A1B0 (0x33250513) addi a0, a0, 818
x10 <- 0x33333332


mem[X,0x8002A1B4] -> 0x0593
mem[X,0x8002A1B6] -> 0x0050
[3995] [M]: 0x8002A1B4 (0x00500593) addi a1, zero, 5
x11 <- 0x00000005


mem[X,0x8002A1B8] -> 0x0213
mem[X,0x8002A1BA] -> 0x0000
[3996] [M]: 0x8002A1B8 (0x00000213) addi tp, zero, 0
x4 <- 0x00000000


mem[X,0x8002A1BC] -> 0x006F
mem[X,0x8002A1BE] -> 0x00C0
[3997] [M]: 0x8002A1BC (0x00C0006F) jal zero, 12


mem[X,0x8002A1C8] -> 0x6663
mem[X,0x8002A1CA] -> 0x00B5
[3998] [M]: 0x8002A1C8 (0x00B56663) bltu a0, a1, 12


mem[X,0x8002A1CC] -> 0x0213
mem[X,0x8002A1CE] -> 0x0022
[3999] [M]: 0x8002A1CC (0x00220213) addi tp, tp, 2
x4 <- 0x00000002


clint::tick mtime <- 0x0000000000000028
 clint timer pending at mtime 0x0000000000000028
htif::tick 0x0000000000000000
mem[X,0x8002A1D0] -> 0x006F
mem[X,0x8002A1D2] -> 0x00C0
[4000] [M]: 0x8002A1D0 (0x00C0006F) jal zero, 12


mem[X,0x8002A1DC] -> 0xA823
mem[X,0x8002A1DE] -> 0x6440
[4001] [M]: 0x8002A1DC (0x6440A823) sw tp, 1616(ra)
mem[0x8004C7C4] <- 0x00000002


mem[X,0x8002A1E0] -> 0x3537
mem[X,0x8002A1E2] -> 0x3333
[4002] [M]: 0x8002A1E0 (0x33333537) lui a0, 209715
x10 <- 0x33333000


mem[X,0x8002A1E4] -> 0x0513
mem[X,0x8002A1E6] -> 0x3325
[4003] [M]: 0x8002A1E4 (0x33250513) addi a0, a0, 818
x10 <- 0x33333332


mem[X,0x8002A1E8] -> 0x35B7
mem[X,0x8002A1EA] -> 0x3333
[4004] [M]: 0x8002A1E8 (0x333335B7) lui a1, 209715
x11 <- 0x33333000


mem[X,0x8002A1EC] -> 0x8593
mem[X,0x8002A1EE] -> 0x3335
[4005] [M]: 0x8002A1EC (0x33358593) addi a1, a1, 819
x11 <- 0x33333333


mem[X,0x8002A1F0] -> 0x0213
mem[X,0x8002A1F2] -> 0x0000
[4006] [M]: 0x8002A1F0 (0x00000213) addi tp, zero, 0
x4 <- 0x00000000


mem[X,0x8002A1F4] -> 0x006F
mem[X,0x8002A1F6] -> 0x00C0
[4007] [M]: 0x8002A1F4 (0x00C0006F) jal zero, 12


mem[X,0x8002A200] -> 0x6863
mem[X,0x8002A202] -> 0x00B5
[4008] [M]: 0x8002A200 (0x00B56863) bltu a0, a1, 16


mem[X,0x8002A210] -> 0x0213
mem[X,0x8002A212] -> 0x0032
[4009] [M]: 0x8002A210 (0x00320213) addi tp, tp, 3
x4 <- 0x00000003


mem[X,0x8002A214] -> 0x006F
mem[X,0x8002A216] -> 0x0040
[4010] [M]: 0x8002A214 (0x0040006F) jal zero, 4


mem[X,0x8002A218] -> 0xAA23
mem[X,0x8002A21A] -> 0x6440
[4011] [M]: 0x8002A218 (0x6440AA23) sw tp, 1620(ra)
mem[0x8004C7C8] <- 0x00000003


mem[X,0x8002A21C] -> 0x3537
mem[X,0x8002A21E] -> 0x3333
[4012] [M]: 0x8002A21C (0x33333537) lui a0, 209715
x10 <- 0x33333000


mem[X,0x8002A220] -> 0x0513
mem[X,0x8002A222] -> 0x3325
[4013] [M]: 0x8002A220 (0x33250513) addi a0, a0, 818
x10 <- 0x33333332


mem[X,0x8002A224] -> 0x65B7
mem[X,0x8002A226] -> 0x6666
[4014] [M]: 0x8002A224 (0x666665B7) lui a1, 419430
x11 <- 0x66666000


mem[X,0x8002A228] -> 0x8593
mem[X,0x8002A22A] -> 0x6665
[4015] [M]: 0x8002A228 (0x66658593) addi a1, a1, 1638
x11 <- 0x66666666


mem[X,0x8002A22C] -> 0x0213
mem[X,0x8002A22E] -> 0x0000
[4016] [M]: 0x8002A22C (0x00000213) addi tp, zero, 0
x4 <- 0x00000000


mem[X,0x8002A230] -> 0x006F
mem[X,0x8002A232] -> 0x00C0
[4017] [M]: 0x8002A230 (0x00C0006F) jal zero, 12


mem[X,0x8002A23C] -> 0x6063
mem[X,0x8002A23E] -> 0x08B5
[4018] [M]: 0x8002A23C (0x08B56063) bltu a0, a1, 128


mem[X,0x8002A2BC] -> 0x0213
mem[X,0x8002A2BE] -> 0x0032
[4019] [M]: 0x8002A2BC (0x00320213) addi tp, tp, 3
x4 <- 0x00000003


mem[X,0x8002A2C0] -> 0x006F
mem[X,0x8002A2C2] -> 0x0040
[4020] [M]: 0x8002A2C0 (0x0040006F) jal zero, 4


mem[X,0x8002A2C4] -> 0xAC23
mem[X,0x8002A2C6] -> 0x6440
[4021] [M]: 0x8002A2C4 (0x6440AC23) sw tp, 1624(ra)
mem[0x8004C7CC] <- 0x00000003


mem[X,0x8002A2C8] -> 0x3537
mem[X,0x8002A2CA] -> 0x3333
[4022] [M]: 0x8002A2C8 (0x33333537) lui a0, 209715
x10 <- 0x33333000


mem[X,0x8002A2CC] -> 0x0513
mem[X,0x8002A2CE] -> 0x3325
[4023] [M]: 0x8002A2CC (0x33250513) addi a0, a0, 818
x10 <- 0x33333332


mem[X,0x8002A2D0] -> 0xB5B7
mem[X,0x8002A2D2] -> 0x0000
[4024] [M]: 0x8002A2D0 (0x0000B5B7) lui a1, 11
x11 <- 0x0000B000


mem[X,0x8002A2D4] -> 0x8593
mem[X,0x8002A2D6] -> 0x5045
[4025] [M]: 0x8002A2D4 (0x50458593) addi a1, a1, 1284
x11 <- 0x0000B504


mem[X,0x8002A2D8] -> 0x0213
mem[X,0x8002A2DA] -> 0x0000
[4026] [M]: 0x8002A2D8 (0x00000213) addi tp, zero, 0
x4 <- 0x00000000


mem[X,0x8002A2DC] -> 0x006F
mem[X,0x8002A2DE] -> 0x0180
[4027] [M]: 0x8002A2DC (0x0180006F) jal zero, 24


mem[X,0x8002A2F4] -> 0x66E3
mem[X,0x8002A2F6] -> 0xFEB5
[4028] [M]: 0x8002A2F4 (0xFEB566E3) bltu a0, a1, 8172


mem[X,0x8002A2F8] -> 0x0213
mem[X,0x8002A2FA] -> 0x0022
[4029] [M]: 0x8002A2F8 (0x00220213) addi tp, tp, 2
x4 <- 0x00000002


mem[X,0x8002A2FC] -> 0x006F
mem[X,0x8002A2FE] -> 0x00C0
[4030] [M]: 0x8002A2FC (0x00C0006F) jal zero, 12


mem[X,0x8002A308] -> 0xAE23
mem[X,0x8002A30A] -> 0x6440
[4031] [M]: 0x8002A308 (0x6440AE23) sw tp, 1628(ra)
mem[0x8004C7D0] <- 0x00000002


mem[X,0x8002A30C] -> 0x3537
mem[X,0x8002A30E] -> 0x3333
[4032] [M]: 0x8002A30C (0x33333537) lui a0, 209715
x10 <- 0x33333000


mem[X,0x8002A310] -> 0x0513
mem[X,0x8002A312] -> 0x3325
[4033] [M]: 0x8002A310 (0x33250513) addi a0, a0, 818
x10 <- 0x33333332


mem[X,0x8002A314] -> 0x0593
mem[X,0x8002A316] -> 0x0000
[4034] [M]: 0x8002A314 (0x00000593) addi a1, zero, 0
x11 <- 0x00000000


mem[X,0x8002A318] -> 0x0213
mem[X,0x8002A31A] -> 0x0000
[4035] [M]: 0x8002A318 (0x00000213) addi tp, zero, 0
x4 <- 0x00000000


mem[X,0x8002A31C] -> 0x006F
mem[X,0x8002A31E] -> 0x0180
[4036] [M]: 0x8002A31C (0x0180006F) jal zero, 24


mem[X,0x8002A334] -> 0x66E3
mem[X,0x8002A336] -> 0xFEB5
[4037] [M]: 0x8002A334 (0xFEB566E3) bltu a0, a1, 8172


mem[X,0x8002A338] -> 0x0213
mem[X,0x8002A33A] -> 0x0022
[4038] [M]: 0x8002A338 (0x00220213) addi tp, tp, 2
x4 <- 0x00000002


mem[X,0x8002A33C] -> 0x006F
mem[X,0x8002A33E] -> 0x00C0
[4039] [M]: 0x8002A33C (0x00C0006F) jal zero, 12


mem[X,0x8002A348] -> 0xA023
mem[X,0x8002A34A] -> 0x6640
[4040] [M]: 0x8002A348 (0x6640A023) sw tp, 1632(ra)
mem[0x8004C7D4] <- 0x00000002


mem[X,0x8002A34C] -> 0x3537
mem[X,0x8002A34E] -> 0x3333
[4041] [M]: 0x8002A34C (0x33333537) lui a0, 209715
x10 <- 0x33333000


mem[X,0x8002A350] -> 0x0513
mem[X,0x8002A352] -> 0x3325
[4042] [M]: 0x8002A350 (0x33250513) addi a0, a0, 818
x10 <- 0x33333332


mem[X,0x8002A354] -> 0x05B7
mem[X,0x8002A356] -> 0x0001
[4043] [M]: 0x8002A354 (0x000105B7) lui a1, 16
x11 <- 0x00010000


mem[X,0x8002A358] -> 0x8593
mem[X,0x8002A35A] -> 0xFFF5
[4044] [M]: 0x8002A358 (0xFFF58593) addi a1, a1, 4095
x11 <- 0x0000FFFF


mem[X,0x8002A35C] -> 0x0213
mem[X,0x8002A35E] -> 0x0000
[4045] [M]: 0x8002A35C (0x00000213) addi tp, zero, 0
x4 <- 0x00000000


mem[X,0x8002A360] -> 0x006F
mem[X,0x8002A362] -> 0x00C0
[4046] [M]: 0x8002A360 (0x00C0006F) jal zero, 12


mem[X,0x8002A36C] -> 0x6063
mem[X,0x8002A36E] -> 0x40B5
[4047] [M]: 0x8002A36C (0x40B56063) bltu a0, a1, 1024


mem[X,0x8002A370] -> 0x0213
mem[X,0x8002A372] -> 0x0022
[4048] [M]: 0x8002A370 (0x00220213) addi tp, tp, 2
x4 <- 0x00000002


mem[X,0x8002A374] -> 0x006F
mem[X,0x8002A376] -> 0x4000
[4049] [M]: 0x8002A374 (0x4000006F) jal zero, 1024


mem[X,0x8002A774] -> 0xA223
mem[X,0x8002A776] -> 0x6640
[4050] [M]: 0x8002A774 (0x6640A223) sw tp, 1636(ra)
mem[0x8004C7D8] <- 0x00000002


mem[X,0x8002A778] -> 0x3537
mem[X,0x8002A77A] -> 0x3333
[4051] [M]: 0x8002A778 (0x33333537) lui a0, 209715
x10 <- 0x33333000


mem[X,0x8002A77C] -> 0x0513
mem[X,0x8002A77E] -> 0x3325
[4052] [M]: 0x8002A77C (0x33250513) addi a0, a0, 818
x10 <- 0x33333332


mem[X,0x8002A780] -> 0x0593
mem[X,0x8002A782] -> 0x0020
[4053] [M]: 0x8002A780 (0x00200593) addi a1, zero, 2
x11 <- 0x00000002


mem[X,0x8002A784] -> 0x0213
mem[X,0x8002A786] -> 0x0000
[4054] [M]: 0x8002A784 (0x00000213) addi tp, zero, 0
x4 <- 0x00000000


mem[X,0x8002A788] -> 0x006F
mem[X,0x8002A78A] -> 0x00C0
[4055] [M]: 0x8002A788 (0x00C0006F) jal zero, 12


mem[X,0x8002A794] -> 0x6CE3
mem[X,0x8002A796] -> 0xFEB5
[4056] [M]: 0x8002A794 (0xFEB56CE3) bltu a0, a1, 8184


mem[X,0x8002A798] -> 0x0213
mem[X,0x8002A79A] -> 0x0022
[4057] [M]: 0x8002A798 (0x00220213) addi tp, tp, 2
x4 <- 0x00000002


mem[X,0x8002A79C] -> 0x006F
mem[X,0x8002A79E] -> 0x00C0
[4058] [M]: 0x8002A79C (0x00C0006F) jal zero, 12


mem[X,0x8002A7A8] -> 0xA423
mem[X,0x8002A7AA] -> 0x6640
[4059] [M]: 0x8002A7A8 (0x6640A423) sw tp, 1640(ra)
mem[0x8004C7DC] <- 0x00000002


mem[X,0x8002A7AC] -> 0x3537
mem[X,0x8002A7AE] -> 0x3333
[4060] [M]: 0x8002A7AC (0x33333537) lui a0, 209715
x10 <- 0x33333000


mem[X,0x8002A7B0] -> 0x0513
mem[X,0x8002A7B2] -> 0x3325
[4061] [M]: 0x8002A7B0 (0x33250513) addi a0, a0, 818
x10 <- 0x33333332


mem[X,0x8002A7B4] -> 0x55B7
mem[X,0x8002A7B6] -> 0x5555
[4062] [M]: 0x8002A7B4 (0x555555B7) lui a1, 349525
x11 <- 0x55555000


mem[X,0x8002A7B8] -> 0x8593
mem[X,0x8002A7BA] -> 0x5545
[4063] [M]: 0x8002A7B8 (0x55458593) addi a1, a1, 1364
x11 <- 0x55555554


mem[X,0x8002A7BC] -> 0x0213
mem[X,0x8002A7BE] -> 0x0000
[4064] [M]: 0x8002A7BC (0x00000213) addi tp, zero, 0
x4 <- 0x00000000


mem[X,0x8002A7C0] -> 0x006F
mem[X,0x8002A7C2] -> 0x00C0
[4065] [M]: 0x8002A7C0 (0x00C0006F) jal zero, 12


mem[X,0x8002A7CC] -> 0x6663
mem[X,0x8002A7CE] -> 0x00B5
[4066] [M]: 0x8002A7CC (0x00B56663) bltu a0, a1, 12


mem[X,0x8002A7D8] -> 0x0213
mem[X,0x8002A7DA] -> 0x0032
[4067] [M]: 0x8002A7D8 (0x00320213) addi tp, tp, 3
x4 <- 0x00000003


mem[X,0x8002A7DC] -> 0x006F
mem[X,0x8002A7DE] -> 0x0040
[4068] [M]: 0x8002A7DC (0x0040006F) jal zero, 4


mem[X,0x8002A7E0] -> 0xA623
mem[X,0x8002A7E2] -> 0x6640
[4069] [M]: 0x8002A7E0 (0x6640A623) sw tp, 1644(ra)
mem[0x8004C7E0] <- 0x00000003


mem[X,0x8002A7E4] -> 0x3537
mem[X,0x8002A7E6] -> 0x3333
[4070] [M]: 0x8002A7E4 (0x33333537) lui a0, 209715
x10 <- 0x33333000


mem[X,0x8002A7E8] -> 0x0513
mem[X,0x8002A7EA] -> 0x3325
[4071] [M]: 0x8002A7E8 (0x33250513) addi a0, a0, 818
x10 <- 0x33333332


mem[X,0x8002A7EC] -> 0xB5B7
mem[X,0x8002A7EE] -> 0xAAAA
[4072] [M]: 0x8002A7EC (0xAAAAB5B7) lui a1, 699051
x11 <- 0xAAAAB000


mem[X,0x8002A7F0] -> 0x8593
mem[X,0x8002A7F2] -> 0xAA95
[4073] [M]: 0x8002A7F0 (0xAA958593) addi a1, a1, 2729
x11 <- 0xAAAAAAA9


mem[X,0x8002A7F4] -> 0x0213
mem[X,0x8002A7F6] -> 0x0000
[4074] [M]: 0x8002A7F4 (0x00000213) addi tp, zero, 0
x4 <- 0x00000000


mem[X,0x8002A7F8] -> 0x006F
mem[X,0x8002A7FA] -> 0x0100
[4075] [M]: 0x8002A7F8 (0x0100006F) jal zero, 16


mem[X,0x8002A808] -> 0x6AE3
mem[X,0x8002A80A] -> 0xFEB5
[4076] [M]: 0x8002A808 (0xFEB56AE3) bltu a0, a1, 8180


mem[X,0x8002A7FC] -> 0x0213
mem[X,0x8002A7FE] -> 0x0012
[4077] [M]: 0x8002A7FC (0x00120213) addi tp, tp, 1
x4 <- 0x00000001


mem[X,0x8002A800] -> 0x006F
mem[X,0x8002A802] -> 0x01C0
[4078] [M]: 0x8002A800 (0x01C0006F) jal zero, 28


mem[X,0x8002A81C] -> 0xA823
mem[X,0x8002A81E] -> 0x6640
[4079] [M]: 0x8002A81C (0x6640A823) sw tp, 1648(ra)
mem[0x8004C7E4] <- 0x00000001


mem[X,0x8002A820] -> 0x3537
mem[X,0x8002A822] -> 0x3333
[4080] [M]: 0x8002A820 (0x33333537) lui a0, 209715
x10 <- 0x33333000


mem[X,0x8002A824] -> 0x0513
mem[X,0x8002A826] -> 0x3325
[4081] [M]: 0x8002A824 (0x33250513) addi a0, a0, 818
x10 <- 0x33333332


mem[X,0x8002A828] -> 0x0593
mem[X,0x8002A82A] -> 0x0040
[4082] [M]: 0x8002A828 (0x00400593) addi a1, zero, 4
x11 <- 0x00000004


mem[X,0x8002A82C] -> 0x0213
mem[X,0x8002A82E] -> 0x0000
[4083] [M]: 0x8002A82C (0x00000213) addi tp, zero, 0
x4 <- 0x00000000


mem[X,0x8002A830] -> 0x006F
mem[X,0x8002A832] -> 0x00C0
[4084] [M]: 0x8002A830 (0x00C0006F) jal zero, 12


mem[X,0x8002A83C] -> 0x6063
mem[X,0x8002A83E] -> 0x08B5
[4085] [M]: 0x8002A83C (0x08B56063) bltu a0, a1, 128


mem[X,0x8002A840] -> 0x0213
mem[X,0x8002A842] -> 0x0022
[4086] [M]: 0x8002A840 (0x00220213) addi tp, tp, 2
x4 <- 0x00000002


mem[X,0x8002A844] -> 0x006F
mem[X,0x8002A846] -> 0x0800
[4087] [M]: 0x8002A844 (0x0800006F) jal zero, 128


mem[X,0x8002A8C4] -> 0xAA23
mem[X,0x8002A8C6] -> 0x6640
[4088] [M]: 0x8002A8C4 (0x6640AA23) sw tp, 1652(ra)
mem[0x8004C7E8] <- 0x00000002


mem[X,0x8002A8C8] -> 0x3537
mem[X,0x8002A8CA] -> 0x3333
[4089] [M]: 0x8002A8C8 (0x33333537) lui a0, 209715
x10 <- 0x33333000


mem[X,0x8002A8CC] -> 0x0513
mem[X,0x8002A8CE] -> 0x3325
[4090] [M]: 0x8002A8CC (0x33250513) addi a0, a0, 818
x10 <- 0x33333332


mem[X,0x8002A8D0] -> 0x35B7
mem[X,0x8002A8D2] -> 0x3333
[4091] [M]: 0x8002A8D0 (0x333335B7) lui a1, 209715
x11 <- 0x33333000


mem[X,0x8002A8D4] -> 0x8593
mem[X,0x8002A8D6] -> 0x3325
[4092] [M]: 0x8002A8D4 (0x33258593) addi a1, a1, 818
x11 <- 0x33333332


mem[X,0x8002A8D8] -> 0x0213
mem[X,0x8002A8DA] -> 0x0000
[4093] [M]: 0x8002A8D8 (0x00000213) addi tp, zero, 0
x4 <- 0x00000000


mem[X,0x8002A8DC] -> 0x006F
mem[X,0x8002A8DE] -> 0x00C0
[4094] [M]: 0x8002A8DC (0x00C0006F) jal zero, 12


mem[X,0x8002A8E8] -> 0x6663
mem[X,0x8002A8EA] -> 0x00B5
[4095] [M]: 0x8002A8E8 (0x00B56663) bltu a0, a1, 12


mem[X,0x8002A8EC] -> 0x0213
mem[X,0x8002A8EE] -> 0x0022
[4096] [M]: 0x8002A8EC (0x00220213) addi tp, tp, 2
x4 <- 0x00000002


mem[X,0x8002A8F0] -> 0x006F
mem[X,0x8002A8F2] -> 0x00C0
[4097] [M]: 0x8002A8F0 (0x00C0006F) jal zero, 12


mem[X,0x8002A8FC] -> 0xAC23
mem[X,0x8002A8FE] -> 0x6640
[4098] [M]: 0x8002A8FC (0x6640AC23) sw tp, 1656(ra)
mem[0x8004C7EC] <- 0x00000002


mem[X,0x8002A900] -> 0x3537
mem[X,0x8002A902] -> 0x3333
[4099] [M]: 0x8002A900 (0x33333537) lui a0, 209715
x10 <- 0x33333000


clint::tick mtime <- 0x0000000000000029
 clint timer pending at mtime 0x0000000000000029
htif::tick 0x0000000000000000
mem[X,0x8002A904] -> 0x0513
mem[X,0x8002A906] -> 0x3325
[4100] [M]: 0x8002A904 (0x33250513) addi a0, a0, 818
x10 <- 0x33333332


mem[X,0x8002A908] -> 0x65B7
mem[X,0x8002A90A] -> 0x6666
[4101] [M]: 0x8002A908 (0x666665B7) lui a1, 419430
x11 <- 0x66666000


mem[X,0x8002A90C] -> 0x8593
mem[X,0x8002A90E] -> 0x6655
[4102] [M]: 0x8002A90C (0x66558593) addi a1, a1, 1637
x11 <- 0x66666665


mem[X,0x8002A910] -> 0x0213
mem[X,0x8002A912] -> 0x0000
[4103] [M]: 0x8002A910 (0x00000213) addi tp, zero, 0
x4 <- 0x00000000


mem[X,0x8002A914] -> 0x006F
mem[X,0x8002A916] -> 0x0180
[4104] [M]: 0x8002A914 (0x0180006F) jal zero, 24


mem[X,0x8002A92C] -> 0x66E3
mem[X,0x8002A92E] -> 0xFEB5
[4105] [M]: 0x8002A92C (0xFEB566E3) bltu a0, a1, 8172


mem[X,0x8002A918] -> 0x0213
mem[X,0x8002A91A] -> 0x0012
[4106] [M]: 0x8002A918 (0x00120213) addi tp, tp, 1
x4 <- 0x00000001


mem[X,0x8002A91C] -> 0x006F
mem[X,0x8002A91E] -> 0x0240
[4107] [M]: 0x8002A91C (0x0240006F) jal zero, 36


mem[X,0x8002A940] -> 0xAE23
mem[X,0x8002A942] -> 0x6640
[4108] [M]: 0x8002A940 (0x6640AE23) sw tp, 1660(ra)
mem[0x8004C7F0] <- 0x00000001


mem[X,0x8002A944] -> 0x3537
mem[X,0x8002A946] -> 0x3333
[4109] [M]: 0x8002A944 (0x33333537) lui a0, 209715
x10 <- 0x33333000


mem[X,0x8002A948] -> 0x0513
mem[X,0x8002A94A] -> 0x3325
[4110] [M]: 0x8002A948 (0x33250513) addi a0, a0, 818
x10 <- 0x33333332


mem[X,0x8002A94C] -> 0xB5B7
mem[X,0x8002A94E] -> 0x0000
[4111] [M]: 0x8002A94C (0x0000B5B7) lui a1, 11
x11 <- 0x0000B000


mem[X,0x8002A950] -> 0x8593
mem[X,0x8002A952] -> 0x5035
[4112] [M]: 0x8002A950 (0x50358593) addi a1, a1, 1283
x11 <- 0x0000B503


mem[X,0x8002A954] -> 0x0213
mem[X,0x8002A956] -> 0x0000
[4113] [M]: 0x8002A954 (0x00000213) addi tp, zero, 0
x4 <- 0x00000000


mem[X,0x8002A958] -> 0x006F
mem[X,0x8002A95A] -> 0x00C0
[4114] [M]: 0x8002A958 (0x00C0006F) jal zero, 12


mem[X,0x8002A964] -> 0x6663
mem[X,0x8002A966] -> 0x00B5
[4115] [M]: 0x8002A964 (0x00B56663) bltu a0, a1, 12


mem[X,0x8002A968] -> 0x0213
mem[X,0x8002A96A] -> 0x0022
[4116] [M]: 0x8002A968 (0x00220213) addi tp, tp, 2
x4 <- 0x00000002


mem[X,0x8002A96C] -> 0x006F
mem[X,0x8002A96E] -> 0x00C0
[4117] [M]: 0x8002A96C (0x00C0006F) jal zero, 12


mem[X,0x8002A978] -> 0xA023
mem[X,0x8002A97A] -> 0x6840
[4118] [M]: 0x8002A978 (0x6840A023) sw tp, 1664(ra)
mem[0x8004C7F4] <- 0x00000002


mem[X,0x8002A97C] -> 0x3537
mem[X,0x8002A97E] -> 0x3333
[4119] [M]: 0x8002A97C (0x33333537) lui a0, 209715
x10 <- 0x33333000


mem[X,0x8002A980] -> 0x0513
mem[X,0x8002A982] -> 0x3325
[4120] [M]: 0x8002A980 (0x33250513) addi a0, a0, 818
x10 <- 0x33333332


mem[X,0x8002A984] -> 0x05B7
mem[X,0x8002A986] -> 0x0001
[4121] [M]: 0x8002A984 (0x000105B7) lui a1, 16
x11 <- 0x00010000


mem[X,0x8002A988] -> 0x8593
mem[X,0x8002A98A] -> 0xFFE5
[4122] [M]: 0x8002A988 (0xFFE58593) addi a1, a1, 4094
x11 <- 0x0000FFFE


mem[X,0x8002A98C] -> 0x0213
mem[X,0x8002A98E] -> 0x0000
[4123] [M]: 0x8002A98C (0x00000213) addi tp, zero, 0
x4 <- 0x00000000


mem[X,0x8002A990] -> 0x006F
mem[X,0x8002A992] -> 0x00C0
[4124] [M]: 0x8002A990 (0x00C0006F) jal zero, 12


mem[X,0x8002A99C] -> 0x6CE3
mem[X,0x8002A99E] -> 0xFEB5
[4125] [M]: 0x8002A99C (0xFEB56CE3) bltu a0, a1, 8184


mem[X,0x8002A9A0] -> 0x0213
mem[X,0x8002A9A2] -> 0x0022
[4126] [M]: 0x8002A9A0 (0x00220213) addi tp, tp, 2
x4 <- 0x00000002


mem[X,0x8002A9A4] -> 0x006F
mem[X,0x8002A9A6] -> 0x00C0
[4127] [M]: 0x8002A9A4 (0x00C0006F) jal zero, 12


mem[X,0x8002A9B0] -> 0xA223
mem[X,0x8002A9B2] -> 0x6840
[4128] [M]: 0x8002A9B0 (0x6840A223) sw tp, 1668(ra)
mem[0x8004C7F8] <- 0x00000002


mem[X,0x8002A9B4] -> 0x3537
mem[X,0x8002A9B6] -> 0x3333
[4129] [M]: 0x8002A9B4 (0x33333537) lui a0, 209715
x10 <- 0x33333000


mem[X,0x8002A9B8] -> 0x0513
mem[X,0x8002A9BA] -> 0x3325
[4130] [M]: 0x8002A9B8 (0x33250513) addi a0, a0, 818
x10 <- 0x33333332


mem[X,0x8002A9BC] -> 0x55B7
mem[X,0x8002A9BE] -> 0x5555
[4131] [M]: 0x8002A9BC (0x555555B7) lui a1, 349525
x11 <- 0x55555000


mem[X,0x8002A9C0] -> 0x8593
mem[X,0x8002A9C2] -> 0x5565
[4132] [M]: 0x8002A9C0 (0x55658593) addi a1, a1, 1366
x11 <- 0x55555556


mem[X,0x8002A9C4] -> 0x0213
mem[X,0x8002A9C6] -> 0x0000
[4133] [M]: 0x8002A9C4 (0x00000213) addi tp, zero, 0
x4 <- 0x00000000


mem[X,0x8002A9C8] -> 0x006F
mem[X,0x8002A9CA] -> 0x00C0
[4134] [M]: 0x8002A9C8 (0x00C0006F) jal zero, 12


mem[X,0x8002A9D4] -> 0x6CE3
mem[X,0x8002A9D6] -> 0xFEB5
[4135] [M]: 0x8002A9D4 (0xFEB56CE3) bltu a0, a1, 8184


mem[X,0x8002A9CC] -> 0x0213
mem[X,0x8002A9CE] -> 0x0012
[4136] [M]: 0x8002A9CC (0x00120213) addi tp, tp, 1
x4 <- 0x00000001


mem[X,0x8002A9D0] -> 0x006F
mem[X,0x8002A9D2] -> 0x0180
[4137] [M]: 0x8002A9D0 (0x0180006F) jal zero, 24


mem[X,0x8002A9E8] -> 0xA423
mem[X,0x8002A9EA] -> 0x6840
[4138] [M]: 0x8002A9E8 (0x6840A423) sw tp, 1672(ra)
mem[0x8004C7FC] <- 0x00000001


mem[X,0x8002A9EC] -> 0x3537
mem[X,0x8002A9EE] -> 0x3333
[4139] [M]: 0x8002A9EC (0x33333537) lui a0, 209715
x10 <- 0x33333000


mem[X,0x8002A9F0] -> 0x0513
mem[X,0x8002A9F2] -> 0x3325
[4140] [M]: 0x8002A9F0 (0x33250513) addi a0, a0, 818
x10 <- 0x33333332


mem[X,0x8002A9F4] -> 0xB5B7
mem[X,0x8002A9F6] -> 0xAAAA
[4141] [M]: 0x8002A9F4 (0xAAAAB5B7) lui a1, 699051
x11 <- 0xAAAAB000


mem[X,0x8002A9F8] -> 0x8593
mem[X,0x8002A9FA] -> 0xAAB5
[4142] [M]: 0x8002A9F8 (0xAAB58593) addi a1, a1, 2731
x11 <- 0xAAAAAAAB


mem[X,0x8002A9FC] -> 0x0213
mem[X,0x8002A9FE] -> 0x0000
[4143] [M]: 0x8002A9FC (0x00000213) addi tp, zero, 0
x4 <- 0x00000000


mem[X,0x8002AA00] -> 0x006F
mem[X,0x8002AA02] -> 0x00C0
[4144] [M]: 0x8002AA00 (0x00C0006F) jal zero, 12


mem[X,0x8002AA0C] -> 0x6063
mem[X,0x8002AA0E] -> 0x04B5
[4145] [M]: 0x8002AA0C (0x04B56063) bltu a0, a1, 64


mem[X,0x8002AA4C] -> 0x0213
mem[X,0x8002AA4E] -> 0x0032
[4146] [M]: 0x8002AA4C (0x00320213) addi tp, tp, 3
x4 <- 0x00000003


mem[X,0x8002AA50] -> 0x006F
mem[X,0x8002AA52] -> 0x0040
[4147] [M]: 0x8002AA50 (0x0040006F) jal zero, 4


mem[X,0x8002AA54] -> 0xA623
mem[X,0x8002AA56] -> 0x6840
[4148] [M]: 0x8002AA54 (0x6840A623) sw tp, 1676(ra)
mem[0x8004C800] <- 0x00000003


mem[X,0x8002AA58] -> 0x3537
mem[X,0x8002AA5A] -> 0x3333
[4149] [M]: 0x8002AA58 (0x33333537) lui a0, 209715
x10 <- 0x33333000


mem[X,0x8002AA5C] -> 0x0513
mem[X,0x8002AA5E] -> 0x3325
[4150] [M]: 0x8002AA5C (0x33250513) addi a0, a0, 818
x10 <- 0x33333332


mem[X,0x8002AA60] -> 0x0593
mem[X,0x8002AA62] -> 0x0060
[4151] [M]: 0x8002AA60 (0x00600593) addi a1, zero, 6
x11 <- 0x00000006


mem[X,0x8002AA64] -> 0x0213
mem[X,0x8002AA66] -> 0x0000
[4152] [M]: 0x8002AA64 (0x00000213) addi tp, zero, 0
x4 <- 0x00000000


mem[X,0x8002AA68] -> 0x006F
mem[X,0x8002AA6A] -> 0x00C0
[4153] [M]: 0x8002AA68 (0x00C0006F) jal zero, 12


mem[X,0x8002AA74] -> 0x6063
mem[X,0x8002AA76] -> 0x08B5
[4154] [M]: 0x8002AA74 (0x08B56063) bltu a0, a1, 128


mem[X,0x8002AA78] -> 0x0213
mem[X,0x8002AA7A] -> 0x0022
[4155] [M]: 0x8002AA78 (0x00220213) addi tp, tp, 2
x4 <- 0x00000002


mem[X,0x8002AA7C] -> 0x006F
mem[X,0x8002AA7E] -> 0x0800
[4156] [M]: 0x8002AA7C (0x0800006F) jal zero, 128


mem[X,0x8002AAFC] -> 0xA823
mem[X,0x8002AAFE] -> 0x6840
[4157] [M]: 0x8002AAFC (0x6840A823) sw tp, 1680(ra)
mem[0x8004C804] <- 0x00000002


mem[X,0x8002AB00] -> 0x3537
mem[X,0x8002AB02] -> 0x3333
[4158] [M]: 0x8002AB00 (0x33333537) lui a0, 209715
x10 <- 0x33333000


mem[X,0x8002AB04] -> 0x0513
mem[X,0x8002AB06] -> 0x3325
[4159] [M]: 0x8002AB04 (0x33250513) addi a0, a0, 818
x10 <- 0x33333332


mem[X,0x8002AB08] -> 0x35B7
mem[X,0x8002AB0A] -> 0x3333
[4160] [M]: 0x8002AB08 (0x333335B7) lui a1, 209715
x11 <- 0x33333000


mem[X,0x8002AB0C] -> 0x8593
mem[X,0x8002AB0E] -> 0x3345
[4161] [M]: 0x8002AB0C (0x33458593) addi a1, a1, 820
x11 <- 0x33333334


mem[X,0x8002AB10] -> 0x0213
mem[X,0x8002AB12] -> 0x0000
[4162] [M]: 0x8002AB10 (0x00000213) addi tp, zero, 0
x4 <- 0x00000000


mem[X,0x8002AB14] -> 0x006F
mem[X,0x8002AB16] -> 0x0100
[4163] [M]: 0x8002AB14 (0x0100006F) jal zero, 16


mem[X,0x8002AB24] -> 0x6AE3
mem[X,0x8002AB26] -> 0xFEB5
[4164] [M]: 0x8002AB24 (0xFEB56AE3) bltu a0, a1, 8180


mem[X,0x8002AB18] -> 0x0213
mem[X,0x8002AB1A] -> 0x0012
[4165] [M]: 0x8002AB18 (0x00120213) addi tp, tp, 1
x4 <- 0x00000001


mem[X,0x8002AB1C] -> 0x006F
mem[X,0x8002AB1E] -> 0x01C0
[4166] [M]: 0x8002AB1C (0x01C0006F) jal zero, 28


mem[X,0x8002AB38] -> 0xAA23
mem[X,0x8002AB3A] -> 0x6840
[4167] [M]: 0x8002AB38 (0x6840AA23) sw tp, 1684(ra)
mem[0x8004C808] <- 0x00000001


mem[X,0x8002AB3C] -> 0x3537
mem[X,0x8002AB3E] -> 0x3333
[4168] [M]: 0x8002AB3C (0x33333537) lui a0, 209715
x10 <- 0x33333000


mem[X,0x8002AB40] -> 0x0513
mem[X,0x8002AB42] -> 0x3325
[4169] [M]: 0x8002AB40 (0x33250513) addi a0, a0, 818
x10 <- 0x33333332


mem[X,0x8002AB44] -> 0x65B7
mem[X,0x8002AB46] -> 0x6666
[4170] [M]: 0x8002AB44 (0x666665B7) lui a1, 419430
x11 <- 0x66666000


mem[X,0x8002AB48] -> 0x8593
mem[X,0x8002AB4A] -> 0x6675
[4171] [M]: 0x8002AB48 (0x66758593) addi a1, a1, 1639
x11 <- 0x66666667


mem[X,0x8002AB4C] -> 0x0213
mem[X,0x8002AB4E] -> 0x0000
[4172] [M]: 0x8002AB4C (0x00000213) addi tp, zero, 0
x4 <- 0x00000000


mem[X,0x8002AB50] -> 0x006F
mem[X,0x8002AB52] -> 0x0140
[4173] [M]: 0x8002AB50 (0x0140006F) jal zero, 20


mem[X,0x8002AB64] -> 0x68E3
mem[X,0x8002AB66] -> 0xFEB5
[4174] [M]: 0x8002AB64 (0xFEB568E3) bltu a0, a1, 8176


mem[X,0x8002AB54] -> 0x0213
mem[X,0x8002AB56] -> 0x0012
[4175] [M]: 0x8002AB54 (0x00120213) addi tp, tp, 1
x4 <- 0x00000001


mem[X,0x8002AB58] -> 0x006F
mem[X,0x8002AB5A] -> 0x0200
[4176] [M]: 0x8002AB58 (0x0200006F) jal zero, 32


mem[X,0x8002AB78] -> 0xAC23
mem[X,0x8002AB7A] -> 0x6840
[4177] [M]: 0x8002AB78 (0x6840AC23) sw tp, 1688(ra)
mem[0x8004C80C] <- 0x00000001


mem[X,0x8002AB7C] -> 0x3537
mem[X,0x8002AB7E] -> 0x3333
[4178] [M]: 0x8002AB7C (0x33333537) lui a0, 209715
x10 <- 0x33333000


mem[X,0x8002AB80] -> 0x0513
mem[X,0x8002AB82] -> 0x3325
[4179] [M]: 0x8002AB80 (0x33250513) addi a0, a0, 818
x10 <- 0x33333332


mem[X,0x8002AB84] -> 0xB5B7
mem[X,0x8002AB86] -> 0x0000
[4180] [M]: 0x8002AB84 (0x0000B5B7) lui a1, 11
x11 <- 0x0000B000


mem[X,0x8002AB88] -> 0x8593
mem[X,0x8002AB8A] -> 0x5055
[4181] [M]: 0x8002AB88 (0x50558593) addi a1, a1, 1285
x11 <- 0x0000B505


mem[X,0x8002AB8C] -> 0x0213
mem[X,0x8002AB8E] -> 0x0000
[4182] [M]: 0x8002AB8C (0x00000213) addi tp, zero, 0
x4 <- 0x00000000


mem[X,0x8002AB90] -> 0x006F
mem[X,0x8002AB92] -> 0x00C0
[4183] [M]: 0x8002AB90 (0x00C0006F) jal zero, 12


mem[X,0x8002AB9C] -> 0x6663
mem[X,0x8002AB9E] -> 0x00B5
[4184] [M]: 0x8002AB9C (0x00B56663) bltu a0, a1, 12


mem[X,0x8002ABA0] -> 0x0213
mem[X,0x8002ABA2] -> 0x0022
[4185] [M]: 0x8002ABA0 (0x00220213) addi tp, tp, 2
x4 <- 0x00000002


mem[X,0x8002ABA4] -> 0x006F
mem[X,0x8002ABA6] -> 0x00C0
[4186] [M]: 0x8002ABA4 (0x00C0006F) jal zero, 12


mem[X,0x8002ABB0] -> 0xAE23
mem[X,0x8002ABB2] -> 0x6840
[4187] [M]: 0x8002ABB0 (0x6840AE23) sw tp, 1692(ra)
mem[0x8004C810] <- 0x00000002


mem[X,0x8002ABB4] -> 0x3537
mem[X,0x8002ABB6] -> 0x3333
[4188] [M]: 0x8002ABB4 (0x33333537) lui a0, 209715
x10 <- 0x33333000


mem[X,0x8002ABB8] -> 0x0513
mem[X,0x8002ABBA] -> 0x3325
[4189] [M]: 0x8002ABB8 (0x33250513) addi a0, a0, 818
x10 <- 0x33333332


mem[X,0x8002ABBC] -> 0x0593
mem[X,0x8002ABBE] -> 0x0010
[4190] [M]: 0x8002ABBC (0x00100593) addi a1, zero, 1
x11 <- 0x00000001


mem[X,0x8002ABC0] -> 0x0213
mem[X,0x8002ABC2] -> 0x0000
[4191] [M]: 0x8002ABC0 (0x00000213) addi tp, zero, 0
x4 <- 0x00000000


mem[X,0x8002ABC4] -> 0x006F
mem[X,0x8002ABC6] -> 0x00C0
[4192] [M]: 0x8002ABC4 (0x00C0006F) jal zero, 12


mem[X,0x8002ABD0] -> 0x6063
mem[X,0x8002ABD2] -> 0x08B5
[4193] [M]: 0x8002ABD0 (0x08B56063) bltu a0, a1, 128


mem[X,0x8002ABD4] -> 0x0213
mem[X,0x8002ABD6] -> 0x0022
[4194] [M]: 0x8002ABD4 (0x00220213) addi tp, tp, 2
x4 <- 0x00000002


mem[X,0x8002ABD8] -> 0x006F
mem[X,0x8002ABDA] -> 0x0800
[4195] [M]: 0x8002ABD8 (0x0800006F) jal zero, 128


mem[X,0x8002AC58] -> 0xA023
mem[X,0x8002AC5A] -> 0x6A40
[4196] [M]: 0x8002AC58 (0x6A40A023) sw tp, 1696(ra)
mem[0x8004C814] <- 0x00000002


mem[X,0x8002AC5C] -> 0x3537
mem[X,0x8002AC5E] -> 0x3333
[4197] [M]: 0x8002AC5C (0x33333537) lui a0, 209715
x10 <- 0x33333000


mem[X,0x8002AC60] -> 0x0513
mem[X,0x8002AC62] -> 0x3325
[4198] [M]: 0x8002AC60 (0x33250513) addi a0, a0, 818
x10 <- 0x33333332


mem[X,0x8002AC64] -> 0x05B7
mem[X,0x8002AC66] -> 0x0001
[4199] [M]: 0x8002AC64 (0x000105B7) lui a1, 16
x11 <- 0x00010000


clint::tick mtime <- 0x000000000000002A
 clint timer pending at mtime 0x000000000000002A
htif::tick 0x0000000000000000
mem[X,0x8002AC68] -> 0x0213
mem[X,0x8002AC6A] -> 0x0000
[4200] [M]: 0x8002AC68 (0x00000213) addi tp, zero, 0
x4 <- 0x00000000


mem[X,0x8002AC6C] -> 0x006F
mem[X,0x8002AC6E] -> 0x00C0
[4201] [M]: 0x8002AC6C (0x00C0006F) jal zero, 12


mem[X,0x8002AC78] -> 0x6063
mem[X,0x8002AC7A] -> 0x10B5
[4202] [M]: 0x8002AC78 (0x10B56063) bltu a0, a1, 256


mem[X,0x8002AC7C] -> 0x0213
mem[X,0x8002AC7E] -> 0x0022
[4203] [M]: 0x8002AC7C (0x00220213) addi tp, tp, 2
x4 <- 0x00000002


mem[X,0x8002AC80] -> 0x006F
mem[X,0x8002AC82] -> 0x1000
[4204] [M]: 0x8002AC80 (0x1000006F) jal zero, 256


mem[X,0x8002AD80] -> 0xA223
mem[X,0x8002AD82] -> 0x6A40
[4205] [M]: 0x8002AD80 (0x6A40A223) sw tp, 1700(ra)
mem[0x8004C818] <- 0x00000002


mem[X,0x8002AD84] -> 0x6537
mem[X,0x8002AD86] -> 0x6666
[4206] [M]: 0x8002AD84 (0x66666537) lui a0, 419430
x10 <- 0x66666000


mem[X,0x8002AD88] -> 0x0513
mem[X,0x8002AD8A] -> 0x6655
[4207] [M]: 0x8002AD88 (0x66550513) addi a0, a0, 1637
x10 <- 0x66666665


mem[X,0x8002AD8C] -> 0x0593
mem[X,0x8002AD8E] -> 0x0030
[4208] [M]: 0x8002AD8C (0x00300593) addi a1, zero, 3
x11 <- 0x00000003


mem[X,0x8002AD90] -> 0x0213
mem[X,0x8002AD92] -> 0x0000
[4209] [M]: 0x8002AD90 (0x00000213) addi tp, zero, 0
x4 <- 0x00000000


mem[X,0x8002AD94] -> 0x006F
mem[X,0x8002AD96] -> 0x0180
[4210] [M]: 0x8002AD94 (0x0180006F) jal zero, 24


mem[X,0x8002ADAC] -> 0x66E3
mem[X,0x8002ADAE] -> 0xFEB5
[4211] [M]: 0x8002ADAC (0xFEB566E3) bltu a0, a1, 8172


mem[X,0x8002ADB0] -> 0x0213
mem[X,0x8002ADB2] -> 0x0022
[4212] [M]: 0x8002ADB0 (0x00220213) addi tp, tp, 2
x4 <- 0x00000002


mem[X,0x8002ADB4] -> 0x006F
mem[X,0x8002ADB6] -> 0x00C0
[4213] [M]: 0x8002ADB4 (0x00C0006F) jal zero, 12


mem[X,0x8002ADC0] -> 0xA423
mem[X,0x8002ADC2] -> 0x6A40
[4214] [M]: 0x8002ADC0 (0x6A40A423) sw tp, 1704(ra)
mem[0x8004C81C] <- 0x00000002


mem[X,0x8002ADC4] -> 0x6537
mem[X,0x8002ADC6] -> 0x6666
[4215] [M]: 0x8002ADC4 (0x66666537) lui a0, 419430
x10 <- 0x66666000


mem[X,0x8002ADC8] -> 0x0513
mem[X,0x8002ADCA] -> 0x6655
[4216] [M]: 0x8002ADC8 (0x66550513) addi a0, a0, 1637
x10 <- 0x66666665


mem[X,0x8002ADCC] -> 0x55B7
mem[X,0x8002ADCE] -> 0x5555
[4217] [M]: 0x8002ADCC (0x555555B7) lui a1, 349525
x11 <- 0x55555000


mem[X,0x8002ADD0] -> 0x8593
mem[X,0x8002ADD2] -> 0x5555
[4218] [M]: 0x8002ADD0 (0x55558593) addi a1, a1, 1365
x11 <- 0x55555555


mem[X,0x8002ADD4] -> 0x0213
mem[X,0x8002ADD6] -> 0x0000
[4219] [M]: 0x8002ADD4 (0x00000213) addi tp, zero, 0
x4 <- 0x00000000


mem[X,0x8002ADD8] -> 0x006F
mem[X,0x8002ADDA] -> 0x00C0
[4220] [M]: 0x8002ADD8 (0x00C0006F) jal zero, 12


mem[X,0x8002ADE4] -> 0x6863
mem[X,0x8002ADE6] -> 0x00B5
[4221] [M]: 0x8002ADE4 (0x00B56863) bltu a0, a1, 16


mem[X,0x8002ADE8] -> 0x0213
mem[X,0x8002ADEA] -> 0x0022
[4222] [M]: 0x8002ADE8 (0x00220213) addi tp, tp, 2
x4 <- 0x00000002


mem[X,0x8002ADEC] -> 0x006F
mem[X,0x8002ADEE] -> 0x0100
[4223] [M]: 0x8002ADEC (0x0100006F) jal zero, 16


mem[X,0x8002ADFC] -> 0xA623
mem[X,0x8002ADFE] -> 0x6A40
[4224] [M]: 0x8002ADFC (0x6A40A623) sw tp, 1708(ra)
mem[0x8004C820] <- 0x00000002


mem[X,0x8002AE00] -> 0x6537
mem[X,0x8002AE02] -> 0x6666
[4225] [M]: 0x8002AE00 (0x66666537) lui a0, 419430
x10 <- 0x66666000


mem[X,0x8002AE04] -> 0x0513
mem[X,0x8002AE06] -> 0x6655
[4226] [M]: 0x8002AE04 (0x66550513) addi a0, a0, 1637
x10 <- 0x66666665


mem[X,0x8002AE08] -> 0xB5B7
mem[X,0x8002AE0A] -> 0xAAAA
[4227] [M]: 0x8002AE08 (0xAAAAB5B7) lui a1, 699051
x11 <- 0xAAAAB000


mem[X,0x8002AE0C] -> 0x8593
mem[X,0x8002AE0E] -> 0xAAA5
[4228] [M]: 0x8002AE0C (0xAAA58593) addi a1, a1, 2730
x11 <- 0xAAAAAAAA


mem[X,0x8002AE10] -> 0x0213
mem[X,0x8002AE12] -> 0x0000
[4229] [M]: 0x8002AE10 (0x00000213) addi tp, zero, 0
x4 <- 0x00000000


mem[X,0x8002AE14] -> 0x006F
mem[X,0x8002AE16] -> 0x00C0
[4230] [M]: 0x8002AE14 (0x00C0006F) jal zero, 12


mem[X,0x8002AE20] -> 0x6063
mem[X,0x8002AE22] -> 0x02B5
[4231] [M]: 0x8002AE20 (0x02B56063) bltu a0, a1, 32


mem[X,0x8002AE40] -> 0x0213
mem[X,0x8002AE42] -> 0x0032
[4232] [M]: 0x8002AE40 (0x00320213) addi tp, tp, 3
x4 <- 0x00000003


mem[X,0x8002AE44] -> 0x006F
mem[X,0x8002AE46] -> 0x0040
[4233] [M]: 0x8002AE44 (0x0040006F) jal zero, 4


mem[X,0x8002AE48] -> 0xA823
mem[X,0x8002AE4A] -> 0x6A40
[4234] [M]: 0x8002AE48 (0x6A40A823) sw tp, 1712(ra)
mem[0x8004C824] <- 0x00000003


mem[X,0x8002AE4C] -> 0x6537
mem[X,0x8002AE4E] -> 0x6666
[4235] [M]: 0x8002AE4C (0x66666537) lui a0, 419430
x10 <- 0x66666000


mem[X,0x8002AE50] -> 0x0513
mem[X,0x8002AE52] -> 0x6655
[4236] [M]: 0x8002AE50 (0x66550513) addi a0, a0, 1637
x10 <- 0x66666665


mem[X,0x8002AE54] -> 0x0593
mem[X,0x8002AE56] -> 0x0050
[4237] [M]: 0x8002AE54 (0x00500593) addi a1, zero, 5
x11 <- 0x00000005


mem[X,0x8002AE58] -> 0x0213
mem[X,0x8002AE5A] -> 0x0000
[4238] [M]: 0x8002AE58 (0x00000213) addi tp, zero, 0
x4 <- 0x00000000


mem[X,0x8002AE5C] -> 0x006F
mem[X,0x8002AE5E] -> 0x00C0
[4239] [M]: 0x8002AE5C (0x00C0006F) jal zero, 12


mem[X,0x8002AE68] -> 0x6063
mem[X,0x8002AE6A] -> 0x40B5
[4240] [M]: 0x8002AE68 (0x40B56063) bltu a0, a1, 1024


mem[X,0x8002AE6C] -> 0x0213
mem[X,0x8002AE6E] -> 0x0022
[4241] [M]: 0x8002AE6C (0x00220213) addi tp, tp, 2
x4 <- 0x00000002


mem[X,0x8002AE70] -> 0x006F
mem[X,0x8002AE72] -> 0x4000
[4242] [M]: 0x8002AE70 (0x4000006F) jal zero, 1024


mem[X,0x8002B270] -> 0xAA23
mem[X,0x8002B272] -> 0x6A40
[4243] [M]: 0x8002B270 (0x6A40AA23) sw tp, 1716(ra)
mem[0x8004C828] <- 0x00000002


mem[X,0x8002B274] -> 0x6537
mem[X,0x8002B276] -> 0x6666
[4244] [M]: 0x8002B274 (0x66666537) lui a0, 419430
x10 <- 0x66666000


mem[X,0x8002B278] -> 0x0513
mem[X,0x8002B27A] -> 0x6655
[4245] [M]: 0x8002B278 (0x66550513) addi a0, a0, 1637
x10 <- 0x66666665


mem[X,0x8002B27C] -> 0x35B7
mem[X,0x8002B27E] -> 0x3333
[4246] [M]: 0x8002B27C (0x333335B7) lui a1, 209715
x11 <- 0x33333000


mem[X,0x8002B280] -> 0x8593
mem[X,0x8002B282] -> 0x3335
[4247] [M]: 0x8002B280 (0x33358593) addi a1, a1, 819
x11 <- 0x33333333


mem[X,0x8002B284] -> 0x0213
mem[X,0x8002B286] -> 0x0000
[4248] [M]: 0x8002B284 (0x00000213) addi tp, zero, 0
x4 <- 0x00000000


mem[X,0x8002B288] -> 0x006F
mem[X,0x8002B28A] -> 0x0100
[4249] [M]: 0x8002B288 (0x0100006F) jal zero, 16


mem[X,0x8002B298] -> 0x6AE3
mem[X,0x8002B29A] -> 0xFEB5
[4250] [M]: 0x8002B298 (0xFEB56AE3) bltu a0, a1, 8180


mem[X,0x8002B29C] -> 0x0213
mem[X,0x8002B29E] -> 0x0022
[4251] [M]: 0x8002B29C (0x00220213) addi tp, tp, 2
x4 <- 0x00000002


mem[X,0x8002B2A0] -> 0x006F
mem[X,0x8002B2A2] -> 0x00C0
[4252] [M]: 0x8002B2A0 (0x00C0006F) jal zero, 12


mem[X,0x8002B2AC] -> 0xAC23
mem[X,0x8002B2AE] -> 0x6A40
[4253] [M]: 0x8002B2AC (0x6A40AC23) sw tp, 1720(ra)
mem[0x8004C82C] <- 0x00000002


mem[X,0x8002B2B0] -> 0x6537
mem[X,0x8002B2B2] -> 0x6666
[4254] [M]: 0x8002B2B0 (0x66666537) lui a0, 419430
x10 <- 0x66666000


mem[X,0x8002B2B4] -> 0x0513
mem[X,0x8002B2B6] -> 0x6655
[4255] [M]: 0x8002B2B4 (0x66550513) addi a0, a0, 1637
x10 <- 0x66666665


mem[X,0x8002B2B8] -> 0x65B7
mem[X,0x8002B2BA] -> 0x6666
[4256] [M]: 0x8002B2B8 (0x666665B7) lui a1, 419430
x11 <- 0x66666000


mem[X,0x8002B2BC] -> 0x8593
mem[X,0x8002B2BE] -> 0x6665
[4257] [M]: 0x8002B2BC (0x66658593) addi a1, a1, 1638
x11 <- 0x66666666


mem[X,0x8002B2C0] -> 0x0213
mem[X,0x8002B2C2] -> 0x0000
[4258] [M]: 0x8002B2C0 (0x00000213) addi tp, zero, 0
x4 <- 0x00000000


mem[X,0x8002B2C4] -> 0x006F
mem[X,0x8002B2C6] -> 0x2B10
[4259] [M]: 0x8002B2C4 (0x2B10006F) jal zero, 2736


mem[X,0x8002BD74] -> 0x6A63
mem[X,0x8002BD76] -> 0xD4B5
[4260] [M]: 0x8002BD74 (0xD4B56A63) bltu a0, a1, 5460


mem[X,0x8002B2C8] -> 0x0213
mem[X,0x8002B2CA] -> 0x0012
[4261] [M]: 0x8002B2C8 (0x00120213) addi tp, tp, 1
x4 <- 0x00000001


mem[X,0x8002B2CC] -> 0x006F
mem[X,0x8002B2CE] -> 0x2BD0
[4262] [M]: 0x8002B2CC (0x2BD0006F) jal zero, 2748


mem[X,0x8002BD88] -> 0xAE23
mem[X,0x8002BD8A] -> 0x6A40
[4263] [M]: 0x8002BD88 (0x6A40AE23) sw tp, 1724(ra)
mem[0x8004C830] <- 0x00000001


mem[X,0x8002BD8C] -> 0x6537
mem[X,0x8002BD8E] -> 0x6666
[4264] [M]: 0x8002BD8C (0x66666537) lui a0, 419430
x10 <- 0x66666000


mem[X,0x8002BD90] -> 0x0513
mem[X,0x8002BD92] -> 0x6655
[4265] [M]: 0x8002BD90 (0x66550513) addi a0, a0, 1637
x10 <- 0x66666665


mem[X,0x8002BD94] -> 0xB5B7
mem[X,0x8002BD96] -> 0x0000
[4266] [M]: 0x8002BD94 (0x0000B5B7) lui a1, 11
x11 <- 0x0000B000


mem[X,0x8002BD98] -> 0x8593
mem[X,0x8002BD9A] -> 0x5045
[4267] [M]: 0x8002BD98 (0x50458593) addi a1, a1, 1284
x11 <- 0x0000B504


mem[X,0x8002BD9C] -> 0x0213
mem[X,0x8002BD9E] -> 0x0000
[4268] [M]: 0x8002BD9C (0x00000213) addi tp, zero, 0
x4 <- 0x00000000


mem[X,0x8002BDA0] -> 0x006F
mem[X,0x8002BDA2] -> 0x0180
[4269] [M]: 0x8002BDA0 (0x0180006F) jal zero, 24


mem[X,0x8002BDB8] -> 0x66E3
mem[X,0x8002BDBA] -> 0xFEB5
[4270] [M]: 0x8002BDB8 (0xFEB566E3) bltu a0, a1, 8172


mem[X,0x8002BDBC] -> 0x0213
mem[X,0x8002BDBE] -> 0x0022
[4271] [M]: 0x8002BDBC (0x00220213) addi tp, tp, 2
x4 <- 0x00000002


mem[X,0x8002BDC0] -> 0x006F
mem[X,0x8002BDC2] -> 0x00C0
[4272] [M]: 0x8002BDC0 (0x00C0006F) jal zero, 12


mem[X,0x8002BDCC] -> 0xA023
mem[X,0x8002BDCE] -> 0x6C40
[4273] [M]: 0x8002BDCC (0x6C40A023) sw tp, 1728(ra)
mem[0x8004C834] <- 0x00000002


mem[X,0x8002BDD0] -> 0x6537
mem[X,0x8002BDD2] -> 0x6666
[4274] [M]: 0x8002BDD0 (0x66666537) lui a0, 419430
x10 <- 0x66666000


mem[X,0x8002BDD4] -> 0x0513
mem[X,0x8002BDD6] -> 0x6655
[4275] [M]: 0x8002BDD4 (0x66550513) addi a0, a0, 1637
x10 <- 0x66666665


mem[X,0x8002BDD8] -> 0x0593
mem[X,0x8002BDDA] -> 0x0000
[4276] [M]: 0x8002BDD8 (0x00000593) addi a1, zero, 0
x11 <- 0x00000000


mem[X,0x8002BDDC] -> 0x0213
mem[X,0x8002BDDE] -> 0x0000
[4277] [M]: 0x8002BDDC (0x00000213) addi tp, zero, 0
x4 <- 0x00000000


mem[X,0x8002BDE0] -> 0x006F
mem[X,0x8002BDE2] -> 0x0100
[4278] [M]: 0x8002BDE0 (0x0100006F) jal zero, 16


mem[X,0x8002BDF0] -> 0x6AE3
mem[X,0x8002BDF2] -> 0xFEB5
[4279] [M]: 0x8002BDF0 (0xFEB56AE3) bltu a0, a1, 8180


mem[X,0x8002BDF4] -> 0x0213
mem[X,0x8002BDF6] -> 0x0022
[4280] [M]: 0x8002BDF4 (0x00220213) addi tp, tp, 2
x4 <- 0x00000002


mem[X,0x8002BDF8] -> 0x006F
mem[X,0x8002BDFA] -> 0x00C0
[4281] [M]: 0x8002BDF8 (0x00C0006F) jal zero, 12


mem[X,0x8002BE04] -> 0xA223
mem[X,0x8002BE06] -> 0x6C40
[4282] [M]: 0x8002BE04 (0x6C40A223) sw tp, 1732(ra)
mem[0x8004C838] <- 0x00000002


mem[X,0x8002BE08] -> 0x6537
mem[X,0x8002BE0A] -> 0x6666
[4283] [M]: 0x8002BE08 (0x66666537) lui a0, 419430
x10 <- 0x66666000


mem[X,0x8002BE0C] -> 0x0513
mem[X,0x8002BE0E] -> 0x6655
[4284] [M]: 0x8002BE0C (0x66550513) addi a0, a0, 1637
x10 <- 0x66666665


mem[X,0x8002BE10] -> 0x05B7
mem[X,0x8002BE12] -> 0x0001
[4285] [M]: 0x8002BE10 (0x000105B7) lui a1, 16
x11 <- 0x00010000


mem[X,0x8002BE14] -> 0x8593
mem[X,0x8002BE16] -> 0xFFF5
[4286] [M]: 0x8002BE14 (0xFFF58593) addi a1, a1, 4095
x11 <- 0x0000FFFF


mem[X,0x8002BE18] -> 0x0213
mem[X,0x8002BE1A] -> 0x0000
[4287] [M]: 0x8002BE18 (0x00000213) addi tp, zero, 0
x4 <- 0x00000000


mem[X,0x8002BE1C] -> 0x006F
mem[X,0x8002BE1E] -> 0x00C0
[4288] [M]: 0x8002BE1C (0x00C0006F) jal zero, 12


mem[X,0x8002BE28] -> 0x6063
mem[X,0x8002BE2A] -> 0x04B5
[4289] [M]: 0x8002BE28 (0x04B56063) bltu a0, a1, 64


mem[X,0x8002BE2C] -> 0x0213
mem[X,0x8002BE2E] -> 0x0022
[4290] [M]: 0x8002BE2C (0x00220213) addi tp, tp, 2
x4 <- 0x00000002


mem[X,0x8002BE30] -> 0x006F
mem[X,0x8002BE32] -> 0x0400
[4291] [M]: 0x8002BE30 (0x0400006F) jal zero, 64


mem[X,0x8002BE70] -> 0xA423
mem[X,0x8002BE72] -> 0x6C40
[4292] [M]: 0x8002BE70 (0x6C40A423) sw tp, 1736(ra)
mem[0x8004C83C] <- 0x00000002


mem[X,0x8002BE74] -> 0x6537
mem[X,0x8002BE76] -> 0x6666
[4293] [M]: 0x8002BE74 (0x66666537) lui a0, 419430
x10 <- 0x66666000


mem[X,0x8002BE78] -> 0x0513
mem[X,0x8002BE7A] -> 0x6655
[4294] [M]: 0x8002BE78 (0x66550513) addi a0, a0, 1637
x10 <- 0x66666665


mem[X,0x8002BE7C] -> 0x0593
mem[X,0x8002BE7E] -> 0x0020
[4295] [M]: 0x8002BE7C (0x00200593) addi a1, zero, 2
x11 <- 0x00000002


mem[X,0x8002BE80] -> 0x0213
mem[X,0x8002BE82] -> 0x0000
[4296] [M]: 0x8002BE80 (0x00000213) addi tp, zero, 0
x4 <- 0x00000000


mem[X,0x8002BE84] -> 0x006F
mem[X,0x8002BE86] -> 0x00C0
[4297] [M]: 0x8002BE84 (0x00C0006F) jal zero, 12


mem[X,0x8002BE90] -> 0x6663
mem[X,0x8002BE92] -> 0x00B5
[4298] [M]: 0x8002BE90 (0x00B56663) bltu a0, a1, 12


mem[X,0x8002BE94] -> 0x0213
mem[X,0x8002BE96] -> 0x0022
[4299] [M]: 0x8002BE94 (0x00220213) addi tp, tp, 2
x4 <- 0x00000002


clint::tick mtime <- 0x000000000000002B
 clint timer pending at mtime 0x000000000000002B
htif::tick 0x0000000000000000
mem[X,0x8002BE98] -> 0x006F
mem[X,0x8002BE9A] -> 0x00C0
[4300] [M]: 0x8002BE98 (0x00C0006F) jal zero, 12


mem[X,0x8002BEA4] -> 0xA623
mem[X,0x8002BEA6] -> 0x6C40
[4301] [M]: 0x8002BEA4 (0x6C40A623) sw tp, 1740(ra)
mem[0x8004C840] <- 0x00000002


mem[X,0x8002BEA8] -> 0x6537
mem[X,0x8002BEAA] -> 0x6666
[4302] [M]: 0x8002BEA8 (0x66666537) lui a0, 419430
x10 <- 0x66666000


mem[X,0x8002BEAC] -> 0x0513
mem[X,0x8002BEAE] -> 0x6655
[4303] [M]: 0x8002BEAC (0x66550513) addi a0, a0, 1637
x10 <- 0x66666665


mem[X,0x8002BEB0] -> 0x55B7
mem[X,0x8002BEB2] -> 0x5555
[4304] [M]: 0x8002BEB0 (0x555555B7) lui a1, 349525
x11 <- 0x55555000


mem[X,0x8002BEB4] -> 0x8593
mem[X,0x8002BEB6] -> 0x5545
[4305] [M]: 0x8002BEB4 (0x55458593) addi a1, a1, 1364
x11 <- 0x55555554


mem[X,0x8002BEB8] -> 0x0213
mem[X,0x8002BEBA] -> 0x0000
[4306] [M]: 0x8002BEB8 (0x00000213) addi tp, zero, 0
x4 <- 0x00000000


mem[X,0x8002BEBC] -> 0x006F
mem[X,0x8002BEBE] -> 0x2B10
[4307] [M]: 0x8002BEBC (0x2B10006F) jal zero, 2736


mem[X,0x8002C96C] -> 0x6A63
mem[X,0x8002C96E] -> 0xD4B5
[4308] [M]: 0x8002C96C (0xD4B56A63) bltu a0, a1, 5460


mem[X,0x8002C970] -> 0x0213
mem[X,0x8002C972] -> 0x0022
[4309] [M]: 0x8002C970 (0x00220213) addi tp, tp, 2
x4 <- 0x00000002


mem[X,0x8002C974] -> 0x006F
mem[X,0x8002C976] -> 0x00C0
[4310] [M]: 0x8002C974 (0x00C0006F) jal zero, 12


mem[X,0x8002C980] -> 0xA823
mem[X,0x8002C982] -> 0x6C40
[4311] [M]: 0x8002C980 (0x6C40A823) sw tp, 1744(ra)
mem[0x8004C844] <- 0x00000002


mem[X,0x8002C984] -> 0x6537
mem[X,0x8002C986] -> 0x6666
[4312] [M]: 0x8002C984 (0x66666537) lui a0, 419430
x10 <- 0x66666000


mem[X,0x8002C988] -> 0x0513
mem[X,0x8002C98A] -> 0x6655
[4313] [M]: 0x8002C988 (0x66550513) addi a0, a0, 1637
x10 <- 0x66666665


mem[X,0x8002C98C] -> 0xB5B7
mem[X,0x8002C98E] -> 0xAAAA
[4314] [M]: 0x8002C98C (0xAAAAB5B7) lui a1, 699051
x11 <- 0xAAAAB000


mem[X,0x8002C990] -> 0x8593
mem[X,0x8002C992] -> 0xAA95
[4315] [M]: 0x8002C990 (0xAA958593) addi a1, a1, 2729
x11 <- 0xAAAAAAA9


mem[X,0x8002C994] -> 0x0213
mem[X,0x8002C996] -> 0x0000
[4316] [M]: 0x8002C994 (0x00000213) addi tp, zero, 0
x4 <- 0x00000000


mem[X,0x8002C998] -> 0x006F
mem[X,0x8002C99A] -> 0x00C0
[4317] [M]: 0x8002C998 (0x00C0006F) jal zero, 12


mem[X,0x8002C9A4] -> 0x6663
mem[X,0x8002C9A6] -> 0x00B5
[4318] [M]: 0x8002C9A4 (0x00B56663) bltu a0, a1, 12


mem[X,0x8002C9B0] -> 0x0213
mem[X,0x8002C9B2] -> 0x0032
[4319] [M]: 0x8002C9B0 (0x00320213) addi tp, tp, 3
x4 <- 0x00000003


mem[X,0x8002C9B4] -> 0x006F
mem[X,0x8002C9B6] -> 0x0040
[4320] [M]: 0x8002C9B4 (0x0040006F) jal zero, 4


mem[X,0x8002C9B8] -> 0xAA23
mem[X,0x8002C9BA] -> 0x6C40
[4321] [M]: 0x8002C9B8 (0x6C40AA23) sw tp, 1748(ra)
mem[0x8004C848] <- 0x00000003


mem[X,0x8002C9BC] -> 0x6537
mem[X,0x8002C9BE] -> 0x6666
[4322] [M]: 0x8002C9BC (0x66666537) lui a0, 419430
x10 <- 0x66666000


mem[X,0x8002C9C0] -> 0x0513
mem[X,0x8002C9C2] -> 0x6655
[4323] [M]: 0x8002C9C0 (0x66550513) addi a0, a0, 1637
x10 <- 0x66666665


mem[X,0x8002C9C4] -> 0x0593
mem[X,0x8002C9C6] -> 0x0040
[4324] [M]: 0x8002C9C4 (0x00400593) addi a1, zero, 4
x11 <- 0x00000004


mem[X,0x8002C9C8] -> 0x0213
mem[X,0x8002C9CA] -> 0x0000
[4325] [M]: 0x8002C9C8 (0x00000213) addi tp, zero, 0
x4 <- 0x00000000


mem[X,0x8002C9CC] -> 0x006F
mem[X,0x8002C9CE] -> 0x00C0
[4326] [M]: 0x8002C9CC (0x00C0006F) jal zero, 12


mem[X,0x8002C9D8] -> 0x6063
mem[X,0x8002C9DA] -> 0x02B5
[4327] [M]: 0x8002C9D8 (0x02B56063) bltu a0, a1, 32


mem[X,0x8002C9DC] -> 0x0213
mem[X,0x8002C9DE] -> 0x0022
[4328] [M]: 0x8002C9DC (0x00220213) addi tp, tp, 2
x4 <- 0x00000002


mem[X,0x8002C9E0] -> 0x006F
mem[X,0x8002C9E2] -> 0x0200
[4329] [M]: 0x8002C9E0 (0x0200006F) jal zero, 32


mem[X,0x8002CA00] -> 0xAC23
mem[X,0x8002CA02] -> 0x6C40
[4330] [M]: 0x8002CA00 (0x6C40AC23) sw tp, 1752(ra)
mem[0x8004C84C] <- 0x00000002


mem[X,0x8002CA04] -> 0x6537
mem[X,0x8002CA06] -> 0x6666
[4331] [M]: 0x8002CA04 (0x66666537) lui a0, 419430
x10 <- 0x66666000


mem[X,0x8002CA08] -> 0x0513
mem[X,0x8002CA0A] -> 0x6655
[4332] [M]: 0x8002CA08 (0x66550513) addi a0, a0, 1637
x10 <- 0x66666665


mem[X,0x8002CA0C] -> 0x35B7
mem[X,0x8002CA0E] -> 0x3333
[4333] [M]: 0x8002CA0C (0x333335B7) lui a1, 209715
x11 <- 0x33333000


mem[X,0x8002CA10] -> 0x8593
mem[X,0x8002CA12] -> 0x3325
[4334] [M]: 0x8002CA10 (0x33258593) addi a1, a1, 818
x11 <- 0x33333332


mem[X,0x8002CA14] -> 0x0213
mem[X,0x8002CA16] -> 0x0000
[4335] [M]: 0x8002CA14 (0x00000213) addi tp, zero, 0
x4 <- 0x00000000


mem[X,0x8002CA18] -> 0x006F
mem[X,0x8002CA1A] -> 0x00C0
[4336] [M]: 0x8002CA18 (0x00C0006F) jal zero, 12


mem[X,0x8002CA24] -> 0x6063
mem[X,0x8002CA26] -> 0x02B5
[4337] [M]: 0x8002CA24 (0x02B56063) bltu a0, a1, 32


mem[X,0x8002CA28] -> 0x0213
mem[X,0x8002CA2A] -> 0x0022
[4338] [M]: 0x8002CA28 (0x00220213) addi tp, tp, 2
x4 <- 0x00000002


mem[X,0x8002CA2C] -> 0x006F
mem[X,0x8002CA2E] -> 0x0200
[4339] [M]: 0x8002CA2C (0x0200006F) jal zero, 32


mem[X,0x8002CA4C] -> 0xAE23
mem[X,0x8002CA4E] -> 0x6C40
[4340] [M]: 0x8002CA4C (0x6C40AE23) sw tp, 1756(ra)
mem[0x8004C850] <- 0x00000002


mem[X,0x8002CA50] -> 0x6537
mem[X,0x8002CA52] -> 0x6666
[4341] [M]: 0x8002CA50 (0x66666537) lui a0, 419430
x10 <- 0x66666000


mem[X,0x8002CA54] -> 0x0513
mem[X,0x8002CA56] -> 0x6655
[4342] [M]: 0x8002CA54 (0x66550513) addi a0, a0, 1637
x10 <- 0x66666665


mem[X,0x8002CA58] -> 0x65B7
mem[X,0x8002CA5A] -> 0x6666
[4343] [M]: 0x8002CA58 (0x666665B7) lui a1, 419430
x11 <- 0x66666000


mem[X,0x8002CA5C] -> 0x8593
mem[X,0x8002CA5E] -> 0x6655
[4344] [M]: 0x8002CA5C (0x66558593) addi a1, a1, 1637
x11 <- 0x66666665


mem[X,0x8002CA60] -> 0x0213
mem[X,0x8002CA62] -> 0x0000
[4345] [M]: 0x8002CA60 (0x00000213) addi tp, zero, 0
x4 <- 0x00000000


mem[X,0x8002CA64] -> 0x006F
mem[X,0x8002CA66] -> 0x0180
[4346] [M]: 0x8002CA64 (0x0180006F) jal zero, 24


mem[X,0x8002CA7C] -> 0x66E3
mem[X,0x8002CA7E] -> 0xFEB5
[4347] [M]: 0x8002CA7C (0xFEB566E3) bltu a0, a1, 8172


mem[X,0x8002CA80] -> 0x0213
mem[X,0x8002CA82] -> 0x0022
[4348] [M]: 0x8002CA80 (0x00220213) addi tp, tp, 2
x4 <- 0x00000002


mem[X,0x8002CA84] -> 0x006F
mem[X,0x8002CA86] -> 0x00C0
[4349] [M]: 0x8002CA84 (0x00C0006F) jal zero, 12


mem[X,0x8002CA90] -> 0xA023
mem[X,0x8002CA92] -> 0x6E40
[4350] [M]: 0x8002CA90 (0x6E40A023) sw tp, 1760(ra)
mem[0x8004C854] <- 0x00000002


mem[X,0x8002CA94] -> 0x6537
mem[X,0x8002CA96] -> 0x6666
[4351] [M]: 0x8002CA94 (0x66666537) lui a0, 419430
x10 <- 0x66666000


mem[X,0x8002CA98] -> 0x0513
mem[X,0x8002CA9A] -> 0x6655
[4352] [M]: 0x8002CA98 (0x66550513) addi a0, a0, 1637
x10 <- 0x66666665


mem[X,0x8002CA9C] -> 0xB5B7
mem[X,0x8002CA9E] -> 0x0000
[4353] [M]: 0x8002CA9C (0x0000B5B7) lui a1, 11
x11 <- 0x0000B000


mem[X,0x8002CAA0] -> 0x8593
mem[X,0x8002CAA2] -> 0x5035
[4354] [M]: 0x8002CAA0 (0x50358593) addi a1, a1, 1283
x11 <- 0x0000B503


mem[X,0x8002CAA4] -> 0x0213
mem[X,0x8002CAA6] -> 0x0000
[4355] [M]: 0x8002CAA4 (0x00000213) addi tp, zero, 0
x4 <- 0x00000000


mem[X,0x8002CAA8] -> 0x006F
mem[X,0x8002CAAA] -> 0x00C0
[4356] [M]: 0x8002CAA8 (0x00C0006F) jal zero, 12


mem[X,0x8002CAB4] -> 0x6CE3
mem[X,0x8002CAB6] -> 0xFEB5
[4357] [M]: 0x8002CAB4 (0xFEB56CE3) bltu a0, a1, 8184


mem[X,0x8002CAB8] -> 0x0213
mem[X,0x8002CABA] -> 0x0022
[4358] [M]: 0x8002CAB8 (0x00220213) addi tp, tp, 2
x4 <- 0x00000002


mem[X,0x8002CABC] -> 0x006F
mem[X,0x8002CABE] -> 0x00C0
[4359] [M]: 0x8002CABC (0x00C0006F) jal zero, 12


mem[X,0x8002CAC8] -> 0xA223
mem[X,0x8002CACA] -> 0x6E40
[4360] [M]: 0x8002CAC8 (0x6E40A223) sw tp, 1764(ra)
mem[0x8004C858] <- 0x00000002


mem[X,0x8002CACC] -> 0x6537
mem[X,0x8002CACE] -> 0x6666
[4361] [M]: 0x8002CACC (0x66666537) lui a0, 419430
x10 <- 0x66666000


mem[X,0x8002CAD0] -> 0x0513
mem[X,0x8002CAD2] -> 0x6655
[4362] [M]: 0x8002CAD0 (0x66550513) addi a0, a0, 1637
x10 <- 0x66666665


mem[X,0x8002CAD4] -> 0x05B7
mem[X,0x8002CAD6] -> 0x0001
[4363] [M]: 0x8002CAD4 (0x000105B7) lui a1, 16
x11 <- 0x00010000


mem[X,0x8002CAD8] -> 0x8593
mem[X,0x8002CADA] -> 0xFFE5
[4364] [M]: 0x8002CAD8 (0xFFE58593) addi a1, a1, 4094
x11 <- 0x0000FFFE


mem[X,0x8002CADC] -> 0x0213
mem[X,0x8002CADE] -> 0x0000
[4365] [M]: 0x8002CADC (0x00000213) addi tp, zero, 0
x4 <- 0x00000000


mem[X,0x8002CAE0] -> 0x006F
mem[X,0x8002CAE2] -> 0x00C0
[4366] [M]: 0x8002CAE0 (0x00C0006F) jal zero, 12


mem[X,0x8002CAEC] -> 0x6CE3
mem[X,0x8002CAEE] -> 0xFEB5
[4367] [M]: 0x8002CAEC (0xFEB56CE3) bltu a0, a1, 8184


mem[X,0x8002CAF0] -> 0x0213
mem[X,0x8002CAF2] -> 0x0022
[4368] [M]: 0x8002CAF0 (0x00220213) addi tp, tp, 2
x4 <- 0x00000002


mem[X,0x8002CAF4] -> 0x006F
mem[X,0x8002CAF6] -> 0x00C0
[4369] [M]: 0x8002CAF4 (0x00C0006F) jal zero, 12


mem[X,0x8002CB00] -> 0xA423
mem[X,0x8002CB02] -> 0x6E40
[4370] [M]: 0x8002CB00 (0x6E40A423) sw tp, 1768(ra)
mem[0x8004C85C] <- 0x00000002


mem[X,0x8002CB04] -> 0x6537
mem[X,0x8002CB06] -> 0x6666
[4371] [M]: 0x8002CB04 (0x66666537) lui a0, 419430
x10 <- 0x66666000


mem[X,0x8002CB08] -> 0x0513
mem[X,0x8002CB0A] -> 0x6655
[4372] [M]: 0x8002CB08 (0x66550513) addi a0, a0, 1637
x10 <- 0x66666665


mem[X,0x8002CB0C] -> 0x55B7
mem[X,0x8002CB0E] -> 0x5555
[4373] [M]: 0x8002CB0C (0x555555B7) lui a1, 349525
x11 <- 0x55555000


mem[X,0x8002CB10] -> 0x8593
mem[X,0x8002CB12] -> 0x5565
[4374] [M]: 0x8002CB10 (0x55658593) addi a1, a1, 1366
x11 <- 0x55555556


mem[X,0x8002CB14] -> 0x0213
mem[X,0x8002CB16] -> 0x0000
[4375] [M]: 0x8002CB14 (0x00000213) addi tp, zero, 0
x4 <- 0x00000000


mem[X,0x8002CB18] -> 0x006F
mem[X,0x8002CB1A] -> 0x00C0
[4376] [M]: 0x8002CB18 (0x00C0006F) jal zero, 12


mem[X,0x8002CB24] -> 0x6663
mem[X,0x8002CB26] -> 0x00B5
[4377] [M]: 0x8002CB24 (0x00B56663) bltu a0, a1, 12


mem[X,0x8002CB28] -> 0x0213
mem[X,0x8002CB2A] -> 0x0022
[4378] [M]: 0x8002CB28 (0x00220213) addi tp, tp, 2
x4 <- 0x00000002


mem[X,0x8002CB2C] -> 0x006F
mem[X,0x8002CB2E] -> 0x00C0
[4379] [M]: 0x8002CB2C (0x00C0006F) jal zero, 12


mem[X,0x8002CB38] -> 0xA623
mem[X,0x8002CB3A] -> 0x6E40
[4380] [M]: 0x8002CB38 (0x6E40A623) sw tp, 1772(ra)
mem[0x8004C860] <- 0x00000002


mem[X,0x8002CB3C] -> 0x6537
mem[X,0x8002CB3E] -> 0x6666
[4381] [M]: 0x8002CB3C (0x66666537) lui a0, 419430
x10 <- 0x66666000


mem[X,0x8002CB40] -> 0x0513
mem[X,0x8002CB42] -> 0x6655
[4382] [M]: 0x8002CB40 (0x66550513) addi a0, a0, 1637
x10 <- 0x66666665


mem[X,0x8002CB44] -> 0x0593
mem[X,0x8002CB46] -> 0x0010
[4383] [M]: 0x8002CB44 (0x00100593) addi a1, zero, 1
x11 <- 0x00000001


mem[X,0x8002CB48] -> 0x0213
mem[X,0x8002CB4A] -> 0x0000
[4384] [M]: 0x8002CB48 (0x00000213) addi tp, zero, 0
x4 <- 0x00000000


mem[X,0x8002CB4C] -> 0x006F
mem[X,0x8002CB4E] -> 0x00C0
[4385] [M]: 0x8002CB4C (0x00C0006F) jal zero, 12


mem[X,0x8002CB58] -> 0x6663
mem[X,0x8002CB5A] -> 0x00B5
[4386] [M]: 0x8002CB58 (0x00B56663) bltu a0, a1, 12


mem[X,0x8002CB5C] -> 0x0213
mem[X,0x8002CB5E] -> 0x0022
[4387] [M]: 0x8002CB5C (0x00220213) addi tp, tp, 2
x4 <- 0x00000002


mem[X,0x8002CB60] -> 0x006F
mem[X,0x8002CB62] -> 0x00C0
[4388] [M]: 0x8002CB60 (0x00C0006F) jal zero, 12


mem[X,0x8002CB6C] -> 0xA823
mem[X,0x8002CB6E] -> 0x6E40
[4389] [M]: 0x8002CB6C (0x6E40A823) sw tp, 1776(ra)
mem[0x8004C864] <- 0x00000002


mem[X,0x8002CB70] -> 0x6537
mem[X,0x8002CB72] -> 0x6666
[4390] [M]: 0x8002CB70 (0x66666537) lui a0, 419430
x10 <- 0x66666000


mem[X,0x8002CB74] -> 0x0513
mem[X,0x8002CB76] -> 0x6655
[4391] [M]: 0x8002CB74 (0x66550513) addi a0, a0, 1637
x10 <- 0x66666665


mem[X,0x8002CB78] -> 0x05B7
mem[X,0x8002CB7A] -> 0x0001
[4392] [M]: 0x8002CB78 (0x000105B7) lui a1, 16
x11 <- 0x00010000


mem[X,0x8002CB7C] -> 0x0213
mem[X,0x8002CB7E] -> 0x0000
[4393] [M]: 0x8002CB7C (0x00000213) addi tp, zero, 0
x4 <- 0x00000000


mem[X,0x8002CB80] -> 0x006F
mem[X,0x8002CB82] -> 0x00C0
[4394] [M]: 0x8002CB80 (0x00C0006F) jal zero, 12


mem[X,0x8002CB8C] -> 0x6CE3
mem[X,0x8002CB8E] -> 0xFEB5
[4395] [M]: 0x8002CB8C (0xFEB56CE3) bltu a0, a1, 8184


mem[X,0x8002CB90] -> 0x0213
mem[X,0x8002CB92] -> 0x0022
[4396] [M]: 0x8002CB90 (0x00220213) addi tp, tp, 2
x4 <- 0x00000002


mem[X,0x8002CB94] -> 0x006F
mem[X,0x8002CB96] -> 0x00C0
[4397] [M]: 0x8002CB94 (0x00C0006F) jal zero, 12


mem[X,0x8002CBA0] -> 0xAA23
mem[X,0x8002CBA2] -> 0x6E40
[4398] [M]: 0x8002CBA0 (0x6E40AA23) sw tp, 1780(ra)
mem[0x8004C868] <- 0x00000002


mem[X,0x8002CBA4] -> 0xB537
mem[X,0x8002CBA6] -> 0x0000
[4399] [M]: 0x8002CBA4 (0x0000B537) lui a0, 11
x10 <- 0x0000B000


clint::tick mtime <- 0x000000000000002C
 clint timer pending at mtime 0x000000000000002C
htif::tick 0x0000000000000000
mem[X,0x8002CBA8] -> 0x0513
mem[X,0x8002CBAA] -> 0x5035
[4400] [M]: 0x8002CBA8 (0x50350513) addi a0, a0, 1283
x10 <- 0x0000B503


mem[X,0x8002CBAC] -> 0x0593
mem[X,0x8002CBAE] -> 0x0030
[4401] [M]: 0x8002CBAC (0x00300593) addi a1, zero, 3
x11 <- 0x00000003


mem[X,0x8002CBB0] -> 0x0213
mem[X,0x8002CBB2] -> 0x0000
[4402] [M]: 0x8002CBB0 (0x00000213) addi tp, zero, 0
x4 <- 0x00000000


mem[X,0x8002CBB4] -> 0x006F
mem[X,0x8002CBB6] -> 0x00C0
[4403] [M]: 0x8002CBB4 (0x00C0006F) jal zero, 12


mem[X,0x8002CBC0] -> 0x6663
mem[X,0x8002CBC2] -> 0x00B5
[4404] [M]: 0x8002CBC0 (0x00B56663) bltu a0, a1, 12


mem[X,0x8002CBC4] -> 0x0213
mem[X,0x8002CBC6] -> 0x0022
[4405] [M]: 0x8002CBC4 (0x00220213) addi tp, tp, 2
x4 <- 0x00000002


mem[X,0x8002CBC8] -> 0x006F
mem[X,0x8002CBCA] -> 0x00C0
[4406] [M]: 0x8002CBC8 (0x00C0006F) jal zero, 12


mem[X,0x8002CBD4] -> 0xAC23
mem[X,0x8002CBD6] -> 0x6E40
[4407] [M]: 0x8002CBD4 (0x6E40AC23) sw tp, 1784(ra)
mem[0x8004C86C] <- 0x00000002


mem[X,0x8002CBD8] -> 0xB537
mem[X,0x8002CBDA] -> 0x0000
[4408] [M]: 0x8002CBD8 (0x0000B537) lui a0, 11
x10 <- 0x0000B000


mem[X,0x8002CBDC] -> 0x0513
mem[X,0x8002CBDE] -> 0x5035
[4409] [M]: 0x8002CBDC (0x50350513) addi a0, a0, 1283
x10 <- 0x0000B503


mem[X,0x8002CBE0] -> 0x55B7
mem[X,0x8002CBE2] -> 0x5555
[4410] [M]: 0x8002CBE0 (0x555555B7) lui a1, 349525
x11 <- 0x55555000


mem[X,0x8002CBE4] -> 0x8593
mem[X,0x8002CBE6] -> 0x5555
[4411] [M]: 0x8002CBE4 (0x55558593) addi a1, a1, 1365
x11 <- 0x55555555


mem[X,0x8002CBE8] -> 0x0213
mem[X,0x8002CBEA] -> 0x0000
[4412] [M]: 0x8002CBE8 (0x00000213) addi tp, zero, 0
x4 <- 0x00000000


mem[X,0x8002CBEC] -> 0x006F
mem[X,0x8002CBEE] -> 0x00C0
[4413] [M]: 0x8002CBEC (0x00C0006F) jal zero, 12


mem[X,0x8002CBF8] -> 0x6063
mem[X,0x8002CBFA] -> 0x08B5
[4414] [M]: 0x8002CBF8 (0x08B56063) bltu a0, a1, 128


mem[X,0x8002CC78] -> 0x0213
mem[X,0x8002CC7A] -> 0x0032
[4415] [M]: 0x8002CC78 (0x00320213) addi tp, tp, 3
x4 <- 0x00000003


mem[X,0x8002CC7C] -> 0x006F
mem[X,0x8002CC7E] -> 0x0040
[4416] [M]: 0x8002CC7C (0x0040006F) jal zero, 4


mem[X,0x8002CC80] -> 0xAE23
mem[X,0x8002CC82] -> 0x6E40
[4417] [M]: 0x8002CC80 (0x6E40AE23) sw tp, 1788(ra)
mem[0x8004C870] <- 0x00000003


mem[X,0x8002CC84] -> 0xB537
mem[X,0x8002CC86] -> 0x0000
[4418] [M]: 0x8002CC84 (0x0000B537) lui a0, 11
x10 <- 0x0000B000


mem[X,0x8002CC88] -> 0x0513
mem[X,0x8002CC8A] -> 0x5035
[4419] [M]: 0x8002CC88 (0x50350513) addi a0, a0, 1283
x10 <- 0x0000B503


mem[X,0x8002CC8C] -> 0xB5B7
mem[X,0x8002CC8E] -> 0xAAAA
[4420] [M]: 0x8002CC8C (0xAAAAB5B7) lui a1, 699051
x11 <- 0xAAAAB000


mem[X,0x8002CC90] -> 0x8593
mem[X,0x8002CC92] -> 0xAAA5
[4421] [M]: 0x8002CC90 (0xAAA58593) addi a1, a1, 2730
x11 <- 0xAAAAAAAA


mem[X,0x8002CC94] -> 0x0213
mem[X,0x8002CC96] -> 0x0000
[4422] [M]: 0x8002CC94 (0x00000213) addi tp, zero, 0
x4 <- 0x00000000


mem[X,0x8002CC98] -> 0x006F
mem[X,0x8002CC9A] -> 0x00C0
[4423] [M]: 0x8002CC98 (0x00C0006F) jal zero, 12


mem[X,0x8002CCA4] -> 0x6663
mem[X,0x8002CCA6] -> 0x00B5
[4424] [M]: 0x8002CCA4 (0x00B56663) bltu a0, a1, 12


mem[X,0x8002CCB0] -> 0x0213
mem[X,0x8002CCB2] -> 0x0032
[4425] [M]: 0x8002CCB0 (0x00320213) addi tp, tp, 3
x4 <- 0x00000003


mem[X,0x8002CCB4] -> 0x006F
mem[X,0x8002CCB6] -> 0x0040
[4426] [M]: 0x8002CCB4 (0x0040006F) jal zero, 4


mem[X,0x8002CCB8] -> 0xA023
mem[X,0x8002CCBA] -> 0x7040
[4427] [M]: 0x8002CCB8 (0x7040A023) sw tp, 1792(ra)
mem[0x8004C874] <- 0x00000003


mem[X,0x8002CCBC] -> 0xB537
mem[X,0x8002CCBE] -> 0x0000
[4428] [M]: 0x8002CCBC (0x0000B537) lui a0, 11
x10 <- 0x0000B000


mem[X,0x8002CCC0] -> 0x0513
mem[X,0x8002CCC2] -> 0x5035
[4429] [M]: 0x8002CCC0 (0x50350513) addi a0, a0, 1283
x10 <- 0x0000B503


mem[X,0x8002CCC4] -> 0x0593
mem[X,0x8002CCC6] -> 0x0050
[4430] [M]: 0x8002CCC4 (0x00500593) addi a1, zero, 5
x11 <- 0x00000005


mem[X,0x8002CCC8] -> 0x0213
mem[X,0x8002CCCA] -> 0x0000
[4431] [M]: 0x8002CCC8 (0x00000213) addi tp, zero, 0
x4 <- 0x00000000


mem[X,0x8002CCCC] -> 0x006F
mem[X,0x8002CCCE] -> 0x2B10
[4432] [M]: 0x8002CCCC (0x2B10006F) jal zero, 2736


mem[X,0x8002D77C] -> 0x6A63
mem[X,0x8002D77E] -> 0xD4B5
[4433] [M]: 0x8002D77C (0xD4B56A63) bltu a0, a1, 5460


mem[X,0x8002D780] -> 0x0213
mem[X,0x8002D782] -> 0x0022
[4434] [M]: 0x8002D780 (0x00220213) addi tp, tp, 2
x4 <- 0x00000002


mem[X,0x8002D784] -> 0x006F
mem[X,0x8002D786] -> 0x00C0
[4435] [M]: 0x8002D784 (0x00C0006F) jal zero, 12


mem[X,0x8002D790] -> 0xA223
mem[X,0x8002D792] -> 0x7040
[4436] [M]: 0x8002D790 (0x7040A223) sw tp, 1796(ra)
mem[0x8004C878] <- 0x00000002


mem[X,0x8002D794] -> 0xB537
mem[X,0x8002D796] -> 0x0000
[4437] [M]: 0x8002D794 (0x0000B537) lui a0, 11
x10 <- 0x0000B000


mem[X,0x8002D798] -> 0x0513
mem[X,0x8002D79A] -> 0x5035
[4438] [M]: 0x8002D798 (0x50350513) addi a0, a0, 1283
x10 <- 0x0000B503


mem[X,0x8002D79C] -> 0x35B7
mem[X,0x8002D79E] -> 0x3333
[4439] [M]: 0x8002D79C (0x333335B7) lui a1, 209715
x11 <- 0x33333000


mem[X,0x8002D7A0] -> 0x8593
mem[X,0x8002D7A2] -> 0x3335
[4440] [M]: 0x8002D7A0 (0x33358593) addi a1, a1, 819
x11 <- 0x33333333


mem[X,0x8002D7A4] -> 0x0213
mem[X,0x8002D7A6] -> 0x0000
[4441] [M]: 0x8002D7A4 (0x00000213) addi tp, zero, 0
x4 <- 0x00000000


mem[X,0x8002D7A8] -> 0x006F
mem[X,0x8002D7AA] -> 0x00C0
[4442] [M]: 0x8002D7A8 (0x00C0006F) jal zero, 12


mem[X,0x8002D7B4] -> 0x6663
mem[X,0x8002D7B6] -> 0x00B5
[4443] [M]: 0x8002D7B4 (0x00B56663) bltu a0, a1, 12


mem[X,0x8002D7C0] -> 0x0213
mem[X,0x8002D7C2] -> 0x0032
[4444] [M]: 0x8002D7C0 (0x00320213) addi tp, tp, 3
x4 <- 0x00000003


mem[X,0x8002D7C4] -> 0x006F
mem[X,0x8002D7C6] -> 0x0040
[4445] [M]: 0x8002D7C4 (0x0040006F) jal zero, 4


mem[X,0x8002D7C8] -> 0xA423
mem[X,0x8002D7CA] -> 0x7040
[4446] [M]: 0x8002D7C8 (0x7040A423) sw tp, 1800(ra)
mem[0x8004C87C] <- 0x00000003


mem[X,0x8002D7CC] -> 0xB537
mem[X,0x8002D7CE] -> 0x0000
[4447] [M]: 0x8002D7CC (0x0000B537) lui a0, 11
x10 <- 0x0000B000


mem[X,0x8002D7D0] -> 0x0513
mem[X,0x8002D7D2] -> 0x5035
[4448] [M]: 0x8002D7D0 (0x50350513) addi a0, a0, 1283
x10 <- 0x0000B503


mem[X,0x8002D7D4] -> 0x65B7
mem[X,0x8002D7D6] -> 0x6666
[4449] [M]: 0x8002D7D4 (0x666665B7) lui a1, 419430
x11 <- 0x66666000


mem[X,0x8002D7D8] -> 0x8593
mem[X,0x8002D7DA] -> 0x6665
[4450] [M]: 0x8002D7D8 (0x66658593) addi a1, a1, 1638
x11 <- 0x66666666


mem[X,0x8002D7DC] -> 0x0213
mem[X,0x8002D7DE] -> 0x0000
[4451] [M]: 0x8002D7DC (0x00000213) addi tp, zero, 0
x4 <- 0x00000000


mem[X,0x8002D7E0] -> 0x006F
mem[X,0x8002D7E2] -> 0x00C0
[4452] [M]: 0x8002D7E0 (0x00C0006F) jal zero, 12


mem[X,0x8002D7EC] -> 0x6063
mem[X,0x8002D7EE] -> 0x08B5
[4453] [M]: 0x8002D7EC (0x08B56063) bltu a0, a1, 128


mem[X,0x8002D86C] -> 0x0213
mem[X,0x8002D86E] -> 0x0032
[4454] [M]: 0x8002D86C (0x00320213) addi tp, tp, 3
x4 <- 0x00000003


mem[X,0x8002D870] -> 0x006F
mem[X,0x8002D872] -> 0x0040
[4455] [M]: 0x8002D870 (0x0040006F) jal zero, 4


mem[X,0x8002D874] -> 0xA623
mem[X,0x8002D876] -> 0x7040
[4456] [M]: 0x8002D874 (0x7040A623) sw tp, 1804(ra)
mem[0x8004C880] <- 0x00000003


mem[X,0x8002D878] -> 0xB537
mem[X,0x8002D87A] -> 0x0000
[4457] [M]: 0x8002D878 (0x0000B537) lui a0, 11
x10 <- 0x0000B000


mem[X,0x8002D87C] -> 0x0513
mem[X,0x8002D87E] -> 0x5035
[4458] [M]: 0x8002D87C (0x50350513) addi a0, a0, 1283
x10 <- 0x0000B503


mem[X,0x8002D880] -> 0xB5B7
mem[X,0x8002D882] -> 0x0000
[4459] [M]: 0x8002D880 (0x0000B5B7) lui a1, 11
x11 <- 0x0000B000


mem[X,0x8002D884] -> 0x8593
mem[X,0x8002D886] -> 0x5045
[4460] [M]: 0x8002D884 (0x50458593) addi a1, a1, 1284
x11 <- 0x0000B504


mem[X,0x8002D888] -> 0x0213
mem[X,0x8002D88A] -> 0x0000
[4461] [M]: 0x8002D888 (0x00000213) addi tp, zero, 0
x4 <- 0x00000000


mem[X,0x8002D88C] -> 0x006F
mem[X,0x8002D88E] -> 0x0050
[4462] [M]: 0x8002D88C (0x0050006F) jal zero, 2052


mem[X,0x8002E090] -> 0x60E3
mem[X,0x8002E092] -> 0x80B5
[4463] [M]: 0x8002E090 (0x80B560E3) bltu a0, a1, 6144


mem[X,0x8002D890] -> 0x0213
mem[X,0x8002D892] -> 0x0012
[4464] [M]: 0x8002D890 (0x00120213) addi tp, tp, 1
x4 <- 0x00000001


mem[X,0x8002D894] -> 0x006F
mem[X,0x8002D896] -> 0x0110
[4465] [M]: 0x8002D894 (0x0110006F) jal zero, 2064


mem[X,0x8002E0A4] -> 0xA823
mem[X,0x8002E0A6] -> 0x7040
[4466] [M]: 0x8002E0A4 (0x7040A823) sw tp, 1808(ra)
mem[0x8004C884] <- 0x00000001


mem[X,0x8002E0A8] -> 0xB537
mem[X,0x8002E0AA] -> 0x0000
[4467] [M]: 0x8002E0A8 (0x0000B537) lui a0, 11
x10 <- 0x0000B000


mem[X,0x8002E0AC] -> 0x0513
mem[X,0x8002E0AE] -> 0x5035
[4468] [M]: 0x8002E0AC (0x50350513) addi a0, a0, 1283
x10 <- 0x0000B503


mem[X,0x8002E0B0] -> 0x0593
mem[X,0x8002E0B2] -> 0x0000
[4469] [M]: 0x8002E0B0 (0x00000593) addi a1, zero, 0
x11 <- 0x00000000


mem[X,0x8002E0B4] -> 0x0213
mem[X,0x8002E0B6] -> 0x0000
[4470] [M]: 0x8002E0B4 (0x00000213) addi tp, zero, 0
x4 <- 0x00000000


mem[X,0x8002E0B8] -> 0x006F
mem[X,0x8002E0BA] -> 0x00C0
[4471] [M]: 0x8002E0B8 (0x00C0006F) jal zero, 12


mem[X,0x8002E0C4] -> 0x6063
mem[X,0x8002E0C6] -> 0x04B5
[4472] [M]: 0x8002E0C4 (0x04B56063) bltu a0, a1, 64


mem[X,0x8002E0C8] -> 0x0213
mem[X,0x8002E0CA] -> 0x0022
[4473] [M]: 0x8002E0C8 (0x00220213) addi tp, tp, 2
x4 <- 0x00000002


mem[X,0x8002E0CC] -> 0x006F
mem[X,0x8002E0CE] -> 0x0400
[4474] [M]: 0x8002E0CC (0x0400006F) jal zero, 64


mem[X,0x8002E10C] -> 0xAA23
mem[X,0x8002E10E] -> 0x7040
[4475] [M]: 0x8002E10C (0x7040AA23) sw tp, 1812(ra)
mem[0x8004C888] <- 0x00000002


mem[X,0x8002E110] -> 0xB537
mem[X,0x8002E112] -> 0x0000
[4476] [M]: 0x8002E110 (0x0000B537) lui a0, 11
x10 <- 0x0000B000


mem[X,0x8002E114] -> 0x0513
mem[X,0x8002E116] -> 0x5035
[4477] [M]: 0x8002E114 (0x50350513) addi a0, a0, 1283
x10 <- 0x0000B503


mem[X,0x8002E118] -> 0x05B7
mem[X,0x8002E11A] -> 0x0001
[4478] [M]: 0x8002E118 (0x000105B7) lui a1, 16
x11 <- 0x00010000


mem[X,0x8002E11C] -> 0x8593
mem[X,0x8002E11E] -> 0xFFF5
[4479] [M]: 0x8002E11C (0xFFF58593) addi a1, a1, 4095
x11 <- 0x0000FFFF


mem[X,0x8002E120] -> 0x0213
mem[X,0x8002E122] -> 0x0000
[4480] [M]: 0x8002E120 (0x00000213) addi tp, zero, 0
x4 <- 0x00000000


mem[X,0x8002E124] -> 0x006F
mem[X,0x8002E126] -> 0x00C0
[4481] [M]: 0x8002E124 (0x00C0006F) jal zero, 12


mem[X,0x8002E130] -> 0x6663
mem[X,0x8002E132] -> 0x00B5
[4482] [M]: 0x8002E130 (0x00B56663) bltu a0, a1, 12


mem[X,0x8002E13C] -> 0x0213
mem[X,0x8002E13E] -> 0x0032
[4483] [M]: 0x8002E13C (0x00320213) addi tp, tp, 3
x4 <- 0x00000003


mem[X,0x8002E140] -> 0x006F
mem[X,0x8002E142] -> 0x0040
[4484] [M]: 0x8002E140 (0x0040006F) jal zero, 4


mem[X,0x8002E144] -> 0xAC23
mem[X,0x8002E146] -> 0x7040
[4485] [M]: 0x8002E144 (0x7040AC23) sw tp, 1816(ra)
mem[0x8004C88C] <- 0x00000003


mem[X,0x8002E148] -> 0xB537
mem[X,0x8002E14A] -> 0x0000
[4486] [M]: 0x8002E148 (0x0000B537) lui a0, 11
x10 <- 0x0000B000


mem[X,0x8002E14C] -> 0x0513
mem[X,0x8002E14E] -> 0x5035
[4487] [M]: 0x8002E14C (0x50350513) addi a0, a0, 1283
x10 <- 0x0000B503


mem[X,0x8002E150] -> 0x0593
mem[X,0x8002E152] -> 0x0020
[4488] [M]: 0x8002E150 (0x00200593) addi a1, zero, 2
x11 <- 0x00000002


mem[X,0x8002E154] -> 0x0213
mem[X,0x8002E156] -> 0x0000
[4489] [M]: 0x8002E154 (0x00000213) addi tp, zero, 0
x4 <- 0x00000000


mem[X,0x8002E158] -> 0x006F
mem[X,0x8002E15A] -> 0x00C0
[4490] [M]: 0x8002E158 (0x00C0006F) jal zero, 12


mem[X,0x8002E164] -> 0x6CE3
mem[X,0x8002E166] -> 0xFEB5
[4491] [M]: 0x8002E164 (0xFEB56CE3) bltu a0, a1, 8184


mem[X,0x8002E168] -> 0x0213
mem[X,0x8002E16A] -> 0x0022
[4492] [M]: 0x8002E168 (0x00220213) addi tp, tp, 2
x4 <- 0x00000002


mem[X,0x8002E16C] -> 0x006F
mem[X,0x8002E16E] -> 0x00C0
[4493] [M]: 0x8002E16C (0x00C0006F) jal zero, 12


mem[X,0x8002E178] -> 0xAE23
mem[X,0x8002E17A] -> 0x7040
[4494] [M]: 0x8002E178 (0x7040AE23) sw tp, 1820(ra)
mem[0x8004C890] <- 0x00000002


mem[X,0x8002E17C] -> 0xB537
mem[X,0x8002E17E] -> 0x0000
[4495] [M]: 0x8002E17C (0x0000B537) lui a0, 11
x10 <- 0x0000B000


mem[X,0x8002E180] -> 0x0513
mem[X,0x8002E182] -> 0x5035
[4496] [M]: 0x8002E180 (0x50350513) addi a0, a0, 1283
x10 <- 0x0000B503


mem[X,0x8002E184] -> 0x55B7
mem[X,0x8002E186] -> 0x5555
[4497] [M]: 0x8002E184 (0x555555B7) lui a1, 349525
x11 <- 0x55555000


mem[X,0x8002E188] -> 0x8593
mem[X,0x8002E18A] -> 0x5545
[4498] [M]: 0x8002E188 (0x55458593) addi a1, a1, 1364
x11 <- 0x55555554


mem[X,0x8002E18C] -> 0x0213
mem[X,0x8002E18E] -> 0x0000
[4499] [M]: 0x8002E18C (0x00000213) addi tp, zero, 0
x4 <- 0x00000000


clint::tick mtime <- 0x000000000000002D
 clint timer pending at mtime 0x000000000000002D
htif::tick 0x0000000000000000
mem[X,0x8002E190] -> 0x006F
mem[X,0x8002E192] -> 0x00C0
[4500] [M]: 0x8002E190 (0x00C0006F) jal zero, 12


mem[X,0x8002E19C] -> 0x6063
mem[X,0x8002E19E] -> 0x10B5
[4501] [M]: 0x8002E19C (0x10B56063) bltu a0, a1, 256


mem[X,0x8002E29C] -> 0x0213
mem[X,0x8002E29E] -> 0x0032
[4502] [M]: 0x8002E29C (0x00320213) addi tp, tp, 3
x4 <- 0x00000003


mem[X,0x8002E2A0] -> 0x006F
mem[X,0x8002E2A2] -> 0x0040
[4503] [M]: 0x8002E2A0 (0x0040006F) jal zero, 4


mem[X,0x8002E2A4] -> 0xA023
mem[X,0x8002E2A6] -> 0x7240
[4504] [M]: 0x8002E2A4 (0x7240A023) sw tp, 1824(ra)
mem[0x8004C894] <- 0x00000003


mem[X,0x8002E2A8] -> 0xB537
mem[X,0x8002E2AA] -> 0x0000
[4505] [M]: 0x8002E2A8 (0x0000B537) lui a0, 11
x10 <- 0x0000B000


mem[X,0x8002E2AC] -> 0x0513
mem[X,0x8002E2AE] -> 0x5035
[4506] [M]: 0x8002E2AC (0x50350513) addi a0, a0, 1283
x10 <- 0x0000B503


mem[X,0x8002E2B0] -> 0xB5B7
mem[X,0x8002E2B2] -> 0xAAAA
[4507] [M]: 0x8002E2B0 (0xAAAAB5B7) lui a1, 699051
x11 <- 0xAAAAB000


mem[X,0x8002E2B4] -> 0x8593
mem[X,0x8002E2B6] -> 0xAA95
[4508] [M]: 0x8002E2B4 (0xAA958593) addi a1, a1, 2729
x11 <- 0xAAAAAAA9


mem[X,0x8002E2B8] -> 0x0213
mem[X,0x8002E2BA] -> 0x0000
[4509] [M]: 0x8002E2B8 (0x00000213) addi tp, zero, 0
x4 <- 0x00000000


mem[X,0x8002E2BC] -> 0x006F
mem[X,0x8002E2BE] -> 0x00C0
[4510] [M]: 0x8002E2BC (0x00C0006F) jal zero, 12


mem[X,0x8002E2C8] -> 0x6063
mem[X,0x8002E2CA] -> 0x02B5
[4511] [M]: 0x8002E2C8 (0x02B56063) bltu a0, a1, 32


mem[X,0x8002E2E8] -> 0x0213
mem[X,0x8002E2EA] -> 0x0032
[4512] [M]: 0x8002E2E8 (0x00320213) addi tp, tp, 3
x4 <- 0x00000003


mem[X,0x8002E2EC] -> 0x006F
mem[X,0x8002E2EE] -> 0x0040
[4513] [M]: 0x8002E2EC (0x0040006F) jal zero, 4


mem[X,0x8002E2F0] -> 0xA223
mem[X,0x8002E2F2] -> 0x7240
[4514] [M]: 0x8002E2F0 (0x7240A223) sw tp, 1828(ra)
mem[0x8004C898] <- 0x00000003


mem[X,0x8002E2F4] -> 0xB537
mem[X,0x8002E2F6] -> 0x0000
[4515] [M]: 0x8002E2F4 (0x0000B537) lui a0, 11
x10 <- 0x0000B000


mem[X,0x8002E2F8] -> 0x0513
mem[X,0x8002E2FA] -> 0x5035
[4516] [M]: 0x8002E2F8 (0x50350513) addi a0, a0, 1283
x10 <- 0x0000B503


mem[X,0x8002E2FC] -> 0x0593
mem[X,0x8002E2FE] -> 0x0040
[4517] [M]: 0x8002E2FC (0x00400593) addi a1, zero, 4
x11 <- 0x00000004


mem[X,0x8002E300] -> 0x0213
mem[X,0x8002E302] -> 0x0000
[4518] [M]: 0x8002E300 (0x00000213) addi tp, zero, 0
x4 <- 0x00000000


mem[X,0x8002E304] -> 0x006F
mem[X,0x8002E306] -> 0x00C0
[4519] [M]: 0x8002E304 (0x00C0006F) jal zero, 12


mem[X,0x8002E310] -> 0x6663
mem[X,0x8002E312] -> 0x00B5
[4520] [M]: 0x8002E310 (0x00B56663) bltu a0, a1, 12


mem[X,0x8002E314] -> 0x0213
mem[X,0x8002E316] -> 0x0022
[4521] [M]: 0x8002E314 (0x00220213) addi tp, tp, 2
x4 <- 0x00000002


mem[X,0x8002E318] -> 0x006F
mem[X,0x8002E31A] -> 0x00C0
[4522] [M]: 0x8002E318 (0x00C0006F) jal zero, 12


mem[X,0x8002E324] -> 0xA423
mem[X,0x8002E326] -> 0x7240
[4523] [M]: 0x8002E324 (0x7240A423) sw tp, 1832(ra)
mem[0x8004C89C] <- 0x00000002


mem[X,0x8002E328] -> 0xB537
mem[X,0x8002E32A] -> 0x0000
[4524] [M]: 0x8002E328 (0x0000B537) lui a0, 11
x10 <- 0x0000B000


mem[X,0x8002E32C] -> 0x0513
mem[X,0x8002E32E] -> 0x5035
[4525] [M]: 0x8002E32C (0x50350513) addi a0, a0, 1283
x10 <- 0x0000B503


mem[X,0x8002E330] -> 0x35B7
mem[X,0x8002E332] -> 0x3333
[4526] [M]: 0x8002E330 (0x333335B7) lui a1, 209715
x11 <- 0x33333000


mem[X,0x8002E334] -> 0x8593
mem[X,0x8002E336] -> 0x3325
[4527] [M]: 0x8002E334 (0x33258593) addi a1, a1, 818
x11 <- 0x33333332


mem[X,0x8002E338] -> 0x0213
mem[X,0x8002E33A] -> 0x0000
[4528] [M]: 0x8002E338 (0x00000213) addi tp, zero, 0
x4 <- 0x00000000


mem[X,0x8002E33C] -> 0x006F
mem[X,0x8002E33E] -> 0x00C0
[4529] [M]: 0x8002E33C (0x00C0006F) jal zero, 12


mem[X,0x8002E348] -> 0x6063
mem[X,0x8002E34A] -> 0x10B5
[4530] [M]: 0x8002E348 (0x10B56063) bltu a0, a1, 256


mem[X,0x8002E448] -> 0x0213
mem[X,0x8002E44A] -> 0x0032
[4531] [M]: 0x8002E448 (0x00320213) addi tp, tp, 3
x4 <- 0x00000003


mem[X,0x8002E44C] -> 0x006F
mem[X,0x8002E44E] -> 0x0040
[4532] [M]: 0x8002E44C (0x0040006F) jal zero, 4


mem[X,0x8002E450] -> 0xA623
mem[X,0x8002E452] -> 0x7240
[4533] [M]: 0x8002E450 (0x7240A623) sw tp, 1836(ra)
mem[0x8004C8A0] <- 0x00000003


mem[X,0x8002E454] -> 0xB537
mem[X,0x8002E456] -> 0x0000
[4534] [M]: 0x8002E454 (0x0000B537) lui a0, 11
x10 <- 0x0000B000


mem[X,0x8002E458] -> 0x0513
mem[X,0x8002E45A] -> 0x5035
[4535] [M]: 0x8002E458 (0x50350513) addi a0, a0, 1283
x10 <- 0x0000B503


mem[X,0x8002E45C] -> 0x65B7
mem[X,0x8002E45E] -> 0x6666
[4536] [M]: 0x8002E45C (0x666665B7) lui a1, 419430
x11 <- 0x66666000


mem[X,0x8002E460] -> 0x8593
mem[X,0x8002E462] -> 0x6655
[4537] [M]: 0x8002E460 (0x66558593) addi a1, a1, 1637
x11 <- 0x66666665


mem[X,0x8002E464] -> 0x0213
mem[X,0x8002E466] -> 0x0000
[4538] [M]: 0x8002E464 (0x00000213) addi tp, zero, 0
x4 <- 0x00000000


mem[X,0x8002E468] -> 0x006F
mem[X,0x8002E46A] -> 0x00C0
[4539] [M]: 0x8002E468 (0x00C0006F) jal zero, 12


mem[X,0x8002E474] -> 0x6663
mem[X,0x8002E476] -> 0x00B5
[4540] [M]: 0x8002E474 (0x00B56663) bltu a0, a1, 12


mem[X,0x8002E480] -> 0x0213
mem[X,0x8002E482] -> 0x0032
[4541] [M]: 0x8002E480 (0x00320213) addi tp, tp, 3
x4 <- 0x00000003


mem[X,0x8002E484] -> 0x006F
mem[X,0x8002E486] -> 0x0040
[4542] [M]: 0x8002E484 (0x0040006F) jal zero, 4


mem[X,0x8002E488] -> 0xA823
mem[X,0x8002E48A] -> 0x7240
[4543] [M]: 0x8002E488 (0x7240A823) sw tp, 1840(ra)
mem[0x8004C8A4] <- 0x00000003


mem[X,0x8002E48C] -> 0xB537
mem[X,0x8002E48E] -> 0x0000
[4544] [M]: 0x8002E48C (0x0000B537) lui a0, 11
x10 <- 0x0000B000


mem[X,0x8002E490] -> 0x0513
mem[X,0x8002E492] -> 0x5035
[4545] [M]: 0x8002E490 (0x50350513) addi a0, a0, 1283
x10 <- 0x0000B503


mem[X,0x8002E494] -> 0xB5B7
mem[X,0x8002E496] -> 0x0000
[4546] [M]: 0x8002E494 (0x0000B5B7) lui a1, 11
x11 <- 0x0000B000


mem[X,0x8002E498] -> 0x8593
mem[X,0x8002E49A] -> 0x5035
[4547] [M]: 0x8002E498 (0x50358593) addi a1, a1, 1283
x11 <- 0x0000B503


mem[X,0x8002E49C] -> 0x0213
mem[X,0x8002E49E] -> 0x0000
[4548] [M]: 0x8002E49C (0x00000213) addi tp, zero, 0
x4 <- 0x00000000


mem[X,0x8002E4A0] -> 0x006F
mem[X,0x8002E4A2] -> 0x2B10
[4549] [M]: 0x8002E4A0 (0x2B10006F) jal zero, 2736


mem[X,0x8002EF50] -> 0x6A63
mem[X,0x8002EF52] -> 0xD4B5
[4550] [M]: 0x8002EF50 (0xD4B56A63) bltu a0, a1, 5460


mem[X,0x8002EF54] -> 0x0213
mem[X,0x8002EF56] -> 0x0022
[4551] [M]: 0x8002EF54 (0x00220213) addi tp, tp, 2
x4 <- 0x00000002


mem[X,0x8002EF58] -> 0x006F
mem[X,0x8002EF5A] -> 0x00C0
[4552] [M]: 0x8002EF58 (0x00C0006F) jal zero, 12


mem[X,0x8002EF64] -> 0xAA23
mem[X,0x8002EF66] -> 0x7240
[4553] [M]: 0x8002EF64 (0x7240AA23) sw tp, 1844(ra)
mem[0x8004C8A8] <- 0x00000002


mem[X,0x8002EF68] -> 0xB537
mem[X,0x8002EF6A] -> 0x0000
[4554] [M]: 0x8002EF68 (0x0000B537) lui a0, 11
x10 <- 0x0000B000


mem[X,0x8002EF6C] -> 0x0513
mem[X,0x8002EF6E] -> 0x5035
[4555] [M]: 0x8002EF6C (0x50350513) addi a0, a0, 1283
x10 <- 0x0000B503


mem[X,0x8002EF70] -> 0x05B7
mem[X,0x8002EF72] -> 0x0001
[4556] [M]: 0x8002EF70 (0x000105B7) lui a1, 16
x11 <- 0x00010000


mem[X,0x8002EF74] -> 0x8593
mem[X,0x8002EF76] -> 0xFFE5
[4557] [M]: 0x8002EF74 (0xFFE58593) addi a1, a1, 4094
x11 <- 0x0000FFFE


mem[X,0x8002EF78] -> 0x0213
mem[X,0x8002EF7A] -> 0x0000
[4558] [M]: 0x8002EF78 (0x00000213) addi tp, zero, 0
x4 <- 0x00000000


mem[X,0x8002EF7C] -> 0x006F
mem[X,0x8002EF7E] -> 0x0100
[4559] [M]: 0x8002EF7C (0x0100006F) jal zero, 16


mem[X,0x8002EF8C] -> 0x6AE3
mem[X,0x8002EF8E] -> 0xFEB5
[4560] [M]: 0x8002EF8C (0xFEB56AE3) bltu a0, a1, 8180


mem[X,0x8002EF80] -> 0x0213
mem[X,0x8002EF82] -> 0x0012
[4561] [M]: 0x8002EF80 (0x00120213) addi tp, tp, 1
x4 <- 0x00000001


mem[X,0x8002EF84] -> 0x006F
mem[X,0x8002EF86] -> 0x01C0
[4562] [M]: 0x8002EF84 (0x01C0006F) jal zero, 28


mem[X,0x8002EFA0] -> 0xAC23
mem[X,0x8002EFA2] -> 0x7240
[4563] [M]: 0x8002EFA0 (0x7240AC23) sw tp, 1848(ra)
mem[0x8004C8AC] <- 0x00000001


mem[X,0x8002EFA4] -> 0xB537
mem[X,0x8002EFA6] -> 0x0000
[4564] [M]: 0x8002EFA4 (0x0000B537) lui a0, 11
x10 <- 0x0000B000


mem[X,0x8002EFA8] -> 0x0513
mem[X,0x8002EFAA] -> 0x5035
[4565] [M]: 0x8002EFA8 (0x50350513) addi a0, a0, 1283
x10 <- 0x0000B503


mem[X,0x8002EFAC] -> 0x55B7
mem[X,0x8002EFAE] -> 0x5555
[4566] [M]: 0x8002EFAC (0x555555B7) lui a1, 349525
x11 <- 0x55555000


mem[X,0x8002EFB0] -> 0x8593
mem[X,0x8002EFB2] -> 0x5565
[4567] [M]: 0x8002EFB0 (0x55658593) addi a1, a1, 1366
x11 <- 0x55555556


mem[X,0x8002EFB4] -> 0x0213
mem[X,0x8002EFB6] -> 0x0000
[4568] [M]: 0x8002EFB4 (0x00000213) addi tp, zero, 0
x4 <- 0x00000000


mem[X,0x8002EFB8] -> 0x006F
mem[X,0x8002EFBA] -> 0x00C0
[4569] [M]: 0x8002EFB8 (0x00C0006F) jal zero, 12


mem[X,0x8002EFC4] -> 0x6663
mem[X,0x8002EFC6] -> 0x00B5
[4570] [M]: 0x8002EFC4 (0x00B56663) bltu a0, a1, 12


mem[X,0x8002EFD0] -> 0x0213
mem[X,0x8002EFD2] -> 0x0032
[4571] [M]: 0x8002EFD0 (0x00320213) addi tp, tp, 3
x4 <- 0x00000003


mem[X,0x8002EFD4] -> 0x006F
mem[X,0x8002EFD6] -> 0x0040
[4572] [M]: 0x8002EFD4 (0x0040006F) jal zero, 4


mem[X,0x8002EFD8] -> 0xAE23
mem[X,0x8002EFDA] -> 0x7240
[4573] [M]: 0x8002EFD8 (0x7240AE23) sw tp, 1852(ra)
mem[0x8004C8B0] <- 0x00000003


mem[X,0x8002EFDC] -> 0xB537
mem[X,0x8002EFDE] -> 0x0000
[4574] [M]: 0x8002EFDC (0x0000B537) lui a0, 11
x10 <- 0x0000B000


mem[X,0x8002EFE0] -> 0x0513
mem[X,0x8002EFE2] -> 0x5035
[4575] [M]: 0x8002EFE0 (0x50350513) addi a0, a0, 1283
x10 <- 0x0000B503


mem[X,0x8002EFE4] -> 0xB5B7
mem[X,0x8002EFE6] -> 0xAAAA
[4576] [M]: 0x8002EFE4 (0xAAAAB5B7) lui a1, 699051
x11 <- 0xAAAAB000


mem[X,0x8002EFE8] -> 0x8593
mem[X,0x8002EFEA] -> 0xAAB5
[4577] [M]: 0x8002EFE8 (0xAAB58593) addi a1, a1, 2731
x11 <- 0xAAAAAAAB


mem[X,0x8002EFEC] -> 0x0213
mem[X,0x8002EFEE] -> 0x0000
[4578] [M]: 0x8002EFEC (0x00000213) addi tp, zero, 0
x4 <- 0x00000000


mem[X,0x8002EFF0] -> 0x006F
mem[X,0x8002EFF2] -> 0x00C0
[4579] [M]: 0x8002EFF0 (0x00C0006F) jal zero, 12


mem[X,0x8002EFFC] -> 0x6CE3
mem[X,0x8002EFFE] -> 0xFEB5
[4580] [M]: 0x8002EFFC (0xFEB56CE3) bltu a0, a1, 8184


mem[X,0x8002EFF4] -> 0x0213
mem[X,0x8002EFF6] -> 0x0012
[4581] [M]: 0x8002EFF4 (0x00120213) addi tp, tp, 1
x4 <- 0x00000001


mem[X,0x8002EFF8] -> 0x006F
mem[X,0x8002EFFA] -> 0x0180
[4582] [M]: 0x8002EFF8 (0x0180006F) jal zero, 24


mem[X,0x8002F010] -> 0xA023
mem[X,0x8002F012] -> 0x7440
[4583] [M]: 0x8002F010 (0x7440A023) sw tp, 1856(ra)
mem[0x8004C8B4] <- 0x00000001


mem[X,0x8002F014] -> 0xB537
mem[X,0x8002F016] -> 0x0000
[4584] [M]: 0x8002F014 (0x0000B537) lui a0, 11
x10 <- 0x0000B000


mem[X,0x8002F018] -> 0x0513
mem[X,0x8002F01A] -> 0x5035
[4585] [M]: 0x8002F018 (0x50350513) addi a0, a0, 1283
x10 <- 0x0000B503


mem[X,0x8002F01C] -> 0x0593
mem[X,0x8002F01E] -> 0x0060
[4586] [M]: 0x8002F01C (0x00600593) addi a1, zero, 6
x11 <- 0x00000006


mem[X,0x8002F020] -> 0x0213
mem[X,0x8002F022] -> 0x0000
[4587] [M]: 0x8002F020 (0x00000213) addi tp, zero, 0
x4 <- 0x00000000


mem[X,0x8002F024] -> 0x006F
mem[X,0x8002F026] -> 0x00C0
[4588] [M]: 0x8002F024 (0x00C0006F) jal zero, 12


mem[X,0x8002F030] -> 0x6063
mem[X,0x8002F032] -> 0x40B5
[4589] [M]: 0x8002F030 (0x40B56063) bltu a0, a1, 1024


mem[X,0x8002F034] -> 0x0213
mem[X,0x8002F036] -> 0x0022
[4590] [M]: 0x8002F034 (0x00220213) addi tp, tp, 2
x4 <- 0x00000002


mem[X,0x8002F038] -> 0x006F
mem[X,0x8002F03A] -> 0x4000
[4591] [M]: 0x8002F038 (0x4000006F) jal zero, 1024


mem[X,0x8002F438] -> 0xA223
mem[X,0x8002F43A] -> 0x7440
[4592] [M]: 0x8002F438 (0x7440A223) sw tp, 1860(ra)
mem[0x8004C8B8] <- 0x00000002


mem[X,0x8002F43C] -> 0xB537
mem[X,0x8002F43E] -> 0x0000
[4593] [M]: 0x8002F43C (0x0000B537) lui a0, 11
x10 <- 0x0000B000


mem[X,0x8002F440] -> 0x0513
mem[X,0x8002F442] -> 0x5035
[4594] [M]: 0x8002F440 (0x50350513) addi a0, a0, 1283
x10 <- 0x0000B503


mem[X,0x8002F444] -> 0x35B7
mem[X,0x8002F446] -> 0x3333
[4595] [M]: 0x8002F444 (0x333335B7) lui a1, 209715
x11 <- 0x33333000


mem[X,0x8002F448] -> 0x8593
mem[X,0x8002F44A] -> 0x3345
[4596] [M]: 0x8002F448 (0x33458593) addi a1, a1, 820
x11 <- 0x33333334


mem[X,0x8002F44C] -> 0x0213
mem[X,0x8002F44E] -> 0x0000
[4597] [M]: 0x8002F44C (0x00000213) addi tp, zero, 0
x4 <- 0x00000000


mem[X,0x8002F450] -> 0x006F
mem[X,0x8002F452] -> 0x00C0
[4598] [M]: 0x8002F450 (0x00C0006F) jal zero, 12


mem[X,0x8002F45C] -> 0x6CE3
mem[X,0x8002F45E] -> 0xFEB5
[4599] [M]: 0x8002F45C (0xFEB56CE3) bltu a0, a1, 8184


clint::tick mtime <- 0x000000000000002E
 clint timer pending at mtime 0x000000000000002E
htif::tick 0x0000000000000000
mem[X,0x8002F454] -> 0x0213
mem[X,0x8002F456] -> 0x0012
[4600] [M]: 0x8002F454 (0x00120213) addi tp, tp, 1
x4 <- 0x00000001


mem[X,0x8002F458] -> 0x006F
mem[X,0x8002F45A] -> 0x0180
[4601] [M]: 0x8002F458 (0x0180006F) jal zero, 24


mem[X,0x8002F470] -> 0xA423
mem[X,0x8002F472] -> 0x7440
[4602] [M]: 0x8002F470 (0x7440A423) sw tp, 1864(ra)
mem[0x8004C8BC] <- 0x00000001


mem[X,0x8002F474] -> 0xB537
mem[X,0x8002F476] -> 0x0000
[4603] [M]: 0x8002F474 (0x0000B537) lui a0, 11
x10 <- 0x0000B000


mem[X,0x8002F478] -> 0x0513
mem[X,0x8002F47A] -> 0x5035
[4604] [M]: 0x8002F478 (0x50350513) addi a0, a0, 1283
x10 <- 0x0000B503


mem[X,0x8002F47C] -> 0x65B7
mem[X,0x8002F47E] -> 0x6666
[4605] [M]: 0x8002F47C (0x666665B7) lui a1, 419430
x11 <- 0x66666000


mem[X,0x8002F480] -> 0x8593
mem[X,0x8002F482] -> 0x6675
[4606] [M]: 0x8002F480 (0x66758593) addi a1, a1, 1639
x11 <- 0x66666667


mem[X,0x8002F484] -> 0x0213
mem[X,0x8002F486] -> 0x0000
[4607] [M]: 0x8002F484 (0x00000213) addi tp, zero, 0
x4 <- 0x00000000


mem[X,0x8002F488] -> 0x006F
mem[X,0x8002F48A] -> 0x00C0
[4608] [M]: 0x8002F488 (0x00C0006F) jal zero, 12


mem[X,0x8002F494] -> 0x6663
mem[X,0x8002F496] -> 0x00B5
[4609] [M]: 0x8002F494 (0x00B56663) bltu a0, a1, 12


mem[X,0x8002F4A0] -> 0x0213
mem[X,0x8002F4A2] -> 0x0032
[4610] [M]: 0x8002F4A0 (0x00320213) addi tp, tp, 3
x4 <- 0x00000003


mem[X,0x8002F4A4] -> 0x006F
mem[X,0x8002F4A6] -> 0x0040
[4611] [M]: 0x8002F4A4 (0x0040006F) jal zero, 4


mem[X,0x8002F4A8] -> 0xA623
mem[X,0x8002F4AA] -> 0x7440
[4612] [M]: 0x8002F4A8 (0x7440A623) sw tp, 1868(ra)
mem[0x8004C8C0] <- 0x00000003


mem[X,0x8002F4AC] -> 0xB537
mem[X,0x8002F4AE] -> 0x0000
[4613] [M]: 0x8002F4AC (0x0000B537) lui a0, 11
x10 <- 0x0000B000


mem[X,0x8002F4B0] -> 0x0513
mem[X,0x8002F4B2] -> 0x5035
[4614] [M]: 0x8002F4B0 (0x50350513) addi a0, a0, 1283
x10 <- 0x0000B503


mem[X,0x8002F4B4] -> 0xB5B7
mem[X,0x8002F4B6] -> 0x0000
[4615] [M]: 0x8002F4B4 (0x0000B5B7) lui a1, 11
x11 <- 0x0000B000


mem[X,0x8002F4B8] -> 0x8593
mem[X,0x8002F4BA] -> 0x5055
[4616] [M]: 0x8002F4B8 (0x50558593) addi a1, a1, 1285
x11 <- 0x0000B505


mem[X,0x8002F4BC] -> 0x0213
mem[X,0x8002F4BE] -> 0x0000
[4617] [M]: 0x8002F4BC (0x00000213) addi tp, zero, 0
x4 <- 0x00000000


mem[X,0x8002F4C0] -> 0x006F
mem[X,0x8002F4C2] -> 0x00C0
[4618] [M]: 0x8002F4C0 (0x00C0006F) jal zero, 12


mem[X,0x8002F4CC] -> 0x6063
mem[X,0x8002F4CE] -> 0x40B5
[4619] [M]: 0x8002F4CC (0x40B56063) bltu a0, a1, 1024


mem[X,0x8002F8CC] -> 0x0213
mem[X,0x8002F8CE] -> 0x0032
[4620] [M]: 0x8002F8CC (0x00320213) addi tp, tp, 3
x4 <- 0x00000003


mem[X,0x8002F8D0] -> 0x006F
mem[X,0x8002F8D2] -> 0x0040
[4621] [M]: 0x8002F8D0 (0x0040006F) jal zero, 4


mem[X,0x8002F8D4] -> 0xA823
mem[X,0x8002F8D6] -> 0x7440
[4622] [M]: 0x8002F8D4 (0x7440A823) sw tp, 1872(ra)
mem[0x8004C8C4] <- 0x00000003


mem[X,0x8002F8D8] -> 0xB537
mem[X,0x8002F8DA] -> 0x0000
[4623] [M]: 0x8002F8D8 (0x0000B537) lui a0, 11
x10 <- 0x0000B000


mem[X,0x8002F8DC] -> 0x0513
mem[X,0x8002F8DE] -> 0x5035
[4624] [M]: 0x8002F8DC (0x50350513) addi a0, a0, 1283
x10 <- 0x0000B503


mem[X,0x8002F8E0] -> 0x0593
mem[X,0x8002F8E2] -> 0x0010
[4625] [M]: 0x8002F8E0 (0x00100593) addi a1, zero, 1
x11 <- 0x00000001


mem[X,0x8002F8E4] -> 0x0213
mem[X,0x8002F8E6] -> 0x0000
[4626] [M]: 0x8002F8E4 (0x00000213) addi tp, zero, 0
x4 <- 0x00000000


mem[X,0x8002F8E8] -> 0x006F
mem[X,0x8002F8EA] -> 0x0140
[4627] [M]: 0x8002F8E8 (0x0140006F) jal zero, 20


mem[X,0x8002F8FC] -> 0x68E3
mem[X,0x8002F8FE] -> 0xFEB5
[4628] [M]: 0x8002F8FC (0xFEB568E3) bltu a0, a1, 8176


mem[X,0x8002F900] -> 0x0213
mem[X,0x8002F902] -> 0x0022
[4629] [M]: 0x8002F900 (0x00220213) addi tp, tp, 2
x4 <- 0x00000002


mem[X,0x8002F904] -> 0x006F
mem[X,0x8002F906] -> 0x00C0
[4630] [M]: 0x8002F904 (0x00C0006F) jal zero, 12


mem[X,0x8002F910] -> 0xAA23
mem[X,0x8002F912] -> 0x7440
[4631] [M]: 0x8002F910 (0x7440AA23) sw tp, 1876(ra)
mem[0x8004C8C8] <- 0x00000002


mem[X,0x8002F914] -> 0xB537
mem[X,0x8002F916] -> 0x0000
[4632] [M]: 0x8002F914 (0x0000B537) lui a0, 11
x10 <- 0x0000B000


mem[X,0x8002F918] -> 0x0513
mem[X,0x8002F91A] -> 0x5035
[4633] [M]: 0x8002F918 (0x50350513) addi a0, a0, 1283
x10 <- 0x0000B503


mem[X,0x8002F91C] -> 0x05B7
mem[X,0x8002F91E] -> 0x0001
[4634] [M]: 0x8002F91C (0x000105B7) lui a1, 16
x11 <- 0x00010000


mem[X,0x8002F920] -> 0x0213
mem[X,0x8002F922] -> 0x0000
[4635] [M]: 0x8002F920 (0x00000213) addi tp, zero, 0
x4 <- 0x00000000


mem[X,0x8002F924] -> 0x006F
mem[X,0x8002F926] -> 0x0140
[4636] [M]: 0x8002F924 (0x0140006F) jal zero, 20


mem[X,0x8002F938] -> 0x68E3
mem[X,0x8002F93A] -> 0xFEB5
[4637] [M]: 0x8002F938 (0xFEB568E3) bltu a0, a1, 8176


mem[X,0x8002F928] -> 0x0213
mem[X,0x8002F92A] -> 0x0012
[4638] [M]: 0x8002F928 (0x00120213) addi tp, tp, 1
x4 <- 0x00000001


mem[X,0x8002F92C] -> 0x006F
mem[X,0x8002F92E] -> 0x0200
[4639] [M]: 0x8002F92C (0x0200006F) jal zero, 32


mem[X,0x8002F94C] -> 0xAC23
mem[X,0x8002F94E] -> 0x7440
[4640] [M]: 0x8002F94C (0x7440AC23) sw tp, 1880(ra)
mem[0x8004C8CC] <- 0x00000001


mem[X,0x8002F950] -> 0x0537
mem[X,0x8002F952] -> 0x0001
[4641] [M]: 0x8002F950 (0x00010537) lui a0, 16
x10 <- 0x00010000


mem[X,0x8002F954] -> 0x0513
mem[X,0x8002F956] -> 0xFFE5
[4642] [M]: 0x8002F954 (0xFFE50513) addi a0, a0, 4094
x10 <- 0x0000FFFE


mem[X,0x8002F958] -> 0x0593
mem[X,0x8002F95A] -> 0x0030
[4643] [M]: 0x8002F958 (0x00300593) addi a1, zero, 3
x11 <- 0x00000003


mem[X,0x8002F95C] -> 0x0213
mem[X,0x8002F95E] -> 0x0000
[4644] [M]: 0x8002F95C (0x00000213) addi tp, zero, 0
x4 <- 0x00000000


mem[X,0x8002F960] -> 0x006F
mem[X,0x8002F962] -> 0x00C0
[4645] [M]: 0x8002F960 (0x00C0006F) jal zero, 12


mem[X,0x8002F96C] -> 0x6863
mem[X,0x8002F96E] -> 0x00B5
[4646] [M]: 0x8002F96C (0x00B56863) bltu a0, a1, 16


mem[X,0x8002F970] -> 0x0213
mem[X,0x8002F972] -> 0x0022
[4647] [M]: 0x8002F970 (0x00220213) addi tp, tp, 2
x4 <- 0x00000002


mem[X,0x8002F974] -> 0x006F
mem[X,0x8002F976] -> 0x0100
[4648] [M]: 0x8002F974 (0x0100006F) jal zero, 16


mem[X,0x8002F984] -> 0xAE23
mem[X,0x8002F986] -> 0x7440
[4649] [M]: 0x8002F984 (0x7440AE23) sw tp, 1884(ra)
mem[0x8004C8D0] <- 0x00000002


mem[X,0x8002F988] -> 0x0537
mem[X,0x8002F98A] -> 0x0001
[4650] [M]: 0x8002F988 (0x00010537) lui a0, 16
x10 <- 0x00010000


mem[X,0x8002F98C] -> 0x0513
mem[X,0x8002F98E] -> 0xFFE5
[4651] [M]: 0x8002F98C (0xFFE50513) addi a0, a0, 4094
x10 <- 0x0000FFFE


mem[X,0x8002F990] -> 0x55B7
mem[X,0x8002F992] -> 0x5555
[4652] [M]: 0x8002F990 (0x555555B7) lui a1, 349525
x11 <- 0x55555000


mem[X,0x8002F994] -> 0x8593
mem[X,0x8002F996] -> 0x5555
[4653] [M]: 0x8002F994 (0x55558593) addi a1, a1, 1365
x11 <- 0x55555555


mem[X,0x8002F998] -> 0x0213
mem[X,0x8002F99A] -> 0x0000
[4654] [M]: 0x8002F998 (0x00000213) addi tp, zero, 0
x4 <- 0x00000000


mem[X,0x8002F99C] -> 0x006F
mem[X,0x8002F99E] -> 0x0100
[4655] [M]: 0x8002F99C (0x0100006F) jal zero, 16


mem[X,0x8002F9AC] -> 0x6AE3
mem[X,0x8002F9AE] -> 0xFEB5
[4656] [M]: 0x8002F9AC (0xFEB56AE3) bltu a0, a1, 8180


mem[X,0x8002F9A0] -> 0x0213
mem[X,0x8002F9A2] -> 0x0012
[4657] [M]: 0x8002F9A0 (0x00120213) addi tp, tp, 1
x4 <- 0x00000001


mem[X,0x8002F9A4] -> 0x006F
mem[X,0x8002F9A6] -> 0x01C0
[4658] [M]: 0x8002F9A4 (0x01C0006F) jal zero, 28


mem[X,0x8002F9C0] -> 0xA023
mem[X,0x8002F9C2] -> 0x7640
[4659] [M]: 0x8002F9C0 (0x7640A023) sw tp, 1888(ra)
mem[0x8004C8D4] <- 0x00000001


mem[X,0x8002F9C4] -> 0x0537
mem[X,0x8002F9C6] -> 0x0001
[4660] [M]: 0x8002F9C4 (0x00010537) lui a0, 16
x10 <- 0x00010000


mem[X,0x8002F9C8] -> 0x0513
mem[X,0x8002F9CA] -> 0xFFE5
[4661] [M]: 0x8002F9C8 (0xFFE50513) addi a0, a0, 4094
x10 <- 0x0000FFFE


mem[X,0x8002F9CC] -> 0xB5B7
mem[X,0x8002F9CE] -> 0xAAAA
[4662] [M]: 0x8002F9CC (0xAAAAB5B7) lui a1, 699051
x11 <- 0xAAAAB000


mem[X,0x8002F9D0] -> 0x8593
mem[X,0x8002F9D2] -> 0xAAA5
[4663] [M]: 0x8002F9D0 (0xAAA58593) addi a1, a1, 2730
x11 <- 0xAAAAAAAA


mem[X,0x8002F9D4] -> 0x0213
mem[X,0x8002F9D6] -> 0x0000
[4664] [M]: 0x8002F9D4 (0x00000213) addi tp, zero, 0
x4 <- 0x00000000


mem[X,0x8002F9D8] -> 0x006F
mem[X,0x8002F9DA] -> 0x00C0
[4665] [M]: 0x8002F9D8 (0x00C0006F) jal zero, 12


mem[X,0x8002F9E4] -> 0x6063
mem[X,0x8002F9E6] -> 0x02B5
[4666] [M]: 0x8002F9E4 (0x02B56063) bltu a0, a1, 32


mem[X,0x8002FA04] -> 0x0213
mem[X,0x8002FA06] -> 0x0032
[4667] [M]: 0x8002FA04 (0x00320213) addi tp, tp, 3
x4 <- 0x00000003


mem[X,0x8002FA08] -> 0x006F
mem[X,0x8002FA0A] -> 0x0040
[4668] [M]: 0x8002FA08 (0x0040006F) jal zero, 4


mem[X,0x8002FA0C] -> 0xA223
mem[X,0x8002FA0E] -> 0x7640
[4669] [M]: 0x8002FA0C (0x7640A223) sw tp, 1892(ra)
mem[0x8004C8D8] <- 0x00000003


mem[X,0x8002FA10] -> 0x0537
mem[X,0x8002FA12] -> 0x0001
[4670] [M]: 0x8002FA10 (0x00010537) lui a0, 16
x10 <- 0x00010000


mem[X,0x8002FA14] -> 0x0513
mem[X,0x8002FA16] -> 0xFFE5
[4671] [M]: 0x8002FA14 (0xFFE50513) addi a0, a0, 4094
x10 <- 0x0000FFFE


mem[X,0x8002FA18] -> 0x0593
mem[X,0x8002FA1A] -> 0x0050
[4672] [M]: 0x8002FA18 (0x00500593) addi a1, zero, 5
x11 <- 0x00000005


mem[X,0x8002FA1C] -> 0x0213
mem[X,0x8002FA1E] -> 0x0000
[4673] [M]: 0x8002FA1C (0x00000213) addi tp, zero, 0
x4 <- 0x00000000


mem[X,0x8002FA20] -> 0x006F
mem[X,0x8002FA22] -> 0x00C0
[4674] [M]: 0x8002FA20 (0x00C0006F) jal zero, 12


mem[X,0x8002FA2C] -> 0x6CE3
mem[X,0x8002FA2E] -> 0xFEB5
[4675] [M]: 0x8002FA2C (0xFEB56CE3) bltu a0, a1, 8184


mem[X,0x8002FA30] -> 0x0213
mem[X,0x8002FA32] -> 0x0022
[4676] [M]: 0x8002FA30 (0x00220213) addi tp, tp, 2
x4 <- 0x00000002


mem[X,0x8002FA34] -> 0x006F
mem[X,0x8002FA36] -> 0x00C0
[4677] [M]: 0x8002FA34 (0x00C0006F) jal zero, 12


mem[X,0x8002FA40] -> 0xA423
mem[X,0x8002FA42] -> 0x7640
[4678] [M]: 0x8002FA40 (0x7640A423) sw tp, 1896(ra)
mem[0x8004C8DC] <- 0x00000002


mem[X,0x8002FA44] -> 0x0537
mem[X,0x8002FA46] -> 0x0001
[4679] [M]: 0x8002FA44 (0x00010537) lui a0, 16
x10 <- 0x00010000


mem[X,0x8002FA48] -> 0x0513
mem[X,0x8002FA4A] -> 0xFFE5
[4680] [M]: 0x8002FA48 (0xFFE50513) addi a0, a0, 4094
x10 <- 0x0000FFFE


mem[X,0x8002FA4C] -> 0x35B7
mem[X,0x8002FA4E] -> 0x3333
[4681] [M]: 0x8002FA4C (0x333335B7) lui a1, 209715
x11 <- 0x33333000


mem[X,0x8002FA50] -> 0x8593
mem[X,0x8002FA52] -> 0x3335
[4682] [M]: 0x8002FA50 (0x33358593) addi a1, a1, 819
x11 <- 0x33333333


mem[X,0x8002FA54] -> 0x0213
mem[X,0x8002FA56] -> 0x0000
[4683] [M]: 0x8002FA54 (0x00000213) addi tp, zero, 0
x4 <- 0x00000000


mem[X,0x8002FA58] -> 0x006F
mem[X,0x8002FA5A] -> 0x00C0
[4684] [M]: 0x8002FA58 (0x00C0006F) jal zero, 12


mem[X,0x8002FA64] -> 0x6CE3
mem[X,0x8002FA66] -> 0xFEB5
[4685] [M]: 0x8002FA64 (0xFEB56CE3) bltu a0, a1, 8184


mem[X,0x8002FA5C] -> 0x0213
mem[X,0x8002FA5E] -> 0x0012
[4686] [M]: 0x8002FA5C (0x00120213) addi tp, tp, 1
x4 <- 0x00000001


mem[X,0x8002FA60] -> 0x006F
mem[X,0x8002FA62] -> 0x0180
[4687] [M]: 0x8002FA60 (0x0180006F) jal zero, 24


mem[X,0x8002FA78] -> 0xA623
mem[X,0x8002FA7A] -> 0x7640
[4688] [M]: 0x8002FA78 (0x7640A623) sw tp, 1900(ra)
mem[0x8004C8E0] <- 0x00000001


mem[X,0x8002FA7C] -> 0x0537
mem[X,0x8002FA7E] -> 0x0001
[4689] [M]: 0x8002FA7C (0x00010537) lui a0, 16
x10 <- 0x00010000


mem[X,0x8002FA80] -> 0x0513
mem[X,0x8002FA82] -> 0xFFE5
[4690] [M]: 0x8002FA80 (0xFFE50513) addi a0, a0, 4094
x10 <- 0x0000FFFE


mem[X,0x8002FA84] -> 0x65B7
mem[X,0x8002FA86] -> 0x6666
[4691] [M]: 0x8002FA84 (0x666665B7) lui a1, 419430
x11 <- 0x66666000


mem[X,0x8002FA88] -> 0x8593
mem[X,0x8002FA8A] -> 0x6665
[4692] [M]: 0x8002FA88 (0x66658593) addi a1, a1, 1638
x11 <- 0x66666666


mem[X,0x8002FA8C] -> 0x0213
mem[X,0x8002FA8E] -> 0x0000
[4693] [M]: 0x8002FA8C (0x00000213) addi tp, zero, 0
x4 <- 0x00000000


mem[X,0x8002FA90] -> 0x006F
mem[X,0x8002FA92] -> 0x00C0
[4694] [M]: 0x8002FA90 (0x00C0006F) jal zero, 12


mem[X,0x8002FA9C] -> 0x6CE3
mem[X,0x8002FA9E] -> 0xFEB5
[4695] [M]: 0x8002FA9C (0xFEB56CE3) bltu a0, a1, 8184


mem[X,0x8002FA94] -> 0x0213
mem[X,0x8002FA96] -> 0x0012
[4696] [M]: 0x8002FA94 (0x00120213) addi tp, tp, 1
x4 <- 0x00000001


mem[X,0x8002FA98] -> 0x006F
mem[X,0x8002FA9A] -> 0x0180
[4697] [M]: 0x8002FA98 (0x0180006F) jal zero, 24


mem[X,0x8002FAB0] -> 0xA823
mem[X,0x8002FAB2] -> 0x7640
[4698] [M]: 0x8002FAB0 (0x7640A823) sw tp, 1904(ra)
mem[0x8004C8E4] <- 0x00000001


mem[X,0x8002FAB4] -> 0x0537
mem[X,0x8002FAB6] -> 0x0001
[4699] [M]: 0x8002FAB4 (0x00010537) lui a0, 16
x10 <- 0x00010000


clint::tick mtime <- 0x000000000000002F
 clint timer pending at mtime 0x000000000000002F
htif::tick 0x0000000000000000
mem[X,0x8002FAB8] -> 0x0513
mem[X,0x8002FABA] -> 0xFFE5
[4700] [M]: 0x8002FAB8 (0xFFE50513) addi a0, a0, 4094
x10 <- 0x0000FFFE


mem[X,0x8002FABC] -> 0xB5B7
mem[X,0x8002FABE] -> 0x0000
[4701] [M]: 0x8002FABC (0x0000B5B7) lui a1, 11
x11 <- 0x0000B000


mem[X,0x8002FAC0] -> 0x8593
mem[X,0x8002FAC2] -> 0x5045
[4702] [M]: 0x8002FAC0 (0x50458593) addi a1, a1, 1284
x11 <- 0x0000B504


mem[X,0x8002FAC4] -> 0x0213
mem[X,0x8002FAC6] -> 0x0000
[4703] [M]: 0x8002FAC4 (0x00000213) addi tp, zero, 0
x4 <- 0x00000000


mem[X,0x8002FAC8] -> 0x006F
mem[X,0x8002FACA] -> 0x00C0
[4704] [M]: 0x8002FAC8 (0x00C0006F) jal zero, 12


mem[X,0x8002FAD4] -> 0x6663
mem[X,0x8002FAD6] -> 0x00B5
[4705] [M]: 0x8002FAD4 (0x00B56663) bltu a0, a1, 12


mem[X,0x8002FAD8] -> 0x0213
mem[X,0x8002FADA] -> 0x0022
[4706] [M]: 0x8002FAD8 (0x00220213) addi tp, tp, 2
x4 <- 0x00000002


mem[X,0x8002FADC] -> 0x006F
mem[X,0x8002FADE] -> 0x00C0
[4707] [M]: 0x8002FADC (0x00C0006F) jal zero, 12


mem[X,0x8002FAE8] -> 0xAA23
mem[X,0x8002FAEA] -> 0x7640
[4708] [M]: 0x8002FAE8 (0x7640AA23) sw tp, 1908(ra)
mem[0x8004C8E8] <- 0x00000002


mem[X,0x8002FAEC] -> 0x0537
mem[X,0x8002FAEE] -> 0x0001
[4709] [M]: 0x8002FAEC (0x00010537) lui a0, 16
x10 <- 0x00010000


mem[X,0x8002FAF0] -> 0x0513
mem[X,0x8002FAF2] -> 0xFFE5
[4710] [M]: 0x8002FAF0 (0xFFE50513) addi a0, a0, 4094
x10 <- 0x0000FFFE


mem[X,0x8002FAF4] -> 0x0593
mem[X,0x8002FAF6] -> 0x0000
[4711] [M]: 0x8002FAF4 (0x00000593) addi a1, zero, 0
x11 <- 0x00000000


mem[X,0x8002FAF8] -> 0x0213
mem[X,0x8002FAFA] -> 0x0000
[4712] [M]: 0x8002FAF8 (0x00000213) addi tp, zero, 0
x4 <- 0x00000000


mem[X,0x8002FAFC] -> 0x006F
mem[X,0x8002FAFE] -> 0x00C0
[4713] [M]: 0x8002FAFC (0x00C0006F) jal zero, 12


mem[X,0x8002FB08] -> 0x6663
mem[X,0x8002FB0A] -> 0x00B5
[4714] [M]: 0x8002FB08 (0x00B56663) bltu a0, a1, 12


mem[X,0x8002FB0C] -> 0x0213
mem[X,0x8002FB0E] -> 0x0022
[4715] [M]: 0x8002FB0C (0x00220213) addi tp, tp, 2
x4 <- 0x00000002


mem[X,0x8002FB10] -> 0x006F
mem[X,0x8002FB12] -> 0x00C0
[4716] [M]: 0x8002FB10 (0x00C0006F) jal zero, 12


mem[X,0x8002FB1C] -> 0xAC23
mem[X,0x8002FB1E] -> 0x7640
[4717] [M]: 0x8002FB1C (0x7640AC23) sw tp, 1912(ra)
mem[0x8004C8EC] <- 0x00000002


mem[X,0x8002FB20] -> 0x0537
mem[X,0x8002FB22] -> 0x0001
[4718] [M]: 0x8002FB20 (0x00010537) lui a0, 16
x10 <- 0x00010000


mem[X,0x8002FB24] -> 0x0513
mem[X,0x8002FB26] -> 0xFFE5
[4719] [M]: 0x8002FB24 (0xFFE50513) addi a0, a0, 4094
x10 <- 0x0000FFFE


mem[X,0x8002FB28] -> 0x05B7
mem[X,0x8002FB2A] -> 0x0001
[4720] [M]: 0x8002FB28 (0x000105B7) lui a1, 16
x11 <- 0x00010000


mem[X,0x8002FB2C] -> 0x8593
mem[X,0x8002FB2E] -> 0xFFF5
[4721] [M]: 0x8002FB2C (0xFFF58593) addi a1, a1, 4095
x11 <- 0x0000FFFF


mem[X,0x8002FB30] -> 0x0213
mem[X,0x8002FB32] -> 0x0000
[4722] [M]: 0x8002FB30 (0x00000213) addi tp, zero, 0
x4 <- 0x00000000


mem[X,0x8002FB34] -> 0x006F
mem[X,0x8002FB36] -> 0x2B10
[4723] [M]: 0x8002FB34 (0x2B10006F) jal zero, 2736


mem[X,0x800305E4] -> 0x6A63
mem[X,0x800305E6] -> 0xD4B5
[4724] [M]: 0x800305E4 (0xD4B56A63) bltu a0, a1, 5460


mem[X,0x8002FB38] -> 0x0213
mem[X,0x8002FB3A] -> 0x0012
[4725] [M]: 0x8002FB38 (0x00120213) addi tp, tp, 1
x4 <- 0x00000001


mem[X,0x8002FB3C] -> 0x006F
mem[X,0x8002FB3E] -> 0x2BD0
[4726] [M]: 0x8002FB3C (0x2BD0006F) jal zero, 2748


mem[X,0x800305F8] -> 0xAE23
mem[X,0x800305FA] -> 0x7640
[4727] [M]: 0x800305F8 (0x7640AE23) sw tp, 1916(ra)
mem[0x8004C8F0] <- 0x00000001


mem[X,0x800305FC] -> 0x0537
mem[X,0x800305FE] -> 0x0001
[4728] [M]: 0x800305FC (0x00010537) lui a0, 16
x10 <- 0x00010000


mem[X,0x80030600] -> 0x0513
mem[X,0x80030602] -> 0xFFE5
[4729] [M]: 0x80030600 (0xFFE50513) addi a0, a0, 4094
x10 <- 0x0000FFFE


mem[X,0x80030604] -> 0x0593
mem[X,0x80030606] -> 0x0020
[4730] [M]: 0x80030604 (0x00200593) addi a1, zero, 2
x11 <- 0x00000002


mem[X,0x80030608] -> 0x0213
mem[X,0x8003060A] -> 0x0000
[4731] [M]: 0x80030608 (0x00000213) addi tp, zero, 0
x4 <- 0x00000000


mem[X,0x8003060C] -> 0x006F
mem[X,0x8003060E] -> 0x00C0
[4732] [M]: 0x8003060C (0x00C0006F) jal zero, 12


mem[X,0x80030618] -> 0x6663
mem[X,0x8003061A] -> 0x00B5
[4733] [M]: 0x80030618 (0x00B56663) bltu a0, a1, 12


mem[X,0x8003061C] -> 0x0213
mem[X,0x8003061E] -> 0x0022
[4734] [M]: 0x8003061C (0x00220213) addi tp, tp, 2
x4 <- 0x00000002


mem[X,0x80030620] -> 0x006F
mem[X,0x80030622] -> 0x00C0
[4735] [M]: 0x80030620 (0x00C0006F) jal zero, 12


mem[X,0x8003062C] -> 0xA023
mem[X,0x8003062E] -> 0x7840
[4736] [M]: 0x8003062C (0x7840A023) sw tp, 1920(ra)
mem[0x8004C8F4] <- 0x00000002


mem[X,0x80030630] -> 0x0537
mem[X,0x80030632] -> 0x0001
[4737] [M]: 0x80030630 (0x00010537) lui a0, 16
x10 <- 0x00010000


mem[X,0x80030634] -> 0x0513
mem[X,0x80030636] -> 0xFFE5
[4738] [M]: 0x80030634 (0xFFE50513) addi a0, a0, 4094
x10 <- 0x0000FFFE


mem[X,0x80030638] -> 0x55B7
mem[X,0x8003063A] -> 0x5555
[4739] [M]: 0x80030638 (0x555555B7) lui a1, 349525
x11 <- 0x55555000


mem[X,0x8003063C] -> 0x8593
mem[X,0x8003063E] -> 0x5545
[4740] [M]: 0x8003063C (0x55458593) addi a1, a1, 1364
x11 <- 0x55555554


mem[X,0x80030640] -> 0x0213
mem[X,0x80030642] -> 0x0000
[4741] [M]: 0x80030640 (0x00000213) addi tp, zero, 0
x4 <- 0x00000000


mem[X,0x80030644] -> 0x006F
mem[X,0x80030646] -> 0x00C0
[4742] [M]: 0x80030644 (0x00C0006F) jal zero, 12


mem[X,0x80030650] -> 0x6663
mem[X,0x80030652] -> 0x00B5
[4743] [M]: 0x80030650 (0x00B56663) bltu a0, a1, 12


mem[X,0x8003065C] -> 0x0213
mem[X,0x8003065E] -> 0x0032
[4744] [M]: 0x8003065C (0x00320213) addi tp, tp, 3
x4 <- 0x00000003


mem[X,0x80030660] -> 0x006F
mem[X,0x80030662] -> 0x0040
[4745] [M]: 0x80030660 (0x0040006F) jal zero, 4


mem[X,0x80030664] -> 0xA223
mem[X,0x80030666] -> 0x7840
[4746] [M]: 0x80030664 (0x7840A223) sw tp, 1924(ra)
mem[0x8004C8F8] <- 0x00000003


mem[X,0x80030668] -> 0x0537
mem[X,0x8003066A] -> 0x0001
[4747] [M]: 0x80030668 (0x00010537) lui a0, 16
x10 <- 0x00010000


mem[X,0x8003066C] -> 0x0513
mem[X,0x8003066E] -> 0xFFE5
[4748] [M]: 0x8003066C (0xFFE50513) addi a0, a0, 4094
x10 <- 0x0000FFFE


mem[X,0x80030670] -> 0xB5B7
mem[X,0x80030672] -> 0xAAAA
[4749] [M]: 0x80030670 (0xAAAAB5B7) lui a1, 699051
x11 <- 0xAAAAB000


mem[X,0x80030674] -> 0x8593
mem[X,0x80030676] -> 0xAA95
[4750] [M]: 0x80030674 (0xAA958593) addi a1, a1, 2729
x11 <- 0xAAAAAAA9


mem[X,0x80030678] -> 0x0213
mem[X,0x8003067A] -> 0x0000
[4751] [M]: 0x80030678 (0x00000213) addi tp, zero, 0
x4 <- 0x00000000


mem[X,0x8003067C] -> 0x006F
mem[X,0x8003067E] -> 0x00C0
[4752] [M]: 0x8003067C (0x00C0006F) jal zero, 12


mem[X,0x80030688] -> 0x6663
mem[X,0x8003068A] -> 0x00B5
[4753] [M]: 0x80030688 (0x00B56663) bltu a0, a1, 12


mem[X,0x80030694] -> 0x0213
mem[X,0x80030696] -> 0x0032
[4754] [M]: 0x80030694 (0x00320213) addi tp, tp, 3
x4 <- 0x00000003


mem[X,0x80030698] -> 0x006F
mem[X,0x8003069A] -> 0x0040
[4755] [M]: 0x80030698 (0x0040006F) jal zero, 4


mem[X,0x8003069C] -> 0xA423
mem[X,0x8003069E] -> 0x7840
[4756] [M]: 0x8003069C (0x7840A423) sw tp, 1928(ra)
mem[0x8004C8FC] <- 0x00000003


mem[X,0x800306A0] -> 0x0537
mem[X,0x800306A2] -> 0x0001
[4757] [M]: 0x800306A0 (0x00010537) lui a0, 16
x10 <- 0x00010000


mem[X,0x800306A4] -> 0x0513
mem[X,0x800306A6] -> 0xFFE5
[4758] [M]: 0x800306A4 (0xFFE50513) addi a0, a0, 4094
x10 <- 0x0000FFFE


mem[X,0x800306A8] -> 0x0593
mem[X,0x800306AA] -> 0x0040
[4759] [M]: 0x800306A8 (0x00400593) addi a1, zero, 4
x11 <- 0x00000004


mem[X,0x800306AC] -> 0x0213
mem[X,0x800306AE] -> 0x0000
[4760] [M]: 0x800306AC (0x00000213) addi tp, zero, 0
x4 <- 0x00000000


mem[X,0x800306B0] -> 0x006F
mem[X,0x800306B2] -> 0x00C0
[4761] [M]: 0x800306B0 (0x00C0006F) jal zero, 12


mem[X,0x800306BC] -> 0x6063
mem[X,0x800306BE] -> 0x40B5
[4762] [M]: 0x800306BC (0x40B56063) bltu a0, a1, 1024


mem[X,0x800306C0] -> 0x0213
mem[X,0x800306C2] -> 0x0022
[4763] [M]: 0x800306C0 (0x00220213) addi tp, tp, 2
x4 <- 0x00000002


mem[X,0x800306C4] -> 0x006F
mem[X,0x800306C6] -> 0x4000
[4764] [M]: 0x800306C4 (0x4000006F) jal zero, 1024


mem[X,0x80030AC4] -> 0xA623
mem[X,0x80030AC6] -> 0x7840
[4765] [M]: 0x80030AC4 (0x7840A623) sw tp, 1932(ra)
mem[0x8004C900] <- 0x00000002


mem[X,0x80030AC8] -> 0x0537
mem[X,0x80030ACA] -> 0x0001
[4766] [M]: 0x80030AC8 (0x00010537) lui a0, 16
x10 <- 0x00010000


mem[X,0x80030ACC] -> 0x0513
mem[X,0x80030ACE] -> 0xFFE5
[4767] [M]: 0x80030ACC (0xFFE50513) addi a0, a0, 4094
x10 <- 0x0000FFFE


mem[X,0x80030AD0] -> 0x35B7
mem[X,0x80030AD2] -> 0x3333
[4768] [M]: 0x80030AD0 (0x333335B7) lui a1, 209715
x11 <- 0x33333000


mem[X,0x80030AD4] -> 0x8593
mem[X,0x80030AD6] -> 0x3325
[4769] [M]: 0x80030AD4 (0x33258593) addi a1, a1, 818
x11 <- 0x33333332


mem[X,0x80030AD8] -> 0x0213
mem[X,0x80030ADA] -> 0x0000
[4770] [M]: 0x80030AD8 (0x00000213) addi tp, zero, 0
x4 <- 0x00000000


mem[X,0x80030ADC] -> 0x006F
mem[X,0x80030ADE] -> 0x0140
[4771] [M]: 0x80030ADC (0x0140006F) jal zero, 20


mem[X,0x80030AF0] -> 0x68E3
mem[X,0x80030AF2] -> 0xFEB5
[4772] [M]: 0x80030AF0 (0xFEB568E3) bltu a0, a1, 8176


mem[X,0x80030AE0] -> 0x0213
mem[X,0x80030AE2] -> 0x0012
[4773] [M]: 0x80030AE0 (0x00120213) addi tp, tp, 1
x4 <- 0x00000001


mem[X,0x80030AE4] -> 0x006F
mem[X,0x80030AE6] -> 0x0200
[4774] [M]: 0x80030AE4 (0x0200006F) jal zero, 32


mem[X,0x80030B04] -> 0xA823
mem[X,0x80030B06] -> 0x7840
[4775] [M]: 0x80030B04 (0x7840A823) sw tp, 1936(ra)
mem[0x8004C904] <- 0x00000001


mem[X,0x80030B08] -> 0x0537
mem[X,0x80030B0A] -> 0x0001
[4776] [M]: 0x80030B08 (0x00010537) lui a0, 16
x10 <- 0x00010000


mem[X,0x80030B0C] -> 0x0513
mem[X,0x80030B0E] -> 0xFFE5
[4777] [M]: 0x80030B0C (0xFFE50513) addi a0, a0, 4094
x10 <- 0x0000FFFE


mem[X,0x80030B10] -> 0x65B7
mem[X,0x80030B12] -> 0x6666
[4778] [M]: 0x80030B10 (0x666665B7) lui a1, 419430
x11 <- 0x66666000


mem[X,0x80030B14] -> 0x8593
mem[X,0x80030B16] -> 0x6655
[4779] [M]: 0x80030B14 (0x66558593) addi a1, a1, 1637
x11 <- 0x66666665


mem[X,0x80030B18] -> 0x0213
mem[X,0x80030B1A] -> 0x0000
[4780] [M]: 0x80030B18 (0x00000213) addi tp, zero, 0
x4 <- 0x00000000


mem[X,0x80030B1C] -> 0x006F
mem[X,0x80030B1E] -> 0x00C0
[4781] [M]: 0x80030B1C (0x00C0006F) jal zero, 12


mem[X,0x80030B28] -> 0x6863
mem[X,0x80030B2A] -> 0x00B5
[4782] [M]: 0x80030B28 (0x00B56863) bltu a0, a1, 16


mem[X,0x80030B38] -> 0x0213
mem[X,0x80030B3A] -> 0x0032
[4783] [M]: 0x80030B38 (0x00320213) addi tp, tp, 3
x4 <- 0x00000003


mem[X,0x80030B3C] -> 0x006F
mem[X,0x80030B3E] -> 0x0040
[4784] [M]: 0x80030B3C (0x0040006F) jal zero, 4


mem[X,0x80030B40] -> 0xAA23
mem[X,0x80030B42] -> 0x7840
[4785] [M]: 0x80030B40 (0x7840AA23) sw tp, 1940(ra)
mem[0x8004C908] <- 0x00000003


mem[X,0x80030B44] -> 0x0537
mem[X,0x80030B46] -> 0x0001
[4786] [M]: 0x80030B44 (0x00010537) lui a0, 16
x10 <- 0x00010000


mem[X,0x80030B48] -> 0x0513
mem[X,0x80030B4A] -> 0xFFE5
[4787] [M]: 0x80030B48 (0xFFE50513) addi a0, a0, 4094
x10 <- 0x0000FFFE


mem[X,0x80030B4C] -> 0xB5B7
mem[X,0x80030B4E] -> 0x0000
[4788] [M]: 0x80030B4C (0x0000B5B7) lui a1, 11
x11 <- 0x0000B000


mem[X,0x80030B50] -> 0x8593
mem[X,0x80030B52] -> 0x5035
[4789] [M]: 0x80030B50 (0x50358593) addi a1, a1, 1283
x11 <- 0x0000B503


mem[X,0x80030B54] -> 0x0213
mem[X,0x80030B56] -> 0x0000
[4790] [M]: 0x80030B54 (0x00000213) addi tp, zero, 0
x4 <- 0x00000000


mem[X,0x80030B58] -> 0x006F
mem[X,0x80030B5A] -> 0x0140
[4791] [M]: 0x80030B58 (0x0140006F) jal zero, 20


mem[X,0x80030B6C] -> 0x68E3
mem[X,0x80030B6E] -> 0xFEB5
[4792] [M]: 0x80030B6C (0xFEB568E3) bltu a0, a1, 8176


mem[X,0x80030B70] -> 0x0213
mem[X,0x80030B72] -> 0x0022
[4793] [M]: 0x80030B70 (0x00220213) addi tp, tp, 2
x4 <- 0x00000002


mem[X,0x80030B74] -> 0x006F
mem[X,0x80030B76] -> 0x00C0
[4794] [M]: 0x80030B74 (0x00C0006F) jal zero, 12


mem[X,0x80030B80] -> 0xAC23
mem[X,0x80030B82] -> 0x7840
[4795] [M]: 0x80030B80 (0x7840AC23) sw tp, 1944(ra)
mem[0x8004C90C] <- 0x00000002


mem[X,0x80030B84] -> 0x0537
mem[X,0x80030B86] -> 0x0001
[4796] [M]: 0x80030B84 (0x00010537) lui a0, 16
x10 <- 0x00010000


mem[X,0x80030B88] -> 0x0513
mem[X,0x80030B8A] -> 0xFFE5
[4797] [M]: 0x80030B88 (0xFFE50513) addi a0, a0, 4094
x10 <- 0x0000FFFE


mem[X,0x80030B8C] -> 0x05B7
mem[X,0x80030B8E] -> 0x0001
[4798] [M]: 0x80030B8C (0x000105B7) lui a1, 16
x11 <- 0x00010000


mem[X,0x80030B90] -> 0x8593
mem[X,0x80030B92] -> 0xFFE5
[4799] [M]: 0x80030B90 (0xFFE58593) addi a1, a1, 4094
x11 <- 0x0000FFFE


clint::tick mtime <- 0x0000000000000030
 clint timer pending at mtime 0x0000000000000030
htif::tick 0x0000000000000000
mem[X,0x80030B94] -> 0x0213
mem[X,0x80030B96] -> 0x0000
[4800] [M]: 0x80030B94 (0x00000213) addi tp, zero, 0
x4 <- 0x00000000


mem[X,0x80030B98] -> 0x006F
mem[X,0x80030B9A] -> 0x0180
[4801] [M]: 0x80030B98 (0x0180006F) jal zero, 24


mem[X,0x80030BB0] -> 0x66E3
mem[X,0x80030BB2] -> 0xFEB5
[4802] [M]: 0x80030BB0 (0xFEB566E3) bltu a0, a1, 8172


mem[X,0x80030BB4] -> 0x0213
mem[X,0x80030BB6] -> 0x0022
[4803] [M]: 0x80030BB4 (0x00220213) addi tp, tp, 2
x4 <- 0x00000002


mem[X,0x80030BB8] -> 0x006F
mem[X,0x80030BBA] -> 0x00C0
[4804] [M]: 0x80030BB8 (0x00C0006F) jal zero, 12


mem[X,0x80030BC4] -> 0xAE23
mem[X,0x80030BC6] -> 0x7840
[4805] [M]: 0x80030BC4 (0x7840AE23) sw tp, 1948(ra)
mem[0x8004C910] <- 0x00000002


mem[X,0x80030BC8] -> 0x0537
mem[X,0x80030BCA] -> 0x0001
[4806] [M]: 0x80030BC8 (0x00010537) lui a0, 16
x10 <- 0x00010000


mem[X,0x80030BCC] -> 0x0513
mem[X,0x80030BCE] -> 0xFFE5
[4807] [M]: 0x80030BCC (0xFFE50513) addi a0, a0, 4094
x10 <- 0x0000FFFE


mem[X,0x80030BD0] -> 0x55B7
mem[X,0x80030BD2] -> 0x5555
[4808] [M]: 0x80030BD0 (0x555555B7) lui a1, 349525
x11 <- 0x55555000


mem[X,0x80030BD4] -> 0x8593
mem[X,0x80030BD6] -> 0x5565
[4809] [M]: 0x80030BD4 (0x55658593) addi a1, a1, 1366
x11 <- 0x55555556


mem[X,0x80030BD8] -> 0x0213
mem[X,0x80030BDA] -> 0x0000
[4810] [M]: 0x80030BD8 (0x00000213) addi tp, zero, 0
x4 <- 0x00000000


mem[X,0x80030BDC] -> 0x006F
mem[X,0x80030BDE] -> 0x0180
[4811] [M]: 0x80030BDC (0x0180006F) jal zero, 24


mem[X,0x80030BF4] -> 0x66E3
mem[X,0x80030BF6] -> 0xFEB5
[4812] [M]: 0x80030BF4 (0xFEB566E3) bltu a0, a1, 8172


mem[X,0x80030BE0] -> 0x0213
mem[X,0x80030BE2] -> 0x0012
[4813] [M]: 0x80030BE0 (0x00120213) addi tp, tp, 1
x4 <- 0x00000001


mem[X,0x80030BE4] -> 0x006F
mem[X,0x80030BE6] -> 0x0240
[4814] [M]: 0x80030BE4 (0x0240006F) jal zero, 36


mem[X,0x80030C08] -> 0xA023
mem[X,0x80030C0A] -> 0x7A40
[4815] [M]: 0x80030C08 (0x7A40A023) sw tp, 1952(ra)
mem[0x8004C914] <- 0x00000001


mem[X,0x80030C0C] -> 0x0537
mem[X,0x80030C0E] -> 0x0001
[4816] [M]: 0x80030C0C (0x00010537) lui a0, 16
x10 <- 0x00010000


mem[X,0x80030C10] -> 0x0513
mem[X,0x80030C12] -> 0xFFE5
[4817] [M]: 0x80030C10 (0xFFE50513) addi a0, a0, 4094
x10 <- 0x0000FFFE


mem[X,0x80030C14] -> 0xB5B7
mem[X,0x80030C16] -> 0xAAAA
[4818] [M]: 0x80030C14 (0xAAAAB5B7) lui a1, 699051
x11 <- 0xAAAAB000


mem[X,0x80030C18] -> 0x8593
mem[X,0x80030C1A] -> 0xAAB5
[4819] [M]: 0x80030C18 (0xAAB58593) addi a1, a1, 2731
x11 <- 0xAAAAAAAB


mem[X,0x80030C1C] -> 0x0213
mem[X,0x80030C1E] -> 0x0000
[4820] [M]: 0x80030C1C (0x00000213) addi tp, zero, 0
x4 <- 0x00000000


mem[X,0x80030C20] -> 0x006F
mem[X,0x80030C22] -> 0x00C0
[4821] [M]: 0x80030C20 (0x00C0006F) jal zero, 12


mem[X,0x80030C2C] -> 0x6CE3
mem[X,0x80030C2E] -> 0xFEB5
[4822] [M]: 0x80030C2C (0xFEB56CE3) bltu a0, a1, 8184


mem[X,0x80030C24] -> 0x0213
mem[X,0x80030C26] -> 0x0012
[4823] [M]: 0x80030C24 (0x00120213) addi tp, tp, 1
x4 <- 0x00000001


mem[X,0x80030C28] -> 0x006F
mem[X,0x80030C2A] -> 0x0180
[4824] [M]: 0x80030C28 (0x0180006F) jal zero, 24


mem[X,0x80030C40] -> 0xA223
mem[X,0x80030C42] -> 0x7A40
[4825] [M]: 0x80030C40 (0x7A40A223) sw tp, 1956(ra)
mem[0x8004C918] <- 0x00000001


mem[X,0x80030C44] -> 0x0537
mem[X,0x80030C46] -> 0x0001
[4826] [M]: 0x80030C44 (0x00010537) lui a0, 16
x10 <- 0x00010000


mem[X,0x80030C48] -> 0x0513
mem[X,0x80030C4A] -> 0xFFE5
[4827] [M]: 0x80030C48 (0xFFE50513) addi a0, a0, 4094
x10 <- 0x0000FFFE


mem[X,0x80030C4C] -> 0x0593
mem[X,0x80030C4E] -> 0x0060
[4828] [M]: 0x80030C4C (0x00600593) addi a1, zero, 6
x11 <- 0x00000006


mem[X,0x80030C50] -> 0x0213
mem[X,0x80030C52] -> 0x0000
[4829] [M]: 0x80030C50 (0x00000213) addi tp, zero, 0
x4 <- 0x00000000


mem[X,0x80030C54] -> 0x006F
mem[X,0x80030C56] -> 0x2B10
[4830] [M]: 0x80030C54 (0x2B10006F) jal zero, 2736


mem[X,0x80031704] -> 0x6A63
mem[X,0x80031706] -> 0xD4B5
[4831] [M]: 0x80031704 (0xD4B56A63) bltu a0, a1, 5460


mem[X,0x80031708] -> 0x0213
mem[X,0x8003170A] -> 0x0022
[4832] [M]: 0x80031708 (0x00220213) addi tp, tp, 2
x4 <- 0x00000002


mem[X,0x8003170C] -> 0x006F
mem[X,0x8003170E] -> 0x00C0
[4833] [M]: 0x8003170C (0x00C0006F) jal zero, 12


mem[X,0x80031718] -> 0xA423
mem[X,0x8003171A] -> 0x7A40
[4834] [M]: 0x80031718 (0x7A40A423) sw tp, 1960(ra)
mem[0x8004C91C] <- 0x00000002


mem[X,0x8003171C] -> 0x0537
mem[X,0x8003171E] -> 0x0001
[4835] [M]: 0x8003171C (0x00010537) lui a0, 16
x10 <- 0x00010000


mem[X,0x80031720] -> 0x0513
mem[X,0x80031722] -> 0xFFE5
[4836] [M]: 0x80031720 (0xFFE50513) addi a0, a0, 4094
x10 <- 0x0000FFFE


mem[X,0x80031724] -> 0x35B7
mem[X,0x80031726] -> 0x3333
[4837] [M]: 0x80031724 (0x333335B7) lui a1, 209715
x11 <- 0x33333000


mem[X,0x80031728] -> 0x8593
mem[X,0x8003172A] -> 0x3345
[4838] [M]: 0x80031728 (0x33458593) addi a1, a1, 820
x11 <- 0x33333334


mem[X,0x8003172C] -> 0x0213
mem[X,0x8003172E] -> 0x0000
[4839] [M]: 0x8003172C (0x00000213) addi tp, zero, 0
x4 <- 0x00000000


mem[X,0x80031730] -> 0x006F
mem[X,0x80031732] -> 0x00C0
[4840] [M]: 0x80031730 (0x00C0006F) jal zero, 12


mem[X,0x8003173C] -> 0x6CE3
mem[X,0x8003173E] -> 0xFEB5
[4841] [M]: 0x8003173C (0xFEB56CE3) bltu a0, a1, 8184


mem[X,0x80031734] -> 0x0213
mem[X,0x80031736] -> 0x0012
[4842] [M]: 0x80031734 (0x00120213) addi tp, tp, 1
x4 <- 0x00000001


mem[X,0x80031738] -> 0x006F
mem[X,0x8003173A] -> 0x0180
[4843] [M]: 0x80031738 (0x0180006F) jal zero, 24


mem[X,0x80031750] -> 0xA623
mem[X,0x80031752] -> 0x7A40
[4844] [M]: 0x80031750 (0x7A40A623) sw tp, 1964(ra)
mem[0x8004C920] <- 0x00000001


mem[X,0x80031754] -> 0x0537
mem[X,0x80031756] -> 0x0001
[4845] [M]: 0x80031754 (0x00010537) lui a0, 16
x10 <- 0x00010000


mem[X,0x80031758] -> 0x0513
mem[X,0x8003175A] -> 0xFFE5
[4846] [M]: 0x80031758 (0xFFE50513) addi a0, a0, 4094
x10 <- 0x0000FFFE


mem[X,0x8003175C] -> 0x65B7
mem[X,0x8003175E] -> 0x6666
[4847] [M]: 0x8003175C (0x666665B7) lui a1, 419430
x11 <- 0x66666000


mem[X,0x80031760] -> 0x8593
mem[X,0x80031762] -> 0x6675
[4848] [M]: 0x80031760 (0x66758593) addi a1, a1, 1639
x11 <- 0x66666667


mem[X,0x80031764] -> 0x0213
mem[X,0x80031766] -> 0x0000
[4849] [M]: 0x80031764 (0x00000213) addi tp, zero, 0
x4 <- 0x00000000


mem[X,0x80031768] -> 0x006F
mem[X,0x8003176A] -> 0x0100
[4850] [M]: 0x80031768 (0x0100006F) jal zero, 16


mem[X,0x80031778] -> 0x6AE3
mem[X,0x8003177A] -> 0xFEB5
[4851] [M]: 0x80031778 (0xFEB56AE3) bltu a0, a1, 8180


mem[X,0x8003176C] -> 0x0213
mem[X,0x8003176E] -> 0x0012
[4852] [M]: 0x8003176C (0x00120213) addi tp, tp, 1
x4 <- 0x00000001


mem[X,0x80031770] -> 0x006F
mem[X,0x80031772] -> 0x01C0
[4853] [M]: 0x80031770 (0x01C0006F) jal zero, 28


mem[X,0x8003178C] -> 0xA823
mem[X,0x8003178E] -> 0x7A40
[4854] [M]: 0x8003178C (0x7A40A823) sw tp, 1968(ra)
mem[0x8004C924] <- 0x00000001


mem[X,0x80031790] -> 0x0537
mem[X,0x80031792] -> 0x0001
[4855] [M]: 0x80031790 (0x00010537) lui a0, 16
x10 <- 0x00010000


mem[X,0x80031794] -> 0x0513
mem[X,0x80031796] -> 0xFFE5
[4856] [M]: 0x80031794 (0xFFE50513) addi a0, a0, 4094
x10 <- 0x0000FFFE


mem[X,0x80031798] -> 0xB5B7
mem[X,0x8003179A] -> 0x0000
[4857] [M]: 0x80031798 (0x0000B5B7) lui a1, 11
x11 <- 0x0000B000


mem[X,0x8003179C] -> 0x8593
mem[X,0x8003179E] -> 0x5055
[4858] [M]: 0x8003179C (0x50558593) addi a1, a1, 1285
x11 <- 0x0000B505


mem[X,0x800317A0] -> 0x0213
mem[X,0x800317A2] -> 0x0000
[4859] [M]: 0x800317A0 (0x00000213) addi tp, zero, 0
x4 <- 0x00000000


mem[X,0x800317A4] -> 0x006F
mem[X,0x800317A6] -> 0x00C0
[4860] [M]: 0x800317A4 (0x00C0006F) jal zero, 12


mem[X,0x800317B0] -> 0x6063
mem[X,0x800317B2] -> 0x10B5
[4861] [M]: 0x800317B0 (0x10B56063) bltu a0, a1, 256


mem[X,0x800317B4] -> 0x0213
mem[X,0x800317B6] -> 0x0022
[4862] [M]: 0x800317B4 (0x00220213) addi tp, tp, 2
x4 <- 0x00000002


mem[X,0x800317B8] -> 0x006F
mem[X,0x800317BA] -> 0x1000
[4863] [M]: 0x800317B8 (0x1000006F) jal zero, 256


mem[X,0x800318B8] -> 0xAA23
mem[X,0x800318BA] -> 0x7A40
[4864] [M]: 0x800318B8 (0x7A40AA23) sw tp, 1972(ra)
mem[0x8004C928] <- 0x00000002


mem[X,0x800318BC] -> 0x0537
mem[X,0x800318BE] -> 0x0001
[4865] [M]: 0x800318BC (0x00010537) lui a0, 16
x10 <- 0x00010000


mem[X,0x800318C0] -> 0x0513
mem[X,0x800318C2] -> 0xFFE5
[4866] [M]: 0x800318C0 (0xFFE50513) addi a0, a0, 4094
x10 <- 0x0000FFFE


mem[X,0x800318C4] -> 0x0593
mem[X,0x800318C6] -> 0x0010
[4867] [M]: 0x800318C4 (0x00100593) addi a1, zero, 1
x11 <- 0x00000001


mem[X,0x800318C8] -> 0x0213
mem[X,0x800318CA] -> 0x0000
[4868] [M]: 0x800318C8 (0x00000213) addi tp, zero, 0
x4 <- 0x00000000


mem[X,0x800318CC] -> 0x006F
mem[X,0x800318CE] -> 0x00C0
[4869] [M]: 0x800318CC (0x00C0006F) jal zero, 12


mem[X,0x800318D8] -> 0x6063
mem[X,0x800318DA] -> 0x04B5
[4870] [M]: 0x800318D8 (0x04B56063) bltu a0, a1, 64


mem[X,0x800318DC] -> 0x0213
mem[X,0x800318DE] -> 0x0022
[4871] [M]: 0x800318DC (0x00220213) addi tp, tp, 2
x4 <- 0x00000002


mem[X,0x800318E0] -> 0x006F
mem[X,0x800318E2] -> 0x0400
[4872] [M]: 0x800318E0 (0x0400006F) jal zero, 64


mem[X,0x80031920] -> 0xAC23
mem[X,0x80031922] -> 0x7A40
[4873] [M]: 0x80031920 (0x7A40AC23) sw tp, 1976(ra)
mem[0x8004C92C] <- 0x00000002


mem[X,0x80031924] -> 0x0537
mem[X,0x80031926] -> 0x0001
[4874] [M]: 0x80031924 (0x00010537) lui a0, 16
x10 <- 0x00010000


mem[X,0x80031928] -> 0x0513
mem[X,0x8003192A] -> 0xFFE5
[4875] [M]: 0x80031928 (0xFFE50513) addi a0, a0, 4094
x10 <- 0x0000FFFE


mem[X,0x8003192C] -> 0x05B7
mem[X,0x8003192E] -> 0x0001
[4876] [M]: 0x8003192C (0x000105B7) lui a1, 16
x11 <- 0x00010000


mem[X,0x80031930] -> 0x0213
mem[X,0x80031932] -> 0x0000
[4877] [M]: 0x80031930 (0x00000213) addi tp, zero, 0
x4 <- 0x00000000


mem[X,0x80031934] -> 0x006F
mem[X,0x80031936] -> 0x00C0
[4878] [M]: 0x80031934 (0x00C0006F) jal zero, 12


mem[X,0x80031940] -> 0x6663
mem[X,0x80031942] -> 0x00B5
[4879] [M]: 0x80031940 (0x00B56663) bltu a0, a1, 12


mem[X,0x8003194C] -> 0x0213
mem[X,0x8003194E] -> 0x0032
[4880] [M]: 0x8003194C (0x00320213) addi tp, tp, 3
x4 <- 0x00000003


mem[X,0x80031950] -> 0x006F
mem[X,0x80031952] -> 0x0040
[4881] [M]: 0x80031950 (0x0040006F) jal zero, 4


mem[X,0x80031954] -> 0xAE23
mem[X,0x80031956] -> 0x7A40
[4882] [M]: 0x80031954 (0x7A40AE23) sw tp, 1980(ra)
mem[0x8004C930] <- 0x00000003


mem[X,0x80031958] -> 0x5537
mem[X,0x8003195A] -> 0x5555
[4883] [M]: 0x80031958 (0x55555537) lui a0, 349525
x10 <- 0x55555000


mem[X,0x8003195C] -> 0x0513
mem[X,0x8003195E] -> 0x5565
[4884] [M]: 0x8003195C (0x55650513) addi a0, a0, 1366
x10 <- 0x55555556


mem[X,0x80031960] -> 0x0593
mem[X,0x80031962] -> 0x0030
[4885] [M]: 0x80031960 (0x00300593) addi a1, zero, 3
x11 <- 0x00000003


mem[X,0x80031964] -> 0x0213
mem[X,0x80031966] -> 0x0000
[4886] [M]: 0x80031964 (0x00000213) addi tp, zero, 0
x4 <- 0x00000000


mem[X,0x80031968] -> 0x006F
mem[X,0x8003196A] -> 0x00C0
[4887] [M]: 0x80031968 (0x00C0006F) jal zero, 12


mem[X,0x80031974] -> 0x6663
mem[X,0x80031976] -> 0x00B5
[4888] [M]: 0x80031974 (0x00B56663) bltu a0, a1, 12


mem[X,0x80031978] -> 0x0213
mem[X,0x8003197A] -> 0x0022
[4889] [M]: 0x80031978 (0x00220213) addi tp, tp, 2
x4 <- 0x00000002


mem[X,0x8003197C] -> 0x006F
mem[X,0x8003197E] -> 0x00C0
[4890] [M]: 0x8003197C (0x00C0006F) jal zero, 12


mem[X,0x80031988] -> 0xA023
mem[X,0x8003198A] -> 0x7C40
[4891] [M]: 0x80031988 (0x7C40A023) sw tp, 1984(ra)
mem[0x8004C934] <- 0x00000002


mem[X,0x8003198C] -> 0x5537
mem[X,0x8003198E] -> 0x5555
[4892] [M]: 0x8003198C (0x55555537) lui a0, 349525
x10 <- 0x55555000


mem[X,0x80031990] -> 0x0513
mem[X,0x80031992] -> 0x5565
[4893] [M]: 0x80031990 (0x55650513) addi a0, a0, 1366
x10 <- 0x55555556


mem[X,0x80031994] -> 0x55B7
mem[X,0x80031996] -> 0x5555
[4894] [M]: 0x80031994 (0x555555B7) lui a1, 349525
x11 <- 0x55555000


mem[X,0x80031998] -> 0x8593
mem[X,0x8003199A] -> 0x5555
[4895] [M]: 0x80031998 (0x55558593) addi a1, a1, 1365
x11 <- 0x55555555


mem[X,0x8003199C] -> 0x0213
mem[X,0x8003199E] -> 0x0000
[4896] [M]: 0x8003199C (0x00000213) addi tp, zero, 0
x4 <- 0x00000000


mem[X,0x800319A0] -> 0x006F
mem[X,0x800319A2] -> 0x00C0
[4897] [M]: 0x800319A0 (0x00C0006F) jal zero, 12


mem[X,0x800319AC] -> 0x6CE3
mem[X,0x800319AE] -> 0xFEB5
[4898] [M]: 0x800319AC (0xFEB56CE3) bltu a0, a1, 8184


mem[X,0x800319B0] -> 0x0213
mem[X,0x800319B2] -> 0x0022
[4899] [M]: 0x800319B0 (0x00220213) addi tp, tp, 2
x4 <- 0x00000002


clint::tick mtime <- 0x0000000000000031
 clint timer pending at mtime 0x0000000000000031
htif::tick 0x0000000000000000
mem[X,0x800319B4] -> 0x006F
mem[X,0x800319B6] -> 0x00C0
[4900] [M]: 0x800319B4 (0x00C0006F) jal zero, 12


mem[X,0x800319C0] -> 0xA223
mem[X,0x800319C2] -> 0x7C40
[4901] [M]: 0x800319C0 (0x7C40A223) sw tp, 1988(ra)
mem[0x8004C938] <- 0x00000002


mem[X,0x800319C4] -> 0x5537
mem[X,0x800319C6] -> 0x5555
[4902] [M]: 0x800319C4 (0x55555537) lui a0, 349525
x10 <- 0x55555000


mem[X,0x800319C8] -> 0x0513
mem[X,0x800319CA] -> 0x5565
[4903] [M]: 0x800319C8 (0x55650513) addi a0, a0, 1366
x10 <- 0x55555556


mem[X,0x800319CC] -> 0xB5B7
mem[X,0x800319CE] -> 0xAAAA
[4904] [M]: 0x800319CC (0xAAAAB5B7) lui a1, 699051
x11 <- 0xAAAAB000


mem[X,0x800319D0] -> 0x8593
mem[X,0x800319D2] -> 0xAAA5
[4905] [M]: 0x800319D0 (0xAAA58593) addi a1, a1, 2730
x11 <- 0xAAAAAAAA


mem[X,0x800319D4] -> 0x0213
mem[X,0x800319D6] -> 0x0000
[4906] [M]: 0x800319D4 (0x00000213) addi tp, zero, 0
x4 <- 0x00000000


mem[X,0x800319D8] -> 0x006F
mem[X,0x800319DA] -> 0x00C0
[4907] [M]: 0x800319D8 (0x00C0006F) jal zero, 12


mem[X,0x800319E4] -> 0x6CE3
mem[X,0x800319E6] -> 0xFEB5
[4908] [M]: 0x800319E4 (0xFEB56CE3) bltu a0, a1, 8184


mem[X,0x800319DC] -> 0x0213
mem[X,0x800319DE] -> 0x0012
[4909] [M]: 0x800319DC (0x00120213) addi tp, tp, 1
x4 <- 0x00000001


mem[X,0x800319E0] -> 0x006F
mem[X,0x800319E2] -> 0x0180
[4910] [M]: 0x800319E0 (0x0180006F) jal zero, 24


mem[X,0x800319F8] -> 0xA423
mem[X,0x800319FA] -> 0x7C40
[4911] [M]: 0x800319F8 (0x7C40A423) sw tp, 1992(ra)
mem[0x8004C93C] <- 0x00000001


mem[X,0x800319FC] -> 0x5537
mem[X,0x800319FE] -> 0x5555
[4912] [M]: 0x800319FC (0x55555537) lui a0, 349525
x10 <- 0x55555000


mem[X,0x80031A00] -> 0x0513
mem[X,0x80031A02] -> 0x5565
[4913] [M]: 0x80031A00 (0x55650513) addi a0, a0, 1366
x10 <- 0x55555556


mem[X,0x80031A04] -> 0x0593
mem[X,0x80031A06] -> 0x0050
[4914] [M]: 0x80031A04 (0x00500593) addi a1, zero, 5
x11 <- 0x00000005


mem[X,0x80031A08] -> 0x0213
mem[X,0x80031A0A] -> 0x0000
[4915] [M]: 0x80031A08 (0x00000213) addi tp, zero, 0
x4 <- 0x00000000


mem[X,0x80031A0C] -> 0x006F
mem[X,0x80031A0E] -> 0x0140
[4916] [M]: 0x80031A0C (0x0140006F) jal zero, 20


mem[X,0x80031A20] -> 0x68E3
mem[X,0x80031A22] -> 0xFEB5
[4917] [M]: 0x80031A20 (0xFEB568E3) bltu a0, a1, 8176


mem[X,0x80031A24] -> 0x0213
mem[X,0x80031A26] -> 0x0022
[4918] [M]: 0x80031A24 (0x00220213) addi tp, tp, 2
x4 <- 0x00000002


mem[X,0x80031A28] -> 0x006F
mem[X,0x80031A2A] -> 0x00C0
[4919] [M]: 0x80031A28 (0x00C0006F) jal zero, 12


mem[X,0x80031A34] -> 0xA623
mem[X,0x80031A36] -> 0x7C40
[4920] [M]: 0x80031A34 (0x7C40A623) sw tp, 1996(ra)
mem[0x8004C940] <- 0x00000002


mem[X,0x80031A38] -> 0x5537
mem[X,0x80031A3A] -> 0x5555
[4921] [M]: 0x80031A38 (0x55555537) lui a0, 349525
x10 <- 0x55555000


mem[X,0x80031A3C] -> 0x0513
mem[X,0x80031A3E] -> 0x5565
[4922] [M]: 0x80031A3C (0x55650513) addi a0, a0, 1366
x10 <- 0x55555556


mem[X,0x80031A40] -> 0x35B7
mem[X,0x80031A42] -> 0x3333
[4923] [M]: 0x80031A40 (0x333335B7) lui a1, 209715
x11 <- 0x33333000


mem[X,0x80031A44] -> 0x8593
mem[X,0x80031A46] -> 0x3335
[4924] [M]: 0x80031A44 (0x33358593) addi a1, a1, 819
x11 <- 0x33333333


mem[X,0x80031A48] -> 0x0213
mem[X,0x80031A4A] -> 0x0000
[4925] [M]: 0x80031A48 (0x00000213) addi tp, zero, 0
x4 <- 0x00000000


mem[X,0x80031A4C] -> 0x006F
mem[X,0x80031A4E] -> 0x00C0
[4926] [M]: 0x80031A4C (0x00C0006F) jal zero, 12


mem[X,0x80031A58] -> 0x6663
mem[X,0x80031A5A] -> 0x00B5
[4927] [M]: 0x80031A58 (0x00B56663) bltu a0, a1, 12


mem[X,0x80031A5C] -> 0x0213
mem[X,0x80031A5E] -> 0x0022
[4928] [M]: 0x80031A5C (0x00220213) addi tp, tp, 2
x4 <- 0x00000002


mem[X,0x80031A60] -> 0x006F
mem[X,0x80031A62] -> 0x00C0
[4929] [M]: 0x80031A60 (0x00C0006F) jal zero, 12


mem[X,0x80031A6C] -> 0xA823
mem[X,0x80031A6E] -> 0x7C40
[4930] [M]: 0x80031A6C (0x7C40A823) sw tp, 2000(ra)
mem[0x8004C944] <- 0x00000002


mem[X,0x80031A70] -> 0x5537
mem[X,0x80031A72] -> 0x5555
[4931] [M]: 0x80031A70 (0x55555537) lui a0, 349525
x10 <- 0x55555000


mem[X,0x80031A74] -> 0x0513
mem[X,0x80031A76] -> 0x5565
[4932] [M]: 0x80031A74 (0x55650513) addi a0, a0, 1366
x10 <- 0x55555556


mem[X,0x80031A78] -> 0x65B7
mem[X,0x80031A7A] -> 0x6666
[4933] [M]: 0x80031A78 (0x666665B7) lui a1, 419430
x11 <- 0x66666000


mem[X,0x80031A7C] -> 0x8593
mem[X,0x80031A7E] -> 0x6665
[4934] [M]: 0x80031A7C (0x66658593) addi a1, a1, 1638
x11 <- 0x66666666


mem[X,0x80031A80] -> 0x0213
mem[X,0x80031A82] -> 0x0000
[4935] [M]: 0x80031A80 (0x00000213) addi tp, zero, 0
x4 <- 0x00000000


mem[X,0x80031A84] -> 0x006F
mem[X,0x80031A86] -> 0x00C0
[4936] [M]: 0x80031A84 (0x00C0006F) jal zero, 12


mem[X,0x80031A90] -> 0x6063
mem[X,0x80031A92] -> 0x02B5
[4937] [M]: 0x80031A90 (0x02B56063) bltu a0, a1, 32


mem[X,0x80031AB0] -> 0x0213
mem[X,0x80031AB2] -> 0x0032
[4938] [M]: 0x80031AB0 (0x00320213) addi tp, tp, 3
x4 <- 0x00000003


mem[X,0x80031AB4] -> 0x006F
mem[X,0x80031AB6] -> 0x0040
[4939] [M]: 0x80031AB4 (0x0040006F) jal zero, 4


mem[X,0x80031AB8] -> 0xAA23
mem[X,0x80031ABA] -> 0x7C40
[4940] [M]: 0x80031AB8 (0x7C40AA23) sw tp, 2004(ra)
mem[0x8004C948] <- 0x00000003


mem[X,0x80031ABC] -> 0x5537
mem[X,0x80031ABE] -> 0x5555
[4941] [M]: 0x80031ABC (0x55555537) lui a0, 349525
x10 <- 0x55555000


mem[X,0x80031AC0] -> 0x0513
mem[X,0x80031AC2] -> 0x5565
[4942] [M]: 0x80031AC0 (0x55650513) addi a0, a0, 1366
x10 <- 0x55555556


mem[X,0x80031AC4] -> 0xB5B7
mem[X,0x80031AC6] -> 0x0000
[4943] [M]: 0x80031AC4 (0x0000B5B7) lui a1, 11
x11 <- 0x0000B000


mem[X,0x80031AC8] -> 0x8593
mem[X,0x80031ACA] -> 0x5045
[4944] [M]: 0x80031AC8 (0x50458593) addi a1, a1, 1284
x11 <- 0x0000B504


mem[X,0x80031ACC] -> 0x0213
mem[X,0x80031ACE] -> 0x0000
[4945] [M]: 0x80031ACC (0x00000213) addi tp, zero, 0
x4 <- 0x00000000


mem[X,0x80031AD0] -> 0x006F
mem[X,0x80031AD2] -> 0x00C0
[4946] [M]: 0x80031AD0 (0x00C0006F) jal zero, 12


mem[X,0x80031ADC] -> 0x6863
mem[X,0x80031ADE] -> 0x00B5
[4947] [M]: 0x80031ADC (0x00B56863) bltu a0, a1, 16


mem[X,0x80031AE0] -> 0x0213
mem[X,0x80031AE2] -> 0x0022
[4948] [M]: 0x80031AE0 (0x00220213) addi tp, tp, 2
x4 <- 0x00000002


mem[X,0x80031AE4] -> 0x006F
mem[X,0x80031AE6] -> 0x0100
[4949] [M]: 0x80031AE4 (0x0100006F) jal zero, 16


mem[X,0x80031AF4] -> 0xAC23
mem[X,0x80031AF6] -> 0x7C40
[4950] [M]: 0x80031AF4 (0x7C40AC23) sw tp, 2008(ra)
mem[0x8004C94C] <- 0x00000002


mem[X,0x80031AF8] -> 0x5537
mem[X,0x80031AFA] -> 0x5555
[4951] [M]: 0x80031AF8 (0x55555537) lui a0, 349525
x10 <- 0x55555000


mem[X,0x80031AFC] -> 0x0513
mem[X,0x80031AFE] -> 0x5565
[4952] [M]: 0x80031AFC (0x55650513) addi a0, a0, 1366
x10 <- 0x55555556


mem[X,0x80031B00] -> 0x0593
mem[X,0x80031B02] -> 0x0000
[4953] [M]: 0x80031B00 (0x00000593) addi a1, zero, 0
x11 <- 0x00000000


mem[X,0x80031B04] -> 0x0213
mem[X,0x80031B06] -> 0x0000
[4954] [M]: 0x80031B04 (0x00000213) addi tp, zero, 0
x4 <- 0x00000000


mem[X,0x80031B08] -> 0x006F
mem[X,0x80031B0A] -> 0x00C0
[4955] [M]: 0x80031B08 (0x00C0006F) jal zero, 12


mem[X,0x80031B14] -> 0x6063
mem[X,0x80031B16] -> 0x02B5
[4956] [M]: 0x80031B14 (0x02B56063) bltu a0, a1, 32


mem[X,0x80031B18] -> 0x0213
mem[X,0x80031B1A] -> 0x0022
[4957] [M]: 0x80031B18 (0x00220213) addi tp, tp, 2
x4 <- 0x00000002


mem[X,0x80031B1C] -> 0x006F
mem[X,0x80031B1E] -> 0x0200
[4958] [M]: 0x80031B1C (0x0200006F) jal zero, 32


mem[X,0x80031B3C] -> 0xAE23
mem[X,0x80031B3E] -> 0x7C40
[4959] [M]: 0x80031B3C (0x7C40AE23) sw tp, 2012(ra)
mem[0x8004C950] <- 0x00000002


mem[X,0x80031B40] -> 0x5537
mem[X,0x80031B42] -> 0x5555
[4960] [M]: 0x80031B40 (0x55555537) lui a0, 349525
x10 <- 0x55555000


mem[X,0x80031B44] -> 0x0513
mem[X,0x80031B46] -> 0x5565
[4961] [M]: 0x80031B44 (0x55650513) addi a0, a0, 1366
x10 <- 0x55555556


mem[X,0x80031B48] -> 0x05B7
mem[X,0x80031B4A] -> 0x0001
[4962] [M]: 0x80031B48 (0x000105B7) lui a1, 16
x11 <- 0x00010000


mem[X,0x80031B4C] -> 0x8593
mem[X,0x80031B4E] -> 0xFFF5
[4963] [M]: 0x80031B4C (0xFFF58593) addi a1, a1, 4095
x11 <- 0x0000FFFF


mem[X,0x80031B50] -> 0x0213
mem[X,0x80031B52] -> 0x0000
[4964] [M]: 0x80031B50 (0x00000213) addi tp, zero, 0
x4 <- 0x00000000


mem[X,0x80031B54] -> 0x006F
mem[X,0x80031B56] -> 0x00C0
[4965] [M]: 0x80031B54 (0x00C0006F) jal zero, 12


mem[X,0x80031B60] -> 0x6CE3
mem[X,0x80031B62] -> 0xFEB5
[4966] [M]: 0x80031B60 (0xFEB56CE3) bltu a0, a1, 8184


mem[X,0x80031B64] -> 0x0213
mem[X,0x80031B66] -> 0x0022
[4967] [M]: 0x80031B64 (0x00220213) addi tp, tp, 2
x4 <- 0x00000002


mem[X,0x80031B68] -> 0x006F
mem[X,0x80031B6A] -> 0x00C0
[4968] [M]: 0x80031B68 (0x00C0006F) jal zero, 12


mem[X,0x80031B74] -> 0xA023
mem[X,0x80031B76] -> 0x7E40
[4969] [M]: 0x80031B74 (0x7E40A023) sw tp, 2016(ra)
mem[0x8004C954] <- 0x00000002


mem[X,0x80031B78] -> 0x5537
mem[X,0x80031B7A] -> 0x5555
[4970] [M]: 0x80031B78 (0x55555537) lui a0, 349525
x10 <- 0x55555000


mem[X,0x80031B7C] -> 0x0513
mem[X,0x80031B7E] -> 0x5565
[4971] [M]: 0x80031B7C (0x55650513) addi a0, a0, 1366
x10 <- 0x55555556


mem[X,0x80031B80] -> 0x0593
mem[X,0x80031B82] -> 0x0020
[4972] [M]: 0x80031B80 (0x00200593) addi a1, zero, 2
x11 <- 0x00000002


mem[X,0x80031B84] -> 0x0213
mem[X,0x80031B86] -> 0x0000
[4973] [M]: 0x80031B84 (0x00000213) addi tp, zero, 0
x4 <- 0x00000000


mem[X,0x80031B88] -> 0x006F
mem[X,0x80031B8A] -> 0x00C0
[4974] [M]: 0x80031B88 (0x00C0006F) jal zero, 12


mem[X,0x80031B94] -> 0x6663
mem[X,0x80031B96] -> 0x00B5
[4975] [M]: 0x80031B94 (0x00B56663) bltu a0, a1, 12


mem[X,0x80031B98] -> 0x0213
mem[X,0x80031B9A] -> 0x0022
[4976] [M]: 0x80031B98 (0x00220213) addi tp, tp, 2
x4 <- 0x00000002


mem[X,0x80031B9C] -> 0x006F
mem[X,0x80031B9E] -> 0x00C0
[4977] [M]: 0x80031B9C (0x00C0006F) jal zero, 12


mem[X,0x80031BA8] -> 0xA223
mem[X,0x80031BAA] -> 0x7E40
[4978] [M]: 0x80031BA8 (0x7E40A223) sw tp, 2020(ra)
mem[0x8004C958] <- 0x00000002


mem[X,0x80031BAC] -> 0x5537
mem[X,0x80031BAE] -> 0x5555
[4979] [M]: 0x80031BAC (0x55555537) lui a0, 349525
x10 <- 0x55555000


mem[X,0x80031BB0] -> 0x0513
mem[X,0x80031BB2] -> 0x5565
[4980] [M]: 0x80031BB0 (0x55650513) addi a0, a0, 1366
x10 <- 0x55555556


mem[X,0x80031BB4] -> 0x55B7
mem[X,0x80031BB6] -> 0x5555
[4981] [M]: 0x80031BB4 (0x555555B7) lui a1, 349525
x11 <- 0x55555000


mem[X,0x80031BB8] -> 0x8593
mem[X,0x80031BBA] -> 0x5545
[4982] [M]: 0x80031BB8 (0x55458593) addi a1, a1, 1364
x11 <- 0x55555554


mem[X,0x80031BBC] -> 0x0213
mem[X,0x80031BBE] -> 0x0000
[4983] [M]: 0x80031BBC (0x00000213) addi tp, zero, 0
x4 <- 0x00000000


mem[X,0x80031BC0] -> 0x006F
mem[X,0x80031BC2] -> 0x00C0
[4984] [M]: 0x80031BC0 (0x00C0006F) jal zero, 12


mem[X,0x80031BCC] -> 0x6CE3
mem[X,0x80031BCE] -> 0xFEB5
[4985] [M]: 0x80031BCC (0xFEB56CE3) bltu a0, a1, 8184


mem[X,0x80031BD0] -> 0x0213
mem[X,0x80031BD2] -> 0x0022
[4986] [M]: 0x80031BD0 (0x00220213) addi tp, tp, 2
x4 <- 0x00000002


mem[X,0x80031BD4] -> 0x006F
mem[X,0x80031BD6] -> 0x00C0
[4987] [M]: 0x80031BD4 (0x00C0006F) jal zero, 12


mem[X,0x80031BE0] -> 0xA423
mem[X,0x80031BE2] -> 0x7E40
[4988] [M]: 0x80031BE0 (0x7E40A423) sw tp, 2024(ra)
mem[0x8004C95C] <- 0x00000002


mem[X,0x80031BE4] -> 0x5537
mem[X,0x80031BE6] -> 0x5555
[4989] [M]: 0x80031BE4 (0x55555537) lui a0, 349525
x10 <- 0x55555000


mem[X,0x80031BE8] -> 0x0513
mem[X,0x80031BEA] -> 0x5565
[4990] [M]: 0x80031BE8 (0x55650513) addi a0, a0, 1366
x10 <- 0x55555556


mem[X,0x80031BEC] -> 0xB5B7
mem[X,0x80031BEE] -> 0xAAAA
[4991] [M]: 0x80031BEC (0xAAAAB5B7) lui a1, 699051
x11 <- 0xAAAAB000


mem[X,0x80031BF0] -> 0x8593
mem[X,0x80031BF2] -> 0xAA95
[4992] [M]: 0x80031BF0 (0xAA958593) addi a1, a1, 2729
x11 <- 0xAAAAAAA9


mem[X,0x80031BF4] -> 0x0213
mem[X,0x80031BF6] -> 0x0000
[4993] [M]: 0x80031BF4 (0x00000213) addi tp, zero, 0
x4 <- 0x00000000


mem[X,0x80031BF8] -> 0x006F
mem[X,0x80031BFA] -> 0x0100
[4994] [M]: 0x80031BF8 (0x0100006F) jal zero, 16


mem[X,0x80031C08] -> 0x6AE3
mem[X,0x80031C0A] -> 0xFEB5
[4995] [M]: 0x80031C08 (0xFEB56AE3) bltu a0, a1, 8180


mem[X,0x80031BFC] -> 0x0213
mem[X,0x80031BFE] -> 0x0012
[4996] [M]: 0x80031BFC (0x00120213) addi tp, tp, 1
x4 <- 0x00000001


mem[X,0x80031C00] -> 0x006F
mem[X,0x80031C02] -> 0x01C0
[4997] [M]: 0x80031C00 (0x01C0006F) jal zero, 28


mem[X,0x80031C1C] -> 0xA623
mem[X,0x80031C1E] -> 0x7E40
[4998] [M]: 0x80031C1C (0x7E40A623) sw tp, 2028(ra)
mem[0x8004C960] <- 0x00000001


mem[X,0x80031C20] -> 0x5537
mem[X,0x80031C22] -> 0x5555
[4999] [M]: 0x80031C20 (0x55555537) lui a0, 349525
x10 <- 0x55555000


clint::tick mtime <- 0x0000000000000032
 clint timer pending at mtime 0x0000000000000032
htif::tick 0x0000000000000000
mem[X,0x80031C24] -> 0x0513
mem[X,0x80031C26] -> 0x5565
[5000] [M]: 0x80031C24 (0x55650513) addi a0, a0, 1366
x10 <- 0x55555556


mem[X,0x80031C28] -> 0x0593
mem[X,0x80031C2A] -> 0x0040
[5001] [M]: 0x80031C28 (0x00400593) addi a1, zero, 4
x11 <- 0x00000004


mem[X,0x80031C2C] -> 0x0213
mem[X,0x80031C2E] -> 0x0000
[5002] [M]: 0x80031C2C (0x00000213) addi tp, zero, 0
x4 <- 0x00000000


mem[X,0x80031C30] -> 0x006F
mem[X,0x80031C32] -> 0x00C0
[5003] [M]: 0x80031C30 (0x00C0006F) jal zero, 12


mem[X,0x80031C3C] -> 0x6063
mem[X,0x80031C3E] -> 0x40B5
[5004] [M]: 0x80031C3C (0x40B56063) bltu a0, a1, 1024


mem[X,0x80031C40] -> 0x0213
mem[X,0x80031C42] -> 0x0022
[5005] [M]: 0x80031C40 (0x00220213) addi tp, tp, 2
x4 <- 0x00000002


mem[X,0x80031C44] -> 0x006F
mem[X,0x80031C46] -> 0x4000
[5006] [M]: 0x80031C44 (0x4000006F) jal zero, 1024


mem[X,0x80032044] -> 0xA823
mem[X,0x80032046] -> 0x7E40
[5007] [M]: 0x80032044 (0x7E40A823) sw tp, 2032(ra)
mem[0x8004C964] <- 0x00000002


mem[X,0x80032048] -> 0x5537
mem[X,0x8003204A] -> 0x5555
[5008] [M]: 0x80032048 (0x55555537) lui a0, 349525
x10 <- 0x55555000


mem[X,0x8003204C] -> 0x0513
mem[X,0x8003204E] -> 0x5565
[5009] [M]: 0x8003204C (0x55650513) addi a0, a0, 1366
x10 <- 0x55555556


mem[X,0x80032050] -> 0x35B7
mem[X,0x80032052] -> 0x3333
[5010] [M]: 0x80032050 (0x333335B7) lui a1, 209715
x11 <- 0x33333000


mem[X,0x80032054] -> 0x8593
mem[X,0x80032056] -> 0x3325
[5011] [M]: 0x80032054 (0x33258593) addi a1, a1, 818
x11 <- 0x33333332


mem[X,0x80032058] -> 0x0213
mem[X,0x8003205A] -> 0x0000
[5012] [M]: 0x80032058 (0x00000213) addi tp, zero, 0
x4 <- 0x00000000


mem[X,0x8003205C] -> 0x006F
mem[X,0x8003205E] -> 0x00C0
[5013] [M]: 0x8003205C (0x00C0006F) jal zero, 12


mem[X,0x80032068] -> 0x6663
mem[X,0x8003206A] -> 0x00B5
[5014] [M]: 0x80032068 (0x00B56663) bltu a0, a1, 12


mem[X,0x8003206C] -> 0x0213
mem[X,0x8003206E] -> 0x0022
[5015] [M]: 0x8003206C (0x00220213) addi tp, tp, 2
x4 <- 0x00000002


mem[X,0x80032070] -> 0x006F
mem[X,0x80032072] -> 0x00C0
[5016] [M]: 0x80032070 (0x00C0006F) jal zero, 12


mem[X,0x8003207C] -> 0xAA23
mem[X,0x8003207E] -> 0x7E40
[5017] [M]: 0x8003207C (0x7E40AA23) sw tp, 2036(ra)
mem[0x8004C968] <- 0x00000002


mem[X,0x80032080] -> 0x5537
mem[X,0x80032082] -> 0x5555
[5018] [M]: 0x80032080 (0x55555537) lui a0, 349525
x10 <- 0x55555000


mem[X,0x80032084] -> 0x0513
mem[X,0x80032086] -> 0x5565
[5019] [M]: 0x80032084 (0x55650513) addi a0, a0, 1366
x10 <- 0x55555556


mem[X,0x80032088] -> 0x65B7
mem[X,0x8003208A] -> 0x6666
[5020] [M]: 0x80032088 (0x666665B7) lui a1, 419430
x11 <- 0x66666000


mem[X,0x8003208C] -> 0x8593
mem[X,0x8003208E] -> 0x6655
[5021] [M]: 0x8003208C (0x66558593) addi a1, a1, 1637
x11 <- 0x66666665


mem[X,0x80032090] -> 0x0213
mem[X,0x80032092] -> 0x0000
[5022] [M]: 0x80032090 (0x00000213) addi tp, zero, 0
x4 <- 0x00000000


mem[X,0x80032094] -> 0x006F
mem[X,0x80032096] -> 0x00C0
[5023] [M]: 0x80032094 (0x00C0006F) jal zero, 12


mem[X,0x800320A0] -> 0x6063
mem[X,0x800320A2] -> 0x02B5
[5024] [M]: 0x800320A0 (0x02B56063) bltu a0, a1, 32


mem[X,0x800320C0] -> 0x0213
mem[X,0x800320C2] -> 0x0032
[5025] [M]: 0x800320C0 (0x00320213) addi tp, tp, 3
x4 <- 0x00000003


mem[X,0x800320C4] -> 0x006F
mem[X,0x800320C6] -> 0x0040
[5026] [M]: 0x800320C4 (0x0040006F) jal zero, 4


mem[X,0x800320C8] -> 0xAC23
mem[X,0x800320CA] -> 0x7E40
[5027] [M]: 0x800320C8 (0x7E40AC23) sw tp, 2040(ra)
mem[0x8004C96C] <- 0x00000003


mem[X,0x800320CC] -> 0x5537
mem[X,0x800320CE] -> 0x5555
[5028] [M]: 0x800320CC (0x55555537) lui a0, 349525
x10 <- 0x55555000


mem[X,0x800320D0] -> 0x0513
mem[X,0x800320D2] -> 0x5565
[5029] [M]: 0x800320D0 (0x55650513) addi a0, a0, 1366
x10 <- 0x55555556


mem[X,0x800320D4] -> 0xB5B7
mem[X,0x800320D6] -> 0x0000
[5030] [M]: 0x800320D4 (0x0000B5B7) lui a1, 11
x11 <- 0x0000B000


mem[X,0x800320D8] -> 0x8593
mem[X,0x800320DA] -> 0x5035
[5031] [M]: 0x800320D8 (0x50358593) addi a1, a1, 1283
x11 <- 0x0000B503


mem[X,0x800320DC] -> 0x0213
mem[X,0x800320DE] -> 0x0000
[5032] [M]: 0x800320DC (0x00000213) addi tp, zero, 0
x4 <- 0x00000000


mem[X,0x800320E0] -> 0x006F
mem[X,0x800320E2] -> 0x00C0
[5033] [M]: 0x800320E0 (0x00C0006F) jal zero, 12


mem[X,0x800320EC] -> 0x6063
mem[X,0x800320EE] -> 0x20B5
[5034] [M]: 0x800320EC (0x20B56063) bltu a0, a1, 512


mem[X,0x800320F0] -> 0x0213
mem[X,0x800320F2] -> 0x0022
[5035] [M]: 0x800320F0 (0x00220213) addi tp, tp, 2
x4 <- 0x00000002


mem[X,0x800320F4] -> 0x006F
mem[X,0x800320F6] -> 0x2000
[5036] [M]: 0x800320F4 (0x2000006F) jal zero, 512


mem[X,0x800322F4] -> 0xAE23
mem[X,0x800322F6] -> 0x7E40
[5037] [M]: 0x800322F4 (0x7E40AE23) sw tp, 2044(ra)
mem[0x8004C970] <- 0x00000002


mem[X,0x800322F8] -> 0x0013
mem[X,0x800322FA] -> 0x0000
[5038] [M]: 0x800322F8 (0x00000013) addi zero, zero, 0


mem[X,0x800322FC] -> 0x0013
mem[X,0x800322FE] -> 0x0000
[5039] [M]: 0x800322FC (0x00000013) addi zero, zero, 0


mem[X,0x80032300] -> 0xA097
mem[X,0x80032302] -> 0x0001
[5040] [M]: 0x80032300 (0x0001A097) auipc ra, 26
x1 <- 0x8004C300


mem[X,0x80032304] -> 0x8093
mem[X,0x80032306] -> 0x6740
[5041] [M]: 0x80032304 (0x67408093) addi ra, ra, 1652
x1 <- 0x8004C974


mem[X,0x80032308] -> 0x0013
mem[X,0x8003230A] -> 0x0000
[5042] [M]: 0x80032308 (0x00000013) addi zero, zero, 0


mem[X,0x8003230C] -> 0x0013
mem[X,0x8003230E] -> 0x0000
[5043] [M]: 0x8003230C (0x00000013) addi zero, zero, 0


mem[X,0x80032310] -> 0x0013
mem[X,0x80032312] -> 0x0000
[5044] [M]: 0x80032310 (0x00000013) addi zero, zero, 0


mem[X,0x80032314] -> 0x0013
mem[X,0x80032316] -> 0x0000
[5045] [M]: 0x80032314 (0x00000013) addi zero, zero, 0


mem[X,0x80032318] -> 0x0013
mem[X,0x8003231A] -> 0x0000
[5046] [M]: 0x80032318 (0x00000013) addi zero, zero, 0


mem[X,0x8003231C] -> 0x0013
mem[X,0x8003231E] -> 0x0000
[5047] [M]: 0x8003231C (0x00000013) addi zero, zero, 0


mem[X,0x80032320] -> 0x5537
mem[X,0x80032322] -> 0x5555
[5048] [M]: 0x80032320 (0x55555537) lui a0, 349525
x10 <- 0x55555000


mem[X,0x80032324] -> 0x0513
mem[X,0x80032326] -> 0x5565
[5049] [M]: 0x80032324 (0x55650513) addi a0, a0, 1366
x10 <- 0x55555556


mem[X,0x80032328] -> 0x05B7
mem[X,0x8003232A] -> 0x0001
[5050] [M]: 0x80032328 (0x000105B7) lui a1, 16
x11 <- 0x00010000


mem[X,0x8003232C] -> 0x8593
mem[X,0x8003232E] -> 0xFFE5
[5051] [M]: 0x8003232C (0xFFE58593) addi a1, a1, 4094
x11 <- 0x0000FFFE


mem[X,0x80032330] -> 0x0213
mem[X,0x80032332] -> 0x0000
[5052] [M]: 0x80032330 (0x00000213) addi tp, zero, 0
x4 <- 0x00000000


mem[X,0x80032334] -> 0x006F
mem[X,0x80032336] -> 0x00C0
[5053] [M]: 0x80032334 (0x00C0006F) jal zero, 12


mem[X,0x80032340] -> 0x6063
mem[X,0x80032342] -> 0x02B5
[5054] [M]: 0x80032340 (0x02B56063) bltu a0, a1, 32


mem[X,0x80032344] -> 0x0213
mem[X,0x80032346] -> 0x0022
[5055] [M]: 0x80032344 (0x00220213) addi tp, tp, 2
x4 <- 0x00000002


mem[X,0x80032348] -> 0x006F
mem[X,0x8003234A] -> 0x0200
[5056] [M]: 0x80032348 (0x0200006F) jal zero, 32


mem[X,0x80032368] -> 0xA023
mem[X,0x8003236A] -> 0x0040
[5057] [M]: 0x80032368 (0x0040A023) sw tp, 0(ra)
mem[0x8004C974] <- 0x00000002


mem[X,0x8003236C] -> 0x5537
mem[X,0x8003236E] -> 0x5555
[5058] [M]: 0x8003236C (0x55555537) lui a0, 349525
x10 <- 0x55555000


mem[X,0x80032370] -> 0x0513
mem[X,0x80032372] -> 0x5565
[5059] [M]: 0x80032370 (0x55650513) addi a0, a0, 1366
x10 <- 0x55555556


mem[X,0x80032374] -> 0x55B7
mem[X,0x80032376] -> 0x5555
[5060] [M]: 0x80032374 (0x555555B7) lui a1, 349525
x11 <- 0x55555000


mem[X,0x80032378] -> 0x8593
mem[X,0x8003237A] -> 0x5565
[5061] [M]: 0x80032378 (0x55658593) addi a1, a1, 1366
x11 <- 0x55555556


mem[X,0x8003237C] -> 0x0213
mem[X,0x8003237E] -> 0x0000
[5062] [M]: 0x8003237C (0x00000213) addi tp, zero, 0
x4 <- 0x00000000


mem[X,0x80032380] -> 0x006F
mem[X,0x80032382] -> 0x00C0
[5063] [M]: 0x80032380 (0x00C0006F) jal zero, 12


mem[X,0x8003238C] -> 0x6663
mem[X,0x8003238E] -> 0x00B5
[5064] [M]: 0x8003238C (0x00B56663) bltu a0, a1, 12


mem[X,0x80032390] -> 0x0213
mem[X,0x80032392] -> 0x0022
[5065] [M]: 0x80032390 (0x00220213) addi tp, tp, 2
x4 <- 0x00000002


mem[X,0x80032394] -> 0x006F
mem[X,0x80032396] -> 0x00C0
[5066] [M]: 0x80032394 (0x00C0006F) jal zero, 12


mem[X,0x800323A0] -> 0xA223
mem[X,0x800323A2] -> 0x0040
[5067] [M]: 0x800323A0 (0x0040A223) sw tp, 4(ra)
mem[0x8004C978] <- 0x00000002


mem[X,0x800323A4] -> 0x5537
mem[X,0x800323A6] -> 0x5555
[5068] [M]: 0x800323A4 (0x55555537) lui a0, 349525
x10 <- 0x55555000


mem[X,0x800323A8] -> 0x0513
mem[X,0x800323AA] -> 0x5565
[5069] [M]: 0x800323A8 (0x55650513) addi a0, a0, 1366
x10 <- 0x55555556


mem[X,0x800323AC] -> 0xB5B7
mem[X,0x800323AE] -> 0xAAAA
[5070] [M]: 0x800323AC (0xAAAAB5B7) lui a1, 699051
x11 <- 0xAAAAB000


mem[X,0x800323B0] -> 0x8593
mem[X,0x800323B2] -> 0xAAB5
[5071] [M]: 0x800323B0 (0xAAB58593) addi a1, a1, 2731
x11 <- 0xAAAAAAAB


mem[X,0x800323B4] -> 0x0213
mem[X,0x800323B6] -> 0x0000
[5072] [M]: 0x800323B4 (0x00000213) addi tp, zero, 0
x4 <- 0x00000000


mem[X,0x800323B8] -> 0x006F
mem[X,0x800323BA] -> 0x0140
[5073] [M]: 0x800323B8 (0x0140006F) jal zero, 20


mem[X,0x800323CC] -> 0x68E3
mem[X,0x800323CE] -> 0xFEB5
[5074] [M]: 0x800323CC (0xFEB568E3) bltu a0, a1, 8176


mem[X,0x800323BC] -> 0x0213
mem[X,0x800323BE] -> 0x0012
[5075] [M]: 0x800323BC (0x00120213) addi tp, tp, 1
x4 <- 0x00000001


mem[X,0x800323C0] -> 0x006F
mem[X,0x800323C2] -> 0x0200
[5076] [M]: 0x800323C0 (0x0200006F) jal zero, 32


mem[X,0x800323E0] -> 0xA423
mem[X,0x800323E2] -> 0x0040
[5077] [M]: 0x800323E0 (0x0040A423) sw tp, 8(ra)
mem[0x8004C97C] <- 0x00000001


mem[X,0x800323E4] -> 0x5537
mem[X,0x800323E6] -> 0x5555
[5078] [M]: 0x800323E4 (0x55555537) lui a0, 349525
x10 <- 0x55555000


mem[X,0x800323E8] -> 0x0513
mem[X,0x800323EA] -> 0x5565
[5079] [M]: 0x800323E8 (0x55650513) addi a0, a0, 1366
x10 <- 0x55555556


mem[X,0x800323EC] -> 0x0593
mem[X,0x800323EE] -> 0x0060
[5080] [M]: 0x800323EC (0x00600593) addi a1, zero, 6
x11 <- 0x00000006


mem[X,0x800323F0] -> 0x0213
mem[X,0x800323F2] -> 0x0000
[5081] [M]: 0x800323F0 (0x00000213) addi tp, zero, 0
x4 <- 0x00000000


mem[X,0x800323F4] -> 0x006F
mem[X,0x800323F6] -> 0x00C0
[5082] [M]: 0x800323F4 (0x00C0006F) jal zero, 12


mem[X,0x80032400] -> 0x6063
mem[X,0x80032402] -> 0x04B5
[5083] [M]: 0x80032400 (0x04B56063) bltu a0, a1, 64


mem[X,0x80032404] -> 0x0213
mem[X,0x80032406] -> 0x0022
[5084] [M]: 0x80032404 (0x00220213) addi tp, tp, 2
x4 <- 0x00000002


mem[X,0x80032408] -> 0x006F
mem[X,0x8003240A] -> 0x0400
[5085] [M]: 0x80032408 (0x0400006F) jal zero, 64


mem[X,0x80032448] -> 0xA623
mem[X,0x8003244A] -> 0x0040
[5086] [M]: 0x80032448 (0x0040A623) sw tp, 12(ra)
mem[0x8004C980] <- 0x00000002


mem[X,0x8003244C] -> 0x5537
mem[X,0x8003244E] -> 0x5555
[5087] [M]: 0x8003244C (0x55555537) lui a0, 349525
x10 <- 0x55555000


mem[X,0x80032450] -> 0x0513
mem[X,0x80032452] -> 0x5565
[5088] [M]: 0x80032450 (0x55650513) addi a0, a0, 1366
x10 <- 0x55555556


mem[X,0x80032454] -> 0x35B7
mem[X,0x80032456] -> 0x3333
[5089] [M]: 0x80032454 (0x333335B7) lui a1, 209715
x11 <- 0x33333000


mem[X,0x80032458] -> 0x8593
mem[X,0x8003245A] -> 0x3345
[5090] [M]: 0x80032458 (0x33458593) addi a1, a1, 820
x11 <- 0x33333334


mem[X,0x8003245C] -> 0x0213
mem[X,0x8003245E] -> 0x0000
[5091] [M]: 0x8003245C (0x00000213) addi tp, zero, 0
x4 <- 0x00000000


mem[X,0x80032460] -> 0x006F
mem[X,0x80032462] -> 0x00C0
[5092] [M]: 0x80032460 (0x00C0006F) jal zero, 12


mem[X,0x8003246C] -> 0x6063
mem[X,0x8003246E] -> 0x40B5
[5093] [M]: 0x8003246C (0x40B56063) bltu a0, a1, 1024


mem[X,0x80032470] -> 0x0213
mem[X,0x80032472] -> 0x0022
[5094] [M]: 0x80032470 (0x00220213) addi tp, tp, 2
x4 <- 0x00000002


mem[X,0x80032474] -> 0x006F
mem[X,0x80032476] -> 0x4000
[5095] [M]: 0x80032474 (0x4000006F) jal zero, 1024


mem[X,0x80032874] -> 0xA823
mem[X,0x80032876] -> 0x0040
[5096] [M]: 0x80032874 (0x0040A823) sw tp, 16(ra)
mem[0x8004C984] <- 0x00000002


mem[X,0x80032878] -> 0x5537
mem[X,0x8003287A] -> 0x5555
[5097] [M]: 0x80032878 (0x55555537) lui a0, 349525
x10 <- 0x55555000


mem[X,0x8003287C] -> 0x0513
mem[X,0x8003287E] -> 0x5565
[5098] [M]: 0x8003287C (0x55650513) addi a0, a0, 1366
x10 <- 0x55555556


mem[X,0x80032880] -> 0x65B7
mem[X,0x80032882] -> 0x6666
[5099] [M]: 0x80032880 (0x666665B7) lui a1, 419430
x11 <- 0x66666000


clint::tick mtime <- 0x0000000000000033
 clint timer pending at mtime 0x0000000000000033
htif::tick 0x0000000000000000
mem[X,0x80032884] -> 0x8593
mem[X,0x80032886] -> 0x6675
[5100] [M]: 0x80032884 (0x66758593) addi a1, a1, 1639
x11 <- 0x66666667


mem[X,0x80032888] -> 0x0213
mem[X,0x8003288A] -> 0x0000
[5101] [M]: 0x80032888 (0x00000213) addi tp, zero, 0
x4 <- 0x00000000


mem[X,0x8003288C] -> 0x006F
mem[X,0x8003288E] -> 0x00C0
[5102] [M]: 0x8003288C (0x00C0006F) jal zero, 12


mem[X,0x80032898] -> 0x6663
mem[X,0x8003289A] -> 0x00B5
[5103] [M]: 0x80032898 (0x00B56663) bltu a0, a1, 12


mem[X,0x800328A4] -> 0x0213
mem[X,0x800328A6] -> 0x0032
[5104] [M]: 0x800328A4 (0x00320213) addi tp, tp, 3
x4 <- 0x00000003


mem[X,0x800328A8] -> 0x006F
mem[X,0x800328AA] -> 0x0040
[5105] [M]: 0x800328A8 (0x0040006F) jal zero, 4


mem[X,0x800328AC] -> 0xAA23
mem[X,0x800328AE] -> 0x0040
[5106] [M]: 0x800328AC (0x0040AA23) sw tp, 20(ra)
mem[0x8004C988] <- 0x00000003


mem[X,0x800328B0] -> 0x5537
mem[X,0x800328B2] -> 0x5555
[5107] [M]: 0x800328B0 (0x55555537) lui a0, 349525
x10 <- 0x55555000


mem[X,0x800328B4] -> 0x0513
mem[X,0x800328B6] -> 0x5565
[5108] [M]: 0x800328B4 (0x55650513) addi a0, a0, 1366
x10 <- 0x55555556


mem[X,0x800328B8] -> 0xB5B7
mem[X,0x800328BA] -> 0x0000
[5109] [M]: 0x800328B8 (0x0000B5B7) lui a1, 11
x11 <- 0x0000B000


mem[X,0x800328BC] -> 0x8593
mem[X,0x800328BE] -> 0x5055
[5110] [M]: 0x800328BC (0x50558593) addi a1, a1, 1285
x11 <- 0x0000B505


mem[X,0x800328C0] -> 0x0213
mem[X,0x800328C2] -> 0x0000
[5111] [M]: 0x800328C0 (0x00000213) addi tp, zero, 0
x4 <- 0x00000000


mem[X,0x800328C4] -> 0x006F
mem[X,0x800328C6] -> 0x00C0
[5112] [M]: 0x800328C4 (0x00C0006F) jal zero, 12


mem[X,0x800328D0] -> 0x6663
mem[X,0x800328D2] -> 0x00B5
[5113] [M]: 0x800328D0 (0x00B56663) bltu a0, a1, 12


mem[X,0x800328D4] -> 0x0213
mem[X,0x800328D6] -> 0x0022
[5114] [M]: 0x800328D4 (0x00220213) addi tp, tp, 2
x4 <- 0x00000002


mem[X,0x800328D8] -> 0x006F
mem[X,0x800328DA] -> 0x00C0
[5115] [M]: 0x800328D8 (0x00C0006F) jal zero, 12


mem[X,0x800328E4] -> 0xAC23
mem[X,0x800328E6] -> 0x0040
[5116] [M]: 0x800328E4 (0x0040AC23) sw tp, 24(ra)
mem[0x8004C98C] <- 0x00000002


mem[X,0x800328E8] -> 0x5537
mem[X,0x800328EA] -> 0x5555
[5117] [M]: 0x800328E8 (0x55555537) lui a0, 349525
x10 <- 0x55555000


mem[X,0x800328EC] -> 0x0513
mem[X,0x800328EE] -> 0x5565
[5118] [M]: 0x800328EC (0x55650513) addi a0, a0, 1366
x10 <- 0x55555556


mem[X,0x800328F0] -> 0x0593
mem[X,0x800328F2] -> 0x0010
[5119] [M]: 0x800328F0 (0x00100593) addi a1, zero, 1
x11 <- 0x00000001


mem[X,0x800328F4] -> 0x0213
mem[X,0x800328F6] -> 0x0000
[5120] [M]: 0x800328F4 (0x00000213) addi tp, zero, 0
x4 <- 0x00000000


mem[X,0x800328F8] -> 0x006F
mem[X,0x800328FA] -> 0x0100
[5121] [M]: 0x800328F8 (0x0100006F) jal zero, 16


mem[X,0x80032908] -> 0x6AE3
mem[X,0x8003290A] -> 0xFEB5
[5122] [M]: 0x80032908 (0xFEB56AE3) bltu a0, a1, 8180


mem[X,0x8003290C] -> 0x0213
mem[X,0x8003290E] -> 0x0022
[5123] [M]: 0x8003290C (0x00220213) addi tp, tp, 2
x4 <- 0x00000002


mem[X,0x80032910] -> 0x006F
mem[X,0x80032912] -> 0x00C0
[5124] [M]: 0x80032910 (0x00C0006F) jal zero, 12


mem[X,0x8003291C] -> 0xAE23
mem[X,0x8003291E] -> 0x0040
[5125] [M]: 0x8003291C (0x0040AE23) sw tp, 28(ra)
mem[0x8004C990] <- 0x00000002


mem[X,0x80032920] -> 0x5537
mem[X,0x80032922] -> 0x5555
[5126] [M]: 0x80032920 (0x55555537) lui a0, 349525
x10 <- 0x55555000


mem[X,0x80032924] -> 0x0513
mem[X,0x80032926] -> 0x5565
[5127] [M]: 0x80032924 (0x55650513) addi a0, a0, 1366
x10 <- 0x55555556


mem[X,0x80032928] -> 0x05B7
mem[X,0x8003292A] -> 0x0001
[5128] [M]: 0x80032928 (0x000105B7) lui a1, 16
x11 <- 0x00010000


mem[X,0x8003292C] -> 0x0213
mem[X,0x8003292E] -> 0x0000
[5129] [M]: 0x8003292C (0x00000213) addi tp, zero, 0
x4 <- 0x00000000


mem[X,0x80032930] -> 0x006F
mem[X,0x80032932] -> 0x00C0
[5130] [M]: 0x80032930 (0x00C0006F) jal zero, 12


mem[X,0x8003293C] -> 0x6063
mem[X,0x8003293E] -> 0x02B5
[5131] [M]: 0x8003293C (0x02B56063) bltu a0, a1, 32


mem[X,0x80032940] -> 0x0213
mem[X,0x80032942] -> 0x0022
[5132] [M]: 0x80032940 (0x00220213) addi tp, tp, 2
x4 <- 0x00000002


mem[X,0x80032944] -> 0x006F
mem[X,0x80032946] -> 0x0200
[5133] [M]: 0x80032944 (0x0200006F) jal zero, 32


mem[X,0x80032964] -> 0xA023
mem[X,0x80032966] -> 0x0240
[5134] [M]: 0x80032964 (0x0240A023) sw tp, 32(ra)
mem[0x8004C994] <- 0x00000002


mem[X,0x80032968] -> 0xB537
mem[X,0x8003296A] -> 0xAAAA
[5135] [M]: 0x80032968 (0xAAAAB537) lui a0, 699051
x10 <- 0xAAAAB000


mem[X,0x8003296C] -> 0x0513
mem[X,0x8003296E] -> 0xAAB5
[5136] [M]: 0x8003296C (0xAAB50513) addi a0, a0, 2731
x10 <- 0xAAAAAAAB


mem[X,0x80032970] -> 0x0593
mem[X,0x80032972] -> 0x0030
[5137] [M]: 0x80032970 (0x00300593) addi a1, zero, 3
x11 <- 0x00000003


mem[X,0x80032974] -> 0x0213
mem[X,0x80032976] -> 0x0000
[5138] [M]: 0x80032974 (0x00000213) addi tp, zero, 0
x4 <- 0x00000000


mem[X,0x80032978] -> 0x006F
mem[X,0x8003297A] -> 0x0100
[5139] [M]: 0x80032978 (0x0100006F) jal zero, 16


mem[X,0x80032988] -> 0x6AE3
mem[X,0x8003298A] -> 0xFEB5
[5140] [M]: 0x80032988 (0xFEB56AE3) bltu a0, a1, 8180


mem[X,0x8003298C] -> 0x0213
mem[X,0x8003298E] -> 0x0022
[5141] [M]: 0x8003298C (0x00220213) addi tp, tp, 2
x4 <- 0x00000002


mem[X,0x80032990] -> 0x006F
mem[X,0x80032992] -> 0x00C0
[5142] [M]: 0x80032990 (0x00C0006F) jal zero, 12


mem[X,0x8003299C] -> 0xA223
mem[X,0x8003299E] -> 0x0240
[5143] [M]: 0x8003299C (0x0240A223) sw tp, 36(ra)
mem[0x8004C998] <- 0x00000002


mem[X,0x800329A0] -> 0xB537
mem[X,0x800329A2] -> 0xAAAA
[5144] [M]: 0x800329A0 (0xAAAAB537) lui a0, 699051
x10 <- 0xAAAAB000


mem[X,0x800329A4] -> 0x0513
mem[X,0x800329A6] -> 0xAAB5
[5145] [M]: 0x800329A4 (0xAAB50513) addi a0, a0, 2731
x10 <- 0xAAAAAAAB


mem[X,0x800329A8] -> 0x55B7
mem[X,0x800329AA] -> 0x5555
[5146] [M]: 0x800329A8 (0x555555B7) lui a1, 349525
x11 <- 0x55555000


mem[X,0x800329AC] -> 0x8593
mem[X,0x800329AE] -> 0x5555
[5147] [M]: 0x800329AC (0x55558593) addi a1, a1, 1365
x11 <- 0x55555555


mem[X,0x800329B0] -> 0x0213
mem[X,0x800329B2] -> 0x0000
[5148] [M]: 0x800329B0 (0x00000213) addi tp, zero, 0
x4 <- 0x00000000


mem[X,0x800329B4] -> 0x006F
mem[X,0x800329B6] -> 0x00C0
[5149] [M]: 0x800329B4 (0x00C0006F) jal zero, 12


mem[X,0x800329C0] -> 0x6CE3
mem[X,0x800329C2] -> 0xFEB5
[5150] [M]: 0x800329C0 (0xFEB56CE3) bltu a0, a1, 8184


mem[X,0x800329C4] -> 0x0213
mem[X,0x800329C6] -> 0x0022
[5151] [M]: 0x800329C4 (0x00220213) addi tp, tp, 2
x4 <- 0x00000002


mem[X,0x800329C8] -> 0x006F
mem[X,0x800329CA] -> 0x00C0
[5152] [M]: 0x800329C8 (0x00C0006F) jal zero, 12


mem[X,0x800329D4] -> 0xA423
mem[X,0x800329D6] -> 0x0240
[5153] [M]: 0x800329D4 (0x0240A423) sw tp, 40(ra)
mem[0x8004C99C] <- 0x00000002


mem[X,0x800329D8] -> 0xB537
mem[X,0x800329DA] -> 0xAAAA
[5154] [M]: 0x800329D8 (0xAAAAB537) lui a0, 699051
x10 <- 0xAAAAB000


mem[X,0x800329DC] -> 0x0513
mem[X,0x800329DE] -> 0xAAB5
[5155] [M]: 0x800329DC (0xAAB50513) addi a0, a0, 2731
x10 <- 0xAAAAAAAB


mem[X,0x800329E0] -> 0xB5B7
mem[X,0x800329E2] -> 0xAAAA
[5156] [M]: 0x800329E0 (0xAAAAB5B7) lui a1, 699051
x11 <- 0xAAAAB000


mem[X,0x800329E4] -> 0x8593
mem[X,0x800329E6] -> 0xAAA5
[5157] [M]: 0x800329E4 (0xAAA58593) addi a1, a1, 2730
x11 <- 0xAAAAAAAA


mem[X,0x800329E8] -> 0x0213
mem[X,0x800329EA] -> 0x0000
[5158] [M]: 0x800329E8 (0x00000213) addi tp, zero, 0
x4 <- 0x00000000


mem[X,0x800329EC] -> 0x006F
mem[X,0x800329EE] -> 0x00C0
[5159] [M]: 0x800329EC (0x00C0006F) jal zero, 12


mem[X,0x800329F8] -> 0x6063
mem[X,0x800329FA] -> 0x20B5
[5160] [M]: 0x800329F8 (0x20B56063) bltu a0, a1, 512


mem[X,0x800329FC] -> 0x0213
mem[X,0x800329FE] -> 0x0022
[5161] [M]: 0x800329FC (0x00220213) addi tp, tp, 2
x4 <- 0x00000002


mem[X,0x80032A00] -> 0x006F
mem[X,0x80032A02] -> 0x2000
[5162] [M]: 0x80032A00 (0x2000006F) jal zero, 512


mem[X,0x80032C00] -> 0xA623
mem[X,0x80032C02] -> 0x0240
[5163] [M]: 0x80032C00 (0x0240A623) sw tp, 44(ra)
mem[0x8004C9A0] <- 0x00000002


mem[X,0x80032C04] -> 0xB537
mem[X,0x80032C06] -> 0xAAAA
[5164] [M]: 0x80032C04 (0xAAAAB537) lui a0, 699051
x10 <- 0xAAAAB000


mem[X,0x80032C08] -> 0x0513
mem[X,0x80032C0A] -> 0xAAB5
[5165] [M]: 0x80032C08 (0xAAB50513) addi a0, a0, 2731
x10 <- 0xAAAAAAAB


mem[X,0x80032C0C] -> 0x0593
mem[X,0x80032C0E] -> 0x0050
[5166] [M]: 0x80032C0C (0x00500593) addi a1, zero, 5
x11 <- 0x00000005


mem[X,0x80032C10] -> 0x0213
mem[X,0x80032C12] -> 0x0000
[5167] [M]: 0x80032C10 (0x00000213) addi tp, zero, 0
x4 <- 0x00000000


mem[X,0x80032C14] -> 0x006F
mem[X,0x80032C16] -> 0x00C0
[5168] [M]: 0x80032C14 (0x00C0006F) jal zero, 12


mem[X,0x80032C20] -> 0x6CE3
mem[X,0x80032C22] -> 0xFEB5
[5169] [M]: 0x80032C20 (0xFEB56CE3) bltu a0, a1, 8184


mem[X,0x80032C24] -> 0x0213
mem[X,0x80032C26] -> 0x0022
[5170] [M]: 0x80032C24 (0x00220213) addi tp, tp, 2
x4 <- 0x00000002


mem[X,0x80032C28] -> 0x006F
mem[X,0x80032C2A] -> 0x00C0
[5171] [M]: 0x80032C28 (0x00C0006F) jal zero, 12


mem[X,0x80032C34] -> 0xA823
mem[X,0x80032C36] -> 0x0240
[5172] [M]: 0x80032C34 (0x0240A823) sw tp, 48(ra)
mem[0x8004C9A4] <- 0x00000002


mem[X,0x80032C38] -> 0xB537
mem[X,0x80032C3A] -> 0xAAAA
[5173] [M]: 0x80032C38 (0xAAAAB537) lui a0, 699051
x10 <- 0xAAAAB000


mem[X,0x80032C3C] -> 0x0513
mem[X,0x80032C3E] -> 0xAAB5
[5174] [M]: 0x80032C3C (0xAAB50513) addi a0, a0, 2731
x10 <- 0xAAAAAAAB


mem[X,0x80032C40] -> 0x35B7
mem[X,0x80032C42] -> 0x3333
[5175] [M]: 0x80032C40 (0x333335B7) lui a1, 209715
x11 <- 0x33333000


mem[X,0x80032C44] -> 0x8593
mem[X,0x80032C46] -> 0x3335
[5176] [M]: 0x80032C44 (0x33358593) addi a1, a1, 819
x11 <- 0x33333333


mem[X,0x80032C48] -> 0x0213
mem[X,0x80032C4A] -> 0x0000
[5177] [M]: 0x80032C48 (0x00000213) addi tp, zero, 0
x4 <- 0x00000000


mem[X,0x80032C4C] -> 0x006F
mem[X,0x80032C4E] -> 0x00C0
[5178] [M]: 0x80032C4C (0x00C0006F) jal zero, 12


mem[X,0x80032C58] -> 0x6063
mem[X,0x80032C5A] -> 0x02B5
[5179] [M]: 0x80032C58 (0x02B56063) bltu a0, a1, 32


mem[X,0x80032C5C] -> 0x0213
mem[X,0x80032C5E] -> 0x0022
[5180] [M]: 0x80032C5C (0x00220213) addi tp, tp, 2
x4 <- 0x00000002


mem[X,0x80032C60] -> 0x006F
mem[X,0x80032C62] -> 0x0200
[5181] [M]: 0x80032C60 (0x0200006F) jal zero, 32


mem[X,0x80032C80] -> 0xAA23
mem[X,0x80032C82] -> 0x0240
[5182] [M]: 0x80032C80 (0x0240AA23) sw tp, 52(ra)
mem[0x8004C9A8] <- 0x00000002


mem[X,0x80032C84] -> 0xB537
mem[X,0x80032C86] -> 0xAAAA
[5183] [M]: 0x80032C84 (0xAAAAB537) lui a0, 699051
x10 <- 0xAAAAB000


mem[X,0x80032C88] -> 0x0513
mem[X,0x80032C8A] -> 0xAAB5
[5184] [M]: 0x80032C88 (0xAAB50513) addi a0, a0, 2731
x10 <- 0xAAAAAAAB


mem[X,0x80032C8C] -> 0x65B7
mem[X,0x80032C8E] -> 0x6666
[5185] [M]: 0x80032C8C (0x666665B7) lui a1, 419430
x11 <- 0x66666000


mem[X,0x80032C90] -> 0x8593
mem[X,0x80032C92] -> 0x6665
[5186] [M]: 0x80032C90 (0x66658593) addi a1, a1, 1638
x11 <- 0x66666666


mem[X,0x80032C94] -> 0x0213
mem[X,0x80032C96] -> 0x0000
[5187] [M]: 0x80032C94 (0x00000213) addi tp, zero, 0
x4 <- 0x00000000


mem[X,0x80032C98] -> 0x006F
mem[X,0x80032C9A] -> 0x00C0
[5188] [M]: 0x80032C98 (0x00C0006F) jal zero, 12


mem[X,0x80032CA4] -> 0x6063
mem[X,0x80032CA6] -> 0x10B5
[5189] [M]: 0x80032CA4 (0x10B56063) bltu a0, a1, 256


mem[X,0x80032CA8] -> 0x0213
mem[X,0x80032CAA] -> 0x0022
[5190] [M]: 0x80032CA8 (0x00220213) addi tp, tp, 2
x4 <- 0x00000002


mem[X,0x80032CAC] -> 0x006F
mem[X,0x80032CAE] -> 0x1000
[5191] [M]: 0x80032CAC (0x1000006F) jal zero, 256


mem[X,0x80032DAC] -> 0xAC23
mem[X,0x80032DAE] -> 0x0240
[5192] [M]: 0x80032DAC (0x0240AC23) sw tp, 56(ra)
mem[0x8004C9AC] <- 0x00000002


mem[X,0x80032DB0] -> 0xB537
mem[X,0x80032DB2] -> 0xAAAA
[5193] [M]: 0x80032DB0 (0xAAAAB537) lui a0, 699051
x10 <- 0xAAAAB000


mem[X,0x80032DB4] -> 0x0513
mem[X,0x80032DB6] -> 0xAAB5
[5194] [M]: 0x80032DB4 (0xAAB50513) addi a0, a0, 2731
x10 <- 0xAAAAAAAB


mem[X,0x80032DB8] -> 0xB5B7
mem[X,0x80032DBA] -> 0x0000
[5195] [M]: 0x80032DB8 (0x0000B5B7) lui a1, 11
x11 <- 0x0000B000


mem[X,0x80032DBC] -> 0x8593
mem[X,0x80032DBE] -> 0x5045
[5196] [M]: 0x80032DBC (0x50458593) addi a1, a1, 1284
x11 <- 0x0000B504


mem[X,0x80032DC0] -> 0x0213
mem[X,0x80032DC2] -> 0x0000
[5197] [M]: 0x80032DC0 (0x00000213) addi tp, zero, 0
x4 <- 0x00000000


mem[X,0x80032DC4] -> 0x006F
mem[X,0x80032DC6] -> 0x2B10
[5198] [M]: 0x80032DC4 (0x2B10006F) jal zero, 2736


mem[X,0x80033874] -> 0x6A63
mem[X,0x80033876] -> 0xD4B5
[5199] [M]: 0x80033874 (0xD4B56A63) bltu a0, a1, 5460


clint::tick mtime <- 0x0000000000000034
 clint timer pending at mtime 0x0000000000000034
htif::tick 0x0000000000000000
mem[X,0x80033878] -> 0x0213
mem[X,0x8003387A] -> 0x0022
[5200] [M]: 0x80033878 (0x00220213) addi tp, tp, 2
x4 <- 0x00000002


mem[X,0x8003387C] -> 0x006F
mem[X,0x8003387E] -> 0x00C0
[5201] [M]: 0x8003387C (0x00C0006F) jal zero, 12


mem[X,0x80033888] -> 0xAE23
mem[X,0x8003388A] -> 0x0240
[5202] [M]: 0x80033888 (0x0240AE23) sw tp, 60(ra)
mem[0x8004C9B0] <- 0x00000002


mem[X,0x8003388C] -> 0xB537
mem[X,0x8003388E] -> 0xAAAA
[5203] [M]: 0x8003388C (0xAAAAB537) lui a0, 699051
x10 <- 0xAAAAB000


mem[X,0x80033890] -> 0x0513
mem[X,0x80033892] -> 0xAAB5
[5204] [M]: 0x80033890 (0xAAB50513) addi a0, a0, 2731
x10 <- 0xAAAAAAAB


mem[X,0x80033894] -> 0x0593
mem[X,0x80033896] -> 0x0000
[5205] [M]: 0x80033894 (0x00000593) addi a1, zero, 0
x11 <- 0x00000000


mem[X,0x80033898] -> 0x0213
mem[X,0x8003389A] -> 0x0000
[5206] [M]: 0x80033898 (0x00000213) addi tp, zero, 0
x4 <- 0x00000000


mem[X,0x8003389C] -> 0x006F
mem[X,0x8003389E] -> 0x00C0
[5207] [M]: 0x8003389C (0x00C0006F) jal zero, 12


mem[X,0x800338A8] -> 0x6663
mem[X,0x800338AA] -> 0x00B5
[5208] [M]: 0x800338A8 (0x00B56663) bltu a0, a1, 12


mem[X,0x800338AC] -> 0x0213
mem[X,0x800338AE] -> 0x0022
[5209] [M]: 0x800338AC (0x00220213) addi tp, tp, 2
x4 <- 0x00000002


mem[X,0x800338B0] -> 0x006F
mem[X,0x800338B2] -> 0x00C0
[5210] [M]: 0x800338B0 (0x00C0006F) jal zero, 12


mem[X,0x800338BC] -> 0xA023
mem[X,0x800338BE] -> 0x0440
[5211] [M]: 0x800338BC (0x0440A023) sw tp, 64(ra)
mem[0x8004C9B4] <- 0x00000002


mem[X,0x800338C0] -> 0xB537
mem[X,0x800338C2] -> 0xAAAA
[5212] [M]: 0x800338C0 (0xAAAAB537) lui a0, 699051
x10 <- 0xAAAAB000


mem[X,0x800338C4] -> 0x0513
mem[X,0x800338C6] -> 0xAAB5
[5213] [M]: 0x800338C4 (0xAAB50513) addi a0, a0, 2731
x10 <- 0xAAAAAAAB


mem[X,0x800338C8] -> 0x05B7
mem[X,0x800338CA] -> 0x0001
[5214] [M]: 0x800338C8 (0x000105B7) lui a1, 16
x11 <- 0x00010000


mem[X,0x800338CC] -> 0x8593
mem[X,0x800338CE] -> 0xFFF5
[5215] [M]: 0x800338CC (0xFFF58593) addi a1, a1, 4095
x11 <- 0x0000FFFF


mem[X,0x800338D0] -> 0x0213
mem[X,0x800338D2] -> 0x0000
[5216] [M]: 0x800338D0 (0x00000213) addi tp, zero, 0
x4 <- 0x00000000


mem[X,0x800338D4] -> 0x006F
mem[X,0x800338D6] -> 0x0180
[5217] [M]: 0x800338D4 (0x0180006F) jal zero, 24


mem[X,0x800338EC] -> 0x66E3
mem[X,0x800338EE] -> 0xFEB5
[5218] [M]: 0x800338EC (0xFEB566E3) bltu a0, a1, 8172


mem[X,0x800338F0] -> 0x0213
mem[X,0x800338F2] -> 0x0022
[5219] [M]: 0x800338F0 (0x00220213) addi tp, tp, 2
x4 <- 0x00000002


mem[X,0x800338F4] -> 0x006F
mem[X,0x800338F6] -> 0x00C0
[5220] [M]: 0x800338F4 (0x00C0006F) jal zero, 12


mem[X,0x80033900] -> 0xA223
mem[X,0x80033902] -> 0x0440
[5221] [M]: 0x80033900 (0x0440A223) sw tp, 68(ra)
mem[0x8004C9B8] <- 0x00000002


mem[X,0x80033904] -> 0xB537
mem[X,0x80033906] -> 0xAAAA
[5222] [M]: 0x80033904 (0xAAAAB537) lui a0, 699051
x10 <- 0xAAAAB000


mem[X,0x80033908] -> 0x0513
mem[X,0x8003390A] -> 0xAAB5
[5223] [M]: 0x80033908 (0xAAB50513) addi a0, a0, 2731
x10 <- 0xAAAAAAAB


mem[X,0x8003390C] -> 0x0593
mem[X,0x8003390E] -> 0x0020
[5224] [M]: 0x8003390C (0x00200593) addi a1, zero, 2
x11 <- 0x00000002


mem[X,0x80033910] -> 0x0213
mem[X,0x80033912] -> 0x0000
[5225] [M]: 0x80033910 (0x00000213) addi tp, zero, 0
x4 <- 0x00000000


mem[X,0x80033914] -> 0x006F
mem[X,0x80033916] -> 0x00C0
[5226] [M]: 0x80033914 (0x00C0006F) jal zero, 12


mem[X,0x80033920] -> 0x6063
mem[X,0x80033922] -> 0x04B5
[5227] [M]: 0x80033920 (0x04B56063) bltu a0, a1, 64


mem[X,0x80033924] -> 0x0213
mem[X,0x80033926] -> 0x0022
[5228] [M]: 0x80033924 (0x00220213) addi tp, tp, 2
x4 <- 0x00000002


mem[X,0x80033928] -> 0x006F
mem[X,0x8003392A] -> 0x0400
[5229] [M]: 0x80033928 (0x0400006F) jal zero, 64


mem[X,0x80033968] -> 0xA423
mem[X,0x8003396A] -> 0x0440
[5230] [M]: 0x80033968 (0x0440A423) sw tp, 72(ra)
mem[0x8004C9BC] <- 0x00000002


mem[X,0x8003396C] -> 0xB537
mem[X,0x8003396E] -> 0xAAAA
[5231] [M]: 0x8003396C (0xAAAAB537) lui a0, 699051
x10 <- 0xAAAAB000


mem[X,0x80033970] -> 0x0513
mem[X,0x80033972] -> 0xAAB5
[5232] [M]: 0x80033970 (0xAAB50513) addi a0, a0, 2731
x10 <- 0xAAAAAAAB


mem[X,0x80033974] -> 0x55B7
mem[X,0x80033976] -> 0x5555
[5233] [M]: 0x80033974 (0x555555B7) lui a1, 349525
x11 <- 0x55555000


mem[X,0x80033978] -> 0x8593
mem[X,0x8003397A] -> 0x5545
[5234] [M]: 0x80033978 (0x55458593) addi a1, a1, 1364
x11 <- 0x55555554


mem[X,0x8003397C] -> 0x0213
mem[X,0x8003397E] -> 0x0000
[5235] [M]: 0x8003397C (0x00000213) addi tp, zero, 0
x4 <- 0x00000000


mem[X,0x80033980] -> 0x006F
mem[X,0x80033982] -> 0x00C0
[5236] [M]: 0x80033980 (0x00C0006F) jal zero, 12


mem[X,0x8003398C] -> 0x6663
mem[X,0x8003398E] -> 0x00B5
[5237] [M]: 0x8003398C (0x00B56663) bltu a0, a1, 12


mem[X,0x80033990] -> 0x0213
mem[X,0x80033992] -> 0x0022
[5238] [M]: 0x80033990 (0x00220213) addi tp, tp, 2
x4 <- 0x00000002


mem[X,0x80033994] -> 0x006F
mem[X,0x80033996] -> 0x00C0
[5239] [M]: 0x80033994 (0x00C0006F) jal zero, 12


mem[X,0x800339A0] -> 0xA623
mem[X,0x800339A2] -> 0x0440
[5240] [M]: 0x800339A0 (0x0440A623) sw tp, 76(ra)
mem[0x8004C9C0] <- 0x00000002


mem[X,0x800339A4] -> 0xB537
mem[X,0x800339A6] -> 0xAAAA
[5241] [M]: 0x800339A4 (0xAAAAB537) lui a0, 699051
x10 <- 0xAAAAB000


mem[X,0x800339A8] -> 0x0513
mem[X,0x800339AA] -> 0xAAB5
[5242] [M]: 0x800339A8 (0xAAB50513) addi a0, a0, 2731
x10 <- 0xAAAAAAAB


mem[X,0x800339AC] -> 0xB5B7
mem[X,0x800339AE] -> 0xAAAA
[5243] [M]: 0x800339AC (0xAAAAB5B7) lui a1, 699051
x11 <- 0xAAAAB000


mem[X,0x800339B0] -> 0x8593
mem[X,0x800339B2] -> 0xAA95
[5244] [M]: 0x800339B0 (0xAA958593) addi a1, a1, 2729
x11 <- 0xAAAAAAA9


mem[X,0x800339B4] -> 0x0213
mem[X,0x800339B6] -> 0x0000
[5245] [M]: 0x800339B4 (0x00000213) addi tp, zero, 0
x4 <- 0x00000000


mem[X,0x800339B8] -> 0x006F
mem[X,0x800339BA] -> 0x0100
[5246] [M]: 0x800339B8 (0x0100006F) jal zero, 16


mem[X,0x800339C8] -> 0x6AE3
mem[X,0x800339CA] -> 0xFEB5
[5247] [M]: 0x800339C8 (0xFEB56AE3) bltu a0, a1, 8180


mem[X,0x800339CC] -> 0x0213
mem[X,0x800339CE] -> 0x0022
[5248] [M]: 0x800339CC (0x00220213) addi tp, tp, 2
x4 <- 0x00000002


mem[X,0x800339D0] -> 0x006F
mem[X,0x800339D2] -> 0x00C0
[5249] [M]: 0x800339D0 (0x00C0006F) jal zero, 12


mem[X,0x800339DC] -> 0xA823
mem[X,0x800339DE] -> 0x0440
[5250] [M]: 0x800339DC (0x0440A823) sw tp, 80(ra)
mem[0x8004C9C4] <- 0x00000002


mem[X,0x800339E0] -> 0xB537
mem[X,0x800339E2] -> 0xAAAA
[5251] [M]: 0x800339E0 (0xAAAAB537) lui a0, 699051
x10 <- 0xAAAAB000


mem[X,0x800339E4] -> 0x0513
mem[X,0x800339E6] -> 0xAAB5
[5252] [M]: 0x800339E4 (0xAAB50513) addi a0, a0, 2731
x10 <- 0xAAAAAAAB


mem[X,0x800339E8] -> 0x35B7
mem[X,0x800339EA] -> 0x3333
[5253] [M]: 0x800339E8 (0x333335B7) lui a1, 209715
x11 <- 0x33333000


mem[X,0x800339EC] -> 0x8593
mem[X,0x800339EE] -> 0x3325
[5254] [M]: 0x800339EC (0x33258593) addi a1, a1, 818
x11 <- 0x33333332


mem[X,0x800339F0] -> 0x0213
mem[X,0x800339F2] -> 0x0000
[5255] [M]: 0x800339F0 (0x00000213) addi tp, zero, 0
x4 <- 0x00000000


mem[X,0x800339F4] -> 0x006F
mem[X,0x800339F6] -> 0x00C0
[5256] [M]: 0x800339F4 (0x00C0006F) jal zero, 12


mem[X,0x80033A00] -> 0x6663
mem[X,0x80033A02] -> 0x00B5
[5257] [M]: 0x80033A00 (0x00B56663) bltu a0, a1, 12


mem[X,0x80033A04] -> 0x0213
mem[X,0x80033A06] -> 0x0022
[5258] [M]: 0x80033A04 (0x00220213) addi tp, tp, 2
x4 <- 0x00000002


mem[X,0x80033A08] -> 0x006F
mem[X,0x80033A0A] -> 0x00C0
[5259] [M]: 0x80033A08 (0x00C0006F) jal zero, 12


mem[X,0x80033A14] -> 0xAA23
mem[X,0x80033A16] -> 0x0440
[5260] [M]: 0x80033A14 (0x0440AA23) sw tp, 84(ra)
mem[0x8004C9C8] <- 0x00000002


mem[X,0x80033A18] -> 0xB537
mem[X,0x80033A1A] -> 0xAAAA
[5261] [M]: 0x80033A18 (0xAAAAB537) lui a0, 699051
x10 <- 0xAAAAB000


mem[X,0x80033A1C] -> 0x0513
mem[X,0x80033A1E] -> 0xAAB5
[5262] [M]: 0x80033A1C (0xAAB50513) addi a0, a0, 2731
x10 <- 0xAAAAAAAB


mem[X,0x80033A20] -> 0x65B7
mem[X,0x80033A22] -> 0x6666
[5263] [M]: 0x80033A20 (0x666665B7) lui a1, 419430
x11 <- 0x66666000


mem[X,0x80033A24] -> 0x8593
mem[X,0x80033A26] -> 0x6655
[5264] [M]: 0x80033A24 (0x66558593) addi a1, a1, 1637
x11 <- 0x66666665


mem[X,0x80033A28] -> 0x0213
mem[X,0x80033A2A] -> 0x0000
[5265] [M]: 0x80033A28 (0x00000213) addi tp, zero, 0
x4 <- 0x00000000


mem[X,0x80033A2C] -> 0x006F
mem[X,0x80033A2E] -> 0x00C0
[5266] [M]: 0x80033A2C (0x00C0006F) jal zero, 12


mem[X,0x80033A38] -> 0x6063
mem[X,0x80033A3A] -> 0x02B5
[5267] [M]: 0x80033A38 (0x02B56063) bltu a0, a1, 32


mem[X,0x80033A3C] -> 0x0213
mem[X,0x80033A3E] -> 0x0022
[5268] [M]: 0x80033A3C (0x00220213) addi tp, tp, 2
x4 <- 0x00000002


mem[X,0x80033A40] -> 0x006F
mem[X,0x80033A42] -> 0x0200
[5269] [M]: 0x80033A40 (0x0200006F) jal zero, 32


mem[X,0x80033A60] -> 0xAC23
mem[X,0x80033A62] -> 0x0440
[5270] [M]: 0x80033A60 (0x0440AC23) sw tp, 88(ra)
mem[0x8004C9CC] <- 0x00000002


mem[X,0x80033A64] -> 0xB537
mem[X,0x80033A66] -> 0xAAAA
[5271] [M]: 0x80033A64 (0xAAAAB537) lui a0, 699051
x10 <- 0xAAAAB000


mem[X,0x80033A68] -> 0x0513
mem[X,0x80033A6A] -> 0xAAB5
[5272] [M]: 0x80033A68 (0xAAB50513) addi a0, a0, 2731
x10 <- 0xAAAAAAAB


mem[X,0x80033A6C] -> 0xB5B7
mem[X,0x80033A6E] -> 0x0000
[5273] [M]: 0x80033A6C (0x0000B5B7) lui a1, 11
x11 <- 0x0000B000


mem[X,0x80033A70] -> 0x8593
mem[X,0x80033A72] -> 0x5035
[5274] [M]: 0x80033A70 (0x50358593) addi a1, a1, 1283
x11 <- 0x0000B503


mem[X,0x80033A74] -> 0x0213
mem[X,0x80033A76] -> 0x0000
[5275] [M]: 0x80033A74 (0x00000213) addi tp, zero, 0
x4 <- 0x00000000


mem[X,0x80033A78] -> 0x006F
mem[X,0x80033A7A] -> 0x00C0
[5276] [M]: 0x80033A78 (0x00C0006F) jal zero, 12


mem[X,0x80033A84] -> 0x6063
mem[X,0x80033A86] -> 0x10B5
[5277] [M]: 0x80033A84 (0x10B56063) bltu a0, a1, 256


mem[X,0x80033A88] -> 0x0213
mem[X,0x80033A8A] -> 0x0022
[5278] [M]: 0x80033A88 (0x00220213) addi tp, tp, 2
x4 <- 0x00000002


mem[X,0x80033A8C] -> 0x006F
mem[X,0x80033A8E] -> 0x1000
[5279] [M]: 0x80033A8C (0x1000006F) jal zero, 256


mem[X,0x80033B8C] -> 0xAE23
mem[X,0x80033B8E] -> 0x0440
[5280] [M]: 0x80033B8C (0x0440AE23) sw tp, 92(ra)
mem[0x8004C9D0] <- 0x00000002


mem[X,0x80033B90] -> 0xB537
mem[X,0x80033B92] -> 0xAAAA
[5281] [M]: 0x80033B90 (0xAAAAB537) lui a0, 699051
x10 <- 0xAAAAB000


mem[X,0x80033B94] -> 0x0513
mem[X,0x80033B96] -> 0xAAB5
[5282] [M]: 0x80033B94 (0xAAB50513) addi a0, a0, 2731
x10 <- 0xAAAAAAAB


mem[X,0x80033B98] -> 0x05B7
mem[X,0x80033B9A] -> 0x0001
[5283] [M]: 0x80033B98 (0x000105B7) lui a1, 16
x11 <- 0x00010000


mem[X,0x80033B9C] -> 0x8593
mem[X,0x80033B9E] -> 0xFFE5
[5284] [M]: 0x80033B9C (0xFFE58593) addi a1, a1, 4094
x11 <- 0x0000FFFE


mem[X,0x80033BA0] -> 0x0213
mem[X,0x80033BA2] -> 0x0000
[5285] [M]: 0x80033BA0 (0x00000213) addi tp, zero, 0
x4 <- 0x00000000


mem[X,0x80033BA4] -> 0x006F
mem[X,0x80033BA6] -> 0x2B10
[5286] [M]: 0x80033BA4 (0x2B10006F) jal zero, 2736


mem[X,0x80034654] -> 0x6A63
mem[X,0x80034656] -> 0xD4B5
[5287] [M]: 0x80034654 (0xD4B56A63) bltu a0, a1, 5460


mem[X,0x80034658] -> 0x0213
mem[X,0x8003465A] -> 0x0022
[5288] [M]: 0x80034658 (0x00220213) addi tp, tp, 2
x4 <- 0x00000002


mem[X,0x8003465C] -> 0x006F
mem[X,0x8003465E] -> 0x00C0
[5289] [M]: 0x8003465C (0x00C0006F) jal zero, 12


mem[X,0x80034668] -> 0xA023
mem[X,0x8003466A] -> 0x0640
[5290] [M]: 0x80034668 (0x0640A023) sw tp, 96(ra)
mem[0x8004C9D4] <- 0x00000002


mem[X,0x8003466C] -> 0xB537
mem[X,0x8003466E] -> 0xAAAA
[5291] [M]: 0x8003466C (0xAAAAB537) lui a0, 699051
x10 <- 0xAAAAB000


mem[X,0x80034670] -> 0x0513
mem[X,0x80034672] -> 0xAAB5
[5292] [M]: 0x80034670 (0xAAB50513) addi a0, a0, 2731
x10 <- 0xAAAAAAAB


mem[X,0x80034674] -> 0x55B7
mem[X,0x80034676] -> 0x5555
[5293] [M]: 0x80034674 (0x555555B7) lui a1, 349525
x11 <- 0x55555000


mem[X,0x80034678] -> 0x8593
mem[X,0x8003467A] -> 0x5565
[5294] [M]: 0x80034678 (0x55658593) addi a1, a1, 1366
x11 <- 0x55555556


mem[X,0x8003467C] -> 0x0213
mem[X,0x8003467E] -> 0x0000
[5295] [M]: 0x8003467C (0x00000213) addi tp, zero, 0
x4 <- 0x00000000


mem[X,0x80034680] -> 0x006F
mem[X,0x80034682] -> 0x2B10
[5296] [M]: 0x80034680 (0x2B10006F) jal zero, 2736


mem[X,0x80035130] -> 0x6A63
mem[X,0x80035132] -> 0xD4B5
[5297] [M]: 0x80035130 (0xD4B56A63) bltu a0, a1, 5460


mem[X,0x80035134] -> 0x0213
mem[X,0x80035136] -> 0x0022
[5298] [M]: 0x80035134 (0x00220213) addi tp, tp, 2
x4 <- 0x00000002


mem[X,0x80035138] -> 0x006F
mem[X,0x8003513A] -> 0x00C0
[5299] [M]: 0x80035138 (0x00C0006F) jal zero, 12


clint::tick mtime <- 0x0000000000000035
 clint timer pending at mtime 0x0000000000000035
htif::tick 0x0000000000000000
mem[X,0x80035144] -> 0xA223
mem[X,0x80035146] -> 0x0640
[5300] [M]: 0x80035144 (0x0640A223) sw tp, 100(ra)
mem[0x8004C9D8] <- 0x00000002


mem[X,0x80035148] -> 0xB537
mem[X,0x8003514A] -> 0xAAAA
[5301] [M]: 0x80035148 (0xAAAAB537) lui a0, 699051
x10 <- 0xAAAAB000


mem[X,0x8003514C] -> 0x0513
mem[X,0x8003514E] -> 0xAAB5
[5302] [M]: 0x8003514C (0xAAB50513) addi a0, a0, 2731
x10 <- 0xAAAAAAAB


mem[X,0x80035150] -> 0xB5B7
mem[X,0x80035152] -> 0xAAAA
[5303] [M]: 0x80035150 (0xAAAAB5B7) lui a1, 699051
x11 <- 0xAAAAB000


mem[X,0x80035154] -> 0x8593
mem[X,0x80035156] -> 0xAAB5
[5304] [M]: 0x80035154 (0xAAB58593) addi a1, a1, 2731
x11 <- 0xAAAAAAAB


mem[X,0x80035158] -> 0x0213
mem[X,0x8003515A] -> 0x0000
[5305] [M]: 0x80035158 (0x00000213) addi tp, zero, 0
x4 <- 0x00000000


mem[X,0x8003515C] -> 0x006F
mem[X,0x8003515E] -> 0x2B10
[5306] [M]: 0x8003515C (0x2B10006F) jal zero, 2736


mem[X,0x80035C0C] -> 0x6A63
mem[X,0x80035C0E] -> 0xD4B5
[5307] [M]: 0x80035C0C (0xD4B56A63) bltu a0, a1, 5460


mem[X,0x80035C10] -> 0x0213
mem[X,0x80035C12] -> 0x0022
[5308] [M]: 0x80035C10 (0x00220213) addi tp, tp, 2
x4 <- 0x00000002


mem[X,0x80035C14] -> 0x006F
mem[X,0x80035C16] -> 0x00C0
[5309] [M]: 0x80035C14 (0x00C0006F) jal zero, 12


mem[X,0x80035C20] -> 0xA423
mem[X,0x80035C22] -> 0x0640
[5310] [M]: 0x80035C20 (0x0640A423) sw tp, 104(ra)
mem[0x8004C9DC] <- 0x00000002


mem[X,0x80035C24] -> 0xB537
mem[X,0x80035C26] -> 0xAAAA
[5311] [M]: 0x80035C24 (0xAAAAB537) lui a0, 699051
x10 <- 0xAAAAB000


mem[X,0x80035C28] -> 0x0513
mem[X,0x80035C2A] -> 0xAAB5
[5312] [M]: 0x80035C28 (0xAAB50513) addi a0, a0, 2731
x10 <- 0xAAAAAAAB


mem[X,0x80035C2C] -> 0x0593
mem[X,0x80035C2E] -> 0x0060
[5313] [M]: 0x80035C2C (0x00600593) addi a1, zero, 6
x11 <- 0x00000006


mem[X,0x80035C30] -> 0x0213
mem[X,0x80035C32] -> 0x0000
[5314] [M]: 0x80035C30 (0x00000213) addi tp, zero, 0
x4 <- 0x00000000


mem[X,0x80035C34] -> 0x006F
mem[X,0x80035C36] -> 0x00C0
[5315] [M]: 0x80035C34 (0x00C0006F) jal zero, 12


mem[X,0x80035C40] -> 0x6063
mem[X,0x80035C42] -> 0x02B5
[5316] [M]: 0x80035C40 (0x02B56063) bltu a0, a1, 32


mem[X,0x80035C44] -> 0x0213
mem[X,0x80035C46] -> 0x0022
[5317] [M]: 0x80035C44 (0x00220213) addi tp, tp, 2
x4 <- 0x00000002


mem[X,0x80035C48] -> 0x006F
mem[X,0x80035C4A] -> 0x0200
[5318] [M]: 0x80035C48 (0x0200006F) jal zero, 32


mem[X,0x80035C68] -> 0xA623
mem[X,0x80035C6A] -> 0x0640
[5319] [M]: 0x80035C68 (0x0640A623) sw tp, 108(ra)
mem[0x8004C9E0] <- 0x00000002


mem[X,0x80035C6C] -> 0xB537
mem[X,0x80035C6E] -> 0xAAAA
[5320] [M]: 0x80035C6C (0xAAAAB537) lui a0, 699051
x10 <- 0xAAAAB000


mem[X,0x80035C70] -> 0x0513
mem[X,0x80035C72] -> 0xAAB5
[5321] [M]: 0x80035C70 (0xAAB50513) addi a0, a0, 2731
x10 <- 0xAAAAAAAB


mem[X,0x80035C74] -> 0x35B7
mem[X,0x80035C76] -> 0x3333
[5322] [M]: 0x80035C74 (0x333335B7) lui a1, 209715
x11 <- 0x33333000


mem[X,0x80035C78] -> 0x8593
mem[X,0x80035C7A] -> 0x3345
[5323] [M]: 0x80035C78 (0x33458593) addi a1, a1, 820
x11 <- 0x33333334


mem[X,0x80035C7C] -> 0x0213
mem[X,0x80035C7E] -> 0x0000
[5324] [M]: 0x80035C7C (0x00000213) addi tp, zero, 0
x4 <- 0x00000000


mem[X,0x80035C80] -> 0x006F
mem[X,0x80035C82] -> 0x2B10
[5325] [M]: 0x80035C80 (0x2B10006F) jal zero, 2736


mem[X,0x80036730] -> 0x6A63
mem[X,0x80036732] -> 0xD4B5
[5326] [M]: 0x80036730 (0xD4B56A63) bltu a0, a1, 5460


mem[X,0x80036734] -> 0x0213
mem[X,0x80036736] -> 0x0022
[5327] [M]: 0x80036734 (0x00220213) addi tp, tp, 2
x4 <- 0x00000002


mem[X,0x80036738] -> 0x006F
mem[X,0x8003673A] -> 0x00C0
[5328] [M]: 0x80036738 (0x00C0006F) jal zero, 12


mem[X,0x80036744] -> 0xA823
mem[X,0x80036746] -> 0x0640
[5329] [M]: 0x80036744 (0x0640A823) sw tp, 112(ra)
mem[0x8004C9E4] <- 0x00000002


mem[X,0x80036748] -> 0xB537
mem[X,0x8003674A] -> 0xAAAA
[5330] [M]: 0x80036748 (0xAAAAB537) lui a0, 699051
x10 <- 0xAAAAB000


mem[X,0x8003674C] -> 0x0513
mem[X,0x8003674E] -> 0xAAB5
[5331] [M]: 0x8003674C (0xAAB50513) addi a0, a0, 2731
x10 <- 0xAAAAAAAB


mem[X,0x80036750] -> 0x65B7
mem[X,0x80036752] -> 0x6666
[5332] [M]: 0x80036750 (0x666665B7) lui a1, 419430
x11 <- 0x66666000


mem[X,0x80036754] -> 0x8593
mem[X,0x80036756] -> 0x6675
[5333] [M]: 0x80036754 (0x66758593) addi a1, a1, 1639
x11 <- 0x66666667


mem[X,0x80036758] -> 0x0213
mem[X,0x8003675A] -> 0x0000
[5334] [M]: 0x80036758 (0x00000213) addi tp, zero, 0
x4 <- 0x00000000


mem[X,0x8003675C] -> 0x006F
mem[X,0x8003675E] -> 0x2B10
[5335] [M]: 0x8003675C (0x2B10006F) jal zero, 2736


mem[X,0x8003720C] -> 0x6A63
mem[X,0x8003720E] -> 0xD4B5
[5336] [M]: 0x8003720C (0xD4B56A63) bltu a0, a1, 5460


mem[X,0x80037210] -> 0x0213
mem[X,0x80037212] -> 0x0022
[5337] [M]: 0x80037210 (0x00220213) addi tp, tp, 2
x4 <- 0x00000002


mem[X,0x80037214] -> 0x006F
mem[X,0x80037216] -> 0x00C0
[5338] [M]: 0x80037214 (0x00C0006F) jal zero, 12


mem[X,0x80037220] -> 0xAA23
mem[X,0x80037222] -> 0x0640
[5339] [M]: 0x80037220 (0x0640AA23) sw tp, 116(ra)
mem[0x8004C9E8] <- 0x00000002


mem[X,0x80037224] -> 0xB537
mem[X,0x80037226] -> 0xAAAA
[5340] [M]: 0x80037224 (0xAAAAB537) lui a0, 699051
x10 <- 0xAAAAB000


mem[X,0x80037228] -> 0x0513
mem[X,0x8003722A] -> 0xAAB5
[5341] [M]: 0x80037228 (0xAAB50513) addi a0, a0, 2731
x10 <- 0xAAAAAAAB


mem[X,0x8003722C] -> 0xB5B7
mem[X,0x8003722E] -> 0x0000
[5342] [M]: 0x8003722C (0x0000B5B7) lui a1, 11
x11 <- 0x0000B000


mem[X,0x80037230] -> 0x8593
mem[X,0x80037232] -> 0x5055
[5343] [M]: 0x80037230 (0x50558593) addi a1, a1, 1285
x11 <- 0x0000B505


mem[X,0x80037234] -> 0x0213
mem[X,0x80037236] -> 0x0000
[5344] [M]: 0x80037234 (0x00000213) addi tp, zero, 0
x4 <- 0x00000000


mem[X,0x80037238] -> 0x006F
mem[X,0x8003723A] -> 0x00C0
[5345] [M]: 0x80037238 (0x00C0006F) jal zero, 12


mem[X,0x80037244] -> 0x6063
mem[X,0x80037246] -> 0x20B5
[5346] [M]: 0x80037244 (0x20B56063) bltu a0, a1, 512


mem[X,0x80037248] -> 0x0213
mem[X,0x8003724A] -> 0x0022
[5347] [M]: 0x80037248 (0x00220213) addi tp, tp, 2
x4 <- 0x00000002


mem[X,0x8003724C] -> 0x006F
mem[X,0x8003724E] -> 0x2000
[5348] [M]: 0x8003724C (0x2000006F) jal zero, 512


mem[X,0x8003744C] -> 0xAC23
mem[X,0x8003744E] -> 0x0640
[5349] [M]: 0x8003744C (0x0640AC23) sw tp, 120(ra)
mem[0x8004C9EC] <- 0x00000002


mem[X,0x80037450] -> 0xB537
mem[X,0x80037452] -> 0xAAAA
[5350] [M]: 0x80037450 (0xAAAAB537) lui a0, 699051
x10 <- 0xAAAAB000


mem[X,0x80037454] -> 0x0513
mem[X,0x80037456] -> 0xAAB5
[5351] [M]: 0x80037454 (0xAAB50513) addi a0, a0, 2731
x10 <- 0xAAAAAAAB


mem[X,0x80037458] -> 0x0593
mem[X,0x8003745A] -> 0x0010
[5352] [M]: 0x80037458 (0x00100593) addi a1, zero, 1
x11 <- 0x00000001


mem[X,0x8003745C] -> 0x0213
mem[X,0x8003745E] -> 0x0000
[5353] [M]: 0x8003745C (0x00000213) addi tp, zero, 0
x4 <- 0x00000000


mem[X,0x80037460] -> 0x006F
mem[X,0x80037462] -> 0x00C0
[5354] [M]: 0x80037460 (0x00C0006F) jal zero, 12


mem[X,0x8003746C] -> 0x6CE3
mem[X,0x8003746E] -> 0xFEB5
[5355] [M]: 0x8003746C (0xFEB56CE3) bltu a0, a1, 8184


mem[X,0x80037470] -> 0x0213
mem[X,0x80037472] -> 0x0022
[5356] [M]: 0x80037470 (0x00220213) addi tp, tp, 2
x4 <- 0x00000002


mem[X,0x80037474] -> 0x006F
mem[X,0x80037476] -> 0x00C0
[5357] [M]: 0x80037474 (0x00C0006F) jal zero, 12


mem[X,0x80037480] -> 0xAE23
mem[X,0x80037482] -> 0x0640
[5358] [M]: 0x80037480 (0x0640AE23) sw tp, 124(ra)
mem[0x8004C9F0] <- 0x00000002


mem[X,0x80037484] -> 0xB537
mem[X,0x80037486] -> 0xAAAA
[5359] [M]: 0x80037484 (0xAAAAB537) lui a0, 699051
x10 <- 0xAAAAB000


mem[X,0x80037488] -> 0x0513
mem[X,0x8003748A] -> 0xAAB5
[5360] [M]: 0x80037488 (0xAAB50513) addi a0, a0, 2731
x10 <- 0xAAAAAAAB


mem[X,0x8003748C] -> 0x05B7
mem[X,0x8003748E] -> 0x0001
[5361] [M]: 0x8003748C (0x000105B7) lui a1, 16
x11 <- 0x00010000


mem[X,0x80037490] -> 0x0213
mem[X,0x80037492] -> 0x0000
[5362] [M]: 0x80037490 (0x00000213) addi tp, zero, 0
x4 <- 0x00000000


mem[X,0x80037494] -> 0x006F
mem[X,0x80037496] -> 0x00C0
[5363] [M]: 0x80037494 (0x00C0006F) jal zero, 12


mem[X,0x800374A0] -> 0x6663
mem[X,0x800374A2] -> 0x00B5
[5364] [M]: 0x800374A0 (0x00B56663) bltu a0, a1, 12


mem[X,0x800374A4] -> 0x0213
mem[X,0x800374A6] -> 0x0022
[5365] [M]: 0x800374A4 (0x00220213) addi tp, tp, 2
x4 <- 0x00000002


mem[X,0x800374A8] -> 0x006F
mem[X,0x800374AA] -> 0x00C0
[5366] [M]: 0x800374A8 (0x00C0006F) jal zero, 12


mem[X,0x800374B4] -> 0xA023
mem[X,0x800374B6] -> 0x0840
[5367] [M]: 0x800374B4 (0x0840A023) sw tp, 128(ra)
mem[0x8004C9F4] <- 0x00000002


mem[X,0x800374B8] -> 0x0513
mem[X,0x800374BA] -> 0x0060
[5368] [M]: 0x800374B8 (0x00600513) addi a0, zero, 6
x10 <- 0x00000006


mem[X,0x800374BC] -> 0x0593
mem[X,0x800374BE] -> 0x0030
[5369] [M]: 0x800374BC (0x00300593) addi a1, zero, 3
x11 <- 0x00000003


mem[X,0x800374C0] -> 0x0213
mem[X,0x800374C2] -> 0x0000
[5370] [M]: 0x800374C0 (0x00000213) addi tp, zero, 0
x4 <- 0x00000000


mem[X,0x800374C4] -> 0x006F
mem[X,0x800374C6] -> 0x00C0
[5371] [M]: 0x800374C4 (0x00C0006F) jal zero, 12


mem[X,0x800374D0] -> 0x6863
mem[X,0x800374D2] -> 0x00B5
[5372] [M]: 0x800374D0 (0x00B56863) bltu a0, a1, 16


mem[X,0x800374D4] -> 0x0213
mem[X,0x800374D6] -> 0x0022
[5373] [M]: 0x800374D4 (0x00220213) addi tp, tp, 2
x4 <- 0x00000002


mem[X,0x800374D8] -> 0x006F
mem[X,0x800374DA] -> 0x0100
[5374] [M]: 0x800374D8 (0x0100006F) jal zero, 16


mem[X,0x800374E8] -> 0xA223
mem[X,0x800374EA] -> 0x0840
[5375] [M]: 0x800374E8 (0x0840A223) sw tp, 132(ra)
mem[0x8004C9F8] <- 0x00000002


mem[X,0x800374EC] -> 0x0513
mem[X,0x800374EE] -> 0x0060
[5376] [M]: 0x800374EC (0x00600513) addi a0, zero, 6
x10 <- 0x00000006


mem[X,0x800374F0] -> 0x55B7
mem[X,0x800374F2] -> 0x5555
[5377] [M]: 0x800374F0 (0x555555B7) lui a1, 349525
x11 <- 0x55555000


mem[X,0x800374F4] -> 0x8593
mem[X,0x800374F6] -> 0x5555
[5378] [M]: 0x800374F4 (0x55558593) addi a1, a1, 1365
x11 <- 0x55555555


mem[X,0x800374F8] -> 0x0213
mem[X,0x800374FA] -> 0x0000
[5379] [M]: 0x800374F8 (0x00000213) addi tp, zero, 0
x4 <- 0x00000000


mem[X,0x800374FC] -> 0x006F
mem[X,0x800374FE] -> 0x00C0
[5380] [M]: 0x800374FC (0x00C0006F) jal zero, 12


mem[X,0x80037508] -> 0x6063
mem[X,0x8003750A] -> 0x02B5
[5381] [M]: 0x80037508 (0x02B56063) bltu a0, a1, 32


mem[X,0x80037528] -> 0x0213
mem[X,0x8003752A] -> 0x0032
[5382] [M]: 0x80037528 (0x00320213) addi tp, tp, 3
x4 <- 0x00000003


mem[X,0x8003752C] -> 0x006F
mem[X,0x8003752E] -> 0x0040
[5383] [M]: 0x8003752C (0x0040006F) jal zero, 4


mem[X,0x80037530] -> 0xA423
mem[X,0x80037532] -> 0x0840
[5384] [M]: 0x80037530 (0x0840A423) sw tp, 136(ra)
mem[0x8004C9FC] <- 0x00000003


mem[X,0x80037534] -> 0x0513
mem[X,0x80037536] -> 0x0060
[5385] [M]: 0x80037534 (0x00600513) addi a0, zero, 6
x10 <- 0x00000006


mem[X,0x80037538] -> 0xB5B7
mem[X,0x8003753A] -> 0xAAAA
[5386] [M]: 0x80037538 (0xAAAAB5B7) lui a1, 699051
x11 <- 0xAAAAB000


mem[X,0x8003753C] -> 0x8593
mem[X,0x8003753E] -> 0xAAA5
[5387] [M]: 0x8003753C (0xAAA58593) addi a1, a1, 2730
x11 <- 0xAAAAAAAA


mem[X,0x80037540] -> 0x0213
mem[X,0x80037542] -> 0x0000
[5388] [M]: 0x80037540 (0x00000213) addi tp, zero, 0
x4 <- 0x00000000


mem[X,0x80037544] -> 0x006F
mem[X,0x80037546] -> 0x00C0
[5389] [M]: 0x80037544 (0x00C0006F) jal zero, 12


mem[X,0x80037550] -> 0x6063
mem[X,0x80037552] -> 0x10B5
[5390] [M]: 0x80037550 (0x10B56063) bltu a0, a1, 256


mem[X,0x80037650] -> 0x0213
mem[X,0x80037652] -> 0x0032
[5391] [M]: 0x80037650 (0x00320213) addi tp, tp, 3
x4 <- 0x00000003


mem[X,0x80037654] -> 0x006F
mem[X,0x80037656] -> 0x0040
[5392] [M]: 0x80037654 (0x0040006F) jal zero, 4


mem[X,0x80037658] -> 0xA623
mem[X,0x8003765A] -> 0x0840
[5393] [M]: 0x80037658 (0x0840A623) sw tp, 140(ra)
mem[0x8004CA00] <- 0x00000003


mem[X,0x8003765C] -> 0x0513
mem[X,0x8003765E] -> 0x0060
[5394] [M]: 0x8003765C (0x00600513) addi a0, zero, 6
x10 <- 0x00000006


mem[X,0x80037660] -> 0x0593
mem[X,0x80037662] -> 0x0050
[5395] [M]: 0x80037660 (0x00500593) addi a1, zero, 5
x11 <- 0x00000005


mem[X,0x80037664] -> 0x0213
mem[X,0x80037666] -> 0x0000
[5396] [M]: 0x80037664 (0x00000213) addi tp, zero, 0
x4 <- 0x00000000


mem[X,0x80037668] -> 0x006F
mem[X,0x8003766A] -> 0x00C0
[5397] [M]: 0x80037668 (0x00C0006F) jal zero, 12


mem[X,0x80037674] -> 0x6CE3
mem[X,0x80037676] -> 0xFEB5
[5398] [M]: 0x80037674 (0xFEB56CE3) bltu a0, a1, 8184


mem[X,0x80037678] -> 0x0213
mem[X,0x8003767A] -> 0x0022
[5399] [M]: 0x80037678 (0x00220213) addi tp, tp, 2
x4 <- 0x00000002


clint::tick mtime <- 0x0000000000000036
 clint timer pending at mtime 0x0000000000000036
htif::tick 0x0000000000000000
mem[X,0x8003767C] -> 0x006F
mem[X,0x8003767E] -> 0x00C0
[5400] [M]: 0x8003767C (0x00C0006F) jal zero, 12


mem[X,0x80037688] -> 0xA823
mem[X,0x8003768A] -> 0x0840
[5401] [M]: 0x80037688 (0x0840A823) sw tp, 144(ra)
mem[0x8004CA04] <- 0x00000002


mem[X,0x8003768C] -> 0x0513
mem[X,0x8003768E] -> 0x0060
[5402] [M]: 0x8003768C (0x00600513) addi a0, zero, 6
x10 <- 0x00000006


mem[X,0x80037690] -> 0x35B7
mem[X,0x80037692] -> 0x3333
[5403] [M]: 0x80037690 (0x333335B7) lui a1, 209715
x11 <- 0x33333000


mem[X,0x80037694] -> 0x8593
mem[X,0x80037696] -> 0x3335
[5404] [M]: 0x80037694 (0x33358593) addi a1, a1, 819
x11 <- 0x33333333


mem[X,0x80037698] -> 0x0213
mem[X,0x8003769A] -> 0x0000
[5405] [M]: 0x80037698 (0x00000213) addi tp, zero, 0
x4 <- 0x00000000


mem[X,0x8003769C] -> 0x006F
mem[X,0x8003769E] -> 0x00C0
[5406] [M]: 0x8003769C (0x00C0006F) jal zero, 12


mem[X,0x800376A8] -> 0x6CE3
mem[X,0x800376AA] -> 0xFEB5
[5407] [M]: 0x800376A8 (0xFEB56CE3) bltu a0, a1, 8184


mem[X,0x800376A0] -> 0x0213
mem[X,0x800376A2] -> 0x0012
[5408] [M]: 0x800376A0 (0x00120213) addi tp, tp, 1
x4 <- 0x00000001


mem[X,0x800376A4] -> 0x006F
mem[X,0x800376A6] -> 0x0180
[5409] [M]: 0x800376A4 (0x0180006F) jal zero, 24


mem[X,0x800376BC] -> 0xAA23
mem[X,0x800376BE] -> 0x0840
[5410] [M]: 0x800376BC (0x0840AA23) sw tp, 148(ra)
mem[0x8004CA08] <- 0x00000001


mem[X,0x800376C0] -> 0x0513
mem[X,0x800376C2] -> 0x0060
[5411] [M]: 0x800376C0 (0x00600513) addi a0, zero, 6
x10 <- 0x00000006


mem[X,0x800376C4] -> 0x65B7
mem[X,0x800376C6] -> 0x6666
[5412] [M]: 0x800376C4 (0x666665B7) lui a1, 419430
x11 <- 0x66666000


mem[X,0x800376C8] -> 0x8593
mem[X,0x800376CA] -> 0x6665
[5413] [M]: 0x800376C8 (0x66658593) addi a1, a1, 1638
x11 <- 0x66666666


mem[X,0x800376CC] -> 0x0213
mem[X,0x800376CE] -> 0x0000
[5414] [M]: 0x800376CC (0x00000213) addi tp, zero, 0
x4 <- 0x00000000


mem[X,0x800376D0] -> 0x006F
mem[X,0x800376D2] -> 0x2B10
[5415] [M]: 0x800376D0 (0x2B10006F) jal zero, 2736


mem[X,0x80038180] -> 0x6A63
mem[X,0x80038182] -> 0xD4B5
[5416] [M]: 0x80038180 (0xD4B56A63) bltu a0, a1, 5460


mem[X,0x800376D4] -> 0x0213
mem[X,0x800376D6] -> 0x0012
[5417] [M]: 0x800376D4 (0x00120213) addi tp, tp, 1
x4 <- 0x00000001


mem[X,0x800376D8] -> 0x006F
mem[X,0x800376DA] -> 0x2BD0
[5418] [M]: 0x800376D8 (0x2BD0006F) jal zero, 2748


mem[X,0x80038194] -> 0xAC23
mem[X,0x80038196] -> 0x0840
[5419] [M]: 0x80038194 (0x0840AC23) sw tp, 152(ra)
mem[0x8004CA0C] <- 0x00000001


mem[X,0x80038198] -> 0x0513
mem[X,0x8003819A] -> 0x0060
[5420] [M]: 0x80038198 (0x00600513) addi a0, zero, 6
x10 <- 0x00000006


mem[X,0x8003819C] -> 0xB5B7
mem[X,0x8003819E] -> 0x0000
[5421] [M]: 0x8003819C (0x0000B5B7) lui a1, 11
x11 <- 0x0000B000


mem[X,0x800381A0] -> 0x8593
mem[X,0x800381A2] -> 0x5045
[5422] [M]: 0x800381A0 (0x50458593) addi a1, a1, 1284
x11 <- 0x0000B504


mem[X,0x800381A4] -> 0x0213
mem[X,0x800381A6] -> 0x0000
[5423] [M]: 0x800381A4 (0x00000213) addi tp, zero, 0
x4 <- 0x00000000


mem[X,0x800381A8] -> 0x006F
mem[X,0x800381AA] -> 0x0180
[5424] [M]: 0x800381A8 (0x0180006F) jal zero, 24


mem[X,0x800381C0] -> 0x66E3
mem[X,0x800381C2] -> 0xFEB5
[5425] [M]: 0x800381C0 (0xFEB566E3) bltu a0, a1, 8172


mem[X,0x800381AC] -> 0x0213
mem[X,0x800381AE] -> 0x0012
[5426] [M]: 0x800381AC (0x00120213) addi tp, tp, 1
x4 <- 0x00000001


mem[X,0x800381B0] -> 0x006F
mem[X,0x800381B2] -> 0x0240
[5427] [M]: 0x800381B0 (0x0240006F) jal zero, 36


mem[X,0x800381D4] -> 0xAE23
mem[X,0x800381D6] -> 0x0840
[5428] [M]: 0x800381D4 (0x0840AE23) sw tp, 156(ra)
mem[0x8004CA10] <- 0x00000001


mem[X,0x800381D8] -> 0x0513
mem[X,0x800381DA] -> 0x0060
[5429] [M]: 0x800381D8 (0x00600513) addi a0, zero, 6
x10 <- 0x00000006


mem[X,0x800381DC] -> 0x0593
mem[X,0x800381DE] -> 0x0000
[5430] [M]: 0x800381DC (0x00000593) addi a1, zero, 0
x11 <- 0x00000000


mem[X,0x800381E0] -> 0x0213
mem[X,0x800381E2] -> 0x0000
[5431] [M]: 0x800381E0 (0x00000213) addi tp, zero, 0
x4 <- 0x00000000


mem[X,0x800381E4] -> 0x006F
mem[X,0x800381E6] -> 0x0140
[5432] [M]: 0x800381E4 (0x0140006F) jal zero, 20


mem[X,0x800381F8] -> 0x68E3
mem[X,0x800381FA] -> 0xFEB5
[5433] [M]: 0x800381F8 (0xFEB568E3) bltu a0, a1, 8176


mem[X,0x800381FC] -> 0x0213
mem[X,0x800381FE] -> 0x0022
[5434] [M]: 0x800381FC (0x00220213) addi tp, tp, 2
x4 <- 0x00000002


mem[X,0x80038200] -> 0x006F
mem[X,0x80038202] -> 0x00C0
[5435] [M]: 0x80038200 (0x00C0006F) jal zero, 12


mem[X,0x8003820C] -> 0xA023
mem[X,0x8003820E] -> 0x0A40
[5436] [M]: 0x8003820C (0x0A40A023) sw tp, 160(ra)
mem[0x8004CA14] <- 0x00000002


mem[X,0x80038210] -> 0x0513
mem[X,0x80038212] -> 0x0060
[5437] [M]: 0x80038210 (0x00600513) addi a0, zero, 6
x10 <- 0x00000006


mem[X,0x80038214] -> 0x05B7
mem[X,0x80038216] -> 0x0001
[5438] [M]: 0x80038214 (0x000105B7) lui a1, 16
x11 <- 0x00010000


mem[X,0x80038218] -> 0x8593
mem[X,0x8003821A] -> 0xFFF5
[5439] [M]: 0x80038218 (0xFFF58593) addi a1, a1, 4095
x11 <- 0x0000FFFF


mem[X,0x8003821C] -> 0x0213
mem[X,0x8003821E] -> 0x0000
[5440] [M]: 0x8003821C (0x00000213) addi tp, zero, 0
x4 <- 0x00000000


mem[X,0x80038220] -> 0x006F
mem[X,0x80038222] -> 0x0050
[5441] [M]: 0x80038220 (0x0050006F) jal zero, 2052


mem[X,0x80038A24] -> 0x60E3
mem[X,0x80038A26] -> 0x80B5
[5442] [M]: 0x80038A24 (0x80B560E3) bltu a0, a1, 6144


mem[X,0x80038224] -> 0x0213
mem[X,0x80038226] -> 0x0012
[5443] [M]: 0x80038224 (0x00120213) addi tp, tp, 1
x4 <- 0x00000001


mem[X,0x80038228] -> 0x006F
mem[X,0x8003822A] -> 0x0110
[5444] [M]: 0x80038228 (0x0110006F) jal zero, 2064


mem[X,0x80038A38] -> 0xA223
mem[X,0x80038A3A] -> 0x0A40
[5445] [M]: 0x80038A38 (0x0A40A223) sw tp, 164(ra)
mem[0x8004CA18] <- 0x00000001


mem[X,0x80038A3C] -> 0x0513
mem[X,0x80038A3E] -> 0x0060
[5446] [M]: 0x80038A3C (0x00600513) addi a0, zero, 6
x10 <- 0x00000006


mem[X,0x80038A40] -> 0x0593
mem[X,0x80038A42] -> 0x0020
[5447] [M]: 0x80038A40 (0x00200593) addi a1, zero, 2
x11 <- 0x00000002


mem[X,0x80038A44] -> 0x0213
mem[X,0x80038A46] -> 0x0000
[5448] [M]: 0x80038A44 (0x00000213) addi tp, zero, 0
x4 <- 0x00000000


mem[X,0x80038A48] -> 0x006F
mem[X,0x80038A4A] -> 0x00C0
[5449] [M]: 0x80038A48 (0x00C0006F) jal zero, 12


mem[X,0x80038A54] -> 0x6663
mem[X,0x80038A56] -> 0x00B5
[5450] [M]: 0x80038A54 (0x00B56663) bltu a0, a1, 12


mem[X,0x80038A58] -> 0x0213
mem[X,0x80038A5A] -> 0x0022
[5451] [M]: 0x80038A58 (0x00220213) addi tp, tp, 2
x4 <- 0x00000002


mem[X,0x80038A5C] -> 0x006F
mem[X,0x80038A5E] -> 0x00C0
[5452] [M]: 0x80038A5C (0x00C0006F) jal zero, 12


mem[X,0x80038A68] -> 0xA423
mem[X,0x80038A6A] -> 0x0A40
[5453] [M]: 0x80038A68 (0x0A40A423) sw tp, 168(ra)
mem[0x8004CA1C] <- 0x00000002


mem[X,0x80038A6C] -> 0x0513
mem[X,0x80038A6E] -> 0x0060
[5454] [M]: 0x80038A6C (0x00600513) addi a0, zero, 6
x10 <- 0x00000006


mem[X,0x80038A70] -> 0x55B7
mem[X,0x80038A72] -> 0x5555
[5455] [M]: 0x80038A70 (0x555555B7) lui a1, 349525
x11 <- 0x55555000


mem[X,0x80038A74] -> 0x8593
mem[X,0x80038A76] -> 0x5545
[5456] [M]: 0x80038A74 (0x55458593) addi a1, a1, 1364
x11 <- 0x55555554


mem[X,0x80038A78] -> 0x0213
mem[X,0x80038A7A] -> 0x0000
[5457] [M]: 0x80038A78 (0x00000213) addi tp, zero, 0
x4 <- 0x00000000


mem[X,0x80038A7C] -> 0x006F
mem[X,0x80038A7E] -> 0x00C0
[5458] [M]: 0x80038A7C (0x00C0006F) jal zero, 12


mem[X,0x80038A88] -> 0x6063
mem[X,0x80038A8A] -> 0x40B5
[5459] [M]: 0x80038A88 (0x40B56063) bltu a0, a1, 1024


mem[X,0x80038E88] -> 0x0213
mem[X,0x80038E8A] -> 0x0032
[5460] [M]: 0x80038E88 (0x00320213) addi tp, tp, 3
x4 <- 0x00000003


mem[X,0x80038E8C] -> 0x006F
mem[X,0x80038E8E] -> 0x0040
[5461] [M]: 0x80038E8C (0x0040006F) jal zero, 4


mem[X,0x80038E90] -> 0xA623
mem[X,0x80038E92] -> 0x0A40
[5462] [M]: 0x80038E90 (0x0A40A623) sw tp, 172(ra)
mem[0x8004CA20] <- 0x00000003


mem[X,0x80038E94] -> 0x0513
mem[X,0x80038E96] -> 0x0060
[5463] [M]: 0x80038E94 (0x00600513) addi a0, zero, 6
x10 <- 0x00000006


mem[X,0x80038E98] -> 0xB5B7
mem[X,0x80038E9A] -> 0xAAAA
[5464] [M]: 0x80038E98 (0xAAAAB5B7) lui a1, 699051
x11 <- 0xAAAAB000


mem[X,0x80038E9C] -> 0x8593
mem[X,0x80038E9E] -> 0xAA95
[5465] [M]: 0x80038E9C (0xAA958593) addi a1, a1, 2729
x11 <- 0xAAAAAAA9


mem[X,0x80038EA0] -> 0x0213
mem[X,0x80038EA2] -> 0x0000
[5466] [M]: 0x80038EA0 (0x00000213) addi tp, zero, 0
x4 <- 0x00000000


mem[X,0x80038EA4] -> 0x006F
mem[X,0x80038EA6] -> 0x00C0
[5467] [M]: 0x80038EA4 (0x00C0006F) jal zero, 12


mem[X,0x80038EB0] -> 0x6863
mem[X,0x80038EB2] -> 0x00B5
[5468] [M]: 0x80038EB0 (0x00B56863) bltu a0, a1, 16


mem[X,0x80038EC0] -> 0x0213
mem[X,0x80038EC2] -> 0x0032
[5469] [M]: 0x80038EC0 (0x00320213) addi tp, tp, 3
x4 <- 0x00000003


mem[X,0x80038EC4] -> 0x006F
mem[X,0x80038EC6] -> 0x0040
[5470] [M]: 0x80038EC4 (0x0040006F) jal zero, 4


mem[X,0x80038EC8] -> 0xA823
mem[X,0x80038ECA] -> 0x0A40
[5471] [M]: 0x80038EC8 (0x0A40A823) sw tp, 176(ra)
mem[0x8004CA24] <- 0x00000003


mem[X,0x80038ECC] -> 0x0513
mem[X,0x80038ECE] -> 0x0060
[5472] [M]: 0x80038ECC (0x00600513) addi a0, zero, 6
x10 <- 0x00000006


mem[X,0x80038ED0] -> 0x0593
mem[X,0x80038ED2] -> 0x0040
[5473] [M]: 0x80038ED0 (0x00400593) addi a1, zero, 4
x11 <- 0x00000004


mem[X,0x80038ED4] -> 0x0213
mem[X,0x80038ED6] -> 0x0000
[5474] [M]: 0x80038ED4 (0x00000213) addi tp, zero, 0
x4 <- 0x00000000


mem[X,0x80038ED8] -> 0x006F
mem[X,0x80038EDA] -> 0x00C0
[5475] [M]: 0x80038ED8 (0x00C0006F) jal zero, 12


mem[X,0x80038EE4] -> 0x6CE3
mem[X,0x80038EE6] -> 0xFEB5
[5476] [M]: 0x80038EE4 (0xFEB56CE3) bltu a0, a1, 8184


mem[X,0x80038EE8] -> 0x0213
mem[X,0x80038EEA] -> 0x0022
[5477] [M]: 0x80038EE8 (0x00220213) addi tp, tp, 2
x4 <- 0x00000002


mem[X,0x80038EEC] -> 0x006F
mem[X,0x80038EEE] -> 0x00C0
[5478] [M]: 0x80038EEC (0x00C0006F) jal zero, 12


mem[X,0x80038EF8] -> 0xAA23
mem[X,0x80038EFA] -> 0x0A40
[5479] [M]: 0x80038EF8 (0x0A40AA23) sw tp, 180(ra)
mem[0x8004CA28] <- 0x00000002


mem[X,0x80038EFC] -> 0x0513
mem[X,0x80038EFE] -> 0x0060
[5480] [M]: 0x80038EFC (0x00600513) addi a0, zero, 6
x10 <- 0x00000006


mem[X,0x80038F00] -> 0x35B7
mem[X,0x80038F02] -> 0x3333
[5481] [M]: 0x80038F00 (0x333335B7) lui a1, 209715
x11 <- 0x33333000


mem[X,0x80038F04] -> 0x8593
mem[X,0x80038F06] -> 0x3325
[5482] [M]: 0x80038F04 (0x33258593) addi a1, a1, 818
x11 <- 0x33333332


mem[X,0x80038F08] -> 0x0213
mem[X,0x80038F0A] -> 0x0000
[5483] [M]: 0x80038F08 (0x00000213) addi tp, zero, 0
x4 <- 0x00000000


mem[X,0x80038F0C] -> 0x006F
mem[X,0x80038F0E] -> 0x0050
[5484] [M]: 0x80038F0C (0x0050006F) jal zero, 2052


mem[X,0x80039710] -> 0x60E3
mem[X,0x80039712] -> 0x80B5
[5485] [M]: 0x80039710 (0x80B560E3) bltu a0, a1, 6144


mem[X,0x80038F10] -> 0x0213
mem[X,0x80038F12] -> 0x0012
[5486] [M]: 0x80038F10 (0x00120213) addi tp, tp, 1
x4 <- 0x00000001


mem[X,0x80038F14] -> 0x006F
mem[X,0x80038F16] -> 0x0110
[5487] [M]: 0x80038F14 (0x0110006F) jal zero, 2064


mem[X,0x80039724] -> 0xAC23
mem[X,0x80039726] -> 0x0A40
[5488] [M]: 0x80039724 (0x0A40AC23) sw tp, 184(ra)
mem[0x8004CA2C] <- 0x00000001


mem[X,0x80039728] -> 0x0513
mem[X,0x8003972A] -> 0x0060
[5489] [M]: 0x80039728 (0x00600513) addi a0, zero, 6
x10 <- 0x00000006


mem[X,0x8003972C] -> 0x65B7
mem[X,0x8003972E] -> 0x6666
[5490] [M]: 0x8003972C (0x666665B7) lui a1, 419430
x11 <- 0x66666000


mem[X,0x80039730] -> 0x8593
mem[X,0x80039732] -> 0x6655
[5491] [M]: 0x80039730 (0x66558593) addi a1, a1, 1637
x11 <- 0x66666665


mem[X,0x80039734] -> 0x0213
mem[X,0x80039736] -> 0x0000
[5492] [M]: 0x80039734 (0x00000213) addi tp, zero, 0
x4 <- 0x00000000


mem[X,0x80039738] -> 0x006F
mem[X,0x8003973A] -> 0x00C0
[5493] [M]: 0x80039738 (0x00C0006F) jal zero, 12


mem[X,0x80039744] -> 0x6663
mem[X,0x80039746] -> 0x00B5
[5494] [M]: 0x80039744 (0x00B56663) bltu a0, a1, 12


mem[X,0x80039750] -> 0x0213
mem[X,0x80039752] -> 0x0032
[5495] [M]: 0x80039750 (0x00320213) addi tp, tp, 3
x4 <- 0x00000003


mem[X,0x80039754] -> 0x006F
mem[X,0x80039756] -> 0x0040
[5496] [M]: 0x80039754 (0x0040006F) jal zero, 4


mem[X,0x80039758] -> 0xAE23
mem[X,0x8003975A] -> 0x0A40
[5497] [M]: 0x80039758 (0x0A40AE23) sw tp, 188(ra)
mem[0x8004CA30] <- 0x00000003


mem[X,0x8003975C] -> 0x0513
mem[X,0x8003975E] -> 0x0060
[5498] [M]: 0x8003975C (0x00600513) addi a0, zero, 6
x10 <- 0x00000006


mem[X,0x80039760] -> 0xB5B7
mem[X,0x80039762] -> 0x0000
[5499] [M]: 0x80039760 (0x0000B5B7) lui a1, 11
x11 <- 0x0000B000


clint::tick mtime <- 0x0000000000000037
 clint timer pending at mtime 0x0000000000000037
htif::tick 0x0000000000000000
mem[X,0x80039764] -> 0x8593
mem[X,0x80039766] -> 0x5035
[5500] [M]: 0x80039764 (0x50358593) addi a1, a1, 1283
x11 <- 0x0000B503


mem[X,0x80039768] -> 0x0213
mem[X,0x8003976A] -> 0x0000
[5501] [M]: 0x80039768 (0x00000213) addi tp, zero, 0
x4 <- 0x00000000


mem[X,0x8003976C] -> 0x006F
mem[X,0x8003976E] -> 0x00C0
[5502] [M]: 0x8003976C (0x00C0006F) jal zero, 12


mem[X,0x80039778] -> 0x6063
mem[X,0x8003977A] -> 0x08B5
[5503] [M]: 0x80039778 (0x08B56063) bltu a0, a1, 128


mem[X,0x800397F8] -> 0x0213
mem[X,0x800397FA] -> 0x0032
[5504] [M]: 0x800397F8 (0x00320213) addi tp, tp, 3
x4 <- 0x00000003


mem[X,0x800397FC] -> 0x006F
mem[X,0x800397FE] -> 0x0040
[5505] [M]: 0x800397FC (0x0040006F) jal zero, 4


mem[X,0x80039800] -> 0xA023
mem[X,0x80039802] -> 0x0C40
[5506] [M]: 0x80039800 (0x0C40A023) sw tp, 192(ra)
mem[0x8004CA34] <- 0x00000003


mem[X,0x80039804] -> 0x0513
mem[X,0x80039806] -> 0x0060
[5507] [M]: 0x80039804 (0x00600513) addi a0, zero, 6
x10 <- 0x00000006


mem[X,0x80039808] -> 0x05B7
mem[X,0x8003980A] -> 0x0001
[5508] [M]: 0x80039808 (0x000105B7) lui a1, 16
x11 <- 0x00010000


mem[X,0x8003980C] -> 0x8593
mem[X,0x8003980E] -> 0xFFE5
[5509] [M]: 0x8003980C (0xFFE58593) addi a1, a1, 4094
x11 <- 0x0000FFFE


mem[X,0x80039810] -> 0x0213
mem[X,0x80039812] -> 0x0000
[5510] [M]: 0x80039810 (0x00000213) addi tp, zero, 0
x4 <- 0x00000000


mem[X,0x80039814] -> 0x006F
mem[X,0x80039816] -> 0x00C0
[5511] [M]: 0x80039814 (0x00C0006F) jal zero, 12


mem[X,0x80039820] -> 0x6063
mem[X,0x80039822] -> 0x20B5
[5512] [M]: 0x80039820 (0x20B56063) bltu a0, a1, 512


mem[X,0x80039A20] -> 0x0213
mem[X,0x80039A22] -> 0x0032
[5513] [M]: 0x80039A20 (0x00320213) addi tp, tp, 3
x4 <- 0x00000003


mem[X,0x80039A24] -> 0x006F
mem[X,0x80039A26] -> 0x0040
[5514] [M]: 0x80039A24 (0x0040006F) jal zero, 4


mem[X,0x80039A28] -> 0xA223
mem[X,0x80039A2A] -> 0x0C40
[5515] [M]: 0x80039A28 (0x0C40A223) sw tp, 196(ra)
mem[0x8004CA38] <- 0x00000003


mem[X,0x80039A2C] -> 0x0513
mem[X,0x80039A2E] -> 0x0060
[5516] [M]: 0x80039A2C (0x00600513) addi a0, zero, 6
x10 <- 0x00000006


mem[X,0x80039A30] -> 0x55B7
mem[X,0x80039A32] -> 0x5555
[5517] [M]: 0x80039A30 (0x555555B7) lui a1, 349525
x11 <- 0x55555000


mem[X,0x80039A34] -> 0x8593
mem[X,0x80039A36] -> 0x5565
[5518] [M]: 0x80039A34 (0x55658593) addi a1, a1, 1366
x11 <- 0x55555556


mem[X,0x80039A38] -> 0x0213
mem[X,0x80039A3A] -> 0x0000
[5519] [M]: 0x80039A38 (0x00000213) addi tp, zero, 0
x4 <- 0x00000000


mem[X,0x80039A3C] -> 0x006F
mem[X,0x80039A3E] -> 0x0050
[5520] [M]: 0x80039A3C (0x0050006F) jal zero, 2052


mem[X,0x8003A240] -> 0x60E3
mem[X,0x8003A242] -> 0x80B5
[5521] [M]: 0x8003A240 (0x80B560E3) bltu a0, a1, 6144


mem[X,0x80039A40] -> 0x0213
mem[X,0x80039A42] -> 0x0012
[5522] [M]: 0x80039A40 (0x00120213) addi tp, tp, 1
x4 <- 0x00000001


mem[X,0x80039A44] -> 0x006F
mem[X,0x80039A46] -> 0x0110
[5523] [M]: 0x80039A44 (0x0110006F) jal zero, 2064


mem[X,0x8003A254] -> 0xA423
mem[X,0x8003A256] -> 0x0C40
[5524] [M]: 0x8003A254 (0x0C40A423) sw tp, 200(ra)
mem[0x8004CA3C] <- 0x00000001


mem[X,0x8003A258] -> 0x0513
mem[X,0x8003A25A] -> 0x0060
[5525] [M]: 0x8003A258 (0x00600513) addi a0, zero, 6
x10 <- 0x00000006


mem[X,0x8003A25C] -> 0xB5B7
mem[X,0x8003A25E] -> 0xAAAA
[5526] [M]: 0x8003A25C (0xAAAAB5B7) lui a1, 699051
x11 <- 0xAAAAB000


mem[X,0x8003A260] -> 0x8593
mem[X,0x8003A262] -> 0xAAB5
[5527] [M]: 0x8003A260 (0xAAB58593) addi a1, a1, 2731
x11 <- 0xAAAAAAAB


mem[X,0x8003A264] -> 0x0213
mem[X,0x8003A266] -> 0x0000
[5528] [M]: 0x8003A264 (0x00000213) addi tp, zero, 0
x4 <- 0x00000000


mem[X,0x8003A268] -> 0x006F
mem[X,0x8003A26A] -> 0x0100
[5529] [M]: 0x8003A268 (0x0100006F) jal zero, 16


mem[X,0x8003A278] -> 0x6AE3
mem[X,0x8003A27A] -> 0xFEB5
[5530] [M]: 0x8003A278 (0xFEB56AE3) bltu a0, a1, 8180


mem[X,0x8003A26C] -> 0x0213
mem[X,0x8003A26E] -> 0x0012
[5531] [M]: 0x8003A26C (0x00120213) addi tp, tp, 1
x4 <- 0x00000001


mem[X,0x8003A270] -> 0x006F
mem[X,0x8003A272] -> 0x01C0
[5532] [M]: 0x8003A270 (0x01C0006F) jal zero, 28


mem[X,0x8003A28C] -> 0xA623
mem[X,0x8003A28E] -> 0x0C40
[5533] [M]: 0x8003A28C (0x0C40A623) sw tp, 204(ra)
mem[0x8004CA40] <- 0x00000001


mem[X,0x8003A290] -> 0x0513
mem[X,0x8003A292] -> 0x0060
[5534] [M]: 0x8003A290 (0x00600513) addi a0, zero, 6
x10 <- 0x00000006


mem[X,0x8003A294] -> 0x0593
mem[X,0x8003A296] -> 0x0060
[5535] [M]: 0x8003A294 (0x00600593) addi a1, zero, 6
x11 <- 0x00000006


mem[X,0x8003A298] -> 0x0213
mem[X,0x8003A29A] -> 0x0000
[5536] [M]: 0x8003A298 (0x00000213) addi tp, zero, 0
x4 <- 0x00000000


mem[X,0x8003A29C] -> 0x006F
mem[X,0x8003A29E] -> 0x0180
[5537] [M]: 0x8003A29C (0x0180006F) jal zero, 24


mem[X,0x8003A2B4] -> 0x66E3
mem[X,0x8003A2B6] -> 0xFEB5
[5538] [M]: 0x8003A2B4 (0xFEB566E3) bltu a0, a1, 8172


mem[X,0x8003A2B8] -> 0x0213
mem[X,0x8003A2BA] -> 0x0022
[5539] [M]: 0x8003A2B8 (0x00220213) addi tp, tp, 2
x4 <- 0x00000002


mem[X,0x8003A2BC] -> 0x006F
mem[X,0x8003A2BE] -> 0x00C0
[5540] [M]: 0x8003A2BC (0x00C0006F) jal zero, 12


mem[X,0x8003A2C8] -> 0xA823
mem[X,0x8003A2CA] -> 0x0C40
[5541] [M]: 0x8003A2C8 (0x0C40A823) sw tp, 208(ra)
mem[0x8004CA44] <- 0x00000002


mem[X,0x8003A2CC] -> 0x0513
mem[X,0x8003A2CE] -> 0x0060
[5542] [M]: 0x8003A2CC (0x00600513) addi a0, zero, 6
x10 <- 0x00000006


mem[X,0x8003A2D0] -> 0x35B7
mem[X,0x8003A2D2] -> 0x3333
[5543] [M]: 0x8003A2D0 (0x333335B7) lui a1, 209715
x11 <- 0x33333000


mem[X,0x8003A2D4] -> 0x8593
mem[X,0x8003A2D6] -> 0x3345
[5544] [M]: 0x8003A2D4 (0x33458593) addi a1, a1, 820
x11 <- 0x33333334


mem[X,0x8003A2D8] -> 0x0213
mem[X,0x8003A2DA] -> 0x0000
[5545] [M]: 0x8003A2D8 (0x00000213) addi tp, zero, 0
x4 <- 0x00000000


mem[X,0x8003A2DC] -> 0x006F
mem[X,0x8003A2DE] -> 0x0140
[5546] [M]: 0x8003A2DC (0x0140006F) jal zero, 20


mem[X,0x8003A2F0] -> 0x68E3
mem[X,0x8003A2F2] -> 0xFEB5
[5547] [M]: 0x8003A2F0 (0xFEB568E3) bltu a0, a1, 8176


mem[X,0x8003A2E0] -> 0x0213
mem[X,0x8003A2E2] -> 0x0012
[5548] [M]: 0x8003A2E0 (0x00120213) addi tp, tp, 1
x4 <- 0x00000001


mem[X,0x8003A2E4] -> 0x006F
mem[X,0x8003A2E6] -> 0x0200
[5549] [M]: 0x8003A2E4 (0x0200006F) jal zero, 32


mem[X,0x8003A304] -> 0xAA23
mem[X,0x8003A306] -> 0x0C40
[5550] [M]: 0x8003A304 (0x0C40AA23) sw tp, 212(ra)
mem[0x8004CA48] <- 0x00000001


mem[X,0x8003A308] -> 0x0513
mem[X,0x8003A30A] -> 0x0060
[5551] [M]: 0x8003A308 (0x00600513) addi a0, zero, 6
x10 <- 0x00000006


mem[X,0x8003A30C] -> 0x65B7
mem[X,0x8003A30E] -> 0x6666
[5552] [M]: 0x8003A30C (0x666665B7) lui a1, 419430
x11 <- 0x66666000


mem[X,0x8003A310] -> 0x8593
mem[X,0x8003A312] -> 0x6675
[5553] [M]: 0x8003A310 (0x66758593) addi a1, a1, 1639
x11 <- 0x66666667


mem[X,0x8003A314] -> 0x0213
mem[X,0x8003A316] -> 0x0000
[5554] [M]: 0x8003A314 (0x00000213) addi tp, zero, 0
x4 <- 0x00000000


mem[X,0x8003A318] -> 0x006F
mem[X,0x8003A31A] -> 0x00C0
[5555] [M]: 0x8003A318 (0x00C0006F) jal zero, 12


mem[X,0x8003A324] -> 0x6063
mem[X,0x8003A326] -> 0x08B5
[5556] [M]: 0x8003A324 (0x08B56063) bltu a0, a1, 128


mem[X,0x8003A3A4] -> 0x0213
mem[X,0x8003A3A6] -> 0x0032
[5557] [M]: 0x8003A3A4 (0x00320213) addi tp, tp, 3
x4 <- 0x00000003


mem[X,0x8003A3A8] -> 0x006F
mem[X,0x8003A3AA] -> 0x0040
[5558] [M]: 0x8003A3A8 (0x0040006F) jal zero, 4


mem[X,0x8003A3AC] -> 0xAC23
mem[X,0x8003A3AE] -> 0x0C40
[5559] [M]: 0x8003A3AC (0x0C40AC23) sw tp, 216(ra)
mem[0x8004CA4C] <- 0x00000003


mem[X,0x8003A3B0] -> 0x0513
mem[X,0x8003A3B2] -> 0x0060
[5560] [M]: 0x8003A3B0 (0x00600513) addi a0, zero, 6
x10 <- 0x00000006


mem[X,0x8003A3B4] -> 0xB5B7
mem[X,0x8003A3B6] -> 0x0000
[5561] [M]: 0x8003A3B4 (0x0000B5B7) lui a1, 11
x11 <- 0x0000B000


mem[X,0x8003A3B8] -> 0x8593
mem[X,0x8003A3BA] -> 0x5055
[5562] [M]: 0x8003A3B8 (0x50558593) addi a1, a1, 1285
x11 <- 0x0000B505


mem[X,0x8003A3BC] -> 0x0213
mem[X,0x8003A3BE] -> 0x0000
[5563] [M]: 0x8003A3BC (0x00000213) addi tp, zero, 0
x4 <- 0x00000000


mem[X,0x8003A3C0] -> 0x006F
mem[X,0x8003A3C2] -> 0x00C0
[5564] [M]: 0x8003A3C0 (0x00C0006F) jal zero, 12


mem[X,0x8003A3CC] -> 0x6CE3
mem[X,0x8003A3CE] -> 0xFEB5
[5565] [M]: 0x8003A3CC (0xFEB56CE3) bltu a0, a1, 8184


mem[X,0x8003A3C4] -> 0x0213
mem[X,0x8003A3C6] -> 0x0012
[5566] [M]: 0x8003A3C4 (0x00120213) addi tp, tp, 1
x4 <- 0x00000001


mem[X,0x8003A3C8] -> 0x006F
mem[X,0x8003A3CA] -> 0x0180
[5567] [M]: 0x8003A3C8 (0x0180006F) jal zero, 24


mem[X,0x8003A3E0] -> 0xAE23
mem[X,0x8003A3E2] -> 0x0C40
[5568] [M]: 0x8003A3E0 (0x0C40AE23) sw tp, 220(ra)
mem[0x8004CA50] <- 0x00000001


mem[X,0x8003A3E4] -> 0x0513
mem[X,0x8003A3E6] -> 0x0060
[5569] [M]: 0x8003A3E4 (0x00600513) addi a0, zero, 6
x10 <- 0x00000006


mem[X,0x8003A3E8] -> 0x0593
mem[X,0x8003A3EA] -> 0x0010
[5570] [M]: 0x8003A3E8 (0x00100593) addi a1, zero, 1
x11 <- 0x00000001


mem[X,0x8003A3EC] -> 0x0213
mem[X,0x8003A3EE] -> 0x0000
[5571] [M]: 0x8003A3EC (0x00000213) addi tp, zero, 0
x4 <- 0x00000000


mem[X,0x8003A3F0] -> 0x006F
mem[X,0x8003A3F2] -> 0x00C0
[5572] [M]: 0x8003A3F0 (0x00C0006F) jal zero, 12


mem[X,0x8003A3FC] -> 0x6663
mem[X,0x8003A3FE] -> 0x00B5
[5573] [M]: 0x8003A3FC (0x00B56663) bltu a0, a1, 12


mem[X,0x8003A400] -> 0x0213
mem[X,0x8003A402] -> 0x0022
[5574] [M]: 0x8003A400 (0x00220213) addi tp, tp, 2
x4 <- 0x00000002


mem[X,0x8003A404] -> 0x006F
mem[X,0x8003A406] -> 0x00C0
[5575] [M]: 0x8003A404 (0x00C0006F) jal zero, 12


mem[X,0x8003A410] -> 0xA023
mem[X,0x8003A412] -> 0x0E40
[5576] [M]: 0x8003A410 (0x0E40A023) sw tp, 224(ra)
mem[0x8004CA54] <- 0x00000002


mem[X,0x8003A414] -> 0x0513
mem[X,0x8003A416] -> 0x0060
[5577] [M]: 0x8003A414 (0x00600513) addi a0, zero, 6
x10 <- 0x00000006


mem[X,0x8003A418] -> 0x05B7
mem[X,0x8003A41A] -> 0x0001
[5578] [M]: 0x8003A418 (0x000105B7) lui a1, 16
x11 <- 0x00010000


mem[X,0x8003A41C] -> 0x0213
mem[X,0x8003A41E] -> 0x0000
[5579] [M]: 0x8003A41C (0x00000213) addi tp, zero, 0
x4 <- 0x00000000


mem[X,0x8003A420] -> 0x006F
mem[X,0x8003A422] -> 0x00C0
[5580] [M]: 0x8003A420 (0x00C0006F) jal zero, 12


mem[X,0x8003A42C] -> 0x6CE3
mem[X,0x8003A42E] -> 0xFEB5
[5581] [M]: 0x8003A42C (0xFEB56CE3) bltu a0, a1, 8184


mem[X,0x8003A424] -> 0x0213
mem[X,0x8003A426] -> 0x0012
[5582] [M]: 0x8003A424 (0x00120213) addi tp, tp, 1
x4 <- 0x00000001


mem[X,0x8003A428] -> 0x006F
mem[X,0x8003A42A] -> 0x0180
[5583] [M]: 0x8003A428 (0x0180006F) jal zero, 24


mem[X,0x8003A440] -> 0xA223
mem[X,0x8003A442] -> 0x0E40
[5584] [M]: 0x8003A440 (0x0E40A223) sw tp, 228(ra)
mem[0x8004CA58] <- 0x00000001


mem[X,0x8003A444] -> 0x3537
mem[X,0x8003A446] -> 0x3333
[5585] [M]: 0x8003A444 (0x33333537) lui a0, 209715
x10 <- 0x33333000


mem[X,0x8003A448] -> 0x0513
mem[X,0x8003A44A] -> 0x3345
[5586] [M]: 0x8003A448 (0x33450513) addi a0, a0, 820
x10 <- 0x33333334


mem[X,0x8003A44C] -> 0x0593
mem[X,0x8003A44E] -> 0x0030
[5587] [M]: 0x8003A44C (0x00300593) addi a1, zero, 3
x11 <- 0x00000003


mem[X,0x8003A450] -> 0x0213
mem[X,0x8003A452] -> 0x0000
[5588] [M]: 0x8003A450 (0x00000213) addi tp, zero, 0
x4 <- 0x00000000


mem[X,0x8003A454] -> 0x006F
mem[X,0x8003A456] -> 0x00C0
[5589] [M]: 0x8003A454 (0x00C0006F) jal zero, 12


mem[X,0x8003A460] -> 0x6CE3
mem[X,0x8003A462] -> 0xFEB5
[5590] [M]: 0x8003A460 (0xFEB56CE3) bltu a0, a1, 8184


mem[X,0x8003A464] -> 0x0213
mem[X,0x8003A466] -> 0x0022
[5591] [M]: 0x8003A464 (0x00220213) addi tp, tp, 2
x4 <- 0x00000002


mem[X,0x8003A468] -> 0x006F
mem[X,0x8003A46A] -> 0x00C0
[5592] [M]: 0x8003A468 (0x00C0006F) jal zero, 12


mem[X,0x8003A474] -> 0xA423
mem[X,0x8003A476] -> 0x0E40
[5593] [M]: 0x8003A474 (0x0E40A423) sw tp, 232(ra)
mem[0x8004CA5C] <- 0x00000002


mem[X,0x8003A478] -> 0x3537
mem[X,0x8003A47A] -> 0x3333
[5594] [M]: 0x8003A478 (0x33333537) lui a0, 209715
x10 <- 0x33333000


mem[X,0x8003A47C] -> 0x0513
mem[X,0x8003A47E] -> 0x3345
[5595] [M]: 0x8003A47C (0x33450513) addi a0, a0, 820
x10 <- 0x33333334


mem[X,0x8003A480] -> 0xB5B7
mem[X,0x8003A482] -> 0xAAAA
[5596] [M]: 0x8003A480 (0xAAAAB5B7) lui a1, 699051
x11 <- 0xAAAAB000


mem[X,0x8003A484] -> 0x8593
mem[X,0x8003A486] -> 0xAAA5
[5597] [M]: 0x8003A484 (0xAAA58593) addi a1, a1, 2730
x11 <- 0xAAAAAAAA


mem[X,0x8003A488] -> 0x0213
mem[X,0x8003A48A] -> 0x0000
[5598] [M]: 0x8003A488 (0x00000213) addi tp, zero, 0
x4 <- 0x00000000


mem[X,0x8003A48C] -> 0x006F
mem[X,0x8003A48E] -> 0x0050
[5599] [M]: 0x8003A48C (0x0050006F) jal zero, 2052


clint::tick mtime <- 0x0000000000000038
 clint timer pending at mtime 0x0000000000000038
htif::tick 0x0000000000000000
mem[X,0x8003AC90] -> 0x60E3
mem[X,0x8003AC92] -> 0x80B5
[5600] [M]: 0x8003AC90 (0x80B560E3) bltu a0, a1, 6144


mem[X,0x8003A490] -> 0x0213
mem[X,0x8003A492] -> 0x0012
[5601] [M]: 0x8003A490 (0x00120213) addi tp, tp, 1
x4 <- 0x00000001


mem[X,0x8003A494] -> 0x006F
mem[X,0x8003A496] -> 0x0110
[5602] [M]: 0x8003A494 (0x0110006F) jal zero, 2064


mem[X,0x8003ACA4] -> 0xA623
mem[X,0x8003ACA6] -> 0x0E40
[5603] [M]: 0x8003ACA4 (0x0E40A623) sw tp, 236(ra)
mem[0x8004CA60] <- 0x00000001


mem[X,0x8003ACA8] -> 0x6537
mem[X,0x8003ACAA] -> 0x6666
[5604] [M]: 0x8003ACA8 (0x66666537) lui a0, 419430
x10 <- 0x66666000


mem[X,0x8003ACAC] -> 0x0513
mem[X,0x8003ACAE] -> 0x6655
[5605] [M]: 0x8003ACAC (0x66550513) addi a0, a0, 1637
x10 <- 0x66666665


mem[X,0x8003ACB0] -> 0xB5B7
mem[X,0x8003ACB2] -> 0xAAAA
[5606] [M]: 0x8003ACB0 (0xAAAAB5B7) lui a1, 699051
x11 <- 0xAAAAB000


mem[X,0x8003ACB4] -> 0x8593
mem[X,0x8003ACB6] -> 0xAAB5
[5607] [M]: 0x8003ACB4 (0xAAB58593) addi a1, a1, 2731
x11 <- 0xAAAAAAAB


mem[X,0x8003ACB8] -> 0x0213
mem[X,0x8003ACBA] -> 0x0000
[5608] [M]: 0x8003ACB8 (0x00000213) addi tp, zero, 0
x4 <- 0x00000000


mem[X,0x8003ACBC] -> 0x006F
mem[X,0x8003ACBE] -> 0x00C0
[5609] [M]: 0x8003ACBC (0x00C0006F) jal zero, 12


mem[X,0x8003ACC8] -> 0x6CE3
mem[X,0x8003ACCA] -> 0xFEB5
[5610] [M]: 0x8003ACC8 (0xFEB56CE3) bltu a0, a1, 8184


mem[X,0x8003ACC0] -> 0x0213
mem[X,0x8003ACC2] -> 0x0012
[5611] [M]: 0x8003ACC0 (0x00120213) addi tp, tp, 1
x4 <- 0x00000001


mem[X,0x8003ACC4] -> 0x006F
mem[X,0x8003ACC6] -> 0x0180
[5612] [M]: 0x8003ACC4 (0x0180006F) jal zero, 24


mem[X,0x8003ACDC] -> 0xA823
mem[X,0x8003ACDE] -> 0x0E40
[5613] [M]: 0x8003ACDC (0x0E40A823) sw tp, 240(ra)
mem[0x8004CA64] <- 0x00000001


mem[X,0x8003ACE0] -> 0x3537
mem[X,0x8003ACE2] -> 0x3333
[5614] [M]: 0x8003ACE0 (0x33333537) lui a0, 209715
x10 <- 0x33333000


mem[X,0x8003ACE4] -> 0x0513
mem[X,0x8003ACE6] -> 0x3345
[5615] [M]: 0x8003ACE4 (0x33450513) addi a0, a0, 820
x10 <- 0x33333334


mem[X,0x8003ACE8] -> 0x0593
mem[X,0x8003ACEA] -> 0x0050
[5616] [M]: 0x8003ACE8 (0x00500593) addi a1, zero, 5
x11 <- 0x00000005


mem[X,0x8003ACEC] -> 0x0213
mem[X,0x8003ACEE] -> 0x0000
[5617] [M]: 0x8003ACEC (0x00000213) addi tp, zero, 0
x4 <- 0x00000000


mem[X,0x8003ACF0] -> 0x006F
mem[X,0x8003ACF2] -> 0x00C0
[5618] [M]: 0x8003ACF0 (0x00C0006F) jal zero, 12


mem[X,0x8003ACFC] -> 0x6663
mem[X,0x8003ACFE] -> 0x00B5
[5619] [M]: 0x8003ACFC (0x00B56663) bltu a0, a1, 12


mem[X,0x8003AD00] -> 0x0213
mem[X,0x8003AD02] -> 0x0022
[5620] [M]: 0x8003AD00 (0x00220213) addi tp, tp, 2
x4 <- 0x00000002


mem[X,0x8003AD04] -> 0x006F
mem[X,0x8003AD06] -> 0x00C0
[5621] [M]: 0x8003AD04 (0x00C0006F) jal zero, 12


mem[X,0x8003AD10] -> 0xAA23
mem[X,0x8003AD12] -> 0x0E40
[5622] [M]: 0x8003AD10 (0x0E40AA23) sw tp, 244(ra)
mem[0x8004CA68] <- 0x00000002


mem[X,0x8003AD14] -> 0x3537
mem[X,0x8003AD16] -> 0x3333
[5623] [M]: 0x8003AD14 (0x33333537) lui a0, 209715
x10 <- 0x33333000


mem[X,0x8003AD18] -> 0x0513
mem[X,0x8003AD1A] -> 0x3345
[5624] [M]: 0x8003AD18 (0x33450513) addi a0, a0, 820
x10 <- 0x33333334


mem[X,0x8003AD1C] -> 0x35B7
mem[X,0x8003AD1E] -> 0x3333
[5625] [M]: 0x8003AD1C (0x333335B7) lui a1, 209715
x11 <- 0x33333000


mem[X,0x8003AD20] -> 0x8593
mem[X,0x8003AD22] -> 0x3335
[5626] [M]: 0x8003AD20 (0x33358593) addi a1, a1, 819
x11 <- 0x33333333


mem[X,0x8003AD24] -> 0x0213
mem[X,0x8003AD26] -> 0x0000
[5627] [M]: 0x8003AD24 (0x00000213) addi tp, zero, 0
x4 <- 0x00000000


mem[X,0x8003AD28] -> 0x006F
mem[X,0x8003AD2A] -> 0x00C0
[5628] [M]: 0x8003AD28 (0x00C0006F) jal zero, 12


mem[X,0x8003AD34] -> 0x6663
mem[X,0x8003AD36] -> 0x00B5
[5629] [M]: 0x8003AD34 (0x00B56663) bltu a0, a1, 12


mem[X,0x8003AD38] -> 0x0213
mem[X,0x8003AD3A] -> 0x0022
[5630] [M]: 0x8003AD38 (0x00220213) addi tp, tp, 2
x4 <- 0x00000002


mem[X,0x8003AD3C] -> 0x006F
mem[X,0x8003AD3E] -> 0x00C0
[5631] [M]: 0x8003AD3C (0x00C0006F) jal zero, 12


mem[X,0x8003AD48] -> 0xAC23
mem[X,0x8003AD4A] -> 0x0E40
[5632] [M]: 0x8003AD48 (0x0E40AC23) sw tp, 248(ra)
mem[0x8004CA6C] <- 0x00000002


mem[X,0x8003AD4C] -> 0x3537
mem[X,0x8003AD4E] -> 0x3333
[5633] [M]: 0x8003AD4C (0x33333537) lui a0, 209715
x10 <- 0x33333000


mem[X,0x8003AD50] -> 0x0513
mem[X,0x8003AD52] -> 0x3345
[5634] [M]: 0x8003AD50 (0x33450513) addi a0, a0, 820
x10 <- 0x33333334


mem[X,0x8003AD54] -> 0x65B7
mem[X,0x8003AD56] -> 0x6666
[5635] [M]: 0x8003AD54 (0x666665B7) lui a1, 419430
x11 <- 0x66666000


mem[X,0x8003AD58] -> 0x8593
mem[X,0x8003AD5A] -> 0x6665
[5636] [M]: 0x8003AD58 (0x66658593) addi a1, a1, 1638
x11 <- 0x66666666


mem[X,0x8003AD5C] -> 0x0213
mem[X,0x8003AD5E] -> 0x0000
[5637] [M]: 0x8003AD5C (0x00000213) addi tp, zero, 0
x4 <- 0x00000000


mem[X,0x8003AD60] -> 0x006F
mem[X,0x8003AD62] -> 0x00C0
[5638] [M]: 0x8003AD60 (0x00C0006F) jal zero, 12


mem[X,0x8003AD6C] -> 0x6CE3
mem[X,0x8003AD6E] -> 0xFEB5
[5639] [M]: 0x8003AD6C (0xFEB56CE3) bltu a0, a1, 8184


mem[X,0x8003AD64] -> 0x0213
mem[X,0x8003AD66] -> 0x0012
[5640] [M]: 0x8003AD64 (0x00120213) addi tp, tp, 1
x4 <- 0x00000001


mem[X,0x8003AD68] -> 0x006F
mem[X,0x8003AD6A] -> 0x0180
[5641] [M]: 0x8003AD68 (0x0180006F) jal zero, 24


mem[X,0x8003AD80] -> 0xAE23
mem[X,0x8003AD82] -> 0x0E40
[5642] [M]: 0x8003AD80 (0x0E40AE23) sw tp, 252(ra)
mem[0x8004CA70] <- 0x00000001


mem[X,0x8003AD84] -> 0x3537
mem[X,0x8003AD86] -> 0x3333
[5643] [M]: 0x8003AD84 (0x33333537) lui a0, 209715
x10 <- 0x33333000


mem[X,0x8003AD88] -> 0x0513
mem[X,0x8003AD8A] -> 0x3345
[5644] [M]: 0x8003AD88 (0x33450513) addi a0, a0, 820
x10 <- 0x33333334


mem[X,0x8003AD8C] -> 0xB5B7
mem[X,0x8003AD8E] -> 0x0000
[5645] [M]: 0x8003AD8C (0x0000B5B7) lui a1, 11
x11 <- 0x0000B000


mem[X,0x8003AD90] -> 0x8593
mem[X,0x8003AD92] -> 0x5045
[5646] [M]: 0x8003AD90 (0x50458593) addi a1, a1, 1284
x11 <- 0x0000B504


mem[X,0x8003AD94] -> 0x0213
mem[X,0x8003AD96] -> 0x0000
[5647] [M]: 0x8003AD94 (0x00000213) addi tp, zero, 0
x4 <- 0x00000000


mem[X,0x8003AD98] -> 0x006F
mem[X,0x8003AD9A] -> 0x00C0
[5648] [M]: 0x8003AD98 (0x00C0006F) jal zero, 12


mem[X,0x8003ADA4] -> 0x6663
mem[X,0x8003ADA6] -> 0x00B5
[5649] [M]: 0x8003ADA4 (0x00B56663) bltu a0, a1, 12


mem[X,0x8003ADA8] -> 0x0213
mem[X,0x8003ADAA] -> 0x0022
[5650] [M]: 0x8003ADA8 (0x00220213) addi tp, tp, 2
x4 <- 0x00000002


mem[X,0x8003ADAC] -> 0x006F
mem[X,0x8003ADAE] -> 0x00C0
[5651] [M]: 0x8003ADAC (0x00C0006F) jal zero, 12


mem[X,0x8003ADB8] -> 0xA023
mem[X,0x8003ADBA] -> 0x1040
[5652] [M]: 0x8003ADB8 (0x1040A023) sw tp, 256(ra)
mem[0x8004CA74] <- 0x00000002


mem[X,0x8003ADBC] -> 0x3537
mem[X,0x8003ADBE] -> 0x3333
[5653] [M]: 0x8003ADBC (0x33333537) lui a0, 209715
x10 <- 0x33333000


mem[X,0x8003ADC0] -> 0x0513
mem[X,0x8003ADC2] -> 0x3345
[5654] [M]: 0x8003ADC0 (0x33450513) addi a0, a0, 820
x10 <- 0x33333334


mem[X,0x8003ADC4] -> 0x0593
mem[X,0x8003ADC6] -> 0x0000
[5655] [M]: 0x8003ADC4 (0x00000593) addi a1, zero, 0
x11 <- 0x00000000


mem[X,0x8003ADC8] -> 0x0213
mem[X,0x8003ADCA] -> 0x0000
[5656] [M]: 0x8003ADC8 (0x00000213) addi tp, zero, 0
x4 <- 0x00000000


mem[X,0x8003ADCC] -> 0x006F
mem[X,0x8003ADCE] -> 0x00C0
[5657] [M]: 0x8003ADCC (0x00C0006F) jal zero, 12


mem[X,0x8003ADD8] -> 0x6663
mem[X,0x8003ADDA] -> 0x00B5
[5658] [M]: 0x8003ADD8 (0x00B56663) bltu a0, a1, 12


mem[X,0x8003ADDC] -> 0x0213
mem[X,0x8003ADDE] -> 0x0022
[5659] [M]: 0x8003ADDC (0x00220213) addi tp, tp, 2
x4 <- 0x00000002


mem[X,0x8003ADE0] -> 0x006F
mem[X,0x8003ADE2] -> 0x00C0
[5660] [M]: 0x8003ADE0 (0x00C0006F) jal zero, 12


mem[X,0x8003ADEC] -> 0xA223
mem[X,0x8003ADEE] -> 0x1040
[5661] [M]: 0x8003ADEC (0x1040A223) sw tp, 260(ra)
mem[0x8004CA78] <- 0x00000002


mem[X,0x8003ADF0] -> 0x3537
mem[X,0x8003ADF2] -> 0x3333
[5662] [M]: 0x8003ADF0 (0x33333537) lui a0, 209715
x10 <- 0x33333000


mem[X,0x8003ADF4] -> 0x0513
mem[X,0x8003ADF6] -> 0x3345
[5663] [M]: 0x8003ADF4 (0x33450513) addi a0, a0, 820
x10 <- 0x33333334


mem[X,0x8003ADF8] -> 0x05B7
mem[X,0x8003ADFA] -> 0x0001
[5664] [M]: 0x8003ADF8 (0x000105B7) lui a1, 16
x11 <- 0x00010000


mem[X,0x8003ADFC] -> 0x8593
mem[X,0x8003ADFE] -> 0xFFF5
[5665] [M]: 0x8003ADFC (0xFFF58593) addi a1, a1, 4095
x11 <- 0x0000FFFF


mem[X,0x8003AE00] -> 0x0213
mem[X,0x8003AE02] -> 0x0000
[5666] [M]: 0x8003AE00 (0x00000213) addi tp, zero, 0
x4 <- 0x00000000


mem[X,0x8003AE04] -> 0x006F
mem[X,0x8003AE06] -> 0x00C0
[5667] [M]: 0x8003AE04 (0x00C0006F) jal zero, 12


mem[X,0x8003AE10] -> 0x6CE3
mem[X,0x8003AE12] -> 0xFEB5
[5668] [M]: 0x8003AE10 (0xFEB56CE3) bltu a0, a1, 8184


mem[X,0x8003AE14] -> 0x0213
mem[X,0x8003AE16] -> 0x0022
[5669] [M]: 0x8003AE14 (0x00220213) addi tp, tp, 2
x4 <- 0x00000002


mem[X,0x8003AE18] -> 0x006F
mem[X,0x8003AE1A] -> 0x00C0
[5670] [M]: 0x8003AE18 (0x00C0006F) jal zero, 12


mem[X,0x8003AE24] -> 0xA423
mem[X,0x8003AE26] -> 0x1040
[5671] [M]: 0x8003AE24 (0x1040A423) sw tp, 264(ra)
mem[0x8004CA7C] <- 0x00000002


mem[X,0x8003AE28] -> 0x3537
mem[X,0x8003AE2A] -> 0x3333
[5672] [M]: 0x8003AE28 (0x33333537) lui a0, 209715
x10 <- 0x33333000


mem[X,0x8003AE2C] -> 0x0513
mem[X,0x8003AE2E] -> 0x3345
[5673] [M]: 0x8003AE2C (0x33450513) addi a0, a0, 820
x10 <- 0x33333334


mem[X,0x8003AE30] -> 0x0593
mem[X,0x8003AE32] -> 0x0020
[5674] [M]: 0x8003AE30 (0x00200593) addi a1, zero, 2
x11 <- 0x00000002


mem[X,0x8003AE34] -> 0x0213
mem[X,0x8003AE36] -> 0x0000
[5675] [M]: 0x8003AE34 (0x00000213) addi tp, zero, 0
x4 <- 0x00000000


mem[X,0x8003AE38] -> 0x006F
mem[X,0x8003AE3A] -> 0x00C0
[5676] [M]: 0x8003AE38 (0x00C0006F) jal zero, 12


mem[X,0x8003AE44] -> 0x6063
mem[X,0x8003AE46] -> 0x20B5
[5677] [M]: 0x8003AE44 (0x20B56063) bltu a0, a1, 512


mem[X,0x8003AE48] -> 0x0213
mem[X,0x8003AE4A] -> 0x0022
[5678] [M]: 0x8003AE48 (0x00220213) addi tp, tp, 2
x4 <- 0x00000002


mem[X,0x8003AE4C] -> 0x006F
mem[X,0x8003AE4E] -> 0x2000
[5679] [M]: 0x8003AE4C (0x2000006F) jal zero, 512


mem[X,0x8003B04C] -> 0xA623
mem[X,0x8003B04E] -> 0x1040
[5680] [M]: 0x8003B04C (0x1040A623) sw tp, 268(ra)
mem[0x8004CA80] <- 0x00000002


mem[X,0x8003B050] -> 0x3537
mem[X,0x8003B052] -> 0x3333
[5681] [M]: 0x8003B050 (0x33333537) lui a0, 209715
x10 <- 0x33333000


mem[X,0x8003B054] -> 0x0513
mem[X,0x8003B056] -> 0x3345
[5682] [M]: 0x8003B054 (0x33450513) addi a0, a0, 820
x10 <- 0x33333334


mem[X,0x8003B058] -> 0x55B7
mem[X,0x8003B05A] -> 0x5555
[5683] [M]: 0x8003B058 (0x555555B7) lui a1, 349525
x11 <- 0x55555000


mem[X,0x8003B05C] -> 0x8593
mem[X,0x8003B05E] -> 0x5545
[5684] [M]: 0x8003B05C (0x55458593) addi a1, a1, 1364
x11 <- 0x55555554


mem[X,0x8003B060] -> 0x0213
mem[X,0x8003B062] -> 0x0000
[5685] [M]: 0x8003B060 (0x00000213) addi tp, zero, 0
x4 <- 0x00000000


mem[X,0x8003B064] -> 0x006F
mem[X,0x8003B066] -> 0x00C0
[5686] [M]: 0x8003B064 (0x00C0006F) jal zero, 12


mem[X,0x8003B070] -> 0x6063
mem[X,0x8003B072] -> 0x20B5
[5687] [M]: 0x8003B070 (0x20B56063) bltu a0, a1, 512


mem[X,0x8003B270] -> 0x0213
mem[X,0x8003B272] -> 0x0032
[5688] [M]: 0x8003B270 (0x00320213) addi tp, tp, 3
x4 <- 0x00000003


mem[X,0x8003B274] -> 0x006F
mem[X,0x8003B276] -> 0x0040
[5689] [M]: 0x8003B274 (0x0040006F) jal zero, 4


mem[X,0x8003B278] -> 0xA823
mem[X,0x8003B27A] -> 0x1040
[5690] [M]: 0x8003B278 (0x1040A823) sw tp, 272(ra)
mem[0x8004CA84] <- 0x00000003


mem[X,0x8003B27C] -> 0x3537
mem[X,0x8003B27E] -> 0x3333
[5691] [M]: 0x8003B27C (0x33333537) lui a0, 209715
x10 <- 0x33333000


mem[X,0x8003B280] -> 0x0513
mem[X,0x8003B282] -> 0x3345
[5692] [M]: 0x8003B280 (0x33450513) addi a0, a0, 820
x10 <- 0x33333334


mem[X,0x8003B284] -> 0xB5B7
mem[X,0x8003B286] -> 0xAAAA
[5693] [M]: 0x8003B284 (0xAAAAB5B7) lui a1, 699051
x11 <- 0xAAAAB000


mem[X,0x8003B288] -> 0x8593
mem[X,0x8003B28A] -> 0xAA95
[5694] [M]: 0x8003B288 (0xAA958593) addi a1, a1, 2729
x11 <- 0xAAAAAAA9


mem[X,0x8003B28C] -> 0x0213
mem[X,0x8003B28E] -> 0x0000
[5695] [M]: 0x8003B28C (0x00000213) addi tp, zero, 0
x4 <- 0x00000000


mem[X,0x8003B290] -> 0x006F
mem[X,0x8003B292] -> 0x00C0
[5696] [M]: 0x8003B290 (0x00C0006F) jal zero, 12


mem[X,0x8003B29C] -> 0x6063
mem[X,0x8003B29E] -> 0x10B5
[5697] [M]: 0x8003B29C (0x10B56063) bltu a0, a1, 256


mem[X,0x8003B39C] -> 0x0213
mem[X,0x8003B39E] -> 0x0032
[5698] [M]: 0x8003B39C (0x00320213) addi tp, tp, 3
x4 <- 0x00000003


mem[X,0x8003B3A0] -> 0x006F
mem[X,0x8003B3A2] -> 0x0040
[5699] [M]: 0x8003B3A0 (0x0040006F) jal zero, 4


clint::tick mtime <- 0x0000000000000039
 clint timer pending at mtime 0x0000000000000039
htif::tick 0x0000000000000000
mem[X,0x8003B3A4] -> 0xAA23
mem[X,0x8003B3A6] -> 0x1040
[5700] [M]: 0x8003B3A4 (0x1040AA23) sw tp, 276(ra)
mem[0x8004CA88] <- 0x00000003


mem[X,0x8003B3A8] -> 0x3537
mem[X,0x8003B3AA] -> 0x3333
[5701] [M]: 0x8003B3A8 (0x33333537) lui a0, 209715
x10 <- 0x33333000


mem[X,0x8003B3AC] -> 0x0513
mem[X,0x8003B3AE] -> 0x3345
[5702] [M]: 0x8003B3AC (0x33450513) addi a0, a0, 820
x10 <- 0x33333334


mem[X,0x8003B3B0] -> 0x0593
mem[X,0x8003B3B2] -> 0x0040
[5703] [M]: 0x8003B3B0 (0x00400593) addi a1, zero, 4
x11 <- 0x00000004


mem[X,0x8003B3B4] -> 0x0213
mem[X,0x8003B3B6] -> 0x0000
[5704] [M]: 0x8003B3B4 (0x00000213) addi tp, zero, 0
x4 <- 0x00000000


mem[X,0x8003B3B8] -> 0x006F
mem[X,0x8003B3BA] -> 0x00C0
[5705] [M]: 0x8003B3B8 (0x00C0006F) jal zero, 12


mem[X,0x8003B3C4] -> 0x6663
mem[X,0x8003B3C6] -> 0x00B5
[5706] [M]: 0x8003B3C4 (0x00B56663) bltu a0, a1, 12


mem[X,0x8003B3C8] -> 0x0213
mem[X,0x8003B3CA] -> 0x0022
[5707] [M]: 0x8003B3C8 (0x00220213) addi tp, tp, 2
x4 <- 0x00000002


mem[X,0x8003B3CC] -> 0x006F
mem[X,0x8003B3CE] -> 0x00C0
[5708] [M]: 0x8003B3CC (0x00C0006F) jal zero, 12


mem[X,0x8003B3D8] -> 0xAC23
mem[X,0x8003B3DA] -> 0x1040
[5709] [M]: 0x8003B3D8 (0x1040AC23) sw tp, 280(ra)
mem[0x8004CA8C] <- 0x00000002


mem[X,0x8003B3DC] -> 0x3537
mem[X,0x8003B3DE] -> 0x3333
[5710] [M]: 0x8003B3DC (0x33333537) lui a0, 209715
x10 <- 0x33333000


mem[X,0x8003B3E0] -> 0x0513
mem[X,0x8003B3E2] -> 0x3345
[5711] [M]: 0x8003B3E0 (0x33450513) addi a0, a0, 820
x10 <- 0x33333334


mem[X,0x8003B3E4] -> 0x35B7
mem[X,0x8003B3E6] -> 0x3333
[5712] [M]: 0x8003B3E4 (0x333335B7) lui a1, 209715
x11 <- 0x33333000


mem[X,0x8003B3E8] -> 0x8593
mem[X,0x8003B3EA] -> 0x3325
[5713] [M]: 0x8003B3E8 (0x33258593) addi a1, a1, 818
x11 <- 0x33333332


mem[X,0x8003B3EC] -> 0x0213
mem[X,0x8003B3EE] -> 0x0000
[5714] [M]: 0x8003B3EC (0x00000213) addi tp, zero, 0
x4 <- 0x00000000


mem[X,0x8003B3F0] -> 0x006F
mem[X,0x8003B3F2] -> 0x00C0
[5715] [M]: 0x8003B3F0 (0x00C0006F) jal zero, 12


mem[X,0x8003B3FC] -> 0x6CE3
mem[X,0x8003B3FE] -> 0xFEB5
[5716] [M]: 0x8003B3FC (0xFEB56CE3) bltu a0, a1, 8184


mem[X,0x8003B400] -> 0x0213
mem[X,0x8003B402] -> 0x0022
[5717] [M]: 0x8003B400 (0x00220213) addi tp, tp, 2
x4 <- 0x00000002


mem[X,0x8003B404] -> 0x006F
mem[X,0x8003B406] -> 0x00C0
[5718] [M]: 0x8003B404 (0x00C0006F) jal zero, 12


mem[X,0x8003B410] -> 0xAE23
mem[X,0x8003B412] -> 0x1040
[5719] [M]: 0x8003B410 (0x1040AE23) sw tp, 284(ra)
mem[0x8004CA90] <- 0x00000002


mem[X,0x8003B414] -> 0x3537
mem[X,0x8003B416] -> 0x3333
[5720] [M]: 0x8003B414 (0x33333537) lui a0, 209715
x10 <- 0x33333000


mem[X,0x8003B418] -> 0x0513
mem[X,0x8003B41A] -> 0x3345
[5721] [M]: 0x8003B418 (0x33450513) addi a0, a0, 820
x10 <- 0x33333334


mem[X,0x8003B41C] -> 0x65B7
mem[X,0x8003B41E] -> 0x6666
[5722] [M]: 0x8003B41C (0x666665B7) lui a1, 419430
x11 <- 0x66666000


mem[X,0x8003B420] -> 0x8593
mem[X,0x8003B422] -> 0x6655
[5723] [M]: 0x8003B420 (0x66558593) addi a1, a1, 1637
x11 <- 0x66666665


mem[X,0x8003B424] -> 0x0213
mem[X,0x8003B426] -> 0x0000
[5724] [M]: 0x8003B424 (0x00000213) addi tp, zero, 0
x4 <- 0x00000000


mem[X,0x8003B428] -> 0x006F
mem[X,0x8003B42A] -> 0x00C0
[5725] [M]: 0x8003B428 (0x00C0006F) jal zero, 12


mem[X,0x8003B434] -> 0x6063
mem[X,0x8003B436] -> 0x20B5
[5726] [M]: 0x8003B434 (0x20B56063) bltu a0, a1, 512


mem[X,0x8003B634] -> 0x0213
mem[X,0x8003B636] -> 0x0032
[5727] [M]: 0x8003B634 (0x00320213) addi tp, tp, 3
x4 <- 0x00000003


mem[X,0x8003B638] -> 0x006F
mem[X,0x8003B63A] -> 0x0040
[5728] [M]: 0x8003B638 (0x0040006F) jal zero, 4


mem[X,0x8003B63C] -> 0xA023
mem[X,0x8003B63E] -> 0x1240
[5729] [M]: 0x8003B63C (0x1240A023) sw tp, 288(ra)
mem[0x8004CA94] <- 0x00000003


mem[X,0x8003B640] -> 0x3537
mem[X,0x8003B642] -> 0x3333
[5730] [M]: 0x8003B640 (0x33333537) lui a0, 209715
x10 <- 0x33333000


mem[X,0x8003B644] -> 0x0513
mem[X,0x8003B646] -> 0x3345
[5731] [M]: 0x8003B644 (0x33450513) addi a0, a0, 820
x10 <- 0x33333334


mem[X,0x8003B648] -> 0xB5B7
mem[X,0x8003B64A] -> 0x0000
[5732] [M]: 0x8003B648 (0x0000B5B7) lui a1, 11
x11 <- 0x0000B000


mem[X,0x8003B64C] -> 0x8593
mem[X,0x8003B64E] -> 0x5035
[5733] [M]: 0x8003B64C (0x50358593) addi a1, a1, 1283
x11 <- 0x0000B503


mem[X,0x8003B650] -> 0x0213
mem[X,0x8003B652] -> 0x0000
[5734] [M]: 0x8003B650 (0x00000213) addi tp, zero, 0
x4 <- 0x00000000


mem[X,0x8003B654] -> 0x006F
mem[X,0x8003B656] -> 0x00C0
[5735] [M]: 0x8003B654 (0x00C0006F) jal zero, 12


mem[X,0x8003B660] -> 0x6CE3
mem[X,0x8003B662] -> 0xFEB5
[5736] [M]: 0x8003B660 (0xFEB56CE3) bltu a0, a1, 8184


mem[X,0x8003B664] -> 0x0213
mem[X,0x8003B666] -> 0x0022
[5737] [M]: 0x8003B664 (0x00220213) addi tp, tp, 2
x4 <- 0x00000002


mem[X,0x8003B668] -> 0x006F
mem[X,0x8003B66A] -> 0x00C0
[5738] [M]: 0x8003B668 (0x00C0006F) jal zero, 12


mem[X,0x8003B674] -> 0xA223
mem[X,0x8003B676] -> 0x1240
[5739] [M]: 0x8003B674 (0x1240A223) sw tp, 292(ra)
mem[0x8004CA98] <- 0x00000002


mem[X,0x8003B678] -> 0x3537
mem[X,0x8003B67A] -> 0x3333
[5740] [M]: 0x8003B678 (0x33333537) lui a0, 209715
x10 <- 0x33333000


mem[X,0x8003B67C] -> 0x0513
mem[X,0x8003B67E] -> 0x3345
[5741] [M]: 0x8003B67C (0x33450513) addi a0, a0, 820
x10 <- 0x33333334


mem[X,0x8003B680] -> 0x05B7
mem[X,0x8003B682] -> 0x0001
[5742] [M]: 0x8003B680 (0x000105B7) lui a1, 16
x11 <- 0x00010000


mem[X,0x8003B684] -> 0x8593
mem[X,0x8003B686] -> 0xFFE5
[5743] [M]: 0x8003B684 (0xFFE58593) addi a1, a1, 4094
x11 <- 0x0000FFFE


mem[X,0x8003B688] -> 0x0213
mem[X,0x8003B68A] -> 0x0000
[5744] [M]: 0x8003B688 (0x00000213) addi tp, zero, 0
x4 <- 0x00000000


mem[X,0x8003B68C] -> 0x006F
mem[X,0x8003B68E] -> 0x00C0
[5745] [M]: 0x8003B68C (0x00C0006F) jal zero, 12


mem[X,0x8003B698] -> 0x6CE3
mem[X,0x8003B69A] -> 0xFEB5
[5746] [M]: 0x8003B698 (0xFEB56CE3) bltu a0, a1, 8184


mem[X,0x8003B69C] -> 0x0213
mem[X,0x8003B69E] -> 0x0022
[5747] [M]: 0x8003B69C (0x00220213) addi tp, tp, 2
x4 <- 0x00000002


mem[X,0x8003B6A0] -> 0x006F
mem[X,0x8003B6A2] -> 0x00C0
[5748] [M]: 0x8003B6A0 (0x00C0006F) jal zero, 12


mem[X,0x8003B6AC] -> 0xA423
mem[X,0x8003B6AE] -> 0x1240
[5749] [M]: 0x8003B6AC (0x1240A423) sw tp, 296(ra)
mem[0x8004CA9C] <- 0x00000002


mem[X,0x8003B6B0] -> 0x3537
mem[X,0x8003B6B2] -> 0x3333
[5750] [M]: 0x8003B6B0 (0x33333537) lui a0, 209715
x10 <- 0x33333000


mem[X,0x8003B6B4] -> 0x0513
mem[X,0x8003B6B6] -> 0x3345
[5751] [M]: 0x8003B6B4 (0x33450513) addi a0, a0, 820
x10 <- 0x33333334


mem[X,0x8003B6B8] -> 0x55B7
mem[X,0x8003B6BA] -> 0x5555
[5752] [M]: 0x8003B6B8 (0x555555B7) lui a1, 349525
x11 <- 0x55555000


mem[X,0x8003B6BC] -> 0x8593
mem[X,0x8003B6BE] -> 0x5565
[5753] [M]: 0x8003B6BC (0x55658593) addi a1, a1, 1366
x11 <- 0x55555556


mem[X,0x8003B6C0] -> 0x0213
mem[X,0x8003B6C2] -> 0x0000
[5754] [M]: 0x8003B6C0 (0x00000213) addi tp, zero, 0
x4 <- 0x00000000


mem[X,0x8003B6C4] -> 0x006F
mem[X,0x8003B6C6] -> 0x00C0
[5755] [M]: 0x8003B6C4 (0x00C0006F) jal zero, 12


mem[X,0x8003B6D0] -> 0x6663
mem[X,0x8003B6D2] -> 0x00B5
[5756] [M]: 0x8003B6D0 (0x00B56663) bltu a0, a1, 12


mem[X,0x8003B6DC] -> 0x0213
mem[X,0x8003B6DE] -> 0x0032
[5757] [M]: 0x8003B6DC (0x00320213) addi tp, tp, 3
x4 <- 0x00000003


mem[X,0x8003B6E0] -> 0x006F
mem[X,0x8003B6E2] -> 0x0040
[5758] [M]: 0x8003B6E0 (0x0040006F) jal zero, 4


mem[X,0x8003B6E4] -> 0xA623
mem[X,0x8003B6E6] -> 0x1240
[5759] [M]: 0x8003B6E4 (0x1240A623) sw tp, 300(ra)
mem[0x8004CAA0] <- 0x00000003


mem[X,0x8003B6E8] -> 0x3537
mem[X,0x8003B6EA] -> 0x3333
[5760] [M]: 0x8003B6E8 (0x33333537) lui a0, 209715
x10 <- 0x33333000


mem[X,0x8003B6EC] -> 0x0513
mem[X,0x8003B6EE] -> 0x3345
[5761] [M]: 0x8003B6EC (0x33450513) addi a0, a0, 820
x10 <- 0x33333334


mem[X,0x8003B6F0] -> 0xB5B7
mem[X,0x8003B6F2] -> 0xAAAA
[5762] [M]: 0x8003B6F0 (0xAAAAB5B7) lui a1, 699051
x11 <- 0xAAAAB000


mem[X,0x8003B6F4] -> 0x8593
mem[X,0x8003B6F6] -> 0xAAB5
[5763] [M]: 0x8003B6F4 (0xAAB58593) addi a1, a1, 2731
x11 <- 0xAAAAAAAB


mem[X,0x8003B6F8] -> 0x0213
mem[X,0x8003B6FA] -> 0x0000
[5764] [M]: 0x8003B6F8 (0x00000213) addi tp, zero, 0
x4 <- 0x00000000


mem[X,0x8003B6FC] -> 0x006F
mem[X,0x8003B6FE] -> 0x0050
[5765] [M]: 0x8003B6FC (0x0050006F) jal zero, 2052


mem[X,0x8003BF00] -> 0x60E3
mem[X,0x8003BF02] -> 0x80B5
[5766] [M]: 0x8003BF00 (0x80B560E3) bltu a0, a1, 6144


mem[X,0x8003B700] -> 0x0213
mem[X,0x8003B702] -> 0x0012
[5767] [M]: 0x8003B700 (0x00120213) addi tp, tp, 1
x4 <- 0x00000001


mem[X,0x8003B704] -> 0x006F
mem[X,0x8003B706] -> 0x0110
[5768] [M]: 0x8003B704 (0x0110006F) jal zero, 2064


mem[X,0x8003BF14] -> 0xA823
mem[X,0x8003BF16] -> 0x1240
[5769] [M]: 0x8003BF14 (0x1240A823) sw tp, 304(ra)
mem[0x8004CAA4] <- 0x00000001


mem[X,0x8003BF18] -> 0x3537
mem[X,0x8003BF1A] -> 0x3333
[5770] [M]: 0x8003BF18 (0x33333537) lui a0, 209715
x10 <- 0x33333000


mem[X,0x8003BF1C] -> 0x0513
mem[X,0x8003BF1E] -> 0x3345
[5771] [M]: 0x8003BF1C (0x33450513) addi a0, a0, 820
x10 <- 0x33333334


mem[X,0x8003BF20] -> 0x0593
mem[X,0x8003BF22] -> 0x0060
[5772] [M]: 0x8003BF20 (0x00600593) addi a1, zero, 6
x11 <- 0x00000006


mem[X,0x8003BF24] -> 0x0213
mem[X,0x8003BF26] -> 0x0000
[5773] [M]: 0x8003BF24 (0x00000213) addi tp, zero, 0
x4 <- 0x00000000


mem[X,0x8003BF28] -> 0x006F
mem[X,0x8003BF2A] -> 0x2B10
[5774] [M]: 0x8003BF28 (0x2B10006F) jal zero, 2736


mem[X,0x8003C9D8] -> 0x6A63
mem[X,0x8003C9DA] -> 0xD4B5
[5775] [M]: 0x8003C9D8 (0xD4B56A63) bltu a0, a1, 5460


mem[X,0x8003C9DC] -> 0x0213
mem[X,0x8003C9DE] -> 0x0022
[5776] [M]: 0x8003C9DC (0x00220213) addi tp, tp, 2
x4 <- 0x00000002


mem[X,0x8003C9E0] -> 0x006F
mem[X,0x8003C9E2] -> 0x00C0
[5777] [M]: 0x8003C9E0 (0x00C0006F) jal zero, 12


mem[X,0x8003C9EC] -> 0xAA23
mem[X,0x8003C9EE] -> 0x1240
[5778] [M]: 0x8003C9EC (0x1240AA23) sw tp, 308(ra)
mem[0x8004CAA8] <- 0x00000002


mem[X,0x8003C9F0] -> 0x3537
mem[X,0x8003C9F2] -> 0x3333
[5779] [M]: 0x8003C9F0 (0x33333537) lui a0, 209715
x10 <- 0x33333000


mem[X,0x8003C9F4] -> 0x0513
mem[X,0x8003C9F6] -> 0x3345
[5780] [M]: 0x8003C9F4 (0x33450513) addi a0, a0, 820
x10 <- 0x33333334


mem[X,0x8003C9F8] -> 0x35B7
mem[X,0x8003C9FA] -> 0x3333
[5781] [M]: 0x8003C9F8 (0x333335B7) lui a1, 209715
x11 <- 0x33333000


mem[X,0x8003C9FC] -> 0x8593
mem[X,0x8003C9FE] -> 0x3345
[5782] [M]: 0x8003C9FC (0x33458593) addi a1, a1, 820
x11 <- 0x33333334


mem[X,0x8003CA00] -> 0x0213
mem[X,0x8003CA02] -> 0x0000
[5783] [M]: 0x8003CA00 (0x00000213) addi tp, zero, 0
x4 <- 0x00000000


mem[X,0x8003CA04] -> 0x006F
mem[X,0x8003CA06] -> 0x00C0
[5784] [M]: 0x8003CA04 (0x00C0006F) jal zero, 12


mem[X,0x8003CA10] -> 0x6063
mem[X,0x8003CA12] -> 0x02B5
[5785] [M]: 0x8003CA10 (0x02B56063) bltu a0, a1, 32


mem[X,0x8003CA14] -> 0x0213
mem[X,0x8003CA16] -> 0x0022
[5786] [M]: 0x8003CA14 (0x00220213) addi tp, tp, 2
x4 <- 0x00000002


mem[X,0x8003CA18] -> 0x006F
mem[X,0x8003CA1A] -> 0x0200
[5787] [M]: 0x8003CA18 (0x0200006F) jal zero, 32


mem[X,0x8003CA38] -> 0xAC23
mem[X,0x8003CA3A] -> 0x1240
[5788] [M]: 0x8003CA38 (0x1240AC23) sw tp, 312(ra)
mem[0x8004CAAC] <- 0x00000002


mem[X,0x8003CA3C] -> 0x3537
mem[X,0x8003CA3E] -> 0x3333
[5789] [M]: 0x8003CA3C (0x33333537) lui a0, 209715
x10 <- 0x33333000


mem[X,0x8003CA40] -> 0x0513
mem[X,0x8003CA42] -> 0x3345
[5790] [M]: 0x8003CA40 (0x33450513) addi a0, a0, 820
x10 <- 0x33333334


mem[X,0x8003CA44] -> 0x65B7
mem[X,0x8003CA46] -> 0x6666
[5791] [M]: 0x8003CA44 (0x666665B7) lui a1, 419430
x11 <- 0x66666000


mem[X,0x8003CA48] -> 0x8593
mem[X,0x8003CA4A] -> 0x6675
[5792] [M]: 0x8003CA48 (0x66758593) addi a1, a1, 1639
x11 <- 0x66666667


mem[X,0x8003CA4C] -> 0x0213
mem[X,0x8003CA4E] -> 0x0000
[5793] [M]: 0x8003CA4C (0x00000213) addi tp, zero, 0
x4 <- 0x00000000


mem[X,0x8003CA50] -> 0x006F
mem[X,0x8003CA52] -> 0x00C0
[5794] [M]: 0x8003CA50 (0x00C0006F) jal zero, 12


mem[X,0x8003CA5C] -> 0x6CE3
mem[X,0x8003CA5E] -> 0xFEB5
[5795] [M]: 0x8003CA5C (0xFEB56CE3) bltu a0, a1, 8184


mem[X,0x8003CA54] -> 0x0213
mem[X,0x8003CA56] -> 0x0012
[5796] [M]: 0x8003CA54 (0x00120213) addi tp, tp, 1
x4 <- 0x00000001


mem[X,0x8003CA58] -> 0x006F
mem[X,0x8003CA5A] -> 0x0180
[5797] [M]: 0x8003CA58 (0x0180006F) jal zero, 24


mem[X,0x8003CA70] -> 0xAE23
mem[X,0x8003CA72] -> 0x1240
[5798] [M]: 0x8003CA70 (0x1240AE23) sw tp, 316(ra)
mem[0x8004CAB0] <- 0x00000001


mem[X,0x8003CA74] -> 0x3537
mem[X,0x8003CA76] -> 0x3333
[5799] [M]: 0x8003CA74 (0x33333537) lui a0, 209715
x10 <- 0x33333000


clint::tick mtime <- 0x000000000000003A
 clint timer pending at mtime 0x000000000000003A
htif::tick 0x0000000000000000
mem[X,0x8003CA78] -> 0x0513
mem[X,0x8003CA7A] -> 0x3345
[5800] [M]: 0x8003CA78 (0x33450513) addi a0, a0, 820
x10 <- 0x33333334


mem[X,0x8003CA7C] -> 0xB5B7
mem[X,0x8003CA7E] -> 0x0000
[5801] [M]: 0x8003CA7C (0x0000B5B7) lui a1, 11
x11 <- 0x0000B000


mem[X,0x8003CA80] -> 0x8593
mem[X,0x8003CA82] -> 0x5055
[5802] [M]: 0x8003CA80 (0x50558593) addi a1, a1, 1285
x11 <- 0x0000B505


mem[X,0x8003CA84] -> 0x0213
mem[X,0x8003CA86] -> 0x0000
[5803] [M]: 0x8003CA84 (0x00000213) addi tp, zero, 0
x4 <- 0x00000000


mem[X,0x8003CA88] -> 0x006F
mem[X,0x8003CA8A] -> 0x00C0
[5804] [M]: 0x8003CA88 (0x00C0006F) jal zero, 12


mem[X,0x8003CA94] -> 0x6663
mem[X,0x8003CA96] -> 0x00B5
[5805] [M]: 0x8003CA94 (0x00B56663) bltu a0, a1, 12


mem[X,0x8003CA98] -> 0x0213
mem[X,0x8003CA9A] -> 0x0022
[5806] [M]: 0x8003CA98 (0x00220213) addi tp, tp, 2
x4 <- 0x00000002


mem[X,0x8003CA9C] -> 0x006F
mem[X,0x8003CA9E] -> 0x00C0
[5807] [M]: 0x8003CA9C (0x00C0006F) jal zero, 12


mem[X,0x8003CAA8] -> 0xA023
mem[X,0x8003CAAA] -> 0x1440
[5808] [M]: 0x8003CAA8 (0x1440A023) sw tp, 320(ra)
mem[0x8004CAB4] <- 0x00000002


mem[X,0x8003CAAC] -> 0x3537
mem[X,0x8003CAAE] -> 0x3333
[5809] [M]: 0x8003CAAC (0x33333537) lui a0, 209715
x10 <- 0x33333000


mem[X,0x8003CAB0] -> 0x0513
mem[X,0x8003CAB2] -> 0x3345
[5810] [M]: 0x8003CAB0 (0x33450513) addi a0, a0, 820
x10 <- 0x33333334


mem[X,0x8003CAB4] -> 0x0593
mem[X,0x8003CAB6] -> 0x0010
[5811] [M]: 0x8003CAB4 (0x00100593) addi a1, zero, 1
x11 <- 0x00000001


mem[X,0x8003CAB8] -> 0x0213
mem[X,0x8003CABA] -> 0x0000
[5812] [M]: 0x8003CAB8 (0x00000213) addi tp, zero, 0
x4 <- 0x00000000


mem[X,0x8003CABC] -> 0x006F
mem[X,0x8003CABE] -> 0x00C0
[5813] [M]: 0x8003CABC (0x00C0006F) jal zero, 12


mem[X,0x8003CAC8] -> 0x6063
mem[X,0x8003CACA] -> 0x02B5
[5814] [M]: 0x8003CAC8 (0x02B56063) bltu a0, a1, 32


mem[X,0x8003CACC] -> 0x0213
mem[X,0x8003CACE] -> 0x0022
[5815] [M]: 0x8003CACC (0x00220213) addi tp, tp, 2
x4 <- 0x00000002


mem[X,0x8003CAD0] -> 0x006F
mem[X,0x8003CAD2] -> 0x0200
[5816] [M]: 0x8003CAD0 (0x0200006F) jal zero, 32


mem[X,0x8003CAF0] -> 0xA223
mem[X,0x8003CAF2] -> 0x1440
[5817] [M]: 0x8003CAF0 (0x1440A223) sw tp, 324(ra)
mem[0x8004CAB8] <- 0x00000002


mem[X,0x8003CAF4] -> 0x3537
mem[X,0x8003CAF6] -> 0x3333
[5818] [M]: 0x8003CAF4 (0x33333537) lui a0, 209715
x10 <- 0x33333000


mem[X,0x8003CAF8] -> 0x0513
mem[X,0x8003CAFA] -> 0x3345
[5819] [M]: 0x8003CAF8 (0x33450513) addi a0, a0, 820
x10 <- 0x33333334


mem[X,0x8003CAFC] -> 0x05B7
mem[X,0x8003CAFE] -> 0x0001
[5820] [M]: 0x8003CAFC (0x000105B7) lui a1, 16
x11 <- 0x00010000


mem[X,0x8003CB00] -> 0x0213
mem[X,0x8003CB02] -> 0x0000
[5821] [M]: 0x8003CB00 (0x00000213) addi tp, zero, 0
x4 <- 0x00000000


mem[X,0x8003CB04] -> 0x006F
mem[X,0x8003CB06] -> 0x00C0
[5822] [M]: 0x8003CB04 (0x00C0006F) jal zero, 12


mem[X,0x8003CB10] -> 0x6863
mem[X,0x8003CB12] -> 0x00B5
[5823] [M]: 0x8003CB10 (0x00B56863) bltu a0, a1, 16


mem[X,0x8003CB14] -> 0x0213
mem[X,0x8003CB16] -> 0x0022
[5824] [M]: 0x8003CB14 (0x00220213) addi tp, tp, 2
x4 <- 0x00000002


mem[X,0x8003CB18] -> 0x006F
mem[X,0x8003CB1A] -> 0x0100
[5825] [M]: 0x8003CB18 (0x0100006F) jal zero, 16


mem[X,0x8003CB28] -> 0xA423
mem[X,0x8003CB2A] -> 0x1440
[5826] [M]: 0x8003CB28 (0x1440A423) sw tp, 328(ra)
mem[0x8004CABC] <- 0x00000002


mem[X,0x8003CB2C] -> 0x6537
mem[X,0x8003CB2E] -> 0x6666
[5827] [M]: 0x8003CB2C (0x66666537) lui a0, 419430
x10 <- 0x66666000


mem[X,0x8003CB30] -> 0x0513
mem[X,0x8003CB32] -> 0x6675
[5828] [M]: 0x8003CB30 (0x66750513) addi a0, a0, 1639
x10 <- 0x66666667


mem[X,0x8003CB34] -> 0x0593
mem[X,0x8003CB36] -> 0x0030
[5829] [M]: 0x8003CB34 (0x00300593) addi a1, zero, 3
x11 <- 0x00000003


mem[X,0x8003CB38] -> 0x0213
mem[X,0x8003CB3A] -> 0x0000
[5830] [M]: 0x8003CB38 (0x00000213) addi tp, zero, 0
x4 <- 0x00000000


mem[X,0x8003CB3C] -> 0x006F
mem[X,0x8003CB3E] -> 0x00C0
[5831] [M]: 0x8003CB3C (0x00C0006F) jal zero, 12


mem[X,0x8003CB48] -> 0x6CE3
mem[X,0x8003CB4A] -> 0xFEB5
[5832] [M]: 0x8003CB48 (0xFEB56CE3) bltu a0, a1, 8184


mem[X,0x8003CB4C] -> 0x0213
mem[X,0x8003CB4E] -> 0x0022
[5833] [M]: 0x8003CB4C (0x00220213) addi tp, tp, 2
x4 <- 0x00000002


mem[X,0x8003CB50] -> 0x006F
mem[X,0x8003CB52] -> 0x00C0
[5834] [M]: 0x8003CB50 (0x00C0006F) jal zero, 12


mem[X,0x8003CB5C] -> 0xA623
mem[X,0x8003CB5E] -> 0x1440
[5835] [M]: 0x8003CB5C (0x1440A623) sw tp, 332(ra)
mem[0x8004CAC0] <- 0x00000002


mem[X,0x8003CB60] -> 0x6537
mem[X,0x8003CB62] -> 0x6666
[5836] [M]: 0x8003CB60 (0x66666537) lui a0, 419430
x10 <- 0x66666000


mem[X,0x8003CB64] -> 0x0513
mem[X,0x8003CB66] -> 0x6675
[5837] [M]: 0x8003CB64 (0x66750513) addi a0, a0, 1639
x10 <- 0x66666667


mem[X,0x8003CB68] -> 0x55B7
mem[X,0x8003CB6A] -> 0x5555
[5838] [M]: 0x8003CB68 (0x555555B7) lui a1, 349525
x11 <- 0x55555000


mem[X,0x8003CB6C] -> 0x8593
mem[X,0x8003CB6E] -> 0x5555
[5839] [M]: 0x8003CB6C (0x55558593) addi a1, a1, 1365
x11 <- 0x55555555


mem[X,0x8003CB70] -> 0x0213
mem[X,0x8003CB72] -> 0x0000
[5840] [M]: 0x8003CB70 (0x00000213) addi tp, zero, 0
x4 <- 0x00000000


mem[X,0x8003CB74] -> 0x006F
mem[X,0x8003CB76] -> 0x00C0
[5841] [M]: 0x8003CB74 (0x00C0006F) jal zero, 12


mem[X,0x8003CB80] -> 0x6063
mem[X,0x8003CB82] -> 0x04B5
[5842] [M]: 0x8003CB80 (0x04B56063) bltu a0, a1, 64


mem[X,0x8003CB84] -> 0x0213
mem[X,0x8003CB86] -> 0x0022
[5843] [M]: 0x8003CB84 (0x00220213) addi tp, tp, 2
x4 <- 0x00000002


mem[X,0x8003CB88] -> 0x006F
mem[X,0x8003CB8A] -> 0x0400
[5844] [M]: 0x8003CB88 (0x0400006F) jal zero, 64


mem[X,0x8003CBC8] -> 0xA823
mem[X,0x8003CBCA] -> 0x1440
[5845] [M]: 0x8003CBC8 (0x1440A823) sw tp, 336(ra)
mem[0x8004CAC4] <- 0x00000002


mem[X,0x8003CBCC] -> 0x6537
mem[X,0x8003CBCE] -> 0x6666
[5846] [M]: 0x8003CBCC (0x66666537) lui a0, 419430
x10 <- 0x66666000


mem[X,0x8003CBD0] -> 0x0513
mem[X,0x8003CBD2] -> 0x6675
[5847] [M]: 0x8003CBD0 (0x66750513) addi a0, a0, 1639
x10 <- 0x66666667


mem[X,0x8003CBD4] -> 0xB5B7
mem[X,0x8003CBD6] -> 0xAAAA
[5848] [M]: 0x8003CBD4 (0xAAAAB5B7) lui a1, 699051
x11 <- 0xAAAAB000


mem[X,0x8003CBD8] -> 0x8593
mem[X,0x8003CBDA] -> 0xAAA5
[5849] [M]: 0x8003CBD8 (0xAAA58593) addi a1, a1, 2730
x11 <- 0xAAAAAAAA


mem[X,0x8003CBDC] -> 0x0213
mem[X,0x8003CBDE] -> 0x0000
[5850] [M]: 0x8003CBDC (0x00000213) addi tp, zero, 0
x4 <- 0x00000000


mem[X,0x8003CBE0] -> 0x006F
mem[X,0x8003CBE2] -> 0x00C0
[5851] [M]: 0x8003CBE0 (0x00C0006F) jal zero, 12


mem[X,0x8003CBEC] -> 0x6063
mem[X,0x8003CBEE] -> 0x10B5
[5852] [M]: 0x8003CBEC (0x10B56063) bltu a0, a1, 256


mem[X,0x8003CCEC] -> 0x0213
mem[X,0x8003CCEE] -> 0x0032
[5853] [M]: 0x8003CCEC (0x00320213) addi tp, tp, 3
x4 <- 0x00000003


mem[X,0x8003CCF0] -> 0x006F
mem[X,0x8003CCF2] -> 0x0040
[5854] [M]: 0x8003CCF0 (0x0040006F) jal zero, 4


mem[X,0x8003CCF4] -> 0xAA23
mem[X,0x8003CCF6] -> 0x1440
[5855] [M]: 0x8003CCF4 (0x1440AA23) sw tp, 340(ra)
mem[0x8004CAC8] <- 0x00000003


mem[X,0x8003CCF8] -> 0x6537
mem[X,0x8003CCFA] -> 0x6666
[5856] [M]: 0x8003CCF8 (0x66666537) lui a0, 419430
x10 <- 0x66666000


mem[X,0x8003CCFC] -> 0x0513
mem[X,0x8003CCFE] -> 0x6675
[5857] [M]: 0x8003CCFC (0x66750513) addi a0, a0, 1639
x10 <- 0x66666667


mem[X,0x8003CD00] -> 0x0593
mem[X,0x8003CD02] -> 0x0050
[5858] [M]: 0x8003CD00 (0x00500593) addi a1, zero, 5
x11 <- 0x00000005


mem[X,0x8003CD04] -> 0x0213
mem[X,0x8003CD06] -> 0x0000
[5859] [M]: 0x8003CD04 (0x00000213) addi tp, zero, 0
x4 <- 0x00000000


mem[X,0x8003CD08] -> 0x006F
mem[X,0x8003CD0A] -> 0x0050
[5860] [M]: 0x8003CD08 (0x0050006F) jal zero, 2052


mem[X,0x8003D50C] -> 0x60E3
mem[X,0x8003D50E] -> 0x80B5
[5861] [M]: 0x8003D50C (0x80B560E3) bltu a0, a1, 6144


mem[X,0x8003D510] -> 0x0213
mem[X,0x8003D512] -> 0x0022
[5862] [M]: 0x8003D510 (0x00220213) addi tp, tp, 2
x4 <- 0x00000002


mem[X,0x8003D514] -> 0x006F
mem[X,0x8003D516] -> 0x00C0
[5863] [M]: 0x8003D514 (0x00C0006F) jal zero, 12


mem[X,0x8003D520] -> 0xAC23
mem[X,0x8003D522] -> 0x1440
[5864] [M]: 0x8003D520 (0x1440AC23) sw tp, 344(ra)
mem[0x8004CACC] <- 0x00000002


mem[X,0x8003D524] -> 0x6537
mem[X,0x8003D526] -> 0x6666
[5865] [M]: 0x8003D524 (0x66666537) lui a0, 419430
x10 <- 0x66666000


mem[X,0x8003D528] -> 0x0513
mem[X,0x8003D52A] -> 0x6675
[5866] [M]: 0x8003D528 (0x66750513) addi a0, a0, 1639
x10 <- 0x66666667


mem[X,0x8003D52C] -> 0x35B7
mem[X,0x8003D52E] -> 0x3333
[5867] [M]: 0x8003D52C (0x333335B7) lui a1, 209715
x11 <- 0x33333000


mem[X,0x8003D530] -> 0x8593
mem[X,0x8003D532] -> 0x3335
[5868] [M]: 0x8003D530 (0x33358593) addi a1, a1, 819
x11 <- 0x33333333


mem[X,0x8003D534] -> 0x0213
mem[X,0x8003D536] -> 0x0000
[5869] [M]: 0x8003D534 (0x00000213) addi tp, zero, 0
x4 <- 0x00000000


mem[X,0x8003D538] -> 0x006F
mem[X,0x8003D53A] -> 0x00C0
[5870] [M]: 0x8003D538 (0x00C0006F) jal zero, 12


mem[X,0x8003D544] -> 0x6663
mem[X,0x8003D546] -> 0x00B5
[5871] [M]: 0x8003D544 (0x00B56663) bltu a0, a1, 12


mem[X,0x8003D548] -> 0x0213
mem[X,0x8003D54A] -> 0x0022
[5872] [M]: 0x8003D548 (0x00220213) addi tp, tp, 2
x4 <- 0x00000002


mem[X,0x8003D54C] -> 0x006F
mem[X,0x8003D54E] -> 0x00C0
[5873] [M]: 0x8003D54C (0x00C0006F) jal zero, 12


mem[X,0x8003D558] -> 0xAE23
mem[X,0x8003D55A] -> 0x1440
[5874] [M]: 0x8003D558 (0x1440AE23) sw tp, 348(ra)
mem[0x8004CAD0] <- 0x00000002


mem[X,0x8003D55C] -> 0x6537
mem[X,0x8003D55E] -> 0x6666
[5875] [M]: 0x8003D55C (0x66666537) lui a0, 419430
x10 <- 0x66666000


mem[X,0x8003D560] -> 0x0513
mem[X,0x8003D562] -> 0x6675
[5876] [M]: 0x8003D560 (0x66750513) addi a0, a0, 1639
x10 <- 0x66666667


mem[X,0x8003D564] -> 0x65B7
mem[X,0x8003D566] -> 0x6666
[5877] [M]: 0x8003D564 (0x666665B7) lui a1, 419430
x11 <- 0x66666000


mem[X,0x8003D568] -> 0x8593
mem[X,0x8003D56A] -> 0x6665
[5878] [M]: 0x8003D568 (0x66658593) addi a1, a1, 1638
x11 <- 0x66666666


mem[X,0x8003D56C] -> 0x0213
mem[X,0x8003D56E] -> 0x0000
[5879] [M]: 0x8003D56C (0x00000213) addi tp, zero, 0
x4 <- 0x00000000


mem[X,0x8003D570] -> 0x006F
mem[X,0x8003D572] -> 0x00C0
[5880] [M]: 0x8003D570 (0x00C0006F) jal zero, 12


mem[X,0x8003D57C] -> 0x6663
mem[X,0x8003D57E] -> 0x00B5
[5881] [M]: 0x8003D57C (0x00B56663) bltu a0, a1, 12


mem[X,0x8003D580] -> 0x0213
mem[X,0x8003D582] -> 0x0022
[5882] [M]: 0x8003D580 (0x00220213) addi tp, tp, 2
x4 <- 0x00000002


mem[X,0x8003D584] -> 0x006F
mem[X,0x8003D586] -> 0x00C0
[5883] [M]: 0x8003D584 (0x00C0006F) jal zero, 12


mem[X,0x8003D590] -> 0xA023
mem[X,0x8003D592] -> 0x1640
[5884] [M]: 0x8003D590 (0x1640A023) sw tp, 352(ra)
mem[0x8004CAD4] <- 0x00000002


mem[X,0x8003D594] -> 0x6537
mem[X,0x8003D596] -> 0x6666
[5885] [M]: 0x8003D594 (0x66666537) lui a0, 419430
x10 <- 0x66666000


mem[X,0x8003D598] -> 0x0513
mem[X,0x8003D59A] -> 0x6675
[5886] [M]: 0x8003D598 (0x66750513) addi a0, a0, 1639
x10 <- 0x66666667


mem[X,0x8003D59C] -> 0xB5B7
mem[X,0x8003D59E] -> 0x0000
[5887] [M]: 0x8003D59C (0x0000B5B7) lui a1, 11
x11 <- 0x0000B000


mem[X,0x8003D5A0] -> 0x8593
mem[X,0x8003D5A2] -> 0x5045
[5888] [M]: 0x8003D5A0 (0x50458593) addi a1, a1, 1284
x11 <- 0x0000B504


mem[X,0x8003D5A4] -> 0x0213
mem[X,0x8003D5A6] -> 0x0000
[5889] [M]: 0x8003D5A4 (0x00000213) addi tp, zero, 0
x4 <- 0x00000000


mem[X,0x8003D5A8] -> 0x006F
mem[X,0x8003D5AA] -> 0x00C0
[5890] [M]: 0x8003D5A8 (0x00C0006F) jal zero, 12


mem[X,0x8003D5B4] -> 0x6063
mem[X,0x8003D5B6] -> 0x08B5
[5891] [M]: 0x8003D5B4 (0x08B56063) bltu a0, a1, 128


mem[X,0x8003D5B8] -> 0x0213
mem[X,0x8003D5BA] -> 0x0022
[5892] [M]: 0x8003D5B8 (0x00220213) addi tp, tp, 2
x4 <- 0x00000002


mem[X,0x8003D5BC] -> 0x006F
mem[X,0x8003D5BE] -> 0x0800
[5893] [M]: 0x8003D5BC (0x0800006F) jal zero, 128


mem[X,0x8003D63C] -> 0xA223
mem[X,0x8003D63E] -> 0x1640
[5894] [M]: 0x8003D63C (0x1640A223) sw tp, 356(ra)
mem[0x8004CAD8] <- 0x00000002


mem[X,0x8003D640] -> 0x6537
mem[X,0x8003D642] -> 0x6666
[5895] [M]: 0x8003D640 (0x66666537) lui a0, 419430
x10 <- 0x66666000


mem[X,0x8003D644] -> 0x0513
mem[X,0x8003D646] -> 0x6675
[5896] [M]: 0x8003D644 (0x66750513) addi a0, a0, 1639
x10 <- 0x66666667


mem[X,0x8003D648] -> 0x0593
mem[X,0x8003D64A] -> 0x0000
[5897] [M]: 0x8003D648 (0x00000593) addi a1, zero, 0
x11 <- 0x00000000


mem[X,0x8003D64C] -> 0x0213
mem[X,0x8003D64E] -> 0x0000
[5898] [M]: 0x8003D64C (0x00000213) addi tp, zero, 0
x4 <- 0x00000000


mem[X,0x8003D650] -> 0x006F
mem[X,0x8003D652] -> 0x0050
[5899] [M]: 0x8003D650 (0x0050006F) jal zero, 2052


clint::tick mtime <- 0x000000000000003B
 clint timer pending at mtime 0x000000000000003B
htif::tick 0x0000000000000000
mem[X,0x8003DE54] -> 0x60E3
mem[X,0x8003DE56] -> 0x80B5
[5900] [M]: 0x8003DE54 (0x80B560E3) bltu a0, a1, 6144


mem[X,0x8003DE58] -> 0x0213
mem[X,0x8003DE5A] -> 0x0022
[5901] [M]: 0x8003DE58 (0x00220213) addi tp, tp, 2
x4 <- 0x00000002


mem[X,0x8003DE5C] -> 0x006F
mem[X,0x8003DE5E] -> 0x00C0
[5902] [M]: 0x8003DE5C (0x00C0006F) jal zero, 12


mem[X,0x8003DE68] -> 0xA423
mem[X,0x8003DE6A] -> 0x1640
[5903] [M]: 0x8003DE68 (0x1640A423) sw tp, 360(ra)
mem[0x8004CADC] <- 0x00000002


mem[X,0x8003DE6C] -> 0x6537
mem[X,0x8003DE6E] -> 0x6666
[5904] [M]: 0x8003DE6C (0x66666537) lui a0, 419430
x10 <- 0x66666000


mem[X,0x8003DE70] -> 0x0513
mem[X,0x8003DE72] -> 0x6675
[5905] [M]: 0x8003DE70 (0x66750513) addi a0, a0, 1639
x10 <- 0x66666667


mem[X,0x8003DE74] -> 0x05B7
mem[X,0x8003DE76] -> 0x0001
[5906] [M]: 0x8003DE74 (0x000105B7) lui a1, 16
x11 <- 0x00010000


mem[X,0x8003DE78] -> 0x8593
mem[X,0x8003DE7A] -> 0xFFF5
[5907] [M]: 0x8003DE78 (0xFFF58593) addi a1, a1, 4095
x11 <- 0x0000FFFF


mem[X,0x8003DE7C] -> 0x0213
mem[X,0x8003DE7E] -> 0x0000
[5908] [M]: 0x8003DE7C (0x00000213) addi tp, zero, 0
x4 <- 0x00000000


mem[X,0x8003DE80] -> 0x006F
mem[X,0x8003DE82] -> 0x00C0
[5909] [M]: 0x8003DE80 (0x00C0006F) jal zero, 12


mem[X,0x8003DE8C] -> 0x6863
mem[X,0x8003DE8E] -> 0x00B5
[5910] [M]: 0x8003DE8C (0x00B56863) bltu a0, a1, 16


mem[X,0x8003DE90] -> 0x0213
mem[X,0x8003DE92] -> 0x0022
[5911] [M]: 0x8003DE90 (0x00220213) addi tp, tp, 2
x4 <- 0x00000002


mem[X,0x8003DE94] -> 0x006F
mem[X,0x8003DE96] -> 0x0100
[5912] [M]: 0x8003DE94 (0x0100006F) jal zero, 16


mem[X,0x8003DEA4] -> 0xA623
mem[X,0x8003DEA6] -> 0x1640
[5913] [M]: 0x8003DEA4 (0x1640A623) sw tp, 364(ra)
mem[0x8004CAE0] <- 0x00000002


mem[X,0x8003DEA8] -> 0x6537
mem[X,0x8003DEAA] -> 0x6666
[5914] [M]: 0x8003DEA8 (0x66666537) lui a0, 419430
x10 <- 0x66666000


mem[X,0x8003DEAC] -> 0x0513
mem[X,0x8003DEAE] -> 0x6675
[5915] [M]: 0x8003DEAC (0x66750513) addi a0, a0, 1639
x10 <- 0x66666667


mem[X,0x8003DEB0] -> 0x0593
mem[X,0x8003DEB2] -> 0x0020
[5916] [M]: 0x8003DEB0 (0x00200593) addi a1, zero, 2
x11 <- 0x00000002


mem[X,0x8003DEB4] -> 0x0213
mem[X,0x8003DEB6] -> 0x0000
[5917] [M]: 0x8003DEB4 (0x00000213) addi tp, zero, 0
x4 <- 0x00000000


mem[X,0x8003DEB8] -> 0x006F
mem[X,0x8003DEBA] -> 0x00C0
[5918] [M]: 0x8003DEB8 (0x00C0006F) jal zero, 12


mem[X,0x8003DEC4] -> 0x6663
mem[X,0x8003DEC6] -> 0x00B5
[5919] [M]: 0x8003DEC4 (0x00B56663) bltu a0, a1, 12


mem[X,0x8003DEC8] -> 0x0213
mem[X,0x8003DECA] -> 0x0022
[5920] [M]: 0x8003DEC8 (0x00220213) addi tp, tp, 2
x4 <- 0x00000002


mem[X,0x8003DECC] -> 0x006F
mem[X,0x8003DECE] -> 0x00C0
[5921] [M]: 0x8003DECC (0x00C0006F) jal zero, 12


mem[X,0x8003DED8] -> 0xA823
mem[X,0x8003DEDA] -> 0x1640
[5922] [M]: 0x8003DED8 (0x1640A823) sw tp, 368(ra)
mem[0x8004CAE4] <- 0x00000002


mem[X,0x8003DEDC] -> 0x6537
mem[X,0x8003DEDE] -> 0x6666
[5923] [M]: 0x8003DEDC (0x66666537) lui a0, 419430
x10 <- 0x66666000


mem[X,0x8003DEE0] -> 0x0513
mem[X,0x8003DEE2] -> 0x6675
[5924] [M]: 0x8003DEE0 (0x66750513) addi a0, a0, 1639
x10 <- 0x66666667


mem[X,0x8003DEE4] -> 0x55B7
mem[X,0x8003DEE6] -> 0x5555
[5925] [M]: 0x8003DEE4 (0x555555B7) lui a1, 349525
x11 <- 0x55555000


mem[X,0x8003DEE8] -> 0x8593
mem[X,0x8003DEEA] -> 0x5545
[5926] [M]: 0x8003DEE8 (0x55458593) addi a1, a1, 1364
x11 <- 0x55555554


mem[X,0x8003DEEC] -> 0x0213
mem[X,0x8003DEEE] -> 0x0000
[5927] [M]: 0x8003DEEC (0x00000213) addi tp, zero, 0
x4 <- 0x00000000


mem[X,0x8003DEF0] -> 0x006F
mem[X,0x8003DEF2] -> 0x00C0
[5928] [M]: 0x8003DEF0 (0x00C0006F) jal zero, 12


mem[X,0x8003DEFC] -> 0x6663
mem[X,0x8003DEFE] -> 0x00B5
[5929] [M]: 0x8003DEFC (0x00B56663) bltu a0, a1, 12


mem[X,0x8003DF00] -> 0x0213
mem[X,0x8003DF02] -> 0x0022
[5930] [M]: 0x8003DF00 (0x00220213) addi tp, tp, 2
x4 <- 0x00000002


mem[X,0x8003DF04] -> 0x006F
mem[X,0x8003DF06] -> 0x00C0
[5931] [M]: 0x8003DF04 (0x00C0006F) jal zero, 12


mem[X,0x8003DF10] -> 0xAA23
mem[X,0x8003DF12] -> 0x1640
[5932] [M]: 0x8003DF10 (0x1640AA23) sw tp, 372(ra)
mem[0x8004CAE8] <- 0x00000002


mem[X,0x8003DF14] -> 0x6537
mem[X,0x8003DF16] -> 0x6666
[5933] [M]: 0x8003DF14 (0x66666537) lui a0, 419430
x10 <- 0x66666000


mem[X,0x8003DF18] -> 0x0513
mem[X,0x8003DF1A] -> 0x6675
[5934] [M]: 0x8003DF18 (0x66750513) addi a0, a0, 1639
x10 <- 0x66666667


mem[X,0x8003DF1C] -> 0xB5B7
mem[X,0x8003DF1E] -> 0xAAAA
[5935] [M]: 0x8003DF1C (0xAAAAB5B7) lui a1, 699051
x11 <- 0xAAAAB000


mem[X,0x8003DF20] -> 0x8593
mem[X,0x8003DF22] -> 0xAA95
[5936] [M]: 0x8003DF20 (0xAA958593) addi a1, a1, 2729
x11 <- 0xAAAAAAA9


mem[X,0x8003DF24] -> 0x0213
mem[X,0x8003DF26] -> 0x0000
[5937] [M]: 0x8003DF24 (0x00000213) addi tp, zero, 0
x4 <- 0x00000000


mem[X,0x8003DF28] -> 0x006F
mem[X,0x8003DF2A] -> 0x00C0
[5938] [M]: 0x8003DF28 (0x00C0006F) jal zero, 12


mem[X,0x8003DF34] -> 0x6063
mem[X,0x8003DF36] -> 0x04B5
[5939] [M]: 0x8003DF34 (0x04B56063) bltu a0, a1, 64


mem[X,0x8003DF74] -> 0x0213
mem[X,0x8003DF76] -> 0x0032
[5940] [M]: 0x8003DF74 (0x00320213) addi tp, tp, 3
x4 <- 0x00000003


mem[X,0x8003DF78] -> 0x006F
mem[X,0x8003DF7A] -> 0x0040
[5941] [M]: 0x8003DF78 (0x0040006F) jal zero, 4


mem[X,0x8003DF7C] -> 0xAC23
mem[X,0x8003DF7E] -> 0x1640
[5942] [M]: 0x8003DF7C (0x1640AC23) sw tp, 376(ra)
mem[0x8004CAEC] <- 0x00000003


mem[X,0x8003DF80] -> 0x6537
mem[X,0x8003DF82] -> 0x6666
[5943] [M]: 0x8003DF80 (0x66666537) lui a0, 419430
x10 <- 0x66666000


mem[X,0x8003DF84] -> 0x0513
mem[X,0x8003DF86] -> 0x6675
[5944] [M]: 0x8003DF84 (0x66750513) addi a0, a0, 1639
x10 <- 0x66666667


mem[X,0x8003DF88] -> 0x0593
mem[X,0x8003DF8A] -> 0x0040
[5945] [M]: 0x8003DF88 (0x00400593) addi a1, zero, 4
x11 <- 0x00000004


mem[X,0x8003DF8C] -> 0x0213
mem[X,0x8003DF8E] -> 0x0000
[5946] [M]: 0x8003DF8C (0x00000213) addi tp, zero, 0
x4 <- 0x00000000


mem[X,0x8003DF90] -> 0x006F
mem[X,0x8003DF92] -> 0x2B10
[5947] [M]: 0x8003DF90 (0x2B10006F) jal zero, 2736


mem[X,0x8003EA40] -> 0x6A63
mem[X,0x8003EA42] -> 0xD4B5
[5948] [M]: 0x8003EA40 (0xD4B56A63) bltu a0, a1, 5460


mem[X,0x8003EA44] -> 0x0213
mem[X,0x8003EA46] -> 0x0022
[5949] [M]: 0x8003EA44 (0x00220213) addi tp, tp, 2
x4 <- 0x00000002


mem[X,0x8003EA48] -> 0x006F
mem[X,0x8003EA4A] -> 0x00C0
[5950] [M]: 0x8003EA48 (0x00C0006F) jal zero, 12


mem[X,0x8003EA54] -> 0xAE23
mem[X,0x8003EA56] -> 0x1640
[5951] [M]: 0x8003EA54 (0x1640AE23) sw tp, 380(ra)
mem[0x8004CAF0] <- 0x00000002


mem[X,0x8003EA58] -> 0x6537
mem[X,0x8003EA5A] -> 0x6666
[5952] [M]: 0x8003EA58 (0x66666537) lui a0, 419430
x10 <- 0x66666000


mem[X,0x8003EA5C] -> 0x0513
mem[X,0x8003EA5E] -> 0x6675
[5953] [M]: 0x8003EA5C (0x66750513) addi a0, a0, 1639
x10 <- 0x66666667


mem[X,0x8003EA60] -> 0x35B7
mem[X,0x8003EA62] -> 0x3333
[5954] [M]: 0x8003EA60 (0x333335B7) lui a1, 209715
x11 <- 0x33333000


mem[X,0x8003EA64] -> 0x8593
mem[X,0x8003EA66] -> 0x3325
[5955] [M]: 0x8003EA64 (0x33258593) addi a1, a1, 818
x11 <- 0x33333332


mem[X,0x8003EA68] -> 0x0213
mem[X,0x8003EA6A] -> 0x0000
[5956] [M]: 0x8003EA68 (0x00000213) addi tp, zero, 0
x4 <- 0x00000000


mem[X,0x8003EA6C] -> 0x006F
mem[X,0x8003EA6E] -> 0x00C0
[5957] [M]: 0x8003EA6C (0x00C0006F) jal zero, 12


mem[X,0x8003EA78] -> 0x6663
mem[X,0x8003EA7A] -> 0x00B5
[5958] [M]: 0x8003EA78 (0x00B56663) bltu a0, a1, 12


mem[X,0x8003EA7C] -> 0x0213
mem[X,0x8003EA7E] -> 0x0022
[5959] [M]: 0x8003EA7C (0x00220213) addi tp, tp, 2
x4 <- 0x00000002


mem[X,0x8003EA80] -> 0x006F
mem[X,0x8003EA82] -> 0x00C0
[5960] [M]: 0x8003EA80 (0x00C0006F) jal zero, 12


mem[X,0x8003EA8C] -> 0xA023
mem[X,0x8003EA8E] -> 0x1840
[5961] [M]: 0x8003EA8C (0x1840A023) sw tp, 384(ra)
mem[0x8004CAF4] <- 0x00000002


mem[X,0x8003EA90] -> 0x6537
mem[X,0x8003EA92] -> 0x6666
[5962] [M]: 0x8003EA90 (0x66666537) lui a0, 419430
x10 <- 0x66666000


mem[X,0x8003EA94] -> 0x0513
mem[X,0x8003EA96] -> 0x6675
[5963] [M]: 0x8003EA94 (0x66750513) addi a0, a0, 1639
x10 <- 0x66666667


mem[X,0x8003EA98] -> 0x65B7
mem[X,0x8003EA9A] -> 0x6666
[5964] [M]: 0x8003EA98 (0x666665B7) lui a1, 419430
x11 <- 0x66666000


mem[X,0x8003EA9C] -> 0x8593
mem[X,0x8003EA9E] -> 0x6655
[5965] [M]: 0x8003EA9C (0x66558593) addi a1, a1, 1637
x11 <- 0x66666665


mem[X,0x8003EAA0] -> 0x0213
mem[X,0x8003EAA2] -> 0x0000
[5966] [M]: 0x8003EAA0 (0x00000213) addi tp, zero, 0
x4 <- 0x00000000


mem[X,0x8003EAA4] -> 0x006F
mem[X,0x8003EAA6] -> 0x0100
[5967] [M]: 0x8003EAA4 (0x0100006F) jal zero, 16


mem[X,0x8003EAB4] -> 0x6AE3
mem[X,0x8003EAB6] -> 0xFEB5
[5968] [M]: 0x8003EAB4 (0xFEB56AE3) bltu a0, a1, 8180


mem[X,0x8003EAB8] -> 0x0213
mem[X,0x8003EABA] -> 0x0022
[5969] [M]: 0x8003EAB8 (0x00220213) addi tp, tp, 2
x4 <- 0x00000002


mem[X,0x8003EABC] -> 0x006F
mem[X,0x8003EABE] -> 0x00C0
[5970] [M]: 0x8003EABC (0x00C0006F) jal zero, 12


mem[X,0x8003EAC8] -> 0xA223
mem[X,0x8003EACA] -> 0x1840
[5971] [M]: 0x8003EAC8 (0x1840A223) sw tp, 388(ra)
mem[0x8004CAF8] <- 0x00000002


mem[X,0x8003EACC] -> 0x6537
mem[X,0x8003EACE] -> 0x6666
[5972] [M]: 0x8003EACC (0x66666537) lui a0, 419430
x10 <- 0x66666000


mem[X,0x8003EAD0] -> 0x0513
mem[X,0x8003EAD2] -> 0x6675
[5973] [M]: 0x8003EAD0 (0x66750513) addi a0, a0, 1639
x10 <- 0x66666667


mem[X,0x8003EAD4] -> 0xB5B7
mem[X,0x8003EAD6] -> 0x0000
[5974] [M]: 0x8003EAD4 (0x0000B5B7) lui a1, 11
x11 <- 0x0000B000


mem[X,0x8003EAD8] -> 0x8593
mem[X,0x8003EADA] -> 0x5035
[5975] [M]: 0x8003EAD8 (0x50358593) addi a1, a1, 1283
x11 <- 0x0000B503


mem[X,0x8003EADC] -> 0x0213
mem[X,0x8003EADE] -> 0x0000
[5976] [M]: 0x8003EADC (0x00000213) addi tp, zero, 0
x4 <- 0x00000000


mem[X,0x8003EAE0] -> 0x006F
mem[X,0x8003EAE2] -> 0x00C0
[5977] [M]: 0x8003EAE0 (0x00C0006F) jal zero, 12


mem[X,0x8003EAEC] -> 0x6063
mem[X,0x8003EAEE] -> 0x10B5
[5978] [M]: 0x8003EAEC (0x10B56063) bltu a0, a1, 256


mem[X,0x8003EAF0] -> 0x0213
mem[X,0x8003EAF2] -> 0x0022
[5979] [M]: 0x8003EAF0 (0x00220213) addi tp, tp, 2
x4 <- 0x00000002


mem[X,0x8003EAF4] -> 0x006F
mem[X,0x8003EAF6] -> 0x1000
[5980] [M]: 0x8003EAF4 (0x1000006F) jal zero, 256


mem[X,0x8003EBF4] -> 0xA423
mem[X,0x8003EBF6] -> 0x1840
[5981] [M]: 0x8003EBF4 (0x1840A423) sw tp, 392(ra)
mem[0x8004CAFC] <- 0x00000002


mem[X,0x8003EBF8] -> 0x6537
mem[X,0x8003EBFA] -> 0x6666
[5982] [M]: 0x8003EBF8 (0x66666537) lui a0, 419430
x10 <- 0x66666000


mem[X,0x8003EBFC] -> 0x0513
mem[X,0x8003EBFE] -> 0x6675
[5983] [M]: 0x8003EBFC (0x66750513) addi a0, a0, 1639
x10 <- 0x66666667


mem[X,0x8003EC00] -> 0x05B7
mem[X,0x8003EC02] -> 0x0001
[5984] [M]: 0x8003EC00 (0x000105B7) lui a1, 16
x11 <- 0x00010000


mem[X,0x8003EC04] -> 0x8593
mem[X,0x8003EC06] -> 0xFFE5
[5985] [M]: 0x8003EC04 (0xFFE58593) addi a1, a1, 4094
x11 <- 0x0000FFFE


mem[X,0x8003EC08] -> 0x0213
mem[X,0x8003EC0A] -> 0x0000
[5986] [M]: 0x8003EC08 (0x00000213) addi tp, zero, 0
x4 <- 0x00000000


mem[X,0x8003EC0C] -> 0x006F
mem[X,0x8003EC0E] -> 0x00C0
[5987] [M]: 0x8003EC0C (0x00C0006F) jal zero, 12


mem[X,0x8003EC18] -> 0x6863
mem[X,0x8003EC1A] -> 0x00B5
[5988] [M]: 0x8003EC18 (0x00B56863) bltu a0, a1, 16


mem[X,0x8003EC1C] -> 0x0213
mem[X,0x8003EC1E] -> 0x0022
[5989] [M]: 0x8003EC1C (0x00220213) addi tp, tp, 2
x4 <- 0x00000002


mem[X,0x8003EC20] -> 0x006F
mem[X,0x8003EC22] -> 0x0100
[5990] [M]: 0x8003EC20 (0x0100006F) jal zero, 16


mem[X,0x8003EC30] -> 0xA623
mem[X,0x8003EC32] -> 0x1840
[5991] [M]: 0x8003EC30 (0x1840A623) sw tp, 396(ra)
mem[0x8004CB00] <- 0x00000002


mem[X,0x8003EC34] -> 0x6537
mem[X,0x8003EC36] -> 0x6666
[5992] [M]: 0x8003EC34 (0x66666537) lui a0, 419430
x10 <- 0x66666000


mem[X,0x8003EC38] -> 0x0513
mem[X,0x8003EC3A] -> 0x6675
[5993] [M]: 0x8003EC38 (0x66750513) addi a0, a0, 1639
x10 <- 0x66666667


mem[X,0x8003EC3C] -> 0x55B7
mem[X,0x8003EC3E] -> 0x5555
[5994] [M]: 0x8003EC3C (0x555555B7) lui a1, 349525
x11 <- 0x55555000


mem[X,0x8003EC40] -> 0x8593
mem[X,0x8003EC42] -> 0x5565
[5995] [M]: 0x8003EC40 (0x55658593) addi a1, a1, 1366
x11 <- 0x55555556


mem[X,0x8003EC44] -> 0x0213
mem[X,0x8003EC46] -> 0x0000
[5996] [M]: 0x8003EC44 (0x00000213) addi tp, zero, 0
x4 <- 0x00000000


mem[X,0x8003EC48] -> 0x006F
mem[X,0x8003EC4A] -> 0x00C0
[5997] [M]: 0x8003EC48 (0x00C0006F) jal zero, 12


mem[X,0x8003EC54] -> 0x6663
mem[X,0x8003EC56] -> 0x00B5
[5998] [M]: 0x8003EC54 (0x00B56663) bltu a0, a1, 12


mem[X,0x8003EC58] -> 0x0213
mem[X,0x8003EC5A] -> 0x0022
[5999] [M]: 0x8003EC58 (0x00220213) addi tp, tp, 2
x4 <- 0x00000002


clint::tick mtime <- 0x000000000000003C
 clint timer pending at mtime 0x000000000000003C
htif::tick 0x0000000000000000
mem[X,0x8003EC5C] -> 0x006F
mem[X,0x8003EC5E] -> 0x00C0
[6000] [M]: 0x8003EC5C (0x00C0006F) jal zero, 12


mem[X,0x8003EC68] -> 0xA823
mem[X,0x8003EC6A] -> 0x1840
[6001] [M]: 0x8003EC68 (0x1840A823) sw tp, 400(ra)
mem[0x8004CB04] <- 0x00000002


mem[X,0x8003EC6C] -> 0x6537
mem[X,0x8003EC6E] -> 0x6666
[6002] [M]: 0x8003EC6C (0x66666537) lui a0, 419430
x10 <- 0x66666000


mem[X,0x8003EC70] -> 0x0513
mem[X,0x8003EC72] -> 0x6675
[6003] [M]: 0x8003EC70 (0x66750513) addi a0, a0, 1639
x10 <- 0x66666667


mem[X,0x8003EC74] -> 0xB5B7
mem[X,0x8003EC76] -> 0xAAAA
[6004] [M]: 0x8003EC74 (0xAAAAB5B7) lui a1, 699051
x11 <- 0xAAAAB000


mem[X,0x8003EC78] -> 0x8593
mem[X,0x8003EC7A] -> 0xAAB5
[6005] [M]: 0x8003EC78 (0xAAB58593) addi a1, a1, 2731
x11 <- 0xAAAAAAAB


mem[X,0x8003EC7C] -> 0x0213
mem[X,0x8003EC7E] -> 0x0000
[6006] [M]: 0x8003EC7C (0x00000213) addi tp, zero, 0
x4 <- 0x00000000


mem[X,0x8003EC80] -> 0x006F
mem[X,0x8003EC82] -> 0x00C0
[6007] [M]: 0x8003EC80 (0x00C0006F) jal zero, 12


mem[X,0x8003EC8C] -> 0x6063
mem[X,0x8003EC8E] -> 0x20B5
[6008] [M]: 0x8003EC8C (0x20B56063) bltu a0, a1, 512


mem[X,0x8003EE8C] -> 0x0213
mem[X,0x8003EE8E] -> 0x0032
[6009] [M]: 0x8003EE8C (0x00320213) addi tp, tp, 3
x4 <- 0x00000003


mem[X,0x8003EE90] -> 0x006F
mem[X,0x8003EE92] -> 0x0040
[6010] [M]: 0x8003EE90 (0x0040006F) jal zero, 4


mem[X,0x8003EE94] -> 0xAA23
mem[X,0x8003EE96] -> 0x1840
[6011] [M]: 0x8003EE94 (0x1840AA23) sw tp, 404(ra)
mem[0x8004CB08] <- 0x00000003


mem[X,0x8003EE98] -> 0x6537
mem[X,0x8003EE9A] -> 0x6666
[6012] [M]: 0x8003EE98 (0x66666537) lui a0, 419430
x10 <- 0x66666000


mem[X,0x8003EE9C] -> 0x0513
mem[X,0x8003EE9E] -> 0x6675
[6013] [M]: 0x8003EE9C (0x66750513) addi a0, a0, 1639
x10 <- 0x66666667


mem[X,0x8003EEA0] -> 0x0593
mem[X,0x8003EEA2] -> 0x0060
[6014] [M]: 0x8003EEA0 (0x00600593) addi a1, zero, 6
x11 <- 0x00000006


mem[X,0x8003EEA4] -> 0x0213
mem[X,0x8003EEA6] -> 0x0000
[6015] [M]: 0x8003EEA4 (0x00000213) addi tp, zero, 0
x4 <- 0x00000000


mem[X,0x8003EEA8] -> 0x006F
mem[X,0x8003EEAA] -> 0x00C0
[6016] [M]: 0x8003EEA8 (0x00C0006F) jal zero, 12


mem[X,0x8003EEB4] -> 0x6CE3
mem[X,0x8003EEB6] -> 0xFEB5
[6017] [M]: 0x8003EEB4 (0xFEB56CE3) bltu a0, a1, 8184


mem[X,0x8003EEB8] -> 0x0213
mem[X,0x8003EEBA] -> 0x0022
[6018] [M]: 0x8003EEB8 (0x00220213) addi tp, tp, 2
x4 <- 0x00000002


mem[X,0x8003EEBC] -> 0x006F
mem[X,0x8003EEBE] -> 0x00C0
[6019] [M]: 0x8003EEBC (0x00C0006F) jal zero, 12


mem[X,0x8003EEC8] -> 0xAC23
mem[X,0x8003EECA] -> 0x1840
[6020] [M]: 0x8003EEC8 (0x1840AC23) sw tp, 408(ra)
mem[0x8004CB0C] <- 0x00000002


mem[X,0x8003EECC] -> 0x6537
mem[X,0x8003EECE] -> 0x6666
[6021] [M]: 0x8003EECC (0x66666537) lui a0, 419430
x10 <- 0x66666000


mem[X,0x8003EED0] -> 0x0513
mem[X,0x8003EED2] -> 0x6675
[6022] [M]: 0x8003EED0 (0x66750513) addi a0, a0, 1639
x10 <- 0x66666667


mem[X,0x8003EED4] -> 0x35B7
mem[X,0x8003EED6] -> 0x3333
[6023] [M]: 0x8003EED4 (0x333335B7) lui a1, 209715
x11 <- 0x33333000


mem[X,0x8003EED8] -> 0x8593
mem[X,0x8003EEDA] -> 0x3345
[6024] [M]: 0x8003EED8 (0x33458593) addi a1, a1, 820
x11 <- 0x33333334


mem[X,0x8003EEDC] -> 0x0213
mem[X,0x8003EEDE] -> 0x0000
[6025] [M]: 0x8003EEDC (0x00000213) addi tp, zero, 0
x4 <- 0x00000000


mem[X,0x8003EEE0] -> 0x006F
mem[X,0x8003EEE2] -> 0x00C0
[6026] [M]: 0x8003EEE0 (0x00C0006F) jal zero, 12


mem[X,0x8003EEEC] -> 0x6063
mem[X,0x8003EEEE] -> 0x04B5
[6027] [M]: 0x8003EEEC (0x04B56063) bltu a0, a1, 64


mem[X,0x8003EEF0] -> 0x0213
mem[X,0x8003EEF2] -> 0x0022
[6028] [M]: 0x8003EEF0 (0x00220213) addi tp, tp, 2
x4 <- 0x00000002


mem[X,0x8003EEF4] -> 0x006F
mem[X,0x8003EEF6] -> 0x0400
[6029] [M]: 0x8003EEF4 (0x0400006F) jal zero, 64


mem[X,0x8003EF34] -> 0xAE23
mem[X,0x8003EF36] -> 0x1840
[6030] [M]: 0x8003EF34 (0x1840AE23) sw tp, 412(ra)
mem[0x8004CB10] <- 0x00000002


mem[X,0x8003EF38] -> 0x6537
mem[X,0x8003EF3A] -> 0x6666
[6031] [M]: 0x8003EF38 (0x66666537) lui a0, 419430
x10 <- 0x66666000


mem[X,0x8003EF3C] -> 0x0513
mem[X,0x8003EF3E] -> 0x6675
[6032] [M]: 0x8003EF3C (0x66750513) addi a0, a0, 1639
x10 <- 0x66666667


mem[X,0x8003EF40] -> 0x65B7
mem[X,0x8003EF42] -> 0x6666
[6033] [M]: 0x8003EF40 (0x666665B7) lui a1, 419430
x11 <- 0x66666000


mem[X,0x8003EF44] -> 0x8593
mem[X,0x8003EF46] -> 0x6675
[6034] [M]: 0x8003EF44 (0x66758593) addi a1, a1, 1639
x11 <- 0x66666667


mem[X,0x8003EF48] -> 0x0213
mem[X,0x8003EF4A] -> 0x0000
[6035] [M]: 0x8003EF48 (0x00000213) addi tp, zero, 0
x4 <- 0x00000000


mem[X,0x8003EF4C] -> 0x006F
mem[X,0x8003EF4E] -> 0x00C0
[6036] [M]: 0x8003EF4C (0x00C0006F) jal zero, 12


mem[X,0x8003EF58] -> 0x6863
mem[X,0x8003EF5A] -> 0x00B5
[6037] [M]: 0x8003EF58 (0x00B56863) bltu a0, a1, 16


mem[X,0x8003EF5C] -> 0x0213
mem[X,0x8003EF5E] -> 0x0022
[6038] [M]: 0x8003EF5C (0x00220213) addi tp, tp, 2
x4 <- 0x00000002


mem[X,0x8003EF60] -> 0x006F
mem[X,0x8003EF62] -> 0x0100
[6039] [M]: 0x8003EF60 (0x0100006F) jal zero, 16


mem[X,0x8003EF70] -> 0xA023
mem[X,0x8003EF72] -> 0x1A40
[6040] [M]: 0x8003EF70 (0x1A40A023) sw tp, 416(ra)
mem[0x8004CB14] <- 0x00000002


mem[X,0x8003EF74] -> 0x6537
mem[X,0x8003EF76] -> 0x6666
[6041] [M]: 0x8003EF74 (0x66666537) lui a0, 419430
x10 <- 0x66666000


mem[X,0x8003EF78] -> 0x0513
mem[X,0x8003EF7A] -> 0x6675
[6042] [M]: 0x8003EF78 (0x66750513) addi a0, a0, 1639
x10 <- 0x66666667


mem[X,0x8003EF7C] -> 0xB5B7
mem[X,0x8003EF7E] -> 0x0000
[6043] [M]: 0x8003EF7C (0x0000B5B7) lui a1, 11
x11 <- 0x0000B000


mem[X,0x8003EF80] -> 0x8593
mem[X,0x8003EF82] -> 0x5055
[6044] [M]: 0x8003EF80 (0x50558593) addi a1, a1, 1285
x11 <- 0x0000B505


mem[X,0x8003EF84] -> 0x0213
mem[X,0x8003EF86] -> 0x0000
[6045] [M]: 0x8003EF84 (0x00000213) addi tp, zero, 0
x4 <- 0x00000000


mem[X,0x8003EF88] -> 0x006F
mem[X,0x8003EF8A] -> 0x00C0
[6046] [M]: 0x8003EF88 (0x00C0006F) jal zero, 12


mem[X,0x8003EF94] -> 0x6CE3
mem[X,0x8003EF96] -> 0xFEB5
[6047] [M]: 0x8003EF94 (0xFEB56CE3) bltu a0, a1, 8184


mem[X,0x8003EF98] -> 0x0213
mem[X,0x8003EF9A] -> 0x0022
[6048] [M]: 0x8003EF98 (0x00220213) addi tp, tp, 2
x4 <- 0x00000002


mem[X,0x8003EF9C] -> 0x006F
mem[X,0x8003EF9E] -> 0x00C0
[6049] [M]: 0x8003EF9C (0x00C0006F) jal zero, 12


mem[X,0x8003EFA8] -> 0xA223
mem[X,0x8003EFAA] -> 0x1A40
[6050] [M]: 0x8003EFA8 (0x1A40A223) sw tp, 420(ra)
mem[0x8004CB18] <- 0x00000002


mem[X,0x8003EFAC] -> 0x6537
mem[X,0x8003EFAE] -> 0x6666
[6051] [M]: 0x8003EFAC (0x66666537) lui a0, 419430
x10 <- 0x66666000


mem[X,0x8003EFB0] -> 0x0513
mem[X,0x8003EFB2] -> 0x6675
[6052] [M]: 0x8003EFB0 (0x66750513) addi a0, a0, 1639
x10 <- 0x66666667


mem[X,0x8003EFB4] -> 0x0593
mem[X,0x8003EFB6] -> 0x0010
[6053] [M]: 0x8003EFB4 (0x00100593) addi a1, zero, 1
x11 <- 0x00000001


mem[X,0x8003EFB8] -> 0x0213
mem[X,0x8003EFBA] -> 0x0000
[6054] [M]: 0x8003EFB8 (0x00000213) addi tp, zero, 0
x4 <- 0x00000000


mem[X,0x8003EFBC] -> 0x006F
mem[X,0x8003EFBE] -> 0x00C0
[6055] [M]: 0x8003EFBC (0x00C0006F) jal zero, 12


mem[X,0x8003EFC8] -> 0x6663
mem[X,0x8003EFCA] -> 0x00B5
[6056] [M]: 0x8003EFC8 (0x00B56663) bltu a0, a1, 12


mem[X,0x8003EFCC] -> 0x0213
mem[X,0x8003EFCE] -> 0x0022
[6057] [M]: 0x8003EFCC (0x00220213) addi tp, tp, 2
x4 <- 0x00000002


mem[X,0x8003EFD0] -> 0x006F
mem[X,0x8003EFD2] -> 0x00C0
[6058] [M]: 0x8003EFD0 (0x00C0006F) jal zero, 12


mem[X,0x8003EFDC] -> 0xA423
mem[X,0x8003EFDE] -> 0x1A40
[6059] [M]: 0x8003EFDC (0x1A40A423) sw tp, 424(ra)
mem[0x8004CB1C] <- 0x00000002


mem[X,0x8003EFE0] -> 0x6537
mem[X,0x8003EFE2] -> 0x6666
[6060] [M]: 0x8003EFE0 (0x66666537) lui a0, 419430
x10 <- 0x66666000


mem[X,0x8003EFE4] -> 0x0513
mem[X,0x8003EFE6] -> 0x6675
[6061] [M]: 0x8003EFE4 (0x66750513) addi a0, a0, 1639
x10 <- 0x66666667


mem[X,0x8003EFE8] -> 0x05B7
mem[X,0x8003EFEA] -> 0x0001
[6062] [M]: 0x8003EFE8 (0x000105B7) lui a1, 16
x11 <- 0x00010000


mem[X,0x8003EFEC] -> 0x0213
mem[X,0x8003EFEE] -> 0x0000
[6063] [M]: 0x8003EFEC (0x00000213) addi tp, zero, 0
x4 <- 0x00000000


mem[X,0x8003EFF0] -> 0x006F
mem[X,0x8003EFF2] -> 0x0050
[6064] [M]: 0x8003EFF0 (0x0050006F) jal zero, 2052


mem[X,0x8003F7F4] -> 0x60E3
mem[X,0x8003F7F6] -> 0x80B5
[6065] [M]: 0x8003F7F4 (0x80B560E3) bltu a0, a1, 6144


mem[X,0x8003F7F8] -> 0x0213
mem[X,0x8003F7FA] -> 0x0022
[6066] [M]: 0x8003F7F8 (0x00220213) addi tp, tp, 2
x4 <- 0x00000002


mem[X,0x8003F7FC] -> 0x006F
mem[X,0x8003F7FE] -> 0x00C0
[6067] [M]: 0x8003F7FC (0x00C0006F) jal zero, 12


mem[X,0x8003F808] -> 0xA623
mem[X,0x8003F80A] -> 0x1A40
[6068] [M]: 0x8003F808 (0x1A40A623) sw tp, 428(ra)
mem[0x8004CB20] <- 0x00000002


mem[X,0x8003F80C] -> 0xB537
mem[X,0x8003F80E] -> 0x0000
[6069] [M]: 0x8003F80C (0x0000B537) lui a0, 11
x10 <- 0x0000B000


mem[X,0x8003F810] -> 0x0513
mem[X,0x8003F812] -> 0x5055
[6070] [M]: 0x8003F810 (0x50550513) addi a0, a0, 1285
x10 <- 0x0000B505


mem[X,0x8003F814] -> 0x0593
mem[X,0x8003F816] -> 0x0030
[6071] [M]: 0x8003F814 (0x00300593) addi a1, zero, 3
x11 <- 0x00000003


mem[X,0x8003F818] -> 0x0213
mem[X,0x8003F81A] -> 0x0000
[6072] [M]: 0x8003F818 (0x00000213) addi tp, zero, 0
x4 <- 0x00000000


mem[X,0x8003F81C] -> 0x006F
mem[X,0x8003F81E] -> 0x0180
[6073] [M]: 0x8003F81C (0x0180006F) jal zero, 24


mem[X,0x8003F834] -> 0x66E3
mem[X,0x8003F836] -> 0xFEB5
[6074] [M]: 0x8003F834 (0xFEB566E3) bltu a0, a1, 8172


mem[X,0x8003F838] -> 0x0213
mem[X,0x8003F83A] -> 0x0022
[6075] [M]: 0x8003F838 (0x00220213) addi tp, tp, 2
x4 <- 0x00000002


mem[X,0x8003F83C] -> 0x006F
mem[X,0x8003F83E] -> 0x00C0
[6076] [M]: 0x8003F83C (0x00C0006F) jal zero, 12


mem[X,0x8003F848] -> 0xA823
mem[X,0x8003F84A] -> 0x1A40
[6077] [M]: 0x8003F848 (0x1A40A823) sw tp, 432(ra)
mem[0x8004CB24] <- 0x00000002


mem[X,0x8003F84C] -> 0xB537
mem[X,0x8003F84E] -> 0x0000
[6078] [M]: 0x8003F84C (0x0000B537) lui a0, 11
x10 <- 0x0000B000


mem[X,0x8003F850] -> 0x0513
mem[X,0x8003F852] -> 0x5055
[6079] [M]: 0x8003F850 (0x50550513) addi a0, a0, 1285
x10 <- 0x0000B505


mem[X,0x8003F854] -> 0x55B7
mem[X,0x8003F856] -> 0x5555
[6080] [M]: 0x8003F854 (0x555555B7) lui a1, 349525
x11 <- 0x55555000


mem[X,0x8003F858] -> 0x8593
mem[X,0x8003F85A] -> 0x5555
[6081] [M]: 0x8003F858 (0x55558593) addi a1, a1, 1365
x11 <- 0x55555555


mem[X,0x8003F85C] -> 0x0213
mem[X,0x8003F85E] -> 0x0000
[6082] [M]: 0x8003F85C (0x00000213) addi tp, zero, 0
x4 <- 0x00000000


mem[X,0x8003F860] -> 0x006F
mem[X,0x8003F862] -> 0x00C0
[6083] [M]: 0x8003F860 (0x00C0006F) jal zero, 12


mem[X,0x8003F86C] -> 0x6663
mem[X,0x8003F86E] -> 0x00B5
[6084] [M]: 0x8003F86C (0x00B56663) bltu a0, a1, 12


mem[X,0x8003F878] -> 0x0213
mem[X,0x8003F87A] -> 0x0032
[6085] [M]: 0x8003F878 (0x00320213) addi tp, tp, 3
x4 <- 0x00000003


mem[X,0x8003F87C] -> 0x006F
mem[X,0x8003F87E] -> 0x0040
[6086] [M]: 0x8003F87C (0x0040006F) jal zero, 4


mem[X,0x8003F880] -> 0xAA23
mem[X,0x8003F882] -> 0x1A40
[6087] [M]: 0x8003F880 (0x1A40AA23) sw tp, 436(ra)
mem[0x8004CB28] <- 0x00000003


mem[X,0x8003F884] -> 0xB537
mem[X,0x8003F886] -> 0x0000
[6088] [M]: 0x8003F884 (0x0000B537) lui a0, 11
x10 <- 0x0000B000


mem[X,0x8003F888] -> 0x0513
mem[X,0x8003F88A] -> 0x5055
[6089] [M]: 0x8003F888 (0x50550513) addi a0, a0, 1285
x10 <- 0x0000B505


mem[X,0x8003F88C] -> 0xB5B7
mem[X,0x8003F88E] -> 0xAAAA
[6090] [M]: 0x8003F88C (0xAAAAB5B7) lui a1, 699051
x11 <- 0xAAAAB000


mem[X,0x8003F890] -> 0x8593
mem[X,0x8003F892] -> 0xAAA5
[6091] [M]: 0x8003F890 (0xAAA58593) addi a1, a1, 2730
x11 <- 0xAAAAAAAA


mem[X,0x8003F894] -> 0x0213
mem[X,0x8003F896] -> 0x0000
[6092] [M]: 0x8003F894 (0x00000213) addi tp, zero, 0
x4 <- 0x00000000


mem[X,0x8003F898] -> 0x006F
mem[X,0x8003F89A] -> 0x00C0
[6093] [M]: 0x8003F898 (0x00C0006F) jal zero, 12


mem[X,0x8003F8A4] -> 0x6CE3
mem[X,0x8003F8A6] -> 0xFEB5
[6094] [M]: 0x8003F8A4 (0xFEB56CE3) bltu a0, a1, 8184


mem[X,0x8003F89C] -> 0x0213
mem[X,0x8003F89E] -> 0x0012
[6095] [M]: 0x8003F89C (0x00120213) addi tp, tp, 1
x4 <- 0x00000001


mem[X,0x8003F8A0] -> 0x006F
mem[X,0x8003F8A2] -> 0x0180
[6096] [M]: 0x8003F8A0 (0x0180006F) jal zero, 24


mem[X,0x8003F8B8] -> 0xAC23
mem[X,0x8003F8BA] -> 0x1A40
[6097] [M]: 0x8003F8B8 (0x1A40AC23) sw tp, 440(ra)
mem[0x8004CB2C] <- 0x00000001


mem[X,0x8003F8BC] -> 0xB537
mem[X,0x8003F8BE] -> 0x0000
[6098] [M]: 0x8003F8BC (0x0000B537) lui a0, 11
x10 <- 0x0000B000


mem[X,0x8003F8C0] -> 0x0513
mem[X,0x8003F8C2] -> 0x5055
[6099] [M]: 0x8003F8C0 (0x50550513) addi a0, a0, 1285
x10 <- 0x0000B505


clint::tick mtime <- 0x000000000000003D
 clint timer pending at mtime 0x000000000000003D
htif::tick 0x0000000000000000
mem[X,0x8003F8C4] -> 0x0593
mem[X,0x8003F8C6] -> 0x0050
[6100] [M]: 0x8003F8C4 (0x00500593) addi a1, zero, 5
x11 <- 0x00000005


mem[X,0x8003F8C8] -> 0x0213
mem[X,0x8003F8CA] -> 0x0000
[6101] [M]: 0x8003F8C8 (0x00000213) addi tp, zero, 0
x4 <- 0x00000000


mem[X,0x8003F8CC] -> 0x006F
mem[X,0x8003F8CE] -> 0x2B10
[6102] [M]: 0x8003F8CC (0x2B10006F) jal zero, 2736


mem[X,0x8004037C] -> 0x6A63
mem[X,0x8004037E] -> 0xD4B5
[6103] [M]: 0x8004037C (0xD4B56A63) bltu a0, a1, 5460


mem[X,0x80040380] -> 0x0213
mem[X,0x80040382] -> 0x0022
[6104] [M]: 0x80040380 (0x00220213) addi tp, tp, 2
x4 <- 0x00000002


mem[X,0x80040384] -> 0x006F
mem[X,0x80040386] -> 0x00C0
[6105] [M]: 0x80040384 (0x00C0006F) jal zero, 12


mem[X,0x80040390] -> 0xAE23
mem[X,0x80040392] -> 0x1A40
[6106] [M]: 0x80040390 (0x1A40AE23) sw tp, 444(ra)
mem[0x8004CB30] <- 0x00000002


mem[X,0x80040394] -> 0xB537
mem[X,0x80040396] -> 0x0000
[6107] [M]: 0x80040394 (0x0000B537) lui a0, 11
x10 <- 0x0000B000


mem[X,0x80040398] -> 0x0513
mem[X,0x8004039A] -> 0x5055
[6108] [M]: 0x80040398 (0x50550513) addi a0, a0, 1285
x10 <- 0x0000B505


mem[X,0x8004039C] -> 0x35B7
mem[X,0x8004039E] -> 0x3333
[6109] [M]: 0x8004039C (0x333335B7) lui a1, 209715
x11 <- 0x33333000


mem[X,0x800403A0] -> 0x8593
mem[X,0x800403A2] -> 0x3335
[6110] [M]: 0x800403A0 (0x33358593) addi a1, a1, 819
x11 <- 0x33333333


mem[X,0x800403A4] -> 0x0213
mem[X,0x800403A6] -> 0x0000
[6111] [M]: 0x800403A4 (0x00000213) addi tp, zero, 0
x4 <- 0x00000000


mem[X,0x800403A8] -> 0x006F
mem[X,0x800403AA] -> 0x0050
[6112] [M]: 0x800403A8 (0x0050006F) jal zero, 2052


mem[X,0x80040BAC] -> 0x60E3
mem[X,0x80040BAE] -> 0x80B5
[6113] [M]: 0x80040BAC (0x80B560E3) bltu a0, a1, 6144


mem[X,0x800403AC] -> 0x0213
mem[X,0x800403AE] -> 0x0012
[6114] [M]: 0x800403AC (0x00120213) addi tp, tp, 1
x4 <- 0x00000001


mem[X,0x800403B0] -> 0x006F
mem[X,0x800403B2] -> 0x0110
[6115] [M]: 0x800403B0 (0x0110006F) jal zero, 2064


mem[X,0x80040BC0] -> 0xA023
mem[X,0x80040BC2] -> 0x1C40
[6116] [M]: 0x80040BC0 (0x1C40A023) sw tp, 448(ra)
mem[0x8004CB34] <- 0x00000001


mem[X,0x80040BC4] -> 0xB537
mem[X,0x80040BC6] -> 0x0000
[6117] [M]: 0x80040BC4 (0x0000B537) lui a0, 11
x10 <- 0x0000B000


mem[X,0x80040BC8] -> 0x0513
mem[X,0x80040BCA] -> 0x5055
[6118] [M]: 0x80040BC8 (0x50550513) addi a0, a0, 1285
x10 <- 0x0000B505


mem[X,0x80040BCC] -> 0x65B7
mem[X,0x80040BCE] -> 0x6666
[6119] [M]: 0x80040BCC (0x666665B7) lui a1, 419430
x11 <- 0x66666000


mem[X,0x80040BD0] -> 0x8593
mem[X,0x80040BD2] -> 0x6665
[6120] [M]: 0x80040BD0 (0x66658593) addi a1, a1, 1638
x11 <- 0x66666666


mem[X,0x80040BD4] -> 0x0213
mem[X,0x80040BD6] -> 0x0000
[6121] [M]: 0x80040BD4 (0x00000213) addi tp, zero, 0
x4 <- 0x00000000


mem[X,0x80040BD8] -> 0x006F
mem[X,0x80040BDA] -> 0x0180
[6122] [M]: 0x80040BD8 (0x0180006F) jal zero, 24


mem[X,0x80040BF0] -> 0x66E3
mem[X,0x80040BF2] -> 0xFEB5
[6123] [M]: 0x80040BF0 (0xFEB566E3) bltu a0, a1, 8172


mem[X,0x80040BDC] -> 0x0213
mem[X,0x80040BDE] -> 0x0012
[6124] [M]: 0x80040BDC (0x00120213) addi tp, tp, 1
x4 <- 0x00000001


mem[X,0x80040BE0] -> 0x006F
mem[X,0x80040BE2] -> 0x0240
[6125] [M]: 0x80040BE0 (0x0240006F) jal zero, 36


mem[X,0x80040C04] -> 0xA223
mem[X,0x80040C06] -> 0x1C40
[6126] [M]: 0x80040C04 (0x1C40A223) sw tp, 452(ra)
mem[0x8004CB38] <- 0x00000001


mem[X,0x80040C08] -> 0xB537
mem[X,0x80040C0A] -> 0x0000
[6127] [M]: 0x80040C08 (0x0000B537) lui a0, 11
x10 <- 0x0000B000


mem[X,0x80040C0C] -> 0x0513
mem[X,0x80040C0E] -> 0x5055
[6128] [M]: 0x80040C0C (0x50550513) addi a0, a0, 1285
x10 <- 0x0000B505


mem[X,0x80040C10] -> 0xB5B7
mem[X,0x80040C12] -> 0x0000
[6129] [M]: 0x80040C10 (0x0000B5B7) lui a1, 11
x11 <- 0x0000B000


mem[X,0x80040C14] -> 0x8593
mem[X,0x80040C16] -> 0x5045
[6130] [M]: 0x80040C14 (0x50458593) addi a1, a1, 1284
x11 <- 0x0000B504


mem[X,0x80040C18] -> 0x0213
mem[X,0x80040C1A] -> 0x0000
[6131] [M]: 0x80040C18 (0x00000213) addi tp, zero, 0
x4 <- 0x00000000


mem[X,0x80040C1C] -> 0x006F
mem[X,0x80040C1E] -> 0x0100
[6132] [M]: 0x80040C1C (0x0100006F) jal zero, 16


mem[X,0x80040C2C] -> 0x6AE3
mem[X,0x80040C2E] -> 0xFEB5
[6133] [M]: 0x80040C2C (0xFEB56AE3) bltu a0, a1, 8180


mem[X,0x80040C30] -> 0x0213
mem[X,0x80040C32] -> 0x0022
[6134] [M]: 0x80040C30 (0x00220213) addi tp, tp, 2
x4 <- 0x00000002


mem[X,0x80040C34] -> 0x006F
mem[X,0x80040C36] -> 0x00C0
[6135] [M]: 0x80040C34 (0x00C0006F) jal zero, 12


mem[X,0x80040C40] -> 0xA423
mem[X,0x80040C42] -> 0x1C40
[6136] [M]: 0x80040C40 (0x1C40A423) sw tp, 456(ra)
mem[0x8004CB3C] <- 0x00000002


mem[X,0x80040C44] -> 0xB537
mem[X,0x80040C46] -> 0x0000
[6137] [M]: 0x80040C44 (0x0000B537) lui a0, 11
x10 <- 0x0000B000


mem[X,0x80040C48] -> 0x0513
mem[X,0x80040C4A] -> 0x5055
[6138] [M]: 0x80040C48 (0x50550513) addi a0, a0, 1285
x10 <- 0x0000B505


mem[X,0x80040C4C] -> 0x0593
mem[X,0x80040C4E] -> 0x0000
[6139] [M]: 0x80040C4C (0x00000593) addi a1, zero, 0
x11 <- 0x00000000


mem[X,0x80040C50] -> 0x0213
mem[X,0x80040C52] -> 0x0000
[6140] [M]: 0x80040C50 (0x00000213) addi tp, zero, 0
x4 <- 0x00000000


mem[X,0x80040C54] -> 0x006F
mem[X,0x80040C56] -> 0x00C0
[6141] [M]: 0x80040C54 (0x00C0006F) jal zero, 12


mem[X,0x80040C60] -> 0x6663
mem[X,0x80040C62] -> 0x00B5
[6142] [M]: 0x80040C60 (0x00B56663) bltu a0, a1, 12


mem[X,0x80040C64] -> 0x0213
mem[X,0x80040C66] -> 0x0022
[6143] [M]: 0x80040C64 (0x00220213) addi tp, tp, 2
x4 <- 0x00000002


mem[X,0x80040C68] -> 0x006F
mem[X,0x80040C6A] -> 0x00C0
[6144] [M]: 0x80040C68 (0x00C0006F) jal zero, 12


mem[X,0x80040C74] -> 0xA623
mem[X,0x80040C76] -> 0x1C40
[6145] [M]: 0x80040C74 (0x1C40A623) sw tp, 460(ra)
mem[0x8004CB40] <- 0x00000002


mem[X,0x80040C78] -> 0xB537
mem[X,0x80040C7A] -> 0x0000
[6146] [M]: 0x80040C78 (0x0000B537) lui a0, 11
x10 <- 0x0000B000


mem[X,0x80040C7C] -> 0x0513
mem[X,0x80040C7E] -> 0x5055
[6147] [M]: 0x80040C7C (0x50550513) addi a0, a0, 1285
x10 <- 0x0000B505


mem[X,0x80040C80] -> 0x05B7
mem[X,0x80040C82] -> 0x0001
[6148] [M]: 0x80040C80 (0x000105B7) lui a1, 16
x11 <- 0x00010000


mem[X,0x80040C84] -> 0x8593
mem[X,0x80040C86] -> 0xFFF5
[6149] [M]: 0x80040C84 (0xFFF58593) addi a1, a1, 4095
x11 <- 0x0000FFFF


mem[X,0x80040C88] -> 0x0213
mem[X,0x80040C8A] -> 0x0000
[6150] [M]: 0x80040C88 (0x00000213) addi tp, zero, 0
x4 <- 0x00000000


mem[X,0x80040C8C] -> 0x006F
mem[X,0x80040C8E] -> 0x0050
[6151] [M]: 0x80040C8C (0x0050006F) jal zero, 2052


mem[X,0x80041490] -> 0x60E3
mem[X,0x80041492] -> 0x80B5
[6152] [M]: 0x80041490 (0x80B560E3) bltu a0, a1, 6144


mem[X,0x80040C90] -> 0x0213
mem[X,0x80040C92] -> 0x0012
[6153] [M]: 0x80040C90 (0x00120213) addi tp, tp, 1
x4 <- 0x00000001


mem[X,0x80040C94] -> 0x006F
mem[X,0x80040C96] -> 0x0110
[6154] [M]: 0x80040C94 (0x0110006F) jal zero, 2064


mem[X,0x800414A4] -> 0xA823
mem[X,0x800414A6] -> 0x1C40
[6155] [M]: 0x800414A4 (0x1C40A823) sw tp, 464(ra)
mem[0x8004CB44] <- 0x00000001


mem[X,0x800414A8] -> 0xB537
mem[X,0x800414AA] -> 0x0000
[6156] [M]: 0x800414A8 (0x0000B537) lui a0, 11
x10 <- 0x0000B000


mem[X,0x800414AC] -> 0x0513
mem[X,0x800414AE] -> 0x5055
[6157] [M]: 0x800414AC (0x50550513) addi a0, a0, 1285
x10 <- 0x0000B505


mem[X,0x800414B0] -> 0x0593
mem[X,0x800414B2] -> 0x0020
[6158] [M]: 0x800414B0 (0x00200593) addi a1, zero, 2
x11 <- 0x00000002


mem[X,0x800414B4] -> 0x0213
mem[X,0x800414B6] -> 0x0000
[6159] [M]: 0x800414B4 (0x00000213) addi tp, zero, 0
x4 <- 0x00000000


mem[X,0x800414B8] -> 0x006F
mem[X,0x800414BA] -> 0x00C0
[6160] [M]: 0x800414B8 (0x00C0006F) jal zero, 12


mem[X,0x800414C4] -> 0x6CE3
mem[X,0x800414C6] -> 0xFEB5
[6161] [M]: 0x800414C4 (0xFEB56CE3) bltu a0, a1, 8184


mem[X,0x800414C8] -> 0x0213
mem[X,0x800414CA] -> 0x0022
[6162] [M]: 0x800414C8 (0x00220213) addi tp, tp, 2
x4 <- 0x00000002


mem[X,0x800414CC] -> 0x006F
mem[X,0x800414CE] -> 0x00C0
[6163] [M]: 0x800414CC (0x00C0006F) jal zero, 12


mem[X,0x800414D8] -> 0xAA23
mem[X,0x800414DA] -> 0x1C40
[6164] [M]: 0x800414D8 (0x1C40AA23) sw tp, 468(ra)
mem[0x8004CB48] <- 0x00000002


mem[X,0x800414DC] -> 0xB537
mem[X,0x800414DE] -> 0x0000
[6165] [M]: 0x800414DC (0x0000B537) lui a0, 11
x10 <- 0x0000B000


mem[X,0x800414E0] -> 0x0513
mem[X,0x800414E2] -> 0x5055
[6166] [M]: 0x800414E0 (0x50550513) addi a0, a0, 1285
x10 <- 0x0000B505


mem[X,0x800414E4] -> 0x55B7
mem[X,0x800414E6] -> 0x5555
[6167] [M]: 0x800414E4 (0x555555B7) lui a1, 349525
x11 <- 0x55555000


mem[X,0x800414E8] -> 0x8593
mem[X,0x800414EA] -> 0x5545
[6168] [M]: 0x800414E8 (0x55458593) addi a1, a1, 1364
x11 <- 0x55555554


mem[X,0x800414EC] -> 0x0213
mem[X,0x800414EE] -> 0x0000
[6169] [M]: 0x800414EC (0x00000213) addi tp, zero, 0
x4 <- 0x00000000


mem[X,0x800414F0] -> 0x006F
mem[X,0x800414F2] -> 0x00C0
[6170] [M]: 0x800414F0 (0x00C0006F) jal zero, 12


mem[X,0x800414FC] -> 0x6CE3
mem[X,0x800414FE] -> 0xFEB5
[6171] [M]: 0x800414FC (0xFEB56CE3) bltu a0, a1, 8184


mem[X,0x800414F4] -> 0x0213
mem[X,0x800414F6] -> 0x0012
[6172] [M]: 0x800414F4 (0x00120213) addi tp, tp, 1
x4 <- 0x00000001


mem[X,0x800414F8] -> 0x006F
mem[X,0x800414FA] -> 0x0180
[6173] [M]: 0x800414F8 (0x0180006F) jal zero, 24


mem[X,0x80041510] -> 0xAC23
mem[X,0x80041512] -> 0x1C40
[6174] [M]: 0x80041510 (0x1C40AC23) sw tp, 472(ra)
mem[0x8004CB4C] <- 0x00000001


mem[X,0x80041514] -> 0xB537
mem[X,0x80041516] -> 0x0000
[6175] [M]: 0x80041514 (0x0000B537) lui a0, 11
x10 <- 0x0000B000


mem[X,0x80041518] -> 0x0513
mem[X,0x8004151A] -> 0x5055
[6176] [M]: 0x80041518 (0x50550513) addi a0, a0, 1285
x10 <- 0x0000B505


mem[X,0x8004151C] -> 0xB5B7
mem[X,0x8004151E] -> 0xAAAA
[6177] [M]: 0x8004151C (0xAAAAB5B7) lui a1, 699051
x11 <- 0xAAAAB000


mem[X,0x80041520] -> 0x8593
mem[X,0x80041522] -> 0xAA95
[6178] [M]: 0x80041520 (0xAA958593) addi a1, a1, 2729
x11 <- 0xAAAAAAA9


mem[X,0x80041524] -> 0x0213
mem[X,0x80041526] -> 0x0000
[6179] [M]: 0x80041524 (0x00000213) addi tp, zero, 0
x4 <- 0x00000000


mem[X,0x80041528] -> 0x006F
mem[X,0x8004152A] -> 0x2B10
[6180] [M]: 0x80041528 (0x2B10006F) jal zero, 2736


mem[X,0x80041FD8] -> 0x6A63
mem[X,0x80041FDA] -> 0xD4B5
[6181] [M]: 0x80041FD8 (0xD4B56A63) bltu a0, a1, 5460


mem[X,0x8004152C] -> 0x0213
mem[X,0x8004152E] -> 0x0012
[6182] [M]: 0x8004152C (0x00120213) addi tp, tp, 1
x4 <- 0x00000001


mem[X,0x80041530] -> 0x006F
mem[X,0x80041532] -> 0x2BD0
[6183] [M]: 0x80041530 (0x2BD0006F) jal zero, 2748


mem[X,0x80041FEC] -> 0xAE23
mem[X,0x80041FEE] -> 0x1C40
[6184] [M]: 0x80041FEC (0x1C40AE23) sw tp, 476(ra)
mem[0x8004CB50] <- 0x00000001


mem[X,0x80041FF0] -> 0xB537
mem[X,0x80041FF2] -> 0x0000
[6185] [M]: 0x80041FF0 (0x0000B537) lui a0, 11
x10 <- 0x0000B000


mem[X,0x80041FF4] -> 0x0513
mem[X,0x80041FF6] -> 0x5055
[6186] [M]: 0x80041FF4 (0x50550513) addi a0, a0, 1285
x10 <- 0x0000B505


mem[X,0x80041FF8] -> 0x0593
mem[X,0x80041FFA] -> 0x0040
[6187] [M]: 0x80041FF8 (0x00400593) addi a1, zero, 4
x11 <- 0x00000004


mem[X,0x80041FFC] -> 0x0213
mem[X,0x80041FFE] -> 0x0000
[6188] [M]: 0x80041FFC (0x00000213) addi tp, zero, 0
x4 <- 0x00000000


mem[X,0x80042000] -> 0x006F
mem[X,0x80042002] -> 0x0100
[6189] [M]: 0x80042000 (0x0100006F) jal zero, 16


mem[X,0x80042010] -> 0x6AE3
mem[X,0x80042012] -> 0xFEB5
[6190] [M]: 0x80042010 (0xFEB56AE3) bltu a0, a1, 8180


mem[X,0x80042014] -> 0x0213
mem[X,0x80042016] -> 0x0022
[6191] [M]: 0x80042014 (0x00220213) addi tp, tp, 2
x4 <- 0x00000002


mem[X,0x80042018] -> 0x006F
mem[X,0x8004201A] -> 0x00C0
[6192] [M]: 0x80042018 (0x00C0006F) jal zero, 12


mem[X,0x80042024] -> 0xA023
mem[X,0x80042026] -> 0x1E40
[6193] [M]: 0x80042024 (0x1E40A023) sw tp, 480(ra)
mem[0x8004CB54] <- 0x00000002


mem[X,0x80042028] -> 0xB537
mem[X,0x8004202A] -> 0x0000
[6194] [M]: 0x80042028 (0x0000B537) lui a0, 11
x10 <- 0x0000B000


mem[X,0x8004202C] -> 0x0513
mem[X,0x8004202E] -> 0x5055
[6195] [M]: 0x8004202C (0x50550513) addi a0, a0, 1285
x10 <- 0x0000B505


mem[X,0x80042030] -> 0x35B7
mem[X,0x80042032] -> 0x3333
[6196] [M]: 0x80042030 (0x333335B7) lui a1, 209715
x11 <- 0x33333000


mem[X,0x80042034] -> 0x8593
mem[X,0x80042036] -> 0x3325
[6197] [M]: 0x80042034 (0x33258593) addi a1, a1, 818
x11 <- 0x33333332


mem[X,0x80042038] -> 0x0213
mem[X,0x8004203A] -> 0x0000
[6198] [M]: 0x80042038 (0x00000213) addi tp, zero, 0
x4 <- 0x00000000


mem[X,0x8004203C] -> 0x006F
mem[X,0x8004203E] -> 0x00C0
[6199] [M]: 0x8004203C (0x00C0006F) jal zero, 12


clint::tick mtime <- 0x000000000000003E
 clint timer pending at mtime 0x000000000000003E
htif::tick 0x0000000000000000
mem[X,0x80042048] -> 0x6063
mem[X,0x8004204A] -> 0x40B5
[6200] [M]: 0x80042048 (0x40B56063) bltu a0, a1, 1024


mem[X,0x80042448] -> 0x0213
mem[X,0x8004244A] -> 0x0032
[6201] [M]: 0x80042448 (0x00320213) addi tp, tp, 3
x4 <- 0x00000003


mem[X,0x8004244C] -> 0x006F
mem[X,0x8004244E] -> 0x0040
[6202] [M]: 0x8004244C (0x0040006F) jal zero, 4


mem[X,0x80042450] -> 0xA223
mem[X,0x80042452] -> 0x1E40
[6203] [M]: 0x80042450 (0x1E40A223) sw tp, 484(ra)
mem[0x8004CB58] <- 0x00000003


mem[X,0x80042454] -> 0xB537
mem[X,0x80042456] -> 0x0000
[6204] [M]: 0x80042454 (0x0000B537) lui a0, 11
x10 <- 0x0000B000


mem[X,0x80042458] -> 0x0513
mem[X,0x8004245A] -> 0x5055
[6205] [M]: 0x80042458 (0x50550513) addi a0, a0, 1285
x10 <- 0x0000B505


mem[X,0x8004245C] -> 0x65B7
mem[X,0x8004245E] -> 0x6666
[6206] [M]: 0x8004245C (0x666665B7) lui a1, 419430
x11 <- 0x66666000


mem[X,0x80042460] -> 0x8593
mem[X,0x80042462] -> 0x6655
[6207] [M]: 0x80042460 (0x66558593) addi a1, a1, 1637
x11 <- 0x66666665


mem[X,0x80042464] -> 0x0213
mem[X,0x80042466] -> 0x0000
[6208] [M]: 0x80042464 (0x00000213) addi tp, zero, 0
x4 <- 0x00000000


mem[X,0x80042468] -> 0x006F
mem[X,0x8004246A] -> 0x0140
[6209] [M]: 0x80042468 (0x0140006F) jal zero, 20


mem[X,0x8004247C] -> 0x68E3
mem[X,0x8004247E] -> 0xFEB5
[6210] [M]: 0x8004247C (0xFEB568E3) bltu a0, a1, 8176


mem[X,0x8004246C] -> 0x0213
mem[X,0x8004246E] -> 0x0012
[6211] [M]: 0x8004246C (0x00120213) addi tp, tp, 1
x4 <- 0x00000001


mem[X,0x80042470] -> 0x006F
mem[X,0x80042472] -> 0x0200
[6212] [M]: 0x80042470 (0x0200006F) jal zero, 32


mem[X,0x80042490] -> 0xA423
mem[X,0x80042492] -> 0x1E40
[6213] [M]: 0x80042490 (0x1E40A423) sw tp, 488(ra)
mem[0x8004CB5C] <- 0x00000001


mem[X,0x80042494] -> 0xB537
mem[X,0x80042496] -> 0x0000
[6214] [M]: 0x80042494 (0x0000B537) lui a0, 11
x10 <- 0x0000B000


mem[X,0x80042498] -> 0x0513
mem[X,0x8004249A] -> 0x5055
[6215] [M]: 0x80042498 (0x50550513) addi a0, a0, 1285
x10 <- 0x0000B505


mem[X,0x8004249C] -> 0xB5B7
mem[X,0x8004249E] -> 0x0000
[6216] [M]: 0x8004249C (0x0000B5B7) lui a1, 11
x11 <- 0x0000B000


mem[X,0x800424A0] -> 0x8593
mem[X,0x800424A2] -> 0x5035
[6217] [M]: 0x800424A0 (0x50358593) addi a1, a1, 1283
x11 <- 0x0000B503


mem[X,0x800424A4] -> 0x0213
mem[X,0x800424A6] -> 0x0000
[6218] [M]: 0x800424A4 (0x00000213) addi tp, zero, 0
x4 <- 0x00000000


mem[X,0x800424A8] -> 0x006F
mem[X,0x800424AA] -> 0x00C0
[6219] [M]: 0x800424A8 (0x00C0006F) jal zero, 12


mem[X,0x800424B4] -> 0x6063
mem[X,0x800424B6] -> 0x20B5
[6220] [M]: 0x800424B4 (0x20B56063) bltu a0, a1, 512


mem[X,0x800424B8] -> 0x0213
mem[X,0x800424BA] -> 0x0022
[6221] [M]: 0x800424B8 (0x00220213) addi tp, tp, 2
x4 <- 0x00000002


mem[X,0x800424BC] -> 0x006F
mem[X,0x800424BE] -> 0x2000
[6222] [M]: 0x800424BC (0x2000006F) jal zero, 512


mem[X,0x800426BC] -> 0xA623
mem[X,0x800426BE] -> 0x1E40
[6223] [M]: 0x800426BC (0x1E40A623) sw tp, 492(ra)
mem[0x8004CB60] <- 0x00000002


mem[X,0x800426C0] -> 0xB537
mem[X,0x800426C2] -> 0x0000
[6224] [M]: 0x800426C0 (0x0000B537) lui a0, 11
x10 <- 0x0000B000


mem[X,0x800426C4] -> 0x0513
mem[X,0x800426C6] -> 0x5055
[6225] [M]: 0x800426C4 (0x50550513) addi a0, a0, 1285
x10 <- 0x0000B505


mem[X,0x800426C8] -> 0x05B7
mem[X,0x800426CA] -> 0x0001
[6226] [M]: 0x800426C8 (0x000105B7) lui a1, 16
x11 <- 0x00010000


mem[X,0x800426CC] -> 0x8593
mem[X,0x800426CE] -> 0xFFE5
[6227] [M]: 0x800426CC (0xFFE58593) addi a1, a1, 4094
x11 <- 0x0000FFFE


mem[X,0x800426D0] -> 0x0213
mem[X,0x800426D2] -> 0x0000
[6228] [M]: 0x800426D0 (0x00000213) addi tp, zero, 0
x4 <- 0x00000000


mem[X,0x800426D4] -> 0x006F
mem[X,0x800426D6] -> 0x0100
[6229] [M]: 0x800426D4 (0x0100006F) jal zero, 16


mem[X,0x800426E4] -> 0x6AE3
mem[X,0x800426E6] -> 0xFEB5
[6230] [M]: 0x800426E4 (0xFEB56AE3) bltu a0, a1, 8180


mem[X,0x800426D8] -> 0x0213
mem[X,0x800426DA] -> 0x0012
[6231] [M]: 0x800426D8 (0x00120213) addi tp, tp, 1
x4 <- 0x00000001


mem[X,0x800426DC] -> 0x006F
mem[X,0x800426DE] -> 0x01C0
[6232] [M]: 0x800426DC (0x01C0006F) jal zero, 28


mem[X,0x800426F8] -> 0xA823
mem[X,0x800426FA] -> 0x1E40
[6233] [M]: 0x800426F8 (0x1E40A823) sw tp, 496(ra)
mem[0x8004CB64] <- 0x00000001


mem[X,0x800426FC] -> 0xB537
mem[X,0x800426FE] -> 0x0000
[6234] [M]: 0x800426FC (0x0000B537) lui a0, 11
x10 <- 0x0000B000


mem[X,0x80042700] -> 0x0513
mem[X,0x80042702] -> 0x5055
[6235] [M]: 0x80042700 (0x50550513) addi a0, a0, 1285
x10 <- 0x0000B505


mem[X,0x80042704] -> 0x55B7
mem[X,0x80042706] -> 0x5555
[6236] [M]: 0x80042704 (0x555555B7) lui a1, 349525
x11 <- 0x55555000


mem[X,0x80042708] -> 0x8593
mem[X,0x8004270A] -> 0x5565
[6237] [M]: 0x80042708 (0x55658593) addi a1, a1, 1366
x11 <- 0x55555556


mem[X,0x8004270C] -> 0x0213
mem[X,0x8004270E] -> 0x0000
[6238] [M]: 0x8004270C (0x00000213) addi tp, zero, 0
x4 <- 0x00000000


mem[X,0x80042710] -> 0x006F
mem[X,0x80042712] -> 0x2B10
[6239] [M]: 0x80042710 (0x2B10006F) jal zero, 2736


mem[X,0x800431C0] -> 0x6A63
mem[X,0x800431C2] -> 0xD4B5
[6240] [M]: 0x800431C0 (0xD4B56A63) bltu a0, a1, 5460


mem[X,0x80042714] -> 0x0213
mem[X,0x80042716] -> 0x0012
[6241] [M]: 0x80042714 (0x00120213) addi tp, tp, 1
x4 <- 0x00000001


mem[X,0x80042718] -> 0x006F
mem[X,0x8004271A] -> 0x2BD0
[6242] [M]: 0x80042718 (0x2BD0006F) jal zero, 2748


mem[X,0x800431D4] -> 0xAA23
mem[X,0x800431D6] -> 0x1E40
[6243] [M]: 0x800431D4 (0x1E40AA23) sw tp, 500(ra)
mem[0x8004CB68] <- 0x00000001


mem[X,0x800431D8] -> 0xB537
mem[X,0x800431DA] -> 0x0000
[6244] [M]: 0x800431D8 (0x0000B537) lui a0, 11
x10 <- 0x0000B000


mem[X,0x800431DC] -> 0x0513
mem[X,0x800431DE] -> 0x5055
[6245] [M]: 0x800431DC (0x50550513) addi a0, a0, 1285
x10 <- 0x0000B505


mem[X,0x800431E0] -> 0xB5B7
mem[X,0x800431E2] -> 0xAAAA
[6246] [M]: 0x800431E0 (0xAAAAB5B7) lui a1, 699051
x11 <- 0xAAAAB000


mem[X,0x800431E4] -> 0x8593
mem[X,0x800431E6] -> 0xAAB5
[6247] [M]: 0x800431E4 (0xAAB58593) addi a1, a1, 2731
x11 <- 0xAAAAAAAB


mem[X,0x800431E8] -> 0x0213
mem[X,0x800431EA] -> 0x0000
[6248] [M]: 0x800431E8 (0x00000213) addi tp, zero, 0
x4 <- 0x00000000


mem[X,0x800431EC] -> 0x006F
mem[X,0x800431EE] -> 0x00C0
[6249] [M]: 0x800431EC (0x00C0006F) jal zero, 12


mem[X,0x800431F8] -> 0x6063
mem[X,0x800431FA] -> 0x02B5
[6250] [M]: 0x800431F8 (0x02B56063) bltu a0, a1, 32


mem[X,0x80043218] -> 0x0213
mem[X,0x8004321A] -> 0x0032
[6251] [M]: 0x80043218 (0x00320213) addi tp, tp, 3
x4 <- 0x00000003


mem[X,0x8004321C] -> 0x006F
mem[X,0x8004321E] -> 0x0040
[6252] [M]: 0x8004321C (0x0040006F) jal zero, 4


mem[X,0x80043220] -> 0xAC23
mem[X,0x80043222] -> 0x1E40
[6253] [M]: 0x80043220 (0x1E40AC23) sw tp, 504(ra)
mem[0x8004CB6C] <- 0x00000003


mem[X,0x80043224] -> 0xB537
mem[X,0x80043226] -> 0x0000
[6254] [M]: 0x80043224 (0x0000B537) lui a0, 11
x10 <- 0x0000B000


mem[X,0x80043228] -> 0x0513
mem[X,0x8004322A] -> 0x5055
[6255] [M]: 0x80043228 (0x50550513) addi a0, a0, 1285
x10 <- 0x0000B505


mem[X,0x8004322C] -> 0x0593
mem[X,0x8004322E] -> 0x0060
[6256] [M]: 0x8004322C (0x00600593) addi a1, zero, 6
x11 <- 0x00000006


mem[X,0x80043230] -> 0x0213
mem[X,0x80043232] -> 0x0000
[6257] [M]: 0x80043230 (0x00000213) addi tp, zero, 0
x4 <- 0x00000000


mem[X,0x80043234] -> 0x006F
mem[X,0x80043236] -> 0x00C0
[6258] [M]: 0x80043234 (0x00C0006F) jal zero, 12


mem[X,0x80043240] -> 0x6663
mem[X,0x80043242] -> 0x00B5
[6259] [M]: 0x80043240 (0x00B56663) bltu a0, a1, 12


mem[X,0x80043244] -> 0x0213
mem[X,0x80043246] -> 0x0022
[6260] [M]: 0x80043244 (0x00220213) addi tp, tp, 2
x4 <- 0x00000002


mem[X,0x80043248] -> 0x006F
mem[X,0x8004324A] -> 0x00C0
[6261] [M]: 0x80043248 (0x00C0006F) jal zero, 12


mem[X,0x80043254] -> 0xAE23
mem[X,0x80043256] -> 0x1E40
[6262] [M]: 0x80043254 (0x1E40AE23) sw tp, 508(ra)
mem[0x8004CB70] <- 0x00000002


mem[X,0x80043258] -> 0xB537
mem[X,0x8004325A] -> 0x0000
[6263] [M]: 0x80043258 (0x0000B537) lui a0, 11
x10 <- 0x0000B000


mem[X,0x8004325C] -> 0x0513
mem[X,0x8004325E] -> 0x5055
[6264] [M]: 0x8004325C (0x50550513) addi a0, a0, 1285
x10 <- 0x0000B505


mem[X,0x80043260] -> 0x35B7
mem[X,0x80043262] -> 0x3333
[6265] [M]: 0x80043260 (0x333335B7) lui a1, 209715
x11 <- 0x33333000


mem[X,0x80043264] -> 0x8593
mem[X,0x80043266] -> 0x3345
[6266] [M]: 0x80043264 (0x33458593) addi a1, a1, 820
x11 <- 0x33333334


mem[X,0x80043268] -> 0x0213
mem[X,0x8004326A] -> 0x0000
[6267] [M]: 0x80043268 (0x00000213) addi tp, zero, 0
x4 <- 0x00000000


mem[X,0x8004326C] -> 0x006F
mem[X,0x8004326E] -> 0x2B10
[6268] [M]: 0x8004326C (0x2B10006F) jal zero, 2736


mem[X,0x80043D1C] -> 0x6A63
mem[X,0x80043D1E] -> 0xD4B5
[6269] [M]: 0x80043D1C (0xD4B56A63) bltu a0, a1, 5460


mem[X,0x80043270] -> 0x0213
mem[X,0x80043272] -> 0x0012
[6270] [M]: 0x80043270 (0x00120213) addi tp, tp, 1
x4 <- 0x00000001


mem[X,0x80043274] -> 0x006F
mem[X,0x80043276] -> 0x2BD0
[6271] [M]: 0x80043274 (0x2BD0006F) jal zero, 2748


mem[X,0x80043D30] -> 0xA023
mem[X,0x80043D32] -> 0x2040
[6272] [M]: 0x80043D30 (0x2040A023) sw tp, 512(ra)
mem[0x8004CB74] <- 0x00000001


mem[X,0x80043D34] -> 0xB537
mem[X,0x80043D36] -> 0x0000
[6273] [M]: 0x80043D34 (0x0000B537) lui a0, 11
x10 <- 0x0000B000


mem[X,0x80043D38] -> 0x0513
mem[X,0x80043D3A] -> 0x5055
[6274] [M]: 0x80043D38 (0x50550513) addi a0, a0, 1285
x10 <- 0x0000B505


mem[X,0x80043D3C] -> 0x65B7
mem[X,0x80043D3E] -> 0x6666
[6275] [M]: 0x80043D3C (0x666665B7) lui a1, 419430
x11 <- 0x66666000


mem[X,0x80043D40] -> 0x8593
mem[X,0x80043D42] -> 0x6675
[6276] [M]: 0x80043D40 (0x66758593) addi a1, a1, 1639
x11 <- 0x66666667


mem[X,0x80043D44] -> 0x0213
mem[X,0x80043D46] -> 0x0000
[6277] [M]: 0x80043D44 (0x00000213) addi tp, zero, 0
x4 <- 0x00000000


mem[X,0x80043D48] -> 0x006F
mem[X,0x80043D4A] -> 0x00C0
[6278] [M]: 0x80043D48 (0x00C0006F) jal zero, 12


mem[X,0x80043D54] -> 0x6663
mem[X,0x80043D56] -> 0x00B5
[6279] [M]: 0x80043D54 (0x00B56663) bltu a0, a1, 12


mem[X,0x80043D60] -> 0x0213
mem[X,0x80043D62] -> 0x0032
[6280] [M]: 0x80043D60 (0x00320213) addi tp, tp, 3
x4 <- 0x00000003


mem[X,0x80043D64] -> 0x006F
mem[X,0x80043D66] -> 0x0040
[6281] [M]: 0x80043D64 (0x0040006F) jal zero, 4


mem[X,0x80043D68] -> 0xA223
mem[X,0x80043D6A] -> 0x2040
[6282] [M]: 0x80043D68 (0x2040A223) sw tp, 516(ra)
mem[0x8004CB78] <- 0x00000003


mem[X,0x80043D6C] -> 0xB537
mem[X,0x80043D6E] -> 0x0000
[6283] [M]: 0x80043D6C (0x0000B537) lui a0, 11
x10 <- 0x0000B000


mem[X,0x80043D70] -> 0x0513
mem[X,0x80043D72] -> 0x5055
[6284] [M]: 0x80043D70 (0x50550513) addi a0, a0, 1285
x10 <- 0x0000B505


mem[X,0x80043D74] -> 0xB5B7
mem[X,0x80043D76] -> 0x0000
[6285] [M]: 0x80043D74 (0x0000B5B7) lui a1, 11
x11 <- 0x0000B000


mem[X,0x80043D78] -> 0x8593
mem[X,0x80043D7A] -> 0x5055
[6286] [M]: 0x80043D78 (0x50558593) addi a1, a1, 1285
x11 <- 0x0000B505


mem[X,0x80043D7C] -> 0x0213
mem[X,0x80043D7E] -> 0x0000
[6287] [M]: 0x80043D7C (0x00000213) addi tp, zero, 0
x4 <- 0x00000000


mem[X,0x80043D80] -> 0x006F
mem[X,0x80043D82] -> 0x0140
[6288] [M]: 0x80043D80 (0x0140006F) jal zero, 20


mem[X,0x80043D94] -> 0x68E3
mem[X,0x80043D96] -> 0xFEB5
[6289] [M]: 0x80043D94 (0xFEB568E3) bltu a0, a1, 8176


mem[X,0x80043D98] -> 0x0213
mem[X,0x80043D9A] -> 0x0022
[6290] [M]: 0x80043D98 (0x00220213) addi tp, tp, 2
x4 <- 0x00000002


mem[X,0x80043D9C] -> 0x006F
mem[X,0x80043D9E] -> 0x00C0
[6291] [M]: 0x80043D9C (0x00C0006F) jal zero, 12


mem[X,0x80043DA8] -> 0xA423
mem[X,0x80043DAA] -> 0x2040
[6292] [M]: 0x80043DA8 (0x2040A423) sw tp, 520(ra)
mem[0x8004CB7C] <- 0x00000002


mem[X,0x80043DAC] -> 0xB537
mem[X,0x80043DAE] -> 0x0000
[6293] [M]: 0x80043DAC (0x0000B537) lui a0, 11
x10 <- 0x0000B000


mem[X,0x80043DB0] -> 0x0513
mem[X,0x80043DB2] -> 0x5055
[6294] [M]: 0x80043DB0 (0x50550513) addi a0, a0, 1285
x10 <- 0x0000B505


mem[X,0x80043DB4] -> 0x0593
mem[X,0x80043DB6] -> 0x0010
[6295] [M]: 0x80043DB4 (0x00100593) addi a1, zero, 1
x11 <- 0x00000001


mem[X,0x80043DB8] -> 0x0213
mem[X,0x80043DBA] -> 0x0000
[6296] [M]: 0x80043DB8 (0x00000213) addi tp, zero, 0
x4 <- 0x00000000


mem[X,0x80043DBC] -> 0x006F
mem[X,0x80043DBE] -> 0x0180
[6297] [M]: 0x80043DBC (0x0180006F) jal zero, 24


mem[X,0x80043DD4] -> 0x66E3
mem[X,0x80043DD6] -> 0xFEB5
[6298] [M]: 0x80043DD4 (0xFEB566E3) bltu a0, a1, 8172


mem[X,0x80043DD8] -> 0x0213
mem[X,0x80043DDA] -> 0x0022
[6299] [M]: 0x80043DD8 (0x00220213) addi tp, tp, 2
x4 <- 0x00000002


clint::tick mtime <- 0x000000000000003F
 clint timer pending at mtime 0x000000000000003F
htif::tick 0x0000000000000000
mem[X,0x80043DDC] -> 0x006F
mem[X,0x80043DDE] -> 0x00C0
[6300] [M]: 0x80043DDC (0x00C0006F) jal zero, 12


mem[X,0x80043DE8] -> 0xA623
mem[X,0x80043DEA] -> 0x2040
[6301] [M]: 0x80043DE8 (0x2040A623) sw tp, 524(ra)
mem[0x8004CB80] <- 0x00000002


mem[X,0x80043DEC] -> 0xB537
mem[X,0x80043DEE] -> 0x0000
[6302] [M]: 0x80043DEC (0x0000B537) lui a0, 11
x10 <- 0x0000B000


mem[X,0x80043DF0] -> 0x0513
mem[X,0x80043DF2] -> 0x5055
[6303] [M]: 0x80043DF0 (0x50550513) addi a0, a0, 1285
x10 <- 0x0000B505


mem[X,0x80043DF4] -> 0x05B7
mem[X,0x80043DF6] -> 0x0001
[6304] [M]: 0x80043DF4 (0x000105B7) lui a1, 16
x11 <- 0x00010000


mem[X,0x80043DF8] -> 0x0213
mem[X,0x80043DFA] -> 0x0000
[6305] [M]: 0x80043DF8 (0x00000213) addi tp, zero, 0
x4 <- 0x00000000


mem[X,0x80043DFC] -> 0x006F
mem[X,0x80043DFE] -> 0x00C0
[6306] [M]: 0x80043DFC (0x00C0006F) jal zero, 12


mem[X,0x80043E08] -> 0x6663
mem[X,0x80043E0A] -> 0x00B5
[6307] [M]: 0x80043E08 (0x00B56663) bltu a0, a1, 12


mem[X,0x80043E14] -> 0x0213
mem[X,0x80043E16] -> 0x0032
[6308] [M]: 0x80043E14 (0x00320213) addi tp, tp, 3
x4 <- 0x00000003


mem[X,0x80043E18] -> 0x006F
mem[X,0x80043E1A] -> 0x0040
[6309] [M]: 0x80043E18 (0x0040006F) jal zero, 4


mem[X,0x80043E1C] -> 0xA823
mem[X,0x80043E1E] -> 0x2040
[6310] [M]: 0x80043E1C (0x2040A823) sw tp, 528(ra)
mem[0x8004CB84] <- 0x00000003


mem[X,0x80043E20] -> 0x0513
mem[X,0x80043E22] -> 0x0010
[6311] [M]: 0x80043E20 (0x00100513) addi a0, zero, 1
x10 <- 0x00000001


mem[X,0x80043E24] -> 0x0593
mem[X,0x80043E26] -> 0x0030
[6312] [M]: 0x80043E24 (0x00300593) addi a1, zero, 3
x11 <- 0x00000003


mem[X,0x80043E28] -> 0x0213
mem[X,0x80043E2A] -> 0x0000
[6313] [M]: 0x80043E28 (0x00000213) addi tp, zero, 0
x4 <- 0x00000000


mem[X,0x80043E2C] -> 0x006F
mem[X,0x80043E2E] -> 0x00C0
[6314] [M]: 0x80043E2C (0x00C0006F) jal zero, 12


mem[X,0x80043E38] -> 0x6063
mem[X,0x80043E3A] -> 0x10B5
[6315] [M]: 0x80043E38 (0x10B56063) bltu a0, a1, 256


mem[X,0x80043F38] -> 0x0213
mem[X,0x80043F3A] -> 0x0032
[6316] [M]: 0x80043F38 (0x00320213) addi tp, tp, 3
x4 <- 0x00000003


mem[X,0x80043F3C] -> 0x006F
mem[X,0x80043F3E] -> 0x0040
[6317] [M]: 0x80043F3C (0x0040006F) jal zero, 4


mem[X,0x80043F40] -> 0xAA23
mem[X,0x80043F42] -> 0x2040
[6318] [M]: 0x80043F40 (0x2040AA23) sw tp, 532(ra)
mem[0x8004CB88] <- 0x00000003


mem[X,0x80043F44] -> 0x0513
mem[X,0x80043F46] -> 0x0010
[6319] [M]: 0x80043F44 (0x00100513) addi a0, zero, 1
x10 <- 0x00000001


mem[X,0x80043F48] -> 0x55B7
mem[X,0x80043F4A] -> 0x5555
[6320] [M]: 0x80043F48 (0x555555B7) lui a1, 349525
x11 <- 0x55555000


mem[X,0x80043F4C] -> 0x8593
mem[X,0x80043F4E] -> 0x5555
[6321] [M]: 0x80043F4C (0x55558593) addi a1, a1, 1365
x11 <- 0x55555555


mem[X,0x80043F50] -> 0x0213
mem[X,0x80043F52] -> 0x0000
[6322] [M]: 0x80043F50 (0x00000213) addi tp, zero, 0
x4 <- 0x00000000


mem[X,0x80043F54] -> 0x006F
mem[X,0x80043F56] -> 0x00C0
[6323] [M]: 0x80043F54 (0x00C0006F) jal zero, 12


mem[X,0x80043F60] -> 0x6CE3
mem[X,0x80043F62] -> 0xFEB5
[6324] [M]: 0x80043F60 (0xFEB56CE3) bltu a0, a1, 8184


mem[X,0x80043F58] -> 0x0213
mem[X,0x80043F5A] -> 0x0012
[6325] [M]: 0x80043F58 (0x00120213) addi tp, tp, 1
x4 <- 0x00000001


mem[X,0x80043F5C] -> 0x006F
mem[X,0x80043F5E] -> 0x0180
[6326] [M]: 0x80043F5C (0x0180006F) jal zero, 24


mem[X,0x80043F74] -> 0xAC23
mem[X,0x80043F76] -> 0x2040
[6327] [M]: 0x80043F74 (0x2040AC23) sw tp, 536(ra)
mem[0x8004CB8C] <- 0x00000001


mem[X,0x80043F78] -> 0x0513
mem[X,0x80043F7A] -> 0x0010
[6328] [M]: 0x80043F78 (0x00100513) addi a0, zero, 1
x10 <- 0x00000001


mem[X,0x80043F7C] -> 0xB5B7
mem[X,0x80043F7E] -> 0xAAAA
[6329] [M]: 0x80043F7C (0xAAAAB5B7) lui a1, 699051
x11 <- 0xAAAAB000


mem[X,0x80043F80] -> 0x8593
mem[X,0x80043F82] -> 0xAAA5
[6330] [M]: 0x80043F80 (0xAAA58593) addi a1, a1, 2730
x11 <- 0xAAAAAAAA


mem[X,0x80043F84] -> 0x0213
mem[X,0x80043F86] -> 0x0000
[6331] [M]: 0x80043F84 (0x00000213) addi tp, zero, 0
x4 <- 0x00000000


mem[X,0x80043F88] -> 0x006F
mem[X,0x80043F8A] -> 0x00C0
[6332] [M]: 0x80043F88 (0x00C0006F) jal zero, 12


mem[X,0x80043F94] -> 0x6663
mem[X,0x80043F96] -> 0x00B5
[6333] [M]: 0x80043F94 (0x00B56663) bltu a0, a1, 12


mem[X,0x80043FA0] -> 0x0213
mem[X,0x80043FA2] -> 0x0032
[6334] [M]: 0x80043FA0 (0x00320213) addi tp, tp, 3
x4 <- 0x00000003


mem[X,0x80043FA4] -> 0x006F
mem[X,0x80043FA6] -> 0x0040
[6335] [M]: 0x80043FA4 (0x0040006F) jal zero, 4


mem[X,0x80043FA8] -> 0xAE23
mem[X,0x80043FAA] -> 0x2040
[6336] [M]: 0x80043FA8 (0x2040AE23) sw tp, 540(ra)
mem[0x8004CB90] <- 0x00000003


mem[X,0x80043FAC] -> 0x0513
mem[X,0x80043FAE] -> 0x0010
[6337] [M]: 0x80043FAC (0x00100513) addi a0, zero, 1
x10 <- 0x00000001


mem[X,0x80043FB0] -> 0x0593
mem[X,0x80043FB2] -> 0x0050
[6338] [M]: 0x80043FB0 (0x00500593) addi a1, zero, 5
x11 <- 0x00000005


mem[X,0x80043FB4] -> 0x0213
mem[X,0x80043FB6] -> 0x0000
[6339] [M]: 0x80043FB4 (0x00000213) addi tp, zero, 0
x4 <- 0x00000000


mem[X,0x80043FB8] -> 0x006F
mem[X,0x80043FBA] -> 0x0050
[6340] [M]: 0x80043FB8 (0x0050006F) jal zero, 2052


mem[X,0x800447BC] -> 0x60E3
mem[X,0x800447BE] -> 0x80B5
[6341] [M]: 0x800447BC (0x80B560E3) bltu a0, a1, 6144


mem[X,0x80043FBC] -> 0x0213
mem[X,0x80043FBE] -> 0x0012
[6342] [M]: 0x80043FBC (0x00120213) addi tp, tp, 1
x4 <- 0x00000001


mem[X,0x80043FC0] -> 0x006F
mem[X,0x80043FC2] -> 0x0110
[6343] [M]: 0x80043FC0 (0x0110006F) jal zero, 2064


mem[X,0x800447D0] -> 0xA023
mem[X,0x800447D2] -> 0x2240
[6344] [M]: 0x800447D0 (0x2240A023) sw tp, 544(ra)
mem[0x8004CB94] <- 0x00000001


mem[X,0x800447D4] -> 0x0513
mem[X,0x800447D6] -> 0x0010
[6345] [M]: 0x800447D4 (0x00100513) addi a0, zero, 1
x10 <- 0x00000001


mem[X,0x800447D8] -> 0x35B7
mem[X,0x800447DA] -> 0x3333
[6346] [M]: 0x800447D8 (0x333335B7) lui a1, 209715
x11 <- 0x33333000


mem[X,0x800447DC] -> 0x8593
mem[X,0x800447DE] -> 0x3335
[6347] [M]: 0x800447DC (0x33358593) addi a1, a1, 819
x11 <- 0x33333333


mem[X,0x800447E0] -> 0x0213
mem[X,0x800447E2] -> 0x0000
[6348] [M]: 0x800447E0 (0x00000213) addi tp, zero, 0
x4 <- 0x00000000


mem[X,0x800447E4] -> 0x006F
mem[X,0x800447E6] -> 0x00C0
[6349] [M]: 0x800447E4 (0x00C0006F) jal zero, 12


mem[X,0x800447F0] -> 0x6863
mem[X,0x800447F2] -> 0x00B5
[6350] [M]: 0x800447F0 (0x00B56863) bltu a0, a1, 16


mem[X,0x80044800] -> 0x0213
mem[X,0x80044802] -> 0x0032
[6351] [M]: 0x80044800 (0x00320213) addi tp, tp, 3
x4 <- 0x00000003


mem[X,0x80044804] -> 0x006F
mem[X,0x80044806] -> 0x0040
[6352] [M]: 0x80044804 (0x0040006F) jal zero, 4


mem[X,0x80044808] -> 0xA223
mem[X,0x8004480A] -> 0x2240
[6353] [M]: 0x80044808 (0x2240A223) sw tp, 548(ra)
mem[0x8004CB98] <- 0x00000003


mem[X,0x8004480C] -> 0x0513
mem[X,0x8004480E] -> 0x0010
[6354] [M]: 0x8004480C (0x00100513) addi a0, zero, 1
x10 <- 0x00000001


mem[X,0x80044810] -> 0x65B7
mem[X,0x80044812] -> 0x6666
[6355] [M]: 0x80044810 (0x666665B7) lui a1, 419430
x11 <- 0x66666000


mem[X,0x80044814] -> 0x8593
mem[X,0x80044816] -> 0x6665
[6356] [M]: 0x80044814 (0x66658593) addi a1, a1, 1638
x11 <- 0x66666666


mem[X,0x80044818] -> 0x0213
mem[X,0x8004481A] -> 0x0000
[6357] [M]: 0x80044818 (0x00000213) addi tp, zero, 0
x4 <- 0x00000000


mem[X,0x8004481C] -> 0x006F
mem[X,0x8004481E] -> 0x00C0
[6358] [M]: 0x8004481C (0x00C0006F) jal zero, 12


mem[X,0x80044828] -> 0x6063
mem[X,0x8004482A] -> 0x02B5
[6359] [M]: 0x80044828 (0x02B56063) bltu a0, a1, 32


mem[X,0x80044848] -> 0x0213
mem[X,0x8004484A] -> 0x0032
[6360] [M]: 0x80044848 (0x00320213) addi tp, tp, 3
x4 <- 0x00000003


mem[X,0x8004484C] -> 0x006F
mem[X,0x8004484E] -> 0x0040
[6361] [M]: 0x8004484C (0x0040006F) jal zero, 4


mem[X,0x80044850] -> 0xA423
mem[X,0x80044852] -> 0x2240
[6362] [M]: 0x80044850 (0x2240A423) sw tp, 552(ra)
mem[0x8004CB9C] <- 0x00000003


mem[X,0x80044854] -> 0x0513
mem[X,0x80044856] -> 0x0010
[6363] [M]: 0x80044854 (0x00100513) addi a0, zero, 1
x10 <- 0x00000001


mem[X,0x80044858] -> 0xB5B7
mem[X,0x8004485A] -> 0x0000
[6364] [M]: 0x80044858 (0x0000B5B7) lui a1, 11
x11 <- 0x0000B000


mem[X,0x8004485C] -> 0x8593
mem[X,0x8004485E] -> 0x5045
[6365] [M]: 0x8004485C (0x50458593) addi a1, a1, 1284
x11 <- 0x0000B504


mem[X,0x80044860] -> 0x0213
mem[X,0x80044862] -> 0x0000
[6366] [M]: 0x80044860 (0x00000213) addi tp, zero, 0
x4 <- 0x00000000


mem[X,0x80044864] -> 0x006F
mem[X,0x80044866] -> 0x0140
[6367] [M]: 0x80044864 (0x0140006F) jal zero, 20


mem[X,0x80044878] -> 0x68E3
mem[X,0x8004487A] -> 0xFEB5
[6368] [M]: 0x80044878 (0xFEB568E3) bltu a0, a1, 8176


mem[X,0x80044868] -> 0x0213
mem[X,0x8004486A] -> 0x0012
[6369] [M]: 0x80044868 (0x00120213) addi tp, tp, 1
x4 <- 0x00000001


mem[X,0x8004486C] -> 0x006F
mem[X,0x8004486E] -> 0x0200
[6370] [M]: 0x8004486C (0x0200006F) jal zero, 32


mem[X,0x8004488C] -> 0xA623
mem[X,0x8004488E] -> 0x2240
[6371] [M]: 0x8004488C (0x2240A623) sw tp, 556(ra)
mem[0x8004CBA0] <- 0x00000001


mem[X,0x80044890] -> 0x0513
mem[X,0x80044892] -> 0x0010
[6372] [M]: 0x80044890 (0x00100513) addi a0, zero, 1
x10 <- 0x00000001


mem[X,0x80044894] -> 0x0593
mem[X,0x80044896] -> 0x0000
[6373] [M]: 0x80044894 (0x00000593) addi a1, zero, 0
x11 <- 0x00000000


mem[X,0x80044898] -> 0x0213
mem[X,0x8004489A] -> 0x0000
[6374] [M]: 0x80044898 (0x00000213) addi tp, zero, 0
x4 <- 0x00000000


mem[X,0x8004489C] -> 0x006F
mem[X,0x8004489E] -> 0x00C0
[6375] [M]: 0x8004489C (0x00C0006F) jal zero, 12


mem[X,0x800448A8] -> 0x6063
mem[X,0x800448AA] -> 0x10B5
[6376] [M]: 0x800448A8 (0x10B56063) bltu a0, a1, 256


mem[X,0x800448AC] -> 0x0213
mem[X,0x800448AE] -> 0x0022
[6377] [M]: 0x800448AC (0x00220213) addi tp, tp, 2
x4 <- 0x00000002


mem[X,0x800448B0] -> 0x006F
mem[X,0x800448B2] -> 0x1000
[6378] [M]: 0x800448B0 (0x1000006F) jal zero, 256


mem[X,0x800449B0] -> 0xA823
mem[X,0x800449B2] -> 0x2240
[6379] [M]: 0x800449B0 (0x2240A823) sw tp, 560(ra)
mem[0x8004CBA4] <- 0x00000002


mem[X,0x800449B4] -> 0x0513
mem[X,0x800449B6] -> 0x0010
[6380] [M]: 0x800449B4 (0x00100513) addi a0, zero, 1
x10 <- 0x00000001


mem[X,0x800449B8] -> 0x05B7
mem[X,0x800449BA] -> 0x0001
[6381] [M]: 0x800449B8 (0x000105B7) lui a1, 16
x11 <- 0x00010000


mem[X,0x800449BC] -> 0x8593
mem[X,0x800449BE] -> 0xFFF5
[6382] [M]: 0x800449BC (0xFFF58593) addi a1, a1, 4095
x11 <- 0x0000FFFF


mem[X,0x800449C0] -> 0x0213
mem[X,0x800449C2] -> 0x0000
[6383] [M]: 0x800449C0 (0x00000213) addi tp, zero, 0
x4 <- 0x00000000


mem[X,0x800449C4] -> 0x006F
mem[X,0x800449C6] -> 0x00C0
[6384] [M]: 0x800449C4 (0x00C0006F) jal zero, 12


mem[X,0x800449D0] -> 0x6CE3
mem[X,0x800449D2] -> 0xFEB5
[6385] [M]: 0x800449D0 (0xFEB56CE3) bltu a0, a1, 8184


mem[X,0x800449C8] -> 0x0213
mem[X,0x800449CA] -> 0x0012
[6386] [M]: 0x800449C8 (0x00120213) addi tp, tp, 1
x4 <- 0x00000001


mem[X,0x800449CC] -> 0x006F
mem[X,0x800449CE] -> 0x0180
[6387] [M]: 0x800449CC (0x0180006F) jal zero, 24


mem[X,0x800449E4] -> 0xAA23
mem[X,0x800449E6] -> 0x2240
[6388] [M]: 0x800449E4 (0x2240AA23) sw tp, 564(ra)
mem[0x8004CBA8] <- 0x00000001


mem[X,0x800449E8] -> 0x0513
mem[X,0x800449EA] -> 0x0010
[6389] [M]: 0x800449E8 (0x00100513) addi a0, zero, 1
x10 <- 0x00000001


mem[X,0x800449EC] -> 0x0593
mem[X,0x800449EE] -> 0x0020
[6390] [M]: 0x800449EC (0x00200593) addi a1, zero, 2
x11 <- 0x00000002


mem[X,0x800449F0] -> 0x0213
mem[X,0x800449F2] -> 0x0000
[6391] [M]: 0x800449F0 (0x00000213) addi tp, zero, 0
x4 <- 0x00000000


mem[X,0x800449F4] -> 0x006F
mem[X,0x800449F6] -> 0x0180
[6392] [M]: 0x800449F4 (0x0180006F) jal zero, 24


mem[X,0x80044A0C] -> 0x66E3
mem[X,0x80044A0E] -> 0xFEB5
[6393] [M]: 0x80044A0C (0xFEB566E3) bltu a0, a1, 8172


mem[X,0x800449F8] -> 0x0213
mem[X,0x800449FA] -> 0x0012
[6394] [M]: 0x800449F8 (0x00120213) addi tp, tp, 1
x4 <- 0x00000001


mem[X,0x800449FC] -> 0x006F
mem[X,0x800449FE] -> 0x0240
[6395] [M]: 0x800449FC (0x0240006F) jal zero, 36


mem[X,0x80044A20] -> 0xAC23
mem[X,0x80044A22] -> 0x2240
[6396] [M]: 0x80044A20 (0x2240AC23) sw tp, 568(ra)
mem[0x8004CBAC] <- 0x00000001


mem[X,0x80044A24] -> 0x0513
mem[X,0x80044A26] -> 0x0010
[6397] [M]: 0x80044A24 (0x00100513) addi a0, zero, 1
x10 <- 0x00000001


mem[X,0x80044A28] -> 0x55B7
mem[X,0x80044A2A] -> 0x5555
[6398] [M]: 0x80044A28 (0x555555B7) lui a1, 349525
x11 <- 0x55555000


mem[X,0x80044A2C] -> 0x8593
mem[X,0x80044A2E] -> 0x5545
[6399] [M]: 0x80044A2C (0x55458593) addi a1, a1, 1364
x11 <- 0x55555554


clint::tick mtime <- 0x0000000000000040
 clint timer pending at mtime 0x0000000000000040
htif::tick 0x0000000000000000
mem[X,0x80044A30] -> 0x0213
mem[X,0x80044A32] -> 0x0000
[6400] [M]: 0x80044A30 (0x00000213) addi tp, zero, 0
x4 <- 0x00000000


mem[X,0x80044A34] -> 0x006F
mem[X,0x80044A36] -> 0x00C0
[6401] [M]: 0x80044A34 (0x00C0006F) jal zero, 12


mem[X,0x80044A40] -> 0x6063
mem[X,0x80044A42] -> 0x04B5
[6402] [M]: 0x80044A40 (0x04B56063) bltu a0, a1, 64


mem[X,0x80044A80] -> 0x0213
mem[X,0x80044A82] -> 0x0032
[6403] [M]: 0x80044A80 (0x00320213) addi tp, tp, 3
x4 <- 0x00000003


mem[X,0x80044A84] -> 0x006F
mem[X,0x80044A86] -> 0x0040
[6404] [M]: 0x80044A84 (0x0040006F) jal zero, 4


mem[X,0x80044A88] -> 0xAE23
mem[X,0x80044A8A] -> 0x2240
[6405] [M]: 0x80044A88 (0x2240AE23) sw tp, 572(ra)
mem[0x8004CBB0] <- 0x00000003


mem[X,0x80044A8C] -> 0x0513
mem[X,0x80044A8E] -> 0x0010
[6406] [M]: 0x80044A8C (0x00100513) addi a0, zero, 1
x10 <- 0x00000001


mem[X,0x80044A90] -> 0xB5B7
mem[X,0x80044A92] -> 0xAAAA
[6407] [M]: 0x80044A90 (0xAAAAB5B7) lui a1, 699051
x11 <- 0xAAAAB000


mem[X,0x80044A94] -> 0x8593
mem[X,0x80044A96] -> 0xAA95
[6408] [M]: 0x80044A94 (0xAA958593) addi a1, a1, 2729
x11 <- 0xAAAAAAA9


mem[X,0x80044A98] -> 0x0213
mem[X,0x80044A9A] -> 0x0000
[6409] [M]: 0x80044A98 (0x00000213) addi tp, zero, 0
x4 <- 0x00000000


mem[X,0x80044A9C] -> 0x006F
mem[X,0x80044A9E] -> 0x00C0
[6410] [M]: 0x80044A9C (0x00C0006F) jal zero, 12


mem[X,0x80044AA8] -> 0x6063
mem[X,0x80044AAA] -> 0x20B5
[6411] [M]: 0x80044AA8 (0x20B56063) bltu a0, a1, 512


mem[X,0x80044CA8] -> 0x0213
mem[X,0x80044CAA] -> 0x0032
[6412] [M]: 0x80044CA8 (0x00320213) addi tp, tp, 3
x4 <- 0x00000003


mem[X,0x80044CAC] -> 0x006F
mem[X,0x80044CAE] -> 0x0040
[6413] [M]: 0x80044CAC (0x0040006F) jal zero, 4


mem[X,0x80044CB0] -> 0xA023
mem[X,0x80044CB2] -> 0x2440
[6414] [M]: 0x80044CB0 (0x2440A023) sw tp, 576(ra)
mem[0x8004CBB4] <- 0x00000003


mem[X,0x80044CB4] -> 0x0513
mem[X,0x80044CB6] -> 0x0010
[6415] [M]: 0x80044CB4 (0x00100513) addi a0, zero, 1
x10 <- 0x00000001


mem[X,0x80044CB8] -> 0x0593
mem[X,0x80044CBA] -> 0x0040
[6416] [M]: 0x80044CB8 (0x00400593) addi a1, zero, 4
x11 <- 0x00000004


mem[X,0x80044CBC] -> 0x0213
mem[X,0x80044CBE] -> 0x0000
[6417] [M]: 0x80044CBC (0x00000213) addi tp, zero, 0
x4 <- 0x00000000


mem[X,0x80044CC0] -> 0x006F
mem[X,0x80044CC2] -> 0x0180
[6418] [M]: 0x80044CC0 (0x0180006F) jal zero, 24


mem[X,0x80044CD8] -> 0x66E3
mem[X,0x80044CDA] -> 0xFEB5
[6419] [M]: 0x80044CD8 (0xFEB566E3) bltu a0, a1, 8172


mem[X,0x80044CC4] -> 0x0213
mem[X,0x80044CC6] -> 0x0012
[6420] [M]: 0x80044CC4 (0x00120213) addi tp, tp, 1
x4 <- 0x00000001


mem[X,0x80044CC8] -> 0x006F
mem[X,0x80044CCA] -> 0x0240
[6421] [M]: 0x80044CC8 (0x0240006F) jal zero, 36


mem[X,0x80044CEC] -> 0xA223
mem[X,0x80044CEE] -> 0x2440
[6422] [M]: 0x80044CEC (0x2440A223) sw tp, 580(ra)
mem[0x8004CBB8] <- 0x00000001


mem[X,0x80044CF0] -> 0x0513
mem[X,0x80044CF2] -> 0x0010
[6423] [M]: 0x80044CF0 (0x00100513) addi a0, zero, 1
x10 <- 0x00000001


mem[X,0x80044CF4] -> 0x35B7
mem[X,0x80044CF6] -> 0x3333
[6424] [M]: 0x80044CF4 (0x333335B7) lui a1, 209715
x11 <- 0x33333000


mem[X,0x80044CF8] -> 0x8593
mem[X,0x80044CFA] -> 0x3325
[6425] [M]: 0x80044CF8 (0x33258593) addi a1, a1, 818
x11 <- 0x33333332


mem[X,0x80044CFC] -> 0x0213
mem[X,0x80044CFE] -> 0x0000
[6426] [M]: 0x80044CFC (0x00000213) addi tp, zero, 0
x4 <- 0x00000000


mem[X,0x80044D00] -> 0x006F
mem[X,0x80044D02] -> 0x00C0
[6427] [M]: 0x80044D00 (0x00C0006F) jal zero, 12


mem[X,0x80044D0C] -> 0x6863
mem[X,0x80044D0E] -> 0x00B5
[6428] [M]: 0x80044D0C (0x00B56863) bltu a0, a1, 16


mem[X,0x80044D1C] -> 0x0213
mem[X,0x80044D1E] -> 0x0032
[6429] [M]: 0x80044D1C (0x00320213) addi tp, tp, 3
x4 <- 0x00000003


mem[X,0x80044D20] -> 0x006F
mem[X,0x80044D22] -> 0x0040
[6430] [M]: 0x80044D20 (0x0040006F) jal zero, 4


mem[X,0x80044D24] -> 0xA423
mem[X,0x80044D26] -> 0x2440
[6431] [M]: 0x80044D24 (0x2440A423) sw tp, 584(ra)
mem[0x8004CBBC] <- 0x00000003


mem[X,0x80044D28] -> 0x0513
mem[X,0x80044D2A] -> 0x0010
[6432] [M]: 0x80044D28 (0x00100513) addi a0, zero, 1
x10 <- 0x00000001


mem[X,0x80044D2C] -> 0x65B7
mem[X,0x80044D2E] -> 0x6666
[6433] [M]: 0x80044D2C (0x666665B7) lui a1, 419430
x11 <- 0x66666000


mem[X,0x80044D30] -> 0x8593
mem[X,0x80044D32] -> 0x6655
[6434] [M]: 0x80044D30 (0x66558593) addi a1, a1, 1637
x11 <- 0x66666665


mem[X,0x80044D34] -> 0x0213
mem[X,0x80044D36] -> 0x0000
[6435] [M]: 0x80044D34 (0x00000213) addi tp, zero, 0
x4 <- 0x00000000


mem[X,0x80044D38] -> 0x006F
mem[X,0x80044D3A] -> 0x00C0
[6436] [M]: 0x80044D38 (0x00C0006F) jal zero, 12


mem[X,0x80044D44] -> 0x6063
mem[X,0x80044D46] -> 0x20B5
[6437] [M]: 0x80044D44 (0x20B56063) bltu a0, a1, 512


mem[X,0x80044F44] -> 0x0213
mem[X,0x80044F46] -> 0x0032
[6438] [M]: 0x80044F44 (0x00320213) addi tp, tp, 3
x4 <- 0x00000003


mem[X,0x80044F48] -> 0x006F
mem[X,0x80044F4A] -> 0x0040
[6439] [M]: 0x80044F48 (0x0040006F) jal zero, 4


mem[X,0x80044F4C] -> 0xA623
mem[X,0x80044F4E] -> 0x2440
[6440] [M]: 0x80044F4C (0x2440A623) sw tp, 588(ra)
mem[0x8004CBC0] <- 0x00000003


mem[X,0x80044F50] -> 0x0513
mem[X,0x80044F52] -> 0x0010
[6441] [M]: 0x80044F50 (0x00100513) addi a0, zero, 1
x10 <- 0x00000001


mem[X,0x80044F54] -> 0xB5B7
mem[X,0x80044F56] -> 0x0000
[6442] [M]: 0x80044F54 (0x0000B5B7) lui a1, 11
x11 <- 0x0000B000


mem[X,0x80044F58] -> 0x8593
mem[X,0x80044F5A] -> 0x5035
[6443] [M]: 0x80044F58 (0x50358593) addi a1, a1, 1283
x11 <- 0x0000B503


mem[X,0x80044F5C] -> 0x0213
mem[X,0x80044F5E] -> 0x0000
[6444] [M]: 0x80044F5C (0x00000213) addi tp, zero, 0
x4 <- 0x00000000


mem[X,0x80044F60] -> 0x006F
mem[X,0x80044F62] -> 0x00C0
[6445] [M]: 0x80044F60 (0x00C0006F) jal zero, 12


mem[X,0x80044F6C] -> 0x6063
mem[X,0x80044F6E] -> 0x08B5
[6446] [M]: 0x80044F6C (0x08B56063) bltu a0, a1, 128


mem[X,0x80044FEC] -> 0x0213
mem[X,0x80044FEE] -> 0x0032
[6447] [M]: 0x80044FEC (0x00320213) addi tp, tp, 3
x4 <- 0x00000003


mem[X,0x80044FF0] -> 0x006F
mem[X,0x80044FF2] -> 0x0040
[6448] [M]: 0x80044FF0 (0x0040006F) jal zero, 4


mem[X,0x80044FF4] -> 0xA823
mem[X,0x80044FF6] -> 0x2440
[6449] [M]: 0x80044FF4 (0x2440A823) sw tp, 592(ra)
mem[0x8004CBC4] <- 0x00000003


mem[X,0x80044FF8] -> 0x0513
mem[X,0x80044FFA] -> 0x0010
[6450] [M]: 0x80044FF8 (0x00100513) addi a0, zero, 1
x10 <- 0x00000001


mem[X,0x80044FFC] -> 0x05B7
mem[X,0x80044FFE] -> 0x0001
[6451] [M]: 0x80044FFC (0x000105B7) lui a1, 16
x11 <- 0x00010000


mem[X,0x80045000] -> 0x8593
mem[X,0x80045002] -> 0xFFE5
[6452] [M]: 0x80045000 (0xFFE58593) addi a1, a1, 4094
x11 <- 0x0000FFFE


mem[X,0x80045004] -> 0x0213
mem[X,0x80045006] -> 0x0000
[6453] [M]: 0x80045004 (0x00000213) addi tp, zero, 0
x4 <- 0x00000000


mem[X,0x80045008] -> 0x006F
mem[X,0x8004500A] -> 0x00C0
[6454] [M]: 0x80045008 (0x00C0006F) jal zero, 12


mem[X,0x80045014] -> 0x6063
mem[X,0x80045016] -> 0x10B5
[6455] [M]: 0x80045014 (0x10B56063) bltu a0, a1, 256


mem[X,0x80045114] -> 0x0213
mem[X,0x80045116] -> 0x0032
[6456] [M]: 0x80045114 (0x00320213) addi tp, tp, 3
x4 <- 0x00000003


mem[X,0x80045118] -> 0x006F
mem[X,0x8004511A] -> 0x0040
[6457] [M]: 0x80045118 (0x0040006F) jal zero, 4


mem[X,0x8004511C] -> 0xAA23
mem[X,0x8004511E] -> 0x2440
[6458] [M]: 0x8004511C (0x2440AA23) sw tp, 596(ra)
mem[0x8004CBC8] <- 0x00000003


mem[X,0x80045120] -> 0x0513
mem[X,0x80045122] -> 0x0010
[6459] [M]: 0x80045120 (0x00100513) addi a0, zero, 1
x10 <- 0x00000001


mem[X,0x80045124] -> 0x55B7
mem[X,0x80045126] -> 0x5555
[6460] [M]: 0x80045124 (0x555555B7) lui a1, 349525
x11 <- 0x55555000


mem[X,0x80045128] -> 0x8593
mem[X,0x8004512A] -> 0x5565
[6461] [M]: 0x80045128 (0x55658593) addi a1, a1, 1366
x11 <- 0x55555556


mem[X,0x8004512C] -> 0x0213
mem[X,0x8004512E] -> 0x0000
[6462] [M]: 0x8004512C (0x00000213) addi tp, zero, 0
x4 <- 0x00000000


mem[X,0x80045130] -> 0x006F
mem[X,0x80045132] -> 0x0100
[6463] [M]: 0x80045130 (0x0100006F) jal zero, 16


mem[X,0x80045140] -> 0x6AE3
mem[X,0x80045142] -> 0xFEB5
[6464] [M]: 0x80045140 (0xFEB56AE3) bltu a0, a1, 8180


mem[X,0x80045134] -> 0x0213
mem[X,0x80045136] -> 0x0012
[6465] [M]: 0x80045134 (0x00120213) addi tp, tp, 1
x4 <- 0x00000001


mem[X,0x80045138] -> 0x006F
mem[X,0x8004513A] -> 0x01C0
[6466] [M]: 0x80045138 (0x01C0006F) jal zero, 28


mem[X,0x80045154] -> 0xAC23
mem[X,0x80045156] -> 0x2440
[6467] [M]: 0x80045154 (0x2440AC23) sw tp, 600(ra)
mem[0x8004CBCC] <- 0x00000001


mem[X,0x80045158] -> 0x0513
mem[X,0x8004515A] -> 0x0010
[6468] [M]: 0x80045158 (0x00100513) addi a0, zero, 1
x10 <- 0x00000001


mem[X,0x8004515C] -> 0xB5B7
mem[X,0x8004515E] -> 0xAAAA
[6469] [M]: 0x8004515C (0xAAAAB5B7) lui a1, 699051
x11 <- 0xAAAAB000


mem[X,0x80045160] -> 0x8593
mem[X,0x80045162] -> 0xAAB5
[6470] [M]: 0x80045160 (0xAAB58593) addi a1, a1, 2731
x11 <- 0xAAAAAAAB


mem[X,0x80045164] -> 0x0213
mem[X,0x80045166] -> 0x0000
[6471] [M]: 0x80045164 (0x00000213) addi tp, zero, 0
x4 <- 0x00000000


mem[X,0x80045168] -> 0x006F
mem[X,0x8004516A] -> 0x0140
[6472] [M]: 0x80045168 (0x0140006F) jal zero, 20


mem[X,0x8004517C] -> 0x68E3
mem[X,0x8004517E] -> 0xFEB5
[6473] [M]: 0x8004517C (0xFEB568E3) bltu a0, a1, 8176


mem[X,0x8004516C] -> 0x0213
mem[X,0x8004516E] -> 0x0012
[6474] [M]: 0x8004516C (0x00120213) addi tp, tp, 1
x4 <- 0x00000001


mem[X,0x80045170] -> 0x006F
mem[X,0x80045172] -> 0x0200
[6475] [M]: 0x80045170 (0x0200006F) jal zero, 32


mem[X,0x80045190] -> 0xAE23
mem[X,0x80045192] -> 0x2440
[6476] [M]: 0x80045190 (0x2440AE23) sw tp, 604(ra)
mem[0x8004CBD0] <- 0x00000001


mem[X,0x80045194] -> 0x0513
mem[X,0x80045196] -> 0x0010
[6477] [M]: 0x80045194 (0x00100513) addi a0, zero, 1
x10 <- 0x00000001


mem[X,0x80045198] -> 0x0593
mem[X,0x8004519A] -> 0x0060
[6478] [M]: 0x80045198 (0x00600593) addi a1, zero, 6
x11 <- 0x00000006


mem[X,0x8004519C] -> 0x0213
mem[X,0x8004519E] -> 0x0000
[6479] [M]: 0x8004519C (0x00000213) addi tp, zero, 0
x4 <- 0x00000000


mem[X,0x800451A0] -> 0x006F
mem[X,0x800451A2] -> 0x00C0
[6480] [M]: 0x800451A0 (0x00C0006F) jal zero, 12


mem[X,0x800451AC] -> 0x6863
mem[X,0x800451AE] -> 0x00B5
[6481] [M]: 0x800451AC (0x00B56863) bltu a0, a1, 16


mem[X,0x800451BC] -> 0x0213
mem[X,0x800451BE] -> 0x0032
[6482] [M]: 0x800451BC (0x00320213) addi tp, tp, 3
x4 <- 0x00000003


mem[X,0x800451C0] -> 0x006F
mem[X,0x800451C2] -> 0x0040
[6483] [M]: 0x800451C0 (0x0040006F) jal zero, 4


mem[X,0x800451C4] -> 0xA023
mem[X,0x800451C6] -> 0x2640
[6484] [M]: 0x800451C4 (0x2640A023) sw tp, 608(ra)
mem[0x8004CBD4] <- 0x00000003


mem[X,0x800451C8] -> 0x0513
mem[X,0x800451CA] -> 0x0010
[6485] [M]: 0x800451C8 (0x00100513) addi a0, zero, 1
x10 <- 0x00000001


mem[X,0x800451CC] -> 0x35B7
mem[X,0x800451CE] -> 0x3333
[6486] [M]: 0x800451CC (0x333335B7) lui a1, 209715
x11 <- 0x33333000


mem[X,0x800451D0] -> 0x8593
mem[X,0x800451D2] -> 0x3345
[6487] [M]: 0x800451D0 (0x33458593) addi a1, a1, 820
x11 <- 0x33333334


mem[X,0x800451D4] -> 0x0213
mem[X,0x800451D6] -> 0x0000
[6488] [M]: 0x800451D4 (0x00000213) addi tp, zero, 0
x4 <- 0x00000000


mem[X,0x800451D8] -> 0x006F
mem[X,0x800451DA] -> 0x00C0
[6489] [M]: 0x800451D8 (0x00C0006F) jal zero, 12


mem[X,0x800451E4] -> 0x6663
mem[X,0x800451E6] -> 0x00B5
[6490] [M]: 0x800451E4 (0x00B56663) bltu a0, a1, 12


mem[X,0x800451F0] -> 0x0213
mem[X,0x800451F2] -> 0x0032
[6491] [M]: 0x800451F0 (0x00320213) addi tp, tp, 3
x4 <- 0x00000003


mem[X,0x800451F4] -> 0x006F
mem[X,0x800451F6] -> 0x0040
[6492] [M]: 0x800451F4 (0x0040006F) jal zero, 4


mem[X,0x800451F8] -> 0xA223
mem[X,0x800451FA] -> 0x2640
[6493] [M]: 0x800451F8 (0x2640A223) sw tp, 612(ra)
mem[0x8004CBD8] <- 0x00000003


mem[X,0x800451FC] -> 0x0513
mem[X,0x800451FE] -> 0x0010
[6494] [M]: 0x800451FC (0x00100513) addi a0, zero, 1
x10 <- 0x00000001


mem[X,0x80045200] -> 0x65B7
mem[X,0x80045202] -> 0x6666
[6495] [M]: 0x80045200 (0x666665B7) lui a1, 419430
x11 <- 0x66666000


mem[X,0x80045204] -> 0x8593
mem[X,0x80045206] -> 0x6675
[6496] [M]: 0x80045204 (0x66758593) addi a1, a1, 1639
x11 <- 0x66666667


mem[X,0x80045208] -> 0x0213
mem[X,0x8004520A] -> 0x0000
[6497] [M]: 0x80045208 (0x00000213) addi tp, zero, 0
x4 <- 0x00000000


mem[X,0x8004520C] -> 0x006F
mem[X,0x8004520E] -> 0x00C0
[6498] [M]: 0x8004520C (0x00C0006F) jal zero, 12


mem[X,0x80045218] -> 0x6663
mem[X,0x8004521A] -> 0x00B5
[6499] [M]: 0x80045218 (0x00B56663) bltu a0, a1, 12


clint::tick mtime <- 0x0000000000000041
 clint timer pending at mtime 0x0000000000000041
htif::tick 0x0000000000000000
mem[X,0x80045224] -> 0x0213
mem[X,0x80045226] -> 0x0032
[6500] [M]: 0x80045224 (0x00320213) addi tp, tp, 3
x4 <- 0x00000003


mem[X,0x80045228] -> 0x006F
mem[X,0x8004522A] -> 0x0040
[6501] [M]: 0x80045228 (0x0040006F) jal zero, 4


mem[X,0x8004522C] -> 0xA423
mem[X,0x8004522E] -> 0x2640
[6502] [M]: 0x8004522C (0x2640A423) sw tp, 616(ra)
mem[0x8004CBDC] <- 0x00000003


mem[X,0x80045230] -> 0x0513
mem[X,0x80045232] -> 0x0010
[6503] [M]: 0x80045230 (0x00100513) addi a0, zero, 1
x10 <- 0x00000001


mem[X,0x80045234] -> 0xB5B7
mem[X,0x80045236] -> 0x0000
[6504] [M]: 0x80045234 (0x0000B5B7) lui a1, 11
x11 <- 0x0000B000


mem[X,0x80045238] -> 0x8593
mem[X,0x8004523A] -> 0x5055
[6505] [M]: 0x80045238 (0x50558593) addi a1, a1, 1285
x11 <- 0x0000B505


mem[X,0x8004523C] -> 0x0213
mem[X,0x8004523E] -> 0x0000
[6506] [M]: 0x8004523C (0x00000213) addi tp, zero, 0
x4 <- 0x00000000


mem[X,0x80045240] -> 0x006F
mem[X,0x80045242] -> 0x00C0
[6507] [M]: 0x80045240 (0x00C0006F) jal zero, 12


mem[X,0x8004524C] -> 0x6663
mem[X,0x8004524E] -> 0x00B5
[6508] [M]: 0x8004524C (0x00B56663) bltu a0, a1, 12


mem[X,0x80045258] -> 0x0213
mem[X,0x8004525A] -> 0x0032
[6509] [M]: 0x80045258 (0x00320213) addi tp, tp, 3
x4 <- 0x00000003


mem[X,0x8004525C] -> 0x006F
mem[X,0x8004525E] -> 0x0040
[6510] [M]: 0x8004525C (0x0040006F) jal zero, 4


mem[X,0x80045260] -> 0xA623
mem[X,0x80045262] -> 0x2640
[6511] [M]: 0x80045260 (0x2640A623) sw tp, 620(ra)
mem[0x8004CBE0] <- 0x00000003


mem[X,0x80045264] -> 0x0513
mem[X,0x80045266] -> 0x0010
[6512] [M]: 0x80045264 (0x00100513) addi a0, zero, 1
x10 <- 0x00000001


mem[X,0x80045268] -> 0x0593
mem[X,0x8004526A] -> 0x0010
[6513] [M]: 0x80045268 (0x00100593) addi a1, zero, 1
x11 <- 0x00000001


mem[X,0x8004526C] -> 0x0213
mem[X,0x8004526E] -> 0x0000
[6514] [M]: 0x8004526C (0x00000213) addi tp, zero, 0
x4 <- 0x00000000


mem[X,0x80045270] -> 0x006F
mem[X,0x80045272] -> 0x00C0
[6515] [M]: 0x80045270 (0x00C0006F) jal zero, 12


mem[X,0x8004527C] -> 0x6063
mem[X,0x8004527E] -> 0x02B5
[6516] [M]: 0x8004527C (0x02B56063) bltu a0, a1, 32


mem[X,0x80045280] -> 0x0213
mem[X,0x80045282] -> 0x0022
[6517] [M]: 0x80045280 (0x00220213) addi tp, tp, 2
x4 <- 0x00000002


mem[X,0x80045284] -> 0x006F
mem[X,0x80045286] -> 0x0200
[6518] [M]: 0x80045284 (0x0200006F) jal zero, 32


mem[X,0x800452A4] -> 0xA823
mem[X,0x800452A6] -> 0x2640
[6519] [M]: 0x800452A4 (0x2640A823) sw tp, 624(ra)
mem[0x8004CBE4] <- 0x00000002


mem[X,0x800452A8] -> 0x0513
mem[X,0x800452AA] -> 0x0010
[6520] [M]: 0x800452A8 (0x00100513) addi a0, zero, 1
x10 <- 0x00000001


mem[X,0x800452AC] -> 0x05B7
mem[X,0x800452AE] -> 0x0001
[6521] [M]: 0x800452AC (0x000105B7) lui a1, 16
x11 <- 0x00010000


mem[X,0x800452B0] -> 0x0213
mem[X,0x800452B2] -> 0x0000
[6522] [M]: 0x800452B0 (0x00000213) addi tp, zero, 0
x4 <- 0x00000000


mem[X,0x800452B4] -> 0x006F
mem[X,0x800452B6] -> 0x00C0
[6523] [M]: 0x800452B4 (0x00C0006F) jal zero, 12


mem[X,0x800452C0] -> 0x6063
mem[X,0x800452C2] -> 0x40B5
[6524] [M]: 0x800452C0 (0x40B56063) bltu a0, a1, 1024


mem[X,0x800456C0] -> 0x0213
mem[X,0x800456C2] -> 0x0032
[6525] [M]: 0x800456C0 (0x00320213) addi tp, tp, 3
x4 <- 0x00000003


mem[X,0x800456C4] -> 0x006F
mem[X,0x800456C6] -> 0x0040
[6526] [M]: 0x800456C4 (0x0040006F) jal zero, 4


mem[X,0x800456C8] -> 0xAA23
mem[X,0x800456CA] -> 0x2640
[6527] [M]: 0x800456C8 (0x2640AA23) sw tp, 628(ra)
mem[0x8004CBE8] <- 0x00000003


mem[X,0x800456CC] -> 0x0537
mem[X,0x800456CE] -> 0x0001
[6528] [M]: 0x800456CC (0x00010537) lui a0, 16
x10 <- 0x00010000


mem[X,0x800456D0] -> 0x0593
mem[X,0x800456D2] -> 0x0030
[6529] [M]: 0x800456D0 (0x00300593) addi a1, zero, 3
x11 <- 0x00000003


mem[X,0x800456D4] -> 0x0213
mem[X,0x800456D6] -> 0x0000
[6530] [M]: 0x800456D4 (0x00000213) addi tp, zero, 0
x4 <- 0x00000000


mem[X,0x800456D8] -> 0x006F
mem[X,0x800456DA] -> 0x00C0
[6531] [M]: 0x800456D8 (0x00C0006F) jal zero, 12


mem[X,0x800456E4] -> 0x6063
mem[X,0x800456E6] -> 0x20B5
[6532] [M]: 0x800456E4 (0x20B56063) bltu a0, a1, 512


mem[X,0x800456E8] -> 0x0213
mem[X,0x800456EA] -> 0x0022
[6533] [M]: 0x800456E8 (0x00220213) addi tp, tp, 2
x4 <- 0x00000002


mem[X,0x800456EC] -> 0x006F
mem[X,0x800456EE] -> 0x2000
[6534] [M]: 0x800456EC (0x2000006F) jal zero, 512


mem[X,0x800458EC] -> 0xAC23
mem[X,0x800458EE] -> 0x2640
[6535] [M]: 0x800458EC (0x2640AC23) sw tp, 632(ra)
mem[0x8004CBEC] <- 0x00000002


mem[X,0x800458F0] -> 0x0537
mem[X,0x800458F2] -> 0x0001
[6536] [M]: 0x800458F0 (0x00010537) lui a0, 16
x10 <- 0x00010000


mem[X,0x800458F4] -> 0x55B7
mem[X,0x800458F6] -> 0x5555
[6537] [M]: 0x800458F4 (0x555555B7) lui a1, 349525
x11 <- 0x55555000


mem[X,0x800458F8] -> 0x8593
mem[X,0x800458FA] -> 0x5555
[6538] [M]: 0x800458F8 (0x55558593) addi a1, a1, 1365
x11 <- 0x55555555


mem[X,0x800458FC] -> 0x0213
mem[X,0x800458FE] -> 0x0000
[6539] [M]: 0x800458FC (0x00000213) addi tp, zero, 0
x4 <- 0x00000000


mem[X,0x80045900] -> 0x006F
mem[X,0x80045902] -> 0x00C0
[6540] [M]: 0x80045900 (0x00C0006F) jal zero, 12


mem[X,0x8004590C] -> 0x6063
mem[X,0x8004590E] -> 0x02B5
[6541] [M]: 0x8004590C (0x02B56063) bltu a0, a1, 32


mem[X,0x8004592C] -> 0x0213
mem[X,0x8004592E] -> 0x0032
[6542] [M]: 0x8004592C (0x00320213) addi tp, tp, 3
x4 <- 0x00000003


mem[X,0x80045930] -> 0x006F
mem[X,0x80045932] -> 0x0040
[6543] [M]: 0x80045930 (0x0040006F) jal zero, 4


mem[X,0x80045934] -> 0xAE23
mem[X,0x80045936] -> 0x2640
[6544] [M]: 0x80045934 (0x2640AE23) sw tp, 636(ra)
mem[0x8004CBF0] <- 0x00000003


mem[X,0x80045938] -> 0x0537
mem[X,0x8004593A] -> 0x0001
[6545] [M]: 0x80045938 (0x00010537) lui a0, 16
x10 <- 0x00010000


mem[X,0x8004593C] -> 0xB5B7
mem[X,0x8004593E] -> 0xAAAA
[6546] [M]: 0x8004593C (0xAAAAB5B7) lui a1, 699051
x11 <- 0xAAAAB000


mem[X,0x80045940] -> 0x8593
mem[X,0x80045942] -> 0xAAA5
[6547] [M]: 0x80045940 (0xAAA58593) addi a1, a1, 2730
x11 <- 0xAAAAAAAA


mem[X,0x80045944] -> 0x0213
mem[X,0x80045946] -> 0x0000
[6548] [M]: 0x80045944 (0x00000213) addi tp, zero, 0
x4 <- 0x00000000


mem[X,0x80045948] -> 0x006F
mem[X,0x8004594A] -> 0x0140
[6549] [M]: 0x80045948 (0x0140006F) jal zero, 20


mem[X,0x8004595C] -> 0x68E3
mem[X,0x8004595E] -> 0xFEB5
[6550] [M]: 0x8004595C (0xFEB568E3) bltu a0, a1, 8176


mem[X,0x8004594C] -> 0x0213
mem[X,0x8004594E] -> 0x0012
[6551] [M]: 0x8004594C (0x00120213) addi tp, tp, 1
x4 <- 0x00000001


mem[X,0x80045950] -> 0x006F
mem[X,0x80045952] -> 0x0200
[6552] [M]: 0x80045950 (0x0200006F) jal zero, 32


mem[X,0x80045970] -> 0xA023
mem[X,0x80045972] -> 0x2840
[6553] [M]: 0x80045970 (0x2840A023) sw tp, 640(ra)
mem[0x8004CBF4] <- 0x00000001


mem[X,0x80045974] -> 0x0537
mem[X,0x80045976] -> 0x0001
[6554] [M]: 0x80045974 (0x00010537) lui a0, 16
x10 <- 0x00010000


mem[X,0x80045978] -> 0x0593
mem[X,0x8004597A] -> 0x0050
[6555] [M]: 0x80045978 (0x00500593) addi a1, zero, 5
x11 <- 0x00000005


mem[X,0x8004597C] -> 0x0213
mem[X,0x8004597E] -> 0x0000
[6556] [M]: 0x8004597C (0x00000213) addi tp, zero, 0
x4 <- 0x00000000


mem[X,0x80045980] -> 0x006F
mem[X,0x80045982] -> 0x00C0
[6557] [M]: 0x80045980 (0x00C0006F) jal zero, 12


mem[X,0x8004598C] -> 0x6063
mem[X,0x8004598E] -> 0x04B5
[6558] [M]: 0x8004598C (0x04B56063) bltu a0, a1, 64


mem[X,0x80045990] -> 0x0213
mem[X,0x80045992] -> 0x0022
[6559] [M]: 0x80045990 (0x00220213) addi tp, tp, 2
x4 <- 0x00000002


mem[X,0x80045994] -> 0x006F
mem[X,0x80045996] -> 0x0400
[6560] [M]: 0x80045994 (0x0400006F) jal zero, 64


mem[X,0x800459D4] -> 0xA223
mem[X,0x800459D6] -> 0x2840
[6561] [M]: 0x800459D4 (0x2840A223) sw tp, 644(ra)
mem[0x8004CBF8] <- 0x00000002


mem[X,0x800459D8] -> 0x0537
mem[X,0x800459DA] -> 0x0001
[6562] [M]: 0x800459D8 (0x00010537) lui a0, 16
x10 <- 0x00010000


mem[X,0x800459DC] -> 0x35B7
mem[X,0x800459DE] -> 0x3333
[6563] [M]: 0x800459DC (0x333335B7) lui a1, 209715
x11 <- 0x33333000


mem[X,0x800459E0] -> 0x8593
mem[X,0x800459E2] -> 0x3335
[6564] [M]: 0x800459E0 (0x33358593) addi a1, a1, 819
x11 <- 0x33333333


mem[X,0x800459E4] -> 0x0213
mem[X,0x800459E6] -> 0x0000
[6565] [M]: 0x800459E4 (0x00000213) addi tp, zero, 0
x4 <- 0x00000000


mem[X,0x800459E8] -> 0x006F
mem[X,0x800459EA] -> 0x0050
[6566] [M]: 0x800459E8 (0x0050006F) jal zero, 2052


mem[X,0x800461EC] -> 0x60E3
mem[X,0x800461EE] -> 0x80B5
[6567] [M]: 0x800461EC (0x80B560E3) bltu a0, a1, 6144


mem[X,0x800459EC] -> 0x0213
mem[X,0x800459EE] -> 0x0012
[6568] [M]: 0x800459EC (0x00120213) addi tp, tp, 1
x4 <- 0x00000001


mem[X,0x800459F0] -> 0x006F
mem[X,0x800459F2] -> 0x0110
[6569] [M]: 0x800459F0 (0x0110006F) jal zero, 2064


mem[X,0x80046200] -> 0xA423
mem[X,0x80046202] -> 0x2840
[6570] [M]: 0x80046200 (0x2840A423) sw tp, 648(ra)
mem[0x8004CBFC] <- 0x00000001


mem[X,0x80046204] -> 0x0537
mem[X,0x80046206] -> 0x0001
[6571] [M]: 0x80046204 (0x00010537) lui a0, 16
x10 <- 0x00010000


mem[X,0x80046208] -> 0x65B7
mem[X,0x8004620A] -> 0x6666
[6572] [M]: 0x80046208 (0x666665B7) lui a1, 419430
x11 <- 0x66666000


mem[X,0x8004620C] -> 0x8593
mem[X,0x8004620E] -> 0x6665
[6573] [M]: 0x8004620C (0x66658593) addi a1, a1, 1638
x11 <- 0x66666666


mem[X,0x80046210] -> 0x0213
mem[X,0x80046212] -> 0x0000
[6574] [M]: 0x80046210 (0x00000213) addi tp, zero, 0
x4 <- 0x00000000


mem[X,0x80046214] -> 0x006F
mem[X,0x80046216] -> 0x00C0
[6575] [M]: 0x80046214 (0x00C0006F) jal zero, 12


mem[X,0x80046220] -> 0x6063
mem[X,0x80046222] -> 0x40B5
[6576] [M]: 0x80046220 (0x40B56063) bltu a0, a1, 1024


mem[X,0x80046620] -> 0x0213
mem[X,0x80046622] -> 0x0032
[6577] [M]: 0x80046620 (0x00320213) addi tp, tp, 3
x4 <- 0x00000003


mem[X,0x80046624] -> 0x006F
mem[X,0x80046626] -> 0x0040
[6578] [M]: 0x80046624 (0x0040006F) jal zero, 4


mem[X,0x80046628] -> 0xA623
mem[X,0x8004662A] -> 0x2840
[6579] [M]: 0x80046628 (0x2840A623) sw tp, 652(ra)
mem[0x8004CC00] <- 0x00000003


mem[X,0x8004662C] -> 0x0537
mem[X,0x8004662E] -> 0x0001
[6580] [M]: 0x8004662C (0x00010537) lui a0, 16
x10 <- 0x00010000


mem[X,0x80046630] -> 0xB5B7
mem[X,0x80046632] -> 0x0000
[6581] [M]: 0x80046630 (0x0000B5B7) lui a1, 11
x11 <- 0x0000B000


mem[X,0x80046634] -> 0x8593
mem[X,0x80046636] -> 0x5045
[6582] [M]: 0x80046634 (0x50458593) addi a1, a1, 1284
x11 <- 0x0000B504


mem[X,0x80046638] -> 0x0213
mem[X,0x8004663A] -> 0x0000
[6583] [M]: 0x80046638 (0x00000213) addi tp, zero, 0
x4 <- 0x00000000


mem[X,0x8004663C] -> 0x006F
mem[X,0x8004663E] -> 0x00C0
[6584] [M]: 0x8004663C (0x00C0006F) jal zero, 12


mem[X,0x80046648] -> 0x6063
mem[X,0x8004664A] -> 0x40B5
[6585] [M]: 0x80046648 (0x40B56063) bltu a0, a1, 1024


mem[X,0x8004664C] -> 0x0213
mem[X,0x8004664E] -> 0x0022
[6586] [M]: 0x8004664C (0x00220213) addi tp, tp, 2
x4 <- 0x00000002


mem[X,0x80046650] -> 0x006F
mem[X,0x80046652] -> 0x4000
[6587] [M]: 0x80046650 (0x4000006F) jal zero, 1024


mem[X,0x80046A50] -> 0xA823
mem[X,0x80046A52] -> 0x2840
[6588] [M]: 0x80046A50 (0x2840A823) sw tp, 656(ra)
mem[0x8004CC04] <- 0x00000002


mem[X,0x80046A54] -> 0x0537
mem[X,0x80046A56] -> 0x0001
[6589] [M]: 0x80046A54 (0x00010537) lui a0, 16
x10 <- 0x00010000


mem[X,0x80046A58] -> 0x0593
mem[X,0x80046A5A] -> 0x0000
[6590] [M]: 0x80046A58 (0x00000593) addi a1, zero, 0
x11 <- 0x00000000


mem[X,0x80046A5C] -> 0x0213
mem[X,0x80046A5E] -> 0x0000
[6591] [M]: 0x80046A5C (0x00000213) addi tp, zero, 0
x4 <- 0x00000000


mem[X,0x80046A60] -> 0x006F
mem[X,0x80046A62] -> 0x00C0
[6592] [M]: 0x80046A60 (0x00C0006F) jal zero, 12


mem[X,0x80046A6C] -> 0x6063
mem[X,0x80046A6E] -> 0x08B5
[6593] [M]: 0x80046A6C (0x08B56063) bltu a0, a1, 128


mem[X,0x80046A70] -> 0x0213
mem[X,0x80046A72] -> 0x0022
[6594] [M]: 0x80046A70 (0x00220213) addi tp, tp, 2
x4 <- 0x00000002


mem[X,0x80046A74] -> 0x006F
mem[X,0x80046A76] -> 0x0800
[6595] [M]: 0x80046A74 (0x0800006F) jal zero, 128


mem[X,0x80046AF4] -> 0xAA23
mem[X,0x80046AF6] -> 0x2840
[6596] [M]: 0x80046AF4 (0x2840AA23) sw tp, 660(ra)
mem[0x8004CC08] <- 0x00000002


mem[X,0x80046AF8] -> 0x0537
mem[X,0x80046AFA] -> 0x0001
[6597] [M]: 0x80046AF8 (0x00010537) lui a0, 16
x10 <- 0x00010000


mem[X,0x80046AFC] -> 0x05B7
mem[X,0x80046AFE] -> 0x0001
[6598] [M]: 0x80046AFC (0x000105B7) lui a1, 16
x11 <- 0x00010000


mem[X,0x80046B00] -> 0x8593
mem[X,0x80046B02] -> 0xFFF5
[6599] [M]: 0x80046B00 (0xFFF58593) addi a1, a1, 4095
x11 <- 0x0000FFFF


clint::tick mtime <- 0x0000000000000042
 clint timer pending at mtime 0x0000000000000042
htif::tick 0x0000000000000000
mem[X,0x80046B04] -> 0x0213
mem[X,0x80046B06] -> 0x0000
[6600] [M]: 0x80046B04 (0x00000213) addi tp, zero, 0
x4 <- 0x00000000


mem[X,0x80046B08] -> 0x006F
mem[X,0x80046B0A] -> 0x00C0
[6601] [M]: 0x80046B08 (0x00C0006F) jal zero, 12


mem[X,0x80046B14] -> 0x6CE3
mem[X,0x80046B16] -> 0xFEB5
[6602] [M]: 0x80046B14 (0xFEB56CE3) bltu a0, a1, 8184


mem[X,0x80046B18] -> 0x0213
mem[X,0x80046B1A] -> 0x0022
[6603] [M]: 0x80046B18 (0x00220213) addi tp, tp, 2
x4 <- 0x00000002


mem[X,0x80046B1C] -> 0x006F
mem[X,0x80046B1E] -> 0x00C0
[6604] [M]: 0x80046B1C (0x00C0006F) jal zero, 12


mem[X,0x80046B28] -> 0xAC23
mem[X,0x80046B2A] -> 0x2840
[6605] [M]: 0x80046B28 (0x2840AC23) sw tp, 664(ra)
mem[0x8004CC0C] <- 0x00000002


mem[X,0x80046B2C] -> 0x0537
mem[X,0x80046B2E] -> 0x0001
[6606] [M]: 0x80046B2C (0x00010537) lui a0, 16
x10 <- 0x00010000


mem[X,0x80046B30] -> 0x0593
mem[X,0x80046B32] -> 0x0020
[6607] [M]: 0x80046B30 (0x00200593) addi a1, zero, 2
x11 <- 0x00000002


mem[X,0x80046B34] -> 0x0213
mem[X,0x80046B36] -> 0x0000
[6608] [M]: 0x80046B34 (0x00000213) addi tp, zero, 0
x4 <- 0x00000000


mem[X,0x80046B38] -> 0x006F
mem[X,0x80046B3A] -> 0x00C0
[6609] [M]: 0x80046B38 (0x00C0006F) jal zero, 12


mem[X,0x80046B44] -> 0x6663
mem[X,0x80046B46] -> 0x00B5
[6610] [M]: 0x80046B44 (0x00B56663) bltu a0, a1, 12


mem[X,0x80046B48] -> 0x0213
mem[X,0x80046B4A] -> 0x0022
[6611] [M]: 0x80046B48 (0x00220213) addi tp, tp, 2
x4 <- 0x00000002


mem[X,0x80046B4C] -> 0x006F
mem[X,0x80046B4E] -> 0x00C0
[6612] [M]: 0x80046B4C (0x00C0006F) jal zero, 12


mem[X,0x80046B58] -> 0xAE23
mem[X,0x80046B5A] -> 0x2840
[6613] [M]: 0x80046B58 (0x2840AE23) sw tp, 668(ra)
mem[0x8004CC10] <- 0x00000002


mem[X,0x80046B5C] -> 0x0537
mem[X,0x80046B5E] -> 0x0001
[6614] [M]: 0x80046B5C (0x00010537) lui a0, 16
x10 <- 0x00010000


mem[X,0x80046B60] -> 0x55B7
mem[X,0x80046B62] -> 0x5555
[6615] [M]: 0x80046B60 (0x555555B7) lui a1, 349525
x11 <- 0x55555000


mem[X,0x80046B64] -> 0x8593
mem[X,0x80046B66] -> 0x5545
[6616] [M]: 0x80046B64 (0x55458593) addi a1, a1, 1364
x11 <- 0x55555554


mem[X,0x80046B68] -> 0x0213
mem[X,0x80046B6A] -> 0x0000
[6617] [M]: 0x80046B68 (0x00000213) addi tp, zero, 0
x4 <- 0x00000000


mem[X,0x80046B6C] -> 0x006F
mem[X,0x80046B6E] -> 0x00C0
[6618] [M]: 0x80046B6C (0x00C0006F) jal zero, 12


mem[X,0x80046B78] -> 0x6663
mem[X,0x80046B7A] -> 0x00B5
[6619] [M]: 0x80046B78 (0x00B56663) bltu a0, a1, 12


mem[X,0x80046B84] -> 0x0213
mem[X,0x80046B86] -> 0x0032
[6620] [M]: 0x80046B84 (0x00320213) addi tp, tp, 3
x4 <- 0x00000003


mem[X,0x80046B88] -> 0x006F
mem[X,0x80046B8A] -> 0x0040
[6621] [M]: 0x80046B88 (0x0040006F) jal zero, 4


mem[X,0x80046B8C] -> 0xA023
mem[X,0x80046B8E] -> 0x2A40
[6622] [M]: 0x80046B8C (0x2A40A023) sw tp, 672(ra)
mem[0x8004CC14] <- 0x00000003


mem[X,0x80046B90] -> 0x0537
mem[X,0x80046B92] -> 0x0001
[6623] [M]: 0x80046B90 (0x00010537) lui a0, 16
x10 <- 0x00010000


mem[X,0x80046B94] -> 0xB5B7
mem[X,0x80046B96] -> 0xAAAA
[6624] [M]: 0x80046B94 (0xAAAAB5B7) lui a1, 699051
x11 <- 0xAAAAB000


mem[X,0x80046B98] -> 0x8593
mem[X,0x80046B9A] -> 0xAA95
[6625] [M]: 0x80046B98 (0xAA958593) addi a1, a1, 2729
x11 <- 0xAAAAAAA9


mem[X,0x80046B9C] -> 0x0213
mem[X,0x80046B9E] -> 0x0000
[6626] [M]: 0x80046B9C (0x00000213) addi tp, zero, 0
x4 <- 0x00000000


mem[X,0x80046BA0] -> 0x006F
mem[X,0x80046BA2] -> 0x00C0
[6627] [M]: 0x80046BA0 (0x00C0006F) jal zero, 12


mem[X,0x80046BAC] -> 0x6663
mem[X,0x80046BAE] -> 0x00B5
[6628] [M]: 0x80046BAC (0x00B56663) bltu a0, a1, 12


mem[X,0x80046BB8] -> 0x0213
mem[X,0x80046BBA] -> 0x0032
[6629] [M]: 0x80046BB8 (0x00320213) addi tp, tp, 3
x4 <- 0x00000003


mem[X,0x80046BBC] -> 0x006F
mem[X,0x80046BBE] -> 0x0040
[6630] [M]: 0x80046BBC (0x0040006F) jal zero, 4


mem[X,0x80046BC0] -> 0xA223
mem[X,0x80046BC2] -> 0x2A40
[6631] [M]: 0x80046BC0 (0x2A40A223) sw tp, 676(ra)
mem[0x8004CC18] <- 0x00000003


mem[X,0x80046BC4] -> 0x0537
mem[X,0x80046BC6] -> 0x0001
[6632] [M]: 0x80046BC4 (0x00010537) lui a0, 16
x10 <- 0x00010000


mem[X,0x80046BC8] -> 0x0593
mem[X,0x80046BCA] -> 0x0040
[6633] [M]: 0x80046BC8 (0x00400593) addi a1, zero, 4
x11 <- 0x00000004


mem[X,0x80046BCC] -> 0x0213
mem[X,0x80046BCE] -> 0x0000
[6634] [M]: 0x80046BCC (0x00000213) addi tp, zero, 0
x4 <- 0x00000000


mem[X,0x80046BD0] -> 0x006F
mem[X,0x80046BD2] -> 0x0050
[6635] [M]: 0x80046BD0 (0x0050006F) jal zero, 2052


mem[X,0x800473D4] -> 0x60E3
mem[X,0x800473D6] -> 0x80B5
[6636] [M]: 0x800473D4 (0x80B560E3) bltu a0, a1, 6144


mem[X,0x800473D8] -> 0x0213
mem[X,0x800473DA] -> 0x0022
[6637] [M]: 0x800473D8 (0x00220213) addi tp, tp, 2
x4 <- 0x00000002


mem[X,0x800473DC] -> 0x006F
mem[X,0x800473DE] -> 0x00C0
[6638] [M]: 0x800473DC (0x00C0006F) jal zero, 12


mem[X,0x800473E8] -> 0xA423
mem[X,0x800473EA] -> 0x2A40
[6639] [M]: 0x800473E8 (0x2A40A423) sw tp, 680(ra)
mem[0x8004CC1C] <- 0x00000002


mem[X,0x800473EC] -> 0x0537
mem[X,0x800473EE] -> 0x0001
[6640] [M]: 0x800473EC (0x00010537) lui a0, 16
x10 <- 0x00010000


mem[X,0x800473F0] -> 0x35B7
mem[X,0x800473F2] -> 0x3333
[6641] [M]: 0x800473F0 (0x333335B7) lui a1, 209715
x11 <- 0x33333000


mem[X,0x800473F4] -> 0x8593
mem[X,0x800473F6] -> 0x3325
[6642] [M]: 0x800473F4 (0x33258593) addi a1, a1, 818
x11 <- 0x33333332


mem[X,0x800473F8] -> 0x0213
mem[X,0x800473FA] -> 0x0000
[6643] [M]: 0x800473F8 (0x00000213) addi tp, zero, 0
x4 <- 0x00000000


mem[X,0x800473FC] -> 0x006F
mem[X,0x800473FE] -> 0x00C0
[6644] [M]: 0x800473FC (0x00C0006F) jal zero, 12


mem[X,0x80047408] -> 0x6663
mem[X,0x8004740A] -> 0x00B5
[6645] [M]: 0x80047408 (0x00B56663) bltu a0, a1, 12


mem[X,0x80047414] -> 0x0213
mem[X,0x80047416] -> 0x0032
[6646] [M]: 0x80047414 (0x00320213) addi tp, tp, 3
x4 <- 0x00000003


mem[X,0x80047418] -> 0x006F
mem[X,0x8004741A] -> 0x0040
[6647] [M]: 0x80047418 (0x0040006F) jal zero, 4


mem[X,0x8004741C] -> 0xA623
mem[X,0x8004741E] -> 0x2A40
[6648] [M]: 0x8004741C (0x2A40A623) sw tp, 684(ra)
mem[0x8004CC20] <- 0x00000003


mem[X,0x80047420] -> 0x0537
mem[X,0x80047422] -> 0x0001
[6649] [M]: 0x80047420 (0x00010537) lui a0, 16
x10 <- 0x00010000


mem[X,0x80047424] -> 0x65B7
mem[X,0x80047426] -> 0x6666
[6650] [M]: 0x80047424 (0x666665B7) lui a1, 419430
x11 <- 0x66666000


mem[X,0x80047428] -> 0x8593
mem[X,0x8004742A] -> 0x6655
[6651] [M]: 0x80047428 (0x66558593) addi a1, a1, 1637
x11 <- 0x66666665


mem[X,0x8004742C] -> 0x0213
mem[X,0x8004742E] -> 0x0000
[6652] [M]: 0x8004742C (0x00000213) addi tp, zero, 0
x4 <- 0x00000000


mem[X,0x80047430] -> 0x006F
mem[X,0x80047432] -> 0x00C0
[6653] [M]: 0x80047430 (0x00C0006F) jal zero, 12


mem[X,0x8004743C] -> 0x6063
mem[X,0x8004743E] -> 0x20B5
[6654] [M]: 0x8004743C (0x20B56063) bltu a0, a1, 512


mem[X,0x8004763C] -> 0x0213
mem[X,0x8004763E] -> 0x0032
[6655] [M]: 0x8004763C (0x00320213) addi tp, tp, 3
x4 <- 0x00000003


mem[X,0x80047640] -> 0x006F
mem[X,0x80047642] -> 0x0040
[6656] [M]: 0x80047640 (0x0040006F) jal zero, 4


mem[X,0x80047644] -> 0xA823
mem[X,0x80047646] -> 0x2A40
[6657] [M]: 0x80047644 (0x2A40A823) sw tp, 688(ra)
mem[0x8004CC24] <- 0x00000003


mem[X,0x80047648] -> 0x0537
mem[X,0x8004764A] -> 0x0001
[6658] [M]: 0x80047648 (0x00010537) lui a0, 16
x10 <- 0x00010000


mem[X,0x8004764C] -> 0xB5B7
mem[X,0x8004764E] -> 0x0000
[6659] [M]: 0x8004764C (0x0000B5B7) lui a1, 11
x11 <- 0x0000B000


mem[X,0x80047650] -> 0x8593
mem[X,0x80047652] -> 0x5035
[6660] [M]: 0x80047650 (0x50358593) addi a1, a1, 1283
x11 <- 0x0000B503


mem[X,0x80047654] -> 0x0213
mem[X,0x80047656] -> 0x0000
[6661] [M]: 0x80047654 (0x00000213) addi tp, zero, 0
x4 <- 0x00000000


mem[X,0x80047658] -> 0x006F
mem[X,0x8004765A] -> 0x00C0
[6662] [M]: 0x80047658 (0x00C0006F) jal zero, 12


mem[X,0x80047664] -> 0x6063
mem[X,0x80047666] -> 0x40B5
[6663] [M]: 0x80047664 (0x40B56063) bltu a0, a1, 1024


mem[X,0x80047668] -> 0x0213
mem[X,0x8004766A] -> 0x0022
[6664] [M]: 0x80047668 (0x00220213) addi tp, tp, 2
x4 <- 0x00000002


mem[X,0x8004766C] -> 0x006F
mem[X,0x8004766E] -> 0x4000
[6665] [M]: 0x8004766C (0x4000006F) jal zero, 1024


mem[X,0x80047A6C] -> 0xAA23
mem[X,0x80047A6E] -> 0x2A40
[6666] [M]: 0x80047A6C (0x2A40AA23) sw tp, 692(ra)
mem[0x8004CC28] <- 0x00000002


mem[X,0x80047A70] -> 0x0537
mem[X,0x80047A72] -> 0x0001
[6667] [M]: 0x80047A70 (0x00010537) lui a0, 16
x10 <- 0x00010000


mem[X,0x80047A74] -> 0x05B7
mem[X,0x80047A76] -> 0x0001
[6668] [M]: 0x80047A74 (0x000105B7) lui a1, 16
x11 <- 0x00010000


mem[X,0x80047A78] -> 0x8593
mem[X,0x80047A7A] -> 0xFFE5
[6669] [M]: 0x80047A78 (0xFFE58593) addi a1, a1, 4094
x11 <- 0x0000FFFE


mem[X,0x80047A7C] -> 0x0213
mem[X,0x80047A7E] -> 0x0000
[6670] [M]: 0x80047A7C (0x00000213) addi tp, zero, 0
x4 <- 0x00000000


mem[X,0x80047A80] -> 0x006F
mem[X,0x80047A82] -> 0x00C0
[6671] [M]: 0x80047A80 (0x00C0006F) jal zero, 12


mem[X,0x80047A8C] -> 0x6063
mem[X,0x80047A8E] -> 0x02B5
[6672] [M]: 0x80047A8C (0x02B56063) bltu a0, a1, 32


mem[X,0x80047A90] -> 0x0213
mem[X,0x80047A92] -> 0x0022
[6673] [M]: 0x80047A90 (0x00220213) addi tp, tp, 2
x4 <- 0x00000002


mem[X,0x80047A94] -> 0x006F
mem[X,0x80047A96] -> 0x0200
[6674] [M]: 0x80047A94 (0x0200006F) jal zero, 32


mem[X,0x80047AB4] -> 0xAC23
mem[X,0x80047AB6] -> 0x2A40
[6675] [M]: 0x80047AB4 (0x2A40AC23) sw tp, 696(ra)
mem[0x8004CC2C] <- 0x00000002


mem[X,0x80047AB8] -> 0x0537
mem[X,0x80047ABA] -> 0x0001
[6676] [M]: 0x80047AB8 (0x00010537) lui a0, 16
x10 <- 0x00010000


mem[X,0x80047ABC] -> 0x55B7
mem[X,0x80047ABE] -> 0x5555
[6677] [M]: 0x80047ABC (0x555555B7) lui a1, 349525
x11 <- 0x55555000


mem[X,0x80047AC0] -> 0x8593
mem[X,0x80047AC2] -> 0x5565
[6678] [M]: 0x80047AC0 (0x55658593) addi a1, a1, 1366
x11 <- 0x55555556


mem[X,0x80047AC4] -> 0x0213
mem[X,0x80047AC6] -> 0x0000
[6679] [M]: 0x80047AC4 (0x00000213) addi tp, zero, 0
x4 <- 0x00000000


mem[X,0x80047AC8] -> 0x006F
mem[X,0x80047ACA] -> 0x00C0
[6680] [M]: 0x80047AC8 (0x00C0006F) jal zero, 12


mem[X,0x80047AD4] -> 0x6063
mem[X,0x80047AD6] -> 0x02B5
[6681] [M]: 0x80047AD4 (0x02B56063) bltu a0, a1, 32


mem[X,0x80047AF4] -> 0x0213
mem[X,0x80047AF6] -> 0x0032
[6682] [M]: 0x80047AF4 (0x00320213) addi tp, tp, 3
x4 <- 0x00000003


mem[X,0x80047AF8] -> 0x006F
mem[X,0x80047AFA] -> 0x0040
[6683] [M]: 0x80047AF8 (0x0040006F) jal zero, 4


mem[X,0x80047AFC] -> 0xAE23
mem[X,0x80047AFE] -> 0x2A40
[6684] [M]: 0x80047AFC (0x2A40AE23) sw tp, 700(ra)
mem[0x8004CC30] <- 0x00000003


mem[X,0x80047B00] -> 0x0537
mem[X,0x80047B02] -> 0x0001
[6685] [M]: 0x80047B00 (0x00010537) lui a0, 16
x10 <- 0x00010000


mem[X,0x80047B04] -> 0xB5B7
mem[X,0x80047B06] -> 0xAAAA
[6686] [M]: 0x80047B04 (0xAAAAB5B7) lui a1, 699051
x11 <- 0xAAAAB000


mem[X,0x80047B08] -> 0x8593
mem[X,0x80047B0A] -> 0xAAB5
[6687] [M]: 0x80047B08 (0xAAB58593) addi a1, a1, 2731
x11 <- 0xAAAAAAAB


mem[X,0x80047B0C] -> 0x0213
mem[X,0x80047B0E] -> 0x0000
[6688] [M]: 0x80047B0C (0x00000213) addi tp, zero, 0
x4 <- 0x00000000


mem[X,0x80047B10] -> 0x006F
mem[X,0x80047B12] -> 0x00C0
[6689] [M]: 0x80047B10 (0x00C0006F) jal zero, 12


mem[X,0x80047B1C] -> 0x6663
mem[X,0x80047B1E] -> 0x00B5
[6690] [M]: 0x80047B1C (0x00B56663) bltu a0, a1, 12


mem[X,0x80047B28] -> 0x0213
mem[X,0x80047B2A] -> 0x0032
[6691] [M]: 0x80047B28 (0x00320213) addi tp, tp, 3
x4 <- 0x00000003


mem[X,0x80047B2C] -> 0x006F
mem[X,0x80047B2E] -> 0x0040
[6692] [M]: 0x80047B2C (0x0040006F) jal zero, 4


mem[X,0x80047B30] -> 0xA023
mem[X,0x80047B32] -> 0x2C40
[6693] [M]: 0x80047B30 (0x2C40A023) sw tp, 704(ra)
mem[0x8004CC34] <- 0x00000003


mem[X,0x80047B34] -> 0x0537
mem[X,0x80047B36] -> 0x0001
[6694] [M]: 0x80047B34 (0x00010537) lui a0, 16
x10 <- 0x00010000


mem[X,0x80047B38] -> 0x0593
mem[X,0x80047B3A] -> 0x0060
[6695] [M]: 0x80047B38 (0x00600593) addi a1, zero, 6
x11 <- 0x00000006


mem[X,0x80047B3C] -> 0x0213
mem[X,0x80047B3E] -> 0x0000
[6696] [M]: 0x80047B3C (0x00000213) addi tp, zero, 0
x4 <- 0x00000000


mem[X,0x80047B40] -> 0x006F
mem[X,0x80047B42] -> 0x00C0
[6697] [M]: 0x80047B40 (0x00C0006F) jal zero, 12


mem[X,0x80047B4C] -> 0x6063
mem[X,0x80047B4E] -> 0x10B5
[6698] [M]: 0x80047B4C (0x10B56063) bltu a0, a1, 256


mem[X,0x80047B50] -> 0x0213
mem[X,0x80047B52] -> 0x0022
[6699] [M]: 0x80047B50 (0x00220213) addi tp, tp, 2
x4 <- 0x00000002


clint::tick mtime <- 0x0000000000000043
 clint timer pending at mtime 0x0000000000000043
htif::tick 0x0000000000000000
mem[X,0x80047B54] -> 0x006F
mem[X,0x80047B56] -> 0x1000
[6700] [M]: 0x80047B54 (0x1000006F) jal zero, 256


mem[X,0x80047C54] -> 0xA223
mem[X,0x80047C56] -> 0x2C40
[6701] [M]: 0x80047C54 (0x2C40A223) sw tp, 708(ra)
mem[0x8004CC38] <- 0x00000002


mem[X,0x80047C58] -> 0x0537
mem[X,0x80047C5A] -> 0x0001
[6702] [M]: 0x80047C58 (0x00010537) lui a0, 16
x10 <- 0x00010000


mem[X,0x80047C5C] -> 0x35B7
mem[X,0x80047C5E] -> 0x3333
[6703] [M]: 0x80047C5C (0x333335B7) lui a1, 209715
x11 <- 0x33333000


mem[X,0x80047C60] -> 0x8593
mem[X,0x80047C62] -> 0x3345
[6704] [M]: 0x80047C60 (0x33458593) addi a1, a1, 820
x11 <- 0x33333334


mem[X,0x80047C64] -> 0x0213
mem[X,0x80047C66] -> 0x0000
[6705] [M]: 0x80047C64 (0x00000213) addi tp, zero, 0
x4 <- 0x00000000


mem[X,0x80047C68] -> 0x006F
mem[X,0x80047C6A] -> 0x0180
[6706] [M]: 0x80047C68 (0x0180006F) jal zero, 24


mem[X,0x80047C80] -> 0x66E3
mem[X,0x80047C82] -> 0xFEB5
[6707] [M]: 0x80047C80 (0xFEB566E3) bltu a0, a1, 8172


mem[X,0x80047C6C] -> 0x0213
mem[X,0x80047C6E] -> 0x0012
[6708] [M]: 0x80047C6C (0x00120213) addi tp, tp, 1
x4 <- 0x00000001


mem[X,0x80047C70] -> 0x006F
mem[X,0x80047C72] -> 0x0240
[6709] [M]: 0x80047C70 (0x0240006F) jal zero, 36


mem[X,0x80047C94] -> 0xA423
mem[X,0x80047C96] -> 0x2C40
[6710] [M]: 0x80047C94 (0x2C40A423) sw tp, 712(ra)
mem[0x8004CC3C] <- 0x00000001


mem[X,0x80047C98] -> 0x0537
mem[X,0x80047C9A] -> 0x0001
[6711] [M]: 0x80047C98 (0x00010537) lui a0, 16
x10 <- 0x00010000


mem[X,0x80047C9C] -> 0x65B7
mem[X,0x80047C9E] -> 0x6666
[6712] [M]: 0x80047C9C (0x666665B7) lui a1, 419430
x11 <- 0x66666000


mem[X,0x80047CA0] -> 0x8593
mem[X,0x80047CA2] -> 0x6675
[6713] [M]: 0x80047CA0 (0x66758593) addi a1, a1, 1639
x11 <- 0x66666667


mem[X,0x80047CA4] -> 0x0213
mem[X,0x80047CA6] -> 0x0000
[6714] [M]: 0x80047CA4 (0x00000213) addi tp, zero, 0
x4 <- 0x00000000


mem[X,0x80047CA8] -> 0x006F
mem[X,0x80047CAA] -> 0x00C0
[6715] [M]: 0x80047CA8 (0x00C0006F) jal zero, 12


mem[X,0x80047CB4] -> 0x6063
mem[X,0x80047CB6] -> 0x02B5
[6716] [M]: 0x80047CB4 (0x02B56063) bltu a0, a1, 32


mem[X,0x80047CD4] -> 0x0213
mem[X,0x80047CD6] -> 0x0032
[6717] [M]: 0x80047CD4 (0x00320213) addi tp, tp, 3
x4 <- 0x00000003


mem[X,0x80047CD8] -> 0x006F
mem[X,0x80047CDA] -> 0x0040
[6718] [M]: 0x80047CD8 (0x0040006F) jal zero, 4


mem[X,0x80047CDC] -> 0xA623
mem[X,0x80047CDE] -> 0x2C40
[6719] [M]: 0x80047CDC (0x2C40A623) sw tp, 716(ra)
mem[0x8004CC40] <- 0x00000003


mem[X,0x80047CE0] -> 0x0537
mem[X,0x80047CE2] -> 0x0001
[6720] [M]: 0x80047CE0 (0x00010537) lui a0, 16
x10 <- 0x00010000


mem[X,0x80047CE4] -> 0xB5B7
mem[X,0x80047CE6] -> 0x0000
[6721] [M]: 0x80047CE4 (0x0000B5B7) lui a1, 11
x11 <- 0x0000B000


mem[X,0x80047CE8] -> 0x8593
mem[X,0x80047CEA] -> 0x5055
[6722] [M]: 0x80047CE8 (0x50558593) addi a1, a1, 1285
x11 <- 0x0000B505


mem[X,0x80047CEC] -> 0x0213
mem[X,0x80047CEE] -> 0x0000
[6723] [M]: 0x80047CEC (0x00000213) addi tp, zero, 0
x4 <- 0x00000000


mem[X,0x80047CF0] -> 0x006F
mem[X,0x80047CF2] -> 0x00C0
[6724] [M]: 0x80047CF0 (0x00C0006F) jal zero, 12


mem[X,0x80047CFC] -> 0x6063
mem[X,0x80047CFE] -> 0x04B5
[6725] [M]: 0x80047CFC (0x04B56063) bltu a0, a1, 64


mem[X,0x80047D00] -> 0x0213
mem[X,0x80047D02] -> 0x0022
[6726] [M]: 0x80047D00 (0x00220213) addi tp, tp, 2
x4 <- 0x00000002


mem[X,0x80047D04] -> 0x006F
mem[X,0x80047D06] -> 0x0400
[6727] [M]: 0x80047D04 (0x0400006F) jal zero, 64


mem[X,0x80047D44] -> 0xA823
mem[X,0x80047D46] -> 0x2C40
[6728] [M]: 0x80047D44 (0x2C40A823) sw tp, 720(ra)
mem[0x8004CC44] <- 0x00000002


mem[X,0x80047D48] -> 0x0537
mem[X,0x80047D4A] -> 0x0001
[6729] [M]: 0x80047D48 (0x00010537) lui a0, 16
x10 <- 0x00010000


mem[X,0x80047D4C] -> 0x0593
mem[X,0x80047D4E] -> 0x0010
[6730] [M]: 0x80047D4C (0x00100593) addi a1, zero, 1
x11 <- 0x00000001


mem[X,0x80047D50] -> 0x0213
mem[X,0x80047D52] -> 0x0000
[6731] [M]: 0x80047D50 (0x00000213) addi tp, zero, 0
x4 <- 0x00000000


mem[X,0x80047D54] -> 0x006F
mem[X,0x80047D56] -> 0x00C0
[6732] [M]: 0x80047D54 (0x00C0006F) jal zero, 12


mem[X,0x80047D60] -> 0x6063
mem[X,0x80047D62] -> 0x20B5
[6733] [M]: 0x80047D60 (0x20B56063) bltu a0, a1, 512


mem[X,0x80047D64] -> 0x0213
mem[X,0x80047D66] -> 0x0022
[6734] [M]: 0x80047D64 (0x00220213) addi tp, tp, 2
x4 <- 0x00000002


mem[X,0x80047D68] -> 0x006F
mem[X,0x80047D6A] -> 0x2000
[6735] [M]: 0x80047D68 (0x2000006F) jal zero, 512


mem[X,0x80047F68] -> 0xAA23
mem[X,0x80047F6A] -> 0x2C40
[6736] [M]: 0x80047F68 (0x2C40AA23) sw tp, 724(ra)
mem[0x8004CC48] <- 0x00000002


mem[X,0x80047F6C] -> 0x0537
mem[X,0x80047F6E] -> 0x0001
[6737] [M]: 0x80047F6C (0x00010537) lui a0, 16
x10 <- 0x00010000


mem[X,0x80047F70] -> 0x05B7
mem[X,0x80047F72] -> 0x0001
[6738] [M]: 0x80047F70 (0x000105B7) lui a1, 16
x11 <- 0x00010000


mem[X,0x80047F74] -> 0x0213
mem[X,0x80047F76] -> 0x0000
[6739] [M]: 0x80047F74 (0x00000213) addi tp, zero, 0
x4 <- 0x00000000


mem[X,0x80047F78] -> 0x006F
mem[X,0x80047F7A] -> 0x00C0
[6740] [M]: 0x80047F78 (0x00C0006F) jal zero, 12


mem[X,0x80047F84] -> 0x6063
mem[X,0x80047F86] -> 0x20B5
[6741] [M]: 0x80047F84 (0x20B56063) bltu a0, a1, 512


mem[X,0x80047F88] -> 0x0213
mem[X,0x80047F8A] -> 0x0022
[6742] [M]: 0x80047F88 (0x00220213) addi tp, tp, 2
x4 <- 0x00000002


mem[X,0x80047F8C] -> 0x006F
mem[X,0x80047F8E] -> 0x2000
[6743] [M]: 0x80047F8C (0x2000006F) jal zero, 512


mem[X,0x8004818C] -> 0xAC23
mem[X,0x8004818E] -> 0x2C40
[6744] [M]: 0x8004818C (0x2C40AC23) sw tp, 728(ra)
mem[0x8004CC4C] <- 0x00000002


mem[X,0x80048190] -> 0x6537
mem[X,0x80048192] -> 0x6666
[6745] [M]: 0x80048190 (0x66666537) lui a0, 419430
x10 <- 0x66666000


mem[X,0x80048194] -> 0x0513
mem[X,0x80048196] -> 0x6655
[6746] [M]: 0x80048194 (0x66550513) addi a0, a0, 1637
x10 <- 0x66666665


mem[X,0x80048198] -> 0x0593
mem[X,0x8004819A] -> 0x0060
[6747] [M]: 0x80048198 (0x00600593) addi a1, zero, 6
x11 <- 0x00000006


mem[X,0x8004819C] -> 0x0213
mem[X,0x8004819E] -> 0x0000
[6748] [M]: 0x8004819C (0x00000213) addi tp, zero, 0
x4 <- 0x00000000


mem[X,0x800481A0] -> 0x006F
mem[X,0x800481A2] -> 0x00C0
[6749] [M]: 0x800481A0 (0x00C0006F) jal zero, 12


mem[X,0x800481AC] -> 0x6663
mem[X,0x800481AE] -> 0x00B5
[6750] [M]: 0x800481AC (0x00B56663) bltu a0, a1, 12


mem[X,0x800481B0] -> 0x0213
mem[X,0x800481B2] -> 0x0022
[6751] [M]: 0x800481B0 (0x00220213) addi tp, tp, 2
x4 <- 0x00000002


mem[X,0x800481B4] -> 0x006F
mem[X,0x800481B6] -> 0x00C0
[6752] [M]: 0x800481B4 (0x00C0006F) jal zero, 12


mem[X,0x800481C0] -> 0xAE23
mem[X,0x800481C2] -> 0x2C40
[6753] [M]: 0x800481C0 (0x2C40AE23) sw tp, 732(ra)
mem[0x8004CC50] <- 0x00000002


mem[X,0x800481C4] -> 0x6537
mem[X,0x800481C6] -> 0x6666
[6754] [M]: 0x800481C4 (0x66666537) lui a0, 419430
x10 <- 0x66666000


mem[X,0x800481C8] -> 0x0513
mem[X,0x800481CA] -> 0x6655
[6755] [M]: 0x800481C8 (0x66550513) addi a0, a0, 1637
x10 <- 0x66666665


mem[X,0x800481CC] -> 0x35B7
mem[X,0x800481CE] -> 0x3333
[6756] [M]: 0x800481CC (0x333335B7) lui a1, 209715
x11 <- 0x33333000


mem[X,0x800481D0] -> 0x8593
mem[X,0x800481D2] -> 0x3345
[6757] [M]: 0x800481D0 (0x33458593) addi a1, a1, 820
x11 <- 0x33333334


mem[X,0x800481D4] -> 0x0213
mem[X,0x800481D6] -> 0x0000
[6758] [M]: 0x800481D4 (0x00000213) addi tp, zero, 0
x4 <- 0x00000000


mem[X,0x800481D8] -> 0x006F
mem[X,0x800481DA] -> 0x0050
[6759] [M]: 0x800481D8 (0x0050006F) jal zero, 2052


mem[X,0x800489DC] -> 0x60E3
mem[X,0x800489DE] -> 0x80B5
[6760] [M]: 0x800489DC (0x80B560E3) bltu a0, a1, 6144


mem[X,0x800489E0] -> 0x0213
mem[X,0x800489E2] -> 0x0022
[6761] [M]: 0x800489E0 (0x00220213) addi tp, tp, 2
x4 <- 0x00000002


mem[X,0x800489E4] -> 0x006F
mem[X,0x800489E6] -> 0x00C0
[6762] [M]: 0x800489E4 (0x00C0006F) jal zero, 12


mem[X,0x800489F0] -> 0xA023
mem[X,0x800489F2] -> 0x2E40
[6763] [M]: 0x800489F0 (0x2E40A023) sw tp, 736(ra)
mem[0x8004CC54] <- 0x00000002


mem[X,0x800489F4] -> 0x6537
mem[X,0x800489F6] -> 0x6666
[6764] [M]: 0x800489F4 (0x66666537) lui a0, 419430
x10 <- 0x66666000


mem[X,0x800489F8] -> 0x0513
mem[X,0x800489FA] -> 0x6655
[6765] [M]: 0x800489F8 (0x66550513) addi a0, a0, 1637
x10 <- 0x66666665


mem[X,0x800489FC] -> 0x65B7
mem[X,0x800489FE] -> 0x6666
[6766] [M]: 0x800489FC (0x666665B7) lui a1, 419430
x11 <- 0x66666000


mem[X,0x80048A00] -> 0x8593
mem[X,0x80048A02] -> 0x6675
[6767] [M]: 0x80048A00 (0x66758593) addi a1, a1, 1639
x11 <- 0x66666667


mem[X,0x80048A04] -> 0x0213
mem[X,0x80048A06] -> 0x0000
[6768] [M]: 0x80048A04 (0x00000213) addi tp, zero, 0
x4 <- 0x00000000


mem[X,0x80048A08] -> 0x006F
mem[X,0x80048A0A] -> 0x00C0
[6769] [M]: 0x80048A08 (0x00C0006F) jal zero, 12


mem[X,0x80048A14] -> 0x6663
mem[X,0x80048A16] -> 0x00B5
[6770] [M]: 0x80048A14 (0x00B56663) bltu a0, a1, 12


mem[X,0x80048A20] -> 0x0213
mem[X,0x80048A22] -> 0x0032
[6771] [M]: 0x80048A20 (0x00320213) addi tp, tp, 3
x4 <- 0x00000003


mem[X,0x80048A24] -> 0x006F
mem[X,0x80048A26] -> 0x0040
[6772] [M]: 0x80048A24 (0x0040006F) jal zero, 4


mem[X,0x80048A28] -> 0xA223
mem[X,0x80048A2A] -> 0x2E40
[6773] [M]: 0x80048A28 (0x2E40A223) sw tp, 740(ra)
mem[0x8004CC58] <- 0x00000003


mem[X,0x80048A2C] -> 0x6537
mem[X,0x80048A2E] -> 0x6666
[6774] [M]: 0x80048A2C (0x66666537) lui a0, 419430
x10 <- 0x66666000


mem[X,0x80048A30] -> 0x0513
mem[X,0x80048A32] -> 0x6655
[6775] [M]: 0x80048A30 (0x66550513) addi a0, a0, 1637
x10 <- 0x66666665


mem[X,0x80048A34] -> 0xB5B7
mem[X,0x80048A36] -> 0x0000
[6776] [M]: 0x80048A34 (0x0000B5B7) lui a1, 11
x11 <- 0x0000B000


mem[X,0x80048A38] -> 0x8593
mem[X,0x80048A3A] -> 0x5055
[6777] [M]: 0x80048A38 (0x50558593) addi a1, a1, 1285
x11 <- 0x0000B505


mem[X,0x80048A3C] -> 0x0213
mem[X,0x80048A3E] -> 0x0000
[6778] [M]: 0x80048A3C (0x00000213) addi tp, zero, 0
x4 <- 0x00000000


mem[X,0x80048A40] -> 0x006F
mem[X,0x80048A42] -> 0x00C0
[6779] [M]: 0x80048A40 (0x00C0006F) jal zero, 12


mem[X,0x80048A4C] -> 0x6863
mem[X,0x80048A4E] -> 0x00B5
[6780] [M]: 0x80048A4C (0x00B56863) bltu a0, a1, 16


mem[X,0x80048A50] -> 0x0213
mem[X,0x80048A52] -> 0x0022
[6781] [M]: 0x80048A50 (0x00220213) addi tp, tp, 2
x4 <- 0x00000002


mem[X,0x80048A54] -> 0x006F
mem[X,0x80048A56] -> 0x0100
[6782] [M]: 0x80048A54 (0x0100006F) jal zero, 16


mem[X,0x80048A64] -> 0xA423
mem[X,0x80048A66] -> 0x2E40
[6783] [M]: 0x80048A64 (0x2E40A423) sw tp, 744(ra)
mem[0x8004CC5C] <- 0x00000002


mem[X,0x80048A68] -> 0x0537
mem[X,0x80048A6A] -> 0x2000
[6784] [M]: 0x80048A68 (0x20000537) lui a0, 131072
x10 <- 0x20000000


mem[X,0x80048A6C] -> 0x85B7
mem[X,0x80048A6E] -> 0x0000
[6785] [M]: 0x80048A6C (0x000085B7) lui a1, 8
x11 <- 0x00008000


mem[X,0x80048A70] -> 0x0213
mem[X,0x80048A72] -> 0x0000
[6786] [M]: 0x80048A70 (0x00000213) addi tp, zero, 0
x4 <- 0x00000000


mem[X,0x80048A74] -> 0x006F
mem[X,0x80048A76] -> 0x2B10
[6787] [M]: 0x80048A74 (0x2B10006F) jal zero, 2736


mem[X,0x80049524] -> 0x6A63
mem[X,0x80049526] -> 0xD4B5
[6788] [M]: 0x80049524 (0xD4B56A63) bltu a0, a1, 5460


mem[X,0x80049528] -> 0x0213
mem[X,0x8004952A] -> 0x0022
[6789] [M]: 0x80049528 (0x00220213) addi tp, tp, 2
x4 <- 0x00000002


mem[X,0x8004952C] -> 0x006F
mem[X,0x8004952E] -> 0x00C0
[6790] [M]: 0x8004952C (0x00C0006F) jal zero, 12


mem[X,0x80049538] -> 0xA623
mem[X,0x8004953A] -> 0x2E40
[6791] [M]: 0x80049538 (0x2E40A623) sw tp, 748(ra)
mem[0x8004CC60] <- 0x00000002


mem[X,0x8004953C] -> 0x0537
mem[X,0x8004953E] -> 0x4000
[6792] [M]: 0x8004953C (0x40000537) lui a0, 262144
x10 <- 0x40000000


mem[X,0x80049540] -> 0x05B7
mem[X,0x80049542] -> 0xFC00
[6793] [M]: 0x80049540 (0xFC0005B7) lui a1, 1032192
x11 <- 0xFC000000


mem[X,0x80049544] -> 0x8593
mem[X,0x80049546] -> 0xFFF5
[6794] [M]: 0x80049544 (0xFFF58593) addi a1, a1, 4095
x11 <- 0xFBFFFFFF


mem[X,0x80049548] -> 0x0213
mem[X,0x8004954A] -> 0x0000
[6795] [M]: 0x80049548 (0x00000213) addi tp, zero, 0
x4 <- 0x00000000


mem[X,0x8004954C] -> 0x006F
mem[X,0x8004954E] -> 0x00C0
[6796] [M]: 0x8004954C (0x00C0006F) jal zero, 12


mem[X,0x80049558] -> 0x6CE3
mem[X,0x8004955A] -> 0xFEB5
[6797] [M]: 0x80049558 (0xFEB56CE3) bltu a0, a1, 8184


mem[X,0x80049550] -> 0x0213
mem[X,0x80049552] -> 0x0012
[6798] [M]: 0x80049550 (0x00120213) addi tp, tp, 1
x4 <- 0x00000001


mem[X,0x80049554] -> 0x006F
mem[X,0x80049556] -> 0x0180
[6799] [M]: 0x80049554 (0x0180006F) jal zero, 24


clint::tick mtime <- 0x0000000000000044
 clint timer pending at mtime 0x0000000000000044
htif::tick 0x0000000000000000
mem[X,0x8004956C] -> 0xA823
mem[X,0x8004956E] -> 0x2E40
[6800] [M]: 0x8004956C (0x2E40A823) sw tp, 752(ra)
mem[0x8004CC64] <- 0x00000001


mem[X,0x80049570] -> 0x3537
mem[X,0x80049572] -> 0x3333
[6801] [M]: 0x80049570 (0x33333537) lui a0, 209715
x10 <- 0x33333000


mem[X,0x80049574] -> 0x0513
mem[X,0x80049576] -> 0x3335
[6802] [M]: 0x80049574 (0x33350513) addi a0, a0, 819
x10 <- 0x33333333


mem[X,0x80049578] -> 0x0593
mem[X,0x8004957A] -> 0x0020
[6803] [M]: 0x80049578 (0x00200593) addi a1, zero, 2
x11 <- 0x00000002


mem[X,0x8004957C] -> 0x0213
mem[X,0x8004957E] -> 0x0000
[6804] [M]: 0x8004957C (0x00000213) addi tp, zero, 0
x4 <- 0x00000000


mem[X,0x80049580] -> 0x006F
mem[X,0x80049582] -> 0x00C0
[6805] [M]: 0x80049580 (0x00C0006F) jal zero, 12


mem[X,0x8004958C] -> 0x6663
mem[X,0x8004958E] -> 0x00B5
[6806] [M]: 0x8004958C (0x00B56663) bltu a0, a1, 12


mem[X,0x80049590] -> 0x0213
mem[X,0x80049592] -> 0x0022
[6807] [M]: 0x80049590 (0x00220213) addi tp, tp, 2
x4 <- 0x00000002


mem[X,0x80049594] -> 0x006F
mem[X,0x80049596] -> 0x00C0
[6808] [M]: 0x80049594 (0x00C0006F) jal zero, 12


mem[X,0x800495A0] -> 0xAA23
mem[X,0x800495A2] -> 0x2E40
[6809] [M]: 0x800495A0 (0x2E40AA23) sw tp, 756(ra)
mem[0x8004CC68] <- 0x00000002


mem[X,0x800495A4] -> 0x006F
mem[X,0x800495A6] -> 0x0200
[6810] [M]: 0x800495A4 (0x0200006F) jal zero, 32


mem[X,0x800495C4] -> 0x0093
mem[X,0x800495C6] -> 0x0010
[6811] [M]: 0x800495C4 (0x00100093) addi ra, zero, 1
x1 <- 0x00000001


mem[X,0x800495C8] -> 0x1F17
mem[X,0x800495CA] -> 0x0000
[6812] [M]: 0x800495C8 (0x00001F17) auipc t5, 1
x30 <- 0x8004A5C8


mem[X,0x800495CC] -> 0x2C23
mem[X,0x800495CE] -> 0xA21F
[6813] [M]: 0x800495CC (0xA21F2C23) sw ra, 2616(t5)
htif[0x8004A000] <- 0x00000001


mem[X,0x800495D0] -> 0xF06F
mem[X,0x800495D2] -> 0xFF9F
[6814] [M]: 0x800495D0 (0xFF9FF06F) jal zero, 2097144


mem[X,0x800495C8] -> 0x1F17
mem[X,0x800495CA] -> 0x0000
[6815] [M]: 0x800495C8 (0x00001F17) auipc t5, 1
x30 <- 0x8004A5C8


mem[X,0x800495CC] -> 0x2C23
mem[X,0x800495CE] -> 0xA21F
[6816] [M]: 0x800495CC (0xA21F2C23) sw ra, 2616(t5)
htif[0x8004A000] <- 0x00000001


mem[X,0x800495D0] -> 0xF06F
mem[X,0x800495D2] -> 0xFF9F
[6817] [M]: 0x800495D0 (0xFF9FF06F) jal zero, 2097144


mem[X,0x800495C8] -> 0x1F17
mem[X,0x800495CA] -> 0x0000
[6818] [M]: 0x800495C8 (0x00001F17) auipc t5, 1
x30 <- 0x8004A5C8


mem[X,0x800495CC] -> 0x2C23
mem[X,0x800495CE] -> 0xA21F
[6819] [M]: 0x800495CC (0xA21F2C23) sw ra, 2616(t5)
htif[0x8004A000] <- 0x00000001
htif-syscall-proxy cmd: 0x000000000001

SUCCESS
