using /home/force/Desktop/work/compliance_testing/our_riscv/work/riscof_work/C/src/clwsp-01.S/ref/Reference-sail_c_simulator.signature for test-signature output.
[Sail] Allocating new block 0x80000000
tohost located at 0x80001000
[Sail] Allocating new block 0x0

Running file ref.elf.
ELF Entry @ 0x80000000
begin_signature: 0x80003110
end_signature: 0x800031a0
CSR mstatus <- 0x00000000 (input: 0x00000000)
mem[X,0x00001000] -> 0x0297
mem[X,0x00001002] -> 0x0000
[0] [M]: 0x00001000 (0x00000297) auipc t0, 0
x5 <- 0x00001000


mem[X,0x00001004] -> 0x8593
mem[X,0x00001006] -> 0x0202
[1] [M]: 0x00001004 (0x02028593) addi a1, t0, 32
x11 <- 0x00001020


mem[X,0x00001008] -> 0x2573
mem[X,0x0000100A] -> 0xF140
[2] [M]: 0x00001008 (0xF1402573) csrrs a0, mhartid, zero
CSR mhartid -> 0x00000000
x10 <- 0x00000000


mem[X,0x0000100C] -> 0xA283
mem[X,0x0000100E] -> 0x0182
[3] [M]: 0x0000100C (0x0182A283) lw t0, 24(t0)
mem[R,0x00001018] -> 0x80000000
x5 <- 0x80000000


mem[X,0x00001010] -> 0x8067
mem[X,0x00001012] -> 0x0002
[4] [M]: 0x00001010 (0x00028067) jalr zero, t0, 0


mem[X,0x80000000] -> 0xC0B7
mem[X,0x80000002] -> 0xFEED
[5] [M]: 0x80000000 (0xFEEDC0B7) lui ra, 1044188
x1 <- 0xFEEDC000


mem[X,0x80000004] -> 0x8093
mem[X,0x80000006] -> 0xEAD0
[6] [M]: 0x80000004 (0xEAD08093) addi ra, ra, 3757
x1 <- 0xFEEDBEAD


mem[X,0x80000008] -> 0xE137
mem[X,0x8000000A] -> 0xFF76
[7] [M]: 0x80000008 (0xFF76E137) lui sp, 1046382
x2 <- 0xFF76E000


mem[X,0x8000000C] -> 0x0113
mem[X,0x8000000E] -> 0xF561
[8] [M]: 0x8000000C (0xF5610113) addi sp, sp, 3926
x2 <- 0xFF76DF56


mem[X,0x80000010] -> 0x71B7
mem[X,0x80000012] -> 0x7FBB
[9] [M]: 0x80000010 (0x7FBB71B7) lui gp, 523191
x3 <- 0x7FBB7000


mem[X,0x80000014] -> 0x8193
mem[X,0x80000016] -> 0xFAB1
[10] [M]: 0x80000014 (0xFAB18193) addi gp, gp, 4011
x3 <- 0x7FBB6FAB


mem[X,0x80000018] -> 0xB237
mem[X,0x8000001A] -> 0xBFDD
[11] [M]: 0x80000018 (0xBFDDB237) lui tp, 785883
x4 <- 0xBFDDB000


mem[X,0x8000001C] -> 0x0213
mem[X,0x8000001E] -> 0x7D52
[12] [M]: 0x8000001C (0x7D520213) addi tp, tp, 2005
x4 <- 0xBFDDB7D5


mem[X,0x80000020] -> 0x0297
mem[X,0x80000022] -> 0x0000
[13] [M]: 0x80000020 (0x00000297) auipc t0, 0
x5 <- 0x80000020


mem[X,0x80000024] -> 0x8293
mem[X,0x80000026] -> 0x0882
[14] [M]: 0x80000024 (0x08828293) addi t0, t0, 136
x5 <- 0x800000A8


mem[X,0x80000028] -> 0x0013
mem[X,0x8000002A] -> 0x0000
[15] [M]: 0x80000028 (0x00000013) addi zero, zero, 0


mem[X,0x8000002C] -> 0x0013
mem[X,0x8000002E] -> 0x0000
[16] [M]: 0x8000002C (0x00000013) addi zero, zero, 0


mem[X,0x80000030] -> 0x0013
mem[X,0x80000032] -> 0x0000
[17] [M]: 0x80000030 (0x00000013) addi zero, zero, 0


mem[X,0x80000034] -> 0x0013
mem[X,0x80000036] -> 0x0000
[18] [M]: 0x80000034 (0x00000013) addi zero, zero, 0


mem[X,0x80000038] -> 0x0013
mem[X,0x8000003A] -> 0x0000
[19] [M]: 0x80000038 (0x00000013) addi zero, zero, 0


mem[X,0x8000003C] -> 0x0013
mem[X,0x8000003E] -> 0x0000
[20] [M]: 0x8000003C (0x00000013) addi zero, zero, 0


mem[X,0x80000040] -> 0x2317
mem[X,0x80000042] -> 0x0000
[21] [M]: 0x80000040 (0x00002317) auipc t1, 2
x6 <- 0x80002040


mem[X,0x80000044] -> 0x0313
mem[X,0x80000046] -> 0xFC03
[22] [M]: 0x80000044 (0xFC030313) addi t1, t1, 4032
x6 <- 0x80002000


mem[X,0x80000048] -> 0x0013
mem[X,0x8000004A] -> 0x0000
[23] [M]: 0x80000048 (0x00000013) addi zero, zero, 0


mem[X,0x8000004C] -> 0x0013
mem[X,0x8000004E] -> 0x0000
[24] [M]: 0x8000004C (0x00000013) addi zero, zero, 0


mem[X,0x80000050] -> 0x0013
mem[X,0x80000052] -> 0x0000
[25] [M]: 0x80000050 (0x00000013) addi zero, zero, 0


mem[X,0x80000054] -> 0x0013
mem[X,0x80000056] -> 0x0000
[26] [M]: 0x80000054 (0x00000013) addi zero, zero, 0


mem[X,0x80000058] -> 0x0013
mem[X,0x8000005A] -> 0x0000
[27] [M]: 0x80000058 (0x00000013) addi zero, zero, 0


mem[X,0x8000005C] -> 0x0013
mem[X,0x8000005E] -> 0x0000
[28] [M]: 0x8000005C (0x00000013) addi zero, zero, 0


mem[X,0x80000060] -> 0xB3B7
mem[X,0x80000062] -> 0xB7FB
[29] [M]: 0x80000060 (0xB7FBB3B7) lui t2, 753595
x7 <- 0xB7FBB000


mem[X,0x80000064] -> 0x8393
mem[X,0x80000066] -> 0x6FA3
[30] [M]: 0x80000064 (0x6FA38393) addi t2, t2, 1786
x7 <- 0xB7FBB6FA


mem[X,0x80000068] -> 0xE437
mem[X,0x8000006A] -> 0x5BFD
[31] [M]: 0x80000068 (0x5BFDE437) lui fp, 376798
x8 <- 0x5BFDE000


mem[X,0x8000006C] -> 0x0413
mem[X,0x8000006E] -> 0xB7D4
[32] [M]: 0x8000006C (0xB7D40413) addi fp, fp, 2941
x8 <- 0x5BFDDB7D


mem[X,0x80000070] -> 0xF4B7
mem[X,0x80000072] -> 0xADFE
[33] [M]: 0x80000070 (0xADFEF4B7) lui s1, 712687
x9 <- 0xADFEF000


mem[X,0x80000074] -> 0x8493
mem[X,0x80000076] -> 0xDBE4
[34] [M]: 0x80000074 (0xDBE48493) addi s1, s1, 3518
x9 <- 0xADFEEDBE


mem[X,0x80000078] -> 0x7537
mem[X,0x8000007A] -> 0x56FF
[35] [M]: 0x80000078 (0x56FF7537) lui a0, 356343
x10 <- 0x56FF7000


mem[X,0x8000007C] -> 0x0513
mem[X,0x8000007E] -> 0x6DF5
[36] [M]: 0x8000007C (0x6DF50513) addi a0, a0, 1759
x10 <- 0x56FF76DF


mem[X,0x80000080] -> 0xC5B7
mem[X,0x80000082] -> 0xAB7F
[37] [M]: 0x80000080 (0xAB7FC5B7) lui a1, 702460
x11 <- 0xAB7FC000


mem[X,0x80000084] -> 0x8593
mem[X,0x80000086] -> 0xB6F5
[38] [M]: 0x80000084 (0xB6F58593) addi a1, a1, 2927
x11 <- 0xAB7FBB6F


mem[X,0x80000088] -> 0xE637
mem[X,0x8000008A] -> 0xD5BF
[39] [M]: 0x80000088 (0xD5BFE637) lui a2, 875518
x12 <- 0xD5BFE000


mem[X,0x8000008C] -> 0x0613
mem[X,0x8000008E] -> 0xDB76
[40] [M]: 0x8000008C (0xDB760613) addi a2, a2, 3511
x12 <- 0xD5BFDDB7


mem[X,0x80000090] -> 0xF6B7
mem[X,0x80000092] -> 0xEADF
[41] [M]: 0x80000090 (0xEADFF6B7) lui a3, 962047
x13 <- 0xEADFF000


mem[X,0x80000094] -> 0x8693
mem[X,0x80000096] -> 0xEDB6
[42] [M]: 0x80000094 (0xEDB68693) addi a3, a3, 3803
x13 <- 0xEADFEEDB


mem[X,0x80000098] -> 0xF737
mem[X,0x8000009A] -> 0xF56F
[43] [M]: 0x80000098 (0xF56FF737) lui a4, 1005311
x14 <- 0xF56FF000


mem[X,0x8000009C] -> 0x0713
mem[X,0x8000009E] -> 0x76D7
[44] [M]: 0x8000009C (0x76D70713) addi a4, a4, 1901
x14 <- 0xF56FF76D


mem[X,0x800000A0] -> 0x07B7
mem[X,0x800000A2] -> 0xFAB8
[45] [M]: 0x800000A0 (0xFAB807B7) lui a5, 1026944
x15 <- 0xFAB80000


mem[X,0x800000A4] -> 0x8793
mem[X,0x800000A6] -> 0xBB67
[46] [M]: 0x800000A4 (0xBB678793) addi a5, a5, 2998
x15 <- 0xFAB7FBB6


mem[X,0x800000A8] -> 0x0013
mem[X,0x800000AA] -> 0x0000
[47] [M]: 0x800000A8 (0x00000013) addi zero, zero, 0


mem[X,0x800000AC] -> 0x0013
mem[X,0x800000AE] -> 0x0000
[48] [M]: 0x800000AC (0x00000013) addi zero, zero, 0


mem[X,0x800000B0] -> 0x0013
mem[X,0x800000B2] -> 0x0000
[49] [M]: 0x800000B0 (0x00000013) addi zero, zero, 0


mem[X,0x800000B4] -> 0x0013
mem[X,0x800000B6] -> 0x0000
[50] [M]: 0x800000B4 (0x00000013) addi zero, zero, 0


mem[X,0x800000B8] -> 0x0013
mem[X,0x800000BA] -> 0x0000
[51] [M]: 0x800000B8 (0x00000013) addi zero, zero, 0


mem[X,0x800000BC] -> 0x0013
mem[X,0x800000BE] -> 0x0000
[52] [M]: 0x800000BC (0x00000013) addi zero, zero, 0


mem[X,0x800000C0] -> 0x3397
mem[X,0x800000C2] -> 0x0000
[53] [M]: 0x800000C0 (0x00003397) auipc t2, 3
x7 <- 0x800030C0


mem[X,0x800000C4] -> 0x8393
mem[X,0x800000C6] -> 0x0543
[54] [M]: 0x800000C4 (0x05438393) addi t2, t2, 84
x7 <- 0x80003114


mem[X,0x800000C8] -> 0x0013
mem[X,0x800000CA] -> 0x0000
[55] [M]: 0x800000C8 (0x00000013) addi zero, zero, 0


mem[X,0x800000CC] -> 0x0013
mem[X,0x800000CE] -> 0x0000
[56] [M]: 0x800000CC (0x00000013) addi zero, zero, 0


mem[X,0x800000D0] -> 0x0013
mem[X,0x800000D2] -> 0x0000
[57] [M]: 0x800000D0 (0x00000013) addi zero, zero, 0


mem[X,0x800000D4] -> 0x0013
mem[X,0x800000D6] -> 0x0000
[58] [M]: 0x800000D4 (0x00000013) addi zero, zero, 0


mem[X,0x800000D8] -> 0x0013
mem[X,0x800000DA] -> 0x0000
[59] [M]: 0x800000D8 (0x00000013) addi zero, zero, 0


mem[X,0x800000DC] -> 0x0013
mem[X,0x800000DE] -> 0x0000
[60] [M]: 0x800000DC (0x00000013) addi zero, zero, 0


mem[X,0x800000E0] -> 0x2117
mem[X,0x800000E2] -> 0x0000
[61] [M]: 0x800000E0 (0x00002117) auipc sp, 2
x2 <- 0x800020E0


mem[X,0x800000E4] -> 0x0113
mem[X,0x800000E6] -> 0xEA01
[62] [M]: 0x800000E4 (0xEA010113) addi sp, sp, 3744
x2 <- 0x80001F80


mem[X,0x800000E8] -> 0x0013
mem[X,0x800000EA] -> 0x0000
[63] [M]: 0x800000E8 (0x00000013) addi zero, zero, 0


mem[X,0x800000EC] -> 0x0013
mem[X,0x800000EE] -> 0x0000
[64] [M]: 0x800000EC (0x00000013) addi zero, zero, 0


mem[X,0x800000F0] -> 0x0013
mem[X,0x800000F2] -> 0x0000
[65] [M]: 0x800000F0 (0x00000013) addi zero, zero, 0


mem[X,0x800000F4] -> 0x0013
mem[X,0x800000F6] -> 0x0000
[66] [M]: 0x800000F4 (0x00000013) addi zero, zero, 0


mem[X,0x800000F8] -> 0x0013
mem[X,0x800000FA] -> 0x0000
[67] [M]: 0x800000F8 (0x00000013) addi zero, zero, 0


mem[X,0x800000FC] -> 0x0013
mem[X,0x800000FE] -> 0x0000
[68] [M]: 0x800000FC (0x00000013) addi zero, zero, 0


mem[X,0x80000100] -> 0x490A
[69] [M]: 0x80000100 (0x490A) c.lwsp s2, 32
mem[R,0x80002000] -> 0xBABECAFE
x18 <- 0xBABECAFE


mem[X,0x80000102] -> 0x0001
[70] [M]: 0x80000102 (0x0001) c.nop


mem[X,0x80000104] -> 0x0001
[71] [M]: 0x80000104 (0x0001) c.nop


mem[X,0x80000106] -> 0xA023
mem[X,0x80000108] -> 0x0123
[72] [M]: 0x80000106 (0x0123A023) sw s2, 0(t2)
mem[0x80003114] <- 0xBABECAFE


mem[X,0x8000010A] -> 0x0013
mem[X,0x8000010C] -> 0x0000
[73] [M]: 0x8000010A (0x00000013) addi zero, zero, 0


mem[X,0x8000010E] -> 0x0013
mem[X,0x80000110] -> 0x0000
[74] [M]: 0x8000010E (0x00000013) addi zero, zero, 0


mem[X,0x80000112] -> 0x0013
mem[X,0x80000114] -> 0x0000
[75] [M]: 0x80000112 (0x00000013) addi zero, zero, 0


mem[X,0x80000116] -> 0x0013
mem[X,0x80000118] -> 0x0000
[76] [M]: 0x80000116 (0x00000013) addi zero, zero, 0


mem[X,0x8000011A] -> 0x0013
mem[X,0x8000011C] -> 0x0000
[77] [M]: 0x8000011A (0x00000013) addi zero, zero, 0


mem[X,0x8000011E] -> 0x0001
[78] [M]: 0x8000011E (0x0001) c.nop


mem[X,0x80000120] -> 0x2117
mem[X,0x80000122] -> 0x0000
[79] [M]: 0x80000120 (0x00002117) auipc sp, 2
x2 <- 0x80002120


mem[X,0x80000124] -> 0x0113
mem[X,0x80000126] -> 0xEE01
[80] [M]: 0x80000124 (0xEE010113) addi sp, sp, 3808
x2 <- 0x80002000


mem[X,0x80000128] -> 0x0013
mem[X,0x8000012A] -> 0x0000
[81] [M]: 0x80000128 (0x00000013) addi zero, zero, 0


mem[X,0x8000012C] -> 0x0013
mem[X,0x8000012E] -> 0x0000
[82] [M]: 0x8000012C (0x00000013) addi zero, zero, 0


mem[X,0x80000130] -> 0x0013
mem[X,0x80000132] -> 0x0000
[83] [M]: 0x80000130 (0x00000013) addi zero, zero, 0


mem[X,0x80000134] -> 0x0013
mem[X,0x80000136] -> 0x0000
[84] [M]: 0x80000134 (0x00000013) addi zero, zero, 0


mem[X,0x80000138] -> 0x0013
mem[X,0x8000013A] -> 0x0000
[85] [M]: 0x80000138 (0x00000013) addi zero, zero, 0


mem[X,0x8000013C] -> 0x0013
mem[X,0x8000013E] -> 0x0000
[86] [M]: 0x8000013C (0x00000013) addi zero, zero, 0


mem[X,0x80000140] -> 0x4602
[87] [M]: 0x80000140 (0x4602) c.lwsp a2, 0
mem[R,0x80002000] -> 0xBABECAFE
x12 <- 0xBABECAFE


mem[X,0x80000142] -> 0x0001
[88] [M]: 0x80000142 (0x0001) c.nop


mem[X,0x80000144] -> 0x0001
[89] [M]: 0x80000144 (0x0001) c.nop


mem[X,0x80000146] -> 0xA223
mem[X,0x80000148] -> 0x00C3
[90] [M]: 0x80000146 (0x00C3A223) sw a2, 4(t2)
mem[0x80003118] <- 0xBABECAFE


mem[X,0x8000014A] -> 0x0013
mem[X,0x8000014C] -> 0x0000
[91] [M]: 0x8000014A (0x00000013) addi zero, zero, 0


mem[X,0x8000014E] -> 0x0013
mem[X,0x80000150] -> 0x0000
[92] [M]: 0x8000014E (0x00000013) addi zero, zero, 0


mem[X,0x80000152] -> 0x0013
mem[X,0x80000154] -> 0x0000
[93] [M]: 0x80000152 (0x00000013) addi zero, zero, 0


mem[X,0x80000156] -> 0x0013
mem[X,0x80000158] -> 0x0000
[94] [M]: 0x80000156 (0x00000013) addi zero, zero, 0


mem[X,0x8000015A] -> 0x0013
mem[X,0x8000015C] -> 0x0000
[95] [M]: 0x8000015A (0x00000013) addi zero, zero, 0


mem[X,0x8000015E] -> 0x0001
[96] [M]: 0x8000015E (0x0001) c.nop


mem[X,0x80000160] -> 0x2117
mem[X,0x80000162] -> 0x0000
[97] [M]: 0x80000160 (0x00002117) auipc sp, 2
x2 <- 0x80002160


mem[X,0x80000164] -> 0x0113
mem[X,0x80000166] -> 0xE9C1
[98] [M]: 0x80000164 (0xE9C10113) addi sp, sp, 3740
x2 <- 0x80001FFC


mem[X,0x80000168] -> 0x0013
mem[X,0x8000016A] -> 0x0000
[99] [M]: 0x80000168 (0x00000013) addi zero, zero, 0


clint::tick mtime <- 0x0000000000000001
 clint timer pending at mtime 0x0000000000000001
htif::tick 0x0000000000000000
mem[X,0x8000016C] -> 0x0013
mem[X,0x8000016E] -> 0x0000
[100] [M]: 0x8000016C (0x00000013) addi zero, zero, 0


mem[X,0x80000170] -> 0x0013
mem[X,0x80000172] -> 0x0000
[101] [M]: 0x80000170 (0x00000013) addi zero, zero, 0


mem[X,0x80000174] -> 0x0013
mem[X,0x80000176] -> 0x0000
[102] [M]: 0x80000174 (0x00000013) addi zero, zero, 0


mem[X,0x80000178] -> 0x0013
mem[X,0x8000017A] -> 0x0000
[103] [M]: 0x80000178 (0x00000013) addi zero, zero, 0


mem[X,0x8000017C] -> 0x0013
mem[X,0x8000017E] -> 0x0000
[104] [M]: 0x8000017C (0x00000013) addi zero, zero, 0


mem[X,0x80000180] -> 0x4112
[105] [M]: 0x80000180 (0x4112) c.lwsp sp, 1
mem[R,0x80002000] -> 0xBABECAFE
x2 <- 0xBABECAFE


mem[X,0x80000182] -> 0x0001
[106] [M]: 0x80000182 (0x0001) c.nop


mem[X,0x80000184] -> 0x0001
[107] [M]: 0x80000184 (0x0001) c.nop


mem[X,0x80000186] -> 0xA423
mem[X,0x80000188] -> 0x0023
[108] [M]: 0x80000186 (0x0023A423) sw sp, 8(t2)
mem[0x8000311C] <- 0xBABECAFE


mem[X,0x8000018A] -> 0x0013
mem[X,0x8000018C] -> 0x0000
[109] [M]: 0x8000018A (0x00000013) addi zero, zero, 0


mem[X,0x8000018E] -> 0x0013
mem[X,0x80000190] -> 0x0000
[110] [M]: 0x8000018E (0x00000013) addi zero, zero, 0


mem[X,0x80000192] -> 0x0013
mem[X,0x80000194] -> 0x0000
[111] [M]: 0x80000192 (0x00000013) addi zero, zero, 0


mem[X,0x80000196] -> 0x0013
mem[X,0x80000198] -> 0x0000
[112] [M]: 0x80000196 (0x00000013) addi zero, zero, 0


mem[X,0x8000019A] -> 0x0013
mem[X,0x8000019C] -> 0x0000
[113] [M]: 0x8000019A (0x00000013) addi zero, zero, 0


mem[X,0x8000019E] -> 0x0001
[114] [M]: 0x8000019E (0x0001) c.nop


mem[X,0x800001A0] -> 0x2117
mem[X,0x800001A2] -> 0x0000
[115] [M]: 0x800001A0 (0x00002117) auipc sp, 2
x2 <- 0x800021A0


mem[X,0x800001A4] -> 0x0113
mem[X,0x800001A6] -> 0xE581
[116] [M]: 0x800001A4 (0xE5810113) addi sp, sp, 3672
x2 <- 0x80001FF8


mem[X,0x800001A8] -> 0x0013
mem[X,0x800001AA] -> 0x0000
[117] [M]: 0x800001A8 (0x00000013) addi zero, zero, 0


mem[X,0x800001AC] -> 0x0013
mem[X,0x800001AE] -> 0x0000
[118] [M]: 0x800001AC (0x00000013) addi zero, zero, 0


mem[X,0x800001B0] -> 0x0013
mem[X,0x800001B2] -> 0x0000
[119] [M]: 0x800001B0 (0x00000013) addi zero, zero, 0


mem[X,0x800001B4] -> 0x0013
mem[X,0x800001B6] -> 0x0000
[120] [M]: 0x800001B4 (0x00000013) addi zero, zero, 0


mem[X,0x800001B8] -> 0x0013
mem[X,0x800001BA] -> 0x0000
[121] [M]: 0x800001B8 (0x00000013) addi zero, zero, 0


mem[X,0x800001BC] -> 0x0013
mem[X,0x800001BE] -> 0x0000
[122] [M]: 0x800001BC (0x00000013) addi zero, zero, 0


mem[X,0x800001C0] -> 0x49A2
[123] [M]: 0x800001C0 (0x49A2) c.lwsp s3, 2
mem[R,0x80002000] -> 0xBABECAFE
x19 <- 0xBABECAFE


mem[X,0x800001C2] -> 0x0001
[124] [M]: 0x800001C2 (0x0001) c.nop


mem[X,0x800001C4] -> 0x0001
[125] [M]: 0x800001C4 (0x0001) c.nop


mem[X,0x800001C6] -> 0xA623
mem[X,0x800001C8] -> 0x0133
[126] [M]: 0x800001C6 (0x0133A623) sw s3, 12(t2)
mem[0x80003120] <- 0xBABECAFE


mem[X,0x800001CA] -> 0x0013
mem[X,0x800001CC] -> 0x0000
[127] [M]: 0x800001CA (0x00000013) addi zero, zero, 0


mem[X,0x800001CE] -> 0x0013
mem[X,0x800001D0] -> 0x0000
[128] [M]: 0x800001CE (0x00000013) addi zero, zero, 0


mem[X,0x800001D2] -> 0x0013
mem[X,0x800001D4] -> 0x0000
[129] [M]: 0x800001D2 (0x00000013) addi zero, zero, 0


mem[X,0x800001D6] -> 0x0013
mem[X,0x800001D8] -> 0x0000
[130] [M]: 0x800001D6 (0x00000013) addi zero, zero, 0


mem[X,0x800001DA] -> 0x0013
mem[X,0x800001DC] -> 0x0000
[131] [M]: 0x800001DA (0x00000013) addi zero, zero, 0


mem[X,0x800001DE] -> 0x0001
[132] [M]: 0x800001DE (0x0001) c.nop


mem[X,0x800001E0] -> 0x2117
mem[X,0x800001E2] -> 0x0000
[133] [M]: 0x800001E0 (0x00002117) auipc sp, 2
x2 <- 0x800021E0


mem[X,0x800001E4] -> 0x0113
mem[X,0x800001E6] -> 0xE101
[134] [M]: 0x800001E4 (0xE1010113) addi sp, sp, 3600
x2 <- 0x80001FF0


mem[X,0x800001E8] -> 0x0013
mem[X,0x800001EA] -> 0x0000
[135] [M]: 0x800001E8 (0x00000013) addi zero, zero, 0


mem[X,0x800001EC] -> 0x0013
mem[X,0x800001EE] -> 0x0000
[136] [M]: 0x800001EC (0x00000013) addi zero, zero, 0


mem[X,0x800001F0] -> 0x0013
mem[X,0x800001F2] -> 0x0000
[137] [M]: 0x800001F0 (0x00000013) addi zero, zero, 0


mem[X,0x800001F4] -> 0x0013
mem[X,0x800001F6] -> 0x0000
[138] [M]: 0x800001F4 (0x00000013) addi zero, zero, 0


mem[X,0x800001F8] -> 0x0013
mem[X,0x800001FA] -> 0x0000
[139] [M]: 0x800001F8 (0x00000013) addi zero, zero, 0


mem[X,0x800001FC] -> 0x0013
mem[X,0x800001FE] -> 0x0000
[140] [M]: 0x800001FC (0x00000013) addi zero, zero, 0


mem[X,0x80000200] -> 0x4442
[141] [M]: 0x80000200 (0x4442) c.lwsp fp, 4
mem[R,0x80002000] -> 0xBABECAFE
x8 <- 0xBABECAFE


mem[X,0x80000202] -> 0x0001
[142] [M]: 0x80000202 (0x0001) c.nop


mem[X,0x80000204] -> 0x0001
[143] [M]: 0x80000204 (0x0001) c.nop


mem[X,0x80000206] -> 0xA823
mem[X,0x80000208] -> 0x0083
[144] [M]: 0x80000206 (0x0083A823) sw fp, 16(t2)
mem[0x80003124] <- 0xBABECAFE


mem[X,0x8000020A] -> 0x0013
mem[X,0x8000020C] -> 0x0000
[145] [M]: 0x8000020A (0x00000013) addi zero, zero, 0


mem[X,0x8000020E] -> 0x0013
mem[X,0x80000210] -> 0x0000
[146] [M]: 0x8000020E (0x00000013) addi zero, zero, 0


mem[X,0x80000212] -> 0x0013
mem[X,0x80000214] -> 0x0000
[147] [M]: 0x80000212 (0x00000013) addi zero, zero, 0


mem[X,0x80000216] -> 0x0013
mem[X,0x80000218] -> 0x0000
[148] [M]: 0x80000216 (0x00000013) addi zero, zero, 0


mem[X,0x8000021A] -> 0x0013
mem[X,0x8000021C] -> 0x0000
[149] [M]: 0x8000021A (0x00000013) addi zero, zero, 0


mem[X,0x8000021E] -> 0x0001
[150] [M]: 0x8000021E (0x0001) c.nop


mem[X,0x80000220] -> 0x2117
mem[X,0x80000222] -> 0x0000
[151] [M]: 0x80000220 (0x00002117) auipc sp, 2
x2 <- 0x80002220


mem[X,0x80000224] -> 0x0113
mem[X,0x80000226] -> 0xDC01
[152] [M]: 0x80000224 (0xDC010113) addi sp, sp, 3520
x2 <- 0x80001FE0


mem[X,0x80000228] -> 0x0013
mem[X,0x8000022A] -> 0x0000
[153] [M]: 0x80000228 (0x00000013) addi zero, zero, 0


mem[X,0x8000022C] -> 0x0013
mem[X,0x8000022E] -> 0x0000
[154] [M]: 0x8000022C (0x00000013) addi zero, zero, 0


mem[X,0x80000230] -> 0x0013
mem[X,0x80000232] -> 0x0000
[155] [M]: 0x80000230 (0x00000013) addi zero, zero, 0


mem[X,0x80000234] -> 0x0013
mem[X,0x80000236] -> 0x0000
[156] [M]: 0x80000234 (0x00000013) addi zero, zero, 0


mem[X,0x80000238] -> 0x0013
mem[X,0x8000023A] -> 0x0000
[157] [M]: 0x80000238 (0x00000013) addi zero, zero, 0


mem[X,0x8000023C] -> 0x0013
mem[X,0x8000023E] -> 0x0000
[158] [M]: 0x8000023C (0x00000013) addi zero, zero, 0


mem[X,0x80000240] -> 0x5802
[159] [M]: 0x80000240 (0x5802) c.lwsp a6, 8
mem[R,0x80002000] -> 0xBABECAFE
x16 <- 0xBABECAFE


mem[X,0x80000242] -> 0x0001
[160] [M]: 0x80000242 (0x0001) c.nop


mem[X,0x80000244] -> 0x0001
[161] [M]: 0x80000244 (0x0001) c.nop


mem[X,0x80000246] -> 0xAA23
mem[X,0x80000248] -> 0x0103
[162] [M]: 0x80000246 (0x0103AA23) sw a6, 20(t2)
mem[0x80003128] <- 0xBABECAFE


mem[X,0x8000024A] -> 0x0013
mem[X,0x8000024C] -> 0x0000
[163] [M]: 0x8000024A (0x00000013) addi zero, zero, 0


mem[X,0x8000024E] -> 0x0013
mem[X,0x80000250] -> 0x0000
[164] [M]: 0x8000024E (0x00000013) addi zero, zero, 0


mem[X,0x80000252] -> 0x0013
mem[X,0x80000254] -> 0x0000
[165] [M]: 0x80000252 (0x00000013) addi zero, zero, 0


mem[X,0x80000256] -> 0x0013
mem[X,0x80000258] -> 0x0000
[166] [M]: 0x80000256 (0x00000013) addi zero, zero, 0


mem[X,0x8000025A] -> 0x0013
mem[X,0x8000025C] -> 0x0000
[167] [M]: 0x8000025A (0x00000013) addi zero, zero, 0


mem[X,0x8000025E] -> 0x0001
[168] [M]: 0x8000025E (0x0001) c.nop


mem[X,0x80000260] -> 0x2117
mem[X,0x80000262] -> 0x0000
[169] [M]: 0x80000260 (0x00002117) auipc sp, 2
x2 <- 0x80002260


mem[X,0x80000264] -> 0x0113
mem[X,0x80000266] -> 0xD601
[170] [M]: 0x80000264 (0xD6010113) addi sp, sp, 3424
x2 <- 0x80001FC0


mem[X,0x80000268] -> 0x0013
mem[X,0x8000026A] -> 0x0000
[171] [M]: 0x80000268 (0x00000013) addi zero, zero, 0


mem[X,0x8000026C] -> 0x0013
mem[X,0x8000026E] -> 0x0000
[172] [M]: 0x8000026C (0x00000013) addi zero, zero, 0


mem[X,0x80000270] -> 0x0013
mem[X,0x80000272] -> 0x0000
[173] [M]: 0x80000270 (0x00000013) addi zero, zero, 0


mem[X,0x80000274] -> 0x0013
mem[X,0x80000276] -> 0x0000
[174] [M]: 0x80000274 (0x00000013) addi zero, zero, 0


mem[X,0x80000278] -> 0x0013
mem[X,0x8000027A] -> 0x0000
[175] [M]: 0x80000278 (0x00000013) addi zero, zero, 0


mem[X,0x8000027C] -> 0x0013
mem[X,0x8000027E] -> 0x0000
[176] [M]: 0x8000027C (0x00000013) addi zero, zero, 0


mem[X,0x80000280] -> 0x4686
[177] [M]: 0x80000280 (0x4686) c.lwsp a3, 16
mem[R,0x80002000] -> 0xBABECAFE
x13 <- 0xBABECAFE


mem[X,0x80000282] -> 0x0001
[178] [M]: 0x80000282 (0x0001) c.nop


mem[X,0x80000284] -> 0x0001
[179] [M]: 0x80000284 (0x0001) c.nop


mem[X,0x80000286] -> 0xAC23
mem[X,0x80000288] -> 0x00D3
[180] [M]: 0x80000286 (0x00D3AC23) sw a3, 24(t2)
mem[0x8000312C] <- 0xBABECAFE


mem[X,0x8000028A] -> 0x0013
mem[X,0x8000028C] -> 0x0000
[181] [M]: 0x8000028A (0x00000013) addi zero, zero, 0


mem[X,0x8000028E] -> 0x0013
mem[X,0x80000290] -> 0x0000
[182] [M]: 0x8000028E (0x00000013) addi zero, zero, 0


mem[X,0x80000292] -> 0x0013
mem[X,0x80000294] -> 0x0000
[183] [M]: 0x80000292 (0x00000013) addi zero, zero, 0


mem[X,0x80000296] -> 0x0013
mem[X,0x80000298] -> 0x0000
[184] [M]: 0x80000296 (0x00000013) addi zero, zero, 0


mem[X,0x8000029A] -> 0x0013
mem[X,0x8000029C] -> 0x0000
[185] [M]: 0x8000029A (0x00000013) addi zero, zero, 0


mem[X,0x8000029E] -> 0x0001
[186] [M]: 0x8000029E (0x0001) c.nop


mem[X,0x800002A0] -> 0x2117
mem[X,0x800002A2] -> 0x0000
[187] [M]: 0x800002A0 (0x00002117) auipc sp, 2
x2 <- 0x800022A0


mem[X,0x800002A4] -> 0x0113
mem[X,0x800002A6] -> 0xC681
[188] [M]: 0x800002A4 (0xC6810113) addi sp, sp, 3176
x2 <- 0x80001F08


mem[X,0x800002A8] -> 0x0013
mem[X,0x800002AA] -> 0x0000
[189] [M]: 0x800002A8 (0x00000013) addi zero, zero, 0


mem[X,0x800002AC] -> 0x0013
mem[X,0x800002AE] -> 0x0000
[190] [M]: 0x800002AC (0x00000013) addi zero, zero, 0


mem[X,0x800002B0] -> 0x0013
mem[X,0x800002B2] -> 0x0000
[191] [M]: 0x800002B0 (0x00000013) addi zero, zero, 0


mem[X,0x800002B4] -> 0x0013
mem[X,0x800002B6] -> 0x0000
[192] [M]: 0x800002B4 (0x00000013) addi zero, zero, 0


mem[X,0x800002B8] -> 0x0013
mem[X,0x800002BA] -> 0x0000
[193] [M]: 0x800002B8 (0x00000013) addi zero, zero, 0


mem[X,0x800002BC] -> 0x0013
mem[X,0x800002BE] -> 0x0000
[194] [M]: 0x800002BC (0x00000013) addi zero, zero, 0


mem[X,0x800002C0] -> 0x51EE
[195] [M]: 0x800002C0 (0x51EE) c.lwsp gp, 62
mem[R,0x80002000] -> 0xBABECAFE
x3 <- 0xBABECAFE


mem[X,0x800002C2] -> 0x0001
[196] [M]: 0x800002C2 (0x0001) c.nop


mem[X,0x800002C4] -> 0x0001
[197] [M]: 0x800002C4 (0x0001) c.nop


mem[X,0x800002C6] -> 0xAE23
mem[X,0x800002C8] -> 0x0033
[198] [M]: 0x800002C6 (0x0033AE23) sw gp, 28(t2)
mem[0x80003130] <- 0xBABECAFE


mem[X,0x800002CA] -> 0x0013
mem[X,0x800002CC] -> 0x0000
[199] [M]: 0x800002CA (0x00000013) addi zero, zero, 0


clint::tick mtime <- 0x0000000000000002
 clint timer pending at mtime 0x0000000000000002
htif::tick 0x0000000000000000
mem[X,0x800002CE] -> 0x0013
mem[X,0x800002D0] -> 0x0000
[200] [M]: 0x800002CE (0x00000013) addi zero, zero, 0


mem[X,0x800002D2] -> 0x0013
mem[X,0x800002D4] -> 0x0000
[201] [M]: 0x800002D2 (0x00000013) addi zero, zero, 0


mem[X,0x800002D6] -> 0x0013
mem[X,0x800002D8] -> 0x0000
[202] [M]: 0x800002D6 (0x00000013) addi zero, zero, 0


mem[X,0x800002DA] -> 0x0013
mem[X,0x800002DC] -> 0x0000
[203] [M]: 0x800002DA (0x00000013) addi zero, zero, 0


mem[X,0x800002DE] -> 0x0001
[204] [M]: 0x800002DE (0x0001) c.nop


mem[X,0x800002E0] -> 0x2117
mem[X,0x800002E2] -> 0x0000
[205] [M]: 0x800002E0 (0x00002117) auipc sp, 2
x2 <- 0x800022E0


mem[X,0x800002E4] -> 0x0113
mem[X,0x800002E6] -> 0xC2C1
[206] [M]: 0x800002E4 (0xC2C10113) addi sp, sp, 3116
x2 <- 0x80001F0C


mem[X,0x800002E8] -> 0x0013
mem[X,0x800002EA] -> 0x0000
[207] [M]: 0x800002E8 (0x00000013) addi zero, zero, 0


mem[X,0x800002EC] -> 0x0013
mem[X,0x800002EE] -> 0x0000
[208] [M]: 0x800002EC (0x00000013) addi zero, zero, 0


mem[X,0x800002F0] -> 0x0013
mem[X,0x800002F2] -> 0x0000
[209] [M]: 0x800002F0 (0x00000013) addi zero, zero, 0


mem[X,0x800002F4] -> 0x0013
mem[X,0x800002F6] -> 0x0000
[210] [M]: 0x800002F4 (0x00000013) addi zero, zero, 0


mem[X,0x800002F8] -> 0x0013
mem[X,0x800002FA] -> 0x0000
[211] [M]: 0x800002F8 (0x00000013) addi zero, zero, 0


mem[X,0x800002FC] -> 0x0013
mem[X,0x800002FE] -> 0x0000
[212] [M]: 0x800002FC (0x00000013) addi zero, zero, 0


mem[X,0x80000300] -> 0x57DE
[213] [M]: 0x80000300 (0x57DE) c.lwsp a5, 61
mem[R,0x80002000] -> 0xBABECAFE
x15 <- 0xBABECAFE


mem[X,0x80000302] -> 0x0001
[214] [M]: 0x80000302 (0x0001) c.nop


mem[X,0x80000304] -> 0x0001
[215] [M]: 0x80000304 (0x0001) c.nop


mem[X,0x80000306] -> 0xA023
mem[X,0x80000308] -> 0x02F3
[216] [M]: 0x80000306 (0x02F3A023) sw a5, 32(t2)
mem[0x80003134] <- 0xBABECAFE


mem[X,0x8000030A] -> 0x0013
mem[X,0x8000030C] -> 0x0000
[217] [M]: 0x8000030A (0x00000013) addi zero, zero, 0


mem[X,0x8000030E] -> 0x0013
mem[X,0x80000310] -> 0x0000
[218] [M]: 0x8000030E (0x00000013) addi zero, zero, 0


mem[X,0x80000312] -> 0x0013
mem[X,0x80000314] -> 0x0000
[219] [M]: 0x80000312 (0x00000013) addi zero, zero, 0


mem[X,0x80000316] -> 0x0013
mem[X,0x80000318] -> 0x0000
[220] [M]: 0x80000316 (0x00000013) addi zero, zero, 0


mem[X,0x8000031A] -> 0x0013
mem[X,0x8000031C] -> 0x0000
[221] [M]: 0x8000031A (0x00000013) addi zero, zero, 0


mem[X,0x8000031E] -> 0x0001
[222] [M]: 0x8000031E (0x0001) c.nop


mem[X,0x80000320] -> 0x2117
mem[X,0x80000322] -> 0x0000
[223] [M]: 0x80000320 (0x00002117) auipc sp, 2
x2 <- 0x80002320


mem[X,0x80000324] -> 0x0113
mem[X,0x80000326] -> 0xBF41
[224] [M]: 0x80000324 (0xBF410113) addi sp, sp, 3060
x2 <- 0x80001F14


mem[X,0x80000328] -> 0x0013
mem[X,0x8000032A] -> 0x0000
[225] [M]: 0x80000328 (0x00000013) addi zero, zero, 0


mem[X,0x8000032C] -> 0x0013
mem[X,0x8000032E] -> 0x0000
[226] [M]: 0x8000032C (0x00000013) addi zero, zero, 0


mem[X,0x80000330] -> 0x0013
mem[X,0x80000332] -> 0x0000
[227] [M]: 0x80000330 (0x00000013) addi zero, zero, 0


mem[X,0x80000334] -> 0x0013
mem[X,0x80000336] -> 0x0000
[228] [M]: 0x80000334 (0x00000013) addi zero, zero, 0


mem[X,0x80000338] -> 0x0013
mem[X,0x8000033A] -> 0x0000
[229] [M]: 0x80000338 (0x00000013) addi zero, zero, 0


mem[X,0x8000033C] -> 0x0013
mem[X,0x8000033E] -> 0x0000
[230] [M]: 0x8000033C (0x00000013) addi zero, zero, 0


mem[X,0x80000340] -> 0x5EBE
[231] [M]: 0x80000340 (0x5EBE) c.lwsp t4, 59
mem[R,0x80002000] -> 0xBABECAFE
x29 <- 0xBABECAFE


mem[X,0x80000342] -> 0x0001
[232] [M]: 0x80000342 (0x0001) c.nop


mem[X,0x80000344] -> 0x0001
[233] [M]: 0x80000344 (0x0001) c.nop


mem[X,0x80000346] -> 0xA223
mem[X,0x80000348] -> 0x03D3
[234] [M]: 0x80000346 (0x03D3A223) sw t4, 36(t2)
mem[0x80003138] <- 0xBABECAFE


mem[X,0x8000034A] -> 0x0013
mem[X,0x8000034C] -> 0x0000
[235] [M]: 0x8000034A (0x00000013) addi zero, zero, 0


mem[X,0x8000034E] -> 0x0013
mem[X,0x80000350] -> 0x0000
[236] [M]: 0x8000034E (0x00000013) addi zero, zero, 0


mem[X,0x80000352] -> 0x0013
mem[X,0x80000354] -> 0x0000
[237] [M]: 0x80000352 (0x00000013) addi zero, zero, 0


mem[X,0x80000356] -> 0x0013
mem[X,0x80000358] -> 0x0000
[238] [M]: 0x80000356 (0x00000013) addi zero, zero, 0


mem[X,0x8000035A] -> 0x0013
mem[X,0x8000035C] -> 0x0000
[239] [M]: 0x8000035A (0x00000013) addi zero, zero, 0


mem[X,0x8000035E] -> 0x0001
[240] [M]: 0x8000035E (0x0001) c.nop


mem[X,0x80000360] -> 0x2117
mem[X,0x80000362] -> 0x0000
[241] [M]: 0x80000360 (0x00002117) auipc sp, 2
x2 <- 0x80002360


mem[X,0x80000364] -> 0x0113
mem[X,0x80000366] -> 0xBC41
[242] [M]: 0x80000364 (0xBC410113) addi sp, sp, 3012
x2 <- 0x80001F24


mem[X,0x80000368] -> 0x0013
mem[X,0x8000036A] -> 0x0000
[243] [M]: 0x80000368 (0x00000013) addi zero, zero, 0


mem[X,0x8000036C] -> 0x0013
mem[X,0x8000036E] -> 0x0000
[244] [M]: 0x8000036C (0x00000013) addi zero, zero, 0


mem[X,0x80000370] -> 0x0013
mem[X,0x80000372] -> 0x0000
[245] [M]: 0x80000370 (0x00000013) addi zero, zero, 0


mem[X,0x80000374] -> 0x0013
mem[X,0x80000376] -> 0x0000
[246] [M]: 0x80000374 (0x00000013) addi zero, zero, 0


mem[X,0x80000378] -> 0x0013
mem[X,0x8000037A] -> 0x0000
[247] [M]: 0x80000378 (0x00000013) addi zero, zero, 0


mem[X,0x8000037C] -> 0x0013
mem[X,0x8000037E] -> 0x0000
[248] [M]: 0x8000037C (0x00000013) addi zero, zero, 0


mem[X,0x80000380] -> 0x4DFE
[249] [M]: 0x80000380 (0x4DFE) c.lwsp s11, 55
mem[R,0x80002000] -> 0xBABECAFE
x27 <- 0xBABECAFE


mem[X,0x80000382] -> 0x0001
[250] [M]: 0x80000382 (0x0001) c.nop


mem[X,0x80000384] -> 0x0001
[251] [M]: 0x80000384 (0x0001) c.nop


mem[X,0x80000386] -> 0xA423
mem[X,0x80000388] -> 0x03B3
[252] [M]: 0x80000386 (0x03B3A423) sw s11, 40(t2)
mem[0x8000313C] <- 0xBABECAFE


mem[X,0x8000038A] -> 0x0013
mem[X,0x8000038C] -> 0x0000
[253] [M]: 0x8000038A (0x00000013) addi zero, zero, 0


mem[X,0x8000038E] -> 0x0013
mem[X,0x80000390] -> 0x0000
[254] [M]: 0x8000038E (0x00000013) addi zero, zero, 0


mem[X,0x80000392] -> 0x0013
mem[X,0x80000394] -> 0x0000
[255] [M]: 0x80000392 (0x00000013) addi zero, zero, 0


mem[X,0x80000396] -> 0x0013
mem[X,0x80000398] -> 0x0000
[256] [M]: 0x80000396 (0x00000013) addi zero, zero, 0


mem[X,0x8000039A] -> 0x0013
mem[X,0x8000039C] -> 0x0000
[257] [M]: 0x8000039A (0x00000013) addi zero, zero, 0


mem[X,0x8000039E] -> 0x0001
[258] [M]: 0x8000039E (0x0001) c.nop


mem[X,0x800003A0] -> 0x2117
mem[X,0x800003A2] -> 0x0000
[259] [M]: 0x800003A0 (0x00002117) auipc sp, 2
x2 <- 0x800023A0


mem[X,0x800003A4] -> 0x0113
mem[X,0x800003A6] -> 0xBA41
[260] [M]: 0x800003A4 (0xBA410113) addi sp, sp, 2980
x2 <- 0x80001F44


mem[X,0x800003A8] -> 0x0013
mem[X,0x800003AA] -> 0x0000
[261] [M]: 0x800003A8 (0x00000013) addi zero, zero, 0


mem[X,0x800003AC] -> 0x0013
mem[X,0x800003AE] -> 0x0000
[262] [M]: 0x800003AC (0x00000013) addi zero, zero, 0


mem[X,0x800003B0] -> 0x0013
mem[X,0x800003B2] -> 0x0000
[263] [M]: 0x800003B0 (0x00000013) addi zero, zero, 0


mem[X,0x800003B4] -> 0x0013
mem[X,0x800003B6] -> 0x0000
[264] [M]: 0x800003B4 (0x00000013) addi zero, zero, 0


mem[X,0x800003B8] -> 0x0013
mem[X,0x800003BA] -> 0x0000
[265] [M]: 0x800003B8 (0x00000013) addi zero, zero, 0


mem[X,0x800003BC] -> 0x0013
mem[X,0x800003BE] -> 0x0000
[266] [M]: 0x800003BC (0x00000013) addi zero, zero, 0


mem[X,0x800003C0] -> 0x5CFA
[267] [M]: 0x800003C0 (0x5CFA) c.lwsp s9, 47
mem[R,0x80002000] -> 0xBABECAFE
x25 <- 0xBABECAFE


mem[X,0x800003C2] -> 0x0001
[268] [M]: 0x800003C2 (0x0001) c.nop


mem[X,0x800003C4] -> 0x0001
[269] [M]: 0x800003C4 (0x0001) c.nop


mem[X,0x800003C6] -> 0xA623
mem[X,0x800003C8] -> 0x0393
[270] [M]: 0x800003C6 (0x0393A623) sw s9, 44(t2)
mem[0x80003140] <- 0xBABECAFE


mem[X,0x800003CA] -> 0x0013
mem[X,0x800003CC] -> 0x0000
[271] [M]: 0x800003CA (0x00000013) addi zero, zero, 0


mem[X,0x800003CE] -> 0x0013
mem[X,0x800003D0] -> 0x0000
[272] [M]: 0x800003CE (0x00000013) addi zero, zero, 0


mem[X,0x800003D2] -> 0x0013
mem[X,0x800003D4] -> 0x0000
[273] [M]: 0x800003D2 (0x00000013) addi zero, zero, 0


mem[X,0x800003D6] -> 0x0013
mem[X,0x800003D8] -> 0x0000
[274] [M]: 0x800003D6 (0x00000013) addi zero, zero, 0


mem[X,0x800003DA] -> 0x0013
mem[X,0x800003DC] -> 0x0000
[275] [M]: 0x800003DA (0x00000013) addi zero, zero, 0


mem[X,0x800003DE] -> 0x0001
[276] [M]: 0x800003DE (0x0001) c.nop


mem[X,0x800003E0] -> 0x2117
mem[X,0x800003E2] -> 0x0000
[277] [M]: 0x800003E0 (0x00002117) auipc sp, 2
x2 <- 0x800023E0


mem[X,0x800003E4] -> 0x0113
mem[X,0x800003E6] -> 0xBA41
[278] [M]: 0x800003E4 (0xBA410113) addi sp, sp, 2980
x2 <- 0x80001F84


mem[X,0x800003E8] -> 0x0013
mem[X,0x800003EA] -> 0x0000
[279] [M]: 0x800003E8 (0x00000013) addi zero, zero, 0


mem[X,0x800003EC] -> 0x0013
mem[X,0x800003EE] -> 0x0000
[280] [M]: 0x800003EC (0x00000013) addi zero, zero, 0


mem[X,0x800003F0] -> 0x0013
mem[X,0x800003F2] -> 0x0000
[281] [M]: 0x800003F0 (0x00000013) addi zero, zero, 0


mem[X,0x800003F4] -> 0x0013
mem[X,0x800003F6] -> 0x0000
[282] [M]: 0x800003F4 (0x00000013) addi zero, zero, 0


mem[X,0x800003F8] -> 0x0013
mem[X,0x800003FA] -> 0x0000
[283] [M]: 0x800003F8 (0x00000013) addi zero, zero, 0


mem[X,0x800003FC] -> 0x0013
mem[X,0x800003FE] -> 0x0000
[284] [M]: 0x800003FC (0x00000013) addi zero, zero, 0


mem[X,0x80000400] -> 0x5776
[285] [M]: 0x80000400 (0x5776) c.lwsp a4, 31
mem[R,0x80002000] -> 0xBABECAFE
x14 <- 0xBABECAFE


mem[X,0x80000402] -> 0x0001
[286] [M]: 0x80000402 (0x0001) c.nop


mem[X,0x80000404] -> 0x0001
[287] [M]: 0x80000404 (0x0001) c.nop


mem[X,0x80000406] -> 0xA823
mem[X,0x80000408] -> 0x02E3
[288] [M]: 0x80000406 (0x02E3A823) sw a4, 48(t2)
mem[0x80003144] <- 0xBABECAFE


mem[X,0x8000040A] -> 0x0013
mem[X,0x8000040C] -> 0x0000
[289] [M]: 0x8000040A (0x00000013) addi zero, zero, 0


mem[X,0x8000040E] -> 0x0013
mem[X,0x80000410] -> 0x0000
[290] [M]: 0x8000040E (0x00000013) addi zero, zero, 0


mem[X,0x80000412] -> 0x0013
mem[X,0x80000414] -> 0x0000
[291] [M]: 0x80000412 (0x00000013) addi zero, zero, 0


mem[X,0x80000416] -> 0x0013
mem[X,0x80000418] -> 0x0000
[292] [M]: 0x80000416 (0x00000013) addi zero, zero, 0


mem[X,0x8000041A] -> 0x0013
mem[X,0x8000041C] -> 0x0000
[293] [M]: 0x8000041A (0x00000013) addi zero, zero, 0


mem[X,0x8000041E] -> 0x0001
[294] [M]: 0x8000041E (0x0001) c.nop


mem[X,0x80000420] -> 0x2117
mem[X,0x80000422] -> 0x0000
[295] [M]: 0x80000420 (0x00002117) auipc sp, 2
x2 <- 0x80002420


mem[X,0x80000424] -> 0x0113
mem[X,0x80000426] -> 0xB8C1
[296] [M]: 0x80000424 (0xB8C10113) addi sp, sp, 2956
x2 <- 0x80001FAC


mem[X,0x80000428] -> 0x0013
mem[X,0x8000042A] -> 0x0000
[297] [M]: 0x80000428 (0x00000013) addi zero, zero, 0


mem[X,0x8000042C] -> 0x0013
mem[X,0x8000042E] -> 0x0000
[298] [M]: 0x8000042C (0x00000013) addi zero, zero, 0


mem[X,0x80000430] -> 0x0013
mem[X,0x80000432] -> 0x0000
[299] [M]: 0x80000430 (0x00000013) addi zero, zero, 0


clint::tick mtime <- 0x0000000000000003
 clint timer pending at mtime 0x0000000000000003
htif::tick 0x0000000000000000
mem[X,0x80000434] -> 0x0013
mem[X,0x80000436] -> 0x0000
[300] [M]: 0x80000434 (0x00000013) addi zero, zero, 0


mem[X,0x80000438] -> 0x0013
mem[X,0x8000043A] -> 0x0000
[301] [M]: 0x80000438 (0x00000013) addi zero, zero, 0


mem[X,0x8000043C] -> 0x0013
mem[X,0x8000043E] -> 0x0000
[302] [M]: 0x8000043C (0x00000013) addi zero, zero, 0


mem[X,0x80000440] -> 0x48D6
[303] [M]: 0x80000440 (0x48D6) c.lwsp a7, 21
mem[R,0x80002000] -> 0xBABECAFE
x17 <- 0xBABECAFE


mem[X,0x80000442] -> 0x0001
[304] [M]: 0x80000442 (0x0001) c.nop


mem[X,0x80000444] -> 0x0001
[305] [M]: 0x80000444 (0x0001) c.nop


mem[X,0x80000446] -> 0xAA23
mem[X,0x80000448] -> 0x0313
[306] [M]: 0x80000446 (0x0313AA23) sw a7, 52(t2)
mem[0x80003148] <- 0xBABECAFE


mem[X,0x8000044A] -> 0x0013
mem[X,0x8000044C] -> 0x0000
[307] [M]: 0x8000044A (0x00000013) addi zero, zero, 0


mem[X,0x8000044E] -> 0x0013
mem[X,0x80000450] -> 0x0000
[308] [M]: 0x8000044E (0x00000013) addi zero, zero, 0


mem[X,0x80000452] -> 0x0013
mem[X,0x80000454] -> 0x0000
[309] [M]: 0x80000452 (0x00000013) addi zero, zero, 0


mem[X,0x80000456] -> 0x0013
mem[X,0x80000458] -> 0x0000
[310] [M]: 0x80000456 (0x00000013) addi zero, zero, 0


mem[X,0x8000045A] -> 0x0013
mem[X,0x8000045C] -> 0x0000
[311] [M]: 0x8000045A (0x00000013) addi zero, zero, 0


mem[X,0x8000045E] -> 0x0001
[312] [M]: 0x8000045E (0x0001) c.nop


mem[X,0x80000460] -> 0x2117
mem[X,0x80000462] -> 0x0000
[313] [M]: 0x80000460 (0x00002117) auipc sp, 2
x2 <- 0x80002460


mem[X,0x80000464] -> 0x0113
mem[X,0x80000466] -> 0xAF81
[314] [M]: 0x80000464 (0xAF810113) addi sp, sp, 2808
x2 <- 0x80001F58


mem[X,0x80000468] -> 0x0013
mem[X,0x8000046A] -> 0x0000
[315] [M]: 0x80000468 (0x00000013) addi zero, zero, 0


mem[X,0x8000046C] -> 0x0013
mem[X,0x8000046E] -> 0x0000
[316] [M]: 0x8000046C (0x00000013) addi zero, zero, 0


mem[X,0x80000470] -> 0x0013
mem[X,0x80000472] -> 0x0000
[317] [M]: 0x80000470 (0x00000013) addi zero, zero, 0


mem[X,0x80000474] -> 0x0013
mem[X,0x80000476] -> 0x0000
[318] [M]: 0x80000474 (0x00000013) addi zero, zero, 0


mem[X,0x80000478] -> 0x0013
mem[X,0x8000047A] -> 0x0000
[319] [M]: 0x80000478 (0x00000013) addi zero, zero, 0


mem[X,0x8000047C] -> 0x0013
mem[X,0x8000047E] -> 0x0000
[320] [M]: 0x8000047C (0x00000013) addi zero, zero, 0


mem[X,0x80000480] -> 0x54AA
[321] [M]: 0x80000480 (0x54AA) c.lwsp s1, 42
mem[R,0x80002000] -> 0xBABECAFE
x9 <- 0xBABECAFE


mem[X,0x80000482] -> 0x0001
[322] [M]: 0x80000482 (0x0001) c.nop


mem[X,0x80000484] -> 0x0001
[323] [M]: 0x80000484 (0x0001) c.nop


mem[X,0x80000486] -> 0xAC23
mem[X,0x80000488] -> 0x0293
[324] [M]: 0x80000486 (0x0293AC23) sw s1, 56(t2)
mem[0x8000314C] <- 0xBABECAFE


mem[X,0x8000048A] -> 0x0013
mem[X,0x8000048C] -> 0x0000
[325] [M]: 0x8000048A (0x00000013) addi zero, zero, 0


mem[X,0x8000048E] -> 0x0013
mem[X,0x80000490] -> 0x0000
[326] [M]: 0x8000048E (0x00000013) addi zero, zero, 0


mem[X,0x80000492] -> 0x0013
mem[X,0x80000494] -> 0x0000
[327] [M]: 0x80000492 (0x00000013) addi zero, zero, 0


mem[X,0x80000496] -> 0x0013
mem[X,0x80000498] -> 0x0000
[328] [M]: 0x80000496 (0x00000013) addi zero, zero, 0


mem[X,0x8000049A] -> 0x0013
mem[X,0x8000049C] -> 0x0000
[329] [M]: 0x8000049A (0x00000013) addi zero, zero, 0


mem[X,0x8000049E] -> 0x0001
[330] [M]: 0x8000049E (0x0001) c.nop


mem[X,0x800004A0] -> 0x2117
mem[X,0x800004A2] -> 0x0000
[331] [M]: 0x800004A0 (0x00002117) auipc sp, 2
x2 <- 0x800024A0


mem[X,0x800004A4] -> 0x0113
mem[X,0x800004A6] -> 0xB601
[332] [M]: 0x800004A4 (0xB6010113) addi sp, sp, 2912
x2 <- 0x80002000


mem[X,0x800004A8] -> 0x0013
mem[X,0x800004AA] -> 0x0000
[333] [M]: 0x800004A8 (0x00000013) addi zero, zero, 0


mem[X,0x800004AC] -> 0x0013
mem[X,0x800004AE] -> 0x0000
[334] [M]: 0x800004AC (0x00000013) addi zero, zero, 0


mem[X,0x800004B0] -> 0x0013
mem[X,0x800004B2] -> 0x0000
[335] [M]: 0x800004B0 (0x00000013) addi zero, zero, 0


mem[X,0x800004B4] -> 0x0013
mem[X,0x800004B6] -> 0x0000
[336] [M]: 0x800004B4 (0x00000013) addi zero, zero, 0


mem[X,0x800004B8] -> 0x0013
mem[X,0x800004BA] -> 0x0000
[337] [M]: 0x800004B8 (0x00000013) addi zero, zero, 0


mem[X,0x800004BC] -> 0x0013
mem[X,0x800004BE] -> 0x0000
[338] [M]: 0x800004BC (0x00000013) addi zero, zero, 0


mem[X,0x800004C0] -> 0x4B02
[339] [M]: 0x800004C0 (0x4B02) c.lwsp s6, 0
mem[R,0x80002000] -> 0xBABECAFE
x22 <- 0xBABECAFE


mem[X,0x800004C2] -> 0x0001
[340] [M]: 0x800004C2 (0x0001) c.nop


mem[X,0x800004C4] -> 0x0001
[341] [M]: 0x800004C4 (0x0001) c.nop


mem[X,0x800004C6] -> 0xAE23
mem[X,0x800004C8] -> 0x0363
[342] [M]: 0x800004C6 (0x0363AE23) sw s6, 60(t2)
mem[0x80003150] <- 0xBABECAFE


mem[X,0x800004CA] -> 0x0013
mem[X,0x800004CC] -> 0x0000
[343] [M]: 0x800004CA (0x00000013) addi zero, zero, 0


mem[X,0x800004CE] -> 0x0013
mem[X,0x800004D0] -> 0x0000
[344] [M]: 0x800004CE (0x00000013) addi zero, zero, 0


mem[X,0x800004D2] -> 0x0013
mem[X,0x800004D4] -> 0x0000
[345] [M]: 0x800004D2 (0x00000013) addi zero, zero, 0


mem[X,0x800004D6] -> 0x0013
mem[X,0x800004D8] -> 0x0000
[346] [M]: 0x800004D6 (0x00000013) addi zero, zero, 0


mem[X,0x800004DA] -> 0x0013
mem[X,0x800004DC] -> 0x0000
[347] [M]: 0x800004DA (0x00000013) addi zero, zero, 0


mem[X,0x800004DE] -> 0x0001
[348] [M]: 0x800004DE (0x0001) c.nop


mem[X,0x800004E0] -> 0x2117
mem[X,0x800004E2] -> 0x0000
[349] [M]: 0x800004E0 (0x00002117) auipc sp, 2
x2 <- 0x800024E0


mem[X,0x800004E4] -> 0x0113
mem[X,0x800004E6] -> 0xB201
[350] [M]: 0x800004E4 (0xB2010113) addi sp, sp, 2848
x2 <- 0x80002000


mem[X,0x800004E8] -> 0x0013
mem[X,0x800004EA] -> 0x0000
[351] [M]: 0x800004E8 (0x00000013) addi zero, zero, 0


mem[X,0x800004EC] -> 0x0013
mem[X,0x800004EE] -> 0x0000
[352] [M]: 0x800004EC (0x00000013) addi zero, zero, 0


mem[X,0x800004F0] -> 0x0013
mem[X,0x800004F2] -> 0x0000
[353] [M]: 0x800004F0 (0x00000013) addi zero, zero, 0


mem[X,0x800004F4] -> 0x0013
mem[X,0x800004F6] -> 0x0000
[354] [M]: 0x800004F4 (0x00000013) addi zero, zero, 0


mem[X,0x800004F8] -> 0x0013
mem[X,0x800004FA] -> 0x0000
[355] [M]: 0x800004F8 (0x00000013) addi zero, zero, 0


mem[X,0x800004FC] -> 0x0013
mem[X,0x800004FE] -> 0x0000
[356] [M]: 0x800004FC (0x00000013) addi zero, zero, 0


mem[X,0x80000500] -> 0x4302
[357] [M]: 0x80000500 (0x4302) c.lwsp t1, 0
mem[R,0x80002000] -> 0xBABECAFE
x6 <- 0xBABECAFE


mem[X,0x80000502] -> 0x0001
[358] [M]: 0x80000502 (0x0001) c.nop


mem[X,0x80000504] -> 0x0001
[359] [M]: 0x80000504 (0x0001) c.nop


mem[X,0x80000506] -> 0xA023
mem[X,0x80000508] -> 0x0463
[360] [M]: 0x80000506 (0x0463A023) sw t1, 64(t2)
mem[0x80003154] <- 0xBABECAFE


mem[X,0x8000050A] -> 0x0013
mem[X,0x8000050C] -> 0x0000
[361] [M]: 0x8000050A (0x00000013) addi zero, zero, 0


mem[X,0x8000050E] -> 0x0013
mem[X,0x80000510] -> 0x0000
[362] [M]: 0x8000050E (0x00000013) addi zero, zero, 0


mem[X,0x80000512] -> 0x0013
mem[X,0x80000514] -> 0x0000
[363] [M]: 0x80000512 (0x00000013) addi zero, zero, 0


mem[X,0x80000516] -> 0x0013
mem[X,0x80000518] -> 0x0000
[364] [M]: 0x80000516 (0x00000013) addi zero, zero, 0


mem[X,0x8000051A] -> 0x0013
mem[X,0x8000051C] -> 0x0000
[365] [M]: 0x8000051A (0x00000013) addi zero, zero, 0


mem[X,0x8000051E] -> 0x0001
[366] [M]: 0x8000051E (0x0001) c.nop


mem[X,0x80000520] -> 0x2117
mem[X,0x80000522] -> 0x0000
[367] [M]: 0x80000520 (0x00002117) auipc sp, 2
x2 <- 0x80002520


mem[X,0x80000524] -> 0x0113
mem[X,0x80000526] -> 0xAE01
[368] [M]: 0x80000524 (0xAE010113) addi sp, sp, 2784
x2 <- 0x80002000


mem[X,0x80000528] -> 0x0013
mem[X,0x8000052A] -> 0x0000
[369] [M]: 0x80000528 (0x00000013) addi zero, zero, 0


mem[X,0x8000052C] -> 0x0013
mem[X,0x8000052E] -> 0x0000
[370] [M]: 0x8000052C (0x00000013) addi zero, zero, 0


mem[X,0x80000530] -> 0x0013
mem[X,0x80000532] -> 0x0000
[371] [M]: 0x80000530 (0x00000013) addi zero, zero, 0


mem[X,0x80000534] -> 0x0013
mem[X,0x80000536] -> 0x0000
[372] [M]: 0x80000534 (0x00000013) addi zero, zero, 0


mem[X,0x80000538] -> 0x0013
mem[X,0x8000053A] -> 0x0000
[373] [M]: 0x80000538 (0x00000013) addi zero, zero, 0


mem[X,0x8000053C] -> 0x0013
mem[X,0x8000053E] -> 0x0000
[374] [M]: 0x8000053C (0x00000013) addi zero, zero, 0


mem[X,0x80000540] -> 0x4F82
[375] [M]: 0x80000540 (0x4F82) c.lwsp t6, 0
mem[R,0x80002000] -> 0xBABECAFE
x31 <- 0xBABECAFE


mem[X,0x80000542] -> 0x0001
[376] [M]: 0x80000542 (0x0001) c.nop


mem[X,0x80000544] -> 0x0001
[377] [M]: 0x80000544 (0x0001) c.nop


mem[X,0x80000546] -> 0xA223
mem[X,0x80000548] -> 0x05F3
[378] [M]: 0x80000546 (0x05F3A223) sw t6, 68(t2)
mem[0x80003158] <- 0xBABECAFE


mem[X,0x8000054A] -> 0x0013
mem[X,0x8000054C] -> 0x0000
[379] [M]: 0x8000054A (0x00000013) addi zero, zero, 0


mem[X,0x8000054E] -> 0x0013
mem[X,0x80000550] -> 0x0000
[380] [M]: 0x8000054E (0x00000013) addi zero, zero, 0


mem[X,0x80000552] -> 0x0013
mem[X,0x80000554] -> 0x0000
[381] [M]: 0x80000552 (0x00000013) addi zero, zero, 0


mem[X,0x80000556] -> 0x0013
mem[X,0x80000558] -> 0x0000
[382] [M]: 0x80000556 (0x00000013) addi zero, zero, 0


mem[X,0x8000055A] -> 0x0013
mem[X,0x8000055C] -> 0x0000
[383] [M]: 0x8000055A (0x00000013) addi zero, zero, 0


mem[X,0x8000055E] -> 0x0001
[384] [M]: 0x8000055E (0x0001) c.nop


mem[X,0x80000560] -> 0x2117
mem[X,0x80000562] -> 0x0000
[385] [M]: 0x80000560 (0x00002117) auipc sp, 2
x2 <- 0x80002560


mem[X,0x80000564] -> 0x0113
mem[X,0x80000566] -> 0xAA01
[386] [M]: 0x80000564 (0xAA010113) addi sp, sp, 2720
x2 <- 0x80002000


mem[X,0x80000568] -> 0x0013
mem[X,0x8000056A] -> 0x0000
[387] [M]: 0x80000568 (0x00000013) addi zero, zero, 0


mem[X,0x8000056C] -> 0x0013
mem[X,0x8000056E] -> 0x0000
[388] [M]: 0x8000056C (0x00000013) addi zero, zero, 0


mem[X,0x80000570] -> 0x0013
mem[X,0x80000572] -> 0x0000
[389] [M]: 0x80000570 (0x00000013) addi zero, zero, 0


mem[X,0x80000574] -> 0x0013
mem[X,0x80000576] -> 0x0000
[390] [M]: 0x80000574 (0x00000013) addi zero, zero, 0


mem[X,0x80000578] -> 0x0013
mem[X,0x8000057A] -> 0x0000
[391] [M]: 0x80000578 (0x00000013) addi zero, zero, 0


mem[X,0x8000057C] -> 0x0013
mem[X,0x8000057E] -> 0x0000
[392] [M]: 0x8000057C (0x00000013) addi zero, zero, 0


mem[X,0x80000580] -> 0x4082
[393] [M]: 0x80000580 (0x4082) c.lwsp ra, 0
mem[R,0x80002000] -> 0xBABECAFE
x1 <- 0xBABECAFE


mem[X,0x80000582] -> 0x0001
[394] [M]: 0x80000582 (0x0001) c.nop


mem[X,0x80000584] -> 0x0001
[395] [M]: 0x80000584 (0x0001) c.nop


mem[X,0x80000586] -> 0xA423
mem[X,0x80000588] -> 0x0413
[396] [M]: 0x80000586 (0x0413A423) sw ra, 72(t2)
mem[0x8000315C] <- 0xBABECAFE


mem[X,0x8000058A] -> 0x0013
mem[X,0x8000058C] -> 0x0000
[397] [M]: 0x8000058A (0x00000013) addi zero, zero, 0


mem[X,0x8000058E] -> 0x0013
mem[X,0x80000590] -> 0x0000
[398] [M]: 0x8000058E (0x00000013) addi zero, zero, 0


mem[X,0x80000592] -> 0x0013
mem[X,0x80000594] -> 0x0000
[399] [M]: 0x80000592 (0x00000013) addi zero, zero, 0


clint::tick mtime <- 0x0000000000000004
 clint timer pending at mtime 0x0000000000000004
htif::tick 0x0000000000000000
mem[X,0x80000596] -> 0x0013
mem[X,0x80000598] -> 0x0000
[400] [M]: 0x80000596 (0x00000013) addi zero, zero, 0


mem[X,0x8000059A] -> 0x0013
mem[X,0x8000059C] -> 0x0000
[401] [M]: 0x8000059A (0x00000013) addi zero, zero, 0


mem[X,0x8000059E] -> 0x0001
[402] [M]: 0x8000059E (0x0001) c.nop


mem[X,0x800005A0] -> 0x2117
mem[X,0x800005A2] -> 0x0000
[403] [M]: 0x800005A0 (0x00002117) auipc sp, 2
x2 <- 0x800025A0


mem[X,0x800005A4] -> 0x0113
mem[X,0x800005A6] -> 0xA601
[404] [M]: 0x800005A4 (0xA6010113) addi sp, sp, 2656
x2 <- 0x80002000


mem[X,0x800005A8] -> 0x0013
mem[X,0x800005AA] -> 0x0000
[405] [M]: 0x800005A8 (0x00000013) addi zero, zero, 0


mem[X,0x800005AC] -> 0x0013
mem[X,0x800005AE] -> 0x0000
[406] [M]: 0x800005AC (0x00000013) addi zero, zero, 0


mem[X,0x800005B0] -> 0x0013
mem[X,0x800005B2] -> 0x0000
[407] [M]: 0x800005B0 (0x00000013) addi zero, zero, 0


mem[X,0x800005B4] -> 0x0013
mem[X,0x800005B6] -> 0x0000
[408] [M]: 0x800005B4 (0x00000013) addi zero, zero, 0


mem[X,0x800005B8] -> 0x0013
mem[X,0x800005BA] -> 0x0000
[409] [M]: 0x800005B8 (0x00000013) addi zero, zero, 0


mem[X,0x800005BC] -> 0x0013
mem[X,0x800005BE] -> 0x0000
[410] [M]: 0x800005BC (0x00000013) addi zero, zero, 0


mem[X,0x800005C0] -> 0x4E02
[411] [M]: 0x800005C0 (0x4E02) c.lwsp t3, 0
mem[R,0x80002000] -> 0xBABECAFE
x28 <- 0xBABECAFE


mem[X,0x800005C2] -> 0x0001
[412] [M]: 0x800005C2 (0x0001) c.nop


mem[X,0x800005C4] -> 0x0001
[413] [M]: 0x800005C4 (0x0001) c.nop


mem[X,0x800005C6] -> 0xA623
mem[X,0x800005C8] -> 0x05C3
[414] [M]: 0x800005C6 (0x05C3A623) sw t3, 76(t2)
mem[0x80003160] <- 0xBABECAFE


mem[X,0x800005CA] -> 0x0013
mem[X,0x800005CC] -> 0x0000
[415] [M]: 0x800005CA (0x00000013) addi zero, zero, 0


mem[X,0x800005CE] -> 0x0013
mem[X,0x800005D0] -> 0x0000
[416] [M]: 0x800005CE (0x00000013) addi zero, zero, 0


mem[X,0x800005D2] -> 0x0013
mem[X,0x800005D4] -> 0x0000
[417] [M]: 0x800005D2 (0x00000013) addi zero, zero, 0


mem[X,0x800005D6] -> 0x0013
mem[X,0x800005D8] -> 0x0000
[418] [M]: 0x800005D6 (0x00000013) addi zero, zero, 0


mem[X,0x800005DA] -> 0x0013
mem[X,0x800005DC] -> 0x0000
[419] [M]: 0x800005DA (0x00000013) addi zero, zero, 0


mem[X,0x800005DE] -> 0x0001
[420] [M]: 0x800005DE (0x0001) c.nop


mem[X,0x800005E0] -> 0x2117
mem[X,0x800005E2] -> 0x0000
[421] [M]: 0x800005E0 (0x00002117) auipc sp, 2
x2 <- 0x800025E0


mem[X,0x800005E4] -> 0x0113
mem[X,0x800005E6] -> 0xA201
[422] [M]: 0x800005E4 (0xA2010113) addi sp, sp, 2592
x2 <- 0x80002000


mem[X,0x800005E8] -> 0x0013
mem[X,0x800005EA] -> 0x0000
[423] [M]: 0x800005E8 (0x00000013) addi zero, zero, 0


mem[X,0x800005EC] -> 0x0013
mem[X,0x800005EE] -> 0x0000
[424] [M]: 0x800005EC (0x00000013) addi zero, zero, 0


mem[X,0x800005F0] -> 0x0013
mem[X,0x800005F2] -> 0x0000
[425] [M]: 0x800005F0 (0x00000013) addi zero, zero, 0


mem[X,0x800005F4] -> 0x0013
mem[X,0x800005F6] -> 0x0000
[426] [M]: 0x800005F4 (0x00000013) addi zero, zero, 0


mem[X,0x800005F8] -> 0x0013
mem[X,0x800005FA] -> 0x0000
[427] [M]: 0x800005F8 (0x00000013) addi zero, zero, 0


mem[X,0x800005FC] -> 0x0013
mem[X,0x800005FE] -> 0x0000
[428] [M]: 0x800005FC (0x00000013) addi zero, zero, 0


mem[X,0x80000600] -> 0x4282
[429] [M]: 0x80000600 (0x4282) c.lwsp t0, 0
mem[R,0x80002000] -> 0xBABECAFE
x5 <- 0xBABECAFE


mem[X,0x80000602] -> 0x0001
[430] [M]: 0x80000602 (0x0001) c.nop


mem[X,0x80000604] -> 0x0001
[431] [M]: 0x80000604 (0x0001) c.nop


mem[X,0x80000606] -> 0xA823
mem[X,0x80000608] -> 0x0453
[432] [M]: 0x80000606 (0x0453A823) sw t0, 80(t2)
mem[0x80003164] <- 0xBABECAFE


mem[X,0x8000060A] -> 0x0013
mem[X,0x8000060C] -> 0x0000
[433] [M]: 0x8000060A (0x00000013) addi zero, zero, 0


mem[X,0x8000060E] -> 0x0013
mem[X,0x80000610] -> 0x0000
[434] [M]: 0x8000060E (0x00000013) addi zero, zero, 0


mem[X,0x80000612] -> 0x0013
mem[X,0x80000614] -> 0x0000
[435] [M]: 0x80000612 (0x00000013) addi zero, zero, 0


mem[X,0x80000616] -> 0x0013
mem[X,0x80000618] -> 0x0000
[436] [M]: 0x80000616 (0x00000013) addi zero, zero, 0


mem[X,0x8000061A] -> 0x0013
mem[X,0x8000061C] -> 0x0000
[437] [M]: 0x8000061A (0x00000013) addi zero, zero, 0


mem[X,0x8000061E] -> 0x0001
[438] [M]: 0x8000061E (0x0001) c.nop


mem[X,0x80000620] -> 0x2117
mem[X,0x80000622] -> 0x0000
[439] [M]: 0x80000620 (0x00002117) auipc sp, 2
x2 <- 0x80002620


mem[X,0x80000624] -> 0x0113
mem[X,0x80000626] -> 0x9E01
[440] [M]: 0x80000624 (0x9E010113) addi sp, sp, 2528
x2 <- 0x80002000


mem[X,0x80000628] -> 0x0013
mem[X,0x8000062A] -> 0x0000
[441] [M]: 0x80000628 (0x00000013) addi zero, zero, 0


mem[X,0x8000062C] -> 0x0013
mem[X,0x8000062E] -> 0x0000
[442] [M]: 0x8000062C (0x00000013) addi zero, zero, 0


mem[X,0x80000630] -> 0x0013
mem[X,0x80000632] -> 0x0000
[443] [M]: 0x80000630 (0x00000013) addi zero, zero, 0


mem[X,0x80000634] -> 0x0013
mem[X,0x80000636] -> 0x0000
[444] [M]: 0x80000634 (0x00000013) addi zero, zero, 0


mem[X,0x80000638] -> 0x0013
mem[X,0x8000063A] -> 0x0000
[445] [M]: 0x80000638 (0x00000013) addi zero, zero, 0


mem[X,0x8000063C] -> 0x0013
mem[X,0x8000063E] -> 0x0000
[446] [M]: 0x8000063C (0x00000013) addi zero, zero, 0


mem[X,0x80000640] -> 0x4502
[447] [M]: 0x80000640 (0x4502) c.lwsp a0, 0
mem[R,0x80002000] -> 0xBABECAFE
x10 <- 0xBABECAFE


mem[X,0x80000642] -> 0x0001
[448] [M]: 0x80000642 (0x0001) c.nop


mem[X,0x80000644] -> 0x0001
[449] [M]: 0x80000644 (0x0001) c.nop


mem[X,0x80000646] -> 0xAA23
mem[X,0x80000648] -> 0x04A3
[450] [M]: 0x80000646 (0x04A3AA23) sw a0, 84(t2)
mem[0x80003168] <- 0xBABECAFE


mem[X,0x8000064A] -> 0x0013
mem[X,0x8000064C] -> 0x0000
[451] [M]: 0x8000064A (0x00000013) addi zero, zero, 0


mem[X,0x8000064E] -> 0x0013
mem[X,0x80000650] -> 0x0000
[452] [M]: 0x8000064E (0x00000013) addi zero, zero, 0


mem[X,0x80000652] -> 0x0013
mem[X,0x80000654] -> 0x0000
[453] [M]: 0x80000652 (0x00000013) addi zero, zero, 0


mem[X,0x80000656] -> 0x0013
mem[X,0x80000658] -> 0x0000
[454] [M]: 0x80000656 (0x00000013) addi zero, zero, 0


mem[X,0x8000065A] -> 0x0013
mem[X,0x8000065C] -> 0x0000
[455] [M]: 0x8000065A (0x00000013) addi zero, zero, 0


mem[X,0x8000065E] -> 0x0001
[456] [M]: 0x8000065E (0x0001) c.nop


mem[X,0x80000660] -> 0x2117
mem[X,0x80000662] -> 0x0000
[457] [M]: 0x80000660 (0x00002117) auipc sp, 2
x2 <- 0x80002660


mem[X,0x80000664] -> 0x0113
mem[X,0x80000666] -> 0x9A01
[458] [M]: 0x80000664 (0x9A010113) addi sp, sp, 2464
x2 <- 0x80002000


mem[X,0x80000668] -> 0x0013
mem[X,0x8000066A] -> 0x0000
[459] [M]: 0x80000668 (0x00000013) addi zero, zero, 0


mem[X,0x8000066C] -> 0x0013
mem[X,0x8000066E] -> 0x0000
[460] [M]: 0x8000066C (0x00000013) addi zero, zero, 0


mem[X,0x80000670] -> 0x0013
mem[X,0x80000672] -> 0x0000
[461] [M]: 0x80000670 (0x00000013) addi zero, zero, 0


mem[X,0x80000674] -> 0x0013
mem[X,0x80000676] -> 0x0000
[462] [M]: 0x80000674 (0x00000013) addi zero, zero, 0


mem[X,0x80000678] -> 0x0013
mem[X,0x8000067A] -> 0x0000
[463] [M]: 0x80000678 (0x00000013) addi zero, zero, 0


mem[X,0x8000067C] -> 0x0013
mem[X,0x8000067E] -> 0x0000
[464] [M]: 0x8000067C (0x00000013) addi zero, zero, 0


mem[X,0x80000680] -> 0x4D02
[465] [M]: 0x80000680 (0x4D02) c.lwsp s10, 0
mem[R,0x80002000] -> 0xBABECAFE
x26 <- 0xBABECAFE


mem[X,0x80000682] -> 0x0001
[466] [M]: 0x80000682 (0x0001) c.nop


mem[X,0x80000684] -> 0x0001
[467] [M]: 0x80000684 (0x0001) c.nop


mem[X,0x80000686] -> 0xAC23
mem[X,0x80000688] -> 0x05A3
[468] [M]: 0x80000686 (0x05A3AC23) sw s10, 88(t2)
mem[0x8000316C] <- 0xBABECAFE


mem[X,0x8000068A] -> 0x0013
mem[X,0x8000068C] -> 0x0000
[469] [M]: 0x8000068A (0x00000013) addi zero, zero, 0


mem[X,0x8000068E] -> 0x0013
mem[X,0x80000690] -> 0x0000
[470] [M]: 0x8000068E (0x00000013) addi zero, zero, 0


mem[X,0x80000692] -> 0x0013
mem[X,0x80000694] -> 0x0000
[471] [M]: 0x80000692 (0x00000013) addi zero, zero, 0


mem[X,0x80000696] -> 0x0013
mem[X,0x80000698] -> 0x0000
[472] [M]: 0x80000696 (0x00000013) addi zero, zero, 0


mem[X,0x8000069A] -> 0x0013
mem[X,0x8000069C] -> 0x0000
[473] [M]: 0x8000069A (0x00000013) addi zero, zero, 0


mem[X,0x8000069E] -> 0x0001
[474] [M]: 0x8000069E (0x0001) c.nop


mem[X,0x800006A0] -> 0x2117
mem[X,0x800006A2] -> 0x0000
[475] [M]: 0x800006A0 (0x00002117) auipc sp, 2
x2 <- 0x800026A0


mem[X,0x800006A4] -> 0x0113
mem[X,0x800006A6] -> 0x9601
[476] [M]: 0x800006A4 (0x96010113) addi sp, sp, 2400
x2 <- 0x80002000


mem[X,0x800006A8] -> 0x0013
mem[X,0x800006AA] -> 0x0000
[477] [M]: 0x800006A8 (0x00000013) addi zero, zero, 0


mem[X,0x800006AC] -> 0x0013
mem[X,0x800006AE] -> 0x0000
[478] [M]: 0x800006AC (0x00000013) addi zero, zero, 0


mem[X,0x800006B0] -> 0x0013
mem[X,0x800006B2] -> 0x0000
[479] [M]: 0x800006B0 (0x00000013) addi zero, zero, 0


mem[X,0x800006B4] -> 0x0013
mem[X,0x800006B6] -> 0x0000
[480] [M]: 0x800006B4 (0x00000013) addi zero, zero, 0


mem[X,0x800006B8] -> 0x0013
mem[X,0x800006BA] -> 0x0000
[481] [M]: 0x800006B8 (0x00000013) addi zero, zero, 0


mem[X,0x800006BC] -> 0x0013
mem[X,0x800006BE] -> 0x0000
[482] [M]: 0x800006BC (0x00000013) addi zero, zero, 0


mem[X,0x800006C0] -> 0x4B82
[483] [M]: 0x800006C0 (0x4B82) c.lwsp s7, 0
mem[R,0x80002000] -> 0xBABECAFE
x23 <- 0xBABECAFE


mem[X,0x800006C2] -> 0x0001
[484] [M]: 0x800006C2 (0x0001) c.nop


mem[X,0x800006C4] -> 0x0001
[485] [M]: 0x800006C4 (0x0001) c.nop


mem[X,0x800006C6] -> 0xAE23
mem[X,0x800006C8] -> 0x0573
[486] [M]: 0x800006C6 (0x0573AE23) sw s7, 92(t2)
mem[0x80003170] <- 0xBABECAFE


mem[X,0x800006CA] -> 0x0013
mem[X,0x800006CC] -> 0x0000
[487] [M]: 0x800006CA (0x00000013) addi zero, zero, 0


mem[X,0x800006CE] -> 0x0013
mem[X,0x800006D0] -> 0x0000
[488] [M]: 0x800006CE (0x00000013) addi zero, zero, 0


mem[X,0x800006D2] -> 0x0013
mem[X,0x800006D4] -> 0x0000
[489] [M]: 0x800006D2 (0x00000013) addi zero, zero, 0


mem[X,0x800006D6] -> 0x0013
mem[X,0x800006D8] -> 0x0000
[490] [M]: 0x800006D6 (0x00000013) addi zero, zero, 0


mem[X,0x800006DA] -> 0x0013
mem[X,0x800006DC] -> 0x0000
[491] [M]: 0x800006DA (0x00000013) addi zero, zero, 0


mem[X,0x800006DE] -> 0x0001
[492] [M]: 0x800006DE (0x0001) c.nop


mem[X,0x800006E0] -> 0x2117
mem[X,0x800006E2] -> 0x0000
[493] [M]: 0x800006E0 (0x00002117) auipc sp, 2
x2 <- 0x800026E0


mem[X,0x800006E4] -> 0x0113
mem[X,0x800006E6] -> 0x9201
[494] [M]: 0x800006E4 (0x92010113) addi sp, sp, 2336
x2 <- 0x80002000


mem[X,0x800006E8] -> 0x0013
mem[X,0x800006EA] -> 0x0000
[495] [M]: 0x800006E8 (0x00000013) addi zero, zero, 0


mem[X,0x800006EC] -> 0x0013
mem[X,0x800006EE] -> 0x0000
[496] [M]: 0x800006EC (0x00000013) addi zero, zero, 0


mem[X,0x800006F0] -> 0x0013
mem[X,0x800006F2] -> 0x0000
[497] [M]: 0x800006F0 (0x00000013) addi zero, zero, 0


mem[X,0x800006F4] -> 0x0013
mem[X,0x800006F6] -> 0x0000
[498] [M]: 0x800006F4 (0x00000013) addi zero, zero, 0


mem[X,0x800006F8] -> 0x0013
mem[X,0x800006FA] -> 0x0000
[499] [M]: 0x800006F8 (0x00000013) addi zero, zero, 0


clint::tick mtime <- 0x0000000000000005
 clint timer pending at mtime 0x0000000000000005
htif::tick 0x0000000000000000
mem[X,0x800006FC] -> 0x0013
mem[X,0x800006FE] -> 0x0000
[500] [M]: 0x800006FC (0x00000013) addi zero, zero, 0


mem[X,0x80000700] -> 0x4202
[501] [M]: 0x80000700 (0x4202) c.lwsp tp, 0
mem[R,0x80002000] -> 0xBABECAFE
x4 <- 0xBABECAFE


mem[X,0x80000702] -> 0x0001
[502] [M]: 0x80000702 (0x0001) c.nop


mem[X,0x80000704] -> 0x0001
[503] [M]: 0x80000704 (0x0001) c.nop


mem[X,0x80000706] -> 0xA023
mem[X,0x80000708] -> 0x0643
[504] [M]: 0x80000706 (0x0643A023) sw tp, 96(t2)
mem[0x80003174] <- 0xBABECAFE


mem[X,0x8000070A] -> 0x0013
mem[X,0x8000070C] -> 0x0000
[505] [M]: 0x8000070A (0x00000013) addi zero, zero, 0


mem[X,0x8000070E] -> 0x0013
mem[X,0x80000710] -> 0x0000
[506] [M]: 0x8000070E (0x00000013) addi zero, zero, 0


mem[X,0x80000712] -> 0x0013
mem[X,0x80000714] -> 0x0000
[507] [M]: 0x80000712 (0x00000013) addi zero, zero, 0


mem[X,0x80000716] -> 0x0013
mem[X,0x80000718] -> 0x0000
[508] [M]: 0x80000716 (0x00000013) addi zero, zero, 0


mem[X,0x8000071A] -> 0x0013
mem[X,0x8000071C] -> 0x0000
[509] [M]: 0x8000071A (0x00000013) addi zero, zero, 0


mem[X,0x8000071E] -> 0x0001
[510] [M]: 0x8000071E (0x0001) c.nop


mem[X,0x80000720] -> 0x2117
mem[X,0x80000722] -> 0x0000
[511] [M]: 0x80000720 (0x00002117) auipc sp, 2
x2 <- 0x80002720


mem[X,0x80000724] -> 0x0113
mem[X,0x80000726] -> 0x8E01
[512] [M]: 0x80000724 (0x8E010113) addi sp, sp, 2272
x2 <- 0x80002000


mem[X,0x80000728] -> 0x0013
mem[X,0x8000072A] -> 0x0000
[513] [M]: 0x80000728 (0x00000013) addi zero, zero, 0


mem[X,0x8000072C] -> 0x0013
mem[X,0x8000072E] -> 0x0000
[514] [M]: 0x8000072C (0x00000013) addi zero, zero, 0


mem[X,0x80000730] -> 0x0013
mem[X,0x80000732] -> 0x0000
[515] [M]: 0x80000730 (0x00000013) addi zero, zero, 0


mem[X,0x80000734] -> 0x0013
mem[X,0x80000736] -> 0x0000
[516] [M]: 0x80000734 (0x00000013) addi zero, zero, 0


mem[X,0x80000738] -> 0x0013
mem[X,0x8000073A] -> 0x0000
[517] [M]: 0x80000738 (0x00000013) addi zero, zero, 0


mem[X,0x8000073C] -> 0x0013
mem[X,0x8000073E] -> 0x0000
[518] [M]: 0x8000073C (0x00000013) addi zero, zero, 0


mem[X,0x80000740] -> 0x4582
[519] [M]: 0x80000740 (0x4582) c.lwsp a1, 0
mem[R,0x80002000] -> 0xBABECAFE
x11 <- 0xBABECAFE


mem[X,0x80000742] -> 0x0001
[520] [M]: 0x80000742 (0x0001) c.nop


mem[X,0x80000744] -> 0x0001
[521] [M]: 0x80000744 (0x0001) c.nop


mem[X,0x80000746] -> 0xA223
mem[X,0x80000748] -> 0x06B3
[522] [M]: 0x80000746 (0x06B3A223) sw a1, 100(t2)
mem[0x80003178] <- 0xBABECAFE


mem[X,0x8000074A] -> 0x0013
mem[X,0x8000074C] -> 0x0000
[523] [M]: 0x8000074A (0x00000013) addi zero, zero, 0


mem[X,0x8000074E] -> 0x0013
mem[X,0x80000750] -> 0x0000
[524] [M]: 0x8000074E (0x00000013) addi zero, zero, 0


mem[X,0x80000752] -> 0x0013
mem[X,0x80000754] -> 0x0000
[525] [M]: 0x80000752 (0x00000013) addi zero, zero, 0


mem[X,0x80000756] -> 0x0013
mem[X,0x80000758] -> 0x0000
[526] [M]: 0x80000756 (0x00000013) addi zero, zero, 0


mem[X,0x8000075A] -> 0x0013
mem[X,0x8000075C] -> 0x0000
[527] [M]: 0x8000075A (0x00000013) addi zero, zero, 0


mem[X,0x8000075E] -> 0x0001
[528] [M]: 0x8000075E (0x0001) c.nop


mem[X,0x80000760] -> 0x2117
mem[X,0x80000762] -> 0x0000
[529] [M]: 0x80000760 (0x00002117) auipc sp, 2
x2 <- 0x80002760


mem[X,0x80000764] -> 0x0113
mem[X,0x80000766] -> 0x8A01
[530] [M]: 0x80000764 (0x8A010113) addi sp, sp, 2208
x2 <- 0x80002000


mem[X,0x80000768] -> 0x0013
mem[X,0x8000076A] -> 0x0000
[531] [M]: 0x80000768 (0x00000013) addi zero, zero, 0


mem[X,0x8000076C] -> 0x0013
mem[X,0x8000076E] -> 0x0000
[532] [M]: 0x8000076C (0x00000013) addi zero, zero, 0


mem[X,0x80000770] -> 0x0013
mem[X,0x80000772] -> 0x0000
[533] [M]: 0x80000770 (0x00000013) addi zero, zero, 0


mem[X,0x80000774] -> 0x0013
mem[X,0x80000776] -> 0x0000
[534] [M]: 0x80000774 (0x00000013) addi zero, zero, 0


mem[X,0x80000778] -> 0x0013
mem[X,0x8000077A] -> 0x0000
[535] [M]: 0x80000778 (0x00000013) addi zero, zero, 0


mem[X,0x8000077C] -> 0x0013
mem[X,0x8000077E] -> 0x0000
[536] [M]: 0x8000077C (0x00000013) addi zero, zero, 0


mem[X,0x80000780] -> 0x4F02
[537] [M]: 0x80000780 (0x4F02) c.lwsp t5, 0
mem[R,0x80002000] -> 0xBABECAFE
x30 <- 0xBABECAFE


mem[X,0x80000782] -> 0x0001
[538] [M]: 0x80000782 (0x0001) c.nop


mem[X,0x80000784] -> 0x0001
[539] [M]: 0x80000784 (0x0001) c.nop


mem[X,0x80000786] -> 0xA423
mem[X,0x80000788] -> 0x07E3
[540] [M]: 0x80000786 (0x07E3A423) sw t5, 104(t2)
mem[0x8000317C] <- 0xBABECAFE


mem[X,0x8000078A] -> 0x0013
mem[X,0x8000078C] -> 0x0000
[541] [M]: 0x8000078A (0x00000013) addi zero, zero, 0


mem[X,0x8000078E] -> 0x0013
mem[X,0x80000790] -> 0x0000
[542] [M]: 0x8000078E (0x00000013) addi zero, zero, 0


mem[X,0x80000792] -> 0x0013
mem[X,0x80000794] -> 0x0000
[543] [M]: 0x80000792 (0x00000013) addi zero, zero, 0


mem[X,0x80000796] -> 0x0013
mem[X,0x80000798] -> 0x0000
[544] [M]: 0x80000796 (0x00000013) addi zero, zero, 0


mem[X,0x8000079A] -> 0x0013
mem[X,0x8000079C] -> 0x0000
[545] [M]: 0x8000079A (0x00000013) addi zero, zero, 0


mem[X,0x8000079E] -> 0x0001
[546] [M]: 0x8000079E (0x0001) c.nop


mem[X,0x800007A0] -> 0x2117
mem[X,0x800007A2] -> 0x0000
[547] [M]: 0x800007A0 (0x00002117) auipc sp, 2
x2 <- 0x800027A0


mem[X,0x800007A4] -> 0x0113
mem[X,0x800007A6] -> 0x8601
[548] [M]: 0x800007A4 (0x86010113) addi sp, sp, 2144
x2 <- 0x80002000


mem[X,0x800007A8] -> 0x0013
mem[X,0x800007AA] -> 0x0000
[549] [M]: 0x800007A8 (0x00000013) addi zero, zero, 0


mem[X,0x800007AC] -> 0x0013
mem[X,0x800007AE] -> 0x0000
[550] [M]: 0x800007AC (0x00000013) addi zero, zero, 0


mem[X,0x800007B0] -> 0x0013
mem[X,0x800007B2] -> 0x0000
[551] [M]: 0x800007B0 (0x00000013) addi zero, zero, 0


mem[X,0x800007B4] -> 0x0013
mem[X,0x800007B6] -> 0x0000
[552] [M]: 0x800007B4 (0x00000013) addi zero, zero, 0


mem[X,0x800007B8] -> 0x0013
mem[X,0x800007BA] -> 0x0000
[553] [M]: 0x800007B8 (0x00000013) addi zero, zero, 0


mem[X,0x800007BC] -> 0x0013
mem[X,0x800007BE] -> 0x0000
[554] [M]: 0x800007BC (0x00000013) addi zero, zero, 0


mem[X,0x800007C0] -> 0x4A02
[555] [M]: 0x800007C0 (0x4A02) c.lwsp s4, 0
mem[R,0x80002000] -> 0xBABECAFE
x20 <- 0xBABECAFE


mem[X,0x800007C2] -> 0x0001
[556] [M]: 0x800007C2 (0x0001) c.nop


mem[X,0x800007C4] -> 0x0001
[557] [M]: 0x800007C4 (0x0001) c.nop


mem[X,0x800007C6] -> 0xA623
mem[X,0x800007C8] -> 0x0743
[558] [M]: 0x800007C6 (0x0743A623) sw s4, 108(t2)
mem[0x80003180] <- 0xBABECAFE


mem[X,0x800007CA] -> 0x0013
mem[X,0x800007CC] -> 0x0000
[559] [M]: 0x800007CA (0x00000013) addi zero, zero, 0


mem[X,0x800007CE] -> 0x0013
mem[X,0x800007D0] -> 0x0000
[560] [M]: 0x800007CE (0x00000013) addi zero, zero, 0


mem[X,0x800007D2] -> 0x0013
mem[X,0x800007D4] -> 0x0000
[561] [M]: 0x800007D2 (0x00000013) addi zero, zero, 0


mem[X,0x800007D6] -> 0x0013
mem[X,0x800007D8] -> 0x0000
[562] [M]: 0x800007D6 (0x00000013) addi zero, zero, 0


mem[X,0x800007DA] -> 0x0013
mem[X,0x800007DC] -> 0x0000
[563] [M]: 0x800007DA (0x00000013) addi zero, zero, 0


mem[X,0x800007DE] -> 0x0001
[564] [M]: 0x800007DE (0x0001) c.nop


mem[X,0x800007E0] -> 0x3097
mem[X,0x800007E2] -> 0x0000
[565] [M]: 0x800007E0 (0x00003097) auipc ra, 3
x1 <- 0x800037E0


mem[X,0x800007E4] -> 0x8093
mem[X,0x800007E6] -> 0x9A40
[566] [M]: 0x800007E4 (0x9A408093) addi ra, ra, 2468
x1 <- 0x80003184


mem[X,0x800007E8] -> 0x0013
mem[X,0x800007EA] -> 0x0000
[567] [M]: 0x800007E8 (0x00000013) addi zero, zero, 0


mem[X,0x800007EC] -> 0x0013
mem[X,0x800007EE] -> 0x0000
[568] [M]: 0x800007EC (0x00000013) addi zero, zero, 0


mem[X,0x800007F0] -> 0x0013
mem[X,0x800007F2] -> 0x0000
[569] [M]: 0x800007F0 (0x00000013) addi zero, zero, 0


mem[X,0x800007F4] -> 0x0013
mem[X,0x800007F6] -> 0x0000
[570] [M]: 0x800007F4 (0x00000013) addi zero, zero, 0


mem[X,0x800007F8] -> 0x0013
mem[X,0x800007FA] -> 0x0000
[571] [M]: 0x800007F8 (0x00000013) addi zero, zero, 0


mem[X,0x800007FC] -> 0x0013
mem[X,0x800007FE] -> 0x0000
[572] [M]: 0x800007FC (0x00000013) addi zero, zero, 0


mem[X,0x80000800] -> 0x2117
mem[X,0x80000802] -> 0x0000
[573] [M]: 0x80000800 (0x00002117) auipc sp, 2
x2 <- 0x80002800


mem[X,0x80000804] -> 0x0113
mem[X,0x80000806] -> 0x8001
[574] [M]: 0x80000804 (0x80010113) addi sp, sp, 2048
x2 <- 0x80002000


mem[X,0x80000808] -> 0x0013
mem[X,0x8000080A] -> 0x0000
[575] [M]: 0x80000808 (0x00000013) addi zero, zero, 0


mem[X,0x8000080C] -> 0x0013
mem[X,0x8000080E] -> 0x0000
[576] [M]: 0x8000080C (0x00000013) addi zero, zero, 0


mem[X,0x80000810] -> 0x0013
mem[X,0x80000812] -> 0x0000
[577] [M]: 0x80000810 (0x00000013) addi zero, zero, 0


mem[X,0x80000814] -> 0x0013
mem[X,0x80000816] -> 0x0000
[578] [M]: 0x80000814 (0x00000013) addi zero, zero, 0


mem[X,0x80000818] -> 0x0013
mem[X,0x8000081A] -> 0x0000
[579] [M]: 0x80000818 (0x00000013) addi zero, zero, 0


mem[X,0x8000081C] -> 0x0013
mem[X,0x8000081E] -> 0x0000
[580] [M]: 0x8000081C (0x00000013) addi zero, zero, 0


mem[X,0x80000820] -> 0x4A82
[581] [M]: 0x80000820 (0x4A82) c.lwsp s5, 0
mem[R,0x80002000] -> 0xBABECAFE
x21 <- 0xBABECAFE


mem[X,0x80000822] -> 0x0001
[582] [M]: 0x80000822 (0x0001) c.nop


mem[X,0x80000824] -> 0x0001
[583] [M]: 0x80000824 (0x0001) c.nop


mem[X,0x80000826] -> 0xA023
mem[X,0x80000828] -> 0x0150
[584] [M]: 0x80000826 (0x0150A023) sw s5, 0(ra)
mem[0x80003184] <- 0xBABECAFE


mem[X,0x8000082A] -> 0x0013
mem[X,0x8000082C] -> 0x0000
[585] [M]: 0x8000082A (0x00000013) addi zero, zero, 0


mem[X,0x8000082E] -> 0x0013
mem[X,0x80000830] -> 0x0000
[586] [M]: 0x8000082E (0x00000013) addi zero, zero, 0


mem[X,0x80000832] -> 0x0013
mem[X,0x80000834] -> 0x0000
[587] [M]: 0x80000832 (0x00000013) addi zero, zero, 0


mem[X,0x80000836] -> 0x0013
mem[X,0x80000838] -> 0x0000
[588] [M]: 0x80000836 (0x00000013) addi zero, zero, 0


mem[X,0x8000083A] -> 0x0013
mem[X,0x8000083C] -> 0x0000
[589] [M]: 0x8000083A (0x00000013) addi zero, zero, 0


mem[X,0x8000083E] -> 0x0001
[590] [M]: 0x8000083E (0x0001) c.nop


mem[X,0x80000840] -> 0x1117
mem[X,0x80000842] -> 0x0000
[591] [M]: 0x80000840 (0x00001117) auipc sp, 1
x2 <- 0x80001840


mem[X,0x80000844] -> 0x0113
mem[X,0x80000846] -> 0x7C01
[592] [M]: 0x80000844 (0x7C010113) addi sp, sp, 1984
x2 <- 0x80002000


mem[X,0x80000848] -> 0x0013
mem[X,0x8000084A] -> 0x0000
[593] [M]: 0x80000848 (0x00000013) addi zero, zero, 0


mem[X,0x8000084C] -> 0x0013
mem[X,0x8000084E] -> 0x0000
[594] [M]: 0x8000084C (0x00000013) addi zero, zero, 0


mem[X,0x80000850] -> 0x0013
mem[X,0x80000852] -> 0x0000
[595] [M]: 0x80000850 (0x00000013) addi zero, zero, 0


mem[X,0x80000854] -> 0x0013
mem[X,0x80000856] -> 0x0000
[596] [M]: 0x80000854 (0x00000013) addi zero, zero, 0


mem[X,0x80000858] -> 0x0013
mem[X,0x8000085A] -> 0x0000
[597] [M]: 0x80000858 (0x00000013) addi zero, zero, 0


mem[X,0x8000085C] -> 0x0013
mem[X,0x8000085E] -> 0x0000
[598] [M]: 0x8000085C (0x00000013) addi zero, zero, 0


mem[X,0x80000860] -> 0x4C02
[599] [M]: 0x80000860 (0x4C02) c.lwsp s8, 0
mem[R,0x80002000] -> 0xBABECAFE
x24 <- 0xBABECAFE


clint::tick mtime <- 0x0000000000000006
 clint timer pending at mtime 0x0000000000000006
htif::tick 0x0000000000000000
mem[X,0x80000862] -> 0x0001
[600] [M]: 0x80000862 (0x0001) c.nop


mem[X,0x80000864] -> 0x0001
[601] [M]: 0x80000864 (0x0001) c.nop


mem[X,0x80000866] -> 0xA223
mem[X,0x80000868] -> 0x0180
[602] [M]: 0x80000866 (0x0180A223) sw s8, 4(ra)
mem[0x80003188] <- 0xBABECAFE


mem[X,0x8000086A] -> 0x0013
mem[X,0x8000086C] -> 0x0000
[603] [M]: 0x8000086A (0x00000013) addi zero, zero, 0


mem[X,0x8000086E] -> 0x0013
mem[X,0x80000870] -> 0x0000
[604] [M]: 0x8000086E (0x00000013) addi zero, zero, 0


mem[X,0x80000872] -> 0x0013
mem[X,0x80000874] -> 0x0000
[605] [M]: 0x80000872 (0x00000013) addi zero, zero, 0


mem[X,0x80000876] -> 0x0013
mem[X,0x80000878] -> 0x0000
[606] [M]: 0x80000876 (0x00000013) addi zero, zero, 0


mem[X,0x8000087A] -> 0x0013
mem[X,0x8000087C] -> 0x0000
[607] [M]: 0x8000087A (0x00000013) addi zero, zero, 0


mem[X,0x8000087E] -> 0x0001
[608] [M]: 0x8000087E (0x0001) c.nop


mem[X,0x80000880] -> 0x1117
mem[X,0x80000882] -> 0x0000
[609] [M]: 0x80000880 (0x00001117) auipc sp, 1
x2 <- 0x80001880


mem[X,0x80000884] -> 0x0113
mem[X,0x80000886] -> 0x7801
[610] [M]: 0x80000884 (0x78010113) addi sp, sp, 1920
x2 <- 0x80002000


mem[X,0x80000888] -> 0x0013
mem[X,0x8000088A] -> 0x0000
[611] [M]: 0x80000888 (0x00000013) addi zero, zero, 0


mem[X,0x8000088C] -> 0x0013
mem[X,0x8000088E] -> 0x0000
[612] [M]: 0x8000088C (0x00000013) addi zero, zero, 0


mem[X,0x80000890] -> 0x0013
mem[X,0x80000892] -> 0x0000
[613] [M]: 0x80000890 (0x00000013) addi zero, zero, 0


mem[X,0x80000894] -> 0x0013
mem[X,0x80000896] -> 0x0000
[614] [M]: 0x80000894 (0x00000013) addi zero, zero, 0


mem[X,0x80000898] -> 0x0013
mem[X,0x8000089A] -> 0x0000
[615] [M]: 0x80000898 (0x00000013) addi zero, zero, 0


mem[X,0x8000089C] -> 0x0013
mem[X,0x8000089E] -> 0x0000
[616] [M]: 0x8000089C (0x00000013) addi zero, zero, 0


mem[X,0x800008A0] -> 0x4382
[617] [M]: 0x800008A0 (0x4382) c.lwsp t2, 0
mem[R,0x80002000] -> 0xBABECAFE
x7 <- 0xBABECAFE


mem[X,0x800008A2] -> 0x0001
[618] [M]: 0x800008A2 (0x0001) c.nop


mem[X,0x800008A4] -> 0x0001
[619] [M]: 0x800008A4 (0x0001) c.nop


mem[X,0x800008A6] -> 0xA423
mem[X,0x800008A8] -> 0x0070
[620] [M]: 0x800008A6 (0x0070A423) sw t2, 8(ra)
mem[0x8000318C] <- 0xBABECAFE


mem[X,0x800008AA] -> 0x006F
mem[X,0x800008AC] -> 0x0200
[621] [M]: 0x800008AA (0x0200006F) jal zero, 32


mem[X,0x800008CA] -> 0x4085
[622] [M]: 0x800008CA (0x4085) c.li ra, 1
x1 <- 0x00000001


mem[X,0x800008CC] -> 0x0F17
mem[X,0x800008CE] -> 0x0000
[623] [M]: 0x800008CC (0x00000F17) auipc t5, 0
x30 <- 0x800008CC


mem[X,0x800008D0] -> 0x2A23
mem[X,0x800008D2] -> 0x721F
[624] [M]: 0x800008D0 (0x721F2A23) sw ra, 1844(t5)
htif[0x80001000] <- 0x00000001


mem[X,0x800008D4] -> 0xBFE5
[625] [M]: 0x800008D4 (0xBFE5) c.j 2044


mem[X,0x800008CC] -> 0x0F17
mem[X,0x800008CE] -> 0x0000
[626] [M]: 0x800008CC (0x00000F17) auipc t5, 0
x30 <- 0x800008CC


mem[X,0x800008D0] -> 0x2A23
mem[X,0x800008D2] -> 0x721F
[627] [M]: 0x800008D0 (0x721F2A23) sw ra, 1844(t5)
htif[0x80001000] <- 0x00000001


mem[X,0x800008D4] -> 0xBFE5
[628] [M]: 0x800008D4 (0xBFE5) c.j 2044


mem[X,0x800008CC] -> 0x0F17
mem[X,0x800008CE] -> 0x0000
[629] [M]: 0x800008CC (0x00000F17) auipc t5, 0
x30 <- 0x800008CC


mem[X,0x800008D0] -> 0x2A23
mem[X,0x800008D2] -> 0x721F
[630] [M]: 0x800008D0 (0x721F2A23) sw ra, 1844(t5)
htif[0x80001000] <- 0x00000001
htif-syscall-proxy cmd: 0x000000000001

SUCCESS
