using /home/force/Desktop/work/compliance_testing/our_riscv/work/riscof_work/I/src/bgeu-01.S/ref/Reference-sail_c_simulator.signature for test-signature output.
[Sail] Allocating new block 0x80000000
tohost located at 0x80049000
[Sail] Allocating new block 0x0

Running file ref.elf.
ELF Entry @ 0x80000000
begin_signature: 0x8004b110
end_signature: 0x8004bc70
CSR mstatus <- 0x00000000 (input: 0x00000000)
mem[X,0x00001000] -> 0x0297
mem[X,0x00001002] -> 0x0000
[0] [M]: 0x00001000 (0x00000297) auipc t0, 0
x5 <- 0x00001000


mem[X,0x00001004] -> 0x8593
mem[X,0x00001006] -> 0x0202
[1] [M]: 0x00001004 (0x02028593) addi a1, t0, 32
x11 <- 0x00001020


mem[X,0x00001008] -> 0x2573
mem[X,0x0000100A] -> 0xF140
[2] [M]: 0x00001008 (0xF1402573) csrrs a0, mhartid, zero
CSR mhartid -> 0x00000000
x10 <- 0x00000000


mem[X,0x0000100C] -> 0xA283
mem[X,0x0000100E] -> 0x0182
[3] [M]: 0x0000100C (0x0182A283) lw t0, 24(t0)
mem[R,0x00001018] -> 0x80000000
x5 <- 0x80000000


mem[X,0x00001010] -> 0x8067
mem[X,0x00001012] -> 0x0002
[4] [M]: 0x00001010 (0x00028067) jalr zero, t0, 0


mem[X,0x80000000] -> 0xC0B7
mem[X,0x80000002] -> 0xFEED
[5] [M]: 0x80000000 (0xFEEDC0B7) lui ra, 1044188
x1 <- 0xFEEDC000


mem[X,0x80000004] -> 0x8093
mem[X,0x80000006] -> 0xEAD0
[6] [M]: 0x80000004 (0xEAD08093) addi ra, ra, 3757
x1 <- 0xFEEDBEAD


mem[X,0x80000008] -> 0xE137
mem[X,0x8000000A] -> 0xFF76
[7] [M]: 0x80000008 (0xFF76E137) lui sp, 1046382
x2 <- 0xFF76E000


mem[X,0x8000000C] -> 0x0113
mem[X,0x8000000E] -> 0xF561
[8] [M]: 0x8000000C (0xF5610113) addi sp, sp, 3926
x2 <- 0xFF76DF56


mem[X,0x80000010] -> 0x71B7
mem[X,0x80000012] -> 0x7FBB
[9] [M]: 0x80000010 (0x7FBB71B7) lui gp, 523191
x3 <- 0x7FBB7000


mem[X,0x80000014] -> 0x8193
mem[X,0x80000016] -> 0xFAB1
[10] [M]: 0x80000014 (0xFAB18193) addi gp, gp, 4011
x3 <- 0x7FBB6FAB


mem[X,0x80000018] -> 0xB237
mem[X,0x8000001A] -> 0xBFDD
[11] [M]: 0x80000018 (0xBFDDB237) lui tp, 785883
x4 <- 0xBFDDB000


mem[X,0x8000001C] -> 0x0213
mem[X,0x8000001E] -> 0x7D52
[12] [M]: 0x8000001C (0x7D520213) addi tp, tp, 2005
x4 <- 0xBFDDB7D5


mem[X,0x80000020] -> 0x0297
mem[X,0x80000022] -> 0x0000
[13] [M]: 0x80000020 (0x00000297) auipc t0, 0
x5 <- 0x80000020


mem[X,0x80000024] -> 0x8293
mem[X,0x80000026] -> 0x0882
[14] [M]: 0x80000024 (0x08828293) addi t0, t0, 136
x5 <- 0x800000A8


mem[X,0x80000028] -> 0x0013
mem[X,0x8000002A] -> 0x0000
[15] [M]: 0x80000028 (0x00000013) addi zero, zero, 0


mem[X,0x8000002C] -> 0x0013
mem[X,0x8000002E] -> 0x0000
[16] [M]: 0x8000002C (0x00000013) addi zero, zero, 0


mem[X,0x80000030] -> 0x0013
mem[X,0x80000032] -> 0x0000
[17] [M]: 0x80000030 (0x00000013) addi zero, zero, 0


mem[X,0x80000034] -> 0x0013
mem[X,0x80000036] -> 0x0000
[18] [M]: 0x80000034 (0x00000013) addi zero, zero, 0


mem[X,0x80000038] -> 0x0013
mem[X,0x8000003A] -> 0x0000
[19] [M]: 0x80000038 (0x00000013) addi zero, zero, 0


mem[X,0x8000003C] -> 0x0013
mem[X,0x8000003E] -> 0x0000
[20] [M]: 0x8000003C (0x00000013) addi zero, zero, 0


mem[X,0x80000040] -> 0xA317
mem[X,0x80000042] -> 0x0004
[21] [M]: 0x80000040 (0x0004A317) auipc t1, 74
x6 <- 0x8004A040


mem[X,0x80000044] -> 0x0313
mem[X,0x80000046] -> 0xFC03
[22] [M]: 0x80000044 (0xFC030313) addi t1, t1, 4032
x6 <- 0x8004A000


mem[X,0x80000048] -> 0x0013
mem[X,0x8000004A] -> 0x0000
[23] [M]: 0x80000048 (0x00000013) addi zero, zero, 0


mem[X,0x8000004C] -> 0x0013
mem[X,0x8000004E] -> 0x0000
[24] [M]: 0x8000004C (0x00000013) addi zero, zero, 0


mem[X,0x80000050] -> 0x0013
mem[X,0x80000052] -> 0x0000
[25] [M]: 0x80000050 (0x00000013) addi zero, zero, 0


mem[X,0x80000054] -> 0x0013
mem[X,0x80000056] -> 0x0000
[26] [M]: 0x80000054 (0x00000013) addi zero, zero, 0


mem[X,0x80000058] -> 0x0013
mem[X,0x8000005A] -> 0x0000
[27] [M]: 0x80000058 (0x00000013) addi zero, zero, 0


mem[X,0x8000005C] -> 0x0013
mem[X,0x8000005E] -> 0x0000
[28] [M]: 0x8000005C (0x00000013) addi zero, zero, 0


mem[X,0x80000060] -> 0xB3B7
mem[X,0x80000062] -> 0xB7FB
[29] [M]: 0x80000060 (0xB7FBB3B7) lui t2, 753595
x7 <- 0xB7FBB000


mem[X,0x80000064] -> 0x8393
mem[X,0x80000066] -> 0x6FA3
[30] [M]: 0x80000064 (0x6FA38393) addi t2, t2, 1786
x7 <- 0xB7FBB6FA


mem[X,0x80000068] -> 0xE437
mem[X,0x8000006A] -> 0x5BFD
[31] [M]: 0x80000068 (0x5BFDE437) lui fp, 376798
x8 <- 0x5BFDE000


mem[X,0x8000006C] -> 0x0413
mem[X,0x8000006E] -> 0xB7D4
[32] [M]: 0x8000006C (0xB7D40413) addi fp, fp, 2941
x8 <- 0x5BFDDB7D


mem[X,0x80000070] -> 0xF4B7
mem[X,0x80000072] -> 0xADFE
[33] [M]: 0x80000070 (0xADFEF4B7) lui s1, 712687
x9 <- 0xADFEF000


mem[X,0x80000074] -> 0x8493
mem[X,0x80000076] -> 0xDBE4
[34] [M]: 0x80000074 (0xDBE48493) addi s1, s1, 3518
x9 <- 0xADFEEDBE


mem[X,0x80000078] -> 0x7537
mem[X,0x8000007A] -> 0x56FF
[35] [M]: 0x80000078 (0x56FF7537) lui a0, 356343
x10 <- 0x56FF7000


mem[X,0x8000007C] -> 0x0513
mem[X,0x8000007E] -> 0x6DF5
[36] [M]: 0x8000007C (0x6DF50513) addi a0, a0, 1759
x10 <- 0x56FF76DF


mem[X,0x80000080] -> 0xC5B7
mem[X,0x80000082] -> 0xAB7F
[37] [M]: 0x80000080 (0xAB7FC5B7) lui a1, 702460
x11 <- 0xAB7FC000


mem[X,0x80000084] -> 0x8593
mem[X,0x80000086] -> 0xB6F5
[38] [M]: 0x80000084 (0xB6F58593) addi a1, a1, 2927
x11 <- 0xAB7FBB6F


mem[X,0x80000088] -> 0xE637
mem[X,0x8000008A] -> 0xD5BF
[39] [M]: 0x80000088 (0xD5BFE637) lui a2, 875518
x12 <- 0xD5BFE000


mem[X,0x8000008C] -> 0x0613
mem[X,0x8000008E] -> 0xDB76
[40] [M]: 0x8000008C (0xDB760613) addi a2, a2, 3511
x12 <- 0xD5BFDDB7


mem[X,0x80000090] -> 0xF6B7
mem[X,0x80000092] -> 0xEADF
[41] [M]: 0x80000090 (0xEADFF6B7) lui a3, 962047
x13 <- 0xEADFF000


mem[X,0x80000094] -> 0x8693
mem[X,0x80000096] -> 0xEDB6
[42] [M]: 0x80000094 (0xEDB68693) addi a3, a3, 3803
x13 <- 0xEADFEEDB


mem[X,0x80000098] -> 0xF737
mem[X,0x8000009A] -> 0xF56F
[43] [M]: 0x80000098 (0xF56FF737) lui a4, 1005311
x14 <- 0xF56FF000


mem[X,0x8000009C] -> 0x0713
mem[X,0x8000009E] -> 0x76D7
[44] [M]: 0x8000009C (0x76D70713) addi a4, a4, 1901
x14 <- 0xF56FF76D


mem[X,0x800000A0] -> 0x07B7
mem[X,0x800000A2] -> 0xFAB8
[45] [M]: 0x800000A0 (0xFAB807B7) lui a5, 1026944
x15 <- 0xFAB80000


mem[X,0x800000A4] -> 0x8793
mem[X,0x800000A6] -> 0xBB67
[46] [M]: 0x800000A4 (0xBB678793) addi a5, a5, 2998
x15 <- 0xFAB7FBB6


mem[X,0x800000A8] -> 0x0013
mem[X,0x800000AA] -> 0x0000
[47] [M]: 0x800000A8 (0x00000013) addi zero, zero, 0


mem[X,0x800000AC] -> 0x0013
mem[X,0x800000AE] -> 0x0000
[48] [M]: 0x800000AC (0x00000013) addi zero, zero, 0


mem[X,0x800000B0] -> 0x0013
mem[X,0x800000B2] -> 0x0000
[49] [M]: 0x800000B0 (0x00000013) addi zero, zero, 0


mem[X,0x800000B4] -> 0x0013
mem[X,0x800000B6] -> 0x0000
[50] [M]: 0x800000B4 (0x00000013) addi zero, zero, 0


mem[X,0x800000B8] -> 0x0013
mem[X,0x800000BA] -> 0x0000
[51] [M]: 0x800000B8 (0x00000013) addi zero, zero, 0


mem[X,0x800000BC] -> 0x0013
mem[X,0x800000BE] -> 0x0000
[52] [M]: 0x800000BC (0x00000013) addi zero, zero, 0


mem[X,0x800000C0] -> 0xB497
mem[X,0x800000C2] -> 0x0004
[53] [M]: 0x800000C0 (0x0004B497) auipc s1, 75
x9 <- 0x8004B0C0


mem[X,0x800000C4] -> 0x8493
mem[X,0x800000C6] -> 0x0544
[54] [M]: 0x800000C4 (0x05448493) addi s1, s1, 84
x9 <- 0x8004B114


mem[X,0x800000C8] -> 0x0013
mem[X,0x800000CA] -> 0x0000
[55] [M]: 0x800000C8 (0x00000013) addi zero, zero, 0


mem[X,0x800000CC] -> 0x0013
mem[X,0x800000CE] -> 0x0000
[56] [M]: 0x800000CC (0x00000013) addi zero, zero, 0


mem[X,0x800000D0] -> 0x0013
mem[X,0x800000D2] -> 0x0000
[57] [M]: 0x800000D0 (0x00000013) addi zero, zero, 0


mem[X,0x800000D4] -> 0x0013
mem[X,0x800000D6] -> 0x0000
[58] [M]: 0x800000D4 (0x00000013) addi zero, zero, 0


mem[X,0x800000D8] -> 0x0013
mem[X,0x800000DA] -> 0x0000
[59] [M]: 0x800000D8 (0x00000013) addi zero, zero, 0


mem[X,0x800000DC] -> 0x0013
mem[X,0x800000DE] -> 0x0000
[60] [M]: 0x800000DC (0x00000013) addi zero, zero, 0


mem[X,0x800000E0] -> 0x0113
mem[X,0x800000E2] -> 0x0080
[61] [M]: 0x800000E0 (0x00800113) addi sp, zero, 8
x2 <- 0x00000008


mem[X,0x800000E4] -> 0x0113
mem[X,0x800000E6] -> 0x0080
[62] [M]: 0x800000E4 (0x00800113) addi sp, zero, 8
x2 <- 0x00000008


mem[X,0x800000E8] -> 0x0293
mem[X,0x800000EA] -> 0x0000
[63] [M]: 0x800000E8 (0x00000293) addi t0, zero, 0
x5 <- 0x00000000


mem[X,0x800000EC] -> 0x006F
mem[X,0x800000EE] -> 0x00C0
[64] [M]: 0x800000EC (0x00C0006F) jal zero, 12


mem[X,0x800000F8] -> 0x7CE3
mem[X,0x800000FA] -> 0xFE21
[65] [M]: 0x800000F8 (0xFE217CE3) bgeu sp, sp, 8184


mem[X,0x800000F0] -> 0x8293
mem[X,0x800000F2] -> 0x0012
[66] [M]: 0x800000F0 (0x00128293) addi t0, t0, 1
x5 <- 0x00000001


mem[X,0x800000F4] -> 0x006F
mem[X,0x800000F6] -> 0x0180
[67] [M]: 0x800000F4 (0x0180006F) jal zero, 24


mem[X,0x8000010C] -> 0xA023
mem[X,0x8000010E] -> 0x0054
[68] [M]: 0x8000010C (0x0054A023) sw t0, 0(s1)
mem[0x8004B114] <- 0x00000001


mem[X,0x80000110] -> 0x0F93
mem[X,0x80000112] -> 0xFBF0
[69] [M]: 0x80000110 (0xFBF00F93) addi t6, zero, 4031
x31 <- 0xFFFFFFBF


mem[X,0x80000114] -> 0x0193
mem[X,0x80000116] -> 0xFBF0
[70] [M]: 0x80000114 (0xFBF00193) addi gp, zero, 4031
x3 <- 0xFFFFFFBF


mem[X,0x80000118] -> 0x0293
mem[X,0x8000011A] -> 0x0000
[71] [M]: 0x80000118 (0x00000293) addi t0, zero, 0
x5 <- 0x00000000


mem[X,0x8000011C] -> 0x006F
mem[X,0x8000011E] -> 0x00C0
[72] [M]: 0x8000011C (0x00C0006F) jal zero, 12


mem[X,0x80000128] -> 0xF063
mem[X,0x8000012A] -> 0x203F
[73] [M]: 0x80000128 (0x203FF063) bgeu t6, gp, 512


mem[X,0x80000328] -> 0x8293
mem[X,0x8000032A] -> 0x0032
[74] [M]: 0x80000328 (0x00328293) addi t0, t0, 3
x5 <- 0x00000003


mem[X,0x8000032C] -> 0x006F
mem[X,0x8000032E] -> 0x0040
[75] [M]: 0x8000032C (0x0040006F) jal zero, 4


mem[X,0x80000330] -> 0xA223
mem[X,0x80000332] -> 0x0054
[76] [M]: 0x80000330 (0x0054A223) sw t0, 4(s1)
mem[0x8004B118] <- 0x00000003


mem[X,0x80000334] -> 0x0AB7
mem[X,0x80000336] -> 0x0001
[77] [M]: 0x80000334 (0x00010AB7) lui s5, 16
x21 <- 0x00010000


mem[X,0x80000338] -> 0x8A93
mem[X,0x8000033A] -> 0xFFFA
[78] [M]: 0x80000338 (0xFFFA8A93) addi s5, s5, 4095
x21 <- 0x0000FFFF


mem[X,0x8000033C] -> 0x0CB7
mem[X,0x8000033E] -> 0x0001
[79] [M]: 0x8000033C (0x00010CB7) lui s9, 16
x25 <- 0x00010000


mem[X,0x80000340] -> 0x8C93
mem[X,0x80000342] -> 0xFFFC
[80] [M]: 0x80000340 (0xFFFC8C93) addi s9, s9, 4095
x25 <- 0x0000FFFF


mem[X,0x80000344] -> 0x0293
mem[X,0x80000346] -> 0x0000
[81] [M]: 0x80000344 (0x00000293) addi t0, zero, 0
x5 <- 0x00000000


mem[X,0x80000348] -> 0x006F
mem[X,0x8000034A] -> 0x00C0
[82] [M]: 0x80000348 (0x00C0006F) jal zero, 12


mem[X,0x80000354] -> 0xFCE3
mem[X,0x80000356] -> 0xFF9A
[83] [M]: 0x80000354 (0xFF9AFCE3) bgeu s5, s9, 8184


mem[X,0x8000034C] -> 0x8293
mem[X,0x8000034E] -> 0x0012
[84] [M]: 0x8000034C (0x00128293) addi t0, t0, 1
x5 <- 0x00000001


mem[X,0x80000350] -> 0x006F
mem[X,0x80000352] -> 0x0180
[85] [M]: 0x80000350 (0x0180006F) jal zero, 24


mem[X,0x80000368] -> 0xA423
mem[X,0x8000036A] -> 0x0054
[86] [M]: 0x80000368 (0x0054A423) sw t0, 8(s1)
mem[0x8004B11C] <- 0x00000001


mem[X,0x8000036C] -> 0x0DB7
mem[X,0x8000036E] -> 0xFFFC
[87] [M]: 0x8000036C (0xFFFC0DB7) lui s11, 1048512
x27 <- 0xFFFC0000


mem[X,0x80000370] -> 0x8D93
mem[X,0x80000372] -> 0xFFFD
[88] [M]: 0x80000370 (0xFFFD8D93) addi s11, s11, 4095
x27 <- 0xFFFBFFFF


mem[X,0x80000374] -> 0x06B7
mem[X,0x80000376] -> 0xFFF0
[89] [M]: 0x80000374 (0xFFF006B7) lui a3, 1048320
x13 <- 0xFFF00000


mem[X,0x80000378] -> 0x8693
mem[X,0x8000037A] -> 0xFFF6
[90] [M]: 0x80000378 (0xFFF68693) addi a3, a3, 4095
x13 <- 0xFFEFFFFF


mem[X,0x8000037C] -> 0x0293
mem[X,0x8000037E] -> 0x0000
[91] [M]: 0x8000037C (0x00000293) addi t0, zero, 0
x5 <- 0x00000000


mem[X,0x80000380] -> 0x006F
mem[X,0x80000382] -> 0x00C0
[92] [M]: 0x80000380 (0x00C0006F) jal zero, 12


mem[X,0x8000038C] -> 0xF663
mem[X,0x8000038E] -> 0x00DD
[93] [M]: 0x8000038C (0x00DDF663) bgeu s11, a3, 12


mem[X,0x80000398] -> 0x8293
mem[X,0x8000039A] -> 0x0032
[94] [M]: 0x80000398 (0x00328293) addi t0, t0, 3
x5 <- 0x00000003


mem[X,0x8000039C] -> 0x006F
mem[X,0x8000039E] -> 0x0040
[95] [M]: 0x8000039C (0x0040006F) jal zero, 4


mem[X,0x800003A0] -> 0xA623
mem[X,0x800003A2] -> 0x0054
[96] [M]: 0x800003A0 (0x0054A623) sw t0, 12(s1)
mem[0x8004B120] <- 0x00000003


mem[X,0x800003A4] -> 0xB737
mem[X,0x800003A6] -> 0xAAAA
[97] [M]: 0x800003A4 (0xAAAAB737) lui a4, 699051
x14 <- 0xAAAAB000


mem[X,0x800003A8] -> 0x0713
mem[X,0x800003AA] -> 0xAAB7
[98] [M]: 0x800003A8 (0xAAB70713) addi a4, a4, 2731
x14 <- 0xAAAAAAAB


mem[X,0x800003AC] -> 0x0E93
mem[X,0x800003AE] -> 0x0040
[99] [M]: 0x800003AC (0x00400E93) addi t4, zero, 4
x29 <- 0x00000004


clint::tick mtime <- 0x0000000000000001
 clint timer pending at mtime 0x0000000000000001
htif::tick 0x0000000000000000
mem[X,0x800003B0] -> 0x0293
mem[X,0x800003B2] -> 0x0000
[100] [M]: 0x800003B0 (0x00000293) addi t0, zero, 0
x5 <- 0x00000000


mem[X,0x800003B4] -> 0x006F
mem[X,0x800003B6] -> 0x0100
[101] [M]: 0x800003B4 (0x0100006F) jal zero, 16


mem[X,0x800003C4] -> 0x7AE3
mem[X,0x800003C6] -> 0xFFD7
[102] [M]: 0x800003C4 (0xFFD77AE3) bgeu a4, t4, 8180


mem[X,0x800003B8] -> 0x8293
mem[X,0x800003BA] -> 0x0012
[103] [M]: 0x800003B8 (0x00128293) addi t0, t0, 1
x5 <- 0x00000001


mem[X,0x800003BC] -> 0x006F
mem[X,0x800003BE] -> 0x01C0
[104] [M]: 0x800003BC (0x01C0006F) jal zero, 28


mem[X,0x800003D8] -> 0xA823
mem[X,0x800003DA] -> 0x0054
[105] [M]: 0x800003D8 (0x0054A823) sw t0, 16(s1)
mem[0x8004B124] <- 0x00000001


mem[X,0x800003DC] -> 0x0393
mem[X,0x800003DE] -> 0x0070
[106] [M]: 0x800003DC (0x00700393) addi t2, zero, 7
x7 <- 0x00000007


mem[X,0x800003E0] -> 0xB837
mem[X,0x800003E2] -> 0x0000
[107] [M]: 0x800003E0 (0x0000B837) lui a6, 11
x16 <- 0x0000B000


mem[X,0x800003E4] -> 0x0813
mem[X,0x800003E6] -> 0x5048
[108] [M]: 0x800003E4 (0x50480813) addi a6, a6, 1284
x16 <- 0x0000B504


mem[X,0x800003E8] -> 0x0293
mem[X,0x800003EA] -> 0x0000
[109] [M]: 0x800003E8 (0x00000293) addi t0, zero, 0
x5 <- 0x00000000


mem[X,0x800003EC] -> 0x006F
mem[X,0x800003EE] -> 0x00C0
[110] [M]: 0x800003EC (0x00C0006F) jal zero, 12


mem[X,0x800003F8] -> 0xF063
mem[X,0x800003FA] -> 0x4103
[111] [M]: 0x800003F8 (0x4103F063) bgeu t2, a6, 1024


mem[X,0x800003FC] -> 0x8293
mem[X,0x800003FE] -> 0x0022
[112] [M]: 0x800003FC (0x00228293) addi t0, t0, 2
x5 <- 0x00000002


mem[X,0x80000400] -> 0x006F
mem[X,0x80000402] -> 0x4000
[113] [M]: 0x80000400 (0x4000006F) jal zero, 1024


mem[X,0x80000800] -> 0xAA23
mem[X,0x80000802] -> 0x0054
[114] [M]: 0x80000800 (0x0054AA23) sw t0, 20(s1)
mem[0x8004B128] <- 0x00000002


mem[X,0x80000804] -> 0xB5B7
mem[X,0x80000806] -> 0xAAAA
[115] [M]: 0x80000804 (0xAAAAB5B7) lui a1, 699051
x11 <- 0xAAAAB000


mem[X,0x80000808] -> 0x8593
mem[X,0x8000080A] -> 0xAA95
[116] [M]: 0x80000808 (0xAA958593) addi a1, a1, 2729
x11 <- 0xAAAAAAA9


mem[X,0x8000080C] -> 0x0993
mem[X,0x8000080E] -> 0x0010
[117] [M]: 0x8000080C (0x00100993) addi s3, zero, 1
x19 <- 0x00000001


mem[X,0x80000810] -> 0x0293
mem[X,0x80000812] -> 0x0000
[118] [M]: 0x80000810 (0x00000293) addi t0, zero, 0
x5 <- 0x00000000


mem[X,0x80000814] -> 0x006F
mem[X,0x80000816] -> 0x00C0
[119] [M]: 0x80000814 (0x00C0006F) jal zero, 12


mem[X,0x80000820] -> 0xF063
mem[X,0x80000822] -> 0x0535
[120] [M]: 0x80000820 (0x0535F063) bgeu a1, s3, 64


mem[X,0x80000860] -> 0x8293
mem[X,0x80000862] -> 0x0032
[121] [M]: 0x80000860 (0x00328293) addi t0, t0, 3
x5 <- 0x00000003


mem[X,0x80000864] -> 0x006F
mem[X,0x80000866] -> 0x0040
[122] [M]: 0x80000864 (0x0040006F) jal zero, 4


mem[X,0x80000868] -> 0xAC23
mem[X,0x8000086A] -> 0x0054
[123] [M]: 0x80000868 (0x0054AC23) sw t0, 24(s1)
mem[0x8004B12C] <- 0x00000003


mem[X,0x8000086C] -> 0xB537
mem[X,0x8000086E] -> 0xAAAA
[124] [M]: 0x8000086C (0xAAAAB537) lui a0, 699051
x10 <- 0xAAAAB000


mem[X,0x80000870] -> 0x0513
mem[X,0x80000872] -> 0xAAA5
[125] [M]: 0x80000870 (0xAAA50513) addi a0, a0, 2730
x10 <- 0xAAAAAAAA


mem[X,0x80000874] -> 0x0A93
mem[X,0x80000876] -> 0x0020
[126] [M]: 0x80000874 (0x00200A93) addi s5, zero, 2
x21 <- 0x00000002


mem[X,0x80000878] -> 0x0293
mem[X,0x8000087A] -> 0x0000
[127] [M]: 0x80000878 (0x00000293) addi t0, zero, 0
x5 <- 0x00000000


mem[X,0x8000087C] -> 0x006F
mem[X,0x8000087E] -> 0x00C0
[128] [M]: 0x8000087C (0x00C0006F) jal zero, 12


mem[X,0x80000888] -> 0x7063
mem[X,0x8000088A] -> 0x0555
[129] [M]: 0x80000888 (0x05557063) bgeu a0, s5, 64


mem[X,0x800008C8] -> 0x8293
mem[X,0x800008CA] -> 0x0032
[130] [M]: 0x800008C8 (0x00328293) addi t0, t0, 3
x5 <- 0x00000003


mem[X,0x800008CC] -> 0x006F
mem[X,0x800008CE] -> 0x0040
[131] [M]: 0x800008CC (0x0040006F) jal zero, 4


mem[X,0x800008D0] -> 0xAE23
mem[X,0x800008D2] -> 0x0054
[132] [M]: 0x800008D0 (0x0054AE23) sw t0, 28(s1)
mem[0x8004B130] <- 0x00000003


mem[X,0x800008D4] -> 0x0013
mem[X,0x800008D6] -> 0x0000
[133] [M]: 0x800008D4 (0x00000013) addi zero, zero, 0


mem[X,0x800008D8] -> 0x0A13
mem[X,0x800008DA] -> 0x0080
[134] [M]: 0x800008D8 (0x00800A13) addi s4, zero, 8
x20 <- 0x00000008


mem[X,0x800008DC] -> 0x0293
mem[X,0x800008DE] -> 0x0000
[135] [M]: 0x800008DC (0x00000293) addi t0, zero, 0
x5 <- 0x00000000


mem[X,0x800008E0] -> 0x006F
mem[X,0x800008E2] -> 0x0050
[136] [M]: 0x800008E0 (0x0050006F) jal zero, 2052


mem[X,0x800010E4] -> 0x70E3
mem[X,0x800010E6] -> 0x8140
[137] [M]: 0x800010E4 (0x814070E3) bgeu zero, s4, 6144


mem[X,0x800010E8] -> 0x8293
mem[X,0x800010EA] -> 0x0022
[138] [M]: 0x800010E8 (0x00228293) addi t0, t0, 2
x5 <- 0x00000002


mem[X,0x800010EC] -> 0x006F
mem[X,0x800010EE] -> 0x00C0
[139] [M]: 0x800010EC (0x00C0006F) jal zero, 12


mem[X,0x800010F8] -> 0xA023
mem[X,0x800010FA] -> 0x0254
[140] [M]: 0x800010F8 (0x0254A023) sw t0, 32(s1)
mem[0x8004B134] <- 0x00000002


mem[X,0x800010FC] -> 0x01B7
mem[X,0x800010FE] -> 0x0001
[141] [M]: 0x800010FC (0x000101B7) lui gp, 16
x3 <- 0x00010000


mem[X,0x80001100] -> 0x8193
mem[X,0x80001102] -> 0xFFF1
[142] [M]: 0x80001100 (0xFFF18193) addi gp, gp, 4095
x3 <- 0x0000FFFF


mem[X,0x80001104] -> 0x0D93
mem[X,0x80001106] -> 0x0100
[143] [M]: 0x80001104 (0x01000D93) addi s11, zero, 16
x27 <- 0x00000010


mem[X,0x80001108] -> 0x0293
mem[X,0x8000110A] -> 0x0000
[144] [M]: 0x80001108 (0x00000293) addi t0, zero, 0
x5 <- 0x00000000


mem[X,0x8000110C] -> 0x006F
mem[X,0x8000110E] -> 0x00C0
[145] [M]: 0x8000110C (0x00C0006F) jal zero, 12


mem[X,0x80001118] -> 0xFCE3
mem[X,0x8000111A] -> 0xFFB1
[146] [M]: 0x80001118 (0xFFB1FCE3) bgeu gp, s11, 8184


mem[X,0x80001110] -> 0x8293
mem[X,0x80001112] -> 0x0012
[147] [M]: 0x80001110 (0x00128293) addi t0, t0, 1
x5 <- 0x00000001


mem[X,0x80001114] -> 0x006F
mem[X,0x80001116] -> 0x0180
[148] [M]: 0x80001114 (0x0180006F) jal zero, 24


mem[X,0x8000112C] -> 0xA223
mem[X,0x8000112E] -> 0x0254
[149] [M]: 0x8000112C (0x0254A223) sw t0, 36(s1)
mem[0x8004B138] <- 0x00000001


mem[X,0x80001130] -> 0x0C93
mem[X,0x80001132] -> 0x0060
[150] [M]: 0x80001130 (0x00600C93) addi s9, zero, 6
x25 <- 0x00000006


mem[X,0x80001134] -> 0x0E13
mem[X,0x80001136] -> 0x0200
[151] [M]: 0x80001134 (0x02000E13) addi t3, zero, 32
x28 <- 0x00000020


mem[X,0x80001138] -> 0x0293
mem[X,0x8000113A] -> 0x0000
[152] [M]: 0x80001138 (0x00000293) addi t0, zero, 0
x5 <- 0x00000000


mem[X,0x8000113C] -> 0x006F
mem[X,0x8000113E] -> 0x0140
[153] [M]: 0x8000113C (0x0140006F) jal zero, 20


mem[X,0x80001150] -> 0xF8E3
mem[X,0x80001152] -> 0xFFCC
[154] [M]: 0x80001150 (0xFFCCF8E3) bgeu s9, t3, 8176


mem[X,0x80001154] -> 0x8293
mem[X,0x80001156] -> 0x0022
[155] [M]: 0x80001154 (0x00228293) addi t0, t0, 2
x5 <- 0x00000002


mem[X,0x80001158] -> 0x006F
mem[X,0x8000115A] -> 0x00C0
[156] [M]: 0x80001158 (0x00C0006F) jal zero, 12


mem[X,0x80001164] -> 0xA423
mem[X,0x80001166] -> 0x0254
[157] [M]: 0x80001164 (0x0254A423) sw t0, 40(s1)
mem[0x8004B13C] <- 0x00000002


mem[X,0x80001168] -> 0xFF37
mem[X,0x8000116A] -> 0xFFFF
[158] [M]: 0x80001168 (0xFFFFFF37) lui t5, 1048575
x30 <- 0xFFFFF000


mem[X,0x8000116C] -> 0x0F13
mem[X,0x8000116E] -> 0x7FFF
[159] [M]: 0x8000116C (0x7FFF0F13) addi t5, t5, 2047
x30 <- 0xFFFFF7FF


mem[X,0x80001170] -> 0x0013
mem[X,0x80001172] -> 0x0000
[160] [M]: 0x80001170 (0x00000013) addi zero, zero, 0


mem[X,0x80001174] -> 0x0293
mem[X,0x80001176] -> 0x0000
[161] [M]: 0x80001174 (0x00000293) addi t0, zero, 0
x5 <- 0x00000000


mem[X,0x80001178] -> 0x006F
mem[X,0x8000117A] -> 0x0140
[162] [M]: 0x80001178 (0x0140006F) jal zero, 20


mem[X,0x8000118C] -> 0x78E3
mem[X,0x8000118E] -> 0xFE0F
[163] [M]: 0x8000118C (0xFE0F78E3) bgeu t5, zero, 8176


mem[X,0x8000117C] -> 0x8293
mem[X,0x8000117E] -> 0x0012
[164] [M]: 0x8000117C (0x00128293) addi t0, t0, 1
x5 <- 0x00000001


mem[X,0x80001180] -> 0x006F
mem[X,0x80001182] -> 0x0200
[165] [M]: 0x80001180 (0x0200006F) jal zero, 32


mem[X,0x800011A0] -> 0xA623
mem[X,0x800011A2] -> 0x0254
[166] [M]: 0x800011A0 (0x0254A623) sw t0, 44(s1)
mem[0x8004B140] <- 0x00000001


mem[X,0x800011A4] -> 0x0E93
mem[X,0x800011A6] -> 0x00D0
[167] [M]: 0x800011A4 (0x00D00E93) addi t4, zero, 13
x29 <- 0x0000000D


mem[X,0x800011A8] -> 0x0B93
mem[X,0x800011AA] -> 0x0800
[168] [M]: 0x800011A8 (0x08000B93) addi s7, zero, 128
x23 <- 0x00000080


mem[X,0x800011AC] -> 0x0293
mem[X,0x800011AE] -> 0x0000
[169] [M]: 0x800011AC (0x00000293) addi t0, zero, 0
x5 <- 0x00000000


mem[X,0x800011B0] -> 0x006F
mem[X,0x800011B2] -> 0x00C0
[170] [M]: 0x800011B0 (0x00C0006F) jal zero, 12


mem[X,0x800011BC] -> 0xF063
mem[X,0x800011BE] -> 0x217E
[171] [M]: 0x800011BC (0x217EF063) bgeu t4, s7, 512


mem[X,0x800011C0] -> 0x8293
mem[X,0x800011C2] -> 0x0022
[172] [M]: 0x800011C0 (0x00228293) addi t0, t0, 2
x5 <- 0x00000002


mem[X,0x800011C4] -> 0x006F
mem[X,0x800011C6] -> 0x2000
[173] [M]: 0x800011C4 (0x2000006F) jal zero, 512


mem[X,0x800013C4] -> 0xA823
mem[X,0x800013C6] -> 0x0254
[174] [M]: 0x800013C4 (0x0254A823) sw t0, 48(s1)
mem[0x8004B144] <- 0x00000002


mem[X,0x800013C8] -> 0x0613
mem[X,0x800013CA] -> 0xF7F0
[175] [M]: 0x800013C8 (0xF7F00613) addi a2, zero, 3967
x12 <- 0xFFFFFF7F


mem[X,0x800013CC] -> 0x0413
mem[X,0x800013CE] -> 0x1000
[176] [M]: 0x800013CC (0x10000413) addi fp, zero, 256
x8 <- 0x00000100


mem[X,0x800013D0] -> 0x0293
mem[X,0x800013D2] -> 0x0000
[177] [M]: 0x800013D0 (0x00000293) addi t0, zero, 0
x5 <- 0x00000000


mem[X,0x800013D4] -> 0x006F
mem[X,0x800013D6] -> 0x00C0
[178] [M]: 0x800013D4 (0x00C0006F) jal zero, 12


mem[X,0x800013E0] -> 0x7063
mem[X,0x800013E2] -> 0x2086
[179] [M]: 0x800013E0 (0x20867063) bgeu a2, fp, 512


mem[X,0x800015E0] -> 0x8293
mem[X,0x800015E2] -> 0x0032
[180] [M]: 0x800015E0 (0x00328293) addi t0, t0, 3
x5 <- 0x00000003


mem[X,0x800015E4] -> 0x006F
mem[X,0x800015E6] -> 0x0040
[181] [M]: 0x800015E4 (0x0040006F) jal zero, 4


mem[X,0x800015E8] -> 0xAA23
mem[X,0x800015EA] -> 0x0254
[182] [M]: 0x800015E8 (0x0254AA23) sw t0, 52(s1)
mem[0x8004B148] <- 0x00000003


mem[X,0x800015EC] -> 0xBB37
mem[X,0x800015EE] -> 0x0000
[183] [M]: 0x800015EC (0x0000BB37) lui s6, 11
x22 <- 0x0000B000


mem[X,0x800015F0] -> 0x0B13
mem[X,0x800015F2] -> 0x504B
[184] [M]: 0x800015F0 (0x504B0B13) addi s6, s6, 1284
x22 <- 0x0000B504


mem[X,0x800015F4] -> 0x0393
mem[X,0x800015F6] -> 0x2000
[185] [M]: 0x800015F4 (0x20000393) addi t2, zero, 512
x7 <- 0x00000200


mem[X,0x800015F8] -> 0x0293
mem[X,0x800015FA] -> 0x0000
[186] [M]: 0x800015F8 (0x00000293) addi t0, zero, 0
x5 <- 0x00000000


mem[X,0x800015FC] -> 0x006F
mem[X,0x800015FE] -> 0x00C0
[187] [M]: 0x800015FC (0x00C0006F) jal zero, 12


mem[X,0x80001608] -> 0x7663
mem[X,0x8000160A] -> 0x007B
[188] [M]: 0x80001608 (0x007B7663) bgeu s6, t2, 12


mem[X,0x80001614] -> 0x8293
mem[X,0x80001616] -> 0x0032
[189] [M]: 0x80001614 (0x00328293) addi t0, t0, 3
x5 <- 0x00000003


mem[X,0x80001618] -> 0x006F
mem[X,0x8000161A] -> 0x0040
[190] [M]: 0x80001618 (0x0040006F) jal zero, 4


mem[X,0x8000161C] -> 0xAC23
mem[X,0x8000161E] -> 0x0254
[191] [M]: 0x8000161C (0x0254AC23) sw t0, 56(s1)
mem[0x8004B14C] <- 0x00000003


mem[X,0x80001620] -> 0x4C37
mem[X,0x80001622] -> 0x0000
[192] [M]: 0x80001620 (0x00004C37) lui s8, 4
x24 <- 0x00004000


mem[X,0x80001624] -> 0x0D13
mem[X,0x80001626] -> 0x4000
[193] [M]: 0x80001624 (0x40000D13) addi s10, zero, 1024
x26 <- 0x00000400


mem[X,0x80001628] -> 0x0293
mem[X,0x8000162A] -> 0x0000
[194] [M]: 0x80001628 (0x00000293) addi t0, zero, 0
x5 <- 0x00000000


mem[X,0x8000162C] -> 0x006F
mem[X,0x8000162E] -> 0x00C0
[195] [M]: 0x8000162C (0x00C0006F) jal zero, 12


mem[X,0x80001638] -> 0x7063
mem[X,0x8000163A] -> 0x05AC
[196] [M]: 0x80001638 (0x05AC7063) bgeu s8, s10, 64


mem[X,0x80001678] -> 0x8293
mem[X,0x8000167A] -> 0x0032
[197] [M]: 0x80001678 (0x00328293) addi t0, t0, 3
x5 <- 0x00000003


mem[X,0x8000167C] -> 0x006F
mem[X,0x8000167E] -> 0x0040
[198] [M]: 0x8000167C (0x0040006F) jal zero, 4


mem[X,0x80001680] -> 0xAE23
mem[X,0x80001682] -> 0x0254
[199] [M]: 0x80001680 (0x0254AE23) sw t0, 60(s1)
mem[0x8004B150] <- 0x00000003


clint::tick mtime <- 0x0000000000000002
 clint timer pending at mtime 0x0000000000000002
htif::tick 0x0000000000000000
mem[X,0x80001684] -> 0x0337
mem[X,0x80001686] -> 0x0008
[200] [M]: 0x80001684 (0x00080337) lui t1, 128
x6 <- 0x00080000


mem[X,0x80001688] -> 0x1B37
mem[X,0x8000168A] -> 0x0000
[201] [M]: 0x80001688 (0x00001B37) lui s6, 1
x22 <- 0x00001000


mem[X,0x8000168C] -> 0x0B13
mem[X,0x8000168E] -> 0x800B
[202] [M]: 0x8000168C (0x800B0B13) addi s6, s6, 2048
x22 <- 0x00000800


mem[X,0x80001690] -> 0x0293
mem[X,0x80001692] -> 0x0000
[203] [M]: 0x80001690 (0x00000293) addi t0, zero, 0
x5 <- 0x00000000


mem[X,0x80001694] -> 0x006F
mem[X,0x80001696] -> 0x00C0
[204] [M]: 0x80001694 (0x00C0006F) jal zero, 12


mem[X,0x800016A0] -> 0x7063
mem[X,0x800016A2] -> 0x0563
[205] [M]: 0x800016A0 (0x05637063) bgeu t1, s6, 64


mem[X,0x800016E0] -> 0x8293
mem[X,0x800016E2] -> 0x0032
[206] [M]: 0x800016E0 (0x00328293) addi t0, t0, 3
x5 <- 0x00000003


mem[X,0x800016E4] -> 0x006F
mem[X,0x800016E6] -> 0x0040
[207] [M]: 0x800016E4 (0x0040006F) jal zero, 4


mem[X,0x800016E8] -> 0xA023
mem[X,0x800016EA] -> 0x0454
[208] [M]: 0x800016E8 (0x0454A023) sw t0, 64(s1)
mem[0x8004B154] <- 0x00000003


mem[X,0x800016EC] -> 0x0213
mem[X,0x800016EE] -> 0x0080
[209] [M]: 0x800016EC (0x00800213) addi tp, zero, 8
x4 <- 0x00000008


mem[X,0x800016F0] -> 0x1937
mem[X,0x800016F2] -> 0x0000
[210] [M]: 0x800016F0 (0x00001937) lui s2, 1
x18 <- 0x00001000


mem[X,0x800016F4] -> 0x0293
mem[X,0x800016F6] -> 0x0000
[211] [M]: 0x800016F4 (0x00000293) addi t0, zero, 0
x5 <- 0x00000000


mem[X,0x800016F8] -> 0x006F
mem[X,0x800016FA] -> 0x00C0
[212] [M]: 0x800016F8 (0x00C0006F) jal zero, 12


mem[X,0x80001704] -> 0x7CE3
mem[X,0x80001706] -> 0xFF22
[213] [M]: 0x80001704 (0xFF227CE3) bgeu tp, s2, 8184


mem[X,0x80001708] -> 0x8293
mem[X,0x8000170A] -> 0x0022
[214] [M]: 0x80001708 (0x00228293) addi t0, t0, 2
x5 <- 0x00000002


mem[X,0x8000170C] -> 0x006F
mem[X,0x8000170E] -> 0x00C0
[215] [M]: 0x8000170C (0x00C0006F) jal zero, 12


mem[X,0x80001718] -> 0xA223
mem[X,0x8000171A] -> 0x0454
[216] [M]: 0x80001718 (0x0454A223) sw t0, 68(s1)
mem[0x8004B158] <- 0x00000002


mem[X,0x8000171C] -> 0xB0B7
mem[X,0x8000171E] -> 0x0000
[217] [M]: 0x8000171C (0x0000B0B7) lui ra, 11
x1 <- 0x0000B000


mem[X,0x80001720] -> 0x8093
mem[X,0x80001722] -> 0x5050
[218] [M]: 0x80001720 (0x50508093) addi ra, ra, 1285
x1 <- 0x0000B505


mem[X,0x80001724] -> 0x2F37
mem[X,0x80001726] -> 0x0000
[219] [M]: 0x80001724 (0x00002F37) lui t5, 2
x30 <- 0x00002000


mem[X,0x80001728] -> 0x0293
mem[X,0x8000172A] -> 0x0000
[220] [M]: 0x80001728 (0x00000293) addi t0, zero, 0
x5 <- 0x00000000


mem[X,0x8000172C] -> 0x006F
mem[X,0x8000172E] -> 0x00C0
[221] [M]: 0x8000172C (0x00C0006F) jal zero, 12


mem[X,0x80001738] -> 0xFCE3
mem[X,0x8000173A] -> 0xFFE0
[222] [M]: 0x80001738 (0xFFE0FCE3) bgeu ra, t5, 8184


mem[X,0x80001730] -> 0x8293
mem[X,0x80001732] -> 0x0012
[223] [M]: 0x80001730 (0x00128293) addi t0, t0, 1
x5 <- 0x00000001


mem[X,0x80001734] -> 0x006F
mem[X,0x80001736] -> 0x0180
[224] [M]: 0x80001734 (0x0180006F) jal zero, 24


mem[X,0x8000174C] -> 0xA423
mem[X,0x8000174E] -> 0x0454
[225] [M]: 0x8000174C (0x0454A423) sw t0, 72(s1)
mem[0x8004B15C] <- 0x00000001


mem[X,0x80001750] -> 0xB2B7
mem[X,0x80001752] -> 0xAAAA
[226] [M]: 0x80001750 (0xAAAAB2B7) lui t0, 699051
x5 <- 0xAAAAB000


mem[X,0x80001754] -> 0x8293
mem[X,0x80001756] -> 0xAAA2
[227] [M]: 0x80001754 (0xAAA28293) addi t0, t0, 2730
x5 <- 0xAAAAAAAA


mem[X,0x80001758] -> 0x4637
mem[X,0x8000175A] -> 0x0000
[228] [M]: 0x80001758 (0x00004637) lui a2, 4
x12 <- 0x00004000


mem[X,0x8000175C] -> 0x0193
mem[X,0x8000175E] -> 0x0000
[229] [M]: 0x8000175C (0x00000193) addi gp, zero, 0
x3 <- 0x00000000


mem[X,0x80001760] -> 0x006F
mem[X,0x80001762] -> 0x0100
[230] [M]: 0x80001760 (0x0100006F) jal zero, 16


mem[X,0x80001770] -> 0xFAE3
mem[X,0x80001772] -> 0xFEC2
[231] [M]: 0x80001770 (0xFEC2FAE3) bgeu t0, a2, 8180


mem[X,0x80001764] -> 0x8193
mem[X,0x80001766] -> 0x0011
[232] [M]: 0x80001764 (0x00118193) addi gp, gp, 1
x3 <- 0x00000001


mem[X,0x80001768] -> 0x006F
mem[X,0x8000176A] -> 0x01C0
[233] [M]: 0x80001768 (0x01C0006F) jal zero, 28


mem[X,0x80001784] -> 0xA623
mem[X,0x80001786] -> 0x0434
[234] [M]: 0x80001784 (0x0434A623) sw gp, 76(s1)
mem[0x8004B160] <- 0x00000001


mem[X,0x80001788] -> 0x0013
mem[X,0x8000178A] -> 0x0000
[235] [M]: 0x80001788 (0x00000013) addi zero, zero, 0


mem[X,0x8000178C] -> 0x0013
mem[X,0x8000178E] -> 0x0000
[236] [M]: 0x8000178C (0x00000013) addi zero, zero, 0


mem[X,0x80001790] -> 0x0013
mem[X,0x80001792] -> 0x0000
[237] [M]: 0x80001790 (0x00000013) addi zero, zero, 0


mem[X,0x80001794] -> 0x0013
mem[X,0x80001796] -> 0x0000
[238] [M]: 0x80001794 (0x00000013) addi zero, zero, 0


mem[X,0x80001798] -> 0x0013
mem[X,0x8000179A] -> 0x0000
[239] [M]: 0x80001798 (0x00000013) addi zero, zero, 0


mem[X,0x8000179C] -> 0x0013
mem[X,0x8000179E] -> 0x0000
[240] [M]: 0x8000179C (0x00000013) addi zero, zero, 0


mem[X,0x800017A0] -> 0xA117
mem[X,0x800017A2] -> 0x0004
[241] [M]: 0x800017A0 (0x0004A117) auipc sp, 74
x2 <- 0x8004B7A0


mem[X,0x800017A4] -> 0x0113
mem[X,0x800017A6] -> 0x9C41
[242] [M]: 0x800017A4 (0x9C410113) addi sp, sp, 2500
x2 <- 0x8004B164


mem[X,0x800017A8] -> 0x0013
mem[X,0x800017AA] -> 0x0000
[243] [M]: 0x800017A8 (0x00000013) addi zero, zero, 0


mem[X,0x800017AC] -> 0x0013
mem[X,0x800017AE] -> 0x0000
[244] [M]: 0x800017AC (0x00000013) addi zero, zero, 0


mem[X,0x800017B0] -> 0x0013
mem[X,0x800017B2] -> 0x0000
[245] [M]: 0x800017B0 (0x00000013) addi zero, zero, 0


mem[X,0x800017B4] -> 0x0013
mem[X,0x800017B6] -> 0x0000
[246] [M]: 0x800017B4 (0x00000013) addi zero, zero, 0


mem[X,0x800017B8] -> 0x0013
mem[X,0x800017BA] -> 0x0000
[247] [M]: 0x800017B8 (0x00000013) addi zero, zero, 0


mem[X,0x800017BC] -> 0x0013
mem[X,0x800017BE] -> 0x0000
[248] [M]: 0x800017BC (0x00000013) addi zero, zero, 0


mem[X,0x800017C0] -> 0x0837
mem[X,0x800017C2] -> 0x0200
[249] [M]: 0x800017C0 (0x02000837) lui a6, 8192
x16 <- 0x02000000


mem[X,0x800017C4] -> 0x80B7
mem[X,0x800017C6] -> 0x0000
[250] [M]: 0x800017C4 (0x000080B7) lui ra, 8
x1 <- 0x00008000


mem[X,0x800017C8] -> 0x0193
mem[X,0x800017CA] -> 0x0000
[251] [M]: 0x800017C8 (0x00000193) addi gp, zero, 0
x3 <- 0x00000000


mem[X,0x800017CC] -> 0x006F
mem[X,0x800017CE] -> 0x00C0
[252] [M]: 0x800017CC (0x00C0006F) jal zero, 12


mem[X,0x800017D8] -> 0x7CE3
mem[X,0x800017DA] -> 0xFE18
[253] [M]: 0x800017D8 (0xFE187CE3) bgeu a6, ra, 8184


mem[X,0x800017D0] -> 0x8193
mem[X,0x800017D2] -> 0x0011
[254] [M]: 0x800017D0 (0x00118193) addi gp, gp, 1
x3 <- 0x00000001


mem[X,0x800017D4] -> 0x006F
mem[X,0x800017D6] -> 0x0180
[255] [M]: 0x800017D4 (0x0180006F) jal zero, 24


mem[X,0x800017EC] -> 0x2023
mem[X,0x800017EE] -> 0x0031
[256] [M]: 0x800017EC (0x00312023) sw gp, 0(sp)
mem[0x8004B164] <- 0x00000001


mem[X,0x800017F0] -> 0xFD37
mem[X,0x800017F2] -> 0xFFFF
[257] [M]: 0x800017F0 (0xFFFFFD37) lui s10, 1048575
x26 <- 0xFFFFF000


mem[X,0x800017F4] -> 0x0D13
mem[X,0x800017F6] -> 0x7FFD
[258] [M]: 0x800017F4 (0x7FFD0D13) addi s10, s10, 2047
x26 <- 0xFFFFF7FF


mem[X,0x800017F8] -> 0x0FB7
mem[X,0x800017FA] -> 0x0001
[259] [M]: 0x800017F8 (0x00010FB7) lui t6, 16
x31 <- 0x00010000


mem[X,0x800017FC] -> 0x0193
mem[X,0x800017FE] -> 0x0000
[260] [M]: 0x800017FC (0x00000193) addi gp, zero, 0
x3 <- 0x00000000


mem[X,0x80001800] -> 0x006F
mem[X,0x80001802] -> 0x00C0
[261] [M]: 0x80001800 (0x00C0006F) jal zero, 12


mem[X,0x8000180C] -> 0x7663
mem[X,0x8000180E] -> 0x01FD
[262] [M]: 0x8000180C (0x01FD7663) bgeu s10, t6, 12


mem[X,0x80001818] -> 0x8193
mem[X,0x8000181A] -> 0x0031
[263] [M]: 0x80001818 (0x00318193) addi gp, gp, 3
x3 <- 0x00000003


mem[X,0x8000181C] -> 0x006F
mem[X,0x8000181E] -> 0x0040
[264] [M]: 0x8000181C (0x0040006F) jal zero, 4


mem[X,0x80001820] -> 0x2223
mem[X,0x80001822] -> 0x0031
[265] [M]: 0x80001820 (0x00312223) sw gp, 4(sp)
mem[0x8004B168] <- 0x00000003


mem[X,0x80001824] -> 0x0E37
mem[X,0x80001826] -> 0xC000
[266] [M]: 0x80001824 (0xC0000E37) lui t3, 786432
x28 <- 0xC0000000


mem[X,0x80001828] -> 0x0E13
mem[X,0x8000182A] -> 0xFFFE
[267] [M]: 0x80001828 (0xFFFE0E13) addi t3, t3, 4095
x28 <- 0xBFFFFFFF


mem[X,0x8000182C] -> 0x0537
mem[X,0x8000182E] -> 0x0002
[268] [M]: 0x8000182C (0x00020537) lui a0, 32
x10 <- 0x00020000


mem[X,0x80001830] -> 0x0193
mem[X,0x80001832] -> 0x0000
[269] [M]: 0x80001830 (0x00000193) addi gp, zero, 0
x3 <- 0x00000000


mem[X,0x80001834] -> 0x006F
mem[X,0x80001836] -> 0x0100
[270] [M]: 0x80001834 (0x0100006F) jal zero, 16


mem[X,0x80001844] -> 0x7AE3
mem[X,0x80001846] -> 0xFEAE
[271] [M]: 0x80001844 (0xFEAE7AE3) bgeu t3, a0, 8180


mem[X,0x80001838] -> 0x8193
mem[X,0x8000183A] -> 0x0011
[272] [M]: 0x80001838 (0x00118193) addi gp, gp, 1
x3 <- 0x00000001


mem[X,0x8000183C] -> 0x006F
mem[X,0x8000183E] -> 0x01C0
[273] [M]: 0x8000183C (0x01C0006F) jal zero, 28


mem[X,0x80001858] -> 0x2423
mem[X,0x8000185A] -> 0x0031
[274] [M]: 0x80001858 (0x00312423) sw gp, 8(sp)
mem[0x8004B16C] <- 0x00000001


mem[X,0x8000185C] -> 0x04B7
mem[X,0x8000185E] -> 0xFE00
[275] [M]: 0x8000185C (0xFE0004B7) lui s1, 1040384
x9 <- 0xFE000000


mem[X,0x80001860] -> 0x8493
mem[X,0x80001862] -> 0xFFF4
[276] [M]: 0x80001860 (0xFFF48493) addi s1, s1, 4095
x9 <- 0xFDFFFFFF


mem[X,0x80001864] -> 0x0C37
mem[X,0x80001866] -> 0x0004
[277] [M]: 0x80001864 (0x00040C37) lui s8, 64
x24 <- 0x00040000


mem[X,0x80001868] -> 0x0193
mem[X,0x8000186A] -> 0x0000
[278] [M]: 0x80001868 (0x00000193) addi gp, zero, 0
x3 <- 0x00000000


mem[X,0x8000186C] -> 0x006F
mem[X,0x8000186E] -> 0x00C0
[279] [M]: 0x8000186C (0x00C0006F) jal zero, 12


mem[X,0x80001878] -> 0xF063
mem[X,0x8000187A] -> 0x2184
[280] [M]: 0x80001878 (0x2184F063) bgeu s1, s8, 512


mem[X,0x80001A78] -> 0x8193
mem[X,0x80001A7A] -> 0x0031
[281] [M]: 0x80001A78 (0x00318193) addi gp, gp, 3
x3 <- 0x00000003


mem[X,0x80001A7C] -> 0x006F
mem[X,0x80001A7E] -> 0x0040
[282] [M]: 0x80001A7C (0x0040006F) jal zero, 4


mem[X,0x80001A80] -> 0x2623
mem[X,0x80001A82] -> 0x0031
[283] [M]: 0x80001A80 (0x00312623) sw gp, 12(sp)
mem[0x8004B170] <- 0x00000003


mem[X,0x80001A84] -> 0x0793
mem[X,0x80001A86] -> 0x0000
[284] [M]: 0x80001A84 (0x00000793) addi a5, zero, 0
x15 <- 0x00000000


mem[X,0x80001A88] -> 0x02B7
mem[X,0x80001A8A] -> 0x0008
[285] [M]: 0x80001A88 (0x000802B7) lui t0, 128
x5 <- 0x00080000


mem[X,0x80001A8C] -> 0x0193
mem[X,0x80001A8E] -> 0x0000
[286] [M]: 0x80001A8C (0x00000193) addi gp, zero, 0
x3 <- 0x00000000


mem[X,0x80001A90] -> 0x006F
mem[X,0x80001A92] -> 0x0050
[287] [M]: 0x80001A90 (0x0050006F) jal zero, 2052


mem[X,0x80002294] -> 0xF0E3
mem[X,0x80002296] -> 0x8057
[288] [M]: 0x80002294 (0x8057F0E3) bgeu a5, t0, 6144


mem[X,0x80002298] -> 0x8193
mem[X,0x8000229A] -> 0x0021
[289] [M]: 0x80002298 (0x00218193) addi gp, gp, 2
x3 <- 0x00000002


mem[X,0x8000229C] -> 0x006F
mem[X,0x8000229E] -> 0x00C0
[290] [M]: 0x8000229C (0x00C0006F) jal zero, 12


mem[X,0x800022A8] -> 0x2823
mem[X,0x800022AA] -> 0x0031
[291] [M]: 0x800022A8 (0x00312823) sw gp, 16(sp)
mem[0x8004B174] <- 0x00000002


mem[X,0x800022AC] -> 0x5937
mem[X,0x800022AE] -> 0x5555
[292] [M]: 0x800022AC (0x55555937) lui s2, 349525
x18 <- 0x55555000


mem[X,0x800022B0] -> 0x0913
mem[X,0x800022B2] -> 0x5569
[293] [M]: 0x800022B0 (0x55690913) addi s2, s2, 1366
x18 <- 0x55555556


mem[X,0x800022B4] -> 0x0737
mem[X,0x800022B6] -> 0x0010
[294] [M]: 0x800022B4 (0x00100737) lui a4, 256
x14 <- 0x00100000


mem[X,0x800022B8] -> 0x0193
mem[X,0x800022BA] -> 0x0000
[295] [M]: 0x800022B8 (0x00000193) addi gp, zero, 0
x3 <- 0x00000000


mem[X,0x800022BC] -> 0x006F
mem[X,0x800022BE] -> 0x00C0
[296] [M]: 0x800022BC (0x00C0006F) jal zero, 12


mem[X,0x800022C8] -> 0x7063
mem[X,0x800022CA] -> 0x02E9
[297] [M]: 0x800022C8 (0x02E97063) bgeu s2, a4, 32


mem[X,0x800022E8] -> 0x8193
mem[X,0x800022EA] -> 0x0031
[298] [M]: 0x800022E8 (0x00318193) addi gp, gp, 3
x3 <- 0x00000003


mem[X,0x800022EC] -> 0x006F
mem[X,0x800022EE] -> 0x0040
[299] [M]: 0x800022EC (0x0040006F) jal zero, 4


clint::tick mtime <- 0x0000000000000003
 clint timer pending at mtime 0x0000000000000003
htif::tick 0x0000000000000000
mem[X,0x800022F0] -> 0x2A23
mem[X,0x800022F2] -> 0x0031
[300] [M]: 0x800022F0 (0x00312A23) sw gp, 20(sp)
mem[0x8004B178] <- 0x00000003


mem[X,0x800022F4] -> 0x0893
mem[X,0x800022F6] -> 0x0010
[301] [M]: 0x800022F4 (0x00100893) addi a7, zero, 1
x17 <- 0x00000001


mem[X,0x800022F8] -> 0x07B7
mem[X,0x800022FA] -> 0x0020
[302] [M]: 0x800022F8 (0x002007B7) lui a5, 512
x15 <- 0x00200000


mem[X,0x800022FC] -> 0x0193
mem[X,0x800022FE] -> 0x0000
[303] [M]: 0x800022FC (0x00000193) addi gp, zero, 0
x3 <- 0x00000000


mem[X,0x80002300] -> 0x006F
mem[X,0x80002302] -> 0x00C0
[304] [M]: 0x80002300 (0x00C0006F) jal zero, 12


mem[X,0x8000230C] -> 0xF063
mem[X,0x8000230E] -> 0x04F8
[305] [M]: 0x8000230C (0x04F8F063) bgeu a7, a5, 64


mem[X,0x80002310] -> 0x8193
mem[X,0x80002312] -> 0x0021
[306] [M]: 0x80002310 (0x00218193) addi gp, gp, 2
x3 <- 0x00000002


mem[X,0x80002314] -> 0x006F
mem[X,0x80002316] -> 0x0400
[307] [M]: 0x80002314 (0x0400006F) jal zero, 64


mem[X,0x80002354] -> 0x2C23
mem[X,0x80002356] -> 0x0031
[308] [M]: 0x80002354 (0x00312C23) sw gp, 24(sp)
mem[0x8004B17C] <- 0x00000002


mem[X,0x80002358] -> 0xFA37
mem[X,0x8000235A] -> 0xFFFF
[309] [M]: 0x80002358 (0xFFFFFA37) lui s4, 1048575
x20 <- 0xFFFFF000


mem[X,0x8000235C] -> 0x0A13
mem[X,0x8000235E] -> 0x7FFA
[310] [M]: 0x8000235C (0x7FFA0A13) addi s4, s4, 2047
x20 <- 0xFFFFF7FF


mem[X,0x80002360] -> 0x08B7
mem[X,0x80002362] -> 0x0040
[311] [M]: 0x80002360 (0x004008B7) lui a7, 1024
x17 <- 0x00400000


mem[X,0x80002364] -> 0x0193
mem[X,0x80002366] -> 0x0000
[312] [M]: 0x80002364 (0x00000193) addi gp, zero, 0
x3 <- 0x00000000


mem[X,0x80002368] -> 0x006F
mem[X,0x8000236A] -> 0x0050
[313] [M]: 0x80002368 (0x0050006F) jal zero, 2052


mem[X,0x80002B6C] -> 0x70E3
mem[X,0x80002B6E] -> 0x811A
[314] [M]: 0x80002B6C (0x811A70E3) bgeu s4, a7, 6144


mem[X,0x8000236C] -> 0x8193
mem[X,0x8000236E] -> 0x0011
[315] [M]: 0x8000236C (0x00118193) addi gp, gp, 1
x3 <- 0x00000001


mem[X,0x80002370] -> 0x006F
mem[X,0x80002372] -> 0x0110
[316] [M]: 0x80002370 (0x0110006F) jal zero, 2064


mem[X,0x80002B80] -> 0x2E23
mem[X,0x80002B82] -> 0x0031
[317] [M]: 0x80002B80 (0x00312E23) sw gp, 28(sp)
mem[0x8004B180] <- 0x00000001


mem[X,0x80002B84] -> 0x4BB7
mem[X,0x80002B86] -> 0x0000
[318] [M]: 0x80002B84 (0x00004BB7) lui s7, 4
x23 <- 0x00004000


mem[X,0x80002B88] -> 0x05B7
mem[X,0x80002B8A] -> 0x0080
[319] [M]: 0x80002B88 (0x008005B7) lui a1, 2048
x11 <- 0x00800000


mem[X,0x80002B8C] -> 0x0193
mem[X,0x80002B8E] -> 0x0000
[320] [M]: 0x80002B8C (0x00000193) addi gp, zero, 0
x3 <- 0x00000000


mem[X,0x80002B90] -> 0x006F
mem[X,0x80002B92] -> 0x00C0
[321] [M]: 0x80002B90 (0x00C0006F) jal zero, 12


mem[X,0x80002B9C] -> 0xF063
mem[X,0x80002B9E] -> 0x20BB
[322] [M]: 0x80002B9C (0x20BBF063) bgeu s7, a1, 512


mem[X,0x80002BA0] -> 0x8193
mem[X,0x80002BA2] -> 0x0021
[323] [M]: 0x80002BA0 (0x00218193) addi gp, gp, 2
x3 <- 0x00000002


mem[X,0x80002BA4] -> 0x006F
mem[X,0x80002BA6] -> 0x2000
[324] [M]: 0x80002BA4 (0x2000006F) jal zero, 512


mem[X,0x80002DA4] -> 0x2023
mem[X,0x80002DA6] -> 0x0231
[325] [M]: 0x80002DA4 (0x02312023) sw gp, 32(sp)
mem[0x8004B184] <- 0x00000002


mem[X,0x80002DA8] -> 0x0693
mem[X,0x80002DAA] -> 0xBFF0
[326] [M]: 0x80002DA8 (0xBFF00693) addi a3, zero, 3071
x13 <- 0xFFFFFBFF


mem[X,0x80002DAC] -> 0x0237
mem[X,0x80002DAE] -> 0x0100
[327] [M]: 0x80002DAC (0x01000237) lui tp, 4096
x4 <- 0x01000000


mem[X,0x80002DB0] -> 0x0193
mem[X,0x80002DB2] -> 0x0000
[328] [M]: 0x80002DB0 (0x00000193) addi gp, zero, 0
x3 <- 0x00000000


mem[X,0x80002DB4] -> 0x006F
mem[X,0x80002DB6] -> 0x00C0
[329] [M]: 0x80002DB4 (0x00C0006F) jal zero, 12


mem[X,0x80002DC0] -> 0xF663
mem[X,0x80002DC2] -> 0x0046
[330] [M]: 0x80002DC0 (0x0046F663) bgeu a3, tp, 12


mem[X,0x80002DCC] -> 0x8193
mem[X,0x80002DCE] -> 0x0031
[331] [M]: 0x80002DCC (0x00318193) addi gp, gp, 3
x3 <- 0x00000003


mem[X,0x80002DD0] -> 0x006F
mem[X,0x80002DD2] -> 0x0040
[332] [M]: 0x80002DD0 (0x0040006F) jal zero, 4


mem[X,0x80002DD4] -> 0x2223
mem[X,0x80002DD6] -> 0x0231
[333] [M]: 0x80002DD4 (0x02312223) sw gp, 36(sp)
mem[0x8004B188] <- 0x00000003


mem[X,0x80002DD8] -> 0x0993
mem[X,0x80002DDA] -> 0x0800
[334] [M]: 0x80002DD8 (0x08000993) addi s3, zero, 128
x19 <- 0x00000080


mem[X,0x80002DDC] -> 0x0337
mem[X,0x80002DDE] -> 0x0200
[335] [M]: 0x80002DDC (0x02000337) lui t1, 8192
x6 <- 0x02000000


mem[X,0x80002DE0] -> 0x0193
mem[X,0x80002DE2] -> 0x0000
[336] [M]: 0x80002DE0 (0x00000193) addi gp, zero, 0
x3 <- 0x00000000


mem[X,0x80002DE4] -> 0x006F
mem[X,0x80002DE6] -> 0x0050
[337] [M]: 0x80002DE4 (0x0050006F) jal zero, 2052


mem[X,0x800035E8] -> 0xF0E3
mem[X,0x800035EA] -> 0x8069
[338] [M]: 0x800035E8 (0x8069F0E3) bgeu s3, t1, 6144


mem[X,0x800035EC] -> 0x8193
mem[X,0x800035EE] -> 0x0021
[339] [M]: 0x800035EC (0x00218193) addi gp, gp, 2
x3 <- 0x00000002


mem[X,0x800035F0] -> 0x006F
mem[X,0x800035F2] -> 0x00C0
[340] [M]: 0x800035F0 (0x00C0006F) jal zero, 12


mem[X,0x800035FC] -> 0x2423
mem[X,0x800035FE] -> 0x0231
[341] [M]: 0x800035FC (0x02312423) sw gp, 40(sp)
mem[0x8004B18C] <- 0x00000002


mem[X,0x80003600] -> 0x0413
mem[X,0x80003602] -> 0x0030
[342] [M]: 0x80003600 (0x00300413) addi fp, zero, 3
x8 <- 0x00000003


mem[X,0x80003604] -> 0x04B7
mem[X,0x80003606] -> 0x0400
[343] [M]: 0x80003604 (0x040004B7) lui s1, 16384
x9 <- 0x04000000


mem[X,0x80003608] -> 0x0193
mem[X,0x8000360A] -> 0x0000
[344] [M]: 0x80003608 (0x00000193) addi gp, zero, 0
x3 <- 0x00000000


mem[X,0x8000360C] -> 0x006F
mem[X,0x8000360E] -> 0x00C0
[345] [M]: 0x8000360C (0x00C0006F) jal zero, 12


mem[X,0x80003618] -> 0x7CE3
mem[X,0x8000361A] -> 0xFE94
[346] [M]: 0x80003618 (0xFE947CE3) bgeu fp, s1, 8184


mem[X,0x8000361C] -> 0x8193
mem[X,0x8000361E] -> 0x0021
[347] [M]: 0x8000361C (0x00218193) addi gp, gp, 2
x3 <- 0x00000002


mem[X,0x80003620] -> 0x006F
mem[X,0x80003622] -> 0x00C0
[348] [M]: 0x80003620 (0x00C0006F) jal zero, 12


mem[X,0x8000362C] -> 0x2623
mem[X,0x8000362E] -> 0x0231
[349] [M]: 0x8000362C (0x02312623) sw gp, 44(sp)
mem[0x8004B190] <- 0x00000002


mem[X,0x80003630] -> 0x8537
mem[X,0x80003632] -> 0xFFFF
[350] [M]: 0x80003630 (0xFFFF8537) lui a0, 1048568
x10 <- 0xFFFF8000


mem[X,0x80003634] -> 0x0513
mem[X,0x80003636] -> 0xFFF5
[351] [M]: 0x80003634 (0xFFF50513) addi a0, a0, 4095
x10 <- 0xFFFF7FFF


mem[X,0x80003638] -> 0x05B7
mem[X,0x8000363A] -> 0x0800
[352] [M]: 0x80003638 (0x080005B7) lui a1, 32768
x11 <- 0x08000000


mem[X,0x8000363C] -> 0x0193
mem[X,0x8000363E] -> 0x0000
[353] [M]: 0x8000363C (0x00000193) addi gp, zero, 0
x3 <- 0x00000000


mem[X,0x80003640] -> 0x006F
mem[X,0x80003642] -> 0x00C0
[354] [M]: 0x80003640 (0x00C0006F) jal zero, 12


mem[X,0x8000364C] -> 0x7CE3
mem[X,0x8000364E] -> 0xFEB5
[355] [M]: 0x8000364C (0xFEB57CE3) bgeu a0, a1, 8184


mem[X,0x80003644] -> 0x8193
mem[X,0x80003646] -> 0x0011
[356] [M]: 0x80003644 (0x00118193) addi gp, gp, 1
x3 <- 0x00000001


mem[X,0x80003648] -> 0x006F
mem[X,0x8000364A] -> 0x0180
[357] [M]: 0x80003648 (0x0180006F) jal zero, 24


mem[X,0x80003660] -> 0x2823
mem[X,0x80003662] -> 0x0231
[358] [M]: 0x80003660 (0x02312823) sw gp, 48(sp)
mem[0x8004B194] <- 0x00000001


mem[X,0x80003664] -> 0x5537
mem[X,0x80003666] -> 0x5555
[359] [M]: 0x80003664 (0x55555537) lui a0, 349525
x10 <- 0x55555000


mem[X,0x80003668] -> 0x0513
mem[X,0x8000366A] -> 0x5565
[360] [M]: 0x80003668 (0x55650513) addi a0, a0, 1366
x10 <- 0x55555556


mem[X,0x8000366C] -> 0x05B7
mem[X,0x8000366E] -> 0x1000
[361] [M]: 0x8000366C (0x100005B7) lui a1, 65536
x11 <- 0x10000000


mem[X,0x80003670] -> 0x0193
mem[X,0x80003672] -> 0x0000
[362] [M]: 0x80003670 (0x00000193) addi gp, zero, 0
x3 <- 0x00000000


mem[X,0x80003674] -> 0x006F
mem[X,0x80003676] -> 0x00C0
[363] [M]: 0x80003674 (0x00C0006F) jal zero, 12


mem[X,0x80003680] -> 0x7063
mem[X,0x80003682] -> 0x04B5
[364] [M]: 0x80003680 (0x04B57063) bgeu a0, a1, 64


mem[X,0x800036C0] -> 0x8193
mem[X,0x800036C2] -> 0x0031
[365] [M]: 0x800036C0 (0x00318193) addi gp, gp, 3
x3 <- 0x00000003


mem[X,0x800036C4] -> 0x006F
mem[X,0x800036C6] -> 0x0040
[366] [M]: 0x800036C4 (0x0040006F) jal zero, 4


mem[X,0x800036C8] -> 0x2A23
mem[X,0x800036CA] -> 0x0231
[367] [M]: 0x800036C8 (0x02312A23) sw gp, 52(sp)
mem[0x8004B198] <- 0x00000003


mem[X,0x800036CC] -> 0x0537
mem[X,0x800036CE] -> 0xE000
[368] [M]: 0x800036CC (0xE0000537) lui a0, 917504
x10 <- 0xE0000000


mem[X,0x800036D0] -> 0x0513
mem[X,0x800036D2] -> 0xFFF5
[369] [M]: 0x800036D0 (0xFFF50513) addi a0, a0, 4095
x10 <- 0xDFFFFFFF


mem[X,0x800036D4] -> 0x05B7
mem[X,0x800036D6] -> 0x2000
[370] [M]: 0x800036D4 (0x200005B7) lui a1, 131072
x11 <- 0x20000000


mem[X,0x800036D8] -> 0x0193
mem[X,0x800036DA] -> 0x0000
[371] [M]: 0x800036D8 (0x00000193) addi gp, zero, 0
x3 <- 0x00000000


mem[X,0x800036DC] -> 0x006F
mem[X,0x800036DE] -> 0x00C0
[372] [M]: 0x800036DC (0x00C0006F) jal zero, 12


mem[X,0x800036E8] -> 0x7CE3
mem[X,0x800036EA] -> 0xFEB5
[373] [M]: 0x800036E8 (0xFEB57CE3) bgeu a0, a1, 8184


mem[X,0x800036E0] -> 0x8193
mem[X,0x800036E2] -> 0x0011
[374] [M]: 0x800036E0 (0x00118193) addi gp, gp, 1
x3 <- 0x00000001


mem[X,0x800036E4] -> 0x006F
mem[X,0x800036E6] -> 0x0180
[375] [M]: 0x800036E4 (0x0180006F) jal zero, 24


mem[X,0x800036FC] -> 0x2C23
mem[X,0x800036FE] -> 0x0231
[376] [M]: 0x800036FC (0x02312C23) sw gp, 56(sp)
mem[0x8004B19C] <- 0x00000001


mem[X,0x80003700] -> 0x5537
mem[X,0x80003702] -> 0x5555
[377] [M]: 0x80003700 (0x55555537) lui a0, 349525
x10 <- 0x55555000


mem[X,0x80003704] -> 0x0513
mem[X,0x80003706] -> 0x5545
[378] [M]: 0x80003704 (0x55450513) addi a0, a0, 1364
x10 <- 0x55555554


mem[X,0x80003708] -> 0x05B7
mem[X,0x8000370A] -> 0x4000
[379] [M]: 0x80003708 (0x400005B7) lui a1, 262144
x11 <- 0x40000000


mem[X,0x8000370C] -> 0x0193
mem[X,0x8000370E] -> 0x0000
[380] [M]: 0x8000370C (0x00000193) addi gp, zero, 0
x3 <- 0x00000000


mem[X,0x80003710] -> 0x006F
mem[X,0x80003712] -> 0x00C0
[381] [M]: 0x80003710 (0x00C0006F) jal zero, 12


mem[X,0x8000371C] -> 0x7CE3
mem[X,0x8000371E] -> 0xFEB5
[382] [M]: 0x8000371C (0xFEB57CE3) bgeu a0, a1, 8184


mem[X,0x80003714] -> 0x8193
mem[X,0x80003716] -> 0x0011
[383] [M]: 0x80003714 (0x00118193) addi gp, gp, 1
x3 <- 0x00000001


mem[X,0x80003718] -> 0x006F
mem[X,0x8000371A] -> 0x0180
[384] [M]: 0x80003718 (0x0180006F) jal zero, 24


mem[X,0x80003730] -> 0x2E23
mem[X,0x80003732] -> 0x0231
[385] [M]: 0x80003730 (0x02312E23) sw gp, 60(sp)
mem[0x8004B1A0] <- 0x00000001


mem[X,0x80003734] -> 0xB537
mem[X,0x80003736] -> 0x0000
[386] [M]: 0x80003734 (0x0000B537) lui a0, 11
x10 <- 0x0000B000


mem[X,0x80003738] -> 0x0513
mem[X,0x8000373A] -> 0x5035
[387] [M]: 0x80003738 (0x50350513) addi a0, a0, 1283
x10 <- 0x0000B503


mem[X,0x8000373C] -> 0x05B7
mem[X,0x8000373E] -> 0x8000
[388] [M]: 0x8000373C (0x800005B7) lui a1, 524288
x11 <- 0x80000000


mem[X,0x80003740] -> 0x0193
mem[X,0x80003742] -> 0x0000
[389] [M]: 0x80003740 (0x00000193) addi gp, zero, 0
x3 <- 0x00000000


mem[X,0x80003744] -> 0x006F
mem[X,0x80003746] -> 0x00C0
[390] [M]: 0x80003744 (0x00C0006F) jal zero, 12


mem[X,0x80003750] -> 0x7063
mem[X,0x80003752] -> 0x20B5
[391] [M]: 0x80003750 (0x20B57063) bgeu a0, a1, 512


mem[X,0x80003754] -> 0x8193
mem[X,0x80003756] -> 0x0021
[392] [M]: 0x80003754 (0x00218193) addi gp, gp, 2
x3 <- 0x00000002


mem[X,0x80003758] -> 0x006F
mem[X,0x8000375A] -> 0x2000
[393] [M]: 0x80003758 (0x2000006F) jal zero, 512


mem[X,0x80003958] -> 0x2023
mem[X,0x8000395A] -> 0x0431
[394] [M]: 0x80003958 (0x04312023) sw gp, 64(sp)
mem[0x8004B1A4] <- 0x00000002


mem[X,0x8000395C] -> 0x0537
mem[X,0x8000395E] -> 0x0080
[395] [M]: 0x8000395C (0x00800537) lui a0, 2048
x10 <- 0x00800000


mem[X,0x80003960] -> 0x0593
mem[X,0x80003962] -> 0xFFE0
[396] [M]: 0x80003960 (0xFFE00593) addi a1, zero, 4094
x11 <- 0xFFFFFFFE


mem[X,0x80003964] -> 0x0193
mem[X,0x80003966] -> 0x0000
[397] [M]: 0x80003964 (0x00000193) addi gp, zero, 0
x3 <- 0x00000000


mem[X,0x80003968] -> 0x006F
mem[X,0x8000396A] -> 0x00C0
[398] [M]: 0x80003968 (0x00C0006F) jal zero, 12


mem[X,0x80003974] -> 0x7663
mem[X,0x80003976] -> 0x00B5
[399] [M]: 0x80003974 (0x00B57663) bgeu a0, a1, 12


clint::tick mtime <- 0x0000000000000004
 clint timer pending at mtime 0x0000000000000004
htif::tick 0x0000000000000000
mem[X,0x80003978] -> 0x8193
mem[X,0x8000397A] -> 0x0021
[400] [M]: 0x80003978 (0x00218193) addi gp, gp, 2
x3 <- 0x00000002


mem[X,0x8000397C] -> 0x006F
mem[X,0x8000397E] -> 0x00C0
[401] [M]: 0x8000397C (0x00C0006F) jal zero, 12


mem[X,0x80003988] -> 0x2223
mem[X,0x8000398A] -> 0x0431
[402] [M]: 0x80003988 (0x04312223) sw gp, 68(sp)
mem[0x8004B1A8] <- 0x00000002


mem[X,0x8000398C] -> 0xF537
mem[X,0x8000398E] -> 0xFFFF
[403] [M]: 0x8000398C (0xFFFFF537) lui a0, 1048575
x10 <- 0xFFFFF000


mem[X,0x80003990] -> 0x0513
mem[X,0x80003992] -> 0x7FF5
[404] [M]: 0x80003990 (0x7FF50513) addi a0, a0, 2047
x10 <- 0xFFFFF7FF


mem[X,0x80003994] -> 0x0593
mem[X,0x80003996] -> 0xFFD0
[405] [M]: 0x80003994 (0xFFD00593) addi a1, zero, 4093
x11 <- 0xFFFFFFFD


mem[X,0x80003998] -> 0x0193
mem[X,0x8000399A] -> 0x0000
[406] [M]: 0x80003998 (0x00000193) addi gp, zero, 0
x3 <- 0x00000000


mem[X,0x8000399C] -> 0x006F
mem[X,0x8000399E] -> 0x00C0
[407] [M]: 0x8000399C (0x00C0006F) jal zero, 12


mem[X,0x800039A8] -> 0x7663
mem[X,0x800039AA] -> 0x00B5
[408] [M]: 0x800039A8 (0x00B57663) bgeu a0, a1, 12


mem[X,0x800039AC] -> 0x8193
mem[X,0x800039AE] -> 0x0021
[409] [M]: 0x800039AC (0x00218193) addi gp, gp, 2
x3 <- 0x00000002


mem[X,0x800039B0] -> 0x006F
mem[X,0x800039B2] -> 0x00C0
[410] [M]: 0x800039B0 (0x00C0006F) jal zero, 12


mem[X,0x800039BC] -> 0x2423
mem[X,0x800039BE] -> 0x0431
[411] [M]: 0x800039BC (0x04312423) sw gp, 72(sp)
mem[0x8004B1AC] <- 0x00000002


mem[X,0x800039C0] -> 0x0513
mem[X,0x800039C2] -> 0x0060
[412] [M]: 0x800039C0 (0x00600513) addi a0, zero, 6
x10 <- 0x00000006


mem[X,0x800039C4] -> 0x0593
mem[X,0x800039C6] -> 0xFFB0
[413] [M]: 0x800039C4 (0xFFB00593) addi a1, zero, 4091
x11 <- 0xFFFFFFFB


mem[X,0x800039C8] -> 0x0193
mem[X,0x800039CA] -> 0x0000
[414] [M]: 0x800039C8 (0x00000193) addi gp, zero, 0
x3 <- 0x00000000


mem[X,0x800039CC] -> 0x006F
mem[X,0x800039CE] -> 0x00C0
[415] [M]: 0x800039CC (0x00C0006F) jal zero, 12


mem[X,0x800039D8] -> 0x7CE3
mem[X,0x800039DA] -> 0xFEB5
[416] [M]: 0x800039D8 (0xFEB57CE3) bgeu a0, a1, 8184


mem[X,0x800039DC] -> 0x8193
mem[X,0x800039DE] -> 0x0021
[417] [M]: 0x800039DC (0x00218193) addi gp, gp, 2
x3 <- 0x00000002


mem[X,0x800039E0] -> 0x006F
mem[X,0x800039E2] -> 0x00C0
[418] [M]: 0x800039E0 (0x00C0006F) jal zero, 12


mem[X,0x800039EC] -> 0x2623
mem[X,0x800039EE] -> 0x0431
[419] [M]: 0x800039EC (0x04312623) sw gp, 76(sp)
mem[0x8004B1B0] <- 0x00000002


mem[X,0x800039F0] -> 0x0537
mem[X,0x800039F2] -> 0x0800
[420] [M]: 0x800039F0 (0x08000537) lui a0, 32768
x10 <- 0x08000000


mem[X,0x800039F4] -> 0x0593
mem[X,0x800039F6] -> 0xFF70
[421] [M]: 0x800039F4 (0xFF700593) addi a1, zero, 4087
x11 <- 0xFFFFFFF7


mem[X,0x800039F8] -> 0x0193
mem[X,0x800039FA] -> 0x0000
[422] [M]: 0x800039F8 (0x00000193) addi gp, zero, 0
x3 <- 0x00000000


mem[X,0x800039FC] -> 0x006F
mem[X,0x800039FE] -> 0x00C0
[423] [M]: 0x800039FC (0x00C0006F) jal zero, 12


mem[X,0x80003A08] -> 0x7663
mem[X,0x80003A0A] -> 0x00B5
[424] [M]: 0x80003A08 (0x00B57663) bgeu a0, a1, 12


mem[X,0x80003A0C] -> 0x8193
mem[X,0x80003A0E] -> 0x0021
[425] [M]: 0x80003A0C (0x00218193) addi gp, gp, 2
x3 <- 0x00000002


mem[X,0x80003A10] -> 0x006F
mem[X,0x80003A12] -> 0x00C0
[426] [M]: 0x80003A10 (0x00C0006F) jal zero, 12


mem[X,0x80003A1C] -> 0x2823
mem[X,0x80003A1E] -> 0x0431
[427] [M]: 0x80003A1C (0x04312823) sw gp, 80(sp)
mem[0x8004B1B4] <- 0x00000002


mem[X,0x80003A20] -> 0xB537
mem[X,0x80003A22] -> 0xAAAA
[428] [M]: 0x80003A20 (0xAAAAB537) lui a0, 699051
x10 <- 0xAAAAB000


mem[X,0x80003A24] -> 0x0513
mem[X,0x80003A26] -> 0xAA95
[429] [M]: 0x80003A24 (0xAA950513) addi a0, a0, 2729
x10 <- 0xAAAAAAA9


mem[X,0x80003A28] -> 0x0593
mem[X,0x80003A2A] -> 0xFEF0
[430] [M]: 0x80003A28 (0xFEF00593) addi a1, zero, 4079
x11 <- 0xFFFFFFEF


mem[X,0x80003A2C] -> 0x0193
mem[X,0x80003A2E] -> 0x0000
[431] [M]: 0x80003A2C (0x00000193) addi gp, zero, 0
x3 <- 0x00000000


mem[X,0x80003A30] -> 0x006F
mem[X,0x80003A32] -> 0x00C0
[432] [M]: 0x80003A30 (0x00C0006F) jal zero, 12


mem[X,0x80003A3C] -> 0x7063
mem[X,0x80003A3E] -> 0x04B5
[433] [M]: 0x80003A3C (0x04B57063) bgeu a0, a1, 64


mem[X,0x80003A40] -> 0x8193
mem[X,0x80003A42] -> 0x0021
[434] [M]: 0x80003A40 (0x00218193) addi gp, gp, 2
x3 <- 0x00000002


mem[X,0x80003A44] -> 0x006F
mem[X,0x80003A46] -> 0x0400
[435] [M]: 0x80003A44 (0x0400006F) jal zero, 64


mem[X,0x80003A84] -> 0x2A23
mem[X,0x80003A86] -> 0x0431
[436] [M]: 0x80003A84 (0x04312A23) sw gp, 84(sp)
mem[0x8004B1B8] <- 0x00000002


mem[X,0x80003A88] -> 0x0513
mem[X,0x80003A8A] -> 0x0030
[437] [M]: 0x80003A88 (0x00300513) addi a0, zero, 3
x10 <- 0x00000003


mem[X,0x80003A8C] -> 0x0593
mem[X,0x80003A8E] -> 0xFDF0
[438] [M]: 0x80003A8C (0xFDF00593) addi a1, zero, 4063
x11 <- 0xFFFFFFDF


mem[X,0x80003A90] -> 0x0193
mem[X,0x80003A92] -> 0x0000
[439] [M]: 0x80003A90 (0x00000193) addi gp, zero, 0
x3 <- 0x00000000


mem[X,0x80003A94] -> 0x006F
mem[X,0x80003A96] -> 0x00C0
[440] [M]: 0x80003A94 (0x00C0006F) jal zero, 12


mem[X,0x80003AA0] -> 0x7663
mem[X,0x80003AA2] -> 0x00B5
[441] [M]: 0x80003AA0 (0x00B57663) bgeu a0, a1, 12


mem[X,0x80003AA4] -> 0x8193
mem[X,0x80003AA6] -> 0x0021
[442] [M]: 0x80003AA4 (0x00218193) addi gp, gp, 2
x3 <- 0x00000002


mem[X,0x80003AA8] -> 0x006F
mem[X,0x80003AAA] -> 0x00C0
[443] [M]: 0x80003AA8 (0x00C0006F) jal zero, 12


mem[X,0x80003AB4] -> 0x2C23
mem[X,0x80003AB6] -> 0x0431
[444] [M]: 0x80003AB4 (0x04312C23) sw gp, 88(sp)
mem[0x8004B1BC] <- 0x00000002


mem[X,0x80003AB8] -> 0x0513
mem[X,0x80003ABA] -> 0x0120
[445] [M]: 0x80003AB8 (0x01200513) addi a0, zero, 18
x10 <- 0x00000012


mem[X,0x80003ABC] -> 0x0593
mem[X,0x80003ABE] -> 0xF7F0
[446] [M]: 0x80003ABC (0xF7F00593) addi a1, zero, 3967
x11 <- 0xFFFFFF7F


mem[X,0x80003AC0] -> 0x0193
mem[X,0x80003AC2] -> 0x0000
[447] [M]: 0x80003AC0 (0x00000193) addi gp, zero, 0
x3 <- 0x00000000


mem[X,0x80003AC4] -> 0x006F
mem[X,0x80003AC6] -> 0x00C0
[448] [M]: 0x80003AC4 (0x00C0006F) jal zero, 12


mem[X,0x80003AD0] -> 0x7063
mem[X,0x80003AD2] -> 0x10B5
[449] [M]: 0x80003AD0 (0x10B57063) bgeu a0, a1, 256


mem[X,0x80003AD4] -> 0x8193
mem[X,0x80003AD6] -> 0x0021
[450] [M]: 0x80003AD4 (0x00218193) addi gp, gp, 2
x3 <- 0x00000002


mem[X,0x80003AD8] -> 0x006F
mem[X,0x80003ADA] -> 0x1000
[451] [M]: 0x80003AD8 (0x1000006F) jal zero, 256


mem[X,0x80003BD8] -> 0x2E23
mem[X,0x80003BDA] -> 0x0431
[452] [M]: 0x80003BD8 (0x04312E23) sw gp, 92(sp)
mem[0x8004B1C0] <- 0x00000002


mem[X,0x80003BDC] -> 0x0513
mem[X,0x80003BDE] -> 0x0060
[453] [M]: 0x80003BDC (0x00600513) addi a0, zero, 6
x10 <- 0x00000006


mem[X,0x80003BE0] -> 0x0593
mem[X,0x80003BE2] -> 0xEFF0
[454] [M]: 0x80003BE0 (0xEFF00593) addi a1, zero, 3839
x11 <- 0xFFFFFEFF


mem[X,0x80003BE4] -> 0x0193
mem[X,0x80003BE6] -> 0x0000
[455] [M]: 0x80003BE4 (0x00000193) addi gp, zero, 0
x3 <- 0x00000000


mem[X,0x80003BE8] -> 0x006F
mem[X,0x80003BEA] -> 0x0100
[456] [M]: 0x80003BE8 (0x0100006F) jal zero, 16


mem[X,0x80003BF8] -> 0x7AE3
mem[X,0x80003BFA] -> 0xFEB5
[457] [M]: 0x80003BF8 (0xFEB57AE3) bgeu a0, a1, 8180


mem[X,0x80003BFC] -> 0x8193
mem[X,0x80003BFE] -> 0x0021
[458] [M]: 0x80003BFC (0x00218193) addi gp, gp, 2
x3 <- 0x00000002


mem[X,0x80003C00] -> 0x006F
mem[X,0x80003C02] -> 0x00C0
[459] [M]: 0x80003C00 (0x00C0006F) jal zero, 12


mem[X,0x80003C0C] -> 0x2023
mem[X,0x80003C0E] -> 0x0631
[460] [M]: 0x80003C0C (0x06312023) sw gp, 96(sp)
mem[0x8004B1C4] <- 0x00000002


mem[X,0x80003C10] -> 0x0537
mem[X,0x80003C12] -> 0x0400
[461] [M]: 0x80003C10 (0x04000537) lui a0, 16384
x10 <- 0x04000000


mem[X,0x80003C14] -> 0x0593
mem[X,0x80003C16] -> 0xDFF0
[462] [M]: 0x80003C14 (0xDFF00593) addi a1, zero, 3583
x11 <- 0xFFFFFDFF


mem[X,0x80003C18] -> 0x0193
mem[X,0x80003C1A] -> 0x0000
[463] [M]: 0x80003C18 (0x00000193) addi gp, zero, 0
x3 <- 0x00000000


mem[X,0x80003C1C] -> 0x006F
mem[X,0x80003C1E] -> 0x00C0
[464] [M]: 0x80003C1C (0x00C0006F) jal zero, 12


mem[X,0x80003C28] -> 0x7CE3
mem[X,0x80003C2A] -> 0xFEB5
[465] [M]: 0x80003C28 (0xFEB57CE3) bgeu a0, a1, 8184


mem[X,0x80003C2C] -> 0x8193
mem[X,0x80003C2E] -> 0x0021
[466] [M]: 0x80003C2C (0x00218193) addi gp, gp, 2
x3 <- 0x00000002


mem[X,0x80003C30] -> 0x006F
mem[X,0x80003C32] -> 0x00C0
[467] [M]: 0x80003C30 (0x00C0006F) jal zero, 12


mem[X,0x80003C3C] -> 0x2223
mem[X,0x80003C3E] -> 0x0631
[468] [M]: 0x80003C3C (0x06312223) sw gp, 100(sp)
mem[0x8004B1C8] <- 0x00000002


mem[X,0x80003C40] -> 0x0513
mem[X,0x80003C42] -> 0x0060
[469] [M]: 0x80003C40 (0x00600513) addi a0, zero, 6
x10 <- 0x00000006


mem[X,0x80003C44] -> 0xF5B7
mem[X,0x80003C46] -> 0xFFFF
[470] [M]: 0x80003C44 (0xFFFFF5B7) lui a1, 1048575
x11 <- 0xFFFFF000


mem[X,0x80003C48] -> 0x8593
mem[X,0x80003C4A] -> 0x7FF5
[471] [M]: 0x80003C48 (0x7FF58593) addi a1, a1, 2047
x11 <- 0xFFFFF7FF


mem[X,0x80003C4C] -> 0x0193
mem[X,0x80003C4E] -> 0x0000
[472] [M]: 0x80003C4C (0x00000193) addi gp, zero, 0
x3 <- 0x00000000


mem[X,0x80003C50] -> 0x006F
mem[X,0x80003C52] -> 0x00C0
[473] [M]: 0x80003C50 (0x00C0006F) jal zero, 12


mem[X,0x80003C5C] -> 0x7663
mem[X,0x80003C5E] -> 0x00B5
[474] [M]: 0x80003C5C (0x00B57663) bgeu a0, a1, 12


mem[X,0x80003C60] -> 0x8193
mem[X,0x80003C62] -> 0x0021
[475] [M]: 0x80003C60 (0x00218193) addi gp, gp, 2
x3 <- 0x00000002


mem[X,0x80003C64] -> 0x006F
mem[X,0x80003C66] -> 0x00C0
[476] [M]: 0x80003C64 (0x00C0006F) jal zero, 12


mem[X,0x80003C70] -> 0x2423
mem[X,0x80003C72] -> 0x0631
[477] [M]: 0x80003C70 (0x06312423) sw gp, 104(sp)
mem[0x8004B1CC] <- 0x00000002


mem[X,0x80003C74] -> 0x0537
mem[X,0x80003C76] -> 0xC000
[478] [M]: 0x80003C74 (0xC0000537) lui a0, 786432
x10 <- 0xC0000000


mem[X,0x80003C78] -> 0x0513
mem[X,0x80003C7A] -> 0xFFF5
[479] [M]: 0x80003C78 (0xFFF50513) addi a0, a0, 4095
x10 <- 0xBFFFFFFF


mem[X,0x80003C7C] -> 0xF5B7
mem[X,0x80003C7E] -> 0xFFFF
[480] [M]: 0x80003C7C (0xFFFFF5B7) lui a1, 1048575
x11 <- 0xFFFFF000


mem[X,0x80003C80] -> 0x8593
mem[X,0x80003C82] -> 0xFFF5
[481] [M]: 0x80003C80 (0xFFF58593) addi a1, a1, 4095
x11 <- 0xFFFFEFFF


mem[X,0x80003C84] -> 0x0193
mem[X,0x80003C86] -> 0x0000
[482] [M]: 0x80003C84 (0x00000193) addi gp, zero, 0
x3 <- 0x00000000


mem[X,0x80003C88] -> 0x006F
mem[X,0x80003C8A] -> 0x00C0
[483] [M]: 0x80003C88 (0x00C0006F) jal zero, 12


mem[X,0x80003C94] -> 0x7663
mem[X,0x80003C96] -> 0x00B5
[484] [M]: 0x80003C94 (0x00B57663) bgeu a0, a1, 12


mem[X,0x80003C98] -> 0x8193
mem[X,0x80003C9A] -> 0x0021
[485] [M]: 0x80003C98 (0x00218193) addi gp, gp, 2
x3 <- 0x00000002


mem[X,0x80003C9C] -> 0x006F
mem[X,0x80003C9E] -> 0x00C0
[486] [M]: 0x80003C9C (0x00C0006F) jal zero, 12


mem[X,0x80003CA8] -> 0x2623
mem[X,0x80003CAA] -> 0x0631
[487] [M]: 0x80003CA8 (0x06312623) sw gp, 108(sp)
mem[0x8004B1D0] <- 0x00000002


mem[X,0x80003CAC] -> 0x0513
mem[X,0x80003CAE] -> 0xDFF0
[488] [M]: 0x80003CAC (0xDFF00513) addi a0, zero, 3583
x10 <- 0xFFFFFDFF


mem[X,0x80003CB0] -> 0xE5B7
mem[X,0x80003CB2] -> 0xFFFF
[489] [M]: 0x80003CB0 (0xFFFFE5B7) lui a1, 1048574
x11 <- 0xFFFFE000


mem[X,0x80003CB4] -> 0x8593
mem[X,0x80003CB6] -> 0xFFF5
[490] [M]: 0x80003CB4 (0xFFF58593) addi a1, a1, 4095
x11 <- 0xFFFFDFFF


mem[X,0x80003CB8] -> 0x0193
mem[X,0x80003CBA] -> 0x0000
[491] [M]: 0x80003CB8 (0x00000193) addi gp, zero, 0
x3 <- 0x00000000


mem[X,0x80003CBC] -> 0x006F
mem[X,0x80003CBE] -> 0x00C0
[492] [M]: 0x80003CBC (0x00C0006F) jal zero, 12


mem[X,0x80003CC8] -> 0x7063
mem[X,0x80003CCA] -> 0x20B5
[493] [M]: 0x80003CC8 (0x20B57063) bgeu a0, a1, 512


mem[X,0x80003EC8] -> 0x8193
mem[X,0x80003ECA] -> 0x0031
[494] [M]: 0x80003EC8 (0x00318193) addi gp, gp, 3
x3 <- 0x00000003


mem[X,0x80003ECC] -> 0x006F
mem[X,0x80003ECE] -> 0x0040
[495] [M]: 0x80003ECC (0x0040006F) jal zero, 4


mem[X,0x80003ED0] -> 0x2823
mem[X,0x80003ED2] -> 0x0631
[496] [M]: 0x80003ED0 (0x06312823) sw gp, 112(sp)
mem[0x8004B1D4] <- 0x00000003


mem[X,0x80003ED4] -> 0x0513
mem[X,0x80003ED6] -> 0x0080
[497] [M]: 0x80003ED4 (0x00800513) addi a0, zero, 8
x10 <- 0x00000008


mem[X,0x80003ED8] -> 0xC5B7
mem[X,0x80003EDA] -> 0xFFFF
[498] [M]: 0x80003ED8 (0xFFFFC5B7) lui a1, 1048572
x11 <- 0xFFFFC000


mem[X,0x80003EDC] -> 0x8593
mem[X,0x80003EDE] -> 0xFFF5
[499] [M]: 0x80003EDC (0xFFF58593) addi a1, a1, 4095
x11 <- 0xFFFFBFFF


clint::tick mtime <- 0x0000000000000005
 clint timer pending at mtime 0x0000000000000005
htif::tick 0x0000000000000000
mem[X,0x80003EE0] -> 0x0193
mem[X,0x80003EE2] -> 0x0000
[500] [M]: 0x80003EE0 (0x00000193) addi gp, zero, 0
x3 <- 0x00000000


mem[X,0x80003EE4] -> 0x006F
mem[X,0x80003EE6] -> 0x00C0
[501] [M]: 0x80003EE4 (0x00C0006F) jal zero, 12


mem[X,0x80003EF0] -> 0x7863
mem[X,0x80003EF2] -> 0x00B5
[502] [M]: 0x80003EF0 (0x00B57863) bgeu a0, a1, 16


mem[X,0x80003EF4] -> 0x8193
mem[X,0x80003EF6] -> 0x0021
[503] [M]: 0x80003EF4 (0x00218193) addi gp, gp, 2
x3 <- 0x00000002


mem[X,0x80003EF8] -> 0x006F
mem[X,0x80003EFA] -> 0x0100
[504] [M]: 0x80003EF8 (0x0100006F) jal zero, 16


mem[X,0x80003F08] -> 0x2A23
mem[X,0x80003F0A] -> 0x0631
[505] [M]: 0x80003F08 (0x06312A23) sw gp, 116(sp)
mem[0x8004B1D8] <- 0x00000002


mem[X,0x80003F0C] -> 0x0513
mem[X,0x80003F0E] -> 0xEFF0
[506] [M]: 0x80003F0C (0xEFF00513) addi a0, zero, 3839
x10 <- 0xFFFFFEFF


mem[X,0x80003F10] -> 0x85B7
mem[X,0x80003F12] -> 0xFFFF
[507] [M]: 0x80003F10 (0xFFFF85B7) lui a1, 1048568
x11 <- 0xFFFF8000


mem[X,0x80003F14] -> 0x8593
mem[X,0x80003F16] -> 0xFFF5
[508] [M]: 0x80003F14 (0xFFF58593) addi a1, a1, 4095
x11 <- 0xFFFF7FFF


mem[X,0x80003F18] -> 0x0193
mem[X,0x80003F1A] -> 0x0000
[509] [M]: 0x80003F18 (0x00000193) addi gp, zero, 0
x3 <- 0x00000000


mem[X,0x80003F1C] -> 0x006F
mem[X,0x80003F1E] -> 0x00C0
[510] [M]: 0x80003F1C (0x00C0006F) jal zero, 12


mem[X,0x80003F28] -> 0x7063
mem[X,0x80003F2A] -> 0x02B5
[511] [M]: 0x80003F28 (0x02B57063) bgeu a0, a1, 32


mem[X,0x80003F48] -> 0x8193
mem[X,0x80003F4A] -> 0x0031
[512] [M]: 0x80003F48 (0x00318193) addi gp, gp, 3
x3 <- 0x00000003


mem[X,0x80003F4C] -> 0x006F
mem[X,0x80003F4E] -> 0x0040
[513] [M]: 0x80003F4C (0x0040006F) jal zero, 4


mem[X,0x80003F50] -> 0x2C23
mem[X,0x80003F52] -> 0x0631
[514] [M]: 0x80003F50 (0x06312C23) sw gp, 120(sp)
mem[0x8004B1DC] <- 0x00000003


mem[X,0x80003F54] -> 0x0513
mem[X,0x80003F56] -> 0x0020
[515] [M]: 0x80003F54 (0x00200513) addi a0, zero, 2
x10 <- 0x00000002


mem[X,0x80003F58] -> 0x05B7
mem[X,0x80003F5A] -> 0xFFFF
[516] [M]: 0x80003F58 (0xFFFF05B7) lui a1, 1048560
x11 <- 0xFFFF0000


mem[X,0x80003F5C] -> 0x8593
mem[X,0x80003F5E] -> 0xFFF5
[517] [M]: 0x80003F5C (0xFFF58593) addi a1, a1, 4095
x11 <- 0xFFFEFFFF


mem[X,0x80003F60] -> 0x0193
mem[X,0x80003F62] -> 0x0000
[518] [M]: 0x80003F60 (0x00000193) addi gp, zero, 0
x3 <- 0x00000000


mem[X,0x80003F64] -> 0x006F
mem[X,0x80003F66] -> 0x00C0
[519] [M]: 0x80003F64 (0x00C0006F) jal zero, 12


mem[X,0x80003F70] -> 0x7063
mem[X,0x80003F72] -> 0x40B5
[520] [M]: 0x80003F70 (0x40B57063) bgeu a0, a1, 1024


mem[X,0x80003F74] -> 0x8193
mem[X,0x80003F76] -> 0x0021
[521] [M]: 0x80003F74 (0x00218193) addi gp, gp, 2
x3 <- 0x00000002


mem[X,0x80003F78] -> 0x006F
mem[X,0x80003F7A] -> 0x4000
[522] [M]: 0x80003F78 (0x4000006F) jal zero, 1024


mem[X,0x80004378] -> 0x2E23
mem[X,0x8000437A] -> 0x0631
[523] [M]: 0x80004378 (0x06312E23) sw gp, 124(sp)
mem[0x8004B1E0] <- 0x00000002


mem[X,0x8000437C] -> 0xE537
mem[X,0x8000437E] -> 0xFFFF
[524] [M]: 0x8000437C (0xFFFFE537) lui a0, 1048574
x10 <- 0xFFFFE000


mem[X,0x80004380] -> 0x0513
mem[X,0x80004382] -> 0xFFF5
[525] [M]: 0x80004380 (0xFFF50513) addi a0, a0, 4095
x10 <- 0xFFFFDFFF


mem[X,0x80004384] -> 0x05B7
mem[X,0x80004386] -> 0xFFFE
[526] [M]: 0x80004384 (0xFFFE05B7) lui a1, 1048544
x11 <- 0xFFFE0000


mem[X,0x80004388] -> 0x8593
mem[X,0x8000438A] -> 0xFFF5
[527] [M]: 0x80004388 (0xFFF58593) addi a1, a1, 4095
x11 <- 0xFFFDFFFF


mem[X,0x8000438C] -> 0x0193
mem[X,0x8000438E] -> 0x0000
[528] [M]: 0x8000438C (0x00000193) addi gp, zero, 0
x3 <- 0x00000000


mem[X,0x80004390] -> 0x006F
mem[X,0x80004392] -> 0x2B10
[529] [M]: 0x80004390 (0x2B10006F) jal zero, 2736


mem[X,0x80004E40] -> 0x7A63
mem[X,0x80004E42] -> 0xD4B5
[530] [M]: 0x80004E40 (0xD4B57A63) bgeu a0, a1, 5460


mem[X,0x80004394] -> 0x8193
mem[X,0x80004396] -> 0x0011
[531] [M]: 0x80004394 (0x00118193) addi gp, gp, 1
x3 <- 0x00000001


mem[X,0x80004398] -> 0x006F
mem[X,0x8000439A] -> 0x2BD0
[532] [M]: 0x80004398 (0x2BD0006F) jal zero, 2748


mem[X,0x80004E54] -> 0x2023
mem[X,0x80004E56] -> 0x0831
[533] [M]: 0x80004E54 (0x08312023) sw gp, 128(sp)
mem[0x8004B1E4] <- 0x00000001


mem[X,0x80004E58] -> 0x0537
mem[X,0x80004E5A] -> 0x0200
[534] [M]: 0x80004E58 (0x02000537) lui a0, 8192
x10 <- 0x02000000


mem[X,0x80004E5C] -> 0x05B7
mem[X,0x80004E5E] -> 0xFFFC
[535] [M]: 0x80004E5C (0xFFFC05B7) lui a1, 1048512
x11 <- 0xFFFC0000


mem[X,0x80004E60] -> 0x8593
mem[X,0x80004E62] -> 0xFFF5
[536] [M]: 0x80004E60 (0xFFF58593) addi a1, a1, 4095
x11 <- 0xFFFBFFFF


mem[X,0x80004E64] -> 0x0193
mem[X,0x80004E66] -> 0x0000
[537] [M]: 0x80004E64 (0x00000193) addi gp, zero, 0
x3 <- 0x00000000


mem[X,0x80004E68] -> 0x006F
mem[X,0x80004E6A] -> 0x2B10
[538] [M]: 0x80004E68 (0x2B10006F) jal zero, 2736


mem[X,0x80005918] -> 0x7A63
mem[X,0x8000591A] -> 0xD4B5
[539] [M]: 0x80005918 (0xD4B57A63) bgeu a0, a1, 5460


mem[X,0x8000591C] -> 0x8193
mem[X,0x8000591E] -> 0x0021
[540] [M]: 0x8000591C (0x00218193) addi gp, gp, 2
x3 <- 0x00000002


mem[X,0x80005920] -> 0x006F
mem[X,0x80005922] -> 0x00C0
[541] [M]: 0x80005920 (0x00C0006F) jal zero, 12


mem[X,0x8000592C] -> 0x2223
mem[X,0x8000592E] -> 0x0831
[542] [M]: 0x8000592C (0x08312223) sw gp, 132(sp)
mem[0x8004B1E8] <- 0x00000002


mem[X,0x80005930] -> 0x0537
mem[X,0x80005932] -> 0xFFFC
[543] [M]: 0x80005930 (0xFFFC0537) lui a0, 1048512
x10 <- 0xFFFC0000


mem[X,0x80005934] -> 0x0513
mem[X,0x80005936] -> 0xFFF5
[544] [M]: 0x80005934 (0xFFF50513) addi a0, a0, 4095
x10 <- 0xFFFBFFFF


mem[X,0x80005938] -> 0x05B7
mem[X,0x8000593A] -> 0xFFF8
[545] [M]: 0x80005938 (0xFFF805B7) lui a1, 1048448
x11 <- 0xFFF80000


mem[X,0x8000593C] -> 0x8593
mem[X,0x8000593E] -> 0xFFF5
[546] [M]: 0x8000593C (0xFFF58593) addi a1, a1, 4095
x11 <- 0xFFF7FFFF


mem[X,0x80005940] -> 0x0193
mem[X,0x80005942] -> 0x0000
[547] [M]: 0x80005940 (0x00000193) addi gp, zero, 0
x3 <- 0x00000000


mem[X,0x80005944] -> 0x006F
mem[X,0x80005946] -> 0x2B10
[548] [M]: 0x80005944 (0x2B10006F) jal zero, 2736


mem[X,0x800063F4] -> 0x7A63
mem[X,0x800063F6] -> 0xD4B5
[549] [M]: 0x800063F4 (0xD4B57A63) bgeu a0, a1, 5460


mem[X,0x80005948] -> 0x8193
mem[X,0x8000594A] -> 0x0011
[550] [M]: 0x80005948 (0x00118193) addi gp, gp, 1
x3 <- 0x00000001


mem[X,0x8000594C] -> 0x006F
mem[X,0x8000594E] -> 0x2BD0
[551] [M]: 0x8000594C (0x2BD0006F) jal zero, 2748


mem[X,0x80006408] -> 0x2423
mem[X,0x8000640A] -> 0x0831
[552] [M]: 0x80006408 (0x08312423) sw gp, 136(sp)
mem[0x8004B1EC] <- 0x00000001


mem[X,0x8000640C] -> 0x0537
mem[X,0x8000640E] -> 0x0400
[553] [M]: 0x8000640C (0x04000537) lui a0, 16384
x10 <- 0x04000000


mem[X,0x80006410] -> 0x05B7
mem[X,0x80006412] -> 0xFFE0
[554] [M]: 0x80006410 (0xFFE005B7) lui a1, 1048064
x11 <- 0xFFE00000


mem[X,0x80006414] -> 0x8593
mem[X,0x80006416] -> 0xFFF5
[555] [M]: 0x80006414 (0xFFF58593) addi a1, a1, 4095
x11 <- 0xFFDFFFFF


mem[X,0x80006418] -> 0x0193
mem[X,0x8000641A] -> 0x0000
[556] [M]: 0x80006418 (0x00000193) addi gp, zero, 0
x3 <- 0x00000000


mem[X,0x8000641C] -> 0x006F
mem[X,0x8000641E] -> 0x00C0
[557] [M]: 0x8000641C (0x00C0006F) jal zero, 12


mem[X,0x80006428] -> 0x7063
mem[X,0x8000642A] -> 0x08B5
[558] [M]: 0x80006428 (0x08B57063) bgeu a0, a1, 128


mem[X,0x8000642C] -> 0x8193
mem[X,0x8000642E] -> 0x0021
[559] [M]: 0x8000642C (0x00218193) addi gp, gp, 2
x3 <- 0x00000002


mem[X,0x80006430] -> 0x006F
mem[X,0x80006432] -> 0x0800
[560] [M]: 0x80006430 (0x0800006F) jal zero, 128


mem[X,0x800064B0] -> 0x2623
mem[X,0x800064B2] -> 0x0831
[561] [M]: 0x800064B0 (0x08312623) sw gp, 140(sp)
mem[0x8004B1F0] <- 0x00000002


mem[X,0x800064B4] -> 0xE537
mem[X,0x800064B6] -> 0xFFFF
[562] [M]: 0x800064B4 (0xFFFFE537) lui a0, 1048574
x10 <- 0xFFFFE000


mem[X,0x800064B8] -> 0x0513
mem[X,0x800064BA] -> 0xFFF5
[563] [M]: 0x800064B8 (0xFFF50513) addi a0, a0, 4095
x10 <- 0xFFFFDFFF


mem[X,0x800064BC] -> 0x05B7
mem[X,0x800064BE] -> 0xFFC0
[564] [M]: 0x800064BC (0xFFC005B7) lui a1, 1047552
x11 <- 0xFFC00000


mem[X,0x800064C0] -> 0x8593
mem[X,0x800064C2] -> 0xFFF5
[565] [M]: 0x800064C0 (0xFFF58593) addi a1, a1, 4095
x11 <- 0xFFBFFFFF


mem[X,0x800064C4] -> 0x0193
mem[X,0x800064C6] -> 0x0000
[566] [M]: 0x800064C4 (0x00000193) addi gp, zero, 0
x3 <- 0x00000000


mem[X,0x800064C8] -> 0x006F
mem[X,0x800064CA] -> 0x0180
[567] [M]: 0x800064C8 (0x0180006F) jal zero, 24


mem[X,0x800064E0] -> 0x76E3
mem[X,0x800064E2] -> 0xFEB5
[568] [M]: 0x800064E0 (0xFEB576E3) bgeu a0, a1, 8172


mem[X,0x800064CC] -> 0x8193
mem[X,0x800064CE] -> 0x0011
[569] [M]: 0x800064CC (0x00118193) addi gp, gp, 1
x3 <- 0x00000001


mem[X,0x800064D0] -> 0x006F
mem[X,0x800064D2] -> 0x0240
[570] [M]: 0x800064D0 (0x0240006F) jal zero, 36


mem[X,0x800064F4] -> 0x2823
mem[X,0x800064F6] -> 0x0831
[571] [M]: 0x800064F4 (0x08312823) sw gp, 144(sp)
mem[0x8004B1F4] <- 0x00000001


mem[X,0x800064F8] -> 0x0537
mem[X,0x800064FA] -> 0x0100
[572] [M]: 0x800064F8 (0x01000537) lui a0, 4096
x10 <- 0x01000000


mem[X,0x800064FC] -> 0x05B7
mem[X,0x800064FE] -> 0xFF80
[573] [M]: 0x800064FC (0xFF8005B7) lui a1, 1046528
x11 <- 0xFF800000


mem[X,0x80006500] -> 0x8593
mem[X,0x80006502] -> 0xFFF5
[574] [M]: 0x80006500 (0xFFF58593) addi a1, a1, 4095
x11 <- 0xFF7FFFFF


mem[X,0x80006504] -> 0x0193
mem[X,0x80006506] -> 0x0000
[575] [M]: 0x80006504 (0x00000193) addi gp, zero, 0
x3 <- 0x00000000


mem[X,0x80006508] -> 0x006F
mem[X,0x8000650A] -> 0x00C0
[576] [M]: 0x80006508 (0x00C0006F) jal zero, 12


mem[X,0x80006514] -> 0x7CE3
mem[X,0x80006516] -> 0xFEB5
[577] [M]: 0x80006514 (0xFEB57CE3) bgeu a0, a1, 8184


mem[X,0x80006518] -> 0x8193
mem[X,0x8000651A] -> 0x0021
[578] [M]: 0x80006518 (0x00218193) addi gp, gp, 2
x3 <- 0x00000002


mem[X,0x8000651C] -> 0x006F
mem[X,0x8000651E] -> 0x00C0
[579] [M]: 0x8000651C (0x00C0006F) jal zero, 12


mem[X,0x80006528] -> 0x2A23
mem[X,0x8000652A] -> 0x0831
[580] [M]: 0x80006528 (0x08312A23) sw gp, 148(sp)
mem[0x8004B1F8] <- 0x00000002


mem[X,0x8000652C] -> 0xF537
mem[X,0x8000652E] -> 0xFFFF
[581] [M]: 0x8000652C (0xFFFFF537) lui a0, 1048575
x10 <- 0xFFFFF000


mem[X,0x80006530] -> 0x0513
mem[X,0x80006532] -> 0xFFF5
[582] [M]: 0x80006530 (0xFFF50513) addi a0, a0, 4095
x10 <- 0xFFFFEFFF


mem[X,0x80006534] -> 0x05B7
mem[X,0x80006536] -> 0xFF00
[583] [M]: 0x80006534 (0xFF0005B7) lui a1, 1044480
x11 <- 0xFF000000


mem[X,0x80006538] -> 0x8593
mem[X,0x8000653A] -> 0xFFF5
[584] [M]: 0x80006538 (0xFFF58593) addi a1, a1, 4095
x11 <- 0xFEFFFFFF


mem[X,0x8000653C] -> 0x0193
mem[X,0x8000653E] -> 0x0000
[585] [M]: 0x8000653C (0x00000193) addi gp, zero, 0
x3 <- 0x00000000


mem[X,0x80006540] -> 0x006F
mem[X,0x80006542] -> 0x0140
[586] [M]: 0x80006540 (0x0140006F) jal zero, 20


mem[X,0x80006554] -> 0x78E3
mem[X,0x80006556] -> 0xFEB5
[587] [M]: 0x80006554 (0xFEB578E3) bgeu a0, a1, 8176


mem[X,0x80006544] -> 0x8193
mem[X,0x80006546] -> 0x0011
[588] [M]: 0x80006544 (0x00118193) addi gp, gp, 1
x3 <- 0x00000001


mem[X,0x80006548] -> 0x006F
mem[X,0x8000654A] -> 0x0200
[589] [M]: 0x80006548 (0x0200006F) jal zero, 32


mem[X,0x80006568] -> 0x2C23
mem[X,0x8000656A] -> 0x0831
[590] [M]: 0x80006568 (0x08312C23) sw gp, 152(sp)
mem[0x8004B1FC] <- 0x00000001


mem[X,0x8000656C] -> 0xB537
mem[X,0x8000656E] -> 0x0000
[591] [M]: 0x8000656C (0x0000B537) lui a0, 11
x10 <- 0x0000B000


mem[X,0x80006570] -> 0x0513
mem[X,0x80006572] -> 0x5035
[592] [M]: 0x80006570 (0x50350513) addi a0, a0, 1283
x10 <- 0x0000B503


mem[X,0x80006574] -> 0x05B7
mem[X,0x80006576] -> 0xFE00
[593] [M]: 0x80006574 (0xFE0005B7) lui a1, 1040384
x11 <- 0xFE000000


mem[X,0x80006578] -> 0x8593
mem[X,0x8000657A] -> 0xFFF5
[594] [M]: 0x80006578 (0xFFF58593) addi a1, a1, 4095
x11 <- 0xFDFFFFFF


mem[X,0x8000657C] -> 0x0193
mem[X,0x8000657E] -> 0x0000
[595] [M]: 0x8000657C (0x00000193) addi gp, zero, 0
x3 <- 0x00000000


mem[X,0x80006580] -> 0x006F
mem[X,0x80006582] -> 0x00C0
[596] [M]: 0x80006580 (0x00C0006F) jal zero, 12


mem[X,0x8000658C] -> 0x7663
mem[X,0x8000658E] -> 0x00B5
[597] [M]: 0x8000658C (0x00B57663) bgeu a0, a1, 12


mem[X,0x80006590] -> 0x8193
mem[X,0x80006592] -> 0x0021
[598] [M]: 0x80006590 (0x00218193) addi gp, gp, 2
x3 <- 0x00000002


mem[X,0x80006594] -> 0x006F
mem[X,0x80006596] -> 0x00C0
[599] [M]: 0x80006594 (0x00C0006F) jal zero, 12


clint::tick mtime <- 0x0000000000000006
 clint timer pending at mtime 0x0000000000000006
htif::tick 0x0000000000000000
mem[X,0x800065A0] -> 0x2E23
mem[X,0x800065A2] -> 0x0831
[600] [M]: 0x800065A0 (0x08312E23) sw gp, 156(sp)
mem[0x8004B200] <- 0x00000002


mem[X,0x800065A4] -> 0x5537
mem[X,0x800065A6] -> 0x5555
[601] [M]: 0x800065A4 (0x55555537) lui a0, 349525
x10 <- 0x55555000


mem[X,0x800065A8] -> 0x0513
mem[X,0x800065AA] -> 0x5555
[602] [M]: 0x800065A8 (0x55550513) addi a0, a0, 1365
x10 <- 0x55555555


mem[X,0x800065AC] -> 0x05B7
mem[X,0x800065AE] -> 0xFC00
[603] [M]: 0x800065AC (0xFC0005B7) lui a1, 1032192
x11 <- 0xFC000000


mem[X,0x800065B0] -> 0x8593
mem[X,0x800065B2] -> 0xFFF5
[604] [M]: 0x800065B0 (0xFFF58593) addi a1, a1, 4095
x11 <- 0xFBFFFFFF


mem[X,0x800065B4] -> 0x0193
mem[X,0x800065B6] -> 0x0000
[605] [M]: 0x800065B4 (0x00000193) addi gp, zero, 0
x3 <- 0x00000000


mem[X,0x800065B8] -> 0x006F
mem[X,0x800065BA] -> 0x00C0
[606] [M]: 0x800065B8 (0x00C0006F) jal zero, 12


mem[X,0x800065C4] -> 0x7063
mem[X,0x800065C6] -> 0x20B5
[607] [M]: 0x800065C4 (0x20B57063) bgeu a0, a1, 512


mem[X,0x800065C8] -> 0x8193
mem[X,0x800065CA] -> 0x0021
[608] [M]: 0x800065C8 (0x00218193) addi gp, gp, 2
x3 <- 0x00000002


mem[X,0x800065CC] -> 0x006F
mem[X,0x800065CE] -> 0x2000
[609] [M]: 0x800065CC (0x2000006F) jal zero, 512


mem[X,0x800067CC] -> 0x2023
mem[X,0x800067CE] -> 0x0A31
[610] [M]: 0x800067CC (0x0A312023) sw gp, 160(sp)
mem[0x8004B204] <- 0x00000002


mem[X,0x800067D0] -> 0xC537
mem[X,0x800067D2] -> 0xFFFF
[611] [M]: 0x800067D0 (0xFFFFC537) lui a0, 1048572
x10 <- 0xFFFFC000


mem[X,0x800067D4] -> 0x0513
mem[X,0x800067D6] -> 0xFFF5
[612] [M]: 0x800067D4 (0xFFF50513) addi a0, a0, 4095
x10 <- 0xFFFFBFFF


mem[X,0x800067D8] -> 0x05B7
mem[X,0x800067DA] -> 0xF800
[613] [M]: 0x800067D8 (0xF80005B7) lui a1, 1015808
x11 <- 0xF8000000


mem[X,0x800067DC] -> 0x8593
mem[X,0x800067DE] -> 0xFFF5
[614] [M]: 0x800067DC (0xFFF58593) addi a1, a1, 4095
x11 <- 0xF7FFFFFF


mem[X,0x800067E0] -> 0x0193
mem[X,0x800067E2] -> 0x0000
[615] [M]: 0x800067E0 (0x00000193) addi gp, zero, 0
x3 <- 0x00000000


mem[X,0x800067E4] -> 0x006F
mem[X,0x800067E6] -> 0x00C0
[616] [M]: 0x800067E4 (0x00C0006F) jal zero, 12


mem[X,0x800067F0] -> 0x7063
mem[X,0x800067F2] -> 0x10B5
[617] [M]: 0x800067F0 (0x10B57063) bgeu a0, a1, 256


mem[X,0x800068F0] -> 0x8193
mem[X,0x800068F2] -> 0x0031
[618] [M]: 0x800068F0 (0x00318193) addi gp, gp, 3
x3 <- 0x00000003


mem[X,0x800068F4] -> 0x006F
mem[X,0x800068F6] -> 0x0040
[619] [M]: 0x800068F4 (0x0040006F) jal zero, 4


mem[X,0x800068F8] -> 0x2223
mem[X,0x800068FA] -> 0x0A31
[620] [M]: 0x800068F8 (0x0A312223) sw gp, 164(sp)
mem[0x8004B208] <- 0x00000003


mem[X,0x800068FC] -> 0x4537
mem[X,0x800068FE] -> 0x0000
[621] [M]: 0x800068FC (0x00004537) lui a0, 4
x10 <- 0x00004000


mem[X,0x80006900] -> 0x05B7
mem[X,0x80006902] -> 0xF000
[622] [M]: 0x80006900 (0xF00005B7) lui a1, 983040
x11 <- 0xF0000000


mem[X,0x80006904] -> 0x8593
mem[X,0x80006906] -> 0xFFF5
[623] [M]: 0x80006904 (0xFFF58593) addi a1, a1, 4095
x11 <- 0xEFFFFFFF


mem[X,0x80006908] -> 0x0193
mem[X,0x8000690A] -> 0x0000
[624] [M]: 0x80006908 (0x00000193) addi gp, zero, 0
x3 <- 0x00000000


mem[X,0x8000690C] -> 0x006F
mem[X,0x8000690E] -> 0x00C0
[625] [M]: 0x8000690C (0x00C0006F) jal zero, 12


mem[X,0x80006918] -> 0x7663
mem[X,0x8000691A] -> 0x00B5
[626] [M]: 0x80006918 (0x00B57663) bgeu a0, a1, 12


mem[X,0x8000691C] -> 0x8193
mem[X,0x8000691E] -> 0x0021
[627] [M]: 0x8000691C (0x00218193) addi gp, gp, 2
x3 <- 0x00000002


mem[X,0x80006920] -> 0x006F
mem[X,0x80006922] -> 0x00C0
[628] [M]: 0x80006920 (0x00C0006F) jal zero, 12


mem[X,0x8000692C] -> 0x2423
mem[X,0x8000692E] -> 0x0A31
[629] [M]: 0x8000692C (0x0A312423) sw gp, 168(sp)
mem[0x8004B20C] <- 0x00000002


mem[X,0x80006930] -> 0x0513
mem[X,0x80006932] -> 0x0040
[630] [M]: 0x80006930 (0x00400513) addi a0, zero, 4
x10 <- 0x00000004


mem[X,0x80006934] -> 0x05B7
mem[X,0x80006936] -> 0xE000
[631] [M]: 0x80006934 (0xE00005B7) lui a1, 917504
x11 <- 0xE0000000


mem[X,0x80006938] -> 0x8593
mem[X,0x8000693A] -> 0xFFF5
[632] [M]: 0x80006938 (0xFFF58593) addi a1, a1, 4095
x11 <- 0xDFFFFFFF


mem[X,0x8000693C] -> 0x0193
mem[X,0x8000693E] -> 0x0000
[633] [M]: 0x8000693C (0x00000193) addi gp, zero, 0
x3 <- 0x00000000


mem[X,0x80006940] -> 0x006F
mem[X,0x80006942] -> 0x00C0
[634] [M]: 0x80006940 (0x00C0006F) jal zero, 12


mem[X,0x8000694C] -> 0x7CE3
mem[X,0x8000694E] -> 0xFEB5
[635] [M]: 0x8000694C (0xFEB57CE3) bgeu a0, a1, 8184


mem[X,0x80006950] -> 0x8193
mem[X,0x80006952] -> 0x0021
[636] [M]: 0x80006950 (0x00218193) addi gp, gp, 2
x3 <- 0x00000002


mem[X,0x80006954] -> 0x006F
mem[X,0x80006956] -> 0x00C0
[637] [M]: 0x80006954 (0x00C0006F) jal zero, 12


mem[X,0x80006960] -> 0x2623
mem[X,0x80006962] -> 0x0A31
[638] [M]: 0x80006960 (0x0A312623) sw gp, 172(sp)
mem[0x8004B210] <- 0x00000002


mem[X,0x80006964] -> 0x0513
mem[X,0x80006966] -> 0x0050
[639] [M]: 0x80006964 (0x00500513) addi a0, zero, 5
x10 <- 0x00000005


mem[X,0x80006968] -> 0x05B7
mem[X,0x8000696A] -> 0xC000
[640] [M]: 0x80006968 (0xC00005B7) lui a1, 786432
x11 <- 0xC0000000


mem[X,0x8000696C] -> 0x8593
mem[X,0x8000696E] -> 0xFFF5
[641] [M]: 0x8000696C (0xFFF58593) addi a1, a1, 4095
x11 <- 0xBFFFFFFF


mem[X,0x80006970] -> 0x0193
mem[X,0x80006972] -> 0x0000
[642] [M]: 0x80006970 (0x00000193) addi gp, zero, 0
x3 <- 0x00000000


mem[X,0x80006974] -> 0x006F
mem[X,0x80006976] -> 0x00C0
[643] [M]: 0x80006974 (0x00C0006F) jal zero, 12


mem[X,0x80006980] -> 0x7063
mem[X,0x80006982] -> 0x04B5
[644] [M]: 0x80006980 (0x04B57063) bgeu a0, a1, 64


mem[X,0x80006984] -> 0x8193
mem[X,0x80006986] -> 0x0021
[645] [M]: 0x80006984 (0x00218193) addi gp, gp, 2
x3 <- 0x00000002


mem[X,0x80006988] -> 0x006F
mem[X,0x8000698A] -> 0x0400
[646] [M]: 0x80006988 (0x0400006F) jal zero, 64


mem[X,0x800069C8] -> 0x2823
mem[X,0x800069CA] -> 0x0A31
[647] [M]: 0x800069C8 (0x0A312823) sw gp, 176(sp)
mem[0x8004B214] <- 0x00000002


mem[X,0x800069CC] -> 0x0537
mem[X,0x800069CE] -> 0x0800
[648] [M]: 0x800069CC (0x08000537) lui a0, 32768
x10 <- 0x08000000


mem[X,0x800069D0] -> 0x05B7
mem[X,0x800069D2] -> 0x8000
[649] [M]: 0x800069D0 (0x800005B7) lui a1, 524288
x11 <- 0x80000000


mem[X,0x800069D4] -> 0x8593
mem[X,0x800069D6] -> 0xFFF5
[650] [M]: 0x800069D4 (0xFFF58593) addi a1, a1, 4095
x11 <- 0x7FFFFFFF


mem[X,0x800069D8] -> 0x0193
mem[X,0x800069DA] -> 0x0000
[651] [M]: 0x800069D8 (0x00000193) addi gp, zero, 0
x3 <- 0x00000000


mem[X,0x800069DC] -> 0x006F
mem[X,0x800069DE] -> 0x00C0
[652] [M]: 0x800069DC (0x00C0006F) jal zero, 12


mem[X,0x800069E8] -> 0x7CE3
mem[X,0x800069EA] -> 0xFEB5
[653] [M]: 0x800069E8 (0xFEB57CE3) bgeu a0, a1, 8184


mem[X,0x800069EC] -> 0x8193
mem[X,0x800069EE] -> 0x0021
[654] [M]: 0x800069EC (0x00218193) addi gp, gp, 2
x3 <- 0x00000002


mem[X,0x800069F0] -> 0x006F
mem[X,0x800069F2] -> 0x00C0
[655] [M]: 0x800069F0 (0x00C0006F) jal zero, 12


mem[X,0x800069FC] -> 0x2A23
mem[X,0x800069FE] -> 0x0A31
[656] [M]: 0x800069FC (0x0A312A23) sw gp, 180(sp)
mem[0x8004B218] <- 0x00000002


mem[X,0x80006A00] -> 0x0537
mem[X,0x80006A02] -> 0x0020
[657] [M]: 0x80006A00 (0x00200537) lui a0, 512
x10 <- 0x00200000


mem[X,0x80006A04] -> 0x55B7
mem[X,0x80006A06] -> 0x5555
[658] [M]: 0x80006A04 (0x555555B7) lui a1, 349525
x11 <- 0x55555000


mem[X,0x80006A08] -> 0x8593
mem[X,0x80006A0A] -> 0x5555
[659] [M]: 0x80006A08 (0x55558593) addi a1, a1, 1365
x11 <- 0x55555555


mem[X,0x80006A0C] -> 0x0193
mem[X,0x80006A0E] -> 0x0000
[660] [M]: 0x80006A0C (0x00000193) addi gp, zero, 0
x3 <- 0x00000000


mem[X,0x80006A10] -> 0x006F
mem[X,0x80006A12] -> 0x00C0
[661] [M]: 0x80006A10 (0x00C0006F) jal zero, 12


mem[X,0x80006A1C] -> 0x7663
mem[X,0x80006A1E] -> 0x00B5
[662] [M]: 0x80006A1C (0x00B57663) bgeu a0, a1, 12


mem[X,0x80006A20] -> 0x8193
mem[X,0x80006A22] -> 0x0021
[663] [M]: 0x80006A20 (0x00218193) addi gp, gp, 2
x3 <- 0x00000002


mem[X,0x80006A24] -> 0x006F
mem[X,0x80006A26] -> 0x00C0
[664] [M]: 0x80006A24 (0x00C0006F) jal zero, 12


mem[X,0x80006A30] -> 0x2C23
mem[X,0x80006A32] -> 0x0A31
[665] [M]: 0x80006A30 (0x0A312C23) sw gp, 184(sp)
mem[0x8004B21C] <- 0x00000002


mem[X,0x80006A34] -> 0x0513
mem[X,0x80006A36] -> 0xBFF0
[666] [M]: 0x80006A34 (0xBFF00513) addi a0, zero, 3071
x10 <- 0xFFFFFBFF


mem[X,0x80006A38] -> 0xB5B7
mem[X,0x80006A3A] -> 0xAAAA
[667] [M]: 0x80006A38 (0xAAAAB5B7) lui a1, 699051
x11 <- 0xAAAAB000


mem[X,0x80006A3C] -> 0x8593
mem[X,0x80006A3E] -> 0xAAA5
[668] [M]: 0x80006A3C (0xAAA58593) addi a1, a1, 2730
x11 <- 0xAAAAAAAA


mem[X,0x80006A40] -> 0x0193
mem[X,0x80006A42] -> 0x0000
[669] [M]: 0x80006A40 (0x00000193) addi gp, zero, 0
x3 <- 0x00000000


mem[X,0x80006A44] -> 0x006F
mem[X,0x80006A46] -> 0x00C0
[670] [M]: 0x80006A44 (0x00C0006F) jal zero, 12


mem[X,0x80006A50] -> 0x7663
mem[X,0x80006A52] -> 0x00B5
[671] [M]: 0x80006A50 (0x00B57663) bgeu a0, a1, 12


mem[X,0x80006A5C] -> 0x8193
mem[X,0x80006A5E] -> 0x0031
[672] [M]: 0x80006A5C (0x00318193) addi gp, gp, 3
x3 <- 0x00000003


mem[X,0x80006A60] -> 0x006F
mem[X,0x80006A62] -> 0x0040
[673] [M]: 0x80006A60 (0x0040006F) jal zero, 4


mem[X,0x80006A64] -> 0x2E23
mem[X,0x80006A66] -> 0x0A31
[674] [M]: 0x80006A64 (0x0A312E23) sw gp, 188(sp)
mem[0x8004B220] <- 0x00000003


mem[X,0x80006A68] -> 0x0513
mem[X,0x80006A6A] -> 0x0100
[675] [M]: 0x80006A68 (0x01000513) addi a0, zero, 16
x10 <- 0x00000010


mem[X,0x80006A6C] -> 0x0593
mem[X,0x80006A6E] -> 0x0200
[676] [M]: 0x80006A6C (0x02000593) addi a1, zero, 32
x11 <- 0x00000020


mem[X,0x80006A70] -> 0x0193
mem[X,0x80006A72] -> 0x0000
[677] [M]: 0x80006A70 (0x00000193) addi gp, zero, 0
x3 <- 0x00000000


mem[X,0x80006A74] -> 0x006F
mem[X,0x80006A76] -> 0x00C0
[678] [M]: 0x80006A74 (0x00C0006F) jal zero, 12


mem[X,0x80006A80] -> 0x7063
mem[X,0x80006A82] -> 0x04B5
[679] [M]: 0x80006A80 (0x04B57063) bgeu a0, a1, 64


mem[X,0x80006A84] -> 0x8193
mem[X,0x80006A86] -> 0x0021
[680] [M]: 0x80006A84 (0x00218193) addi gp, gp, 2
x3 <- 0x00000002


mem[X,0x80006A88] -> 0x006F
mem[X,0x80006A8A] -> 0x0400
[681] [M]: 0x80006A88 (0x0400006F) jal zero, 64


mem[X,0x80006AC8] -> 0x2023
mem[X,0x80006ACA] -> 0x0C31
[682] [M]: 0x80006AC8 (0x0C312023) sw gp, 192(sp)
mem[0x8004B224] <- 0x00000002


mem[X,0x80006ACC] -> 0x0513
mem[X,0x80006ACE] -> 0x0200
[683] [M]: 0x80006ACC (0x02000513) addi a0, zero, 32
x10 <- 0x00000020


mem[X,0x80006AD0] -> 0x0593
mem[X,0x80006AD2] -> 0xEFF0
[684] [M]: 0x80006AD0 (0xEFF00593) addi a1, zero, 3839
x11 <- 0xFFFFFEFF


mem[X,0x80006AD4] -> 0x0193
mem[X,0x80006AD6] -> 0x0000
[685] [M]: 0x80006AD4 (0x00000193) addi gp, zero, 0
x3 <- 0x00000000


mem[X,0x80006AD8] -> 0x006F
mem[X,0x80006ADA] -> 0x2B10
[686] [M]: 0x80006AD8 (0x2B10006F) jal zero, 2736


mem[X,0x80007588] -> 0x7A63
mem[X,0x8000758A] -> 0xD4B5
[687] [M]: 0x80007588 (0xD4B57A63) bgeu a0, a1, 5460


mem[X,0x8000758C] -> 0x8193
mem[X,0x8000758E] -> 0x0021
[688] [M]: 0x8000758C (0x00218193) addi gp, gp, 2
x3 <- 0x00000002


mem[X,0x80007590] -> 0x006F
mem[X,0x80007592] -> 0x00C0
[689] [M]: 0x80007590 (0x00C0006F) jal zero, 12


mem[X,0x8000759C] -> 0x2223
mem[X,0x8000759E] -> 0x0C31
[690] [M]: 0x8000759C (0x0C312223) sw gp, 196(sp)
mem[0x8004B228] <- 0x00000002


mem[X,0x800075A0] -> 0x0513
mem[X,0x800075A2] -> 0x0400
[691] [M]: 0x800075A0 (0x04000513) addi a0, zero, 64
x10 <- 0x00000040


mem[X,0x800075A4] -> 0x05B7
mem[X,0x800075A6] -> 0xF800
[692] [M]: 0x800075A4 (0xF80005B7) lui a1, 1015808
x11 <- 0xF8000000


mem[X,0x800075A8] -> 0x8593
mem[X,0x800075AA] -> 0xFFF5
[693] [M]: 0x800075A8 (0xFFF58593) addi a1, a1, 4095
x11 <- 0xF7FFFFFF


mem[X,0x800075AC] -> 0x0193
mem[X,0x800075AE] -> 0x0000
[694] [M]: 0x800075AC (0x00000193) addi gp, zero, 0
x3 <- 0x00000000


mem[X,0x800075B0] -> 0x006F
mem[X,0x800075B2] -> 0x00C0
[695] [M]: 0x800075B0 (0x00C0006F) jal zero, 12


mem[X,0x800075BC] -> 0x7663
mem[X,0x800075BE] -> 0x00B5
[696] [M]: 0x800075BC (0x00B57663) bgeu a0, a1, 12


mem[X,0x800075C0] -> 0x8193
mem[X,0x800075C2] -> 0x0021
[697] [M]: 0x800075C0 (0x00218193) addi gp, gp, 2
x3 <- 0x00000002


mem[X,0x800075C4] -> 0x006F
mem[X,0x800075C6] -> 0x00C0
[698] [M]: 0x800075C4 (0x00C0006F) jal zero, 12


mem[X,0x800075D0] -> 0x2423
mem[X,0x800075D2] -> 0x0C31
[699] [M]: 0x800075D0 (0x0C312423) sw gp, 200(sp)
mem[0x8004B22C] <- 0x00000002


clint::tick mtime <- 0x0000000000000007
 clint timer pending at mtime 0x0000000000000007
htif::tick 0x0000000000000000
mem[X,0x800075D4] -> 0x0513
mem[X,0x800075D6] -> 0x1000
[700] [M]: 0x800075D4 (0x10000513) addi a0, zero, 256
x10 <- 0x00000100


mem[X,0x800075D8] -> 0x0593
mem[X,0x800075DA] -> 0xFF70
[701] [M]: 0x800075D8 (0xFF700593) addi a1, zero, 4087
x11 <- 0xFFFFFFF7


mem[X,0x800075DC] -> 0x0193
mem[X,0x800075DE] -> 0x0000
[702] [M]: 0x800075DC (0x00000193) addi gp, zero, 0
x3 <- 0x00000000


mem[X,0x800075E0] -> 0x006F
mem[X,0x800075E2] -> 0x00C0
[703] [M]: 0x800075E0 (0x00C0006F) jal zero, 12


mem[X,0x800075EC] -> 0x7063
mem[X,0x800075EE] -> 0x40B5
[704] [M]: 0x800075EC (0x40B57063) bgeu a0, a1, 1024


mem[X,0x800075F0] -> 0x8193
mem[X,0x800075F2] -> 0x0021
[705] [M]: 0x800075F0 (0x00218193) addi gp, gp, 2
x3 <- 0x00000002


mem[X,0x800075F4] -> 0x006F
mem[X,0x800075F6] -> 0x4000
[706] [M]: 0x800075F4 (0x4000006F) jal zero, 1024


mem[X,0x800079F4] -> 0x2623
mem[X,0x800079F6] -> 0x0C31
[707] [M]: 0x800079F4 (0x0C312623) sw gp, 204(sp)
mem[0x8004B230] <- 0x00000002


mem[X,0x800079F8] -> 0x0513
mem[X,0x800079FA] -> 0x2000
[708] [M]: 0x800079F8 (0x20000513) addi a0, zero, 512
x10 <- 0x00000200


mem[X,0x800079FC] -> 0x05B7
mem[X,0x800079FE] -> 0x0040
[709] [M]: 0x800079FC (0x004005B7) lui a1, 1024
x11 <- 0x00400000


mem[X,0x80007A00] -> 0x0193
mem[X,0x80007A02] -> 0x0000
[710] [M]: 0x80007A00 (0x00000193) addi gp, zero, 0
x3 <- 0x00000000


mem[X,0x80007A04] -> 0x006F
mem[X,0x80007A06] -> 0x00C0
[711] [M]: 0x80007A04 (0x00C0006F) jal zero, 12


mem[X,0x80007A10] -> 0x7063
mem[X,0x80007A12] -> 0x10B5
[712] [M]: 0x80007A10 (0x10B57063) bgeu a0, a1, 256


mem[X,0x80007A14] -> 0x8193
mem[X,0x80007A16] -> 0x0021
[713] [M]: 0x80007A14 (0x00218193) addi gp, gp, 2
x3 <- 0x00000002


mem[X,0x80007A18] -> 0x006F
mem[X,0x80007A1A] -> 0x1000
[714] [M]: 0x80007A18 (0x1000006F) jal zero, 256


mem[X,0x80007B18] -> 0x2823
mem[X,0x80007B1A] -> 0x0C31
[715] [M]: 0x80007B18 (0x0C312823) sw gp, 208(sp)
mem[0x8004B234] <- 0x00000002


mem[X,0x80007B1C] -> 0x0513
mem[X,0x80007B1E] -> 0x4000
[716] [M]: 0x80007B1C (0x40000513) addi a0, zero, 1024
x10 <- 0x00000400


mem[X,0x80007B20] -> 0xC5B7
mem[X,0x80007B22] -> 0xFFFF
[717] [M]: 0x80007B20 (0xFFFFC5B7) lui a1, 1048572
x11 <- 0xFFFFC000


mem[X,0x80007B24] -> 0x8593
mem[X,0x80007B26] -> 0xFFF5
[718] [M]: 0x80007B24 (0xFFF58593) addi a1, a1, 4095
x11 <- 0xFFFFBFFF


mem[X,0x80007B28] -> 0x0193
mem[X,0x80007B2A] -> 0x0000
[719] [M]: 0x80007B28 (0x00000193) addi gp, zero, 0
x3 <- 0x00000000


mem[X,0x80007B2C] -> 0x006F
mem[X,0x80007B2E] -> 0x00C0
[720] [M]: 0x80007B2C (0x00C0006F) jal zero, 12


mem[X,0x80007B38] -> 0x7CE3
mem[X,0x80007B3A] -> 0xFEB5
[721] [M]: 0x80007B38 (0xFEB57CE3) bgeu a0, a1, 8184


mem[X,0x80007B3C] -> 0x8193
mem[X,0x80007B3E] -> 0x0021
[722] [M]: 0x80007B3C (0x00218193) addi gp, gp, 2
x3 <- 0x00000002


mem[X,0x80007B40] -> 0x006F
mem[X,0x80007B42] -> 0x00C0
[723] [M]: 0x80007B40 (0x00C0006F) jal zero, 12


mem[X,0x80007B4C] -> 0x2A23
mem[X,0x80007B4E] -> 0x0C31
[724] [M]: 0x80007B4C (0x0C312A23) sw gp, 212(sp)
mem[0x8004B238] <- 0x00000002


mem[X,0x80007B50] -> 0x1537
mem[X,0x80007B52] -> 0x0000
[725] [M]: 0x80007B50 (0x00001537) lui a0, 1
x10 <- 0x00001000


mem[X,0x80007B54] -> 0x0513
mem[X,0x80007B56] -> 0x8005
[726] [M]: 0x80007B54 (0x80050513) addi a0, a0, 2048
x10 <- 0x00000800


mem[X,0x80007B58] -> 0xB5B7
mem[X,0x80007B5A] -> 0xAAAA
[727] [M]: 0x80007B58 (0xAAAAB5B7) lui a1, 699051
x11 <- 0xAAAAB000


mem[X,0x80007B5C] -> 0x8593
mem[X,0x80007B5E] -> 0xAAA5
[728] [M]: 0x80007B5C (0xAAA58593) addi a1, a1, 2730
x11 <- 0xAAAAAAAA


mem[X,0x80007B60] -> 0x0193
mem[X,0x80007B62] -> 0x0000
[729] [M]: 0x80007B60 (0x00000193) addi gp, zero, 0
x3 <- 0x00000000


mem[X,0x80007B64] -> 0x006F
mem[X,0x80007B66] -> 0x00C0
[730] [M]: 0x80007B64 (0x00C0006F) jal zero, 12


mem[X,0x80007B70] -> 0x7063
mem[X,0x80007B72] -> 0x40B5
[731] [M]: 0x80007B70 (0x40B57063) bgeu a0, a1, 1024


mem[X,0x80007B74] -> 0x8193
mem[X,0x80007B76] -> 0x0021
[732] [M]: 0x80007B74 (0x00218193) addi gp, gp, 2
x3 <- 0x00000002


mem[X,0x80007B78] -> 0x006F
mem[X,0x80007B7A] -> 0x4000
[733] [M]: 0x80007B78 (0x4000006F) jal zero, 1024


mem[X,0x80007F78] -> 0x2C23
mem[X,0x80007F7A] -> 0x0C31
[734] [M]: 0x80007F78 (0x0C312C23) sw gp, 216(sp)
mem[0x8004B23C] <- 0x00000002


mem[X,0x80007F7C] -> 0x1537
mem[X,0x80007F7E] -> 0x0000
[735] [M]: 0x80007F7C (0x00001537) lui a0, 1
x10 <- 0x00001000


mem[X,0x80007F80] -> 0x15B7
mem[X,0x80007F82] -> 0x0000
[736] [M]: 0x80007F80 (0x000015B7) lui a1, 1
x11 <- 0x00001000


mem[X,0x80007F84] -> 0x0193
mem[X,0x80007F86] -> 0x0000
[737] [M]: 0x80007F84 (0x00000193) addi gp, zero, 0
x3 <- 0x00000000


mem[X,0x80007F88] -> 0x006F
mem[X,0x80007F8A] -> 0x00C0
[738] [M]: 0x80007F88 (0x00C0006F) jal zero, 12


mem[X,0x80007F94] -> 0x7663
mem[X,0x80007F96] -> 0x00B5
[739] [M]: 0x80007F94 (0x00B57663) bgeu a0, a1, 12


mem[X,0x80007FA0] -> 0x8193
mem[X,0x80007FA2] -> 0x0031
[740] [M]: 0x80007FA0 (0x00318193) addi gp, gp, 3
x3 <- 0x00000003


mem[X,0x80007FA4] -> 0x006F
mem[X,0x80007FA6] -> 0x0040
[741] [M]: 0x80007FA4 (0x0040006F) jal zero, 4


mem[X,0x80007FA8] -> 0x2E23
mem[X,0x80007FAA] -> 0x0C31
[742] [M]: 0x80007FA8 (0x0C312E23) sw gp, 220(sp)
mem[0x8004B240] <- 0x00000003


mem[X,0x80007FAC] -> 0x2537
mem[X,0x80007FAE] -> 0x0000
[743] [M]: 0x80007FAC (0x00002537) lui a0, 2
x10 <- 0x00002000


mem[X,0x80007FB0] -> 0x0593
mem[X,0x80007FB2] -> 0x0010
[744] [M]: 0x80007FB0 (0x00100593) addi a1, zero, 1
x11 <- 0x00000001


mem[X,0x80007FB4] -> 0x0193
mem[X,0x80007FB6] -> 0x0000
[745] [M]: 0x80007FB4 (0x00000193) addi gp, zero, 0
x3 <- 0x00000000


mem[X,0x80007FB8] -> 0x006F
mem[X,0x80007FBA] -> 0x2B10
[746] [M]: 0x80007FB8 (0x2B10006F) jal zero, 2736


mem[X,0x80008A68] -> 0x7A63
mem[X,0x80008A6A] -> 0xD4B5
[747] [M]: 0x80008A68 (0xD4B57A63) bgeu a0, a1, 5460


mem[X,0x80007FBC] -> 0x8193
mem[X,0x80007FBE] -> 0x0011
[748] [M]: 0x80007FBC (0x00118193) addi gp, gp, 1
x3 <- 0x00000001


mem[X,0x80007FC0] -> 0x006F
mem[X,0x80007FC2] -> 0x2BD0
[749] [M]: 0x80007FC0 (0x2BD0006F) jal zero, 2748


mem[X,0x80008A7C] -> 0x2023
mem[X,0x80008A7E] -> 0x0E31
[750] [M]: 0x80008A7C (0x0E312023) sw gp, 224(sp)
mem[0x8004B244] <- 0x00000001


mem[X,0x80008A80] -> 0x8537
mem[X,0x80008A82] -> 0x0000
[751] [M]: 0x80008A80 (0x00008537) lui a0, 8
x10 <- 0x00008000


mem[X,0x80008A84] -> 0xF5B7
mem[X,0x80008A86] -> 0xFFFF
[752] [M]: 0x80008A84 (0xFFFFF5B7) lui a1, 1048575
x11 <- 0xFFFFF000


mem[X,0x80008A88] -> 0x8593
mem[X,0x80008A8A] -> 0x7FF5
[753] [M]: 0x80008A88 (0x7FF58593) addi a1, a1, 2047
x11 <- 0xFFFFF7FF


mem[X,0x80008A8C] -> 0x0193
mem[X,0x80008A8E] -> 0x0000
[754] [M]: 0x80008A8C (0x00000193) addi gp, zero, 0
x3 <- 0x00000000


mem[X,0x80008A90] -> 0x006F
mem[X,0x80008A92] -> 0x0100
[755] [M]: 0x80008A90 (0x0100006F) jal zero, 16


mem[X,0x80008AA0] -> 0x7AE3
mem[X,0x80008AA2] -> 0xFEB5
[756] [M]: 0x80008AA0 (0xFEB57AE3) bgeu a0, a1, 8180


mem[X,0x80008AA4] -> 0x8193
mem[X,0x80008AA6] -> 0x0021
[757] [M]: 0x80008AA4 (0x00218193) addi gp, gp, 2
x3 <- 0x00000002


mem[X,0x80008AA8] -> 0x006F
mem[X,0x80008AAA] -> 0x00C0
[758] [M]: 0x80008AA8 (0x00C0006F) jal zero, 12


mem[X,0x80008AB4] -> 0x2223
mem[X,0x80008AB6] -> 0x0E31
[759] [M]: 0x80008AB4 (0x0E312223) sw gp, 228(sp)
mem[0x8004B248] <- 0x00000002


mem[X,0x80008AB8] -> 0x0537
mem[X,0x80008ABA] -> 0x0001
[760] [M]: 0x80008AB8 (0x00010537) lui a0, 16
x10 <- 0x00010000


mem[X,0x80008ABC] -> 0x55B7
mem[X,0x80008ABE] -> 0x5555
[761] [M]: 0x80008ABC (0x555555B7) lui a1, 349525
x11 <- 0x55555000


mem[X,0x80008AC0] -> 0x8593
mem[X,0x80008AC2] -> 0x5555
[762] [M]: 0x80008AC0 (0x55558593) addi a1, a1, 1365
x11 <- 0x55555555


mem[X,0x80008AC4] -> 0x0193
mem[X,0x80008AC6] -> 0x0000
[763] [M]: 0x80008AC4 (0x00000193) addi gp, zero, 0
x3 <- 0x00000000


mem[X,0x80008AC8] -> 0x006F
mem[X,0x80008ACA] -> 0x00C0
[764] [M]: 0x80008AC8 (0x00C0006F) jal zero, 12


mem[X,0x80008AD4] -> 0x7663
mem[X,0x80008AD6] -> 0x00B5
[765] [M]: 0x80008AD4 (0x00B57663) bgeu a0, a1, 12


mem[X,0x80008AD8] -> 0x8193
mem[X,0x80008ADA] -> 0x0021
[766] [M]: 0x80008AD8 (0x00218193) addi gp, gp, 2
x3 <- 0x00000002


mem[X,0x80008ADC] -> 0x006F
mem[X,0x80008ADE] -> 0x00C0
[767] [M]: 0x80008ADC (0x00C0006F) jal zero, 12


mem[X,0x80008AE8] -> 0x2423
mem[X,0x80008AEA] -> 0x0E31
[768] [M]: 0x80008AE8 (0x0E312423) sw gp, 232(sp)
mem[0x8004B24C] <- 0x00000002


mem[X,0x80008AEC] -> 0x0537
mem[X,0x80008AEE] -> 0x0002
[769] [M]: 0x80008AEC (0x00020537) lui a0, 32
x10 <- 0x00020000


mem[X,0x80008AF0] -> 0x05B7
mem[X,0x80008AF2] -> 0x0002
[770] [M]: 0x80008AF0 (0x000205B7) lui a1, 32
x11 <- 0x00020000


mem[X,0x80008AF4] -> 0x0193
mem[X,0x80008AF6] -> 0x0000
[771] [M]: 0x80008AF4 (0x00000193) addi gp, zero, 0
x3 <- 0x00000000


mem[X,0x80008AF8] -> 0x006F
mem[X,0x80008AFA] -> 0x00C0
[772] [M]: 0x80008AF8 (0x00C0006F) jal zero, 12


mem[X,0x80008B04] -> 0x7663
mem[X,0x80008B06] -> 0x00B5
[773] [M]: 0x80008B04 (0x00B57663) bgeu a0, a1, 12


mem[X,0x80008B10] -> 0x8193
mem[X,0x80008B12] -> 0x0031
[774] [M]: 0x80008B10 (0x00318193) addi gp, gp, 3
x3 <- 0x00000003


mem[X,0x80008B14] -> 0x006F
mem[X,0x80008B16] -> 0x0040
[775] [M]: 0x80008B14 (0x0040006F) jal zero, 4


mem[X,0x80008B18] -> 0x2623
mem[X,0x80008B1A] -> 0x0E31
[776] [M]: 0x80008B18 (0x0E312623) sw gp, 236(sp)
mem[0x8004B250] <- 0x00000003


mem[X,0x80008B1C] -> 0x0537
mem[X,0x80008B1E] -> 0x0004
[777] [M]: 0x80008B1C (0x00040537) lui a0, 64
x10 <- 0x00040000


mem[X,0x80008B20] -> 0x05B7
mem[X,0x80008B22] -> 0x0800
[778] [M]: 0x80008B20 (0x080005B7) lui a1, 32768
x11 <- 0x08000000


mem[X,0x80008B24] -> 0x0193
mem[X,0x80008B26] -> 0x0000
[779] [M]: 0x80008B24 (0x00000193) addi gp, zero, 0
x3 <- 0x00000000


mem[X,0x80008B28] -> 0x006F
mem[X,0x80008B2A] -> 0x00C0
[780] [M]: 0x80008B28 (0x00C0006F) jal zero, 12


mem[X,0x80008B34] -> 0x7863
mem[X,0x80008B36] -> 0x00B5
[781] [M]: 0x80008B34 (0x00B57863) bgeu a0, a1, 16


mem[X,0x80008B38] -> 0x8193
mem[X,0x80008B3A] -> 0x0021
[782] [M]: 0x80008B38 (0x00218193) addi gp, gp, 2
x3 <- 0x00000002


mem[X,0x80008B3C] -> 0x006F
mem[X,0x80008B3E] -> 0x0100
[783] [M]: 0x80008B3C (0x0100006F) jal zero, 16


mem[X,0x80008B4C] -> 0x2823
mem[X,0x80008B4E] -> 0x0E31
[784] [M]: 0x80008B4C (0x0E312823) sw gp, 240(sp)
mem[0x8004B254] <- 0x00000002


mem[X,0x80008B50] -> 0x0537
mem[X,0x80008B52] -> 0x0010
[785] [M]: 0x80008B50 (0x00100537) lui a0, 256
x10 <- 0x00100000


mem[X,0x80008B54] -> 0x0593
mem[X,0x80008B56] -> 0x0090
[786] [M]: 0x80008B54 (0x00900593) addi a1, zero, 9
x11 <- 0x00000009


mem[X,0x80008B58] -> 0x0193
mem[X,0x80008B5A] -> 0x0000
[787] [M]: 0x80008B58 (0x00000193) addi gp, zero, 0
x3 <- 0x00000000


mem[X,0x80008B5C] -> 0x006F
mem[X,0x80008B5E] -> 0x00C0
[788] [M]: 0x80008B5C (0x00C0006F) jal zero, 12


mem[X,0x80008B68] -> 0x7863
mem[X,0x80008B6A] -> 0x00B5
[789] [M]: 0x80008B68 (0x00B57863) bgeu a0, a1, 16


mem[X,0x80008B78] -> 0x8193
mem[X,0x80008B7A] -> 0x0031
[790] [M]: 0x80008B78 (0x00318193) addi gp, gp, 3
x3 <- 0x00000003


mem[X,0x80008B7C] -> 0x006F
mem[X,0x80008B7E] -> 0x0040
[791] [M]: 0x80008B7C (0x0040006F) jal zero, 4


mem[X,0x80008B80] -> 0x2A23
mem[X,0x80008B82] -> 0x0E31
[792] [M]: 0x80008B80 (0x0E312A23) sw gp, 244(sp)
mem[0x8004B258] <- 0x00000003


mem[X,0x80008B84] -> 0x0537
mem[X,0x80008B86] -> 0x0040
[793] [M]: 0x80008B84 (0x00400537) lui a0, 1024
x10 <- 0x00400000


mem[X,0x80008B88] -> 0x85B7
mem[X,0x80008B8A] -> 0x0000
[794] [M]: 0x80008B88 (0x000085B7) lui a1, 8
x11 <- 0x00008000


mem[X,0x80008B8C] -> 0x0193
mem[X,0x80008B8E] -> 0x0000
[795] [M]: 0x80008B8C (0x00000193) addi gp, zero, 0
x3 <- 0x00000000


mem[X,0x80008B90] -> 0x006F
mem[X,0x80008B92] -> 0x00C0
[796] [M]: 0x80008B90 (0x00C0006F) jal zero, 12


mem[X,0x80008B9C] -> 0x7063
mem[X,0x80008B9E] -> 0x10B5
[797] [M]: 0x80008B9C (0x10B57063) bgeu a0, a1, 256


mem[X,0x80008C9C] -> 0x8193
mem[X,0x80008C9E] -> 0x0031
[798] [M]: 0x80008C9C (0x00318193) addi gp, gp, 3
x3 <- 0x00000003


mem[X,0x80008CA0] -> 0x006F
mem[X,0x80008CA2] -> 0x0040
[799] [M]: 0x80008CA0 (0x0040006F) jal zero, 4


clint::tick mtime <- 0x0000000000000008
 clint timer pending at mtime 0x0000000000000008
htif::tick 0x0000000000000000
mem[X,0x80008CA4] -> 0x2C23
mem[X,0x80008CA6] -> 0x0E31
[800] [M]: 0x80008CA4 (0x0E312C23) sw gp, 248(sp)
mem[0x8004B25C] <- 0x00000003


mem[X,0x80008CA8] -> 0x0537
mem[X,0x80008CAA] -> 0x1000
[801] [M]: 0x80008CA8 (0x10000537) lui a0, 65536
x10 <- 0x10000000


mem[X,0x80008CAC] -> 0x55B7
mem[X,0x80008CAE] -> 0x5555
[802] [M]: 0x80008CAC (0x555555B7) lui a1, 349525
x11 <- 0x55555000


mem[X,0x80008CB0] -> 0x8593
mem[X,0x80008CB2] -> 0x5555
[803] [M]: 0x80008CB0 (0x55558593) addi a1, a1, 1365
x11 <- 0x55555555


mem[X,0x80008CB4] -> 0x0193
mem[X,0x80008CB6] -> 0x0000
[804] [M]: 0x80008CB4 (0x00000193) addi gp, zero, 0
x3 <- 0x00000000


mem[X,0x80008CB8] -> 0x006F
mem[X,0x80008CBA] -> 0x00C0
[805] [M]: 0x80008CB8 (0x00C0006F) jal zero, 12


mem[X,0x80008CC4] -> 0x7CE3
mem[X,0x80008CC6] -> 0xFEB5
[806] [M]: 0x80008CC4 (0xFEB57CE3) bgeu a0, a1, 8184


mem[X,0x80008CC8] -> 0x8193
mem[X,0x80008CCA] -> 0x0021
[807] [M]: 0x80008CC8 (0x00218193) addi gp, gp, 2
x3 <- 0x00000002


mem[X,0x80008CCC] -> 0x006F
mem[X,0x80008CCE] -> 0x00C0
[808] [M]: 0x80008CCC (0x00C0006F) jal zero, 12


mem[X,0x80008CD8] -> 0x2E23
mem[X,0x80008CDA] -> 0x0E31
[809] [M]: 0x80008CD8 (0x0E312E23) sw gp, 252(sp)
mem[0x8004B260] <- 0x00000002


mem[X,0x80008CDC] -> 0x0537
mem[X,0x80008CDE] -> 0x2000
[810] [M]: 0x80008CDC (0x20000537) lui a0, 131072
x10 <- 0x20000000


mem[X,0x80008CE0] -> 0x0593
mem[X,0x80008CE2] -> 0x0800
[811] [M]: 0x80008CE0 (0x08000593) addi a1, zero, 128
x11 <- 0x00000080


mem[X,0x80008CE4] -> 0x0193
mem[X,0x80008CE6] -> 0x0000
[812] [M]: 0x80008CE4 (0x00000193) addi gp, zero, 0
x3 <- 0x00000000


mem[X,0x80008CE8] -> 0x006F
mem[X,0x80008CEA] -> 0x2B10
[813] [M]: 0x80008CE8 (0x2B10006F) jal zero, 2736


mem[X,0x80009798] -> 0x7A63
mem[X,0x8000979A] -> 0xD4B5
[814] [M]: 0x80009798 (0xD4B57A63) bgeu a0, a1, 5460


mem[X,0x80008CEC] -> 0x8193
mem[X,0x80008CEE] -> 0x0011
[815] [M]: 0x80008CEC (0x00118193) addi gp, gp, 1
x3 <- 0x00000001


mem[X,0x80008CF0] -> 0x006F
mem[X,0x80008CF2] -> 0x2BD0
[816] [M]: 0x80008CF0 (0x2BD0006F) jal zero, 2748


mem[X,0x800097AC] -> 0x2023
mem[X,0x800097AE] -> 0x1031
[817] [M]: 0x800097AC (0x10312023) sw gp, 256(sp)
mem[0x8004B264] <- 0x00000001


mem[X,0x800097B0] -> 0x0537
mem[X,0x800097B2] -> 0x4000
[818] [M]: 0x800097B0 (0x40000537) lui a0, 262144
x10 <- 0x40000000


mem[X,0x800097B4] -> 0x0593
mem[X,0x800097B6] -> 0xFBF0
[819] [M]: 0x800097B4 (0xFBF00593) addi a1, zero, 4031
x11 <- 0xFFFFFFBF


mem[X,0x800097B8] -> 0x0193
mem[X,0x800097BA] -> 0x0000
[820] [M]: 0x800097B8 (0x00000193) addi gp, zero, 0
x3 <- 0x00000000


mem[X,0x800097BC] -> 0x006F
mem[X,0x800097BE] -> 0x0180
[821] [M]: 0x800097BC (0x0180006F) jal zero, 24


mem[X,0x800097D4] -> 0x76E3
mem[X,0x800097D6] -> 0xFEB5
[822] [M]: 0x800097D4 (0xFEB576E3) bgeu a0, a1, 8172


mem[X,0x800097D8] -> 0x8193
mem[X,0x800097DA] -> 0x0021
[823] [M]: 0x800097D8 (0x00218193) addi gp, gp, 2
x3 <- 0x00000002


mem[X,0x800097DC] -> 0x006F
mem[X,0x800097DE] -> 0x00C0
[824] [M]: 0x800097DC (0x00C0006F) jal zero, 12


mem[X,0x800097E8] -> 0x2223
mem[X,0x800097EA] -> 0x1031
[825] [M]: 0x800097E8 (0x10312223) sw gp, 260(sp)
mem[0x8004B268] <- 0x00000002


mem[X,0x800097EC] -> 0x0537
mem[X,0x800097EE] -> 0x8000
[826] [M]: 0x800097EC (0x80000537) lui a0, 524288
x10 <- 0x80000000


mem[X,0x800097F0] -> 0x05B7
mem[X,0x800097F2] -> 0x0400
[827] [M]: 0x800097F0 (0x040005B7) lui a1, 16384
x11 <- 0x04000000


mem[X,0x800097F4] -> 0x0193
mem[X,0x800097F6] -> 0x0000
[828] [M]: 0x800097F4 (0x00000193) addi gp, zero, 0
x3 <- 0x00000000


mem[X,0x800097F8] -> 0x006F
mem[X,0x800097FA] -> 0x00C0
[829] [M]: 0x800097F8 (0x00C0006F) jal zero, 12


mem[X,0x80009804] -> 0x7063
mem[X,0x80009806] -> 0x10B5
[830] [M]: 0x80009804 (0x10B57063) bgeu a0, a1, 256


mem[X,0x80009904] -> 0x8193
mem[X,0x80009906] -> 0x0031
[831] [M]: 0x80009904 (0x00318193) addi gp, gp, 3
x3 <- 0x00000003


mem[X,0x80009908] -> 0x006F
mem[X,0x8000990A] -> 0x0040
[832] [M]: 0x80009908 (0x0040006F) jal zero, 4


mem[X,0x8000990C] -> 0x2423
mem[X,0x8000990E] -> 0x1031
[833] [M]: 0x8000990C (0x10312423) sw gp, 264(sp)
mem[0x8004B26C] <- 0x00000003


mem[X,0x80009910] -> 0x0513
mem[X,0x80009912] -> 0xFFD0
[834] [M]: 0x80009910 (0xFFD00513) addi a0, zero, 4093
x10 <- 0xFFFFFFFD


mem[X,0x80009914] -> 0x0593
mem[X,0x80009916] -> 0xFFD0
[835] [M]: 0x80009914 (0xFFD00593) addi a1, zero, 4093
x11 <- 0xFFFFFFFD


mem[X,0x80009918] -> 0x0193
mem[X,0x8000991A] -> 0x0000
[836] [M]: 0x80009918 (0x00000193) addi gp, zero, 0
x3 <- 0x00000000


mem[X,0x8000991C] -> 0x006F
mem[X,0x8000991E] -> 0x00C0
[837] [M]: 0x8000991C (0x00C0006F) jal zero, 12


mem[X,0x80009928] -> 0x7063
mem[X,0x8000992A] -> 0x04B5
[838] [M]: 0x80009928 (0x04B57063) bgeu a0, a1, 64


mem[X,0x80009968] -> 0x8193
mem[X,0x8000996A] -> 0x0031
[839] [M]: 0x80009968 (0x00318193) addi gp, gp, 3
x3 <- 0x00000003


mem[X,0x8000996C] -> 0x006F
mem[X,0x8000996E] -> 0x0040
[840] [M]: 0x8000996C (0x0040006F) jal zero, 4


mem[X,0x80009970] -> 0x2623
mem[X,0x80009972] -> 0x1031
[841] [M]: 0x80009970 (0x10312623) sw gp, 268(sp)
mem[0x8004B270] <- 0x00000003


mem[X,0x80009974] -> 0x0513
mem[X,0x80009976] -> 0xFFB0
[842] [M]: 0x80009974 (0xFFB00513) addi a0, zero, 4091
x10 <- 0xFFFFFFFB


mem[X,0x80009978] -> 0x0593
mem[X,0x8000997A] -> 0x0400
[843] [M]: 0x80009978 (0x04000593) addi a1, zero, 64
x11 <- 0x00000040


mem[X,0x8000997C] -> 0x0193
mem[X,0x8000997E] -> 0x0000
[844] [M]: 0x8000997C (0x00000193) addi gp, zero, 0
x3 <- 0x00000000


mem[X,0x80009980] -> 0x006F
mem[X,0x80009982] -> 0x00C0
[845] [M]: 0x80009980 (0x00C0006F) jal zero, 12


mem[X,0x8000998C] -> 0x7063
mem[X,0x8000998E] -> 0x04B5
[846] [M]: 0x8000998C (0x04B57063) bgeu a0, a1, 64


mem[X,0x800099CC] -> 0x8193
mem[X,0x800099CE] -> 0x0031
[847] [M]: 0x800099CC (0x00318193) addi gp, gp, 3
x3 <- 0x00000003


mem[X,0x800099D0] -> 0x006F
mem[X,0x800099D2] -> 0x0040
[848] [M]: 0x800099D0 (0x0040006F) jal zero, 4


mem[X,0x800099D4] -> 0x2823
mem[X,0x800099D6] -> 0x1031
[849] [M]: 0x800099D4 (0x10312823) sw gp, 272(sp)
mem[0x8004B274] <- 0x00000003


mem[X,0x800099D8] -> 0x0513
mem[X,0x800099DA] -> 0xFF70
[850] [M]: 0x800099D8 (0xFF700513) addi a0, zero, 4087
x10 <- 0xFFFFFFF7


mem[X,0x800099DC] -> 0xB5B7
mem[X,0x800099DE] -> 0xAAAA
[851] [M]: 0x800099DC (0xAAAAB5B7) lui a1, 699051
x11 <- 0xAAAAB000


mem[X,0x800099E0] -> 0x8593
mem[X,0x800099E2] -> 0xAAA5
[852] [M]: 0x800099E0 (0xAAA58593) addi a1, a1, 2730
x11 <- 0xAAAAAAAA


mem[X,0x800099E4] -> 0x0193
mem[X,0x800099E6] -> 0x0000
[853] [M]: 0x800099E4 (0x00000193) addi gp, zero, 0
x3 <- 0x00000000


mem[X,0x800099E8] -> 0x006F
mem[X,0x800099EA] -> 0x0100
[854] [M]: 0x800099E8 (0x0100006F) jal zero, 16


mem[X,0x800099F8] -> 0x7AE3
mem[X,0x800099FA] -> 0xFEB5
[855] [M]: 0x800099F8 (0xFEB57AE3) bgeu a0, a1, 8180


mem[X,0x800099EC] -> 0x8193
mem[X,0x800099EE] -> 0x0011
[856] [M]: 0x800099EC (0x00118193) addi gp, gp, 1
x3 <- 0x00000001


mem[X,0x800099F0] -> 0x006F
mem[X,0x800099F2] -> 0x01C0
[857] [M]: 0x800099F0 (0x01C0006F) jal zero, 28


mem[X,0x80009A0C] -> 0x2A23
mem[X,0x80009A0E] -> 0x1031
[858] [M]: 0x80009A0C (0x10312A23) sw gp, 276(sp)
mem[0x8004B278] <- 0x00000001


mem[X,0x80009A10] -> 0x0513
mem[X,0x80009A12] -> 0xFEF0
[859] [M]: 0x80009A10 (0xFEF00513) addi a0, zero, 4079
x10 <- 0xFFFFFFEF


mem[X,0x80009A14] -> 0x0593
mem[X,0x80009A16] -> 0x0000
[860] [M]: 0x80009A14 (0x00000593) addi a1, zero, 0
x11 <- 0x00000000


mem[X,0x80009A18] -> 0x0193
mem[X,0x80009A1A] -> 0x0000
[861] [M]: 0x80009A18 (0x00000193) addi gp, zero, 0
x3 <- 0x00000000


mem[X,0x80009A1C] -> 0x006F
mem[X,0x80009A1E] -> 0x00C0
[862] [M]: 0x80009A1C (0x00C0006F) jal zero, 12


mem[X,0x80009A28] -> 0x7063
mem[X,0x80009A2A] -> 0x20B5
[863] [M]: 0x80009A28 (0x20B57063) bgeu a0, a1, 512


mem[X,0x80009C28] -> 0x8193
mem[X,0x80009C2A] -> 0x0031
[864] [M]: 0x80009C28 (0x00318193) addi gp, gp, 3
x3 <- 0x00000003


mem[X,0x80009C2C] -> 0x006F
mem[X,0x80009C2E] -> 0x0040
[865] [M]: 0x80009C2C (0x0040006F) jal zero, 4


mem[X,0x80009C30] -> 0x2C23
mem[X,0x80009C32] -> 0x1031
[866] [M]: 0x80009C30 (0x10312C23) sw gp, 280(sp)
mem[0x8004B27C] <- 0x00000003


mem[X,0x80009C34] -> 0x0513
mem[X,0x80009C36] -> 0xFDF0
[867] [M]: 0x80009C34 (0xFDF00513) addi a0, zero, 4063
x10 <- 0xFFFFFFDF


mem[X,0x80009C38] -> 0x0593
mem[X,0x80009C3A] -> 0x0010
[868] [M]: 0x80009C38 (0x00100593) addi a1, zero, 1
x11 <- 0x00000001


mem[X,0x80009C3C] -> 0x0193
mem[X,0x80009C3E] -> 0x0000
[869] [M]: 0x80009C3C (0x00000193) addi gp, zero, 0
x3 <- 0x00000000


mem[X,0x80009C40] -> 0x006F
mem[X,0x80009C42] -> 0x0100
[870] [M]: 0x80009C40 (0x0100006F) jal zero, 16


mem[X,0x80009C50] -> 0x7AE3
mem[X,0x80009C52] -> 0xFEB5
[871] [M]: 0x80009C50 (0xFEB57AE3) bgeu a0, a1, 8180


mem[X,0x80009C44] -> 0x8193
mem[X,0x80009C46] -> 0x0011
[872] [M]: 0x80009C44 (0x00118193) addi gp, gp, 1
x3 <- 0x00000001


mem[X,0x80009C48] -> 0x006F
mem[X,0x80009C4A] -> 0x01C0
[873] [M]: 0x80009C48 (0x01C0006F) jal zero, 28


mem[X,0x80009C64] -> 0x2E23
mem[X,0x80009C66] -> 0x1031
[874] [M]: 0x80009C64 (0x10312E23) sw gp, 284(sp)
mem[0x8004B280] <- 0x00000001


mem[X,0x80009C68] -> 0x0537
mem[X,0x80009C6A] -> 0xFFFF
[875] [M]: 0x80009C68 (0xFFFF0537) lui a0, 1048560
x10 <- 0xFFFF0000


mem[X,0x80009C6C] -> 0x0513
mem[X,0x80009C6E] -> 0xFFF5
[876] [M]: 0x80009C6C (0xFFF50513) addi a0, a0, 4095
x10 <- 0xFFFEFFFF


mem[X,0x80009C70] -> 0xC5B7
mem[X,0x80009C72] -> 0xFFFF
[877] [M]: 0x80009C70 (0xFFFFC5B7) lui a1, 1048572
x11 <- 0xFFFFC000


mem[X,0x80009C74] -> 0x8593
mem[X,0x80009C76] -> 0xFFF5
[878] [M]: 0x80009C74 (0xFFF58593) addi a1, a1, 4095
x11 <- 0xFFFFBFFF


mem[X,0x80009C78] -> 0x0193
mem[X,0x80009C7A] -> 0x0000
[879] [M]: 0x80009C78 (0x00000193) addi gp, zero, 0
x3 <- 0x00000000


mem[X,0x80009C7C] -> 0x006F
mem[X,0x80009C7E] -> 0x00C0
[880] [M]: 0x80009C7C (0x00C0006F) jal zero, 12


mem[X,0x80009C88] -> 0x7863
mem[X,0x80009C8A] -> 0x00B5
[881] [M]: 0x80009C88 (0x00B57863) bgeu a0, a1, 16


mem[X,0x80009C8C] -> 0x8193
mem[X,0x80009C8E] -> 0x0021
[882] [M]: 0x80009C8C (0x00218193) addi gp, gp, 2
x3 <- 0x00000002


mem[X,0x80009C90] -> 0x006F
mem[X,0x80009C92] -> 0x0100
[883] [M]: 0x80009C90 (0x0100006F) jal zero, 16


mem[X,0x80009CA0] -> 0x2023
mem[X,0x80009CA2] -> 0x1231
[884] [M]: 0x80009CA0 (0x12312023) sw gp, 288(sp)
mem[0x8004B284] <- 0x00000002


mem[X,0x80009CA4] -> 0x0537
mem[X,0x80009CA6] -> 0xFFFE
[885] [M]: 0x80009CA4 (0xFFFE0537) lui a0, 1048544
x10 <- 0xFFFE0000


mem[X,0x80009CA8] -> 0x0513
mem[X,0x80009CAA] -> 0xFFF5
[886] [M]: 0x80009CA8 (0xFFF50513) addi a0, a0, 4095
x10 <- 0xFFFDFFFF


mem[X,0x80009CAC] -> 0x05B7
mem[X,0x80009CAE] -> 0x0001
[887] [M]: 0x80009CAC (0x000105B7) lui a1, 16
x11 <- 0x00010000


mem[X,0x80009CB0] -> 0x8593
mem[X,0x80009CB2] -> 0xFFE5
[888] [M]: 0x80009CB0 (0xFFE58593) addi a1, a1, 4094
x11 <- 0x0000FFFE


mem[X,0x80009CB4] -> 0x0193
mem[X,0x80009CB6] -> 0x0000
[889] [M]: 0x80009CB4 (0x00000193) addi gp, zero, 0
x3 <- 0x00000000


mem[X,0x80009CB8] -> 0x006F
mem[X,0x80009CBA] -> 0x00C0
[890] [M]: 0x80009CB8 (0x00C0006F) jal zero, 12


mem[X,0x80009CC4] -> 0x7063
mem[X,0x80009CC6] -> 0x10B5
[891] [M]: 0x80009CC4 (0x10B57063) bgeu a0, a1, 256


mem[X,0x80009DC4] -> 0x8193
mem[X,0x80009DC6] -> 0x0031
[892] [M]: 0x80009DC4 (0x00318193) addi gp, gp, 3
x3 <- 0x00000003


mem[X,0x80009DC8] -> 0x006F
mem[X,0x80009DCA] -> 0x0040
[893] [M]: 0x80009DC8 (0x0040006F) jal zero, 4


mem[X,0x80009DCC] -> 0x2223
mem[X,0x80009DCE] -> 0x1231
[894] [M]: 0x80009DCC (0x12312223) sw gp, 292(sp)
mem[0x8004B288] <- 0x00000003


mem[X,0x80009DD0] -> 0x0537
mem[X,0x80009DD2] -> 0xFFF8
[895] [M]: 0x80009DD0 (0xFFF80537) lui a0, 1048448
x10 <- 0xFFF80000


mem[X,0x80009DD4] -> 0x0513
mem[X,0x80009DD6] -> 0xFFF5
[896] [M]: 0x80009DD4 (0xFFF50513) addi a0, a0, 4095
x10 <- 0xFFF7FFFF


mem[X,0x80009DD8] -> 0x05B7
mem[X,0x80009DDA] -> 0xFFFC
[897] [M]: 0x80009DD8 (0xFFFC05B7) lui a1, 1048512
x11 <- 0xFFFC0000


mem[X,0x80009DDC] -> 0x8593
mem[X,0x80009DDE] -> 0xFFF5
[898] [M]: 0x80009DDC (0xFFF58593) addi a1, a1, 4095
x11 <- 0xFFFBFFFF


mem[X,0x80009DE0] -> 0x0193
mem[X,0x80009DE2] -> 0x0000
[899] [M]: 0x80009DE0 (0x00000193) addi gp, zero, 0
x3 <- 0x00000000


clint::tick mtime <- 0x0000000000000009
 clint timer pending at mtime 0x0000000000000009
htif::tick 0x0000000000000000
mem[X,0x80009DE4] -> 0x006F
mem[X,0x80009DE6] -> 0x2B10
[900] [M]: 0x80009DE4 (0x2B10006F) jal zero, 2736


mem[X,0x8000A894] -> 0x7A63
mem[X,0x8000A896] -> 0xD4B5
[901] [M]: 0x8000A894 (0xD4B57A63) bgeu a0, a1, 5460


mem[X,0x8000A898] -> 0x8193
mem[X,0x8000A89A] -> 0x0021
[902] [M]: 0x8000A898 (0x00218193) addi gp, gp, 2
x3 <- 0x00000002


mem[X,0x8000A89C] -> 0x006F
mem[X,0x8000A89E] -> 0x00C0
[903] [M]: 0x8000A89C (0x00C0006F) jal zero, 12


mem[X,0x8000A8A8] -> 0x2423
mem[X,0x8000A8AA] -> 0x1231
[904] [M]: 0x8000A8A8 (0x12312423) sw gp, 296(sp)
mem[0x8004B28C] <- 0x00000002


mem[X,0x8000A8AC] -> 0x0537
mem[X,0x8000A8AE] -> 0xFFF0
[905] [M]: 0x8000A8AC (0xFFF00537) lui a0, 1048320
x10 <- 0xFFF00000


mem[X,0x8000A8B0] -> 0x0513
mem[X,0x8000A8B2] -> 0xFFF5
[906] [M]: 0x8000A8B0 (0xFFF50513) addi a0, a0, 4095
x10 <- 0xFFEFFFFF


mem[X,0x8000A8B4] -> 0x0593
mem[X,0x8000A8B6] -> 0x0020
[907] [M]: 0x8000A8B4 (0x00200593) addi a1, zero, 2
x11 <- 0x00000002


mem[X,0x8000A8B8] -> 0x0193
mem[X,0x8000A8BA] -> 0x0000
[908] [M]: 0x8000A8B8 (0x00000193) addi gp, zero, 0
x3 <- 0x00000000


mem[X,0x8000A8BC] -> 0x006F
mem[X,0x8000A8BE] -> 0x00C0
[909] [M]: 0x8000A8BC (0x00C0006F) jal zero, 12


mem[X,0x8000A8C8] -> 0x7663
mem[X,0x8000A8CA] -> 0x00B5
[910] [M]: 0x8000A8C8 (0x00B57663) bgeu a0, a1, 12


mem[X,0x8000A8D4] -> 0x8193
mem[X,0x8000A8D6] -> 0x0031
[911] [M]: 0x8000A8D4 (0x00318193) addi gp, gp, 3
x3 <- 0x00000003


mem[X,0x8000A8D8] -> 0x006F
mem[X,0x8000A8DA] -> 0x0040
[912] [M]: 0x8000A8D8 (0x0040006F) jal zero, 4


mem[X,0x8000A8DC] -> 0x2623
mem[X,0x8000A8DE] -> 0x1231
[913] [M]: 0x8000A8DC (0x12312623) sw gp, 300(sp)
mem[0x8004B290] <- 0x00000003


mem[X,0x8000A8E0] -> 0x0537
mem[X,0x8000A8E2] -> 0xFFE0
[914] [M]: 0x8000A8E0 (0xFFE00537) lui a0, 1048064
x10 <- 0xFFE00000


mem[X,0x8000A8E4] -> 0x0513
mem[X,0x8000A8E6] -> 0xFFF5
[915] [M]: 0x8000A8E4 (0xFFF50513) addi a0, a0, 4095
x10 <- 0xFFDFFFFF


mem[X,0x8000A8E8] -> 0x05B7
mem[X,0x8000A8EA] -> 0xFFFE
[916] [M]: 0x8000A8E8 (0xFFFE05B7) lui a1, 1048544
x11 <- 0xFFFE0000


mem[X,0x8000A8EC] -> 0x8593
mem[X,0x8000A8EE] -> 0xFFF5
[917] [M]: 0x8000A8EC (0xFFF58593) addi a1, a1, 4095
x11 <- 0xFFFDFFFF


mem[X,0x8000A8F0] -> 0x0193
mem[X,0x8000A8F2] -> 0x0000
[918] [M]: 0x8000A8F0 (0x00000193) addi gp, zero, 0
x3 <- 0x00000000


mem[X,0x8000A8F4] -> 0x006F
mem[X,0x8000A8F6] -> 0x00C0
[919] [M]: 0x8000A8F4 (0x00C0006F) jal zero, 12


mem[X,0x8000A900] -> 0x7663
mem[X,0x8000A902] -> 0x00B5
[920] [M]: 0x8000A900 (0x00B57663) bgeu a0, a1, 12


mem[X,0x8000A904] -> 0x8193
mem[X,0x8000A906] -> 0x0021
[921] [M]: 0x8000A904 (0x00218193) addi gp, gp, 2
x3 <- 0x00000002


mem[X,0x8000A908] -> 0x006F
mem[X,0x8000A90A] -> 0x00C0
[922] [M]: 0x8000A908 (0x00C0006F) jal zero, 12


mem[X,0x8000A914] -> 0x2823
mem[X,0x8000A916] -> 0x1231
[923] [M]: 0x8000A914 (0x12312823) sw gp, 304(sp)
mem[0x8004B294] <- 0x00000002


mem[X,0x8000A918] -> 0x0537
mem[X,0x8000A91A] -> 0xFFC0
[924] [M]: 0x8000A918 (0xFFC00537) lui a0, 1047552
x10 <- 0xFFC00000


mem[X,0x8000A91C] -> 0x0513
mem[X,0x8000A91E] -> 0xFFF5
[925] [M]: 0x8000A91C (0xFFF50513) addi a0, a0, 4095
x10 <- 0xFFBFFFFF


mem[X,0x8000A920] -> 0x0593
mem[X,0x8000A922] -> 0x00A0
[926] [M]: 0x8000A920 (0x00A00593) addi a1, zero, 10
x11 <- 0x0000000A


mem[X,0x8000A924] -> 0x0193
mem[X,0x8000A926] -> 0x0000
[927] [M]: 0x8000A924 (0x00000193) addi gp, zero, 0
x3 <- 0x00000000


mem[X,0x8000A928] -> 0x006F
mem[X,0x8000A92A] -> 0x00C0
[928] [M]: 0x8000A928 (0x00C0006F) jal zero, 12


mem[X,0x8000A934] -> 0x7063
mem[X,0x8000A936] -> 0x20B5
[929] [M]: 0x8000A934 (0x20B57063) bgeu a0, a1, 512


mem[X,0x8000AB34] -> 0x8193
mem[X,0x8000AB36] -> 0x0031
[930] [M]: 0x8000AB34 (0x00318193) addi gp, gp, 3
x3 <- 0x00000003


mem[X,0x8000AB38] -> 0x006F
mem[X,0x8000AB3A] -> 0x0040
[931] [M]: 0x8000AB38 (0x0040006F) jal zero, 4


mem[X,0x8000AB3C] -> 0x2A23
mem[X,0x8000AB3E] -> 0x1231
[932] [M]: 0x8000AB3C (0x12312A23) sw gp, 308(sp)
mem[0x8004B298] <- 0x00000003


mem[X,0x8000AB40] -> 0x0537
mem[X,0x8000AB42] -> 0xFF80
[933] [M]: 0x8000AB40 (0xFF800537) lui a0, 1046528
x10 <- 0xFF800000


mem[X,0x8000AB44] -> 0x0513
mem[X,0x8000AB46] -> 0xFFF5
[934] [M]: 0x8000AB44 (0xFFF50513) addi a0, a0, 4095
x10 <- 0xFF7FFFFF


mem[X,0x8000AB48] -> 0x0593
mem[X,0x8000AB4A] -> 0xFEF0
[935] [M]: 0x8000AB48 (0xFEF00593) addi a1, zero, 4079
x11 <- 0xFFFFFFEF


mem[X,0x8000AB4C] -> 0x0193
mem[X,0x8000AB4E] -> 0x0000
[936] [M]: 0x8000AB4C (0x00000193) addi gp, zero, 0
x3 <- 0x00000000


mem[X,0x8000AB50] -> 0x006F
mem[X,0x8000AB52] -> 0x0180
[937] [M]: 0x8000AB50 (0x0180006F) jal zero, 24


mem[X,0x8000AB68] -> 0x76E3
mem[X,0x8000AB6A] -> 0xFEB5
[938] [M]: 0x8000AB68 (0xFEB576E3) bgeu a0, a1, 8172


mem[X,0x8000AB6C] -> 0x8193
mem[X,0x8000AB6E] -> 0x0021
[939] [M]: 0x8000AB6C (0x00218193) addi gp, gp, 2
x3 <- 0x00000002


mem[X,0x8000AB70] -> 0x006F
mem[X,0x8000AB72] -> 0x00C0
[940] [M]: 0x8000AB70 (0x00C0006F) jal zero, 12


mem[X,0x8000AB7C] -> 0x2C23
mem[X,0x8000AB7E] -> 0x1231
[941] [M]: 0x8000AB7C (0x12312C23) sw gp, 312(sp)
mem[0x8004B29C] <- 0x00000002


mem[X,0x8000AB80] -> 0x0537
mem[X,0x8000AB82] -> 0xFF00
[942] [M]: 0x8000AB80 (0xFF000537) lui a0, 1044480
x10 <- 0xFF000000


mem[X,0x8000AB84] -> 0x0513
mem[X,0x8000AB86] -> 0xFFF5
[943] [M]: 0x8000AB84 (0xFFF50513) addi a0, a0, 4095
x10 <- 0xFEFFFFFF


mem[X,0x8000AB88] -> 0x0593
mem[X,0x8000AB8A] -> 0x1000
[944] [M]: 0x8000AB88 (0x10000593) addi a1, zero, 256
x11 <- 0x00000100


mem[X,0x8000AB8C] -> 0x0193
mem[X,0x8000AB8E] -> 0x0000
[945] [M]: 0x8000AB8C (0x00000193) addi gp, zero, 0
x3 <- 0x00000000


mem[X,0x8000AB90] -> 0x006F
mem[X,0x8000AB92] -> 0x00C0
[946] [M]: 0x8000AB90 (0x00C0006F) jal zero, 12


mem[X,0x8000AB9C] -> 0x7663
mem[X,0x8000AB9E] -> 0x00B5
[947] [M]: 0x8000AB9C (0x00B57663) bgeu a0, a1, 12


mem[X,0x8000ABA8] -> 0x8193
mem[X,0x8000ABAA] -> 0x0031
[948] [M]: 0x8000ABA8 (0x00318193) addi gp, gp, 3
x3 <- 0x00000003


mem[X,0x8000ABAC] -> 0x006F
mem[X,0x8000ABAE] -> 0x0040
[949] [M]: 0x8000ABAC (0x0040006F) jal zero, 4


mem[X,0x8000ABB0] -> 0x2E23
mem[X,0x8000ABB2] -> 0x1231
[950] [M]: 0x8000ABB0 (0x12312E23) sw gp, 316(sp)
mem[0x8004B2A0] <- 0x00000003


mem[X,0x8000ABB4] -> 0x0537
mem[X,0x8000ABB6] -> 0xFC00
[951] [M]: 0x8000ABB4 (0xFC000537) lui a0, 1032192
x10 <- 0xFC000000


mem[X,0x8000ABB8] -> 0x0513
mem[X,0x8000ABBA] -> 0xFFF5
[952] [M]: 0x8000ABB8 (0xFFF50513) addi a0, a0, 4095
x10 <- 0xFBFFFFFF


mem[X,0x8000ABBC] -> 0x05B7
mem[X,0x8000ABBE] -> 0x0001
[953] [M]: 0x8000ABBC (0x000105B7) lui a1, 16
x11 <- 0x00010000


mem[X,0x8000ABC0] -> 0x8593
mem[X,0x8000ABC2] -> 0xFFF5
[954] [M]: 0x8000ABC0 (0xFFF58593) addi a1, a1, 4095
x11 <- 0x0000FFFF


mem[X,0x8000ABC4] -> 0x0193
mem[X,0x8000ABC6] -> 0x0000
[955] [M]: 0x8000ABC4 (0x00000193) addi gp, zero, 0
x3 <- 0x00000000


mem[X,0x8000ABC8] -> 0x006F
mem[X,0x8000ABCA] -> 0x00C0
[956] [M]: 0x8000ABC8 (0x00C0006F) jal zero, 12


mem[X,0x8000ABD4] -> 0x7663
mem[X,0x8000ABD6] -> 0x00B5
[957] [M]: 0x8000ABD4 (0x00B57663) bgeu a0, a1, 12


mem[X,0x8000ABE0] -> 0x8193
mem[X,0x8000ABE2] -> 0x0031
[958] [M]: 0x8000ABE0 (0x00318193) addi gp, gp, 3
x3 <- 0x00000003


mem[X,0x8000ABE4] -> 0x006F
mem[X,0x8000ABE6] -> 0x0040
[959] [M]: 0x8000ABE4 (0x0040006F) jal zero, 4


mem[X,0x8000ABE8] -> 0x2023
mem[X,0x8000ABEA] -> 0x1431
[960] [M]: 0x8000ABE8 (0x14312023) sw gp, 320(sp)
mem[0x8004B2A4] <- 0x00000003


mem[X,0x8000ABEC] -> 0x0537
mem[X,0x8000ABEE] -> 0xF800
[961] [M]: 0x8000ABEC (0xF8000537) lui a0, 1015808
x10 <- 0xF8000000


mem[X,0x8000ABF0] -> 0x0513
mem[X,0x8000ABF2] -> 0xFFF5
[962] [M]: 0x8000ABF0 (0xFFF50513) addi a0, a0, 4095
x10 <- 0xF7FFFFFF


mem[X,0x8000ABF4] -> 0xB5B7
mem[X,0x8000ABF6] -> 0xAAAA
[963] [M]: 0x8000ABF4 (0xAAAAB5B7) lui a1, 699051
x11 <- 0xAAAAB000


mem[X,0x8000ABF8] -> 0x8593
mem[X,0x8000ABFA] -> 0xAAA5
[964] [M]: 0x8000ABF8 (0xAAA58593) addi a1, a1, 2730
x11 <- 0xAAAAAAAA


mem[X,0x8000ABFC] -> 0x0193
mem[X,0x8000ABFE] -> 0x0000
[965] [M]: 0x8000ABFC (0x00000193) addi gp, zero, 0
x3 <- 0x00000000


mem[X,0x8000AC00] -> 0x006F
mem[X,0x8000AC02] -> 0x00C0
[966] [M]: 0x8000AC00 (0x00C0006F) jal zero, 12


mem[X,0x8000AC0C] -> 0x7CE3
mem[X,0x8000AC0E] -> 0xFEB5
[967] [M]: 0x8000AC0C (0xFEB57CE3) bgeu a0, a1, 8184


mem[X,0x8000AC04] -> 0x8193
mem[X,0x8000AC06] -> 0x0011
[968] [M]: 0x8000AC04 (0x00118193) addi gp, gp, 1
x3 <- 0x00000001


mem[X,0x8000AC08] -> 0x006F
mem[X,0x8000AC0A] -> 0x0180
[969] [M]: 0x8000AC08 (0x0180006F) jal zero, 24


mem[X,0x8000AC20] -> 0x2223
mem[X,0x8000AC22] -> 0x1431
[970] [M]: 0x8000AC20 (0x14312223) sw gp, 324(sp)
mem[0x8004B2A8] <- 0x00000001


mem[X,0x8000AC24] -> 0x0537
mem[X,0x8000AC26] -> 0xF000
[971] [M]: 0x8000AC24 (0xF0000537) lui a0, 983040
x10 <- 0xF0000000


mem[X,0x8000AC28] -> 0x0513
mem[X,0x8000AC2A] -> 0xFFF5
[972] [M]: 0x8000AC28 (0xFFF50513) addi a0, a0, 4095
x10 <- 0xEFFFFFFF


mem[X,0x8000AC2C] -> 0x0593
mem[X,0x8000AC2E] -> 0x0120
[973] [M]: 0x8000AC2C (0x01200593) addi a1, zero, 18
x11 <- 0x00000012


mem[X,0x8000AC30] -> 0x0193
mem[X,0x8000AC32] -> 0x0000
[974] [M]: 0x8000AC30 (0x00000193) addi gp, zero, 0
x3 <- 0x00000000


mem[X,0x8000AC34] -> 0x006F
mem[X,0x8000AC36] -> 0x0180
[975] [M]: 0x8000AC34 (0x0180006F) jal zero, 24


mem[X,0x8000AC4C] -> 0x76E3
mem[X,0x8000AC4E] -> 0xFEB5
[976] [M]: 0x8000AC4C (0xFEB576E3) bgeu a0, a1, 8172


mem[X,0x8000AC38] -> 0x8193
mem[X,0x8000AC3A] -> 0x0011
[977] [M]: 0x8000AC38 (0x00118193) addi gp, gp, 1
x3 <- 0x00000001


mem[X,0x8000AC3C] -> 0x006F
mem[X,0x8000AC3E] -> 0x0240
[978] [M]: 0x8000AC3C (0x0240006F) jal zero, 36


mem[X,0x8000AC60] -> 0x2423
mem[X,0x8000AC62] -> 0x1431
[979] [M]: 0x8000AC60 (0x14312423) sw gp, 328(sp)
mem[0x8004B2AC] <- 0x00000001


mem[X,0x8000AC64] -> 0x0537
mem[X,0x8000AC66] -> 0x8000
[980] [M]: 0x8000AC64 (0x80000537) lui a0, 524288
x10 <- 0x80000000


mem[X,0x8000AC68] -> 0x0513
mem[X,0x8000AC6A] -> 0xFFF5
[981] [M]: 0x8000AC68 (0xFFF50513) addi a0, a0, 4095
x10 <- 0x7FFFFFFF


mem[X,0x8000AC6C] -> 0x0593
mem[X,0x8000AC6E] -> 0x0060
[982] [M]: 0x8000AC6C (0x00600593) addi a1, zero, 6
x11 <- 0x00000006


mem[X,0x8000AC70] -> 0x0193
mem[X,0x8000AC72] -> 0x0000
[983] [M]: 0x8000AC70 (0x00000193) addi gp, zero, 0
x3 <- 0x00000000


mem[X,0x8000AC74] -> 0x006F
mem[X,0x8000AC76] -> 0x00C0
[984] [M]: 0x8000AC74 (0x00C0006F) jal zero, 12


mem[X,0x8000AC80] -> 0x7063
mem[X,0x8000AC82] -> 0x10B5
[985] [M]: 0x8000AC80 (0x10B57063) bgeu a0, a1, 256


mem[X,0x8000AD80] -> 0x8193
mem[X,0x8000AD82] -> 0x0031
[986] [M]: 0x8000AD80 (0x00318193) addi gp, gp, 3
x3 <- 0x00000003


mem[X,0x8000AD84] -> 0x006F
mem[X,0x8000AD86] -> 0x0040
[987] [M]: 0x8000AD84 (0x0040006F) jal zero, 4


mem[X,0x8000AD88] -> 0x2623
mem[X,0x8000AD8A] -> 0x1431
[988] [M]: 0x8000AD88 (0x14312623) sw gp, 332(sp)
mem[0x8004B2B0] <- 0x00000003


mem[X,0x8000AD8C] -> 0x0513
mem[X,0x8000AD8E] -> 0x0030
[989] [M]: 0x8000AD8C (0x00300513) addi a0, zero, 3
x10 <- 0x00000003


mem[X,0x8000AD90] -> 0x0593
mem[X,0x8000AD92] -> 0x0030
[990] [M]: 0x8000AD90 (0x00300593) addi a1, zero, 3
x11 <- 0x00000003


mem[X,0x8000AD94] -> 0x0193
mem[X,0x8000AD96] -> 0x0000
[991] [M]: 0x8000AD94 (0x00000193) addi gp, zero, 0
x3 <- 0x00000000


mem[X,0x8000AD98] -> 0x006F
mem[X,0x8000AD9A] -> 0x00C0
[992] [M]: 0x8000AD98 (0x00C0006F) jal zero, 12


mem[X,0x8000ADA4] -> 0x7CE3
mem[X,0x8000ADA6] -> 0xFEB5
[993] [M]: 0x8000ADA4 (0xFEB57CE3) bgeu a0, a1, 8184


mem[X,0x8000AD9C] -> 0x8193
mem[X,0x8000AD9E] -> 0x0011
[994] [M]: 0x8000AD9C (0x00118193) addi gp, gp, 1
x3 <- 0x00000001


mem[X,0x8000ADA0] -> 0x006F
mem[X,0x8000ADA2] -> 0x0180
[995] [M]: 0x8000ADA0 (0x0180006F) jal zero, 24


mem[X,0x8000ADB8] -> 0x2823
mem[X,0x8000ADBA] -> 0x1431
[996] [M]: 0x8000ADB8 (0x14312823) sw gp, 336(sp)
mem[0x8004B2B4] <- 0x00000001


mem[X,0x8000ADBC] -> 0x0513
mem[X,0x8000ADBE] -> 0x0030
[997] [M]: 0x8000ADBC (0x00300513) addi a0, zero, 3
x10 <- 0x00000003


mem[X,0x8000ADC0] -> 0x55B7
mem[X,0x8000ADC2] -> 0x5555
[998] [M]: 0x8000ADC0 (0x555555B7) lui a1, 349525
x11 <- 0x55555000


mem[X,0x8000ADC4] -> 0x8593
mem[X,0x8000ADC6] -> 0x5555
[999] [M]: 0x8000ADC4 (0x55558593) addi a1, a1, 1365
x11 <- 0x55555555


clint::tick mtime <- 0x000000000000000A
 clint timer pending at mtime 0x000000000000000A
htif::tick 0x0000000000000000
mem[X,0x8000ADC8] -> 0x0193
mem[X,0x8000ADCA] -> 0x0000
[1000] [M]: 0x8000ADC8 (0x00000193) addi gp, zero, 0
x3 <- 0x00000000


mem[X,0x8000ADCC] -> 0x006F
mem[X,0x8000ADCE] -> 0x0180
[1001] [M]: 0x8000ADCC (0x0180006F) jal zero, 24


mem[X,0x8000ADE4] -> 0x76E3
mem[X,0x8000ADE6] -> 0xFEB5
[1002] [M]: 0x8000ADE4 (0xFEB576E3) bgeu a0, a1, 8172


mem[X,0x8000ADE8] -> 0x8193
mem[X,0x8000ADEA] -> 0x0021
[1003] [M]: 0x8000ADE8 (0x00218193) addi gp, gp, 2
x3 <- 0x00000002


mem[X,0x8000ADEC] -> 0x006F
mem[X,0x8000ADEE] -> 0x00C0
[1004] [M]: 0x8000ADEC (0x00C0006F) jal zero, 12


mem[X,0x8000ADF8] -> 0x2A23
mem[X,0x8000ADFA] -> 0x1431
[1005] [M]: 0x8000ADF8 (0x14312A23) sw gp, 340(sp)
mem[0x8004B2B8] <- 0x00000002


mem[X,0x8000ADFC] -> 0x0513
mem[X,0x8000ADFE] -> 0x0030
[1006] [M]: 0x8000ADFC (0x00300513) addi a0, zero, 3
x10 <- 0x00000003


mem[X,0x8000AE00] -> 0xB5B7
mem[X,0x8000AE02] -> 0xAAAA
[1007] [M]: 0x8000AE00 (0xAAAAB5B7) lui a1, 699051
x11 <- 0xAAAAB000


mem[X,0x8000AE04] -> 0x8593
mem[X,0x8000AE06] -> 0xAAA5
[1008] [M]: 0x8000AE04 (0xAAA58593) addi a1, a1, 2730
x11 <- 0xAAAAAAAA


mem[X,0x8000AE08] -> 0x0193
mem[X,0x8000AE0A] -> 0x0000
[1009] [M]: 0x8000AE08 (0x00000193) addi gp, zero, 0
x3 <- 0x00000000


mem[X,0x8000AE0C] -> 0x006F
mem[X,0x8000AE0E] -> 0x2B10
[1010] [M]: 0x8000AE0C (0x2B10006F) jal zero, 2736


mem[X,0x8000B8BC] -> 0x7A63
mem[X,0x8000B8BE] -> 0xD4B5
[1011] [M]: 0x8000B8BC (0xD4B57A63) bgeu a0, a1, 5460


mem[X,0x8000B8C0] -> 0x8193
mem[X,0x8000B8C2] -> 0x0021
[1012] [M]: 0x8000B8C0 (0x00218193) addi gp, gp, 2
x3 <- 0x00000002


mem[X,0x8000B8C4] -> 0x006F
mem[X,0x8000B8C6] -> 0x00C0
[1013] [M]: 0x8000B8C4 (0x00C0006F) jal zero, 12


mem[X,0x8000B8D0] -> 0x2C23
mem[X,0x8000B8D2] -> 0x1431
[1014] [M]: 0x8000B8D0 (0x14312C23) sw gp, 344(sp)
mem[0x8004B2BC] <- 0x00000002


mem[X,0x8000B8D4] -> 0x0513
mem[X,0x8000B8D6] -> 0x0030
[1015] [M]: 0x8000B8D4 (0x00300513) addi a0, zero, 3
x10 <- 0x00000003


mem[X,0x8000B8D8] -> 0x0593
mem[X,0x8000B8DA] -> 0x0050
[1016] [M]: 0x8000B8D8 (0x00500593) addi a1, zero, 5
x11 <- 0x00000005


mem[X,0x8000B8DC] -> 0x0193
mem[X,0x8000B8DE] -> 0x0000
[1017] [M]: 0x8000B8DC (0x00000193) addi gp, zero, 0
x3 <- 0x00000000


mem[X,0x8000B8E0] -> 0x006F
mem[X,0x8000B8E2] -> 0x00C0
[1018] [M]: 0x8000B8E0 (0x00C0006F) jal zero, 12


mem[X,0x8000B8EC] -> 0x7CE3
mem[X,0x8000B8EE] -> 0xFEB5
[1019] [M]: 0x8000B8EC (0xFEB57CE3) bgeu a0, a1, 8184


mem[X,0x8000B8F0] -> 0x8193
mem[X,0x8000B8F2] -> 0x0021
[1020] [M]: 0x8000B8F0 (0x00218193) addi gp, gp, 2
x3 <- 0x00000002


mem[X,0x8000B8F4] -> 0x006F
mem[X,0x8000B8F6] -> 0x00C0
[1021] [M]: 0x8000B8F4 (0x00C0006F) jal zero, 12


mem[X,0x8000B900] -> 0x2E23
mem[X,0x8000B902] -> 0x1431
[1022] [M]: 0x8000B900 (0x14312E23) sw gp, 348(sp)
mem[0x8004B2C0] <- 0x00000002


mem[X,0x8000B904] -> 0x0513
mem[X,0x8000B906] -> 0x0030
[1023] [M]: 0x8000B904 (0x00300513) addi a0, zero, 3
x10 <- 0x00000003


mem[X,0x8000B908] -> 0x35B7
mem[X,0x8000B90A] -> 0x3333
[1024] [M]: 0x8000B908 (0x333335B7) lui a1, 209715
x11 <- 0x33333000


mem[X,0x8000B90C] -> 0x8593
mem[X,0x8000B90E] -> 0x3335
[1025] [M]: 0x8000B90C (0x33358593) addi a1, a1, 819
x11 <- 0x33333333


mem[X,0x8000B910] -> 0x0193
mem[X,0x8000B912] -> 0x0000
[1026] [M]: 0x8000B910 (0x00000193) addi gp, zero, 0
x3 <- 0x00000000


mem[X,0x8000B914] -> 0x006F
mem[X,0x8000B916] -> 0x00C0
[1027] [M]: 0x8000B914 (0x00C0006F) jal zero, 12


mem[X,0x8000B920] -> 0x7CE3
mem[X,0x8000B922] -> 0xFEB5
[1028] [M]: 0x8000B920 (0xFEB57CE3) bgeu a0, a1, 8184


mem[X,0x8000B924] -> 0x8193
mem[X,0x8000B926] -> 0x0021
[1029] [M]: 0x8000B924 (0x00218193) addi gp, gp, 2
x3 <- 0x00000002


mem[X,0x8000B928] -> 0x006F
mem[X,0x8000B92A] -> 0x00C0
[1030] [M]: 0x8000B928 (0x00C0006F) jal zero, 12


mem[X,0x8000B934] -> 0x2023
mem[X,0x8000B936] -> 0x1631
[1031] [M]: 0x8000B934 (0x16312023) sw gp, 352(sp)
mem[0x8004B2C4] <- 0x00000002


mem[X,0x8000B938] -> 0x0513
mem[X,0x8000B93A] -> 0x0030
[1032] [M]: 0x8000B938 (0x00300513) addi a0, zero, 3
x10 <- 0x00000003


mem[X,0x8000B93C] -> 0x65B7
mem[X,0x8000B93E] -> 0x6666
[1033] [M]: 0x8000B93C (0x666665B7) lui a1, 419430
x11 <- 0x66666000


mem[X,0x8000B940] -> 0x8593
mem[X,0x8000B942] -> 0x6665
[1034] [M]: 0x8000B940 (0x66658593) addi a1, a1, 1638
x11 <- 0x66666666


mem[X,0x8000B944] -> 0x0193
mem[X,0x8000B946] -> 0x0000
[1035] [M]: 0x8000B944 (0x00000193) addi gp, zero, 0
x3 <- 0x00000000


mem[X,0x8000B948] -> 0x006F
mem[X,0x8000B94A] -> 0x00C0
[1036] [M]: 0x8000B948 (0x00C0006F) jal zero, 12


mem[X,0x8000B954] -> 0x7663
mem[X,0x8000B956] -> 0x00B5
[1037] [M]: 0x8000B954 (0x00B57663) bgeu a0, a1, 12


mem[X,0x8000B958] -> 0x8193
mem[X,0x8000B95A] -> 0x0021
[1038] [M]: 0x8000B958 (0x00218193) addi gp, gp, 2
x3 <- 0x00000002


mem[X,0x8000B95C] -> 0x006F
mem[X,0x8000B95E] -> 0x00C0
[1039] [M]: 0x8000B95C (0x00C0006F) jal zero, 12


mem[X,0x8000B968] -> 0x2223
mem[X,0x8000B96A] -> 0x1631
[1040] [M]: 0x8000B968 (0x16312223) sw gp, 356(sp)
mem[0x8004B2C8] <- 0x00000002


mem[X,0x8000B96C] -> 0x0513
mem[X,0x8000B96E] -> 0x0030
[1041] [M]: 0x8000B96C (0x00300513) addi a0, zero, 3
x10 <- 0x00000003


mem[X,0x8000B970] -> 0xB5B7
mem[X,0x8000B972] -> 0x0000
[1042] [M]: 0x8000B970 (0x0000B5B7) lui a1, 11
x11 <- 0x0000B000


mem[X,0x8000B974] -> 0x8593
mem[X,0x8000B976] -> 0x5045
[1043] [M]: 0x8000B974 (0x50458593) addi a1, a1, 1284
x11 <- 0x0000B504


mem[X,0x8000B978] -> 0x0193
mem[X,0x8000B97A] -> 0x0000
[1044] [M]: 0x8000B978 (0x00000193) addi gp, zero, 0
x3 <- 0x00000000


mem[X,0x8000B97C] -> 0x006F
mem[X,0x8000B97E] -> 0x00C0
[1045] [M]: 0x8000B97C (0x00C0006F) jal zero, 12


mem[X,0x8000B988] -> 0x7063
mem[X,0x8000B98A] -> 0x20B5
[1046] [M]: 0x8000B988 (0x20B57063) bgeu a0, a1, 512


mem[X,0x8000B98C] -> 0x8193
mem[X,0x8000B98E] -> 0x0021
[1047] [M]: 0x8000B98C (0x00218193) addi gp, gp, 2
x3 <- 0x00000002


mem[X,0x8000B990] -> 0x006F
mem[X,0x8000B992] -> 0x2000
[1048] [M]: 0x8000B990 (0x2000006F) jal zero, 512


mem[X,0x8000BB90] -> 0x2423
mem[X,0x8000BB92] -> 0x1631
[1049] [M]: 0x8000BB90 (0x16312423) sw gp, 360(sp)
mem[0x8004B2CC] <- 0x00000002


mem[X,0x8000BB94] -> 0x0513
mem[X,0x8000BB96] -> 0x0030
[1050] [M]: 0x8000BB94 (0x00300513) addi a0, zero, 3
x10 <- 0x00000003


mem[X,0x8000BB98] -> 0x0593
mem[X,0x8000BB9A] -> 0x0000
[1051] [M]: 0x8000BB98 (0x00000593) addi a1, zero, 0
x11 <- 0x00000000


mem[X,0x8000BB9C] -> 0x0193
mem[X,0x8000BB9E] -> 0x0000
[1052] [M]: 0x8000BB9C (0x00000193) addi gp, zero, 0
x3 <- 0x00000000


mem[X,0x8000BBA0] -> 0x006F
mem[X,0x8000BBA2] -> 0x00C0
[1053] [M]: 0x8000BBA0 (0x00C0006F) jal zero, 12


mem[X,0x8000BBAC] -> 0x7663
mem[X,0x8000BBAE] -> 0x00B5
[1054] [M]: 0x8000BBAC (0x00B57663) bgeu a0, a1, 12


mem[X,0x8000BBB8] -> 0x8193
mem[X,0x8000BBBA] -> 0x0031
[1055] [M]: 0x8000BBB8 (0x00318193) addi gp, gp, 3
x3 <- 0x00000003


mem[X,0x8000BBBC] -> 0x006F
mem[X,0x8000BBBE] -> 0x0040
[1056] [M]: 0x8000BBBC (0x0040006F) jal zero, 4


mem[X,0x8000BBC0] -> 0x2623
mem[X,0x8000BBC2] -> 0x1631
[1057] [M]: 0x8000BBC0 (0x16312623) sw gp, 364(sp)
mem[0x8004B2D0] <- 0x00000003


mem[X,0x8000BBC4] -> 0x0513
mem[X,0x8000BBC6] -> 0x0030
[1058] [M]: 0x8000BBC4 (0x00300513) addi a0, zero, 3
x10 <- 0x00000003


mem[X,0x8000BBC8] -> 0x05B7
mem[X,0x8000BBCA] -> 0x0001
[1059] [M]: 0x8000BBC8 (0x000105B7) lui a1, 16
x11 <- 0x00010000


mem[X,0x8000BBCC] -> 0x8593
mem[X,0x8000BBCE] -> 0xFFF5
[1060] [M]: 0x8000BBCC (0xFFF58593) addi a1, a1, 4095
x11 <- 0x0000FFFF


mem[X,0x8000BBD0] -> 0x0193
mem[X,0x8000BBD2] -> 0x0000
[1061] [M]: 0x8000BBD0 (0x00000193) addi gp, zero, 0
x3 <- 0x00000000


mem[X,0x8000BBD4] -> 0x006F
mem[X,0x8000BBD6] -> 0x00C0
[1062] [M]: 0x8000BBD4 (0x00C0006F) jal zero, 12


mem[X,0x8000BBE0] -> 0x7663
mem[X,0x8000BBE2] -> 0x00B5
[1063] [M]: 0x8000BBE0 (0x00B57663) bgeu a0, a1, 12


mem[X,0x8000BBE4] -> 0x8193
mem[X,0x8000BBE6] -> 0x0021
[1064] [M]: 0x8000BBE4 (0x00218193) addi gp, gp, 2
x3 <- 0x00000002


mem[X,0x8000BBE8] -> 0x006F
mem[X,0x8000BBEA] -> 0x00C0
[1065] [M]: 0x8000BBE8 (0x00C0006F) jal zero, 12


mem[X,0x8000BBF4] -> 0x2823
mem[X,0x8000BBF6] -> 0x1631
[1066] [M]: 0x8000BBF4 (0x16312823) sw gp, 368(sp)
mem[0x8004B2D4] <- 0x00000002


mem[X,0x8000BBF8] -> 0x0513
mem[X,0x8000BBFA] -> 0x0030
[1067] [M]: 0x8000BBF8 (0x00300513) addi a0, zero, 3
x10 <- 0x00000003


mem[X,0x8000BBFC] -> 0x0593
mem[X,0x8000BBFE] -> 0x0020
[1068] [M]: 0x8000BBFC (0x00200593) addi a1, zero, 2
x11 <- 0x00000002


mem[X,0x8000BC00] -> 0x0193
mem[X,0x8000BC02] -> 0x0000
[1069] [M]: 0x8000BC00 (0x00000193) addi gp, zero, 0
x3 <- 0x00000000


mem[X,0x8000BC04] -> 0x006F
mem[X,0x8000BC06] -> 0x00C0
[1070] [M]: 0x8000BC04 (0x00C0006F) jal zero, 12


mem[X,0x8000BC10] -> 0x7063
mem[X,0x8000BC12] -> 0x04B5
[1071] [M]: 0x8000BC10 (0x04B57063) bgeu a0, a1, 64


mem[X,0x8000BC50] -> 0x8193
mem[X,0x8000BC52] -> 0x0031
[1072] [M]: 0x8000BC50 (0x00318193) addi gp, gp, 3
x3 <- 0x00000003


mem[X,0x8000BC54] -> 0x006F
mem[X,0x8000BC56] -> 0x0040
[1073] [M]: 0x8000BC54 (0x0040006F) jal zero, 4


mem[X,0x8000BC58] -> 0x2A23
mem[X,0x8000BC5A] -> 0x1631
[1074] [M]: 0x8000BC58 (0x16312A23) sw gp, 372(sp)
mem[0x8004B2D8] <- 0x00000003


mem[X,0x8000BC5C] -> 0x0513
mem[X,0x8000BC5E] -> 0x0030
[1075] [M]: 0x8000BC5C (0x00300513) addi a0, zero, 3
x10 <- 0x00000003


mem[X,0x8000BC60] -> 0x55B7
mem[X,0x8000BC62] -> 0x5555
[1076] [M]: 0x8000BC60 (0x555555B7) lui a1, 349525
x11 <- 0x55555000


mem[X,0x8000BC64] -> 0x8593
mem[X,0x8000BC66] -> 0x5545
[1077] [M]: 0x8000BC64 (0x55458593) addi a1, a1, 1364
x11 <- 0x55555554


mem[X,0x8000BC68] -> 0x0193
mem[X,0x8000BC6A] -> 0x0000
[1078] [M]: 0x8000BC68 (0x00000193) addi gp, zero, 0
x3 <- 0x00000000


mem[X,0x8000BC6C] -> 0x006F
mem[X,0x8000BC6E] -> 0x00C0
[1079] [M]: 0x8000BC6C (0x00C0006F) jal zero, 12


mem[X,0x8000BC78] -> 0x7063
mem[X,0x8000BC7A] -> 0x10B5
[1080] [M]: 0x8000BC78 (0x10B57063) bgeu a0, a1, 256


mem[X,0x8000BC7C] -> 0x8193
mem[X,0x8000BC7E] -> 0x0021
[1081] [M]: 0x8000BC7C (0x00218193) addi gp, gp, 2
x3 <- 0x00000002


mem[X,0x8000BC80] -> 0x006F
mem[X,0x8000BC82] -> 0x1000
[1082] [M]: 0x8000BC80 (0x1000006F) jal zero, 256


mem[X,0x8000BD80] -> 0x2C23
mem[X,0x8000BD82] -> 0x1631
[1083] [M]: 0x8000BD80 (0x16312C23) sw gp, 376(sp)
mem[0x8004B2DC] <- 0x00000002


mem[X,0x8000BD84] -> 0x0513
mem[X,0x8000BD86] -> 0x0030
[1084] [M]: 0x8000BD84 (0x00300513) addi a0, zero, 3
x10 <- 0x00000003


mem[X,0x8000BD88] -> 0xB5B7
mem[X,0x8000BD8A] -> 0xAAAA
[1085] [M]: 0x8000BD88 (0xAAAAB5B7) lui a1, 699051
x11 <- 0xAAAAB000


mem[X,0x8000BD8C] -> 0x8593
mem[X,0x8000BD8E] -> 0xAA95
[1086] [M]: 0x8000BD8C (0xAA958593) addi a1, a1, 2729
x11 <- 0xAAAAAAA9


mem[X,0x8000BD90] -> 0x0193
mem[X,0x8000BD92] -> 0x0000
[1087] [M]: 0x8000BD90 (0x00000193) addi gp, zero, 0
x3 <- 0x00000000


mem[X,0x8000BD94] -> 0x006F
mem[X,0x8000BD96] -> 0x00C0
[1088] [M]: 0x8000BD94 (0x00C0006F) jal zero, 12


mem[X,0x8000BDA0] -> 0x7863
mem[X,0x8000BDA2] -> 0x00B5
[1089] [M]: 0x8000BDA0 (0x00B57863) bgeu a0, a1, 16


mem[X,0x8000BDA4] -> 0x8193
mem[X,0x8000BDA6] -> 0x0021
[1090] [M]: 0x8000BDA4 (0x00218193) addi gp, gp, 2
x3 <- 0x00000002


mem[X,0x8000BDA8] -> 0x006F
mem[X,0x8000BDAA] -> 0x0100
[1091] [M]: 0x8000BDA8 (0x0100006F) jal zero, 16


mem[X,0x8000BDB8] -> 0x2E23
mem[X,0x8000BDBA] -> 0x1631
[1092] [M]: 0x8000BDB8 (0x16312E23) sw gp, 380(sp)
mem[0x8004B2E0] <- 0x00000002


mem[X,0x8000BDBC] -> 0x0513
mem[X,0x8000BDBE] -> 0x0030
[1093] [M]: 0x8000BDBC (0x00300513) addi a0, zero, 3
x10 <- 0x00000003


mem[X,0x8000BDC0] -> 0x0593
mem[X,0x8000BDC2] -> 0x0040
[1094] [M]: 0x8000BDC0 (0x00400593) addi a1, zero, 4
x11 <- 0x00000004


mem[X,0x8000BDC4] -> 0x0193
mem[X,0x8000BDC6] -> 0x0000
[1095] [M]: 0x8000BDC4 (0x00000193) addi gp, zero, 0
x3 <- 0x00000000


mem[X,0x8000BDC8] -> 0x006F
mem[X,0x8000BDCA] -> 0x00C0
[1096] [M]: 0x8000BDC8 (0x00C0006F) jal zero, 12


mem[X,0x8000BDD4] -> 0x7863
mem[X,0x8000BDD6] -> 0x00B5
[1097] [M]: 0x8000BDD4 (0x00B57863) bgeu a0, a1, 16


mem[X,0x8000BDD8] -> 0x8193
mem[X,0x8000BDDA] -> 0x0021
[1098] [M]: 0x8000BDD8 (0x00218193) addi gp, gp, 2
x3 <- 0x00000002


mem[X,0x8000BDDC] -> 0x006F
mem[X,0x8000BDDE] -> 0x0100
[1099] [M]: 0x8000BDDC (0x0100006F) jal zero, 16


clint::tick mtime <- 0x000000000000000B
 clint timer pending at mtime 0x000000000000000B
htif::tick 0x0000000000000000
mem[X,0x8000BDEC] -> 0x2023
mem[X,0x8000BDEE] -> 0x1831
[1100] [M]: 0x8000BDEC (0x18312023) sw gp, 384(sp)
mem[0x8004B2E4] <- 0x00000002


mem[X,0x8000BDF0] -> 0x0513
mem[X,0x8000BDF2] -> 0x0030
[1101] [M]: 0x8000BDF0 (0x00300513) addi a0, zero, 3
x10 <- 0x00000003


mem[X,0x8000BDF4] -> 0x35B7
mem[X,0x8000BDF6] -> 0x3333
[1102] [M]: 0x8000BDF4 (0x333335B7) lui a1, 209715
x11 <- 0x33333000


mem[X,0x8000BDF8] -> 0x8593
mem[X,0x8000BDFA] -> 0x3325
[1103] [M]: 0x8000BDF8 (0x33258593) addi a1, a1, 818
x11 <- 0x33333332


mem[X,0x8000BDFC] -> 0x0193
mem[X,0x8000BDFE] -> 0x0000
[1104] [M]: 0x8000BDFC (0x00000193) addi gp, zero, 0
x3 <- 0x00000000


mem[X,0x8000BE00] -> 0x006F
mem[X,0x8000BE02] -> 0x00C0
[1105] [M]: 0x8000BE00 (0x00C0006F) jal zero, 12


mem[X,0x8000BE0C] -> 0x7663
mem[X,0x8000BE0E] -> 0x00B5
[1106] [M]: 0x8000BE0C (0x00B57663) bgeu a0, a1, 12


mem[X,0x8000BE10] -> 0x8193
mem[X,0x8000BE12] -> 0x0021
[1107] [M]: 0x8000BE10 (0x00218193) addi gp, gp, 2
x3 <- 0x00000002


mem[X,0x8000BE14] -> 0x006F
mem[X,0x8000BE16] -> 0x00C0
[1108] [M]: 0x8000BE14 (0x00C0006F) jal zero, 12


mem[X,0x8000BE20] -> 0x2223
mem[X,0x8000BE22] -> 0x1831
[1109] [M]: 0x8000BE20 (0x18312223) sw gp, 388(sp)
mem[0x8004B2E8] <- 0x00000002


mem[X,0x8000BE24] -> 0x0513
mem[X,0x8000BE26] -> 0x0030
[1110] [M]: 0x8000BE24 (0x00300513) addi a0, zero, 3
x10 <- 0x00000003


mem[X,0x8000BE28] -> 0x65B7
mem[X,0x8000BE2A] -> 0x6666
[1111] [M]: 0x8000BE28 (0x666665B7) lui a1, 419430
x11 <- 0x66666000


mem[X,0x8000BE2C] -> 0x8593
mem[X,0x8000BE2E] -> 0x6655
[1112] [M]: 0x8000BE2C (0x66558593) addi a1, a1, 1637
x11 <- 0x66666665


mem[X,0x8000BE30] -> 0x0193
mem[X,0x8000BE32] -> 0x0000
[1113] [M]: 0x8000BE30 (0x00000193) addi gp, zero, 0
x3 <- 0x00000000


mem[X,0x8000BE34] -> 0x006F
mem[X,0x8000BE36] -> 0x00C0
[1114] [M]: 0x8000BE34 (0x00C0006F) jal zero, 12


mem[X,0x8000BE40] -> 0x7063
mem[X,0x8000BE42] -> 0x10B5
[1115] [M]: 0x8000BE40 (0x10B57063) bgeu a0, a1, 256


mem[X,0x8000BE44] -> 0x8193
mem[X,0x8000BE46] -> 0x0021
[1116] [M]: 0x8000BE44 (0x00218193) addi gp, gp, 2
x3 <- 0x00000002


mem[X,0x8000BE48] -> 0x006F
mem[X,0x8000BE4A] -> 0x1000
[1117] [M]: 0x8000BE48 (0x1000006F) jal zero, 256


mem[X,0x8000BF48] -> 0x2423
mem[X,0x8000BF4A] -> 0x1831
[1118] [M]: 0x8000BF48 (0x18312423) sw gp, 392(sp)
mem[0x8004B2EC] <- 0x00000002


mem[X,0x8000BF4C] -> 0x0513
mem[X,0x8000BF4E] -> 0x0030
[1119] [M]: 0x8000BF4C (0x00300513) addi a0, zero, 3
x10 <- 0x00000003


mem[X,0x8000BF50] -> 0xB5B7
mem[X,0x8000BF52] -> 0x0000
[1120] [M]: 0x8000BF50 (0x0000B5B7) lui a1, 11
x11 <- 0x0000B000


mem[X,0x8000BF54] -> 0x8593
mem[X,0x8000BF56] -> 0x5035
[1121] [M]: 0x8000BF54 (0x50358593) addi a1, a1, 1283
x11 <- 0x0000B503


mem[X,0x8000BF58] -> 0x0193
mem[X,0x8000BF5A] -> 0x0000
[1122] [M]: 0x8000BF58 (0x00000193) addi gp, zero, 0
x3 <- 0x00000000


mem[X,0x8000BF5C] -> 0x006F
mem[X,0x8000BF5E] -> 0x0180
[1123] [M]: 0x8000BF5C (0x0180006F) jal zero, 24


mem[X,0x8000BF74] -> 0x76E3
mem[X,0x8000BF76] -> 0xFEB5
[1124] [M]: 0x8000BF74 (0xFEB576E3) bgeu a0, a1, 8172


mem[X,0x8000BF78] -> 0x8193
mem[X,0x8000BF7A] -> 0x0021
[1125] [M]: 0x8000BF78 (0x00218193) addi gp, gp, 2
x3 <- 0x00000002


mem[X,0x8000BF7C] -> 0x006F
mem[X,0x8000BF7E] -> 0x00C0
[1126] [M]: 0x8000BF7C (0x00C0006F) jal zero, 12


mem[X,0x8000BF88] -> 0x2623
mem[X,0x8000BF8A] -> 0x1831
[1127] [M]: 0x8000BF88 (0x18312623) sw gp, 396(sp)
mem[0x8004B2F0] <- 0x00000002


mem[X,0x8000BF8C] -> 0x0513
mem[X,0x8000BF8E] -> 0x0030
[1128] [M]: 0x8000BF8C (0x00300513) addi a0, zero, 3
x10 <- 0x00000003


mem[X,0x8000BF90] -> 0x05B7
mem[X,0x8000BF92] -> 0x0001
[1129] [M]: 0x8000BF90 (0x000105B7) lui a1, 16
x11 <- 0x00010000


mem[X,0x8000BF94] -> 0x8593
mem[X,0x8000BF96] -> 0xFFE5
[1130] [M]: 0x8000BF94 (0xFFE58593) addi a1, a1, 4094
x11 <- 0x0000FFFE


mem[X,0x8000BF98] -> 0x0193
mem[X,0x8000BF9A] -> 0x0000
[1131] [M]: 0x8000BF98 (0x00000193) addi gp, zero, 0
x3 <- 0x00000000


mem[X,0x8000BF9C] -> 0x006F
mem[X,0x8000BF9E] -> 0x00C0
[1132] [M]: 0x8000BF9C (0x00C0006F) jal zero, 12


mem[X,0x8000BFA8] -> 0x7CE3
mem[X,0x8000BFAA] -> 0xFEB5
[1133] [M]: 0x8000BFA8 (0xFEB57CE3) bgeu a0, a1, 8184


mem[X,0x8000BFAC] -> 0x8193
mem[X,0x8000BFAE] -> 0x0021
[1134] [M]: 0x8000BFAC (0x00218193) addi gp, gp, 2
x3 <- 0x00000002


mem[X,0x8000BFB0] -> 0x006F
mem[X,0x8000BFB2] -> 0x00C0
[1135] [M]: 0x8000BFB0 (0x00C0006F) jal zero, 12


mem[X,0x8000BFBC] -> 0x2823
mem[X,0x8000BFBE] -> 0x1831
[1136] [M]: 0x8000BFBC (0x18312823) sw gp, 400(sp)
mem[0x8004B2F4] <- 0x00000002


mem[X,0x8000BFC0] -> 0x0513
mem[X,0x8000BFC2] -> 0x0030
[1137] [M]: 0x8000BFC0 (0x00300513) addi a0, zero, 3
x10 <- 0x00000003


mem[X,0x8000BFC4] -> 0x55B7
mem[X,0x8000BFC6] -> 0x5555
[1138] [M]: 0x8000BFC4 (0x555555B7) lui a1, 349525
x11 <- 0x55555000


mem[X,0x8000BFC8] -> 0x8593
mem[X,0x8000BFCA] -> 0x5565
[1139] [M]: 0x8000BFC8 (0x55658593) addi a1, a1, 1366
x11 <- 0x55555556


mem[X,0x8000BFCC] -> 0x0193
mem[X,0x8000BFCE] -> 0x0000
[1140] [M]: 0x8000BFCC (0x00000193) addi gp, zero, 0
x3 <- 0x00000000


mem[X,0x8000BFD0] -> 0x006F
mem[X,0x8000BFD2] -> 0x0100
[1141] [M]: 0x8000BFD0 (0x0100006F) jal zero, 16


mem[X,0x8000BFE0] -> 0x7AE3
mem[X,0x8000BFE2] -> 0xFEB5
[1142] [M]: 0x8000BFE0 (0xFEB57AE3) bgeu a0, a1, 8180


mem[X,0x8000BFE4] -> 0x8193
mem[X,0x8000BFE6] -> 0x0021
[1143] [M]: 0x8000BFE4 (0x00218193) addi gp, gp, 2
x3 <- 0x00000002


mem[X,0x8000BFE8] -> 0x006F
mem[X,0x8000BFEA] -> 0x00C0
[1144] [M]: 0x8000BFE8 (0x00C0006F) jal zero, 12


mem[X,0x8000BFF4] -> 0x2A23
mem[X,0x8000BFF6] -> 0x1831
[1145] [M]: 0x8000BFF4 (0x18312A23) sw gp, 404(sp)
mem[0x8004B2F8] <- 0x00000002


mem[X,0x8000BFF8] -> 0x0513
mem[X,0x8000BFFA] -> 0x0030
[1146] [M]: 0x8000BFF8 (0x00300513) addi a0, zero, 3
x10 <- 0x00000003


mem[X,0x8000BFFC] -> 0xB5B7
mem[X,0x8000BFFE] -> 0xAAAA
[1147] [M]: 0x8000BFFC (0xAAAAB5B7) lui a1, 699051
x11 <- 0xAAAAB000


mem[X,0x8000C000] -> 0x8593
mem[X,0x8000C002] -> 0xAAB5
[1148] [M]: 0x8000C000 (0xAAB58593) addi a1, a1, 2731
x11 <- 0xAAAAAAAB


mem[X,0x8000C004] -> 0x0193
mem[X,0x8000C006] -> 0x0000
[1149] [M]: 0x8000C004 (0x00000193) addi gp, zero, 0
x3 <- 0x00000000


mem[X,0x8000C008] -> 0x006F
mem[X,0x8000C00A] -> 0x00C0
[1150] [M]: 0x8000C008 (0x00C0006F) jal zero, 12


mem[X,0x8000C014] -> 0x7663
mem[X,0x8000C016] -> 0x00B5
[1151] [M]: 0x8000C014 (0x00B57663) bgeu a0, a1, 12


mem[X,0x8000C018] -> 0x8193
mem[X,0x8000C01A] -> 0x0021
[1152] [M]: 0x8000C018 (0x00218193) addi gp, gp, 2
x3 <- 0x00000002


mem[X,0x8000C01C] -> 0x006F
mem[X,0x8000C01E] -> 0x00C0
[1153] [M]: 0x8000C01C (0x00C0006F) jal zero, 12


mem[X,0x8000C028] -> 0x2C23
mem[X,0x8000C02A] -> 0x1831
[1154] [M]: 0x8000C028 (0x18312C23) sw gp, 408(sp)
mem[0x8004B2FC] <- 0x00000002


mem[X,0x8000C02C] -> 0x0513
mem[X,0x8000C02E] -> 0x0030
[1155] [M]: 0x8000C02C (0x00300513) addi a0, zero, 3
x10 <- 0x00000003


mem[X,0x8000C030] -> 0x0593
mem[X,0x8000C032] -> 0x0060
[1156] [M]: 0x8000C030 (0x00600593) addi a1, zero, 6
x11 <- 0x00000006


mem[X,0x8000C034] -> 0x0193
mem[X,0x8000C036] -> 0x0000
[1157] [M]: 0x8000C034 (0x00000193) addi gp, zero, 0
x3 <- 0x00000000


mem[X,0x8000C038] -> 0x006F
mem[X,0x8000C03A] -> 0x0050
[1158] [M]: 0x8000C038 (0x0050006F) jal zero, 2052


mem[X,0x8000C83C] -> 0x70E3
mem[X,0x8000C83E] -> 0x80B5
[1159] [M]: 0x8000C83C (0x80B570E3) bgeu a0, a1, 6144


mem[X,0x8000C840] -> 0x8193
mem[X,0x8000C842] -> 0x0021
[1160] [M]: 0x8000C840 (0x00218193) addi gp, gp, 2
x3 <- 0x00000002


mem[X,0x8000C844] -> 0x006F
mem[X,0x8000C846] -> 0x00C0
[1161] [M]: 0x8000C844 (0x00C0006F) jal zero, 12


mem[X,0x8000C850] -> 0x2E23
mem[X,0x8000C852] -> 0x1831
[1162] [M]: 0x8000C850 (0x18312E23) sw gp, 412(sp)
mem[0x8004B300] <- 0x00000002


mem[X,0x8000C854] -> 0x0513
mem[X,0x8000C856] -> 0x0030
[1163] [M]: 0x8000C854 (0x00300513) addi a0, zero, 3
x10 <- 0x00000003


mem[X,0x8000C858] -> 0x35B7
mem[X,0x8000C85A] -> 0x3333
[1164] [M]: 0x8000C858 (0x333335B7) lui a1, 209715
x11 <- 0x33333000


mem[X,0x8000C85C] -> 0x8593
mem[X,0x8000C85E] -> 0x3345
[1165] [M]: 0x8000C85C (0x33458593) addi a1, a1, 820
x11 <- 0x33333334


mem[X,0x8000C860] -> 0x0193
mem[X,0x8000C862] -> 0x0000
[1166] [M]: 0x8000C860 (0x00000193) addi gp, zero, 0
x3 <- 0x00000000


mem[X,0x8000C864] -> 0x006F
mem[X,0x8000C866] -> 0x0180
[1167] [M]: 0x8000C864 (0x0180006F) jal zero, 24


mem[X,0x8000C87C] -> 0x76E3
mem[X,0x8000C87E] -> 0xFEB5
[1168] [M]: 0x8000C87C (0xFEB576E3) bgeu a0, a1, 8172


mem[X,0x8000C880] -> 0x8193
mem[X,0x8000C882] -> 0x0021
[1169] [M]: 0x8000C880 (0x00218193) addi gp, gp, 2
x3 <- 0x00000002


mem[X,0x8000C884] -> 0x006F
mem[X,0x8000C886] -> 0x00C0
[1170] [M]: 0x8000C884 (0x00C0006F) jal zero, 12


mem[X,0x8000C890] -> 0x2023
mem[X,0x8000C892] -> 0x1A31
[1171] [M]: 0x8000C890 (0x1A312023) sw gp, 416(sp)
mem[0x8004B304] <- 0x00000002


mem[X,0x8000C894] -> 0x0513
mem[X,0x8000C896] -> 0x0030
[1172] [M]: 0x8000C894 (0x00300513) addi a0, zero, 3
x10 <- 0x00000003


mem[X,0x8000C898] -> 0x65B7
mem[X,0x8000C89A] -> 0x6666
[1173] [M]: 0x8000C898 (0x666665B7) lui a1, 419430
x11 <- 0x66666000


mem[X,0x8000C89C] -> 0x8593
mem[X,0x8000C89E] -> 0x6675
[1174] [M]: 0x8000C89C (0x66758593) addi a1, a1, 1639
x11 <- 0x66666667


mem[X,0x8000C8A0] -> 0x0193
mem[X,0x8000C8A2] -> 0x0000
[1175] [M]: 0x8000C8A0 (0x00000193) addi gp, zero, 0
x3 <- 0x00000000


mem[X,0x8000C8A4] -> 0x006F
mem[X,0x8000C8A6] -> 0x00C0
[1176] [M]: 0x8000C8A4 (0x00C0006F) jal zero, 12


mem[X,0x8000C8B0] -> 0x7063
mem[X,0x8000C8B2] -> 0x04B5
[1177] [M]: 0x8000C8B0 (0x04B57063) bgeu a0, a1, 64


mem[X,0x8000C8B4] -> 0x8193
mem[X,0x8000C8B6] -> 0x0021
[1178] [M]: 0x8000C8B4 (0x00218193) addi gp, gp, 2
x3 <- 0x00000002


mem[X,0x8000C8B8] -> 0x006F
mem[X,0x8000C8BA] -> 0x0400
[1179] [M]: 0x8000C8B8 (0x0400006F) jal zero, 64


mem[X,0x8000C8F8] -> 0x2223
mem[X,0x8000C8FA] -> 0x1A31
[1180] [M]: 0x8000C8F8 (0x1A312223) sw gp, 420(sp)
mem[0x8004B308] <- 0x00000002


mem[X,0x8000C8FC] -> 0x0513
mem[X,0x8000C8FE] -> 0x0030
[1181] [M]: 0x8000C8FC (0x00300513) addi a0, zero, 3
x10 <- 0x00000003


mem[X,0x8000C900] -> 0xB5B7
mem[X,0x8000C902] -> 0x0000
[1182] [M]: 0x8000C900 (0x0000B5B7) lui a1, 11
x11 <- 0x0000B000


mem[X,0x8000C904] -> 0x8593
mem[X,0x8000C906] -> 0x5055
[1183] [M]: 0x8000C904 (0x50558593) addi a1, a1, 1285
x11 <- 0x0000B505


mem[X,0x8000C908] -> 0x0193
mem[X,0x8000C90A] -> 0x0000
[1184] [M]: 0x8000C908 (0x00000193) addi gp, zero, 0
x3 <- 0x00000000


mem[X,0x8000C90C] -> 0x006F
mem[X,0x8000C90E] -> 0x00C0
[1185] [M]: 0x8000C90C (0x00C0006F) jal zero, 12


mem[X,0x8000C918] -> 0x7063
mem[X,0x8000C91A] -> 0x40B5
[1186] [M]: 0x8000C918 (0x40B57063) bgeu a0, a1, 1024


mem[X,0x8000C91C] -> 0x8193
mem[X,0x8000C91E] -> 0x0021
[1187] [M]: 0x8000C91C (0x00218193) addi gp, gp, 2
x3 <- 0x00000002


mem[X,0x8000C920] -> 0x006F
mem[X,0x8000C922] -> 0x4000
[1188] [M]: 0x8000C920 (0x4000006F) jal zero, 1024


mem[X,0x8000CD20] -> 0x2423
mem[X,0x8000CD22] -> 0x1A31
[1189] [M]: 0x8000CD20 (0x1A312423) sw gp, 424(sp)
mem[0x8004B30C] <- 0x00000002


mem[X,0x8000CD24] -> 0x0513
mem[X,0x8000CD26] -> 0x0030
[1190] [M]: 0x8000CD24 (0x00300513) addi a0, zero, 3
x10 <- 0x00000003


mem[X,0x8000CD28] -> 0x0593
mem[X,0x8000CD2A] -> 0x0010
[1191] [M]: 0x8000CD28 (0x00100593) addi a1, zero, 1
x11 <- 0x00000001


mem[X,0x8000CD2C] -> 0x0193
mem[X,0x8000CD2E] -> 0x0000
[1192] [M]: 0x8000CD2C (0x00000193) addi gp, zero, 0
x3 <- 0x00000000


mem[X,0x8000CD30] -> 0x006F
mem[X,0x8000CD32] -> 0x0100
[1193] [M]: 0x8000CD30 (0x0100006F) jal zero, 16


mem[X,0x8000CD40] -> 0x7AE3
mem[X,0x8000CD42] -> 0xFEB5
[1194] [M]: 0x8000CD40 (0xFEB57AE3) bgeu a0, a1, 8180


mem[X,0x8000CD34] -> 0x8193
mem[X,0x8000CD36] -> 0x0011
[1195] [M]: 0x8000CD34 (0x00118193) addi gp, gp, 1
x3 <- 0x00000001


mem[X,0x8000CD38] -> 0x006F
mem[X,0x8000CD3A] -> 0x01C0
[1196] [M]: 0x8000CD38 (0x01C0006F) jal zero, 28


mem[X,0x8000CD54] -> 0x2623
mem[X,0x8000CD56] -> 0x1A31
[1197] [M]: 0x8000CD54 (0x1A312623) sw gp, 428(sp)
mem[0x8004B310] <- 0x00000001


mem[X,0x8000CD58] -> 0x0513
mem[X,0x8000CD5A] -> 0x0030
[1198] [M]: 0x8000CD58 (0x00300513) addi a0, zero, 3
x10 <- 0x00000003


mem[X,0x8000CD5C] -> 0x05B7
mem[X,0x8000CD5E] -> 0x0001
[1199] [M]: 0x8000CD5C (0x000105B7) lui a1, 16
x11 <- 0x00010000


clint::tick mtime <- 0x000000000000000C
 clint timer pending at mtime 0x000000000000000C
htif::tick 0x0000000000000000
mem[X,0x8000CD60] -> 0x0193
mem[X,0x8000CD62] -> 0x0000
[1200] [M]: 0x8000CD60 (0x00000193) addi gp, zero, 0
x3 <- 0x00000000


mem[X,0x8000CD64] -> 0x006F
mem[X,0x8000CD66] -> 0x0140
[1201] [M]: 0x8000CD64 (0x0140006F) jal zero, 20


mem[X,0x8000CD78] -> 0x78E3
mem[X,0x8000CD7A] -> 0xFEB5
[1202] [M]: 0x8000CD78 (0xFEB578E3) bgeu a0, a1, 8176


mem[X,0x8000CD7C] -> 0x8193
mem[X,0x8000CD7E] -> 0x0021
[1203] [M]: 0x8000CD7C (0x00218193) addi gp, gp, 2
x3 <- 0x00000002


mem[X,0x8000CD80] -> 0x006F
mem[X,0x8000CD82] -> 0x00C0
[1204] [M]: 0x8000CD80 (0x00C0006F) jal zero, 12


mem[X,0x8000CD8C] -> 0x2823
mem[X,0x8000CD8E] -> 0x1A31
[1205] [M]: 0x8000CD8C (0x1A312823) sw gp, 432(sp)
mem[0x8004B314] <- 0x00000002


mem[X,0x8000CD90] -> 0x5537
mem[X,0x8000CD92] -> 0x5555
[1206] [M]: 0x8000CD90 (0x55555537) lui a0, 349525
x10 <- 0x55555000


mem[X,0x8000CD94] -> 0x0513
mem[X,0x8000CD96] -> 0x5555
[1207] [M]: 0x8000CD94 (0x55550513) addi a0, a0, 1365
x10 <- 0x55555555


mem[X,0x8000CD98] -> 0x0593
mem[X,0x8000CD9A] -> 0x0030
[1208] [M]: 0x8000CD98 (0x00300593) addi a1, zero, 3
x11 <- 0x00000003


mem[X,0x8000CD9C] -> 0x0193
mem[X,0x8000CD9E] -> 0x0000
[1209] [M]: 0x8000CD9C (0x00000193) addi gp, zero, 0
x3 <- 0x00000000


mem[X,0x8000CDA0] -> 0x006F
mem[X,0x8000CDA2] -> 0x00C0
[1210] [M]: 0x8000CDA0 (0x00C0006F) jal zero, 12


mem[X,0x8000CDAC] -> 0x7863
mem[X,0x8000CDAE] -> 0x00B5
[1211] [M]: 0x8000CDAC (0x00B57863) bgeu a0, a1, 16


mem[X,0x8000CDBC] -> 0x8193
mem[X,0x8000CDBE] -> 0x0031
[1212] [M]: 0x8000CDBC (0x00318193) addi gp, gp, 3
x3 <- 0x00000003


mem[X,0x8000CDC0] -> 0x006F
mem[X,0x8000CDC2] -> 0x0040
[1213] [M]: 0x8000CDC0 (0x0040006F) jal zero, 4


mem[X,0x8000CDC4] -> 0x2A23
mem[X,0x8000CDC6] -> 0x1A31
[1214] [M]: 0x8000CDC4 (0x1A312A23) sw gp, 436(sp)
mem[0x8004B318] <- 0x00000003


mem[X,0x8000CDC8] -> 0x5537
mem[X,0x8000CDCA] -> 0x5555
[1215] [M]: 0x8000CDC8 (0x55555537) lui a0, 349525
x10 <- 0x55555000


mem[X,0x8000CDCC] -> 0x0513
mem[X,0x8000CDCE] -> 0x5555
[1216] [M]: 0x8000CDCC (0x55550513) addi a0, a0, 1365
x10 <- 0x55555555


mem[X,0x8000CDD0] -> 0x55B7
mem[X,0x8000CDD2] -> 0x5555
[1217] [M]: 0x8000CDD0 (0x555555B7) lui a1, 349525
x11 <- 0x55555000


mem[X,0x8000CDD4] -> 0x8593
mem[X,0x8000CDD6] -> 0x5555
[1218] [M]: 0x8000CDD4 (0x55558593) addi a1, a1, 1365
x11 <- 0x55555555


mem[X,0x8000CDD8] -> 0x0193
mem[X,0x8000CDDA] -> 0x0000
[1219] [M]: 0x8000CDD8 (0x00000193) addi gp, zero, 0
x3 <- 0x00000000


mem[X,0x8000CDDC] -> 0x006F
mem[X,0x8000CDDE] -> 0x00C0
[1220] [M]: 0x8000CDDC (0x00C0006F) jal zero, 12


mem[X,0x8000CDE8] -> 0x7663
mem[X,0x8000CDEA] -> 0x00B5
[1221] [M]: 0x8000CDE8 (0x00B57663) bgeu a0, a1, 12


mem[X,0x8000CDF4] -> 0x8193
mem[X,0x8000CDF6] -> 0x0031
[1222] [M]: 0x8000CDF4 (0x00318193) addi gp, gp, 3
x3 <- 0x00000003


mem[X,0x8000CDF8] -> 0x006F
mem[X,0x8000CDFA] -> 0x0040
[1223] [M]: 0x8000CDF8 (0x0040006F) jal zero, 4


mem[X,0x8000CDFC] -> 0x2C23
mem[X,0x8000CDFE] -> 0x1A31
[1224] [M]: 0x8000CDFC (0x1A312C23) sw gp, 440(sp)
mem[0x8004B31C] <- 0x00000003


mem[X,0x8000CE00] -> 0x5537
mem[X,0x8000CE02] -> 0x5555
[1225] [M]: 0x8000CE00 (0x55555537) lui a0, 349525
x10 <- 0x55555000


mem[X,0x8000CE04] -> 0x0513
mem[X,0x8000CE06] -> 0x5555
[1226] [M]: 0x8000CE04 (0x55550513) addi a0, a0, 1365
x10 <- 0x55555555


mem[X,0x8000CE08] -> 0xB5B7
mem[X,0x8000CE0A] -> 0xAAAA
[1227] [M]: 0x8000CE08 (0xAAAAB5B7) lui a1, 699051
x11 <- 0xAAAAB000


mem[X,0x8000CE0C] -> 0x8593
mem[X,0x8000CE0E] -> 0xAAA5
[1228] [M]: 0x8000CE0C (0xAAA58593) addi a1, a1, 2730
x11 <- 0xAAAAAAAA


mem[X,0x8000CE10] -> 0x0193
mem[X,0x8000CE12] -> 0x0000
[1229] [M]: 0x8000CE10 (0x00000193) addi gp, zero, 0
x3 <- 0x00000000


mem[X,0x8000CE14] -> 0x006F
mem[X,0x8000CE16] -> 0x0050
[1230] [M]: 0x8000CE14 (0x0050006F) jal zero, 2052


mem[X,0x8000D618] -> 0x70E3
mem[X,0x8000D61A] -> 0x80B5
[1231] [M]: 0x8000D618 (0x80B570E3) bgeu a0, a1, 6144


mem[X,0x8000D61C] -> 0x8193
mem[X,0x8000D61E] -> 0x0021
[1232] [M]: 0x8000D61C (0x00218193) addi gp, gp, 2
x3 <- 0x00000002


mem[X,0x8000D620] -> 0x006F
mem[X,0x8000D622] -> 0x00C0
[1233] [M]: 0x8000D620 (0x00C0006F) jal zero, 12


mem[X,0x8000D62C] -> 0x2E23
mem[X,0x8000D62E] -> 0x1A31
[1234] [M]: 0x8000D62C (0x1A312E23) sw gp, 444(sp)
mem[0x8004B320] <- 0x00000002


mem[X,0x8000D630] -> 0x5537
mem[X,0x8000D632] -> 0x5555
[1235] [M]: 0x8000D630 (0x55555537) lui a0, 349525
x10 <- 0x55555000


mem[X,0x8000D634] -> 0x0513
mem[X,0x8000D636] -> 0x5555
[1236] [M]: 0x8000D634 (0x55550513) addi a0, a0, 1365
x10 <- 0x55555555


mem[X,0x8000D638] -> 0x0593
mem[X,0x8000D63A] -> 0x0050
[1237] [M]: 0x8000D638 (0x00500593) addi a1, zero, 5
x11 <- 0x00000005


mem[X,0x8000D63C] -> 0x0193
mem[X,0x8000D63E] -> 0x0000
[1238] [M]: 0x8000D63C (0x00000193) addi gp, zero, 0
x3 <- 0x00000000


mem[X,0x8000D640] -> 0x006F
mem[X,0x8000D642] -> 0x0140
[1239] [M]: 0x8000D640 (0x0140006F) jal zero, 20


mem[X,0x8000D654] -> 0x78E3
mem[X,0x8000D656] -> 0xFEB5
[1240] [M]: 0x8000D654 (0xFEB578E3) bgeu a0, a1, 8176


mem[X,0x8000D644] -> 0x8193
mem[X,0x8000D646] -> 0x0011
[1241] [M]: 0x8000D644 (0x00118193) addi gp, gp, 1
x3 <- 0x00000001


mem[X,0x8000D648] -> 0x006F
mem[X,0x8000D64A] -> 0x0200
[1242] [M]: 0x8000D648 (0x0200006F) jal zero, 32


mem[X,0x8000D668] -> 0x2023
mem[X,0x8000D66A] -> 0x1C31
[1243] [M]: 0x8000D668 (0x1C312023) sw gp, 448(sp)
mem[0x8004B324] <- 0x00000001


mem[X,0x8000D66C] -> 0x5537
mem[X,0x8000D66E] -> 0x5555
[1244] [M]: 0x8000D66C (0x55555537) lui a0, 349525
x10 <- 0x55555000


mem[X,0x8000D670] -> 0x0513
mem[X,0x8000D672] -> 0x5555
[1245] [M]: 0x8000D670 (0x55550513) addi a0, a0, 1365
x10 <- 0x55555555


mem[X,0x8000D674] -> 0x35B7
mem[X,0x8000D676] -> 0x3333
[1246] [M]: 0x8000D674 (0x333335B7) lui a1, 209715
x11 <- 0x33333000


mem[X,0x8000D678] -> 0x8593
mem[X,0x8000D67A] -> 0x3335
[1247] [M]: 0x8000D678 (0x33358593) addi a1, a1, 819
x11 <- 0x33333333


mem[X,0x8000D67C] -> 0x0193
mem[X,0x8000D67E] -> 0x0000
[1248] [M]: 0x8000D67C (0x00000193) addi gp, zero, 0
x3 <- 0x00000000


mem[X,0x8000D680] -> 0x006F
mem[X,0x8000D682] -> 0x00C0
[1249] [M]: 0x8000D680 (0x00C0006F) jal zero, 12


mem[X,0x8000D68C] -> 0x7CE3
mem[X,0x8000D68E] -> 0xFEB5
[1250] [M]: 0x8000D68C (0xFEB57CE3) bgeu a0, a1, 8184


mem[X,0x8000D684] -> 0x8193
mem[X,0x8000D686] -> 0x0011
[1251] [M]: 0x8000D684 (0x00118193) addi gp, gp, 1
x3 <- 0x00000001


mem[X,0x8000D688] -> 0x006F
mem[X,0x8000D68A] -> 0x0180
[1252] [M]: 0x8000D688 (0x0180006F) jal zero, 24


mem[X,0x8000D6A0] -> 0x2223
mem[X,0x8000D6A2] -> 0x1C31
[1253] [M]: 0x8000D6A0 (0x1C312223) sw gp, 452(sp)
mem[0x8004B328] <- 0x00000001


mem[X,0x8000D6A4] -> 0x5537
mem[X,0x8000D6A6] -> 0x5555
[1254] [M]: 0x8000D6A4 (0x55555537) lui a0, 349525
x10 <- 0x55555000


mem[X,0x8000D6A8] -> 0x0513
mem[X,0x8000D6AA] -> 0x5555
[1255] [M]: 0x8000D6A8 (0x55550513) addi a0, a0, 1365
x10 <- 0x55555555


mem[X,0x8000D6AC] -> 0x65B7
mem[X,0x8000D6AE] -> 0x6666
[1256] [M]: 0x8000D6AC (0x666665B7) lui a1, 419430
x11 <- 0x66666000


mem[X,0x8000D6B0] -> 0x8593
mem[X,0x8000D6B2] -> 0x6665
[1257] [M]: 0x8000D6B0 (0x66658593) addi a1, a1, 1638
x11 <- 0x66666666


mem[X,0x8000D6B4] -> 0x0193
mem[X,0x8000D6B6] -> 0x0000
[1258] [M]: 0x8000D6B4 (0x00000193) addi gp, zero, 0
x3 <- 0x00000000


mem[X,0x8000D6B8] -> 0x006F
mem[X,0x8000D6BA] -> 0x00C0
[1259] [M]: 0x8000D6B8 (0x00C0006F) jal zero, 12


mem[X,0x8000D6C4] -> 0x7063
mem[X,0x8000D6C6] -> 0x02B5
[1260] [M]: 0x8000D6C4 (0x02B57063) bgeu a0, a1, 32


mem[X,0x8000D6C8] -> 0x8193
mem[X,0x8000D6CA] -> 0x0021
[1261] [M]: 0x8000D6C8 (0x00218193) addi gp, gp, 2
x3 <- 0x00000002


mem[X,0x8000D6CC] -> 0x006F
mem[X,0x8000D6CE] -> 0x0200
[1262] [M]: 0x8000D6CC (0x0200006F) jal zero, 32


mem[X,0x8000D6EC] -> 0x2423
mem[X,0x8000D6EE] -> 0x1C31
[1263] [M]: 0x8000D6EC (0x1C312423) sw gp, 456(sp)
mem[0x8004B32C] <- 0x00000002


mem[X,0x8000D6F0] -> 0x5537
mem[X,0x8000D6F2] -> 0x5555
[1264] [M]: 0x8000D6F0 (0x55555537) lui a0, 349525
x10 <- 0x55555000


mem[X,0x8000D6F4] -> 0x0513
mem[X,0x8000D6F6] -> 0x5555
[1265] [M]: 0x8000D6F4 (0x55550513) addi a0, a0, 1365
x10 <- 0x55555555


mem[X,0x8000D6F8] -> 0xB5B7
mem[X,0x8000D6FA] -> 0x0000
[1266] [M]: 0x8000D6F8 (0x0000B5B7) lui a1, 11
x11 <- 0x0000B000


mem[X,0x8000D6FC] -> 0x8593
mem[X,0x8000D6FE] -> 0x5045
[1267] [M]: 0x8000D6FC (0x50458593) addi a1, a1, 1284
x11 <- 0x0000B504


mem[X,0x8000D700] -> 0x0193
mem[X,0x8000D702] -> 0x0000
[1268] [M]: 0x8000D700 (0x00000193) addi gp, zero, 0
x3 <- 0x00000000


mem[X,0x8000D704] -> 0x006F
mem[X,0x8000D706] -> 0x00C0
[1269] [M]: 0x8000D704 (0x00C0006F) jal zero, 12


mem[X,0x8000D710] -> 0x7CE3
mem[X,0x8000D712] -> 0xFEB5
[1270] [M]: 0x8000D710 (0xFEB57CE3) bgeu a0, a1, 8184


mem[X,0x8000D708] -> 0x8193
mem[X,0x8000D70A] -> 0x0011
[1271] [M]: 0x8000D708 (0x00118193) addi gp, gp, 1
x3 <- 0x00000001


mem[X,0x8000D70C] -> 0x006F
mem[X,0x8000D70E] -> 0x0180
[1272] [M]: 0x8000D70C (0x0180006F) jal zero, 24


mem[X,0x8000D724] -> 0x2623
mem[X,0x8000D726] -> 0x1C31
[1273] [M]: 0x8000D724 (0x1C312623) sw gp, 460(sp)
mem[0x8004B330] <- 0x00000001


mem[X,0x8000D728] -> 0x5537
mem[X,0x8000D72A] -> 0x5555
[1274] [M]: 0x8000D728 (0x55555537) lui a0, 349525
x10 <- 0x55555000


mem[X,0x8000D72C] -> 0x0513
mem[X,0x8000D72E] -> 0x5555
[1275] [M]: 0x8000D72C (0x55550513) addi a0, a0, 1365
x10 <- 0x55555555


mem[X,0x8000D730] -> 0x0593
mem[X,0x8000D732] -> 0x0000
[1276] [M]: 0x8000D730 (0x00000593) addi a1, zero, 0
x11 <- 0x00000000


mem[X,0x8000D734] -> 0x0193
mem[X,0x8000D736] -> 0x0000
[1277] [M]: 0x8000D734 (0x00000193) addi gp, zero, 0
x3 <- 0x00000000


mem[X,0x8000D738] -> 0x006F
mem[X,0x8000D73A] -> 0x00C0
[1278] [M]: 0x8000D738 (0x00C0006F) jal zero, 12


mem[X,0x8000D744] -> 0x7CE3
mem[X,0x8000D746] -> 0xFEB5
[1279] [M]: 0x8000D744 (0xFEB57CE3) bgeu a0, a1, 8184


mem[X,0x8000D73C] -> 0x8193
mem[X,0x8000D73E] -> 0x0011
[1280] [M]: 0x8000D73C (0x00118193) addi gp, gp, 1
x3 <- 0x00000001


mem[X,0x8000D740] -> 0x006F
mem[X,0x8000D742] -> 0x0180
[1281] [M]: 0x8000D740 (0x0180006F) jal zero, 24


mem[X,0x8000D758] -> 0x2823
mem[X,0x8000D75A] -> 0x1C31
[1282] [M]: 0x8000D758 (0x1C312823) sw gp, 464(sp)
mem[0x8004B334] <- 0x00000001


mem[X,0x8000D75C] -> 0x5537
mem[X,0x8000D75E] -> 0x5555
[1283] [M]: 0x8000D75C (0x55555537) lui a0, 349525
x10 <- 0x55555000


mem[X,0x8000D760] -> 0x0513
mem[X,0x8000D762] -> 0x5555
[1284] [M]: 0x8000D760 (0x55550513) addi a0, a0, 1365
x10 <- 0x55555555


mem[X,0x8000D764] -> 0x05B7
mem[X,0x8000D766] -> 0x0001
[1285] [M]: 0x8000D764 (0x000105B7) lui a1, 16
x11 <- 0x00010000


mem[X,0x8000D768] -> 0x8593
mem[X,0x8000D76A] -> 0xFFF5
[1286] [M]: 0x8000D768 (0xFFF58593) addi a1, a1, 4095
x11 <- 0x0000FFFF


mem[X,0x8000D76C] -> 0x0193
mem[X,0x8000D76E] -> 0x0000
[1287] [M]: 0x8000D76C (0x00000193) addi gp, zero, 0
x3 <- 0x00000000


mem[X,0x8000D770] -> 0x006F
mem[X,0x8000D772] -> 0x00C0
[1288] [M]: 0x8000D770 (0x00C0006F) jal zero, 12


mem[X,0x8000D77C] -> 0x7063
mem[X,0x8000D77E] -> 0x04B5
[1289] [M]: 0x8000D77C (0x04B57063) bgeu a0, a1, 64


mem[X,0x8000D7BC] -> 0x8193
mem[X,0x8000D7BE] -> 0x0031
[1290] [M]: 0x8000D7BC (0x00318193) addi gp, gp, 3
x3 <- 0x00000003


mem[X,0x8000D7C0] -> 0x006F
mem[X,0x8000D7C2] -> 0x0040
[1291] [M]: 0x8000D7C0 (0x0040006F) jal zero, 4


mem[X,0x8000D7C4] -> 0x2A23
mem[X,0x8000D7C6] -> 0x1C31
[1292] [M]: 0x8000D7C4 (0x1C312A23) sw gp, 468(sp)
mem[0x8004B338] <- 0x00000003


mem[X,0x8000D7C8] -> 0x5537
mem[X,0x8000D7CA] -> 0x5555
[1293] [M]: 0x8000D7C8 (0x55555537) lui a0, 349525
x10 <- 0x55555000


mem[X,0x8000D7CC] -> 0x0513
mem[X,0x8000D7CE] -> 0x5555
[1294] [M]: 0x8000D7CC (0x55550513) addi a0, a0, 1365
x10 <- 0x55555555


mem[X,0x8000D7D0] -> 0x0593
mem[X,0x8000D7D2] -> 0x0020
[1295] [M]: 0x8000D7D0 (0x00200593) addi a1, zero, 2
x11 <- 0x00000002


mem[X,0x8000D7D4] -> 0x0193
mem[X,0x8000D7D6] -> 0x0000
[1296] [M]: 0x8000D7D4 (0x00000193) addi gp, zero, 0
x3 <- 0x00000000


mem[X,0x8000D7D8] -> 0x006F
mem[X,0x8000D7DA] -> 0x00C0
[1297] [M]: 0x8000D7D8 (0x00C0006F) jal zero, 12


mem[X,0x8000D7E4] -> 0x7663
mem[X,0x8000D7E6] -> 0x00B5
[1298] [M]: 0x8000D7E4 (0x00B57663) bgeu a0, a1, 12


mem[X,0x8000D7F0] -> 0x8193
mem[X,0x8000D7F2] -> 0x0031
[1299] [M]: 0x8000D7F0 (0x00318193) addi gp, gp, 3
x3 <- 0x00000003


clint::tick mtime <- 0x000000000000000D
 clint timer pending at mtime 0x000000000000000D
htif::tick 0x0000000000000000
mem[X,0x8000D7F4] -> 0x006F
mem[X,0x8000D7F6] -> 0x0040
[1300] [M]: 0x8000D7F4 (0x0040006F) jal zero, 4


mem[X,0x8000D7F8] -> 0x2C23
mem[X,0x8000D7FA] -> 0x1C31
[1301] [M]: 0x8000D7F8 (0x1C312C23) sw gp, 472(sp)
mem[0x8004B33C] <- 0x00000003


mem[X,0x8000D7FC] -> 0x5537
mem[X,0x8000D7FE] -> 0x5555
[1302] [M]: 0x8000D7FC (0x55555537) lui a0, 349525
x10 <- 0x55555000


mem[X,0x8000D800] -> 0x0513
mem[X,0x8000D802] -> 0x5555
[1303] [M]: 0x8000D800 (0x55550513) addi a0, a0, 1365
x10 <- 0x55555555


mem[X,0x8000D804] -> 0x55B7
mem[X,0x8000D806] -> 0x5555
[1304] [M]: 0x8000D804 (0x555555B7) lui a1, 349525
x11 <- 0x55555000


mem[X,0x8000D808] -> 0x8593
mem[X,0x8000D80A] -> 0x5545
[1305] [M]: 0x8000D808 (0x55458593) addi a1, a1, 1364
x11 <- 0x55555554


mem[X,0x8000D80C] -> 0x0193
mem[X,0x8000D80E] -> 0x0000
[1306] [M]: 0x8000D80C (0x00000193) addi gp, zero, 0
x3 <- 0x00000000


mem[X,0x8000D810] -> 0x006F
mem[X,0x8000D812] -> 0x00C0
[1307] [M]: 0x8000D810 (0x00C0006F) jal zero, 12


mem[X,0x8000D81C] -> 0x7CE3
mem[X,0x8000D81E] -> 0xFEB5
[1308] [M]: 0x8000D81C (0xFEB57CE3) bgeu a0, a1, 8184


mem[X,0x8000D814] -> 0x8193
mem[X,0x8000D816] -> 0x0011
[1309] [M]: 0x8000D814 (0x00118193) addi gp, gp, 1
x3 <- 0x00000001


mem[X,0x8000D818] -> 0x006F
mem[X,0x8000D81A] -> 0x0180
[1310] [M]: 0x8000D818 (0x0180006F) jal zero, 24


mem[X,0x8000D830] -> 0x2E23
mem[X,0x8000D832] -> 0x1C31
[1311] [M]: 0x8000D830 (0x1C312E23) sw gp, 476(sp)
mem[0x8004B340] <- 0x00000001


mem[X,0x8000D834] -> 0x5537
mem[X,0x8000D836] -> 0x5555
[1312] [M]: 0x8000D834 (0x55555537) lui a0, 349525
x10 <- 0x55555000


mem[X,0x8000D838] -> 0x0513
mem[X,0x8000D83A] -> 0x5555
[1313] [M]: 0x8000D838 (0x55550513) addi a0, a0, 1365
x10 <- 0x55555555


mem[X,0x8000D83C] -> 0xB5B7
mem[X,0x8000D83E] -> 0xAAAA
[1314] [M]: 0x8000D83C (0xAAAAB5B7) lui a1, 699051
x11 <- 0xAAAAB000


mem[X,0x8000D840] -> 0x8593
mem[X,0x8000D842] -> 0xAA95
[1315] [M]: 0x8000D840 (0xAA958593) addi a1, a1, 2729
x11 <- 0xAAAAAAA9


mem[X,0x8000D844] -> 0x0193
mem[X,0x8000D846] -> 0x0000
[1316] [M]: 0x8000D844 (0x00000193) addi gp, zero, 0
x3 <- 0x00000000


mem[X,0x8000D848] -> 0x006F
mem[X,0x8000D84A] -> 0x00C0
[1317] [M]: 0x8000D848 (0x00C0006F) jal zero, 12


mem[X,0x8000D854] -> 0x7663
mem[X,0x8000D856] -> 0x00B5
[1318] [M]: 0x8000D854 (0x00B57663) bgeu a0, a1, 12


mem[X,0x8000D858] -> 0x8193
mem[X,0x8000D85A] -> 0x0021
[1319] [M]: 0x8000D858 (0x00218193) addi gp, gp, 2
x3 <- 0x00000002


mem[X,0x8000D85C] -> 0x006F
mem[X,0x8000D85E] -> 0x00C0
[1320] [M]: 0x8000D85C (0x00C0006F) jal zero, 12


mem[X,0x8000D868] -> 0x2023
mem[X,0x8000D86A] -> 0x1E31
[1321] [M]: 0x8000D868 (0x1E312023) sw gp, 480(sp)
mem[0x8004B344] <- 0x00000002


mem[X,0x8000D86C] -> 0x5537
mem[X,0x8000D86E] -> 0x5555
[1322] [M]: 0x8000D86C (0x55555537) lui a0, 349525
x10 <- 0x55555000


mem[X,0x8000D870] -> 0x0513
mem[X,0x8000D872] -> 0x5555
[1323] [M]: 0x8000D870 (0x55550513) addi a0, a0, 1365
x10 <- 0x55555555


mem[X,0x8000D874] -> 0x0593
mem[X,0x8000D876] -> 0x0040
[1324] [M]: 0x8000D874 (0x00400593) addi a1, zero, 4
x11 <- 0x00000004


mem[X,0x8000D878] -> 0x0193
mem[X,0x8000D87A] -> 0x0000
[1325] [M]: 0x8000D878 (0x00000193) addi gp, zero, 0
x3 <- 0x00000000


mem[X,0x8000D87C] -> 0x006F
mem[X,0x8000D87E] -> 0x00C0
[1326] [M]: 0x8000D87C (0x00C0006F) jal zero, 12


mem[X,0x8000D888] -> 0x7063
mem[X,0x8000D88A] -> 0x02B5
[1327] [M]: 0x8000D888 (0x02B57063) bgeu a0, a1, 32


mem[X,0x8000D8A8] -> 0x8193
mem[X,0x8000D8AA] -> 0x0031
[1328] [M]: 0x8000D8A8 (0x00318193) addi gp, gp, 3
x3 <- 0x00000003


mem[X,0x8000D8AC] -> 0x006F
mem[X,0x8000D8AE] -> 0x0040
[1329] [M]: 0x8000D8AC (0x0040006F) jal zero, 4


mem[X,0x8000D8B0] -> 0x2223
mem[X,0x8000D8B2] -> 0x1E31
[1330] [M]: 0x8000D8B0 (0x1E312223) sw gp, 484(sp)
mem[0x8004B348] <- 0x00000003


mem[X,0x8000D8B4] -> 0x5537
mem[X,0x8000D8B6] -> 0x5555
[1331] [M]: 0x8000D8B4 (0x55555537) lui a0, 349525
x10 <- 0x55555000


mem[X,0x8000D8B8] -> 0x0513
mem[X,0x8000D8BA] -> 0x5555
[1332] [M]: 0x8000D8B8 (0x55550513) addi a0, a0, 1365
x10 <- 0x55555555


mem[X,0x8000D8BC] -> 0x35B7
mem[X,0x8000D8BE] -> 0x3333
[1333] [M]: 0x8000D8BC (0x333335B7) lui a1, 209715
x11 <- 0x33333000


mem[X,0x8000D8C0] -> 0x8593
mem[X,0x8000D8C2] -> 0x3325
[1334] [M]: 0x8000D8C0 (0x33258593) addi a1, a1, 818
x11 <- 0x33333332


mem[X,0x8000D8C4] -> 0x0193
mem[X,0x8000D8C6] -> 0x0000
[1335] [M]: 0x8000D8C4 (0x00000193) addi gp, zero, 0
x3 <- 0x00000000


mem[X,0x8000D8C8] -> 0x006F
mem[X,0x8000D8CA] -> 0x00C0
[1336] [M]: 0x8000D8C8 (0x00C0006F) jal zero, 12


mem[X,0x8000D8D4] -> 0x7863
mem[X,0x8000D8D6] -> 0x00B5
[1337] [M]: 0x8000D8D4 (0x00B57863) bgeu a0, a1, 16


mem[X,0x8000D8E4] -> 0x8193
mem[X,0x8000D8E6] -> 0x0031
[1338] [M]: 0x8000D8E4 (0x00318193) addi gp, gp, 3
x3 <- 0x00000003


mem[X,0x8000D8E8] -> 0x006F
mem[X,0x8000D8EA] -> 0x0040
[1339] [M]: 0x8000D8E8 (0x0040006F) jal zero, 4


mem[X,0x8000D8EC] -> 0x2423
mem[X,0x8000D8EE] -> 0x1E31
[1340] [M]: 0x8000D8EC (0x1E312423) sw gp, 488(sp)
mem[0x8004B34C] <- 0x00000003


mem[X,0x8000D8F0] -> 0x5537
mem[X,0x8000D8F2] -> 0x5555
[1341] [M]: 0x8000D8F0 (0x55555537) lui a0, 349525
x10 <- 0x55555000


mem[X,0x8000D8F4] -> 0x0513
mem[X,0x8000D8F6] -> 0x5555
[1342] [M]: 0x8000D8F4 (0x55550513) addi a0, a0, 1365
x10 <- 0x55555555


mem[X,0x8000D8F8] -> 0x65B7
mem[X,0x8000D8FA] -> 0x6666
[1343] [M]: 0x8000D8F8 (0x666665B7) lui a1, 419430
x11 <- 0x66666000


mem[X,0x8000D8FC] -> 0x8593
mem[X,0x8000D8FE] -> 0x6655
[1344] [M]: 0x8000D8FC (0x66558593) addi a1, a1, 1637
x11 <- 0x66666665


mem[X,0x8000D900] -> 0x0193
mem[X,0x8000D902] -> 0x0000
[1345] [M]: 0x8000D900 (0x00000193) addi gp, zero, 0
x3 <- 0x00000000


mem[X,0x8000D904] -> 0x006F
mem[X,0x8000D906] -> 0x00C0
[1346] [M]: 0x8000D904 (0x00C0006F) jal zero, 12


mem[X,0x8000D910] -> 0x7863
mem[X,0x8000D912] -> 0x00B5
[1347] [M]: 0x8000D910 (0x00B57863) bgeu a0, a1, 16


mem[X,0x8000D914] -> 0x8193
mem[X,0x8000D916] -> 0x0021
[1348] [M]: 0x8000D914 (0x00218193) addi gp, gp, 2
x3 <- 0x00000002


mem[X,0x8000D918] -> 0x006F
mem[X,0x8000D91A] -> 0x0100
[1349] [M]: 0x8000D918 (0x0100006F) jal zero, 16


mem[X,0x8000D928] -> 0x2623
mem[X,0x8000D92A] -> 0x1E31
[1350] [M]: 0x8000D928 (0x1E312623) sw gp, 492(sp)
mem[0x8004B350] <- 0x00000002


mem[X,0x8000D92C] -> 0x5537
mem[X,0x8000D92E] -> 0x5555
[1351] [M]: 0x8000D92C (0x55555537) lui a0, 349525
x10 <- 0x55555000


mem[X,0x8000D930] -> 0x0513
mem[X,0x8000D932] -> 0x5555
[1352] [M]: 0x8000D930 (0x55550513) addi a0, a0, 1365
x10 <- 0x55555555


mem[X,0x8000D934] -> 0xB5B7
mem[X,0x8000D936] -> 0x0000
[1353] [M]: 0x8000D934 (0x0000B5B7) lui a1, 11
x11 <- 0x0000B000


mem[X,0x8000D938] -> 0x8593
mem[X,0x8000D93A] -> 0x5035
[1354] [M]: 0x8000D938 (0x50358593) addi a1, a1, 1283
x11 <- 0x0000B503


mem[X,0x8000D93C] -> 0x0193
mem[X,0x8000D93E] -> 0x0000
[1355] [M]: 0x8000D93C (0x00000193) addi gp, zero, 0
x3 <- 0x00000000


mem[X,0x8000D940] -> 0x006F
mem[X,0x8000D942] -> 0x00C0
[1356] [M]: 0x8000D940 (0x00C0006F) jal zero, 12


mem[X,0x8000D94C] -> 0x7663
mem[X,0x8000D94E] -> 0x00B5
[1357] [M]: 0x8000D94C (0x00B57663) bgeu a0, a1, 12


mem[X,0x8000D958] -> 0x8193
mem[X,0x8000D95A] -> 0x0031
[1358] [M]: 0x8000D958 (0x00318193) addi gp, gp, 3
x3 <- 0x00000003


mem[X,0x8000D95C] -> 0x006F
mem[X,0x8000D95E] -> 0x0040
[1359] [M]: 0x8000D95C (0x0040006F) jal zero, 4


mem[X,0x8000D960] -> 0x2823
mem[X,0x8000D962] -> 0x1E31
[1360] [M]: 0x8000D960 (0x1E312823) sw gp, 496(sp)
mem[0x8004B354] <- 0x00000003


mem[X,0x8000D964] -> 0x5537
mem[X,0x8000D966] -> 0x5555
[1361] [M]: 0x8000D964 (0x55555537) lui a0, 349525
x10 <- 0x55555000


mem[X,0x8000D968] -> 0x0513
mem[X,0x8000D96A] -> 0x5555
[1362] [M]: 0x8000D968 (0x55550513) addi a0, a0, 1365
x10 <- 0x55555555


mem[X,0x8000D96C] -> 0x05B7
mem[X,0x8000D96E] -> 0x0001
[1363] [M]: 0x8000D96C (0x000105B7) lui a1, 16
x11 <- 0x00010000


mem[X,0x8000D970] -> 0x8593
mem[X,0x8000D972] -> 0xFFE5
[1364] [M]: 0x8000D970 (0xFFE58593) addi a1, a1, 4094
x11 <- 0x0000FFFE


mem[X,0x8000D974] -> 0x0193
mem[X,0x8000D976] -> 0x0000
[1365] [M]: 0x8000D974 (0x00000193) addi gp, zero, 0
x3 <- 0x00000000


mem[X,0x8000D978] -> 0x006F
mem[X,0x8000D97A] -> 0x00C0
[1366] [M]: 0x8000D978 (0x00C0006F) jal zero, 12


mem[X,0x8000D984] -> 0x7663
mem[X,0x8000D986] -> 0x00B5
[1367] [M]: 0x8000D984 (0x00B57663) bgeu a0, a1, 12


mem[X,0x8000D990] -> 0x8193
mem[X,0x8000D992] -> 0x0031
[1368] [M]: 0x8000D990 (0x00318193) addi gp, gp, 3
x3 <- 0x00000003


mem[X,0x8000D994] -> 0x006F
mem[X,0x8000D996] -> 0x0040
[1369] [M]: 0x8000D994 (0x0040006F) jal zero, 4


mem[X,0x8000D998] -> 0x2A23
mem[X,0x8000D99A] -> 0x1E31
[1370] [M]: 0x8000D998 (0x1E312A23) sw gp, 500(sp)
mem[0x8004B358] <- 0x00000003


mem[X,0x8000D99C] -> 0x5537
mem[X,0x8000D99E] -> 0x5555
[1371] [M]: 0x8000D99C (0x55555537) lui a0, 349525
x10 <- 0x55555000


mem[X,0x8000D9A0] -> 0x0513
mem[X,0x8000D9A2] -> 0x5555
[1372] [M]: 0x8000D9A0 (0x55550513) addi a0, a0, 1365
x10 <- 0x55555555


mem[X,0x8000D9A4] -> 0x55B7
mem[X,0x8000D9A6] -> 0x5555
[1373] [M]: 0x8000D9A4 (0x555555B7) lui a1, 349525
x11 <- 0x55555000


mem[X,0x8000D9A8] -> 0x8593
mem[X,0x8000D9AA] -> 0x5565
[1374] [M]: 0x8000D9A8 (0x55658593) addi a1, a1, 1366
x11 <- 0x55555556


mem[X,0x8000D9AC] -> 0x0193
mem[X,0x8000D9AE] -> 0x0000
[1375] [M]: 0x8000D9AC (0x00000193) addi gp, zero, 0
x3 <- 0x00000000


mem[X,0x8000D9B0] -> 0x006F
mem[X,0x8000D9B2] -> 0x00C0
[1376] [M]: 0x8000D9B0 (0x00C0006F) jal zero, 12


mem[X,0x8000D9BC] -> 0x7663
mem[X,0x8000D9BE] -> 0x00B5
[1377] [M]: 0x8000D9BC (0x00B57663) bgeu a0, a1, 12


mem[X,0x8000D9C0] -> 0x8193
mem[X,0x8000D9C2] -> 0x0021
[1378] [M]: 0x8000D9C0 (0x00218193) addi gp, gp, 2
x3 <- 0x00000002


mem[X,0x8000D9C4] -> 0x006F
mem[X,0x8000D9C6] -> 0x00C0
[1379] [M]: 0x8000D9C4 (0x00C0006F) jal zero, 12


mem[X,0x8000D9D0] -> 0x2C23
mem[X,0x8000D9D2] -> 0x1E31
[1380] [M]: 0x8000D9D0 (0x1E312C23) sw gp, 504(sp)
mem[0x8004B35C] <- 0x00000002


mem[X,0x8000D9D4] -> 0x5537
mem[X,0x8000D9D6] -> 0x5555
[1381] [M]: 0x8000D9D4 (0x55555537) lui a0, 349525
x10 <- 0x55555000


mem[X,0x8000D9D8] -> 0x0513
mem[X,0x8000D9DA] -> 0x5555
[1382] [M]: 0x8000D9D8 (0x55550513) addi a0, a0, 1365
x10 <- 0x55555555


mem[X,0x8000D9DC] -> 0xB5B7
mem[X,0x8000D9DE] -> 0xAAAA
[1383] [M]: 0x8000D9DC (0xAAAAB5B7) lui a1, 699051
x11 <- 0xAAAAB000


mem[X,0x8000D9E0] -> 0x8593
mem[X,0x8000D9E2] -> 0xAAB5
[1384] [M]: 0x8000D9E0 (0xAAB58593) addi a1, a1, 2731
x11 <- 0xAAAAAAAB


mem[X,0x8000D9E4] -> 0x0193
mem[X,0x8000D9E6] -> 0x0000
[1385] [M]: 0x8000D9E4 (0x00000193) addi gp, zero, 0
x3 <- 0x00000000


mem[X,0x8000D9E8] -> 0x006F
mem[X,0x8000D9EA] -> 0x0050
[1386] [M]: 0x8000D9E8 (0x0050006F) jal zero, 2052


mem[X,0x8000E1EC] -> 0x70E3
mem[X,0x8000E1EE] -> 0x80B5
[1387] [M]: 0x8000E1EC (0x80B570E3) bgeu a0, a1, 6144


mem[X,0x8000E1F0] -> 0x8193
mem[X,0x8000E1F2] -> 0x0021
[1388] [M]: 0x8000E1F0 (0x00218193) addi gp, gp, 2
x3 <- 0x00000002


mem[X,0x8000E1F4] -> 0x006F
mem[X,0x8000E1F6] -> 0x00C0
[1389] [M]: 0x8000E1F4 (0x00C0006F) jal zero, 12


mem[X,0x8000E200] -> 0x2E23
mem[X,0x8000E202] -> 0x1E31
[1390] [M]: 0x8000E200 (0x1E312E23) sw gp, 508(sp)
mem[0x8004B360] <- 0x00000002


mem[X,0x8000E204] -> 0x5537
mem[X,0x8000E206] -> 0x5555
[1391] [M]: 0x8000E204 (0x55555537) lui a0, 349525
x10 <- 0x55555000


mem[X,0x8000E208] -> 0x0513
mem[X,0x8000E20A] -> 0x5555
[1392] [M]: 0x8000E208 (0x55550513) addi a0, a0, 1365
x10 <- 0x55555555


mem[X,0x8000E20C] -> 0x0593
mem[X,0x8000E20E] -> 0x0060
[1393] [M]: 0x8000E20C (0x00600593) addi a1, zero, 6
x11 <- 0x00000006


mem[X,0x8000E210] -> 0x0193
mem[X,0x8000E212] -> 0x0000
[1394] [M]: 0x8000E210 (0x00000193) addi gp, zero, 0
x3 <- 0x00000000


mem[X,0x8000E214] -> 0x006F
mem[X,0x8000E216] -> 0x00C0
[1395] [M]: 0x8000E214 (0x00C0006F) jal zero, 12


mem[X,0x8000E220] -> 0x7063
mem[X,0x8000E222] -> 0x40B5
[1396] [M]: 0x8000E220 (0x40B57063) bgeu a0, a1, 1024


mem[X,0x8000E620] -> 0x8193
mem[X,0x8000E622] -> 0x0031
[1397] [M]: 0x8000E620 (0x00318193) addi gp, gp, 3
x3 <- 0x00000003


mem[X,0x8000E624] -> 0x006F
mem[X,0x8000E626] -> 0x0040
[1398] [M]: 0x8000E624 (0x0040006F) jal zero, 4


mem[X,0x8000E628] -> 0x2023
mem[X,0x8000E62A] -> 0x2031
[1399] [M]: 0x8000E628 (0x20312023) sw gp, 512(sp)
mem[0x8004B364] <- 0x00000003


clint::tick mtime <- 0x000000000000000E
 clint timer pending at mtime 0x000000000000000E
htif::tick 0x0000000000000000
mem[X,0x8000E62C] -> 0x5537
mem[X,0x8000E62E] -> 0x5555
[1400] [M]: 0x8000E62C (0x55555537) lui a0, 349525
x10 <- 0x55555000


mem[X,0x8000E630] -> 0x0513
mem[X,0x8000E632] -> 0x5555
[1401] [M]: 0x8000E630 (0x55550513) addi a0, a0, 1365
x10 <- 0x55555555


mem[X,0x8000E634] -> 0x35B7
mem[X,0x8000E636] -> 0x3333
[1402] [M]: 0x8000E634 (0x333335B7) lui a1, 209715
x11 <- 0x33333000


mem[X,0x8000E638] -> 0x8593
mem[X,0x8000E63A] -> 0x3345
[1403] [M]: 0x8000E638 (0x33458593) addi a1, a1, 820
x11 <- 0x33333334


mem[X,0x8000E63C] -> 0x0193
mem[X,0x8000E63E] -> 0x0000
[1404] [M]: 0x8000E63C (0x00000193) addi gp, zero, 0
x3 <- 0x00000000


mem[X,0x8000E640] -> 0x006F
mem[X,0x8000E642] -> 0x00C0
[1405] [M]: 0x8000E640 (0x00C0006F) jal zero, 12


mem[X,0x8000E64C] -> 0x7063
mem[X,0x8000E64E] -> 0x04B5
[1406] [M]: 0x8000E64C (0x04B57063) bgeu a0, a1, 64


mem[X,0x8000E68C] -> 0x8193
mem[X,0x8000E68E] -> 0x0031
[1407] [M]: 0x8000E68C (0x00318193) addi gp, gp, 3
x3 <- 0x00000003


mem[X,0x8000E690] -> 0x006F
mem[X,0x8000E692] -> 0x0040
[1408] [M]: 0x8000E690 (0x0040006F) jal zero, 4


mem[X,0x8000E694] -> 0x2223
mem[X,0x8000E696] -> 0x2031
[1409] [M]: 0x8000E694 (0x20312223) sw gp, 516(sp)
mem[0x8004B368] <- 0x00000003


mem[X,0x8000E698] -> 0x5537
mem[X,0x8000E69A] -> 0x5555
[1410] [M]: 0x8000E698 (0x55555537) lui a0, 349525
x10 <- 0x55555000


mem[X,0x8000E69C] -> 0x0513
mem[X,0x8000E69E] -> 0x5555
[1411] [M]: 0x8000E69C (0x55550513) addi a0, a0, 1365
x10 <- 0x55555555


mem[X,0x8000E6A0] -> 0x65B7
mem[X,0x8000E6A2] -> 0x6666
[1412] [M]: 0x8000E6A0 (0x666665B7) lui a1, 419430
x11 <- 0x66666000


mem[X,0x8000E6A4] -> 0x8593
mem[X,0x8000E6A6] -> 0x6675
[1413] [M]: 0x8000E6A4 (0x66758593) addi a1, a1, 1639
x11 <- 0x66666667


mem[X,0x8000E6A8] -> 0x0193
mem[X,0x8000E6AA] -> 0x0000
[1414] [M]: 0x8000E6A8 (0x00000193) addi gp, zero, 0
x3 <- 0x00000000


mem[X,0x8000E6AC] -> 0x006F
mem[X,0x8000E6AE] -> 0x00C0
[1415] [M]: 0x8000E6AC (0x00C0006F) jal zero, 12


mem[X,0x8000E6B8] -> 0x7063
mem[X,0x8000E6BA] -> 0x02B5
[1416] [M]: 0x8000E6B8 (0x02B57063) bgeu a0, a1, 32


mem[X,0x8000E6BC] -> 0x8193
mem[X,0x8000E6BE] -> 0x0021
[1417] [M]: 0x8000E6BC (0x00218193) addi gp, gp, 2
x3 <- 0x00000002


mem[X,0x8000E6C0] -> 0x006F
mem[X,0x8000E6C2] -> 0x0200
[1418] [M]: 0x8000E6C0 (0x0200006F) jal zero, 32


mem[X,0x8000E6E0] -> 0x2423
mem[X,0x8000E6E2] -> 0x2031
[1419] [M]: 0x8000E6E0 (0x20312423) sw gp, 520(sp)
mem[0x8004B36C] <- 0x00000002


mem[X,0x8000E6E4] -> 0x5537
mem[X,0x8000E6E6] -> 0x5555
[1420] [M]: 0x8000E6E4 (0x55555537) lui a0, 349525
x10 <- 0x55555000


mem[X,0x8000E6E8] -> 0x0513
mem[X,0x8000E6EA] -> 0x5555
[1421] [M]: 0x8000E6E8 (0x55550513) addi a0, a0, 1365
x10 <- 0x55555555


mem[X,0x8000E6EC] -> 0xB5B7
mem[X,0x8000E6EE] -> 0x0000
[1422] [M]: 0x8000E6EC (0x0000B5B7) lui a1, 11
x11 <- 0x0000B000


mem[X,0x8000E6F0] -> 0x8593
mem[X,0x8000E6F2] -> 0x5055
[1423] [M]: 0x8000E6F0 (0x50558593) addi a1, a1, 1285
x11 <- 0x0000B505


mem[X,0x8000E6F4] -> 0x0193
mem[X,0x8000E6F6] -> 0x0000
[1424] [M]: 0x8000E6F4 (0x00000193) addi gp, zero, 0
x3 <- 0x00000000


mem[X,0x8000E6F8] -> 0x006F
mem[X,0x8000E6FA] -> 0x2B10
[1425] [M]: 0x8000E6F8 (0x2B10006F) jal zero, 2736


mem[X,0x8000F1A8] -> 0x7A63
mem[X,0x8000F1AA] -> 0xD4B5
[1426] [M]: 0x8000F1A8 (0xD4B57A63) bgeu a0, a1, 5460


mem[X,0x8000E6FC] -> 0x8193
mem[X,0x8000E6FE] -> 0x0011
[1427] [M]: 0x8000E6FC (0x00118193) addi gp, gp, 1
x3 <- 0x00000001


mem[X,0x8000E700] -> 0x006F
mem[X,0x8000E702] -> 0x2BD0
[1428] [M]: 0x8000E700 (0x2BD0006F) jal zero, 2748


mem[X,0x8000F1BC] -> 0x2623
mem[X,0x8000F1BE] -> 0x2031
[1429] [M]: 0x8000F1BC (0x20312623) sw gp, 524(sp)
mem[0x8004B370] <- 0x00000001


mem[X,0x8000F1C0] -> 0x5537
mem[X,0x8000F1C2] -> 0x5555
[1430] [M]: 0x8000F1C0 (0x55555537) lui a0, 349525
x10 <- 0x55555000


mem[X,0x8000F1C4] -> 0x0513
mem[X,0x8000F1C6] -> 0x5555
[1431] [M]: 0x8000F1C4 (0x55550513) addi a0, a0, 1365
x10 <- 0x55555555


mem[X,0x8000F1C8] -> 0x0593
mem[X,0x8000F1CA] -> 0x0010
[1432] [M]: 0x8000F1C8 (0x00100593) addi a1, zero, 1
x11 <- 0x00000001


mem[X,0x8000F1CC] -> 0x0193
mem[X,0x8000F1CE] -> 0x0000
[1433] [M]: 0x8000F1CC (0x00000193) addi gp, zero, 0
x3 <- 0x00000000


mem[X,0x8000F1D0] -> 0x006F
mem[X,0x8000F1D2] -> 0x00C0
[1434] [M]: 0x8000F1D0 (0x00C0006F) jal zero, 12


mem[X,0x8000F1DC] -> 0x7063
mem[X,0x8000F1DE] -> 0x20B5
[1435] [M]: 0x8000F1DC (0x20B57063) bgeu a0, a1, 512


mem[X,0x8000F3DC] -> 0x8193
mem[X,0x8000F3DE] -> 0x0031
[1436] [M]: 0x8000F3DC (0x00318193) addi gp, gp, 3
x3 <- 0x00000003


mem[X,0x8000F3E0] -> 0x006F
mem[X,0x8000F3E2] -> 0x0040
[1437] [M]: 0x8000F3E0 (0x0040006F) jal zero, 4


mem[X,0x8000F3E4] -> 0x2823
mem[X,0x8000F3E6] -> 0x2031
[1438] [M]: 0x8000F3E4 (0x20312823) sw gp, 528(sp)
mem[0x8004B374] <- 0x00000003


mem[X,0x8000F3E8] -> 0x5537
mem[X,0x8000F3EA] -> 0x5555
[1439] [M]: 0x8000F3E8 (0x55555537) lui a0, 349525
x10 <- 0x55555000


mem[X,0x8000F3EC] -> 0x0513
mem[X,0x8000F3EE] -> 0x5555
[1440] [M]: 0x8000F3EC (0x55550513) addi a0, a0, 1365
x10 <- 0x55555555


mem[X,0x8000F3F0] -> 0x05B7
mem[X,0x8000F3F2] -> 0x0001
[1441] [M]: 0x8000F3F0 (0x000105B7) lui a1, 16
x11 <- 0x00010000


mem[X,0x8000F3F4] -> 0x0193
mem[X,0x8000F3F6] -> 0x0000
[1442] [M]: 0x8000F3F4 (0x00000193) addi gp, zero, 0
x3 <- 0x00000000


mem[X,0x8000F3F8] -> 0x006F
mem[X,0x8000F3FA] -> 0x0100
[1443] [M]: 0x8000F3F8 (0x0100006F) jal zero, 16


mem[X,0x8000F408] -> 0x7AE3
mem[X,0x8000F40A] -> 0xFEB5
[1444] [M]: 0x8000F408 (0xFEB57AE3) bgeu a0, a1, 8180


mem[X,0x8000F3FC] -> 0x8193
mem[X,0x8000F3FE] -> 0x0011
[1445] [M]: 0x8000F3FC (0x00118193) addi gp, gp, 1
x3 <- 0x00000001


mem[X,0x8000F400] -> 0x006F
mem[X,0x8000F402] -> 0x01C0
[1446] [M]: 0x8000F400 (0x01C0006F) jal zero, 28


mem[X,0x8000F41C] -> 0x2A23
mem[X,0x8000F41E] -> 0x2031
[1447] [M]: 0x8000F41C (0x20312A23) sw gp, 532(sp)
mem[0x8004B378] <- 0x00000001


mem[X,0x8000F420] -> 0xB537
mem[X,0x8000F422] -> 0xAAAA
[1448] [M]: 0x8000F420 (0xAAAAB537) lui a0, 699051
x10 <- 0xAAAAB000


mem[X,0x8000F424] -> 0x0513
mem[X,0x8000F426] -> 0xAAA5
[1449] [M]: 0x8000F424 (0xAAA50513) addi a0, a0, 2730
x10 <- 0xAAAAAAAA


mem[X,0x8000F428] -> 0x0593
mem[X,0x8000F42A] -> 0x0030
[1450] [M]: 0x8000F428 (0x00300593) addi a1, zero, 3
x11 <- 0x00000003


mem[X,0x8000F42C] -> 0x0193
mem[X,0x8000F42E] -> 0x0000
[1451] [M]: 0x8000F42C (0x00000193) addi gp, zero, 0
x3 <- 0x00000000


mem[X,0x8000F430] -> 0x006F
mem[X,0x8000F432] -> 0x0140
[1452] [M]: 0x8000F430 (0x0140006F) jal zero, 20


mem[X,0x8000F444] -> 0x78E3
mem[X,0x8000F446] -> 0xFEB5
[1453] [M]: 0x8000F444 (0xFEB578E3) bgeu a0, a1, 8176


mem[X,0x8000F434] -> 0x8193
mem[X,0x8000F436] -> 0x0011
[1454] [M]: 0x8000F434 (0x00118193) addi gp, gp, 1
x3 <- 0x00000001


mem[X,0x8000F438] -> 0x006F
mem[X,0x8000F43A] -> 0x0200
[1455] [M]: 0x8000F438 (0x0200006F) jal zero, 32


mem[X,0x8000F458] -> 0x2C23
mem[X,0x8000F45A] -> 0x2031
[1456] [M]: 0x8000F458 (0x20312C23) sw gp, 536(sp)
mem[0x8004B37C] <- 0x00000001


mem[X,0x8000F45C] -> 0xB537
mem[X,0x8000F45E] -> 0xAAAA
[1457] [M]: 0x8000F45C (0xAAAAB537) lui a0, 699051
x10 <- 0xAAAAB000


mem[X,0x8000F460] -> 0x0513
mem[X,0x8000F462] -> 0xAAA5
[1458] [M]: 0x8000F460 (0xAAA50513) addi a0, a0, 2730
x10 <- 0xAAAAAAAA


mem[X,0x8000F464] -> 0x55B7
mem[X,0x8000F466] -> 0x5555
[1459] [M]: 0x8000F464 (0x555555B7) lui a1, 349525
x11 <- 0x55555000


mem[X,0x8000F468] -> 0x8593
mem[X,0x8000F46A] -> 0x5555
[1460] [M]: 0x8000F468 (0x55558593) addi a1, a1, 1365
x11 <- 0x55555555


mem[X,0x8000F46C] -> 0x0193
mem[X,0x8000F46E] -> 0x0000
[1461] [M]: 0x8000F46C (0x00000193) addi gp, zero, 0
x3 <- 0x00000000


mem[X,0x8000F470] -> 0x006F
mem[X,0x8000F472] -> 0x00C0
[1462] [M]: 0x8000F470 (0x00C0006F) jal zero, 12


mem[X,0x8000F47C] -> 0x7CE3
mem[X,0x8000F47E] -> 0xFEB5
[1463] [M]: 0x8000F47C (0xFEB57CE3) bgeu a0, a1, 8184


mem[X,0x8000F474] -> 0x8193
mem[X,0x8000F476] -> 0x0011
[1464] [M]: 0x8000F474 (0x00118193) addi gp, gp, 1
x3 <- 0x00000001


mem[X,0x8000F478] -> 0x006F
mem[X,0x8000F47A] -> 0x0180
[1465] [M]: 0x8000F478 (0x0180006F) jal zero, 24


mem[X,0x8000F490] -> 0x2E23
mem[X,0x8000F492] -> 0x2031
[1466] [M]: 0x8000F490 (0x20312E23) sw gp, 540(sp)
mem[0x8004B380] <- 0x00000001


mem[X,0x8000F494] -> 0xB537
mem[X,0x8000F496] -> 0xAAAA
[1467] [M]: 0x8000F494 (0xAAAAB537) lui a0, 699051
x10 <- 0xAAAAB000


mem[X,0x8000F498] -> 0x0513
mem[X,0x8000F49A] -> 0xAAA5
[1468] [M]: 0x8000F498 (0xAAA50513) addi a0, a0, 2730
x10 <- 0xAAAAAAAA


mem[X,0x8000F49C] -> 0xB5B7
mem[X,0x8000F49E] -> 0xAAAA
[1469] [M]: 0x8000F49C (0xAAAAB5B7) lui a1, 699051
x11 <- 0xAAAAB000


mem[X,0x8000F4A0] -> 0x8593
mem[X,0x8000F4A2] -> 0xAAA5
[1470] [M]: 0x8000F4A0 (0xAAA58593) addi a1, a1, 2730
x11 <- 0xAAAAAAAA


mem[X,0x8000F4A4] -> 0x0193
mem[X,0x8000F4A6] -> 0x0000
[1471] [M]: 0x8000F4A4 (0x00000193) addi gp, zero, 0
x3 <- 0x00000000


mem[X,0x8000F4A8] -> 0x006F
mem[X,0x8000F4AA] -> 0x00C0
[1472] [M]: 0x8000F4A8 (0x00C0006F) jal zero, 12


mem[X,0x8000F4B4] -> 0x7663
mem[X,0x8000F4B6] -> 0x00B5
[1473] [M]: 0x8000F4B4 (0x00B57663) bgeu a0, a1, 12


mem[X,0x8000F4C0] -> 0x8193
mem[X,0x8000F4C2] -> 0x0031
[1474] [M]: 0x8000F4C0 (0x00318193) addi gp, gp, 3
x3 <- 0x00000003


mem[X,0x8000F4C4] -> 0x006F
mem[X,0x8000F4C6] -> 0x0040
[1475] [M]: 0x8000F4C4 (0x0040006F) jal zero, 4


mem[X,0x8000F4C8] -> 0x2023
mem[X,0x8000F4CA] -> 0x2231
[1476] [M]: 0x8000F4C8 (0x22312023) sw gp, 544(sp)
mem[0x8004B384] <- 0x00000003


mem[X,0x8000F4CC] -> 0xB537
mem[X,0x8000F4CE] -> 0xAAAA
[1477] [M]: 0x8000F4CC (0xAAAAB537) lui a0, 699051
x10 <- 0xAAAAB000


mem[X,0x8000F4D0] -> 0x0513
mem[X,0x8000F4D2] -> 0xAAA5
[1478] [M]: 0x8000F4D0 (0xAAA50513) addi a0, a0, 2730
x10 <- 0xAAAAAAAA


mem[X,0x8000F4D4] -> 0x0593
mem[X,0x8000F4D6] -> 0x0050
[1479] [M]: 0x8000F4D4 (0x00500593) addi a1, zero, 5
x11 <- 0x00000005


mem[X,0x8000F4D8] -> 0x0193
mem[X,0x8000F4DA] -> 0x0000
[1480] [M]: 0x8000F4D8 (0x00000193) addi gp, zero, 0
x3 <- 0x00000000


mem[X,0x8000F4DC] -> 0x006F
mem[X,0x8000F4DE] -> 0x2B10
[1481] [M]: 0x8000F4DC (0x2B10006F) jal zero, 2736


mem[X,0x8000FF8C] -> 0x7A63
mem[X,0x8000FF8E] -> 0xD4B5
[1482] [M]: 0x8000FF8C (0xD4B57A63) bgeu a0, a1, 5460


mem[X,0x8000F4E0] -> 0x8193
mem[X,0x8000F4E2] -> 0x0011
[1483] [M]: 0x8000F4E0 (0x00118193) addi gp, gp, 1
x3 <- 0x00000001


mem[X,0x8000F4E4] -> 0x006F
mem[X,0x8000F4E6] -> 0x2BD0
[1484] [M]: 0x8000F4E4 (0x2BD0006F) jal zero, 2748


mem[X,0x8000FFA0] -> 0x2223
mem[X,0x8000FFA2] -> 0x2231
[1485] [M]: 0x8000FFA0 (0x22312223) sw gp, 548(sp)
mem[0x8004B388] <- 0x00000001


mem[X,0x8000FFA4] -> 0xB537
mem[X,0x8000FFA6] -> 0xAAAA
[1486] [M]: 0x8000FFA4 (0xAAAAB537) lui a0, 699051
x10 <- 0xAAAAB000


mem[X,0x8000FFA8] -> 0x0513
mem[X,0x8000FFAA] -> 0xAAA5
[1487] [M]: 0x8000FFA8 (0xAAA50513) addi a0, a0, 2730
x10 <- 0xAAAAAAAA


mem[X,0x8000FFAC] -> 0x35B7
mem[X,0x8000FFAE] -> 0x3333
[1488] [M]: 0x8000FFAC (0x333335B7) lui a1, 209715
x11 <- 0x33333000


mem[X,0x8000FFB0] -> 0x8593
mem[X,0x8000FFB2] -> 0x3335
[1489] [M]: 0x8000FFB0 (0x33358593) addi a1, a1, 819
x11 <- 0x33333333


mem[X,0x8000FFB4] -> 0x0193
mem[X,0x8000FFB6] -> 0x0000
[1490] [M]: 0x8000FFB4 (0x00000193) addi gp, zero, 0
x3 <- 0x00000000


mem[X,0x8000FFB8] -> 0x006F
mem[X,0x8000FFBA] -> 0x00C0
[1491] [M]: 0x8000FFB8 (0x00C0006F) jal zero, 12


mem[X,0x8000FFC4] -> 0x7063
mem[X,0x8000FFC6] -> 0x20B5
[1492] [M]: 0x8000FFC4 (0x20B57063) bgeu a0, a1, 512


mem[X,0x800101C4] -> 0x8193
mem[X,0x800101C6] -> 0x0031
[1493] [M]: 0x800101C4 (0x00318193) addi gp, gp, 3
x3 <- 0x00000003


mem[X,0x800101C8] -> 0x006F
mem[X,0x800101CA] -> 0x0040
[1494] [M]: 0x800101C8 (0x0040006F) jal zero, 4


mem[X,0x800101CC] -> 0x2423
mem[X,0x800101CE] -> 0x2231
[1495] [M]: 0x800101CC (0x22312423) sw gp, 552(sp)
mem[0x8004B38C] <- 0x00000003


mem[X,0x800101D0] -> 0xB537
mem[X,0x800101D2] -> 0xAAAA
[1496] [M]: 0x800101D0 (0xAAAAB537) lui a0, 699051
x10 <- 0xAAAAB000


mem[X,0x800101D4] -> 0x0513
mem[X,0x800101D6] -> 0xAAA5
[1497] [M]: 0x800101D4 (0xAAA50513) addi a0, a0, 2730
x10 <- 0xAAAAAAAA


mem[X,0x800101D8] -> 0x65B7
mem[X,0x800101DA] -> 0x6666
[1498] [M]: 0x800101D8 (0x666665B7) lui a1, 419430
x11 <- 0x66666000


mem[X,0x800101DC] -> 0x8593
mem[X,0x800101DE] -> 0x6665
[1499] [M]: 0x800101DC (0x66658593) addi a1, a1, 1638
x11 <- 0x66666666


clint::tick mtime <- 0x000000000000000F
 clint timer pending at mtime 0x000000000000000F
htif::tick 0x0000000000000000
mem[X,0x800101E0] -> 0x0193
mem[X,0x800101E2] -> 0x0000
[1500] [M]: 0x800101E0 (0x00000193) addi gp, zero, 0
x3 <- 0x00000000


mem[X,0x800101E4] -> 0x006F
mem[X,0x800101E6] -> 0x00C0
[1501] [M]: 0x800101E4 (0x00C0006F) jal zero, 12


mem[X,0x800101F0] -> 0x7063
mem[X,0x800101F2] -> 0x40B5
[1502] [M]: 0x800101F0 (0x40B57063) bgeu a0, a1, 1024


mem[X,0x800105F0] -> 0x8193
mem[X,0x800105F2] -> 0x0031
[1503] [M]: 0x800105F0 (0x00318193) addi gp, gp, 3
x3 <- 0x00000003


mem[X,0x800105F4] -> 0x006F
mem[X,0x800105F6] -> 0x0040
[1504] [M]: 0x800105F4 (0x0040006F) jal zero, 4


mem[X,0x800105F8] -> 0x2623
mem[X,0x800105FA] -> 0x2231
[1505] [M]: 0x800105F8 (0x22312623) sw gp, 556(sp)
mem[0x8004B390] <- 0x00000003


mem[X,0x800105FC] -> 0xB537
mem[X,0x800105FE] -> 0xAAAA
[1506] [M]: 0x800105FC (0xAAAAB537) lui a0, 699051
x10 <- 0xAAAAB000


mem[X,0x80010600] -> 0x0513
mem[X,0x80010602] -> 0xAAA5
[1507] [M]: 0x80010600 (0xAAA50513) addi a0, a0, 2730
x10 <- 0xAAAAAAAA


mem[X,0x80010604] -> 0xB5B7
mem[X,0x80010606] -> 0x0000
[1508] [M]: 0x80010604 (0x0000B5B7) lui a1, 11
x11 <- 0x0000B000


mem[X,0x80010608] -> 0x8593
mem[X,0x8001060A] -> 0x5045
[1509] [M]: 0x80010608 (0x50458593) addi a1, a1, 1284
x11 <- 0x0000B504


mem[X,0x8001060C] -> 0x0193
mem[X,0x8001060E] -> 0x0000
[1510] [M]: 0x8001060C (0x00000193) addi gp, zero, 0
x3 <- 0x00000000


mem[X,0x80010610] -> 0x006F
mem[X,0x80010612] -> 0x00C0
[1511] [M]: 0x80010610 (0x00C0006F) jal zero, 12


mem[X,0x8001061C] -> 0x7063
mem[X,0x8001061E] -> 0x20B5
[1512] [M]: 0x8001061C (0x20B57063) bgeu a0, a1, 512


mem[X,0x8001081C] -> 0x8193
mem[X,0x8001081E] -> 0x0031
[1513] [M]: 0x8001081C (0x00318193) addi gp, gp, 3
x3 <- 0x00000003


mem[X,0x80010820] -> 0x006F
mem[X,0x80010822] -> 0x0040
[1514] [M]: 0x80010820 (0x0040006F) jal zero, 4


mem[X,0x80010824] -> 0x2823
mem[X,0x80010826] -> 0x2231
[1515] [M]: 0x80010824 (0x22312823) sw gp, 560(sp)
mem[0x8004B394] <- 0x00000003


mem[X,0x80010828] -> 0xB537
mem[X,0x8001082A] -> 0xAAAA
[1516] [M]: 0x80010828 (0xAAAAB537) lui a0, 699051
x10 <- 0xAAAAB000


mem[X,0x8001082C] -> 0x0513
mem[X,0x8001082E] -> 0xAAA5
[1517] [M]: 0x8001082C (0xAAA50513) addi a0, a0, 2730
x10 <- 0xAAAAAAAA


mem[X,0x80010830] -> 0x0593
mem[X,0x80010832] -> 0x0000
[1518] [M]: 0x80010830 (0x00000593) addi a1, zero, 0
x11 <- 0x00000000


mem[X,0x80010834] -> 0x0193
mem[X,0x80010836] -> 0x0000
[1519] [M]: 0x80010834 (0x00000193) addi gp, zero, 0
x3 <- 0x00000000


mem[X,0x80010838] -> 0x006F
mem[X,0x8001083A] -> 0x00C0
[1520] [M]: 0x80010838 (0x00C0006F) jal zero, 12


mem[X,0x80010844] -> 0x7063
mem[X,0x80010846] -> 0x10B5
[1521] [M]: 0x80010844 (0x10B57063) bgeu a0, a1, 256


mem[X,0x80010944] -> 0x8193
mem[X,0x80010946] -> 0x0031
[1522] [M]: 0x80010944 (0x00318193) addi gp, gp, 3
x3 <- 0x00000003


mem[X,0x80010948] -> 0x006F
mem[X,0x8001094A] -> 0x0040
[1523] [M]: 0x80010948 (0x0040006F) jal zero, 4


mem[X,0x8001094C] -> 0x2A23
mem[X,0x8001094E] -> 0x2231
[1524] [M]: 0x8001094C (0x22312A23) sw gp, 564(sp)
mem[0x8004B398] <- 0x00000003


mem[X,0x80010950] -> 0xB537
mem[X,0x80010952] -> 0xAAAA
[1525] [M]: 0x80010950 (0xAAAAB537) lui a0, 699051
x10 <- 0xAAAAB000


mem[X,0x80010954] -> 0x0513
mem[X,0x80010956] -> 0xAAA5
[1526] [M]: 0x80010954 (0xAAA50513) addi a0, a0, 2730
x10 <- 0xAAAAAAAA


mem[X,0x80010958] -> 0x05B7
mem[X,0x8001095A] -> 0x0001
[1527] [M]: 0x80010958 (0x000105B7) lui a1, 16
x11 <- 0x00010000


mem[X,0x8001095C] -> 0x8593
mem[X,0x8001095E] -> 0xFFF5
[1528] [M]: 0x8001095C (0xFFF58593) addi a1, a1, 4095
x11 <- 0x0000FFFF


mem[X,0x80010960] -> 0x0193
mem[X,0x80010962] -> 0x0000
[1529] [M]: 0x80010960 (0x00000193) addi gp, zero, 0
x3 <- 0x00000000


mem[X,0x80010964] -> 0x006F
mem[X,0x80010966] -> 0x00C0
[1530] [M]: 0x80010964 (0x00C0006F) jal zero, 12


mem[X,0x80010970] -> 0x7863
mem[X,0x80010972] -> 0x00B5
[1531] [M]: 0x80010970 (0x00B57863) bgeu a0, a1, 16


mem[X,0x80010980] -> 0x8193
mem[X,0x80010982] -> 0x0031
[1532] [M]: 0x80010980 (0x00318193) addi gp, gp, 3
x3 <- 0x00000003


mem[X,0x80010984] -> 0x006F
mem[X,0x80010986] -> 0x0040
[1533] [M]: 0x80010984 (0x0040006F) jal zero, 4


mem[X,0x80010988] -> 0x2C23
mem[X,0x8001098A] -> 0x2231
[1534] [M]: 0x80010988 (0x22312C23) sw gp, 568(sp)
mem[0x8004B39C] <- 0x00000003


mem[X,0x8001098C] -> 0xB537
mem[X,0x8001098E] -> 0xAAAA
[1535] [M]: 0x8001098C (0xAAAAB537) lui a0, 699051
x10 <- 0xAAAAB000


mem[X,0x80010990] -> 0x0513
mem[X,0x80010992] -> 0xAAA5
[1536] [M]: 0x80010990 (0xAAA50513) addi a0, a0, 2730
x10 <- 0xAAAAAAAA


mem[X,0x80010994] -> 0x55B7
mem[X,0x80010996] -> 0x5555
[1537] [M]: 0x80010994 (0x555555B7) lui a1, 349525
x11 <- 0x55555000


mem[X,0x80010998] -> 0x8593
mem[X,0x8001099A] -> 0x5545
[1538] [M]: 0x80010998 (0x55458593) addi a1, a1, 1364
x11 <- 0x55555554


mem[X,0x8001099C] -> 0x0193
mem[X,0x8001099E] -> 0x0000
[1539] [M]: 0x8001099C (0x00000193) addi gp, zero, 0
x3 <- 0x00000000


mem[X,0x800109A0] -> 0x006F
mem[X,0x800109A2] -> 0x00C0
[1540] [M]: 0x800109A0 (0x00C0006F) jal zero, 12


mem[X,0x800109AC] -> 0x7CE3
mem[X,0x800109AE] -> 0xFEB5
[1541] [M]: 0x800109AC (0xFEB57CE3) bgeu a0, a1, 8184


mem[X,0x800109A4] -> 0x8193
mem[X,0x800109A6] -> 0x0011
[1542] [M]: 0x800109A4 (0x00118193) addi gp, gp, 1
x3 <- 0x00000001


mem[X,0x800109A8] -> 0x006F
mem[X,0x800109AA] -> 0x0180
[1543] [M]: 0x800109A8 (0x0180006F) jal zero, 24


mem[X,0x800109C0] -> 0x2E23
mem[X,0x800109C2] -> 0x2231
[1544] [M]: 0x800109C0 (0x22312E23) sw gp, 572(sp)
mem[0x8004B3A0] <- 0x00000001


mem[X,0x800109C4] -> 0xB537
mem[X,0x800109C6] -> 0xAAAA
[1545] [M]: 0x800109C4 (0xAAAAB537) lui a0, 699051
x10 <- 0xAAAAB000


mem[X,0x800109C8] -> 0x0513
mem[X,0x800109CA] -> 0xAAA5
[1546] [M]: 0x800109C8 (0xAAA50513) addi a0, a0, 2730
x10 <- 0xAAAAAAAA


mem[X,0x800109CC] -> 0xB5B7
mem[X,0x800109CE] -> 0xAAAA
[1547] [M]: 0x800109CC (0xAAAAB5B7) lui a1, 699051
x11 <- 0xAAAAB000


mem[X,0x800109D0] -> 0x8593
mem[X,0x800109D2] -> 0xAA95
[1548] [M]: 0x800109D0 (0xAA958593) addi a1, a1, 2729
x11 <- 0xAAAAAAA9


mem[X,0x800109D4] -> 0x0193
mem[X,0x800109D6] -> 0x0000
[1549] [M]: 0x800109D4 (0x00000193) addi gp, zero, 0
x3 <- 0x00000000


mem[X,0x800109D8] -> 0x006F
mem[X,0x800109DA] -> 0x0050
[1550] [M]: 0x800109D8 (0x0050006F) jal zero, 2052


mem[X,0x800111DC] -> 0x70E3
mem[X,0x800111DE] -> 0x80B5
[1551] [M]: 0x800111DC (0x80B570E3) bgeu a0, a1, 6144


mem[X,0x800109DC] -> 0x8193
mem[X,0x800109DE] -> 0x0011
[1552] [M]: 0x800109DC (0x00118193) addi gp, gp, 1
x3 <- 0x00000001


mem[X,0x800109E0] -> 0x006F
mem[X,0x800109E2] -> 0x0110
[1553] [M]: 0x800109E0 (0x0110006F) jal zero, 2064


mem[X,0x800111F0] -> 0x2023
mem[X,0x800111F2] -> 0x2431
[1554] [M]: 0x800111F0 (0x24312023) sw gp, 576(sp)
mem[0x8004B3A4] <- 0x00000001


mem[X,0x800111F4] -> 0xB537
mem[X,0x800111F6] -> 0xAAAA
[1555] [M]: 0x800111F4 (0xAAAAB537) lui a0, 699051
x10 <- 0xAAAAB000


mem[X,0x800111F8] -> 0x0513
mem[X,0x800111FA] -> 0xAAA5
[1556] [M]: 0x800111F8 (0xAAA50513) addi a0, a0, 2730
x10 <- 0xAAAAAAAA


mem[X,0x800111FC] -> 0x0593
mem[X,0x800111FE] -> 0x0040
[1557] [M]: 0x800111FC (0x00400593) addi a1, zero, 4
x11 <- 0x00000004


mem[X,0x80011200] -> 0x0193
mem[X,0x80011202] -> 0x0000
[1558] [M]: 0x80011200 (0x00000193) addi gp, zero, 0
x3 <- 0x00000000


mem[X,0x80011204] -> 0x006F
mem[X,0x80011206] -> 0x00C0
[1559] [M]: 0x80011204 (0x00C0006F) jal zero, 12


mem[X,0x80011210] -> 0x7663
mem[X,0x80011212] -> 0x00B5
[1560] [M]: 0x80011210 (0x00B57663) bgeu a0, a1, 12


mem[X,0x8001121C] -> 0x8193
mem[X,0x8001121E] -> 0x0031
[1561] [M]: 0x8001121C (0x00318193) addi gp, gp, 3
x3 <- 0x00000003


mem[X,0x80011220] -> 0x006F
mem[X,0x80011222] -> 0x0040
[1562] [M]: 0x80011220 (0x0040006F) jal zero, 4


mem[X,0x80011224] -> 0x2223
mem[X,0x80011226] -> 0x2431
[1563] [M]: 0x80011224 (0x24312223) sw gp, 580(sp)
mem[0x8004B3A8] <- 0x00000003


mem[X,0x80011228] -> 0xB537
mem[X,0x8001122A] -> 0xAAAA
[1564] [M]: 0x80011228 (0xAAAAB537) lui a0, 699051
x10 <- 0xAAAAB000


mem[X,0x8001122C] -> 0x0513
mem[X,0x8001122E] -> 0xAAA5
[1565] [M]: 0x8001122C (0xAAA50513) addi a0, a0, 2730
x10 <- 0xAAAAAAAA


mem[X,0x80011230] -> 0x35B7
mem[X,0x80011232] -> 0x3333
[1566] [M]: 0x80011230 (0x333335B7) lui a1, 209715
x11 <- 0x33333000


mem[X,0x80011234] -> 0x8593
mem[X,0x80011236] -> 0x3325
[1567] [M]: 0x80011234 (0x33258593) addi a1, a1, 818
x11 <- 0x33333332


mem[X,0x80011238] -> 0x0193
mem[X,0x8001123A] -> 0x0000
[1568] [M]: 0x80011238 (0x00000193) addi gp, zero, 0
x3 <- 0x00000000


mem[X,0x8001123C] -> 0x006F
mem[X,0x8001123E] -> 0x2B10
[1569] [M]: 0x8001123C (0x2B10006F) jal zero, 2736


mem[X,0x80011CEC] -> 0x7A63
mem[X,0x80011CEE] -> 0xD4B5
[1570] [M]: 0x80011CEC (0xD4B57A63) bgeu a0, a1, 5460


mem[X,0x80011240] -> 0x8193
mem[X,0x80011242] -> 0x0011
[1571] [M]: 0x80011240 (0x00118193) addi gp, gp, 1
x3 <- 0x00000001


mem[X,0x80011244] -> 0x006F
mem[X,0x80011246] -> 0x2BD0
[1572] [M]: 0x80011244 (0x2BD0006F) jal zero, 2748


mem[X,0x80011D00] -> 0x2423
mem[X,0x80011D02] -> 0x2431
[1573] [M]: 0x80011D00 (0x24312423) sw gp, 584(sp)
mem[0x8004B3AC] <- 0x00000001


mem[X,0x80011D04] -> 0xB537
mem[X,0x80011D06] -> 0xAAAA
[1574] [M]: 0x80011D04 (0xAAAAB537) lui a0, 699051
x10 <- 0xAAAAB000


mem[X,0x80011D08] -> 0x0513
mem[X,0x80011D0A] -> 0xAAA5
[1575] [M]: 0x80011D08 (0xAAA50513) addi a0, a0, 2730
x10 <- 0xAAAAAAAA


mem[X,0x80011D0C] -> 0x65B7
mem[X,0x80011D0E] -> 0x6666
[1576] [M]: 0x80011D0C (0x666665B7) lui a1, 419430
x11 <- 0x66666000


mem[X,0x80011D10] -> 0x8593
mem[X,0x80011D12] -> 0x6655
[1577] [M]: 0x80011D10 (0x66558593) addi a1, a1, 1637
x11 <- 0x66666665


mem[X,0x80011D14] -> 0x0193
mem[X,0x80011D16] -> 0x0000
[1578] [M]: 0x80011D14 (0x00000193) addi gp, zero, 0
x3 <- 0x00000000


mem[X,0x80011D18] -> 0x006F
mem[X,0x80011D1A] -> 0x00C0
[1579] [M]: 0x80011D18 (0x00C0006F) jal zero, 12


mem[X,0x80011D24] -> 0x7063
mem[X,0x80011D26] -> 0x02B5
[1580] [M]: 0x80011D24 (0x02B57063) bgeu a0, a1, 32


mem[X,0x80011D44] -> 0x8193
mem[X,0x80011D46] -> 0x0031
[1581] [M]: 0x80011D44 (0x00318193) addi gp, gp, 3
x3 <- 0x00000003


mem[X,0x80011D48] -> 0x006F
mem[X,0x80011D4A] -> 0x0040
[1582] [M]: 0x80011D48 (0x0040006F) jal zero, 4


mem[X,0x80011D4C] -> 0x2623
mem[X,0x80011D4E] -> 0x2431
[1583] [M]: 0x80011D4C (0x24312623) sw gp, 588(sp)
mem[0x8004B3B0] <- 0x00000003


mem[X,0x80011D50] -> 0xB537
mem[X,0x80011D52] -> 0xAAAA
[1584] [M]: 0x80011D50 (0xAAAAB537) lui a0, 699051
x10 <- 0xAAAAB000


mem[X,0x80011D54] -> 0x0513
mem[X,0x80011D56] -> 0xAAA5
[1585] [M]: 0x80011D54 (0xAAA50513) addi a0, a0, 2730
x10 <- 0xAAAAAAAA


mem[X,0x80011D58] -> 0xB5B7
mem[X,0x80011D5A] -> 0x0000
[1586] [M]: 0x80011D58 (0x0000B5B7) lui a1, 11
x11 <- 0x0000B000


mem[X,0x80011D5C] -> 0x8593
mem[X,0x80011D5E] -> 0x5035
[1587] [M]: 0x80011D5C (0x50358593) addi a1, a1, 1283
x11 <- 0x0000B503


mem[X,0x80011D60] -> 0x0193
mem[X,0x80011D62] -> 0x0000
[1588] [M]: 0x80011D60 (0x00000193) addi gp, zero, 0
x3 <- 0x00000000


mem[X,0x80011D64] -> 0x006F
mem[X,0x80011D66] -> 0x2B10
[1589] [M]: 0x80011D64 (0x2B10006F) jal zero, 2736


mem[X,0x80012814] -> 0x7A63
mem[X,0x80012816] -> 0xD4B5
[1590] [M]: 0x80012814 (0xD4B57A63) bgeu a0, a1, 5460


mem[X,0x80011D68] -> 0x8193
mem[X,0x80011D6A] -> 0x0011
[1591] [M]: 0x80011D68 (0x00118193) addi gp, gp, 1
x3 <- 0x00000001


mem[X,0x80011D6C] -> 0x006F
mem[X,0x80011D6E] -> 0x2BD0
[1592] [M]: 0x80011D6C (0x2BD0006F) jal zero, 2748


mem[X,0x80012828] -> 0x2823
mem[X,0x8001282A] -> 0x2431
[1593] [M]: 0x80012828 (0x24312823) sw gp, 592(sp)
mem[0x8004B3B4] <- 0x00000001


mem[X,0x8001282C] -> 0xB537
mem[X,0x8001282E] -> 0xAAAA
[1594] [M]: 0x8001282C (0xAAAAB537) lui a0, 699051
x10 <- 0xAAAAB000


mem[X,0x80012830] -> 0x0513
mem[X,0x80012832] -> 0xAAA5
[1595] [M]: 0x80012830 (0xAAA50513) addi a0, a0, 2730
x10 <- 0xAAAAAAAA


mem[X,0x80012834] -> 0x05B7
mem[X,0x80012836] -> 0x0001
[1596] [M]: 0x80012834 (0x000105B7) lui a1, 16
x11 <- 0x00010000


mem[X,0x80012838] -> 0x8593
mem[X,0x8001283A] -> 0xFFE5
[1597] [M]: 0x80012838 (0xFFE58593) addi a1, a1, 4094
x11 <- 0x0000FFFE


mem[X,0x8001283C] -> 0x0193
mem[X,0x8001283E] -> 0x0000
[1598] [M]: 0x8001283C (0x00000193) addi gp, zero, 0
x3 <- 0x00000000


mem[X,0x80012840] -> 0x006F
mem[X,0x80012842] -> 0x00C0
[1599] [M]: 0x80012840 (0x00C0006F) jal zero, 12


clint::tick mtime <- 0x0000000000000010
 clint timer pending at mtime 0x0000000000000010
htif::tick 0x0000000000000000
mem[X,0x8001284C] -> 0x7063
mem[X,0x8001284E] -> 0x04B5
[1600] [M]: 0x8001284C (0x04B57063) bgeu a0, a1, 64


mem[X,0x8001288C] -> 0x8193
mem[X,0x8001288E] -> 0x0031
[1601] [M]: 0x8001288C (0x00318193) addi gp, gp, 3
x3 <- 0x00000003


mem[X,0x80012890] -> 0x006F
mem[X,0x80012892] -> 0x0040
[1602] [M]: 0x80012890 (0x0040006F) jal zero, 4


mem[X,0x80012894] -> 0x2A23
mem[X,0x80012896] -> 0x2431
[1603] [M]: 0x80012894 (0x24312A23) sw gp, 596(sp)
mem[0x8004B3B8] <- 0x00000003


mem[X,0x80012898] -> 0xB537
mem[X,0x8001289A] -> 0xAAAA
[1604] [M]: 0x80012898 (0xAAAAB537) lui a0, 699051
x10 <- 0xAAAAB000


mem[X,0x8001289C] -> 0x0513
mem[X,0x8001289E] -> 0xAAA5
[1605] [M]: 0x8001289C (0xAAA50513) addi a0, a0, 2730
x10 <- 0xAAAAAAAA


mem[X,0x800128A0] -> 0x55B7
mem[X,0x800128A2] -> 0x5555
[1606] [M]: 0x800128A0 (0x555555B7) lui a1, 349525
x11 <- 0x55555000


mem[X,0x800128A4] -> 0x8593
mem[X,0x800128A6] -> 0x5565
[1607] [M]: 0x800128A4 (0x55658593) addi a1, a1, 1366
x11 <- 0x55555556


mem[X,0x800128A8] -> 0x0193
mem[X,0x800128AA] -> 0x0000
[1608] [M]: 0x800128A8 (0x00000193) addi gp, zero, 0
x3 <- 0x00000000


mem[X,0x800128AC] -> 0x006F
mem[X,0x800128AE] -> 0x2B10
[1609] [M]: 0x800128AC (0x2B10006F) jal zero, 2736


mem[X,0x8001335C] -> 0x7A63
mem[X,0x8001335E] -> 0xD4B5
[1610] [M]: 0x8001335C (0xD4B57A63) bgeu a0, a1, 5460


mem[X,0x800128B0] -> 0x8193
mem[X,0x800128B2] -> 0x0011
[1611] [M]: 0x800128B0 (0x00118193) addi gp, gp, 1
x3 <- 0x00000001


mem[X,0x800128B4] -> 0x006F
mem[X,0x800128B6] -> 0x2BD0
[1612] [M]: 0x800128B4 (0x2BD0006F) jal zero, 2748


mem[X,0x80013370] -> 0x2C23
mem[X,0x80013372] -> 0x2431
[1613] [M]: 0x80013370 (0x24312C23) sw gp, 600(sp)
mem[0x8004B3BC] <- 0x00000001


mem[X,0x80013374] -> 0xB537
mem[X,0x80013376] -> 0xAAAA
[1614] [M]: 0x80013374 (0xAAAAB537) lui a0, 699051
x10 <- 0xAAAAB000


mem[X,0x80013378] -> 0x0513
mem[X,0x8001337A] -> 0xAAA5
[1615] [M]: 0x80013378 (0xAAA50513) addi a0, a0, 2730
x10 <- 0xAAAAAAAA


mem[X,0x8001337C] -> 0xB5B7
mem[X,0x8001337E] -> 0xAAAA
[1616] [M]: 0x8001337C (0xAAAAB5B7) lui a1, 699051
x11 <- 0xAAAAB000


mem[X,0x80013380] -> 0x8593
mem[X,0x80013382] -> 0xAAB5
[1617] [M]: 0x80013380 (0xAAB58593) addi a1, a1, 2731
x11 <- 0xAAAAAAAB


mem[X,0x80013384] -> 0x0193
mem[X,0x80013386] -> 0x0000
[1618] [M]: 0x80013384 (0x00000193) addi gp, zero, 0
x3 <- 0x00000000


mem[X,0x80013388] -> 0x006F
mem[X,0x8001338A] -> 0x00C0
[1619] [M]: 0x80013388 (0x00C0006F) jal zero, 12


mem[X,0x80013394] -> 0x7063
mem[X,0x80013396] -> 0x20B5
[1620] [M]: 0x80013394 (0x20B57063) bgeu a0, a1, 512


mem[X,0x80013398] -> 0x8193
mem[X,0x8001339A] -> 0x0021
[1621] [M]: 0x80013398 (0x00218193) addi gp, gp, 2
x3 <- 0x00000002


mem[X,0x8001339C] -> 0x006F
mem[X,0x8001339E] -> 0x2000
[1622] [M]: 0x8001339C (0x2000006F) jal zero, 512


mem[X,0x8001359C] -> 0x2E23
mem[X,0x8001359E] -> 0x2431
[1623] [M]: 0x8001359C (0x24312E23) sw gp, 604(sp)
mem[0x8004B3C0] <- 0x00000002


mem[X,0x800135A0] -> 0xB537
mem[X,0x800135A2] -> 0xAAAA
[1624] [M]: 0x800135A0 (0xAAAAB537) lui a0, 699051
x10 <- 0xAAAAB000


mem[X,0x800135A4] -> 0x0513
mem[X,0x800135A6] -> 0xAAA5
[1625] [M]: 0x800135A4 (0xAAA50513) addi a0, a0, 2730
x10 <- 0xAAAAAAAA


mem[X,0x800135A8] -> 0x0593
mem[X,0x800135AA] -> 0x0060
[1626] [M]: 0x800135A8 (0x00600593) addi a1, zero, 6
x11 <- 0x00000006


mem[X,0x800135AC] -> 0x0193
mem[X,0x800135AE] -> 0x0000
[1627] [M]: 0x800135AC (0x00000193) addi gp, zero, 0
x3 <- 0x00000000


mem[X,0x800135B0] -> 0x006F
mem[X,0x800135B2] -> 0x00C0
[1628] [M]: 0x800135B0 (0x00C0006F) jal zero, 12


mem[X,0x800135BC] -> 0x7063
mem[X,0x800135BE] -> 0x08B5
[1629] [M]: 0x800135BC (0x08B57063) bgeu a0, a1, 128


mem[X,0x8001363C] -> 0x8193
mem[X,0x8001363E] -> 0x0031
[1630] [M]: 0x8001363C (0x00318193) addi gp, gp, 3
x3 <- 0x00000003


mem[X,0x80013640] -> 0x006F
mem[X,0x80013642] -> 0x0040
[1631] [M]: 0x80013640 (0x0040006F) jal zero, 4


mem[X,0x80013644] -> 0x2023
mem[X,0x80013646] -> 0x2631
[1632] [M]: 0x80013644 (0x26312023) sw gp, 608(sp)
mem[0x8004B3C4] <- 0x00000003


mem[X,0x80013648] -> 0xB537
mem[X,0x8001364A] -> 0xAAAA
[1633] [M]: 0x80013648 (0xAAAAB537) lui a0, 699051
x10 <- 0xAAAAB000


mem[X,0x8001364C] -> 0x0513
mem[X,0x8001364E] -> 0xAAA5
[1634] [M]: 0x8001364C (0xAAA50513) addi a0, a0, 2730
x10 <- 0xAAAAAAAA


mem[X,0x80013650] -> 0x35B7
mem[X,0x80013652] -> 0x3333
[1635] [M]: 0x80013650 (0x333335B7) lui a1, 209715
x11 <- 0x33333000


mem[X,0x80013654] -> 0x8593
mem[X,0x80013656] -> 0x3345
[1636] [M]: 0x80013654 (0x33458593) addi a1, a1, 820
x11 <- 0x33333334


mem[X,0x80013658] -> 0x0193
mem[X,0x8001365A] -> 0x0000
[1637] [M]: 0x80013658 (0x00000193) addi gp, zero, 0
x3 <- 0x00000000


mem[X,0x8001365C] -> 0x006F
mem[X,0x8001365E] -> 0x0180
[1638] [M]: 0x8001365C (0x0180006F) jal zero, 24


mem[X,0x80013674] -> 0x76E3
mem[X,0x80013676] -> 0xFEB5
[1639] [M]: 0x80013674 (0xFEB576E3) bgeu a0, a1, 8172


mem[X,0x80013660] -> 0x8193
mem[X,0x80013662] -> 0x0011
[1640] [M]: 0x80013660 (0x00118193) addi gp, gp, 1
x3 <- 0x00000001


mem[X,0x80013664] -> 0x006F
mem[X,0x80013666] -> 0x0240
[1641] [M]: 0x80013664 (0x0240006F) jal zero, 36


mem[X,0x80013688] -> 0x2223
mem[X,0x8001368A] -> 0x2631
[1642] [M]: 0x80013688 (0x26312223) sw gp, 612(sp)
mem[0x8004B3C8] <- 0x00000001


mem[X,0x8001368C] -> 0xB537
mem[X,0x8001368E] -> 0xAAAA
[1643] [M]: 0x8001368C (0xAAAAB537) lui a0, 699051
x10 <- 0xAAAAB000


mem[X,0x80013690] -> 0x0513
mem[X,0x80013692] -> 0xAAA5
[1644] [M]: 0x80013690 (0xAAA50513) addi a0, a0, 2730
x10 <- 0xAAAAAAAA


mem[X,0x80013694] -> 0x65B7
mem[X,0x80013696] -> 0x6666
[1645] [M]: 0x80013694 (0x666665B7) lui a1, 419430
x11 <- 0x66666000


mem[X,0x80013698] -> 0x8593
mem[X,0x8001369A] -> 0x6675
[1646] [M]: 0x80013698 (0x66758593) addi a1, a1, 1639
x11 <- 0x66666667


mem[X,0x8001369C] -> 0x0193
mem[X,0x8001369E] -> 0x0000
[1647] [M]: 0x8001369C (0x00000193) addi gp, zero, 0
x3 <- 0x00000000


mem[X,0x800136A0] -> 0x006F
mem[X,0x800136A2] -> 0x00C0
[1648] [M]: 0x800136A0 (0x00C0006F) jal zero, 12


mem[X,0x800136AC] -> 0x7663
mem[X,0x800136AE] -> 0x00B5
[1649] [M]: 0x800136AC (0x00B57663) bgeu a0, a1, 12


mem[X,0x800136B8] -> 0x8193
mem[X,0x800136BA] -> 0x0031
[1650] [M]: 0x800136B8 (0x00318193) addi gp, gp, 3
x3 <- 0x00000003


mem[X,0x800136BC] -> 0x006F
mem[X,0x800136BE] -> 0x0040
[1651] [M]: 0x800136BC (0x0040006F) jal zero, 4


mem[X,0x800136C0] -> 0x2423
mem[X,0x800136C2] -> 0x2631
[1652] [M]: 0x800136C0 (0x26312423) sw gp, 616(sp)
mem[0x8004B3CC] <- 0x00000003


mem[X,0x800136C4] -> 0xB537
mem[X,0x800136C6] -> 0xAAAA
[1653] [M]: 0x800136C4 (0xAAAAB537) lui a0, 699051
x10 <- 0xAAAAB000


mem[X,0x800136C8] -> 0x0513
mem[X,0x800136CA] -> 0xAAA5
[1654] [M]: 0x800136C8 (0xAAA50513) addi a0, a0, 2730
x10 <- 0xAAAAAAAA


mem[X,0x800136CC] -> 0xB5B7
mem[X,0x800136CE] -> 0x0000
[1655] [M]: 0x800136CC (0x0000B5B7) lui a1, 11
x11 <- 0x0000B000


mem[X,0x800136D0] -> 0x8593
mem[X,0x800136D2] -> 0x5055
[1656] [M]: 0x800136D0 (0x50558593) addi a1, a1, 1285
x11 <- 0x0000B505


mem[X,0x800136D4] -> 0x0193
mem[X,0x800136D6] -> 0x0000
[1657] [M]: 0x800136D4 (0x00000193) addi gp, zero, 0
x3 <- 0x00000000


mem[X,0x800136D8] -> 0x006F
mem[X,0x800136DA] -> 0x00C0
[1658] [M]: 0x800136D8 (0x00C0006F) jal zero, 12


mem[X,0x800136E4] -> 0x7063
mem[X,0x800136E6] -> 0x20B5
[1659] [M]: 0x800136E4 (0x20B57063) bgeu a0, a1, 512


mem[X,0x800138E4] -> 0x8193
mem[X,0x800138E6] -> 0x0031
[1660] [M]: 0x800138E4 (0x00318193) addi gp, gp, 3
x3 <- 0x00000003


mem[X,0x800138E8] -> 0x006F
mem[X,0x800138EA] -> 0x0040
[1661] [M]: 0x800138E8 (0x0040006F) jal zero, 4


mem[X,0x800138EC] -> 0x2623
mem[X,0x800138EE] -> 0x2631
[1662] [M]: 0x800138EC (0x26312623) sw gp, 620(sp)
mem[0x8004B3D0] <- 0x00000003


mem[X,0x800138F0] -> 0xB537
mem[X,0x800138F2] -> 0xAAAA
[1663] [M]: 0x800138F0 (0xAAAAB537) lui a0, 699051
x10 <- 0xAAAAB000


mem[X,0x800138F4] -> 0x0513
mem[X,0x800138F6] -> 0xAAA5
[1664] [M]: 0x800138F4 (0xAAA50513) addi a0, a0, 2730
x10 <- 0xAAAAAAAA


mem[X,0x800138F8] -> 0x0593
mem[X,0x800138FA] -> 0x0010
[1665] [M]: 0x800138F8 (0x00100593) addi a1, zero, 1
x11 <- 0x00000001


mem[X,0x800138FC] -> 0x0193
mem[X,0x800138FE] -> 0x0000
[1666] [M]: 0x800138FC (0x00000193) addi gp, zero, 0
x3 <- 0x00000000


mem[X,0x80013900] -> 0x006F
mem[X,0x80013902] -> 0x00C0
[1667] [M]: 0x80013900 (0x00C0006F) jal zero, 12


mem[X,0x8001390C] -> 0x7663
mem[X,0x8001390E] -> 0x00B5
[1668] [M]: 0x8001390C (0x00B57663) bgeu a0, a1, 12


mem[X,0x80013918] -> 0x8193
mem[X,0x8001391A] -> 0x0031
[1669] [M]: 0x80013918 (0x00318193) addi gp, gp, 3
x3 <- 0x00000003


mem[X,0x8001391C] -> 0x006F
mem[X,0x8001391E] -> 0x0040
[1670] [M]: 0x8001391C (0x0040006F) jal zero, 4


mem[X,0x80013920] -> 0x2823
mem[X,0x80013922] -> 0x2631
[1671] [M]: 0x80013920 (0x26312823) sw gp, 624(sp)
mem[0x8004B3D4] <- 0x00000003


mem[X,0x80013924] -> 0xB537
mem[X,0x80013926] -> 0xAAAA
[1672] [M]: 0x80013924 (0xAAAAB537) lui a0, 699051
x10 <- 0xAAAAB000


mem[X,0x80013928] -> 0x0513
mem[X,0x8001392A] -> 0xAAA5
[1673] [M]: 0x80013928 (0xAAA50513) addi a0, a0, 2730
x10 <- 0xAAAAAAAA


mem[X,0x8001392C] -> 0x05B7
mem[X,0x8001392E] -> 0x0001
[1674] [M]: 0x8001392C (0x000105B7) lui a1, 16
x11 <- 0x00010000


mem[X,0x80013930] -> 0x0193
mem[X,0x80013932] -> 0x0000
[1675] [M]: 0x80013930 (0x00000193) addi gp, zero, 0
x3 <- 0x00000000


mem[X,0x80013934] -> 0x006F
mem[X,0x80013936] -> 0x00C0
[1676] [M]: 0x80013934 (0x00C0006F) jal zero, 12


mem[X,0x80013940] -> 0x7063
mem[X,0x80013942] -> 0x02B5
[1677] [M]: 0x80013940 (0x02B57063) bgeu a0, a1, 32


mem[X,0x80013960] -> 0x8193
mem[X,0x80013962] -> 0x0031
[1678] [M]: 0x80013960 (0x00318193) addi gp, gp, 3
x3 <- 0x00000003


mem[X,0x80013964] -> 0x006F
mem[X,0x80013966] -> 0x0040
[1679] [M]: 0x80013964 (0x0040006F) jal zero, 4


mem[X,0x80013968] -> 0x2A23
mem[X,0x8001396A] -> 0x2631
[1680] [M]: 0x80013968 (0x26312A23) sw gp, 628(sp)
mem[0x8004B3D8] <- 0x00000003


mem[X,0x8001396C] -> 0x0513
mem[X,0x8001396E] -> 0x0050
[1681] [M]: 0x8001396C (0x00500513) addi a0, zero, 5
x10 <- 0x00000005


mem[X,0x80013970] -> 0x0593
mem[X,0x80013972] -> 0x0030
[1682] [M]: 0x80013970 (0x00300593) addi a1, zero, 3
x11 <- 0x00000003


mem[X,0x80013974] -> 0x0193
mem[X,0x80013976] -> 0x0000
[1683] [M]: 0x80013974 (0x00000193) addi gp, zero, 0
x3 <- 0x00000000


mem[X,0x80013978] -> 0x006F
mem[X,0x8001397A] -> 0x00C0
[1684] [M]: 0x80013978 (0x00C0006F) jal zero, 12


mem[X,0x80013984] -> 0x7663
mem[X,0x80013986] -> 0x00B5
[1685] [M]: 0x80013984 (0x00B57663) bgeu a0, a1, 12


mem[X,0x80013990] -> 0x8193
mem[X,0x80013992] -> 0x0031
[1686] [M]: 0x80013990 (0x00318193) addi gp, gp, 3
x3 <- 0x00000003


mem[X,0x80013994] -> 0x006F
mem[X,0x80013996] -> 0x0040
[1687] [M]: 0x80013994 (0x0040006F) jal zero, 4


mem[X,0x80013998] -> 0x2C23
mem[X,0x8001399A] -> 0x2631
[1688] [M]: 0x80013998 (0x26312C23) sw gp, 632(sp)
mem[0x8004B3DC] <- 0x00000003


mem[X,0x8001399C] -> 0x0513
mem[X,0x8001399E] -> 0x0050
[1689] [M]: 0x8001399C (0x00500513) addi a0, zero, 5
x10 <- 0x00000005


mem[X,0x800139A0] -> 0x55B7
mem[X,0x800139A2] -> 0x5555
[1690] [M]: 0x800139A0 (0x555555B7) lui a1, 349525
x11 <- 0x55555000


mem[X,0x800139A4] -> 0x8593
mem[X,0x800139A6] -> 0x5555
[1691] [M]: 0x800139A4 (0x55558593) addi a1, a1, 1365
x11 <- 0x55555555


mem[X,0x800139A8] -> 0x0193
mem[X,0x800139AA] -> 0x0000
[1692] [M]: 0x800139A8 (0x00000193) addi gp, zero, 0
x3 <- 0x00000000


mem[X,0x800139AC] -> 0x006F
mem[X,0x800139AE] -> 0x00C0
[1693] [M]: 0x800139AC (0x00C0006F) jal zero, 12


mem[X,0x800139B8] -> 0x7063
mem[X,0x800139BA] -> 0x10B5
[1694] [M]: 0x800139B8 (0x10B57063) bgeu a0, a1, 256


mem[X,0x800139BC] -> 0x8193
mem[X,0x800139BE] -> 0x0021
[1695] [M]: 0x800139BC (0x00218193) addi gp, gp, 2
x3 <- 0x00000002


mem[X,0x800139C0] -> 0x006F
mem[X,0x800139C2] -> 0x1000
[1696] [M]: 0x800139C0 (0x1000006F) jal zero, 256


mem[X,0x80013AC0] -> 0x2E23
mem[X,0x80013AC2] -> 0x2631
[1697] [M]: 0x80013AC0 (0x26312E23) sw gp, 636(sp)
mem[0x8004B3E0] <- 0x00000002


mem[X,0x80013AC4] -> 0x0513
mem[X,0x80013AC6] -> 0x0050
[1698] [M]: 0x80013AC4 (0x00500513) addi a0, zero, 5
x10 <- 0x00000005


mem[X,0x80013AC8] -> 0xB5B7
mem[X,0x80013ACA] -> 0xAAAA
[1699] [M]: 0x80013AC8 (0xAAAAB5B7) lui a1, 699051
x11 <- 0xAAAAB000


clint::tick mtime <- 0x0000000000000011
 clint timer pending at mtime 0x0000000000000011
htif::tick 0x0000000000000000
mem[X,0x80013ACC] -> 0x8593
mem[X,0x80013ACE] -> 0xAAA5
[1700] [M]: 0x80013ACC (0xAAA58593) addi a1, a1, 2730
x11 <- 0xAAAAAAAA


mem[X,0x80013AD0] -> 0x0193
mem[X,0x80013AD2] -> 0x0000
[1701] [M]: 0x80013AD0 (0x00000193) addi gp, zero, 0
x3 <- 0x00000000


mem[X,0x80013AD4] -> 0x006F
mem[X,0x80013AD6] -> 0x00C0
[1702] [M]: 0x80013AD4 (0x00C0006F) jal zero, 12


mem[X,0x80013AE0] -> 0x7663
mem[X,0x80013AE2] -> 0x00B5
[1703] [M]: 0x80013AE0 (0x00B57663) bgeu a0, a1, 12


mem[X,0x80013AE4] -> 0x8193
mem[X,0x80013AE6] -> 0x0021
[1704] [M]: 0x80013AE4 (0x00218193) addi gp, gp, 2
x3 <- 0x00000002


mem[X,0x80013AE8] -> 0x006F
mem[X,0x80013AEA] -> 0x00C0
[1705] [M]: 0x80013AE8 (0x00C0006F) jal zero, 12


mem[X,0x80013AF4] -> 0x2023
mem[X,0x80013AF6] -> 0x2831
[1706] [M]: 0x80013AF4 (0x28312023) sw gp, 640(sp)
mem[0x8004B3E4] <- 0x00000002


mem[X,0x80013AF8] -> 0x0513
mem[X,0x80013AFA] -> 0x0050
[1707] [M]: 0x80013AF8 (0x00500513) addi a0, zero, 5
x10 <- 0x00000005


mem[X,0x80013AFC] -> 0x0593
mem[X,0x80013AFE] -> 0x0050
[1708] [M]: 0x80013AFC (0x00500593) addi a1, zero, 5
x11 <- 0x00000005


mem[X,0x80013B00] -> 0x0193
mem[X,0x80013B02] -> 0x0000
[1709] [M]: 0x80013B00 (0x00000193) addi gp, zero, 0
x3 <- 0x00000000


mem[X,0x80013B04] -> 0x006F
mem[X,0x80013B06] -> 0x00C0
[1710] [M]: 0x80013B04 (0x00C0006F) jal zero, 12


mem[X,0x80013B10] -> 0x7663
mem[X,0x80013B12] -> 0x00B5
[1711] [M]: 0x80013B10 (0x00B57663) bgeu a0, a1, 12


mem[X,0x80013B1C] -> 0x8193
mem[X,0x80013B1E] -> 0x0031
[1712] [M]: 0x80013B1C (0x00318193) addi gp, gp, 3
x3 <- 0x00000003


mem[X,0x80013B20] -> 0x006F
mem[X,0x80013B22] -> 0x0040
[1713] [M]: 0x80013B20 (0x0040006F) jal zero, 4


mem[X,0x80013B24] -> 0x2223
mem[X,0x80013B26] -> 0x2831
[1714] [M]: 0x80013B24 (0x28312223) sw gp, 644(sp)
mem[0x8004B3E8] <- 0x00000003


mem[X,0x80013B28] -> 0x0513
mem[X,0x80013B2A] -> 0x0050
[1715] [M]: 0x80013B28 (0x00500513) addi a0, zero, 5
x10 <- 0x00000005


mem[X,0x80013B2C] -> 0x35B7
mem[X,0x80013B2E] -> 0x3333
[1716] [M]: 0x80013B2C (0x333335B7) lui a1, 209715
x11 <- 0x33333000


mem[X,0x80013B30] -> 0x8593
mem[X,0x80013B32] -> 0x3335
[1717] [M]: 0x80013B30 (0x33358593) addi a1, a1, 819
x11 <- 0x33333333


mem[X,0x80013B34] -> 0x0193
mem[X,0x80013B36] -> 0x0000
[1718] [M]: 0x80013B34 (0x00000193) addi gp, zero, 0
x3 <- 0x00000000


mem[X,0x80013B38] -> 0x006F
mem[X,0x80013B3A] -> 0x00C0
[1719] [M]: 0x80013B38 (0x00C0006F) jal zero, 12


mem[X,0x80013B44] -> 0x7063
mem[X,0x80013B46] -> 0x10B5
[1720] [M]: 0x80013B44 (0x10B57063) bgeu a0, a1, 256


mem[X,0x80013B48] -> 0x8193
mem[X,0x80013B4A] -> 0x0021
[1721] [M]: 0x80013B48 (0x00218193) addi gp, gp, 2
x3 <- 0x00000002


mem[X,0x80013B4C] -> 0x006F
mem[X,0x80013B4E] -> 0x1000
[1722] [M]: 0x80013B4C (0x1000006F) jal zero, 256


mem[X,0x80013C4C] -> 0x2423
mem[X,0x80013C4E] -> 0x2831
[1723] [M]: 0x80013C4C (0x28312423) sw gp, 648(sp)
mem[0x8004B3EC] <- 0x00000002


mem[X,0x80013C50] -> 0x0513
mem[X,0x80013C52] -> 0x0050
[1724] [M]: 0x80013C50 (0x00500513) addi a0, zero, 5
x10 <- 0x00000005


mem[X,0x80013C54] -> 0x65B7
mem[X,0x80013C56] -> 0x6666
[1725] [M]: 0x80013C54 (0x666665B7) lui a1, 419430
x11 <- 0x66666000


mem[X,0x80013C58] -> 0x8593
mem[X,0x80013C5A] -> 0x6665
[1726] [M]: 0x80013C58 (0x66658593) addi a1, a1, 1638
x11 <- 0x66666666


mem[X,0x80013C5C] -> 0x0193
mem[X,0x80013C5E] -> 0x0000
[1727] [M]: 0x80013C5C (0x00000193) addi gp, zero, 0
x3 <- 0x00000000


mem[X,0x80013C60] -> 0x006F
mem[X,0x80013C62] -> 0x0140
[1728] [M]: 0x80013C60 (0x0140006F) jal zero, 20


mem[X,0x80013C74] -> 0x78E3
mem[X,0x80013C76] -> 0xFEB5
[1729] [M]: 0x80013C74 (0xFEB578E3) bgeu a0, a1, 8176


mem[X,0x80013C78] -> 0x8193
mem[X,0x80013C7A] -> 0x0021
[1730] [M]: 0x80013C78 (0x00218193) addi gp, gp, 2
x3 <- 0x00000002


mem[X,0x80013C7C] -> 0x006F
mem[X,0x80013C7E] -> 0x00C0
[1731] [M]: 0x80013C7C (0x00C0006F) jal zero, 12


mem[X,0x80013C88] -> 0x2623
mem[X,0x80013C8A] -> 0x2831
[1732] [M]: 0x80013C88 (0x28312623) sw gp, 652(sp)
mem[0x8004B3F0] <- 0x00000002


mem[X,0x80013C8C] -> 0x0513
mem[X,0x80013C8E] -> 0x0050
[1733] [M]: 0x80013C8C (0x00500513) addi a0, zero, 5
x10 <- 0x00000005


mem[X,0x80013C90] -> 0xB5B7
mem[X,0x80013C92] -> 0x0000
[1734] [M]: 0x80013C90 (0x0000B5B7) lui a1, 11
x11 <- 0x0000B000


mem[X,0x80013C94] -> 0x8593
mem[X,0x80013C96] -> 0x5045
[1735] [M]: 0x80013C94 (0x50458593) addi a1, a1, 1284
x11 <- 0x0000B504


mem[X,0x80013C98] -> 0x0193
mem[X,0x80013C9A] -> 0x0000
[1736] [M]: 0x80013C98 (0x00000193) addi gp, zero, 0
x3 <- 0x00000000


mem[X,0x80013C9C] -> 0x006F
mem[X,0x80013C9E] -> 0x00C0
[1737] [M]: 0x80013C9C (0x00C0006F) jal zero, 12


mem[X,0x80013CA8] -> 0x7863
mem[X,0x80013CAA] -> 0x00B5
[1738] [M]: 0x80013CA8 (0x00B57863) bgeu a0, a1, 16


mem[X,0x80013CAC] -> 0x8193
mem[X,0x80013CAE] -> 0x0021
[1739] [M]: 0x80013CAC (0x00218193) addi gp, gp, 2
x3 <- 0x00000002


mem[X,0x80013CB0] -> 0x006F
mem[X,0x80013CB2] -> 0x0100
[1740] [M]: 0x80013CB0 (0x0100006F) jal zero, 16


mem[X,0x80013CC0] -> 0x2823
mem[X,0x80013CC2] -> 0x2831
[1741] [M]: 0x80013CC0 (0x28312823) sw gp, 656(sp)
mem[0x8004B3F4] <- 0x00000002


mem[X,0x80013CC4] -> 0x0513
mem[X,0x80013CC6] -> 0x0050
[1742] [M]: 0x80013CC4 (0x00500513) addi a0, zero, 5
x10 <- 0x00000005


mem[X,0x80013CC8] -> 0x0593
mem[X,0x80013CCA] -> 0x0000
[1743] [M]: 0x80013CC8 (0x00000593) addi a1, zero, 0
x11 <- 0x00000000


mem[X,0x80013CCC] -> 0x0193
mem[X,0x80013CCE] -> 0x0000
[1744] [M]: 0x80013CCC (0x00000193) addi gp, zero, 0
x3 <- 0x00000000


mem[X,0x80013CD0] -> 0x006F
mem[X,0x80013CD2] -> 0x00C0
[1745] [M]: 0x80013CD0 (0x00C0006F) jal zero, 12


mem[X,0x80013CDC] -> 0x7CE3
mem[X,0x80013CDE] -> 0xFEB5
[1746] [M]: 0x80013CDC (0xFEB57CE3) bgeu a0, a1, 8184


mem[X,0x80013CD4] -> 0x8193
mem[X,0x80013CD6] -> 0x0011
[1747] [M]: 0x80013CD4 (0x00118193) addi gp, gp, 1
x3 <- 0x00000001


mem[X,0x80013CD8] -> 0x006F
mem[X,0x80013CDA] -> 0x0180
[1748] [M]: 0x80013CD8 (0x0180006F) jal zero, 24


mem[X,0x80013CF0] -> 0x2A23
mem[X,0x80013CF2] -> 0x2831
[1749] [M]: 0x80013CF0 (0x28312A23) sw gp, 660(sp)
mem[0x8004B3F8] <- 0x00000001


mem[X,0x80013CF4] -> 0x0513
mem[X,0x80013CF6] -> 0x0050
[1750] [M]: 0x80013CF4 (0x00500513) addi a0, zero, 5
x10 <- 0x00000005


mem[X,0x80013CF8] -> 0x05B7
mem[X,0x80013CFA] -> 0x0001
[1751] [M]: 0x80013CF8 (0x000105B7) lui a1, 16
x11 <- 0x00010000


mem[X,0x80013CFC] -> 0x8593
mem[X,0x80013CFE] -> 0xFFF5
[1752] [M]: 0x80013CFC (0xFFF58593) addi a1, a1, 4095
x11 <- 0x0000FFFF


mem[X,0x80013D00] -> 0x0193
mem[X,0x80013D02] -> 0x0000
[1753] [M]: 0x80013D00 (0x00000193) addi gp, zero, 0
x3 <- 0x00000000


mem[X,0x80013D04] -> 0x006F
mem[X,0x80013D06] -> 0x2B10
[1754] [M]: 0x80013D04 (0x2B10006F) jal zero, 2736


mem[X,0x800147B4] -> 0x7A63
mem[X,0x800147B6] -> 0xD4B5
[1755] [M]: 0x800147B4 (0xD4B57A63) bgeu a0, a1, 5460


mem[X,0x800147B8] -> 0x8193
mem[X,0x800147BA] -> 0x0021
[1756] [M]: 0x800147B8 (0x00218193) addi gp, gp, 2
x3 <- 0x00000002


mem[X,0x800147BC] -> 0x006F
mem[X,0x800147BE] -> 0x00C0
[1757] [M]: 0x800147BC (0x00C0006F) jal zero, 12


mem[X,0x800147C8] -> 0x2C23
mem[X,0x800147CA] -> 0x2831
[1758] [M]: 0x800147C8 (0x28312C23) sw gp, 664(sp)
mem[0x8004B3FC] <- 0x00000002


mem[X,0x800147CC] -> 0x0513
mem[X,0x800147CE] -> 0x0050
[1759] [M]: 0x800147CC (0x00500513) addi a0, zero, 5
x10 <- 0x00000005


mem[X,0x800147D0] -> 0x0593
mem[X,0x800147D2] -> 0x0020
[1760] [M]: 0x800147D0 (0x00200593) addi a1, zero, 2
x11 <- 0x00000002


mem[X,0x800147D4] -> 0x0193
mem[X,0x800147D6] -> 0x0000
[1761] [M]: 0x800147D4 (0x00000193) addi gp, zero, 0
x3 <- 0x00000000


mem[X,0x800147D8] -> 0x006F
mem[X,0x800147DA] -> 0x00C0
[1762] [M]: 0x800147D8 (0x00C0006F) jal zero, 12


mem[X,0x800147E4] -> 0x7063
mem[X,0x800147E6] -> 0x08B5
[1763] [M]: 0x800147E4 (0x08B57063) bgeu a0, a1, 128


mem[X,0x80014864] -> 0x8193
mem[X,0x80014866] -> 0x0031
[1764] [M]: 0x80014864 (0x00318193) addi gp, gp, 3
x3 <- 0x00000003


mem[X,0x80014868] -> 0x006F
mem[X,0x8001486A] -> 0x0040
[1765] [M]: 0x80014868 (0x0040006F) jal zero, 4


mem[X,0x8001486C] -> 0x2E23
mem[X,0x8001486E] -> 0x2831
[1766] [M]: 0x8001486C (0x28312E23) sw gp, 668(sp)
mem[0x8004B400] <- 0x00000003


mem[X,0x80014870] -> 0x0513
mem[X,0x80014872] -> 0x0050
[1767] [M]: 0x80014870 (0x00500513) addi a0, zero, 5
x10 <- 0x00000005


mem[X,0x80014874] -> 0x55B7
mem[X,0x80014876] -> 0x5555
[1768] [M]: 0x80014874 (0x555555B7) lui a1, 349525
x11 <- 0x55555000


mem[X,0x80014878] -> 0x8593
mem[X,0x8001487A] -> 0x5545
[1769] [M]: 0x80014878 (0x55458593) addi a1, a1, 1364
x11 <- 0x55555554


mem[X,0x8001487C] -> 0x0193
mem[X,0x8001487E] -> 0x0000
[1770] [M]: 0x8001487C (0x00000193) addi gp, zero, 0
x3 <- 0x00000000


mem[X,0x80014880] -> 0x006F
mem[X,0x80014882] -> 0x2B10
[1771] [M]: 0x80014880 (0x2B10006F) jal zero, 2736


mem[X,0x80015330] -> 0x7A63
mem[X,0x80015332] -> 0xD4B5
[1772] [M]: 0x80015330 (0xD4B57A63) bgeu a0, a1, 5460


mem[X,0x80015334] -> 0x8193
mem[X,0x80015336] -> 0x0021
[1773] [M]: 0x80015334 (0x00218193) addi gp, gp, 2
x3 <- 0x00000002


mem[X,0x80015338] -> 0x006F
mem[X,0x8001533A] -> 0x00C0
[1774] [M]: 0x80015338 (0x00C0006F) jal zero, 12


mem[X,0x80015344] -> 0x2023
mem[X,0x80015346] -> 0x2A31
[1775] [M]: 0x80015344 (0x2A312023) sw gp, 672(sp)
mem[0x8004B404] <- 0x00000002


mem[X,0x80015348] -> 0x0513
mem[X,0x8001534A] -> 0x0050
[1776] [M]: 0x80015348 (0x00500513) addi a0, zero, 5
x10 <- 0x00000005


mem[X,0x8001534C] -> 0xB5B7
mem[X,0x8001534E] -> 0xAAAA
[1777] [M]: 0x8001534C (0xAAAAB5B7) lui a1, 699051
x11 <- 0xAAAAB000


mem[X,0x80015350] -> 0x8593
mem[X,0x80015352] -> 0xAA95
[1778] [M]: 0x80015350 (0xAA958593) addi a1, a1, 2729
x11 <- 0xAAAAAAA9


mem[X,0x80015354] -> 0x0193
mem[X,0x80015356] -> 0x0000
[1779] [M]: 0x80015354 (0x00000193) addi gp, zero, 0
x3 <- 0x00000000


mem[X,0x80015358] -> 0x006F
mem[X,0x8001535A] -> 0x0100
[1780] [M]: 0x80015358 (0x0100006F) jal zero, 16


mem[X,0x80015368] -> 0x7AE3
mem[X,0x8001536A] -> 0xFEB5
[1781] [M]: 0x80015368 (0xFEB57AE3) bgeu a0, a1, 8180


mem[X,0x8001536C] -> 0x8193
mem[X,0x8001536E] -> 0x0021
[1782] [M]: 0x8001536C (0x00218193) addi gp, gp, 2
x3 <- 0x00000002


mem[X,0x80015370] -> 0x006F
mem[X,0x80015372] -> 0x00C0
[1783] [M]: 0x80015370 (0x00C0006F) jal zero, 12


mem[X,0x8001537C] -> 0x2223
mem[X,0x8001537E] -> 0x2A31
[1784] [M]: 0x8001537C (0x2A312223) sw gp, 676(sp)
mem[0x8004B408] <- 0x00000002


mem[X,0x80015380] -> 0x0513
mem[X,0x80015382] -> 0x0050
[1785] [M]: 0x80015380 (0x00500513) addi a0, zero, 5
x10 <- 0x00000005


mem[X,0x80015384] -> 0x0593
mem[X,0x80015386] -> 0x0040
[1786] [M]: 0x80015384 (0x00400593) addi a1, zero, 4
x11 <- 0x00000004


mem[X,0x80015388] -> 0x0193
mem[X,0x8001538A] -> 0x0000
[1787] [M]: 0x80015388 (0x00000193) addi gp, zero, 0
x3 <- 0x00000000


mem[X,0x8001538C] -> 0x006F
mem[X,0x8001538E] -> 0x00C0
[1788] [M]: 0x8001538C (0x00C0006F) jal zero, 12


mem[X,0x80015398] -> 0x7CE3
mem[X,0x8001539A] -> 0xFEB5
[1789] [M]: 0x80015398 (0xFEB57CE3) bgeu a0, a1, 8184


mem[X,0x80015390] -> 0x8193
mem[X,0x80015392] -> 0x0011
[1790] [M]: 0x80015390 (0x00118193) addi gp, gp, 1
x3 <- 0x00000001


mem[X,0x80015394] -> 0x006F
mem[X,0x80015396] -> 0x0180
[1791] [M]: 0x80015394 (0x0180006F) jal zero, 24


mem[X,0x800153AC] -> 0x2423
mem[X,0x800153AE] -> 0x2A31
[1792] [M]: 0x800153AC (0x2A312423) sw gp, 680(sp)
mem[0x8004B40C] <- 0x00000001


mem[X,0x800153B0] -> 0x0513
mem[X,0x800153B2] -> 0x0050
[1793] [M]: 0x800153B0 (0x00500513) addi a0, zero, 5
x10 <- 0x00000005


mem[X,0x800153B4] -> 0x35B7
mem[X,0x800153B6] -> 0x3333
[1794] [M]: 0x800153B4 (0x333335B7) lui a1, 209715
x11 <- 0x33333000


mem[X,0x800153B8] -> 0x8593
mem[X,0x800153BA] -> 0x3325
[1795] [M]: 0x800153B8 (0x33258593) addi a1, a1, 818
x11 <- 0x33333332


mem[X,0x800153BC] -> 0x0193
mem[X,0x800153BE] -> 0x0000
[1796] [M]: 0x800153BC (0x00000193) addi gp, zero, 0
x3 <- 0x00000000


mem[X,0x800153C0] -> 0x006F
mem[X,0x800153C2] -> 0x00C0
[1797] [M]: 0x800153C0 (0x00C0006F) jal zero, 12


mem[X,0x800153CC] -> 0x7663
mem[X,0x800153CE] -> 0x00B5
[1798] [M]: 0x800153CC (0x00B57663) bgeu a0, a1, 12


mem[X,0x800153D0] -> 0x8193
mem[X,0x800153D2] -> 0x0021
[1799] [M]: 0x800153D0 (0x00218193) addi gp, gp, 2
x3 <- 0x00000002


clint::tick mtime <- 0x0000000000000012
 clint timer pending at mtime 0x0000000000000012
htif::tick 0x0000000000000000
mem[X,0x800153D4] -> 0x006F
mem[X,0x800153D6] -> 0x00C0
[1800] [M]: 0x800153D4 (0x00C0006F) jal zero, 12


mem[X,0x800153E0] -> 0x2623
mem[X,0x800153E2] -> 0x2A31
[1801] [M]: 0x800153E0 (0x2A312623) sw gp, 684(sp)
mem[0x8004B410] <- 0x00000002


mem[X,0x800153E4] -> 0x0513
mem[X,0x800153E6] -> 0x0050
[1802] [M]: 0x800153E4 (0x00500513) addi a0, zero, 5
x10 <- 0x00000005


mem[X,0x800153E8] -> 0x65B7
mem[X,0x800153EA] -> 0x6666
[1803] [M]: 0x800153E8 (0x666665B7) lui a1, 419430
x11 <- 0x66666000


mem[X,0x800153EC] -> 0x8593
mem[X,0x800153EE] -> 0x6655
[1804] [M]: 0x800153EC (0x66558593) addi a1, a1, 1637
x11 <- 0x66666665


mem[X,0x800153F0] -> 0x0193
mem[X,0x800153F2] -> 0x0000
[1805] [M]: 0x800153F0 (0x00000193) addi gp, zero, 0
x3 <- 0x00000000


mem[X,0x800153F4] -> 0x006F
mem[X,0x800153F6] -> 0x00C0
[1806] [M]: 0x800153F4 (0x00C0006F) jal zero, 12


mem[X,0x80015400] -> 0x7063
mem[X,0x80015402] -> 0x40B5
[1807] [M]: 0x80015400 (0x40B57063) bgeu a0, a1, 1024


mem[X,0x80015404] -> 0x8193
mem[X,0x80015406] -> 0x0021
[1808] [M]: 0x80015404 (0x00218193) addi gp, gp, 2
x3 <- 0x00000002


mem[X,0x80015408] -> 0x006F
mem[X,0x8001540A] -> 0x4000
[1809] [M]: 0x80015408 (0x4000006F) jal zero, 1024


mem[X,0x80015808] -> 0x2823
mem[X,0x8001580A] -> 0x2A31
[1810] [M]: 0x80015808 (0x2A312823) sw gp, 688(sp)
mem[0x8004B414] <- 0x00000002


mem[X,0x8001580C] -> 0x0513
mem[X,0x8001580E] -> 0x0050
[1811] [M]: 0x8001580C (0x00500513) addi a0, zero, 5
x10 <- 0x00000005


mem[X,0x80015810] -> 0xB5B7
mem[X,0x80015812] -> 0x0000
[1812] [M]: 0x80015810 (0x0000B5B7) lui a1, 11
x11 <- 0x0000B000


mem[X,0x80015814] -> 0x8593
mem[X,0x80015816] -> 0x5035
[1813] [M]: 0x80015814 (0x50358593) addi a1, a1, 1283
x11 <- 0x0000B503


mem[X,0x80015818] -> 0x0193
mem[X,0x8001581A] -> 0x0000
[1814] [M]: 0x80015818 (0x00000193) addi gp, zero, 0
x3 <- 0x00000000


mem[X,0x8001581C] -> 0x006F
mem[X,0x8001581E] -> 0x00C0
[1815] [M]: 0x8001581C (0x00C0006F) jal zero, 12


mem[X,0x80015828] -> 0x7063
mem[X,0x8001582A] -> 0x08B5
[1816] [M]: 0x80015828 (0x08B57063) bgeu a0, a1, 128


mem[X,0x8001582C] -> 0x8193
mem[X,0x8001582E] -> 0x0021
[1817] [M]: 0x8001582C (0x00218193) addi gp, gp, 2
x3 <- 0x00000002


mem[X,0x80015830] -> 0x006F
mem[X,0x80015832] -> 0x0800
[1818] [M]: 0x80015830 (0x0800006F) jal zero, 128


mem[X,0x800158B0] -> 0x2A23
mem[X,0x800158B2] -> 0x2A31
[1819] [M]: 0x800158B0 (0x2A312A23) sw gp, 692(sp)
mem[0x8004B418] <- 0x00000002


mem[X,0x800158B4] -> 0x0513
mem[X,0x800158B6] -> 0x0050
[1820] [M]: 0x800158B4 (0x00500513) addi a0, zero, 5
x10 <- 0x00000005


mem[X,0x800158B8] -> 0x05B7
mem[X,0x800158BA] -> 0x0001
[1821] [M]: 0x800158B8 (0x000105B7) lui a1, 16
x11 <- 0x00010000


mem[X,0x800158BC] -> 0x8593
mem[X,0x800158BE] -> 0xFFE5
[1822] [M]: 0x800158BC (0xFFE58593) addi a1, a1, 4094
x11 <- 0x0000FFFE


mem[X,0x800158C0] -> 0x0193
mem[X,0x800158C2] -> 0x0000
[1823] [M]: 0x800158C0 (0x00000193) addi gp, zero, 0
x3 <- 0x00000000


mem[X,0x800158C4] -> 0x006F
mem[X,0x800158C6] -> 0x00C0
[1824] [M]: 0x800158C4 (0x00C0006F) jal zero, 12


mem[X,0x800158D0] -> 0x7CE3
mem[X,0x800158D2] -> 0xFEB5
[1825] [M]: 0x800158D0 (0xFEB57CE3) bgeu a0, a1, 8184


mem[X,0x800158D4] -> 0x8193
mem[X,0x800158D6] -> 0x0021
[1826] [M]: 0x800158D4 (0x00218193) addi gp, gp, 2
x3 <- 0x00000002


mem[X,0x800158D8] -> 0x006F
mem[X,0x800158DA] -> 0x00C0
[1827] [M]: 0x800158D8 (0x00C0006F) jal zero, 12


mem[X,0x800158E4] -> 0x2C23
mem[X,0x800158E6] -> 0x2A31
[1828] [M]: 0x800158E4 (0x2A312C23) sw gp, 696(sp)
mem[0x8004B41C] <- 0x00000002


mem[X,0x800158E8] -> 0x0513
mem[X,0x800158EA] -> 0x0050
[1829] [M]: 0x800158E8 (0x00500513) addi a0, zero, 5
x10 <- 0x00000005


mem[X,0x800158EC] -> 0x55B7
mem[X,0x800158EE] -> 0x5555
[1830] [M]: 0x800158EC (0x555555B7) lui a1, 349525
x11 <- 0x55555000


mem[X,0x800158F0] -> 0x8593
mem[X,0x800158F2] -> 0x5565
[1831] [M]: 0x800158F0 (0x55658593) addi a1, a1, 1366
x11 <- 0x55555556


mem[X,0x800158F4] -> 0x0193
mem[X,0x800158F6] -> 0x0000
[1832] [M]: 0x800158F4 (0x00000193) addi gp, zero, 0
x3 <- 0x00000000


mem[X,0x800158F8] -> 0x006F
mem[X,0x800158FA] -> 0x00C0
[1833] [M]: 0x800158F8 (0x00C0006F) jal zero, 12


mem[X,0x80015904] -> 0x7063
mem[X,0x80015906] -> 0x40B5
[1834] [M]: 0x80015904 (0x40B57063) bgeu a0, a1, 1024


mem[X,0x80015908] -> 0x8193
mem[X,0x8001590A] -> 0x0021
[1835] [M]: 0x80015908 (0x00218193) addi gp, gp, 2
x3 <- 0x00000002


mem[X,0x8001590C] -> 0x006F
mem[X,0x8001590E] -> 0x4000
[1836] [M]: 0x8001590C (0x4000006F) jal zero, 1024


mem[X,0x80015D0C] -> 0x2E23
mem[X,0x80015D0E] -> 0x2A31
[1837] [M]: 0x80015D0C (0x2A312E23) sw gp, 700(sp)
mem[0x8004B420] <- 0x00000002


mem[X,0x80015D10] -> 0x0513
mem[X,0x80015D12] -> 0x0050
[1838] [M]: 0x80015D10 (0x00500513) addi a0, zero, 5
x10 <- 0x00000005


mem[X,0x80015D14] -> 0xB5B7
mem[X,0x80015D16] -> 0xAAAA
[1839] [M]: 0x80015D14 (0xAAAAB5B7) lui a1, 699051
x11 <- 0xAAAAB000


mem[X,0x80015D18] -> 0x8593
mem[X,0x80015D1A] -> 0xAAB5
[1840] [M]: 0x80015D18 (0xAAB58593) addi a1, a1, 2731
x11 <- 0xAAAAAAAB


mem[X,0x80015D1C] -> 0x0193
mem[X,0x80015D1E] -> 0x0000
[1841] [M]: 0x80015D1C (0x00000193) addi gp, zero, 0
x3 <- 0x00000000


mem[X,0x80015D20] -> 0x006F
mem[X,0x80015D22] -> 0x00C0
[1842] [M]: 0x80015D20 (0x00C0006F) jal zero, 12


mem[X,0x80015D2C] -> 0x7663
mem[X,0x80015D2E] -> 0x00B5
[1843] [M]: 0x80015D2C (0x00B57663) bgeu a0, a1, 12


mem[X,0x80015D30] -> 0x8193
mem[X,0x80015D32] -> 0x0021
[1844] [M]: 0x80015D30 (0x00218193) addi gp, gp, 2
x3 <- 0x00000002


mem[X,0x80015D34] -> 0x006F
mem[X,0x80015D36] -> 0x00C0
[1845] [M]: 0x80015D34 (0x00C0006F) jal zero, 12


mem[X,0x80015D40] -> 0x2023
mem[X,0x80015D42] -> 0x2C31
[1846] [M]: 0x80015D40 (0x2C312023) sw gp, 704(sp)
mem[0x8004B424] <- 0x00000002


mem[X,0x80015D44] -> 0x0513
mem[X,0x80015D46] -> 0x0050
[1847] [M]: 0x80015D44 (0x00500513) addi a0, zero, 5
x10 <- 0x00000005


mem[X,0x80015D48] -> 0x0593
mem[X,0x80015D4A] -> 0x0060
[1848] [M]: 0x80015D48 (0x00600593) addi a1, zero, 6
x11 <- 0x00000006


mem[X,0x80015D4C] -> 0x0193
mem[X,0x80015D4E] -> 0x0000
[1849] [M]: 0x80015D4C (0x00000193) addi gp, zero, 0
x3 <- 0x00000000


mem[X,0x80015D50] -> 0x006F
mem[X,0x80015D52] -> 0x00C0
[1850] [M]: 0x80015D50 (0x00C0006F) jal zero, 12


mem[X,0x80015D5C] -> 0x7663
mem[X,0x80015D5E] -> 0x00B5
[1851] [M]: 0x80015D5C (0x00B57663) bgeu a0, a1, 12


mem[X,0x80015D60] -> 0x8193
mem[X,0x80015D62] -> 0x0021
[1852] [M]: 0x80015D60 (0x00218193) addi gp, gp, 2
x3 <- 0x00000002


mem[X,0x80015D64] -> 0x006F
mem[X,0x80015D66] -> 0x00C0
[1853] [M]: 0x80015D64 (0x00C0006F) jal zero, 12


mem[X,0x80015D70] -> 0x2223
mem[X,0x80015D72] -> 0x2C31
[1854] [M]: 0x80015D70 (0x2C312223) sw gp, 708(sp)
mem[0x8004B428] <- 0x00000002


mem[X,0x80015D74] -> 0x0513
mem[X,0x80015D76] -> 0x0050
[1855] [M]: 0x80015D74 (0x00500513) addi a0, zero, 5
x10 <- 0x00000005


mem[X,0x80015D78] -> 0x35B7
mem[X,0x80015D7A] -> 0x3333
[1856] [M]: 0x80015D78 (0x333335B7) lui a1, 209715
x11 <- 0x33333000


mem[X,0x80015D7C] -> 0x8593
mem[X,0x80015D7E] -> 0x3345
[1857] [M]: 0x80015D7C (0x33458593) addi a1, a1, 820
x11 <- 0x33333334


mem[X,0x80015D80] -> 0x0193
mem[X,0x80015D82] -> 0x0000
[1858] [M]: 0x80015D80 (0x00000193) addi gp, zero, 0
x3 <- 0x00000000


mem[X,0x80015D84] -> 0x006F
mem[X,0x80015D86] -> 0x00C0
[1859] [M]: 0x80015D84 (0x00C0006F) jal zero, 12


mem[X,0x80015D90] -> 0x7663
mem[X,0x80015D92] -> 0x00B5
[1860] [M]: 0x80015D90 (0x00B57663) bgeu a0, a1, 12


mem[X,0x80015D94] -> 0x8193
mem[X,0x80015D96] -> 0x0021
[1861] [M]: 0x80015D94 (0x00218193) addi gp, gp, 2
x3 <- 0x00000002


mem[X,0x80015D98] -> 0x006F
mem[X,0x80015D9A] -> 0x00C0
[1862] [M]: 0x80015D98 (0x00C0006F) jal zero, 12


mem[X,0x80015DA4] -> 0x2423
mem[X,0x80015DA6] -> 0x2C31
[1863] [M]: 0x80015DA4 (0x2C312423) sw gp, 712(sp)
mem[0x8004B42C] <- 0x00000002


mem[X,0x80015DA8] -> 0x0513
mem[X,0x80015DAA] -> 0x0050
[1864] [M]: 0x80015DA8 (0x00500513) addi a0, zero, 5
x10 <- 0x00000005


mem[X,0x80015DAC] -> 0x65B7
mem[X,0x80015DAE] -> 0x6666
[1865] [M]: 0x80015DAC (0x666665B7) lui a1, 419430
x11 <- 0x66666000


mem[X,0x80015DB0] -> 0x8593
mem[X,0x80015DB2] -> 0x6675
[1866] [M]: 0x80015DB0 (0x66758593) addi a1, a1, 1639
x11 <- 0x66666667


mem[X,0x80015DB4] -> 0x0193
mem[X,0x80015DB6] -> 0x0000
[1867] [M]: 0x80015DB4 (0x00000193) addi gp, zero, 0
x3 <- 0x00000000


mem[X,0x80015DB8] -> 0x006F
mem[X,0x80015DBA] -> 0x00C0
[1868] [M]: 0x80015DB8 (0x00C0006F) jal zero, 12


mem[X,0x80015DC4] -> 0x7063
mem[X,0x80015DC6] -> 0x04B5
[1869] [M]: 0x80015DC4 (0x04B57063) bgeu a0, a1, 64


mem[X,0x80015DC8] -> 0x8193
mem[X,0x80015DCA] -> 0x0021
[1870] [M]: 0x80015DC8 (0x00218193) addi gp, gp, 2
x3 <- 0x00000002


mem[X,0x80015DCC] -> 0x006F
mem[X,0x80015DCE] -> 0x0400
[1871] [M]: 0x80015DCC (0x0400006F) jal zero, 64


mem[X,0x80015E0C] -> 0x2623
mem[X,0x80015E0E] -> 0x2C31
[1872] [M]: 0x80015E0C (0x2C312623) sw gp, 716(sp)
mem[0x8004B430] <- 0x00000002


mem[X,0x80015E10] -> 0x0513
mem[X,0x80015E12] -> 0x0050
[1873] [M]: 0x80015E10 (0x00500513) addi a0, zero, 5
x10 <- 0x00000005


mem[X,0x80015E14] -> 0xB5B7
mem[X,0x80015E16] -> 0x0000
[1874] [M]: 0x80015E14 (0x0000B5B7) lui a1, 11
x11 <- 0x0000B000


mem[X,0x80015E18] -> 0x8593
mem[X,0x80015E1A] -> 0x5055
[1875] [M]: 0x80015E18 (0x50558593) addi a1, a1, 1285
x11 <- 0x0000B505


mem[X,0x80015E1C] -> 0x0193
mem[X,0x80015E1E] -> 0x0000
[1876] [M]: 0x80015E1C (0x00000193) addi gp, zero, 0
x3 <- 0x00000000


mem[X,0x80015E20] -> 0x006F
mem[X,0x80015E22] -> 0x00C0
[1877] [M]: 0x80015E20 (0x00C0006F) jal zero, 12


mem[X,0x80015E2C] -> 0x7063
mem[X,0x80015E2E] -> 0x02B5
[1878] [M]: 0x80015E2C (0x02B57063) bgeu a0, a1, 32


mem[X,0x80015E30] -> 0x8193
mem[X,0x80015E32] -> 0x0021
[1879] [M]: 0x80015E30 (0x00218193) addi gp, gp, 2
x3 <- 0x00000002


mem[X,0x80015E34] -> 0x006F
mem[X,0x80015E36] -> 0x0200
[1880] [M]: 0x80015E34 (0x0200006F) jal zero, 32


mem[X,0x80015E54] -> 0x2823
mem[X,0x80015E56] -> 0x2C31
[1881] [M]: 0x80015E54 (0x2C312823) sw gp, 720(sp)
mem[0x8004B434] <- 0x00000002


mem[X,0x80015E58] -> 0x0513
mem[X,0x80015E5A] -> 0x0050
[1882] [M]: 0x80015E58 (0x00500513) addi a0, zero, 5
x10 <- 0x00000005


mem[X,0x80015E5C] -> 0x0593
mem[X,0x80015E5E] -> 0x0010
[1883] [M]: 0x80015E5C (0x00100593) addi a1, zero, 1
x11 <- 0x00000001


mem[X,0x80015E60] -> 0x0193
mem[X,0x80015E62] -> 0x0000
[1884] [M]: 0x80015E60 (0x00000193) addi gp, zero, 0
x3 <- 0x00000000


mem[X,0x80015E64] -> 0x006F
mem[X,0x80015E66] -> 0x00C0
[1885] [M]: 0x80015E64 (0x00C0006F) jal zero, 12


mem[X,0x80015E70] -> 0x7063
mem[X,0x80015E72] -> 0x10B5
[1886] [M]: 0x80015E70 (0x10B57063) bgeu a0, a1, 256


mem[X,0x80015F70] -> 0x8193
mem[X,0x80015F72] -> 0x0031
[1887] [M]: 0x80015F70 (0x00318193) addi gp, gp, 3
x3 <- 0x00000003


mem[X,0x80015F74] -> 0x006F
mem[X,0x80015F76] -> 0x0040
[1888] [M]: 0x80015F74 (0x0040006F) jal zero, 4


mem[X,0x80015F78] -> 0x2A23
mem[X,0x80015F7A] -> 0x2C31
[1889] [M]: 0x80015F78 (0x2C312A23) sw gp, 724(sp)
mem[0x8004B438] <- 0x00000003


mem[X,0x80015F7C] -> 0x0513
mem[X,0x80015F7E] -> 0x0050
[1890] [M]: 0x80015F7C (0x00500513) addi a0, zero, 5
x10 <- 0x00000005


mem[X,0x80015F80] -> 0x05B7
mem[X,0x80015F82] -> 0x0001
[1891] [M]: 0x80015F80 (0x000105B7) lui a1, 16
x11 <- 0x00010000


mem[X,0x80015F84] -> 0x0193
mem[X,0x80015F86] -> 0x0000
[1892] [M]: 0x80015F84 (0x00000193) addi gp, zero, 0
x3 <- 0x00000000


mem[X,0x80015F88] -> 0x006F
mem[X,0x80015F8A] -> 0x00C0
[1893] [M]: 0x80015F88 (0x00C0006F) jal zero, 12


mem[X,0x80015F94] -> 0x7063
mem[X,0x80015F96] -> 0x08B5
[1894] [M]: 0x80015F94 (0x08B57063) bgeu a0, a1, 128


mem[X,0x80015F98] -> 0x8193
mem[X,0x80015F9A] -> 0x0021
[1895] [M]: 0x80015F98 (0x00218193) addi gp, gp, 2
x3 <- 0x00000002


mem[X,0x80015F9C] -> 0x006F
mem[X,0x80015F9E] -> 0x0800
[1896] [M]: 0x80015F9C (0x0800006F) jal zero, 128


mem[X,0x8001601C] -> 0x2C23
mem[X,0x8001601E] -> 0x2C31
[1897] [M]: 0x8001601C (0x2C312C23) sw gp, 728(sp)
mem[0x8004B43C] <- 0x00000002


mem[X,0x80016020] -> 0x3537
mem[X,0x80016022] -> 0x3333
[1898] [M]: 0x80016020 (0x33333537) lui a0, 209715
x10 <- 0x33333000


mem[X,0x80016024] -> 0x0513
mem[X,0x80016026] -> 0x3335
[1899] [M]: 0x80016024 (0x33350513) addi a0, a0, 819
x10 <- 0x33333333


clint::tick mtime <- 0x0000000000000013
 clint timer pending at mtime 0x0000000000000013
htif::tick 0x0000000000000000
mem[X,0x80016028] -> 0x0593
mem[X,0x8001602A] -> 0x0030
[1900] [M]: 0x80016028 (0x00300593) addi a1, zero, 3
x11 <- 0x00000003


mem[X,0x8001602C] -> 0x0193
mem[X,0x8001602E] -> 0x0000
[1901] [M]: 0x8001602C (0x00000193) addi gp, zero, 0
x3 <- 0x00000000


mem[X,0x80016030] -> 0x006F
mem[X,0x80016032] -> 0x0050
[1902] [M]: 0x80016030 (0x0050006F) jal zero, 2052


mem[X,0x80016834] -> 0x70E3
mem[X,0x80016836] -> 0x80B5
[1903] [M]: 0x80016834 (0x80B570E3) bgeu a0, a1, 6144


mem[X,0x80016034] -> 0x8193
mem[X,0x80016036] -> 0x0011
[1904] [M]: 0x80016034 (0x00118193) addi gp, gp, 1
x3 <- 0x00000001


mem[X,0x80016038] -> 0x006F
mem[X,0x8001603A] -> 0x0110
[1905] [M]: 0x80016038 (0x0110006F) jal zero, 2064


mem[X,0x80016848] -> 0x2E23
mem[X,0x8001684A] -> 0x2C31
[1906] [M]: 0x80016848 (0x2C312E23) sw gp, 732(sp)
mem[0x8004B440] <- 0x00000001


mem[X,0x8001684C] -> 0x3537
mem[X,0x8001684E] -> 0x3333
[1907] [M]: 0x8001684C (0x33333537) lui a0, 209715
x10 <- 0x33333000


mem[X,0x80016850] -> 0x0513
mem[X,0x80016852] -> 0x3335
[1908] [M]: 0x80016850 (0x33350513) addi a0, a0, 819
x10 <- 0x33333333


mem[X,0x80016854] -> 0x55B7
mem[X,0x80016856] -> 0x5555
[1909] [M]: 0x80016854 (0x555555B7) lui a1, 349525
x11 <- 0x55555000


mem[X,0x80016858] -> 0x8593
mem[X,0x8001685A] -> 0x5555
[1910] [M]: 0x80016858 (0x55558593) addi a1, a1, 1365
x11 <- 0x55555555


mem[X,0x8001685C] -> 0x0193
mem[X,0x8001685E] -> 0x0000
[1911] [M]: 0x8001685C (0x00000193) addi gp, zero, 0
x3 <- 0x00000000


mem[X,0x80016860] -> 0x006F
mem[X,0x80016862] -> 0x00C0
[1912] [M]: 0x80016860 (0x00C0006F) jal zero, 12


mem[X,0x8001686C] -> 0x7063
mem[X,0x8001686E] -> 0x10B5
[1913] [M]: 0x8001686C (0x10B57063) bgeu a0, a1, 256


mem[X,0x80016870] -> 0x8193
mem[X,0x80016872] -> 0x0021
[1914] [M]: 0x80016870 (0x00218193) addi gp, gp, 2
x3 <- 0x00000002


mem[X,0x80016874] -> 0x006F
mem[X,0x80016876] -> 0x1000
[1915] [M]: 0x80016874 (0x1000006F) jal zero, 256


mem[X,0x80016974] -> 0x2023
mem[X,0x80016976] -> 0x2E31
[1916] [M]: 0x80016974 (0x2E312023) sw gp, 736(sp)
mem[0x8004B444] <- 0x00000002


mem[X,0x80016978] -> 0x3537
mem[X,0x8001697A] -> 0x3333
[1917] [M]: 0x80016978 (0x33333537) lui a0, 209715
x10 <- 0x33333000


mem[X,0x8001697C] -> 0x0513
mem[X,0x8001697E] -> 0x3335
[1918] [M]: 0x8001697C (0x33350513) addi a0, a0, 819
x10 <- 0x33333333


mem[X,0x80016980] -> 0xB5B7
mem[X,0x80016982] -> 0xAAAA
[1919] [M]: 0x80016980 (0xAAAAB5B7) lui a1, 699051
x11 <- 0xAAAAB000


mem[X,0x80016984] -> 0x8593
mem[X,0x80016986] -> 0xAAA5
[1920] [M]: 0x80016984 (0xAAA58593) addi a1, a1, 2730
x11 <- 0xAAAAAAAA


mem[X,0x80016988] -> 0x0193
mem[X,0x8001698A] -> 0x0000
[1921] [M]: 0x80016988 (0x00000193) addi gp, zero, 0
x3 <- 0x00000000


mem[X,0x8001698C] -> 0x006F
mem[X,0x8001698E] -> 0x00C0
[1922] [M]: 0x8001698C (0x00C0006F) jal zero, 12


mem[X,0x80016998] -> 0x7663
mem[X,0x8001699A] -> 0x00B5
[1923] [M]: 0x80016998 (0x00B57663) bgeu a0, a1, 12


mem[X,0x8001699C] -> 0x8193
mem[X,0x8001699E] -> 0x0021
[1924] [M]: 0x8001699C (0x00218193) addi gp, gp, 2
x3 <- 0x00000002


mem[X,0x800169A0] -> 0x006F
mem[X,0x800169A2] -> 0x00C0
[1925] [M]: 0x800169A0 (0x00C0006F) jal zero, 12


mem[X,0x800169AC] -> 0x2223
mem[X,0x800169AE] -> 0x2E31
[1926] [M]: 0x800169AC (0x2E312223) sw gp, 740(sp)
mem[0x8004B448] <- 0x00000002


mem[X,0x800169B0] -> 0x3537
mem[X,0x800169B2] -> 0x3333
[1927] [M]: 0x800169B0 (0x33333537) lui a0, 209715
x10 <- 0x33333000


mem[X,0x800169B4] -> 0x0513
mem[X,0x800169B6] -> 0x3335
[1928] [M]: 0x800169B4 (0x33350513) addi a0, a0, 819
x10 <- 0x33333333


mem[X,0x800169B8] -> 0x0593
mem[X,0x800169BA] -> 0x0050
[1929] [M]: 0x800169B8 (0x00500593) addi a1, zero, 5
x11 <- 0x00000005


mem[X,0x800169BC] -> 0x0193
mem[X,0x800169BE] -> 0x0000
[1930] [M]: 0x800169BC (0x00000193) addi gp, zero, 0
x3 <- 0x00000000


mem[X,0x800169C0] -> 0x006F
mem[X,0x800169C2] -> 0x00C0
[1931] [M]: 0x800169C0 (0x00C0006F) jal zero, 12


mem[X,0x800169CC] -> 0x7063
mem[X,0x800169CE] -> 0x10B5
[1932] [M]: 0x800169CC (0x10B57063) bgeu a0, a1, 256


mem[X,0x80016ACC] -> 0x8193
mem[X,0x80016ACE] -> 0x0031
[1933] [M]: 0x80016ACC (0x00318193) addi gp, gp, 3
x3 <- 0x00000003


mem[X,0x80016AD0] -> 0x006F
mem[X,0x80016AD2] -> 0x0040
[1934] [M]: 0x80016AD0 (0x0040006F) jal zero, 4


mem[X,0x80016AD4] -> 0x2423
mem[X,0x80016AD6] -> 0x2E31
[1935] [M]: 0x80016AD4 (0x2E312423) sw gp, 744(sp)
mem[0x8004B44C] <- 0x00000003


mem[X,0x80016AD8] -> 0x3537
mem[X,0x80016ADA] -> 0x3333
[1936] [M]: 0x80016AD8 (0x33333537) lui a0, 209715
x10 <- 0x33333000


mem[X,0x80016ADC] -> 0x0513
mem[X,0x80016ADE] -> 0x3335
[1937] [M]: 0x80016ADC (0x33350513) addi a0, a0, 819
x10 <- 0x33333333


mem[X,0x80016AE0] -> 0x35B7
mem[X,0x80016AE2] -> 0x3333
[1938] [M]: 0x80016AE0 (0x333335B7) lui a1, 209715
x11 <- 0x33333000


mem[X,0x80016AE4] -> 0x8593
mem[X,0x80016AE6] -> 0x3335
[1939] [M]: 0x80016AE4 (0x33358593) addi a1, a1, 819
x11 <- 0x33333333


mem[X,0x80016AE8] -> 0x0193
mem[X,0x80016AEA] -> 0x0000
[1940] [M]: 0x80016AE8 (0x00000193) addi gp, zero, 0
x3 <- 0x00000000


mem[X,0x80016AEC] -> 0x006F
mem[X,0x80016AEE] -> 0x00C0
[1941] [M]: 0x80016AEC (0x00C0006F) jal zero, 12


mem[X,0x80016AF8] -> 0x7663
mem[X,0x80016AFA] -> 0x00B5
[1942] [M]: 0x80016AF8 (0x00B57663) bgeu a0, a1, 12


mem[X,0x80016B04] -> 0x8193
mem[X,0x80016B06] -> 0x0031
[1943] [M]: 0x80016B04 (0x00318193) addi gp, gp, 3
x3 <- 0x00000003


mem[X,0x80016B08] -> 0x006F
mem[X,0x80016B0A] -> 0x0040
[1944] [M]: 0x80016B08 (0x0040006F) jal zero, 4


mem[X,0x80016B0C] -> 0x2623
mem[X,0x80016B0E] -> 0x2E31
[1945] [M]: 0x80016B0C (0x2E312623) sw gp, 748(sp)
mem[0x8004B450] <- 0x00000003


mem[X,0x80016B10] -> 0x3537
mem[X,0x80016B12] -> 0x3333
[1946] [M]: 0x80016B10 (0x33333537) lui a0, 209715
x10 <- 0x33333000


mem[X,0x80016B14] -> 0x0513
mem[X,0x80016B16] -> 0x3335
[1947] [M]: 0x80016B14 (0x33350513) addi a0, a0, 819
x10 <- 0x33333333


mem[X,0x80016B18] -> 0x65B7
mem[X,0x80016B1A] -> 0x6666
[1948] [M]: 0x80016B18 (0x666665B7) lui a1, 419430
x11 <- 0x66666000


mem[X,0x80016B1C] -> 0x8593
mem[X,0x80016B1E] -> 0x6665
[1949] [M]: 0x80016B1C (0x66658593) addi a1, a1, 1638
x11 <- 0x66666666


mem[X,0x80016B20] -> 0x0193
mem[X,0x80016B22] -> 0x0000
[1950] [M]: 0x80016B20 (0x00000193) addi gp, zero, 0
x3 <- 0x00000000


mem[X,0x80016B24] -> 0x006F
mem[X,0x80016B26] -> 0x00C0
[1951] [M]: 0x80016B24 (0x00C0006F) jal zero, 12


mem[X,0x80016B30] -> 0x7063
mem[X,0x80016B32] -> 0x02B5
[1952] [M]: 0x80016B30 (0x02B57063) bgeu a0, a1, 32


mem[X,0x80016B34] -> 0x8193
mem[X,0x80016B36] -> 0x0021
[1953] [M]: 0x80016B34 (0x00218193) addi gp, gp, 2
x3 <- 0x00000002


mem[X,0x80016B38] -> 0x006F
mem[X,0x80016B3A] -> 0x0200
[1954] [M]: 0x80016B38 (0x0200006F) jal zero, 32


mem[X,0x80016B58] -> 0x2823
mem[X,0x80016B5A] -> 0x2E31
[1955] [M]: 0x80016B58 (0x2E312823) sw gp, 752(sp)
mem[0x8004B454] <- 0x00000002


mem[X,0x80016B5C] -> 0x3537
mem[X,0x80016B5E] -> 0x3333
[1956] [M]: 0x80016B5C (0x33333537) lui a0, 209715
x10 <- 0x33333000


mem[X,0x80016B60] -> 0x0513
mem[X,0x80016B62] -> 0x3335
[1957] [M]: 0x80016B60 (0x33350513) addi a0, a0, 819
x10 <- 0x33333333


mem[X,0x80016B64] -> 0xB5B7
mem[X,0x80016B66] -> 0x0000
[1958] [M]: 0x80016B64 (0x0000B5B7) lui a1, 11
x11 <- 0x0000B000


mem[X,0x80016B68] -> 0x8593
mem[X,0x80016B6A] -> 0x5045
[1959] [M]: 0x80016B68 (0x50458593) addi a1, a1, 1284
x11 <- 0x0000B504


mem[X,0x80016B6C] -> 0x0193
mem[X,0x80016B6E] -> 0x0000
[1960] [M]: 0x80016B6C (0x00000193) addi gp, zero, 0
x3 <- 0x00000000


mem[X,0x80016B70] -> 0x006F
mem[X,0x80016B72] -> 0x00C0
[1961] [M]: 0x80016B70 (0x00C0006F) jal zero, 12


mem[X,0x80016B7C] -> 0x7063
mem[X,0x80016B7E] -> 0x10B5
[1962] [M]: 0x80016B7C (0x10B57063) bgeu a0, a1, 256


mem[X,0x80016C7C] -> 0x8193
mem[X,0x80016C7E] -> 0x0031
[1963] [M]: 0x80016C7C (0x00318193) addi gp, gp, 3
x3 <- 0x00000003


mem[X,0x80016C80] -> 0x006F
mem[X,0x80016C82] -> 0x0040
[1964] [M]: 0x80016C80 (0x0040006F) jal zero, 4


mem[X,0x80016C84] -> 0x2A23
mem[X,0x80016C86] -> 0x2E31
[1965] [M]: 0x80016C84 (0x2E312A23) sw gp, 756(sp)
mem[0x8004B458] <- 0x00000003


mem[X,0x80016C88] -> 0x3537
mem[X,0x80016C8A] -> 0x3333
[1966] [M]: 0x80016C88 (0x33333537) lui a0, 209715
x10 <- 0x33333000


mem[X,0x80016C8C] -> 0x0513
mem[X,0x80016C8E] -> 0x3335
[1967] [M]: 0x80016C8C (0x33350513) addi a0, a0, 819
x10 <- 0x33333333


mem[X,0x80016C90] -> 0x0593
mem[X,0x80016C92] -> 0x0000
[1968] [M]: 0x80016C90 (0x00000593) addi a1, zero, 0
x11 <- 0x00000000


mem[X,0x80016C94] -> 0x0193
mem[X,0x80016C96] -> 0x0000
[1969] [M]: 0x80016C94 (0x00000193) addi gp, zero, 0
x3 <- 0x00000000


mem[X,0x80016C98] -> 0x006F
mem[X,0x80016C9A] -> 0x00C0
[1970] [M]: 0x80016C98 (0x00C0006F) jal zero, 12


mem[X,0x80016CA4] -> 0x7063
mem[X,0x80016CA6] -> 0x40B5
[1971] [M]: 0x80016CA4 (0x40B57063) bgeu a0, a1, 1024


mem[X,0x800170A4] -> 0x8193
mem[X,0x800170A6] -> 0x0031
[1972] [M]: 0x800170A4 (0x00318193) addi gp, gp, 3
x3 <- 0x00000003


mem[X,0x800170A8] -> 0x006F
mem[X,0x800170AA] -> 0x0040
[1973] [M]: 0x800170A8 (0x0040006F) jal zero, 4


mem[X,0x800170AC] -> 0x2C23
mem[X,0x800170AE] -> 0x2E31
[1974] [M]: 0x800170AC (0x2E312C23) sw gp, 760(sp)
mem[0x8004B45C] <- 0x00000003


mem[X,0x800170B0] -> 0x3537
mem[X,0x800170B2] -> 0x3333
[1975] [M]: 0x800170B0 (0x33333537) lui a0, 209715
x10 <- 0x33333000


mem[X,0x800170B4] -> 0x0513
mem[X,0x800170B6] -> 0x3335
[1976] [M]: 0x800170B4 (0x33350513) addi a0, a0, 819
x10 <- 0x33333333


mem[X,0x800170B8] -> 0x05B7
mem[X,0x800170BA] -> 0x0001
[1977] [M]: 0x800170B8 (0x000105B7) lui a1, 16
x11 <- 0x00010000


mem[X,0x800170BC] -> 0x8593
mem[X,0x800170BE] -> 0xFFF5
[1978] [M]: 0x800170BC (0xFFF58593) addi a1, a1, 4095
x11 <- 0x0000FFFF


mem[X,0x800170C0] -> 0x0193
mem[X,0x800170C2] -> 0x0000
[1979] [M]: 0x800170C0 (0x00000193) addi gp, zero, 0
x3 <- 0x00000000


mem[X,0x800170C4] -> 0x006F
mem[X,0x800170C6] -> 0x0050
[1980] [M]: 0x800170C4 (0x0050006F) jal zero, 2052


mem[X,0x800178C8] -> 0x70E3
mem[X,0x800178CA] -> 0x80B5
[1981] [M]: 0x800178C8 (0x80B570E3) bgeu a0, a1, 6144


mem[X,0x800170C8] -> 0x8193
mem[X,0x800170CA] -> 0x0011
[1982] [M]: 0x800170C8 (0x00118193) addi gp, gp, 1
x3 <- 0x00000001


mem[X,0x800170CC] -> 0x006F
mem[X,0x800170CE] -> 0x0110
[1983] [M]: 0x800170CC (0x0110006F) jal zero, 2064


mem[X,0x800178DC] -> 0x2E23
mem[X,0x800178DE] -> 0x2E31
[1984] [M]: 0x800178DC (0x2E312E23) sw gp, 764(sp)
mem[0x8004B460] <- 0x00000001


mem[X,0x800178E0] -> 0x3537
mem[X,0x800178E2] -> 0x3333
[1985] [M]: 0x800178E0 (0x33333537) lui a0, 209715
x10 <- 0x33333000


mem[X,0x800178E4] -> 0x0513
mem[X,0x800178E6] -> 0x3335
[1986] [M]: 0x800178E4 (0x33350513) addi a0, a0, 819
x10 <- 0x33333333


mem[X,0x800178E8] -> 0x0593
mem[X,0x800178EA] -> 0x0020
[1987] [M]: 0x800178E8 (0x00200593) addi a1, zero, 2
x11 <- 0x00000002


mem[X,0x800178EC] -> 0x0193
mem[X,0x800178EE] -> 0x0000
[1988] [M]: 0x800178EC (0x00000193) addi gp, zero, 0
x3 <- 0x00000000


mem[X,0x800178F0] -> 0x006F
mem[X,0x800178F2] -> 0x00C0
[1989] [M]: 0x800178F0 (0x00C0006F) jal zero, 12


mem[X,0x800178FC] -> 0x7863
mem[X,0x800178FE] -> 0x00B5
[1990] [M]: 0x800178FC (0x00B57863) bgeu a0, a1, 16


mem[X,0x8001790C] -> 0x8193
mem[X,0x8001790E] -> 0x0031
[1991] [M]: 0x8001790C (0x00318193) addi gp, gp, 3
x3 <- 0x00000003


mem[X,0x80017910] -> 0x006F
mem[X,0x80017912] -> 0x0040
[1992] [M]: 0x80017910 (0x0040006F) jal zero, 4


mem[X,0x80017914] -> 0x2023
mem[X,0x80017916] -> 0x3031
[1993] [M]: 0x80017914 (0x30312023) sw gp, 768(sp)
mem[0x8004B464] <- 0x00000003


mem[X,0x80017918] -> 0x3537
mem[X,0x8001791A] -> 0x3333
[1994] [M]: 0x80017918 (0x33333537) lui a0, 209715
x10 <- 0x33333000


mem[X,0x8001791C] -> 0x0513
mem[X,0x8001791E] -> 0x3335
[1995] [M]: 0x8001791C (0x33350513) addi a0, a0, 819
x10 <- 0x33333333


mem[X,0x80017920] -> 0x55B7
mem[X,0x80017922] -> 0x5555
[1996] [M]: 0x80017920 (0x555555B7) lui a1, 349525
x11 <- 0x55555000


mem[X,0x80017924] -> 0x8593
mem[X,0x80017926] -> 0x5545
[1997] [M]: 0x80017924 (0x55458593) addi a1, a1, 1364
x11 <- 0x55555554


mem[X,0x80017928] -> 0x0193
mem[X,0x8001792A] -> 0x0000
[1998] [M]: 0x80017928 (0x00000193) addi gp, zero, 0
x3 <- 0x00000000


mem[X,0x8001792C] -> 0x006F
mem[X,0x8001792E] -> 0x00C0
[1999] [M]: 0x8001792C (0x00C0006F) jal zero, 12


clint::tick mtime <- 0x0000000000000014
 clint timer pending at mtime 0x0000000000000014
htif::tick 0x0000000000000000
mem[X,0x80017938] -> 0x7663
mem[X,0x8001793A] -> 0x00B5
[2000] [M]: 0x80017938 (0x00B57663) bgeu a0, a1, 12


mem[X,0x8001793C] -> 0x8193
mem[X,0x8001793E] -> 0x0021
[2001] [M]: 0x8001793C (0x00218193) addi gp, gp, 2
x3 <- 0x00000002


mem[X,0x80017940] -> 0x006F
mem[X,0x80017942] -> 0x00C0
[2002] [M]: 0x80017940 (0x00C0006F) jal zero, 12


mem[X,0x8001794C] -> 0x2223
mem[X,0x8001794E] -> 0x3031
[2003] [M]: 0x8001794C (0x30312223) sw gp, 772(sp)
mem[0x8004B468] <- 0x00000002


mem[X,0x80017950] -> 0x3537
mem[X,0x80017952] -> 0x3333
[2004] [M]: 0x80017950 (0x33333537) lui a0, 209715
x10 <- 0x33333000


mem[X,0x80017954] -> 0x0513
mem[X,0x80017956] -> 0x3335
[2005] [M]: 0x80017954 (0x33350513) addi a0, a0, 819
x10 <- 0x33333333


mem[X,0x80017958] -> 0xB5B7
mem[X,0x8001795A] -> 0xAAAA
[2006] [M]: 0x80017958 (0xAAAAB5B7) lui a1, 699051
x11 <- 0xAAAAB000


mem[X,0x8001795C] -> 0x8593
mem[X,0x8001795E] -> 0xAA95
[2007] [M]: 0x8001795C (0xAA958593) addi a1, a1, 2729
x11 <- 0xAAAAAAA9


mem[X,0x80017960] -> 0x0193
mem[X,0x80017962] -> 0x0000
[2008] [M]: 0x80017960 (0x00000193) addi gp, zero, 0
x3 <- 0x00000000


mem[X,0x80017964] -> 0x006F
mem[X,0x80017966] -> 0x00C0
[2009] [M]: 0x80017964 (0x00C0006F) jal zero, 12


mem[X,0x80017970] -> 0x7063
mem[X,0x80017972] -> 0x40B5
[2010] [M]: 0x80017970 (0x40B57063) bgeu a0, a1, 1024


mem[X,0x80017974] -> 0x8193
mem[X,0x80017976] -> 0x0021
[2011] [M]: 0x80017974 (0x00218193) addi gp, gp, 2
x3 <- 0x00000002


mem[X,0x80017978] -> 0x006F
mem[X,0x8001797A] -> 0x4000
[2012] [M]: 0x80017978 (0x4000006F) jal zero, 1024


mem[X,0x80017D78] -> 0x2423
mem[X,0x80017D7A] -> 0x3031
[2013] [M]: 0x80017D78 (0x30312423) sw gp, 776(sp)
mem[0x8004B46C] <- 0x00000002


mem[X,0x80017D7C] -> 0x3537
mem[X,0x80017D7E] -> 0x3333
[2014] [M]: 0x80017D7C (0x33333537) lui a0, 209715
x10 <- 0x33333000


mem[X,0x80017D80] -> 0x0513
mem[X,0x80017D82] -> 0x3335
[2015] [M]: 0x80017D80 (0x33350513) addi a0, a0, 819
x10 <- 0x33333333


mem[X,0x80017D84] -> 0x0593
mem[X,0x80017D86] -> 0x0040
[2016] [M]: 0x80017D84 (0x00400593) addi a1, zero, 4
x11 <- 0x00000004


mem[X,0x80017D88] -> 0x0193
mem[X,0x80017D8A] -> 0x0000
[2017] [M]: 0x80017D88 (0x00000193) addi gp, zero, 0
x3 <- 0x00000000


mem[X,0x80017D8C] -> 0x006F
mem[X,0x80017D8E] -> 0x00C0
[2018] [M]: 0x80017D8C (0x00C0006F) jal zero, 12


mem[X,0x80017D98] -> 0x7CE3
mem[X,0x80017D9A] -> 0xFEB5
[2019] [M]: 0x80017D98 (0xFEB57CE3) bgeu a0, a1, 8184


mem[X,0x80017D90] -> 0x8193
mem[X,0x80017D92] -> 0x0011
[2020] [M]: 0x80017D90 (0x00118193) addi gp, gp, 1
x3 <- 0x00000001


mem[X,0x80017D94] -> 0x006F
mem[X,0x80017D96] -> 0x0180
[2021] [M]: 0x80017D94 (0x0180006F) jal zero, 24


mem[X,0x80017DAC] -> 0x2623
mem[X,0x80017DAE] -> 0x3031
[2022] [M]: 0x80017DAC (0x30312623) sw gp, 780(sp)
mem[0x8004B470] <- 0x00000001


mem[X,0x80017DB0] -> 0x3537
mem[X,0x80017DB2] -> 0x3333
[2023] [M]: 0x80017DB0 (0x33333537) lui a0, 209715
x10 <- 0x33333000


mem[X,0x80017DB4] -> 0x0513
mem[X,0x80017DB6] -> 0x3335
[2024] [M]: 0x80017DB4 (0x33350513) addi a0, a0, 819
x10 <- 0x33333333


mem[X,0x80017DB8] -> 0x35B7
mem[X,0x80017DBA] -> 0x3333
[2025] [M]: 0x80017DB8 (0x333335B7) lui a1, 209715
x11 <- 0x33333000


mem[X,0x80017DBC] -> 0x8593
mem[X,0x80017DBE] -> 0x3325
[2026] [M]: 0x80017DBC (0x33258593) addi a1, a1, 818
x11 <- 0x33333332


mem[X,0x80017DC0] -> 0x0193
mem[X,0x80017DC2] -> 0x0000
[2027] [M]: 0x80017DC0 (0x00000193) addi gp, zero, 0
x3 <- 0x00000000


mem[X,0x80017DC4] -> 0x006F
mem[X,0x80017DC6] -> 0x00C0
[2028] [M]: 0x80017DC4 (0x00C0006F) jal zero, 12


mem[X,0x80017DD0] -> 0x7663
mem[X,0x80017DD2] -> 0x00B5
[2029] [M]: 0x80017DD0 (0x00B57663) bgeu a0, a1, 12


mem[X,0x80017DDC] -> 0x8193
mem[X,0x80017DDE] -> 0x0031
[2030] [M]: 0x80017DDC (0x00318193) addi gp, gp, 3
x3 <- 0x00000003


mem[X,0x80017DE0] -> 0x006F
mem[X,0x80017DE2] -> 0x0040
[2031] [M]: 0x80017DE0 (0x0040006F) jal zero, 4


mem[X,0x80017DE4] -> 0x2823
mem[X,0x80017DE6] -> 0x3031
[2032] [M]: 0x80017DE4 (0x30312823) sw gp, 784(sp)
mem[0x8004B474] <- 0x00000003


mem[X,0x80017DE8] -> 0x3537
mem[X,0x80017DEA] -> 0x3333
[2033] [M]: 0x80017DE8 (0x33333537) lui a0, 209715
x10 <- 0x33333000


mem[X,0x80017DEC] -> 0x0513
mem[X,0x80017DEE] -> 0x3335
[2034] [M]: 0x80017DEC (0x33350513) addi a0, a0, 819
x10 <- 0x33333333


mem[X,0x80017DF0] -> 0x65B7
mem[X,0x80017DF2] -> 0x6666
[2035] [M]: 0x80017DF0 (0x666665B7) lui a1, 419430
x11 <- 0x66666000


mem[X,0x80017DF4] -> 0x8593
mem[X,0x80017DF6] -> 0x6655
[2036] [M]: 0x80017DF4 (0x66558593) addi a1, a1, 1637
x11 <- 0x66666665


mem[X,0x80017DF8] -> 0x0193
mem[X,0x80017DFA] -> 0x0000
[2037] [M]: 0x80017DF8 (0x00000193) addi gp, zero, 0
x3 <- 0x00000000


mem[X,0x80017DFC] -> 0x006F
mem[X,0x80017DFE] -> 0x2B10
[2038] [M]: 0x80017DFC (0x2B10006F) jal zero, 2736


mem[X,0x800188AC] -> 0x7A63
mem[X,0x800188AE] -> 0xD4B5
[2039] [M]: 0x800188AC (0xD4B57A63) bgeu a0, a1, 5460


mem[X,0x800188B0] -> 0x8193
mem[X,0x800188B2] -> 0x0021
[2040] [M]: 0x800188B0 (0x00218193) addi gp, gp, 2
x3 <- 0x00000002


mem[X,0x800188B4] -> 0x006F
mem[X,0x800188B6] -> 0x00C0
[2041] [M]: 0x800188B4 (0x00C0006F) jal zero, 12


mem[X,0x800188C0] -> 0x2A23
mem[X,0x800188C2] -> 0x3031
[2042] [M]: 0x800188C0 (0x30312A23) sw gp, 788(sp)
mem[0x8004B478] <- 0x00000002


mem[X,0x800188C4] -> 0x3537
mem[X,0x800188C6] -> 0x3333
[2043] [M]: 0x800188C4 (0x33333537) lui a0, 209715
x10 <- 0x33333000


mem[X,0x800188C8] -> 0x0513
mem[X,0x800188CA] -> 0x3335
[2044] [M]: 0x800188C8 (0x33350513) addi a0, a0, 819
x10 <- 0x33333333


mem[X,0x800188CC] -> 0xB5B7
mem[X,0x800188CE] -> 0x0000
[2045] [M]: 0x800188CC (0x0000B5B7) lui a1, 11
x11 <- 0x0000B000


mem[X,0x800188D0] -> 0x8593
mem[X,0x800188D2] -> 0x5035
[2046] [M]: 0x800188D0 (0x50358593) addi a1, a1, 1283
x11 <- 0x0000B503


mem[X,0x800188D4] -> 0x0193
mem[X,0x800188D6] -> 0x0000
[2047] [M]: 0x800188D4 (0x00000193) addi gp, zero, 0
x3 <- 0x00000000


mem[X,0x800188D8] -> 0x006F
mem[X,0x800188DA] -> 0x00C0
[2048] [M]: 0x800188D8 (0x00C0006F) jal zero, 12


mem[X,0x800188E4] -> 0x7663
mem[X,0x800188E6] -> 0x00B5
[2049] [M]: 0x800188E4 (0x00B57663) bgeu a0, a1, 12


mem[X,0x800188F0] -> 0x8193
mem[X,0x800188F2] -> 0x0031
[2050] [M]: 0x800188F0 (0x00318193) addi gp, gp, 3
x3 <- 0x00000003


mem[X,0x800188F4] -> 0x006F
mem[X,0x800188F6] -> 0x0040
[2051] [M]: 0x800188F4 (0x0040006F) jal zero, 4


mem[X,0x800188F8] -> 0x2C23
mem[X,0x800188FA] -> 0x3031
[2052] [M]: 0x800188F8 (0x30312C23) sw gp, 792(sp)
mem[0x8004B47C] <- 0x00000003


mem[X,0x800188FC] -> 0x3537
mem[X,0x800188FE] -> 0x3333
[2053] [M]: 0x800188FC (0x33333537) lui a0, 209715
x10 <- 0x33333000


mem[X,0x80018900] -> 0x0513
mem[X,0x80018902] -> 0x3335
[2054] [M]: 0x80018900 (0x33350513) addi a0, a0, 819
x10 <- 0x33333333


mem[X,0x80018904] -> 0x05B7
mem[X,0x80018906] -> 0x0001
[2055] [M]: 0x80018904 (0x000105B7) lui a1, 16
x11 <- 0x00010000


mem[X,0x80018908] -> 0x8593
mem[X,0x8001890A] -> 0xFFE5
[2056] [M]: 0x80018908 (0xFFE58593) addi a1, a1, 4094
x11 <- 0x0000FFFE


mem[X,0x8001890C] -> 0x0193
mem[X,0x8001890E] -> 0x0000
[2057] [M]: 0x8001890C (0x00000193) addi gp, zero, 0
x3 <- 0x00000000


mem[X,0x80018910] -> 0x006F
mem[X,0x80018912] -> 0x00C0
[2058] [M]: 0x80018910 (0x00C0006F) jal zero, 12


mem[X,0x8001891C] -> 0x7663
mem[X,0x8001891E] -> 0x00B5
[2059] [M]: 0x8001891C (0x00B57663) bgeu a0, a1, 12


mem[X,0x80018928] -> 0x8193
mem[X,0x8001892A] -> 0x0031
[2060] [M]: 0x80018928 (0x00318193) addi gp, gp, 3
x3 <- 0x00000003


mem[X,0x8001892C] -> 0x006F
mem[X,0x8001892E] -> 0x0040
[2061] [M]: 0x8001892C (0x0040006F) jal zero, 4


mem[X,0x80018930] -> 0x2E23
mem[X,0x80018932] -> 0x3031
[2062] [M]: 0x80018930 (0x30312E23) sw gp, 796(sp)
mem[0x8004B480] <- 0x00000003


mem[X,0x80018934] -> 0x3537
mem[X,0x80018936] -> 0x3333
[2063] [M]: 0x80018934 (0x33333537) lui a0, 209715
x10 <- 0x33333000


mem[X,0x80018938] -> 0x0513
mem[X,0x8001893A] -> 0x3335
[2064] [M]: 0x80018938 (0x33350513) addi a0, a0, 819
x10 <- 0x33333333


mem[X,0x8001893C] -> 0x55B7
mem[X,0x8001893E] -> 0x5555
[2065] [M]: 0x8001893C (0x555555B7) lui a1, 349525
x11 <- 0x55555000


mem[X,0x80018940] -> 0x8593
mem[X,0x80018942] -> 0x5565
[2066] [M]: 0x80018940 (0x55658593) addi a1, a1, 1366
x11 <- 0x55555556


mem[X,0x80018944] -> 0x0193
mem[X,0x80018946] -> 0x0000
[2067] [M]: 0x80018944 (0x00000193) addi gp, zero, 0
x3 <- 0x00000000


mem[X,0x80018948] -> 0x006F
mem[X,0x8001894A] -> 0x00C0
[2068] [M]: 0x80018948 (0x00C0006F) jal zero, 12


mem[X,0x80018954] -> 0x7063
mem[X,0x80018956] -> 0x02B5
[2069] [M]: 0x80018954 (0x02B57063) bgeu a0, a1, 32


mem[X,0x80018958] -> 0x8193
mem[X,0x8001895A] -> 0x0021
[2070] [M]: 0x80018958 (0x00218193) addi gp, gp, 2
x3 <- 0x00000002


mem[X,0x8001895C] -> 0x006F
mem[X,0x8001895E] -> 0x0200
[2071] [M]: 0x8001895C (0x0200006F) jal zero, 32


mem[X,0x8001897C] -> 0x2023
mem[X,0x8001897E] -> 0x3231
[2072] [M]: 0x8001897C (0x32312023) sw gp, 800(sp)
mem[0x8004B484] <- 0x00000002


mem[X,0x80018980] -> 0x3537
mem[X,0x80018982] -> 0x3333
[2073] [M]: 0x80018980 (0x33333537) lui a0, 209715
x10 <- 0x33333000


mem[X,0x80018984] -> 0x0513
mem[X,0x80018986] -> 0x3335
[2074] [M]: 0x80018984 (0x33350513) addi a0, a0, 819
x10 <- 0x33333333


mem[X,0x80018988] -> 0xB5B7
mem[X,0x8001898A] -> 0xAAAA
[2075] [M]: 0x80018988 (0xAAAAB5B7) lui a1, 699051
x11 <- 0xAAAAB000


mem[X,0x8001898C] -> 0x8593
mem[X,0x8001898E] -> 0xAAB5
[2076] [M]: 0x8001898C (0xAAB58593) addi a1, a1, 2731
x11 <- 0xAAAAAAAB


mem[X,0x80018990] -> 0x0193
mem[X,0x80018992] -> 0x0000
[2077] [M]: 0x80018990 (0x00000193) addi gp, zero, 0
x3 <- 0x00000000


mem[X,0x80018994] -> 0x006F
mem[X,0x80018996] -> 0x0050
[2078] [M]: 0x80018994 (0x0050006F) jal zero, 2052


mem[X,0x80019198] -> 0x70E3
mem[X,0x8001919A] -> 0x80B5
[2079] [M]: 0x80019198 (0x80B570E3) bgeu a0, a1, 6144


mem[X,0x8001919C] -> 0x8193
mem[X,0x8001919E] -> 0x0021
[2080] [M]: 0x8001919C (0x00218193) addi gp, gp, 2
x3 <- 0x00000002


mem[X,0x800191A0] -> 0x006F
mem[X,0x800191A2] -> 0x00C0
[2081] [M]: 0x800191A0 (0x00C0006F) jal zero, 12


mem[X,0x800191AC] -> 0x2223
mem[X,0x800191AE] -> 0x3231
[2082] [M]: 0x800191AC (0x32312223) sw gp, 804(sp)
mem[0x8004B488] <- 0x00000002


mem[X,0x800191B0] -> 0x3537
mem[X,0x800191B2] -> 0x3333
[2083] [M]: 0x800191B0 (0x33333537) lui a0, 209715
x10 <- 0x33333000


mem[X,0x800191B4] -> 0x0513
mem[X,0x800191B6] -> 0x3335
[2084] [M]: 0x800191B4 (0x33350513) addi a0, a0, 819
x10 <- 0x33333333


mem[X,0x800191B8] -> 0x0593
mem[X,0x800191BA] -> 0x0060
[2085] [M]: 0x800191B8 (0x00600593) addi a1, zero, 6
x11 <- 0x00000006


mem[X,0x800191BC] -> 0x0193
mem[X,0x800191BE] -> 0x0000
[2086] [M]: 0x800191BC (0x00000193) addi gp, zero, 0
x3 <- 0x00000000


mem[X,0x800191C0] -> 0x006F
mem[X,0x800191C2] -> 0x00C0
[2087] [M]: 0x800191C0 (0x00C0006F) jal zero, 12


mem[X,0x800191CC] -> 0x7663
mem[X,0x800191CE] -> 0x00B5
[2088] [M]: 0x800191CC (0x00B57663) bgeu a0, a1, 12


mem[X,0x800191D8] -> 0x8193
mem[X,0x800191DA] -> 0x0031
[2089] [M]: 0x800191D8 (0x00318193) addi gp, gp, 3
x3 <- 0x00000003


mem[X,0x800191DC] -> 0x006F
mem[X,0x800191DE] -> 0x0040
[2090] [M]: 0x800191DC (0x0040006F) jal zero, 4


mem[X,0x800191E0] -> 0x2423
mem[X,0x800191E2] -> 0x3231
[2091] [M]: 0x800191E0 (0x32312423) sw gp, 808(sp)
mem[0x8004B48C] <- 0x00000003


mem[X,0x800191E4] -> 0x3537
mem[X,0x800191E6] -> 0x3333
[2092] [M]: 0x800191E4 (0x33333537) lui a0, 209715
x10 <- 0x33333000


mem[X,0x800191E8] -> 0x0513
mem[X,0x800191EA] -> 0x3335
[2093] [M]: 0x800191E8 (0x33350513) addi a0, a0, 819
x10 <- 0x33333333


mem[X,0x800191EC] -> 0x35B7
mem[X,0x800191EE] -> 0x3333
[2094] [M]: 0x800191EC (0x333335B7) lui a1, 209715
x11 <- 0x33333000


mem[X,0x800191F0] -> 0x8593
mem[X,0x800191F2] -> 0x3345
[2095] [M]: 0x800191F0 (0x33458593) addi a1, a1, 820
x11 <- 0x33333334


mem[X,0x800191F4] -> 0x0193
mem[X,0x800191F6] -> 0x0000
[2096] [M]: 0x800191F4 (0x00000193) addi gp, zero, 0
x3 <- 0x00000000


mem[X,0x800191F8] -> 0x006F
mem[X,0x800191FA] -> 0x00C0
[2097] [M]: 0x800191F8 (0x00C0006F) jal zero, 12


mem[X,0x80019204] -> 0x7863
mem[X,0x80019206] -> 0x00B5
[2098] [M]: 0x80019204 (0x00B57863) bgeu a0, a1, 16


mem[X,0x80019208] -> 0x8193
mem[X,0x8001920A] -> 0x0021
[2099] [M]: 0x80019208 (0x00218193) addi gp, gp, 2
x3 <- 0x00000002


clint::tick mtime <- 0x0000000000000015
 clint timer pending at mtime 0x0000000000000015
htif::tick 0x0000000000000000
mem[X,0x8001920C] -> 0x006F
mem[X,0x8001920E] -> 0x0100
[2100] [M]: 0x8001920C (0x0100006F) jal zero, 16


mem[X,0x8001921C] -> 0x2623
mem[X,0x8001921E] -> 0x3231
[2101] [M]: 0x8001921C (0x32312623) sw gp, 812(sp)
mem[0x8004B490] <- 0x00000002


mem[X,0x80019220] -> 0x3537
mem[X,0x80019222] -> 0x3333
[2102] [M]: 0x80019220 (0x33333537) lui a0, 209715
x10 <- 0x33333000


mem[X,0x80019224] -> 0x0513
mem[X,0x80019226] -> 0x3335
[2103] [M]: 0x80019224 (0x33350513) addi a0, a0, 819
x10 <- 0x33333333


mem[X,0x80019228] -> 0x65B7
mem[X,0x8001922A] -> 0x6666
[2104] [M]: 0x80019228 (0x666665B7) lui a1, 419430
x11 <- 0x66666000


mem[X,0x8001922C] -> 0x8593
mem[X,0x8001922E] -> 0x6675
[2105] [M]: 0x8001922C (0x66758593) addi a1, a1, 1639
x11 <- 0x66666667


mem[X,0x80019230] -> 0x0193
mem[X,0x80019232] -> 0x0000
[2106] [M]: 0x80019230 (0x00000193) addi gp, zero, 0
x3 <- 0x00000000


mem[X,0x80019234] -> 0x006F
mem[X,0x80019236] -> 0x00C0
[2107] [M]: 0x80019234 (0x00C0006F) jal zero, 12


mem[X,0x80019240] -> 0x7063
mem[X,0x80019242] -> 0x04B5
[2108] [M]: 0x80019240 (0x04B57063) bgeu a0, a1, 64


mem[X,0x80019244] -> 0x8193
mem[X,0x80019246] -> 0x0021
[2109] [M]: 0x80019244 (0x00218193) addi gp, gp, 2
x3 <- 0x00000002


mem[X,0x80019248] -> 0x006F
mem[X,0x8001924A] -> 0x0400
[2110] [M]: 0x80019248 (0x0400006F) jal zero, 64


mem[X,0x80019288] -> 0x2823
mem[X,0x8001928A] -> 0x3231
[2111] [M]: 0x80019288 (0x32312823) sw gp, 816(sp)
mem[0x8004B494] <- 0x00000002


mem[X,0x8001928C] -> 0x3537
mem[X,0x8001928E] -> 0x3333
[2112] [M]: 0x8001928C (0x33333537) lui a0, 209715
x10 <- 0x33333000


mem[X,0x80019290] -> 0x0513
mem[X,0x80019292] -> 0x3335
[2113] [M]: 0x80019290 (0x33350513) addi a0, a0, 819
x10 <- 0x33333333


mem[X,0x80019294] -> 0xB5B7
mem[X,0x80019296] -> 0x0000
[2114] [M]: 0x80019294 (0x0000B5B7) lui a1, 11
x11 <- 0x0000B000


mem[X,0x80019298] -> 0x8593
mem[X,0x8001929A] -> 0x5055
[2115] [M]: 0x80019298 (0x50558593) addi a1, a1, 1285
x11 <- 0x0000B505


mem[X,0x8001929C] -> 0x0193
mem[X,0x8001929E] -> 0x0000
[2116] [M]: 0x8001929C (0x00000193) addi gp, zero, 0
x3 <- 0x00000000


mem[X,0x800192A0] -> 0x006F
mem[X,0x800192A2] -> 0x00C0
[2117] [M]: 0x800192A0 (0x00C0006F) jal zero, 12


mem[X,0x800192AC] -> 0x7063
mem[X,0x800192AE] -> 0x04B5
[2118] [M]: 0x800192AC (0x04B57063) bgeu a0, a1, 64


mem[X,0x800192EC] -> 0x8193
mem[X,0x800192EE] -> 0x0031
[2119] [M]: 0x800192EC (0x00318193) addi gp, gp, 3
x3 <- 0x00000003


mem[X,0x800192F0] -> 0x006F
mem[X,0x800192F2] -> 0x0040
[2120] [M]: 0x800192F0 (0x0040006F) jal zero, 4


mem[X,0x800192F4] -> 0x2A23
mem[X,0x800192F6] -> 0x3231
[2121] [M]: 0x800192F4 (0x32312A23) sw gp, 820(sp)
mem[0x8004B498] <- 0x00000003


mem[X,0x800192F8] -> 0x3537
mem[X,0x800192FA] -> 0x3333
[2122] [M]: 0x800192F8 (0x33333537) lui a0, 209715
x10 <- 0x33333000


mem[X,0x800192FC] -> 0x0513
mem[X,0x800192FE] -> 0x3335
[2123] [M]: 0x800192FC (0x33350513) addi a0, a0, 819
x10 <- 0x33333333


mem[X,0x80019300] -> 0x0593
mem[X,0x80019302] -> 0x0010
[2124] [M]: 0x80019300 (0x00100593) addi a1, zero, 1
x11 <- 0x00000001


mem[X,0x80019304] -> 0x0193
mem[X,0x80019306] -> 0x0000
[2125] [M]: 0x80019304 (0x00000193) addi gp, zero, 0
x3 <- 0x00000000


mem[X,0x80019308] -> 0x006F
mem[X,0x8001930A] -> 0x00C0
[2126] [M]: 0x80019308 (0x00C0006F) jal zero, 12


mem[X,0x80019314] -> 0x7863
mem[X,0x80019316] -> 0x00B5
[2127] [M]: 0x80019314 (0x00B57863) bgeu a0, a1, 16


mem[X,0x80019324] -> 0x8193
mem[X,0x80019326] -> 0x0031
[2128] [M]: 0x80019324 (0x00318193) addi gp, gp, 3
x3 <- 0x00000003


mem[X,0x80019328] -> 0x006F
mem[X,0x8001932A] -> 0x0040
[2129] [M]: 0x80019328 (0x0040006F) jal zero, 4


mem[X,0x8001932C] -> 0x2C23
mem[X,0x8001932E] -> 0x3231
[2130] [M]: 0x8001932C (0x32312C23) sw gp, 824(sp)
mem[0x8004B49C] <- 0x00000003


mem[X,0x80019330] -> 0x3537
mem[X,0x80019332] -> 0x3333
[2131] [M]: 0x80019330 (0x33333537) lui a0, 209715
x10 <- 0x33333000


mem[X,0x80019334] -> 0x0513
mem[X,0x80019336] -> 0x3335
[2132] [M]: 0x80019334 (0x33350513) addi a0, a0, 819
x10 <- 0x33333333


mem[X,0x80019338] -> 0x05B7
mem[X,0x8001933A] -> 0x0001
[2133] [M]: 0x80019338 (0x000105B7) lui a1, 16
x11 <- 0x00010000


mem[X,0x8001933C] -> 0x0193
mem[X,0x8001933E] -> 0x0000
[2134] [M]: 0x8001933C (0x00000193) addi gp, zero, 0
x3 <- 0x00000000


mem[X,0x80019340] -> 0x006F
mem[X,0x80019342] -> 0x0100
[2135] [M]: 0x80019340 (0x0100006F) jal zero, 16


mem[X,0x80019350] -> 0x7AE3
mem[X,0x80019352] -> 0xFEB5
[2136] [M]: 0x80019350 (0xFEB57AE3) bgeu a0, a1, 8180


mem[X,0x80019344] -> 0x8193
mem[X,0x80019346] -> 0x0011
[2137] [M]: 0x80019344 (0x00118193) addi gp, gp, 1
x3 <- 0x00000001


mem[X,0x80019348] -> 0x006F
mem[X,0x8001934A] -> 0x01C0
[2138] [M]: 0x80019348 (0x01C0006F) jal zero, 28


mem[X,0x80019364] -> 0x2E23
mem[X,0x80019366] -> 0x3231
[2139] [M]: 0x80019364 (0x32312E23) sw gp, 828(sp)
mem[0x8004B4A0] <- 0x00000001


mem[X,0x80019368] -> 0x6537
mem[X,0x8001936A] -> 0x6666
[2140] [M]: 0x80019368 (0x66666537) lui a0, 419430
x10 <- 0x66666000


mem[X,0x8001936C] -> 0x0513
mem[X,0x8001936E] -> 0x6665
[2141] [M]: 0x8001936C (0x66650513) addi a0, a0, 1638
x10 <- 0x66666666


mem[X,0x80019370] -> 0x0593
mem[X,0x80019372] -> 0x0030
[2142] [M]: 0x80019370 (0x00300593) addi a1, zero, 3
x11 <- 0x00000003


mem[X,0x80019374] -> 0x0193
mem[X,0x80019376] -> 0x0000
[2143] [M]: 0x80019374 (0x00000193) addi gp, zero, 0
x3 <- 0x00000000


mem[X,0x80019378] -> 0x006F
mem[X,0x8001937A] -> 0x0100
[2144] [M]: 0x80019378 (0x0100006F) jal zero, 16


mem[X,0x80019388] -> 0x7AE3
mem[X,0x8001938A] -> 0xFEB5
[2145] [M]: 0x80019388 (0xFEB57AE3) bgeu a0, a1, 8180


mem[X,0x8001937C] -> 0x8193
mem[X,0x8001937E] -> 0x0011
[2146] [M]: 0x8001937C (0x00118193) addi gp, gp, 1
x3 <- 0x00000001


mem[X,0x80019380] -> 0x006F
mem[X,0x80019382] -> 0x01C0
[2147] [M]: 0x80019380 (0x01C0006F) jal zero, 28


mem[X,0x8001939C] -> 0x2023
mem[X,0x8001939E] -> 0x3431
[2148] [M]: 0x8001939C (0x34312023) sw gp, 832(sp)
mem[0x8004B4A4] <- 0x00000001


mem[X,0x800193A0] -> 0x6537
mem[X,0x800193A2] -> 0x6666
[2149] [M]: 0x800193A0 (0x66666537) lui a0, 419430
x10 <- 0x66666000


mem[X,0x800193A4] -> 0x0513
mem[X,0x800193A6] -> 0x6665
[2150] [M]: 0x800193A4 (0x66650513) addi a0, a0, 1638
x10 <- 0x66666666


mem[X,0x800193A8] -> 0x55B7
mem[X,0x800193AA] -> 0x5555
[2151] [M]: 0x800193A8 (0x555555B7) lui a1, 349525
x11 <- 0x55555000


mem[X,0x800193AC] -> 0x8593
mem[X,0x800193AE] -> 0x5555
[2152] [M]: 0x800193AC (0x55558593) addi a1, a1, 1365
x11 <- 0x55555555


mem[X,0x800193B0] -> 0x0193
mem[X,0x800193B2] -> 0x0000
[2153] [M]: 0x800193B0 (0x00000193) addi gp, zero, 0
x3 <- 0x00000000


mem[X,0x800193B4] -> 0x006F
mem[X,0x800193B6] -> 0x00C0
[2154] [M]: 0x800193B4 (0x00C0006F) jal zero, 12


mem[X,0x800193C0] -> 0x7663
mem[X,0x800193C2] -> 0x00B5
[2155] [M]: 0x800193C0 (0x00B57663) bgeu a0, a1, 12


mem[X,0x800193CC] -> 0x8193
mem[X,0x800193CE] -> 0x0031
[2156] [M]: 0x800193CC (0x00318193) addi gp, gp, 3
x3 <- 0x00000003


mem[X,0x800193D0] -> 0x006F
mem[X,0x800193D2] -> 0x0040
[2157] [M]: 0x800193D0 (0x0040006F) jal zero, 4


mem[X,0x800193D4] -> 0x2223
mem[X,0x800193D6] -> 0x3431
[2158] [M]: 0x800193D4 (0x34312223) sw gp, 836(sp)
mem[0x8004B4A8] <- 0x00000003


mem[X,0x800193D8] -> 0x6537
mem[X,0x800193DA] -> 0x6666
[2159] [M]: 0x800193D8 (0x66666537) lui a0, 419430
x10 <- 0x66666000


mem[X,0x800193DC] -> 0x0513
mem[X,0x800193DE] -> 0x6665
[2160] [M]: 0x800193DC (0x66650513) addi a0, a0, 1638
x10 <- 0x66666666


mem[X,0x800193E0] -> 0xB5B7
mem[X,0x800193E2] -> 0xAAAA
[2161] [M]: 0x800193E0 (0xAAAAB5B7) lui a1, 699051
x11 <- 0xAAAAB000


mem[X,0x800193E4] -> 0x8593
mem[X,0x800193E6] -> 0xAAA5
[2162] [M]: 0x800193E4 (0xAAA58593) addi a1, a1, 2730
x11 <- 0xAAAAAAAA


mem[X,0x800193E8] -> 0x0193
mem[X,0x800193EA] -> 0x0000
[2163] [M]: 0x800193E8 (0x00000193) addi gp, zero, 0
x3 <- 0x00000000


mem[X,0x800193EC] -> 0x006F
mem[X,0x800193EE] -> 0x00C0
[2164] [M]: 0x800193EC (0x00C0006F) jal zero, 12


mem[X,0x800193F8] -> 0x7663
mem[X,0x800193FA] -> 0x00B5
[2165] [M]: 0x800193F8 (0x00B57663) bgeu a0, a1, 12


mem[X,0x800193FC] -> 0x8193
mem[X,0x800193FE] -> 0x0021
[2166] [M]: 0x800193FC (0x00218193) addi gp, gp, 2
x3 <- 0x00000002


mem[X,0x80019400] -> 0x006F
mem[X,0x80019402] -> 0x00C0
[2167] [M]: 0x80019400 (0x00C0006F) jal zero, 12


mem[X,0x8001940C] -> 0x2423
mem[X,0x8001940E] -> 0x3431
[2168] [M]: 0x8001940C (0x34312423) sw gp, 840(sp)
mem[0x8004B4AC] <- 0x00000002


mem[X,0x80019410] -> 0x6537
mem[X,0x80019412] -> 0x6666
[2169] [M]: 0x80019410 (0x66666537) lui a0, 419430
x10 <- 0x66666000


mem[X,0x80019414] -> 0x0513
mem[X,0x80019416] -> 0x6665
[2170] [M]: 0x80019414 (0x66650513) addi a0, a0, 1638
x10 <- 0x66666666


mem[X,0x80019418] -> 0x0593
mem[X,0x8001941A] -> 0x0050
[2171] [M]: 0x80019418 (0x00500593) addi a1, zero, 5
x11 <- 0x00000005


mem[X,0x8001941C] -> 0x0193
mem[X,0x8001941E] -> 0x0000
[2172] [M]: 0x8001941C (0x00000193) addi gp, zero, 0
x3 <- 0x00000000


mem[X,0x80019420] -> 0x006F
mem[X,0x80019422] -> 0x00C0
[2173] [M]: 0x80019420 (0x00C0006F) jal zero, 12


mem[X,0x8001942C] -> 0x7863
mem[X,0x8001942E] -> 0x00B5
[2174] [M]: 0x8001942C (0x00B57863) bgeu a0, a1, 16


mem[X,0x8001943C] -> 0x8193
mem[X,0x8001943E] -> 0x0031
[2175] [M]: 0x8001943C (0x00318193) addi gp, gp, 3
x3 <- 0x00000003


mem[X,0x80019440] -> 0x006F
mem[X,0x80019442] -> 0x0040
[2176] [M]: 0x80019440 (0x0040006F) jal zero, 4


mem[X,0x80019444] -> 0x2623
mem[X,0x80019446] -> 0x3431
[2177] [M]: 0x80019444 (0x34312623) sw gp, 844(sp)
mem[0x8004B4B0] <- 0x00000003


mem[X,0x80019448] -> 0x6537
mem[X,0x8001944A] -> 0x6666
[2178] [M]: 0x80019448 (0x66666537) lui a0, 419430
x10 <- 0x66666000


mem[X,0x8001944C] -> 0x0513
mem[X,0x8001944E] -> 0x6665
[2179] [M]: 0x8001944C (0x66650513) addi a0, a0, 1638
x10 <- 0x66666666


mem[X,0x80019450] -> 0x35B7
mem[X,0x80019452] -> 0x3333
[2180] [M]: 0x80019450 (0x333335B7) lui a1, 209715
x11 <- 0x33333000


mem[X,0x80019454] -> 0x8593
mem[X,0x80019456] -> 0x3335
[2181] [M]: 0x80019454 (0x33358593) addi a1, a1, 819
x11 <- 0x33333333


mem[X,0x80019458] -> 0x0193
mem[X,0x8001945A] -> 0x0000
[2182] [M]: 0x80019458 (0x00000193) addi gp, zero, 0
x3 <- 0x00000000


mem[X,0x8001945C] -> 0x006F
mem[X,0x8001945E] -> 0x00C0
[2183] [M]: 0x8001945C (0x00C0006F) jal zero, 12


mem[X,0x80019468] -> 0x7063
mem[X,0x8001946A] -> 0x04B5
[2184] [M]: 0x80019468 (0x04B57063) bgeu a0, a1, 64


mem[X,0x800194A8] -> 0x8193
mem[X,0x800194AA] -> 0x0031
[2185] [M]: 0x800194A8 (0x00318193) addi gp, gp, 3
x3 <- 0x00000003


mem[X,0x800194AC] -> 0x006F
mem[X,0x800194AE] -> 0x0040
[2186] [M]: 0x800194AC (0x0040006F) jal zero, 4


mem[X,0x800194B0] -> 0x2823
mem[X,0x800194B2] -> 0x3431
[2187] [M]: 0x800194B0 (0x34312823) sw gp, 848(sp)
mem[0x8004B4B4] <- 0x00000003


mem[X,0x800194B4] -> 0x6537
mem[X,0x800194B6] -> 0x6666
[2188] [M]: 0x800194B4 (0x66666537) lui a0, 419430
x10 <- 0x66666000


mem[X,0x800194B8] -> 0x0513
mem[X,0x800194BA] -> 0x6665
[2189] [M]: 0x800194B8 (0x66650513) addi a0, a0, 1638
x10 <- 0x66666666


mem[X,0x800194BC] -> 0x65B7
mem[X,0x800194BE] -> 0x6666
[2190] [M]: 0x800194BC (0x666665B7) lui a1, 419430
x11 <- 0x66666000


mem[X,0x800194C0] -> 0x8593
mem[X,0x800194C2] -> 0x6665
[2191] [M]: 0x800194C0 (0x66658593) addi a1, a1, 1638
x11 <- 0x66666666


mem[X,0x800194C4] -> 0x0193
mem[X,0x800194C6] -> 0x0000
[2192] [M]: 0x800194C4 (0x00000193) addi gp, zero, 0
x3 <- 0x00000000


mem[X,0x800194C8] -> 0x006F
mem[X,0x800194CA] -> 0x0140
[2193] [M]: 0x800194C8 (0x0140006F) jal zero, 20


mem[X,0x800194DC] -> 0x78E3
mem[X,0x800194DE] -> 0xFEB5
[2194] [M]: 0x800194DC (0xFEB578E3) bgeu a0, a1, 8176


mem[X,0x800194CC] -> 0x8193
mem[X,0x800194CE] -> 0x0011
[2195] [M]: 0x800194CC (0x00118193) addi gp, gp, 1
x3 <- 0x00000001


mem[X,0x800194D0] -> 0x006F
mem[X,0x800194D2] -> 0x0200
[2196] [M]: 0x800194D0 (0x0200006F) jal zero, 32


mem[X,0x800194F0] -> 0x2A23
mem[X,0x800194F2] -> 0x3431
[2197] [M]: 0x800194F0 (0x34312A23) sw gp, 852(sp)
mem[0x8004B4B8] <- 0x00000001


mem[X,0x800194F4] -> 0x6537
mem[X,0x800194F6] -> 0x6666
[2198] [M]: 0x800194F4 (0x66666537) lui a0, 419430
x10 <- 0x66666000


mem[X,0x800194F8] -> 0x0513
mem[X,0x800194FA] -> 0x6665
[2199] [M]: 0x800194F8 (0x66650513) addi a0, a0, 1638
x10 <- 0x66666666


clint::tick mtime <- 0x0000000000000016
 clint timer pending at mtime 0x0000000000000016
htif::tick 0x0000000000000000
mem[X,0x800194FC] -> 0xB5B7
mem[X,0x800194FE] -> 0x0000
[2200] [M]: 0x800194FC (0x0000B5B7) lui a1, 11
x11 <- 0x0000B000


mem[X,0x80019500] -> 0x8593
mem[X,0x80019502] -> 0x5045
[2201] [M]: 0x80019500 (0x50458593) addi a1, a1, 1284
x11 <- 0x0000B504


mem[X,0x80019504] -> 0x0193
mem[X,0x80019506] -> 0x0000
[2202] [M]: 0x80019504 (0x00000193) addi gp, zero, 0
x3 <- 0x00000000


mem[X,0x80019508] -> 0x006F
mem[X,0x8001950A] -> 0x2B10
[2203] [M]: 0x80019508 (0x2B10006F) jal zero, 2736


mem[X,0x80019FB8] -> 0x7A63
mem[X,0x80019FBA] -> 0xD4B5
[2204] [M]: 0x80019FB8 (0xD4B57A63) bgeu a0, a1, 5460


mem[X,0x8001950C] -> 0x8193
mem[X,0x8001950E] -> 0x0011
[2205] [M]: 0x8001950C (0x00118193) addi gp, gp, 1
x3 <- 0x00000001


mem[X,0x80019510] -> 0x006F
mem[X,0x80019512] -> 0x2BD0
[2206] [M]: 0x80019510 (0x2BD0006F) jal zero, 2748


mem[X,0x80019FCC] -> 0x2C23
mem[X,0x80019FCE] -> 0x3431
[2207] [M]: 0x80019FCC (0x34312C23) sw gp, 856(sp)
mem[0x8004B4BC] <- 0x00000001


mem[X,0x80019FD0] -> 0x6537
mem[X,0x80019FD2] -> 0x6666
[2208] [M]: 0x80019FD0 (0x66666537) lui a0, 419430
x10 <- 0x66666000


mem[X,0x80019FD4] -> 0x0513
mem[X,0x80019FD6] -> 0x6665
[2209] [M]: 0x80019FD4 (0x66650513) addi a0, a0, 1638
x10 <- 0x66666666


mem[X,0x80019FD8] -> 0x0593
mem[X,0x80019FDA] -> 0x0000
[2210] [M]: 0x80019FD8 (0x00000593) addi a1, zero, 0
x11 <- 0x00000000


mem[X,0x80019FDC] -> 0x0193
mem[X,0x80019FDE] -> 0x0000
[2211] [M]: 0x80019FDC (0x00000193) addi gp, zero, 0
x3 <- 0x00000000


mem[X,0x80019FE0] -> 0x006F
mem[X,0x80019FE2] -> 0x00C0
[2212] [M]: 0x80019FE0 (0x00C0006F) jal zero, 12


mem[X,0x80019FEC] -> 0x7663
mem[X,0x80019FEE] -> 0x00B5
[2213] [M]: 0x80019FEC (0x00B57663) bgeu a0, a1, 12


mem[X,0x80019FF8] -> 0x8193
mem[X,0x80019FFA] -> 0x0031
[2214] [M]: 0x80019FF8 (0x00318193) addi gp, gp, 3
x3 <- 0x00000003


mem[X,0x80019FFC] -> 0x006F
mem[X,0x80019FFE] -> 0x0040
[2215] [M]: 0x80019FFC (0x0040006F) jal zero, 4


mem[X,0x8001A000] -> 0x2E23
mem[X,0x8001A002] -> 0x3431
[2216] [M]: 0x8001A000 (0x34312E23) sw gp, 860(sp)
mem[0x8004B4C0] <- 0x00000003


mem[X,0x8001A004] -> 0x6537
mem[X,0x8001A006] -> 0x6666
[2217] [M]: 0x8001A004 (0x66666537) lui a0, 419430
x10 <- 0x66666000


mem[X,0x8001A008] -> 0x0513
mem[X,0x8001A00A] -> 0x6665
[2218] [M]: 0x8001A008 (0x66650513) addi a0, a0, 1638
x10 <- 0x66666666


mem[X,0x8001A00C] -> 0x05B7
mem[X,0x8001A00E] -> 0x0001
[2219] [M]: 0x8001A00C (0x000105B7) lui a1, 16
x11 <- 0x00010000


mem[X,0x8001A010] -> 0x8593
mem[X,0x8001A012] -> 0xFFF5
[2220] [M]: 0x8001A010 (0xFFF58593) addi a1, a1, 4095
x11 <- 0x0000FFFF


mem[X,0x8001A014] -> 0x0193
mem[X,0x8001A016] -> 0x0000
[2221] [M]: 0x8001A014 (0x00000193) addi gp, zero, 0
x3 <- 0x00000000


mem[X,0x8001A018] -> 0x006F
mem[X,0x8001A01A] -> 0x00C0
[2222] [M]: 0x8001A018 (0x00C0006F) jal zero, 12


mem[X,0x8001A024] -> 0x7663
mem[X,0x8001A026] -> 0x00B5
[2223] [M]: 0x8001A024 (0x00B57663) bgeu a0, a1, 12


mem[X,0x8001A030] -> 0x8193
mem[X,0x8001A032] -> 0x0031
[2224] [M]: 0x8001A030 (0x00318193) addi gp, gp, 3
x3 <- 0x00000003


mem[X,0x8001A034] -> 0x006F
mem[X,0x8001A036] -> 0x0040
[2225] [M]: 0x8001A034 (0x0040006F) jal zero, 4


mem[X,0x8001A038] -> 0x2023
mem[X,0x8001A03A] -> 0x3631
[2226] [M]: 0x8001A038 (0x36312023) sw gp, 864(sp)
mem[0x8004B4C4] <- 0x00000003


mem[X,0x8001A03C] -> 0x6537
mem[X,0x8001A03E] -> 0x6666
[2227] [M]: 0x8001A03C (0x66666537) lui a0, 419430
x10 <- 0x66666000


mem[X,0x8001A040] -> 0x0513
mem[X,0x8001A042] -> 0x6665
[2228] [M]: 0x8001A040 (0x66650513) addi a0, a0, 1638
x10 <- 0x66666666


mem[X,0x8001A044] -> 0x0593
mem[X,0x8001A046] -> 0x0020
[2229] [M]: 0x8001A044 (0x00200593) addi a1, zero, 2
x11 <- 0x00000002


mem[X,0x8001A048] -> 0x0193
mem[X,0x8001A04A] -> 0x0000
[2230] [M]: 0x8001A048 (0x00000193) addi gp, zero, 0
x3 <- 0x00000000


mem[X,0x8001A04C] -> 0x006F
mem[X,0x8001A04E] -> 0x0140
[2231] [M]: 0x8001A04C (0x0140006F) jal zero, 20


mem[X,0x8001A060] -> 0x78E3
mem[X,0x8001A062] -> 0xFEB5
[2232] [M]: 0x8001A060 (0xFEB578E3) bgeu a0, a1, 8176


mem[X,0x8001A050] -> 0x8193
mem[X,0x8001A052] -> 0x0011
[2233] [M]: 0x8001A050 (0x00118193) addi gp, gp, 1
x3 <- 0x00000001


mem[X,0x8001A054] -> 0x006F
mem[X,0x8001A056] -> 0x0200
[2234] [M]: 0x8001A054 (0x0200006F) jal zero, 32


mem[X,0x8001A074] -> 0x2223
mem[X,0x8001A076] -> 0x3631
[2235] [M]: 0x8001A074 (0x36312223) sw gp, 868(sp)
mem[0x8004B4C8] <- 0x00000001


mem[X,0x8001A078] -> 0x6537
mem[X,0x8001A07A] -> 0x6666
[2236] [M]: 0x8001A078 (0x66666537) lui a0, 419430
x10 <- 0x66666000


mem[X,0x8001A07C] -> 0x0513
mem[X,0x8001A07E] -> 0x6665
[2237] [M]: 0x8001A07C (0x66650513) addi a0, a0, 1638
x10 <- 0x66666666


mem[X,0x8001A080] -> 0x55B7
mem[X,0x8001A082] -> 0x5555
[2238] [M]: 0x8001A080 (0x555555B7) lui a1, 349525
x11 <- 0x55555000


mem[X,0x8001A084] -> 0x8593
mem[X,0x8001A086] -> 0x5545
[2239] [M]: 0x8001A084 (0x55458593) addi a1, a1, 1364
x11 <- 0x55555554


mem[X,0x8001A088] -> 0x0193
mem[X,0x8001A08A] -> 0x0000
[2240] [M]: 0x8001A088 (0x00000193) addi gp, zero, 0
x3 <- 0x00000000


mem[X,0x8001A08C] -> 0x006F
mem[X,0x8001A08E] -> 0x00C0
[2241] [M]: 0x8001A08C (0x00C0006F) jal zero, 12


mem[X,0x8001A098] -> 0x7CE3
mem[X,0x8001A09A] -> 0xFEB5
[2242] [M]: 0x8001A098 (0xFEB57CE3) bgeu a0, a1, 8184


mem[X,0x8001A090] -> 0x8193
mem[X,0x8001A092] -> 0x0011
[2243] [M]: 0x8001A090 (0x00118193) addi gp, gp, 1
x3 <- 0x00000001


mem[X,0x8001A094] -> 0x006F
mem[X,0x8001A096] -> 0x0180
[2244] [M]: 0x8001A094 (0x0180006F) jal zero, 24


mem[X,0x8001A0AC] -> 0x2423
mem[X,0x8001A0AE] -> 0x3631
[2245] [M]: 0x8001A0AC (0x36312423) sw gp, 872(sp)
mem[0x8004B4CC] <- 0x00000001


mem[X,0x8001A0B0] -> 0x6537
mem[X,0x8001A0B2] -> 0x6666
[2246] [M]: 0x8001A0B0 (0x66666537) lui a0, 419430
x10 <- 0x66666000


mem[X,0x8001A0B4] -> 0x0513
mem[X,0x8001A0B6] -> 0x6665
[2247] [M]: 0x8001A0B4 (0x66650513) addi a0, a0, 1638
x10 <- 0x66666666


mem[X,0x8001A0B8] -> 0xB5B7
mem[X,0x8001A0BA] -> 0xAAAA
[2248] [M]: 0x8001A0B8 (0xAAAAB5B7) lui a1, 699051
x11 <- 0xAAAAB000


mem[X,0x8001A0BC] -> 0x8593
mem[X,0x8001A0BE] -> 0xAA95
[2249] [M]: 0x8001A0BC (0xAA958593) addi a1, a1, 2729
x11 <- 0xAAAAAAA9


mem[X,0x8001A0C0] -> 0x0193
mem[X,0x8001A0C2] -> 0x0000
[2250] [M]: 0x8001A0C0 (0x00000193) addi gp, zero, 0
x3 <- 0x00000000


mem[X,0x8001A0C4] -> 0x006F
mem[X,0x8001A0C6] -> 0x00C0
[2251] [M]: 0x8001A0C4 (0x00C0006F) jal zero, 12


mem[X,0x8001A0D0] -> 0x7063
mem[X,0x8001A0D2] -> 0x40B5
[2252] [M]: 0x8001A0D0 (0x40B57063) bgeu a0, a1, 1024


mem[X,0x8001A0D4] -> 0x8193
mem[X,0x8001A0D6] -> 0x0021
[2253] [M]: 0x8001A0D4 (0x00218193) addi gp, gp, 2
x3 <- 0x00000002


mem[X,0x8001A0D8] -> 0x006F
mem[X,0x8001A0DA] -> 0x4000
[2254] [M]: 0x8001A0D8 (0x4000006F) jal zero, 1024


mem[X,0x8001A4D8] -> 0x2623
mem[X,0x8001A4DA] -> 0x3631
[2255] [M]: 0x8001A4D8 (0x36312623) sw gp, 876(sp)
mem[0x8004B4D0] <- 0x00000002


mem[X,0x8001A4DC] -> 0x6537
mem[X,0x8001A4DE] -> 0x6666
[2256] [M]: 0x8001A4DC (0x66666537) lui a0, 419430
x10 <- 0x66666000


mem[X,0x8001A4E0] -> 0x0513
mem[X,0x8001A4E2] -> 0x6665
[2257] [M]: 0x8001A4E0 (0x66650513) addi a0, a0, 1638
x10 <- 0x66666666


mem[X,0x8001A4E4] -> 0x0593
mem[X,0x8001A4E6] -> 0x0040
[2258] [M]: 0x8001A4E4 (0x00400593) addi a1, zero, 4
x11 <- 0x00000004


mem[X,0x8001A4E8] -> 0x0193
mem[X,0x8001A4EA] -> 0x0000
[2259] [M]: 0x8001A4E8 (0x00000193) addi gp, zero, 0
x3 <- 0x00000000


mem[X,0x8001A4EC] -> 0x006F
mem[X,0x8001A4EE] -> 0x0140
[2260] [M]: 0x8001A4EC (0x0140006F) jal zero, 20


mem[X,0x8001A500] -> 0x78E3
mem[X,0x8001A502] -> 0xFEB5
[2261] [M]: 0x8001A500 (0xFEB578E3) bgeu a0, a1, 8176


mem[X,0x8001A4F0] -> 0x8193
mem[X,0x8001A4F2] -> 0x0011
[2262] [M]: 0x8001A4F0 (0x00118193) addi gp, gp, 1
x3 <- 0x00000001


mem[X,0x8001A4F4] -> 0x006F
mem[X,0x8001A4F6] -> 0x0200
[2263] [M]: 0x8001A4F4 (0x0200006F) jal zero, 32


mem[X,0x8001A514] -> 0x2823
mem[X,0x8001A516] -> 0x3631
[2264] [M]: 0x8001A514 (0x36312823) sw gp, 880(sp)
mem[0x8004B4D4] <- 0x00000001


mem[X,0x8001A518] -> 0x6537
mem[X,0x8001A51A] -> 0x6666
[2265] [M]: 0x8001A518 (0x66666537) lui a0, 419430
x10 <- 0x66666000


mem[X,0x8001A51C] -> 0x0513
mem[X,0x8001A51E] -> 0x6665
[2266] [M]: 0x8001A51C (0x66650513) addi a0, a0, 1638
x10 <- 0x66666666


mem[X,0x8001A520] -> 0x35B7
mem[X,0x8001A522] -> 0x3333
[2267] [M]: 0x8001A520 (0x333335B7) lui a1, 209715
x11 <- 0x33333000


mem[X,0x8001A524] -> 0x8593
mem[X,0x8001A526] -> 0x3325
[2268] [M]: 0x8001A524 (0x33258593) addi a1, a1, 818
x11 <- 0x33333332


mem[X,0x8001A528] -> 0x0193
mem[X,0x8001A52A] -> 0x0000
[2269] [M]: 0x8001A528 (0x00000193) addi gp, zero, 0
x3 <- 0x00000000


mem[X,0x8001A52C] -> 0x006F
mem[X,0x8001A52E] -> 0x00C0
[2270] [M]: 0x8001A52C (0x00C0006F) jal zero, 12


mem[X,0x8001A538] -> 0x7663
mem[X,0x8001A53A] -> 0x00B5
[2271] [M]: 0x8001A538 (0x00B57663) bgeu a0, a1, 12


mem[X,0x8001A544] -> 0x8193
mem[X,0x8001A546] -> 0x0031
[2272] [M]: 0x8001A544 (0x00318193) addi gp, gp, 3
x3 <- 0x00000003


mem[X,0x8001A548] -> 0x006F
mem[X,0x8001A54A] -> 0x0040
[2273] [M]: 0x8001A548 (0x0040006F) jal zero, 4


mem[X,0x8001A54C] -> 0x2A23
mem[X,0x8001A54E] -> 0x3631
[2274] [M]: 0x8001A54C (0x36312A23) sw gp, 884(sp)
mem[0x8004B4D8] <- 0x00000003


mem[X,0x8001A550] -> 0x6537
mem[X,0x8001A552] -> 0x6666
[2275] [M]: 0x8001A550 (0x66666537) lui a0, 419430
x10 <- 0x66666000


mem[X,0x8001A554] -> 0x0513
mem[X,0x8001A556] -> 0x6665
[2276] [M]: 0x8001A554 (0x66650513) addi a0, a0, 1638
x10 <- 0x66666666


mem[X,0x8001A558] -> 0x65B7
mem[X,0x8001A55A] -> 0x6666
[2277] [M]: 0x8001A558 (0x666665B7) lui a1, 419430
x11 <- 0x66666000


mem[X,0x8001A55C] -> 0x8593
mem[X,0x8001A55E] -> 0x6655
[2278] [M]: 0x8001A55C (0x66558593) addi a1, a1, 1637
x11 <- 0x66666665


mem[X,0x8001A560] -> 0x0193
mem[X,0x8001A562] -> 0x0000
[2279] [M]: 0x8001A560 (0x00000193) addi gp, zero, 0
x3 <- 0x00000000


mem[X,0x8001A564] -> 0x006F
mem[X,0x8001A566] -> 0x00C0
[2280] [M]: 0x8001A564 (0x00C0006F) jal zero, 12


mem[X,0x8001A570] -> 0x7663
mem[X,0x8001A572] -> 0x00B5
[2281] [M]: 0x8001A570 (0x00B57663) bgeu a0, a1, 12


mem[X,0x8001A57C] -> 0x8193
mem[X,0x8001A57E] -> 0x0031
[2282] [M]: 0x8001A57C (0x00318193) addi gp, gp, 3
x3 <- 0x00000003


mem[X,0x8001A580] -> 0x006F
mem[X,0x8001A582] -> 0x0040
[2283] [M]: 0x8001A580 (0x0040006F) jal zero, 4


mem[X,0x8001A584] -> 0x2C23
mem[X,0x8001A586] -> 0x3631
[2284] [M]: 0x8001A584 (0x36312C23) sw gp, 888(sp)
mem[0x8004B4DC] <- 0x00000003


mem[X,0x8001A588] -> 0x6537
mem[X,0x8001A58A] -> 0x6666
[2285] [M]: 0x8001A588 (0x66666537) lui a0, 419430
x10 <- 0x66666000


mem[X,0x8001A58C] -> 0x0513
mem[X,0x8001A58E] -> 0x6665
[2286] [M]: 0x8001A58C (0x66650513) addi a0, a0, 1638
x10 <- 0x66666666


mem[X,0x8001A590] -> 0xB5B7
mem[X,0x8001A592] -> 0x0000
[2287] [M]: 0x8001A590 (0x0000B5B7) lui a1, 11
x11 <- 0x0000B000


mem[X,0x8001A594] -> 0x8593
mem[X,0x8001A596] -> 0x5035
[2288] [M]: 0x8001A594 (0x50358593) addi a1, a1, 1283
x11 <- 0x0000B503


mem[X,0x8001A598] -> 0x0193
mem[X,0x8001A59A] -> 0x0000
[2289] [M]: 0x8001A598 (0x00000193) addi gp, zero, 0
x3 <- 0x00000000


mem[X,0x8001A59C] -> 0x006F
mem[X,0x8001A59E] -> 0x00C0
[2290] [M]: 0x8001A59C (0x00C0006F) jal zero, 12


mem[X,0x8001A5A8] -> 0x7063
mem[X,0x8001A5AA] -> 0x20B5
[2291] [M]: 0x8001A5A8 (0x20B57063) bgeu a0, a1, 512


mem[X,0x8001A7A8] -> 0x8193
mem[X,0x8001A7AA] -> 0x0031
[2292] [M]: 0x8001A7A8 (0x00318193) addi gp, gp, 3
x3 <- 0x00000003


mem[X,0x8001A7AC] -> 0x006F
mem[X,0x8001A7AE] -> 0x0040
[2293] [M]: 0x8001A7AC (0x0040006F) jal zero, 4


mem[X,0x8001A7B0] -> 0x2E23
mem[X,0x8001A7B2] -> 0x3631
[2294] [M]: 0x8001A7B0 (0x36312E23) sw gp, 892(sp)
mem[0x8004B4E0] <- 0x00000003


mem[X,0x8001A7B4] -> 0x6537
mem[X,0x8001A7B6] -> 0x6666
[2295] [M]: 0x8001A7B4 (0x66666537) lui a0, 419430
x10 <- 0x66666000


mem[X,0x8001A7B8] -> 0x0513
mem[X,0x8001A7BA] -> 0x6665
[2296] [M]: 0x8001A7B8 (0x66650513) addi a0, a0, 1638
x10 <- 0x66666666


mem[X,0x8001A7BC] -> 0x05B7
mem[X,0x8001A7BE] -> 0x0001
[2297] [M]: 0x8001A7BC (0x000105B7) lui a1, 16
x11 <- 0x00010000


mem[X,0x8001A7C0] -> 0x8593
mem[X,0x8001A7C2] -> 0xFFE5
[2298] [M]: 0x8001A7C0 (0xFFE58593) addi a1, a1, 4094
x11 <- 0x0000FFFE


mem[X,0x8001A7C4] -> 0x0193
mem[X,0x8001A7C6] -> 0x0000
[2299] [M]: 0x8001A7C4 (0x00000193) addi gp, zero, 0
x3 <- 0x00000000


clint::tick mtime <- 0x0000000000000017
 clint timer pending at mtime 0x0000000000000017
htif::tick 0x0000000000000000
mem[X,0x8001A7C8] -> 0x006F
mem[X,0x8001A7CA] -> 0x00C0
[2300] [M]: 0x8001A7C8 (0x00C0006F) jal zero, 12


mem[X,0x8001A7D4] -> 0x7663
mem[X,0x8001A7D6] -> 0x00B5
[2301] [M]: 0x8001A7D4 (0x00B57663) bgeu a0, a1, 12


mem[X,0x8001A7E0] -> 0x8193
mem[X,0x8001A7E2] -> 0x0031
[2302] [M]: 0x8001A7E0 (0x00318193) addi gp, gp, 3
x3 <- 0x00000003


mem[X,0x8001A7E4] -> 0x006F
mem[X,0x8001A7E6] -> 0x0040
[2303] [M]: 0x8001A7E4 (0x0040006F) jal zero, 4


mem[X,0x8001A7E8] -> 0x2023
mem[X,0x8001A7EA] -> 0x3831
[2304] [M]: 0x8001A7E8 (0x38312023) sw gp, 896(sp)
mem[0x8004B4E4] <- 0x00000003


mem[X,0x8001A7EC] -> 0x6537
mem[X,0x8001A7EE] -> 0x6666
[2305] [M]: 0x8001A7EC (0x66666537) lui a0, 419430
x10 <- 0x66666000


mem[X,0x8001A7F0] -> 0x0513
mem[X,0x8001A7F2] -> 0x6665
[2306] [M]: 0x8001A7F0 (0x66650513) addi a0, a0, 1638
x10 <- 0x66666666


mem[X,0x8001A7F4] -> 0x55B7
mem[X,0x8001A7F6] -> 0x5555
[2307] [M]: 0x8001A7F4 (0x555555B7) lui a1, 349525
x11 <- 0x55555000


mem[X,0x8001A7F8] -> 0x8593
mem[X,0x8001A7FA] -> 0x5565
[2308] [M]: 0x8001A7F8 (0x55658593) addi a1, a1, 1366
x11 <- 0x55555556


mem[X,0x8001A7FC] -> 0x0193
mem[X,0x8001A7FE] -> 0x0000
[2309] [M]: 0x8001A7FC (0x00000193) addi gp, zero, 0
x3 <- 0x00000000


mem[X,0x8001A800] -> 0x006F
mem[X,0x8001A802] -> 0x0050
[2310] [M]: 0x8001A800 (0x0050006F) jal zero, 2052


mem[X,0x8001B004] -> 0x70E3
mem[X,0x8001B006] -> 0x80B5
[2311] [M]: 0x8001B004 (0x80B570E3) bgeu a0, a1, 6144


mem[X,0x8001A804] -> 0x8193
mem[X,0x8001A806] -> 0x0011
[2312] [M]: 0x8001A804 (0x00118193) addi gp, gp, 1
x3 <- 0x00000001


mem[X,0x8001A808] -> 0x006F
mem[X,0x8001A80A] -> 0x0110
[2313] [M]: 0x8001A808 (0x0110006F) jal zero, 2064


mem[X,0x8001B018] -> 0x2223
mem[X,0x8001B01A] -> 0x3831
[2314] [M]: 0x8001B018 (0x38312223) sw gp, 900(sp)
mem[0x8004B4E8] <- 0x00000001


mem[X,0x8001B01C] -> 0x6537
mem[X,0x8001B01E] -> 0x6666
[2315] [M]: 0x8001B01C (0x66666537) lui a0, 419430
x10 <- 0x66666000


mem[X,0x8001B020] -> 0x0513
mem[X,0x8001B022] -> 0x6665
[2316] [M]: 0x8001B020 (0x66650513) addi a0, a0, 1638
x10 <- 0x66666666


mem[X,0x8001B024] -> 0xB5B7
mem[X,0x8001B026] -> 0xAAAA
[2317] [M]: 0x8001B024 (0xAAAAB5B7) lui a1, 699051
x11 <- 0xAAAAB000


mem[X,0x8001B028] -> 0x8593
mem[X,0x8001B02A] -> 0xAAB5
[2318] [M]: 0x8001B028 (0xAAB58593) addi a1, a1, 2731
x11 <- 0xAAAAAAAB


mem[X,0x8001B02C] -> 0x0193
mem[X,0x8001B02E] -> 0x0000
[2319] [M]: 0x8001B02C (0x00000193) addi gp, zero, 0
x3 <- 0x00000000


mem[X,0x8001B030] -> 0x006F
mem[X,0x8001B032] -> 0x00C0
[2320] [M]: 0x8001B030 (0x00C0006F) jal zero, 12


mem[X,0x8001B03C] -> 0x7663
mem[X,0x8001B03E] -> 0x00B5
[2321] [M]: 0x8001B03C (0x00B57663) bgeu a0, a1, 12


mem[X,0x8001B040] -> 0x8193
mem[X,0x8001B042] -> 0x0021
[2322] [M]: 0x8001B040 (0x00218193) addi gp, gp, 2
x3 <- 0x00000002


mem[X,0x8001B044] -> 0x006F
mem[X,0x8001B046] -> 0x00C0
[2323] [M]: 0x8001B044 (0x00C0006F) jal zero, 12


mem[X,0x8001B050] -> 0x2423
mem[X,0x8001B052] -> 0x3831
[2324] [M]: 0x8001B050 (0x38312423) sw gp, 904(sp)
mem[0x8004B4EC] <- 0x00000002


mem[X,0x8001B054] -> 0x6537
mem[X,0x8001B056] -> 0x6666
[2325] [M]: 0x8001B054 (0x66666537) lui a0, 419430
x10 <- 0x66666000


mem[X,0x8001B058] -> 0x0513
mem[X,0x8001B05A] -> 0x6665
[2326] [M]: 0x8001B058 (0x66650513) addi a0, a0, 1638
x10 <- 0x66666666


mem[X,0x8001B05C] -> 0x0593
mem[X,0x8001B05E] -> 0x0060
[2327] [M]: 0x8001B05C (0x00600593) addi a1, zero, 6
x11 <- 0x00000006


mem[X,0x8001B060] -> 0x0193
mem[X,0x8001B062] -> 0x0000
[2328] [M]: 0x8001B060 (0x00000193) addi gp, zero, 0
x3 <- 0x00000000


mem[X,0x8001B064] -> 0x006F
mem[X,0x8001B066] -> 0x00C0
[2329] [M]: 0x8001B064 (0x00C0006F) jal zero, 12


mem[X,0x8001B070] -> 0x7063
mem[X,0x8001B072] -> 0x20B5
[2330] [M]: 0x8001B070 (0x20B57063) bgeu a0, a1, 512


mem[X,0x8001B270] -> 0x8193
mem[X,0x8001B272] -> 0x0031
[2331] [M]: 0x8001B270 (0x00318193) addi gp, gp, 3
x3 <- 0x00000003


mem[X,0x8001B274] -> 0x006F
mem[X,0x8001B276] -> 0x0040
[2332] [M]: 0x8001B274 (0x0040006F) jal zero, 4


mem[X,0x8001B278] -> 0x2623
mem[X,0x8001B27A] -> 0x3831
[2333] [M]: 0x8001B278 (0x38312623) sw gp, 908(sp)
mem[0x8004B4F0] <- 0x00000003


mem[X,0x8001B27C] -> 0x6537
mem[X,0x8001B27E] -> 0x6666
[2334] [M]: 0x8001B27C (0x66666537) lui a0, 419430
x10 <- 0x66666000


mem[X,0x8001B280] -> 0x0513
mem[X,0x8001B282] -> 0x6665
[2335] [M]: 0x8001B280 (0x66650513) addi a0, a0, 1638
x10 <- 0x66666666


mem[X,0x8001B284] -> 0x35B7
mem[X,0x8001B286] -> 0x3333
[2336] [M]: 0x8001B284 (0x333335B7) lui a1, 209715
x11 <- 0x33333000


mem[X,0x8001B288] -> 0x8593
mem[X,0x8001B28A] -> 0x3345
[2337] [M]: 0x8001B288 (0x33458593) addi a1, a1, 820
x11 <- 0x33333334


mem[X,0x8001B28C] -> 0x0193
mem[X,0x8001B28E] -> 0x0000
[2338] [M]: 0x8001B28C (0x00000193) addi gp, zero, 0
x3 <- 0x00000000


mem[X,0x8001B290] -> 0x006F
mem[X,0x8001B292] -> 0x00C0
[2339] [M]: 0x8001B290 (0x00C0006F) jal zero, 12


mem[X,0x8001B29C] -> 0x7CE3
mem[X,0x8001B29E] -> 0xFEB5
[2340] [M]: 0x8001B29C (0xFEB57CE3) bgeu a0, a1, 8184


mem[X,0x8001B294] -> 0x8193
mem[X,0x8001B296] -> 0x0011
[2341] [M]: 0x8001B294 (0x00118193) addi gp, gp, 1
x3 <- 0x00000001


mem[X,0x8001B298] -> 0x006F
mem[X,0x8001B29A] -> 0x0180
[2342] [M]: 0x8001B298 (0x0180006F) jal zero, 24


mem[X,0x8001B2B0] -> 0x2823
mem[X,0x8001B2B2] -> 0x3831
[2343] [M]: 0x8001B2B0 (0x38312823) sw gp, 912(sp)
mem[0x8004B4F4] <- 0x00000001


mem[X,0x8001B2B4] -> 0x6537
mem[X,0x8001B2B6] -> 0x6666
[2344] [M]: 0x8001B2B4 (0x66666537) lui a0, 419430
x10 <- 0x66666000


mem[X,0x8001B2B8] -> 0x0513
mem[X,0x8001B2BA] -> 0x6665
[2345] [M]: 0x8001B2B8 (0x66650513) addi a0, a0, 1638
x10 <- 0x66666666


mem[X,0x8001B2BC] -> 0x65B7
mem[X,0x8001B2BE] -> 0x6666
[2346] [M]: 0x8001B2BC (0x666665B7) lui a1, 419430
x11 <- 0x66666000


mem[X,0x8001B2C0] -> 0x8593
mem[X,0x8001B2C2] -> 0x6675
[2347] [M]: 0x8001B2C0 (0x66758593) addi a1, a1, 1639
x11 <- 0x66666667


mem[X,0x8001B2C4] -> 0x0193
mem[X,0x8001B2C6] -> 0x0000
[2348] [M]: 0x8001B2C4 (0x00000193) addi gp, zero, 0
x3 <- 0x00000000


mem[X,0x8001B2C8] -> 0x006F
mem[X,0x8001B2CA] -> 0x00C0
[2349] [M]: 0x8001B2C8 (0x00C0006F) jal zero, 12


mem[X,0x8001B2D4] -> 0x7863
mem[X,0x8001B2D6] -> 0x00B5
[2350] [M]: 0x8001B2D4 (0x00B57863) bgeu a0, a1, 16


mem[X,0x8001B2D8] -> 0x8193
mem[X,0x8001B2DA] -> 0x0021
[2351] [M]: 0x8001B2D8 (0x00218193) addi gp, gp, 2
x3 <- 0x00000002


mem[X,0x8001B2DC] -> 0x006F
mem[X,0x8001B2DE] -> 0x0100
[2352] [M]: 0x8001B2DC (0x0100006F) jal zero, 16


mem[X,0x8001B2EC] -> 0x2A23
mem[X,0x8001B2EE] -> 0x3831
[2353] [M]: 0x8001B2EC (0x38312A23) sw gp, 916(sp)
mem[0x8004B4F8] <- 0x00000002


mem[X,0x8001B2F0] -> 0x6537
mem[X,0x8001B2F2] -> 0x6666
[2354] [M]: 0x8001B2F0 (0x66666537) lui a0, 419430
x10 <- 0x66666000


mem[X,0x8001B2F4] -> 0x0513
mem[X,0x8001B2F6] -> 0x6665
[2355] [M]: 0x8001B2F4 (0x66650513) addi a0, a0, 1638
x10 <- 0x66666666


mem[X,0x8001B2F8] -> 0xB5B7
mem[X,0x8001B2FA] -> 0x0000
[2356] [M]: 0x8001B2F8 (0x0000B5B7) lui a1, 11
x11 <- 0x0000B000


mem[X,0x8001B2FC] -> 0x8593
mem[X,0x8001B2FE] -> 0x5055
[2357] [M]: 0x8001B2FC (0x50558593) addi a1, a1, 1285
x11 <- 0x0000B505


mem[X,0x8001B300] -> 0x0193
mem[X,0x8001B302] -> 0x0000
[2358] [M]: 0x8001B300 (0x00000193) addi gp, zero, 0
x3 <- 0x00000000


mem[X,0x8001B304] -> 0x006F
mem[X,0x8001B306] -> 0x0180
[2359] [M]: 0x8001B304 (0x0180006F) jal zero, 24


mem[X,0x8001B31C] -> 0x76E3
mem[X,0x8001B31E] -> 0xFEB5
[2360] [M]: 0x8001B31C (0xFEB576E3) bgeu a0, a1, 8172


mem[X,0x8001B308] -> 0x8193
mem[X,0x8001B30A] -> 0x0011
[2361] [M]: 0x8001B308 (0x00118193) addi gp, gp, 1
x3 <- 0x00000001


mem[X,0x8001B30C] -> 0x006F
mem[X,0x8001B30E] -> 0x0240
[2362] [M]: 0x8001B30C (0x0240006F) jal zero, 36


mem[X,0x8001B330] -> 0x2C23
mem[X,0x8001B332] -> 0x3831
[2363] [M]: 0x8001B330 (0x38312C23) sw gp, 920(sp)
mem[0x8004B4FC] <- 0x00000001


mem[X,0x8001B334] -> 0x6537
mem[X,0x8001B336] -> 0x6666
[2364] [M]: 0x8001B334 (0x66666537) lui a0, 419430
x10 <- 0x66666000


mem[X,0x8001B338] -> 0x0513
mem[X,0x8001B33A] -> 0x6665
[2365] [M]: 0x8001B338 (0x66650513) addi a0, a0, 1638
x10 <- 0x66666666


mem[X,0x8001B33C] -> 0x0593
mem[X,0x8001B33E] -> 0x0010
[2366] [M]: 0x8001B33C (0x00100593) addi a1, zero, 1
x11 <- 0x00000001


mem[X,0x8001B340] -> 0x0193
mem[X,0x8001B342] -> 0x0000
[2367] [M]: 0x8001B340 (0x00000193) addi gp, zero, 0
x3 <- 0x00000000


mem[X,0x8001B344] -> 0x006F
mem[X,0x8001B346] -> 0x0140
[2368] [M]: 0x8001B344 (0x0140006F) jal zero, 20


mem[X,0x8001B358] -> 0x78E3
mem[X,0x8001B35A] -> 0xFEB5
[2369] [M]: 0x8001B358 (0xFEB578E3) bgeu a0, a1, 8176


mem[X,0x8001B348] -> 0x8193
mem[X,0x8001B34A] -> 0x0011
[2370] [M]: 0x8001B348 (0x00118193) addi gp, gp, 1
x3 <- 0x00000001


mem[X,0x8001B34C] -> 0x006F
mem[X,0x8001B34E] -> 0x0200
[2371] [M]: 0x8001B34C (0x0200006F) jal zero, 32


mem[X,0x8001B36C] -> 0x2E23
mem[X,0x8001B36E] -> 0x3831
[2372] [M]: 0x8001B36C (0x38312E23) sw gp, 924(sp)
mem[0x8004B500] <- 0x00000001


mem[X,0x8001B370] -> 0x6537
mem[X,0x8001B372] -> 0x6666
[2373] [M]: 0x8001B370 (0x66666537) lui a0, 419430
x10 <- 0x66666000


mem[X,0x8001B374] -> 0x0513
mem[X,0x8001B376] -> 0x6665
[2374] [M]: 0x8001B374 (0x66650513) addi a0, a0, 1638
x10 <- 0x66666666


mem[X,0x8001B378] -> 0x05B7
mem[X,0x8001B37A] -> 0x0001
[2375] [M]: 0x8001B378 (0x000105B7) lui a1, 16
x11 <- 0x00010000


mem[X,0x8001B37C] -> 0x0193
mem[X,0x8001B37E] -> 0x0000
[2376] [M]: 0x8001B37C (0x00000193) addi gp, zero, 0
x3 <- 0x00000000


mem[X,0x8001B380] -> 0x006F
mem[X,0x8001B382] -> 0x00C0
[2377] [M]: 0x8001B380 (0x00C0006F) jal zero, 12


mem[X,0x8001B38C] -> 0x7063
mem[X,0x8001B38E] -> 0x10B5
[2378] [M]: 0x8001B38C (0x10B57063) bgeu a0, a1, 256


mem[X,0x8001B48C] -> 0x8193
mem[X,0x8001B48E] -> 0x0031
[2379] [M]: 0x8001B48C (0x00318193) addi gp, gp, 3
x3 <- 0x00000003


mem[X,0x8001B490] -> 0x006F
mem[X,0x8001B492] -> 0x0040
[2380] [M]: 0x8001B490 (0x0040006F) jal zero, 4


mem[X,0x8001B494] -> 0x2023
mem[X,0x8001B496] -> 0x3A31
[2381] [M]: 0x8001B494 (0x3A312023) sw gp, 928(sp)
mem[0x8004B504] <- 0x00000003


mem[X,0x8001B498] -> 0xB537
mem[X,0x8001B49A] -> 0x0000
[2382] [M]: 0x8001B498 (0x0000B537) lui a0, 11
x10 <- 0x0000B000


mem[X,0x8001B49C] -> 0x0513
mem[X,0x8001B49E] -> 0x5045
[2383] [M]: 0x8001B49C (0x50450513) addi a0, a0, 1284
x10 <- 0x0000B504


mem[X,0x8001B4A0] -> 0x0593
mem[X,0x8001B4A2] -> 0x0030
[2384] [M]: 0x8001B4A0 (0x00300593) addi a1, zero, 3
x11 <- 0x00000003


mem[X,0x8001B4A4] -> 0x0193
mem[X,0x8001B4A6] -> 0x0000
[2385] [M]: 0x8001B4A4 (0x00000193) addi gp, zero, 0
x3 <- 0x00000000


mem[X,0x8001B4A8] -> 0x006F
mem[X,0x8001B4AA] -> 0x00C0
[2386] [M]: 0x8001B4A8 (0x00C0006F) jal zero, 12


mem[X,0x8001B4B4] -> 0x7663
mem[X,0x8001B4B6] -> 0x00B5
[2387] [M]: 0x8001B4B4 (0x00B57663) bgeu a0, a1, 12


mem[X,0x8001B4C0] -> 0x8193
mem[X,0x8001B4C2] -> 0x0031
[2388] [M]: 0x8001B4C0 (0x00318193) addi gp, gp, 3
x3 <- 0x00000003


mem[X,0x8001B4C4] -> 0x006F
mem[X,0x8001B4C6] -> 0x0040
[2389] [M]: 0x8001B4C4 (0x0040006F) jal zero, 4


mem[X,0x8001B4C8] -> 0x2223
mem[X,0x8001B4CA] -> 0x3A31
[2390] [M]: 0x8001B4C8 (0x3A312223) sw gp, 932(sp)
mem[0x8004B508] <- 0x00000003


mem[X,0x8001B4CC] -> 0xB537
mem[X,0x8001B4CE] -> 0x0000
[2391] [M]: 0x8001B4CC (0x0000B537) lui a0, 11
x10 <- 0x0000B000


mem[X,0x8001B4D0] -> 0x0513
mem[X,0x8001B4D2] -> 0x5045
[2392] [M]: 0x8001B4D0 (0x50450513) addi a0, a0, 1284
x10 <- 0x0000B504


mem[X,0x8001B4D4] -> 0x55B7
mem[X,0x8001B4D6] -> 0x5555
[2393] [M]: 0x8001B4D4 (0x555555B7) lui a1, 349525
x11 <- 0x55555000


mem[X,0x8001B4D8] -> 0x8593
mem[X,0x8001B4DA] -> 0x5555
[2394] [M]: 0x8001B4D8 (0x55558593) addi a1, a1, 1365
x11 <- 0x55555555


mem[X,0x8001B4DC] -> 0x0193
mem[X,0x8001B4DE] -> 0x0000
[2395] [M]: 0x8001B4DC (0x00000193) addi gp, zero, 0
x3 <- 0x00000000


mem[X,0x8001B4E0] -> 0x006F
mem[X,0x8001B4E2] -> 0x00C0
[2396] [M]: 0x8001B4E0 (0x00C0006F) jal zero, 12


mem[X,0x8001B4EC] -> 0x7063
mem[X,0x8001B4EE] -> 0x04B5
[2397] [M]: 0x8001B4EC (0x04B57063) bgeu a0, a1, 64


mem[X,0x8001B4F0] -> 0x8193
mem[X,0x8001B4F2] -> 0x0021
[2398] [M]: 0x8001B4F0 (0x00218193) addi gp, gp, 2
x3 <- 0x00000002


mem[X,0x8001B4F4] -> 0x006F
mem[X,0x8001B4F6] -> 0x0400
[2399] [M]: 0x8001B4F4 (0x0400006F) jal zero, 64


clint::tick mtime <- 0x0000000000000018
 clint timer pending at mtime 0x0000000000000018
htif::tick 0x0000000000000000
mem[X,0x8001B534] -> 0x2423
mem[X,0x8001B536] -> 0x3A31
[2400] [M]: 0x8001B534 (0x3A312423) sw gp, 936(sp)
mem[0x8004B50C] <- 0x00000002


mem[X,0x8001B538] -> 0xB537
mem[X,0x8001B53A] -> 0x0000
[2401] [M]: 0x8001B538 (0x0000B537) lui a0, 11
x10 <- 0x0000B000


mem[X,0x8001B53C] -> 0x0513
mem[X,0x8001B53E] -> 0x5045
[2402] [M]: 0x8001B53C (0x50450513) addi a0, a0, 1284
x10 <- 0x0000B504


mem[X,0x8001B540] -> 0xB5B7
mem[X,0x8001B542] -> 0xAAAA
[2403] [M]: 0x8001B540 (0xAAAAB5B7) lui a1, 699051
x11 <- 0xAAAAB000


mem[X,0x8001B544] -> 0x8593
mem[X,0x8001B546] -> 0xAAA5
[2404] [M]: 0x8001B544 (0xAAA58593) addi a1, a1, 2730
x11 <- 0xAAAAAAAA


mem[X,0x8001B548] -> 0x0193
mem[X,0x8001B54A] -> 0x0000
[2405] [M]: 0x8001B548 (0x00000193) addi gp, zero, 0
x3 <- 0x00000000


mem[X,0x8001B54C] -> 0x006F
mem[X,0x8001B54E] -> 0x00C0
[2406] [M]: 0x8001B54C (0x00C0006F) jal zero, 12


mem[X,0x8001B558] -> 0x7663
mem[X,0x8001B55A] -> 0x00B5
[2407] [M]: 0x8001B558 (0x00B57663) bgeu a0, a1, 12


mem[X,0x8001B55C] -> 0x8193
mem[X,0x8001B55E] -> 0x0021
[2408] [M]: 0x8001B55C (0x00218193) addi gp, gp, 2
x3 <- 0x00000002


mem[X,0x8001B560] -> 0x006F
mem[X,0x8001B562] -> 0x00C0
[2409] [M]: 0x8001B560 (0x00C0006F) jal zero, 12


mem[X,0x8001B56C] -> 0x2623
mem[X,0x8001B56E] -> 0x3A31
[2410] [M]: 0x8001B56C (0x3A312623) sw gp, 940(sp)
mem[0x8004B510] <- 0x00000002


mem[X,0x8001B570] -> 0xB537
mem[X,0x8001B572] -> 0x0000
[2411] [M]: 0x8001B570 (0x0000B537) lui a0, 11
x10 <- 0x0000B000


mem[X,0x8001B574] -> 0x0513
mem[X,0x8001B576] -> 0x5045
[2412] [M]: 0x8001B574 (0x50450513) addi a0, a0, 1284
x10 <- 0x0000B504


mem[X,0x8001B578] -> 0x0593
mem[X,0x8001B57A] -> 0x0050
[2413] [M]: 0x8001B578 (0x00500593) addi a1, zero, 5
x11 <- 0x00000005


mem[X,0x8001B57C] -> 0x0193
mem[X,0x8001B57E] -> 0x0000
[2414] [M]: 0x8001B57C (0x00000193) addi gp, zero, 0
x3 <- 0x00000000


mem[X,0x8001B580] -> 0x006F
mem[X,0x8001B582] -> 0x00C0
[2415] [M]: 0x8001B580 (0x00C0006F) jal zero, 12


mem[X,0x8001B58C] -> 0x7063
mem[X,0x8001B58E] -> 0x02B5
[2416] [M]: 0x8001B58C (0x02B57063) bgeu a0, a1, 32


mem[X,0x8001B5AC] -> 0x8193
mem[X,0x8001B5AE] -> 0x0031
[2417] [M]: 0x8001B5AC (0x00318193) addi gp, gp, 3
x3 <- 0x00000003


mem[X,0x8001B5B0] -> 0x006F
mem[X,0x8001B5B2] -> 0x0040
[2418] [M]: 0x8001B5B0 (0x0040006F) jal zero, 4


mem[X,0x8001B5B4] -> 0x2823
mem[X,0x8001B5B6] -> 0x3A31
[2419] [M]: 0x8001B5B4 (0x3A312823) sw gp, 944(sp)
mem[0x8004B514] <- 0x00000003


mem[X,0x8001B5B8] -> 0xB537
mem[X,0x8001B5BA] -> 0x0000
[2420] [M]: 0x8001B5B8 (0x0000B537) lui a0, 11
x10 <- 0x0000B000


mem[X,0x8001B5BC] -> 0x0513
mem[X,0x8001B5BE] -> 0x5045
[2421] [M]: 0x8001B5BC (0x50450513) addi a0, a0, 1284
x10 <- 0x0000B504


mem[X,0x8001B5C0] -> 0x35B7
mem[X,0x8001B5C2] -> 0x3333
[2422] [M]: 0x8001B5C0 (0x333335B7) lui a1, 209715
x11 <- 0x33333000


mem[X,0x8001B5C4] -> 0x8593
mem[X,0x8001B5C6] -> 0x3335
[2423] [M]: 0x8001B5C4 (0x33358593) addi a1, a1, 819
x11 <- 0x33333333


mem[X,0x8001B5C8] -> 0x0193
mem[X,0x8001B5CA] -> 0x0000
[2424] [M]: 0x8001B5C8 (0x00000193) addi gp, zero, 0
x3 <- 0x00000000


mem[X,0x8001B5CC] -> 0x006F
mem[X,0x8001B5CE] -> 0x00C0
[2425] [M]: 0x8001B5CC (0x00C0006F) jal zero, 12


mem[X,0x8001B5D8] -> 0x7063
mem[X,0x8001B5DA] -> 0x20B5
[2426] [M]: 0x8001B5D8 (0x20B57063) bgeu a0, a1, 512


mem[X,0x8001B5DC] -> 0x8193
mem[X,0x8001B5DE] -> 0x0021
[2427] [M]: 0x8001B5DC (0x00218193) addi gp, gp, 2
x3 <- 0x00000002


mem[X,0x8001B5E0] -> 0x006F
mem[X,0x8001B5E2] -> 0x2000
[2428] [M]: 0x8001B5E0 (0x2000006F) jal zero, 512


mem[X,0x8001B7E0] -> 0x2A23
mem[X,0x8001B7E2] -> 0x3A31
[2429] [M]: 0x8001B7E0 (0x3A312A23) sw gp, 948(sp)
mem[0x8004B518] <- 0x00000002


mem[X,0x8001B7E4] -> 0xB537
mem[X,0x8001B7E6] -> 0x0000
[2430] [M]: 0x8001B7E4 (0x0000B537) lui a0, 11
x10 <- 0x0000B000


mem[X,0x8001B7E8] -> 0x0513
mem[X,0x8001B7EA] -> 0x5045
[2431] [M]: 0x8001B7E8 (0x50450513) addi a0, a0, 1284
x10 <- 0x0000B504


mem[X,0x8001B7EC] -> 0x65B7
mem[X,0x8001B7EE] -> 0x6666
[2432] [M]: 0x8001B7EC (0x666665B7) lui a1, 419430
x11 <- 0x66666000


mem[X,0x8001B7F0] -> 0x8593
mem[X,0x8001B7F2] -> 0x6665
[2433] [M]: 0x8001B7F0 (0x66658593) addi a1, a1, 1638
x11 <- 0x66666666


mem[X,0x8001B7F4] -> 0x0193
mem[X,0x8001B7F6] -> 0x0000
[2434] [M]: 0x8001B7F4 (0x00000193) addi gp, zero, 0
x3 <- 0x00000000


mem[X,0x8001B7F8] -> 0x006F
mem[X,0x8001B7FA] -> 0x00C0
[2435] [M]: 0x8001B7F8 (0x00C0006F) jal zero, 12


mem[X,0x8001B804] -> 0x7663
mem[X,0x8001B806] -> 0x00B5
[2436] [M]: 0x8001B804 (0x00B57663) bgeu a0, a1, 12


mem[X,0x8001B808] -> 0x8193
mem[X,0x8001B80A] -> 0x0021
[2437] [M]: 0x8001B808 (0x00218193) addi gp, gp, 2
x3 <- 0x00000002


mem[X,0x8001B80C] -> 0x006F
mem[X,0x8001B80E] -> 0x00C0
[2438] [M]: 0x8001B80C (0x00C0006F) jal zero, 12


mem[X,0x8001B818] -> 0x2C23
mem[X,0x8001B81A] -> 0x3A31
[2439] [M]: 0x8001B818 (0x3A312C23) sw gp, 952(sp)
mem[0x8004B51C] <- 0x00000002


mem[X,0x8001B81C] -> 0xB537
mem[X,0x8001B81E] -> 0x0000
[2440] [M]: 0x8001B81C (0x0000B537) lui a0, 11
x10 <- 0x0000B000


mem[X,0x8001B820] -> 0x0513
mem[X,0x8001B822] -> 0x5045
[2441] [M]: 0x8001B820 (0x50450513) addi a0, a0, 1284
x10 <- 0x0000B504


mem[X,0x8001B824] -> 0xB5B7
mem[X,0x8001B826] -> 0x0000
[2442] [M]: 0x8001B824 (0x0000B5B7) lui a1, 11
x11 <- 0x0000B000


mem[X,0x8001B828] -> 0x8593
mem[X,0x8001B82A] -> 0x5045
[2443] [M]: 0x8001B828 (0x50458593) addi a1, a1, 1284
x11 <- 0x0000B504


mem[X,0x8001B82C] -> 0x0193
mem[X,0x8001B82E] -> 0x0000
[2444] [M]: 0x8001B82C (0x00000193) addi gp, zero, 0
x3 <- 0x00000000


mem[X,0x8001B830] -> 0x006F
mem[X,0x8001B832] -> 0x00C0
[2445] [M]: 0x8001B830 (0x00C0006F) jal zero, 12


mem[X,0x8001B83C] -> 0x7663
mem[X,0x8001B83E] -> 0x00B5
[2446] [M]: 0x8001B83C (0x00B57663) bgeu a0, a1, 12


mem[X,0x8001B848] -> 0x8193
mem[X,0x8001B84A] -> 0x0031
[2447] [M]: 0x8001B848 (0x00318193) addi gp, gp, 3
x3 <- 0x00000003


mem[X,0x8001B84C] -> 0x006F
mem[X,0x8001B84E] -> 0x0040
[2448] [M]: 0x8001B84C (0x0040006F) jal zero, 4


mem[X,0x8001B850] -> 0x2E23
mem[X,0x8001B852] -> 0x3A31
[2449] [M]: 0x8001B850 (0x3A312E23) sw gp, 956(sp)
mem[0x8004B520] <- 0x00000003


mem[X,0x8001B854] -> 0xB537
mem[X,0x8001B856] -> 0x0000
[2450] [M]: 0x8001B854 (0x0000B537) lui a0, 11
x10 <- 0x0000B000


mem[X,0x8001B858] -> 0x0513
mem[X,0x8001B85A] -> 0x5045
[2451] [M]: 0x8001B858 (0x50450513) addi a0, a0, 1284
x10 <- 0x0000B504


mem[X,0x8001B85C] -> 0x0593
mem[X,0x8001B85E] -> 0x0000
[2452] [M]: 0x8001B85C (0x00000593) addi a1, zero, 0
x11 <- 0x00000000


mem[X,0x8001B860] -> 0x0193
mem[X,0x8001B862] -> 0x0000
[2453] [M]: 0x8001B860 (0x00000193) addi gp, zero, 0
x3 <- 0x00000000


mem[X,0x8001B864] -> 0x006F
mem[X,0x8001B866] -> 0x00C0
[2454] [M]: 0x8001B864 (0x00C0006F) jal zero, 12


mem[X,0x8001B870] -> 0x7CE3
mem[X,0x8001B872] -> 0xFEB5
[2455] [M]: 0x8001B870 (0xFEB57CE3) bgeu a0, a1, 8184


mem[X,0x8001B868] -> 0x8193
mem[X,0x8001B86A] -> 0x0011
[2456] [M]: 0x8001B868 (0x00118193) addi gp, gp, 1
x3 <- 0x00000001


mem[X,0x8001B86C] -> 0x006F
mem[X,0x8001B86E] -> 0x0180
[2457] [M]: 0x8001B86C (0x0180006F) jal zero, 24


mem[X,0x8001B884] -> 0x2023
mem[X,0x8001B886] -> 0x3C31
[2458] [M]: 0x8001B884 (0x3C312023) sw gp, 960(sp)
mem[0x8004B524] <- 0x00000001


mem[X,0x8001B888] -> 0xB537
mem[X,0x8001B88A] -> 0x0000
[2459] [M]: 0x8001B888 (0x0000B537) lui a0, 11
x10 <- 0x0000B000


mem[X,0x8001B88C] -> 0x0513
mem[X,0x8001B88E] -> 0x5045
[2460] [M]: 0x8001B88C (0x50450513) addi a0, a0, 1284
x10 <- 0x0000B504


mem[X,0x8001B890] -> 0x05B7
mem[X,0x8001B892] -> 0x0001
[2461] [M]: 0x8001B890 (0x000105B7) lui a1, 16
x11 <- 0x00010000


mem[X,0x8001B894] -> 0x8593
mem[X,0x8001B896] -> 0xFFF5
[2462] [M]: 0x8001B894 (0xFFF58593) addi a1, a1, 4095
x11 <- 0x0000FFFF


mem[X,0x8001B898] -> 0x0193
mem[X,0x8001B89A] -> 0x0000
[2463] [M]: 0x8001B898 (0x00000193) addi gp, zero, 0
x3 <- 0x00000000


mem[X,0x8001B89C] -> 0x006F
mem[X,0x8001B89E] -> 0x00C0
[2464] [M]: 0x8001B89C (0x00C0006F) jal zero, 12


mem[X,0x8001B8A8] -> 0x7063
mem[X,0x8001B8AA] -> 0x02B5
[2465] [M]: 0x8001B8A8 (0x02B57063) bgeu a0, a1, 32


mem[X,0x8001B8AC] -> 0x8193
mem[X,0x8001B8AE] -> 0x0021
[2466] [M]: 0x8001B8AC (0x00218193) addi gp, gp, 2
x3 <- 0x00000002


mem[X,0x8001B8B0] -> 0x006F
mem[X,0x8001B8B2] -> 0x0200
[2467] [M]: 0x8001B8B0 (0x0200006F) jal zero, 32


mem[X,0x8001B8D0] -> 0x2223
mem[X,0x8001B8D2] -> 0x3C31
[2468] [M]: 0x8001B8D0 (0x3C312223) sw gp, 964(sp)
mem[0x8004B528] <- 0x00000002


mem[X,0x8001B8D4] -> 0xB537
mem[X,0x8001B8D6] -> 0x0000
[2469] [M]: 0x8001B8D4 (0x0000B537) lui a0, 11
x10 <- 0x0000B000


mem[X,0x8001B8D8] -> 0x0513
mem[X,0x8001B8DA] -> 0x5045
[2470] [M]: 0x8001B8D8 (0x50450513) addi a0, a0, 1284
x10 <- 0x0000B504


mem[X,0x8001B8DC] -> 0x0593
mem[X,0x8001B8DE] -> 0x0020
[2471] [M]: 0x8001B8DC (0x00200593) addi a1, zero, 2
x11 <- 0x00000002


mem[X,0x8001B8E0] -> 0x0193
mem[X,0x8001B8E2] -> 0x0000
[2472] [M]: 0x8001B8E0 (0x00000193) addi gp, zero, 0
x3 <- 0x00000000


mem[X,0x8001B8E4] -> 0x006F
mem[X,0x8001B8E6] -> 0x00C0
[2473] [M]: 0x8001B8E4 (0x00C0006F) jal zero, 12


mem[X,0x8001B8F0] -> 0x7663
mem[X,0x8001B8F2] -> 0x00B5
[2474] [M]: 0x8001B8F0 (0x00B57663) bgeu a0, a1, 12


mem[X,0x8001B8FC] -> 0x8193
mem[X,0x8001B8FE] -> 0x0031
[2475] [M]: 0x8001B8FC (0x00318193) addi gp, gp, 3
x3 <- 0x00000003


mem[X,0x8001B900] -> 0x006F
mem[X,0x8001B902] -> 0x0040
[2476] [M]: 0x8001B900 (0x0040006F) jal zero, 4


mem[X,0x8001B904] -> 0x2423
mem[X,0x8001B906] -> 0x3C31
[2477] [M]: 0x8001B904 (0x3C312423) sw gp, 968(sp)
mem[0x8004B52C] <- 0x00000003


mem[X,0x8001B908] -> 0xB537
mem[X,0x8001B90A] -> 0x0000
[2478] [M]: 0x8001B908 (0x0000B537) lui a0, 11
x10 <- 0x0000B000


mem[X,0x8001B90C] -> 0x0513
mem[X,0x8001B90E] -> 0x5045
[2479] [M]: 0x8001B90C (0x50450513) addi a0, a0, 1284
x10 <- 0x0000B504


mem[X,0x8001B910] -> 0x55B7
mem[X,0x8001B912] -> 0x5555
[2480] [M]: 0x8001B910 (0x555555B7) lui a1, 349525
x11 <- 0x55555000


mem[X,0x8001B914] -> 0x8593
mem[X,0x8001B916] -> 0x5545
[2481] [M]: 0x8001B914 (0x55458593) addi a1, a1, 1364
x11 <- 0x55555554


mem[X,0x8001B918] -> 0x0193
mem[X,0x8001B91A] -> 0x0000
[2482] [M]: 0x8001B918 (0x00000193) addi gp, zero, 0
x3 <- 0x00000000


mem[X,0x8001B91C] -> 0x006F
mem[X,0x8001B91E] -> 0x00C0
[2483] [M]: 0x8001B91C (0x00C0006F) jal zero, 12


mem[X,0x8001B928] -> 0x7063
mem[X,0x8001B92A] -> 0x40B5
[2484] [M]: 0x8001B928 (0x40B57063) bgeu a0, a1, 1024


mem[X,0x8001B92C] -> 0x8193
mem[X,0x8001B92E] -> 0x0021
[2485] [M]: 0x8001B92C (0x00218193) addi gp, gp, 2
x3 <- 0x00000002


mem[X,0x8001B930] -> 0x006F
mem[X,0x8001B932] -> 0x4000
[2486] [M]: 0x8001B930 (0x4000006F) jal zero, 1024


mem[X,0x8001BD30] -> 0x2623
mem[X,0x8001BD32] -> 0x3C31
[2487] [M]: 0x8001BD30 (0x3C312623) sw gp, 972(sp)
mem[0x8004B530] <- 0x00000002


mem[X,0x8001BD34] -> 0xB537
mem[X,0x8001BD36] -> 0x0000
[2488] [M]: 0x8001BD34 (0x0000B537) lui a0, 11
x10 <- 0x0000B000


mem[X,0x8001BD38] -> 0x0513
mem[X,0x8001BD3A] -> 0x5045
[2489] [M]: 0x8001BD38 (0x50450513) addi a0, a0, 1284
x10 <- 0x0000B504


mem[X,0x8001BD3C] -> 0xB5B7
mem[X,0x8001BD3E] -> 0xAAAA
[2490] [M]: 0x8001BD3C (0xAAAAB5B7) lui a1, 699051
x11 <- 0xAAAAB000


mem[X,0x8001BD40] -> 0x8593
mem[X,0x8001BD42] -> 0xAA95
[2491] [M]: 0x8001BD40 (0xAA958593) addi a1, a1, 2729
x11 <- 0xAAAAAAA9


mem[X,0x8001BD44] -> 0x0193
mem[X,0x8001BD46] -> 0x0000
[2492] [M]: 0x8001BD44 (0x00000193) addi gp, zero, 0
x3 <- 0x00000000


mem[X,0x8001BD48] -> 0x006F
mem[X,0x8001BD4A] -> 0x00C0
[2493] [M]: 0x8001BD48 (0x00C0006F) jal zero, 12


mem[X,0x8001BD54] -> 0x7063
mem[X,0x8001BD56] -> 0x40B5
[2494] [M]: 0x8001BD54 (0x40B57063) bgeu a0, a1, 1024


mem[X,0x8001BD58] -> 0x8193
mem[X,0x8001BD5A] -> 0x0021
[2495] [M]: 0x8001BD58 (0x00218193) addi gp, gp, 2
x3 <- 0x00000002


mem[X,0x8001BD5C] -> 0x006F
mem[X,0x8001BD5E] -> 0x4000
[2496] [M]: 0x8001BD5C (0x4000006F) jal zero, 1024


mem[X,0x8001C15C] -> 0x2823
mem[X,0x8001C15E] -> 0x3C31
[2497] [M]: 0x8001C15C (0x3C312823) sw gp, 976(sp)
mem[0x8004B534] <- 0x00000002


mem[X,0x8001C160] -> 0xB537
mem[X,0x8001C162] -> 0x0000
[2498] [M]: 0x8001C160 (0x0000B537) lui a0, 11
x10 <- 0x0000B000


mem[X,0x8001C164] -> 0x0513
mem[X,0x8001C166] -> 0x5045
[2499] [M]: 0x8001C164 (0x50450513) addi a0, a0, 1284
x10 <- 0x0000B504


clint::tick mtime <- 0x0000000000000019
 clint timer pending at mtime 0x0000000000000019
htif::tick 0x0000000000000000
mem[X,0x8001C168] -> 0x0593
mem[X,0x8001C16A] -> 0x0040
[2500] [M]: 0x8001C168 (0x00400593) addi a1, zero, 4
x11 <- 0x00000004


mem[X,0x8001C16C] -> 0x0193
mem[X,0x8001C16E] -> 0x0000
[2501] [M]: 0x8001C16C (0x00000193) addi gp, zero, 0
x3 <- 0x00000000


mem[X,0x8001C170] -> 0x006F
mem[X,0x8001C172] -> 0x00C0
[2502] [M]: 0x8001C170 (0x00C0006F) jal zero, 12


mem[X,0x8001C17C] -> 0x7CE3
mem[X,0x8001C17E] -> 0xFEB5
[2503] [M]: 0x8001C17C (0xFEB57CE3) bgeu a0, a1, 8184


mem[X,0x8001C174] -> 0x8193
mem[X,0x8001C176] -> 0x0011
[2504] [M]: 0x8001C174 (0x00118193) addi gp, gp, 1
x3 <- 0x00000001


mem[X,0x8001C178] -> 0x006F
mem[X,0x8001C17A] -> 0x0180
[2505] [M]: 0x8001C178 (0x0180006F) jal zero, 24


mem[X,0x8001C190] -> 0x2A23
mem[X,0x8001C192] -> 0x3C31
[2506] [M]: 0x8001C190 (0x3C312A23) sw gp, 980(sp)
mem[0x8004B538] <- 0x00000001


mem[X,0x8001C194] -> 0xB537
mem[X,0x8001C196] -> 0x0000
[2507] [M]: 0x8001C194 (0x0000B537) lui a0, 11
x10 <- 0x0000B000


mem[X,0x8001C198] -> 0x0513
mem[X,0x8001C19A] -> 0x5045
[2508] [M]: 0x8001C198 (0x50450513) addi a0, a0, 1284
x10 <- 0x0000B504


mem[X,0x8001C19C] -> 0x35B7
mem[X,0x8001C19E] -> 0x3333
[2509] [M]: 0x8001C19C (0x333335B7) lui a1, 209715
x11 <- 0x33333000


mem[X,0x8001C1A0] -> 0x8593
mem[X,0x8001C1A2] -> 0x3325
[2510] [M]: 0x8001C1A0 (0x33258593) addi a1, a1, 818
x11 <- 0x33333332


mem[X,0x8001C1A4] -> 0x0193
mem[X,0x8001C1A6] -> 0x0000
[2511] [M]: 0x8001C1A4 (0x00000193) addi gp, zero, 0
x3 <- 0x00000000


mem[X,0x8001C1A8] -> 0x006F
mem[X,0x8001C1AA] -> 0x2B10
[2512] [M]: 0x8001C1A8 (0x2B10006F) jal zero, 2736


mem[X,0x8001CC58] -> 0x7A63
mem[X,0x8001CC5A] -> 0xD4B5
[2513] [M]: 0x8001CC58 (0xD4B57A63) bgeu a0, a1, 5460


mem[X,0x8001CC5C] -> 0x8193
mem[X,0x8001CC5E] -> 0x0021
[2514] [M]: 0x8001CC5C (0x00218193) addi gp, gp, 2
x3 <- 0x00000002


mem[X,0x8001CC60] -> 0x006F
mem[X,0x8001CC62] -> 0x00C0
[2515] [M]: 0x8001CC60 (0x00C0006F) jal zero, 12


mem[X,0x8001CC6C] -> 0x2C23
mem[X,0x8001CC6E] -> 0x3C31
[2516] [M]: 0x8001CC6C (0x3C312C23) sw gp, 984(sp)
mem[0x8004B53C] <- 0x00000002


mem[X,0x8001CC70] -> 0xB537
mem[X,0x8001CC72] -> 0x0000
[2517] [M]: 0x8001CC70 (0x0000B537) lui a0, 11
x10 <- 0x0000B000


mem[X,0x8001CC74] -> 0x0513
mem[X,0x8001CC76] -> 0x5045
[2518] [M]: 0x8001CC74 (0x50450513) addi a0, a0, 1284
x10 <- 0x0000B504


mem[X,0x8001CC78] -> 0x65B7
mem[X,0x8001CC7A] -> 0x6666
[2519] [M]: 0x8001CC78 (0x666665B7) lui a1, 419430
x11 <- 0x66666000


mem[X,0x8001CC7C] -> 0x8593
mem[X,0x8001CC7E] -> 0x6655
[2520] [M]: 0x8001CC7C (0x66558593) addi a1, a1, 1637
x11 <- 0x66666665


mem[X,0x8001CC80] -> 0x0193
mem[X,0x8001CC82] -> 0x0000
[2521] [M]: 0x8001CC80 (0x00000193) addi gp, zero, 0
x3 <- 0x00000000


mem[X,0x8001CC84] -> 0x006F
mem[X,0x8001CC86] -> 0x0100
[2522] [M]: 0x8001CC84 (0x0100006F) jal zero, 16


mem[X,0x8001CC94] -> 0x7AE3
mem[X,0x8001CC96] -> 0xFEB5
[2523] [M]: 0x8001CC94 (0xFEB57AE3) bgeu a0, a1, 8180


mem[X,0x8001CC98] -> 0x8193
mem[X,0x8001CC9A] -> 0x0021
[2524] [M]: 0x8001CC98 (0x00218193) addi gp, gp, 2
x3 <- 0x00000002


mem[X,0x8001CC9C] -> 0x006F
mem[X,0x8001CC9E] -> 0x00C0
[2525] [M]: 0x8001CC9C (0x00C0006F) jal zero, 12


mem[X,0x8001CCA8] -> 0x2E23
mem[X,0x8001CCAA] -> 0x3C31
[2526] [M]: 0x8001CCA8 (0x3C312E23) sw gp, 988(sp)
mem[0x8004B540] <- 0x00000002


mem[X,0x8001CCAC] -> 0xB537
mem[X,0x8001CCAE] -> 0x0000
[2527] [M]: 0x8001CCAC (0x0000B537) lui a0, 11
x10 <- 0x0000B000


mem[X,0x8001CCB0] -> 0x0513
mem[X,0x8001CCB2] -> 0x5045
[2528] [M]: 0x8001CCB0 (0x50450513) addi a0, a0, 1284
x10 <- 0x0000B504


mem[X,0x8001CCB4] -> 0xB5B7
mem[X,0x8001CCB6] -> 0x0000
[2529] [M]: 0x8001CCB4 (0x0000B5B7) lui a1, 11
x11 <- 0x0000B000


mem[X,0x8001CCB8] -> 0x8593
mem[X,0x8001CCBA] -> 0x5035
[2530] [M]: 0x8001CCB8 (0x50358593) addi a1, a1, 1283
x11 <- 0x0000B503


mem[X,0x8001CCBC] -> 0x0193
mem[X,0x8001CCBE] -> 0x0000
[2531] [M]: 0x8001CCBC (0x00000193) addi gp, zero, 0
x3 <- 0x00000000


mem[X,0x8001CCC0] -> 0x006F
mem[X,0x8001CCC2] -> 0x00C0
[2532] [M]: 0x8001CCC0 (0x00C0006F) jal zero, 12


mem[X,0x8001CCCC] -> 0x7CE3
mem[X,0x8001CCCE] -> 0xFEB5
[2533] [M]: 0x8001CCCC (0xFEB57CE3) bgeu a0, a1, 8184


mem[X,0x8001CCC4] -> 0x8193
mem[X,0x8001CCC6] -> 0x0011
[2534] [M]: 0x8001CCC4 (0x00118193) addi gp, gp, 1
x3 <- 0x00000001


mem[X,0x8001CCC8] -> 0x006F
mem[X,0x8001CCCA] -> 0x0180
[2535] [M]: 0x8001CCC8 (0x0180006F) jal zero, 24


mem[X,0x8001CCE0] -> 0x2023
mem[X,0x8001CCE2] -> 0x3E31
[2536] [M]: 0x8001CCE0 (0x3E312023) sw gp, 992(sp)
mem[0x8004B544] <- 0x00000001


mem[X,0x8001CCE4] -> 0xB537
mem[X,0x8001CCE6] -> 0x0000
[2537] [M]: 0x8001CCE4 (0x0000B537) lui a0, 11
x10 <- 0x0000B000


mem[X,0x8001CCE8] -> 0x0513
mem[X,0x8001CCEA] -> 0x5045
[2538] [M]: 0x8001CCE8 (0x50450513) addi a0, a0, 1284
x10 <- 0x0000B504


mem[X,0x8001CCEC] -> 0x05B7
mem[X,0x8001CCEE] -> 0x0001
[2539] [M]: 0x8001CCEC (0x000105B7) lui a1, 16
x11 <- 0x00010000


mem[X,0x8001CCF0] -> 0x8593
mem[X,0x8001CCF2] -> 0xFFE5
[2540] [M]: 0x8001CCF0 (0xFFE58593) addi a1, a1, 4094
x11 <- 0x0000FFFE


mem[X,0x8001CCF4] -> 0x0193
mem[X,0x8001CCF6] -> 0x0000
[2541] [M]: 0x8001CCF4 (0x00000193) addi gp, zero, 0
x3 <- 0x00000000


mem[X,0x8001CCF8] -> 0x006F
mem[X,0x8001CCFA] -> 0x00C0
[2542] [M]: 0x8001CCF8 (0x00C0006F) jal zero, 12


mem[X,0x8001CD04] -> 0x7663
mem[X,0x8001CD06] -> 0x00B5
[2543] [M]: 0x8001CD04 (0x00B57663) bgeu a0, a1, 12


mem[X,0x8001CD08] -> 0x8193
mem[X,0x8001CD0A] -> 0x0021
[2544] [M]: 0x8001CD08 (0x00218193) addi gp, gp, 2
x3 <- 0x00000002


mem[X,0x8001CD0C] -> 0x006F
mem[X,0x8001CD0E] -> 0x00C0
[2545] [M]: 0x8001CD0C (0x00C0006F) jal zero, 12


mem[X,0x8001CD18] -> 0x2223
mem[X,0x8001CD1A] -> 0x3E31
[2546] [M]: 0x8001CD18 (0x3E312223) sw gp, 996(sp)
mem[0x8004B548] <- 0x00000002


mem[X,0x8001CD1C] -> 0xB537
mem[X,0x8001CD1E] -> 0x0000
[2547] [M]: 0x8001CD1C (0x0000B537) lui a0, 11
x10 <- 0x0000B000


mem[X,0x8001CD20] -> 0x0513
mem[X,0x8001CD22] -> 0x5045
[2548] [M]: 0x8001CD20 (0x50450513) addi a0, a0, 1284
x10 <- 0x0000B504


mem[X,0x8001CD24] -> 0x55B7
mem[X,0x8001CD26] -> 0x5555
[2549] [M]: 0x8001CD24 (0x555555B7) lui a1, 349525
x11 <- 0x55555000


mem[X,0x8001CD28] -> 0x8593
mem[X,0x8001CD2A] -> 0x5565
[2550] [M]: 0x8001CD28 (0x55658593) addi a1, a1, 1366
x11 <- 0x55555556


mem[X,0x8001CD2C] -> 0x0193
mem[X,0x8001CD2E] -> 0x0000
[2551] [M]: 0x8001CD2C (0x00000193) addi gp, zero, 0
x3 <- 0x00000000


mem[X,0x8001CD30] -> 0x006F
mem[X,0x8001CD32] -> 0x00C0
[2552] [M]: 0x8001CD30 (0x00C0006F) jal zero, 12


mem[X,0x8001CD3C] -> 0x7063
mem[X,0x8001CD3E] -> 0x08B5
[2553] [M]: 0x8001CD3C (0x08B57063) bgeu a0, a1, 128


mem[X,0x8001CD40] -> 0x8193
mem[X,0x8001CD42] -> 0x0021
[2554] [M]: 0x8001CD40 (0x00218193) addi gp, gp, 2
x3 <- 0x00000002


mem[X,0x8001CD44] -> 0x006F
mem[X,0x8001CD46] -> 0x0800
[2555] [M]: 0x8001CD44 (0x0800006F) jal zero, 128


mem[X,0x8001CDC4] -> 0x2423
mem[X,0x8001CDC6] -> 0x3E31
[2556] [M]: 0x8001CDC4 (0x3E312423) sw gp, 1000(sp)
mem[0x8004B54C] <- 0x00000002


mem[X,0x8001CDC8] -> 0xB537
mem[X,0x8001CDCA] -> 0x0000
[2557] [M]: 0x8001CDC8 (0x0000B537) lui a0, 11
x10 <- 0x0000B000


mem[X,0x8001CDCC] -> 0x0513
mem[X,0x8001CDCE] -> 0x5045
[2558] [M]: 0x8001CDCC (0x50450513) addi a0, a0, 1284
x10 <- 0x0000B504


mem[X,0x8001CDD0] -> 0xB5B7
mem[X,0x8001CDD2] -> 0xAAAA
[2559] [M]: 0x8001CDD0 (0xAAAAB5B7) lui a1, 699051
x11 <- 0xAAAAB000


mem[X,0x8001CDD4] -> 0x8593
mem[X,0x8001CDD6] -> 0xAAB5
[2560] [M]: 0x8001CDD4 (0xAAB58593) addi a1, a1, 2731
x11 <- 0xAAAAAAAB


mem[X,0x8001CDD8] -> 0x0193
mem[X,0x8001CDDA] -> 0x0000
[2561] [M]: 0x8001CDD8 (0x00000193) addi gp, zero, 0
x3 <- 0x00000000


mem[X,0x8001CDDC] -> 0x006F
mem[X,0x8001CDDE] -> 0x0100
[2562] [M]: 0x8001CDDC (0x0100006F) jal zero, 16


mem[X,0x8001CDEC] -> 0x7AE3
mem[X,0x8001CDEE] -> 0xFEB5
[2563] [M]: 0x8001CDEC (0xFEB57AE3) bgeu a0, a1, 8180


mem[X,0x8001CDF0] -> 0x8193
mem[X,0x8001CDF2] -> 0x0021
[2564] [M]: 0x8001CDF0 (0x00218193) addi gp, gp, 2
x3 <- 0x00000002


mem[X,0x8001CDF4] -> 0x006F
mem[X,0x8001CDF6] -> 0x00C0
[2565] [M]: 0x8001CDF4 (0x00C0006F) jal zero, 12


mem[X,0x8001CE00] -> 0x2623
mem[X,0x8001CE02] -> 0x3E31
[2566] [M]: 0x8001CE00 (0x3E312623) sw gp, 1004(sp)
mem[0x8004B550] <- 0x00000002


mem[X,0x8001CE04] -> 0xB537
mem[X,0x8001CE06] -> 0x0000
[2567] [M]: 0x8001CE04 (0x0000B537) lui a0, 11
x10 <- 0x0000B000


mem[X,0x8001CE08] -> 0x0513
mem[X,0x8001CE0A] -> 0x5045
[2568] [M]: 0x8001CE08 (0x50450513) addi a0, a0, 1284
x10 <- 0x0000B504


mem[X,0x8001CE0C] -> 0x0593
mem[X,0x8001CE0E] -> 0x0060
[2569] [M]: 0x8001CE0C (0x00600593) addi a1, zero, 6
x11 <- 0x00000006


mem[X,0x8001CE10] -> 0x0193
mem[X,0x8001CE12] -> 0x0000
[2570] [M]: 0x8001CE10 (0x00000193) addi gp, zero, 0
x3 <- 0x00000000


mem[X,0x8001CE14] -> 0x006F
mem[X,0x8001CE16] -> 0x0140
[2571] [M]: 0x8001CE14 (0x0140006F) jal zero, 20


mem[X,0x8001CE28] -> 0x78E3
mem[X,0x8001CE2A] -> 0xFEB5
[2572] [M]: 0x8001CE28 (0xFEB578E3) bgeu a0, a1, 8176


mem[X,0x8001CE18] -> 0x8193
mem[X,0x8001CE1A] -> 0x0011
[2573] [M]: 0x8001CE18 (0x00118193) addi gp, gp, 1
x3 <- 0x00000001


mem[X,0x8001CE1C] -> 0x006F
mem[X,0x8001CE1E] -> 0x0200
[2574] [M]: 0x8001CE1C (0x0200006F) jal zero, 32


mem[X,0x8001CE3C] -> 0x2823
mem[X,0x8001CE3E] -> 0x3E31
[2575] [M]: 0x8001CE3C (0x3E312823) sw gp, 1008(sp)
mem[0x8004B554] <- 0x00000001


mem[X,0x8001CE40] -> 0xB537
mem[X,0x8001CE42] -> 0x0000
[2576] [M]: 0x8001CE40 (0x0000B537) lui a0, 11
x10 <- 0x0000B000


mem[X,0x8001CE44] -> 0x0513
mem[X,0x8001CE46] -> 0x5045
[2577] [M]: 0x8001CE44 (0x50450513) addi a0, a0, 1284
x10 <- 0x0000B504


mem[X,0x8001CE48] -> 0x35B7
mem[X,0x8001CE4A] -> 0x3333
[2578] [M]: 0x8001CE48 (0x333335B7) lui a1, 209715
x11 <- 0x33333000


mem[X,0x8001CE4C] -> 0x8593
mem[X,0x8001CE4E] -> 0x3345
[2579] [M]: 0x8001CE4C (0x33458593) addi a1, a1, 820
x11 <- 0x33333334


mem[X,0x8001CE50] -> 0x0193
mem[X,0x8001CE52] -> 0x0000
[2580] [M]: 0x8001CE50 (0x00000193) addi gp, zero, 0
x3 <- 0x00000000


mem[X,0x8001CE54] -> 0x006F
mem[X,0x8001CE56] -> 0x00C0
[2581] [M]: 0x8001CE54 (0x00C0006F) jal zero, 12


mem[X,0x8001CE60] -> 0x7CE3
mem[X,0x8001CE62] -> 0xFEB5
[2582] [M]: 0x8001CE60 (0xFEB57CE3) bgeu a0, a1, 8184


mem[X,0x8001CE64] -> 0x8193
mem[X,0x8001CE66] -> 0x0021
[2583] [M]: 0x8001CE64 (0x00218193) addi gp, gp, 2
x3 <- 0x00000002


mem[X,0x8001CE68] -> 0x006F
mem[X,0x8001CE6A] -> 0x00C0
[2584] [M]: 0x8001CE68 (0x00C0006F) jal zero, 12


mem[X,0x8001CE74] -> 0x2A23
mem[X,0x8001CE76] -> 0x3E31
[2585] [M]: 0x8001CE74 (0x3E312A23) sw gp, 1012(sp)
mem[0x8004B558] <- 0x00000002


mem[X,0x8001CE78] -> 0xB537
mem[X,0x8001CE7A] -> 0x0000
[2586] [M]: 0x8001CE78 (0x0000B537) lui a0, 11
x10 <- 0x0000B000


mem[X,0x8001CE7C] -> 0x0513
mem[X,0x8001CE7E] -> 0x5045
[2587] [M]: 0x8001CE7C (0x50450513) addi a0, a0, 1284
x10 <- 0x0000B504


mem[X,0x8001CE80] -> 0x65B7
mem[X,0x8001CE82] -> 0x6666
[2588] [M]: 0x8001CE80 (0x666665B7) lui a1, 419430
x11 <- 0x66666000


mem[X,0x8001CE84] -> 0x8593
mem[X,0x8001CE86] -> 0x6675
[2589] [M]: 0x8001CE84 (0x66758593) addi a1, a1, 1639
x11 <- 0x66666667


mem[X,0x8001CE88] -> 0x0193
mem[X,0x8001CE8A] -> 0x0000
[2590] [M]: 0x8001CE88 (0x00000193) addi gp, zero, 0
x3 <- 0x00000000


mem[X,0x8001CE8C] -> 0x006F
mem[X,0x8001CE8E] -> 0x00C0
[2591] [M]: 0x8001CE8C (0x00C0006F) jal zero, 12


mem[X,0x8001CE98] -> 0x7CE3
mem[X,0x8001CE9A] -> 0xFEB5
[2592] [M]: 0x8001CE98 (0xFEB57CE3) bgeu a0, a1, 8184


mem[X,0x8001CE9C] -> 0x8193
mem[X,0x8001CE9E] -> 0x0021
[2593] [M]: 0x8001CE9C (0x00218193) addi gp, gp, 2
x3 <- 0x00000002


mem[X,0x8001CEA0] -> 0x006F
mem[X,0x8001CEA2] -> 0x00C0
[2594] [M]: 0x8001CEA0 (0x00C0006F) jal zero, 12


mem[X,0x8001CEAC] -> 0x2C23
mem[X,0x8001CEAE] -> 0x3E31
[2595] [M]: 0x8001CEAC (0x3E312C23) sw gp, 1016(sp)
mem[0x8004B55C] <- 0x00000002


mem[X,0x8001CEB0] -> 0xB537
mem[X,0x8001CEB2] -> 0x0000
[2596] [M]: 0x8001CEB0 (0x0000B537) lui a0, 11
x10 <- 0x0000B000


mem[X,0x8001CEB4] -> 0x0513
mem[X,0x8001CEB6] -> 0x5045
[2597] [M]: 0x8001CEB4 (0x50450513) addi a0, a0, 1284
x10 <- 0x0000B504


mem[X,0x8001CEB8] -> 0xB5B7
mem[X,0x8001CEBA] -> 0x0000
[2598] [M]: 0x8001CEB8 (0x0000B5B7) lui a1, 11
x11 <- 0x0000B000


mem[X,0x8001CEBC] -> 0x8593
mem[X,0x8001CEBE] -> 0x5055
[2599] [M]: 0x8001CEBC (0x50558593) addi a1, a1, 1285
x11 <- 0x0000B505


clint::tick mtime <- 0x000000000000001A
 clint timer pending at mtime 0x000000000000001A
htif::tick 0x0000000000000000
mem[X,0x8001CEC0] -> 0x0193
mem[X,0x8001CEC2] -> 0x0000
[2600] [M]: 0x8001CEC0 (0x00000193) addi gp, zero, 0
x3 <- 0x00000000


mem[X,0x8001CEC4] -> 0x006F
mem[X,0x8001CEC6] -> 0x00C0
[2601] [M]: 0x8001CEC4 (0x00C0006F) jal zero, 12


mem[X,0x8001CED0] -> 0x7663
mem[X,0x8001CED2] -> 0x00B5
[2602] [M]: 0x8001CED0 (0x00B57663) bgeu a0, a1, 12


mem[X,0x8001CED4] -> 0x8193
mem[X,0x8001CED6] -> 0x0021
[2603] [M]: 0x8001CED4 (0x00218193) addi gp, gp, 2
x3 <- 0x00000002


mem[X,0x8001CED8] -> 0x006F
mem[X,0x8001CEDA] -> 0x00C0
[2604] [M]: 0x8001CED8 (0x00C0006F) jal zero, 12


mem[X,0x8001CEE4] -> 0x2E23
mem[X,0x8001CEE6] -> 0x3E31
[2605] [M]: 0x8001CEE4 (0x3E312E23) sw gp, 1020(sp)
mem[0x8004B560] <- 0x00000002


mem[X,0x8001CEE8] -> 0xB537
mem[X,0x8001CEEA] -> 0x0000
[2606] [M]: 0x8001CEE8 (0x0000B537) lui a0, 11
x10 <- 0x0000B000


mem[X,0x8001CEEC] -> 0x0513
mem[X,0x8001CEEE] -> 0x5045
[2607] [M]: 0x8001CEEC (0x50450513) addi a0, a0, 1284
x10 <- 0x0000B504


mem[X,0x8001CEF0] -> 0x0593
mem[X,0x8001CEF2] -> 0x0010
[2608] [M]: 0x8001CEF0 (0x00100593) addi a1, zero, 1
x11 <- 0x00000001


mem[X,0x8001CEF4] -> 0x0193
mem[X,0x8001CEF6] -> 0x0000
[2609] [M]: 0x8001CEF4 (0x00000193) addi gp, zero, 0
x3 <- 0x00000000


mem[X,0x8001CEF8] -> 0x006F
mem[X,0x8001CEFA] -> 0x00C0
[2610] [M]: 0x8001CEF8 (0x00C0006F) jal zero, 12


mem[X,0x8001CF04] -> 0x7863
mem[X,0x8001CF06] -> 0x00B5
[2611] [M]: 0x8001CF04 (0x00B57863) bgeu a0, a1, 16


mem[X,0x8001CF14] -> 0x8193
mem[X,0x8001CF16] -> 0x0031
[2612] [M]: 0x8001CF14 (0x00318193) addi gp, gp, 3
x3 <- 0x00000003


mem[X,0x8001CF18] -> 0x006F
mem[X,0x8001CF1A] -> 0x0040
[2613] [M]: 0x8001CF18 (0x0040006F) jal zero, 4


mem[X,0x8001CF1C] -> 0x2023
mem[X,0x8001CF1E] -> 0x4031
[2614] [M]: 0x8001CF1C (0x40312023) sw gp, 1024(sp)
mem[0x8004B564] <- 0x00000003


mem[X,0x8001CF20] -> 0xB537
mem[X,0x8001CF22] -> 0x0000
[2615] [M]: 0x8001CF20 (0x0000B537) lui a0, 11
x10 <- 0x0000B000


mem[X,0x8001CF24] -> 0x0513
mem[X,0x8001CF26] -> 0x5045
[2616] [M]: 0x8001CF24 (0x50450513) addi a0, a0, 1284
x10 <- 0x0000B504


mem[X,0x8001CF28] -> 0x05B7
mem[X,0x8001CF2A] -> 0x0001
[2617] [M]: 0x8001CF28 (0x000105B7) lui a1, 16
x11 <- 0x00010000


mem[X,0x8001CF2C] -> 0x0193
mem[X,0x8001CF2E] -> 0x0000
[2618] [M]: 0x8001CF2C (0x00000193) addi gp, zero, 0
x3 <- 0x00000000


mem[X,0x8001CF30] -> 0x006F
mem[X,0x8001CF32] -> 0x00C0
[2619] [M]: 0x8001CF30 (0x00C0006F) jal zero, 12


mem[X,0x8001CF3C] -> 0x7CE3
mem[X,0x8001CF3E] -> 0xFEB5
[2620] [M]: 0x8001CF3C (0xFEB57CE3) bgeu a0, a1, 8184


mem[X,0x8001CF40] -> 0x8193
mem[X,0x8001CF42] -> 0x0021
[2621] [M]: 0x8001CF40 (0x00218193) addi gp, gp, 2
x3 <- 0x00000002


mem[X,0x8001CF44] -> 0x006F
mem[X,0x8001CF46] -> 0x00C0
[2622] [M]: 0x8001CF44 (0x00C0006F) jal zero, 12


mem[X,0x8001CF50] -> 0x2223
mem[X,0x8001CF52] -> 0x4031
[2623] [M]: 0x8001CF50 (0x40312223) sw gp, 1028(sp)
mem[0x8004B568] <- 0x00000002


mem[X,0x8001CF54] -> 0x0513
mem[X,0x8001CF56] -> 0x0000
[2624] [M]: 0x8001CF54 (0x00000513) addi a0, zero, 0
x10 <- 0x00000000


mem[X,0x8001CF58] -> 0x0593
mem[X,0x8001CF5A] -> 0x0030
[2625] [M]: 0x8001CF58 (0x00300593) addi a1, zero, 3
x11 <- 0x00000003


mem[X,0x8001CF5C] -> 0x0193
mem[X,0x8001CF5E] -> 0x0000
[2626] [M]: 0x8001CF5C (0x00000193) addi gp, zero, 0
x3 <- 0x00000000


mem[X,0x8001CF60] -> 0x006F
mem[X,0x8001CF62] -> 0x00C0
[2627] [M]: 0x8001CF60 (0x00C0006F) jal zero, 12


mem[X,0x8001CF6C] -> 0x7CE3
mem[X,0x8001CF6E] -> 0xFEB5
[2628] [M]: 0x8001CF6C (0xFEB57CE3) bgeu a0, a1, 8184


mem[X,0x8001CF70] -> 0x8193
mem[X,0x8001CF72] -> 0x0021
[2629] [M]: 0x8001CF70 (0x00218193) addi gp, gp, 2
x3 <- 0x00000002


mem[X,0x8001CF74] -> 0x006F
mem[X,0x8001CF76] -> 0x00C0
[2630] [M]: 0x8001CF74 (0x00C0006F) jal zero, 12


mem[X,0x8001CF80] -> 0x2423
mem[X,0x8001CF82] -> 0x4031
[2631] [M]: 0x8001CF80 (0x40312423) sw gp, 1032(sp)
mem[0x8004B56C] <- 0x00000002


mem[X,0x8001CF84] -> 0x0513
mem[X,0x8001CF86] -> 0x0000
[2632] [M]: 0x8001CF84 (0x00000513) addi a0, zero, 0
x10 <- 0x00000000


mem[X,0x8001CF88] -> 0x55B7
mem[X,0x8001CF8A] -> 0x5555
[2633] [M]: 0x8001CF88 (0x555555B7) lui a1, 349525
x11 <- 0x55555000


mem[X,0x8001CF8C] -> 0x8593
mem[X,0x8001CF8E] -> 0x5555
[2634] [M]: 0x8001CF8C (0x55558593) addi a1, a1, 1365
x11 <- 0x55555555


mem[X,0x8001CF90] -> 0x0193
mem[X,0x8001CF92] -> 0x0000
[2635] [M]: 0x8001CF90 (0x00000193) addi gp, zero, 0
x3 <- 0x00000000


mem[X,0x8001CF94] -> 0x006F
mem[X,0x8001CF96] -> 0x0180
[2636] [M]: 0x8001CF94 (0x0180006F) jal zero, 24


mem[X,0x8001CFAC] -> 0x76E3
mem[X,0x8001CFAE] -> 0xFEB5
[2637] [M]: 0x8001CFAC (0xFEB576E3) bgeu a0, a1, 8172


mem[X,0x8001CFB0] -> 0x8193
mem[X,0x8001CFB2] -> 0x0021
[2638] [M]: 0x8001CFB0 (0x00218193) addi gp, gp, 2
x3 <- 0x00000002


mem[X,0x8001CFB4] -> 0x006F
mem[X,0x8001CFB6] -> 0x00C0
[2639] [M]: 0x8001CFB4 (0x00C0006F) jal zero, 12


mem[X,0x8001CFC0] -> 0x2623
mem[X,0x8001CFC2] -> 0x4031
[2640] [M]: 0x8001CFC0 (0x40312623) sw gp, 1036(sp)
mem[0x8004B570] <- 0x00000002


mem[X,0x8001CFC4] -> 0x0513
mem[X,0x8001CFC6] -> 0x0000
[2641] [M]: 0x8001CFC4 (0x00000513) addi a0, zero, 0
x10 <- 0x00000000


mem[X,0x8001CFC8] -> 0xB5B7
mem[X,0x8001CFCA] -> 0xAAAA
[2642] [M]: 0x8001CFC8 (0xAAAAB5B7) lui a1, 699051
x11 <- 0xAAAAB000


mem[X,0x8001CFCC] -> 0x8593
mem[X,0x8001CFCE] -> 0xAAA5
[2643] [M]: 0x8001CFCC (0xAAA58593) addi a1, a1, 2730
x11 <- 0xAAAAAAAA


mem[X,0x8001CFD0] -> 0x0193
mem[X,0x8001CFD2] -> 0x0000
[2644] [M]: 0x8001CFD0 (0x00000193) addi gp, zero, 0
x3 <- 0x00000000


mem[X,0x8001CFD4] -> 0x006F
mem[X,0x8001CFD6] -> 0x00C0
[2645] [M]: 0x8001CFD4 (0x00C0006F) jal zero, 12


mem[X,0x8001CFE0] -> 0x7663
mem[X,0x8001CFE2] -> 0x00B5
[2646] [M]: 0x8001CFE0 (0x00B57663) bgeu a0, a1, 12


mem[X,0x8001CFE4] -> 0x8193
mem[X,0x8001CFE6] -> 0x0021
[2647] [M]: 0x8001CFE4 (0x00218193) addi gp, gp, 2
x3 <- 0x00000002


mem[X,0x8001CFE8] -> 0x006F
mem[X,0x8001CFEA] -> 0x00C0
[2648] [M]: 0x8001CFE8 (0x00C0006F) jal zero, 12


mem[X,0x8001CFF4] -> 0x2823
mem[X,0x8001CFF6] -> 0x4031
[2649] [M]: 0x8001CFF4 (0x40312823) sw gp, 1040(sp)
mem[0x8004B574] <- 0x00000002


mem[X,0x8001CFF8] -> 0x0513
mem[X,0x8001CFFA] -> 0x0000
[2650] [M]: 0x8001CFF8 (0x00000513) addi a0, zero, 0
x10 <- 0x00000000


mem[X,0x8001CFFC] -> 0x0593
mem[X,0x8001CFFE] -> 0x0050
[2651] [M]: 0x8001CFFC (0x00500593) addi a1, zero, 5
x11 <- 0x00000005


mem[X,0x8001D000] -> 0x0193
mem[X,0x8001D002] -> 0x0000
[2652] [M]: 0x8001D000 (0x00000193) addi gp, zero, 0
x3 <- 0x00000000


mem[X,0x8001D004] -> 0x006F
mem[X,0x8001D006] -> 0x00C0
[2653] [M]: 0x8001D004 (0x00C0006F) jal zero, 12


mem[X,0x8001D010] -> 0x7663
mem[X,0x8001D012] -> 0x00B5
[2654] [M]: 0x8001D010 (0x00B57663) bgeu a0, a1, 12


mem[X,0x8001D014] -> 0x8193
mem[X,0x8001D016] -> 0x0021
[2655] [M]: 0x8001D014 (0x00218193) addi gp, gp, 2
x3 <- 0x00000002


mem[X,0x8001D018] -> 0x006F
mem[X,0x8001D01A] -> 0x00C0
[2656] [M]: 0x8001D018 (0x00C0006F) jal zero, 12


mem[X,0x8001D024] -> 0x2A23
mem[X,0x8001D026] -> 0x4031
[2657] [M]: 0x8001D024 (0x40312A23) sw gp, 1044(sp)
mem[0x8004B578] <- 0x00000002


mem[X,0x8001D028] -> 0x0513
mem[X,0x8001D02A] -> 0x0000
[2658] [M]: 0x8001D028 (0x00000513) addi a0, zero, 0
x10 <- 0x00000000


mem[X,0x8001D02C] -> 0x35B7
mem[X,0x8001D02E] -> 0x3333
[2659] [M]: 0x8001D02C (0x333335B7) lui a1, 209715
x11 <- 0x33333000


mem[X,0x8001D030] -> 0x8593
mem[X,0x8001D032] -> 0x3335
[2660] [M]: 0x8001D030 (0x33358593) addi a1, a1, 819
x11 <- 0x33333333


mem[X,0x8001D034] -> 0x0193
mem[X,0x8001D036] -> 0x0000
[2661] [M]: 0x8001D034 (0x00000193) addi gp, zero, 0
x3 <- 0x00000000


mem[X,0x8001D038] -> 0x006F
mem[X,0x8001D03A] -> 0x0180
[2662] [M]: 0x8001D038 (0x0180006F) jal zero, 24


mem[X,0x8001D050] -> 0x76E3
mem[X,0x8001D052] -> 0xFEB5
[2663] [M]: 0x8001D050 (0xFEB576E3) bgeu a0, a1, 8172


mem[X,0x8001D054] -> 0x8193
mem[X,0x8001D056] -> 0x0021
[2664] [M]: 0x8001D054 (0x00218193) addi gp, gp, 2
x3 <- 0x00000002


mem[X,0x8001D058] -> 0x006F
mem[X,0x8001D05A] -> 0x00C0
[2665] [M]: 0x8001D058 (0x00C0006F) jal zero, 12


mem[X,0x8001D064] -> 0x2C23
mem[X,0x8001D066] -> 0x4031
[2666] [M]: 0x8001D064 (0x40312C23) sw gp, 1048(sp)
mem[0x8004B57C] <- 0x00000002


mem[X,0x8001D068] -> 0x0513
mem[X,0x8001D06A] -> 0x0000
[2667] [M]: 0x8001D068 (0x00000513) addi a0, zero, 0
x10 <- 0x00000000


mem[X,0x8001D06C] -> 0x65B7
mem[X,0x8001D06E] -> 0x6666
[2668] [M]: 0x8001D06C (0x666665B7) lui a1, 419430
x11 <- 0x66666000


mem[X,0x8001D070] -> 0x8593
mem[X,0x8001D072] -> 0x6665
[2669] [M]: 0x8001D070 (0x66658593) addi a1, a1, 1638
x11 <- 0x66666666


mem[X,0x8001D074] -> 0x0193
mem[X,0x8001D076] -> 0x0000
[2670] [M]: 0x8001D074 (0x00000193) addi gp, zero, 0
x3 <- 0x00000000


mem[X,0x8001D078] -> 0x006F
mem[X,0x8001D07A] -> 0x2B10
[2671] [M]: 0x8001D078 (0x2B10006F) jal zero, 2736


mem[X,0x8001DB28] -> 0x7A63
mem[X,0x8001DB2A] -> 0xD4B5
[2672] [M]: 0x8001DB28 (0xD4B57A63) bgeu a0, a1, 5460


mem[X,0x8001DB2C] -> 0x8193
mem[X,0x8001DB2E] -> 0x0021
[2673] [M]: 0x8001DB2C (0x00218193) addi gp, gp, 2
x3 <- 0x00000002


mem[X,0x8001DB30] -> 0x006F
mem[X,0x8001DB32] -> 0x00C0
[2674] [M]: 0x8001DB30 (0x00C0006F) jal zero, 12


mem[X,0x8001DB3C] -> 0x2E23
mem[X,0x8001DB3E] -> 0x4031
[2675] [M]: 0x8001DB3C (0x40312E23) sw gp, 1052(sp)
mem[0x8004B580] <- 0x00000002


mem[X,0x8001DB40] -> 0x0513
mem[X,0x8001DB42] -> 0x0000
[2676] [M]: 0x8001DB40 (0x00000513) addi a0, zero, 0
x10 <- 0x00000000


mem[X,0x8001DB44] -> 0xB5B7
mem[X,0x8001DB46] -> 0x0000
[2677] [M]: 0x8001DB44 (0x0000B5B7) lui a1, 11
x11 <- 0x0000B000


mem[X,0x8001DB48] -> 0x8593
mem[X,0x8001DB4A] -> 0x5045
[2678] [M]: 0x8001DB48 (0x50458593) addi a1, a1, 1284
x11 <- 0x0000B504


mem[X,0x8001DB4C] -> 0x0193
mem[X,0x8001DB4E] -> 0x0000
[2679] [M]: 0x8001DB4C (0x00000193) addi gp, zero, 0
x3 <- 0x00000000


mem[X,0x8001DB50] -> 0x006F
mem[X,0x8001DB52] -> 0x00C0
[2680] [M]: 0x8001DB50 (0x00C0006F) jal zero, 12


mem[X,0x8001DB5C] -> 0x7663
mem[X,0x8001DB5E] -> 0x00B5
[2681] [M]: 0x8001DB5C (0x00B57663) bgeu a0, a1, 12


mem[X,0x8001DB60] -> 0x8193
mem[X,0x8001DB62] -> 0x0021
[2682] [M]: 0x8001DB60 (0x00218193) addi gp, gp, 2
x3 <- 0x00000002


mem[X,0x8001DB64] -> 0x006F
mem[X,0x8001DB66] -> 0x00C0
[2683] [M]: 0x8001DB64 (0x00C0006F) jal zero, 12


mem[X,0x8001DB70] -> 0x2023
mem[X,0x8001DB72] -> 0x4231
[2684] [M]: 0x8001DB70 (0x42312023) sw gp, 1056(sp)
mem[0x8004B584] <- 0x00000002


mem[X,0x8001DB74] -> 0x0513
mem[X,0x8001DB76] -> 0x0000
[2685] [M]: 0x8001DB74 (0x00000513) addi a0, zero, 0
x10 <- 0x00000000


mem[X,0x8001DB78] -> 0x0593
mem[X,0x8001DB7A] -> 0x0000
[2686] [M]: 0x8001DB78 (0x00000593) addi a1, zero, 0
x11 <- 0x00000000


mem[X,0x8001DB7C] -> 0x0193
mem[X,0x8001DB7E] -> 0x0000
[2687] [M]: 0x8001DB7C (0x00000193) addi gp, zero, 0
x3 <- 0x00000000


mem[X,0x8001DB80] -> 0x006F
mem[X,0x8001DB82] -> 0x00C0
[2688] [M]: 0x8001DB80 (0x00C0006F) jal zero, 12


mem[X,0x8001DB8C] -> 0x7063
mem[X,0x8001DB8E] -> 0x08B5
[2689] [M]: 0x8001DB8C (0x08B57063) bgeu a0, a1, 128


mem[X,0x8001DC0C] -> 0x8193
mem[X,0x8001DC0E] -> 0x0031
[2690] [M]: 0x8001DC0C (0x00318193) addi gp, gp, 3
x3 <- 0x00000003


mem[X,0x8001DC10] -> 0x006F
mem[X,0x8001DC12] -> 0x0040
[2691] [M]: 0x8001DC10 (0x0040006F) jal zero, 4


mem[X,0x8001DC14] -> 0x2223
mem[X,0x8001DC16] -> 0x4231
[2692] [M]: 0x8001DC14 (0x42312223) sw gp, 1060(sp)
mem[0x8004B588] <- 0x00000003


mem[X,0x8001DC18] -> 0x0513
mem[X,0x8001DC1A] -> 0x0000
[2693] [M]: 0x8001DC18 (0x00000513) addi a0, zero, 0
x10 <- 0x00000000


mem[X,0x8001DC1C] -> 0x05B7
mem[X,0x8001DC1E] -> 0x0001
[2694] [M]: 0x8001DC1C (0x000105B7) lui a1, 16
x11 <- 0x00010000


mem[X,0x8001DC20] -> 0x8593
mem[X,0x8001DC22] -> 0xFFF5
[2695] [M]: 0x8001DC20 (0xFFF58593) addi a1, a1, 4095
x11 <- 0x0000FFFF


mem[X,0x8001DC24] -> 0x0193
mem[X,0x8001DC26] -> 0x0000
[2696] [M]: 0x8001DC24 (0x00000193) addi gp, zero, 0
x3 <- 0x00000000


mem[X,0x8001DC28] -> 0x006F
mem[X,0x8001DC2A] -> 0x00C0
[2697] [M]: 0x8001DC28 (0x00C0006F) jal zero, 12


mem[X,0x8001DC34] -> 0x7CE3
mem[X,0x8001DC36] -> 0xFEB5
[2698] [M]: 0x8001DC34 (0xFEB57CE3) bgeu a0, a1, 8184


mem[X,0x8001DC38] -> 0x8193
mem[X,0x8001DC3A] -> 0x0021
[2699] [M]: 0x8001DC38 (0x00218193) addi gp, gp, 2
x3 <- 0x00000002


clint::tick mtime <- 0x000000000000001B
 clint timer pending at mtime 0x000000000000001B
htif::tick 0x0000000000000000
mem[X,0x8001DC3C] -> 0x006F
mem[X,0x8001DC3E] -> 0x00C0
[2700] [M]: 0x8001DC3C (0x00C0006F) jal zero, 12


mem[X,0x8001DC48] -> 0x2423
mem[X,0x8001DC4A] -> 0x4231
[2701] [M]: 0x8001DC48 (0x42312423) sw gp, 1064(sp)
mem[0x8004B58C] <- 0x00000002


mem[X,0x8001DC4C] -> 0x0513
mem[X,0x8001DC4E] -> 0x0000
[2702] [M]: 0x8001DC4C (0x00000513) addi a0, zero, 0
x10 <- 0x00000000


mem[X,0x8001DC50] -> 0x0593
mem[X,0x8001DC52] -> 0x0020
[2703] [M]: 0x8001DC50 (0x00200593) addi a1, zero, 2
x11 <- 0x00000002


mem[X,0x8001DC54] -> 0x0193
mem[X,0x8001DC56] -> 0x0000
[2704] [M]: 0x8001DC54 (0x00000193) addi gp, zero, 0
x3 <- 0x00000000


mem[X,0x8001DC58] -> 0x006F
mem[X,0x8001DC5A] -> 0x0140
[2705] [M]: 0x8001DC58 (0x0140006F) jal zero, 20


mem[X,0x8001DC6C] -> 0x78E3
mem[X,0x8001DC6E] -> 0xFEB5
[2706] [M]: 0x8001DC6C (0xFEB578E3) bgeu a0, a1, 8176


mem[X,0x8001DC70] -> 0x8193
mem[X,0x8001DC72] -> 0x0021
[2707] [M]: 0x8001DC70 (0x00218193) addi gp, gp, 2
x3 <- 0x00000002


mem[X,0x8001DC74] -> 0x006F
mem[X,0x8001DC76] -> 0x00C0
[2708] [M]: 0x8001DC74 (0x00C0006F) jal zero, 12


mem[X,0x8001DC80] -> 0x2623
mem[X,0x8001DC82] -> 0x4231
[2709] [M]: 0x8001DC80 (0x42312623) sw gp, 1068(sp)
mem[0x8004B590] <- 0x00000002


mem[X,0x8001DC84] -> 0x0513
mem[X,0x8001DC86] -> 0x0000
[2710] [M]: 0x8001DC84 (0x00000513) addi a0, zero, 0
x10 <- 0x00000000


mem[X,0x8001DC88] -> 0x55B7
mem[X,0x8001DC8A] -> 0x5555
[2711] [M]: 0x8001DC88 (0x555555B7) lui a1, 349525
x11 <- 0x55555000


mem[X,0x8001DC8C] -> 0x8593
mem[X,0x8001DC8E] -> 0x5545
[2712] [M]: 0x8001DC8C (0x55458593) addi a1, a1, 1364
x11 <- 0x55555554


mem[X,0x8001DC90] -> 0x0193
mem[X,0x8001DC92] -> 0x0000
[2713] [M]: 0x8001DC90 (0x00000193) addi gp, zero, 0
x3 <- 0x00000000


mem[X,0x8001DC94] -> 0x006F
mem[X,0x8001DC96] -> 0x00C0
[2714] [M]: 0x8001DC94 (0x00C0006F) jal zero, 12


mem[X,0x8001DCA0] -> 0x7063
mem[X,0x8001DCA2] -> 0x10B5
[2715] [M]: 0x8001DCA0 (0x10B57063) bgeu a0, a1, 256


mem[X,0x8001DCA4] -> 0x8193
mem[X,0x8001DCA6] -> 0x0021
[2716] [M]: 0x8001DCA4 (0x00218193) addi gp, gp, 2
x3 <- 0x00000002


mem[X,0x8001DCA8] -> 0x006F
mem[X,0x8001DCAA] -> 0x1000
[2717] [M]: 0x8001DCA8 (0x1000006F) jal zero, 256


mem[X,0x8001DDA8] -> 0x2823
mem[X,0x8001DDAA] -> 0x4231
[2718] [M]: 0x8001DDA8 (0x42312823) sw gp, 1072(sp)
mem[0x8004B594] <- 0x00000002


mem[X,0x8001DDAC] -> 0x0513
mem[X,0x8001DDAE] -> 0x0000
[2719] [M]: 0x8001DDAC (0x00000513) addi a0, zero, 0
x10 <- 0x00000000


mem[X,0x8001DDB0] -> 0xB5B7
mem[X,0x8001DDB2] -> 0xAAAA
[2720] [M]: 0x8001DDB0 (0xAAAAB5B7) lui a1, 699051
x11 <- 0xAAAAB000


mem[X,0x8001DDB4] -> 0x8593
mem[X,0x8001DDB6] -> 0xAA95
[2721] [M]: 0x8001DDB4 (0xAA958593) addi a1, a1, 2729
x11 <- 0xAAAAAAA9


mem[X,0x8001DDB8] -> 0x0193
mem[X,0x8001DDBA] -> 0x0000
[2722] [M]: 0x8001DDB8 (0x00000193) addi gp, zero, 0
x3 <- 0x00000000


mem[X,0x8001DDBC] -> 0x006F
mem[X,0x8001DDBE] -> 0x00C0
[2723] [M]: 0x8001DDBC (0x00C0006F) jal zero, 12


mem[X,0x8001DDC8] -> 0x7663
mem[X,0x8001DDCA] -> 0x00B5
[2724] [M]: 0x8001DDC8 (0x00B57663) bgeu a0, a1, 12


mem[X,0x8001DDCC] -> 0x8193
mem[X,0x8001DDCE] -> 0x0021
[2725] [M]: 0x8001DDCC (0x00218193) addi gp, gp, 2
x3 <- 0x00000002


mem[X,0x8001DDD0] -> 0x006F
mem[X,0x8001DDD2] -> 0x00C0
[2726] [M]: 0x8001DDD0 (0x00C0006F) jal zero, 12


mem[X,0x8001DDDC] -> 0x2A23
mem[X,0x8001DDDE] -> 0x4231
[2727] [M]: 0x8001DDDC (0x42312A23) sw gp, 1076(sp)
mem[0x8004B598] <- 0x00000002


mem[X,0x8001DDE0] -> 0x0513
mem[X,0x8001DDE2] -> 0x0000
[2728] [M]: 0x8001DDE0 (0x00000513) addi a0, zero, 0
x10 <- 0x00000000


mem[X,0x8001DDE4] -> 0x0593
mem[X,0x8001DDE6] -> 0x0040
[2729] [M]: 0x8001DDE4 (0x00400593) addi a1, zero, 4
x11 <- 0x00000004


mem[X,0x8001DDE8] -> 0x0193
mem[X,0x8001DDEA] -> 0x0000
[2730] [M]: 0x8001DDE8 (0x00000193) addi gp, zero, 0
x3 <- 0x00000000


mem[X,0x8001DDEC] -> 0x006F
mem[X,0x8001DDEE] -> 0x00C0
[2731] [M]: 0x8001DDEC (0x00C0006F) jal zero, 12


mem[X,0x8001DDF8] -> 0x7063
mem[X,0x8001DDFA] -> 0x02B5
[2732] [M]: 0x8001DDF8 (0x02B57063) bgeu a0, a1, 32


mem[X,0x8001DDFC] -> 0x8193
mem[X,0x8001DDFE] -> 0x0021
[2733] [M]: 0x8001DDFC (0x00218193) addi gp, gp, 2
x3 <- 0x00000002


mem[X,0x8001DE00] -> 0x006F
mem[X,0x8001DE02] -> 0x0200
[2734] [M]: 0x8001DE00 (0x0200006F) jal zero, 32


mem[X,0x8001DE20] -> 0x2C23
mem[X,0x8001DE22] -> 0x4231
[2735] [M]: 0x8001DE20 (0x42312C23) sw gp, 1080(sp)
mem[0x8004B59C] <- 0x00000002


mem[X,0x8001DE24] -> 0x0513
mem[X,0x8001DE26] -> 0x0000
[2736] [M]: 0x8001DE24 (0x00000513) addi a0, zero, 0
x10 <- 0x00000000


mem[X,0x8001DE28] -> 0x35B7
mem[X,0x8001DE2A] -> 0x3333
[2737] [M]: 0x8001DE28 (0x333335B7) lui a1, 209715
x11 <- 0x33333000


mem[X,0x8001DE2C] -> 0x8593
mem[X,0x8001DE2E] -> 0x3325
[2738] [M]: 0x8001DE2C (0x33258593) addi a1, a1, 818
x11 <- 0x33333332


mem[X,0x8001DE30] -> 0x0193
mem[X,0x8001DE32] -> 0x0000
[2739] [M]: 0x8001DE30 (0x00000193) addi gp, zero, 0
x3 <- 0x00000000


mem[X,0x8001DE34] -> 0x006F
mem[X,0x8001DE36] -> 0x0050
[2740] [M]: 0x8001DE34 (0x0050006F) jal zero, 2052


mem[X,0x8001E638] -> 0x70E3
mem[X,0x8001E63A] -> 0x80B5
[2741] [M]: 0x8001E638 (0x80B570E3) bgeu a0, a1, 6144


mem[X,0x8001E63C] -> 0x8193
mem[X,0x8001E63E] -> 0x0021
[2742] [M]: 0x8001E63C (0x00218193) addi gp, gp, 2
x3 <- 0x00000002


mem[X,0x8001E640] -> 0x006F
mem[X,0x8001E642] -> 0x00C0
[2743] [M]: 0x8001E640 (0x00C0006F) jal zero, 12


mem[X,0x8001E64C] -> 0x2E23
mem[X,0x8001E64E] -> 0x4231
[2744] [M]: 0x8001E64C (0x42312E23) sw gp, 1084(sp)
mem[0x8004B5A0] <- 0x00000002


mem[X,0x8001E650] -> 0x0513
mem[X,0x8001E652] -> 0x0000
[2745] [M]: 0x8001E650 (0x00000513) addi a0, zero, 0
x10 <- 0x00000000


mem[X,0x8001E654] -> 0x65B7
mem[X,0x8001E656] -> 0x6666
[2746] [M]: 0x8001E654 (0x666665B7) lui a1, 419430
x11 <- 0x66666000


mem[X,0x8001E658] -> 0x8593
mem[X,0x8001E65A] -> 0x6655
[2747] [M]: 0x8001E658 (0x66558593) addi a1, a1, 1637
x11 <- 0x66666665


mem[X,0x8001E65C] -> 0x0193
mem[X,0x8001E65E] -> 0x0000
[2748] [M]: 0x8001E65C (0x00000193) addi gp, zero, 0
x3 <- 0x00000000


mem[X,0x8001E660] -> 0x006F
mem[X,0x8001E662] -> 0x00C0
[2749] [M]: 0x8001E660 (0x00C0006F) jal zero, 12


mem[X,0x8001E66C] -> 0x7063
mem[X,0x8001E66E] -> 0x08B5
[2750] [M]: 0x8001E66C (0x08B57063) bgeu a0, a1, 128


mem[X,0x8001E670] -> 0x8193
mem[X,0x8001E672] -> 0x0021
[2751] [M]: 0x8001E670 (0x00218193) addi gp, gp, 2
x3 <- 0x00000002


mem[X,0x8001E674] -> 0x006F
mem[X,0x8001E676] -> 0x0800
[2752] [M]: 0x8001E674 (0x0800006F) jal zero, 128


mem[X,0x8001E6F4] -> 0x2023
mem[X,0x8001E6F6] -> 0x4431
[2753] [M]: 0x8001E6F4 (0x44312023) sw gp, 1088(sp)
mem[0x8004B5A4] <- 0x00000002


mem[X,0x8001E6F8] -> 0x0513
mem[X,0x8001E6FA] -> 0x0000
[2754] [M]: 0x8001E6F8 (0x00000513) addi a0, zero, 0
x10 <- 0x00000000


mem[X,0x8001E6FC] -> 0xB5B7
mem[X,0x8001E6FE] -> 0x0000
[2755] [M]: 0x8001E6FC (0x0000B5B7) lui a1, 11
x11 <- 0x0000B000


mem[X,0x8001E700] -> 0x8593
mem[X,0x8001E702] -> 0x5035
[2756] [M]: 0x8001E700 (0x50358593) addi a1, a1, 1283
x11 <- 0x0000B503


mem[X,0x8001E704] -> 0x0193
mem[X,0x8001E706] -> 0x0000
[2757] [M]: 0x8001E704 (0x00000193) addi gp, zero, 0
x3 <- 0x00000000


mem[X,0x8001E708] -> 0x006F
mem[X,0x8001E70A] -> 0x00C0
[2758] [M]: 0x8001E708 (0x00C0006F) jal zero, 12


mem[X,0x8001E714] -> 0x7863
mem[X,0x8001E716] -> 0x00B5
[2759] [M]: 0x8001E714 (0x00B57863) bgeu a0, a1, 16


mem[X,0x8001E718] -> 0x8193
mem[X,0x8001E71A] -> 0x0021
[2760] [M]: 0x8001E718 (0x00218193) addi gp, gp, 2
x3 <- 0x00000002


mem[X,0x8001E71C] -> 0x006F
mem[X,0x8001E71E] -> 0x0100
[2761] [M]: 0x8001E71C (0x0100006F) jal zero, 16


mem[X,0x8001E72C] -> 0x2223
mem[X,0x8001E72E] -> 0x4431
[2762] [M]: 0x8001E72C (0x44312223) sw gp, 1092(sp)
mem[0x8004B5A8] <- 0x00000002


mem[X,0x8001E730] -> 0x0513
mem[X,0x8001E732] -> 0x0000
[2763] [M]: 0x8001E730 (0x00000513) addi a0, zero, 0
x10 <- 0x00000000


mem[X,0x8001E734] -> 0x05B7
mem[X,0x8001E736] -> 0x0001
[2764] [M]: 0x8001E734 (0x000105B7) lui a1, 16
x11 <- 0x00010000


mem[X,0x8001E738] -> 0x8593
mem[X,0x8001E73A] -> 0xFFE5
[2765] [M]: 0x8001E738 (0xFFE58593) addi a1, a1, 4094
x11 <- 0x0000FFFE


mem[X,0x8001E73C] -> 0x0193
mem[X,0x8001E73E] -> 0x0000
[2766] [M]: 0x8001E73C (0x00000193) addi gp, zero, 0
x3 <- 0x00000000


mem[X,0x8001E740] -> 0x006F
mem[X,0x8001E742] -> 0x0180
[2767] [M]: 0x8001E740 (0x0180006F) jal zero, 24


mem[X,0x8001E758] -> 0x76E3
mem[X,0x8001E75A] -> 0xFEB5
[2768] [M]: 0x8001E758 (0xFEB576E3) bgeu a0, a1, 8172


mem[X,0x8001E75C] -> 0x8193
mem[X,0x8001E75E] -> 0x0021
[2769] [M]: 0x8001E75C (0x00218193) addi gp, gp, 2
x3 <- 0x00000002


mem[X,0x8001E760] -> 0x006F
mem[X,0x8001E762] -> 0x00C0
[2770] [M]: 0x8001E760 (0x00C0006F) jal zero, 12


mem[X,0x8001E76C] -> 0x2423
mem[X,0x8001E76E] -> 0x4431
[2771] [M]: 0x8001E76C (0x44312423) sw gp, 1096(sp)
mem[0x8004B5AC] <- 0x00000002


mem[X,0x8001E770] -> 0x0513
mem[X,0x8001E772] -> 0x0000
[2772] [M]: 0x8001E770 (0x00000513) addi a0, zero, 0
x10 <- 0x00000000


mem[X,0x8001E774] -> 0x55B7
mem[X,0x8001E776] -> 0x5555
[2773] [M]: 0x8001E774 (0x555555B7) lui a1, 349525
x11 <- 0x55555000


mem[X,0x8001E778] -> 0x8593
mem[X,0x8001E77A] -> 0x5565
[2774] [M]: 0x8001E778 (0x55658593) addi a1, a1, 1366
x11 <- 0x55555556


mem[X,0x8001E77C] -> 0x0193
mem[X,0x8001E77E] -> 0x0000
[2775] [M]: 0x8001E77C (0x00000193) addi gp, zero, 0
x3 <- 0x00000000


mem[X,0x8001E780] -> 0x006F
mem[X,0x8001E782] -> 0x00C0
[2776] [M]: 0x8001E780 (0x00C0006F) jal zero, 12


mem[X,0x8001E78C] -> 0x7063
mem[X,0x8001E78E] -> 0x08B5
[2777] [M]: 0x8001E78C (0x08B57063) bgeu a0, a1, 128


mem[X,0x8001E790] -> 0x8193
mem[X,0x8001E792] -> 0x0021
[2778] [M]: 0x8001E790 (0x00218193) addi gp, gp, 2
x3 <- 0x00000002


mem[X,0x8001E794] -> 0x006F
mem[X,0x8001E796] -> 0x0800
[2779] [M]: 0x8001E794 (0x0800006F) jal zero, 128


mem[X,0x8001E814] -> 0x2623
mem[X,0x8001E816] -> 0x4431
[2780] [M]: 0x8001E814 (0x44312623) sw gp, 1100(sp)
mem[0x8004B5B0] <- 0x00000002


mem[X,0x8001E818] -> 0x0513
mem[X,0x8001E81A] -> 0x0000
[2781] [M]: 0x8001E818 (0x00000513) addi a0, zero, 0
x10 <- 0x00000000


mem[X,0x8001E81C] -> 0xB5B7
mem[X,0x8001E81E] -> 0xAAAA
[2782] [M]: 0x8001E81C (0xAAAAB5B7) lui a1, 699051
x11 <- 0xAAAAB000


mem[X,0x8001E820] -> 0x8593
mem[X,0x8001E822] -> 0xAAB5
[2783] [M]: 0x8001E820 (0xAAB58593) addi a1, a1, 2731
x11 <- 0xAAAAAAAB


mem[X,0x8001E824] -> 0x0193
mem[X,0x8001E826] -> 0x0000
[2784] [M]: 0x8001E824 (0x00000193) addi gp, zero, 0
x3 <- 0x00000000


mem[X,0x8001E828] -> 0x006F
mem[X,0x8001E82A] -> 0x00C0
[2785] [M]: 0x8001E828 (0x00C0006F) jal zero, 12


mem[X,0x8001E834] -> 0x7CE3
mem[X,0x8001E836] -> 0xFEB5
[2786] [M]: 0x8001E834 (0xFEB57CE3) bgeu a0, a1, 8184


mem[X,0x8001E838] -> 0x8193
mem[X,0x8001E83A] -> 0x0021
[2787] [M]: 0x8001E838 (0x00218193) addi gp, gp, 2
x3 <- 0x00000002


mem[X,0x8001E83C] -> 0x006F
mem[X,0x8001E83E] -> 0x00C0
[2788] [M]: 0x8001E83C (0x00C0006F) jal zero, 12


mem[X,0x8001E848] -> 0x2823
mem[X,0x8001E84A] -> 0x4431
[2789] [M]: 0x8001E848 (0x44312823) sw gp, 1104(sp)
mem[0x8004B5B4] <- 0x00000002


mem[X,0x8001E84C] -> 0x0513
mem[X,0x8001E84E] -> 0x0000
[2790] [M]: 0x8001E84C (0x00000513) addi a0, zero, 0
x10 <- 0x00000000


mem[X,0x8001E850] -> 0x0593
mem[X,0x8001E852] -> 0x0060
[2791] [M]: 0x8001E850 (0x00600593) addi a1, zero, 6
x11 <- 0x00000006


mem[X,0x8001E854] -> 0x0193
mem[X,0x8001E856] -> 0x0000
[2792] [M]: 0x8001E854 (0x00000193) addi gp, zero, 0
x3 <- 0x00000000


mem[X,0x8001E858] -> 0x006F
mem[X,0x8001E85A] -> 0x00C0
[2793] [M]: 0x8001E858 (0x00C0006F) jal zero, 12


mem[X,0x8001E864] -> 0x7663
mem[X,0x8001E866] -> 0x00B5
[2794] [M]: 0x8001E864 (0x00B57663) bgeu a0, a1, 12


mem[X,0x8001E868] -> 0x8193
mem[X,0x8001E86A] -> 0x0021
[2795] [M]: 0x8001E868 (0x00218193) addi gp, gp, 2
x3 <- 0x00000002


mem[X,0x8001E86C] -> 0x006F
mem[X,0x8001E86E] -> 0x00C0
[2796] [M]: 0x8001E86C (0x00C0006F) jal zero, 12


mem[X,0x8001E878] -> 0x2A23
mem[X,0x8001E87A] -> 0x4431
[2797] [M]: 0x8001E878 (0x44312A23) sw gp, 1108(sp)
mem[0x8004B5B8] <- 0x00000002


mem[X,0x8001E87C] -> 0x0513
mem[X,0x8001E87E] -> 0x0000
[2798] [M]: 0x8001E87C (0x00000513) addi a0, zero, 0
x10 <- 0x00000000


mem[X,0x8001E880] -> 0x35B7
mem[X,0x8001E882] -> 0x3333
[2799] [M]: 0x8001E880 (0x333335B7) lui a1, 209715
x11 <- 0x33333000


clint::tick mtime <- 0x000000000000001C
 clint timer pending at mtime 0x000000000000001C
htif::tick 0x0000000000000000
mem[X,0x8001E884] -> 0x8593
mem[X,0x8001E886] -> 0x3345
[2800] [M]: 0x8001E884 (0x33458593) addi a1, a1, 820
x11 <- 0x33333334


mem[X,0x8001E888] -> 0x0193
mem[X,0x8001E88A] -> 0x0000
[2801] [M]: 0x8001E888 (0x00000193) addi gp, zero, 0
x3 <- 0x00000000


mem[X,0x8001E88C] -> 0x006F
mem[X,0x8001E88E] -> 0x2B10
[2802] [M]: 0x8001E88C (0x2B10006F) jal zero, 2736


mem[X,0x8001F33C] -> 0x7A63
mem[X,0x8001F33E] -> 0xD4B5
[2803] [M]: 0x8001F33C (0xD4B57A63) bgeu a0, a1, 5460


mem[X,0x8001F340] -> 0x8193
mem[X,0x8001F342] -> 0x0021
[2804] [M]: 0x8001F340 (0x00218193) addi gp, gp, 2
x3 <- 0x00000002


mem[X,0x8001F344] -> 0x006F
mem[X,0x8001F346] -> 0x00C0
[2805] [M]: 0x8001F344 (0x00C0006F) jal zero, 12


mem[X,0x8001F350] -> 0x2C23
mem[X,0x8001F352] -> 0x4431
[2806] [M]: 0x8001F350 (0x44312C23) sw gp, 1112(sp)
mem[0x8004B5BC] <- 0x00000002


mem[X,0x8001F354] -> 0x0513
mem[X,0x8001F356] -> 0x0000
[2807] [M]: 0x8001F354 (0x00000513) addi a0, zero, 0
x10 <- 0x00000000


mem[X,0x8001F358] -> 0x65B7
mem[X,0x8001F35A] -> 0x6666
[2808] [M]: 0x8001F358 (0x666665B7) lui a1, 419430
x11 <- 0x66666000


mem[X,0x8001F35C] -> 0x8593
mem[X,0x8001F35E] -> 0x6675
[2809] [M]: 0x8001F35C (0x66758593) addi a1, a1, 1639
x11 <- 0x66666667


mem[X,0x8001F360] -> 0x0193
mem[X,0x8001F362] -> 0x0000
[2810] [M]: 0x8001F360 (0x00000193) addi gp, zero, 0
x3 <- 0x00000000


mem[X,0x8001F364] -> 0x006F
mem[X,0x8001F366] -> 0x00C0
[2811] [M]: 0x8001F364 (0x00C0006F) jal zero, 12


mem[X,0x8001F370] -> 0x7CE3
mem[X,0x8001F372] -> 0xFEB5
[2812] [M]: 0x8001F370 (0xFEB57CE3) bgeu a0, a1, 8184


mem[X,0x8001F374] -> 0x8193
mem[X,0x8001F376] -> 0x0021
[2813] [M]: 0x8001F374 (0x00218193) addi gp, gp, 2
x3 <- 0x00000002


mem[X,0x8001F378] -> 0x006F
mem[X,0x8001F37A] -> 0x00C0
[2814] [M]: 0x8001F378 (0x00C0006F) jal zero, 12


mem[X,0x8001F384] -> 0x2E23
mem[X,0x8001F386] -> 0x4431
[2815] [M]: 0x8001F384 (0x44312E23) sw gp, 1116(sp)
mem[0x8004B5C0] <- 0x00000002


mem[X,0x8001F388] -> 0x0513
mem[X,0x8001F38A] -> 0x0000
[2816] [M]: 0x8001F388 (0x00000513) addi a0, zero, 0
x10 <- 0x00000000


mem[X,0x8001F38C] -> 0xB5B7
mem[X,0x8001F38E] -> 0x0000
[2817] [M]: 0x8001F38C (0x0000B5B7) lui a1, 11
x11 <- 0x0000B000


mem[X,0x8001F390] -> 0x8593
mem[X,0x8001F392] -> 0x5055
[2818] [M]: 0x8001F390 (0x50558593) addi a1, a1, 1285
x11 <- 0x0000B505


mem[X,0x8001F394] -> 0x0193
mem[X,0x8001F396] -> 0x0000
[2819] [M]: 0x8001F394 (0x00000193) addi gp, zero, 0
x3 <- 0x00000000


mem[X,0x8001F398] -> 0x006F
mem[X,0x8001F39A] -> 0x0100
[2820] [M]: 0x8001F398 (0x0100006F) jal zero, 16


mem[X,0x8001F3A8] -> 0x7AE3
mem[X,0x8001F3AA] -> 0xFEB5
[2821] [M]: 0x8001F3A8 (0xFEB57AE3) bgeu a0, a1, 8180


mem[X,0x8001F3AC] -> 0x8193
mem[X,0x8001F3AE] -> 0x0021
[2822] [M]: 0x8001F3AC (0x00218193) addi gp, gp, 2
x3 <- 0x00000002


mem[X,0x8001F3B0] -> 0x006F
mem[X,0x8001F3B2] -> 0x00C0
[2823] [M]: 0x8001F3B0 (0x00C0006F) jal zero, 12


mem[X,0x8001F3BC] -> 0x2023
mem[X,0x8001F3BE] -> 0x4631
[2824] [M]: 0x8001F3BC (0x46312023) sw gp, 1120(sp)
mem[0x8004B5C4] <- 0x00000002


mem[X,0x8001F3C0] -> 0x0513
mem[X,0x8001F3C2] -> 0x0000
[2825] [M]: 0x8001F3C0 (0x00000513) addi a0, zero, 0
x10 <- 0x00000000


mem[X,0x8001F3C4] -> 0x0593
mem[X,0x8001F3C6] -> 0x0010
[2826] [M]: 0x8001F3C4 (0x00100593) addi a1, zero, 1
x11 <- 0x00000001


mem[X,0x8001F3C8] -> 0x0193
mem[X,0x8001F3CA] -> 0x0000
[2827] [M]: 0x8001F3C8 (0x00000193) addi gp, zero, 0
x3 <- 0x00000000


mem[X,0x8001F3CC] -> 0x006F
mem[X,0x8001F3CE] -> 0x0050
[2828] [M]: 0x8001F3CC (0x0050006F) jal zero, 2052


mem[X,0x8001FBD0] -> 0x70E3
mem[X,0x8001FBD2] -> 0x80B5
[2829] [M]: 0x8001FBD0 (0x80B570E3) bgeu a0, a1, 6144


mem[X,0x8001FBD4] -> 0x8193
mem[X,0x8001FBD6] -> 0x0021
[2830] [M]: 0x8001FBD4 (0x00218193) addi gp, gp, 2
x3 <- 0x00000002


mem[X,0x8001FBD8] -> 0x006F
mem[X,0x8001FBDA] -> 0x00C0
[2831] [M]: 0x8001FBD8 (0x00C0006F) jal zero, 12


mem[X,0x8001FBE4] -> 0x2223
mem[X,0x8001FBE6] -> 0x4631
[2832] [M]: 0x8001FBE4 (0x46312223) sw gp, 1124(sp)
mem[0x8004B5C8] <- 0x00000002


mem[X,0x8001FBE8] -> 0x0513
mem[X,0x8001FBEA] -> 0x0000
[2833] [M]: 0x8001FBE8 (0x00000513) addi a0, zero, 0
x10 <- 0x00000000


mem[X,0x8001FBEC] -> 0x05B7
mem[X,0x8001FBEE] -> 0x0001
[2834] [M]: 0x8001FBEC (0x000105B7) lui a1, 16
x11 <- 0x00010000


mem[X,0x8001FBF0] -> 0x0193
mem[X,0x8001FBF2] -> 0x0000
[2835] [M]: 0x8001FBF0 (0x00000193) addi gp, zero, 0
x3 <- 0x00000000


mem[X,0x8001FBF4] -> 0x006F
mem[X,0x8001FBF6] -> 0x00C0
[2836] [M]: 0x8001FBF4 (0x00C0006F) jal zero, 12


mem[X,0x8001FC00] -> 0x7663
mem[X,0x8001FC02] -> 0x00B5
[2837] [M]: 0x8001FC00 (0x00B57663) bgeu a0, a1, 12


mem[X,0x8001FC04] -> 0x8193
mem[X,0x8001FC06] -> 0x0021
[2838] [M]: 0x8001FC04 (0x00218193) addi gp, gp, 2
x3 <- 0x00000002


mem[X,0x8001FC08] -> 0x006F
mem[X,0x8001FC0A] -> 0x00C0
[2839] [M]: 0x8001FC08 (0x00C0006F) jal zero, 12


mem[X,0x8001FC14] -> 0x2423
mem[X,0x8001FC16] -> 0x4631
[2840] [M]: 0x8001FC14 (0x46312423) sw gp, 1128(sp)
mem[0x8004B5CC] <- 0x00000002


mem[X,0x8001FC18] -> 0x0537
mem[X,0x8001FC1A] -> 0x0001
[2841] [M]: 0x8001FC18 (0x00010537) lui a0, 16
x10 <- 0x00010000


mem[X,0x8001FC1C] -> 0x0513
mem[X,0x8001FC1E] -> 0xFFF5
[2842] [M]: 0x8001FC1C (0xFFF50513) addi a0, a0, 4095
x10 <- 0x0000FFFF


mem[X,0x8001FC20] -> 0x0593
mem[X,0x8001FC22] -> 0x0030
[2843] [M]: 0x8001FC20 (0x00300593) addi a1, zero, 3
x11 <- 0x00000003


mem[X,0x8001FC24] -> 0x0193
mem[X,0x8001FC26] -> 0x0000
[2844] [M]: 0x8001FC24 (0x00000193) addi gp, zero, 0
x3 <- 0x00000000


mem[X,0x8001FC28] -> 0x006F
mem[X,0x8001FC2A] -> 0x00C0
[2845] [M]: 0x8001FC28 (0x00C0006F) jal zero, 12


mem[X,0x8001FC34] -> 0x7663
mem[X,0x8001FC36] -> 0x00B5
[2846] [M]: 0x8001FC34 (0x00B57663) bgeu a0, a1, 12


mem[X,0x8001FC40] -> 0x8193
mem[X,0x8001FC42] -> 0x0031
[2847] [M]: 0x8001FC40 (0x00318193) addi gp, gp, 3
x3 <- 0x00000003


mem[X,0x8001FC44] -> 0x006F
mem[X,0x8001FC46] -> 0x0040
[2848] [M]: 0x8001FC44 (0x0040006F) jal zero, 4


mem[X,0x8001FC48] -> 0x2623
mem[X,0x8001FC4A] -> 0x4631
[2849] [M]: 0x8001FC48 (0x46312623) sw gp, 1132(sp)
mem[0x8004B5D0] <- 0x00000003


mem[X,0x8001FC4C] -> 0x0537
mem[X,0x8001FC4E] -> 0x0001
[2850] [M]: 0x8001FC4C (0x00010537) lui a0, 16
x10 <- 0x00010000


mem[X,0x8001FC50] -> 0x0513
mem[X,0x8001FC52] -> 0xFFF5
[2851] [M]: 0x8001FC50 (0xFFF50513) addi a0, a0, 4095
x10 <- 0x0000FFFF


mem[X,0x8001FC54] -> 0x55B7
mem[X,0x8001FC56] -> 0x5555
[2852] [M]: 0x8001FC54 (0x555555B7) lui a1, 349525
x11 <- 0x55555000


mem[X,0x8001FC58] -> 0x8593
mem[X,0x8001FC5A] -> 0x5555
[2853] [M]: 0x8001FC58 (0x55558593) addi a1, a1, 1365
x11 <- 0x55555555


mem[X,0x8001FC5C] -> 0x0193
mem[X,0x8001FC5E] -> 0x0000
[2854] [M]: 0x8001FC5C (0x00000193) addi gp, zero, 0
x3 <- 0x00000000


mem[X,0x8001FC60] -> 0x006F
mem[X,0x8001FC62] -> 0x00C0
[2855] [M]: 0x8001FC60 (0x00C0006F) jal zero, 12


mem[X,0x8001FC6C] -> 0x7063
mem[X,0x8001FC6E] -> 0x04B5
[2856] [M]: 0x8001FC6C (0x04B57063) bgeu a0, a1, 64


mem[X,0x8001FC70] -> 0x8193
mem[X,0x8001FC72] -> 0x0021
[2857] [M]: 0x8001FC70 (0x00218193) addi gp, gp, 2
x3 <- 0x00000002


mem[X,0x8001FC74] -> 0x006F
mem[X,0x8001FC76] -> 0x0400
[2858] [M]: 0x8001FC74 (0x0400006F) jal zero, 64


mem[X,0x8001FCB4] -> 0x2823
mem[X,0x8001FCB6] -> 0x4631
[2859] [M]: 0x8001FCB4 (0x46312823) sw gp, 1136(sp)
mem[0x8004B5D4] <- 0x00000002


mem[X,0x8001FCB8] -> 0x0537
mem[X,0x8001FCBA] -> 0x0001
[2860] [M]: 0x8001FCB8 (0x00010537) lui a0, 16
x10 <- 0x00010000


mem[X,0x8001FCBC] -> 0x0513
mem[X,0x8001FCBE] -> 0xFFF5
[2861] [M]: 0x8001FCBC (0xFFF50513) addi a0, a0, 4095
x10 <- 0x0000FFFF


mem[X,0x8001FCC0] -> 0xB5B7
mem[X,0x8001FCC2] -> 0xAAAA
[2862] [M]: 0x8001FCC0 (0xAAAAB5B7) lui a1, 699051
x11 <- 0xAAAAB000


mem[X,0x8001FCC4] -> 0x8593
mem[X,0x8001FCC6] -> 0xAAA5
[2863] [M]: 0x8001FCC4 (0xAAA58593) addi a1, a1, 2730
x11 <- 0xAAAAAAAA


mem[X,0x8001FCC8] -> 0x0193
mem[X,0x8001FCCA] -> 0x0000
[2864] [M]: 0x8001FCC8 (0x00000193) addi gp, zero, 0
x3 <- 0x00000000


mem[X,0x8001FCCC] -> 0x006F
mem[X,0x8001FCCE] -> 0x00C0
[2865] [M]: 0x8001FCCC (0x00C0006F) jal zero, 12


mem[X,0x8001FCD8] -> 0x7CE3
mem[X,0x8001FCDA] -> 0xFEB5
[2866] [M]: 0x8001FCD8 (0xFEB57CE3) bgeu a0, a1, 8184


mem[X,0x8001FCDC] -> 0x8193
mem[X,0x8001FCDE] -> 0x0021
[2867] [M]: 0x8001FCDC (0x00218193) addi gp, gp, 2
x3 <- 0x00000002


mem[X,0x8001FCE0] -> 0x006F
mem[X,0x8001FCE2] -> 0x00C0
[2868] [M]: 0x8001FCE0 (0x00C0006F) jal zero, 12


mem[X,0x8001FCEC] -> 0x2A23
mem[X,0x8001FCEE] -> 0x4631
[2869] [M]: 0x8001FCEC (0x46312A23) sw gp, 1140(sp)
mem[0x8004B5D8] <- 0x00000002


mem[X,0x8001FCF0] -> 0x0537
mem[X,0x8001FCF2] -> 0x0001
[2870] [M]: 0x8001FCF0 (0x00010537) lui a0, 16
x10 <- 0x00010000


mem[X,0x8001FCF4] -> 0x0513
mem[X,0x8001FCF6] -> 0xFFF5
[2871] [M]: 0x8001FCF4 (0xFFF50513) addi a0, a0, 4095
x10 <- 0x0000FFFF


mem[X,0x8001FCF8] -> 0x0593
mem[X,0x8001FCFA] -> 0x0050
[2872] [M]: 0x8001FCF8 (0x00500593) addi a1, zero, 5
x11 <- 0x00000005


mem[X,0x8001FCFC] -> 0x0193
mem[X,0x8001FCFE] -> 0x0000
[2873] [M]: 0x8001FCFC (0x00000193) addi gp, zero, 0
x3 <- 0x00000000


mem[X,0x8001FD00] -> 0x006F
mem[X,0x8001FD02] -> 0x0100
[2874] [M]: 0x8001FD00 (0x0100006F) jal zero, 16


mem[X,0x8001FD10] -> 0x7AE3
mem[X,0x8001FD12] -> 0xFEB5
[2875] [M]: 0x8001FD10 (0xFEB57AE3) bgeu a0, a1, 8180


mem[X,0x8001FD04] -> 0x8193
mem[X,0x8001FD06] -> 0x0011
[2876] [M]: 0x8001FD04 (0x00118193) addi gp, gp, 1
x3 <- 0x00000001


mem[X,0x8001FD08] -> 0x006F
mem[X,0x8001FD0A] -> 0x01C0
[2877] [M]: 0x8001FD08 (0x01C0006F) jal zero, 28


mem[X,0x8001FD24] -> 0x2C23
mem[X,0x8001FD26] -> 0x4631
[2878] [M]: 0x8001FD24 (0x46312C23) sw gp, 1144(sp)
mem[0x8004B5DC] <- 0x00000001


mem[X,0x8001FD28] -> 0x0537
mem[X,0x8001FD2A] -> 0x0001
[2879] [M]: 0x8001FD28 (0x00010537) lui a0, 16
x10 <- 0x00010000


mem[X,0x8001FD2C] -> 0x0513
mem[X,0x8001FD2E] -> 0xFFF5
[2880] [M]: 0x8001FD2C (0xFFF50513) addi a0, a0, 4095
x10 <- 0x0000FFFF


mem[X,0x8001FD30] -> 0x35B7
mem[X,0x8001FD32] -> 0x3333
[2881] [M]: 0x8001FD30 (0x333335B7) lui a1, 209715
x11 <- 0x33333000


mem[X,0x8001FD34] -> 0x8593
mem[X,0x8001FD36] -> 0x3335
[2882] [M]: 0x8001FD34 (0x33358593) addi a1, a1, 819
x11 <- 0x33333333


mem[X,0x8001FD38] -> 0x0193
mem[X,0x8001FD3A] -> 0x0000
[2883] [M]: 0x8001FD38 (0x00000193) addi gp, zero, 0
x3 <- 0x00000000


mem[X,0x8001FD3C] -> 0x006F
mem[X,0x8001FD3E] -> 0x0100
[2884] [M]: 0x8001FD3C (0x0100006F) jal zero, 16


mem[X,0x8001FD4C] -> 0x7AE3
mem[X,0x8001FD4E] -> 0xFEB5
[2885] [M]: 0x8001FD4C (0xFEB57AE3) bgeu a0, a1, 8180


mem[X,0x8001FD50] -> 0x8193
mem[X,0x8001FD52] -> 0x0021
[2886] [M]: 0x8001FD50 (0x00218193) addi gp, gp, 2
x3 <- 0x00000002


mem[X,0x8001FD54] -> 0x006F
mem[X,0x8001FD56] -> 0x00C0
[2887] [M]: 0x8001FD54 (0x00C0006F) jal zero, 12


mem[X,0x8001FD60] -> 0x2E23
mem[X,0x8001FD62] -> 0x4631
[2888] [M]: 0x8001FD60 (0x46312E23) sw gp, 1148(sp)
mem[0x8004B5E0] <- 0x00000002


mem[X,0x8001FD64] -> 0x0537
mem[X,0x8001FD66] -> 0x0001
[2889] [M]: 0x8001FD64 (0x00010537) lui a0, 16
x10 <- 0x00010000


mem[X,0x8001FD68] -> 0x0513
mem[X,0x8001FD6A] -> 0xFFF5
[2890] [M]: 0x8001FD68 (0xFFF50513) addi a0, a0, 4095
x10 <- 0x0000FFFF


mem[X,0x8001FD6C] -> 0x65B7
mem[X,0x8001FD6E] -> 0x6666
[2891] [M]: 0x8001FD6C (0x666665B7) lui a1, 419430
x11 <- 0x66666000


mem[X,0x8001FD70] -> 0x8593
mem[X,0x8001FD72] -> 0x6665
[2892] [M]: 0x8001FD70 (0x66658593) addi a1, a1, 1638
x11 <- 0x66666666


mem[X,0x8001FD74] -> 0x0193
mem[X,0x8001FD76] -> 0x0000
[2893] [M]: 0x8001FD74 (0x00000193) addi gp, zero, 0
x3 <- 0x00000000


mem[X,0x8001FD78] -> 0x006F
mem[X,0x8001FD7A] -> 0x00C0
[2894] [M]: 0x8001FD78 (0x00C0006F) jal zero, 12


mem[X,0x8001FD84] -> 0x7063
mem[X,0x8001FD86] -> 0x04B5
[2895] [M]: 0x8001FD84 (0x04B57063) bgeu a0, a1, 64


mem[X,0x8001FD88] -> 0x8193
mem[X,0x8001FD8A] -> 0x0021
[2896] [M]: 0x8001FD88 (0x00218193) addi gp, gp, 2
x3 <- 0x00000002


mem[X,0x8001FD8C] -> 0x006F
mem[X,0x8001FD8E] -> 0x0400
[2897] [M]: 0x8001FD8C (0x0400006F) jal zero, 64


mem[X,0x8001FDCC] -> 0x2023
mem[X,0x8001FDCE] -> 0x4831
[2898] [M]: 0x8001FDCC (0x48312023) sw gp, 1152(sp)
mem[0x8004B5E4] <- 0x00000002


mem[X,0x8001FDD0] -> 0x0537
mem[X,0x8001FDD2] -> 0x0001
[2899] [M]: 0x8001FDD0 (0x00010537) lui a0, 16
x10 <- 0x00010000


clint::tick mtime <- 0x000000000000001D
 clint timer pending at mtime 0x000000000000001D
htif::tick 0x0000000000000000
mem[X,0x8001FDD4] -> 0x0513
mem[X,0x8001FDD6] -> 0xFFF5
[2900] [M]: 0x8001FDD4 (0xFFF50513) addi a0, a0, 4095
x10 <- 0x0000FFFF


mem[X,0x8001FDD8] -> 0xB5B7
mem[X,0x8001FDDA] -> 0x0000
[2901] [M]: 0x8001FDD8 (0x0000B5B7) lui a1, 11
x11 <- 0x0000B000


mem[X,0x8001FDDC] -> 0x8593
mem[X,0x8001FDDE] -> 0x5045
[2902] [M]: 0x8001FDDC (0x50458593) addi a1, a1, 1284
x11 <- 0x0000B504


mem[X,0x8001FDE0] -> 0x0193
mem[X,0x8001FDE2] -> 0x0000
[2903] [M]: 0x8001FDE0 (0x00000193) addi gp, zero, 0
x3 <- 0x00000000


mem[X,0x8001FDE4] -> 0x006F
mem[X,0x8001FDE6] -> 0x00C0
[2904] [M]: 0x8001FDE4 (0x00C0006F) jal zero, 12


mem[X,0x8001FDF0] -> 0x7063
mem[X,0x8001FDF2] -> 0x40B5
[2905] [M]: 0x8001FDF0 (0x40B57063) bgeu a0, a1, 1024


mem[X,0x800201F0] -> 0x8193
mem[X,0x800201F2] -> 0x0031
[2906] [M]: 0x800201F0 (0x00318193) addi gp, gp, 3
x3 <- 0x00000003


mem[X,0x800201F4] -> 0x006F
mem[X,0x800201F6] -> 0x0040
[2907] [M]: 0x800201F4 (0x0040006F) jal zero, 4


mem[X,0x800201F8] -> 0x2223
mem[X,0x800201FA] -> 0x4831
[2908] [M]: 0x800201F8 (0x48312223) sw gp, 1156(sp)
mem[0x8004B5E8] <- 0x00000003


mem[X,0x800201FC] -> 0x0537
mem[X,0x800201FE] -> 0x0001
[2909] [M]: 0x800201FC (0x00010537) lui a0, 16
x10 <- 0x00010000


mem[X,0x80020200] -> 0x0513
mem[X,0x80020202] -> 0xFFF5
[2910] [M]: 0x80020200 (0xFFF50513) addi a0, a0, 4095
x10 <- 0x0000FFFF


mem[X,0x80020204] -> 0x0593
mem[X,0x80020206] -> 0x0000
[2911] [M]: 0x80020204 (0x00000593) addi a1, zero, 0
x11 <- 0x00000000


mem[X,0x80020208] -> 0x0193
mem[X,0x8002020A] -> 0x0000
[2912] [M]: 0x80020208 (0x00000193) addi gp, zero, 0
x3 <- 0x00000000


mem[X,0x8002020C] -> 0x006F
mem[X,0x8002020E] -> 0x2B10
[2913] [M]: 0x8002020C (0x2B10006F) jal zero, 2736


mem[X,0x80020CBC] -> 0x7A63
mem[X,0x80020CBE] -> 0xD4B5
[2914] [M]: 0x80020CBC (0xD4B57A63) bgeu a0, a1, 5460


mem[X,0x80020210] -> 0x8193
mem[X,0x80020212] -> 0x0011
[2915] [M]: 0x80020210 (0x00118193) addi gp, gp, 1
x3 <- 0x00000001


mem[X,0x80020214] -> 0x006F
mem[X,0x80020216] -> 0x2BD0
[2916] [M]: 0x80020214 (0x2BD0006F) jal zero, 2748


mem[X,0x80020CD0] -> 0x2423
mem[X,0x80020CD2] -> 0x4831
[2917] [M]: 0x80020CD0 (0x48312423) sw gp, 1160(sp)
mem[0x8004B5EC] <- 0x00000001


mem[X,0x80020CD4] -> 0x0537
mem[X,0x80020CD6] -> 0x0001
[2918] [M]: 0x80020CD4 (0x00010537) lui a0, 16
x10 <- 0x00010000


mem[X,0x80020CD8] -> 0x0513
mem[X,0x80020CDA] -> 0xFFF5
[2919] [M]: 0x80020CD8 (0xFFF50513) addi a0, a0, 4095
x10 <- 0x0000FFFF


mem[X,0x80020CDC] -> 0x0593
mem[X,0x80020CDE] -> 0x0020
[2920] [M]: 0x80020CDC (0x00200593) addi a1, zero, 2
x11 <- 0x00000002


mem[X,0x80020CE0] -> 0x0193
mem[X,0x80020CE2] -> 0x0000
[2921] [M]: 0x80020CE0 (0x00000193) addi gp, zero, 0
x3 <- 0x00000000


mem[X,0x80020CE4] -> 0x006F
mem[X,0x80020CE6] -> 0x00C0
[2922] [M]: 0x80020CE4 (0x00C0006F) jal zero, 12


mem[X,0x80020CF0] -> 0x7063
mem[X,0x80020CF2] -> 0x40B5
[2923] [M]: 0x80020CF0 (0x40B57063) bgeu a0, a1, 1024


mem[X,0x800210F0] -> 0x8193
mem[X,0x800210F2] -> 0x0031
[2924] [M]: 0x800210F0 (0x00318193) addi gp, gp, 3
x3 <- 0x00000003


mem[X,0x800210F4] -> 0x006F
mem[X,0x800210F6] -> 0x0040
[2925] [M]: 0x800210F4 (0x0040006F) jal zero, 4


mem[X,0x800210F8] -> 0x2623
mem[X,0x800210FA] -> 0x4831
[2926] [M]: 0x800210F8 (0x48312623) sw gp, 1164(sp)
mem[0x8004B5F0] <- 0x00000003


mem[X,0x800210FC] -> 0x0537
mem[X,0x800210FE] -> 0x0001
[2927] [M]: 0x800210FC (0x00010537) lui a0, 16
x10 <- 0x00010000


mem[X,0x80021100] -> 0x0513
mem[X,0x80021102] -> 0xFFF5
[2928] [M]: 0x80021100 (0xFFF50513) addi a0, a0, 4095
x10 <- 0x0000FFFF


mem[X,0x80021104] -> 0x55B7
mem[X,0x80021106] -> 0x5555
[2929] [M]: 0x80021104 (0x555555B7) lui a1, 349525
x11 <- 0x55555000


mem[X,0x80021108] -> 0x8593
mem[X,0x8002110A] -> 0x5545
[2930] [M]: 0x80021108 (0x55458593) addi a1, a1, 1364
x11 <- 0x55555554


mem[X,0x8002110C] -> 0x0193
mem[X,0x8002110E] -> 0x0000
[2931] [M]: 0x8002110C (0x00000193) addi gp, zero, 0
x3 <- 0x00000000


mem[X,0x80021110] -> 0x006F
mem[X,0x80021112] -> 0x00C0
[2932] [M]: 0x80021110 (0x00C0006F) jal zero, 12


mem[X,0x8002111C] -> 0x7CE3
mem[X,0x8002111E] -> 0xFEB5
[2933] [M]: 0x8002111C (0xFEB57CE3) bgeu a0, a1, 8184


mem[X,0x80021120] -> 0x8193
mem[X,0x80021122] -> 0x0021
[2934] [M]: 0x80021120 (0x00218193) addi gp, gp, 2
x3 <- 0x00000002


mem[X,0x80021124] -> 0x006F
mem[X,0x80021126] -> 0x00C0
[2935] [M]: 0x80021124 (0x00C0006F) jal zero, 12


mem[X,0x80021130] -> 0x2823
mem[X,0x80021132] -> 0x4831
[2936] [M]: 0x80021130 (0x48312823) sw gp, 1168(sp)
mem[0x8004B5F4] <- 0x00000002


mem[X,0x80021134] -> 0x0537
mem[X,0x80021136] -> 0x0001
[2937] [M]: 0x80021134 (0x00010537) lui a0, 16
x10 <- 0x00010000


mem[X,0x80021138] -> 0x0513
mem[X,0x8002113A] -> 0xFFF5
[2938] [M]: 0x80021138 (0xFFF50513) addi a0, a0, 4095
x10 <- 0x0000FFFF


mem[X,0x8002113C] -> 0xB5B7
mem[X,0x8002113E] -> 0xAAAA
[2939] [M]: 0x8002113C (0xAAAAB5B7) lui a1, 699051
x11 <- 0xAAAAB000


mem[X,0x80021140] -> 0x8593
mem[X,0x80021142] -> 0xAA95
[2940] [M]: 0x80021140 (0xAA958593) addi a1, a1, 2729
x11 <- 0xAAAAAAA9


mem[X,0x80021144] -> 0x0193
mem[X,0x80021146] -> 0x0000
[2941] [M]: 0x80021144 (0x00000193) addi gp, zero, 0
x3 <- 0x00000000


mem[X,0x80021148] -> 0x006F
mem[X,0x8002114A] -> 0x00C0
[2942] [M]: 0x80021148 (0x00C0006F) jal zero, 12


mem[X,0x80021154] -> 0x7063
mem[X,0x80021156] -> 0x10B5
[2943] [M]: 0x80021154 (0x10B57063) bgeu a0, a1, 256


mem[X,0x80021158] -> 0x8193
mem[X,0x8002115A] -> 0x0021
[2944] [M]: 0x80021158 (0x00218193) addi gp, gp, 2
x3 <- 0x00000002


mem[X,0x8002115C] -> 0x006F
mem[X,0x8002115E] -> 0x1000
[2945] [M]: 0x8002115C (0x1000006F) jal zero, 256


mem[X,0x8002125C] -> 0x2A23
mem[X,0x8002125E] -> 0x4831
[2946] [M]: 0x8002125C (0x48312A23) sw gp, 1172(sp)
mem[0x8004B5F8] <- 0x00000002


mem[X,0x80021260] -> 0x0537
mem[X,0x80021262] -> 0x0001
[2947] [M]: 0x80021260 (0x00010537) lui a0, 16
x10 <- 0x00010000


mem[X,0x80021264] -> 0x0513
mem[X,0x80021266] -> 0xFFF5
[2948] [M]: 0x80021264 (0xFFF50513) addi a0, a0, 4095
x10 <- 0x0000FFFF


mem[X,0x80021268] -> 0x0593
mem[X,0x8002126A] -> 0x0040
[2949] [M]: 0x80021268 (0x00400593) addi a1, zero, 4
x11 <- 0x00000004


mem[X,0x8002126C] -> 0x0193
mem[X,0x8002126E] -> 0x0000
[2950] [M]: 0x8002126C (0x00000193) addi gp, zero, 0
x3 <- 0x00000000


mem[X,0x80021270] -> 0x006F
mem[X,0x80021272] -> 0x0050
[2951] [M]: 0x80021270 (0x0050006F) jal zero, 2052


mem[X,0x80021A74] -> 0x70E3
mem[X,0x80021A76] -> 0x80B5
[2952] [M]: 0x80021A74 (0x80B570E3) bgeu a0, a1, 6144


mem[X,0x80021274] -> 0x8193
mem[X,0x80021276] -> 0x0011
[2953] [M]: 0x80021274 (0x00118193) addi gp, gp, 1
x3 <- 0x00000001


mem[X,0x80021278] -> 0x006F
mem[X,0x8002127A] -> 0x0110
[2954] [M]: 0x80021278 (0x0110006F) jal zero, 2064


mem[X,0x80021A88] -> 0x2C23
mem[X,0x80021A8A] -> 0x4831
[2955] [M]: 0x80021A88 (0x48312C23) sw gp, 1176(sp)
mem[0x8004B5FC] <- 0x00000001


mem[X,0x80021A8C] -> 0x0537
mem[X,0x80021A8E] -> 0x0001
[2956] [M]: 0x80021A8C (0x00010537) lui a0, 16
x10 <- 0x00010000


mem[X,0x80021A90] -> 0x0513
mem[X,0x80021A92] -> 0xFFF5
[2957] [M]: 0x80021A90 (0xFFF50513) addi a0, a0, 4095
x10 <- 0x0000FFFF


mem[X,0x80021A94] -> 0x35B7
mem[X,0x80021A96] -> 0x3333
[2958] [M]: 0x80021A94 (0x333335B7) lui a1, 209715
x11 <- 0x33333000


mem[X,0x80021A98] -> 0x8593
mem[X,0x80021A9A] -> 0x3325
[2959] [M]: 0x80021A98 (0x33258593) addi a1, a1, 818
x11 <- 0x33333332


mem[X,0x80021A9C] -> 0x0193
mem[X,0x80021A9E] -> 0x0000
[2960] [M]: 0x80021A9C (0x00000193) addi gp, zero, 0
x3 <- 0x00000000


mem[X,0x80021AA0] -> 0x006F
mem[X,0x80021AA2] -> 0x2B10
[2961] [M]: 0x80021AA0 (0x2B10006F) jal zero, 2736


mem[X,0x80022550] -> 0x7A63
mem[X,0x80022552] -> 0xD4B5
[2962] [M]: 0x80022550 (0xD4B57A63) bgeu a0, a1, 5460


mem[X,0x80022554] -> 0x8193
mem[X,0x80022556] -> 0x0021
[2963] [M]: 0x80022554 (0x00218193) addi gp, gp, 2
x3 <- 0x00000002


mem[X,0x80022558] -> 0x006F
mem[X,0x8002255A] -> 0x00C0
[2964] [M]: 0x80022558 (0x00C0006F) jal zero, 12


mem[X,0x80022564] -> 0x2E23
mem[X,0x80022566] -> 0x4831
[2965] [M]: 0x80022564 (0x48312E23) sw gp, 1180(sp)
mem[0x8004B600] <- 0x00000002


mem[X,0x80022568] -> 0x0537
mem[X,0x8002256A] -> 0x0001
[2966] [M]: 0x80022568 (0x00010537) lui a0, 16
x10 <- 0x00010000


mem[X,0x8002256C] -> 0x0513
mem[X,0x8002256E] -> 0xFFF5
[2967] [M]: 0x8002256C (0xFFF50513) addi a0, a0, 4095
x10 <- 0x0000FFFF


mem[X,0x80022570] -> 0x65B7
mem[X,0x80022572] -> 0x6666
[2968] [M]: 0x80022570 (0x666665B7) lui a1, 419430
x11 <- 0x66666000


mem[X,0x80022574] -> 0x8593
mem[X,0x80022576] -> 0x6655
[2969] [M]: 0x80022574 (0x66558593) addi a1, a1, 1637
x11 <- 0x66666665


mem[X,0x80022578] -> 0x0193
mem[X,0x8002257A] -> 0x0000
[2970] [M]: 0x80022578 (0x00000193) addi gp, zero, 0
x3 <- 0x00000000


mem[X,0x8002257C] -> 0x006F
mem[X,0x8002257E] -> 0x00C0
[2971] [M]: 0x8002257C (0x00C0006F) jal zero, 12


mem[X,0x80022588] -> 0x7CE3
mem[X,0x8002258A] -> 0xFEB5
[2972] [M]: 0x80022588 (0xFEB57CE3) bgeu a0, a1, 8184


mem[X,0x8002258C] -> 0x8193
mem[X,0x8002258E] -> 0x0021
[2973] [M]: 0x8002258C (0x00218193) addi gp, gp, 2
x3 <- 0x00000002


mem[X,0x80022590] -> 0x006F
mem[X,0x80022592] -> 0x00C0
[2974] [M]: 0x80022590 (0x00C0006F) jal zero, 12


mem[X,0x8002259C] -> 0x2023
mem[X,0x8002259E] -> 0x4A31
[2975] [M]: 0x8002259C (0x4A312023) sw gp, 1184(sp)
mem[0x8004B604] <- 0x00000002


mem[X,0x800225A0] -> 0x0537
mem[X,0x800225A2] -> 0x0001
[2976] [M]: 0x800225A0 (0x00010537) lui a0, 16
x10 <- 0x00010000


mem[X,0x800225A4] -> 0x0513
mem[X,0x800225A6] -> 0xFFF5
[2977] [M]: 0x800225A4 (0xFFF50513) addi a0, a0, 4095
x10 <- 0x0000FFFF


mem[X,0x800225A8] -> 0xB5B7
mem[X,0x800225AA] -> 0x0000
[2978] [M]: 0x800225A8 (0x0000B5B7) lui a1, 11
x11 <- 0x0000B000


mem[X,0x800225AC] -> 0x8593
mem[X,0x800225AE] -> 0x5035
[2979] [M]: 0x800225AC (0x50358593) addi a1, a1, 1283
x11 <- 0x0000B503


mem[X,0x800225B0] -> 0x0193
mem[X,0x800225B2] -> 0x0000
[2980] [M]: 0x800225B0 (0x00000193) addi gp, zero, 0
x3 <- 0x00000000


mem[X,0x800225B4] -> 0x006F
mem[X,0x800225B6] -> 0x2B10
[2981] [M]: 0x800225B4 (0x2B10006F) jal zero, 2736


mem[X,0x80023064] -> 0x7A63
mem[X,0x80023066] -> 0xD4B5
[2982] [M]: 0x80023064 (0xD4B57A63) bgeu a0, a1, 5460


mem[X,0x800225B8] -> 0x8193
mem[X,0x800225BA] -> 0x0011
[2983] [M]: 0x800225B8 (0x00118193) addi gp, gp, 1
x3 <- 0x00000001


mem[X,0x800225BC] -> 0x006F
mem[X,0x800225BE] -> 0x2BD0
[2984] [M]: 0x800225BC (0x2BD0006F) jal zero, 2748


mem[X,0x80023078] -> 0x2223
mem[X,0x8002307A] -> 0x4A31
[2985] [M]: 0x80023078 (0x4A312223) sw gp, 1188(sp)
mem[0x8004B608] <- 0x00000001


mem[X,0x8002307C] -> 0x0537
mem[X,0x8002307E] -> 0x0001
[2986] [M]: 0x8002307C (0x00010537) lui a0, 16
x10 <- 0x00010000


mem[X,0x80023080] -> 0x0513
mem[X,0x80023082] -> 0xFFF5
[2987] [M]: 0x80023080 (0xFFF50513) addi a0, a0, 4095
x10 <- 0x0000FFFF


mem[X,0x80023084] -> 0x05B7
mem[X,0x80023086] -> 0x0001
[2988] [M]: 0x80023084 (0x000105B7) lui a1, 16
x11 <- 0x00010000


mem[X,0x80023088] -> 0x8593
mem[X,0x8002308A] -> 0xFFE5
[2989] [M]: 0x80023088 (0xFFE58593) addi a1, a1, 4094
x11 <- 0x0000FFFE


mem[X,0x8002308C] -> 0x0193
mem[X,0x8002308E] -> 0x0000
[2990] [M]: 0x8002308C (0x00000193) addi gp, zero, 0
x3 <- 0x00000000


mem[X,0x80023090] -> 0x006F
mem[X,0x80023092] -> 0x00C0
[2991] [M]: 0x80023090 (0x00C0006F) jal zero, 12


mem[X,0x8002309C] -> 0x7063
mem[X,0x8002309E] -> 0x08B5
[2992] [M]: 0x8002309C (0x08B57063) bgeu a0, a1, 128


mem[X,0x8002311C] -> 0x8193
mem[X,0x8002311E] -> 0x0031
[2993] [M]: 0x8002311C (0x00318193) addi gp, gp, 3
x3 <- 0x00000003


mem[X,0x80023120] -> 0x006F
mem[X,0x80023122] -> 0x0040
[2994] [M]: 0x80023120 (0x0040006F) jal zero, 4


mem[X,0x80023124] -> 0x2423
mem[X,0x80023126] -> 0x4A31
[2995] [M]: 0x80023124 (0x4A312423) sw gp, 1192(sp)
mem[0x8004B60C] <- 0x00000003


mem[X,0x80023128] -> 0x0537
mem[X,0x8002312A] -> 0x0001
[2996] [M]: 0x80023128 (0x00010537) lui a0, 16
x10 <- 0x00010000


mem[X,0x8002312C] -> 0x0513
mem[X,0x8002312E] -> 0xFFF5
[2997] [M]: 0x8002312C (0xFFF50513) addi a0, a0, 4095
x10 <- 0x0000FFFF


mem[X,0x80023130] -> 0x55B7
mem[X,0x80023132] -> 0x5555
[2998] [M]: 0x80023130 (0x555555B7) lui a1, 349525
x11 <- 0x55555000


mem[X,0x80023134] -> 0x8593
mem[X,0x80023136] -> 0x5565
[2999] [M]: 0x80023134 (0x55658593) addi a1, a1, 1366
x11 <- 0x55555556


clint::tick mtime <- 0x000000000000001E
 clint timer pending at mtime 0x000000000000001E
htif::tick 0x0000000000000000
mem[X,0x80023138] -> 0x0193
mem[X,0x8002313A] -> 0x0000
[3000] [M]: 0x80023138 (0x00000193) addi gp, zero, 0
x3 <- 0x00000000


mem[X,0x8002313C] -> 0x006F
mem[X,0x8002313E] -> 0x00C0
[3001] [M]: 0x8002313C (0x00C0006F) jal zero, 12


mem[X,0x80023148] -> 0x7063
mem[X,0x8002314A] -> 0x20B5
[3002] [M]: 0x80023148 (0x20B57063) bgeu a0, a1, 512


mem[X,0x8002314C] -> 0x8193
mem[X,0x8002314E] -> 0x0021
[3003] [M]: 0x8002314C (0x00218193) addi gp, gp, 2
x3 <- 0x00000002


mem[X,0x80023150] -> 0x006F
mem[X,0x80023152] -> 0x2000
[3004] [M]: 0x80023150 (0x2000006F) jal zero, 512


mem[X,0x80023350] -> 0x2623
mem[X,0x80023352] -> 0x4A31
[3005] [M]: 0x80023350 (0x4A312623) sw gp, 1196(sp)
mem[0x8004B610] <- 0x00000002


mem[X,0x80023354] -> 0x0537
mem[X,0x80023356] -> 0x0001
[3006] [M]: 0x80023354 (0x00010537) lui a0, 16
x10 <- 0x00010000


mem[X,0x80023358] -> 0x0513
mem[X,0x8002335A] -> 0xFFF5
[3007] [M]: 0x80023358 (0xFFF50513) addi a0, a0, 4095
x10 <- 0x0000FFFF


mem[X,0x8002335C] -> 0xB5B7
mem[X,0x8002335E] -> 0xAAAA
[3008] [M]: 0x8002335C (0xAAAAB5B7) lui a1, 699051
x11 <- 0xAAAAB000


mem[X,0x80023360] -> 0x8593
mem[X,0x80023362] -> 0xAAB5
[3009] [M]: 0x80023360 (0xAAB58593) addi a1, a1, 2731
x11 <- 0xAAAAAAAB


mem[X,0x80023364] -> 0x0193
mem[X,0x80023366] -> 0x0000
[3010] [M]: 0x80023364 (0x00000193) addi gp, zero, 0
x3 <- 0x00000000


mem[X,0x80023368] -> 0x006F
mem[X,0x8002336A] -> 0x00C0
[3011] [M]: 0x80023368 (0x00C0006F) jal zero, 12


mem[X,0x80023374] -> 0x7CE3
mem[X,0x80023376] -> 0xFEB5
[3012] [M]: 0x80023374 (0xFEB57CE3) bgeu a0, a1, 8184


mem[X,0x80023378] -> 0x8193
mem[X,0x8002337A] -> 0x0021
[3013] [M]: 0x80023378 (0x00218193) addi gp, gp, 2
x3 <- 0x00000002


mem[X,0x8002337C] -> 0x006F
mem[X,0x8002337E] -> 0x00C0
[3014] [M]: 0x8002337C (0x00C0006F) jal zero, 12


mem[X,0x80023388] -> 0x2823
mem[X,0x8002338A] -> 0x4A31
[3015] [M]: 0x80023388 (0x4A312823) sw gp, 1200(sp)
mem[0x8004B614] <- 0x00000002


mem[X,0x8002338C] -> 0x0537
mem[X,0x8002338E] -> 0x0001
[3016] [M]: 0x8002338C (0x00010537) lui a0, 16
x10 <- 0x00010000


mem[X,0x80023390] -> 0x0513
mem[X,0x80023392] -> 0xFFF5
[3017] [M]: 0x80023390 (0xFFF50513) addi a0, a0, 4095
x10 <- 0x0000FFFF


mem[X,0x80023394] -> 0x0593
mem[X,0x80023396] -> 0x0060
[3018] [M]: 0x80023394 (0x00600593) addi a1, zero, 6
x11 <- 0x00000006


mem[X,0x80023398] -> 0x0193
mem[X,0x8002339A] -> 0x0000
[3019] [M]: 0x80023398 (0x00000193) addi gp, zero, 0
x3 <- 0x00000000


mem[X,0x8002339C] -> 0x006F
mem[X,0x8002339E] -> 0x00C0
[3020] [M]: 0x8002339C (0x00C0006F) jal zero, 12


mem[X,0x800233A8] -> 0x7063
mem[X,0x800233AA] -> 0x20B5
[3021] [M]: 0x800233A8 (0x20B57063) bgeu a0, a1, 512


mem[X,0x800235A8] -> 0x8193
mem[X,0x800235AA] -> 0x0031
[3022] [M]: 0x800235A8 (0x00318193) addi gp, gp, 3
x3 <- 0x00000003


mem[X,0x800235AC] -> 0x006F
mem[X,0x800235AE] -> 0x0040
[3023] [M]: 0x800235AC (0x0040006F) jal zero, 4


mem[X,0x800235B0] -> 0x2A23
mem[X,0x800235B2] -> 0x4A31
[3024] [M]: 0x800235B0 (0x4A312A23) sw gp, 1204(sp)
mem[0x8004B618] <- 0x00000003


mem[X,0x800235B4] -> 0x0537
mem[X,0x800235B6] -> 0x0001
[3025] [M]: 0x800235B4 (0x00010537) lui a0, 16
x10 <- 0x00010000


mem[X,0x800235B8] -> 0x0513
mem[X,0x800235BA] -> 0xFFF5
[3026] [M]: 0x800235B8 (0xFFF50513) addi a0, a0, 4095
x10 <- 0x0000FFFF


mem[X,0x800235BC] -> 0x35B7
mem[X,0x800235BE] -> 0x3333
[3027] [M]: 0x800235BC (0x333335B7) lui a1, 209715
x11 <- 0x33333000


mem[X,0x800235C0] -> 0x8593
mem[X,0x800235C2] -> 0x3345
[3028] [M]: 0x800235C0 (0x33458593) addi a1, a1, 820
x11 <- 0x33333334


mem[X,0x800235C4] -> 0x0193
mem[X,0x800235C6] -> 0x0000
[3029] [M]: 0x800235C4 (0x00000193) addi gp, zero, 0
x3 <- 0x00000000


mem[X,0x800235C8] -> 0x006F
mem[X,0x800235CA] -> 0x00C0
[3030] [M]: 0x800235C8 (0x00C0006F) jal zero, 12


mem[X,0x800235D4] -> 0x7663
mem[X,0x800235D6] -> 0x00B5
[3031] [M]: 0x800235D4 (0x00B57663) bgeu a0, a1, 12


mem[X,0x800235D8] -> 0x8193
mem[X,0x800235DA] -> 0x0021
[3032] [M]: 0x800235D8 (0x00218193) addi gp, gp, 2
x3 <- 0x00000002


mem[X,0x800235DC] -> 0x006F
mem[X,0x800235DE] -> 0x00C0
[3033] [M]: 0x800235DC (0x00C0006F) jal zero, 12


mem[X,0x800235E8] -> 0x2C23
mem[X,0x800235EA] -> 0x4A31
[3034] [M]: 0x800235E8 (0x4A312C23) sw gp, 1208(sp)
mem[0x8004B61C] <- 0x00000002


mem[X,0x800235EC] -> 0x0537
mem[X,0x800235EE] -> 0x0001
[3035] [M]: 0x800235EC (0x00010537) lui a0, 16
x10 <- 0x00010000


mem[X,0x800235F0] -> 0x0513
mem[X,0x800235F2] -> 0xFFF5
[3036] [M]: 0x800235F0 (0xFFF50513) addi a0, a0, 4095
x10 <- 0x0000FFFF


mem[X,0x800235F4] -> 0x65B7
mem[X,0x800235F6] -> 0x6666
[3037] [M]: 0x800235F4 (0x666665B7) lui a1, 419430
x11 <- 0x66666000


mem[X,0x800235F8] -> 0x8593
mem[X,0x800235FA] -> 0x6675
[3038] [M]: 0x800235F8 (0x66758593) addi a1, a1, 1639
x11 <- 0x66666667


mem[X,0x800235FC] -> 0x0193
mem[X,0x800235FE] -> 0x0000
[3039] [M]: 0x800235FC (0x00000193) addi gp, zero, 0
x3 <- 0x00000000


mem[X,0x80023600] -> 0x006F
mem[X,0x80023602] -> 0x00C0
[3040] [M]: 0x80023600 (0x00C0006F) jal zero, 12


mem[X,0x8002360C] -> 0x7663
mem[X,0x8002360E] -> 0x00B5
[3041] [M]: 0x8002360C (0x00B57663) bgeu a0, a1, 12


mem[X,0x80023610] -> 0x8193
mem[X,0x80023612] -> 0x0021
[3042] [M]: 0x80023610 (0x00218193) addi gp, gp, 2
x3 <- 0x00000002


mem[X,0x80023614] -> 0x006F
mem[X,0x80023616] -> 0x00C0
[3043] [M]: 0x80023614 (0x00C0006F) jal zero, 12


mem[X,0x80023620] -> 0x2E23
mem[X,0x80023622] -> 0x4A31
[3044] [M]: 0x80023620 (0x4A312E23) sw gp, 1212(sp)
mem[0x8004B620] <- 0x00000002


mem[X,0x80023624] -> 0x0537
mem[X,0x80023626] -> 0x0001
[3045] [M]: 0x80023624 (0x00010537) lui a0, 16
x10 <- 0x00010000


mem[X,0x80023628] -> 0x0513
mem[X,0x8002362A] -> 0xFFF5
[3046] [M]: 0x80023628 (0xFFF50513) addi a0, a0, 4095
x10 <- 0x0000FFFF


mem[X,0x8002362C] -> 0xB5B7
mem[X,0x8002362E] -> 0x0000
[3047] [M]: 0x8002362C (0x0000B5B7) lui a1, 11
x11 <- 0x0000B000


mem[X,0x80023630] -> 0x8593
mem[X,0x80023632] -> 0x5055
[3048] [M]: 0x80023630 (0x50558593) addi a1, a1, 1285
x11 <- 0x0000B505


mem[X,0x80023634] -> 0x0193
mem[X,0x80023636] -> 0x0000
[3049] [M]: 0x80023634 (0x00000193) addi gp, zero, 0
x3 <- 0x00000000


mem[X,0x80023638] -> 0x006F
mem[X,0x8002363A] -> 0x0140
[3050] [M]: 0x80023638 (0x0140006F) jal zero, 20


mem[X,0x8002364C] -> 0x78E3
mem[X,0x8002364E] -> 0xFEB5
[3051] [M]: 0x8002364C (0xFEB578E3) bgeu a0, a1, 8176


mem[X,0x8002363C] -> 0x8193
mem[X,0x8002363E] -> 0x0011
[3052] [M]: 0x8002363C (0x00118193) addi gp, gp, 1
x3 <- 0x00000001


mem[X,0x80023640] -> 0x006F
mem[X,0x80023642] -> 0x0200
[3053] [M]: 0x80023640 (0x0200006F) jal zero, 32


mem[X,0x80023660] -> 0x2023
mem[X,0x80023662] -> 0x4C31
[3054] [M]: 0x80023660 (0x4C312023) sw gp, 1216(sp)
mem[0x8004B624] <- 0x00000001


mem[X,0x80023664] -> 0x0537
mem[X,0x80023666] -> 0x0001
[3055] [M]: 0x80023664 (0x00010537) lui a0, 16
x10 <- 0x00010000


mem[X,0x80023668] -> 0x0513
mem[X,0x8002366A] -> 0xFFF5
[3056] [M]: 0x80023668 (0xFFF50513) addi a0, a0, 4095
x10 <- 0x0000FFFF


mem[X,0x8002366C] -> 0x0593
mem[X,0x8002366E] -> 0x0010
[3057] [M]: 0x8002366C (0x00100593) addi a1, zero, 1
x11 <- 0x00000001


mem[X,0x80023670] -> 0x0193
mem[X,0x80023672] -> 0x0000
[3058] [M]: 0x80023670 (0x00000193) addi gp, zero, 0
x3 <- 0x00000000


mem[X,0x80023674] -> 0x006F
mem[X,0x80023676] -> 0x0140
[3059] [M]: 0x80023674 (0x0140006F) jal zero, 20


mem[X,0x80023688] -> 0x78E3
mem[X,0x8002368A] -> 0xFEB5
[3060] [M]: 0x80023688 (0xFEB578E3) bgeu a0, a1, 8176


mem[X,0x80023678] -> 0x8193
mem[X,0x8002367A] -> 0x0011
[3061] [M]: 0x80023678 (0x00118193) addi gp, gp, 1
x3 <- 0x00000001


mem[X,0x8002367C] -> 0x006F
mem[X,0x8002367E] -> 0x0200
[3062] [M]: 0x8002367C (0x0200006F) jal zero, 32


mem[X,0x8002369C] -> 0x2223
mem[X,0x8002369E] -> 0x4C31
[3063] [M]: 0x8002369C (0x4C312223) sw gp, 1220(sp)
mem[0x8004B628] <- 0x00000001


mem[X,0x800236A0] -> 0x0537
mem[X,0x800236A2] -> 0x0001
[3064] [M]: 0x800236A0 (0x00010537) lui a0, 16
x10 <- 0x00010000


mem[X,0x800236A4] -> 0x0513
mem[X,0x800236A6] -> 0xFFF5
[3065] [M]: 0x800236A4 (0xFFF50513) addi a0, a0, 4095
x10 <- 0x0000FFFF


mem[X,0x800236A8] -> 0x05B7
mem[X,0x800236AA] -> 0x0001
[3066] [M]: 0x800236A8 (0x000105B7) lui a1, 16
x11 <- 0x00010000


mem[X,0x800236AC] -> 0x0193
mem[X,0x800236AE] -> 0x0000
[3067] [M]: 0x800236AC (0x00000193) addi gp, zero, 0
x3 <- 0x00000000


mem[X,0x800236B0] -> 0x006F
mem[X,0x800236B2] -> 0x00C0
[3068] [M]: 0x800236B0 (0x00C0006F) jal zero, 12


mem[X,0x800236BC] -> 0x7663
mem[X,0x800236BE] -> 0x00B5
[3069] [M]: 0x800236BC (0x00B57663) bgeu a0, a1, 12


mem[X,0x800236C0] -> 0x8193
mem[X,0x800236C2] -> 0x0021
[3070] [M]: 0x800236C0 (0x00218193) addi gp, gp, 2
x3 <- 0x00000002


mem[X,0x800236C4] -> 0x006F
mem[X,0x800236C6] -> 0x00C0
[3071] [M]: 0x800236C4 (0x00C0006F) jal zero, 12


mem[X,0x800236D0] -> 0x2423
mem[X,0x800236D2] -> 0x4C31
[3072] [M]: 0x800236D0 (0x4C312423) sw gp, 1224(sp)
mem[0x8004B62C] <- 0x00000002


mem[X,0x800236D4] -> 0x0513
mem[X,0x800236D6] -> 0x0020
[3073] [M]: 0x800236D4 (0x00200513) addi a0, zero, 2
x10 <- 0x00000002


mem[X,0x800236D8] -> 0x0593
mem[X,0x800236DA] -> 0x0030
[3074] [M]: 0x800236D8 (0x00300593) addi a1, zero, 3
x11 <- 0x00000003


mem[X,0x800236DC] -> 0x0193
mem[X,0x800236DE] -> 0x0000
[3075] [M]: 0x800236DC (0x00000193) addi gp, zero, 0
x3 <- 0x00000000


mem[X,0x800236E0] -> 0x006F
mem[X,0x800236E2] -> 0x00C0
[3076] [M]: 0x800236E0 (0x00C0006F) jal zero, 12


mem[X,0x800236EC] -> 0x7663
mem[X,0x800236EE] -> 0x00B5
[3077] [M]: 0x800236EC (0x00B57663) bgeu a0, a1, 12


mem[X,0x800236F0] -> 0x8193
mem[X,0x800236F2] -> 0x0021
[3078] [M]: 0x800236F0 (0x00218193) addi gp, gp, 2
x3 <- 0x00000002


mem[X,0x800236F4] -> 0x006F
mem[X,0x800236F6] -> 0x00C0
[3079] [M]: 0x800236F4 (0x00C0006F) jal zero, 12


mem[X,0x80023700] -> 0x2623
mem[X,0x80023702] -> 0x4C31
[3080] [M]: 0x80023700 (0x4C312623) sw gp, 1228(sp)
mem[0x8004B630] <- 0x00000002


mem[X,0x80023704] -> 0x0513
mem[X,0x80023706] -> 0x0020
[3081] [M]: 0x80023704 (0x00200513) addi a0, zero, 2
x10 <- 0x00000002


mem[X,0x80023708] -> 0x55B7
mem[X,0x8002370A] -> 0x5555
[3082] [M]: 0x80023708 (0x555555B7) lui a1, 349525
x11 <- 0x55555000


mem[X,0x8002370C] -> 0x8593
mem[X,0x8002370E] -> 0x5555
[3083] [M]: 0x8002370C (0x55558593) addi a1, a1, 1365
x11 <- 0x55555555


mem[X,0x80023710] -> 0x0193
mem[X,0x80023712] -> 0x0000
[3084] [M]: 0x80023710 (0x00000193) addi gp, zero, 0
x3 <- 0x00000000


mem[X,0x80023714] -> 0x006F
mem[X,0x80023716] -> 0x0140
[3085] [M]: 0x80023714 (0x0140006F) jal zero, 20


mem[X,0x80023728] -> 0x78E3
mem[X,0x8002372A] -> 0xFEB5
[3086] [M]: 0x80023728 (0xFEB578E3) bgeu a0, a1, 8176


mem[X,0x8002372C] -> 0x8193
mem[X,0x8002372E] -> 0x0021
[3087] [M]: 0x8002372C (0x00218193) addi gp, gp, 2
x3 <- 0x00000002


mem[X,0x80023730] -> 0x006F
mem[X,0x80023732] -> 0x00C0
[3088] [M]: 0x80023730 (0x00C0006F) jal zero, 12


mem[X,0x8002373C] -> 0x2823
mem[X,0x8002373E] -> 0x4C31
[3089] [M]: 0x8002373C (0x4C312823) sw gp, 1232(sp)
mem[0x8004B634] <- 0x00000002


mem[X,0x80023740] -> 0x0513
mem[X,0x80023742] -> 0x0020
[3090] [M]: 0x80023740 (0x00200513) addi a0, zero, 2
x10 <- 0x00000002


mem[X,0x80023744] -> 0xB5B7
mem[X,0x80023746] -> 0xAAAA
[3091] [M]: 0x80023744 (0xAAAAB5B7) lui a1, 699051
x11 <- 0xAAAAB000


mem[X,0x80023748] -> 0x8593
mem[X,0x8002374A] -> 0xAAA5
[3092] [M]: 0x80023748 (0xAAA58593) addi a1, a1, 2730
x11 <- 0xAAAAAAAA


mem[X,0x8002374C] -> 0x0193
mem[X,0x8002374E] -> 0x0000
[3093] [M]: 0x8002374C (0x00000193) addi gp, zero, 0
x3 <- 0x00000000


mem[X,0x80023750] -> 0x006F
mem[X,0x80023752] -> 0x0050
[3094] [M]: 0x80023750 (0x0050006F) jal zero, 2052


mem[X,0x80023F54] -> 0x70E3
mem[X,0x80023F56] -> 0x80B5
[3095] [M]: 0x80023F54 (0x80B570E3) bgeu a0, a1, 6144


mem[X,0x80023F58] -> 0x8193
mem[X,0x80023F5A] -> 0x0021
[3096] [M]: 0x80023F58 (0x00218193) addi gp, gp, 2
x3 <- 0x00000002


mem[X,0x80023F5C] -> 0x006F
mem[X,0x80023F5E] -> 0x00C0
[3097] [M]: 0x80023F5C (0x00C0006F) jal zero, 12


mem[X,0x80023F68] -> 0x2A23
mem[X,0x80023F6A] -> 0x4C31
[3098] [M]: 0x80023F68 (0x4C312A23) sw gp, 1236(sp)
mem[0x8004B638] <- 0x00000002


mem[X,0x80023F6C] -> 0x0513
mem[X,0x80023F6E] -> 0x0020
[3099] [M]: 0x80023F6C (0x00200513) addi a0, zero, 2
x10 <- 0x00000002


clint::tick mtime <- 0x000000000000001F
 clint timer pending at mtime 0x000000000000001F
htif::tick 0x0000000000000000
mem[X,0x80023F70] -> 0x0593
mem[X,0x80023F72] -> 0x0050
[3100] [M]: 0x80023F70 (0x00500593) addi a1, zero, 5
x11 <- 0x00000005


mem[X,0x80023F74] -> 0x0193
mem[X,0x80023F76] -> 0x0000
[3101] [M]: 0x80023F74 (0x00000193) addi gp, zero, 0
x3 <- 0x00000000


mem[X,0x80023F78] -> 0x006F
mem[X,0x80023F7A] -> 0x00C0
[3102] [M]: 0x80023F78 (0x00C0006F) jal zero, 12


mem[X,0x80023F84] -> 0x7863
mem[X,0x80023F86] -> 0x00B5
[3103] [M]: 0x80023F84 (0x00B57863) bgeu a0, a1, 16


mem[X,0x80023F88] -> 0x8193
mem[X,0x80023F8A] -> 0x0021
[3104] [M]: 0x80023F88 (0x00218193) addi gp, gp, 2
x3 <- 0x00000002


mem[X,0x80023F8C] -> 0x006F
mem[X,0x80023F8E] -> 0x0100
[3105] [M]: 0x80023F8C (0x0100006F) jal zero, 16


mem[X,0x80023F9C] -> 0x2C23
mem[X,0x80023F9E] -> 0x4C31
[3106] [M]: 0x80023F9C (0x4C312C23) sw gp, 1240(sp)
mem[0x8004B63C] <- 0x00000002


mem[X,0x80023FA0] -> 0x0513
mem[X,0x80023FA2] -> 0x0020
[3107] [M]: 0x80023FA0 (0x00200513) addi a0, zero, 2
x10 <- 0x00000002


mem[X,0x80023FA4] -> 0x35B7
mem[X,0x80023FA6] -> 0x3333
[3108] [M]: 0x80023FA4 (0x333335B7) lui a1, 209715
x11 <- 0x33333000


mem[X,0x80023FA8] -> 0x8593
mem[X,0x80023FAA] -> 0x3335
[3109] [M]: 0x80023FA8 (0x33358593) addi a1, a1, 819
x11 <- 0x33333333


mem[X,0x80023FAC] -> 0x0193
mem[X,0x80023FAE] -> 0x0000
[3110] [M]: 0x80023FAC (0x00000193) addi gp, zero, 0
x3 <- 0x00000000


mem[X,0x80023FB0] -> 0x006F
mem[X,0x80023FB2] -> 0x2B10
[3111] [M]: 0x80023FB0 (0x2B10006F) jal zero, 2736


mem[X,0x80024A60] -> 0x7A63
mem[X,0x80024A62] -> 0xD4B5
[3112] [M]: 0x80024A60 (0xD4B57A63) bgeu a0, a1, 5460


mem[X,0x80024A64] -> 0x8193
mem[X,0x80024A66] -> 0x0021
[3113] [M]: 0x80024A64 (0x00218193) addi gp, gp, 2
x3 <- 0x00000002


mem[X,0x80024A68] -> 0x006F
mem[X,0x80024A6A] -> 0x00C0
[3114] [M]: 0x80024A68 (0x00C0006F) jal zero, 12


mem[X,0x80024A74] -> 0x2E23
mem[X,0x80024A76] -> 0x4C31
[3115] [M]: 0x80024A74 (0x4C312E23) sw gp, 1244(sp)
mem[0x8004B640] <- 0x00000002


mem[X,0x80024A78] -> 0x0513
mem[X,0x80024A7A] -> 0x0020
[3116] [M]: 0x80024A78 (0x00200513) addi a0, zero, 2
x10 <- 0x00000002


mem[X,0x80024A7C] -> 0x65B7
mem[X,0x80024A7E] -> 0x6666
[3117] [M]: 0x80024A7C (0x666665B7) lui a1, 419430
x11 <- 0x66666000


mem[X,0x80024A80] -> 0x8593
mem[X,0x80024A82] -> 0x6665
[3118] [M]: 0x80024A80 (0x66658593) addi a1, a1, 1638
x11 <- 0x66666666


mem[X,0x80024A84] -> 0x0193
mem[X,0x80024A86] -> 0x0000
[3119] [M]: 0x80024A84 (0x00000193) addi gp, zero, 0
x3 <- 0x00000000


mem[X,0x80024A88] -> 0x006F
mem[X,0x80024A8A] -> 0x0140
[3120] [M]: 0x80024A88 (0x0140006F) jal zero, 20


mem[X,0x80024A9C] -> 0x78E3
mem[X,0x80024A9E] -> 0xFEB5
[3121] [M]: 0x80024A9C (0xFEB578E3) bgeu a0, a1, 8176


mem[X,0x80024AA0] -> 0x8193
mem[X,0x80024AA2] -> 0x0021
[3122] [M]: 0x80024AA0 (0x00218193) addi gp, gp, 2
x3 <- 0x00000002


mem[X,0x80024AA4] -> 0x006F
mem[X,0x80024AA6] -> 0x00C0
[3123] [M]: 0x80024AA4 (0x00C0006F) jal zero, 12


mem[X,0x80024AB0] -> 0x2023
mem[X,0x80024AB2] -> 0x4E31
[3124] [M]: 0x80024AB0 (0x4E312023) sw gp, 1248(sp)
mem[0x8004B644] <- 0x00000002


mem[X,0x80024AB4] -> 0x0513
mem[X,0x80024AB6] -> 0x0020
[3125] [M]: 0x80024AB4 (0x00200513) addi a0, zero, 2
x10 <- 0x00000002


mem[X,0x80024AB8] -> 0xB5B7
mem[X,0x80024ABA] -> 0x0000
[3126] [M]: 0x80024AB8 (0x0000B5B7) lui a1, 11
x11 <- 0x0000B000


mem[X,0x80024ABC] -> 0x8593
mem[X,0x80024ABE] -> 0x5045
[3127] [M]: 0x80024ABC (0x50458593) addi a1, a1, 1284
x11 <- 0x0000B504


mem[X,0x80024AC0] -> 0x0193
mem[X,0x80024AC2] -> 0x0000
[3128] [M]: 0x80024AC0 (0x00000193) addi gp, zero, 0
x3 <- 0x00000000


mem[X,0x80024AC4] -> 0x006F
mem[X,0x80024AC6] -> 0x0050
[3129] [M]: 0x80024AC4 (0x0050006F) jal zero, 2052


mem[X,0x800252C8] -> 0x70E3
mem[X,0x800252CA] -> 0x80B5
[3130] [M]: 0x800252C8 (0x80B570E3) bgeu a0, a1, 6144


mem[X,0x800252CC] -> 0x8193
mem[X,0x800252CE] -> 0x0021
[3131] [M]: 0x800252CC (0x00218193) addi gp, gp, 2
x3 <- 0x00000002


mem[X,0x800252D0] -> 0x006F
mem[X,0x800252D2] -> 0x00C0
[3132] [M]: 0x800252D0 (0x00C0006F) jal zero, 12


mem[X,0x800252DC] -> 0x2223
mem[X,0x800252DE] -> 0x4E31
[3133] [M]: 0x800252DC (0x4E312223) sw gp, 1252(sp)
mem[0x8004B648] <- 0x00000002


mem[X,0x800252E0] -> 0x0513
mem[X,0x800252E2] -> 0x0020
[3134] [M]: 0x800252E0 (0x00200513) addi a0, zero, 2
x10 <- 0x00000002


mem[X,0x800252E4] -> 0x0593
mem[X,0x800252E6] -> 0x0000
[3135] [M]: 0x800252E4 (0x00000593) addi a1, zero, 0
x11 <- 0x00000000


mem[X,0x800252E8] -> 0x0193
mem[X,0x800252EA] -> 0x0000
[3136] [M]: 0x800252E8 (0x00000193) addi gp, zero, 0
x3 <- 0x00000000


mem[X,0x800252EC] -> 0x006F
mem[X,0x800252EE] -> 0x00C0
[3137] [M]: 0x800252EC (0x00C0006F) jal zero, 12


mem[X,0x800252F8] -> 0x7663
mem[X,0x800252FA] -> 0x00B5
[3138] [M]: 0x800252F8 (0x00B57663) bgeu a0, a1, 12


mem[X,0x80025304] -> 0x8193
mem[X,0x80025306] -> 0x0031
[3139] [M]: 0x80025304 (0x00318193) addi gp, gp, 3
x3 <- 0x00000003


mem[X,0x80025308] -> 0x006F
mem[X,0x8002530A] -> 0x0040
[3140] [M]: 0x80025308 (0x0040006F) jal zero, 4


mem[X,0x8002530C] -> 0x2423
mem[X,0x8002530E] -> 0x4E31
[3141] [M]: 0x8002530C (0x4E312423) sw gp, 1256(sp)
mem[0x8004B64C] <- 0x00000003


mem[X,0x80025310] -> 0x0513
mem[X,0x80025312] -> 0x0020
[3142] [M]: 0x80025310 (0x00200513) addi a0, zero, 2
x10 <- 0x00000002


mem[X,0x80025314] -> 0x05B7
mem[X,0x80025316] -> 0x0001
[3143] [M]: 0x80025314 (0x000105B7) lui a1, 16
x11 <- 0x00010000


mem[X,0x80025318] -> 0x8593
mem[X,0x8002531A] -> 0xFFF5
[3144] [M]: 0x80025318 (0xFFF58593) addi a1, a1, 4095
x11 <- 0x0000FFFF


mem[X,0x8002531C] -> 0x0193
mem[X,0x8002531E] -> 0x0000
[3145] [M]: 0x8002531C (0x00000193) addi gp, zero, 0
x3 <- 0x00000000


mem[X,0x80025320] -> 0x006F
mem[X,0x80025322] -> 0x00C0
[3146] [M]: 0x80025320 (0x00C0006F) jal zero, 12


mem[X,0x8002532C] -> 0x7663
mem[X,0x8002532E] -> 0x00B5
[3147] [M]: 0x8002532C (0x00B57663) bgeu a0, a1, 12


mem[X,0x80025330] -> 0x8193
mem[X,0x80025332] -> 0x0021
[3148] [M]: 0x80025330 (0x00218193) addi gp, gp, 2
x3 <- 0x00000002


mem[X,0x80025334] -> 0x006F
mem[X,0x80025336] -> 0x00C0
[3149] [M]: 0x80025334 (0x00C0006F) jal zero, 12


mem[X,0x80025340] -> 0x2623
mem[X,0x80025342] -> 0x4E31
[3150] [M]: 0x80025340 (0x4E312623) sw gp, 1260(sp)
mem[0x8004B650] <- 0x00000002


mem[X,0x80025344] -> 0x0513
mem[X,0x80025346] -> 0x0020
[3151] [M]: 0x80025344 (0x00200513) addi a0, zero, 2
x10 <- 0x00000002


mem[X,0x80025348] -> 0x0593
mem[X,0x8002534A] -> 0x0020
[3152] [M]: 0x80025348 (0x00200593) addi a1, zero, 2
x11 <- 0x00000002


mem[X,0x8002534C] -> 0x0193
mem[X,0x8002534E] -> 0x0000
[3153] [M]: 0x8002534C (0x00000193) addi gp, zero, 0
x3 <- 0x00000000


mem[X,0x80025350] -> 0x006F
mem[X,0x80025352] -> 0x0050
[3154] [M]: 0x80025350 (0x0050006F) jal zero, 2052


mem[X,0x80025B54] -> 0x70E3
mem[X,0x80025B56] -> 0x80B5
[3155] [M]: 0x80025B54 (0x80B570E3) bgeu a0, a1, 6144


mem[X,0x80025354] -> 0x8193
mem[X,0x80025356] -> 0x0011
[3156] [M]: 0x80025354 (0x00118193) addi gp, gp, 1
x3 <- 0x00000001


mem[X,0x80025358] -> 0x006F
mem[X,0x8002535A] -> 0x0110
[3157] [M]: 0x80025358 (0x0110006F) jal zero, 2064


mem[X,0x80025B68] -> 0x2823
mem[X,0x80025B6A] -> 0x4E31
[3158] [M]: 0x80025B68 (0x4E312823) sw gp, 1264(sp)
mem[0x8004B654] <- 0x00000001


mem[X,0x80025B6C] -> 0x0513
mem[X,0x80025B6E] -> 0x0020
[3159] [M]: 0x80025B6C (0x00200513) addi a0, zero, 2
x10 <- 0x00000002


mem[X,0x80025B70] -> 0x55B7
mem[X,0x80025B72] -> 0x5555
[3160] [M]: 0x80025B70 (0x555555B7) lui a1, 349525
x11 <- 0x55555000


mem[X,0x80025B74] -> 0x8593
mem[X,0x80025B76] -> 0x5545
[3161] [M]: 0x80025B74 (0x55458593) addi a1, a1, 1364
x11 <- 0x55555554


mem[X,0x80025B78] -> 0x0193
mem[X,0x80025B7A] -> 0x0000
[3162] [M]: 0x80025B78 (0x00000193) addi gp, zero, 0
x3 <- 0x00000000


mem[X,0x80025B7C] -> 0x006F
mem[X,0x80025B7E] -> 0x00C0
[3163] [M]: 0x80025B7C (0x00C0006F) jal zero, 12


mem[X,0x80025B88] -> 0x7063
mem[X,0x80025B8A] -> 0x08B5
[3164] [M]: 0x80025B88 (0x08B57063) bgeu a0, a1, 128


mem[X,0x80025B8C] -> 0x8193
mem[X,0x80025B8E] -> 0x0021
[3165] [M]: 0x80025B8C (0x00218193) addi gp, gp, 2
x3 <- 0x00000002


mem[X,0x80025B90] -> 0x006F
mem[X,0x80025B92] -> 0x0800
[3166] [M]: 0x80025B90 (0x0800006F) jal zero, 128


mem[X,0x80025C10] -> 0x2A23
mem[X,0x80025C12] -> 0x4E31
[3167] [M]: 0x80025C10 (0x4E312A23) sw gp, 1268(sp)
mem[0x8004B658] <- 0x00000002


mem[X,0x80025C14] -> 0x0513
mem[X,0x80025C16] -> 0x0020
[3168] [M]: 0x80025C14 (0x00200513) addi a0, zero, 2
x10 <- 0x00000002


mem[X,0x80025C18] -> 0xB5B7
mem[X,0x80025C1A] -> 0xAAAA
[3169] [M]: 0x80025C18 (0xAAAAB5B7) lui a1, 699051
x11 <- 0xAAAAB000


mem[X,0x80025C1C] -> 0x8593
mem[X,0x80025C1E] -> 0xAA95
[3170] [M]: 0x80025C1C (0xAA958593) addi a1, a1, 2729
x11 <- 0xAAAAAAA9


mem[X,0x80025C20] -> 0x0193
mem[X,0x80025C22] -> 0x0000
[3171] [M]: 0x80025C20 (0x00000193) addi gp, zero, 0
x3 <- 0x00000000


mem[X,0x80025C24] -> 0x006F
mem[X,0x80025C26] -> 0x00C0
[3172] [M]: 0x80025C24 (0x00C0006F) jal zero, 12


mem[X,0x80025C30] -> 0x7063
mem[X,0x80025C32] -> 0x20B5
[3173] [M]: 0x80025C30 (0x20B57063) bgeu a0, a1, 512


mem[X,0x80025C34] -> 0x8193
mem[X,0x80025C36] -> 0x0021
[3174] [M]: 0x80025C34 (0x00218193) addi gp, gp, 2
x3 <- 0x00000002


mem[X,0x80025C38] -> 0x006F
mem[X,0x80025C3A] -> 0x2000
[3175] [M]: 0x80025C38 (0x2000006F) jal zero, 512


mem[X,0x80025E38] -> 0x2C23
mem[X,0x80025E3A] -> 0x4E31
[3176] [M]: 0x80025E38 (0x4E312C23) sw gp, 1272(sp)
mem[0x8004B65C] <- 0x00000002


mem[X,0x80025E3C] -> 0x0513
mem[X,0x80025E3E] -> 0x0020
[3177] [M]: 0x80025E3C (0x00200513) addi a0, zero, 2
x10 <- 0x00000002


mem[X,0x80025E40] -> 0x0593
mem[X,0x80025E42] -> 0x0040
[3178] [M]: 0x80025E40 (0x00400593) addi a1, zero, 4
x11 <- 0x00000004


mem[X,0x80025E44] -> 0x0193
mem[X,0x80025E46] -> 0x0000
[3179] [M]: 0x80025E44 (0x00000193) addi gp, zero, 0
x3 <- 0x00000000


mem[X,0x80025E48] -> 0x006F
mem[X,0x80025E4A] -> 0x00C0
[3180] [M]: 0x80025E48 (0x00C0006F) jal zero, 12


mem[X,0x80025E54] -> 0x7063
mem[X,0x80025E56] -> 0x04B5
[3181] [M]: 0x80025E54 (0x04B57063) bgeu a0, a1, 64


mem[X,0x80025E58] -> 0x8193
mem[X,0x80025E5A] -> 0x0021
[3182] [M]: 0x80025E58 (0x00218193) addi gp, gp, 2
x3 <- 0x00000002


mem[X,0x80025E5C] -> 0x006F
mem[X,0x80025E5E] -> 0x0400
[3183] [M]: 0x80025E5C (0x0400006F) jal zero, 64


mem[X,0x80025E9C] -> 0x2E23
mem[X,0x80025E9E] -> 0x4E31
[3184] [M]: 0x80025E9C (0x4E312E23) sw gp, 1276(sp)
mem[0x8004B660] <- 0x00000002


mem[X,0x80025EA0] -> 0x0513
mem[X,0x80025EA2] -> 0x0020
[3185] [M]: 0x80025EA0 (0x00200513) addi a0, zero, 2
x10 <- 0x00000002


mem[X,0x80025EA4] -> 0x35B7
mem[X,0x80025EA6] -> 0x3333
[3186] [M]: 0x80025EA4 (0x333335B7) lui a1, 209715
x11 <- 0x33333000


mem[X,0x80025EA8] -> 0x8593
mem[X,0x80025EAA] -> 0x3325
[3187] [M]: 0x80025EA8 (0x33258593) addi a1, a1, 818
x11 <- 0x33333332


mem[X,0x80025EAC] -> 0x0193
mem[X,0x80025EAE] -> 0x0000
[3188] [M]: 0x80025EAC (0x00000193) addi gp, zero, 0
x3 <- 0x00000000


mem[X,0x80025EB0] -> 0x006F
mem[X,0x80025EB2] -> 0x00C0
[3189] [M]: 0x80025EB0 (0x00C0006F) jal zero, 12


mem[X,0x80025EBC] -> 0x7663
mem[X,0x80025EBE] -> 0x00B5
[3190] [M]: 0x80025EBC (0x00B57663) bgeu a0, a1, 12


mem[X,0x80025EC0] -> 0x8193
mem[X,0x80025EC2] -> 0x0021
[3191] [M]: 0x80025EC0 (0x00218193) addi gp, gp, 2
x3 <- 0x00000002


mem[X,0x80025EC4] -> 0x006F
mem[X,0x80025EC6] -> 0x00C0
[3192] [M]: 0x80025EC4 (0x00C0006F) jal zero, 12


mem[X,0x80025ED0] -> 0x2023
mem[X,0x80025ED2] -> 0x5031
[3193] [M]: 0x80025ED0 (0x50312023) sw gp, 1280(sp)
mem[0x8004B664] <- 0x00000002


mem[X,0x80025ED4] -> 0x0513
mem[X,0x80025ED6] -> 0x0020
[3194] [M]: 0x80025ED4 (0x00200513) addi a0, zero, 2
x10 <- 0x00000002


mem[X,0x80025ED8] -> 0x65B7
mem[X,0x80025EDA] -> 0x6666
[3195] [M]: 0x80025ED8 (0x666665B7) lui a1, 419430
x11 <- 0x66666000


mem[X,0x80025EDC] -> 0x8593
mem[X,0x80025EDE] -> 0x6655
[3196] [M]: 0x80025EDC (0x66558593) addi a1, a1, 1637
x11 <- 0x66666665


mem[X,0x80025EE0] -> 0x0193
mem[X,0x80025EE2] -> 0x0000
[3197] [M]: 0x80025EE0 (0x00000193) addi gp, zero, 0
x3 <- 0x00000000


mem[X,0x80025EE4] -> 0x006F
mem[X,0x80025EE6] -> 0x00C0
[3198] [M]: 0x80025EE4 (0x00C0006F) jal zero, 12


mem[X,0x80025EF0] -> 0x7063
mem[X,0x80025EF2] -> 0x04B5
[3199] [M]: 0x80025EF0 (0x04B57063) bgeu a0, a1, 64


clint::tick mtime <- 0x0000000000000020
 clint timer pending at mtime 0x0000000000000020
htif::tick 0x0000000000000000
mem[X,0x80025EF4] -> 0x8193
mem[X,0x80025EF6] -> 0x0021
[3200] [M]: 0x80025EF4 (0x00218193) addi gp, gp, 2
x3 <- 0x00000002


mem[X,0x80025EF8] -> 0x006F
mem[X,0x80025EFA] -> 0x0400
[3201] [M]: 0x80025EF8 (0x0400006F) jal zero, 64


mem[X,0x80025F38] -> 0x2223
mem[X,0x80025F3A] -> 0x5031
[3202] [M]: 0x80025F38 (0x50312223) sw gp, 1284(sp)
mem[0x8004B668] <- 0x00000002


mem[X,0x80025F3C] -> 0x0513
mem[X,0x80025F3E] -> 0x0020
[3203] [M]: 0x80025F3C (0x00200513) addi a0, zero, 2
x10 <- 0x00000002


mem[X,0x80025F40] -> 0xB5B7
mem[X,0x80025F42] -> 0x0000
[3204] [M]: 0x80025F40 (0x0000B5B7) lui a1, 11
x11 <- 0x0000B000


mem[X,0x80025F44] -> 0x8593
mem[X,0x80025F46] -> 0x5035
[3205] [M]: 0x80025F44 (0x50358593) addi a1, a1, 1283
x11 <- 0x0000B503


mem[X,0x80025F48] -> 0x0193
mem[X,0x80025F4A] -> 0x0000
[3206] [M]: 0x80025F48 (0x00000193) addi gp, zero, 0
x3 <- 0x00000000


mem[X,0x80025F4C] -> 0x006F
mem[X,0x80025F4E] -> 0x00C0
[3207] [M]: 0x80025F4C (0x00C0006F) jal zero, 12


mem[X,0x80025F58] -> 0x7663
mem[X,0x80025F5A] -> 0x00B5
[3208] [M]: 0x80025F58 (0x00B57663) bgeu a0, a1, 12


mem[X,0x80025F5C] -> 0x8193
mem[X,0x80025F5E] -> 0x0021
[3209] [M]: 0x80025F5C (0x00218193) addi gp, gp, 2
x3 <- 0x00000002


mem[X,0x80025F60] -> 0x006F
mem[X,0x80025F62] -> 0x00C0
[3210] [M]: 0x80025F60 (0x00C0006F) jal zero, 12


mem[X,0x80025F6C] -> 0x2423
mem[X,0x80025F6E] -> 0x5031
[3211] [M]: 0x80025F6C (0x50312423) sw gp, 1288(sp)
mem[0x8004B66C] <- 0x00000002


mem[X,0x80025F70] -> 0x0513
mem[X,0x80025F72] -> 0x0020
[3212] [M]: 0x80025F70 (0x00200513) addi a0, zero, 2
x10 <- 0x00000002


mem[X,0x80025F74] -> 0x05B7
mem[X,0x80025F76] -> 0x0001
[3213] [M]: 0x80025F74 (0x000105B7) lui a1, 16
x11 <- 0x00010000


mem[X,0x80025F78] -> 0x8593
mem[X,0x80025F7A] -> 0xFFE5
[3214] [M]: 0x80025F78 (0xFFE58593) addi a1, a1, 4094
x11 <- 0x0000FFFE


mem[X,0x80025F7C] -> 0x0193
mem[X,0x80025F7E] -> 0x0000
[3215] [M]: 0x80025F7C (0x00000193) addi gp, zero, 0
x3 <- 0x00000000


mem[X,0x80025F80] -> 0x006F
mem[X,0x80025F82] -> 0x00C0
[3216] [M]: 0x80025F80 (0x00C0006F) jal zero, 12


mem[X,0x80025F8C] -> 0x7063
mem[X,0x80025F8E] -> 0x08B5
[3217] [M]: 0x80025F8C (0x08B57063) bgeu a0, a1, 128


mem[X,0x80025F90] -> 0x8193
mem[X,0x80025F92] -> 0x0021
[3218] [M]: 0x80025F90 (0x00218193) addi gp, gp, 2
x3 <- 0x00000002


mem[X,0x80025F94] -> 0x006F
mem[X,0x80025F96] -> 0x0800
[3219] [M]: 0x80025F94 (0x0800006F) jal zero, 128


mem[X,0x80026014] -> 0x2623
mem[X,0x80026016] -> 0x5031
[3220] [M]: 0x80026014 (0x50312623) sw gp, 1292(sp)
mem[0x8004B670] <- 0x00000002


mem[X,0x80026018] -> 0x0513
mem[X,0x8002601A] -> 0x0020
[3221] [M]: 0x80026018 (0x00200513) addi a0, zero, 2
x10 <- 0x00000002


mem[X,0x8002601C] -> 0x55B7
mem[X,0x8002601E] -> 0x5555
[3222] [M]: 0x8002601C (0x555555B7) lui a1, 349525
x11 <- 0x55555000


mem[X,0x80026020] -> 0x8593
mem[X,0x80026022] -> 0x5565
[3223] [M]: 0x80026020 (0x55658593) addi a1, a1, 1366
x11 <- 0x55555556


mem[X,0x80026024] -> 0x0193
mem[X,0x80026026] -> 0x0000
[3224] [M]: 0x80026024 (0x00000193) addi gp, zero, 0
x3 <- 0x00000000


mem[X,0x80026028] -> 0x006F
mem[X,0x8002602A] -> 0x0050
[3225] [M]: 0x80026028 (0x0050006F) jal zero, 2052


mem[X,0x8002682C] -> 0x70E3
mem[X,0x8002682E] -> 0x80B5
[3226] [M]: 0x8002682C (0x80B570E3) bgeu a0, a1, 6144


mem[X,0x80026830] -> 0x8193
mem[X,0x80026832] -> 0x0021
[3227] [M]: 0x80026830 (0x00218193) addi gp, gp, 2
x3 <- 0x00000002


mem[X,0x80026834] -> 0x006F
mem[X,0x80026836] -> 0x00C0
[3228] [M]: 0x80026834 (0x00C0006F) jal zero, 12


mem[X,0x80026840] -> 0x2823
mem[X,0x80026842] -> 0x5031
[3229] [M]: 0x80026840 (0x50312823) sw gp, 1296(sp)
mem[0x8004B674] <- 0x00000002


mem[X,0x80026844] -> 0x0513
mem[X,0x80026846] -> 0x0020
[3230] [M]: 0x80026844 (0x00200513) addi a0, zero, 2
x10 <- 0x00000002


mem[X,0x80026848] -> 0xB5B7
mem[X,0x8002684A] -> 0xAAAA
[3231] [M]: 0x80026848 (0xAAAAB5B7) lui a1, 699051
x11 <- 0xAAAAB000


mem[X,0x8002684C] -> 0x8593
mem[X,0x8002684E] -> 0xAAB5
[3232] [M]: 0x8002684C (0xAAB58593) addi a1, a1, 2731
x11 <- 0xAAAAAAAB


mem[X,0x80026850] -> 0x0193
mem[X,0x80026852] -> 0x0000
[3233] [M]: 0x80026850 (0x00000193) addi gp, zero, 0
x3 <- 0x00000000


mem[X,0x80026854] -> 0x006F
mem[X,0x80026856] -> 0x00C0
[3234] [M]: 0x80026854 (0x00C0006F) jal zero, 12


mem[X,0x80026860] -> 0x7CE3
mem[X,0x80026862] -> 0xFEB5
[3235] [M]: 0x80026860 (0xFEB57CE3) bgeu a0, a1, 8184


mem[X,0x80026864] -> 0x8193
mem[X,0x80026866] -> 0x0021
[3236] [M]: 0x80026864 (0x00218193) addi gp, gp, 2
x3 <- 0x00000002


mem[X,0x80026868] -> 0x006F
mem[X,0x8002686A] -> 0x00C0
[3237] [M]: 0x80026868 (0x00C0006F) jal zero, 12


mem[X,0x80026874] -> 0x2A23
mem[X,0x80026876] -> 0x5031
[3238] [M]: 0x80026874 (0x50312A23) sw gp, 1300(sp)
mem[0x8004B678] <- 0x00000002


mem[X,0x80026878] -> 0x0513
mem[X,0x8002687A] -> 0x0020
[3239] [M]: 0x80026878 (0x00200513) addi a0, zero, 2
x10 <- 0x00000002


mem[X,0x8002687C] -> 0x0593
mem[X,0x8002687E] -> 0x0060
[3240] [M]: 0x8002687C (0x00600593) addi a1, zero, 6
x11 <- 0x00000006


mem[X,0x80026880] -> 0x0193
mem[X,0x80026882] -> 0x0000
[3241] [M]: 0x80026880 (0x00000193) addi gp, zero, 0
x3 <- 0x00000000


mem[X,0x80026884] -> 0x006F
mem[X,0x80026886] -> 0x00C0
[3242] [M]: 0x80026884 (0x00C0006F) jal zero, 12


mem[X,0x80026890] -> 0x7CE3
mem[X,0x80026892] -> 0xFEB5
[3243] [M]: 0x80026890 (0xFEB57CE3) bgeu a0, a1, 8184


mem[X,0x80026894] -> 0x8193
mem[X,0x80026896] -> 0x0021
[3244] [M]: 0x80026894 (0x00218193) addi gp, gp, 2
x3 <- 0x00000002


mem[X,0x80026898] -> 0x006F
mem[X,0x8002689A] -> 0x00C0
[3245] [M]: 0x80026898 (0x00C0006F) jal zero, 12


mem[X,0x800268A4] -> 0x2C23
mem[X,0x800268A6] -> 0x5031
[3246] [M]: 0x800268A4 (0x50312C23) sw gp, 1304(sp)
mem[0x8004B67C] <- 0x00000002


mem[X,0x800268A8] -> 0x0513
mem[X,0x800268AA] -> 0x0020
[3247] [M]: 0x800268A8 (0x00200513) addi a0, zero, 2
x10 <- 0x00000002


mem[X,0x800268AC] -> 0x35B7
mem[X,0x800268AE] -> 0x3333
[3248] [M]: 0x800268AC (0x333335B7) lui a1, 209715
x11 <- 0x33333000


mem[X,0x800268B0] -> 0x8593
mem[X,0x800268B2] -> 0x3345
[3249] [M]: 0x800268B0 (0x33458593) addi a1, a1, 820
x11 <- 0x33333334


mem[X,0x800268B4] -> 0x0193
mem[X,0x800268B6] -> 0x0000
[3250] [M]: 0x800268B4 (0x00000193) addi gp, zero, 0
x3 <- 0x00000000


mem[X,0x800268B8] -> 0x006F
mem[X,0x800268BA] -> 0x00C0
[3251] [M]: 0x800268B8 (0x00C0006F) jal zero, 12


mem[X,0x800268C4] -> 0x7663
mem[X,0x800268C6] -> 0x00B5
[3252] [M]: 0x800268C4 (0x00B57663) bgeu a0, a1, 12


mem[X,0x800268C8] -> 0x8193
mem[X,0x800268CA] -> 0x0021
[3253] [M]: 0x800268C8 (0x00218193) addi gp, gp, 2
x3 <- 0x00000002


mem[X,0x800268CC] -> 0x006F
mem[X,0x800268CE] -> 0x00C0
[3254] [M]: 0x800268CC (0x00C0006F) jal zero, 12


mem[X,0x800268D8] -> 0x2E23
mem[X,0x800268DA] -> 0x5031
[3255] [M]: 0x800268D8 (0x50312E23) sw gp, 1308(sp)
mem[0x8004B680] <- 0x00000002


mem[X,0x800268DC] -> 0x0513
mem[X,0x800268DE] -> 0x0020
[3256] [M]: 0x800268DC (0x00200513) addi a0, zero, 2
x10 <- 0x00000002


mem[X,0x800268E0] -> 0x65B7
mem[X,0x800268E2] -> 0x6666
[3257] [M]: 0x800268E0 (0x666665B7) lui a1, 419430
x11 <- 0x66666000


mem[X,0x800268E4] -> 0x8593
mem[X,0x800268E6] -> 0x6675
[3258] [M]: 0x800268E4 (0x66758593) addi a1, a1, 1639
x11 <- 0x66666667


mem[X,0x800268E8] -> 0x0193
mem[X,0x800268EA] -> 0x0000
[3259] [M]: 0x800268E8 (0x00000193) addi gp, zero, 0
x3 <- 0x00000000


mem[X,0x800268EC] -> 0x006F
mem[X,0x800268EE] -> 0x0140
[3260] [M]: 0x800268EC (0x0140006F) jal zero, 20


mem[X,0x80026900] -> 0x78E3
mem[X,0x80026902] -> 0xFEB5
[3261] [M]: 0x80026900 (0xFEB578E3) bgeu a0, a1, 8176


mem[X,0x80026904] -> 0x8193
mem[X,0x80026906] -> 0x0021
[3262] [M]: 0x80026904 (0x00218193) addi gp, gp, 2
x3 <- 0x00000002


mem[X,0x80026908] -> 0x006F
mem[X,0x8002690A] -> 0x00C0
[3263] [M]: 0x80026908 (0x00C0006F) jal zero, 12


mem[X,0x80026914] -> 0x2023
mem[X,0x80026916] -> 0x5231
[3264] [M]: 0x80026914 (0x52312023) sw gp, 1312(sp)
mem[0x8004B684] <- 0x00000002


mem[X,0x80026918] -> 0x0513
mem[X,0x8002691A] -> 0x0020
[3265] [M]: 0x80026918 (0x00200513) addi a0, zero, 2
x10 <- 0x00000002


mem[X,0x8002691C] -> 0xB5B7
mem[X,0x8002691E] -> 0x0000
[3266] [M]: 0x8002691C (0x0000B5B7) lui a1, 11
x11 <- 0x0000B000


mem[X,0x80026920] -> 0x8593
mem[X,0x80026922] -> 0x5055
[3267] [M]: 0x80026920 (0x50558593) addi a1, a1, 1285
x11 <- 0x0000B505


mem[X,0x80026924] -> 0x0193
mem[X,0x80026926] -> 0x0000
[3268] [M]: 0x80026924 (0x00000193) addi gp, zero, 0
x3 <- 0x00000000


mem[X,0x80026928] -> 0x006F
mem[X,0x8002692A] -> 0x0140
[3269] [M]: 0x80026928 (0x0140006F) jal zero, 20


mem[X,0x8002693C] -> 0x78E3
mem[X,0x8002693E] -> 0xFEB5
[3270] [M]: 0x8002693C (0xFEB578E3) bgeu a0, a1, 8176


mem[X,0x80026940] -> 0x8193
mem[X,0x80026942] -> 0x0021
[3271] [M]: 0x80026940 (0x00218193) addi gp, gp, 2
x3 <- 0x00000002


mem[X,0x80026944] -> 0x006F
mem[X,0x80026946] -> 0x00C0
[3272] [M]: 0x80026944 (0x00C0006F) jal zero, 12


mem[X,0x80026950] -> 0x2223
mem[X,0x80026952] -> 0x5231
[3273] [M]: 0x80026950 (0x52312223) sw gp, 1316(sp)
mem[0x8004B688] <- 0x00000002


mem[X,0x80026954] -> 0x0513
mem[X,0x80026956] -> 0x0020
[3274] [M]: 0x80026954 (0x00200513) addi a0, zero, 2
x10 <- 0x00000002


mem[X,0x80026958] -> 0x0593
mem[X,0x8002695A] -> 0x0010
[3275] [M]: 0x80026958 (0x00100593) addi a1, zero, 1
x11 <- 0x00000001


mem[X,0x8002695C] -> 0x0193
mem[X,0x8002695E] -> 0x0000
[3276] [M]: 0x8002695C (0x00000193) addi gp, zero, 0
x3 <- 0x00000000


mem[X,0x80026960] -> 0x006F
mem[X,0x80026962] -> 0x00C0
[3277] [M]: 0x80026960 (0x00C0006F) jal zero, 12


mem[X,0x8002696C] -> 0x7863
mem[X,0x8002696E] -> 0x00B5
[3278] [M]: 0x8002696C (0x00B57863) bgeu a0, a1, 16


mem[X,0x8002697C] -> 0x8193
mem[X,0x8002697E] -> 0x0031
[3279] [M]: 0x8002697C (0x00318193) addi gp, gp, 3
x3 <- 0x00000003


mem[X,0x80026980] -> 0x006F
mem[X,0x80026982] -> 0x0040
[3280] [M]: 0x80026980 (0x0040006F) jal zero, 4


mem[X,0x80026984] -> 0x2423
mem[X,0x80026986] -> 0x5231
[3281] [M]: 0x80026984 (0x52312423) sw gp, 1320(sp)
mem[0x8004B68C] <- 0x00000003


mem[X,0x80026988] -> 0x0513
mem[X,0x8002698A] -> 0x0020
[3282] [M]: 0x80026988 (0x00200513) addi a0, zero, 2
x10 <- 0x00000002


mem[X,0x8002698C] -> 0x05B7
mem[X,0x8002698E] -> 0x0001
[3283] [M]: 0x8002698C (0x000105B7) lui a1, 16
x11 <- 0x00010000


mem[X,0x80026990] -> 0x0193
mem[X,0x80026992] -> 0x0000
[3284] [M]: 0x80026990 (0x00000193) addi gp, zero, 0
x3 <- 0x00000000


mem[X,0x80026994] -> 0x006F
mem[X,0x80026996] -> 0x00C0
[3285] [M]: 0x80026994 (0x00C0006F) jal zero, 12


mem[X,0x800269A0] -> 0x7063
mem[X,0x800269A2] -> 0x10B5
[3286] [M]: 0x800269A0 (0x10B57063) bgeu a0, a1, 256


mem[X,0x800269A4] -> 0x8193
mem[X,0x800269A6] -> 0x0021
[3287] [M]: 0x800269A4 (0x00218193) addi gp, gp, 2
x3 <- 0x00000002


mem[X,0x800269A8] -> 0x006F
mem[X,0x800269AA] -> 0x1000
[3288] [M]: 0x800269A8 (0x1000006F) jal zero, 256


mem[X,0x80026AA8] -> 0x2623
mem[X,0x80026AAA] -> 0x5231
[3289] [M]: 0x80026AA8 (0x52312623) sw gp, 1324(sp)
mem[0x8004B690] <- 0x00000002


mem[X,0x80026AAC] -> 0x5537
mem[X,0x80026AAE] -> 0x5555
[3290] [M]: 0x80026AAC (0x55555537) lui a0, 349525
x10 <- 0x55555000


mem[X,0x80026AB0] -> 0x0513
mem[X,0x80026AB2] -> 0x5545
[3291] [M]: 0x80026AB0 (0x55450513) addi a0, a0, 1364
x10 <- 0x55555554


mem[X,0x80026AB4] -> 0x0593
mem[X,0x80026AB6] -> 0x0030
[3292] [M]: 0x80026AB4 (0x00300593) addi a1, zero, 3
x11 <- 0x00000003


mem[X,0x80026AB8] -> 0x0193
mem[X,0x80026ABA] -> 0x0000
[3293] [M]: 0x80026AB8 (0x00000193) addi gp, zero, 0
x3 <- 0x00000000


mem[X,0x80026ABC] -> 0x006F
mem[X,0x80026ABE] -> 0x00C0
[3294] [M]: 0x80026ABC (0x00C0006F) jal zero, 12


mem[X,0x80026AC8] -> 0x7863
mem[X,0x80026ACA] -> 0x00B5
[3295] [M]: 0x80026AC8 (0x00B57863) bgeu a0, a1, 16


mem[X,0x80026AD8] -> 0x8193
mem[X,0x80026ADA] -> 0x0031
[3296] [M]: 0x80026AD8 (0x00318193) addi gp, gp, 3
x3 <- 0x00000003


mem[X,0x80026ADC] -> 0x006F
mem[X,0x80026ADE] -> 0x0040
[3297] [M]: 0x80026ADC (0x0040006F) jal zero, 4


mem[X,0x80026AE0] -> 0x2823
mem[X,0x80026AE2] -> 0x5231
[3298] [M]: 0x80026AE0 (0x52312823) sw gp, 1328(sp)
mem[0x8004B694] <- 0x00000003


mem[X,0x80026AE4] -> 0x5537
mem[X,0x80026AE6] -> 0x5555
[3299] [M]: 0x80026AE4 (0x55555537) lui a0, 349525
x10 <- 0x55555000


clint::tick mtime <- 0x0000000000000021
 clint timer pending at mtime 0x0000000000000021
htif::tick 0x0000000000000000
mem[X,0x80026AE8] -> 0x0513
mem[X,0x80026AEA] -> 0x5545
[3300] [M]: 0x80026AE8 (0x55450513) addi a0, a0, 1364
x10 <- 0x55555554


mem[X,0x80026AEC] -> 0x55B7
mem[X,0x80026AEE] -> 0x5555
[3301] [M]: 0x80026AEC (0x555555B7) lui a1, 349525
x11 <- 0x55555000


mem[X,0x80026AF0] -> 0x8593
mem[X,0x80026AF2] -> 0x5555
[3302] [M]: 0x80026AF0 (0x55558593) addi a1, a1, 1365
x11 <- 0x55555555


mem[X,0x80026AF4] -> 0x0193
mem[X,0x80026AF6] -> 0x0000
[3303] [M]: 0x80026AF4 (0x00000193) addi gp, zero, 0
x3 <- 0x00000000


mem[X,0x80026AF8] -> 0x006F
mem[X,0x80026AFA] -> 0x00C0
[3304] [M]: 0x80026AF8 (0x00C0006F) jal zero, 12


mem[X,0x80026B04] -> 0x7063
mem[X,0x80026B06] -> 0x02B5
[3305] [M]: 0x80026B04 (0x02B57063) bgeu a0, a1, 32


mem[X,0x80026B08] -> 0x8193
mem[X,0x80026B0A] -> 0x0021
[3306] [M]: 0x80026B08 (0x00218193) addi gp, gp, 2
x3 <- 0x00000002


mem[X,0x80026B0C] -> 0x006F
mem[X,0x80026B0E] -> 0x0200
[3307] [M]: 0x80026B0C (0x0200006F) jal zero, 32


mem[X,0x80026B2C] -> 0x2A23
mem[X,0x80026B2E] -> 0x5231
[3308] [M]: 0x80026B2C (0x52312A23) sw gp, 1332(sp)
mem[0x8004B698] <- 0x00000002


mem[X,0x80026B30] -> 0x5537
mem[X,0x80026B32] -> 0x5555
[3309] [M]: 0x80026B30 (0x55555537) lui a0, 349525
x10 <- 0x55555000


mem[X,0x80026B34] -> 0x0513
mem[X,0x80026B36] -> 0x5545
[3310] [M]: 0x80026B34 (0x55450513) addi a0, a0, 1364
x10 <- 0x55555554


mem[X,0x80026B38] -> 0xB5B7
mem[X,0x80026B3A] -> 0xAAAA
[3311] [M]: 0x80026B38 (0xAAAAB5B7) lui a1, 699051
x11 <- 0xAAAAB000


mem[X,0x80026B3C] -> 0x8593
mem[X,0x80026B3E] -> 0xAAA5
[3312] [M]: 0x80026B3C (0xAAA58593) addi a1, a1, 2730
x11 <- 0xAAAAAAAA


mem[X,0x80026B40] -> 0x0193
mem[X,0x80026B42] -> 0x0000
[3313] [M]: 0x80026B40 (0x00000193) addi gp, zero, 0
x3 <- 0x00000000


mem[X,0x80026B44] -> 0x006F
mem[X,0x80026B46] -> 0x00C0
[3314] [M]: 0x80026B44 (0x00C0006F) jal zero, 12


mem[X,0x80026B50] -> 0x7663
mem[X,0x80026B52] -> 0x00B5
[3315] [M]: 0x80026B50 (0x00B57663) bgeu a0, a1, 12


mem[X,0x80026B54] -> 0x8193
mem[X,0x80026B56] -> 0x0021
[3316] [M]: 0x80026B54 (0x00218193) addi gp, gp, 2
x3 <- 0x00000002


mem[X,0x80026B58] -> 0x006F
mem[X,0x80026B5A] -> 0x00C0
[3317] [M]: 0x80026B58 (0x00C0006F) jal zero, 12


mem[X,0x80026B64] -> 0x2C23
mem[X,0x80026B66] -> 0x5231
[3318] [M]: 0x80026B64 (0x52312C23) sw gp, 1336(sp)
mem[0x8004B69C] <- 0x00000002


mem[X,0x80026B68] -> 0x5537
mem[X,0x80026B6A] -> 0x5555
[3319] [M]: 0x80026B68 (0x55555537) lui a0, 349525
x10 <- 0x55555000


mem[X,0x80026B6C] -> 0x0513
mem[X,0x80026B6E] -> 0x5545
[3320] [M]: 0x80026B6C (0x55450513) addi a0, a0, 1364
x10 <- 0x55555554


mem[X,0x80026B70] -> 0x0593
mem[X,0x80026B72] -> 0x0050
[3321] [M]: 0x80026B70 (0x00500593) addi a1, zero, 5
x11 <- 0x00000005


mem[X,0x80026B74] -> 0x0193
mem[X,0x80026B76] -> 0x0000
[3322] [M]: 0x80026B74 (0x00000193) addi gp, zero, 0
x3 <- 0x00000000


mem[X,0x80026B78] -> 0x006F
mem[X,0x80026B7A] -> 0x0180
[3323] [M]: 0x80026B78 (0x0180006F) jal zero, 24


mem[X,0x80026B90] -> 0x76E3
mem[X,0x80026B92] -> 0xFEB5
[3324] [M]: 0x80026B90 (0xFEB576E3) bgeu a0, a1, 8172


mem[X,0x80026B7C] -> 0x8193
mem[X,0x80026B7E] -> 0x0011
[3325] [M]: 0x80026B7C (0x00118193) addi gp, gp, 1
x3 <- 0x00000001


mem[X,0x80026B80] -> 0x006F
mem[X,0x80026B82] -> 0x0240
[3326] [M]: 0x80026B80 (0x0240006F) jal zero, 36


mem[X,0x80026BA4] -> 0x2E23
mem[X,0x80026BA6] -> 0x5231
[3327] [M]: 0x80026BA4 (0x52312E23) sw gp, 1340(sp)
mem[0x8004B6A0] <- 0x00000001


mem[X,0x80026BA8] -> 0x5537
mem[X,0x80026BAA] -> 0x5555
[3328] [M]: 0x80026BA8 (0x55555537) lui a0, 349525
x10 <- 0x55555000


mem[X,0x80026BAC] -> 0x0513
mem[X,0x80026BAE] -> 0x5545
[3329] [M]: 0x80026BAC (0x55450513) addi a0, a0, 1364
x10 <- 0x55555554


mem[X,0x80026BB0] -> 0x35B7
mem[X,0x80026BB2] -> 0x3333
[3330] [M]: 0x80026BB0 (0x333335B7) lui a1, 209715
x11 <- 0x33333000


mem[X,0x80026BB4] -> 0x8593
mem[X,0x80026BB6] -> 0x3335
[3331] [M]: 0x80026BB4 (0x33358593) addi a1, a1, 819
x11 <- 0x33333333


mem[X,0x80026BB8] -> 0x0193
mem[X,0x80026BBA] -> 0x0000
[3332] [M]: 0x80026BB8 (0x00000193) addi gp, zero, 0
x3 <- 0x00000000


mem[X,0x80026BBC] -> 0x006F
mem[X,0x80026BBE] -> 0x00C0
[3333] [M]: 0x80026BBC (0x00C0006F) jal zero, 12


mem[X,0x80026BC8] -> 0x7663
mem[X,0x80026BCA] -> 0x00B5
[3334] [M]: 0x80026BC8 (0x00B57663) bgeu a0, a1, 12


mem[X,0x80026BD4] -> 0x8193
mem[X,0x80026BD6] -> 0x0031
[3335] [M]: 0x80026BD4 (0x00318193) addi gp, gp, 3
x3 <- 0x00000003


mem[X,0x80026BD8] -> 0x006F
mem[X,0x80026BDA] -> 0x0040
[3336] [M]: 0x80026BD8 (0x0040006F) jal zero, 4


mem[X,0x80026BDC] -> 0x2023
mem[X,0x80026BDE] -> 0x5431
[3337] [M]: 0x80026BDC (0x54312023) sw gp, 1344(sp)
mem[0x8004B6A4] <- 0x00000003


mem[X,0x80026BE0] -> 0x5537
mem[X,0x80026BE2] -> 0x5555
[3338] [M]: 0x80026BE0 (0x55555537) lui a0, 349525
x10 <- 0x55555000


mem[X,0x80026BE4] -> 0x0513
mem[X,0x80026BE6] -> 0x5545
[3339] [M]: 0x80026BE4 (0x55450513) addi a0, a0, 1364
x10 <- 0x55555554


mem[X,0x80026BE8] -> 0x65B7
mem[X,0x80026BEA] -> 0x6666
[3340] [M]: 0x80026BE8 (0x666665B7) lui a1, 419430
x11 <- 0x66666000


mem[X,0x80026BEC] -> 0x8593
mem[X,0x80026BEE] -> 0x6665
[3341] [M]: 0x80026BEC (0x66658593) addi a1, a1, 1638
x11 <- 0x66666666


mem[X,0x80026BF0] -> 0x0193
mem[X,0x80026BF2] -> 0x0000
[3342] [M]: 0x80026BF0 (0x00000193) addi gp, zero, 0
x3 <- 0x00000000


mem[X,0x80026BF4] -> 0x006F
mem[X,0x80026BF6] -> 0x00C0
[3343] [M]: 0x80026BF4 (0x00C0006F) jal zero, 12


mem[X,0x80026C00] -> 0x7063
mem[X,0x80026C02] -> 0x10B5
[3344] [M]: 0x80026C00 (0x10B57063) bgeu a0, a1, 256


mem[X,0x80026C04] -> 0x8193
mem[X,0x80026C06] -> 0x0021
[3345] [M]: 0x80026C04 (0x00218193) addi gp, gp, 2
x3 <- 0x00000002


mem[X,0x80026C08] -> 0x006F
mem[X,0x80026C0A] -> 0x1000
[3346] [M]: 0x80026C08 (0x1000006F) jal zero, 256


mem[X,0x80026D08] -> 0x2223
mem[X,0x80026D0A] -> 0x5431
[3347] [M]: 0x80026D08 (0x54312223) sw gp, 1348(sp)
mem[0x8004B6A8] <- 0x00000002


mem[X,0x80026D0C] -> 0x5537
mem[X,0x80026D0E] -> 0x5555
[3348] [M]: 0x80026D0C (0x55555537) lui a0, 349525
x10 <- 0x55555000


mem[X,0x80026D10] -> 0x0513
mem[X,0x80026D12] -> 0x5545
[3349] [M]: 0x80026D10 (0x55450513) addi a0, a0, 1364
x10 <- 0x55555554


mem[X,0x80026D14] -> 0xB5B7
mem[X,0x80026D16] -> 0x0000
[3350] [M]: 0x80026D14 (0x0000B5B7) lui a1, 11
x11 <- 0x0000B000


mem[X,0x80026D18] -> 0x8593
mem[X,0x80026D1A] -> 0x5045
[3351] [M]: 0x80026D18 (0x50458593) addi a1, a1, 1284
x11 <- 0x0000B504


mem[X,0x80026D1C] -> 0x0193
mem[X,0x80026D1E] -> 0x0000
[3352] [M]: 0x80026D1C (0x00000193) addi gp, zero, 0
x3 <- 0x00000000


mem[X,0x80026D20] -> 0x006F
mem[X,0x80026D22] -> 0x00C0
[3353] [M]: 0x80026D20 (0x00C0006F) jal zero, 12


mem[X,0x80026D2C] -> 0x7063
mem[X,0x80026D2E] -> 0x02B5
[3354] [M]: 0x80026D2C (0x02B57063) bgeu a0, a1, 32


mem[X,0x80026D4C] -> 0x8193
mem[X,0x80026D4E] -> 0x0031
[3355] [M]: 0x80026D4C (0x00318193) addi gp, gp, 3
x3 <- 0x00000003


mem[X,0x80026D50] -> 0x006F
mem[X,0x80026D52] -> 0x0040
[3356] [M]: 0x80026D50 (0x0040006F) jal zero, 4


mem[X,0x80026D54] -> 0x2423
mem[X,0x80026D56] -> 0x5431
[3357] [M]: 0x80026D54 (0x54312423) sw gp, 1352(sp)
mem[0x8004B6AC] <- 0x00000003


mem[X,0x80026D58] -> 0x5537
mem[X,0x80026D5A] -> 0x5555
[3358] [M]: 0x80026D58 (0x55555537) lui a0, 349525
x10 <- 0x55555000


mem[X,0x80026D5C] -> 0x0513
mem[X,0x80026D5E] -> 0x5545
[3359] [M]: 0x80026D5C (0x55450513) addi a0, a0, 1364
x10 <- 0x55555554


mem[X,0x80026D60] -> 0x0593
mem[X,0x80026D62] -> 0x0000
[3360] [M]: 0x80026D60 (0x00000593) addi a1, zero, 0
x11 <- 0x00000000


mem[X,0x80026D64] -> 0x0193
mem[X,0x80026D66] -> 0x0000
[3361] [M]: 0x80026D64 (0x00000193) addi gp, zero, 0
x3 <- 0x00000000


mem[X,0x80026D68] -> 0x006F
mem[X,0x80026D6A] -> 0x00C0
[3362] [M]: 0x80026D68 (0x00C0006F) jal zero, 12


mem[X,0x80026D74] -> 0x7063
mem[X,0x80026D76] -> 0x40B5
[3363] [M]: 0x80026D74 (0x40B57063) bgeu a0, a1, 1024


mem[X,0x80027174] -> 0x8193
mem[X,0x80027176] -> 0x0031
[3364] [M]: 0x80027174 (0x00318193) addi gp, gp, 3
x3 <- 0x00000003


mem[X,0x80027178] -> 0x006F
mem[X,0x8002717A] -> 0x0040
[3365] [M]: 0x80027178 (0x0040006F) jal zero, 4


mem[X,0x8002717C] -> 0x2623
mem[X,0x8002717E] -> 0x5431
[3366] [M]: 0x8002717C (0x54312623) sw gp, 1356(sp)
mem[0x8004B6B0] <- 0x00000003


mem[X,0x80027180] -> 0x5537
mem[X,0x80027182] -> 0x5555
[3367] [M]: 0x80027180 (0x55555537) lui a0, 349525
x10 <- 0x55555000


mem[X,0x80027184] -> 0x0513
mem[X,0x80027186] -> 0x5545
[3368] [M]: 0x80027184 (0x55450513) addi a0, a0, 1364
x10 <- 0x55555554


mem[X,0x80027188] -> 0x05B7
mem[X,0x8002718A] -> 0x0001
[3369] [M]: 0x80027188 (0x000105B7) lui a1, 16
x11 <- 0x00010000


mem[X,0x8002718C] -> 0x8593
mem[X,0x8002718E] -> 0xFFF5
[3370] [M]: 0x8002718C (0xFFF58593) addi a1, a1, 4095
x11 <- 0x0000FFFF


mem[X,0x80027190] -> 0x0193
mem[X,0x80027192] -> 0x0000
[3371] [M]: 0x80027190 (0x00000193) addi gp, zero, 0
x3 <- 0x00000000


mem[X,0x80027194] -> 0x006F
mem[X,0x80027196] -> 0x00C0
[3372] [M]: 0x80027194 (0x00C0006F) jal zero, 12


mem[X,0x800271A0] -> 0x7663
mem[X,0x800271A2] -> 0x00B5
[3373] [M]: 0x800271A0 (0x00B57663) bgeu a0, a1, 12


mem[X,0x800271AC] -> 0x8193
mem[X,0x800271AE] -> 0x0031
[3374] [M]: 0x800271AC (0x00318193) addi gp, gp, 3
x3 <- 0x00000003


mem[X,0x800271B0] -> 0x006F
mem[X,0x800271B2] -> 0x0040
[3375] [M]: 0x800271B0 (0x0040006F) jal zero, 4


mem[X,0x800271B4] -> 0x2823
mem[X,0x800271B6] -> 0x5431
[3376] [M]: 0x800271B4 (0x54312823) sw gp, 1360(sp)
mem[0x8004B6B4] <- 0x00000003


mem[X,0x800271B8] -> 0x5537
mem[X,0x800271BA] -> 0x5555
[3377] [M]: 0x800271B8 (0x55555537) lui a0, 349525
x10 <- 0x55555000


mem[X,0x800271BC] -> 0x0513
mem[X,0x800271BE] -> 0x5545
[3378] [M]: 0x800271BC (0x55450513) addi a0, a0, 1364
x10 <- 0x55555554


mem[X,0x800271C0] -> 0x0593
mem[X,0x800271C2] -> 0x0020
[3379] [M]: 0x800271C0 (0x00200593) addi a1, zero, 2
x11 <- 0x00000002


mem[X,0x800271C4] -> 0x0193
mem[X,0x800271C6] -> 0x0000
[3380] [M]: 0x800271C4 (0x00000193) addi gp, zero, 0
x3 <- 0x00000000


mem[X,0x800271C8] -> 0x006F
mem[X,0x800271CA] -> 0x00C0
[3381] [M]: 0x800271C8 (0x00C0006F) jal zero, 12


mem[X,0x800271D4] -> 0x7063
mem[X,0x800271D6] -> 0x02B5
[3382] [M]: 0x800271D4 (0x02B57063) bgeu a0, a1, 32


mem[X,0x800271F4] -> 0x8193
mem[X,0x800271F6] -> 0x0031
[3383] [M]: 0x800271F4 (0x00318193) addi gp, gp, 3
x3 <- 0x00000003


mem[X,0x800271F8] -> 0x006F
mem[X,0x800271FA] -> 0x0040
[3384] [M]: 0x800271F8 (0x0040006F) jal zero, 4


mem[X,0x800271FC] -> 0x2A23
mem[X,0x800271FE] -> 0x5431
[3385] [M]: 0x800271FC (0x54312A23) sw gp, 1364(sp)
mem[0x8004B6B8] <- 0x00000003


mem[X,0x80027200] -> 0x5537
mem[X,0x80027202] -> 0x5555
[3386] [M]: 0x80027200 (0x55555537) lui a0, 349525
x10 <- 0x55555000


mem[X,0x80027204] -> 0x0513
mem[X,0x80027206] -> 0x5545
[3387] [M]: 0x80027204 (0x55450513) addi a0, a0, 1364
x10 <- 0x55555554


mem[X,0x80027208] -> 0x55B7
mem[X,0x8002720A] -> 0x5555
[3388] [M]: 0x80027208 (0x555555B7) lui a1, 349525
x11 <- 0x55555000


mem[X,0x8002720C] -> 0x8593
mem[X,0x8002720E] -> 0x5545
[3389] [M]: 0x8002720C (0x55458593) addi a1, a1, 1364
x11 <- 0x55555554


mem[X,0x80027210] -> 0x0193
mem[X,0x80027212] -> 0x0000
[3390] [M]: 0x80027210 (0x00000193) addi gp, zero, 0
x3 <- 0x00000000


mem[X,0x80027214] -> 0x006F
mem[X,0x80027216] -> 0x00C0
[3391] [M]: 0x80027214 (0x00C0006F) jal zero, 12


mem[X,0x80027220] -> 0x7663
mem[X,0x80027222] -> 0x00B5
[3392] [M]: 0x80027220 (0x00B57663) bgeu a0, a1, 12


mem[X,0x8002722C] -> 0x8193
mem[X,0x8002722E] -> 0x0031
[3393] [M]: 0x8002722C (0x00318193) addi gp, gp, 3
x3 <- 0x00000003


mem[X,0x80027230] -> 0x006F
mem[X,0x80027232] -> 0x0040
[3394] [M]: 0x80027230 (0x0040006F) jal zero, 4


mem[X,0x80027234] -> 0x2C23
mem[X,0x80027236] -> 0x5431
[3395] [M]: 0x80027234 (0x54312C23) sw gp, 1368(sp)
mem[0x8004B6BC] <- 0x00000003


mem[X,0x80027238] -> 0x5537
mem[X,0x8002723A] -> 0x5555
[3396] [M]: 0x80027238 (0x55555537) lui a0, 349525
x10 <- 0x55555000


mem[X,0x8002723C] -> 0x0513
mem[X,0x8002723E] -> 0x5545
[3397] [M]: 0x8002723C (0x55450513) addi a0, a0, 1364
x10 <- 0x55555554


mem[X,0x80027240] -> 0xB5B7
mem[X,0x80027242] -> 0xAAAA
[3398] [M]: 0x80027240 (0xAAAAB5B7) lui a1, 699051
x11 <- 0xAAAAB000


mem[X,0x80027244] -> 0x8593
mem[X,0x80027246] -> 0xAA95
[3399] [M]: 0x80027244 (0xAA958593) addi a1, a1, 2729
x11 <- 0xAAAAAAA9


clint::tick mtime <- 0x0000000000000022
 clint timer pending at mtime 0x0000000000000022
htif::tick 0x0000000000000000
mem[X,0x80027248] -> 0x0193
mem[X,0x8002724A] -> 0x0000
[3400] [M]: 0x80027248 (0x00000193) addi gp, zero, 0
x3 <- 0x00000000


mem[X,0x8002724C] -> 0x006F
mem[X,0x8002724E] -> 0x0140
[3401] [M]: 0x8002724C (0x0140006F) jal zero, 20


mem[X,0x80027260] -> 0x78E3
mem[X,0x80027262] -> 0xFEB5
[3402] [M]: 0x80027260 (0xFEB578E3) bgeu a0, a1, 8176


mem[X,0x80027264] -> 0x8193
mem[X,0x80027266] -> 0x0021
[3403] [M]: 0x80027264 (0x00218193) addi gp, gp, 2
x3 <- 0x00000002


mem[X,0x80027268] -> 0x006F
mem[X,0x8002726A] -> 0x00C0
[3404] [M]: 0x80027268 (0x00C0006F) jal zero, 12


mem[X,0x80027274] -> 0x2E23
mem[X,0x80027276] -> 0x5431
[3405] [M]: 0x80027274 (0x54312E23) sw gp, 1372(sp)
mem[0x8004B6C0] <- 0x00000002


mem[X,0x80027278] -> 0x5537
mem[X,0x8002727A] -> 0x5555
[3406] [M]: 0x80027278 (0x55555537) lui a0, 349525
x10 <- 0x55555000


mem[X,0x8002727C] -> 0x0513
mem[X,0x8002727E] -> 0x5545
[3407] [M]: 0x8002727C (0x55450513) addi a0, a0, 1364
x10 <- 0x55555554


mem[X,0x80027280] -> 0x0593
mem[X,0x80027282] -> 0x0040
[3408] [M]: 0x80027280 (0x00400593) addi a1, zero, 4
x11 <- 0x00000004


mem[X,0x80027284] -> 0x0193
mem[X,0x80027286] -> 0x0000
[3409] [M]: 0x80027284 (0x00000193) addi gp, zero, 0
x3 <- 0x00000000


mem[X,0x80027288] -> 0x006F
mem[X,0x8002728A] -> 0x00C0
[3410] [M]: 0x80027288 (0x00C0006F) jal zero, 12


mem[X,0x80027294] -> 0x7063
mem[X,0x80027296] -> 0x40B5
[3411] [M]: 0x80027294 (0x40B57063) bgeu a0, a1, 1024


mem[X,0x80027694] -> 0x8193
mem[X,0x80027696] -> 0x0031
[3412] [M]: 0x80027694 (0x00318193) addi gp, gp, 3
x3 <- 0x00000003


mem[X,0x80027698] -> 0x006F
mem[X,0x8002769A] -> 0x0040
[3413] [M]: 0x80027698 (0x0040006F) jal zero, 4


mem[X,0x8002769C] -> 0x2023
mem[X,0x8002769E] -> 0x5631
[3414] [M]: 0x8002769C (0x56312023) sw gp, 1376(sp)
mem[0x8004B6C4] <- 0x00000003


mem[X,0x800276A0] -> 0x5537
mem[X,0x800276A2] -> 0x5555
[3415] [M]: 0x800276A0 (0x55555537) lui a0, 349525
x10 <- 0x55555000


mem[X,0x800276A4] -> 0x0513
mem[X,0x800276A6] -> 0x5545
[3416] [M]: 0x800276A4 (0x55450513) addi a0, a0, 1364
x10 <- 0x55555554


mem[X,0x800276A8] -> 0x35B7
mem[X,0x800276AA] -> 0x3333
[3417] [M]: 0x800276A8 (0x333335B7) lui a1, 209715
x11 <- 0x33333000


mem[X,0x800276AC] -> 0x8593
mem[X,0x800276AE] -> 0x3325
[3418] [M]: 0x800276AC (0x33258593) addi a1, a1, 818
x11 <- 0x33333332


mem[X,0x800276B0] -> 0x0193
mem[X,0x800276B2] -> 0x0000
[3419] [M]: 0x800276B0 (0x00000193) addi gp, zero, 0
x3 <- 0x00000000


mem[X,0x800276B4] -> 0x006F
mem[X,0x800276B6] -> 0x0050
[3420] [M]: 0x800276B4 (0x0050006F) jal zero, 2052


mem[X,0x80027EB8] -> 0x70E3
mem[X,0x80027EBA] -> 0x80B5
[3421] [M]: 0x80027EB8 (0x80B570E3) bgeu a0, a1, 6144


mem[X,0x800276B8] -> 0x8193
mem[X,0x800276BA] -> 0x0011
[3422] [M]: 0x800276B8 (0x00118193) addi gp, gp, 1
x3 <- 0x00000001


mem[X,0x800276BC] -> 0x006F
mem[X,0x800276BE] -> 0x0110
[3423] [M]: 0x800276BC (0x0110006F) jal zero, 2064


mem[X,0x80027ECC] -> 0x2223
mem[X,0x80027ECE] -> 0x5631
[3424] [M]: 0x80027ECC (0x56312223) sw gp, 1380(sp)
mem[0x8004B6C8] <- 0x00000001


mem[X,0x80027ED0] -> 0x5537
mem[X,0x80027ED2] -> 0x5555
[3425] [M]: 0x80027ED0 (0x55555537) lui a0, 349525
x10 <- 0x55555000


mem[X,0x80027ED4] -> 0x0513
mem[X,0x80027ED6] -> 0x5545
[3426] [M]: 0x80027ED4 (0x55450513) addi a0, a0, 1364
x10 <- 0x55555554


mem[X,0x80027ED8] -> 0x65B7
mem[X,0x80027EDA] -> 0x6666
[3427] [M]: 0x80027ED8 (0x666665B7) lui a1, 419430
x11 <- 0x66666000


mem[X,0x80027EDC] -> 0x8593
mem[X,0x80027EDE] -> 0x6655
[3428] [M]: 0x80027EDC (0x66558593) addi a1, a1, 1637
x11 <- 0x66666665


mem[X,0x80027EE0] -> 0x0193
mem[X,0x80027EE2] -> 0x0000
[3429] [M]: 0x80027EE0 (0x00000193) addi gp, zero, 0
x3 <- 0x00000000


mem[X,0x80027EE4] -> 0x006F
mem[X,0x80027EE6] -> 0x00C0
[3430] [M]: 0x80027EE4 (0x00C0006F) jal zero, 12


mem[X,0x80027EF0] -> 0x7CE3
mem[X,0x80027EF2] -> 0xFEB5
[3431] [M]: 0x80027EF0 (0xFEB57CE3) bgeu a0, a1, 8184


mem[X,0x80027EF4] -> 0x8193
mem[X,0x80027EF6] -> 0x0021
[3432] [M]: 0x80027EF4 (0x00218193) addi gp, gp, 2
x3 <- 0x00000002


mem[X,0x80027EF8] -> 0x006F
mem[X,0x80027EFA] -> 0x00C0
[3433] [M]: 0x80027EF8 (0x00C0006F) jal zero, 12


mem[X,0x80027F04] -> 0x2423
mem[X,0x80027F06] -> 0x5631
[3434] [M]: 0x80027F04 (0x56312423) sw gp, 1384(sp)
mem[0x8004B6CC] <- 0x00000002


mem[X,0x80027F08] -> 0x5537
mem[X,0x80027F0A] -> 0x5555
[3435] [M]: 0x80027F08 (0x55555537) lui a0, 349525
x10 <- 0x55555000


mem[X,0x80027F0C] -> 0x0513
mem[X,0x80027F0E] -> 0x5545
[3436] [M]: 0x80027F0C (0x55450513) addi a0, a0, 1364
x10 <- 0x55555554


mem[X,0x80027F10] -> 0xB5B7
mem[X,0x80027F12] -> 0x0000
[3437] [M]: 0x80027F10 (0x0000B5B7) lui a1, 11
x11 <- 0x0000B000


mem[X,0x80027F14] -> 0x8593
mem[X,0x80027F16] -> 0x5035
[3438] [M]: 0x80027F14 (0x50358593) addi a1, a1, 1283
x11 <- 0x0000B503


mem[X,0x80027F18] -> 0x0193
mem[X,0x80027F1A] -> 0x0000
[3439] [M]: 0x80027F18 (0x00000193) addi gp, zero, 0
x3 <- 0x00000000


mem[X,0x80027F1C] -> 0x006F
mem[X,0x80027F1E] -> 0x00C0
[3440] [M]: 0x80027F1C (0x00C0006F) jal zero, 12


mem[X,0x80027F28] -> 0x7063
mem[X,0x80027F2A] -> 0x02B5
[3441] [M]: 0x80027F28 (0x02B57063) bgeu a0, a1, 32


mem[X,0x80027F48] -> 0x8193
mem[X,0x80027F4A] -> 0x0031
[3442] [M]: 0x80027F48 (0x00318193) addi gp, gp, 3
x3 <- 0x00000003


mem[X,0x80027F4C] -> 0x006F
mem[X,0x80027F4E] -> 0x0040
[3443] [M]: 0x80027F4C (0x0040006F) jal zero, 4


mem[X,0x80027F50] -> 0x2623
mem[X,0x80027F52] -> 0x5631
[3444] [M]: 0x80027F50 (0x56312623) sw gp, 1388(sp)
mem[0x8004B6D0] <- 0x00000003


mem[X,0x80027F54] -> 0x5537
mem[X,0x80027F56] -> 0x5555
[3445] [M]: 0x80027F54 (0x55555537) lui a0, 349525
x10 <- 0x55555000


mem[X,0x80027F58] -> 0x0513
mem[X,0x80027F5A] -> 0x5545
[3446] [M]: 0x80027F58 (0x55450513) addi a0, a0, 1364
x10 <- 0x55555554


mem[X,0x80027F5C] -> 0x05B7
mem[X,0x80027F5E] -> 0x0001
[3447] [M]: 0x80027F5C (0x000105B7) lui a1, 16
x11 <- 0x00010000


mem[X,0x80027F60] -> 0x8593
mem[X,0x80027F62] -> 0xFFE5
[3448] [M]: 0x80027F60 (0xFFE58593) addi a1, a1, 4094
x11 <- 0x0000FFFE


mem[X,0x80027F64] -> 0x0193
mem[X,0x80027F66] -> 0x0000
[3449] [M]: 0x80027F64 (0x00000193) addi gp, zero, 0
x3 <- 0x00000000


mem[X,0x80027F68] -> 0x006F
mem[X,0x80027F6A] -> 0x00C0
[3450] [M]: 0x80027F68 (0x00C0006F) jal zero, 12


mem[X,0x80027F74] -> 0x7063
mem[X,0x80027F76] -> 0x04B5
[3451] [M]: 0x80027F74 (0x04B57063) bgeu a0, a1, 64


mem[X,0x80027FB4] -> 0x8193
mem[X,0x80027FB6] -> 0x0031
[3452] [M]: 0x80027FB4 (0x00318193) addi gp, gp, 3
x3 <- 0x00000003


mem[X,0x80027FB8] -> 0x006F
mem[X,0x80027FBA] -> 0x0040
[3453] [M]: 0x80027FB8 (0x0040006F) jal zero, 4


mem[X,0x80027FBC] -> 0x2823
mem[X,0x80027FBE] -> 0x5631
[3454] [M]: 0x80027FBC (0x56312823) sw gp, 1392(sp)
mem[0x8004B6D4] <- 0x00000003


mem[X,0x80027FC0] -> 0x5537
mem[X,0x80027FC2] -> 0x5555
[3455] [M]: 0x80027FC0 (0x55555537) lui a0, 349525
x10 <- 0x55555000


mem[X,0x80027FC4] -> 0x0513
mem[X,0x80027FC6] -> 0x5545
[3456] [M]: 0x80027FC4 (0x55450513) addi a0, a0, 1364
x10 <- 0x55555554


mem[X,0x80027FC8] -> 0x55B7
mem[X,0x80027FCA] -> 0x5555
[3457] [M]: 0x80027FC8 (0x555555B7) lui a1, 349525
x11 <- 0x55555000


mem[X,0x80027FCC] -> 0x8593
mem[X,0x80027FCE] -> 0x5565
[3458] [M]: 0x80027FCC (0x55658593) addi a1, a1, 1366
x11 <- 0x55555556


mem[X,0x80027FD0] -> 0x0193
mem[X,0x80027FD2] -> 0x0000
[3459] [M]: 0x80027FD0 (0x00000193) addi gp, zero, 0
x3 <- 0x00000000


mem[X,0x80027FD4] -> 0x006F
mem[X,0x80027FD6] -> 0x00C0
[3460] [M]: 0x80027FD4 (0x00C0006F) jal zero, 12


mem[X,0x80027FE0] -> 0x7063
mem[X,0x80027FE2] -> 0x40B5
[3461] [M]: 0x80027FE0 (0x40B57063) bgeu a0, a1, 1024


mem[X,0x80027FE4] -> 0x8193
mem[X,0x80027FE6] -> 0x0021
[3462] [M]: 0x80027FE4 (0x00218193) addi gp, gp, 2
x3 <- 0x00000002


mem[X,0x80027FE8] -> 0x006F
mem[X,0x80027FEA] -> 0x4000
[3463] [M]: 0x80027FE8 (0x4000006F) jal zero, 1024


mem[X,0x800283E8] -> 0x2A23
mem[X,0x800283EA] -> 0x5631
[3464] [M]: 0x800283E8 (0x56312A23) sw gp, 1396(sp)
mem[0x8004B6D8] <- 0x00000002


mem[X,0x800283EC] -> 0x5537
mem[X,0x800283EE] -> 0x5555
[3465] [M]: 0x800283EC (0x55555537) lui a0, 349525
x10 <- 0x55555000


mem[X,0x800283F0] -> 0x0513
mem[X,0x800283F2] -> 0x5545
[3466] [M]: 0x800283F0 (0x55450513) addi a0, a0, 1364
x10 <- 0x55555554


mem[X,0x800283F4] -> 0xB5B7
mem[X,0x800283F6] -> 0xAAAA
[3467] [M]: 0x800283F4 (0xAAAAB5B7) lui a1, 699051
x11 <- 0xAAAAB000


mem[X,0x800283F8] -> 0x8593
mem[X,0x800283FA] -> 0xAAB5
[3468] [M]: 0x800283F8 (0xAAB58593) addi a1, a1, 2731
x11 <- 0xAAAAAAAB


mem[X,0x800283FC] -> 0x0193
mem[X,0x800283FE] -> 0x0000
[3469] [M]: 0x800283FC (0x00000193) addi gp, zero, 0
x3 <- 0x00000000


mem[X,0x80028400] -> 0x006F
mem[X,0x80028402] -> 0x00C0
[3470] [M]: 0x80028400 (0x00C0006F) jal zero, 12


mem[X,0x8002840C] -> 0x7063
mem[X,0x8002840E] -> 0x20B5
[3471] [M]: 0x8002840C (0x20B57063) bgeu a0, a1, 512


mem[X,0x80028410] -> 0x8193
mem[X,0x80028412] -> 0x0021
[3472] [M]: 0x80028410 (0x00218193) addi gp, gp, 2
x3 <- 0x00000002


mem[X,0x80028414] -> 0x006F
mem[X,0x80028416] -> 0x2000
[3473] [M]: 0x80028414 (0x2000006F) jal zero, 512


mem[X,0x80028614] -> 0x2C23
mem[X,0x80028616] -> 0x5631
[3474] [M]: 0x80028614 (0x56312C23) sw gp, 1400(sp)
mem[0x8004B6DC] <- 0x00000002


mem[X,0x80028618] -> 0x5537
mem[X,0x8002861A] -> 0x5555
[3475] [M]: 0x80028618 (0x55555537) lui a0, 349525
x10 <- 0x55555000


mem[X,0x8002861C] -> 0x0513
mem[X,0x8002861E] -> 0x5545
[3476] [M]: 0x8002861C (0x55450513) addi a0, a0, 1364
x10 <- 0x55555554


mem[X,0x80028620] -> 0x0593
mem[X,0x80028622] -> 0x0060
[3477] [M]: 0x80028620 (0x00600593) addi a1, zero, 6
x11 <- 0x00000006


mem[X,0x80028624] -> 0x0193
mem[X,0x80028626] -> 0x0000
[3478] [M]: 0x80028624 (0x00000193) addi gp, zero, 0
x3 <- 0x00000000


mem[X,0x80028628] -> 0x006F
mem[X,0x8002862A] -> 0x0140
[3479] [M]: 0x80028628 (0x0140006F) jal zero, 20


mem[X,0x8002863C] -> 0x78E3
mem[X,0x8002863E] -> 0xFEB5
[3480] [M]: 0x8002863C (0xFEB578E3) bgeu a0, a1, 8176


mem[X,0x8002862C] -> 0x8193
mem[X,0x8002862E] -> 0x0011
[3481] [M]: 0x8002862C (0x00118193) addi gp, gp, 1
x3 <- 0x00000001


mem[X,0x80028630] -> 0x006F
mem[X,0x80028632] -> 0x0200
[3482] [M]: 0x80028630 (0x0200006F) jal zero, 32


mem[X,0x80028650] -> 0x2E23
mem[X,0x80028652] -> 0x5631
[3483] [M]: 0x80028650 (0x56312E23) sw gp, 1404(sp)
mem[0x8004B6E0] <- 0x00000001


mem[X,0x80028654] -> 0x5537
mem[X,0x80028656] -> 0x5555
[3484] [M]: 0x80028654 (0x55555537) lui a0, 349525
x10 <- 0x55555000


mem[X,0x80028658] -> 0x0513
mem[X,0x8002865A] -> 0x5545
[3485] [M]: 0x80028658 (0x55450513) addi a0, a0, 1364
x10 <- 0x55555554


mem[X,0x8002865C] -> 0x35B7
mem[X,0x8002865E] -> 0x3333
[3486] [M]: 0x8002865C (0x333335B7) lui a1, 209715
x11 <- 0x33333000


mem[X,0x80028660] -> 0x8593
mem[X,0x80028662] -> 0x3345
[3487] [M]: 0x80028660 (0x33458593) addi a1, a1, 820
x11 <- 0x33333334


mem[X,0x80028664] -> 0x0193
mem[X,0x80028666] -> 0x0000
[3488] [M]: 0x80028664 (0x00000193) addi gp, zero, 0
x3 <- 0x00000000


mem[X,0x80028668] -> 0x006F
mem[X,0x8002866A] -> 0x00C0
[3489] [M]: 0x80028668 (0x00C0006F) jal zero, 12


mem[X,0x80028674] -> 0x7663
mem[X,0x80028676] -> 0x00B5
[3490] [M]: 0x80028674 (0x00B57663) bgeu a0, a1, 12


mem[X,0x80028680] -> 0x8193
mem[X,0x80028682] -> 0x0031
[3491] [M]: 0x80028680 (0x00318193) addi gp, gp, 3
x3 <- 0x00000003


mem[X,0x80028684] -> 0x006F
mem[X,0x80028686] -> 0x0040
[3492] [M]: 0x80028684 (0x0040006F) jal zero, 4


mem[X,0x80028688] -> 0x2023
mem[X,0x8002868A] -> 0x5831
[3493] [M]: 0x80028688 (0x58312023) sw gp, 1408(sp)
mem[0x8004B6E4] <- 0x00000003


mem[X,0x8002868C] -> 0x5537
mem[X,0x8002868E] -> 0x5555
[3494] [M]: 0x8002868C (0x55555537) lui a0, 349525
x10 <- 0x55555000


mem[X,0x80028690] -> 0x0513
mem[X,0x80028692] -> 0x5545
[3495] [M]: 0x80028690 (0x55450513) addi a0, a0, 1364
x10 <- 0x55555554


mem[X,0x80028694] -> 0x65B7
mem[X,0x80028696] -> 0x6666
[3496] [M]: 0x80028694 (0x666665B7) lui a1, 419430
x11 <- 0x66666000


mem[X,0x80028698] -> 0x8593
mem[X,0x8002869A] -> 0x6675
[3497] [M]: 0x80028698 (0x66758593) addi a1, a1, 1639
x11 <- 0x66666667


mem[X,0x8002869C] -> 0x0193
mem[X,0x8002869E] -> 0x0000
[3498] [M]: 0x8002869C (0x00000193) addi gp, zero, 0
x3 <- 0x00000000


mem[X,0x800286A0] -> 0x006F
mem[X,0x800286A2] -> 0x00C0
[3499] [M]: 0x800286A0 (0x00C0006F) jal zero, 12


clint::tick mtime <- 0x0000000000000023
 clint timer pending at mtime 0x0000000000000023
htif::tick 0x0000000000000000
mem[X,0x800286AC] -> 0x7663
mem[X,0x800286AE] -> 0x00B5
[3500] [M]: 0x800286AC (0x00B57663) bgeu a0, a1, 12


mem[X,0x800286B0] -> 0x8193
mem[X,0x800286B2] -> 0x0021
[3501] [M]: 0x800286B0 (0x00218193) addi gp, gp, 2
x3 <- 0x00000002


mem[X,0x800286B4] -> 0x006F
mem[X,0x800286B6] -> 0x00C0
[3502] [M]: 0x800286B4 (0x00C0006F) jal zero, 12


mem[X,0x800286C0] -> 0x2223
mem[X,0x800286C2] -> 0x5831
[3503] [M]: 0x800286C0 (0x58312223) sw gp, 1412(sp)
mem[0x8004B6E8] <- 0x00000002


mem[X,0x800286C4] -> 0x5537
mem[X,0x800286C6] -> 0x5555
[3504] [M]: 0x800286C4 (0x55555537) lui a0, 349525
x10 <- 0x55555000


mem[X,0x800286C8] -> 0x0513
mem[X,0x800286CA] -> 0x5545
[3505] [M]: 0x800286C8 (0x55450513) addi a0, a0, 1364
x10 <- 0x55555554


mem[X,0x800286CC] -> 0xB5B7
mem[X,0x800286CE] -> 0x0000
[3506] [M]: 0x800286CC (0x0000B5B7) lui a1, 11
x11 <- 0x0000B000


mem[X,0x800286D0] -> 0x8593
mem[X,0x800286D2] -> 0x5055
[3507] [M]: 0x800286D0 (0x50558593) addi a1, a1, 1285
x11 <- 0x0000B505


mem[X,0x800286D4] -> 0x0193
mem[X,0x800286D6] -> 0x0000
[3508] [M]: 0x800286D4 (0x00000193) addi gp, zero, 0
x3 <- 0x00000000


mem[X,0x800286D8] -> 0x006F
mem[X,0x800286DA] -> 0x00C0
[3509] [M]: 0x800286D8 (0x00C0006F) jal zero, 12


mem[X,0x800286E4] -> 0x7063
mem[X,0x800286E6] -> 0x08B5
[3510] [M]: 0x800286E4 (0x08B57063) bgeu a0, a1, 128


mem[X,0x80028764] -> 0x8193
mem[X,0x80028766] -> 0x0031
[3511] [M]: 0x80028764 (0x00318193) addi gp, gp, 3
x3 <- 0x00000003


mem[X,0x80028768] -> 0x006F
mem[X,0x8002876A] -> 0x0040
[3512] [M]: 0x80028768 (0x0040006F) jal zero, 4


mem[X,0x8002876C] -> 0x2423
mem[X,0x8002876E] -> 0x5831
[3513] [M]: 0x8002876C (0x58312423) sw gp, 1416(sp)
mem[0x8004B6EC] <- 0x00000003


mem[X,0x80028770] -> 0x5537
mem[X,0x80028772] -> 0x5555
[3514] [M]: 0x80028770 (0x55555537) lui a0, 349525
x10 <- 0x55555000


mem[X,0x80028774] -> 0x0513
mem[X,0x80028776] -> 0x5545
[3515] [M]: 0x80028774 (0x55450513) addi a0, a0, 1364
x10 <- 0x55555554


mem[X,0x80028778] -> 0x0593
mem[X,0x8002877A] -> 0x0010
[3516] [M]: 0x80028778 (0x00100593) addi a1, zero, 1
x11 <- 0x00000001


mem[X,0x8002877C] -> 0x0193
mem[X,0x8002877E] -> 0x0000
[3517] [M]: 0x8002877C (0x00000193) addi gp, zero, 0
x3 <- 0x00000000


mem[X,0x80028780] -> 0x006F
mem[X,0x80028782] -> 0x00C0
[3518] [M]: 0x80028780 (0x00C0006F) jal zero, 12


mem[X,0x8002878C] -> 0x7663
mem[X,0x8002878E] -> 0x00B5
[3519] [M]: 0x8002878C (0x00B57663) bgeu a0, a1, 12


mem[X,0x80028798] -> 0x8193
mem[X,0x8002879A] -> 0x0031
[3520] [M]: 0x80028798 (0x00318193) addi gp, gp, 3
x3 <- 0x00000003


mem[X,0x8002879C] -> 0x006F
mem[X,0x8002879E] -> 0x0040
[3521] [M]: 0x8002879C (0x0040006F) jal zero, 4


mem[X,0x800287A0] -> 0x2623
mem[X,0x800287A2] -> 0x5831
[3522] [M]: 0x800287A0 (0x58312623) sw gp, 1420(sp)
mem[0x8004B6F0] <- 0x00000003


mem[X,0x800287A4] -> 0x5537
mem[X,0x800287A6] -> 0x5555
[3523] [M]: 0x800287A4 (0x55555537) lui a0, 349525
x10 <- 0x55555000


mem[X,0x800287A8] -> 0x0513
mem[X,0x800287AA] -> 0x5545
[3524] [M]: 0x800287A8 (0x55450513) addi a0, a0, 1364
x10 <- 0x55555554


mem[X,0x800287AC] -> 0x05B7
mem[X,0x800287AE] -> 0x0001
[3525] [M]: 0x800287AC (0x000105B7) lui a1, 16
x11 <- 0x00010000


mem[X,0x800287B0] -> 0x0193
mem[X,0x800287B2] -> 0x0000
[3526] [M]: 0x800287B0 (0x00000193) addi gp, zero, 0
x3 <- 0x00000000


mem[X,0x800287B4] -> 0x006F
mem[X,0x800287B6] -> 0x0140
[3527] [M]: 0x800287B4 (0x0140006F) jal zero, 20


mem[X,0x800287C8] -> 0x78E3
mem[X,0x800287CA] -> 0xFEB5
[3528] [M]: 0x800287C8 (0xFEB578E3) bgeu a0, a1, 8176


mem[X,0x800287B8] -> 0x8193
mem[X,0x800287BA] -> 0x0011
[3529] [M]: 0x800287B8 (0x00118193) addi gp, gp, 1
x3 <- 0x00000001


mem[X,0x800287BC] -> 0x006F
mem[X,0x800287BE] -> 0x0200
[3530] [M]: 0x800287BC (0x0200006F) jal zero, 32


mem[X,0x800287DC] -> 0x2823
mem[X,0x800287DE] -> 0x5831
[3531] [M]: 0x800287DC (0x58312823) sw gp, 1424(sp)
mem[0x8004B6F4] <- 0x00000001


mem[X,0x800287E0] -> 0xB537
mem[X,0x800287E2] -> 0xAAAA
[3532] [M]: 0x800287E0 (0xAAAAB537) lui a0, 699051
x10 <- 0xAAAAB000


mem[X,0x800287E4] -> 0x0513
mem[X,0x800287E6] -> 0xAA95
[3533] [M]: 0x800287E4 (0xAA950513) addi a0, a0, 2729
x10 <- 0xAAAAAAA9


mem[X,0x800287E8] -> 0x0593
mem[X,0x800287EA] -> 0x0030
[3534] [M]: 0x800287E8 (0x00300593) addi a1, zero, 3
x11 <- 0x00000003


mem[X,0x800287EC] -> 0x0193
mem[X,0x800287EE] -> 0x0000
[3535] [M]: 0x800287EC (0x00000193) addi gp, zero, 0
x3 <- 0x00000000


mem[X,0x800287F0] -> 0x006F
mem[X,0x800287F2] -> 0x0180
[3536] [M]: 0x800287F0 (0x0180006F) jal zero, 24


mem[X,0x80028808] -> 0x76E3
mem[X,0x8002880A] -> 0xFEB5
[3537] [M]: 0x80028808 (0xFEB576E3) bgeu a0, a1, 8172


mem[X,0x800287F4] -> 0x8193
mem[X,0x800287F6] -> 0x0011
[3538] [M]: 0x800287F4 (0x00118193) addi gp, gp, 1
x3 <- 0x00000001


mem[X,0x800287F8] -> 0x006F
mem[X,0x800287FA] -> 0x0240
[3539] [M]: 0x800287F8 (0x0240006F) jal zero, 36


mem[X,0x8002881C] -> 0x2A23
mem[X,0x8002881E] -> 0x5831
[3540] [M]: 0x8002881C (0x58312A23) sw gp, 1428(sp)
mem[0x8004B6F8] <- 0x00000001


mem[X,0x80028820] -> 0xB537
mem[X,0x80028822] -> 0xAAAA
[3541] [M]: 0x80028820 (0xAAAAB537) lui a0, 699051
x10 <- 0xAAAAB000


mem[X,0x80028824] -> 0x0513
mem[X,0x80028826] -> 0xAA95
[3542] [M]: 0x80028824 (0xAA950513) addi a0, a0, 2729
x10 <- 0xAAAAAAA9


mem[X,0x80028828] -> 0x55B7
mem[X,0x8002882A] -> 0x5555
[3543] [M]: 0x80028828 (0x555555B7) lui a1, 349525
x11 <- 0x55555000


mem[X,0x8002882C] -> 0x8593
mem[X,0x8002882E] -> 0x5555
[3544] [M]: 0x8002882C (0x55558593) addi a1, a1, 1365
x11 <- 0x55555555


mem[X,0x80028830] -> 0x0193
mem[X,0x80028832] -> 0x0000
[3545] [M]: 0x80028830 (0x00000193) addi gp, zero, 0
x3 <- 0x00000000


mem[X,0x80028834] -> 0x006F
mem[X,0x80028836] -> 0x00C0
[3546] [M]: 0x80028834 (0x00C0006F) jal zero, 12


mem[X,0x80028840] -> 0x7863
mem[X,0x80028842] -> 0x00B5
[3547] [M]: 0x80028840 (0x00B57863) bgeu a0, a1, 16


mem[X,0x80028850] -> 0x8193
mem[X,0x80028852] -> 0x0031
[3548] [M]: 0x80028850 (0x00318193) addi gp, gp, 3
x3 <- 0x00000003


mem[X,0x80028854] -> 0x006F
mem[X,0x80028856] -> 0x0040
[3549] [M]: 0x80028854 (0x0040006F) jal zero, 4


mem[X,0x80028858] -> 0x2C23
mem[X,0x8002885A] -> 0x5831
[3550] [M]: 0x80028858 (0x58312C23) sw gp, 1432(sp)
mem[0x8004B6FC] <- 0x00000003


mem[X,0x8002885C] -> 0xB537
mem[X,0x8002885E] -> 0xAAAA
[3551] [M]: 0x8002885C (0xAAAAB537) lui a0, 699051
x10 <- 0xAAAAB000


mem[X,0x80028860] -> 0x0513
mem[X,0x80028862] -> 0xAA95
[3552] [M]: 0x80028860 (0xAA950513) addi a0, a0, 2729
x10 <- 0xAAAAAAA9


mem[X,0x80028864] -> 0xB5B7
mem[X,0x80028866] -> 0xAAAA
[3553] [M]: 0x80028864 (0xAAAAB5B7) lui a1, 699051
x11 <- 0xAAAAB000


mem[X,0x80028868] -> 0x8593
mem[X,0x8002886A] -> 0xAAA5
[3554] [M]: 0x80028868 (0xAAA58593) addi a1, a1, 2730
x11 <- 0xAAAAAAAA


mem[X,0x8002886C] -> 0x0193
mem[X,0x8002886E] -> 0x0000
[3555] [M]: 0x8002886C (0x00000193) addi gp, zero, 0
x3 <- 0x00000000


mem[X,0x80028870] -> 0x006F
mem[X,0x80028872] -> 0x0140
[3556] [M]: 0x80028870 (0x0140006F) jal zero, 20


mem[X,0x80028884] -> 0x78E3
mem[X,0x80028886] -> 0xFEB5
[3557] [M]: 0x80028884 (0xFEB578E3) bgeu a0, a1, 8176


mem[X,0x80028888] -> 0x8193
mem[X,0x8002888A] -> 0x0021
[3558] [M]: 0x80028888 (0x00218193) addi gp, gp, 2
x3 <- 0x00000002


mem[X,0x8002888C] -> 0x006F
mem[X,0x8002888E] -> 0x00C0
[3559] [M]: 0x8002888C (0x00C0006F) jal zero, 12


mem[X,0x80028898] -> 0x2E23
mem[X,0x8002889A] -> 0x5831
[3560] [M]: 0x80028898 (0x58312E23) sw gp, 1436(sp)
mem[0x8004B700] <- 0x00000002


mem[X,0x8002889C] -> 0xB537
mem[X,0x8002889E] -> 0xAAAA
[3561] [M]: 0x8002889C (0xAAAAB537) lui a0, 699051
x10 <- 0xAAAAB000


mem[X,0x800288A0] -> 0x0513
mem[X,0x800288A2] -> 0xAA95
[3562] [M]: 0x800288A0 (0xAA950513) addi a0, a0, 2729
x10 <- 0xAAAAAAA9


mem[X,0x800288A4] -> 0x0593
mem[X,0x800288A6] -> 0x0050
[3563] [M]: 0x800288A4 (0x00500593) addi a1, zero, 5
x11 <- 0x00000005


mem[X,0x800288A8] -> 0x0193
mem[X,0x800288AA] -> 0x0000
[3564] [M]: 0x800288A8 (0x00000193) addi gp, zero, 0
x3 <- 0x00000000


mem[X,0x800288AC] -> 0x006F
mem[X,0x800288AE] -> 0x00C0
[3565] [M]: 0x800288AC (0x00C0006F) jal zero, 12


mem[X,0x800288B8] -> 0x7CE3
mem[X,0x800288BA] -> 0xFEB5
[3566] [M]: 0x800288B8 (0xFEB57CE3) bgeu a0, a1, 8184


mem[X,0x800288B0] -> 0x8193
mem[X,0x800288B2] -> 0x0011
[3567] [M]: 0x800288B0 (0x00118193) addi gp, gp, 1
x3 <- 0x00000001


mem[X,0x800288B4] -> 0x006F
mem[X,0x800288B6] -> 0x0180
[3568] [M]: 0x800288B4 (0x0180006F) jal zero, 24


mem[X,0x800288CC] -> 0x2023
mem[X,0x800288CE] -> 0x5A31
[3569] [M]: 0x800288CC (0x5A312023) sw gp, 1440(sp)
mem[0x8004B704] <- 0x00000001


mem[X,0x800288D0] -> 0xB537
mem[X,0x800288D2] -> 0xAAAA
[3570] [M]: 0x800288D0 (0xAAAAB537) lui a0, 699051
x10 <- 0xAAAAB000


mem[X,0x800288D4] -> 0x0513
mem[X,0x800288D6] -> 0xAA95
[3571] [M]: 0x800288D4 (0xAA950513) addi a0, a0, 2729
x10 <- 0xAAAAAAA9


mem[X,0x800288D8] -> 0x35B7
mem[X,0x800288DA] -> 0x3333
[3572] [M]: 0x800288D8 (0x333335B7) lui a1, 209715
x11 <- 0x33333000


mem[X,0x800288DC] -> 0x8593
mem[X,0x800288DE] -> 0x3335
[3573] [M]: 0x800288DC (0x33358593) addi a1, a1, 819
x11 <- 0x33333333


mem[X,0x800288E0] -> 0x0193
mem[X,0x800288E2] -> 0x0000
[3574] [M]: 0x800288E0 (0x00000193) addi gp, zero, 0
x3 <- 0x00000000


mem[X,0x800288E4] -> 0x006F
mem[X,0x800288E6] -> 0x00C0
[3575] [M]: 0x800288E4 (0x00C0006F) jal zero, 12


mem[X,0x800288F0] -> 0x7063
mem[X,0x800288F2] -> 0x20B5
[3576] [M]: 0x800288F0 (0x20B57063) bgeu a0, a1, 512


mem[X,0x80028AF0] -> 0x8193
mem[X,0x80028AF2] -> 0x0031
[3577] [M]: 0x80028AF0 (0x00318193) addi gp, gp, 3
x3 <- 0x00000003


mem[X,0x80028AF4] -> 0x006F
mem[X,0x80028AF6] -> 0x0040
[3578] [M]: 0x80028AF4 (0x0040006F) jal zero, 4


mem[X,0x80028AF8] -> 0x2223
mem[X,0x80028AFA] -> 0x5A31
[3579] [M]: 0x80028AF8 (0x5A312223) sw gp, 1444(sp)
mem[0x8004B708] <- 0x00000003


mem[X,0x80028AFC] -> 0xB537
mem[X,0x80028AFE] -> 0xAAAA
[3580] [M]: 0x80028AFC (0xAAAAB537) lui a0, 699051
x10 <- 0xAAAAB000


mem[X,0x80028B00] -> 0x0513
mem[X,0x80028B02] -> 0xAA95
[3581] [M]: 0x80028B00 (0xAA950513) addi a0, a0, 2729
x10 <- 0xAAAAAAA9


mem[X,0x80028B04] -> 0x65B7
mem[X,0x80028B06] -> 0x6666
[3582] [M]: 0x80028B04 (0x666665B7) lui a1, 419430
x11 <- 0x66666000


mem[X,0x80028B08] -> 0x8593
mem[X,0x80028B0A] -> 0x6665
[3583] [M]: 0x80028B08 (0x66658593) addi a1, a1, 1638
x11 <- 0x66666666


mem[X,0x80028B0C] -> 0x0193
mem[X,0x80028B0E] -> 0x0000
[3584] [M]: 0x80028B0C (0x00000193) addi gp, zero, 0
x3 <- 0x00000000


mem[X,0x80028B10] -> 0x006F
mem[X,0x80028B12] -> 0x00C0
[3585] [M]: 0x80028B10 (0x00C0006F) jal zero, 12


mem[X,0x80028B1C] -> 0x7663
mem[X,0x80028B1E] -> 0x00B5
[3586] [M]: 0x80028B1C (0x00B57663) bgeu a0, a1, 12


mem[X,0x80028B28] -> 0x8193
mem[X,0x80028B2A] -> 0x0031
[3587] [M]: 0x80028B28 (0x00318193) addi gp, gp, 3
x3 <- 0x00000003


mem[X,0x80028B2C] -> 0x006F
mem[X,0x80028B2E] -> 0x0040
[3588] [M]: 0x80028B2C (0x0040006F) jal zero, 4


mem[X,0x80028B30] -> 0x2423
mem[X,0x80028B32] -> 0x5A31
[3589] [M]: 0x80028B30 (0x5A312423) sw gp, 1448(sp)
mem[0x8004B70C] <- 0x00000003


mem[X,0x80028B34] -> 0xB537
mem[X,0x80028B36] -> 0xAAAA
[3590] [M]: 0x80028B34 (0xAAAAB537) lui a0, 699051
x10 <- 0xAAAAB000


mem[X,0x80028B38] -> 0x0513
mem[X,0x80028B3A] -> 0xAA95
[3591] [M]: 0x80028B38 (0xAA950513) addi a0, a0, 2729
x10 <- 0xAAAAAAA9


mem[X,0x80028B3C] -> 0xB5B7
mem[X,0x80028B3E] -> 0x0000
[3592] [M]: 0x80028B3C (0x0000B5B7) lui a1, 11
x11 <- 0x0000B000


mem[X,0x80028B40] -> 0x8593
mem[X,0x80028B42] -> 0x5045
[3593] [M]: 0x80028B40 (0x50458593) addi a1, a1, 1284
x11 <- 0x0000B504


mem[X,0x80028B44] -> 0x0193
mem[X,0x80028B46] -> 0x0000
[3594] [M]: 0x80028B44 (0x00000193) addi gp, zero, 0
x3 <- 0x00000000


mem[X,0x80028B48] -> 0x006F
mem[X,0x80028B4A] -> 0x00C0
[3595] [M]: 0x80028B48 (0x00C0006F) jal zero, 12


mem[X,0x80028B54] -> 0x7063
mem[X,0x80028B56] -> 0x40B5
[3596] [M]: 0x80028B54 (0x40B57063) bgeu a0, a1, 1024


mem[X,0x80028F54] -> 0x8193
mem[X,0x80028F56] -> 0x0031
[3597] [M]: 0x80028F54 (0x00318193) addi gp, gp, 3
x3 <- 0x00000003


mem[X,0x80028F58] -> 0x006F
mem[X,0x80028F5A] -> 0x0040
[3598] [M]: 0x80028F58 (0x0040006F) jal zero, 4


mem[X,0x80028F5C] -> 0x2623
mem[X,0x80028F5E] -> 0x5A31
[3599] [M]: 0x80028F5C (0x5A312623) sw gp, 1452(sp)
mem[0x8004B710] <- 0x00000003


clint::tick mtime <- 0x0000000000000024
 clint timer pending at mtime 0x0000000000000024
htif::tick 0x0000000000000000
mem[X,0x80028F60] -> 0xB537
mem[X,0x80028F62] -> 0xAAAA
[3600] [M]: 0x80028F60 (0xAAAAB537) lui a0, 699051
x10 <- 0xAAAAB000


mem[X,0x80028F64] -> 0x0513
mem[X,0x80028F66] -> 0xAA95
[3601] [M]: 0x80028F64 (0xAA950513) addi a0, a0, 2729
x10 <- 0xAAAAAAA9


mem[X,0x80028F68] -> 0x0593
mem[X,0x80028F6A] -> 0x0000
[3602] [M]: 0x80028F68 (0x00000593) addi a1, zero, 0
x11 <- 0x00000000


mem[X,0x80028F6C] -> 0x0193
mem[X,0x80028F6E] -> 0x0000
[3603] [M]: 0x80028F6C (0x00000193) addi gp, zero, 0
x3 <- 0x00000000


mem[X,0x80028F70] -> 0x006F
mem[X,0x80028F72] -> 0x0100
[3604] [M]: 0x80028F70 (0x0100006F) jal zero, 16


mem[X,0x80028F80] -> 0x7AE3
mem[X,0x80028F82] -> 0xFEB5
[3605] [M]: 0x80028F80 (0xFEB57AE3) bgeu a0, a1, 8180


mem[X,0x80028F74] -> 0x8193
mem[X,0x80028F76] -> 0x0011
[3606] [M]: 0x80028F74 (0x00118193) addi gp, gp, 1
x3 <- 0x00000001


mem[X,0x80028F78] -> 0x006F
mem[X,0x80028F7A] -> 0x01C0
[3607] [M]: 0x80028F78 (0x01C0006F) jal zero, 28


mem[X,0x80028F94] -> 0x2823
mem[X,0x80028F96] -> 0x5A31
[3608] [M]: 0x80028F94 (0x5A312823) sw gp, 1456(sp)
mem[0x8004B714] <- 0x00000001


mem[X,0x80028F98] -> 0xB537
mem[X,0x80028F9A] -> 0xAAAA
[3609] [M]: 0x80028F98 (0xAAAAB537) lui a0, 699051
x10 <- 0xAAAAB000


mem[X,0x80028F9C] -> 0x0513
mem[X,0x80028F9E] -> 0xAA95
[3610] [M]: 0x80028F9C (0xAA950513) addi a0, a0, 2729
x10 <- 0xAAAAAAA9


mem[X,0x80028FA0] -> 0x05B7
mem[X,0x80028FA2] -> 0x0001
[3611] [M]: 0x80028FA0 (0x000105B7) lui a1, 16
x11 <- 0x00010000


mem[X,0x80028FA4] -> 0x8593
mem[X,0x80028FA6] -> 0xFFF5
[3612] [M]: 0x80028FA4 (0xFFF58593) addi a1, a1, 4095
x11 <- 0x0000FFFF


mem[X,0x80028FA8] -> 0x0193
mem[X,0x80028FAA] -> 0x0000
[3613] [M]: 0x80028FA8 (0x00000193) addi gp, zero, 0
x3 <- 0x00000000


mem[X,0x80028FAC] -> 0x006F
mem[X,0x80028FAE] -> 0x00C0
[3614] [M]: 0x80028FAC (0x00C0006F) jal zero, 12


mem[X,0x80028FB8] -> 0x7663
mem[X,0x80028FBA] -> 0x00B5
[3615] [M]: 0x80028FB8 (0x00B57663) bgeu a0, a1, 12


mem[X,0x80028FC4] -> 0x8193
mem[X,0x80028FC6] -> 0x0031
[3616] [M]: 0x80028FC4 (0x00318193) addi gp, gp, 3
x3 <- 0x00000003


mem[X,0x80028FC8] -> 0x006F
mem[X,0x80028FCA] -> 0x0040
[3617] [M]: 0x80028FC8 (0x0040006F) jal zero, 4


mem[X,0x80028FCC] -> 0x2A23
mem[X,0x80028FCE] -> 0x5A31
[3618] [M]: 0x80028FCC (0x5A312A23) sw gp, 1460(sp)
mem[0x8004B718] <- 0x00000003


mem[X,0x80028FD0] -> 0xB537
mem[X,0x80028FD2] -> 0xAAAA
[3619] [M]: 0x80028FD0 (0xAAAAB537) lui a0, 699051
x10 <- 0xAAAAB000


mem[X,0x80028FD4] -> 0x0513
mem[X,0x80028FD6] -> 0xAA95
[3620] [M]: 0x80028FD4 (0xAA950513) addi a0, a0, 2729
x10 <- 0xAAAAAAA9


mem[X,0x80028FD8] -> 0x0593
mem[X,0x80028FDA] -> 0x0020
[3621] [M]: 0x80028FD8 (0x00200593) addi a1, zero, 2
x11 <- 0x00000002


mem[X,0x80028FDC] -> 0x0193
mem[X,0x80028FDE] -> 0x0000
[3622] [M]: 0x80028FDC (0x00000193) addi gp, zero, 0
x3 <- 0x00000000


mem[X,0x80028FE0] -> 0x006F
mem[X,0x80028FE2] -> 0x2B10
[3623] [M]: 0x80028FE0 (0x2B10006F) jal zero, 2736


mem[X,0x80029A90] -> 0x7A63
mem[X,0x80029A92] -> 0xD4B5
[3624] [M]: 0x80029A90 (0xD4B57A63) bgeu a0, a1, 5460


mem[X,0x80028FE4] -> 0x8193
mem[X,0x80028FE6] -> 0x0011
[3625] [M]: 0x80028FE4 (0x00118193) addi gp, gp, 1
x3 <- 0x00000001


mem[X,0x80028FE8] -> 0x006F
mem[X,0x80028FEA] -> 0x2BD0
[3626] [M]: 0x80028FE8 (0x2BD0006F) jal zero, 2748


mem[X,0x80029AA4] -> 0x2C23
mem[X,0x80029AA6] -> 0x5A31
[3627] [M]: 0x80029AA4 (0x5A312C23) sw gp, 1464(sp)
mem[0x8004B71C] <- 0x00000001


mem[X,0x80029AA8] -> 0xB537
mem[X,0x80029AAA] -> 0xAAAA
[3628] [M]: 0x80029AA8 (0xAAAAB537) lui a0, 699051
x10 <- 0xAAAAB000


mem[X,0x80029AAC] -> 0x0513
mem[X,0x80029AAE] -> 0xAA95
[3629] [M]: 0x80029AAC (0xAA950513) addi a0, a0, 2729
x10 <- 0xAAAAAAA9


mem[X,0x80029AB0] -> 0x55B7
mem[X,0x80029AB2] -> 0x5555
[3630] [M]: 0x80029AB0 (0x555555B7) lui a1, 349525
x11 <- 0x55555000


mem[X,0x80029AB4] -> 0x8593
mem[X,0x80029AB6] -> 0x5545
[3631] [M]: 0x80029AB4 (0x55458593) addi a1, a1, 1364
x11 <- 0x55555554


mem[X,0x80029AB8] -> 0x0193
mem[X,0x80029ABA] -> 0x0000
[3632] [M]: 0x80029AB8 (0x00000193) addi gp, zero, 0
x3 <- 0x00000000


mem[X,0x80029ABC] -> 0x006F
mem[X,0x80029ABE] -> 0x00C0
[3633] [M]: 0x80029ABC (0x00C0006F) jal zero, 12


mem[X,0x80029AC8] -> 0x7663
mem[X,0x80029ACA] -> 0x00B5
[3634] [M]: 0x80029AC8 (0x00B57663) bgeu a0, a1, 12


mem[X,0x80029AD4] -> 0x8193
mem[X,0x80029AD6] -> 0x0031
[3635] [M]: 0x80029AD4 (0x00318193) addi gp, gp, 3
x3 <- 0x00000003


mem[X,0x80029AD8] -> 0x006F
mem[X,0x80029ADA] -> 0x0040
[3636] [M]: 0x80029AD8 (0x0040006F) jal zero, 4


mem[X,0x80029ADC] -> 0x2E23
mem[X,0x80029ADE] -> 0x5A31
[3637] [M]: 0x80029ADC (0x5A312E23) sw gp, 1468(sp)
mem[0x8004B720] <- 0x00000003


mem[X,0x80029AE0] -> 0xB537
mem[X,0x80029AE2] -> 0xAAAA
[3638] [M]: 0x80029AE0 (0xAAAAB537) lui a0, 699051
x10 <- 0xAAAAB000


mem[X,0x80029AE4] -> 0x0513
mem[X,0x80029AE6] -> 0xAA95
[3639] [M]: 0x80029AE4 (0xAA950513) addi a0, a0, 2729
x10 <- 0xAAAAAAA9


mem[X,0x80029AE8] -> 0xB5B7
mem[X,0x80029AEA] -> 0xAAAA
[3640] [M]: 0x80029AE8 (0xAAAAB5B7) lui a1, 699051
x11 <- 0xAAAAB000


mem[X,0x80029AEC] -> 0x8593
mem[X,0x80029AEE] -> 0xAA95
[3641] [M]: 0x80029AEC (0xAA958593) addi a1, a1, 2729
x11 <- 0xAAAAAAA9


mem[X,0x80029AF0] -> 0x0193
mem[X,0x80029AF2] -> 0x0000
[3642] [M]: 0x80029AF0 (0x00000193) addi gp, zero, 0
x3 <- 0x00000000


mem[X,0x80029AF4] -> 0x006F
mem[X,0x80029AF6] -> 0x00C0
[3643] [M]: 0x80029AF4 (0x00C0006F) jal zero, 12


mem[X,0x80029B00] -> 0x7CE3
mem[X,0x80029B02] -> 0xFEB5
[3644] [M]: 0x80029B00 (0xFEB57CE3) bgeu a0, a1, 8184


mem[X,0x80029AF8] -> 0x8193
mem[X,0x80029AFA] -> 0x0011
[3645] [M]: 0x80029AF8 (0x00118193) addi gp, gp, 1
x3 <- 0x00000001


mem[X,0x80029AFC] -> 0x006F
mem[X,0x80029AFE] -> 0x0180
[3646] [M]: 0x80029AFC (0x0180006F) jal zero, 24


mem[X,0x80029B14] -> 0x2023
mem[X,0x80029B16] -> 0x5C31
[3647] [M]: 0x80029B14 (0x5C312023) sw gp, 1472(sp)
mem[0x8004B724] <- 0x00000001


mem[X,0x80029B18] -> 0xB537
mem[X,0x80029B1A] -> 0xAAAA
[3648] [M]: 0x80029B18 (0xAAAAB537) lui a0, 699051
x10 <- 0xAAAAB000


mem[X,0x80029B1C] -> 0x0513
mem[X,0x80029B1E] -> 0xAA95
[3649] [M]: 0x80029B1C (0xAA950513) addi a0, a0, 2729
x10 <- 0xAAAAAAA9


mem[X,0x80029B20] -> 0x0593
mem[X,0x80029B22] -> 0x0040
[3650] [M]: 0x80029B20 (0x00400593) addi a1, zero, 4
x11 <- 0x00000004


mem[X,0x80029B24] -> 0x0193
mem[X,0x80029B26] -> 0x0000
[3651] [M]: 0x80029B24 (0x00000193) addi gp, zero, 0
x3 <- 0x00000000


mem[X,0x80029B28] -> 0x006F
mem[X,0x80029B2A] -> 0x00C0
[3652] [M]: 0x80029B28 (0x00C0006F) jal zero, 12


mem[X,0x80029B34] -> 0x7063
mem[X,0x80029B36] -> 0x20B5
[3653] [M]: 0x80029B34 (0x20B57063) bgeu a0, a1, 512


mem[X,0x80029D34] -> 0x8193
mem[X,0x80029D36] -> 0x0031
[3654] [M]: 0x80029D34 (0x00318193) addi gp, gp, 3
x3 <- 0x00000003


mem[X,0x80029D38] -> 0x006F
mem[X,0x80029D3A] -> 0x0040
[3655] [M]: 0x80029D38 (0x0040006F) jal zero, 4


mem[X,0x80029D3C] -> 0x2223
mem[X,0x80029D3E] -> 0x5C31
[3656] [M]: 0x80029D3C (0x5C312223) sw gp, 1476(sp)
mem[0x8004B728] <- 0x00000003


mem[X,0x80029D40] -> 0xB537
mem[X,0x80029D42] -> 0xAAAA
[3657] [M]: 0x80029D40 (0xAAAAB537) lui a0, 699051
x10 <- 0xAAAAB000


mem[X,0x80029D44] -> 0x0513
mem[X,0x80029D46] -> 0xAA95
[3658] [M]: 0x80029D44 (0xAA950513) addi a0, a0, 2729
x10 <- 0xAAAAAAA9


mem[X,0x80029D48] -> 0x35B7
mem[X,0x80029D4A] -> 0x3333
[3659] [M]: 0x80029D48 (0x333335B7) lui a1, 209715
x11 <- 0x33333000


mem[X,0x80029D4C] -> 0x8593
mem[X,0x80029D4E] -> 0x3325
[3660] [M]: 0x80029D4C (0x33258593) addi a1, a1, 818
x11 <- 0x33333332


mem[X,0x80029D50] -> 0x0193
mem[X,0x80029D52] -> 0x0000
[3661] [M]: 0x80029D50 (0x00000193) addi gp, zero, 0
x3 <- 0x00000000


mem[X,0x80029D54] -> 0x006F
mem[X,0x80029D56] -> 0x00C0
[3662] [M]: 0x80029D54 (0x00C0006F) jal zero, 12


mem[X,0x80029D60] -> 0x7063
mem[X,0x80029D62] -> 0x04B5
[3663] [M]: 0x80029D60 (0x04B57063) bgeu a0, a1, 64


mem[X,0x80029DA0] -> 0x8193
mem[X,0x80029DA2] -> 0x0031
[3664] [M]: 0x80029DA0 (0x00318193) addi gp, gp, 3
x3 <- 0x00000003


mem[X,0x80029DA4] -> 0x006F
mem[X,0x80029DA6] -> 0x0040
[3665] [M]: 0x80029DA4 (0x0040006F) jal zero, 4


mem[X,0x80029DA8] -> 0x2423
mem[X,0x80029DAA] -> 0x5C31
[3666] [M]: 0x80029DA8 (0x5C312423) sw gp, 1480(sp)
mem[0x8004B72C] <- 0x00000003


mem[X,0x80029DAC] -> 0xB537
mem[X,0x80029DAE] -> 0xAAAA
[3667] [M]: 0x80029DAC (0xAAAAB537) lui a0, 699051
x10 <- 0xAAAAB000


mem[X,0x80029DB0] -> 0x0513
mem[X,0x80029DB2] -> 0xAA95
[3668] [M]: 0x80029DB0 (0xAA950513) addi a0, a0, 2729
x10 <- 0xAAAAAAA9


mem[X,0x80029DB4] -> 0x65B7
mem[X,0x80029DB6] -> 0x6666
[3669] [M]: 0x80029DB4 (0x666665B7) lui a1, 419430
x11 <- 0x66666000


mem[X,0x80029DB8] -> 0x8593
mem[X,0x80029DBA] -> 0x6655
[3670] [M]: 0x80029DB8 (0x66558593) addi a1, a1, 1637
x11 <- 0x66666665


mem[X,0x80029DBC] -> 0x0193
mem[X,0x80029DBE] -> 0x0000
[3671] [M]: 0x80029DBC (0x00000193) addi gp, zero, 0
x3 <- 0x00000000


mem[X,0x80029DC0] -> 0x006F
mem[X,0x80029DC2] -> 0x2B10
[3672] [M]: 0x80029DC0 (0x2B10006F) jal zero, 2736


mem[X,0x8002A870] -> 0x7A63
mem[X,0x8002A872] -> 0xD4B5
[3673] [M]: 0x8002A870 (0xD4B57A63) bgeu a0, a1, 5460


mem[X,0x80029DC4] -> 0x8193
mem[X,0x80029DC6] -> 0x0011
[3674] [M]: 0x80029DC4 (0x00118193) addi gp, gp, 1
x3 <- 0x00000001


mem[X,0x80029DC8] -> 0x006F
mem[X,0x80029DCA] -> 0x2BD0
[3675] [M]: 0x80029DC8 (0x2BD0006F) jal zero, 2748


mem[X,0x8002A884] -> 0x2623
mem[X,0x8002A886] -> 0x5C31
[3676] [M]: 0x8002A884 (0x5C312623) sw gp, 1484(sp)
mem[0x8004B730] <- 0x00000001


mem[X,0x8002A888] -> 0xB537
mem[X,0x8002A88A] -> 0xAAAA
[3677] [M]: 0x8002A888 (0xAAAAB537) lui a0, 699051
x10 <- 0xAAAAB000


mem[X,0x8002A88C] -> 0x0513
mem[X,0x8002A88E] -> 0xAA95
[3678] [M]: 0x8002A88C (0xAA950513) addi a0, a0, 2729
x10 <- 0xAAAAAAA9


mem[X,0x8002A890] -> 0xB5B7
mem[X,0x8002A892] -> 0x0000
[3679] [M]: 0x8002A890 (0x0000B5B7) lui a1, 11
x11 <- 0x0000B000


mem[X,0x8002A894] -> 0x8593
mem[X,0x8002A896] -> 0x5035
[3680] [M]: 0x8002A894 (0x50358593) addi a1, a1, 1283
x11 <- 0x0000B503


mem[X,0x8002A898] -> 0x0193
mem[X,0x8002A89A] -> 0x0000
[3681] [M]: 0x8002A898 (0x00000193) addi gp, zero, 0
x3 <- 0x00000000


mem[X,0x8002A89C] -> 0x006F
mem[X,0x8002A89E] -> 0x00C0
[3682] [M]: 0x8002A89C (0x00C0006F) jal zero, 12


mem[X,0x8002A8A8] -> 0x7063
mem[X,0x8002A8AA] -> 0x08B5
[3683] [M]: 0x8002A8A8 (0x08B57063) bgeu a0, a1, 128


mem[X,0x8002A928] -> 0x8193
mem[X,0x8002A92A] -> 0x0031
[3684] [M]: 0x8002A928 (0x00318193) addi gp, gp, 3
x3 <- 0x00000003


mem[X,0x8002A92C] -> 0x006F
mem[X,0x8002A92E] -> 0x0040
[3685] [M]: 0x8002A92C (0x0040006F) jal zero, 4


mem[X,0x8002A930] -> 0x2823
mem[X,0x8002A932] -> 0x5C31
[3686] [M]: 0x8002A930 (0x5C312823) sw gp, 1488(sp)
mem[0x8004B734] <- 0x00000003


mem[X,0x8002A934] -> 0xB537
mem[X,0x8002A936] -> 0xAAAA
[3687] [M]: 0x8002A934 (0xAAAAB537) lui a0, 699051
x10 <- 0xAAAAB000


mem[X,0x8002A938] -> 0x0513
mem[X,0x8002A93A] -> 0xAA95
[3688] [M]: 0x8002A938 (0xAA950513) addi a0, a0, 2729
x10 <- 0xAAAAAAA9


mem[X,0x8002A93C] -> 0x05B7
mem[X,0x8002A93E] -> 0x0001
[3689] [M]: 0x8002A93C (0x000105B7) lui a1, 16
x11 <- 0x00010000


mem[X,0x8002A940] -> 0x8593
mem[X,0x8002A942] -> 0xFFE5
[3690] [M]: 0x8002A940 (0xFFE58593) addi a1, a1, 4094
x11 <- 0x0000FFFE


mem[X,0x8002A944] -> 0x0193
mem[X,0x8002A946] -> 0x0000
[3691] [M]: 0x8002A944 (0x00000193) addi gp, zero, 0
x3 <- 0x00000000


mem[X,0x8002A948] -> 0x006F
mem[X,0x8002A94A] -> 0x00C0
[3692] [M]: 0x8002A948 (0x00C0006F) jal zero, 12


mem[X,0x8002A954] -> 0x7063
mem[X,0x8002A956] -> 0x02B5
[3693] [M]: 0x8002A954 (0x02B57063) bgeu a0, a1, 32


mem[X,0x8002A974] -> 0x8193
mem[X,0x8002A976] -> 0x0031
[3694] [M]: 0x8002A974 (0x00318193) addi gp, gp, 3
x3 <- 0x00000003


mem[X,0x8002A978] -> 0x006F
mem[X,0x8002A97A] -> 0x0040
[3695] [M]: 0x8002A978 (0x0040006F) jal zero, 4


mem[X,0x8002A97C] -> 0x2A23
mem[X,0x8002A97E] -> 0x5C31
[3696] [M]: 0x8002A97C (0x5C312A23) sw gp, 1492(sp)
mem[0x8004B738] <- 0x00000003


mem[X,0x8002A980] -> 0xB537
mem[X,0x8002A982] -> 0xAAAA
[3697] [M]: 0x8002A980 (0xAAAAB537) lui a0, 699051
x10 <- 0xAAAAB000


mem[X,0x8002A984] -> 0x0513
mem[X,0x8002A986] -> 0xAA95
[3698] [M]: 0x8002A984 (0xAA950513) addi a0, a0, 2729
x10 <- 0xAAAAAAA9


mem[X,0x8002A988] -> 0x55B7
mem[X,0x8002A98A] -> 0x5555
[3699] [M]: 0x8002A988 (0x555555B7) lui a1, 349525
x11 <- 0x55555000


clint::tick mtime <- 0x0000000000000025
 clint timer pending at mtime 0x0000000000000025
htif::tick 0x0000000000000000
mem[X,0x8002A98C] -> 0x8593
mem[X,0x8002A98E] -> 0x5565
[3700] [M]: 0x8002A98C (0x55658593) addi a1, a1, 1366
x11 <- 0x55555556


mem[X,0x8002A990] -> 0x0193
mem[X,0x8002A992] -> 0x0000
[3701] [M]: 0x8002A990 (0x00000193) addi gp, zero, 0
x3 <- 0x00000000


mem[X,0x8002A994] -> 0x006F
mem[X,0x8002A996] -> 0x00C0
[3702] [M]: 0x8002A994 (0x00C0006F) jal zero, 12


mem[X,0x8002A9A0] -> 0x7063
mem[X,0x8002A9A2] -> 0x02B5
[3703] [M]: 0x8002A9A0 (0x02B57063) bgeu a0, a1, 32


mem[X,0x8002A9C0] -> 0x8193
mem[X,0x8002A9C2] -> 0x0031
[3704] [M]: 0x8002A9C0 (0x00318193) addi gp, gp, 3
x3 <- 0x00000003


mem[X,0x8002A9C4] -> 0x006F
mem[X,0x8002A9C6] -> 0x0040
[3705] [M]: 0x8002A9C4 (0x0040006F) jal zero, 4


mem[X,0x8002A9C8] -> 0x2C23
mem[X,0x8002A9CA] -> 0x5C31
[3706] [M]: 0x8002A9C8 (0x5C312C23) sw gp, 1496(sp)
mem[0x8004B73C] <- 0x00000003


mem[X,0x8002A9CC] -> 0xB537
mem[X,0x8002A9CE] -> 0xAAAA
[3707] [M]: 0x8002A9CC (0xAAAAB537) lui a0, 699051
x10 <- 0xAAAAB000


mem[X,0x8002A9D0] -> 0x0513
mem[X,0x8002A9D2] -> 0xAA95
[3708] [M]: 0x8002A9D0 (0xAA950513) addi a0, a0, 2729
x10 <- 0xAAAAAAA9


mem[X,0x8002A9D4] -> 0xB5B7
mem[X,0x8002A9D6] -> 0xAAAA
[3709] [M]: 0x8002A9D4 (0xAAAAB5B7) lui a1, 699051
x11 <- 0xAAAAB000


mem[X,0x8002A9D8] -> 0x8593
mem[X,0x8002A9DA] -> 0xAAB5
[3710] [M]: 0x8002A9D8 (0xAAB58593) addi a1, a1, 2731
x11 <- 0xAAAAAAAB


mem[X,0x8002A9DC] -> 0x0193
mem[X,0x8002A9DE] -> 0x0000
[3711] [M]: 0x8002A9DC (0x00000193) addi gp, zero, 0
x3 <- 0x00000000


mem[X,0x8002A9E0] -> 0x006F
mem[X,0x8002A9E2] -> 0x00C0
[3712] [M]: 0x8002A9E0 (0x00C0006F) jal zero, 12


mem[X,0x8002A9EC] -> 0x7863
mem[X,0x8002A9EE] -> 0x00B5
[3713] [M]: 0x8002A9EC (0x00B57863) bgeu a0, a1, 16


mem[X,0x8002A9F0] -> 0x8193
mem[X,0x8002A9F2] -> 0x0021
[3714] [M]: 0x8002A9F0 (0x00218193) addi gp, gp, 2
x3 <- 0x00000002


mem[X,0x8002A9F4] -> 0x006F
mem[X,0x8002A9F6] -> 0x0100
[3715] [M]: 0x8002A9F4 (0x0100006F) jal zero, 16


mem[X,0x8002AA04] -> 0x2E23
mem[X,0x8002AA06] -> 0x5C31
[3716] [M]: 0x8002AA04 (0x5C312E23) sw gp, 1500(sp)
mem[0x8004B740] <- 0x00000002


mem[X,0x8002AA08] -> 0xB537
mem[X,0x8002AA0A] -> 0xAAAA
[3717] [M]: 0x8002AA08 (0xAAAAB537) lui a0, 699051
x10 <- 0xAAAAB000


mem[X,0x8002AA0C] -> 0x0513
mem[X,0x8002AA0E] -> 0xAA95
[3718] [M]: 0x8002AA0C (0xAA950513) addi a0, a0, 2729
x10 <- 0xAAAAAAA9


mem[X,0x8002AA10] -> 0x0593
mem[X,0x8002AA12] -> 0x0060
[3719] [M]: 0x8002AA10 (0x00600593) addi a1, zero, 6
x11 <- 0x00000006


mem[X,0x8002AA14] -> 0x0193
mem[X,0x8002AA16] -> 0x0000
[3720] [M]: 0x8002AA14 (0x00000193) addi gp, zero, 0
x3 <- 0x00000000


mem[X,0x8002AA18] -> 0x006F
mem[X,0x8002AA1A] -> 0x0100
[3721] [M]: 0x8002AA18 (0x0100006F) jal zero, 16


mem[X,0x8002AA28] -> 0x7AE3
mem[X,0x8002AA2A] -> 0xFEB5
[3722] [M]: 0x8002AA28 (0xFEB57AE3) bgeu a0, a1, 8180


mem[X,0x8002AA1C] -> 0x8193
mem[X,0x8002AA1E] -> 0x0011
[3723] [M]: 0x8002AA1C (0x00118193) addi gp, gp, 1
x3 <- 0x00000001


mem[X,0x8002AA20] -> 0x006F
mem[X,0x8002AA22] -> 0x01C0
[3724] [M]: 0x8002AA20 (0x01C0006F) jal zero, 28


mem[X,0x8002AA3C] -> 0x2023
mem[X,0x8002AA3E] -> 0x5E31
[3725] [M]: 0x8002AA3C (0x5E312023) sw gp, 1504(sp)
mem[0x8004B744] <- 0x00000001


mem[X,0x8002AA40] -> 0xB537
mem[X,0x8002AA42] -> 0xAAAA
[3726] [M]: 0x8002AA40 (0xAAAAB537) lui a0, 699051
x10 <- 0xAAAAB000


mem[X,0x8002AA44] -> 0x0513
mem[X,0x8002AA46] -> 0xAA95
[3727] [M]: 0x8002AA44 (0xAA950513) addi a0, a0, 2729
x10 <- 0xAAAAAAA9


mem[X,0x8002AA48] -> 0x35B7
mem[X,0x8002AA4A] -> 0x3333
[3728] [M]: 0x8002AA48 (0x333335B7) lui a1, 209715
x11 <- 0x33333000


mem[X,0x8002AA4C] -> 0x8593
mem[X,0x8002AA4E] -> 0x3345
[3729] [M]: 0x8002AA4C (0x33458593) addi a1, a1, 820
x11 <- 0x33333334


mem[X,0x8002AA50] -> 0x0193
mem[X,0x8002AA52] -> 0x0000
[3730] [M]: 0x8002AA50 (0x00000193) addi gp, zero, 0
x3 <- 0x00000000


mem[X,0x8002AA54] -> 0x006F
mem[X,0x8002AA56] -> 0x00C0
[3731] [M]: 0x8002AA54 (0x00C0006F) jal zero, 12


mem[X,0x8002AA60] -> 0x7063
mem[X,0x8002AA62] -> 0x02B5
[3732] [M]: 0x8002AA60 (0x02B57063) bgeu a0, a1, 32


mem[X,0x8002AA80] -> 0x8193
mem[X,0x8002AA82] -> 0x0031
[3733] [M]: 0x8002AA80 (0x00318193) addi gp, gp, 3
x3 <- 0x00000003


mem[X,0x8002AA84] -> 0x006F
mem[X,0x8002AA86] -> 0x0040
[3734] [M]: 0x8002AA84 (0x0040006F) jal zero, 4


mem[X,0x8002AA88] -> 0x2223
mem[X,0x8002AA8A] -> 0x5E31
[3735] [M]: 0x8002AA88 (0x5E312223) sw gp, 1508(sp)
mem[0x8004B748] <- 0x00000003


mem[X,0x8002AA8C] -> 0xB537
mem[X,0x8002AA8E] -> 0xAAAA
[3736] [M]: 0x8002AA8C (0xAAAAB537) lui a0, 699051
x10 <- 0xAAAAB000


mem[X,0x8002AA90] -> 0x0513
mem[X,0x8002AA92] -> 0xAA95
[3737] [M]: 0x8002AA90 (0xAA950513) addi a0, a0, 2729
x10 <- 0xAAAAAAA9


mem[X,0x8002AA94] -> 0x65B7
mem[X,0x8002AA96] -> 0x6666
[3738] [M]: 0x8002AA94 (0x666665B7) lui a1, 419430
x11 <- 0x66666000


mem[X,0x8002AA98] -> 0x8593
mem[X,0x8002AA9A] -> 0x6675
[3739] [M]: 0x8002AA98 (0x66758593) addi a1, a1, 1639
x11 <- 0x66666667


mem[X,0x8002AA9C] -> 0x0193
mem[X,0x8002AA9E] -> 0x0000
[3740] [M]: 0x8002AA9C (0x00000193) addi gp, zero, 0
x3 <- 0x00000000


mem[X,0x8002AAA0] -> 0x006F
mem[X,0x8002AAA2] -> 0x00C0
[3741] [M]: 0x8002AAA0 (0x00C0006F) jal zero, 12


mem[X,0x8002AAAC] -> 0x7063
mem[X,0x8002AAAE] -> 0x40B5
[3742] [M]: 0x8002AAAC (0x40B57063) bgeu a0, a1, 1024


mem[X,0x8002AEAC] -> 0x8193
mem[X,0x8002AEAE] -> 0x0031
[3743] [M]: 0x8002AEAC (0x00318193) addi gp, gp, 3
x3 <- 0x00000003


mem[X,0x8002AEB0] -> 0x006F
mem[X,0x8002AEB2] -> 0x0040
[3744] [M]: 0x8002AEB0 (0x0040006F) jal zero, 4


mem[X,0x8002AEB4] -> 0x2423
mem[X,0x8002AEB6] -> 0x5E31
[3745] [M]: 0x8002AEB4 (0x5E312423) sw gp, 1512(sp)
mem[0x8004B74C] <- 0x00000003


mem[X,0x8002AEB8] -> 0xB537
mem[X,0x8002AEBA] -> 0xAAAA
[3746] [M]: 0x8002AEB8 (0xAAAAB537) lui a0, 699051
x10 <- 0xAAAAB000


mem[X,0x8002AEBC] -> 0x0513
mem[X,0x8002AEBE] -> 0xAA95
[3747] [M]: 0x8002AEBC (0xAA950513) addi a0, a0, 2729
x10 <- 0xAAAAAAA9


mem[X,0x8002AEC0] -> 0xB5B7
mem[X,0x8002AEC2] -> 0x0000
[3748] [M]: 0x8002AEC0 (0x0000B5B7) lui a1, 11
x11 <- 0x0000B000


mem[X,0x8002AEC4] -> 0x8593
mem[X,0x8002AEC6] -> 0x5055
[3749] [M]: 0x8002AEC4 (0x50558593) addi a1, a1, 1285
x11 <- 0x0000B505


mem[X,0x8002AEC8] -> 0x0193
mem[X,0x8002AECA] -> 0x0000
[3750] [M]: 0x8002AEC8 (0x00000193) addi gp, zero, 0
x3 <- 0x00000000


mem[X,0x8002AECC] -> 0x006F
mem[X,0x8002AECE] -> 0x00C0
[3751] [M]: 0x8002AECC (0x00C0006F) jal zero, 12


mem[X,0x8002AED8] -> 0x7063
mem[X,0x8002AEDA] -> 0x40B5
[3752] [M]: 0x8002AED8 (0x40B57063) bgeu a0, a1, 1024


mem[X,0x8002B2D8] -> 0x8193
mem[X,0x8002B2DA] -> 0x0031
[3753] [M]: 0x8002B2D8 (0x00318193) addi gp, gp, 3
x3 <- 0x00000003


mem[X,0x8002B2DC] -> 0x006F
mem[X,0x8002B2DE] -> 0x0040
[3754] [M]: 0x8002B2DC (0x0040006F) jal zero, 4


mem[X,0x8002B2E0] -> 0x2623
mem[X,0x8002B2E2] -> 0x5E31
[3755] [M]: 0x8002B2E0 (0x5E312623) sw gp, 1516(sp)
mem[0x8004B750] <- 0x00000003


mem[X,0x8002B2E4] -> 0xB537
mem[X,0x8002B2E6] -> 0xAAAA
[3756] [M]: 0x8002B2E4 (0xAAAAB537) lui a0, 699051
x10 <- 0xAAAAB000


mem[X,0x8002B2E8] -> 0x0513
mem[X,0x8002B2EA] -> 0xAA95
[3757] [M]: 0x8002B2E8 (0xAA950513) addi a0, a0, 2729
x10 <- 0xAAAAAAA9


mem[X,0x8002B2EC] -> 0x05B7
mem[X,0x8002B2EE] -> 0x0001
[3758] [M]: 0x8002B2EC (0x000105B7) lui a1, 16
x11 <- 0x00010000


mem[X,0x8002B2F0] -> 0x0193
mem[X,0x8002B2F2] -> 0x0000
[3759] [M]: 0x8002B2F0 (0x00000193) addi gp, zero, 0
x3 <- 0x00000000


mem[X,0x8002B2F4] -> 0x006F
mem[X,0x8002B2F6] -> 0x2B10
[3760] [M]: 0x8002B2F4 (0x2B10006F) jal zero, 2736


mem[X,0x8002BDA4] -> 0x7A63
mem[X,0x8002BDA6] -> 0xD4B5
[3761] [M]: 0x8002BDA4 (0xD4B57A63) bgeu a0, a1, 5460


mem[X,0x8002B2F8] -> 0x8193
mem[X,0x8002B2FA] -> 0x0011
[3762] [M]: 0x8002B2F8 (0x00118193) addi gp, gp, 1
x3 <- 0x00000001


mem[X,0x8002B2FC] -> 0x006F
mem[X,0x8002B2FE] -> 0x2BD0
[3763] [M]: 0x8002B2FC (0x2BD0006F) jal zero, 2748


mem[X,0x8002BDB8] -> 0x2823
mem[X,0x8002BDBA] -> 0x5E31
[3764] [M]: 0x8002BDB8 (0x5E312823) sw gp, 1520(sp)
mem[0x8004B754] <- 0x00000001


mem[X,0x8002BDBC] -> 0x0513
mem[X,0x8002BDBE] -> 0x0040
[3765] [M]: 0x8002BDBC (0x00400513) addi a0, zero, 4
x10 <- 0x00000004


mem[X,0x8002BDC0] -> 0x0593
mem[X,0x8002BDC2] -> 0x0030
[3766] [M]: 0x8002BDC0 (0x00300593) addi a1, zero, 3
x11 <- 0x00000003


mem[X,0x8002BDC4] -> 0x0193
mem[X,0x8002BDC6] -> 0x0000
[3767] [M]: 0x8002BDC4 (0x00000193) addi gp, zero, 0
x3 <- 0x00000000


mem[X,0x8002BDC8] -> 0x006F
mem[X,0x8002BDCA] -> 0x00C0
[3768] [M]: 0x8002BDC8 (0x00C0006F) jal zero, 12


mem[X,0x8002BDD4] -> 0x7CE3
mem[X,0x8002BDD6] -> 0xFEB5
[3769] [M]: 0x8002BDD4 (0xFEB57CE3) bgeu a0, a1, 8184


mem[X,0x8002BDCC] -> 0x8193
mem[X,0x8002BDCE] -> 0x0011
[3770] [M]: 0x8002BDCC (0x00118193) addi gp, gp, 1
x3 <- 0x00000001


mem[X,0x8002BDD0] -> 0x006F
mem[X,0x8002BDD2] -> 0x0180
[3771] [M]: 0x8002BDD0 (0x0180006F) jal zero, 24


mem[X,0x8002BDE8] -> 0x2A23
mem[X,0x8002BDEA] -> 0x5E31
[3772] [M]: 0x8002BDE8 (0x5E312A23) sw gp, 1524(sp)
mem[0x8004B758] <- 0x00000001


mem[X,0x8002BDEC] -> 0x0513
mem[X,0x8002BDEE] -> 0x0040
[3773] [M]: 0x8002BDEC (0x00400513) addi a0, zero, 4
x10 <- 0x00000004


mem[X,0x8002BDF0] -> 0x55B7
mem[X,0x8002BDF2] -> 0x5555
[3774] [M]: 0x8002BDF0 (0x555555B7) lui a1, 349525
x11 <- 0x55555000


mem[X,0x8002BDF4] -> 0x8593
mem[X,0x8002BDF6] -> 0x5555
[3775] [M]: 0x8002BDF4 (0x55558593) addi a1, a1, 1365
x11 <- 0x55555555


mem[X,0x8002BDF8] -> 0x0193
mem[X,0x8002BDFA] -> 0x0000
[3776] [M]: 0x8002BDF8 (0x00000193) addi gp, zero, 0
x3 <- 0x00000000


mem[X,0x8002BDFC] -> 0x006F
mem[X,0x8002BDFE] -> 0x00C0
[3777] [M]: 0x8002BDFC (0x00C0006F) jal zero, 12


mem[X,0x8002BE08] -> 0x7663
mem[X,0x8002BE0A] -> 0x00B5
[3778] [M]: 0x8002BE08 (0x00B57663) bgeu a0, a1, 12


mem[X,0x8002BE0C] -> 0x8193
mem[X,0x8002BE0E] -> 0x0021
[3779] [M]: 0x8002BE0C (0x00218193) addi gp, gp, 2
x3 <- 0x00000002


mem[X,0x8002BE10] -> 0x006F
mem[X,0x8002BE12] -> 0x00C0
[3780] [M]: 0x8002BE10 (0x00C0006F) jal zero, 12


mem[X,0x8002BE1C] -> 0x2C23
mem[X,0x8002BE1E] -> 0x5E31
[3781] [M]: 0x8002BE1C (0x5E312C23) sw gp, 1528(sp)
mem[0x8004B75C] <- 0x00000002


mem[X,0x8002BE20] -> 0x0513
mem[X,0x8002BE22] -> 0x0040
[3782] [M]: 0x8002BE20 (0x00400513) addi a0, zero, 4
x10 <- 0x00000004


mem[X,0x8002BE24] -> 0xB5B7
mem[X,0x8002BE26] -> 0xAAAA
[3783] [M]: 0x8002BE24 (0xAAAAB5B7) lui a1, 699051
x11 <- 0xAAAAB000


mem[X,0x8002BE28] -> 0x8593
mem[X,0x8002BE2A] -> 0xAAA5
[3784] [M]: 0x8002BE28 (0xAAA58593) addi a1, a1, 2730
x11 <- 0xAAAAAAAA


mem[X,0x8002BE2C] -> 0x0193
mem[X,0x8002BE2E] -> 0x0000
[3785] [M]: 0x8002BE2C (0x00000193) addi gp, zero, 0
x3 <- 0x00000000


mem[X,0x8002BE30] -> 0x006F
mem[X,0x8002BE32] -> 0x00C0
[3786] [M]: 0x8002BE30 (0x00C0006F) jal zero, 12


mem[X,0x8002BE3C] -> 0x7063
mem[X,0x8002BE3E] -> 0x08B5
[3787] [M]: 0x8002BE3C (0x08B57063) bgeu a0, a1, 128


mem[X,0x8002BE40] -> 0x8193
mem[X,0x8002BE42] -> 0x0021
[3788] [M]: 0x8002BE40 (0x00218193) addi gp, gp, 2
x3 <- 0x00000002


mem[X,0x8002BE44] -> 0x006F
mem[X,0x8002BE46] -> 0x0800
[3789] [M]: 0x8002BE44 (0x0800006F) jal zero, 128


mem[X,0x8002BEC4] -> 0x2E23
mem[X,0x8002BEC6] -> 0x5E31
[3790] [M]: 0x8002BEC4 (0x5E312E23) sw gp, 1532(sp)
mem[0x8004B760] <- 0x00000002


mem[X,0x8002BEC8] -> 0x0513
mem[X,0x8002BECA] -> 0x0040
[3791] [M]: 0x8002BEC8 (0x00400513) addi a0, zero, 4
x10 <- 0x00000004


mem[X,0x8002BECC] -> 0x0593
mem[X,0x8002BECE] -> 0x0050
[3792] [M]: 0x8002BECC (0x00500593) addi a1, zero, 5
x11 <- 0x00000005


mem[X,0x8002BED0] -> 0x0193
mem[X,0x8002BED2] -> 0x0000
[3793] [M]: 0x8002BED0 (0x00000193) addi gp, zero, 0
x3 <- 0x00000000


mem[X,0x8002BED4] -> 0x006F
mem[X,0x8002BED6] -> 0x0050
[3794] [M]: 0x8002BED4 (0x0050006F) jal zero, 2052


mem[X,0x8002C6D8] -> 0x70E3
mem[X,0x8002C6DA] -> 0x80B5
[3795] [M]: 0x8002C6D8 (0x80B570E3) bgeu a0, a1, 6144


mem[X,0x8002C6DC] -> 0x8193
mem[X,0x8002C6DE] -> 0x0021
[3796] [M]: 0x8002C6DC (0x00218193) addi gp, gp, 2
x3 <- 0x00000002


mem[X,0x8002C6E0] -> 0x006F
mem[X,0x8002C6E2] -> 0x00C0
[3797] [M]: 0x8002C6E0 (0x00C0006F) jal zero, 12


mem[X,0x8002C6EC] -> 0x2023
mem[X,0x8002C6EE] -> 0x6031
[3798] [M]: 0x8002C6EC (0x60312023) sw gp, 1536(sp)
mem[0x8004B764] <- 0x00000002


mem[X,0x8002C6F0] -> 0x0513
mem[X,0x8002C6F2] -> 0x0040
[3799] [M]: 0x8002C6F0 (0x00400513) addi a0, zero, 4
x10 <- 0x00000004


clint::tick mtime <- 0x0000000000000026
 clint timer pending at mtime 0x0000000000000026
htif::tick 0x0000000000000000
mem[X,0x8002C6F4] -> 0x35B7
mem[X,0x8002C6F6] -> 0x3333
[3800] [M]: 0x8002C6F4 (0x333335B7) lui a1, 209715
x11 <- 0x33333000


mem[X,0x8002C6F8] -> 0x8593
mem[X,0x8002C6FA] -> 0x3335
[3801] [M]: 0x8002C6F8 (0x33358593) addi a1, a1, 819
x11 <- 0x33333333


mem[X,0x8002C6FC] -> 0x0193
mem[X,0x8002C6FE] -> 0x0000
[3802] [M]: 0x8002C6FC (0x00000193) addi gp, zero, 0
x3 <- 0x00000000


mem[X,0x8002C700] -> 0x006F
mem[X,0x8002C702] -> 0x00C0
[3803] [M]: 0x8002C700 (0x00C0006F) jal zero, 12


mem[X,0x8002C70C] -> 0x7063
mem[X,0x8002C70E] -> 0x10B5
[3804] [M]: 0x8002C70C (0x10B57063) bgeu a0, a1, 256


mem[X,0x8002C710] -> 0x8193
mem[X,0x8002C712] -> 0x0021
[3805] [M]: 0x8002C710 (0x00218193) addi gp, gp, 2
x3 <- 0x00000002


mem[X,0x8002C714] -> 0x006F
mem[X,0x8002C716] -> 0x1000
[3806] [M]: 0x8002C714 (0x1000006F) jal zero, 256


mem[X,0x8002C814] -> 0x2223
mem[X,0x8002C816] -> 0x6031
[3807] [M]: 0x8002C814 (0x60312223) sw gp, 1540(sp)
mem[0x8004B768] <- 0x00000002


mem[X,0x8002C818] -> 0x0513
mem[X,0x8002C81A] -> 0x0040
[3808] [M]: 0x8002C818 (0x00400513) addi a0, zero, 4
x10 <- 0x00000004


mem[X,0x8002C81C] -> 0x65B7
mem[X,0x8002C81E] -> 0x6666
[3809] [M]: 0x8002C81C (0x666665B7) lui a1, 419430
x11 <- 0x66666000


mem[X,0x8002C820] -> 0x8593
mem[X,0x8002C822] -> 0x6665
[3810] [M]: 0x8002C820 (0x66658593) addi a1, a1, 1638
x11 <- 0x66666666


mem[X,0x8002C824] -> 0x0193
mem[X,0x8002C826] -> 0x0000
[3811] [M]: 0x8002C824 (0x00000193) addi gp, zero, 0
x3 <- 0x00000000


mem[X,0x8002C828] -> 0x006F
mem[X,0x8002C82A] -> 0x00C0
[3812] [M]: 0x8002C828 (0x00C0006F) jal zero, 12


mem[X,0x8002C834] -> 0x7063
mem[X,0x8002C836] -> 0x20B5
[3813] [M]: 0x8002C834 (0x20B57063) bgeu a0, a1, 512


mem[X,0x8002C838] -> 0x8193
mem[X,0x8002C83A] -> 0x0021
[3814] [M]: 0x8002C838 (0x00218193) addi gp, gp, 2
x3 <- 0x00000002


mem[X,0x8002C83C] -> 0x006F
mem[X,0x8002C83E] -> 0x2000
[3815] [M]: 0x8002C83C (0x2000006F) jal zero, 512


mem[X,0x8002CA3C] -> 0x2423
mem[X,0x8002CA3E] -> 0x6031
[3816] [M]: 0x8002CA3C (0x60312423) sw gp, 1544(sp)
mem[0x8004B76C] <- 0x00000002


mem[X,0x8002CA40] -> 0x0513
mem[X,0x8002CA42] -> 0x0040
[3817] [M]: 0x8002CA40 (0x00400513) addi a0, zero, 4
x10 <- 0x00000004


mem[X,0x8002CA44] -> 0xB5B7
mem[X,0x8002CA46] -> 0x0000
[3818] [M]: 0x8002CA44 (0x0000B5B7) lui a1, 11
x11 <- 0x0000B000


mem[X,0x8002CA48] -> 0x8593
mem[X,0x8002CA4A] -> 0x5045
[3819] [M]: 0x8002CA48 (0x50458593) addi a1, a1, 1284
x11 <- 0x0000B504


mem[X,0x8002CA4C] -> 0x0193
mem[X,0x8002CA4E] -> 0x0000
[3820] [M]: 0x8002CA4C (0x00000193) addi gp, zero, 0
x3 <- 0x00000000


mem[X,0x8002CA50] -> 0x006F
mem[X,0x8002CA52] -> 0x00C0
[3821] [M]: 0x8002CA50 (0x00C0006F) jal zero, 12


mem[X,0x8002CA5C] -> 0x7CE3
mem[X,0x8002CA5E] -> 0xFEB5
[3822] [M]: 0x8002CA5C (0xFEB57CE3) bgeu a0, a1, 8184


mem[X,0x8002CA60] -> 0x8193
mem[X,0x8002CA62] -> 0x0021
[3823] [M]: 0x8002CA60 (0x00218193) addi gp, gp, 2
x3 <- 0x00000002


mem[X,0x8002CA64] -> 0x006F
mem[X,0x8002CA66] -> 0x00C0
[3824] [M]: 0x8002CA64 (0x00C0006F) jal zero, 12


mem[X,0x8002CA70] -> 0x2623
mem[X,0x8002CA72] -> 0x6031
[3825] [M]: 0x8002CA70 (0x60312623) sw gp, 1548(sp)
mem[0x8004B770] <- 0x00000002


mem[X,0x8002CA74] -> 0x0513
mem[X,0x8002CA76] -> 0x0040
[3826] [M]: 0x8002CA74 (0x00400513) addi a0, zero, 4
x10 <- 0x00000004


mem[X,0x8002CA78] -> 0x0593
mem[X,0x8002CA7A] -> 0x0000
[3827] [M]: 0x8002CA78 (0x00000593) addi a1, zero, 0
x11 <- 0x00000000


mem[X,0x8002CA7C] -> 0x0193
mem[X,0x8002CA7E] -> 0x0000
[3828] [M]: 0x8002CA7C (0x00000193) addi gp, zero, 0
x3 <- 0x00000000


mem[X,0x8002CA80] -> 0x006F
mem[X,0x8002CA82] -> 0x00C0
[3829] [M]: 0x8002CA80 (0x00C0006F) jal zero, 12


mem[X,0x8002CA8C] -> 0x7063
mem[X,0x8002CA8E] -> 0x20B5
[3830] [M]: 0x8002CA8C (0x20B57063) bgeu a0, a1, 512


mem[X,0x8002CC8C] -> 0x8193
mem[X,0x8002CC8E] -> 0x0031
[3831] [M]: 0x8002CC8C (0x00318193) addi gp, gp, 3
x3 <- 0x00000003


mem[X,0x8002CC90] -> 0x006F
mem[X,0x8002CC92] -> 0x0040
[3832] [M]: 0x8002CC90 (0x0040006F) jal zero, 4


mem[X,0x8002CC94] -> 0x2823
mem[X,0x8002CC96] -> 0x6031
[3833] [M]: 0x8002CC94 (0x60312823) sw gp, 1552(sp)
mem[0x8004B774] <- 0x00000003


mem[X,0x8002CC98] -> 0x0513
mem[X,0x8002CC9A] -> 0x0040
[3834] [M]: 0x8002CC98 (0x00400513) addi a0, zero, 4
x10 <- 0x00000004


mem[X,0x8002CC9C] -> 0x05B7
mem[X,0x8002CC9E] -> 0x0001
[3835] [M]: 0x8002CC9C (0x000105B7) lui a1, 16
x11 <- 0x00010000


mem[X,0x8002CCA0] -> 0x8593
mem[X,0x8002CCA2] -> 0xFFF5
[3836] [M]: 0x8002CCA0 (0xFFF58593) addi a1, a1, 4095
x11 <- 0x0000FFFF


mem[X,0x8002CCA4] -> 0x0193
mem[X,0x8002CCA6] -> 0x0000
[3837] [M]: 0x8002CCA4 (0x00000193) addi gp, zero, 0
x3 <- 0x00000000


mem[X,0x8002CCA8] -> 0x006F
mem[X,0x8002CCAA] -> 0x00C0
[3838] [M]: 0x8002CCA8 (0x00C0006F) jal zero, 12


mem[X,0x8002CCB4] -> 0x7063
mem[X,0x8002CCB6] -> 0x02B5
[3839] [M]: 0x8002CCB4 (0x02B57063) bgeu a0, a1, 32


mem[X,0x8002CCB8] -> 0x8193
mem[X,0x8002CCBA] -> 0x0021
[3840] [M]: 0x8002CCB8 (0x00218193) addi gp, gp, 2
x3 <- 0x00000002


mem[X,0x8002CCBC] -> 0x006F
mem[X,0x8002CCBE] -> 0x0200
[3841] [M]: 0x8002CCBC (0x0200006F) jal zero, 32


mem[X,0x8002CCDC] -> 0x2A23
mem[X,0x8002CCDE] -> 0x6031
[3842] [M]: 0x8002CCDC (0x60312A23) sw gp, 1556(sp)
mem[0x8004B778] <- 0x00000002


mem[X,0x8002CCE0] -> 0x0513
mem[X,0x8002CCE2] -> 0x0040
[3843] [M]: 0x8002CCE0 (0x00400513) addi a0, zero, 4
x10 <- 0x00000004


mem[X,0x8002CCE4] -> 0x0593
mem[X,0x8002CCE6] -> 0x0020
[3844] [M]: 0x8002CCE4 (0x00200593) addi a1, zero, 2
x11 <- 0x00000002


mem[X,0x8002CCE8] -> 0x0193
mem[X,0x8002CCEA] -> 0x0000
[3845] [M]: 0x8002CCE8 (0x00000193) addi gp, zero, 0
x3 <- 0x00000000


mem[X,0x8002CCEC] -> 0x006F
mem[X,0x8002CCEE] -> 0x00C0
[3846] [M]: 0x8002CCEC (0x00C0006F) jal zero, 12


mem[X,0x8002CCF8] -> 0x7663
mem[X,0x8002CCFA] -> 0x00B5
[3847] [M]: 0x8002CCF8 (0x00B57663) bgeu a0, a1, 12


mem[X,0x8002CD04] -> 0x8193
mem[X,0x8002CD06] -> 0x0031
[3848] [M]: 0x8002CD04 (0x00318193) addi gp, gp, 3
x3 <- 0x00000003


mem[X,0x8002CD08] -> 0x006F
mem[X,0x8002CD0A] -> 0x0040
[3849] [M]: 0x8002CD08 (0x0040006F) jal zero, 4


mem[X,0x8002CD0C] -> 0x2C23
mem[X,0x8002CD0E] -> 0x6031
[3850] [M]: 0x8002CD0C (0x60312C23) sw gp, 1560(sp)
mem[0x8004B77C] <- 0x00000003


mem[X,0x8002CD10] -> 0x0513
mem[X,0x8002CD12] -> 0x0040
[3851] [M]: 0x8002CD10 (0x00400513) addi a0, zero, 4
x10 <- 0x00000004


mem[X,0x8002CD14] -> 0x55B7
mem[X,0x8002CD16] -> 0x5555
[3852] [M]: 0x8002CD14 (0x555555B7) lui a1, 349525
x11 <- 0x55555000


mem[X,0x8002CD18] -> 0x8593
mem[X,0x8002CD1A] -> 0x5545
[3853] [M]: 0x8002CD18 (0x55458593) addi a1, a1, 1364
x11 <- 0x55555554


mem[X,0x8002CD1C] -> 0x0193
mem[X,0x8002CD1E] -> 0x0000
[3854] [M]: 0x8002CD1C (0x00000193) addi gp, zero, 0
x3 <- 0x00000000


mem[X,0x8002CD20] -> 0x006F
mem[X,0x8002CD22] -> 0x00C0
[3855] [M]: 0x8002CD20 (0x00C0006F) jal zero, 12


mem[X,0x8002CD2C] -> 0x7663
mem[X,0x8002CD2E] -> 0x00B5
[3856] [M]: 0x8002CD2C (0x00B57663) bgeu a0, a1, 12


mem[X,0x8002CD30] -> 0x8193
mem[X,0x8002CD32] -> 0x0021
[3857] [M]: 0x8002CD30 (0x00218193) addi gp, gp, 2
x3 <- 0x00000002


mem[X,0x8002CD34] -> 0x006F
mem[X,0x8002CD36] -> 0x00C0
[3858] [M]: 0x8002CD34 (0x00C0006F) jal zero, 12


mem[X,0x8002CD40] -> 0x2E23
mem[X,0x8002CD42] -> 0x6031
[3859] [M]: 0x8002CD40 (0x60312E23) sw gp, 1564(sp)
mem[0x8004B780] <- 0x00000002


mem[X,0x8002CD44] -> 0x0513
mem[X,0x8002CD46] -> 0x0040
[3860] [M]: 0x8002CD44 (0x00400513) addi a0, zero, 4
x10 <- 0x00000004


mem[X,0x8002CD48] -> 0xB5B7
mem[X,0x8002CD4A] -> 0xAAAA
[3861] [M]: 0x8002CD48 (0xAAAAB5B7) lui a1, 699051
x11 <- 0xAAAAB000


mem[X,0x8002CD4C] -> 0x8593
mem[X,0x8002CD4E] -> 0xAA95
[3862] [M]: 0x8002CD4C (0xAA958593) addi a1, a1, 2729
x11 <- 0xAAAAAAA9


mem[X,0x8002CD50] -> 0x0193
mem[X,0x8002CD52] -> 0x0000
[3863] [M]: 0x8002CD50 (0x00000193) addi gp, zero, 0
x3 <- 0x00000000


mem[X,0x8002CD54] -> 0x006F
mem[X,0x8002CD56] -> 0x00C0
[3864] [M]: 0x8002CD54 (0x00C0006F) jal zero, 12


mem[X,0x8002CD60] -> 0x7063
mem[X,0x8002CD62] -> 0x08B5
[3865] [M]: 0x8002CD60 (0x08B57063) bgeu a0, a1, 128


mem[X,0x8002CD64] -> 0x8193
mem[X,0x8002CD66] -> 0x0021
[3866] [M]: 0x8002CD64 (0x00218193) addi gp, gp, 2
x3 <- 0x00000002


mem[X,0x8002CD68] -> 0x006F
mem[X,0x8002CD6A] -> 0x0800
[3867] [M]: 0x8002CD68 (0x0800006F) jal zero, 128


mem[X,0x8002CDE8] -> 0x2023
mem[X,0x8002CDEA] -> 0x6231
[3868] [M]: 0x8002CDE8 (0x62312023) sw gp, 1568(sp)
mem[0x8004B784] <- 0x00000002


mem[X,0x8002CDEC] -> 0x0513
mem[X,0x8002CDEE] -> 0x0040
[3869] [M]: 0x8002CDEC (0x00400513) addi a0, zero, 4
x10 <- 0x00000004


mem[X,0x8002CDF0] -> 0x0593
mem[X,0x8002CDF2] -> 0x0040
[3870] [M]: 0x8002CDF0 (0x00400593) addi a1, zero, 4
x11 <- 0x00000004


mem[X,0x8002CDF4] -> 0x0193
mem[X,0x8002CDF6] -> 0x0000
[3871] [M]: 0x8002CDF4 (0x00000193) addi gp, zero, 0
x3 <- 0x00000000


mem[X,0x8002CDF8] -> 0x006F
mem[X,0x8002CDFA] -> 0x2B10
[3872] [M]: 0x8002CDF8 (0x2B10006F) jal zero, 2736


mem[X,0x8002D8A8] -> 0x7A63
mem[X,0x8002D8AA] -> 0xD4B5
[3873] [M]: 0x8002D8A8 (0xD4B57A63) bgeu a0, a1, 5460


mem[X,0x8002CDFC] -> 0x8193
mem[X,0x8002CDFE] -> 0x0011
[3874] [M]: 0x8002CDFC (0x00118193) addi gp, gp, 1
x3 <- 0x00000001


mem[X,0x8002CE00] -> 0x006F
mem[X,0x8002CE02] -> 0x2BD0
[3875] [M]: 0x8002CE00 (0x2BD0006F) jal zero, 2748


mem[X,0x8002D8BC] -> 0x2223
mem[X,0x8002D8BE] -> 0x6231
[3876] [M]: 0x8002D8BC (0x62312223) sw gp, 1572(sp)
mem[0x8004B788] <- 0x00000001


mem[X,0x8002D8C0] -> 0x0513
mem[X,0x8002D8C2] -> 0x0040
[3877] [M]: 0x8002D8C0 (0x00400513) addi a0, zero, 4
x10 <- 0x00000004


mem[X,0x8002D8C4] -> 0x35B7
mem[X,0x8002D8C6] -> 0x3333
[3878] [M]: 0x8002D8C4 (0x333335B7) lui a1, 209715
x11 <- 0x33333000


mem[X,0x8002D8C8] -> 0x8593
mem[X,0x8002D8CA] -> 0x3325
[3879] [M]: 0x8002D8C8 (0x33258593) addi a1, a1, 818
x11 <- 0x33333332


mem[X,0x8002D8CC] -> 0x0193
mem[X,0x8002D8CE] -> 0x0000
[3880] [M]: 0x8002D8CC (0x00000193) addi gp, zero, 0
x3 <- 0x00000000


mem[X,0x8002D8D0] -> 0x006F
mem[X,0x8002D8D2] -> 0x00C0
[3881] [M]: 0x8002D8D0 (0x00C0006F) jal zero, 12


mem[X,0x8002D8DC] -> 0x7663
mem[X,0x8002D8DE] -> 0x00B5
[3882] [M]: 0x8002D8DC (0x00B57663) bgeu a0, a1, 12


mem[X,0x8002D8E0] -> 0x8193
mem[X,0x8002D8E2] -> 0x0021
[3883] [M]: 0x8002D8E0 (0x00218193) addi gp, gp, 2
x3 <- 0x00000002


mem[X,0x8002D8E4] -> 0x006F
mem[X,0x8002D8E6] -> 0x00C0
[3884] [M]: 0x8002D8E4 (0x00C0006F) jal zero, 12


mem[X,0x8002D8F0] -> 0x2423
mem[X,0x8002D8F2] -> 0x6231
[3885] [M]: 0x8002D8F0 (0x62312423) sw gp, 1576(sp)
mem[0x8004B78C] <- 0x00000002


mem[X,0x8002D8F4] -> 0x0513
mem[X,0x8002D8F6] -> 0x0040
[3886] [M]: 0x8002D8F4 (0x00400513) addi a0, zero, 4
x10 <- 0x00000004


mem[X,0x8002D8F8] -> 0x65B7
mem[X,0x8002D8FA] -> 0x6666
[3887] [M]: 0x8002D8F8 (0x666665B7) lui a1, 419430
x11 <- 0x66666000


mem[X,0x8002D8FC] -> 0x8593
mem[X,0x8002D8FE] -> 0x6655
[3888] [M]: 0x8002D8FC (0x66558593) addi a1, a1, 1637
x11 <- 0x66666665


mem[X,0x8002D900] -> 0x0193
mem[X,0x8002D902] -> 0x0000
[3889] [M]: 0x8002D900 (0x00000193) addi gp, zero, 0
x3 <- 0x00000000


mem[X,0x8002D904] -> 0x006F
mem[X,0x8002D906] -> 0x00C0
[3890] [M]: 0x8002D904 (0x00C0006F) jal zero, 12


mem[X,0x8002D910] -> 0x7663
mem[X,0x8002D912] -> 0x00B5
[3891] [M]: 0x8002D910 (0x00B57663) bgeu a0, a1, 12


mem[X,0x8002D914] -> 0x8193
mem[X,0x8002D916] -> 0x0021
[3892] [M]: 0x8002D914 (0x00218193) addi gp, gp, 2
x3 <- 0x00000002


mem[X,0x8002D918] -> 0x006F
mem[X,0x8002D91A] -> 0x00C0
[3893] [M]: 0x8002D918 (0x00C0006F) jal zero, 12


mem[X,0x8002D924] -> 0x2623
mem[X,0x8002D926] -> 0x6231
[3894] [M]: 0x8002D924 (0x62312623) sw gp, 1580(sp)
mem[0x8004B790] <- 0x00000002


mem[X,0x8002D928] -> 0x0513
mem[X,0x8002D92A] -> 0x0040
[3895] [M]: 0x8002D928 (0x00400513) addi a0, zero, 4
x10 <- 0x00000004


mem[X,0x8002D92C] -> 0xB5B7
mem[X,0x8002D92E] -> 0x0000
[3896] [M]: 0x8002D92C (0x0000B5B7) lui a1, 11
x11 <- 0x0000B000


mem[X,0x8002D930] -> 0x8593
mem[X,0x8002D932] -> 0x5035
[3897] [M]: 0x8002D930 (0x50358593) addi a1, a1, 1283
x11 <- 0x0000B503


mem[X,0x8002D934] -> 0x0193
mem[X,0x8002D936] -> 0x0000
[3898] [M]: 0x8002D934 (0x00000193) addi gp, zero, 0
x3 <- 0x00000000


mem[X,0x8002D938] -> 0x006F
mem[X,0x8002D93A] -> 0x0180
[3899] [M]: 0x8002D938 (0x0180006F) jal zero, 24


clint::tick mtime <- 0x0000000000000027
 clint timer pending at mtime 0x0000000000000027
htif::tick 0x0000000000000000
mem[X,0x8002D950] -> 0x76E3
mem[X,0x8002D952] -> 0xFEB5
[3900] [M]: 0x8002D950 (0xFEB576E3) bgeu a0, a1, 8172


mem[X,0x8002D954] -> 0x8193
mem[X,0x8002D956] -> 0x0021
[3901] [M]: 0x8002D954 (0x00218193) addi gp, gp, 2
x3 <- 0x00000002


mem[X,0x8002D958] -> 0x006F
mem[X,0x8002D95A] -> 0x00C0
[3902] [M]: 0x8002D958 (0x00C0006F) jal zero, 12


mem[X,0x8002D964] -> 0x2823
mem[X,0x8002D966] -> 0x6231
[3903] [M]: 0x8002D964 (0x62312823) sw gp, 1584(sp)
mem[0x8004B794] <- 0x00000002


mem[X,0x8002D968] -> 0x0513
mem[X,0x8002D96A] -> 0x0040
[3904] [M]: 0x8002D968 (0x00400513) addi a0, zero, 4
x10 <- 0x00000004


mem[X,0x8002D96C] -> 0x05B7
mem[X,0x8002D96E] -> 0x0001
[3905] [M]: 0x8002D96C (0x000105B7) lui a1, 16
x11 <- 0x00010000


mem[X,0x8002D970] -> 0x8593
mem[X,0x8002D972] -> 0xFFE5
[3906] [M]: 0x8002D970 (0xFFE58593) addi a1, a1, 4094
x11 <- 0x0000FFFE


mem[X,0x8002D974] -> 0x0193
mem[X,0x8002D976] -> 0x0000
[3907] [M]: 0x8002D974 (0x00000193) addi gp, zero, 0
x3 <- 0x00000000


mem[X,0x8002D978] -> 0x006F
mem[X,0x8002D97A] -> 0x00C0
[3908] [M]: 0x8002D978 (0x00C0006F) jal zero, 12


mem[X,0x8002D984] -> 0x7063
mem[X,0x8002D986] -> 0x20B5
[3909] [M]: 0x8002D984 (0x20B57063) bgeu a0, a1, 512


mem[X,0x8002D988] -> 0x8193
mem[X,0x8002D98A] -> 0x0021
[3910] [M]: 0x8002D988 (0x00218193) addi gp, gp, 2
x3 <- 0x00000002


mem[X,0x8002D98C] -> 0x006F
mem[X,0x8002D98E] -> 0x2000
[3911] [M]: 0x8002D98C (0x2000006F) jal zero, 512


mem[X,0x8002DB8C] -> 0x2A23
mem[X,0x8002DB8E] -> 0x6231
[3912] [M]: 0x8002DB8C (0x62312A23) sw gp, 1588(sp)
mem[0x8004B798] <- 0x00000002


mem[X,0x8002DB90] -> 0x0513
mem[X,0x8002DB92] -> 0x0040
[3913] [M]: 0x8002DB90 (0x00400513) addi a0, zero, 4
x10 <- 0x00000004


mem[X,0x8002DB94] -> 0x55B7
mem[X,0x8002DB96] -> 0x5555
[3914] [M]: 0x8002DB94 (0x555555B7) lui a1, 349525
x11 <- 0x55555000


mem[X,0x8002DB98] -> 0x8593
mem[X,0x8002DB9A] -> 0x5565
[3915] [M]: 0x8002DB98 (0x55658593) addi a1, a1, 1366
x11 <- 0x55555556


mem[X,0x8002DB9C] -> 0x0193
mem[X,0x8002DB9E] -> 0x0000
[3916] [M]: 0x8002DB9C (0x00000193) addi gp, zero, 0
x3 <- 0x00000000


mem[X,0x8002DBA0] -> 0x006F
mem[X,0x8002DBA2] -> 0x00C0
[3917] [M]: 0x8002DBA0 (0x00C0006F) jal zero, 12


mem[X,0x8002DBAC] -> 0x7CE3
mem[X,0x8002DBAE] -> 0xFEB5
[3918] [M]: 0x8002DBAC (0xFEB57CE3) bgeu a0, a1, 8184


mem[X,0x8002DBB0] -> 0x8193
mem[X,0x8002DBB2] -> 0x0021
[3919] [M]: 0x8002DBB0 (0x00218193) addi gp, gp, 2
x3 <- 0x00000002


mem[X,0x8002DBB4] -> 0x006F
mem[X,0x8002DBB6] -> 0x00C0
[3920] [M]: 0x8002DBB4 (0x00C0006F) jal zero, 12


mem[X,0x8002DBC0] -> 0x2C23
mem[X,0x8002DBC2] -> 0x6231
[3921] [M]: 0x8002DBC0 (0x62312C23) sw gp, 1592(sp)
mem[0x8004B79C] <- 0x00000002


mem[X,0x8002DBC4] -> 0x0513
mem[X,0x8002DBC6] -> 0x0040
[3922] [M]: 0x8002DBC4 (0x00400513) addi a0, zero, 4
x10 <- 0x00000004


mem[X,0x8002DBC8] -> 0xB5B7
mem[X,0x8002DBCA] -> 0xAAAA
[3923] [M]: 0x8002DBC8 (0xAAAAB5B7) lui a1, 699051
x11 <- 0xAAAAB000


mem[X,0x8002DBCC] -> 0x8593
mem[X,0x8002DBCE] -> 0xAAB5
[3924] [M]: 0x8002DBCC (0xAAB58593) addi a1, a1, 2731
x11 <- 0xAAAAAAAB


mem[X,0x8002DBD0] -> 0x0193
mem[X,0x8002DBD2] -> 0x0000
[3925] [M]: 0x8002DBD0 (0x00000193) addi gp, zero, 0
x3 <- 0x00000000


mem[X,0x8002DBD4] -> 0x006F
mem[X,0x8002DBD6] -> 0x00C0
[3926] [M]: 0x8002DBD4 (0x00C0006F) jal zero, 12


mem[X,0x8002DBE0] -> 0x7863
mem[X,0x8002DBE2] -> 0x00B5
[3927] [M]: 0x8002DBE0 (0x00B57863) bgeu a0, a1, 16


mem[X,0x8002DBE4] -> 0x8193
mem[X,0x8002DBE6] -> 0x0021
[3928] [M]: 0x8002DBE4 (0x00218193) addi gp, gp, 2
x3 <- 0x00000002


mem[X,0x8002DBE8] -> 0x006F
mem[X,0x8002DBEA] -> 0x0100
[3929] [M]: 0x8002DBE8 (0x0100006F) jal zero, 16


mem[X,0x8002DBF8] -> 0x2E23
mem[X,0x8002DBFA] -> 0x6231
[3930] [M]: 0x8002DBF8 (0x62312E23) sw gp, 1596(sp)
mem[0x8004B7A0] <- 0x00000002


mem[X,0x8002DBFC] -> 0x0513
mem[X,0x8002DBFE] -> 0x0040
[3931] [M]: 0x8002DBFC (0x00400513) addi a0, zero, 4
x10 <- 0x00000004


mem[X,0x8002DC00] -> 0x0593
mem[X,0x8002DC02] -> 0x0060
[3932] [M]: 0x8002DC00 (0x00600593) addi a1, zero, 6
x11 <- 0x00000006


mem[X,0x8002DC04] -> 0x0193
mem[X,0x8002DC06] -> 0x0000
[3933] [M]: 0x8002DC04 (0x00000193) addi gp, zero, 0
x3 <- 0x00000000


mem[X,0x8002DC08] -> 0x006F
mem[X,0x8002DC0A] -> 0x00C0
[3934] [M]: 0x8002DC08 (0x00C0006F) jal zero, 12


mem[X,0x8002DC14] -> 0x7663
mem[X,0x8002DC16] -> 0x00B5
[3935] [M]: 0x8002DC14 (0x00B57663) bgeu a0, a1, 12


mem[X,0x8002DC18] -> 0x8193
mem[X,0x8002DC1A] -> 0x0021
[3936] [M]: 0x8002DC18 (0x00218193) addi gp, gp, 2
x3 <- 0x00000002


mem[X,0x8002DC1C] -> 0x006F
mem[X,0x8002DC1E] -> 0x00C0
[3937] [M]: 0x8002DC1C (0x00C0006F) jal zero, 12


mem[X,0x8002DC28] -> 0x2023
mem[X,0x8002DC2A] -> 0x6431
[3938] [M]: 0x8002DC28 (0x64312023) sw gp, 1600(sp)
mem[0x8004B7A4] <- 0x00000002


mem[X,0x8002DC2C] -> 0x0513
mem[X,0x8002DC2E] -> 0x0040
[3939] [M]: 0x8002DC2C (0x00400513) addi a0, zero, 4
x10 <- 0x00000004


mem[X,0x8002DC30] -> 0x35B7
mem[X,0x8002DC32] -> 0x3333
[3940] [M]: 0x8002DC30 (0x333335B7) lui a1, 209715
x11 <- 0x33333000


mem[X,0x8002DC34] -> 0x8593
mem[X,0x8002DC36] -> 0x3345
[3941] [M]: 0x8002DC34 (0x33458593) addi a1, a1, 820
x11 <- 0x33333334


mem[X,0x8002DC38] -> 0x0193
mem[X,0x8002DC3A] -> 0x0000
[3942] [M]: 0x8002DC38 (0x00000193) addi gp, zero, 0
x3 <- 0x00000000


mem[X,0x8002DC3C] -> 0x006F
mem[X,0x8002DC3E] -> 0x0100
[3943] [M]: 0x8002DC3C (0x0100006F) jal zero, 16


mem[X,0x8002DC4C] -> 0x7AE3
mem[X,0x8002DC4E] -> 0xFEB5
[3944] [M]: 0x8002DC4C (0xFEB57AE3) bgeu a0, a1, 8180


mem[X,0x8002DC50] -> 0x8193
mem[X,0x8002DC52] -> 0x0021
[3945] [M]: 0x8002DC50 (0x00218193) addi gp, gp, 2
x3 <- 0x00000002


mem[X,0x8002DC54] -> 0x006F
mem[X,0x8002DC56] -> 0x00C0
[3946] [M]: 0x8002DC54 (0x00C0006F) jal zero, 12


mem[X,0x8002DC60] -> 0x2223
mem[X,0x8002DC62] -> 0x6431
[3947] [M]: 0x8002DC60 (0x64312223) sw gp, 1604(sp)
mem[0x8004B7A8] <- 0x00000002


mem[X,0x8002DC64] -> 0x0513
mem[X,0x8002DC66] -> 0x0040
[3948] [M]: 0x8002DC64 (0x00400513) addi a0, zero, 4
x10 <- 0x00000004


mem[X,0x8002DC68] -> 0x65B7
mem[X,0x8002DC6A] -> 0x6666
[3949] [M]: 0x8002DC68 (0x666665B7) lui a1, 419430
x11 <- 0x66666000


mem[X,0x8002DC6C] -> 0x8593
mem[X,0x8002DC6E] -> 0x6675
[3950] [M]: 0x8002DC6C (0x66758593) addi a1, a1, 1639
x11 <- 0x66666667


mem[X,0x8002DC70] -> 0x0193
mem[X,0x8002DC72] -> 0x0000
[3951] [M]: 0x8002DC70 (0x00000193) addi gp, zero, 0
x3 <- 0x00000000


mem[X,0x8002DC74] -> 0x006F
mem[X,0x8002DC76] -> 0x00C0
[3952] [M]: 0x8002DC74 (0x00C0006F) jal zero, 12


mem[X,0x8002DC80] -> 0x7063
mem[X,0x8002DC82] -> 0x20B5
[3953] [M]: 0x8002DC80 (0x20B57063) bgeu a0, a1, 512


mem[X,0x8002DC84] -> 0x8193
mem[X,0x8002DC86] -> 0x0021
[3954] [M]: 0x8002DC84 (0x00218193) addi gp, gp, 2
x3 <- 0x00000002


mem[X,0x8002DC88] -> 0x006F
mem[X,0x8002DC8A] -> 0x2000
[3955] [M]: 0x8002DC88 (0x2000006F) jal zero, 512


mem[X,0x8002DE88] -> 0x2423
mem[X,0x8002DE8A] -> 0x6431
[3956] [M]: 0x8002DE88 (0x64312423) sw gp, 1608(sp)
mem[0x8004B7AC] <- 0x00000002


mem[X,0x8002DE8C] -> 0x0513
mem[X,0x8002DE8E] -> 0x0040
[3957] [M]: 0x8002DE8C (0x00400513) addi a0, zero, 4
x10 <- 0x00000004


mem[X,0x8002DE90] -> 0xB5B7
mem[X,0x8002DE92] -> 0x0000
[3958] [M]: 0x8002DE90 (0x0000B5B7) lui a1, 11
x11 <- 0x0000B000


mem[X,0x8002DE94] -> 0x8593
mem[X,0x8002DE96] -> 0x5055
[3959] [M]: 0x8002DE94 (0x50558593) addi a1, a1, 1285
x11 <- 0x0000B505


mem[X,0x8002DE98] -> 0x0193
mem[X,0x8002DE9A] -> 0x0000
[3960] [M]: 0x8002DE98 (0x00000193) addi gp, zero, 0
x3 <- 0x00000000


mem[X,0x8002DE9C] -> 0x006F
mem[X,0x8002DE9E] -> 0x00C0
[3961] [M]: 0x8002DE9C (0x00C0006F) jal zero, 12


mem[X,0x8002DEA8] -> 0x7663
mem[X,0x8002DEAA] -> 0x00B5
[3962] [M]: 0x8002DEA8 (0x00B57663) bgeu a0, a1, 12


mem[X,0x8002DEAC] -> 0x8193
mem[X,0x8002DEAE] -> 0x0021
[3963] [M]: 0x8002DEAC (0x00218193) addi gp, gp, 2
x3 <- 0x00000002


mem[X,0x8002DEB0] -> 0x006F
mem[X,0x8002DEB2] -> 0x00C0
[3964] [M]: 0x8002DEB0 (0x00C0006F) jal zero, 12


mem[X,0x8002DEBC] -> 0x2623
mem[X,0x8002DEBE] -> 0x6431
[3965] [M]: 0x8002DEBC (0x64312623) sw gp, 1612(sp)
mem[0x8004B7B0] <- 0x00000002


mem[X,0x8002DEC0] -> 0x0513
mem[X,0x8002DEC2] -> 0x0040
[3966] [M]: 0x8002DEC0 (0x00400513) addi a0, zero, 4
x10 <- 0x00000004


mem[X,0x8002DEC4] -> 0x0593
mem[X,0x8002DEC6] -> 0x0010
[3967] [M]: 0x8002DEC4 (0x00100593) addi a1, zero, 1
x11 <- 0x00000001


mem[X,0x8002DEC8] -> 0x0193
mem[X,0x8002DECA] -> 0x0000
[3968] [M]: 0x8002DEC8 (0x00000193) addi gp, zero, 0
x3 <- 0x00000000


mem[X,0x8002DECC] -> 0x006F
mem[X,0x8002DECE] -> 0x0100
[3969] [M]: 0x8002DECC (0x0100006F) jal zero, 16


mem[X,0x8002DEDC] -> 0x7AE3
mem[X,0x8002DEDE] -> 0xFEB5
[3970] [M]: 0x8002DEDC (0xFEB57AE3) bgeu a0, a1, 8180


mem[X,0x8002DED0] -> 0x8193
mem[X,0x8002DED2] -> 0x0011
[3971] [M]: 0x8002DED0 (0x00118193) addi gp, gp, 1
x3 <- 0x00000001


mem[X,0x8002DED4] -> 0x006F
mem[X,0x8002DED6] -> 0x01C0
[3972] [M]: 0x8002DED4 (0x01C0006F) jal zero, 28


mem[X,0x8002DEF0] -> 0x2823
mem[X,0x8002DEF2] -> 0x6431
[3973] [M]: 0x8002DEF0 (0x64312823) sw gp, 1616(sp)
mem[0x8004B7B4] <- 0x00000001


mem[X,0x8002DEF4] -> 0x0513
mem[X,0x8002DEF6] -> 0x0040
[3974] [M]: 0x8002DEF4 (0x00400513) addi a0, zero, 4
x10 <- 0x00000004


mem[X,0x8002DEF8] -> 0x05B7
mem[X,0x8002DEFA] -> 0x0001
[3975] [M]: 0x8002DEF8 (0x000105B7) lui a1, 16
x11 <- 0x00010000


mem[X,0x8002DEFC] -> 0x0193
mem[X,0x8002DEFE] -> 0x0000
[3976] [M]: 0x8002DEFC (0x00000193) addi gp, zero, 0
x3 <- 0x00000000


mem[X,0x8002DF00] -> 0x006F
mem[X,0x8002DF02] -> 0x00C0
[3977] [M]: 0x8002DF00 (0x00C0006F) jal zero, 12


mem[X,0x8002DF0C] -> 0x7063
mem[X,0x8002DF0E] -> 0x20B5
[3978] [M]: 0x8002DF0C (0x20B57063) bgeu a0, a1, 512


mem[X,0x8002DF10] -> 0x8193
mem[X,0x8002DF12] -> 0x0021
[3979] [M]: 0x8002DF10 (0x00218193) addi gp, gp, 2
x3 <- 0x00000002


mem[X,0x8002DF14] -> 0x006F
mem[X,0x8002DF16] -> 0x2000
[3980] [M]: 0x8002DF14 (0x2000006F) jal zero, 512


mem[X,0x8002E114] -> 0x2A23
mem[X,0x8002E116] -> 0x6431
[3981] [M]: 0x8002E114 (0x64312A23) sw gp, 1620(sp)
mem[0x8004B7B8] <- 0x00000002


mem[X,0x8002E118] -> 0x3537
mem[X,0x8002E11A] -> 0x3333
[3982] [M]: 0x8002E118 (0x33333537) lui a0, 209715
x10 <- 0x33333000


mem[X,0x8002E11C] -> 0x0513
mem[X,0x8002E11E] -> 0x3325
[3983] [M]: 0x8002E11C (0x33250513) addi a0, a0, 818
x10 <- 0x33333332


mem[X,0x8002E120] -> 0x0593
mem[X,0x8002E122] -> 0x0030
[3984] [M]: 0x8002E120 (0x00300593) addi a1, zero, 3
x11 <- 0x00000003


mem[X,0x8002E124] -> 0x0193
mem[X,0x8002E126] -> 0x0000
[3985] [M]: 0x8002E124 (0x00000193) addi gp, zero, 0
x3 <- 0x00000000


mem[X,0x8002E128] -> 0x006F
mem[X,0x8002E12A] -> 0x00C0
[3986] [M]: 0x8002E128 (0x00C0006F) jal zero, 12


mem[X,0x8002E134] -> 0x7CE3
mem[X,0x8002E136] -> 0xFEB5
[3987] [M]: 0x8002E134 (0xFEB57CE3) bgeu a0, a1, 8184


mem[X,0x8002E12C] -> 0x8193
mem[X,0x8002E12E] -> 0x0011
[3988] [M]: 0x8002E12C (0x00118193) addi gp, gp, 1
x3 <- 0x00000001


mem[X,0x8002E130] -> 0x006F
mem[X,0x8002E132] -> 0x0180
[3989] [M]: 0x8002E130 (0x0180006F) jal zero, 24


mem[X,0x8002E148] -> 0x2C23
mem[X,0x8002E14A] -> 0x6431
[3990] [M]: 0x8002E148 (0x64312C23) sw gp, 1624(sp)
mem[0x8004B7BC] <- 0x00000001


mem[X,0x8002E14C] -> 0x3537
mem[X,0x8002E14E] -> 0x3333
[3991] [M]: 0x8002E14C (0x33333537) lui a0, 209715
x10 <- 0x33333000


mem[X,0x8002E150] -> 0x0513
mem[X,0x8002E152] -> 0x3325
[3992] [M]: 0x8002E150 (0x33250513) addi a0, a0, 818
x10 <- 0x33333332


mem[X,0x8002E154] -> 0x55B7
mem[X,0x8002E156] -> 0x5555
[3993] [M]: 0x8002E154 (0x555555B7) lui a1, 349525
x11 <- 0x55555000


mem[X,0x8002E158] -> 0x8593
mem[X,0x8002E15A] -> 0x5555
[3994] [M]: 0x8002E158 (0x55558593) addi a1, a1, 1365
x11 <- 0x55555555


mem[X,0x8002E15C] -> 0x0193
mem[X,0x8002E15E] -> 0x0000
[3995] [M]: 0x8002E15C (0x00000193) addi gp, zero, 0
x3 <- 0x00000000


mem[X,0x8002E160] -> 0x006F
mem[X,0x8002E162] -> 0x0100
[3996] [M]: 0x8002E160 (0x0100006F) jal zero, 16


mem[X,0x8002E170] -> 0x7AE3
mem[X,0x8002E172] -> 0xFEB5
[3997] [M]: 0x8002E170 (0xFEB57AE3) bgeu a0, a1, 8180


mem[X,0x8002E174] -> 0x8193
mem[X,0x8002E176] -> 0x0021
[3998] [M]: 0x8002E174 (0x00218193) addi gp, gp, 2
x3 <- 0x00000002


mem[X,0x8002E178] -> 0x006F
mem[X,0x8002E17A] -> 0x00C0
[3999] [M]: 0x8002E178 (0x00C0006F) jal zero, 12


clint::tick mtime <- 0x0000000000000028
 clint timer pending at mtime 0x0000000000000028
htif::tick 0x0000000000000000
mem[X,0x8002E184] -> 0x2E23
mem[X,0x8002E186] -> 0x6431
[4000] [M]: 0x8002E184 (0x64312E23) sw gp, 1628(sp)
mem[0x8004B7C0] <- 0x00000002


mem[X,0x8002E188] -> 0x3537
mem[X,0x8002E18A] -> 0x3333
[4001] [M]: 0x8002E188 (0x33333537) lui a0, 209715
x10 <- 0x33333000


mem[X,0x8002E18C] -> 0x0513
mem[X,0x8002E18E] -> 0x3325
[4002] [M]: 0x8002E18C (0x33250513) addi a0, a0, 818
x10 <- 0x33333332


mem[X,0x8002E190] -> 0xB5B7
mem[X,0x8002E192] -> 0xAAAA
[4003] [M]: 0x8002E190 (0xAAAAB5B7) lui a1, 699051
x11 <- 0xAAAAB000


mem[X,0x8002E194] -> 0x8593
mem[X,0x8002E196] -> 0xAAA5
[4004] [M]: 0x8002E194 (0xAAA58593) addi a1, a1, 2730
x11 <- 0xAAAAAAAA


mem[X,0x8002E198] -> 0x0193
mem[X,0x8002E19A] -> 0x0000
[4005] [M]: 0x8002E198 (0x00000193) addi gp, zero, 0
x3 <- 0x00000000


mem[X,0x8002E19C] -> 0x006F
mem[X,0x8002E19E] -> 0x00C0
[4006] [M]: 0x8002E19C (0x00C0006F) jal zero, 12


mem[X,0x8002E1A8] -> 0x7663
mem[X,0x8002E1AA] -> 0x00B5
[4007] [M]: 0x8002E1A8 (0x00B57663) bgeu a0, a1, 12


mem[X,0x8002E1AC] -> 0x8193
mem[X,0x8002E1AE] -> 0x0021
[4008] [M]: 0x8002E1AC (0x00218193) addi gp, gp, 2
x3 <- 0x00000002


mem[X,0x8002E1B0] -> 0x006F
mem[X,0x8002E1B2] -> 0x00C0
[4009] [M]: 0x8002E1B0 (0x00C0006F) jal zero, 12


mem[X,0x8002E1BC] -> 0x2023
mem[X,0x8002E1BE] -> 0x6631
[4010] [M]: 0x8002E1BC (0x66312023) sw gp, 1632(sp)
mem[0x8004B7C4] <- 0x00000002


mem[X,0x8002E1C0] -> 0x3537
mem[X,0x8002E1C2] -> 0x3333
[4011] [M]: 0x8002E1C0 (0x33333537) lui a0, 209715
x10 <- 0x33333000


mem[X,0x8002E1C4] -> 0x0513
mem[X,0x8002E1C6] -> 0x3325
[4012] [M]: 0x8002E1C4 (0x33250513) addi a0, a0, 818
x10 <- 0x33333332


mem[X,0x8002E1C8] -> 0x0593
mem[X,0x8002E1CA] -> 0x0050
[4013] [M]: 0x8002E1C8 (0x00500593) addi a1, zero, 5
x11 <- 0x00000005


mem[X,0x8002E1CC] -> 0x0193
mem[X,0x8002E1CE] -> 0x0000
[4014] [M]: 0x8002E1CC (0x00000193) addi gp, zero, 0
x3 <- 0x00000000


mem[X,0x8002E1D0] -> 0x006F
mem[X,0x8002E1D2] -> 0x0140
[4015] [M]: 0x8002E1D0 (0x0140006F) jal zero, 20


mem[X,0x8002E1E4] -> 0x78E3
mem[X,0x8002E1E6] -> 0xFEB5
[4016] [M]: 0x8002E1E4 (0xFEB578E3) bgeu a0, a1, 8176


mem[X,0x8002E1D4] -> 0x8193
mem[X,0x8002E1D6] -> 0x0011
[4017] [M]: 0x8002E1D4 (0x00118193) addi gp, gp, 1
x3 <- 0x00000001


mem[X,0x8002E1D8] -> 0x006F
mem[X,0x8002E1DA] -> 0x0200
[4018] [M]: 0x8002E1D8 (0x0200006F) jal zero, 32


mem[X,0x8002E1F8] -> 0x2223
mem[X,0x8002E1FA] -> 0x6631
[4019] [M]: 0x8002E1F8 (0x66312223) sw gp, 1636(sp)
mem[0x8004B7C8] <- 0x00000001


mem[X,0x8002E1FC] -> 0x3537
mem[X,0x8002E1FE] -> 0x3333
[4020] [M]: 0x8002E1FC (0x33333537) lui a0, 209715
x10 <- 0x33333000


mem[X,0x8002E200] -> 0x0513
mem[X,0x8002E202] -> 0x3325
[4021] [M]: 0x8002E200 (0x33250513) addi a0, a0, 818
x10 <- 0x33333332


mem[X,0x8002E204] -> 0x35B7
mem[X,0x8002E206] -> 0x3333
[4022] [M]: 0x8002E204 (0x333335B7) lui a1, 209715
x11 <- 0x33333000


mem[X,0x8002E208] -> 0x8593
mem[X,0x8002E20A] -> 0x3335
[4023] [M]: 0x8002E208 (0x33358593) addi a1, a1, 819
x11 <- 0x33333333


mem[X,0x8002E20C] -> 0x0193
mem[X,0x8002E20E] -> 0x0000
[4024] [M]: 0x8002E20C (0x00000193) addi gp, zero, 0
x3 <- 0x00000000


mem[X,0x8002E210] -> 0x006F
mem[X,0x8002E212] -> 0x0100
[4025] [M]: 0x8002E210 (0x0100006F) jal zero, 16


mem[X,0x8002E220] -> 0x7AE3
mem[X,0x8002E222] -> 0xFEB5
[4026] [M]: 0x8002E220 (0xFEB57AE3) bgeu a0, a1, 8180


mem[X,0x8002E224] -> 0x8193
mem[X,0x8002E226] -> 0x0021
[4027] [M]: 0x8002E224 (0x00218193) addi gp, gp, 2
x3 <- 0x00000002


mem[X,0x8002E228] -> 0x006F
mem[X,0x8002E22A] -> 0x00C0
[4028] [M]: 0x8002E228 (0x00C0006F) jal zero, 12


mem[X,0x8002E234] -> 0x2423
mem[X,0x8002E236] -> 0x6631
[4029] [M]: 0x8002E234 (0x66312423) sw gp, 1640(sp)
mem[0x8004B7CC] <- 0x00000002


mem[X,0x8002E238] -> 0x3537
mem[X,0x8002E23A] -> 0x3333
[4030] [M]: 0x8002E238 (0x33333537) lui a0, 209715
x10 <- 0x33333000


mem[X,0x8002E23C] -> 0x0513
mem[X,0x8002E23E] -> 0x3325
[4031] [M]: 0x8002E23C (0x33250513) addi a0, a0, 818
x10 <- 0x33333332


mem[X,0x8002E240] -> 0x65B7
mem[X,0x8002E242] -> 0x6666
[4032] [M]: 0x8002E240 (0x666665B7) lui a1, 419430
x11 <- 0x66666000


mem[X,0x8002E244] -> 0x8593
mem[X,0x8002E246] -> 0x6665
[4033] [M]: 0x8002E244 (0x66658593) addi a1, a1, 1638
x11 <- 0x66666666


mem[X,0x8002E248] -> 0x0193
mem[X,0x8002E24A] -> 0x0000
[4034] [M]: 0x8002E248 (0x00000193) addi gp, zero, 0
x3 <- 0x00000000


mem[X,0x8002E24C] -> 0x006F
mem[X,0x8002E24E] -> 0x00C0
[4035] [M]: 0x8002E24C (0x00C0006F) jal zero, 12


mem[X,0x8002E258] -> 0x7663
mem[X,0x8002E25A] -> 0x00B5
[4036] [M]: 0x8002E258 (0x00B57663) bgeu a0, a1, 12


mem[X,0x8002E25C] -> 0x8193
mem[X,0x8002E25E] -> 0x0021
[4037] [M]: 0x8002E25C (0x00218193) addi gp, gp, 2
x3 <- 0x00000002


mem[X,0x8002E260] -> 0x006F
mem[X,0x8002E262] -> 0x00C0
[4038] [M]: 0x8002E260 (0x00C0006F) jal zero, 12


mem[X,0x8002E26C] -> 0x2623
mem[X,0x8002E26E] -> 0x6631
[4039] [M]: 0x8002E26C (0x66312623) sw gp, 1644(sp)
mem[0x8004B7D0] <- 0x00000002


mem[X,0x8002E270] -> 0x3537
mem[X,0x8002E272] -> 0x3333
[4040] [M]: 0x8002E270 (0x33333537) lui a0, 209715
x10 <- 0x33333000


mem[X,0x8002E274] -> 0x0513
mem[X,0x8002E276] -> 0x3325
[4041] [M]: 0x8002E274 (0x33250513) addi a0, a0, 818
x10 <- 0x33333332


mem[X,0x8002E278] -> 0xB5B7
mem[X,0x8002E27A] -> 0x0000
[4042] [M]: 0x8002E278 (0x0000B5B7) lui a1, 11
x11 <- 0x0000B000


mem[X,0x8002E27C] -> 0x8593
mem[X,0x8002E27E] -> 0x5045
[4043] [M]: 0x8002E27C (0x50458593) addi a1, a1, 1284
x11 <- 0x0000B504


mem[X,0x8002E280] -> 0x0193
mem[X,0x8002E282] -> 0x0000
[4044] [M]: 0x8002E280 (0x00000193) addi gp, zero, 0
x3 <- 0x00000000


mem[X,0x8002E284] -> 0x006F
mem[X,0x8002E286] -> 0x00C0
[4045] [M]: 0x8002E284 (0x00C0006F) jal zero, 12


mem[X,0x8002E290] -> 0x7063
mem[X,0x8002E292] -> 0x04B5
[4046] [M]: 0x8002E290 (0x04B57063) bgeu a0, a1, 64


mem[X,0x8002E2D0] -> 0x8193
mem[X,0x8002E2D2] -> 0x0031
[4047] [M]: 0x8002E2D0 (0x00318193) addi gp, gp, 3
x3 <- 0x00000003


mem[X,0x8002E2D4] -> 0x006F
mem[X,0x8002E2D6] -> 0x0040
[4048] [M]: 0x8002E2D4 (0x0040006F) jal zero, 4


mem[X,0x8002E2D8] -> 0x2823
mem[X,0x8002E2DA] -> 0x6631
[4049] [M]: 0x8002E2D8 (0x66312823) sw gp, 1648(sp)
mem[0x8004B7D4] <- 0x00000003


mem[X,0x8002E2DC] -> 0x3537
mem[X,0x8002E2DE] -> 0x3333
[4050] [M]: 0x8002E2DC (0x33333537) lui a0, 209715
x10 <- 0x33333000


mem[X,0x8002E2E0] -> 0x0513
mem[X,0x8002E2E2] -> 0x3325
[4051] [M]: 0x8002E2E0 (0x33250513) addi a0, a0, 818
x10 <- 0x33333332


mem[X,0x8002E2E4] -> 0x0593
mem[X,0x8002E2E6] -> 0x0000
[4052] [M]: 0x8002E2E4 (0x00000593) addi a1, zero, 0
x11 <- 0x00000000


mem[X,0x8002E2E8] -> 0x0193
mem[X,0x8002E2EA] -> 0x0000
[4053] [M]: 0x8002E2E8 (0x00000193) addi gp, zero, 0
x3 <- 0x00000000


mem[X,0x8002E2EC] -> 0x006F
mem[X,0x8002E2EE] -> 0x00C0
[4054] [M]: 0x8002E2EC (0x00C0006F) jal zero, 12


mem[X,0x8002E2F8] -> 0x7CE3
mem[X,0x8002E2FA] -> 0xFEB5
[4055] [M]: 0x8002E2F8 (0xFEB57CE3) bgeu a0, a1, 8184


mem[X,0x8002E2F0] -> 0x8193
mem[X,0x8002E2F2] -> 0x0011
[4056] [M]: 0x8002E2F0 (0x00118193) addi gp, gp, 1
x3 <- 0x00000001


mem[X,0x8002E2F4] -> 0x006F
mem[X,0x8002E2F6] -> 0x0180
[4057] [M]: 0x8002E2F4 (0x0180006F) jal zero, 24


mem[X,0x8002E30C] -> 0x2A23
mem[X,0x8002E30E] -> 0x6631
[4058] [M]: 0x8002E30C (0x66312A23) sw gp, 1652(sp)
mem[0x8004B7D8] <- 0x00000001


mem[X,0x8002E310] -> 0x3537
mem[X,0x8002E312] -> 0x3333
[4059] [M]: 0x8002E310 (0x33333537) lui a0, 209715
x10 <- 0x33333000


mem[X,0x8002E314] -> 0x0513
mem[X,0x8002E316] -> 0x3325
[4060] [M]: 0x8002E314 (0x33250513) addi a0, a0, 818
x10 <- 0x33333332


mem[X,0x8002E318] -> 0x05B7
mem[X,0x8002E31A] -> 0x0001
[4061] [M]: 0x8002E318 (0x000105B7) lui a1, 16
x11 <- 0x00010000


mem[X,0x8002E31C] -> 0x8593
mem[X,0x8002E31E] -> 0xFFF5
[4062] [M]: 0x8002E31C (0xFFF58593) addi a1, a1, 4095
x11 <- 0x0000FFFF


mem[X,0x8002E320] -> 0x0193
mem[X,0x8002E322] -> 0x0000
[4063] [M]: 0x8002E320 (0x00000193) addi gp, zero, 0
x3 <- 0x00000000


mem[X,0x8002E324] -> 0x006F
mem[X,0x8002E326] -> 0x00C0
[4064] [M]: 0x8002E324 (0x00C0006F) jal zero, 12


mem[X,0x8002E330] -> 0x7663
mem[X,0x8002E332] -> 0x00B5
[4065] [M]: 0x8002E330 (0x00B57663) bgeu a0, a1, 12


mem[X,0x8002E33C] -> 0x8193
mem[X,0x8002E33E] -> 0x0031
[4066] [M]: 0x8002E33C (0x00318193) addi gp, gp, 3
x3 <- 0x00000003


mem[X,0x8002E340] -> 0x006F
mem[X,0x8002E342] -> 0x0040
[4067] [M]: 0x8002E340 (0x0040006F) jal zero, 4


mem[X,0x8002E344] -> 0x2C23
mem[X,0x8002E346] -> 0x6631
[4068] [M]: 0x8002E344 (0x66312C23) sw gp, 1656(sp)
mem[0x8004B7DC] <- 0x00000003


mem[X,0x8002E348] -> 0x3537
mem[X,0x8002E34A] -> 0x3333
[4069] [M]: 0x8002E348 (0x33333537) lui a0, 209715
x10 <- 0x33333000


mem[X,0x8002E34C] -> 0x0513
mem[X,0x8002E34E] -> 0x3325
[4070] [M]: 0x8002E34C (0x33250513) addi a0, a0, 818
x10 <- 0x33333332


mem[X,0x8002E350] -> 0x0593
mem[X,0x8002E352] -> 0x0020
[4071] [M]: 0x8002E350 (0x00200593) addi a1, zero, 2
x11 <- 0x00000002


mem[X,0x8002E354] -> 0x0193
mem[X,0x8002E356] -> 0x0000
[4072] [M]: 0x8002E354 (0x00000193) addi gp, zero, 0
x3 <- 0x00000000


mem[X,0x8002E358] -> 0x006F
mem[X,0x8002E35A] -> 0x0050
[4073] [M]: 0x8002E358 (0x0050006F) jal zero, 2052


mem[X,0x8002EB5C] -> 0x70E3
mem[X,0x8002EB5E] -> 0x80B5
[4074] [M]: 0x8002EB5C (0x80B570E3) bgeu a0, a1, 6144


mem[X,0x8002E35C] -> 0x8193
mem[X,0x8002E35E] -> 0x0011
[4075] [M]: 0x8002E35C (0x00118193) addi gp, gp, 1
x3 <- 0x00000001


mem[X,0x8002E360] -> 0x006F
mem[X,0x8002E362] -> 0x0110
[4076] [M]: 0x8002E360 (0x0110006F) jal zero, 2064


mem[X,0x8002EB70] -> 0x2E23
mem[X,0x8002EB72] -> 0x6631
[4077] [M]: 0x8002EB70 (0x66312E23) sw gp, 1660(sp)
mem[0x8004B7E0] <- 0x00000001


mem[X,0x8002EB74] -> 0x3537
mem[X,0x8002EB76] -> 0x3333
[4078] [M]: 0x8002EB74 (0x33333537) lui a0, 209715
x10 <- 0x33333000


mem[X,0x8002EB78] -> 0x0513
mem[X,0x8002EB7A] -> 0x3325
[4079] [M]: 0x8002EB78 (0x33250513) addi a0, a0, 818
x10 <- 0x33333332


mem[X,0x8002EB7C] -> 0x55B7
mem[X,0x8002EB7E] -> 0x5555
[4080] [M]: 0x8002EB7C (0x555555B7) lui a1, 349525
x11 <- 0x55555000


mem[X,0x8002EB80] -> 0x8593
mem[X,0x8002EB82] -> 0x5545
[4081] [M]: 0x8002EB80 (0x55458593) addi a1, a1, 1364
x11 <- 0x55555554


mem[X,0x8002EB84] -> 0x0193
mem[X,0x8002EB86] -> 0x0000
[4082] [M]: 0x8002EB84 (0x00000193) addi gp, zero, 0
x3 <- 0x00000000


mem[X,0x8002EB88] -> 0x006F
mem[X,0x8002EB8A] -> 0x00C0
[4083] [M]: 0x8002EB88 (0x00C0006F) jal zero, 12


mem[X,0x8002EB94] -> 0x7CE3
mem[X,0x8002EB96] -> 0xFEB5
[4084] [M]: 0x8002EB94 (0xFEB57CE3) bgeu a0, a1, 8184


mem[X,0x8002EB98] -> 0x8193
mem[X,0x8002EB9A] -> 0x0021
[4085] [M]: 0x8002EB98 (0x00218193) addi gp, gp, 2
x3 <- 0x00000002


mem[X,0x8002EB9C] -> 0x006F
mem[X,0x8002EB9E] -> 0x00C0
[4086] [M]: 0x8002EB9C (0x00C0006F) jal zero, 12


mem[X,0x8002EBA8] -> 0x2023
mem[X,0x8002EBAA] -> 0x6831
[4087] [M]: 0x8002EBA8 (0x68312023) sw gp, 1664(sp)
mem[0x8004B7E4] <- 0x00000002


mem[X,0x8002EBAC] -> 0x3537
mem[X,0x8002EBAE] -> 0x3333
[4088] [M]: 0x8002EBAC (0x33333537) lui a0, 209715
x10 <- 0x33333000


mem[X,0x8002EBB0] -> 0x0513
mem[X,0x8002EBB2] -> 0x3325
[4089] [M]: 0x8002EBB0 (0x33250513) addi a0, a0, 818
x10 <- 0x33333332


mem[X,0x8002EBB4] -> 0xB5B7
mem[X,0x8002EBB6] -> 0xAAAA
[4090] [M]: 0x8002EBB4 (0xAAAAB5B7) lui a1, 699051
x11 <- 0xAAAAB000


mem[X,0x8002EBB8] -> 0x8593
mem[X,0x8002EBBA] -> 0xAA95
[4091] [M]: 0x8002EBB8 (0xAA958593) addi a1, a1, 2729
x11 <- 0xAAAAAAA9


mem[X,0x8002EBBC] -> 0x0193
mem[X,0x8002EBBE] -> 0x0000
[4092] [M]: 0x8002EBBC (0x00000193) addi gp, zero, 0
x3 <- 0x00000000


mem[X,0x8002EBC0] -> 0x006F
mem[X,0x8002EBC2] -> 0x00C0
[4093] [M]: 0x8002EBC0 (0x00C0006F) jal zero, 12


mem[X,0x8002EBCC] -> 0x7CE3
mem[X,0x8002EBCE] -> 0xFEB5
[4094] [M]: 0x8002EBCC (0xFEB57CE3) bgeu a0, a1, 8184


mem[X,0x8002EBD0] -> 0x8193
mem[X,0x8002EBD2] -> 0x0021
[4095] [M]: 0x8002EBD0 (0x00218193) addi gp, gp, 2
x3 <- 0x00000002


mem[X,0x8002EBD4] -> 0x006F
mem[X,0x8002EBD6] -> 0x00C0
[4096] [M]: 0x8002EBD4 (0x00C0006F) jal zero, 12


mem[X,0x8002EBE0] -> 0x2223
mem[X,0x8002EBE2] -> 0x6831
[4097] [M]: 0x8002EBE0 (0x68312223) sw gp, 1668(sp)
mem[0x8004B7E8] <- 0x00000002


mem[X,0x8002EBE4] -> 0x3537
mem[X,0x8002EBE6] -> 0x3333
[4098] [M]: 0x8002EBE4 (0x33333537) lui a0, 209715
x10 <- 0x33333000


mem[X,0x8002EBE8] -> 0x0513
mem[X,0x8002EBEA] -> 0x3325
[4099] [M]: 0x8002EBE8 (0x33250513) addi a0, a0, 818
x10 <- 0x33333332


clint::tick mtime <- 0x0000000000000029
 clint timer pending at mtime 0x0000000000000029
htif::tick 0x0000000000000000
mem[X,0x8002EBEC] -> 0x0593
mem[X,0x8002EBEE] -> 0x0040
[4100] [M]: 0x8002EBEC (0x00400593) addi a1, zero, 4
x11 <- 0x00000004


mem[X,0x8002EBF0] -> 0x0193
mem[X,0x8002EBF2] -> 0x0000
[4101] [M]: 0x8002EBF0 (0x00000193) addi gp, zero, 0
x3 <- 0x00000000


mem[X,0x8002EBF4] -> 0x006F
mem[X,0x8002EBF6] -> 0x00C0
[4102] [M]: 0x8002EBF4 (0x00C0006F) jal zero, 12


mem[X,0x8002EC00] -> 0x7CE3
mem[X,0x8002EC02] -> 0xFEB5
[4103] [M]: 0x8002EC00 (0xFEB57CE3) bgeu a0, a1, 8184


mem[X,0x8002EBF8] -> 0x8193
mem[X,0x8002EBFA] -> 0x0011
[4104] [M]: 0x8002EBF8 (0x00118193) addi gp, gp, 1
x3 <- 0x00000001


mem[X,0x8002EBFC] -> 0x006F
mem[X,0x8002EBFE] -> 0x0180
[4105] [M]: 0x8002EBFC (0x0180006F) jal zero, 24


mem[X,0x8002EC14] -> 0x2423
mem[X,0x8002EC16] -> 0x6831
[4106] [M]: 0x8002EC14 (0x68312423) sw gp, 1672(sp)
mem[0x8004B7EC] <- 0x00000001


mem[X,0x8002EC18] -> 0x3537
mem[X,0x8002EC1A] -> 0x3333
[4107] [M]: 0x8002EC18 (0x33333537) lui a0, 209715
x10 <- 0x33333000


mem[X,0x8002EC1C] -> 0x0513
mem[X,0x8002EC1E] -> 0x3325
[4108] [M]: 0x8002EC1C (0x33250513) addi a0, a0, 818
x10 <- 0x33333332


mem[X,0x8002EC20] -> 0x35B7
mem[X,0x8002EC22] -> 0x3333
[4109] [M]: 0x8002EC20 (0x333335B7) lui a1, 209715
x11 <- 0x33333000


mem[X,0x8002EC24] -> 0x8593
mem[X,0x8002EC26] -> 0x3325
[4110] [M]: 0x8002EC24 (0x33258593) addi a1, a1, 818
x11 <- 0x33333332


mem[X,0x8002EC28] -> 0x0193
mem[X,0x8002EC2A] -> 0x0000
[4111] [M]: 0x8002EC28 (0x00000193) addi gp, zero, 0
x3 <- 0x00000000


mem[X,0x8002EC2C] -> 0x006F
mem[X,0x8002EC2E] -> 0x00C0
[4112] [M]: 0x8002EC2C (0x00C0006F) jal zero, 12


mem[X,0x8002EC38] -> 0x7663
mem[X,0x8002EC3A] -> 0x00B5
[4113] [M]: 0x8002EC38 (0x00B57663) bgeu a0, a1, 12


mem[X,0x8002EC44] -> 0x8193
mem[X,0x8002EC46] -> 0x0031
[4114] [M]: 0x8002EC44 (0x00318193) addi gp, gp, 3
x3 <- 0x00000003


mem[X,0x8002EC48] -> 0x006F
mem[X,0x8002EC4A] -> 0x0040
[4115] [M]: 0x8002EC48 (0x0040006F) jal zero, 4


mem[X,0x8002EC4C] -> 0x2623
mem[X,0x8002EC4E] -> 0x6831
[4116] [M]: 0x8002EC4C (0x68312623) sw gp, 1676(sp)
mem[0x8004B7F0] <- 0x00000003


mem[X,0x8002EC50] -> 0x3537
mem[X,0x8002EC52] -> 0x3333
[4117] [M]: 0x8002EC50 (0x33333537) lui a0, 209715
x10 <- 0x33333000


mem[X,0x8002EC54] -> 0x0513
mem[X,0x8002EC56] -> 0x3325
[4118] [M]: 0x8002EC54 (0x33250513) addi a0, a0, 818
x10 <- 0x33333332


mem[X,0x8002EC58] -> 0x65B7
mem[X,0x8002EC5A] -> 0x6666
[4119] [M]: 0x8002EC58 (0x666665B7) lui a1, 419430
x11 <- 0x66666000


mem[X,0x8002EC5C] -> 0x8593
mem[X,0x8002EC5E] -> 0x6655
[4120] [M]: 0x8002EC5C (0x66558593) addi a1, a1, 1637
x11 <- 0x66666665


mem[X,0x8002EC60] -> 0x0193
mem[X,0x8002EC62] -> 0x0000
[4121] [M]: 0x8002EC60 (0x00000193) addi gp, zero, 0
x3 <- 0x00000000


mem[X,0x8002EC64] -> 0x006F
mem[X,0x8002EC66] -> 0x00C0
[4122] [M]: 0x8002EC64 (0x00C0006F) jal zero, 12


mem[X,0x8002EC70] -> 0x7CE3
mem[X,0x8002EC72] -> 0xFEB5
[4123] [M]: 0x8002EC70 (0xFEB57CE3) bgeu a0, a1, 8184


mem[X,0x8002EC74] -> 0x8193
mem[X,0x8002EC76] -> 0x0021
[4124] [M]: 0x8002EC74 (0x00218193) addi gp, gp, 2
x3 <- 0x00000002


mem[X,0x8002EC78] -> 0x006F
mem[X,0x8002EC7A] -> 0x00C0
[4125] [M]: 0x8002EC78 (0x00C0006F) jal zero, 12


mem[X,0x8002EC84] -> 0x2823
mem[X,0x8002EC86] -> 0x6831
[4126] [M]: 0x8002EC84 (0x68312823) sw gp, 1680(sp)
mem[0x8004B7F4] <- 0x00000002


mem[X,0x8002EC88] -> 0x3537
mem[X,0x8002EC8A] -> 0x3333
[4127] [M]: 0x8002EC88 (0x33333537) lui a0, 209715
x10 <- 0x33333000


mem[X,0x8002EC8C] -> 0x0513
mem[X,0x8002EC8E] -> 0x3325
[4128] [M]: 0x8002EC8C (0x33250513) addi a0, a0, 818
x10 <- 0x33333332


mem[X,0x8002EC90] -> 0xB5B7
mem[X,0x8002EC92] -> 0x0000
[4129] [M]: 0x8002EC90 (0x0000B5B7) lui a1, 11
x11 <- 0x0000B000


mem[X,0x8002EC94] -> 0x8593
mem[X,0x8002EC96] -> 0x5035
[4130] [M]: 0x8002EC94 (0x50358593) addi a1, a1, 1283
x11 <- 0x0000B503


mem[X,0x8002EC98] -> 0x0193
mem[X,0x8002EC9A] -> 0x0000
[4131] [M]: 0x8002EC98 (0x00000193) addi gp, zero, 0
x3 <- 0x00000000


mem[X,0x8002EC9C] -> 0x006F
mem[X,0x8002EC9E] -> 0x00C0
[4132] [M]: 0x8002EC9C (0x00C0006F) jal zero, 12


mem[X,0x8002ECA8] -> 0x7063
mem[X,0x8002ECAA] -> 0x40B5
[4133] [M]: 0x8002ECA8 (0x40B57063) bgeu a0, a1, 1024


mem[X,0x8002F0A8] -> 0x8193
mem[X,0x8002F0AA] -> 0x0031
[4134] [M]: 0x8002F0A8 (0x00318193) addi gp, gp, 3
x3 <- 0x00000003


mem[X,0x8002F0AC] -> 0x006F
mem[X,0x8002F0AE] -> 0x0040
[4135] [M]: 0x8002F0AC (0x0040006F) jal zero, 4


mem[X,0x8002F0B0] -> 0x2A23
mem[X,0x8002F0B2] -> 0x6831
[4136] [M]: 0x8002F0B0 (0x68312A23) sw gp, 1684(sp)
mem[0x8004B7F8] <- 0x00000003


mem[X,0x8002F0B4] -> 0x3537
mem[X,0x8002F0B6] -> 0x3333
[4137] [M]: 0x8002F0B4 (0x33333537) lui a0, 209715
x10 <- 0x33333000


mem[X,0x8002F0B8] -> 0x0513
mem[X,0x8002F0BA] -> 0x3325
[4138] [M]: 0x8002F0B8 (0x33250513) addi a0, a0, 818
x10 <- 0x33333332


mem[X,0x8002F0BC] -> 0x05B7
mem[X,0x8002F0BE] -> 0x0001
[4139] [M]: 0x8002F0BC (0x000105B7) lui a1, 16
x11 <- 0x00010000


mem[X,0x8002F0C0] -> 0x8593
mem[X,0x8002F0C2] -> 0xFFE5
[4140] [M]: 0x8002F0C0 (0xFFE58593) addi a1, a1, 4094
x11 <- 0x0000FFFE


mem[X,0x8002F0C4] -> 0x0193
mem[X,0x8002F0C6] -> 0x0000
[4141] [M]: 0x8002F0C4 (0x00000193) addi gp, zero, 0
x3 <- 0x00000000


mem[X,0x8002F0C8] -> 0x006F
mem[X,0x8002F0CA] -> 0x00C0
[4142] [M]: 0x8002F0C8 (0x00C0006F) jal zero, 12


mem[X,0x8002F0D4] -> 0x7063
mem[X,0x8002F0D6] -> 0x04B5
[4143] [M]: 0x8002F0D4 (0x04B57063) bgeu a0, a1, 64


mem[X,0x8002F114] -> 0x8193
mem[X,0x8002F116] -> 0x0031
[4144] [M]: 0x8002F114 (0x00318193) addi gp, gp, 3
x3 <- 0x00000003


mem[X,0x8002F118] -> 0x006F
mem[X,0x8002F11A] -> 0x0040
[4145] [M]: 0x8002F118 (0x0040006F) jal zero, 4


mem[X,0x8002F11C] -> 0x2C23
mem[X,0x8002F11E] -> 0x6831
[4146] [M]: 0x8002F11C (0x68312C23) sw gp, 1688(sp)
mem[0x8004B7FC] <- 0x00000003


mem[X,0x8002F120] -> 0x3537
mem[X,0x8002F122] -> 0x3333
[4147] [M]: 0x8002F120 (0x33333537) lui a0, 209715
x10 <- 0x33333000


mem[X,0x8002F124] -> 0x0513
mem[X,0x8002F126] -> 0x3325
[4148] [M]: 0x8002F124 (0x33250513) addi a0, a0, 818
x10 <- 0x33333332


mem[X,0x8002F128] -> 0x55B7
mem[X,0x8002F12A] -> 0x5555
[4149] [M]: 0x8002F128 (0x555555B7) lui a1, 349525
x11 <- 0x55555000


mem[X,0x8002F12C] -> 0x8593
mem[X,0x8002F12E] -> 0x5565
[4150] [M]: 0x8002F12C (0x55658593) addi a1, a1, 1366
x11 <- 0x55555556


mem[X,0x8002F130] -> 0x0193
mem[X,0x8002F132] -> 0x0000
[4151] [M]: 0x8002F130 (0x00000193) addi gp, zero, 0
x3 <- 0x00000000


mem[X,0x8002F134] -> 0x006F
mem[X,0x8002F136] -> 0x0050
[4152] [M]: 0x8002F134 (0x0050006F) jal zero, 2052


mem[X,0x8002F938] -> 0x70E3
mem[X,0x8002F93A] -> 0x80B5
[4153] [M]: 0x8002F938 (0x80B570E3) bgeu a0, a1, 6144


mem[X,0x8002F93C] -> 0x8193
mem[X,0x8002F93E] -> 0x0021
[4154] [M]: 0x8002F93C (0x00218193) addi gp, gp, 2
x3 <- 0x00000002


mem[X,0x8002F940] -> 0x006F
mem[X,0x8002F942] -> 0x00C0
[4155] [M]: 0x8002F940 (0x00C0006F) jal zero, 12


mem[X,0x8002F94C] -> 0x2E23
mem[X,0x8002F94E] -> 0x6831
[4156] [M]: 0x8002F94C (0x68312E23) sw gp, 1692(sp)
mem[0x8004B800] <- 0x00000002


mem[X,0x8002F950] -> 0x3537
mem[X,0x8002F952] -> 0x3333
[4157] [M]: 0x8002F950 (0x33333537) lui a0, 209715
x10 <- 0x33333000


mem[X,0x8002F954] -> 0x0513
mem[X,0x8002F956] -> 0x3325
[4158] [M]: 0x8002F954 (0x33250513) addi a0, a0, 818
x10 <- 0x33333332


mem[X,0x8002F958] -> 0xB5B7
mem[X,0x8002F95A] -> 0xAAAA
[4159] [M]: 0x8002F958 (0xAAAAB5B7) lui a1, 699051
x11 <- 0xAAAAB000


mem[X,0x8002F95C] -> 0x8593
mem[X,0x8002F95E] -> 0xAAB5
[4160] [M]: 0x8002F95C (0xAAB58593) addi a1, a1, 2731
x11 <- 0xAAAAAAAB


mem[X,0x8002F960] -> 0x0193
mem[X,0x8002F962] -> 0x0000
[4161] [M]: 0x8002F960 (0x00000193) addi gp, zero, 0
x3 <- 0x00000000


mem[X,0x8002F964] -> 0x006F
mem[X,0x8002F966] -> 0x00C0
[4162] [M]: 0x8002F964 (0x00C0006F) jal zero, 12


mem[X,0x8002F970] -> 0x7663
mem[X,0x8002F972] -> 0x00B5
[4163] [M]: 0x8002F970 (0x00B57663) bgeu a0, a1, 12


mem[X,0x8002F974] -> 0x8193
mem[X,0x8002F976] -> 0x0021
[4164] [M]: 0x8002F974 (0x00218193) addi gp, gp, 2
x3 <- 0x00000002


mem[X,0x8002F978] -> 0x006F
mem[X,0x8002F97A] -> 0x00C0
[4165] [M]: 0x8002F978 (0x00C0006F) jal zero, 12


mem[X,0x8002F984] -> 0x2023
mem[X,0x8002F986] -> 0x6A31
[4166] [M]: 0x8002F984 (0x6A312023) sw gp, 1696(sp)
mem[0x8004B804] <- 0x00000002


mem[X,0x8002F988] -> 0x3537
mem[X,0x8002F98A] -> 0x3333
[4167] [M]: 0x8002F988 (0x33333537) lui a0, 209715
x10 <- 0x33333000


mem[X,0x8002F98C] -> 0x0513
mem[X,0x8002F98E] -> 0x3325
[4168] [M]: 0x8002F98C (0x33250513) addi a0, a0, 818
x10 <- 0x33333332


mem[X,0x8002F990] -> 0x0593
mem[X,0x8002F992] -> 0x0060
[4169] [M]: 0x8002F990 (0x00600593) addi a1, zero, 6
x11 <- 0x00000006


mem[X,0x8002F994] -> 0x0193
mem[X,0x8002F996] -> 0x0000
[4170] [M]: 0x8002F994 (0x00000193) addi gp, zero, 0
x3 <- 0x00000000


mem[X,0x8002F998] -> 0x006F
mem[X,0x8002F99A] -> 0x00C0
[4171] [M]: 0x8002F998 (0x00C0006F) jal zero, 12


mem[X,0x8002F9A4] -> 0x7CE3
mem[X,0x8002F9A6] -> 0xFEB5
[4172] [M]: 0x8002F9A4 (0xFEB57CE3) bgeu a0, a1, 8184


mem[X,0x8002F99C] -> 0x8193
mem[X,0x8002F99E] -> 0x0011
[4173] [M]: 0x8002F99C (0x00118193) addi gp, gp, 1
x3 <- 0x00000001


mem[X,0x8002F9A0] -> 0x006F
mem[X,0x8002F9A2] -> 0x0180
[4174] [M]: 0x8002F9A0 (0x0180006F) jal zero, 24


mem[X,0x8002F9B8] -> 0x2223
mem[X,0x8002F9BA] -> 0x6A31
[4175] [M]: 0x8002F9B8 (0x6A312223) sw gp, 1700(sp)
mem[0x8004B808] <- 0x00000001


mem[X,0x8002F9BC] -> 0x3537
mem[X,0x8002F9BE] -> 0x3333
[4176] [M]: 0x8002F9BC (0x33333537) lui a0, 209715
x10 <- 0x33333000


mem[X,0x8002F9C0] -> 0x0513
mem[X,0x8002F9C2] -> 0x3325
[4177] [M]: 0x8002F9C0 (0x33250513) addi a0, a0, 818
x10 <- 0x33333332


mem[X,0x8002F9C4] -> 0x35B7
mem[X,0x8002F9C6] -> 0x3333
[4178] [M]: 0x8002F9C4 (0x333335B7) lui a1, 209715
x11 <- 0x33333000


mem[X,0x8002F9C8] -> 0x8593
mem[X,0x8002F9CA] -> 0x3345
[4179] [M]: 0x8002F9C8 (0x33458593) addi a1, a1, 820
x11 <- 0x33333334


mem[X,0x8002F9CC] -> 0x0193
mem[X,0x8002F9CE] -> 0x0000
[4180] [M]: 0x8002F9CC (0x00000193) addi gp, zero, 0
x3 <- 0x00000000


mem[X,0x8002F9D0] -> 0x006F
mem[X,0x8002F9D2] -> 0x00C0
[4181] [M]: 0x8002F9D0 (0x00C0006F) jal zero, 12


mem[X,0x8002F9DC] -> 0x7063
mem[X,0x8002F9DE] -> 0x02B5
[4182] [M]: 0x8002F9DC (0x02B57063) bgeu a0, a1, 32


mem[X,0x8002F9E0] -> 0x8193
mem[X,0x8002F9E2] -> 0x0021
[4183] [M]: 0x8002F9E0 (0x00218193) addi gp, gp, 2
x3 <- 0x00000002


mem[X,0x8002F9E4] -> 0x006F
mem[X,0x8002F9E6] -> 0x0200
[4184] [M]: 0x8002F9E4 (0x0200006F) jal zero, 32


mem[X,0x8002FA04] -> 0x2423
mem[X,0x8002FA06] -> 0x6A31
[4185] [M]: 0x8002FA04 (0x6A312423) sw gp, 1704(sp)
mem[0x8004B80C] <- 0x00000002


mem[X,0x8002FA08] -> 0x3537
mem[X,0x8002FA0A] -> 0x3333
[4186] [M]: 0x8002FA08 (0x33333537) lui a0, 209715
x10 <- 0x33333000


mem[X,0x8002FA0C] -> 0x0513
mem[X,0x8002FA0E] -> 0x3325
[4187] [M]: 0x8002FA0C (0x33250513) addi a0, a0, 818
x10 <- 0x33333332


mem[X,0x8002FA10] -> 0x65B7
mem[X,0x8002FA12] -> 0x6666
[4188] [M]: 0x8002FA10 (0x666665B7) lui a1, 419430
x11 <- 0x66666000


mem[X,0x8002FA14] -> 0x8593
mem[X,0x8002FA16] -> 0x6675
[4189] [M]: 0x8002FA14 (0x66758593) addi a1, a1, 1639
x11 <- 0x66666667


mem[X,0x8002FA18] -> 0x0193
mem[X,0x8002FA1A] -> 0x0000
[4190] [M]: 0x8002FA18 (0x00000193) addi gp, zero, 0
x3 <- 0x00000000


mem[X,0x8002FA1C] -> 0x006F
mem[X,0x8002FA1E] -> 0x00C0
[4191] [M]: 0x8002FA1C (0x00C0006F) jal zero, 12


mem[X,0x8002FA28] -> 0x7663
mem[X,0x8002FA2A] -> 0x00B5
[4192] [M]: 0x8002FA28 (0x00B57663) bgeu a0, a1, 12


mem[X,0x8002FA2C] -> 0x8193
mem[X,0x8002FA2E] -> 0x0021
[4193] [M]: 0x8002FA2C (0x00218193) addi gp, gp, 2
x3 <- 0x00000002


mem[X,0x8002FA30] -> 0x006F
mem[X,0x8002FA32] -> 0x00C0
[4194] [M]: 0x8002FA30 (0x00C0006F) jal zero, 12


mem[X,0x8002FA3C] -> 0x2623
mem[X,0x8002FA3E] -> 0x6A31
[4195] [M]: 0x8002FA3C (0x6A312623) sw gp, 1708(sp)
mem[0x8004B810] <- 0x00000002


mem[X,0x8002FA40] -> 0x3537
mem[X,0x8002FA42] -> 0x3333
[4196] [M]: 0x8002FA40 (0x33333537) lui a0, 209715
x10 <- 0x33333000


mem[X,0x8002FA44] -> 0x0513
mem[X,0x8002FA46] -> 0x3325
[4197] [M]: 0x8002FA44 (0x33250513) addi a0, a0, 818
x10 <- 0x33333332


mem[X,0x8002FA48] -> 0xB5B7
mem[X,0x8002FA4A] -> 0x0000
[4198] [M]: 0x8002FA48 (0x0000B5B7) lui a1, 11
x11 <- 0x0000B000


mem[X,0x8002FA4C] -> 0x8593
mem[X,0x8002FA4E] -> 0x5055
[4199] [M]: 0x8002FA4C (0x50558593) addi a1, a1, 1285
x11 <- 0x0000B505


clint::tick mtime <- 0x000000000000002A
 clint timer pending at mtime 0x000000000000002A
htif::tick 0x0000000000000000
mem[X,0x8002FA50] -> 0x0193
mem[X,0x8002FA52] -> 0x0000
[4200] [M]: 0x8002FA50 (0x00000193) addi gp, zero, 0
x3 <- 0x00000000


mem[X,0x8002FA54] -> 0x006F
mem[X,0x8002FA56] -> 0x00C0
[4201] [M]: 0x8002FA54 (0x00C0006F) jal zero, 12


mem[X,0x8002FA60] -> 0x7063
mem[X,0x8002FA62] -> 0x02B5
[4202] [M]: 0x8002FA60 (0x02B57063) bgeu a0, a1, 32


mem[X,0x8002FA80] -> 0x8193
mem[X,0x8002FA82] -> 0x0031
[4203] [M]: 0x8002FA80 (0x00318193) addi gp, gp, 3
x3 <- 0x00000003


mem[X,0x8002FA84] -> 0x006F
mem[X,0x8002FA86] -> 0x0040
[4204] [M]: 0x8002FA84 (0x0040006F) jal zero, 4


mem[X,0x8002FA88] -> 0x2823
mem[X,0x8002FA8A] -> 0x6A31
[4205] [M]: 0x8002FA88 (0x6A312823) sw gp, 1712(sp)
mem[0x8004B814] <- 0x00000003


mem[X,0x8002FA8C] -> 0x3537
mem[X,0x8002FA8E] -> 0x3333
[4206] [M]: 0x8002FA8C (0x33333537) lui a0, 209715
x10 <- 0x33333000


mem[X,0x8002FA90] -> 0x0513
mem[X,0x8002FA92] -> 0x3325
[4207] [M]: 0x8002FA90 (0x33250513) addi a0, a0, 818
x10 <- 0x33333332


mem[X,0x8002FA94] -> 0x0593
mem[X,0x8002FA96] -> 0x0010
[4208] [M]: 0x8002FA94 (0x00100593) addi a1, zero, 1
x11 <- 0x00000001


mem[X,0x8002FA98] -> 0x0193
mem[X,0x8002FA9A] -> 0x0000
[4209] [M]: 0x8002FA98 (0x00000193) addi gp, zero, 0
x3 <- 0x00000000


mem[X,0x8002FA9C] -> 0x006F
mem[X,0x8002FA9E] -> 0x00C0
[4210] [M]: 0x8002FA9C (0x00C0006F) jal zero, 12


mem[X,0x8002FAA8] -> 0x7063
mem[X,0x8002FAAA] -> 0x10B5
[4211] [M]: 0x8002FAA8 (0x10B57063) bgeu a0, a1, 256


mem[X,0x8002FBA8] -> 0x8193
mem[X,0x8002FBAA] -> 0x0031
[4212] [M]: 0x8002FBA8 (0x00318193) addi gp, gp, 3
x3 <- 0x00000003


mem[X,0x8002FBAC] -> 0x006F
mem[X,0x8002FBAE] -> 0x0040
[4213] [M]: 0x8002FBAC (0x0040006F) jal zero, 4


mem[X,0x8002FBB0] -> 0x2A23
mem[X,0x8002FBB2] -> 0x6A31
[4214] [M]: 0x8002FBB0 (0x6A312A23) sw gp, 1716(sp)
mem[0x8004B818] <- 0x00000003


mem[X,0x8002FBB4] -> 0x3537
mem[X,0x8002FBB6] -> 0x3333
[4215] [M]: 0x8002FBB4 (0x33333537) lui a0, 209715
x10 <- 0x33333000


mem[X,0x8002FBB8] -> 0x0513
mem[X,0x8002FBBA] -> 0x3325
[4216] [M]: 0x8002FBB8 (0x33250513) addi a0, a0, 818
x10 <- 0x33333332


mem[X,0x8002FBBC] -> 0x05B7
mem[X,0x8002FBBE] -> 0x0001
[4217] [M]: 0x8002FBBC (0x000105B7) lui a1, 16
x11 <- 0x00010000


mem[X,0x8002FBC0] -> 0x0193
mem[X,0x8002FBC2] -> 0x0000
[4218] [M]: 0x8002FBC0 (0x00000193) addi gp, zero, 0
x3 <- 0x00000000


mem[X,0x8002FBC4] -> 0x006F
mem[X,0x8002FBC6] -> 0x2B10
[4219] [M]: 0x8002FBC4 (0x2B10006F) jal zero, 2736


mem[X,0x80030674] -> 0x7A63
mem[X,0x80030676] -> 0xD4B5
[4220] [M]: 0x80030674 (0xD4B57A63) bgeu a0, a1, 5460


mem[X,0x8002FBC8] -> 0x8193
mem[X,0x8002FBCA] -> 0x0011
[4221] [M]: 0x8002FBC8 (0x00118193) addi gp, gp, 1
x3 <- 0x00000001


mem[X,0x8002FBCC] -> 0x006F
mem[X,0x8002FBCE] -> 0x2BD0
[4222] [M]: 0x8002FBCC (0x2BD0006F) jal zero, 2748


mem[X,0x80030688] -> 0x2C23
mem[X,0x8003068A] -> 0x6A31
[4223] [M]: 0x80030688 (0x6A312C23) sw gp, 1720(sp)
mem[0x8004B81C] <- 0x00000001


mem[X,0x8003068C] -> 0x6537
mem[X,0x8003068E] -> 0x6666
[4224] [M]: 0x8003068C (0x66666537) lui a0, 419430
x10 <- 0x66666000


mem[X,0x80030690] -> 0x0513
mem[X,0x80030692] -> 0x6655
[4225] [M]: 0x80030690 (0x66550513) addi a0, a0, 1637
x10 <- 0x66666665


mem[X,0x80030694] -> 0x0593
mem[X,0x80030696] -> 0x0030
[4226] [M]: 0x80030694 (0x00300593) addi a1, zero, 3
x11 <- 0x00000003


mem[X,0x80030698] -> 0x0193
mem[X,0x8003069A] -> 0x0000
[4227] [M]: 0x80030698 (0x00000193) addi gp, zero, 0
x3 <- 0x00000000


mem[X,0x8003069C] -> 0x006F
mem[X,0x8003069E] -> 0x00C0
[4228] [M]: 0x8003069C (0x00C0006F) jal zero, 12


mem[X,0x800306A8] -> 0x7063
mem[X,0x800306AA] -> 0x40B5
[4229] [M]: 0x800306A8 (0x40B57063) bgeu a0, a1, 1024


mem[X,0x80030AA8] -> 0x8193
mem[X,0x80030AAA] -> 0x0031
[4230] [M]: 0x80030AA8 (0x00318193) addi gp, gp, 3
x3 <- 0x00000003


mem[X,0x80030AAC] -> 0x006F
mem[X,0x80030AAE] -> 0x0040
[4231] [M]: 0x80030AAC (0x0040006F) jal zero, 4


mem[X,0x80030AB0] -> 0x2E23
mem[X,0x80030AB2] -> 0x6A31
[4232] [M]: 0x80030AB0 (0x6A312E23) sw gp, 1724(sp)
mem[0x8004B820] <- 0x00000003


mem[X,0x80030AB4] -> 0x6537
mem[X,0x80030AB6] -> 0x6666
[4233] [M]: 0x80030AB4 (0x66666537) lui a0, 419430
x10 <- 0x66666000


mem[X,0x80030AB8] -> 0x0513
mem[X,0x80030ABA] -> 0x6655
[4234] [M]: 0x80030AB8 (0x66550513) addi a0, a0, 1637
x10 <- 0x66666665


mem[X,0x80030ABC] -> 0x55B7
mem[X,0x80030ABE] -> 0x5555
[4235] [M]: 0x80030ABC (0x555555B7) lui a1, 349525
x11 <- 0x55555000


mem[X,0x80030AC0] -> 0x8593
mem[X,0x80030AC2] -> 0x5555
[4236] [M]: 0x80030AC0 (0x55558593) addi a1, a1, 1365
x11 <- 0x55555555


mem[X,0x80030AC4] -> 0x0193
mem[X,0x80030AC6] -> 0x0000
[4237] [M]: 0x80030AC4 (0x00000193) addi gp, zero, 0
x3 <- 0x00000000


mem[X,0x80030AC8] -> 0x006F
mem[X,0x80030ACA] -> 0x00C0
[4238] [M]: 0x80030AC8 (0x00C0006F) jal zero, 12


mem[X,0x80030AD4] -> 0x7CE3
mem[X,0x80030AD6] -> 0xFEB5
[4239] [M]: 0x80030AD4 (0xFEB57CE3) bgeu a0, a1, 8184


mem[X,0x80030ACC] -> 0x8193
mem[X,0x80030ACE] -> 0x0011
[4240] [M]: 0x80030ACC (0x00118193) addi gp, gp, 1
x3 <- 0x00000001


mem[X,0x80030AD0] -> 0x006F
mem[X,0x80030AD2] -> 0x0180
[4241] [M]: 0x80030AD0 (0x0180006F) jal zero, 24


mem[X,0x80030AE8] -> 0x2023
mem[X,0x80030AEA] -> 0x6C31
[4242] [M]: 0x80030AE8 (0x6C312023) sw gp, 1728(sp)
mem[0x8004B824] <- 0x00000001


mem[X,0x80030AEC] -> 0x6537
mem[X,0x80030AEE] -> 0x6666
[4243] [M]: 0x80030AEC (0x66666537) lui a0, 419430
x10 <- 0x66666000


mem[X,0x80030AF0] -> 0x0513
mem[X,0x80030AF2] -> 0x6655
[4244] [M]: 0x80030AF0 (0x66550513) addi a0, a0, 1637
x10 <- 0x66666665


mem[X,0x80030AF4] -> 0xB5B7
mem[X,0x80030AF6] -> 0xAAAA
[4245] [M]: 0x80030AF4 (0xAAAAB5B7) lui a1, 699051
x11 <- 0xAAAAB000


mem[X,0x80030AF8] -> 0x8593
mem[X,0x80030AFA] -> 0xAAA5
[4246] [M]: 0x80030AF8 (0xAAA58593) addi a1, a1, 2730
x11 <- 0xAAAAAAAA


mem[X,0x80030AFC] -> 0x0193
mem[X,0x80030AFE] -> 0x0000
[4247] [M]: 0x80030AFC (0x00000193) addi gp, zero, 0
x3 <- 0x00000000


mem[X,0x80030B00] -> 0x006F
mem[X,0x80030B02] -> 0x2B10
[4248] [M]: 0x80030B00 (0x2B10006F) jal zero, 2736


mem[X,0x800315B0] -> 0x7A63
mem[X,0x800315B2] -> 0xD4B5
[4249] [M]: 0x800315B0 (0xD4B57A63) bgeu a0, a1, 5460


mem[X,0x800315B4] -> 0x8193
mem[X,0x800315B6] -> 0x0021
[4250] [M]: 0x800315B4 (0x00218193) addi gp, gp, 2
x3 <- 0x00000002


mem[X,0x800315B8] -> 0x006F
mem[X,0x800315BA] -> 0x00C0
[4251] [M]: 0x800315B8 (0x00C0006F) jal zero, 12


mem[X,0x800315C4] -> 0x2223
mem[X,0x800315C6] -> 0x6C31
[4252] [M]: 0x800315C4 (0x6C312223) sw gp, 1732(sp)
mem[0x8004B828] <- 0x00000002


mem[X,0x800315C8] -> 0x6537
mem[X,0x800315CA] -> 0x6666
[4253] [M]: 0x800315C8 (0x66666537) lui a0, 419430
x10 <- 0x66666000


mem[X,0x800315CC] -> 0x0513
mem[X,0x800315CE] -> 0x6655
[4254] [M]: 0x800315CC (0x66550513) addi a0, a0, 1637
x10 <- 0x66666665


mem[X,0x800315D0] -> 0x0593
mem[X,0x800315D2] -> 0x0050
[4255] [M]: 0x800315D0 (0x00500593) addi a1, zero, 5
x11 <- 0x00000005


mem[X,0x800315D4] -> 0x0193
mem[X,0x800315D6] -> 0x0000
[4256] [M]: 0x800315D4 (0x00000193) addi gp, zero, 0
x3 <- 0x00000000


mem[X,0x800315D8] -> 0x006F
mem[X,0x800315DA] -> 0x0100
[4257] [M]: 0x800315D8 (0x0100006F) jal zero, 16


mem[X,0x800315E8] -> 0x7AE3
mem[X,0x800315EA] -> 0xFEB5
[4258] [M]: 0x800315E8 (0xFEB57AE3) bgeu a0, a1, 8180


mem[X,0x800315DC] -> 0x8193
mem[X,0x800315DE] -> 0x0011
[4259] [M]: 0x800315DC (0x00118193) addi gp, gp, 1
x3 <- 0x00000001


mem[X,0x800315E0] -> 0x006F
mem[X,0x800315E2] -> 0x01C0
[4260] [M]: 0x800315E0 (0x01C0006F) jal zero, 28


mem[X,0x800315FC] -> 0x2423
mem[X,0x800315FE] -> 0x6C31
[4261] [M]: 0x800315FC (0x6C312423) sw gp, 1736(sp)
mem[0x8004B82C] <- 0x00000001


mem[X,0x80031600] -> 0x6537
mem[X,0x80031602] -> 0x6666
[4262] [M]: 0x80031600 (0x66666537) lui a0, 419430
x10 <- 0x66666000


mem[X,0x80031604] -> 0x0513
mem[X,0x80031606] -> 0x6655
[4263] [M]: 0x80031604 (0x66550513) addi a0, a0, 1637
x10 <- 0x66666665


mem[X,0x80031608] -> 0x35B7
mem[X,0x8003160A] -> 0x3333
[4264] [M]: 0x80031608 (0x333335B7) lui a1, 209715
x11 <- 0x33333000


mem[X,0x8003160C] -> 0x8593
mem[X,0x8003160E] -> 0x3335
[4265] [M]: 0x8003160C (0x33358593) addi a1, a1, 819
x11 <- 0x33333333


mem[X,0x80031610] -> 0x0193
mem[X,0x80031612] -> 0x0000
[4266] [M]: 0x80031610 (0x00000193) addi gp, zero, 0
x3 <- 0x00000000


mem[X,0x80031614] -> 0x006F
mem[X,0x80031616] -> 0x00C0
[4267] [M]: 0x80031614 (0x00C0006F) jal zero, 12


mem[X,0x80031620] -> 0x7063
mem[X,0x80031622] -> 0x20B5
[4268] [M]: 0x80031620 (0x20B57063) bgeu a0, a1, 512


mem[X,0x80031820] -> 0x8193
mem[X,0x80031822] -> 0x0031
[4269] [M]: 0x80031820 (0x00318193) addi gp, gp, 3
x3 <- 0x00000003


mem[X,0x80031824] -> 0x006F
mem[X,0x80031826] -> 0x0040
[4270] [M]: 0x80031824 (0x0040006F) jal zero, 4


mem[X,0x80031828] -> 0x2623
mem[X,0x8003182A] -> 0x6C31
[4271] [M]: 0x80031828 (0x6C312623) sw gp, 1740(sp)
mem[0x8004B830] <- 0x00000003


mem[X,0x8003182C] -> 0x6537
mem[X,0x8003182E] -> 0x6666
[4272] [M]: 0x8003182C (0x66666537) lui a0, 419430
x10 <- 0x66666000


mem[X,0x80031830] -> 0x0513
mem[X,0x80031832] -> 0x6655
[4273] [M]: 0x80031830 (0x66550513) addi a0, a0, 1637
x10 <- 0x66666665


mem[X,0x80031834] -> 0x65B7
mem[X,0x80031836] -> 0x6666
[4274] [M]: 0x80031834 (0x666665B7) lui a1, 419430
x11 <- 0x66666000


mem[X,0x80031838] -> 0x8593
mem[X,0x8003183A] -> 0x6665
[4275] [M]: 0x80031838 (0x66658593) addi a1, a1, 1638
x11 <- 0x66666666


mem[X,0x8003183C] -> 0x0193
mem[X,0x8003183E] -> 0x0000
[4276] [M]: 0x8003183C (0x00000193) addi gp, zero, 0
x3 <- 0x00000000


mem[X,0x80031840] -> 0x006F
mem[X,0x80031842] -> 0x2B10
[4277] [M]: 0x80031840 (0x2B10006F) jal zero, 2736


mem[X,0x800322F0] -> 0x7A63
mem[X,0x800322F2] -> 0xD4B5
[4278] [M]: 0x800322F0 (0xD4B57A63) bgeu a0, a1, 5460


mem[X,0x800322F4] -> 0x8193
mem[X,0x800322F6] -> 0x0021
[4279] [M]: 0x800322F4 (0x00218193) addi gp, gp, 2
x3 <- 0x00000002


mem[X,0x800322F8] -> 0x006F
mem[X,0x800322FA] -> 0x00C0
[4280] [M]: 0x800322F8 (0x00C0006F) jal zero, 12


mem[X,0x80032304] -> 0x2823
mem[X,0x80032306] -> 0x6C31
[4281] [M]: 0x80032304 (0x6C312823) sw gp, 1744(sp)
mem[0x8004B834] <- 0x00000002


mem[X,0x80032308] -> 0x6537
mem[X,0x8003230A] -> 0x6666
[4282] [M]: 0x80032308 (0x66666537) lui a0, 419430
x10 <- 0x66666000


mem[X,0x8003230C] -> 0x0513
mem[X,0x8003230E] -> 0x6655
[4283] [M]: 0x8003230C (0x66550513) addi a0, a0, 1637
x10 <- 0x66666665


mem[X,0x80032310] -> 0xB5B7
mem[X,0x80032312] -> 0x0000
[4284] [M]: 0x80032310 (0x0000B5B7) lui a1, 11
x11 <- 0x0000B000


mem[X,0x80032314] -> 0x8593
mem[X,0x80032316] -> 0x5045
[4285] [M]: 0x80032314 (0x50458593) addi a1, a1, 1284
x11 <- 0x0000B504


mem[X,0x80032318] -> 0x0193
mem[X,0x8003231A] -> 0x0000
[4286] [M]: 0x80032318 (0x00000193) addi gp, zero, 0
x3 <- 0x00000000


mem[X,0x8003231C] -> 0x006F
mem[X,0x8003231E] -> 0x00C0
[4287] [M]: 0x8003231C (0x00C0006F) jal zero, 12


mem[X,0x80032328] -> 0x7CE3
mem[X,0x8003232A] -> 0xFEB5
[4288] [M]: 0x80032328 (0xFEB57CE3) bgeu a0, a1, 8184


mem[X,0x80032320] -> 0x8193
mem[X,0x80032322] -> 0x0011
[4289] [M]: 0x80032320 (0x00118193) addi gp, gp, 1
x3 <- 0x00000001


mem[X,0x80032324] -> 0x006F
mem[X,0x80032326] -> 0x0180
[4290] [M]: 0x80032324 (0x0180006F) jal zero, 24


mem[X,0x8003233C] -> 0x2A23
mem[X,0x8003233E] -> 0x6C31
[4291] [M]: 0x8003233C (0x6C312A23) sw gp, 1748(sp)
mem[0x8004B838] <- 0x00000001


mem[X,0x80032340] -> 0x6537
mem[X,0x80032342] -> 0x6666
[4292] [M]: 0x80032340 (0x66666537) lui a0, 419430
x10 <- 0x66666000


mem[X,0x80032344] -> 0x0513
mem[X,0x80032346] -> 0x6655
[4293] [M]: 0x80032344 (0x66550513) addi a0, a0, 1637
x10 <- 0x66666665


mem[X,0x80032348] -> 0x0593
mem[X,0x8003234A] -> 0x0000
[4294] [M]: 0x80032348 (0x00000593) addi a1, zero, 0
x11 <- 0x00000000


mem[X,0x8003234C] -> 0x0193
mem[X,0x8003234E] -> 0x0000
[4295] [M]: 0x8003234C (0x00000193) addi gp, zero, 0
x3 <- 0x00000000


mem[X,0x80032350] -> 0x006F
mem[X,0x80032352] -> 0x0050
[4296] [M]: 0x80032350 (0x0050006F) jal zero, 2052


mem[X,0x80032B54] -> 0x70E3
mem[X,0x80032B56] -> 0x80B5
[4297] [M]: 0x80032B54 (0x80B570E3) bgeu a0, a1, 6144


mem[X,0x80032354] -> 0x8193
mem[X,0x80032356] -> 0x0011
[4298] [M]: 0x80032354 (0x00118193) addi gp, gp, 1
x3 <- 0x00000001


mem[X,0x80032358] -> 0x006F
mem[X,0x8003235A] -> 0x0110
[4299] [M]: 0x80032358 (0x0110006F) jal zero, 2064


clint::tick mtime <- 0x000000000000002B
 clint timer pending at mtime 0x000000000000002B
htif::tick 0x0000000000000000
mem[X,0x80032B68] -> 0x2C23
mem[X,0x80032B6A] -> 0x6C31
[4300] [M]: 0x80032B68 (0x6C312C23) sw gp, 1752(sp)
mem[0x8004B83C] <- 0x00000001


mem[X,0x80032B6C] -> 0x6537
mem[X,0x80032B6E] -> 0x6666
[4301] [M]: 0x80032B6C (0x66666537) lui a0, 419430
x10 <- 0x66666000


mem[X,0x80032B70] -> 0x0513
mem[X,0x80032B72] -> 0x6655
[4302] [M]: 0x80032B70 (0x66550513) addi a0, a0, 1637
x10 <- 0x66666665


mem[X,0x80032B74] -> 0x05B7
mem[X,0x80032B76] -> 0x0001
[4303] [M]: 0x80032B74 (0x000105B7) lui a1, 16
x11 <- 0x00010000


mem[X,0x80032B78] -> 0x8593
mem[X,0x80032B7A] -> 0xFFF5
[4304] [M]: 0x80032B78 (0xFFF58593) addi a1, a1, 4095
x11 <- 0x0000FFFF


mem[X,0x80032B7C] -> 0x0193
mem[X,0x80032B7E] -> 0x0000
[4305] [M]: 0x80032B7C (0x00000193) addi gp, zero, 0
x3 <- 0x00000000


mem[X,0x80032B80] -> 0x006F
mem[X,0x80032B82] -> 0x2B10
[4306] [M]: 0x80032B80 (0x2B10006F) jal zero, 2736


mem[X,0x80033630] -> 0x7A63
mem[X,0x80033632] -> 0xD4B5
[4307] [M]: 0x80033630 (0xD4B57A63) bgeu a0, a1, 5460


mem[X,0x80032B84] -> 0x8193
mem[X,0x80032B86] -> 0x0011
[4308] [M]: 0x80032B84 (0x00118193) addi gp, gp, 1
x3 <- 0x00000001


mem[X,0x80032B88] -> 0x006F
mem[X,0x80032B8A] -> 0x2BD0
[4309] [M]: 0x80032B88 (0x2BD0006F) jal zero, 2748


mem[X,0x80033644] -> 0x2E23
mem[X,0x80033646] -> 0x6C31
[4310] [M]: 0x80033644 (0x6C312E23) sw gp, 1756(sp)
mem[0x8004B840] <- 0x00000001


mem[X,0x80033648] -> 0x6537
mem[X,0x8003364A] -> 0x6666
[4311] [M]: 0x80033648 (0x66666537) lui a0, 419430
x10 <- 0x66666000


mem[X,0x8003364C] -> 0x0513
mem[X,0x8003364E] -> 0x6655
[4312] [M]: 0x8003364C (0x66550513) addi a0, a0, 1637
x10 <- 0x66666665


mem[X,0x80033650] -> 0x0593
mem[X,0x80033652] -> 0x0020
[4313] [M]: 0x80033650 (0x00200593) addi a1, zero, 2
x11 <- 0x00000002


mem[X,0x80033654] -> 0x0193
mem[X,0x80033656] -> 0x0000
[4314] [M]: 0x80033654 (0x00000193) addi gp, zero, 0
x3 <- 0x00000000


mem[X,0x80033658] -> 0x006F
mem[X,0x8003365A] -> 0x2B10
[4315] [M]: 0x80033658 (0x2B10006F) jal zero, 2736


mem[X,0x80034108] -> 0x7A63
mem[X,0x8003410A] -> 0xD4B5
[4316] [M]: 0x80034108 (0xD4B57A63) bgeu a0, a1, 5460


mem[X,0x8003365C] -> 0x8193
mem[X,0x8003365E] -> 0x0011
[4317] [M]: 0x8003365C (0x00118193) addi gp, gp, 1
x3 <- 0x00000001


mem[X,0x80033660] -> 0x006F
mem[X,0x80033662] -> 0x2BD0
[4318] [M]: 0x80033660 (0x2BD0006F) jal zero, 2748


mem[X,0x8003411C] -> 0x2023
mem[X,0x8003411E] -> 0x6E31
[4319] [M]: 0x8003411C (0x6E312023) sw gp, 1760(sp)
mem[0x8004B844] <- 0x00000001


mem[X,0x80034120] -> 0x6537
mem[X,0x80034122] -> 0x6666
[4320] [M]: 0x80034120 (0x66666537) lui a0, 419430
x10 <- 0x66666000


mem[X,0x80034124] -> 0x0513
mem[X,0x80034126] -> 0x6655
[4321] [M]: 0x80034124 (0x66550513) addi a0, a0, 1637
x10 <- 0x66666665


mem[X,0x80034128] -> 0x55B7
mem[X,0x8003412A] -> 0x5555
[4322] [M]: 0x80034128 (0x555555B7) lui a1, 349525
x11 <- 0x55555000


mem[X,0x8003412C] -> 0x8593
mem[X,0x8003412E] -> 0x5545
[4323] [M]: 0x8003412C (0x55458593) addi a1, a1, 1364
x11 <- 0x55555554


mem[X,0x80034130] -> 0x0193
mem[X,0x80034132] -> 0x0000
[4324] [M]: 0x80034130 (0x00000193) addi gp, zero, 0
x3 <- 0x00000000


mem[X,0x80034134] -> 0x006F
mem[X,0x80034136] -> 0x00C0
[4325] [M]: 0x80034134 (0x00C0006F) jal zero, 12


mem[X,0x80034140] -> 0x7CE3
mem[X,0x80034142] -> 0xFEB5
[4326] [M]: 0x80034140 (0xFEB57CE3) bgeu a0, a1, 8184


mem[X,0x80034138] -> 0x8193
mem[X,0x8003413A] -> 0x0011
[4327] [M]: 0x80034138 (0x00118193) addi gp, gp, 1
x3 <- 0x00000001


mem[X,0x8003413C] -> 0x006F
mem[X,0x8003413E] -> 0x0180
[4328] [M]: 0x8003413C (0x0180006F) jal zero, 24


mem[X,0x80034154] -> 0x2223
mem[X,0x80034156] -> 0x6E31
[4329] [M]: 0x80034154 (0x6E312223) sw gp, 1764(sp)
mem[0x8004B848] <- 0x00000001


mem[X,0x80034158] -> 0x6537
mem[X,0x8003415A] -> 0x6666
[4330] [M]: 0x80034158 (0x66666537) lui a0, 419430
x10 <- 0x66666000


mem[X,0x8003415C] -> 0x0513
mem[X,0x8003415E] -> 0x6655
[4331] [M]: 0x8003415C (0x66550513) addi a0, a0, 1637
x10 <- 0x66666665


mem[X,0x80034160] -> 0xB5B7
mem[X,0x80034162] -> 0xAAAA
[4332] [M]: 0x80034160 (0xAAAAB5B7) lui a1, 699051
x11 <- 0xAAAAB000


mem[X,0x80034164] -> 0x8593
mem[X,0x80034166] -> 0xAA95
[4333] [M]: 0x80034164 (0xAA958593) addi a1, a1, 2729
x11 <- 0xAAAAAAA9


mem[X,0x80034168] -> 0x0193
mem[X,0x8003416A] -> 0x0000
[4334] [M]: 0x80034168 (0x00000193) addi gp, zero, 0
x3 <- 0x00000000


mem[X,0x8003416C] -> 0x006F
mem[X,0x8003416E] -> 0x00C0
[4335] [M]: 0x8003416C (0x00C0006F) jal zero, 12


mem[X,0x80034178] -> 0x7CE3
mem[X,0x8003417A] -> 0xFEB5
[4336] [M]: 0x80034178 (0xFEB57CE3) bgeu a0, a1, 8184


mem[X,0x8003417C] -> 0x8193
mem[X,0x8003417E] -> 0x0021
[4337] [M]: 0x8003417C (0x00218193) addi gp, gp, 2
x3 <- 0x00000002


mem[X,0x80034180] -> 0x006F
mem[X,0x80034182] -> 0x00C0
[4338] [M]: 0x80034180 (0x00C0006F) jal zero, 12


mem[X,0x8003418C] -> 0x2423
mem[X,0x8003418E] -> 0x6E31
[4339] [M]: 0x8003418C (0x6E312423) sw gp, 1768(sp)
mem[0x8004B84C] <- 0x00000002


mem[X,0x80034190] -> 0x6537
mem[X,0x80034192] -> 0x6666
[4340] [M]: 0x80034190 (0x66666537) lui a0, 419430
x10 <- 0x66666000


mem[X,0x80034194] -> 0x0513
mem[X,0x80034196] -> 0x6655
[4341] [M]: 0x80034194 (0x66550513) addi a0, a0, 1637
x10 <- 0x66666665


mem[X,0x80034198] -> 0x0593
mem[X,0x8003419A] -> 0x0040
[4342] [M]: 0x80034198 (0x00400593) addi a1, zero, 4
x11 <- 0x00000004


mem[X,0x8003419C] -> 0x0193
mem[X,0x8003419E] -> 0x0000
[4343] [M]: 0x8003419C (0x00000193) addi gp, zero, 0
x3 <- 0x00000000


mem[X,0x800341A0] -> 0x006F
mem[X,0x800341A2] -> 0x00C0
[4344] [M]: 0x800341A0 (0x00C0006F) jal zero, 12


mem[X,0x800341AC] -> 0x7663
mem[X,0x800341AE] -> 0x00B5
[4345] [M]: 0x800341AC (0x00B57663) bgeu a0, a1, 12


mem[X,0x800341B8] -> 0x8193
mem[X,0x800341BA] -> 0x0031
[4346] [M]: 0x800341B8 (0x00318193) addi gp, gp, 3
x3 <- 0x00000003


mem[X,0x800341BC] -> 0x006F
mem[X,0x800341BE] -> 0x0040
[4347] [M]: 0x800341BC (0x0040006F) jal zero, 4


mem[X,0x800341C0] -> 0x2623
mem[X,0x800341C2] -> 0x6E31
[4348] [M]: 0x800341C0 (0x6E312623) sw gp, 1772(sp)
mem[0x8004B850] <- 0x00000003


mem[X,0x800341C4] -> 0x6537
mem[X,0x800341C6] -> 0x6666
[4349] [M]: 0x800341C4 (0x66666537) lui a0, 419430
x10 <- 0x66666000


mem[X,0x800341C8] -> 0x0513
mem[X,0x800341CA] -> 0x6655
[4350] [M]: 0x800341C8 (0x66550513) addi a0, a0, 1637
x10 <- 0x66666665


mem[X,0x800341CC] -> 0x35B7
mem[X,0x800341CE] -> 0x3333
[4351] [M]: 0x800341CC (0x333335B7) lui a1, 209715
x11 <- 0x33333000


mem[X,0x800341D0] -> 0x8593
mem[X,0x800341D2] -> 0x3325
[4352] [M]: 0x800341D0 (0x33258593) addi a1, a1, 818
x11 <- 0x33333332


mem[X,0x800341D4] -> 0x0193
mem[X,0x800341D6] -> 0x0000
[4353] [M]: 0x800341D4 (0x00000193) addi gp, zero, 0
x3 <- 0x00000000


mem[X,0x800341D8] -> 0x006F
mem[X,0x800341DA] -> 0x00C0
[4354] [M]: 0x800341D8 (0x00C0006F) jal zero, 12


mem[X,0x800341E4] -> 0x7063
mem[X,0x800341E6] -> 0x20B5
[4355] [M]: 0x800341E4 (0x20B57063) bgeu a0, a1, 512


mem[X,0x800343E4] -> 0x8193
mem[X,0x800343E6] -> 0x0031
[4356] [M]: 0x800343E4 (0x00318193) addi gp, gp, 3
x3 <- 0x00000003


mem[X,0x800343E8] -> 0x006F
mem[X,0x800343EA] -> 0x0040
[4357] [M]: 0x800343E8 (0x0040006F) jal zero, 4


mem[X,0x800343EC] -> 0x2823
mem[X,0x800343EE] -> 0x6E31
[4358] [M]: 0x800343EC (0x6E312823) sw gp, 1776(sp)
mem[0x8004B854] <- 0x00000003


mem[X,0x800343F0] -> 0x6537
mem[X,0x800343F2] -> 0x6666
[4359] [M]: 0x800343F0 (0x66666537) lui a0, 419430
x10 <- 0x66666000


mem[X,0x800343F4] -> 0x0513
mem[X,0x800343F6] -> 0x6655
[4360] [M]: 0x800343F4 (0x66550513) addi a0, a0, 1637
x10 <- 0x66666665


mem[X,0x800343F8] -> 0x65B7
mem[X,0x800343FA] -> 0x6666
[4361] [M]: 0x800343F8 (0x666665B7) lui a1, 419430
x11 <- 0x66666000


mem[X,0x800343FC] -> 0x8593
mem[X,0x800343FE] -> 0x6655
[4362] [M]: 0x800343FC (0x66558593) addi a1, a1, 1637
x11 <- 0x66666665


mem[X,0x80034400] -> 0x0193
mem[X,0x80034402] -> 0x0000
[4363] [M]: 0x80034400 (0x00000193) addi gp, zero, 0
x3 <- 0x00000000


mem[X,0x80034404] -> 0x006F
mem[X,0x80034406] -> 0x00C0
[4364] [M]: 0x80034404 (0x00C0006F) jal zero, 12


mem[X,0x80034410] -> 0x7663
mem[X,0x80034412] -> 0x00B5
[4365] [M]: 0x80034410 (0x00B57663) bgeu a0, a1, 12


mem[X,0x8003441C] -> 0x8193
mem[X,0x8003441E] -> 0x0031
[4366] [M]: 0x8003441C (0x00318193) addi gp, gp, 3
x3 <- 0x00000003


mem[X,0x80034420] -> 0x006F
mem[X,0x80034422] -> 0x0040
[4367] [M]: 0x80034420 (0x0040006F) jal zero, 4


mem[X,0x80034424] -> 0x2A23
mem[X,0x80034426] -> 0x6E31
[4368] [M]: 0x80034424 (0x6E312A23) sw gp, 1780(sp)
mem[0x8004B858] <- 0x00000003


mem[X,0x80034428] -> 0x6537
mem[X,0x8003442A] -> 0x6666
[4369] [M]: 0x80034428 (0x66666537) lui a0, 419430
x10 <- 0x66666000


mem[X,0x8003442C] -> 0x0513
mem[X,0x8003442E] -> 0x6655
[4370] [M]: 0x8003442C (0x66550513) addi a0, a0, 1637
x10 <- 0x66666665


mem[X,0x80034430] -> 0xB5B7
mem[X,0x80034432] -> 0x0000
[4371] [M]: 0x80034430 (0x0000B5B7) lui a1, 11
x11 <- 0x0000B000


mem[X,0x80034434] -> 0x8593
mem[X,0x80034436] -> 0x5035
[4372] [M]: 0x80034434 (0x50358593) addi a1, a1, 1283
x11 <- 0x0000B503


mem[X,0x80034438] -> 0x0193
mem[X,0x8003443A] -> 0x0000
[4373] [M]: 0x80034438 (0x00000193) addi gp, zero, 0
x3 <- 0x00000000


mem[X,0x8003443C] -> 0x006F
mem[X,0x8003443E] -> 0x00C0
[4374] [M]: 0x8003443C (0x00C0006F) jal zero, 12


mem[X,0x80034448] -> 0x7663
mem[X,0x8003444A] -> 0x00B5
[4375] [M]: 0x80034448 (0x00B57663) bgeu a0, a1, 12


mem[X,0x80034454] -> 0x8193
mem[X,0x80034456] -> 0x0031
[4376] [M]: 0x80034454 (0x00318193) addi gp, gp, 3
x3 <- 0x00000003


mem[X,0x80034458] -> 0x006F
mem[X,0x8003445A] -> 0x0040
[4377] [M]: 0x80034458 (0x0040006F) jal zero, 4


mem[X,0x8003445C] -> 0x2C23
mem[X,0x8003445E] -> 0x6E31
[4378] [M]: 0x8003445C (0x6E312C23) sw gp, 1784(sp)
mem[0x8004B85C] <- 0x00000003


mem[X,0x80034460] -> 0x6537
mem[X,0x80034462] -> 0x6666
[4379] [M]: 0x80034460 (0x66666537) lui a0, 419430
x10 <- 0x66666000


mem[X,0x80034464] -> 0x0513
mem[X,0x80034466] -> 0x6655
[4380] [M]: 0x80034464 (0x66550513) addi a0, a0, 1637
x10 <- 0x66666665


mem[X,0x80034468] -> 0x05B7
mem[X,0x8003446A] -> 0x0001
[4381] [M]: 0x80034468 (0x000105B7) lui a1, 16
x11 <- 0x00010000


mem[X,0x8003446C] -> 0x8593
mem[X,0x8003446E] -> 0xFFE5
[4382] [M]: 0x8003446C (0xFFE58593) addi a1, a1, 4094
x11 <- 0x0000FFFE


mem[X,0x80034470] -> 0x0193
mem[X,0x80034472] -> 0x0000
[4383] [M]: 0x80034470 (0x00000193) addi gp, zero, 0
x3 <- 0x00000000


mem[X,0x80034474] -> 0x006F
mem[X,0x80034476] -> 0x00C0
[4384] [M]: 0x80034474 (0x00C0006F) jal zero, 12


mem[X,0x80034480] -> 0x7063
mem[X,0x80034482] -> 0x40B5
[4385] [M]: 0x80034480 (0x40B57063) bgeu a0, a1, 1024


mem[X,0x80034880] -> 0x8193
mem[X,0x80034882] -> 0x0031
[4386] [M]: 0x80034880 (0x00318193) addi gp, gp, 3
x3 <- 0x00000003


mem[X,0x80034884] -> 0x006F
mem[X,0x80034886] -> 0x0040
[4387] [M]: 0x80034884 (0x0040006F) jal zero, 4


mem[X,0x80034888] -> 0x2E23
mem[X,0x8003488A] -> 0x6E31
[4388] [M]: 0x80034888 (0x6E312E23) sw gp, 1788(sp)
mem[0x8004B860] <- 0x00000003


mem[X,0x8003488C] -> 0x6537
mem[X,0x8003488E] -> 0x6666
[4389] [M]: 0x8003488C (0x66666537) lui a0, 419430
x10 <- 0x66666000


mem[X,0x80034890] -> 0x0513
mem[X,0x80034892] -> 0x6655
[4390] [M]: 0x80034890 (0x66550513) addi a0, a0, 1637
x10 <- 0x66666665


mem[X,0x80034894] -> 0x55B7
mem[X,0x80034896] -> 0x5555
[4391] [M]: 0x80034894 (0x555555B7) lui a1, 349525
x11 <- 0x55555000


mem[X,0x80034898] -> 0x8593
mem[X,0x8003489A] -> 0x5565
[4392] [M]: 0x80034898 (0x55658593) addi a1, a1, 1366
x11 <- 0x55555556


mem[X,0x8003489C] -> 0x0193
mem[X,0x8003489E] -> 0x0000
[4393] [M]: 0x8003489C (0x00000193) addi gp, zero, 0
x3 <- 0x00000000


mem[X,0x800348A0] -> 0x006F
mem[X,0x800348A2] -> 0x0050
[4394] [M]: 0x800348A0 (0x0050006F) jal zero, 2052


mem[X,0x800350A4] -> 0x70E3
mem[X,0x800350A6] -> 0x80B5
[4395] [M]: 0x800350A4 (0x80B570E3) bgeu a0, a1, 6144


mem[X,0x800348A4] -> 0x8193
mem[X,0x800348A6] -> 0x0011
[4396] [M]: 0x800348A4 (0x00118193) addi gp, gp, 1
x3 <- 0x00000001


mem[X,0x800348A8] -> 0x006F
mem[X,0x800348AA] -> 0x0110
[4397] [M]: 0x800348A8 (0x0110006F) jal zero, 2064


mem[X,0x800350B8] -> 0x2023
mem[X,0x800350BA] -> 0x7031
[4398] [M]: 0x800350B8 (0x70312023) sw gp, 1792(sp)
mem[0x8004B864] <- 0x00000001


mem[X,0x800350BC] -> 0x6537
mem[X,0x800350BE] -> 0x6666
[4399] [M]: 0x800350BC (0x66666537) lui a0, 419430
x10 <- 0x66666000


clint::tick mtime <- 0x000000000000002C
 clint timer pending at mtime 0x000000000000002C
htif::tick 0x0000000000000000
mem[X,0x800350C0] -> 0x0513
mem[X,0x800350C2] -> 0x6655
[4400] [M]: 0x800350C0 (0x66550513) addi a0, a0, 1637
x10 <- 0x66666665


mem[X,0x800350C4] -> 0x0593
mem[X,0x800350C6] -> 0x0010
[4401] [M]: 0x800350C4 (0x00100593) addi a1, zero, 1
x11 <- 0x00000001


mem[X,0x800350C8] -> 0x0193
mem[X,0x800350CA] -> 0x0000
[4402] [M]: 0x800350C8 (0x00000193) addi gp, zero, 0
x3 <- 0x00000000


mem[X,0x800350CC] -> 0x006F
mem[X,0x800350CE] -> 0x00C0
[4403] [M]: 0x800350CC (0x00C0006F) jal zero, 12


mem[X,0x800350D8] -> 0x7663
mem[X,0x800350DA] -> 0x00B5
[4404] [M]: 0x800350D8 (0x00B57663) bgeu a0, a1, 12


mem[X,0x800350E4] -> 0x8193
mem[X,0x800350E6] -> 0x0031
[4405] [M]: 0x800350E4 (0x00318193) addi gp, gp, 3
x3 <- 0x00000003


mem[X,0x800350E8] -> 0x006F
mem[X,0x800350EA] -> 0x0040
[4406] [M]: 0x800350E8 (0x0040006F) jal zero, 4


mem[X,0x800350EC] -> 0x2223
mem[X,0x800350EE] -> 0x7031
[4407] [M]: 0x800350EC (0x70312223) sw gp, 1796(sp)
mem[0x8004B868] <- 0x00000003


mem[X,0x800350F0] -> 0x6537
mem[X,0x800350F2] -> 0x6666
[4408] [M]: 0x800350F0 (0x66666537) lui a0, 419430
x10 <- 0x66666000


mem[X,0x800350F4] -> 0x0513
mem[X,0x800350F6] -> 0x6655
[4409] [M]: 0x800350F4 (0x66550513) addi a0, a0, 1637
x10 <- 0x66666665


mem[X,0x800350F8] -> 0x05B7
mem[X,0x800350FA] -> 0x0001
[4410] [M]: 0x800350F8 (0x000105B7) lui a1, 16
x11 <- 0x00010000


mem[X,0x800350FC] -> 0x0193
mem[X,0x800350FE] -> 0x0000
[4411] [M]: 0x800350FC (0x00000193) addi gp, zero, 0
x3 <- 0x00000000


mem[X,0x80035100] -> 0x006F
mem[X,0x80035102] -> 0x00C0
[4412] [M]: 0x80035100 (0x00C0006F) jal zero, 12


mem[X,0x8003510C] -> 0x7663
mem[X,0x8003510E] -> 0x00B5
[4413] [M]: 0x8003510C (0x00B57663) bgeu a0, a1, 12


mem[X,0x80035118] -> 0x8193
mem[X,0x8003511A] -> 0x0031
[4414] [M]: 0x80035118 (0x00318193) addi gp, gp, 3
x3 <- 0x00000003


mem[X,0x8003511C] -> 0x006F
mem[X,0x8003511E] -> 0x0040
[4415] [M]: 0x8003511C (0x0040006F) jal zero, 4


mem[X,0x80035120] -> 0x2423
mem[X,0x80035122] -> 0x7031
[4416] [M]: 0x80035120 (0x70312423) sw gp, 1800(sp)
mem[0x8004B86C] <- 0x00000003


mem[X,0x80035124] -> 0xB537
mem[X,0x80035126] -> 0x0000
[4417] [M]: 0x80035124 (0x0000B537) lui a0, 11
x10 <- 0x0000B000


mem[X,0x80035128] -> 0x0513
mem[X,0x8003512A] -> 0x5035
[4418] [M]: 0x80035128 (0x50350513) addi a0, a0, 1283
x10 <- 0x0000B503


mem[X,0x8003512C] -> 0x0593
mem[X,0x8003512E] -> 0x0030
[4419] [M]: 0x8003512C (0x00300593) addi a1, zero, 3
x11 <- 0x00000003


mem[X,0x80035130] -> 0x0193
mem[X,0x80035132] -> 0x0000
[4420] [M]: 0x80035130 (0x00000193) addi gp, zero, 0
x3 <- 0x00000000


mem[X,0x80035134] -> 0x006F
mem[X,0x80035136] -> 0x00C0
[4421] [M]: 0x80035134 (0x00C0006F) jal zero, 12


mem[X,0x80035140] -> 0x7063
mem[X,0x80035142] -> 0x20B5
[4422] [M]: 0x80035140 (0x20B57063) bgeu a0, a1, 512


mem[X,0x80035340] -> 0x8193
mem[X,0x80035342] -> 0x0031
[4423] [M]: 0x80035340 (0x00318193) addi gp, gp, 3
x3 <- 0x00000003


mem[X,0x80035344] -> 0x006F
mem[X,0x80035346] -> 0x0040
[4424] [M]: 0x80035344 (0x0040006F) jal zero, 4


mem[X,0x80035348] -> 0x2623
mem[X,0x8003534A] -> 0x7031
[4425] [M]: 0x80035348 (0x70312623) sw gp, 1804(sp)
mem[0x8004B870] <- 0x00000003


mem[X,0x8003534C] -> 0xB537
mem[X,0x8003534E] -> 0x0000
[4426] [M]: 0x8003534C (0x0000B537) lui a0, 11
x10 <- 0x0000B000


mem[X,0x80035350] -> 0x0513
mem[X,0x80035352] -> 0x5035
[4427] [M]: 0x80035350 (0x50350513) addi a0, a0, 1283
x10 <- 0x0000B503


mem[X,0x80035354] -> 0x55B7
mem[X,0x80035356] -> 0x5555
[4428] [M]: 0x80035354 (0x555555B7) lui a1, 349525
x11 <- 0x55555000


mem[X,0x80035358] -> 0x8593
mem[X,0x8003535A] -> 0x5555
[4429] [M]: 0x80035358 (0x55558593) addi a1, a1, 1365
x11 <- 0x55555555


mem[X,0x8003535C] -> 0x0193
mem[X,0x8003535E] -> 0x0000
[4430] [M]: 0x8003535C (0x00000193) addi gp, zero, 0
x3 <- 0x00000000


mem[X,0x80035360] -> 0x006F
mem[X,0x80035362] -> 0x00C0
[4431] [M]: 0x80035360 (0x00C0006F) jal zero, 12


mem[X,0x8003536C] -> 0x7063
mem[X,0x8003536E] -> 0x08B5
[4432] [M]: 0x8003536C (0x08B57063) bgeu a0, a1, 128


mem[X,0x80035370] -> 0x8193
mem[X,0x80035372] -> 0x0021
[4433] [M]: 0x80035370 (0x00218193) addi gp, gp, 2
x3 <- 0x00000002


mem[X,0x80035374] -> 0x006F
mem[X,0x80035376] -> 0x0800
[4434] [M]: 0x80035374 (0x0800006F) jal zero, 128


mem[X,0x800353F4] -> 0x2823
mem[X,0x800353F6] -> 0x7031
[4435] [M]: 0x800353F4 (0x70312823) sw gp, 1808(sp)
mem[0x8004B874] <- 0x00000002


mem[X,0x800353F8] -> 0xB537
mem[X,0x800353FA] -> 0x0000
[4436] [M]: 0x800353F8 (0x0000B537) lui a0, 11
x10 <- 0x0000B000


mem[X,0x800353FC] -> 0x0513
mem[X,0x800353FE] -> 0x5035
[4437] [M]: 0x800353FC (0x50350513) addi a0, a0, 1283
x10 <- 0x0000B503


mem[X,0x80035400] -> 0xB5B7
mem[X,0x80035402] -> 0xAAAA
[4438] [M]: 0x80035400 (0xAAAAB5B7) lui a1, 699051
x11 <- 0xAAAAB000


mem[X,0x80035404] -> 0x8593
mem[X,0x80035406] -> 0xAAA5
[4439] [M]: 0x80035404 (0xAAA58593) addi a1, a1, 2730
x11 <- 0xAAAAAAAA


mem[X,0x80035408] -> 0x0193
mem[X,0x8003540A] -> 0x0000
[4440] [M]: 0x80035408 (0x00000193) addi gp, zero, 0
x3 <- 0x00000000


mem[X,0x8003540C] -> 0x006F
mem[X,0x8003540E] -> 0x00C0
[4441] [M]: 0x8003540C (0x00C0006F) jal zero, 12


mem[X,0x80035418] -> 0x7863
mem[X,0x8003541A] -> 0x00B5
[4442] [M]: 0x80035418 (0x00B57863) bgeu a0, a1, 16


mem[X,0x8003541C] -> 0x8193
mem[X,0x8003541E] -> 0x0021
[4443] [M]: 0x8003541C (0x00218193) addi gp, gp, 2
x3 <- 0x00000002


mem[X,0x80035420] -> 0x006F
mem[X,0x80035422] -> 0x0100
[4444] [M]: 0x80035420 (0x0100006F) jal zero, 16


mem[X,0x80035430] -> 0x2A23
mem[X,0x80035432] -> 0x7031
[4445] [M]: 0x80035430 (0x70312A23) sw gp, 1812(sp)
mem[0x8004B878] <- 0x00000002


mem[X,0x80035434] -> 0xB537
mem[X,0x80035436] -> 0x0000
[4446] [M]: 0x80035434 (0x0000B537) lui a0, 11
x10 <- 0x0000B000


mem[X,0x80035438] -> 0x0513
mem[X,0x8003543A] -> 0x5035
[4447] [M]: 0x80035438 (0x50350513) addi a0, a0, 1283
x10 <- 0x0000B503


mem[X,0x8003543C] -> 0x0593
mem[X,0x8003543E] -> 0x0050
[4448] [M]: 0x8003543C (0x00500593) addi a1, zero, 5
x11 <- 0x00000005


mem[X,0x80035440] -> 0x0193
mem[X,0x80035442] -> 0x0000
[4449] [M]: 0x80035440 (0x00000193) addi gp, zero, 0
x3 <- 0x00000000


mem[X,0x80035444] -> 0x006F
mem[X,0x80035446] -> 0x00C0
[4450] [M]: 0x80035444 (0x00C0006F) jal zero, 12


mem[X,0x80035450] -> 0x7663
mem[X,0x80035452] -> 0x00B5
[4451] [M]: 0x80035450 (0x00B57663) bgeu a0, a1, 12


mem[X,0x8003545C] -> 0x8193
mem[X,0x8003545E] -> 0x0031
[4452] [M]: 0x8003545C (0x00318193) addi gp, gp, 3
x3 <- 0x00000003


mem[X,0x80035460] -> 0x006F
mem[X,0x80035462] -> 0x0040
[4453] [M]: 0x80035460 (0x0040006F) jal zero, 4


mem[X,0x80035464] -> 0x2C23
mem[X,0x80035466] -> 0x7031
[4454] [M]: 0x80035464 (0x70312C23) sw gp, 1816(sp)
mem[0x8004B87C] <- 0x00000003


mem[X,0x80035468] -> 0xB537
mem[X,0x8003546A] -> 0x0000
[4455] [M]: 0x80035468 (0x0000B537) lui a0, 11
x10 <- 0x0000B000


mem[X,0x8003546C] -> 0x0513
mem[X,0x8003546E] -> 0x5035
[4456] [M]: 0x8003546C (0x50350513) addi a0, a0, 1283
x10 <- 0x0000B503


mem[X,0x80035470] -> 0x35B7
mem[X,0x80035472] -> 0x3333
[4457] [M]: 0x80035470 (0x333335B7) lui a1, 209715
x11 <- 0x33333000


mem[X,0x80035474] -> 0x8593
mem[X,0x80035476] -> 0x3335
[4458] [M]: 0x80035474 (0x33358593) addi a1, a1, 819
x11 <- 0x33333333


mem[X,0x80035478] -> 0x0193
mem[X,0x8003547A] -> 0x0000
[4459] [M]: 0x80035478 (0x00000193) addi gp, zero, 0
x3 <- 0x00000000


mem[X,0x8003547C] -> 0x006F
mem[X,0x8003547E] -> 0x2B10
[4460] [M]: 0x8003547C (0x2B10006F) jal zero, 2736


mem[X,0x80035F2C] -> 0x7A63
mem[X,0x80035F2E] -> 0xD4B5
[4461] [M]: 0x80035F2C (0xD4B57A63) bgeu a0, a1, 5460


mem[X,0x80035F30] -> 0x8193
mem[X,0x80035F32] -> 0x0021
[4462] [M]: 0x80035F30 (0x00218193) addi gp, gp, 2
x3 <- 0x00000002


mem[X,0x80035F34] -> 0x006F
mem[X,0x80035F36] -> 0x00C0
[4463] [M]: 0x80035F34 (0x00C0006F) jal zero, 12


mem[X,0x80035F40] -> 0x2E23
mem[X,0x80035F42] -> 0x7031
[4464] [M]: 0x80035F40 (0x70312E23) sw gp, 1820(sp)
mem[0x8004B880] <- 0x00000002


mem[X,0x80035F44] -> 0xB537
mem[X,0x80035F46] -> 0x0000
[4465] [M]: 0x80035F44 (0x0000B537) lui a0, 11
x10 <- 0x0000B000


mem[X,0x80035F48] -> 0x0513
mem[X,0x80035F4A] -> 0x5035
[4466] [M]: 0x80035F48 (0x50350513) addi a0, a0, 1283
x10 <- 0x0000B503


mem[X,0x80035F4C] -> 0x65B7
mem[X,0x80035F4E] -> 0x6666
[4467] [M]: 0x80035F4C (0x666665B7) lui a1, 419430
x11 <- 0x66666000


mem[X,0x80035F50] -> 0x8593
mem[X,0x80035F52] -> 0x6665
[4468] [M]: 0x80035F50 (0x66658593) addi a1, a1, 1638
x11 <- 0x66666666


mem[X,0x80035F54] -> 0x0193
mem[X,0x80035F56] -> 0x0000
[4469] [M]: 0x80035F54 (0x00000193) addi gp, zero, 0
x3 <- 0x00000000


mem[X,0x80035F58] -> 0x006F
mem[X,0x80035F5A] -> 0x00C0
[4470] [M]: 0x80035F58 (0x00C0006F) jal zero, 12


mem[X,0x80035F64] -> 0x7063
mem[X,0x80035F66] -> 0x20B5
[4471] [M]: 0x80035F64 (0x20B57063) bgeu a0, a1, 512


mem[X,0x80035F68] -> 0x8193
mem[X,0x80035F6A] -> 0x0021
[4472] [M]: 0x80035F68 (0x00218193) addi gp, gp, 2
x3 <- 0x00000002


mem[X,0x80035F6C] -> 0x006F
mem[X,0x80035F6E] -> 0x2000
[4473] [M]: 0x80035F6C (0x2000006F) jal zero, 512


mem[X,0x8003616C] -> 0x2023
mem[X,0x8003616E] -> 0x7231
[4474] [M]: 0x8003616C (0x72312023) sw gp, 1824(sp)
mem[0x8004B884] <- 0x00000002


mem[X,0x80036170] -> 0xB537
mem[X,0x80036172] -> 0x0000
[4475] [M]: 0x80036170 (0x0000B537) lui a0, 11
x10 <- 0x0000B000


mem[X,0x80036174] -> 0x0513
mem[X,0x80036176] -> 0x5035
[4476] [M]: 0x80036174 (0x50350513) addi a0, a0, 1283
x10 <- 0x0000B503


mem[X,0x80036178] -> 0xB5B7
mem[X,0x8003617A] -> 0x0000
[4477] [M]: 0x80036178 (0x0000B5B7) lui a1, 11
x11 <- 0x0000B000


mem[X,0x8003617C] -> 0x8593
mem[X,0x8003617E] -> 0x5045
[4478] [M]: 0x8003617C (0x50458593) addi a1, a1, 1284
x11 <- 0x0000B504


mem[X,0x80036180] -> 0x0193
mem[X,0x80036182] -> 0x0000
[4479] [M]: 0x80036180 (0x00000193) addi gp, zero, 0
x3 <- 0x00000000


mem[X,0x80036184] -> 0x006F
mem[X,0x80036186] -> 0x00C0
[4480] [M]: 0x80036184 (0x00C0006F) jal zero, 12


mem[X,0x80036190] -> 0x7663
mem[X,0x80036192] -> 0x00B5
[4481] [M]: 0x80036190 (0x00B57663) bgeu a0, a1, 12


mem[X,0x80036194] -> 0x8193
mem[X,0x80036196] -> 0x0021
[4482] [M]: 0x80036194 (0x00218193) addi gp, gp, 2
x3 <- 0x00000002


mem[X,0x80036198] -> 0x006F
mem[X,0x8003619A] -> 0x00C0
[4483] [M]: 0x80036198 (0x00C0006F) jal zero, 12


mem[X,0x800361A4] -> 0x2223
mem[X,0x800361A6] -> 0x7231
[4484] [M]: 0x800361A4 (0x72312223) sw gp, 1828(sp)
mem[0x8004B888] <- 0x00000002


mem[X,0x800361A8] -> 0xB537
mem[X,0x800361AA] -> 0x0000
[4485] [M]: 0x800361A8 (0x0000B537) lui a0, 11
x10 <- 0x0000B000


mem[X,0x800361AC] -> 0x0513
mem[X,0x800361AE] -> 0x5035
[4486] [M]: 0x800361AC (0x50350513) addi a0, a0, 1283
x10 <- 0x0000B503


mem[X,0x800361B0] -> 0x0593
mem[X,0x800361B2] -> 0x0000
[4487] [M]: 0x800361B0 (0x00000593) addi a1, zero, 0
x11 <- 0x00000000


mem[X,0x800361B4] -> 0x0193
mem[X,0x800361B6] -> 0x0000
[4488] [M]: 0x800361B4 (0x00000193) addi gp, zero, 0
x3 <- 0x00000000


mem[X,0x800361B8] -> 0x006F
mem[X,0x800361BA] -> 0x00C0
[4489] [M]: 0x800361B8 (0x00C0006F) jal zero, 12


mem[X,0x800361C4] -> 0x7CE3
mem[X,0x800361C6] -> 0xFEB5
[4490] [M]: 0x800361C4 (0xFEB57CE3) bgeu a0, a1, 8184


mem[X,0x800361BC] -> 0x8193
mem[X,0x800361BE] -> 0x0011
[4491] [M]: 0x800361BC (0x00118193) addi gp, gp, 1
x3 <- 0x00000001


mem[X,0x800361C0] -> 0x006F
mem[X,0x800361C2] -> 0x0180
[4492] [M]: 0x800361C0 (0x0180006F) jal zero, 24


mem[X,0x800361D8] -> 0x2423
mem[X,0x800361DA] -> 0x7231
[4493] [M]: 0x800361D8 (0x72312423) sw gp, 1832(sp)
mem[0x8004B88C] <- 0x00000001


mem[X,0x800361DC] -> 0xB537
mem[X,0x800361DE] -> 0x0000
[4494] [M]: 0x800361DC (0x0000B537) lui a0, 11
x10 <- 0x0000B000


mem[X,0x800361E0] -> 0x0513
mem[X,0x800361E2] -> 0x5035
[4495] [M]: 0x800361E0 (0x50350513) addi a0, a0, 1283
x10 <- 0x0000B503


mem[X,0x800361E4] -> 0x05B7
mem[X,0x800361E6] -> 0x0001
[4496] [M]: 0x800361E4 (0x000105B7) lui a1, 16
x11 <- 0x00010000


mem[X,0x800361E8] -> 0x8593
mem[X,0x800361EA] -> 0xFFF5
[4497] [M]: 0x800361E8 (0xFFF58593) addi a1, a1, 4095
x11 <- 0x0000FFFF


mem[X,0x800361EC] -> 0x0193
mem[X,0x800361EE] -> 0x0000
[4498] [M]: 0x800361EC (0x00000193) addi gp, zero, 0
x3 <- 0x00000000


mem[X,0x800361F0] -> 0x006F
mem[X,0x800361F2] -> 0x00C0
[4499] [M]: 0x800361F0 (0x00C0006F) jal zero, 12


clint::tick mtime <- 0x000000000000002D
 clint timer pending at mtime 0x000000000000002D
htif::tick 0x0000000000000000
mem[X,0x800361FC] -> 0x7063
mem[X,0x800361FE] -> 0x08B5
[4500] [M]: 0x800361FC (0x08B57063) bgeu a0, a1, 128


mem[X,0x80036200] -> 0x8193
mem[X,0x80036202] -> 0x0021
[4501] [M]: 0x80036200 (0x00218193) addi gp, gp, 2
x3 <- 0x00000002


mem[X,0x80036204] -> 0x006F
mem[X,0x80036206] -> 0x0800
[4502] [M]: 0x80036204 (0x0800006F) jal zero, 128


mem[X,0x80036284] -> 0x2623
mem[X,0x80036286] -> 0x7231
[4503] [M]: 0x80036284 (0x72312623) sw gp, 1836(sp)
mem[0x8004B890] <- 0x00000002


mem[X,0x80036288] -> 0xB537
mem[X,0x8003628A] -> 0x0000
[4504] [M]: 0x80036288 (0x0000B537) lui a0, 11
x10 <- 0x0000B000


mem[X,0x8003628C] -> 0x0513
mem[X,0x8003628E] -> 0x5035
[4505] [M]: 0x8003628C (0x50350513) addi a0, a0, 1283
x10 <- 0x0000B503


mem[X,0x80036290] -> 0x0593
mem[X,0x80036292] -> 0x0020
[4506] [M]: 0x80036290 (0x00200593) addi a1, zero, 2
x11 <- 0x00000002


mem[X,0x80036294] -> 0x0193
mem[X,0x80036296] -> 0x0000
[4507] [M]: 0x80036294 (0x00000193) addi gp, zero, 0
x3 <- 0x00000000


mem[X,0x80036298] -> 0x006F
mem[X,0x8003629A] -> 0x00C0
[4508] [M]: 0x80036298 (0x00C0006F) jal zero, 12


mem[X,0x800362A4] -> 0x7663
mem[X,0x800362A6] -> 0x00B5
[4509] [M]: 0x800362A4 (0x00B57663) bgeu a0, a1, 12


mem[X,0x800362B0] -> 0x8193
mem[X,0x800362B2] -> 0x0031
[4510] [M]: 0x800362B0 (0x00318193) addi gp, gp, 3
x3 <- 0x00000003


mem[X,0x800362B4] -> 0x006F
mem[X,0x800362B6] -> 0x0040
[4511] [M]: 0x800362B4 (0x0040006F) jal zero, 4


mem[X,0x800362B8] -> 0x2823
mem[X,0x800362BA] -> 0x7231
[4512] [M]: 0x800362B8 (0x72312823) sw gp, 1840(sp)
mem[0x8004B894] <- 0x00000003


mem[X,0x800362BC] -> 0xB537
mem[X,0x800362BE] -> 0x0000
[4513] [M]: 0x800362BC (0x0000B537) lui a0, 11
x10 <- 0x0000B000


mem[X,0x800362C0] -> 0x0513
mem[X,0x800362C2] -> 0x5035
[4514] [M]: 0x800362C0 (0x50350513) addi a0, a0, 1283
x10 <- 0x0000B503


mem[X,0x800362C4] -> 0x55B7
mem[X,0x800362C6] -> 0x5555
[4515] [M]: 0x800362C4 (0x555555B7) lui a1, 349525
x11 <- 0x55555000


mem[X,0x800362C8] -> 0x8593
mem[X,0x800362CA] -> 0x5545
[4516] [M]: 0x800362C8 (0x55458593) addi a1, a1, 1364
x11 <- 0x55555554


mem[X,0x800362CC] -> 0x0193
mem[X,0x800362CE] -> 0x0000
[4517] [M]: 0x800362CC (0x00000193) addi gp, zero, 0
x3 <- 0x00000000


mem[X,0x800362D0] -> 0x006F
mem[X,0x800362D2] -> 0x00C0
[4518] [M]: 0x800362D0 (0x00C0006F) jal zero, 12


mem[X,0x800362DC] -> 0x7063
mem[X,0x800362DE] -> 0x10B5
[4519] [M]: 0x800362DC (0x10B57063) bgeu a0, a1, 256


mem[X,0x800362E0] -> 0x8193
mem[X,0x800362E2] -> 0x0021
[4520] [M]: 0x800362E0 (0x00218193) addi gp, gp, 2
x3 <- 0x00000002


mem[X,0x800362E4] -> 0x006F
mem[X,0x800362E6] -> 0x1000
[4521] [M]: 0x800362E4 (0x1000006F) jal zero, 256


mem[X,0x800363E4] -> 0x2A23
mem[X,0x800363E6] -> 0x7231
[4522] [M]: 0x800363E4 (0x72312A23) sw gp, 1844(sp)
mem[0x8004B898] <- 0x00000002


mem[X,0x800363E8] -> 0xB537
mem[X,0x800363EA] -> 0x0000
[4523] [M]: 0x800363E8 (0x0000B537) lui a0, 11
x10 <- 0x0000B000


mem[X,0x800363EC] -> 0x0513
mem[X,0x800363EE] -> 0x5035
[4524] [M]: 0x800363EC (0x50350513) addi a0, a0, 1283
x10 <- 0x0000B503


mem[X,0x800363F0] -> 0xB5B7
mem[X,0x800363F2] -> 0xAAAA
[4525] [M]: 0x800363F0 (0xAAAAB5B7) lui a1, 699051
x11 <- 0xAAAAB000


mem[X,0x800363F4] -> 0x8593
mem[X,0x800363F6] -> 0xAA95
[4526] [M]: 0x800363F4 (0xAA958593) addi a1, a1, 2729
x11 <- 0xAAAAAAA9


mem[X,0x800363F8] -> 0x0193
mem[X,0x800363FA] -> 0x0000
[4527] [M]: 0x800363F8 (0x00000193) addi gp, zero, 0
x3 <- 0x00000000


mem[X,0x800363FC] -> 0x006F
mem[X,0x800363FE] -> 0x00C0
[4528] [M]: 0x800363FC (0x00C0006F) jal zero, 12


mem[X,0x80036408] -> 0x7063
mem[X,0x8003640A] -> 0x40B5
[4529] [M]: 0x80036408 (0x40B57063) bgeu a0, a1, 1024


mem[X,0x8003640C] -> 0x8193
mem[X,0x8003640E] -> 0x0021
[4530] [M]: 0x8003640C (0x00218193) addi gp, gp, 2
x3 <- 0x00000002


mem[X,0x80036410] -> 0x006F
mem[X,0x80036412] -> 0x4000
[4531] [M]: 0x80036410 (0x4000006F) jal zero, 1024


mem[X,0x80036810] -> 0x2C23
mem[X,0x80036812] -> 0x7231
[4532] [M]: 0x80036810 (0x72312C23) sw gp, 1848(sp)
mem[0x8004B89C] <- 0x00000002


mem[X,0x80036814] -> 0xB537
mem[X,0x80036816] -> 0x0000
[4533] [M]: 0x80036814 (0x0000B537) lui a0, 11
x10 <- 0x0000B000


mem[X,0x80036818] -> 0x0513
mem[X,0x8003681A] -> 0x5035
[4534] [M]: 0x80036818 (0x50350513) addi a0, a0, 1283
x10 <- 0x0000B503


mem[X,0x8003681C] -> 0x0593
mem[X,0x8003681E] -> 0x0040
[4535] [M]: 0x8003681C (0x00400593) addi a1, zero, 4
x11 <- 0x00000004


mem[X,0x80036820] -> 0x0193
mem[X,0x80036822] -> 0x0000
[4536] [M]: 0x80036820 (0x00000193) addi gp, zero, 0
x3 <- 0x00000000


mem[X,0x80036824] -> 0x006F
mem[X,0x80036826] -> 0x00C0
[4537] [M]: 0x80036824 (0x00C0006F) jal zero, 12


mem[X,0x80036830] -> 0x7063
mem[X,0x80036832] -> 0x10B5
[4538] [M]: 0x80036830 (0x10B57063) bgeu a0, a1, 256


mem[X,0x80036930] -> 0x8193
mem[X,0x80036932] -> 0x0031
[4539] [M]: 0x80036930 (0x00318193) addi gp, gp, 3
x3 <- 0x00000003


mem[X,0x80036934] -> 0x006F
mem[X,0x80036936] -> 0x0040
[4540] [M]: 0x80036934 (0x0040006F) jal zero, 4


mem[X,0x80036938] -> 0x2E23
mem[X,0x8003693A] -> 0x7231
[4541] [M]: 0x80036938 (0x72312E23) sw gp, 1852(sp)
mem[0x8004B8A0] <- 0x00000003


mem[X,0x8003693C] -> 0xB537
mem[X,0x8003693E] -> 0x0000
[4542] [M]: 0x8003693C (0x0000B537) lui a0, 11
x10 <- 0x0000B000


mem[X,0x80036940] -> 0x0513
mem[X,0x80036942] -> 0x5035
[4543] [M]: 0x80036940 (0x50350513) addi a0, a0, 1283
x10 <- 0x0000B503


mem[X,0x80036944] -> 0x35B7
mem[X,0x80036946] -> 0x3333
[4544] [M]: 0x80036944 (0x333335B7) lui a1, 209715
x11 <- 0x33333000


mem[X,0x80036948] -> 0x8593
mem[X,0x8003694A] -> 0x3325
[4545] [M]: 0x80036948 (0x33258593) addi a1, a1, 818
x11 <- 0x33333332


mem[X,0x8003694C] -> 0x0193
mem[X,0x8003694E] -> 0x0000
[4546] [M]: 0x8003694C (0x00000193) addi gp, zero, 0
x3 <- 0x00000000


mem[X,0x80036950] -> 0x006F
mem[X,0x80036952] -> 0x00C0
[4547] [M]: 0x80036950 (0x00C0006F) jal zero, 12


mem[X,0x8003695C] -> 0x7063
mem[X,0x8003695E] -> 0x04B5
[4548] [M]: 0x8003695C (0x04B57063) bgeu a0, a1, 64


mem[X,0x80036960] -> 0x8193
mem[X,0x80036962] -> 0x0021
[4549] [M]: 0x80036960 (0x00218193) addi gp, gp, 2
x3 <- 0x00000002


mem[X,0x80036964] -> 0x006F
mem[X,0x80036966] -> 0x0400
[4550] [M]: 0x80036964 (0x0400006F) jal zero, 64


mem[X,0x800369A4] -> 0x2023
mem[X,0x800369A6] -> 0x7431
[4551] [M]: 0x800369A4 (0x74312023) sw gp, 1856(sp)
mem[0x8004B8A4] <- 0x00000002


mem[X,0x800369A8] -> 0xB537
mem[X,0x800369AA] -> 0x0000
[4552] [M]: 0x800369A8 (0x0000B537) lui a0, 11
x10 <- 0x0000B000


mem[X,0x800369AC] -> 0x0513
mem[X,0x800369AE] -> 0x5035
[4553] [M]: 0x800369AC (0x50350513) addi a0, a0, 1283
x10 <- 0x0000B503


mem[X,0x800369B0] -> 0x65B7
mem[X,0x800369B2] -> 0x6666
[4554] [M]: 0x800369B0 (0x666665B7) lui a1, 419430
x11 <- 0x66666000


mem[X,0x800369B4] -> 0x8593
mem[X,0x800369B6] -> 0x6655
[4555] [M]: 0x800369B4 (0x66558593) addi a1, a1, 1637
x11 <- 0x66666665


mem[X,0x800369B8] -> 0x0193
mem[X,0x800369BA] -> 0x0000
[4556] [M]: 0x800369B8 (0x00000193) addi gp, zero, 0
x3 <- 0x00000000


mem[X,0x800369BC] -> 0x006F
mem[X,0x800369BE] -> 0x00C0
[4557] [M]: 0x800369BC (0x00C0006F) jal zero, 12


mem[X,0x800369C8] -> 0x7CE3
mem[X,0x800369CA] -> 0xFEB5
[4558] [M]: 0x800369C8 (0xFEB57CE3) bgeu a0, a1, 8184


mem[X,0x800369CC] -> 0x8193
mem[X,0x800369CE] -> 0x0021
[4559] [M]: 0x800369CC (0x00218193) addi gp, gp, 2
x3 <- 0x00000002


mem[X,0x800369D0] -> 0x006F
mem[X,0x800369D2] -> 0x00C0
[4560] [M]: 0x800369D0 (0x00C0006F) jal zero, 12


mem[X,0x800369DC] -> 0x2223
mem[X,0x800369DE] -> 0x7431
[4561] [M]: 0x800369DC (0x74312223) sw gp, 1860(sp)
mem[0x8004B8A8] <- 0x00000002


mem[X,0x800369E0] -> 0xB537
mem[X,0x800369E2] -> 0x0000
[4562] [M]: 0x800369E0 (0x0000B537) lui a0, 11
x10 <- 0x0000B000


mem[X,0x800369E4] -> 0x0513
mem[X,0x800369E6] -> 0x5035
[4563] [M]: 0x800369E4 (0x50350513) addi a0, a0, 1283
x10 <- 0x0000B503


mem[X,0x800369E8] -> 0xB5B7
mem[X,0x800369EA] -> 0x0000
[4564] [M]: 0x800369E8 (0x0000B5B7) lui a1, 11
x11 <- 0x0000B000


mem[X,0x800369EC] -> 0x8593
mem[X,0x800369EE] -> 0x5035
[4565] [M]: 0x800369EC (0x50358593) addi a1, a1, 1283
x11 <- 0x0000B503


mem[X,0x800369F0] -> 0x0193
mem[X,0x800369F2] -> 0x0000
[4566] [M]: 0x800369F0 (0x00000193) addi gp, zero, 0
x3 <- 0x00000000


mem[X,0x800369F4] -> 0x006F
mem[X,0x800369F6] -> 0x00C0
[4567] [M]: 0x800369F4 (0x00C0006F) jal zero, 12


mem[X,0x80036A00] -> 0x7663
mem[X,0x80036A02] -> 0x00B5
[4568] [M]: 0x80036A00 (0x00B57663) bgeu a0, a1, 12


mem[X,0x80036A0C] -> 0x8193
mem[X,0x80036A0E] -> 0x0031
[4569] [M]: 0x80036A0C (0x00318193) addi gp, gp, 3
x3 <- 0x00000003


mem[X,0x80036A10] -> 0x006F
mem[X,0x80036A12] -> 0x0040
[4570] [M]: 0x80036A10 (0x0040006F) jal zero, 4


mem[X,0x80036A14] -> 0x2423
mem[X,0x80036A16] -> 0x7431
[4571] [M]: 0x80036A14 (0x74312423) sw gp, 1864(sp)
mem[0x8004B8AC] <- 0x00000003


mem[X,0x80036A18] -> 0xB537
mem[X,0x80036A1A] -> 0x0000
[4572] [M]: 0x80036A18 (0x0000B537) lui a0, 11
x10 <- 0x0000B000


mem[X,0x80036A1C] -> 0x0513
mem[X,0x80036A1E] -> 0x5035
[4573] [M]: 0x80036A1C (0x50350513) addi a0, a0, 1283
x10 <- 0x0000B503


mem[X,0x80036A20] -> 0x05B7
mem[X,0x80036A22] -> 0x0001
[4574] [M]: 0x80036A20 (0x000105B7) lui a1, 16
x11 <- 0x00010000


mem[X,0x80036A24] -> 0x8593
mem[X,0x80036A26] -> 0xFFE5
[4575] [M]: 0x80036A24 (0xFFE58593) addi a1, a1, 4094
x11 <- 0x0000FFFE


mem[X,0x80036A28] -> 0x0193
mem[X,0x80036A2A] -> 0x0000
[4576] [M]: 0x80036A28 (0x00000193) addi gp, zero, 0
x3 <- 0x00000000


mem[X,0x80036A2C] -> 0x006F
mem[X,0x80036A2E] -> 0x00C0
[4577] [M]: 0x80036A2C (0x00C0006F) jal zero, 12


mem[X,0x80036A38] -> 0x7CE3
mem[X,0x80036A3A] -> 0xFEB5
[4578] [M]: 0x80036A38 (0xFEB57CE3) bgeu a0, a1, 8184


mem[X,0x80036A3C] -> 0x8193
mem[X,0x80036A3E] -> 0x0021
[4579] [M]: 0x80036A3C (0x00218193) addi gp, gp, 2
x3 <- 0x00000002


mem[X,0x80036A40] -> 0x006F
mem[X,0x80036A42] -> 0x00C0
[4580] [M]: 0x80036A40 (0x00C0006F) jal zero, 12


mem[X,0x80036A4C] -> 0x2623
mem[X,0x80036A4E] -> 0x7431
[4581] [M]: 0x80036A4C (0x74312623) sw gp, 1868(sp)
mem[0x8004B8B0] <- 0x00000002


mem[X,0x80036A50] -> 0xB537
mem[X,0x80036A52] -> 0x0000
[4582] [M]: 0x80036A50 (0x0000B537) lui a0, 11
x10 <- 0x0000B000


mem[X,0x80036A54] -> 0x0513
mem[X,0x80036A56] -> 0x5035
[4583] [M]: 0x80036A54 (0x50350513) addi a0, a0, 1283
x10 <- 0x0000B503


mem[X,0x80036A58] -> 0x55B7
mem[X,0x80036A5A] -> 0x5555
[4584] [M]: 0x80036A58 (0x555555B7) lui a1, 349525
x11 <- 0x55555000


mem[X,0x80036A5C] -> 0x8593
mem[X,0x80036A5E] -> 0x5565
[4585] [M]: 0x80036A5C (0x55658593) addi a1, a1, 1366
x11 <- 0x55555556


mem[X,0x80036A60] -> 0x0193
mem[X,0x80036A62] -> 0x0000
[4586] [M]: 0x80036A60 (0x00000193) addi gp, zero, 0
x3 <- 0x00000000


mem[X,0x80036A64] -> 0x006F
mem[X,0x80036A66] -> 0x00C0
[4587] [M]: 0x80036A64 (0x00C0006F) jal zero, 12


mem[X,0x80036A70] -> 0x7663
mem[X,0x80036A72] -> 0x00B5
[4588] [M]: 0x80036A70 (0x00B57663) bgeu a0, a1, 12


mem[X,0x80036A74] -> 0x8193
mem[X,0x80036A76] -> 0x0021
[4589] [M]: 0x80036A74 (0x00218193) addi gp, gp, 2
x3 <- 0x00000002


mem[X,0x80036A78] -> 0x006F
mem[X,0x80036A7A] -> 0x00C0
[4590] [M]: 0x80036A78 (0x00C0006F) jal zero, 12


mem[X,0x80036A84] -> 0x2823
mem[X,0x80036A86] -> 0x7431
[4591] [M]: 0x80036A84 (0x74312823) sw gp, 1872(sp)
mem[0x8004B8B4] <- 0x00000002


mem[X,0x80036A88] -> 0xB537
mem[X,0x80036A8A] -> 0x0000
[4592] [M]: 0x80036A88 (0x0000B537) lui a0, 11
x10 <- 0x0000B000


mem[X,0x80036A8C] -> 0x0513
mem[X,0x80036A8E] -> 0x5035
[4593] [M]: 0x80036A8C (0x50350513) addi a0, a0, 1283
x10 <- 0x0000B503


mem[X,0x80036A90] -> 0xB5B7
mem[X,0x80036A92] -> 0xAAAA
[4594] [M]: 0x80036A90 (0xAAAAB5B7) lui a1, 699051
x11 <- 0xAAAAB000


mem[X,0x80036A94] -> 0x8593
mem[X,0x80036A96] -> 0xAAB5
[4595] [M]: 0x80036A94 (0xAAB58593) addi a1, a1, 2731
x11 <- 0xAAAAAAAB


mem[X,0x80036A98] -> 0x0193
mem[X,0x80036A9A] -> 0x0000
[4596] [M]: 0x80036A98 (0x00000193) addi gp, zero, 0
x3 <- 0x00000000


mem[X,0x80036A9C] -> 0x006F
mem[X,0x80036A9E] -> 0x00C0
[4597] [M]: 0x80036A9C (0x00C0006F) jal zero, 12


mem[X,0x80036AA8] -> 0x7663
mem[X,0x80036AAA] -> 0x00B5
[4598] [M]: 0x80036AA8 (0x00B57663) bgeu a0, a1, 12


mem[X,0x80036AAC] -> 0x8193
mem[X,0x80036AAE] -> 0x0021
[4599] [M]: 0x80036AAC (0x00218193) addi gp, gp, 2
x3 <- 0x00000002


clint::tick mtime <- 0x000000000000002E
 clint timer pending at mtime 0x000000000000002E
htif::tick 0x0000000000000000
mem[X,0x80036AB0] -> 0x006F
mem[X,0x80036AB2] -> 0x00C0
[4600] [M]: 0x80036AB0 (0x00C0006F) jal zero, 12


mem[X,0x80036ABC] -> 0x2A23
mem[X,0x80036ABE] -> 0x7431
[4601] [M]: 0x80036ABC (0x74312A23) sw gp, 1876(sp)
mem[0x8004B8B8] <- 0x00000002


mem[X,0x80036AC0] -> 0xB537
mem[X,0x80036AC2] -> 0x0000
[4602] [M]: 0x80036AC0 (0x0000B537) lui a0, 11
x10 <- 0x0000B000


mem[X,0x80036AC4] -> 0x0513
mem[X,0x80036AC6] -> 0x5035
[4603] [M]: 0x80036AC4 (0x50350513) addi a0, a0, 1283
x10 <- 0x0000B503


mem[X,0x80036AC8] -> 0x0593
mem[X,0x80036ACA] -> 0x0060
[4604] [M]: 0x80036AC8 (0x00600593) addi a1, zero, 6
x11 <- 0x00000006


mem[X,0x80036ACC] -> 0x0193
mem[X,0x80036ACE] -> 0x0000
[4605] [M]: 0x80036ACC (0x00000193) addi gp, zero, 0
x3 <- 0x00000000


mem[X,0x80036AD0] -> 0x006F
mem[X,0x80036AD2] -> 0x00C0
[4606] [M]: 0x80036AD0 (0x00C0006F) jal zero, 12


mem[X,0x80036ADC] -> 0x7CE3
mem[X,0x80036ADE] -> 0xFEB5
[4607] [M]: 0x80036ADC (0xFEB57CE3) bgeu a0, a1, 8184


mem[X,0x80036AD4] -> 0x8193
mem[X,0x80036AD6] -> 0x0011
[4608] [M]: 0x80036AD4 (0x00118193) addi gp, gp, 1
x3 <- 0x00000001


mem[X,0x80036AD8] -> 0x006F
mem[X,0x80036ADA] -> 0x0180
[4609] [M]: 0x80036AD8 (0x0180006F) jal zero, 24


mem[X,0x80036AF0] -> 0x2C23
mem[X,0x80036AF2] -> 0x7431
[4610] [M]: 0x80036AF0 (0x74312C23) sw gp, 1880(sp)
mem[0x8004B8BC] <- 0x00000001


mem[X,0x80036AF4] -> 0xB537
mem[X,0x80036AF6] -> 0x0000
[4611] [M]: 0x80036AF4 (0x0000B537) lui a0, 11
x10 <- 0x0000B000


mem[X,0x80036AF8] -> 0x0513
mem[X,0x80036AFA] -> 0x5035
[4612] [M]: 0x80036AF8 (0x50350513) addi a0, a0, 1283
x10 <- 0x0000B503


mem[X,0x80036AFC] -> 0x35B7
mem[X,0x80036AFE] -> 0x3333
[4613] [M]: 0x80036AFC (0x333335B7) lui a1, 209715
x11 <- 0x33333000


mem[X,0x80036B00] -> 0x8593
mem[X,0x80036B02] -> 0x3345
[4614] [M]: 0x80036B00 (0x33458593) addi a1, a1, 820
x11 <- 0x33333334


mem[X,0x80036B04] -> 0x0193
mem[X,0x80036B06] -> 0x0000
[4615] [M]: 0x80036B04 (0x00000193) addi gp, zero, 0
x3 <- 0x00000000


mem[X,0x80036B08] -> 0x006F
mem[X,0x80036B0A] -> 0x00C0
[4616] [M]: 0x80036B08 (0x00C0006F) jal zero, 12


mem[X,0x80036B14] -> 0x7063
mem[X,0x80036B16] -> 0x04B5
[4617] [M]: 0x80036B14 (0x04B57063) bgeu a0, a1, 64


mem[X,0x80036B18] -> 0x8193
mem[X,0x80036B1A] -> 0x0021
[4618] [M]: 0x80036B18 (0x00218193) addi gp, gp, 2
x3 <- 0x00000002


mem[X,0x80036B1C] -> 0x006F
mem[X,0x80036B1E] -> 0x0400
[4619] [M]: 0x80036B1C (0x0400006F) jal zero, 64


mem[X,0x80036B5C] -> 0x2E23
mem[X,0x80036B5E] -> 0x7431
[4620] [M]: 0x80036B5C (0x74312E23) sw gp, 1884(sp)
mem[0x8004B8C0] <- 0x00000002


mem[X,0x80036B60] -> 0xB537
mem[X,0x80036B62] -> 0x0000
[4621] [M]: 0x80036B60 (0x0000B537) lui a0, 11
x10 <- 0x0000B000


mem[X,0x80036B64] -> 0x0513
mem[X,0x80036B66] -> 0x5035
[4622] [M]: 0x80036B64 (0x50350513) addi a0, a0, 1283
x10 <- 0x0000B503


mem[X,0x80036B68] -> 0x65B7
mem[X,0x80036B6A] -> 0x6666
[4623] [M]: 0x80036B68 (0x666665B7) lui a1, 419430
x11 <- 0x66666000


mem[X,0x80036B6C] -> 0x8593
mem[X,0x80036B6E] -> 0x6675
[4624] [M]: 0x80036B6C (0x66758593) addi a1, a1, 1639
x11 <- 0x66666667


mem[X,0x80036B70] -> 0x0193
mem[X,0x80036B72] -> 0x0000
[4625] [M]: 0x80036B70 (0x00000193) addi gp, zero, 0
x3 <- 0x00000000


mem[X,0x80036B74] -> 0x006F
mem[X,0x80036B76] -> 0x00C0
[4626] [M]: 0x80036B74 (0x00C0006F) jal zero, 12


mem[X,0x80036B80] -> 0x7063
mem[X,0x80036B82] -> 0x08B5
[4627] [M]: 0x80036B80 (0x08B57063) bgeu a0, a1, 128


mem[X,0x80036B84] -> 0x8193
mem[X,0x80036B86] -> 0x0021
[4628] [M]: 0x80036B84 (0x00218193) addi gp, gp, 2
x3 <- 0x00000002


mem[X,0x80036B88] -> 0x006F
mem[X,0x80036B8A] -> 0x0800
[4629] [M]: 0x80036B88 (0x0800006F) jal zero, 128


mem[X,0x80036C08] -> 0x2023
mem[X,0x80036C0A] -> 0x7631
[4630] [M]: 0x80036C08 (0x76312023) sw gp, 1888(sp)
mem[0x8004B8C4] <- 0x00000002


mem[X,0x80036C0C] -> 0xB537
mem[X,0x80036C0E] -> 0x0000
[4631] [M]: 0x80036C0C (0x0000B537) lui a0, 11
x10 <- 0x0000B000


mem[X,0x80036C10] -> 0x0513
mem[X,0x80036C12] -> 0x5035
[4632] [M]: 0x80036C10 (0x50350513) addi a0, a0, 1283
x10 <- 0x0000B503


mem[X,0x80036C14] -> 0xB5B7
mem[X,0x80036C16] -> 0x0000
[4633] [M]: 0x80036C14 (0x0000B5B7) lui a1, 11
x11 <- 0x0000B000


mem[X,0x80036C18] -> 0x8593
mem[X,0x80036C1A] -> 0x5055
[4634] [M]: 0x80036C18 (0x50558593) addi a1, a1, 1285
x11 <- 0x0000B505


mem[X,0x80036C1C] -> 0x0193
mem[X,0x80036C1E] -> 0x0000
[4635] [M]: 0x80036C1C (0x00000193) addi gp, zero, 0
x3 <- 0x00000000


mem[X,0x80036C20] -> 0x006F
mem[X,0x80036C22] -> 0x00C0
[4636] [M]: 0x80036C20 (0x00C0006F) jal zero, 12


mem[X,0x80036C2C] -> 0x7663
mem[X,0x80036C2E] -> 0x00B5
[4637] [M]: 0x80036C2C (0x00B57663) bgeu a0, a1, 12


mem[X,0x80036C30] -> 0x8193
mem[X,0x80036C32] -> 0x0021
[4638] [M]: 0x80036C30 (0x00218193) addi gp, gp, 2
x3 <- 0x00000002


mem[X,0x80036C34] -> 0x006F
mem[X,0x80036C36] -> 0x00C0
[4639] [M]: 0x80036C34 (0x00C0006F) jal zero, 12


mem[X,0x80036C40] -> 0x2223
mem[X,0x80036C42] -> 0x7631
[4640] [M]: 0x80036C40 (0x76312223) sw gp, 1892(sp)
mem[0x8004B8C8] <- 0x00000002


mem[X,0x80036C44] -> 0xB537
mem[X,0x80036C46] -> 0x0000
[4641] [M]: 0x80036C44 (0x0000B537) lui a0, 11
x10 <- 0x0000B000


mem[X,0x80036C48] -> 0x0513
mem[X,0x80036C4A] -> 0x5035
[4642] [M]: 0x80036C48 (0x50350513) addi a0, a0, 1283
x10 <- 0x0000B503


mem[X,0x80036C4C] -> 0x0593
mem[X,0x80036C4E] -> 0x0010
[4643] [M]: 0x80036C4C (0x00100593) addi a1, zero, 1
x11 <- 0x00000001


mem[X,0x80036C50] -> 0x0193
mem[X,0x80036C52] -> 0x0000
[4644] [M]: 0x80036C50 (0x00000193) addi gp, zero, 0
x3 <- 0x00000000


mem[X,0x80036C54] -> 0x006F
mem[X,0x80036C56] -> 0x0140
[4645] [M]: 0x80036C54 (0x0140006F) jal zero, 20


mem[X,0x80036C68] -> 0x78E3
mem[X,0x80036C6A] -> 0xFEB5
[4646] [M]: 0x80036C68 (0xFEB578E3) bgeu a0, a1, 8176


mem[X,0x80036C58] -> 0x8193
mem[X,0x80036C5A] -> 0x0011
[4647] [M]: 0x80036C58 (0x00118193) addi gp, gp, 1
x3 <- 0x00000001


mem[X,0x80036C5C] -> 0x006F
mem[X,0x80036C5E] -> 0x0200
[4648] [M]: 0x80036C5C (0x0200006F) jal zero, 32


mem[X,0x80036C7C] -> 0x2423
mem[X,0x80036C7E] -> 0x7631
[4649] [M]: 0x80036C7C (0x76312423) sw gp, 1896(sp)
mem[0x8004B8CC] <- 0x00000001


mem[X,0x80036C80] -> 0xB537
mem[X,0x80036C82] -> 0x0000
[4650] [M]: 0x80036C80 (0x0000B537) lui a0, 11
x10 <- 0x0000B000


mem[X,0x80036C84] -> 0x0513
mem[X,0x80036C86] -> 0x5035
[4651] [M]: 0x80036C84 (0x50350513) addi a0, a0, 1283
x10 <- 0x0000B503


mem[X,0x80036C88] -> 0x05B7
mem[X,0x80036C8A] -> 0x0001
[4652] [M]: 0x80036C88 (0x000105B7) lui a1, 16
x11 <- 0x00010000


mem[X,0x80036C8C] -> 0x0193
mem[X,0x80036C8E] -> 0x0000
[4653] [M]: 0x80036C8C (0x00000193) addi gp, zero, 0
x3 <- 0x00000000


mem[X,0x80036C90] -> 0x006F
mem[X,0x80036C92] -> 0x00C0
[4654] [M]: 0x80036C90 (0x00C0006F) jal zero, 12


mem[X,0x80036C9C] -> 0x7CE3
mem[X,0x80036C9E] -> 0xFEB5
[4655] [M]: 0x80036C9C (0xFEB57CE3) bgeu a0, a1, 8184


mem[X,0x80036CA0] -> 0x8193
mem[X,0x80036CA2] -> 0x0021
[4656] [M]: 0x80036CA0 (0x00218193) addi gp, gp, 2
x3 <- 0x00000002


mem[X,0x80036CA4] -> 0x006F
mem[X,0x80036CA6] -> 0x00C0
[4657] [M]: 0x80036CA4 (0x00C0006F) jal zero, 12


mem[X,0x80036CB0] -> 0x2623
mem[X,0x80036CB2] -> 0x7631
[4658] [M]: 0x80036CB0 (0x76312623) sw gp, 1900(sp)
mem[0x8004B8D0] <- 0x00000002


mem[X,0x80036CB4] -> 0x0537
mem[X,0x80036CB6] -> 0x0001
[4659] [M]: 0x80036CB4 (0x00010537) lui a0, 16
x10 <- 0x00010000


mem[X,0x80036CB8] -> 0x0513
mem[X,0x80036CBA] -> 0xFFE5
[4660] [M]: 0x80036CB8 (0xFFE50513) addi a0, a0, 4094
x10 <- 0x0000FFFE


mem[X,0x80036CBC] -> 0x0593
mem[X,0x80036CBE] -> 0x0030
[4661] [M]: 0x80036CBC (0x00300593) addi a1, zero, 3
x11 <- 0x00000003


mem[X,0x80036CC0] -> 0x0193
mem[X,0x80036CC2] -> 0x0000
[4662] [M]: 0x80036CC0 (0x00000193) addi gp, zero, 0
x3 <- 0x00000000


mem[X,0x80036CC4] -> 0x006F
mem[X,0x80036CC6] -> 0x00C0
[4663] [M]: 0x80036CC4 (0x00C0006F) jal zero, 12


mem[X,0x80036CD0] -> 0x7CE3
mem[X,0x80036CD2] -> 0xFEB5
[4664] [M]: 0x80036CD0 (0xFEB57CE3) bgeu a0, a1, 8184


mem[X,0x80036CC8] -> 0x8193
mem[X,0x80036CCA] -> 0x0011
[4665] [M]: 0x80036CC8 (0x00118193) addi gp, gp, 1
x3 <- 0x00000001


mem[X,0x80036CCC] -> 0x006F
mem[X,0x80036CCE] -> 0x0180
[4666] [M]: 0x80036CCC (0x0180006F) jal zero, 24


mem[X,0x80036CE4] -> 0x2823
mem[X,0x80036CE6] -> 0x7631
[4667] [M]: 0x80036CE4 (0x76312823) sw gp, 1904(sp)
mem[0x8004B8D4] <- 0x00000001


mem[X,0x80036CE8] -> 0x0537
mem[X,0x80036CEA] -> 0x0001
[4668] [M]: 0x80036CE8 (0x00010537) lui a0, 16
x10 <- 0x00010000


mem[X,0x80036CEC] -> 0x0513
mem[X,0x80036CEE] -> 0xFFE5
[4669] [M]: 0x80036CEC (0xFFE50513) addi a0, a0, 4094
x10 <- 0x0000FFFE


mem[X,0x80036CF0] -> 0x55B7
mem[X,0x80036CF2] -> 0x5555
[4670] [M]: 0x80036CF0 (0x555555B7) lui a1, 349525
x11 <- 0x55555000


mem[X,0x80036CF4] -> 0x8593
mem[X,0x80036CF6] -> 0x5555
[4671] [M]: 0x80036CF4 (0x55558593) addi a1, a1, 1365
x11 <- 0x55555555


mem[X,0x80036CF8] -> 0x0193
mem[X,0x80036CFA] -> 0x0000
[4672] [M]: 0x80036CF8 (0x00000193) addi gp, zero, 0
x3 <- 0x00000000


mem[X,0x80036CFC] -> 0x006F
mem[X,0x80036CFE] -> 0x00C0
[4673] [M]: 0x80036CFC (0x00C0006F) jal zero, 12


mem[X,0x80036D08] -> 0x7863
mem[X,0x80036D0A] -> 0x00B5
[4674] [M]: 0x80036D08 (0x00B57863) bgeu a0, a1, 16


mem[X,0x80036D0C] -> 0x8193
mem[X,0x80036D0E] -> 0x0021
[4675] [M]: 0x80036D0C (0x00218193) addi gp, gp, 2
x3 <- 0x00000002


mem[X,0x80036D10] -> 0x006F
mem[X,0x80036D12] -> 0x0100
[4676] [M]: 0x80036D10 (0x0100006F) jal zero, 16


mem[X,0x80036D20] -> 0x2A23
mem[X,0x80036D22] -> 0x7631
[4677] [M]: 0x80036D20 (0x76312A23) sw gp, 1908(sp)
mem[0x8004B8D8] <- 0x00000002


mem[X,0x80036D24] -> 0x0537
mem[X,0x80036D26] -> 0x0001
[4678] [M]: 0x80036D24 (0x00010537) lui a0, 16
x10 <- 0x00010000


mem[X,0x80036D28] -> 0x0513
mem[X,0x80036D2A] -> 0xFFE5
[4679] [M]: 0x80036D28 (0xFFE50513) addi a0, a0, 4094
x10 <- 0x0000FFFE


mem[X,0x80036D2C] -> 0xB5B7
mem[X,0x80036D2E] -> 0xAAAA
[4680] [M]: 0x80036D2C (0xAAAAB5B7) lui a1, 699051
x11 <- 0xAAAAB000


mem[X,0x80036D30] -> 0x8593
mem[X,0x80036D32] -> 0xAAA5
[4681] [M]: 0x80036D30 (0xAAA58593) addi a1, a1, 2730
x11 <- 0xAAAAAAAA


mem[X,0x80036D34] -> 0x0193
mem[X,0x80036D36] -> 0x0000
[4682] [M]: 0x80036D34 (0x00000193) addi gp, zero, 0
x3 <- 0x00000000


mem[X,0x80036D38] -> 0x006F
mem[X,0x80036D3A] -> 0x00C0
[4683] [M]: 0x80036D38 (0x00C0006F) jal zero, 12


mem[X,0x80036D44] -> 0x7863
mem[X,0x80036D46] -> 0x00B5
[4684] [M]: 0x80036D44 (0x00B57863) bgeu a0, a1, 16


mem[X,0x80036D48] -> 0x8193
mem[X,0x80036D4A] -> 0x0021
[4685] [M]: 0x80036D48 (0x00218193) addi gp, gp, 2
x3 <- 0x00000002


mem[X,0x80036D4C] -> 0x006F
mem[X,0x80036D4E] -> 0x0100
[4686] [M]: 0x80036D4C (0x0100006F) jal zero, 16


mem[X,0x80036D5C] -> 0x2C23
mem[X,0x80036D5E] -> 0x7631
[4687] [M]: 0x80036D5C (0x76312C23) sw gp, 1912(sp)
mem[0x8004B8DC] <- 0x00000002


mem[X,0x80036D60] -> 0x0537
mem[X,0x80036D62] -> 0x0001
[4688] [M]: 0x80036D60 (0x00010537) lui a0, 16
x10 <- 0x00010000


mem[X,0x80036D64] -> 0x0513
mem[X,0x80036D66] -> 0xFFE5
[4689] [M]: 0x80036D64 (0xFFE50513) addi a0, a0, 4094
x10 <- 0x0000FFFE


mem[X,0x80036D68] -> 0x0593
mem[X,0x80036D6A] -> 0x0050
[4690] [M]: 0x80036D68 (0x00500593) addi a1, zero, 5
x11 <- 0x00000005


mem[X,0x80036D6C] -> 0x0193
mem[X,0x80036D6E] -> 0x0000
[4691] [M]: 0x80036D6C (0x00000193) addi gp, zero, 0
x3 <- 0x00000000


mem[X,0x80036D70] -> 0x006F
mem[X,0x80036D72] -> 0x00C0
[4692] [M]: 0x80036D70 (0x00C0006F) jal zero, 12


mem[X,0x80036D7C] -> 0x7663
mem[X,0x80036D7E] -> 0x00B5
[4693] [M]: 0x80036D7C (0x00B57663) bgeu a0, a1, 12


mem[X,0x80036D88] -> 0x8193
mem[X,0x80036D8A] -> 0x0031
[4694] [M]: 0x80036D88 (0x00318193) addi gp, gp, 3
x3 <- 0x00000003


mem[X,0x80036D8C] -> 0x006F
mem[X,0x80036D8E] -> 0x0040
[4695] [M]: 0x80036D8C (0x0040006F) jal zero, 4


mem[X,0x80036D90] -> 0x2E23
mem[X,0x80036D92] -> 0x7631
[4696] [M]: 0x80036D90 (0x76312E23) sw gp, 1916(sp)
mem[0x8004B8E0] <- 0x00000003


mem[X,0x80036D94] -> 0x0537
mem[X,0x80036D96] -> 0x0001
[4697] [M]: 0x80036D94 (0x00010537) lui a0, 16
x10 <- 0x00010000


mem[X,0x80036D98] -> 0x0513
mem[X,0x80036D9A] -> 0xFFE5
[4698] [M]: 0x80036D98 (0xFFE50513) addi a0, a0, 4094
x10 <- 0x0000FFFE


mem[X,0x80036D9C] -> 0x35B7
mem[X,0x80036D9E] -> 0x3333
[4699] [M]: 0x80036D9C (0x333335B7) lui a1, 209715
x11 <- 0x33333000


clint::tick mtime <- 0x000000000000002F
 clint timer pending at mtime 0x000000000000002F
htif::tick 0x0000000000000000
mem[X,0x80036DA0] -> 0x8593
mem[X,0x80036DA2] -> 0x3335
[4700] [M]: 0x80036DA0 (0x33358593) addi a1, a1, 819
x11 <- 0x33333333


mem[X,0x80036DA4] -> 0x0193
mem[X,0x80036DA6] -> 0x0000
[4701] [M]: 0x80036DA4 (0x00000193) addi gp, zero, 0
x3 <- 0x00000000


mem[X,0x80036DA8] -> 0x006F
mem[X,0x80036DAA] -> 0x00C0
[4702] [M]: 0x80036DA8 (0x00C0006F) jal zero, 12


mem[X,0x80036DB4] -> 0x7CE3
mem[X,0x80036DB6] -> 0xFEB5
[4703] [M]: 0x80036DB4 (0xFEB57CE3) bgeu a0, a1, 8184


mem[X,0x80036DB8] -> 0x8193
mem[X,0x80036DBA] -> 0x0021
[4704] [M]: 0x80036DB8 (0x00218193) addi gp, gp, 2
x3 <- 0x00000002


mem[X,0x80036DBC] -> 0x006F
mem[X,0x80036DBE] -> 0x00C0
[4705] [M]: 0x80036DBC (0x00C0006F) jal zero, 12


mem[X,0x80036DC8] -> 0x2023
mem[X,0x80036DCA] -> 0x7831
[4706] [M]: 0x80036DC8 (0x78312023) sw gp, 1920(sp)
mem[0x8004B8E4] <- 0x00000002


mem[X,0x80036DCC] -> 0x0537
mem[X,0x80036DCE] -> 0x0001
[4707] [M]: 0x80036DCC (0x00010537) lui a0, 16
x10 <- 0x00010000


mem[X,0x80036DD0] -> 0x0513
mem[X,0x80036DD2] -> 0xFFE5
[4708] [M]: 0x80036DD0 (0xFFE50513) addi a0, a0, 4094
x10 <- 0x0000FFFE


mem[X,0x80036DD4] -> 0x65B7
mem[X,0x80036DD6] -> 0x6666
[4709] [M]: 0x80036DD4 (0x666665B7) lui a1, 419430
x11 <- 0x66666000


mem[X,0x80036DD8] -> 0x8593
mem[X,0x80036DDA] -> 0x6665
[4710] [M]: 0x80036DD8 (0x66658593) addi a1, a1, 1638
x11 <- 0x66666666


mem[X,0x80036DDC] -> 0x0193
mem[X,0x80036DDE] -> 0x0000
[4711] [M]: 0x80036DDC (0x00000193) addi gp, zero, 0
x3 <- 0x00000000


mem[X,0x80036DE0] -> 0x006F
mem[X,0x80036DE2] -> 0x00C0
[4712] [M]: 0x80036DE0 (0x00C0006F) jal zero, 12


mem[X,0x80036DEC] -> 0x7CE3
mem[X,0x80036DEE] -> 0xFEB5
[4713] [M]: 0x80036DEC (0xFEB57CE3) bgeu a0, a1, 8184


mem[X,0x80036DF0] -> 0x8193
mem[X,0x80036DF2] -> 0x0021
[4714] [M]: 0x80036DF0 (0x00218193) addi gp, gp, 2
x3 <- 0x00000002


mem[X,0x80036DF4] -> 0x006F
mem[X,0x80036DF6] -> 0x00C0
[4715] [M]: 0x80036DF4 (0x00C0006F) jal zero, 12


mem[X,0x80036E00] -> 0x2223
mem[X,0x80036E02] -> 0x7831
[4716] [M]: 0x80036E00 (0x78312223) sw gp, 1924(sp)
mem[0x8004B8E8] <- 0x00000002


mem[X,0x80036E04] -> 0x0537
mem[X,0x80036E06] -> 0x0001
[4717] [M]: 0x80036E04 (0x00010537) lui a0, 16
x10 <- 0x00010000


mem[X,0x80036E08] -> 0x0513
mem[X,0x80036E0A] -> 0xFFE5
[4718] [M]: 0x80036E08 (0xFFE50513) addi a0, a0, 4094
x10 <- 0x0000FFFE


mem[X,0x80036E0C] -> 0xB5B7
mem[X,0x80036E0E] -> 0x0000
[4719] [M]: 0x80036E0C (0x0000B5B7) lui a1, 11
x11 <- 0x0000B000


mem[X,0x80036E10] -> 0x8593
mem[X,0x80036E12] -> 0x5045
[4720] [M]: 0x80036E10 (0x50458593) addi a1, a1, 1284
x11 <- 0x0000B504


mem[X,0x80036E14] -> 0x0193
mem[X,0x80036E16] -> 0x0000
[4721] [M]: 0x80036E14 (0x00000193) addi gp, zero, 0
x3 <- 0x00000000


mem[X,0x80036E18] -> 0x006F
mem[X,0x80036E1A] -> 0x00C0
[4722] [M]: 0x80036E18 (0x00C0006F) jal zero, 12


mem[X,0x80036E24] -> 0x7063
mem[X,0x80036E26] -> 0x10B5
[4723] [M]: 0x80036E24 (0x10B57063) bgeu a0, a1, 256


mem[X,0x80036F24] -> 0x8193
mem[X,0x80036F26] -> 0x0031
[4724] [M]: 0x80036F24 (0x00318193) addi gp, gp, 3
x3 <- 0x00000003


mem[X,0x80036F28] -> 0x006F
mem[X,0x80036F2A] -> 0x0040
[4725] [M]: 0x80036F28 (0x0040006F) jal zero, 4


mem[X,0x80036F2C] -> 0x2423
mem[X,0x80036F2E] -> 0x7831
[4726] [M]: 0x80036F2C (0x78312423) sw gp, 1928(sp)
mem[0x8004B8EC] <- 0x00000003


mem[X,0x80036F30] -> 0x0537
mem[X,0x80036F32] -> 0x0001
[4727] [M]: 0x80036F30 (0x00010537) lui a0, 16
x10 <- 0x00010000


mem[X,0x80036F34] -> 0x0513
mem[X,0x80036F36] -> 0xFFE5
[4728] [M]: 0x80036F34 (0xFFE50513) addi a0, a0, 4094
x10 <- 0x0000FFFE


mem[X,0x80036F38] -> 0x0593
mem[X,0x80036F3A] -> 0x0000
[4729] [M]: 0x80036F38 (0x00000593) addi a1, zero, 0
x11 <- 0x00000000


mem[X,0x80036F3C] -> 0x0193
mem[X,0x80036F3E] -> 0x0000
[4730] [M]: 0x80036F3C (0x00000193) addi gp, zero, 0
x3 <- 0x00000000


mem[X,0x80036F40] -> 0x006F
mem[X,0x80036F42] -> 0x00C0
[4731] [M]: 0x80036F40 (0x00C0006F) jal zero, 12


mem[X,0x80036F4C] -> 0x7063
mem[X,0x80036F4E] -> 0x10B5
[4732] [M]: 0x80036F4C (0x10B57063) bgeu a0, a1, 256


mem[X,0x8003704C] -> 0x8193
mem[X,0x8003704E] -> 0x0031
[4733] [M]: 0x8003704C (0x00318193) addi gp, gp, 3
x3 <- 0x00000003


mem[X,0x80037050] -> 0x006F
mem[X,0x80037052] -> 0x0040
[4734] [M]: 0x80037050 (0x0040006F) jal zero, 4


mem[X,0x80037054] -> 0x2623
mem[X,0x80037056] -> 0x7831
[4735] [M]: 0x80037054 (0x78312623) sw gp, 1932(sp)
mem[0x8004B8F0] <- 0x00000003


mem[X,0x80037058] -> 0x0537
mem[X,0x8003705A] -> 0x0001
[4736] [M]: 0x80037058 (0x00010537) lui a0, 16
x10 <- 0x00010000


mem[X,0x8003705C] -> 0x0513
mem[X,0x8003705E] -> 0xFFE5
[4737] [M]: 0x8003705C (0xFFE50513) addi a0, a0, 4094
x10 <- 0x0000FFFE


mem[X,0x80037060] -> 0x05B7
mem[X,0x80037062] -> 0x0001
[4738] [M]: 0x80037060 (0x000105B7) lui a1, 16
x11 <- 0x00010000


mem[X,0x80037064] -> 0x8593
mem[X,0x80037066] -> 0xFFF5
[4739] [M]: 0x80037064 (0xFFF58593) addi a1, a1, 4095
x11 <- 0x0000FFFF


mem[X,0x80037068] -> 0x0193
mem[X,0x8003706A] -> 0x0000
[4740] [M]: 0x80037068 (0x00000193) addi gp, zero, 0
x3 <- 0x00000000


mem[X,0x8003706C] -> 0x006F
mem[X,0x8003706E] -> 0x00C0
[4741] [M]: 0x8003706C (0x00C0006F) jal zero, 12


mem[X,0x80037078] -> 0x7663
mem[X,0x8003707A] -> 0x00B5
[4742] [M]: 0x80037078 (0x00B57663) bgeu a0, a1, 12


mem[X,0x8003707C] -> 0x8193
mem[X,0x8003707E] -> 0x0021
[4743] [M]: 0x8003707C (0x00218193) addi gp, gp, 2
x3 <- 0x00000002


mem[X,0x80037080] -> 0x006F
mem[X,0x80037082] -> 0x00C0
[4744] [M]: 0x80037080 (0x00C0006F) jal zero, 12


mem[X,0x8003708C] -> 0x2823
mem[X,0x8003708E] -> 0x7831
[4745] [M]: 0x8003708C (0x78312823) sw gp, 1936(sp)
mem[0x8004B8F4] <- 0x00000002


mem[X,0x80037090] -> 0x0537
mem[X,0x80037092] -> 0x0001
[4746] [M]: 0x80037090 (0x00010537) lui a0, 16
x10 <- 0x00010000


mem[X,0x80037094] -> 0x0513
mem[X,0x80037096] -> 0xFFE5
[4747] [M]: 0x80037094 (0xFFE50513) addi a0, a0, 4094
x10 <- 0x0000FFFE


mem[X,0x80037098] -> 0x0593
mem[X,0x8003709A] -> 0x0020
[4748] [M]: 0x80037098 (0x00200593) addi a1, zero, 2
x11 <- 0x00000002


mem[X,0x8003709C] -> 0x0193
mem[X,0x8003709E] -> 0x0000
[4749] [M]: 0x8003709C (0x00000193) addi gp, zero, 0
x3 <- 0x00000000


mem[X,0x800370A0] -> 0x006F
mem[X,0x800370A2] -> 0x0180
[4750] [M]: 0x800370A0 (0x0180006F) jal zero, 24


mem[X,0x800370B8] -> 0x76E3
mem[X,0x800370BA] -> 0xFEB5
[4751] [M]: 0x800370B8 (0xFEB576E3) bgeu a0, a1, 8172


mem[X,0x800370A4] -> 0x8193
mem[X,0x800370A6] -> 0x0011
[4752] [M]: 0x800370A4 (0x00118193) addi gp, gp, 1
x3 <- 0x00000001


mem[X,0x800370A8] -> 0x006F
mem[X,0x800370AA] -> 0x0240
[4753] [M]: 0x800370A8 (0x0240006F) jal zero, 36


mem[X,0x800370CC] -> 0x2A23
mem[X,0x800370CE] -> 0x7831
[4754] [M]: 0x800370CC (0x78312A23) sw gp, 1940(sp)
mem[0x8004B8F8] <- 0x00000001


mem[X,0x800370D0] -> 0x0537
mem[X,0x800370D2] -> 0x0001
[4755] [M]: 0x800370D0 (0x00010537) lui a0, 16
x10 <- 0x00010000


mem[X,0x800370D4] -> 0x0513
mem[X,0x800370D6] -> 0xFFE5
[4756] [M]: 0x800370D4 (0xFFE50513) addi a0, a0, 4094
x10 <- 0x0000FFFE


mem[X,0x800370D8] -> 0x55B7
mem[X,0x800370DA] -> 0x5555
[4757] [M]: 0x800370D8 (0x555555B7) lui a1, 349525
x11 <- 0x55555000


mem[X,0x800370DC] -> 0x8593
mem[X,0x800370DE] -> 0x5545
[4758] [M]: 0x800370DC (0x55458593) addi a1, a1, 1364
x11 <- 0x55555554


mem[X,0x800370E0] -> 0x0193
mem[X,0x800370E2] -> 0x0000
[4759] [M]: 0x800370E0 (0x00000193) addi gp, zero, 0
x3 <- 0x00000000


mem[X,0x800370E4] -> 0x006F
mem[X,0x800370E6] -> 0x00C0
[4760] [M]: 0x800370E4 (0x00C0006F) jal zero, 12


mem[X,0x800370F0] -> 0x7CE3
mem[X,0x800370F2] -> 0xFEB5
[4761] [M]: 0x800370F0 (0xFEB57CE3) bgeu a0, a1, 8184


mem[X,0x800370F4] -> 0x8193
mem[X,0x800370F6] -> 0x0021
[4762] [M]: 0x800370F4 (0x00218193) addi gp, gp, 2
x3 <- 0x00000002


mem[X,0x800370F8] -> 0x006F
mem[X,0x800370FA] -> 0x00C0
[4763] [M]: 0x800370F8 (0x00C0006F) jal zero, 12


mem[X,0x80037104] -> 0x2C23
mem[X,0x80037106] -> 0x7831
[4764] [M]: 0x80037104 (0x78312C23) sw gp, 1944(sp)
mem[0x8004B8FC] <- 0x00000002


mem[X,0x80037108] -> 0x0537
mem[X,0x8003710A] -> 0x0001
[4765] [M]: 0x80037108 (0x00010537) lui a0, 16
x10 <- 0x00010000


mem[X,0x8003710C] -> 0x0513
mem[X,0x8003710E] -> 0xFFE5
[4766] [M]: 0x8003710C (0xFFE50513) addi a0, a0, 4094
x10 <- 0x0000FFFE


mem[X,0x80037110] -> 0xB5B7
mem[X,0x80037112] -> 0xAAAA
[4767] [M]: 0x80037110 (0xAAAAB5B7) lui a1, 699051
x11 <- 0xAAAAB000


mem[X,0x80037114] -> 0x8593
mem[X,0x80037116] -> 0xAA95
[4768] [M]: 0x80037114 (0xAA958593) addi a1, a1, 2729
x11 <- 0xAAAAAAA9


mem[X,0x80037118] -> 0x0193
mem[X,0x8003711A] -> 0x0000
[4769] [M]: 0x80037118 (0x00000193) addi gp, zero, 0
x3 <- 0x00000000


mem[X,0x8003711C] -> 0x006F
mem[X,0x8003711E] -> 0x00C0
[4770] [M]: 0x8003711C (0x00C0006F) jal zero, 12


mem[X,0x80037128] -> 0x7063
mem[X,0x8003712A] -> 0x08B5
[4771] [M]: 0x80037128 (0x08B57063) bgeu a0, a1, 128


mem[X,0x8003712C] -> 0x8193
mem[X,0x8003712E] -> 0x0021
[4772] [M]: 0x8003712C (0x00218193) addi gp, gp, 2
x3 <- 0x00000002


mem[X,0x80037130] -> 0x006F
mem[X,0x80037132] -> 0x0800
[4773] [M]: 0x80037130 (0x0800006F) jal zero, 128


mem[X,0x800371B0] -> 0x2E23
mem[X,0x800371B2] -> 0x7831
[4774] [M]: 0x800371B0 (0x78312E23) sw gp, 1948(sp)
mem[0x8004B900] <- 0x00000002


mem[X,0x800371B4] -> 0x0537
mem[X,0x800371B6] -> 0x0001
[4775] [M]: 0x800371B4 (0x00010537) lui a0, 16
x10 <- 0x00010000


mem[X,0x800371B8] -> 0x0513
mem[X,0x800371BA] -> 0xFFE5
[4776] [M]: 0x800371B8 (0xFFE50513) addi a0, a0, 4094
x10 <- 0x0000FFFE


mem[X,0x800371BC] -> 0x0593
mem[X,0x800371BE] -> 0x0040
[4777] [M]: 0x800371BC (0x00400593) addi a1, zero, 4
x11 <- 0x00000004


mem[X,0x800371C0] -> 0x0193
mem[X,0x800371C2] -> 0x0000
[4778] [M]: 0x800371C0 (0x00000193) addi gp, zero, 0
x3 <- 0x00000000


mem[X,0x800371C4] -> 0x006F
mem[X,0x800371C6] -> 0x00C0
[4779] [M]: 0x800371C4 (0x00C0006F) jal zero, 12


mem[X,0x800371D0] -> 0x7063
mem[X,0x800371D2] -> 0x08B5
[4780] [M]: 0x800371D0 (0x08B57063) bgeu a0, a1, 128


mem[X,0x80037250] -> 0x8193
mem[X,0x80037252] -> 0x0031
[4781] [M]: 0x80037250 (0x00318193) addi gp, gp, 3
x3 <- 0x00000003


mem[X,0x80037254] -> 0x006F
mem[X,0x80037256] -> 0x0040
[4782] [M]: 0x80037254 (0x0040006F) jal zero, 4


mem[X,0x80037258] -> 0x2023
mem[X,0x8003725A] -> 0x7A31
[4783] [M]: 0x80037258 (0x7A312023) sw gp, 1952(sp)
mem[0x8004B904] <- 0x00000003


mem[X,0x8003725C] -> 0x0537
mem[X,0x8003725E] -> 0x0001
[4784] [M]: 0x8003725C (0x00010537) lui a0, 16
x10 <- 0x00010000


mem[X,0x80037260] -> 0x0513
mem[X,0x80037262] -> 0xFFE5
[4785] [M]: 0x80037260 (0xFFE50513) addi a0, a0, 4094
x10 <- 0x0000FFFE


mem[X,0x80037264] -> 0x35B7
mem[X,0x80037266] -> 0x3333
[4786] [M]: 0x80037264 (0x333335B7) lui a1, 209715
x11 <- 0x33333000


mem[X,0x80037268] -> 0x8593
mem[X,0x8003726A] -> 0x3325
[4787] [M]: 0x80037268 (0x33258593) addi a1, a1, 818
x11 <- 0x33333332


mem[X,0x8003726C] -> 0x0193
mem[X,0x8003726E] -> 0x0000
[4788] [M]: 0x8003726C (0x00000193) addi gp, zero, 0
x3 <- 0x00000000


mem[X,0x80037270] -> 0x006F
mem[X,0x80037272] -> 0x00C0
[4789] [M]: 0x80037270 (0x00C0006F) jal zero, 12


mem[X,0x8003727C] -> 0x7CE3
mem[X,0x8003727E] -> 0xFEB5
[4790] [M]: 0x8003727C (0xFEB57CE3) bgeu a0, a1, 8184


mem[X,0x80037280] -> 0x8193
mem[X,0x80037282] -> 0x0021
[4791] [M]: 0x80037280 (0x00218193) addi gp, gp, 2
x3 <- 0x00000002


mem[X,0x80037284] -> 0x006F
mem[X,0x80037286] -> 0x00C0
[4792] [M]: 0x80037284 (0x00C0006F) jal zero, 12


mem[X,0x80037290] -> 0x2223
mem[X,0x80037292] -> 0x7A31
[4793] [M]: 0x80037290 (0x7A312223) sw gp, 1956(sp)
mem[0x8004B908] <- 0x00000002


mem[X,0x80037294] -> 0x0537
mem[X,0x80037296] -> 0x0001
[4794] [M]: 0x80037294 (0x00010537) lui a0, 16
x10 <- 0x00010000


mem[X,0x80037298] -> 0x0513
mem[X,0x8003729A] -> 0xFFE5
[4795] [M]: 0x80037298 (0xFFE50513) addi a0, a0, 4094
x10 <- 0x0000FFFE


mem[X,0x8003729C] -> 0x65B7
mem[X,0x8003729E] -> 0x6666
[4796] [M]: 0x8003729C (0x666665B7) lui a1, 419430
x11 <- 0x66666000


mem[X,0x800372A0] -> 0x8593
mem[X,0x800372A2] -> 0x6655
[4797] [M]: 0x800372A0 (0x66558593) addi a1, a1, 1637
x11 <- 0x66666665


mem[X,0x800372A4] -> 0x0193
mem[X,0x800372A6] -> 0x0000
[4798] [M]: 0x800372A4 (0x00000193) addi gp, zero, 0
x3 <- 0x00000000


mem[X,0x800372A8] -> 0x006F
mem[X,0x800372AA] -> 0x0140
[4799] [M]: 0x800372A8 (0x0140006F) jal zero, 20


clint::tick mtime <- 0x0000000000000030
 clint timer pending at mtime 0x0000000000000030
htif::tick 0x0000000000000000
mem[X,0x800372BC] -> 0x78E3
mem[X,0x800372BE] -> 0xFEB5
[4800] [M]: 0x800372BC (0xFEB578E3) bgeu a0, a1, 8176


mem[X,0x800372C0] -> 0x8193
mem[X,0x800372C2] -> 0x0021
[4801] [M]: 0x800372C0 (0x00218193) addi gp, gp, 2
x3 <- 0x00000002


mem[X,0x800372C4] -> 0x006F
mem[X,0x800372C6] -> 0x00C0
[4802] [M]: 0x800372C4 (0x00C0006F) jal zero, 12


mem[X,0x800372D0] -> 0x2423
mem[X,0x800372D2] -> 0x7A31
[4803] [M]: 0x800372D0 (0x7A312423) sw gp, 1960(sp)
mem[0x8004B90C] <- 0x00000002


mem[X,0x800372D4] -> 0x0537
mem[X,0x800372D6] -> 0x0001
[4804] [M]: 0x800372D4 (0x00010537) lui a0, 16
x10 <- 0x00010000


mem[X,0x800372D8] -> 0x0513
mem[X,0x800372DA] -> 0xFFE5
[4805] [M]: 0x800372D8 (0xFFE50513) addi a0, a0, 4094
x10 <- 0x0000FFFE


mem[X,0x800372DC] -> 0xB5B7
mem[X,0x800372DE] -> 0x0000
[4806] [M]: 0x800372DC (0x0000B5B7) lui a1, 11
x11 <- 0x0000B000


mem[X,0x800372E0] -> 0x8593
mem[X,0x800372E2] -> 0x5035
[4807] [M]: 0x800372E0 (0x50358593) addi a1, a1, 1283
x11 <- 0x0000B503


mem[X,0x800372E4] -> 0x0193
mem[X,0x800372E6] -> 0x0000
[4808] [M]: 0x800372E4 (0x00000193) addi gp, zero, 0
x3 <- 0x00000000


mem[X,0x800372E8] -> 0x006F
mem[X,0x800372EA] -> 0x00C0
[4809] [M]: 0x800372E8 (0x00C0006F) jal zero, 12


mem[X,0x800372F4] -> 0x7063
mem[X,0x800372F6] -> 0x02B5
[4810] [M]: 0x800372F4 (0x02B57063) bgeu a0, a1, 32


mem[X,0x80037314] -> 0x8193
mem[X,0x80037316] -> 0x0031
[4811] [M]: 0x80037314 (0x00318193) addi gp, gp, 3
x3 <- 0x00000003


mem[X,0x80037318] -> 0x006F
mem[X,0x8003731A] -> 0x0040
[4812] [M]: 0x80037318 (0x0040006F) jal zero, 4


mem[X,0x8003731C] -> 0x2623
mem[X,0x8003731E] -> 0x7A31
[4813] [M]: 0x8003731C (0x7A312623) sw gp, 1964(sp)
mem[0x8004B910] <- 0x00000003


mem[X,0x80037320] -> 0x0537
mem[X,0x80037322] -> 0x0001
[4814] [M]: 0x80037320 (0x00010537) lui a0, 16
x10 <- 0x00010000


mem[X,0x80037324] -> 0x0513
mem[X,0x80037326] -> 0xFFE5
[4815] [M]: 0x80037324 (0xFFE50513) addi a0, a0, 4094
x10 <- 0x0000FFFE


mem[X,0x80037328] -> 0x05B7
mem[X,0x8003732A] -> 0x0001
[4816] [M]: 0x80037328 (0x000105B7) lui a1, 16
x11 <- 0x00010000


mem[X,0x8003732C] -> 0x8593
mem[X,0x8003732E] -> 0xFFE5
[4817] [M]: 0x8003732C (0xFFE58593) addi a1, a1, 4094
x11 <- 0x0000FFFE


mem[X,0x80037330] -> 0x0193
mem[X,0x80037332] -> 0x0000
[4818] [M]: 0x80037330 (0x00000193) addi gp, zero, 0
x3 <- 0x00000000


mem[X,0x80037334] -> 0x006F
mem[X,0x80037336] -> 0x00C0
[4819] [M]: 0x80037334 (0x00C0006F) jal zero, 12


mem[X,0x80037340] -> 0x7063
mem[X,0x80037342] -> 0x40B5
[4820] [M]: 0x80037340 (0x40B57063) bgeu a0, a1, 1024


mem[X,0x80037740] -> 0x8193
mem[X,0x80037742] -> 0x0031
[4821] [M]: 0x80037740 (0x00318193) addi gp, gp, 3
x3 <- 0x00000003


mem[X,0x80037744] -> 0x006F
mem[X,0x80037746] -> 0x0040
[4822] [M]: 0x80037744 (0x0040006F) jal zero, 4


mem[X,0x80037748] -> 0x2823
mem[X,0x8003774A] -> 0x7A31
[4823] [M]: 0x80037748 (0x7A312823) sw gp, 1968(sp)
mem[0x8004B914] <- 0x00000003


mem[X,0x8003774C] -> 0x0537
mem[X,0x8003774E] -> 0x0001
[4824] [M]: 0x8003774C (0x00010537) lui a0, 16
x10 <- 0x00010000


mem[X,0x80037750] -> 0x0513
mem[X,0x80037752] -> 0xFFE5
[4825] [M]: 0x80037750 (0xFFE50513) addi a0, a0, 4094
x10 <- 0x0000FFFE


mem[X,0x80037754] -> 0x55B7
mem[X,0x80037756] -> 0x5555
[4826] [M]: 0x80037754 (0x555555B7) lui a1, 349525
x11 <- 0x55555000


mem[X,0x80037758] -> 0x8593
mem[X,0x8003775A] -> 0x5565
[4827] [M]: 0x80037758 (0x55658593) addi a1, a1, 1366
x11 <- 0x55555556


mem[X,0x8003775C] -> 0x0193
mem[X,0x8003775E] -> 0x0000
[4828] [M]: 0x8003775C (0x00000193) addi gp, zero, 0
x3 <- 0x00000000


mem[X,0x80037760] -> 0x006F
mem[X,0x80037762] -> 0x00C0
[4829] [M]: 0x80037760 (0x00C0006F) jal zero, 12


mem[X,0x8003776C] -> 0x7CE3
mem[X,0x8003776E] -> 0xFEB5
[4830] [M]: 0x8003776C (0xFEB57CE3) bgeu a0, a1, 8184


mem[X,0x80037770] -> 0x8193
mem[X,0x80037772] -> 0x0021
[4831] [M]: 0x80037770 (0x00218193) addi gp, gp, 2
x3 <- 0x00000002


mem[X,0x80037774] -> 0x006F
mem[X,0x80037776] -> 0x00C0
[4832] [M]: 0x80037774 (0x00C0006F) jal zero, 12


mem[X,0x80037780] -> 0x2A23
mem[X,0x80037782] -> 0x7A31
[4833] [M]: 0x80037780 (0x7A312A23) sw gp, 1972(sp)
mem[0x8004B918] <- 0x00000002


mem[X,0x80037784] -> 0x0537
mem[X,0x80037786] -> 0x0001
[4834] [M]: 0x80037784 (0x00010537) lui a0, 16
x10 <- 0x00010000


mem[X,0x80037788] -> 0x0513
mem[X,0x8003778A] -> 0xFFE5
[4835] [M]: 0x80037788 (0xFFE50513) addi a0, a0, 4094
x10 <- 0x0000FFFE


mem[X,0x8003778C] -> 0xB5B7
mem[X,0x8003778E] -> 0xAAAA
[4836] [M]: 0x8003778C (0xAAAAB5B7) lui a1, 699051
x11 <- 0xAAAAB000


mem[X,0x80037790] -> 0x8593
mem[X,0x80037792] -> 0xAAB5
[4837] [M]: 0x80037790 (0xAAB58593) addi a1, a1, 2731
x11 <- 0xAAAAAAAB


mem[X,0x80037794] -> 0x0193
mem[X,0x80037796] -> 0x0000
[4838] [M]: 0x80037794 (0x00000193) addi gp, zero, 0
x3 <- 0x00000000


mem[X,0x80037798] -> 0x006F
mem[X,0x8003779A] -> 0x00C0
[4839] [M]: 0x80037798 (0x00C0006F) jal zero, 12


mem[X,0x800377A4] -> 0x7063
mem[X,0x800377A6] -> 0x08B5
[4840] [M]: 0x800377A4 (0x08B57063) bgeu a0, a1, 128


mem[X,0x800377A8] -> 0x8193
mem[X,0x800377AA] -> 0x0021
[4841] [M]: 0x800377A8 (0x00218193) addi gp, gp, 2
x3 <- 0x00000002


mem[X,0x800377AC] -> 0x006F
mem[X,0x800377AE] -> 0x0800
[4842] [M]: 0x800377AC (0x0800006F) jal zero, 128


mem[X,0x8003782C] -> 0x2C23
mem[X,0x8003782E] -> 0x7A31
[4843] [M]: 0x8003782C (0x7A312C23) sw gp, 1976(sp)
mem[0x8004B91C] <- 0x00000002


mem[X,0x80037830] -> 0x0537
mem[X,0x80037832] -> 0x0001
[4844] [M]: 0x80037830 (0x00010537) lui a0, 16
x10 <- 0x00010000


mem[X,0x80037834] -> 0x0513
mem[X,0x80037836] -> 0xFFE5
[4845] [M]: 0x80037834 (0xFFE50513) addi a0, a0, 4094
x10 <- 0x0000FFFE


mem[X,0x80037838] -> 0x0593
mem[X,0x8003783A] -> 0x0060
[4846] [M]: 0x80037838 (0x00600593) addi a1, zero, 6
x11 <- 0x00000006


mem[X,0x8003783C] -> 0x0193
mem[X,0x8003783E] -> 0x0000
[4847] [M]: 0x8003783C (0x00000193) addi gp, zero, 0
x3 <- 0x00000000


mem[X,0x80037840] -> 0x006F
mem[X,0x80037842] -> 0x00C0
[4848] [M]: 0x80037840 (0x00C0006F) jal zero, 12


mem[X,0x8003784C] -> 0x7CE3
mem[X,0x8003784E] -> 0xFEB5
[4849] [M]: 0x8003784C (0xFEB57CE3) bgeu a0, a1, 8184


mem[X,0x80037844] -> 0x8193
mem[X,0x80037846] -> 0x0011
[4850] [M]: 0x80037844 (0x00118193) addi gp, gp, 1
x3 <- 0x00000001


mem[X,0x80037848] -> 0x006F
mem[X,0x8003784A] -> 0x0180
[4851] [M]: 0x80037848 (0x0180006F) jal zero, 24


mem[X,0x80037860] -> 0x2E23
mem[X,0x80037862] -> 0x7A31
[4852] [M]: 0x80037860 (0x7A312E23) sw gp, 1980(sp)
mem[0x8004B920] <- 0x00000001


mem[X,0x80037864] -> 0x0537
mem[X,0x80037866] -> 0x0001
[4853] [M]: 0x80037864 (0x00010537) lui a0, 16
x10 <- 0x00010000


mem[X,0x80037868] -> 0x0513
mem[X,0x8003786A] -> 0xFFE5
[4854] [M]: 0x80037868 (0xFFE50513) addi a0, a0, 4094
x10 <- 0x0000FFFE


mem[X,0x8003786C] -> 0x35B7
mem[X,0x8003786E] -> 0x3333
[4855] [M]: 0x8003786C (0x333335B7) lui a1, 209715
x11 <- 0x33333000


mem[X,0x80037870] -> 0x8593
mem[X,0x80037872] -> 0x3345
[4856] [M]: 0x80037870 (0x33458593) addi a1, a1, 820
x11 <- 0x33333334


mem[X,0x80037874] -> 0x0193
mem[X,0x80037876] -> 0x0000
[4857] [M]: 0x80037874 (0x00000193) addi gp, zero, 0
x3 <- 0x00000000


mem[X,0x80037878] -> 0x006F
mem[X,0x8003787A] -> 0x00C0
[4858] [M]: 0x80037878 (0x00C0006F) jal zero, 12


mem[X,0x80037884] -> 0x7063
mem[X,0x80037886] -> 0x10B5
[4859] [M]: 0x80037884 (0x10B57063) bgeu a0, a1, 256


mem[X,0x80037888] -> 0x8193
mem[X,0x8003788A] -> 0x0021
[4860] [M]: 0x80037888 (0x00218193) addi gp, gp, 2
x3 <- 0x00000002


mem[X,0x8003788C] -> 0x006F
mem[X,0x8003788E] -> 0x1000
[4861] [M]: 0x8003788C (0x1000006F) jal zero, 256


mem[X,0x8003798C] -> 0x2023
mem[X,0x8003798E] -> 0x7C31
[4862] [M]: 0x8003798C (0x7C312023) sw gp, 1984(sp)
mem[0x8004B924] <- 0x00000002


mem[X,0x80037990] -> 0x0537
mem[X,0x80037992] -> 0x0001
[4863] [M]: 0x80037990 (0x00010537) lui a0, 16
x10 <- 0x00010000


mem[X,0x80037994] -> 0x0513
mem[X,0x80037996] -> 0xFFE5
[4864] [M]: 0x80037994 (0xFFE50513) addi a0, a0, 4094
x10 <- 0x0000FFFE


mem[X,0x80037998] -> 0x65B7
mem[X,0x8003799A] -> 0x6666
[4865] [M]: 0x80037998 (0x666665B7) lui a1, 419430
x11 <- 0x66666000


mem[X,0x8003799C] -> 0x8593
mem[X,0x8003799E] -> 0x6675
[4866] [M]: 0x8003799C (0x66758593) addi a1, a1, 1639
x11 <- 0x66666667


mem[X,0x800379A0] -> 0x0193
mem[X,0x800379A2] -> 0x0000
[4867] [M]: 0x800379A0 (0x00000193) addi gp, zero, 0
x3 <- 0x00000000


mem[X,0x800379A4] -> 0x006F
mem[X,0x800379A6] -> 0x00C0
[4868] [M]: 0x800379A4 (0x00C0006F) jal zero, 12


mem[X,0x800379B0] -> 0x7CE3
mem[X,0x800379B2] -> 0xFEB5
[4869] [M]: 0x800379B0 (0xFEB57CE3) bgeu a0, a1, 8184


mem[X,0x800379B4] -> 0x8193
mem[X,0x800379B6] -> 0x0021
[4870] [M]: 0x800379B4 (0x00218193) addi gp, gp, 2
x3 <- 0x00000002


mem[X,0x800379B8] -> 0x006F
mem[X,0x800379BA] -> 0x00C0
[4871] [M]: 0x800379B8 (0x00C0006F) jal zero, 12


mem[X,0x800379C4] -> 0x2223
mem[X,0x800379C6] -> 0x7C31
[4872] [M]: 0x800379C4 (0x7C312223) sw gp, 1988(sp)
mem[0x8004B928] <- 0x00000002


mem[X,0x800379C8] -> 0x0537
mem[X,0x800379CA] -> 0x0001
[4873] [M]: 0x800379C8 (0x00010537) lui a0, 16
x10 <- 0x00010000


mem[X,0x800379CC] -> 0x0513
mem[X,0x800379CE] -> 0xFFE5
[4874] [M]: 0x800379CC (0xFFE50513) addi a0, a0, 4094
x10 <- 0x0000FFFE


mem[X,0x800379D0] -> 0xB5B7
mem[X,0x800379D2] -> 0x0000
[4875] [M]: 0x800379D0 (0x0000B5B7) lui a1, 11
x11 <- 0x0000B000


mem[X,0x800379D4] -> 0x8593
mem[X,0x800379D6] -> 0x5055
[4876] [M]: 0x800379D4 (0x50558593) addi a1, a1, 1285
x11 <- 0x0000B505


mem[X,0x800379D8] -> 0x0193
mem[X,0x800379DA] -> 0x0000
[4877] [M]: 0x800379D8 (0x00000193) addi gp, zero, 0
x3 <- 0x00000000


mem[X,0x800379DC] -> 0x006F
mem[X,0x800379DE] -> 0x00C0
[4878] [M]: 0x800379DC (0x00C0006F) jal zero, 12


mem[X,0x800379E8] -> 0x7CE3
mem[X,0x800379EA] -> 0xFEB5
[4879] [M]: 0x800379E8 (0xFEB57CE3) bgeu a0, a1, 8184


mem[X,0x800379E0] -> 0x8193
mem[X,0x800379E2] -> 0x0011
[4880] [M]: 0x800379E0 (0x00118193) addi gp, gp, 1
x3 <- 0x00000001


mem[X,0x800379E4] -> 0x006F
mem[X,0x800379E6] -> 0x0180
[4881] [M]: 0x800379E4 (0x0180006F) jal zero, 24


mem[X,0x800379FC] -> 0x2423
mem[X,0x800379FE] -> 0x7C31
[4882] [M]: 0x800379FC (0x7C312423) sw gp, 1992(sp)
mem[0x8004B92C] <- 0x00000001


mem[X,0x80037A00] -> 0x0537
mem[X,0x80037A02] -> 0x0001
[4883] [M]: 0x80037A00 (0x00010537) lui a0, 16
x10 <- 0x00010000


mem[X,0x80037A04] -> 0x0513
mem[X,0x80037A06] -> 0xFFE5
[4884] [M]: 0x80037A04 (0xFFE50513) addi a0, a0, 4094
x10 <- 0x0000FFFE


mem[X,0x80037A08] -> 0x0593
mem[X,0x80037A0A] -> 0x0010
[4885] [M]: 0x80037A08 (0x00100593) addi a1, zero, 1
x11 <- 0x00000001


mem[X,0x80037A0C] -> 0x0193
mem[X,0x80037A0E] -> 0x0000
[4886] [M]: 0x80037A0C (0x00000193) addi gp, zero, 0
x3 <- 0x00000000


mem[X,0x80037A10] -> 0x006F
mem[X,0x80037A12] -> 0x00C0
[4887] [M]: 0x80037A10 (0x00C0006F) jal zero, 12


mem[X,0x80037A1C] -> 0x7063
mem[X,0x80037A1E] -> 0x04B5
[4888] [M]: 0x80037A1C (0x04B57063) bgeu a0, a1, 64


mem[X,0x80037A5C] -> 0x8193
mem[X,0x80037A5E] -> 0x0031
[4889] [M]: 0x80037A5C (0x00318193) addi gp, gp, 3
x3 <- 0x00000003


mem[X,0x80037A60] -> 0x006F
mem[X,0x80037A62] -> 0x0040
[4890] [M]: 0x80037A60 (0x0040006F) jal zero, 4


mem[X,0x80037A64] -> 0x2623
mem[X,0x80037A66] -> 0x7C31
[4891] [M]: 0x80037A64 (0x7C312623) sw gp, 1996(sp)
mem[0x8004B930] <- 0x00000003


mem[X,0x80037A68] -> 0x0537
mem[X,0x80037A6A] -> 0x0001
[4892] [M]: 0x80037A68 (0x00010537) lui a0, 16
x10 <- 0x00010000


mem[X,0x80037A6C] -> 0x0513
mem[X,0x80037A6E] -> 0xFFE5
[4893] [M]: 0x80037A6C (0xFFE50513) addi a0, a0, 4094
x10 <- 0x0000FFFE


mem[X,0x80037A70] -> 0x05B7
mem[X,0x80037A72] -> 0x0001
[4894] [M]: 0x80037A70 (0x000105B7) lui a1, 16
x11 <- 0x00010000


mem[X,0x80037A74] -> 0x0193
mem[X,0x80037A76] -> 0x0000
[4895] [M]: 0x80037A74 (0x00000193) addi gp, zero, 0
x3 <- 0x00000000


mem[X,0x80037A78] -> 0x006F
mem[X,0x80037A7A] -> 0x00C0
[4896] [M]: 0x80037A78 (0x00C0006F) jal zero, 12


mem[X,0x80037A84] -> 0x7063
mem[X,0x80037A86] -> 0x02B5
[4897] [M]: 0x80037A84 (0x02B57063) bgeu a0, a1, 32


mem[X,0x80037A88] -> 0x8193
mem[X,0x80037A8A] -> 0x0021
[4898] [M]: 0x80037A88 (0x00218193) addi gp, gp, 2
x3 <- 0x00000002


mem[X,0x80037A8C] -> 0x006F
mem[X,0x80037A8E] -> 0x0200
[4899] [M]: 0x80037A8C (0x0200006F) jal zero, 32


clint::tick mtime <- 0x0000000000000031
 clint timer pending at mtime 0x0000000000000031
htif::tick 0x0000000000000000
mem[X,0x80037AAC] -> 0x2823
mem[X,0x80037AAE] -> 0x7C31
[4900] [M]: 0x80037AAC (0x7C312823) sw gp, 2000(sp)
mem[0x8004B934] <- 0x00000002


mem[X,0x80037AB0] -> 0x5537
mem[X,0x80037AB2] -> 0x5555
[4901] [M]: 0x80037AB0 (0x55555537) lui a0, 349525
x10 <- 0x55555000


mem[X,0x80037AB4] -> 0x0513
mem[X,0x80037AB6] -> 0x5565
[4902] [M]: 0x80037AB4 (0x55650513) addi a0, a0, 1366
x10 <- 0x55555556


mem[X,0x80037AB8] -> 0x0593
mem[X,0x80037ABA] -> 0x0030
[4903] [M]: 0x80037AB8 (0x00300593) addi a1, zero, 3
x11 <- 0x00000003


mem[X,0x80037ABC] -> 0x0193
mem[X,0x80037ABE] -> 0x0000
[4904] [M]: 0x80037ABC (0x00000193) addi gp, zero, 0
x3 <- 0x00000000


mem[X,0x80037AC0] -> 0x006F
mem[X,0x80037AC2] -> 0x00C0
[4905] [M]: 0x80037AC0 (0x00C0006F) jal zero, 12


mem[X,0x80037ACC] -> 0x7663
mem[X,0x80037ACE] -> 0x00B5
[4906] [M]: 0x80037ACC (0x00B57663) bgeu a0, a1, 12


mem[X,0x80037AD8] -> 0x8193
mem[X,0x80037ADA] -> 0x0031
[4907] [M]: 0x80037AD8 (0x00318193) addi gp, gp, 3
x3 <- 0x00000003


mem[X,0x80037ADC] -> 0x006F
mem[X,0x80037ADE] -> 0x0040
[4908] [M]: 0x80037ADC (0x0040006F) jal zero, 4


mem[X,0x80037AE0] -> 0x2A23
mem[X,0x80037AE2] -> 0x7C31
[4909] [M]: 0x80037AE0 (0x7C312A23) sw gp, 2004(sp)
mem[0x8004B938] <- 0x00000003


mem[X,0x80037AE4] -> 0x5537
mem[X,0x80037AE6] -> 0x5555
[4910] [M]: 0x80037AE4 (0x55555537) lui a0, 349525
x10 <- 0x55555000


mem[X,0x80037AE8] -> 0x0513
mem[X,0x80037AEA] -> 0x5565
[4911] [M]: 0x80037AE8 (0x55650513) addi a0, a0, 1366
x10 <- 0x55555556


mem[X,0x80037AEC] -> 0x55B7
mem[X,0x80037AEE] -> 0x5555
[4912] [M]: 0x80037AEC (0x555555B7) lui a1, 349525
x11 <- 0x55555000


mem[X,0x80037AF0] -> 0x8593
mem[X,0x80037AF2] -> 0x5555
[4913] [M]: 0x80037AF0 (0x55558593) addi a1, a1, 1365
x11 <- 0x55555555


mem[X,0x80037AF4] -> 0x0193
mem[X,0x80037AF6] -> 0x0000
[4914] [M]: 0x80037AF4 (0x00000193) addi gp, zero, 0
x3 <- 0x00000000


mem[X,0x80037AF8] -> 0x006F
mem[X,0x80037AFA] -> 0x00C0
[4915] [M]: 0x80037AF8 (0x00C0006F) jal zero, 12


mem[X,0x80037B04] -> 0x7063
mem[X,0x80037B06] -> 0x10B5
[4916] [M]: 0x80037B04 (0x10B57063) bgeu a0, a1, 256


mem[X,0x80037C04] -> 0x8193
mem[X,0x80037C06] -> 0x0031
[4917] [M]: 0x80037C04 (0x00318193) addi gp, gp, 3
x3 <- 0x00000003


mem[X,0x80037C08] -> 0x006F
mem[X,0x80037C0A] -> 0x0040
[4918] [M]: 0x80037C08 (0x0040006F) jal zero, 4


mem[X,0x80037C0C] -> 0x2C23
mem[X,0x80037C0E] -> 0x7C31
[4919] [M]: 0x80037C0C (0x7C312C23) sw gp, 2008(sp)
mem[0x8004B93C] <- 0x00000003


mem[X,0x80037C10] -> 0x5537
mem[X,0x80037C12] -> 0x5555
[4920] [M]: 0x80037C10 (0x55555537) lui a0, 349525
x10 <- 0x55555000


mem[X,0x80037C14] -> 0x0513
mem[X,0x80037C16] -> 0x5565
[4921] [M]: 0x80037C14 (0x55650513) addi a0, a0, 1366
x10 <- 0x55555556


mem[X,0x80037C18] -> 0xB5B7
mem[X,0x80037C1A] -> 0xAAAA
[4922] [M]: 0x80037C18 (0xAAAAB5B7) lui a1, 699051
x11 <- 0xAAAAB000


mem[X,0x80037C1C] -> 0x8593
mem[X,0x80037C1E] -> 0xAAA5
[4923] [M]: 0x80037C1C (0xAAA58593) addi a1, a1, 2730
x11 <- 0xAAAAAAAA


mem[X,0x80037C20] -> 0x0193
mem[X,0x80037C22] -> 0x0000
[4924] [M]: 0x80037C20 (0x00000193) addi gp, zero, 0
x3 <- 0x00000000


mem[X,0x80037C24] -> 0x006F
mem[X,0x80037C26] -> 0x00C0
[4925] [M]: 0x80037C24 (0x00C0006F) jal zero, 12


mem[X,0x80037C30] -> 0x7663
mem[X,0x80037C32] -> 0x00B5
[4926] [M]: 0x80037C30 (0x00B57663) bgeu a0, a1, 12


mem[X,0x80037C34] -> 0x8193
mem[X,0x80037C36] -> 0x0021
[4927] [M]: 0x80037C34 (0x00218193) addi gp, gp, 2
x3 <- 0x00000002


mem[X,0x80037C38] -> 0x006F
mem[X,0x80037C3A] -> 0x00C0
[4928] [M]: 0x80037C38 (0x00C0006F) jal zero, 12


mem[X,0x80037C44] -> 0x2E23
mem[X,0x80037C46] -> 0x7C31
[4929] [M]: 0x80037C44 (0x7C312E23) sw gp, 2012(sp)
mem[0x8004B940] <- 0x00000002


mem[X,0x80037C48] -> 0x5537
mem[X,0x80037C4A] -> 0x5555
[4930] [M]: 0x80037C48 (0x55555537) lui a0, 349525
x10 <- 0x55555000


mem[X,0x80037C4C] -> 0x0513
mem[X,0x80037C4E] -> 0x5565
[4931] [M]: 0x80037C4C (0x55650513) addi a0, a0, 1366
x10 <- 0x55555556


mem[X,0x80037C50] -> 0x0593
mem[X,0x80037C52] -> 0x0050
[4932] [M]: 0x80037C50 (0x00500593) addi a1, zero, 5
x11 <- 0x00000005


mem[X,0x80037C54] -> 0x0193
mem[X,0x80037C56] -> 0x0000
[4933] [M]: 0x80037C54 (0x00000193) addi gp, zero, 0
x3 <- 0x00000000


mem[X,0x80037C58] -> 0x006F
mem[X,0x80037C5A] -> 0x00C0
[4934] [M]: 0x80037C58 (0x00C0006F) jal zero, 12


mem[X,0x80037C64] -> 0x7CE3
mem[X,0x80037C66] -> 0xFEB5
[4935] [M]: 0x80037C64 (0xFEB57CE3) bgeu a0, a1, 8184


mem[X,0x80037C5C] -> 0x8193
mem[X,0x80037C5E] -> 0x0011
[4936] [M]: 0x80037C5C (0x00118193) addi gp, gp, 1
x3 <- 0x00000001


mem[X,0x80037C60] -> 0x006F
mem[X,0x80037C62] -> 0x0180
[4937] [M]: 0x80037C60 (0x0180006F) jal zero, 24


mem[X,0x80037C78] -> 0x2023
mem[X,0x80037C7A] -> 0x7E31
[4938] [M]: 0x80037C78 (0x7E312023) sw gp, 2016(sp)
mem[0x8004B944] <- 0x00000001


mem[X,0x80037C7C] -> 0x5537
mem[X,0x80037C7E] -> 0x5555
[4939] [M]: 0x80037C7C (0x55555537) lui a0, 349525
x10 <- 0x55555000


mem[X,0x80037C80] -> 0x0513
mem[X,0x80037C82] -> 0x5565
[4940] [M]: 0x80037C80 (0x55650513) addi a0, a0, 1366
x10 <- 0x55555556


mem[X,0x80037C84] -> 0x35B7
mem[X,0x80037C86] -> 0x3333
[4941] [M]: 0x80037C84 (0x333335B7) lui a1, 209715
x11 <- 0x33333000


mem[X,0x80037C88] -> 0x8593
mem[X,0x80037C8A] -> 0x3335
[4942] [M]: 0x80037C88 (0x33358593) addi a1, a1, 819
x11 <- 0x33333333


mem[X,0x80037C8C] -> 0x0193
mem[X,0x80037C8E] -> 0x0000
[4943] [M]: 0x80037C8C (0x00000193) addi gp, zero, 0
x3 <- 0x00000000


mem[X,0x80037C90] -> 0x006F
mem[X,0x80037C92] -> 0x00C0
[4944] [M]: 0x80037C90 (0x00C0006F) jal zero, 12


mem[X,0x80037C9C] -> 0x7063
mem[X,0x80037C9E] -> 0x02B5
[4945] [M]: 0x80037C9C (0x02B57063) bgeu a0, a1, 32


mem[X,0x80037CBC] -> 0x8193
mem[X,0x80037CBE] -> 0x0031
[4946] [M]: 0x80037CBC (0x00318193) addi gp, gp, 3
x3 <- 0x00000003


mem[X,0x80037CC0] -> 0x006F
mem[X,0x80037CC2] -> 0x0040
[4947] [M]: 0x80037CC0 (0x0040006F) jal zero, 4


mem[X,0x80037CC4] -> 0x2223
mem[X,0x80037CC6] -> 0x7E31
[4948] [M]: 0x80037CC4 (0x7E312223) sw gp, 2020(sp)
mem[0x8004B948] <- 0x00000003


mem[X,0x80037CC8] -> 0x5537
mem[X,0x80037CCA] -> 0x5555
[4949] [M]: 0x80037CC8 (0x55555537) lui a0, 349525
x10 <- 0x55555000


mem[X,0x80037CCC] -> 0x0513
mem[X,0x80037CCE] -> 0x5565
[4950] [M]: 0x80037CCC (0x55650513) addi a0, a0, 1366
x10 <- 0x55555556


mem[X,0x80037CD0] -> 0x65B7
mem[X,0x80037CD2] -> 0x6666
[4951] [M]: 0x80037CD0 (0x666665B7) lui a1, 419430
x11 <- 0x66666000


mem[X,0x80037CD4] -> 0x8593
mem[X,0x80037CD6] -> 0x6665
[4952] [M]: 0x80037CD4 (0x66658593) addi a1, a1, 1638
x11 <- 0x66666666


mem[X,0x80037CD8] -> 0x0193
mem[X,0x80037CDA] -> 0x0000
[4953] [M]: 0x80037CD8 (0x00000193) addi gp, zero, 0
x3 <- 0x00000000


mem[X,0x80037CDC] -> 0x006F
mem[X,0x80037CDE] -> 0x00C0
[4954] [M]: 0x80037CDC (0x00C0006F) jal zero, 12


mem[X,0x80037CE8] -> 0x7663
mem[X,0x80037CEA] -> 0x00B5
[4955] [M]: 0x80037CE8 (0x00B57663) bgeu a0, a1, 12


mem[X,0x80037CEC] -> 0x8193
mem[X,0x80037CEE] -> 0x0021
[4956] [M]: 0x80037CEC (0x00218193) addi gp, gp, 2
x3 <- 0x00000002


mem[X,0x80037CF0] -> 0x006F
mem[X,0x80037CF2] -> 0x00C0
[4957] [M]: 0x80037CF0 (0x00C0006F) jal zero, 12


mem[X,0x80037CFC] -> 0x2423
mem[X,0x80037CFE] -> 0x7E31
[4958] [M]: 0x80037CFC (0x7E312423) sw gp, 2024(sp)
mem[0x8004B94C] <- 0x00000002


mem[X,0x80037D00] -> 0x5537
mem[X,0x80037D02] -> 0x5555
[4959] [M]: 0x80037D00 (0x55555537) lui a0, 349525
x10 <- 0x55555000


mem[X,0x80037D04] -> 0x0513
mem[X,0x80037D06] -> 0x5565
[4960] [M]: 0x80037D04 (0x55650513) addi a0, a0, 1366
x10 <- 0x55555556


mem[X,0x80037D08] -> 0xB5B7
mem[X,0x80037D0A] -> 0x0000
[4961] [M]: 0x80037D08 (0x0000B5B7) lui a1, 11
x11 <- 0x0000B000


mem[X,0x80037D0C] -> 0x8593
mem[X,0x80037D0E] -> 0x5045
[4962] [M]: 0x80037D0C (0x50458593) addi a1, a1, 1284
x11 <- 0x0000B504


mem[X,0x80037D10] -> 0x0193
mem[X,0x80037D12] -> 0x0000
[4963] [M]: 0x80037D10 (0x00000193) addi gp, zero, 0
x3 <- 0x00000000


mem[X,0x80037D14] -> 0x006F
mem[X,0x80037D16] -> 0x0100
[4964] [M]: 0x80037D14 (0x0100006F) jal zero, 16


mem[X,0x80037D24] -> 0x7AE3
mem[X,0x80037D26] -> 0xFEB5
[4965] [M]: 0x80037D24 (0xFEB57AE3) bgeu a0, a1, 8180


mem[X,0x80037D18] -> 0x8193
mem[X,0x80037D1A] -> 0x0011
[4966] [M]: 0x80037D18 (0x00118193) addi gp, gp, 1
x3 <- 0x00000001


mem[X,0x80037D1C] -> 0x006F
mem[X,0x80037D1E] -> 0x01C0
[4967] [M]: 0x80037D1C (0x01C0006F) jal zero, 28


mem[X,0x80037D38] -> 0x2623
mem[X,0x80037D3A] -> 0x7E31
[4968] [M]: 0x80037D38 (0x7E312623) sw gp, 2028(sp)
mem[0x8004B950] <- 0x00000001


mem[X,0x80037D3C] -> 0x5537
mem[X,0x80037D3E] -> 0x5555
[4969] [M]: 0x80037D3C (0x55555537) lui a0, 349525
x10 <- 0x55555000


mem[X,0x80037D40] -> 0x0513
mem[X,0x80037D42] -> 0x5565
[4970] [M]: 0x80037D40 (0x55650513) addi a0, a0, 1366
x10 <- 0x55555556


mem[X,0x80037D44] -> 0x0593
mem[X,0x80037D46] -> 0x0000
[4971] [M]: 0x80037D44 (0x00000593) addi a1, zero, 0
x11 <- 0x00000000


mem[X,0x80037D48] -> 0x0193
mem[X,0x80037D4A] -> 0x0000
[4972] [M]: 0x80037D48 (0x00000193) addi gp, zero, 0
x3 <- 0x00000000


mem[X,0x80037D4C] -> 0x006F
mem[X,0x80037D4E] -> 0x00C0
[4973] [M]: 0x80037D4C (0x00C0006F) jal zero, 12


mem[X,0x80037D58] -> 0x7063
mem[X,0x80037D5A] -> 0x20B5
[4974] [M]: 0x80037D58 (0x20B57063) bgeu a0, a1, 512


mem[X,0x80037F58] -> 0x8193
mem[X,0x80037F5A] -> 0x0031
[4975] [M]: 0x80037F58 (0x00318193) addi gp, gp, 3
x3 <- 0x00000003


mem[X,0x80037F5C] -> 0x006F
mem[X,0x80037F5E] -> 0x0040
[4976] [M]: 0x80037F5C (0x0040006F) jal zero, 4


mem[X,0x80037F60] -> 0x2823
mem[X,0x80037F62] -> 0x7E31
[4977] [M]: 0x80037F60 (0x7E312823) sw gp, 2032(sp)
mem[0x8004B954] <- 0x00000003


mem[X,0x80037F64] -> 0x5537
mem[X,0x80037F66] -> 0x5555
[4978] [M]: 0x80037F64 (0x55555537) lui a0, 349525
x10 <- 0x55555000


mem[X,0x80037F68] -> 0x0513
mem[X,0x80037F6A] -> 0x5565
[4979] [M]: 0x80037F68 (0x55650513) addi a0, a0, 1366
x10 <- 0x55555556


mem[X,0x80037F6C] -> 0x05B7
mem[X,0x80037F6E] -> 0x0001
[4980] [M]: 0x80037F6C (0x000105B7) lui a1, 16
x11 <- 0x00010000


mem[X,0x80037F70] -> 0x8593
mem[X,0x80037F72] -> 0xFFF5
[4981] [M]: 0x80037F70 (0xFFF58593) addi a1, a1, 4095
x11 <- 0x0000FFFF


mem[X,0x80037F74] -> 0x0193
mem[X,0x80037F76] -> 0x0000
[4982] [M]: 0x80037F74 (0x00000193) addi gp, zero, 0
x3 <- 0x00000000


mem[X,0x80037F78] -> 0x006F
mem[X,0x80037F7A] -> 0x0180
[4983] [M]: 0x80037F78 (0x0180006F) jal zero, 24


mem[X,0x80037F90] -> 0x76E3
mem[X,0x80037F92] -> 0xFEB5
[4984] [M]: 0x80037F90 (0xFEB576E3) bgeu a0, a1, 8172


mem[X,0x80037F7C] -> 0x8193
mem[X,0x80037F7E] -> 0x0011
[4985] [M]: 0x80037F7C (0x00118193) addi gp, gp, 1
x3 <- 0x00000001


mem[X,0x80037F80] -> 0x006F
mem[X,0x80037F82] -> 0x0240
[4986] [M]: 0x80037F80 (0x0240006F) jal zero, 36


mem[X,0x80037FA4] -> 0x2A23
mem[X,0x80037FA6] -> 0x7E31
[4987] [M]: 0x80037FA4 (0x7E312A23) sw gp, 2036(sp)
mem[0x8004B958] <- 0x00000001


mem[X,0x80037FA8] -> 0x5537
mem[X,0x80037FAA] -> 0x5555
[4988] [M]: 0x80037FA8 (0x55555537) lui a0, 349525
x10 <- 0x55555000


mem[X,0x80037FAC] -> 0x0513
mem[X,0x80037FAE] -> 0x5565
[4989] [M]: 0x80037FAC (0x55650513) addi a0, a0, 1366
x10 <- 0x55555556


mem[X,0x80037FB0] -> 0x0593
mem[X,0x80037FB2] -> 0x0020
[4990] [M]: 0x80037FB0 (0x00200593) addi a1, zero, 2
x11 <- 0x00000002


mem[X,0x80037FB4] -> 0x0193
mem[X,0x80037FB6] -> 0x0000
[4991] [M]: 0x80037FB4 (0x00000193) addi gp, zero, 0
x3 <- 0x00000000


mem[X,0x80037FB8] -> 0x006F
mem[X,0x80037FBA] -> 0x00C0
[4992] [M]: 0x80037FB8 (0x00C0006F) jal zero, 12


mem[X,0x80037FC4] -> 0x7063
mem[X,0x80037FC6] -> 0x04B5
[4993] [M]: 0x80037FC4 (0x04B57063) bgeu a0, a1, 64


mem[X,0x80038004] -> 0x8193
mem[X,0x80038006] -> 0x0031
[4994] [M]: 0x80038004 (0x00318193) addi gp, gp, 3
x3 <- 0x00000003


mem[X,0x80038008] -> 0x006F
mem[X,0x8003800A] -> 0x0040
[4995] [M]: 0x80038008 (0x0040006F) jal zero, 4


mem[X,0x8003800C] -> 0x2C23
mem[X,0x8003800E] -> 0x7E31
[4996] [M]: 0x8003800C (0x7E312C23) sw gp, 2040(sp)
mem[0x8004B95C] <- 0x00000003


mem[X,0x80038010] -> 0x5537
mem[X,0x80038012] -> 0x5555
[4997] [M]: 0x80038010 (0x55555537) lui a0, 349525
x10 <- 0x55555000


mem[X,0x80038014] -> 0x0513
mem[X,0x80038016] -> 0x5565
[4998] [M]: 0x80038014 (0x55650513) addi a0, a0, 1366
x10 <- 0x55555556


mem[X,0x80038018] -> 0x55B7
mem[X,0x8003801A] -> 0x5555
[4999] [M]: 0x80038018 (0x555555B7) lui a1, 349525
x11 <- 0x55555000


clint::tick mtime <- 0x0000000000000032
 clint timer pending at mtime 0x0000000000000032
htif::tick 0x0000000000000000
mem[X,0x8003801C] -> 0x8593
mem[X,0x8003801E] -> 0x5545
[5000] [M]: 0x8003801C (0x55458593) addi a1, a1, 1364
x11 <- 0x55555554


mem[X,0x80038020] -> 0x0193
mem[X,0x80038022] -> 0x0000
[5001] [M]: 0x80038020 (0x00000193) addi gp, zero, 0
x3 <- 0x00000000


mem[X,0x80038024] -> 0x006F
mem[X,0x80038026] -> 0x00C0
[5002] [M]: 0x80038024 (0x00C0006F) jal zero, 12


mem[X,0x80038030] -> 0x7063
mem[X,0x80038032] -> 0x02B5
[5003] [M]: 0x80038030 (0x02B57063) bgeu a0, a1, 32


mem[X,0x80038050] -> 0x8193
mem[X,0x80038052] -> 0x0031
[5004] [M]: 0x80038050 (0x00318193) addi gp, gp, 3
x3 <- 0x00000003


mem[X,0x80038054] -> 0x006F
mem[X,0x80038056] -> 0x0040
[5005] [M]: 0x80038054 (0x0040006F) jal zero, 4


mem[X,0x80038058] -> 0x2E23
mem[X,0x8003805A] -> 0x7E31
[5006] [M]: 0x80038058 (0x7E312E23) sw gp, 2044(sp)
mem[0x8004B960] <- 0x00000003


mem[X,0x8003805C] -> 0x0013
mem[X,0x8003805E] -> 0x0000
[5007] [M]: 0x8003805C (0x00000013) addi zero, zero, 0


mem[X,0x80038060] -> 0x4117
mem[X,0x80038062] -> 0x0001
[5008] [M]: 0x80038060 (0x00014117) auipc sp, 20
x2 <- 0x8004C060


mem[X,0x80038064] -> 0x0113
mem[X,0x80038066] -> 0x9041
[5009] [M]: 0x80038064 (0x90410113) addi sp, sp, 2308
x2 <- 0x8004B964


mem[X,0x80038068] -> 0x0013
mem[X,0x8003806A] -> 0x0000
[5010] [M]: 0x80038068 (0x00000013) addi zero, zero, 0


mem[X,0x8003806C] -> 0x0013
mem[X,0x8003806E] -> 0x0000
[5011] [M]: 0x8003806C (0x00000013) addi zero, zero, 0


mem[X,0x80038070] -> 0x0013
mem[X,0x80038072] -> 0x0000
[5012] [M]: 0x80038070 (0x00000013) addi zero, zero, 0


mem[X,0x80038074] -> 0x0013
mem[X,0x80038076] -> 0x0000
[5013] [M]: 0x80038074 (0x00000013) addi zero, zero, 0


mem[X,0x80038078] -> 0x0013
mem[X,0x8003807A] -> 0x0000
[5014] [M]: 0x80038078 (0x00000013) addi zero, zero, 0


mem[X,0x8003807C] -> 0x0013
mem[X,0x8003807E] -> 0x0000
[5015] [M]: 0x8003807C (0x00000013) addi zero, zero, 0


mem[X,0x80038080] -> 0x5537
mem[X,0x80038082] -> 0x5555
[5016] [M]: 0x80038080 (0x55555537) lui a0, 349525
x10 <- 0x55555000


mem[X,0x80038084] -> 0x0513
mem[X,0x80038086] -> 0x5565
[5017] [M]: 0x80038084 (0x55650513) addi a0, a0, 1366
x10 <- 0x55555556


mem[X,0x80038088] -> 0xB5B7
mem[X,0x8003808A] -> 0xAAAA
[5018] [M]: 0x80038088 (0xAAAAB5B7) lui a1, 699051
x11 <- 0xAAAAB000


mem[X,0x8003808C] -> 0x8593
mem[X,0x8003808E] -> 0xAA95
[5019] [M]: 0x8003808C (0xAA958593) addi a1, a1, 2729
x11 <- 0xAAAAAAA9


mem[X,0x80038090] -> 0x0193
mem[X,0x80038092] -> 0x0000
[5020] [M]: 0x80038090 (0x00000193) addi gp, zero, 0
x3 <- 0x00000000


mem[X,0x80038094] -> 0x006F
mem[X,0x80038096] -> 0x00C0
[5021] [M]: 0x80038094 (0x00C0006F) jal zero, 12


mem[X,0x800380A0] -> 0x7063
mem[X,0x800380A2] -> 0x04B5
[5022] [M]: 0x800380A0 (0x04B57063) bgeu a0, a1, 64


mem[X,0x800380A4] -> 0x8193
mem[X,0x800380A6] -> 0x0021
[5023] [M]: 0x800380A4 (0x00218193) addi gp, gp, 2
x3 <- 0x00000002


mem[X,0x800380A8] -> 0x006F
mem[X,0x800380AA] -> 0x0400
[5024] [M]: 0x800380A8 (0x0400006F) jal zero, 64


mem[X,0x800380E8] -> 0x2023
mem[X,0x800380EA] -> 0x0031
[5025] [M]: 0x800380E8 (0x00312023) sw gp, 0(sp)
mem[0x8004B964] <- 0x00000002


mem[X,0x800380EC] -> 0x5537
mem[X,0x800380EE] -> 0x5555
[5026] [M]: 0x800380EC (0x55555537) lui a0, 349525
x10 <- 0x55555000


mem[X,0x800380F0] -> 0x0513
mem[X,0x800380F2] -> 0x5565
[5027] [M]: 0x800380F0 (0x55650513) addi a0, a0, 1366
x10 <- 0x55555556


mem[X,0x800380F4] -> 0x0593
mem[X,0x800380F6] -> 0x0040
[5028] [M]: 0x800380F4 (0x00400593) addi a1, zero, 4
x11 <- 0x00000004


mem[X,0x800380F8] -> 0x0193
mem[X,0x800380FA] -> 0x0000
[5029] [M]: 0x800380F8 (0x00000193) addi gp, zero, 0
x3 <- 0x00000000


mem[X,0x800380FC] -> 0x006F
mem[X,0x800380FE] -> 0x0180
[5030] [M]: 0x800380FC (0x0180006F) jal zero, 24


mem[X,0x80038114] -> 0x76E3
mem[X,0x80038116] -> 0xFEB5
[5031] [M]: 0x80038114 (0xFEB576E3) bgeu a0, a1, 8172


mem[X,0x80038100] -> 0x8193
mem[X,0x80038102] -> 0x0011
[5032] [M]: 0x80038100 (0x00118193) addi gp, gp, 1
x3 <- 0x00000001


mem[X,0x80038104] -> 0x006F
mem[X,0x80038106] -> 0x0240
[5033] [M]: 0x80038104 (0x0240006F) jal zero, 36


mem[X,0x80038128] -> 0x2223
mem[X,0x8003812A] -> 0x0031
[5034] [M]: 0x80038128 (0x00312223) sw gp, 4(sp)
mem[0x8004B968] <- 0x00000001


mem[X,0x8003812C] -> 0x5537
mem[X,0x8003812E] -> 0x5555
[5035] [M]: 0x8003812C (0x55555537) lui a0, 349525
x10 <- 0x55555000


mem[X,0x80038130] -> 0x0513
mem[X,0x80038132] -> 0x5565
[5036] [M]: 0x80038130 (0x55650513) addi a0, a0, 1366
x10 <- 0x55555556


mem[X,0x80038134] -> 0x35B7
mem[X,0x80038136] -> 0x3333
[5037] [M]: 0x80038134 (0x333335B7) lui a1, 209715
x11 <- 0x33333000


mem[X,0x80038138] -> 0x8593
mem[X,0x8003813A] -> 0x3325
[5038] [M]: 0x80038138 (0x33258593) addi a1, a1, 818
x11 <- 0x33333332


mem[X,0x8003813C] -> 0x0193
mem[X,0x8003813E] -> 0x0000
[5039] [M]: 0x8003813C (0x00000193) addi gp, zero, 0
x3 <- 0x00000000


mem[X,0x80038140] -> 0x006F
mem[X,0x80038142] -> 0x00C0
[5040] [M]: 0x80038140 (0x00C0006F) jal zero, 12


mem[X,0x8003814C] -> 0x7063
mem[X,0x8003814E] -> 0x08B5
[5041] [M]: 0x8003814C (0x08B57063) bgeu a0, a1, 128


mem[X,0x800381CC] -> 0x8193
mem[X,0x800381CE] -> 0x0031
[5042] [M]: 0x800381CC (0x00318193) addi gp, gp, 3
x3 <- 0x00000003


mem[X,0x800381D0] -> 0x006F
mem[X,0x800381D2] -> 0x0040
[5043] [M]: 0x800381D0 (0x0040006F) jal zero, 4


mem[X,0x800381D4] -> 0x2423
mem[X,0x800381D6] -> 0x0031
[5044] [M]: 0x800381D4 (0x00312423) sw gp, 8(sp)
mem[0x8004B96C] <- 0x00000003


mem[X,0x800381D8] -> 0x5537
mem[X,0x800381DA] -> 0x5555
[5045] [M]: 0x800381D8 (0x55555537) lui a0, 349525
x10 <- 0x55555000


mem[X,0x800381DC] -> 0x0513
mem[X,0x800381DE] -> 0x5565
[5046] [M]: 0x800381DC (0x55650513) addi a0, a0, 1366
x10 <- 0x55555556


mem[X,0x800381E0] -> 0x65B7
mem[X,0x800381E2] -> 0x6666
[5047] [M]: 0x800381E0 (0x666665B7) lui a1, 419430
x11 <- 0x66666000


mem[X,0x800381E4] -> 0x8593
mem[X,0x800381E6] -> 0x6655
[5048] [M]: 0x800381E4 (0x66558593) addi a1, a1, 1637
x11 <- 0x66666665


mem[X,0x800381E8] -> 0x0193
mem[X,0x800381EA] -> 0x0000
[5049] [M]: 0x800381E8 (0x00000193) addi gp, zero, 0
x3 <- 0x00000000


mem[X,0x800381EC] -> 0x006F
mem[X,0x800381EE] -> 0x00C0
[5050] [M]: 0x800381EC (0x00C0006F) jal zero, 12


mem[X,0x800381F8] -> 0x7063
mem[X,0x800381FA] -> 0x20B5
[5051] [M]: 0x800381F8 (0x20B57063) bgeu a0, a1, 512


mem[X,0x800381FC] -> 0x8193
mem[X,0x800381FE] -> 0x0021
[5052] [M]: 0x800381FC (0x00218193) addi gp, gp, 2
x3 <- 0x00000002


mem[X,0x80038200] -> 0x006F
mem[X,0x80038202] -> 0x2000
[5053] [M]: 0x80038200 (0x2000006F) jal zero, 512


mem[X,0x80038400] -> 0x2623
mem[X,0x80038402] -> 0x0031
[5054] [M]: 0x80038400 (0x00312623) sw gp, 12(sp)
mem[0x8004B970] <- 0x00000002


mem[X,0x80038404] -> 0x5537
mem[X,0x80038406] -> 0x5555
[5055] [M]: 0x80038404 (0x55555537) lui a0, 349525
x10 <- 0x55555000


mem[X,0x80038408] -> 0x0513
mem[X,0x8003840A] -> 0x5565
[5056] [M]: 0x80038408 (0x55650513) addi a0, a0, 1366
x10 <- 0x55555556


mem[X,0x8003840C] -> 0xB5B7
mem[X,0x8003840E] -> 0x0000
[5057] [M]: 0x8003840C (0x0000B5B7) lui a1, 11
x11 <- 0x0000B000


mem[X,0x80038410] -> 0x8593
mem[X,0x80038412] -> 0x5035
[5058] [M]: 0x80038410 (0x50358593) addi a1, a1, 1283
x11 <- 0x0000B503


mem[X,0x80038414] -> 0x0193
mem[X,0x80038416] -> 0x0000
[5059] [M]: 0x80038414 (0x00000193) addi gp, zero, 0
x3 <- 0x00000000


mem[X,0x80038418] -> 0x006F
mem[X,0x8003841A] -> 0x0140
[5060] [M]: 0x80038418 (0x0140006F) jal zero, 20


mem[X,0x8003842C] -> 0x78E3
mem[X,0x8003842E] -> 0xFEB5
[5061] [M]: 0x8003842C (0xFEB578E3) bgeu a0, a1, 8176


mem[X,0x8003841C] -> 0x8193
mem[X,0x8003841E] -> 0x0011
[5062] [M]: 0x8003841C (0x00118193) addi gp, gp, 1
x3 <- 0x00000001


mem[X,0x80038420] -> 0x006F
mem[X,0x80038422] -> 0x0200
[5063] [M]: 0x80038420 (0x0200006F) jal zero, 32


mem[X,0x80038440] -> 0x2823
mem[X,0x80038442] -> 0x0031
[5064] [M]: 0x80038440 (0x00312823) sw gp, 16(sp)
mem[0x8004B974] <- 0x00000001


mem[X,0x80038444] -> 0x5537
mem[X,0x80038446] -> 0x5555
[5065] [M]: 0x80038444 (0x55555537) lui a0, 349525
x10 <- 0x55555000


mem[X,0x80038448] -> 0x0513
mem[X,0x8003844A] -> 0x5565
[5066] [M]: 0x80038448 (0x55650513) addi a0, a0, 1366
x10 <- 0x55555556


mem[X,0x8003844C] -> 0x05B7
mem[X,0x8003844E] -> 0x0001
[5067] [M]: 0x8003844C (0x000105B7) lui a1, 16
x11 <- 0x00010000


mem[X,0x80038450] -> 0x8593
mem[X,0x80038452] -> 0xFFE5
[5068] [M]: 0x80038450 (0xFFE58593) addi a1, a1, 4094
x11 <- 0x0000FFFE


mem[X,0x80038454] -> 0x0193
mem[X,0x80038456] -> 0x0000
[5069] [M]: 0x80038454 (0x00000193) addi gp, zero, 0
x3 <- 0x00000000


mem[X,0x80038458] -> 0x006F
mem[X,0x8003845A] -> 0x00C0
[5070] [M]: 0x80038458 (0x00C0006F) jal zero, 12


mem[X,0x80038464] -> 0x7863
mem[X,0x80038466] -> 0x00B5
[5071] [M]: 0x80038464 (0x00B57863) bgeu a0, a1, 16


mem[X,0x80038474] -> 0x8193
mem[X,0x80038476] -> 0x0031
[5072] [M]: 0x80038474 (0x00318193) addi gp, gp, 3
x3 <- 0x00000003


mem[X,0x80038478] -> 0x006F
mem[X,0x8003847A] -> 0x0040
[5073] [M]: 0x80038478 (0x0040006F) jal zero, 4


mem[X,0x8003847C] -> 0x2A23
mem[X,0x8003847E] -> 0x0031
[5074] [M]: 0x8003847C (0x00312A23) sw gp, 20(sp)
mem[0x8004B978] <- 0x00000003


mem[X,0x80038480] -> 0x5537
mem[X,0x80038482] -> 0x5555
[5075] [M]: 0x80038480 (0x55555537) lui a0, 349525
x10 <- 0x55555000


mem[X,0x80038484] -> 0x0513
mem[X,0x80038486] -> 0x5565
[5076] [M]: 0x80038484 (0x55650513) addi a0, a0, 1366
x10 <- 0x55555556


mem[X,0x80038488] -> 0x55B7
mem[X,0x8003848A] -> 0x5555
[5077] [M]: 0x80038488 (0x555555B7) lui a1, 349525
x11 <- 0x55555000


mem[X,0x8003848C] -> 0x8593
mem[X,0x8003848E] -> 0x5565
[5078] [M]: 0x8003848C (0x55658593) addi a1, a1, 1366
x11 <- 0x55555556


mem[X,0x80038490] -> 0x0193
mem[X,0x80038492] -> 0x0000
[5079] [M]: 0x80038490 (0x00000193) addi gp, zero, 0
x3 <- 0x00000000


mem[X,0x80038494] -> 0x006F
mem[X,0x80038496] -> 0x00C0
[5080] [M]: 0x80038494 (0x00C0006F) jal zero, 12


mem[X,0x800384A0] -> 0x7663
mem[X,0x800384A2] -> 0x00B5
[5081] [M]: 0x800384A0 (0x00B57663) bgeu a0, a1, 12


mem[X,0x800384AC] -> 0x8193
mem[X,0x800384AE] -> 0x0031
[5082] [M]: 0x800384AC (0x00318193) addi gp, gp, 3
x3 <- 0x00000003


mem[X,0x800384B0] -> 0x006F
mem[X,0x800384B2] -> 0x0040
[5083] [M]: 0x800384B0 (0x0040006F) jal zero, 4


mem[X,0x800384B4] -> 0x2C23
mem[X,0x800384B6] -> 0x0031
[5084] [M]: 0x800384B4 (0x00312C23) sw gp, 24(sp)
mem[0x8004B97C] <- 0x00000003


mem[X,0x800384B8] -> 0x5537
mem[X,0x800384BA] -> 0x5555
[5085] [M]: 0x800384B8 (0x55555537) lui a0, 349525
x10 <- 0x55555000


mem[X,0x800384BC] -> 0x0513
mem[X,0x800384BE] -> 0x5565
[5086] [M]: 0x800384BC (0x55650513) addi a0, a0, 1366
x10 <- 0x55555556


mem[X,0x800384C0] -> 0xB5B7
mem[X,0x800384C2] -> 0xAAAA
[5087] [M]: 0x800384C0 (0xAAAAB5B7) lui a1, 699051
x11 <- 0xAAAAB000


mem[X,0x800384C4] -> 0x8593
mem[X,0x800384C6] -> 0xAAB5
[5088] [M]: 0x800384C4 (0xAAB58593) addi a1, a1, 2731
x11 <- 0xAAAAAAAB


mem[X,0x800384C8] -> 0x0193
mem[X,0x800384CA] -> 0x0000
[5089] [M]: 0x800384C8 (0x00000193) addi gp, zero, 0
x3 <- 0x00000000


mem[X,0x800384CC] -> 0x006F
mem[X,0x800384CE] -> 0x2B10
[5090] [M]: 0x800384CC (0x2B10006F) jal zero, 2736


mem[X,0x80038F7C] -> 0x7A63
mem[X,0x80038F7E] -> 0xD4B5
[5091] [M]: 0x80038F7C (0xD4B57A63) bgeu a0, a1, 5460


mem[X,0x80038F80] -> 0x8193
mem[X,0x80038F82] -> 0x0021
[5092] [M]: 0x80038F80 (0x00218193) addi gp, gp, 2
x3 <- 0x00000002


mem[X,0x80038F84] -> 0x006F
mem[X,0x80038F86] -> 0x00C0
[5093] [M]: 0x80038F84 (0x00C0006F) jal zero, 12


mem[X,0x80038F90] -> 0x2E23
mem[X,0x80038F92] -> 0x0031
[5094] [M]: 0x80038F90 (0x00312E23) sw gp, 28(sp)
mem[0x8004B980] <- 0x00000002


mem[X,0x80038F94] -> 0x5537
mem[X,0x80038F96] -> 0x5555
[5095] [M]: 0x80038F94 (0x55555537) lui a0, 349525
x10 <- 0x55555000


mem[X,0x80038F98] -> 0x0513
mem[X,0x80038F9A] -> 0x5565
[5096] [M]: 0x80038F98 (0x55650513) addi a0, a0, 1366
x10 <- 0x55555556


mem[X,0x80038F9C] -> 0x0593
mem[X,0x80038F9E] -> 0x0060
[5097] [M]: 0x80038F9C (0x00600593) addi a1, zero, 6
x11 <- 0x00000006


mem[X,0x80038FA0] -> 0x0193
mem[X,0x80038FA2] -> 0x0000
[5098] [M]: 0x80038FA0 (0x00000193) addi gp, zero, 0
x3 <- 0x00000000


mem[X,0x80038FA4] -> 0x006F
mem[X,0x80038FA6] -> 0x0100
[5099] [M]: 0x80038FA4 (0x0100006F) jal zero, 16


clint::tick mtime <- 0x0000000000000033
 clint timer pending at mtime 0x0000000000000033
htif::tick 0x0000000000000000
mem[X,0x80038FB4] -> 0x7AE3
mem[X,0x80038FB6] -> 0xFEB5
[5100] [M]: 0x80038FB4 (0xFEB57AE3) bgeu a0, a1, 8180


mem[X,0x80038FA8] -> 0x8193
mem[X,0x80038FAA] -> 0x0011
[5101] [M]: 0x80038FA8 (0x00118193) addi gp, gp, 1
x3 <- 0x00000001


mem[X,0x80038FAC] -> 0x006F
mem[X,0x80038FAE] -> 0x01C0
[5102] [M]: 0x80038FAC (0x01C0006F) jal zero, 28


mem[X,0x80038FC8] -> 0x2023
mem[X,0x80038FCA] -> 0x0231
[5103] [M]: 0x80038FC8 (0x02312023) sw gp, 32(sp)
mem[0x8004B984] <- 0x00000001


mem[X,0x80038FCC] -> 0x5537
mem[X,0x80038FCE] -> 0x5555
[5104] [M]: 0x80038FCC (0x55555537) lui a0, 349525
x10 <- 0x55555000


mem[X,0x80038FD0] -> 0x0513
mem[X,0x80038FD2] -> 0x5565
[5105] [M]: 0x80038FD0 (0x55650513) addi a0, a0, 1366
x10 <- 0x55555556


mem[X,0x80038FD4] -> 0x35B7
mem[X,0x80038FD6] -> 0x3333
[5106] [M]: 0x80038FD4 (0x333335B7) lui a1, 209715
x11 <- 0x33333000


mem[X,0x80038FD8] -> 0x8593
mem[X,0x80038FDA] -> 0x3345
[5107] [M]: 0x80038FD8 (0x33458593) addi a1, a1, 820
x11 <- 0x33333334


mem[X,0x80038FDC] -> 0x0193
mem[X,0x80038FDE] -> 0x0000
[5108] [M]: 0x80038FDC (0x00000193) addi gp, zero, 0
x3 <- 0x00000000


mem[X,0x80038FE0] -> 0x006F
mem[X,0x80038FE2] -> 0x00C0
[5109] [M]: 0x80038FE0 (0x00C0006F) jal zero, 12


mem[X,0x80038FEC] -> 0x7063
mem[X,0x80038FEE] -> 0x20B5
[5110] [M]: 0x80038FEC (0x20B57063) bgeu a0, a1, 512


mem[X,0x800391EC] -> 0x8193
mem[X,0x800391EE] -> 0x0031
[5111] [M]: 0x800391EC (0x00318193) addi gp, gp, 3
x3 <- 0x00000003


mem[X,0x800391F0] -> 0x006F
mem[X,0x800391F2] -> 0x0040
[5112] [M]: 0x800391F0 (0x0040006F) jal zero, 4


mem[X,0x800391F4] -> 0x2223
mem[X,0x800391F6] -> 0x0231
[5113] [M]: 0x800391F4 (0x02312223) sw gp, 36(sp)
mem[0x8004B988] <- 0x00000003


mem[X,0x800391F8] -> 0x5537
mem[X,0x800391FA] -> 0x5555
[5114] [M]: 0x800391F8 (0x55555537) lui a0, 349525
x10 <- 0x55555000


mem[X,0x800391FC] -> 0x0513
mem[X,0x800391FE] -> 0x5565
[5115] [M]: 0x800391FC (0x55650513) addi a0, a0, 1366
x10 <- 0x55555556


mem[X,0x80039200] -> 0x65B7
mem[X,0x80039202] -> 0x6666
[5116] [M]: 0x80039200 (0x666665B7) lui a1, 419430
x11 <- 0x66666000


mem[X,0x80039204] -> 0x8593
mem[X,0x80039206] -> 0x6675
[5117] [M]: 0x80039204 (0x66758593) addi a1, a1, 1639
x11 <- 0x66666667


mem[X,0x80039208] -> 0x0193
mem[X,0x8003920A] -> 0x0000
[5118] [M]: 0x80039208 (0x00000193) addi gp, zero, 0
x3 <- 0x00000000


mem[X,0x8003920C] -> 0x006F
mem[X,0x8003920E] -> 0x00C0
[5119] [M]: 0x8003920C (0x00C0006F) jal zero, 12


mem[X,0x80039218] -> 0x7663
mem[X,0x8003921A] -> 0x00B5
[5120] [M]: 0x80039218 (0x00B57663) bgeu a0, a1, 12


mem[X,0x8003921C] -> 0x8193
mem[X,0x8003921E] -> 0x0021
[5121] [M]: 0x8003921C (0x00218193) addi gp, gp, 2
x3 <- 0x00000002


mem[X,0x80039220] -> 0x006F
mem[X,0x80039222] -> 0x00C0
[5122] [M]: 0x80039220 (0x00C0006F) jal zero, 12


mem[X,0x8003922C] -> 0x2423
mem[X,0x8003922E] -> 0x0231
[5123] [M]: 0x8003922C (0x02312423) sw gp, 40(sp)
mem[0x8004B98C] <- 0x00000002


mem[X,0x80039230] -> 0x5537
mem[X,0x80039232] -> 0x5555
[5124] [M]: 0x80039230 (0x55555537) lui a0, 349525
x10 <- 0x55555000


mem[X,0x80039234] -> 0x0513
mem[X,0x80039236] -> 0x5565
[5125] [M]: 0x80039234 (0x55650513) addi a0, a0, 1366
x10 <- 0x55555556


mem[X,0x80039238] -> 0xB5B7
mem[X,0x8003923A] -> 0x0000
[5126] [M]: 0x80039238 (0x0000B5B7) lui a1, 11
x11 <- 0x0000B000


mem[X,0x8003923C] -> 0x8593
mem[X,0x8003923E] -> 0x5055
[5127] [M]: 0x8003923C (0x50558593) addi a1, a1, 1285
x11 <- 0x0000B505


mem[X,0x80039240] -> 0x0193
mem[X,0x80039242] -> 0x0000
[5128] [M]: 0x80039240 (0x00000193) addi gp, zero, 0
x3 <- 0x00000000


mem[X,0x80039244] -> 0x006F
mem[X,0x80039246] -> 0x00C0
[5129] [M]: 0x80039244 (0x00C0006F) jal zero, 12


mem[X,0x80039250] -> 0x7CE3
mem[X,0x80039252] -> 0xFEB5
[5130] [M]: 0x80039250 (0xFEB57CE3) bgeu a0, a1, 8184


mem[X,0x80039248] -> 0x8193
mem[X,0x8003924A] -> 0x0011
[5131] [M]: 0x80039248 (0x00118193) addi gp, gp, 1
x3 <- 0x00000001


mem[X,0x8003924C] -> 0x006F
mem[X,0x8003924E] -> 0x0180
[5132] [M]: 0x8003924C (0x0180006F) jal zero, 24


mem[X,0x80039264] -> 0x2623
mem[X,0x80039266] -> 0x0231
[5133] [M]: 0x80039264 (0x02312623) sw gp, 44(sp)
mem[0x8004B990] <- 0x00000001


mem[X,0x80039268] -> 0x5537
mem[X,0x8003926A] -> 0x5555
[5134] [M]: 0x80039268 (0x55555537) lui a0, 349525
x10 <- 0x55555000


mem[X,0x8003926C] -> 0x0513
mem[X,0x8003926E] -> 0x5565
[5135] [M]: 0x8003926C (0x55650513) addi a0, a0, 1366
x10 <- 0x55555556


mem[X,0x80039270] -> 0x0593
mem[X,0x80039272] -> 0x0010
[5136] [M]: 0x80039270 (0x00100593) addi a1, zero, 1
x11 <- 0x00000001


mem[X,0x80039274] -> 0x0193
mem[X,0x80039276] -> 0x0000
[5137] [M]: 0x80039274 (0x00000193) addi gp, zero, 0
x3 <- 0x00000000


mem[X,0x80039278] -> 0x006F
mem[X,0x8003927A] -> 0x00C0
[5138] [M]: 0x80039278 (0x00C0006F) jal zero, 12


mem[X,0x80039284] -> 0x7CE3
mem[X,0x80039286] -> 0xFEB5
[5139] [M]: 0x80039284 (0xFEB57CE3) bgeu a0, a1, 8184


mem[X,0x8003927C] -> 0x8193
mem[X,0x8003927E] -> 0x0011
[5140] [M]: 0x8003927C (0x00118193) addi gp, gp, 1
x3 <- 0x00000001


mem[X,0x80039280] -> 0x006F
mem[X,0x80039282] -> 0x0180
[5141] [M]: 0x80039280 (0x0180006F) jal zero, 24


mem[X,0x80039298] -> 0x2823
mem[X,0x8003929A] -> 0x0231
[5142] [M]: 0x80039298 (0x02312823) sw gp, 48(sp)
mem[0x8004B994] <- 0x00000001


mem[X,0x8003929C] -> 0x5537
mem[X,0x8003929E] -> 0x5555
[5143] [M]: 0x8003929C (0x55555537) lui a0, 349525
x10 <- 0x55555000


mem[X,0x800392A0] -> 0x0513
mem[X,0x800392A2] -> 0x5565
[5144] [M]: 0x800392A0 (0x55650513) addi a0, a0, 1366
x10 <- 0x55555556


mem[X,0x800392A4] -> 0x05B7
mem[X,0x800392A6] -> 0x0001
[5145] [M]: 0x800392A4 (0x000105B7) lui a1, 16
x11 <- 0x00010000


mem[X,0x800392A8] -> 0x0193
mem[X,0x800392AA] -> 0x0000
[5146] [M]: 0x800392A8 (0x00000193) addi gp, zero, 0
x3 <- 0x00000000


mem[X,0x800392AC] -> 0x006F
mem[X,0x800392AE] -> 0x00C0
[5147] [M]: 0x800392AC (0x00C0006F) jal zero, 12


mem[X,0x800392B8] -> 0x7063
mem[X,0x800392BA] -> 0x02B5
[5148] [M]: 0x800392B8 (0x02B57063) bgeu a0, a1, 32


mem[X,0x800392D8] -> 0x8193
mem[X,0x800392DA] -> 0x0031
[5149] [M]: 0x800392D8 (0x00318193) addi gp, gp, 3
x3 <- 0x00000003


mem[X,0x800392DC] -> 0x006F
mem[X,0x800392DE] -> 0x0040
[5150] [M]: 0x800392DC (0x0040006F) jal zero, 4


mem[X,0x800392E0] -> 0x2A23
mem[X,0x800392E2] -> 0x0231
[5151] [M]: 0x800392E0 (0x02312A23) sw gp, 52(sp)
mem[0x8004B998] <- 0x00000003


mem[X,0x800392E4] -> 0xB537
mem[X,0x800392E6] -> 0xAAAA
[5152] [M]: 0x800392E4 (0xAAAAB537) lui a0, 699051
x10 <- 0xAAAAB000


mem[X,0x800392E8] -> 0x0513
mem[X,0x800392EA] -> 0xAAB5
[5153] [M]: 0x800392E8 (0xAAB50513) addi a0, a0, 2731
x10 <- 0xAAAAAAAB


mem[X,0x800392EC] -> 0x0593
mem[X,0x800392EE] -> 0x0030
[5154] [M]: 0x800392EC (0x00300593) addi a1, zero, 3
x11 <- 0x00000003


mem[X,0x800392F0] -> 0x0193
mem[X,0x800392F2] -> 0x0000
[5155] [M]: 0x800392F0 (0x00000193) addi gp, zero, 0
x3 <- 0x00000000


mem[X,0x800392F4] -> 0x006F
mem[X,0x800392F6] -> 0x00C0
[5156] [M]: 0x800392F4 (0x00C0006F) jal zero, 12


mem[X,0x80039300] -> 0x7063
mem[X,0x80039302] -> 0x08B5
[5157] [M]: 0x80039300 (0x08B57063) bgeu a0, a1, 128


mem[X,0x80039380] -> 0x8193
mem[X,0x80039382] -> 0x0031
[5158] [M]: 0x80039380 (0x00318193) addi gp, gp, 3
x3 <- 0x00000003


mem[X,0x80039384] -> 0x006F
mem[X,0x80039386] -> 0x0040
[5159] [M]: 0x80039384 (0x0040006F) jal zero, 4


mem[X,0x80039388] -> 0x2C23
mem[X,0x8003938A] -> 0x0231
[5160] [M]: 0x80039388 (0x02312C23) sw gp, 56(sp)
mem[0x8004B99C] <- 0x00000003


mem[X,0x8003938C] -> 0xB537
mem[X,0x8003938E] -> 0xAAAA
[5161] [M]: 0x8003938C (0xAAAAB537) lui a0, 699051
x10 <- 0xAAAAB000


mem[X,0x80039390] -> 0x0513
mem[X,0x80039392] -> 0xAAB5
[5162] [M]: 0x80039390 (0xAAB50513) addi a0, a0, 2731
x10 <- 0xAAAAAAAB


mem[X,0x80039394] -> 0x55B7
mem[X,0x80039396] -> 0x5555
[5163] [M]: 0x80039394 (0x555555B7) lui a1, 349525
x11 <- 0x55555000


mem[X,0x80039398] -> 0x8593
mem[X,0x8003939A] -> 0x5555
[5164] [M]: 0x80039398 (0x55558593) addi a1, a1, 1365
x11 <- 0x55555555


mem[X,0x8003939C] -> 0x0193
mem[X,0x8003939E] -> 0x0000
[5165] [M]: 0x8003939C (0x00000193) addi gp, zero, 0
x3 <- 0x00000000


mem[X,0x800393A0] -> 0x006F
mem[X,0x800393A2] -> 0x00C0
[5166] [M]: 0x800393A0 (0x00C0006F) jal zero, 12


mem[X,0x800393AC] -> 0x7063
mem[X,0x800393AE] -> 0x10B5
[5167] [M]: 0x800393AC (0x10B57063) bgeu a0, a1, 256


mem[X,0x800394AC] -> 0x8193
mem[X,0x800394AE] -> 0x0031
[5168] [M]: 0x800394AC (0x00318193) addi gp, gp, 3
x3 <- 0x00000003


mem[X,0x800394B0] -> 0x006F
mem[X,0x800394B2] -> 0x0040
[5169] [M]: 0x800394B0 (0x0040006F) jal zero, 4


mem[X,0x800394B4] -> 0x2E23
mem[X,0x800394B6] -> 0x0231
[5170] [M]: 0x800394B4 (0x02312E23) sw gp, 60(sp)
mem[0x8004B9A0] <- 0x00000003


mem[X,0x800394B8] -> 0xB537
mem[X,0x800394BA] -> 0xAAAA
[5171] [M]: 0x800394B8 (0xAAAAB537) lui a0, 699051
x10 <- 0xAAAAB000


mem[X,0x800394BC] -> 0x0513
mem[X,0x800394BE] -> 0xAAB5
[5172] [M]: 0x800394BC (0xAAB50513) addi a0, a0, 2731
x10 <- 0xAAAAAAAB


mem[X,0x800394C0] -> 0xB5B7
mem[X,0x800394C2] -> 0xAAAA
[5173] [M]: 0x800394C0 (0xAAAAB5B7) lui a1, 699051
x11 <- 0xAAAAB000


mem[X,0x800394C4] -> 0x8593
mem[X,0x800394C6] -> 0xAAA5
[5174] [M]: 0x800394C4 (0xAAA58593) addi a1, a1, 2730
x11 <- 0xAAAAAAAA


mem[X,0x800394C8] -> 0x0193
mem[X,0x800394CA] -> 0x0000
[5175] [M]: 0x800394C8 (0x00000193) addi gp, zero, 0
x3 <- 0x00000000


mem[X,0x800394CC] -> 0x006F
mem[X,0x800394CE] -> 0x00C0
[5176] [M]: 0x800394CC (0x00C0006F) jal zero, 12


mem[X,0x800394D8] -> 0x7663
mem[X,0x800394DA] -> 0x00B5
[5177] [M]: 0x800394D8 (0x00B57663) bgeu a0, a1, 12


mem[X,0x800394E4] -> 0x8193
mem[X,0x800394E6] -> 0x0031
[5178] [M]: 0x800394E4 (0x00318193) addi gp, gp, 3
x3 <- 0x00000003


mem[X,0x800394E8] -> 0x006F
mem[X,0x800394EA] -> 0x0040
[5179] [M]: 0x800394E8 (0x0040006F) jal zero, 4


mem[X,0x800394EC] -> 0x2023
mem[X,0x800394EE] -> 0x0431
[5180] [M]: 0x800394EC (0x04312023) sw gp, 64(sp)
mem[0x8004B9A4] <- 0x00000003


mem[X,0x800394F0] -> 0xB537
mem[X,0x800394F2] -> 0xAAAA
[5181] [M]: 0x800394F0 (0xAAAAB537) lui a0, 699051
x10 <- 0xAAAAB000


mem[X,0x800394F4] -> 0x0513
mem[X,0x800394F6] -> 0xAAB5
[5182] [M]: 0x800394F4 (0xAAB50513) addi a0, a0, 2731
x10 <- 0xAAAAAAAB


mem[X,0x800394F8] -> 0x0593
mem[X,0x800394FA] -> 0x0050
[5183] [M]: 0x800394F8 (0x00500593) addi a1, zero, 5
x11 <- 0x00000005


mem[X,0x800394FC] -> 0x0193
mem[X,0x800394FE] -> 0x0000
[5184] [M]: 0x800394FC (0x00000193) addi gp, zero, 0
x3 <- 0x00000000


mem[X,0x80039500] -> 0x006F
mem[X,0x80039502] -> 0x00C0
[5185] [M]: 0x80039500 (0x00C0006F) jal zero, 12


mem[X,0x8003950C] -> 0x7063
mem[X,0x8003950E] -> 0x04B5
[5186] [M]: 0x8003950C (0x04B57063) bgeu a0, a1, 64


mem[X,0x8003954C] -> 0x8193
mem[X,0x8003954E] -> 0x0031
[5187] [M]: 0x8003954C (0x00318193) addi gp, gp, 3
x3 <- 0x00000003


mem[X,0x80039550] -> 0x006F
mem[X,0x80039552] -> 0x0040
[5188] [M]: 0x80039550 (0x0040006F) jal zero, 4


mem[X,0x80039554] -> 0x2223
mem[X,0x80039556] -> 0x0431
[5189] [M]: 0x80039554 (0x04312223) sw gp, 68(sp)
mem[0x8004B9A8] <- 0x00000003


mem[X,0x80039558] -> 0xB537
mem[X,0x8003955A] -> 0xAAAA
[5190] [M]: 0x80039558 (0xAAAAB537) lui a0, 699051
x10 <- 0xAAAAB000


mem[X,0x8003955C] -> 0x0513
mem[X,0x8003955E] -> 0xAAB5
[5191] [M]: 0x8003955C (0xAAB50513) addi a0, a0, 2731
x10 <- 0xAAAAAAAB


mem[X,0x80039560] -> 0x35B7
mem[X,0x80039562] -> 0x3333
[5192] [M]: 0x80039560 (0x333335B7) lui a1, 209715
x11 <- 0x33333000


mem[X,0x80039564] -> 0x8593
mem[X,0x80039566] -> 0x3335
[5193] [M]: 0x80039564 (0x33358593) addi a1, a1, 819
x11 <- 0x33333333


mem[X,0x80039568] -> 0x0193
mem[X,0x8003956A] -> 0x0000
[5194] [M]: 0x80039568 (0x00000193) addi gp, zero, 0
x3 <- 0x00000000


mem[X,0x8003956C] -> 0x006F
mem[X,0x8003956E] -> 0x00C0
[5195] [M]: 0x8003956C (0x00C0006F) jal zero, 12


mem[X,0x80039578] -> 0x7063
mem[X,0x8003957A] -> 0x04B5
[5196] [M]: 0x80039578 (0x04B57063) bgeu a0, a1, 64


mem[X,0x800395B8] -> 0x8193
mem[X,0x800395BA] -> 0x0031
[5197] [M]: 0x800395B8 (0x00318193) addi gp, gp, 3
x3 <- 0x00000003


mem[X,0x800395BC] -> 0x006F
mem[X,0x800395BE] -> 0x0040
[5198] [M]: 0x800395BC (0x0040006F) jal zero, 4


mem[X,0x800395C0] -> 0x2423
mem[X,0x800395C2] -> 0x0431
[5199] [M]: 0x800395C0 (0x04312423) sw gp, 72(sp)
mem[0x8004B9AC] <- 0x00000003


clint::tick mtime <- 0x0000000000000034
 clint timer pending at mtime 0x0000000000000034
htif::tick 0x0000000000000000
mem[X,0x800395C4] -> 0xB537
mem[X,0x800395C6] -> 0xAAAA
[5200] [M]: 0x800395C4 (0xAAAAB537) lui a0, 699051
x10 <- 0xAAAAB000


mem[X,0x800395C8] -> 0x0513
mem[X,0x800395CA] -> 0xAAB5
[5201] [M]: 0x800395C8 (0xAAB50513) addi a0, a0, 2731
x10 <- 0xAAAAAAAB


mem[X,0x800395CC] -> 0x65B7
mem[X,0x800395CE] -> 0x6666
[5202] [M]: 0x800395CC (0x666665B7) lui a1, 419430
x11 <- 0x66666000


mem[X,0x800395D0] -> 0x8593
mem[X,0x800395D2] -> 0x6665
[5203] [M]: 0x800395D0 (0x66658593) addi a1, a1, 1638
x11 <- 0x66666666


mem[X,0x800395D4] -> 0x0193
mem[X,0x800395D6] -> 0x0000
[5204] [M]: 0x800395D4 (0x00000193) addi gp, zero, 0
x3 <- 0x00000000


mem[X,0x800395D8] -> 0x006F
mem[X,0x800395DA] -> 0x00C0
[5205] [M]: 0x800395D8 (0x00C0006F) jal zero, 12


mem[X,0x800395E4] -> 0x7663
mem[X,0x800395E6] -> 0x00B5
[5206] [M]: 0x800395E4 (0x00B57663) bgeu a0, a1, 12


mem[X,0x800395F0] -> 0x8193
mem[X,0x800395F2] -> 0x0031
[5207] [M]: 0x800395F0 (0x00318193) addi gp, gp, 3
x3 <- 0x00000003


mem[X,0x800395F4] -> 0x006F
mem[X,0x800395F6] -> 0x0040
[5208] [M]: 0x800395F4 (0x0040006F) jal zero, 4


mem[X,0x800395F8] -> 0x2623
mem[X,0x800395FA] -> 0x0431
[5209] [M]: 0x800395F8 (0x04312623) sw gp, 76(sp)
mem[0x8004B9B0] <- 0x00000003


mem[X,0x800395FC] -> 0xB537
mem[X,0x800395FE] -> 0xAAAA
[5210] [M]: 0x800395FC (0xAAAAB537) lui a0, 699051
x10 <- 0xAAAAB000


mem[X,0x80039600] -> 0x0513
mem[X,0x80039602] -> 0xAAB5
[5211] [M]: 0x80039600 (0xAAB50513) addi a0, a0, 2731
x10 <- 0xAAAAAAAB


mem[X,0x80039604] -> 0xB5B7
mem[X,0x80039606] -> 0x0000
[5212] [M]: 0x80039604 (0x0000B5B7) lui a1, 11
x11 <- 0x0000B000


mem[X,0x80039608] -> 0x8593
mem[X,0x8003960A] -> 0x5045
[5213] [M]: 0x80039608 (0x50458593) addi a1, a1, 1284
x11 <- 0x0000B504


mem[X,0x8003960C] -> 0x0193
mem[X,0x8003960E] -> 0x0000
[5214] [M]: 0x8003960C (0x00000193) addi gp, zero, 0
x3 <- 0x00000000


mem[X,0x80039610] -> 0x006F
mem[X,0x80039612] -> 0x00C0
[5215] [M]: 0x80039610 (0x00C0006F) jal zero, 12


mem[X,0x8003961C] -> 0x7063
mem[X,0x8003961E] -> 0x20B5
[5216] [M]: 0x8003961C (0x20B57063) bgeu a0, a1, 512


mem[X,0x8003981C] -> 0x8193
mem[X,0x8003981E] -> 0x0031
[5217] [M]: 0x8003981C (0x00318193) addi gp, gp, 3
x3 <- 0x00000003


mem[X,0x80039820] -> 0x006F
mem[X,0x80039822] -> 0x0040
[5218] [M]: 0x80039820 (0x0040006F) jal zero, 4


mem[X,0x80039824] -> 0x2823
mem[X,0x80039826] -> 0x0431
[5219] [M]: 0x80039824 (0x04312823) sw gp, 80(sp)
mem[0x8004B9B4] <- 0x00000003


mem[X,0x80039828] -> 0xB537
mem[X,0x8003982A] -> 0xAAAA
[5220] [M]: 0x80039828 (0xAAAAB537) lui a0, 699051
x10 <- 0xAAAAB000


mem[X,0x8003982C] -> 0x0513
mem[X,0x8003982E] -> 0xAAB5
[5221] [M]: 0x8003982C (0xAAB50513) addi a0, a0, 2731
x10 <- 0xAAAAAAAB


mem[X,0x80039830] -> 0x0593
mem[X,0x80039832] -> 0x0000
[5222] [M]: 0x80039830 (0x00000593) addi a1, zero, 0
x11 <- 0x00000000


mem[X,0x80039834] -> 0x0193
mem[X,0x80039836] -> 0x0000
[5223] [M]: 0x80039834 (0x00000193) addi gp, zero, 0
x3 <- 0x00000000


mem[X,0x80039838] -> 0x006F
mem[X,0x8003983A] -> 0x0050
[5224] [M]: 0x80039838 (0x0050006F) jal zero, 2052


mem[X,0x8003A03C] -> 0x70E3
mem[X,0x8003A03E] -> 0x80B5
[5225] [M]: 0x8003A03C (0x80B570E3) bgeu a0, a1, 6144


mem[X,0x8003983C] -> 0x8193
mem[X,0x8003983E] -> 0x0011
[5226] [M]: 0x8003983C (0x00118193) addi gp, gp, 1
x3 <- 0x00000001


mem[X,0x80039840] -> 0x006F
mem[X,0x80039842] -> 0x0110
[5227] [M]: 0x80039840 (0x0110006F) jal zero, 2064


mem[X,0x8003A050] -> 0x2A23
mem[X,0x8003A052] -> 0x0431
[5228] [M]: 0x8003A050 (0x04312A23) sw gp, 84(sp)
mem[0x8004B9B8] <- 0x00000001


mem[X,0x8003A054] -> 0xB537
mem[X,0x8003A056] -> 0xAAAA
[5229] [M]: 0x8003A054 (0xAAAAB537) lui a0, 699051
x10 <- 0xAAAAB000


mem[X,0x8003A058] -> 0x0513
mem[X,0x8003A05A] -> 0xAAB5
[5230] [M]: 0x8003A058 (0xAAB50513) addi a0, a0, 2731
x10 <- 0xAAAAAAAB


mem[X,0x8003A05C] -> 0x05B7
mem[X,0x8003A05E] -> 0x0001
[5231] [M]: 0x8003A05C (0x000105B7) lui a1, 16
x11 <- 0x00010000


mem[X,0x8003A060] -> 0x8593
mem[X,0x8003A062] -> 0xFFF5
[5232] [M]: 0x8003A060 (0xFFF58593) addi a1, a1, 4095
x11 <- 0x0000FFFF


mem[X,0x8003A064] -> 0x0193
mem[X,0x8003A066] -> 0x0000
[5233] [M]: 0x8003A064 (0x00000193) addi gp, zero, 0
x3 <- 0x00000000


mem[X,0x8003A068] -> 0x006F
mem[X,0x8003A06A] -> 0x00C0
[5234] [M]: 0x8003A068 (0x00C0006F) jal zero, 12


mem[X,0x8003A074] -> 0x7CE3
mem[X,0x8003A076] -> 0xFEB5
[5235] [M]: 0x8003A074 (0xFEB57CE3) bgeu a0, a1, 8184


mem[X,0x8003A06C] -> 0x8193
mem[X,0x8003A06E] -> 0x0011
[5236] [M]: 0x8003A06C (0x00118193) addi gp, gp, 1
x3 <- 0x00000001


mem[X,0x8003A070] -> 0x006F
mem[X,0x8003A072] -> 0x0180
[5237] [M]: 0x8003A070 (0x0180006F) jal zero, 24


mem[X,0x8003A088] -> 0x2C23
mem[X,0x8003A08A] -> 0x0431
[5238] [M]: 0x8003A088 (0x04312C23) sw gp, 88(sp)
mem[0x8004B9BC] <- 0x00000001


mem[X,0x8003A08C] -> 0xB537
mem[X,0x8003A08E] -> 0xAAAA
[5239] [M]: 0x8003A08C (0xAAAAB537) lui a0, 699051
x10 <- 0xAAAAB000


mem[X,0x8003A090] -> 0x0513
mem[X,0x8003A092] -> 0xAAB5
[5240] [M]: 0x8003A090 (0xAAB50513) addi a0, a0, 2731
x10 <- 0xAAAAAAAB


mem[X,0x8003A094] -> 0x0593
mem[X,0x8003A096] -> 0x0020
[5241] [M]: 0x8003A094 (0x00200593) addi a1, zero, 2
x11 <- 0x00000002


mem[X,0x8003A098] -> 0x0193
mem[X,0x8003A09A] -> 0x0000
[5242] [M]: 0x8003A098 (0x00000193) addi gp, zero, 0
x3 <- 0x00000000


mem[X,0x8003A09C] -> 0x006F
mem[X,0x8003A09E] -> 0x00C0
[5243] [M]: 0x8003A09C (0x00C0006F) jal zero, 12


mem[X,0x8003A0A8] -> 0x7063
mem[X,0x8003A0AA] -> 0x40B5
[5244] [M]: 0x8003A0A8 (0x40B57063) bgeu a0, a1, 1024


mem[X,0x8003A4A8] -> 0x8193
mem[X,0x8003A4AA] -> 0x0031
[5245] [M]: 0x8003A4A8 (0x00318193) addi gp, gp, 3
x3 <- 0x00000003


mem[X,0x8003A4AC] -> 0x006F
mem[X,0x8003A4AE] -> 0x0040
[5246] [M]: 0x8003A4AC (0x0040006F) jal zero, 4


mem[X,0x8003A4B0] -> 0x2E23
mem[X,0x8003A4B2] -> 0x0431
[5247] [M]: 0x8003A4B0 (0x04312E23) sw gp, 92(sp)
mem[0x8004B9C0] <- 0x00000003


mem[X,0x8003A4B4] -> 0xB537
mem[X,0x8003A4B6] -> 0xAAAA
[5248] [M]: 0x8003A4B4 (0xAAAAB537) lui a0, 699051
x10 <- 0xAAAAB000


mem[X,0x8003A4B8] -> 0x0513
mem[X,0x8003A4BA] -> 0xAAB5
[5249] [M]: 0x8003A4B8 (0xAAB50513) addi a0, a0, 2731
x10 <- 0xAAAAAAAB


mem[X,0x8003A4BC] -> 0x55B7
mem[X,0x8003A4BE] -> 0x5555
[5250] [M]: 0x8003A4BC (0x555555B7) lui a1, 349525
x11 <- 0x55555000


mem[X,0x8003A4C0] -> 0x8593
mem[X,0x8003A4C2] -> 0x5545
[5251] [M]: 0x8003A4C0 (0x55458593) addi a1, a1, 1364
x11 <- 0x55555554


mem[X,0x8003A4C4] -> 0x0193
mem[X,0x8003A4C6] -> 0x0000
[5252] [M]: 0x8003A4C4 (0x00000193) addi gp, zero, 0
x3 <- 0x00000000


mem[X,0x8003A4C8] -> 0x006F
mem[X,0x8003A4CA] -> 0x00C0
[5253] [M]: 0x8003A4C8 (0x00C0006F) jal zero, 12


mem[X,0x8003A4D4] -> 0x7CE3
mem[X,0x8003A4D6] -> 0xFEB5
[5254] [M]: 0x8003A4D4 (0xFEB57CE3) bgeu a0, a1, 8184


mem[X,0x8003A4CC] -> 0x8193
mem[X,0x8003A4CE] -> 0x0011
[5255] [M]: 0x8003A4CC (0x00118193) addi gp, gp, 1
x3 <- 0x00000001


mem[X,0x8003A4D0] -> 0x006F
mem[X,0x8003A4D2] -> 0x0180
[5256] [M]: 0x8003A4D0 (0x0180006F) jal zero, 24


mem[X,0x8003A4E8] -> 0x2023
mem[X,0x8003A4EA] -> 0x0631
[5257] [M]: 0x8003A4E8 (0x06312023) sw gp, 96(sp)
mem[0x8004B9C4] <- 0x00000001


mem[X,0x8003A4EC] -> 0xB537
mem[X,0x8003A4EE] -> 0xAAAA
[5258] [M]: 0x8003A4EC (0xAAAAB537) lui a0, 699051
x10 <- 0xAAAAB000


mem[X,0x8003A4F0] -> 0x0513
mem[X,0x8003A4F2] -> 0xAAB5
[5259] [M]: 0x8003A4F0 (0xAAB50513) addi a0, a0, 2731
x10 <- 0xAAAAAAAB


mem[X,0x8003A4F4] -> 0xB5B7
mem[X,0x8003A4F6] -> 0xAAAA
[5260] [M]: 0x8003A4F4 (0xAAAAB5B7) lui a1, 699051
x11 <- 0xAAAAB000


mem[X,0x8003A4F8] -> 0x8593
mem[X,0x8003A4FA] -> 0xAA95
[5261] [M]: 0x8003A4F8 (0xAA958593) addi a1, a1, 2729
x11 <- 0xAAAAAAA9


mem[X,0x8003A4FC] -> 0x0193
mem[X,0x8003A4FE] -> 0x0000
[5262] [M]: 0x8003A4FC (0x00000193) addi gp, zero, 0
x3 <- 0x00000000


mem[X,0x8003A500] -> 0x006F
mem[X,0x8003A502] -> 0x00C0
[5263] [M]: 0x8003A500 (0x00C0006F) jal zero, 12


mem[X,0x8003A50C] -> 0x7063
mem[X,0x8003A50E] -> 0x08B5
[5264] [M]: 0x8003A50C (0x08B57063) bgeu a0, a1, 128


mem[X,0x8003A58C] -> 0x8193
mem[X,0x8003A58E] -> 0x0031
[5265] [M]: 0x8003A58C (0x00318193) addi gp, gp, 3
x3 <- 0x00000003


mem[X,0x8003A590] -> 0x006F
mem[X,0x8003A592] -> 0x0040
[5266] [M]: 0x8003A590 (0x0040006F) jal zero, 4


mem[X,0x8003A594] -> 0x2223
mem[X,0x8003A596] -> 0x0631
[5267] [M]: 0x8003A594 (0x06312223) sw gp, 100(sp)
mem[0x8004B9C8] <- 0x00000003


mem[X,0x8003A598] -> 0xB537
mem[X,0x8003A59A] -> 0xAAAA
[5268] [M]: 0x8003A598 (0xAAAAB537) lui a0, 699051
x10 <- 0xAAAAB000


mem[X,0x8003A59C] -> 0x0513
mem[X,0x8003A59E] -> 0xAAB5
[5269] [M]: 0x8003A59C (0xAAB50513) addi a0, a0, 2731
x10 <- 0xAAAAAAAB


mem[X,0x8003A5A0] -> 0x35B7
mem[X,0x8003A5A2] -> 0x3333
[5270] [M]: 0x8003A5A0 (0x333335B7) lui a1, 209715
x11 <- 0x33333000


mem[X,0x8003A5A4] -> 0x8593
mem[X,0x8003A5A6] -> 0x3325
[5271] [M]: 0x8003A5A4 (0x33258593) addi a1, a1, 818
x11 <- 0x33333332


mem[X,0x8003A5A8] -> 0x0193
mem[X,0x8003A5AA] -> 0x0000
[5272] [M]: 0x8003A5A8 (0x00000193) addi gp, zero, 0
x3 <- 0x00000000


mem[X,0x8003A5AC] -> 0x006F
mem[X,0x8003A5AE] -> 0x00C0
[5273] [M]: 0x8003A5AC (0x00C0006F) jal zero, 12


mem[X,0x8003A5B8] -> 0x7663
mem[X,0x8003A5BA] -> 0x00B5
[5274] [M]: 0x8003A5B8 (0x00B57663) bgeu a0, a1, 12


mem[X,0x8003A5C4] -> 0x8193
mem[X,0x8003A5C6] -> 0x0031
[5275] [M]: 0x8003A5C4 (0x00318193) addi gp, gp, 3
x3 <- 0x00000003


mem[X,0x8003A5C8] -> 0x006F
mem[X,0x8003A5CA] -> 0x0040
[5276] [M]: 0x8003A5C8 (0x0040006F) jal zero, 4


mem[X,0x8003A5CC] -> 0x2423
mem[X,0x8003A5CE] -> 0x0631
[5277] [M]: 0x8003A5CC (0x06312423) sw gp, 104(sp)
mem[0x8004B9CC] <- 0x00000003


mem[X,0x8003A5D0] -> 0xB537
mem[X,0x8003A5D2] -> 0xAAAA
[5278] [M]: 0x8003A5D0 (0xAAAAB537) lui a0, 699051
x10 <- 0xAAAAB000


mem[X,0x8003A5D4] -> 0x0513
mem[X,0x8003A5D6] -> 0xAAB5
[5279] [M]: 0x8003A5D4 (0xAAB50513) addi a0, a0, 2731
x10 <- 0xAAAAAAAB


mem[X,0x8003A5D8] -> 0x65B7
mem[X,0x8003A5DA] -> 0x6666
[5280] [M]: 0x8003A5D8 (0x666665B7) lui a1, 419430
x11 <- 0x66666000


mem[X,0x8003A5DC] -> 0x8593
mem[X,0x8003A5DE] -> 0x6655
[5281] [M]: 0x8003A5DC (0x66558593) addi a1, a1, 1637
x11 <- 0x66666665


mem[X,0x8003A5E0] -> 0x0193
mem[X,0x8003A5E2] -> 0x0000
[5282] [M]: 0x8003A5E0 (0x00000193) addi gp, zero, 0
x3 <- 0x00000000


mem[X,0x8003A5E4] -> 0x006F
mem[X,0x8003A5E6] -> 0x00C0
[5283] [M]: 0x8003A5E4 (0x00C0006F) jal zero, 12


mem[X,0x8003A5F0] -> 0x7063
mem[X,0x8003A5F2] -> 0x08B5
[5284] [M]: 0x8003A5F0 (0x08B57063) bgeu a0, a1, 128


mem[X,0x8003A670] -> 0x8193
mem[X,0x8003A672] -> 0x0031
[5285] [M]: 0x8003A670 (0x00318193) addi gp, gp, 3
x3 <- 0x00000003


mem[X,0x8003A674] -> 0x006F
mem[X,0x8003A676] -> 0x0040
[5286] [M]: 0x8003A674 (0x0040006F) jal zero, 4


mem[X,0x8003A678] -> 0x2623
mem[X,0x8003A67A] -> 0x0631
[5287] [M]: 0x8003A678 (0x06312623) sw gp, 108(sp)
mem[0x8004B9D0] <- 0x00000003


mem[X,0x8003A67C] -> 0xB537
mem[X,0x8003A67E] -> 0xAAAA
[5288] [M]: 0x8003A67C (0xAAAAB537) lui a0, 699051
x10 <- 0xAAAAB000


mem[X,0x8003A680] -> 0x0513
mem[X,0x8003A682] -> 0xAAB5
[5289] [M]: 0x8003A680 (0xAAB50513) addi a0, a0, 2731
x10 <- 0xAAAAAAAB


mem[X,0x8003A684] -> 0xB5B7
mem[X,0x8003A686] -> 0x0000
[5290] [M]: 0x8003A684 (0x0000B5B7) lui a1, 11
x11 <- 0x0000B000


mem[X,0x8003A688] -> 0x8593
mem[X,0x8003A68A] -> 0x5035
[5291] [M]: 0x8003A688 (0x50358593) addi a1, a1, 1283
x11 <- 0x0000B503


mem[X,0x8003A68C] -> 0x0193
mem[X,0x8003A68E] -> 0x0000
[5292] [M]: 0x8003A68C (0x00000193) addi gp, zero, 0
x3 <- 0x00000000


mem[X,0x8003A690] -> 0x006F
mem[X,0x8003A692] -> 0x0100
[5293] [M]: 0x8003A690 (0x0100006F) jal zero, 16


mem[X,0x8003A6A0] -> 0x7AE3
mem[X,0x8003A6A2] -> 0xFEB5
[5294] [M]: 0x8003A6A0 (0xFEB57AE3) bgeu a0, a1, 8180


mem[X,0x8003A694] -> 0x8193
mem[X,0x8003A696] -> 0x0011
[5295] [M]: 0x8003A694 (0x00118193) addi gp, gp, 1
x3 <- 0x00000001


mem[X,0x8003A698] -> 0x006F
mem[X,0x8003A69A] -> 0x01C0
[5296] [M]: 0x8003A698 (0x01C0006F) jal zero, 28


mem[X,0x8003A6B4] -> 0x2823
mem[X,0x8003A6B6] -> 0x0631
[5297] [M]: 0x8003A6B4 (0x06312823) sw gp, 112(sp)
mem[0x8004B9D4] <- 0x00000001


mem[X,0x8003A6B8] -> 0xB537
mem[X,0x8003A6BA] -> 0xAAAA
[5298] [M]: 0x8003A6B8 (0xAAAAB537) lui a0, 699051
x10 <- 0xAAAAB000


mem[X,0x8003A6BC] -> 0x0513
mem[X,0x8003A6BE] -> 0xAAB5
[5299] [M]: 0x8003A6BC (0xAAB50513) addi a0, a0, 2731
x10 <- 0xAAAAAAAB


clint::tick mtime <- 0x0000000000000035
 clint timer pending at mtime 0x0000000000000035
htif::tick 0x0000000000000000
mem[X,0x8003A6C0] -> 0x05B7
mem[X,0x8003A6C2] -> 0x0001
[5300] [M]: 0x8003A6C0 (0x000105B7) lui a1, 16
x11 <- 0x00010000


mem[X,0x8003A6C4] -> 0x8593
mem[X,0x8003A6C6] -> 0xFFE5
[5301] [M]: 0x8003A6C4 (0xFFE58593) addi a1, a1, 4094
x11 <- 0x0000FFFE


mem[X,0x8003A6C8] -> 0x0193
mem[X,0x8003A6CA] -> 0x0000
[5302] [M]: 0x8003A6C8 (0x00000193) addi gp, zero, 0
x3 <- 0x00000000


mem[X,0x8003A6CC] -> 0x006F
mem[X,0x8003A6CE] -> 0x00C0
[5303] [M]: 0x8003A6CC (0x00C0006F) jal zero, 12


mem[X,0x8003A6D8] -> 0x7CE3
mem[X,0x8003A6DA] -> 0xFEB5
[5304] [M]: 0x8003A6D8 (0xFEB57CE3) bgeu a0, a1, 8184


mem[X,0x8003A6D0] -> 0x8193
mem[X,0x8003A6D2] -> 0x0011
[5305] [M]: 0x8003A6D0 (0x00118193) addi gp, gp, 1
x3 <- 0x00000001


mem[X,0x8003A6D4] -> 0x006F
mem[X,0x8003A6D6] -> 0x0180
[5306] [M]: 0x8003A6D4 (0x0180006F) jal zero, 24


mem[X,0x8003A6EC] -> 0x2A23
mem[X,0x8003A6EE] -> 0x0631
[5307] [M]: 0x8003A6EC (0x06312A23) sw gp, 116(sp)
mem[0x8004B9D8] <- 0x00000001


mem[X,0x8003A6F0] -> 0xB537
mem[X,0x8003A6F2] -> 0xAAAA
[5308] [M]: 0x8003A6F0 (0xAAAAB537) lui a0, 699051
x10 <- 0xAAAAB000


mem[X,0x8003A6F4] -> 0x0513
mem[X,0x8003A6F6] -> 0xAAB5
[5309] [M]: 0x8003A6F4 (0xAAB50513) addi a0, a0, 2731
x10 <- 0xAAAAAAAB


mem[X,0x8003A6F8] -> 0x55B7
mem[X,0x8003A6FA] -> 0x5555
[5310] [M]: 0x8003A6F8 (0x555555B7) lui a1, 349525
x11 <- 0x55555000


mem[X,0x8003A6FC] -> 0x8593
mem[X,0x8003A6FE] -> 0x5565
[5311] [M]: 0x8003A6FC (0x55658593) addi a1, a1, 1366
x11 <- 0x55555556


mem[X,0x8003A700] -> 0x0193
mem[X,0x8003A702] -> 0x0000
[5312] [M]: 0x8003A700 (0x00000193) addi gp, zero, 0
x3 <- 0x00000000


mem[X,0x8003A704] -> 0x006F
mem[X,0x8003A706] -> 0x0180
[5313] [M]: 0x8003A704 (0x0180006F) jal zero, 24


mem[X,0x8003A71C] -> 0x76E3
mem[X,0x8003A71E] -> 0xFEB5
[5314] [M]: 0x8003A71C (0xFEB576E3) bgeu a0, a1, 8172


mem[X,0x8003A708] -> 0x8193
mem[X,0x8003A70A] -> 0x0011
[5315] [M]: 0x8003A708 (0x00118193) addi gp, gp, 1
x3 <- 0x00000001


mem[X,0x8003A70C] -> 0x006F
mem[X,0x8003A70E] -> 0x0240
[5316] [M]: 0x8003A70C (0x0240006F) jal zero, 36


mem[X,0x8003A730] -> 0x2C23
mem[X,0x8003A732] -> 0x0631
[5317] [M]: 0x8003A730 (0x06312C23) sw gp, 120(sp)
mem[0x8004B9DC] <- 0x00000001


mem[X,0x8003A734] -> 0xB537
mem[X,0x8003A736] -> 0xAAAA
[5318] [M]: 0x8003A734 (0xAAAAB537) lui a0, 699051
x10 <- 0xAAAAB000


mem[X,0x8003A738] -> 0x0513
mem[X,0x8003A73A] -> 0xAAB5
[5319] [M]: 0x8003A738 (0xAAB50513) addi a0, a0, 2731
x10 <- 0xAAAAAAAB


mem[X,0x8003A73C] -> 0xB5B7
mem[X,0x8003A73E] -> 0xAAAA
[5320] [M]: 0x8003A73C (0xAAAAB5B7) lui a1, 699051
x11 <- 0xAAAAB000


mem[X,0x8003A740] -> 0x8593
mem[X,0x8003A742] -> 0xAAB5
[5321] [M]: 0x8003A740 (0xAAB58593) addi a1, a1, 2731
x11 <- 0xAAAAAAAB


mem[X,0x8003A744] -> 0x0193
mem[X,0x8003A746] -> 0x0000
[5322] [M]: 0x8003A744 (0x00000193) addi gp, zero, 0
x3 <- 0x00000000


mem[X,0x8003A748] -> 0x006F
mem[X,0x8003A74A] -> 0x00C0
[5323] [M]: 0x8003A748 (0x00C0006F) jal zero, 12


mem[X,0x8003A754] -> 0x7063
mem[X,0x8003A756] -> 0x10B5
[5324] [M]: 0x8003A754 (0x10B57063) bgeu a0, a1, 256


mem[X,0x8003A854] -> 0x8193
mem[X,0x8003A856] -> 0x0031
[5325] [M]: 0x8003A854 (0x00318193) addi gp, gp, 3
x3 <- 0x00000003


mem[X,0x8003A858] -> 0x006F
mem[X,0x8003A85A] -> 0x0040
[5326] [M]: 0x8003A858 (0x0040006F) jal zero, 4


mem[X,0x8003A85C] -> 0x2E23
mem[X,0x8003A85E] -> 0x0631
[5327] [M]: 0x8003A85C (0x06312E23) sw gp, 124(sp)
mem[0x8004B9E0] <- 0x00000003


mem[X,0x8003A860] -> 0xB537
mem[X,0x8003A862] -> 0xAAAA
[5328] [M]: 0x8003A860 (0xAAAAB537) lui a0, 699051
x10 <- 0xAAAAB000


mem[X,0x8003A864] -> 0x0513
mem[X,0x8003A866] -> 0xAAB5
[5329] [M]: 0x8003A864 (0xAAB50513) addi a0, a0, 2731
x10 <- 0xAAAAAAAB


mem[X,0x8003A868] -> 0x0593
mem[X,0x8003A86A] -> 0x0060
[5330] [M]: 0x8003A868 (0x00600593) addi a1, zero, 6
x11 <- 0x00000006


mem[X,0x8003A86C] -> 0x0193
mem[X,0x8003A86E] -> 0x0000
[5331] [M]: 0x8003A86C (0x00000193) addi gp, zero, 0
x3 <- 0x00000000


mem[X,0x8003A870] -> 0x006F
mem[X,0x8003A872] -> 0x0180
[5332] [M]: 0x8003A870 (0x0180006F) jal zero, 24


mem[X,0x8003A888] -> 0x76E3
mem[X,0x8003A88A] -> 0xFEB5
[5333] [M]: 0x8003A888 (0xFEB576E3) bgeu a0, a1, 8172


mem[X,0x8003A874] -> 0x8193
mem[X,0x8003A876] -> 0x0011
[5334] [M]: 0x8003A874 (0x00118193) addi gp, gp, 1
x3 <- 0x00000001


mem[X,0x8003A878] -> 0x006F
mem[X,0x8003A87A] -> 0x0240
[5335] [M]: 0x8003A878 (0x0240006F) jal zero, 36


mem[X,0x8003A89C] -> 0x2023
mem[X,0x8003A89E] -> 0x0831
[5336] [M]: 0x8003A89C (0x08312023) sw gp, 128(sp)
mem[0x8004B9E4] <- 0x00000001


mem[X,0x8003A8A0] -> 0xB537
mem[X,0x8003A8A2] -> 0xAAAA
[5337] [M]: 0x8003A8A0 (0xAAAAB537) lui a0, 699051
x10 <- 0xAAAAB000


mem[X,0x8003A8A4] -> 0x0513
mem[X,0x8003A8A6] -> 0xAAB5
[5338] [M]: 0x8003A8A4 (0xAAB50513) addi a0, a0, 2731
x10 <- 0xAAAAAAAB


mem[X,0x8003A8A8] -> 0x35B7
mem[X,0x8003A8AA] -> 0x3333
[5339] [M]: 0x8003A8A8 (0x333335B7) lui a1, 209715
x11 <- 0x33333000


mem[X,0x8003A8AC] -> 0x8593
mem[X,0x8003A8AE] -> 0x3345
[5340] [M]: 0x8003A8AC (0x33458593) addi a1, a1, 820
x11 <- 0x33333334


mem[X,0x8003A8B0] -> 0x0193
mem[X,0x8003A8B2] -> 0x0000
[5341] [M]: 0x8003A8B0 (0x00000193) addi gp, zero, 0
x3 <- 0x00000000


mem[X,0x8003A8B4] -> 0x006F
mem[X,0x8003A8B6] -> 0x00C0
[5342] [M]: 0x8003A8B4 (0x00C0006F) jal zero, 12


mem[X,0x8003A8C0] -> 0x7063
mem[X,0x8003A8C2] -> 0x40B5
[5343] [M]: 0x8003A8C0 (0x40B57063) bgeu a0, a1, 1024


mem[X,0x8003ACC0] -> 0x8193
mem[X,0x8003ACC2] -> 0x0031
[5344] [M]: 0x8003ACC0 (0x00318193) addi gp, gp, 3
x3 <- 0x00000003


mem[X,0x8003ACC4] -> 0x006F
mem[X,0x8003ACC6] -> 0x0040
[5345] [M]: 0x8003ACC4 (0x0040006F) jal zero, 4


mem[X,0x8003ACC8] -> 0x2223
mem[X,0x8003ACCA] -> 0x0831
[5346] [M]: 0x8003ACC8 (0x08312223) sw gp, 132(sp)
mem[0x8004B9E8] <- 0x00000003


mem[X,0x8003ACCC] -> 0xB537
mem[X,0x8003ACCE] -> 0xAAAA
[5347] [M]: 0x8003ACCC (0xAAAAB537) lui a0, 699051
x10 <- 0xAAAAB000


mem[X,0x8003ACD0] -> 0x0513
mem[X,0x8003ACD2] -> 0xAAB5
[5348] [M]: 0x8003ACD0 (0xAAB50513) addi a0, a0, 2731
x10 <- 0xAAAAAAAB


mem[X,0x8003ACD4] -> 0x65B7
mem[X,0x8003ACD6] -> 0x6666
[5349] [M]: 0x8003ACD4 (0x666665B7) lui a1, 419430
x11 <- 0x66666000


mem[X,0x8003ACD8] -> 0x8593
mem[X,0x8003ACDA] -> 0x6675
[5350] [M]: 0x8003ACD8 (0x66758593) addi a1, a1, 1639
x11 <- 0x66666667


mem[X,0x8003ACDC] -> 0x0193
mem[X,0x8003ACDE] -> 0x0000
[5351] [M]: 0x8003ACDC (0x00000193) addi gp, zero, 0
x3 <- 0x00000000


mem[X,0x8003ACE0] -> 0x006F
mem[X,0x8003ACE2] -> 0x00C0
[5352] [M]: 0x8003ACE0 (0x00C0006F) jal zero, 12


mem[X,0x8003ACEC] -> 0x7063
mem[X,0x8003ACEE] -> 0x04B5
[5353] [M]: 0x8003ACEC (0x04B57063) bgeu a0, a1, 64


mem[X,0x8003AD2C] -> 0x8193
mem[X,0x8003AD2E] -> 0x0031
[5354] [M]: 0x8003AD2C (0x00318193) addi gp, gp, 3
x3 <- 0x00000003


mem[X,0x8003AD30] -> 0x006F
mem[X,0x8003AD32] -> 0x0040
[5355] [M]: 0x8003AD30 (0x0040006F) jal zero, 4


mem[X,0x8003AD34] -> 0x2423
mem[X,0x8003AD36] -> 0x0831
[5356] [M]: 0x8003AD34 (0x08312423) sw gp, 136(sp)
mem[0x8004B9EC] <- 0x00000003


mem[X,0x8003AD38] -> 0xB537
mem[X,0x8003AD3A] -> 0xAAAA
[5357] [M]: 0x8003AD38 (0xAAAAB537) lui a0, 699051
x10 <- 0xAAAAB000


mem[X,0x8003AD3C] -> 0x0513
mem[X,0x8003AD3E] -> 0xAAB5
[5358] [M]: 0x8003AD3C (0xAAB50513) addi a0, a0, 2731
x10 <- 0xAAAAAAAB


mem[X,0x8003AD40] -> 0xB5B7
mem[X,0x8003AD42] -> 0x0000
[5359] [M]: 0x8003AD40 (0x0000B5B7) lui a1, 11
x11 <- 0x0000B000


mem[X,0x8003AD44] -> 0x8593
mem[X,0x8003AD46] -> 0x5055
[5360] [M]: 0x8003AD44 (0x50558593) addi a1, a1, 1285
x11 <- 0x0000B505


mem[X,0x8003AD48] -> 0x0193
mem[X,0x8003AD4A] -> 0x0000
[5361] [M]: 0x8003AD48 (0x00000193) addi gp, zero, 0
x3 <- 0x00000000


mem[X,0x8003AD4C] -> 0x006F
mem[X,0x8003AD4E] -> 0x0180
[5362] [M]: 0x8003AD4C (0x0180006F) jal zero, 24


mem[X,0x8003AD64] -> 0x76E3
mem[X,0x8003AD66] -> 0xFEB5
[5363] [M]: 0x8003AD64 (0xFEB576E3) bgeu a0, a1, 8172


mem[X,0x8003AD50] -> 0x8193
mem[X,0x8003AD52] -> 0x0011
[5364] [M]: 0x8003AD50 (0x00118193) addi gp, gp, 1
x3 <- 0x00000001


mem[X,0x8003AD54] -> 0x006F
mem[X,0x8003AD56] -> 0x0240
[5365] [M]: 0x8003AD54 (0x0240006F) jal zero, 36


mem[X,0x8003AD78] -> 0x2623
mem[X,0x8003AD7A] -> 0x0831
[5366] [M]: 0x8003AD78 (0x08312623) sw gp, 140(sp)
mem[0x8004B9F0] <- 0x00000001


mem[X,0x8003AD7C] -> 0xB537
mem[X,0x8003AD7E] -> 0xAAAA
[5367] [M]: 0x8003AD7C (0xAAAAB537) lui a0, 699051
x10 <- 0xAAAAB000


mem[X,0x8003AD80] -> 0x0513
mem[X,0x8003AD82] -> 0xAAB5
[5368] [M]: 0x8003AD80 (0xAAB50513) addi a0, a0, 2731
x10 <- 0xAAAAAAAB


mem[X,0x8003AD84] -> 0x0593
mem[X,0x8003AD86] -> 0x0010
[5369] [M]: 0x8003AD84 (0x00100593) addi a1, zero, 1
x11 <- 0x00000001


mem[X,0x8003AD88] -> 0x0193
mem[X,0x8003AD8A] -> 0x0000
[5370] [M]: 0x8003AD88 (0x00000193) addi gp, zero, 0
x3 <- 0x00000000


mem[X,0x8003AD8C] -> 0x006F
mem[X,0x8003AD8E] -> 0x00C0
[5371] [M]: 0x8003AD8C (0x00C0006F) jal zero, 12


mem[X,0x8003AD98] -> 0x7063
mem[X,0x8003AD9A] -> 0x10B5
[5372] [M]: 0x8003AD98 (0x10B57063) bgeu a0, a1, 256


mem[X,0x8003AE98] -> 0x8193
mem[X,0x8003AE9A] -> 0x0031
[5373] [M]: 0x8003AE98 (0x00318193) addi gp, gp, 3
x3 <- 0x00000003


mem[X,0x8003AE9C] -> 0x006F
mem[X,0x8003AE9E] -> 0x0040
[5374] [M]: 0x8003AE9C (0x0040006F) jal zero, 4


mem[X,0x8003AEA0] -> 0x2823
mem[X,0x8003AEA2] -> 0x0831
[5375] [M]: 0x8003AEA0 (0x08312823) sw gp, 144(sp)
mem[0x8004B9F4] <- 0x00000003


mem[X,0x8003AEA4] -> 0xB537
mem[X,0x8003AEA6] -> 0xAAAA
[5376] [M]: 0x8003AEA4 (0xAAAAB537) lui a0, 699051
x10 <- 0xAAAAB000


mem[X,0x8003AEA8] -> 0x0513
mem[X,0x8003AEAA] -> 0xAAB5
[5377] [M]: 0x8003AEA8 (0xAAB50513) addi a0, a0, 2731
x10 <- 0xAAAAAAAB


mem[X,0x8003AEAC] -> 0x05B7
mem[X,0x8003AEAE] -> 0x0001
[5378] [M]: 0x8003AEAC (0x000105B7) lui a1, 16
x11 <- 0x00010000


mem[X,0x8003AEB0] -> 0x0193
mem[X,0x8003AEB2] -> 0x0000
[5379] [M]: 0x8003AEB0 (0x00000193) addi gp, zero, 0
x3 <- 0x00000000


mem[X,0x8003AEB4] -> 0x006F
mem[X,0x8003AEB6] -> 0x00C0
[5380] [M]: 0x8003AEB4 (0x00C0006F) jal zero, 12


mem[X,0x8003AEC0] -> 0x7663
mem[X,0x8003AEC2] -> 0x00B5
[5381] [M]: 0x8003AEC0 (0x00B57663) bgeu a0, a1, 12


mem[X,0x8003AECC] -> 0x8193
mem[X,0x8003AECE] -> 0x0031
[5382] [M]: 0x8003AECC (0x00318193) addi gp, gp, 3
x3 <- 0x00000003


mem[X,0x8003AED0] -> 0x006F
mem[X,0x8003AED2] -> 0x0040
[5383] [M]: 0x8003AED0 (0x0040006F) jal zero, 4


mem[X,0x8003AED4] -> 0x2A23
mem[X,0x8003AED6] -> 0x0831
[5384] [M]: 0x8003AED4 (0x08312A23) sw gp, 148(sp)
mem[0x8004B9F8] <- 0x00000003


mem[X,0x8003AED8] -> 0x0513
mem[X,0x8003AEDA] -> 0x0060
[5385] [M]: 0x8003AED8 (0x00600513) addi a0, zero, 6
x10 <- 0x00000006


mem[X,0x8003AEDC] -> 0x0593
mem[X,0x8003AEDE] -> 0x0030
[5386] [M]: 0x8003AEDC (0x00300593) addi a1, zero, 3
x11 <- 0x00000003


mem[X,0x8003AEE0] -> 0x0193
mem[X,0x8003AEE2] -> 0x0000
[5387] [M]: 0x8003AEE0 (0x00000193) addi gp, zero, 0
x3 <- 0x00000000


mem[X,0x8003AEE4] -> 0x006F
mem[X,0x8003AEE6] -> 0x00C0
[5388] [M]: 0x8003AEE4 (0x00C0006F) jal zero, 12


mem[X,0x8003AEF0] -> 0x7663
mem[X,0x8003AEF2] -> 0x00B5
[5389] [M]: 0x8003AEF0 (0x00B57663) bgeu a0, a1, 12


mem[X,0x8003AEFC] -> 0x8193
mem[X,0x8003AEFE] -> 0x0031
[5390] [M]: 0x8003AEFC (0x00318193) addi gp, gp, 3
x3 <- 0x00000003


mem[X,0x8003AF00] -> 0x006F
mem[X,0x8003AF02] -> 0x0040
[5391] [M]: 0x8003AF00 (0x0040006F) jal zero, 4


mem[X,0x8003AF04] -> 0x2C23
mem[X,0x8003AF06] -> 0x0831
[5392] [M]: 0x8003AF04 (0x08312C23) sw gp, 152(sp)
mem[0x8004B9FC] <- 0x00000003


mem[X,0x8003AF08] -> 0x0513
mem[X,0x8003AF0A] -> 0x0060
[5393] [M]: 0x8003AF08 (0x00600513) addi a0, zero, 6
x10 <- 0x00000006


mem[X,0x8003AF0C] -> 0x55B7
mem[X,0x8003AF0E] -> 0x5555
[5394] [M]: 0x8003AF0C (0x555555B7) lui a1, 349525
x11 <- 0x55555000


mem[X,0x8003AF10] -> 0x8593
mem[X,0x8003AF12] -> 0x5555
[5395] [M]: 0x8003AF10 (0x55558593) addi a1, a1, 1365
x11 <- 0x55555555


mem[X,0x8003AF14] -> 0x0193
mem[X,0x8003AF16] -> 0x0000
[5396] [M]: 0x8003AF14 (0x00000193) addi gp, zero, 0
x3 <- 0x00000000


mem[X,0x8003AF18] -> 0x006F
mem[X,0x8003AF1A] -> 0x00C0
[5397] [M]: 0x8003AF18 (0x00C0006F) jal zero, 12


mem[X,0x8003AF24] -> 0x7063
mem[X,0x8003AF26] -> 0x20B5
[5398] [M]: 0x8003AF24 (0x20B57063) bgeu a0, a1, 512


mem[X,0x8003AF28] -> 0x8193
mem[X,0x8003AF2A] -> 0x0021
[5399] [M]: 0x8003AF28 (0x00218193) addi gp, gp, 2
x3 <- 0x00000002


clint::tick mtime <- 0x0000000000000036
 clint timer pending at mtime 0x0000000000000036
htif::tick 0x0000000000000000
mem[X,0x8003AF2C] -> 0x006F
mem[X,0x8003AF2E] -> 0x2000
[5400] [M]: 0x8003AF2C (0x2000006F) jal zero, 512


mem[X,0x8003B12C] -> 0x2E23
mem[X,0x8003B12E] -> 0x0831
[5401] [M]: 0x8003B12C (0x08312E23) sw gp, 156(sp)
mem[0x8004BA00] <- 0x00000002


mem[X,0x8003B130] -> 0x0513
mem[X,0x8003B132] -> 0x0060
[5402] [M]: 0x8003B130 (0x00600513) addi a0, zero, 6
x10 <- 0x00000006


mem[X,0x8003B134] -> 0xB5B7
mem[X,0x8003B136] -> 0xAAAA
[5403] [M]: 0x8003B134 (0xAAAAB5B7) lui a1, 699051
x11 <- 0xAAAAB000


mem[X,0x8003B138] -> 0x8593
mem[X,0x8003B13A] -> 0xAAA5
[5404] [M]: 0x8003B138 (0xAAA58593) addi a1, a1, 2730
x11 <- 0xAAAAAAAA


mem[X,0x8003B13C] -> 0x0193
mem[X,0x8003B13E] -> 0x0000
[5405] [M]: 0x8003B13C (0x00000193) addi gp, zero, 0
x3 <- 0x00000000


mem[X,0x8003B140] -> 0x006F
mem[X,0x8003B142] -> 0x00C0
[5406] [M]: 0x8003B140 (0x00C0006F) jal zero, 12


mem[X,0x8003B14C] -> 0x7CE3
mem[X,0x8003B14E] -> 0xFEB5
[5407] [M]: 0x8003B14C (0xFEB57CE3) bgeu a0, a1, 8184


mem[X,0x8003B150] -> 0x8193
mem[X,0x8003B152] -> 0x0021
[5408] [M]: 0x8003B150 (0x00218193) addi gp, gp, 2
x3 <- 0x00000002


mem[X,0x8003B154] -> 0x006F
mem[X,0x8003B156] -> 0x00C0
[5409] [M]: 0x8003B154 (0x00C0006F) jal zero, 12


mem[X,0x8003B160] -> 0x2023
mem[X,0x8003B162] -> 0x0A31
[5410] [M]: 0x8003B160 (0x0A312023) sw gp, 160(sp)
mem[0x8004BA04] <- 0x00000002


mem[X,0x8003B164] -> 0x0513
mem[X,0x8003B166] -> 0x0060
[5411] [M]: 0x8003B164 (0x00600513) addi a0, zero, 6
x10 <- 0x00000006


mem[X,0x8003B168] -> 0x0593
mem[X,0x8003B16A] -> 0x0050
[5412] [M]: 0x8003B168 (0x00500593) addi a1, zero, 5
x11 <- 0x00000005


mem[X,0x8003B16C] -> 0x0193
mem[X,0x8003B16E] -> 0x0000
[5413] [M]: 0x8003B16C (0x00000193) addi gp, zero, 0
x3 <- 0x00000000


mem[X,0x8003B170] -> 0x006F
mem[X,0x8003B172] -> 0x00C0
[5414] [M]: 0x8003B170 (0x00C0006F) jal zero, 12


mem[X,0x8003B17C] -> 0x7663
mem[X,0x8003B17E] -> 0x00B5
[5415] [M]: 0x8003B17C (0x00B57663) bgeu a0, a1, 12


mem[X,0x8003B188] -> 0x8193
mem[X,0x8003B18A] -> 0x0031
[5416] [M]: 0x8003B188 (0x00318193) addi gp, gp, 3
x3 <- 0x00000003


mem[X,0x8003B18C] -> 0x006F
mem[X,0x8003B18E] -> 0x0040
[5417] [M]: 0x8003B18C (0x0040006F) jal zero, 4


mem[X,0x8003B190] -> 0x2223
mem[X,0x8003B192] -> 0x0A31
[5418] [M]: 0x8003B190 (0x0A312223) sw gp, 164(sp)
mem[0x8004BA08] <- 0x00000003


mem[X,0x8003B194] -> 0x0513
mem[X,0x8003B196] -> 0x0060
[5419] [M]: 0x8003B194 (0x00600513) addi a0, zero, 6
x10 <- 0x00000006


mem[X,0x8003B198] -> 0x35B7
mem[X,0x8003B19A] -> 0x3333
[5420] [M]: 0x8003B198 (0x333335B7) lui a1, 209715
x11 <- 0x33333000


mem[X,0x8003B19C] -> 0x8593
mem[X,0x8003B19E] -> 0x3335
[5421] [M]: 0x8003B19C (0x33358593) addi a1, a1, 819
x11 <- 0x33333333


mem[X,0x8003B1A0] -> 0x0193
mem[X,0x8003B1A2] -> 0x0000
[5422] [M]: 0x8003B1A0 (0x00000193) addi gp, zero, 0
x3 <- 0x00000000


mem[X,0x8003B1A4] -> 0x006F
mem[X,0x8003B1A6] -> 0x00C0
[5423] [M]: 0x8003B1A4 (0x00C0006F) jal zero, 12


mem[X,0x8003B1B0] -> 0x7663
mem[X,0x8003B1B2] -> 0x00B5
[5424] [M]: 0x8003B1B0 (0x00B57663) bgeu a0, a1, 12


mem[X,0x8003B1B4] -> 0x8193
mem[X,0x8003B1B6] -> 0x0021
[5425] [M]: 0x8003B1B4 (0x00218193) addi gp, gp, 2
x3 <- 0x00000002


mem[X,0x8003B1B8] -> 0x006F
mem[X,0x8003B1BA] -> 0x00C0
[5426] [M]: 0x8003B1B8 (0x00C0006F) jal zero, 12


mem[X,0x8003B1C4] -> 0x2423
mem[X,0x8003B1C6] -> 0x0A31
[5427] [M]: 0x8003B1C4 (0x0A312423) sw gp, 168(sp)
mem[0x8004BA0C] <- 0x00000002


mem[X,0x8003B1C8] -> 0x0513
mem[X,0x8003B1CA] -> 0x0060
[5428] [M]: 0x8003B1C8 (0x00600513) addi a0, zero, 6
x10 <- 0x00000006


mem[X,0x8003B1CC] -> 0x65B7
mem[X,0x8003B1CE] -> 0x6666
[5429] [M]: 0x8003B1CC (0x666665B7) lui a1, 419430
x11 <- 0x66666000


mem[X,0x8003B1D0] -> 0x8593
mem[X,0x8003B1D2] -> 0x6665
[5430] [M]: 0x8003B1D0 (0x66658593) addi a1, a1, 1638
x11 <- 0x66666666


mem[X,0x8003B1D4] -> 0x0193
mem[X,0x8003B1D6] -> 0x0000
[5431] [M]: 0x8003B1D4 (0x00000193) addi gp, zero, 0
x3 <- 0x00000000


mem[X,0x8003B1D8] -> 0x006F
mem[X,0x8003B1DA] -> 0x00C0
[5432] [M]: 0x8003B1D8 (0x00C0006F) jal zero, 12


mem[X,0x8003B1E4] -> 0x7063
mem[X,0x8003B1E6] -> 0x10B5
[5433] [M]: 0x8003B1E4 (0x10B57063) bgeu a0, a1, 256


mem[X,0x8003B1E8] -> 0x8193
mem[X,0x8003B1EA] -> 0x0021
[5434] [M]: 0x8003B1E8 (0x00218193) addi gp, gp, 2
x3 <- 0x00000002


mem[X,0x8003B1EC] -> 0x006F
mem[X,0x8003B1EE] -> 0x1000
[5435] [M]: 0x8003B1EC (0x1000006F) jal zero, 256


mem[X,0x8003B2EC] -> 0x2623
mem[X,0x8003B2EE] -> 0x0A31
[5436] [M]: 0x8003B2EC (0x0A312623) sw gp, 172(sp)
mem[0x8004BA10] <- 0x00000002


mem[X,0x8003B2F0] -> 0x0513
mem[X,0x8003B2F2] -> 0x0060
[5437] [M]: 0x8003B2F0 (0x00600513) addi a0, zero, 6
x10 <- 0x00000006


mem[X,0x8003B2F4] -> 0xB5B7
mem[X,0x8003B2F6] -> 0x0000
[5438] [M]: 0x8003B2F4 (0x0000B5B7) lui a1, 11
x11 <- 0x0000B000


mem[X,0x8003B2F8] -> 0x8593
mem[X,0x8003B2FA] -> 0x5045
[5439] [M]: 0x8003B2F8 (0x50458593) addi a1, a1, 1284
x11 <- 0x0000B504


mem[X,0x8003B2FC] -> 0x0193
mem[X,0x8003B2FE] -> 0x0000
[5440] [M]: 0x8003B2FC (0x00000193) addi gp, zero, 0
x3 <- 0x00000000


mem[X,0x8003B300] -> 0x006F
mem[X,0x8003B302] -> 0x00C0
[5441] [M]: 0x8003B300 (0x00C0006F) jal zero, 12


mem[X,0x8003B30C] -> 0x7663
mem[X,0x8003B30E] -> 0x00B5
[5442] [M]: 0x8003B30C (0x00B57663) bgeu a0, a1, 12


mem[X,0x8003B310] -> 0x8193
mem[X,0x8003B312] -> 0x0021
[5443] [M]: 0x8003B310 (0x00218193) addi gp, gp, 2
x3 <- 0x00000002


mem[X,0x8003B314] -> 0x006F
mem[X,0x8003B316] -> 0x00C0
[5444] [M]: 0x8003B314 (0x00C0006F) jal zero, 12


mem[X,0x8003B320] -> 0x2823
mem[X,0x8003B322] -> 0x0A31
[5445] [M]: 0x8003B320 (0x0A312823) sw gp, 176(sp)
mem[0x8004BA14] <- 0x00000002


mem[X,0x8003B324] -> 0x0513
mem[X,0x8003B326] -> 0x0060
[5446] [M]: 0x8003B324 (0x00600513) addi a0, zero, 6
x10 <- 0x00000006


mem[X,0x8003B328] -> 0x0593
mem[X,0x8003B32A] -> 0x0000
[5447] [M]: 0x8003B328 (0x00000593) addi a1, zero, 0
x11 <- 0x00000000


mem[X,0x8003B32C] -> 0x0193
mem[X,0x8003B32E] -> 0x0000
[5448] [M]: 0x8003B32C (0x00000193) addi gp, zero, 0
x3 <- 0x00000000


mem[X,0x8003B330] -> 0x006F
mem[X,0x8003B332] -> 0x2B10
[5449] [M]: 0x8003B330 (0x2B10006F) jal zero, 2736


mem[X,0x8003BDE0] -> 0x7A63
mem[X,0x8003BDE2] -> 0xD4B5
[5450] [M]: 0x8003BDE0 (0xD4B57A63) bgeu a0, a1, 5460


mem[X,0x8003B334] -> 0x8193
mem[X,0x8003B336] -> 0x0011
[5451] [M]: 0x8003B334 (0x00118193) addi gp, gp, 1
x3 <- 0x00000001


mem[X,0x8003B338] -> 0x006F
mem[X,0x8003B33A] -> 0x2BD0
[5452] [M]: 0x8003B338 (0x2BD0006F) jal zero, 2748


mem[X,0x8003BDF4] -> 0x2A23
mem[X,0x8003BDF6] -> 0x0A31
[5453] [M]: 0x8003BDF4 (0x0A312A23) sw gp, 180(sp)
mem[0x8004BA18] <- 0x00000001


mem[X,0x8003BDF8] -> 0x0513
mem[X,0x8003BDFA] -> 0x0060
[5454] [M]: 0x8003BDF8 (0x00600513) addi a0, zero, 6
x10 <- 0x00000006


mem[X,0x8003BDFC] -> 0x05B7
mem[X,0x8003BDFE] -> 0x0001
[5455] [M]: 0x8003BDFC (0x000105B7) lui a1, 16
x11 <- 0x00010000


mem[X,0x8003BE00] -> 0x8593
mem[X,0x8003BE02] -> 0xFFF5
[5456] [M]: 0x8003BE00 (0xFFF58593) addi a1, a1, 4095
x11 <- 0x0000FFFF


mem[X,0x8003BE04] -> 0x0193
mem[X,0x8003BE06] -> 0x0000
[5457] [M]: 0x8003BE04 (0x00000193) addi gp, zero, 0
x3 <- 0x00000000


mem[X,0x8003BE08] -> 0x006F
mem[X,0x8003BE0A] -> 0x00C0
[5458] [M]: 0x8003BE08 (0x00C0006F) jal zero, 12


mem[X,0x8003BE14] -> 0x7663
mem[X,0x8003BE16] -> 0x00B5
[5459] [M]: 0x8003BE14 (0x00B57663) bgeu a0, a1, 12


mem[X,0x8003BE18] -> 0x8193
mem[X,0x8003BE1A] -> 0x0021
[5460] [M]: 0x8003BE18 (0x00218193) addi gp, gp, 2
x3 <- 0x00000002


mem[X,0x8003BE1C] -> 0x006F
mem[X,0x8003BE1E] -> 0x00C0
[5461] [M]: 0x8003BE1C (0x00C0006F) jal zero, 12


mem[X,0x8003BE28] -> 0x2C23
mem[X,0x8003BE2A] -> 0x0A31
[5462] [M]: 0x8003BE28 (0x0A312C23) sw gp, 184(sp)
mem[0x8004BA1C] <- 0x00000002


mem[X,0x8003BE2C] -> 0x0513
mem[X,0x8003BE2E] -> 0x0060
[5463] [M]: 0x8003BE2C (0x00600513) addi a0, zero, 6
x10 <- 0x00000006


mem[X,0x8003BE30] -> 0x0593
mem[X,0x8003BE32] -> 0x0020
[5464] [M]: 0x8003BE30 (0x00200593) addi a1, zero, 2
x11 <- 0x00000002


mem[X,0x8003BE34] -> 0x0193
mem[X,0x8003BE36] -> 0x0000
[5465] [M]: 0x8003BE34 (0x00000193) addi gp, zero, 0
x3 <- 0x00000000


mem[X,0x8003BE38] -> 0x006F
mem[X,0x8003BE3A] -> 0x00C0
[5466] [M]: 0x8003BE38 (0x00C0006F) jal zero, 12


mem[X,0x8003BE44] -> 0x7663
mem[X,0x8003BE46] -> 0x00B5
[5467] [M]: 0x8003BE44 (0x00B57663) bgeu a0, a1, 12


mem[X,0x8003BE50] -> 0x8193
mem[X,0x8003BE52] -> 0x0031
[5468] [M]: 0x8003BE50 (0x00318193) addi gp, gp, 3
x3 <- 0x00000003


mem[X,0x8003BE54] -> 0x006F
mem[X,0x8003BE56] -> 0x0040
[5469] [M]: 0x8003BE54 (0x0040006F) jal zero, 4


mem[X,0x8003BE58] -> 0x2E23
mem[X,0x8003BE5A] -> 0x0A31
[5470] [M]: 0x8003BE58 (0x0A312E23) sw gp, 188(sp)
mem[0x8004BA20] <- 0x00000003


mem[X,0x8003BE5C] -> 0x0513
mem[X,0x8003BE5E] -> 0x0060
[5471] [M]: 0x8003BE5C (0x00600513) addi a0, zero, 6
x10 <- 0x00000006


mem[X,0x8003BE60] -> 0x55B7
mem[X,0x8003BE62] -> 0x5555
[5472] [M]: 0x8003BE60 (0x555555B7) lui a1, 349525
x11 <- 0x55555000


mem[X,0x8003BE64] -> 0x8593
mem[X,0x8003BE66] -> 0x5545
[5473] [M]: 0x8003BE64 (0x55458593) addi a1, a1, 1364
x11 <- 0x55555554


mem[X,0x8003BE68] -> 0x0193
mem[X,0x8003BE6A] -> 0x0000
[5474] [M]: 0x8003BE68 (0x00000193) addi gp, zero, 0
x3 <- 0x00000000


mem[X,0x8003BE6C] -> 0x006F
mem[X,0x8003BE6E] -> 0x00C0
[5475] [M]: 0x8003BE6C (0x00C0006F) jal zero, 12


mem[X,0x8003BE78] -> 0x7063
mem[X,0x8003BE7A] -> 0x20B5
[5476] [M]: 0x8003BE78 (0x20B57063) bgeu a0, a1, 512


mem[X,0x8003BE7C] -> 0x8193
mem[X,0x8003BE7E] -> 0x0021
[5477] [M]: 0x8003BE7C (0x00218193) addi gp, gp, 2
x3 <- 0x00000002


mem[X,0x8003BE80] -> 0x006F
mem[X,0x8003BE82] -> 0x2000
[5478] [M]: 0x8003BE80 (0x2000006F) jal zero, 512


mem[X,0x8003C080] -> 0x2023
mem[X,0x8003C082] -> 0x0C31
[5479] [M]: 0x8003C080 (0x0C312023) sw gp, 192(sp)
mem[0x8004BA24] <- 0x00000002


mem[X,0x8003C084] -> 0x0513
mem[X,0x8003C086] -> 0x0060
[5480] [M]: 0x8003C084 (0x00600513) addi a0, zero, 6
x10 <- 0x00000006


mem[X,0x8003C088] -> 0xB5B7
mem[X,0x8003C08A] -> 0xAAAA
[5481] [M]: 0x8003C088 (0xAAAAB5B7) lui a1, 699051
x11 <- 0xAAAAB000


mem[X,0x8003C08C] -> 0x8593
mem[X,0x8003C08E] -> 0xAA95
[5482] [M]: 0x8003C08C (0xAA958593) addi a1, a1, 2729
x11 <- 0xAAAAAAA9


mem[X,0x8003C090] -> 0x0193
mem[X,0x8003C092] -> 0x0000
[5483] [M]: 0x8003C090 (0x00000193) addi gp, zero, 0
x3 <- 0x00000000


mem[X,0x8003C094] -> 0x006F
mem[X,0x8003C096] -> 0x00C0
[5484] [M]: 0x8003C094 (0x00C0006F) jal zero, 12


mem[X,0x8003C0A0] -> 0x7CE3
mem[X,0x8003C0A2] -> 0xFEB5
[5485] [M]: 0x8003C0A0 (0xFEB57CE3) bgeu a0, a1, 8184


mem[X,0x8003C0A4] -> 0x8193
mem[X,0x8003C0A6] -> 0x0021
[5486] [M]: 0x8003C0A4 (0x00218193) addi gp, gp, 2
x3 <- 0x00000002


mem[X,0x8003C0A8] -> 0x006F
mem[X,0x8003C0AA] -> 0x00C0
[5487] [M]: 0x8003C0A8 (0x00C0006F) jal zero, 12


mem[X,0x8003C0B4] -> 0x2223
mem[X,0x8003C0B6] -> 0x0C31
[5488] [M]: 0x8003C0B4 (0x0C312223) sw gp, 196(sp)
mem[0x8004BA28] <- 0x00000002


mem[X,0x8003C0B8] -> 0x0513
mem[X,0x8003C0BA] -> 0x0060
[5489] [M]: 0x8003C0B8 (0x00600513) addi a0, zero, 6
x10 <- 0x00000006


mem[X,0x8003C0BC] -> 0x0593
mem[X,0x8003C0BE] -> 0x0040
[5490] [M]: 0x8003C0BC (0x00400593) addi a1, zero, 4
x11 <- 0x00000004


mem[X,0x8003C0C0] -> 0x0193
mem[X,0x8003C0C2] -> 0x0000
[5491] [M]: 0x8003C0C0 (0x00000193) addi gp, zero, 0
x3 <- 0x00000000


mem[X,0x8003C0C4] -> 0x006F
mem[X,0x8003C0C6] -> 0x0180
[5492] [M]: 0x8003C0C4 (0x0180006F) jal zero, 24


mem[X,0x8003C0DC] -> 0x76E3
mem[X,0x8003C0DE] -> 0xFEB5
[5493] [M]: 0x8003C0DC (0xFEB576E3) bgeu a0, a1, 8172


mem[X,0x8003C0C8] -> 0x8193
mem[X,0x8003C0CA] -> 0x0011
[5494] [M]: 0x8003C0C8 (0x00118193) addi gp, gp, 1
x3 <- 0x00000001


mem[X,0x8003C0CC] -> 0x006F
mem[X,0x8003C0CE] -> 0x0240
[5495] [M]: 0x8003C0CC (0x0240006F) jal zero, 36


mem[X,0x8003C0F0] -> 0x2423
mem[X,0x8003C0F2] -> 0x0C31
[5496] [M]: 0x8003C0F0 (0x0C312423) sw gp, 200(sp)
mem[0x8004BA2C] <- 0x00000001


mem[X,0x8003C0F4] -> 0x0513
mem[X,0x8003C0F6] -> 0x0060
[5497] [M]: 0x8003C0F4 (0x00600513) addi a0, zero, 6
x10 <- 0x00000006


mem[X,0x8003C0F8] -> 0x35B7
mem[X,0x8003C0FA] -> 0x3333
[5498] [M]: 0x8003C0F8 (0x333335B7) lui a1, 209715
x11 <- 0x33333000


mem[X,0x8003C0FC] -> 0x8593
mem[X,0x8003C0FE] -> 0x3325
[5499] [M]: 0x8003C0FC (0x33258593) addi a1, a1, 818
x11 <- 0x33333332


clint::tick mtime <- 0x0000000000000037
 clint timer pending at mtime 0x0000000000000037
htif::tick 0x0000000000000000
mem[X,0x8003C100] -> 0x0193
mem[X,0x8003C102] -> 0x0000
[5500] [M]: 0x8003C100 (0x00000193) addi gp, zero, 0
x3 <- 0x00000000


mem[X,0x8003C104] -> 0x006F
mem[X,0x8003C106] -> 0x0180
[5501] [M]: 0x8003C104 (0x0180006F) jal zero, 24


mem[X,0x8003C11C] -> 0x76E3
mem[X,0x8003C11E] -> 0xFEB5
[5502] [M]: 0x8003C11C (0xFEB576E3) bgeu a0, a1, 8172


mem[X,0x8003C120] -> 0x8193
mem[X,0x8003C122] -> 0x0021
[5503] [M]: 0x8003C120 (0x00218193) addi gp, gp, 2
x3 <- 0x00000002


mem[X,0x8003C124] -> 0x006F
mem[X,0x8003C126] -> 0x00C0
[5504] [M]: 0x8003C124 (0x00C0006F) jal zero, 12


mem[X,0x8003C130] -> 0x2623
mem[X,0x8003C132] -> 0x0C31
[5505] [M]: 0x8003C130 (0x0C312623) sw gp, 204(sp)
mem[0x8004BA30] <- 0x00000002


mem[X,0x8003C134] -> 0x0513
mem[X,0x8003C136] -> 0x0060
[5506] [M]: 0x8003C134 (0x00600513) addi a0, zero, 6
x10 <- 0x00000006


mem[X,0x8003C138] -> 0x65B7
mem[X,0x8003C13A] -> 0x6666
[5507] [M]: 0x8003C138 (0x666665B7) lui a1, 419430
x11 <- 0x66666000


mem[X,0x8003C13C] -> 0x8593
mem[X,0x8003C13E] -> 0x6655
[5508] [M]: 0x8003C13C (0x66558593) addi a1, a1, 1637
x11 <- 0x66666665


mem[X,0x8003C140] -> 0x0193
mem[X,0x8003C142] -> 0x0000
[5509] [M]: 0x8003C140 (0x00000193) addi gp, zero, 0
x3 <- 0x00000000


mem[X,0x8003C144] -> 0x006F
mem[X,0x8003C146] -> 0x00C0
[5510] [M]: 0x8003C144 (0x00C0006F) jal zero, 12


mem[X,0x8003C150] -> 0x7CE3
mem[X,0x8003C152] -> 0xFEB5
[5511] [M]: 0x8003C150 (0xFEB57CE3) bgeu a0, a1, 8184


mem[X,0x8003C154] -> 0x8193
mem[X,0x8003C156] -> 0x0021
[5512] [M]: 0x8003C154 (0x00218193) addi gp, gp, 2
x3 <- 0x00000002


mem[X,0x8003C158] -> 0x006F
mem[X,0x8003C15A] -> 0x00C0
[5513] [M]: 0x8003C158 (0x00C0006F) jal zero, 12


mem[X,0x8003C164] -> 0x2823
mem[X,0x8003C166] -> 0x0C31
[5514] [M]: 0x8003C164 (0x0C312823) sw gp, 208(sp)
mem[0x8004BA34] <- 0x00000002


mem[X,0x8003C168] -> 0x0513
mem[X,0x8003C16A] -> 0x0060
[5515] [M]: 0x8003C168 (0x00600513) addi a0, zero, 6
x10 <- 0x00000006


mem[X,0x8003C16C] -> 0xB5B7
mem[X,0x8003C16E] -> 0x0000
[5516] [M]: 0x8003C16C (0x0000B5B7) lui a1, 11
x11 <- 0x0000B000


mem[X,0x8003C170] -> 0x8593
mem[X,0x8003C172] -> 0x5035
[5517] [M]: 0x8003C170 (0x50358593) addi a1, a1, 1283
x11 <- 0x0000B503


mem[X,0x8003C174] -> 0x0193
mem[X,0x8003C176] -> 0x0000
[5518] [M]: 0x8003C174 (0x00000193) addi gp, zero, 0
x3 <- 0x00000000


mem[X,0x8003C178] -> 0x006F
mem[X,0x8003C17A] -> 0x0180
[5519] [M]: 0x8003C178 (0x0180006F) jal zero, 24


mem[X,0x8003C190] -> 0x76E3
mem[X,0x8003C192] -> 0xFEB5
[5520] [M]: 0x8003C190 (0xFEB576E3) bgeu a0, a1, 8172


mem[X,0x8003C194] -> 0x8193
mem[X,0x8003C196] -> 0x0021
[5521] [M]: 0x8003C194 (0x00218193) addi gp, gp, 2
x3 <- 0x00000002


mem[X,0x8003C198] -> 0x006F
mem[X,0x8003C19A] -> 0x00C0
[5522] [M]: 0x8003C198 (0x00C0006F) jal zero, 12


mem[X,0x8003C1A4] -> 0x2A23
mem[X,0x8003C1A6] -> 0x0C31
[5523] [M]: 0x8003C1A4 (0x0C312A23) sw gp, 212(sp)
mem[0x8004BA38] <- 0x00000002


mem[X,0x8003C1A8] -> 0x0513
mem[X,0x8003C1AA] -> 0x0060
[5524] [M]: 0x8003C1A8 (0x00600513) addi a0, zero, 6
x10 <- 0x00000006


mem[X,0x8003C1AC] -> 0x05B7
mem[X,0x8003C1AE] -> 0x0001
[5525] [M]: 0x8003C1AC (0x000105B7) lui a1, 16
x11 <- 0x00010000


mem[X,0x8003C1B0] -> 0x8593
mem[X,0x8003C1B2] -> 0xFFE5
[5526] [M]: 0x8003C1B0 (0xFFE58593) addi a1, a1, 4094
x11 <- 0x0000FFFE


mem[X,0x8003C1B4] -> 0x0193
mem[X,0x8003C1B6] -> 0x0000
[5527] [M]: 0x8003C1B4 (0x00000193) addi gp, zero, 0
x3 <- 0x00000000


mem[X,0x8003C1B8] -> 0x006F
mem[X,0x8003C1BA] -> 0x00C0
[5528] [M]: 0x8003C1B8 (0x00C0006F) jal zero, 12


mem[X,0x8003C1C4] -> 0x7CE3
mem[X,0x8003C1C6] -> 0xFEB5
[5529] [M]: 0x8003C1C4 (0xFEB57CE3) bgeu a0, a1, 8184


mem[X,0x8003C1C8] -> 0x8193
mem[X,0x8003C1CA] -> 0x0021
[5530] [M]: 0x8003C1C8 (0x00218193) addi gp, gp, 2
x3 <- 0x00000002


mem[X,0x8003C1CC] -> 0x006F
mem[X,0x8003C1CE] -> 0x00C0
[5531] [M]: 0x8003C1CC (0x00C0006F) jal zero, 12


mem[X,0x8003C1D8] -> 0x2C23
mem[X,0x8003C1DA] -> 0x0C31
[5532] [M]: 0x8003C1D8 (0x0C312C23) sw gp, 216(sp)
mem[0x8004BA3C] <- 0x00000002


mem[X,0x8003C1DC] -> 0x0513
mem[X,0x8003C1DE] -> 0x0060
[5533] [M]: 0x8003C1DC (0x00600513) addi a0, zero, 6
x10 <- 0x00000006


mem[X,0x8003C1E0] -> 0x55B7
mem[X,0x8003C1E2] -> 0x5555
[5534] [M]: 0x8003C1E0 (0x555555B7) lui a1, 349525
x11 <- 0x55555000


mem[X,0x8003C1E4] -> 0x8593
mem[X,0x8003C1E6] -> 0x5565
[5535] [M]: 0x8003C1E4 (0x55658593) addi a1, a1, 1366
x11 <- 0x55555556


mem[X,0x8003C1E8] -> 0x0193
mem[X,0x8003C1EA] -> 0x0000
[5536] [M]: 0x8003C1E8 (0x00000193) addi gp, zero, 0
x3 <- 0x00000000


mem[X,0x8003C1EC] -> 0x006F
mem[X,0x8003C1EE] -> 0x00C0
[5537] [M]: 0x8003C1EC (0x00C0006F) jal zero, 12


mem[X,0x8003C1F8] -> 0x7663
mem[X,0x8003C1FA] -> 0x00B5
[5538] [M]: 0x8003C1F8 (0x00B57663) bgeu a0, a1, 12


mem[X,0x8003C1FC] -> 0x8193
mem[X,0x8003C1FE] -> 0x0021
[5539] [M]: 0x8003C1FC (0x00218193) addi gp, gp, 2
x3 <- 0x00000002


mem[X,0x8003C200] -> 0x006F
mem[X,0x8003C202] -> 0x00C0
[5540] [M]: 0x8003C200 (0x00C0006F) jal zero, 12


mem[X,0x8003C20C] -> 0x2E23
mem[X,0x8003C20E] -> 0x0C31
[5541] [M]: 0x8003C20C (0x0C312E23) sw gp, 220(sp)
mem[0x8004BA40] <- 0x00000002


mem[X,0x8003C210] -> 0x0513
mem[X,0x8003C212] -> 0x0060
[5542] [M]: 0x8003C210 (0x00600513) addi a0, zero, 6
x10 <- 0x00000006


mem[X,0x8003C214] -> 0xB5B7
mem[X,0x8003C216] -> 0xAAAA
[5543] [M]: 0x8003C214 (0xAAAAB5B7) lui a1, 699051
x11 <- 0xAAAAB000


mem[X,0x8003C218] -> 0x8593
mem[X,0x8003C21A] -> 0xAAB5
[5544] [M]: 0x8003C218 (0xAAB58593) addi a1, a1, 2731
x11 <- 0xAAAAAAAB


mem[X,0x8003C21C] -> 0x0193
mem[X,0x8003C21E] -> 0x0000
[5545] [M]: 0x8003C21C (0x00000193) addi gp, zero, 0
x3 <- 0x00000000


mem[X,0x8003C220] -> 0x006F
mem[X,0x8003C222] -> 0x00C0
[5546] [M]: 0x8003C220 (0x00C0006F) jal zero, 12


mem[X,0x8003C22C] -> 0x7663
mem[X,0x8003C22E] -> 0x00B5
[5547] [M]: 0x8003C22C (0x00B57663) bgeu a0, a1, 12


mem[X,0x8003C230] -> 0x8193
mem[X,0x8003C232] -> 0x0021
[5548] [M]: 0x8003C230 (0x00218193) addi gp, gp, 2
x3 <- 0x00000002


mem[X,0x8003C234] -> 0x006F
mem[X,0x8003C236] -> 0x00C0
[5549] [M]: 0x8003C234 (0x00C0006F) jal zero, 12


mem[X,0x8003C240] -> 0x2023
mem[X,0x8003C242] -> 0x0E31
[5550] [M]: 0x8003C240 (0x0E312023) sw gp, 224(sp)
mem[0x8004BA44] <- 0x00000002


mem[X,0x8003C244] -> 0x0513
mem[X,0x8003C246] -> 0x0060
[5551] [M]: 0x8003C244 (0x00600513) addi a0, zero, 6
x10 <- 0x00000006


mem[X,0x8003C248] -> 0x0593
mem[X,0x8003C24A] -> 0x0060
[5552] [M]: 0x8003C248 (0x00600593) addi a1, zero, 6
x11 <- 0x00000006


mem[X,0x8003C24C] -> 0x0193
mem[X,0x8003C24E] -> 0x0000
[5553] [M]: 0x8003C24C (0x00000193) addi gp, zero, 0
x3 <- 0x00000000


mem[X,0x8003C250] -> 0x006F
mem[X,0x8003C252] -> 0x00C0
[5554] [M]: 0x8003C250 (0x00C0006F) jal zero, 12


mem[X,0x8003C25C] -> 0x7CE3
mem[X,0x8003C25E] -> 0xFEB5
[5555] [M]: 0x8003C25C (0xFEB57CE3) bgeu a0, a1, 8184


mem[X,0x8003C254] -> 0x8193
mem[X,0x8003C256] -> 0x0011
[5556] [M]: 0x8003C254 (0x00118193) addi gp, gp, 1
x3 <- 0x00000001


mem[X,0x8003C258] -> 0x006F
mem[X,0x8003C25A] -> 0x0180
[5557] [M]: 0x8003C258 (0x0180006F) jal zero, 24


mem[X,0x8003C270] -> 0x2223
mem[X,0x8003C272] -> 0x0E31
[5558] [M]: 0x8003C270 (0x0E312223) sw gp, 228(sp)
mem[0x8004BA48] <- 0x00000001


mem[X,0x8003C274] -> 0x0513
mem[X,0x8003C276] -> 0x0060
[5559] [M]: 0x8003C274 (0x00600513) addi a0, zero, 6
x10 <- 0x00000006


mem[X,0x8003C278] -> 0x35B7
mem[X,0x8003C27A] -> 0x3333
[5560] [M]: 0x8003C278 (0x333335B7) lui a1, 209715
x11 <- 0x33333000


mem[X,0x8003C27C] -> 0x8593
mem[X,0x8003C27E] -> 0x3345
[5561] [M]: 0x8003C27C (0x33458593) addi a1, a1, 820
x11 <- 0x33333334


mem[X,0x8003C280] -> 0x0193
mem[X,0x8003C282] -> 0x0000
[5562] [M]: 0x8003C280 (0x00000193) addi gp, zero, 0
x3 <- 0x00000000


mem[X,0x8003C284] -> 0x006F
mem[X,0x8003C286] -> 0x00C0
[5563] [M]: 0x8003C284 (0x00C0006F) jal zero, 12


mem[X,0x8003C290] -> 0x7663
mem[X,0x8003C292] -> 0x00B5
[5564] [M]: 0x8003C290 (0x00B57663) bgeu a0, a1, 12


mem[X,0x8003C294] -> 0x8193
mem[X,0x8003C296] -> 0x0021
[5565] [M]: 0x8003C294 (0x00218193) addi gp, gp, 2
x3 <- 0x00000002


mem[X,0x8003C298] -> 0x006F
mem[X,0x8003C29A] -> 0x00C0
[5566] [M]: 0x8003C298 (0x00C0006F) jal zero, 12


mem[X,0x8003C2A4] -> 0x2423
mem[X,0x8003C2A6] -> 0x0E31
[5567] [M]: 0x8003C2A4 (0x0E312423) sw gp, 232(sp)
mem[0x8004BA4C] <- 0x00000002


mem[X,0x8003C2A8] -> 0x0513
mem[X,0x8003C2AA] -> 0x0060
[5568] [M]: 0x8003C2A8 (0x00600513) addi a0, zero, 6
x10 <- 0x00000006


mem[X,0x8003C2AC] -> 0x65B7
mem[X,0x8003C2AE] -> 0x6666
[5569] [M]: 0x8003C2AC (0x666665B7) lui a1, 419430
x11 <- 0x66666000


mem[X,0x8003C2B0] -> 0x8593
mem[X,0x8003C2B2] -> 0x6675
[5570] [M]: 0x8003C2B0 (0x66758593) addi a1, a1, 1639
x11 <- 0x66666667


mem[X,0x8003C2B4] -> 0x0193
mem[X,0x8003C2B6] -> 0x0000
[5571] [M]: 0x8003C2B4 (0x00000193) addi gp, zero, 0
x3 <- 0x00000000


mem[X,0x8003C2B8] -> 0x006F
mem[X,0x8003C2BA] -> 0x00C0
[5572] [M]: 0x8003C2B8 (0x00C0006F) jal zero, 12


mem[X,0x8003C2C4] -> 0x7CE3
mem[X,0x8003C2C6] -> 0xFEB5
[5573] [M]: 0x8003C2C4 (0xFEB57CE3) bgeu a0, a1, 8184


mem[X,0x8003C2C8] -> 0x8193
mem[X,0x8003C2CA] -> 0x0021
[5574] [M]: 0x8003C2C8 (0x00218193) addi gp, gp, 2
x3 <- 0x00000002


mem[X,0x8003C2CC] -> 0x006F
mem[X,0x8003C2CE] -> 0x00C0
[5575] [M]: 0x8003C2CC (0x00C0006F) jal zero, 12


mem[X,0x8003C2D8] -> 0x2623
mem[X,0x8003C2DA] -> 0x0E31
[5576] [M]: 0x8003C2D8 (0x0E312623) sw gp, 236(sp)
mem[0x8004BA50] <- 0x00000002


mem[X,0x8003C2DC] -> 0x0513
mem[X,0x8003C2DE] -> 0x0060
[5577] [M]: 0x8003C2DC (0x00600513) addi a0, zero, 6
x10 <- 0x00000006


mem[X,0x8003C2E0] -> 0xB5B7
mem[X,0x8003C2E2] -> 0x0000
[5578] [M]: 0x8003C2E0 (0x0000B5B7) lui a1, 11
x11 <- 0x0000B000


mem[X,0x8003C2E4] -> 0x8593
mem[X,0x8003C2E6] -> 0x5055
[5579] [M]: 0x8003C2E4 (0x50558593) addi a1, a1, 1285
x11 <- 0x0000B505


mem[X,0x8003C2E8] -> 0x0193
mem[X,0x8003C2EA] -> 0x0000
[5580] [M]: 0x8003C2E8 (0x00000193) addi gp, zero, 0
x3 <- 0x00000000


mem[X,0x8003C2EC] -> 0x006F
mem[X,0x8003C2EE] -> 0x0100
[5581] [M]: 0x8003C2EC (0x0100006F) jal zero, 16


mem[X,0x8003C2FC] -> 0x7AE3
mem[X,0x8003C2FE] -> 0xFEB5
[5582] [M]: 0x8003C2FC (0xFEB57AE3) bgeu a0, a1, 8180


mem[X,0x8003C300] -> 0x8193
mem[X,0x8003C302] -> 0x0021
[5583] [M]: 0x8003C300 (0x00218193) addi gp, gp, 2
x3 <- 0x00000002


mem[X,0x8003C304] -> 0x006F
mem[X,0x8003C306] -> 0x00C0
[5584] [M]: 0x8003C304 (0x00C0006F) jal zero, 12


mem[X,0x8003C310] -> 0x2823
mem[X,0x8003C312] -> 0x0E31
[5585] [M]: 0x8003C310 (0x0E312823) sw gp, 240(sp)
mem[0x8004BA54] <- 0x00000002


mem[X,0x8003C314] -> 0x0513
mem[X,0x8003C316] -> 0x0060
[5586] [M]: 0x8003C314 (0x00600513) addi a0, zero, 6
x10 <- 0x00000006


mem[X,0x8003C318] -> 0x0593
mem[X,0x8003C31A] -> 0x0010
[5587] [M]: 0x8003C318 (0x00100593) addi a1, zero, 1
x11 <- 0x00000001


mem[X,0x8003C31C] -> 0x0193
mem[X,0x8003C31E] -> 0x0000
[5588] [M]: 0x8003C31C (0x00000193) addi gp, zero, 0
x3 <- 0x00000000


mem[X,0x8003C320] -> 0x006F
mem[X,0x8003C322] -> 0x00C0
[5589] [M]: 0x8003C320 (0x00C0006F) jal zero, 12


mem[X,0x8003C32C] -> 0x7063
mem[X,0x8003C32E] -> 0x10B5
[5590] [M]: 0x8003C32C (0x10B57063) bgeu a0, a1, 256


mem[X,0x8003C42C] -> 0x8193
mem[X,0x8003C42E] -> 0x0031
[5591] [M]: 0x8003C42C (0x00318193) addi gp, gp, 3
x3 <- 0x00000003


mem[X,0x8003C430] -> 0x006F
mem[X,0x8003C432] -> 0x0040
[5592] [M]: 0x8003C430 (0x0040006F) jal zero, 4


mem[X,0x8003C434] -> 0x2A23
mem[X,0x8003C436] -> 0x0E31
[5593] [M]: 0x8003C434 (0x0E312A23) sw gp, 244(sp)
mem[0x8004BA58] <- 0x00000003


mem[X,0x8003C438] -> 0x0513
mem[X,0x8003C43A] -> 0x0060
[5594] [M]: 0x8003C438 (0x00600513) addi a0, zero, 6
x10 <- 0x00000006


mem[X,0x8003C43C] -> 0x05B7
mem[X,0x8003C43E] -> 0x0001
[5595] [M]: 0x8003C43C (0x000105B7) lui a1, 16
x11 <- 0x00010000


mem[X,0x8003C440] -> 0x0193
mem[X,0x8003C442] -> 0x0000
[5596] [M]: 0x8003C440 (0x00000193) addi gp, zero, 0
x3 <- 0x00000000


mem[X,0x8003C444] -> 0x006F
mem[X,0x8003C446] -> 0x0100
[5597] [M]: 0x8003C444 (0x0100006F) jal zero, 16


mem[X,0x8003C454] -> 0x7AE3
mem[X,0x8003C456] -> 0xFEB5
[5598] [M]: 0x8003C454 (0xFEB57AE3) bgeu a0, a1, 8180


mem[X,0x8003C458] -> 0x8193
mem[X,0x8003C45A] -> 0x0021
[5599] [M]: 0x8003C458 (0x00218193) addi gp, gp, 2
x3 <- 0x00000002


clint::tick mtime <- 0x0000000000000038
 clint timer pending at mtime 0x0000000000000038
htif::tick 0x0000000000000000
mem[X,0x8003C45C] -> 0x006F
mem[X,0x8003C45E] -> 0x00C0
[5600] [M]: 0x8003C45C (0x00C0006F) jal zero, 12


mem[X,0x8003C468] -> 0x2C23
mem[X,0x8003C46A] -> 0x0E31
[5601] [M]: 0x8003C468 (0x0E312C23) sw gp, 248(sp)
mem[0x8004BA5C] <- 0x00000002


mem[X,0x8003C46C] -> 0x3537
mem[X,0x8003C46E] -> 0x3333
[5602] [M]: 0x8003C46C (0x33333537) lui a0, 209715
x10 <- 0x33333000


mem[X,0x8003C470] -> 0x0513
mem[X,0x8003C472] -> 0x3345
[5603] [M]: 0x8003C470 (0x33450513) addi a0, a0, 820
x10 <- 0x33333334


mem[X,0x8003C474] -> 0x0593
mem[X,0x8003C476] -> 0x0030
[5604] [M]: 0x8003C474 (0x00300593) addi a1, zero, 3
x11 <- 0x00000003


mem[X,0x8003C478] -> 0x0193
mem[X,0x8003C47A] -> 0x0000
[5605] [M]: 0x8003C478 (0x00000193) addi gp, zero, 0
x3 <- 0x00000000


mem[X,0x8003C47C] -> 0x006F
mem[X,0x8003C47E] -> 0x00C0
[5606] [M]: 0x8003C47C (0x00C0006F) jal zero, 12


mem[X,0x8003C488] -> 0x7063
mem[X,0x8003C48A] -> 0x02B5
[5607] [M]: 0x8003C488 (0x02B57063) bgeu a0, a1, 32


mem[X,0x8003C4A8] -> 0x8193
mem[X,0x8003C4AA] -> 0x0031
[5608] [M]: 0x8003C4A8 (0x00318193) addi gp, gp, 3
x3 <- 0x00000003


mem[X,0x8003C4AC] -> 0x006F
mem[X,0x8003C4AE] -> 0x0040
[5609] [M]: 0x8003C4AC (0x0040006F) jal zero, 4


mem[X,0x8003C4B0] -> 0x2E23
mem[X,0x8003C4B2] -> 0x0E31
[5610] [M]: 0x8003C4B0 (0x0E312E23) sw gp, 252(sp)
mem[0x8004BA60] <- 0x00000003


mem[X,0x8003C4B4] -> 0x3537
mem[X,0x8003C4B6] -> 0x3333
[5611] [M]: 0x8003C4B4 (0x33333537) lui a0, 209715
x10 <- 0x33333000


mem[X,0x8003C4B8] -> 0x0513
mem[X,0x8003C4BA] -> 0x3345
[5612] [M]: 0x8003C4B8 (0x33450513) addi a0, a0, 820
x10 <- 0x33333334


mem[X,0x8003C4BC] -> 0x55B7
mem[X,0x8003C4BE] -> 0x5555
[5613] [M]: 0x8003C4BC (0x555555B7) lui a1, 349525
x11 <- 0x55555000


mem[X,0x8003C4C0] -> 0x8593
mem[X,0x8003C4C2] -> 0x5555
[5614] [M]: 0x8003C4C0 (0x55558593) addi a1, a1, 1365
x11 <- 0x55555555


mem[X,0x8003C4C4] -> 0x0193
mem[X,0x8003C4C6] -> 0x0000
[5615] [M]: 0x8003C4C4 (0x00000193) addi gp, zero, 0
x3 <- 0x00000000


mem[X,0x8003C4C8] -> 0x006F
mem[X,0x8003C4CA] -> 0x00C0
[5616] [M]: 0x8003C4C8 (0x00C0006F) jal zero, 12


mem[X,0x8003C4D4] -> 0x7663
mem[X,0x8003C4D6] -> 0x00B5
[5617] [M]: 0x8003C4D4 (0x00B57663) bgeu a0, a1, 12


mem[X,0x8003C4D8] -> 0x8193
mem[X,0x8003C4DA] -> 0x0021
[5618] [M]: 0x8003C4D8 (0x00218193) addi gp, gp, 2
x3 <- 0x00000002


mem[X,0x8003C4DC] -> 0x006F
mem[X,0x8003C4DE] -> 0x00C0
[5619] [M]: 0x8003C4DC (0x00C0006F) jal zero, 12


mem[X,0x8003C4E8] -> 0x2023
mem[X,0x8003C4EA] -> 0x1031
[5620] [M]: 0x8003C4E8 (0x10312023) sw gp, 256(sp)
mem[0x8004BA64] <- 0x00000002


mem[X,0x8003C4EC] -> 0x6537
mem[X,0x8003C4EE] -> 0x6666
[5621] [M]: 0x8003C4EC (0x66666537) lui a0, 419430
x10 <- 0x66666000


mem[X,0x8003C4F0] -> 0x0513
mem[X,0x8003C4F2] -> 0x6655
[5622] [M]: 0x8003C4F0 (0x66550513) addi a0, a0, 1637
x10 <- 0x66666665


mem[X,0x8003C4F4] -> 0xB5B7
mem[X,0x8003C4F6] -> 0xAAAA
[5623] [M]: 0x8003C4F4 (0xAAAAB5B7) lui a1, 699051
x11 <- 0xAAAAB000


mem[X,0x8003C4F8] -> 0x8593
mem[X,0x8003C4FA] -> 0xAAB5
[5624] [M]: 0x8003C4F8 (0xAAB58593) addi a1, a1, 2731
x11 <- 0xAAAAAAAB


mem[X,0x8003C4FC] -> 0x0193
mem[X,0x8003C4FE] -> 0x0000
[5625] [M]: 0x8003C4FC (0x00000193) addi gp, zero, 0
x3 <- 0x00000000


mem[X,0x8003C500] -> 0x006F
mem[X,0x8003C502] -> 0x00C0
[5626] [M]: 0x8003C500 (0x00C0006F) jal zero, 12


mem[X,0x8003C50C] -> 0x7663
mem[X,0x8003C50E] -> 0x00B5
[5627] [M]: 0x8003C50C (0x00B57663) bgeu a0, a1, 12


mem[X,0x8003C510] -> 0x8193
mem[X,0x8003C512] -> 0x0021
[5628] [M]: 0x8003C510 (0x00218193) addi gp, gp, 2
x3 <- 0x00000002


mem[X,0x8003C514] -> 0x006F
mem[X,0x8003C516] -> 0x00C0
[5629] [M]: 0x8003C514 (0x00C0006F) jal zero, 12


mem[X,0x8003C520] -> 0x2223
mem[X,0x8003C522] -> 0x1031
[5630] [M]: 0x8003C520 (0x10312223) sw gp, 260(sp)
mem[0x8004BA68] <- 0x00000002


mem[X,0x8003C524] -> 0x3537
mem[X,0x8003C526] -> 0x3333
[5631] [M]: 0x8003C524 (0x33333537) lui a0, 209715
x10 <- 0x33333000


mem[X,0x8003C528] -> 0x0513
mem[X,0x8003C52A] -> 0x3345
[5632] [M]: 0x8003C528 (0x33450513) addi a0, a0, 820
x10 <- 0x33333334


mem[X,0x8003C52C] -> 0xB5B7
mem[X,0x8003C52E] -> 0xAAAA
[5633] [M]: 0x8003C52C (0xAAAAB5B7) lui a1, 699051
x11 <- 0xAAAAB000


mem[X,0x8003C530] -> 0x8593
mem[X,0x8003C532] -> 0xAAA5
[5634] [M]: 0x8003C530 (0xAAA58593) addi a1, a1, 2730
x11 <- 0xAAAAAAAA


mem[X,0x8003C534] -> 0x0193
mem[X,0x8003C536] -> 0x0000
[5635] [M]: 0x8003C534 (0x00000193) addi gp, zero, 0
x3 <- 0x00000000


mem[X,0x8003C538] -> 0x006F
mem[X,0x8003C53A] -> 0x00C0
[5636] [M]: 0x8003C538 (0x00C0006F) jal zero, 12


mem[X,0x8003C544] -> 0x7CE3
mem[X,0x8003C546] -> 0xFEB5
[5637] [M]: 0x8003C544 (0xFEB57CE3) bgeu a0, a1, 8184


mem[X,0x8003C548] -> 0x8193
mem[X,0x8003C54A] -> 0x0021
[5638] [M]: 0x8003C548 (0x00218193) addi gp, gp, 2
x3 <- 0x00000002


mem[X,0x8003C54C] -> 0x006F
mem[X,0x8003C54E] -> 0x00C0
[5639] [M]: 0x8003C54C (0x00C0006F) jal zero, 12


mem[X,0x8003C558] -> 0x2423
mem[X,0x8003C55A] -> 0x1031
[5640] [M]: 0x8003C558 (0x10312423) sw gp, 264(sp)
mem[0x8004BA6C] <- 0x00000002


mem[X,0x8003C55C] -> 0x3537
mem[X,0x8003C55E] -> 0x3333
[5641] [M]: 0x8003C55C (0x33333537) lui a0, 209715
x10 <- 0x33333000


mem[X,0x8003C560] -> 0x0513
mem[X,0x8003C562] -> 0x3345
[5642] [M]: 0x8003C560 (0x33450513) addi a0, a0, 820
x10 <- 0x33333334


mem[X,0x8003C564] -> 0x0593
mem[X,0x8003C566] -> 0x0050
[5643] [M]: 0x8003C564 (0x00500593) addi a1, zero, 5
x11 <- 0x00000005


mem[X,0x8003C568] -> 0x0193
mem[X,0x8003C56A] -> 0x0000
[5644] [M]: 0x8003C568 (0x00000193) addi gp, zero, 0
x3 <- 0x00000000


mem[X,0x8003C56C] -> 0x006F
mem[X,0x8003C56E] -> 0x0050
[5645] [M]: 0x8003C56C (0x0050006F) jal zero, 2052


mem[X,0x8003CD70] -> 0x70E3
mem[X,0x8003CD72] -> 0x80B5
[5646] [M]: 0x8003CD70 (0x80B570E3) bgeu a0, a1, 6144


mem[X,0x8003C570] -> 0x8193
mem[X,0x8003C572] -> 0x0011
[5647] [M]: 0x8003C570 (0x00118193) addi gp, gp, 1
x3 <- 0x00000001


mem[X,0x8003C574] -> 0x006F
mem[X,0x8003C576] -> 0x0110
[5648] [M]: 0x8003C574 (0x0110006F) jal zero, 2064


mem[X,0x8003CD84] -> 0x2623
mem[X,0x8003CD86] -> 0x1031
[5649] [M]: 0x8003CD84 (0x10312623) sw gp, 268(sp)
mem[0x8004BA70] <- 0x00000001


mem[X,0x8003CD88] -> 0x3537
mem[X,0x8003CD8A] -> 0x3333
[5650] [M]: 0x8003CD88 (0x33333537) lui a0, 209715
x10 <- 0x33333000


mem[X,0x8003CD8C] -> 0x0513
mem[X,0x8003CD8E] -> 0x3345
[5651] [M]: 0x8003CD8C (0x33450513) addi a0, a0, 820
x10 <- 0x33333334


mem[X,0x8003CD90] -> 0x35B7
mem[X,0x8003CD92] -> 0x3333
[5652] [M]: 0x8003CD90 (0x333335B7) lui a1, 209715
x11 <- 0x33333000


mem[X,0x8003CD94] -> 0x8593
mem[X,0x8003CD96] -> 0x3335
[5653] [M]: 0x8003CD94 (0x33358593) addi a1, a1, 819
x11 <- 0x33333333


mem[X,0x8003CD98] -> 0x0193
mem[X,0x8003CD9A] -> 0x0000
[5654] [M]: 0x8003CD98 (0x00000193) addi gp, zero, 0
x3 <- 0x00000000


mem[X,0x8003CD9C] -> 0x006F
mem[X,0x8003CD9E] -> 0x0100
[5655] [M]: 0x8003CD9C (0x0100006F) jal zero, 16


mem[X,0x8003CDAC] -> 0x7AE3
mem[X,0x8003CDAE] -> 0xFEB5
[5656] [M]: 0x8003CDAC (0xFEB57AE3) bgeu a0, a1, 8180


mem[X,0x8003CDA0] -> 0x8193
mem[X,0x8003CDA2] -> 0x0011
[5657] [M]: 0x8003CDA0 (0x00118193) addi gp, gp, 1
x3 <- 0x00000001


mem[X,0x8003CDA4] -> 0x006F
mem[X,0x8003CDA6] -> 0x01C0
[5658] [M]: 0x8003CDA4 (0x01C0006F) jal zero, 28


mem[X,0x8003CDC0] -> 0x2823
mem[X,0x8003CDC2] -> 0x1031
[5659] [M]: 0x8003CDC0 (0x10312823) sw gp, 272(sp)
mem[0x8004BA74] <- 0x00000001


mem[X,0x8003CDC4] -> 0x3537
mem[X,0x8003CDC6] -> 0x3333
[5660] [M]: 0x8003CDC4 (0x33333537) lui a0, 209715
x10 <- 0x33333000


mem[X,0x8003CDC8] -> 0x0513
mem[X,0x8003CDCA] -> 0x3345
[5661] [M]: 0x8003CDC8 (0x33450513) addi a0, a0, 820
x10 <- 0x33333334


mem[X,0x8003CDCC] -> 0x65B7
mem[X,0x8003CDCE] -> 0x6666
[5662] [M]: 0x8003CDCC (0x666665B7) lui a1, 419430
x11 <- 0x66666000


mem[X,0x8003CDD0] -> 0x8593
mem[X,0x8003CDD2] -> 0x6665
[5663] [M]: 0x8003CDD0 (0x66658593) addi a1, a1, 1638
x11 <- 0x66666666


mem[X,0x8003CDD4] -> 0x0193
mem[X,0x8003CDD6] -> 0x0000
[5664] [M]: 0x8003CDD4 (0x00000193) addi gp, zero, 0
x3 <- 0x00000000


mem[X,0x8003CDD8] -> 0x006F
mem[X,0x8003CDDA] -> 0x00C0
[5665] [M]: 0x8003CDD8 (0x00C0006F) jal zero, 12


mem[X,0x8003CDE4] -> 0x7063
mem[X,0x8003CDE6] -> 0x04B5
[5666] [M]: 0x8003CDE4 (0x04B57063) bgeu a0, a1, 64


mem[X,0x8003CDE8] -> 0x8193
mem[X,0x8003CDEA] -> 0x0021
[5667] [M]: 0x8003CDE8 (0x00218193) addi gp, gp, 2
x3 <- 0x00000002


mem[X,0x8003CDEC] -> 0x006F
mem[X,0x8003CDEE] -> 0x0400
[5668] [M]: 0x8003CDEC (0x0400006F) jal zero, 64


mem[X,0x8003CE2C] -> 0x2A23
mem[X,0x8003CE2E] -> 0x1031
[5669] [M]: 0x8003CE2C (0x10312A23) sw gp, 276(sp)
mem[0x8004BA78] <- 0x00000002


mem[X,0x8003CE30] -> 0x3537
mem[X,0x8003CE32] -> 0x3333
[5670] [M]: 0x8003CE30 (0x33333537) lui a0, 209715
x10 <- 0x33333000


mem[X,0x8003CE34] -> 0x0513
mem[X,0x8003CE36] -> 0x3345
[5671] [M]: 0x8003CE34 (0x33450513) addi a0, a0, 820
x10 <- 0x33333334


mem[X,0x8003CE38] -> 0xB5B7
mem[X,0x8003CE3A] -> 0x0000
[5672] [M]: 0x8003CE38 (0x0000B5B7) lui a1, 11
x11 <- 0x0000B000


mem[X,0x8003CE3C] -> 0x8593
mem[X,0x8003CE3E] -> 0x5045
[5673] [M]: 0x8003CE3C (0x50458593) addi a1, a1, 1284
x11 <- 0x0000B504


mem[X,0x8003CE40] -> 0x0193
mem[X,0x8003CE42] -> 0x0000
[5674] [M]: 0x8003CE40 (0x00000193) addi gp, zero, 0
x3 <- 0x00000000


mem[X,0x8003CE44] -> 0x006F
mem[X,0x8003CE46] -> 0x0050
[5675] [M]: 0x8003CE44 (0x0050006F) jal zero, 2052


mem[X,0x8003D648] -> 0x70E3
mem[X,0x8003D64A] -> 0x80B5
[5676] [M]: 0x8003D648 (0x80B570E3) bgeu a0, a1, 6144


mem[X,0x8003CE48] -> 0x8193
mem[X,0x8003CE4A] -> 0x0011
[5677] [M]: 0x8003CE48 (0x00118193) addi gp, gp, 1
x3 <- 0x00000001


mem[X,0x8003CE4C] -> 0x006F
mem[X,0x8003CE4E] -> 0x0110
[5678] [M]: 0x8003CE4C (0x0110006F) jal zero, 2064


mem[X,0x8003D65C] -> 0x2C23
mem[X,0x8003D65E] -> 0x1031
[5679] [M]: 0x8003D65C (0x10312C23) sw gp, 280(sp)
mem[0x8004BA7C] <- 0x00000001


mem[X,0x8003D660] -> 0x3537
mem[X,0x8003D662] -> 0x3333
[5680] [M]: 0x8003D660 (0x33333537) lui a0, 209715
x10 <- 0x33333000


mem[X,0x8003D664] -> 0x0513
mem[X,0x8003D666] -> 0x3345
[5681] [M]: 0x8003D664 (0x33450513) addi a0, a0, 820
x10 <- 0x33333334


mem[X,0x8003D668] -> 0x0593
mem[X,0x8003D66A] -> 0x0000
[5682] [M]: 0x8003D668 (0x00000593) addi a1, zero, 0
x11 <- 0x00000000


mem[X,0x8003D66C] -> 0x0193
mem[X,0x8003D66E] -> 0x0000
[5683] [M]: 0x8003D66C (0x00000193) addi gp, zero, 0
x3 <- 0x00000000


mem[X,0x8003D670] -> 0x006F
mem[X,0x8003D672] -> 0x00C0
[5684] [M]: 0x8003D670 (0x00C0006F) jal zero, 12


mem[X,0x8003D67C] -> 0x7063
mem[X,0x8003D67E] -> 0x20B5
[5685] [M]: 0x8003D67C (0x20B57063) bgeu a0, a1, 512


mem[X,0x8003D87C] -> 0x8193
mem[X,0x8003D87E] -> 0x0031
[5686] [M]: 0x8003D87C (0x00318193) addi gp, gp, 3
x3 <- 0x00000003


mem[X,0x8003D880] -> 0x006F
mem[X,0x8003D882] -> 0x0040
[5687] [M]: 0x8003D880 (0x0040006F) jal zero, 4


mem[X,0x8003D884] -> 0x2E23
mem[X,0x8003D886] -> 0x1031
[5688] [M]: 0x8003D884 (0x10312E23) sw gp, 284(sp)
mem[0x8004BA80] <- 0x00000003


mem[X,0x8003D888] -> 0x3537
mem[X,0x8003D88A] -> 0x3333
[5689] [M]: 0x8003D888 (0x33333537) lui a0, 209715
x10 <- 0x33333000


mem[X,0x8003D88C] -> 0x0513
mem[X,0x8003D88E] -> 0x3345
[5690] [M]: 0x8003D88C (0x33450513) addi a0, a0, 820
x10 <- 0x33333334


mem[X,0x8003D890] -> 0x05B7
mem[X,0x8003D892] -> 0x0001
[5691] [M]: 0x8003D890 (0x000105B7) lui a1, 16
x11 <- 0x00010000


mem[X,0x8003D894] -> 0x8593
mem[X,0x8003D896] -> 0xFFF5
[5692] [M]: 0x8003D894 (0xFFF58593) addi a1, a1, 4095
x11 <- 0x0000FFFF


mem[X,0x8003D898] -> 0x0193
mem[X,0x8003D89A] -> 0x0000
[5693] [M]: 0x8003D898 (0x00000193) addi gp, zero, 0
x3 <- 0x00000000


mem[X,0x8003D89C] -> 0x006F
mem[X,0x8003D89E] -> 0x00C0
[5694] [M]: 0x8003D89C (0x00C0006F) jal zero, 12


mem[X,0x8003D8A8] -> 0x7663
mem[X,0x8003D8AA] -> 0x00B5
[5695] [M]: 0x8003D8A8 (0x00B57663) bgeu a0, a1, 12


mem[X,0x8003D8B4] -> 0x8193
mem[X,0x8003D8B6] -> 0x0031
[5696] [M]: 0x8003D8B4 (0x00318193) addi gp, gp, 3
x3 <- 0x00000003


mem[X,0x8003D8B8] -> 0x006F
mem[X,0x8003D8BA] -> 0x0040
[5697] [M]: 0x8003D8B8 (0x0040006F) jal zero, 4


mem[X,0x8003D8BC] -> 0x2023
mem[X,0x8003D8BE] -> 0x1231
[5698] [M]: 0x8003D8BC (0x12312023) sw gp, 288(sp)
mem[0x8004BA84] <- 0x00000003


mem[X,0x8003D8C0] -> 0x3537
mem[X,0x8003D8C2] -> 0x3333
[5699] [M]: 0x8003D8C0 (0x33333537) lui a0, 209715
x10 <- 0x33333000


clint::tick mtime <- 0x0000000000000039
 clint timer pending at mtime 0x0000000000000039
htif::tick 0x0000000000000000
mem[X,0x8003D8C4] -> 0x0513
mem[X,0x8003D8C6] -> 0x3345
[5700] [M]: 0x8003D8C4 (0x33450513) addi a0, a0, 820
x10 <- 0x33333334


mem[X,0x8003D8C8] -> 0x0593
mem[X,0x8003D8CA] -> 0x0020
[5701] [M]: 0x8003D8C8 (0x00200593) addi a1, zero, 2
x11 <- 0x00000002


mem[X,0x8003D8CC] -> 0x0193
mem[X,0x8003D8CE] -> 0x0000
[5702] [M]: 0x8003D8CC (0x00000193) addi gp, zero, 0
x3 <- 0x00000000


mem[X,0x8003D8D0] -> 0x006F
mem[X,0x8003D8D2] -> 0x0100
[5703] [M]: 0x8003D8D0 (0x0100006F) jal zero, 16


mem[X,0x8003D8E0] -> 0x7AE3
mem[X,0x8003D8E2] -> 0xFEB5
[5704] [M]: 0x8003D8E0 (0xFEB57AE3) bgeu a0, a1, 8180


mem[X,0x8003D8D4] -> 0x8193
mem[X,0x8003D8D6] -> 0x0011
[5705] [M]: 0x8003D8D4 (0x00118193) addi gp, gp, 1
x3 <- 0x00000001


mem[X,0x8003D8D8] -> 0x006F
mem[X,0x8003D8DA] -> 0x01C0
[5706] [M]: 0x8003D8D8 (0x01C0006F) jal zero, 28


mem[X,0x8003D8F4] -> 0x2223
mem[X,0x8003D8F6] -> 0x1231
[5707] [M]: 0x8003D8F4 (0x12312223) sw gp, 292(sp)
mem[0x8004BA88] <- 0x00000001


mem[X,0x8003D8F8] -> 0x3537
mem[X,0x8003D8FA] -> 0x3333
[5708] [M]: 0x8003D8F8 (0x33333537) lui a0, 209715
x10 <- 0x33333000


mem[X,0x8003D8FC] -> 0x0513
mem[X,0x8003D8FE] -> 0x3345
[5709] [M]: 0x8003D8FC (0x33450513) addi a0, a0, 820
x10 <- 0x33333334


mem[X,0x8003D900] -> 0x55B7
mem[X,0x8003D902] -> 0x5555
[5710] [M]: 0x8003D900 (0x555555B7) lui a1, 349525
x11 <- 0x55555000


mem[X,0x8003D904] -> 0x8593
mem[X,0x8003D906] -> 0x5545
[5711] [M]: 0x8003D904 (0x55458593) addi a1, a1, 1364
x11 <- 0x55555554


mem[X,0x8003D908] -> 0x0193
mem[X,0x8003D90A] -> 0x0000
[5712] [M]: 0x8003D908 (0x00000193) addi gp, zero, 0
x3 <- 0x00000000


mem[X,0x8003D90C] -> 0x006F
mem[X,0x8003D90E] -> 0x00C0
[5713] [M]: 0x8003D90C (0x00C0006F) jal zero, 12


mem[X,0x8003D918] -> 0x7063
mem[X,0x8003D91A] -> 0x40B5
[5714] [M]: 0x8003D918 (0x40B57063) bgeu a0, a1, 1024


mem[X,0x8003D91C] -> 0x8193
mem[X,0x8003D91E] -> 0x0021
[5715] [M]: 0x8003D91C (0x00218193) addi gp, gp, 2
x3 <- 0x00000002


mem[X,0x8003D920] -> 0x006F
mem[X,0x8003D922] -> 0x4000
[5716] [M]: 0x8003D920 (0x4000006F) jal zero, 1024


mem[X,0x8003DD20] -> 0x2423
mem[X,0x8003DD22] -> 0x1231
[5717] [M]: 0x8003DD20 (0x12312423) sw gp, 296(sp)
mem[0x8004BA8C] <- 0x00000002


mem[X,0x8003DD24] -> 0x3537
mem[X,0x8003DD26] -> 0x3333
[5718] [M]: 0x8003DD24 (0x33333537) lui a0, 209715
x10 <- 0x33333000


mem[X,0x8003DD28] -> 0x0513
mem[X,0x8003DD2A] -> 0x3345
[5719] [M]: 0x8003DD28 (0x33450513) addi a0, a0, 820
x10 <- 0x33333334


mem[X,0x8003DD2C] -> 0xB5B7
mem[X,0x8003DD2E] -> 0xAAAA
[5720] [M]: 0x8003DD2C (0xAAAAB5B7) lui a1, 699051
x11 <- 0xAAAAB000


mem[X,0x8003DD30] -> 0x8593
mem[X,0x8003DD32] -> 0xAA95
[5721] [M]: 0x8003DD30 (0xAA958593) addi a1, a1, 2729
x11 <- 0xAAAAAAA9


mem[X,0x8003DD34] -> 0x0193
mem[X,0x8003DD36] -> 0x0000
[5722] [M]: 0x8003DD34 (0x00000193) addi gp, zero, 0
x3 <- 0x00000000


mem[X,0x8003DD38] -> 0x006F
mem[X,0x8003DD3A] -> 0x0050
[5723] [M]: 0x8003DD38 (0x0050006F) jal zero, 2052


mem[X,0x8003E53C] -> 0x70E3
mem[X,0x8003E53E] -> 0x80B5
[5724] [M]: 0x8003E53C (0x80B570E3) bgeu a0, a1, 6144


mem[X,0x8003E540] -> 0x8193
mem[X,0x8003E542] -> 0x0021
[5725] [M]: 0x8003E540 (0x00218193) addi gp, gp, 2
x3 <- 0x00000002


mem[X,0x8003E544] -> 0x006F
mem[X,0x8003E546] -> 0x00C0
[5726] [M]: 0x8003E544 (0x00C0006F) jal zero, 12


mem[X,0x8003E550] -> 0x2623
mem[X,0x8003E552] -> 0x1231
[5727] [M]: 0x8003E550 (0x12312623) sw gp, 300(sp)
mem[0x8004BA90] <- 0x00000002


mem[X,0x8003E554] -> 0x3537
mem[X,0x8003E556] -> 0x3333
[5728] [M]: 0x8003E554 (0x33333537) lui a0, 209715
x10 <- 0x33333000


mem[X,0x8003E558] -> 0x0513
mem[X,0x8003E55A] -> 0x3345
[5729] [M]: 0x8003E558 (0x33450513) addi a0, a0, 820
x10 <- 0x33333334


mem[X,0x8003E55C] -> 0x0593
mem[X,0x8003E55E] -> 0x0040
[5730] [M]: 0x8003E55C (0x00400593) addi a1, zero, 4
x11 <- 0x00000004


mem[X,0x8003E560] -> 0x0193
mem[X,0x8003E562] -> 0x0000
[5731] [M]: 0x8003E560 (0x00000193) addi gp, zero, 0
x3 <- 0x00000000


mem[X,0x8003E564] -> 0x006F
mem[X,0x8003E566] -> 0x00C0
[5732] [M]: 0x8003E564 (0x00C0006F) jal zero, 12


mem[X,0x8003E570] -> 0x7063
mem[X,0x8003E572] -> 0x40B5
[5733] [M]: 0x8003E570 (0x40B57063) bgeu a0, a1, 1024


mem[X,0x8003E970] -> 0x8193
mem[X,0x8003E972] -> 0x0031
[5734] [M]: 0x8003E970 (0x00318193) addi gp, gp, 3
x3 <- 0x00000003


mem[X,0x8003E974] -> 0x006F
mem[X,0x8003E976] -> 0x0040
[5735] [M]: 0x8003E974 (0x0040006F) jal zero, 4


mem[X,0x8003E978] -> 0x2823
mem[X,0x8003E97A] -> 0x1231
[5736] [M]: 0x8003E978 (0x12312823) sw gp, 304(sp)
mem[0x8004BA94] <- 0x00000003


mem[X,0x8003E97C] -> 0x3537
mem[X,0x8003E97E] -> 0x3333
[5737] [M]: 0x8003E97C (0x33333537) lui a0, 209715
x10 <- 0x33333000


mem[X,0x8003E980] -> 0x0513
mem[X,0x8003E982] -> 0x3345
[5738] [M]: 0x8003E980 (0x33450513) addi a0, a0, 820
x10 <- 0x33333334


mem[X,0x8003E984] -> 0x35B7
mem[X,0x8003E986] -> 0x3333
[5739] [M]: 0x8003E984 (0x333335B7) lui a1, 209715
x11 <- 0x33333000


mem[X,0x8003E988] -> 0x8593
mem[X,0x8003E98A] -> 0x3325
[5740] [M]: 0x8003E988 (0x33258593) addi a1, a1, 818
x11 <- 0x33333332


mem[X,0x8003E98C] -> 0x0193
mem[X,0x8003E98E] -> 0x0000
[5741] [M]: 0x8003E98C (0x00000193) addi gp, zero, 0
x3 <- 0x00000000


mem[X,0x8003E990] -> 0x006F
mem[X,0x8003E992] -> 0x00C0
[5742] [M]: 0x8003E990 (0x00C0006F) jal zero, 12


mem[X,0x8003E99C] -> 0x7CE3
mem[X,0x8003E99E] -> 0xFEB5
[5743] [M]: 0x8003E99C (0xFEB57CE3) bgeu a0, a1, 8184


mem[X,0x8003E994] -> 0x8193
mem[X,0x8003E996] -> 0x0011
[5744] [M]: 0x8003E994 (0x00118193) addi gp, gp, 1
x3 <- 0x00000001


mem[X,0x8003E998] -> 0x006F
mem[X,0x8003E99A] -> 0x0180
[5745] [M]: 0x8003E998 (0x0180006F) jal zero, 24


mem[X,0x8003E9B0] -> 0x2A23
mem[X,0x8003E9B2] -> 0x1231
[5746] [M]: 0x8003E9B0 (0x12312A23) sw gp, 308(sp)
mem[0x8004BA98] <- 0x00000001


mem[X,0x8003E9B4] -> 0x3537
mem[X,0x8003E9B6] -> 0x3333
[5747] [M]: 0x8003E9B4 (0x33333537) lui a0, 209715
x10 <- 0x33333000


mem[X,0x8003E9B8] -> 0x0513
mem[X,0x8003E9BA] -> 0x3345
[5748] [M]: 0x8003E9B8 (0x33450513) addi a0, a0, 820
x10 <- 0x33333334


mem[X,0x8003E9BC] -> 0x65B7
mem[X,0x8003E9BE] -> 0x6666
[5749] [M]: 0x8003E9BC (0x666665B7) lui a1, 419430
x11 <- 0x66666000


mem[X,0x8003E9C0] -> 0x8593
mem[X,0x8003E9C2] -> 0x6655
[5750] [M]: 0x8003E9C0 (0x66558593) addi a1, a1, 1637
x11 <- 0x66666665


mem[X,0x8003E9C4] -> 0x0193
mem[X,0x8003E9C6] -> 0x0000
[5751] [M]: 0x8003E9C4 (0x00000193) addi gp, zero, 0
x3 <- 0x00000000


mem[X,0x8003E9C8] -> 0x006F
mem[X,0x8003E9CA] -> 0x00C0
[5752] [M]: 0x8003E9C8 (0x00C0006F) jal zero, 12


mem[X,0x8003E9D4] -> 0x7063
mem[X,0x8003E9D6] -> 0x02B5
[5753] [M]: 0x8003E9D4 (0x02B57063) bgeu a0, a1, 32


mem[X,0x8003E9D8] -> 0x8193
mem[X,0x8003E9DA] -> 0x0021
[5754] [M]: 0x8003E9D8 (0x00218193) addi gp, gp, 2
x3 <- 0x00000002


mem[X,0x8003E9DC] -> 0x006F
mem[X,0x8003E9DE] -> 0x0200
[5755] [M]: 0x8003E9DC (0x0200006F) jal zero, 32


mem[X,0x8003E9FC] -> 0x2C23
mem[X,0x8003E9FE] -> 0x1231
[5756] [M]: 0x8003E9FC (0x12312C23) sw gp, 312(sp)
mem[0x8004BA9C] <- 0x00000002


mem[X,0x8003EA00] -> 0x3537
mem[X,0x8003EA02] -> 0x3333
[5757] [M]: 0x8003EA00 (0x33333537) lui a0, 209715
x10 <- 0x33333000


mem[X,0x8003EA04] -> 0x0513
mem[X,0x8003EA06] -> 0x3345
[5758] [M]: 0x8003EA04 (0x33450513) addi a0, a0, 820
x10 <- 0x33333334


mem[X,0x8003EA08] -> 0xB5B7
mem[X,0x8003EA0A] -> 0x0000
[5759] [M]: 0x8003EA08 (0x0000B5B7) lui a1, 11
x11 <- 0x0000B000


mem[X,0x8003EA0C] -> 0x8593
mem[X,0x8003EA0E] -> 0x5035
[5760] [M]: 0x8003EA0C (0x50358593) addi a1, a1, 1283
x11 <- 0x0000B503


mem[X,0x8003EA10] -> 0x0193
mem[X,0x8003EA12] -> 0x0000
[5761] [M]: 0x8003EA10 (0x00000193) addi gp, zero, 0
x3 <- 0x00000000


mem[X,0x8003EA14] -> 0x006F
mem[X,0x8003EA16] -> 0x00C0
[5762] [M]: 0x8003EA14 (0x00C0006F) jal zero, 12


mem[X,0x8003EA20] -> 0x7063
mem[X,0x8003EA22] -> 0x20B5
[5763] [M]: 0x8003EA20 (0x20B57063) bgeu a0, a1, 512


mem[X,0x8003EC20] -> 0x8193
mem[X,0x8003EC22] -> 0x0031
[5764] [M]: 0x8003EC20 (0x00318193) addi gp, gp, 3
x3 <- 0x00000003


mem[X,0x8003EC24] -> 0x006F
mem[X,0x8003EC26] -> 0x0040
[5765] [M]: 0x8003EC24 (0x0040006F) jal zero, 4


mem[X,0x8003EC28] -> 0x2E23
mem[X,0x8003EC2A] -> 0x1231
[5766] [M]: 0x8003EC28 (0x12312E23) sw gp, 316(sp)
mem[0x8004BAA0] <- 0x00000003


mem[X,0x8003EC2C] -> 0x3537
mem[X,0x8003EC2E] -> 0x3333
[5767] [M]: 0x8003EC2C (0x33333537) lui a0, 209715
x10 <- 0x33333000


mem[X,0x8003EC30] -> 0x0513
mem[X,0x8003EC32] -> 0x3345
[5768] [M]: 0x8003EC30 (0x33450513) addi a0, a0, 820
x10 <- 0x33333334


mem[X,0x8003EC34] -> 0x05B7
mem[X,0x8003EC36] -> 0x0001
[5769] [M]: 0x8003EC34 (0x000105B7) lui a1, 16
x11 <- 0x00010000


mem[X,0x8003EC38] -> 0x8593
mem[X,0x8003EC3A] -> 0xFFE5
[5770] [M]: 0x8003EC38 (0xFFE58593) addi a1, a1, 4094
x11 <- 0x0000FFFE


mem[X,0x8003EC3C] -> 0x0193
mem[X,0x8003EC3E] -> 0x0000
[5771] [M]: 0x8003EC3C (0x00000193) addi gp, zero, 0
x3 <- 0x00000000


mem[X,0x8003EC40] -> 0x006F
mem[X,0x8003EC42] -> 0x0180
[5772] [M]: 0x8003EC40 (0x0180006F) jal zero, 24


mem[X,0x8003EC58] -> 0x76E3
mem[X,0x8003EC5A] -> 0xFEB5
[5773] [M]: 0x8003EC58 (0xFEB576E3) bgeu a0, a1, 8172


mem[X,0x8003EC44] -> 0x8193
mem[X,0x8003EC46] -> 0x0011
[5774] [M]: 0x8003EC44 (0x00118193) addi gp, gp, 1
x3 <- 0x00000001


mem[X,0x8003EC48] -> 0x006F
mem[X,0x8003EC4A] -> 0x0240
[5775] [M]: 0x8003EC48 (0x0240006F) jal zero, 36


mem[X,0x8003EC6C] -> 0x2023
mem[X,0x8003EC6E] -> 0x1431
[5776] [M]: 0x8003EC6C (0x14312023) sw gp, 320(sp)
mem[0x8004BAA4] <- 0x00000001


mem[X,0x8003EC70] -> 0x3537
mem[X,0x8003EC72] -> 0x3333
[5777] [M]: 0x8003EC70 (0x33333537) lui a0, 209715
x10 <- 0x33333000


mem[X,0x8003EC74] -> 0x0513
mem[X,0x8003EC76] -> 0x3345
[5778] [M]: 0x8003EC74 (0x33450513) addi a0, a0, 820
x10 <- 0x33333334


mem[X,0x8003EC78] -> 0x55B7
mem[X,0x8003EC7A] -> 0x5555
[5779] [M]: 0x8003EC78 (0x555555B7) lui a1, 349525
x11 <- 0x55555000


mem[X,0x8003EC7C] -> 0x8593
mem[X,0x8003EC7E] -> 0x5565
[5780] [M]: 0x8003EC7C (0x55658593) addi a1, a1, 1366
x11 <- 0x55555556


mem[X,0x8003EC80] -> 0x0193
mem[X,0x8003EC82] -> 0x0000
[5781] [M]: 0x8003EC80 (0x00000193) addi gp, zero, 0
x3 <- 0x00000000


mem[X,0x8003EC84] -> 0x006F
mem[X,0x8003EC86] -> 0x00C0
[5782] [M]: 0x8003EC84 (0x00C0006F) jal zero, 12


mem[X,0x8003EC90] -> 0x7063
mem[X,0x8003EC92] -> 0x40B5
[5783] [M]: 0x8003EC90 (0x40B57063) bgeu a0, a1, 1024


mem[X,0x8003EC94] -> 0x8193
mem[X,0x8003EC96] -> 0x0021
[5784] [M]: 0x8003EC94 (0x00218193) addi gp, gp, 2
x3 <- 0x00000002


mem[X,0x8003EC98] -> 0x006F
mem[X,0x8003EC9A] -> 0x4000
[5785] [M]: 0x8003EC98 (0x4000006F) jal zero, 1024


mem[X,0x8003F098] -> 0x2223
mem[X,0x8003F09A] -> 0x1431
[5786] [M]: 0x8003F098 (0x14312223) sw gp, 324(sp)
mem[0x8004BAA8] <- 0x00000002


mem[X,0x8003F09C] -> 0x3537
mem[X,0x8003F09E] -> 0x3333
[5787] [M]: 0x8003F09C (0x33333537) lui a0, 209715
x10 <- 0x33333000


mem[X,0x8003F0A0] -> 0x0513
mem[X,0x8003F0A2] -> 0x3345
[5788] [M]: 0x8003F0A0 (0x33450513) addi a0, a0, 820
x10 <- 0x33333334


mem[X,0x8003F0A4] -> 0xB5B7
mem[X,0x8003F0A6] -> 0xAAAA
[5789] [M]: 0x8003F0A4 (0xAAAAB5B7) lui a1, 699051
x11 <- 0xAAAAB000


mem[X,0x8003F0A8] -> 0x8593
mem[X,0x8003F0AA] -> 0xAAB5
[5790] [M]: 0x8003F0A8 (0xAAB58593) addi a1, a1, 2731
x11 <- 0xAAAAAAAB


mem[X,0x8003F0AC] -> 0x0193
mem[X,0x8003F0AE] -> 0x0000
[5791] [M]: 0x8003F0AC (0x00000193) addi gp, zero, 0
x3 <- 0x00000000


mem[X,0x8003F0B0] -> 0x006F
mem[X,0x8003F0B2] -> 0x00C0
[5792] [M]: 0x8003F0B0 (0x00C0006F) jal zero, 12


mem[X,0x8003F0BC] -> 0x7063
mem[X,0x8003F0BE] -> 0x08B5
[5793] [M]: 0x8003F0BC (0x08B57063) bgeu a0, a1, 128


mem[X,0x8003F0C0] -> 0x8193
mem[X,0x8003F0C2] -> 0x0021
[5794] [M]: 0x8003F0C0 (0x00218193) addi gp, gp, 2
x3 <- 0x00000002


mem[X,0x8003F0C4] -> 0x006F
mem[X,0x8003F0C6] -> 0x0800
[5795] [M]: 0x8003F0C4 (0x0800006F) jal zero, 128


mem[X,0x8003F144] -> 0x2423
mem[X,0x8003F146] -> 0x1431
[5796] [M]: 0x8003F144 (0x14312423) sw gp, 328(sp)
mem[0x8004BAAC] <- 0x00000002


mem[X,0x8003F148] -> 0x3537
mem[X,0x8003F14A] -> 0x3333
[5797] [M]: 0x8003F148 (0x33333537) lui a0, 209715
x10 <- 0x33333000


mem[X,0x8003F14C] -> 0x0513
mem[X,0x8003F14E] -> 0x3345
[5798] [M]: 0x8003F14C (0x33450513) addi a0, a0, 820
x10 <- 0x33333334


mem[X,0x8003F150] -> 0x0593
mem[X,0x8003F152] -> 0x0060
[5799] [M]: 0x8003F150 (0x00600593) addi a1, zero, 6
x11 <- 0x00000006


clint::tick mtime <- 0x000000000000003A
 clint timer pending at mtime 0x000000000000003A
htif::tick 0x0000000000000000
mem[X,0x8003F154] -> 0x0193
mem[X,0x8003F156] -> 0x0000
[5800] [M]: 0x8003F154 (0x00000193) addi gp, zero, 0
x3 <- 0x00000000


mem[X,0x8003F158] -> 0x006F
mem[X,0x8003F15A] -> 0x0180
[5801] [M]: 0x8003F158 (0x0180006F) jal zero, 24


mem[X,0x8003F170] -> 0x76E3
mem[X,0x8003F172] -> 0xFEB5
[5802] [M]: 0x8003F170 (0xFEB576E3) bgeu a0, a1, 8172


mem[X,0x8003F15C] -> 0x8193
mem[X,0x8003F15E] -> 0x0011
[5803] [M]: 0x8003F15C (0x00118193) addi gp, gp, 1
x3 <- 0x00000001


mem[X,0x8003F160] -> 0x006F
mem[X,0x8003F162] -> 0x0240
[5804] [M]: 0x8003F160 (0x0240006F) jal zero, 36


mem[X,0x8003F184] -> 0x2623
mem[X,0x8003F186] -> 0x1431
[5805] [M]: 0x8003F184 (0x14312623) sw gp, 332(sp)
mem[0x8004BAB0] <- 0x00000001


mem[X,0x8003F188] -> 0x3537
mem[X,0x8003F18A] -> 0x3333
[5806] [M]: 0x8003F188 (0x33333537) lui a0, 209715
x10 <- 0x33333000


mem[X,0x8003F18C] -> 0x0513
mem[X,0x8003F18E] -> 0x3345
[5807] [M]: 0x8003F18C (0x33450513) addi a0, a0, 820
x10 <- 0x33333334


mem[X,0x8003F190] -> 0x35B7
mem[X,0x8003F192] -> 0x3333
[5808] [M]: 0x8003F190 (0x333335B7) lui a1, 209715
x11 <- 0x33333000


mem[X,0x8003F194] -> 0x8593
mem[X,0x8003F196] -> 0x3345
[5809] [M]: 0x8003F194 (0x33458593) addi a1, a1, 820
x11 <- 0x33333334


mem[X,0x8003F198] -> 0x0193
mem[X,0x8003F19A] -> 0x0000
[5810] [M]: 0x8003F198 (0x00000193) addi gp, zero, 0
x3 <- 0x00000000


mem[X,0x8003F19C] -> 0x006F
mem[X,0x8003F19E] -> 0x00C0
[5811] [M]: 0x8003F19C (0x00C0006F) jal zero, 12


mem[X,0x8003F1A8] -> 0x7663
mem[X,0x8003F1AA] -> 0x00B5
[5812] [M]: 0x8003F1A8 (0x00B57663) bgeu a0, a1, 12


mem[X,0x8003F1B4] -> 0x8193
mem[X,0x8003F1B6] -> 0x0031
[5813] [M]: 0x8003F1B4 (0x00318193) addi gp, gp, 3
x3 <- 0x00000003


mem[X,0x8003F1B8] -> 0x006F
mem[X,0x8003F1BA] -> 0x0040
[5814] [M]: 0x8003F1B8 (0x0040006F) jal zero, 4


mem[X,0x8003F1BC] -> 0x2823
mem[X,0x8003F1BE] -> 0x1431
[5815] [M]: 0x8003F1BC (0x14312823) sw gp, 336(sp)
mem[0x8004BAB4] <- 0x00000003


mem[X,0x8003F1C0] -> 0x3537
mem[X,0x8003F1C2] -> 0x3333
[5816] [M]: 0x8003F1C0 (0x33333537) lui a0, 209715
x10 <- 0x33333000


mem[X,0x8003F1C4] -> 0x0513
mem[X,0x8003F1C6] -> 0x3345
[5817] [M]: 0x8003F1C4 (0x33450513) addi a0, a0, 820
x10 <- 0x33333334


mem[X,0x8003F1C8] -> 0x65B7
mem[X,0x8003F1CA] -> 0x6666
[5818] [M]: 0x8003F1C8 (0x666665B7) lui a1, 419430
x11 <- 0x66666000


mem[X,0x8003F1CC] -> 0x8593
mem[X,0x8003F1CE] -> 0x6675
[5819] [M]: 0x8003F1CC (0x66758593) addi a1, a1, 1639
x11 <- 0x66666667


mem[X,0x8003F1D0] -> 0x0193
mem[X,0x8003F1D2] -> 0x0000
[5820] [M]: 0x8003F1D0 (0x00000193) addi gp, zero, 0
x3 <- 0x00000000


mem[X,0x8003F1D4] -> 0x006F
mem[X,0x8003F1D6] -> 0x00C0
[5821] [M]: 0x8003F1D4 (0x00C0006F) jal zero, 12


mem[X,0x8003F1E0] -> 0x7CE3
mem[X,0x8003F1E2] -> 0xFEB5
[5822] [M]: 0x8003F1E0 (0xFEB57CE3) bgeu a0, a1, 8184


mem[X,0x8003F1E4] -> 0x8193
mem[X,0x8003F1E6] -> 0x0021
[5823] [M]: 0x8003F1E4 (0x00218193) addi gp, gp, 2
x3 <- 0x00000002


mem[X,0x8003F1E8] -> 0x006F
mem[X,0x8003F1EA] -> 0x00C0
[5824] [M]: 0x8003F1E8 (0x00C0006F) jal zero, 12


mem[X,0x8003F1F4] -> 0x2A23
mem[X,0x8003F1F6] -> 0x1431
[5825] [M]: 0x8003F1F4 (0x14312A23) sw gp, 340(sp)
mem[0x8004BAB8] <- 0x00000002


mem[X,0x8003F1F8] -> 0x3537
mem[X,0x8003F1FA] -> 0x3333
[5826] [M]: 0x8003F1F8 (0x33333537) lui a0, 209715
x10 <- 0x33333000


mem[X,0x8003F1FC] -> 0x0513
mem[X,0x8003F1FE] -> 0x3345
[5827] [M]: 0x8003F1FC (0x33450513) addi a0, a0, 820
x10 <- 0x33333334


mem[X,0x8003F200] -> 0xB5B7
mem[X,0x8003F202] -> 0x0000
[5828] [M]: 0x8003F200 (0x0000B5B7) lui a1, 11
x11 <- 0x0000B000


mem[X,0x8003F204] -> 0x8593
mem[X,0x8003F206] -> 0x5055
[5829] [M]: 0x8003F204 (0x50558593) addi a1, a1, 1285
x11 <- 0x0000B505


mem[X,0x8003F208] -> 0x0193
mem[X,0x8003F20A] -> 0x0000
[5830] [M]: 0x8003F208 (0x00000193) addi gp, zero, 0
x3 <- 0x00000000


mem[X,0x8003F20C] -> 0x006F
mem[X,0x8003F20E] -> 0x00C0
[5831] [M]: 0x8003F20C (0x00C0006F) jal zero, 12


mem[X,0x8003F218] -> 0x7CE3
mem[X,0x8003F21A] -> 0xFEB5
[5832] [M]: 0x8003F218 (0xFEB57CE3) bgeu a0, a1, 8184


mem[X,0x8003F210] -> 0x8193
mem[X,0x8003F212] -> 0x0011
[5833] [M]: 0x8003F210 (0x00118193) addi gp, gp, 1
x3 <- 0x00000001


mem[X,0x8003F214] -> 0x006F
mem[X,0x8003F216] -> 0x0180
[5834] [M]: 0x8003F214 (0x0180006F) jal zero, 24


mem[X,0x8003F22C] -> 0x2C23
mem[X,0x8003F22E] -> 0x1431
[5835] [M]: 0x8003F22C (0x14312C23) sw gp, 344(sp)
mem[0x8004BABC] <- 0x00000001


mem[X,0x8003F230] -> 0x3537
mem[X,0x8003F232] -> 0x3333
[5836] [M]: 0x8003F230 (0x33333537) lui a0, 209715
x10 <- 0x33333000


mem[X,0x8003F234] -> 0x0513
mem[X,0x8003F236] -> 0x3345
[5837] [M]: 0x8003F234 (0x33450513) addi a0, a0, 820
x10 <- 0x33333334


mem[X,0x8003F238] -> 0x0593
mem[X,0x8003F23A] -> 0x0010
[5838] [M]: 0x8003F238 (0x00100593) addi a1, zero, 1
x11 <- 0x00000001


mem[X,0x8003F23C] -> 0x0193
mem[X,0x8003F23E] -> 0x0000
[5839] [M]: 0x8003F23C (0x00000193) addi gp, zero, 0
x3 <- 0x00000000


mem[X,0x8003F240] -> 0x006F
mem[X,0x8003F242] -> 0x00C0
[5840] [M]: 0x8003F240 (0x00C0006F) jal zero, 12


mem[X,0x8003F24C] -> 0x7663
mem[X,0x8003F24E] -> 0x00B5
[5841] [M]: 0x8003F24C (0x00B57663) bgeu a0, a1, 12


mem[X,0x8003F258] -> 0x8193
mem[X,0x8003F25A] -> 0x0031
[5842] [M]: 0x8003F258 (0x00318193) addi gp, gp, 3
x3 <- 0x00000003


mem[X,0x8003F25C] -> 0x006F
mem[X,0x8003F25E] -> 0x0040
[5843] [M]: 0x8003F25C (0x0040006F) jal zero, 4


mem[X,0x8003F260] -> 0x2E23
mem[X,0x8003F262] -> 0x1431
[5844] [M]: 0x8003F260 (0x14312E23) sw gp, 348(sp)
mem[0x8004BAC0] <- 0x00000003


mem[X,0x8003F264] -> 0x3537
mem[X,0x8003F266] -> 0x3333
[5845] [M]: 0x8003F264 (0x33333537) lui a0, 209715
x10 <- 0x33333000


mem[X,0x8003F268] -> 0x0513
mem[X,0x8003F26A] -> 0x3345
[5846] [M]: 0x8003F268 (0x33450513) addi a0, a0, 820
x10 <- 0x33333334


mem[X,0x8003F26C] -> 0x05B7
mem[X,0x8003F26E] -> 0x0001
[5847] [M]: 0x8003F26C (0x000105B7) lui a1, 16
x11 <- 0x00010000


mem[X,0x8003F270] -> 0x0193
mem[X,0x8003F272] -> 0x0000
[5848] [M]: 0x8003F270 (0x00000193) addi gp, zero, 0
x3 <- 0x00000000


mem[X,0x8003F274] -> 0x006F
mem[X,0x8003F276] -> 0x0180
[5849] [M]: 0x8003F274 (0x0180006F) jal zero, 24


mem[X,0x8003F28C] -> 0x76E3
mem[X,0x8003F28E] -> 0xFEB5
[5850] [M]: 0x8003F28C (0xFEB576E3) bgeu a0, a1, 8172


mem[X,0x8003F278] -> 0x8193
mem[X,0x8003F27A] -> 0x0011
[5851] [M]: 0x8003F278 (0x00118193) addi gp, gp, 1
x3 <- 0x00000001


mem[X,0x8003F27C] -> 0x006F
mem[X,0x8003F27E] -> 0x0240
[5852] [M]: 0x8003F27C (0x0240006F) jal zero, 36


mem[X,0x8003F2A0] -> 0x2023
mem[X,0x8003F2A2] -> 0x1631
[5853] [M]: 0x8003F2A0 (0x16312023) sw gp, 352(sp)
mem[0x8004BAC4] <- 0x00000001


mem[X,0x8003F2A4] -> 0x6537
mem[X,0x8003F2A6] -> 0x6666
[5854] [M]: 0x8003F2A4 (0x66666537) lui a0, 419430
x10 <- 0x66666000


mem[X,0x8003F2A8] -> 0x0513
mem[X,0x8003F2AA] -> 0x6675
[5855] [M]: 0x8003F2A8 (0x66750513) addi a0, a0, 1639
x10 <- 0x66666667


mem[X,0x8003F2AC] -> 0x0593
mem[X,0x8003F2AE] -> 0x0030
[5856] [M]: 0x8003F2AC (0x00300593) addi a1, zero, 3
x11 <- 0x00000003


mem[X,0x8003F2B0] -> 0x0193
mem[X,0x8003F2B2] -> 0x0000
[5857] [M]: 0x8003F2B0 (0x00000193) addi gp, zero, 0
x3 <- 0x00000000


mem[X,0x8003F2B4] -> 0x006F
mem[X,0x8003F2B6] -> 0x00C0
[5858] [M]: 0x8003F2B4 (0x00C0006F) jal zero, 12


mem[X,0x8003F2C0] -> 0x7663
mem[X,0x8003F2C2] -> 0x00B5
[5859] [M]: 0x8003F2C0 (0x00B57663) bgeu a0, a1, 12


mem[X,0x8003F2CC] -> 0x8193
mem[X,0x8003F2CE] -> 0x0031
[5860] [M]: 0x8003F2CC (0x00318193) addi gp, gp, 3
x3 <- 0x00000003


mem[X,0x8003F2D0] -> 0x006F
mem[X,0x8003F2D2] -> 0x0040
[5861] [M]: 0x8003F2D0 (0x0040006F) jal zero, 4


mem[X,0x8003F2D4] -> 0x2223
mem[X,0x8003F2D6] -> 0x1631
[5862] [M]: 0x8003F2D4 (0x16312223) sw gp, 356(sp)
mem[0x8004BAC8] <- 0x00000003


mem[X,0x8003F2D8] -> 0x6537
mem[X,0x8003F2DA] -> 0x6666
[5863] [M]: 0x8003F2D8 (0x66666537) lui a0, 419430
x10 <- 0x66666000


mem[X,0x8003F2DC] -> 0x0513
mem[X,0x8003F2DE] -> 0x6675
[5864] [M]: 0x8003F2DC (0x66750513) addi a0, a0, 1639
x10 <- 0x66666667


mem[X,0x8003F2E0] -> 0x55B7
mem[X,0x8003F2E2] -> 0x5555
[5865] [M]: 0x8003F2E0 (0x555555B7) lui a1, 349525
x11 <- 0x55555000


mem[X,0x8003F2E4] -> 0x8593
mem[X,0x8003F2E6] -> 0x5555
[5866] [M]: 0x8003F2E4 (0x55558593) addi a1, a1, 1365
x11 <- 0x55555555


mem[X,0x8003F2E8] -> 0x0193
mem[X,0x8003F2EA] -> 0x0000
[5867] [M]: 0x8003F2E8 (0x00000193) addi gp, zero, 0
x3 <- 0x00000000


mem[X,0x8003F2EC] -> 0x006F
mem[X,0x8003F2EE] -> 0x00C0
[5868] [M]: 0x8003F2EC (0x00C0006F) jal zero, 12


mem[X,0x8003F2F8] -> 0x7663
mem[X,0x8003F2FA] -> 0x00B5
[5869] [M]: 0x8003F2F8 (0x00B57663) bgeu a0, a1, 12


mem[X,0x8003F304] -> 0x8193
mem[X,0x8003F306] -> 0x0031
[5870] [M]: 0x8003F304 (0x00318193) addi gp, gp, 3
x3 <- 0x00000003


mem[X,0x8003F308] -> 0x006F
mem[X,0x8003F30A] -> 0x0040
[5871] [M]: 0x8003F308 (0x0040006F) jal zero, 4


mem[X,0x8003F30C] -> 0x2423
mem[X,0x8003F30E] -> 0x1631
[5872] [M]: 0x8003F30C (0x16312423) sw gp, 360(sp)
mem[0x8004BACC] <- 0x00000003


mem[X,0x8003F310] -> 0x6537
mem[X,0x8003F312] -> 0x6666
[5873] [M]: 0x8003F310 (0x66666537) lui a0, 419430
x10 <- 0x66666000


mem[X,0x8003F314] -> 0x0513
mem[X,0x8003F316] -> 0x6675
[5874] [M]: 0x8003F314 (0x66750513) addi a0, a0, 1639
x10 <- 0x66666667


mem[X,0x8003F318] -> 0xB5B7
mem[X,0x8003F31A] -> 0xAAAA
[5875] [M]: 0x8003F318 (0xAAAAB5B7) lui a1, 699051
x11 <- 0xAAAAB000


mem[X,0x8003F31C] -> 0x8593
mem[X,0x8003F31E] -> 0xAAA5
[5876] [M]: 0x8003F31C (0xAAA58593) addi a1, a1, 2730
x11 <- 0xAAAAAAAA


mem[X,0x8003F320] -> 0x0193
mem[X,0x8003F322] -> 0x0000
[5877] [M]: 0x8003F320 (0x00000193) addi gp, zero, 0
x3 <- 0x00000000


mem[X,0x8003F324] -> 0x006F
mem[X,0x8003F326] -> 0x0180
[5878] [M]: 0x8003F324 (0x0180006F) jal zero, 24


mem[X,0x8003F33C] -> 0x76E3
mem[X,0x8003F33E] -> 0xFEB5
[5879] [M]: 0x8003F33C (0xFEB576E3) bgeu a0, a1, 8172


mem[X,0x8003F340] -> 0x8193
mem[X,0x8003F342] -> 0x0021
[5880] [M]: 0x8003F340 (0x00218193) addi gp, gp, 2
x3 <- 0x00000002


mem[X,0x8003F344] -> 0x006F
mem[X,0x8003F346] -> 0x00C0
[5881] [M]: 0x8003F344 (0x00C0006F) jal zero, 12


mem[X,0x8003F350] -> 0x2623
mem[X,0x8003F352] -> 0x1631
[5882] [M]: 0x8003F350 (0x16312623) sw gp, 364(sp)
mem[0x8004BAD0] <- 0x00000002


mem[X,0x8003F354] -> 0x6537
mem[X,0x8003F356] -> 0x6666
[5883] [M]: 0x8003F354 (0x66666537) lui a0, 419430
x10 <- 0x66666000


mem[X,0x8003F358] -> 0x0513
mem[X,0x8003F35A] -> 0x6675
[5884] [M]: 0x8003F358 (0x66750513) addi a0, a0, 1639
x10 <- 0x66666667


mem[X,0x8003F35C] -> 0x0593
mem[X,0x8003F35E] -> 0x0050
[5885] [M]: 0x8003F35C (0x00500593) addi a1, zero, 5
x11 <- 0x00000005


mem[X,0x8003F360] -> 0x0193
mem[X,0x8003F362] -> 0x0000
[5886] [M]: 0x8003F360 (0x00000193) addi gp, zero, 0
x3 <- 0x00000000


mem[X,0x8003F364] -> 0x006F
mem[X,0x8003F366] -> 0x00C0
[5887] [M]: 0x8003F364 (0x00C0006F) jal zero, 12


mem[X,0x8003F370] -> 0x7663
mem[X,0x8003F372] -> 0x00B5
[5888] [M]: 0x8003F370 (0x00B57663) bgeu a0, a1, 12


mem[X,0x8003F37C] -> 0x8193
mem[X,0x8003F37E] -> 0x0031
[5889] [M]: 0x8003F37C (0x00318193) addi gp, gp, 3
x3 <- 0x00000003


mem[X,0x8003F380] -> 0x006F
mem[X,0x8003F382] -> 0x0040
[5890] [M]: 0x8003F380 (0x0040006F) jal zero, 4


mem[X,0x8003F384] -> 0x2823
mem[X,0x8003F386] -> 0x1631
[5891] [M]: 0x8003F384 (0x16312823) sw gp, 368(sp)
mem[0x8004BAD4] <- 0x00000003


mem[X,0x8003F388] -> 0x6537
mem[X,0x8003F38A] -> 0x6666
[5892] [M]: 0x8003F388 (0x66666537) lui a0, 419430
x10 <- 0x66666000


mem[X,0x8003F38C] -> 0x0513
mem[X,0x8003F38E] -> 0x6675
[5893] [M]: 0x8003F38C (0x66750513) addi a0, a0, 1639
x10 <- 0x66666667


mem[X,0x8003F390] -> 0x35B7
mem[X,0x8003F392] -> 0x3333
[5894] [M]: 0x8003F390 (0x333335B7) lui a1, 209715
x11 <- 0x33333000


mem[X,0x8003F394] -> 0x8593
mem[X,0x8003F396] -> 0x3335
[5895] [M]: 0x8003F394 (0x33358593) addi a1, a1, 819
x11 <- 0x33333333


mem[X,0x8003F398] -> 0x0193
mem[X,0x8003F39A] -> 0x0000
[5896] [M]: 0x8003F398 (0x00000193) addi gp, zero, 0
x3 <- 0x00000000


mem[X,0x8003F39C] -> 0x006F
mem[X,0x8003F39E] -> 0x0050
[5897] [M]: 0x8003F39C (0x0050006F) jal zero, 2052


mem[X,0x8003FBA0] -> 0x70E3
mem[X,0x8003FBA2] -> 0x80B5
[5898] [M]: 0x8003FBA0 (0x80B570E3) bgeu a0, a1, 6144


mem[X,0x8003F3A0] -> 0x8193
mem[X,0x8003F3A2] -> 0x0011
[5899] [M]: 0x8003F3A0 (0x00118193) addi gp, gp, 1
x3 <- 0x00000001


clint::tick mtime <- 0x000000000000003B
 clint timer pending at mtime 0x000000000000003B
htif::tick 0x0000000000000000
mem[X,0x8003F3A4] -> 0x006F
mem[X,0x8003F3A6] -> 0x0110
[5900] [M]: 0x8003F3A4 (0x0110006F) jal zero, 2064


mem[X,0x8003FBB4] -> 0x2A23
mem[X,0x8003FBB6] -> 0x1631
[5901] [M]: 0x8003FBB4 (0x16312A23) sw gp, 372(sp)
mem[0x8004BAD8] <- 0x00000001


mem[X,0x8003FBB8] -> 0x6537
mem[X,0x8003FBBA] -> 0x6666
[5902] [M]: 0x8003FBB8 (0x66666537) lui a0, 419430
x10 <- 0x66666000


mem[X,0x8003FBBC] -> 0x0513
mem[X,0x8003FBBE] -> 0x6675
[5903] [M]: 0x8003FBBC (0x66750513) addi a0, a0, 1639
x10 <- 0x66666667


mem[X,0x8003FBC0] -> 0x65B7
mem[X,0x8003FBC2] -> 0x6666
[5904] [M]: 0x8003FBC0 (0x666665B7) lui a1, 419430
x11 <- 0x66666000


mem[X,0x8003FBC4] -> 0x8593
mem[X,0x8003FBC6] -> 0x6665
[5905] [M]: 0x8003FBC4 (0x66658593) addi a1, a1, 1638
x11 <- 0x66666666


mem[X,0x8003FBC8] -> 0x0193
mem[X,0x8003FBCA] -> 0x0000
[5906] [M]: 0x8003FBC8 (0x00000193) addi gp, zero, 0
x3 <- 0x00000000


mem[X,0x8003FBCC] -> 0x006F
mem[X,0x8003FBCE] -> 0x00C0
[5907] [M]: 0x8003FBCC (0x00C0006F) jal zero, 12


mem[X,0x8003FBD8] -> 0x7063
mem[X,0x8003FBDA] -> 0x04B5
[5908] [M]: 0x8003FBD8 (0x04B57063) bgeu a0, a1, 64


mem[X,0x8003FC18] -> 0x8193
mem[X,0x8003FC1A] -> 0x0031
[5909] [M]: 0x8003FC18 (0x00318193) addi gp, gp, 3
x3 <- 0x00000003


mem[X,0x8003FC1C] -> 0x006F
mem[X,0x8003FC1E] -> 0x0040
[5910] [M]: 0x8003FC1C (0x0040006F) jal zero, 4


mem[X,0x8003FC20] -> 0x2C23
mem[X,0x8003FC22] -> 0x1631
[5911] [M]: 0x8003FC20 (0x16312C23) sw gp, 376(sp)
mem[0x8004BADC] <- 0x00000003


mem[X,0x8003FC24] -> 0x6537
mem[X,0x8003FC26] -> 0x6666
[5912] [M]: 0x8003FC24 (0x66666537) lui a0, 419430
x10 <- 0x66666000


mem[X,0x8003FC28] -> 0x0513
mem[X,0x8003FC2A] -> 0x6675
[5913] [M]: 0x8003FC28 (0x66750513) addi a0, a0, 1639
x10 <- 0x66666667


mem[X,0x8003FC2C] -> 0xB5B7
mem[X,0x8003FC2E] -> 0x0000
[5914] [M]: 0x8003FC2C (0x0000B5B7) lui a1, 11
x11 <- 0x0000B000


mem[X,0x8003FC30] -> 0x8593
mem[X,0x8003FC32] -> 0x5045
[5915] [M]: 0x8003FC30 (0x50458593) addi a1, a1, 1284
x11 <- 0x0000B504


mem[X,0x8003FC34] -> 0x0193
mem[X,0x8003FC36] -> 0x0000
[5916] [M]: 0x8003FC34 (0x00000193) addi gp, zero, 0
x3 <- 0x00000000


mem[X,0x8003FC38] -> 0x006F
mem[X,0x8003FC3A] -> 0x00C0
[5917] [M]: 0x8003FC38 (0x00C0006F) jal zero, 12


mem[X,0x8003FC44] -> 0x7063
mem[X,0x8003FC46] -> 0x20B5
[5918] [M]: 0x8003FC44 (0x20B57063) bgeu a0, a1, 512


mem[X,0x8003FE44] -> 0x8193
mem[X,0x8003FE46] -> 0x0031
[5919] [M]: 0x8003FE44 (0x00318193) addi gp, gp, 3
x3 <- 0x00000003


mem[X,0x8003FE48] -> 0x006F
mem[X,0x8003FE4A] -> 0x0040
[5920] [M]: 0x8003FE48 (0x0040006F) jal zero, 4


mem[X,0x8003FE4C] -> 0x2E23
mem[X,0x8003FE4E] -> 0x1631
[5921] [M]: 0x8003FE4C (0x16312E23) sw gp, 380(sp)
mem[0x8004BAE0] <- 0x00000003


mem[X,0x8003FE50] -> 0x6537
mem[X,0x8003FE52] -> 0x6666
[5922] [M]: 0x8003FE50 (0x66666537) lui a0, 419430
x10 <- 0x66666000


mem[X,0x8003FE54] -> 0x0513
mem[X,0x8003FE56] -> 0x6675
[5923] [M]: 0x8003FE54 (0x66750513) addi a0, a0, 1639
x10 <- 0x66666667


mem[X,0x8003FE58] -> 0x0593
mem[X,0x8003FE5A] -> 0x0000
[5924] [M]: 0x8003FE58 (0x00000593) addi a1, zero, 0
x11 <- 0x00000000


mem[X,0x8003FE5C] -> 0x0193
mem[X,0x8003FE5E] -> 0x0000
[5925] [M]: 0x8003FE5C (0x00000193) addi gp, zero, 0
x3 <- 0x00000000


mem[X,0x8003FE60] -> 0x006F
mem[X,0x8003FE62] -> 0x00C0
[5926] [M]: 0x8003FE60 (0x00C0006F) jal zero, 12


mem[X,0x8003FE6C] -> 0x7663
mem[X,0x8003FE6E] -> 0x00B5
[5927] [M]: 0x8003FE6C (0x00B57663) bgeu a0, a1, 12


mem[X,0x8003FE78] -> 0x8193
mem[X,0x8003FE7A] -> 0x0031
[5928] [M]: 0x8003FE78 (0x00318193) addi gp, gp, 3
x3 <- 0x00000003


mem[X,0x8003FE7C] -> 0x006F
mem[X,0x8003FE7E] -> 0x0040
[5929] [M]: 0x8003FE7C (0x0040006F) jal zero, 4


mem[X,0x8003FE80] -> 0x2023
mem[X,0x8003FE82] -> 0x1831
[5930] [M]: 0x8003FE80 (0x18312023) sw gp, 384(sp)
mem[0x8004BAE4] <- 0x00000003


mem[X,0x8003FE84] -> 0x6537
mem[X,0x8003FE86] -> 0x6666
[5931] [M]: 0x8003FE84 (0x66666537) lui a0, 419430
x10 <- 0x66666000


mem[X,0x8003FE88] -> 0x0513
mem[X,0x8003FE8A] -> 0x6675
[5932] [M]: 0x8003FE88 (0x66750513) addi a0, a0, 1639
x10 <- 0x66666667


mem[X,0x8003FE8C] -> 0x05B7
mem[X,0x8003FE8E] -> 0x0001
[5933] [M]: 0x8003FE8C (0x000105B7) lui a1, 16
x11 <- 0x00010000


mem[X,0x8003FE90] -> 0x8593
mem[X,0x8003FE92] -> 0xFFF5
[5934] [M]: 0x8003FE90 (0xFFF58593) addi a1, a1, 4095
x11 <- 0x0000FFFF


mem[X,0x8003FE94] -> 0x0193
mem[X,0x8003FE96] -> 0x0000
[5935] [M]: 0x8003FE94 (0x00000193) addi gp, zero, 0
x3 <- 0x00000000


mem[X,0x8003FE98] -> 0x006F
mem[X,0x8003FE9A] -> 0x00C0
[5936] [M]: 0x8003FE98 (0x00C0006F) jal zero, 12


mem[X,0x8003FEA4] -> 0x7663
mem[X,0x8003FEA6] -> 0x00B5
[5937] [M]: 0x8003FEA4 (0x00B57663) bgeu a0, a1, 12


mem[X,0x8003FEB0] -> 0x8193
mem[X,0x8003FEB2] -> 0x0031
[5938] [M]: 0x8003FEB0 (0x00318193) addi gp, gp, 3
x3 <- 0x00000003


mem[X,0x8003FEB4] -> 0x006F
mem[X,0x8003FEB6] -> 0x0040
[5939] [M]: 0x8003FEB4 (0x0040006F) jal zero, 4


mem[X,0x8003FEB8] -> 0x2223
mem[X,0x8003FEBA] -> 0x1831
[5940] [M]: 0x8003FEB8 (0x18312223) sw gp, 388(sp)
mem[0x8004BAE8] <- 0x00000003


mem[X,0x8003FEBC] -> 0x6537
mem[X,0x8003FEBE] -> 0x6666
[5941] [M]: 0x8003FEBC (0x66666537) lui a0, 419430
x10 <- 0x66666000


mem[X,0x8003FEC0] -> 0x0513
mem[X,0x8003FEC2] -> 0x6675
[5942] [M]: 0x8003FEC0 (0x66750513) addi a0, a0, 1639
x10 <- 0x66666667


mem[X,0x8003FEC4] -> 0x0593
mem[X,0x8003FEC6] -> 0x0020
[5943] [M]: 0x8003FEC4 (0x00200593) addi a1, zero, 2
x11 <- 0x00000002


mem[X,0x8003FEC8] -> 0x0193
mem[X,0x8003FECA] -> 0x0000
[5944] [M]: 0x8003FEC8 (0x00000193) addi gp, zero, 0
x3 <- 0x00000000


mem[X,0x8003FECC] -> 0x006F
mem[X,0x8003FECE] -> 0x00C0
[5945] [M]: 0x8003FECC (0x00C0006F) jal zero, 12


mem[X,0x8003FED8] -> 0x7063
mem[X,0x8003FEDA] -> 0x04B5
[5946] [M]: 0x8003FED8 (0x04B57063) bgeu a0, a1, 64


mem[X,0x8003FF18] -> 0x8193
mem[X,0x8003FF1A] -> 0x0031
[5947] [M]: 0x8003FF18 (0x00318193) addi gp, gp, 3
x3 <- 0x00000003


mem[X,0x8003FF1C] -> 0x006F
mem[X,0x8003FF1E] -> 0x0040
[5948] [M]: 0x8003FF1C (0x0040006F) jal zero, 4


mem[X,0x8003FF20] -> 0x2423
mem[X,0x8003FF22] -> 0x1831
[5949] [M]: 0x8003FF20 (0x18312423) sw gp, 392(sp)
mem[0x8004BAEC] <- 0x00000003


mem[X,0x8003FF24] -> 0x6537
mem[X,0x8003FF26] -> 0x6666
[5950] [M]: 0x8003FF24 (0x66666537) lui a0, 419430
x10 <- 0x66666000


mem[X,0x8003FF28] -> 0x0513
mem[X,0x8003FF2A] -> 0x6675
[5951] [M]: 0x8003FF28 (0x66750513) addi a0, a0, 1639
x10 <- 0x66666667


mem[X,0x8003FF2C] -> 0x55B7
mem[X,0x8003FF2E] -> 0x5555
[5952] [M]: 0x8003FF2C (0x555555B7) lui a1, 349525
x11 <- 0x55555000


mem[X,0x8003FF30] -> 0x8593
mem[X,0x8003FF32] -> 0x5545
[5953] [M]: 0x8003FF30 (0x55458593) addi a1, a1, 1364
x11 <- 0x55555554


mem[X,0x8003FF34] -> 0x0193
mem[X,0x8003FF36] -> 0x0000
[5954] [M]: 0x8003FF34 (0x00000193) addi gp, zero, 0
x3 <- 0x00000000


mem[X,0x8003FF38] -> 0x006F
mem[X,0x8003FF3A] -> 0x00C0
[5955] [M]: 0x8003FF38 (0x00C0006F) jal zero, 12


mem[X,0x8003FF44] -> 0x7663
mem[X,0x8003FF46] -> 0x00B5
[5956] [M]: 0x8003FF44 (0x00B57663) bgeu a0, a1, 12


mem[X,0x8003FF50] -> 0x8193
mem[X,0x8003FF52] -> 0x0031
[5957] [M]: 0x8003FF50 (0x00318193) addi gp, gp, 3
x3 <- 0x00000003


mem[X,0x8003FF54] -> 0x006F
mem[X,0x8003FF56] -> 0x0040
[5958] [M]: 0x8003FF54 (0x0040006F) jal zero, 4


mem[X,0x8003FF58] -> 0x2623
mem[X,0x8003FF5A] -> 0x1831
[5959] [M]: 0x8003FF58 (0x18312623) sw gp, 396(sp)
mem[0x8004BAF0] <- 0x00000003


mem[X,0x8003FF5C] -> 0x6537
mem[X,0x8003FF5E] -> 0x6666
[5960] [M]: 0x8003FF5C (0x66666537) lui a0, 419430
x10 <- 0x66666000


mem[X,0x8003FF60] -> 0x0513
mem[X,0x8003FF62] -> 0x6675
[5961] [M]: 0x8003FF60 (0x66750513) addi a0, a0, 1639
x10 <- 0x66666667


mem[X,0x8003FF64] -> 0xB5B7
mem[X,0x8003FF66] -> 0xAAAA
[5962] [M]: 0x8003FF64 (0xAAAAB5B7) lui a1, 699051
x11 <- 0xAAAAB000


mem[X,0x8003FF68] -> 0x8593
mem[X,0x8003FF6A] -> 0xAA95
[5963] [M]: 0x8003FF68 (0xAA958593) addi a1, a1, 2729
x11 <- 0xAAAAAAA9


mem[X,0x8003FF6C] -> 0x0193
mem[X,0x8003FF6E] -> 0x0000
[5964] [M]: 0x8003FF6C (0x00000193) addi gp, zero, 0
x3 <- 0x00000000


mem[X,0x8003FF70] -> 0x006F
mem[X,0x8003FF72] -> 0x00C0
[5965] [M]: 0x8003FF70 (0x00C0006F) jal zero, 12


mem[X,0x8003FF7C] -> 0x7063
mem[X,0x8003FF7E] -> 0x04B5
[5966] [M]: 0x8003FF7C (0x04B57063) bgeu a0, a1, 64


mem[X,0x8003FF80] -> 0x8193
mem[X,0x8003FF82] -> 0x0021
[5967] [M]: 0x8003FF80 (0x00218193) addi gp, gp, 2
x3 <- 0x00000002


mem[X,0x8003FF84] -> 0x006F
mem[X,0x8003FF86] -> 0x0400
[5968] [M]: 0x8003FF84 (0x0400006F) jal zero, 64


mem[X,0x8003FFC4] -> 0x2823
mem[X,0x8003FFC6] -> 0x1831
[5969] [M]: 0x8003FFC4 (0x18312823) sw gp, 400(sp)
mem[0x8004BAF4] <- 0x00000002


mem[X,0x8003FFC8] -> 0x6537
mem[X,0x8003FFCA] -> 0x6666
[5970] [M]: 0x8003FFC8 (0x66666537) lui a0, 419430
x10 <- 0x66666000


mem[X,0x8003FFCC] -> 0x0513
mem[X,0x8003FFCE] -> 0x6675
[5971] [M]: 0x8003FFCC (0x66750513) addi a0, a0, 1639
x10 <- 0x66666667


mem[X,0x8003FFD0] -> 0x0593
mem[X,0x8003FFD2] -> 0x0040
[5972] [M]: 0x8003FFD0 (0x00400593) addi a1, zero, 4
x11 <- 0x00000004


mem[X,0x8003FFD4] -> 0x0193
mem[X,0x8003FFD6] -> 0x0000
[5973] [M]: 0x8003FFD4 (0x00000193) addi gp, zero, 0
x3 <- 0x00000000


mem[X,0x8003FFD8] -> 0x006F
mem[X,0x8003FFDA] -> 0x00C0
[5974] [M]: 0x8003FFD8 (0x00C0006F) jal zero, 12


mem[X,0x8003FFE4] -> 0x7063
mem[X,0x8003FFE6] -> 0x20B5
[5975] [M]: 0x8003FFE4 (0x20B57063) bgeu a0, a1, 512


mem[X,0x800401E4] -> 0x8193
mem[X,0x800401E6] -> 0x0031
[5976] [M]: 0x800401E4 (0x00318193) addi gp, gp, 3
x3 <- 0x00000003


mem[X,0x800401E8] -> 0x006F
mem[X,0x800401EA] -> 0x0040
[5977] [M]: 0x800401E8 (0x0040006F) jal zero, 4


mem[X,0x800401EC] -> 0x2A23
mem[X,0x800401EE] -> 0x1831
[5978] [M]: 0x800401EC (0x18312A23) sw gp, 404(sp)
mem[0x8004BAF8] <- 0x00000003


mem[X,0x800401F0] -> 0x6537
mem[X,0x800401F2] -> 0x6666
[5979] [M]: 0x800401F0 (0x66666537) lui a0, 419430
x10 <- 0x66666000


mem[X,0x800401F4] -> 0x0513
mem[X,0x800401F6] -> 0x6675
[5980] [M]: 0x800401F4 (0x66750513) addi a0, a0, 1639
x10 <- 0x66666667


mem[X,0x800401F8] -> 0x35B7
mem[X,0x800401FA] -> 0x3333
[5981] [M]: 0x800401F8 (0x333335B7) lui a1, 209715
x11 <- 0x33333000


mem[X,0x800401FC] -> 0x8593
mem[X,0x800401FE] -> 0x3325
[5982] [M]: 0x800401FC (0x33258593) addi a1, a1, 818
x11 <- 0x33333332


mem[X,0x80040200] -> 0x0193
mem[X,0x80040202] -> 0x0000
[5983] [M]: 0x80040200 (0x00000193) addi gp, zero, 0
x3 <- 0x00000000


mem[X,0x80040204] -> 0x006F
mem[X,0x80040206] -> 0x0050
[5984] [M]: 0x80040204 (0x0050006F) jal zero, 2052


mem[X,0x80040A08] -> 0x70E3
mem[X,0x80040A0A] -> 0x80B5
[5985] [M]: 0x80040A08 (0x80B570E3) bgeu a0, a1, 6144


mem[X,0x80040208] -> 0x8193
mem[X,0x8004020A] -> 0x0011
[5986] [M]: 0x80040208 (0x00118193) addi gp, gp, 1
x3 <- 0x00000001


mem[X,0x8004020C] -> 0x006F
mem[X,0x8004020E] -> 0x0110
[5987] [M]: 0x8004020C (0x0110006F) jal zero, 2064


mem[X,0x80040A1C] -> 0x2C23
mem[X,0x80040A1E] -> 0x1831
[5988] [M]: 0x80040A1C (0x18312C23) sw gp, 408(sp)
mem[0x8004BAFC] <- 0x00000001


mem[X,0x80040A20] -> 0x6537
mem[X,0x80040A22] -> 0x6666
[5989] [M]: 0x80040A20 (0x66666537) lui a0, 419430
x10 <- 0x66666000


mem[X,0x80040A24] -> 0x0513
mem[X,0x80040A26] -> 0x6675
[5990] [M]: 0x80040A24 (0x66750513) addi a0, a0, 1639
x10 <- 0x66666667


mem[X,0x80040A28] -> 0x65B7
mem[X,0x80040A2A] -> 0x6666
[5991] [M]: 0x80040A28 (0x666665B7) lui a1, 419430
x11 <- 0x66666000


mem[X,0x80040A2C] -> 0x8593
mem[X,0x80040A2E] -> 0x6655
[5992] [M]: 0x80040A2C (0x66558593) addi a1, a1, 1637
x11 <- 0x66666665


mem[X,0x80040A30] -> 0x0193
mem[X,0x80040A32] -> 0x0000
[5993] [M]: 0x80040A30 (0x00000193) addi gp, zero, 0
x3 <- 0x00000000


mem[X,0x80040A34] -> 0x006F
mem[X,0x80040A36] -> 0x00C0
[5994] [M]: 0x80040A34 (0x00C0006F) jal zero, 12


mem[X,0x80040A40] -> 0x7863
mem[X,0x80040A42] -> 0x00B5
[5995] [M]: 0x80040A40 (0x00B57863) bgeu a0, a1, 16


mem[X,0x80040A50] -> 0x8193
mem[X,0x80040A52] -> 0x0031
[5996] [M]: 0x80040A50 (0x00318193) addi gp, gp, 3
x3 <- 0x00000003


mem[X,0x80040A54] -> 0x006F
mem[X,0x80040A56] -> 0x0040
[5997] [M]: 0x80040A54 (0x0040006F) jal zero, 4


mem[X,0x80040A58] -> 0x2E23
mem[X,0x80040A5A] -> 0x1831
[5998] [M]: 0x80040A58 (0x18312E23) sw gp, 412(sp)
mem[0x8004BB00] <- 0x00000003


mem[X,0x80040A5C] -> 0x6537
mem[X,0x80040A5E] -> 0x6666
[5999] [M]: 0x80040A5C (0x66666537) lui a0, 419430
x10 <- 0x66666000


clint::tick mtime <- 0x000000000000003C
 clint timer pending at mtime 0x000000000000003C
htif::tick 0x0000000000000000
mem[X,0x80040A60] -> 0x0513
mem[X,0x80040A62] -> 0x6675
[6000] [M]: 0x80040A60 (0x66750513) addi a0, a0, 1639
x10 <- 0x66666667


mem[X,0x80040A64] -> 0xB5B7
mem[X,0x80040A66] -> 0x0000
[6001] [M]: 0x80040A64 (0x0000B5B7) lui a1, 11
x11 <- 0x0000B000


mem[X,0x80040A68] -> 0x8593
mem[X,0x80040A6A] -> 0x5035
[6002] [M]: 0x80040A68 (0x50358593) addi a1, a1, 1283
x11 <- 0x0000B503


mem[X,0x80040A6C] -> 0x0193
mem[X,0x80040A6E] -> 0x0000
[6003] [M]: 0x80040A6C (0x00000193) addi gp, zero, 0
x3 <- 0x00000000


mem[X,0x80040A70] -> 0x006F
mem[X,0x80040A72] -> 0x00C0
[6004] [M]: 0x80040A70 (0x00C0006F) jal zero, 12


mem[X,0x80040A7C] -> 0x7663
mem[X,0x80040A7E] -> 0x00B5
[6005] [M]: 0x80040A7C (0x00B57663) bgeu a0, a1, 12


mem[X,0x80040A88] -> 0x8193
mem[X,0x80040A8A] -> 0x0031
[6006] [M]: 0x80040A88 (0x00318193) addi gp, gp, 3
x3 <- 0x00000003


mem[X,0x80040A8C] -> 0x006F
mem[X,0x80040A8E] -> 0x0040
[6007] [M]: 0x80040A8C (0x0040006F) jal zero, 4


mem[X,0x80040A90] -> 0x2023
mem[X,0x80040A92] -> 0x1A31
[6008] [M]: 0x80040A90 (0x1A312023) sw gp, 416(sp)
mem[0x8004BB04] <- 0x00000003


mem[X,0x80040A94] -> 0x6537
mem[X,0x80040A96] -> 0x6666
[6009] [M]: 0x80040A94 (0x66666537) lui a0, 419430
x10 <- 0x66666000


mem[X,0x80040A98] -> 0x0513
mem[X,0x80040A9A] -> 0x6675
[6010] [M]: 0x80040A98 (0x66750513) addi a0, a0, 1639
x10 <- 0x66666667


mem[X,0x80040A9C] -> 0x05B7
mem[X,0x80040A9E] -> 0x0001
[6011] [M]: 0x80040A9C (0x000105B7) lui a1, 16
x11 <- 0x00010000


mem[X,0x80040AA0] -> 0x8593
mem[X,0x80040AA2] -> 0xFFE5
[6012] [M]: 0x80040AA0 (0xFFE58593) addi a1, a1, 4094
x11 <- 0x0000FFFE


mem[X,0x80040AA4] -> 0x0193
mem[X,0x80040AA6] -> 0x0000
[6013] [M]: 0x80040AA4 (0x00000193) addi gp, zero, 0
x3 <- 0x00000000


mem[X,0x80040AA8] -> 0x006F
mem[X,0x80040AAA] -> 0x00C0
[6014] [M]: 0x80040AA8 (0x00C0006F) jal zero, 12


mem[X,0x80040AB4] -> 0x7063
mem[X,0x80040AB6] -> 0x40B5
[6015] [M]: 0x80040AB4 (0x40B57063) bgeu a0, a1, 1024


mem[X,0x80040EB4] -> 0x8193
mem[X,0x80040EB6] -> 0x0031
[6016] [M]: 0x80040EB4 (0x00318193) addi gp, gp, 3
x3 <- 0x00000003


mem[X,0x80040EB8] -> 0x006F
mem[X,0x80040EBA] -> 0x0040
[6017] [M]: 0x80040EB8 (0x0040006F) jal zero, 4


mem[X,0x80040EBC] -> 0x2223
mem[X,0x80040EBE] -> 0x1A31
[6018] [M]: 0x80040EBC (0x1A312223) sw gp, 420(sp)
mem[0x8004BB08] <- 0x00000003


mem[X,0x80040EC0] -> 0x6537
mem[X,0x80040EC2] -> 0x6666
[6019] [M]: 0x80040EC0 (0x66666537) lui a0, 419430
x10 <- 0x66666000


mem[X,0x80040EC4] -> 0x0513
mem[X,0x80040EC6] -> 0x6675
[6020] [M]: 0x80040EC4 (0x66750513) addi a0, a0, 1639
x10 <- 0x66666667


mem[X,0x80040EC8] -> 0x55B7
mem[X,0x80040ECA] -> 0x5555
[6021] [M]: 0x80040EC8 (0x555555B7) lui a1, 349525
x11 <- 0x55555000


mem[X,0x80040ECC] -> 0x8593
mem[X,0x80040ECE] -> 0x5565
[6022] [M]: 0x80040ECC (0x55658593) addi a1, a1, 1366
x11 <- 0x55555556


mem[X,0x80040ED0] -> 0x0193
mem[X,0x80040ED2] -> 0x0000
[6023] [M]: 0x80040ED0 (0x00000193) addi gp, zero, 0
x3 <- 0x00000000


mem[X,0x80040ED4] -> 0x006F
mem[X,0x80040ED6] -> 0x2B10
[6024] [M]: 0x80040ED4 (0x2B10006F) jal zero, 2736


mem[X,0x80041984] -> 0x7A63
mem[X,0x80041986] -> 0xD4B5
[6025] [M]: 0x80041984 (0xD4B57A63) bgeu a0, a1, 5460


mem[X,0x80040ED8] -> 0x8193
mem[X,0x80040EDA] -> 0x0011
[6026] [M]: 0x80040ED8 (0x00118193) addi gp, gp, 1
x3 <- 0x00000001


mem[X,0x80040EDC] -> 0x006F
mem[X,0x80040EDE] -> 0x2BD0
[6027] [M]: 0x80040EDC (0x2BD0006F) jal zero, 2748


mem[X,0x80041998] -> 0x2423
mem[X,0x8004199A] -> 0x1A31
[6028] [M]: 0x80041998 (0x1A312423) sw gp, 424(sp)
mem[0x8004BB0C] <- 0x00000001


mem[X,0x8004199C] -> 0x6537
mem[X,0x8004199E] -> 0x6666
[6029] [M]: 0x8004199C (0x66666537) lui a0, 419430
x10 <- 0x66666000


mem[X,0x800419A0] -> 0x0513
mem[X,0x800419A2] -> 0x6675
[6030] [M]: 0x800419A0 (0x66750513) addi a0, a0, 1639
x10 <- 0x66666667


mem[X,0x800419A4] -> 0xB5B7
mem[X,0x800419A6] -> 0xAAAA
[6031] [M]: 0x800419A4 (0xAAAAB5B7) lui a1, 699051
x11 <- 0xAAAAB000


mem[X,0x800419A8] -> 0x8593
mem[X,0x800419AA] -> 0xAAB5
[6032] [M]: 0x800419A8 (0xAAB58593) addi a1, a1, 2731
x11 <- 0xAAAAAAAB


mem[X,0x800419AC] -> 0x0193
mem[X,0x800419AE] -> 0x0000
[6033] [M]: 0x800419AC (0x00000193) addi gp, zero, 0
x3 <- 0x00000000


mem[X,0x800419B0] -> 0x006F
mem[X,0x800419B2] -> 0x00C0
[6034] [M]: 0x800419B0 (0x00C0006F) jal zero, 12


mem[X,0x800419BC] -> 0x7663
mem[X,0x800419BE] -> 0x00B5
[6035] [M]: 0x800419BC (0x00B57663) bgeu a0, a1, 12


mem[X,0x800419C0] -> 0x8193
mem[X,0x800419C2] -> 0x0021
[6036] [M]: 0x800419C0 (0x00218193) addi gp, gp, 2
x3 <- 0x00000002


mem[X,0x800419C4] -> 0x006F
mem[X,0x800419C6] -> 0x00C0
[6037] [M]: 0x800419C4 (0x00C0006F) jal zero, 12


mem[X,0x800419D0] -> 0x2623
mem[X,0x800419D2] -> 0x1A31
[6038] [M]: 0x800419D0 (0x1A312623) sw gp, 428(sp)
mem[0x8004BB10] <- 0x00000002


mem[X,0x800419D4] -> 0x6537
mem[X,0x800419D6] -> 0x6666
[6039] [M]: 0x800419D4 (0x66666537) lui a0, 419430
x10 <- 0x66666000


mem[X,0x800419D8] -> 0x0513
mem[X,0x800419DA] -> 0x6675
[6040] [M]: 0x800419D8 (0x66750513) addi a0, a0, 1639
x10 <- 0x66666667


mem[X,0x800419DC] -> 0x0593
mem[X,0x800419DE] -> 0x0060
[6041] [M]: 0x800419DC (0x00600593) addi a1, zero, 6
x11 <- 0x00000006


mem[X,0x800419E0] -> 0x0193
mem[X,0x800419E2] -> 0x0000
[6042] [M]: 0x800419E0 (0x00000193) addi gp, zero, 0
x3 <- 0x00000000


mem[X,0x800419E4] -> 0x006F
mem[X,0x800419E6] -> 0x00C0
[6043] [M]: 0x800419E4 (0x00C0006F) jal zero, 12


mem[X,0x800419F0] -> 0x7063
mem[X,0x800419F2] -> 0x08B5
[6044] [M]: 0x800419F0 (0x08B57063) bgeu a0, a1, 128


mem[X,0x80041A70] -> 0x8193
mem[X,0x80041A72] -> 0x0031
[6045] [M]: 0x80041A70 (0x00318193) addi gp, gp, 3
x3 <- 0x00000003


mem[X,0x80041A74] -> 0x006F
mem[X,0x80041A76] -> 0x0040
[6046] [M]: 0x80041A74 (0x0040006F) jal zero, 4


mem[X,0x80041A78] -> 0x2823
mem[X,0x80041A7A] -> 0x1A31
[6047] [M]: 0x80041A78 (0x1A312823) sw gp, 432(sp)
mem[0x8004BB14] <- 0x00000003


mem[X,0x80041A7C] -> 0x6537
mem[X,0x80041A7E] -> 0x6666
[6048] [M]: 0x80041A7C (0x66666537) lui a0, 419430
x10 <- 0x66666000


mem[X,0x80041A80] -> 0x0513
mem[X,0x80041A82] -> 0x6675
[6049] [M]: 0x80041A80 (0x66750513) addi a0, a0, 1639
x10 <- 0x66666667


mem[X,0x80041A84] -> 0x35B7
mem[X,0x80041A86] -> 0x3333
[6050] [M]: 0x80041A84 (0x333335B7) lui a1, 209715
x11 <- 0x33333000


mem[X,0x80041A88] -> 0x8593
mem[X,0x80041A8A] -> 0x3345
[6051] [M]: 0x80041A88 (0x33458593) addi a1, a1, 820
x11 <- 0x33333334


mem[X,0x80041A8C] -> 0x0193
mem[X,0x80041A8E] -> 0x0000
[6052] [M]: 0x80041A8C (0x00000193) addi gp, zero, 0
x3 <- 0x00000000


mem[X,0x80041A90] -> 0x006F
mem[X,0x80041A92] -> 0x0140
[6053] [M]: 0x80041A90 (0x0140006F) jal zero, 20


mem[X,0x80041AA4] -> 0x78E3
mem[X,0x80041AA6] -> 0xFEB5
[6054] [M]: 0x80041AA4 (0xFEB578E3) bgeu a0, a1, 8176


mem[X,0x80041A94] -> 0x8193
mem[X,0x80041A96] -> 0x0011
[6055] [M]: 0x80041A94 (0x00118193) addi gp, gp, 1
x3 <- 0x00000001


mem[X,0x80041A98] -> 0x006F
mem[X,0x80041A9A] -> 0x0200
[6056] [M]: 0x80041A98 (0x0200006F) jal zero, 32


mem[X,0x80041AB8] -> 0x2A23
mem[X,0x80041ABA] -> 0x1A31
[6057] [M]: 0x80041AB8 (0x1A312A23) sw gp, 436(sp)
mem[0x8004BB18] <- 0x00000001


mem[X,0x80041ABC] -> 0x6537
mem[X,0x80041ABE] -> 0x6666
[6058] [M]: 0x80041ABC (0x66666537) lui a0, 419430
x10 <- 0x66666000


mem[X,0x80041AC0] -> 0x0513
mem[X,0x80041AC2] -> 0x6675
[6059] [M]: 0x80041AC0 (0x66750513) addi a0, a0, 1639
x10 <- 0x66666667


mem[X,0x80041AC4] -> 0x65B7
mem[X,0x80041AC6] -> 0x6666
[6060] [M]: 0x80041AC4 (0x666665B7) lui a1, 419430
x11 <- 0x66666000


mem[X,0x80041AC8] -> 0x8593
mem[X,0x80041ACA] -> 0x6675
[6061] [M]: 0x80041AC8 (0x66758593) addi a1, a1, 1639
x11 <- 0x66666667


mem[X,0x80041ACC] -> 0x0193
mem[X,0x80041ACE] -> 0x0000
[6062] [M]: 0x80041ACC (0x00000193) addi gp, zero, 0
x3 <- 0x00000000


mem[X,0x80041AD0] -> 0x006F
mem[X,0x80041AD2] -> 0x00C0
[6063] [M]: 0x80041AD0 (0x00C0006F) jal zero, 12


mem[X,0x80041ADC] -> 0x7CE3
mem[X,0x80041ADE] -> 0xFEB5
[6064] [M]: 0x80041ADC (0xFEB57CE3) bgeu a0, a1, 8184


mem[X,0x80041AD4] -> 0x8193
mem[X,0x80041AD6] -> 0x0011
[6065] [M]: 0x80041AD4 (0x00118193) addi gp, gp, 1
x3 <- 0x00000001


mem[X,0x80041AD8] -> 0x006F
mem[X,0x80041ADA] -> 0x0180
[6066] [M]: 0x80041AD8 (0x0180006F) jal zero, 24


mem[X,0x80041AF0] -> 0x2C23
mem[X,0x80041AF2] -> 0x1A31
[6067] [M]: 0x80041AF0 (0x1A312C23) sw gp, 440(sp)
mem[0x8004BB1C] <- 0x00000001


mem[X,0x80041AF4] -> 0x6537
mem[X,0x80041AF6] -> 0x6666
[6068] [M]: 0x80041AF4 (0x66666537) lui a0, 419430
x10 <- 0x66666000


mem[X,0x80041AF8] -> 0x0513
mem[X,0x80041AFA] -> 0x6675
[6069] [M]: 0x80041AF8 (0x66750513) addi a0, a0, 1639
x10 <- 0x66666667


mem[X,0x80041AFC] -> 0xB5B7
mem[X,0x80041AFE] -> 0x0000
[6070] [M]: 0x80041AFC (0x0000B5B7) lui a1, 11
x11 <- 0x0000B000


mem[X,0x80041B00] -> 0x8593
mem[X,0x80041B02] -> 0x5055
[6071] [M]: 0x80041B00 (0x50558593) addi a1, a1, 1285
x11 <- 0x0000B505


mem[X,0x80041B04] -> 0x0193
mem[X,0x80041B06] -> 0x0000
[6072] [M]: 0x80041B04 (0x00000193) addi gp, zero, 0
x3 <- 0x00000000


mem[X,0x80041B08] -> 0x006F
mem[X,0x80041B0A] -> 0x00C0
[6073] [M]: 0x80041B08 (0x00C0006F) jal zero, 12


mem[X,0x80041B14] -> 0x7063
mem[X,0x80041B16] -> 0x04B5
[6074] [M]: 0x80041B14 (0x04B57063) bgeu a0, a1, 64


mem[X,0x80041B54] -> 0x8193
mem[X,0x80041B56] -> 0x0031
[6075] [M]: 0x80041B54 (0x00318193) addi gp, gp, 3
x3 <- 0x00000003


mem[X,0x80041B58] -> 0x006F
mem[X,0x80041B5A] -> 0x0040
[6076] [M]: 0x80041B58 (0x0040006F) jal zero, 4


mem[X,0x80041B5C] -> 0x2E23
mem[X,0x80041B5E] -> 0x1A31
[6077] [M]: 0x80041B5C (0x1A312E23) sw gp, 444(sp)
mem[0x8004BB20] <- 0x00000003


mem[X,0x80041B60] -> 0x6537
mem[X,0x80041B62] -> 0x6666
[6078] [M]: 0x80041B60 (0x66666537) lui a0, 419430
x10 <- 0x66666000


mem[X,0x80041B64] -> 0x0513
mem[X,0x80041B66] -> 0x6675
[6079] [M]: 0x80041B64 (0x66750513) addi a0, a0, 1639
x10 <- 0x66666667


mem[X,0x80041B68] -> 0x0593
mem[X,0x80041B6A] -> 0x0010
[6080] [M]: 0x80041B68 (0x00100593) addi a1, zero, 1
x11 <- 0x00000001


mem[X,0x80041B6C] -> 0x0193
mem[X,0x80041B6E] -> 0x0000
[6081] [M]: 0x80041B6C (0x00000193) addi gp, zero, 0
x3 <- 0x00000000


mem[X,0x80041B70] -> 0x006F
mem[X,0x80041B72] -> 0x00C0
[6082] [M]: 0x80041B70 (0x00C0006F) jal zero, 12


mem[X,0x80041B7C] -> 0x7663
mem[X,0x80041B7E] -> 0x00B5
[6083] [M]: 0x80041B7C (0x00B57663) bgeu a0, a1, 12


mem[X,0x80041B88] -> 0x8193
mem[X,0x80041B8A] -> 0x0031
[6084] [M]: 0x80041B88 (0x00318193) addi gp, gp, 3
x3 <- 0x00000003


mem[X,0x80041B8C] -> 0x006F
mem[X,0x80041B8E] -> 0x0040
[6085] [M]: 0x80041B8C (0x0040006F) jal zero, 4


mem[X,0x80041B90] -> 0x2023
mem[X,0x80041B92] -> 0x1C31
[6086] [M]: 0x80041B90 (0x1C312023) sw gp, 448(sp)
mem[0x8004BB24] <- 0x00000003


mem[X,0x80041B94] -> 0x6537
mem[X,0x80041B96] -> 0x6666
[6087] [M]: 0x80041B94 (0x66666537) lui a0, 419430
x10 <- 0x66666000


mem[X,0x80041B98] -> 0x0513
mem[X,0x80041B9A] -> 0x6675
[6088] [M]: 0x80041B98 (0x66750513) addi a0, a0, 1639
x10 <- 0x66666667


mem[X,0x80041B9C] -> 0x05B7
mem[X,0x80041B9E] -> 0x0001
[6089] [M]: 0x80041B9C (0x000105B7) lui a1, 16
x11 <- 0x00010000


mem[X,0x80041BA0] -> 0x0193
mem[X,0x80041BA2] -> 0x0000
[6090] [M]: 0x80041BA0 (0x00000193) addi gp, zero, 0
x3 <- 0x00000000


mem[X,0x80041BA4] -> 0x006F
mem[X,0x80041BA6] -> 0x00C0
[6091] [M]: 0x80041BA4 (0x00C0006F) jal zero, 12


mem[X,0x80041BB0] -> 0x7CE3
mem[X,0x80041BB2] -> 0xFEB5
[6092] [M]: 0x80041BB0 (0xFEB57CE3) bgeu a0, a1, 8184


mem[X,0x80041BA8] -> 0x8193
mem[X,0x80041BAA] -> 0x0011
[6093] [M]: 0x80041BA8 (0x00118193) addi gp, gp, 1
x3 <- 0x00000001


mem[X,0x80041BAC] -> 0x006F
mem[X,0x80041BAE] -> 0x0180
[6094] [M]: 0x80041BAC (0x0180006F) jal zero, 24


mem[X,0x80041BC4] -> 0x2223
mem[X,0x80041BC6] -> 0x1C31
[6095] [M]: 0x80041BC4 (0x1C312223) sw gp, 452(sp)
mem[0x8004BB28] <- 0x00000001


mem[X,0x80041BC8] -> 0xB537
mem[X,0x80041BCA] -> 0x0000
[6096] [M]: 0x80041BC8 (0x0000B537) lui a0, 11
x10 <- 0x0000B000


mem[X,0x80041BCC] -> 0x0513
mem[X,0x80041BCE] -> 0x5055
[6097] [M]: 0x80041BCC (0x50550513) addi a0, a0, 1285
x10 <- 0x0000B505


mem[X,0x80041BD0] -> 0x0593
mem[X,0x80041BD2] -> 0x0030
[6098] [M]: 0x80041BD0 (0x00300593) addi a1, zero, 3
x11 <- 0x00000003


mem[X,0x80041BD4] -> 0x0193
mem[X,0x80041BD6] -> 0x0000
[6099] [M]: 0x80041BD4 (0x00000193) addi gp, zero, 0
x3 <- 0x00000000


clint::tick mtime <- 0x000000000000003D
 clint timer pending at mtime 0x000000000000003D
htif::tick 0x0000000000000000
mem[X,0x80041BD8] -> 0x006F
mem[X,0x80041BDA] -> 0x00C0
[6100] [M]: 0x80041BD8 (0x00C0006F) jal zero, 12


mem[X,0x80041BE4] -> 0x7663
mem[X,0x80041BE6] -> 0x00B5
[6101] [M]: 0x80041BE4 (0x00B57663) bgeu a0, a1, 12


mem[X,0x80041BF0] -> 0x8193
mem[X,0x80041BF2] -> 0x0031
[6102] [M]: 0x80041BF0 (0x00318193) addi gp, gp, 3
x3 <- 0x00000003


mem[X,0x80041BF4] -> 0x006F
mem[X,0x80041BF6] -> 0x0040
[6103] [M]: 0x80041BF4 (0x0040006F) jal zero, 4


mem[X,0x80041BF8] -> 0x2423
mem[X,0x80041BFA] -> 0x1C31
[6104] [M]: 0x80041BF8 (0x1C312423) sw gp, 456(sp)
mem[0x8004BB2C] <- 0x00000003


mem[X,0x80041BFC] -> 0xB537
mem[X,0x80041BFE] -> 0x0000
[6105] [M]: 0x80041BFC (0x0000B537) lui a0, 11
x10 <- 0x0000B000


mem[X,0x80041C00] -> 0x0513
mem[X,0x80041C02] -> 0x5055
[6106] [M]: 0x80041C00 (0x50550513) addi a0, a0, 1285
x10 <- 0x0000B505


mem[X,0x80041C04] -> 0x55B7
mem[X,0x80041C06] -> 0x5555
[6107] [M]: 0x80041C04 (0x555555B7) lui a1, 349525
x11 <- 0x55555000


mem[X,0x80041C08] -> 0x8593
mem[X,0x80041C0A] -> 0x5555
[6108] [M]: 0x80041C08 (0x55558593) addi a1, a1, 1365
x11 <- 0x55555555


mem[X,0x80041C0C] -> 0x0193
mem[X,0x80041C0E] -> 0x0000
[6109] [M]: 0x80041C0C (0x00000193) addi gp, zero, 0
x3 <- 0x00000000


mem[X,0x80041C10] -> 0x006F
mem[X,0x80041C12] -> 0x00C0
[6110] [M]: 0x80041C10 (0x00C0006F) jal zero, 12


mem[X,0x80041C1C] -> 0x7CE3
mem[X,0x80041C1E] -> 0xFEB5
[6111] [M]: 0x80041C1C (0xFEB57CE3) bgeu a0, a1, 8184


mem[X,0x80041C20] -> 0x8193
mem[X,0x80041C22] -> 0x0021
[6112] [M]: 0x80041C20 (0x00218193) addi gp, gp, 2
x3 <- 0x00000002


mem[X,0x80041C24] -> 0x006F
mem[X,0x80041C26] -> 0x00C0
[6113] [M]: 0x80041C24 (0x00C0006F) jal zero, 12


mem[X,0x80041C30] -> 0x2623
mem[X,0x80041C32] -> 0x1C31
[6114] [M]: 0x80041C30 (0x1C312623) sw gp, 460(sp)
mem[0x8004BB30] <- 0x00000002


mem[X,0x80041C34] -> 0xB537
mem[X,0x80041C36] -> 0x0000
[6115] [M]: 0x80041C34 (0x0000B537) lui a0, 11
x10 <- 0x0000B000


mem[X,0x80041C38] -> 0x0513
mem[X,0x80041C3A] -> 0x5055
[6116] [M]: 0x80041C38 (0x50550513) addi a0, a0, 1285
x10 <- 0x0000B505


mem[X,0x80041C3C] -> 0xB5B7
mem[X,0x80041C3E] -> 0xAAAA
[6117] [M]: 0x80041C3C (0xAAAAB5B7) lui a1, 699051
x11 <- 0xAAAAB000


mem[X,0x80041C40] -> 0x8593
mem[X,0x80041C42] -> 0xAAA5
[6118] [M]: 0x80041C40 (0xAAA58593) addi a1, a1, 2730
x11 <- 0xAAAAAAAA


mem[X,0x80041C44] -> 0x0193
mem[X,0x80041C46] -> 0x0000
[6119] [M]: 0x80041C44 (0x00000193) addi gp, zero, 0
x3 <- 0x00000000


mem[X,0x80041C48] -> 0x006F
mem[X,0x80041C4A] -> 0x00C0
[6120] [M]: 0x80041C48 (0x00C0006F) jal zero, 12


mem[X,0x80041C54] -> 0x7CE3
mem[X,0x80041C56] -> 0xFEB5
[6121] [M]: 0x80041C54 (0xFEB57CE3) bgeu a0, a1, 8184


mem[X,0x80041C58] -> 0x8193
mem[X,0x80041C5A] -> 0x0021
[6122] [M]: 0x80041C58 (0x00218193) addi gp, gp, 2
x3 <- 0x00000002


mem[X,0x80041C5C] -> 0x006F
mem[X,0x80041C5E] -> 0x00C0
[6123] [M]: 0x80041C5C (0x00C0006F) jal zero, 12


mem[X,0x80041C68] -> 0x2823
mem[X,0x80041C6A] -> 0x1C31
[6124] [M]: 0x80041C68 (0x1C312823) sw gp, 464(sp)
mem[0x8004BB34] <- 0x00000002


mem[X,0x80041C6C] -> 0xB537
mem[X,0x80041C6E] -> 0x0000
[6125] [M]: 0x80041C6C (0x0000B537) lui a0, 11
x10 <- 0x0000B000


mem[X,0x80041C70] -> 0x0513
mem[X,0x80041C72] -> 0x5055
[6126] [M]: 0x80041C70 (0x50550513) addi a0, a0, 1285
x10 <- 0x0000B505


mem[X,0x80041C74] -> 0x0593
mem[X,0x80041C76] -> 0x0050
[6127] [M]: 0x80041C74 (0x00500593) addi a1, zero, 5
x11 <- 0x00000005


mem[X,0x80041C78] -> 0x0193
mem[X,0x80041C7A] -> 0x0000
[6128] [M]: 0x80041C78 (0x00000193) addi gp, zero, 0
x3 <- 0x00000000


mem[X,0x80041C7C] -> 0x006F
mem[X,0x80041C7E] -> 0x00C0
[6129] [M]: 0x80041C7C (0x00C0006F) jal zero, 12


mem[X,0x80041C88] -> 0x7063
mem[X,0x80041C8A] -> 0x08B5
[6130] [M]: 0x80041C88 (0x08B57063) bgeu a0, a1, 128


mem[X,0x80041D08] -> 0x8193
mem[X,0x80041D0A] -> 0x0031
[6131] [M]: 0x80041D08 (0x00318193) addi gp, gp, 3
x3 <- 0x00000003


mem[X,0x80041D0C] -> 0x006F
mem[X,0x80041D0E] -> 0x0040
[6132] [M]: 0x80041D0C (0x0040006F) jal zero, 4


mem[X,0x80041D10] -> 0x2A23
mem[X,0x80041D12] -> 0x1C31
[6133] [M]: 0x80041D10 (0x1C312A23) sw gp, 468(sp)
mem[0x8004BB38] <- 0x00000003


mem[X,0x80041D14] -> 0xB537
mem[X,0x80041D16] -> 0x0000
[6134] [M]: 0x80041D14 (0x0000B537) lui a0, 11
x10 <- 0x0000B000


mem[X,0x80041D18] -> 0x0513
mem[X,0x80041D1A] -> 0x5055
[6135] [M]: 0x80041D18 (0x50550513) addi a0, a0, 1285
x10 <- 0x0000B505


mem[X,0x80041D1C] -> 0x35B7
mem[X,0x80041D1E] -> 0x3333
[6136] [M]: 0x80041D1C (0x333335B7) lui a1, 209715
x11 <- 0x33333000


mem[X,0x80041D20] -> 0x8593
mem[X,0x80041D22] -> 0x3335
[6137] [M]: 0x80041D20 (0x33358593) addi a1, a1, 819
x11 <- 0x33333333


mem[X,0x80041D24] -> 0x0193
mem[X,0x80041D26] -> 0x0000
[6138] [M]: 0x80041D24 (0x00000193) addi gp, zero, 0
x3 <- 0x00000000


mem[X,0x80041D28] -> 0x006F
mem[X,0x80041D2A] -> 0x00C0
[6139] [M]: 0x80041D28 (0x00C0006F) jal zero, 12


mem[X,0x80041D34] -> 0x7663
mem[X,0x80041D36] -> 0x00B5
[6140] [M]: 0x80041D34 (0x00B57663) bgeu a0, a1, 12


mem[X,0x80041D38] -> 0x8193
mem[X,0x80041D3A] -> 0x0021
[6141] [M]: 0x80041D38 (0x00218193) addi gp, gp, 2
x3 <- 0x00000002


mem[X,0x80041D3C] -> 0x006F
mem[X,0x80041D3E] -> 0x00C0
[6142] [M]: 0x80041D3C (0x00C0006F) jal zero, 12


mem[X,0x80041D48] -> 0x2C23
mem[X,0x80041D4A] -> 0x1C31
[6143] [M]: 0x80041D48 (0x1C312C23) sw gp, 472(sp)
mem[0x8004BB3C] <- 0x00000002


mem[X,0x80041D4C] -> 0xB537
mem[X,0x80041D4E] -> 0x0000
[6144] [M]: 0x80041D4C (0x0000B537) lui a0, 11
x10 <- 0x0000B000


mem[X,0x80041D50] -> 0x0513
mem[X,0x80041D52] -> 0x5055
[6145] [M]: 0x80041D50 (0x50550513) addi a0, a0, 1285
x10 <- 0x0000B505


mem[X,0x80041D54] -> 0x65B7
mem[X,0x80041D56] -> 0x6666
[6146] [M]: 0x80041D54 (0x666665B7) lui a1, 419430
x11 <- 0x66666000


mem[X,0x80041D58] -> 0x8593
mem[X,0x80041D5A] -> 0x6665
[6147] [M]: 0x80041D58 (0x66658593) addi a1, a1, 1638
x11 <- 0x66666666


mem[X,0x80041D5C] -> 0x0193
mem[X,0x80041D5E] -> 0x0000
[6148] [M]: 0x80041D5C (0x00000193) addi gp, zero, 0
x3 <- 0x00000000


mem[X,0x80041D60] -> 0x006F
mem[X,0x80041D62] -> 0x0140
[6149] [M]: 0x80041D60 (0x0140006F) jal zero, 20


mem[X,0x80041D74] -> 0x78E3
mem[X,0x80041D76] -> 0xFEB5
[6150] [M]: 0x80041D74 (0xFEB578E3) bgeu a0, a1, 8176


mem[X,0x80041D78] -> 0x8193
mem[X,0x80041D7A] -> 0x0021
[6151] [M]: 0x80041D78 (0x00218193) addi gp, gp, 2
x3 <- 0x00000002


mem[X,0x80041D7C] -> 0x006F
mem[X,0x80041D7E] -> 0x00C0
[6152] [M]: 0x80041D7C (0x00C0006F) jal zero, 12


mem[X,0x80041D88] -> 0x2E23
mem[X,0x80041D8A] -> 0x1C31
[6153] [M]: 0x80041D88 (0x1C312E23) sw gp, 476(sp)
mem[0x8004BB40] <- 0x00000002


mem[X,0x80041D8C] -> 0xB537
mem[X,0x80041D8E] -> 0x0000
[6154] [M]: 0x80041D8C (0x0000B537) lui a0, 11
x10 <- 0x0000B000


mem[X,0x80041D90] -> 0x0513
mem[X,0x80041D92] -> 0x5055
[6155] [M]: 0x80041D90 (0x50550513) addi a0, a0, 1285
x10 <- 0x0000B505


mem[X,0x80041D94] -> 0xB5B7
mem[X,0x80041D96] -> 0x0000
[6156] [M]: 0x80041D94 (0x0000B5B7) lui a1, 11
x11 <- 0x0000B000


mem[X,0x80041D98] -> 0x8593
mem[X,0x80041D9A] -> 0x5045
[6157] [M]: 0x80041D98 (0x50458593) addi a1, a1, 1284
x11 <- 0x0000B504


mem[X,0x80041D9C] -> 0x0193
mem[X,0x80041D9E] -> 0x0000
[6158] [M]: 0x80041D9C (0x00000193) addi gp, zero, 0
x3 <- 0x00000000


mem[X,0x80041DA0] -> 0x006F
mem[X,0x80041DA2] -> 0x00C0
[6159] [M]: 0x80041DA0 (0x00C0006F) jal zero, 12


mem[X,0x80041DAC] -> 0x7663
mem[X,0x80041DAE] -> 0x00B5
[6160] [M]: 0x80041DAC (0x00B57663) bgeu a0, a1, 12


mem[X,0x80041DB8] -> 0x8193
mem[X,0x80041DBA] -> 0x0031
[6161] [M]: 0x80041DB8 (0x00318193) addi gp, gp, 3
x3 <- 0x00000003


mem[X,0x80041DBC] -> 0x006F
mem[X,0x80041DBE] -> 0x0040
[6162] [M]: 0x80041DBC (0x0040006F) jal zero, 4


mem[X,0x80041DC0] -> 0x2023
mem[X,0x80041DC2] -> 0x1E31
[6163] [M]: 0x80041DC0 (0x1E312023) sw gp, 480(sp)
mem[0x8004BB44] <- 0x00000003


mem[X,0x80041DC4] -> 0xB537
mem[X,0x80041DC6] -> 0x0000
[6164] [M]: 0x80041DC4 (0x0000B537) lui a0, 11
x10 <- 0x0000B000


mem[X,0x80041DC8] -> 0x0513
mem[X,0x80041DCA] -> 0x5055
[6165] [M]: 0x80041DC8 (0x50550513) addi a0, a0, 1285
x10 <- 0x0000B505


mem[X,0x80041DCC] -> 0x0593
mem[X,0x80041DCE] -> 0x0000
[6166] [M]: 0x80041DCC (0x00000593) addi a1, zero, 0
x11 <- 0x00000000


mem[X,0x80041DD0] -> 0x0193
mem[X,0x80041DD2] -> 0x0000
[6167] [M]: 0x80041DD0 (0x00000193) addi gp, zero, 0
x3 <- 0x00000000


mem[X,0x80041DD4] -> 0x006F
mem[X,0x80041DD6] -> 0x00C0
[6168] [M]: 0x80041DD4 (0x00C0006F) jal zero, 12


mem[X,0x80041DE0] -> 0x7663
mem[X,0x80041DE2] -> 0x00B5
[6169] [M]: 0x80041DE0 (0x00B57663) bgeu a0, a1, 12


mem[X,0x80041DEC] -> 0x8193
mem[X,0x80041DEE] -> 0x0031
[6170] [M]: 0x80041DEC (0x00318193) addi gp, gp, 3
x3 <- 0x00000003


mem[X,0x80041DF0] -> 0x006F
mem[X,0x80041DF2] -> 0x0040
[6171] [M]: 0x80041DF0 (0x0040006F) jal zero, 4


mem[X,0x80041DF4] -> 0x2223
mem[X,0x80041DF6] -> 0x1E31
[6172] [M]: 0x80041DF4 (0x1E312223) sw gp, 484(sp)
mem[0x8004BB48] <- 0x00000003


mem[X,0x80041DF8] -> 0xB537
mem[X,0x80041DFA] -> 0x0000
[6173] [M]: 0x80041DF8 (0x0000B537) lui a0, 11
x10 <- 0x0000B000


mem[X,0x80041DFC] -> 0x0513
mem[X,0x80041DFE] -> 0x5055
[6174] [M]: 0x80041DFC (0x50550513) addi a0, a0, 1285
x10 <- 0x0000B505


mem[X,0x80041E00] -> 0x05B7
mem[X,0x80041E02] -> 0x0001
[6175] [M]: 0x80041E00 (0x000105B7) lui a1, 16
x11 <- 0x00010000


mem[X,0x80041E04] -> 0x8593
mem[X,0x80041E06] -> 0xFFF5
[6176] [M]: 0x80041E04 (0xFFF58593) addi a1, a1, 4095
x11 <- 0x0000FFFF


mem[X,0x80041E08] -> 0x0193
mem[X,0x80041E0A] -> 0x0000
[6177] [M]: 0x80041E08 (0x00000193) addi gp, zero, 0
x3 <- 0x00000000


mem[X,0x80041E0C] -> 0x006F
mem[X,0x80041E0E] -> 0x0140
[6178] [M]: 0x80041E0C (0x0140006F) jal zero, 20


mem[X,0x80041E20] -> 0x78E3
mem[X,0x80041E22] -> 0xFEB5
[6179] [M]: 0x80041E20 (0xFEB578E3) bgeu a0, a1, 8176


mem[X,0x80041E24] -> 0x8193
mem[X,0x80041E26] -> 0x0021
[6180] [M]: 0x80041E24 (0x00218193) addi gp, gp, 2
x3 <- 0x00000002


mem[X,0x80041E28] -> 0x006F
mem[X,0x80041E2A] -> 0x00C0
[6181] [M]: 0x80041E28 (0x00C0006F) jal zero, 12


mem[X,0x80041E34] -> 0x2423
mem[X,0x80041E36] -> 0x1E31
[6182] [M]: 0x80041E34 (0x1E312423) sw gp, 488(sp)
mem[0x8004BB4C] <- 0x00000002


mem[X,0x80041E38] -> 0xB537
mem[X,0x80041E3A] -> 0x0000
[6183] [M]: 0x80041E38 (0x0000B537) lui a0, 11
x10 <- 0x0000B000


mem[X,0x80041E3C] -> 0x0513
mem[X,0x80041E3E] -> 0x5055
[6184] [M]: 0x80041E3C (0x50550513) addi a0, a0, 1285
x10 <- 0x0000B505


mem[X,0x80041E40] -> 0x0593
mem[X,0x80041E42] -> 0x0020
[6185] [M]: 0x80041E40 (0x00200593) addi a1, zero, 2
x11 <- 0x00000002


mem[X,0x80041E44] -> 0x0193
mem[X,0x80041E46] -> 0x0000
[6186] [M]: 0x80041E44 (0x00000193) addi gp, zero, 0
x3 <- 0x00000000


mem[X,0x80041E48] -> 0x006F
mem[X,0x80041E4A] -> 0x00C0
[6187] [M]: 0x80041E48 (0x00C0006F) jal zero, 12


mem[X,0x80041E54] -> 0x7CE3
mem[X,0x80041E56] -> 0xFEB5
[6188] [M]: 0x80041E54 (0xFEB57CE3) bgeu a0, a1, 8184


mem[X,0x80041E4C] -> 0x8193
mem[X,0x80041E4E] -> 0x0011
[6189] [M]: 0x80041E4C (0x00118193) addi gp, gp, 1
x3 <- 0x00000001


mem[X,0x80041E50] -> 0x006F
mem[X,0x80041E52] -> 0x0180
[6190] [M]: 0x80041E50 (0x0180006F) jal zero, 24


mem[X,0x80041E68] -> 0x2623
mem[X,0x80041E6A] -> 0x1E31
[6191] [M]: 0x80041E68 (0x1E312623) sw gp, 492(sp)
mem[0x8004BB50] <- 0x00000001


mem[X,0x80041E6C] -> 0xB537
mem[X,0x80041E6E] -> 0x0000
[6192] [M]: 0x80041E6C (0x0000B537) lui a0, 11
x10 <- 0x0000B000


mem[X,0x80041E70] -> 0x0513
mem[X,0x80041E72] -> 0x5055
[6193] [M]: 0x80041E70 (0x50550513) addi a0, a0, 1285
x10 <- 0x0000B505


mem[X,0x80041E74] -> 0x55B7
mem[X,0x80041E76] -> 0x5555
[6194] [M]: 0x80041E74 (0x555555B7) lui a1, 349525
x11 <- 0x55555000


mem[X,0x80041E78] -> 0x8593
mem[X,0x80041E7A] -> 0x5545
[6195] [M]: 0x80041E78 (0x55458593) addi a1, a1, 1364
x11 <- 0x55555554


mem[X,0x80041E7C] -> 0x0193
mem[X,0x80041E7E] -> 0x0000
[6196] [M]: 0x80041E7C (0x00000193) addi gp, zero, 0
x3 <- 0x00000000


mem[X,0x80041E80] -> 0x006F
mem[X,0x80041E82] -> 0x00C0
[6197] [M]: 0x80041E80 (0x00C0006F) jal zero, 12


mem[X,0x80041E8C] -> 0x7063
mem[X,0x80041E8E] -> 0x04B5
[6198] [M]: 0x80041E8C (0x04B57063) bgeu a0, a1, 64


mem[X,0x80041E90] -> 0x8193
mem[X,0x80041E92] -> 0x0021
[6199] [M]: 0x80041E90 (0x00218193) addi gp, gp, 2
x3 <- 0x00000002


clint::tick mtime <- 0x000000000000003E
 clint timer pending at mtime 0x000000000000003E
htif::tick 0x0000000000000000
mem[X,0x80041E94] -> 0x006F
mem[X,0x80041E96] -> 0x0400
[6200] [M]: 0x80041E94 (0x0400006F) jal zero, 64


mem[X,0x80041ED4] -> 0x2823
mem[X,0x80041ED6] -> 0x1E31
[6201] [M]: 0x80041ED4 (0x1E312823) sw gp, 496(sp)
mem[0x8004BB54] <- 0x00000002


mem[X,0x80041ED8] -> 0xB537
mem[X,0x80041EDA] -> 0x0000
[6202] [M]: 0x80041ED8 (0x0000B537) lui a0, 11
x10 <- 0x0000B000


mem[X,0x80041EDC] -> 0x0513
mem[X,0x80041EDE] -> 0x5055
[6203] [M]: 0x80041EDC (0x50550513) addi a0, a0, 1285
x10 <- 0x0000B505


mem[X,0x80041EE0] -> 0xB5B7
mem[X,0x80041EE2] -> 0xAAAA
[6204] [M]: 0x80041EE0 (0xAAAAB5B7) lui a1, 699051
x11 <- 0xAAAAB000


mem[X,0x80041EE4] -> 0x8593
mem[X,0x80041EE6] -> 0xAA95
[6205] [M]: 0x80041EE4 (0xAA958593) addi a1, a1, 2729
x11 <- 0xAAAAAAA9


mem[X,0x80041EE8] -> 0x0193
mem[X,0x80041EEA] -> 0x0000
[6206] [M]: 0x80041EE8 (0x00000193) addi gp, zero, 0
x3 <- 0x00000000


mem[X,0x80041EEC] -> 0x006F
mem[X,0x80041EEE] -> 0x00C0
[6207] [M]: 0x80041EEC (0x00C0006F) jal zero, 12


mem[X,0x80041EF8] -> 0x7663
mem[X,0x80041EFA] -> 0x00B5
[6208] [M]: 0x80041EF8 (0x00B57663) bgeu a0, a1, 12


mem[X,0x80041EFC] -> 0x8193
mem[X,0x80041EFE] -> 0x0021
[6209] [M]: 0x80041EFC (0x00218193) addi gp, gp, 2
x3 <- 0x00000002


mem[X,0x80041F00] -> 0x006F
mem[X,0x80041F02] -> 0x00C0
[6210] [M]: 0x80041F00 (0x00C0006F) jal zero, 12


mem[X,0x80041F0C] -> 0x2A23
mem[X,0x80041F0E] -> 0x1E31
[6211] [M]: 0x80041F0C (0x1E312A23) sw gp, 500(sp)
mem[0x8004BB58] <- 0x00000002


mem[X,0x80041F10] -> 0xB537
mem[X,0x80041F12] -> 0x0000
[6212] [M]: 0x80041F10 (0x0000B537) lui a0, 11
x10 <- 0x0000B000


mem[X,0x80041F14] -> 0x0513
mem[X,0x80041F16] -> 0x5055
[6213] [M]: 0x80041F14 (0x50550513) addi a0, a0, 1285
x10 <- 0x0000B505


mem[X,0x80041F18] -> 0x0593
mem[X,0x80041F1A] -> 0x0040
[6214] [M]: 0x80041F18 (0x00400593) addi a1, zero, 4
x11 <- 0x00000004


mem[X,0x80041F1C] -> 0x0193
mem[X,0x80041F1E] -> 0x0000
[6215] [M]: 0x80041F1C (0x00000193) addi gp, zero, 0
x3 <- 0x00000000


mem[X,0x80041F20] -> 0x006F
mem[X,0x80041F22] -> 0x00C0
[6216] [M]: 0x80041F20 (0x00C0006F) jal zero, 12


mem[X,0x80041F2C] -> 0x7863
mem[X,0x80041F2E] -> 0x00B5
[6217] [M]: 0x80041F2C (0x00B57863) bgeu a0, a1, 16


mem[X,0x80041F3C] -> 0x8193
mem[X,0x80041F3E] -> 0x0031
[6218] [M]: 0x80041F3C (0x00318193) addi gp, gp, 3
x3 <- 0x00000003


mem[X,0x80041F40] -> 0x006F
mem[X,0x80041F42] -> 0x0040
[6219] [M]: 0x80041F40 (0x0040006F) jal zero, 4


mem[X,0x80041F44] -> 0x2C23
mem[X,0x80041F46] -> 0x1E31
[6220] [M]: 0x80041F44 (0x1E312C23) sw gp, 504(sp)
mem[0x8004BB5C] <- 0x00000003


mem[X,0x80041F48] -> 0xB537
mem[X,0x80041F4A] -> 0x0000
[6221] [M]: 0x80041F48 (0x0000B537) lui a0, 11
x10 <- 0x0000B000


mem[X,0x80041F4C] -> 0x0513
mem[X,0x80041F4E] -> 0x5055
[6222] [M]: 0x80041F4C (0x50550513) addi a0, a0, 1285
x10 <- 0x0000B505


mem[X,0x80041F50] -> 0x35B7
mem[X,0x80041F52] -> 0x3333
[6223] [M]: 0x80041F50 (0x333335B7) lui a1, 209715
x11 <- 0x33333000


mem[X,0x80041F54] -> 0x8593
mem[X,0x80041F56] -> 0x3325
[6224] [M]: 0x80041F54 (0x33258593) addi a1, a1, 818
x11 <- 0x33333332


mem[X,0x80041F58] -> 0x0193
mem[X,0x80041F5A] -> 0x0000
[6225] [M]: 0x80041F58 (0x00000193) addi gp, zero, 0
x3 <- 0x00000000


mem[X,0x80041F5C] -> 0x006F
mem[X,0x80041F5E] -> 0x00C0
[6226] [M]: 0x80041F5C (0x00C0006F) jal zero, 12


mem[X,0x80041F68] -> 0x7CE3
mem[X,0x80041F6A] -> 0xFEB5
[6227] [M]: 0x80041F68 (0xFEB57CE3) bgeu a0, a1, 8184


mem[X,0x80041F6C] -> 0x8193
mem[X,0x80041F6E] -> 0x0021
[6228] [M]: 0x80041F6C (0x00218193) addi gp, gp, 2
x3 <- 0x00000002


mem[X,0x80041F70] -> 0x006F
mem[X,0x80041F72] -> 0x00C0
[6229] [M]: 0x80041F70 (0x00C0006F) jal zero, 12


mem[X,0x80041F7C] -> 0x2E23
mem[X,0x80041F7E] -> 0x1E31
[6230] [M]: 0x80041F7C (0x1E312E23) sw gp, 508(sp)
mem[0x8004BB60] <- 0x00000002


mem[X,0x80041F80] -> 0xB537
mem[X,0x80041F82] -> 0x0000
[6231] [M]: 0x80041F80 (0x0000B537) lui a0, 11
x10 <- 0x0000B000


mem[X,0x80041F84] -> 0x0513
mem[X,0x80041F86] -> 0x5055
[6232] [M]: 0x80041F84 (0x50550513) addi a0, a0, 1285
x10 <- 0x0000B505


mem[X,0x80041F88] -> 0x65B7
mem[X,0x80041F8A] -> 0x6666
[6233] [M]: 0x80041F88 (0x666665B7) lui a1, 419430
x11 <- 0x66666000


mem[X,0x80041F8C] -> 0x8593
mem[X,0x80041F8E] -> 0x6655
[6234] [M]: 0x80041F8C (0x66558593) addi a1, a1, 1637
x11 <- 0x66666665


mem[X,0x80041F90] -> 0x0193
mem[X,0x80041F92] -> 0x0000
[6235] [M]: 0x80041F90 (0x00000193) addi gp, zero, 0
x3 <- 0x00000000


mem[X,0x80041F94] -> 0x006F
mem[X,0x80041F96] -> 0x0050
[6236] [M]: 0x80041F94 (0x0050006F) jal zero, 2052


mem[X,0x80042798] -> 0x70E3
mem[X,0x8004279A] -> 0x80B5
[6237] [M]: 0x80042798 (0x80B570E3) bgeu a0, a1, 6144


mem[X,0x8004279C] -> 0x8193
mem[X,0x8004279E] -> 0x0021
[6238] [M]: 0x8004279C (0x00218193) addi gp, gp, 2
x3 <- 0x00000002


mem[X,0x800427A0] -> 0x006F
mem[X,0x800427A2] -> 0x00C0
[6239] [M]: 0x800427A0 (0x00C0006F) jal zero, 12


mem[X,0x800427AC] -> 0x2023
mem[X,0x800427AE] -> 0x2031
[6240] [M]: 0x800427AC (0x20312023) sw gp, 512(sp)
mem[0x8004BB64] <- 0x00000002


mem[X,0x800427B0] -> 0xB537
mem[X,0x800427B2] -> 0x0000
[6241] [M]: 0x800427B0 (0x0000B537) lui a0, 11
x10 <- 0x0000B000


mem[X,0x800427B4] -> 0x0513
mem[X,0x800427B6] -> 0x5055
[6242] [M]: 0x800427B4 (0x50550513) addi a0, a0, 1285
x10 <- 0x0000B505


mem[X,0x800427B8] -> 0xB5B7
mem[X,0x800427BA] -> 0x0000
[6243] [M]: 0x800427B8 (0x0000B5B7) lui a1, 11
x11 <- 0x0000B000


mem[X,0x800427BC] -> 0x8593
mem[X,0x800427BE] -> 0x5035
[6244] [M]: 0x800427BC (0x50358593) addi a1, a1, 1283
x11 <- 0x0000B503


mem[X,0x800427C0] -> 0x0193
mem[X,0x800427C2] -> 0x0000
[6245] [M]: 0x800427C0 (0x00000193) addi gp, zero, 0
x3 <- 0x00000000


mem[X,0x800427C4] -> 0x006F
mem[X,0x800427C6] -> 0x0050
[6246] [M]: 0x800427C4 (0x0050006F) jal zero, 2052


mem[X,0x80042FC8] -> 0x70E3
mem[X,0x80042FCA] -> 0x80B5
[6247] [M]: 0x80042FC8 (0x80B570E3) bgeu a0, a1, 6144


mem[X,0x800427C8] -> 0x8193
mem[X,0x800427CA] -> 0x0011
[6248] [M]: 0x800427C8 (0x00118193) addi gp, gp, 1
x3 <- 0x00000001


mem[X,0x800427CC] -> 0x006F
mem[X,0x800427CE] -> 0x0110
[6249] [M]: 0x800427CC (0x0110006F) jal zero, 2064


mem[X,0x80042FDC] -> 0x2223
mem[X,0x80042FDE] -> 0x2031
[6250] [M]: 0x80042FDC (0x20312223) sw gp, 516(sp)
mem[0x8004BB68] <- 0x00000001


mem[X,0x80042FE0] -> 0xB537
mem[X,0x80042FE2] -> 0x0000
[6251] [M]: 0x80042FE0 (0x0000B537) lui a0, 11
x10 <- 0x0000B000


mem[X,0x80042FE4] -> 0x0513
mem[X,0x80042FE6] -> 0x5055
[6252] [M]: 0x80042FE4 (0x50550513) addi a0, a0, 1285
x10 <- 0x0000B505


mem[X,0x80042FE8] -> 0x05B7
mem[X,0x80042FEA] -> 0x0001
[6253] [M]: 0x80042FE8 (0x000105B7) lui a1, 16
x11 <- 0x00010000


mem[X,0x80042FEC] -> 0x8593
mem[X,0x80042FEE] -> 0xFFE5
[6254] [M]: 0x80042FEC (0xFFE58593) addi a1, a1, 4094
x11 <- 0x0000FFFE


mem[X,0x80042FF0] -> 0x0193
mem[X,0x80042FF2] -> 0x0000
[6255] [M]: 0x80042FF0 (0x00000193) addi gp, zero, 0
x3 <- 0x00000000


mem[X,0x80042FF4] -> 0x006F
mem[X,0x80042FF6] -> 0x00C0
[6256] [M]: 0x80042FF4 (0x00C0006F) jal zero, 12


mem[X,0x80043000] -> 0x7063
mem[X,0x80043002] -> 0x02B5
[6257] [M]: 0x80043000 (0x02B57063) bgeu a0, a1, 32


mem[X,0x80043004] -> 0x8193
mem[X,0x80043006] -> 0x0021
[6258] [M]: 0x80043004 (0x00218193) addi gp, gp, 2
x3 <- 0x00000002


mem[X,0x80043008] -> 0x006F
mem[X,0x8004300A] -> 0x0200
[6259] [M]: 0x80043008 (0x0200006F) jal zero, 32


mem[X,0x80043028] -> 0x2423
mem[X,0x8004302A] -> 0x2031
[6260] [M]: 0x80043028 (0x20312423) sw gp, 520(sp)
mem[0x8004BB6C] <- 0x00000002


mem[X,0x8004302C] -> 0xB537
mem[X,0x8004302E] -> 0x0000
[6261] [M]: 0x8004302C (0x0000B537) lui a0, 11
x10 <- 0x0000B000


mem[X,0x80043030] -> 0x0513
mem[X,0x80043032] -> 0x5055
[6262] [M]: 0x80043030 (0x50550513) addi a0, a0, 1285
x10 <- 0x0000B505


mem[X,0x80043034] -> 0x55B7
mem[X,0x80043036] -> 0x5555
[6263] [M]: 0x80043034 (0x555555B7) lui a1, 349525
x11 <- 0x55555000


mem[X,0x80043038] -> 0x8593
mem[X,0x8004303A] -> 0x5565
[6264] [M]: 0x80043038 (0x55658593) addi a1, a1, 1366
x11 <- 0x55555556


mem[X,0x8004303C] -> 0x0193
mem[X,0x8004303E] -> 0x0000
[6265] [M]: 0x8004303C (0x00000193) addi gp, zero, 0
x3 <- 0x00000000


mem[X,0x80043040] -> 0x006F
mem[X,0x80043042] -> 0x00C0
[6266] [M]: 0x80043040 (0x00C0006F) jal zero, 12


mem[X,0x8004304C] -> 0x7063
mem[X,0x8004304E] -> 0x02B5
[6267] [M]: 0x8004304C (0x02B57063) bgeu a0, a1, 32


mem[X,0x80043050] -> 0x8193
mem[X,0x80043052] -> 0x0021
[6268] [M]: 0x80043050 (0x00218193) addi gp, gp, 2
x3 <- 0x00000002


mem[X,0x80043054] -> 0x006F
mem[X,0x80043056] -> 0x0200
[6269] [M]: 0x80043054 (0x0200006F) jal zero, 32


mem[X,0x80043074] -> 0x2623
mem[X,0x80043076] -> 0x2031
[6270] [M]: 0x80043074 (0x20312623) sw gp, 524(sp)
mem[0x8004BB70] <- 0x00000002


mem[X,0x80043078] -> 0xB537
mem[X,0x8004307A] -> 0x0000
[6271] [M]: 0x80043078 (0x0000B537) lui a0, 11
x10 <- 0x0000B000


mem[X,0x8004307C] -> 0x0513
mem[X,0x8004307E] -> 0x5055
[6272] [M]: 0x8004307C (0x50550513) addi a0, a0, 1285
x10 <- 0x0000B505


mem[X,0x80043080] -> 0xB5B7
mem[X,0x80043082] -> 0xAAAA
[6273] [M]: 0x80043080 (0xAAAAB5B7) lui a1, 699051
x11 <- 0xAAAAB000


mem[X,0x80043084] -> 0x8593
mem[X,0x80043086] -> 0xAAB5
[6274] [M]: 0x80043084 (0xAAB58593) addi a1, a1, 2731
x11 <- 0xAAAAAAAB


mem[X,0x80043088] -> 0x0193
mem[X,0x8004308A] -> 0x0000
[6275] [M]: 0x80043088 (0x00000193) addi gp, zero, 0
x3 <- 0x00000000


mem[X,0x8004308C] -> 0x006F
mem[X,0x8004308E] -> 0x00C0
[6276] [M]: 0x8004308C (0x00C0006F) jal zero, 12


mem[X,0x80043098] -> 0x7CE3
mem[X,0x8004309A] -> 0xFEB5
[6277] [M]: 0x80043098 (0xFEB57CE3) bgeu a0, a1, 8184


mem[X,0x8004309C] -> 0x8193
mem[X,0x8004309E] -> 0x0021
[6278] [M]: 0x8004309C (0x00218193) addi gp, gp, 2
x3 <- 0x00000002


mem[X,0x800430A0] -> 0x006F
mem[X,0x800430A2] -> 0x00C0
[6279] [M]: 0x800430A0 (0x00C0006F) jal zero, 12


mem[X,0x800430AC] -> 0x2823
mem[X,0x800430AE] -> 0x2031
[6280] [M]: 0x800430AC (0x20312823) sw gp, 528(sp)
mem[0x8004BB74] <- 0x00000002


mem[X,0x800430B0] -> 0xB537
mem[X,0x800430B2] -> 0x0000
[6281] [M]: 0x800430B0 (0x0000B537) lui a0, 11
x10 <- 0x0000B000


mem[X,0x800430B4] -> 0x0513
mem[X,0x800430B6] -> 0x5055
[6282] [M]: 0x800430B4 (0x50550513) addi a0, a0, 1285
x10 <- 0x0000B505


mem[X,0x800430B8] -> 0x0593
mem[X,0x800430BA] -> 0x0060
[6283] [M]: 0x800430B8 (0x00600593) addi a1, zero, 6
x11 <- 0x00000006


mem[X,0x800430BC] -> 0x0193
mem[X,0x800430BE] -> 0x0000
[6284] [M]: 0x800430BC (0x00000193) addi gp, zero, 0
x3 <- 0x00000000


mem[X,0x800430C0] -> 0x006F
mem[X,0x800430C2] -> 0x00C0
[6285] [M]: 0x800430C0 (0x00C0006F) jal zero, 12


mem[X,0x800430CC] -> 0x7CE3
mem[X,0x800430CE] -> 0xFEB5
[6286] [M]: 0x800430CC (0xFEB57CE3) bgeu a0, a1, 8184


mem[X,0x800430C4] -> 0x8193
mem[X,0x800430C6] -> 0x0011
[6287] [M]: 0x800430C4 (0x00118193) addi gp, gp, 1
x3 <- 0x00000001


mem[X,0x800430C8] -> 0x006F
mem[X,0x800430CA] -> 0x0180
[6288] [M]: 0x800430C8 (0x0180006F) jal zero, 24


mem[X,0x800430E0] -> 0x2A23
mem[X,0x800430E2] -> 0x2031
[6289] [M]: 0x800430E0 (0x20312A23) sw gp, 532(sp)
mem[0x8004BB78] <- 0x00000001


mem[X,0x800430E4] -> 0xB537
mem[X,0x800430E6] -> 0x0000
[6290] [M]: 0x800430E4 (0x0000B537) lui a0, 11
x10 <- 0x0000B000


mem[X,0x800430E8] -> 0x0513
mem[X,0x800430EA] -> 0x5055
[6291] [M]: 0x800430E8 (0x50550513) addi a0, a0, 1285
x10 <- 0x0000B505


mem[X,0x800430EC] -> 0x35B7
mem[X,0x800430EE] -> 0x3333
[6292] [M]: 0x800430EC (0x333335B7) lui a1, 209715
x11 <- 0x33333000


mem[X,0x800430F0] -> 0x8593
mem[X,0x800430F2] -> 0x3345
[6293] [M]: 0x800430F0 (0x33458593) addi a1, a1, 820
x11 <- 0x33333334


mem[X,0x800430F4] -> 0x0193
mem[X,0x800430F6] -> 0x0000
[6294] [M]: 0x800430F4 (0x00000193) addi gp, zero, 0
x3 <- 0x00000000


mem[X,0x800430F8] -> 0x006F
mem[X,0x800430FA] -> 0x00C0
[6295] [M]: 0x800430F8 (0x00C0006F) jal zero, 12


mem[X,0x80043104] -> 0x7663
mem[X,0x80043106] -> 0x00B5
[6296] [M]: 0x80043104 (0x00B57663) bgeu a0, a1, 12


mem[X,0x80043108] -> 0x8193
mem[X,0x8004310A] -> 0x0021
[6297] [M]: 0x80043108 (0x00218193) addi gp, gp, 2
x3 <- 0x00000002


mem[X,0x8004310C] -> 0x006F
mem[X,0x8004310E] -> 0x00C0
[6298] [M]: 0x8004310C (0x00C0006F) jal zero, 12


mem[X,0x80043118] -> 0x2C23
mem[X,0x8004311A] -> 0x2031
[6299] [M]: 0x80043118 (0x20312C23) sw gp, 536(sp)
mem[0x8004BB7C] <- 0x00000002


clint::tick mtime <- 0x000000000000003F
 clint timer pending at mtime 0x000000000000003F
htif::tick 0x0000000000000000
mem[X,0x8004311C] -> 0xB537
mem[X,0x8004311E] -> 0x0000
[6300] [M]: 0x8004311C (0x0000B537) lui a0, 11
x10 <- 0x0000B000


mem[X,0x80043120] -> 0x0513
mem[X,0x80043122] -> 0x5055
[6301] [M]: 0x80043120 (0x50550513) addi a0, a0, 1285
x10 <- 0x0000B505


mem[X,0x80043124] -> 0x65B7
mem[X,0x80043126] -> 0x6666
[6302] [M]: 0x80043124 (0x666665B7) lui a1, 419430
x11 <- 0x66666000


mem[X,0x80043128] -> 0x8593
mem[X,0x8004312A] -> 0x6675
[6303] [M]: 0x80043128 (0x66758593) addi a1, a1, 1639
x11 <- 0x66666667


mem[X,0x8004312C] -> 0x0193
mem[X,0x8004312E] -> 0x0000
[6304] [M]: 0x8004312C (0x00000193) addi gp, zero, 0
x3 <- 0x00000000


mem[X,0x80043130] -> 0x006F
mem[X,0x80043132] -> 0x00C0
[6305] [M]: 0x80043130 (0x00C0006F) jal zero, 12


mem[X,0x8004313C] -> 0x7063
mem[X,0x8004313E] -> 0x04B5
[6306] [M]: 0x8004313C (0x04B57063) bgeu a0, a1, 64


mem[X,0x80043140] -> 0x8193
mem[X,0x80043142] -> 0x0021
[6307] [M]: 0x80043140 (0x00218193) addi gp, gp, 2
x3 <- 0x00000002


mem[X,0x80043144] -> 0x006F
mem[X,0x80043146] -> 0x0400
[6308] [M]: 0x80043144 (0x0400006F) jal zero, 64


mem[X,0x80043184] -> 0x2E23
mem[X,0x80043186] -> 0x2031
[6309] [M]: 0x80043184 (0x20312E23) sw gp, 540(sp)
mem[0x8004BB80] <- 0x00000002


mem[X,0x80043188] -> 0xB537
mem[X,0x8004318A] -> 0x0000
[6310] [M]: 0x80043188 (0x0000B537) lui a0, 11
x10 <- 0x0000B000


mem[X,0x8004318C] -> 0x0513
mem[X,0x8004318E] -> 0x5055
[6311] [M]: 0x8004318C (0x50550513) addi a0, a0, 1285
x10 <- 0x0000B505


mem[X,0x80043190] -> 0xB5B7
mem[X,0x80043192] -> 0x0000
[6312] [M]: 0x80043190 (0x0000B5B7) lui a1, 11
x11 <- 0x0000B000


mem[X,0x80043194] -> 0x8593
mem[X,0x80043196] -> 0x5055
[6313] [M]: 0x80043194 (0x50558593) addi a1, a1, 1285
x11 <- 0x0000B505


mem[X,0x80043198] -> 0x0193
mem[X,0x8004319A] -> 0x0000
[6314] [M]: 0x80043198 (0x00000193) addi gp, zero, 0
x3 <- 0x00000000


mem[X,0x8004319C] -> 0x006F
mem[X,0x8004319E] -> 0x00C0
[6315] [M]: 0x8004319C (0x00C0006F) jal zero, 12


mem[X,0x800431A8] -> 0x7063
mem[X,0x800431AA] -> 0x08B5
[6316] [M]: 0x800431A8 (0x08B57063) bgeu a0, a1, 128


mem[X,0x80043228] -> 0x8193
mem[X,0x8004322A] -> 0x0031
[6317] [M]: 0x80043228 (0x00318193) addi gp, gp, 3
x3 <- 0x00000003


mem[X,0x8004322C] -> 0x006F
mem[X,0x8004322E] -> 0x0040
[6318] [M]: 0x8004322C (0x0040006F) jal zero, 4


mem[X,0x80043230] -> 0x2023
mem[X,0x80043232] -> 0x2231
[6319] [M]: 0x80043230 (0x22312023) sw gp, 544(sp)
mem[0x8004BB84] <- 0x00000003


mem[X,0x80043234] -> 0xB537
mem[X,0x80043236] -> 0x0000
[6320] [M]: 0x80043234 (0x0000B537) lui a0, 11
x10 <- 0x0000B000


mem[X,0x80043238] -> 0x0513
mem[X,0x8004323A] -> 0x5055
[6321] [M]: 0x80043238 (0x50550513) addi a0, a0, 1285
x10 <- 0x0000B505


mem[X,0x8004323C] -> 0x0593
mem[X,0x8004323E] -> 0x0010
[6322] [M]: 0x8004323C (0x00100593) addi a1, zero, 1
x11 <- 0x00000001


mem[X,0x80043240] -> 0x0193
mem[X,0x80043242] -> 0x0000
[6323] [M]: 0x80043240 (0x00000193) addi gp, zero, 0
x3 <- 0x00000000


mem[X,0x80043244] -> 0x006F
mem[X,0x80043246] -> 0x00C0
[6324] [M]: 0x80043244 (0x00C0006F) jal zero, 12


mem[X,0x80043250] -> 0x7663
mem[X,0x80043252] -> 0x00B5
[6325] [M]: 0x80043250 (0x00B57663) bgeu a0, a1, 12


mem[X,0x8004325C] -> 0x8193
mem[X,0x8004325E] -> 0x0031
[6326] [M]: 0x8004325C (0x00318193) addi gp, gp, 3
x3 <- 0x00000003


mem[X,0x80043260] -> 0x006F
mem[X,0x80043262] -> 0x0040
[6327] [M]: 0x80043260 (0x0040006F) jal zero, 4


mem[X,0x80043264] -> 0x2223
mem[X,0x80043266] -> 0x2231
[6328] [M]: 0x80043264 (0x22312223) sw gp, 548(sp)
mem[0x8004BB88] <- 0x00000003


mem[X,0x80043268] -> 0xB537
mem[X,0x8004326A] -> 0x0000
[6329] [M]: 0x80043268 (0x0000B537) lui a0, 11
x10 <- 0x0000B000


mem[X,0x8004326C] -> 0x0513
mem[X,0x8004326E] -> 0x5055
[6330] [M]: 0x8004326C (0x50550513) addi a0, a0, 1285
x10 <- 0x0000B505


mem[X,0x80043270] -> 0x05B7
mem[X,0x80043272] -> 0x0001
[6331] [M]: 0x80043270 (0x000105B7) lui a1, 16
x11 <- 0x00010000


mem[X,0x80043274] -> 0x0193
mem[X,0x80043276] -> 0x0000
[6332] [M]: 0x80043274 (0x00000193) addi gp, zero, 0
x3 <- 0x00000000


mem[X,0x80043278] -> 0x006F
mem[X,0x8004327A] -> 0x0140
[6333] [M]: 0x80043278 (0x0140006F) jal zero, 20


mem[X,0x8004328C] -> 0x78E3
mem[X,0x8004328E] -> 0xFEB5
[6334] [M]: 0x8004328C (0xFEB578E3) bgeu a0, a1, 8176


mem[X,0x80043290] -> 0x8193
mem[X,0x80043292] -> 0x0021
[6335] [M]: 0x80043290 (0x00218193) addi gp, gp, 2
x3 <- 0x00000002


mem[X,0x80043294] -> 0x006F
mem[X,0x80043296] -> 0x00C0
[6336] [M]: 0x80043294 (0x00C0006F) jal zero, 12


mem[X,0x800432A0] -> 0x2423
mem[X,0x800432A2] -> 0x2231
[6337] [M]: 0x800432A0 (0x22312423) sw gp, 552(sp)
mem[0x8004BB8C] <- 0x00000002


mem[X,0x800432A4] -> 0x0513
mem[X,0x800432A6] -> 0x0010
[6338] [M]: 0x800432A4 (0x00100513) addi a0, zero, 1
x10 <- 0x00000001


mem[X,0x800432A8] -> 0x0593
mem[X,0x800432AA] -> 0x0030
[6339] [M]: 0x800432A8 (0x00300593) addi a1, zero, 3
x11 <- 0x00000003


mem[X,0x800432AC] -> 0x0193
mem[X,0x800432AE] -> 0x0000
[6340] [M]: 0x800432AC (0x00000193) addi gp, zero, 0
x3 <- 0x00000000


mem[X,0x800432B0] -> 0x006F
mem[X,0x800432B2] -> 0x00C0
[6341] [M]: 0x800432B0 (0x00C0006F) jal zero, 12


mem[X,0x800432BC] -> 0x7CE3
mem[X,0x800432BE] -> 0xFEB5
[6342] [M]: 0x800432BC (0xFEB57CE3) bgeu a0, a1, 8184


mem[X,0x800432C0] -> 0x8193
mem[X,0x800432C2] -> 0x0021
[6343] [M]: 0x800432C0 (0x00218193) addi gp, gp, 2
x3 <- 0x00000002


mem[X,0x800432C4] -> 0x006F
mem[X,0x800432C6] -> 0x00C0
[6344] [M]: 0x800432C4 (0x00C0006F) jal zero, 12


mem[X,0x800432D0] -> 0x2623
mem[X,0x800432D2] -> 0x2231
[6345] [M]: 0x800432D0 (0x22312623) sw gp, 556(sp)
mem[0x8004BB90] <- 0x00000002


mem[X,0x800432D4] -> 0x0513
mem[X,0x800432D6] -> 0x0010
[6346] [M]: 0x800432D4 (0x00100513) addi a0, zero, 1
x10 <- 0x00000001


mem[X,0x800432D8] -> 0x55B7
mem[X,0x800432DA] -> 0x5555
[6347] [M]: 0x800432D8 (0x555555B7) lui a1, 349525
x11 <- 0x55555000


mem[X,0x800432DC] -> 0x8593
mem[X,0x800432DE] -> 0x5555
[6348] [M]: 0x800432DC (0x55558593) addi a1, a1, 1365
x11 <- 0x55555555


mem[X,0x800432E0] -> 0x0193
mem[X,0x800432E2] -> 0x0000
[6349] [M]: 0x800432E0 (0x00000193) addi gp, zero, 0
x3 <- 0x00000000


mem[X,0x800432E4] -> 0x006F
mem[X,0x800432E6] -> 0x0180
[6350] [M]: 0x800432E4 (0x0180006F) jal zero, 24


mem[X,0x800432FC] -> 0x76E3
mem[X,0x800432FE] -> 0xFEB5
[6351] [M]: 0x800432FC (0xFEB576E3) bgeu a0, a1, 8172


mem[X,0x80043300] -> 0x8193
mem[X,0x80043302] -> 0x0021
[6352] [M]: 0x80043300 (0x00218193) addi gp, gp, 2
x3 <- 0x00000002


mem[X,0x80043304] -> 0x006F
mem[X,0x80043306] -> 0x00C0
[6353] [M]: 0x80043304 (0x00C0006F) jal zero, 12


mem[X,0x80043310] -> 0x2823
mem[X,0x80043312] -> 0x2231
[6354] [M]: 0x80043310 (0x22312823) sw gp, 560(sp)
mem[0x8004BB94] <- 0x00000002


mem[X,0x80043314] -> 0x0513
mem[X,0x80043316] -> 0x0010
[6355] [M]: 0x80043314 (0x00100513) addi a0, zero, 1
x10 <- 0x00000001


mem[X,0x80043318] -> 0xB5B7
mem[X,0x8004331A] -> 0xAAAA
[6356] [M]: 0x80043318 (0xAAAAB5B7) lui a1, 699051
x11 <- 0xAAAAB000


mem[X,0x8004331C] -> 0x8593
mem[X,0x8004331E] -> 0xAAA5
[6357] [M]: 0x8004331C (0xAAA58593) addi a1, a1, 2730
x11 <- 0xAAAAAAAA


mem[X,0x80043320] -> 0x0193
mem[X,0x80043322] -> 0x0000
[6358] [M]: 0x80043320 (0x00000193) addi gp, zero, 0
x3 <- 0x00000000


mem[X,0x80043324] -> 0x006F
mem[X,0x80043326] -> 0x00C0
[6359] [M]: 0x80043324 (0x00C0006F) jal zero, 12


mem[X,0x80043330] -> 0x7063
mem[X,0x80043332] -> 0x02B5
[6360] [M]: 0x80043330 (0x02B57063) bgeu a0, a1, 32


mem[X,0x80043334] -> 0x8193
mem[X,0x80043336] -> 0x0021
[6361] [M]: 0x80043334 (0x00218193) addi gp, gp, 2
x3 <- 0x00000002


mem[X,0x80043338] -> 0x006F
mem[X,0x8004333A] -> 0x0200
[6362] [M]: 0x80043338 (0x0200006F) jal zero, 32


mem[X,0x80043358] -> 0x2A23
mem[X,0x8004335A] -> 0x2231
[6363] [M]: 0x80043358 (0x22312A23) sw gp, 564(sp)
mem[0x8004BB98] <- 0x00000002


mem[X,0x8004335C] -> 0x0513
mem[X,0x8004335E] -> 0x0010
[6364] [M]: 0x8004335C (0x00100513) addi a0, zero, 1
x10 <- 0x00000001


mem[X,0x80043360] -> 0x0593
mem[X,0x80043362] -> 0x0050
[6365] [M]: 0x80043360 (0x00500593) addi a1, zero, 5
x11 <- 0x00000005


mem[X,0x80043364] -> 0x0193
mem[X,0x80043366] -> 0x0000
[6366] [M]: 0x80043364 (0x00000193) addi gp, zero, 0
x3 <- 0x00000000


mem[X,0x80043368] -> 0x006F
mem[X,0x8004336A] -> 0x00C0
[6367] [M]: 0x80043368 (0x00C0006F) jal zero, 12


mem[X,0x80043374] -> 0x7063
mem[X,0x80043376] -> 0x04B5
[6368] [M]: 0x80043374 (0x04B57063) bgeu a0, a1, 64


mem[X,0x80043378] -> 0x8193
mem[X,0x8004337A] -> 0x0021
[6369] [M]: 0x80043378 (0x00218193) addi gp, gp, 2
x3 <- 0x00000002


mem[X,0x8004337C] -> 0x006F
mem[X,0x8004337E] -> 0x0400
[6370] [M]: 0x8004337C (0x0400006F) jal zero, 64


mem[X,0x800433BC] -> 0x2C23
mem[X,0x800433BE] -> 0x2231
[6371] [M]: 0x800433BC (0x22312C23) sw gp, 568(sp)
mem[0x8004BB9C] <- 0x00000002


mem[X,0x800433C0] -> 0x0513
mem[X,0x800433C2] -> 0x0010
[6372] [M]: 0x800433C0 (0x00100513) addi a0, zero, 1
x10 <- 0x00000001


mem[X,0x800433C4] -> 0x35B7
mem[X,0x800433C6] -> 0x3333
[6373] [M]: 0x800433C4 (0x333335B7) lui a1, 209715
x11 <- 0x33333000


mem[X,0x800433C8] -> 0x8593
mem[X,0x800433CA] -> 0x3335
[6374] [M]: 0x800433C8 (0x33358593) addi a1, a1, 819
x11 <- 0x33333333


mem[X,0x800433CC] -> 0x0193
mem[X,0x800433CE] -> 0x0000
[6375] [M]: 0x800433CC (0x00000193) addi gp, zero, 0
x3 <- 0x00000000


mem[X,0x800433D0] -> 0x006F
mem[X,0x800433D2] -> 0x00C0
[6376] [M]: 0x800433D0 (0x00C0006F) jal zero, 12


mem[X,0x800433DC] -> 0x7663
mem[X,0x800433DE] -> 0x00B5
[6377] [M]: 0x800433DC (0x00B57663) bgeu a0, a1, 12


mem[X,0x800433E0] -> 0x8193
mem[X,0x800433E2] -> 0x0021
[6378] [M]: 0x800433E0 (0x00218193) addi gp, gp, 2
x3 <- 0x00000002


mem[X,0x800433E4] -> 0x006F
mem[X,0x800433E6] -> 0x00C0
[6379] [M]: 0x800433E4 (0x00C0006F) jal zero, 12


mem[X,0x800433F0] -> 0x2E23
mem[X,0x800433F2] -> 0x2231
[6380] [M]: 0x800433F0 (0x22312E23) sw gp, 572(sp)
mem[0x8004BBA0] <- 0x00000002


mem[X,0x800433F4] -> 0x0513
mem[X,0x800433F6] -> 0x0010
[6381] [M]: 0x800433F4 (0x00100513) addi a0, zero, 1
x10 <- 0x00000001


mem[X,0x800433F8] -> 0x65B7
mem[X,0x800433FA] -> 0x6666
[6382] [M]: 0x800433F8 (0x666665B7) lui a1, 419430
x11 <- 0x66666000


mem[X,0x800433FC] -> 0x8593
mem[X,0x800433FE] -> 0x6665
[6383] [M]: 0x800433FC (0x66658593) addi a1, a1, 1638
x11 <- 0x66666666


mem[X,0x80043400] -> 0x0193
mem[X,0x80043402] -> 0x0000
[6384] [M]: 0x80043400 (0x00000193) addi gp, zero, 0
x3 <- 0x00000000


mem[X,0x80043404] -> 0x006F
mem[X,0x80043406] -> 0x00C0
[6385] [M]: 0x80043404 (0x00C0006F) jal zero, 12


mem[X,0x80043410] -> 0x7CE3
mem[X,0x80043412] -> 0xFEB5
[6386] [M]: 0x80043410 (0xFEB57CE3) bgeu a0, a1, 8184


mem[X,0x80043414] -> 0x8193
mem[X,0x80043416] -> 0x0021
[6387] [M]: 0x80043414 (0x00218193) addi gp, gp, 2
x3 <- 0x00000002


mem[X,0x80043418] -> 0x006F
mem[X,0x8004341A] -> 0x00C0
[6388] [M]: 0x80043418 (0x00C0006F) jal zero, 12


mem[X,0x80043424] -> 0x2023
mem[X,0x80043426] -> 0x2431
[6389] [M]: 0x80043424 (0x24312023) sw gp, 576(sp)
mem[0x8004BBA4] <- 0x00000002


mem[X,0x80043428] -> 0x0513
mem[X,0x8004342A] -> 0x0010
[6390] [M]: 0x80043428 (0x00100513) addi a0, zero, 1
x10 <- 0x00000001


mem[X,0x8004342C] -> 0xB5B7
mem[X,0x8004342E] -> 0x0000
[6391] [M]: 0x8004342C (0x0000B5B7) lui a1, 11
x11 <- 0x0000B000


mem[X,0x80043430] -> 0x8593
mem[X,0x80043432] -> 0x5045
[6392] [M]: 0x80043430 (0x50458593) addi a1, a1, 1284
x11 <- 0x0000B504


mem[X,0x80043434] -> 0x0193
mem[X,0x80043436] -> 0x0000
[6393] [M]: 0x80043434 (0x00000193) addi gp, zero, 0
x3 <- 0x00000000


mem[X,0x80043438] -> 0x006F
mem[X,0x8004343A] -> 0x00C0
[6394] [M]: 0x80043438 (0x00C0006F) jal zero, 12


mem[X,0x80043444] -> 0x7063
mem[X,0x80043446] -> 0x10B5
[6395] [M]: 0x80043444 (0x10B57063) bgeu a0, a1, 256


mem[X,0x80043448] -> 0x8193
mem[X,0x8004344A] -> 0x0021
[6396] [M]: 0x80043448 (0x00218193) addi gp, gp, 2
x3 <- 0x00000002


mem[X,0x8004344C] -> 0x006F
mem[X,0x8004344E] -> 0x1000
[6397] [M]: 0x8004344C (0x1000006F) jal zero, 256


mem[X,0x8004354C] -> 0x2223
mem[X,0x8004354E] -> 0x2431
[6398] [M]: 0x8004354C (0x24312223) sw gp, 580(sp)
mem[0x8004BBA8] <- 0x00000002


mem[X,0x80043550] -> 0x0513
mem[X,0x80043552] -> 0x0010
[6399] [M]: 0x80043550 (0x00100513) addi a0, zero, 1
x10 <- 0x00000001


clint::tick mtime <- 0x0000000000000040
 clint timer pending at mtime 0x0000000000000040
htif::tick 0x0000000000000000
mem[X,0x80043554] -> 0x0593
mem[X,0x80043556] -> 0x0000
[6400] [M]: 0x80043554 (0x00000593) addi a1, zero, 0
x11 <- 0x00000000


mem[X,0x80043558] -> 0x0193
mem[X,0x8004355A] -> 0x0000
[6401] [M]: 0x80043558 (0x00000193) addi gp, zero, 0
x3 <- 0x00000000


mem[X,0x8004355C] -> 0x006F
mem[X,0x8004355E] -> 0x2B10
[6402] [M]: 0x8004355C (0x2B10006F) jal zero, 2736


mem[X,0x8004400C] -> 0x7A63
mem[X,0x8004400E] -> 0xD4B5
[6403] [M]: 0x8004400C (0xD4B57A63) bgeu a0, a1, 5460


mem[X,0x80043560] -> 0x8193
mem[X,0x80043562] -> 0x0011
[6404] [M]: 0x80043560 (0x00118193) addi gp, gp, 1
x3 <- 0x00000001


mem[X,0x80043564] -> 0x006F
mem[X,0x80043566] -> 0x2BD0
[6405] [M]: 0x80043564 (0x2BD0006F) jal zero, 2748


mem[X,0x80044020] -> 0x2423
mem[X,0x80044022] -> 0x2431
[6406] [M]: 0x80044020 (0x24312423) sw gp, 584(sp)
mem[0x8004BBAC] <- 0x00000001


mem[X,0x80044024] -> 0x0513
mem[X,0x80044026] -> 0x0010
[6407] [M]: 0x80044024 (0x00100513) addi a0, zero, 1
x10 <- 0x00000001


mem[X,0x80044028] -> 0x05B7
mem[X,0x8004402A] -> 0x0001
[6408] [M]: 0x80044028 (0x000105B7) lui a1, 16
x11 <- 0x00010000


mem[X,0x8004402C] -> 0x8593
mem[X,0x8004402E] -> 0xFFF5
[6409] [M]: 0x8004402C (0xFFF58593) addi a1, a1, 4095
x11 <- 0x0000FFFF


mem[X,0x80044030] -> 0x0193
mem[X,0x80044032] -> 0x0000
[6410] [M]: 0x80044030 (0x00000193) addi gp, zero, 0
x3 <- 0x00000000


mem[X,0x80044034] -> 0x006F
mem[X,0x80044036] -> 0x00C0
[6411] [M]: 0x80044034 (0x00C0006F) jal zero, 12


mem[X,0x80044040] -> 0x7663
mem[X,0x80044042] -> 0x00B5
[6412] [M]: 0x80044040 (0x00B57663) bgeu a0, a1, 12


mem[X,0x80044044] -> 0x8193
mem[X,0x80044046] -> 0x0021
[6413] [M]: 0x80044044 (0x00218193) addi gp, gp, 2
x3 <- 0x00000002


mem[X,0x80044048] -> 0x006F
mem[X,0x8004404A] -> 0x00C0
[6414] [M]: 0x80044048 (0x00C0006F) jal zero, 12


mem[X,0x80044054] -> 0x2623
mem[X,0x80044056] -> 0x2431
[6415] [M]: 0x80044054 (0x24312623) sw gp, 588(sp)
mem[0x8004BBB0] <- 0x00000002


mem[X,0x80044058] -> 0x0513
mem[X,0x8004405A] -> 0x0010
[6416] [M]: 0x80044058 (0x00100513) addi a0, zero, 1
x10 <- 0x00000001


mem[X,0x8004405C] -> 0x0593
mem[X,0x8004405E] -> 0x0020
[6417] [M]: 0x8004405C (0x00200593) addi a1, zero, 2
x11 <- 0x00000002


mem[X,0x80044060] -> 0x0193
mem[X,0x80044062] -> 0x0000
[6418] [M]: 0x80044060 (0x00000193) addi gp, zero, 0
x3 <- 0x00000000


mem[X,0x80044064] -> 0x006F
mem[X,0x80044066] -> 0x00C0
[6419] [M]: 0x80044064 (0x00C0006F) jal zero, 12


mem[X,0x80044070] -> 0x7063
mem[X,0x80044072] -> 0x10B5
[6420] [M]: 0x80044070 (0x10B57063) bgeu a0, a1, 256


mem[X,0x80044074] -> 0x8193
mem[X,0x80044076] -> 0x0021
[6421] [M]: 0x80044074 (0x00218193) addi gp, gp, 2
x3 <- 0x00000002


mem[X,0x80044078] -> 0x006F
mem[X,0x8004407A] -> 0x1000
[6422] [M]: 0x80044078 (0x1000006F) jal zero, 256


mem[X,0x80044178] -> 0x2823
mem[X,0x8004417A] -> 0x2431
[6423] [M]: 0x80044178 (0x24312823) sw gp, 592(sp)
mem[0x8004BBB4] <- 0x00000002


mem[X,0x8004417C] -> 0x0513
mem[X,0x8004417E] -> 0x0010
[6424] [M]: 0x8004417C (0x00100513) addi a0, zero, 1
x10 <- 0x00000001


mem[X,0x80044180] -> 0x55B7
mem[X,0x80044182] -> 0x5555
[6425] [M]: 0x80044180 (0x555555B7) lui a1, 349525
x11 <- 0x55555000


mem[X,0x80044184] -> 0x8593
mem[X,0x80044186] -> 0x5545
[6426] [M]: 0x80044184 (0x55458593) addi a1, a1, 1364
x11 <- 0x55555554


mem[X,0x80044188] -> 0x0193
mem[X,0x8004418A] -> 0x0000
[6427] [M]: 0x80044188 (0x00000193) addi gp, zero, 0
x3 <- 0x00000000


mem[X,0x8004418C] -> 0x006F
mem[X,0x8004418E] -> 0x00C0
[6428] [M]: 0x8004418C (0x00C0006F) jal zero, 12


mem[X,0x80044198] -> 0x7663
mem[X,0x8004419A] -> 0x00B5
[6429] [M]: 0x80044198 (0x00B57663) bgeu a0, a1, 12


mem[X,0x8004419C] -> 0x8193
mem[X,0x8004419E] -> 0x0021
[6430] [M]: 0x8004419C (0x00218193) addi gp, gp, 2
x3 <- 0x00000002


mem[X,0x800441A0] -> 0x006F
mem[X,0x800441A2] -> 0x00C0
[6431] [M]: 0x800441A0 (0x00C0006F) jal zero, 12


mem[X,0x800441AC] -> 0x2A23
mem[X,0x800441AE] -> 0x2431
[6432] [M]: 0x800441AC (0x24312A23) sw gp, 596(sp)
mem[0x8004BBB8] <- 0x00000002


mem[X,0x800441B0] -> 0x0513
mem[X,0x800441B2] -> 0x0010
[6433] [M]: 0x800441B0 (0x00100513) addi a0, zero, 1
x10 <- 0x00000001


mem[X,0x800441B4] -> 0xB5B7
mem[X,0x800441B6] -> 0xAAAA
[6434] [M]: 0x800441B4 (0xAAAAB5B7) lui a1, 699051
x11 <- 0xAAAAB000


mem[X,0x800441B8] -> 0x8593
mem[X,0x800441BA] -> 0xAA95
[6435] [M]: 0x800441B8 (0xAA958593) addi a1, a1, 2729
x11 <- 0xAAAAAAA9


mem[X,0x800441BC] -> 0x0193
mem[X,0x800441BE] -> 0x0000
[6436] [M]: 0x800441BC (0x00000193) addi gp, zero, 0
x3 <- 0x00000000


mem[X,0x800441C0] -> 0x006F
mem[X,0x800441C2] -> 0x0050
[6437] [M]: 0x800441C0 (0x0050006F) jal zero, 2052


mem[X,0x800449C4] -> 0x70E3
mem[X,0x800449C6] -> 0x80B5
[6438] [M]: 0x800449C4 (0x80B570E3) bgeu a0, a1, 6144


mem[X,0x800449C8] -> 0x8193
mem[X,0x800449CA] -> 0x0021
[6439] [M]: 0x800449C8 (0x00218193) addi gp, gp, 2
x3 <- 0x00000002


mem[X,0x800449CC] -> 0x006F
mem[X,0x800449CE] -> 0x00C0
[6440] [M]: 0x800449CC (0x00C0006F) jal zero, 12


mem[X,0x800449D8] -> 0x2C23
mem[X,0x800449DA] -> 0x2431
[6441] [M]: 0x800449D8 (0x24312C23) sw gp, 600(sp)
mem[0x8004BBBC] <- 0x00000002


mem[X,0x800449DC] -> 0x0513
mem[X,0x800449DE] -> 0x0010
[6442] [M]: 0x800449DC (0x00100513) addi a0, zero, 1
x10 <- 0x00000001


mem[X,0x800449E0] -> 0x0593
mem[X,0x800449E2] -> 0x0040
[6443] [M]: 0x800449E0 (0x00400593) addi a1, zero, 4
x11 <- 0x00000004


mem[X,0x800449E4] -> 0x0193
mem[X,0x800449E6] -> 0x0000
[6444] [M]: 0x800449E4 (0x00000193) addi gp, zero, 0
x3 <- 0x00000000


mem[X,0x800449E8] -> 0x006F
mem[X,0x800449EA] -> 0x00C0
[6445] [M]: 0x800449E8 (0x00C0006F) jal zero, 12


mem[X,0x800449F4] -> 0x7063
mem[X,0x800449F6] -> 0x08B5
[6446] [M]: 0x800449F4 (0x08B57063) bgeu a0, a1, 128


mem[X,0x800449F8] -> 0x8193
mem[X,0x800449FA] -> 0x0021
[6447] [M]: 0x800449F8 (0x00218193) addi gp, gp, 2
x3 <- 0x00000002


mem[X,0x800449FC] -> 0x006F
mem[X,0x800449FE] -> 0x0800
[6448] [M]: 0x800449FC (0x0800006F) jal zero, 128


mem[X,0x80044A7C] -> 0x2E23
mem[X,0x80044A7E] -> 0x2431
[6449] [M]: 0x80044A7C (0x24312E23) sw gp, 604(sp)
mem[0x8004BBC0] <- 0x00000002


mem[X,0x80044A80] -> 0x0513
mem[X,0x80044A82] -> 0x0010
[6450] [M]: 0x80044A80 (0x00100513) addi a0, zero, 1
x10 <- 0x00000001


mem[X,0x80044A84] -> 0x35B7
mem[X,0x80044A86] -> 0x3333
[6451] [M]: 0x80044A84 (0x333335B7) lui a1, 209715
x11 <- 0x33333000


mem[X,0x80044A88] -> 0x8593
mem[X,0x80044A8A] -> 0x3325
[6452] [M]: 0x80044A88 (0x33258593) addi a1, a1, 818
x11 <- 0x33333332


mem[X,0x80044A8C] -> 0x0193
mem[X,0x80044A8E] -> 0x0000
[6453] [M]: 0x80044A8C (0x00000193) addi gp, zero, 0
x3 <- 0x00000000


mem[X,0x80044A90] -> 0x006F
mem[X,0x80044A92] -> 0x00C0
[6454] [M]: 0x80044A90 (0x00C0006F) jal zero, 12


mem[X,0x80044A9C] -> 0x7063
mem[X,0x80044A9E] -> 0x40B5
[6455] [M]: 0x80044A9C (0x40B57063) bgeu a0, a1, 1024


mem[X,0x80044AA0] -> 0x8193
mem[X,0x80044AA2] -> 0x0021
[6456] [M]: 0x80044AA0 (0x00218193) addi gp, gp, 2
x3 <- 0x00000002


mem[X,0x80044AA4] -> 0x006F
mem[X,0x80044AA6] -> 0x4000
[6457] [M]: 0x80044AA4 (0x4000006F) jal zero, 1024


mem[X,0x80044EA4] -> 0x2023
mem[X,0x80044EA6] -> 0x2631
[6458] [M]: 0x80044EA4 (0x26312023) sw gp, 608(sp)
mem[0x8004BBC4] <- 0x00000002


mem[X,0x80044EA8] -> 0x0513
mem[X,0x80044EAA] -> 0x0010
[6459] [M]: 0x80044EA8 (0x00100513) addi a0, zero, 1
x10 <- 0x00000001


mem[X,0x80044EAC] -> 0x65B7
mem[X,0x80044EAE] -> 0x6666
[6460] [M]: 0x80044EAC (0x666665B7) lui a1, 419430
x11 <- 0x66666000


mem[X,0x80044EB0] -> 0x8593
mem[X,0x80044EB2] -> 0x6655
[6461] [M]: 0x80044EB0 (0x66558593) addi a1, a1, 1637
x11 <- 0x66666665


mem[X,0x80044EB4] -> 0x0193
mem[X,0x80044EB6] -> 0x0000
[6462] [M]: 0x80044EB4 (0x00000193) addi gp, zero, 0
x3 <- 0x00000000


mem[X,0x80044EB8] -> 0x006F
mem[X,0x80044EBA] -> 0x00C0
[6463] [M]: 0x80044EB8 (0x00C0006F) jal zero, 12


mem[X,0x80044EC4] -> 0x7063
mem[X,0x80044EC6] -> 0x10B5
[6464] [M]: 0x80044EC4 (0x10B57063) bgeu a0, a1, 256


mem[X,0x80044EC8] -> 0x8193
mem[X,0x80044ECA] -> 0x0021
[6465] [M]: 0x80044EC8 (0x00218193) addi gp, gp, 2
x3 <- 0x00000002


mem[X,0x80044ECC] -> 0x006F
mem[X,0x80044ECE] -> 0x1000
[6466] [M]: 0x80044ECC (0x1000006F) jal zero, 256


mem[X,0x80044FCC] -> 0x2223
mem[X,0x80044FCE] -> 0x2631
[6467] [M]: 0x80044FCC (0x26312223) sw gp, 612(sp)
mem[0x8004BBC8] <- 0x00000002


mem[X,0x80044FD0] -> 0x0513
mem[X,0x80044FD2] -> 0x0010
[6468] [M]: 0x80044FD0 (0x00100513) addi a0, zero, 1
x10 <- 0x00000001


mem[X,0x80044FD4] -> 0xB5B7
mem[X,0x80044FD6] -> 0x0000
[6469] [M]: 0x80044FD4 (0x0000B5B7) lui a1, 11
x11 <- 0x0000B000


mem[X,0x80044FD8] -> 0x8593
mem[X,0x80044FDA] -> 0x5035
[6470] [M]: 0x80044FD8 (0x50358593) addi a1, a1, 1283
x11 <- 0x0000B503


mem[X,0x80044FDC] -> 0x0193
mem[X,0x80044FDE] -> 0x0000
[6471] [M]: 0x80044FDC (0x00000193) addi gp, zero, 0
x3 <- 0x00000000


mem[X,0x80044FE0] -> 0x006F
mem[X,0x80044FE2] -> 0x00C0
[6472] [M]: 0x80044FE0 (0x00C0006F) jal zero, 12


mem[X,0x80044FEC] -> 0x7063
mem[X,0x80044FEE] -> 0x20B5
[6473] [M]: 0x80044FEC (0x20B57063) bgeu a0, a1, 512


mem[X,0x80044FF0] -> 0x8193
mem[X,0x80044FF2] -> 0x0021
[6474] [M]: 0x80044FF0 (0x00218193) addi gp, gp, 2
x3 <- 0x00000002


mem[X,0x80044FF4] -> 0x006F
mem[X,0x80044FF6] -> 0x2000
[6475] [M]: 0x80044FF4 (0x2000006F) jal zero, 512


mem[X,0x800451F4] -> 0x2423
mem[X,0x800451F6] -> 0x2631
[6476] [M]: 0x800451F4 (0x26312423) sw gp, 616(sp)
mem[0x8004BBCC] <- 0x00000002


mem[X,0x800451F8] -> 0x0513
mem[X,0x800451FA] -> 0x0010
[6477] [M]: 0x800451F8 (0x00100513) addi a0, zero, 1
x10 <- 0x00000001


mem[X,0x800451FC] -> 0x05B7
mem[X,0x800451FE] -> 0x0001
[6478] [M]: 0x800451FC (0x000105B7) lui a1, 16
x11 <- 0x00010000


mem[X,0x80045200] -> 0x8593
mem[X,0x80045202] -> 0xFFE5
[6479] [M]: 0x80045200 (0xFFE58593) addi a1, a1, 4094
x11 <- 0x0000FFFE


mem[X,0x80045204] -> 0x0193
mem[X,0x80045206] -> 0x0000
[6480] [M]: 0x80045204 (0x00000193) addi gp, zero, 0
x3 <- 0x00000000


mem[X,0x80045208] -> 0x006F
mem[X,0x8004520A] -> 0x0140
[6481] [M]: 0x80045208 (0x0140006F) jal zero, 20


mem[X,0x8004521C] -> 0x78E3
mem[X,0x8004521E] -> 0xFEB5
[6482] [M]: 0x8004521C (0xFEB578E3) bgeu a0, a1, 8176


mem[X,0x80045220] -> 0x8193
mem[X,0x80045222] -> 0x0021
[6483] [M]: 0x80045220 (0x00218193) addi gp, gp, 2
x3 <- 0x00000002


mem[X,0x80045224] -> 0x006F
mem[X,0x80045226] -> 0x00C0
[6484] [M]: 0x80045224 (0x00C0006F) jal zero, 12


mem[X,0x80045230] -> 0x2623
mem[X,0x80045232] -> 0x2631
[6485] [M]: 0x80045230 (0x26312623) sw gp, 620(sp)
mem[0x8004BBD0] <- 0x00000002


mem[X,0x80045234] -> 0x0513
mem[X,0x80045236] -> 0x0010
[6486] [M]: 0x80045234 (0x00100513) addi a0, zero, 1
x10 <- 0x00000001


mem[X,0x80045238] -> 0x55B7
mem[X,0x8004523A] -> 0x5555
[6487] [M]: 0x80045238 (0x555555B7) lui a1, 349525
x11 <- 0x55555000


mem[X,0x8004523C] -> 0x8593
mem[X,0x8004523E] -> 0x5565
[6488] [M]: 0x8004523C (0x55658593) addi a1, a1, 1366
x11 <- 0x55555556


mem[X,0x80045240] -> 0x0193
mem[X,0x80045242] -> 0x0000
[6489] [M]: 0x80045240 (0x00000193) addi gp, zero, 0
x3 <- 0x00000000


mem[X,0x80045244] -> 0x006F
mem[X,0x80045246] -> 0x00C0
[6490] [M]: 0x80045244 (0x00C0006F) jal zero, 12


mem[X,0x80045250] -> 0x7063
mem[X,0x80045252] -> 0x08B5
[6491] [M]: 0x80045250 (0x08B57063) bgeu a0, a1, 128


mem[X,0x80045254] -> 0x8193
mem[X,0x80045256] -> 0x0021
[6492] [M]: 0x80045254 (0x00218193) addi gp, gp, 2
x3 <- 0x00000002


mem[X,0x80045258] -> 0x006F
mem[X,0x8004525A] -> 0x0800
[6493] [M]: 0x80045258 (0x0800006F) jal zero, 128


mem[X,0x800452D8] -> 0x2823
mem[X,0x800452DA] -> 0x2631
[6494] [M]: 0x800452D8 (0x26312823) sw gp, 624(sp)
mem[0x8004BBD4] <- 0x00000002


mem[X,0x800452DC] -> 0x0513
mem[X,0x800452DE] -> 0x0010
[6495] [M]: 0x800452DC (0x00100513) addi a0, zero, 1
x10 <- 0x00000001


mem[X,0x800452E0] -> 0xB5B7
mem[X,0x800452E2] -> 0xAAAA
[6496] [M]: 0x800452E0 (0xAAAAB5B7) lui a1, 699051
x11 <- 0xAAAAB000


mem[X,0x800452E4] -> 0x8593
mem[X,0x800452E6] -> 0xAAB5
[6497] [M]: 0x800452E4 (0xAAB58593) addi a1, a1, 2731
x11 <- 0xAAAAAAAB


mem[X,0x800452E8] -> 0x0193
mem[X,0x800452EA] -> 0x0000
[6498] [M]: 0x800452E8 (0x00000193) addi gp, zero, 0
x3 <- 0x00000000


mem[X,0x800452EC] -> 0x006F
mem[X,0x800452EE] -> 0x00C0
[6499] [M]: 0x800452EC (0x00C0006F) jal zero, 12


clint::tick mtime <- 0x0000000000000041
 clint timer pending at mtime 0x0000000000000041
htif::tick 0x0000000000000000
mem[X,0x800452F8] -> 0x7663
mem[X,0x800452FA] -> 0x00B5
[6500] [M]: 0x800452F8 (0x00B57663) bgeu a0, a1, 12


mem[X,0x800452FC] -> 0x8193
mem[X,0x800452FE] -> 0x0021
[6501] [M]: 0x800452FC (0x00218193) addi gp, gp, 2
x3 <- 0x00000002


mem[X,0x80045300] -> 0x006F
mem[X,0x80045302] -> 0x00C0
[6502] [M]: 0x80045300 (0x00C0006F) jal zero, 12


mem[X,0x8004530C] -> 0x2A23
mem[X,0x8004530E] -> 0x2631
[6503] [M]: 0x8004530C (0x26312A23) sw gp, 628(sp)
mem[0x8004BBD8] <- 0x00000002


mem[X,0x80045310] -> 0x0513
mem[X,0x80045312] -> 0x0010
[6504] [M]: 0x80045310 (0x00100513) addi a0, zero, 1
x10 <- 0x00000001


mem[X,0x80045314] -> 0x0593
mem[X,0x80045316] -> 0x0060
[6505] [M]: 0x80045314 (0x00600593) addi a1, zero, 6
x11 <- 0x00000006


mem[X,0x80045318] -> 0x0193
mem[X,0x8004531A] -> 0x0000
[6506] [M]: 0x80045318 (0x00000193) addi gp, zero, 0
x3 <- 0x00000000


mem[X,0x8004531C] -> 0x006F
mem[X,0x8004531E] -> 0x00C0
[6507] [M]: 0x8004531C (0x00C0006F) jal zero, 12


mem[X,0x80045328] -> 0x7063
mem[X,0x8004532A] -> 0x02B5
[6508] [M]: 0x80045328 (0x02B57063) bgeu a0, a1, 32


mem[X,0x8004532C] -> 0x8193
mem[X,0x8004532E] -> 0x0021
[6509] [M]: 0x8004532C (0x00218193) addi gp, gp, 2
x3 <- 0x00000002


mem[X,0x80045330] -> 0x006F
mem[X,0x80045332] -> 0x0200
[6510] [M]: 0x80045330 (0x0200006F) jal zero, 32


mem[X,0x80045350] -> 0x2C23
mem[X,0x80045352] -> 0x2631
[6511] [M]: 0x80045350 (0x26312C23) sw gp, 632(sp)
mem[0x8004BBDC] <- 0x00000002


mem[X,0x80045354] -> 0x0513
mem[X,0x80045356] -> 0x0010
[6512] [M]: 0x80045354 (0x00100513) addi a0, zero, 1
x10 <- 0x00000001


mem[X,0x80045358] -> 0x35B7
mem[X,0x8004535A] -> 0x3333
[6513] [M]: 0x80045358 (0x333335B7) lui a1, 209715
x11 <- 0x33333000


mem[X,0x8004535C] -> 0x8593
mem[X,0x8004535E] -> 0x3345
[6514] [M]: 0x8004535C (0x33458593) addi a1, a1, 820
x11 <- 0x33333334


mem[X,0x80045360] -> 0x0193
mem[X,0x80045362] -> 0x0000
[6515] [M]: 0x80045360 (0x00000193) addi gp, zero, 0
x3 <- 0x00000000


mem[X,0x80045364] -> 0x006F
mem[X,0x80045366] -> 0x00C0
[6516] [M]: 0x80045364 (0x00C0006F) jal zero, 12


mem[X,0x80045370] -> 0x7663
mem[X,0x80045372] -> 0x00B5
[6517] [M]: 0x80045370 (0x00B57663) bgeu a0, a1, 12


mem[X,0x80045374] -> 0x8193
mem[X,0x80045376] -> 0x0021
[6518] [M]: 0x80045374 (0x00218193) addi gp, gp, 2
x3 <- 0x00000002


mem[X,0x80045378] -> 0x006F
mem[X,0x8004537A] -> 0x00C0
[6519] [M]: 0x80045378 (0x00C0006F) jal zero, 12


mem[X,0x80045384] -> 0x2E23
mem[X,0x80045386] -> 0x2631
[6520] [M]: 0x80045384 (0x26312E23) sw gp, 636(sp)
mem[0x8004BBE0] <- 0x00000002


mem[X,0x80045388] -> 0x0513
mem[X,0x8004538A] -> 0x0010
[6521] [M]: 0x80045388 (0x00100513) addi a0, zero, 1
x10 <- 0x00000001


mem[X,0x8004538C] -> 0x65B7
mem[X,0x8004538E] -> 0x6666
[6522] [M]: 0x8004538C (0x666665B7) lui a1, 419430
x11 <- 0x66666000


mem[X,0x80045390] -> 0x8593
mem[X,0x80045392] -> 0x6675
[6523] [M]: 0x80045390 (0x66758593) addi a1, a1, 1639
x11 <- 0x66666667


mem[X,0x80045394] -> 0x0193
mem[X,0x80045396] -> 0x0000
[6524] [M]: 0x80045394 (0x00000193) addi gp, zero, 0
x3 <- 0x00000000


mem[X,0x80045398] -> 0x006F
mem[X,0x8004539A] -> 0x00C0
[6525] [M]: 0x80045398 (0x00C0006F) jal zero, 12


mem[X,0x800453A4] -> 0x7663
mem[X,0x800453A6] -> 0x00B5
[6526] [M]: 0x800453A4 (0x00B57663) bgeu a0, a1, 12


mem[X,0x800453A8] -> 0x8193
mem[X,0x800453AA] -> 0x0021
[6527] [M]: 0x800453A8 (0x00218193) addi gp, gp, 2
x3 <- 0x00000002


mem[X,0x800453AC] -> 0x006F
mem[X,0x800453AE] -> 0x00C0
[6528] [M]: 0x800453AC (0x00C0006F) jal zero, 12


mem[X,0x800453B8] -> 0x2023
mem[X,0x800453BA] -> 0x2831
[6529] [M]: 0x800453B8 (0x28312023) sw gp, 640(sp)
mem[0x8004BBE4] <- 0x00000002


mem[X,0x800453BC] -> 0x0513
mem[X,0x800453BE] -> 0x0010
[6530] [M]: 0x800453BC (0x00100513) addi a0, zero, 1
x10 <- 0x00000001


mem[X,0x800453C0] -> 0xB5B7
mem[X,0x800453C2] -> 0x0000
[6531] [M]: 0x800453C0 (0x0000B5B7) lui a1, 11
x11 <- 0x0000B000


mem[X,0x800453C4] -> 0x8593
mem[X,0x800453C6] -> 0x5055
[6532] [M]: 0x800453C4 (0x50558593) addi a1, a1, 1285
x11 <- 0x0000B505


mem[X,0x800453C8] -> 0x0193
mem[X,0x800453CA] -> 0x0000
[6533] [M]: 0x800453C8 (0x00000193) addi gp, zero, 0
x3 <- 0x00000000


mem[X,0x800453CC] -> 0x006F
mem[X,0x800453CE] -> 0x00C0
[6534] [M]: 0x800453CC (0x00C0006F) jal zero, 12


mem[X,0x800453D8] -> 0x7663
mem[X,0x800453DA] -> 0x00B5
[6535] [M]: 0x800453D8 (0x00B57663) bgeu a0, a1, 12


mem[X,0x800453DC] -> 0x8193
mem[X,0x800453DE] -> 0x0021
[6536] [M]: 0x800453DC (0x00218193) addi gp, gp, 2
x3 <- 0x00000002


mem[X,0x800453E0] -> 0x006F
mem[X,0x800453E2] -> 0x00C0
[6537] [M]: 0x800453E0 (0x00C0006F) jal zero, 12


mem[X,0x800453EC] -> 0x2223
mem[X,0x800453EE] -> 0x2831
[6538] [M]: 0x800453EC (0x28312223) sw gp, 644(sp)
mem[0x8004BBE8] <- 0x00000002


mem[X,0x800453F0] -> 0x0513
mem[X,0x800453F2] -> 0x0010
[6539] [M]: 0x800453F0 (0x00100513) addi a0, zero, 1
x10 <- 0x00000001


mem[X,0x800453F4] -> 0x0593
mem[X,0x800453F6] -> 0x0010
[6540] [M]: 0x800453F4 (0x00100593) addi a1, zero, 1
x11 <- 0x00000001


mem[X,0x800453F8] -> 0x0193
mem[X,0x800453FA] -> 0x0000
[6541] [M]: 0x800453F8 (0x00000193) addi gp, zero, 0
x3 <- 0x00000000


mem[X,0x800453FC] -> 0x006F
mem[X,0x800453FE] -> 0x00C0
[6542] [M]: 0x800453FC (0x00C0006F) jal zero, 12


mem[X,0x80045408] -> 0x7663
mem[X,0x8004540A] -> 0x00B5
[6543] [M]: 0x80045408 (0x00B57663) bgeu a0, a1, 12


mem[X,0x80045414] -> 0x8193
mem[X,0x80045416] -> 0x0031
[6544] [M]: 0x80045414 (0x00318193) addi gp, gp, 3
x3 <- 0x00000003


mem[X,0x80045418] -> 0x006F
mem[X,0x8004541A] -> 0x0040
[6545] [M]: 0x80045418 (0x0040006F) jal zero, 4


mem[X,0x8004541C] -> 0x2423
mem[X,0x8004541E] -> 0x2831
[6546] [M]: 0x8004541C (0x28312423) sw gp, 648(sp)
mem[0x8004BBEC] <- 0x00000003


mem[X,0x80045420] -> 0x0513
mem[X,0x80045422] -> 0x0010
[6547] [M]: 0x80045420 (0x00100513) addi a0, zero, 1
x10 <- 0x00000001


mem[X,0x80045424] -> 0x05B7
mem[X,0x80045426] -> 0x0001
[6548] [M]: 0x80045424 (0x000105B7) lui a1, 16
x11 <- 0x00010000


mem[X,0x80045428] -> 0x0193
mem[X,0x8004542A] -> 0x0000
[6549] [M]: 0x80045428 (0x00000193) addi gp, zero, 0
x3 <- 0x00000000


mem[X,0x8004542C] -> 0x006F
mem[X,0x8004542E] -> 0x00C0
[6550] [M]: 0x8004542C (0x00C0006F) jal zero, 12


mem[X,0x80045438] -> 0x7CE3
mem[X,0x8004543A] -> 0xFEB5
[6551] [M]: 0x80045438 (0xFEB57CE3) bgeu a0, a1, 8184


mem[X,0x8004543C] -> 0x8193
mem[X,0x8004543E] -> 0x0021
[6552] [M]: 0x8004543C (0x00218193) addi gp, gp, 2
x3 <- 0x00000002


mem[X,0x80045440] -> 0x006F
mem[X,0x80045442] -> 0x00C0
[6553] [M]: 0x80045440 (0x00C0006F) jal zero, 12


mem[X,0x8004544C] -> 0x2623
mem[X,0x8004544E] -> 0x2831
[6554] [M]: 0x8004544C (0x28312623) sw gp, 652(sp)
mem[0x8004BBF0] <- 0x00000002


mem[X,0x80045450] -> 0x0537
mem[X,0x80045452] -> 0x0001
[6555] [M]: 0x80045450 (0x00010537) lui a0, 16
x10 <- 0x00010000


mem[X,0x80045454] -> 0x0593
mem[X,0x80045456] -> 0x0030
[6556] [M]: 0x80045454 (0x00300593) addi a1, zero, 3
x11 <- 0x00000003


mem[X,0x80045458] -> 0x0193
mem[X,0x8004545A] -> 0x0000
[6557] [M]: 0x80045458 (0x00000193) addi gp, zero, 0
x3 <- 0x00000000


mem[X,0x8004545C] -> 0x006F
mem[X,0x8004545E] -> 0x00C0
[6558] [M]: 0x8004545C (0x00C0006F) jal zero, 12


mem[X,0x80045468] -> 0x7063
mem[X,0x8004546A] -> 0x02B5
[6559] [M]: 0x80045468 (0x02B57063) bgeu a0, a1, 32


mem[X,0x80045488] -> 0x8193
mem[X,0x8004548A] -> 0x0031
[6560] [M]: 0x80045488 (0x00318193) addi gp, gp, 3
x3 <- 0x00000003


mem[X,0x8004548C] -> 0x006F
mem[X,0x8004548E] -> 0x0040
[6561] [M]: 0x8004548C (0x0040006F) jal zero, 4


mem[X,0x80045490] -> 0x2823
mem[X,0x80045492] -> 0x2831
[6562] [M]: 0x80045490 (0x28312823) sw gp, 656(sp)
mem[0x8004BBF4] <- 0x00000003


mem[X,0x80045494] -> 0x0537
mem[X,0x80045496] -> 0x0001
[6563] [M]: 0x80045494 (0x00010537) lui a0, 16
x10 <- 0x00010000


mem[X,0x80045498] -> 0xB5B7
mem[X,0x8004549A] -> 0xAAAA
[6564] [M]: 0x80045498 (0xAAAAB5B7) lui a1, 699051
x11 <- 0xAAAAB000


mem[X,0x8004549C] -> 0x8593
mem[X,0x8004549E] -> 0xAAA5
[6565] [M]: 0x8004549C (0xAAA58593) addi a1, a1, 2730
x11 <- 0xAAAAAAAA


mem[X,0x800454A0] -> 0x0193
mem[X,0x800454A2] -> 0x0000
[6566] [M]: 0x800454A0 (0x00000193) addi gp, zero, 0
x3 <- 0x00000000


mem[X,0x800454A4] -> 0x006F
mem[X,0x800454A6] -> 0x00C0
[6567] [M]: 0x800454A4 (0x00C0006F) jal zero, 12


mem[X,0x800454B0] -> 0x7063
mem[X,0x800454B2] -> 0x10B5
[6568] [M]: 0x800454B0 (0x10B57063) bgeu a0, a1, 256


mem[X,0x800454B4] -> 0x8193
mem[X,0x800454B6] -> 0x0021
[6569] [M]: 0x800454B4 (0x00218193) addi gp, gp, 2
x3 <- 0x00000002


mem[X,0x800454B8] -> 0x006F
mem[X,0x800454BA] -> 0x1000
[6570] [M]: 0x800454B8 (0x1000006F) jal zero, 256


mem[X,0x800455B8] -> 0x2A23
mem[X,0x800455BA] -> 0x2831
[6571] [M]: 0x800455B8 (0x28312A23) sw gp, 660(sp)
mem[0x8004BBF8] <- 0x00000002


mem[X,0x800455BC] -> 0x0537
mem[X,0x800455BE] -> 0x0001
[6572] [M]: 0x800455BC (0x00010537) lui a0, 16
x10 <- 0x00010000


mem[X,0x800455C0] -> 0x0593
mem[X,0x800455C2] -> 0x0050
[6573] [M]: 0x800455C0 (0x00500593) addi a1, zero, 5
x11 <- 0x00000005


mem[X,0x800455C4] -> 0x0193
mem[X,0x800455C6] -> 0x0000
[6574] [M]: 0x800455C4 (0x00000193) addi gp, zero, 0
x3 <- 0x00000000


mem[X,0x800455C8] -> 0x006F
mem[X,0x800455CA] -> 0x00C0
[6575] [M]: 0x800455C8 (0x00C0006F) jal zero, 12


mem[X,0x800455D4] -> 0x7063
mem[X,0x800455D6] -> 0x40B5
[6576] [M]: 0x800455D4 (0x40B57063) bgeu a0, a1, 1024


mem[X,0x800459D4] -> 0x8193
mem[X,0x800459D6] -> 0x0031
[6577] [M]: 0x800459D4 (0x00318193) addi gp, gp, 3
x3 <- 0x00000003


mem[X,0x800459D8] -> 0x006F
mem[X,0x800459DA] -> 0x0040
[6578] [M]: 0x800459D8 (0x0040006F) jal zero, 4


mem[X,0x800459DC] -> 0x2C23
mem[X,0x800459DE] -> 0x2831
[6579] [M]: 0x800459DC (0x28312C23) sw gp, 664(sp)
mem[0x8004BBFC] <- 0x00000003


mem[X,0x800459E0] -> 0x0537
mem[X,0x800459E2] -> 0x0001
[6580] [M]: 0x800459E0 (0x00010537) lui a0, 16
x10 <- 0x00010000


mem[X,0x800459E4] -> 0x35B7
mem[X,0x800459E6] -> 0x3333
[6581] [M]: 0x800459E4 (0x333335B7) lui a1, 209715
x11 <- 0x33333000


mem[X,0x800459E8] -> 0x8593
mem[X,0x800459EA] -> 0x3335
[6582] [M]: 0x800459E8 (0x33358593) addi a1, a1, 819
x11 <- 0x33333333


mem[X,0x800459EC] -> 0x0193
mem[X,0x800459EE] -> 0x0000
[6583] [M]: 0x800459EC (0x00000193) addi gp, zero, 0
x3 <- 0x00000000


mem[X,0x800459F0] -> 0x006F
mem[X,0x800459F2] -> 0x00C0
[6584] [M]: 0x800459F0 (0x00C0006F) jal zero, 12


mem[X,0x800459FC] -> 0x7863
mem[X,0x800459FE] -> 0x00B5
[6585] [M]: 0x800459FC (0x00B57863) bgeu a0, a1, 16


mem[X,0x80045A00] -> 0x8193
mem[X,0x80045A02] -> 0x0021
[6586] [M]: 0x80045A00 (0x00218193) addi gp, gp, 2
x3 <- 0x00000002


mem[X,0x80045A04] -> 0x006F
mem[X,0x80045A06] -> 0x0100
[6587] [M]: 0x80045A04 (0x0100006F) jal zero, 16


mem[X,0x80045A14] -> 0x2E23
mem[X,0x80045A16] -> 0x2831
[6588] [M]: 0x80045A14 (0x28312E23) sw gp, 668(sp)
mem[0x8004BC00] <- 0x00000002


mem[X,0x80045A18] -> 0x0537
mem[X,0x80045A1A] -> 0x0001
[6589] [M]: 0x80045A18 (0x00010537) lui a0, 16
x10 <- 0x00010000


mem[X,0x80045A1C] -> 0x65B7
mem[X,0x80045A1E] -> 0x6666
[6590] [M]: 0x80045A1C (0x666665B7) lui a1, 419430
x11 <- 0x66666000


mem[X,0x80045A20] -> 0x8593
mem[X,0x80045A22] -> 0x6665
[6591] [M]: 0x80045A20 (0x66658593) addi a1, a1, 1638
x11 <- 0x66666666


mem[X,0x80045A24] -> 0x0193
mem[X,0x80045A26] -> 0x0000
[6592] [M]: 0x80045A24 (0x00000193) addi gp, zero, 0
x3 <- 0x00000000


mem[X,0x80045A28] -> 0x006F
mem[X,0x80045A2A] -> 0x2B10
[6593] [M]: 0x80045A28 (0x2B10006F) jal zero, 2736


mem[X,0x800464D8] -> 0x7A63
mem[X,0x800464DA] -> 0xD4B5
[6594] [M]: 0x800464D8 (0xD4B57A63) bgeu a0, a1, 5460


mem[X,0x800464DC] -> 0x8193
mem[X,0x800464DE] -> 0x0021
[6595] [M]: 0x800464DC (0x00218193) addi gp, gp, 2
x3 <- 0x00000002


mem[X,0x800464E0] -> 0x006F
mem[X,0x800464E2] -> 0x00C0
[6596] [M]: 0x800464E0 (0x00C0006F) jal zero, 12


mem[X,0x800464EC] -> 0x2023
mem[X,0x800464EE] -> 0x2A31
[6597] [M]: 0x800464EC (0x2A312023) sw gp, 672(sp)
mem[0x8004BC04] <- 0x00000002


mem[X,0x800464F0] -> 0x0537
mem[X,0x800464F2] -> 0x0001
[6598] [M]: 0x800464F0 (0x00010537) lui a0, 16
x10 <- 0x00010000


mem[X,0x800464F4] -> 0xB5B7
mem[X,0x800464F6] -> 0x0000
[6599] [M]: 0x800464F4 (0x0000B5B7) lui a1, 11
x11 <- 0x0000B000


clint::tick mtime <- 0x0000000000000042
 clint timer pending at mtime 0x0000000000000042
htif::tick 0x0000000000000000
mem[X,0x800464F8] -> 0x8593
mem[X,0x800464FA] -> 0x5045
[6600] [M]: 0x800464F8 (0x50458593) addi a1, a1, 1284
x11 <- 0x0000B504


mem[X,0x800464FC] -> 0x0193
mem[X,0x800464FE] -> 0x0000
[6601] [M]: 0x800464FC (0x00000193) addi gp, zero, 0
x3 <- 0x00000000


mem[X,0x80046500] -> 0x006F
mem[X,0x80046502] -> 0x00C0
[6602] [M]: 0x80046500 (0x00C0006F) jal zero, 12


mem[X,0x8004650C] -> 0x7063
mem[X,0x8004650E] -> 0x04B5
[6603] [M]: 0x8004650C (0x04B57063) bgeu a0, a1, 64


mem[X,0x8004654C] -> 0x8193
mem[X,0x8004654E] -> 0x0031
[6604] [M]: 0x8004654C (0x00318193) addi gp, gp, 3
x3 <- 0x00000003


mem[X,0x80046550] -> 0x006F
mem[X,0x80046552] -> 0x0040
[6605] [M]: 0x80046550 (0x0040006F) jal zero, 4


mem[X,0x80046554] -> 0x2223
mem[X,0x80046556] -> 0x2A31
[6606] [M]: 0x80046554 (0x2A312223) sw gp, 676(sp)
mem[0x8004BC08] <- 0x00000003


mem[X,0x80046558] -> 0x0537
mem[X,0x8004655A] -> 0x0001
[6607] [M]: 0x80046558 (0x00010537) lui a0, 16
x10 <- 0x00010000


mem[X,0x8004655C] -> 0x0593
mem[X,0x8004655E] -> 0x0000
[6608] [M]: 0x8004655C (0x00000593) addi a1, zero, 0
x11 <- 0x00000000


mem[X,0x80046560] -> 0x0193
mem[X,0x80046562] -> 0x0000
[6609] [M]: 0x80046560 (0x00000193) addi gp, zero, 0
x3 <- 0x00000000


mem[X,0x80046564] -> 0x006F
mem[X,0x80046566] -> 0x00C0
[6610] [M]: 0x80046564 (0x00C0006F) jal zero, 12


mem[X,0x80046570] -> 0x7663
mem[X,0x80046572] -> 0x00B5
[6611] [M]: 0x80046570 (0x00B57663) bgeu a0, a1, 12


mem[X,0x8004657C] -> 0x8193
mem[X,0x8004657E] -> 0x0031
[6612] [M]: 0x8004657C (0x00318193) addi gp, gp, 3
x3 <- 0x00000003


mem[X,0x80046580] -> 0x006F
mem[X,0x80046582] -> 0x0040
[6613] [M]: 0x80046580 (0x0040006F) jal zero, 4


mem[X,0x80046584] -> 0x2423
mem[X,0x80046586] -> 0x2A31
[6614] [M]: 0x80046584 (0x2A312423) sw gp, 680(sp)
mem[0x8004BC0C] <- 0x00000003


mem[X,0x80046588] -> 0x0537
mem[X,0x8004658A] -> 0x0001
[6615] [M]: 0x80046588 (0x00010537) lui a0, 16
x10 <- 0x00010000


mem[X,0x8004658C] -> 0x05B7
mem[X,0x8004658E] -> 0x0001
[6616] [M]: 0x8004658C (0x000105B7) lui a1, 16
x11 <- 0x00010000


mem[X,0x80046590] -> 0x8593
mem[X,0x80046592] -> 0xFFF5
[6617] [M]: 0x80046590 (0xFFF58593) addi a1, a1, 4095
x11 <- 0x0000FFFF


mem[X,0x80046594] -> 0x0193
mem[X,0x80046596] -> 0x0000
[6618] [M]: 0x80046594 (0x00000193) addi gp, zero, 0
x3 <- 0x00000000


mem[X,0x80046598] -> 0x006F
mem[X,0x8004659A] -> 0x00C0
[6619] [M]: 0x80046598 (0x00C0006F) jal zero, 12


mem[X,0x800465A4] -> 0x7863
mem[X,0x800465A6] -> 0x00B5
[6620] [M]: 0x800465A4 (0x00B57863) bgeu a0, a1, 16


mem[X,0x800465B4] -> 0x8193
mem[X,0x800465B6] -> 0x0031
[6621] [M]: 0x800465B4 (0x00318193) addi gp, gp, 3
x3 <- 0x00000003


mem[X,0x800465B8] -> 0x006F
mem[X,0x800465BA] -> 0x0040
[6622] [M]: 0x800465B8 (0x0040006F) jal zero, 4


mem[X,0x800465BC] -> 0x2623
mem[X,0x800465BE] -> 0x2A31
[6623] [M]: 0x800465BC (0x2A312623) sw gp, 684(sp)
mem[0x8004BC10] <- 0x00000003


mem[X,0x800465C0] -> 0x0537
mem[X,0x800465C2] -> 0x0001
[6624] [M]: 0x800465C0 (0x00010537) lui a0, 16
x10 <- 0x00010000


mem[X,0x800465C4] -> 0x0593
mem[X,0x800465C6] -> 0x0020
[6625] [M]: 0x800465C4 (0x00200593) addi a1, zero, 2
x11 <- 0x00000002


mem[X,0x800465C8] -> 0x0193
mem[X,0x800465CA] -> 0x0000
[6626] [M]: 0x800465C8 (0x00000193) addi gp, zero, 0
x3 <- 0x00000000


mem[X,0x800465CC] -> 0x006F
mem[X,0x800465CE] -> 0x00C0
[6627] [M]: 0x800465CC (0x00C0006F) jal zero, 12


mem[X,0x800465D8] -> 0x7063
mem[X,0x800465DA] -> 0x02B5
[6628] [M]: 0x800465D8 (0x02B57063) bgeu a0, a1, 32


mem[X,0x800465F8] -> 0x8193
mem[X,0x800465FA] -> 0x0031
[6629] [M]: 0x800465F8 (0x00318193) addi gp, gp, 3
x3 <- 0x00000003


mem[X,0x800465FC] -> 0x006F
mem[X,0x800465FE] -> 0x0040
[6630] [M]: 0x800465FC (0x0040006F) jal zero, 4


mem[X,0x80046600] -> 0x2823
mem[X,0x80046602] -> 0x2A31
[6631] [M]: 0x80046600 (0x2A312823) sw gp, 688(sp)
mem[0x8004BC14] <- 0x00000003


mem[X,0x80046604] -> 0x0537
mem[X,0x80046606] -> 0x0001
[6632] [M]: 0x80046604 (0x00010537) lui a0, 16
x10 <- 0x00010000


mem[X,0x80046608] -> 0x55B7
mem[X,0x8004660A] -> 0x5555
[6633] [M]: 0x80046608 (0x555555B7) lui a1, 349525
x11 <- 0x55555000


mem[X,0x8004660C] -> 0x8593
mem[X,0x8004660E] -> 0x5545
[6634] [M]: 0x8004660C (0x55458593) addi a1, a1, 1364
x11 <- 0x55555554


mem[X,0x80046610] -> 0x0193
mem[X,0x80046612] -> 0x0000
[6635] [M]: 0x80046610 (0x00000193) addi gp, zero, 0
x3 <- 0x00000000


mem[X,0x80046614] -> 0x006F
mem[X,0x80046616] -> 0x00C0
[6636] [M]: 0x80046614 (0x00C0006F) jal zero, 12


mem[X,0x80046620] -> 0x7863
mem[X,0x80046622] -> 0x00B5
[6637] [M]: 0x80046620 (0x00B57863) bgeu a0, a1, 16


mem[X,0x80046624] -> 0x8193
mem[X,0x80046626] -> 0x0021
[6638] [M]: 0x80046624 (0x00218193) addi gp, gp, 2
x3 <- 0x00000002


mem[X,0x80046628] -> 0x006F
mem[X,0x8004662A] -> 0x0100
[6639] [M]: 0x80046628 (0x0100006F) jal zero, 16


mem[X,0x80046638] -> 0x2A23
mem[X,0x8004663A] -> 0x2A31
[6640] [M]: 0x80046638 (0x2A312A23) sw gp, 692(sp)
mem[0x8004BC18] <- 0x00000002


mem[X,0x8004663C] -> 0x0537
mem[X,0x8004663E] -> 0x0001
[6641] [M]: 0x8004663C (0x00010537) lui a0, 16
x10 <- 0x00010000


mem[X,0x80046640] -> 0xB5B7
mem[X,0x80046642] -> 0xAAAA
[6642] [M]: 0x80046640 (0xAAAAB5B7) lui a1, 699051
x11 <- 0xAAAAB000


mem[X,0x80046644] -> 0x8593
mem[X,0x80046646] -> 0xAA95
[6643] [M]: 0x80046644 (0xAA958593) addi a1, a1, 2729
x11 <- 0xAAAAAAA9


mem[X,0x80046648] -> 0x0193
mem[X,0x8004664A] -> 0x0000
[6644] [M]: 0x80046648 (0x00000193) addi gp, zero, 0
x3 <- 0x00000000


mem[X,0x8004664C] -> 0x006F
mem[X,0x8004664E] -> 0x00C0
[6645] [M]: 0x8004664C (0x00C0006F) jal zero, 12


mem[X,0x80046658] -> 0x7663
mem[X,0x8004665A] -> 0x00B5
[6646] [M]: 0x80046658 (0x00B57663) bgeu a0, a1, 12


mem[X,0x8004665C] -> 0x8193
mem[X,0x8004665E] -> 0x0021
[6647] [M]: 0x8004665C (0x00218193) addi gp, gp, 2
x3 <- 0x00000002


mem[X,0x80046660] -> 0x006F
mem[X,0x80046662] -> 0x00C0
[6648] [M]: 0x80046660 (0x00C0006F) jal zero, 12


mem[X,0x8004666C] -> 0x2C23
mem[X,0x8004666E] -> 0x2A31
[6649] [M]: 0x8004666C (0x2A312C23) sw gp, 696(sp)
mem[0x8004BC1C] <- 0x00000002


mem[X,0x80046670] -> 0x0537
mem[X,0x80046672] -> 0x0001
[6650] [M]: 0x80046670 (0x00010537) lui a0, 16
x10 <- 0x00010000


mem[X,0x80046674] -> 0x0593
mem[X,0x80046676] -> 0x0040
[6651] [M]: 0x80046674 (0x00400593) addi a1, zero, 4
x11 <- 0x00000004


mem[X,0x80046678] -> 0x0193
mem[X,0x8004667A] -> 0x0000
[6652] [M]: 0x80046678 (0x00000193) addi gp, zero, 0
x3 <- 0x00000000


mem[X,0x8004667C] -> 0x006F
mem[X,0x8004667E] -> 0x00C0
[6653] [M]: 0x8004667C (0x00C0006F) jal zero, 12


mem[X,0x80046688] -> 0x7CE3
mem[X,0x8004668A] -> 0xFEB5
[6654] [M]: 0x80046688 (0xFEB57CE3) bgeu a0, a1, 8184


mem[X,0x80046680] -> 0x8193
mem[X,0x80046682] -> 0x0011
[6655] [M]: 0x80046680 (0x00118193) addi gp, gp, 1
x3 <- 0x00000001


mem[X,0x80046684] -> 0x006F
mem[X,0x80046686] -> 0x0180
[6656] [M]: 0x80046684 (0x0180006F) jal zero, 24


mem[X,0x8004669C] -> 0x2E23
mem[X,0x8004669E] -> 0x2A31
[6657] [M]: 0x8004669C (0x2A312E23) sw gp, 700(sp)
mem[0x8004BC20] <- 0x00000001


mem[X,0x800466A0] -> 0x0537
mem[X,0x800466A2] -> 0x0001
[6658] [M]: 0x800466A0 (0x00010537) lui a0, 16
x10 <- 0x00010000


mem[X,0x800466A4] -> 0x35B7
mem[X,0x800466A6] -> 0x3333
[6659] [M]: 0x800466A4 (0x333335B7) lui a1, 209715
x11 <- 0x33333000


mem[X,0x800466A8] -> 0x8593
mem[X,0x800466AA] -> 0x3325
[6660] [M]: 0x800466A8 (0x33258593) addi a1, a1, 818
x11 <- 0x33333332


mem[X,0x800466AC] -> 0x0193
mem[X,0x800466AE] -> 0x0000
[6661] [M]: 0x800466AC (0x00000193) addi gp, zero, 0
x3 <- 0x00000000


mem[X,0x800466B0] -> 0x006F
mem[X,0x800466B2] -> 0x00C0
[6662] [M]: 0x800466B0 (0x00C0006F) jal zero, 12


mem[X,0x800466BC] -> 0x7CE3
mem[X,0x800466BE] -> 0xFEB5
[6663] [M]: 0x800466BC (0xFEB57CE3) bgeu a0, a1, 8184


mem[X,0x800466C0] -> 0x8193
mem[X,0x800466C2] -> 0x0021
[6664] [M]: 0x800466C0 (0x00218193) addi gp, gp, 2
x3 <- 0x00000002


mem[X,0x800466C4] -> 0x006F
mem[X,0x800466C6] -> 0x00C0
[6665] [M]: 0x800466C4 (0x00C0006F) jal zero, 12


mem[X,0x800466D0] -> 0x2023
mem[X,0x800466D2] -> 0x2C31
[6666] [M]: 0x800466D0 (0x2C312023) sw gp, 704(sp)
mem[0x8004BC24] <- 0x00000002


mem[X,0x800466D4] -> 0x0537
mem[X,0x800466D6] -> 0x0001
[6667] [M]: 0x800466D4 (0x00010537) lui a0, 16
x10 <- 0x00010000


mem[X,0x800466D8] -> 0x65B7
mem[X,0x800466DA] -> 0x6666
[6668] [M]: 0x800466D8 (0x666665B7) lui a1, 419430
x11 <- 0x66666000


mem[X,0x800466DC] -> 0x8593
mem[X,0x800466DE] -> 0x6655
[6669] [M]: 0x800466DC (0x66558593) addi a1, a1, 1637
x11 <- 0x66666665


mem[X,0x800466E0] -> 0x0193
mem[X,0x800466E2] -> 0x0000
[6670] [M]: 0x800466E0 (0x00000193) addi gp, zero, 0
x3 <- 0x00000000


mem[X,0x800466E4] -> 0x006F
mem[X,0x800466E6] -> 0x00C0
[6671] [M]: 0x800466E4 (0x00C0006F) jal zero, 12


mem[X,0x800466F0] -> 0x7063
mem[X,0x800466F2] -> 0x08B5
[6672] [M]: 0x800466F0 (0x08B57063) bgeu a0, a1, 128


mem[X,0x800466F4] -> 0x8193
mem[X,0x800466F6] -> 0x0021
[6673] [M]: 0x800466F4 (0x00218193) addi gp, gp, 2
x3 <- 0x00000002


mem[X,0x800466F8] -> 0x006F
mem[X,0x800466FA] -> 0x0800
[6674] [M]: 0x800466F8 (0x0800006F) jal zero, 128


mem[X,0x80046778] -> 0x2223
mem[X,0x8004677A] -> 0x2C31
[6675] [M]: 0x80046778 (0x2C312223) sw gp, 708(sp)
mem[0x8004BC28] <- 0x00000002


mem[X,0x8004677C] -> 0x0537
mem[X,0x8004677E] -> 0x0001
[6676] [M]: 0x8004677C (0x00010537) lui a0, 16
x10 <- 0x00010000


mem[X,0x80046780] -> 0xB5B7
mem[X,0x80046782] -> 0x0000
[6677] [M]: 0x80046780 (0x0000B5B7) lui a1, 11
x11 <- 0x0000B000


mem[X,0x80046784] -> 0x8593
mem[X,0x80046786] -> 0x5035
[6678] [M]: 0x80046784 (0x50358593) addi a1, a1, 1283
x11 <- 0x0000B503


mem[X,0x80046788] -> 0x0193
mem[X,0x8004678A] -> 0x0000
[6679] [M]: 0x80046788 (0x00000193) addi gp, zero, 0
x3 <- 0x00000000


mem[X,0x8004678C] -> 0x006F
mem[X,0x8004678E] -> 0x00C0
[6680] [M]: 0x8004678C (0x00C0006F) jal zero, 12


mem[X,0x80046798] -> 0x7CE3
mem[X,0x8004679A] -> 0xFEB5
[6681] [M]: 0x80046798 (0xFEB57CE3) bgeu a0, a1, 8184


mem[X,0x80046790] -> 0x8193
mem[X,0x80046792] -> 0x0011
[6682] [M]: 0x80046790 (0x00118193) addi gp, gp, 1
x3 <- 0x00000001


mem[X,0x80046794] -> 0x006F
mem[X,0x80046796] -> 0x0180
[6683] [M]: 0x80046794 (0x0180006F) jal zero, 24


mem[X,0x800467AC] -> 0x2423
mem[X,0x800467AE] -> 0x2C31
[6684] [M]: 0x800467AC (0x2C312423) sw gp, 712(sp)
mem[0x8004BC2C] <- 0x00000001


mem[X,0x800467B0] -> 0x0537
mem[X,0x800467B2] -> 0x0001
[6685] [M]: 0x800467B0 (0x00010537) lui a0, 16
x10 <- 0x00010000


mem[X,0x800467B4] -> 0x05B7
mem[X,0x800467B6] -> 0x0001
[6686] [M]: 0x800467B4 (0x000105B7) lui a1, 16
x11 <- 0x00010000


mem[X,0x800467B8] -> 0x8593
mem[X,0x800467BA] -> 0xFFE5
[6687] [M]: 0x800467B8 (0xFFE58593) addi a1, a1, 4094
x11 <- 0x0000FFFE


mem[X,0x800467BC] -> 0x0193
mem[X,0x800467BE] -> 0x0000
[6688] [M]: 0x800467BC (0x00000193) addi gp, zero, 0
x3 <- 0x00000000


mem[X,0x800467C0] -> 0x006F
mem[X,0x800467C2] -> 0x00C0
[6689] [M]: 0x800467C0 (0x00C0006F) jal zero, 12


mem[X,0x800467CC] -> 0x7063
mem[X,0x800467CE] -> 0x10B5
[6690] [M]: 0x800467CC (0x10B57063) bgeu a0, a1, 256


mem[X,0x800468CC] -> 0x8193
mem[X,0x800468CE] -> 0x0031
[6691] [M]: 0x800468CC (0x00318193) addi gp, gp, 3
x3 <- 0x00000003


mem[X,0x800468D0] -> 0x006F
mem[X,0x800468D2] -> 0x0040
[6692] [M]: 0x800468D0 (0x0040006F) jal zero, 4


mem[X,0x800468D4] -> 0x2623
mem[X,0x800468D6] -> 0x2C31
[6693] [M]: 0x800468D4 (0x2C312623) sw gp, 716(sp)
mem[0x8004BC30] <- 0x00000003


mem[X,0x800468D8] -> 0x0537
mem[X,0x800468DA] -> 0x0001
[6694] [M]: 0x800468D8 (0x00010537) lui a0, 16
x10 <- 0x00010000


mem[X,0x800468DC] -> 0x55B7
mem[X,0x800468DE] -> 0x5555
[6695] [M]: 0x800468DC (0x555555B7) lui a1, 349525
x11 <- 0x55555000


mem[X,0x800468E0] -> 0x8593
mem[X,0x800468E2] -> 0x5565
[6696] [M]: 0x800468E0 (0x55658593) addi a1, a1, 1366
x11 <- 0x55555556


mem[X,0x800468E4] -> 0x0193
mem[X,0x800468E6] -> 0x0000
[6697] [M]: 0x800468E4 (0x00000193) addi gp, zero, 0
x3 <- 0x00000000


mem[X,0x800468E8] -> 0x006F
mem[X,0x800468EA] -> 0x2B10
[6698] [M]: 0x800468E8 (0x2B10006F) jal zero, 2736


mem[X,0x80047398] -> 0x7A63
mem[X,0x8004739A] -> 0xD4B5
[6699] [M]: 0x80047398 (0xD4B57A63) bgeu a0, a1, 5460


clint::tick mtime <- 0x0000000000000043
 clint timer pending at mtime 0x0000000000000043
htif::tick 0x0000000000000000
mem[X,0x8004739C] -> 0x8193
mem[X,0x8004739E] -> 0x0021
[6700] [M]: 0x8004739C (0x00218193) addi gp, gp, 2
x3 <- 0x00000002


mem[X,0x800473A0] -> 0x006F
mem[X,0x800473A2] -> 0x00C0
[6701] [M]: 0x800473A0 (0x00C0006F) jal zero, 12


mem[X,0x800473AC] -> 0x2823
mem[X,0x800473AE] -> 0x2C31
[6702] [M]: 0x800473AC (0x2C312823) sw gp, 720(sp)
mem[0x8004BC34] <- 0x00000002


mem[X,0x800473B0] -> 0x0537
mem[X,0x800473B2] -> 0x0001
[6703] [M]: 0x800473B0 (0x00010537) lui a0, 16
x10 <- 0x00010000


mem[X,0x800473B4] -> 0xB5B7
mem[X,0x800473B6] -> 0xAAAA
[6704] [M]: 0x800473B4 (0xAAAAB5B7) lui a1, 699051
x11 <- 0xAAAAB000


mem[X,0x800473B8] -> 0x8593
mem[X,0x800473BA] -> 0xAAB5
[6705] [M]: 0x800473B8 (0xAAB58593) addi a1, a1, 2731
x11 <- 0xAAAAAAAB


mem[X,0x800473BC] -> 0x0193
mem[X,0x800473BE] -> 0x0000
[6706] [M]: 0x800473BC (0x00000193) addi gp, zero, 0
x3 <- 0x00000000


mem[X,0x800473C0] -> 0x006F
mem[X,0x800473C2] -> 0x00C0
[6707] [M]: 0x800473C0 (0x00C0006F) jal zero, 12


mem[X,0x800473CC] -> 0x7CE3
mem[X,0x800473CE] -> 0xFEB5
[6708] [M]: 0x800473CC (0xFEB57CE3) bgeu a0, a1, 8184


mem[X,0x800473D0] -> 0x8193
mem[X,0x800473D2] -> 0x0021
[6709] [M]: 0x800473D0 (0x00218193) addi gp, gp, 2
x3 <- 0x00000002


mem[X,0x800473D4] -> 0x006F
mem[X,0x800473D6] -> 0x00C0
[6710] [M]: 0x800473D4 (0x00C0006F) jal zero, 12


mem[X,0x800473E0] -> 0x2A23
mem[X,0x800473E2] -> 0x2C31
[6711] [M]: 0x800473E0 (0x2C312A23) sw gp, 724(sp)
mem[0x8004BC38] <- 0x00000002


mem[X,0x800473E4] -> 0x0537
mem[X,0x800473E6] -> 0x0001
[6712] [M]: 0x800473E4 (0x00010537) lui a0, 16
x10 <- 0x00010000


mem[X,0x800473E8] -> 0x0593
mem[X,0x800473EA] -> 0x0060
[6713] [M]: 0x800473E8 (0x00600593) addi a1, zero, 6
x11 <- 0x00000006


mem[X,0x800473EC] -> 0x0193
mem[X,0x800473EE] -> 0x0000
[6714] [M]: 0x800473EC (0x00000193) addi gp, zero, 0
x3 <- 0x00000000


mem[X,0x800473F0] -> 0x006F
mem[X,0x800473F2] -> 0x00C0
[6715] [M]: 0x800473F0 (0x00C0006F) jal zero, 12


mem[X,0x800473FC] -> 0x7863
mem[X,0x800473FE] -> 0x00B5
[6716] [M]: 0x800473FC (0x00B57863) bgeu a0, a1, 16


mem[X,0x8004740C] -> 0x8193
mem[X,0x8004740E] -> 0x0031
[6717] [M]: 0x8004740C (0x00318193) addi gp, gp, 3
x3 <- 0x00000003


mem[X,0x80047410] -> 0x006F
mem[X,0x80047412] -> 0x0040
[6718] [M]: 0x80047410 (0x0040006F) jal zero, 4


mem[X,0x80047414] -> 0x2C23
mem[X,0x80047416] -> 0x2C31
[6719] [M]: 0x80047414 (0x2C312C23) sw gp, 728(sp)
mem[0x8004BC3C] <- 0x00000003


mem[X,0x80047418] -> 0x0537
mem[X,0x8004741A] -> 0x0001
[6720] [M]: 0x80047418 (0x00010537) lui a0, 16
x10 <- 0x00010000


mem[X,0x8004741C] -> 0x35B7
mem[X,0x8004741E] -> 0x3333
[6721] [M]: 0x8004741C (0x333335B7) lui a1, 209715
x11 <- 0x33333000


mem[X,0x80047420] -> 0x8593
mem[X,0x80047422] -> 0x3345
[6722] [M]: 0x80047420 (0x33458593) addi a1, a1, 820
x11 <- 0x33333334


mem[X,0x80047424] -> 0x0193
mem[X,0x80047426] -> 0x0000
[6723] [M]: 0x80047424 (0x00000193) addi gp, zero, 0
x3 <- 0x00000000


mem[X,0x80047428] -> 0x006F
mem[X,0x8004742A] -> 0x00C0
[6724] [M]: 0x80047428 (0x00C0006F) jal zero, 12


mem[X,0x80047434] -> 0x7CE3
mem[X,0x80047436] -> 0xFEB5
[6725] [M]: 0x80047434 (0xFEB57CE3) bgeu a0, a1, 8184


mem[X,0x80047438] -> 0x8193
mem[X,0x8004743A] -> 0x0021
[6726] [M]: 0x80047438 (0x00218193) addi gp, gp, 2
x3 <- 0x00000002


mem[X,0x8004743C] -> 0x006F
mem[X,0x8004743E] -> 0x00C0
[6727] [M]: 0x8004743C (0x00C0006F) jal zero, 12


mem[X,0x80047448] -> 0x2E23
mem[X,0x8004744A] -> 0x2C31
[6728] [M]: 0x80047448 (0x2C312E23) sw gp, 732(sp)
mem[0x8004BC40] <- 0x00000002


mem[X,0x8004744C] -> 0x0537
mem[X,0x8004744E] -> 0x0001
[6729] [M]: 0x8004744C (0x00010537) lui a0, 16
x10 <- 0x00010000


mem[X,0x80047450] -> 0x65B7
mem[X,0x80047452] -> 0x6666
[6730] [M]: 0x80047450 (0x666665B7) lui a1, 419430
x11 <- 0x66666000


mem[X,0x80047454] -> 0x8593
mem[X,0x80047456] -> 0x6675
[6731] [M]: 0x80047454 (0x66758593) addi a1, a1, 1639
x11 <- 0x66666667


mem[X,0x80047458] -> 0x0193
mem[X,0x8004745A] -> 0x0000
[6732] [M]: 0x80047458 (0x00000193) addi gp, zero, 0
x3 <- 0x00000000


mem[X,0x8004745C] -> 0x006F
mem[X,0x8004745E] -> 0x00C0
[6733] [M]: 0x8004745C (0x00C0006F) jal zero, 12


mem[X,0x80047468] -> 0x7663
mem[X,0x8004746A] -> 0x00B5
[6734] [M]: 0x80047468 (0x00B57663) bgeu a0, a1, 12


mem[X,0x8004746C] -> 0x8193
mem[X,0x8004746E] -> 0x0021
[6735] [M]: 0x8004746C (0x00218193) addi gp, gp, 2
x3 <- 0x00000002


mem[X,0x80047470] -> 0x006F
mem[X,0x80047472] -> 0x00C0
[6736] [M]: 0x80047470 (0x00C0006F) jal zero, 12


mem[X,0x8004747C] -> 0x2023
mem[X,0x8004747E] -> 0x2E31
[6737] [M]: 0x8004747C (0x2E312023) sw gp, 736(sp)
mem[0x8004BC44] <- 0x00000002


mem[X,0x80047480] -> 0x0537
mem[X,0x80047482] -> 0x0001
[6738] [M]: 0x80047480 (0x00010537) lui a0, 16
x10 <- 0x00010000


mem[X,0x80047484] -> 0xB5B7
mem[X,0x80047486] -> 0x0000
[6739] [M]: 0x80047484 (0x0000B5B7) lui a1, 11
x11 <- 0x0000B000


mem[X,0x80047488] -> 0x8593
mem[X,0x8004748A] -> 0x5055
[6740] [M]: 0x80047488 (0x50558593) addi a1, a1, 1285
x11 <- 0x0000B505


mem[X,0x8004748C] -> 0x0193
mem[X,0x8004748E] -> 0x0000
[6741] [M]: 0x8004748C (0x00000193) addi gp, zero, 0
x3 <- 0x00000000


mem[X,0x80047490] -> 0x006F
mem[X,0x80047492] -> 0x0100
[6742] [M]: 0x80047490 (0x0100006F) jal zero, 16


mem[X,0x800474A0] -> 0x7AE3
mem[X,0x800474A2] -> 0xFEB5
[6743] [M]: 0x800474A0 (0xFEB57AE3) bgeu a0, a1, 8180


mem[X,0x80047494] -> 0x8193
mem[X,0x80047496] -> 0x0011
[6744] [M]: 0x80047494 (0x00118193) addi gp, gp, 1
x3 <- 0x00000001


mem[X,0x80047498] -> 0x006F
mem[X,0x8004749A] -> 0x01C0
[6745] [M]: 0x80047498 (0x01C0006F) jal zero, 28


mem[X,0x800474B4] -> 0x2223
mem[X,0x800474B6] -> 0x2E31
[6746] [M]: 0x800474B4 (0x2E312223) sw gp, 740(sp)
mem[0x8004BC48] <- 0x00000001


mem[X,0x800474B8] -> 0x0537
mem[X,0x800474BA] -> 0x0001
[6747] [M]: 0x800474B8 (0x00010537) lui a0, 16
x10 <- 0x00010000


mem[X,0x800474BC] -> 0x0593
mem[X,0x800474BE] -> 0x0010
[6748] [M]: 0x800474BC (0x00100593) addi a1, zero, 1
x11 <- 0x00000001


mem[X,0x800474C0] -> 0x0193
mem[X,0x800474C2] -> 0x0000
[6749] [M]: 0x800474C0 (0x00000193) addi gp, zero, 0
x3 <- 0x00000000


mem[X,0x800474C4] -> 0x006F
mem[X,0x800474C6] -> 0x0050
[6750] [M]: 0x800474C4 (0x0050006F) jal zero, 2052


mem[X,0x80047CC8] -> 0x70E3
mem[X,0x80047CCA] -> 0x80B5
[6751] [M]: 0x80047CC8 (0x80B570E3) bgeu a0, a1, 6144


mem[X,0x800474C8] -> 0x8193
mem[X,0x800474CA] -> 0x0011
[6752] [M]: 0x800474C8 (0x00118193) addi gp, gp, 1
x3 <- 0x00000001


mem[X,0x800474CC] -> 0x006F
mem[X,0x800474CE] -> 0x0110
[6753] [M]: 0x800474CC (0x0110006F) jal zero, 2064


mem[X,0x80047CDC] -> 0x2423
mem[X,0x80047CDE] -> 0x2E31
[6754] [M]: 0x80047CDC (0x2E312423) sw gp, 744(sp)
mem[0x8004BC4C] <- 0x00000001


mem[X,0x80047CE0] -> 0x0537
mem[X,0x80047CE2] -> 0x0001
[6755] [M]: 0x80047CE0 (0x00010537) lui a0, 16
x10 <- 0x00010000


mem[X,0x80047CE4] -> 0x05B7
mem[X,0x80047CE6] -> 0x0001
[6756] [M]: 0x80047CE4 (0x000105B7) lui a1, 16
x11 <- 0x00010000


mem[X,0x80047CE8] -> 0x0193
mem[X,0x80047CEA] -> 0x0000
[6757] [M]: 0x80047CE8 (0x00000193) addi gp, zero, 0
x3 <- 0x00000000


mem[X,0x80047CEC] -> 0x006F
mem[X,0x80047CEE] -> 0x00C0
[6758] [M]: 0x80047CEC (0x00C0006F) jal zero, 12


mem[X,0x80047CF8] -> 0x7663
mem[X,0x80047CFA] -> 0x00B5
[6759] [M]: 0x80047CF8 (0x00B57663) bgeu a0, a1, 12


mem[X,0x80047D04] -> 0x8193
mem[X,0x80047D06] -> 0x0031
[6760] [M]: 0x80047D04 (0x00318193) addi gp, gp, 3
x3 <- 0x00000003


mem[X,0x80047D08] -> 0x006F
mem[X,0x80047D0A] -> 0x0040
[6761] [M]: 0x80047D08 (0x0040006F) jal zero, 4


mem[X,0x80047D0C] -> 0x2623
mem[X,0x80047D0E] -> 0x2E31
[6762] [M]: 0x80047D0C (0x2E312623) sw gp, 748(sp)
mem[0x8004BC50] <- 0x00000003


mem[X,0x80047D10] -> 0x6537
mem[X,0x80047D12] -> 0x6666
[6763] [M]: 0x80047D10 (0x66666537) lui a0, 419430
x10 <- 0x66666000


mem[X,0x80047D14] -> 0x0513
mem[X,0x80047D16] -> 0x6655
[6764] [M]: 0x80047D14 (0x66550513) addi a0, a0, 1637
x10 <- 0x66666665


mem[X,0x80047D18] -> 0x0593
mem[X,0x80047D1A] -> 0x0060
[6765] [M]: 0x80047D18 (0x00600593) addi a1, zero, 6
x11 <- 0x00000006


mem[X,0x80047D1C] -> 0x0193
mem[X,0x80047D1E] -> 0x0000
[6766] [M]: 0x80047D1C (0x00000193) addi gp, zero, 0
x3 <- 0x00000000


mem[X,0x80047D20] -> 0x006F
mem[X,0x80047D22] -> 0x00C0
[6767] [M]: 0x80047D20 (0x00C0006F) jal zero, 12


mem[X,0x80047D2C] -> 0x7063
mem[X,0x80047D2E] -> 0x40B5
[6768] [M]: 0x80047D2C (0x40B57063) bgeu a0, a1, 1024


mem[X,0x8004812C] -> 0x8193
mem[X,0x8004812E] -> 0x0031
[6769] [M]: 0x8004812C (0x00318193) addi gp, gp, 3
x3 <- 0x00000003


mem[X,0x80048130] -> 0x006F
mem[X,0x80048132] -> 0x0040
[6770] [M]: 0x80048130 (0x0040006F) jal zero, 4


mem[X,0x80048134] -> 0x2823
mem[X,0x80048136] -> 0x2E31
[6771] [M]: 0x80048134 (0x2E312823) sw gp, 752(sp)
mem[0x8004BC54] <- 0x00000003


mem[X,0x80048138] -> 0x6537
mem[X,0x8004813A] -> 0x6666
[6772] [M]: 0x80048138 (0x66666537) lui a0, 419430
x10 <- 0x66666000


mem[X,0x8004813C] -> 0x0513
mem[X,0x8004813E] -> 0x6655
[6773] [M]: 0x8004813C (0x66550513) addi a0, a0, 1637
x10 <- 0x66666665


mem[X,0x80048140] -> 0x35B7
mem[X,0x80048142] -> 0x3333
[6774] [M]: 0x80048140 (0x333335B7) lui a1, 209715
x11 <- 0x33333000


mem[X,0x80048144] -> 0x8593
mem[X,0x80048146] -> 0x3345
[6775] [M]: 0x80048144 (0x33458593) addi a1, a1, 820
x11 <- 0x33333334


mem[X,0x80048148] -> 0x0193
mem[X,0x8004814A] -> 0x0000
[6776] [M]: 0x80048148 (0x00000193) addi gp, zero, 0
x3 <- 0x00000000


mem[X,0x8004814C] -> 0x006F
mem[X,0x8004814E] -> 0x00C0
[6777] [M]: 0x8004814C (0x00C0006F) jal zero, 12


mem[X,0x80048158] -> 0x7663
mem[X,0x8004815A] -> 0x00B5
[6778] [M]: 0x80048158 (0x00B57663) bgeu a0, a1, 12


mem[X,0x80048164] -> 0x8193
mem[X,0x80048166] -> 0x0031
[6779] [M]: 0x80048164 (0x00318193) addi gp, gp, 3
x3 <- 0x00000003


mem[X,0x80048168] -> 0x006F
mem[X,0x8004816A] -> 0x0040
[6780] [M]: 0x80048168 (0x0040006F) jal zero, 4


mem[X,0x8004816C] -> 0x2A23
mem[X,0x8004816E] -> 0x2E31
[6781] [M]: 0x8004816C (0x2E312A23) sw gp, 756(sp)
mem[0x8004BC58] <- 0x00000003


mem[X,0x80048170] -> 0x6537
mem[X,0x80048172] -> 0x6666
[6782] [M]: 0x80048170 (0x66666537) lui a0, 419430
x10 <- 0x66666000


mem[X,0x80048174] -> 0x0513
mem[X,0x80048176] -> 0x6655
[6783] [M]: 0x80048174 (0x66550513) addi a0, a0, 1637
x10 <- 0x66666665


mem[X,0x80048178] -> 0x65B7
mem[X,0x8004817A] -> 0x6666
[6784] [M]: 0x80048178 (0x666665B7) lui a1, 419430
x11 <- 0x66666000


mem[X,0x8004817C] -> 0x8593
mem[X,0x8004817E] -> 0x6675
[6785] [M]: 0x8004817C (0x66758593) addi a1, a1, 1639
x11 <- 0x66666667


mem[X,0x80048180] -> 0x0193
mem[X,0x80048182] -> 0x0000
[6786] [M]: 0x80048180 (0x00000193) addi gp, zero, 0
x3 <- 0x00000000


mem[X,0x80048184] -> 0x006F
mem[X,0x80048186] -> 0x0180
[6787] [M]: 0x80048184 (0x0180006F) jal zero, 24


mem[X,0x8004819C] -> 0x76E3
mem[X,0x8004819E] -> 0xFEB5
[6788] [M]: 0x8004819C (0xFEB576E3) bgeu a0, a1, 8172


mem[X,0x800481A0] -> 0x8193
mem[X,0x800481A2] -> 0x0021
[6789] [M]: 0x800481A0 (0x00218193) addi gp, gp, 2
x3 <- 0x00000002


mem[X,0x800481A4] -> 0x006F
mem[X,0x800481A6] -> 0x00C0
[6790] [M]: 0x800481A4 (0x00C0006F) jal zero, 12


mem[X,0x800481B0] -> 0x2C23
mem[X,0x800481B2] -> 0x2E31
[6791] [M]: 0x800481B0 (0x2E312C23) sw gp, 760(sp)
mem[0x8004BC5C] <- 0x00000002


mem[X,0x800481B4] -> 0x6537
mem[X,0x800481B6] -> 0x6666
[6792] [M]: 0x800481B4 (0x66666537) lui a0, 419430
x10 <- 0x66666000


mem[X,0x800481B8] -> 0x0513
mem[X,0x800481BA] -> 0x6655
[6793] [M]: 0x800481B8 (0x66550513) addi a0, a0, 1637
x10 <- 0x66666665


mem[X,0x800481BC] -> 0xB5B7
mem[X,0x800481BE] -> 0x0000
[6794] [M]: 0x800481BC (0x0000B5B7) lui a1, 11
x11 <- 0x0000B000


mem[X,0x800481C0] -> 0x8593
mem[X,0x800481C2] -> 0x5055
[6795] [M]: 0x800481C0 (0x50558593) addi a1, a1, 1285
x11 <- 0x0000B505


mem[X,0x800481C4] -> 0x0193
mem[X,0x800481C6] -> 0x0000
[6796] [M]: 0x800481C4 (0x00000193) addi gp, zero, 0
x3 <- 0x00000000


mem[X,0x800481C8] -> 0x006F
mem[X,0x800481CA] -> 0x00C0
[6797] [M]: 0x800481C8 (0x00C0006F) jal zero, 12


mem[X,0x800481D4] -> 0x7663
mem[X,0x800481D6] -> 0x00B5
[6798] [M]: 0x800481D4 (0x00B57663) bgeu a0, a1, 12


mem[X,0x800481E0] -> 0x8193
mem[X,0x800481E2] -> 0x0031
[6799] [M]: 0x800481E0 (0x00318193) addi gp, gp, 3
x3 <- 0x00000003


clint::tick mtime <- 0x0000000000000044
 clint timer pending at mtime 0x0000000000000044
htif::tick 0x0000000000000000
mem[X,0x800481E4] -> 0x006F
mem[X,0x800481E6] -> 0x0040
[6800] [M]: 0x800481E4 (0x0040006F) jal zero, 4


mem[X,0x800481E8] -> 0x2E23
mem[X,0x800481EA] -> 0x2E31
[6801] [M]: 0x800481E8 (0x2E312E23) sw gp, 764(sp)
mem[0x8004BC60] <- 0x00000003


mem[X,0x800481EC] -> 0x0513
mem[X,0x800481EE] -> 0x0080
[6802] [M]: 0x800481EC (0x00800513) addi a0, zero, 8
x10 <- 0x00000008


mem[X,0x800481F0] -> 0x0593
mem[X,0x800481F2] -> 0xBFF0
[6803] [M]: 0x800481F0 (0xBFF00593) addi a1, zero, 3071
x11 <- 0xFFFFFBFF


mem[X,0x800481F4] -> 0x0193
mem[X,0x800481F6] -> 0x0000
[6804] [M]: 0x800481F4 (0x00000193) addi gp, zero, 0
x3 <- 0x00000000


mem[X,0x800481F8] -> 0x006F
mem[X,0x800481FA] -> 0x00C0
[6805] [M]: 0x800481F8 (0x00C0006F) jal zero, 12


mem[X,0x80048204] -> 0x7CE3
mem[X,0x80048206] -> 0xFEB5
[6806] [M]: 0x80048204 (0xFEB57CE3) bgeu a0, a1, 8184


mem[X,0x80048208] -> 0x8193
mem[X,0x8004820A] -> 0x0021
[6807] [M]: 0x80048208 (0x00218193) addi gp, gp, 2
x3 <- 0x00000002


mem[X,0x8004820C] -> 0x006F
mem[X,0x8004820E] -> 0x00C0
[6808] [M]: 0x8004820C (0x00C0006F) jal zero, 12


mem[X,0x80048218] -> 0x2023
mem[X,0x8004821A] -> 0x3031
[6809] [M]: 0x80048218 (0x30312023) sw gp, 768(sp)
mem[0x8004BC64] <- 0x00000002


mem[X,0x8004821C] -> 0x0513
mem[X,0x8004821E] -> 0xFFE0
[6810] [M]: 0x8004821C (0xFFE00513) addi a0, zero, 4094
x10 <- 0xFFFFFFFE


mem[X,0x80048220] -> 0x0593
mem[X,0x80048222] -> 0x0080
[6811] [M]: 0x80048220 (0x00800593) addi a1, zero, 8
x11 <- 0x00000008


mem[X,0x80048224] -> 0x0193
mem[X,0x80048226] -> 0x0000
[6812] [M]: 0x80048224 (0x00000193) addi gp, zero, 0
x3 <- 0x00000000


mem[X,0x80048228] -> 0x006F
mem[X,0x8004822A] -> 0x0050
[6813] [M]: 0x80048228 (0x0050006F) jal zero, 2052


mem[X,0x80048A2C] -> 0x70E3
mem[X,0x80048A2E] -> 0x80B5
[6814] [M]: 0x80048A2C (0x80B570E3) bgeu a0, a1, 6144


mem[X,0x8004822C] -> 0x8193
mem[X,0x8004822E] -> 0x0011
[6815] [M]: 0x8004822C (0x00118193) addi gp, gp, 1
x3 <- 0x00000001


mem[X,0x80048230] -> 0x006F
mem[X,0x80048232] -> 0x0110
[6816] [M]: 0x80048230 (0x0110006F) jal zero, 2064


mem[X,0x80048A40] -> 0x2223
mem[X,0x80048A42] -> 0x3031
[6817] [M]: 0x80048A40 (0x30312223) sw gp, 772(sp)
mem[0x8004BC68] <- 0x00000001


mem[X,0x80048A44] -> 0x006F
mem[X,0x80048A46] -> 0x0200
[6818] [M]: 0x80048A44 (0x0200006F) jal zero, 32


mem[X,0x80048A64] -> 0x0093
mem[X,0x80048A66] -> 0x0010
[6819] [M]: 0x80048A64 (0x00100093) addi ra, zero, 1
x1 <- 0x00000001


mem[X,0x80048A68] -> 0x0F17
mem[X,0x80048A6A] -> 0x0000
[6820] [M]: 0x80048A68 (0x00000F17) auipc t5, 0
x30 <- 0x80048A68


mem[X,0x80048A6C] -> 0x2C23
mem[X,0x80048A6E] -> 0x581F
[6821] [M]: 0x80048A6C (0x581F2C23) sw ra, 1432(t5)
htif[0x80049000] <- 0x00000001


mem[X,0x80048A70] -> 0xF06F
mem[X,0x80048A72] -> 0xFF9F
[6822] [M]: 0x80048A70 (0xFF9FF06F) jal zero, 2097144


mem[X,0x80048A68] -> 0x0F17
mem[X,0x80048A6A] -> 0x0000
[6823] [M]: 0x80048A68 (0x00000F17) auipc t5, 0
x30 <- 0x80048A68


mem[X,0x80048A6C] -> 0x2C23
mem[X,0x80048A6E] -> 0x581F
[6824] [M]: 0x80048A6C (0x581F2C23) sw ra, 1432(t5)
htif[0x80049000] <- 0x00000001


mem[X,0x80048A70] -> 0xF06F
mem[X,0x80048A72] -> 0xFF9F
[6825] [M]: 0x80048A70 (0xFF9FF06F) jal zero, 2097144


mem[X,0x80048A68] -> 0x0F17
mem[X,0x80048A6A] -> 0x0000
[6826] [M]: 0x80048A68 (0x00000F17) auipc t5, 0
x30 <- 0x80048A68


mem[X,0x80048A6C] -> 0x2C23
mem[X,0x80048A6E] -> 0x581F
[6827] [M]: 0x80048A6C (0x581F2C23) sw ra, 1432(t5)
htif[0x80049000] <- 0x00000001
htif-syscall-proxy cmd: 0x000000000001

SUCCESS
