using /home/force/Desktop/work/compliance_testing/our_riscv/work/riscof_work/C/src/cbeqz-01.S/ref/Reference-sail_c_simulator.signature for test-signature output.
[Sail] Allocating new block 0x80000000
tohost located at 0x80002000
[Sail] Allocating new block 0x0

Running file ref.elf.
ELF Entry @ 0x80000000
begin_signature: 0x80004110
end_signature: 0x80004270
CSR mstatus <- 0x00000000 (input: 0x00000000)
mem[X,0x00001000] -> 0x0297
mem[X,0x00001002] -> 0x0000
[0] [M]: 0x00001000 (0x00000297) auipc t0, 0
x5 <- 0x00001000


mem[X,0x00001004] -> 0x8593
mem[X,0x00001006] -> 0x0202
[1] [M]: 0x00001004 (0x02028593) addi a1, t0, 32
x11 <- 0x00001020


mem[X,0x00001008] -> 0x2573
mem[X,0x0000100A] -> 0xF140
[2] [M]: 0x00001008 (0xF1402573) csrrs a0, mhartid, zero
CSR mhartid -> 0x00000000
x10 <- 0x00000000


mem[X,0x0000100C] -> 0xA283
mem[X,0x0000100E] -> 0x0182
[3] [M]: 0x0000100C (0x0182A283) lw t0, 24(t0)
mem[R,0x00001018] -> 0x80000000
x5 <- 0x80000000


mem[X,0x00001010] -> 0x8067
mem[X,0x00001012] -> 0x0002
[4] [M]: 0x00001010 (0x00028067) jalr zero, t0, 0


mem[X,0x80000000] -> 0xC0B7
mem[X,0x80000002] -> 0xFEED
[5] [M]: 0x80000000 (0xFEEDC0B7) lui ra, 1044188
x1 <- 0xFEEDC000


mem[X,0x80000004] -> 0x8093
mem[X,0x80000006] -> 0xEAD0
[6] [M]: 0x80000004 (0xEAD08093) addi ra, ra, 3757
x1 <- 0xFEEDBEAD


mem[X,0x80000008] -> 0xE137
mem[X,0x8000000A] -> 0xFF76
[7] [M]: 0x80000008 (0xFF76E137) lui sp, 1046382
x2 <- 0xFF76E000


mem[X,0x8000000C] -> 0x0113
mem[X,0x8000000E] -> 0xF561
[8] [M]: 0x8000000C (0xF5610113) addi sp, sp, 3926
x2 <- 0xFF76DF56


mem[X,0x80000010] -> 0x71B7
mem[X,0x80000012] -> 0x7FBB
[9] [M]: 0x80000010 (0x7FBB71B7) lui gp, 523191
x3 <- 0x7FBB7000


mem[X,0x80000014] -> 0x8193
mem[X,0x80000016] -> 0xFAB1
[10] [M]: 0x80000014 (0xFAB18193) addi gp, gp, 4011
x3 <- 0x7FBB6FAB


mem[X,0x80000018] -> 0xB237
mem[X,0x8000001A] -> 0xBFDD
[11] [M]: 0x80000018 (0xBFDDB237) lui tp, 785883
x4 <- 0xBFDDB000


mem[X,0x8000001C] -> 0x0213
mem[X,0x8000001E] -> 0x7D52
[12] [M]: 0x8000001C (0x7D520213) addi tp, tp, 2005
x4 <- 0xBFDDB7D5


mem[X,0x80000020] -> 0x0297
mem[X,0x80000022] -> 0x0000
[13] [M]: 0x80000020 (0x00000297) auipc t0, 0
x5 <- 0x80000020


mem[X,0x80000024] -> 0x8293
mem[X,0x80000026] -> 0x0882
[14] [M]: 0x80000024 (0x08828293) addi t0, t0, 136
x5 <- 0x800000A8


mem[X,0x80000028] -> 0x0013
mem[X,0x8000002A] -> 0x0000
[15] [M]: 0x80000028 (0x00000013) addi zero, zero, 0


mem[X,0x8000002C] -> 0x0013
mem[X,0x8000002E] -> 0x0000
[16] [M]: 0x8000002C (0x00000013) addi zero, zero, 0


mem[X,0x80000030] -> 0x0013
mem[X,0x80000032] -> 0x0000
[17] [M]: 0x80000030 (0x00000013) addi zero, zero, 0


mem[X,0x80000034] -> 0x0013
mem[X,0x80000036] -> 0x0000
[18] [M]: 0x80000034 (0x00000013) addi zero, zero, 0


mem[X,0x80000038] -> 0x0013
mem[X,0x8000003A] -> 0x0000
[19] [M]: 0x80000038 (0x00000013) addi zero, zero, 0


mem[X,0x8000003C] -> 0x0013
mem[X,0x8000003E] -> 0x0000
[20] [M]: 0x8000003C (0x00000013) addi zero, zero, 0


mem[X,0x80000040] -> 0x3317
mem[X,0x80000042] -> 0x0000
[21] [M]: 0x80000040 (0x00003317) auipc t1, 3
x6 <- 0x80003040


mem[X,0x80000044] -> 0x0313
mem[X,0x80000046] -> 0xFC03
[22] [M]: 0x80000044 (0xFC030313) addi t1, t1, 4032
x6 <- 0x80003000


mem[X,0x80000048] -> 0x0013
mem[X,0x8000004A] -> 0x0000
[23] [M]: 0x80000048 (0x00000013) addi zero, zero, 0


mem[X,0x8000004C] -> 0x0013
mem[X,0x8000004E] -> 0x0000
[24] [M]: 0x8000004C (0x00000013) addi zero, zero, 0


mem[X,0x80000050] -> 0x0013
mem[X,0x80000052] -> 0x0000
[25] [M]: 0x80000050 (0x00000013) addi zero, zero, 0


mem[X,0x80000054] -> 0x0013
mem[X,0x80000056] -> 0x0000
[26] [M]: 0x80000054 (0x00000013) addi zero, zero, 0


mem[X,0x80000058] -> 0x0013
mem[X,0x8000005A] -> 0x0000
[27] [M]: 0x80000058 (0x00000013) addi zero, zero, 0


mem[X,0x8000005C] -> 0x0013
mem[X,0x8000005E] -> 0x0000
[28] [M]: 0x8000005C (0x00000013) addi zero, zero, 0


mem[X,0x80000060] -> 0xB3B7
mem[X,0x80000062] -> 0xB7FB
[29] [M]: 0x80000060 (0xB7FBB3B7) lui t2, 753595
x7 <- 0xB7FBB000


mem[X,0x80000064] -> 0x8393
mem[X,0x80000066] -> 0x6FA3
[30] [M]: 0x80000064 (0x6FA38393) addi t2, t2, 1786
x7 <- 0xB7FBB6FA


mem[X,0x80000068] -> 0xE437
mem[X,0x8000006A] -> 0x5BFD
[31] [M]: 0x80000068 (0x5BFDE437) lui fp, 376798
x8 <- 0x5BFDE000


mem[X,0x8000006C] -> 0x0413
mem[X,0x8000006E] -> 0xB7D4
[32] [M]: 0x8000006C (0xB7D40413) addi fp, fp, 2941
x8 <- 0x5BFDDB7D


mem[X,0x80000070] -> 0xF4B7
mem[X,0x80000072] -> 0xADFE
[33] [M]: 0x80000070 (0xADFEF4B7) lui s1, 712687
x9 <- 0xADFEF000


mem[X,0x80000074] -> 0x8493
mem[X,0x80000076] -> 0xDBE4
[34] [M]: 0x80000074 (0xDBE48493) addi s1, s1, 3518
x9 <- 0xADFEEDBE


mem[X,0x80000078] -> 0x7537
mem[X,0x8000007A] -> 0x56FF
[35] [M]: 0x80000078 (0x56FF7537) lui a0, 356343
x10 <- 0x56FF7000


mem[X,0x8000007C] -> 0x0513
mem[X,0x8000007E] -> 0x6DF5
[36] [M]: 0x8000007C (0x6DF50513) addi a0, a0, 1759
x10 <- 0x56FF76DF


mem[X,0x80000080] -> 0xC5B7
mem[X,0x80000082] -> 0xAB7F
[37] [M]: 0x80000080 (0xAB7FC5B7) lui a1, 702460
x11 <- 0xAB7FC000


mem[X,0x80000084] -> 0x8593
mem[X,0x80000086] -> 0xB6F5
[38] [M]: 0x80000084 (0xB6F58593) addi a1, a1, 2927
x11 <- 0xAB7FBB6F


mem[X,0x80000088] -> 0xE637
mem[X,0x8000008A] -> 0xD5BF
[39] [M]: 0x80000088 (0xD5BFE637) lui a2, 875518
x12 <- 0xD5BFE000


mem[X,0x8000008C] -> 0x0613
mem[X,0x8000008E] -> 0xDB76
[40] [M]: 0x8000008C (0xDB760613) addi a2, a2, 3511
x12 <- 0xD5BFDDB7


mem[X,0x80000090] -> 0xF6B7
mem[X,0x80000092] -> 0xEADF
[41] [M]: 0x80000090 (0xEADFF6B7) lui a3, 962047
x13 <- 0xEADFF000


mem[X,0x80000094] -> 0x8693
mem[X,0x80000096] -> 0xEDB6
[42] [M]: 0x80000094 (0xEDB68693) addi a3, a3, 3803
x13 <- 0xEADFEEDB


mem[X,0x80000098] -> 0xF737
mem[X,0x8000009A] -> 0xF56F
[43] [M]: 0x80000098 (0xF56FF737) lui a4, 1005311
x14 <- 0xF56FF000


mem[X,0x8000009C] -> 0x0713
mem[X,0x8000009E] -> 0x76D7
[44] [M]: 0x8000009C (0x76D70713) addi a4, a4, 1901
x14 <- 0xF56FF76D


mem[X,0x800000A0] -> 0x07B7
mem[X,0x800000A2] -> 0xFAB8
[45] [M]: 0x800000A0 (0xFAB807B7) lui a5, 1026944
x15 <- 0xFAB80000


mem[X,0x800000A4] -> 0x8793
mem[X,0x800000A6] -> 0xBB67
[46] [M]: 0x800000A4 (0xBB678793) addi a5, a5, 2998
x15 <- 0xFAB7FBB6


mem[X,0x800000A8] -> 0x0013
mem[X,0x800000AA] -> 0x0000
[47] [M]: 0x800000A8 (0x00000013) addi zero, zero, 0


mem[X,0x800000AC] -> 0x0013
mem[X,0x800000AE] -> 0x0000
[48] [M]: 0x800000AC (0x00000013) addi zero, zero, 0


mem[X,0x800000B0] -> 0x0013
mem[X,0x800000B2] -> 0x0000
[49] [M]: 0x800000B0 (0x00000013) addi zero, zero, 0


mem[X,0x800000B4] -> 0x0013
mem[X,0x800000B6] -> 0x0000
[50] [M]: 0x800000B4 (0x00000013) addi zero, zero, 0


mem[X,0x800000B8] -> 0x0013
mem[X,0x800000BA] -> 0x0000
[51] [M]: 0x800000B8 (0x00000013) addi zero, zero, 0


mem[X,0x800000BC] -> 0x0013
mem[X,0x800000BE] -> 0x0000
[52] [M]: 0x800000BC (0x00000013) addi zero, zero, 0


mem[X,0x800000C0] -> 0x4097
mem[X,0x800000C2] -> 0x0000
[53] [M]: 0x800000C0 (0x00004097) auipc ra, 4
x1 <- 0x800040C0


mem[X,0x800000C4] -> 0x8093
mem[X,0x800000C6] -> 0x0540
[54] [M]: 0x800000C4 (0x05408093) addi ra, ra, 84
x1 <- 0x80004114


mem[X,0x800000C8] -> 0x0013
mem[X,0x800000CA] -> 0x0000
[55] [M]: 0x800000C8 (0x00000013) addi zero, zero, 0


mem[X,0x800000CC] -> 0x0013
mem[X,0x800000CE] -> 0x0000
[56] [M]: 0x800000CC (0x00000013) addi zero, zero, 0


mem[X,0x800000D0] -> 0x0013
mem[X,0x800000D2] -> 0x0000
[57] [M]: 0x800000D0 (0x00000013) addi zero, zero, 0


mem[X,0x800000D4] -> 0x0013
mem[X,0x800000D6] -> 0x0000
[58] [M]: 0x800000D4 (0x00000013) addi zero, zero, 0


mem[X,0x800000D8] -> 0x0013
mem[X,0x800000DA] -> 0x0000
[59] [M]: 0x800000D8 (0x00000013) addi zero, zero, 0


mem[X,0x800000DC] -> 0x0013
mem[X,0x800000DE] -> 0x0000
[60] [M]: 0x800000DC (0x00000013) addi zero, zero, 0


mem[X,0x800000E0] -> 0x04B7
mem[X,0x800000E2] -> 0x8000
[61] [M]: 0x800000E0 (0x800004B7) lui s1, 524288
x9 <- 0x80000000


mem[X,0x800000E4] -> 0xA811
[62] [M]: 0x800000E4 (0xA811) c.j 10


mem[X,0x800000F8] -> 0xD8E5
[63] [M]: 0x800000F8 (0xD8E5) c.beqz s1, 248


mem[X,0x800000FA] -> 0x0113
mem[X,0x800000FC] -> 0x0021
[64] [M]: 0x800000FA (0x00210113) addi sp, sp, 2
x2 <- 0xFF76DF58


mem[X,0x800000FE] -> 0x006F
mem[X,0x80000100] -> 0x0060
[65] [M]: 0x800000FE (0x0060006F) jal zero, 6


mem[X,0x80000104] -> 0xA023
mem[X,0x80000106] -> 0x0020
[66] [M]: 0x80000104 (0x0020A023) sw sp, 0(ra)
mem[0x80004114] <- 0xFF76DF58


mem[X,0x80000108] -> 0x4501
[67] [M]: 0x80000108 (0x4501) c.li a0, 0
x10 <- 0x00000000


mem[X,0x8000010A] -> 0xA039
[68] [M]: 0x8000010A (0xA039) c.j 7


mem[X,0x80000118] -> 0xD97D
[69] [M]: 0x80000118 (0xD97D) c.beqz a0, 251


mem[X,0x8000010E] -> 0x0113
mem[X,0x80000110] -> 0x0011
[70] [M]: 0x8000010E (0x00110113) addi sp, sp, 1
x2 <- 0xFF76DF59


mem[X,0x80000112] -> 0x006F
mem[X,0x80000114] -> 0x0120
[71] [M]: 0x80000112 (0x0120006F) jal zero, 18


mem[X,0x80000124] -> 0xA223
mem[X,0x80000126] -> 0x0020
[72] [M]: 0x80000124 (0x0020A223) sw sp, 4(ra)
mem[0x80004118] <- 0xFF76DF59


mem[X,0x80000128] -> 0x06B7
mem[X,0x8000012A] -> 0x8000
[73] [M]: 0x80000128 (0x800006B7) lui a3, 524288
x13 <- 0x80000000


mem[X,0x8000012C] -> 0x16FD
[74] [M]: 0x8000012C (0x16FD) c.addi a3, 63
x13 <- 0x7FFFFFFF


mem[X,0x8000012E] -> 0xA031
[75] [M]: 0x8000012E (0xA031) c.j 6


mem[X,0x8000013A] -> 0xC285
[76] [M]: 0x8000013A (0xC285) c.beqz a3, 16


mem[X,0x8000013C] -> 0x0113
mem[X,0x8000013E] -> 0x0021
[77] [M]: 0x8000013C (0x00210113) addi sp, sp, 2
x2 <- 0xFF76DF5B


mem[X,0x80000140] -> 0x006F
mem[X,0x80000142] -> 0x01C0
[78] [M]: 0x80000140 (0x01C0006F) jal zero, 28


mem[X,0x8000015C] -> 0xA423
mem[X,0x8000015E] -> 0x0020
[79] [M]: 0x8000015C (0x0020A423) sw sp, 8(ra)
mem[0x8000411C] <- 0xFF76DF5B


mem[X,0x80000160] -> 0x4405
[80] [M]: 0x80000160 (0x4405) c.li fp, 1
x8 <- 0x00000001


mem[X,0x80000162] -> 0xA819
[81] [M]: 0x80000162 (0xA819) c.j 11


mem[X,0x80000178] -> 0xD47D
[82] [M]: 0x80000178 (0xD47D) c.beqz s0, 247


mem[X,0x8000017A] -> 0x0113
mem[X,0x8000017C] -> 0x0021
[83] [M]: 0x8000017A (0x00210113) addi sp, sp, 2
x2 <- 0xFF76DF5D


mem[X,0x8000017E] -> 0x006F
mem[X,0x80000180] -> 0x0060
[84] [M]: 0x8000017E (0x0060006F) jal zero, 6


mem[X,0x80000184] -> 0xA623
mem[X,0x80000186] -> 0x0020
[85] [M]: 0x80000184 (0x0020A623) sw sp, 12(ra)
mem[0x80004120] <- 0xFF76DF5D


mem[X,0x80000188] -> 0x7581
[86] [M]: 0x80000188 (0x7581) c.lui a1, 32
x11 <- 0xFFFE0000


mem[X,0x8000018A] -> 0x15FD
[87] [M]: 0x8000018A (0x15FD) c.addi a1, 63
x11 <- 0xFFFDFFFF


mem[X,0x8000018C] -> 0xA031
[88] [M]: 0x8000018C (0xA031) c.j 6


mem[X,0x80000198] -> 0xCDBD
[89] [M]: 0x80000198 (0xCDBD) c.beqz a1, 63


mem[X,0x8000019A] -> 0x0113
mem[X,0x8000019C] -> 0x0021
[90] [M]: 0x8000019A (0x00210113) addi sp, sp, 2
x2 <- 0xFF76DF5F


mem[X,0x8000019E] -> 0x006F
mem[X,0x800001A0] -> 0x07A0
[91] [M]: 0x8000019E (0x07A0006F) jal zero, 122


mem[X,0x80000218] -> 0xA823
mem[X,0x8000021A] -> 0x0020
[92] [M]: 0x80000218 (0x0020A823) sw sp, 16(ra)
mem[0x80004124] <- 0xFF76DF5F


mem[X,0x8000021C] -> 0x4601
[93] [M]: 0x8000021C (0x4601) c.li a2, 0
x12 <- 0x00000000


mem[X,0x8000021E] -> 0xA031
[94] [M]: 0x8000021E (0xA031) c.j 6


mem[X,0x8000022A] -> 0xC205
[95] [M]: 0x8000022A (0xC205) c.beqz a2, 16


mem[X,0x8000024A] -> 0x010D
[96] [M]: 0x8000024A (0x010D) c.addi sp, 3
x2 <- 0xFF76DF62


mem[X,0x8000024C] -> 0xAA23
mem[X,0x8000024E] -> 0x0020
[97] [M]: 0x8000024C (0x0020AA23) sw sp, 20(ra)
mem[0x80004128] <- 0xFF76DF62


mem[X,0x80000250] -> 0x4789
[98] [M]: 0x80000250 (0x4789) c.li a5, 2
x15 <- 0x00000002


mem[X,0x80000252] -> 0xA031
[99] [M]: 0x80000252 (0xA031) c.j 6


clint::tick mtime <- 0x0000000000000001
 clint timer pending at mtime 0x0000000000000001
htif::tick 0x0000000000000000
mem[X,0x8000025E] -> 0xC789
[100] [M]: 0x8000025E (0xC789) c.beqz a5, 5


mem[X,0x80000260] -> 0x0113
mem[X,0x80000262] -> 0x0021
[101] [M]: 0x80000260 (0x00210113) addi sp, sp, 2
x2 <- 0xFF76DF64


mem[X,0x80000264] -> 0x006F
mem[X,0x80000266] -> 0x0060
[102] [M]: 0x80000264 (0x0060006F) jal zero, 6


mem[X,0x8000026A] -> 0xAC23
mem[X,0x8000026C] -> 0x0020
[103] [M]: 0x8000026A (0x0020AC23) sw sp, 24(ra)
mem[0x8000412C] <- 0xFF76DF64


mem[X,0x8000026E] -> 0x4711
[104] [M]: 0x8000026E (0x4711) c.li a4, 4
x14 <- 0x00000004


mem[X,0x80000270] -> 0xA031
[105] [M]: 0x80000270 (0xA031) c.j 6


mem[X,0x8000027C] -> 0xC709
[106] [M]: 0x8000027C (0xC709) c.beqz a4, 5


mem[X,0x8000027E] -> 0x0113
mem[X,0x80000280] -> 0x0021
[107] [M]: 0x8000027E (0x00210113) addi sp, sp, 2
x2 <- 0xFF76DF66


mem[X,0x80000282] -> 0x006F
mem[X,0x80000284] -> 0x0060
[108] [M]: 0x80000282 (0x0060006F) jal zero, 6


mem[X,0x80000288] -> 0xAE23
mem[X,0x8000028A] -> 0x0020
[109] [M]: 0x80000288 (0x0020AE23) sw sp, 28(ra)
mem[0x80004130] <- 0xFF76DF66


mem[X,0x8000028C] -> 0x4521
[110] [M]: 0x8000028C (0x4521) c.li a0, 8
x10 <- 0x00000008


mem[X,0x8000028E] -> 0xA819
[111] [M]: 0x8000028E (0xA819) c.j 11


mem[X,0x800002A4] -> 0xD57D
[112] [M]: 0x800002A4 (0xD57D) c.beqz a0, 247


mem[X,0x800002A6] -> 0x0113
mem[X,0x800002A8] -> 0x0021
[113] [M]: 0x800002A6 (0x00210113) addi sp, sp, 2
x2 <- 0xFF76DF68


mem[X,0x800002AA] -> 0x006F
mem[X,0x800002AC] -> 0x0060
[114] [M]: 0x800002AA (0x0060006F) jal zero, 6


mem[X,0x800002B0] -> 0xA023
mem[X,0x800002B2] -> 0x0220
[115] [M]: 0x800002B0 (0x0220A023) sw sp, 32(ra)
mem[0x80004134] <- 0xFF76DF68


mem[X,0x800002B4] -> 0x4541
[116] [M]: 0x800002B4 (0x4541) c.li a0, 16
x10 <- 0x00000010


mem[X,0x800002B6] -> 0xA809
[117] [M]: 0x800002B6 (0xA809) c.j 9


mem[X,0x800002C8] -> 0xD96D
[118] [M]: 0x800002C8 (0xD96D) c.beqz a0, 249


mem[X,0x800002CA] -> 0x0113
mem[X,0x800002CC] -> 0x0021
[119] [M]: 0x800002CA (0x00210113) addi sp, sp, 2
x2 <- 0xFF76DF6A


mem[X,0x800002CE] -> 0x006F
mem[X,0x800002D0] -> 0x0060
[120] [M]: 0x800002CE (0x0060006F) jal zero, 6


mem[X,0x800002D4] -> 0xA223
mem[X,0x800002D6] -> 0x0220
[121] [M]: 0x800002D4 (0x0220A223) sw sp, 36(ra)
mem[0x80004138] <- 0xFF76DF6A


mem[X,0x800002D8] -> 0x0513
mem[X,0x800002DA] -> 0x0200
[122] [M]: 0x800002D8 (0x02000513) addi a0, zero, 32
x10 <- 0x00000020


mem[X,0x800002DC] -> 0xA031
[123] [M]: 0x800002DC (0xA031) c.j 6


mem[X,0x800002E8] -> 0xC121
[124] [M]: 0x800002E8 (0xC121) c.beqz a0, 32


mem[X,0x800002EA] -> 0x0113
mem[X,0x800002EC] -> 0x0021
[125] [M]: 0x800002EA (0x00210113) addi sp, sp, 2
x2 <- 0xFF76DF6C


mem[X,0x800002EE] -> 0x006F
mem[X,0x800002F0] -> 0x03C0
[126] [M]: 0x800002EE (0x03C0006F) jal zero, 60


mem[X,0x8000032A] -> 0xA423
mem[X,0x8000032C] -> 0x0220
[127] [M]: 0x8000032A (0x0220A423) sw sp, 40(ra)
mem[0x8000413C] <- 0xFF76DF6C


mem[X,0x8000032E] -> 0x0513
mem[X,0x80000330] -> 0x0400
[128] [M]: 0x8000032E (0x04000513) addi a0, zero, 64
x10 <- 0x00000040


mem[X,0x80000332] -> 0xA031
[129] [M]: 0x80000332 (0xA031) c.j 6


mem[X,0x8000033E] -> 0xC511
[130] [M]: 0x8000033E (0xC511) c.beqz a0, 6


mem[X,0x80000340] -> 0x0113
mem[X,0x80000342] -> 0x0021
[131] [M]: 0x80000340 (0x00210113) addi sp, sp, 2
x2 <- 0xFF76DF6E


mem[X,0x80000344] -> 0x006F
mem[X,0x80000346] -> 0x0080
[132] [M]: 0x80000344 (0x0080006F) jal zero, 8


mem[X,0x8000034C] -> 0xA623
mem[X,0x8000034E] -> 0x0220
[133] [M]: 0x8000034C (0x0220A623) sw sp, 44(ra)
mem[0x80004140] <- 0xFF76DF6E


mem[X,0x80000350] -> 0x0513
mem[X,0x80000352] -> 0x0800
[134] [M]: 0x80000350 (0x08000513) addi a0, zero, 128
x10 <- 0x00000080


mem[X,0x80000354] -> 0xA821
[135] [M]: 0x80000354 (0xA821) c.j 12


mem[X,0x8000036C] -> 0xD575
[136] [M]: 0x8000036C (0xD575) c.beqz a0, 246


mem[X,0x8000036E] -> 0x0113
mem[X,0x80000370] -> 0x0021
[137] [M]: 0x8000036E (0x00210113) addi sp, sp, 2
x2 <- 0xFF76DF70


mem[X,0x80000372] -> 0x006F
mem[X,0x80000374] -> 0x0060
[138] [M]: 0x80000372 (0x0060006F) jal zero, 6


mem[X,0x80000378] -> 0xA823
mem[X,0x8000037A] -> 0x0220
[139] [M]: 0x80000378 (0x0220A823) sw sp, 48(ra)
mem[0x80004144] <- 0xFF76DF70


mem[X,0x8000037C] -> 0x0513
mem[X,0x8000037E] -> 0x1000
[140] [M]: 0x8000037C (0x10000513) addi a0, zero, 256
x10 <- 0x00000100


mem[X,0x80000380] -> 0xA039
[141] [M]: 0x80000380 (0xA039) c.j 7


mem[X,0x8000038E] -> 0xD97D
[142] [M]: 0x8000038E (0xD97D) c.beqz a0, 251


mem[X,0x80000390] -> 0x0113
mem[X,0x80000392] -> 0x0021
[143] [M]: 0x80000390 (0x00210113) addi sp, sp, 2
x2 <- 0xFF76DF72


mem[X,0x80000394] -> 0x006F
mem[X,0x80000396] -> 0x0060
[144] [M]: 0x80000394 (0x0060006F) jal zero, 6


mem[X,0x8000039A] -> 0xAA23
mem[X,0x8000039C] -> 0x0220
[145] [M]: 0x8000039A (0x0220AA23) sw sp, 52(ra)
mem[0x80004148] <- 0xFF76DF72


mem[X,0x8000039E] -> 0x0513
mem[X,0x800003A0] -> 0x2000
[146] [M]: 0x8000039E (0x20000513) addi a0, zero, 512
x10 <- 0x00000200


mem[X,0x800003A2] -> 0xA031
[147] [M]: 0x800003A2 (0xA031) c.j 6


mem[X,0x800003AE] -> 0xCD3D
[148] [M]: 0x800003AE (0xCD3D) c.beqz a0, 63


mem[X,0x800003B0] -> 0x0113
mem[X,0x800003B2] -> 0x0021
[149] [M]: 0x800003B0 (0x00210113) addi sp, sp, 2
x2 <- 0xFF76DF74


mem[X,0x800003B4] -> 0x006F
mem[X,0x800003B6] -> 0x07A0
[150] [M]: 0x800003B4 (0x07A0006F) jal zero, 122


mem[X,0x8000042E] -> 0xAC23
mem[X,0x80000430] -> 0x0220
[151] [M]: 0x8000042E (0x0220AC23) sw sp, 56(ra)
mem[0x8000414C] <- 0xFF76DF74


mem[X,0x80000432] -> 0x0513
mem[X,0x80000434] -> 0x4000
[152] [M]: 0x80000432 (0x40000513) addi a0, zero, 1024
x10 <- 0x00000400


mem[X,0x80000436] -> 0xA811
[153] [M]: 0x80000436 (0xA811) c.j 10


mem[X,0x8000044A] -> 0xD965
[154] [M]: 0x8000044A (0xD965) c.beqz a0, 248


mem[X,0x8000044C] -> 0x0113
mem[X,0x8000044E] -> 0x0021
[155] [M]: 0x8000044C (0x00210113) addi sp, sp, 2
x2 <- 0xFF76DF76


mem[X,0x80000450] -> 0x006F
mem[X,0x80000452] -> 0x0060
[156] [M]: 0x80000450 (0x0060006F) jal zero, 6


mem[X,0x80000456] -> 0xAE23
mem[X,0x80000458] -> 0x0220
[157] [M]: 0x80000456 (0x0220AE23) sw sp, 60(ra)
mem[0x80004150] <- 0xFF76DF76


mem[X,0x8000045A] -> 0x6505
[158] [M]: 0x8000045A (0x6505) c.lui a0, 1
x10 <- 0x00001000


mem[X,0x8000045C] -> 0x0513
mem[X,0x8000045E] -> 0x8005
[159] [M]: 0x8000045C (0x80050513) addi a0, a0, 2048
x10 <- 0x00000800


mem[X,0x80000460] -> 0xA845
[160] [M]: 0x80000460 (0xA845) c.j 88


mem[X,0x80000510] -> 0xD931
[161] [M]: 0x80000510 (0xD931) c.beqz a0, 170


mem[X,0x80000512] -> 0x0113
mem[X,0x80000514] -> 0x0021
[162] [M]: 0x80000512 (0x00210113) addi sp, sp, 2
x2 <- 0xFF76DF78


mem[X,0x80000516] -> 0x006F
mem[X,0x80000518] -> 0x0060
[163] [M]: 0x80000516 (0x0060006F) jal zero, 6


mem[X,0x8000051C] -> 0xA023
mem[X,0x8000051E] -> 0x0420
[164] [M]: 0x8000051C (0x0420A023) sw sp, 64(ra)
mem[0x80004154] <- 0xFF76DF78


mem[X,0x80000520] -> 0x6505
[165] [M]: 0x80000520 (0x6505) c.lui a0, 1
x10 <- 0x00001000


mem[X,0x80000522] -> 0xA031
[166] [M]: 0x80000522 (0xA031) c.j 6


mem[X,0x8000052E] -> 0xC509
[167] [M]: 0x8000052E (0xC509) c.beqz a0, 5


mem[X,0x80000530] -> 0x0113
mem[X,0x80000532] -> 0x0021
[168] [M]: 0x80000530 (0x00210113) addi sp, sp, 2
x2 <- 0xFF76DF7A


mem[X,0x80000534] -> 0x006F
mem[X,0x80000536] -> 0x0060
[169] [M]: 0x80000534 (0x0060006F) jal zero, 6


mem[X,0x8000053A] -> 0xA223
mem[X,0x8000053C] -> 0x0420
[170] [M]: 0x8000053A (0x0420A223) sw sp, 68(ra)
mem[0x80004158] <- 0xFF76DF7A


mem[X,0x8000053E] -> 0x6509
[171] [M]: 0x8000053E (0x6509) c.lui a0, 2
x10 <- 0x00002000


mem[X,0x80000540] -> 0xA031
[172] [M]: 0x80000540 (0xA031) c.j 6


mem[X,0x8000054C] -> 0xC519
[173] [M]: 0x8000054C (0xC519) c.beqz a0, 7


mem[X,0x8000054E] -> 0x0113
mem[X,0x80000550] -> 0x0021
[174] [M]: 0x8000054E (0x00210113) addi sp, sp, 2
x2 <- 0xFF76DF7C


mem[X,0x80000552] -> 0x006F
mem[X,0x80000554] -> 0x00A0
[175] [M]: 0x80000552 (0x00A0006F) jal zero, 10


mem[X,0x8000055C] -> 0xA423
mem[X,0x8000055E] -> 0x0420
[176] [M]: 0x8000055C (0x0420A423) sw sp, 72(ra)
mem[0x8000415C] <- 0xFF76DF7C


mem[X,0x80000560] -> 0x6511
[177] [M]: 0x80000560 (0x6511) c.lui a0, 4
x10 <- 0x00004000


mem[X,0x80000562] -> 0xA031
[178] [M]: 0x80000562 (0xA031) c.j 6


mem[X,0x8000056E] -> 0xDD65
[179] [M]: 0x8000056E (0xDD65) c.beqz a0, 252


mem[X,0x80000570] -> 0x0113
mem[X,0x80000572] -> 0x0021
[180] [M]: 0x80000570 (0x00210113) addi sp, sp, 2
x2 <- 0xFF76DF7E


mem[X,0x80000574] -> 0x006F
mem[X,0x80000576] -> 0x0060
[181] [M]: 0x80000574 (0x0060006F) jal zero, 6


mem[X,0x8000057A] -> 0xA623
mem[X,0x8000057C] -> 0x0420
[182] [M]: 0x8000057A (0x0420A623) sw sp, 76(ra)
mem[0x80004160] <- 0xFF76DF7E


mem[X,0x8000057E] -> 0x6521
[183] [M]: 0x8000057E (0x6521) c.lui a0, 8
x10 <- 0x00008000


mem[X,0x80000580] -> 0xA031
[184] [M]: 0x80000580 (0xA031) c.j 6


mem[X,0x8000058C] -> 0xC121
[185] [M]: 0x8000058C (0xC121) c.beqz a0, 32


mem[X,0x8000058E] -> 0x0113
mem[X,0x80000590] -> 0x0021
[186] [M]: 0x8000058E (0x00210113) addi sp, sp, 2
x2 <- 0xFF76DF80


mem[X,0x80000592] -> 0x006F
mem[X,0x80000594] -> 0x03C0
[187] [M]: 0x80000592 (0x03C0006F) jal zero, 60


mem[X,0x800005CE] -> 0xA823
mem[X,0x800005D0] -> 0x0420
[188] [M]: 0x800005CE (0x0420A823) sw sp, 80(ra)
mem[0x80004164] <- 0xFF76DF80


mem[X,0x800005D2] -> 0x6541
[189] [M]: 0x800005D2 (0x6541) c.lui a0, 16
x10 <- 0x00010000


mem[X,0x800005D4] -> 0xA031
[190] [M]: 0x800005D4 (0xA031) c.j 6


mem[X,0x800005E0] -> 0xC509
[191] [M]: 0x800005E0 (0xC509) c.beqz a0, 5


mem[X,0x800005E2] -> 0x0113
mem[X,0x800005E4] -> 0x0021
[192] [M]: 0x800005E2 (0x00210113) addi sp, sp, 2
x2 <- 0xFF76DF82


mem[X,0x800005E6] -> 0x006F
mem[X,0x800005E8] -> 0x0060
[193] [M]: 0x800005E6 (0x0060006F) jal zero, 6


mem[X,0x800005EC] -> 0xAA23
mem[X,0x800005EE] -> 0x0420
[194] [M]: 0x800005EC (0x0420AA23) sw sp, 84(ra)
mem[0x80004168] <- 0xFF76DF82


mem[X,0x800005F0] -> 0x0537
mem[X,0x800005F2] -> 0x0002
[195] [M]: 0x800005F0 (0x00020537) lui a0, 32
x10 <- 0x00020000


mem[X,0x800005F4] -> 0xA031
[196] [M]: 0x800005F4 (0xA031) c.j 6


mem[X,0x80000600] -> 0xC509
[197] [M]: 0x80000600 (0xC509) c.beqz a0, 5


mem[X,0x80000602] -> 0x0113
mem[X,0x80000604] -> 0x0021
[198] [M]: 0x80000602 (0x00210113) addi sp, sp, 2
x2 <- 0xFF76DF84


mem[X,0x80000606] -> 0x006F
mem[X,0x80000608] -> 0x0060
[199] [M]: 0x80000606 (0x0060006F) jal zero, 6


clint::tick mtime <- 0x0000000000000002
 clint timer pending at mtime 0x0000000000000002
htif::tick 0x0000000000000000
mem[X,0x8000060C] -> 0xAC23
mem[X,0x8000060E] -> 0x0420
[200] [M]: 0x8000060C (0x0420AC23) sw sp, 88(ra)
mem[0x8000416C] <- 0xFF76DF84


mem[X,0x80000610] -> 0x0537
mem[X,0x80000612] -> 0x0004
[201] [M]: 0x80000610 (0x00040537) lui a0, 64
x10 <- 0x00040000


mem[X,0x80000614] -> 0xA031
[202] [M]: 0x80000614 (0xA031) c.j 6


mem[X,0x80000620] -> 0xDD65
[203] [M]: 0x80000620 (0xDD65) c.beqz a0, 252


mem[X,0x80000622] -> 0x0113
mem[X,0x80000624] -> 0x0021
[204] [M]: 0x80000622 (0x00210113) addi sp, sp, 2
x2 <- 0xFF76DF86


mem[X,0x80000626] -> 0x006F
mem[X,0x80000628] -> 0x0060
[205] [M]: 0x80000626 (0x0060006F) jal zero, 6


mem[X,0x8000062C] -> 0xAE23
mem[X,0x8000062E] -> 0x0420
[206] [M]: 0x8000062C (0x0420AE23) sw sp, 92(ra)
mem[0x80004170] <- 0xFF76DF86


mem[X,0x80000630] -> 0x0537
mem[X,0x80000632] -> 0x0008
[207] [M]: 0x80000630 (0x00080537) lui a0, 128
x10 <- 0x00080000


mem[X,0x80000634] -> 0xA031
[208] [M]: 0x80000634 (0xA031) c.j 6


mem[X,0x80000640] -> 0xC519
[209] [M]: 0x80000640 (0xC519) c.beqz a0, 7


mem[X,0x80000642] -> 0x0113
mem[X,0x80000644] -> 0x0021
[210] [M]: 0x80000642 (0x00210113) addi sp, sp, 2
x2 <- 0xFF76DF88


mem[X,0x80000646] -> 0x006F
mem[X,0x80000648] -> 0x00A0
[211] [M]: 0x80000646 (0x00A0006F) jal zero, 10


mem[X,0x80000650] -> 0xA023
mem[X,0x80000652] -> 0x0620
[212] [M]: 0x80000650 (0x0620A023) sw sp, 96(ra)
mem[0x80004174] <- 0xFF76DF88


mem[X,0x80000654] -> 0x0537
mem[X,0x80000656] -> 0x0010
[213] [M]: 0x80000654 (0x00100537) lui a0, 256
x10 <- 0x00100000


mem[X,0x80000658] -> 0xA01D
[214] [M]: 0x80000658 (0xA01D) c.j 19


mem[X,0x8000067E] -> 0xDD79
[215] [M]: 0x8000067E (0xDD79) c.beqz a0, 239


mem[X,0x80000680] -> 0x0113
mem[X,0x80000682] -> 0x0021
[216] [M]: 0x80000680 (0x00210113) addi sp, sp, 2
x2 <- 0xFF76DF8A


mem[X,0x80000684] -> 0x006F
mem[X,0x80000686] -> 0x0060
[217] [M]: 0x80000684 (0x0060006F) jal zero, 6


mem[X,0x8000068A] -> 0xA223
mem[X,0x8000068C] -> 0x0620
[218] [M]: 0x8000068A (0x0620A223) sw sp, 100(ra)
mem[0x80004178] <- 0xFF76DF8A


mem[X,0x8000068E] -> 0x0537
mem[X,0x80000690] -> 0x0020
[219] [M]: 0x8000068E (0x00200537) lui a0, 512
x10 <- 0x00200000


mem[X,0x80000692] -> 0xA031
[220] [M]: 0x80000692 (0xA031) c.j 6


mem[X,0x8000069E] -> 0xC509
[221] [M]: 0x8000069E (0xC509) c.beqz a0, 5


mem[X,0x800006A0] -> 0x0113
mem[X,0x800006A2] -> 0x0021
[222] [M]: 0x800006A0 (0x00210113) addi sp, sp, 2
x2 <- 0xFF76DF8C


mem[X,0x800006A4] -> 0x006F
mem[X,0x800006A6] -> 0x0060
[223] [M]: 0x800006A4 (0x0060006F) jal zero, 6


mem[X,0x800006AA] -> 0xA423
mem[X,0x800006AC] -> 0x0620
[224] [M]: 0x800006AA (0x0620A423) sw sp, 104(ra)
mem[0x8000417C] <- 0xFF76DF8C


mem[X,0x800006AE] -> 0x0537
mem[X,0x800006B0] -> 0x0040
[225] [M]: 0x800006AE (0x00400537) lui a0, 1024
x10 <- 0x00400000


mem[X,0x800006B2] -> 0xA031
[226] [M]: 0x800006B2 (0xA031) c.j 6


mem[X,0x800006BE] -> 0xC121
[227] [M]: 0x800006BE (0xC121) c.beqz a0, 32


mem[X,0x800006C0] -> 0x0113
mem[X,0x800006C2] -> 0x0021
[228] [M]: 0x800006C0 (0x00210113) addi sp, sp, 2
x2 <- 0xFF76DF8E


mem[X,0x800006C4] -> 0x006F
mem[X,0x800006C6] -> 0x03C0
[229] [M]: 0x800006C4 (0x03C0006F) jal zero, 60


mem[X,0x80000700] -> 0xA623
mem[X,0x80000702] -> 0x0620
[230] [M]: 0x80000700 (0x0620A623) sw sp, 108(ra)
mem[0x80004180] <- 0xFF76DF8E


mem[X,0x80000704] -> 0x0537
mem[X,0x80000706] -> 0x0080
[231] [M]: 0x80000704 (0x00800537) lui a0, 2048
x10 <- 0x00800000


mem[X,0x80000708] -> 0xA031
[232] [M]: 0x80000708 (0xA031) c.j 6


mem[X,0x80000714] -> 0xC509
[233] [M]: 0x80000714 (0xC509) c.beqz a0, 5


mem[X,0x80000716] -> 0x0113
mem[X,0x80000718] -> 0x0021
[234] [M]: 0x80000716 (0x00210113) addi sp, sp, 2
x2 <- 0xFF76DF90


mem[X,0x8000071A] -> 0x006F
mem[X,0x8000071C] -> 0x0060
[235] [M]: 0x8000071A (0x0060006F) jal zero, 6


mem[X,0x80000720] -> 0xA823
mem[X,0x80000722] -> 0x0620
[236] [M]: 0x80000720 (0x0620A823) sw sp, 112(ra)
mem[0x80004184] <- 0xFF76DF90


mem[X,0x80000724] -> 0x0537
mem[X,0x80000726] -> 0x0100
[237] [M]: 0x80000724 (0x01000537) lui a0, 4096
x10 <- 0x01000000


mem[X,0x80000728] -> 0xA031
[238] [M]: 0x80000728 (0xA031) c.j 6


mem[X,0x80000734] -> 0xC509
[239] [M]: 0x80000734 (0xC509) c.beqz a0, 5


mem[X,0x80000736] -> 0x0113
mem[X,0x80000738] -> 0x0021
[240] [M]: 0x80000736 (0x00210113) addi sp, sp, 2
x2 <- 0xFF76DF92


mem[X,0x8000073A] -> 0x006F
mem[X,0x8000073C] -> 0x0060
[241] [M]: 0x8000073A (0x0060006F) jal zero, 6


mem[X,0x80000740] -> 0xAA23
mem[X,0x80000742] -> 0x0620
[242] [M]: 0x80000740 (0x0620AA23) sw sp, 116(ra)
mem[0x80004188] <- 0xFF76DF92


mem[X,0x80000744] -> 0x0537
mem[X,0x80000746] -> 0x0200
[243] [M]: 0x80000744 (0x02000537) lui a0, 8192
x10 <- 0x02000000


mem[X,0x80000748] -> 0xA031
[244] [M]: 0x80000748 (0xA031) c.j 6


mem[X,0x80000754] -> 0xC509
[245] [M]: 0x80000754 (0xC509) c.beqz a0, 5


mem[X,0x80000756] -> 0x0113
mem[X,0x80000758] -> 0x0021
[246] [M]: 0x80000756 (0x00210113) addi sp, sp, 2
x2 <- 0xFF76DF94


mem[X,0x8000075A] -> 0x006F
mem[X,0x8000075C] -> 0x0060
[247] [M]: 0x8000075A (0x0060006F) jal zero, 6


mem[X,0x80000760] -> 0xAC23
mem[X,0x80000762] -> 0x0620
[248] [M]: 0x80000760 (0x0620AC23) sw sp, 120(ra)
mem[0x8000418C] <- 0xFF76DF94


mem[X,0x80000764] -> 0x0537
mem[X,0x80000766] -> 0x0400
[249] [M]: 0x80000764 (0x04000537) lui a0, 16384
x10 <- 0x04000000


mem[X,0x80000768] -> 0xA039
[250] [M]: 0x80000768 (0xA039) c.j 7


mem[X,0x80000776] -> 0xD97D
[251] [M]: 0x80000776 (0xD97D) c.beqz a0, 251


mem[X,0x80000778] -> 0x0113
mem[X,0x8000077A] -> 0x0021
[252] [M]: 0x80000778 (0x00210113) addi sp, sp, 2
x2 <- 0xFF76DF96


mem[X,0x8000077C] -> 0x006F
mem[X,0x8000077E] -> 0x0060
[253] [M]: 0x8000077C (0x0060006F) jal zero, 6


mem[X,0x80000782] -> 0xAE23
mem[X,0x80000784] -> 0x0620
[254] [M]: 0x80000782 (0x0620AE23) sw sp, 124(ra)
mem[0x80004190] <- 0xFF76DF96


mem[X,0x80000786] -> 0x0537
mem[X,0x80000788] -> 0x0800
[255] [M]: 0x80000786 (0x08000537) lui a0, 32768
x10 <- 0x08000000


mem[X,0x8000078A] -> 0xA039
[256] [M]: 0x8000078A (0xA039) c.j 7


mem[X,0x80000798] -> 0xD97D
[257] [M]: 0x80000798 (0xD97D) c.beqz a0, 251


mem[X,0x8000079A] -> 0x0113
mem[X,0x8000079C] -> 0x0021
[258] [M]: 0x8000079A (0x00210113) addi sp, sp, 2
x2 <- 0xFF76DF98


mem[X,0x8000079E] -> 0x006F
mem[X,0x800007A0] -> 0x0060
[259] [M]: 0x8000079E (0x0060006F) jal zero, 6


mem[X,0x800007A4] -> 0xA023
mem[X,0x800007A6] -> 0x0820
[260] [M]: 0x800007A4 (0x0820A023) sw sp, 128(ra)
mem[0x80004194] <- 0xFF76DF98


mem[X,0x800007A8] -> 0x0537
mem[X,0x800007AA] -> 0x1000
[261] [M]: 0x800007A8 (0x10000537) lui a0, 65536
x10 <- 0x10000000


mem[X,0x800007AC] -> 0xA031
[262] [M]: 0x800007AC (0xA031) c.j 6


mem[X,0x800007B8] -> 0xC519
[263] [M]: 0x800007B8 (0xC519) c.beqz a0, 7


mem[X,0x800007BA] -> 0x0113
mem[X,0x800007BC] -> 0x0021
[264] [M]: 0x800007BA (0x00210113) addi sp, sp, 2
x2 <- 0xFF76DF9A


mem[X,0x800007BE] -> 0x006F
mem[X,0x800007C0] -> 0x00A0
[265] [M]: 0x800007BE (0x00A0006F) jal zero, 10


mem[X,0x800007C8] -> 0xA223
mem[X,0x800007CA] -> 0x0820
[266] [M]: 0x800007C8 (0x0820A223) sw sp, 132(ra)
mem[0x80004198] <- 0xFF76DF9A


mem[X,0x800007CC] -> 0x0537
mem[X,0x800007CE] -> 0x2000
[267] [M]: 0x800007CC (0x20000537) lui a0, 131072
x10 <- 0x20000000


mem[X,0x800007D0] -> 0xA031
[268] [M]: 0x800007D0 (0xA031) c.j 6


mem[X,0x800007DC] -> 0xC141
[269] [M]: 0x800007DC (0xC141) c.beqz a0, 64


mem[X,0x800007DE] -> 0x0113
mem[X,0x800007E0] -> 0x0021
[270] [M]: 0x800007DE (0x00210113) addi sp, sp, 2
x2 <- 0xFF76DF9C


mem[X,0x800007E2] -> 0x006F
mem[X,0x800007E4] -> 0x07C0
[271] [M]: 0x800007E2 (0x07C0006F) jal zero, 124


mem[X,0x8000085E] -> 0xA423
mem[X,0x80000860] -> 0x0820
[272] [M]: 0x8000085E (0x0820A423) sw sp, 136(ra)
mem[0x8000419C] <- 0xFF76DF9C


mem[X,0x80000862] -> 0x0537
mem[X,0x80000864] -> 0x4000
[273] [M]: 0x80000862 (0x40000537) lui a0, 262144
x10 <- 0x40000000


mem[X,0x80000866] -> 0xA801
[274] [M]: 0x80000866 (0xA801) c.j 8


mem[X,0x80000876] -> 0xD975
[275] [M]: 0x80000876 (0xD975) c.beqz a0, 250


mem[X,0x80000878] -> 0x0113
mem[X,0x8000087A] -> 0x0021
[276] [M]: 0x80000878 (0x00210113) addi sp, sp, 2
x2 <- 0xFF76DF9E


mem[X,0x8000087C] -> 0x006F
mem[X,0x8000087E] -> 0x0060
[277] [M]: 0x8000087C (0x0060006F) jal zero, 6


mem[X,0x80000882] -> 0xA623
mem[X,0x80000884] -> 0x0820
[278] [M]: 0x80000882 (0x0820A623) sw sp, 140(ra)
mem[0x800041A0] <- 0xFF76DF9E


mem[X,0x80000886] -> 0x5579
[279] [M]: 0x80000886 (0x5579) c.li a0, 62
x10 <- 0xFFFFFFFE


mem[X,0x80000888] -> 0xA031
[280] [M]: 0x80000888 (0xA031) c.j 6


mem[X,0x80000894] -> 0xC519
[281] [M]: 0x80000894 (0xC519) c.beqz a0, 7


mem[X,0x80000896] -> 0x0113
mem[X,0x80000898] -> 0x0021
[282] [M]: 0x80000896 (0x00210113) addi sp, sp, 2
x2 <- 0xFF76DFA0


mem[X,0x8000089A] -> 0x006F
mem[X,0x8000089C] -> 0x00A0
[283] [M]: 0x8000089A (0x00A0006F) jal zero, 10


mem[X,0x800008A4] -> 0xA823
mem[X,0x800008A6] -> 0x0820
[284] [M]: 0x800008A4 (0x0820A823) sw sp, 144(ra)
mem[0x800041A4] <- 0xFF76DFA0


mem[X,0x800008A8] -> 0x5575
[285] [M]: 0x800008A8 (0x5575) c.li a0, 61
x10 <- 0xFFFFFFFD


mem[X,0x800008AA] -> 0xA811
[286] [M]: 0x800008AA (0xA811) c.j 10


mem[X,0x800008BE] -> 0xD965
[287] [M]: 0x800008BE (0xD965) c.beqz a0, 248


mem[X,0x800008C0] -> 0x0113
mem[X,0x800008C2] -> 0x0021
[288] [M]: 0x800008C0 (0x00210113) addi sp, sp, 2
x2 <- 0xFF76DFA2


mem[X,0x800008C4] -> 0x006F
mem[X,0x800008C6] -> 0x0060
[289] [M]: 0x800008C4 (0x0060006F) jal zero, 6


mem[X,0x800008CA] -> 0xAA23
mem[X,0x800008CC] -> 0x0820
[290] [M]: 0x800008CA (0x0820AA23) sw sp, 148(ra)
mem[0x800041A8] <- 0xFF76DFA2


mem[X,0x800008CE] -> 0x556D
[291] [M]: 0x800008CE (0x556D) c.li a0, 59
x10 <- 0xFFFFFFFB


mem[X,0x800008D0] -> 0xA031
[292] [M]: 0x800008D0 (0xA031) c.j 6


mem[X,0x800008DC] -> 0xC509
[293] [M]: 0x800008DC (0xC509) c.beqz a0, 5


mem[X,0x800008DE] -> 0x0113
mem[X,0x800008E0] -> 0x0021
[294] [M]: 0x800008DE (0x00210113) addi sp, sp, 2
x2 <- 0xFF76DFA4


mem[X,0x800008E2] -> 0x006F
mem[X,0x800008E4] -> 0x0060
[295] [M]: 0x800008E2 (0x0060006F) jal zero, 6


mem[X,0x800008E8] -> 0xAC23
mem[X,0x800008EA] -> 0x0820
[296] [M]: 0x800008E8 (0x0820AC23) sw sp, 152(ra)
mem[0x800041AC] <- 0xFF76DFA4


mem[X,0x800008EC] -> 0x555D
[297] [M]: 0x800008EC (0x555D) c.li a0, 55
x10 <- 0xFFFFFFF7


mem[X,0x800008EE] -> 0xA031
[298] [M]: 0x800008EE (0xA031) c.j 6


mem[X,0x800008FA] -> 0xC901
[299] [M]: 0x800008FA (0xC901) c.beqz a0, 8


clint::tick mtime <- 0x0000000000000003
 clint timer pending at mtime 0x0000000000000003
htif::tick 0x0000000000000000
mem[X,0x800008FC] -> 0x0113
mem[X,0x800008FE] -> 0x0021
[300] [M]: 0x800008FC (0x00210113) addi sp, sp, 2
x2 <- 0xFF76DFA6


mem[X,0x80000900] -> 0x006F
mem[X,0x80000902] -> 0x00C0
[301] [M]: 0x80000900 (0x00C0006F) jal zero, 12


mem[X,0x8000090C] -> 0xAE23
mem[X,0x8000090E] -> 0x0820
[302] [M]: 0x8000090C (0x0820AE23) sw sp, 156(ra)
mem[0x800041B0] <- 0xFF76DFA6


mem[X,0x80000910] -> 0x553D
[303] [M]: 0x80000910 (0x553D) c.li a0, 47
x10 <- 0xFFFFFFEF


mem[X,0x80000912] -> 0xA031
[304] [M]: 0x80000912 (0xA031) c.j 6


mem[X,0x8000091E] -> 0xDD65
[305] [M]: 0x8000091E (0xDD65) c.beqz a0, 252


mem[X,0x80000920] -> 0x0113
mem[X,0x80000922] -> 0x0021
[306] [M]: 0x80000920 (0x00210113) addi sp, sp, 2
x2 <- 0xFF76DFA8


mem[X,0x80000924] -> 0x006F
mem[X,0x80000926] -> 0x0060
[307] [M]: 0x80000924 (0x0060006F) jal zero, 6


mem[X,0x8000092A] -> 0xA023
mem[X,0x8000092C] -> 0x0A20
[308] [M]: 0x8000092A (0x0A20A023) sw sp, 160(ra)
mem[0x800041B4] <- 0xFF76DFA8


mem[X,0x8000092E] -> 0x0513
mem[X,0x80000930] -> 0xFDF0
[309] [M]: 0x8000092E (0xFDF00513) addi a0, zero, 4063
x10 <- 0xFFFFFFDF


mem[X,0x80000932] -> 0xA031
[310] [M]: 0x80000932 (0xA031) c.j 6


mem[X,0x8000093E] -> 0xDD65
[311] [M]: 0x8000093E (0xDD65) c.beqz a0, 252


mem[X,0x80000940] -> 0x0113
mem[X,0x80000942] -> 0x0021
[312] [M]: 0x80000940 (0x00210113) addi sp, sp, 2
x2 <- 0xFF76DFAA


mem[X,0x80000944] -> 0x006F
mem[X,0x80000946] -> 0x0060
[313] [M]: 0x80000944 (0x0060006F) jal zero, 6


mem[X,0x8000094A] -> 0xA223
mem[X,0x8000094C] -> 0x0A20
[314] [M]: 0x8000094A (0x0A20A223) sw sp, 164(ra)
mem[0x800041B8] <- 0xFF76DFAA


mem[X,0x8000094E] -> 0x0513
mem[X,0x80000950] -> 0xFBF0
[315] [M]: 0x8000094E (0xFBF00513) addi a0, zero, 4031
x10 <- 0xFFFFFFBF


mem[X,0x80000952] -> 0xA031
[316] [M]: 0x80000952 (0xA031) c.j 6


mem[X,0x8000095E] -> 0xC509
[317] [M]: 0x8000095E (0xC509) c.beqz a0, 5


mem[X,0x80000960] -> 0x0113
mem[X,0x80000962] -> 0x0021
[318] [M]: 0x80000960 (0x00210113) addi sp, sp, 2
x2 <- 0xFF76DFAC


mem[X,0x80000964] -> 0x006F
mem[X,0x80000966] -> 0x0060
[319] [M]: 0x80000964 (0x0060006F) jal zero, 6


mem[X,0x8000096A] -> 0xA423
mem[X,0x8000096C] -> 0x0A20
[320] [M]: 0x8000096A (0x0A20A423) sw sp, 168(ra)
mem[0x800041BC] <- 0xFF76DFAC


mem[X,0x8000096E] -> 0x0513
mem[X,0x80000970] -> 0xF7F0
[321] [M]: 0x8000096E (0xF7F00513) addi a0, zero, 3967
x10 <- 0xFFFFFF7F


mem[X,0x80000972] -> 0xA811
[322] [M]: 0x80000972 (0xA811) c.j 10


mem[X,0x80000986] -> 0xD965
[323] [M]: 0x80000986 (0xD965) c.beqz a0, 248


mem[X,0x80000988] -> 0x0113
mem[X,0x8000098A] -> 0x0021
[324] [M]: 0x80000988 (0x00210113) addi sp, sp, 2
x2 <- 0xFF76DFAE


mem[X,0x8000098C] -> 0x006F
mem[X,0x8000098E] -> 0x0060
[325] [M]: 0x8000098C (0x0060006F) jal zero, 6


mem[X,0x80000992] -> 0xA623
mem[X,0x80000994] -> 0x0A20
[326] [M]: 0x80000992 (0x0A20A623) sw sp, 172(ra)
mem[0x800041C0] <- 0xFF76DFAE


mem[X,0x80000996] -> 0x0513
mem[X,0x80000998] -> 0xEFF0
[327] [M]: 0x80000996 (0xEFF00513) addi a0, zero, 3839
x10 <- 0xFFFFFEFF


mem[X,0x8000099A] -> 0xA039
[328] [M]: 0x8000099A (0xA039) c.j 7


mem[X,0x800009A8] -> 0xD97D
[329] [M]: 0x800009A8 (0xD97D) c.beqz a0, 251


mem[X,0x800009AA] -> 0x0113
mem[X,0x800009AC] -> 0x0021
[330] [M]: 0x800009AA (0x00210113) addi sp, sp, 2
x2 <- 0xFF76DFB0


mem[X,0x800009AE] -> 0x006F
mem[X,0x800009B0] -> 0x0060
[331] [M]: 0x800009AE (0x0060006F) jal zero, 6


mem[X,0x800009B4] -> 0xA823
mem[X,0x800009B6] -> 0x0A20
[332] [M]: 0x800009B4 (0x0A20A823) sw sp, 176(ra)
mem[0x800041C4] <- 0xFF76DFB0


mem[X,0x800009B8] -> 0x0513
mem[X,0x800009BA] -> 0xDFF0
[333] [M]: 0x800009B8 (0xDFF00513) addi a0, zero, 3583
x10 <- 0xFFFFFDFF


mem[X,0x800009BC] -> 0xA031
[334] [M]: 0x800009BC (0xA031) c.j 6


mem[X,0x800009C8] -> 0xC509
[335] [M]: 0x800009C8 (0xC509) c.beqz a0, 5


mem[X,0x800009CA] -> 0x0113
mem[X,0x800009CC] -> 0x0021
[336] [M]: 0x800009CA (0x00210113) addi sp, sp, 2
x2 <- 0xFF76DFB2


mem[X,0x800009CE] -> 0x006F
mem[X,0x800009D0] -> 0x0060
[337] [M]: 0x800009CE (0x0060006F) jal zero, 6


mem[X,0x800009D4] -> 0xAA23
mem[X,0x800009D6] -> 0x0A20
[338] [M]: 0x800009D4 (0x0A20AA23) sw sp, 180(ra)
mem[0x800041C8] <- 0xFF76DFB2


mem[X,0x800009D8] -> 0x0513
mem[X,0x800009DA] -> 0xBFF0
[339] [M]: 0x800009D8 (0xBFF00513) addi a0, zero, 3071
x10 <- 0xFFFFFBFF


mem[X,0x800009DC] -> 0xA031
[340] [M]: 0x800009DC (0xA031) c.j 6


mem[X,0x800009E8] -> 0xC105
[341] [M]: 0x800009E8 (0xC105) c.beqz a0, 16


mem[X,0x800009EA] -> 0x0113
mem[X,0x800009EC] -> 0x0021
[342] [M]: 0x800009EA (0x00210113) addi sp, sp, 2
x2 <- 0xFF76DFB4


mem[X,0x800009EE] -> 0x006F
mem[X,0x800009F0] -> 0x01C0
[343] [M]: 0x800009EE (0x01C0006F) jal zero, 28


mem[X,0x80000A0A] -> 0xAC23
mem[X,0x80000A0C] -> 0x0A20
[344] [M]: 0x80000A0A (0x0A20AC23) sw sp, 184(ra)
mem[0x800041CC] <- 0xFF76DFB4


mem[X,0x80000A0E] -> 0x757D
[345] [M]: 0x80000A0E (0x757D) c.lui a0, 63
x10 <- 0xFFFFF000


mem[X,0x80000A10] -> 0x0513
mem[X,0x80000A12] -> 0x7FF5
[346] [M]: 0x80000A10 (0x7FF50513) addi a0, a0, 2047
x10 <- 0xFFFFF7FF


mem[X,0x80000A14] -> 0xA031
[347] [M]: 0x80000A14 (0xA031) c.j 6


mem[X,0x80000A20] -> 0xC519
[348] [M]: 0x80000A20 (0xC519) c.beqz a0, 7


mem[X,0x80000A22] -> 0x0113
mem[X,0x80000A24] -> 0x0021
[349] [M]: 0x80000A22 (0x00210113) addi sp, sp, 2
x2 <- 0xFF76DFB6


mem[X,0x80000A26] -> 0x006F
mem[X,0x80000A28] -> 0x00A0
[350] [M]: 0x80000A26 (0x00A0006F) jal zero, 10


mem[X,0x80000A30] -> 0xAE23
mem[X,0x80000A32] -> 0x0A20
[351] [M]: 0x80000A30 (0x0A20AE23) sw sp, 188(ra)
mem[0x800041D0] <- 0xFF76DFB6


mem[X,0x80000A34] -> 0x757D
[352] [M]: 0x80000A34 (0x757D) c.lui a0, 63
x10 <- 0xFFFFF000


mem[X,0x80000A36] -> 0x157D
[353] [M]: 0x80000A36 (0x157D) c.addi a0, 63
x10 <- 0xFFFFEFFF


mem[X,0x80000A38] -> 0xA031
[354] [M]: 0x80000A38 (0xA031) c.j 6


mem[X,0x80000A44] -> 0xC901
[355] [M]: 0x80000A44 (0xC901) c.beqz a0, 8


mem[X,0x80000A46] -> 0x0113
mem[X,0x80000A48] -> 0x0021
[356] [M]: 0x80000A46 (0x00210113) addi sp, sp, 2
x2 <- 0xFF76DFB8


mem[X,0x80000A4A] -> 0x006F
mem[X,0x80000A4C] -> 0x00C0
[357] [M]: 0x80000A4A (0x00C0006F) jal zero, 12


mem[X,0x80000A56] -> 0xA023
mem[X,0x80000A58] -> 0x0C20
[358] [M]: 0x80000A56 (0x0C20A023) sw sp, 192(ra)
mem[0x800041D4] <- 0xFF76DFB8


mem[X,0x80000A5A] -> 0x7579
[359] [M]: 0x80000A5A (0x7579) c.lui a0, 62
x10 <- 0xFFFFE000


mem[X,0x80000A5C] -> 0x157D
[360] [M]: 0x80000A5C (0x157D) c.addi a0, 63
x10 <- 0xFFFFDFFF


mem[X,0x80000A5E] -> 0xA01D
[361] [M]: 0x80000A5E (0xA01D) c.j 19


mem[X,0x80000A84] -> 0xDD79
[362] [M]: 0x80000A84 (0xDD79) c.beqz a0, 239


mem[X,0x80000A86] -> 0x0113
mem[X,0x80000A88] -> 0x0021
[363] [M]: 0x80000A86 (0x00210113) addi sp, sp, 2
x2 <- 0xFF76DFBA


mem[X,0x80000A8A] -> 0x006F
mem[X,0x80000A8C] -> 0x0060
[364] [M]: 0x80000A8A (0x0060006F) jal zero, 6


mem[X,0x80000A90] -> 0xA223
mem[X,0x80000A92] -> 0x0C20
[365] [M]: 0x80000A90 (0x0C20A223) sw sp, 196(ra)
mem[0x800041D8] <- 0xFF76DFBA


mem[X,0x80000A94] -> 0x7571
[366] [M]: 0x80000A94 (0x7571) c.lui a0, 60
x10 <- 0xFFFFC000


mem[X,0x80000A96] -> 0x157D
[367] [M]: 0x80000A96 (0x157D) c.addi a0, 63
x10 <- 0xFFFFBFFF


mem[X,0x80000A98] -> 0xA031
[368] [M]: 0x80000A98 (0xA031) c.j 6


mem[X,0x80000AA4] -> 0xCD3D
[369] [M]: 0x80000AA4 (0xCD3D) c.beqz a0, 63


mem[X,0x80000AA6] -> 0x0113
mem[X,0x80000AA8] -> 0x0021
[370] [M]: 0x80000AA6 (0x00210113) addi sp, sp, 2
x2 <- 0xFF76DFBC


mem[X,0x80000AAA] -> 0x006F
mem[X,0x80000AAC] -> 0x07A0
[371] [M]: 0x80000AAA (0x07A0006F) jal zero, 122


mem[X,0x80000B24] -> 0xA423
mem[X,0x80000B26] -> 0x0C20
[372] [M]: 0x80000B24 (0x0C20A423) sw sp, 200(ra)
mem[0x800041DC] <- 0xFF76DFBC


mem[X,0x80000B28] -> 0x7561
[373] [M]: 0x80000B28 (0x7561) c.lui a0, 56
x10 <- 0xFFFF8000


mem[X,0x80000B2A] -> 0x157D
[374] [M]: 0x80000B2A (0x157D) c.addi a0, 63
x10 <- 0xFFFF7FFF


mem[X,0x80000B2C] -> 0xA031
[375] [M]: 0x80000B2C (0xA031) c.j 6


mem[X,0x80000B38] -> 0xDD65
[376] [M]: 0x80000B38 (0xDD65) c.beqz a0, 252


mem[X,0x80000B3A] -> 0x0113
mem[X,0x80000B3C] -> 0x0021
[377] [M]: 0x80000B3A (0x00210113) addi sp, sp, 2
x2 <- 0xFF76DFBE


mem[X,0x80000B3E] -> 0x006F
mem[X,0x80000B40] -> 0x0060
[378] [M]: 0x80000B3E (0x0060006F) jal zero, 6


mem[X,0x80000B44] -> 0xA623
mem[X,0x80000B46] -> 0x0C20
[379] [M]: 0x80000B44 (0x0C20A623) sw sp, 204(ra)
mem[0x800041E0] <- 0xFF76DFBE


mem[X,0x80000B48] -> 0x7541
[380] [M]: 0x80000B48 (0x7541) c.lui a0, 48
x10 <- 0xFFFF0000


mem[X,0x80000B4A] -> 0x157D
[381] [M]: 0x80000B4A (0x157D) c.addi a0, 63
x10 <- 0xFFFEFFFF


mem[X,0x80000B4C] -> 0xA031
[382] [M]: 0x80000B4C (0xA031) c.j 6


mem[X,0x80000B58] -> 0xC141
[383] [M]: 0x80000B58 (0xC141) c.beqz a0, 64


mem[X,0x80000B5A] -> 0x0113
mem[X,0x80000B5C] -> 0x0021
[384] [M]: 0x80000B5A (0x00210113) addi sp, sp, 2
x2 <- 0xFF76DFC0


mem[X,0x80000B5E] -> 0x006F
mem[X,0x80000B60] -> 0x07C0
[385] [M]: 0x80000B5E (0x07C0006F) jal zero, 124


mem[X,0x80000BDA] -> 0xA823
mem[X,0x80000BDC] -> 0x0C20
[386] [M]: 0x80000BDA (0x0C20A823) sw sp, 208(ra)
mem[0x800041E4] <- 0xFF76DFC0


mem[X,0x80000BDE] -> 0x0537
mem[X,0x80000BE0] -> 0xFFFC
[387] [M]: 0x80000BDE (0xFFFC0537) lui a0, 1048512
x10 <- 0xFFFC0000


mem[X,0x80000BE2] -> 0x157D
[388] [M]: 0x80000BE2 (0x157D) c.addi a0, 63
x10 <- 0xFFFBFFFF


mem[X,0x80000BE4] -> 0xA031
[389] [M]: 0x80000BE4 (0xA031) c.j 6


mem[X,0x80000BF0] -> 0xC909
[390] [M]: 0x80000BF0 (0xC909) c.beqz a0, 9


mem[X,0x80000BF2] -> 0x0113
mem[X,0x80000BF4] -> 0x0021
[391] [M]: 0x80000BF2 (0x00210113) addi sp, sp, 2
x2 <- 0xFF76DFC2


mem[X,0x80000BF6] -> 0x006F
mem[X,0x80000BF8] -> 0x00E0
[392] [M]: 0x80000BF6 (0x00E0006F) jal zero, 14


mem[X,0x80000C04] -> 0xAA23
mem[X,0x80000C06] -> 0x0C20
[393] [M]: 0x80000C04 (0x0C20AA23) sw sp, 212(ra)
mem[0x800041E8] <- 0xFF76DFC2


mem[X,0x80000C08] -> 0x0537
mem[X,0x80000C0A] -> 0xFFF8
[394] [M]: 0x80000C08 (0xFFF80537) lui a0, 1048448
x10 <- 0xFFF80000


mem[X,0x80000C0C] -> 0x157D
[395] [M]: 0x80000C0C (0x157D) c.addi a0, 63
x10 <- 0xFFF7FFFF


mem[X,0x80000C0E] -> 0xA811
[396] [M]: 0x80000C0E (0xA811) c.j 10


mem[X,0x80000C22] -> 0xD965
[397] [M]: 0x80000C22 (0xD965) c.beqz a0, 248


mem[X,0x80000C24] -> 0x0113
mem[X,0x80000C26] -> 0x0021
[398] [M]: 0x80000C24 (0x00210113) addi sp, sp, 2
x2 <- 0xFF76DFC4


mem[X,0x80000C28] -> 0x006F
mem[X,0x80000C2A] -> 0x0060
[399] [M]: 0x80000C28 (0x0060006F) jal zero, 6


clint::tick mtime <- 0x0000000000000004
 clint timer pending at mtime 0x0000000000000004
htif::tick 0x0000000000000000
mem[X,0x80000C2E] -> 0xAC23
mem[X,0x80000C30] -> 0x0C20
[400] [M]: 0x80000C2E (0x0C20AC23) sw sp, 216(ra)
mem[0x800041EC] <- 0xFF76DFC4


mem[X,0x80000C32] -> 0x0537
mem[X,0x80000C34] -> 0xFFF0
[401] [M]: 0x80000C32 (0xFFF00537) lui a0, 1048320
x10 <- 0xFFF00000


mem[X,0x80000C36] -> 0x157D
[402] [M]: 0x80000C36 (0x157D) c.addi a0, 63
x10 <- 0xFFEFFFFF


mem[X,0x80000C38] -> 0xA031
[403] [M]: 0x80000C38 (0xA031) c.j 6


mem[X,0x80000C44] -> 0xC901
[404] [M]: 0x80000C44 (0xC901) c.beqz a0, 8


mem[X,0x80000C46] -> 0x0113
mem[X,0x80000C48] -> 0x0021
[405] [M]: 0x80000C46 (0x00210113) addi sp, sp, 2
x2 <- 0xFF76DFC6


mem[X,0x80000C4A] -> 0x006F
mem[X,0x80000C4C] -> 0x00C0
[406] [M]: 0x80000C4A (0x00C0006F) jal zero, 12


mem[X,0x80000C56] -> 0xAE23
mem[X,0x80000C58] -> 0x0C20
[407] [M]: 0x80000C56 (0x0C20AE23) sw sp, 220(ra)
mem[0x800041F0] <- 0xFF76DFC6


mem[X,0x80000C5A] -> 0x0537
mem[X,0x80000C5C] -> 0xFF80
[408] [M]: 0x80000C5A (0xFF800537) lui a0, 1046528
x10 <- 0xFF800000


mem[X,0x80000C5E] -> 0x157D
[409] [M]: 0x80000C5E (0x157D) c.addi a0, 63
x10 <- 0xFF7FFFFF


mem[X,0x80000C60] -> 0xA031
[410] [M]: 0x80000C60 (0xA031) c.j 6


mem[X,0x80000C6C] -> 0xC54D
[411] [M]: 0x80000C6C (0xC54D) c.beqz a0, 85


mem[X,0x80000C6E] -> 0x0113
mem[X,0x80000C70] -> 0x0021
[412] [M]: 0x80000C6E (0x00210113) addi sp, sp, 2
x2 <- 0xFF76DFC8


mem[X,0x80000C72] -> 0x006F
mem[X,0x80000C74] -> 0x0A60
[413] [M]: 0x80000C72 (0x0A60006F) jal zero, 166


mem[X,0x80000D18] -> 0xA023
mem[X,0x80000D1A] -> 0x0E20
[414] [M]: 0x80000D18 (0x0E20A023) sw sp, 224(ra)
mem[0x800041F4] <- 0xFF76DFC8


mem[X,0x80000D1C] -> 0x0537
mem[X,0x80000D1E] -> 0xFF00
[415] [M]: 0x80000D1C (0xFF000537) lui a0, 1044480
x10 <- 0xFF000000


mem[X,0x80000D20] -> 0x157D
[416] [M]: 0x80000D20 (0x157D) c.addi a0, 63
x10 <- 0xFEFFFFFF


mem[X,0x80000D22] -> 0xA031
[417] [M]: 0x80000D22 (0xA031) c.j 6


mem[X,0x80000D2E] -> 0xC901
[418] [M]: 0x80000D2E (0xC901) c.beqz a0, 8


mem[X,0x80000D30] -> 0x0113
mem[X,0x80000D32] -> 0x0021
[419] [M]: 0x80000D30 (0x00210113) addi sp, sp, 2
x2 <- 0xFF76DFCA


mem[X,0x80000D34] -> 0x006F
mem[X,0x80000D36] -> 0x00C0
[420] [M]: 0x80000D34 (0x00C0006F) jal zero, 12


mem[X,0x80000D40] -> 0xA223
mem[X,0x80000D42] -> 0x0E20
[421] [M]: 0x80000D40 (0x0E20A223) sw sp, 228(ra)
mem[0x800041F8] <- 0xFF76DFCA


mem[X,0x80000D44] -> 0x0537
mem[X,0x80000D46] -> 0xFE00
[422] [M]: 0x80000D44 (0xFE000537) lui a0, 1040384
x10 <- 0xFE000000


mem[X,0x80000D48] -> 0x157D
[423] [M]: 0x80000D48 (0x157D) c.addi a0, 63
x10 <- 0xFDFFFFFF


mem[X,0x80000D4A] -> 0xA031
[424] [M]: 0x80000D4A (0xA031) c.j 6


mem[X,0x80000D56] -> 0xC901
[425] [M]: 0x80000D56 (0xC901) c.beqz a0, 8


mem[X,0x80000D58] -> 0x0113
mem[X,0x80000D5A] -> 0x0021
[426] [M]: 0x80000D58 (0x00210113) addi sp, sp, 2
x2 <- 0xFF76DFCC


mem[X,0x80000D5C] -> 0x006F
mem[X,0x80000D5E] -> 0x00C0
[427] [M]: 0x80000D5C (0x00C0006F) jal zero, 12


mem[X,0x80000D68] -> 0xA423
mem[X,0x80000D6A] -> 0x0E20
[428] [M]: 0x80000D68 (0x0E20A423) sw sp, 232(ra)
mem[0x800041FC] <- 0xFF76DFCC


mem[X,0x80000D6C] -> 0x0537
mem[X,0x80000D6E] -> 0xFC00
[429] [M]: 0x80000D6C (0xFC000537) lui a0, 1032192
x10 <- 0xFC000000


mem[X,0x80000D70] -> 0x157D
[430] [M]: 0x80000D70 (0x157D) c.addi a0, 63
x10 <- 0xFBFFFFFF


mem[X,0x80000D72] -> 0xA801
[431] [M]: 0x80000D72 (0xA801) c.j 8


mem[X,0x80000D82] -> 0xD975
[432] [M]: 0x80000D82 (0xD975) c.beqz a0, 250


mem[X,0x80000D84] -> 0x0113
mem[X,0x80000D86] -> 0x0021
[433] [M]: 0x80000D84 (0x00210113) addi sp, sp, 2
x2 <- 0xFF76DFCE


mem[X,0x80000D88] -> 0x006F
mem[X,0x80000D8A] -> 0x0060
[434] [M]: 0x80000D88 (0x0060006F) jal zero, 6


mem[X,0x80000D8E] -> 0xA623
mem[X,0x80000D90] -> 0x0E20
[435] [M]: 0x80000D8E (0x0E20A623) sw sp, 236(ra)
mem[0x80004200] <- 0xFF76DFCE


mem[X,0x80000D92] -> 0x0537
mem[X,0x80000D94] -> 0xF800
[436] [M]: 0x80000D92 (0xF8000537) lui a0, 1015808
x10 <- 0xF8000000


mem[X,0x80000D96] -> 0x157D
[437] [M]: 0x80000D96 (0x157D) c.addi a0, 63
x10 <- 0xF7FFFFFF


mem[X,0x80000D98] -> 0xA031
[438] [M]: 0x80000D98 (0xA031) c.j 6


mem[X,0x80000DA4] -> 0xDD65
[439] [M]: 0x80000DA4 (0xDD65) c.beqz a0, 252


mem[X,0x80000DA6] -> 0x0113
mem[X,0x80000DA8] -> 0x0021
[440] [M]: 0x80000DA6 (0x00210113) addi sp, sp, 2
x2 <- 0xFF76DFD0


mem[X,0x80000DAA] -> 0x006F
mem[X,0x80000DAC] -> 0x0060
[441] [M]: 0x80000DAA (0x0060006F) jal zero, 6


mem[X,0x80000DB0] -> 0xA823
mem[X,0x80000DB2] -> 0x0E20
[442] [M]: 0x80000DB0 (0x0E20A823) sw sp, 240(ra)
mem[0x80004204] <- 0xFF76DFD0


mem[X,0x80000DB4] -> 0x0537
mem[X,0x80000DB6] -> 0xF000
[443] [M]: 0x80000DB4 (0xF0000537) lui a0, 983040
x10 <- 0xF0000000


mem[X,0x80000DB8] -> 0x157D
[444] [M]: 0x80000DB8 (0x157D) c.addi a0, 63
x10 <- 0xEFFFFFFF


mem[X,0x80000DBA] -> 0xA031
[445] [M]: 0x80000DBA (0xA031) c.j 6


mem[X,0x80000DC6] -> 0xDD65
[446] [M]: 0x80000DC6 (0xDD65) c.beqz a0, 252


mem[X,0x80000DC8] -> 0x0113
mem[X,0x80000DCA] -> 0x0021
[447] [M]: 0x80000DC8 (0x00210113) addi sp, sp, 2
x2 <- 0xFF76DFD2


mem[X,0x80000DCC] -> 0x006F
mem[X,0x80000DCE] -> 0x0060
[448] [M]: 0x80000DCC (0x0060006F) jal zero, 6


mem[X,0x80000DD2] -> 0xAA23
mem[X,0x80000DD4] -> 0x0E20
[449] [M]: 0x80000DD2 (0x0E20AA23) sw sp, 244(ra)
mem[0x80004208] <- 0xFF76DFD2


mem[X,0x80000DD6] -> 0x0537
mem[X,0x80000DD8] -> 0xE000
[450] [M]: 0x80000DD6 (0xE0000537) lui a0, 917504
x10 <- 0xE0000000


mem[X,0x80000DDA] -> 0x157D
[451] [M]: 0x80000DDA (0x157D) c.addi a0, 63
x10 <- 0xDFFFFFFF


mem[X,0x80000DDC] -> 0xA051
[452] [M]: 0x80000DDC (0xA051) c.j 66


mem[X,0x80000E60] -> 0xD141
[453] [M]: 0x80000E60 (0xD141) c.beqz a0, 192


mem[X,0x80000E62] -> 0x0113
mem[X,0x80000E64] -> 0x0021
[454] [M]: 0x80000E62 (0x00210113) addi sp, sp, 2
x2 <- 0xFF76DFD4


mem[X,0x80000E66] -> 0x006F
mem[X,0x80000E68] -> 0x0060
[455] [M]: 0x80000E66 (0x0060006F) jal zero, 6


mem[X,0x80000E6C] -> 0xAC23
mem[X,0x80000E6E] -> 0x0E20
[456] [M]: 0x80000E6C (0x0E20AC23) sw sp, 248(ra)
mem[0x8000420C] <- 0xFF76DFD4


mem[X,0x80000E70] -> 0x0537
mem[X,0x80000E72] -> 0xC000
[457] [M]: 0x80000E70 (0xC0000537) lui a0, 786432
x10 <- 0xC0000000


mem[X,0x80000E74] -> 0x157D
[458] [M]: 0x80000E74 (0x157D) c.addi a0, 63
x10 <- 0xBFFFFFFF


mem[X,0x80000E76] -> 0xA031
[459] [M]: 0x80000E76 (0xA031) c.j 6


mem[X,0x80000E82] -> 0xC105
[460] [M]: 0x80000E82 (0xC105) c.beqz a0, 16


mem[X,0x80000E84] -> 0x0113
mem[X,0x80000E86] -> 0x0021
[461] [M]: 0x80000E84 (0x00210113) addi sp, sp, 2
x2 <- 0xFF76DFD6


mem[X,0x80000E88] -> 0x006F
mem[X,0x80000E8A] -> 0x01C0
[462] [M]: 0x80000E88 (0x01C0006F) jal zero, 28


mem[X,0x80000EA4] -> 0xAE23
mem[X,0x80000EA6] -> 0x0E20
[463] [M]: 0x80000EA4 (0x0E20AE23) sw sp, 252(ra)
mem[0x80004210] <- 0xFF76DFD6


mem[X,0x80000EA8] -> 0x5537
mem[X,0x80000EAA] -> 0x5555
[464] [M]: 0x80000EA8 (0x55555537) lui a0, 349525
x10 <- 0x55555000


mem[X,0x80000EAC] -> 0x0513
mem[X,0x80000EAE] -> 0x5555
[465] [M]: 0x80000EAC (0x55550513) addi a0, a0, 1365
x10 <- 0x55555555


mem[X,0x80000EB0] -> 0xA031
[466] [M]: 0x80000EB0 (0xA031) c.j 6


mem[X,0x80000EBC] -> 0xDD65
[467] [M]: 0x80000EBC (0xDD65) c.beqz a0, 252


mem[X,0x80000EBE] -> 0x0113
mem[X,0x80000EC0] -> 0x0021
[468] [M]: 0x80000EBE (0x00210113) addi sp, sp, 2
x2 <- 0xFF76DFD8


mem[X,0x80000EC2] -> 0x006F
mem[X,0x80000EC4] -> 0x0060
[469] [M]: 0x80000EC2 (0x0060006F) jal zero, 6


mem[X,0x80000EC8] -> 0xA023
mem[X,0x80000ECA] -> 0x1020
[470] [M]: 0x80000EC8 (0x1020A023) sw sp, 256(ra)
mem[0x80004214] <- 0xFF76DFD8


mem[X,0x80000ECC] -> 0xB537
mem[X,0x80000ECE] -> 0xAAAA
[471] [M]: 0x80000ECC (0xAAAAB537) lui a0, 699051
x10 <- 0xAAAAB000


mem[X,0x80000ED0] -> 0x0513
mem[X,0x80000ED2] -> 0xAAA5
[472] [M]: 0x80000ED0 (0xAAA50513) addi a0, a0, 2730
x10 <- 0xAAAAAAAA


mem[X,0x80000ED4] -> 0xA01D
[473] [M]: 0x80000ED4 (0xA01D) c.j 19


mem[X,0x80000EFA] -> 0xDD79
[474] [M]: 0x80000EFA (0xDD79) c.beqz a0, 239


mem[X,0x80000EFC] -> 0x0113
mem[X,0x80000EFE] -> 0x0021
[475] [M]: 0x80000EFC (0x00210113) addi sp, sp, 2
x2 <- 0xFF76DFDA


mem[X,0x80000F00] -> 0x006F
mem[X,0x80000F02] -> 0x0060
[476] [M]: 0x80000F00 (0x0060006F) jal zero, 6


mem[X,0x80000F06] -> 0xA223
mem[X,0x80000F08] -> 0x1020
[477] [M]: 0x80000F06 (0x1020A223) sw sp, 260(ra)
mem[0x80004218] <- 0xFF76DFDA


mem[X,0x80000F0A] -> 0x450D
[478] [M]: 0x80000F0A (0x450D) c.li a0, 3
x10 <- 0x00000003


mem[X,0x80000F0C] -> 0xA031
[479] [M]: 0x80000F0C (0xA031) c.j 6


mem[X,0x80000F18] -> 0xC509
[480] [M]: 0x80000F18 (0xC509) c.beqz a0, 5


mem[X,0x80000F1A] -> 0x0113
mem[X,0x80000F1C] -> 0x0021
[481] [M]: 0x80000F1A (0x00210113) addi sp, sp, 2
x2 <- 0xFF76DFDC


mem[X,0x80000F1E] -> 0x006F
mem[X,0x80000F20] -> 0x0060
[482] [M]: 0x80000F1E (0x0060006F) jal zero, 6


mem[X,0x80000F24] -> 0xA423
mem[X,0x80000F26] -> 0x1020
[483] [M]: 0x80000F24 (0x1020A423) sw sp, 264(ra)
mem[0x8000421C] <- 0xFF76DFDC


mem[X,0x80000F28] -> 0x4515
[484] [M]: 0x80000F28 (0x4515) c.li a0, 5
x10 <- 0x00000005


mem[X,0x80000F2A] -> 0xA031
[485] [M]: 0x80000F2A (0xA031) c.j 6


mem[X,0x80000F36] -> 0xC509
[486] [M]: 0x80000F36 (0xC509) c.beqz a0, 5


mem[X,0x80000F38] -> 0x0113
mem[X,0x80000F3A] -> 0x0021
[487] [M]: 0x80000F38 (0x00210113) addi sp, sp, 2
x2 <- 0xFF76DFDE


mem[X,0x80000F3C] -> 0x006F
mem[X,0x80000F3E] -> 0x0060
[488] [M]: 0x80000F3C (0x0060006F) jal zero, 6


mem[X,0x80000F42] -> 0xA623
mem[X,0x80000F44] -> 0x1020
[489] [M]: 0x80000F42 (0x1020A623) sw sp, 268(ra)
mem[0x80004220] <- 0xFF76DFDE


mem[X,0x80000F46] -> 0x3537
mem[X,0x80000F48] -> 0x3333
[490] [M]: 0x80000F46 (0x33333537) lui a0, 209715
x10 <- 0x33333000


mem[X,0x80000F4A] -> 0x0513
mem[X,0x80000F4C] -> 0x3335
[491] [M]: 0x80000F4A (0x33350513) addi a0, a0, 819
x10 <- 0x33333333


mem[X,0x80000F4E] -> 0xA031
[492] [M]: 0x80000F4E (0xA031) c.j 6


mem[X,0x80000F5A] -> 0xC519
[493] [M]: 0x80000F5A (0xC519) c.beqz a0, 7


mem[X,0x80000F5C] -> 0x0113
mem[X,0x80000F5E] -> 0x0021
[494] [M]: 0x80000F5C (0x00210113) addi sp, sp, 2
x2 <- 0xFF76DFE0


mem[X,0x80000F60] -> 0x006F
mem[X,0x80000F62] -> 0x00A0
[495] [M]: 0x80000F60 (0x00A0006F) jal zero, 10


mem[X,0x80000F6A] -> 0xA823
mem[X,0x80000F6C] -> 0x1020
[496] [M]: 0x80000F6A (0x1020A823) sw sp, 272(ra)
mem[0x80004224] <- 0xFF76DFE0


mem[X,0x80000F6E] -> 0x6537
mem[X,0x80000F70] -> 0x6666
[497] [M]: 0x80000F6E (0x66666537) lui a0, 419430
x10 <- 0x66666000


mem[X,0x80000F72] -> 0x0513
mem[X,0x80000F74] -> 0x6665
[498] [M]: 0x80000F72 (0x66650513) addi a0, a0, 1638
x10 <- 0x66666666


mem[X,0x80000F76] -> 0xA039
[499] [M]: 0x80000F76 (0xA039) c.j 7


clint::tick mtime <- 0x0000000000000005
 clint timer pending at mtime 0x0000000000000005
htif::tick 0x0000000000000000
mem[X,0x80000F84] -> 0xD97D
[500] [M]: 0x80000F84 (0xD97D) c.beqz a0, 251


mem[X,0x80000F86] -> 0x0113
mem[X,0x80000F88] -> 0x0021
[501] [M]: 0x80000F86 (0x00210113) addi sp, sp, 2
x2 <- 0xFF76DFE2


mem[X,0x80000F8A] -> 0x006F
mem[X,0x80000F8C] -> 0x0060
[502] [M]: 0x80000F8A (0x0060006F) jal zero, 6


mem[X,0x80000F90] -> 0xAA23
mem[X,0x80000F92] -> 0x1020
[503] [M]: 0x80000F90 (0x1020AA23) sw sp, 276(ra)
mem[0x80004228] <- 0xFF76DFE2


mem[X,0x80000F94] -> 0x652D
[504] [M]: 0x80000F94 (0x652D) c.lui a0, 11
x10 <- 0x0000B000


mem[X,0x80000F96] -> 0x0513
mem[X,0x80000F98] -> 0x5055
[505] [M]: 0x80000F96 (0x50550513) addi a0, a0, 1285
x10 <- 0x0000B505


mem[X,0x80000F9A] -> 0xA819
[506] [M]: 0x80000F9A (0xA819) c.j 11


mem[X,0x80000FB0] -> 0xD57D
[507] [M]: 0x80000FB0 (0xD57D) c.beqz a0, 247


mem[X,0x80000FB2] -> 0x0113
mem[X,0x80000FB4] -> 0x0021
[508] [M]: 0x80000FB2 (0x00210113) addi sp, sp, 2
x2 <- 0xFF76DFE4


mem[X,0x80000FB6] -> 0x006F
mem[X,0x80000FB8] -> 0x0060
[509] [M]: 0x80000FB6 (0x0060006F) jal zero, 6


mem[X,0x80000FBC] -> 0xAC23
mem[X,0x80000FBE] -> 0x1020
[510] [M]: 0x80000FBC (0x1020AC23) sw sp, 280(ra)
mem[0x8000422C] <- 0xFF76DFE4


mem[X,0x80000FC0] -> 0x7555
[511] [M]: 0x80000FC0 (0x7555) c.lui a0, 53
x10 <- 0xFFFF5000


mem[X,0x80000FC2] -> 0x0513
mem[X,0x80000FC4] -> 0xAFC5
[512] [M]: 0x80000FC2 (0xAFC50513) addi a0, a0, 2812
x10 <- 0xFFFF4AFC


mem[X,0x80000FC6] -> 0xA01D
[513] [M]: 0x80000FC6 (0xA01D) c.j 19


mem[X,0x80000FEC] -> 0xDD79
[514] [M]: 0x80000FEC (0xDD79) c.beqz a0, 239


mem[X,0x80000FEE] -> 0x0113
mem[X,0x80000FF0] -> 0x0021
[515] [M]: 0x80000FEE (0x00210113) addi sp, sp, 2
x2 <- 0xFF76DFE6


mem[X,0x80000FF2] -> 0x006F
mem[X,0x80000FF4] -> 0x0060
[516] [M]: 0x80000FF2 (0x0060006F) jal zero, 6


mem[X,0x80000FF8] -> 0xAE23
mem[X,0x80000FFA] -> 0x1020
[517] [M]: 0x80000FF8 (0x1020AE23) sw sp, 284(ra)
mem[0x80004230] <- 0xFF76DFE6


mem[X,0x80000FFC] -> 0x652D
[518] [M]: 0x80000FFC (0x652D) c.lui a0, 11
x10 <- 0x0000B000


mem[X,0x80000FFE] -> 0x0513
mem[X,0x80001000] -> 0x5045
[519] [M]: 0x80000FFE (0x50450513) addi a0, a0, 1284
x10 <- 0x0000B504


mem[X,0x80001002] -> 0xA031
[520] [M]: 0x80001002 (0xA031) c.j 6


mem[X,0x8000100E] -> 0xC54D
[521] [M]: 0x8000100E (0xC54D) c.beqz a0, 85


mem[X,0x80001010] -> 0x0113
mem[X,0x80001012] -> 0x0021
[522] [M]: 0x80001010 (0x00210113) addi sp, sp, 2
x2 <- 0xFF76DFE8


mem[X,0x80001014] -> 0x006F
mem[X,0x80001016] -> 0x0A60
[523] [M]: 0x80001014 (0x0A60006F) jal zero, 166


mem[X,0x800010BA] -> 0xA023
mem[X,0x800010BC] -> 0x1220
[524] [M]: 0x800010BA (0x1220A023) sw sp, 288(ra)
mem[0x80004234] <- 0xFF76DFE8


mem[X,0x800010BE] -> 0x5537
mem[X,0x800010C0] -> 0x5555
[525] [M]: 0x800010BE (0x55555537) lui a0, 349525
x10 <- 0x55555000


mem[X,0x800010C2] -> 0x0513
mem[X,0x800010C4] -> 0x5545
[526] [M]: 0x800010C2 (0x55450513) addi a0, a0, 1364
x10 <- 0x55555554


mem[X,0x800010C6] -> 0xA801
[527] [M]: 0x800010C6 (0xA801) c.j 8


mem[X,0x800010D6] -> 0xD975
[528] [M]: 0x800010D6 (0xD975) c.beqz a0, 250


mem[X,0x800010D8] -> 0x0113
mem[X,0x800010DA] -> 0x0021
[529] [M]: 0x800010D8 (0x00210113) addi sp, sp, 2
x2 <- 0xFF76DFEA


mem[X,0x800010DC] -> 0x006F
mem[X,0x800010DE] -> 0x0060
[530] [M]: 0x800010DC (0x0060006F) jal zero, 6


mem[X,0x800010E2] -> 0xA223
mem[X,0x800010E4] -> 0x1220
[531] [M]: 0x800010E2 (0x1220A223) sw sp, 292(ra)
mem[0x80004238] <- 0xFF76DFEA


mem[X,0x800010E6] -> 0x0537
mem[X,0x800010E8] -> 0xFFC0
[532] [M]: 0x800010E6 (0xFFC00537) lui a0, 1047552
x10 <- 0xFFC00000


mem[X,0x800010EA] -> 0x157D
[533] [M]: 0x800010EA (0x157D) c.addi a0, 63
x10 <- 0xFFBFFFFF


mem[X,0x800010EC] -> 0xA099
[534] [M]: 0x800010EC (0xA099) c.j 35


mem[X,0x80001132] -> 0xDD5D
[535] [M]: 0x80001132 (0xDD5D) c.beqz a0, 223


mem[X,0x80001134] -> 0x0113
mem[X,0x80001136] -> 0x0021
[536] [M]: 0x80001134 (0x00210113) addi sp, sp, 2
x2 <- 0xFF76DFEC


mem[X,0x80001138] -> 0x006F
mem[X,0x8000113A] -> 0x0060
[537] [M]: 0x80001138 (0x0060006F) jal zero, 6


mem[X,0x8000113E] -> 0xA423
mem[X,0x80001140] -> 0x1220
[538] [M]: 0x8000113E (0x1220A423) sw sp, 296(ra)
mem[0x8000423C] <- 0xFF76DFEC


mem[X,0x80001142] -> 0x6537
mem[X,0x80001144] -> 0x6666
[539] [M]: 0x80001142 (0x66666537) lui a0, 419430
x10 <- 0x66666000


mem[X,0x80001146] -> 0x0513
mem[X,0x80001148] -> 0x6675
[540] [M]: 0x80001146 (0x66750513) addi a0, a0, 1639
x10 <- 0x66666667


mem[X,0x8000114A] -> 0xA031
[541] [M]: 0x8000114A (0xA031) c.j 6


mem[X,0x80001156] -> 0xDD65
[542] [M]: 0x80001156 (0xDD65) c.beqz a0, 252


mem[X,0x80001158] -> 0x0113
mem[X,0x8000115A] -> 0x0021
[543] [M]: 0x80001158 (0x00210113) addi sp, sp, 2
x2 <- 0xFF76DFEE


mem[X,0x8000115C] -> 0x006F
mem[X,0x8000115E] -> 0x0060
[544] [M]: 0x8000115C (0x0060006F) jal zero, 6


mem[X,0x80001162] -> 0xA623
mem[X,0x80001164] -> 0x1220
[545] [M]: 0x80001162 (0x1220A623) sw sp, 300(ra)
mem[0x80004240] <- 0xFF76DFEE


mem[X,0x80001166] -> 0x3537
mem[X,0x80001168] -> 0x3333
[546] [M]: 0x80001166 (0x33333537) lui a0, 209715
x10 <- 0x33333000


mem[X,0x8000116A] -> 0x0513
mem[X,0x8000116C] -> 0x3325
[547] [M]: 0x8000116A (0x33250513) addi a0, a0, 818
x10 <- 0x33333332


mem[X,0x8000116E] -> 0xA031
[548] [M]: 0x8000116E (0xA031) c.j 6


mem[X,0x8000117A] -> 0xDD65
[549] [M]: 0x8000117A (0xDD65) c.beqz a0, 252


mem[X,0x8000117C] -> 0x0113
mem[X,0x8000117E] -> 0x0021
[550] [M]: 0x8000117C (0x00210113) addi sp, sp, 2
x2 <- 0xFF76DFF0


mem[X,0x80001180] -> 0x006F
mem[X,0x80001182] -> 0x0060
[551] [M]: 0x80001180 (0x0060006F) jal zero, 6


mem[X,0x80001186] -> 0xA823
mem[X,0x80001188] -> 0x1220
[552] [M]: 0x80001186 (0x1220A823) sw sp, 304(ra)
mem[0x80004244] <- 0xFF76DFF0


mem[X,0x8000118A] -> 0x6537
mem[X,0x8000118C] -> 0x6666
[553] [M]: 0x8000118A (0x66666537) lui a0, 419430
x10 <- 0x66666000


mem[X,0x8000118E] -> 0x0513
mem[X,0x80001190] -> 0x6655
[554] [M]: 0x8000118E (0x66550513) addi a0, a0, 1637
x10 <- 0x66666665


mem[X,0x80001192] -> 0xA051
[555] [M]: 0x80001192 (0xA051) c.j 66


mem[X,0x80001216] -> 0xD141
[556] [M]: 0x80001216 (0xD141) c.beqz a0, 192


mem[X,0x80001218] -> 0x0113
mem[X,0x8000121A] -> 0x0021
[557] [M]: 0x80001218 (0x00210113) addi sp, sp, 2
x2 <- 0xFF76DFF2


mem[X,0x8000121C] -> 0x006F
mem[X,0x8000121E] -> 0x0060
[558] [M]: 0x8000121C (0x0060006F) jal zero, 6


mem[X,0x80001222] -> 0xAA23
mem[X,0x80001224] -> 0x1220
[559] [M]: 0x80001222 (0x1220AA23) sw sp, 308(ra)
mem[0x80004248] <- 0xFF76DFF2


mem[X,0x80001226] -> 0x652D
[560] [M]: 0x80001226 (0x652D) c.lui a0, 11
x10 <- 0x0000B000


mem[X,0x80001228] -> 0x0513
mem[X,0x8000122A] -> 0x5035
[561] [M]: 0x80001228 (0x50350513) addi a0, a0, 1283
x10 <- 0x0000B503


mem[X,0x8000122C] -> 0xA031
[562] [M]: 0x8000122C (0xA031) c.j 6


mem[X,0x80001238] -> 0xCD3D
[563] [M]: 0x80001238 (0xCD3D) c.beqz a0, 63


mem[X,0x8000123A] -> 0x0113
mem[X,0x8000123C] -> 0x0021
[564] [M]: 0x8000123A (0x00210113) addi sp, sp, 2
x2 <- 0xFF76DFF4


mem[X,0x8000123E] -> 0x006F
mem[X,0x80001240] -> 0x07A0
[565] [M]: 0x8000123E (0x07A0006F) jal zero, 122


mem[X,0x800012B8] -> 0xAC23
mem[X,0x800012BA] -> 0x1220
[566] [M]: 0x800012B8 (0x1220AC23) sw sp, 312(ra)
mem[0x8000424C] <- 0xFF76DFF4


mem[X,0x800012BC] -> 0x5537
mem[X,0x800012BE] -> 0x5555
[567] [M]: 0x800012BC (0x55555537) lui a0, 349525
x10 <- 0x55555000


mem[X,0x800012C0] -> 0x0513
mem[X,0x800012C2] -> 0x5565
[568] [M]: 0x800012C0 (0x55650513) addi a0, a0, 1366
x10 <- 0x55555556


mem[X,0x800012C4] -> 0xA031
[569] [M]: 0x800012C4 (0xA031) c.j 6


mem[X,0x800012D0] -> 0xC909
[570] [M]: 0x800012D0 (0xC909) c.beqz a0, 9


mem[X,0x800012D2] -> 0x0113
mem[X,0x800012D4] -> 0x0021
[571] [M]: 0x800012D2 (0x00210113) addi sp, sp, 2
x2 <- 0xFF76DFF6


mem[X,0x800012D6] -> 0x006F
mem[X,0x800012D8] -> 0x00E0
[572] [M]: 0x800012D6 (0x00E0006F) jal zero, 14


mem[X,0x800012E4] -> 0xAE23
mem[X,0x800012E6] -> 0x1220
[573] [M]: 0x800012E4 (0x1220AE23) sw sp, 316(ra)
mem[0x80004250] <- 0xFF76DFF6


mem[X,0x800012E8] -> 0xB537
mem[X,0x800012EA] -> 0xAAAA
[574] [M]: 0x800012E8 (0xAAAAB537) lui a0, 699051
x10 <- 0xAAAAB000


mem[X,0x800012EC] -> 0x0513
mem[X,0x800012EE] -> 0xAAB5
[575] [M]: 0x800012EC (0xAAB50513) addi a0, a0, 2731
x10 <- 0xAAAAAAAB


mem[X,0x800012F0] -> 0xA031
[576] [M]: 0x800012F0 (0xA031) c.j 6


mem[X,0x800012FC] -> 0xC54D
[577] [M]: 0x800012FC (0xC54D) c.beqz a0, 85


mem[X,0x800012FE] -> 0x0113
mem[X,0x80001300] -> 0x0021
[578] [M]: 0x800012FE (0x00210113) addi sp, sp, 2
x2 <- 0xFF76DFF8


mem[X,0x80001302] -> 0x006F
mem[X,0x80001304] -> 0x0A60
[579] [M]: 0x80001302 (0x0A60006F) jal zero, 166


mem[X,0x800013A8] -> 0xA023
mem[X,0x800013AA] -> 0x1420
[580] [M]: 0x800013A8 (0x1420A023) sw sp, 320(ra)
mem[0x80004254] <- 0xFF76DFF8


mem[X,0x800013AC] -> 0x4519
[581] [M]: 0x800013AC (0x4519) c.li a0, 6
x10 <- 0x00000006


mem[X,0x800013AE] -> 0xA801
[582] [M]: 0x800013AE (0xA801) c.j 8


mem[X,0x800013BE] -> 0xD975
[583] [M]: 0x800013BE (0xD975) c.beqz a0, 250


mem[X,0x800013C0] -> 0x0113
mem[X,0x800013C2] -> 0x0021
[584] [M]: 0x800013C0 (0x00210113) addi sp, sp, 2
x2 <- 0xFF76DFFA


mem[X,0x800013C4] -> 0x006F
mem[X,0x800013C6] -> 0x0060
[585] [M]: 0x800013C4 (0x0060006F) jal zero, 6


mem[X,0x800013CA] -> 0xA223
mem[X,0x800013CC] -> 0x1420
[586] [M]: 0x800013CA (0x1420A223) sw sp, 324(ra)
mem[0x80004258] <- 0xFF76DFFA


mem[X,0x800013CE] -> 0x3537
mem[X,0x800013D0] -> 0x3333
[587] [M]: 0x800013CE (0x33333537) lui a0, 209715
x10 <- 0x33333000


mem[X,0x800013D2] -> 0x0513
mem[X,0x800013D4] -> 0x3345
[588] [M]: 0x800013D2 (0x33450513) addi a0, a0, 820
x10 <- 0x33333334


mem[X,0x800013D6] -> 0xA031
[589] [M]: 0x800013D6 (0xA031) c.j 6


mem[X,0x800013E2] -> 0xDD65
[590] [M]: 0x800013E2 (0xDD65) c.beqz a0, 252


mem[X,0x800013E4] -> 0x0113
mem[X,0x800013E6] -> 0x0021
[591] [M]: 0x800013E4 (0x00210113) addi sp, sp, 2
x2 <- 0xFF76DFFC


mem[X,0x800013E8] -> 0x006F
mem[X,0x800013EA] -> 0x0060
[592] [M]: 0x800013E8 (0x0060006F) jal zero, 6


mem[X,0x800013EE] -> 0xA423
mem[X,0x800013F0] -> 0x1420
[593] [M]: 0x800013EE (0x1420A423) sw sp, 328(ra)
mem[0x8000425C] <- 0xFF76DFFC


mem[X,0x800013F2] -> 0x0537
mem[X,0x800013F4] -> 0xFFE0
[594] [M]: 0x800013F2 (0xFFE00537) lui a0, 1048064
x10 <- 0xFFE00000


mem[X,0x800013F6] -> 0x157D
[595] [M]: 0x800013F6 (0x157D) c.addi a0, 63
x10 <- 0xFFDFFFFF


mem[X,0x800013F8] -> 0xA031
[596] [M]: 0x800013F8 (0xA031) c.j 6


mem[X,0x80001404] -> 0xC105
[597] [M]: 0x80001404 (0xC105) c.beqz a0, 16


mem[X,0x80001406] -> 0x0113
mem[X,0x80001408] -> 0x0021
[598] [M]: 0x80001406 (0x00210113) addi sp, sp, 2
x2 <- 0xFF76DFFE


mem[X,0x8000140A] -> 0x006F
mem[X,0x8000140C] -> 0x01C0
[599] [M]: 0x8000140A (0x01C0006F) jal zero, 28


clint::tick mtime <- 0x0000000000000006
 clint timer pending at mtime 0x0000000000000006
htif::tick 0x0000000000000000
mem[X,0x80001426] -> 0xA623
mem[X,0x80001428] -> 0x1420
[600] [M]: 0x80001426 (0x1420A623) sw sp, 332(ra)
mem[0x80004260] <- 0xFF76DFFE


mem[X,0x8000142A] -> 0x7555
[601] [M]: 0x8000142A (0x7555) c.lui a0, 53
x10 <- 0xFFFF5000


mem[X,0x8000142C] -> 0x0513
mem[X,0x8000142E] -> 0xAFD5
[602] [M]: 0x8000142C (0xAFD50513) addi a0, a0, 2813
x10 <- 0xFFFF4AFD


mem[X,0x80001430] -> 0xA031
[603] [M]: 0x80001430 (0xA031) c.j 6


mem[X,0x8000143C] -> 0xC909
[604] [M]: 0x8000143C (0xC909) c.beqz a0, 9


mem[X,0x8000143E] -> 0x0113
mem[X,0x80001440] -> 0x0021
[605] [M]: 0x8000143E (0x00210113) addi sp, sp, 2
x2 <- 0xFF76E000


mem[X,0x80001442] -> 0x006F
mem[X,0x80001444] -> 0x00E0
[606] [M]: 0x80001442 (0x00E0006F) jal zero, 14


mem[X,0x80001450] -> 0xA823
mem[X,0x80001452] -> 0x1420
[607] [M]: 0x80001450 (0x1420A823) sw sp, 336(ra)
mem[0x80004264] <- 0xFF76E000


mem[X,0x80001454] -> 0x006F
mem[X,0x80001456] -> 0x0200
[608] [M]: 0x80001454 (0x0200006F) jal zero, 32


mem[X,0x80001474] -> 0x4085
[609] [M]: 0x80001474 (0x4085) c.li ra, 1
x1 <- 0x00000001


mem[X,0x80001476] -> 0x1F17
mem[X,0x80001478] -> 0x0000
[610] [M]: 0x80001476 (0x00001F17) auipc t5, 1
x30 <- 0x80002476


mem[X,0x8000147A] -> 0x2523
mem[X,0x8000147C] -> 0xB81F
[611] [M]: 0x8000147A (0xB81F2523) sw ra, 2954(t5)
htif[0x80002000] <- 0x00000001


mem[X,0x8000147E] -> 0xBFE5
[612] [M]: 0x8000147E (0xBFE5) c.j 2044


mem[X,0x80001476] -> 0x1F17
mem[X,0x80001478] -> 0x0000
[613] [M]: 0x80001476 (0x00001F17) auipc t5, 1
x30 <- 0x80002476


mem[X,0x8000147A] -> 0x2523
mem[X,0x8000147C] -> 0xB81F
[614] [M]: 0x8000147A (0xB81F2523) sw ra, 2954(t5)
htif[0x80002000] <- 0x00000001


mem[X,0x8000147E] -> 0xBFE5
[615] [M]: 0x8000147E (0xBFE5) c.j 2044


mem[X,0x80001476] -> 0x1F17
mem[X,0x80001478] -> 0x0000
[616] [M]: 0x80001476 (0x00001F17) auipc t5, 1
x30 <- 0x80002476


mem[X,0x8000147A] -> 0x2523
mem[X,0x8000147C] -> 0xB81F
[617] [M]: 0x8000147A (0xB81F2523) sw ra, 2954(t5)
htif[0x80002000] <- 0x00000001
htif-syscall-proxy cmd: 0x000000000001

SUCCESS
